甘肃/ns天水市/ns麦/ng积/v区/n新/a阳镇温/nr家/n集/vg村/n乡村/n医生/n温吉存/nr说/v，/wd政府/n补助/n公共/b卫生/an经费/n，/wd这样/rzv不仅/c能/v使/v农村/n公共/b卫生/an做/v得/ude3更/d好/a，/wd而且/c也/d坚定/v了/ule乡村/n医生/n的/ude1工作/vn信心/n。/wj
与此同时/c，/wd《/wkz意见/n》/wky还/d提出/v，/wd政府/n负责/v其/rz举办/v的/ude1乡镇/n卫生院/n、/wn城市/n社区/n卫生/an服务/vn中心/n(/wkz站/n)/wky按/p国家/n规定/n核定/v的/ude1基本/a建设/vn、/wn设备/n购置/v、/wn人员/n经费/n和/cc其/rz承担/v公共/b卫生/an服务/vn的/ude1业务/n经费/n，/wd使/v其/rz正常/a运行/vn。/wj
上海/ns嘉定区/ns工业区/n社区/n卫生/an中心/n主任/n范锦华/nr表示/v，/wd这/rzv一/m政策/n将/d大大/d鼓舞/v农村/n、/wn社区/n医务/b人员/n的/ude1工作/vn干劲/n。/wj
院长/n可以/v把/pba精力/n集中/ad在/p管理/vn和/cc抓/v业务/n上/f，/wd医务/b人员/n的/ude1责任感/n和/cc从医/v荣誉感/n也/d会/v增强/v，/wd有利于/v为/p老百姓/n提供/v更/d优质/b的/ude1卫生/an服务/vn。/wj
政策/n的/ude1“/wyz天平/n”/wyy适当/ad向/p基层/n医务/b人员/n倾斜/vi由于/p生活/vn条件/n差/a，/wd工资/n待遇/n低/a，/wd退休/v了/ule也/d没/d保障/v，/wd导致/v我国/n乡村/n医生/n队伍/n大量/m流失/vn，/wd一些/mq地方/n甚至/d出现/v了/ule“/wyz空白/n村/n”/wyy。/wj
乡镇/n卫生院/n与/cc城市/n社区/n卫生/an机构/n因为/p条件/n差/a、/wn待遇/n低/a也/d难以/d留住/v人才/n。/wj
《/wkz意见/n》/wky指出/v，/wd对/p长期/d在/p城乡/n基层/n工作/vn的/ude1卫生/an技术/n人员/n在/p职称/n晋升/v、/wn业务/n培训/vn、/wn待遇/n政策/n等/udeng方面/n给予/vx适当/a倾斜/vn。/wj
基层/n医疗/n机构/n医务/b人员/n工资/n与/p当地/s事业/n单位/n工作/vn人员/n平均/a工资/n水平/n相/d衔接/vi。/wj
温吉存/nr说/v，/wd解决/v乡/n医/ng的/ude1待遇/n问题/n就/d消除/v了/ule“/wyz后顾之忧/nl”/wyy，/wd而/cc安排/vn业务/n培训/vn或/c提供/v交流/vn机会/n，/wd将/d帮助/v乡/n医/ng提高/v自身/rr业务/n素质/n和/cc能力/n，/wd让/v乡/n医/ng更/d好/a更/d安心/a地/ude2服务/v于/p农村/n三级/b卫生网/n络/ng的/ude1网/n底/f。/wj
医师/n多/m点/qt执业/v“/wyz浮/v出/vf水面/n”/wyy目前/t我国/n对/p医疗/n人才/n是/vshi封闭式/n的/ude1管理/vn，/wd医师/n为/p医院/n所有/b，/wd不/d能/v到/v另/rz一个/mq医院/n执/v业/ng。/wj
事实上/bl近年来/dl许多/m专家/n都/d有/vyou到/v外地/s执/v业/k的/ude1经历/n。/wj
为/p规范/v医师/n多/m点/qt执业/vn行为/n，/wd《/wkz意见/n》/wky指出/v，/wd要/v稳步/d推动/v医务/b人员/n的/ude1合理/a流动/vn，/wd促进/v不同/a医疗/n机构/n之间/f人才/n的/ude1纵向/n和/cc横向/n交流/vn，/wd研究/v探索/v注册/vn医师/n多/m点/qt执/v业/ng。/wj
北京大学/nt第一/m医院/n大/a外科/n主任/n张仁尧/nr说/v，/wd医师/n的/ude1多/m点/qt执业/v可以/v让/v基层/n患者/n就近/d得到/v高/a质量/n的/ude1诊疗/vn，/wd缓解/v老百姓/n“/wyz看病/vi难/a”/wyy之/uzhi苦/an；/wf医师/n不仅/c自身/rr价值/n得到/v社会/n认可/vi，/wd同时/c还有/v一定/b的/ude1经济/n收入/n。/wj
但/c他/rr指出/v，/wd这/rzv一/m政策/n的/ude1实施/vn要/v“/wyz有/vyou组织/n、/wn有/vyou计划/n、/wn有/vyou层次/n、/wn有/vyou步骤/n”/wyy地/ude2进行/vx，/wd不/d能/v无序/b。/wj
毕竟/d能/v走/v出去/vf的/ude1专家/n是/vshi少数/m，/wd要/v避免/v造成/v医院/n内部/f的/ude1两极/n分化/vi，/wd影响/v内部/f稳定/an。/wj
另外/c，/wd张仁尧/nr特别/d指出/v，/wd目前/t出去/vf执业/n主要/d是/vshi做/v手术/vi，/wd如果/c所/usuo去/vf的/ude1医院/n水平/n不/d够/v，/wd术/ng前/f术/ng后/f配合/v不/d到位/vi，/wd将/d难以/d保证/v医疗/n安全/an和/cc质量/n。/wj
“/wyz探索/v多/m点/qt执业/vn一定/d要/v有/vyou试点/vn。/wj
”/wyy王明晓/nr也/d表示/v，/wd灵活/a的/ude1执业/vn方式/n会/v调动/v医师/n个人/n积极性/n，/wd但/c对/p医院/n的/ude1发展/vn可能/n不利/a。/wj
开展/v医务/b社会/n工作/vn为/v医/ng患/v关系/n注入/v“/wyz润滑剂/n”/wyy戴/v着/uzhe钢盔/n上班/vi、/wn在/p患者/n的/ude1摄像机/n下/f看病/vi…/ws
…/ws
近年来/dl，/wd我国/n的/ude1医/ng患/v矛盾/an突出/a，/wd严重/ad影响/v了/ule医务/b人员/n的/ude1执业/vn环境/n和/cc工作/vn积极性/n。/wj
《/wkz意见/n》/wky明确/v，/wd要/v优化/v医务/b人员/n执业/vn环境/n和/cc条件/n，/wd保护/v医务/b人员/n的/ude1合法/a权益/n。/wj
完善/v医疗/n执业/vn保险/n，/wd开展/v医务/b社会/n工作/vn，/wd完善/v医疗/n纠纷/n处理/vn机制/n，/wd增进/v医/ng患/v沟通/v。/wj
“/wyz将/p医务/b社会/n工作/vn纳入/v医药/n卫生/an体制/n发展/vn的/ude1大/a框架/n，/wd这/rzv是/vshi社会/n进步/vn的/ude1表现/vn。/wj
”/wyy北京/ns朝阳/ns医院/n社会/n工作/vn办公室/n副/b主任/n冯俊平/nr说/v，/wd医务/b社会/n工作/vn可以/v在/p医/ng患/v间/f架/v起/vf桥梁/n，/wd使/v双方/n更/d多/a理解/vn，/wd能/v为/p医务/b人员/n营造/v好/a的/ude1执业/vn环境/n。/wj
北京大学/nt医学/n部/q公共/b卫生/an学院/n副教授/n刘继同/nr说/v，/wd现代/t医疗/n已经/d不仅仅/d是/vshi临床/vd治疗/v，/wd还/d涉及/v到/v很多/m社会/n环境/n因素/n。/wj
医务/b社/n工/ag人员/n可以/v充当/v医/ng患/v间/f的/ude1“/wyz润滑剂/n”/wyy，/wd帮助/v医师/n摆脱/v很/d多/a不/d应/v由/p医师/n承担/v、/wn也/d做/v不好/a的/ude1事/n。/wj
28./m今年/t十月/t一日/t是/vshi中华人民共和国/ns成立/vi六十/m周年/q纪念日/n，/wd首都/n北京/ns将/d举行/v隆重/ad热烈/a的/ude1庆祝/vn活动/vn。/wj
二十四日/t，/wd首都/n国庆/t六十/m周年/q北京市/ns筹备/vn委员会/n新闻/n发言人/n介绍/v了/ule庆祝/vn活动/vn的/ude1安排/vn和/cc筹备/vn情况/n。/wj
国庆/t六十/m周年/q庆祝/vn活动/vn的/ude1具体/a安排/vn是/vshi：/wp九月/t三十日/t晚/tg，/wd国务院/nt将/d在/p人民大会堂/ns举行/v盛大/b国庆/t招待会/n。/wj
十月/t一日/t上午/t，/wd将/d在/p北京/ns天安门/ns广场/n举行/v首都/n各界/rz庆祝/v中华人民共和国/ns成立/vi六十/m周年/q大会/n，/wd中共中央/nt总书记/n、/wn国家/n主席/n、/wn中央军委/nt主席/n胡锦涛/nr发表/v重要/a讲话/n，/wd之后/f举行/v盛大/b的/ude1阅兵式/n和/cc群众/n游行/vn。/wj
阅兵/vn将/d重点/d展示/v新/a中国/ns成立/vi六十/m年/qt来/f特别/d是/vshi改革/v开放/v三十/m年/qt来/f国防/n和/cc军队/n建设/vn的/ude1成果/n。/wj
群众/n游行/vi以/p“/wyz我/rr与/p祖国/n共/d奋进/vi”/wyy为/p主题/n，/wd共/d设/v“/wyz奋斗/vi创业/vi”/wyy“/wyz改革/v开放/v”/wyy“/wyz世纪/n跨越/v”/wyy“/wyz科学/n发展/vn”/wyy“/wyz辉煌/a成就/n”/wyy“/wyz锦绣/n中华/nz”/wyy和/cc“/wyz美好/a未来/t”/wyy等/udeng七/m个/q部分/n，/wd由/p近/a二十万/m群众/n和/cc六十/m辆/q彩车/n组成/v。/wj
十月/t一日/t晚/tg，/wd在/p北京/ns天安门/ns广场/n举行/v以/p“/wyz礼赞/n祖国/n、/wn讴歌/v时代/n、/wn振奋/v民心/n”/wyy为/p主题/n的/ude1联欢/vn晚会/n，/wd在/p天安门/ns广场/n和/cc其他/rzv指定/v区域/n燃放/v烟火/n，/wd届时/d，/wd党/n和/cc国家/n领导人/n同/p首都/n各界/rz代表/n一起/s登/v天安门/ns城楼/n，/wd同/p首都/n各界/rz群众/n一起/s载歌载舞/vl，/wd观看/v精彩/a的/ude1文艺/n演出/vn和/cc绚丽/a的/ude1大型/b焰火/n表演/vn。/wj
十月/t一日/t至/p三日/t，/wd在/p北京/ns各/rz区/n县/n主要/b公园/n和/cc公共/b绿地/n，/wd将/d举行/v国庆/t游园/vn活动/vn。/wj
九月/t中下旬/t，/wd将/d在/p北京/ns展览馆/n举办/v“/wyz辉煌/a六十/m年/qt——/wp中华人民共和国/ns成立/vi六十/m周年/q成就/n展/ng”/wyy。/wj
九月/t下旬/t，/wd将/d在/p人民大会堂/ns演出/v集/vg舞蹈/n、/wn声乐/n、/wn器乐/n、/wn话剧/n、/wn朗诵/v、/wn戏曲/n、/wn多媒体/n等/udeng多种/m艺术/n形式/n于/p一体/n的/ude1大型/b音乐/n舞蹈/n史诗/n《/wkz复兴/vn之/uzhi路/n》/wky，/wd展现/v中华民族/n争取/v国家/n独立/an、/wn民族/n解放/vn的/ude1历史/n，/wd记录/v探索/v救国/vn真理/n和/cc强国/n之/uzhi路/n的/ude1历程/n，/wd展示/v当代/t中国/ns改革/vn开放/vn和/cc现代化/vn建设/vn的/ude1辉煌/a成就/n和/cc美好/a前景/n。/wj
发言人/n介绍/v说/v，/wd国庆/t六十/m周年/q的/ude1庆祝/vn活动/vn，/wd既/c要/v营造/v热烈/ad喜庆/vi、/wn欢乐/a祥和/a的/ude1节日/n气氛/n，/wd又/d力求/v务实/vi节俭/a。/wj
筹备/vn委员会/n主要/d负责/v制定/v和/cc组织/n实施/v各项/r庆祝/vn活动/vn方案/n，/wd确保/v庆祝/vn活动/vn圆满/a成功/an。/wj
