”/wyy据/p报道/v，/wd铱星/n重/a1235/m磅/q（/wkz约/d560/m公斤/q）/wky，/wd俄罗斯/nsf卫星/n重/d达/v一/m吨/q，/wd因此/c预计/v这/rzv次/qv相撞/vi将/d产生/v大量/m太空/s垃圾/n，/wd但/c目前/t还/d不/d清楚/a详情/n。/wj
NASA/x称/v，/wd还/d需要/v几/m周/nr1时间/n来/vf判断/v此次/rz事故/n的/ude1程度/n。/wj
NASA/x表示/v，/wd由于/c国际/n空间站/n的/ude1轨道/n在/p相撞/vi事故/n地点/n下方/f270/m英里/q（/wkz434/m公里/q）/wky，/wd因此/c这/rzv次/qv事故/n对/p空间站/n以及/cc其中/rz3/m名/q宇航员/n的/ude1威胁/vn较/d低/a。/wj
对/p将/d于/p2月/t22日/t发射/v的/ude1“/wyz发现号/nz”/wyy航天飞机/n也/d应该/v不/d会/v造成/v威胁/vn，/wd但/c美国/nsf会/v对/p发射/vn时间/n进行/vx重新/d评估/v。/wj
33./m国产化/v动/v车组/n首/m次/qv投入/vn使用/vn，/wd干线/n列车/n间隔/n仅/d5/m分钟/qt这/rzv次/qv提/v速/ag最/d大/a的/ude1亮点/n是/vshi时速/n200/m公里/q及/cc以上/f动/v车组/n投入/vn使用/vn，/wd将/p首/m次/qv在/p我国/n铁路/n既有线/n上/f开行/v时速/n200/m公里/q的/ude1具有/v世界/n先进/a水平/n的/ude1国产化/vn动/v车组/n，/wd其/rz速度/n目标值/n、/wn技术/n含量/n、/wn提/v速/ag规模/n和/cc范围/n都/d将/d超过/v前/f五/m次/qv。/wj
到/p年底/t，/wd全国/n铁路/n将/d有/vyou480/m列/q时速/n200/m公里/q及/cc以上/f的/ude1国产/b动/v车组/n上/f线/n运行/vi，/wd覆盖/v全国/n17/m个/q省/n、/wn直辖市/n。/wj
铁路/n部门/n以/p开行/v时速/n200/m公里/q动/v车组/n为/p龙头/n，/wd统筹/v速度/n、/wn密度/n、/wn重量/n三/m大/a要素/n，/wd在/p提高/v列车/n运行/vn速度/n的/ude1同时/n，/wd努力/ad压缩/v列车/n追踪/vn间隔/n时分/n，/wd提/v速/ag干线/n动/v车组/n列车/n追踪/vd间隔/v5/m分钟/qt，/wd其他/rzv干线/n客车/n6/m分钟/qt、/wn货车/n7/m分钟/qt，/wd进一步/d增加/v了/ule干线/n行车/vn密度/n。/wj
城市/n群/ng内/f增/v开/v城际/b快速/b客车/n，/wd适应/v高/a密度/n客流/n需求/n铁道部/nt胡亚东/nr副/b部长/n介绍/v说/v，/wd为/p适应/v大/a城市/n群/ng内/f高/a密度/n客流/n的/ude1需求/n，/wd在/p以/p北京/ns、/wn天津/ns为/p中心/n的/ude1环/n渤海/ns，/wd以/p上海/ns为/p中心/n的/ude1长三角/nz，/wd以/p广州/ns、/wn深圳/ns为/p中心/n的/ude1珠/b三角/n三/m大/a城市/n群/ng以及/cc以/p郑州/ns、/wn武汉/ns为/p中心/n的/ude1中原/ns城市/n群/ng，/wd以/p沈阳/ns、/wn长春/ns和/cc哈尔滨/ns为/p中心/n的/ude1东北/s城市/n群/ng，/wd以/p西安/ns为/p中心/n的/ude1西北/s城市/n群/ng，/wd铁道部/nt将/p大量/m组织/n开行/v高/a密度/n的/ude1城际/b快速/b客车/n。/wj
并且/c，/wd城际/b快速/b客车/n也/d将/p首/m次/qv采用/v具有/v世界/n先进/a水平/n的/ude1国产化/vn动/v车组/n。/wj
新/a运行图/n实施/v以后/f，/wd城际/b快速/b客车/n计划/n安排/v416/m列/q，/wd其中/rz环/n渤海/ns地区/n安排/v动/v车组/n列车/n62/m列/q，/wd长三角/nz108/m列/q，/wd珠/ng三/m角/q224/m列/q，/wd中原/ns城市/n群/ng8/m列/q，/wd西北/s城市/n群/ng8/m列/q，/wd东北/s城市/n群/ng6/m列/q。/wj
服务/vn设施/n更加/d人性化/v，/wd沿线/f全封闭/b安全/an有/vyou保障/vn车站/n服务/vn设施/n的/ude1建设/vn和/cc改善/v更加/d体现/v以/p人/n为/p本/rz的/ude1要求/n。/wj
铁路/n部门/n对/p60/m个/q较/d大/a客/ng站/vi实施/v了/ule高/a站台/n改造/vn，/wd方便/v旅客/n乘/v降/v。/wj
在/p深圳/ns站/vi、/wn上海/ns南站/ns的/ude1建设/vn中/f与/p城市/n规划/n和/cc公共/b交通/n紧密/ad衔接/vi，/wd把/pba地铁/n、/wn轻轨/n、/wn公交/b、/wn出租车/n引入/v车站/n，/wd实现/v“/wyz零/m换乘/v”/wyy，/wd方便/v人们/n出行/vi。/wj
这/rzv次/qv提/v速/ag十分/d重视/v影响/vn人民/n群众/n生命/n财产/n安全/an的/ude1道口/n问题/n，/wd在/p铁路/n建设/vn发展/vn资金/n十分/d紧张/a的/ude1情况/n下/f，/wd仍然/d拿/v出/vf相当/vi的/ude1资金/n用于/v平/v交道口/ns立交/b改造/vn和/cc沿线/f防护/vn栅栏/n等/udeng设施/n建设/vn。/wj
目前/t，/wd时速/n160/m公里/q及/cc以上/f的/ude1提速/vn线路/n基本/ad实现/v了/ule道口/n立交/b化/v、/wn沿线/f全封闭/b。/wj
34./m罚款/vi200/m元/q扣/v6分/t昨天/t上午/t6点/t35分/t，/wd正在/d巡逻/vi的/ude1李/nr1警官/n发现/v在/pG15/x沈/b海/n高速/b杭州湾/ns跨/v海/n大桥/n往/p宁波/ns方向/n的/ude1应急/vn车道/n上/f，/wd停/vi着/uzhe一/m辆/q白色/n的/ude1依/v维/nr1柯/n客车/n，/wd没有/d打开/v双/m跳/q灯/n，/wd后方/s也/d未/d放置/v安全/an警示/vn标志/n。/wj
更/d惊险/a的/ude1是/vshi，/wd远远/d看/v去/vf，/wd第三/m车道/n上/f还/d聚集/v着/uzhe一/m群/q人/n，/wd后方/s疾驰/vi而/cc来/vf的/ude1大/a货车/n纷纷/d变/v道/qv避让/v，/wd其中/rz一/m辆/q半/m挂车/n在/p距/p他们/rr二十/m多/m米/q处/n才/d紧急/ad变/v道/qv避开/v。/wj
这/rzv场景/n着实/d让/v李/nr1警官/n吓/v出/vf一/m身/q冷汗/n，/wd他/rr的/ude1第一/m反应/vn是/vshi车辆/n可能/v出/vf了/ule事故/n或/c抛锚/vi了/y，/wd车上/s人员/n正/d拦/v车/n求救/vn。/wj
可/v当/p警车/n拉/v响/a警报/n靠近/v该车/r时/ng，/wd李/nr1警官/n才/d发现/v，/wd这/rzv群/q人/n原来/d在/p第三/m车道/n内/f摆/v着/uzhe各种/rz姿势/n拍/v全家福/n呢/y。/wj
看到/v警车/n靠近/v，/wd这/rzv群/q人/n才/d匆匆忙忙/z返回/v车/n上去/vf。/wj
李/nr1警官/n上前/vi检查/v时/ng，/wd车上/s的/ude1乘客/n还是/c有说有笑/vl。/wj
车上/s的/ude1司机/n是/vshi60/m多/m岁/qt的/ude1老/a汤/n，/wd他/rr告诉/v交警/n，/wd车上/s坐/v的/ude1都/d是/vshi自己/rr兄弟/n姐妹/n，/wd一大早/t就/d是/vshi从/p上海/ns出发/vi来/vf宁波/ns这边/rzs旅游/vi。/wj
车子/n开/v上/f跨/v海/n大桥/n时/ng，/wd大家/rr一边/d欣赏/v着/uzhe海景/n，/wd一边/d惊叹/v大桥/n的/ude1宏伟/a，/wd也/d不知/v是/vshi谁/ry提议/v停车/vi拍/v张/nr1全家福/n留/v纪念/vn。/wj
考虑/v难得/ad聚/v在/p一起/s，/wd也/d鲜有/v合影/vi，/wd大家/rr纷纷/d赞同/v。/wj
于是/cc，/wd开/v到/v跨/v海/n大桥/n气势/n雄伟/a的/ude1航道/n桥/n斜/ad拉/v塔/b处/n时/ng，/wd老汤/n停下/v了/ule车/n，/wd把/pba人/n都/d召集/v到/v行车道/n上/f，/wd站/vi成/v前后/f两/m排/q，/wd给/p大家/rr拍照/vi。/wj
“/wyz真/d是/vshi想/v发火/vi，/wd可/c又/d发/v不/d出来/vf。/wj
”/wyy李/nr1警官/n说/v，/wd老汤/n他们/rr在/p车流/n密集/a的/ude1行车道/n内/f拍照/vi留念/vi，/wd如此/rzv危险/a的/ude1情况/n还/d是/vshi第一/m次/qv遇到/v。/wj
李/nr1警官/n表示/v，/wd在/p杭州湾/ns跨/v海/n大桥/n开通/v初期/f，/wd确实/ad有/vyou很多/m车辆/n在/p大/a桥/n停车/vi拍照/vi，/wd现在/t已经/d很/d少/ad碰到/v这种/r情况/n恶劣/a。/wj
李/nr1警官/n向/p车上/s人员/n指出/v了/ule这/rzv一/m行为/n的/ude1危险性/n，/wd并/cc依法/d对/p老汤/n罚款/vi200/m元/q、/wn记/v6分/t。/wj
35./m《/wkz中华人民共和国/ns劳动法/n》/wky颁布/v实施/v以来/f，/wd全国/n大部分/m省/n、/wn市/n、/wn自治区/n都/d制定/v了/ule有关/vn劳动/vn合同/n的/ude1地方/n性/ng法规/n和/cc政府/n规章/n，/wd对于/p规范/v劳动者/n与/cc用人/vn单位/n签订/v并/cc履行/v劳动/vn合同/n，/wd进而/c促进/v劳动/vn关系/n的/ude1和谐/a稳定/an，/wd起到/v了/ule积极/a的/ude1作用/n，/wd本文/r对/p劳动/vn合同/n法规/n进行/vx了/ule详尽/a的/ude1解答/vn：/wp《/wkz劳动/vn合同/n(/wkzlaodonghetong/x)/wky法/n》/wky2008年/t1月/t1日/t要/v实施/v，/wd个别/a企业/n近期/t突击/vd搞/v“/wyz裁员/vi”/wyy，/wd甚至/d要求/v员工/n“/wyz自愿/v”/wyy辞职/vi重新/d签订/v劳动/vn合同/n(/wkzlaodonghetong/x)/wky。/wj
市/n总工会/n负责人/n12月/t11日/t明确/v，/wd经济性/n裁员/vi要/v走/v法定/b程序/n，/wd提前/v30/m天/qt向/p工会/n或/c全体/n职工/n说明/v情况/n，/wd裁员/vi方案/n还要/d征求/v工会/n或/c全体/n职工/n意见/n并/cc修改/vn，/wd报/n劳动/vn保障/vn部门/n同意/v后/f才/d可/v施行/v。/wj
另外/c，/wd处在/v患病/vi医疗/n期/qv的/ude1职工/n、/wn孕/ng产/v哺乳期/n内/f的/ude1女工/n等/udeng七/m种/q人/n不/d能/v裁减/v。/wj
