胡/nr1姓/n业内人士/n表示/v，/wd由于/c国际/n大/a环境/n与/p国内/s经济/n形势/n的/ude1大势所趋/nl，/wd煤炭/n低迷/a的/ude1情形/n预计/v将/d维持/v两三/m年/qt左右/m。/wj
时间/n：/wp2012-08-20/m>/w今天/t上午/t，/wd一/m名/q26/m岁/qt男子/n因/c涉嫌/v传播/v淫秽/a物品/n罪/n在/p朝阳/ns法院/n受审/vi。/wj
他/rr就/d是/vshi不久前/t全国/n30/m多/m地/n公安/n机关/n联手/vd摧毁/v的/ude1“/wyzMM/x公寓/n”/wyy特大/b淫秽/a色情/n网站/n的/ude1众多/m会员/n之一/rz。/wj
据悉/v，/wd该/rz网站/n注册/vn人数/n超过/v了/ule一百万/m，/wd行动/vn期间/f抓获/v犯罪/vn嫌疑人/n2148/m人/n。/wj
是/vshi近年来/dl破获/v的/ude1涉案/vn人数/n最/d多/a的/ude1网络/n色情/n犯罪/vn案件/n。/wj
上/f传/v色情/n文件/n就/d为了/p积分/n犯罪/vn嫌疑人/n斯文/a秀气/a今天/t上午/t，/wd一/m名/q26/m岁/qt男子/n因/c涉嫌/v传播/v淫秽/a物品/n罪/n在/p朝阳/ns法院/n受审/vi。/wj
他/rr就/d是/vshi不久前/t全国/n30/m多/m地/n公安/n机关/n联手/vd摧毁/v的/ude1“/wyzMM/x公寓/n”/wyy特大/b淫秽/a色情/n网站/n的/ude1众多/m会员/n之一/rz。/wj
据悉/v，/wd该/rz网站/n注册/vn人数/n超过/v了/ule一百万/m，/wd行动/vn期间/f抓获/v犯罪/vn嫌疑人/n2148/m人/n。/wj
他/rr是/vshi北京/ns第一/m位/q因/p此/rzs案/ng受/v审判/vn的/ude1网站/n会员/n。/wj
上午/t9点/t多/a，/wd长相/n秀气/a、/wn文静/a，/wd戴/v着/uzhe一/m副/q小/a眼镜/n的/ude1王某/nr(/wkz化名/n)/wky站/vi到/v了/ule法庭/n上/f。/wj
王/n某/rz今年/t26/m岁/qt，/wd大学/n文化/n，/wd做/v物流/n工作/vn。/wj
他/rr是/vshi警方/n在/p这次/r行动/vn中/f抓获/v的/ude1“/wyzMM/x公寓/n”/wyy网站/n的/ude1会员/n之一/rz。/wj
检/ng方/d指控/v，/wd2010年/t至/p今/tg，/wd王某/nr在/p朝阳区/ns东三环/ns其/rz居住地/n内/f利用/v互联网/nMM/x公寓/n网站/n，/wd为/v挣/vi取/v积分/n在/p该/rz网站/n传播/v淫秽/a视频/n文件/n，/wd点/qt击/vg率/v达/v2./m1万/m余/m次/qv。/wj
据/p王某/nr讲/v，/wd两三/m年/qt前/f，/wd他/rr在/p上网/v时/ng偶然/ad搜索/v到/v“/wyzMM/x公寓/n”/wyy网站/n。/wj
由于/p“/wyz闲/v得/ude3无聊/a”/wyy，/wd王/n某/rz注册/vi成为/v了/ule该/rz网站/n的/ude1会员/n，/wd之后/f上/f传/v过/uguo两三/m个/q视频/n文件/n。/wj
王某/nr说/v，/wd上/f传/v淫秽/a视频/n并/cc不/d能/v给/p他/rr带来/v经济/n利益/n，/wd但是/c却/d能够/v获得/v奖励/vn积分/n，/wd提高/v他/rr在/p这个/rz网站/n的/ude1浏览/vn权限/n。/wj
他/rr上/f传/v的/ude1视频/n都/d是/vshi他/rr以/p前/f从/p这个/rz网站/n下载/v的/ude1，/wd为了/p获取/v积分/n，/wd他/rr又/d将/p这些/rz视频/n再次/d上/vf传/v到/v了/ule该/rz网站/n的/ude1“/wyz新手/n试/v帖/ng”/wyy板块/n。/wj
对于/p自己/rr行为/n的/ude1性质/n王/nr1某/rz浑然/d未/d觉/v。/wj
今年/t5月/t的/ude1一/m天/qt，/wd警方/n突然/ad来/vf到/v王某/nr家/n中/f，/wd王某/nr这/rzv才/d知道/v自己/rr的/ude1行为/n已经/d触犯/v了/ule法律/n。/wj
直到/v今天/t，/wd王某/nr还/d不/d曾/d了解/v自己/rr注册/vi会员/n的/ude1这个/rz名/ng叫/vi“/wyzMM/x公寓/n”/wyy的/ude1网站/n，/wd其实/d是/vshi一个/mq已经/d轰动/v全国/n的/ude1特大/b淫秽/a色情/n网站/n。/wj
上/f高三/n的/ude1儿子/n无心/vd学习/v受害者/n母亲/n控诉/v今年/t年初/t，/wd家/n住/vi北京/ns朝阳区/ns的/ude1一个/mq母亲/n向/p警方/n求助/vn。/wj
她/rr的/ude1儿子/n今年/t上/f高三/n，/wd但是/c最近/t成绩/n直线/d下降/vi。/wj
经过/p询问/v才/d知道/v，/wd她/rr的/ude1儿子/n最近/t经常/d上/vf一个/mq色情/n网站/n，/wd看/v淫秽/a图片/n和/cc文字/n，/wd导致/v睡眠/vi不好/a，/wd无心/vd学习/v。/wj
这个/rz网站/n就/d是/vshi名叫/v“/wyzMM/x公寓/n”/wyy的/ude1淫秽/a色情/n论坛/n。/wj
其实/d，/wd公安/n机关/n已经/d盯/v上/vf了/ule这个/rz黄色/n网站/n。/wj
经过/p几/m个/q月/n的/ude1调查/vn，/wd专案组/n发现/v，/wd“/wyzMM/x公寓/n”/wyy的/ude1影响/vn非常/d恶劣/a。/wj
“/wyzMM/x公寓/n”/wyy是/vshi建/v于/p2009年/t1月/t的/ude1一个/mq淫秽/a色情/n论坛/n，/wd服务器/n设/v在/p美国/nsf，/wd受众/n主要/d面向/v国内/s。/wj
除了/p版/n主/ag，/wd其他/rzv人员/n均/d在/p境内/s。/wj
为了/p逃避/v打击/v，/wd该/rz网站/n申请/v了/ule多/m个/q域名/n不断/d更换/v。/wj
“/wyzMM/x公寓/n”/wyy下设/v11/m个/q总/b板块/n，/wd78/m个子/n板块/n，/wd如/v教育/vn专区/n、/wn新人/n学习/v、/wn网站/n活动/vn等/udeng。/wj
主题/n帖/ng达到/v了/ule40/m余/m万/m个/q，/wd帖/ng子/ng数/v达/v800/m余/m万/m条/q，/wd除/p少数/m是/vshi休闲/vn板块/n外/f，/wd90%/m的/ude1发/v帖/ng均/d涉及/v淫秽/a色情/n内容/n，/wd以/p图片/n、/wn文字/n和/cc视频/n为主/vi。/wj
由于/p一些/mq视频/n是/vshi种子/n文件/n，/wd图片/n是/vshi外挂/v链/ng接/v，/wd很/d难/ad统计/v到底/d有/vyou多少/ry内容/n。/wj
仅/d北京/ns警方/n下载/v的/ude1图片/n就/d达/v1/m个/qT/x的/ude1容量/n。/wj
企事业/n员工/n和/cc公务员/n占/v了/ule近/a一半/m北京/ns77/m人/n被/pbei抓/v今年/t5月/t26日/t晚/tg8点/t在/p公安部/nt网/n安/nr1局/n的/ude1统一/vn指挥/vn下/f，/wd北京/ns、/wn广州/ns、/wn湖南/ns、/wn山东/ns、/wn浙江/ns等/udeng全国/n三十/m多/m个/q省/n、/wn市/n区/n联手/vd开展/v了/ule抓捕/v行动/vn。/wj
行动/vn期间/f，/wd全国/n一/m共/d抓获/v犯罪/vn嫌疑人/n2148/m人/n，/wd其中/rz达到/v刑事/b处罚/vn标准/n的/ude1530/m人/n，/wd达到/v治安/n处罚/vn标准/n的/ude1910/m人/n，/wd教育/v训诫/v656/m人/n，/wd免/v予/vg处罚/vn的/ude152/m人/n。/wj
让/v办案/vn人员/n触目惊心/vl的/ude1是/vshi，/wd青少年/n在/p这次/r抓捕/v的/ude1嫌疑人/n中/f占/v了/ule相当/vi一部分/m比例/n。/wj
据悉/v，/wd北京/ns警方/n共/d抓获/v了/ule77/m个/q人/n，/wd全部/m为/p男性/n。/wj
其中/rz，/wd企事业/n单位/n的/ude1员工/n、/wn政府部门/n的/ude1公务员/n为/p34/m个/q，/wd无业/b人员/n为/p20/m个/q，/wd学生/n13/m个/q。/wj
此外/c，/wd还有/v一些/mq14/m岁/qt以下/f无法/v处理/v的/ude1未成年人/n。/wj
据/p办案/vn民警/n介绍/v，/wd之所以/c青少年/n大量/m卷入/v这/rzv起/q案件/n，/wd这/rzv与/p淫秽/a色情/n论坛/n的/ude1运行/vn机制/n有关/vn。/wj
要/v想/v在/p这个/rz色情/n论坛/n看到/v更/d多/a内容/n有/vyou两/m种/q途径/n，/wd一/m种/q是/vshi直接/ad交/v钱/n，/wd提升/v权限/n；/wf另/rz一/m种/q就/d是/vshi增加/v在/p线/n时间/n或是/c给/p论坛/n作出/v贡献/n，/wd就是/v给/p论坛/n上/f传/v新/a的/ude1淫秽/a色情/n图片/n、/wn小说/n以及/cc一些/mq从/p其它/rz渠道/n收集/v的/ude1淫秽/a色情/n视频/n。/wj
没有/v钱/n的/ude1学生/n一般/uyy都/d会/v选择/v后者/rzv。/wj
因此/c，/wd很多/m青少年/n就/d是/vshi在/p上/f传/v淫秽/a内容/n的/ude1过程/n中/f既/c成为/v了/ule网络/n黄毒/n的/ude1受害者/n，/wd也/d成为/v了/ule网络/n黄毒/n的/ude1传播/vn者/k。/wj
当/p办案/vn民警/n突然/ad出现/v在/p他们/rr面前/f的/ude1时候/n，/wd很多/m青少年/n还/d不/d知道/v自己/rr触犯/v了/ule法律/n。/wj
时间/n：/wp2012-08-20/m>/w南非/nsf非洲/nsf人/n国民/n大会/n前/f青年/n联盟/n领导人/n尤/d利/vg乌/b斯/b·/w马/n莱马/nsf18日/t访问/v前/f两/m天/qt警方/n与/cc示威者/n发生/v枪战/n的/ude1隆/ag明/ag铂/n矿/n，/wd把/pba批评/vn矛头/n对准/v执政党/n领袖/n、/wn总统/n雅各布·祖马/nrf。/wj
一些/mq分析/v师/ng说/v，/wd流血/vi冲突/vi显示/v普通/a矿工/n等/udeng底层/n民众/n不满/an贫富/n差距/n拉/v大/a，/wd冲击/v非国大/nt、/wn传统/n工会/n组织/n和/cc矿/n商/vg组成/v的/ude1权力/n“/wyz铁三角/n”/wyy，/wd影响/v祖马/nrf的/ude1党内/s选情/n。/wj
南非/nsf总统/n祖马/nrf19日/t下午/t宣布/v，/wd从/p20日/t起/f对/p在/p全国/n暴力/n事件/n中/f死亡/vi的/ude1南非/nsf人/n、/wn尤其/d是/vshi西北/s省/n铂/n矿/n遇难/vi者/k进行/vx为期/vi一/m周/qt的/ude1全国/n哀悼/vn。/wj
传统/n工会/n成/v“/wyz拉/v票/n机器/n”/wyy作为/v祖马/nrf的/ude1政治/n对手/n，/wd马/n莱马/nsf18日/t下午/t访问/v西北/s省/n马里/nrf卡/v纳/b铂/n矿/n，/wd受到/v示威/vn矿工/n和/cc死/v伤者/n家属/n欢迎/vn。/wj
