青岛市/ns教育局/n基础教育/nl处/n负责人/n指出/v，/wd从/p长远/a来/vf看/v，/wd随着/p高考/vn模式/n的/ude1改革/vn，/wd以及/cc升学/vn方式/n的/ude1多样化/vn，/wd无论是/c公办/b还是/v民/ng办/v，/wd复读/v淡出/v教育/vn市场/n将/d是/vshi大势所趋/nl。/wj
青岛市/ns教育局/n基础教育/nl处/n负责人/n：/wp我们/rr现在/t不/d是/vshi培养/v会/v考试/vi的/ude1学生/n，/wd我们/rr是/vshi要/v培养/v有/vyou创新/vn能力/n，/wd综合/vn素质/n全面/ad发展/v的/ude1优秀/a社会/n劳动者/n，/wd这/rzv是/vshi我们/rr的/ude1目的/n，/wd高考/vi不/d是/vshi唯一/b的/ude1出路/n，/wd越/d淡/a越/d好/a。/wj
复读/v学生/n的/ude1总量/n是/vshi下降/vi的/ude1，/wd大家/rr更/d实际/a，/wd也/d能够/v从/p自身/rr的/ude1不同/a的/ude1发展/vn需求/n出发/vi，/wd来/vf选择/v不同/a的/ude1道路/n。/wj
时间/n：/wp2012-08-20/m>/w2012年/t7月/t18日/t，/wd在/p大马士革/nsf爆炸/v中/f遇难/vi的/ude1叙利亚/nsf国防部长/n拉吉哈/nrf（/wkz中/b）/wky、/wn国防部/nt副/b部长/n阿塞夫/nrf（/wkz右/f）/wky及/cc前/f国防部长/n哈桑·图科曼尼/nrf（/wkz左/f）/wky。/wj
中新网/nt8月/t20日/t电/n据/p外/f媒/ng报道/v，/wd英国/ns政府/n利用/v塞浦路斯/nsf的/ude1军事基地/nl，/wd向/p叙利亚/nsf反对派/n提供/v情报/n，/wd协助/v其/rz抵抗/vn政府军/n。/wj
据/p消息/n人士/n称/v，/wd叙利亚/nsf总统/n阿萨/nrf德/b政府军/n转移/v的/ude1情报/n就/d来自/v塞浦路斯/nsf的/ude1英国/ns军事基地/nl，/wd而/cc这些/rz情报/n通过/p土耳其/nsf情报局/n传递/v给/p叙利亚/nsf自由/a军/n。/wj
叙利亚/nsf自由/a军/n的/ude1一/m名/q发言人/n接受/v采访/v时/ng称/v，/wd英国/ns政府/n对/p传递/v情报/n很/d清楚/a，/wd并且/c也/d同意/v向/p叙利亚/nsf反对派/n提供/v情报/n。/wj
该/rz消息/n人士/n还/d称/v，/wd“/wyz英国/ns情报局/n从/p塞浦路斯/nsf的/ude1侦查/vn行动/vn中/f获取/v情报/n，/wd之后/f将/p信息/n传递/v给/p土耳其人/nz和/cc美国/nsf人/n，/wd而/cc我们/rr从/p土耳其人/nz那里/rzs获得/v这些/rz信息/n”/wyy。/wj
据称/v，/wd叙利亚/nsf自由/a军/n与/p英国/ns情报局/n最/d成功/a的/ude1一/m次/qv合作/vn是/vshi关于/p阿萨德/nrf的/ude1政府军/n向/p叙/b第二/m大城市/n阿勒/nrf颇/d地区/n转移/v的/ude1情报/n,/wd这/rzv次/qv合作/vn使/v叙利亚/nsf起义/vn者/k们/k没有/d彻底/ad丢失/v对/p这个/rz城市/n的/ude1控制权/n。/wj
英国/ns早/tg前/f曾/d多次/mq声明/n，/wd英国/ns认为/v在/p当前/t联合国/nt强硬/a决议/n无法/vd通过/v的/ude1情况/n下/f，/wd支持/v反对派/n是/vshi对抗/v阿萨/nrf德/b政府/n最/d有效/a的/ude1措施/n。/wj
据/p联合国/nt数据/n显示/v，/wd叙利亚/nsf2011年/t3月/t持续/vd至/v今/tg的/ude1国内/s冲突/vn已/d致/v超过/v1./m7万/m人/n死亡/vi。/wj
西方/s国家/n和/cc一/m系列/q阿拉伯/nsf国家/n希望/v叙/b总统/n巴沙尔/nrf下台/vi，/wd认为/v这/rzv将/d阻止/v暴力/n冲突/vn。/wj
时间/n：/wp2012-08-15/m>/w什么样/ryv的/ude1大学/n是/vshi最/d呀/y最/d摇摆/v做/v南/b理/n的/ude1学生/n才/d是/vshi最/d开怀/v大学生/n乐团/n创作/vn迎新/vn曲/n《/wkz最/d炫/vg南/b理/n风/n》/wky“/wyz南京/ns理/n工大/nt，/wd是/vshi我/rr的/ude1爱/vn，/wd绵绵/z的/ude1紫金山/ns下/f地铁/n开/v，/wd什么样/ryv的/ude1大学/n，/wd是/vshi最/d呀/y最/d摇摆/v，/wd做/v南/b理/n的/ude1学生/n才/d是/vshi最/d开怀/an。/wj
”/wyy随着/p《/wkz最/d炫/vg民族/n风/n》/wky的/ude1节奏/n吹/v遍/qv全国/n，/wd南理/nrf工大/nt学生/n也/d创作/v了/ule一/m曲/q《/wkz最/d炫/vg南/b理/n风/n》/wkyMV/x，/wd以此/d欢迎/v即将/d入/v校/ng的/ude1学/v弟学妹/nr们/k。/wj
最近/t几/m年/qt，/wd南京/ns理/n工/ag大学/n一/d改/v工科/n院校/n的/ude1严肃/a面孔/n，/wd录取/v短/a信/n出现/v“/wyz淘/v宝/n体/ng”/wyy“/wyz甄/nr1嬛/w体/ng”/wyy，/wd一/m句/q“/wyz亲/ng”/wyy拉/v近/v了/ule和/cc学子/n们/k的/ude1距离/n。/wj
很多/m学生/n表示/v被/pbei“/wyz雷/n”/wyy到/v的/ude1同时/n，/wd更/d感受/v到/v了/ule“/wyz传说/n中/f的/ude1南理工/nr”/wyy的/ude1强大/a亲和力/n。/wj
而/cc作为/v南理工/nr的/ude1音乐/n社团/n，/wd“/wyz天籁/n音乐/n村/n”/wyy联手/vi兄弟/n社团/n“/wyz角/n徵/w羽/q演唱/vn团/n”/wyy也/d受到/v启发/vn，/wd改变/v以往/t的/ude1陈旧/a思路/n，/wd制作/v了/ule欢迎/vn新生/n的/ude1音乐/nMV/x《/wkz最/d炫/vg南/b理/n风/n》/wky，/wd在/p这/rzv首/m同学/n们/k自己/rr改编/v的/ude1歌词/n里/f，/wd“/wyz紫金山/ns”/wyy、/wn“/wyz二月/t兰/ng”/wyy、/wn“/wyz三/m号/q路/n”/wyy“/wyz空调/n”/wyy等等/udeng南京/ns理/n工/ag大学/n同学/n们/k经常/d挂/v在/p嘴边/s的/ude1词语/n都/d有/vyou提及/v：/wp“/wyz春天/t二月/t兰/ng开/v一/m片/q海/n，/wd三/m号/q路/n香樟/n树/n花/n初夏/t开/v，/wd热辣辣/z的/ude1学/v姐/n，/wd是/vshi我们/rr的/ude1期待/vn，/wd硬/d朗朗/z的/ude1学长/n就是/v你/rr的/ude1菜/n，/wd我们/rr要/v爱/v就/d要/v爱/v得/ude3最/d痛快/a。/wj
”/wyy据悉/v，/wd参加/v这/rzv支/qMV/x录制/v的/ude1同学/n们/k也/d都/d是/vshi“/wyz南理工/nr音乐/n圈/qv”/wyy的/ude1中坚/n力量/n，/wd他们/rr在/p紧张/a的/ude1期末/t复习/v中/f抽出/v空闲/n时间/n投身/v到/vMV/x的/ude1策划/vn和/cc录制/v。/wj
当然/d最终/d当/v这/rzv支/qMV/x呈现/v在/p学校/n同学/n面前/f时/ng，/wd效果/n也/d是/vshi空前/a的/ude1，/wd同学/n们/k纷纷/d表示/v“/wyz被/pbei他们/rr的/ude1别出心裁/al惊/v艳/ad到/v了/y！/wt
”/wyy活动/vn的/ude1组织者/n管沛安/nr同学/n表示/v：/wp“/wyz由于/p时间/n和/cc经验/n的/ude1束缚/vn，/wd这/rzv支/qMV/x还/d是/vshi存在/v挺/d多/a不足/a的/ude1，/wd但是/c却/d受到/v了/ule大家/rr的/ude1强烈/a关注/vn。/wj
这种/r欢迎/vn新生/n的/ude1新鲜/a模式/n相信/v会/v收到/v不错/a的/ude1效果/n。/wj
”/wyy最/d炫/vg南/b理/n风/n南京/ns理/n工大/nt是/vshi我/rr的/ude1爱/vn绵绵/z的/ude1紫金山/ns下/f地铁/n开/v什么样/ryv的/ude1大学/n是/vshi最/d呀/y最/d摇摆/v做/v南/b理/n的/ude1学生/n才/d是/vshi最/d开怀/v春天/t二月/t兰/ng开/v一/m片/q海/n三/m号/q路/n香樟/n树/n花/n初夏/t开/v热辣辣/z的/ude1学/v姐/n是/vshi我们/rr的/ude1期待/vn硬/a朗朗/z的/ude1学长/n就是/v你/rr的/ude1菜/n我们/rr要/v爱/v就/d要/v爱/v得/ude3最/d痛快/a我/rr是/vshi你/rr心中/s最/d美/a的/ude1等待/vn食堂/n美味/n全年/n不/d懈怠/a不/d懈怠/a悠悠/z的/ude1唱/v着/uzhe最/d炫/vg的/ude1南/b理/n风/n七/m个/q大门/n永/d为/v你/rr敞开/v我/rr知道/v我/rr是/vshi你/rr心中/s最/d美/a的/ude1等待/vn空调/n教室/n坐/v着/uzhe好/a爽快/a好/a爽快/a悠悠/z的/ude1吹/v着/uzhe最/d炫/vg的/ude1南理风/nr是/vshi整/m座/q南京/ns最/d美/a的/ude1云彩/n呀/y啦/y啦/y喔/o了/y呗/y伊/Rg啦/y嗦/x了/vi喔/o了/y呗/y啦/y我/rr听见/v你/rr心中/s动人/a的/ude1天籁/n登/v上/f学/v交/v大楼/n的/ude1舞台/n我/rr听见/v你/rr心中/s那/rzv动人/a的/ude1天籁/n(/wkz天籁/n、/wn天籁/n)/wky就/d忽/d如/v一/m夜/qt春风/n袭/v来/vf满/a面/n桃花/n开/v我/rr忍不住/v去/vf采/v我/rr忍不住/v去/vf摘/v我/rr敞开/v胸怀/n为/p你/rr等待/v你/rr是/vshi我/rr天边/s最/d美/a的/ude1云彩/n让/v我/rr用心/ad把/pba你/rr留下来/v悠悠/z的/ude1唱/v着/uzhe最/d炫/vg的/ude1南理风/nr让/v爱/v卷/ng走/v所有/b的/ude1尘埃/n我/rr知道/v你/rr是/vshi我/rr心中/s最/d美/a的/ude1云彩/n美丽/a校园/n让/v你/rr留下来/v留下来/v永远/d都/d唱/v着/uzhe最/d炫/vg的/ude1南理风/nr是/vshi整/m座/q南京/ns最/d美/a的/ude1姿态/n(/wkz邓雨亭/nr)/wky时间/n：/wp2012-08-20/m>/w8月/t14日/t，/wd雷/n士/ng照明/n[/wkz1./m020./m00%/m]/wky发布/v公告/n对/p近期/t风波/n作出/v回应/vn。/wj
对于/p吴长江/nr被/pbei政府/n部门/n调查/v一/m事/n及/cc其他/rzv问题/n，/wd雷/n士/ng照明/n的/ude1独立/a调查/vn委员会/n进行/vx了/ule调查/vn，/wd但/c对/p调查/vn结果/n含糊其词/nl，/wd很多/m问题/n均/d以/p“/wyz无法/v进行/vx验证/vn”/wyy、/wn“/wyz无法/v确认/v”/wyy之/uzhi词/n一笔带过/vl。/wj
记者/n从/p多/m名/q雷/n士/ng内部/f人士/n处/vi了解/v到/v，/wd吴/nr1长江/ns目前/t个人/n财务/n状况/n不容乐观/vl，/wd“/wyz逼/v宫/ng”/wyy动机/n也许/d与/p此/rzs不/d无/v关联/vi。/wj
