展望 一下 ， 在 一个 没有 枪炮 声 的 国度 里 举行 婚礼 ， 那 将 是 多 幸福 的 时刻 呀 ， 在 中国 ， 已经 几 代 人 没有 享受 这样 的 婚礼 了 ， 值得 等 ， 值得 坚持 下去 。
余 则 成 有些 郁闷 ： 好 吧 ， 部长 同志 ， 我 愿意 等 。
2-39． 乡村 公路 日 外 一 辆 旧式 客车 慢慢 开 来 ， 停 在 一个 村落 的 小 站 上 。
路边 ， 一 辆 军用 吉普 停 在 这里 。
余 则 成 下 了 客车 ， 直接 走向 吉普车 。
车 上 一个 穿 黑色 中山装 的 人 看 了 眼 手里 的 照片 ， 看 了 看 余 则 成 ， 开车 离开 。
2-40． 空 镜 日 外 天津 城市 全景 。
（ 字幕 ： 1945年 天津 ） 2-41． 吴敬中 办公室 日 内 这 是 军统 天津站 站长 的 办公室 ， 比较 奢华 ， 宽敞 。
吴敬中 在 用 放大镜 细看 一 件 古董 花瓶 。
敲门 声响 。
吴 敬 中 不耐烦 地 ： 进来 。
门 开 了 ， 一身 中校 军装 的 余则成 ， 拎 着 包 精神抖擞 地 敬礼 ： 报告 站长 。
吴 敬 中 抬头 。
余则成 ： 机要 秘书 室 少校 主任 ， 余 则 成 报到 。
吴敬中 看 着 他 ， 笑 了 ， 摆摆 手 过来 ， 打量 着 余则成 ： 时间 像 一 头 野驴 呀 ， 跑 起来 不 停 ， 坐坐 ， 你 也 有 皱纹 了 ， 就 象 我 的 前列腺 经常 造反 一样 。
余则成 坐 在 沙发 上 ， 从 包 里 拿 出 一个 绸缎 包裹 的 玉器 ： 您 的 气色 很 好 呀 ， 知道 老师 喜欢 这 等 东西 ， 这 是 我 在 老家 搜集 到 的 ， 夜明珠 ， 据说 是 宋代 的 。
吴敬中 接 过 来 端详 ： 你 老家 ， 乡下 里 怎么 会 有 这 稀罕 营生 ？
余则成 ： 日本 人 盗墓 ， 被 老乡 杀 了 ， 缴获 的 。
吴 站长 把 玉器 放 在 手中 把 玩 ： 戴 局长 都 给 你 说 了 吧 。
余则成 ： 说 了 ， 说 您 点将 ， 要 我 来 这边 的 。
吴 站长 有点 忧愁 ， 收 起 了 玉器 ： 胜利 了 ， 高兴 吗 ， 高兴 ， 可 是 天津 站 是 一个 重建 站 ， 前 栅栏 宿 猫 ， 后 篱笆 走狗 ， 建 起来 很 费 周 章 ， 所以 我 想起 了 你 。
余则成 谦虚 ： 老师 ， 看 您 说 的 ， 有 需要 您 吩咐 就是了 。
吴 站长 摇头 ： 不 是 不 是 ， 以后 叫 我 站长 就 可以 了 ， 不用 总 是 老师 老师 的 了 ， 来 这里 的 人 都 是 重庆 派 来 的 ， 有 的 背景 很 复杂 ， 我 都 不 熟悉 ， 所以 。
。
。
则 成 ， 你 是 我 的 人 ， 明白 这个 意思 吗 ？
余则成 ： 明白 。
吴 站长 ： 马 上 有 个 会 ， 行动 队 和 情报 处 的 头头 ， 加上 你 这个 机要 室 的 头头 见 个 面 ， 认识 一 下 ， 天津 站 的 工作 以后 就 靠 你们 了 。
接着 他 放 低 了 声音 ： 顺便 说 一下 ， 这 两 个 人 都 很 。
。
。
老练 ， 我 不 熟悉 ， 你们 要 用心 合作 。
哈哈 。
余则成 明白 站长 的 意思 ： 站长 ， 您 放心 ， 我 知道 该 怎么 做 。
吴 站长 ： 对 你 我 当然 放心 了 。
哎 ， 说 说 你 击毙 李 海丰 的 事 ， 那 事 很 漂亮 呀 。
余则成 谦虚 ： 这 事 ， 就 是 一 枪 打 死 了 ， 很 简单 。
洪 秘书 开门 ： 站长 ， 陆 处长 到 。
余则成 起身 ， 这时 ， 陆 桥山 进来 ： 站长 。
吴 站长 ： 认识 一 下 ， 这 位 是 咱们 天津站 情报 处处 长 陆 桥山 。
这 位 是 机要 室主任 余则成 。
二 人 握手 ， 陆 桥山 ： 余 主任 刚 到任 就 工作 ， 很 辛苦 呀 。
余则成 ： 不 辛苦 ， 陆 处长 来得 早 ， 还 请 多多 指教 。
二 人 客气 着 。
这时 洪 秘书 开门 ： 站长 ， 马 队长 到 。
行动 队 队长 马奎 进来 ： 站长 。
余 则 成 回头 看 ， 不由 得 一 愣 。
站长 在 介绍 他们 认识 。
马奎 笑 着 跟 余则成 握手 ， 说 着 什么 。
余则成 突然 想起 什么 。
余则成 微笑 着 跟 马奎 握手 。
余 则 成 脑海 里 闪 过 ， 吕宗方 遇害 时 马奎 从 他 身边 跑 过 的 瞬间 、 马奎 被 万 里 浪 审问 的 瞬间 。
余则成 ： 你 好 ， 马 队长 。
第三 集 3-1． 吴 站长 办公室 日 内 余 则 成 、 陆 桥山 、 马奎 在 听 在 记 。
站长 看 着 文件 在 说 ： 还有 “ 七宝镇 事件 ” 挫败 新四军 的 阴谋 说明 什么 ， 说明 现在 的 敌人 是 中共 ， 各位 要 像 般 仓鼠 一样 ， 把 你们 的 思路 搬 到 对付 共产党 上面 来 。
周佛海 、 丁默村 、 任 道 援 这 群 汉奸 都 成 了 英雄 ， 你们 还 不 明白 吗 ？
马奎 ： 行动 队 这边 其实 已经 开始 了 ， 天津 的 共 党组织 也 有些 眉目 了 。
陆 桥山 ： 毛泽东 还 在 重庆 ， 现在 不 能 动手 。
马奎 不冷不热 地 ： 这 我 还 不 知道 。
余则成 听 着 ， 没 说话 。
站长 对 马 陆 的 龃龉 有些 满意 ： 好 ， 先 不 说 这些 了 。
说 点 高兴 的 ， 胜利 了 ， 各位 需要 过 一 过 人 的 生活 了 。
我 已经 带头 把 太太 接 来 了 ， 你们 各位 也 该 尽 些 做 丈夫 的 责任 了 ， 我 看 过 你们 的 档案 ， 马 队长 的 太太 在 上海 ， 陆 处长 的 太太 在 汉口 ， 余 主任 的 太太 在 河北 ， 都 接 过 来 ， 让 人家 享受 享受 抗战 胜利 的 幸福 生活 吗 。
差 旅 、 住房 由 站里 解决 ， 还有 一 笔 安家费 分发 各位 ， 怎么样 ？
陆 桥山 感兴趣 ： 我 太太 要 来 可不 是 一个 人 ， 那 是 一 大 家 子 呢 。
站长 ： 好 呀 ， 都 接 来 ， 八 年 抗战 不 就是 为 他们 吗 ？
马奎 ： 还是 站长 体恤 民情 ， 我 老婆 都 急 死 了 。
余则成 ： 这 是 命令 吗 ？
站长 ： 对 ， 命令 ， 我 认为 我 有 责任 让 各位 太太 来 收 收 你们 的 心 了 ， 天津 虽然 不 比 上海 ， 但 也 是 花花世界 。
梅乐 司 对 我 说 过 ， 美国 人 能 打 胜仗 ， 就是 因为 他们 心里 都 有 家庭 。
余 则 成为 难 ： 可是 我 太太 是 。
