翠 平 纳闷 ： 袁 政委 说 他 不 认识 你 呀 。
余则成 编 词 ： 什么 叫 地下 工作 ？
有 的 事情 是 不 能 说 的 。
还有 ， 你 要 记住 ， 家里 的 窗帘 永远 也 不 能 打开 。
知道 吗 ？
4-5． 利 顺 大酒店 小 厅 夜 内 余 则 成 、 站长 、 马奎 夫妇 、 陆 桥山 夫妇 围 在 大 桌边 。
门口 有 几 个 穿 黑色 中山装 的 人 在 警卫 。
站长 ： 今天 这 顿 饭 我 已经 考虑 几 天 了 ， 知道 为什么 选择 西餐 吗 ？
大家 都 看 余 则 成 。
余则成 无奈 地 ： 既然 站长 是 给 我 家 太太 接风 ， 我 想 是 要 让 她 开 开 眼界 吧 。
马奎 娇艳 的 太太 ： 站长 的 用意 是 加速 ， 让 余 太太 快速 变成 贵妇人 。
余则成 笑 ： 马 太太 抬举 我家 这 位 了 ， 没 出 过 山 的 人 ， 快 不 了 的 。
站长 ： 都 说 得 不 对 。
陆 桥山 ： 站长 的 意思 是 不 是 就 像 蒋 夫人 说 的 那样 ， “ 一个 人 只有 进行 脱胎换骨 的 改造 ， 才 能 进入 新 的 生活 。
站长 点头 ： 桥山 还 是 适合 搞 情报 的 ， 就是 这个 意思 。
八 年 浴血奋战 过去 了 ， 现在 要 抓紧 时间 享受 生活 ， 体会 党 国 给予 的 恩惠 ， 将来 的 浴血奋战 ， 我们 就 更 知道 为 谁 而 战 了 。
陆 桥山 受到 表扬 得意 ： 委员长 指 到 哪 ， 我们 就 打 到 哪 ， 日本 人 都 败 了 ， 区区 一 撮 土 八 路 。
余则成 和 各位 一个劲 点头 。
这时 ， 站长 夫人 领 着 翠平 从 一 房间 出来 ， 翠平 身披 一 件 风衣 ， 站长 太太 替 她 合 着 衣襟 ， 站长 夫人 招呼 大家 肃静 。
翠平 脸 涨 得 通红 ， 这时 ， 站长 太太 突然 取 下 风衣 ， 露出 翠 平 里面 的 旗袍 。
几 个 男人 都 在 叫好 。
余则成 觉得 要 出 事 。
这时 翠平 发现 旗袍 的 开 叉 很 高 ， 大 腿 都 露 了 出来 ， 本能 地 一下 蹲 到 了 地上 ， 抱 住 双 腿 ， 愤怒 地 看 着 站长 夫人 ： 耍 老娘 ， 找 死 啊 。
整个 场面 顿时 肃静 。
站长 太太 尴尬 地 愣住 。
余则成 急忙 上来 圆场 ： 旗袍 就是 这样 的 ， 起来 ， 好看 。
。
。
翠平 蹲 着 就 是 不 起 ， 余则成 手上 使劲 捏 了 翠 平 一下 。
翠平 立即 警醒 ， 慢慢 起身 ， 捂 着 开 叉 ： 还 没 缝 完 呢 。
众人 哄笑 ， 站长 太太 也 笑 着 下 了 台阶 。
马奎 对 陆 桥山 小声 ： 乡下 娘 们 ， 张口 就 骂 ， 过瘾 。
陆桥 上 多疑 地 ： 这 般 羞涩 ， 哪 象 娘 们 ， 象 个 姑娘 。
余 则 成 小声 安慰 站长 太太 ： 对不起 ， 别 生气 ， 乡下人 没 见识 ， 粗 。
站长 太太 大大咧咧 ： 跟 我 刚 进 城 的 时候 一样 ， 大 妹子 ， 旗袍 就 这样 ， 好看 ， 咱 乡下人 也 能 穿 。
餐桌 前 。
大家 开始 就餐 。
翠平 看 着 一 盘 沙拉 ， 有点 发傻 。
余则成 拿 起 餐 勺 耐心 地 ： 跟 我 学 ， 这样 用 。
翠 平 懵懂 地 ： 这 是 什么 ？
马奎 的 夫人 轻蔑 地 ： 这 叫 沙律 ， 这 叫 牛肉 汤 。
余 则 成 厌恶 马 太太 。
站长 太太 揶揄 ： 马 太太 是 上海 人 ， 见 过 大 世面 的 ， 知道 沙律 。
马奎 只好 ： 吃 你 的 吧 ， 话 这么 多 。
马 太太 有些 无 趣 。
站长 太太 ： 大 妹子 ， 这里 咱们 说了算 ， 想 吃 什么 就 说 ， 让 他们 做 。
余 则 成 圆场 ： 这个 她 能 吃 ， 吃 一 次 就 习惯 了 。
陆 桥山 突然 问 翠平 ： 余 太太 ， 易县 在 太行山区 ， 你 在 老家 见 没 见 过 八路军 ？
余则成 有点 紧张 。
马奎 和 站长 也 注视 着 翠平 。
翠 平 盯 着 桌面 ， 没有 回答 ， 突然 起身 朝 领班 走 了 过来 。
众人 的 目光 一下子 都 集中 到 她 身上 。
翠平 对 领班 ： 给 我 煮 一 碗 捞 面条 ， 要 一 双 筷子 。
领办 没 听 清楚 ： 对不起 ， 夫人 ， 您 说 什么 ？
翠平 有 点火 ： 捞 面条 和 筷子 。
站长 听 罢 哈哈大笑 ： 则 成 ， 你 这 夫人 ， 够 火暴 的 。
余则成 ： 见笑 了 ， 站长 ， 她 真 没 吃 过 这种 饭 。
马 夫人 和 陆 夫人 有点 不屑 。
站长 太太 看 出来 了 ： 不 假装 总 比 假装 的 好 ， 我 刚 到 南京 的 时候 ， 不 也 这样 吗 。
翠平 坐 了 回来 ： 我 让 他们 做 面条 了 ， 你们 吃 吗 ？
余则成 伸手 拍拍 她 的 肩 ， 安慰 她 ： 你 自己 吃 吧 。
随后 余则成 接 过 陆 桥山 的 话题 问 翠平 ： 陆 处长 刚才 问 你 在 老家 见 没 见 过 八路军 。
翠平 ： 见 过 扛 枪 的 ， 不 知道 是 什么 军 。
马奎 笑嘻嘻 地 ： 弟妹 不 是 说 见 过 狼牙山 五 烈士 吗 ？
余 则 成 看 着 翠平 ， 翠 平 摇头 ： 听说 的 。
余则成 也 做出 失望 状 。
一个 年长 特务 过 来 跟 站长 耳语 ， 站长 起身 ： 慢慢 吃 ， 大 妹子 ， 你 要 习惯 这边 的 生活 呀 。
4-6． 酒店 某 角落 夜 内 特务 和 站长 。
特务 ： 余 主任 在 重庆 的 那个 女人 叫 左蓝 ， 现在 有些 眉目 了 。
站长 ： 什么 眉目 ？
特务 ： 在 重庆 这个 女 人 写 过 进步 文章 ， 在 曾家岩 、 红岩村 都 出现 过 。
站长 ： 现在 在 哪里 ？
做 什么 ？
特务 小声 ： 去 延安 了 ， 做 什么 不 知道 。
站长 一 愣 ： 延安 ？
属实 吗 ？
特务 ： 属实 ， 重庆 稽查 处 社 侦 组 监视 过 她 ， 还 有 记录 ， 您 在 这 吃饭 ， 我 就 没 带 来 。
站长 思考 ： 这个 消息 绝不 能 泄露 ， 明白 吗 ？
特务 ： 明白 。
佛龛 在 延安 是 不 是 让 他 查 一 查 。
站长 ： 这 你 就 别 管 了 。
4-7． 利 顺 大酒店 小 厅 夜 内 站长 回来 ， 桌上 的 话题 已经 变 了 ， 站长 有些 心事 的 样子 。
余 则 成 观察站 长 的 举动 。
马 太太 ： 上海 已经 不 成 样子 了 ， 汽车 、 洋房 、 金条 、 汉奸 小老婆 、 日本 女 人 都 被 抢光 了 。
