审  根据 《 中华人民共和国 民事 诉讼法 》 的 有关 规定  本 案 由 本 院 审判员  与 助理 审判员  人民 陪审员 组成 合议庭 进行 审理  书记员 担任 记录 
审  根据 《 中华人民共和国 民事 诉讼法 》 第四十九 条  第五十 条  第五十一 条  第一百一十八 条  第一百四十三 条  第一百四十四 条 的 规定  民事 诉讼 当事人 有 以下 诉讼 权利 和 义务  （ 一 ） 有 就 案 件 事实 进行 陈述 和 申辩 的 权利  （ 二 ） 有 委托 代理人  收集  提供 证据  进行 辩论  请求 调解  提起 上诉  申请 执行 的 权利  （ 三 ） 原告 可以 放弃 或者 变更 诉讼 请求  被告 可以 承认  反驳 原告 诉讼 请求  有 权 提起 反诉  （ 四 ） 双方 当事人 必须 依法 行使 诉讼 权利  遵守 诉讼 秩序  未经 审判长 同意 不得 擅自 发言  （ 五 ） 原告 未经 法庭 许可 中途 退庭 的  可 按 撤诉 处理  被告 未经 法庭 许可 中途 退庭 的  可以 缺席 判决  （ 六 ） 双方 当事人 有 义务 自觉 履行 发生 法律 效力 的 判决  裁定 和 调解书  并 按规定 缴纳 诉讼 费用 
审  原  被告 对 诉讼 权利  义务 是否 清楚 
原告  清楚 
第二  三 被告  清楚 
审  在 庭审 过程 中  当事人 除 享有 以上 诉讼 权利 以外  还有 申请 审判 人员 及 有关 人员 回避 的 权利 
如果 你们 认为 法庭 审判 人员  书记员 与 本 案 有 直接 利害 关系 或者 有 其他 关系  可能 影响 公正 审判 的  可以 提出 事实 或 理由 申请 回避 
审  原告 是否 申请 回避 
原告  不 申请 回避 
审  被告 是否 申请 回避 
第二  三 被告  不 申请 回避 
审  现在 进行 法庭 调查 
先 由 原告 简要 陈述 起诉 的 请求 和 理由  或者 宣读 起诉 状 
原告  2013年 2月 26日 1720分 左右  原告 杨某 吉 乘坐 219 路 赣 AB8915 号 公交车  车辆 行驶 至 苗圃 路段 时  被告 车辆 遇 紧急情况 采取 制动  导致 原告 杨 某 吉 摔倒 受伤 的 事故 
原告 受伤 后 被 送 至 南昌市 第三 医院 住院 治疗 59 天  后 经 江西 南昌 司法 鉴定 中心 鉴定  原告 伤残 等级 为 10 级 
事故 发生 后  被告 虽然 向 原告 支付 了 医疗费  但 未 支付 原告 护理 费  伤残 赔偿金 等 费用 
原告 与 被告 多次 协商 未果 
经 查  被告 所 驾驶 的 赣 AB8915 客车 系 被告 公交公司 所有  车辆 已经 向 中国人民财产保险 股份 有限公司 南昌市 湾 里 支公司 投保 道路 乘客 承运人 责任 保险  现 原告 为 维护 自己 合法 权利  依法 起诉  请求 人民法院 支持 原告 的 诉 请 
诉讼 请求  1  判 令 第一 被告  第二 被告 连带 赔偿 原告 护理 费  伤残 赔偿金  后续 治疗费  交通 费  营养 费  精神 抚慰 金 等 各项 费用 共计 人民币 68422 元 
2  判 令 第三 被告 在 保险 责任 限额 范围 内 依法 赔付 保险金 
审  现在 由 被告 针对 原告 起诉 中 的 请求 和 理由 作出 承认 或者 否认 的 答辩 
先 由 第二 被告 进行 答辩 
第二 被告  第一  第一 被告 在 本 事故 中 系 代表 第二 被告 的 职务 行为  本 事故 发生 后  我方 为 原告 全额 垫付 了 57907 49 元 的 医疗费  第二  事故 发生 时  事故 车辆 已 在 第三 被告 处 投保 了 道路 乘客 承运人 责任 保险  据此  为 节约 诉讼 资源 和 减轻 当事人 讼 累 应 就 我方 为 原告 全额 垫付 的 医疗费 请求 与 本 案 合并 审理  第三  就 本 事故 而言  原告 对 自身 损害 结果 因 自身 健康 原因 应 承担 一定 的 过错  第 四  原告 的 部分 诉 请 过 高  且 无 法律 依据 1  精神 损害 抚慰 金 不 符合 法律 规定  2  原告 以 城镇 户口 主张 赔偿 的 证据 不 充分 
审  由 第三 被告 进行 答辩 
第三 被告  本 案 原告 杨某 吉 以 健康 权 纠纷 将 答辩 人 列为 被告 无 法律 根据  审理 法院 应当 依法 驳回 原告 对 答辩 人 的 起诉 或者 诉讼 请求 
1  《 民事 诉讼法 》 第119 条 规定 起诉 必须 符合 下列 条件  其中  原告 是 与 本 案 有 直接 利害 关系 的 公民  法人 和 其他 组织  既 是 首要 的 条件 
在 本 案 健康 权 纠纷 案 件 中  答辩 人 与 原告 之间 没有 直接 利害 关系  原告 将 答辩 人 列为 被告 有 违 上述 法律 规定 
2  本 案 系 健康 权 纠纷 案 件  公交 总公司 与 原告 之间 系 的 系 侵权 法律 关系  答辩 人 与 公交公司 之间 系 道路 客运 承运人 责任 保险 法律 关系 
按照 合同 的 相对性 原则 以及 最高人民法院 印发 的 《 民事 案 件 案 由 规定 》 的 分类 规定  健康 权 纠纷 与 保险合同 纠纷 属于 两 个 性质 完全 不同 的 法律 关系  故 答辩 人 在 本 案 中 不 是 适 格 当事人 
3  按照 《 民事 诉讼法 》 第52 条 第1 款 规定  当事人 一 方 或者 双方 为 二 人 以上  其 诉讼 标的 是 共同 的  或者 诉讼 标的 是 同一 种类  人民 法院 认为 可以 合并 审理 并 经 当事人 同意 的  为 共同 诉讼 
按照 上述 法律 规定  共同 诉讼 的 合并 分为 两 种  一 是 属于 诉讼 客体 的 合并  一 是 属于 诉讼 主体 的 合并  不 存在 诉讼 客体 与 主体 的 混 合 合并 
在 本 案 中  首先  健康 权 纠纷 与 保险合同 纠纷 标的 并非 为 标的 共同 或者 同类  其次  即使 法院 认为 可以 合并 审理  《 民事 诉讼法 》 第52 条 第1 款 规定 的 条件 是 该 案 合并 审理 应当 经 当事人 同意 
本 案 答辩 人 并 未 同意 合并 审理 且 对 答辩 人 在 本 案 的 被告 诉讼 主体 提出 了 异议  故 本 案 审理 法院 如 判决 答辩 人 承担 保险 赔偿 责任  有 悖 法律 规定 
二  答辩 人 对 原告 赔偿 清单 的 请求 即 相关 证据 的 抗辩 意见 （ 该 意见 不 构成 答辩 人 在 本 案 中 对 原告 的 保险 赔偿 承诺  但 调解 结 案 除外 ）  原告 以下 赔偿 请求 项目 由 被告 公交公司 先行 赔偿  然后 由 公交公司 按 承运人 责任险 医疗费 限额  伤残 赔偿 限额 另行 向 答辩 人 理赔 
答辩 人 与 被告 公交公司 于 2011年 2月 21日 就 公交公司 承运人 责任 保险 达成 合作 协议  同年 4月 27日 对 合作 协议 进行 了 补充 
