第三 被告  同 第二 被告 代理人 意见 一致 
审  现在 由 被告 出示 证据 
先 由 第二 被告 出示 证据 
第二 被告  第一 组 证据 是 住院费 收据  费用 结算 清单 各 一 份  用以 证明 原告 杨某 吉 住院 期间 的 医疗 费用 金额 57907 49 元 由 我方 支付  第二 组 证据 是 道路 客运 承运人 责任 保险单 一 份  用以 证明 涉 案 车辆 在 本 起 事故 发生 时 已 向 第三 被告 处 投保 了 承运人 责任险  据 此 为 节约 诉讼 资源 和 减轻 当事人 讼 累  我方 请求 保险公司 在 保险 限额 范围 内 予以 赔偿 
审  由 原告 和 其他 被告 分别 质证 
先 由 原告 质证 
原告  对 第一  二 组 证据 的 真实性  合法性  关联性 均 无 异议 
审  由 第三 被告 质证 
第三 被告  对 第一 组 证据 的 真实性  合法性 无 异议  对 关联性 有 异议  理由 同 上 
对 审  对 原告 和 其他 被告 未 提出 异议 的 证据  合议庭 予以 确认  对 原告 和 其他 被告 提出 异议 的 证据  合议庭 暂 不 予 确认  待 合议庭 评议 后 再 依法 予以 认定 
第一 被告 继续 出示 证据 
第一 被告  我方 举 证 完毕 
审  现在 由 第二 被告 出示 证据 

第二 被告  第一 组 证据 是 住院费 收据  费用 结算 清单 各 一 份  用于 证明  第二 被告 已 支付 原告 杨某 吉 住院 治疗 费 57907 49 元 
审  由 原告 和 其他 被告 分别 质证 
先 由 原告 质证 
原告  对 第一  二 组 证据 的 真实性  合法性  关联性 均 无 异议 
审  由 第三 被告 质证 
第三 被告  对 第一  二 组 证据 的 真实性  合法性 没有 异议  对 关联性 有 异议  理由 是 我方 不 是 本 案 的 适 格 当事人 
审  鉴于 第一 被告 未 到 庭  合议庭 对 上诉 证据 暂 不 予以 确认  待 合议庭 评议 后 再 依法 予以 认定 
第二 被告 继续 出示 证据 
第二 被告  我方 举 证 完毕 
审  现在 由 第三 被告 出示 证据 

第三 被告  第一 组 证据 是 承运人 责任险 保险条款  用以 证明 精神 抚慰 金 不 在 我方 赔偿 范围 内 
第二 组 证据 是 我方 与 第二 被告 的 合作 协议 和 补充 协议  用以 证明 保险 赔偿 限额 8 万 元  其中 伤残 赔偿 限额 5 万 元  医疗费 限额 3 万 元  伤残 赔偿 限额 仅 限于 伤残 赔偿金 的 赔偿 项目  其它 赔偿 项目 如 误工 费  护理 费  交通 费 等 均 在 医疗费 限额 3 万 元 以内 
审  由 原告 和 其他 被告 分别 质证 
先 由 原告 质证 
原告  对 第一  二 组 证据 的 真实性  合法性  关联性 均 无 异议 
审  由 第二 被告 质证 
第二 被告  对 第一 组 证据 的 真实性 没有 异议  对 合法性  关联性 有 异议  理由 是 承运人 责任险 属于 强 险 范围  根据 目前 法律 规定  应 将 保险公司 列为 被告 属于 必要 的 共同 诉讼 参与 人 
对 第二 组 证据 的 真实性  合法性  关联性 均 无 异议 
审  鉴于 第一 被告 未 到 庭  合议庭 对 上诉 证据 暂 不 予以 确认  待 合议庭 评议 后 再 依法 予以 认定 
第三 被告 继续 出示 证据 
第三 被告  我方 举 证 完毕 
审  原  被告 是否 还 有 证据 向 法庭 提供 
原告  没有 
第二  三 被告  没有 
审  原  被告 是否 需要 就 本 案 尚未 查清 的 事实 相互 发问 
原告  不 需要 
第二 被告  需要 
第三 被告  需要 
审  现在 由 第二 被告 发问 
第二 被告  原告 杨某 吉 在 哪 读书 
平时 住 哪 
原告  事故 发生 时 就读 于 新建 三 中 初三  现 休学 在家 
一般 都 住 在 新建县 美丽 新世界 3 栋 1406 室 
第二 被告  原告 的 法定 代理人 收入 来源于 哪 
原告  我 一般 做 家 装 类 散 工  主要 从事 水电 安装  铝合金 门窗 制作 及 安装 
第二 被告  你们 在 美丽 新世界 3 栋 1406 室 住 了 多久 
原告  2011年 春节 后 开始 入 住 的  住 了 2年 多 
第二 被告  发问 完毕 
审  现在 由 第三 被告 发问 
第三 被告  原告  你 能 提供 入住 后 的 相关 水电 物 管 等 费用 发票 吗 
原告  有 
但是 打扫 卫生 时 丢掉 了 
第三 被告  你 能否 庭 后 提供 该 证据 予以 补强 
原告  可以 
第三 被告  发问 完毕 
审  原告  限 你 于 2013年 9月 6日 下午 下班 之前 交 到 本 院 
原告  好 
审  被告  如果 原告 将 发票 提供 到 本 院 以后  本 院 会 通知 你们 来 进行 质证 
第二 被告  好 
第三 被告  我方 不 要求 另行 质证  请 法院 依法 审查 
审  原  被告  本 庭 现在 询问 你们 几 个 问题  请 如实 回答 
原告  好 
第二  三 被告  好 
审  原告 杨 某 吉 出事 时  是 一个 人 还是 有 亲友 在 身边 
原告  原告 杨 某 吉 一个 人 乘车 
审  原告 杨 某 吉 出事 时  是 站 着 的 还 是 坐 着 的 
原告  坐 着 的 
审  原告 杨某 吉 是否 在 2011年 因 车祸 骨折 过 
原告  是  2011年 1月 份 出 的 车祸 
审  什么 时候 进行 钢板 拆除 的 
原告  在 2012年 1月 份 拆除 的 
审  为什么 南昌市 第三 医院 及 鉴定 意见 上 显示 的 是 2013年 1月 拆除 的 钢板 
原告  可能 是 医院 及 鉴定 意见 上 产生 笔误 
审  原告  限 你 于 2013年 9月 6日 下午 下班 之前 将 拆除 钢板 的 出院 小结 交 到 本 院 
原告  好 
审  被告  如果 原告 将 拆除 钢板 的 出院 小结 提供 到 本 院 以后  本 院 会 通知 你们 来 进行 质证 
第二 被告  好 
第三 被告  我方 不 要求 另行 质证  请 法院 依法 审查 
审  车祸 造成 的 骨折 对 原告 杨 某 吉 平常 的 生活 有 影响 吗 
原告  没有 
一点 影响 都 没有 跟 正常人 一样 
审  本 事故 发生 后  被告 是否 支付 了 医药费 
