 这里 的  其他 执行 场所   是 指 《 中华人民共和国 监狱法 》 第十五 条 第二 款 之 规定   罪犯 在 被 交付 执行 刑罚 前  剩余 刑期 在 一年 以下 的  由 看守所 代 为 执行 
 李庄 在 被 交付 执行 刑罚 前  剩余 刑期 还有 将近 一年 四 个 月  不 属于 以上 应当 在 其他 执行 场所 服刑 的 情况  应当 依法 在 监狱 内 服刑 
而 本 案 侦查 机关 违反 法律 的 规定  在 将 李庄 送往 监狱 正在 办理 入 监 手续 时  即 将 其 带 回 重庆市 第二 看守所 关押 
因此  重庆市 第二 看守所 是 对 李庄 的 违法 关押 地点 
鉴于 公诉 机关 提交 的 被告人 李庄 的 四 份 讯问 笔录 均 在 重庆市 第二 看守所 调取  应当 认为 其 取证 地点 不 合法 
由此 导致 该 四 份 笔录 为 非法 证据 
最高人民法院  最高人民检察院  公安部  国家安全部 和 司法部 联合 制定 的 《 关于 办理 刑事 案 件 排除 非法 证据 若干 问题 的 规定 》 第二 条 规定   经 依法 确认 的 非法 言词 证据  应当 予以 排除  不能 作为 定 案 的 根据 
 而 起诉书 将 上述 被告人 的 讯问 笔录 作为 定 案 证据 
《 关于 办理 刑事 案 件 排除 非法 证据 若干 问题 的 规定 》 第五 条 规定   被告人 及其 辩护人 在 开庭 审理 前 或者 庭审 中  提出 被告人 审判 前 供 述 是 非法 取得 的  法庭 在 公诉人 宣读 起诉书 之后  应当 先行 当庭 调查 
法庭 辩论 结束 前  被告人 及其 辩护人 提出 被告人 审判 前 供 述 是 非法 取得 的  法庭 也 应当 进行 调查 
 据此  辩护人 特 在 公诉人 宣读 起诉书 后  依法 提出 本 申请  望 法庭 予以 批准 
审判长  我 这里 有 书面 的 请求 书  现 提交 法庭 
审判长  法警  将 辩护人 提交 的 书面 请求 书 提交 法庭 
公诉人 有 何 意见 
公诉人  首先  公诉人 认为 公安 机关 搜集 证据 的 程序 完全 合法  能 作为 证据 使用 
最高人民法院  最高人民检察院  公安部  国家安全部 和 司法部 联合 制定 的 《 关于 办理 刑事 案 件 排除 非法 证据 若干 问题 的 规定 》  对 本 案 完全 不 适用  其他 意见 在 以后 答辩 中 具体 陈述 
其次  对 李庄 的 关押 地点 也 是 合法 的 
审判长  辩护人 有 何 意见 
斯伟江  公诉人 没有 对 是否 是 违法 羁押 地 讲明 理由 
公诉人  提请 辩护人 注意  公诉人 现在 并 没有 举出 任何 证据  辩护人 不 能 针对 证据 提出 质疑 
李 庄 关押 在 看守所 是 合法 的  因为 其 身份 是 双重 的  公诉人 提请 注意 
审判长  辩护人 不要 发表 重复 的 观点 
斯伟江  公诉人 的 说法 与 证据 矛盾 
杨 学林  补充 一点  坚持 请求 启动 非法 证据 排除 程序 

审判长  非法 证据 排除 的 问题 不必 重复  由 合议庭 进行 评议 

合议庭 评议 后 认为  公诉人 针对 辩 方 非法 证据 排除 的 理由 成立  辩护人 的 要求 不予 准许 
斯伟江  审判长  我 讲 一 句 话 
审判长  辩护人 可以 发言 
斯伟江  关于 合议庭 评议 过程  我 只 看到 审判长 动 动 嘴  两边 的 审判员 和 代理 审判员 没有 发表 任何 意见  合议庭 评议 程序 是 违法 的 
请求 检察院 作为 法律 监督 机关  监督 法庭 的 这 一 行为 
审判长  辩护人 请 注意 你 的 身份  你 指责 法庭 已 超出 辩护人 身份 
对 起诉书 的 指控  被告人 有 什么 意见 
李庄  起诉书 指控 的 我 的 罪名 及 事实 经过  和 我 的 亲身 经历 相比  有些 是 失实 的  可以 说 既 不 准确 也 不 客观 
说 我 是 孟 英 案 的 一审 辩护人  这个 有点 不 精确  因为 孟 英 案 的 一审 中 有 三 个 以上 的 律师  不只 我 一个 
审判长  被告 人 做 归纳 性 陈述 
李庄  审判长  表面 看 很 简单  但 涉及 诸多 法律 关系  你 让 我 归纳  我 很 难 归纳 出来 
如果 让 我 说 事实  我 能 从头到尾 讲 一下 
审判长  直接 针对 起诉书 指控 的 教唆 作伪 证 的 行为 作 陈述 
李庄   引诱  教唆   这些 词 我 去年 看到 过 
 引诱   在 《 现代 汉语 词典 》 中 的 意思 是 引导  循循善诱 
只不过 现代人 将 其 作为 贬义词 表达  如果 说 我 所谓 的  引诱  徐丽 军 作证  我 认为 这 是 一 种 好 的 引诱 
那 是  引诱  她 说 实话  说 没有 违背 客观 事实 的 真话 
徐丽军 的 100 万 元 是 什么 性质  我 不 想 评价 
我 不 否认  徐丽 军 当初 拿 这 100 万 元 是 想 去 投资 
直到 今天 我 也 不 否认  她 投 钱 也 是 为了 盈利 
但是  自从 我 接受 了 孟 英 案 的 委托 以后  从 所 有 证据 中  没有 看到 一 份 能够 反映 出来 这笔 钱 是 投资 
而 客观 发生 的  展现 在 我 眼前 的 所有 的 东西  包括 工商 档 案  合伙人 章程  合同 等 材料  没有 一 份 体现 出 100 万 元 的 性质 是 投资 
相反  孟英 第一 次 是 因 涉嫌 侵占 被 抓 
孟英 被 取保 候审 以后  才 委托 我 作为 她 的 辩护人 
在 我 之前 的 三 个 律师 都 给 我 提供 了 大量 的 资料  包括 视频 资料 
大量 的 资料 都 没有 体现 出 100 万 元 是 投资  而 应该 是 借款 
徐丽军 第一 天 到 上海  亲口 对 我 说   原来 的 律师 找 过 我  让 我 改变 证言  但 我 信不过 他们 
 我 与 徐丽 军 总共 见 过 三 次 面  累计 见面 时间 不 到 四 个 小时 
而且  我 对 见面 的 每 一分  每 一秒 都 进行 了 录音 录 相 
我 申请 法庭 调 取 
我 相信 会 调取 到 
我 的 第一 个 观点 是  没有 发现 该 笔 款项 是 投资 
第二 个 观点  徐丽军 的 钱 是 借款 还 是 投资 
我 讲 过  我 作为 律师  所谓  诱导  教唆  过 徐丽军  从 法律 角度 对 她 讲解 什么 是 投资  什么 是 借款 
投资 是 不 能 撤回 的  借款 是 随时 主张 权利 的 
我 讲 过 这些 话 
