公诉人  直接 回答 问题 
你 看 过 证据 复印 资料 
里面 有 什么 
李庄  有 很多 东西 
公诉人  你 陈述 一下 

李庄  工商 档 案  合同 协议  企业 章程 
公诉人  有 没 有 民事 判决 书 
李庄  好像 有 
公诉人  有 没 有 徐丽 军 侦查 阶段 笔录 的 复印件 
李庄  太 多 年 了  我 记不清 了 
公诉人  你 跟 徐丽军 在 上海 见 了 几 次 面 
有 谁 在场 
李庄  三  四 次  累计 不 到 四 个 小时 
很多 人 在场  有 朱 某某 母亲  父亲  孟某  孟 家 的 亲戚 朋友 
公诉人  孟 家 的 亲戚 朋友  有 没 有 孟某 的 女儿 
李庄  其中 一 次 有 
公诉人  有 没 有 徐丽军 的 儿子 
李庄  我 记不清 了 
我 与 他们 都 是 非正式 的 见面 
公诉人  被告 人 直接 回答 问题 
李庄  我 不 记得 了 
斯伟江  法官  公诉人 提示 有 没 有 谁 
还是 诱导性 提问 
审判长  刚才 合议庭 看 的 很 清楚  反对 无效 
公诉人 继续 发问 
公诉人  你 刚 讲述 过  你 承认 有 引诱 行为 
杨 学林  反对 
李庄 说 的 是 所谓 的 
请 审判长 对 公诉人 这种 发问 方式 予以 制止 
公诉人  我 还 没有 说 完  我 不 否认 李 庄 教唆 过  引诱 过 

李庄  什么 叫 投资  借款  我 没有 违背 事实  改变 真相 
公诉人  目的 是 什么 
李庄  解释 两者 之间 的 区别  跟 孟 英 前任 律师 的 目的 是 一样 的 
公诉人  你 说 过  好像 见 过 民事 判决 
李庄  我 记得 不 是 很 清楚 
我 见 的 时候  不 是 终审 判决  也 没有 确认 其 股东 身份 
公诉人  徐丽 军 那天 出庭 作证 了 
李庄  是 
公诉人  谁 向 法庭 申请 徐丽 军 出庭 
李庄  我 接手 孟 英 案 后  孟英 的 前任 律师  孟英 的 亲戚  朱 某某 的 亲戚  我们 在 一起 多次 开会  研讨 这个 案 子 
公诉人  直接 回答 我 的 问题 
谁 申请 的 
李庄  如果 直接 回答  我 怕 法庭 听 不 懂 
审判长  被告 可以 适当 陈述 
李庄  作为 律师 应该 抓住 案 件 重点   挪用 资金  案 的 期限 三 个 月  我 关注 的 是否 超过 三 个 月 
是否 是 投资 
我 经过 大量 取证  发现 挪用 时间 不 到 三 个 月 
从 上海 孟 英 案 的 证据 目录 可以 看出  我 的 注意力 是 放 在 那 的 
开会 时  有 一个 律师 在 场  姓 王  是 位 法律 工作者  他 把 资料 给 我 
他 说 他 曾 找 徐丽军  并 录 了 音 
我 现在 开始 回答 公诉人 的 问题 
他 建议 朱  孟 两 家 把 徐丽军 从 东北 请 来 作证 
后来  朱  孟 两 家 与 徐丽军 闹 得 很 僵 
朱 某某 的 母亲 通过 朱 某某 的 同学 王某  把 徐丽军 接 到 上海 
是 孟英 的 前任 律师 提议 的 
申请书 是 我 依照 法律 规定 写 的 
公诉人  公诉人 听 清 了 
徐丽军 在 2008年 7月 30日 作证 的 内容 是 什么 
李庄  我 可以 叙述 一下  不要 打断 我 的 思路 
我 和 孟 英 当年 说 到 借款 的 问题  公诉人 当庭 火 了  对 徐丽军 说   你 怎么 说 是 借款  举报人 是 你  作证 也 是 你 
 徐丽军 说   对不起  我 常年 吸毒 
报 案 时  我 在 周 某某 家 吸毒 了  我 不 清醒 
他 带 我 到 公安局  当天 我 吸 的 剂量 过 大  身上 发冷  他 就 把 公安 大衣 给 我 
是 周 某某 跟 公安 说 的  公安 记录 
我 可怜 孟 英 的 三 个 孩子  上 了 周 某某 的 当 
 审判长 问   你 吸毒 么 
 徐丽军 说   我 吸  我 四 次 去 过 沈 阳 的 戒毒所 
 我 马上 出来 打电话 给 沈 阳 戒毒所  查徐丽军 的 住所 记录 
这 是 她 的 陈述  她 说 地球 上 好几 十亿 人  只有 她 和 孟英能 说 清 是 借款 还 是 投资 
公诉人  陈述 与 你 了解 的 事实 相符 么 
李庄  基本 属实 
公诉人  金汤 城 的 法定 代表 人 是 谁 
李庄  孟英  她 是 挂 名 的 
公诉人  公司法 规定  法人 能否 把 单位 资金 存入 个人 账户 
杨 学林  我 反对 
审判长  可以 
杨 学林  这个 问题 与 本 案 无关 
斯伟江  公诉人 进行 诱导 式 发问 
李庄  我 听 出来 了 
审判长  反对 有效 
公诉人 注意 
公诉人  好 
还款 协议 是 怎么 形成 的 
李庄  朱立杰  孟某 代表 双方 家庭  有 委托书 的  徐丽军 看 过 
公诉人  写 协议 的 过程 你 是否 参与 了 
李庄  有  肯定 有 
三 方 都 是 老百姓  都 缺乏 法律 知识  在 我 主持 下 签订 的 
公诉人  在场 有 哪些 人 
李庄  有 很多 人  孟英 他们 家 的 哥哥  姐姐  弟弟  妹妹 
公诉人  开庭 前  你 进 过 证人 等候 室 没有 
李庄  与 本 案 有关 么 
我 记 不 太 清 
公诉人  开 完 庭 以后  为什么 要 退出 辩护 
李庄  审判长  我 可以 说 么 
审判长  与 本 案 有关 的 可以 说 
李庄  与 本 案 有关 
我 为什么 退 
因为 在 孟 英 案 中  徐丽 军 出庭 作证 以后  公诉人 与 孟 家 发生 激烈 对抗  争吵 
孟英 的 亲戚 通过 张 三  李 四  好几 道 关系  与 公诉人 沟通 过  让 我 作 有 罪 辩护 
我 认为 孟英 是 无罪 的  没有 同意 
如果 要 我 改 为 有 罪 辩护  我 只能 撤出 来 
他们 家 还 请 了 另 一个 辩护人  辞职 前 是 检察院 公诉 科 的  是 公诉 科长 原来 的 同事  经 公诉 科长 介绍 的 给 孟 英 辩护 的 
审判长  围绕 重点 陈述 
李庄  你 听 我 说 完 
