杨 学林  你 第一 次 被 羁押 时 侦查 机关 扣押 过 什么 东西 
李庄  很多 东西 
杨 学林  你 后来 要求 归还 过 么 
李庄  有  当天 就 要求 归还 
杨 学林  你 在 看守所 羁押 到 今天  能 不 能 看 书  读报  看电视 
审判长  此问题 与 本 案 无关 
杨 学林  这 关系 到 李庄 的 权利 是否 被 剥夺  与 本 案 有关 
李庄  只能 看 电影  没有 报纸 看  看不到 实事 新闻 
审判长  请问 与 本 案 有关 的 问题 
杨 学林  这 与 我 的 辩护 观点 直接 有关  我 得 问 清楚 
杨 学林  你 上 一个 罪 的 执行 时间 
李庄  没有 执行 
杨 学林  你 办理 孟 英 案 收费 多少 
开庭 几 次 
会见 几 次 
调取 多少 份 证据 
提交 了 么 
申请 几 个 证人 出庭 
花 了 多少 时间 
李庄  收费 多少 忘 了 
开庭 一  两 次 
会见 次数 记不清 了 
调 取 了 几 十 份 证据 都 提交 了 
几 个 证人 出庭 记不清 了  有的 出 了  有的 没 出 
花费 多少 时间 记不清 了 
杨 学林  除了 孟英 的 案 子  你 办理 别的 案 件 也 要 像 这样 调查取证 和 申请 证人 出庭 吗 
李庄  肯定 的  我 办 的 任何 一个 案 件 都 要 看 材料 后  分析  取证 
杨 学林  这样 做 的 风险 你 知道 吗 
李庄  知道 
没 办法  我 既然 接受 委托  就 得 这样 办 
杨 学林  发问 结束  谢谢 审判长 
审判长  休息 十分 钟 
十分 钟 后  审判长  继续 开庭 
另 一 位 辩护人 发问 
斯伟江  经过 法律 分析 后  徐丽军 对 款项 性质 如何 认定 
李庄  是 借款 
斯伟江  孟英 在 庭审 中 认为 徐丽军 交 给 她 或 公司 的 钱 是 借款 还 是 投资 
李庄  先 按 借款 进来  后来 再说 
斯伟江  发问 完毕 
审判长  由 控  辩 双方 举 证 
杨 学林  审判长  能否 把 我 庭 前 提交 的 申请  法庭 予以 当面 答复 
我 在 阅卷 时  发现 控 方 又 提交 了 补充 证据 
对于 侦查 机关 在 起诉 以后 调 取 的  我们 认为 取证 时间 不 合法  我们 将 拒绝 进行 质证 
同时  发现 法院 于 4月 6日 送达 给 我们 的 控 方 证据  即便 在 控 方 对 缺 页 进行 补足 后  仍然 与 证据 目录 不 完全 相符 
我们 请求 法庭 责令 控 方 立即 提交 全部 证据  以便 辩护人 研究 质证 
如果 控 方 在 法庭 审理 过程 中 初次 提交  我们 将 请求 休庭 
如果 控 方 拒绝 提交  我们 将 请求 法庭 按照 《 中华人民共和国 刑事诉讼法 》 第四十五 条 第三 款 的 规定处理 
同时  我 还 请求 15 位 证人 出庭 
能否 由 法庭 或 公诉人 说明 一下 
谢谢 
审判长  法庭 在 庭 前 已经 将 有关 问题 转交 公诉人  公诉人 已 将 补充 的 证据 转交 了 辩护人 
杨 学林  我 经过 查阅 和 对照  发现 还 有 如下 几 份 缺 页  请 公诉人 能否 提交 给 我 
( 宣读 证据 目录  序号 4 控告 书  序号 13 调取 证据 清单  记账 凭 证  支付 系统 专用 凭 证  专用 发票 记账 联  序号 15 收条  序号 16 工商 银行 浦东 分行 账号 明细  序号 17 上海 事 久 金汤 城 沐浴 有限公司 （ 以下 简称 金汤 城 ） 预支 款项 单  序号 29 辩护 词  序号 40 王 某某 询问 笔录  序号 52 张某 出具 的 材料 
) 公诉人  我们 的 证据 是 齐全 的 
依法 查阅  复制 相关 证据 是 辩护人 的 职责  是 辩护人 自己 没有 前来 查阅 

斯伟江  你 有 什么 依据 说 我们 没有 履行 辩护 职责 
审判长  公诉人 有 言语 不当 
杨 学林  没 提交 的 证据 可能 是 公诉 机关 有所 疏忽  我 并 没有 说 你们 刻意 隐瞒  但 我 认为 是 侦查 机关 隐匿 证据 
我们 在 庭 前 已经 申请 法庭 调取 被 侦查 机关 扣押 的 李 庄 笔记本电脑  但是 法庭 告诉 我们 侦查 机关 拒绝 提供 
对于 侦查 机关 的 这种 做法  我们 认为 是 违法 的 
《 中华人民共和国 刑事诉讼法 》 第四十五 条 第三 款 规定   凡是 伪造 证据  隐匿 证据 或者 毁灭 证据 的  无论 属于 何方  必须 受 法律 追究 
 侦查 机关 的 这种 行为 属于 隐匿 证据  我们 请求 法庭 追究 其 法律 责任 
公诉人  第一  在 此 说明  庭 前  我们 为了 充分 保障 辩护人 查阅 的 权利  我们 已 全部 复印 交给 辩护 方 
辩护人 也 已经 查阅 
第二  根据 《 刑事诉讼法 》 规定  针对 该 问题 已经 做 了 比较 充分 的 说明  为了 保障 辩护人 查阅 案 件 材料  已 将 所有 定罪 证据 全部 复印 给 辩护人  绝对 没有 证据 突袭 的 做法  其他 的 在 案 证据 将 在 休庭 后 全部 提交 法院  辩护人 可以 向 法院 申请 调 取 
审判长  下面  由 公诉人 举 证 
公诉人  第一 组 证据  第一 项 是  接受 刑事 案 件 登记表  两 份  其中 一 份 证明 2010年 2月 9日 重庆 市 公安局 江北 分局 接受 龚刚模 的 表弟 龚 某某 向 该局 举报 李庄 在 代理 龚刚 模 案 中 涉嫌 合同 诈骗  重庆市 公安局 指定 江北区 公安 分局 管辖 李庄 涉嫌 合同 诈骗罪 一 案 
另 一 份 证明 2010年 1月 28日 江北区 检察院 将 徐丽 军 举报 李 庄 教唆 她 作伪 证 的 材料 移送 给 江北区 公安 分局  后者 接受 该 案 并 进行 登记  决定 对 李庄 立 案 调查 

斯伟江  公诉人 应当 说明 证据 的 名称  形成 时间 等 要素  否则 不 知道 与 辩护人 得到 的 复印件 是否 是 同 一 份 材料 
杨 学林  审判长  我方 主张 按照 控 方 证据 目录 的 序号 一 份 一 份 地质 证 
李庄  我 也 想 一 份 份 质证  便于 作出 详细 说明 
审判长  公诉人 有 何 意见 
公诉人  每 组 质证  是 为了 查明 法律 关系  有利于 提高 效率  我们 进行 一 组 一 质 
我们 在 设置 组 时  充分 保障 辩护 方 和 被告 听 清  可以 把 速度 放慢 一点 
审判长  同意 公诉人 分组 举 证  逐一 质证 
