公诉人  公诉人 的 意见 很 清楚  建议 辩护人 翻 法 条  就 在 手边 
斯伟江  下 一 份 证据 是 接受 证据 的 笔录 
还有 一 份 录像 
先 出示 录音 记录  徐丽军 是 这么 说 的 （ 宣读 录音 记录 ） 

这 份 证据 是 可以 与 其它 证据 相 印证  孟 英 说是 借款  和 法院 的 笔录 相同 
这 份 证据 是 从 移动 硬盘 里 拷贝 出来 的 
如 公诉人 认为 记录 不 可靠  可以 放 一下 录音 
审判长  将 你 这 份 证据 交给 公诉人 查看 
录音 记录 是 何 来源  必须 对 证据 来源 进行 举 示 
李庄  在 孟英 一 案  我 之前 的 律师  他们 退出 前 移交 给 我 的 
都 是 在 法庭 上 说 的 
徐丽军 在 2005年 就 跟 律师 说 了 
是 我 教 的 么 
公诉人 面对 这样 的 证据  谁 也 说 不 出 什么 了 
斯伟江  我 有 接收 证据 的 笔录  我 提供 的 文字 记录 给 你 参考  你 不 相信  可以 鉴定 
我们 也 同意 鉴定 
公诉人  没有 表明 录音 里面 徐丽军 之外 的 人 是 谁 
李庄  欧阳 法律 服务 所  W 
公诉人  他们 不 具备 取证 的 主体 资格 
这 一 份 材料  显然 不 合法  这 是 程序 方面 的 问题 
这 份 材料 只 能 证明  徐丽军 的 真实 意图  想 向 金汤 城 来 投资  因为 其他 原因 没有 成功 
没 说 是 借 给 孟英 个人 的 借款  不 能 证明 这个 事实 
因此  公诉人 认为 这 份 证言 的 真实性 不 能 确定 
公诉人 补充  第一点  这 份 录音 资料 的 取得 
录音 记录 说 是 上海 的 法律 服务 所  受 金汤 城 委托  向 你 了解 
委托 主体 是 谁 
是 在 孟 英 案 侦查 阶段  有 什么 资格 向 徐丽 军 调查取证 
即便 这 份 录音 提供 到 我们 面前  也 不 能 反映 出 是 借 给 孟英 个人 的 
请 辩护人 仔细 阅读 
相反  恰恰 证明 了 徐丽军 的 投资 意向 
第二点  举 证 程序 不 合法  应 予以 排除 
并 没有 举 证 证明 录音 的 完整性 
是否 有 剪接 
两 名 法律 工作者 是否 先 向 其 进行 教唆  再 录音 
因此  辩护人 举 示 的 证据 与 在 案 证据 完全 矛盾  不能 作为 证据 采 信 的 
李庄  这 一 份 证据 是 今天 开庭 以来  比 所有 的 证据 加 起 一百 倍 还要 大 
这 证明 在 我 接受 孟 英 案 之前  发生 的 所有 现象  跟 我 没关系 
在 我 当 辩护人 后 徐丽 军 法庭 上 说 的 话  不 是 我 教唆 的 
恳请 公诉人 撤回 起诉 
我 受不了 了 
审判长  被告人 表明 观点 
李庄  第三 公诉人 说  证明 那 两 个 也 在 教唆 
今天 向 法庭 转交 给 我 的 
教唆 我 了 
我 也 是 被 教唆 被 引诱 
我 什么 都 不 知道 
就 给 我 介绍 案 情  我 就 是 被害者 了 
我 后来 终止 了 代理 
马 上 从 记忆 中 删除 了 
这些 话  都 是 在 我 之前  她 对 那 两 个 律师 说 的 
不 是 我 教 的 
我 希望 法庭 播 一下  我 强烈 要求 徐丽 军 出庭 
同时 对 她 进行 鉴定 
第三 次 申请 徐丽 军 出庭 
说 法律 服务人员 没有 取证 资格  确实 没有 这 方面 的 规定 
斯伟江  公诉人 说 法律 服务 所 的 人 在 孟 英 案 的 侦查 阶段 不 能 取证 
这 份 证据 没有 写 是 为 刑事 案 件 取证 
不 是 作为 孟英 的 辩护人 取证  民事 证据  法律 服务 所 不能 取证 么 
看 二审 裁定  是 民事 案 件 终结 之前  终结 之后 也 可以 取证 
第二  公诉人 否认 这 份 证据 的 真实性 
徐丽军 自己 说  有 两 位 律师 找 他  可以 吻合 
第三  想 投资  我 还 想 当 皇帝 呢  行 么 
主观 的 想法 变成 客观 事实 要 讲 条件 的 
想 呀 
想 的 事情 可以 用 来 说 么 
李庄 还 想 无罪 呢  李庄能 无罪 么 
公诉人 讲 委托 主体 是 金汤 城  不管 谁 委托  怎么 能 违法 呢 
违 哪 一 条 法 了 
法律 人 讲话 要 有 法律 依据 
孟英 说  我 不 会 亏待 你 
陈芳英 是 私自 盖章 
我们 要 有 平常心  如果 你 认为 是 假 的  你 可以 申请 法院 鉴定 
我 还 怀疑 徐丽军 在 侦查 机关 的 签字 是 不 是 真 的 
杨 学林  第一点  录音 是 不 是 有 什么 剪辑 
有 什么 修改 
我们 与 公诉人 在 庭 前 交换 过 意见  公诉人 建议 为 节省时间 不 在 法庭 上 播放 这个 录音 了  只 提交 书面 记录 即可  而且 公诉人 表示 认可 书面 记录 与 录音 是 相同 的 
现在 既然 公诉人 提出 了 疑问  我 看 如果 不 播放 是 证明 不 了 是否 剪辑 和 修改 的 
如果 公诉人 有 这个 疑问  我 建议 立即 当庭 播放 录音 
第二点  公诉人 责问 我们  如何 能 证明 那 两 个 法律 工作者 在 录音 之前 没有 教唆 
这种 怀疑  可能 会 导致 所有 的 证据 都 没有 了 
因为 按照 这个 逻辑 我 要 怀疑  你们 提供 的 所有 的 侦查 机关 的 讯问 笔录  在 讯问 之前 有 没 有 刑讯 逼供 呢 
你 又 如何 能 证明 
李庄  我 想 借用 一下 辩护人 的 意思  把 一个 人 抓 起来  问 你 有 什么 证据 证明 你 无罪  是 一个 道理 
不 重复  通过 这 段 录音  更 应该 证明  徐丽军 的 人格  人品 
公诉人  我们 没有 说  是否 犯罪 需要 被告人 自己 证明 
我们 确认 你们 宣读 的 整理 资料 来源于 录音 
关于 法律 工作者 的 取证 资格  公诉人 现 答辩 被告 
这 两 个 是 以 孟英 是 刑事 辩护 人 的 身份  我们 质疑 
这 份 录音 没有 说 是 提供 给 孟英 个人 的 
挪用 资金 案 陈述 的 要点  这 两者 之间 是 不同 的 
这 份 证据 不能 否认 公诉 机关 指控 李 庄 引诱 
有 哪 一 项 证明  欧阳 法 服 所 是 孟英 的 代理人 
没有 在 委托 代理人 之 列 
