不 清楚 
徐丽军 与 王 某某 听说 是 夫妻  可是 儿子 姓 苏 
搞 不 明白 （ 重庆 话 ）  到底 怎么 回 事 
离婚 判决 是 怎么 说 的 
投资 到 金汤 城 是 怎么 回 事 
我 认为  是 不 是 徐丽 军 隐 名 到 王 某某 的 名下  王 某某 又 隐 名 在 孟英 的 名下 
到底 多少 钱 
谁 也 搞 不 清楚 
收 条 的 问题  我 仔细 在 认真 的 听  侦查 机关 就 没有 问 这些 东西  这么 关键 的 问题 都 不 问  应当 引起 法庭 的 深思 
另外  管辖权 的 问题 也 是 本 案 的 焦点 
虽然 都 是 中华人民共和国 的 法律  但 有些 案 子 确实 要 争 管辖权  是 法律 统一性 的 问题 
在 我们 的 社会 当中  有 一些 不 公平 不 合理 时  才 打 这 管辖权 争议 
得 有 法律 依据 和 程序 上 的 合法性 
作为 被告人  重庆 按照 合法 的 程序 争 到 了 管辖权  但是 有 一些 瑕疵  主要 犯罪 地 是 重庆 


我 不 是 罗嗦 的 人 
还有 一 句 话  我 不 能 忍受 的  李庄 明知 是 投资 款  还 教唆 她 是 借款 
 我 怎么 明知 是 投资 呢 
不 是 借款 
它 就 是 一 种 债  而且 有 多种形式 
徐丽军 的 目的 是 想 投资 赚钱  但 我 仍然 强调  现在 证据 充分 说明 了 不 是 投资 
公诉人 还 这么 说  我 也 是 不 同意 的 
我 再 傻 也 不 会  法院 已经 认定 是 投资 了  我 还 说 它 是 借款 
还有 一个 问题  侦查 终结 就 是 证据 关门 
这 门 不 是 不 能 打开 的  必须 有 法定 的 程序 
我 一再 的 问  确实 没有 
这 也 是 公诉 机关 的 疏忽 
我 的 身份 也 是 双重 的 
我 仍然 认为 我 没有 被 送 去 服刑 
下面 由 我 的 辩护人 说 
审判长  辩护人 发表 辩护 意见 
斯伟江 发表 辩护 意见 
李庄 再次 被 控 辩护人 妨害 作证 罪 一审 辩护 词 审判长  审判员  依据 我国 《 刑事诉讼法 》 等 的 相关 规定  本 律师 为 依法 维护 李 庄 合法 权益  特 发表 如下 辩护 意见 
【 特别 申明 】  本次 出庭 辩护  并 不 意味 律师 承认 贵 院 对本 案 有 管辖权  只是 为了 避免 李庄 的 合法 权益 受到 二 次 伤害  从而 依法 出庭 辩护 
辩护人 认为  本 案 从 侦查  到 起诉  再 到 审理  程序 屡屡 违法  漏洞百出 
俗话说  强 扭 的 瓜 不 甜  强 管 的 案 子  程序 上千 疮 百 孔 
程序 正义 犹如 交通 规则  如果 今天 江北区 公检法 可以 这样 不顾 交通 规则  把 李庄 撞 回 监狱  明天 任何 一个 老百姓 也 可以 被 撞 进 监狱  甚至 包括 在座 各位  谁 也 不 能 幸免 
我国 文革 才 过去 30 来 年  殷鉴 不 远  眼下 重 来  岂 非 悲哀 
有人 对 李庄 说  专政 机器 很 强大  对 谁  谁 都 抗拒 不 了 
专政 机器 依法 开动  当然 强大 
但是  如果 专政 机器 不顾 交通 规则  法定 程序  程序 正义  最后 恐怕  也 是 要 掉 到 沟 里 去 的 
始作俑者  其 无后 乎 
维护 法律 规定 的 程序  才 能 让 民众 权利 受到 保护  齐家 而 平 天下  这 就 是  为什么 我们 要 为 李 庄 辩护  既 为 李庄 个人  也 是 为了 这个 国家 的 长治久安 
以下 是 具体 辩护 意见  第一 部分  本 案 程序 严重 违法 【 案 件 时间 节点 】 从 本 案 程序 上 的 关键 时间 节点  就 可以 看出 本 案 程序 上 的 诸多 严重 违法 之 处  根据 卷宗 显示 本 案 程序 上 的 具体 时间表 如下  2010年 1月 16日  江北区 检察院 收到 徐丽军 的 举报 
2010年 1月 27日  江北区 检察院 将 举报 材料 移送 江北区 公安局 2010年 1月 28日  江北区 公安局 接受 刑事 案 件  并 进行 登记  领导 批示 是 初 查 
2010年 2月 9日  李庄 涉嫌 辩护人 妨害 罪证 罪 （ 龚刚 模 案 ） 二审 宣判 
2010年 2月 9日  龚刚模 的 表弟 龚云飞 向 江北区 公安局 举报 李庄 代理 龚刚 模 案 中 涉嫌 合同 诈骗  公安局 批示 初 查 
2010年 2月 10日  重庆市 公安局 指定 江北区 公安局 管辖 李庄 涉嫌 合同 诈骗罪 一 案 
2010年 2月 10日  重庆市 江北区 公安局 决定 对 李庄 涉嫌 合同 诈骗罪 立 案 侦查 
2010年 2月 10日  重庆市 第二 看守所 将 李 庄 带到 南川 监狱  同日 接 江北区 公安局 通知 带 出 
李庄 未能 在 监狱 服刑 
2010年 2月 11日  江北区 公安局 对 李庄 涉嫌 （ 上海 孟 英 案 ） 妨害 作证 罪 决定 立 案 侦查 
2011年 3月 28日  江北区 公安局 对 李庄 涉嫌 合同 诈骗  妨害 作证 罪  侦查 终结  移送 江北区 检察院 
2011年 4月 2日  江北区 检察院 将 李庄 涉嫌 辩护人 妨害 作证 罪 起诉 到 江北区 人民法院 
根据 以上 毫无疑问 时间 节点  辩护人 对 程序 上 提出 如下 意见  一  江北区 公安局 无权 管辖 本 案  本 案 从 侦查 开始 程序 上 就 违法 
【 先后 顺序 】 从来 没有 一个 案 子 是 因为 法院 有 管辖权  就 可以 推断 公安局 有 侦查 权  因为 法院 永远 在 公安局 之后  中间 还有 一个 检察院  这 等于 孙子 先 出世  再生 出 爷爷  既 违反 自然规律  也 违反 法定 程序 
任何 法院 无 侦查 权  本 案 也 不 例外 
因此  不能 因为 法院 有 管辖权 而 推 定 公安 机关 有 管辖权 
【 检察院 规则 】 江北区 检察院 2010年 1月 17日 接到 举报 时  应 按照 刑 诉 法 的 24 条 的 规定  应当 将 本 案 移送 到 犯罪 行为 地 上海市 徐汇区 公安局 
我国 刑事诉讼法 对 管辖 的 规定 非常 清楚  第18 条 规定  刑事 案 件 的 侦查 由 公安 机关 进行  法律 另 有 规定 的 除外 
本 案 应该 由 公安 机关 侦查 
《 人民 检察院 刑事 诉讼 规则 》 （ 以下 简称 《 检察 刑 诉 规则 》 ） 第一百二十四 条 第一 款 第一 项 关于  举报 中心 对于 所 收到 的 举报 线索  应当 及时 审查  并 根据 举报 线索 的 不同 情况 和 管辖 规定  在 七日 以 内 分别 作出 如下 处理  （ 一 ） 不 属于 人民检察院 管辖 的  移送 有关 主管 机关 处理  并且 通知 报 案 人  控告 人  举报人  自首 人 
