

 【 公安 规则 】 《 公安 刑 案 规定 》 第十五 条  刑事 案 件 由 犯罪 地 的 公安 机关 管辖 
如果 由 犯罪 嫌疑人 居住地 的 公安 机关 管辖 更为 适宜 的  可以 由 犯罪 嫌疑人 居住地 的 公安 机关 管辖  
根据 《 刑 诉 法 》 第八十四 条 第三 款 关于  公安 机关  人民 检察院 或者 人民法院 对于 报 案  控告  举报  都 应当 接受 
对于 不 属于 自己 管辖 的  应当 移送 主管 机关 处理  

 
【 审判 管辖 】 刑 诉 法 第24 条 明确 规定  刑事 案 件 由 犯罪 地 的 人民 法院 管辖 
如果 被告人 居住地 的 人民 法院 审判 更为 合适 的  可以 由 居住地 人民法院 管辖 
第 83 条 规定  公安 机关 或 人民检察院 发现 犯罪 事实 或者 犯罪 嫌疑人  应当 按照 管辖 范围  立 案 侦查 
人民 检察院 《 刑事 诉讼 规则 》 第124 条  对于 举报  不 属于 不 属于 人民检察院 管辖 的  移送 有关 主管 机关 处理  并 通知 报 案 人 
本 案 犯罪 地 在 上海 徐汇区  被告人 居住地 在 北京 
重庆 江北区 检察院 应当 将 本 案 举报 线索 移送 给 徐汇区 公安局 
综 上  以上 是 一 环扣 一 环  法律 规定 是 严谨 的 
无论 从 那 个 环节  本 案 都 不 应有 重庆 江北区 公安局 侦查  江北区 检察院 起诉  江北区 法院 审判  江北区 公安局 对本 案 无 任何 管辖 的 法律 依据  检察院 起诉 也 无 依据  法院 审判 也 没有 依据 
第二  所谓 合同 诈骗 重罪 吸收 妨害 作证 的 轻 罪  以此 并 案 侦查 也 没有 法律 依据 
【 没有 重罪  何 来 吸收 
】 从 控 方 提供 的 材料 看  李 庄 宣判 当日  既 发送 龚刚 模 表弟 举报 李庄 李庄 涉嫌 合同 诈骗  次日  重庆市 公安局 指定 江北区 公安局 立 案 侦查 
似乎 江北区 公安局 试图 以 重罪 吸收 轻 罪 的 方法 来 行使 对 李庄 涉嫌 妨害 作证 案 的 管辖 
然后  所谓 的 合同 诈骗 案  江北区 检察院 都 没有 起诉  皮 之 不 存 毛 将 焉 附  案 都 不 成立  根本 就 无 案 可 并  不能 以 一 个 不 成立 的 案 件 来 实际 行驶 一 个 对 此 本 无 管辖权 案 件 的 管辖 
要 借 力 也 得 有力 可 接  不 可能 凭空 来 一个 借 案 管辖 
如此 玩弄 法律  法律 岂 是 失足 妇女 
如此 可以  按照 逻辑  全 中国 任何 一个 人 都 可以 被 虚构 在 重庆 有 一个 重罪  然后 把 其他 地方 的 案 件 吸收 过来  再 撤销 重罪  重庆 公安局 成 了 全国 的 公安部  甚至  可以 把 全世界 的 人  包括 美国 总统 都 管辖 进来 
这种 荒唐 的 逻辑  如 成立  刑 诉 法 的 地域 管辖 的 规定 还 需要 吗 
第三  法院 以 最高 法院 刑 诉 法 司法 解释 第14 条 行使 原审 法院 管辖权  前提 不 成立 
贵院 宣称 依据 最高 法院 《 关于 执行 若干 问题 的 解释 》 （ 下 称 最高法院 刑 诉 法 司法 解释 ） 第14 条 规定 行使 对本 案 的 管辖权 
最高 法院 刑 诉 法 司法 解释 第14 条 规定  发现 正在 服刑 的 罪犯 在 判决 宣告 前 还有 其他 犯罪 没有 受到 审判 的  由 原 审 人民法院 管辖  如果 犯罪 服刑 地 或者 新 发现 罪 的 主要 犯罪 地 的 人民 法院 管辖 更为 合适 的  可以 由 服刑 地 或者 新 发现 罪 的 主要 犯罪 地 的 人民 法院 管辖 
【 发现 犯罪 时间 】 依照 前面 所 列 时间表  本 案  发现 所谓 漏 罪  在 二审 宣判 前  不 存在 服刑 期间 发现 的 事实  贵 院 援引 的 法 条 前提 不 成立 
魔鬼 藏 在 细节 中 
虽然 我国 现行 法律 对  发现 犯罪  定义 无 相关 司法 解释  然后  不管 以 哪 种 解释  都 无法 证明 贵 院 对本 案 有 管辖权 
【 举报 时间 在 宣判 前 】 如 发现 所谓 漏 罪 时间 为 本 案 接受 举报 时间  则 2010年 2月 9日 之前 对 李 庄 妨害 作证 案 的 判决 应予 撤销 
如果 将  发现 漏 罪  定义 为 发现 犯罪 线索 如 举报  那么 本 案 发现 李庄 涉嫌 漏 罪 应当 在 二审 宣判 前  那么  根据 最高人民法院 司 1993年 给 江西 高院 的 批复 （ 1993 ） 3 号 规定  当时 的 二审 法院 应当 将 本 案 发 回 重 审  将 两 案 合并 处理  由于 所谓 漏 罪 是 同 种 罪  对 李庄 不 实行 数 罪 并 罚 [ 1 ]  （ 详 见 最高 法院 的 批复 ） 
江北区 公安局  检察院  没有 理由 不 知道 李 庄 案 当时 为 二审 期间  因此  江北区 检察院 把 案 子 藏 起来  违背 现行 法律 规定  是 一 种 涉嫌 渎职 行为 
即使 构成 犯罪  李庄 也 只 要 受 一 次 审判  检察院 凭空 把 李庄 变成 两 次 审判  不 也 是 一 种 涉嫌 违法 行为 吗 
【 合同 诈骗 不 是 漏 罪 】 如果 把  发现 漏 罪 定义 为 龚刚 模 合同 诈骗 案  那么 该 罪 实际 并 不 成立  无法 依据 合同 诈骗罪 的 依据 来 管辖 辩护人 妨害 作证 罪 
这 等于 张冠李戴  能 套 得 上 吗 
法律 依据 何在 
【 公安局 立 案 没有 证据 】 如 将 发现 漏 罪 时间 定 为 本 案 公安 立 案 侦查 时间  也 是 无稽之谈  公安 都 没有 任何 证据  凭 什么 立 案 
通过 查阅 本 案 案 件 可以 发现  本 案 江北区 公安局 立 案 调查 李庄 涉嫌 辩护人 妨害 作证 罪 时  就 是 李庄 原 妨害 作证 案 二审 宣判 的 次日  当时  除 举报 材料 之外  并 无 其他 任何 证据 
什么 证据 都 没有 的 立 案  违反 公安部 《 关于 办理 刑事 案 件 的 程序 规定 》 第159 条  甚至 162 条 
立 案 侦查 
首先 必须 有 发现  犯罪 事实   在 只 有 徐丽军 的 举报  江北区 公安局 就 能 断定 李 庄 有 犯罪 事实 
提审 李庄 关于 涉嫌 妨害 作证 都 在 2010年 11月 之后  公安 2月 11日 就 立 案  岂 不 是 神仙 
如 国际歌 所 言  世上 没有 神仙  江北区 公安局 如果 这种 做法  只能 推 定  公安 机关 不 不择手段  违法 管辖 
