如 是  如 以 立 案 时间 定 发现 漏 罪 时间  变成 公安 机关 可以 随时 界定 发现 犯罪 时间 
退 一 步 讲  即使 依据 本 条 规定  江北 法院 有 管辖权  也 不 意味着 江北 公安局 有 侦查 权 
不 能 倒 因为 果 
法院 的 是 审判 管辖权  而 公安 是 立 案 侦查 管辖权 
两者 不同 
如果 李 庄 案  江北区 公安局  检察院  法院 能 管  那么  徐丽军 涉嫌 构成 伪证罪  谁 来 管辖 
如果 徐丽军 归 上海 管辖  上海 管辖 了 吗 
重庆 公安局 移送 犯罪 线索 了 吗 
第 四  其他 程序 严重 违法 的 事实 【 服刑 地 违法 】 本 案 中  李庄 在 2010年 2月 9日 宣判 后  次日 被 送 到 南川 监狱  蜻蜓点水  手续 都 没 办 完  就 回到 重庆市 第二 看守所  根据 我国 法律 规定  超过 1年 的 有期徒刑 应当 送 到 监狱 
本 案 李 庄 实际 服刑 地 在 重庆市 第二 看守所  根据 案 卷 在 2010年 8月 之前  公安 机关 没有 任何 侦查 材料 
实际上 是 强行 把 李庄 从 应当 服刑 的 监狱 放到 看守所 服刑  剥夺 了 其 在 环境 相对 宽松 监狱 服刑 的 权利 
这 是 严重 违法 的 
【 侦查 期限 超长 违法 】 本 案 侦查 期限 长 达 一年 多  中间 没 看到 任何 合法 延长 法律 文书  江北区 公安局 严重 违反 刑 诉 法 的 期限 规定 
作为 法律 监督 机关 的 检察院  对 此 没有 任何 片言只语 的 监督 
法律 监督 职能 何在 
【 剥夺 侦查 期间 请 律师 的 权利 】 李庄 在 长 达 一年 多 的 侦查 过程 中  没有 享受 接受 律师 提供 法律 帮助 的 权利 
卷宗 之中  只有 涉嫌 合同 诈骗罪 的 会见 
李庄 在 本 案 中  没有 受到 法律 规定 侦查 阶段 请 律师 的 权利 
这个 违法  检察院 有 没有 进行 监督 
【 本 案 变相 不 公开 审理 】 本 案 看似 100 多 号 人 来 旁听  但是  法官 对 家属 要求 有 派出所 证明 才 能 进去  这样 的 要求 完全 没有 法律 依据  请 法官 出示 法律 依据 
其他 公民 申请 旁听  也 被 拒绝  而 法庭 上  从 开庭 开始  第一 排 的 座位 就 只 有 两 个 法警 坐 
这样 的 审判 完全 违背 了 公开 审判 的 规定 
【 法庭 不 接受 录像 证据 违法 】 辩 方 提供 的 李庄 和 徐丽军 的 录像  是 为了 反驳 控 方 提供 徐丽 军 笔录 中  涉及 所谓 李 庄 教唆 其 在 朱立岩 死刑 案 件 中 作 伪证  录像 显示  李庄 让 其 客观  实事求是  在 同 一 份 笔录 中  徐丽军 会 诬陷 李 庄 在 朱立岩 案 件 作伪 证  可想而知  徐丽军 指控 李庄 在 孟 英 案 的 伪证  是 靠不住 的 
这样 的 证据 是 反驳 控 方 证据 的  法庭 说 与 本 案 无关  显然 是 违法 的 
结论  一个 本来 就 无 管辖权 的 案 件  非得 强 拿 到 重庆 来 管辖  所以  才 会 有 拼凑  才 有 强词夺理  千疮百孔 
辩护人 不 谈 有 什么 目的 和 动机  我们 只 是 强调  这样 的 侦查  起诉  审判 一点 合法性 都 没有 
合议庭 做出 的 任何 判决  都 将 是 枉 法 裁判  为 历史 所 耻笑  同时  也 必将 承担 相应 的 法律 责任 
第二 部分  李庄 并 没有 引诱  教唆 的 证人 改变 证言 
实体 上  李庄 并 无 引诱 证人 改变 证言 的 事实  公诉 机关 起诉 证据 严重 不足 
一 本 案 的 取证 程序 违法 和 证人 可信度 极 低 1  取证 程序 严重 违法 【 侦查 主体 违法 】 由于 本 案 重庆市 公安局  江北 公安 分局 都 没有 管辖权  侦查 主体 全部 违法 
所 作 的 侦查 笔录 和 取 的 证据 全部 系 违法 无效 证据 
【 侦查 何时 终结 】 本 案 的 较 多 证据 系 2011年 3月 28日公 安 侦查 终结 后 再行 调查 取得  有 部分 甚至 在 法院 审判 阶段 取证  这 类 证据 没有 法律 效力 
辩护人 诧异 的 是  公诉 机关 居然 还 敢 拿 到 法庭 上 来 出示  如果 这 可以  什么 叫 侦查 终结 
有 完 没完 
公诉人 居然 说  依据 刑事诉讼法 第140 条 第一 款  真是 令 人 大 跌 眼镜 
【 侦查 地点 】 本 案 证人 的 侦查 地点 多 在 证人 家里  侦查 人员 住 的 宾馆  茶楼  辩护人 奇怪 为什么 如此 强势 的 侦查 机关 如此 迁就 证人  难道 是 有 求 于 证人 
我国 《 刑事诉讼法 》 97 条 明文规定  侦查 人员 询问 证人  可以 到 证人 的 所在 单位 或者 住处 进行  必要 的 时候  也 可以 通知 证人 到 人民 检察院 或者 公安 机关 提供 证言 
侦查 机关 如此 在 茶楼  宾馆 取证  做 个 说明 是 证人 提出 的 要求  那么 试问 证人 要 边 洗 桑拿 边 做 笔录 行 吗 
【 侦查 人员 】 侦查 人员 李 军 身份  一会儿 是 江北 分局  一会儿 是 重庆市 公安局 
虽然 公诉人 说 本 案 情况 特殊  市 局 宏观 上 指导  这 已经 远远 超出 宏观  已经 在 微观 上 插手 了  这 是 违法 的 
2  证人 可信度 极 低 
【 徐丽军 不 是 证人 而是 伪证 主犯 】 如果 本 案 对 李庄 指控 成立  徐丽军 涉嫌 在 出庭 作证 时 公开 进行 伪证 行为  触犯 刑法 305 条  构成 伪证罪  且 属于 主犯 
本 罪 不 对 其 进行 逮捕 起诉 而 追究 李庄  明显 系 恶意 执法 报复 性 执法 
对 徐 以 不 起诉 换取 的 证言  明显 是 胁迫 证言  不 真实 证言  无效 证言 
【 主要 证人 系 直系亲属 】 本 案 指控 被告人 李庄 涉嫌 辩护人 妨害 作证 的 证人  主要 是 举报人 徐丽军 及其 家人  （ 儿子 苏文龙 和 母亲 ）  这种 一家 人 本身 利害 关系 明显  其 证言 证据 效力 有限 
【 证人 吸毒  反复无常 】 本 案 主要 证人 和 举报人 徐丽军  吸毒 多 年  四 次 进 过 戒毒所  在 公安  法院  律师 处 的 证言 多 处 反复  在 上海 表演 多次 跳楼 秀  在 上海 徐汇 检察院 表演 跳楼 秀  其 今天 的 书面 证言 根本 就 不 可信 
【 证人 徐丽 军 说谎 】 辩 方 提供 的 录像 证据 显示  徐丽军 在 本 案 笔录 中  说 李庄 在 朱立岩 案 中 让 其 做 为 证  完全 是 虚假 的 
