1  李庄 没有 对 徐丽军 进行 威胁  引诱 和 教唆 在 经济 交往 中  许多 当事人 对于 自己 拿 出 去 的 钱 是 属于 投资 款 还 是 属于 借款  可能 会 有 不 准确 的 认识 
把 借款 误 认为 是 投资 款 的 情况 时有发生 
徐丽军 是 一个 普通 的 妇女  她 不 是 一个 投资 的 专业 人士  不 可能 懂得 投资 的 法律 规定 
如果 这样 的 人 听 到 律师 说 你 的 钱 按照 法律 规定 不 是 投资 而是 借款 
然后 按照 律师 的 观点 去 法院 改变 了 证言  那么  以 本 案 侦查 机关 的 做法  这个 律师 就要 被 抓 起来 判刑 
如果 这样 做 是 违反 法律 的  那么 侦查 机关 就 是 蓄意 枉 法  如果 这样 做 是 符合 法律 的  那么 这样 的 法律 就 是 恶 法 
因为 这 将 对 中国 律师 行业 带来 灾难 性 的 后果  从而 不 利于 社会主义 法制 建设 
徐丽军 在 2011年 3月 27日 的 笔录 中 提到 李庄 时 称   我 说 不 是 投资 款  他 还 给 我 讲 了 投资 款 和 借款 在 法律 上 的 区别   证人 王 辽 在 2011年 3月 27日 的 笔录 中 也 说   李庄 就 用 法律 方面 的 规定 告诉 徐丽军  什么 算 借 钱  什么 算 投资 款  
这 说明 李庄 是 在 以 一 个 法律 工作者 所 掌握 的 法律 知识  来 向 徐丽军 进行 讲解  告诉 徐丽军 什么 是 正确 的  什么 是 错误 的 
在 这个 过程 中  没有 发现 李庄 对 徐丽军 进行 威胁  引诱 和 教唆 的 情况 
当然 我 也 注意 到  徐丽军 在 笔录 中 提到 李庄 向 其 承诺 如果 孟英 不 归还 她 的 欠款  李庄 自己 归还 她 这些 欠款 
这种 说法 由于 被 李庄 所 否定 而 徐丽军 无法 自圆其说 外  我 也 认为 没有 合理性 因而 不 具有 真实性 
案 卷 材料 显示  李庄 担任 孟 英 挪用 资金 案 的 辩护人  律师费 是 5 万 元 
这 5 万 元 律师费 是 交 到 律师 所里 的  扣除 各种 税费 和 管理费  李庄 个 人 能够 得到 的 应该 只 是 5 万 元 中 的 一部分 
除此之外 李 庄 并 没有 从 孟英 处 拿 到 钱  也 没有 获得 孟英 对 案 件 结果 进行 奖励 的 承诺 
他 不 可能 向 徐丽 军 承诺 如果 孟英 不 归还 就 由 自己 归还 83 万 元 欠款 
退 一 步 讲  对于 83 万 元 这样 数额 巨大 的 款项  如果 没有 书面 协议  即使 李庄 有 这样 的 口头 承诺  徐丽军 也 不 可能 相信 李庄 
因为 在 此 之前  在 有 打 款 凭 证 的 情况 下  在 已经 有 生效 的 民事 判决 书 的 情况 下  83 万 元 欠款 都 没有 能够 要 回来 
徐丽军 有 什么 理由 相信 自己 并 不 熟悉 的 李庄 的 空口 承诺 
因此  本 案 不 能 充分 排除 徐丽军 为了 要 回 欠款  主动 要求 改变 证言 的 可能性 
而 李 庄 仅仅 是 向 徐丽军 解释 了 法律 的 规定 
2  徐丽军 在 接触 李庄 之前 即 已经 改变 了 证言 徐丽军 改变 证言 并 不 是 2008年 李 庄 介入 孟 英 案 后 才 发生 的 
早 在 2005年 徐丽军 就 已经 改变 了 证言  而 这 与 李 庄 无关 
徐丽军 在 2010年 8月 22日  27日 和 11月 4日 多 份 询问 笔录 中 均 提到  2005年 上海 两 个 律师 （ 实际 为 法律 工作者 ） 向 她 进行 了 调查  她 改变 了 证言  证明 100 万 元 是 借款  还有 录音 
既然 在 李庄 接受 孟英 委托 之前  徐丽军 已经 改变 了 100 万 元 是 投资 款 的 证言  并且 李庄 已经 拿 到 徐丽军 改变 证言 的 录音 资料 
既 有 书面 材料  又 有 录音 
这些 证据 已经 可以 用 作 证明 100 万 元 是 借款 的 证据 
在 这种 情况 下  即便 徐丽军 不 出庭 作证  李庄 也 可以 向 法庭 出示 这些 证据 
李庄 完全 没有 必要 以 自己 归还 83 万 元 为 代价 来  引诱  徐丽军 改变 证言 
3  李庄 没有 要 徐丽 军 违背 事实 改变 证言 所谓  辩护人 妨害 作证   使 证人 改变 证言  关键 要 看 其 证言 的 真实性 
如果 其 改变 后 的 证言 反映 了 真实 情况  则 不但 没有 妨害 作证  而且 还 有助于 帮助 司法 机关 查清 案 件 事实 
证据 材料 显示  徐丽军 改变 后 关于  借款  的 证言 才 反映 了 真实 情况  而 其 关于  投资  的 证言 却 反映 了 虚假 情况 
从 工商 档 案 材料 和 上海 徐汇区 人民法院 的 民事 判决 可知  徐丽 军 自始至终 就 不 是 金汤 城 的 股东 
连 股东 都 不 是  当然 也 就 不 存在 投资 款 
即便 有 的 人 在  出资  的 当时 自 认为 是 投资 款  但是 后来 由于 某种 原因 没有 成为 股东  这些  出资  的 属性 充其量 也 就是 借款 
因此  不管 个人 在 当时 或者 后来 是 如何 认为 的  都 不能 否认 其 借款 的 属性 
金汤 城 的 财务人员 周立新 2008年 7月 30日 在 上海市 徐汇区 人民法院 作证 时  肯定 徐丽军  投入  的 100 万 元 是 借款 而 不 是 投资 
我 注意 到 有 的 证人 有  投资 款  的 证言  我们 当然 不 能 以 六年 之后 的 个人 证言  来 推翻 当时 工商 登记 部门 的 档 案 
否则 的话  将 会 严重 扰乱 我国 的 经济 秩序 
因为 如果 仅 凭 证言 就 能 认定 某人 的 股东 资格  一些 别有用心 的 人 就 不必 通过 真实 的 出资 来 成为 股东 了  他们 可以 不 花 一分 钱 而 成为 一个 大 企业 的 股东 
4  徐丽军 改变 证言 有 其 目的  并非 外来 因素 所 致 从 徐丽军 一直 的 心理 状态 看  她 并 没有 与 公司 风险 共 担 的 心理 准备  而是 以 追 回 自己 的 钱 为 目的  一会儿 说 是 投资  一会儿 说是 借款 
为 此 还 进行 过 假 自杀 
不论 她 说 什么  她 心里 想 的 是 要 把 出资 拿 回来 
这种 心理 状态 恰恰 是 一 种 借款 的 心理 状态 
因为 没有 一个 真正 的 股东 所 追求 的 目标 是 想 把 出资 抽 回 来  而是 将 来 的 投资 回报  即 分红 
如果 徐丽军 想 当 一个 真正 的 股东  任凭 外人 怎么 教唆  她 也 不 会 轻率 地 把 投资 款 改 说 成 借款  而 把 他 的 股东 资格 给 弄 没 了 
