因此  徐丽军 的 所谓 出资  不论 从 客观 事实 上 还是 从 他 本人 的 心理 上 看  都 属于 借款 
其 在 作证 时 说  借款  既 没有 违背 客观 事实  也 没有 违背 其 主观 愿望 
综上所述  李庄 以 自己 掌握 的 法律 知识 告诉 徐丽军 其 出资 不 属于 投资 而 属于 借款 的 行为  不 符合 刑法 上 关于  威胁  引诱  的 犯罪 构成  不 是 犯罪 
二  指控 李 庄 犯罪 的 证据 不足 在 刑事诉讼法 规定 的 七 大 证据 种类 中  本 案 只 有 三 种  即 犯罪 嫌疑人  被告人 供 述 和 辩解  证人 证言 和 书 证 
下面 就 来 看看 这些 证据 是否 达到 了 定罪 的 证明 程度 
1  证人 徐丽军 与 李庄 有 利害 关系  可能 影响 其 证言 的 真实性 
徐丽军 向 孟英 追 要 欠款 一直 没有 成功  为此  徐丽军 还 曾经 到 北京 找 李庄 
徐丽军 与 李庄 之间  有 一定 的 矛盾  这 一 事实  从 徐丽军 的 证言 中 都 可 看出 
这种 情况 下  徐丽军 的 控告 和 证言 的 真实性 都 值得 怀疑  徐丽军 的 证言 应当 有 其他 证据 的 补强 
只有 在 得到 其他 证据 充分 印证 的 情况 下  徐丽军 的 证言 的 真实性 才 能够 得到 认定  其 证言 才 能够 作为 定 案 的 根据 
李庄 是 于 2010年 1月 8日 被 重庆市 江北区 人民法院 一审 定罪 判刑 的  按照 控 方 的 说法  江北区 人民检察院 于 2009年 1月 16日 收到 了 徐丽 军邮 寄 的 控告 李庄 的 材料 
当然 是否 确 有 其 事 还 是 个 迷  因为 就 目前 的 证据 来 看 还 无法 证明 这 一 事实 
这 件 事情 迷 就 迷 在 不 合乎 常理 
如果 李 庄 果真 存在 被  徐丽 军控 告  的 行为  在 83 万 元 巨额 款项 无法 追 回 的 情况 下  徐丽军 没有 必要 等 到 数 年 后 才 提出 控告 
徐丽军 在 2010年 8月 22日 的 询问 笔录 第10 页 证明  她 控告 李庄  是 因为 李庄 让 其 作 伪证  其 有 负罪感  同时  李庄 没有 履行 帮 其 讨 回 欠款 的 承诺 
如果 作 伪证 有 负罪感  徐丽军 应当 去 司法 机关 自首 其 犯 有 伪证罪  如果 李庄 没有 履行 帮 其 讨 回 欠款 的 承诺  想 要求 李 庄 履行 承诺  李庄 都 已经 被 判刑 了  他 如何 给 你 钱 呢 
因此  在 徐丽军 的 证言 中 出现 的 她 控告 李 庄 是因为 李 庄 让 其 作 伪证 的 解释  无法 得到 其他 证据 的 印证  这 一 解释 的 真实性  合理性 值得 怀疑 
2  部分 证人 之间 有 亲属 关系  证言 之间 的 相互 印证 不足以 保障 证言 的 真实性 
证人 之间  苏文龙 是 徐丽军 的 儿子  孟玲 是 孟英 的 姐姐  闵圣闻 是 孟玲 的 女儿  戴桂秋 是 朱立岩 的 母亲  证人 之间 存在 直接 的 亲属 关系 
一般来说  他们 之间 的 证言 很 容易 取得 一致 
而 这种 一致 的 达成 往往 不 是 客观 真实 的 反映 
一般 情况 下  证据 之间 内容 上 的 印证  特别 是 细节 上 的 印证  有助于 证明 证据 的 真实性 
但 在 证人 之间 存在 直接 的 亲属 关系 和 证人 之间 有 联系  沟通 的 条件 的 前提 下  证人 证言 之间 的 印证 对 证据 真实性 的 保障  一般来说 意义 不 大 
在 本 案 中  不 能 仅 凭 证 人 之间 证言 的 一致性  就 认定 证据 确实 充分 
判断 这些 证人 证言 是否 真实  必须 有 其他 证据 的 印证 
3  证人 证言 缺乏 其他 客观 证据 的 印证 
在 本 案 中  除了 证人 证言 外  没有 其他 证据 能够 直接 证明 被告人 李庄 实施 了 妨害 作证 的 犯罪 行为 
李庄 是否 让 徐丽军 按照 其 安排 将 对 投资 的 证言 改 为 借款 的 证言  既 没有 录音 等 视听 证据  也 没有 书 证 等 其他 证据  证言 本身 的 真实性 都 无法 得到 查证 属实  更 不 能 仅 凭 证言 就 认定 李庄 实施 了 起诉书 指控 的 犯罪 行为 
4  部分 证据 因 取证 程序 违法 而 失去 或者 降低 证明 效力 
（ 1 ） 取证 时间 不 合法  如 2011年 3月 31日 向 苏文龙 的 取证  2011年 3月 30日 向 田 劼 的 取证  2011年 3月 29日 向 张勤 的 取证 
根据 起诉书 所 称  本 案 是 2011年 3月 28日 侦查 终结 移送 审查 起诉 的 
由于 未 见 补充 侦查 的 有关 法律 手续  我们 认为 此后 的 取证 均 为 非法 
（ 2 ） 取证 地点 不 合法  如 对 苏文龙 的 取证 地点 是 在 茶楼  对 孟英 的 取证 地点 是 在 新乡 居委会 办公室  对 张勤  俞明 的 取证 地点 是 上海市 司法局  对 闵圣闻 的 取证 地点 是 在 淮海 中路 1728 号 523 室  对 戴桂秋 的 取证 地点 是 沈 阳 市 辽宁 大厦 413 房间 
《 中华人民共和国 刑事诉讼法 》 第九十七 条 规定   侦查 人员 询问 证人  可以 到 证人 的 所在 单位 或者 住处 进行  但是 必须 出示 人民检察院 或者 公安 机关 的 证明 文件 
在 必要 的 时候  也 可以 通知 证人 到 人民 检察院 或者 公安 机关 提供 证言 
 综合 上述 取证 地点  均 不 是 法定 的 三 个 地点 
（ 3 ） 侦查 人员 采取 诱导 式  陷阱 式 提问  如 对 戴桂秋 的 询问   徐丽军 与 孟英 合伙 做 的 生意 如何 
 这 是 一个 两 难 问题  无论如何 回答  都 首先 肯定 了 徐丽军 与 孟英 是 合伙 做 生意  当然 就 是 投资 和 股东 了 
又 如 对 杨盛梅 的 询问   那 到底 是 谁 教唆 徐丽军 在 孟 英 涉及 的 一个 官司 上 作 伪证 的 
 先 肯定 了 有人 教唆  不论 回答 是 谁  都 有 犯罪 发生 
这 是 对 一 位 77 岁 老人 的 提问  你 让 她 如何 识别 
（ 4 ） 侦查 人员 欺骗 证人 涉 案 案 由  如 对 闵圣闻 的 询问   现在 我们 就 孟 英 挪用 资金 案 的 有关 情况 找 你 进行 调查 核实  
这 是 违背 客观 事实 的 
孟 英 案 的 侦查 机关 是 上海 的  重庆市 的 侦查 机关 前来 侦查 的 是 李 庄 案 
这种 故意 隐瞒 案 由  欺骗 证人 的 做法  违反 取证 规则  也 是 不道德 的 
