就 在 刚才  控 方 还 用 更加 不堪入耳 的 语言 给 李庄扣 上 了  破坏 我国 刑事 诉讼 制度  的 文革 式 大帽子 
说实话  我 在 未 接触 本 案 之前 也 从 某些 部门 和 媒体 获悉 了 李庄 的 一些 做法  对 李庄 的 职业道德 产生 过 怀疑 
但是 当 我 查阅 了 本 案 材料 并且 三 次 会见 了 李庄 之后  我 觉得 我 受骗 了 
我 认为 今天 有 必要 在 此 为 李庄正名  李庄 是 一个 具有 职业道德 的 优秀 刑事 辩护 律师 
仅 就 孟 英 案 来说 
李庄 接受 委托 担任 孟英 的 辩护人 后  于 2008年 5月 4日  李庄 立即 会见 了 孟英  查阅 案 件 材料  对 本 案 进行 深入 分析 
依据 法律 和 事实  为 孟 英 拟定 了 无罪 辩护 的 辩护 方 案 
至 2008年 7月 30日 开庭  李庄 数十 次 从 北京 赶到 上海  先后 会见 孟英 8 次  向 法庭 提交 了 45 份 证据  仅 证人 就 达 23 名 之 多 
戴桂秋 在 2010年 8月 24日 的 笔录 中 说   李庄 在 法庭 表现 好  跟 之前 聘请 的 律师 比 起来 敢于 说话 
 朱立岩 在 2010年 9月 14日 的 笔录 中 也 对 李庄 的 辩护 工作 给予 了 肯定   李庄 的 辩护 才 能 不错  能够 把 我 想 说 的 话 都 说 出来 
 我 想 请 大家 思考 一下  在 我国 的 那些 头 上 顶 着 光环 的 大 牌 律师 中  有 谁 能够 做到 对 一个 只 收 五 万 元 的 案 子 如此 认真 和 付出 
大家 也 都 看到 了  在 本 案 的 庭审 过程 中  李庄 在 手中 没有 任何 材料 的 情况 下  能够 发表 详细 的 质证 意见  而且 还 能够 熟练 地 引用 法律 条文  甚至于 他 的 质证 质量 有的 还 超过 了 我们 两 位 辩护人 
这 与 他 常年 累 月 的 勤奋 和 积累 是 分 不 开 的 
我们 无法 想想  具有 如此 水平 并且 同时 也 深知 刑 辩 业务 风险 的 一 位 资深 律师  会 去 教唆 证人 违背 事实 改变 证言 
昨天  李庄 在 回答 我 的 提问 时  已经 给 出 了 答 案  这 是 绝对 不 可能 的 
而且  李庄 还 斩钉截铁 地 否认 了 他 在 执业 中 有 任何 妨害 作证 的 行为  而且 是 在 所有 的 经办 案 件 中 
五  侦查 机关 的 许多 做法 突破 了 法律 与 良心 的 底线 办 案 机关 的 职责 是 通过 追究 违法 犯罪  依法 保护 人民 群众 的 人身 和 财产 安全 
如果 在 办 案 中 视 法律 于 儿戏  肆意 玩弄 法律  则 人民 群众 的 信任感 和 安全感 将 逐渐 降低 
我 感到 十分 可笑 的 是  刚才 控 方 竟然 说 李庄 是 在 玩弄 法律 
事实 胜 于 雄辩 
到底 是 谁 在 玩弄 法律  请 看 如下 事实  1  2010年 2月 9日  李庄 被 重庆市 第一 中级 人民法院 终审 判处 有期徒刑 一年 六 个 月 
同日 接到 执行 通知书 
第二 天 即 2月 10日  李庄 被 送 到 南川 监狱  服刑  
正在 办理 入 监 手续 时  李庄 被 告知 又 发现 了 漏 罪  需要 再 回 看守所  配合 侦查 办 案  
（ 见 2011 3 25 重庆市 第二 看守所 《 情况 说明 》 ） 这个 过程 前后 五 个 小时 左右 
侦查 机关 也许 以 为 他们 很 聪明  用 这个 办法 就 可以 说 是 在 李庄 的  服刑  期间 发现 了 漏 罪  因而 可以 适用 刑事诉讼法 解释 第十四 条 的 规定  由 原审 法院 审理 
岂 不 知 卷宗 材料 显示 的 发现  漏 罪  时间 并非 李庄 被 送 到 监狱 的 时间  而是 此前 的 1月 27日 
这种 情况 恰恰 不 能 适用 上述 司法 解释 
侦查 机关 早 不 说 发现 漏 罪  晚 不 说 发现 漏 罪  恰恰 在 李庄 被 送 到 监狱 的 时候 发出通知 称  李庄 还 有 余 罪 未 被 追究  
这 种 类似 于 游戏 的 办 案  留给 我们 的 印象 是 拙劣 的 玩弄 法律 的 技巧 以及 对 被告人 的 肆意 欺骗 
2  合同 诈骗 案 于 2010年 2月 10日 立 案  此后 一 天 辩护人 妨害 作证 案 立 案 
这 是 因为 办 案 机关 明知 其 对 后 罪 无 管辖权  而 企图 以 先 立 案 有 管辖权 的 来 争夺 其 对 后 罪 的 管辖权 
严格 地 说 不 存在 争夺  因为 没有 其他 地方 在 与 重庆市 争夺 
这 是 因为 其他 地方 并 不 认为 李庄 在 他们 那里 的 行为 属于 犯罪  否则 的话  岂 不 是 在 发生 这种 行为 的 2008年 就 已经 在 那个 地方 立 案 侦查 了 
办 案 机关 用 这种 办法 获得 了 管辖权 后  又 将 合同 诈骗罪 不予 起诉  唯独 将 其 原本 没有 管辖权 的 罪 起诉 
这种 强迫 审判 机关 对 本 不 属于 自己 管辖 的 案 件 进行 审判 的 做法  实际上 是 对 司法 机关 的 绑架 行为  其 内心 对于 司法 的 敬畏 感 丧失 殆尽  留存 的 只是 对 司法 的 嘲弄 
3  本 案 侦查 时间 从 2010年 2月 17日 就 开始 了  至 2011年 3月 28日 才 结束 侦查  时间 长 达 一年 零一 个 月 零十一 天 
从 检察 机关 只 用 四 天 就 审查 完毕 提起 公诉 来看  似乎 证据 体系 已经 相当 完备  无需 发 回 补充 侦查 了 
可是 就 在 检察 机关 的 审查 起诉 期间  侦查 机关 还 在 不断 地 提交 新 的 证据 
如果 这种 做法 仅仅 表现 出 侦查 机关 的 办 案 随意性 以及 对 检察 机关 的 不 尊重  那么 在 本 案 已经 起诉 到 法院 后  侦查 机关 还 在 进行 新 的 调查取证  那 就是 明知 违法 而 故意 违法 了 
如果 说 前面 的 几 种 情况 属于 侦查 机关 钻 法律 空子 的话  其 在 审判 阶段 还 源源不断 地 调查取证 并且 提交 法庭  那 就是 明目张胆 地 挑战 司法 的 权威 了  是 在 全国 都 闻所未闻 的 践踏 法律 了 
4  李庄 被 终审 宣判 后  按照 《 中华人民共和国 刑法 》 第四十六 条 规定  应当 在 监狱 服刑 
这样 李 庄 可以 依法 享有 服刑 人员 的 各项 权利  特别 是 家属 会见 的 权利 
即便 是 在 看守所 服刑 （ 当然 将 李 庄 羁押 在 看守所 服刑 也 是 违法 的 ）  也 是 应当 给予 家属 会见 权 的 
