第二 组 证据 是 道路交通 事故 认定书 一 份  用以 证明 原告 周某 生 在 事故 中 不 负 责任  被告 赵某 民 承担 事故 的 全部 责任 
第三 组 证据 是 出院 记录  出院 小结 各 一 份  住院费 收据  费用 清单  门诊 收据 （ 均 为 复印件  因为 医疗 费用 均 由 被告 赵某 民 支付  故 原件 均 由 被告 赵某 民 持有 ） 各 二 份  用以 证明 原告 周某 生 因 本次 交通事故 共 住院 61 天 
第 四 组 证据 是 伤残 等级 鉴定 意见 书  鉴定 费 发票 各 一 份  用以 证明 原告 周某 生 构成十 级 伤残  后续 治疗费 8000 元  误 工期 为 180日  营养 期 为 90日  护理 期 为 90日 
第五 组 证据 是 劳动 合同 书  证明  企业 法人 营业执照 （ 复印件 ） 各 一 份  用以 证明 原告 周某 生 的 误工 情况 及 赔偿 费用 应 按 城镇 居民 标准计算 
第 六 组 证据 是 轮椅 发票 一 份  用以 证明 原告 周某 生 购买 轮椅 花 去 560 元 
第 七 组 证据 是 行驶 证  驾驶证 （ 均 为 复印件  系 从 交警 部门 复印 ） 各 一 份  保险单 （ 均 为 复印件  系 从 交警 部门 复印 ） 二 份  用以 证明 被告 的 主体 资格 和 事故 车辆 的 投保 情况 
第 八 组 证据 是 修 车费 发票 一 份  用以 证明 原告 周某 生 的 车辆 损失 为 600 元 
审  由 被告 分别 质证 
第一 被告  对 第一  第二  第三  第四  第五  第六  第七  第八 组 证据 的 真实性  合法性 和 关联性 均 没有 异议 
第二 被告  对 第一 组 证据 的 真实性  合法性  关联性 均 没有 异议  原告 及其 被 扶养 人 周海花 均 为 农业 户口 居民  应 按 农村 标准计算 
对 第二 组 证据 的 真实性  关联性 没有 异议  对 合法性 有 异议  原告 在 本次 事故 中 无 证 驾驶 无 牌 摩托车  至少 应 承担 次要 责任 
对 第三 组 证据 的 真实性  合法性  关联性 均 有 异议  因为 都 是 复印件 
对 第四 组 证据 中 伤残 等级 鉴定 意见 书 的 真实性  合法性 没有 异议  对 关联性 有 异议   三 期  按照 北京 司法 鉴定 协会 标准 鉴定 依据 不足  而且  三 期  期限 过 长  误工 期限 应 为 120 天  营养 期限 和 护理 期限 均 应 为 60 天 
对 第五 组 证据 中 劳动 合同 书 和 证明 的 真实性  合法性  关联性 均 有 异议  劳动 合同 书 原 系 2013年 3月 14日 签订  现在 的确 涂改 为 2010年  明显 系 伪造  起诉 时 的 证明 未 填写 周 某 生 的 身份 信息  对 企业 法人 营业执照 的 真实性  合法性 没有 异议  对 关联性 有 异议  原告 的 残疾 赔偿金 和 被 扶养 人 生活费 应 按 其 户籍 性质 即 农村 标准计算 
对 第六 组 证据 的 真实性  合法性 和 关联性 均 有 异议  根据 最高人民法院 的 司法 解释  需要 残疾 辅助 器具 的 应 以 医疗 机构 或 鉴定 机构 的 意见 为 准  且 原告 购买 轮椅 是 在 住院 期间  根本 不 必要 
对 第七 组 证据  因为 是 复印件  不予 质证 
对 第八 组 证据 的 真实性  合法性 和 关联性 均 有 异议  发票 的 开具 日期 是 2013年  而 本次 事故 是 在 2011年 发生 的  也 不 能 证明 系 2011年 事故 造成 了 原告 的 车辆 损失 
审  对 被告 未 提出 异议 的 证据  合议庭 予以 确认  对 被告 提出 异议 的 证据  合议庭 暂 不 予 确认  待 合议庭 评议 后 再 依法 予以 认定 
原告 继续 出示 证据 
原告  我方 举 证 完毕 
审  现在 由 被告 出示 证据 
先 由 第一 被告 出示 证据 
第一 被告  第一 组 证据 是 行驶 证  驾驶证 各 一 份  用以 证明 事发 时 赣 AM7015 小轿车 符合 安全 运行 条件  被告 赵某 民 具备 合法 驾驶 资格 
第二 组 证据 是 住院费 收据 二 份  门诊 收据 三 份 以及 鉴定 费 发票  腋下 拐 发票 各 一 份  用以 证明 被告 赵某 民 垫付 原告 周某 生 医疗费 54417 2元  鉴定 费 1900 元  腋下 拐 124 元 
第三 组 证据 是 机动车 交通事故 责任 强制 保险单  电话 营销 专用 机动车辆 保险单 各 一 份  用以 证明 事故 车辆 赣 AM7015 小轿车 在 被告 平安 财 险 江西 分公司 投保 了 交 强 险 和 商业 第三 者 责任 保险  且 不 计 免 赔 率 
审  由 原告 和 第二 被告 分别 质证 
原告  对 第一  第二  第三 组 证据 的 真实性  合法性 和 关联性 均 没有 异议 
第二 被告  对 第一  第三 组 证据 的 真实性  合法性 和 关联性 均 没有 异议 
对 第二 组 证据 中 二 份 住院费 收据  三 份 门诊 收据  一 份 鉴定 费 发票 的 真实性  合法性 没有 异议  对 关联性 有 异议  医疗 费用 不 在 本 案 处理 范围 内  被告 赵某 民 应 另行 主张  我方 仅 按 85% 承担 医 保 范围 内 的 医疗 费用  我方 不 承担 鉴定 费  对 腋下 拐 发票 的 真实性  合法性 和 关联性 均 有 异议  没有 付款方  也 没有 销售 方 盖章  而且 需要 医疗 机构 出具 使用 残疾 辅助 器具 的 明确 意见 
审  对 原告 和 第二 被告 未 提出 异议 的 证据  合议庭 予以 确认  对 原告  第二 被告 提出 异议 的 证据  合议庭 暂 不 予 确认  待 合议庭 评议 后 再 依法 予以 认定 
第一 被告 继续 出示 证据 
第一 被告  举 证 完毕 
审  由 第二 被告 出示 证据 
第二 被告  我 方 的 证据 就 是 问话 笔录 一 份  用以 证明 原告 周某 生 是 在 事发 前 的 2011年 7月 才 开始 在 南昌 张 氏 五金 制品 有限公司 工作 的 
审  由 原告 和 第一 被告 分别 质证 
原告  对 上述 证据 的 真实性  合法性 和 关联性 均 有 异议  我 是 从 2011年 2月 开始 到 南昌 张 氏 五金 制品 有限公司 工作 的 
第一 被告  对 上述 证据 的 真实性  合法性 和 关联性 均 没有 异议 
审  对 原告 和 第一 被告 未 提出 异议 的 证据  合议庭 予以 确认  对 原告  第一 被告 提出 异议 的 证据  合议庭 暂 不 予 确认  待 合议庭 评议 后 再 依法 予以 认定 
