对 李某 平 2012年 9月 20日 所 作 询问 笔录  只 对 2米 的 距离 有 异议  当时 我 跟 交警 说 记 不 清楚 具体 多 远  应 以 指 认 距离 为 准  对 其他 部分 的 真实性  合法性 和 关联性 均 没有 异议 
第一 被告  对 根据 李某 平 指 认 绘制 的 道路交通 事故 现场 图 的 真实性  合法性 和 关联性 均 有 异议  我 看 不 懂  对 根据 包 某 平 指 认 绘制 的 道路交通 事故 现场 图 的 真实性  合法性 和 关联性 均 没有 异议  对 根据 证人 赵美珍 指 认 绘制 的 道路交通 事故 现场 图 的 真实性  合法性 和 关联性 均 有 异议  我 看 不 懂 
对 第一  第二  第三 张 照片 的 真实性  合法性 和 关联性 均 没有 异议  原告 的 摩托车 位置 与 当时 事发 情况 不符  我 骑 行 的 摩托车 位置 与 当时 事发 情况 相符  原告 本人 的 位置 与 当时 事发 情况 相符  对 第四  第五  第六 张 照片 的 真实性  合法性 和 关联性 均 有 异议  原告 所 处 位置 与 事发 情况 不符  对 第七 张 照片 的 真实性  合法性 和 关联性 均 有 异议  原告 所 处 位置 还 没 到 弯 处  要 近 一点  对 第八  第九  第十  第十一  第十二  第十三  第十四 张 照片 的 真实性  合法性 和 关联性 均 没有 异议 
对 李某 平 2012年 9月 20日 所 作 询问 笔录 的 真实性  合法性 和 关联性 均 没有 异议  原告 是 靠 左 行驶 
第二 被告  对 根据 李某 平 指 认 绘制 的 道路交通 事故 现场 图 的 真实性  合法性 和 关联性 均 有 异议  原告 的 摩托车 位置 不对  应该 是 紧 挨着 原告 的  对 根据 包 某 平 指 认 绘制 的 道路交通 事故 现场 图 的 真实性  合法性 和 关联性 均 没有 异议  对 根据 证人 赵美珍 指 认 绘制 的 道路交通 事故 现场 图 的 真实性  合法性 和 关联性 均 有 异议  原告 的 摩托车 位置 不对  应该 是 紧 挨着 原告 的 
对 第一  第二  第三 张 照片 的 真实性  合法性 和 关联性 均 没有 异议  原告 的 摩托车 位置 与 当时 事发 情况 不符  包 某 平 骑 行 的 摩托车 位置 与 当时 事发 情况 相符  原告 本人 的 位置 与 当时 事发 情况 相符  对 第四  第五  第六 张 照片 的 真实性  合法性 和 关联性 均 有 异议  原告 所 处 位置 与 事发 情况 不符  对 第七 张 照片 的 真实性  合法性 和 关联性 均 有 异议  原告 所 处 位置 还 没 到 弯 处  要 近 一点  对 第八  第九  第十  第十一  第十二  第十三  第十四 张 照片 的 真实性  合法性 和 关联性 均 没有 异议 
对 李某 平 2012年 9月 20日 所 作 询问 笔录 的 真实性  合法性 和 关联性 均 没有 异议 
审  对 原  被告 均 未 提出 异议 的 证据  合议庭 予以 确认  对 原  被告 提出 异议 的 证据  合议庭 暂 不 予 确认  待 合议庭 评议 后 再 依法 予以 认定 
审  原  被告 是否 需要 就 本 案 尚未 查清 的 事实 相互 发问 
原告  需要 
第一 被告  不 需要 
第二 被告  不 需要 
审  先 由 原告 发问 
原告  第一 被告  你 在 2012年 9月 20日 交警 对 你 所 作 询问 笔录 是否 属实 
第一 被告  属实 
原告  第二 被告  你 在 2012年 11月 19日 交警 对 你 所 作 询问 笔录 是否 属实 
第一 被告  因为 我 不 会 写字  是 我 找 老乡 代 签名 的  然后 自己 捺 手印 的 
原告  发问 完毕 
审  原  被告  合议庭 现在 询问 你们 几 个 问题  请 如实 回答 
原告  好 
第一 被告  好 
第二 被告  好 
审  第一 被告  事发 时 你 是 为 谁 送 盒饭 
第一 被告  我 自己 
审  事发 时 福建 沙县 小吃店 是 谁 开 的 
第一 被告  原来 是 我 和 包 某 福 妻子 合伙 开 的  每人 出资 一半  现在 已经 转手 给 别人 了 
我们 也 是 从 别人 手上 接 过 来 的  接 过 来 后 并 没有 变更 工商 登记  税务 登记 等 
审  第二 被告  你 和 妻子 的 财产 是 如何 分配 的 
第二 被告  我 和 我 妻子 是 一家 人  财产 都 是 在 一起 的 
他们 每月 分配 利润 后  我 每月 领取 固定 工资 2000 元 
审  这 家 店 究竟 是 谁 开 的 
利润 又 是 如何 分配 的 
第二 被告  实际上 我们 是 两 家 合伙 开 的  我 是 给 我 妻子 王根兰 打工  包 某 平 是 给 他 妹妹 包俊利 打工 
审  第二 被告  这家 福建 沙县 小吃店 究竟 是 哪 几 个 人 合伙 开 的 
第二 被告  2012年 2月 份 是 我 妻子 和 包 某 平 妹妹 合伙 开 的  我 为 我 妻子 做事  包 某 平 是 为 他 妹妹 做事  2012年 3月 18日 包 某 平 的 妹妹 包俊利 结婚 后 就 退出 合伙  我 妻子 也 退出 了 合伙  转 由 我 接受 合伙  包 某 平 继续 和 我 合伙 了 
事发 时 就 是 我 与 包 某 平 合伙 经营 这 家 店  但 这 次 事故 发生 后 已经 全部 转 给 别人 了 
审  第一 被告  第二 被告 以上 所 述 是否 属实 
第一 被告  包某 福 说 的 都 是 事实 
审  第一  第二 被告  你们 之间 是 什么 关系 
第一 被告  我们 两 人 的 爷爷 是 兄弟  我们 是 堂兄弟 
第二 被告  我们 两 人 的 爷爷 是 兄弟  我们 是 堂兄弟 
审  原告  你 主张 的 住院费 医疗费 中 是否 包括 第一 被告 垫付 的 1000 元 
原告  不 包括 
审  第二 被告  事发 时 你 的 摩托车 是否 是 你 借 给 包 某 平 的 
第二 被告  是 我 个人 的 摩托车  包 某 平 当时 未 经 我 同意 就 骑 走 了 
审  第一 被告  第二 被告 以上 所 述 是否 属实 
第一 被告  我 自己 拿 了 摩托车 钥匙 骑 走 的 
审  第一  第二 被告  平时 店 里 送 外 卖 是否 也 是 骑 这 辆 摩托车 
第一 被告  是 
