该 证词 不 具有 真实性  就 证人 所 处 的 位置 是 看不到 原告 摔倒 过程 的 
第二 被告 代  我 方 对 证人 证言 的 真实性  合法性  关联性 均 没有 异议  我 也 不 在 现场 
审  第一 被告  你 对 证人 证言 是否 有 异议 
第一 被告  没有 异议 
审  第一 被告 是否 还 有 证据 向 法庭 提供 
第一 被告  没有 
审  根据 原告 申请  本 院 委托 江西 天 剑 司法 鉴定 中心 对 原告 陈 某 欢 伤情 进行 了 鉴定  江西 天 剑 司法 鉴定 中心 出具 了 赣 天 剑 司 鉴 [ 2013 ] 法医 鉴 字 第 （ 742 ） 号 司法 鉴定 意见 书  现在 由 原  被告 对 鉴定 意见 书 进行 质证 
原告  对 鉴定 意见 书 的 真实性  合法性  关联性 均 无 异议 
第一 被告  对 鉴定 意见 书 的 真实性  合法性  关联性 均 无 异议 
第二 被告 代  对 鉴定 意见 书 的 真实性  合法性  关联性 均 无 异议 
审  经 庭审 举 证  质证  本庭 根据 诉讼 证据 规则 的 要求  结合 当事人 的 质证 意见  对 双方 没有 异议 的 证据 的 真实性  合法性  关联性 予以 确认  有 异议 的 证据 暂 不 予 确认  待 本庭 结合 其他 证据 并 综合 整个 案 情 后 再 依法 予以 认定 
审  就 本 案 事实  原  被告 可 有 问题 需要 向 对方 发问 
原告  不 需要 
第一 被告  不 需要 
第二 被告 代  不 需要 
审  本庭 有 几 个 问题 询问  请 如实 回答 
原告  好 的 
第一 被告  好 的 
第二 被告 代  好 的 
审  原告  你 与 两 被告 之间 分别 是 什么 关系 
原告  我 与 第一 被告 没什么 关系  只是 在 一起 做 事 时 认识 的  我 是 帮 第一 被告 打工 的 
我 是 在 第二 被告 处 生产 车间 翻修 屋面 
审  你 是 什么 时候 到 第二 被告 处 打工 的 
原告  出事 前 一 天 我 在 南 堡 村 做事  然后 接到 第一 被告 的 电话 叫 我 去 第二 被告 处 做事  我 就 去 了 
审  你 在 工地 上 做 什么 事 
原告  做 杂 工 
老板 叫 我 做 什么 我 就 做 什么 的 
审  从事 杂 工  有 资格 证 吗 
原告  没有 
审  第一 被告 与 你 有 签订 做事 的 合同 吗 
原告  没有 
审  你 在 第二 被告 处 打工  工资 是 如何 计算 的 
如何 发放 的 
原告  一 天 130 元  是 第一 被告 发 的 
审  第一 被告  原告 所 说 工资 的 计算 和 发放 属实 吗 
第一 被告  属实 
审  原告  你 发生 事故 后  共 花 去 多少 医药费 
原告  以 医院 结 账单 为 准 
审  原告  你 受伤 后  被告 总共 给 了 你 多少 钱 
谁 给 的 
原告  一 共 给 了 24000 元 
是 第一 被告 给 的 
审  原告  你 的 收条 上 说 收到 25000 元  是 怎么 回 事 
原告  我 受伤 后  第一 被告 送 我 去 医院 花 了 1000 元 的 车费  故 我 就 打 了 一 张 总 共 收到 25000 元 的 收条 
审  第一 被告  原告 上述 收条 的 事  属实 吗 
第一 被告  属实 
审  原告  你 在 住院 期间 由 谁 护理 
原告  一 开始 请 了 一个 护 工 护理 了 两 天  每天 130 元  还要 管 吃  太 贵  就 没 请 了  后来 就 请 叫 我 的 几 个 女儿 女婿 轮流 来 护理 的 
审  你 女儿 女婿 是 做 什么 的 
原告  都 是 打工 的 
审  你 在 发生 事故 前 在 家 还 种 地 吗 
原告  不 打工 的 时候  在家 会 种地 
审  你 在 工地 上 做 事 时  有 采取 安全 措施 吗 
原告  没有 任何 安全 措施 
审  原告  你 详细 说 下 你 受伤 的 经过 
原告  我 上 到 屋顶 后  发现 需要 用 工具 取 屋顶 黄 板 上 的 钉子  我 就 下 楼梯  下来 的 时候 就 摔倒 了 
审  原告  上下 楼梯 的 梯子 是 长 的  还是 短 的 
原告  短 的  因 长 梯子 太 长 太 重 了  短 梯子 也 能够 到 屋檐 
审  第一 被告  原告 所 说 属实 吗 
第一 被告  不 是 事实  我 让 他们 用 长 梯子  长 梯子 虽然 有 点 重  但 有 五六 个 人 在场 是 可以 搬 的  是 他们 自己 觉得 不 方便 要 用 短 的 
而且 取 钉子 的 工具 都 在 屋顶 上  不 需要 下 到 地面 来 拿 工具 
审  第一 被告  你 给 工人 提供 了 哪些 安全 保障 措施 吗 
第一 被告  没有 
审  第一 被告  第二 被告 是 怎么 与 你 结算 工程 款 的 
第一 被告  每 平方米 18元 
审  第二 被告  你 让 第一 被告 翻修 屋面  你们 之间 有 签订 合同 吗 
第二 被告  我 不 太 清楚  翻修 合同 是 我 父亲 签 的  我 没有 经办 
审  第一 被告  发生 事故 的 地方 是 在 第二 被告 车间 吗 
第一 被告  是的 
审  原告  你 是 在 哪 摔倒 的 
原告  我 是 在 天 宁 檀香 厂 摔倒 的 
审  第一 被告  你 承包 工程 的 材料 和 工人 费 是 由 谁 支付 
第一 被告  我 是 包工 包 料 的 
工人 工资 是 我 发 的 
审  第一 被告  证人 刘宣彬 与 你 是 堂兄弟 关系 吗 
第一 被告  是的 
审  第一 被告  你 组 施工 队 从事 翻修 工程  有 相关 资质 吗 
第一 被告  没有 
审  第二 被告  你 将 工程 包 给 第一 被告 时  是否 知道 第一 被告 有 相关 资质 
第二 被告  我 不 知道 第一 被告 有 没 有 相关 资质 
审  法庭 调查 结束  现在 进行 法庭 辩论 
先 由 原告 发表 辩论 意见 
原告 代  第一  关于 被告 所 请 的 证人 所 作 证词 的 法律 效力 问题  证人 是 第一 被告 的 堂兄弟  有 亲属 关系  第一 被告 给 证人 发 工资  双方 又 有 利益 关系 
