该 证词 不 具有 真实性  就 证人 所 处 的 位置 是 看不到 原告 摔倒 过程 的 
第二  原告 的 诉 请 有 事实 和 法律 依据  受伤 的 关键 原因 是 没有 相应 的 安全 设施 和 措施 
第三  关于 原告 赔偿 项目 当中 的 医疗费 是 17946 65 元  后续 治疗费 6000 元 有 发票 和 鉴定 意见 为 准  护理 费 9912 6 元  误工 费 19825 2元 均 是 根据 鉴定 意见 确定 的  住院 伙食 补助费 2250 元  营养 费 2700 元  残疾 赔偿金 是 根据 南昌 地区 农民 人均 年收入 计算 的 为 18487 元  鉴定 费 2500 元 有 发票  交通费 虽 未 提供 发票  请 法庭 酌情 考虑  精神 抚慰 金  因 原告 构成 伤残  3000 元 是 最 低 标准 的 抚慰 金  依法 予以 支持 
审  由 被告 发表 辩论 意见 
先 由 第一 被告 发表 辩论 意见 
第一 被告  第一  原告 摔倒 时  证人 有 看到  因 屋顶 面积 不 大 总共 才 300 个 平面 方  发生 事故 前 一 天 也 进行 了 施工  工具 都 放 在 屋顶 上  原告 上 到 屋顶 十 来 分钟 后 就 自行 下来  我 还 叫 原告 不要 下来 
第二  原告 计算 的 赔偿 标准 过 高  我 不 同意 
审  由 第二 被告 发表 辩论 意见 
第二 被告 代  第一  屋面 翻修 是否 要 有 资格  我 确实 不 清楚  第一 被告 是否 有 资质  我 也 确实 不 清楚 
第二  第一 被告 除 有 提供 安全 措施 外  原告 作为 成年人  自身 也 有 注意 义务  也 应 承担 相应 的 责任 
第三  第一 被告 在 施工 过程 中  未 提供 足够 的 安全 的 措施  存在 一定 的 过错  也 应 承担 相应 的 责任 
审  原  被告 是否 有 补充 意见 
原告 代  有  第一  原告 是 农民工  打杂 的  无须 任何 资质  第二  第一 被告 缺乏 最 基本 的 安全 防护 措施  因此 不 存在 原告 的 成年人 的 注意 义务  因此 原告 没有 过错  被告 应 承担 责任 
第一 被告  有  原告 长期 在 外 打工  以 翻修 屋面 为主  他 有 上下 楼梯 的 经验 
第二 被告 代  没有 
审  现在 由 原  被告 作 最后 陈述 
原告 代  请求 法庭 依法 支持 原告 的 诉讼 请求 
第一 被告  请求 法庭 驳回 原告 的 诉讼 请求 
第二 被告 代  请求 法庭 驳回 原告 的 诉讼 请求 
审  根据 《 中华人民共和国 民事 诉讼法 》 的 有关 规定  本 庭 现在 主持 调解 
原告 是否 愿意 调解 
原告 代  愿意 
审  被告 是否 愿意 调解 
第一 被告  不 愿意 
第二 被告 代  不 愿意 
审  由于 被告 不 同意 调解  无法 调解  本庭 将 依法 裁判 
裁判 前  本庭 将 充分考虑 各方 当事人 的 意见 
本 案 将 于 2013年 11月 27日 下午 15时 开庭 宣判  请 原  被告 及 诉讼 代理人 准时 到 庭 
现在 宣布 休庭 （ 敲击 法 槌 ） 
庭审 笔录 原  被告 及 诉讼 代理人 阅 后 签字 
书  全体 起立  请 助理 审判员 退庭 
书  请 当事人 和 旁听 人员 退庭 
当事人 签名  审判 人员 签名  书记员  查明 诉讼 参加 人 到 庭 情况 
原告  王某 安 （ 到 庭 ） 诉讼 代理人  龚某 （ 到 庭 ） 第一 被告  邓某 林 （ 到 庭 ） 第二 被告  邓某 勇 （ 到 庭 ） 书  请 当事人 及其 诉讼 代理人 入 庭 就 坐 
书  请 肃静 
下面 宣布 法庭 纪律  根据 《 中华人民共和国 人民法院 法庭 规则 》 的 有关 规定  下列 人员 不得 旁听 开庭  （ 一 ） 未成年人 （ 经 法院 批准 的 除外 ）  （ 二 ） 精神 病人 和 醉 酒 的 人  （ 三 ） 其他 不宜 旁听 的 人 
当事人 及其 他 诉讼 参与 人  旁听 人员 必须 遵守 下列 纪律  1 未经 审判长 许可  不得 录音  录像 和 摄影  2 不得 随意 走动  未经 审判长 许可  不准 进入 或 退出 审判 区  3 未经 审判长 许可  不得 发言  提问  发言 提问 时 不 准 使用 侮辱性  攻击性 语言  4 不得 鼓掌  喧哗  哄 闹 和 实施 其他 妨害 审判 活动 的 行为  5 证人 到 证人 室 听候 通知  不得 参加 旁听  6 所有 人员 庭审 期间 禁止 使用 移动 电话  传呼机  对讲机 等 通讯 工具  7 所有 人员 庭审 期间 禁止 吸烟 
书  全体 起立 
请 审判长 入 庭 就 坐 
审判长  请 坐 下 
书  报告 审判长  参加 诉讼 的 当事人 已 入 庭 就 坐  庭审 准备 工作 就绪  可以 开庭 
审  现在 核对 当事人 及其 诉讼 代理人 的 身份 
原告  王 某 安 曾用名 王登安  男  1968年 8月 15日 出生  汉族  南昌市 湾里区 人  港 下 村委会 村干部  户籍地 江西省 南昌市 湾里区 招贤 镇 港 下 村 降 霞 王 家 自然村 92 号  现 住 江西省 南昌市 湾里区 兴 湾 大道 招贤 镇 还 建 小区 北 区 
公民身份证 号码  360105196808151618 
诉讼 代理人  龚某  湾里区 法律 服务 所 法律 服务 工作者 
代理 权限  代 为 承认  放弃  变更 诉讼 请求  进行 和解 等 特别 授权 
第一 被告  邓 某 林  男  1974年 12月 9日 出生  汉族  南昌市 湾里区 人  水果 批发商  户籍地 江西省 南昌市 湾里区 招贤 镇 霞麦村 麦庄 邓 家 自然村 23 号  现 租 住 江西省 南昌市 湾里区 兴 湾 大道 招贤 镇 还 建 小区 
公民身份证 号码  360105197412091617 
第二 被告  邓某 勇  男  1980年 1月 12日 出生  汉族  南昌市 湾里区 人  户籍地 江西省 南昌市 湾里区 翠 岩 路 3 号  现 住 江西省 南昌市 湾里区 招贤 镇 霞麦村 麦庄 邓 家 自然村 
公民身份证 号码  36010519800112161X 
审  原告 对 被告 出庭 人员 有 无 异议 
原告 代  没有 异议 
审  被告 对 原告 出庭 人员 有 无 异议 
第一  二 被告  没有 异议 
审  经 审查  原  被告 出庭 人员 符合 法律 规定  可以 参加 本 案 诉讼 
审  根据 《 中华人民共和国 民事 诉讼法 》 的 有关 规定  江西省 南昌市 湾里区 人民法院 今天 在 此 就 原告 王某 安 诉 被告 邓某 林  邓某 勇 身体 权  健康 权 纠纷 一 案 进行 公开 审判  （ 敲击 法 槌 ） 现在 宣布 开庭 
