审  依照 法律 规定  被告人 在 法庭 审理 过程 中 享有 下列 诉讼 权利  （ 一 ） 有 申请 回避 的 权利  （ 也就是说  你 认为 本 案 合议庭 成员  书记员 和 公诉人  与 本 案 有 利害 关系 可能 会 影响 本 案 的 公正 审理  你 有 正当 理由 可 申请 回避 
） （ 二 ） 有 提出 证据  申请 通知 新 的 证人 到 庭  调 取 新 的 证据  重新 鉴定 或者 勘验  检查 的 权利  （ 三 ） 有 辩护 的 权利  （ 四 ） 被告人 在 法庭 辩论 终结 后 有 最后 陈述 的 权利 
审  被告 人 曾毅能  上述 诉讼 权利 听 清楚 了 吗 
曾毅能  听 清楚 了 
审  被告 人 是否 申请 回避 
曾毅能  不 申请 回避 
审  被告人 龚凤泉  上述 诉讼 权利 听 清楚 了 吗 
龚凤泉  听 清楚 了 
审  被告 人 是否 申请 回避 
龚凤泉  不 申请 回避 
审  下面 开始 法庭 调查  首先 由 公诉人 宣读 起诉书 
公  宣读 起诉书 （ 略  详 见 起诉书 ） 
审  被告 人 曾毅能  对 起诉书 指控 的 事实 是否 有 异议 
曾毅能  有些 没有 写 上 
审  被告人 龚凤泉  起诉书 指控 的 犯罪 事实 是否 属实 
龚凤泉  属实 
审  你 是否 认罪 
龚凤泉  认罪 
审  请 执 庭 法警 将 被告人 龚凤泉 押 回 羁押 室 
（ 执 庭 法警 将 被告人 龚凤泉 押 回 羁押 室 
） 审  被告 人 曾毅能  哪些 没 写 上 
曾毅能  3月 27日 他 打电话 给 龚凤泉  约 我 到 湾 里 搞 车子  我 当时 没 来  28 号 打电话 来  所有 材料 都 是 龚凤泉 写 的  偷 跟 销赃 的  要 是 这个 车子 能 卖 1300 我 就 只能 得 300  他们 两 个 各 得 500  我 开 摩托 也 不 会 开  也 不 会 偷  他们 晚上 打电话 通知 我  我 只 负责 望风  来 了 人 就 叫 不 要 搞 
审  你们 之前 有 没 有 分工 
曾毅能  有  他们 两 个 商量 的  一个 负责 偷  一个 负责 开 
审  谁 负责 偷 
曾毅能  小 郑  还 没有 抓 到 的 
审  龚凤泉 负责 开 摩托车 
曾毅能  对 
他们 两 个 的 钱 是 一样 的  如果 1300 我 只 能 得 300 上  这 上面 没有 写 
审  现在 由 公诉人 讯问 被告人 
公  盗窃 本 案 摩托车 时 你 当时 在 盗窃 过程 中 你 分 了 什么 工 
曾毅能  他 来 偷  我 站 在 旁边  他 离 这个 地方 只 有 五 到 十 米 的 距离 
公  你 是 怎么 抓获 归 案 的 
曾毅能  车子 放在 龚凤泉 家  就 卖  也 不 知道 谁 告 了  直属 分局 的 人 来 抓 的 
公  怎么 会 抓 到 你 
曾毅能  小 郑 跟 他 打 了 电话 叫 我 过来  说 四点 有人 来 买 车子 
公  就是 销赃 
曾毅能  是 
公  销赃 时 被 抓 到 的 
曾毅能  是 
公  审判长  讯问 完毕 
审  请 执 庭 法警 将 被告人 曾毅 能 押 回 羁押 室  将 被告人 龚凤泉 押解 到 庭 
（ 执 庭 法警 将 被告人 曾毅 能 押 回 羁押 室  将 被告人 龚凤泉 押解 到 庭 
） 审  由 公诉人 讯问 被告人 
公  当时 在 盗窃 本 案 摩托车 时  是 你 将 车骑 回 南昌 的 
龚凤泉  是 
公  当天 被 抓获 时  你 在 干 什么 
龚凤泉  我 是 他 叫 我 过来 的 
公  谁 叫 你 过 来 
龚凤泉  就是 这个 老 曾  一下 就 被 抓 到 了  说 有人 要  叫 我 过来  就 在 我 的 麻将 馆 
公  审判长  讯问 完毕 
审  被告人 龚凤泉  本庭 问 你 几 个 问题  希望 你 能 如实 回答 
你们 之前 是否 进行 分工  谁 负责 偷  有 分工 吗 
龚凤泉  没有  我 是 在 国道 上  我 去 都 没 去 
审  偷 车 时 你 不 在 
龚凤泉  是  我 不 在  我 在 国道 上  国道 离 罗 亭 街上 起码 有 一二 公里 
审  你们 是 三 个 人 一起 去 的 吗 
龚凤泉  是  我 的 车子 送 他们 去 的 
审  请 执 庭 法庭 将 被告人 曾毅 能 押解 到 庭 
（ 执 庭 法庭 将 被告人 曾毅 能 押解 到 庭 
） 审  下面 进行 法庭 举 证  质证 
先 由 公诉人 就 起诉书 指控 的 犯罪 事实 向 法庭 举 证 
公诉人 举 证 时  只 需 说明 证据 的 来源  名称  主要 内容  拟 证明 的 事实 及 所 在 卷宗 的 页码 
公  一 物证  １  出示 被盗 摩托车 照片  公安 卷 二 P27 （ 略 ）  证实 被盗 新大洲 本田 摩托车 的 相关 情况 
二 书 证  1  出示 扣押 物品  文件 清单  扣押 物品  文件 发还 凭证  公安 卷 二 P24 -25 （ 略 ）  从 龚凤泉 处 扣押 的 新大洲 本田 摩托车 已 发 还 至 周兰寿 
2  出示 情况 说明  公安 卷 二 P41 （ 略 ）  证实 因 龚凤泉 患有 高血压 南昌市 第二 看守所 不予 收押  南昌市 公安局 直属 分局 变更 强制 措施 为 取保 候审  龚凤泉 供 述 另 一 在逃 嫌疑人  小郑  为 郑兴国  南昌市 新建县 人  对 该 人 的 身份 信息 正在 查证  人员 在 追捕 中 
3  出示 指 认 现场 照片  公安 卷 二 P26 （ 略 ）  证实 曾毅熊 指 认 盗窃 摩托车 现场 的 照片 
4  出示 西 价 鉴 字 [ 2013 ] 049 号 涉 案 财物 价格 鉴定 结论 书  公安 卷 一 P25 -28 （ 略 ）  证实 经 鉴定 新大洲 本田 摩托车 （ 型号  SDH125 -46B ） 价值 人民币 3000 元 
5  出示 南 新 派出所 证明  公安 卷 二 P31 （ 略 ）  证实 龚凤泉 与 龚凤全 为 同 一 人 
三 被害人 陈述  宣读 被害人 周兰寿 的 陈述  公安 卷 二 P21 -23 （ 略 ）  证实 2012年 3月 27日 其 将 摩托车 停放 在 湾里区 罗 亭 镇 老 菜场 喜洋洋 批发部 旁 的 一 楼 楼道 内  第二 日 下午 的 时候 其 朋友 刘 盼 下 楼 去 买 东西 还 看见 了  29日 早上 刘 盼 买 早 点 的 时候 回来 说 摩托车 不见 了 的 事实 及 经过 
