四 被告人 供 述  1  宣读 被告人 曾毅能 的 供 述  公安 卷 二 P3 -6 （ 略 ）  证实 2013年 3月 28日 下午  其 和 小 龚  小郑 在 铁路 五 村 碰面 后 商量 好 晚上 到 罗亭 去 偷 车子  小龚 骑 其 的 摩托车  其 和 小 郑 坐 在 后面  沿 105 国道 到 罗亭 
小龚 在 有 罗 亭 牌子 的 105 国道 旁 看 着 摩托车  其 和 小 郑 到 罗 亭 街上 目标 盗窃  在 一 栋 楼 下 看 到 一 辆 摩托车 并 偷走 的 事实 及 经过 
2  宣读 被告人 龚凤泉 的 供 述  公安 卷 二 P11 -13 （ 略 ）  证实 2013年 3月 28日 下午  其 和 老曾  小郑 子 在 铁路 五 村 碰面  约 好 晚上 11点 去 罗亭 偷 车子 
其 骑 道 老 曾 的 摩托车 带 着 老 曾 和 小 郑子 走 105 国道 到 罗亭  到 了 后 其 在 国道 边上 看 着 摩托车  老 曾 和 小 郑子 到 罗 亭 街上 去 了  过 了 半 小时 一 人 骑 一 辆 车子 出来 的 事实 及 经过 
举 证 完毕 
审  二 被告人  公诉人 以上 所 举 证据 是否 属实 
曾毅能  是 这样 的 
龚凤泉  属实 
被告人 对 以上 证据 是否 有 异议 
曾毅能  属实 
龚凤泉  没有 异议 
审  下面 进入 第二 阶段 的 举 证  质证  也 就 是 对 本 案 的 量刑 事实 和 量刑 情节 方面 进行 举 证 质证 
公诉人 在 提供 证据 证明 被告人 从重 或者 加重 处罚 情节 的 同时  应当 提供 证据 证明 被告人 罪 轻  从 轻 或者 免除 处罚 的 情节  被告人 有 权 提供 证明 被告人 罪 轻  从 轻 或者 免除 处罚 的 情节 的 证据 
被告人 不 参与 量刑 庭审  不 影响 本 案 的 审理  本 院 将 根据 庭审 查明 的 事实 确定 被告人 是否 有 罪 以及 应当 判处 的 刑罚 被告人 是否 参加 量刑 庭审 
曾毅能  参加 
龚凤泉  参加 
审  现在 由 公诉 机关 就 被告人 量刑 事实 及 量刑 情节 进行 举 证 
公  现 就 关于 被告人 量刑 事实 和 量刑 情节 方面 的 证据 向 法庭 举 证 
1  出示 常住 人口 信息  公安 卷 二 P28 -29 （ 略 ）  证实 被告人 曾毅能  龚凤泉 具有 完全 刑事 责任 能力 
2  出示 释放 证明书  洪 劳教 字 [ 2010 ] 71 号 劳动 教养 决定书  （ 2001 ） 洪 刑 一 初 字 第136 号 南昌市 中级 人民法院 刑事 判决书  公安 卷 二 32-40 （ 略 ）  证实 曾毅能 因 犯 诈骗罪 被 判处 有期徒刑 一年 六 个 月  于 2003年 3月 12日 释放  2010年 5月 7日  曾毅能 因 盗窃 被 收容 劳动 教养 一年 六 个 月  2001年 龚凤泉 因 犯 盗窃罪 被 判处 有期徒刑 十年 
3  出示 抓获 经过  公安 卷 二 P1 （ 略 ）  证实 2013年 3月 29日 下午  南昌市 公安局 直属 分局 一 大队 民警 在 南昌市 铁路 五 村 铁路 二 小 对面 的 拆迁房 附近 发现 两 名 男子 好像 在 卖 摩托车  于是 对 其 进行 盘查  盘查 过程 中  该 二 人 支支吾吾  讲 不 出 摩托车 的 来源  经 进一步 盘问  该 二 人 承认 摩托车 是 昨天 晚上 在 湾 里 罗亭 偷 来 的 
经 查  该 二 人 分别 小 龚凤泉 和 曾毅 能 
4  二 被告人 认罪 态度 较 好 
举 证 完毕 
审  请 执 庭 法警 将 书 证 材料 交由 被告人 进行 质证 
（ 执 庭 法警 将 书 证 材料 交由 被告人 进行 质证 ） 审  被告 人 曾毅能 对 上述 证据 是否 有 异议 
曾毅能  没有 
审  被告 人 曾毅能 对 上述 证据 是否 有 异议 
曾毅能  没有 
审  被告 人 曾毅能 就 量刑 事实 及 量刑 情节 方面 是否 有 证据 向 法庭 提供 
曾毅能  没有 
审  被告人 龚凤泉 对 上述 证据 是否 有 异议 
龚凤泉  没有 
审  被告人 龚凤泉 就 量刑 事实 及 量刑 情节 方面 是否 有 证据 向 法庭 提供 
龚凤泉  没有 
审  公诉人  被告人 以上 所 举 证据 经 当庭 质证  公诉人  被告人 均 无 异议  经 合议庭 评议  认为 上述 证据 内容 真实  形式 合法  具有 合法性  真实性  关联性  可以 作为 本 案 定 案 依据  本庭 予以 当庭 确认 
审  法庭 调查 结束  现在 进行 法庭 辩论 
控 辩 双方 应 主要 围绕 量刑 情节 及 其他 有 争议 的 问题 进行 辩论 
先 由 公诉人 发表 公诉 意见 
公  龚凤泉 不能 收押  希望 考虑 缓刑 的 问题 
（ 略  详 见 公诉 词 ） 审  现在 由 被告人 自行 辩护 
曾毅能  没有 
龚凤泉  没有 
审  经过 刚才 的 法庭 辩论  法庭 充分 听取 了 公诉人  被告人 的 意见  并 已 记录 在 案  本庭 认为  控 辩 双方 的 控 辩 观点 已经 发表 明确  无需 继续 再 辩论  现在 宣布 法庭 辩论 结束 
下面 由 被告人 向 法庭 作 最后 陈述 
曾毅能  我 主要 说 我 在 牢 里 基本 胃 出 血  现在 三四 个 月  胃 痛 了 两 个 多 月  前段 时间 都 胃 出 血  喉咙 有 痰  家 人 没有 上 账  咳 得 也 利害  喉咙 好 痛 龚凤泉  感谢 法院  等于 是 救 了 我  不义之财 不 可 获 
审  公诉人  刚才 曾毅能 说 之前 是 有 分工 的  他 负责 望风  对 区分 主从 犯 是否 有 意见 
公  由 合议庭 合 议 
审  本 案 将 择 期 宣判  开庭 时间 及 地点 将 另行 公告  将 被告人 曾毅 能 押 回 看守所 继续 看押 
现在 宣布 休庭 
（ 敲击 法 槌 ） 审判长  现在 核对 当事人  诉讼 参与 人 基本 情况 
审  原告 姓名 等 项 
原告  肖亮  男  1967年 出生  汉族  农民  住 福建省 尤溪县 城关 镇 下 村村 53 号 
是 被 继承人 肖 立 的 次子 
审  原告 委托 代理人 的 身份 及 代理 权限 
委托 代理人  李仁尚  律师 事务所 律师  代理 权限 以 授权 委托书 为 准 
审  被告 一 姓名 等 项 
被告 一 肖鹏  男  1986年 1月 13日 出生  汉族  农民  住 住 福建省 尤溪县 城关 镇 下 村村 53 号  是 被 继承人 肖 立 的 孙子 
