书  全体 起立 
请 审判长  助理 审判员  人民 陪审员 入 庭 就 坐 
审判长  请 坐 下 
书  报告 审判长  参加 诉讼 的 当事人 已 入 庭 就 坐  庭审 准备 工作 就绪  可以 开庭 
审  现在 核对 当事人 身份 信息 
原告  周 某 海  男  2003年 4月 4日 出生  汉族  江西省 南昌市 人  湾 里 五 小学生  住 南昌市 湾里区 招贤 镇 夏 泽 村 坑 头 王 家 自然村 20 号 
公民身份 号码  360105200304041617 
法定 代理人  周某 父 （ 系 原告 周某 海之 父 ）  男  1971年 12月 19日 出生  汉族  江西省 南昌市 人  农民  住 南昌市 湾里区 招贤 镇 夏 泽 村 坑 头 王 家 自然村 20 号 
公民身份 号码  360105197112191616 
法定 代理人  周某 母 （ 系 原告 周某 海之 母 ）  女  1974年 10月 11日 出生  汉族  江西省 南昌市 人  农民  住 南昌市 湾里区 招贤 镇 夏 泽 村 坑 头 王 家 自然村 20 号 
公民身份 号码  360105197410111629 
诉讼 代理人  胡某  江西 巨贤 律师 事务所 律师 
执业 证 号  13601199610423372 
代理 权限  起诉  举 证  出庭 发言  代 递 代收 法律 事务 文书  代 为 调解  和解  承认  放弃  变更 诉讼 请求 等 特别 授权 
第一 被告  王 某 富  男  1952年 8月 11日 出生  汉族  江西省 南昌市 人  农民  住 江西省 南昌市 湾里区 招贤 镇 夏 泽 村 坑 头 王 家 自然村 40 号 
公民身份 号码  360105195208111618 
第二 被告  范某 华  女  1960年 6月 21日 出生  汉族  江西省 南昌市 人  农民  住 江西省 南昌市 湾里区 招贤 镇 夏 泽 村 坑 头 王 家 自然村 40 号 
公民身份 号码  360105196006211623 
第一  二 被告 诉讼 代理人  李某 昊  江西 添 翼 律师 事务所 律师 
执业 证 号  13601200310660395 
代理 权限  一般 授权 
第三 被告  旅游 公司  住所 地 南昌市 湾里区 人民政府 一 楼 
组织 机构 代码  56627793-0 
法定 代表 人  刘某 锋  该 公司 董事长 
诉讼 代理人  徐某  女  1976年 12月 6日 出生  江西 南昌 人  旅游 公司 副 总经理  住 湾里区 幸福 路 253 号 
公民身份 号码  360121197612061447 
代理 权限  一般 授权 
审  原告  你 在 起诉 时 第三 被告 名称 有 误  你 是否 变更 
原告  我 申请 当庭 变更 第三 被告  将 起 诉状 上 第三 被告 南昌市 湾里区 梅岭 旅游 发展 有限公司 变更 为 旅游 公司 
审  原 被告  鉴于 原告 当庭 变更 了 第三 被告  你们 是否 需要 重新 指定 举 证 期 和 答辩 期 
原告  不 需要 
为了 减轻 当事人 诉 累  请求 法院 继续 开庭 
第一  二 被告  不 需要 
为了 减轻 当事人 诉 累  请求 法院 继续 开庭 
第三 被告  不 需要 
为了 减轻 当事人 诉 累  请求 法院 继续 开庭 
审  鉴于 原 被告 均 不 需要 重新 指定 举 证 期 和 答辩 期  现在 继续 开庭 
审  原告 对 被告 出庭 人员 有 无 异议 
原告  没有 异议 
审  被告 对 原告 出庭 人员 有 无 异议 
第一  二  三 被告  没有 异议 
审  经 审查  原  被告 出庭 人员 符合 法律 规定  可以 参加 本 案 诉讼 
审  根据 《 中华人民共和国 民事 诉讼法 》 的 有关 规定  江西省 南昌市 湾里区 人民法院 今天 在 此 就 原告 周某 海 诉 被告 王某 富  范某 华  旅游 公司 （ 以下 简称 梅岭 旅游 公司 ） 饲养 动物 损害 责任 纠纷 一 案 进行 公开 审理  （ 敲击 法 槌 ） 现在 宣布 开庭 
审  根据 《 中华人民共和国 民事 诉讼法 》 的 有关 规定  本 案 由 本 院 审判员 担任 审判长  与 审判员  助理 审判员 依法 组成 合议庭 进行 审理  书记员 担任 记录 
审  根据 《 中华人民共和国 民事 诉讼法 》 第四十九 条  第五十 条  第五十一 条  第一百一十八 条  第一百四十三 条  第一百四十四 条 的 规定  民事 诉讼 当事人 有 以下 诉讼 权利 和 义务  （ 一 ） 有 就 案 件 事实 进行 陈述 和 申辩 的 权利  （ 二 ） 有 委托 代理人  收集  提供 证据  进行 辩论  请求 调解  提起 上诉  申请 执行 的 权利  （ 三 ） 原告 可以 放弃 或者 变更 诉讼 请求  被告 可以 承认  反驳 原告 诉讼 请求  有 权 提起 反诉  （ 四 ） 双方 当事人 必须 依法 行使 诉讼 权利  遵守 诉讼 秩序  未经 审判长 同意 不得 擅自 发言  （ 五 ） 原告 未经 法庭 许可 中途 退庭 的  可 按 撤诉 处理  被告 未经 法庭 许可 中途 退庭 的  可以 缺席 判决  （ 六 ） 双方 当事人 有 义务 自觉 履行 发生 法律 效力 的 判决  裁定 和 调解书  并 按规定 缴纳 诉讼 费用 
审  原  被告 对 诉讼 权利  义务 是否 清楚 
原告  清楚 
第一  二  三 被告  清楚 
审  在 庭审 过程 中  当事人 除 享有 以上 诉讼 权利 以外  还有 申请 审判 人员 及 有关 人员 回避 的 权利 
如果 你们 认为 法庭 审判 人员  书记员 与 本 案 有 直接 利害 关系 或者 有 其他 关系  可能 影响 公正 审判 的  可以 提出 事实 或 理由 申请 回避 
审  原告 是否 申请 回避 
原告  不 申请 回避 
审  被告 是否 申请 回避 
第一  二  三 被告  不 申请 回避 
审  现在 进行 法庭 调查 
先 由 原告 简要 陈述 起诉 的 请求 和 理由  或者 宣读 起诉 状 
原告  2012年 12月 23日  原告 因 双休日 与 同村 几 个 少年 到 第三 被告 长春 湖 景区 草坪 上 玩耍  由于 第一  二 被告 饲养 的 马 无 人 看管  结果 原告 被 马 的 后腿 踢 中 鼻子 造成 粉碎 性 骨折 
原告 受伤 后 被 送 往 江西省 儿童 医院 抢救 治疗 和 分别 转院 至 南昌市 第二 医院  上海 交通 大学 医学院 附属 第九 人民 医院 住院 治疗  共 花 去 医疗 费用 36439 05 元  第一  二 被告 已 支付 医疗费 三 万 元  之后 就 赔偿 事宜 协商 未果 
经 江西 南昌 司法 鉴定 中心 鉴定 为 外伤 性 鼻 踏 陷 严重 畸形 构成十 级 伤残  右眼 盲 四 级 以上 为 八 级 伤残  后续 治疗费 无法 预测  护理  营养 期限 均 为 30 天 
原告 认为  第一  二 被告 作为 动物 饲养 人 应当 承担 侵权 赔偿 责任  第三 被告 作为 景点 管理 人 未 尽 到 管理 职责  也 应 担 责 
