被告人 费良玉 对 被 指控 事实 进行 陈述 费良玉  一个 就 是 那个 车辆  行驶 至 寨 桥 村 路段 时  行人 钱云会 从 道路 的 右 侧向 左侧 横穿  他 是 突然 横穿  然后 我 是 鸣笛  向 左 打 方向 避让 并 刹车  避让 不及  并 不 是 直接 刹车 
还有 就 是  这个 死亡 者 的 家属  已经 接受 了 我 的 损害 赔偿  但是 

还有 一个 就 是 肇事 逃逸  我 认为 是 不 成立 的 
辩护人 陈述  （ 无 ） 诉讼 代理人 陈述  （ 无 ） 公诉人 对 指控 事实 讯问 被告人 公诉人  2010年 12月 25日  你 有 没 有 驾驶 皖 K5B323 大 货车 
费良玉  有 
公诉人  当时 车上 有 没 有 其他 人 
费良玉  有 
公诉人  谁 
费良玉  驾驶员 黄标 
公诉人  黄标 坐 在 哪里 
费良玉  副 驾驶 
公诉人  车辆 沿 什么 线路 行驶 的 
费良玉  虹 南 大道 
公诉人  从 哪里 开 往 哪里 
费良玉  从 虹 南 大道 到 围垦 工地 
公诉人  开 往 临 港 开发区 围垦 工地 是 吧 
费良玉  对 
法官  被告 人声 音响 一点  回答 公诉人 声音 响 一点 
公诉人  车上 装载 有 什么 货物 
有 没 有 超载 
费良玉  矿渣  石料 
公诉人  嗯 
有 没 有 超载 
费良玉  超载  应该 是 超载 了 
公诉人  你 有 没 有 驾驶 机动车 的 资格 
公诉人  驾驶证 有 没有 
费良玉  驾驶证 还 没有 取得 
但 已经 考试 过 了 三 关 
公诉人  在 什么 时间 发生 了 交通事故 
费良玉  九点 多 钟 吧 
公诉人  具体 时间  九点 多少 
费良玉  具体 要 问 报警 单  上面 有 时间  发生 事故 我 立刻 报警 了 
公诉人  发生 事故 的 地点 在 哪里 
费良玉  在 虹 南 大 道路 上  寨 桥 村 路段 
公诉人  经过 事故 路段 时  你 的 车辆 在 道路 的 哪 一侧 行驶 
费良玉  右 道 封闭  在 左 道 行驶 
左 道 的 右侧 
公诉人  在 左 道  是否 有 其他 车辆 
费良玉  其他 车辆  我 是 尾随 其他 车辆 行驶 的  并 不 是 我 自己 一个 穿行 的 
公诉人  发现 行人 时  行人 距离 车辆 有 多少 米 
费良玉  这个  具体 有 多少 米 我 搞 不 清楚  只有 一 个 大概 
公诉人  大概 多少 米 
费良玉  大概 有 个 五六 米  六七 米 的 样子 吧 
公诉人  对方 是 一个 什么样 的 状态 
怎么 行走 的 
费良玉  与 我 的 车辆 同 向 而 行  在 车 前方  靠 道路 右侧 
公诉人  有 没 有 横穿 马路 的 行为 
费良玉  本身 是 同 向 行驶  他 在 前 我 在 后  然后 到 我 车辆 行进 的 时候  他 突然 向 左侧 横穿 
公诉人  你 发现 这个 情况 以后  有 没有 采取 什么 措施 
费良玉  我 发现 他  刚 开始 横穿 的 时候  就 鸣笛  然后 鸣笛 他 没有 理会  他 继续 这么 动  然后 我 接着 是 左 打 方向  并 刹车  避让 
公诉人  有 没 有 避让 过去 啊 
费良玉  没有 
公诉人  车辆 的 什么 部位 和 行人 发生 了 碰撞 
费良玉  车 前方  驾驶室 前方 
公诉人  事故 发生 以后  你 是 怎么 下 车 的 
费良玉  推开 车门 下车 了 
公诉人  是 车 的 左侧 车门 还是 右侧 车门 
费良玉  右侧 
公诉人  右侧 的话  黄标 坐 在 驾驶室  你 是 怎么 出去 的 
费良玉  我 从 他 身上 跨 过来 
公诉人  那 个  行人 被 撞 的 情况 怎么样 
费良玉  应该 是 当场 死亡 
公诉人  行人 在 什么 位置 
费良玉  在 左侧 前轮 下面 
公诉人  轧 死 了 是 吧 
费良玉  对 
公诉人  你 刚才 说 到  你 是 向 左 打 方向 避让  那 行人 为什么 会 轧 在 左 前轮 的 位置 
费良玉  这个 我 不 是 专业  我 无法 回答 你 这个 问题 
公诉人  那个 死者 你 之前 认识 吗 
费良玉  不 认识 
公诉人  你 有 没 有 报警 
费良玉  报 了 
公诉人  你 是 怎么 报 的 警 
费良玉  用 我 自己 的 手机 拨 打 110 
公诉人  然后 你 有 没有 离开 现场 
费良玉  没有 
公诉人  你 在 现场 等 交警 过来 是 吧 
费良玉  对 
公诉人  那 你 在 等 交警 的 过 车 中  做 了 什么 事 
费良玉  打 了 电话 
公诉人  打 给 谁 了 
费良玉  打 给 我们 车队 负责 的 那个  我 的 老乡 高 广 跃 
公诉人  还有 呢 
费良玉  还有 就 是 驾驶员 黄标 
公诉人  你 打电话 给 黄标 说 了 什么 内容 
费良玉  因为 我 下 车 以后 就 一个 人 嘛  我 找 不 到 他 以后  想 联系 到 他  另外 想 问 这个 驾驶员 车辆 保险 的 问题  想 让 他 帮 我 顶替 一下 
公诉人  你 叫 黄 标 顶替  黄标 有 没 有 答应 为 你 顶替 
费良玉  他 也 没有 同意  没有 说 同意  也 没有 说 不 同意 
公诉人  你 认为 他 同意 不 同意 
费良玉  这个 具体 我 也 不 太 清楚  反正 当时 他 没 说 同意 也 没 说 不 同意 
公诉人  你 是 不 是 就 当 他 同意 了 
费良玉  我 心里 有 这个 侥幸 的 想法 
公诉人  交警 到 现场 以后  你 跟 交警 是 怎么 说 的 
费良玉  交警 到 现场 以后  我 和 他 说  我 是 车主 
公诉人  交警 有 没 有 问 你 肇事 司机 在 哪里 
费良玉  他 问 我 的 原 话 是  司机 在 哪里 
我 告诉 他  司机 现在 不 在 现场  但 我 可以 联络 到 他 
公诉人  你 有 没 有 带 交警 去 找 这个  肇事 司机  
费良玉  带 了 
公诉人  后来 这个 黄标  是 谁 把 他 送 到 交警 队 的 
费良玉  高广跃 
公诉人  高广跃 个人 吗 
费良玉  高广跃 和 我 一起 
公诉人  送 到 交警 队 了 是 吧 
