法官  也 要 经过 我 审判长 的 许可 
诉讼 代理人  对  但是 也 要 合理  要 公正 
法官  你 认为 审判长 不 合理  不 公正 吗 
诉讼 代理人  对  因为 我 有 其他 证据 证明  这个 电话  在 他 电话 单 上 是 没有 的 
法官  那 你 等 一下 在 举 证 的 时候 
诉讼 代理人  那 你 为什么 一定 要 控制 我 的 发问 的 方向 呢 
如果 我 跟 你 完全 一样 的 话 那 我 还 坐 在 这里 干 什么 呢 
法官  你  法庭 已经 提醒 你 了  多次 提醒 你 了  问 没有 问 过 的 问题 

诉讼 代理人  几 点 钟 打 过 电话  还 没 问 呢 
法官  他 刚才 已经 回答 公诉人 了 
诉讼 代理人  他 回答 公诉人 几 点 钟 
费良玉  想 不 起来 
法官  你 看 你 仔细 听 
所以 不 要 跟 审判长  再次 提醒 你  法庭 补充 性 问题 你 再 可以 发问 
诉讼 代理人  那么 你 除了 给 110 打电话 以外  还 给 黄标 打电话  还 给 谁 打电话 
费良玉  高广跃 
诉讼 代理人  高广跃 是 吧 
费良玉  嗯 
诉讼 代理人  高广跃 和 你 是 什么 关系 
费良玉  老乡 
诉讼 代理人  老乡 是 吧 
费良玉  嗯 
诉讼 代理人  那么  事发 的 那个 时候 你 穿 的 什么 衣服 
费良玉  红色 
诉讼 代理人  红色 的 是 吧 
费良玉  嗯 
诉讼 代理人  那么  你 到 了 交警 队 之后  你 穿 的 是 什么 颜色 
费良玉  黑色 
诉讼 代理人  黑色 
那 你 是 什么 时候 回去 换 的 衣服 
费良玉  从 虹桥 交警 队 到 乐清 交警 队 
诉讼 代理人  从 虹桥 交警 队 到 乐清 交警 队 
费良玉  对 
诉讼 代理人  这个 半路 上 
费良玉  对 
诉讼 代理人  有 没 有 人 看到 你 去 换 衣服 
费良玉  这个 我 不 太 清楚 
诉讼 代理人  你 去 换 衣服 的 时候 家里 有 没 有 人 
费良玉  没有 
诉讼 代理人  那么 为什么 你 一直 跟 警察 交代 的 时候 你 说 你 一直 穿 的 是 黑色 衣服 
费良玉  这个 不 是 我 自己 说 的  他们 自己 写 的  说 我 去 的 时候 是 那个 衣服 
诉讼 代理人  是 他们 写 的  不 是 你 自己 交代 的 
费良玉  对 
诉讼 代理人  那么 你 说 你 跟 钱云会 的 家属 签订 了 赔偿 协议  能 问 下 你 的 钱 是 从 哪里 来 的 吗 
因为 我 听说 你 家里 的 经济 状况 不 是 很 好 
费良玉  这个 你 应该 去 问 我 的 诉讼 代理人 
因为 是 我 委托 他  让 他 去 的 
诉讼 代理人  好 的 
审判长  诉讼 代理人 发问 完毕 
控 辩 双方 进行 举 证 质证 公诉 方向 法庭 举 证 质证 公诉人 向 法庭 出示 本 案 的 证据 公诉人  当庭 出示 的 证据  经 本 院 审查 均 由 公安 机关 依法 制作 和 取得  公诉人 在 出示 证据 过程 中  对 取证 过程 不再 一一 说明  如果 法庭 对 某 一 份 证据 有 疑问  公诉人 再 就 该 份 证据 加以 说明 
对 言词 证据 部分  公诉人 将 对 主要 证据 进行 宣读  对 次要 证据 概括 说明 证言 内容  公诉人 将 采用 分组 举 证 的 方式 向 法庭 出示  全 案 证据 为 5 组  请 法庭 准许 
法官  准许 
公诉人 向 法庭 出示 第一 组 证据 公诉人  公诉人 将 向 法庭 出示 第一 组 证据  主要 证明 被告人 费良玉  即 肇事 司机  其 驾驶 皖 K5B323 货车  于 2010年 12月 25日 上午 9时 45分 许  途径 蒲 岐 镇 寨 桥 村 路段 发生 事故  致 1 人 死亡  事故 后  费良玉 让 同 车 乘坐 的 黄 标 顶替  在 民警 对 黄标 进行 询问  并 掌握 费良玉 即 实际 肇事 司机 的 情况 下  通知 费良玉 到 案 
费良玉 到 案 后  在 第一 次 讯问 过程 中 开始 不 承认 自己 是 肇事 司机  后 承认 自己 是 肇事 司机 并 在 肇事 后 喊 黄 标 顶替 的 事实 
本 组 证据 包括 被告人 费良玉 的 供 述 和 辩解  证人 黄标  黄军  兰明利  高广跃 的 证言  办 案 民警 出具 的 办 案 经过  情况 说明  接 警 单 以及 通话 记录 等 
第一 项 证据 是 被告人 费良玉 的 供 述 和 辩解 
共 11 次 供 述  在 卷宗 第4 卷 第2 条 52 页  因为 被告人 费良玉 在 本 案 侦查 阶段 和 审查 起诉 阶段  对 事故 发生 的 多次 供 述 内容 基本一致  以及 今天 在 法庭 上 的 供 述 也 一致  公诉人 对 其 原 供 述 内容 不再 宣读 
第二 项 证据 是 证人 黄 标的 证言 
由 证人 黄 标 当庭 进行 陈述 
请 法庭 传 证人 黄标 到 庭 
法官  传 证人 黄标 到 庭 
法官  证人 你 叫 什么 名字 
黄标  黄标 
法官  什么 时候 出生 
黄标  75年  1975年 1月 26日 
法官  什么 民族 
黄标  汉 
法官  什么 文化 程度 
黄标  小学 
法官  你 跟 费良玉 是 什么 关系 
黄标  我们 是 同 村 
法官  同村 
黄标  嗯 
法官  证人 黄标  本 院 审理 费良玉 交通 肇事 一 案  根据 公诉 机关 的 申请  通知 你 出庭 作证  你 应当 向 法庭 如实 提供 证言 
（ 黄标 在 保证书 上 签字 ） 公诉人 对 证人 进行 询问 公诉人  证人 黄标  2010年 12月 25日 所 发生 的 交通事故  你 知道 吗 
黄标  知道 
公诉人  你 是 怎么 知道 的 
黄标  因为 我 当时 坐 在 车子 的 副 驾驶 的 位置 
公诉人  你 在 乐清 从事 什么 工作 
黄标  帮 费良玉 打工 
公诉人  打 什么 工 啊 
黄标  给 他 开 车 
公诉人  那 发生 事故 的 时候  那个 皖 K5B323 这个 大 货车 是 谁 开 的 
黄标  费良玉 
公诉人  那个 事故 发生 之前 你 有 没 有 开 过 这个 车 
黄标  我 开 过  开 过 两 趟 
公诉人  你 开 了 这个 车 干 什么 呢 
黄标  运 那个 石料 
公诉人  运 了 两 趟 是 吧 
