钱云会 手上 的 手表 能 拍 录像  是 我 于 2010年 12月 24日 上午 通过 ×× 向 我 的 朋友 借 来 的 
钱云会 戴 的 手表 能 拍 录像  在 钱云会 死 之前 就 我们 两 个 人 知道  我 被 抓 的 时候 悄悄 把 U 盘 放 在 我 坐 的 那 辆 车 的 副 驾驶 座 的 后背 袋 里 
12月 25 号 早上 6点 多  我 打电话 给 钱云会  7点 左右 他 来 到 我家  我们 先 计算 到 省里 的 事  接着 把 能 拍 录像 的 手表 给 钱云会  当时 我 教 他 怎么 用 了  并且 在 我 家 试用 了 一会  之后  钱云会 把 手表 戴 手上  我们 一起 出去  大概 8点 钱云会 打电话 来 问  上访 的 材料 还有 没有 
9点 多  钱 成 钱 电话 说 钱云会 被 车 撞 死 了  我 就 赶 回 村  我 回 到 寨 桥 村  我 来到 钱云 会 事故 现场  我 从 钱云会 身上 车轮 外 的 那 只 手 上 摘 下 手表  并 用 手表 把 事故 现场 的 情况 拍 下来 
下午  我 先 让 我 儿子 把手 表里 的 影像 拷贝 到 电脑 里  我 在 现场 拿走 手表 没 人 看见  在 家里 拷贝 时  我 和 老婆 以及 两 个 儿子 都 在场 看 的  当时 用 手表 拍 的 录像 拷贝 了 一 份 存在 了 我 的 U 盘 里  还 在 我 大儿子 的 电脑 里 做 了 备份 
 第二 个 是 证人 薛品芬 的 证言 
在 卷宗 第三 卷 的 第73 至 74 页 
薛品芬 就 证实 这 一个 内容  是 陈赛英 把 手表 交给 了 蒲岐 边防 派出所 
其 证实 2011年 1月 14日 早上  当时 呢  陪 这个 陈赛英 把 东西 交到 蒲岐 派出所 民警  并且 呢  经过 了 当场 清点  其中 是 有 一 只 手表  不锈钢 表带  白色 表盘  有 英文 字母  professionalimage  watchvideorecord  还 有 8 个 光盘  还有 一些 上访 材料 
第三 个 是 证人 陈赛英 的 证言 
在 卷宗 的 第三 卷 第76  78 页 
其 证实 和 黄雪芬 是 前后 门 的 邻居  也 就是 王立权 的 老婆  大概 十 天 前  黄雪芬 提 了 两 袋 东西 放 到 其 家中  并且 呢  自己 后来 是 叫 妇女 主任 薛品芬 陪 她 一起 到 蒲岐 派出所 把 东西 上交 的 
当时 呢  民警 进行 了 当场 清点 
有 一 只 手表  手表 的 描述 跟 这个 薛品芬 的 描述 是 一样 的 
第 四 个 是 证人 黄雪芬 的 证言 
在 卷宗 的 第三 卷 第81 到 84 
黄雪芬 陈述 了   2010年 12月 25日 那天 呢 天 暗 下来 的 时候  我 老公 王立权 带 回 一 只 手表 和 一 只 手机  手表 谁 都 没 注意 听  手机 他 说 是 钱云会 的  过 了 一会儿  我 上 楼 看见 我 老公 和 两 个 儿子 正 在 我 大儿子 王旭旭 的 电脑 上 的 电脑前 看 录像  我 当时 看见 钱云会 躺 在 车轮 下  旁边 有些 人 围 着  手表 王立权 叫 我 保管 
我 呢  后来 叫 这个 邻居 赛 英 帮 我 保管 
 第五 个 是 证人 王旭旭 的 证言 
在 卷宗 的 第三 卷 86 至 98 页 
王旭旭 陈述   2010年 12月 25日 下午 大概 三四点  我 爸 王立权 回 家 来  拿 了 一 部 手机 和 一 只 手表  他 说 是 钱云会 的  他 叫 我 弟弟 王旭乐 把手 表里 的 东西 拷 到 他 自己 的 U 盘 里  拷 出来 后 他 在 我 的 电脑 里 播放 U 盘  我 看到 有 一 段 是 钱云会 被 撞 死 过程 的 现场 视频  后来 我 把 钱云会 被 车 撞 死 的 过程 的 现场 视频 保存 在 我 的 电脑 里 
我 爸爸 把 U 盘 拿走 了 
钱云会 被 撞 死 的 视频  刚 开始 出现 的 是 钱云 会 面部 特写  估计 是 他 自己 戴 着 拍摄 的  后来 视频 开始 是 摇摇晃晃 的  拍 的 是 路上 一些 画面  另外 听 到 汽车 喇叭  最后  视频 就 固定 在 一个 画面 上  这时候 估计 是 钱云会 被 车 撞 死 了 倒 在 地上 
再 过 了 一会儿  就 看 到 很多 人 围 过来  就是 过来 围观 的  然后 镜头 就 停 在 那里 了 
播放 视频 时  我  我 弟弟 王旭乐  我 爸 王立权  我 妈 黄雪芬 在场  我 妈 是 后来 才 来 的 
看 了 视频 后  我 个人 认为 钱云会 是 死 于 交通 肇事  我 害怕 如果 将 钱云会 被 车 撞 死 的 过程 给 有关 部门  村民 们 会 对 我们 进行 报复 
全家 看 过 视频 后  我 爸 吩咐 我们 都 不要 说 
 第 六 个 是 证人 王旭乐 的 证言 
在 卷宗 的 第105 至 109 页 
 2010年 12月 25日 中午 12时 27分  我 在 家里 ‘ 乐清 上班族 论坛 ’ 上 发 了 不 实 的 帖 子  内容 不 真实 的 帖 子 
2010年 12月 25日 那天 下午  我 爸 王立权 回 家 来  给 我 一 只 手表 和 一 条 数据 线  一 个 U 盘  说 手表 是 从 钱云会 手上 偷偷 摘 下来 的  有 摄影 录像 功能  让 我 把 手表 里 的 东西 拷 出来  放 在 U 盘 里 
后来 因为 我 的 电脑 没有 快 播 软件  就 拿 到 我 哥 的 电脑 上 弄  钱云 会 手表 里 的 内容  把 这个 手表 里 的 内容 复制 出来 
后来 我 爸 我 哥 陆续 取 回来 了 一些 现场 资料  我 后来 都 放 在 ‘ 新建 文件夹 3 ’  并 剪切 到 D 盘 的 ‘ 热血 江湖 伏 魔 幻影 ’ 游戏 的 子目录 下面 隐藏 起来 
看 过 手表 里 的 视频 资料 以后  我 认为 这 是 一 起 交通事故 
在 网上 发 的 帖 子  是 我 爸 说 老袁 要 在 网上 发 这样 的 帖 子 
 第 七 个 是 证人 孔献良 的 证言 
在 卷宗 的 第三 卷 的 第115 页  第三 卷 的 124 页 
通过 照片 能 辨认 出  王立权 就 是 跟着 林金儿 过来 借 这个 手表 的 人 
孔献良 陈述   2010年 12月 23日 左右  林金儿 和 他 朋友 向 我 借 了 一 只 有 拍照 和 录像 功能 的 手表 
当时 呢  我 教 他们 怎么 用 了 
