第二 个 歪曲 是 对 王旭旭 证言 的 歪曲  当 中 说 王旭旭 是 在 一 种 恐怖 的 状态 下 作证 的  事实 并非如此  王旭旭 在 作 证言 的 过程 当中 是 如实 向 侦查 人员 做 了 陈述 的  其 说 的 害怕 心理  是 担心 的 这样 一个 内容  是 害怕 村民 对 其 将 这个 视频 交给 政府 以后  村民 对 其 报复  阐述 的 是 这么 一个 理由  故此 害怕  不 将 证据 交给 政府 
对于 诉讼 代理人 刚才 提到 的 12月 23 号 的 这个 视频  是 不 是 钱云会 这个 头像  我们 公诉人 已经 经过 了 审查  并 经过 了 确认  这个 人 并非 钱 云 会  刚才 在 法庭 上 播放 的 这 段 视频 当中  这个 头像 才 是 钱云会 
对于 本 案 的 证人 是否 应当  包括 王立权 等 几 个 证人 是否 应当 出庭 的 这个 问题  公诉人 认为  根据 刑 诉 法 的 规定  公诉人 在 宣读 证人 证言 的 时候  既 可以 传唤 证人  要求 法庭 传唤 证人 当庭 作证  也 可以 当庭 宣读 其 书面 证言  刚才 公诉人 出示 的 书面 证言  取证 程序 合法  内容 上 与 公诉人 出示 的 其他 证据 相 印证  对 犯罪 事实 已经 能 充分 证实  并且 王立权 等 人 因为 涉及 其他 刑事 案 件  仍 处于 侦查 阶段  不宜 出庭 
公诉人 2 补充 一下 啊  关于 辩护人 提出 的 王立权 的 老婆 黄雪芬 在 凌晨 5点 至 7点  找 她 谈话  这 是 因为  这个 案 件 的 手表 一个 重要 的 物证  被 王立权 的 老婆 黄雪芬 他们 所 隐匿  在 这个 时候  这个 侦查 人员  在 这个 时候 找 黄雪芬 谈话 完全 是 必要 的 
再 一个  本 案 的 这个 电子 物证  这个 辩护人 说 的 是 没有 技术 部门 的 检验  这个 是 错误 的  对 这个 视频 资料 的 提取  是 一个 严密 的  科学 的 过程  已经 有 专门 的 物证 检验 部门 出具 了 报告  因此 这个 物证  它 的 取证  原先 一直 是 在 王立权 的 掌 控 之下  从 这个 被害人 钱 云 会 的 手上 摘 下 这个 手表 以后  一直 是 王立权 在 保管 的  后来 是 藏 到 了 邻居 陈赛英 的 手上  一直 到 1月 14 号 由 公安 机关 依法 予以 提取  并 进行 了 鉴定 
这个 

没有 被 污染 或者 剪接 的 情况 存在  所以 说  诉讼 代理人 所 说 是 没有 任何 依据 的 
诉讼 代理人  法官 我 要 答辩 一下 
法官  等 一下 
对 证据 质证 的 过程 法庭 都 记录 下来 
诉讼 代理人  我 觉得 对 他 刚才 说 了  我 就 要 回 应 一下  这 都 是 平等 的 
法官  已经 记录 在 案 了 
辩论 的 时候 可以 还 就 这个 问题 还 

诉讼 代理人  这 是 质证 阶段  他 为什么 有 权利 回应 我  我 也 可以 有 权利 
法官  你 不 是 质证 了 嘛 
诉讼 代理人  对 啊  他 举 证 完毕 了 不 应该 再 说话 了  他 如果 再 说话 了 我 有 权利 进行 答辩 
请 给 我 两分 钟 时间 
法官  好  可以 
诉讼 代理人  第一  公诉人 说 12月 23 号 这个 头像 不 是 钱云会  公诉人 是 证人 吗 
可以 再 放 一下  这 头像 到底 是 不 是 钱云 会 
公诉人 本人 来 证明 这个 人 不 是 钱云 会 
公诉人  审判长 

诉讼 代理人  等 我 说 完 
公诉人 说  刑 诉 法 说 证人 可以 不 出庭  但 最高 法院  我们 今天 在 法庭 上 审  总归 是 要 根据 最高 法 的 司法 解释  司法 解释 规定 了 四 种 情形  那 你 说 你 是 哪 一 种 情形 不要 出庭 
你 可以 解释  有 机会 
证人 出庭 了 我们 就 可以 问 清楚 了  王旭乐 删 的 是 什么  他 害怕 的 是 什么 

这 是 我 讲 的 第一点  第二点 我 要 讲  这个 第一 公诉人 讲 到  这些 物证 是 经过 检验 的  我 同意 经过 检验  但是 你 没有 经过 检验 它 有 没 有 剪辑 修改  不 信 你 可以 出示 一 下  公安 的 所有 物证 鉴定 都 只 是 提取  没有 进行 鉴定 
我 就是 想 问 你  你 凭 什么 说 这个 没有 剪接 过  没有 修改 过 
我们 还是 要 有 事实 来 说话 
完了  谢谢 
法官  公诉人 和 诉讼 代理人 质证 都 记录 在 案  就 不要 再 纠缠 在 这个 问题 上 辩论 
公诉人 向 法庭 出示 第三 组 证据 公诉人  审判长  公诉人 将 出示 本 案 的 第三 组 证据  主要 证明 被告人 费良玉 

法官  打断 一下  主要 证言 说 详细 一点  次要 证言 呢  就是说 可以 概述  短 一点 
公诉人  现 出示 第三 组 证据  主要 证明 被告人 费良玉 交通 肇事 致 一 人 死亡 并 负 事故 主要 责任 
第一 项 证据  是 勘验 检查 笔录  包括 道路交通 事故 现场 勘查 笔录 及 道路交通 事故 照片  事故 现场 图 
在 卷宗 第二 卷 的 第1 至 13 页 
证明  事故 地点 是 乐清市 虹 南 大道 蒲 岐 镇 寨 桥 村 地段  道路 情况 是 东西 走向  道路 南侧 有 建筑施工 堆积物  现场 死亡 1 人  肇事 车辆 为 皖 K5B323 解放 牌 重型 自 卸货 车  有 保险 标志  货车 正 前 有 碰撞 痕迹  此 痕迹 在 保险杠 上  正 前 车底 散热器 铁 架 上 有 碰撞 痕迹 

铁丝 上 有 碰撞 痕迹  有 擦 印 
现场 找到 证人 钱成宇  现场 提取 到 尸体 旁 雨伞 一 把  货车 头 东 尾 西 停 在 道路 北侧  左 前轮 在 道路 外侧 泥土 地上  留下 与 尸体 一 起 5 5 米 长 拖 印  尸体 头 北 脚 南 伏 在 道路 上  尸体 前 有 泥土 堆积 
第二 项 证据  是 物证 
雨伞 一 把  侦查 人员 在 尸体 旁 提取 的 这 把 雨伞 
伞 面 上 是 卡通 图 案  与 视频 上 钱云会 所 撑 的 雨伞 是 一致 的 
第三 项 证据 是 乐清市 交通 警察 大队 民警 赵顺余  余兵 新  陈 华丰 出具 的 情况 说明  在 卷宗 第二 卷 的 72 页  证明 在 事故 后 民警 在 勘查 中 受到 群众 的 干扰  10点 50分 结束 勘查  现场 冲突 平息 后  下午 3点 多 再 做 补充 拍照 
