如果/c当初/t世代相传/vl的/ude1衣服/n没有/d大/a批/q卖/v给/p收/v旧货/n的/ude1，/wd一年一度/bl六月/t里/f晒/v衣裳/n，/wd该/rz是/vshi一/m件/q辉煌/a热闹/a的/ude1事/n罢/y。/wj
你/rr在/p竹竿/n与/cc竹竿/n之间/f走过/v，/wd两边/f拦/v着/uzhe续/v罗/nr1绸缎/n的/ude1墙/n——/wp那/rzv是/vshi埋/v在/p地/n底下/f的/ude1古代/t富/vg室/n里/f发掘/v出/vf来/vf的/ude1甭/vd道/v。/wj
你/rr把/pba额角/n贴/v在/p织/v金/b的/ude1花/n绣/v上/vf。/wj
太阳/n在/p这/rzv边/k的/ude1时候/n，/wd将/p金线/n晒/v得/ude3滚烫/z，/wd然而/c现在/t已经/d冷/a从前/t的/ude1人/n吃力/a地/ude2过/vf了/ule一辈子/mq，/wd所作所为/nl，/wd渐渐/d蒙/vi上/vf了/ule灰尘/n；/wf子孙/n晾/v衣裳/n的/ude1时候/n又/d把/pba灰尘/n绘/v抖/vi了/ule下来/vf，/wd在/p黄色/n的/ude1太阳/n里/f飞舞/v着/uzhe。/wj
回忆/v这/rzv东西/n若/c是/vshi有/vyou气味/n的话/udh，/wd那/rzv就是/v樟脑/n的/ude1香/a，/wd甜/an而/cc稳妥/a，/wd像/p记得/v分明/a的/ude1快乐/an，/wd甜/an而/cc帐/ng悯/x，/wd像/p忘却/v了/ule的/ude1忧愁/an。/wj
我们/rr不/d大/a能够/v想象/v过去/vf的/ude1世界/n，/wd这么/rz迂缓/a，/wd宁静/an，/wd齐整/a——/wp在/p满清/t三百年/m的/ude1统治/vn下/f，/wd女人/n竟/d没有/v什么/ry时装/n可言/u！/wt
一/m代/q又/c一代/n的/ude1人/n穿/v着/uzhe同样/b的/ude1衣服/n而/cc不/d觉得/v厌烦/v。/wj
开国/b的/ude1时候/n，/wd因为/c“/wyz男/b降/v亥/x不/d降/v”/wyy，/wd女子/n的/ude1服装/n还/d保留/v着/uzhe显/v著/uzhe的/ude1明代/t遗风/n。/wj
从/p十七/m世纪/n中叶/t直到/v十九/m世纪/n末/f，/wd流行/v着/uzhe极度/d宽大/a的/ude1杉/ng裤/ng，/wd有/vyou一/m种/q四平八稳/al的/ude1沉着/a气象/n。/wj
领/v圈/qv很/d低/a，/wd有/vyou等于/v无/v。/wj
穿/v在/p外面/f的/ude1是/vshi“/wyz大/a袄/x”/wyy。/wj
在/p非正式/b的/ude1场合/n，/wd宽/a了/ule衣/ng，/wd便/d露出/v“/wyz中/f袄/x”/wyy。/wj
“/wyz中/f袄/x”/wyy里面/f有/vyou紧/d窄/a合身/a的/ude1“/wyz小/a袄/x”/wyy，/wd上/vf床/n也/d不/d脱/v去/vf，/wd多半/d是/vshi娇媚/a的/ude1桃红/n或/c水红/b。/wj
三/m件/q袄/x子/ng之上/f又/d加/v着/uzhe“/wyz云/vg肩/n背/v心/n”/wyy，/wd黑/a缎/ng宽/a镶/v，/wd盘/v着/uzhe大/a云头/n。/wj
削/v肩/n、/wn细/a腰/n、/wn平/v胸/ng，/wd薄/a而/cc小/a的/ude1标准/n美女/n在/p这/rzv一/m层层/q衣衫/n的/ude1重/d压/v下/f失踪/vi了/y。/wj
她/rr的/ude1本身/rz是/vshi不/d存在/v的/ude1，/wd不过/c是/vshi一个/mq衣/ng架子/n罢了/y。/wj
中国/ns人/n不/d赞成/v太/d触/v目的/n女人/n。/wj
历史/n上/f记载/v的/ude1耸人听闻/vl的/ude1美德/n——/wp譬如说/vl，/wd一/m只/q胳膊/n被/pbei陌生/a男子/n拉/v了/ule一/m把/qv，/wd便/d将/p它/rr砍/v掉/v——/wp虽然/c博得/v普通/a的/ude1赞叹/vn，/wd知识/n阶级/n对/p之/uzhi总/d隐隐/z地/ude2觉得/v有点/d遗憾/a，/wd因为/c一个/mq女人/n不/d该/v吸引/v过度/vi的/ude1注意/vn；/wf任/v是/vshi铁/n挣/vi锋/ng的/ude1名字/n，/wd挂/v在/p千/m万/m人/n的/ude1嘴唇/n上/f，/wd也/d在/p呼吸/v的/ude1水蒸气/n里/f生/v了/ule锈/vi。/wj
女人/n更/d想/v出众/a一点/m，/wd连/ulian这样/rzv堂而皇之/dl的/ude1途径/n都/d有/vyou人/n反对/v，/wd何况/c奇装异服/nl，/wd自然/d那/rzv更/d是/vshi伤风败俗/vl了/y。/wj
出/vf门/n时/ng裤子/n上/f罩/v的/ude1裙子/n，/wd其/rz规律/n化/k更/d为/v彻底/a。/wj
通常/d都/d是/vshi黑色/n，/wd逢/v着/uzhe喜庆/vi年节/t，/wd太太/n穿/v红/a的/ude1，/wd姨太太/n穿/v粉红/b。/wj
寡妇/n系/v黑/a裙/ng，/wd可是/c丈夫/n过世/v多/m年/qt之后/f，/wd如/v有/vyou公婆/n在/p堂/ng，/wd她/rr可以/v穿/v湖色/n或/c雪青/b。/wj
裙/ng上/f的/ude1细榴/nr2是/vshi女人/n的/ude1仪态/n最/d严格/a的/ude1试验/vn。/wj
家教/n好/a的/ude1姑娘/n，/wd莲步/nr珊珊/nr2，/wd百/m稻/ng裙/ng虽/c不至于/d纹丝不动/vl，/wd也/d只/d限于/v最/d轻微/a的/ude1摇/v颤/vi。/wj
不/d惯/v穿/v裙/ng的/ude1小家碧玉/nl走/v起/vf路/n来/f便/d予/vg人/n以/p惊/v风/n骇/x浪/n的/ude1印象/n。/wj
更为/d苛刻/a的/ude1是/vshi新娘/n的/ude1红/a裙/ng，/wd裙/ng腰/n垂/v下/vf一/m条/q条/q半/m寸/q来/vf宽/a的/ude1飘带/n，/wd带端/n系/v着/uzhe铃/ng。/wj
行动/vn时/ng只/d许/v有/vyou一点/m隐约/z的/ude1叮当/o，/wd像/v远/a山上/s宝塔/n上/f的/ude1风铃/n。/wj
晚/tg至/p一九二/m０年/m左右/m，/wd比较/d潇洒/a自由/a的/ude1宽/a褶/ng裙/ng入时/a了/y，/wd这/rzv一/m类/q的/ude1裙子/n方才/d完全/ad废除/v。/wj
穿/v皮子/nr，/wd更是/d禁不起/v一些/mq出入/v，/wd便/d被/pbei目/ng为/p暴发户/n。/wj
皮衣/n有/vyou一定/b的/ude1季节/n，/wd分门别类/dl，/wd至/p为/v详尽/a。/wj
十月/t里/f若是/c冷/a得/ude3出奇/a，/wd穿/v三/m层/qv皮/n是/vshi可以/v的/ude1，/wd至于/p穿/v什么/ry皮/n，/wd那/rzv却/d要/v顾/v到/v季节/n而/cc不/d能/v顾/v到/v天气/n了/y。/wj
初冬/t穿/v“/wyz小毛/n”/wyy，/wd如/v青/a种羊/n、/wn紫/a羔/ng、/wn珠/ng羔/ng；/wf然后/c穿/v“/wyz中/f毛/nr1”/wyy，/wd如/v银鼠/n、/wn灰鼠/n、/wn灰/n脊/x、/wn狐/ng腿/n、/wn甘/ag肩/n，/wd倭/ng刀/n；/wf隆冬/t穿/v“/wyz大/a毛/nr1”/wyy，/wd——/wp自/p狐/ng、/wn青/a狐/ng、/wn西/b狐/ng、/wn玄狐/n、/wn紫貂/n。/wj
“/wyz有/vyou功名/n”/wyy的/ude1人/n方/d能/v穿/v貂/n。/wj
中/b下等/b阶级/n的/ude1人/n以前/f比/p现在/t富裕/a得/ude3多/a，/wd大都/ns有/vyou一/m件/q金银/b嵌/v或/c羊皮/n袍子/n。/wj
妨/x娘/n们/k的/ude1“/wyz昭/ag君/ng套/v”/wyy为/v阴森/a的/ude1冬/tg月/n添/v上/f点/qt色彩/n。/wj
根据/p历代/n的/ude1图画/n，/wd昭君/nr2出/vf塞/v所/usuo戴/v的/ude1风/n兜/vi是/vshi爱斯基摩/nrf式/k的/ude1，/wd简单/a大方/a，/wd好莱坞/nsf明星/n仿/x制/v者/k颇/d多/a。/wj
中国/ns十九/m世纪/n的/ude1“/wyz昭/ag君/ng套/v”/wyy却/d是/vshi癫狂/a冶/vg艳/a的/ude1，/wd——/wp一/m顶/q瓜皮帽/n，/wd帽/ng据/p围/v上/vf一/m圈/qv皮/n，/wd帽顶/n缀/v着/uzhe极大/a的/ude1红/a绒球/n，/wd脑/n后/f垂/v着/uzhe两/m根/q粉红/b缎带/n，/wd带端/n缀/v着/uzhe一/m对/p金/b印/b，/wd动辄/d相/d击/vg作/v声/qv。/wj
对于/p细节/n的/ude1过分/a的/ude1注意/vn，/wd为/p这/rzv一时/t期/ng的/ude1服装/n的/ude1要点/n。/wj
现代/t西方/s的/ude1时装/n，/wd不/d必要/a的/ude1点缀/vn未尝/d不/d花样/n多端/n，/wd但是/c都/d有/vyou个/q目的/n——/wp把/pba眼睛/n的/ude1蓝色/n发扬光大/vl起来/vf，/wd初/d助/v不/d发达/a的/ude1胸部/n，/wd使/v人/n看上去/v高/a些/q或/c矮/a些/q，/wd集中/v注意力/n在/p腰/n胶/n上/f，/wd消灭/v臀部/n过度/vi的/ude1曲/n…/ws…/ws
古/tg中国/ns衣/ng杉/ng上/f的/ude1点缀/vn晶/ag却/d是/vshi完全/ad无/v意义/n的/ude1，/wd若/c说/v它/rr是/vshi纯粹/b装饰/vn性质/n的/ude1吧/y，/wd为什么/ryv连/ulian鞋底/n上/f也/d满/a布/n着/uzhe繁缛/a的/ude1图/n案/x呢/y？/ww
鞋/n的/ude1本身/rz就/d很/d少/a在/p人/n前/f露脸/vi的/ude1机会/n，/wd别/d说/v鞋底/n了/y，/wd高/a底/f的/ude1边缘/n也/d充塞/v着/uzhe密/a密/a的/ude1花纹/n。/wj
袄/x子/ng有/vyou“/wyz三/m镶/v三/m滚/vi”/wyy、/wn“/wyz五/m镶/v五/m滚/vi”/wyy、/wn“/wyz七/m镶/v七/m滚/vi”/wyy之/uzhi别/vn，/wd镶/v滚/vi之外/f，/wd下摆/v与/p大襟/n上/f还/d闪烁/v着/uzhe水/n钻/v盘/qv的/ude1梅花/n、/wn菊花/n。/wj
袖/ng上/f另/d钉/v着/uzhe名/q晚/tg“/wyz阑/ng干/v”/wyy的/ude1丝/n质/ng花边/n，/wd宽/a约/d七/m寸/q，/wd挖/v空/a楼/n出/vf福/n寿/ng籽/ng样/ng。/wj
这里/rzs聚集/v了/ule无数/m小小的/z有趣/a之/uzhi点/n，/wd这样/rzv不/d停/vi地/ude2另/d生/v枝节/n，/wd放/v恣/x，/wd不/d讲/v理/n，/wd在/p不/d相/d干/v的/ude1事物/n上/f浪费/v了/ule精力/n，/wd正是/v中国/ns有/vyou闲/a阶级/n一贯/b的/ude1态度/n。/wj