凡/d在/p北国/s过/vf过/uguo冬天/t的/ude1人/n，/wd总/d都/d道/v围/v炉/ng煮/v茗/ng，/wd或/c吃/v煊/x羊肉/n，/wd剥/v花生米/n，/wd饮/v白/d干/v的/ude1滋味/n。/wj
而/cc有/vyou地炉/n，/wd暖/a炕/n等/udeng设备/n的/ude1人家/n，/wd不/d管/v它/rr门外/s面/n是/vshi雪/n深/a几/m尺/q，/wd或/c风/n大/a若雷/nrf，/wd而/cc躲/v在/p屋里/s过/d活/a的/ude1两三/m个/q月/n的/ude1生活/vn，/wd却/d是/vshi一年/m之中/f最/d有/vyou劲/n的/ude1一/m段/q蛰居/v异/ag境/ng；/wf老年人/n不必/d说/v，/wd就是/d顶/v喜欢/vi活动/vn的/ude1小/a孩子/n们/k，/wd总/d也/d是/vshi个/q个/q在/p怀/v恋/v的/ude1，/wd因为/c当/p这/rzv中间/f，/wd有/vyou的/ude1萝卜/n，/wd雅儿/nr2梨/n等/udeng水果/n的/ude1闲/a食/ng，/wd还有/v大年夜/t，/wd正月/t初一/t元宵/n等/udeng热闹/a的/ude1节/n期/qv。/wj
但/c在/p江南/ns，/wd可/c又/d不同/a；/wf冬至/t过后/t，/wd大江/n以南/f的/ude1树叶/n，/wd也/d不至于/d脱/v尽/vi。/wj
寒风/n─/x—/wp西北风/n─/x—/wp间或/d吹/v来/vf，/wd至多/d也/d不过/d冷/a了/ule一日/t两日/t。/wj
到/v得/ude3灰/ag云/vg扫/v尽/vi，/wd落叶/n满/a街/n，/wd晨霜白/nr得/v象/ng黑/a女/b脸上/s的/ude1脂粉/n似的/uyy清早/t，/wd太阳/n一/m上/f屋檐/n，/wd鸟雀/n便/d又/d在/p吱/o叫/vi，/wd泥/n地/n里/f便/d又/d放出/v水蒸气/n来/f，/wd老翁/n小孩/n就/d又/d可以/v上/vf门前/s的/ude1隙地/n里/f去/vf坐/v着/uzhe曝/vg背/v谈天/vi，/wd营/vg屋/n外/f的/ude1生涯/n了/y；/wf这/rzv一/m种/q江南/ns的/ude1冬景/nr，/wd岂/d不/d也/d可/v爱/v得/ude3很/d么/y？/ww
我/rr生长/v江南/ns，/wd儿时/t所/usuo受/v的/ude1江南/ns冬日/t的/ude1印象/n，/wd铭刻/v特/ag深/a；/wf虽则/c渐/d入/v中年/t，/wd又/d爱上/v了/ule晚秋/t，/wd以为/v秋天/t正是/v读/v读书/vi，/wd写/v写字/vi的/ude1人/n的/ude1最/d惠/vg节/n季/ng，/wd但/c对于/p江南/ns的/ude1冬景/nr，/wd总/d觉得/v是/vshi可以/v抵/v得/ude3过/vf北方/s夏夜/t的/ude1一/m种/q特殊/a情调/n，/wd说/v得/ude3摩登/a些/q，/wd便/d是/vshi一/m种/q明朗/a的/ude1情调/n。/wj
我/rr也/d曾/d到/v过/uguo闽/b粤/b，/wd在/p那里/rzs过/vf冬天/t，/wd和暖/an原/d极/d和暖/a，/wd有时候/d到/v了/ule阴历/n的/ude1年/n边/k，/wd说不定/vl还/d不/d得/ude3不/d拿/v出/vf纱/n衫/ng来着/u；/wf走过/v野人/n的/ude1篱落/n，/wd更/d还/d看得见/v许多/m杂七杂八/al的/ude1秋/tg花/v！/wt
一番/mq阵雨/n雷鸣/vi过后/t，/wd凉/v冷/a一点/m；/wf至多/d也/d只好/d换上/v一/m件/q夹衣/n，/wd在/p闽/b粤/b之间/f，/wd皮袍/n棉袄/n是/vshi绝对/d用不着/bl的/ude1；/wf这/rzv一/m种/q极/d南/f的/ude1气候/n异状/n，/wd并/cc不/d是/vshi我/rr所/usuo说/v的/ude1江南/ns的/ude1冬景/nr，/wd只/d能/v叫/vi它/rr作/v南国/s的/ude1长春/ns，/wd是/vshi春/tg或/c秋/tg的/ude1延长/vn。/wj
江南/ns的/ude1地质/n丰腴/a而/cc润泽/an，/wd所以/c含/v得/ude3住/vi热气/n，/wd养/v得/ude3住/vi植物/n；/wf因而/c长江/ns一带/n，/wd芦花/n可以/v到/p冬至/t而/cc不/d败/vi，/wd红/a时/ng也/d有/vyou时候/n会/v保持/v得/ude3三/m个/q月/n以上/f的/ude1生命/n。/wj
象/ng钱塘江/ns两岸/n的/ude1乌/b桕/x树/n，/wd则/c红叶/n落后/a，/wd还有/v雪白/z的/ude1桕/x子/ng着/vi在/p枝头/n，/wd一点—/t丛/ng，/wd用/p照相机/n照/v将/d出来/vf，/wd可以/v乱/a梅花/n之/uzhi真/ng。/wj
草/n色/ng顶多/d成/v了/ule赭色/n，/wd根/n边/k总/d带/v点/qt绿意/n，/wd非但/c野火烧不尽/nl，/wd就是/v寒风/n也/d吹/v不/d倒/vi的/ude1。/wj
若/c遇到/v风/n和/cc日/b暖/a的/ude1午后/t，/wd你/rr一个/mq人/n肯/v上/f冬/tg郊/ng去/vf走走/v，/wd则/c青天/n碧/ng落/v之下/f，/wd你/rr不但/c感/vg不/d到/v岁/qt时/ng的/ude1肃/vg杀/v，/wd并且/c还/d可以/v饱/ad觉着/v一/m种/q莫名其妙/al的/ude1含蓄/a在/p那里/rzs的/ude1生气/n；/wf“/wyz若/c是/vshi冬天/t来/vf了/y，/wd春天/t也/d总/d马上/d会/v来/vf”/wyy的/ude1诗人/n的/ude1名句/n，/wd只有/c在/p江南/ns的/ude1山野/n里/f，/wd最/d容易/ad体会/v得出/v。/wj
说/v起/vf了/ule寒/ag郊/ng的/ude1散步/vi，/wd实在/d是/vshi江南/ns的/ude1冬日/n，/wd所/usuo给/v与/p江南/ns居住者/n的/ude1一/m种/q特异/z的/ude1恩惠/n；/wf在/p北方/s的/ude1冰天雪地/nl里/f生长/v的/ude1人/n，/wd是/vshi终/d他/rr的/ude1一生/n，/wd也/d决不/d会/v有/vyou享受/v这/rzv一/m种/q清福/n的/ude1机会/n的/ude1。/wj
我/rr不/d知道/v德国/nsf的/ude1冬天/t，/wd比/p起/vf我们/rr江浙/n来/f如何/ryv，/wd但/c从/p许多/m作家/n的/ude1喜欢/vi以/pSpaziergang/x一/m字/n来/vf做/v他们/rr的/ude1创造/vn题目/n的/ude1一点/m看来/v，/wd大约/d是/vshi德国/nsf南部/f地方/n，/wd四季/n的/ude1变迁/vn，/wd总/d也/d和/cc我们/rr的/ude1江南/ns差/v仿/x不/d多/a。/wj
譬如说/vl十九/m世纪/n的/ude1那位/r乡土/n诗人/n洛/b在/p格/n（/wkzPeterRosegger1843—1918/x）/wky罢/v，/wd他/rr用/p这/rzv一个/mq“/wyz散步/vi”/wyy做/v题目/n的/ude1文章/n尤其/d写/v得/ude3多/a，/wd而/cc所/usuo写/v的/ude1情形/n，/wd却/d又/d是/vshi大半/m可以/v拿/v到/v中国/ns江浙/n的/ude1山区/n地方/n来/vf适用/a的/ude1。/wj
江南/ns河港/n交流/vn，/wd且/c又/c地/n滨/ng大海/n，/wd湖沼/n特/ag多/a，/wd故/c空气/n里/f时/ng含水分/n；/wf到/v得/ude3冬天/t，/wd不时/d也/d会/v下/vf着/uzhe微雨/n，/wd而/cc这/rzv微雨/n寒/ag村里/n的/ude1冬/tg霖/nr1景象/n，/wd又/d是/vshi一/m种/q说/v不/d出/vf的/ude1悠闲/a境界/n。/wj
你/rr试想/v想/v，/wd秋收/n过后/t，/wd河流/n边/k三五/m家/q人家/n会聚/v在/p一/m道/qv的/ude1一个/mq小/a村子/n里/f，/wd门对/n长/a桥/n，/wd窗/ng临/v远/a阜/x，/wd这/rzv中间/f又/d多/a是/vshi树枝/n槎/ng丫/ng的/ude1杂/a木/ng树林/n；/wf在/p这/rzv一/m幅/q冬日/n农村/n的/ude1图/n上/f，/wd再/d洒/vi上/f一/m层/qv细/a得/ude3同/p粉/n也/d似/u的/ude1白雨/nr，/wd加上/v一/m层/qv淡/x得/v几/m不/d成/v墨/b的/ude1背景/n，/wd你/rr说/v还/d够/v不/d够/v悠闲/a？/ww
若/c再/d要点/n景致/n进去/vf，/wd则/c门前/s可以/v泊/vg一/m只/q篷/n小船/n，/wd茅屋/n里/f可以/v添/v几/m个/q喧哗/vi的/ude1酒/n客/ng，/wd天/qt垂暮/n了/y，/wd还/d可以/v加/v一味/d红/a黄/a，/wd在/p茅屋/n窗/ng中/f画/v上/vf一/m圈/qv暗示/v着/uzhe灯光/n的/ude1月晕/n。/wj
人/n到/v了/ule这/rzv一个/mq境界/n，/wd自然/d会/v得/ude3胸襟/n洒脱/a起来/vf，/wd终/d至于/p得失/n俱/dg亡/vg，/wd死/v生/dg不同/a了/y；/wf我们/rr总/d该/v还/d记得/v唐朝/t那/rzv位/q诗人/n做/v的/ude1“/wyz暮/ag雨/n潇潇/z江/n上/f树/v”/wyy的/ude1一/m首/q绝句/n罢/y？/ww
诗人/n到/v此/rzs，/wd连/ulian对/p绿林/n豪客/n都/d客气/a起来/vf了/y，/wd这/rzv不/d是/vshi江南/ns冬/tg景/ng的/ude1迷人/a又/d是/vshi什么/ry？/ww
一/m提到/v雨/n，/wd也/d就/d必然/d的/ude1要/v想到/v雪/n：/wm“/wyz晚/tg来/vf天/n欲/vg雪/n，/wd能/v饮/v一/m杯/q无/v？/ww”/wyy
自然/d是/vshi江南/ns日/b暮/tg的/ude1雪景/n。/wj
“/wyz寒/ag沙/n梅/ng影/ng路/n，/wd微/ag雪/n酒香/n村/n”/wyy，/wd则/c雪/n月/n梅/ng的/ude1冬/tg宵/tg三/m友/ng，/wd会合/vi在/p一道/d，/wd在/p调戏/v酒/n姑娘/n了/y。/wj
“/wyz柴门/n村/n犬/ng吠/vg，/wd风雪/n夜/tg归/v人/n”/wyy，/wd是/vshi江南/ns雪夜/n，/wd更/d深/a人/n静/a后/f的/ude1景况/n。/wj
“/wyz前/f树/v深/a雪/n里/f，/wd昨夜/t一/m枝/q开/v”/wyy又/d到/v了/ule第二/m天/qt的/ude1早晨/t，/wd和/cc狗/n一样/uyy喜欢/vi弄/v雪/n的/ude1村/n童/ng来/vf报告/n村/n景/ng了/y。/wj
诗人/n的/ude1诗句/n，/wd也许/d不/d尽/d是/vshi在/p江南/ns所/usuo写/v，/wd而/cc做/v这/rzv几/m句/q诗/n的/ude1诗人/n，/wd也许/d不/d尽/d是/vshi江南/ns人/n，/wd但/c假/a了/ule这/rzv几/m句/q诗/n来/vf描写/v江南/ns的/ude1雪景/n，/wd岂/d不/d直截了当/nl，/wd比/p我/rr这/rzv一/m枝/q愚/a劣/ag的/ude1笔/n所/usuo写/v的/ude1散文/n更/d美丽/a得/ude3多/a？/ww