偏见/n可以/v说/v是/vshi思想/n的/ude1放假/vn。/wj
它/rr是/vshi没有/v思想/n的/ude1人/n的/ude1家常/n日用/b，/wd而是/c有/vyou思想/n的/ude1人/n的/ude1星期日/t娱乐/vi。/wj
假如/c我们/rr不能/v怀/v挟/v偏见/n，/wd随时随地/dl必须/d得/ude3客观/a公平/a、/wn正经/ad严肃/v，/wd那/rzv就/d像/v造/v屋/n只有/c客厅/n，/wd没有/v卧室/n，/wd又/d好/a比/p在/p浴室/n里/f照镜子/vi还/d得/ude3做出/v摄影机/n头/n前/f的/ude1姿态/n。/wj
魔鬼/n在/p但/c丁/nr1《/wkz地狱/n篇/q》/wky第二十七/m句/q中/f自称/v：/wm“/wyz敝/r魔/ag生平/n最好/d讲理/a。/wj”/wyy
可见/c地狱/n之/uzhi设/v，/wd正/d为/v此/rzs辈/n；/wf人生在世/nl，/wd言/vg动/v专/d求/v合理/a，/wd大/d可/v不必/d。/wj
当然/d，/wd所谓/v正道/n公理/n压根儿/d也/d是/vshi偏见/n。/wj
依照/p生理学/n常识/n，/wd人心/n位置/n，/wd并/cc不/d正/d中/f，/wd有点/d偏/a侧/ng，/wd并且/c时髦/a得/ude3很/d，/wd偏/d倾/vi于/p左/a。/wj
古人/n称/v偏僻/a之/uzhi道/n为/v“/wyz左/a道/n”/wyy，/wd颇/d有/vyou科学/a根据/n。/wj
不过/c，/wd话/n虽/c如此/rzv说/v，/wd有/vyou许多/m意见/n还/d不/d失/v禅宗/n洞/n山/n《/wkz五/m位/q颂/vg》/wky所谓/v“/wyz偏/a中/f正/d”/wyy，/wd例如/v学术/n理论/n之类/rz。/wj
只有/c人生/n边上/f的/ude1随笔/n、/wn热恋/v时/ng的/ude1情书/n等等/udeng，/wd那/rzv才/d是/vshi老老实实/z、/wn痛痛快快/z的/ude1一/m偏/a之/uzhi见/ng。/wj
世界/n太/d广漠/a了/y，/wd我们/rr圆/vg睁/v两/m眼/q，/wd平视/v正视/v，/wd视野/n还是/d偏狭/a得/ude3可怜/a，/wd狗/n注视/v着/uzhe肉/n骨头/n时/ng，/wd何尝/d顾/v到/v旁边/f还有/v狗/n呢/y？/ww
至于/p通常/d所谓/v偏见/n，/wd只好/d比/p打靶/vi的/ude1瞄准/vn，/wd用/p一/m只/q眼/n来/vf看/v。/wj
但是/c，/wd也/d有人/r以为/v这/rzv倒/d是/vshi瞄/v中/b事物/n红心/n的/ude1看法/n。/wj
譬如/v说/v，/wd柏拉图/nrf为/p人类/n下/vf定义/n云/vg：/wm“/wyz人/n者/k，/wd无/v羽毛/n之/uzhi两/m足/a动物/n也/y。/wj”/wyy
可谓/v客观/a极了/y！/wt
但是/c按照/p希腊/ns来/f阿铁斯/nrf(/wkzDiogeneslaertius/x)/wky《/wkz哲学/n言行/n论/v》/wky六/m卷/q二/m章/q所/usuo载/v，/wd偏/d有/vyou人/n拿/v着/uzhe一/m只/q拔/v了/ule毛/nr1的/ude1鸡/n向/p柏拉图/nrf去/vf质问/v。/wj
博马舍/nrf(/wkzBeaumarchais/x)/wky《/wkz趣/ng姻缘/n》/wky(/wkz(/wkzMariagedeFigaro/x)/wky里/f的/ude1丑角/n说/v：/wm“/wyz人/n是/vshi不/d渴/a而/cc饮/v，/wd四季/n有/vyou性欲/n的/ude1动物/n。/wj”/wyy
我们/rr明知/v那/rzv是/vshi贪/v酒/n好色/a的/ude1小花脸/n的/ude1打/v浑/a，/wd而/cc也/d不得不/d承认/v这种/r偏/d宕/x之/uzhi论/ng确/d说/v透/v了/ule人类/n一/m部分/n的/ude1根/n性/ng。/wj
偏激/a二/m字/n，/wd本来/d相连/vi；/wf我们/rr别/d有所/v激/v，/wd见解/n当然/d会/v另/rz有所/v偏/a。/wj
假/ad使/v我们/rr说/v：/wm“/wyz人类/n是/vshi不拘/v日夜/n，/wd不/d问/v寒暑/n，/wd发出声音/n的/ude1动物/n。/wj”/wyy
那/rzv又/d何妨/d？/ww
禽/ng啭/x于/p春/tg，/wd蛩/x啼/vi于/p秋/tg，/wd蚊/ng作/v雷/n于/p夏/tg，/wd夜/tg则/c虫/n醒/v而/cc鸟/n睡/v，/wd风雨/n并/cc不/d天/qt天/n有/vyou，/wd无/v来人/n犬/ng不/d吠/vg，/wd不/d下/vf蛋鸡/n不/d报/v。/wj
唯有/v人/n用/p语言/n，/wd用/p动作/n，/wd用/p机械/n，/wd随时随地/dl做出/v声音/n。/wj
就/d是/vshi独处/v一/m室/n，/wd无/v与/cc酬答/v的/ude1时候/n，/wd他/rr可以/v开/v留声机/n，/wd听/v无线电/n，/wd甚至/d睡眠/vi时/ng还/d发出/v似/vg雷/n的/ude1鼻息/n。/wj
语言/n当然/d不/d就是/v声音/n，/wd但是/c在/p不/d中/f听/v，/wd不/d愿/v听/v，/wd或者/c隔/v着/uzhe墙壁/n和/cc距离/n听/v不/d真/a的/ude1语言/n里/f，/wd文字/n都/d丧失/v了/ule圭/b角/n和/cc轮廓/n，/wd变成/v一/m团/q忽/d涨/vi忽/d缩/vi的/ude1喧闹/vn，/wd跟/p鸡/n明/ag犬/ng吠/vg同样/d缺乏/v意义/n。/wj
这/rzv就是/d所谓/v“/wyz人/n籁/ng”/wyy！/wt
断送/v了/ule睡眠/vn，/wd震/vi断/v了/ule思想/n，/wd培养/v了/ule神经衰弱/vl。/wj
这个/rz世界/n毕竟/d是/vshi人类/n主宰/v管/v领/v的/ude1。/wj
人/n的/ude1声音/n胜过/v一切/rz。/wj
聚合/vi了/ule大自然/n的/ude1万/m千/m喉舌/n，/wd抵/v不/d上/vf两/m个/q人/n同时/c说话/vi的/ude1喧哗/vi，/wd至少/d从/p第三/m者/k的/ude1耳朵/n听/v来/vf。/wj
唐子西/nr的/ude1《/wkz醉/v眠/vg》/wky诗/n的/ude1名句/n“/wyz山静如/nr太/d古/a”/wyy，/wd大概/d指/v着/uzhe人类/n尚未/d出现/v的/ude1上古/t时代/n，/wd否则/c山上/s住/vi和尚/n，/wd山下/s来/vf游客/n，/wd半/m山/n开/v饭店/n茶馆/n，/wd决/d不/d容许/v那/rzv座/q山/n清静/an。/wj
人/n籁/ng是/vshi寂静/a的/ude1致命伤/n，/wd天籁/n是/vshi能/v和/cc寂静/a溶/vi为/p一/m片/q的/ude1。/wj
风声/n涛声/n之/uzhi于/p寂静/a，/wd正/d如/v风/n之/uzhi于/p空气/n，/wd涛/ng之/uzhi于/p海水/n，/wd是/vshi一/m是/vshi二/m。/wj
每日/r东方/s乍/d白/a，/wd我们/rr梦/n已/d回/v而/cc困/vi未/d醒/v，/wd会/v听到/v无数/m禽/ng声/ng，/wd向/p早晨/t打招呼/vi。/wj
那时/rzt夜/tg未/d全/d消/v，/wd寂静/an还/d逗留/vi着/uzhe，/wd来/vf庇/vg荫/ng未/d找/v清/a的/ude1睡梦/n。/wj
数/n不/d清/a的/ude1麻雀/n的/ude1鸣/vg噪/ng，/wd琐碎/a得/ude3像/d要/v啄/v破/v了/ule这个/rz寂静/a；/wf鸟/n鹊/ng的/ude1声音/n清/tg利/vg像/v把/pba剪刀/n，/wd老/a鹳/x鸟/n的/ude1声音/n滞/vg涩/an而/cc有/vyou刺/v像/v把/pba锯子/n，/wd都/d一/m声/qv两/m声/qv地/ude2向/p寂静/a来/vf试/v锋/ag口/n。/wj
但是/c寂静/a似乎/d太/d厚实/a了/y，/wd又/d似乎/d太/d流动/v了/y，/wd太/d富于/v弹性/n了/y，/wd给/p禽鸟/n啼/vi破/v的/ude1浮面/n，/wd立刻/d就/d填/v满/a。/wj
雄鸡/n引/v吭/vi悠扬/a的/ude1报晓/vi，/wd也/d并/d未/d在/p寂静/a上/f划/v下/vf一/m道/qv声/n迹/ng。/wj
慢慢/d地/ude2，/wd我们/rr忘/v了/ule鸟/n啭/x是/vshi在/p破坏/v寂静/a；/wf似乎/d寂静/a已/d将/p鸟/n语/ng吸收/v消化/v，/wd变成/v一/m种/q有/vyou声音/n的/ude1寂静/a。/wj
此时/r只要/c有/vyou邻家/n小儿/n的/ude1啼哭/vn，/wd楼上/s睡/v人/n的/ude1咳嗽/vi，/wd或/c墙/n外/f早/a行者/n的/ude1脚步声/n，/wd寂静/an就/d像/v宿/vg雾/n见/v了/ule朝阳/n，/wd破裂/vi分散/v得/ude3乾/ng净/a。/wj
人/n籁/ng已/d起/vf，/wd人事/n复/dg始/vg，/wd你/rr休想/v更/d有/vyou安顿/v。/wj
在/p更/d阑/ng身/ng倦/a，/wd或/c苦思冥想/vl时/ng，/wd忽/d闻人/n籁/ng噪/vg杂/a，/wd最/d博爱/n的/ude1人道主义/n者/k，/wd也许/d有/vyou时/ng杀/v心/n顿/dg起/vf，/wd恨/v不/d能/v灭口/vi以/p博/b耳根/n清静/an。/wj
禽兽/n风涛/nr2等/udeng一切/rz天籁/n能/v和/cc寂静/an相/d安/v相/d得/v，/wd善于/v体/ng物/ng的/ude1古诗/n人/n早已/d悟/vg到/v。/wj
《/wkz诗经/n》/wky：/wm“/wyz萧萧/z马/n鸣/vg，/wd悠悠/z旆/x旌/x”/wyy，/wd下/vf文/ng就/d说明/v“/wyz有/vyou闻/v无声/vi”/wyy；/wf可见/c马/n嘶/o而/cc无/v人/n喊/v，/wd不/d会/v产生/v喧闹/vi。/wj
《/wkz颜/ng氏/ng家训/n》/wky也/d指出/v王/nr1籍/ng名句/n“/wyz蝉/n噪/vg林/ng愈/d静/a，/wd鸟/n鸣/vg山/n更/d幽/ag”/wyy，/wd就是/v“/wyz有/vyou闻/v无声/vi的/ude1”/wyy感觉/n；/wf虫/n鸟鸣/n噪/ng，/wd反/vi添/v静/a境/ng。/wj
雪莱/nrf诗/n《/wkz赠/v珍/ag尼/b——/wp一/m个/q回忆/v》/wky(/wkzToJane/x--ARecollection/x)/wky里/f，/wd描写/v啄木鸟/n，/wd也/d说/v鸟/n啄/v山/n更/d幽/ag。/wj
柯律立治/nrf(/wkzColeridge/x)/wky《/wkz风/n瑟/ng》/wky诗/n(/wkzEolianHarp/x)/wky云/n：/wm“/wyz海/n声/qv远/a且/c幽/ag，/wd似/d告/v我/rr以/p静/a。/wj”/wyy
假/ad使/v这个/rz海/n是/vshi人海/n，/wd诗人/n非/b耳聋/vn头痛/an不可/v。/wj