听/v埃及/nsf朋友/n说/v，/wd金字塔/n的/ude1夜/tg月/n，/wd朦朦/z胧/x胧/x的/ude1，/wd仿/x佛/n是/vshi富有/v幻想/n的/ude1梦境/n。/wj
我/rr去/vf，/wd却/d不/d是/vshi为/v的/ude1寻/v梦/n，/wd倒/d想/v亲自/d多/ad摸摸/v这个/rz民族/n的/ude1活生生/z的/ude1历史/n。/wj
白天/t里/f，/wd游客/n多/a，/wd趣味/n也/d杂/a。/wj
有/vyou人/n喜欢/vi骑/v上/f备/v着/uzhe花/n鞍子/n的/ude1阿拉伯/nsf骆驼/n，/wd绕/v着/uzhe金字塔/n和/cc人/n面/n狮/ng身/ng的/ude1司/n芬克斯/nrf大/a石像/n转/v一/m转/v；/wf也/d有/vyou人/n愿意/v花费/v几/m个/q钱/n，/wd看/v那/rzv矫健/a的/ude1埃及/nsf人/n能/v不/d出/vf十分/m钟/n嗖嗖/o爬/v上/f爬/v下/vf四百五十/m呎/x高/a的/ude1金字塔/n。/wj
这/rzv种种/q风光/n，/wd热闹/a自然/n热闹/an，/wd但/c总/d不/d及/cc夜晚/t的/ude1金字塔/n来得/vi迷人/a。/wj
我/rr去/vf的/ude1那/rzv晚上/t，/wd乍/d一/m到/v，/wd未免/d不巧/a，/wd黑沉沉/z的/ude1，/wd竟/d不/d见/v月亮/n的/ude1消息/n。/wj
金字塔/n仿/x佛/n溶化/v了/ule似的/uyy，/wd溶/vi到/v又/d深/d又/d浓/a的/ude1夜色/n里/f去/vf，/wd临/v到/v跟前/f才/d能/v看/v清/a轮廓/n。/wj
塔/n身/ng全/d是/vshi一/m庹/q多/a长/a的/ude1大/a石头/n垒/v起来/vf的/ude1。/wj
顺着/p石头/n爬/v上/vf几/m层/qv，/wd远远/d眺望/v着/uzhe灯火/n点点/v的/ude1开罗/nsf夜市/n，/wd不/d觉/v引起/v我/rr一/m种/q茫茫/z的/ude1情思/n。/wj
白天/t我/rr也/d曾/d来/vf过/uguo，/wd还/d钻进/v塔/n里/f，/wd顺着/p一/m条石/n廊/ng往/p上/f爬/v，/wd直/d钻/v进/vf半/m腰/n的/ude1塔/n心里/s去/vf，/wd那儿/rzs就是/v当年/t放/v埃及/nsf王/n“/wyz法/n老/a”/wyy石棺/n的/ude1所在/n。/wj
空/v棺/ng犹/d存/v，/wd却/d早已/d残缺/v不堪/v。/wj
今夜/t我/rr攀上/v金字塔/n，/wd细细/d抚摸/v那/rzv沾/v着/uzhe古/a埃及/nsf人民/n汗渍/n的/ude1大/a石头/n，/wd不/d能/v不/d从/p内心/n发出/v连连/d的/ude1惊叹/vn。/wj
试想/v想/v，/wd五千/m多/m年/qt前/f，/wd埃及/nsf人民/n究竟/d用/v什么/ry鬼斧神工/bl，/wd创造/v出/vf这样/rzv一/m座/q古/tg今/tg奇迹/n？/ww
我/rr一时/t觉得/v：/wm金字塔/n里/f藏/v的/ude1不/d是/vshi什么/ry“/wyz法/n老/a”/wyy的/ude1石棺/n，/wd却/d是/vshi埃及/nsf人民/n无限/vd惊人/a的/ude1智慧/n；/wf金字塔/n也/d不/d是/vshi什么/ry“/wyz法/n老/a”/wyy的/ude1陵墓/n，/wd却/d是/vshi这个/rz民族/n精神/n的/ude1化身/n。/wj
晚风/n从/p沙漠/n深处/s吹/v来/vf，/wd微微/d有点/d凉/a。/wj
幸好/d金字塔/n前/f有/vyou座/q幽静/a的/ude1花园/n，/wd露天/n摆/v着/uzhe些/q干净/a座位/n，/wd卖/v茶/ng卖/v水/n。/wj
我/rr约会/vi几/m位/q同/p去/vf的/ude1朋友/n进去/vf叫/vi了/ule几/m杯/q土耳其/nsf热/a咖啡/n，/wd喝/vg着/uzhe，/wd一面/d谈心/vi。/wj
灯影/n里/f，/wd照见/v四/m外/f散/v立/v着/uzhe好几/m尊/q石像/n。/wj
我/rr凑/v到/v一/m尊/q跟前/f细/ad瞅/v了/ule瞅/v，/wd古色古香/vl的/ude1，/wd猜想/v是/vshi古/a帝王/n的/ude1刻/v像/v，/wd便/d抚/vg着/uzhe石像/n的/ude1肩膀/n笑/v问道/vi：/wm“/wyz你/rr多/d大/a年纪/n啦/y？/ww”/wyy
那/rzv位/q埃及/nsf朋友/n从/p一旁/f笑/v应/v道/v：/wm“/wyz三千/m岁/qt啦/y。/wj”/wyy
我/rr又/d抚摸/v着/uzhe另/rz一/m尊/q石像/n问/v：/wm“/wyz你/rr呢/y？/ww”/wyy
埃及/nsf朋友/n说/v：/wm“/wyz我/rr还/d年轻/a，/wd才/d一千/m岁/qt。/wj”/wyy
我/rr笑/v起来/vf：/wm“/wyz好/a啊/y，/wd你们/rr这/rzv把/qv年纪/n，/wd好歹/d都/d可以/v算/v做/v埃及/nsf历史/n的/ude1见证人/n。/wj”/wyy
埃及/nsf朋友/n说/v：/wm“/wyz要/v论/v见证人/n，/wd首先/c该/rz推/v司/vg芬克斯/nrf先生/n，/wd五千年/m了/y，/wd什么/ry没/d经历/v过/uguo？/ww”/wyy
旁边/f传来/v一阵/mq放浪/a的/ude1笑声/n。/wj
这时/rzt我们/rr才/d留意/v到/v在/p一/m所/q玻璃/n房子/n里/f坐/v着/uzhe几/m个/q白/a种/q人/n，/wd正/d围/v着/uzhe桌子/n喝酒/vi，/wd张牙舞爪/vl的/ude1，/wd都/d有/vyou点/qt醉意/n。/wj
埃及/nsf朋友/n故意/d干咳/vi两/m声/qv，/wd悄悄/d对/p我/rr说/v：/wm“/wyz都/d是/vshi些/q美国/nsf商人/n。/wj”/wyy
我/rr问道/vi：/wm“/wyz做/v什么/ry买卖/v的/ude1？/ww”/wyy
埃及/nsf朋友/n一/m瘪/a嘴/n说/v：/wm“/wyz左/a右/f不过/d是/vshi贩卖/v原子弹/n的/ude1！/wt”/wyy
于是/cc我/rr问道/vi：/wm“/wyz你们/rr说/v原子弹/n能/v不能/v毁/v了/ule金字塔/n？/ww”/wyy
同/p游/v的/ude1日本/nsf朋友/n吃/v过/uguo原子弹/n的/ude1亏/vn，/wd应/v道/v：/wm“/wyz怎么/ryv不/d能/v？/ww
一下子/mq什么/ry都/d完/vi了/y。/wj”/wyy
话/n刚/d说/v到/v这儿/rzs，/wd有人/r喊/v：/wm“/wyz月亮/n上来/vf了/y。/wj”/wyy
好/a大/a的/ude1一/m轮/qv，/wd颜色/n不/d红/a不/d黄/a的/ude1，/wd可惜/v缺/v了/ule点/n边/k儿/ng，/wd不知/v几时/r从/p天边/s爬/v出来/vf。/wj
我们/rr就/d去/vf踏/v月/n。/wj
月亮/n一/m露面/vi，/wd满/v天/qt的/ude1星星/n惊/vd散/v了/y。/wj
远/ad近/v几/m座/q金字塔/n都/d从/p夜色/n里/f透/v出/vf来/vf，/wd背衬/n着/uzhe暗/a蓝色/n的/ude1天空/n，/wd显得/v又/d庄严/a，/wd又/d平静/a。/wj
往/p远/ad处/vi一/m望/v那/rzv利比亚/nsf沙漠/n，/wd笼/v着/uzhe月色/n，/wd雾/n茫茫/z的/ude1，/wd好/a静/a啊/y，/wd听/v不/d见/v一星半点/nl动静/n，/wd只有/c三两点/m夜/qt火/n，/wd隐隐约约/z闪/vi着/uzhe亮光/n。/wj
一/m恍惚/a，/wd我/rr觉得/v自己/rr好像/v走/v进/vf埃及/nsf远古/t的/ude1历史/n里/f去/vf，/wd眼前/s正是/v一/m片/q世纪/n前/f的/ude1荒漠/n。/wj
而/cc那个/rz凝视/v着/uzhe埃及/nsf历史/n的/ude1司/n芬克斯/nrf正/d卧/vi在/p我/rr的/ude1面前/f。/wj
月亮/n地/n里/f，/wd这个/rz一百八十/m多/m呎/x长/a的/ude1人/n面/n狮/ng身/ng大/a物件/n显得/v那么/rz安静/a，/wd又/c那么/rz驯熟/a。/wj
都/d说/v，/wd它/rr脸上/s的/ude1表情/n特别/d神秘/a，/wd永远/d是/vshi个/q猜/v不/d透/a的/ude1谜/n。/wj
天荒地老/vl，/wd它/rr究竟/d藏/v着/uzhe什么/ry难/a言/ng的/ude1心事/n呢/y？/ww
背后/f忽然/d有/vyou人/n轻轻/d问/v：/wm“/wyz你/rr看/v什么/ry啊/y？/ww”/wyy
我/rr一/m回头/vi，/wd发现/v有/vyou两/m个/q埃及/nsf人/n，/wd不知/v几时/r来到/v我/rr的/ude1身边/s。/wj
一/m个/q年纪/n很/d老/a了/y，/wd拖/v着/uzhe件/q花/n袍子/n；/wf另/rz一个/mq又/d黑/a又/d胖/a，/wd两/m只/q眼睛/n闪/vi着/uzhe绿/a火/n，/wd紧/d端量/v我/rr。/wj
一/m辨/vg清/v我/rr的/ude1眉目/n，/wd黑/a胖子/n赶紧/d说/v：/wm“/wyz是/vshi周恩来/nr的/ude1人/n么/y？/ww
看/v吧/y，/wd看/v吧/y。/wj
我们/rr都/d是/vshi看守/n，/wd怕/v晚间/t有人/r破坏/vn。/wj”/wyy
拖/v花/v袍子/n的/ude1老/a看守/n也/d接口/v轻轻/d说/v：/wm“/wyz你/rr别/d多心/a，/wd是/vshi得/v防备/v有人/r破坏/v啊/y。/wj
这/rzv许许多多/m年/qt，/wd司/vg芬克斯/nrf受/v的/ude1磨难/n，/wd比/p什么/ry人/n不/d深/a？/ww
你/rr不/d见/v它/rr的/ude1鼻子/n么/y？/ww
受伤/vi了/y。/wj
当年/t拿破仑/nrf的/ude1军队/n侵占/v埃及/nsf后/f，/wd说/v司/vg芬克斯/nrf的/ude1脸/n神/n是/vshi有意/d向/p他们/rr挑战/vi，/wd就/d开/v了/ule枪/n。/wj
再/d后来/t，/wd也/d常/d有/vyou外国/n游客/n，/wd从/p它/rr身上/s砸/v点/qt石头/n带走/v，/wd说/v是/vshi可以/v有/vyou好运/n道/qv。/wj
你/rr不/d知道/v，/wd司/vg芬克斯/nrf还/d会/v哭/v呢/y。/wj
是/vshi我/rr父亲/n告诉/v我/rr的/ude1。/wj
也/d是/vshi个/q有/vyou月亮/n的/ude1晚上/t，/wd我/rr父亲/n从/p市/n上/f回来/v得/ude3晚/a，/wd忽然/d发现/v司/vg芬克斯/nrf的/ude1眼睛/n发亮/vi，/wd就/d近/a一/m瞧/v，/wd原来/d含/v着/uzhe泪/n呢/y。/wj
也/d有人/r说/v含/v的/ude1是/vshi露水/n。/wj
管/v他/rr呢/y。/wj
反正/d司/vg芬克斯/nrf要是/c有/vyou心/n，/wd看见/v埃及/nsf人/n受/v的/ude1苦楚/n这样/rzv深/a，/wd也/d应该/v落泪/vi的/ude1。/wj”/wyy