一/m我/rr在/p好几/m篇/q小说/n中/f都/d提到/v过/uguo一/m座/q废弃/v的/ude1古/tg园/ng，/wd实际/n就/d是/vshi地坛/ns。/wj
许多/m年/qt前/f旅游业/n还/d没有/d开展/v，/wd园子/n荒芜/an冷落/v得/ude3如同/v一/m片/q野地/n，/wd很/d少/a被/pbei人/n记/v起/vf。/wj
地坛/ns离/v我/rr家/n很/d近/a。/wj
或者/c说/v我/rr家/n离/v地坛/ns很/d近/a。/wj
总之/c，/wd只好/d认为/v这/rzv是/vshi缘分/n。/wj
地坛/ns在/p我/rr出生/vi前/f四百/m多/m年/qt就/d坐落/vi在/p那儿/rzs了/y，/wd而/cc自/rr从/p我/rr的/ude1祖母/n年轻/a时/ng带/v着/uzhe我/rr父亲/n来到/v北京/ns，/wd就/d一直/d住/vi在/p离/v它/rr不/d远/a的/ude1地方/n——/wp五十/m多/m年/qt间/f搬/v过/uguo几/m次/qv家/n，/wd可/c搬/v来/vf搬/v去/vf总是/d在/p它/rr周围/f，/wd而且/c是/vshi越/d搬/v离/v它/rr越/d近/a了/y。/wj
我/rr常/d觉得/v这/rzv中间/f有/vyou着/uzhe宿/vg命/n的/ude1味道/n：/wm仿/x佛/n这/rzv古/a园/ng就是/v为了/p等/v我/rr，/wd而/cc历尽/v沧桑/n在/p那儿/rzs等待/v了/ule四百/m多/m年/qt。/wj
它/rr等待/v我/rr出生/vi，/wd然后/c又/d等待/v我/rr活/v到/v最/d狂妄/a的/ude1年龄/n上/f忽地/d残废/vi了/ule双/m腿/n。/wj
四百/m多/m年/qt里/f，/wd它/rr一面/d剥蚀/vi了/ule古/a殿/ng檐/ng头/n浮夸/vi的/ude1琉璃/n，/wd淡/x褪/v了/ule门/n壁/ng上/f炫耀/v的/ude1朱红/b，/wd坍/vi圮/x了/ule一/m段/q段/q高墙/n又/d散落/v了/ule玉/n砌/v雕/vg栏/n，/wd祭坛/n四周/f的/ude1老/a柏树/n愈/d见/v苍/ag幽/ag，/wd到处/d的/ude1野/b草荒/n藤/n也/d都/d茂盛/a得/ude3自在/a坦荡/a。/wj
这时候/rzt想必/d我/rr是/vshi该/v来/vf了/y。/wj
十五年/m前/f的/ude1一个/mq下午/t，/wd我/rr摇/v着/uzhe轮椅/n进入/v园/ng中/f，/wd它/rr为/p一/m个/q失/v魂/n落/v魄/ng的/ude1人/n把/pba一切/rz都/d准备/v好/a了/y。/wj
那时/rzt，/wd太阳/n循/vg着/uzhe亘古/n不/d变/v的/ude1路途/n正/d越来越/d大/a，/wd也/d越/d红/a。/wj
在/p满/a园/ng弥漫/v的/ude1沉静/a光芒/n中/f，/wd一个/mq人/n更/d容易/ad看到/v时间/n，/wd并/cc看见/v自己/rr的/ude1身影/n。/wj
自从/p那个/rz下午/t我/rr无意/v中/f进/vf了/ule这/rzv园子/n，/wd就/d再/d没/d长久/a地/ude2离开/v过/uguo它/rr。/wj
我/rr一下子/mq就/d理解/v了/ule它/rr的/ude1意图/n。/wj
正/d如/v我/rr在/p一/m篇/q小说/n中/f所/usuo说/v的/ude1：/wm“/wyz在/p人口/n密/ad聚/v的/ude1城市/n里/f，/wd有/vyou这样/rzv一个/mq宁静/a的/ude1去处/n，/wd像/v是/vshi上帝/n的/ude1苦心/n安排/vn。/wj”/wyy
两/m条/q腿/n残废/vi后/f的/ude1最初/b几/m年/qt，/wd我/rr找/v不/d到/v工作/vn，/wd找/v不到/v去路/n，/wd忽然/d间/f几乎/d什么/ry都/d找/v不/d到/v了/y，/wd我/rr就/d摇/v了/ule轮椅/n总是/d到/v它/rr那儿/rzs去/vf，/wd仅/d为/v着/uzhe那儿/rzs是/vshi可以/v逃避/v一/m个/q世界/n的/ude1另/rz一个/mq世界/n。/wj
我/rr在/p那/rzv篇/q小说/n中/f写道/v：/wm“/wyz没/d处/vi可/v去/vf我/rr便/d一天到晚/dl耗/v在/p这/rzv园子/n里/f。/wj
跟/p上班/vi下班/vi一样/uyy，/wd别人/rr去/vf上班/vi我/rr就/d摇/v了/ule轮椅/n到/v这儿/rzs来/vf。/wj
园子/n无/v人/n看管/v，/wd上下班/v时间/n有些/rz抄/v近路/n的/ude1人们/n从/p园/ng中/f穿过/v，/wd园子/n里/f活跃/v一阵/mq，/wd过/vf后/f便/d沉寂/z下来/vf。/wj”/wyy
“/wyz园/ng墙/n在/p金/ng晃/v晃/v的/ude1空气/n中/f斜切/v下/f—/wp溜/v荫凉/an，/wd我/rr把/pba轮椅/n开/v进去/vf，/wd把/pba椅背/n放/v倒/vi，/wd坐/v着/uzhe或是/c躺/v着/uzhe，/wd看/v书/n或者/c想/v事/n，/wd撅/v一/m杈/n树枝/n左右/m拍打/v，/wd驱赶/v那些/rz和/cc我/rr一样/uyy不/d明白/v为什么/ryv要/v来/vf这/rzv世上/s的/ude1小/a昆虫/n。/wj”/wyy
“/wyz蜂/ng儿/ng如/v一/m朵/q小/a雾/n稳稳地/z停/vi在/p半空/s；/wf蚂蚁/n摇头晃脑/vl捋/v着/uzhe触须/n，/wd猛/x然/rz间/f想/v透/v了/ule什么/ry，/wd转身/vi疾/ag行/ng而/cc去/vf；/wf瓢虫/n爬/v得/ude3不耐烦/a了/y，/wd累/v了/ule祈祷/v一/m回/qv便/d支/vi开/v翅膀/n，/wd忽悠/z一下/mq升空/vi了/y；/wf树干/n上/f留/v着/uzhe一/m只/q蝉蜕/n，/wd寂寞/an如/v一/m间/q空/a屋/n；/wf露水/n在/p草叶/n上/f滚动/v，/wd聚集/v，/wd压弯/v了/ule草叶/n轰然/d坠/v地/ude2摔/v开/v万/m道/qv金光/n。/wj”/wyy
“/wyz满/a园子/n都/d是/vshi草木/n竞相/d生长/v弄/v出/vf的/ude1响动/v，/wd窸/x窸/x窣/x窣/x片刻/m不息/vi。/wj”/wyy
这/rzv都/d是/vshi真实/a的/ude1记录/n，/wd园子/n荒芜/a但/c并/d不/d衰败/vi。/wj
除去/v几/m座/q殿堂/n我/rr无法/v进去/vf，/wd除去/v那/rzv座/q祭坛/n我/rr不/d能/v上去/vf而/cc只能/v从/p各个/rz角度/n张望/v它/rr，/wd地坛/ns的/ude1每/rz一/m棵/q树/n下/f我/rr都/d去/vf过/uguo，/wd差不多/al它/rr的/ude1每/rz一/m米/q草地/n上/f都/d有/vyou过/uguo我/rr的/ude1车轮/n印/v。/wj
无论是/c什么/ry季节/n，/wd什么/ry天气/n，/wd什么/ry时间/n，/wd我/rr都/d在/p这/rzv园子/n里/f呆/v过/uguo。/wj
有时候/d呆/v一会儿/mq就/d回家/vi，/wd有时候/d就/d呆/v到/v满/a地/ude2上/vf都/d亮/vi起/vf月光/n。/wj
记不清/vl都/d是/vshi在/p它/rr的/ude1哪些/ry角落/n里/f了/y。/wj
我/rr一连/d几/m小时/n专心致志/vl地/ude2想/v关于/p死/v的/ude1事/n，/wd也/d以/p同样/b的/ude1耐心/an和/cc方式/n想/v过/uguo我/rr为什么/ryv要/v出生/vi。/wj
这样/rzv想/v了/ule好几/m年/qt，/wd最后/f事情/n终于/d弄/v明白/v了/ule：/wm一个/mq人/n，/wd出生/vi了/y，/wd这/rzv就/d不再/d是/vshi一个/mq可以/v辩论/vn的/ude1问题/n，/wd而/cc只/d是/vshi上帝/n交给/v他/rr的/ude1一个/mq事实/n；/wf上帝/n在/p交给/v我们/rr这/rzv件/q事实/n的/ude1时候/n，/wd已经/d顺便/d保证/v了/ule它/rr的/ude1结果/n，/wd所以/c死/v是/vshi一/m件/q不必/d急于求成/vl的/ude1事/n，/wd死/v是/vshi一个/mq必然/d会/v降临/vi的/ude1节日/n。/wj
这样/rzv想/v过/uguo之后/f我/rr安心/ad多/a了/y，/wd眼前/s的/ude1一切/rz不再/d那么/rz可怕/a。/wj
比如/v你/rr起/vf早/ad熬夜/vi准备/v考试/vi的/ude1时候/n，/wd忽然/d想起/v有/vyou一个/mq长长的/z假期/t在/p前面/f等待/v你/rr，/wd你/rr会/v不/d会/v觉得/v轻松/a一点/m?/ww
并且/c庆幸/v并且/c感激/v这样/rzv的/ude1安排/vn?/ww
剩下/v的/ude1就/d是/vshi怎样/ryv活/v的/ude1问题/n了/y，/wd这/rzv却/d不/d是/vshi在/p某/rz一个/mq瞬间/t就/d能/v完全/ad想/v透/a的/ude1、/wn不/d是/vshi一次性/d能够/v解决/v的/ude1事/n，/wd怕/v是/vshi活/v多久/ryt就/d要/v想/v它/rr多久/ryt了/y，/wd就/d像/v是/vshi伴/v你/rr终生/m的/ude1魔鬼/n或/c恋人/n。/wj
所以/c，/wd十五年/m了/y，/wd我/rr还/d是/vshi总/d得/ude3到/v那/rzv古/a园/ng里/f去/vf、/wn去/vf它/rr的/ude1老/a树/n下/f或/c荒草/n边/k或/c颓/vg墙/n旁/f，/wd去/vf默坐/vi，/wd去/vf呆/v想/v、/wn去/vf推开/v耳边/s的/ude1嘈杂/a理/n一/m理/n纷乱/a的/ude1思绪/n，/wd去/vf窥/vg看/v自己/rr的/ude1心/n魂/n。/wj
十五年/m中/f，/wd这/rzv古/a园/ng的/ude1形体/n被/pbei不/d能/v理解/v它/rr的/ude1人/n肆意/d雕/vg琢/v，/wd幸好/d有些/rz东西/n的/ude1任/v谁/ry也/d不/d能/v改变/v它/rr的/ude1。/wj
譬如/v祭坛/n石门/ns中/f的/ude1落日/n，/wd寂静/a的/ude1光辉/n平/v铺/v的/ude1—/wp刻/v，/wd地上/s的/ude1每/rz一个/mq坎坷/an都/d被/pbei映照/vi得/ude3灿烂/a；/wf譬如/v在/p园/ng中/f最为/d落寞/a的/ude1时间/n，/wd—/wp群雨燕/nr便/d出来/vf高/a歌/n，/wd把/pba天地/n都/d叫喊/v得/ude3苍凉/a；/wf譬如/v冬天/t雪地/n上/f孩子/n的/ude1脚印/n，/wd总/d让/v人/n猜想/v他们/rr是/vshi谁/ry，/wd曾/d在/p哪儿/rys做/v过/uguo些/q什么/ry、/wn然后/c又/d都/d到/v哪儿/rys去/vf了/y；/wf譬如/v那些/rz苍/ng黑/a的/ude1古柏/n，/wd你/rr忧郁/a的/ude1时候/n它们/rr镇静/a地/ude2站/vi在/p那儿/rzs，/wd你/rr欣喜/a的/ude1时候/n它们/rr依然/d镇静/a地/ude2站/vi在/p那儿/rzs，/wd它们/rr没/v日/ng没/v夜/tg地/ude2站/vi在/p那儿/rzs从/p你/rr没有/d出生/vi一直/d站/vi到/v这个/rz世界/n上/f又/d没/v了/ule你/rr的/ude1时候/n；/wf譬如/v暴雨/n骤/d临/v园/ng中/f，/wd激起/v一/m阵阵/q灼/ag烈/a而/cc清纯/a的/ude1草木/n和/cc泥土/n的/ude1气味/n，/wd让/v人/n想起/v无数/m个/q夏天/t的/ude1事件/n；/wf譬如/v秋风/n忽/d至/v，/wd再/d有/vyou一/m场/qv早霜/n，/wd落叶/n或/c飘摇/vn歌舞/n或/c坦然/ad安卧/v，/wd满/v园/ng中/f播/v散/v着/uzhe熨帖/a而/cc微/ag苦/a的/ude1味道/n。/wj