这个/rz年/qt头儿/n，/wd喝酒/vi倒/d是/vshi很/d有意思/al的/ude1。/wj
我/rr虽/c是/vshi京兆人/nr，/wd却/d生长/v在/p东南/f的/ude1海边/s，/wd是/vshi出产/v酒/n的/ude1有/vyou名/q地方/n。/wj
我/rr的/ude1舅父/n和/cc姑父/n家里/s时常/d做/v几/m缸/n自用/vi的/ude1酒/n，/wd但/c我/rr终于/d不/d知道/v酒/n是/vshi怎么/ryv做法/n，/wd只/d觉得/v所/usuo用/v的/ude1大约/d是/vshi糯米/n，/wd因为/c儿歌/n里/f说/v“/wyz老酒/n糯米/n做/v，/wd吃/v得/ude3变/v“/wyznionio/x”/wyy─/x─/x末/f一/m字/n是/vshi本地/rzs猪/n的/ude1俗语/n。/wj
做/v酒/n的/ude1方法/n与/cc器具/n似乎/d都/d很/d简单/a，/wd只有/c煮/v的/ude1时候/n的/ude1的/ude1法/n极/d不/d容易/a，/wd非/b有/vyou经验/n的/ude1工人/n不/d办/v，/wd平常/d做/v酒/n的/ude1人家/n大抵/d聘请/v一/m个/q人/n来/f，/wd俗称/v“/wyz酒/n头/q工/n”/wyy，/wd以/p自己/rr不/d能/v喝酒/vi者/k为/v最/d上/f，/wd叫/vi他/rr专/d管/v鉴定/v煮/v酒/n的/ude1时节/n。/wj
有/vyou一个/mq远房亲戚/n，/wd我们/rr叫/vi他/rr“/wyz七/m斤/q公公/n”/wyy─/x─/x他/rr是/vshi我/rr舅父/n的/ude1族/ng叔/n，/wd但是/c在/p他/rr家里/s做/v短工/n，/wd所以/c舅母/n只/d叫/vi他/rr作/v“/wyz七/m斤/q老/a”/wyy，/wd有时/d也/d听/v见/v她/rr叫/vi“/wyz老/a七/m斤/q”/wyy，/wd是/vshi这样/rzv的/ude1酒/n头/q工/n，/wd每年/r去/vf帮/v人家/rr做/v酒/n；/wf他/rr喜/vd吸/v旱烟/n，/wd说/v玩/v话/n，/wd打/v马/n将/d，/wd但是/c不/d大/a喝酒/vi（/wkz海边/s的/ude1人/n喝/vg一两/m碗/q是/vshi不/d算/v能/v喝/vg，/wd照/v市价/n计算/v也/d不/d值/v十/m文/ng钱/n酒/n）/wky，/wd所以/c生意/n很/d好/a，/wd时常/d跑/v一二百/m里/q路/n被/pbei招/v到/v诸暨/ns嵊县/ns去/vf。/wj
据/p他/rr说/v这/rzv实在/d并/d不/d难/a，/wd只/d须/d走/v到/v缸/n边/k屈/v着/uzhe身/ng听/v，/wd听见/v里边/f起泡/vi的/ude1声音/n切切/d察/vg察/vg的/ude1，/wd好/d象是/v螃蟹/n吐沫/n（/wkz儿童/n称为/v邂/x煮饭/vi）/wky的/ude1样子/n，/wd便/d拿/v来/vf煮/v就/d得/v了/y；/wf早/a一点/m酒/n还/d成/v，/wd迟/a一点/m就/d变/v酸/a了/y。/wj
但是/c怎么/ryv是/vshi恰好/d的/ude1时期/n，/wd别人/rr仍/d不/d能/v知道/v，/wd只有/c听/v熟/a的/ude1耳朵/n才/d能够/v断定/v，/wd正如/v古董/n家/q的/ude1眼睛/n辨别/v古物/n一样/uyy。/wj
大/a人家/n饮酒/vi多/m用/p酒盅/n，/wd以/p表示/v其/rz斯文/a，/wd实在/d是/vshi不对/a的/ude1。/wj
正当/a的/ude1喝/vg法/n是/vshi用/p一/m种/q酒/n碗/q，/wd浅/an而/cc大/a，/wd底/f有/vyou高/a足/a，/wd可以/v说是/v古已有之/vl的/ude1香宾/nr2杯/ng。/wj
平常/t起码/d总是/d两/m碗/q，/wd合/v一/m“/wyz串/v筒/ng”/wyy，/wd价值/n似/d是/vshi六/m文/ng一/m碗/q。/wj
串/v筒/ng略/d如/v倒/vi写/v的/ude1凸/ag字/n，/wd上下/m部/q如/v一/m与/p三/m之/uzhi比/n，/wd以/p洋铁/n为/v之/uzhi，/wd无/v盖/v无/v嘴/n，/wd可/v倒/vi而/cc不可/v筛/v，/wd据/p好/a酒家/n说/v酒/n以/p倒/vi为/p正宗/b，/wd筛/v出来/vf的/ude1不/d大/a好吃/a。/wj
唯/d酒/n保/v好/a于/p量/n酒/n之前/f先/d“/wyz荡/v”/wyy（/wkz置/v水/n于/p器/n内/f，/wd摇荡/vi而/cc洗涤/v之/uzhi谓/vg）/wky串/v筒/ng，/wd荡/v后/f往往/d将/p清水/n之一/rz部分/n留/v在/p筒/ng内/f，/wd客/ng嫌/v酒/n淡/x，/wd常/d起/vf争执/v，/wd故/c喝酒/vi老手/n必/d先/d戒/v堂/ng值/v以/c勿/d荡/v串/v筒/ng，/wd并/cc监视/v其/rz量/n好/a放在/v温/nr1酒/n架/qv上/vf。/wj
能/v饮/v者/k多/d索/vg竹叶青/nz，/wd通称/v曰/vg“/wyz本色/n”/wyy，/wd“/wyz元/q红/a”/wyy系/v状元/n红/a之/uzhi略/ng，/wd则/d着色/vi者/k，/wd唯/d外行/a人/n喜/vd饮/v之/uzhi。/wj
在/p外省/n有/vyou所谓/v花/n雕/vg者/k，/wd唯/d本地/rzs酒店/n中/f却/d没有/v这样/rzv东西/n。/wj
相传/v昔/tg时/ng人家/rr生/v女/ng，/wd则/d酿酒/vi贮/v花/n雕/vg（/wkz一/m种/q有/vyou花纹/n的/ude1酒坛/n）/wky中/f，/wd至/p女儿/n出嫁/vi时/ng用/v以/p响/v客/ng，/wd但/c此风/r今/tg已/d不/d存/v，/wd嫁/v女/b时/ng偶/d用/p花/n雕/vg，/wd也/d只/d临时/d买/v元/q红/a充数/vi，/wd饮/v者/k不/d以/p为/v珍品/n。/wj
有些/rz喝酒/vi的/ude1人/n预备/vn家/n酿/v，/wd却/d有/vyou极/d好/a的/ude1，/wd每年/r做/v醇酒/n若干/m坛/q，/wd按/p次第/d埋/v园/ng中/f，/wd二十年/m后/f掘/v取/v，/wd即/v每/rz岁/qt皆/d得/ude3饮/v二十年/m陈/nr1的/ude1老酒/n了/y。/wj
此/rzs种/q陈酒/n例/n不/d发售/v，/wd故/c无处/d可/v买/v，/wd我/rr只/d有/vyou一/m回/qv在/p旧日/t业师/n家里/s喝/vg过/uguo这样/rzv好/a酒/n，/wd至今/d还/d不/d曾/d忘记/v。/wj
我/rr既/c是/vshi酒/n乡/n的/ude1一个/mq土/n著/uzhe，/wd又/c这样/rzv的/ude1喜欢/vi谈/v酒/n，/wd好象/n一定/d是/vshi个/q与/p“/wyz三西/n”/wyy结/v不解/v缘/ng的/ude1酒徒/n了/y。/wj
其实/d却/d大/a不/d然/rz。/wj
我/rr的/ude1父亲/n是/vshi很/d能/v喝酒/vi的/ude1，/wd我/rr不/d知道/v他/rr可以/v喝/vg多少/ry，/wd只/d记得/v他/rr每晚/r用/p花生米/n水果/n等/udeng下/f酒/n，/wd且/c喝/vg且/c谈天/vi，/wd至少/d要/v花费/v两点/m钟/n，/wd恐怕/d所/usuo喝/vg的/ude1酒/n一定/d很/d不/d少/a了/y。/wj
但/c我/rr却/d是/vshi不肖/b，/wd不/d，/wd或者/c可以/v说/v有/vyou志/n未/d逮/v，/wd因为/c我/rr很/d喜欢/vi喝酒/vi而/cc不/d会/v喝/vg，/wd所以/c每逢/v酒宴/n我/rr总是/d第一/m个/q醉/v与/p脸红/vi的/ude1。/wj
自从/p辛酉/nr患病/vi后/f，/wd医生/n叫/vi我/rr喝酒/vi以/p代/q药饵/n，/wd定量/n是/vshi勃兰地/nrf每/rz回/v二十/m格/n阑/ng姆/x，/wd蒲/nr1陶/ag酒/n与/cc老/a酒/n等/udeng倍/q之/uzhi，/wd六年/m以后/f酒量/n一点/m没有/v进步/vn，/wd到/p现在/t只/d要/v喝/vg下/vf一百/m格/n阑/ng姆/x的/ude1花/n雕/vg，/wd便/d立刻/d变成/v关/nr1夫子/n了/y。/wj
（/wkz以前/f大家/rr笑谈/v称作/v“/wyz赤/ag化/v”/wyy，/wd此刻/r自然/d应当/v谨慎/a，/wd虽然/c是/vshi说/v笑话/n。/wj
）/wky有些/rz有/vyou不/d醉/v之/uzhi量/n的/ude1，/wd愈/d饮/v愈/d是/vshi脸/n白/a的/ude1朋友/n，/wd我/rr觉得/v非常/d可以/v欣/ag羡/vg，/wd只/d可惜/v他们/rr愈/d能/v喝酒/vi便/d愈/d不肯/v喝酒/vi，/wd好/d象是/v美人/n之/uzhi不/d肯/v显示/v她/rr的/ude1颜色/n，/wd这/rzv实在/d是/vshi太/d不/d应该/v了/y。/wj
黄酒/n比较/vn的/ude1便宜/a一点/m，/wd所以/c觉得/v时常/d可以/v买/v喝/vg，/wd其实/d别的/rzv酒/n也/d未尝/d不/d好/a。/wj
自/p干/v于/p我/rr未免/d过/uguo凶/a一点/m，/wd我/rr喝/vg了/ule常/d怕/v口腔/n内/f要/v起泡/vi，/wd山西/ns的/ude1汾酒/n与/p北京/ns的/ude1莲花/n白/a虽然/c可/v喝/vg少许/m，/wd也/d总/d觉得/v不/d很/d和善/a。/wj
日本/nsf的/ude1清酒/n我/rr颇/d喜欢/vi，/wd只是/d仿/x佛/n新/a酒/n模样/n，/wd味道/n不/d很/d静/ad定/v。/wj
葡萄酒/n与/p橙/b皮/n酒/n都/d很/d可口/a，/wd但/c我/rr以为/v最/d好/a的/ude1还是/c勃兰地/nrf。/wj
我/rr觉得/v西洋/n人/n不/d很/d能够/v了解/v茶/n的/ude1趣味/n，/wd至于/p酒/n则/c很/d有/vyou工夫/n，/wd决不/d下/vf于/p中国/ns。/wj
天/n天/qt喝/vg洋酒/n当然/d是/vshi一个/mq大/a的/ude1漏/v卮/x，/wd正如/v吸烟/vi卷/v一般/uyy，/wd但/c不必/d一定/d进/vf国货/n党/n，/wd咬定/v牙根/n要/v抽/v净/a丝/n，/wd随便/ad喝/vg一点/m什么/ry酒/n其实/d都/d是/vshi无/v所/usuo不可/v的/ude1，/wd至少/d是/vshi我/rr个人/n这样/rzv的/ude1想/v。/wj
喝酒/vi的/ude1趣味/n在/p什么/ry地方/n？/ww