我/rr真/d奇怪/v，/wd益/vg侄/x，/wd你/rr怎么/ryv会/v说/v出/vf这种/r话/n来/vf呢/y？/ww
自从/p你/rr出生/vi到/v这/rzv世界/n上/f来/vf，/wd全家人/n都/d有/vyou同样/b的/ude1感觉/n，/wd总/d觉得/v你/rr太/d老实/a，/wd太/d容易/ad哭/v了/y；/wf比如/v你/rr在/p外面/f和/cc小朋友/n们/k玩耍/vi，/wd老是/d被/pbei比/v你/rr年纪/n小/a的/ude1孩子/n打/v得/ude3哭哭啼啼/z地/ude2回来/v，/wd你/rr给/p我/rr印象/n最/d深/a的/ude1一/m件/q事/n，/wd是/vshi两/m只/q鼻孔/n里/f整天/d流/v着/uzhe两/m行/q淡/x黄色/n的/ude1鼻涕/n，/wd谁/ry见/v了/ule都/d嫌/v你/rr肮脏/a，/wd为/p你/rr感到/v难受/a；/wf而/cc你/rr却/d毫不/d在乎/v地/ude2把/pba流/v出来/vf的/ude1鼻涕/n又/d缩/vi进去/vf，/wd一会儿/mq又/d流/v了/ule出来/vf。/wj
“/wyz益宝/nr2，/wd看/v你/rr的/ude1鼻涕/n脏/a死/a人/n！/wt”/wyy
直到/v有/vyou人/n这么/rz给/p你/rr警告/v，/wd你/rr才/d转/v过/uguo背/n去/vf，/wd用/p手/n用/p衣袖/n把/pba鼻涕/n揩/v了/y。/wj
真/d想不到/vl一个/mq整天/d流/v鼻涕/n的/ude1孩子/n，/wd长大/vi了/ule会/v说/v出/vf那样/rzv富有/v人生/n哲学/n意味/n的/ude1话/n，/wd真/d太/d使/v我/rr惊讶/a了/y，/wd益/vg侄/x，/wd看/v流星/n的/ude1时候/n，/wd你/rr还/d不/d满/a十五/m岁/qt呢/y！/wt
“/wyz姑姑/n，/wd你/rr也/d喜欢/vi流星/n吗/y？/ww”/wyy
你/rr天真/a地/ude2问/v我/rr。/wj
“/wyz我/rr不/d喜欢/vi流星/n，/wd因为/c它/rr的/ude1生命/n太/d短促/a了/y，/wd我/rr爱/v着/uzhe任何/rz一/m颗/q小/a星星/n，/wd它/rr每晚/r都/d发光/vi。/wj
从来/d不/d离开/v月亮/n，/wd永远/d和/cc黑暗/a奋斗/vn。/wj”/wyy
“/wyz不/d！/wt
不/d！/wt
我/rr爱/v流星/n，/wd我/rr愿/v自己/rr也/d像/v一/m颗/q流星/n，/wd哪怕/c生命/n只/d有/vyou一刹那/t，/wd只要/c它/rr活/v着/uzhe有/vyou亮/a就/d得/v了/y！/wt”/wyy
我/rr当时/t很/d不/d高兴/a，/wd我/rr害怕/v你/rr的/ude1生命/n不/d能/v长久/a；/wf我/rr虽/c不/d迷信/v，/wd但/c我/rr常/d相信/v预兆/n，/wd为什么/ryv你/rr两/m次/qv三/m番/qv地/ude2说/v你/rr最/d爱/v流星/n，/wd难道/d你/rr是/vshi流星/n变/v的/ude1吗/y？/ww
难道/d你/rr的/ude1生命/n真/d会/v像/p流星/n一样/uyy只/d那么/rz一/m亮/vi就/d殒/x落/v吗/y？/ww
我/rr不/d相信/v，/wd决/d不/d相信/v，/wd于是/cc我/rr又/d推翻/v了/ule自己/rr的/ude1怀疑/vn。/wj
“/wyz益宝/nr2太/d老实/a，/wd什么/ry人/n都/d可以/v欺负/v他/rr，/wd他/rr完全/ad像/v他/rr的/ude1母亲/n那么/rz忠厚/a，/wd那么/c死/v心眼/n；/wf别人/rr打/v他/rr，/wd他/rr不/d敢/v回手/v，/wd只/d晓得/v悄悄/d地/ude2跑/v回来/v流泪/vi，/wd这/rzv孩子/n，/wd将来/t长大/vi不/d会/v有/vyou出息/n的/ude1。/wj”/wyy
有/vyou一/m次/qv你/rr祖母/n这样/rzv说/v，/wd我/rr听/v了/ule也/d为/v你/rr担忧/v。/wj
的确/d，/wd你/rr太/d老实/a了/y，/wd你/rr的/ude1母亲/n一生/n就/d吃/v了/ule老实/a的/ude1亏/vn；/wf她/rr去世/vi之后/f，/wd你/rr变/v得/ude3更/d沉默/a了/y，/wd沉默/a得/ude3有/vyou点/qt近乎/v呆/v。/wj
益/vg侄/x，/wd还/d记得/v吗/y？/ww
就/d在/p看/v流星/n的/ude1第二/m天/qt黄昏/t，/wd你/rr陪/v我/rr在/p田径/n上/f散步/vi，/wd我/rr因为/p你/rr祖母/n逝世/vi后/f心里/s感到/v万分/d凄凉/a，/wd对/p大自然/n一切/rz美景/n，/wd一点/m也/d引/v不/d起/vf兴趣/n，/wd我/rr很/d悲观/a，/wd觉得/v人生/n太/d没有/v意义/n了/y，/wd辛辛苦苦/z地/ude2活/v了/ule几/m十年/m，/wd究竟/d所/usuo为/v何/ry来/vf呢/y？/ww
我/rr俯视/v着/uzhe小溪/n里/f的/ude1流水/n，/wd觉得/v人生/n就是/v在/p潺潺/o的/ude1流水/n中/f衰老/a死亡/vi的/ude1，/wd我/rr害怕/v听/v那/rzv摧毁/v生命/n的/ude1水声/n，/wd我/rr默默/d地/ude2走向/v石鼓/n冲/v的/ude1路上/s抬头/vi看见/v那/rzv累累/z的/ude1坟头/n，/wd这里/rzs埋葬/v着/uzhe历代/n的/ude1祖先/n和/cc一些/mq不幸/n早/tg夭/vg的/ude1子孙/n，/wd还/d有/vyou你/rr亲爱/a的/ude1母亲/n。/wj
“/wyz姑姑/n，/wd我/rr妈/n死/v了/ule之后/f，/wd就/d全/d靠/v奶奶/n关照/v我/rr，/wd心疼/v我/rr；/wf如今/t奶奶/n也/d归西/v天/qt了/y，/wd你/rr又/d年年/d不/d在家/vi，/wd叫/vi我/rr此后/t靠/v谁/ry呢/y？/ww”/wyy
“/wyz孩子/n，/wd不要/d发愁/v，/wd你/rr初中/n毕业/v之后/f，/wd就/d跟/p我/rr到/v长沙/ns去/vf升学/vi，/wd一切/rz费用/n由/p我/rr负担/n；/wf你/rr的/ude1后妈/n待/vi你/rr虽/c不/d好/a，/wd但是/c你/rr爸爸/n还是/v和/cc以前/f一样/uyy爱/v你/rr的/ude1；/wf何况/c你/rr是/vshi祖父/n的/ude1长孙/nr，/wd他/rr又/d这么/rz喜欢/vi你/rr。/wj”/wyy
我/rr只/d能/v这样/rzv安慰/v你/rr，/wd其实/d心里/s何尝/d不/d知道/v，/wd俗语/n说/v：/wm有/vyou了/ule后娘/n，/wd就/d一样/a有/vyou后爹/n呢/y！/wt
“/wyz姑姑/n，/wd奶奶/n常/d说/v我/rr太/d老实/ad会/v吃亏/a的/ude1，/wd那么/c应该/v学/v得/ude3坏/a一点/m吗/y？/ww”/wyy
你/rr又/d提出/v了/ule另/rz一个/mq问题/n来/vf考/v我/rr。/wj
“/wyz你/rr奶奶/n并/cc不/d是/vshi要/v你/rr学/v坏/a，/wd而是/c希望/v你/rr坚强/a一点/m；/wf例如/v别人/rr打/v你/rr，/wd如果/c不/d是/vshi你/rr有/vyou错/n处/vi，/wd你/rr也/d应该/v还击/v他/rr，/wd不要/d流泪/vi。/wj
在/p这/rzv社会/n上/f，/wd不/d坚强/a一点/m，/wd是/vshi无法/v生存/vi的/ude1；/wf自然/n我们/rr要/v做/v好/a人/n─/x─/x老老实实/z的/ude1做/v好/a人/n；/wf但/c也/d不/d要/v像/v耶稣/nrf说/v的/ude1‘/wyz人家/rr打/v你/rr的/ude1左/a脸/n，/wd连/ulian右/f脸/n也/d送/v过去/vf。/wj’/wyy
你/rr要/v奋斗/vi，/wd只有/c奋斗/vi才/d能/v生存/vi，/wd这/rzv是/vshi我/rr的/ude1处世/vn态度/n，/wd希望/v能够/v影响/v你/rr。/wj”/wyy
当时/t你/rr并/d没有/d回答/v我/rr，/wd停/vi了/ule一会儿/mq，/wd你/rr才/d用/v坚决/a的/ude1语气/n说道/v：/wm“/wyz姑姑/n，/wd请/v你/rr放心/v，/wd我/rr现在/t长大/vi了/y，/wd不/d比/p从前/t，/wd我/rr要/v做/v一/m颗/q流星/n，/wd我/rr要/v像/p流星/n，/wd那么/c发亮/vi。/wj”/wyy
“/wyz傻/a孩子/n，/wd不要/d老/a说/v流星/n，/wd我/rr都/d听/v厌/vg了/y。/wj”/wyy
“/wyz真/a的/ude1，/wd姑姑/n，/wd我/rr在/p七八/m岁/qt的/ude1时候/n就/d开始/v爱/v着/uzhe流星/n，/wd只要/c遇/v着/uzhe有/vyou星星/n的/ude1晚上/t，/wd我/rr总/d希望/v能/v看到/v它/rr掉/v下/f，/wd姑姑/n，/wd你/rr说/v它/rr掉/v下来/vf还/d能/v飞/vi上/f去/vf吗/y？/ww”/wyy
“/wyz不/d可能/v了/y，/wd掉/v下来/vf，/wd它/rr的/ude1生命/n就/d消灭/v了/y。/wj”/wyy
你/rr突然/ad深深/d地/ude2叹/v了/ule一/m口/q气/n，/wd不再/d说话/vi了/y。/wj
水/n还/d是/vshi那么/rz源源/d地/ude2流/v着/uzhe，/wd我们/rr不/d再/d往/p坟山/n的/ude1方向/n走/v，/wd又/d折/vi回来/v了/y。/wj
一九三九年/m的/ude1春天/t，/wd我/rr去/vf台儿庄/ns前线/s之前/f，/wd特地/d回到/v家/n去/vf看/v你/rr的/ude1祖父/n，/wd所有/b在家/vi的/ude1亲人/n都/d见到/v了/y，/wd只/d缺/v一个/mq你/rr。/wj
“/wyz爸爸/n，/wd益宝/nr2呢/y？/ww”/wyy
我/rr问/v你/rr祖父/n。/wj
“/wyz当兵/vi去/vf了/y。/wj”/wyy
你/rr祖父/n凄然/z说/v：/wm“/wyz十五/m岁/qt的/ude1孩子/n当/v什么/ry兵/n？/ww
他/rr拿/v得/ude3动/v步枪/n吗/y？/ww”/wyy
突然/a，/wd我/rr的/ude1眼里/s涌/v上/vf了/ule泪珠/n，/wd生怕/v祖父/n看/v了/ule难受/a，/wd忙/v用/p手/n擦/v干/v了/y。/wj
接着/c，/wd你/rr祖父/n告诉/v我/rr说/v：/wm“/wyz他/rr在/p报/n上/f看到/v你/rr率领/v战地/n服务团/n出发/vi东/f战场/n的/ude1消息/n后/f，/wd便/d天天/d吵/v着/uzhe要/v去/vf前方/s找/v你/rr，/wd我/rr说/v他/rr年纪/n太/d小/a，/wd拿/v不/d动/v枪/n，/wd他/rr说/v可以/v给/p你/rr当/p勤务兵/n。/wj