我/rr应该/v如何/ryv阅读/v一/m个/q旅人/n的/ude1故事/n才/d不/d会/v惊动/v早晨/t的/ude1阳光/n？/ww
春天/t已经/d破/v冻/v了/y，/wd当/p我/rr这么/rz想/v时/ng，/wd仿/x佛/n看到/v无/v边际/n的/ude1透明/a冰河/n上/f，/wd一/m名/q瘦/a女子/n悠闲/a地/ude2散步/vi，/wd在/p她/rr的/ude1步履/n起落/vi之间/f，/wd冰层/n脆/a声/n而/cc裂/v，/wd露出/v水/n，/wd晃动/v云/vg影/ng天光/n。/wj
这样/rzv的/ude1想象/vn当然/d超脱/a现实/n，/wd但/c惟有/v如此/rzv才/d能/v形容/v今天/t早晨/t当/p我/rr睁/v眼/n，/wd看见/v玻璃窗/n被/pbei阳光/n髹/x成/v亮/a银色/n时/ng的/ude1喜悦/an。/wj
好象/n人/n躺/v在/p巨大/a的/ude1时间/n转盘/n上/f，/wd沿着/p刻度/n慢慢/d地/ude2转动/v，/wd终于/d从/p冷/a东/f移/v至/p春分/t。/wj
被/pbei亮光/n穿透/v的/ude1感觉/n使/v我/rr产生/v轻微/a的/ude1幸福感/n，/wd小型/b齿/n动物/n轻/ad咬/vi的/ude1那/rzv；/wf尤其/d空气/n中/f有/vyou一/m股/q干燥/a的/ude1香气/n，/wd接近/v刚/d成熟/a的/ude1柳/n橙/ag掉/v在/p新鲜/a的/ude1草地/n上/f的/ude1气味/n。/wj
我/rr因/p此/rzs觉得/v，/wd世间/n一切/rz事物/n都/d因/p季节/n更/d移/v而/cc有/vyou了/ule新/a的/ude1身份/n与/cc面目/n，/wd甚至/c兀自/d揣/v想/v，/wd如果/c仔细/ad找/v，/wd说不定/vl可以/v从/p棉被/n底下/f拖/v出/vf自己/rr昨晚/t蝉蜕/n的/ude1淡/x灰色/n皮/n膜/n。/wj
换/v了/ule个人/n的/ude1感觉/n着实/d美妙/a，/wd虽然/c过去/t两/m天/qt，/wd认/v床/n的/ude1老毛病/n使/v我/rr连/d睡/v在/p自己/rr的/ude1新/a床/n上/f都/d会/v神经/n质地/n失眠/vi起来/vf。/wj
是的/vl，/wd从/p起床/vi到/v发现/v那/rzv篇/q旅人/n故事/n之前/f，/wd我/rr都/d在/p阅读/v阳光/n。/wj
一/m天/qt之中/f，/wd人/n的/ude1情绪/n起伏/vi是/vshi无法/v掌/n控/v的/ude1，/wd就/d像/v测/v不准/v原理/n所/usuo揭示/v，/wd永远/d有/vyou看/v不/d见/v的/ude1孽/ag贼/n藏/v在/p欢愉/a时光/n的/ude1毛细/n孔/n内/f，/wd司机/n发动/v偷袭/v，/wd将/p你/rr从/p峰顶/n推/v入/v谷底/s。/wj
如果/c，/wd不/d是/vshi贪恋/v灿烂/a的/ude1阳光/n，/wd我/rr不/d会/v取消/v约会/vi待/vi在/p家里/s做/v点/qt事/n，/wd如果/c不/d待/vi在/p家里/s，/wd我/rr当然/d不/d会/v上/vf书房/n整理/v开箱/v上/f架/v但尚未/n归类/vi的/ude1四五千/m本/q书/n，/wd要不是/c得/v在/p书房/n耗/ng很/d久/a，/wd我/rr就/d不会/v超量/vi地/ude2煮/v上/vf一/m杯/q咖啡/n端/v上来/vf喝/vg。/wj
如果/c不/d把/pba咖啡壶/n放在/v柜子/n上/f，/wd当然/d不/d会/v失手/vd打翻/v。/wj
接/v下来/vf的/ude1连锁反应/nl若/c以/p慢动作/n重播/vn是/vshi这样/rzv的/ude1：/wm装/v着/uzhe黑色/n液体/n的/ude1玻璃/n壶/ng自/p高处/s坠/v下/f，/wd我/rr本能/n地/ude2伸手/vi承接/v，/wd就/d在/p触/v地/n刹那/t，/wd玻璃/n迸裂/v，/wd碎片/n划/v过/uguo我/rr的/ude1手指/n，/wd咖啡/n飞溅/vi到/v我/rr的/ude1衣服/n、/wn一/m摞/q书/n、/wn米色/n新/a沙发/n，/wd然后/c像/p鼠疫/n一样/uyy滑/v过/uguo地板/n濡湿/v一/m爹/n乱七八糟/al的/ude1文件/n。/wj
同时/c，/wd我/rr看见/v指头/n流血/vi了/y。/wj
我/rr很/d好奇/a别人/rr碰到/v这种/r意外/a时/ng的/ude1反应/vn，/wd“/wyz该/rz死/v”/wyy、/wn“/wyz笨蛋/n”/wyy或/c咬牙切齿/dl咒/v了/ule声/n“/wyz干/v”/wyy，/wd而/cc我/rr的/ude1反应/vn上/f不/d了/ule台/b面/n，/wd居然/d发出/v卡通/n式/k的/ude1“/wyz欧/b—/wp哦/e”/wyy并且/c急慌慌/z地/ude2摘/v下/vf眼镜/n。/wj
我/rr一面/d清理/v碎片/n一面/d骂/v自己/rr“/wyz低/a能/v”/wyy，/wd很/d奇怪/v，/wd这/rzv一/m骂/v反而/d把/pba气概/n逼/v出来/vf，/wd既然/c事情/n发生/v了/y，/wd管/v它/rr去/vf死/v那/rzv就/d发生/v吧/y！/wt
手/n指/v还/d在/p流血/vi，/wd我/rr恣意/d抹/v在/p浅/a蓝/a棉/ngT/x恤/x上/f，/wd咖啡/n渍/ng加上/v血印/n形成/v诡异/a的/ude1华丽/a，/wd如/v鬼/n裂/v的/ude1焦土/n高原/n忽然/d窜/vi放/v红火/a鹤/n，/wd飞/vi向/p蓝天/n。/wj
我/rr为/v这种/r离谱/a的/ude1念头/n感到/v好/a笑/v，/wd干脆/d脱/v下/fT/x恤/x当/p抹布/n，/wd试/v檫/x那/rzv叠/x湿/a答/v答/v的/ude1文件/n，/wd并且/c决定/v待会儿/d就/d把/pba新/a沙/n咖啡壶/n那/rzv出来/vf再/d煮/v它/rr一/m壶/q满满/z的/ude1咖啡/n端/v上来/vf放在/v柜子/n上/f看/v事情/n会/v不/d会/v重演/v？/ww
我/rr把/pba文件/n、/wn档/n案/x铺/v在/p楼梯/n上/f，/wd让/v穿透/v半/m面玻璃/n墙/n面/n的/ude1阳光/n烘干/v它们/rr，/wd于是/cc，/wd那/rzv只/d被/pbei黑/a蟑螂/n啃/v得/ude3成/v体统/n的/ude1牛皮纸/n袋/ng与/p我/rr面对/v了/y，/wd袋/ng上/f用/p签字笔/n写/v这/rzv粗/d黑/a大字/n：/wm“/wyz未/d完成/v稿/ng，/wd暂/d存/v，/wd一九八九/m。/wj”/wyy
没/d错/v是/vshi我/rr的/ude1笔迹/n，/wd但/c怎么/ryv也/d想/v不/d起/vf七年/m前/f把/pba没/d写/v完/vi的/ude1文章/n装入/v牛皮纸/n的/ude1事/n。/wj
这/rzv完全/ad违反/v我/rr的/ude1习惯/n，/wd稿子/n没/d写/v完/vi，/wd表示/v失去/v热情/an，/wd当然/d丢/v如/v垃圾桶/n干吗/v费事/a保存/v？/ww
我/rr是/vshi不/d是/vshi该/rz怀疑/v自己/rr提早/d得了/vi阿/b兹/Rg海/n腔/ng症/ng，/wd要不然/c怎么/ryv会/v觉得/v这/rzv只/q牛皮纸/n袋/ng像/v被/pbei别人/rr栽赃/vn般/uyy俞/nr1看/v俞/nr1糊/a涂/v？/ww
当然/b字迹/n是/vshi我/rr的/ude1，/wd那/rzv错/v不/d了/y。/wj
我/rr抽出/v里头/f的/ude1手稿/n，/wd约莫/d三四十/m页/q，/wd一/m股/q霉/n湿/a的/ude1气味/n冲/v入/v鼻孔/n，/wd没/d写/v完/vi的/ude1稿子/n像/v未/d瞑目/vi的/ude1人/n，/wd在/p时间/n的/ude1岸边/s磨/v磨蹭/vi蹭/vi，/wd等/v着/uzhe有/vyou人/n听/v他/rr说/v罢/v遗言/n，/wd才/d肯/v含笑/vd离/v席/qt。/wj
我/rr神经质/n地/ude2捏/v着/uzhe手稿/n一角/n用力/ad抖/vi松/ng，/wd赶/v蠹/x鱼/n；/wf忽然/d一/m张/q纸片/n飘/v了/ule下来/vf，/wd捡/v起/vf一/m看/v，/wd头/n没/v脑/n地/ude2写/v着/uzhe：/wm“/wyz或者/c，/wd就/d这么/rz坐/v在/p树/n下/f喝茶/vi，/wd看/v一阵/mq野/b风/n吹/v过/uguo，/wd吹/v落/v一两/m粒/q瘦小/a的/ude1柿子/n，/wd滚/vi到/v我/rr是/vshi脚下/f。/wj
或者/c，/wd我/rr就/d捡/v起/vf最/d弱/a的/ude1那/rzv粒/q，/wd举/v得/ude3高高/z地/ude2，/wd跟/v天/qt说/v：/wm瞧/v，/wd我/rr落/v了/ule这么/rz久/ng，/wd你/rr也/d不/d捡/v起/vf我/rr来/vf！/wt”/wyy
２/m我们/rr对/p记忆/n了解/v多少/ry？/ww
自己/rr的/ude1、/wn他人/rr的/ude1，/wd以及/cc自己/rr与/p他人/rr之间/f相互/d增删/v、/wn蓄意/d霸占/v或/c秘密/ad窥伺/v的/ude1记忆内容/n。/wj
我/rr相信/v那/rzv是/vshi终年/n叆/x叇/x的/ude1云/n梦/n大泽/ns，/wd看/v起来/vf像/v风景/n明信片/n般/uyy简单/ad明了/v，/wd当/p你/rr试图/v跨越/v，/wd却/d发现/v渺茫/z无边/z，/wd而/cc你/rr贫穷/a得/ude3连/ulian半截/mq浮/v木/ng都/d没有/v。/wj
那么/c，/wd我们/rr终日/d在/p嘴边/s不断/d复述/v、/wn宣扬/v的/ude1那/rzv套/q记忆/n，/wd可能/v是/vshi基于/p自我/rr防卫/vn而/cc自动/d删改/v、/wn润饰/v过/uguo的/ude1，/wd像/v风和日丽/vl的/ude1景致/n，/wd就/d算/v有/vyou瑕疵/n，/wd也/d是/vshi小/a风/n小雨/n。/wj
我们/rr躲/v在/p里面/f过日子/vl，/wd假装/v很/d幸福/a，/wd久/a了/y，/wd也/d变成/v真/a的/ude1。/wj
而/cc真正/b的/ude1经验/n——/wp那些/rz以/p战/vg栗/ng手法/n逼迫/v我们/rr见识/v生命/n疮/n孔/nr1的/ude1，/wd却/d被/pbei我们/rr赶到/v意识/n的/ude1最底层/n、/wn最/d阴冷/a的/ude1角落/n去/vf，/wd那/rzv而/cc杂/a树/n乱/a草/n，/wd魑/x魅/x们/k四/m处/q漫游/vn、/wn相互/d斗殴/vi。/wj
那些/rz被/pbei埋/v入/v记忆/n坟/n场/qv的/ude1经验/n，/wd或许/d将/d永远/d不/d再/d骚扰/v我们/rr的/ude1心灵/n，/wd痛苦/an与/cc惊惧/a就/d像/v别人/rr家/q屋檐/n下/f晾晒/v的/ude1腊肉/n，/wd下/vf大雨/n没/v人/n收/v，/wd也/d跟/p我们/rr无关/v。/wj