民国/n十年/m的/ude1春/tg末/f夏/tg初/f，/wd高梦旦/nr先生/n从/p上海/ns到/v北京/ns来/f看/v我/rr。/wj
他/rr说/v，/wd他/rr现在/t决定/v辞去/v商务/n印书馆/n编译/v所/q所长/n的/ude1事/n，/wd他/rr希望/v我/rr肯/v去/vf做/v他/rr的/ude1继任/vn者/k。/wj
他/rr说/v：/wm“/wyz北京大学/nt固然/c重要/a，/wd我们/rr总/d希望/v你/rr不/d会/v看不起/v商务/n印书馆/n的/ude1事业/n。/wj
我们/rr的/ude1意思/n确/d是/vshi十分/m诚恳/a的/ude1。/wj”/wyy
那时/rzt我/rr还/d不/d满/a三十/m岁/qt，/wd高/a先生/n已/d是/vshi五十/m多/m岁/qt的/ude1人/n了/y。/wj
他/rr的/ude1谈话/vn很/d诚恳/a，/wd我/rr很/d受/v感动/v。/wj
我/rr对/p他/rr说/v：/wm“/wyz我/rr决不会/v看不起/v商务/n印书馆/n的/ude1工作/vn。/wj
一/m个/q支配/v几/m千/m万/m儿童/n的/ude1知识/n思想/n的/ude1机关/n，/wd当然/d比/p北京大学/nt重要/a多/a了/y。/wj
我/rr所/usuo虑/vg的/ude1只/d是/vshi怕/v我/rr自己/rr干/v不/d了/ule这/rzv件/q事/n。/wj”/wyy
当时/t我/rr答应/v他/rr夏天/t到/p上海/ns商务/n印书馆/n去/vf住/vi一两/m个/q月/n，/wd看看/v里面/f的/ude1工作/vn，/wd并且/c看看/v我/rr自己/rr配/v不配/ad接受/v梦旦/nr2先生/n的/ude1付托/v。/wj
那年/t暑假/t期中/t，/wd我/rr在/p上海/ns住/vi了/ule四十五/m天/qt，/wd天天/d到/v商务/n印书馆/n编译/v所/usuo去/vf，/wd高/a先生/n每天/r他/rr把/pba编译/v所/usuo各/rz部分/n的/ude1工作指示/n给/p我/rr看/v，/wd把/pba所/n中/f的/ude1同事/n介绍/v和/cc我/rr谈话/vi。/wj
每天/r他/rr家中/s送/v饭/n来/f，/wd我/rr若/c没有/v外面/f的/ude1约会/vn，/wd总是/d和/cc他/rr同/p吃/v午饭/n。/wj
我/rr知道/v他/rr和/cc馆/ng中/f的/ude1老辈/n张菊生/nr先生/n、/wn鲍咸昌/nr先生/n、/wn季/ng拔/v可/v先生/n，/wd对/p我/rr的/ude1意思/n都/d很/d诚恳/a。/wj
但是/c我/rr研究/v的/ude1结果/n，/wd我/rr始终/d承认/v我/rr的/ude1性情/n和/cc训练/vn都/d不/d配/v做/v这/rzv件/q事/n。/wj
我/rr很/d诚恳/a的/ude1辞谢/v了/ule高/a先生/n。/wj
他/rr问/v我/rr意/ng中/f有/vyou谁/ry可/v任/v这/rzv事/n。/wj
我/rr推荐/v王云/nr五/m先生/n，/wd并且/c介绍/v他/rr和/cc馆/ng中/f各位/rr老辈/n相见/vi。/wj
他们/rr会见/v了/ule两/m次/qv之后/f，/wd我/rr就/d回/v北京/ns去/vf了/y。/wj
我/rr走/v后/f，/wd高/a先生/n就/d请/v王云/nr五/m先生/n每天/r到/v编译/v所/usuo去/vf，/wd把/pba所/n中/f的/ude1工作指示/n给/p他/rr看/v，/wd和/cc他/rr从/p前/f指示/v给/p我/rr看/v一样/uyy。/wj
一/m个/q月/n之后/f，/wd高/a先生/n就/d辞去/v了/ule编译/v所/q所长/n，/wd请/v王/nr1先生/n继/vg他/rr的/ude1任/qv，/wd他/rr自己/rr退/v居/v出版/v部/q部长/n，/wd尽心尽力/vl的/ude1襄助/v王/nr1先生/n做/v改革/vn的/ude1事业/n。/wj
民国/n十九年/m，/wd玉云/nr2五/m先生/n做/v了/ule商务/n印书馆/n的/ude1总理/n。/wj
民国/n二十一年/m一月/t，/wd商务/n印书馆/n的/ude1闸北/ns各/rz厂/n都/d被/pbei日本/nsf军队/n烧毁/v了/y。/wj
兵/n祸/n稍/d定/v，/wd王/nr1先生/n决心/d要/v做/v恢复/v的/ude1工作/vn。/wj
高/a先生/n和/cc张菊生/nr先生/n本来/d都/d已/d退休/v了/y，/wd当/p那/rzv危急/a的/ude1时期/n，/wd他们/rr每天/r都/d到/v馆/ng中/f来/vf襄助/v王/nr1先生/n办事/vi。/wj
两年/m之中/f，/wd王/nr1先生/n苦心/n硬干/v，/wd就/d做到/v了/ule恢复/v商务/n印书馆/n的/ude1奇/ag绩/ng。/wj
我/rr特/d记载/v这个/rz故事/n，/wd因为/c我/rr觉得/v这/rzv是/vshi一/m件/q美谈/n。/wj
王云/nr五/m先生/n是/vshi我/rr的/ude1教师/n，/wd又/d是/vshi我/rr的/ude1朋友/n，/wd我/rr推荐/v他/rr自/p代/q，/wd这/rzv并/d不/d足/d奇怪/v。/wj
最/d难/ad能/v的/ude1是/vshi高梦旦/nr先生/n和/cc馆/ng中/f几/m位/q老/a辈/n，/wd他们/rr看中/v了/ule一个/mq少年/n书生/n，/wd就/d要/v把/pba他们/rr毕生/d经营/v的/ude1事业/n付托/v给/p他/rr：/wm后来/t又/d听信/v这个/rz少年/n人/n的/ude1几/m句/q话/n，/wd就/d把/pba这/rzv件/q重要/a的/ude1事业/n付托/v给/v了/ule一个/mq他们/rr平/v素不相识/vl的/ude1人/n。/wj
这/rzv是/vshi老/a成人/n为/p一/m件/q大多/d业/k求/v付托/v人/n的/ude1苦心/n，/wd是/vshi大/a政治家/n谋/v国/n的/ude1风度/n。/wj
这/rzv是/vshi值得/v大/a书/n深刻/a，/wd留给/v世人/n思念/vn的/ude1。/wj
高梦旦/nr先生/n，/wd福建/ns长乐/ns县/n人/n，/wd原名/n凤谦/nr，/wd晚年/t只/d用/p他/rr的/ude1表字/n“/wyz梦/n旦/ng”/wyy为名/vi。/wj
“/wyz梦/n旦/ng”/wyy是/vshi在/p梦/n梦/n长/a夜里/t想望/vn晨光/n的/ude1到来/vn，/wd最/d足以/d表现/v他/rr一生/n追求/v光明/a的/ude1理想/n。/wj
他/rr早年/t自/p号/n“/wyz崇/vg有/vyou”/wyy，/wd取/v晋/b人/n裴1/nrf《/wkz崇/vg有/vyou论/ng》/wky之/uzhi旨/ng，/wd也/d最/d可以/v表现/v他/rr一生/n崇尚/v实事/n痛恨/v清谈/v的/ude1精神/n。/wj
因为/p他/rr期望/v光明/n，/wd所以/c他/rr最/d能/v欣赏/v也/d最/d能/v了解/v这个/rz新鲜/a的/ude1世界/n。/wj
因为/p他/rr崇尚/v实事/n，/wd所以/c他/rr不/d梦想/v那/rzv光明/n可以/v立刻/d来临/vi，/wd他/rr知道/v进步/vn是/vshi一点一滴/nl的/ude1积聚/vn成/v的/ude1，/wd光明/n是/vshi一/m线/q一/m线/q的/ude1慢慢来/vl的/ude1。/wj
最/d要紧/a的/ude1条件/n只/d是/vshi人人/n尽/vi他/rr的/ude1一点一滴/nl的/ude1责任/n，/wd贡献/n他/rr一分一秒/t的/ude1光明/n。/wj
高梦旦/nr先生/n晚年/t发表/v了/ule几/m件/q改革/vn的/ude1建议/n，/wd标题/n引/v一个/mq朋友/n的/ude1一/m句/q话/n：/wm“/wyz都/d是/vshi小/a问题/n，/wd并且/c不/d难/ad办/v到/v。/wj”/wyy
这/rzv句/q引语/n最/d能/v写/v出/vf他/rr的/ude1志趣/n。/wj
他/rr一生/n做/v的/ude1事/n，/wd三十年/m编纂/v小学/n教科书/n，/wd三十年/m提倡/v他/rr的/ude1十三/m个/q月/n的/ude1历法/n，/wd三十年/m提倡/v简笔/n字/n，/wd提倡/v电报/n的/ude1改革/vn，/wd提倡/v度量衡/n的/ude1改革/vn，/wd都/d是/vshi他/rr认为/v不/d难/ad做到/v的/ude1小/a问题/n。/wj
他/rr的/ude1赏识/vn我/rr，/wd也/d是/vshi因为/p我/rr一生/n只/d提出/v一两/m个/q小/a问题/n，/wd锲而不舍/vl的/ude1做/v去/vf，/wd不/d敢/v好/a高务远/nr，/wd不/d敢/v轻/ad谈/v根本/a改革/vn，/wd够/v得/ude3上/vf做/v他/rr的/ude1一个/mq小/a同志/n。/wj
高/a先生/n的/ude1做人/vi，/wd最/d慈祥/a，/wd最/d热心/a，/wd他/rr那/rzv古板/a的/ude1外貌/n里/f藏/v着/uzhe一/m颗/q最/d仁爱/n暖/a热/a的/ude1心/n。/wj
在/p他/rr的/ude1大家庭/n里/f，/wd他/rr的/ude1儿子/n、/wn女儿/n都/d说/v：/wm“/wyz吾/rr父/ng不仅/c是/vshi一个/mq好/a父亲/n，/wd实/ad兼/v一/m个/q友谊/n至/p笃/ag的/ude1朋友/n。/wj”/wyy
他/rr的/ude1侄儿/n、/wn侄女/n们/k都/d说/v，/wd“/wyz十一/m叔/n是/vshi圣人/n。/wj”/wyy
这个/rz圣人/n不是/c圣庙/n里/f陪/v吃/v冷/a猪肉/n的/ude1圣人/n，/wd是/vshi一个/mq处处/d能/v体谅/v人/n，/wd能/v了解/v人/n，/wd能/v帮助/v人/n，/wd能/v热烈/a的/ude1、/wn爱/v人/n的/ude1、/wn新/a时代/n的/ude1圣火/n。/wj
他/rr爱/v朋友/n，/wd爱/v社会/n，/wd爱/v国家/n，/wd爱/v世界/n。/wj
他/rr爱/v真理/n，/wd崇拜/v自由/an，/wd信仰/vn科学/n。/wj
因为/p他/rr信仰/v科学/n，/wd所以/c他/rr痛恨/v玄/a谈/v，/wd痛恨/v中医/n。/wj
因为/p他/rr爱/v国家/n社会/n，/wd所以/c他/rr爱护/v人才/n真/d如同/v性命/n一样/uyy。/wj
他/rr爱/v敬张菊生/nr先生/n，/wd就/d如同/v爱/v敬/v他/rr的/ude1两/m个/q哥哥/n一样/uyy。/wj
他/rr爱惜/v我们/rr一/m班/q年轻/a的/ude1朋友/n，/wd就/d如同/v他/rr爱护/v他/rr自己/rr的/ude1儿女/n一样/uyy。/wj
他/rr的/ude1最/d可爱/a之/uzhi处/n，/wd是/vshi因为/p他/rr最/d能/v忘/v了/ule自己/rr。/wj
他/rr没/d有/vyou利/n心/n，/wd没有/v名/q心/n，/wd没有/d胜/v心/n。/wj
人/n都/d说/v他/rr冲/v澹/x，/wd其实/d他/rr是/vshi浓/a挚/ag热烈/a。/wj
在/p他/rr那/rzv浓/a挚/ag热烈/a的/ude1心里/s，/wd他/rr期望/v一切/rz有/vyou力量/n而/cc又/d肯/v努力/an的/ude1人/n都/d能/v成功/a胜利/vn，/wd别人/rr的/ude1成功/a胜利/vn都/d使/v他/rr欢喜/v安慰/an，/wd如同/v他/rr自己/rr的/ude1成功/a胜利/vn一样/uyy。/wj