事实/n果然/c如此/rzv。/wj
从/p喀什/nsf到/v敦煌/ns的/ude1漫长/a路途/n上/f，/wd蒋孝琬/nr一直/d在/p给/v斯坦因/nrf讲述/v中国/ns官场/n和/cc中国/ns民间/n的/ude1行事/vi方式/n，/wd使/v斯坦因/nrf觉得/v比/p再/d读/v几/m个/q学位/n更/d重要/a。/wj
到/v了/ule莫高窟/ns，/wd所有/b联络/vn、/wn刺探/v、/wn劝说/v王/nr1圆/n箓/x的/ude1事/n，/wd都/d是/vshi蒋孝琬/nr在/p做/v。/wj
王/nr1圆/n箓/x从/p一/m开始/v就/d对/p斯坦因/nrf抱/v着/uzhe一/m种/q警惕/v、/wn躲闪/vi、/wn拒绝/v的/ude1态度/n。/wj
蒋孝琬/nr蒙骗/v他/rr说/v，/wd斯坦因/nrf从/p印度/nsf过来/vf，/wd是/vshi要/v把/pba当年/t玄/a奘取来/nr的/ude1经/p送/v回/v原/b处/n去/vf，/wd为/p此/rzs还/d愿意/v付/v一些/mq钱/n。/wj
王/nr1圆/n箓/x像/v很多/m中国/ns平民/n一样/uyy，/wd对/p《/wkz西游记/nz》/wky里/f的/ude1西天/n取经/vi故事/n既/c熟悉/v又/d崇拜/v，/wd听/v蒋孝琬/nr绘声绘色/al地/ude2一/m说/v，/wd又/d看到/v斯坦/nrf因/p神情/n庄严/a地/ude2一/m次次/q焚香/v拜佛/vi，/wd竟然/d心/n有/vyou所/usuo动/v。/wj
因此/c，/wd当/p蒋孝琬/nr提出/v要/v先/d“/wyz借/v”/wyy几/m个/q“/wyz样本/n”/wyy看看/v，/wd王/nr1圆/n篆/ng虽然/c迟疑/a、/wn含/v糊/a了/ule很/d久/a，/wd终于/d还是/d塞/v给/p他/rr几/m个/q经/p卷/q。/wj
于是/cc，/wd又/d是/vshi蒋孝琬/nr，/wd连夜/d挑/v灯/n研读/v那个/rz几/m经/p卷/q。/wj
他/rr发现/v，/wd那/rzv正巧/d是/vshi玄奘取来/nr的/ude1经/p卷/ng的/ude1译本/n。/wj
这/rzv几/m个/q经/p卷/ng，/wd明明/d是/vshi王/nr1圆/n箓/x随手/d取/v的/ude1，/wd居然/d果真/d与/p玄/a奘/ng有关/vn，/wd王/nr1圆/n箓/x激动/a地/ude2看/v着/uzhe自己/rr的/ude1手指/n，/wd似乎/d听到/v了/ule佛/n的/ude1旨意/n。/wj
洞穴/n的/ude1门/n，/wd向/p斯坦因/nrf打开/v了/y。/wj
当然/d，/wd此后/t在/p经/p卷/ng堆/v里/f逐/vg页/ng翻阅/v选择/v的/ude1，/wd也/d是/vshi蒋孝琬/nr，/wd因为/p斯坦因/nrf本人/rr不/d懂/v中文/nz。/wj
蒋孝琬/nr在/p那些/rz日日夜夜/nl所/usuo做/v的/ude1事/n，/wd也/d可以/v说/v成/v是/vshi一/m种/q重要/a的/ude1文化/n破/v读/v，/wd因为/c这/rzv毕竟/d是/vshi千年/m文物/n与/cc能够/v读/v懂/v的/ude1人/n的/ude1第一/m次/qv隆重/ad相遇/vi。/wj
而且/c，/wd事实/n证明/v，/wd蒋孝琬/nr对/p中国/ns传统/n文化/n有着/v广博/a的/ude1知识/n、/wn不/d浅/a的/ude1根底/n。/wj
那些/rz寒冷/a的/ude1沙漠/n之/uzhi夜/tg，/wd斯坦因/nrf和/cc王/nr1圆/n箓/x都/d睡/v了/y，/wd只有/c他/rr在/p忙/v着/uzhe。/wj
睡/v着/uzhe的/ude1两/m方/q都/d不/d懂得/v这/rzv一/m堆/q堆/v纸/n页/q上/f的/ude1内容/n，/wd只有/c他/rr懂得/v，/wd由/p他/rr作出/v取舍/vi裁断/v。/wj
就/p这样/rzv，/wd一/m场/qv天下/n最/d不/d公平/a的/ude1“/wyz买卖/n”/wyy开始/v了/y。/wj
斯坦/nrf因/p用/v极/d少/a的/ude1钱/n，/wd换取/v了/ule中华/nz文明/n长/ad达/v好几/m个/q世纪/n的/ude1大量/m文物/n。/wj
而且/c由此/d形成/v惯例/n，/wd其他/rzv列强/n的/ude1冒险家/n们/k也/d纷纷/d踏/v来/vf，/wd满载/v而/cc去/vf。/wj
有/vyou一/m天王/n圆/vg箓/x觉得/v斯坦因/nrf实在/d要/v得/ude3太/d多/a了/y，/wd就/d把/pba部分/n挑/v出/vf的/ude1文物/n又/d搬/v回/qv到/v藏经洞/ns。/wj
斯坦/nrf因/p要/v蒋孝琬/nr去/vf谈判/v，/wd用/p四十/m块/q马蹄银/n换/v回/v那些/rz文物/n。/wj
蒋孝琬/nr谈判/v的/ude1结果/n，/wd居然/d只/d花/v了/ule四/m块/q就/d解决/v了/ule问题/n。/wj
斯坦因/nrf立即/d赞扬/v他/rr，/wd这/rzv是/vshi又/d一/m场/qv中/b英/b外交/n谈判/vn的/ude1胜利/vn。/wj
蒋孝琬/nr一/m听/v，/wd十分/m得意/a。/wj
我/rr对/p他/rr的/ude1这种/r得意/a，/wd有点/d厌恶/v。/wj
因为/p他/rr应该/v知道/v，/wd自/rr从/p鸦片战争/nz以来/f，/wd所谓/v的/ude1“/wyz中/b英/b外交/n谈判/vn”/wyy意味着/v什么/ry。/wj
我/rr并/d不/d奢望/v，/wd在/p他/rr心底/n会/v对/p当时/t已经/d极其/d可怜/v的/ude1父母/n之/uzhi邦/ng产生/v一点点/m惭愧/an，/wd而/cc只是/d想/v，/wd这种/r桥梁/n式/k的/ude1人物/n如果/c把/pba一/m方/q河岸/n完全/ad扒/v塌/v了/y，/wd他们/rr以后/f还/d能/v干/v什么/ry？/ww
由此/d我/rr想/v，/wd那些/rz日子/n，/wd莫高窟/ns里/f的/ude1三/m个/q男人/n，/wd我们/rr还/d应该/v多/ad看/v几/m眼/q。/wj
前面/f两/m个/q一直/d遭/v世人/n非议/vn，/wd而/cc最后/f一个/mq总是/d被/pbei轻轻/d放过/v。/wj
比/p蒋孝琬/nr更/d让/v我/rr吃惊/a的/ude1是/vshi，/wd近年来/dl中国/ns文化界/n有/vyou一些/mq评论/n者/k一再/d宣称/v，/wd斯坦因/nrf以/p考古学家/n的/ude1身份/n取/v走/v敦煌/ns藏经洞/ns的/ude1文物/n并/cc没有/d错/v，/wd是/vshi正大光明/bl的/ude1事业/n，/wd而/cc像/v我/rr这样/rzv耿耿于怀/vl，/wd却/d是/vshi“/wyz狭隘/a的/ude1民族主义/n”/wyy。/wj
是/vshi“/wyz正大光明/bl”/wyy吗/y？/ww
请/v看/v斯坦因/nrf自己/rr的/ude1回忆/vn：/wm深夜/t我/rr听到/v了/ule细微/a的/ude1脚步声/n，/wd那/rzv是/vshi蒋/nr1在/p侦察/vn，/wd看/v是否/v有/vyou人/n在/p我/rr的/ude1帐篷/n周围/f出现/v。/wj
一会儿/mq他/rr扛/v了/ule一个/mq大/a包/n回来/v，/wd那里/rzs装有/v我/rr今天/t白天/t挑/v出/vf的/ude1一切/rz东西/n。/wj
王/nr1道士/n鼓足/v勇气/n同意/v了/ule我/rr的/ude1请求/n，/wd但/c条件/n很/d严格/a，/wd除了/p我们/rr三/m个/q外/f，/wd不/d得/ude3让/v任何人/r得知/v这/rzv笔/q交易/n，/wd哪怕/c是/vshi丝毫/m暗示/v。/wj
从/p这种/r神态/n动作/n，/wd你/rr还/d看/v不/d出/vf他们/rr在/p做/v什么/ry吗/y？/ww
四/m斯坦因/nrf终于/d取得/v了/ule九千/m多/m个/q经/p卷/ng，/wd五百/m多/m幅/q绘画/n，/wd打/v包装箱/n就/d整整/d花/v了/ule七/m天/qt时间/n。/wj
最后/f打/v成/v了/ule二十九/m个/q大/a木箱/n，/wd原先/d带来/v的/ude1那些/rz骆驼/n和/cc马匹/n不/d够/v用/v了/y，/wd又/d雇/v来/vf了/ule五/m辆/q大/a车/n，/wd每/rz辆/q都/d栓/ng上/f三/m匹/q马/n来/vf拉/v。/wj
那/rzv是/vshi一个/mq黄昏/t，/wd车队/n启动/v了/y，/wd王/nr1圆/n箓/x站/n在/p路边/s，/wd恭敬/ad相/d送/v。/wj
斯坦/nrf因/p“/wyz购买/v”/wyy这/rzv二十九/m个/q大/a木箱/n移/v世/ng文物/n，/wd所/usuo支付/v给/p王/n圆/vg篆/ng的/ude1全部/m价钱/n，/wd我/rr一直/d不/d忍心/v写/v出来/vf，/wd此刻/r却/d不能不/d说/v一/m说/v了/y。/wj
那/rzv就/d是/vshi，/wd折合/v成/v了/ule银子/n的/ude1一百三十/m英镑/q！/wt
但是/c，/wd这/rzv点/qt钱/n，/wd对/p王/n圆/vg篆/ng来说/uls，/wd毕竟/d比/p他/rr平时/t到/v荒/ag村野/n郊/ng去/vf化缘/vi的/ude1所得/n，/wd多/a得/ude3多/a了/y。/wj
因此/c，/wd他/rr反而/d认为/v这/rzv位/q“/wyz斯/b大人/n”/wyy是/vshi“/wyz布施/vi者/k”/wyy。/wj
斯坦因/nrf向/p他/rr招/v过手/v，/wd抬/v起/vf头/n来/vf看看/v天色/n。/wj
一/m位/q年轻/a诗人/n写道/v，/wd斯坦因/nrf看到/v的/ude1，/wd是/vshi凄/ag艳/a的/ude1晚霞/n。/wj
那里/rzs，/wd一个/mq古老/a民族/n的/ude1伤口/n在/p流血/vi。/wj
我/rr又/d想到/v了/ule另/rz一/m位/q年轻/a诗人/n的/ude1诗/n，/wd他/rr叫/vi李晓桦/nr，/wd是/vshi写/v给/p下令/v火烧/v圆明园/ns的/ude1额尔金/nrf勋爵/n的/ude1：/wm我/rr好/d恨/v恨/v我/rr没/d早/ad生/v一/m个/q世纪/n使/v我/rr能/v与/p你/rr对视/vi着/uzhe站立/vi在/p阴森/a幽暗/a的/ude1古堡/n晨光/n微/ag露/v的/ude1旷野/n要么/c我/rr拾/m起/q你/rr扔/v下/f的/ude1白/a手套/n要么/c你/rr接/v住/vi我/rr甩/v过去/vf的/ude1剑/n要么/c你/rr我/rr各/rz乘/v一/m匹/q战马/n远远/d离开/v遮/v天/qt的/ude1帅/nr1旗/n离开/v如云/z的/ude1战/vg阵/ng决胜/vi负于/v城/n下/f对于/p斯坦因/nrf这些/rz的/ude1学者/n，/wd这些/rz诗句/n也许/d太/d硬/a。/wj
但是/c，/wd除了/p这种/r办法/n，/wd还有/v什么/ry方式/n能/v阻拦/v他们/rr呢/y？/ww
我/rr可以/v不/d带/v剑/n，/wd甚至/c也/d不/d骑马/vi，/wd只是/d伸出/v双手/n做出/v阻拦/v的/ude1动作/n，/wd站/vi在/p沙漠/n中间/f，/wd站/vi在/p他们/rr车队/n的/ude1正/d对/p面/n。/wj