一/m把/pba幸福/an作为/v研究/vn课题/n是/vshi一/m件/q冒险/vi的/ude1事/n。/wj"/x
幸福/a"/x一/m词/n的/ude1意义/n过于/d含/v混/x，/wd几乎/d所有/b人/n都/d把/pba自己/rr向往/v而/cc不/d可/v得/v的/ude1境界/n称作/v"/x幸福/a"/x，/wd但/c不同/a的/ude1人/n所/usuo向往/v的/ude1境界/n又/d是/vshi多么/d不同/a。/wj
哲学家/n们/k提出/v过/uguo种种/q幸福/a论/ng，/wd可以/v担保/vn的/ude1是/vshi，/wd没有/v一/m种/q能够/v为/p多数/m人/n所/usuo接受/v。/wj
至于/p形形色色/bl所谓/v幸福/a的/ude1"/x秘诀/n"/x，/wd如果/c不/d是/vshi江湖/n骗/v方/q，/wd也/d至多/d是/vshi一些/mq老生常谈/nl罢了/y。/wj
幸福/an是/vshi一/m种/q太/d不/d确定/v的/ude1东西/n。/wj
一般/a人/n把/pba愿望/n的/ude1实现/v视为/v幸福/an，/wd可是/c，/wd一旦/c愿望/n实现/v了/y，/wd就/d真/d感到/v幸福/a么/y?/ww
萨特/nrf一生/n可谓/v功/n成/v愿/v遂/vg，/wd常/nr1人/n最/d企望/v的/ude1两/m件/q事/n，/wd爱情/n的/ude1美满/an和/cc事业/n的/ude1成功/an，/wd他/rr几乎/d都/d毫无/v瑕疵/n地/ude2得到/v了/y，/wd但/c他/rr在/p垂暮之年/nl却说/v：/wm"/x生活/vn给/v了/ule我/rr想/v要/v的/ude1东西/n，/wd同时/c它/rr又/d让/v我/rr认识/v到/v这/rzv没/d多/a大/a意思/n。/wj
不过/c你/rr有/vyou什么/ry办法/n?/ww"/x
所以/c，/wd我/rr对/p一切/rz关于/p幸福/a的/ude1抽象/a议论/vn都/d不屑一顾/vl，/wd而/cc对/p一切/rz许诺/v幸福/a的/ude1翔实/a方/q案/x则/d简直/d要/v嗤之以鼻/vl了/y。/wj
最近/t读/v莫洛亚/nrf的/ude1《/wkz人生/n五/m大/a问题/n》/wky，/wd最后/f一/m题/n也/d是/vshi"/x论/v幸福/a"/x。/wj
但/c在/p前/f四/m题/n中/f，/wd他/rr对/p与/p人生/n幸福/an密切相关/n的/ude1问题/n，/wd包括/v爱情/n和/cc婚姻/n，/wd家庭/n，/wd友谊/n，/wd社会/n生活/vn，/wd作/v了/ule生动/a透剔/a的/ude1论述/vn，/wd令/v人/n读/v而/cc不/d倦/a。/wj
幸福/a问题/n的/ude1讨论/vn历来/d包括/v两/m个/q方面/n，/wd一/m是/vshi社会/n方面/n，/wd关系/n到/v幸福/a的/ude1客观/a条件/n，/wd另/rz一/m是/vshi心理/n方面/n，/wd关系/n到/v幸福/a的/ude1主观/n体验/vn。/wj
作为/p一/m位/q优秀/a的/ude1传记/n和/cc小说/n作家/n，/wd莫洛亚/nrf的/ude1精彩/a之/uzhi处/n是/vshi在/p后/f一/m方面/n。/wj
就/p社会/n方面/n而言/uls，/wd他/rr的/ude1见解/n大体/d是/vshi肯定/v传统/n的/ude1，/wd但/c由于/p他/rr体察/v人类/n心理/n，/wd所以/c并/d不/d失/v之/uzhi武断/a，/wd给/p人/n留下/v了/ule思索/vn和/cc选择/vn的/ude1余地/n。/wj
二/m自古以来/dl，/wd无论/c在/p文学/n作品/n中/f，/wd还是/c在/p现实/n生活/vn中/f，/wd爱情/n和/cc婚姻/n始终/d被/pbei视为/v个人/n幸福/a之/uzhi命脉/n所/usuo系/v。/wj
多少/ry幸福/a或/c不幸/a的/ude1喟/x叹/v，/wd都/d缘/p此/rzs而/cc起/vf。/wj
按照/p孔德/nrf的/ude1说法/n，/wd女人/n是/vshi感情/n动物/n，/wd爱情/n和/cc婚姻/n对于/p女人/n的/ude1重要性/n自不待言/vl。/wj
但/c即使/c是/vshi行动/vn动物/n的/ude1男人/n，/wd在/p事业/n上/f获得/v了/ule辉煌/a的/ude1成功/an，/wd倘若/c在/p爱情/n和/cc婚姻/n上/f失败/vi了/y，/wd他/rr仍然/d会/v觉得/v自己/rr非常/d不幸/a。/wj
可是/c，/wd就/d在/p这个/rz人们/n最/d期望/v得到/v幸福/a的/ude1领域/n里/f，/wd却/d很/d少/a有人/r敢于/v宣称/v自己/rr是/vshi真正/d幸福/a的/ude1。/wj
诚然/c，/wd热恋/v中/f的/ude1情人/n个个/q都/d觉得/v自己/rr是/vshi幸福/a女神/n的/ude1宠儿/n，/wd但/c并非/v人人/n都/d能/v得到/v热恋/v的/ude1机遇/n，/wd有/vyou许多/m人/n一辈子/mq也/d没有/d品尝/v过/uguo个中/r滋味/n。/wj
况且/c热恋/v未必/d导致/v美满/a的/ude1婚姻/n，/wd婚后/t的/ude1失望/a、/wn争吵/vn、/wn厌倦/v、/wn平/v淡/x、/wn麻木/a几乎/d是/vshi常规/n，/wd终身/n如/v恋人/n一样/uyy缱绻/a的/ude1夫妻/n毕竟/d只/d是/vshi幸运/a的/ude1例外/n。/wj
从/p理论/n上/f说/v，/wd每/rz一个/mq人/n在/p异性/n世界/n中/f都/d可能/v有/vyou一个/mq最佳/z对象/n，/wd一个/mq所谓/v的/ude1"/x惟一/b者/k"/x、/wn"/x独一无二/bl者/rz"/x，/wd或/c如/v吉卜林/nrf的/ude1诗/n所/usuo云/vg，/wd"/x一千/m人/n中/f之/uzhi一/m人/n"/x。/wj
但是/c，/wd人生/n短促/a，/wd人海/n茫茫/z，/wd这样/rzv两/m个/q人/n相遇/vi的/ude1几率/n差不多/al等于/v零/m。/wj
如果/c把/pba幸福/an寄托/v在/p这/rzv相遇/vi上/f，/wd幸福/an几乎/d是/vshi不/d可能/v的/ude1。/wj
不过/c，/wd事实上/bl，/wd爱情/n并/cc不/d如此/rzv苛求/v，/wd冥/ng冥/ng中/f也/d并/d不/d存在/v非/b此/rzs不可/v的/ude1命/n定/v姻缘/n。/wj
正/d如/v莫洛亚/nrf所/usuo说/v：/wm"/x如果/c因/p了/ule种种/q偶然/a(/wkz按/p：/wm应/v为/p必然/n)/wky之/uzhi故/ng，/wd一个/mq求爱/vi者/k所/usuo认为/v独一无二/bl的/ude1对象/n从未/d出现/v，/wd那么/c，/wd差不多/al近似/a的/ude1爱情/n也/d会/v在/p另/rz一个/mq对象/n身上/s感到/v。/wj"/x
期待/v中/f的/ude1"/x惟一/b者/k"/x，/wd会/v化身/n为/p千百/m种/q形象/n向/p一个/mq渴望/v爱情/n的/ude1人/n走/v来/vf。/wj
也许/d爱情/n永远/d是/vshi个/q谜/n，/wd任何人/r无法/v说/v清/v自己/rr所/usuo期待/v的/ude1"/x惟一/b者/k"/x究竟/d是/vshi什么/ry样子/n的/ude1。/wj
只有/c到/v了/ule堕入/v情网/n，/wd陶醉/vi于/p爱情/n的/ude1极/d乐/a，/wd一个/mq人/n才/d会/v惊喜/a地/ude2向/p自己/rr的/ude1情人/n喊/v道/v：/wm"/x你/rr就/d是/vshi我/rr一直/d期待/v着/uzhe的/ude1那个/rz人/n，/wd就/d是/vshi那个/rz惟一/b者/k。/wj"/x
究竟/d是/vshi不/d是/vshi呢/y?/ww
也许/d是/vshi的/ude1。/wj
这/rzv并非/v说/v，/wd他们/rr之间/f有/vyou一/m种/q宿/vg命/n，/wd注定/v不/d可能/v爱上/v任何/rz别人/rr。/wj
不/d，/wd如果/c他们/rr不/d相遇/vi，/wd他们/rr仍然/d可能/v在/p另/rz一个/mq人/n身上/s发现自己/n的/ude1"/x惟一/b者/k"/x。/wj
然而/c，/wd强烈/a的/ude1感情/n经验/n已经/d改变/v了/ule他们/rr的/ude1心理/n结构/n，/wd从而/c改变/v了/ule他们/rr与/p其他/rzv可能/v的/ude1对象/n之间/f的/ude1关系/n。/wj
犹如/v经过/p一/m次/qv化合/vi反应/vi，/wd他们/rr都/d已经/d不/d是/vshi原来/b的/ude1元素/n，/wd因而/c不/d可能/v再/d与/p别的/rzv元素/n发生/v相似/a的/ude1反应/vn了/y。/wj
在/p这个/rz意义/n上/f，/wd一个/mq人/n一生/n只能/v有/vyou一/m次/qv震撼/vn心灵/n的/ude1爱情/n，/wd而且/c只/d有/vyou少数/m人/n得/v此/rzs幸/vg遇/v。/wj
也许/d不/d是/vshi。/wj
因为/p"/x惟一/b者/k"/x本/n是/vshi痴情/a的/ude1造影/vn，/wd一旦/d痴情/a消退/vi，/wd就/d不再/d成/v其/rz"/x惟一/b者/k"/x了/vi。/wj
莫洛亚/nrf引/v哲学家/n桑塔耶那/nrf的/ude1话/n说/v：/wm"/x爱情/n的/ude1十分之九/m是/vshi由/p爱人/n自己/rr造成/v的/ude1，/wd十分之一/m才/d靠/v那/rzv被/pbei爱/v的/ude1对象/n。/wj"/x
凡是/d经历/v过/uguo热恋/vn的/ude1人/n都/d熟悉/v爱情/n的/ude1理想化/vn力量/n，/wd幻想/n本/d是/vshi爱情/n不可或缺/al的/ude1因素/n。/wj
太/d理智/a、/wn太/d现实/a的/ude1爱情/n算/v不/d上/vf爱情/n。/wj
最/d热烈/a的/ude1爱情/n总是/d在/p两/m个/q最/d富于/v幻想/n的/ude1人/n之间/f发生/v，/wd不过/c，/wd同样/d真实/a的/ude1是/vshi，/wd他们/rr也/d最/d容易/ad感到/v幻灭/v。/wj
如果/c说/v普通人/n是因为/c运气/n不/d佳/a而/cc不/d能/v找到/v意中人/n，/wd那么/c，/wd艺术家/n则/d是/vshi因为/p期望/v过/uguo高/a而/cc对/p爱情/n失望/a的/ude1。/wj
爱情/n中/f的/ude1理想/n主义/n往往/d导致/v拜伦/nrf式/k的/ude1感伤/a主义/n，/wd又/d进而/c导致/v纵/ag欲/vg主义/n，/wd唐璜/nr有/vyou过/uguo一千零三/m个/q情人/n，/wd但/c他/rr仍然/d没有/d找到/v他/rr的/ude1"/x惟一/b者/k"/x，/wd他/rr注定/v找/v不到/v。/wj
无/v幻想/n的/ude1爱情/n太/d平庸/a，/wd基于/p幻想/n的/ude1爱情/n太/d脆弱/a，/wd幸福/a的/ude1爱情/n究竟/d可能/v吗/y?/ww
我/rr知道/v有/vyou一/m种/q真实/a，/wd它/rr能/v不断/d地/ude2激起/v幻想/n，/wd有/vyou一/m种/q幻想/n，/wd它/rr能/v不断/d地/ude2化为/v真实/an。/wj