一/m中华民国/n十五年/m三月/t二十五日/t，/wd就是/v国立/b北京/ns女子/n师范大学/n为/p十八日/t在/p段祺/nr2瑞/b执政府/ns前/f遇害/vi的/ude1刘和珍/nr杨德群/nr〔/wkz2/b〕/wky两/m君/ng开/v追悼会/n的/ude1那/rzv一/m天/qt，/wd我/rr独/d在/p礼堂/n外/f徘徊/vi，/wd遇见/v程/nr1君/ng〔/wkz3/n〕/wky，/wd前来/vi问/v我/rr道/v，/wd“/wyz先生/n可/c曾/d为/v刘和珍/nr写/v了/ule一点/m什么/ry没有/v？/ww”/wyy
我/rr说/v“/wyz没有/v”/wyy。/wj
她/rr就/d正告/v我/rr，/wd“/wyz先生/n还/d是/vshi写/v一点/m罢/v；/wf刘/nr1和/cc珍/vg生前/t就/d很/d爱/v看/v先生/n的/ude1文章/n。/wj”/wyy
这/rzv是/vshi我/rr知道/v的/ude1，/wd凡/d我/rr所/usuo编辑/v的/ude1期刊/n，/wd大概/d是/vshi因为/p往往/d有始无终/vl之/uzhi故/ng罢/v，/wd销行/v一向/d就/d甚/dg为/v寥/nr1落/v，/wd然而/c在/p这样/rzv的/ude1生活/vn艰难/an中/f，/wd毅然/d预定/v了/ule《/wkz莽原/n》/wky〔/wkz4/ng〕/wky全年/n的/ude1就/d有/vyou她/rr。/wj
我/rr也/d早/ad觉得/v有/vyou写/v一点/m东西/n的/ude1必要/a了/y，/wd这/rzv虽然/c于/p死者/n毫不相干/vl，/wd但/c在/p生/v者/k，/wd却/d大抵/d只/d能/v如此/rzv而已/y。/wj
倘使/c我/rr能够/v相信/v真/d有/vyou所谓/v“/wyz在天之灵/nl”/wyy，/wd那/rzv自然/d可以/v得到/v更/d大/a的/ude1安慰/an，/wd——/wp但是/c，/wd现在/t，/wd却/d只/d能/v如此/rzv而已/y。/wj
可是/c我/rr实在/d无话可说/vl。/wj
我/rr只/d觉得/v所/usuo住/vi的/ude1并非/v人间/n。/wj
四十/m多/m个/q青年/n的/ude1血/n，/wd洋溢/v在/p我/rr的/ude1周围/f，/wd使/v我/rr艰/ag于/p呼吸/v视听/n，/wd那里/rzs还/d能/v有/vyou什么/ry言语/n？/ww
长歌当哭/vl，/wd是/vshi必须/d在/p痛/dg定/v之后/f的/ude1。/wj
而/cc此后/t几/m个/q所谓/v学者/n文人/n的/ude1阴险/an的/ude1论调/n，/wd尤/d使/v我/rr觉得/v悲哀/an。/wj
我/rr已经/d出/vf离/v愤怒/a了/y。/wj
我/rr将/d深/a味/ng这/rzv非人/b间/f的/ude1浓黑/a的/ude1悲凉/an；/wf以/p我/rr的/ude1最/d大/a哀痛/an显示/v于/p非人/b间/f，/wd使/v它们/rr快意/n于/p我/rr的/ude1苦痛/n，/wd就/d将/p这/rzv作为/v后/f死者/n的/ude1菲薄/v的/ude1祭品/n，/wd奉献/v于/p逝/vg者/k的/ude1灵/a前/f。/wj
二/m真的/d猛/x士/ng，/wd敢于/v直面/v惨/a淡/x的/ude1人生/n，/wd敢于/v正视/v淋漓/z的/ude1鲜血/n。/wj
这/rzv是/vshi怎样/ryv的/ude1哀痛/a者/k和/cc幸福/a者/y？/ww
然而/c造化/n又/d常常/d为/v庸人/n设计/vn，/wd以/p时间/n的/ude1流/v驶/vg，/wd来/vf洗涤/v旧迹/n，/wd仅/d使/v留下/v淡/x红/a的/ude1血色/n和/cc微/ag漠/ng的/ude1悲哀/an。/wj
在/p这/rzv淡/x红/a的/ude1血色/n和/cc微/ag漠/ng的/ude1悲哀/an中/f，/wd又/d给/p人/n暂/d得/ude3偷生/v，/wd维持/v着/uzhe这/rzv似/vg人/n非人/b的/ude1世界/n。/wj
我/rr不/d知道/v这样/rzv的/ude1世界/n何时/ryt是/vshi一个/mq尽头/f！/wt
我们/rr还/d在/p这样/rzv的/ude1世上/s活/v着/uzhe；/wf我/rr也/d早/ad觉得/v有/vyou写/v一点/m东西/n的/ude1必要/a了/y。/wj
离/p三月/t十八日/t也/d已/d有/vyou两/m星期/n，/wd忘却/v的/ude1救/v主/ag快要/d降临/vi了/ule罢/v，/wd我/rr正/d有/vyou写/v一点/m东西/n的/ude1必要/a了/y。/wj
三/m在/p四十/m余/m被害/vi的/ude1青年/n之中/f，/wd刘和珍/nr君/ng是/vshi我/rr的/ude1学生/n。/wj
学生/n云/n者/k，/wd我/rr向/p来/vf这样/rzv想/v，/wd这样/rzv说/v，/wd现在/t却/d觉得/v有些/rz踌躇/vi了/y，/wd我/rr应该/v对/p她/rr奉献/v我/rr的/ude1悲哀/an与/cc尊敬/vn。/wj
她/rr不/d是/vshi“/wyz苟活/v到/p现在/t的/ude1我/rr”/wyy的/ude1学生/n，/wd是/vshi为了/p中国/ns而/cc死/v的/ude1中国/ns的/ude1青年/n。/wj
她/rr的/ude1姓名/n第一/m次/qv为/p我/rr所/usuo见/v，/wd是/vshi在/p去年/t夏/tg初/f杨荫榆/nr女士/n做/v女子/n师范大学/n校长/n，/wd开除/v校/ng中/f六/m个/q学生/n自治/vi会/v职员/n的/ude1时候/n。/wj
〔/wkz5/b〕/wky其中/rz的/ude1一个/mq就/d是/vshi她/rr；/wf但是/c我/rr不/d认识/v。/wj
直到/v后来/t，/wd也许/d已经/d是/vshi刘/nr1百/m昭/ag率领/v男女/n武将/n，/wd强/ad拖/v出/vf校/ng之后/f了/y，/wd才/d有/vyou人/n指/v着/uzhe一个/mq学生/n告诉/v我/rr，/wd说/v：/wm这/rzv就是/v刘和珍/nr。/wj
其时/r我/rr才/d能/v将/p姓名/n和/cc实体/n联合/v起来/vf，/wd心中/s却/d暗自/d诧异/a。/wj
我/rr平素/d想/v，/wd能够/v不/d为/v势利/a所/usuo屈/v，/wd反抗/v一/m广/a有/vyou羽翼/n的/ude1校长/n的/ude1学生/n，/wd无论如何/dl，/wd总/d该/v是/vshi有些/rz桀/nr1骜/x锋利/a的/ude1，/wd但/c她/rr却/d常常/d微笑/vi着/uzhe，/wd态度/n很/d温和/a。/wj
待/vi到/v偏安/v于/p宗/vg帽/ng胡同/n〔/wkz6/vg〕/wky，/wd赁/v屋/n授课/vi之后/f，/wd她/rr才/d始/vg来/vf听/v我/rr的/ude1讲义/n，/wd于是/cc见面/vi的/ude1回/qv数/n就/d较/d多/a了/y，/wd也/d还/d是/vshi始终/d微笑/vi着/uzhe，/wd态度/n很/d温和/a。/wj
待/vi到/v学校/n恢复/v旧观/n〔/wkz7/v〕/wky，/wd往日/t的/ude1教职员/n以为/v责任/n已/d尽/vi，/wd准备/v陆续/d引退/vi的/ude1时候/n，/wd我/rr才/d见/v她/rr虑/vg及/cc母校/n前途/n，/wd黯然/z至于/p泣/vg下/vf。/wj
此后/t似乎/d就/d不/d相/d见/v。/wj
总之/c，/wd在/p我/rr的/ude1记忆/n上/f，/wd那/rzv一/m次/qv就/d是/vshi永别/vi了/y。/wj
四/m我/rr在/p十八日/t早晨/t，/wd才/d知道/v上午/t有/vyou群众/n向/p执政府/ns请愿/vi的/ude1事/n；/wf下午/t便/d得到/v噩耗/n，/wd说/v卫队/n居然/d开枪/vi，/wd死伤/v至/p数百/m人/n，/wd而/cc刘和珍/nr君/ng即/v在/p遇害者/n之/uzhi列/n。/wj
但/c我/rr对于/p这些/rz传说/n，/wd竟/d至于/p颇为/d怀疑/v。/wj
我/rr向/p来/f是/vshi不/d惮/vg以/p最/d坏/a的/ude1恶意/n，/wd来/vf推测/v中国/ns人/n的/ude1，/wd然而/c我/rr还/d不料/d，/wd也/d不/d信/v竟/d会/v下/f劣/ag凶残/a到/v这/rzv地步/n。/wj
况且/c始终/d微笑/vi着/uzhe的/ude1和蔼/a的/ude1刘和珍/nr君/ng，/wd更/d何/ry至于/p无端/d在/p府/ng门前/s喋/x血/n呢/y？/ww
然而/c即日/t证明/v是/vshi事实/n了/y，/wd作证/vi的/ude1便/d是/vshi她/rr自己/rr的/ude1尸骸/n。/wj
还有/v一/m具/q，/wd是/vshi杨德群/nr君/ng的/ude1。/wj
而且/c又/d证明/v着/uzhe这/rzv不但/c是/vshi杀害/v，/wd简直/d是/vshi虐/ag杀/v，/wd因为/c身体/n上/f还有/v棍棒/n的/ude1伤痕/n。/wj
但/c段/q政府/n就/d有/vyou令/v，/wd说/v她们/rr是/vshi“/wyz暴徒/n”/wyy！/wt
但/c接着/c就/d有/vyou流言/n，/wd说/v她们/rr是/vshi受/v人/n利用/v的/ude1。/wj
惨象/n，/wd已/d使/v我/rr目/ng不忍/v视/vg了/y；/wf流言/n，/wd尤/d使/v我/rr耳/n不/d忍/v闻/v。/wj
我/rr还有/v什么/ry话/n可/v说/v呢/y？/ww
我/rr懂得/v衰亡/vn民族/n之所以/c默/vd无声/vi息/ng的/ude1缘由/n了/y。/wj
沉默/a呵/y，/wd沉默/a呵/y！/wt
不/d在/p沉默/an中/f爆发/v，/wd就/d在/p沉默/an中/f灭亡/vi。/wj
五/m但是/c，/wd我/rr还有/v要/v说/v的/ude1话/n。/wj
我/rr没有/d亲/ad见/v；/wf听说/v，/wd她/rr，/wd刘和珍/nr君/ng，/wd那时/rzt是/vshi欣然/d前往/v的/ude1。/wj
自然/n，/wd请愿/vi而已/y，/wd稍/d有/vyou人/n心/n者/k，/wd谁/ry也/d不/d会/v料到/v有/vyou这样/rzv的/ude1罗网/n。/wj
但/c竟/d在/p执政府/ns前/f中弹/vi了/y，/wd从/p背部/n入/v，/wd斜/ad穿/v心/n肺/n，/wd已/d是/vshi致命/vi的/ude1创伤/n，/wd只是/c没有/d便/d死/v。/wj
同/p去/vf的/ude1张静淑/nr〔/wkz8/a〕/wky君/ng想/v扶/v起/vf她/rr，/wd中/f了/ule四/m弹/ng，/wd其一/rz是/vshi手枪/n，/wd立仆/nr2；/wf同/p去/vf的/ude1杨德群/nr君/ng又/d想/v去/vf扶/v起/vf她/rr，/wd也/d被/pbei击/vg，/wd弹/v从/p左/a肩/n入/v，/wd穿/v胸/ng偏/d右/f出/vf，/wd也/d立/v仆/ng。/wj
但/c她/rr还/d能/v坐/v起来/vf，/wd一个/mq兵/n在/p她/rr头部/n及/cc胸部/n猛/x击/ng两/m棍/ng，/wd于是/cc死/v掉/v了/y。/wj