一/m莫高窟/ns门外/s，/wd有/vyou一/m条/q河/n。/wj
过/vf河/n有/vyou一/m片/q空地/n，/wd高/a高低/n低/ad建/v着/uzhe几/m座/q僧人/n圆寂/vi塔/n。/wj
塔/n呈/v圆形/n，/wd状/ng近/a葫芦/n，/wd外敷/v白色/n。/wj
我/rr去/vf时/ng，/wd有/vyou几/m座/q已经/d坍/vi弛/vg，/wd还/d没有/d修复/v。/wj
只见/v塔/b心/n是/vshi一个/mq木桩/n，/wd塔/n身/ng全/d是/vshi黄土/n，/wd垒/v在/p青/a砖/n基座/n上/f。/wj
夕阳西下/vl，/wd朔风/n凛/x列/n，/wd整/v的/ude1塔/n群/ng十分/m凄凉/an。/wj
有/vyou一/m座/q塔/n，/wd显得/v比较/d完整/a，/wd大概/d是/vshi修建/v年代/n比较/d近/a吧/y？/ww
好/a在/p塔/n身/ng有/vyou碑/n，/wd移步/vi一/m读/v，/wd猛/x然/rz一/m惊/v，/wd它/rr的/ude1主人/n，/wd竟然/d就/d是/vshi那个/rz王/nr1圆/n箓/x！/wt
再/d小/a的/ude1个子/n，/wd也/d能/v给/p沙漠/n留下/v长长的/z身影/n。/wj
再/d小/a的/ude1人物/n，/wd也/d能/v让/v历史/n吐/v出/vf重重/z的/ude1叹息/vn。/wj
王/nr1圆/n箓/x既是/v小个子/n，/wd又/d是/vshi小/a人物/n。/wj
我/rr见/v过/uguo他/rr的/ude1照片/n，/wd穿着/v土布/n棉衣/n，/wd目光/n呆滞/an，/wd畏/vg畏缩/vi缩/vi，/wd是/vshi那个/rz时代/n到处/d可以/v见到/v的/ude1一个/mq中国/ns平民/n。/wj
他/rr原/d是/vshi湖北/ns麻城/ns的/ude1农民/n，/wd在/p甘肃/ns当/v过/uguo兵/n，/wd后来/t为了/p谋生/vi做/v了/ule道士/n。/wj
几/m经/p转折/vn，/wd当/v了/ule敦煌/ns莫高窟/ns的/ude1家/n。/wj
莫高窟/ns以/p佛教/nz文化/n为主/vi，/wd怎么/ryv会/v让/v一个/mq道士/n来/vf当家/vi？/ww
中国/ns的/ude1民间/n信仰/vn本来/d就是/v羼/x杂/a互溶/n的/ude1，/wd王/nr1圆/n箓/x几乎/d是/vshi个/q文盲/n，/wd对/p道教/nz并/cc不/d专/d精/a，/wd对/p佛教/nz也/d不/d抵/v拒/vg，/wd却/d会/v主持/v宗教/n仪式/n，/wd又/d会/v化缘/vi募款/v，/wd由/p他/rr来/vf管/v管/v这/rzv一/m片/q冷/a窟/ng荒/ag庙/n，/wd也/d算/v正常/a。/wj
但是/c，/wd世间/n很/d多/ad看/v起来/vf很/d正常/a的/ude1现象/n常常/d掩盖/v着/uzhe一个/mq可怕/a的/ude1黑洞/n。/wj
莫高窟/ns的/ude1惊人/a蕴藏/v，/wd使/v王/nr1圆/n箓/x这个/rz守护/v者/k与/p守护/v对象/n之间/f产生/v了/ule文化/n等级/n上/f的/ude1巨大/a的/ude1落差/n。/wj
这个/rz落差/n，/wd就是/v黑洞/n。/wj
我/rr曾/d读/v到/v潘/nr1絜/x兹/Rg先生/n和/cc其他/rzv敦煌/ns学/v专家/n写/v的/ude1一些/mq书/n，/wd其中/rz记述/v了/ule王/nr1道士/n的/ude1日常/b生活/vn。/wj
他/rr经常/d出去/vf化缘/vi，/wd得到/v一些/mq钱/n后/f，/wd就/d找/v来/vf一些/mq很/d不/d高明/a的/ude1当地/s工匠/n，/wd先/d用/p草/n刷/o蘸/v上/vf石灰/n把/pba精美/a的/ude1古代/t壁画/n刷白/z，/wd再/d抡/v起/vf铁锤/n把/pba塑像/n打/v毁/v，/wd用/p泥巴/n堆/v起/vf的/ude1灵/a官/n之类/rz，/wd因为/c他/rr是/vshi道士/n。/wj
但/c他/rr又/d想/v到/v这里/rzs毕竟/d是/vshi佛教/nz场所/n，/wd于是/cc再/d让/v那些/rz工匠/n用/p石灰/n把/pba下/f寺/ng的/ude1墙壁/n刷白/z，/wd绘/v上/vf唐代/t玄/a奘/ng到/v西天/n取经/vi的/ude1故事/n。/wj
他/rr四处/d打量/v，/wd觉得/v一个个/m洞窟/n太/d憋气/a了/y，/wd便/d要/v工匠/n们/k把/pba它们/rr打通/v，/wd大片/n的/ude1壁画/n很快/d灰飞烟灭/vl成/v了/ule走道/n。/wj
做/v完/vi这些/rz事/n，/wd他/rr又/d去/vf化缘/vi，/wd准备/v继续/v刷/o，/wd继续/v砸/v，/wd继续/v堆/q，/wd继续/v画/n。/wj
这些/rz记述/v的/ude1语气/n都/d很/d平静/a，/wd但/c我/rr每/rz次/qv读/v到/v，/wd脑海/n里/f也/d总/d像/v被/pbei刷/v了/ule石灰/n一般/uyy，/wd一/m片/q惨白/z。/wj
我/rr几乎/d不/d会/v言/vg动/v，/wd眼前/s一直/d晃动/v着/uzhe那些/rz草/n刷/o和/cc铁/n锺/nr1。/wj
“/wyz住/vi手/n！/wt”/wyy
我/rr在/p心底/n呼喊/vn，/wd只见/v王/nr1道士/n转/v过/uguo脸/n来/f，/wd满眼/n困惑/an不解/v。/wj
我/rr甚至/d想/v低声/d下/vf气/n地/ude2恳求/v他/rr：/wm“/wyz请/v等/udeng一/m等/udeng，/wd等/udeng一等/b…/ws…/ws”/wyy
但是/c等/v什么/ry呢/y？/ww
我/rr脑/n中/f依然/d一/m片/q惨白/z。/wj
二一九〇〇年/m五月/t二十六日/t，/wd王/nr1道士/n从/p一个/mq姓/n杨/nr1的/ude1帮工/n那里/rzs得知/v，/wd一/m处/q洞窟/n的/ude1墙壁/n里面/f好像/v是/vshi空/a的/ude1，/wd里边/f可能/v还/d隐藏/v着/uzhe一个/mq洞穴/n。/wj
两/m人/n挖/v开/v一/m看/v，/wd嗬/x，/wd果然/d一个/mq满满/z实/a实/a的/ude1藏经洞/ns！/wt
王/nr1道士/n完全/ad不/d明白/v，/wd此刻/r，/wd他/rr打开/v了/ule一/m扇/q轰动/vn世界/n的/ude1门户/n。/wj
一/m门/q永久性/n的/ude1学问/n，/wd将/d靠/v着/uzhe这个/rz洞穴/n建立/v。/wj
无数/m才华横溢/vl的/ude1学者/n，/wd将/d为/v这个/rz洞穴/n耗尽/v终生/m。/wj
因此/c，/wd从/p这/rzv一/m天/qt开始/v，/wd他/rr的/ude1实际/a地位/n已经/d直/d窜/vi而/cc上/f，/wd比/p世界/n上/f那些/rz著/vi名/ng的/ude1遗迹/n博物馆/n馆长/n还/d高/a。/wj
但是/c，/wd他/rr不/d知道/v，/wd他/rr不/d可能/v知道/v。/wj
他/rr随手/d拿/v了/ule几/m个/q经/p卷/ng到/v知县/n那里/rzs鉴定/v，/wd知县/n又/d拿/v给/p其他/rzv官员/n看/v。/wj
官员/n中/f有些/rz人/n知道/v一点/m轻重/n，/wd建议/v运/v到/v省城/n，/wd却/d又/d心疼/v运费/n，/wd便/d要求/v原地/n封存/vi。/wj
在/p这个/rz过程/n中/f，/wd消息/n已经/d传开/vi，/wd有些/rz经/ng卷/ng已经/d流出/v，/wd引起/v了/ule在/p新疆/ns的/ude1一些/mq外国/n人士/n的/ude1注意/vn。/wj
当时/t，/wd英国/ns、/wn德国/nsf、/wn法国/nsf、/wn俄国/ns等/udeng列强/n，/wd正/d在/p中国/ns的/ude1西北/s地区/n进行/vx着/uzhe一/m场/qv考古/vn探险/vn的/ude1大/a拼搏/vn。/wj
这个/rz态势/n，/wd与/p它们/rr瓜分/v整个/b中国/ns的/ude1企图/vn紧紧/d相连/vi。/wj
因此/c，/wd我们/rr应该/v稍稍/d离开/v莫高窟/ns一会儿/mq，/wd看/v一/m看/v全局/n。/wj
就/d在/p王/nr1道士/n发现/v藏经洞/ns的/ude1几/m天/qt之前/f，/wd在/p北京/ns，/wd英/b、/wn德/b、/wn法/n、/wn俄/b、/wn美/b等/udeng外交/n使团/n又/d一/m次/qv集体/n向/p清政府/n递交/v照会/n，/wd要求/v严惩/v义和团/nz。/wj
恰恰/d在/p王/nr1道士/n发现/v藏经洞/ns的/ude1当天/t，/wd列强/n决定/v联合/vd出兵/v。/wj
这/rzv就/d是/vshi后来/t攻陷/v北京/ns，/wd迫使/vi朝廷/n外逃/vi，/wd最终/d又/d迫使/vi中国/ns赔偿/v四亿五千/m万/m两/m白银/n，/wd也/d就/d是/vshi每个/r中国/ns人/n都/d要/v赔偿/v一两/m白银/n的/ude1“/wyz八国联军/n”/wyy。/wj
时间/n，/wd怎么/ryv会/v这么/rz巧/a呢/y？/ww
好像/v是/vshi，/wd北京/ns东交民巷/ns的/ude1外国/n使馆/n里/f一/m作出/v进攻/v中国/ns的/ude1决定/n，/wd立即/d刺/v痛/a了/ule一个/mq庞大/a机体/n的/ude1神经/n系统/n，/wd西北/s沙漠/n中/f一个/mq洞穴/n的/ude1门/n刹时/t打开/v了/y。/wj
更/d巧/a的/ude1是/vshi，/wd仅仅/d在/p几/m个/q月/n前/f，/wd甲骨文/n也/d被/pbei发现/v了/y。/wj
我/rr想/v，/wd藏经洞/ns与/cc甲骨文/n一样/uyy，/wd最/d能/v体现/v了/ule一个/mq民族/n的/ude1文化/n自信/an，/wd因此/c必须/d猛/x然/rz出现/v在/p这个/rz民族/n几乎/d完全/ad失去/v自信/a的/ude1时刻/n。/wj
即使/c是/vshi巧合/vi，/wd也/d是/vshi一/m种/q伟大/a的/ude1巧合/vn。/wj
遗憾/a的/ude1是/vshi，/wd中国/ns学者/n不/d能/v像/v解读/v甲骨文/n一样/uyy解读/v藏经洞/ns了/y，/wd因为/p那里/rzs的/ude1经/p卷/ng的/ude1所有权/n，/wd已经/d被/pbei悄悄/d地/ude2转移/v。/wj
三/m产生/v这个/rz结果/n，/wd是/vshi因为/p莫高窟/ns里/f三/m个/q男人/n的/ude1见面/vi。/wj
第一/m个/q就/d是/vshi主人/n王/nr1圆/n箓/x，/wd不/d多/ad说/v了/y。/wj
第二/m个/q是/vshi匈牙利人/nz斯坦/nrf因/c，/wd刚/d加入/v英国/ns籍/ng不久/m，/wd此刻/r受/v印度/nsf政府/n和/cc大/a英/b博物馆/n指派/v，/wd到/v中国/ns的/ude1西北/s地区/n考古/vn。/wj
他/rr博学/a、/wn刻苦/a、/wn机敏/a、/wn能/v干/v，/wd在/p考古/vn专业/n水准/n上/f堪称/v世界/n一流/b，/wd却/d又/d具有/v一/m个/q殖民主义者/n的/ude1文化/n傲慢/an。/wj