、/wn五月/t是/vshi一个/mq都市/n的/ude1夜/tg，/wd一个/mq殖民地/n的/ude1夜/tg，/wd一个/mq五月/t的/ude1夜/tg。/wj
恬静/a的/ude1微风/n，/wd从/p海上/s吹/v来/vf，/wd踏/v过/uguo荡/v荡/v的/ude1水面/n；/wf在/p江边/nr的/ude1大厦/n上/f，/wd飘拂/vi着/uzhe那些/rz旗帜/n：/wm那些/rz三/m色/q旗/n，/wd那些/rz星条旗/n，/wd那些/rz太阳/n旗/n，/wd还有/v那些/rz大/a英/b帝国/n的/ude1旗帜/n。/wj
这些/rz风/n，/wd这些/rz淡/x淡/x的/ude1含/v着/uzhe咸/a性/ng的/ude1风/n，/wd也/d飘拂/vi在/p那些/rz酒/n醉/v的/ude1异国/n水手/n的/ude1大/a裤脚/n上/f，/wd他们/rr正/d从/p酒吧间/n、/wn舞厅/n里/f出来/vf，/wd在/p静/a的/ude1柏油路/n上/f蹒跚/vi着/uzhe大/a步/qv，/wd倘/c徉/x归去/v。/wj
这些/rz风/n，/wd这些/rz醉/v人/n的/ude1微风/n，/wd也/d飘拂/vi在/p一些/mq为/p香脂/n涂/v满/v了/ule的/ude1颊/ng上/f，/wd那个/rz献媚/v的/ude1娇/a脸/n，/wd还/d鼓/v起/vf那/rzv轻/a扬/vg的/ude1、/wn然而/c也/d倦/a了/ule的/ude1舞/n裙/ng。/wj
这些/rz风/n，/wd静静的/z柔/a风/n，/wd爬/v过/vf了/ule一些/mq花园/n，/wd飘拂/vi着/uzhe新/a绿/a的/ude1树丛/n，/wd飘拂/vi着/uzhe五月/t的/ude1花朵/n，/wd又/d爬/v过/vf了/ule凉台/n，/wd蹿/vi到/v一些/mq淫猥/a的/ude1闺房/n里/f。/wj
一些/mq脂粉/n的/ude1香/a，/wd香水/n的/ude1香/a，/wd肉/n的/ude1香/a。/wj
好/a些/q科长/n，/wd部长/n，/wd委员/n，/wd好/a些/q官/n们/k，/wd好些/m银行家/n，/wd轮船/n公司/n的/ude1总/b办/v，/wd纱厂/n的/ude1、/wn丝厂/n的/ude1、/wn其他/rzv的/ude1一些/mq厂主/n们/k，/wd以及/cc一些/mq鸦片/n吗啡/n的/ude1贩卖者/n，/wd所有/b白色/n的/ude1、/wn黄色/n的/ude1资本家/n和/cc买办/n们/k，/wd老板/n和/cc公子/n们/k都/d在/p这里/rzs袒露/v了/ule他们/rr的/ude1丑态/n，/wd红色/n的/ude1酒杯/n，/wd持/v在/p善于/v运用/v算盘/n的/ude1手上/s。/wj
成天/d劳/v瘁/vg于/p策划/v剥削/vn和/cc压迫/vn的/ude1脑子/n，/wd又/d充满/v了/ule色情/n，/wd而/cc倒/vi在/p滑腻/a的/ude1胸脯/n上/vf了/y。/wj
这些/rz风/n，/wd也/d吹/v着/uzhe码头/n上/f的/ude1苦力/n，/wd那些/rz在/p黄色/n的/ude1电灯/n下/f，/wd掮/x着/vi、/wn推/v着/uzhe粮食/n袋/ng，/wd煤炭/n车/n，/wd在/p跳板/n上/f，/wd在/p鹅/n石/ng路上/s，/wd从/p船上/s到/v堆栈/n，/wd从/p堆栈/n到/v船上/s，/wd一/m趟/qv，/wd两/m趟/qv，/wd三十/m趟/qv，/wd四十/m趟/qv，/wd无/v休止/vi地/ude2走/v着/uzhe，/wd手脚/n麻/n了/y，/wd软/a了/y，/wd风/n吹/v着/uzhe他们/rr的/ude1破/a衫/ng，/wd吹/v着/uzhe滴/v下/f的/ude1汗/n点/qt，/wd然而/c，/wd他们/rr不/d觉得/v。/wj
这些/rz风/n也/d吹/v着/uzhe从/p四面八方/nl，/wd从/p湖北/ns、/wn安徽/ns，/wd从/p陕西/ns、/wn河南/ns，/wd从/p大/a水/n里/f逃/v来/vf的/ude1农民/n们/k，/wd风/n打/v着/uzhe他们/rr饥饿/n的/ude1肚子/n，/wd和/cc呜咽/vi着/uzhe妻/ng儿/ng们/k的/ude1啼/vi声/ng。/wj
还有/v那些/rz被/pbei炮火/n毁/v去/vf家室/n的/ude1难民/n，/wd那些/rz因/p日本/nsf兵/n打/v来/vf，/wd在/p战区/n里/f失去/v了/ule归宿/n的/ude1一些/mq贫民/n，/wd也/d麇/x集/ng在/p一/m处/q，/wd在/p夜/tg的/ude1凉风/n里/f打/v抖/vi，/wd虽说/c这/rzv已经/d是/vshi倦/a人/n的/ude1五月/t的/ude1风/n。/wj
这些/rz风/n，/wd轻轻/z地/ude2也/d吹散/n着/uzhe几/m十/m处/q、/wn几/m百/m处/q从/p烟筒/n里/f喷/v出/vf的/ude1滚滚/z的/ude1浓烟/n，/wd这些/rz污/ng损/vg了/ule皎/ng皎/ng的/ude1星空/n的/ude1浓烟/n。/wj
风/n带/v着/uzhe煤烟/n的/ude1气味/n，/wd也/d走/v到/v那些/rz震/ng耳/n的/ude1机器/n轧/o响/a的/ude1厂房/n里/f，/wd整/m千/m整/m万/m的/ude1劳力/n在/p这里/rzs消耗/v着/uzhe，/wd血/n和/p着/uzhe汗/n，/wd精神/n和/p着/uzhe肉体/n，/wd呻吟/vi和/p着/uzhe绝/d叫/vi，/wd愤怒/an和/cc着/vi忍耐/v，/wd风/n和/p着/uzhe臭气/n，/wd和/p着/uzhe煤烟/n在/p这/rzv挤/v紧/a的/ude1人群/n中/f，/wd便/d停/vi住/vi了/y。/wj
在/p另外/rz的/ude1一些/mq地方/n，/wd一些/mq地下室/n里/f，/wd风/n走/v不/d到/v这里/rzs来/f，/wd弥漫/v着/uzhe使/v人/n作呕/v的/ude1油墨/n气/n。/wj
蓝布/n的/ude1工人/n衣/ng，/wd全/d染/v污/ag成/v黑色/n。/wj
在/p微弱/a的/ude1灯光/n底下/f，/wd熟练/a的/ude1从/p许多/m地方/n，/wd捡/v着/uzhe那些/rz铅字/n，/wd挤/v到/v一块/s地方/n去/vf。/wj
全世界/n的/ude1消息/n都/d在/p这里/rzs跳跃/v着/uzhe，/wd这些/rz五月/t里/f的/ude1消息/n，/wd这些/rz惊人/a的/ude1消息/n呀/y！/wt
这里/rzs用/v大号/b字/n排/v着/uzhe的/ude1有/vyou：/wm东北/s义勇军/n的/ude1发展/vn：/wm这些/rz义勇军/n都/d是/vshi真正/d从/p民众/n里面/f，/wd由/p工人/n们/k、/wn农民/n们/k组织/v成/v的/ude1。/wj
他们/rr为/p打倒/v帝国主义/n，/wd为/p反对/v政府/n的/ude1不/d抵抗/v，/wd为/p争取/v民族/n的/ude1解放/vn，/wd和/cc劳苦/a大众/n的/ude1利益/n而/cc组织/n在/p一块/s，/wd用/p革命/vn战争/n回答/v着/uzhe帝国主义/n的/ude1侵略/vn。/wj
他们/rr一/m天/qt天/qt的/ude1加/b多/a，/wd四/m方/q崛起/vn。/wj
不仅/c在/p东北/s，/wd这些/rz义勇军/n，/wd这些/rz民众/n的/ude1军队/n，/wd在/p许多/m地方/n都/d出现/v了/y。/wj
而/cc在/p好/a些/q地方/n，/wd那些/rz终年/n穿着/n破/v乱/a的/ude1军服/n的/ude1兵士/n，/wd不准/v打/v帝国主义/n，/wd只/d用/v来/vf做/v军阀/n混/x战/ng的/ude1炮灰/n的/ude1兵士/n，/wd都/d从/p愤怒/a里/f站/vi起来/vf，/wd掉转/v了/ule枪口/n，/wd打/v死/v了/ule长官/n，/wd成千/m的/ude1反叛/vn了/y。/wj
这里/rzs也/d排/v着/uzhe有/vyou杀人/vi的/ude1消息/n：/wm南京/ns枪毙/v了/ule二十五/m个/q，/wd湖南/ns抓/v去/vf了/ule一百/m多/m，/wd杀/v了/ule一些/mq，/wd丢/v在/p牢/ng里/f一些/mq。/wj
河北/ns有/vyou示威/vn，/wd抓/v去/vf了/ule一些/mq人/n，/wd杀/v了/y，/wd丢/v在/p牢/ng里/f了/y。/wj
广州/ns有/vyou同样/b的/ude1消息/n，/wd湖北/ns安徽/ns也/d同样/d，/wd上海/ns每天/r都/d戒严/vi，/wd马路/n上/f布防/vi着/uzhe武装/n的/ude1警察/n，/wd外国/n巡捕/n，/wd和/cc便衣/n包探/n，/wd四处/d街口/s都/d有/vyou搜查/vn的/ude1，/wd女人/n们/k走/v过/uguo，/wd只/d穿/v着/uzhe夹/v袍/ng的/ude1，/wd也/d要/v被/pbei摸/v遍/qv全身/n。/wj
然而/c传单/n还是/c发出/v了/y，/wd示威/vi的/ude1事/n还/d是/vshi常常/d遇到/v，/wd于是/cc又/d抓/v人/n，/wd杀/v了/ule些/q，/wd也/d丢/v在/p牢/ng里/f一些/mq。/wj
这里/rzs还/d排/v着/uzhe各/rz省/n会/v和/cc乡村/n的/ude1消息/n：/wm几/m十/m万/m、/wn几/m百/m万/m的/ude1被/pbei水/n毁/v了/ule一切/rz的/ude1灾民/n，/wd流/v离/v四方/n，/wd饿/v着/uzhe、/wn冻/v着/uzhe，/wd用/p农民/n特有/b的/ude1强硬/a的/ude1肌肉/n和/cc忍耐/v，/wd挨/v过/vf了/ule冬天/t，/wd然而/c还/d是/vshi无/v希望/v。/wj
又/d聚/v在/p一块/s，/wd要求/v赈/x谷/ng，/wd那些/rz早就/d募集/v了/ule而/cc没有/d发/v下/f的/ude1；/wf要求/n工作/vn，/wd无论/c什么/ry苦工/n都/d可以/v做/v，/wd他们/rr不/d愿意/v摊/n着/uzhe四肢/n不/d劳动/vi。/wj
然而/c要求/v没有/v人/n理/n，/wd反而/d派/v来/vf了/ule弹压/v的/ude1队伍/n，/wd于是/cc他们/rr也/d蜂起/vi了/y。/wj
还有/v那些/rz在/p厂/n里/f的/ude1工人/n，/wd在/p矿区/n里/f的/ude1工人/n，/wd为了/p过/d苛/x的/ude1待遇/n，/wd打/v了/ule工头/n，/wd也/d罢工/vi了/y。/wj
还有/v的/ude1消息/n，/wd安慰/v着/uzhe一切/rz有产者/n的/ude1，/wd是/vshi“/wyz剿匪/vn总司令/n”/wyy已经/d又/d到/v了/ule南昌/ns，/wd好多/m新式/a的/ude1飞机/n、/wn新式/a的/ude1大炮/n和/cc机关枪/n，/wd也/d跟着/v运/v去/vf了/y，/wd因为/p那里/rzs好/a些/q地方/n的/ude1农民/n、/wn灾民/n，/wd都/d和/cc“/wyz共/d匪/dg”/wyy打/v成/v了/ule一/m片/q，/wd造成/v一/m种/q非常/d大/a的/ude1对/p统治者/n的/ude1威胁/vn，/wd所以/c第四/m次/qv的/ude1“/wyz围剿/v”/wyy又/d成为/v很/d迫切/a的/ude1事/n了/y。/wj