一/m那天/r，/wd成吉思汗/nrf要/v在/p克鲁/nsf伦/ng河畔/n的/ude1宫/ng帐/ng里/f召见/v一个/mq人/n。/wj
这个/rz人/n住/vi在/p北京/ns，/wd赶到/v这里/rzs要/v整整/d三/m个/q月/n。/wj
出/vf居庸关/ns，/wd经/p大同/ns，/wd转/v武/ag川/ng，/wd越/d阴山/ns，/wd穿/v沙漠/n，/wd从/p春天/t一直/d走/v到/p夏天/t。/wj
抬头/vi一/m看/v，/wd山川/n壮丽/an，/wd军容/n整齐/a，/wd叹/v一/m声/qv“/wyz千/m古/tg之/uzhi盛/ng，/wd未尝/d有/vyou也/d”/wyy，/wd便/d知道/v到/v了/ule目的地/n。/wj
成吉思汗/nrf统一/v蒙古/ns已经/d十二年/m。/wj
这/rzv十二年/m，/wd一直/d在/p打仗/vi，/wd主要/d是/vshi与/p西夏/t和/cc金/b朝/b作战/vn。/wj
三年/m前/f在/p与/p金/b朝/b的/ude1战争/n中/f取得/v巨大/a胜利/vn，/wd不仅/c攻占/v了/ule金/b朝/b的/ude1中/f都/d（/wkz即/v北京/ns）/wky，/wd还/d分/v兵/n占领/v了/ule大/a小/a城/n邑/ng八百/m多/m个/q。/wj
中/f都/d的/ude1一/m批/q金/b朝/b官员/n，/wd投降/v了/ule蒙古/ns军/n。/wj
金朝/nr2是/vshi女真/nz族/ng建立/v的/ude1王朝/n，/wd为/v的/ude1是/vshi要/v反抗/v和/cc推翻/v他们/rr头/n上/f的/ude1统治者/n——/wp契丹/ns人/n的/ude1辽/tg朝/tg。/wj
金/tg朝/tg后来/t确实/ad打败/v了/ule辽/tg朝/tg，/wd却/d没有/d想到/v蒙古人/nz后来居上/vl，/wd又/d把/pba它/rr打败/v了/y。/wj
长/a年/qt的/ude1征战/vn，/wd复杂/a的/ude1外交/n，/wd庞大/a的/ude1朝廷/n，/wd使/v成吉思汗/nrf的/ude1摊子/n越/d铺/v越/d大/a。/wj
每天/r都/d有/vyou内/f内外/f外/f的/ude1大量/m问题/n要/v面对/v，/wd成/v吉/ag思/v汗/n急于/vd寻找/v有/vyou智慧/n、/wn有/vyou学问/n的/ude1助手/n。/wj
他/rr原先/d手下/s的/ude1官员/n，/wd几乎/d都/d是/vshi没有/v文化/n的/ude1莽/ag将/d。/wj
连/ulian他/rr自己/rr，/wd也/d没有/v多少/ry文化/n。/wj
他/rr到处/d打听/v，/wd得知/v四年/m前/f攻占/v金/tg朝/tg中/f都/d时/ng，/wd有/vyou一/m位/q投降/v过来/vf的/ude1金/b朝/b官员/n很/d智慧/n，/wd名字/n叫/vi耶/y律/vg楚/tg材/ng。/wj
这个/rz名字/n使/v成吉思汗/nrf立即/d作出/v判断/v，/wd此/rzs人/n应该/v是/vshi契丹/ns族/ng，/wd辽/tg朝/tg的/ude1后裔/n。/wj
耶/b律/vg家族/n是/vshi辽/b朝/b显赫/a的/ude1王族/n，/wd后来/t由于/p金/tg朝/tg灭/v辽/tg，/wd也/d就/d一/m起/q“/wyz归顺/v”/wyy了/ule金/b朝/b。/wj
这/rzv应该/v是/vshi耶/b律/vg楚/tg材/ng祖父/n一/m辈/q的/ude1事/n，/wd到/v耶/y律/vg楚/tg材/ng父亲/n一/m辈/q，/wd已经/d成/v了/ule金/b朝/b的/ude1高官/n了/y。/wj
但/c成吉思汗/nrf知道/v，/wd这个/rz家族/n在/p内心/n对/p金朝/nr还是/d不/d服/v的/ude1，/wd企盼/v着/uzhe哪/ry一/m天/qt能够/v报仇/vi复/vg国/n。/wj
早/ad在/p蒙古/ns统一/v之前/f，/wd当时/t还/d没有/d成为/v成吉思汗/nrf的/ude1铁木真/nrf曾经/d遇见/v过/uguo作为/v金/b朝/b使节/n派/v到/v蒙古/ns部落/n来/u的/ude1耶/y律/vg阿/b海/n，/wd两/m人/n暗中/d结交/v，/wd还/d立/v下/vf过/uguo共同/d灭/v金/b的/ude1志愿/n。/wj
想/v到/v这里/rzs成/v吉思汗/nrf笑/v了/y，/wd心想/v这/rzv真/d是/vshi一个/mq奇怪/a的/ude1家族/n，/wd被/pbei金/b所/usuo灭/v而/cc降/v金/ng，/wd金/ng被/pbei蒙军/nr打败/v后/f又/d降/v蒙/vi，/wd如此/rzv两/m度/qv投降/v，/wd是/vshi不/d是/vshi真/a的/ude1始终/d保持/v着/uzhe复兴/vi契丹/ns之/uzhi梦/n呢/y？/ww
好/a在/p，/wd今天/t可以/v找到/v一个/mq共同/b的/ude1话题/n，/wd那/rzv就/d是/vshi分别/d从/p契丹/ns和/cc蒙古/ns的/ude1立场/n，/wd一/m前/f一/m后/f一起/d笑骂/v曾经/d那么/rz得意/a的/ude1金/tg朝/tg。/wj
随着/p一/m声/qv通报/v，/wd成吉思汗/nrf抬/v起/vf头/n来/f，/wd眼睛/n一/m亮/vi。/wj
出现/v在/p眼前/s的/ude1人/n，/wd二十七/m、/wn八/m岁/qt光景/n，/wd高个子/n，/wd风度翩翩/vl，/wd声音/n宏亮/a，/wd还/d留/v着/uzhe很/d漂亮/a的/ude1长/a胡子/n，/wd非常/d恭敬/a地/ude2向/p自己/rr行礼/vi。/wj
成吉思汗/nrf高兴/a地/ude2叫/vi了/ule一/m声/qv：/wm“/wyz吾图撒/nrf合/v里/f！/wt”/wyy
这/rzv是/vshi蒙古/ns语/ng，/wd意思/n是/vshi长/a胡子/n。/wj
这/rzv一/m叫/vi，/wd就/d成/v了/ule今后/t成/v吉思汗/nrf对/p耶/b律/vg楚/tg材/ng的/ude1习惯/n称呼/n。/wj
寒暄/v了/ule几/m句/q，/wd成吉思汗/nrf便/d说/v：/wm“/wyz你们/rr家族/n是/vshi辽/b朝/b的/ude1皇族/n。/wj
尽管/c你/rr做/v过/uguo金/b朝/b的/ude1官/n，/wd但/c我/rr知道/v辽/b和/cc金/b是/vshi世仇/n。/wj
你们/rr的/ude1仇/n，/wd我/rr替/p你们/rr报/v了/y！/wt”/wyy
这/rzv话/n说/v得/ude3很/d有/vyou大丈夫/n气概/n。/wj
接/v下来/vf，/wd理应/v是/vshi耶/b律/vg楚/tg材/ng代表/n自己/rr的/ude1世代/n家族/n向/p成/v吉/ag思/v汗/n谢恩/vi。/wj
但是/c，/wd耶/y律/vg楚/tg材/ng的/ude1回答/vn让/v成吉思汗/nrf大吃一惊/vl。/wj
他/rr说/v：/wm“/wyz我/rr的/ude1祖父/n、/wn父亲/n早就/d在/p金/tg朝/tg任职/v为/v臣/ng了/y，/wd既然/c做/v了/ule臣子/n，/wd怎么/ryv可以/v暗/ad怀/v二/m心/n，/wd仇视/v金/b朝/b君主/n呢/y？/ww”/wyy
这/rzv话/n听/v起来/vf好像/v在/p反驳/v成/v吉思汗/nrf，/wd而且/c公然/d表明/v了/ule对/p成吉思汗/nrf的/ude1敌人/n金/b朝/b君主/n的/ude1正面/b态度/n，/wd说/v出来/vf实在/d是/vshi非常/d冒险/vi。/wj
但是/c，/wd成吉思汗/nrf毕竟/d是/vshi成吉思汗/nrf，/wd他/rr竟然/d立即/d感动/v了/y。/wj
一/m个/q人/n，/wd对于/p自己/rr服从/v过/uguo的/ude1主人/n和/cc参与/v过/uguo的/ude1事业/n，/wd能/v一直/d表示/v尊敬/v，/wd这/rzv已经/d很/d不/d容易/a；/wf更/d不/d容易/a的/ude1是/vshi，/wd在/p表示/v尊敬/v的/ude1时候/n，/wd完全/ad不/d考虑/v被/pbei尊敬/v对象/n的/ude1现实/n境况/n，/wd也/d不/d考虑/v说话/vi时/ng面对/v着/uzhe谁/ry。/wj
这样/rzv的/ude1人/n，/wd成吉思汗/nrf从来/d没有/d见/v过/uguo。/wj
成吉思汗/nrf看/v着/uzhe耶/b律/vg楚/tg材/ng点/v了/ule点/qt头/n，/wd当即/d向/p左右/m表示/v：/wm这个/rz人/n的/ude1话/n要/v重视/v，/wd今后/t把/pba他/rr安排/v在/p我/rr身边/s，/wd随时/d以/p备/v咨询/vn。/wj
这/rzv在/p后来/t的/ude1《/wkz中/b书/n令/v耶/y律/vg公/ng神道碑/n》/wky上/f记/v为/v：/wm“/wyz上/f雅/dg重/a其/rz言/ng，/wd处/n之/uzhi左右/m，/wd以/p备/v咨/x访/v。/wj”/wyy
二/m这/rzv是/vshi公元/n1218年/m的/ude1事情/n。/wj
就/d在/p这个/rz时候/n，/wd一个/mq很/d偶然/a的/ude1事件/n改变/v了/ule成吉思汗/nrf的/ude1军事/n方向/n，/wd也/d改变/v了/ule世界/n的/ude1命运/n。/wj
天下/n最/d大/a的/ude1烈火/n，/wd总/d是/vshi由/p最/d小/a的/ude1草/n梗/ng点燃/v。/wj
据/p记载/v，/wd那/rzv年成/n吉/ag思/v汗/n派出/v一/m个/q四百五十/m人/n的/ude1商队/n到/v中亚/ns大/a国花/n剌/v子/ng模/ng进行/vx贸易/vn。/wj
不料/d刚刚/d走/v到/p今天/t哈萨克斯坦/nsf锡/n尔/Rg河边/s的/ude1一/m座/q城市/n，/wd就/d出/vf事/n了/y。/wj
商队/n里/f有/vyou一个/mq印度/nsf人/n是/vshi这/rzv座/q城市/n一/m位/q长官/n的/ude1老/a熟人/n，/wd两/m人/n一/m见面/vi他/rr就/d直/d呼/v其/rz名/ng，/wd没有/d表示/v应有/v的/ude1尊敬/vn，/wd而且/c还/d当场/d夸耀/v成/v吉思汗/nrf的/ude1伟大/a。/wj
那个/rz长官/n很/d生气/a，/wd下令/v拘捕/v商队/n，/wd并/cc报告/n了/ule国王/n摩/b诃/ng末/f。/wj
国王/n本来/d就/d对/p成吉思汗/nrf送/v来/vf的/ude1国书/n中/f以/p父子/n关系/n形容/v两/m国/n关系/n十分/m不满/an，/wd竟/d下令/v杀死/v所有/b商人/n、/wn没收/v全部/m财产/n。/wj
成吉思汗/nrf从/p一个/mq逃/v出来/vf的/ude1骆驼/n夫/ng口中/s知道/v了/ule事情/n始末/n，/wd便/d强/a忍/v怒火/n，/wd派出/v使者/n质问/v事件/n真相/n。/wj
结果/n，/wd使者/n被/pbei杀/v。/wj
成/v吉/ag思/v汗/n泪流满面/al，/wd独自/d登/v上/vf一个/mq山头/n，/wd脱/v去/vf冠冕/n，/wd跪/v在/p地上/s绝食/vi祈祷/v了/ule整整/d三/m天/qt三/m夜/qt。/wj
他/rr喃喃/o地/ude2说/v：/wm“/wyz战乱/n不/d是/vshi我/rr挑起/v的/ude1，/wd请/v佑助/v我/rr，/wd赐/v我/rr复仇/vi的/ude1力量/n！/wt”/wyy