台/q大/a的/ude1醉/vn月/n湖/n记载/v着/uzhe一个/mq故事/n，/wd关于/p一/m名/q困/a情/n女子/n投/v水/n的/ude1传说/n。/wj
我/rr想/v，/wd深情/d即/d是/vshi一/m桩/q悲剧/n必/d得/v以/p死/v来/vf句读/n。/wj
而/cc这种/r死/v也/d是/vshi最/d纯洁/a的/ude1。/wj
我/rr是/vshi名/q弱者/n，/wd欣赏/v了/ule悲剧/n也/d扮演/v过/uguo悲剧/n，/wd却/d在/p最后/f一/m幕/q潜逃/vi，/wd人/n是/vshi活/v着/uzhe，/wd热情/an已/d死/v。/wj
因此/c我/rr写/v下/vf水/n问/v。/wj
纪念/v那/rzv位/q女子/n并/cc追悼/vn自己/rr。/wj
那年/t的/ude1杜鹃/n已/d化/v做/v次/qv年/n的/ude1春/tg泥/n，/wd为何/ryv，/wd为何/ryv你/rr的/ude1湖水/n碧绿/z依然/z如今/t？/ww
那年/t的/ude1人事/n已/d散/v成/v凡间/s的/ude1风尘/n，/wd为何/ryv，/wd为何/ryv你/rr的/ude1春/tg闺/x依旧/d年年/d年轻/a？/ww
是/vshi不/d是/vshi柳/nr1烟/n太/d浓密/a，/wd你/rr寻/v不/d着/uzhe春日/t的/ude1门/n扉/x？/ww
是/vshi不/d是/vshi栏杆/n太/d纵横/v，/wd你/rr潜/vg不/d出/vf涕泣/v的/ude1沼泽/n？/ww
是/vshi不/d是/vshi湖/n中/f无/v堤/n无/v桥/n，/wd你/rr泅/v不到/v芳香/n的/ude1草/n岸/n？/ww
传说/n太/d多/a，/wd也/d太/d粗糙/a：/wm说/v你/rr只不过/d是/vshi曾经/d花城/ns的/ude1孤单/a女子/n，/wd因/c不/d慎/ag而/cc溺/vg于/p爱/v的/ude1歧/ag流/ng断/v脉/ng之中/f，/wd说/v你/rr的/ude1失足/vn只/d是/vshi一/m种/q意外/a。/wj
说/v有/vyou人/n见/v你/rr午夜/t低/a徊/vg于/p水/n陆/m的/ude1边缘/n，/wd羞怯/a的/ude1向/p陌生/a的/ude1行人/n诉说/v你/rr破碎/v的/ude1心肠/n，/wd说/v你/rr千里迢迢/dl要/v来/vf赴/v那/rzv人/n的/ude1盟约/n，/wd然而/c千里迢迢/dl怎/ryv是/vshi你/rr所/usuo能/v跋涉/vi？/ww
日夜/n的/ude1次序/n又/d怎/ryv能/v容/v你/rr轻易/d嵌入/v？/ww
你/rr已/d不/d属于/v时间/n空间/n，/wd你/rr因而/c被/pbei镇/n于/p湖心/n水/n湄/x，/wd再/d不/d敢/v向/p人间/n，/wd向/p你/rr钟爱/v的/ude1人间/n殷殷/z探询/v。/wj
你/rr于是/cc成/v了/ule一/m只/q冷/a僵/a了/ule的/ude1蝴蝶/n标本/n，/wd在/p图鉴/n上/f注明/v因/p求偶/v不成/v而/cc自/p戕/x，/wd被/pbei传阅/v于/p唇/ng齿/n残/vg香/a的/ude1茶余饭后/bl。/wj
要/v问/v你/rr:/x天空/n这么/rz温柔/a的/ude1包容/v着/uzhe大地/n，/wd为何/ryv你/rr不/d送/v走/v今日/t且/c待/p明日/t？/ww
大地/n这么/rz宽厚/a的/ude1载/v育/vg着/uzhe万物/n，/wd为何/ryv你/rr不/d掏/v穴/ng别/d居/v另/rz成/v家室/n？/ww
人间/n婚姻/n的/ude1手续/n这么/rz简单/a，/wd为何/ryv你/rr独独/d择/v水/n为/p你/rr最后/f的/ude1归宿/n？/ww
是/vshi不/d是/vshi你/rr信念/n着/uzhe，/wd有/vyou一/m种/q无缘/vi由/p而/cc起/vf的/ude1宇宙/n最初/d要/v持续/vd到/v无缘/vi由/p而/cc去/vf的/ude1宇宙/n最后/f的/ude1一/m种/q约/d誓/vg，/wd让/v你/rr飘零/vi过/uguo千/m万/m年/qt的/ude1混/x沌/x，/wd于此生/nr此/rzs身/ng为/p人/n，/wd要/v在/p人间/n相/d寻/v相/d觅/vg？/ww
你/rr是/vshi离/v群/ng的/ude1雁/n，/wd甘愿/v于/p人间/n的/ude1尘/ng网/n，/wd折/vi翅/ng敛/vg羽/ng，/wd要/v寻/v百年/m前/f流散/v于/p洪流/n乱/a烟/n中/f的/ude1另/rz一/m只/q孤雁/n？/ww
你/rr走/v过/uguo多少/ry个/q春去秋来/vl，/wd多少/ry丈/q人间/n红尘/n，/wd你/rr来/vf到/v那/rzv人/n面前/f，/wd虽然/c人间/n铸/v他/rr以/p泥/n沤/v，/wd你/rr依旧/z认出/v那/rzv疲惫/a的/ude1面容/n正/d是/vshi你/rr的/ude1魂/n梦/n所/usuo系/v，/wd那/rzv沙哑/a的/ude1嗓音/n正/d是/vshi你/rr所/usuo盼望/v的/ude1清脆/a。/wj
你/rr从/p他/rr的/ude1眼眸/n看/v出/vf你/rr最/d原始/a的/ude1身影/n，/wd你/rr知道/v，/wd那/rzv是/vshi你们/rr唯一/b的/ude1辨认/vn。/wj
人间/n的/ude1鹊桥/n，/wd虽/c不如/v天庭/n的/ude1绚丽/a，/wd而/cc你们/rr愿意/v一/m砖/n一/m瓦/q的/ude1建筑/n。/wj
人间/n的/ude1气候/n，/wd虽/c不如/v天庭/n的/ude1清朗/a，/wd而/cc你们/rr羽翼/n同/p飞/vi要/v共/vg地/n坼/x天/n裂/v的/ude1风暴/n。/wj
人间/n的/ude1箪/x食/ng瓢/n饮/v，/wd虽/c不如/v天庭/n的/ude1琼浆/n玉/n液/ng，/wd而/cc你们/rr饭/n蔬/ng食/ng饮/v甘之如饴/vl。/wj
生命/n的/ude1意义/n原本/d就/d模/ng糊/a不/d清/a，/wd在/p纷/ag杂/a的/ude1爱/vn之/uzhi向/p度/qv中/f，/wd你们/rr愿意/v凸显/v爱情/n为/p你们/rr心中/s的/ude1殿堂/n。/wj
以/p千年/m的/ude1姻缘/n，/wd作/v最/d坚固/a的/ude1奠基/vn，/wd以/p信任/vn与/cc尊敬/vn，/wd作/v不朽/z的/ude1钢架/n，/wd深挚/a的/ude1痴/a爱/vn，/wd是/vshi你们/rr的/ude1铜墙铁壁/nl。/wj
不/d渝/b的/ude1贞操/n，/wd是/vshi避风/v的/ude1屋顶/n是/vshi挡/v雨/n的/ude1门窗/n。/wj
人们/n只/d能/v依/p你们/rr的/ude1声音/n容貌/n，/wd批评/v这样/rzv的/ude1茅/nr1茨/ng土屋/n。/wj
而/cc你们/rr温婉/a地/ude2相待/v，/wd且/c让/v人们/n去/vf追求/v他们/rr所谓/v的/ude1富/vg与/p美/b，/wd在/p你们/rr崇高/a的/ude1人格/n花园/n里/f，/wd自然/d生长/v着/uzhe四季/n繁花/n，/wd清风/n朗/ag月/n。/wj
此/rzs去/vf，/wd此/rzs去/vf经/p年/qt，/wd千山万水/nl，/wd永不/d相/d离/v，/wd生老病死/nl，/wd永不/d相/d弃/vg。/wj
而是/c不/d是/vshi今日/t的/ude1下/vf弦/n曾/d是/vshi十五/m的/ude1月/n圆/vg？/ww
是/vshi不/d是/vshi眼前/s的/ude1沧海/n曾/d是/vshi无际/z的/ude1桑田/nrf？/ww
是/vshi不/d是/vshi来自/v于/p生/v的/ude1终归/d于/p死/v，/wd痴/ad守/v于/p爱/v的/ude1终/d将/d成/v恨/v？/ww
是/vshi不/d是/vshi春/tg到/v芳菲/n春/tg将/d淡/x，/wd情/n到/v深处/s情/n转/v薄/a？/ww
你/rr坚信/v的/ude1约/d誓/vg，/wd是/vshi四月/t残缺/v的/ude1柳絮/n。/wj
你/rr溯/vg回/v的/ude1记忆/n，/wd是/vshi荆/b刺/n丛毛/nr的/ude1刑/n地/n。/wj
你/rr眼见/v手/n成/v茧/ng足/d结痂/v，/wd而/cc人间/n的/ude1鹊桥/n已/d成/v废墟/n。/wj
你/rr于是/cc放眼/v苍茫/z，/wd要/v要/v天/n地/ude2为/v你/rr卜/vg一/m卜/vg“/wyz天长地久/vl”/wyy：/wm山川/n静默/vi蜿蜒/z，/wd说/v这/rzv一/m卦/q，/wd不/d在/p人间/n，/wd只/d在/p天上/s。/wj
你/rr披/v发行/v吟/v，/wd踉踉跄跄/z去/vf熙攘/z的/ude1市井/n探询/v，/wd你/rr说/v：/wm“/wyz借/v问/v，/wd借问/v怎么/ryv回/v去/vf我/rr的/ude1殿堂/n，/wd我/rr的/ude1恋/vn之/uzhi初/ng./wj./wj./wj./wj./wj./wj?/ww"/x
好心/n的/ude1行人/n摇摇/v头/n,/wd说/v没有/v这样/rzv一/m条/q路/n,/wd没/d听说/v过/uguo这个/rz方向/n./wj./wj./wj./wj./wj./wj./wj
你/rr想起/v了/ule千年/m前/f的/ude1流/ng离/v./wj
盼/v到/p今生/t才/d又/d聚/v,/wd为何/ryv不/d能/v同/p羽/ng同/p翼/ng?/ww
为何/ryv曾经/d的/ude1约/d誓/vg之/uzhi佚/vg成/v短/a简/ag残/vg篇/ng的/ude1流/ng离/v?/ww
为何/ryv地/ude2能/v久/a天/qt能/v长/a,/wd人间/n的/ude1爱情/n却/d离/v了/ule又/d聚/v聚/v了/ule又/d散/v?/ww
当/p太阳/n再/d升起/v,/wd所有/b的/ude1杜鹃/n萎/vi身/ng谢礼/n,/wd化/v成/v声声/q的/ude1杜宇/nr,/wd唤/vg你/rr不/d如/v,/wd不如/c归去/v,/wd你/rr仰/v首/m看/v着/uzhe今日/t的/ude1天空/n,/wd似乎/d和/cc昨日/t并/d无/v差别/n:/x你/rr舒/vg开/v手中/s的/ude1书/n卷/ng,/wd一样/a的/ude1道理/n,/wd一样/a的/ude1铅字/n./wj
而/cc你/rr的/ude1殿堂/n已/d是/vshi前尘/n,/wd你/rr的/ude1爱情/n已/d成/v往事/n./wj
就/d把/pba一/m款款/z的/ude1道理/n还给/v线装/b的/ude1书架/n,/wd把/pba一/m滴/q滴/v的/ude1泣/vg血流/n给/v春/tg泥/n,/wd把/pba一身/n姿态/n给/p验尸/vi的/ude1风雨/n,/wd夜半/t湖心/n,/wd秋/tg虫/n唧唧/o./wj./wj./wj./wj./wj./wj
当/p太阳/n再/d升起/v,/wd所有/b的/ude1杜宇/nr声声/n唤/vg你/rr,/wd所有/b的/ude1人间/n恩爱/a,/wd你/rr已/d双手/n归还/v而/cc去/vf./wj
是/vshi不/d是/vshi湖水/n如/v翡翠/n,/wd依然/d是/vshi你/rr不/d死/v的/ude1柔情/n,/wd涨潮/vi于/p干旱/a的/ude1季节/n?/ww