伏园/nr2兄/ng：/wm北京/ns近日/t多/m雨/n，/wd你/rr在/p长安/ns道/n上/f不/d知/v也/d遇到/v否/y，/wd想必/d能/v增/v你/rr旅行/vi的/ude1许多/m佳/a趣/ng。/wj
雨/n中/f旅行/vi不/d一定/d是/vshi很/d愉快/a的/ude1，/wd我/rr以前/f在/p杭/b沪/b车上/s时常/d遇/v雨/n，/wd每/rz感/vg困难/an，/wd所以/c我/rr于/p火车/n的/ude1雨/n不/d能/v感到/v什么/ry兴味/n，/wd但/c卧/vi在/p乌篷船/n里/f，/wd静听/v打/v篷/n的/ude1雨声/n，/wd加上/v乃/v的/ude1橹/ng声/ng，/wd以及/cc“/wyz靠/v塘/ng来/f，/wd靠/v下去/vf”/wyy的/ude1呼声/n，/wd却/d是/vshi一/m种/q梦/n似的/uyy诗/n境/ng。/wj
倘若/c更/d大胆/a一点/m，/wd仰卧/v在/p脚/n划/v小船/n内/f，/wd冒/v雨/n夜/tg行/ng，/wd更/d显出/v水乡/n住/vi民/ng的/ude1风趣/a，/wd虽然/c较为/d危险/a，/wd一不小心/dl，/wd拙劣/a地/ude2转/v一/m个/q身/ng，/wd便/d要/v使/v船底/n朝/b天/n。/wj
二十/m多/m年/qt前/f往/p东/b浦/b吊/v先父/n的/ude1保姆/n之/uzhi丧/ng，/wd归途/n遇/v暴风雨/n，/wd一时/t扁舟/n在/p白/a鹅/n似的/uyy波浪/n中间/f滚/vi过/uguo大树/n港/n，/wd危险/an极/d也/d愉快/a极了/y。/wj
我/rr大约/d还/d有/vyou好/a些/q“/wyz为/p鱼/n”/wyy时候/n─/x─/x至少/d也/d是/vshi断/v发文/vi身/ng时候/n的/ude1脾气/n，/wd对于/p水/n颇/d感到/v亲近/v，/wd不/d过/uguo北京/ns的/ude1泥塘/n似的/uyy许多/m“/wyz海/n”/wyy实在/d不/d很/d满意/v，/wd这样/rzv的/ude1水/n没有/d也/d并/d不/d怎么/ryv可惜/v。/wj
你/rr往/p“/wyz陕/b半/m天/qt”/wyy去/vf似乎/d要/v走/v好/a两/m天/qt的/ude1准/a沙漠/n路/n，/wd在/p那些/rz时候/n倘若/c遇见/v风雨/n，/wd大约/d是/vshi很/d舒服/a的/ude1，/wd遥想/v你/rr胡/d坐/v骡/ng车/n中/f，/wd在/p大漠/n之上/f，/wd大雨/n之下/f，/wd喝/vg着/uzhe四/m打/v之内/f的/ude1汽水/n，/wd悠然/ad进行/vx，/wd可以/v算是/v“/wyz不/d亦/d快/a哉/y”/wyy之一/rz。/wj
但/c这/rzv只是/c我/rr的/ude1空想/n，/wd如/v诗人/n的/ude1理想/n一样/uyy地/ude2靠不住/a，/wd或者/c你/rr在/p骡/ng车/n中/f遇/v雨/n，/wd很/d感/vg困难/an，/wd正在/d叫苦/vi连天/vi也/d未/d可知/v，/wd这/rzv须/d等/v你/rr回/v京/b后/f问/v你/rr再/d说/v了/y。/wj
我/rr住/vi在/p北京/ns，/wd遇见/v这/rzv几/m天/qt的/ude1雨/n，/wd却/d叫/vi我/rr十分/m难过/a。/wj
北京/ns向/p来/vf少/a雨/n，/wd所以/c不但/c雨具/n不/d很/d完全/a，/wd便是/v家/q屋/n构造/n，/wd于/p防雨/n亦/d欠/v周密/a。/wj
除了/p真正/b富翁/n以外/f，/wd很/d少/ad用/v实/a垛/ng砖墙/n，/wd大抵/d只用/v泥墙/n抹灰/vi敷衍了事/vl。/wj
近来/t天气/n转变/vn，/wd南方/s酷/ag寒/ag而/cc北方/s淫雨/n，/wd因此/c两/m方面/n的/ude1建筑/n上/f都/d露出/v缺陷/n。/wj
一/m星期/n前/f的/ude1雨/n把/pba后园/n的/ude1西/b墙/n淋/v坍/vi，/wd第二/m天/qt就/d有/vyou“/wyz梁上君子/nl”/wyy来/f摸索/v北/f房/n的/ude1铁丝/n窗/ng，/wd从/p次/qv日/b起/f赶紧/d邀/v了/ule七八/m位/q匠人/n，/wd费/v两/m天/qt工夫/n，/wd从/p头/n改/vd筑/v，/wd已经/d成功/a十分八九/m，/wd总算/d可以/v高/ad枕/v而/cc卧/vi，/wd前夜/t的/ude1雨/n却/d又/d将/p门口/s的/ude1南/b墙/n冲/v倒/vi二三/m丈/q之/uzhi谱/ng。/wj
这/rzv回/qv受惊/vi的/ude1可/c不/d是/vshi我/rr了/y，/wd乃是/v川/b岛/n君/ng“/wyz1/a们/k”/wyy俩/m，/wd因为/c“/wyz梁上君子/nl”/wyy如/v再见/vi光顾/v，/wd一定/d是/vshi去/vf躲/v在/p“/wyz们/k”/wyy的/ude1窗/ng下/f窃听/v的/ude1了/y。/wj
为/p消除/v“/wyz们/k”/wyy的/ude1不安/a起见/u，/wd一/m等/udeng天气/n晴/vi正/d，/wd急/v须/d大举/d地/ude2修筑/v，/wd希望/v日子/n不至于/d很/d久/a，/wd这/rzv几/m天/qt只好/d暂时/d拜托/v川/b岛/n君/ng的/ude1老弟/n费神/ad代/v为/v警/ng护/v罢了/y。/wj
前天/t十足/z下/vf了/ule一/m夜/qt的/ude1雨/n，/wd使/v我/rr夜里/t不知/v醒/v了/ule几/m遍/qv。/wj
北京/ns除了/p偶然/ad有/vyou人/n高兴/a放/v几/m个/q爆/v仗/n以外/f，/wd夜里/t总/d还/d安静/a，/wd那样/rzv哗/o喇/ng哗/vg喇/ng的/ude1雨声/n在/p我/rr的/ude1耳朵/n里/f已经/d不/d很/d听/v惯/v，/wd所以/c时常/d被/pbei它/rr惊醒/v，/wd就/d是/vshi睡/v着/uzhe也/d仿/x佛/n觉得/v耳边/s粘/v着/uzhe面条/n似的/uyy东西/n，/wd睡/v的/ude1很/d不/d痛快/a。/wj
还有/v一/m层/qv，/wd前天/t晚间/t据/p小孩/n们/k报告/n，/wd前面/f院子/n里/f的/ude1积水/n已经/d离/v台阶/n不及/vi一/m寸/q，/wd夜里/t听/v着/uzhe雨/n声/ng，/wd心里/s胡里胡涂/z地/ude2总是/d想/v水/n已/d上/vf了/ule台阶/n，/wd浸入/v西边/f的/ude1书房/n里/f了/y。/wj
好容易/d到/v了/ule早上/t五点/m钟/n，/wd赤脚/n撑/v伞/n，/wd跑/v到/v西屋/s一/m看/v，/wd果然/d不出所料/vl，/wd水/n浸/v满/v了/ule全/a屋/n，/wd约/d有/vyou一/m寸/q深浅/n，/wd边/d才/d叹/v了/ule一/m口/q气/n，/wd觉得/v放心/v了/y；/wf倘若/c这样/rzv兴高采烈/al地/ude2去/vf，/wd一/m看/v却/d是/vshi没有/v水/n，/wd恐怕/d那时/rzt反/d觉得/v失望/an，/wd没有/v现在/t那样/rzv的/ude1满足/an也/d说/v不/d定/v。/wj
幸而/d书籍/n都/d没有/d湿/a，/wd虽然/c是/vshi没有/v什么/ry价值/n的/ude1东西/n，/wd但是/c湿/v成/v一/m饼/n一/m饼/n的/ude1纸/n糕/ng，/wd也/d很/d是/vshi不/d愉快/a。/wj
现今/t水/n虽/c已/d退/v，/wd还/d留/v下/vf一/m种/q涨/vi过/uguo大/a水/n后/f的/ude1普通/a的/ude1臭味/n，/wd固然/c不能/v留客/v坐/v谈/v，/wd就是/v自己/rr也/d不/d能/v在/p那里/rzs写字/vi，/wd所以/c这/rzv封/q信/n是/vshi在/p里边/f炕桌/n上/f写/v的/ude1。/wj
这/rzv回/qv大雨/n，/wd只有/c两/m种/q人/n最/d喜欢/vi。/wj
第一/m是/vshi小孩/n们/k。/wj
他们/rr喜欢/vi水/n，/wd却/d极/d不/d容易/a得/ude3到/v，/wd现在/t看见/v院子/n里/f成/v了/ule河/n，/wd便/d成群结队/dl的/ude1去/vf“/wyz淌/v河/n”/wyy去/vf。/wj
赤/vg了/ule足/d伸/v到/v水/n里/f去/vf，/wd实在/d很/d有/vyou点/qt冷/a，/wd但是/c他们/rr不怕/v，/wd下/f到/v水/n里/f还/d不/d肯/v上来/vf。/wj
大/a人/n见/v小孩/n们/k玩/v的/ude1很/d有趣/a，/wd也/d一/m个/q两/m个/q地/ude2加入/v，/wd但是/c成绩/n却/d不/d甚/dg佳/a，/wd那/rzv一/m天/qt里/f滑/v倒/vi了/ule三/m个/q人/n，/wd其中/rz两/m个/q都/d是/vshi大人/n─/x─/x其一/rz为/p我/rr的/ude1兄弟/n，/wd其一/rz是/vshi川/b岛/n君/ng。/wj
第二/m种/q喜欢/vi下/f雨/n的/ude1则/c为/p虾/n蟆/x。/wj
从/p前/f同/p小孩/n们/k往/p高亮桥/nr去/vf钓鱼/vi钓/v不/d着/uzhe，/wd只/d捉/v了/ule好/a些/q虾/n蟆/x，/wd有/vyou绿/a的/ude1，/wd有/vyou花/n条/q的/ude1，/wd拿/v回来/v都/d放/v在/p院子/n里/f，/wd平常/a偶/d叫/vi几/m声/qv，/wd在/p这/rzv几/m天/qt里/f便/d整日/d叫唤/vi，/wd或者/c是/vshi荒年/n之/uzhi兆/ng吧/y，/wd却/d极/d有/vyou田村/nr的/ude1风味/n，/wd有/vyou许多/m耳朵/n皮/n嫩/a的/ude1人/n，/wd很/d恶/a喧嚣/vn，/wd如/v麻雀/n虾/n蟆/x或/c蝉/n的/ude1叫声/n，/wd凡/d足以/d妨碍/v他们/rr的/ude1甜/a睡/v者/k，/wd无/v一/m不/d深/a恶/a而/cc痛/dg绝/ag之/uzhi，/wd大/d有/vyou灭/v此/rzs而/cc午睡/v之/uzhi意/ng，/wd我/rr觉得/v大/a可以/v不必/d如此/rzv，/wd随便/ad听听/v都/d是/vshi很/d有/vyou趣味/n的/ude1，/wd不但/c是/vshi这些/rz久/ng成/v诗/n料/n的/ude1东西/n，/wd一切/rz鸣/vg声/ng其实/d都/d可以/v听/v。/wj
虾/n蟆/x在/p水田/n里/f群/ng叫/vi，/wd深夜/t静听/v，/wd往往/d变成/v一/m种/q金属/n音/n，/wd很/d是/vshi特别/a，/wd又/d有时/d仿/x佛/n是/vshi狗/n叫/vi，/wd古人/n常/d称/v蛙/ng蛤/ng为/v吠/vg，/wd大约/d是/vshi从/p实验/n而/cc来/vf。/wj