屋/n是/vshi挂/v在/p山坡/n上/f的/ude1。/wj
门窗/n开/v处/n便/d都/d是/vshi山/n。/wj
不/d叫/vi它/rr别墅/n，/wd因为/c不/d是/vshi旁/f宅/ng支/q院/n颐养/v避暑/vn的/ude1地方/n：/wm唤/vg作/v什么/ry楼/n也/d不妥/a，/wd因为/p一/m底/f一/m顶/q，/wd顶/v上/f就/d正/d对/p着/uzhe天空/n。/wj
无/v以/p名/q之/uzhi，/wd就/d姑且/d直/d呼/v为/p山/n屋/n吧/y，/wd那/rzv是/vshi很/d有/vyou点/n老实/ad相/v的/ude1。/wj
搬/v来/vf山/n屋/n，/wd已/d非/b一朝一夕/bl了/y；/wf刚/d来/vf记得/v是/vshi初夏/t，/wd现在/t已/d慢慢/d到/v了/ule春天/t呢/y。/wj
忆/vg昔/tg入/v山/n时候/n，/wd常常/d感到/v一/m种/q莫名/b的/ude1寂寞/an，/wd原来/b地方/n太/d偏僻/a，/wd离/v街市/n太/d远/a啊/y。/wj
可是/c习惯/v自然/n了/y，/wd浸/v假/a又/d爱/v了/ule它/rr的/ude1幽静/a；/wf何况/c市镇/n边缘/n上/f的/ude1山/n，/wd山坡/n上/f的/ude1房屋/n，/wd终究/d还/d具备/v着/uzhe市/n廛/x与/cc山林/n两/m面/q的/ude1佳/a胜/v呢/y。/wj
想/v热闹/a，/wd就/d跑/v去/vf繁/ag嚣/vg的/ude1市内/s；/wf爱/v清闲/a，/wd就/d索性/d锁/v在/p山里/s，/wd是/vshi两/m得/v其/rz便/d左右逢源/vl的/ude1。/wj
倘若/c你/rr来/vf，/wd于/p山/n屋/n，/wd你/rr也/d会/v喜欢/vi它/rr的/ude1吧/y?/ww
傍/v山/n人家/n，/wd是/vshi颇/d有/vyou情趣/n的/ude1。/wj
譬如/v说/v，/wd在/p阳春/n三月/t,/wd微微/d煦/nr1暖/a的/ude1天气/n，/wd使/v你/rr干/v什么/ry都/d感到/v几/m分/qt慵/x倦/a；/wf再/d加/v整天/d的/ude1忙碌/a，/wd到/p晚上/t你/rr不/d会/v疲惫/a得/ude3像/v一/m只/q晒/v腻/v了/ule太阳/n的/ude1猫/n么/y?/ww
打打/v舒/ag身/ng都/d嫌/v烦/a。/wj
一/m头/q栽/v到/v床/n上/f，/wd怕/v就/d蜷伏/vi着/uzhe昏/tg昏/tg入睡/vi了/y。/wj
活像/v一/m条/q死/a猪/n。/wj
熟睡/vi中/f，/wd踢/v来/vf拌/v去/vf的/ude1乱/a梦/n，/wd梦/n味儿/n都/d是/vshi淡/x淡/x的/ude1。/wj
心/n同/p躯壳/n是/vshi同样/b的/ude1懒/a啊/y。/wj
几乎/d可以/v说是/v泥/n醉/v着/uzhe，/wd糊/a涂/v着/uzhe乏/a不可/v耐/v。/wj
可是/c大大/d的/ude1睡/v了/ule一/m场/qv，/wd寅/Mg卯/ng时分/n，/wd你/rr的/ude1梦境/n不/d是/vshi忽然/d透/v出/vf了/ule一/m丝/q绿莹莹/z的/ude1微光/n么/y，/wd像/p东风/n吹/v过/uguo经/p冬/tg的/ude1衰/ag草/n似的/uyy，/wd展/vg眼/n就/d青/a到/v了/ule天边/s。/wj
恍/vg恍惚/a惚/x的/ude1，/wd屋/n前/f屋后/s有/vyou一/m片/q啾/x唧/v哳/x哳/x的/ude1闹/v声/ng，/wd像/v是/vshi姑娘/n们/k吵嘴/vi，/wd又/d像/v—/wp群/ng活泼泼/z的/ude1孩子/n在/p嘈杂/a乱/d唱/v；/wf兀/ag的/ude1不知/v怎么/ryv一/m来/f，/wd那里/rzs“/wyz支/q幽/ag”/wyy一/m响/q，/wd你/rr就/d醒/v了/y。/wj
立刻/d你/rr听/v到/v了/ule满/a山/n满/a谷/ng的/ude1鸟/n叫/vi。/wj
缥/x缥缈/a遥/ag的/ude1那里/rzs的/ude1钟声/n，/wd也/d嗡嗡/o的/ude1传/v了/ule过来/vf。/wj
你/rr睁/v开/v了/ule眼/n，/wd窗帘/n后/f一/m缕/q明亮/a，/wd给/v了/ule你/rr一个/mq透底/v的/ude1清醒/a。/wj
靠/p左边/f一点/m，/wd石工/n们/k在/p丁东/nr的/ude1凿/v石/nr1声/n中/f，/wd说/v着/uzhe呜呜/o噜/x噜/x的话/udh：/wm稍/d偏/a右边/f，/wd得/v得/v的/ude1马蹄/n声/qv又/d仿/x佛/n一路/mq轻/a的/ude1撒/v上/vf了/ule山/n去/vf。/wj
一切/rz带来/v的/ude1是/vshi个/q满心/d的/ude1欢笑/vn啊/y。/wj
那时/rzt你/rr还/d能/v躺/v在/p床/n上/vf么/y?/ww
不/d，/wd你/rr会/v霍然/nr一/m跃/vg就/d起来/vf的/ude1。/wj
衣裳/n都/d来不及/v披/v一/m件/q，/wd先/d就/d跳/vi下/f床/n来/vf打开/v窗子/n。/wj
那/rzv窗外/s像/v笑/v着/uzhe似的/uyy处女/n的/ude1阳光/n，/wd一/m扑/v就/d扑/v了/ule你/rr个/q满怀/v。/wj
“/wyz呵/e，/wd我/rr的/ude1灵魂/n，/wd我们/rr在/p平静/a而/cc清冷/a的/ude1早晨/t找到/v我们/rr自己/rr了/y。/wj”/wyy
(/wkz惠特曼/nrf《/wkz草叶/n集/vg》/wky)/wky那/rzv阳光/n洒/vi下/f一/m屋/n的/ude1愉快/a，/wd你/rr自己/rr不/d是/vshi都/d几乎/d笑/v了/ule么/y?/ww
通身/n的/ude1轻松/a。/wj
那/rzv山/n上/f一/m抹/q嫩绿/b的/ude1颜色/n，/wd使/v你/rr深深/d的/ude1吸/v一/m口/q气/n，/wd清爽/an是/vshi透/v到/v脚/n底/f的/ude1。/wj
瞧/v着/uzhe那/rzv窗外/s的/ude1一/m丛迎春/nr花/n，/wd你/rr自己/rr也/d仿/x佛/n变/v作/v了/ule它/rr的/ude1一/m枝/q。/wj
我/rr知道/v你/rr是/vshi不/d暇/x妆/ng梳/v的/ude1，/wd随便/ad穿/v了/ule穿/v衣裳/n，/wd就/d跑/v上山/vi去/vf了/y。/wj
一/m路/qv，/wd鸟儿/n们/k飞/vi着/uzhe叫/vi着/uzhe的/ude1赶/v着/uzhe问/v“/wyz早/a啊/y?/ww
早/a啊/y?/ww”/wyy
的话/udh，/wd闹/v得/ude3简直/d不/d像/v样子/n。/wj
戴/v了/ule朝露/n的/ude1那/rzv山草/n野花/n，/wd遍/qv山/n弥漫/v着/uzhe，/wd也/d不/d懂事/a不/d懂事/a似的/uyy直/d对/p你/rr颔/vg首/m微笑/vi，/wd受宠若惊/vl，/wd你/rr忽然/d骄/ag蹇/ag起来/vf了/y，/wd迈/v着/uzhe昂/vg藏/b的/ude1脚步/n三/m跨/v就/d跨/v上/vf了/ule山巅/n。/wj
你/rr挺直/v了/ule腰板/n，/wd要/v大声/d嚷/v出/vf什么/ry来/vf，/wd可/c是/vshi怕/v喊/v破/v了/ule那/rzv清朝/t静穆/a的/ude1美景/n，/wd你/rr又/d没/d嚷/v。/wj
只/d高高的/z伸出/v了/ule你/rr粗壮/a的/ude1两/m臂/ng，/wd像/p要/v拥抱/v那个/rz温/ng都/d的/ude1娇/a阳/ng似的/uyy，/wd很/d久/a很/d久/a，/wd你/rr忘掉/v了/ule你/rr自己/rr。/wj
自然/d融化/vi了/ule你/rr，/wd你/rr也/d将/d自然/d融化/vi了/y。/wj
等/v到/v你/rr有空/vi再/d眺望/v一下/mq那/rzv山/n根/n尽头/f的/ude1大海/n的/ude1时候/n，/wd看/v它/rr展开/v着/uzhe万顷/q碧/ng浪/n，/wd翻掀/n着/uzhe千/m种/q金/b波/n灵机一动/vl，/wd你/rr主宰/v了/ule山/n，/wd海/n，/wd宇宙/n全/d在/p你/rr的/ude1掌握/v中/f了/y。/wj
下/vf山/n，/wd路/n那边/rzs邻家/n的/ude1小孩子/n，/wd苹果/n脸/n映/vi着/uzhe旭阳/nr2，/wd正/d向/p你/rr闪闪/z招手/vi，/wd烂漫/z的/ude1笑/v：/wm你/rr不/d会/v赶/v着/uzhe问/v她/rr，/wd“/wyz宝宝/n起/vf这样/rzv早/a哇/y?/ww
姐姐/n呢/y?/ww”/wyy
再/d一会/m，/wd山/n屋里/s的/ude1人/n就/d是/vshi满/a口/n的/ude1歌声/n了/y。/wj
再/d一会/m，/wd山/n屋/n右/f近/a的/ude1路上/s，/wd就/d是/vshi逛/v山/n的/ude1人格/n格/b的/ude1笑语/n了/y。/wj
要/v是/vshi夏天/t，/wd晌午/t阳光/n正/b毒/n，/wd在/p别处/rzs是/vshi热/a得/ude3汤/n煮/v似的/uyy了/vi，/wd山/n屋里/s却/d还/d保持/v着/uzhe相当/vi的/ude1凉爽/an。/wj
坡/n上/f是/vshi通风/vi的/ude1。/wj
四/m围/v的/ude1山松/nrf也/d有/vyou够/v浓/a的/ude1荫凉/an。/wj
敝/r着/uzhe窗/ng，/wd躺/v在/p床/n上/f，/wd噪/vg耳/n的/ude1蝉/n声/ng中/f你/rr睡着/v了/y，/wd噪/vg耳/n的/ude1蝉/n声/ng中/f你/rr又/d醒/v了/y。/wj
没/v人/n逛/v山/n。/wj
樵夫/n也/d正/d傍/v了/ule山石/n打盹/vi儿/ng。/wj
市/n声/qv又/d远远/d的/ude1，/wd只有/c三五/m个/q苍蝇/n，/wd嗡/o飞/vi到/v了/ule这里/rzs，/wd嗡/o又/d飞/vi到/v了/ule那里/rzs。/wj
老鼠/n都会/n瞅/v空/v出/vf来/vf看看/v景/ng的/ude1吧/y，/wd“/wyz蝉/n噪/vg林/ng逾/vg静/a，/wd鸟/n鸣/vg山/n更/d幽/ag”/wyy，/wd心跳/vi都/d听/v得/ude3见/v捕/v腾/v呢/y。/wj
你/rr说/v，/wd山/n屋里/s的/ude1人/n，/wd不/d该/v是/vshi无/v怀/v氏/ng之/uzhi民/ng么/y?/ww
夏夜/t，/wd自/d是/vshi更/d好/a。/wj
天/qt刚/d黑/a，/wd星/n就/d悄悄的/z亮/vi了/y。/wj
流/v萤/x点点/n，/wd像/v小/a灯笼/n，/wd像/p飞花/n。/wj
檐/ng边/d有/vyou吱吱/o叫/vi的/ude1蝙蝠/n，/wd张/v着/uzhe膜/n翅/ng凭/v了/ule羞/a光/n的/ude1眼/n在/p摸索/v乱/d飞/vi。/wj