第二 ， 原告 进入 长春 湖 景区 时 未 购买 门票 ， 是 非正常 途径 进入 景区 的 。
第三 ， 第一 、 二 被告 的 马是拴 在 树上 的 ， 不 是 放养 的 ， 造成 原告 受伤 是 因为 原告 及 其他 小孩 用 树枝 打 马 造成 马 受 惊吓 而 踢 伤 原告 ， 第一 、 二 被告 本身 并 无 过错 ， 承担 的 是 补充 赔偿 责任 。
第三 被告 在 本 案 中 疏 于 管理 导致 原告 自行 进入 景区 ， 明显 存在 过错 ， 对 原告 的 损失 也 应 承担 部分 赔偿 责任 。
对 赔偿 费用 部分 ， 医疗费 按 实际 票据 为 准 ， 护理 费 按 护理 行业 标准计算 ， 交通费 、 住宿费 请 法院 酌情 考虑 ， 精神 抚慰 金 过 高 ， 第一 、 二 被告 垫付 的 30000 元 钱 应予 扣除 ， 其他 赔偿 标准 请 法院 依法 考虑 。
第三 被告 ： 第一 ， 原告 父母 未 尽 到 监护 责任 ， 应 承担 主要 责任 ， 理由 与 第一 、 二 被告 相同 。
第二 ， 赔偿 费用 的 计算 与 第一 、 二 被告 的 辩论 意见 相同 。
第三 ， 我方 已 尽 到 管理 职责 ， 依法 不 应 承担 赔偿 责任 ， 理由 如下 ： 1 、 原告 没有 证据 证明 侵权 行为 发生 地 属于 景区 范围 ； 2 、 我方 未 同意 第一 、 二 被告 在 景区 从事 骑马 经营 活动 ； 3 、 景区 工作人员 做到 了 安全 排查 管理 职责 。
审 ： 原 、 被告 是否 有 补充 意见 ？
原告 ： 没有 。
第一 、 二 被告 ： 没有 。
第三 被告 ： 没有 。
审 ： 现在 由 原 、 被告 最后 陈述 。
原告 ： 请求 法庭 依法 支持 原告 的 诉讼 请求 。
第一 、 二 被告 ： 请求 法院 依法 判决 。
第三 被告 ： 请求 法院 依法 判决 。
审 ： 根据 《 中华人民共和国 民事 诉讼法 》 的 有关 规定 ， 现在 本 庭 主持 双方 调解 。
原告 是否 愿意 调解 ？
原告 ： 我方 申请 庭 外 调解 。
审 ： 被告 是否 愿意 调解 ？
第一 、 二 被告 ： 我方 申请 庭 外 调解 。
第三 被告 ： 我方 申请 庭 外 调解 。
审 ： 由于 原 被告 均 要求 庭 外 调解 且 第三 被告 诉讼 代理人 为 一般 代理 ， 没有 调解 权限 ， 无法 调解 。
合议庭 将 依法 裁判 。
裁判 前 ， 合议庭 将 充分考虑 各方 当事人 的 意见 。
本 案 另 定 日期 宣判 。
现在 宣布 休庭 （ 敲击 法 槌 ） 。
庭审 笔录 原 、 被告 及 诉讼 代理人 阅 后 签字 。
书 ： 全体 起立 ， 请 审判长 、 审判员 、 助理 审判员 退庭 。
书 ： 请 当事人 和 旁听 人员 退庭 。
当事人 签名 ： 审判 人员 签名 ： 书记员 ： 查明 诉讼 参加 人 到 庭 情况 。
原告 ： 杨某 吉 （ 未 到 庭 ） 法定 代理人 ： 杨某 父 （ 到 庭 ） 第一 被告 ： 唐某 彬 （ 未 到 庭 ） 第二 被告 ： 公交公司 法定 代表 人 ： 李某 （ 未 到 庭 ） 诉讼 代理人 ： 徐某 （ 到 庭 ） 诉讼 代理人 ： 周某 灿 （ 到 庭 ） 第三 被告 ： 保险公司 负责人 ： 郭某 春 （ 未 到 庭 ） 诉讼 代理人 ： 范某 （ 到 庭 ） 书 ： 请 当事人 及其 诉讼 代理人 入 庭 就 坐 。
书 ： 请 肃静 ！
下面 宣布 法庭 纪律 ： 根据 《 中华人民共和国 人民法院 法庭 规则 》 的 有关 规定 ， 下列 人员 不得 旁听 开庭 ： （ 一 ） 未成年人 （ 经 法院 批准 的 除外 ） ； （ 二 ） 精神 病人 和 醉 酒 的 人 ； （ 三 ） 其他 不宜 旁听 的 人 。
当事人 及其 他 诉讼 参与 人 、 旁听 人员 必须 遵守 下列 纪律 ： 1. 未经 审判长 许可 ， 不得 录音 、 录像 和 摄影 ； 2. 不得 随意 走动 ， 未经 审判长 许可 ， 不准 进入 或 退出 审判 区 ； 3. 未经 审判长 许可 ， 不得 发言 、 提问 ， 发言 提问 时 不 准 使用 侮辱性 、 攻击性 语言 ； 4. 不得 鼓掌 、 喧哗 、 哄 闹 和 实施 其他 妨害 审判 活动 的 行为 ； 5. 证人 到 证人 室 听候 通知 ， 不得 参加 旁听 ； 6. 所有 人员 庭审 期间 禁止 使用 移动 电话 、 传呼机 、 对讲机 等 通讯 工具 ； 7. 所有 人员 庭审 期间 禁止 吸烟 。
书 ： 全体 起立 ！
请 审判长 入 庭 就 坐 。
审判长 ： 请 坐 下 ！
书 ： 报告 审判长 ， 参加 诉讼 的 当事人 已 入 庭 就 坐 ， 庭审 准备 工作 就绪 ， 可以 开庭 。
审 ： 现在 核对 当事人 及其 诉讼 代理人 的 身份 。
原告 ： 杨某 吉 ， 男 ， 1998年 2月 28日 出生 ， 汉族 ， 南昌市 新建县 人 ， 新建 县 三 中学生 ， 住 南昌市 新建 县长 堎 镇 建设 路 308 号 （ 美丽 新世界 ） 3 号 楼 1 单元 1406 室 。
公民身份证 号码 ： 360122199802282713 。
法定 代理人 ： 杨某 父 （ 系 原告 杨某 吉之 父 ） ， 男 ， 1976年 9月 16日 出生 ， 汉族 ， 南昌市 新建县 人 ， 农民 ， 住 南昌市 新建 县长 堎 镇 建设 路 308 号 （ 美丽 新世界 ） 3 号 楼 1 单元 1406 室 。
公民身份证 号码 ： 360122197609162753 。
第二 被告 ： 公交公司 ， 住所 地 ： 南昌市 西湖区 站 前 西 路 176 号 。
组织 机构 代码 ： 15837338-4 。
诉讼 代理人 ： 徐某 ， 男 ， 1985年 6月 24日 生 ， 汉族 ， 江西省 南昌市 人 ， 公交公司 安全员 ， 身份证 号码 ： 360102198506240017 。
代理 权限 ： 一般 代理 。
诉讼 代理人 ： 周 某 灿 ， 男 ， 1983年 10月 4日 生 ， 汉族 ， 公交公司 法律 顾问 。
江西 经纬 律师 事务所 律师 ， 执 业 证 号 ： 13601201010481465 。
代理 权限 ： 一般 代理 。
第三 被告 ： 中国人民财产保险 股份 有限公司 南昌市 湾 里 支公司 ， 住所 地 ： 南昌市 湾 里 支公司 。
负责人 ： 郭某 春 ， 该 公司 经理 。
诉讼 代理人 ： 范某 ， 男 ， 江西 阳明阳 律师 事务所 律师 。
执业 证 号 ： 13601198610346396 。
代理 权限 ： 代 为 承认 、 放弃 、 变更 诉讼 请求 ， 进行 和解 ， 反诉 或者 上诉 等 特别 授权 。
审 ： 鉴于 第一 被告 未 到 庭 ， 现在 核实 一下 第一 被告 身份 信息 。
第一 被告 ： 唐某 彬 ， 男 ， 1970年 1月 3日 出生 ， 汉族 ， 南昌市 湾里区 人 ， 住 南昌市 湾里区 招贤 镇 港 下 村 田溪唐 家 自然村 53 号 。
公民身份证 号码 ： 36010519700103161Ｘ 。
审 ： 原告 对 被告 出庭 人员 有 无 异议 ？
原告 ： 没有 异议 。
审 ： 被告 对 原告 出庭 人员 有 无 异议 ？
第二 、 三 被告 ： 没有 异议 。
审 ： 经 审查 ， 原 、 被告 出庭 人员 符合 法律 规定 ， 可以 参加 本 案 诉讼 。
审 ： 根据 《 中华人民共和国 民事 诉讼法 》 的 有关 规定 ， 江西省 南昌市 湾里区 人民法院 今天 在 此 就 原告 杨某 吉 诉 被告 唐某 彬 、 公交公司 、 中国人民财产保险 股份 有限公司 南昌市 湾 里 支公司 健康 权 纠纷 一 案 进行 公开 审判 ， （ 敲击 法 槌 ） 现在 宣布 开庭 。
