原告 ： 第二 被告 支付 了 住院 期间 的 所有 费用 ， 具体 以 发票 为 准 。
审 ： 第二 被告 ， 原告 所 说 的 医药费 问题 属实 吗 ？
第二 被告 ： 属实 。
审 ： 原告 杨某 吉 住院 期间 ， 由 谁 进行 护理 ？
原告 ： 他 母亲 护理 。
审 ： 杨某 吉 母亲 做 什么 工作 的 ？
原告 ： 做 搬运工 ， 每个 月 大概 有 3000 元 收入 。
审 ： 原告 杨某 吉 的 伤情 是否 经过 司法 鉴定 ？
原告 : 经过 司法 鉴定 ， 鉴定 费用 1900 元 是 我 自己 承担 的 。
审 ： 你 是否 要 增加 鉴定 费用 的 诉讼 请求 ？
原告 : 因 第一 被告 没 来 ， 我 放弃 增加 鉴定 费用 的 诉讼 请求 。
审 ： 第二 被告 ， 你 与 第一 被告 是 何 关系 ？
第二 被告 ： 第一 被告 是 我方 员工 。
本 事故 发生 时 ， 第一 被告 从事 的 是 职务 行为 。
审 ： 第二 被告 ， 你 是否 知道 第一 被告 在 事发 时 为什么 紧急 刹车 ？
第二 被告 ： 据 第一 被告 所 述 及 我方 调取 的 车 内 监控 录像 来看 ， 当时 是 因 避让 对方 行使 车辆 而 紧急 刹车 。
审 ： 第二 被告 ， 你 有 第一 被告 的 工资条 及 社保 缴纳 证明 吗 ？
第二 被告 : 财务 上 有 ， 我方 可以 提交 从事 发 时 到 现在 的 第一 被告 的 工资条 及 社保 证明 。
审 ： 第二 被告 ， 你 是否 知道 事发 时 原告 杨某 吉 是 站 着 的 还 是 坐 着 的 ？
第二 被告 ： 据 第一 被告 讲 ， 事发 时 原告 杨某 吉 是 站 着 的 。
涉 案 车辆 本来 有 三 个 摄像头 ， 一个 是 对 着 车辆 前方 的 ， 一个 是 对 着 车厢 内 的 ， 另 一个 是 对 着 投 币箱 的 ， 但是 事发 时 对 着 车厢 内 的 摄像头 坏 掉 了 ， 另外 两 个 都 是 好 的 ， 所以 无法 查证 。
审 ： 法庭 调查 结束 ， 现在 进行 法庭 辩论 。
先 由 原告 发表 辩论 意见 ？
原告 ： 原告 杨 某 吉 钢板 已 取出 并 已 康复 出院 ， 本次 受伤 完全 是 由于 第一 被告 操作 不当 造成 ， 我方 不 承担 任何 责任 。
我 的 赔偿 清单 是 按 最高 法 的 关于 人 身 损害 赔偿 相关 问题 的 司法 解释 进行 计算 的 。
审 ： 由 被告 发表 辩论 意见 ？
第二 被告 ： 第一 ， 本 案 第三 被告 属于 民 诉 法规定 的 必要 共同 诉讼 参与 人 ； 第二 ， 关于 原告 杨某 吉 的 赔偿 项目 ， 1 、 由于 本 案 原告 选择 公路 旅客 运输 合同 纠纷 之 诉 ， 按照 相关 法律 规定 ， 原告 主张 的 精神 损害 抚慰 金 是 没有 的 ， 2 、 原告 主张 的 交通费 应 按 实际 住院 天数 ， 由 法院 酌情 予以 确认 ， 3 、 原告 主张 应 按 城镇 标准计算 残疾 赔偿金 的 证据 不足 ， 应 不 予以 支持 ， 原告 应 提供 在 城镇 连续 居住 一年 以上 的 法律 证明 。
第三 ， 原告 杨某 吉 对 本 事故 负有 一定 的 过错 责任 ， 理由 是 原告 杨某 吉 于 事发 时 才 刚 行 钢板 拆除 术 不久 且 杨 某 吉 是 未成年人 ， 其 代理 人 未 尽 到 监管 义务 。
第三 被告 ： 与 我方 的 答辩 意见 相同 ， 没有 补充 。
审 ： 原 、 被告 是否 有 补充 意见 ？
原告 ： 没有 第二 、 三 被告 ： 没有 审 ： 现在 由 原 、 被告 作 最后 陈述 。
原告 ： 请求 法庭 依法 支持 我 的 诉讼 请求 。
第二 被告 ： 请求 法庭 依法 判决 。
第三 被告 ： 请求 法庭 依法 判决 。
审 ： 鉴于 第一 被告 未 到 庭 ， 第二 被告 委托 代理人 为 一般 代理 ， 无法 调解 ， 本庭 将 依法 裁判 。
裁判 前 ， 本庭 将 充分考虑 各方 当事人 的 意见 。
本 案 另 定 日期 宣判 。
现在 宣布 休庭 （ 敲击 法 槌 ） 。
庭审 笔录 原 、 被告 及 诉讼 代理人 阅 后 签字 。
书 ： 全体 起立 ， 请 审判长 、 助理 审判员 、 人民 陪审员 退庭 。
书 ： 请 当事人 和 旁听 人员 退庭 。
当事人 签名 ： 审判 人员 签名 ： 2011年 4月 19日 9时 30分 ： 书记员 宣布 法庭 纪律 后 ， 控 、 辩 、 审 人员 入场 、 被告人 到 庭 。
审判长 ： 现在 开庭 。
被告人 ， 何时 收到 的 起诉书 及 开庭 传票 ？
李庄 ： 2011年 4月 12日 收到 开庭 传票 。
（ 斯伟江 举手 ） 审判长 ： 辩护人 有 何 意见 ？
斯伟江 ： 我方 提出 管辖权 异议 没有 得到 法庭 书面 答复 。
审判长 ： 管辖 意见 可 在 辩论 中 发表 。
介绍 公诉人 、 辩护人 身份 。
被告人 李庄 有 何 意见 ？
李庄 ： 无 意见 。
斯伟江 ： 法官 ， 你 没 有 问 是否 申请 回避 的 问题 。
审判长 ： 被告 人 是否 申请 回避 ？
李庄 ： 我 认为 ， 回避 与 管辖 同样 重要 。
我 是否 申请 回避 ， 是 没有 意义 的 。
关键 的 是 本 案 管辖权 的 问题 。
我 同意 我 的 辩护人 提出 的 管辖 异议 的 问题 ， 本 案 应 由 犯罪 行为 地 管辖 。
刑事 案 件 由 侦查 机关 进行 是 …
…
申请 公诉 人员 、 审判 人员 回避 的 问题 ， 我 就 不 提 了 ， 但 我 同意 辩护人 的 观点 。
杨 学林 ： 我 在 庭 前 曾经 提出 5 项 书面 请求 ， 包括 申请 十五 位 证人 出庭 、 请求 法院 依 职权 调取 证据 等 ， 现在 请求 法庭 当庭 给予 答复 。
审判长 ： 法庭 会 在 适当 时间 给予 答复 。
李庄 ： 我 要 补充 一点 ， 根据 《 刑事诉讼法 》 第18 条 的 规定 ， 本 案 由 重庆 公安 机关 侦查 ， 我 是 没有 异议 ， 但是 本 案 的 审判 地 应 是 犯罪 行为 地 法院 。
审判长 ： 被告人 李庄 ， 你 已经 表明 了 态度 。
审判长 ： 现在 开始 法庭 调查 ， 请 公诉人 宣读 起诉书 。
公诉人 ： （ 宣读 起诉书 ） 。
（ 公诉人 宣读 完毕 ， 杨 学林 举手 ） 审判长 ： 辩护人 有 何 意见 ？
杨 学林 ： 审判长 ， 我 请求 启动 非法 证据 排除 程序 。
审判长 ： 阐述 理由 。
杨 学林 ： 被告人 李庄 于 2010年 2月 9日 被 重庆市 第一 中级 人民 法院 以 “ 辩护人 伪造 证据 、 妨害 作证 罪 ” 终审 判处 有期徒刑 一年 零六 个 月 ， 执行 期间 2009年 12月 12日 起 至 2011年 6月 11日 止 。
根据 《 中华人民共和国 刑法 》 第四十六 条 之 规定 ： “ 被 判处 有期徒刑 、 无期徒刑 的 犯罪分子 ， 在 监狱 或者 其他 执行 场所 执行 ； 凡 有 劳动 能力 的 ， 都 应当 参加 劳动 ， 接受 教育 和 改造 。
