至于 她 听 我 的 所谓 的 “ 教唆 ” 和 “ 引诱 ” 以后 ， 如何 选择 ， 是 她 作为 完全 民事 行为 能力 人 ， 凭 自己 的 判断 进行 选择 。
她 听 了 我 的 所谓 教唆 还是 引诱 后 ， 做 了 何 种 选择 ， 完全 是 她 的 独立 判断 。
我 不 排除 她 听 了 我 的 话 思想 动摇 ， 也 不 排除 她 是 想 收取 回报 ， 但 我 千真万确 没有 教唆 她 如何 去 改变 借款 的 性质 或 投资 的 性质 。
还有 另外 一点： 孟 英 案 开 完 庭 以后 ， 我 多次 督促 孟 、 朱 两 家 还 徐丽军 的 欠款 。
第 四点： 徐丽军 的 钱 无论 投 到 哪 ， 自始至终 ， 金汤 城 没有 依照 法定 程序 变更 款项 的 性质 。
投资 是 有 严格 程序 的 ， 人民法院 的 判决 也 没 权 就此 判定 。
依据 法律 规定 的 ， 100 万 元 的 性质 到 今天 也 没有 发生变化 ， 就是 借款 。
第五点： 到 今天 ， 我 仍然 不 知道 100 万 元 的 所有权 人 是 谁 的 ？
有人 说是 王 某某 的 ， 有人 说是 徐丽军 的 ， 而 他们 之间 到底 是 什么 关系 ？
我 相信 ， 我们 四方 现在 都 没有 搞 清楚 。
徐丽军 离 过 三 次 婚 。
这 点 很难说 清楚 。
判决书 认定 是 王 某某 的 100 万 元 ， 现在 怎么 成 了 徐丽军 的 ？
到底 是 谁 的 ？
我 现在 都 搞 不 清 。
孟 英 案 的 判决书 我 没 看 过 。
第 六点： 徐丽 军 吸毒 成 性 ， 她 的 证言 是 何 时 作 的 ？
询问 时 是否 清醒 ？
我 希望 法庭 注意 。
另外 ， 还有 一个 民法 、 公司法 上 的 一个 观点 。
孟英 是 法定 代表 人 ， 任 金汤 城 公司 董事长 ， 营业执照 是 这么 写 的 。
法定 代表 人 的 行为 是 职务 行为 ， 即使 没 书面 合同 ， 口头 诺 成 的 合同 也 是 企业 行为 。
无论如何 ， 孟英 是 收 下 了 100 万 元 。
这 100 万 元 ， 谁 是 要 约 人 ？
谁 是 承诺 人 ？
我 认为 ， 徐丽军 是 要 约 人 。
孟英 作为 董事长 ， 她 把 这 100 万 元 收 进来 ， 这 100 万 元 的 性质 如何 界定 ？
徐丽军 说 过 ： “ 我 和 孟英 在 电话 里面 通话 的 内容 到底 是 什么 ？
地球 上 只有 我们 两 个 人 知道 。
” 审判长 ： 还有 其他 观点 么 ？
简短 一些 。
李庄 ： 有 ， 就是 孟 英 案 开庭 以后 ， 徐丽 军 多次 找 过 我 ， 要求 我 按 三 方 还款 协议 ， 督促 孟 、 朱 两 家 还款 。
孟某 和 朱立杰 各自 有 孟英 、 朱 某某 的 授权 委托书 。
我 将 授权 委托书 给 了 徐丽军 ， 他们 达成 还款 协议 。
我 经过 总结 归纳 他们 的 意思 ， 由 我 口授 、 闵 某某 书写 ， 三 方 签订 了 还款 协议 书 ， 并 签 了 字 。
我 多次 督促 孟 、 朱 两 家 还款 。
据 我 所 知 ， 也 确实 还给 徐丽 军 不少 钱 。
但 到 今天 为止 ， 到底 还 了 多少 钱 ？
什么 时候 还 的 ？
我 都 不 太 清楚 。
律师 没有 向 我 提供 这些 信息 。
我 敢 确定 ， 还 了 徐丽 军 不少 钱 。
为什么 卷宗 材料 里 没有 这 方面 证据 ？
我 要求 辩护人 申请 法庭 对 后期 又 还 徐丽 军 多少 钱 进行 调查 。
侦查 机关 没有 问 到 过 这 方面 的 问题 。
还有 一个 问题 。
徐丽 军 多次 到 北京 找 我 ， 都 没 找到 。
徐丽军 曾 在 电话 里 对 我 大 叫 大 喊 ， 说 一些 过 格 的话 ， 我 就 把 她 的 电话 给 挂断 了 。
这 件 事 是 引发 今天 案 子 的 导火索 。
我 想 向 她 、 向 法庭 说 的 是 ， 债务 人 与 债权人 之间 的 债务 纠纷 ， 跟 律师 没有 关系 。
希望 她 理解 、 法官 理解 。
还有 一点 ， 我 曾经 在 开庭 前 跟 法官 、 检察官 都 说 过 ， 徐丽军 这样 一个 吸毒 成 性 …
…
公诉人 ： 公诉人 提请 法庭 注意 ， 被告人 不 能 污蔑 证人 。
审判长 ： 请 被告 注意 。
李庄 ： 我 道歉 。
我 手上 写 着 “ 克制 ” 两 个 字 ， 但 我 还 没 能 克制 住 。
斯伟江 ： 李庄 说 的 没有 不当 。
审判长 ： 辩护人 说话 请 举手 。
斯伟江 ： 公诉人 刚才 发言 也 没有 举手 示意 。
请 法官 一 碗 水 端平 。
审判长 ： 请 辩护人 注意 你 的 言辞 。
被告人 还有 什么 意见 ？
李庄 ： 另外 一个 问题 就 是 ， 徐丽 军 当年 去 北京 找 我 ， 我 没有 答应 。
审判长 ： 徐丽军 到 北京 找 你 的 问题 ， 已经 说 过 了 。
李庄 ： 再 说 最后 一个 观点 。
徐丽军 …
…
我 又 有 点 激动 。
审判长 ： 被告人 观点 发表 完毕 。
公诉人 发问 。
公诉人 ： 辩护人 提出 的 公诉 人 对 法庭 庭审 有 监督 职责 ， 我们 没有 这个 权利 。
今天 法庭 审理 的 目的 ， 是 查清 事实 。
被告人 李庄 ， 请 你 实事求是 地 陈述 犯罪 事实 。
孟某 请 没 请 你 担任 孟英 的 辩护人 ？
什么 时候 ？
李庄 ： 有 ， 具体 时间 得 看 卷宗 。
公诉人 ： 作为 辩护人 ， 你 到 检察院 、 法院 去 阅 过 卷 没有 ？
李庄 ： 没有 ， 材料 都 是 孟英 的 前任 律师 转交 我 的 。
公诉人 ： 前任 律师 是 谁 ？
前任 律师 是不是 …
…
斯伟江 ： 审判长 ， 我 反对 ， 这 是 诱供 。
要 问 前任 律师 叫 什么 ， 不 能 问 前任 律师 是 某 某某 么 ？
这 是 典型 的 诱供 。
公诉人 ： 我 是 问 被告人 ， 是否 是 某某 人 ？
没 说 一定 是 某某 人 。
审判长 ： 法庭 申明 规则 。
发 问 方 停止 发问 ， 由 法庭 发问 。
法庭 评议 后 认为 ， 公诉人 是 在 被告人 表示 记 不 住 的 情况 下 ， 进一步 发问 ， 不 算 诱供 。
公诉人 继续 发问 。
公诉人 ： 给 你 材料 的 律师 是 不 是 叫 Y ？
李庄 ： 不 是 ， 我 所有 的 材料 都 是 孟 某 转给 我 的 。
公诉人 ： 你 不 否认 是 投资 款 ？
李庄 ： 你 没 听 清楚 ， 不 否认 徐丽军 的 个人 意愿 认为 是 投资 款 。
但 款项 的 性质 ， 到 今天 也 没有 被 确定 。
公诉人 ： 徐丽军 的 意向 ， 是 将 此 款 用 在 公司 还 是 个 人 ？
李庄 ： 这 要 看 是 投资 给 谁 ， 如果 投 给 孟英 个人 ， 徐丽军 是 孟英 个人 下面 的 隐 名 股东 。
