合同 诈骗 发生 在 重庆 ， 重庆 有 权 在 本 辖区 内 指定 管辖 。
因此 ， 辩护人 和 被告人 以上 几 点 质证 意见 ， 不能 成立 。
斯伟江 ： 我 要 发表 意见 。
审判长 ： 本 组 质证 结束 ， 辩护人 有 意见 留待 后面 发表 。
斯伟江 ： 抗议 。
控 辩 双方 发表 质证 意见 要 对 等 。
审判长 ： 请 尊重 法庭 的 决定 。
今天 上午 的 庭审 结束 。
休庭 一 个 小时 后 继续 开庭 。
2011年 4月 19日 13时 30分 ： 审判长 ： 继续 开庭 。
有 新 观点 可以 发表 。
李庄 有 新 观点 没有 ？
李庄 ： 有 。
根据 《 刑事诉讼法 》 第124 条 ， 有 一个 侦查 期限 问题 ， 我 不 知道 从 什么 时候 开始 算 ？
本 案 2月 9日 立 案 ， 应该 符合 2 个 月 的 规定 。
如果 再 延长 两 个 月 ， 无论是 哪 一个 罪名 ， 是否 符合 期限 问题 。
我 被捕 后 ， 是 不 存在 的 ， 我 一直 在 羁押 中 。
另外 ， 根据 《 刑事诉讼法 》 第213 条 ， 余 刑 一年 以下 的 在 看守所 执行 。
第 211 条 ， 由 执行 机关 移送 检察 机关 。
必须 由 执行 机关 ， 无论是 受理 还是 监管 发现 ， 必须 有 移送 主体 和 被 移送 主体 ； 二 看 （ 重庆市 第二 看守所 ） 是 执行 机关 ， 没有 移送 检察 机关 法定 的 证据 。
审判长 ： 辩护人 有 何 新 观点 ？
斯伟江 ： 有 三点：一 、 公诉人 认为 ， 当时 只 收 到 犯罪 线索 ， 要 待 查实 才 算 犯罪 事实 。
2月 11日 ， 李庄 所 涉嫌 的 辩护人 妨害 作证 罪 立 案 的 时候 ， 是 没有 任何 证据 的 ， 跟 前面 徐丽 军 举报 是 一样 的 ， 都 只 是 线索 ， 你 凭 什么 说 不 能 适用 最高 法 93年 的 司法 解释 ？
所有 的 证据 都 是 在 2010年 8月 份 以后 取 的 。
二 、 审判 管辖 决定 公安 侦查 ， 这 是 不 可信 的 ， 没有 用 审判 管辖 倒 推 公安 管辖 的 。
三 、 关于 并 案 侦查 ， 为什么 把 龚 某某 的 举报 放 进 去 ？
因为 并 案 是 要 有 前提 的 ， 就是 至少 两 个 案 子 ， 像 这个 瓶子 一样 ， 下面 一个 是 基础 ， 上面 还有 一个 瓶子 ， 要 大 的 吸收 小 的 。
可是 ， 支撑 上面 的 这个 基础 没有 了 ， 何 来 的 合并 管辖 ， 合并 管辖 就 是 笑话 。
杨 学林 ： 补充 一点 。
请 公诉人 原谅 ， 我 还是 要 抓住 控告 书 的 问题 不 放 。
从 卷宗 材料 看 ， 检察院 是 2010年 1月 16日 接到 徐丽军 的 控告 书 的 ， 然后 在 1月 27日 移交 到 公安 机关 。
如果 没有 控告 书 的 话 ， 哪 来 的 移交 控告 书 的 函 ？
然后 又 哪 来 的 公安局 来 立 案 ？
我 请 公诉人 还是 把 它 提交 出来 吧 ， 否则 案 子 就 不能 成立 。
现在 看来 似乎 这 份 控告 书 在 侦查 机关 ， 没有 入 卷 。
我 认为 侦查 机关 这种 行为 就 是 隐匿 证据 ， 应 追究 侦查 机关 的 法律 责任 。
审判长 ： 公诉人 有 无 新 的 质证 意见 ？
公诉人 ： 有 新 的 质证 意见 ： 首先 、 被告人 李庄 提出 《 刑事诉讼法 》 第124 条 期限 的 问题 ， 是 指 侦查 羁押 期限 ， 是 从未 被 羁押 到 羁押 的 时间 。
但 李庄 一直 是 在 服刑 中 ， 《 刑法 》 第67 、 70 条 有 规定 。
第二 、 余 刑 一年 以上 的 ， 二审 宣判 之后 ， 公安 机关 将 李 庄 押 往 南川 监狱 。
在 此 过程 中 ， 因为 合同 诈骗 一 案 立 案 才 转为 第二 看守所 关押 。
三 、 辩 方 提出 的 1993年 批复 的 问题 ， 需要 仔细 审查 ， 发 回 重 审 。
而 当时 只是 一个 报 案 的 线索 ， 没有 正式 立 案 ， 没 进入 刑事 诉讼 的 程序 ， 就 能 判定 是 漏 罪 么 ？
关于 并 案 ， 公安 办 案 规则 第15 、 16 条 有 规定 ， 有 因 人 并 案 和 因 事 并 案 的 情况 ， 本 案 属于 因 人 并 案 的 情形 。
控告 书 的 事 ， 我方 已经 多次 说明 ， 该 份 证据 列入 目录 ， 并且 在 卷宗 内 。
休庭 后 提交 辩护人 查阅 。
李庄 ： 审判长 ， 我 要 发言 。
审判长 ： 被告 人 说 ， 不要 说 重复 的 观点 。
李庄 ： 人民 检察院 刑事 规则 ， 在 监督 、 监管 过程 中 ， 发现 有 漏 罪 的 ， 行使 的 监督 职能 ， 参照 《 刑事诉讼法 》 的 所有 程序 ， 是 一样 。
反正 你 还 有 一年 半 的 时候 ， 假设 我 有 二十年 ， 你 是否 十九年 时 才 找 我 呢 ？
公诉人 的 推理 ， 我 觉得 是 对 法律 的 误解 。
审判长 ： 公诉人 举 示 第二 组 证据 。
公诉人 ： 第二 组 证据 有 四 项 ： 第一 项 、 李庄 的 律师 执业 证书 ； 第二 项 、 委托书 ； 第三 项 、 康达 所 函件 一 份 ； 第 四 项 、 律师 会见 的 专用 介绍信 。
审判长 ： 被告人 发表 质证 意见 。
李庄 ： 真实性 无 异议 ， 跟 本 案 无 关联性 。
斯伟江 ： 不 用 拿 给 我 看 了 ， 我 都 已经 找到 了 ， 其他 没有 异议 。
就 一点 问题 ： 李庄 的 执业 证 ， 考核 合格 期间 是 2009年 6月 到 2010年 6月 ， 而 李庄 在 2008年 是否 是 正常 执业 状态 ， 这个 公诉 方 没有 提供 证据 证明 。
我 觉得 是 一个 证据 漏洞 。
审判长 ： 公诉人 有 何 意见 ？
公诉人 ： 律师 执业 证 可以 证明 被告 当时 是 作为 律师 代理 孟 英 挪用 资金 案 的 一审 辩护人 的 。
2009年 6月 到 2010年 6月 注册 合格 期间 担任 辩护人 ， 这 就 有 一个 前提 ， 2008年 李庄 担任 辩护人 也 是 合法 的 ， 辩护人 提出 的 问题 ， 不 影响 证据 的 证明 力 。
斯伟江 ： 公诉人 的 说法 逻辑 不通 。
大家 都 知道 ， 律师 执业 证 是 由 司法 局 一年 一 检 的 。
2009年 6月 到 2010年 6月 考核 合格 ， 并 不 表示 2008年 考核 时 检 过 了 。
请问 公诉 方 有 这个 证据 么 ？
公诉人 ： 李庄 对 这个 基本 事实 是 不 否认 的 。
审判长 ： 公诉人 继续 举 示 下 一 组 证据 。
公诉人 ： 出示 第三 组 证据 ： 第一： 徐丽军 的 证言 及 辨认 笔录 。
2010年 8月 22日 笔录 ： 2010年 11月 4日 的 笔录 ， 都 有 相同 陈述 。
2010年 12月 11日 笔录 。
2011年 3月 27日 笔录 。
2010年 8月 22日 辨认 笔录 。
