审判长 ： 公诉人 继续 举 证 。
公诉人 ： 举 示 第四 组 证据 。
证人 证言 ： 1 、 孟某 的 证言 ： 12月 3日 笔录 ； 2011年 4月 6日 笔录 ； 2 、 戴 某某 的 证言 ； 3 、 闵 某某 的 证言 ： 12月 3日 证言 。
4 、 俞某 的 证言 ： 孟 英 案 辩护人 之一 。
在 司法局 接受 询问 。
俞 某 证明 孟英 认为 是 投资 ； 5 张 某 的 证言 。
举 示 完毕 。
证明 ： 一 、 还款 协议 书 是 在 李庄 主持 及 口述 下 完成 的 ； 二 、 李庄 已经 审阅 材料 ， 知晓 是 投资 款 。
审判长 ： 被告人 发表 质证 意见 。
李庄 ： 一 、 孟 某 证明 是 朱 某某 母亲 联系 徐丽军 。
徐丽军 的确 是 冒 着 风险 的 ， 当初 她 诬告 孟 英 的 风险 。
你们 有所 表示 这 话 我 说 过 ， 人家 有 风险 ， 你们 当然 得 有所 表示 ， 我 多次 督促 孟 家人 尽快 还 徐丽军 的 钱 。
关于 录音 ， 孟某 那 千真万确 地 有 ， 我 记得 她 笔录 里 说 ， 让 她 听 。
二 、 戴 某某 ， 是 在 辽宁 大厦 取证 ， 取证 地点 不 合法 。
其 内容 是 真实 的 ， 谁 提 出来 的 写 还款 协议 ， 是 徐丽军 提出 好几 次 。
开始 我 不 愿意 。
这 是 保护 徐丽军 的 权利 。
三 、 关于 闵 某某 ， 说 的 基本 属实 ， 我 归纳 ， 她 写 的 。
四 、 俞某 的 证言 ， 举 证 地点 的 问题 ， 是 其 单位 的 上级 ， 不 合法 。
关于 王 某某 是 隐 名 股东 身份 ， 我 对 其 律师 身份 质疑 。
什么 叫 隐 型 ？
与 实 名 股东 是 什么 法律 关系 ？
虽然 真实 法律 关系 不 明确 ， 但 不 是 投资 与 被 投资 的 关系 。
我 的 辩护 观点 ： 挪用 不够 三 个 月 。
公诉人 应该 深思 。
孟 英 那个 判决 没有 采纳 徐丽军 的 证言 。
最后 一个 、 张某 的 证言 也 是 地点 问题 。
跟 刚才 观点 一样 的 。
审判长 ： 辩护人 发表 质证 意见 。
斯伟江 ： 孟某 12月 3日 的 证言 ， 前面 风险 这 部分 我 不 讲 了 。
我 想 说 的 是 ， 李庄 让 她 把 钱 拿 回来 ， 是 符合 徐汇区 法院 民事 判决 的 ， 不 是 投资 。
是 徐丽军 自己 提出 的 要 把 钱 拿 回来 。
所以 签 那个 协议 ， 不 能 证明 李 庄 引诱 、 教唆 。
与 判决 一致 。
戴 某某 的 证言 ： 她 觉得 好 的 律师 介绍 给 孟英 。
闵 某某 证言 ： 徐丽军 是 可以 依据 这 份 协议 主张 权利 。
俞某 的 证言 ： 首先 ， 侦查 机关 是 重庆市 公安局 还是 江北区 公安局 ？
这 两 个 局 是 一个 局 么 ？
江北区 办 案 ， 为什么 还 有 市 局 的 人员 ？
3月 28日 晚 6点 52分 取证 ， 侦查 已经 终结 ， 你 在 重庆 已经 侦查 终结 了 。
为什么 侦查 终结 后 还要 继续 取证 ？
在 司法局 询问 ， 这 对 律师 形成 什么样 的 压力 ？
《 刑事诉讼法 》 第129 条 规定 ， 什么 叫 侦查 终结 ？
犯罪 事实 清楚 ， 证据 确实 充分 。
是否 是 事实 不 清 ？
证据 不 充分 ？
才 要 侦查 终结 后 继续 调查 ？
对 这 份 违法 证据 ， 希望 法庭 明确 。
本 案 从 侦查 、 到 起诉 ， 再 到 审理 ， 程序 屡屡 违法 ， 漏洞百出 。
俗话说 ， 强 扭 的 瓜 不 甜 ， 强 管 的 案 子 ， 程序 上千 疮 百 孔 。
程序 正义 犹如 交通 规则 ， 如果 今天 江北区 公检法 可以 这样 不顾 交通 规则 ， 把 李庄 撞 回 监狱 ， 明天 任何 一个 老百姓 也 可以 被 撞 进 监狱 ， 甚至 包括 在座 各位 ， 谁 也 不 能 幸免 。
这 里面 律师 对 款项 性质 的 认定 观点 不 一样 ， 我 想 法律 人 的 观点 不 同 是 正常 的 ， 要不然 也 不用 分工 。
而且 这 位 律师 讲 到 隐 型 股东 ， 这 是 没有 的 概念 ， 应该 叫 隐 名 股东 。
这 份 证据 不 能 认定 。
关于 张某 的 证言 ： 调查 时间 是 3月 31日 上午 ， 这样 的 证据 是 完全 非法 的 。
如果 检察 机关 认为 证据 不足 ， 可以 退回 补充 侦查 。
侦查 机关 在 未 被 退回 补充 侦查 的 情况 下 ， 还要 继续 调查 ， 是否 可以 这样 倒 推 ， 是 因为 证据 不 充分 。
最后 两 份 证据 是 完全 不 应该 作为 定 案 依据 的 。
这 几 份 证据 能 证明 什么 ？
我 觉得 公诉人 说 的 这些 话 ， 我 是 说 不 出来 的 。
杨 学林 ： 孟某 的 证言 一共 有 5 份 ， 其中 有 三 份 是 2010年 12月 3日 一 天 之内 做 的 。
在 第一 份 笔录 中 ， 作为 证明 教唆 的 发生 ， 其中 只 有 一 句 话 。
但 这 只 是 孟某 的 一 种 自我 判断 ， 并 不 是 证明 客观 事实 。
于是 侦查 人员 便 又 去 做 另外 二 份 笔录 ， 结果 也 没有 获得 满意 的 证言 ； 后来 在 2011年 3月 24日 的 笔录 中 ， 虽然 侦查 人员 一 个 劲儿 地 问 签 还款 协议 的 事 ， 孟某 还是 说 我 是 不 清楚 的 。
侦查 机关 又 问 在 上海 的 时候 ， 李庄 有 没 有 教唆 ？
内容 是 什么 ？
这种 问 法 是 有 问题 的 。
整 份 笔录 ， 都 没有 证明 李庄 有 教唆 行为 ， 无法 证明 李庄 有 犯罪 行为 。
关于 戴 某某 的 证言 ： 看来 侦查 人员 是 急 了 ， 便 对 证人 进行 了 陷阱 式 的 发问 ， 先 问 ： “ 徐丽军 与 孟英 合伙 做 的 生意 如何 ？
” 都 合伙 了 ， 这 不 就 是 说 投资 么 ？
你 让 一个 76 岁 的 老太太 如何 来 回答 这样 的 问题 ？
关于 闵 某某 的 证言 ： 侦查 人员 与 对 戴 某某 的 发问 方式 相同 ， 属于 诱导 式 。
关于 上海 两 律师 的 证言 ： 前 一个 是 先 被 解除 委托 关系 ， 然后 李 庄 介入 孟 英 案 ； 后 一个 是 李庄先 被 解除 委托 关系 ， 然后 他 介入 孟 英 案 。
他们 既 与 李庄 有 职业 上 竞争 的 利害 关系 ， 同时 他们 的 辩护 观点 也 与 李 庄 不同 。
因此 ， 他们 的 不 利于 李庄 的 证言 ， 我 认为 不 应 采 信 。
审判长 ： 公诉人 有 何 意见 ？
公诉人 ： 讲 三点：一 、 李庄 及 辩护人 关于 戴 某某 、 闵 某某 证言 的 搜集 程序 没有 异议 ， 对 孟某 的 证言 的 内容 是 认可 的 。
