原告 变更 后 的 诉讼 请求 合法 合理 有 据 ， 应 予 支持 。
事发 后 被告 支付 的 17300 元 。
审 ： 由 被告 发表 辩论 意见 ？
被告 ： 我 在 本次 事故 中 不 承担 事故 责任 。
但 对于 无 责 情况 下 应 承担 的 交 强 险 责任 ， 我 愿意 承担 。
审 ： 原 、 被告 是否 有 补充 意见 ？
原告 ： 没有 。
被告 ： 没有 。
审 ： 现在 由 原 、 被告 作 最后 陈述 。
原告 ： 请求 法庭 依法 支持 原告 的 诉讼 请求 。
被告 ： 请求 法庭 依法 判决 。
审 ： 根据 《 中华人民共和国 民事 诉讼法 》 的 有关 规定 ， 合议庭 现在 组织 双方 调解 。
原告 是否 愿意 调解 ？
原告 ： 愿意 。
审 ： 被告 是否 愿意 调解 ？
被告 ： 愿意 。
审 ： 先 由 原告 发表 调解 方 案 ？
原告 ： 我方 要求 被告 至少 赔偿 25 万 元 。
审 ： 由 被告 发表 调解 意见 ？
被告 ： 25 万 元 太 高 了 ， 我 无法 接受 。
审 ： 由于 原 、 被告 双方 分歧 太 大 ， 无法 调解 。
合议庭 将 依法 裁判 。
裁判 前 ， 合议庭 将 充分考虑 各方 当事人 的 意见 。
本 案 另 定 日期 宣判 。
现在 宣布 休庭 （ 敲击 法 槌 ） 。
庭审 笔录 原 、 被告 及 诉讼 代理人 阅 后 签字 。
书 ： 全体 起立 ， 请 审判长 、 审判员 、 人民 陪审员 退庭 。
书 ： 请 当事人 和 旁听 人员 退庭 。
当事人 签名 ： 审判 人员 签名 ： 书记员 ： 查明 诉讼 参加 人 到 庭 情况 。
原告 ： 李某 平 （ 到 庭 ） 诉讼 代理人 ： 陈某 海 （ 未 到 庭 ） 诉讼 代理人 ： 胡某 （ 到 庭 ） 第一 被告 ： 包某 平 （ 到 庭 ） 第二 被告 ： 包 某 福 （ 到 庭 ） 书 ： 请 当事人 及其 诉讼 代理人 入 庭 就 坐 。
书 ： 请 肃静 ！
下面 宣布 法庭 纪律 ： 根据 《 中华人民共和国 人民法院 法庭 规则 》 的 有关 规定 ， 下列 人员 不得 旁听 开庭 ： （ 一 ） 未成年人 （ 经 法院 批准 的 除外 ） ； （ 二 ） 精神 病人 和 醉 酒 的 人 ； （ 三 ） 其他 不宜 旁听 的 人 。
当事人 及其 他 诉讼 参与 人 、 旁听 人员 必须 遵守 下列 纪律 ： 1. 未经 审判长 许可 ， 不得 录音 、 录像 和 摄影 ； 2. 不得 随意 走动 ， 未经 审判长 许可 ， 不准 进入 或 退出 审判 区 ； 3. 未经 审判长 许可 ， 不得 发言 、 提问 ， 发言 提问 时 不 准 使用 侮辱性 、 攻击性 语言 ； 4. 不得 鼓掌 、 喧哗 、 哄 闹 和 实施 其他 妨害 审判 活动 的 行为 ； 5. 证人 到 证人 室 听候 通知 ， 不得 参加 旁听 ； 6. 所有 人员 庭审 期间 禁止 使用 移动 电话 、 传呼机 、 对讲机 等 通讯 工具 ； 7. 所有 人员 庭审 期间 禁止 吸烟 。
书 ： 全体 起立 ！
请 审判长 、 审判员 、 助理 审判员 入 庭 就 坐 。
审判长 ： 请 坐 下 ！
书 ： 报告 审判长 ， 参加 诉讼 的 当事人 已 入 庭 就 坐 ， 庭审 准备 工作 就绪 ， 可以 开庭 。
原告 ： 李某 平 ， 女 ， 1983年 10月 6日 出生 ， 汉族 ， 江苏省 睢宁县 人 ， 南昌 职业 学院 教务 干事 ， 户籍地 江苏省 睢宁县 睢 城镇 潘 村村 193 号 ， 现 住 江西省 南昌市 湾里区 南昌 职业 学院 集体 宿舍 A5 栋 401 室 。
公民身份 号码 ： 372901198310068105 。
诉讼 代理人 ： 陈某 海 ， 南昌市 为 民 法律 服务 所 法律 服务 工作者 。
执业 证 号 ： 3140106110481 。
代理 权限 ： 代 为 承认 、 放弃 、 变更 诉讼 请求 ， 进行 和解 ， 提起 上诉 特别 授权 。
诉讼 代理人 ： 胡某 ， 江西 巨贤 律师 事务所 律师 。
执业 证 号 ： 13601199310725041 。
代理 权限 ： 一般 授权 。
第一 被告 ： 包 某 平 ， 男 ， 1985年 10月 1日 出生 ， 汉族 ， 江西省 黎川县 人 ， 住 江西省 黎川县 潭 溪 乡 河塘 村 新 港 街 36 号 。
公民身份 号码 ： 362523198510010818 。
第二 被告 ： 包 某 福 ， 男 ， 1974年 2月 8日 出生 ， 汉族 ， 江西省 黎川县 人 ， 户籍地 江西省 黎川县 潭 溪 乡 河塘 村 新 港 街 30 号 ， 现 住 江西省 南昌市 湾里区 幸福 路 后 街 。
公民身份 号码 ： 362523197402080814 。
审 ： 原告 对 被告 出庭 人员 有 无 异议 ？
原告 ： 没有 异议 。
审 ： 被告 对 原告 出庭 人员 有 无 异议 ？
第一 被告 ： 没有 异议 。
第二 被告 ： 没有 异议 。
审 ： 经 审查 ， 原 、 被告 出庭 人员 符合 法律 规定 ， 可以 参加 本 案 诉讼 。
审 ： 根据 《 中华人民共和国 民事 诉讼法 》 的 有关 规定 ， 江西省 南昌市 湾里区 人民法院 今天 在 此 就 原告 李某 平 诉 被告 包 某 平 、 包 某 福 机动车 交通事故 责任 纠纷 一 案 进行 公开 审理 ， （ 敲击 法 槌 ） 现在 宣布 开庭 。
审 ： 根据 《 中华人民共和国 民事 诉讼法 》 的 有关 规定 ， 本 案 原 合议庭 由 本 院 审判员 担任 审判长 ， 与 审判员 、 助理 审判员 组成 组成 合议庭 进行 审理 ， 书记员 担任 记录 。
原 、 被告 对 此 是否 有 异议 ？
原告 ： 没有 异议 。
第一 被告 ： 没有 异议 。
第二 被告 ： 没有 异议 。
审 ： 根据 《 中华人民共和国 民事 诉讼法 》 的 有关 规定 ， 民事 诉讼 当事人 有 以下 诉讼 权利 和 义务 ： （ 一 ） 有 就 案 件 事实 进行 陈述 和 申辩 的 权利 ； （ 二 ） 有 委托 代理人 ， 收集 、 提供 证据 ， 进行 辩论 ， 请求 调解 ， 提起 上诉 ， 申请 执行 的 权利 ； （ 三 ） 原告 可以 放弃 或者 变更 诉讼 请求 ， 被告 可以 承认 、 反驳 原告 诉讼 请求 ， 有 权 提起 反诉 ； （ 四 ） 双方 当事人 必须 依法 行使 诉讼 权利 ， 遵守 诉讼 秩序 ， 未经 审判长 同意 不得 擅自 发言 ； （ 五 ） 原告 未经 法庭 许可 中途 退庭 的 ， 可 按 撤诉 处理 ， 被告 未经 法庭 许可 中途 退庭 的 ， 可以 缺席 判决 ； （ 六 ） 双方 当事人 有 义务 自觉 履行 发生 法律 效力 的 判决 、 裁定 和 调解书 ， 并 按规定 缴纳 诉讼 费用 。
审 ： 原 、 被告 对 诉讼 权利 、 义务 是否 清楚 ？
原告 ： 清楚 。
第一 被告 ： 不 清楚 。
第二 被告 ： 清楚 。
审 ： 由于 第一 被告 对 诉讼 权利 、 义务 不 清楚 ， 合议庭 现在 重新 宣读 一 遍 诉讼 权利 、 义务 ， 请 第一 被告 认真 听 。
审 ： 根据 《 中华人民共和国 民事 诉讼法 》 的 有关 规定 ， 民事 诉讼 当事人 有 以下 诉讼 权利 和 义务 ： （ 一 ） 有 就 案 件 事实 进行 陈述 和 申辩 的 权利 ； （ 二 ） 有 委托 代理人 ， 收集 、 提供 证据 ， 进行 辩论 ， 请求 调解 ， 提起 上诉 ， 申请 执行 的 权利 ； （ 三 ） 原告 可以 放弃 或者 变更 诉讼 请求 ， 被告 可以 承认 、 反驳 原告 诉讼 请求 ， 有 权 提起 反诉 ； （ 四 ） 双方 当事人 必须 依法 行使 诉讼 权利 ， 遵守 诉讼 秩序 ， 未经 审判长 同意 不得 擅自 发言 ； （ 五 ） 原告 未经 法庭 许可 中途 退庭 的 ， 可 按 撤诉 处理 ， 被告 未经 法庭 许可 中途 退庭 的 ， 可以 缺席 判决 ； （ 六 ） 双方 当事人 有 义务 自觉 履行 发生 法律 效力 的 判决 、 裁定 和 调解书 ， 并 按规定 缴纳 诉讼 费用 。
