同时 ， 也 希望 起 到 警示 作用 …
…
。
李庄 ： 审判长 ， 我 请求 休息 一下 。
审判长 ： 休庭 五分 钟 后 继续 。
五分 钟 后 ： 审判长 ： 继续 开庭 。
要求 控 、 辩 双方 理性 平和 。
公诉人 ： （ 继续 宣读 公诉 词 …
…
） 审判长 ： 被告人 有 没 有 自我 辩护 意见 ？
李庄 ： 有 。
我 要求 休庭 是 因为 我 听 了 公诉人 刚才 宣读 的 公诉 词 ， 实在 控制 不 住 ， 混 身 发抖 。
我 对 公诉 词 深表 理解 。
这样 的 公诉 词 也 都 是 千千万万 的 公诉人 写 的 。
执业 这么 多 年 来 ， 给 我 印象 最 深 的 ， 是 深圳 罗湖区 的 某 位 公诉人 ， 他 能 根据 当天 的 法庭 调查 情况 修改 公诉 意见 。
质证 之后 将 七 项 罪名 去掉 其中 三 项 ， 表示 自己 审查 起诉 不严 。
这 让 我 终生 难忘 。
作为 律师 ， 不 能 事先 按照 框架 ， 法庭 出现 什么 情况 都 是 要 调整 的 。
今天 又 出现 了 标准格式 的 公诉 词 ， 完全 不 顾 法庭 审理 的 情况 ， 都 是 套话 ， 不 体现 法律 的 尊严 。
审判长 ： 直接 发表 观点 。
李庄 ： 说 心里话 ， 实体 辩护 ， 本 不 想 讲 ， 我 想 配合 法庭 尽快 审理 。
但是 我 要 不 讲 出来 ， 我 怕 法庭 笑话 我 曾经 是 律师 什么 也 不 懂 。
经过 昨天 和 今天 的 开庭 ， 所有 的 事实 没有 全部 展现 在 法庭 ； 所有 的 证据 ， 也 没有 展示 在 法庭 。
这样 的 客观 现象 ， 在座 的 各位 也 确定 下来 了 。
辩 方 想 出示 的 没有 被 允许 ， 连 控 方 在 目录 里 的 也 没有 被 允许 展示 。
客观 事实 没有 搞 清楚 ， 真正 证据 没有 展示 ， 怎么 审 ？
怎么 得出 客观 的 判决 呢 ？
最后 ， 我 还是 想 强调 一下 ， 我 上午 的 两 个 申请 ， 关于 徐丽军 在 这个 案 件 中 的 刑事 诉讼 地位 。
当事人 的 身份 ， 双重 身份 ， 如何 适用 法律 。
帮助 我们 的 审判 ， 我 不 想 说 她 吸毒 等 。
但 她 不 出庭 ， 确实 是 遗憾 。
如果 不 给 徐丽军 作 司法 鉴定 、 尿样 化验 ， 不 应该 把 她 作为 证人 、 作为 控告人 。
如果 我 是 公诉人 ， 我 会 这样 做 。
证人 证言 的 效力 问题 ： 经过 这 两 天 开庭 ， 是 不 是 像 公诉人 说 的 证据 确实 充分 ， 合法 有效 ？
实际上 ， 大家 都 明白 。
唯一 的 一 份 ， 以 我 看来 ， 所谓 直接 证据 ， 也 是 立 案 的 依据 ， 就是 徐丽军 的 控告 。
其他 张 三 、 李 四 ， 没有 一个 人 来 指 证 我 教 徐丽 军 作伪 证 。
充其量 说 我 解释 了 法律 规定 ， 讲解 了 投资 和 借款 的 区别 。
无非 就是 这样 。
辩 方 提交 的 最 主要 的 一 份 证据 ， 我 认为 这 一 份 证据 可以 推翻 控 方 一切 证据 ， 就 是 2005年 的 录音 。
录音 材料 非常 清楚 。
至于 那 两 个 法律 工作者 是否 了解 孟 英 案 处在 什么 法律 阶段 。
也 没有 任何 相关 机关 规定 ， 孟 英 案 在 侦查 ， 不要 擅自 取证 。
侦查 阶段 《 刑事诉讼法 》 又 规定 了 ， 凡是 能够 证明 事实 的 都 是 证据 。
最高院 的 证据 规则 ， 公诉人 管 它 什么 时间 取得 ， 程序 方面 的 事 ， 我 认为 也 无 伤 大雅 。
所有 公安 机关 ， 有 很多 都 有 瑕疵 ， 很多 刑事 案 件 就 无法 搞 了 。
但是 重大 的 错误 和 瑕疵 就 不 一样 了 。
针对 本 案 ， 到底 是 不 是 我 教唆 和 引诱 ， 关键 是 我 引诱 的 时间 与 徐丽军 与 法律 服务 所 的 时间 ， 相差 三年 。
所有 的 人 名 ， 我 都 不 认识 。
她 所 作 的 证言 的 内容 ， 给 我 印象 特别 深刻 。
说 了 一 系列 的 话 ， 这些 话 不 是 我 能 编造 出来 的 。
她 在 三年 前 就 这么 说 过 。
不 是 我 编 的 ， 而且 说 的 是 借款 。
我 不 可能 三年 前 认识 她 。
这 是 一 万 个 证据 都 推翻 不 掉 的 。
另外 一个 就 是 本 案 的 程序 问题 ， 我 跟 公诉人 也 探讨 过 。
跟 去年 一样 ， 假如 去年 我 判 了 一年 半 ， 今年 判 了 七年 ， 数 罪 并 罚 ， 可 不 是 两 起 犯罪 。
本 案 是 同一个 罪名 。
这个 逻辑 如果 推广 ， 我 觉得 作为 法律 人 ， 法 是 铁 的 ， 任何人 不 能 随便 更改 。
怎么 来 合并 ， 这个 难题 怎么 解决 ?
另外 ， 说 一下 徐丽军 的 公信力 的 问题 。
通过 大量 的 证据 显示 ， 举报 孟 英 。
后来 反悔 了 ， 现在 又 举报 我 。
已经 完全 丧失 了 公信力 。
在 法律 上 ， 两 次 不同 的 证言 ， 总 有 一 次 是 伪证 。
徐丽军 应 受到 法律 制裁 ， 为什么 逃避 打击 ？
另外 还有 一个 证人 孟英 ， 我 曾经 的 当事人 。
我 也 恳请 我 的 辩护人 请 她 出庭 ， 她 也 没有 来 。
这 我 也 左右 不 了 。
这个 人 能够 接受 媒体 的 采访 ， 为什么 不 能 到 法庭 上 来 。
能 不能 对 那些 证人 ， 在 法律 范围 内 多 做 一些 工作 ？
下 一个 问题 ， 我 对 本 案 证据 运用 的 思考 。
周永康 说 过 ， 对 任何 案 件 的 判处 ， 运用 证据 应当 排除 一切 合理性 的 怀疑 ， 只能 得出 唯一 的 结论 。
这 句 话 ， 给 我 留下 深刻 的 印象 。
我 常常 回味 这 句 话 ， 任何 一个 法律 人 都 应该 遵照 。
经过 这 两 天 的 庭审 ， 所有 在 法庭 上 出示 的 证据 ， 是 不 是 能 得 出 唯一 的 结论 ， 是 不 是 都 排除 掉 了 合理 怀疑 呢 ？
尤其 是 徐丽军 的 证言 。
我 曾经 跟 审判 人员 交流 过 。
我 到 现在 不 明白 ， 我 想 各位 都 不 明白 。
要不然 就 是 有 更 大 的 黑幕 。
我 坚信 ， 我 有 预感 ， 徐丽军 还 是 会 变化 的 。
早 早晚 晚 ， 会 拿 着 借条 起诉 孟 英 。
另外 ， 出示 的 另外 一 份 证据 ， 在 公诉人 的 眼中 ， 就 一锤定音 了 。
就 是 投资 款 ， 到 现在 没有 搞 清 ， 围绕 投资 和 借款 。
这 款 到底 是 谁 的 ？
徐丽 军 到底 在 100 万 中 有 多 大 的 权利 ？
