李庄 是 让 徐丽 军 出庭 ， 让 大家 质证 检验 其 精神状态 ， 李 庄 做到 的 ， 今天 的 公诉 人 敢 吗 ？
第三 ， 苏文龙 的 证言 不 可信 ， 苏文龙 是 徐丽军 的 儿子 。
几 年 前 的 一个 饭局 ， 坐 哪里 的 细节 居然 还 记得 ， 不 符合 常理 。
而且 ， 苏文龙 只 在 关于 李庄 的 片言只语 中 ， 说 “ 我 只 听 到 几 句 ， 现在 能 记 清楚 的 就 是 李庄 让 我 母亲 放心 ， 黄 说 把 她 投资 的 钱 说 成 是 借 给 孟英 的 ” 。
其他 都 记 不 清楚 了 ， 这样 选择性 记忆 证人 ， 可信度 极 差 。
第 四 ， 徐丽军 的 母亲 杨盛梅 的 证言 只 是 传闻 证据 ， 而且 ， 取证 地点 在 其 卧室 ， 这样 的 取证 ， 让 辩护人 大开眼界 。
一 个 70 几 岁 的 老太太 ， 动辄 说 作伪 证 ， 法 言 法语 ， 令 人 咂 舌 。
第五 ， 公安 机关 在 侦查 终结 之后 所 取 证据 ， 完全 违反 刑 诉 法规定 ， 这些 证据 ， 法院 绝对 不能 采 信 。
我国 刑 诉 法 第129 条 规定 ， “ 公安 机关 侦查 终结 的 案 件 ， 应当 做 到 犯罪 事实 清楚 ， 证据 确实 充分 ， 并且 写 出 起诉 意见书 ， 连同 案 卷 、 证据 一并 移送 同级 人民 检察院 审查 决定 ” 。
首先 ， 本 案 案 卷 中 没有 起诉 意见书 。
起诉 意见书 不 提供 ， 检察院 是否 应该 法律 监督 ？
其次 ， 既然 ， 事实 清楚 ， 证据 确实 充分 了 ， 你 为什么 还要 继续 调查 ， 取证 ？
反 过来 是否 正好 证明 你 事实 不 清 ， 证据 不足 ？
第三 公安 机关 的 侦查 权 到 了 侦查 终结 后 ， 就 没有 了 ， 凭 什么 在 起诉 阶段 ， 甚至 法院 审理 阶段 ， 还 在 侦查 ， 这种 证据 ， 如果 法院 能 采 信 ， 那么 ， 公安 机关 是否 在 开庭 后 ， 还 可以 继续 取证 ？
第 六 ， 最 重要 的 是 ， 根据 最高人民法院 （ 法 发 2010 ） 20 号通知 ： “ 办理 其他 刑事 案 件 ， 参照 《 关于 办理 死刑 案 件 审查 判断 证据 若干 问题 的 规定 》 （ 下次 死刑 案 件 证据 规定 ） 执行 ” 。
而 《 死刑 案 件 证据 规定 》 第十五 条 规定 ， “ 具有 下列 情形 的 证人 ， 人民法院 应当 通知 出庭 作证 ； 经 依法 通知 不 出庭 作证 证人 的 书面 证言 经 质证 无法 确认 的 ， 不能 作为 定 案 的 根据 ： （ 一 ） 人民 检察院 、 被告人 及其 辩护人 对 证人 证言 有 异议 ， 该 证人 证言 对 定罪 量刑 有 重大 影响 的 ” ； 在 庭审 之前 ， 辩护人 即 对 证人 证言 有 异议 ， 要求 法院 通知 证人 出庭 ， 现在 证人 不 出庭 ， 上述 证据 ， 不 应该 被 作为 定 案 的 证据 。
第 七 ， 公安 机关 存在 明显 的 诱供 行为 如 2011年 3月 24日 桂学武 、 李军 对 孟玲 的 询问 笔录 ， 第2 页 ， 没有 由来 地 ， 直接 问 ： 你 是否 听到 李 庄 教唆 徐丽军 把 投资 款 说 成 是 借款 ？
正常 的 话 应当 问 ， 你 听 到 李庄 和 徐丽军 说 什么 ？
同 页 ： 侦查 人员 问 ， 李庄 有 没 有 教唆 徐丽军 把 投资 款 说 成 借款 ， 他 是 怎样 教 的 ？
这种 诱供 ， 非常 露骨 。
本 案 如果 依法 排除 了 不 出庭 的 主要 证人 徐丽军 、 苏文龙 之后 ， 并 无 其他 有力 证据 。
据 证人 王 辽 的 说法 ： 李庄 和 徐丽军 说话 ， 徐丽 军 提到 她 投资 金汤 城 的 钱 的 事 ， 李庄 就 用 法律 方面 的 规定 告诉 徐丽军 ， 什么 算 借 钱 ， 什么 算 投资 款 ， 具体内容 我 说 不 出来 。
然后 ， 李庄 就 对 徐丽军 说 了 些 话 ， 意思 是 要 徐丽军 把 这个 钱 说 成 借款 。
从 这 段 证言 看 ， 李庄 实际上 是 在 分析 徐丽 军 投入 款项 的 法律 性质 ， 这 和 徐汇 法院 的 判决 是 一致 的 ， 也 和 金汤 城 的 律师 意见 一致 ， 也 和 徐丽 军 录音 说 的 一致 。
如果 这 是 事实 ， 那么 这样 的 法律 分析 ， 是 完全 合法 的 。
以上 的 证据 ， 充分 表明 了 对于 徐丽军 （ 王德伟 ） 投入 到 金汤 城 的 款项 性质 ， 绝对 不 是 简单 的 投资 款 ， 从 各项 证据 来看 ， 是 一 种 待 转化 的 债权 ， 在 没有 其他 股东 确认 之前 ， 只是 一个 借款 或者 类似 借款 的 债权 而已 。
徐丽军 在 法庭 上 所 作 证言 符合 事实 ， 不管 李庄 如何 说 ， 都 不 构成 妨害 作证 罪 。
审判长 、 审判员 ： 各位 坐 在 法庭 上 ， 头 戴 国徽 ， 身 穿 法 袍 ， 手 握 法 槌 ， 行使 法律 授予 的 权力 ， 无 一 不 需要 法律 上 的 授权 ， 如果 没有 程序 法 上 的 授权 ， 今天 的 庭审 将 寸步难行 。
同 为 法律 人 ， 辩护人 和 法官 、 公诉人 都 应该 如同 珍惜 自己 的 职业 声誉 一样 ， 尊重 法定 程序 ， 依照 程序 法 来 ， 仔细 判断 有 没 有 管辖权 ， 侦查 取证 时间 、 地点 是否 符合 刑 诉 法 ， 是否 超期 ， 综合 的 证据 是否 内心 确证 事实 清楚 ， 证据 确凿 ， 只有 这样 ， 步步为营 ， 环环相扣 ， 逻辑 严密 ， 得出 的 结论 ， 才 会 赢 得 大家 的 尊重 ， 这 也 是 法治 的 精髓 所在 。
反其道而行之 ， 得到 的 判决 ， 只 会 带来 羞辱 。
今天 的 开庭 如此 引人瞩目 ， 不 是 因为 被告人 是 李庄 ， 李庄 只 是 一个 非常 普通 的 人 ， 只 是 性格 比较 倔强 而已 。
本 案 引人瞩目 ， 只是 因为 李庄 是 一个 在 执业 中 的 律师 ， 这个 职业 本来 是 该 保护 犯罪 嫌疑人 合法 权益 的 ， 律师 不 是 国家 专政 机器 的 对立面 ， 而 恰恰 是 为了 保证 公民 在 国家机器 面前 有人 依法 保护 他 ， 毕竟 公检法 未必 全 是 对 的 ， 否则 ， 也 不 需要 立 国家 赔偿 法 了 。
这种 在 履行 职务 过程 中 无辜 被 入 罪 。
这 和 殴打 ， 拘禁 一个 正在 看病 的 医生 一样 ， 是 一 种 双重 伤害 。
因为 ， 同时 受伤 的 ， 是 任何 公民 的 律师 辩护权 。
而 今天 的 李 庄 案 ， 是 双重 的 双重 伤害 ， 所以 ， 才 更 让 人 同情 ， 也 更 让 人 担心 中国 犯罪 嫌疑人 能否 得到 律师 真正 的 帮助 。
一 个 律师 在 给 死刑犯 辩护 时 ， 第一 次 被 306 条 ， 已经 引起 国 人 瞩目 ， 今天 ， 他 又 一 次 被 同一个 罪名 ， 在 同 一个 地方 受审 ， 审理 的 内容 却 是 在 上海 做 的 事 ， 单单 程序 上 的 不公 ， 已经 可以 说是 ， 决 嘉陵 之 波 ， 流 恶 难 尽 。
