罄 歌 乐 之 竹 ， 难 书 其 罪 。
之后 ， 恐怕 ， 不管 实体 如何 判 ， 如何 文字 构 陷 ， 罪 轻 罪 重 ， 已 难 堵 天下 ， 悠悠 之 口 。
最后 ， 鹦鹉 学舌 ， 学 下 公诉人 的 警示 教育 。
对于 李庄 ， 最 大 的 教训 就 是 ， 在 中国 如此 险恶 的 刑事 辩护 环境 下 ， 居然 还 敢 提交 数十 份 无罪 证据 ， 居然 还 敢 向 法庭 申请 证人 出庭 ， 居然 还 敢 对 权力 机关 叫 板 ， 你 赢得 了 死刑犯 朱立岩 及 其 母亲 的 尊敬 ， 然后 ， 夜 路 走 多 终于 见到 鬼 ， 自己 身陷囹圄 ， 亲人 都 见 不 到 。
这 才 是 最 需要 接受 教训 的 事情 。
沉痛 的 是 ， 李庄 最 也 不 可能 吸取 教训 ， 重 做 律师 ， 只 能 让 其他 刑事 辩护律师 吸取 自己 的 教训 ， 当事人 的 罪 与 非 罪 是 第二 位 的 ， 律师 自身 安全 是 第一 位 的 ， 如 李庄 般 傻 ， 一 再 入 罪 ， 值得 吗 ？
从 公诉 人口 中 讲 到 李 庄 案 的 特殊 ， 和 本 案 管辖 上 ， 程序 上 的 诸多 违法 之 处 ， 辩护人 和 李庄 早就 预测 到 本 案 的 结果 ， 将 会 是 有 罪 ， 也 不 指望 有 奇迹 发生 。
对于 这种 既定 结果 的 判决 面前 ， 似乎 辩护人 是 无力 的 ， 然后 ， 在 历史 审判 面前 ， 谁 都 无法 逃脱 。
违背 法律 的 人 ， 必将 被 法律 所 严惩 。
天理 昭昭 ， 李庄必 有 昭雪 的 一 天 。
这 句 话 ， 送给 李庄 ， 也 送给 所有 的 法律 人 。
正义 虽然 不 在 当 下 ， 但 ， 我们 等 得到 ！
谢谢 ！
上海 大 邦 律师 事务所 律师 ： 斯伟江 2011年 4月 20日 审判长 ： 休庭 五分 钟 。
五分 钟 后 ： 审判长 ： 继续 开庭 ， 另 一 位 辩护人 发表 辩护 意见 。
杨 学林 发表 辩护 意见 。
李庄 被 控 辩护人 妨害 作证 罪 一审 辩护 词 尊敬 的 审判长 、 合议庭 各位 法官 ： 我 受 北京市 首 信 律师 事务所 的 指派 ， 担任 贵 院 审理 的 “ 辩护人 妨害 作证 ” 案 被告人 李庄 的 辩护人 。
我 在 庭 前 已经 数 次 会见 了 李庄 ， 并且 认真 查阅 了 贵 院 提供 的 部分 案 卷 材料 ， 进行 了 必要 的 调查取证 。
我 首先 要 感谢 合议庭 的 法官 们 ， 为 我 履行 辩护 职责 提供 的 便利 。
虽然 庭 前 查阅 案 卷 材料 由于 公诉 机关 的 原因 ， 显得 时间 仓促 ； 虽然 我 关于 证人 出庭 、 调查取证 、 延期 审理 等 事项 申请 的 结果 令 人 失望 ， 但是 合议庭 起码 给予 了 回应 。
直到 开庭 前 一 天 的 晚上 八点 半 ， 法官 还 给 我 打电话 ， 告诉 我 侦查 机关 拒绝 提交 李庄 被 扣押 的 笔记本电脑 。
因此 ， 我 对 合议庭 在 庭 前 所 付出 的 劳动 还是 要 表示 感谢 。
但是 我 的 感谢 并 不 等于 我 认为 所谓 李 庄 “ 漏 罪 ” 案 的 侦查 、 起诉 和 受理 具有 合法性 。
因为 包括 本 案 的 公诉 机关 与 合议庭 所在 的 人民 法院 在 内 ， 都 是 被 侦查 机关 绑架 而 来 的 。
卷宗 材料 显示 ， 2010年 1月 27日 ， 重庆市 江北区 人民检察院 收到 对 李庄 涉嫌 妨害 作证 的 举报 后 ， 将 举报 材料 转交 给 重庆 市 公安局 江北区 分局 ， 该局 于 2010年 1月 28日 立 案 初 查 。
自 此 ， 李庄 “ 漏 罪 ” 案 的 侦查 机关 就 开始 绑架 检察 机关 和 审判 机关 进入 了 违法 的 状态 。
因为 从 2010年 1月 27日 开始 ， 另 案 追究 李 庄 “ 辩护人 妨害 作证 ” 漏 罪 的 合法性 基础 就 已经 丧失 了 。
李庄 的 “ 辩护人 伪造 证据 、 妨害 作证 罪 ” 是 2010年 2月 9日 终审 宣判 的 。
此前 的 1月 27日 ， 正 属于 该 案 的 审理 期间 。
在 此 期间 发现 同一 被告人 有 同 种 “ 漏 罪 ” 应当 如何 处理 ？
最高人民法院 于 1993年 4月 16日 作出 的 “ 关于 判决 宣告 后 又 发现 被 判刑 的 犯罪分子 的 同 种 漏 罪 是否 实行 数 罪 并 罚 问题 的 批复 ” 规定 ： “ 人民 法院 的 判决 宣告 并 已 发生 法律 效力 以后 ， 刑罚 还 没有 执行 完毕 以前 ， 发现 被 判刑 的 犯罪分子 在 判决 宣告 以前 还 有 其他 罪 没有 判决 的 ， 不论 新 发现 的 罪 与 原 判决 的 罪 是否 属于 同 种 罪 ， 都 应当 依照 刑法 第六十五 条 的 规定 实行 数 罪 并 罚 。
但 如果 在 第一 审 人民法院 的 判决 宣告 以后 ， 被告人 提出 上诉 或者 人民检察院 提出 抗诉 ， 判决 尚未 发生 法律 效力 的 ， 第二 审 人民法院 在 审理 期间 ， 发现 原审 被告人 在 第一 审判 决 宣告 以前 还 有 同 种 漏 罪 没有 判决 的 ， 第二 审 人民法院 应当 依照 刑事诉讼法 第一百三十六 条 第 （ 三 ） 项 的 规定 ， 裁定 撤销 原判 ， 发 回 原 审 人民法院 重新 审判 ， 第一 审 人民法院 重新 审判 时 ， 不 适用 刑法 关于 数 罪 并 罚 的 规定 。
” 由于 2010年 1月 27日 发现 的 李庄 “ 漏 罪 ” 与 二审 法院 正 在 审理 的 李庄 “ 辩护人 伪造 证据 、 妨害 作证 罪 ” 属于 同 种 罪 ， 根据 最高人民法院 的 上述 规定 ， 该院 应当 裁定 撤销 原判 ， 发 回 原 审 人民法院 重新 审判 。
但是 该院 却 没有 这样 做 ， 而是 错误 地 继续 审理 并 终审 宣判 。
正是 由于 这个 错误 ， 导致 李 庄 今天 被 以 与 原 案 相同 的 同 种 罪 再次 提起 公诉 ， 再次 推 上 被告席 ， 这 在 程序 上 致使 李庄 被 重复 审判 ， 在 实体 上 将 导致 李 庄 因数 罪 并 罚 而 加重 刑罚 。
这种 做法 ， 对 被告人 是 不 公平 的 ， 也 是 违背 我国 刑法 的 基本 精神 的 ， 因而 是 完全 违法 的 。
因此 ， 我 只能 遗憾 地 指出 ， 今天 对 李庄 的 审判 是 不 合法 的 。
我 今天 前来 参加 庭审 活动 ， 仅仅 是 出于 我 对 司法 的 敬畏 和 对 合议庭 法官 们 的 尊重 ， 以及 揭示 本 案 的 事实 真相 和 揭露 本 案 侦查 机关 的 违法 行为 的 宗旨 。
基于 此 ， 我 发表 如下 观点 ： 一 、 李庄 的 行为 不 构成 犯罪 根据 刑法 第三百零六 条 的 规定 ， 构成 “ 辩护人 妨害 作证 罪 ” 必须 是 “ 威胁 、 引诱 证人 违背 事实 改变 证言 或者 作伪 证 ” 。
但是 纵观 孟 英 案 的 有关 事实 ， 仅 发现 证人 徐丽军 改变 证言 的 事实 ， 没有 发现 李庄 对 她 的 威胁 、 引诱 ， 以及 起诉书 所 称 的 教唆 行为 ， 也 没有 发现 李庄 要 她 违背 事实 ， 更 没有 发现 徐丽军 作 了 伪证 。
