审 ： 证人 刘金水 ， 你 与 被告 之间 是 什么 关系 ？
证人 ： 湾 里 天安 檀香 厂 的 同事 。
审 ： 先 由 被告 发问 ？
被告 ： 证人 ， 原告 是 何时 受伤 的 ？
证人 ： 就是 那天 打架 的 时候 ， 具体 日期 记不清 了 。
被告 ： 当时 打架 你 是否 看到 了 现场 ？
证人 ： 被告 是 做 香 的 ， 原告 丈夫 黄星亮 是 负责 计 件 的 ， 被告 想 向 黄星亮 看 下 他 给 她 自己 计 件 的 数量 ， 黄 不 给 她 看 ， 刘 就 把 本子 抢 过 来 看 。
后来 他们 三 人 就 在 抢 三毛 铁 架子 。
被告 ： 你 是否 看到 被告 打 原告 ？
证人 ： 没有 。
被告 ： 你 是否 看到 原告 打 被告 ？
证人 ： 我 只 是 看到 被告 和 原告 丈夫 打架 ， 原 、 被告 和 黄星亮 三 人 纠缠 在 一起 。
被告 ： 你 知道 原告 的 伤 是 谁 弄 的 ？
证人 ： 是 原告 自己 误伤 。
被告 ： 发问 完毕 。
审 ： 原告 是否 需要 向 证人 发问 ？
原告 ： 需要 。
审 ： 由 原告 发问 ？
原告 ： 证人 ， 原 、 被告 在 打架 时 ， 你 具体 在 什么 位置 ？
证人 ： 我 在 车间 前面 ， 开始 看到 了 抢 本子 ， 后来 还 看到 了 抢 三毛 铁 架子 。
原告 ： 你 看到 的 三 毛 铁 架子 是 横 的 还是 竖 的 ？
证人 ： 横 的 。
原告 ： 横 的 铁 架子 为何 会 砸 到 原告 头 上 ？
证人 ： 原告 的 手 拉 着 铁三角 架 的 其中 两 个 尖角 ， 另外 一个 尖角 处 砸 到 头 上 的 。
原告 ： 铁 架子 多 大 ？
证人 ： 高 约 七八十 公分 。
原告 ： 发问 完毕 。
审 ： 证人 ， 本 庭 现在 询问 你 几 个 问题 ， 请 如实 回答 。
证人 ： 好 。
审 ： 你 是否 一直 在 现场 ？
证人 ： 中间 打架 时 我 不 在场 ， 开始 抢 本子 、 后 来 抢 铁 架子 我 都 在场 。
审 ： 你 是否 看到 抢 铁 架子 和 原告 受伤 ？
证人 ： 原告 两手 分别 拿 着 三 角 毛 铁 架子 的 一个 角 ， 另外 一个 角 朝 上 ， 在 这个 过程 中 就 碰到 了 原告 的 头部 。
审 ： 你 在 派出所 回答 同样 的 询问 时 为什么 却 不 一样 ？
证人 ： 可能 是 派出所 民警 漏 记 了 ， 我 当时 确实 没 看到 拿 三 角 毛 铁 架子 。
审 ： 证人 刘金水 待 庭审 结束 后 在 庭审 笔录 上 签名 。
（ 证人 刘金水 退庭 ） 审 ： 由 原 、 被告 对 证人 刘金水 刚才 陈述 的 证言 发表 质证 意见 ？
原告 ： 对 证人 刘金水 陈述 的 证言 真实性 、 合法性 和 关联性 均 有 异议 ， 证人 的 回答 模 糊 不 清 ， 证人 并 未 看 到 整个 过程 ， 也 与 其 在 派出所 的 笔录 不 一致 ， 不 能 取信 ， 也 无法 证实 事发 经过 。
被告 ： 证人 刘金水 刚才 陈述 的 证言 90% 是 真实 的 ， 派出所 的 笔录 是 不 真实 的 ， 应 以 证人 刚才 当庭 陈述 为 准 。
审 ： 被告 继续 出示 证据 ？
被告 ： 我方 继续 申请 证人 邹明汉 出庭 作证 ， 证明 原告 付 某 娇 在 起 诉状 中 声称 的 不 是 事实 ， 而是 对 是非 的 颠倒 。
（ 传 证人 邹明汉 出庭 ） 审 ： 证人 姓名 等 基本 情况 ？
证人 ： 邹明汉 ， 男 ， 1963年 9月 8日 出生 ， 汉族 ， 江苏省 丹阳市 人 ， 原 江西 电炉 厂 职工 ， 现 湾 里 天安 檀香 厂 职工 ， 住 江西省 南昌市 湾里区 邓 垄 路 151 弄 9 号 103 室 。
公民身份 号码 ： 362523196309087216 。
审 ： 依照 《 中华人民共和国 民事 诉讼法 》 的 有关 规定 ， 证人 在 作证 时 ， 应 客观 、 公正 地 提供 证言 ， 如 有意 歪曲 事实 真相 ， 提供 虚假 证明 ， 将 追究 法律 责任 ， 同时 ， 证人 ， 你 有 权 拒绝 回答 与 本 案 无关 的 提问 。
证人 邹明汉 ， 你 是否 清楚 ？
证人 ： 清楚 。
审 ： 请 证人 宣读 证人 出庭 作证 保证书 。
证人 ： （ 宣读 证人 出庭 作证 保证书 ） 审 ： 证人 邹明汉 ， 你 与 原告 之间 是 什么 关系 ？
证人 ： 湾 里 天安 檀香 厂 的 同事 。
审 ： 证人 邹明汉 ， 你 与 被告 之间 是 什么 关系 ？
证人 ： 湾 里 天安 檀香 厂 的 同事 。
审 ： 先 由 被告 发问 ？
被告 ： 证人 ， 你 是否 看 到 原 、 被告 打架 ？
证人 ： 我 没有 注意 ， 我 只 看到 抢 本子 。
被告 ： 原告 的 伤 是 谁 弄 的 ？
证人 ： 我 当时 出去 了 ， 没 看到 。
被告 ： 你 是否 看到 原告 丈夫 打 被告 ？
证人 ： 我 看到 原告 丈夫 和 被告 打架 ， 我 就 去 找 老板娘 了 。
被告 ： 发问 完毕 。
审 ： 原告 是否 需要 向 证人 发问 ？
原告 ： 需要 。
审 ： 由 原告 发问 ？
原告 ： 证人 ， 你 看 到 原 、 被告 打架 的 哪些 部分 ？
证人 ： 我 看到 被告 和 原告 丈夫 吵架 、 抢 本子 。
被告 把 本子 抢 过 来 了 ， 原告 丈夫 就 骂 被告 ， 还 不 理 被告 。
当时 是 原告 丈夫 先 动手 打 了 被告 一个 耳光 ， 后面 他们 就 打 起来 了 。
我 就 跑 去 告诉 老板娘 了 ， 等 我 和 老板娘 回来 的 时候 ， 我 就 看到 原告 的 头 破 了 ， 还 流 着 血 。
原告 ： 发问 完毕 。
审 ： 证人 ， 本 庭 现在 询问 你 几 个 问题 ， 请 如实 回答 。
证人 ： 好 。
审 ： 证人 ， 当时 抢 本子 时 是否 还有 其他 人 ？
证人 ： 有 两 个 做 香 的 女 的 在场 ， 一个 是 小胡 ， 另 一个 是 怀妹 ， 此外 还有 刘金水 也 在场 。
审 ： 证人 邹明汉 待 庭审 结束 后 在 庭审 笔录 上 签名 。
（ 证人 邹明汉 退庭 ） 审 ： 由 原 、 被告 对 证人 邹明汉 刚才 陈述 的 证言 发表 质证 意见 ？
原告 ： 对 证人 邹明汉 陈述 的 证言 的 真实性 、 合法性 和 关联性 没有 异议 。
被告 ： 对 证人 邹明汉 陈述 的 证言 ， 部分 真实性 没有 异议 ， 后面 的 证人 看到 了 但 刚才 当庭 没有 陈述 。
审 ： 被告 继续 出示 证据 ？
被告 ： 我方 举 证 完毕 。
审 ： 原 、 被告 是否 还 有 证据 向 法庭 提供 ？
原告 ： 没有 。
被告 ： 没有 。
审 ： 审理 过程 中 ， 本 庭 依法 向 南昌市 公安局 湾 里 分局 幸福 派出所 调 取 了 公安 行政 处罚 决定书 和 行政 拘留 执行 回执 各 二 份 以及 付 某 娇 、 刘某 英 、 黄星亮 、 邹明汉 、 刘金水 五 人 的 询问 笔录 各 一 份 ， 现在 由 原 、 被告 分别 质证 ？
