原告 ： 对 公安 行政 处罚 决定书 和 行政 拘留 执行 回执 以及 付 某 娇 、 刘某 英 、 黄星亮 、 邹明汉 、 刘金水 的 询问 笔录 的 真实性 、 合法性 和 关联性 均 没有 异议 ， 而且 被告 在 询问 笔录 中 自己 也 承认 了 是 拿 铁 三角架 朝 原告 丈夫 打 过去 ， 原告 跑 过去 是 去 拉 住 自己 丈夫 的 。
被告 ： 对 黄星亮 的 公安 行政 处罚 决定书 和 行政 拘留 执行 回执 的 真实性 、 合法性 和 关联性 均 没有 异议 ； 对 刘某 英 的 公安 行政 处罚 决定书 和 行政 拘留 执行 回执 的 真实性 、 合法性 和 关联性 均 有 异议 ， 被告 可能 会 另外 起诉 ； 对 刘某 英 的 询问 笔录 的 真实性 、 合法性 和 关联性 均 有 异议 ， 记录 的 部分 打架 过程 中 的 事实 与 当时 事实 不 一致 ； 对 黄星亮 、 付 某 娇 的 询问 笔录 的 真实性 、 合法性 和 关联性 均 有 异议 ， 打架 过程 中 黄星亮 先 动手 打 被告 是 事实 ； 对 邹明汉 的 询问 笔录 的 真实性 、 合法性 和 关联性 均 没有 异议 ； 对 邹明汉 的 询问 笔录 的 真实性 、 合法性 和 关联性 大部分 没有 异议 。
审 ： 原 、 被告 是否 需要 就 本 案 尚未 查清 的 事实 相互 发问 ？
原告 ： 需要 。
被告 ： 不 需要 。
审 ： 先 由 原告 发问 ？
原告 ： 被告 ， 你 在 派出所 时 是 说 原告 丈夫 推 的 你 ， 原告 丈夫 到底 是 打 的 你 还是 推 的 你 ？
被告 ： 黄星亮 用 手 扇 我 耳光 。
原告 ： 发问 完毕 。
审 ： 原 、 被告 ， 本 庭 现在 询问 你们 几 个 问题 ， 请 如实 回答 。
原告 ： 好 。
被告 ： 好 。
审 ： 原 、 被告 ， 你们 陈述 一下 事发 经过 ？
原告 ： 我 丈夫 负责 厂 里 计 件 ， 被告 要 看 计 件 的 本子 ， 我 丈夫 不 给 她 看 ， 她 就 抢 了 本子 过去 ， 她 还 说 了 一 句 “ 我 今天 本身 心情 就 不好 ， 还 惹 我 ” 。
我 马上 就 跑 过去 了 ， 看到 被告 拿 起 一个 铁三角 架 就 朝 我 丈夫 身上 砸 过去 。
被告 ： 开始 时 ， 原告 丈夫 计香 时 我 不 在场 。
后来 我 就 找 到 黄星亮 ， 让 他 把 本子 给 我 看 一下 ， 他 就 说 晚点 看 ， 我 就 说 早点 让 我 看 ， 要不然 就 会 很 晚 ， 他 就 不 肯 给 我 看 ， 还 说 不 理 我 ， 骂 了 我 几 句 。
黄 星 亮 扇 了 我 一个 耳光 ， 我 就 将 本子 摔 到 地下 了 。
后来 黄星亮 拿 起 了 一个 三角铁 架 ， 我 就 顺手 从 他 手 上 把 铁 架 抢 过 来 了 ， 原告 马上 也 跑 过来 抢 铁 架 ， 后来 我 就 放 下 铁 架 了 。
我 就 一 只 手 拉 扯 着 黄星亮 的 衣服 ， 原告 夫妻 俩 就 一起 打 我 ， 直到 后来 旁边 一个 同事 说 “ 老黄 别 打 了 ， 快 带 你 老婆 去 包头 哦 ” ， 我 马上 就 停手 了 。
审 ： 被告 ， 原告 的 头 是 怎么 破 的 ？
被告 ： 我 不 知道 ， 不 知道 是 打破 的 还 是 她 自己 撞 破 的 。
审 ： 被告 ， 你 认为 派出所 为什么 要 拘留 你 五 天 ？
被告 ： 我 当时 提出 了 异议 ， 派出所 说 原告 伤 得 重 ， 所以 要 拘留 我 五 天 。
审 ： 原告 ， 你 的 处方笺 是 哪个 单位 出具 的 ？
原告 ： 桥头 的 竹林 村 卫生所 。
审 ： 你 为何 到 新建县 做 CT ？
原告 ： 我 当时 问 了 湾 里 没有 做 CT 设备 的 医院 ， 所以 就 到 新建县 做 的 CT 。
审 ： 受伤 后 你 是否 仍然 上班 ？
原告 ： 请 了 一个 星期 七 天 的 假 ， 没有 上班 。
审 ： 你 平均 每月 收入 多少 ？
原告 ： 1120 元 。
审 ： 被告 ， 原告 刚才 所 述 休息 、 工资 收入 是否 属实 ？
被告 ： 头 两三 天 没 去 上班 ， 后来 上 了 一下子 班 又 回去 。
她 每天 收入 大约 30 多 元 ， 但 因为 是 计 件 ， 所以 没有 扣 工资 。
审 ： 你 多 长时间 没 去 上班 ？
被告 ： 我 也 休息 了 几 天 。
我 往常 每月 都 是 3000 多 元 工资 ， 那 个 月 我 才 领到 了 2400 多 元 。
审 ： 原告 ， 被告 每月 收入 多少 ？
原告 ： 我 不 知道 。
审 ： 被告 在 事发 后 是否 请假 还是 照常 上班 ？
原告 ： 因为 我 没 去 厂 里 ， 所以 我 不 知道 。
审 ： 被告 ， 你 是 派出所 是否 做 了 人体 损伤 检验 证明 ？
结论 如何 ？
被告 ： 做 了 ， 轻微 伤 乙级 。
审 ： 法庭 调查 结束 ， 现在 进行 法庭 辩论 。
先 由 原告 发表 辩论 意见 ？
原告 ： 我 要求 被告 赔偿 医疗费 、 精神损失费 、 误工 费 、 营养 费 。
因为 原告 是 被 被告 用 铁器 三角架 打 伤 的 。
审 ： 由 被告 发表 辩论 意见 ？
被告 ： 我 不 应 赔偿 原告 医疗费 、 误工 费 、 营养 费 、 精神损失费 ， 我 同样 存在 误工 、 营养 和 精神 损失 。
第一 ， 被告 没有 将 原告 打 伤 ， 原告 是 自己 弄 伤 的 。
没有 任何 证据 证明 原告 是 被 被告 打 伤 的 ， 本 案 纠纷 是 黄星亮 与 被告 刘某 英 之间 发生 的 打架 事件 ， 原告 是 第三 人 ， 被告 对 原告 不 构成 侵权 。
第二 ， 原告 的 医疗费 、 误工 费 、 营养 费 、 精神损失费 的 诉讼 请求 依法 不能 成立 。
原告 的 医疗费 票据 不 合法 ， 医疗 机构 没有 盖章 ； 原告 也 没有 住院 ， 所以 误工 费 不 应 赔偿 ； 原告 不 构成 伤残 ， 也 不 存在 严重 伤害 后果 ， 不 能 主张 精神 损失 。
第三 ， 本 案 是 原告 及其 丈夫 殴打 了 被告 刘某 英 ， 而 不 是 被告 殴打 原告 。
被告 已 另 案 起诉 。
请求 法庭 驳回 原告 的 全部 诉讼 请求 。
审 ： 原 、 被告 是否 有 补充 意见 ？
原告 ： 有 。
原告 前 几 次 发生 的 医疗费 都 是 老板娘 垫付 的 ， 是 客观 存在 的 。
原告 几 天 没有 去 上班 ， 厂 里 也 是 有 记录 的 。
两 位 证人 当庭 陈述 不 属实 。
被告 与 两 位 证人 今天 的 陈述 与 派出所 的 笔录 均 不 一致 。
被告 ： 有 。
第一 ， 老板娘 不 是 医生 也 不 是 诊所 ， 原告 未能 举 证 ， 应当 承担 举 证 不 能 的 法律 后果 。
