第二 ， 原告 的 损伤 后果 应 由 其 雇主 承担 ， 原告 不 应 向 被告 主张 赔偿 ， 而 应 向 厂 里 主张 。
审 ： 现在 由 原 、 被告 双方 作 最后 陈述 。
原告 ： 请求 法庭 依法 支持 原告 的 诉讼 请求 。
被告 ： 请求 法庭 依法 驳回 原告 的 全部 诉讼 请求 。
审 ： 根据 《 中华人民共和国 民事 诉讼法 》 的 有关 规定 ， 现在 由 本庭 主持 双方 调解 。
原告 是否 愿意 调解 ？
原告 ： 愿意 。
审 ： 被告 是否 愿意 调解 意见 ？
被告 ： 愿意 。
审 ： 原告 的 调解 方 案 是否 有 变更 ？
原告 ： 我方 只 要求 被告 赔偿 医疗费 800 元 。
审 ： 由 被告 发表 调解 意见 ？
被告 ： 我方 只 同意 赔偿 原告 营养 费 100 元 。
审 ： 原告 是否 同意 被告 上述 调解 意见 ？
原告 ： 不 同意 。
审 ： 由于 原 、 被告 分歧 太 大 ， 无法 调解 。
本庭 将 依法 裁判 。
裁判 前 ， 本庭 将 充分考虑 各方 当事人 的 意见 。
本 案 另 定 日期 宣判 。
现在 宣布 休庭 （ 敲击 法 槌 ） 。
庭审 笔录 原 、 被告 及 诉讼 代理人 阅 后 签字 。
书 ： 全体 起立 ， 请 助理 审判员 退庭 。
书 ： 请 当事人 和 旁听 人员 退庭 。
当事人 签名 ： 审判 人员 签名 ： 书记员 ： 查明 诉讼 参加 人 到 庭 情况 。
原告 ： 吴某 保 （ 到 庭 ） 第一 被告 ： 黄某 平 （ 到 庭 ） 诉讼 代理人 ： 陈某 （ 到 庭 ） 第二 被告 ： 过 某 春 （ 未 到 庭 ） 书 ： 请 当事人 及其 诉讼 代理人 入 庭 就 坐 。
书 ： 请 肃静 ！
下面 宣布 法庭 纪律 ： 根据 《 中华人民共和国 人民法院 法庭 规则 》 的 有关 规定 ， 下列 人员 不得 旁听 开庭 ： （ 一 ） 未成年人 （ 经 法院 批准 的 除外 ） ； （ 二 ） 精神 病人 和 醉 酒 的 人 ； （ 三 ） 其他 不宜 旁听 的 人 。
当事人 及其 他 诉讼 参与 人 、 旁听 人员 必须 遵守 下列 纪律 ： 1. 未经 审判长 许可 ， 不得 录音 、 录像 和 摄影 ； 2. 不得 随意 走动 ， 未经 审判长 许可 ， 不准 进入 或 退出 审判 区 ； 3. 未经 审判长 许可 ， 不得 发言 、 提问 ， 发言 提问 时 不 准 使用 侮辱性 、 攻击性 语言 ； 4. 不得 鼓掌 、 喧哗 、 哄 闹 和 实施 其他 妨害 审判 活动 的 行为 ； 5. 证人 到 证人 室 听候 通知 ， 不得 参加 旁听 ； 6. 所有 人员 庭审 期间 禁止 使用 移动 电话 、 传呼机 、 对讲机 等 通讯 工具 ； 7. 所有 人员 庭审 期间 禁止 吸烟 。
书 ： 全体 起立 ！
请 审判长 、 助理 审判员 、 人民 陪审员 入 庭 就 坐 。
审判长 ： 请 坐 下 ！
书 ： 报告 审判长 ， 参加 诉讼 的 当事人 已 入 庭 就 坐 ， 庭审 准备 工作 就绪 ， 可以 开庭 。
原告 ： 吴 某 保 ， 男 ， 1969年 12月 22日 出生 ， 汉族 ， 江西省 抚州市 人 ， 建筑 行业 从业 人员 ， 住 江西省 南昌市 西湖区 永 叔 路 12 号 3 单元 601 室 。
公民身份 号码 ： 362501196912222656 。
第一 被告 ： 黄某 平 ， 男 ， 1970年 7月 24日 出生 ， 汉族 ， 江西省 抚州市 人 ， 农民 ， 住 江西省 抚州市 临川区 上 顿 渡 镇 乐 家村 桃树 组 9 号 。
公民身份 号码 ： 362501197007245254 。
诉讼 代理人 ： 陈某 ， 抚州市 临川区 民 德 法律 服务 所 法律 服务 工作者 。
执业 证 号 ： 31403081103437 。
代理 权限 ： 代 为 承认 、 放弃 、 变更 诉讼 请求 ， 进行 和解 ， 提起 反诉 或 上诉 特别 授权 。
审 ： 由于 被告 过 某 春 经 本 院 合法 传唤 ， 无 正当 理由 拒 不 到 庭 参加 诉讼 ， 现在 核实 其 身份 。
（ 核实 身份 ） 第二 被告 ： 过 某 春 ， 男 ， 1975年 12月 13日 出生 ， 汉族 ， 江西省 抚州市 人 ， 住 江西省 抚州市 上 顿 渡 镇 针 巷口 龙 津 路 54 号 。
公民身份 号码 ： 362502197512132011 。
审 ： 原告 对 被告 出庭 人员 有 无 异议 ？
原告 ： 没有 异议 。
审 ： 被告 对 原告 出庭 人员 有 无 异议 ？
第一 被告 ： 没有 异议 。
审 ： 经 审查 ， 原 、 被告 出庭 人员 符合 法律 规定 ， 可以 参加 本 案 诉讼 。
审 ： 根据 《 中华人民共和国 民事 诉讼法 》 的 有关 规定 ， 江西省 南昌市 湾里区 人民法院 今天 在 此 就 原告 吴某 保 诉 被告 黄某 平 、 过 某 春 建筑 设备 租赁 合同 纠纷 一 案 进行 公开 审理 ， （ 敲击 法 槌 ） 现在 宣布 开庭 。
审 ： 根据 《 中华人民共和国 民事 诉讼法 》 的 有关 规定 ， 本 案 由 本 院 审判员 担任 审判长 ， 与 助理 审判员 、 人民 陪审员 组成 合议庭 进行 审理 ， 书记员 担任 记录 。
审 ： 根据 《 中华人民共和国 民事 诉讼法 》 第四十九 条 、 第五十 条 、 第五十一 条 、 第一百一十八 条 、 第一百四十三 条 、 第一百四十四 条 的 规定 ， 民事 诉讼 当事人 有 以下 诉讼 权利 和 义务 ： （ 一 ） 有 就 案 件 事实 进行 陈述 和 申辩 的 权利 ； （ 二 ） 有 委托 代理人 ， 收集 、 提供 证据 、 进行 辩论 ， 请求 调解 ， 提起 上诉 ， 申请 执行 的 权利 ； （ 三 ） 原告 可以 放弃 或者 变更 诉讼 请求 ， 被告 可以 承认 、 反驳 原告 诉讼 请求 ， 有 权 提起 反诉 ； （ 四 ） 双方 当事人 必须 依法 行使 诉讼 权利 ， 遵守 诉讼 秩序 ， 未经 审判长 同意 不得 擅自 发言 ； （ 五 ） 原告 未经 法庭 许可 中途 退庭 的 ， 可 按 撤诉 处理 ， 被告 未经 法庭 许可 中途 退庭 的 ， 可以 缺席 判决 ； （ 六 ） 双方 当事人 有 义务 自觉 履行 发生 法律 效力 的 判决 、 裁定 和 调解书 ， 并 按规定 缴纳 诉讼 费用 。
审 ： 原 、 被告 对 诉讼 权利 、 义务 是否 清楚 ？
原告 ： 清楚 。
第一 被告 ： 清楚 。
审 ： 在 庭审 过程 中 ， 当事人 除 享有 以上 诉讼 权利 以外 ， 还有 申请 审判 人员 及 有关 人员 回避 的 权利 。
如果 你们 认为 法庭 审判 人员 、 书记员 与 本 案 有 直接 利害 关系 或者 有 其他 关系 ， 可能 影响 公正 审判 的 ， 可以 提出 事实 或 理由 申请 回避 。
审 ： 原告 是否 申请 回避 ？
原告 ： 不 申请 回避 。
审 ： 被告 是否 申请 回避 ？
第一 被告 ： 不 申请 回避 。
审 ： 现在 进行 法庭 调查 。
先 由 原告 简要 陈述 起诉 的 请求 和 理由 ， 或者 宣读 起诉 状 。
原告 ： 被告 黄某 平 为了 履行 其 承揽 的 位于 南昌市 湾里区 保利 半 山 国际 项目 脚手架 工程 ， 于 2011年 8月 7日 与 原告 签订 了 一 份 钢管 扣件 租赁 合同 。
