第二 被告 继续 出示 证据 ？
第二 被告 ： 举 证 完毕 。
审 ： 原 、 被告 是否 还 有 证据 向 法庭 提供 ？
原告 ： 没有 。
第一 被告 ： 没有 。
第二 被告 ： 没有 。
审 ： 原 、 被告 是否 需要 就 本 案 尚未 查清 的 事实 相互 发问 ？
原告 ： 不 需要 。
第一 被告 ： 不 需要 。
第二 被告 ： 不 需要 。
审 ： 原 、 被告 ， 合议庭 现在 询问 你们 几 个 问题 ， 请 如实 回答 。
原告 ： 好 。
第一 被告 ： 好 。
第二 被告 ： 好 。
审 ： 原告 ， 你 方 能否 提供 出院 小结 、 出院 记录 的 原件 ？
原告 ： 因为 是 被告 赵某 民 垫付 的 医疗 费用 ， 所以 出院 小结 、 出院 记录 都 由 被告 赵某 民 持有 。
审 ： 第一 被告 ， 上述 原件 是否 由 你 持有 ？
第一 被告 ： 我 记不清 了 ， 我 要 回 去 找 一下 。
审 ： 原告 ， 你 提供 的 修 车费 发票 上 载明 的 翠 岩 服务站 是 什么 单位 ？
修 车费 是 谁 支付 的 ？
原告 ： 是 一个 私人 开 的 修理厂 ， 600 元 修理费 是 被告 赵某 民 支付 的 。
审 ： 第一 被告 ， 这 600 元 是否 是 你 支付 的 ？
第一 被告 ： 是 。
审 ： 你 为什么 支付 这 600 元 ？
第一 被告 ： 当时 保险公司 说 他们 公司 可以 报销 600 元 的 修车 费 ， 所以 我 就 给 了 原告 600 元 。
审 ： 原告 、 第一 被告 ， 轮椅 、 腋下 拐 的 费用 是 谁 支付 的 ？
原告 ： 轮椅 是 被告 赵某 民 购买 的 ， 腋下 拐 是 我 自己 购买 的 。
第一 被告 ： 轮椅 是 我 购买 的 ， 腋下 拐 是 原告 购买 的 。
审 ： 原告 ， 劳动 合同 书 原件 上 最后 的 签署 日期 2013年 涂改 成 2010年 是 谁 涂改 的 ？
原告 ： 我 。
审 ： 你 提交 的 劳动 合同 书 原件 和 复印件 上 南昌 张 氏 五金 制品 有限公司 盖章 下 的 日期 是 何时 由 谁 填写 的 ？
原告 ： 是 到 法院 起诉 以后 我 儿子 填写 的 。
审 ： 你 是 何时 开始 在 南昌 张 氏 五金 制品 有限公司 工作 的 ？
原告 ： 2011年 2月 。
审 ： 这 两 份 证明 的 原件 和 复印件 内容 为何 不 一致 ？
原告 ： 复印件 是 我 住院 期间 痛 得 没 填 上 去 ， 起诉 以后 我 才 将 身份 信息 填写 上去 的 。
审 ： 第三 被告 ， 你 方 是否 申请 对 原告 的 误 工期 、 护理 期 、 营养 期 、 非 医保 用 药 费用 进行 重新 鉴定 ？
第三 被告 ： 不 申请 。
审 ： 你 为什么 要 第二 次 住院 ？
原告 ： 当时 为了 避免 感染 ， 我 就 做 了 外 固定 ， 后来 又 打 了 内 固 钉 ， 所以 第二 次 住院 取 内 固定 。
审 ： 法庭 调查 结束 ， 现在 进行 法庭 辩论 。
先 由 原告 发表 辩论 意见 ？
原告 ： 原告 家 的 土地 已经 被 征收 得 差不多 了 ， 而且 其 本人 也 是 在 厂 里 工作 ， 故 应 按 城镇 标准计算 其 残疾 赔偿金 和 被 扶养 人 生活费 。
原告 的 其他 费用 也 是 依法 合理 有 据 的 ， 请求 法庭 支持 原告 的 诉讼 请求 。
审 ： 由 被告 发表 辩论 意见 ？
第一 被告 ： 我 方 的 辩论 意见 同 答辩 意见 。
第二 被告 ： 原告 提供 的 工作 证据 与 实际 情况 不符 ， 未 提供 其 在 城镇 居住 和 工作 一年 以上 的 证据 ， 故 应 按 农村 标准计算 。
原告 主张 的 被 扶养 人 生活费 计算错误 。
误工 费 应 按 农业 行业 在岗 职工 的 工资 标准计算 。
护理 费 应 按 每天 82. 9 元 计算 。
其他 辩论 意见 同 答辩 意见 。
审 ： 原 、 被告 是否 有 补充 意见 ？
原告 ： 没有 。
第一 被告 ： 没有 。
第二 被告 ： 没有 。
审 ： 现在 由 原 、 被告 作 最后 陈述 。
原告 ： 请求 法庭 依法 支持 原告 的 诉讼 请求 。
第一 被告 ： 请求 法庭 依法 判决 。
第二 被告 ： 请求 法庭 依法 判决 。
审 ： 由于 第二 被告 代理人 无 调解 权限 ， 无法 调解 ， 合议庭 将 依法 裁判 。
裁判 前 ， 合议庭 将 充分考虑 各方 当事人 的 意见 。
本 案 另 定 日期 宣判 。
现在 宣布 休庭 （ 敲击 法 槌 ） 。
庭审 笔录 原 、 被告 及 诉讼 代理人 阅 后 签字 。
书 ： 全体 起立 ， 请 审判长 退庭 。
书 ： 请 当事人 和 旁听 人员 退庭 。
当事人 签名 ： 审判 人员 签名 ： 书记员 ： 查明 诉讼 参加 人 到 庭 情况 。
原告 ： 李某 （ 到 庭 ） 被告 ： 陈某 诚 （ 到 庭 ） 书 ： 请 当事人 及其 诉讼 代理人 入 庭 就 坐 。
书 ： 请 肃静 ！
下面 宣布 法庭 纪律 ： 根据 《 中华人民共和国 人民法院 法庭 规则 》 的 有关 规定 ， 下列 人员 不得 旁听 开庭 ： （ 一 ） 未成年人 （ 经 法院 批准 的 除外 ） ； （ 二 ） 精神 病人 和 醉 酒 的 人 ； （ 三 ） 其他 不宜 旁听 的 人 。
当事人 及其 他 诉讼 参与 人 、 旁听 人员 必须 遵守 下列 纪律 ： 1. 未经 审判员 许可 ， 不得 录音 、 录像 和 摄影 ； 2. 不得 随意 走动 ， 未经 审判员 许可 ， 不准 进入 或 退出 审判 区 ； 3. 未经 审判员 许可 ， 不得 发言 、 提问 ， 发言 提问 时 不 准 使用 侮辱性 、 攻击性 语言 ； 4. 不得 鼓掌 、 喧哗 、 哄 闹 和 实施 其他 妨害 审判 活动 的 行为 ； 5. 证人 到 证人 室 听候 通知 ， 不得 参加 旁听 ； 6. 所有 人员 庭审 期间 禁止 使用 移动 电话 、 传呼机 、 对讲机 等 通讯 工具 ； 7. 所有 人员 庭审 期间 禁止 吸烟 。
书 ： 全体 起立 ！
请 审判员 入 庭 就 坐 。
审判员 ： 请 坐 下 ！
书 ： 报告 审判员 ， 参加 诉讼 的 当事人 已 入 庭 就 坐 ， 庭审 准备 工作 就绪 ， 可以 开庭 。
审 ： 现在 核对 当事人 及其 诉讼 代理人 的 身份 。
原告 ： 李某 ， 女 ， 1980年 10月 8日 出生 ， 汉族 ， 江西省 新建县 人 ， 打工者 ， 户籍地 南昌市 湾里区 招贤 镇 佘牟村 下 陈 自然村 79 号 ， 现 住 南昌市 象山 北 路 捏 脚 铺子 。
公民身份 号码 ： 360122198010083340 。
被告 ： 陈某 诚 ， 男 ， 1973年 4月 2日 出生 ， 汉族 ， 江西省 南昌市 人 ， 住 南昌市 湾里区 招贤 镇 佘牟村 下 陈 自然村 79 号 。
公民身份 号码 ： 360102197304023810 。
审 ： 原告 对 被告 出庭 人员 有 无 异议 ？
原告 ： 没有 异议 。
审 ： 被告 对 原告 出庭 人员 有 无 异议 ？
