审 ： 两 被告 ， 从 事发 后 到 2013年 6月 5日 行政 机关 作出 处罚 前 ， 你们 在 干 什么 ？
第一 被告 ： 我 一直 在 家 。
第二 被告 ： 我 在 红 谷 滩 一 家 超市 帮 我 爸 看 水果 摊位 ， 赚 不 到 钱 在 2012年 3月 12日 回到 湾 里 住 。
审 ： 第二 被告 ， 你 具体 打 了 原告 哪里 ？
第二 被告 ： 背部 。
审 ： 第一 被告 ， 你 去 过 工地 几 次 ？
第一 被告 ： 我 家 就 在 工地 边上 ， 经常 路过 工地 。
审 ： 原告 ， 你 到 公安 报 案 后 ， 公安 机关 是否 告知 你 立 案 ？
原告 ： 在 当天 报 案 时 就 已经 立 案 了 。
审 ： 该 案 最终 是 怎么 结 案 的 ， 告知 你 了 吗 ？
原告 ： 派出所 没有 告知 我 是否 已 结 案 。
审 ： 鉴于 原告 所 述 本 案 涉 案 纠纷 已 在 公安 机关 立 案 ， 但 对 是否 已 结 案 不 清楚 ， 故 为 查清 本 案 事实 ， 现在 宣布 休庭 ， 待 合议庭 到 公安 机关 调取 相关 材料 后 再 另行 通知 开庭 。
庭审 笔录 原 、 被告 及 诉讼 代理人 阅 后 签字 。
书 ： 全体 起立 ， 请 审判长 、 助理 审判员 、 人民 陪审员 退庭 。
书 ： 请 当事人 和 旁听 人员 退庭 。
当事人 签名 ： 审判 人员 签名 ： 书记员 ： 请 肃静 。
现在 宣布 法庭 规则 ， 旁听 人员 必须 遵守 下列 纪律 ： 1 、 未 经 法庭 准许 ， 不得 录音 、 录像 和 摄影 ； 2 、 不得 随意 走动 和 进入 审判 区 。
随身 携带 的 移动 电话 一律 关闭 ； 3 、 不 得 发言 、 提问 ， 对 法庭 审判 活动 如 有 意见 可以 在 庭审 结束 后 以 书面 形式 向 本 院 提出 ； 4 、 不 得 鼓掌 、 喧哗 、 哄 闹 和 实施 其他 妨害 审判 活动 的 行为 。
对 违反 法庭 纪律 不 听 劝阻 者 ， 法庭 予以 警告 、 训诫 ， 没 收录 （ 摄 ） 制 器材 ， 指令 法警 强行 带 出 法庭 ； 违反 法庭 秩序 情节 严重 的 ， 依法 处以 罚款 或 拘留 ； 构成 犯罪 的 ， 依法 追究 刑事 责任 。
书记员 ： 请 公诉人 入 庭 ； 书记员 ： 请 审判长 、 审判员 、 人民 陪审员 入 庭 ； 书记员 ： 报告 审判长 ， 开庭 前 的 准备 工作 已经 就绪 。
审 ： （ 敲击 法 槌 ） 现在 开庭 。
审 ： 传 被告人 张贵勋 到 庭 。
（ 执 庭 法警 将 被告 张贵勋 、 张贵勋 、 潘国斌 押解 到 庭 ） 审 ： 查明 被告人 身份 情况 。
张贵勋 ： 张贵勋 ， 男 ， 1963年 10月 8日 生 ， 汉族 ， 初中 文化 ， 浙江省 海宁 县 人 ， 无 业 ， 户籍 所在地 南昌市 铁路 五 村 3 栋 1 单元 101 室 ， 现 租 住 南昌市 西湖区 朝阳 小区 3 栋 3 单元 101 室 。
审 ： 被告 人 是否 曾经 受到 过 法律 处分 ？
何时 、 何事 被 何 机关 作 何 种 法律 处分 ？
张贵勋 ： 没有 受 过 法律 处分 。
审 ： 被告 人 因 本 案 是否 被 采取 强制 措施 ？
何时 被 何 机关 采取 何种 强制 措施 ？
张贵勋 ： 2012年 7月 25日 被 拘留 ， 同年 8月 27日 被 逮捕 。
审 ： 被告 人 是否 收到 南昌市 湾里区 人民 检察院 的 起诉书 副本 ？
何时 收到 的 ？
张贵勋 ： 收到 了 ， 2012年 11月 15日 收到 的 。
审 ： 根据 《 中华人民共和国 刑事诉讼法 》 的 有关 规定 ， 南昌市 湾里区 人民法院 今天 对 南昌市 湾里区 人民检察院 提起 公诉 的 被告人 张贵勋 盗窃 一 案 ， 本 院 依法 进行 公开 开庭 审理 ， 本 案 由 南昌市 湾里区 人民法院 审判员 魏丽丽 担任 审判长 与 审判员 左莉娜 、 人民 陪审员 李 群 组成 合议庭 ， 书记员 杨玉洁 担任 记录 ， 南昌市 湾里区 人民检察院 派 代理 检察员 谢 珮 出庭 支持 公诉 。
审 ： 依照 法律 规定 ， 被告人 在 法庭 审理 过程 中 享有 下列 诉讼 权利 ： （ 一 ） 有 申请 回避 的 权利 ； （ 也就是说 ， 你 认为 本 案 合议庭 成员 、 书记员 和 公诉人 ， 与 本 案 有 利害 关系 可能 会 影响 本 案 的 公正 审理 ， 你 有 正当 理由 可 申请 回避 。
） （ 二 ） 有 提出 证据 ， 申请 通知 新 的 证人 到 庭 ， 调 取 新 的 证据 ， 重新 鉴定 或者 勘验 、 检查 的 权利 ； （ 三 ） 有 辩护 的 权利 ； （ 四 ） 被告人 在 法庭 辩论 终结 后 有 最后 陈述 的 权利 。
审 ： 被告人 张贵勋 ， 上述 诉讼 权利 听 清楚 了 吗 ？
张贵勋 ： 听 清楚 了 。
审 ： 被告 人 是否 申请 回避 ？
张贵勋 ： 不 申请 回避 。
审 ： 被告人 张贵勋 ， 上述 诉讼 权利 听 清楚 了 吗 ？
张贵勋 ： 听 清楚 了 。
审 ： 被告 人 是否 申请 回避 ？
张贵勋 ： 不 申请 回避 。
审 ： 下面 开始 法庭 调查 ， 首先 由 公诉人 宣读 起诉书 。
公 ： 宣读 起诉书 （ 略 ， 详 见 起诉书 ） 。
审 ： 被告人 张贵勋 ， 刚才 宣读 的 起诉书 听 清楚 了 吗 ？
张贵勋 ： 听 清 了 。
审 ： 起诉书 指控 你 的 犯罪 事实 是否 属实 ？
张贵勋 ： 我 根本 知 都 不 知道 ， 他们 十 多 年 前 说 我 参加 了 为什么 不 来 抓 我 ， 我 又 不 是 潜逃 一直 都 在 家里 。
审 ： 现在 由 公诉人 讯问 被告人 。
公 ： 被告人 张贵勋 ， 公诉人 讯问 你 几 个 问题 ， 你 必须 如实 回答 。
你 认识 起诉书 中 的 胡林田 、 万 本 遥 等 人 吗 ？
张贵勋 ： 认识 。
公 ： 怎么 认识 的 ？
张贵勋 ： 农场 服刑 认识 的 。
公 ： 服刑 期间 认识 ？
张贵勋 ： 是 。
公 ： 出狱 后 有 没 有 联系 ？
张贵勋 ： 我 是 他们 在 那里 ， 万 本 遥 开 了 间 美容美发店 。
公 ： 出狱 后 有 没 有 碰到 过 ？
张贵勋 ： 碰到 了 。
公 ： 有 没 有 来往 ？
张贵勋 ： 开 了 个 美容美发店 ， 经常 在 那 坐 。
公 ： 万 本 遥 的 妻子 你 认识 吗 ？
张贵勋 ： 认识 。
公 ： 你 与 万 本 遥 、 胡林田 有 没 有 个人 恩怨 ？
张贵勋 ： 为 这个 事情 ， 叫 我 卖 这个 东西 。
公 ： 卖 什么 ？
张贵勋 ： 电脑 ， 我 就 看 了 一 眼 。
公 ： 什么 电脑 ？
张贵勋 ： 我 不 知道 。
公 ： 哪 看到 电脑 ？
张贵勋 ： 他 家里 ， 住 的 家里 ？
公 ： 你 和 万 本 遥 的 关系 还 比较 好 ， 你 会 去 他 家里 ？
