审 ： 被告人 刘玉安 及 辩护人 是否 有 证据 向 法庭 提供 ？
刘玉安 ： 没有 辩 ： 没有 。
审 ： 下面 进入 第二 阶段 的 举 证 、 质证 ， 也 就 是 对 本 案 的 量刑 事实 和 量刑 情节 方面 进行 举 证 质证 。
公诉人 在 提供 证据 证明 被告人 从重 或者 加重 处罚 情节 的 同时 ， 应当 提供 证据 证明 被告人 罪 轻 、 从 轻 或者 免除 处罚 的 情节 ， 被告人 有 权 提供 证明 被告人 罪 轻 、 从 轻 或者 免除 处罚 的 情节 的 证据 。
现在 由 公诉 机关 就 被告人 量刑 事实 及 量刑 情节 进行 举 证 。
公 ： 1 、 出示 南昌市 公安局 湾 里 分局 刑事 侦察 大队 出具 的 归 案 情况 说明 ， 公安 卷 四 P324 （ 略 ） ， 证实 2013年 6月 1日 19时 许 ， 在 南昌市 湾里区 招贤 镇 湾 里 村 吴溪 王 家 将 刘玉安 抓获 。
2 、 出示 （ 2004 ） 拱 刑 初 字 第233 号 浙江省 杭州市 拱墅区 人民法院 刑事 判决书 ， 公安 卷 四 P323 -324 （ 略 ） ， 证实 2004年 6月 24日 刘玉安 因 犯 盗窃罪 ， 被 判处 有期徒刑 一年 ， 并 处 罚金 2000 元 。
3 、 出示 泗阳县 公安局 城 西 派出所 出具 的 前科 证明 、 户籍 证明 南昌市 公安局 湾 里 分局 出具 的 全国 违法 犯罪 人员 信息 资源 库 ， 公安 卷 四 P325 -327 （ 略 ） ， 证实 刘玉安 于 2004年 4月 2日 因 盗窃 被 判刑 ； 2010年 7月 27日 因 盗窃 被 治安 拘留 15日 。
请 质证 。
审 ： 请 执 庭 法警 将 书 证 材料 交由 被告人 进行 质证 。
（ 执 庭 法警 将 书 证 材料 交由 被告人 进行 质证 ） 审 ： 公诉人 扣押 的 物品 都 在 哪 ？
公 ： 刚才 在 犯罪 事实 中 一并 出示 完毕 。
我们 这里 只 有 照片 ， 没有 实物 。
审 ： 如果 涉及 家庭 合法 的 财产 我们 要 发还 ， 实物 在 哪 ？
公 ： 这 要 问 公安 ， 我们 只 对 起诉书 指控 的 负责 ， 这些 被告人 也 承认 是 失主 的 ， 其他 的 在 案 卷 中 没有 显示 出来 。
审 ： 扣押 物品 清单 是否 举 证 ？
公 ： 不 举 证 。
辩 ： 没有 扣押 哪 来 的 发还 ， 刚才 也 说 在 被告人 家里 扣押 了 这些 物品 。
公 ： 由 法院 综合 处理 。
公诉人 补充 举 证 扣押 清单 ， 公安 卷 三 P141 -162 （ 略 ） ， 证实 公安 扣押 物品 清单 ， 请 质证 。
审 ： 是否 是 除了 发还 的 ， 都 是 被告人 刘玉安 的 合法 财产 。
公 ： 发 还是 起诉书 指控 认定 的 ， 其他 未 认定 的 ， 要 经 调查 ， 公诉 机关 在 这里 不予 说明 ， 公安 是 扣押 了 一些 东西 ， 犯罪 工具 、 摩托车 、 钢 凿 、 刀子 都 有 相应 的 照片 。
扣押 清单 要 一一 宣读 吗 ？
刘玉安 ： 审判长 ， 我 患 有 高血压 需要 下去 吃 药 。
审 ： 现在 休庭 二十分 钟 。
将 被告人 刘玉安 带 下 法庭 。
（ 敲击 法 槌 ） （ 二十分 钟 后 ） 。
书记员 ： 请 大家 坐 好 。
书记员 ： 请 公诉人 、 辩护人 入 庭 。
书记员 ： 请 审判长 、 审判 长 入 庭 。
审 ： （ 敲击 法 槌 ） 现在 继续 开庭 。
传 被告人 刘玉安 到 庭 。
（ 执 庭 法警 将 被告 刘玉安 押解 到 庭 ） 审 ： 被告人 刘玉安 ， 你 对 刚才 出示 的 归 案 经过 、 前科 证明 、 判决书 等 书 证 有 异议 吗 ？
刘玉安 ： 没有 。
审 ： 辩护人 对 公诉人 出示 的 量刑 事实 、 量刑 情节 方面 的 证据 是否 有 异议 ？
辩 ： 没有 异议 。
审 ： 被告人 刘玉安 及 辩护人 就 量刑 事实 及 量刑 情节 方面 是否 有 证据 向 法庭 提供 ？
刘玉安 ： 没有 。
辩 ： 没有 。
审 ： 公诉人 出示 的 扣押 清单 因 被告人 及 辩护人 提出 异议 ， 待 合议庭 评议 后 认定 。
公诉人 以上 所 举 被告人 供 述 、 被害人 陈述 、 证人 证言 、 鉴定 意见 、 搜查 笔录 、 勘验 检查 笔录 、 发还 物品 清单 、 指 认 现场 笔录 及 照片 、 归 案 情况 说明 、 前科 证明 、 户籍 证明 、 情况 说明 等 证据 经 当庭 质证 ， 被告人 、 辩护人 均 无 异议 ， 经 合议庭 评议 ， 认为 上述 证据 内容 真实 、 形式 合法 ， 具有 合法性 、 真实性 、 关联性 ， 可以 作为 本 案 定 案 依据 ， 本庭 予以 当庭 确认 。
法庭 调查 结束 ， 现在 进行 法庭 辩论 。
控 辩 双方 应 主要 围绕 量刑 情节 及 其他 有 争议 的 问题 进行 辩论 。
先 由 公诉人 发表 公诉 意见 。
公 ： （ 略 ， 详 见 公诉 词 ） 审 ： 现在 由 被告人 自行 辩护 。
刘玉安 ： 我 所 盗 的 赃物 已经 全部 退回 ， 肯 请 从 轻 处理 。
我 有 严重 的 高血压 ， 承受 不 了 。
辩 ： 被告人 刘玉安 具有 坦白 情节 、 悔罪 、 自愿 认罪 、 退赃 情节 ， 全部 发还 被害人 。
公安 所 收缴 物品 中 ， 包含 被告人 家庭 合法 财物 ， 对于 这 部分 合法 财物 事后 请 法庭 与 公诉人 予以 查明 ， 并 将 财物 返还 给 被告人 家属 。
被告人 刘玉安 社会 危害 较 小 ， 从 被告人 每 次 作 案 动机 ， 实施 犯罪 行为 等 情况 来看 ， 其 对 社会 所 造成 的 危害 相对 来讲 是 较 小 的 。
虽 构成 盗窃罪 ， 但 被告人 具有 本 案 的 一 系列 的 酌定 从 情 处罚 情节 ， 结合 刑法 以 惩罚 为辅 ， 教育 为主 的 原则 ， 建议 法庭 对 被告人 的 量刑 时 给予 从 轻 ， 甚至 减轻 处罚 考虑 。
（ 略 ， 详 见 辩护 意见 ） 公 ： 针对 刘玉安 具有 坦白 情节 ， 公诉人 认为 被告人 刘玉安 在 讯问 时 他 有 几 起 是 自己 不 予 认定 的 ， 如 本 案 第14 、 16 起 刘玉安 不予 认定 ， 所以 公诉 机关 不予 认定 坦白 ， 刘玉安 交待 了 公安 去 他们 家 扣押 的 ， 并 不 是 刘玉安 主动 退赃 的 。
发还 财物 的 问题 ， 公安 扣押 的 财产 中 ， 公安 机关 在 网上 公布 ， 对于 在 他家 扣押 的 物品 还 有些 失主 在 认领 ， 如果 是 他 的 合法 财产 请 出示 相关 证明 。
危害 小 的 意见 ， 公诉人 不 这么 认为 ， 他 盗窃 多 达 十六 起 ， 现在 是 予以 认定 的 ， 刘玉安 有 前科 劣迹 ， 并 没有 悔改 表现 ， 又 盗窃 十六 起 。
相信 法庭 会 予以 认定 。
审 ： 刚才 在 法庭 辩论 中 ， 公诉人 、 被告人 、 辩护人 发表 了 各自 的 意见 ， 双方 的 争议 焦点 是 ： 1 、 是否 主动 退赃 ； 2 、 哪些 是 合法 财产 ， 哪些 是 非法 财产 。
