当时 …
…
公诉人 ： 那 后来 在 交警 队 里面 ， 你 有 没有 如实 地 讲 清楚 这个 事情 ， 是 费良玉 开 车 出 的 事故 ？
黄标 ： 呃 ， 在 交警 队 说 了 ， 如实 地 说 了 。
公诉人 ： 那 ， 后来 费良玉 怎么 归 案 ， 这个 你 知道 不 知道 ？
黄标 ： 因为 费良玉 ， 我 用 的 手机 ， 是 费良玉 的 卡 ， 在 交警 队 的 时候 ， 交警 问 我 费良玉 在 哪 …
…
我 说 我 这个 手机 有 他 的 电话 ， 交警 拿 起 了 电话 打 了 费良玉 的 手机 。
公诉人 ： 就是 叫 费良玉 过来 配合 调查 是 吧 ？
黄标 ： 对 。
公诉人 ： 后来 有 没有 看到 费良玉 过 来 ？
黄标 ： 呃 ， 我 看到 了 。
（ 公诉人 对 证人 询问 结束 ） 法庭 质证 被告人 质证 ： （ 无 ） 辩护人 质证 ： （ 无 ） 诉讼 代理人 质证 诉讼 代理人 ： 有些 问题 问 你 ， 你 要 如实 回答 。
呃 ， 费良玉 是 你 老板 是 吧 ？
黄标 ： 对 。
诉讼 代理人 ： 每个 月 给 你 发 多少 工资 ？
黄标 ： 这个 没有 说 。
诉讼 代理人 ： 没有 说 ？
黄标 ： …
…
诉讼 代理人 ： 做 了 多 长时间 ？
黄标 ： 做 了 二十 几 天 吧 。
诉讼 代理人 ： 做 了 二十 几 天 ？
黄标 ： 对 。
诉讼 代理人 ： 那么 事发 当天 你 为什么 没有 开车 ， 因为 他 雇 的 你 当 司机 ？
黄标 ： 因为 早上 我 开 了 两 车 ， 我 开 了 两 车 过 来 他 到 虹桥 有 事 ， 镇 里 ， 他 回来 说 要 我 把 车子 开 到 沙 湾 去 装 石料 下来 ， 有 雨 ， 他 在 下面 ， 我 听 着 车 的 下面 有 沙沙沙 的 声音 ， 我 下 来 检查 ， 费良玉 他 自己 跑 上 去 。
诉讼 代理人 ： 那 他 的 驾驶 技术 怎么样 ？
你 有 没有 坐 过 他 开 的 车 ？
黄标 ： 之前 也 坐 过 。
诉讼 代理人 ： 驾驶 技术 怎么样 ？
黄标 ： 这个 反正 …
…
诉讼 代理人 ： 那 你 坐 在 驾驶室 有 没 有 睡觉 呢 ？
尤其 案 发 前 ？
黄标 ： 案 发 前 没有 。
诉讼 代理人 ： 看到 前面 还是 在 睡觉 ？
黄标 ： 反正 迷 迷 糊 糊 的 ， 我 靠 在 那个 靠背 上 ， 我 靠 在 靠 背 上 。
诉讼 代理人 ： 那 你 有 没有 看清楚 当时 这个 道路 状况 啊 ， 前面 的 行人 啊 ， 你 有 没有 看清楚 ？
黄标 ： 当时 就 看 着 有 人 横穿 马路 。
诉讼 代理人 ： 你 有 没有 注意 这个 道路 ， 他 为什么 会 逆行 ？
黄标 ： 因为 这边 这个 路 是 封 的 。
诉讼 代理人 ： 用 什么 封 的 ？
黄标 ： 用 那个 …
…
诉讼 代理人 ： 塑料 筒 ？
黄标 ： 对 对 对 ， 塑料 筒 。
诉讼 代理人 ： 整个 半道 都 被 封 了 ？
黄标 ： 对 对 对 ， 整个 半道 全部 都 封 了 。
诉讼 代理人 ： 那么 ， 就是 你 看 到 被 轧 被 撞 的 那个 人 ， 他 有 没 有 打伞 ？
打 的 伞 。
诉讼 代理人 ： 打 的 伞 ？
黄标 ： 嗯 。
诉讼 代理人 ： 有 没 有 扬 手 、 拦 车 的 动作 呢 ？
黄标 ： 没有 。
诉讼 代理人 ： 那 为什么 你 在 公安 交代 阶段 好多 次 你 说 他 扬 着手 要 拦 车 ？
黄标 ： 因为 当时 费良玉 他 跟 我 说 的 。
诉讼 代理人 ： 他 是 什么 时候 跟 你 说 的 ？
黄标 ： 在 打电话 的 时候 说 的 。
诉讼 代理人 ： 是 案 发 后 的 第一 个 电话 ， 第二 个 电话 ， 还是 后面 几 个 电话 里面 ？
黄标 ： 后面 的 几 个 。
诉讼 代理人 ： 后面 的 几 个 电话 ？
黄标 ： 嗯 。
诉讼 代理人 ： 那么 ， 费良玉 喇叭 这个 ， 他 看到 行人 以后 ， 喇叭 是 按 了 没有 ？
黄标 ： 喇叭 我 听到 按 了 。
诉讼 代理人 ： 听到 按 了 ？
黄标 ： 对 对 对 ， 我 听到 按 了 。
诉讼 代理人 ： 然后 方向盘 打 了 没有 ？
黄标 ： 方向盘 也 打 了 。
诉讼 代理人 ： 也 打 了 ？
黄标 ： 对 对 对 ， 方向盘 转 了 。
诉讼 代理人 ： 你 有 没有 听到 叫声 ， 声音 啊 ？
黄标 ： 没有 。
诉讼 代理人 ： 没有 ？
黄标 ： …
…
诉讼 代理人 ： 这个 车 ， 可以 开 多少 档 ？
总共 是 8 档 ， 最高 时速 是 多少 ？
黄标 ： 最高 时速 啊 ？
我们 跑 的 那个 路 跑 得 都 不 是 很 快 ， 跑 得 最 多 的 时候 也 是 40 多码 。
诉讼 代理人 ： 你们 一般 6 档 可以 开 多少 ， 一般 ？
黄标 ： 这个 …
…
诉讼 代理人 ： 因为 你 是 驾驶员 嘛 ， 一般 挂 6 档 的 时速 是 多少 ？
黄标 ： 因为 我 ， 没有 实验 过 。
诉讼 代理人 ： 你们 撞 了 人 之后 ， 费良玉 有 没有 打开 过 左边 车门 ？
黄标 ： 打 过 。
诉讼 代理人 ： 打 过 ？
黄标 ： 对 。
诉讼 代理人 ： 那 他 左边 打开 的 没有 下去 吗 ？
黄标 ： 因为 那天 下雨 ， 下雨 ， 下雨 ， 滑 ， 从 我 这边 下 。
诉讼 代理人 ： 从 你 那边 下去 ？
黄标 ： 对 。
诉讼 代理人 ： 那 他 撞 到 人 之 后 有 没 有 说 什么 话 ？
黄标 ： 撞 到 人 之 后 他 就 说 ， 我们 就 说 赶紧 报警 。
诉讼 代理人 ： 赶紧 报警 ？
黄标 ： 对 。
诉讼 代理人 ： 你 有 没有 看到 他 报警 呢 ？
黄标 ： 应该 报警 了 ， 在 车子 下面 ， 声音 挺 大 。
诉讼 代理人 ： 那 他 下去 之后 ， 你 是 在 车上 吗 ？
黄标 ： 他 ， 他 先 下去 以后 ， 我 才 下去 的 。
诉讼 代理人 ： 你 什么 时候 下去 ？
黄标 ： 他 什么 时候 下去 我 就 下去 了 。
诉讼 代理人 ： 你 下去 了 ？
黄标 ： 对 。
诉讼 代理人 ： 那 你 看 他 是 从 前面 走 还是 从 后面 走 ？
黄标 ： 他 是 从 后面 走 到 前面 。
诉讼 代理人 ： 那 你 下去 的 时候 是 从 前面 走 还是 从 后面 走 ？
黄标 ： 我 是 站 在 车 的 前面 。
诉讼 代理人 ： 你 是 站 在 ？
黄标 ： 对 对 ， 我 站 在 车 的 前面 。
诉讼 代理人 ： 那 你 有 没有 看到 其他 人 在 ？
黄标 ： 没有 。
诉讼 代理人 ： 案 发现 场 ？
