第 七 项 证据 是 乐清市 交警 大队 民警 赵顺余 、 余兵新 出具 的 办 案 经过 。
在 卷宗 第二 卷 的 第64 至 65 页 。
证实 在 虹桥 交警 支队 在 事发 之后 到达 现场 时 ， 费良玉 说 自己 是 车主 ， 并 提出 找 驾驶员 黄标 。
后来 ， 费良玉 和 黄标 一 起 到 交警 队 ， 因 当时 费良玉 本人 指 称 黄标 是 驾驶员 ， 就 先 控制 黄 标 进行 询问 。
黄标 交代 了 费良玉 驾驶 皖 K5B323 重型 自 卸货 车 发生 交通事故 ， 事故 后 叫 黄 标 顶替 的 事实 。
余兵 新 电话 通知 费良玉 到 交警 队 接受 调查 。
在 民警 询问 时 ， 费良玉 开始 不 承认 ， 后来 交代 了 自己 驾驶 皖 K5B323 重型 自 卸货 车 发生 交通事故 并 叫 黄 标 顶替 的 事实 。
当日 ， 费良玉 被 刑 拘 。
第 八 项 证据 是 乐清市 交警 大队 民警 余兵新 、 赵顺余 出具 的 情况 说明 。
在 卷宗 第二 卷 的 73 页 。
证实 ， 2010年 12月 25日 12点 59分 开始 至 14点 1分 11秒 ， 民警 余兵新 、 赵顺余 用 黄 标 手机 15825696837 这个 号码 5 次 同 费良玉 通话 ， 要求 费良玉 到 交警 队 接受 调查 ， 及 核实 相关 情况 。
第 九 项 证据 是 乐清市 交警 大队 民警 余兵新 、 赵顺余 出具 的 情况 说明 。
在 卷宗 第二 卷 的 73 页 。
证实 ， 2010年 12月 25日 12点 59分 开始 至 14点 1分 11秒 ， 民警 用 黄 标的 手机 多次 同 费良玉 通话 。
第 十 项 证据 是 接警 单 。
110 接警 单 。
在 卷宗 的 第1 至 ， 呃 ， 在 卷宗 的 第一 卷 第1 页 。
证明 报警时间 是 2010年 12月 25日 9点 46分 45秒 ， 报警电话 是 18655852668 ， 报警 人 没有 说 名字 。
（ 第三 项 至 第十 项 证据 出示 完毕 ） 法庭 质证 被告人 质证 ： （ 无 ） 辩护人 质证 ： （ 无 ） 诉讼 代理人 质证 诉讼 代理人 ： 最 主要 的 是 对 那 个 电话记录 。
请 法庭 翻 到 第二 卷 的 第57 页 ， 费良玉 的 电话 他 自己 当面 也 核实 过 的 ， 那么 这个 电话 ， 我 没有 看到 9:46 之后 打 到 110 的 电话 。
然后 ， 110 接警 单 上 写 的 说 是 费良玉 电话报警 。
这个 是 核对 不 起来 ， 所以 这个 请 公诉人 或者 哪 一 位 解释 一下 。
法官 ： 你 说 他 的 电话 ， 在 他 的 电话记录 里 没有 110 打 出 的 电话 是 吧 ？
诉讼 代理人 ： 对 。
法官 ： 公诉人 对 这 一方面 有 什么 解释 ？
公诉人 ： 这个 110 接警 单 ， 这个 明确 记载 着 被告人 费良玉 曾经 用 这个 手机 ， 后面 2668 这个 手机 ， 时间 是 9点 46分 45秒 ， 那么 被告人 当庭 也 承认 ， 也 是 供 述 自己 打 了 这个 电话 ， 黄标 也 证实 被告人 打电话 。
但是 呢 ， 在 接 警 记录 我们 也 使用 了 ， 也 有 显示 。
但是 呢 ， 公诉人 认为 应该 采 信 被告人 ， 有利 被告人 的 原则 ， 采 信 这个 被告人 报警 这个 情况 。
诉讼 代理人 ： 审判长 ， 我 想 补充 一点 。
我 的 意思 所有 证言 都 不如 机器 可靠 ， 机器 的 记录 ， 既然 公诉人 用 它 来 证明 给 黄标 打 过 电话 ， 给 高广跃 打 过 电话 ， 那么 为什么 这 机器 上 证明 他 没有 给 110 打 过 电话 ， 法院 要 采用 证人 ？
应该 是 物证 更 可靠 。
法官 ： 这个 ， 法庭 已经 注意 这 方面 的 问题 ， 就是 这个 问题 法庭 曾经 询问 过 电信 部门 ， 因为 他 的 电话号码 是 外地 的 电话号码 ， 在 往 本地 打 110时 显示 不 出来 。
请 公诉人 继续 举 证 。
公诉人 向 法庭 出示 第二 组 证据 公诉人 ： 公诉人 现 向 法庭 出示 第二 组 证据 ， 主要 证明 交通事故 发生 经过 。
本 组 证据 由 监控 视频 及 视频 图像 采集记录 、 过磅 单 ， 证人 王立权 、 薛品芬 、 陈赛英 、 黄雪芬 、 王旭旭 、 王旭乐 、 孔献良 、 林金儿 的 证言 ， 法医 物证 鉴定 意见 书 、 上交 笔录 、 清点 记录 、 扣押 物品 文件 清单 及 照片 ， 电子 物证 检验报告 ， 情况 说明 等 。
第一 项 证据 是 监控 视频 及 视频 图像 采集记录 。
在 卷宗 第二 卷 的 28 页 。
证明 ， 2010年 12月 25日 16时 10分 至 45分 ， 侦查 人员 在 乐清市 虹桥 镇 山塘 山 矿山 提取 到 监控信息 ， 在 该 监控信息 中 发现 ， 发生 事故 前 ， 肇事 车辆 皖 K5B323 解放 牌 重型 自 卸货 车 ， 于 9时 37分 59秒 经过 山塘 山 矿 门口 ， 于 2010年 12月 25日 9时 42分 09秒 经过 华 一 村村 口 。
法官 ： 请 书记员 把 视频 拿 过来 。
照片 。
公诉人 ： 第二 项 证据 是 过磅 单 三 张 。
在 卷宗 第二 卷 的 41 到 43 页 。
证明 ， 2010年 12月 25日 在 发生 事故 前 ， 皖 K5B323 解放 牌 自 卸货 车 处于 运输 石料 过程 中 ， 并 已 装运 石料 两 趟 ， 在 第三 趟 运输 过程 中 发生 事故 。
第三 项 证据 是 一 组 证人 证言 ， 包括 证人 王立权 、 薛品芬 、 陈赛英 、 黄雪芬 、 王旭旭 、 王旭乐 、 孔献良 、 林金儿 等 8 位 证人 的 证言 。
这 一 组 证人 证言 证明 ， 被害人 钱 云 会 发生 事故 时 ， 手上 戴 有 一 只 具 摄录 功能 的 手表 ， 该 手表 为 发生 事故 前 一 天 ， 即 2010年 12月 24日 ， 王立权 通过 林金儿 ， 从 林金儿 的 朋友 孔献良 处 取得 。
事故 当天 即 2010年 12月 25日 早上 7点 左右 ， 王立权 打电话 叫 钱云会 到 家中 ， 在 家中 将 手表 交给 了 钱云会 ， 并 教 其 如何 使用 。
两 人 分开 后 ， 王立权 与 钱云会 还 在 8点 多 有 过 通话 ， 9点 多 ， 王立权 知道 钱 云 会 发生 事故 ， 10点 多 ， 王立权 赶到 事故 现场 ， 从 钱云会 手上 取 走 手表 ， 后 王立权 将 手表 交 由 其 儿子 王旭旭 、 王旭乐 将 事故 发生 的 视频 复制 至 U 盘 ， 并 将 其 手表 交给 其 妻子 黄雪芬 保管 ， 黄雪芬 再 将 手表 交给 邻居 陈赛英 代为 保管 。
陈赛英 于 2011年 1月 14日 要求 薛品芬 陪同 其 一 起 将 手表 交给 蒲岐镇 边防 派出所 ， 王立权 、 王旭旭 、 王旭乐 一起 供 述 钱 云 会 交通事故 发生 过程 视频 内容 ， 现 当庭 宣读 这 一 组 证人 证言 的 内容 摘要 。
第一 个 是 证人 王立权 的 证言 。
在 卷宗 第三 卷 的 第51 至 69 页 。
“ 钱云会 死 后 ， 袁迪贵 叫 我 去 现场 多 拍 一些 照片 和 录像 发 到 网上 ， 把 政府 的 面子 搞 掉 ， 我 听 后 就 到 钱云会 的 尸体 上 摘 下 他 的 手表 ， 戴 在 自己 的 手上 ， 去 拍 事故 现场 的 录像 ， 拍 好 后 ， 我 把 手表 交 给 小 儿子 ， 让 他 把 录像 拷 出来 ， 放在 一个 白色 的 U 盘 上 ， 然后 把 手表 交给 了 我 老婆 。
