被害人 钱 云 会 是 在 2010年 12月 25日 9时 48分 20秒 至 28秒 间 发生 意外 ， 事故 仅 在 瞬间 发生 ， 当时 能 清楚 地 听到 喇叭声 和 撞车 声 。
（ 第二 组 证据 出示 完毕 ） 法庭 质证 法官 ： 被告 人 对 公诉人 出示 的 系列 证据 是否 有 疑 议 。
费良玉 ： 没有 。
辩护人 ： 辩护人 认为 ， 公诉人 当庭 出示 的 证据 ， 是 公安 机关 依照 法律 的 有关 规定 ， 它 的 内容 确凿 真实 ， 与 本 案 具有 关联性 …
…
法官 ： 诉讼 代理人 有 没 有 疑 议 ？
诉讼 代理人 ： 有 。
我 感觉 辩护人 的 发言 和 公诉人 一样 的 。
质证 ， 辩护人 没有 意见 ， 反而 赞同 ， 我 表示 很 遗憾 。
首先 我 对 证据 的 宣读 方法 有 严重 疑 议 。
这么 多 证据 ， 只 选择 一定 的 读 一下 ， 最后 ， 给 我们 的 时间 ， 给 大家 的 时间 ， 非常 短暂 ， 我 认为 是 非常 不 负 责任 的 、 非常 不 合理 的 ， 那么 ， 请 法庭 给 我 时间 ， 我 要 一一 质证 。
首先 ， 我 想 从 视频 开始 质证 。
就 是 刚刚 播放 的 几 段 。
首先 ， 对 这个 视频 ， 没有 通过 任何 权威 部门 、 鉴定 机构 鉴定 ， 到底 这个 视频 有 没有 经过 剪接 ， 有 没 有 修改 ？
因为 视频 ， 视听 资料 ， 是 很 容易 被 修改 、 剪接 的 。
那么 ， 从 所有 案 卷 出示 的 东西 来看 ， 是 没有 这样 的 鉴定 报告 的 ， 这 是 一点 。
第二 ， 为什么 要 做 这样 的 剪接 修改 鉴定 呢 ？
因为 这个 视频 放在 王立权 家里 ， 已经 有 很 长时间 了 ， 他 儿子 也 拷贝 过 、 删除 过 ， 那么 到 了 公安 机关 手里 ， 我 觉得 也 有 必要 ， 公安 也 有 必要 ， 因为 公安 机关 已经 认定 了 是 交通事故 ， 结论 已经 做出 了 ， 那么 他 已经 变成 利害 关系人 了 ， 如果 这 录像 有 什么 不同 的 话 ， 他 也 是 利害 关系人 ， 所以 我们 也 加以 存疑 。
这 是 第二点 我 为什么 说 要 鉴定 。
第三点 ， 请 法庭 播放 那个 12月 23 号 那 一 段 录像 。
如果 这个 人 是 钱云会 的 话 ， 他 的 时间 是 2010年 12月 23 号 ， 所有 的 证人 都 表明 ， 包括 王立权 ， 都 表明 是 12月 25 号 才 交 给 钱云 会 手表 的 ， 而且 中间 也 有 12月 25 号 早上 7点 多 交接 手表 这么 一个 视频 ， 和 钱云 会 交接 手表 这么 一个 视频 ， 那么 23 号 这个 视频 又 是 从 哪里 来 的 呢 ？
那么 是不是 视频 手表 作假 了 呢 ？
这 是 第三 个 问题 。
第 四点 ， 没有 任何 亲人 来 鉴定 过 、 辨认 过 刚刚 视频 播放 的 那个 人 是 钱云会 ， 没有 任何 亲人 来 辨认 、 指 认 ， 公诉人 说 是 就 是 ， 辩护人 说 也 是 ， 那么 有 没 有 人 来 指 证 过 ， 家属 来 辨认 过 ？
包括 第3 段 ， 呃 ， 第2 段 视频 ， 是 不 是 ？
这 是 第四点 。
第五点 疑问 ， 请 法庭 重新 播放 视频 的 时候 你们 看 一下 ， 按照 费良玉 、 黄 标的 交代 ， 当时 的 现场 ， 当时 的 现场 他 说 有 很多 隔离 筒 ， 那么 你 去 看看 视频 ， 有 一个 隔离 筒 没有 ？
一 个 都 没有 。
那 是 现场 作假 吗 ？
还是 他们 两 个 人 都 说谎 了 ？
第 六点 ， 这个 视频 没有 任何 关于 车辆 、 这个 车辆 的 特征 ， 没有 任何 ， 除了 第一 个 伸出 来 的 脸 之外 ， 没有 任何 其他 人 可以 认 清楚 这个 人 是 谁 ， 认清 这个 脸型 的 ， 所以 要 伪造 ， 也 是 很 容易 。
所以 针对 这个 视频 ， 我 想 法庭 还 是 认认真真 地 根据 法律 的 规定 ， 去 找 有关 机构做 鉴定 ， 有 没 有 剪接 ， 去 找 他 的 亲人 去 ， 有 没 有 指 证 过 。
接 下来 我 将 会 讲 到 ， 很多 证言 的 内容 和 视频 是 不 相符 的 。
接 下来 我 来 质证 刚刚 公诉人 提出 的 那么 多 证言 。
我 先 讲 ， 不用 全部 讲 ， 挑 着 讲 啊 ， 我 讲 主要 是 看 过 这 视频 的 人 。
王立权 的 讯问 笔录 当中 ， 王立权 讲 到 ， 我 、 我 老婆 、 我 两 个 儿子 和 钱 成 钱 都 看到 过 视频 ， 那么 我们 接下来 说 ， 首先 我 要 质证 、 质疑 本次 庭审 当中 ， 王立权 、 黄雪芬 这些 人 ， 为什么 不 出庭 作证 ？
根据 最高 法院 的 规定 ， 证人 应当 出庭 ， 除了 下列 情形 ， 法院 准许 可以 不 出庭 ： （ 一 ） 未成年人 ； （ 二 ） 庭审 期间 身 患 严重 疾病 或者 行动 极为 不便 的 ； （ 三 ） 其 证言 对 案 件 的 审判 不 起 直接 决定 作用 的 ； （ 四 ） 有 其他 原因 的 。
那么 ， 我 想 请 公诉人 解释 一下 ， 为什么 王立权 身体 好 好 的 关 在 看守所 ， 完全 可以 出庭 作证 ， 王立权 的 家 人 也 都 在 ， 为什么 不 出庭 ？
否则 其 证言 ， 根据 最高 法院 规定 应当 出庭 而 不 出庭 的 话 ， 我 认为 证言 是 要 打折扣 的 。
这 是 一点 。
同时 ， 根据 最高 法院 规定 ， 鉴定 人 也 应该 出庭 ， 那么 今天 ， 鉴定 人 也 没有 出庭 ， 都 没有 合理 的 理由 。
所以 对 这个 程序 ， 我 是 表示 异议 。
第二 ， 即使 按照 王立权 等 所有 人 的 笔录 而言 ， 王立权 说 他 看到 了 ， 他 老婆 看到 了 ， 钱 成 钱 看到 了 ， 钱 成 钱 今天 没有 作为 证人 出庭 ， 也 没有 证人 笔录 ， 那么 王立权 说 他 看到 什么 呢 ？
王立权 没有 看到 钱云会 被 撞 死 。
而且 王 立 权 笔录 当中 还 提到 ， 钱云会 的 手机 ， 一并 跟手 表 在 一起 。
那么 手机 里面 有 通话 记录 ， 为什么 钱 云 会 手机 的 通话 清单 没有 作为 证据 出示 在 本 案 庭审 当中 ？
这 是 ， 我 讲 的 是 王立权 在 2011年 1月 13日 8时 交代 的 ， 说 他 老婆 、 他 两 个 儿子 、 钱 成 钱 都 看 过 ， 但 王立权 没有 说 他 看到 了 被 撞 的 事 。
王立权 看到 的 视频 说 ， 说 我 就 看到 了 两 段 视频 ， 一半 是 钱云 会 压 在 车 下 的 场景 ， 和 围绕 肇事 车 拍 的 视频 和 站 一 排 警察 的 视频 ， 警察 的 视频 没有 ， 他 围绕 车 拍 的 视频 也 没有 。
