第 七 项 证据 是 证人 孙自芬 的 证言 ， 在 卷宗 的 第五 卷 的 87 至 94 页 ， 孙自芬 是 费良玉 的 妻子 ， 其 证实 事故 发生 前 费良玉 与 平时 表现 是 一样 的 ， 和 被 撞 的 人 也 不 认识 。
第 八 项 证据 是 黄学庆 的 证言 ， 在 卷宗 第五 卷 的 第92 至 94 页 ， 黄学庆 即 是 黄 标的 叔叔 ， 证实 2010年 12月 25日 上午 9时 多 黄 标 有 打电话 来 说 ， 费良玉 的 车 出 了 事故 的 这个 事情 。
第 九 项 证据 是 证人 杨林建 的 证言 ， 及 移动 公司 提供 的 监控 安装 记录 。
证人 杨林建 的 身份 是 乐清 移动 公司 的 工作人员 。
其中 这 几 个 证据 在 卷宗 的 第六 卷 第29 至 34 页 、 第二 卷 的 68 页 、 第二 卷 的 30 至 37 页 ， 证明 寨 桥 村 路段 监控 事故 发生 时 没有 储存 ， 是 因为 寨 桥 村 路段 监控 安装 属 在建 工程 ， 移动 公司 受 蒲岐 镇政府 委托 ， 于 12月 21日 开始 安装 ， 先是 安装 高清晰 的 摄像机 ， 再 因 视频 抖动 问题 无法 解决 ， 又 换 成 了 标 清 摄像机 ， 12月 25日 开始 对 监控 做 存储工作 ， 直到 12月 25日 中午 12点 53分 才 完成 ， 上述 工作情况 电脑 中 都 有 日志 记载 ， 该 日志 是 不 能 删除 和 更改 的 ， 如 有 删除 和 更改 ， 都 会 在 电脑 中 留下 记录 。
（ 第四 组 证据 出示 完毕 ） 法庭 质证 被告人 质证 ： （ 无 ） 辩护人 质证 ： （ 无 ） 诉讼 代理人 质证 诉讼 代理人 ： 主要 是 针对 这些 证人 证言 。
首先 质证 保安 的 证言 。
根据 证言 ， 吴 浅 浅 的 证言 ， 2010年 12月 28日 8时 45分 作 的 证言 ， 现场 有 很多 反光锥 摆放 在 道路 南侧 第一 条 和 第二 条 道 之间 ， 在 施工 路段 都 有 摆放 ， 有 一二 公里 长 的 距离 ， 在 事故 现场 前后 视线 内 都 有 摆放 。
那么 ， 请 法庭 看 现场 视频 ， 我们 看 得 到 反光锥 没有 ？
那么 ， 我 要 质疑 这个 视频 是不是 案 发现 场 。
第二 ， 这个 吴 浅 浅 的 证言 ， 2011年 1月 3 号 16点 20分 ， 讲 到 ， “ 后来 到 上午 8时 来 380 名 保安 人员 ， 乘坐 四 辆 中巴车 到 现场 执勤 。
” 那么 ， 从 所有 的 证据 当中 都 可以 看到 ， 现场 当天 其实 没有 什么 事情 发生 ， 那 为什么 有 380 名 保安 到 现场 ？
到底 想 干 什么 ？
然后 再 吴 浅 浅 的 证言 当中 ， 他 看到 一个 村民 ， 个子 高高的 ， 打 着 伞 ， 站 在 事故 车头 右侧 位置 ， 在 那 又 蹦 又 叫 。
那么 ， 想必 这个 人 是 钱成宇 ， 所以 钱成宇 作为 目击 证人 是 可以 的 …
…
证人 张 回 2010年 12月 27日 11时 多 的 笔录 ： “ 我 没有 看到 事故 发生 的 经过 ， 我 车上 的 郑 元 章 当时 下 车 到 公路 对面 小便 ， 看到 了 事故 发生 的 经过 ， 他 回到 车上 告诉 我们 前方 一 个 人 被 撞 死 了 。
” 那么 ， 请 法庭 可以 播放 第7 段 视频 ， 后面 被 撞 了 之后 ， 是 有 一个 人 跑 过来 的 视频 ， 但是 ， 据 我 初步 观察 ， 这个 人 是 不 是 这个 ？
按照 钱成宇 的 证言 ， 他 看到 的 保安 都 是 戴 头盔 的 ， 但是 在 这 段 录像 当中 我 没有 看到 这个 戴 头盔 的 人 。
郑元章 ， 证人 证言 当中 所谓 的 第一 个 目击 证人 ， 2010年 12月 28 号 上午 11时 40分 左右 ， 第4 页 ： “ 大 货车 停 住 后 ， 从 左 前方 下来 一个 人 ， 我 当时 很 紧张 ， 这个 人 的 特征 不 注意 。
” 那么 请 注意 ， 如果 费良玉 是 从 右边 下来 的 ， 那么 对 他 来说 ， 那 就 不 是 左 前方 ， 是 右 前方 ， 因为 他们 是 车 的 屁股 后面 。
那么 请 法庭 可以 放 录像 ， 如果 这 段 录像 是 真 的 话 ， 保安 会 是 在 车 的 车尾 ， 人 在 走 ， 那么 他们 看到 的 左 前方 ， 应该 是 车子 的 左侧 ， 这 又 是 这个 录像 和 费良玉 的 陈述 不 一致 。
因为 他 是 保安 所 说 的 第一 个 目击 证人 。
然后 请 法庭 注意 是 是 ， 他们 提到 的 是 4 个 保安 ， 但是 在 这个 录像 当中 可以 看到 ， 是 黑压压 的 一 群 人 ， 这 是 ， 这个 法庭 可以 有限 地 播放 ， 我 可以 提供 仔细 观看 。
那么 ， 我 还 请 法庭 记录 一下 ， 既然 公诉人 提出 有 利害 关系 的 人 可以 出庭 作证 我 可以 认可 ， 但是 有 利害 关系 的 人 的 证言 证明 力 是 有限 的 ， 那么 乐清 保安 公司 ， 这些 人 都 是 乐清 保安 公司 ， 乐清 保安 公司 是 谁 聘用 的 呢 ？
是 蒲岐 镇政府 和 港口 管理 委员会 聘请 的 。
那么 ， 蒲岐 镇政府 和 钱云会 之间 的 关系 恐怕 不 需要 我 多 讲 。
所以 这些 保安 ， 而且 是 ， 一度 钱 成宇 指 称 可能 是 疑犯 之一 。
公诉人 ： 反对 。
审判长 ， 诉讼 代理人 刚才 所 指 的 这些 保安 与 这个 事故 并 无 任何 关系 ， 保安 ， 刚才 公诉人 所 出示 的 这些 证据 均 证实 交通事故 发生 的 这个 ， 有 交通事故 发生 ， 就 证实 这 一 项 内容 ， 其 内容 大部分 与 质证 意见 无关 。
法官 ： 反对 有效 。
诉讼 代理人 ， 你 对 这 方面 ， 主要 案 件 事实 的 方面 。
诉讼 代理人 ： 对 ， 我 是 评论 这些 证据 是否 有效 ， 法庭 的 这个 指示 我 听 懂 了 。
我们 看 证人 孙金绪 的 证言 。
孙金绪 ， 2010年 12月 29日 上午 作 的 证 ， 这 是 乐清 保安 公司 保安 的 证据 。
问 你们 保安 公司 与 蒲岐 镇政府 是否 有 劳务 合同 ， “ 没有 ， 我们 只 是 有 口头 协议 ， 等 执行 任务 完毕 算 工资 时 ， 再 补 登 一 份 合同 ， 以往 也 是 这么 操作 的 。
” “ 21日 进场 施工 第一 天 ， 白天 是 200 人 ， 上班 也 100 人 ， 下半夜 60 人 。
” 所以 我们 认为 还是 有 一定 利害 关系 的 。
公诉人 ： 审判长 ， 公诉人 再次 反对 。
这个 保安 的 事情 ， 当天 为什么 有 那么 多 保安 到 现场 ， 与 本 案 是 没有 关系 的 。
这么 多 保安 ， 完全 是 因为 其他 的 事情 到 现场 的 ， 什么 保护 施工 的 事情 ， 跟 本 案 无关 ， 与 交通事故 的 证据 ， 交通事故 的 发生 、 经过 事实 是 没有 关系 的 。
