在 一 篇 揶揄 英式 早餐 的 文章 中  作者 写 道  英式 早餐  名字 都 足以 让 地球 人 颤抖 — 优质 农副产品 的 最 惨 结局 
（ 某些 ） 无 节操 英 剧  又 何尝 不 是 以  国耻  的 方式 成就  国粹  呢 
全 亚洲 人民 被 粉红 泡 出 一身 软 媚  亦 庄 亦 谐 的 BBC 适时 地 端 来 名 为 《 9 号 秘事 》 的 暗黑 料理  饕 客 们 打 了 个 满意 的 饱嗝 后  立马 被 强烈 后劲 弄 得 生理 心理 皆 不适  差点 就 噎 死 人 生 
可 别 小觑 这个 看似 摆 不 上 台 面 的 恶 搞 剧  它 其实 颇 具 文学 气质  不少 人 说  欧 
亨利 的 作品 拍 成电视 也许 就 是 这 副 德 性  
短篇小说 最 见 真 章  如果 一个 单元 剧  以 20分钟 左右 的 片 长  交代 情节 同时  铺设 层层 机关  隐藏 毁 三 观 的 超大 信息量  还 能 在 结尾 抖 出 令 人 或 背 脊 飕飕  血压 飙升  脑筋 打结 的 包袱  余味 中 嗅 出 风格 化 电影 的 气息 （ 譬如 EP1 之 于  暴风雪 山庄 模式   EP2 之 于 《 两 杆 大烟 枪 》  EP3 之 于 《 致命 ID 》 ）  你 就 不得不 对 主创 的 大脑 构造 感到 好奇 了 
从 《 疯 城 记 》 走 出来 的 黄金 搭档 Steve 和 Reece  肯定 不 信  人类 一 思考  上帝 就 发笑  一 说 
两 位 编剧 一 脑 抽  把 各 路 神 佛 妖孽 召集 麾下  放 进 变态  复仇  变性  猥亵  精 分 （ 精神 分裂 ） 的 魔方 里  转 一 转  编 出 一个 个 让 上帝 不停 打喷嚏 的 故事 
戳穿 生活 的 遮羞布  揭破 带 进 坟墓 的 秘密  暴露 人性 深处 的 阴 戾  在 他们 的 视野 内  没有 什么 人 和 事 是 神圣 不容 侵犯 的  老 爸 是 连 儿子 都 不 放过 的 娈 童 犯  娇 妻 是 条 异 装 癖 的 汉子  精 分 教师 陷 溺 在 妄想 里 杀人  
不 想 当 演员 的 鬼 才 不 是 好 编剧  两 位 编剧 还 热衷 在 自家 剧 里 以 各种 不 堪 形象 掺 一 脚 
同性 伴侣  爆 头 笨 贼  精神 病人  从 涮 自己 到 涮 世人 再 到 涮 上帝  像 恶魔 毫无 恻 隐  像 顽童 毫无 敬畏  人物 和 剧情 越 神经  神 剧 趋向 越 明显  谁 让 他们 就 是 这么 不 信 邪 地 酷 呢 
《 9 号 秘事 》 沿袭 英 剧 传统  不 惮 于 以 最 坏 的 恶意 刺探 人性 和 生活 
推荐 的 人 以 《 黑 镜 》 做 类比  冠 上 姐妹 篇 的 名号 
对 此  几乎 可以 想象 Steve 和 Reece 嗤之以鼻 的 傲 娇 模样  相对 于 气吞山河 的 《 黑 镜 》  小 格局 的 《 9 号 秘事 》 恐怕 要 敬 谢 不 敏 
前者 刷 的 是 高 科技 的 梗  后者 揭发 的 是 人性 深处 的 垢 
别 对 《 9 号 秘事 》 寄 望 更 多  除了 看 得 过瘾  它 别 无 所 长 
但 艺术 就 是 艺术  没 有 义务 扯 上 意识形态 和 社会 责任感 
况且  《 黑 镜 》 第二 季 已 明显 让 人 感到 形式 和 主题 对 戏剧 本身 的  挟持   与其 端 着 公知 范 儿 忧国忧民  倒不如 看 两 个 慧黠 玩 家  将 神笔 化为 手术刀  解剖 生活 的  遗体   取出 血淋淋 的 病灶  还 不 忘 像 烟盒 上  吸烟 有害 健康  的 字样 一样 标榜  黑色 幽默 源自 于 对 生活 深深 的 溺爱 
《 9 号 秘事 》 是 戏剧 对本 源 的 一 次 回归  撇开 一切 非艺术 因素  尽忠 职守 地 把 戏剧性 这种 东西 玩 到 出神入化 
人生 的 变 奏 断 章  聚焦 在 九 号 门牌 下 一个个 荒诞 空间 
衣柜 里 连 呼吸 都 是 呈 堂 证 供  戒备 森严 的 豪 宅 填 满 笑料 和 巧合  单身汉 公寓 是 真真假假 生 生 死死的 灵 异 结 界  
再 配 上 暗 结 鬼胎 的 道具  突兀 的 场景 切换  诡异 的 打光  神 叨 叨 的 对 白  舞台剧 式 的 浮夸 表演  每 个 镜头 都 被 破 解 不 尽 的 伏笔 和 暗喻 撑 满 了 — 它 经得起 一 看 再 看  时时 温故知新  处处 幡然 醒悟  没有 一秒钟 是 废料 
作为 阅 剧 无数 的 观众  虽然 从 第一分 钟 就 预料 后面 有 反转  但 只是 猜中 形式  却 难 猜中 内容 
编剧 并 不 企图 征服 观众  而是 掏 心窝子 跟 他们 周旋  明示  暗示  调戏  混 淆  障眼法  用 尽 一切 手段 和 心机  撂下 开放式 命题  令 脑 补 的 想法 变成 鞭子  抽打 思维 的 陀螺  钻 得 人 心里 发毛 
用 同样 恶 搞 的 调调 来 形容 该剧  一 幕 幕 人 艰 不 拆  在 不 明 觉 厉 的 细节 处 细 思 恐 极  但 因 各种 神 展开 和 逆转  绝不 会 累 觉 不 爱 
第一 季 目前 还 在 更新 中  第二 季 已 早早 续订 
可 见 此 剧 有 它 独特 的 受众 市场  在 这个 磁场 里  观众 很 难 匀 出 精力 去 掂量 拍摄 手法  技术手段  思想 主题 等 问题  他们 的 全副 心智 都 用 来 猜测 内情  沉浸 到 故事 的 无数 种 可能 里 去 了 
《 她 》 这种 文艺 片 材质  另 类 主题 的 作品  能 获得 奥斯卡 最佳 影片 提名 已经 是 一 种  赏赐  了  
将 《 她 》 这部 科幻 电影 与 那么 多 商业 片 放 在 一起  它 的 优势 在于 一个  念头  的 成功  并 为此 塑造 了 一个 完整 的 逻辑  跟 去年 备受 好评 的 英 剧 《 黑 镜子 》 类似  用 简单 的 形式 就 将 与 现代人 息息相关 的 一 种 现象  乃至 心理 状况 表述 了 出来  它 甚至 都 无 需 揭示 什么 了  剧中 人物 的 情感 和 纠结 就是 你 我 的 情感 和 纠结 
如果 奥斯卡 有 最佳 声 优 奖项 的 话  《 她 》 中 斯嘉丽 