湖北省/ns和/cc武汉市/ns相继/d叫/vi停/vi校办/b培/v优/ag班/n，/wd但/c社会/n上/f培/v优/ag市场/n依然/d火爆/a——/wp“/wyz禁/v补/v令/v”/wyy如何/ryv才/d能/v不/d落空/vi“/wyz刚/d迈入/v初中/n校门/n没/d几/m天/qt，/wd父母/n就/d给/p我/rr报/v了/ule培优班/nrf，/wd说/v是/vshi为了/p让/v我/rr更/d好/a地/ude2适应/v初中/n学习/v，/wd但/c这/rzv大大/d打击/v了/ule我/rr学习/v的/ude1积极性/n。/wj”/wyy
日前/t，/wd武汉市/ns某/rz改制/vn初中/n一/m名/q新/a生/v向/p记者/n抱怨/v，/wd刚/d领到/v新/a教材/n后/f的/ude1兴奋/a，/wd就/d这样/rzv很快/d被/pbei打消/v了/y。/wj
这/rzv名/q学生/n说/v，/wd她/rr小学/n成绩/n一般/uyy，/wd今年/t小/ad升/v初/f通过/v“/wyz电脑/n派/v位/q”/wyy很/d幸运/a地/ude2进入/v改制/vn初中/n。/wj
父母/n担心/v她/rr的/ude1基础/n打/v得/ude3不/d牢/a，/wd再/d加上/v初一/n的/ude1知识/n难度/n加大/v了/y，/wd所以/c刚/d开学/vi没/v几/m天/qt，/wd就/d帮/v她/rr报/v了/ule语文/n、/wn英语/nz培/v优/ag班/n，/wd以期/v她/rr通过/p三年/m的/ude1努力/an，/wd能/v以/p好/a的/ude1成绩/n进入/v重点/n高中/n。/wj
记者/n调查/v发现/v，/wd这/rzv一/m现象/n在/p许多/m初中/n新生/n中/f都/d不同/a程度/n地/ude2存在/v着/uzhe。/wj
新/d生/v培/v优/ag火爆/a江城/n“/wyz前来/vi奥/b数/n培/v优/ag的/ude1大多/d是/vshi初中/n一年/m级/q学生/n。/wj”/wyy
武汉市/ns武昌区/ns一/m培/v优点/n教师/n表示/v。/wj
据/p了解/v，/wd这家/r奥/b数/n培/v优点/n分为/v“/wyz竞赛/vn班/n”/wyy和/cc“/wyz实验/vn班/n”/wyy两/m类/q，/wd学生/n按/p年级/n分班/n。/wj
新生/nr2均/d要/v通过/p考试/vn重新/d“/wyz洗/v牌/n”/wyy，/wd并/cc根据/p考试/vi的/ude1名次/n排序/vi编入/vA/x、/wnB/x、/wnC/x、/wnD4/x个/q班/n。/wj
各/rz年级/n前/f70/m至/p80/n名/q学生/n被/pbei编入/vA/x班/n，/wd由/p该/rz培/v优点/n校长/n亲自/d授课/vi。/wj
考试/vi前/f三/m名/q将/d全/d免/v该/rz学年/n培/v优/ag费/n。/wj
记者/n遇到/v的/ude1家长/n纷纷/d表示/v，/wd培/v优/ag是/vshi一/m种/q正常/a现象/n。/wj
武汉市/ns武昌/ns水果/n湖/n一/m家长/n说/v：/wm“/wyz小孩/n班/n上/f80%/m的/ude1同学/n都/d在/p培/v优/ag，/wd别人/rr培/v优/ag，/wd我/rr也/d培/v优/ag，/wd不然/c就/d从/p起点/n上/f输/v给/p别人/rr。/wj
如果/c小孩/n以后/f考/v不/d上/vf好/a高中/n，/wd还是/c要/v交/v钱/n。/wj
尤其/d是/vshi现在/t政策/n越来越/d严/a，/wd就/d是/vshi交/v钱/n还/d不/d一定/d能/v上/vf重点/n高中/n。/wj”/wyy
据/p他/rr介绍/v，/wd市内/s一些/mq重点/n高中/n，/wd每/rz到/v招生/vn季节/n就/d会/v来/vf市内/s一些/mq知名/a培/v优点/n预先/d挑选/v学生/n，/wd争/v抢/v优质/b生源/n，/wd孩子/n培/v优/ag，/wd无形中/d增加/v了/ule进入/v重点/n高中/n的/ude1砝码/n。/wj
“/wyz上学/vi时/ng盼/v着/uzhe放假/vi，/wd放假/vi了/ule跟/p上/f学/v一样/uyy累/a。/wj”/wyy
刚刚/d下课/vi的/ude1初一/n学生/n刘雅/nr显得/v有/vyou点儿/q烦/a。/wj
从/p小学/n三年/m级开始/n，/wd刘雅/nr的/ude1父亲/n看/v到/v女儿/n的/ude1同学/n大部分/m都/d在/p培/v优/ag，/wd就/d给/p她/rr报名/vi上/f奥/b数/m班/q。/wj
如今/t上/f初中/n了/y，/wd培/v优/ag更/d是/vshi必不可少/vl。/wj
“/wyz有/vyou哪个/ry学生/n喜欢/vi在/p放假/vi的/ude1时候/n上课/vi？/ww
还/d不/d是/vshi被/pbei家长/n逼/v的/ude1！/wt”/wyy
刚刚/d从/p香港/ns某/rz小学/n毕业/v的/ude1郑涛/nr刚/d回/v武汉/ns，/wd家里/s就/d给/p他/rr报/v了/ule两/m个/q培/v优/ag班/n。/wj
应试/vn教育/vn衍生/vn弊病/n一方面/c是/vshi家长/n的/ude1望子成龙/vl，/wd另一方面/c是/vshi学生/n的/ude1叫苦不迭/vl。/wj
在/p新/a《/wkz义务教育/nl法/n》/wky反复/d强调/v为/p学生/n减轻/v负担/n的/ude1情形/n下/f，/wd培/v优/ag显然/ad与/p我们/rr所/usuo提倡/v的/ude1素质/n教育/vn背道而驰/vl。/wj
但/c为何/ryv培/v优/ag之/uzhi风/n不但/c没/d有/vyou禁/v住/vi，/wd反而/d愈演愈烈/vl呢/y？/ww
近年来/dl，/wd湖北省/ns和/cc武汉市/ns相继/d叫/vi停/vi了/ule校办/b培/v优/ag班/n，/wd在/p一定/b程度/n上/f遏制/v了/ule培/v优/ag风/n的/ude1蔓延/vn。/wj
但是/c社会/n力量/n的/ude1介入/vn使得/vi培/v优/ag市场/n再度/d火爆/a，/wd如今/t，/wd形形色色/bl的/ude1培/v优/ag班/n大多/d由/p社会/n力量/n举办/v，/wd广告/n也/d作/v进/vf了/ule学校/n甚至/c课堂/n，/wd对/p此/rzs，/wd教育/vn部门/n很/d难/ad出面/vi干预/v。/wj
“/wyz培/v优/ag热/a实质/n上/f反映/v了/ule优质/b教育资源/n稀缺/a的/ude1问题/n，/wd反映/v出/vf我国/n应试/vn教育/vn与/cc素质/n教育/vn的/ude1冲突/vn，/wd是/vshi应试/vn教育/vn衍生/vn出/vf来/vf的/ude1弊病/n。/wj”/wyy
武钢/n三中/n数学/n奥/b赛/vn教师/n边红平/nr说/v，/wd“/wyz培/v优/ag只能/v是/vshi学校/n教育/vn的/ude1补充/vn，/wd是/vshi学生/n在/p学/v有/vyou余力/n的/ude1情况/n下/f，/wd因人而异/vl的/ude1拔高/vn和/cc提升/vn，/wd而/cc不/d是/vshi全民/n培/v优/ag。/wj
导致/v培/v优/ag热/a的/ude1原因/n是/vshi多方面/n的/ude1，/wd包括/v社会/n、/wn学校/n、/wn家长/n、/wn学生/n等/udeng。/wj
教师/n和/cc家长/n在/p升学率/n面前/f往往/d忽视/v了/ule学生/n的/ude1全面/ad发展/v，/wd唯/d名次/n论/ng、/wn唯/d分数/n论/k的/ude1现象/n依然/d存在/v。/wj”/wyy
提高/v认识/v加强/v监管/vn针对/p初中/n一年/m级/q学生/n参加/v培/v优/ag的/ude1状况/n，/wd硚/x口/q区/n优秀/a班主任/n、/wn武汉市/ns63/m中/b教师/n黄涛/nr称/v，/wd家长/n们/k望子成龙/vl的/ude1心情/n是/vshi可以/v理解/v的/ude1，/wd但/c如果/c过于/d急功近利/vl，/wd很/d容易/ad扼杀/v孩子/n的/ude1学习/vn积极性/n，/wd将/d得不偿失/vl。/wj
她/rr提醒/v家长/n：/wm初一/t由/p小学/n的/ude1三/m门/q主课/n，/wd一下/mq猛/x增/v到/v五六/m门/q主课/n，/wd容易/ad使/v学生/n产生/v手忙脚乱/al之/uzhi感/ng，/wd失去/v协调/an与/cc自控/vn能力/n，/wd甚至/d失去/v自信/an。/wj
因此/c，/wd新/d生/v入学/vi不久/m就/d送/v孩子/n到/v培优班/nrf，/wd反而/d不/d利于/v孩子/n学习/vn。/wj
湖北省/ns教育/vn科学研究/n所/n一/m位/q专家/n指出/v，/wd新/a《/wkz义务教育/nl法/n》/wky明确/ad禁止/v义务教育/nl阶段/n分/qt快慢/n班/n、/wn重点/n班/n，/wd就是/d要/v使/v每/rz一个/mq孩子/n都/d能/v享受/v到/v同等/b的/ude1优质/b教育/vn。/wj
义务教育/nl阶段/n的/ude1孩子/n应该/v在/p快乐/an中/f学习/v，/wd为/p中小学生/n“/wyz减负/v”/wyy不仅/c是/vshi教育/vn部门/n的/ude1事/n，/wd也/d是/vshi全/a社会/n共同/b的/ude1责任/n和/cc义务/n。/wj
现在/t中小学/n不/d办/v培/v优/ag班/n了/y，/wd但/c社会/n力量/n还/d在/p大张旗鼓/dl地/ude2办/v。/wj
由/p教育/vn部门/n颁发/v的/ude1“/wyz禁/v补/v令/v”/wyy无论/c措词/vi多么/d严厉/a，/wd到/v了/ule系统/n之外/f就/d沦为/v一纸空文/nl。/wj
关停/v违规/vd培/v优/ag班/n，/wd需要/v政府/n协调/vn，/wd教育/vn、/wn工商/n、/wn税务/n部门/n联手/vd综合治理/vl，/wd要/v像/v整治/vn网吧/n一样/uyy，/wd各方/r共同/d拿/v出/vf强有力/bl的/ude1措施/n，/wd给/p培/v优/ag热/a降/v降温/vi。/wj
国家/n发展/vn和/cc改革/vn委员会/n8月/t23日/t发布/v的/ude1价格/n举报/vn情况/n显示/v，/wd上半年/t中国/ns教育/vn乱/d收费/vi主要/d集中/v在/p专/d升/v本/n、/wn择/v校/ng、/wn校/ng中校/n和/cc校/ng中/f班/n、/wn一/m费/n制/v外/f自立/vi项目/n、/wn中小学/n有偿/d补课/vi五/m个/q方面/n。/wj
发展/v改革/v委/ng有关/vn负责人/n表示/v，/wd教育/vn乱/d收费/vi一直/d是/vshi群众/n举报/vn的/ude1热点/n问题/n。/wj
上半年/t，/wd全国/n价格/n主管/vn部门/n共/d查处/v教育/vn乱/d收费/vi举报/v案/x件/q5231/m件/q，/wd占/v查处/v价格/n举报/v案/x件/q总数/n的/ude119./m
6％/m。/wj
价格/n主管/vn部门/n在/p查处/v教育/vn乱/d收费/vi举报/v案/x件/q时/ng发现/v，/wd部分/m高校/n未/d按/p国家/n政策/n要求/v对/p专/d升/v本/rz学生/n与/cc普通/a本科/n学生/n实行/v同等/b待遇/n，/wd收取/v高额/b专/d升/v本/rz费/n。/wj