一 、 充分 认识 加强 和 改进 党支部 工作 的 重要性 和 紧迫性 （ 一 ） 高校 党支部 是 党 在 高校 全部 工作 和 战斗力 的 基础 ， 是 落实 党 的 路线 方针 政策 和 党 的 各项 工作 任务 的 基层 组织 ， 是 党 与 党员 、 群众 直接 联系 的 桥梁 和 纽带 ， 是 团结 带领 师生员工 落实 高校 人才 培养 、 科学研究 、 社会 服务 三 大 任务 的 战斗 堡垒 。
加强 党支部 工作 是 学校 党 的 建设 的 “ 基础 工程 ” ， 是 保证 党 对 学校 坚强 领导 的 重要 举措 ， 是 坚持 社会主义 办学 方向 、 培养 社会主义 事业 合格 建设者 和 可靠 接班人 的 必然 要求 ， 是 贯彻 落实 科学 发展观 、 构建 和谐 校园 、 加快 推进 世界 知名 高水平 研究型 大学 建设 的 现实 需要 。
（ 二 ） 党 的 十七 届 四中全会 对 加强 和 改进 新 形势 下 党 的 建设 作出 了 进一步 的 部署 ， 对 做好 抓 基层 打 基础 工作 提出 了 一 系列 创新性 的 思路 和 举措 。
学校 各级 党组织 要 把 贯彻 落实 十七 届 四中全会 精神 ， 做好 抓 基层 打 基础 的 工作 ， 作为 加强 学校 党 的 建设 的 一 项 紧迫 任务 。
当前 ， 学校 正 处在 进一步 发展 的 重要 战略 机遇 期 ， 要 全面 推进 各项 事业 的 科学 发展 ， 在 建 校 百年 时 基本 建成 世界 知名 高水平 研究型 大学 ， 任务 十分 艰巨 ， 时间 非常 紧迫 。
要 完成 这 一 任务 ， 需要 进一步 发挥 党支部 对 党员 和 群众 的 引 领 作用 ， 推动 各 基层 单位 出色 完成 教学 、 科研 、 管理 、 服务 等 各项 任务 。
（ 三 ） 校党委 十分 重视 党支部 建设 ， 把 加强 和 改进 党支部 工作 作为 学校 党建 工作 的 重要 组成部分 进行 研究 和 部署 。
学校 各级 党组织 以 改革 创新 精神 加强 党支部 建设 ， 在 优化 党支部 设置 ， 创新 党支部 的 活动 内容 和 方式 ， 拓展 党支部 工作 立项 活动 ， 增强 党支部 生机 活力 ， 开展 保持 共产党员 先进性 教育 ， 推进 学习 型 党支部 建设 ， 加强 党员 队伍 建设 ， 加大 在 学术 带头人 、 青年 骨干 教师 和 大学生 中 发展 党员 工作 力度 ， 发扬 党内 民主 ， 做好 联系 服务 群众 工作 ， 围绕 中心 工作 发挥 党支部 的 战斗 堡垒 作用 和 党员 的 先锋 模范 作用 等 方面 取得 显 著 成效 ， 不断 开创 党支部 工作 新 局面 。
党支部 工作 的 加强 为 学校 党建 工作 奠定 了 坚实 基础 ， 在 推动 学校 改革 发展 稳定 中 发挥 了 重要 作用 。
同时 ， 我们 也 应 清醒 地 看到 ， 我校 党支部 工作 中 还 存在 着 需要 加强 和 改进 的 地方 ： 党支部 的 覆盖面 还 不 能 完全 适应 教学科研 组织 设置 的 新 变化 ； 有的 党支部 工作内容 和 方式 较为 单一 ， 支部 活动 缺乏 吸引力 ； 有的 党支部 软弱 涣散 ， 组织 生活 不 规范 、 不 健全 ， 党员 管理 不 严格 ； 有的 党员 不 重视 理论 学习 和 自身 素质 的 提高 ， 理想 信念 不够 坚定 ， 宗旨 意识 不 强 ， 不 能 起 到 模范 带头 作用 。
这些 问题 的 存在 ， 不 利于 加强 党 对 学校 工作 的 领导 ， 不 利于 加快 学校 奋斗 目标 的 实现 ， 必须 切实 加以 解决 。
二 、 进一步 明确 加强 和 改进 党支部 工作 的 指导 思想 和 目标 要求 （ 一 ） 指导 思想 ： 高举 中国 特色 社会主义 伟大 旗帜 ， 坚持 以 邓小平理论 和 “ 三 个 代表 ” 重要 思想 为 指导 ， 全面 贯彻 落实 科学 发展观 ， 深入 学习 贯彻 党 的 十七 大 和 十七 届 四中全会 精神 ， 按照 学校 第九 次 党代会 的 部署 ， 着眼 于 建设 世界 知名 高水平 研究型 大学 这 一 奋斗 目标 ， 紧紧 围绕 人才 培养 这个 根本 任务 ， 以 加强 党 的 执政 能力 建设 和 先进性 建设 为 主线 ， 以 建设 学习 型 党支部 为 抓手 ， 切实 加强 思想 、 组织 、 作风 、 制度 和 反腐倡廉 建设 ， 努力 增强 党支部 的 创造力 、 凝聚力 和 战斗力 。
（ 二 ） 目标 要求 ： 坚持 围绕 中心 ， 服务 大局 ， 优化 组织 设置 ， 选 好 配 强 党支部 书记 ， 加强 党支部 班子 建设 ； 加强 党支部 思想 理论 建设 ， 努力 构建 学习 型 党支部 ； 加强 党支部 制度 建设 ， 规范 支部 生活 ， 创新 支部 活动 内容 方式 ， 增强 党支部 活力 ； 发扬 党内 民主 ， 建立 健全 教育 、 管理 、 监督 和 服务 党员 的 长效 机制 ， 做 好 发展 党员 工作 ， 增强 党员 队伍 生机 活力 ； 健全 联系 服务 群众 制度 ， 做好 联系 服务 群众 工作 ； 充分发挥 党支部 和 党员 在 推动 学校 发展 、 服务 师生员工 、 凝聚 人心 、 促进 校园 和谐 中 的 战斗 堡垒 和 先锋 模范 作用 。
三 、 加强 理论 武装 ， 建设 学习 型 党支部 （ 一 ） 用 中国 特色 社会主义 理论 体系 武装 党员 。
党支部 要 认真 组织 党员 深入 学习 马克思列宁主义 、 毛泽东思想 、 邓小平理论 、 “ 三 个 代表 ” 重要 思想 以及 科学 发展观 ， 教育 党员 真 学 真 懂 真信真 用 ， 大力 弘扬 理论 联系 实际 的 学风 ， 着力 提高 理论 素养 和 解决 实际 问题 的 能力 ， 始终 保持 和 发展 共产党员 的 先进性 。
（ 二 ） 开展 社会主义 核心 价值 体系 学习 教育 。
党支部 要 组织 党员 认真 学习 党章 和 党 的 基本 理论 、 基本 知识 、 党 的 历史 、 党 的 路线 方针 政策 ， 加强 理想 信念 教育 ， 引导 党员 增强 党 的 意识 和 宗旨 意识 ， 带头 弘扬 以 爱国主义 为 核心 的 民族 精神 和 以 改革 创新 为 核心 的 时代 精神 ， 弘扬 厦门 大学 爱国 、 革命 、 自强 、 科学 精神 ， 做 学校 科学 发展 、 校园 和谐 的 积极 促进 者 。
（ 三 ） 党支部 要 围绕 学校 中心 任务 ， 组织 和 引导 党员 广泛 学习 高水平 研究型 大学 建设 所 需要 的 经济 、 政治 、 法律 、 文化 、 教育 、 科技 、 社会 和 国际 等 各 方面 知识 ， 了解 国家 和 区域 经济 社会 发展 战略 ， 掌握 国内外 高等教育 发展趋势 和 学科 前沿 动态 ， 努力 提高 人才 培养 、 科技 创新 、 文化 建设 、 服务 群众 、 服务 国家 发展 和 海西 建设 的 本领 。
（ 四 ） 党支部 要 建立 健全 学习 制度 ， 制定 学期 学习 计划 ， 坚持 党员 个人 自学 与 党支部 集中 学习 相 结合 ， 每月 组织 一 次 集中 学习 。
要 灵活 运用 讨论 式 、 实践 式 、 开放式 等 多种 学习 方式 ， 激发 党员 学习 热情 ， 活跃 学习 氛围 ， 提高 学习 质量 。
要 落实 党员 教育 培训 工作 规划 ， 保障 党员 集中 培训 时间 。
要 对 党员 的 学习 加以 督促 和 检查 ， 建立 党员 学习 档 案 ， 将 党员 学习 情况 作为 民主 评议 党员 的 一 项 重要 内容 。
