一 、 鼓励 企业 特别 是 中小企业 吸纳 高校 毕业生 就业 1. 国家 对 鼓励 中小企业 吸纳 高校 毕业生 有 哪些 政策 措施 ？
按照 《 国务院 关于 进一步 做好 普通 高等学校 毕业生 就业 工作 的 通知 》 （ 国 发 〔 2011 〕 16 号 ） 等 文件 规定 ： （ 1 ） 对 招收 高校 毕业生 达到 一定 数量 的 中小企业 ， 地方 财政 应 优先 考虑 安排 扶持 中小企业 发展 资金 ， 并 优先 提供 技术改造 贷款 贴息 。
（ 2 ） 对 劳动密集型 小 企业 当年 新 招收 登记 失业 高校 毕业生 ， 达到 企业 现有 在职 职工 总数 30% （ 超过 100 人 的 企业 达 15% ） 以上 ， 并 与 其 签订 1年 以上 劳动 合同 的 劳动密集型 小 企业 ， 可 按规定 申请 最高 不 超过 200 万 元 的 小 额 担保 贷款 并 享受 50% 的 财政 贴息 。
（ 3 ） 高校 毕业生 到 中小企业 就业 的 ， 在 专业 技术 职称 评定 、 科研 项目 经费 申请 、 科研 成果 或 荣誉 称号 申报 等 方面 ， 享受 与 国有 企事业 单位 同 类 人员 同等 待遇 。
此外 ， 2012年 2月 1日 ， 国务院 常务 会议 研究 部署 进一步 支持 小型 和 微型 企业 健康 发展 ， 决定 对 小型 微型 企业 招用 高校 毕业生 按规定 给予 培训费 和 社会 保险 补贴 。
2. 企业 招收 就业 困难 高校 毕业生 享受 什么 优惠 政策 ？
按照 《 财政部 、 人力 资源 社会 保障 部 关于 进一步 加强 就业 专项 资金 管理有关 问题 的 通知 》 （ 财 社 〔 2011 〕 64 号 ） 规定 ， 对 各类 企业 （ 单位 ） 招用 符合条件 的 就业 困难 高校 毕业生 ， 与 之 签订 劳动 合同 并 缴纳 社会 保险费 的 ， 按 其 为 就业 困难 高校 毕业生 实际 缴纳 的 基本 养老 保险 费 、 基本 医疗 保险费 和 失业 保险费 给予 补贴 ， 不 包括 企业 （ 单位 ） 和 个人 应 缴纳 的 其他 社会 保险费 。
根据 《 就业 促进 法 》 有关 规定 ， 就业 困难 人员 是 指 因 身体 状况 、 技能水平 、 家庭 因素 、 失去 土地 等 原因 难以 实现 就业 ， 以及 连续 失业 一定 时间 仍 未 能 实现 就业 的 人员 。
就业 困难 人员 的 具体 范围 ， 由 省 、 自治区 、 直辖市 人民政府 根据 本 行政区域 的 实际 情况 规定 。
企业 （ 单位 ） 按 季 将 符合 享受 社会 保险 补贴 条件 人员 的 缴费 情况 单独 列 出 ， 向 当地 人力 资源 社会 保障 部门 申请 补贴 。
社会 保险 补贴 申请 材料 应 附 ： 符合 享受 社会 保险 补贴 条件 的 人员 名单 及 《 身份证 》 复印件 、 《 就业 失业 登记证 》 复印件 、 劳动 合同 等 就业 证明 材料 复印件 、 社会保险 征缴 机构 出具 的 社会 保险费 明细账 （ 单 ） 、 企业 （ 单位 ） 在 银行 开 立 的 基本 账户 等 凭证 材料 ， 经 人力 资源 社会 保障 部门 审核 后 ， 财政 部门 将 补贴 资金 支付 到 企业 （ 单位 ） 在 银行 开 立 的 基本 账户 。
3. 企业 为 高校 毕业生 开展 岗 前 培训 享受 什么 优惠 政策 ？
按照 《 财政部 、 人力 资源 社会 保障 部 关于 进一步 加强 就业 专项 资金 管理有关 问题 的 通知 》 （ 财 社 〔 2011 〕 64 号 ） 等 文件 规定 ， 企业 新 录用 毕业 年度 高校 毕业生 与 其 签订 6 个 月 以上 期限 劳动 合同 ， 在 劳动 合同 签订 之 日 起 6 个 月 内 由 企业 依托 所属 培训 机构 或 政府 认定 的 培训 机构 开展 岗 前 就业 技能 培训 的 ， 根据 培训 后 继续 履行 劳动 合同 情况 ， 按照 当地 确定 的 职业 培训 补贴 标准 的 一定 比例 ， 对 企业 给予 定额 职业 培训 补贴 。
企业 开展 岗 前 培训 前 ， 需 将 培训 计划 大纲 、 培训 人员 花名册 及 《 身份证 》 复印件 、 劳动 合同 复印件 等 材料 报 当地 人力 资源 社会 保障 部门 备 案 ， 培训 后 根据 劳动者 继续 履行 劳动 合同 情况 ， 向 人力 资源 社会 保障 部门 申请 职业 培训 补贴 。
申请 材料 经 人力 资源 社会 保障 部门 审核 后 ， 财政 部门 按规定 将 补贴 资金 直接 拨 入 企业 在 银行 开 立 的 基本 账户 。
企业 申请 职业 培训 补贴 应 附 ： 培训 人员 花名册 、 培训 人员 《 身份证 》 复印件 、 《 就业 失业 登记证 》 复印件 、 劳动 合同 复印件 、 职业 培训 合格 证书 等 凭证 材料 。
4. 高校 毕业生 从 企业 到 机关 事业 单位 就业 后 工龄 如何 计算 ？
按照 《 国务院 关于 进一步 做好 普通 高等学校 毕业生 就业 工作 的 通知 》 （ 国 发 〔 2011 〕 16 号 ） 等 文件 规定 ， 高校 毕业生 从 企业 、 社会 团体 到 机关 事业 单位 就业 的 ， 其 按规定 参加 企业 职工 基本 养老 保险 的 缴费 年限 合并 为 连续 工龄 。
5. 高校 毕业生 到 企业 特别 是 中小企业 就业 可否 在 当地 落户 ？
按照 《 国务院 关于 进一步 做好 普通 高等学校 毕业生 就业 工作 的 通知 》 （ 国 发 〔 2011 〕 16 号 ） 规定 ， 对 各类 企业 招用 非 本地 户籍 的 普通 高校 专科 以上 毕业生 ， 各地 城市 应 取消 落户 限制 （ 直辖市 按 各自 有关 规定 执行 ） 。
6. 流动 人员 人事 档 案 如何 保管 ？
根据 《 流动 人员 人事 档 案 管理 暂行 规定 》 规定 ， 流动 人员 人事 档 案 是 指 ： （ 一 ） 辞职 或 被 辞退 的 机关 工作人员 、 企事业 单位 专业 技术人员 和 管理人员 的 人事 档 案 ； （ 二 ） 与 用人 单位 解除 劳动 合同 或 聘用 合同 的 专业 技术人员 和 管理人员 的 人事 档 案 ； （ 三 ） 待业 的 大中专 毕业生 的 人事 档 案 ； （ 四 ） 自费 出国 留学人员 的 人事 档 案 ； （ 五 ） 外商 投资 企业 、 乡镇企业 、 区 街 企业 、 民营 科技 企业 、 私营 企业 等 非国有 企业 聘用 的 专业 技术人员 和 管理人员 的 人事 档 案 ； （ 六 ） 外国 企业 常驻 代表 机构 的 中方 雇员 的 人事 档 案 ； （ 七 ） 其他 流动 人员 的 人事 档 案 。
