临江 仙 正 背 对 着 他们  问 车站 一个 管 事 的 老伯  平静 的 声音 虽然 不 大  却 字字句句 传 到 了 竹 小 桃 耳朵 里 
 好像 是 的  那边 可 热闹 了  我们 镇 啊  多少 年 没有 这么 热闹 过 了  
老伯 感叹   你 看 那么 多 车 开 进来  哎哟 哟  真 是 个 有 钱 人 啊  
临江 仙 瞥 眼 看 到 车站 里 停 着 的 几 辆 暴发户 车型  很 是 不屑 
 那 你 有 看到 一个 齐 肩头 发 的  这么 高 个 的 女孩  下车 后 往 哪里 去 了 吗  
他 只 问 
完了  
竹 小 桃 泪流满面  这 该死 的 天佑 大帝 你 自夸 什么 不好  偏偏 到处 宣称 自己 是 著 名 作家  
完了  
这 下 被 老公 发现 又 误会  要 捉奸 捉 双 了  
竹 小 桃 揣 着 怀中 的 药方  站 在 原地  恨不得 跳 河 自尽 
的确  被 临江 仙  教训   她 不 如 跳 河 自尽 来得 痛快 
 去 吧  小 桃  别 让 他 等 急 了  
许墨远 却 哈哈大笑 起来  竹小桃 第一 次 发现  他 竟 也 会 有 这种 幸灾乐祸 的 表情 
 你 一定 要 幸福  
许墨远 说  揉 了 揉 她 的 头发  软软 的  手感 比 想象 中 的 还 要 好 
第一 次 摸 到 她 的 头发  却 也 是 最后 一 次 了 罢  许墨远 背 着 手  转身 就 走 
逐渐 拉长 的 倒影  消失 在 廊 街 的 尽头 
 你 也 要 幸福 啊  
他 听 到 她 远远 的 呼喊  嘴角 依然 挂 着 笑 意 
在 我 有生之年  能 遇见 你  幸福 足 矣   
不知 又 过 了 多少 年 
网络 飞速 地 发达  信息 大量 地 变换 
当年 的 笑 墨 白  在 世人 心中  已 成 了 一个 传奇 
再 后来  传奇 变成 传说  传说 被 人 铭记 
人们 都 早已 忘记 了 天佑 大帝  甚至 记 不 起 曾 有 过 一个 叫做 未来 网 的 地方 
可是 仍 有人 记得 笑 墨 白 
仍 有人 记得  他 未 写 完 的 两 个 故事 
可是 他 却 再 也 没有 在 网络 上 出现 过  就 如 他 未 写 完 的 故事  男 女 主角 在 桃花 树 下 的 一 场 相遇  永远 定格 了 年少 时 的 梦想 
后来 呢 
没有 后来 
故事 断层  年华 疯长  后来 是 陌 或者 天涯  或许 都 抵 不 过 那 在 时光 里 停 住 的 幸福 
是 逃避 么 
或许 是  就 像 他 逃避 现代 的 科技  逃避 时代 的 发展  永远 在世 外 小镇 的 一隅  书写 着 一 场 只有 自己 知道 的 梦境 
可 是 谁 又 能 说  这 不 是 另 一 种 人生 呢 
或许 逃避 终究 不 是 办法  但 它 所 给予 的 时光  已 足够 我 过 完 这 一生 
再 过 许多 年  清河 镇 换 了 几 任 镇长  再 后来  终于 被 大 笔 一 挥  开发 成 了 旅游 胜地 
昔日 的 世外桃源 翻天覆地  处处 弥漫 起 浓重 的 商业 气息 
连带 没有 人 烟 的 清 云 道观  也 被 下令 拆迁 重 修  装饰 一 新  迎接 来自 世界 各地 的 香火 
 这里 好像 是 书房 
有 人 住 么  
一 个 施工 队 的 老工人 带 着 工具  踏 进 后院 的 书房  让 他 惊奇 的 是  与 外面 的 破落 不同  这里 竟然 干干净净  好像 仍 有 人 住 着 的 样 
 怎么 可能  他们 说 观 里 最后 一个 老 道士 都 在 几 个 星期 前 见 清 去 了  这里 早 就 没 人 住 啦  
另 一个 工人 抄 起 梯  就 开始 爬 到 屋顶 上 掀 瓦片 
 啧啧  这些 一 屋 的 破 瓦 到 时候 都 要 换 新 的  还 真 是 大 工程 啊  
 你 先 别 搞  把 屋里 的 东西 抬 出 去 再说  据说 还有 古董 呢  咱们 看看 有 没 有 值钱 的  可以 拿 去 卖 了 换 几 包 烟  
 切  值钱 的 东西 哪里 还 轮 得到 你  早 就 让 老板 他们 运 走 啦  
听 到 外面 几 个 年轻人 的 吵 吵嚷 嚷  在 书房 里 的 老工人 无奈 地 摇头  他 已经 活 了 快 六十 岁 了  比 起 那些 年轻 不 懂事 的 小  却 知道 这 份 清静 的 珍贵 
只 是 世事 不由 他  这里 纯朴 的 民风  古老 的 建筑  很快 就 会 变味 了 
老工人 走 到 书架 前  随手 抚 了 一 把  发现 积 灰 并 不 厚  似乎 这里 的 主人 死去 之前  都 一直 在 用心 地 打 理 ( 极品 女 仙 最新 章节 ) 
 嗯 
那些 是 什么  
老工人 的 目光  从 书架 的 上层 一 直 往 下 移  除了 上面 都 是 些 历史 宗教 的 资料 书籍  书架 下方  却 摆 着 一 大 摞 没有 封面 的 薄 
他 随手 抽出 一 本  翻开 来  年代 已 久  纸 脆 发 黄  上面 密密麻麻 写 着 的 的 工笔 小楷  却 是 相当 漂亮  隐约 还有 浓 墨 的 香气  没有 在 时光 中 散 去 
他 再 仔细 一 看  写 的 似乎 是 一个 故事  那 主角 的 名字  竟然 还 似曾相识 
 我 看 过 这个 故事 吗  
他 神思 有些 恍惚  又 心中 估算 了 一下  这么 多 本 簿  加 起来  少 说 也 有 几 本  
他 又 抽出 几 本  都 是 密密麻麻 写 满 了 字 
这 真 的 是 一个 连贯 的 故事 么 
这 几 万 的 字  该 写 多少 年 啊 
现在 这个 时代  竟然 还 有人 用 纸 笔 创作 小说 的  而且 用 的 还是 毛笔  为了 心中 的 故事  一 字 一 句  斟酌 思量  写 上数十年  这 是 对 字 真正 的 挚爱 么 
如此 认真 的 态  让 老工人 想起 他 年 少时 崇拜 的 一个 作家 