 快 跑  
杨烨 感觉 到 肋 处 传来 的 痛感  拉 着 肖晴 的 手 跑 开 了  躲 进 了 卧室 里 
 你 没 事 吧  
肖晴 害怕 的 说道  刚才 她 一阵 梨花 带 雨 的 哭 着  被 突然 擦 肋 而 过 的 子弹 将 她 吓 了 一下  失神 之际 被 杨烨 拉 到 了 卧室 里  这 才 缓 了 过来 
 没 事  看样子 你 父亲 先 对 我 动手 了  
杨烨 笑 着 对 肖晴 说道  他 知道 这 件 事 肖晴 是 不 希望 发生 的  要 怪 只 能 怪 肖晴 的 父亲 不 通情达理 了 
 要 不 要 帮 你 包扎 一下  
肖晴 还是 不 放心 的 看 着 杨烨 左 肋 处 的 伤口 
 说 过 没 事 了  先 趴下  
杨烨 怒 道  都 到 这 要命 的 时刻 了  肖晴 还 婆婆妈妈 的  真 不 知道 她 这个 黑帮 老大 的 女儿 是 怎么 当 的  就 算是 没 见 过 枪杀  也 见 过 一些 流血 事件 吧 
一 把 将 肖晴 按 了 下去  紧接着 卧室 内 的 玻璃 也 碎 了 开 来  玻璃 渣子 碎 了 一 地  但是 杨烨 却 没有 丝毫 心疼 
这些 东西 又 不 是 赔 不 起  现在 活 下去 才 是 王道  如果 现在 都 活 不 下去  光 心疼 这些 有 啥 用 
又 一 颗 子弹 从 杨烨 的 后背 擦 过  再 一 次 在 杨烨 的 身上 留下 了 血 的 痕迹  但是 杨烨 却 一声不吭 
这 一点 小 伤  比起 上次 真正 中弹 后 差 的 远 了 
在 中弹 的 一瞬间  杨烨 抱 着 肖晴 滚 到 了 一边  在 原先 两 人 所在 的 地方 又 留下 了 一个 拇指 粗细 的 小 洞 
杨烨 眼睛 微 眯 了 一下  对 肖晴 说道   你 先 出去 
这些 人 肯定 是 肖建华 找 来 让 干掉 我 的  但是 他们 绝对 不 会 对 你 下手 
你 先 走  省 的 连累 了 你  
 不  我 要 和 你 在 一起  
肖晴 固执 的 拉 着 杨烨 的 手  眼泪 从 迷人 的 双目 中 流 了 出来 
这 一 幕 让 杨烨 看 的 心疼 不已  没 想到 肖晴 居然 会 为 了 他 涉险  如果 让 肖建华 那个 老东西 知道 后  会 不 会 拍 着 桌子 气 爆 呢 
忽然  一道 血迹 再次 出现 在 杨烨 的 身上  此刻 血迹 是 出现 在 杨烨 的 右腿 上 
杨烨 眉头 皱 了 一下  这 狙击手 还 真 是 狠 啊  居然 差一点 就 让 自己 失去 了 行动 能力  但是 自己 怎么 感觉 这个 狙击手 不 像 是 要 自己 的 命  而是 像 是 在 吓唬 自己 
难道 自己 从 小 是 吓 大 的 
亦 或者 是 肖建华 这个 老 东西 不 知道 自己 的 能耐 
不 对 呀  肖建华 应该 知道 自己 是 个 很 难 缠 的 主  如果 让 自己 知道 干 的 话  那 自己 肯定 会 跟 他 没 完  但是 他 怎么 会 对 自己 手下 留情 呢 
想到 这  杨烨 皱 了 下 眉头  因为 一道 血迹 出现 在 他 的 腰 上 
腰 是 人体 最 敏感 的 地方 之一  也 是 神经 末梢 最 发达 的 地方 
不然 为什么 会 有 女生 喜欢 掐 男生 的 腰 呢 
原因 就是 腰 上 的 肉 比较 细 
杨烨 皱 了 皱眉头  但是 没有 哼 一 声  而是 爬 了 起来  直接 弯腰 横 抱 起 肖晴  冲 出 了 卧室 门  然后 用 脚 踹 开 只 上 了 一 道 防盗 锁 的 防盗门  从 四 楼 冲 到 了 楼 底下 
别 说 是 上 了 一 道 防盗 锁 的 防盗门  就 是 十二 道 防盗 锁 全部 锁 上  杨烨 都 能 踹 开  他 的 脚力 可以 将 一 头 牛 的 头颅 踢 得 粉碎  这 完全 是 罗志海 将 他 送 到 国外 进行 了 恐怖 的 魔鬼 训练  从而 锻炼 出来 的 恐怖 力量 
杨烨 冲 到 楼 底下 时  正好 看到 了 上楼 来 的 房主  对 房主 快速 的 说道   李 阿姨  我 女朋友 受伤 了  房子 门 开 着 呢  你 赶紧 上去 把门 关 一下 
谢谢  
说 完  杨烨 便 抱 着 肖晴 跑 向 东苑 小区 的 门口 
正当 杨烨 抱 着 肖晴 快要 冲 出 东 苑 小区 门口 的 时候  一 辆 大众 车 便 挡住 了 两 人 的 面前 
生生 将 杨烨 给 拦 在 了 门口 处 
看 着 这 辆 横插 中间 的 大众 车  杨烨 y ī n 沉着 脸  锁 着 眉头  眼镜 微 眯 着 看 着 那 辆 大众 车  然后 似乎 下 定 了 什么 决心 似的 
膝盖 一 曲  随即 用力 一 弹  抱 着 肖晴 就 跳 到 了 那 辆 大众 车上 
如果 是 杨烨 一个 人 的 话  自己 一个 人 跳 上 去 是 完全 没有 问题 的  但是 抱 着 肖晴 跳 上 去  杨烨 便 承载 着 两 个 人 的 重量  一个 没 站 稳  单 膝 跪 在 了 车上  但是 他 并 没有 就 此 停 住  抱 着 肖 晴 快速 的 跳 下 车 顶  冲 出 了 东 苑 小区 外 
一路 上  杨烨 似 疯 了 一般 的 跑 着  额头 上 的 汗珠 如 黄豆 一般 流 下来  虽然 现在 很 累  但是 他 并 没有 因此 而 停 下来 
因为 他 知道 现在 只 要 停 下来  说不定 就 会 被 一 枪击 中 
路人 见到 杨烨 抱 着 肖晴 在 路上 狂奔  纷纷 让 开 了 路  而 在 杨烨 身后 则 跟 着 几 辆 车  不 疾 不 徐 的 追赶 着 杨烨 
杨烨 也 时不时 回头 看 一 眼 跟 着 自己 的 几 辆 车  心里 一 狠  冒 着 被 子弹 打中 的 危险 生 生 停 了 下来 
他 一 停  跟着 的 车 便 停 了 下来 
缓缓 转 过 身  杨烨 咽 了 口 唾沫  眼中 闪 过 一 丝 凶 戾 之 s è 
但是 他 并 没有 莽撞 的 冲 上去  就算 他 不 害怕 自己 的 生命 受到 威胁  也 要 为 怀里 的 肖 晴 着想 
肖晴 此刻 还 在 刚才 的 惊险 中 没 缓 过 神 来  原本 迷人 的 双目 中 既 充满 惊讶 又 充满 恐惧  下 意识 的 仅仅 搂 着 杨烨 的 脖子 