 既然如此  那 就 休 怪 我 下 手 不 留情 了  
杨烨 一 听 杰尔文 这个 样子  知道 杰尔 文 守口如瓶  即使 威胁 到 他 的 生命  他 也 不 会 哼 一 句 话 
说 完  杨烨 脚下 发 力  抬 腿 便 是 一 脚  但是 却 被 杰尔 文 轻轻松松 的 挡 下  但是 如果 杰尔文 认为 这 是 杨烨 的 实招  那 就 大 错 特 错 了 
只见 杨烨 的 腿 被 杰尔文 接触 的 一刹那  杨烨 的 左 拳 便 同时 砸 向 杰尔文 的 脖颈 处 
杰尔文 只 感觉 到 脖颈 处 的 空气 被 巨大 的 力量 和 极 速 挤压  下 意识 的 一 挡  结果 杰尔文 就 跟 触电 了 一般  立刻 弹跳 了 起来  吃惊 的 看 着 杨烨 
看 着 吃惊 的 杰尔文  杨烨 淡 淡 的 说道   杰尔文  不管 你 是 为 谁 办事 的  但是 我 要 告诉 你 的 是  我 现在 已经 不 是 过去 的 自己 了  我 现在 的 力量 跟 你 一样  是 一 种 特殊 能力 
如果 我 没 猜 错  你 是 一个 水系 异能 者 
但是  作为 一个 水系 异能 者  你 一定 要 做好 跟 电 系 异 能者 摩擦 的 准备  
杨烨 说 完  立刻 双手 放电  然后 快速 接触 到 杰尔文 的 身体  杰尔文 的 身体 立刻 触电  虽然 杨烨 身上 的 强大 生物 电 还 电 不 死 人  但是 麻痹 一个 人 的 神经 却 是 足够 了 
正 在 这时  黄欣雪 已经 横 抱 着 白莫雪 来到 了 辰星 中学  看到 和 杨烨 对峙 的 杰尔文  下 意识 的 拿 出 匕首  准备 将 杰尔文 一 刀 抹杀 
正当 黄欣雪 以 掩 耳 不 及 迅 雷 之 势 快速 将 匕首 划 向 被 杨烨 麻痹 掉 的 杰尔文 时  杨烨 眼疾手快 的 一 把 抓住 黄欣雪 的 芊 芊 玉 手  摇 了 摇 头  然后 淡 淡 的 说   不要 杀 他  
杨烨 发话 了  黄欣雪 也 没什么 好说 的  快速 的 收起 匕首  然后 抓 着 杨烨 的 胳膊 说道   老 公  这 是 怎么 回 事  
此时 白莫雪 也 一 脸 担心 的 看 着 杨烨  当 看到 杨烨 身上 的 血迹 的 时候  白 莫 雪 吓 得 小 手 捂住 嘴  泪水 不 争气 的 流 了 下来 
杨烨 轻轻 抚摸 了 一下 白 莫 雪 的 秀发  然后 对 黄 欣 雪 说道   通知 保安  让 保安 将 他 带走  就 说 这 就是 所谓 的 鬼 
如果 他们 不 信  那 也 无所谓  
说 完  杨烨 轻轻 捏 了 捏 黄欣雪 的 小 手  然后 又 轻轻 捏 了 捏 白 莫 雪 的 粉嫩 脸颊 
黄 欣 雪 点头 应允  杨烨 则 不 顾 那些 学生 们 惊奇 的 目光  带 着 白莫雪 向 北 教学楼 走 去  他 现在 要 带 着 肖晴 去 请 半 个 月 假  这 半 个 月 谁 知道 会 发生 什么 事情 
与 其 担惊受怕  还 不如 让 黄 欣 雪 时时刻刻 保护 着 肖晴  白莫雪 等 人 
这 件 事情 杨 烨 隐隐 感觉 到 了 不对  很 可能 就 跟 肖建华 有关  但是 肖建华 是 怎么 认识 魔鬼 训练 组 的 人 的 
这 究竟 是 怎么 回 事 
杨烨 感觉 脑袋 乱 乱 的  除了 肖晴 在 云南 出事 的 那 件 事  杨烨 还 从来 没 被 这么 烦心 的 事情 打扰 过 
杨烨 带 着 白莫雪 来到 肖晴 所在 的 办公室  找到 了 肖晴  然后 带 着 肖晴 去 找 李 校长 请 了 假  给 纪薄年 和 赵雅静 两 人 打 了 个 电话  也 让 他们 请 了 假  便 去 找 黄欣雪 
杰尔文 已经 被 黄欣雪 交给 了 辰星 中学 的 保安  正 在 高 二二 班 门口 等 着 杨烨 
现在 还 下 着 课  许多 男 学生 都 将 黄 欣 雪 围住 了  对 着 黄欣雪 的 美貌 啧啧 称 奇  而 黄欣雪 也 笑 看 着 这些 学生  不言不语  当 看到 杨烨 和 肖晴 以及 白莫雪 的 时候  黄欣雪 立刻 拨开 了 众人  丝毫 不 避讳 的 叫 道   老 公  我 在 这里 呢 ~ 
这 一 句 话  让 所有 男 学生 的 心 立刻 吧嗒 吧嗒 全 碎 了  他们 完全 不 知道 黄欣雪 居然 心 有 所属  更 不 知道 黄欣雪 居然 已经 ‘ 结婚 ’ 了 
当 他们 顺着 黄欣雪 跑 去 的 方向 时候  立刻 心里 一 凉  居然 是 高 二二 班 班主任 的 女人  难怪 难怪  
不过 话 说  他 身边 怎么 有 三 个 女 人 啊 
不过 这 帮 学生 也 就是 想想  也 不 敢 说 出来 
而 高 二二 班 的 学生  每个 人 的 眼睛 都 睁 得 老大  不 敢 相信 眼前 的 一切  不 是 吧 
班主任 这么 牛 
三 个 女人  而且 看 她们 的 样子 很 融洽  天 哪 
不过 杨烨 并 不 知道 这些 学生 所 想  而 肖晴 看 到 黄欣雪 跑 了 过来  立刻 明白 了 过来  这 就是 老公 说 的 那个 姐妹 吗 
好 漂亮  怪不得 老公 会 喜欢 她 呢 
一时 间  就 连 肖晴 都 忘记 自己 也 是 一个 美女 了 
当 黄欣雪 跑 过来 的 时候  纪薄年 和 赵雅静 也 牵 着 手 走 了 过来  他们 这些 人 完全 不 会 顾及 到 自己 的 面子  敢 爱 敢 恨  如果 就 因为 别人 的 舆论 而 分手  那 岂 不 是 显得 爱情 这 东西 很 不 值钱 
当 纪薄年 和 赵雅静 看到 杨烨 的 时候  立刻 喊 道   杨哥  
杨烨 听到 了 纪 薄 年 的 声音  笑 了 一下  然后 说道   都 半 个 月 不 见 了  想 死 哥们 我 了  
说 完  杨烨 便 伸 开 手臂 走向 纪 薄 年  在 学生 面前 来 了 个 熊 抱 
这 一 抱  所有 的 学生 都 震惊 了  这 两 个 男 老师 不 会 是 搞 基 的 吧 
可是  他们 身边 的 女人 怎么 解释 
一时 间  所有 的 学生 都 在 猜测 着 杨烨 和 纪薄年 之间 的 关系  又 猜测 着 两 个 男人 身边 的 女人 的 身份 
 你 去 欧洲 也 不 告诉 兄弟 我 一 声  我 都 没 出 过 国 呢  