马 猫 儿 不明 所以 的 走近 马 身  还 没有 看 清 是 怎么 回 事  觉得 身子 一轻  已经 被 叶长春 父 神 挽 住 腰 捞 到 马背 上 
忽然 凌空 飞 起来  她 先是 吃 了 一 惊  然后 就 觉得 脸上 开始 发热  手脚 拼命 挣扎 开 来   你 
你 放 我 下去  
叶长春 一 手 掣 住 她 的 手臂  一手 绕 过 她 的 左臂 扯 住 马 缰   要 你 自己 走  走 回去 都 要 半夜 了 
耽误 我 明日 去 商号 处理 生意  你 赔 得 起  
温热 的 气息 徐徐 扫 过 脖颈 子  马 猫 儿 觉 到 自己 微 凉 的 背 靠 到 一个 温和 宽厚 的 胸膛 上  顿时 因 那 股 陌生 的 暖意 从 头 热 到 脚  她 把 脸 往 前 侧开  压低 的 声音 带 着 一 丝 恼怒   姓 叶 的  我  我 是 个 女 的  你 是 个 男 的   
男 女 授受不亲  
叶长春 轻轻 一 夹 马 肚  马 迈 着 细碎 的 步子 缓缓 往 城里 跑 去  他 漫不经心 的 声音 洒 在 迎面 吹 来 的 风 里   我 又 没有 当 你 是 女 的  
城门 关 了 
叶 长春 皱 着 眉 勒 住 马 缰  听到 怀里 马 猫 儿 长长 出 了 一 口 气  似乎 是 心里 放下 一 块 大 石头 
他 微微 垂 下 眼  温和 的 声音 从 马 猫 儿 头顶 飘 过   你 就 这么 不 想 回去  
那 声音 温和 的 不 能 再 温和 了  可 是 跟 叶 长春 斗 了 这么 久  马 猫 儿 多少 也 摸 到 了 些 他 的 性情  每当 他 看 起来 听 起来 特别 温和 好 脾气 又 有 耐心 的 时候  也 往往 意味 着 他 可能 真的 动怒 了  而 自己 也 快 倒霉 了 
她 小心翼翼 的 往 前面 靠 靠 以 避开 叶 长春 的 胸膛  伸手 揪 住 马鬃  希望 万一 叶 长春 打 人 的 话  自己 能 快 点 从 马背 上 跳 下去  
叶长春 也 觉得 自己 有 点 怒 了  因为 他 忽然 发现  在 马 猫 儿 心里  自己 竟然 既 比不上 赖皮  也 比 不 上 这 匹 马 
堂堂 叶 家家 主  上百 家 商号 的 掌管 人  在 这种 自尊 严重 被 挫伤 的 时候  他 用 了 一 个 字 来 表达 自己 十分 不 愉快 的 心情   哼  
毫无疑问 也 毫无 悬念  在 外 飘零 孤苦 无 依 的 人 在 无 处 可 去 的 情况 下  能 投宿 的 去处 并 不 多 
当然 分别 有 三年 和 两年 流浪 经验 的 叶 家家 主 和 无赖 半 仙  对于 这种 基本 的 流浪 常识 问题  也 是 知道 怎么 解决 的  于是 两 个 人 一言不发 的 牵 着 一 匹 马 一 条 狗  来到 了 城门 附近 的 城隍庙 里 
城隍庙 里 十分 安静  慈眉善目 的 城 隍 老公公 蹲 坐 在 庙堂 之 上  下面 摆 着 几 盘 已经 十分 不 新鲜 的 贡品 
两 个 人 很 快 从 附近 扒拉 来 一 堆 半 干 的 柴火 点 起 一 堆 火 来  随着 滚滚 浓烟 升 起来  空气 里 的 阴 寒 也 随之 散 去  庙 里 开始 变 得 暖烘烘 
马 猫 儿 在 庙 里 转 了 一 圈  最后 跑 到 城 隍 前面 作 个 揖 嘀嘀 咕咕   神仙 莫 怪  反正 这些 贡品 你 也 都 吃 过 了  剩下 的 就 给 我们 吃 了 吧   
一 碟 馒头 一 碟 花生  马 猫 儿 端 到 火堆 旁边  自己 拿 了 一个 馒头  扔 了 一个 到 赖皮 面前  然后 将 碟子 递给 叶长春   你 —— 你 敢 不 敢 吃  
马 猫 儿 看 着 叶长春 默默 的 接 过 盘子 拿 起 一个 馒头  放到 火 旁 烤 烤 然后 咬 了 一 口  不由得 张 大 了 嘴  半 天 才 合 上   啧啧  
这么 有钱 的 大家 公子 也 敢 吃 供桌 上 的 剩 馒头 啊  她 想  看来 人 饿 了 是 顾 不 上 摆架子 的 
脑海 里 顿时 闪 过 无数 画面  她 在 脑海 中 勾勒 出 流浪 的 三年 中叶 长春 端 着 一 只 铁盆 子 在 大街 上 乞讨 的 样子  顿时 含 着 一 口 馒头 对 着 面前 的 火堆 呵呵 傻笑 起来 
那 副 样子 是 十分 可笑 的  叶长春 看 着 对面 的 马 猫 儿 一直 手 举 着 馒头 另 一 只 手 抱 着 赖皮  一 撇 胡子 耷拉 在 嘴角 上 看 着 火堆 傻笑  他 差点 被 馒头 给 噎住 
忍 了 半天 笑 吃 下 馒头  叶长春 起身 解 下 身上 湿 透 未 干 的 外 衫 搭 到 火 旁 烤 上  然后 重新 坐下 
从 想象 中 回过 神 来 的 马 猫 儿 看 着 对面 湿 透 的 里 衣 贴 在 身上 的 叶长春  悄悄的 把头 别 到 一 遍  顿时 觉得 脸 被 火 烤 的 太 热 了 
正 满心 不 自在 的 用 凉丝丝 的 手 往 脸上 贴 的 时候  就 听到 叶长春 在 对面 好 脾气 的 问 着   现在 该 说 清楚 为什么 要 跑 了 吧  
马 猫 儿 停下 往 嘴里 送 馒头 的 手  顿 了 顿  摇摇 头    
没 事 
就是 想 跑 了 呗  
 那 是 谁 说 的  其实 在 叶 家 呆 着 也 挺 好 的  
   
 又 是 谁 说 的  其实 我 也 算是 个 好人 的  
   
阿福 这个 多嘴 怪 
 马 猫 儿  说话  
绢 白 里 衣 与 白 皙 面孔 被 火光 映 成 一 片 绯 色  马 猫 儿 看 着 眼前 不同寻常 的 叶 家 少 主  也 感觉 到 了 他 话 里 不同 往日 的 威 压 
沉默 了 片刻  她 用 牙齿 撕下 一块 馒头  嘟嘟 囔囔 的 说道    
其实  李伯 跟 我 说 过 你 的 事 呢  
叶 长春 愣 了 一下 
那 一 次 假山 上  李伯 跟 她 说 的  原来 是 自己 的 事情 么  