马林苏 不 喜欢 白天 
他 喜欢 晚上  因为 晚上 可以 想 问题 
几 年 来 他 一直 在 想 一个 问题  我 死 了 以后 怎么办 
马林苏 觉得 这 是 他 现在 所 面临 的 最 重大 问题  它 涉及 到 十几 个 重大 问题  而 从 这 十几 个 重大 问题 中  又 牵扯 出 几 十 个 大 问题 和 上百 个 问题 
马林苏 心里 非常 清楚  要 让 自己 死 后 无忧无虑  阴 光 柔和 无限 安宁  一定 要 在 死 前 解决 掉 这 十几 个 重大 问题 和 几 十 个 大 问题 以及 上百 个 问题 
不然 他 死 了 也 闭 不 上 眼睛  就是 闭 上 了 眼睛  也 绝对 不得 安宁 
你 想想  生来 清清楚楚  死 却 破碎 不堪  他 的 人生 还 谈 得 上 完整 吗 
他 觉得 白 来 这个 世界 了 
这 自然 是 马林苏 的 秘密 
这 秘密 除了 深 藏 在 他 的 心底  再就是 记 在 他 的  蓝色 账本  上 
 蓝色 账本  是 一 本 大 开本 蓝 皮面 笔记本  花纹 扉页 上 写 着 两 句 经典 的 话  第一 句 是  干干净净 的 来   第二 句 是  明明白白 的 走  
落款 是   马林苏  1998年 3月 22日  
再 翻 一 页  是 目录  十几 个 重大 问题 和 几 十 个 大 问题 以及 上百 个 问题  按 篇 分 章 论 节  排列 得 整整齐齐  后面 都 标 上 了 页 数 
全 是 马林苏 用 钢笔 书写 而 成  碳素 墨 字 写 的 很 挤  却 很 工整  透 着 肃穆 之 气 
 蓝色 账本  锁 在 他 单位 的 办公桌 抽屉 里  晚上 他 在 家 所 想 的 问题  如 有 心得  就 顺手 记 在 床 边 的 小 纸条 上  塞 进 皮包 里  然后 到 单位 再 归纳 入账 
马林苏 官 拜 副 处长  这 副 处长 是 虚名  实际上 是 正科级  但 被 人 叫 上  马 处长  或  马处   那 感觉 还 是 相当 不同 
马林苏 对 这个 正 科 在 嘴 上 享受 副处 声誉 一直 耿耿于怀  倒 不 是 他 还有 什么 官瘾  而是 迈 不 上 副处级  死 后 骨灰盒 就 不 能 放 在 问 林山 革命 陵园 
这 对 他 是 何等 的 重大 问题 
这 也 是 他 所 想 的 十几 个 重大 问题 之一 
但是 话 还 是 要 说 回来  不管 如何  马林苏 毕竟 是 副 处长  在 一个 大 处 二十九 个 人 中  仅次于 处长 汤国强  也 管 到 二十七 个 人 
这 二 把 手  理所当然 拥有 自己 的 一 间 办公室 
自己 独享 一个 房间  自然 很 方便 工作  也 方便 他 把 晚上 所 想 的 重大 问题 大 问题 和 问题  分门别类  从容 的 记 在  蓝色 账本  上 
马林苏 不 对 任何人 透露 自己 的 秘密  包括 自己 的 妻子 高丽笙 
有时 为了 解决问题 不 得 不 说 时  他 会 掩饰 着 说  绝不 让 人 察觉 出 话 中 的 含意 
比较 难 办 的 是 夜里 做梦  他 自己 难以 把关  片言只语 脱口而出  经常 泄露 内心 的 秘密 
还 好 妻子 睡眠 质量 极 好  夜 夜 沉睡 梦 海  哪 顾 得 上 丈夫 说 什么 
不过 有 一 次  高丽笙 刚 做 完 脸部 拉 皮 手术  脸皮 紧 绷 着 似乎 不 够 用  于是  屡屡 借用 眼皮  结果 闭 不 上 眼睛  也 就 睡 不 着 觉 
恰 在 此时  马林苏 脱口而出   谁 是 接班人 呢   
高丽笙 大吃一惊  翻身 坐 起来  干 睁 着 大 眼  盯 着 丈夫 
只见 丈夫 嘴巴 咕噜 咕噜 一阵  又 吐 出 一 句   谁 接班 呢   
高丽笙 慌 得 摇 了 丈夫 一 把  丈夫 翻 了 一 个 身  又 说   推 也 没有 用  
你 不 可能   
高丽笙 叫 起来   哎 哎 
说 什么 呀  
马林苏 惊醒  迷 迷 糊 糊 看 着 妻子 
高丽笙 问   你 说 什么 呢  
马林苏 惊 问   我 说 了 什么  
高丽笙 说   你 说 谁 是 接班人  谁 接班 呢  还 什么  
你 不 可能  
马林苏 吓 出 一 身 汗  他 又 问   我 还 说 了 什么  
高丽笙 摇摇 头 
马林苏 一 挥手  说   梦 话  说梦话 
睡 吧  
高丽笙 说   你 单位 里 出事 啦  
马林苏 说   没有  
高丽笙 说   那 你 说 谁 呢  
马林苏 说   说梦话 吧 
睡觉  
高丽笙 噘 着 嘴  打 了 一个 长长的 哈欠  倒 下去 睡着 了 
而 马林苏 睡 不 着 了  他 扫 着 妻子 生涩 的 脸皮  心里 说   说 的 就是 你 啊  
自己 一旦 死 后  谁 来 接 自己 的 班 呢 
睡 在 妻子 的 身边 的 人 是 谁 呢 
这 恰恰 是 他 所 想 的 十几 个 重大 问题 之一 
别 看 妻子 坐 四 望 五 徐 娘 半 老  心里 却 活泼 得 狠 呐 
不 敢 说 她 有 万 种 风情  但是  七 到 八 种 乃至 十几 种 风情 那 是 绝对 少不了 的 
到 如今 都 已经 这 把 年纪 了  还 坚持 要 做 什么 拉 皮 手术  这 就 是 红 杏 爬 墙 的 征兆 吧 
当然  客观 而 公正 的 说  妻子 的 品行 是 可圈可点 的  自己 也 是 压 得 住 阵脚 的 
但是 谁 能 保证 她 到 那个 时候 独 守 空 床 而 临 空 不 乱 呢 
凭 心 而 论  妻子 找 个 接班人 睡 在 自己 目前 的 位置 上  是 无可非议 的  既 符合 法律 也 符合 道德 
问题 是 由 谁 来 接班 
由 谁 来 睡 在 自己 目前 的 位置 上 
撇开 他 个人 的 感受 不 说  从 大局 着眼  这 对于 维护 马 家 目前 的 安定 团圆 的 局面 有着 极为 重要 的 意义  对于 马 家 下一代 乃至 下 几 代 的 长 盛久安 有着 极为 深远 的 意义 
为什么 几 代 领导人 都 在 为 接班人 问题 朝思暮想 难以 定夺 呢 