不过 事 后 妈子 煮 了 鸡汤 让 我 端 到 冯瑞嘉 房里 的 事  就 无 人 知晓 了 
我 和 这个 女孩 先前 只 在 婚宴 上 见 过 一 次 
白白净净  乖巧 懂事 的 样子  又 漂亮 又 讨 喜 的 女孩 
要 不 是 妈子 和 她 爸 的 婚姻 关系  她 就 是 完全 意义 上 的 孤儿 了 
我 同情 她  也 同情 妈子 
婚宴 寥寥 数 人  只 摆 了 两 围 
而 妈子 打扮 起来 其实 不赖 的  风韵犹存 的 模样  却 穿 着 大红 艳 俗 的 新衣  脂粉 掩 不 去 眼角 的 皱纹  笑 起来 有 点 夸张 
我们 长大 了  妈子 就 开始 变 老 
冯瑞嘉 和 我 同年  却 比 我 小 三 个 月  今年 也 刚好 中考  婚礼 办 在 中考 成绩 公布 后 的 第六 天  是 个 好日子 
而 我 考 得 不错  比 我 家 附近 那 所 省 示范 高中 T 高 分数线 还 高 了 八分  好在 当初 大胆 填 了 志愿  妈子 也 很 高兴  奖励 了 我 两百 块 钱 
后来 知道 冯瑞嘉 才 叫 考 得 好  那 成绩 进 全市 前 十 没 问题  她 也 报 了 T 高 
冯瑞嘉 以 她 学校 第一 毕业  民 办 的 那种 全封闭 贵族 学校  还 给予 奖励  两千 块 
这 钱 自然 由 我 妈子 代 收 
那 学校 的确 贵族  一年 学费 一 万 八  不过 当初 为了 扩大 优秀 生源  特 招 了 几 个 尖子 生  冯瑞嘉 就是 那 会 被 招 进去 的  学杂费 全 免  然后 她 的 名字 被 做成 横幅 挂 在 学校 大门 的 两 条 门柱 之间 ——  恭贺 我校 冯瑞嘉 同学 以 总分 X 分 名列 全市 第七  英语 单科 状元  
我 觉得 么  名字 被 风 吹 日晒雨淋 的 其实 挺 招摇  想 问 问 她 感受  但 最终 没 开口 
我 和 她 不 亲  之间 有 隔阂  而且 我 也 不 是 那种 会 主动 和 人 交谈 的 性格  所以 不了了之 
不过 有时 我 想 如果 她 爸 还 在  我们 的 关系 也许 不 会 这么 尴尬 
一 个 暑假  除了 那 碗 鸡汤  我 和 她 没 再 说 过 一 句 话 
果不其然  我 和 冯瑞嘉 同时 进 了 T 高  区别 在于 她 是 尖子 
不过 没关系  进去 了 就 好  基本 等于 拿 到 重点 大学 的 半 张 通行 券 
但 这 从来 就 不 是 我 的 主要 目的 
T 高 是 半 寄宿 半 外 宿 的 学校  除了 硬性 规定 高 三 学生 全部 住 校  其他 的 学生 可 由 自身 需求 或 家里 远近 来 申请 寄宿  但 需要 在 报到 前 两 个 礼拜 在 网上 递交 寄宿 申请 
我 和 冯瑞嘉 都 申请 了  由于 我们 这 届 学校 刚好 扩 招  申请 寄宿 的 人 又 特别 多  校舍 不 够 用  我 和 她 都 因为 家庭 住址 的 问题  给予 申请 退回 
冯瑞嘉 要 申请 寄宿 我 觉得 挺 好 理解 的  尴尬 呗 
而 我 之所以 申请 住宿 是 因为 方便  我 这 人 有点 懒  从 学校 到 家里 差不多 要 20分钟 路程  妈子 估计 不 会 额外 给 钱 搭 公车  所以 想 着 干脆 住 在 学校 里 
而且  方便 见到 我 想 见到 的 人 
报到 那天  我 妈 要 看 店  没 来 陪 我们 注册 
我 和 她 草草 吃 了 点 早餐  就 步行 到 了 学校 
省 示范 高中 啊  能 考上 的 学生  心里 多少 有些 得意  但 我 仅仅 是 吁 了 口 气 
高大 却 是 有点 陈旧 的 校门 大 开  挂 着  欢迎 新 同学  的 横幅 
来来往往 的 都 是 人  家长 学生  有些 开 车 来 的  都 不 让 进 校门 
我 和 她 窝 在 这 一 堆 人 里 挺 不 打 眼 的  瞧 过去 有些 人 显然 申请 住校 成功  大 箱 小 箱 的 行李  不 晓得 为何 风尘仆仆  一 脸 兴奋 又 有些 徘徊  更 多 是 期待 
校 门口 站 着 几 个 穿着 校服 的 师兄 师姐  侧 挂 着 礼仪 小姐 的 那些 红 条  写 着 欢迎 光临  然后 见到 人 就 迎 上去  引 领 新 同学 报到 
来 迎接 我们 的 是 个 男 的  他 先是 笑笑 打 了 招呼  然后 比 了 比 我 俩   你们 是 一起 的 吗  
冯瑞嘉 乖巧 的 点 了 点 头  答   一起 的  
师兄 显然 对 她 有 好感  笑 了 笑  一边 东 扯 西 扯 一边 带 着 我们 前进  说 着  怎么 你们 自己 来 报到    没关系  流程 很 简单    我 带 你们 进去  诸如此类 的 
冯瑞嘉 暑假 在 我 家 学会 了 沉默  现在 恢复 先前 见到 的 那个 乖巧 女孩 的 模样  轻轻 挂 着 微笑  和 那 师兄 交谈 
说 什么 我 没 注意 听  一直 心不在焉  好像 又 问 起 之前 在 哪 读书  有 没 有 申请 住宿 之类 的 
其实 我 只 想 问 这个 师兄 一个 问题  认 不 认识 他  某个 我 一直 想 见到 的 人 
我 想 问  那个 喜欢 说 童话 故事 的 他  还 记得 我 吗 
至少 我 清楚 的 记得 他 的 名字  王睿翔 
他 是 我 吁 口 气 的 最 大 原因 
那 个 在 我 流 着 鼻血 把 我 家 附近 某 家伙 踩 在 地上 的 时候  牵 我 的 手 把 我 带 开  帮 我 伤口 上 药  还 笑 得 一 脸 温柔 的 男孩 
我 父母 离异 的 那 会  全世界 都 是 敌人  小小 年纪 学会 冷嘲热讽  浑身 带刺 
那时 的 我 是 尖锐 的  吵架 打架 都 不 含 糊  我 妈 总是 护 着 我  凶悍 的 
因而 大人 见 着 我 会 皱眉  同龄 的 也 不 愿意 和 我 玩  他们 一 来 怕 我  二 来 怕 我 妈 
但 那 会 王睿翔 走 进 我 的 世界  带 着 他 的 童话 故事 
安徒生 童话  格林 童话  一千零一夜  
我 其实 对 这些 童话 一点 感觉 都 没有  但 我 喜欢 听 他 的 声音  温润 的  渗 人 心扉 