刘艳芳 自从 我们 拿 亚军 后 她 借 酒 消愁 愁 更 愁  那 晚上 抱 着 灯柱 不 肯 走  揪 了 林治强 一 大 把 头发  结果 宿舍 快 关门 了  她们 宿舍 几 个 女人 给 抬 回去 了 
我们 宿舍楼 两 个 阿姨  跟 在 后面 絮絮叨叨 的 说 现在 的 大学生 啊  也 不 担心 在 自己 的 安全 问题 之类 的 
第二 天 起来 她 记 得 清清楚楚  从此 发誓 再不 碰 酒精 类 东西 
林治 强 虽说 是 队长  但 基本 是 被 我们 荼毒 的 对象  头发 被 抓 了 一 把 吭 都 没 吭 一 声 
猴子 叫 侯子毅 一般 任 四 辩  据说 是 总结 能力 强  抱歉 我 没 看 出来 
而 王璇 替补  性格 温顺  他们 都 叫 他 小 蜜  刚刚 被 刘艳芳 拉 着 去 跳舞  他 就 妥协 了 
我 又 灌 了 自己 几 口 啤酒  抿 了 抿 嘴 笑笑  女人 么  还是 得 会 喝 点 小 酒 
然后 心里 哼 了 哼  没 说话 
没 说 话 不 是 我 装 矜持  关键 是 我 说话 拽  这 毛病 没 改 怕 破坏 形象 
我 靠  老子 也 堕落 了  都 关注 起 形象 问题 了 
至于 陈 均 那 家伙 老早 被 吹捧 成 法律 系 之 光  自 大 而且 目中无人  一直 觉得 我 是 他 囊中物  我 愣 是 没 明白 他 自信 来自 何处 
对面 坐 的 那个 小 师弟 时不时 偷偷 望望 我  突然 开口 问 了 一 句   小 枫 师姐 有 男朋友 了 没  
就 瞅 着 刘艳芳 拍 了 下 桌子  嚷   小 师弟 你 性别 歧视 啊  我 认识 你 这么 久 你 咋 没 问 过 我 
来 来 来  我 今晚 陪 你 共度 良 夜  
那 小 师弟 摸摸 头  突然 旁边 人 起哄   请 对方 辩 友 正视 我方 问题  不要 混 淆 视听  
然后 一 群 人 就 笑 了 起来  一 晚上 热热闹闹 的  气氛 很 融洽 
只 是 我 开始 想  冯瑞嘉 来 了  是 不 是 贺冠宇 也 来 了  贺冠宇 又 怎么 来 了  萧朗 会 不 会 也 来 了 
想想 了 觉得 脑子 也 纠结  顿悟 自 个 还 未 摆脱 过去  不免 有些 唏嘘  若是 此时 还有 一 把 猪肉 刀 和 加 了 樱桃 的 DryMartine  一切 该 是 多么 完美 
唔  M 市 最 顶尖 的 大学 虽然 不错  但 都 不至于 成为 冯瑞嘉 和 贺冠宇 的 首选 
再说 了  冯瑞嘉 会 来 不 代表 贺冠宇 和 萧朗 会 来  管 他 的 
更 何况  别 说 M 市 这么 大  就 A 大范围 内 我 没 见 过 的 人 也 多 得 去 了  碰 不 上 的 
才 这么 想 着  就 应 了 那 句 无 巧 不 成 书  那 小 师妹 超 —— 级 兴奋 几乎 是 蹦 着 站 起来  超级 大声 的 吼 了 一 句 ——  冠 宇 师兄  
那 一刻 我 恨 透 了 我 条件反射 的 跟 着 她 回头  二来 恨 透 那 声音 竟 是 可以 穿透 舞厅 间 震 耳 入 聋 的 舞曲 声  传 到 他 耳 中  于是 他 也 回头 了 
我 看到 他 很 自然 的 望 到 了 我  然后 他 就 定 在 那里  仅仅 是 看 着 我 
直到 刘艳芳 说 了 声   不错 哦  
我 才 回 过 神 来 
快 四年 了 吧  他 早已 不再 是 印象 中 的 腼腆 小 王子 
文质彬彬 中 隐隐 透 着 种 淡 淡 的 疏 离  却 是 笑 得 温润 而 随和 
温润 如 玉  我 突然 想起 了 这个 词  只 是 他 的 笑容  因为 看见 我  而 微微 僵 在 了 嘴边 
我 便 扬 扬 嘴 笑 了 笑  接着 就 回过 头 来 再 喝 了 口 酒 
突然 觉得 很 荒谬  脑子 有些 空白  还 能 咋 样  其实 不 能 算 有 交情 吧 
那 小 师妹 就 兴奋 的 想 挤出 去  然后 猫腰 压低 声音 冲 我们 几 个 笑笑   哎 哎  那个 就是 我 之前 说 的 师兄 
我 先 出去 下 
待 会 回来 聊  
我 就 缩 脚 让 她 出去  不 想 回 头 
刘艳芳 说   切  看 把 她 兴奋 的 
现在 的 女孩 真 主动  看 我们 俩 多 矜持   
便是 瞥见 我 沉思  她 耶 了 一 声   怎么 了 
怎么 突然 一 副 有 心事 的 样子  
而后 突然 敏感 的 察觉 到 了 什么  比 了 比 身后   你 认识 那个 男 的  
 认识 吧  
没 必要 说谎 
见 有 八卦  猴子 他们 都 凑 了 过来  就 感觉 到 突然 有 人 拍 了 拍 我 肩膀  回头 瞥见 贺冠宇 柔柔 的 笑 着   好久 不见 了  牧 小 枫  
作者 有 话 要 说  唉  快 断 网 了 ~ ~ ~
先 更新 着 ~ ~ ~
偶 被 编辑 骂 了  呜呜  
留言 有空 再 回复  积分 若 是 没 收到 的 估计 就 是 漏 了  记 得 跟 我 说 一 声   ~ 
《 牧 小 疯 童话 纪实 录 》 虫 小 扁 ˇ chapter31 贺 冠 宇 ˇ 是 啊  好久 不 见 
因为 是 回头 的 姿势  其实 并 不 舒服  于是 我 顺从 自 个 的 感觉  回 了 头  然后 迅速 瞄 了 一 眼 在座 的 人  有 很 多 个 我 尚未 认识  也 应该 还有 很多 不 认识 我 的 
因为 我 在 辩论 队 出现 频率 很 低  除了 之前 临时 指导 了 一 队 人  也 只有 辩论 决赛 的 时候 去 嘉宾 席 上 坐 了 坐 
唔  
便 是 在 这么 短 的 时间 内  我 乱七八糟 的 想 着 很多 事  然后 发现自己 根本 来不及 思考  我 只 是 觉得 以 贺冠宇 的 性格  他 不 应该 主动 和 我 打招呼  他 也许 应该 和 以前 一样  远远 的 看 着 我 就 好 了  要不然 欲 言 又 止  要不然 强 忍 不 说  而 不 是 如 现在 这样  过来 拍拍 我 的 肩膀  告诉 我 好久 不 见 