清朝 咸丰 年间  金陵 （ 今 江苏 南京 ） 城里 有 家 商铺  生意 很 是 兴隆 
老板 姓 谭 名 金 柜  妻子 姚氏  膝下 只 有 一个 独生女 儿 名叫 谭惠兰  夫妇 俩 视 若 掌 上 名 珠 
谭惠兰 8 岁 那 一年  谭 金 柜 为 女儿 定下 了 一 门 娃娃 亲 
亲家 姓 周名俊 仁  也 是 个 生意人 
儿子 名叫 周荣宝  年 方 10 岁  长 得 眉清目秀  聪明伶俐  谭 金 柜 和 姚氏 非常 满意  只 待 小 俩 口 长大成人 即 可 选择 良 辰 吉日  为 他们 完婚 
谭惠兰 订婚 没 多久  太平天国 的 军队 由 南 向 北  一路 势如破竹  直 逼 江南 重镇 金陵 
金陵 城里 的 官商 富户 们 听 到 消息  纷纷 收拾 金银 细软  四散 逃跑 
谭 金 柜 一 家 也 和 逃难 的 人群 一起 离开 了 金陵  来到 千 里 之外 的 陕西  寄居 在 远房亲戚 家里 
一晃 10 多 年 过去 了  清朝 军队 终于 打败 了 太平天国  金陵 又 重新 恢复 了 往日 的 平静 
远 在 陕西 的 周俊仁 听到  金陵 克复  的 消息 后  当即 和 妻子 姚氏  女儿 惠兰 一起 风尘仆仆 地 回到 了 金陵 老家 
此时 的 谭惠兰 已经 出落 成 了 一个 亭亭玉立 的 大 姑娘  由于 战乱  她 早已 过 了 结婚 的 年龄 
所以 周俊仁 回到 金陵 后 的 第一 件 事 就是 托人 捎 口信 给 周俊仁  让 他 赶快 回家 为 孩子 完婚 
周俊仁 一 家 当初 无 亲 可 投  他 本来 就 是 个 生意人  一家 三 口 索性 走南闯北  搞 起 了 长途 贩运 的 生意 
接到 谭 金 柜 的 口信 后  他们 一家 三 口 立即 启程  辗转 回到 了 金陵 
回到 老家  周俊仁 发现 自 已 家里 原来 的 商铺 和 家 早已 毁 于 战火  变成 了 一 片 瓦砾 
无奈  他们 只好 先 在 别处 租赁 了 几 间 房屋  暂且 安身 
听说 周俊仁 回到 了 金陵  谭 金 柜 亲自 来 到 周俊仁 家 租赁 的 房子 里 和 亲家 商定 孩子 的 婚事 
两 家 大 人 一致 认为 孩子 年龄 都 不 小 了  应先先 给 他们 完婚  其他 事 以后 再说 
于是  两 家 请 人 择 了 个 黄道吉日  开始 积极 筹备 孩子 的 婚事 
却 说 距离 谭惠兰 新婚 大喜 前 三 天 的 这天 上午  谭家人 正在 为 女儿 准备 嫁妆  一个 风尘仆仆  衣衫 褴褛 的 小伙子 突然 闯进 家里  看见 谭 金 柜 后 倒 头 便 拜  口中 连 称  岳父 大人  
谭 金 柜 连忙 扶 起 小伙 说   你 是 什么 人 
为什么 要 称 我 为 岳父 大人  
小伙子 看 了 谭金宝 一 眼 说   岳父 大人  您 不 认识 我 了 
我 是 您 的 女婿 周荣宝 呀  
 一 派 胡言  
谭 金 柜 前不久 到 亲家 屋里 去 时 女婿 周荣宝 给 他 倒 过 茶  他 怎么 能 不 认识 女婿 呢 
 我 真 是 您 女婿 周荣宝 呀  
小伙子 见 谭 金 柜 不 信  继续 说道   当年 我们 一家 三 口 逃难 在 外  四处奔波  生活 极为 艰辛 
在 我 14 岁 那 一年  我 不幸 与 二老 走失 
由于 父母 走南闯北  居 无 定 所  我 到处 寻找  一直 没有 音讯 
听到 金陵 克复 的 消息 后  我 想 二老 一定 会 回到 金陵 的  这 才 一 路 奔波 回到 了 金陵 
那 知 我 刚才 到 老家 一 看  发现 老家 的 房子 变成 了 一 片 瓦砾  也 不 知道 二老 回家 了 没有  所以 只好 先 到 岳父 家里 打探 消息  
谭 金 柜 见 小伙子 言辞 恳切  长相 也 和 周俊仁 非常 相像  只好 亲自 带 着 小伙子 来 到 周俊仁 家里 
小伙子 见到 周俊仁 后 放声 大 哭  周俊仁 的 妻子 则 拉 着 小伙子 的 衣角  激动 得 直 擦 眼泪 
站 在 一旁 的 谭 金 柜 则 丈 二 的 和尚 —— 摸 不 着 头脑 
片刻  周俊仁 告诉 谭 金 柜 说   这个 小伙子 不 是 我 儿子  而是 我 侄子 
几 年 前 他 与 我 哥 嫂 走失  好不容易 找到 我 这里  一时 高兴  说 错 了 话  
谭 金 柜 满腹 狐 疑  但 又 不便 继续 追问  只好 告辞 而 去 
回到 家里  谭 金 柜 越 想 越 觉得 不 对 劲儿 
他 悄悄 地 找 了 几 位 与 周俊仁 一起 做 生意 的 人 一 打听  才 知道 了 事情 的 真相 
原来  周俊仁 的 儿子 周荣宝 不幸 与 二老 走失 后  周俊仁 俩 口 为 寻找 儿子 几乎 倾家荡产  但 儿子 却 一直 杳无音信 
周俊仁 俩 口 失 子 之 痛 自 不必 细说 
也许 是 他们 思 儿 心切  儿子 周荣宝 走失 的 第二 年  周俊仁 无意 中 在 街上 发现 一个 流浪 乞讨 的 孤儿 不但 年龄 与 儿子 荣宝 相 仿  就 连 音容笑貌  举手投足 也 都 是 那么 的 相像 
于是  潭 金 柜 夫妇 便 将 这 名 孤儿 收 为 养子  仍然 取名 叫 周荣宝 
所以  先前 在 周 家 给 谭 金 柜 倒 茶 的 是 周俊仁 的 养子  而 亲自 找到 谭 金 柜 家里 的 才 是 真正 的 周荣宝 
知道 了 事情 的 真相 后  尤其 是 得知 周 家 的 养子 曾 是 乞丐 的 消息 后  谭 金 柜 托人 捎 话 给 周俊仁 说  当初 谭 家 与 周 家 订婚  说 得 是 周 家 的 亲生 儿子 周荣宝  别人 休想 娶 我 女儿 为 妻 
消息 传 到 周俊仁 家  周俊仁 夫妇 感到 左右为难 
周俊仁 的 养子 则 非常 气愤  心想 认为 到手 的 鸭子 怎么 能 轻易 让 它 飞 走 呢 
当天 晚上 二 更 时分  周俊仁 的 养子 一时 冲动  手 持 一 把 牛 耳 尖刀 气势汹汹 地 闯进 谭 家  谭 金 柜 上前 阻挡 时  他 一 把 揪 住 谭 金 柜 的 衣领  用 刀尖 指 着 谭 金 柜 的 脖子 恶狠狠 地 说道   你 如果 不 把 女儿 嫁 给 我  我 先 一 刀 杀 了 你  然后 再 杀死 你 女儿  回去 再 杀 了 你 女婿  最后 我 再 自杀  咱们 四 个 人 一起 到 阎王爷 那里 去 报到  
谭 金 柜 到底 是 个 生意人  走南闯北 什么 世面 没 经过 