最初 ， 他 被 高估 ， 但 在 火箭 打 了 一 个 赛季 后 ， 人们 又 低估 了 他 的 实力 。
实际上 ， 即便 贝弗利 已经 爆发 ， 但 林书豪 的 表现 对 火箭 的 进攻 来说 依然 是 至关重要 的 。
霍华德 善于 打 挡 拆 ， 而 林书豪 和 詹姆斯 - 哈 登 都 是 这样 的 后卫 球员 。
不过 哈登 的 持球 率 很 高 ， 林书豪 需要 证明 自己 能 将 上 赛季 最后 3 个 月 三分球 命中率 ( 40% 左右 ) 维持 住 ， 并 不断 加强 。
投篮 能力 的 优势 会 让 林书豪 在 和 贝弗利 的 竞争 中 占 到 优势 ， 但 贝弗利 可以 在 比赛 末 段 凭借 防守 压迫 能力 获得 机会 。
至于 布鲁克斯 和 加纳 安 ， 他们 需要 争夺 第三 控 卫 的 位置 ， 加纳 安 可能 会 去 NBDL 锻炼 。
﻿ 欧 冠 综合 : 揭幕 日 5 大 豪门 打 进 20 球 横扫 迎来 开门红 2013年 09月 18日 07:17:05 来源 ： 新华网 新华网 伦敦 ９月 １７日 体育 专电 （ 记者 岳 东兴 ） 新 赛季 的 欧 冠 联赛 １７日 晚 揭幕 。
五 大 豪门 曼联 、 曼城 、 皇 马 、 拜仁 、 “ 大 巴黎 ” 共 打入 惊人 的 ２０ 个 球 ， 以 横扫 之 势 取得 开门红 。
最 大 的 胜利 属于 皇家 马德里 。
西 甲 豪门 客场 ６：１ 狂 胜 加拉塔萨雷 ， 取得 该 队 欧 冠 史 上 在 客场 比赛 中 的 最 大 胜利 。
克 • 罗纳尔多 在 下半时 上演 “ 帽子 戏法 ” ， 助 皇 马 取得 Ｂ 组 头 名 。
同 组 的 尤文 图 斯 客场 １：１ 逼 平 哥本哈根 ， 是 当晚 唯一 没 能 赢 球 的 传统 强 队 。
英超双 雄曼联 、 曼 城 互不相让 ， 都 用 完 胜 为 ５ 天 后 的 “ 曼彻斯特 德 比 战 ” 攒 足 了 士气 。
在 老 特拉福德 ， 鲁尼 攻 入 了 在 曼联 的 第２００ 个 球 ， 助 “ 红 魔 ” ４：２ 击退 勒 沃 库 森 。
新帅 莫耶斯 也 取得 了 执教 生涯 的 第一 场 欧 冠 联赛 的 胜利 。
在 今夏 陷入 转会 传闻 后 ， 鲁尼 最终 选择 留下 。
他 新 赛季 的 状态 一直 很 好 ， 是 全队 进攻 核心 。
当晚 ， 英格兰 前锋 虽然 头部 仍 裹 着 防护 用具 ， 但 表现 活跃 。
第 ２２分钟 ， 他 以 一 脚 凌空 推 射 打破 僵局 。
他 在 射门 时 ， 队友 巴伦西亚 处于 疑 似 越位 位置 ， 几乎 到 了 球门 里 。
勒沃库森 球员 纷纷 向 裁判 投诉 ， 但 进球 依然 有效 。
客队 队长 罗尔费斯 下半时 以 一 记 “ 世界 波 ” 扳平 比分 。
全场 占优 的 曼联 很快 再度 领先 ， 范佩西 在 禁区 内 以 高 难度 的 侧身 凌空 抽 射 破门 。
随后 ， 鲁尼 打入 本队 第三 球 ， 也 进入 了 曼联 的 “ ２００ 球 俱乐部 ” 。
他 接着 又 献 上 助攻 ， 让 巴伦西亚 完成 最后 一 击 。
德 甲 球队 在 终场 前 两分 钟 打入 一 球 ， 挽回 些许 颜面 。
同 在 Ａ 组 的 顿涅茨克 矿工 客场 ２：０ 力克 皇家 社会 ， 与 曼联同 积 ３分 。
上 赛季 一 场 未 胜 ， 止步 小组 赛 的 曼城 终于 赢 球 了 。
面对 捷克 弱 旅 比尔 森 胜利 ， 作客 的 曼 城 实力 高出一筹 ， 以 ３：０ 开启 欧 冠 征程 。
佩莱格尼里 的 球队 由 哲科 在 第４８ 分钟 打破 僵局 。
此后 ， 今夏 在 转会 市场 花费 近 １亿 英镑 的 “ 蓝 月亮 ” 火力 全 开 ， 在 １０分钟 内 由 亚 亚 • 图 雷 、 阿奎罗 连 入 两 球 ， 锁定 胜 局 。
上 赛季 ， 曼城 在 小组 垫 底 ， 连续 第二 个 赛季 在 小组 赛 就 被 扫地 出门 。
财大气粗 的 曼城 老板 最终 解雇 了 曼奇尼 ， 聘用 在 欧 冠 赛场 更为 成功 的 佩莱格尼里 ， 为 的 就是 要 在 本 赛季 打入 淘汰赛 （ １６ 强 ） 。
卫冕 冠军 拜 仁 慕尼黑 同样 以 ３：０ 击退 莫斯科 中央 陆 军 ， 与 曼城 一同 领 跑 Ｄ 组 。
真正 检验 曼 城 实力 的 将 是 下一场 的 强 强 对话 。
届时 ， 上 赛季 的 英 超 亚军 将 在 主场 迎战 “ 德 甲 巨人 ” 。
Ｃ 组 中 ， 巴黎 圣 日耳曼 客场 ４：１ 大胜 希腊 的 奥林匹亚 科 斯 ， 本菲卡 ２：０ 击退 安德莱赫特 。
Ｅ 至 Ｈ 组 的 首 轮 比赛 在 １８日 打响 。
恒大 告诫 球员 克制 ： 挑衅 不 上 当 不 给 裁判 口实 2013年 09月 18日 08:36:02 来源 ： 足球报 9月 15日 上午 ， 恒大 包机 前往 多哈 ， 首 回合 主场 领先 两 球 而且 零 封 对手 ， 让 人们 对 恒大 的 客场 之 行 充满 期待 ， 不过 ， 俱乐部 考虑 周全 ， 据悉 ， 临行 前 ， 俱乐部 特意 告诫 球员 们 ， 在 比赛 中 ， 保持 克制 ， 如果 对手 挑衅 ， 不要 上当 ， 不 给 裁判 口实 ， “ 和谐 ” 对手 的 “ 主场 ” 优势 。
从 去年 第一 次 征战 亚 冠 ， 恒大 征战 客场 就 遭遇 过 裁判 问题 ， 比如 去年 1 / 4 决赛 首 回合 打 伊蒂哈德 ， 今年 亚 冠 小组 赛 客场 打 浦 和 红 钻 ， 尤其 是 打 浦 和 ， 比赛 进行 到 最后 补 时 阶段 ， 张琳 芃 和 关口 训 充 在 边 路 抢 位 争 球 ， 张琳 芃 卡住 身 位 ， 对手 却 从 后 发 力 拉扯 张 琳 芃 头发 ， 在 裁判 鸣 哨 关口 犯规 的 情况 下 ， 张琳 芃 一个 胸 撞 把 关口 撞 翻 ， 结果 被 红牌 罚 下 。
对 此 ， 里 皮 非常 愤怒 ， 在 休息室 怒斥 “ 张 莫斯 ” ， “ 你 这样 的 行为 实在 太 冲动 、 太 不 冷静 了 ！
作为 一 名 职业 球员 ， 根本 不 应该 做 出 这样 的 行为 ！
” 幸运 的 是 ， 亚足联 并 未 对 张琳 芃 追加 处罚 。
客 战 莱赫维亚 ， 恒大 不 想 非 战 减员 ， 希望 以 最 小 代价 拿下 对手 ， 在 半决赛 满员 出战 ， 而且 ， 他们 了解 到 ， 9月 18日 比赛 的 主 裁判 阿尔扎罗尼 虽然 水平 较 高 ， 但 对 规则 执行 严格 ， 喜欢 出 牌 。
他 是 本 赛季 亚 冠 场 均 出 牌 最 多 的 裁判 ， 执法 的 5 场 亚 冠 赛事 （ 均 为 东亚区 赛事 ） ， 出 牌 22 张 ， 均 为 黄牌 ， 其中 主队 11 张 ， 客队 10 张 ， “ 虽然 从 数据 看 出 他 并 未 明显 偏袒 主队 ， 但 我们 还是 要 小心 。
” 一 位 恒大 球员 说 。
作为 阿联酋 7 名 现役 国际级 裁判 中 资格 最 老 的 一 个 ， 阿尔扎罗尼 对 比赛 驾轻就熟 。
