国际 米兰 客场 3-3 战平 都灵 ， 考虑 到 5分钟 蓝 黑 军团 就 少 打 一个 人 ， 再 加上 2 次 落后 ， 这样 的 比分 其实 是 可以 接受 的 ， 只 是 令 人 稍 有 遗憾 的 是 ， 国 米 在 最后 时刻 丢 了 1 个 球 。
帕拉西奥 成为 了 国际 米兰 取得 1分 的 大 英雄 ， 他 凭借 着 一 已 之 力 打入 了 2 粒 进球 ， 一度 帮忙 球队 反 超 了 比分 。
帕拉西奥 之前 在 国家队 受 了 小 伤 ， 阿根廷 第二 场 与 乌拉圭 的 比赛 ， 辩 帅 并 没有 参加 。
但 回到 俱乐部 ， 还有 一点 小 伤 的 帕拉西奥 依旧 披挂 上阵 ， 因为 他 对 国 米 来 说 实在 太 重要 了 。
在 整个 上半场 ， 由于 场上 一直 少 1 人 ， 场面 上 也 受 压制 ， 帕拉西奥 的 机会 并 不 多 。
但 到 了 下 半 场 ， 都灵 体力 下降 ， 国际 米兰 也 组织 起 不 少 有 威胁 的 反击 ， 而且 阿根廷 人 的 2 粒 进球 看似 毫不费力 ， 但 他 之前 的 铺垫 以及 意识 才 是 关键 。
第 55分钟 ， 泰德尔 左 路 斜 传 ， 瓜林 抢 在 都灵 门将 之前 ， 灵光 一 现 将 球 凌空 卸 了 下来 ， 正好 传 给 了 一旁 的 帕拉西奥 ， 阿根廷 人 非常 轻松 地 将 球 射 入 空门 。
《 天空 体育 》 称 这 一 次 帕拉西奥 的 跑 位 相当 的 精确 ， 他 看到 瓜林 去 抢 一 落点 ， 他 就 埋伏 在 禁区 前沿 抢 第2 落点 ， 这 起 到 了 很 好 效果 。
帕拉西奥 打入 扳 平 的 进球 之后 ， 一 发 而 不可收拾 。
第 71分钟 ， 帕拉西奥 一度 帮忙 国际 米兰 取得 了 领先 ， 帕拉西奥 在 右侧 将 球 给 分 了 贝尔福迪 ， 随即 立即 前 插 到 了 禁区 内 抢点 ， 贝尔福迪 在 过 掉 一 名 后卫 之后 传 中 ， 这时 阿根廷 人 已经 在 禁区 内 轻松 地 抢点 破门 。
这样 的 意识 是 一 名 顶级 前锋 必须 具备 的 。
《 全 市场 》 对于 这 粒 进球 表示 ： “ 从 发起 到 了 最后 的 终结 ， 都 是 由 帕拉西奥 一 人 完成 ， 他 有着 非常 聪明 的 头脑 以及 足球 意识 ， 他 是 国际 米兰 的 一 大 财富 。
” 的确 ， 从 整 场 比赛 来看 ， 帕拉西奥 就 完成 了 2 次 射门 ， 但 都 取得 了 进球 ， 射门 率 为 100% ， 在 反击 当中 ， 帕拉西奥 成为 了 最 为 有效 的 武器 。
赛后 《 全 市场 》 给 了 帕 拉 西 奥 最高 的 7分 ： “ 上半场 很 少 见 ， 国 米 被 压制 ， 到 了 下 半 场 ， 帕拉西奥 的 优秀 展露 无疑 ， 利用 2 次 反击 打入 2 球 ， 帮助 国际 米兰 反 超 比分 ， 在 马扎 里 的 战术 体系 当中 ， 他 是 不可 代替 的 。
” 《 慢镜头 》 也 赞扬 到 ： “ 在 困难 的 时候 ， 帕拉西奥 总是 第一 个 站 出来 的 球员 ， 不要 忘 了 ， 他 刚刚 从 伤病 当中 恢复 过来 ， 能 有 这样 的 状态 实 属 不 容易 。
” 本 赛季 ， 帕拉西奥 的 发挥 就 一直 相当 的 稳定 ， 目前 8 轮 联赛 过后 ， 阿根廷 人 已经 打入 了 5 粒 联赛 入 球 并 有 1 次 助攻 ， 再 加上 之前 意大利 杯 资格 的 梅 开 二 度 ， 在 本 赛季 帕拉西奥 代表 国际 米兰 出战 的 9 场 正式 比赛 中 已经 打入 7 球 助攻 1 球 ， 制造 了 8 粒 进球 ， 是 国际 米兰 锋线 上 目前 最 有 威胁 的 球员 。
不光 光 在 俱乐部 ， 在 阿根廷 国家队 ， 帕拉西奥 也 被 前所未有 的 信任 ， 他 已经 成为 了 国家队 主力 阵容 当中 的 常客 ， 而且 发挥 不俗 ， 在 阿根廷 3-1 战胜 秘鲁 的 比赛 中 ， 帕拉西奥 也 进 球 也 有 助攻 ， 在 梅西 不 在 的 日子 中 ， 他 成为 了 阿根廷 最 值得 依赖 的 人 ， 堪称 球队 中 的 头号 巨星 。
阿根廷 的 奥 莱 报 就 称 ： “ 凭 帕拉西奥 这样 的 状态 ， 明年 的 巴西 世界杯 一定 会 有 他 的 身影 ， 而且 还 很 有 可能 成为 一 名 主力 。
” 国际 米兰 名宿 贝尔 戈 米 日前 在 采访 时 也 表示 ： “ 帕拉西奥 的 状态 达到 顶峰 ， 他 让 我 想起 了 2年 前 的 米利托 ， 处在 职业 生涯 最 好 的 一 段 时期 ， 他 能够 带领 国际 米兰 去 争取 荣誉 。
” 比赛 第65 分钟 ， 马蒂亚斯 -费尔南德斯 帮助 佛罗伦萨 拿 到 了 一个 点球 ， 随后 罗 西 冷静 主罚 命中 ， 将 比分 改写 为 1-2 ， 不过 这 只 是 一个 开始 ， 第76 分钟 ， 又 是 罗西 ， 他 的 冷 射 攻破 了 布 冯 把守 的 球门 ， 帮助 佛罗伦萨 顽强 地 扳 平 了 比分 ， 这时候 的 佛罗伦萨 已经 越战 越 勇 ， 而 尤文图斯 则 是 踢 得 毫无 生机 ， 仅仅 过 了 2分钟 ， 下 半 场 替换 上场 的 华 金 接到 巴莱罗 的 精妙 传球 推 射 破门 ， 3-2 ！
佛罗伦萨 完成 的 超级 逆转 。
本世纪 意 甲 只 有 2 支 球队 能 在 落后 尤文图 斯2球 的 情况 下 逆转 ， 上次 还是 2009年 10月 31日 那不勒斯 的 3 比 2 逆转 。
不过 佛罗伦萨 的 疯狂 进攻 并 没有 结束 ， 第80 分钟 佛罗伦萨 打出 疯狂 反击 ， 夸 德拉 多 从 后 场 长途 奔袭 到 禁区 前沿 塞 球 ， 罗西中 路 距 门 12 米 处 左脚 推 弧线 球 入 左 下 角 ， 4比2 ！
