催产素 与 人类 社会 行为 * 1 简介 1 1 关于 催产素 催产素 ( oxytocin  OT ) 是 一 种 由 9 个 氨基酸 构成 的 荷尔蒙 
20 世纪 初 科学家 发现 了 它 在 促进 孕妇 分娩 和 泌 乳 上 的 功能 
1953年  化学 家 Vigneaud 发现 了 催产素 的 氨基酸序列 结构  并 实现 了 人工 催产素 的 合成  他 因 对 催产素 研究 的 贡献 而 被 授予 诺贝尔 化学 奖 
1992年 科学家 成功 克隆 出 催产素 的 受体 
生物学家 和 化学 家 对 催产素 的 这些 基础研究  为 近年来 关于 催产素 对 人类 社会 行为 影响 的 研究 奠定 了 基础 
催产素 同时 作用 于 外 周 神经 系统 和 中枢神经 系统 
在 外 周 神经 系统  催产素 主要 起 激素 的 作用  它 由 下丘脑 的 室 旁 核 和 视 上 核 的 大 细胞 神经元 合成  并 投射 到 脑垂体 后 叶  随后 进入 血液 循环 
催产素 在 外 周 的 作用 主要 是 促进 妇女 分娩 时 的 子宫 收缩 和 哺乳 时 的 乳汁 分泌 
在 中枢神经 系统  催产素 主要 起 神经 递 质 的 作用  它 由 下丘脑 室 旁 核 的 小 细胞 神经元 合成  并 投射 到 边缘 系统 的 脑 区 ( 如 海马  杏仁 核  纹 状 体 等 ) 和 脑 干 
此外  催产素 也 可 通过 快速 扩散 至 细胞 外 液  以 影响 大脑 的 广泛 区域 
最 早 生物学家 和 神经 科学家 发现  中枢神经 系统 的 催产素 能 调节 母性 行为  性行为 和 依恋 行为 
近年来  神经 科学家 和 心理学 家 将 研究 兴趣 从 催产素 对 分娩 和 哺乳 的 促进 作用 转移 到 它 对 人类 社会 行为 ( 如 社会性 决策  社会性 记忆  社会性 信息 加工 ) 的 影响  关注 点 从 催产素 在 外 周 神经 系统 的 作用 转移 到 它 在 中枢神经 系统 的 作用 
1 2 研究 方法 研究 催产素 对 人类 社会 行为 影响 的 方法 主要 有 以下 三 种 
第一 种 方法 是 测量 尿液  血液 或 脑 脊 液 中 的 催产素 含量  并 与 具体 的 社会 行为 建立 相关 
探讨 催产素 与 社会 行为 的 早期 研究 多 采用 这种 方法  但 这种 方法 存在 以下 三点 不足  ( 1 ) 无论是 从 血液  尿液 还是 脑 脊 液 中 测量 的 催产素 水平  它 与 社会 行为 建立 的 都 只 是 一 种 相关 关系  而 非 因果 关系  因此 很 难 确定 是 催产素 含量 的 变化 引发 了 具体 的 行为 改变  还是 行为 的 改变 导致 了 催产素 含量 的 变化  或是 催产素 含量 与 社会 行为 的 关系 受 第三 个 变量 的 调节 
( 2 ) 从 血液 和 脑 脊 液 中 测量 催产素 含量 对 被 试 来说 是 有 创 性 的  并且 通常 要 在 实验 前后 各 采集 一 次  对 抽血 或 注射 产生 的 疼痛 的 预期 或 体验 会 影响 催产素 的 分泌  因此 会 对 测量 标 产生 干扰 
( 3 ) 此外  来自 生化 领域 的 研究 表明  外 周 和 中枢神经 系统 的 催产素 作用 并 不 相同  但 两者 之间 如何 协同 作用 的 机制 尚 不 清楚  所以 尿液 和 血液 的 研究 可能 与 脑 脊 液 的 研究 存在 不 一致 的 结果 
第二 种 方法 是 人为 地 从 鼻腔 喷 入 催产素  通过 行为  眼 动 和 脑 成像 技术  考察 其 对 社会 行为 的 影响 及其 神经 机制 
已 有 的 神经 药理学 研究 表明  从 鼻腔 喷 入 的 催产素 能够 直接 越 过 血 脑 屏障  作用 于 与 社会 行为 密切相关 的 边缘 系统  如 海马  杏仁 核  纹 状 体 等 脑 区 
这种 方法 最 大 的 优点 在于 它 主动 地 操纵 了 中枢神经 系统 中 的 催产素 含量  能够 与 其 考察 的 社会 行为 直接 建立 因果 关系  而 不 是 单纯 的 相关  因此 受到 了 多数 研究者 的 青睐 
最近 在 国外 各 大 心理学  药理学 和 神经 科学 的 主流 期刊 上 发表 的 催产素 研究 多数 也 采用 这种 方法 
实验 通常 采用 双 盲 法  一 组 被 试 从 鼻腔 喷 入 催产素  另 一 组 被 试 从 鼻腔 喷 入 安慰 剂  每人 喷射 药物 的 计量 为 24 – 32IU ( IU 是 临床 药物 计量 国际 单位 )  每 只 鼻孔 一般 一 次喷射 4IU  两 只 鼻孔 轮流 喷射 
一般 认为 喷射 完 30 ~ 45分钟 后 催产素 才 能 完全 发挥 效用  此时 再 开始 正式 实验 
但 这种 方法 也 存在 一个 问题  穿 过 血 脑 屏障 并 进入 中枢神经 系统 的 催产素 有 极 小 的 可能 进入 静脉  即 外 周 神经 系统  它 会 引发 女性 的 子宫 收缩 
因此 采用 这种 研究 方法 的 实验 几乎 都 使用 男性 被 试 
因为 催产素 对 人类 社会 行为 的 影响 可能 存在 性别 差异  所以 将 男性 被 试 的 结果 推广 到 所有 人群 上 值得 商榷 
第三 种 方法 是 通过 基因型 分析 ( genotyping ) 考察 催产素 受体 的 基因多态性  并 与 具体 的 社会 行为 建立 相关 
如 有 研究 通过 生化 手段 从 被 试 的 唾液 中 检测编码 催产素 受体 的 基因型  根据 被 试 在 基因型 上 的 差异 将 其 分为 催产素 受体 较 多 的 GG 等位 基因组 和 较 少 的 AG / AA 组  考察 各组 被 试 在 应 激 反应 上 的 差异 ( Rodrigues  Saslow  Garcia  John  & Keltner  2009 ) 
这种 方法 的 优点 在于 它 直接 从 基因  分子 的 角度 考察 催产素 对 行为 的 影响  同时 这种 方法 并 不 限制 被 试 的 性别  所以 结果 可以 推广 到 一般性 群体 上 
但 存在 的 问题 同 第一 种 方法 一样  通过 这种 方法 与 具体 社会 行为 建立 的 只 是 相关 关系  而 非 因果 关系  因为 研究者 无法 通过 人为 地 改变 基因型  来 考察 其 对 具体 行为 的 影响 
2 研究 进展 2 1 社会关系 社会关系 是 人类 社会 生活 的 重要 部分 
有关 催产素 如何 影响 社会关系 的 研究 主要 关注 其 对 亲 子 关系  夫妻 关系 的 调节 作用 
早期 的 动物 研究 关注 催产素 对 啮 齿 类 动物 的 母性 行为 的 影响 
啮 齿 类 雌性 动物 在 分娩 时 子宫 的 收缩 会 激活 下丘脑 处 的 催产素 神经元  刺激 视 前 区  腹 侧 被 盖 区 和 嗅 球 等 脑 区 释放 催产素 
这些 脑 区 会 对 一 系列 的 母 性行为 产生 作用  如 筑巢 行为  舔 舐 幼 仔  母性 攻击 等 
