由于 与 王忠铭 的 交往  南京 的 士大夫 们 纷纷 交 结 利 玛 窦 
其中 包括 后来 官 居 东 阁 大学士 的 南京 礼 部 侍郎 叶 向 高  他 认为 利玛窦 深谙 中国 儒学 之 道  其 技艺 制作 之 精 为 华人 所 未 及  对 利玛窦 敬佩 尤加  作 《 赠 西 国 诸 子 》 诗 云   天地 信 无垠  小智安 能 拟 
爰 有 西方 人  来自 八万 里 
蹑 履历 穷 荒  浮 槎 过 弱 水 
言 慕 中华 风  深 契 吾 儒 理 
文忠公 曰  ‘ 子 见 从 古 来宾  其 道德 学问  有 一 如 利子 者 乎 
姑 毋 论 其他  即 其 所 译 《 几何 原本 》 一 书  即 宜 钦 赐 葬 地 矣 
 8 在 南京  还有 一 位 非常 重要 的 士大夫 给 利玛窦 赠 诗  他 便 是 晚 明 名 儒 李 贽 
李 贽  号 卓吾  温 陵 居士  明朝 著名 的 思想家 
学界 关于 李 贽 与 利玛窦 的 交往 次数 存在 歧 见 
大多 研究者 根据 李 贽 的 《 续 焚 书 》 中 的  三 度 相会   认为 他 与 利玛窦 相会 3 次 
李 珺 平 进行 了 认真 的 考证  认为 是  两 回 六 次  
李 贽 书 中 所 说  三 度 相会  即 第一 回 在 南京 的 3 次 晤面  第二 回 在 济宁 又 是 3 次 9 
在 南京 的 一 次 文人 集会 上  李 贽 观看 了 利玛窦 与 三 淮 和尚 关于 宇宙 本体 的 辩论  期间 被 利玛窦 的 口才 和 学识 所 折服  后 不惜 纡 尊 屈 驾  亲自 拜访  并 赠送 给 利玛窦 一 把 纸 折扇  上 有 他 做 的 短 诗 
诗云   逍遥 下 北溟  迤 逦 向 南 征 
刹 利 标 名 姓  仙 山 纪 水程 
回头 十万 里  举目 九 重 城 
观 国 之 光 未  中 天日 正 明 
 10 《 大西西泰利 先生 行迹 》 载   温陵 卓吾 李公时 在 南 都  过 访 利 子 
谈论 间 深 识 天学之 为 真  因 赋诗 为 赠  具 载 焚 书 篇 中 
 11 以后 利玛窦 北上  在 济宁 漕 运 总督 刘东星 的 府 中  李 贽 又 与 之 相见  为 交流 方便   总督 在 相邻 的 双方 府第 之间 的 墙上 开 了 扇 门  以便 彼此 天天 相互 拜访  12 
这 足以 说明 两 人 的 情谊 非同一般 
李 贽 称 利玛窦 为 域 外 奇人  有 德 之 士 
《 续 焚 书 · 答 友人 》 曰   承 公 问及 利西泰  西 泰 大 西域 人 也  到 中国 十万 余 里  初 航海 至 南 天竺  始 知 有 佛  已 走 四万 余 里 矣 
及 抵 广州 南海  然后 知 我 大明 国土 先 有 尧  舜  后 有 周  孔 
住 南海 肇庆 几 二十 载  凡 我国 书籍 无 不 读  请 先辈 与 订 音 释  请 明 于 《 四 书 》 性 理 者 解 其 大义  又 请 明 于 《 六- 123-2012 年 第1 期 经 》 疏 义 者 通 其 解说  今 尽 能 言 我 此间 之 言  作 此间 之 文 字  行 此间 之 礼仪  是 一 极 标致 人 也 
中 极 玲珑  外 极 朴 著书 多 格言  结交 皆 名士 
俶 诡 良 不 矜  熙攘 乃 所 鄙 
圣化 被 九 埏  殊 方 表 同 轨 
拘 儒 徒 管窥  达观 自 一 视 
我 亦 与 之 游  冷然 深 得 旨 
 7 叶 向 高 入阁 后  在 北京 两 次 请 利玛窦 到 阁 府 畅谈  两 人 建立 了 深厚 的 友谊 
万历 三十八 年  利玛窦 卒  叶 向 高力 举 朝廷 赐 葬 
《 大西西泰利 先生 行迹 》 载   时 有 内宦言 于相国 叶文忠 曰  ‘ 诸 远方 来宾 者  从 古 皆 无 赐 葬  何独厚 于利子 
’ 实  数十 人群 聚 喧 杂  仇 对 各 得  傍 不得 以 其间 斗 之 使 乱 
我 所 见 人 未 有 其 比  非 过亢 则 过 谄  非 露 聪明 则 太 闷 闷 瞶 瞶 者  皆 让 之 矣 
 13 除此之外  在 南京 给 利玛窦 赠 诗 的 还有 吏 科 给 事 中 祝世禄 和 南 户 部 郎中 曹 学 佺 
祝世禄 又 号 石林  明代 著名 的 书法家 
他 从 尚书 王忠铭 那里 听说 利玛窦 其 人  对 其 友伦 思想 非常 推崇   论 友谊 （ 即 《 交友 论 》 ） 那 本 书 就 成 了 把 他们 聚 在 一起 的 媒介  14 
祝世禄 赠 诗 利玛窦 曰   十 年 一 苇 地 天 长  百国来 从 西 海洋  应 是 吾 君 文告 远  梯 航 无处 不 来 王 
于 腮 黄 卷 深 瞳 碧  钟巧自鸣 分 百 刻  宣尼 牟尼 了 不 闻  昼夜 一心 天 咫尺 
一 斋 一 榻 入 无穷  别 学 偏 于 象 纬 工  道 在 何之非 我 土  老 聃 西 去 达 磨 东 
华 言 华 服 欲 华 颠  汉 制 都 从 九 译 传  一 自 变 夷 归 圣 轨  至今 分 给 大 官 钱 
 15 他 为 利玛窦 在 南京 居住 提供 了 很 多 支持  在 利玛窦 准备 北上 京城 时  祝世禄 给 他 在 北京 的 朋友 写 了 很多 信  推荐 利玛窦 到 北京 工作  并 给 他 提供 有利 的 证件 和 旅途 的 费用 16 
利玛窦 也 把 他 当成 最 有 帮助 的 一个 人 
他 在 札记 中 记 到   或许 在 所有 支持 神父 们 的 事业 的 人们 中 最 有 帮助 的 是 皇帝 的 一个 顾问  这个 顾问 称为 科里 （ Coli ） 
这个 人 叫 祝 石林 
 充分 表现 了 两 人 相交 甚笃 
另外  南 户 部 郎中 曹 学 佺 也 非常 欣赏 利氏  特别 写 下 《 赠 大西洋 人 利玛窦 》 一 诗  诗 曰   异国 不 分 天  无 人 到 更 先 
应 从 何念起  信 有 夙缘 牵 
