回答 说  我们 的 理论 又 不 是 现 了 从 形式  功能  认知 等 不同 视角 对 人类 语用 来 教 外语 用 的 
二 是  无独有偶  从事 自然 语言 进行 全方位 研究 的 可喜 局面 
由于 众 所 周 言 处理 学界 的 学者 专家  看到 乔姆斯基 的 转换 生 知 的 原因  乔姆斯基 理论 引入 我国 汉语 学界 那 成 理论 如获至宝  立马 用 到 自己 的 研究 中 去  结 是 比较 晚 
从 上 个 世纪 80 年代 至 今  出版 过 几 果 也 没有 获得 预期 的 结果 
于是 也 有 学者 询问 本乔姆斯基 的 译著 和 系统 介绍 乔姆斯基 生成 转换 生成 语法学 者 ( 一 说 直接 问 乔姆斯 基本 语法学 的 论著  也 有 一些 零碎 的  用 乔姆斯基 人 )  说 这 是 怎么 回 事儿 
回答 说  我们 的 理 理论 来 探讨 某个 具体 语言 现象 的 单 篇 论文  在 论 又 不 是 用 来 解决 自然 语言 处理 与 理解 的 
国外 出版 过 由 黄正德 ( C T James  Huang )  李 听 了 这 两 个 传闻  我 自 以为 上面 我 所 想 的 这 是 艳惠 ( Y H Audrey  Li )  李亚非 ( Yafe  iLi ) 三 为什么 
这 一 问题 找到 了 答案 人 合写 的 英文版 TheSyntaxofChinese ( 汉语 句 基 理论 是 不 能 用 来 具体 描写 某个 语言 的 语法 的 
法 )  现 正 有人 在 国内 全文 翻译 出版  由 石 定 现在 何 元 建 的 新著 现代 汉语 生成 语法 否定 了 栩 撰写 的 名词 和 名 词性 成分 即将 在 北京 大 我 上面 的 推测 
乔姆斯基 理论 照样 可以 用来 具 学 出版社 出版 
这 两 本 专著 是 用 乔姆斯基理 体 描写 某个 语言 的 语法  至于 为什么 迟迟 未 见 用 论 来 讨论 汉语 语法 中 的 一些 问题 的 
这些 都 这种 生成 语法 理论 描写 现代 汉语 语法 的 书  那 是 给 汉语 语法学 界 带来 了 新 的 影响 
但是  用 乔 因为 这 需要 有 个 研究 的 过程 
可能 乔姆斯姆斯基 生成 语法学 理念 和 方法  来 系统 描写 现 何 元 建 的 新著 现代 汉语 生成 语法  正 如 代 汉语 语法 的 书 则 一 本 也 没有 
我 一直 在 想  作者 在 前言 里 交代 的  是 对 现代 汉语 的 词 这 是 为什么 
后来 我 听到 这样 两 个 传闻 ( 未 加 结构 和 句子 结构 进行 描写 与 解析 的 著作  其 证实 )  一 是  自 乔姆斯基 转换 生成 语法 理论 问 目的 是 希望 在 前人 研究 的 基础 上  对 之前 尚世之 后  从事 外语 教学 的 人 立马 用 乔姆斯基 未 做 到  或者 做 得 不够 的 地方  做出 更 准确 的 转换  生成 思路 来 进行 外语 教学  以期 通 观察 与 描写  提出 更 妥当 的 分析 和 论证  以 * 2 本文 是 为何 元 建 的 新著 现代 汉语 生成 语法 所 作 的 序 
解释 人 内在 的 语言 机制 
从 全书 内容 看  作者 努力 在 这样 做 
作者 在 本书 第一  二 章 交代 赋予 语音 形式  跟 逻辑 语义 接口 的 问题 从而 赋予 逻辑 语义 内涵 
了 理论 背景  让 读者 对 作者 所 运用 的 乔姆斯基 说 实在 的  我们 所 熟悉 的 是 前人 运用 美国 理论 和 原则 有 个 较为 全面 的 了解 与 认识 
第 结构 主义 语言学 理论 来 分析 描写 的 所谓 传统 三 章 起  作者 运用 乔姆斯基 理论 原则  并 充分 汉语 语法 系统  这 以 赵元任  丁声树  朱德熙 他 吸收 已 有 的 相关 研究 成果  先后 讨论 描述 了 汉 们 的 现代 汉语 语法 专著 为 代表 
现在 看到 作 语 合成词 的 生成 问题  各类 短语 的 生成 问题  者 用 乔姆斯基 理论 原则 分析 描述 的 现代 汉语 句 的 生成 问题  其中 重点 讨论 了 学界 讨论 得 比 语法 系统  有 一 种 新鲜感 
二者 相 比较  确实 较 多 的 所谓 动 结 式 的 生成 问题  接着  作者 有 新 的 思想 与 看法  有的 很 有 创新 性  值得 大 讨论 描述 了 汉语 中 一些 特殊 的 句法 范畴  包括 家 关注 与 思考 
限于 篇幅  不能 一一列举  这 处置 里 只 略 举 三 例 
把 字句  被动 被 字句  使 役使 / 令 / 让 字句  结果 得 字句  存 现有 字句  量化 例 一 朱德熙 先生 根据 X 的 的 句法 功 都 字句 以及 焦点 结构 和 疑 能 的 不同  将 X 的 分 为 副 词性 的  形容词 问句 结构 等  最后  作者 还 大略 地 讨论 描述 了 性 的 和 名 词性 的 三 类  相应 地  将 其中 的 汉语 合成 复合词 的 逻辑 形式  因为 按照 乔姆斯 的 ( 包括 状语 末尾 的 地 ) 分别 分析 为 副词 基 最 简 方案 理论  经过 句法 运算 拼 出 可 描写 的 性 附加 成分 的 1  形容 词性 附加 成分 的 2 和 结构 之后  要 分别 输入 到 语音 形式 库 和 逻辑 形 名 词性 附加 成分 的 3 
本书 作者 的 分析 与 朱 式 库  以便 分别 解决 好 跟 音韵 接口 的 问题 从而 先生 迥然不同 
请 看  实例 朱 先生 的 分析 本书 作者 分析 ( 括号 内 为 整个 结构 性质 ) 我 的 学生 的 是 名 词性 附加 成分 的 是 领属 限定词 ( DP 结构 ) 校长 的 秘书 的 是 名 词性 附加 成分 的 是 领属 限定词 ( DP 结构 ) 她 提 的 建议 的 是 名 词性 附加 成分 的 是 标 句 词 ( CP 结构 ) [ 关系 语句 ] 大家 去 找 工作 的 建议 的 是 名 词性 附加 成分 的 是 标 句 词 ( CP 结构 ) [ 同位语 句 ] 羊皮 的 书包 的 是 名 词性 附加 成分 的 是 结构 助词 ( PP 结构 ) 干净 的 衣服 的 是 名 词性 附加 成分 的 是 结构 助词 ( PP 结构 ) 高高的 楼房 的 是 形容 词性 附加 成分 的 是 结构 助词 ( PP 结构 ) 很 年轻 的 人 的 是 形容 词性 附加 成分 的 是 结构 助词 ( PP 结构 ) 勤奋 地 工作 地 ( 的 1 ) 是 副 词性 附加 成分 地 是 结构 助词 ( PP 结构 ) 很 仔细 地 看 地 ( 的 1 ) 是 副 词性 附加 成分 地 是 结构 助词 ( PP 结构 ) 这里 我 要 提醒 读者  在 科学 研究 领域  任何 也 已 不 少  但 至今 也 未 取得 一致 的  圆满 的 认 一 种 看法 或 观点  都 只能 视为 那 是 研究者 在 一 识  特别 对于 把 字句 的 语法 意义  更 是 各 抒 定 时期  一定 阶段 所 获得 的 一 种 假设 性 看法 或 己见  众说纷纭 
