N07/x男/b84/m小学/n街道/n干部/n回/vENT08N05/x开始/v一/m天/qt的/ude1生活/vn啊/y，/wd每天/r哪/ry，/wd早/ad起/vf五点/m钟/n起床/vi。/wj
梳洗/v完/vi了/y呢/y，/wd就/d出去/vf了/y。/wj
每天/r上/f哪儿/rys？/ww
宣武/ns公园/n。/wj
到/p宣武/ns公园/n儿/ng里头/f啊/y，/wd我/rr买/v了/ule个/q月/n票/n，/wd宣武/ns公园/n。/wj
哎/e，/wd每天/r去/vf。/wj
这/rzv月票/n啊/y，/wd一一/m块/q钱/n。/wj
每月/r一/m块/q。/wj
一/m天/qt哪/y，/wd我/rr去/vf两/m次/qv。/wj
这/rzv嘿/e笑/v，/wd每天/r去/vf两/m次/qv。/wj
早起/vi呀/y，/wd到/v那儿/rzs去/vf呀/y就/d是/vshi。/wj
这个/rz宣武/ns公园/n儿/ng里头/f净/d是/vshi练/v哪/ry。/wj
男/b的/ude1女/b的/ude1都/d是/vshi，/wd净/d是/vshi练/v的/ude1，/wd活动/vn身体/n的/ude1。/wj
我/rr呀/y，/wd也/d不/d跟/p他们/rr活动/vn。/wj
我/rr单独/d地/n啊/y，/wd也/d是/vshi。/wj
瞎/v活动/vn活动/vn。/wj
哎/e。/wj
对于/p四肢/n是/vshi反正/d是/vshi都/d活动/vn活动/vn吧/y反正/d有/vyou好处/n。/wj
再/d活动/v完/vi了/y呢/y，/wd就/d出/vf这个/rz花园/n儿/k的/ude1北/f门/n儿/ng，/wd奔/v国/n华/b商场/n那边/rzs儿/ng。/wj
国/n华/b商场/n那边/rzs儿/ng是/vshi干/v什么/ry去/vf？/ww
那边/rzs儿/ng有/vyou一/m自由市场/n，/wd卖/v菜/n的/ude1什么/ry的/ude1，/wd哎/e。/wj
我/rr每天/r回来/v，/wd在/p自由市场/n那儿/rzs呵/v儿/ng，/wd绕/v一/m弯/ng儿/ng，/wd带/v点儿/q菜/n，/wd回家/vi来/vf。/wj
到/p家/n了/y呢/y，/wd我们/rr这/rzv老伴儿/n呀/y，/wd看/v不/d见/v，/wd双目/n失明/vi。/wj
我/rr回来/v，/wd买/v到/v菜/n回来/v，/wd做/v个/q什么/ry，/wd洗/v，/wd做/v。/wj
整个/b儿/n这/rzv一/m天/qt的/ude1生活/vn，/wd嘿/e。/wj
整个/b儿/ng的/ude1，/wd我/rr担负/v着/uzhe3/n。/wj
做/v完/vi了/ule饭/n呢/y，/wd也/d，/wd我们/rr俩/m吃/v完/vi饭/n呢/y以后/f啊/y，/wd哎/e，/wd中午/t就/d是/vshi，/wd她/rr就/d休息/v了/y。/wj
她/rr休息/v我/rr怎么样/ryv？/ww
我/rr中午/t还/d出去/vf，/wd还是/c活动/vn去/vf。/wj
哎/e，/wd活动/vn完/vi喽/y，/wd回来/v，/wd该/rz做/v晚饭/n啦/y，/wd啊/y。/wj
做/v完/vi晚饭/n就/d没什么/vl事儿/n了/ule就/d是/vshi。/wj
看看/v哪/ry，/wd街坊/n有/vyou那/rzv个/q电视/n，/wd看看/v电视/n。/wj
嗯/e，/wd时间/n也/d长/a不/d了/y。/wj
因为/p什么/ry哪/y，/wd那/rzv精力/n就/d就/d就/d什么/ry了/y就/d，/wd啊/y，/wd盯/v不/d住/vi了/y。/wj
反/vi儿/ng盯/v这个/rz最/d迟/a啊/y，/wd盯/v这个/rz，/wd九点/m到/v十点/m，/wd就/d睡觉/vi了/y。/wj
睡觉/vi以后/f哇/y，/wd就是/v哎/e，/wd这/rzv一/m觉/ng儿/ng啊/y这/rzv一/m觉/ng儿/ng就/d是/vshi，/wd四点/m多/m钟/n五点/m钟/n，/wd就/d醒/v了/y。/wj
每/rz一/m天/qt的/ude1生活/vn呀/y，/wd就/d这样/rzv儿/ng，/wd嗯/e。/wj
偶尔/d地/ude2我/rr呀/y，/wd也/d是/vshi哎/e反/d儿/ng哎/e自己/rr感觉/v吧/y岁数/n儿/ng大/a了/ule就/d是/vshi，/wd能够/v，/wd有/vyou机会/n能够/v外头/f啊/y，/wd娱/vg，/wd咳/e，/wd玩儿/v会儿/qt，/wd是/vshi啊/y，/wd心里/s痛快/a痛快/a，/wd哎/e。/wj
前天/t哪/ry，/wd我/rr就/d上/vf中和/vi戏院/n，/wd买/v张/nr1京剧/n票/n。/wj
哎/e“/wyz四郎探母/n”/wyy，/wd哎/e哎/e，/wd听/v着/uzhe还/d挺/d好/a，/wd老/a戏/n，/wd。/wj
我/rr我/rr到/v那个/rz，/wd到/v戏馆子/n，/wd我/rr感/vg，/wd我/rr到/v那儿/rzs看/v了/ule看/v哪/ry，/wd感觉/n，/wd听/v这/rzv京剧/n的/ude1呀/y，/wd净/d是/vshi老人/n。/wj
因为/p年轻/a的/ude1他/rr不/d不/d好看/a这/rzv京剧/n。/wj
年轻/a的/ude1就/d好/a看看/v什么/ry呀/y，/wd跳舞/vi的/ude1了/y什么/ry的/ude1，/wd净/d这/rzv这/rzv事儿/n。/wj
嗯/e，/wd哎/e这/rzv京剧/n我/rr看/v着/uzhe，/wd挺/d好/a，/wd嗯/e。/wj
拿/v这/rzv一/m天/qt的/ude1生活/vn，/wd哎/e，/wd看/v完/vi了/ule京剧/n回来/v，/wd回来/v呀/y，/wd家里/s这/rzv，/wd我们/rr老伴儿/n瞧/v说/v，/wd好/a，/wd都/d十二点/m了/y，/wd你/rr才/d回来/v，/wd怎么办/ryv呢/y？/ww
我/rr说/v干脆/d咱们/rr吃/v芝麻酱/n面/n得/ude3了/y，/wd又/d省事/a，/wd和/cc芝麻酱/n，/wd哎/e，/wd沏/v点儿/q酱油/n皮子/nr。/wj
我们/rr俩/m正/d吃/v，/wd正/d吃/v着/uzhe呢/y，/wd啊/y，/wd我们/rr二/m儿子/n来/vf了/y。/wj
我们/rr那/rzv二/m儿子/n呀/y，/wd他/rr的/ude1老伴儿/n死/v啦/y，/wd死/v二年/m啦/y。/wj
新近/d哪/ry，/wd哎/e，/wd结婚/vi了/y。/wj
带/v着/uzhe这个/rz，/wd带/v他/rr这个/rz，/wd爱人/n儿/ng来/vf了/y，/wd嗯/e。/wj
到/p家/n看/v了/ule看/v，/wd哎/e。/wj
我/rr瞧/v还/d挺/d好/a，/wd嗯/e。/wj
这/rzv位/q女/b这/rzv位/q女/b同志/n姓/v薛/nr1，/wd啊/y，/wd姓/v薛/nr1。/wj
这/rzv这个/rz人/n我/rr看/v着/uzhe挺/d正派/a，/wd挺/d大方/a，/wd还是/v。/wj
还/d不/d像/v一般/uyy的/ude1这个/rz，/wd家庭妇女/nl啊/y那么/c那么/c什么/ry，/wd嗯/e，/wd小/a挺/d小气/a的/ude1。/wj
这/rzv挺/d好/a，/wd这/rzv人/n，/wd嗯/e。/wj
在/p这儿/rzs，/wd我/rr给/p她/rr买/v了/ule一/m瓶/q儿/n什么/ry，/wd桔/ng汁/ng儿/ng，/wd哈/b，/wd沏/v点儿/q桔/ng汁/ng儿/ng吧/y，/wd哎/e。/wj
喝/vg完/vi了/y，/wd后/f首/m儿/ng给/p他们/rr送/v走/v了/y，/wd哎/e。/wj
我/rr看/v，/wd我/rr瞧/v着/uzhe哎/e，/wd挺/d高兴/a，/wd挺/d高兴/a。/wj
我/rr这个/rz大/a小子/n呀/y，/wd在/p东郊/s住/vi，/wd远/a。/wj
快/a六十/m了/y，/wd五十九/m。/wj
那/rzv大姑娘/n啊/y，/wd在/p月坛/ns，/wd有/vyou有/vyou一个/mq老/a姑娘/n在/p樱/ng桃园/n儿/ng。/wj
经常/d这/rzv老姑娘/n啊/y，/wd偶尔/d地/ude2，/wd净/d来/vf。/wj
来到/v家/n来/f，/wd看看/v。/wj
现在/t我们/rr就/d老/a俩/m，/wd一八十三/m，/wd一八十四/m。/wj
市场/n啊/y，/wd现在/t市场/n，/wd我/rr感觉/v着/uzhe，/wd很/d活跃/a，/wd市场/n很/d活跃/a。/wj
市面/n儿/ng啊/y，/wd也/d比/p过去/t，/wd我/rr感觉/v着/uzhe好/a得/ude3多/a。/wj
主要/b的/ude1原因/n什么/ry就/d是/vshi，/wd生活/vn都/d提高/v了/y。/wj
提高/v的/ude1原因/n就/d是/vshi什么/ry呀/y？/ww
就/d是/vshi过去/vf呀/y有/vyou很多/m的/ude1种种/q的/ude1限制/vn，/wd现在/t没有/d限制/v啦/y。/wj
您/rr拿/v这个/rz自由市场/n，/wd啊/y，/wd做/v各种/rz的/ude1生意/n的/ude1，/wd都/d有/vyou了/y。/wj
过去/t受/v限制/v很/d大/a，/wd这儿/rzs不许/d摆/v，/wd那儿/rzs不许/d设立/v什么/ry的/ude1。/wj
现在/t随便/ad儿/ng，/wd自/p一/m不/d影响/v交通/n，/wd你/rr随便/ad儿/ng摆/v。/wj
各种/rz的/ude1买卖/vn，/wd都/d多/a了/y。/wj
啧/e，/wd我/rr个人/n感觉/n着/uzhe哎/e，/wd是/vshi市/n市面/n儿/k这/rzv活跃/v得/ude3多/a。/wj
人民/n的/ude1生活/vn，/wd也/d都/d都/d好/a啦/y。/wj
我/rr的/ude1个/q我/rr的/ude1生活/vn呀/y，/wd我们/rr这/rzv老/a俩/m是/vshi一百/m块/q钱/n，/wd一百/m块/q钱/n。/wj
我/rr每月/r就/d是/vshi哎/e，/wd一一/m不/d存/v钱/n，/wd每月/r光/n。/wj
每月/r到/v这/rzv月底/t哎/e，/wd这/rzv一百/m块/q钱/n哪/ry花/n得/ude3也/d就/d剩/v个/q几/m块/q了/y。/wj
嗯/e，/wd过/vf了/ule这/rzv几/m天/qt哪/y，/wd过/vf了/ule两三/m天/qt哪/y，/wd哎/e，/wd单位/n又/d发/v工资/n来/f，/wd又/d接/v上/vf了/ule笑/v。/wj
就/p这/rzv事儿/n，/wd挺/d好/a，/wd啊/y，/wd一点儿/mq顾虑/n没有/v，/wd嗯/e。/wj
我/rr的/ude1思想/n也/d没有/v什么/ry现在/t什么/ry，/wd咝/x，/wd攒/v点儿/q钱/n吧/y，/wd置/v点儿/q产业/n吧/y什么/ry的/ude1，/wd我/rr也/d，/wd我/rr也/d没/v那/rzv种/q思想/n，/wd我/rr也/d不/d置/v。/wj
