特别/d这个/rz吐/v痰/n的/ude1问题/n，/wd在/p世界/n上/f都/d是/vshi有/vyou影响/vn的/ude1，/wd啊/y。/wj
中国/ns是/vshi“/wyz东亚/ns病夫/n”/wyy，/wd与/p这个/rz痰/n都/d有/vyou直接/a关系/n，/wd所以/c怎么/ryv把/pba它/rr搞/v，/wd搞/v得/ude3就/d更/d好/a一点儿/mq呢/y？/ww
应当/v能够/v，/wd搞/v什么/ry运动/n持之以恒/vl，/wd啊/y，/wd确实/ad是/vshi把/pba它/rr落实/v下去/vf，/wd确实/ad是/vshi把/pba它/rr落实/v下去/vf，/wd别/d半/m截儿/q流产/vi。/wj
这/rzv是/vshi我/rr的/ude1看法/n，/wd啊/y。/wj
N04/x女/b43/m初中/n工人/n汉/bEJN04/x每天/r早起/vi就/d是/vshi六点/m多/m就/d起床/vi，/wd起床/vi以后/f回来/v以后/f，/wd家里/s的/ude1这些/rz琐碎/a事儿/n。/wj
嗯/e，/wd买/v买/v，/wd买/v买/v早点/n，/wd嗯/e，/wd归/v置/v归/v置/v。/wj
有时候/d儿/ng呢/y，/wd现在/t天气/n热/a，/wd洗/v一/m洗/v衣服/n，/wd嗯/e，/wd那个/rz，/wd做/v一/m做/v早点/n，/wd嗯/e，/wd给/p孩子/n呢/y归/v置/v归/v置/v。/wj
让/v孩子/n，/wd嗯/e，/wd手底下/n有的/rz时候/n儿/ng，/wd他/rr那个/rz做/v个体户/n儿/ng，/wd嗯/e，/wd那个/rz做/v的/ude1些/q服装/n，/wd嗯/e，/wd有时候/d儿/k帮/v他/rr锁/v锁/v扣/v眼/n儿/ng什么/ry的/ude1，/wd嗯/e，/wd给/p他/rr打/v打下手/v儿/ng吧/y。/wj
嗯/e，/wd在/p做/v活儿/n的/ude1过程/n当中/f呢/y，/wd有时候/d儿/k反正/d出来/vf就/d得/v，/wd说/v一/m说/v呀/y，/wd那个/rz工作/vn，/wd今天/t应该/v抓紧/v，/wd该/rz做/v什么/ry了/y，/wd赶紧/d给/p人/n弄/v。/wj
嗯/e，/wd一/m天/qt呢/y，/wd还/d得/ude3要/v那/rzv什么/ry，/wd嗯/e，/wd连/ulian看/v家/n吧/y带/v做/v活儿/n。/wj
自己/rr要/v安排/v好/a，/wd抓紧/v时间/n，/wd嗯/e，/wd尽量/d地/ude2少/v玩儿/v。/wj
嗯/e，/wd中午/t呢/y，/wd嗯/e，/wd那/rzv个/q什么/ry，/wd都/d是/vshi一/m，/wd一般/a地/ude2都/d安排/v好/a了/ule之后/f吧/y，/wd嗯/e，/wd这/rzv就/d出来/vf呀/y，/wd上/vf正常/a班/n，/wd嗯/e，/wd那个/rz带/v饭/n，/wd中午/t不/d回家/vi。/wj
有时候/d儿/k买/v点儿/q菜/n什么/ry的/ude1。/wj
嗯/e，/wd中午/t就/d跟/p这儿/rzs吃/v。/wj
上班/vi之后/f呢/y，/wd也/d是/vshi正常/a班/n儿/ng。/wj
嗯/e，/wd我/rr做/v检验/vn工作/vn。/wj
车间/n里头/f，/wd那个/rz，/wd嗯/e，/wd每天/r都/d那个/rz看/v一/m看/v，/wd拿/v来/vf之后/f都/d检验/v什么/ry，/wd做/v那个/rz，/wd是/vshi哪个/ry车间/n啦/y，/wd嗯/e，/wd该/rz做/v什么/ry工作/vn，/wd反正/d一/m进来/vf就/d先/d搞/v搞/v卫生/an什么/ry的/ude1，/wd嗯/e，/wd检查/v，/wd检查/v那个/rz手底下/n的/ude1仪表/n，/wd嗯/e，/wd看/v一/m看/v。/wj
嗯/e，/wd那个/rz还有/v是/vshi，/wd嗯/e，/wd有/vyou些/q什么/ry那个/rz其它/rz别的/rzv小/a事儿/n什么/ry伍/m的/ude1，/wd随手/d儿/k就/d做/v一下/mq儿/ng。/wj
嗯/e，/wd吃/v完/vi饭/n以后/f吧/y，/wd中午/t休息/v休息/v。/wj
有时候/d儿/ng呢/y，/wd出去/vf，/wd嗯/e，/wd到/v商场/n，/wd嗯/e，/wd逛/v一/m逛/v。/wj
离/v着/uzhe商场/n挺/d近/a的/ude1。/wj
嗯/e，/wd也/d是/vshi买/v买/v自己/rr一般/a手/n用/v的/ude1东西/n吧/y。/wj
嗯/e，/wd回去/v，/wd这/rzv就/d下午/t半天/t儿/ng，/wd也/d就/d是/vshi，/wd有/vyou什么/ry，/wd那/rzv个/q车间/n里/f头/n有/vyou什么/ry检验/v的/ude1活儿/n，/wd再/d做/v一/m做/v。/wj
嗯/e，/wd没什么/vl其它/rz别的/rzv事儿/n了/y，/wd到/v时候/n儿/k就/d，/wd下午/t半天/t儿/ng就/d过去/vf了/y。/wj
下班/vi之后/f呢/y也/d是/vshi，/wd嗯/e，/wd有时候/d儿/ng上上/f自由市场/n啊/y，/wd买/v点儿/q东西/n。/wj
嗯/e，/wd看看/v有/vyou什么/ry。/wj
现在/t，/wd反正/d现在/t菜/n也/d不好/a买/v。/wj
排队/vi也好/d是/vshi物价/n也好/y，/wd还/d得/ude3看/v一/m看/v。/wj
嗯/e，/wd这个/rz哪个/ry莱/q便宜/a呀/y，/wd是/vshi不/d是/vshi，/wd嗯/e，/wd吃/v什么/ry菜/n呀/y，/wd回去/v还/d得/ude3想/v着/uzhe晚上/t该/rz做/v什么/ry了/y。/wj
嗯/e，/wd就/d这些/rz事儿/n。/wj
嗯/e，/wd回家/vi之后/f呢/y，/wd就/d赶紧/d地/ude2忙/v饭/n。/wj
吃/v完/vi饭/n以后/f有时候/d儿/k看看/v电视/n什么/ry的/ude1。/wj
嗯/e，/wd尤其/d是/vshi前/f些/q日子/n看/v那/rzv个/q，/wd嗯/e，/wd挺/d喜欢/vi看/v那/rzv个/q《/wkz四世同堂/vl》/wky的/ude1。/wj
看/v完/vi了/ule之后/f，/wd觉着/v拍/v得/ude3还/d行/vi，/wd挺/d好/a的/ude1。/wj
嗯/e，/wd一般/a的/ude1就/d这些/rz事儿/n。/wj
…/ws
…/ws
反正/d就/d是/vshi，/wd现在/t反正/d感觉/v着/uzhe现在/t买/v菜/n比较/d困难/an。/wj
嗯/e，/wd物价/n这/rzv方面/n儿/k也/d不/d一定/d。/wj
有时候/d儿/ng公家/n的/ude1菜/n吧/y，/wd嗯/e，/wd那个/rz，/wd有的/rz呢/y是/vshi便宜/a一些/mq个/q，/wd嗯/e，/wd有的/rz呢/y是/vshi，/wd还/d没有/d自由/a市场/n的/ude1这个/rz便宜/a，/wd所以/c有时候/d儿/ng我们/rr就/d愿意/v上/vf自由市场/n去/vf买/v菜/n。/wj
自己/rr也/d可以/v挑/v，/wd也/d可以/v到/v那儿/rzs呢/y，/wd那/rzv个/q什么/ry，/wd瞧/v什么/ry东西/n也/y，/wd也/d便宜/a一点儿/mq啊/y，/wd实惠/a一点儿/mq呀/y。/wj
嗯/e，/wd就/d看/v一/m看/v这些/rz个/q。/wj
反正/d是/vshi越/d便宜/a越/d好/a。/wj
因为/p工人/n的/ude1生活/vn比较/vn，/wd不/d是/vshi那么/rz挺/d富裕/a的/ude1，/wd自己/rr还/d得/ude3要/v算算/v自己/rr的/ude1日子/n。/wj
反正/d，/wd反正/d到/v下午/t呢/y，/wd自由市场/n上人/n比较/d多/a，/wd菜/n也/d多/a，/wd东西/n也/d挺/d多/a的/ude1。/wj
嗯/e，/wd买/v的/ude1人/n也/d特别/d多/a。/wj
我/rr看/v比/p公家/n的/ude1那个/rz菜摊/n儿/ng上头/f都/d挺/d热闹/a的/ude1。/wj
文化/n娱乐/vn这/rzv方面/n儿/ng呢/y，/wd反正/d我/rr也/d不/d怎么/ryv爱/v参加/v。/wj
就/d听/v，/wd反正/d现在/t也/d是/vshi比/p过去/t是/vshi要/v活跃/v一些/mq个/q。/wj
有的/rz晚上/t有/vyou舞会/n的/ude1地/n儿/ng呀/y，/wd或者/c有/vyou那/rzv个/q什么/ry，/wd看/v录/ng相/d的/ude1地/n儿/ng呀/y。/wj
嗯/e，/wd电影/n儿/ng院/n有时候/d儿/k有/vyou什么/ry新/a的/ude1电影/n儿/ng，/wd反正/d买/v票/n也/d挺/d不好/a买/v的/ude1，/wd排队/vi人/n儿/k也/d挺/d多/a。/wj
我/rr那/rzv小/a孩儿/n喜欢/vi跳舞/vi。/wj
反正/d，/wd哎/e，/wd一/m到/v有/vyou跳舞/vi的/ude1时候/n儿/ng，/wd时间/n嘛/y，/wd他/rr就/d，/wd嗯/e，/wd去/vf那/rzv什么/ry找/v找/v伴儿/n，/wd跳/vi跳舞/vi。/wj
像/p我们/rr这么/rz大/a岁数/n儿/ng，/wd玩儿/v基本/a上/f，/wd都/d什么/ry了/y，/wd孩子/n都/d大/a了/y。/wj
哎/e，/wd孩子/n，/wd有时候/d儿/ng，/wd那/rzv什么/ry，/wd爱/v看/v看/v，/wd爱/v跳舞/vi爱/v玩儿/v玩儿/v什么/ry的/ude1。/wj
这/rzv是/vshi一般/a的/ude1，/wd别的/rzv什么/ry。/wj
那/c我们/rr这/rzv女/b孩儿/n也/d不/d喜欢/vi，/wd一般/ad都/d是/vshi三班倒/vl。/wj
她/rr一般/a的/ude1上/f下班/vi时间/n都/d是/vshi比较/d那/rzv什么/ry的/ude1。/wj
嗯/e，/wd也/d是/vshi三班倒/vl都/d有/vyou规律/n，/wd上/f什么/ry班/n儿/ng伍/m的/ude1回来/v以后/f，/wd也/d帮/v着/uzhe家里/s头/n做/v做/v家务/n，/wd她/rr不/d怎么/ryv爱/v那个/rz什么/ry，/wd玩儿/v。/wj
嗯/e，/wd我们/rr这个/rz儿子/n就/d是/vshi，/wd就/d是/vshi，/wd他/rr现在/t一般/uyy的/ude1，/wd参加/v夜市/n那个/rz什么/ry，/wd裁剪/v。/wj
嗯/e，/wd礼拜三/t，/wd礼拜/n，/wd礼拜一/t礼拜三/t，/wd嗯/e，/wd要/v上/f裁剪/v课/n去/vf。/wj
是/vshi礼拜二/t礼拜四/t礼拜五/t礼拜六/t礼拜日/t，/wd都/d是/vshi到/v夜市/n去/vf裁剪/v。/wj
裁剪/v那儿/rzs具体/a我/rr也/d没/v怎么/ryv去/vf过/uguo。/wj
反正/d据/p听说/v吧/y，/wd人/n挺/d多/a的/ude1，/wd裁/v活儿/n的/ude1人/n也/d特别/d多/a。/wj
这个/rz他们/rr呢/y每天/r都/d是/vshi到/v九点/m，/wd十点/m来/vf钟/n才/d回/v来/vf呢/y。/wj
