有时候/d儿/ng，/wd就是/v活儿/n不/d太/d多/a呢/y就/d回/v来得/vi早/a一些/mq个/q。/wj
嗯/e，/wd就/d那个/rz什么/ry，/wd参加/v娱乐/vn活动/vn玩儿/v一/m玩儿/v，/wd看看/v电影/n儿/k录/v相/d什么/ry的/ude1，/wd跳/vi跳舞/vi。/wj
有时候/d儿/k还/d，/wd晚上/t天气/n热/a，/wd有时候/d儿/ng晚上/t回来/v之后/f，/wd就/d，/wd在/p路灯/n下/f玩儿/v玩儿/v牌/n呀/y，/wd打/v打/v扑克/n儿/ng。/wj
交通/n反正/d，/wd上/f个/q礼拜三/t，/wd我/rr去/vf上/f动物园/n儿/ng那边/rzs儿/ng，/wd嗯/e，/wd北/f洼/a路/n去/vf一/m次/qv，/wd这/rzv坐/v车/n人/n反正/d是/vshi比较/d多/a。/wj
一/m来/f有时候/d儿/k就/d来/vf一/m大/a，/wd一/m大/a溜/v这/rzv十九/m路/qv车/n。/wj
有时候/d儿/k排/v半天/mq队/n，/wd人/n特别/d多/a，/wd完/vi了/ule以后/f，/wd一/m等等/udeng半/m个/q小时/n，/wd就/d没有/v，/wd没有/v车/n。/wj
到/v了/ule那边/rzs儿/ng，/wd倒车/vi的/ude1时候/n儿/ng呢/y，/wd人/n也/d特别/d拥挤/a，/wd且/c等/v呢/y！/wt
一/m等/udeng，/wd什么/ry倒/vi，/wd倒/d那个/rz三百三十四/m路/qv，/wd我们/rr跟/p那儿/rzs等/v车/n就/d等/v了/ule那个/rz什么/ry，/wd二十/m多/m分钟/qt。/wj
我/rr觉着/v，/wd我们/rr现在/t，/wd我们/rr这/rzv院/n儿/ng里头/f有些/rz个/q挺/vi，/wd那/rzv那个/rz什么/ry。/wj
有/vyou的/ude1那个/rz回来/v之后/f吧/y，/wd家里/s头/n的/ude1事儿/n也/d挺/d多/a的/ude1，/wd对于/p孩子/n这/rzv方面/n儿/k教育/v挺/d差/a的/ude1。/wj
所以/c对/p孩子/n影响/vn也/d很/d那/rzv什么/ry。/wj
一/m天/qt净/d说三道四/vl的/ude1呀/y，/wd东/f家/n串/q西/b家/n串/q的/ude1呀/y，/wd这些/rz事儿/n也/d挺/d那/rzv什么/ry。/wj
嗯/e，/wd尤其/d是/vshi跟/p那个/rz街坊/n互相/d之间/f吵架/vi。/wj
因为/p一点儿/mq小/a事儿/n，/wd互相/d之间/f就/d骂/v起来/vf了/y。/wj
还有/v的/ude1…/ws
…/ws
交通/n呢/y，/wd这/rzv方面/n儿/k哈/v。/wj
交通/n呢/y，/wd在/p这/rzv方面/n儿/ng，/wd我们/rr一般/a的/ude1都/d是/vshi走/v着/uzhe上班/vi，/wd嗯/e，/wd解/v这儿/rzs到/v牛街/ns。/wj
坐/v车/n的/ude1时间/n很/d少/a。/wj
所以/c有时候/d儿/k就/d赶上/v挺/d多/a的/ude1，/wd一/m溜/v，/wd有时候/d儿/ng呢/y就/d没有/v车/n。/wj
反正/d是/vshi在/p车站/n上/f等/v着/uzhe是/vshi挺/d拥挤/a的/ude1，/wd人/n。/wj
等/v车/n挺/ag，/wd挺/d急/a的/ude1，/wd有的/rz时候/n儿/k也/d也/d磨/v烦/a。/wj
您/rr瞧/v，/wd嗯/e，/wd时间/n全都/d浪费/v在/p路/n儿/ng上/vf了/y。/wj
一/m等/udeng车/n，/wd等/udeng多/m长/a多/a长时间/n。/wj
有时候/d儿/k赶/v顺/v了/ule吧/y，/wd时间/n还/d好/a一点儿/mq。/wj
越/d着急/a等/v着/uzhe上班/vi，/wd越/b车/n也/d不/d来/vf，/wd挺起/v急/a的/ude1。/wj
H01/x男/b73/m小学/n工人/n满/vAJH01/x住房/n，/wd我们/rr这/rzv是/vshi在/p旗/n的/ude1呀/y，/wd是/vshi，/wd就/d是/vshi三/m间/q房/n。/wj
不管/c多少/ry口/n儿/ng人/n，/wd一/m间/q，/wd两/m间/q，/wd三/m间/q房/n，/wd这/rzv是/vshi公房/n，/wd就是/v那/rzv是/vshi八旗/n嘛/y，/wd是/vshi哇/y。/wj
嗯/e，/wd嗯/e我们/rr是/vshi蓝/a旗/n，/wd有/vyou个/q厢/ng蓝/a，/wd是/vshi哇/y。/wj
厢/ng红/a，/wd正/d红/a，/wd厢/ng白/a，/wd正/d白/a，/wd嗯/e，/wd还有/v一个/mq正/d红/a，/wd还有/v一个/mq厢/ng红旗/n就/d在/p就/d在/p那个/rz，/wd万/m寿山/ns后头/f那儿/rzs。/wj
那边/rzs儿/ng是/vshi红旗/n。/wj
我们/rr这/rzv厢/q，/wd厢/ng蓝/a旗/n呢/y，/wd在/p蓝靛/n厂/n的/ude1那边/rzs儿/ng拉/v，/wd那边/rzs儿/ng拉/v，/wd是/vshi这么/rz个/q事儿/n。/wj
我们/rr是/vshi蓝/a旗/n，/wd就/d在/p这/rzv此地/s。/wj
啊/y，/wd这/rzv房/n啊/y，/wd就/d是/vshi三/m间/q，/wd一/m条/q脊/x，/wd这/rzv都/d这/rzv都/d房子/n都/d改/v了/y。/wj
从前/t，/wd都/d是/vshi，/wd都/d是/vshi一/m巷子/n一/m巷子/n的/ude1，/wd再不/d价/n都/d是/vshi一/m亩/q三分/m地/n，/wd这/rzv叫/vi。/wj
有/vyou个/q后院/n儿/ng，/wd一直/d到/v门口/s儿/ng。/wj
那/rzv是/vshi一/m亩/q三分/m地/n，/wd都/d是/vshi，/wd尺寸/n都/d是/vshi一样/a的/ude1。/wj
就/p这么/rz个/q情况/n。/wj
房钱/n不/d给/v，/wd哎/e，/wd不/d给/p房钱/n。/wj
我们/rr也/d吃/v俸/nr1，/wd那/rzv叫/vi吃/v俸/nr1，/wd就/d是/vshi拿/v钱/n粮/n。/wj
嗯/e，/wd大/a口/q小/a口/n是/vshi每人/r一/m斗/q米/q，/wd五十/m斤/q，/wd嗯/e。/wj
我/rr嘛/y，/wd生活/vn方面/n儿/ng呢/y，/wd这/rzv房子/n情况/n儿/k就是/v这样/rzv儿/ng，/wd是/vshi公房/n，/wd就是/v阴阳/b瓦/n的/ude1公房/n，/wd是/vshi哇/y，/wd漏/v了/y，/wd坏/v了/ule有/vyou人/n修/v，/wd就/d是/vshi国家/n的/ude1，/wd不/d是/vshi国家/n的/ude1，/wd那/rzv就/d是/vshi万/m寿山/ns恐怕/d有/vyou个/q过去/t有/vyou个/q，/wd也/d有/vyou个/q管/v这/rzv玩艺/n儿/k的/ude1，/wd房子/n，/wd哎/e，/wd是/vshi这样/rzv儿/ng。/wj
房/n就/d是/vshi这么/rz个/q情况/n，/wd啊/y，/wd就/d是/vshi三/m间/q房/n，/wd啊/y。/wj
阴阳/b瓦/n，/wd三/m间/q房/n，/wd现在/t不/d，/wd现在/t不/d是/vshi啦/y，/wd现在/t这/rzv房子/n早就/d坍塌/vi早/a坏/a了/y，/wd它/rr，/wd怎么/ryv没/d有/vyou了/y，/wd就/d。/wj
这/rzv半/m间/q，/wd这/rzv半/m间/q。/wj
他们/rr住/vi那/rzv一/m间/q半/m。/wj
他/rr住/vi那/rzv半/m间/q儿/ng，/wd他/rr住/vi那/rzv半/m间/q，/wd这/rzv是/vshi三/m间/q房子/n二/m劈/x，/wd这/rzv是/vshi。/wj
我/rr住/vi的/ude1前边/f儿/ng，/wd他/rr住/vi的/ude1后/f半/m间/q儿/ng。/wj
是/vshi吧/y，/wd我/rr这/rzv不/d这/rzv一/m间/q吗/y?/ww
那边/rzs儿/ng拉/v也/d是/vshi一/m间/q给/v劈/x开/v了/y，/wd我/rr住/vi这边/rzs儿/ng了/y，/wd他/rr住/vi那/rzv后/f半/m拉/v，/wd他/rr住/vi一/m间/q半/m。/wj
这/rzv是/vshi三/m间/q房子/n。/wj
这/rzv是/vshi房管/vn局/n的/ude1房子/n。/wj
那边/rzs儿/ng姓/v焦/a家/n，/wd那边/rzs儿/ng拉/v他/rr不/d是/vshi此地/s人/n，/wd他/rr是/vshi外县/n人/n。/wj
现在/t人口/n儿少/n了/y，/wd现在/t就/p我们/rr老/a两口儿/n了/y。/wj
都/d是/vshi有/vyou工作/vn的/ude1了/y。/wj
嗯/e，/wd有/vyou结婚/vi的/ude1了/y。/wj
姑娘/n结婚/vi了/y。/wj
儿/ng儿子/n吗/y，/wd有/vyou宿舍/n了/y。/wj
就/p我们/rr老/a两口儿/n了/y，/wd现在/t就/d。/wj
给/p我们/rr小姑/n娘儿/n看/v小/a孩儿/n呢/y，/wd在/p清华园/ns儿/n那儿/rzs呢/y。/wj
身体/n呀/y，/wd身体/n都/d差不多/al。/wj
我们/rr这/rzv一般/a的/ude1岁数/n儿/ng呀/y，/wd要/v我/rr父亲/n死/v的/ude1时候/n儿/k就/d是/vshi八十四/m。/wj
我/rr母亲/n死/v的/ude1是/vshi八十一/m。/wj
那/rzv是/vshi，/wd我/rr姐姐/n死/v的/ude1也/d是/vshi八十/m，/wd也/d就/d八十/m的/ude1边/n儿/ng上/vf吧/y。/wj
我/rr二/m姐/n也/d是/vshi七十八/m死/a的/ude1。/wj
到/p我/rr这儿/rzs呢/y，/wd刚/d七十三/m，/wd看/v起来/vf就/d不行/a了/y，/wd跟不上/v那/rzv时候/n儿/ng了/y，/wd不行/a了/y。/wj
嗯/e情况/n，/wd生活/vn情况/n儿/k就/d是/vshi这么/rz个/q情况/n儿/ng。/wj
我们/rr这儿/rzs呀/y，/wd拿/v我/rr这儿/rzs哈/b儿/n呀/y，/wd好/a喝/vg点儿/q酒/n，/wd好/d抽/v点儿/q烟/n，/wd哎/e，/wd就/d这/rzv提/v这/rzv点儿/q精神/n呢/y！/wt
这/rzv是/vshi人所共知/bl的/ude1事儿/n啊/y。/wj
这/rzv生活/vn情况/n儿/ng吗/y，/wd是/vshi吧/y，/wd哎/e也/d就/d这/rzv支持/v。/wj
反正/d家庭/n生活/vn负担/n那/rzv是/vshi没有/v。/wj
没有/v负担/n了/y。/wj
我/rr有/vyou退休费/n，/wd啊/y，/wd老伴儿/n是/vshi家庭妇女/nl，/wd有/vyou孩子/n们/k养/v，/wd供养/v着/uzhe。/wj
我们/rr老伴儿/n身体/n挺/d好/a，/wd她/rr，/wd她/rr比/p我/rr，/wd她/rr比/p我/rr小/a，/wd小/a一点儿/mq。/wj
