那/rzv阵/ng儿/ng多少/ry钱/n啁/x，/wd五百/m块/q钱/n吧/y换/v一/m块/q钱/n。/wj
看/v那/rzv家伙/n！/wt
横/v我/rr带/v了/ule一/m共/d是/vshi二百/m块/q钱/n吧/y，/wd我/rr记得/v。/wj
完/vi了/y！/wt
就/d吃/v这/rzv亏/v了/y。/wj
住/vi旅馆/n，/wd我/rr顺/v打/v春/tg，/wd到/v汉口/ns奔/v这个/rz，/wd什么/ry这个/rz京汉路/nr啊/y，/wd坐/v京/b汉/b路/n到/v北京/ns来/f，/wd结果/d到/v花园/n儿/ng那儿/rzs就/d走/v，/wd这/rzv车/n呀/y，/wd不/d通/v了/y。/wj
就/p这/rzv共产党/n跟/p那个/rz，/wd那个/rz，/wd那个/rz，/wd那/rzv叫/vi樊城/ns吧/y，/wd花园/n儿/ng，/wd那/rzv一带/n，/wd嗬/x，/wd桥/n炸/v了/y，/wd也/d不/d成/v了/y，/wd把/pba我/rr跋/ng在/p那儿/rzs了/y。/wj
怎么办/ryv?/ww
回/v也/d回/v不/d来/vf。/wj
走/v，/wd往/p那么/rz走走/v不/d了/y。/wj
这/rzv那儿/rzs有/vyou旅馆/n住/vi旅馆/n吧/y，/wd好/a，/wd晚上/t他/rr妈/n查/v旅馆/n。/wj
你/rr瞧/v这/rzv倒霉/a劲儿/n，/wd我/rr告诉/v你/rr。/wj
我/rr带/v着/uzhe那么/rz一/m个/q柳条/n儿/k包/v，/wd行李/n，/wd带/v，/wd等/udeng，/wd带/v着/uzhe不少/m钱/n，/wd查/v旅馆/n，/wd一/m检查/vn，/wd好/a，/wd现洋/n犯/v了/ule法/n了/y。/wj
他/rr说/v我/rr是/vshi八路军/n探子/n，/wd好/a，/wd好/a，/wd好家伙/e!/wt
挨/v一/m通/v儿/k打/v还/d不/d说/v，/wd把/pba我/rr弄/v走/v了/y。/wj
蹲/v了/ule一/m夜/qt，/wd一/m天/qt一/m夜/qt，/wd让/v我/rr当兵/vi。/wj
他/rr就/d问/v我/rr，/wd合/v着/uzhe给/p我/rr出/vf主意/n，/wd问/v你/rr当兵/vi不当/a。/wj
哎哟/e，/wd我/rr的/ude1妈/n呀/y！/wt
我/rr说/v他妈的/vl，/wd当兵/vi不当/a，/wd我/rr要/v不/d当/v呢/y，/wd我/rr心里/s说/v，/wd考虑/v问题/n呀/y，/wd不/d听/v枪毙/v!/wt
你/rr八路军/n探子/n。/wj
跟/p你/rr这儿/rzs老/d说/v这个/rz。/wj
当兵/vi吧/y!/wt
当兵/vi吧/y!/wt
就/d是/vshi啊/y，/wd我/rr冬天/t哪/ry，/wd我/rr连/d给/p我/rr一/m双/q袜子/n，/wd连/ulian一/m双/q袜子/n都/d没/d给/v。/wj
全/d认/v了/ule-/n，/wd全/d吹/v了/y。/wj
就/d跟/v这/rzv，/wd这么/rz一/m转/v，/wd转/v了/ule横/dg有/vyou二年/m多/m，/wd这/rzv是/vshi四六年/m的/ude1事儿/n了/y。/wj
四五年/m歹/ag四六年/m，/wd四五年/m末/f，/wd可能/v是/vshi，/wd四五年/m四五年/m末/f。/wj
什么/ry襄阳/ns，/wd樊城/ns啊/y，/wd什么/ry蔡/nr1县/n哪/ry，/wd信阳/ns呀/y，/wd驻马店/ns哪/ry，/wd南阳/ns啊/y，/wd这么/rz转/v哪/ry，/wd也/d一/m，/wd我/rr也/d净/d想/v开小差/vi儿/ng跑/v，/wd跑/v不/d了/y啊/y！/wt
怎么/ryv跑/v啊/y?/ww
你/rr说穿/vi这/rzv军衣/n，/wd他/rr妈/n就/d混/x，/wd兵荒马乱/vl的/ude1，/wd逮/v着/uzhe就/d枪毙/v了/y！/wt
那/rzv逮/v着/uzhe就/d枪毙/v呀/y那/rzv玩艺/n儿/ng。/wj
这/rzv是/vshi真/a的/ude1，/wd逮/v着/uzhe就/d枪毙/v！/wt
哦/o呀/y，/wd嗬/x，/wd好家伙/e，/wd跑/v，/wd晚上/t走/v，/wd你/rr东南/f西北/s都/d不/d知道/v，/wd往/p哪儿/rys跑/v，/wd穿着/n身/ng儿/ng破/v军衣/n，/wd往/p哪儿/rys跑/v啊/y你/rr?/ww
是/vshi吧/y，/wd没/v地/n儿/k跑/v啊/y，/wd一/m瞅/v着/uzhe你/rr就/d不/d灵/a啊/y！/wt
哎/e，/wd就/d，/wd到/v哪儿/rys了/y?/ww
到/p安徽/ns了/y。/wj
淮海战役/nz呀/y那/rzv是/vshi四八年/m了/y吧/y?/ww
是/vshi四八年/m，/wd淮海战役/nz。/wj
好/a，/wd逮捕/v了/y，/wd被/pbei围/v了/y，/wd被/pbei围/v了/y。/wj
没有/d吃/v，/wd四十/m多/m天/qt都/d没有/v饭/n吃/v，/wd连/ulian水/n都/d没有/v。/wj
结果/n我/rr带/v着/uzhe几/m个/q人/n哪/ry，/wd一块儿/d私奔/vi去/vf了/y。/wj
反正/d这/rzv点儿/q事/n，/wd不/d应该/v跟/p你/rr说/v，/wd说/v实在/d也/d没关系/vl。/wj
我/rr那/rzv档/q案/x上/f都/d有/vyou，/wd都/d写/v着/uzhe呢/y。/wj
啧/e，/wd我/rr说/v咱们/rr这儿/rzs死/v啊/y，/wd咱们/rr是/vshi他/rr妈/n冲/v出/vf去/vf死/v?/ww
我/rr就/d跟/p我们/rr那/rzv几/m个/q人/n在/p一/m沟/n儿/ng里头/f，/wd那大/ns平地/n，/wd要/v落/v了/ule一/m炮/n殚/x，/wd不/d定/v打/v着/uzhe几/m个/q呢/y!/wt
都/d挤/v在/p那个/rz荒/ng堆/v——/wp那/rzv叫/vi双飞/nr2集/vg呀/y，/wd都/d挤/v在/p那个/rz地方/n儿/ng了/y，/wd好几/m十/m万/m人/n。/wj
你/rr就/d来/vf一/m炮/n殚/x，/wd他/rr妈/n就/d得/v，/wd就/d得/ude3撂/v倒/vi几/m个/q，/wd都/d在/p那/rzv麦地/n里/f就/d挖/v一/m小/a沟/n儿/ng，/wd就/d那么/c偎/vi着/uzhe，/wd飞机/n来/vf了/y，/wd扔/v米/q，/wd扔/v大米/n。/wj
几/m个/q他妈的/vl，/wd让/v他们/rr抢/v去/vf，/wd我/rr负伤/vi了/y，/wd负伤/vi了/y。/wj
负伤/vi怎么办/ryv呢/y?/ww
我/rr说/v咱们/rr走/v出/vf去/vf吧/y。/wj
说/v顺/v哪儿/rys走/v啊/y?/ww
说/v听/v哪儿/rys喊/v呢/y，/wd哪儿/rys声音/n近/v你/rr就/d往/p哪儿/rys跑/v，/wd就/d顺/v那儿/rzs出/vf。/wj
这儿/rzs喊/v了/ule：/wm“/wyz交/v枪/n吧/y，/wd交/v枪/n这个/rz那/rzv，/wd优待/v你们/rr啊/y，/wd绝对/d不/d杀/v。/wj
到/p这儿/rzs的/ude1，/wd有/vyou，/wd有/vyou饭/n吃/v，/wd有/vyou烟/n抽/v。/wj
”/wyy这个/rz那个/rz，/wd嗬/x，/wd一/m天/qt这/rzv天天/q儿/ng喊/v哪/ry，/wd那/rzv四面八方/nl都/d喊/v，/wd这/rzv，/wd都/d活/v了/ule心/n了/y。/wj
走/v吧/y，/wd干脆/d！/wt
晚上/t啊/y，/wd就/d顶/v到/v后/f夜/tg了/y吧/y，/wd我们/rr就/d慢慢/d儿/k爬/v，/wd还有/v一/m道/qv沟/n呢/y，/wd一道/d河沟/n儿/ng呢/y。/wj
那儿/rzs最/d严密/a。/wj
我们/rr一共/d是/vshi七/m个/q。/wj
记/v着/uzhe是/vshi七/m个/q，/wd是/vshi八/m个/q是/vshi七/m个/q?/ww
我/rr就/d爬/v过/uguo河沟/n儿/ng去/vf了/y。/wj
嗬/x，/wd我们/rr这/rzv几/m个/q全/a过来/vf了/y，/wd倒是/d。/wj
刚/d一/m过来/vf啊/y，/wd后边/f就/d呱唧/o起来/vf了/y，/wd好家伙/e!/wt
呱唧/o了/y，/wd打倒/v仨/m，/wd有/vyou俩/m负伤/vi的/ude1，/wd连/ulian我/rr，/wd仨/m负伤/vi的/ude1。/wj
刚/d一/m，/wd就/d，/wd转/v过/uguo一/m道/qv弯/v儿/ng来/f，/wd就/d，/wd就/d顺/v这儿/rzs到/v门口/s儿/n这么样/r儿/ng一/m转弯/vi儿/ng，/wd“/wyz哎/e，/wd同志/n，/wd那/rzv欢迎/v啊/y!/wt
过/d来/vf!/wt
”/wyy立刻/d我/rr就/d害怕/v了/y。/wj
“/wyz不要紧/vl，/wd咱们/rr都/d是/vshi…/ws
…/ws
”/wyy怎么/ryv怎么/ryv回/v事/n一/m说/v。/wj
说/v，/wd走/v呗/y，/wd吃饭/vi!/wt
那/rzv，/wd那儿/rzs煮/v白薯/n啊/y。/wj
嗬/x，/wd这/rzv肚子/q饿/a的/ude1！/wt
“/wyz哈/b咳/v呀/y！/wt
大/a*/x*/x的/ude1，/wd你/rr卷/v棵/q烟/n抽/v！/wt
”/wyy那/rzv卷/q大炮/n啊/y，/wd那/rzv叫/vi。/wj
“/wyz抽/v！/wt
抽/v！/wt
”/wyy嗬/x！/wt
我/rr说/v这/rzv怎么/ryv那么着/r，/wd别/d回/v再/d杀/v咱们/rr，/wd别/d这/rzv，/wd吃/v饱/a了/y，/wd喝/vg足/a了/ule的/ude1，/wd说/v“/wyz放心/v，/wd不/d会/v，/wd他/rr造谣/vi呢/y！/wt
”/wyy怎么/ryv怎么/ryv回/v事儿/n。/wj
还/d真/d不/d错/v，/wd吃/v饱/a了/ule找/v一个/mq，/wd一/m人/n给/p一/m床/q被卧/n，/wd“/wyz你们/rr先/d休息/v睡觉/vi，/wd知道/v你们/rr没/d睡觉/vi呢/y!/wt
”/wyy一/m，/wd走/v了/ule二/m里/q多/a路/n，/wd找/v一/m地方/n儿/ng一/m睡觉/vi。/wj
第二/m天/qt看/v都/d负伤/vi的/ude1这个/rz都/d雇/v个/q牛车/n，/wd拉/v后方/s医院/n，/wd哎/e，/wd到/v医院/n去/vf了/y，/wd治/v了/ule估摸/v——/wp我们/rr那儿/rzs住/vi了/ule横/dg有/vyou四/m个/q多/a月/n吧/y。/wj
