实现/v了/ule嘛/y。/wj
这/rzv从/p前/f，/wd我们/rr不/d是/vshi那/rzv小姑/n娘儿/n么/y?/ww
谁/ry逗/v你/rr似的/uyy，/wd那会儿/rzt您/rr，/wd您/rr能/v领会/v得到/v吗/y?/ww
您/rr政治/n觉悟/n有/vyou您/rr有/vyou那么/rz高/a吗/y？/ww
无不/d这/rzv几/m年/qt您/rr反应/vi起/vf，/wd您/rr不错/a能/v记住/v几/m句/q，/wd是/vshi不/d是/vshi？/ww
要/v现在/t我们/rr学/v这/rzv东西/n，/wd跟/p您/rr说/v，/wd您/rr一百/m个/q您/rr也/d不/d爱/v听/v，/wd您/rr不/d爱/v听/v。/wj
哎/e*/x我/rr不/d懂/v哪/ry，/wd您/rr说/v这/rzv玩艺/n儿/k！/wt
是/vshi不/d是/vshi吗/y？/ww
就/d是/vshi这么/rz个/q事儿/n。/wj
福利/n我们/rr就/d拿/v退休费/n，/wd就/d退休/v。/wj
我/rr拿/v三十/m，/wd四十/m，/wd四十三/m块/q八/m毛/q五/m，/wd每月/r。/wj
没有/v别的/rzv。/wj
您/rr问/v她/rr呀/y，/wd哦/e问/v她/rr呀/y，/wd哦/e，/wd这/rzv不/d是/vshi，/wd不/d是/vshi瞎说/v，/wd没/v，/wd什么/ry也/d没有/v。/wj
福利/n，/wd他们/rr福利/n，/wd他们/rr，/wd他们/rr有/vyou吧/y，/wd他们/rr有/vyou，/wd没有/v我们/rr的/ude1，/wd与/p我们/rr，/wd与/p我们/rr俩/m没有/v关系/n呀/y，/wd没关系/vl。/wj
就/d是/vshi他们/rr挣钱/vi儿/ng多/a了/y啊/y，/wd哎/e，/wd给/p他/rr母亲/n点儿/q，/wd我/rr也/d不要/d，/wd像/p这/rzv我/rr不/d跟/p他们/rr要/v钱/n。/wj
哎/e，/wd给/p他/rr母亲/n点儿/q，/wd这/rzv给/v个/q十/m块/q，/wd那/rzv给/p五/m块/q的/ude1，/wd哎/e，/wd这样/rzv儿/ng。/wj
H08/x女/b64/m文盲/n家庭妇女/nl汉/bAHL10JH04/x以前/f住房/n我们/rr是/vshi，/wd跟/p我们/rr这个/rz公公/n婆婆/n啊/y，/wd都/d在/p一起/s。/wj
在/p一起/s住/vi的/ude1，/wd就/d是/vshi，/wd那么/c，/wd就/d住/vi的/ude1是/vshi这/rzv老家/n儿/k的/ude1房子/n是/vshi啊/y。/wj
后来/t呢/y，/wd解放/v，/wd解放/v前夕/f那年/t，/wd解放/v前夕/f那年/t，/wd解放/v前夕/f那年/t呢/y，/wd嗯/e，/wd我/rr那/rzv娘家/n父亲/n呢/y，/wd他/rr是/vshi种地/vi的/ude1，/wd农民/n。/wj
那/rzv解放/v前夕/f呢/y，/wd农民/n呢/y，/wd租/v的/ude1地/n，/wd租/v地/n主/ag的/ude1地/n，/wd嗯/e，/wd种/v完/vi以后/f呢/y，/wd嗯/e，/wd交/v完/vi他/rr租/v子/ng归/v自己/rr处理/v。/wj
后来/t我/rr父亲/n说/v呢/y，/wd嗯/e，/wd我/rr爱/v人/n呢/y，/wd他/rr也/d没有/d正/d，/wd正经/a的/ude1职业/n，/wd没有/d正经/a职业/n，/wd成天/d反正/d是/vshi临时工/n，/wd什么/ry都/d干/v。/wj
后来/t我/rr父亲/n说/v呢/y，/wd他/rr说/v，/wd你们/rr这么着/r，/wd嗯/e，/wd就/d跟/p我们/rr那个/rz婆婆/n家/q就/d，/wd就/d分/v，/wd分/qt，/wd分开/vi了/y，/wd分家/vi了/y。/wj
分家/vi以后/f呢/y，/wd说/v你们/rr这么/rz租/v房/n住/vi，/wd也/d挺/d困难/a的/ude1。/wj
说/v最/d好/a呢/y，/wd自个儿/rr有/vyou两/m间/q房/n，/wd甭管/c好赖/n呢/y，/wd有的/rz住/vi，/wd哎/e，/wd甭管/c干/v什么/ry呢/y，/wd能/v有/vyou地/n儿/k趴/v着/uzhe，/wd就/d这么/rz个/q意思/n。/wj
后来/t我/rr父亲/n呢/y，/wd那年/t啊/y，/wd解放/v前夕/f那年/t，/wd嗯/e，/wd就/d，/wd嗯/e，/wd收/v了/ule点儿/q稻子/n。/wj
那年/t收/v得/ude3不错/a，/wd收/v得/ude3挺/d好/a的/ude1。/wj
交/v完/vi地主/n的/ude1那/rzv粮/n呢/y，/wd嗯/e，/wd剩/v点儿/q。/wj
剩/v了/ule点儿/n呢/y，/wd后来/t就/d说/v呀/y，/wd你们/rr拿/v这个/rz先/d去/vf啊/y，/wd把/qv，/wd买/v两/m间/q房子/n，/wd先/d凑合/v着/uzhe住/vi着/uzhe。/wj
哎/e，/wd反正/d甭管/c干什么/vi的/ude1，/wd有/vyou地/n儿/k住/vi，/wd是/vshi哇/y，/wd有/vyou地/n儿/k住/vi。/wj
那么/rz着/uzhe我/rr父亲/n就/d把/pba这个/rz，/wd那/rzv粮食/n呢/y，/wd卖/v了/y，/wd就/d给/p我们/rr买/v了/ule这/rzv，/wd这/rzv三/m间/q房/n，/wd买/v了/ule这/rzv三/m间/q房/n。/wj
买/v了/ule还是/c，/wd不/d是/vshi，/wd卖/v，/wd那会儿/rzt还/d是/vshi就/d拿/v这个/rz米/q买/v的/ude1，/wd稻米/n啊/y。/wj
那会儿/rzt那个/rz京西/ns稻/ng，/wd就/d拿/v京西/ns稻/ng买/v的/ude1。/wj
六/m个/q，/wd六/m，/wd六/m包/q米/q，/wd买/v的/ude1这个/rz三/m间/q房/n，/wd六/m包米/n买/v的/ude1三/m间/q房/n。/wj
我们/rr呢/y，/wd哎/e，/wd住/vi着/uzhe这/rzv三/m间/q房/n就/d跟/p我们/rr那/rzv老太太/n那/rzv就/d分开/vi了/ule好几/m年/qt了/y，/wd分开/vi好几/m年/qt了/y。/wj
住/vi着/uzhe呢/y，/wd哎/e，/wd后来/t呢/y，/wd嗯/e，/wd我们/rr那/rzv爱/v人/n哪/ry，/wd他/rr也/d有/vyou了/ule正经/a职业/n啊/y，/wd找/v了/ule一/m正经/a职业/n。/wj
后来/t他/rr又/d呢/y，/wd嗯/e，/wd利/n，/wd利用/v那/rzv休息/v时间/n，/wd做/v点儿/q什么/ry，/wd沙发/n，/wd就/d这/rzv沙发/n什么/ry的/ude1，/wd过去/t就/d给/p人家/rr做/v这/rzv沙发/n。/wj
他/rr，/wd这/rzv木匠/n活儿/n他/rr不/d去/vf。/wj
他/rr就/d光/d绷/v这个/rz，/wd钉/v这/rzv沙发/n呀/y，/wd面/n儿/ng呀/y什么/ry的/ude1，/wd绷/v这个/rz。/wj
然后/c就/d跟/p那个/rz什么/ry，/wd那个/rz清华/nz里边/f儿/ng啊/y，/wd有/vyou一个/mq仁/ag和/cc的/ude1木/a厂/n，/wd嗯/e，/wd还有/v北大/n这儿/rzs，/wd那个/rz木/ng厂/n。/wj
他/rr就/d跟/v那/rzv木/a厂/n啊/y，/wd做/v了/ule一时/t期/ng临时工/n。/wj
他/rr呢/y，/wd跟/p那个/rz嗯/e清华/nz烧锅/n炉/ng，/wd另外/c呢/y，/wd下/vf了/ule夜班/n儿/k什么的/r啊/y，/wd他/rr就/d跟/p他/rr那儿/rzs做/v了/ule一时/t期/ng这个/rz，/wd就/d是/vshi那个/rz临时工/n啊/y，/wd就/d给/p他/rr绷/v这个/rz沙发/n什么/ry的/ude1，/wd绷/v了/ule十/m多/m袋/q儿/ng面/n吧/y。/wj
反正/d挣/vi，/wd那会儿/rzt都/d不/d讲/v要/v钱/n。/wj
要/v钱/n啊/y，/wd那/rzv东西/n太/b毛/n了/y，/wd没有/v什么/ry用/v处/vi，/wd买/v不/d出/vf东/f西/f来/vf，/wd就是/d论/v那/rzv讲/v那/rzv，/wd一/m，/wd一/m袋/q儿/ng面/n一/m天/qt，/wd好/d象是/v。/wj
那/rzv时候/n儿/ng是/vshi，/wd一/m，/wd一/m袋/q儿/ng面/n一/m天/qt哪/y，/wd是/vshi几/m天/qt一/m袋/q儿/ng面/n，/wd那/c我/rr就/d记不清/vl了/y，/wd我/rr记/v不/d好/a了/y。/wj
反正/d就/d跟/p他/rr那儿/rzs吧/y挣/vi了/ule几/m，/wd几/m十/m袋/q儿/ng面/n。/wj
所以/c慢慢/d儿/ng呢/y，/wd哦/e，/wd慢慢/d儿/k一点儿/mq点儿/n的/ude1呢/y，/wd凑/v些/q钱/n慢慢/d儿/k就/d还/d给/p我/rr父亲/n了/y，/wd这/rzv钱/n。/wj
他们/rr啊/y，/wd种地/vi什么/ry的/ude1，/wd用/v的/ude1时候/n儿/ng，/wd凑/v点儿/q就/d还/d给/p他们/rr点儿/q，/wd那么/c着/vi，/wd我们/rr俩/m瞅/v着/uzhe，/wd买/v了/ule这么/rz三/m间/q房子/n，/wd嗯/e。/wj
后来/t呢/y，/wd那儿/rzs住/vi了/ule到/v解放/vn，/wd五/m几/m年/qt是/vshi，/wd五/m几/m年/qt，/wd五七年/m是/vshi五八年/m吧/y，/wd我们/rr那/rzv房子/n就/d清华/nz占/v了/y。/wj
占/v了/ule就/d从/p那边/rzs儿/ng就/d迁移/v到/v这儿/rzs了/y，/wd就/d盖/v的/ude1这儿/rzs，/wd嗯/e，/wd盖/v到/v这儿/rzs来/vf呢/y。/wj
后来/t那边/rzs儿/ng呢/y，/wd哎/e，/wd拆/v完/vi以后/f什么/ry都/d不/d管/v了/y，/wd就/d把/pba那/rzv房子/n给/p你/rr搬/v过来/vf，/wd什么/ry墙/n啦/y，/wd什么/ry一/m，/wd它/rr，/wd其它/rz全/a不/d管/v。/wj
其它/rz就是/v你/rr自己/rr弄/v。/wj
我们/rr搬/v过来/vf以后/f呢/y，/wd就是/v周围/f都/d是/vshi加/v的/ude1篱笆/n障子/n，/wd那会儿/rzt没有/v墙/n。/wj
那/rzv砖头/n什么的/r都/d没法儿/nl弄/v，/wd没有/v车/n你/rr怎么/ryv弄/v啊/y？/ww
也/d没有/v车/n，/wd也/d没有/v什么/ry的/ude1，/wd没法儿/nl弄/v。/wj
