我们/rr那/rzv西边/f儿/k不/d是/vshi有/vyou一个/mq大夫/n吗/y，/wd是/vshi外/f，/wd那/rzv个/q什么/ry，/wd骨科/n的/ude1。/wj
后来/t我/rr就/d去/vf带/v她/rr上/vf那/rzv骨科/n那/rzv大夫/n那儿/rzs，/wd说/v您/rr给/p我们/rr瞧瞧/v，/wd她/rr是/vshi不/d是/vshi扭/v了/ule碰/v了/y。/wj
我/rr说/v她/rr怎么/ryv老/d嚷/v肚子/n疼/a，/wd中西医/n都/d瞧/v了/y，/wd也/d不见/v好/a，/wd老/d嚷/v肚子/n疼/a。/wj
那/rzv大夫/n一/m瞧/v，/wd大夫/n说/v啊/y，/wd您/rr别/d，/wd告诉/v说/v我/rr先/d别/d给/p她/rr动/v，/wd说/v您/rr哪/ry，/wd还/d是/vshi带/v她/rr上/vf大/a医院/n，/wd上/vf大/a医院/n我们/rr检查/v检查/vn，/wd说/v她/rr，/wd别/d回头/vi再/d是/vshi什么/ry盲肠炎/n什么的/r吧/y。/wj
人家/rr这/rzv大夫/n一/m提醒/v儿/ng我/rr，/wd我/rr这/rzv就/d，/wd合/v着/uzhe带/v她/rr上/vf了/y，/wd那/rzv，/wd那/rzv个/q什么/ry海淀/ns医院/n了/y。/wj
到/p海淀/ns医院/n呢/y，/wd人/n一/m检查/vn，/wd她/rr还/d真/d是/vshi盲肠炎/n。/wj
盲肠炎/n那大/ns夫/Rg呢/y。/wj
嗯/e，/wd他/rr就/d没/v。/wj
他/rr说/v的/ude1那/rzv什么/ry，/wd说/v她/rr得/v，/wd那/rzv时候/n儿/ng呢/y，/wd没有/v药/n，/wd就/d得/ude3动/v手术/vi。/wj
他/rr说/v她/rr得/v动手术/vi，/wd说/v呀/y，/wd你/rr呀/y，/wd嗯/e，/wd回家/vi拿/v钱/n去/vf得/ude3了/y，/wd拿/v钱/n回来/v办/v手续/n，/wd哎/e，/wd办/v完/vi手续/n呢/y嗯/e，/wd就/d给/p她/rr动/v。/wj
这么/rz呢/y，/wd他/rr让/v我/rr回来/v了/y。/wj
他/rr就/d把/pba她/rr留/v在/p那儿/rzs了/y。/wj
他/rr让/v我/rr回/v家/q取/v钱/n，/wd他/rr就/d让/v我/rr把/v，/wd把/pba我们/rr那/rzv姑娘/n就/d留/v在/p医院/n了/y，/wd他/rr就/d没/d让/v她/rr回来/v。/wj
结果/n敢情/d是/vshi他/rr把/pba我/rr支/vi走/v，/wd好/a给/p她/rr做/v。/wj
他/rr怕/v我/rr跟/p那儿/rzs瞅/v着/uzhe呀/y，/wd回头/d那/rzv什么/ry，/wd给/p我/rr支/vi回来/v了/y。/wj
我/rr就/d到/v家/q拿/v钱/n，/wd我/rr说/v我/rr哪儿/rys有/vyou那么/rz多/a钱/n啊/y，/wd我/rr说/v交/v多少/ry钱/n啊/y？/ww
交/v七十/m块/q钱/n。/wj
我/rr说/v我/rr哪儿/rys有/vyou七十/m块/q钱/n哪/y！/wt
回来/v啊/y，/wd我/rr就/d跟/p人家/n东/f借/v西/f借/v的/ude1，/wd哎/e，/wd连/ulian我们/rr那/rzv亲戚/n，/wd人家/rr给/v，/wd凑/v了/y，/wd钱/n给/p凑/v上/vf了/y。/wj
凑/v上/vf了/ule我们/rr那/rzv亲戚/n也/d跟着/v我/rr去/vf了/y。/wj
我们/rr那个/rz，/wd就是/v我们/rr那/rzv老头子/n他/rr的/ude1姐夫/n，/wd他/rr也/d跟着/v我/rr去/vf了/y。/wj
他/rr，/wd我们/rr俩/m去/vf的/ude1时候/n儿/ng吧/y，/wd到/v那儿/rzs办/v手续/n吧/y，/wd那/rzv，/wd就/d给/p她/rr做/v完/vi了/y，/wd就/d给/p她/rr做/v完/vi了/y。/wj
做/v完/vi了/y，/wd人家/rr做/v的/ude1时候/n儿/ng吧/y，/wd给/p她/rr打的/v麻药/n针/n，/wd没/d给/p她/rr麻醉/v，/wd打的/v麻药/n针/n。/wj
她/rr呢/y，/wd人家/rr这儿/rzs一动/d呢/y，/wd一/m，/wd一/m给/p她/rr开/v呀/y，/wd她/rr“/wyz噌/o”/wyy坐/v起来/vf了/y，/wd把/pba人/n大夫/n吓坏/v了/y。/wj
人家/n一下/mq儿/ng人/n就/d给/p她/rr拿/v蒙药/n全/a整个/b儿/ng蒙/vi过去/vf了/y。/wj
蒙/vi过去/vf了/ule呢/y，/wd这会儿/rzt我们/rr去/vf时候/n儿/ng呢/y，/wd她/rr还/d没/d醒/v过来/vf呢/y，/wd反正/d还/d没/d醒/v过来/vf呢/y，/wd挨/v床/n上/f躺/v着/uzhe。/wj
那/rzv大夫/n说/v不/d碍事/a的/ude1了/y，/wd说/v她/rr那/rzv什么/ry，/wd那个/rz，/wd做/v完/vi了/y，/wd说/v好/a了/y，/wd没事儿/v。/wj
他/rr说/v你/rr甭/d害怕/v，/wd说/v她/rr一会儿/mq这/rzv药/n劲儿/n过去/vf她/rr就/d醒/v过来/vf了/y。/wj
嗯/e，/wd一直/d的/ude1等/udeng，/wd上午/t做/v的/ude1，/wd一直/d到/v下午/t，/wd都/d，/wd三四点/m了/y。/wj
她/rr才/d醒/v过来/vf，/wd醒/v过来/vf。/wj
看来/v就是/v盲肠炎/n。/wj
她/rr呢/y，/wd顺/v那儿/rzs吧/y，/wd有/vyou点儿/q受/v点儿/q刺激/v，/wd可能/v是/vshi，/wd使/v那/rzv蒙药/n不好/a，/wd后来/t她/rr就/d落/v了/y，/wd落/v了/ule一/m什么/ry呢/y，/wd落/v了/ule一个/mq那个/rz美尼尔/nrf氏/ng症/ng，/wd落/v这么/rz一/m根/q儿/ng。/wj
现在/t她/rr有/vyou，/wd有/vyou点儿/q累/a吧/y什么/ry的/ude1，/wd她/rr就/d爱/v犯/v，/wd有/vyou点儿/n那/rzv什么/ry不/d爱好/v。/wj
因为/p她/rr什么/ry上班/vi儿/ng，/wd什么/ry累/a活儿/n她/rr干/v不/d了/y。/wj
嗯/e，/wd一/m累/a她/rr就/d犯/v那个/rz毛病/n。/wj
后来/t她/rr上/vf啊/y，/wd上/vf了/ule那/rzv什么/ry，/wd中学/n，/wd中学/n毕业/v，/wd然后/c呢/y，/wd那年/t挺/d不好/a考/v的/ude1。/wj
不好/ad考/v的/ude1，/wd我/rr想/v我/rr说/v你/rr呀/y，/wd她/rr呀/y有/vyou，/wd有/vyou这个/rz做/v这个/rz手术/n吧/y，/wd她/rr受/v点儿/q刺激/vn。/wj
后来/t呢/y，/wd她/rr一/m到/v考试/vi吧/y，/wd她/rr就/d头疼/a。/wj
另外/rz呢/y，/wd她/rr一/m个/q，/wd一/m让/v她/rr做/v点儿/q文章/n什么/ry的/ude1吧/y，/wd她/rr就/d不行/a，/wd她/rr就/d做/v不/d了/y，/wd简直/d她/rr就/d头疼/a得/ude3要命/vi，/wd她/rr就/d难受/a啊/y，/wd折腾/v。/wj
后来/t我/rr说/v你/rr可/v千/m万/m你/rr可/v别/d填/v高中/n。/wj
为什么/ryv呢/y，/wd我/rr不/d是/vshi说/v不/d让/v你/rr念/v。/wj
嗯/e，/wd你/rr要/v填/v上/vf高中/n，/wd你/rr要/v念/v了/ule高中/n吧/y，/wd你/rr念/v完/vi高中/n，/wd你/rr上/f不/d去/vf大学/n，/wd你/rr这/rzv高中/n也/d白/d念/v。/wj
咱们/rr家/n没/v人/n帮/v你/rr。/wj
我/rr不/d识字/vi，/wd我/rr说/v你/rr爸爸/n也/d不/d识字/vi，/wd你/rr爸爸/n才/c小学/n几/m年级/n，/wd他/rr小学/n他/rr都/d没/d毕业/v。/wj
我/rr说/v你/rr想想/v谁/ry能/v帮助/v你/rr呀/y？/ww
我/rr说/v也/d没/v人/n崐/x帮助/v你/rr呀/y，/wd你/rr可/v别/d填/v高中/n。/wj
我/rr说/v另外/c你/rr呢/y，/wd这/rzv脑子/n也/d不好/a了/y，/wd你/rr要/v一/m做文章/vi，/wd你/rr这/rzv脑子/n就/d，/wd就/d，/wd就/d疼/a，/wd脑袋/n疼/a，/wd疼/v得/ude3要命/vi，/wd我/rr说/v你/rr就/d得病/vi我/rr说/v你/rr说/v你/rr念/v了/ule高中/n白/d念/v吧/y。/wj
我/rr说/v你/rr填/v一/m中专/n得了/vi，/wd填/v中专/n啊/y，/wd你/rr，/wd你/rr，/wd你/rr考/v中专/n得/ude3了/y。/wj
考/v中专/n，/wd嗯/e，/wd中专/n完/vi了/ule你/rr就/d工作/vi，/wd就/d算/v了/y。/wj
你/rr上/f不/d了/ule大学/n，/wd你/rr回头/d抢/v着/uzhe也/d是/vshi不/d成/v。/wj
不/d如/v再/d，/wd也/d上/f不/d去/vf，/wd家里/s也/d没/v人/n帮助/v你/rr，/wd没/v人/n什么/ry的/ude1。/wj
后来/t呢/y，/wd她/rr也/d没/d填/v高中/n，/wd她/rr就/d填/v的/ude1中专/n，/wd填/v了/ule几/m个/q中专/n。/wj
然后/c呢/y，/wd就/d是/vshi一/m最后/f一个/mq中专/n，/wd就/d取/v的/ude1就是/v这个/rz化学/n，/wd这/rzv化学/n的/ude1这个/rz，/wd就/d考/v的/ude1这/rzv化学/n，/wd化学/n这/rzv分析/v。/wj
她/rr呢/y，/wd她/rr中专/n，/wd上/vf中专/n时候/n儿/ng她/rr跟/p我们/rr这个/rz，/wd哎/e，/wd这个/rz姑爷/n搞/v的/ude1，/wd俩/m人/n搞/v的/ude1，/wd交/v的/ude1朋友/n，/wd交/v到/v，/wd他们/rr俩/m在/p一个/mq学校/n，/wd四年/m，/wd在/p一块儿/s四年/m。/wj
四年/m，/wd后来/t，/wd是/vshi，/wd分/v了/ule呢/y，/wd分/v了/ule工作/vn以后/f呢/y，/wd她/rr呢/y，/wd一直/d都/d，/wd没/d跟/p我/rr说/v。/wj
