后来/t呢/y，/wd后/f，/wd嗯/e，/wd快/d分工作/n的/ude1时候/n儿/ng她/rr跟/p我/rr说/v，/wd她/rr说/v，/wd妈/n嗯/e，/wd我们/rr那/rzv学校/n那儿/rzs呢/y，/wd我/rr有/vyou一个/mq同学/n。/wj
我/rr看/v他/rr挺/d好/a的/ude1，/wd嗯/e，/wd我/rr想/v跟/p他/rr交/v朋友/n。/wj
后来/t我/rr说/v那/rzv行/q，/wd我/rr说/v你/rr要/v是/vshi嗯/e看好/v我/rr说/v，/wd你/rr可是/c，/wd嗯/e，/wd打听/v好/a了/y，/wd是/vshi哇/y。/wj
别/d回头/vi你/rr是/vshi个/q就/d交/v朋友/n可/c不/d成/v。/wj
后来/t她/rr说/v他们/rr家/n也/d是/vshi挺/d好/a的/ude1。/wj
他们/rr家/n说/v，/wd我/rr也/d去/vf了/ule两/m趟/qv，/wd挺/vi，/wd也/d挺/d好/a的/ude1。/wj
她/rr说/v他/rr父亲/n是/vshi军医/n。/wj
他/rr父亲/n是/vshi军医/n。/wj
他/rr母亲/n呢/y，/wd在/p协和/nz医院/n，/wd当/p护士/n。/wj
后来/t呢/y，/wd我/rr也/d倒/vi没/d到/v他们/rr家/n去/vf过/uguo，/wd反正/d我/rr听/v她/rr说/v啊/y。/wj
我们/rr这个/rz姑爷/n就/d来/vf了/ule两/m趟/qv，/wd上/f我们/rr家/n。/wj
他/rr没/d结婚/vi时候/n儿/ng来/vf了/ule两/m趟/qv。/wj
我/rr发现/v他/rr还/d挺/d老实/a。/wj
她/rr说/v他/rr挺/d老实/a的/ude1。/wj
她/rr说/v，/wd我/rr一/m看/v呢/y也/d挺/d老实/a的/ude1。/wj
后来/t我/rr说/v那/rzv你/rr就/d，/wd嗯/e，/wd看/v着/uzhe好/a我/rr说/v那/rzv就/d，/wd嗯/e，/wd就/d跟/p他/rr，/wd哦/e，/wd交/v就/d交/v吧/y。/wj
交/v完/vi以后/f呢/y，/wd后来/t我们/rr这/rzv老头子/n他/rr就/p脾气/n不好/a，/wd脑筋/n也/d不好/a，/wd也/d封建/a。/wj
我/rr呀/y，/wd也/d没/d敢/v跟/p他/rr说/v，/wd哎/e，/wd反正/d我们/rr娘儿/n俩/m知道/v了/y，/wd他/rr也/d不/d知道/v。/wj
后来/t呢/y，/wd到/v了/ule他们/rr分配工作/n，/wd第二/m年/qt，/wd第二/m年/qt我/rr跟/p他/rr说/v了/y，/wd我/rr说/v呀/y，/wd嗯/e，/wd她/rr交/v了/ule一/m朋友/n，/wd她们/rr学校/n的/ude1。/wj
我/rr说/v，/wd他们/rr家里/s也/d挺/d那个/rz，/wd行/ng，/wd行/ng，/wd反正/d也/d不错/a。/wj
我/rr说/v他/rr也/d挺/d老实/a的/ude1，/wd我/rr瞅/v着/uzhe。/wj
后来/t呢/y，/wd他/rr来/vf一/m趟/qv呢/y，/wd我们/rr那/rzv老头子/n看见/v了/y。/wj
看见/v以后/f呢/y，/wd他们/rr俩/m呢/y还/d不/d想/v结婚/vi，/wd还/d想/v说/v，/wd再/d等/v二年/m。/wj
后来/t我们/rr那/rzv老头子/n啊/y，/wd我们/rr那/rzv姑爷/n来/vf一/m趟/qv，/wd我们/rr那/rzv老头子/n就/d急/v了/y，/wd就/d不行/a了/y，/wd就/d不/d干/v了/y。/wj
就/d说/v，/wd同意/v不/d同意/v啊/y，/wd同意/v就/d让/v他们/rr结婚/vi…/ws
…/ws
同意/v就/d得/ude3结婚/vi！/wt
我/rr跟/p他们/rr说/v，/wd我/rr说/v，/wd你/rr爸爸/n说/v可是/c这么着/r，/wd你们/rr俩/m要/v同意/v就/d让/v你/rr结婚/vi。/wj
她/rr说/v干/v什么/ry这么/rz早就/d结婚/vi，/wd她/rr说/v再/d等/v二年/m。/wj
他们/rr俩/m还/d想/v等/udeng二年/m。/wj
后来/t呢/y，/wd我/rr这/rzv老头子/n说/v，/wd我/rr，/wd那/c我/rr说/v你们/rr就/d结婚/vi就/d结/v吧/y，/wd反正/d早/a啊/y结/v晚/tg结/v的/ude1，/wd早/ad结/v二年/m吧/y。/wj
也/d不/d，/wd也/d不/d早/a，/wd那/rzv时候/n儿/k就/d二十五/m了/y，/wd也/d该/v结婚/vi了/y。/wj
我/rr说/v也/d该/v结婚/vi了/y，/wd你/rr别/d回头/vi，/wd太/d晚/a了/ule也/d不好/a。/wj
这么/rz着/vi，/wd就/d结婚/vi了/y。/wj
哼/e，/wd脑子/n，/wd我/rr这/rzv，/wd我/rr这/rzv老头子/n脑/n，/wd脑筋/n封建/a着呢/y！/wt
封建/a着呢/y！/wt
合/v着/uzhe是/vshi他们/rr家/n呢/y哥儿俩/n。/wj
他/rr还/d有/vyou个/q妹妹/n。/wj
他们/rr姐儿/n仨/m，/wd反正/d是/vshi。/wj
姐儿/n仨/m吧/y，/wd这个/rz，/wd反正/d，/wd她/rr说/v，/wd我们/rr这个/rz姑娘/n就是说/c啊/y，/wd说是/v哎/e，/wd反正/d也/d跟/p他/rr说/v了/y，/wd我们/rr家/n没/v人/n，/wd反正/d你/rr要/v结婚/vi呢/y，/wd哎/e，/wd明儿/t以后/f你/rr就/d得/v在/p我们/rr家/n。/wj
后来/t呢/y，/wd他们/rr家/n也/d倒/d是/vshi不错/a，/wd他/rr爸爸/n跟/p他/rr妈/n也/d倒/d是/vshi不错/a，/wd说/v那/rzv你/rr就/d两/m下/qt里/f跑/v呗/y！/wt
那/rzv时候/n儿/k结/v完婚/v时候/n儿/ng两/m下/qt里/f跑/v着/uzhe，/wd哎/e。/wj
后来/t呢/y，/wd他们/rr家/n呢/y也/d倒/d是/vshi没/v地/n儿/k住/vi，/wd没/v地/n儿/k住/vi呢/y，/wd这儿/rzs也/d没/v人/n儿/ng，/wd这么/rz着/vi，/wd他们/rr就/d在/p这儿/rzs了/y。/wj
他们/rr家/n呢/y，/wd他/rr弟弟/n，/wd他/rr妹妹/n。/wj
他们/rr住/vi那/rzv房/n是/vshi楼房/n，/wd也/d没/v他们/rr的/ude1地/n儿/ng。/wj
福利/n，/wd他/rr现在/t退休/v没什么/vl福利/n，/wd就/d那/rzv点儿/q退休费/n。/wj
他们/rr那儿/rzs就/d是/vshi退休/v。/wj
他/rr退休/v的/ude1时候/n儿/ng百分之七/m十五/m，/wd退/v的/ude1。/wj
他/rr那/rzv时候/n儿/k挣/vi六十/m多/m块/q钱/n，/wd退/v五十/m多/m块/q钱/n，/wd退休费/n。/wj
福利/n没什么/vl了/y。/wj
这/rzv就/d，/wd他/rr退/v了/ule休/v什么/ry也/d没有/v。/wj
没/d退休/v时候/n儿/ng，/wd嗯/e，/wd有/vyou，/wd有/vyou什么/ry，/wd没/d退休/v时候/n儿/k挣/vi六十/m多/m块/q钱/n，/wd反正/d连/ulian加班/vi儿/ng费/v，/wd嗯/e，/wd再/d什么/ry奖/n钱/n什么/ry的/ude1，/wd反正/d一月/t拿/v八十/m来/m块/q钱/n。/wj
我/rr，/wd您/rr瞧/v我/rr吧/y，/wd我/rr哪儿/rys都/d没/v去/vf过/uguo。/wj
我/rr是/vshi北京/ns人/n，/wd我/rr哪儿/rys都/d没/v去/vf过/uguo。/wj
我/rr就/d是/vshi，/wd我/rr就/d是/vshi北/f坞/ng生/v的/ude1。/wj
我/rr就/d是/vshi北/f坞/ng的/ude1人/n，/wd我/rr就/d是/vshi北/f坞/ng生/v的/ude1。/wj
我/rr妈/n，/wd我/rr妈/n的/ude1娘家/n就/d在/p这个/rz清华/nz西门/n儿/ng北边/f儿/n这儿/rzs，/wd我/rr妈/n的/ude1娘家/n。/wj
我/rr妈/n也/d是/vshi，/wd也/d是/vshi老/a北京/ns。/wj
我/rr爸爸/n呢/y，/wd更/d是/vshi了/y。/wj
我/rr爸爸/n，/wd我/rr，/wd我/rr爷爷/n都/d是/vshi老/a北京/ns，/wd都/d是/vshi老/a北京/ns人/n。/wj
L04/x女/b38/m初中/n工人/n汉/bFJL13/x我/rr是/vshi呢/y一九六五年/m七月/t七/m号/q到/v这/rzv厂子/n的/ude1，/wd嗯/e，/wd当时/t呢/y才/d十七八/m岁/qt，/wd哎/e，/wd就/d一直/d在/p这儿/rzs，/wd将近/d二十年/m了/y吧/y。/wj
由于/c自己/rr吧/y，/wd年轻/a，/wd六五年/m呢/y到/v这/rzv厂子/n时候/n儿/ng呢/y，/wd嗯/e，/wd呆/v了/ule一年/m，/wd就/d赶上/v文化大革命/nz了/y，/wd在/p这个/rz文化大革命/nz中/f呢/y，/wd可以/v说/v这/rzv十/m来/m年/qt是/vshi荒废/v的/ude1。/wj
嗯/e，/wd回过/v头儿/n来看/u，/wd看/v自己/rr的/ude1十/m多/m年/qt呢/y，/wd觉得/v很/d惋惜/a。/wj
哦/e可是/d我/rr呢/y，/wd还是/c比较/d好/a学/v的/ude1。/wj
由于/c就/p我们/rr这个/rz厂/n子/ng的/ude1特点/n吧/y，/wd它/rr是/vshi社办/b企业/n，/wd嗯/e，/wd自/rr，/wd嗯/e这个/rz文化/n程度/n呢/y，/wd都/d是/vshi不/d太/d高/a的/ude1。/wj
所以/c我/rr从/p学校/n毕业/v以后/f，/wd在/p那个/rz农村/n呢/y，/wd也/d没/d干/v过/uguo活儿/n，/wd哎/e，/wd就/d把/pba学校/n那/rzv，/wd那/rzv个/q学生/n的/ude1一些/mq特点/n都/d带/v到/v这儿/rzs哈/b儿/n吧/y，/wd对/p自己/rr的/ude1工作/vn吧/y，/wd还是/d起/vf一定/b作用/n的/ude1。/wj
所以/c当时/t领导/n同志/n呢/y，/wd现在/t这些/rz领导/n呢/y，/wd已经/d都/d不/d在/p了/y，/wd都/d去世/vi了/y。/wj
他们/rr对/p我/rr还是/d都/d不错/a的/ude1。/wj
所以/c六五年/m十月/t份/q，/wd准备/v呢/y，/wd这/rzv厂子/n呢/y上/vf仪表/n机床/n。/wj
