所以/c说/v呢/y，/wd哦/e，/wd我/rr两/m个/q孩子/n在/p学校/n上学/vi呢/y，/wd还是/c都/d比较/d不错/a的/ude1。/wj
嗯/e老大/n和/cc老/a二/m在/p小学/n毕业/v以后/f，/wd都/d是/vshi北京市/ns三好生/n。/wj
嗯/e哎/e，/wd到/v中学/n呢/y，/wd这个/rz，/wd这个/rz二/m孩子/n呢/y，/wd是/vshi个/q全优/z生/v。/wj
所以/c我/rr就/d把/pba我/rr的/ude1精力/n放/v在/p辅导/vn孩子/n身上/s。/wj
对于/p智力/n投资/v我/rr不/d怕/v花钱/vi。/wj
所以/c我/rr，/wd我/rr没有/d像/v人家/n似的/uyy，/wd什么/ry彩电/n哪/ry，/wd什么/ry家里/s一/m套/q新/a家具/n呀/y，/wd我/rr没有/v。/wj
但是/c我/rr认为/v呢/y，/wd根据/p自己/rr的/ude1经济条件/n，/wd让/v那个/rz这个/rz钱/n呢/y，/wd能够/v用/v在/p呢/y，/wd有用/a的/ude1上/f。/wj
你/rr比如/v也许/d现在/t你/rr看/v我/rr是/vshi一无所有/vl，/wd挺/d穷/a的/ude1，/wd但是/c我/rr觉得/v孩子/n学/v到/v知识/n以后/f，/wd这个/rz是/vshi用/p金钱/n没法儿/nl去/vf衡量/v的/ude1。/wj
L15/x男/b39/m初中/n干部/n汉/bAJL02/x这/rzv老家/n呢/y，/wd我们/rr，/wd我/rr也/d记不清/vl我/rr什么/ry时候/n儿/k到/v北京/ns的/ude1。/wj
反正/d我/rr是/vshi咱们/rr卢沟桥/ns这儿/rzs土生土长/vl，/wd四六年/m二月/t八/m号/q生人/n，/wd今年/t三十九/m周岁/q。/wj
我/rr是/vshi小学/n毕业/v以后/f到/v张/q各/rz庄/ng上/f中学/n，/wd就/d离/v这儿/rzs哈/b儿/n呢/y五/m里/q地/n，/wd西边/f儿/ng。/wj
以前/f呢/y就是说/c，/wd那儿/rzs就/d是/vshi七十四/m中/f。/wj
那/rzv阵/ng儿/ng中学/n少/a，/wd嗯/e，/wd往/p西/f是/vshi七十四/m，/wd十/m中/f，/wd嗯/e，/wd再/d往/p东/f呢/y，/wd就是/v丰/ag，/wd丰台/ns十二/m中/f。/wj
再/d往/p那个/rz丰台/ns北边/f一点儿/mq呢/y，/wd就/d岳/ng，/wd岳/n各/rz庄/nr1中学/n，/wd那儿/rzs，/wd那儿/rzs是/vshi七十三/m，/wd那儿/rzs八十四/m。/wj
反正/d这/rzv学校/n啊/e就/d基本/a上/f这样/rzv儿/ng。/wj
我/rr中学/n呢/y，/wd就是/d念/v了/ule是/vshi两年/m，/wd就/d到/v部队/n当兵/vi去/vf了/y。/wj
我/rr当兵/vi走/v时候/n儿/ng是/vshi十七/m岁/qt。/wj
到/v是/vshi空军/n，/wd空军/n是/vshi防/v空军/n，/wd就是/v高炮/n，/wd哎/e。/wj
一/m去/vf以后/f是/vshi在/p徐州/ns的/ude1呢/y先/d念书/vi，/wd空/a字/n零零八/m部队/n，/wd就是/v院校/n。/wj
以后/f就/d是/vshi，/wd从/p那儿/rzs哈/b儿/ng毕业/v以后/f就/d调/v，/wd调/v到/v广州/ns军区/n空/ng，/wd空/v七/m军/n。/wj
到/v七/m军/n以后/f呢/y，/wd就/d是/vshi六六年/m，/wd就是/v那/rzv阵/ng儿/ng是/vshi援/vg越/d抗/v美/b了/y，/wd这/rzv就/d出国/vi了/y。/wj
嗯/e，/wd出国/vi以后/f是/vshi六七年/m的/ude1，/wd七月/t份/q，/wd从/p越南/nsf回来/v就/d回/v到/v广州/ns。/wj
我/rr是/vshi提干/vi，/wd是/vshi在/p六/m，/wd六七年/m提/v的/ude1干/a。/wj
我/rr是/vshi转业/vi回到/v咱们/rr北京/ns来/f，/wd所以/c这样/rzv儿/ng在/p部队/n呢/y，/wd是/vshi八年/m时间/n，/wd就是说/c北京/ns这个/rz方言/n土语/n有时候/d儿/k就/d有/vyou点儿/q失真/vi了/y。/wj
它/rr就/d不/d是/vshi纯/a北京/ns了/y，/wd走/v了/ule一/m段时间/n，/wd啊/y，/wd南方/s也/d呆/v过/uguo一/m段/q儿/ng时间/n。/wj
所以/c这个/rz说/v讲/v普通话/n来说/uls，/wd就/d不大/d忒/d准/a。/wj
这个/rz回来/v以后/f呢/y，/wd就/d是/vshi安排/v在/p，/wd嗯/e转业/vi以后/f就/d在/p丰台区/ns房管/vn局/n呀/y当/v团委/n书记/n。/wj
当/v了/ule这么/rz一年/m多/m。/wj
后来/t呢/y，/wd又/d是/vshi到/v，/wd区委/n那/rzv阵/ng儿/ng不/d是/vshi讲究/v这个/rz干部/n儿/k都/d是/vshi进/vf党校/n学习/v嘛/y。/wj
党校/n学习/v不/d到/v一年/m吧/y，/wd然后/c就/d到/v区/n政府/n工作/vn，/wd在/p丰台区/ns工交/n城建/n组/n。/wj
在/p那儿/rzs任/v副/b组长/n这个/rz。/wj
后来/t以后/f呢/y，/wd就/d是/vshi，/wd工业/n体制/n改革/vn。/wj
改革/v以后/f呢/y，/wd就/d，/wd又/c，/wd又/d到/v了/ule一/m公司/n，/wd从/p区委/n到/v第一/m工业/n公司/n。/wj
嗯/e，/wd在/p那儿/rzs还/d是/vshi管/v工业/n，/wd又/d改/v一/m次/qv，/wd那/rzv就是/v那/rzv不/d是/vshi区属/b厂子/n上交/v市里/n头/n嘛/y?/ww
都/d，/wd都/d交/v了/y，/wd公司/n也/d没有/v了/y。/wj
所以/c又/d给/v留下/v一部分/m厂子/n呢/y，/wd又/d成立/vi工业/n局/qv。/wj
就/p那样/rzv儿/ng就/d留/v在/p工业/n局/qv。/wj
在/p这时候/rzt一/m改革/vn时候/n儿/ng呢/y，/wd因为/c我/rr自己/rr感觉/v我/rr文化/n跟不上/v，/wd另外/c就是说/c部队/n上/f那个/rz出来/vf的/ude1，/wd性格/n比较/d直/a，/wd所以/c这/rzv人事/n关系/n也/d好/a哇/y，/wd处理/v事情/n上/vf啊/y有时候/d儿/k就/d，/wd咝/x，/wd不/d太/d跟/p地方/n的/ude1方法/n一样/uyy。/wj
所以/c这/rzv就是/v我/rr感觉/v也/d吃力/a。/wj
所以/c就/d要求/v哇/y，/wd我/rr，/wd我/rr得/v改/v。/wj
这/rzv干部/n儿/ng工作/vn我/rr不/d好/a干/v。/wj
那/rzv阵/ng儿/ng跟/p区委/n请示/v了/ule后来/t就/d学/v，/wd学/v开/v车/n。/wj
所以/c我/rr现在/t本身/rz又/d是/vshi干部/n儿/k又/d是/vshi司机/n。/wj
现在/t，/wd这/rzv，/wd这/rzv几/m次/qv改革/vn吧/y，/wd改/v到/p现在/t，/wd就/d是/vshi经济/n技术开发/n总公司/n丰台/ns工业/n局/qv供销/n经理/n部/n这/rzv全称/n，/wd这/rzv是/vshi我/rr工作/vn单位/n。/wj
合算/a又/d开/v车/n，/wd又/d跑/v业务/n。/wj
这/rzv业务/n主要/d是/vshi买/v了/ule卖/v。/wj
这/rzv这/rzv您/rr清楚/v吧/y。/wj
当然/d我们/rr也/d经营/v这个/rz宗旨/n呢/y，/wd首先/c为/p厂子/n服务/vn。/wj
厂子/n我们/rr下边/f儿/ng现在/t还/d有/vyou这么/rz十/m来/m个/q厂子/n，/wd需要/v钢材/n啊/y，/wd这个/rz另外/rz产品/n的/ude1推销/vn哇/y。/wj
因为/p我们/rr区属/b厂子/n现在/t没有/v什么/ry定型/vn产品/n，/wd就/d说/v是/vshi前景/n不/d太/d好/a，/wd但是/c产值/n还/d可以/v。/wj
现在/t从/p自己/rr来/vf说/v这个/rz，/wd感觉/v对/p工作/vn比较/d满意/v。/wj
反正/d整天/d反正/d又/d是/vshi干部/n儿/ng，/wd又/d开/v车/n，/wd这个/rz，/wd我/rr从/p六月/t十九/m号/q到/v现在/t一直/d是/vshi跑/v北戴河/ns。/wj
这/rzv星期五/t刚/d从/p秦皇岛/ns又/d接/v车/n回来/v。/wj
我们/rr区/n里/f呢/y，/wd从/p这个/rz海南/ns进/vf了/ule二百/m辆/q这个/rz，/wd豪华/a级/q卧车/n。/wj
这/rzv接/v卧车/n呢/y，/wd这/rzv接/v了/ule两/m批/q了/y，/wd还/d一/m批/q就算/d完/vi了/y。/wj
工资/n收入/n我/rr这/rzv压根儿/d也/d不/d高/a，/wd我/rr现在/t五十六/m块/q钱/n的/ude1基本/a工资/n。/wj
还/d是/vshi干部/n呢/y。/wj
嗯/e，/wd当然/d我们/rr现在/t就/d是/vshi说/v这个/rz，/wd执行/v九十六/m，/wd九十六/m号/q儿/ng文件/n。/wj
这个/rz除了/p这个/rz基本/a工资/n以外/f，/wd再/d加上/v这个/rz副食/n补助/vn，/wd再/d加上/v我/rr这/rzv出/vf车费/n，/wd一/m个/q月/n也/d一百六七十/m块/q钱/n儿/ng。/wj
经/p，/wd经济/n上/f还/d很/d不错/a的/ude1，/wd反正/d。/wj
我/rr爱人/n在/p这个/rz卢沟桥/ns小学/n，/wd这/rzv两/m个/q孩子/n，/wd基本上/d没有/v什么/ry大/a的/ude1挫折/vn，/wd也/d没什么/vl困难/an。/wj
反正/d生活/vn水平/n基本/ad反正/d一般/a，/wd也/d没什么/vl。/wj
所以/c这个/rz心情/n上/f也/d，/wd也/d比较/d那/rzv什么/ry。/wj
说/v这/rzv工资/n改革/v现在/t不/d是/vshi说/v又/d要/v改/v吗/y?/ww
我们/rr又/d崴/v了/y！/wt
思想/n上/f又/d，/wd又/d有/vyou负担/n了/y。/wj
我们/rr这个/rz经济/n技术开发/n公司/n啊/y，/wd就/d是/vshi执行/v九十六/m号/q儿/ng文件/n。/wj
这/rzv工资/n改革/vn没/v我们/rr的/ude1事儿/n。/wj
不/d像/v那/rzv国家/n干部/n儿/ng似的/uyy，/wd人家/rr按/p那个/rz那/rzv参加/v工作/vn的/ude1工龄/n啊/y，/wd这个/rz这个/rz职务/n补贴/n都/d有/vyou，/wd我们/rr这/rzv就/d不行/a啦/y。/wj
你/rr有/vyou收入/n你/rr，/wd你/rr就/d，/wd你/rr就/d多/ad得/v。/wj
