哎/e，/wd另外/c呢/y，/wd就是说/c可以/v搞/v工资/n浮动/vn。/wj
可是/c我们/rr这个/rz又/d，/wd又/c，/wd又/d是/vshi新/a单位/n，/wd说/v现在/t怎么/ryv浮动/v啊/y，/wd这个/rz上边/n儿/k也/d没/v，/wd没/d定/v下来/vf。/wj
所以/c现在/t就/d是/vshi从/p思想/n上/f对/p这个/rz，/wd这/rzv部分/m人/n就/d是/vshi说/v执行/v九十六/m号/q儿/ng文件/n，/wd我们/rr的/ude1工资/n怎么/ryv浮动/v，/wd都/d是/vshi干部/n，/wd他/rr执行/v这个/rz。/wj
所以/c现在/t也/d没/v谱儿/n，/wd所以/c也/d没/v，/wd没有/v过/uguo多/m想法/n儿/ng。/wj
反正/d总/b的/ude1来/vf，/wd嗯/e，/wd给/v多少/ry算/v多少/ry呗/y，/wd反正/d工作/vi还/d得/ude3干/a。/wj
所以/c现在/t我们/rr这儿/rzs这/rzv一/m共/d是/vshi十九/m个/q同志/n呢/y，/wd就/d搞/v这个/rz的/ude1。/wj
大家伙儿/rr这/rzv思想/n上/f也/d都/d有/vyou，/wd有/vyou点儿/n什么/ry，/wd反正/d总/d感觉/v着/uzhe啊/y，/wd还/d不如/v在/p这/rzv机关/n，/wd我们/rr本身/rz是/vshi机关干部/n，/wd现在/t就/d是/vshi不/d享受/v这个/rz，/wd又/d享受/v这个/rz。/wj
可是/c从/p目前/t状况/n来说/uls又/d好/a点儿/q，/wd活/v泛/ag，/wd每月/r奖金/n三十/m。/wj
机关干部/n是/vshi一年/m是/vshi一百二十/m，/wd半/m年/qt那/c那/rzv是/vshi六十/m啊/y，/wd他们/rr享受/v那个/rz，/wd我们/rr就/d不/d享受/v那个/rz了/y。/wj
所以/c，/wd这个/rz也/d是/vshi一样/a。/wj
从/p家里/s来/vf说/v，/wd老人/n，/wd我们/rr哥/n儿/ng仨/m。/wj
我/rr那/rzv兄弟/n这个/rz大/a弟弟/n是/vshi在/p机务段/n，/wd他/rr是/vshi开/v火车/n。/wj
嗯/e，/wd我/rr那/rzv兄弟/n媳/ng妇儿/n在/p丰台/ns火车站/n。/wj
咳/e，/wd他们/rr那边/rzs儿/ng三/m口/q儿/ng人/n。/wj
我/rr那/rzv个/q老/a兄弟/n还/d在/p农业社/n干活儿/v呢/y。/wj
我们/rr哥/n儿/ng仨/m，/wd姐儿/n俩/m。/wj
我/rr那大/ns妹妹/n出嫁/vi了/y，/wd那/rzv二/m妹妹/n还/d没/v呢/y，/wd都/d在/p队/n里/f头/n。/wj
我/rr父亲/n退休/v了/y。/wj
农业社/n不/d是/vshi有/vyou退休/vn吗/y?/ww
嗯/e这/rzv老/a这/rzv老头儿/n也/d享/vg一月/t也/d给/v二十/m多/m块/q钱/n呢/y，/wd退休/v以后/f。/wj
我们/rr家/n是/vshi入/v社/n啊/y，/wd就/d成立/vi互助组/n时候/n儿/k就/d入/v了/y。/wj
十八/m户/q儿/ng，/wd卢沟桥/ns。/wj
就/d入/v，/wd入/v入/v了/ule入/v社/n了/y，/wd比较/d早/a。/wj
所以/c家里/s情况/n呢/y，/wd就/d是/vshi基本/a上/f就/d这样/rzv儿/ng。/wj
从/p思想/n上/f现在/t就/d是/vshi说/v没/d别/vi的/ude1想法/n儿/ng了/y，/wd就/d盼/v着/uzhe孩子/n。/wj
这/rzv，/wd这/rzv，/wd我/rr这/rzv也/d比较/d称心/a。/wj
一/m个/q男孩/n儿/ng，/wd一个/mq女孩/n儿/ng，/wd这个/rz大/a的/ude1儿/n是/vshi男孩/n儿/ng，/wd那/rzv二/m的/ude1儿/n是/vshi女/b孩儿/n，/wd比/p他/rr个儿/n还/d高/a呢/y。/wj
今年/t上/f初中/n。/wj
其实/d现在/t我们/rr两口子/n这/rzv思想/n啊/y，/wd就/d在/p这/rzv俩/m孩子/n身上/s下工夫/vi。/wj
这个/rz念书/vi还/d凑合/v点儿/q，/wd在/p丰台/ns三中/n呢/y。/wj
这/rzv，/wd这/rzv这/rzv小子/n着/vi了/ule急/a。/wj
嗯/e，/wd苦/ad挣/vi巴/b夜/tg的/ude1呀/y就/d这么/rz给/v给/p他/rr天天/d儿/ng，/wd就/d我们/rr家里/s天天/n儿/k就/d这/rzv晚上/t，/wd就/d临/v考试/vn之前/f，/wd一/m个/q月/n，/wd将近/d一/m个/q多/a月/n就/d就/d天天/d儿/ng晚上/t督促/v。/wj
结果/n考/v了/ule一/m个/q，/wd哎/e，/wd燕京/ns考/v多少/ry，/wd那个/rz语文/n?/ww
语文/n八十/m多/m分/qt儿/ng吧/y?/ww
哎/e，/wd算术/n合/v九十/m多/m分/qt儿/ng。/wj
因为/p卢沟桥/ns这儿/rzs也/d教学质量/n不行/a，/wd尤其/d是/vshi中学/n。/wj
所以/c现在/t都/d想/v着/uzhe离开/v卢沟桥/ns这/rzv地区/n念书/vi。/wj
所以/c这样/rzv儿/ng呢/y，/wd就/d是/vshi，/wd又/d通过/p教育局/n呀/y，/wd另外/c跟/p这/rzv，/wd找/v找/v这/rzv个别/a的/ude1单位/n呀/y，/wd这样/rzv儿/ng现在/t上/f，/wd考/v，/wd上/vf岳/n各/rz庄/ng，/wd就/d是/vshi以前/f的/ude1八十三/m中/f。/wj
那儿/rzs哈/b儿/n呢/y，/wd教师/n的/ude1资/ng都/d是/vshi资历/n比较/d老/a一些/mq个/q，/wd老/a教师/n多/a。/wj
那儿/rzs教学质量/n好/a。/wj
另外/rz学校/n秩序/n呀/y，/wd啊/y，/wd比较/d好/a，/wd管/v得/ude3严/a。/wj
所以/c那/rzv，/wd这个/rz二/m的/ude1呢/y，/wd上/f那儿/rzs。/wj
这/rzv在/p三/m中/f那/rzv那/c那/rzv上/f岳/n各/rz庄/ag了/y。/wj
哎/e，/wd这/rzv，/wd不/d是/vshi八月/t十四/m号/q就/d去/vf吗/y。/wj
所以/c现在/t就/d在/p俩/m孩子/n身上/s啊/y，/wd哎/e，/wd下/f点儿/q功夫/n。/wj
怎么/ryv他/rr难/a，/wd我/rr那/rzv没/d念/v出/vf来/vf这/rzv书/n就/d就/d不行/a，/wd就/d崴/v了/y。/wj
他们/rr那/rzv再/d念/v不好/a，/wd所以/c总的来说/c就/d是/vshi一个/mq月/n，/wd俩/m经济/n上/f不/d少/a花/n，/wd就/d像/p现在/t看/v。/wj
通过/p一年/m实践/vn，/wd这/rzv一月/t二十/m多/m。/wj
这个/rz再/d再/d一再/d一/m上/f岳/n各/rz庄/ag啊/y，/wd也/d得/v二十/m多/m，/wd这/rzv俩/m人/n就/d得/ude3拿/v去/vf将近/d六十/m块/q钱/n，/wd念书/vi。/wj
月票/n，/wd哦/e，/wd中午/t得/v在/p那儿/rzs吃饭/vi，/wd在/p学校/n吃饭/vi，/wd哎/e，/wd再/d加上/v这/rzv这个/rz，/wd这/rzv虽然/c大/a点儿/q，/wd这/rzv零花钱/n儿/ng啊/y也/y，/wd也/d不/d能/v少/ad给/v呀/y!/wt
不/d能/v让/v自个儿/rr，/wd有/vyou这/rzv经济条件/n让/v他/rr花/v吧/y就/d。/wj
这/rzv，/wd这/rzv也/d是/vshi，/wd从/p现在/t我们/rr俩/m人/n儿/k就/d在/p孩子/n上/vf啊/y，/wd哦/e，/wd着/vi点儿/q急/a。/wj
这/rzv一阵/mq一阵/mq儿/ng的/ude1。/wj
你/rr像/v这/rzv再/d一点儿/mq又/d该/v又/d该/rz高中/n问题/n。/wj
高中/n怎么/ryv念/v，/wd是/vshi不/d是/vshi啊/y?/ww
还是/c上/f，/wd上/f这个/rz中专/n呀/y，/wd还/d，/wd还是/d上/vf高中/n?/ww
这/rzv，/wd也/d，/wd他/rr也/d有/vyou他们/rr的/ude1想法/n儿/ng，/wd家长/n有/vyou家长/n的/ude1想法/n儿/ng，/wd哎/e，/wd有/vyou这个/rz。/wj
所以/c这/rzv一个/mq时期/n呀/y，/wd有/vyou一个/mq中心/n。/wj
你/rr像/v这/rzv，/wd经济/n上/f没/v这/rzv问题/n了/y，/wd这/rzv，/wd这个/rz住房/n问题/n没/v，/wd没有/v，/wd这/rzv都/d自个儿/rr房/n。/wj
你/rr像/p我们/rr四/m口/q儿/ng人/n吧/y，/wd这个/rz这/rzv三/m间/q，/wd那儿/rzs两/m间/q，/wd五/m间/q房/n，/wd哎/e比较/d宽绰/a。/wj
哎/e，/wd花钱/vi上/f不/d用/v着急/a了/y，/wd反正/d怎么着/ryv，/wd我们/rr俩/m人/n二百/m多/m块/q钱/n儿/ng。/wj
四/m口/q儿/ng一/m人/n平均/a五十/m块/q钱/n，/wd哎/e，/wd也/d大/a的/ude1开销/n也/d没有/v，/wd也/d不/d置/v了/y。/wj
哎/e，/wd就/d在/p他们/rr这/rzv俩/m孩子/n身上/s下/f点儿/q功夫/n。/wj
我/rr哥哥/n那个/rz，/wd我/rr表哥/n那个/rz，/wd这/rzv是/vshi最近/t，/wd哎/e，/wd调/v到/v涿县/n，/wd从/p新疆/ns调/v涿县/n。/wj
他/rr是/vshi六二年/m的/ude1大学/n毕业/v，/wd一直/d在/p新疆/ns工作/vn。/wj
这/rzv最近/t给/p调/v，/wd调/v过/uguo到/v涿县/n，/wd进/vf北京/ns进/vf不/d来/vf。/wj
哎/e，/wd调/v到/v涿/ng，/wd涿县/n。/wj
因为/p我/rr，/wd我/rr舅妈/n这/rzv岁数/n儿/k也/d大/a了/y。/wj
那/rzv不/d是/vshi前边/f儿/ng两/m间/q房/n都/d他们/rr住/vi着/uzhe。/wj
她/rr也/d，/wd也/d是/vshi老/a北京/ns人/n儿/ng，/wd唉/e，/wd今年/t七/m，/wd七十四/m了/y。/wj
这/rzv反正/d从/p这个/rz整个/b儿/ng的/ude1家庭/n环境/n跟/p这个/rz经济/n呀/y，/wd工作/vn哇/y，/wd现在/t基本/n上/f就/d是/vshi这么/rz，/wd这么/rz一/m情况/n。/wj
反正/d我/rr，/wd我/rr跟/p我/rr爱人/n我们/rr俩/m人/n啊/y，/wd也/d有/vyou点儿/n吧/y，/wd工作/vn性质/n不/d一样/uyy。/wj
