我/rr这/rzv有时候/d儿/ng早/a点儿/n晚/tg点儿/n的/ude1，/wd家务/n事儿/n我/rr干/v不/d了/ule什么/ry。/wj
你/rr像/v这个/rz做/v做饭/vi伍/m的/ude1，/wd我/rr都/d，/wd都/d不/d，/wd一般/ad不/d管/v。/wj
哎/e，/wd洗/v衣服/n这/rzv更/d，/wd更/d甭/vd说/v。/wj
现在/t全/d有/vyou洗衣机/n。/wj
反正/d那些/rz有时候/d儿/ng孩子/n自个儿/rr也/d能/v解决/v，/wd能够/v那/rzv什么/ry了/y。/wj
大个儿/n的/ude1也/d帮助/v能/v做/v点儿/q饭/n，/wd哎/e。/wj
所以/c这个/rz，/wd从/p经济/n上/f，/wd经济/n上/f，/wd生活/vn上/f都/d没/v什么/ry问题/n了/y。/wj
现在/t就/d是/vshi一个/mq时期/n有/vyou一/m种/q想法/n儿/k反正/d。/wj
前段/t儿/ng时间/n啊/y，/wd自己/rr也/d有/vyou什么/ry，/wd现在/t自己/rr呀/y，/wd还/d考虑/v着/uzhe工作/vn调动/v问题/n，/wd老/d想/v上/f…/ws
…/ws
那/rzv不/d是/vshi区/n里/f不/d是/vshi进/vf了/ule这/rzv批/q车/n，/wd办/v出租/v嘛/y，/wd我/rr想/v离开/v这儿/rzs到/v，/wd到/v出租/v去/vf。/wj
现在/t也/d是/vshi，/wd也/d是/vshi，/wd岁数/n儿/k也/d差不离/al了/y，/wd找/v点儿/q轻/a省/n点儿/q的/ude1。/wj
另外/c搞/v这个/rz贸易/vn不/d好/a搞/v。/wj
那个/rz现在/t这个/rz净/d是/vshi骗子/n多/a。/wj
你/rr像/p咱们/rr这/rzv是/vshi，/wd都/d是/vshi政府/n机关/n办/v的/ude1这个/rz，/wd虽然/c说/v这/rzv不/d许/dg办/v这个/rz可/v是/vshi咱们/rr分开/vi了/y，/wd你/rr单独/d核算/v，/wd单独/d核算/v，/wd可是/c你/rr跟/p打交道/vi就是/v那些/rz人/n，/wd从/p前段/t儿/ng时间/n就/d是/vshi跟/p那/rzv哪儿/rys房山/ns的/ude1有/vyou一/m笔/q，/wd一百九十七/m万/m，/wd最后/f让/v人/n给/p骗/v了/y。/wj
这/rzv是/vshi经过/p市/n中级/b人民法院/nl起诉/v的/ude1。/wj
现在/t钱/n基本上/d追/v回/v来/vf，/wd还有/v五/m万/m，/wd没/d追/v回/v来/vf。/wj
所以/c弄/v弄/v啊/y，/wd东西/n弄/v不/d来/vf，/wd买卖/v办/v不/d成/v，/wd就/d让/v人/n给/p骗/v走/v。/wj
在/p去/vf，/wd在/p今年/t的/ude1二三月/t份儿/n让/v，/wd二月/t份/q吧/y，/wd让/v石家庄/ns，/wd进城/vi，/wd骗/v了/ule我们/rr一二十一/m万/m，/wd哎/e，/wd到/v那儿/rzs打官司/vi，/wd打/v了/ule这么/rz两/m多/m月/n。/wj
哎/e，/wd那/rzv东西/n倒/d弄/v回来/v了/y，/wd嗯/e汽车/n。/wj
所以/c这/rzv，/wd这/rzv不/d，/wd不好/ad搞/v。/wj
所以/c现在/t思想/n不/d愿意/v搞/v这个/rz。/wj
另外/c这个/rz里头/f呢/y，/wd净/d是/vshi得/v请客/vi，/wd送礼/vi。/wj
你/rr，/wd你/rr花/v了/ule钱/n吧/y，/wd虽然/c说/v这儿/rzs有时候/d儿/k能/v报销/v，/wd有时候/d儿/ng你/rr就/d不好/a报销/vn。/wj
报销/v不/d了/ule你/rr自个儿/rr掏/v，/wd你/rr掏/v不/d了/y。/wj
你/rr要/v不/d你/rr就/p白条/n儿/ng，/wd白条/n儿/k也/d不/d好/a办/v。/wj
人家/rr请/v你/rr吃/v，/wd你/rr你/rr也/d是/vshi不好意思/vl。/wj
所以/c这/rzv外边/f儿/k净/d是/vshi吃吃喝喝/vl。/wj
事儿/n办/v不/d成/v不/d是/vshi，/wd弄/v弄/v就/d，/wd就/d扔/v里头/f了/y。/wj
这/rzv急/v不/d定/v他/rr妈/n怎么着/ryv呢/y。/wj
你/rr也/d不/d知道/v，/wd想不到/vl的/ude1急/a你/rr都/d得/v着/uzhe。/wj
所以/c现在/t就/d搞/v这/rzv行/q儿/ng，/wd就是/d提/v，/wd提心吊胆/vl，/wd也/d不/d好/a干/v。/wj
这/rzv不/d是/vshi我们/rr，/wd嗯/e，/wd北戴河/ns玩儿/v完/vi以后/f，/wd机关干部/n全/a去/vf了/y。/wj
哦/e，/wd一个/mq人/n是/vshi五/m天/qt，/wd我/rr开车/vi拉/v着/uzhe，/wd到/v那儿/rzs也/d。/wj
这/rzv玩儿/v完/vi以后/f就/d回来/v，/wd全/a，/wd工作/vn搁/v下/f，/wd整顿/v。/wj
现在/t我们/rr正/d处于/v学习/v整顿/vn阶段/n。/wj
还/d搞/v不/d搞/v?/ww
搞/v，/wd搞/v什么/ry?/ww
这/rzv两/m笔/q就/d是/vshi，/wd二十一/m再/d加/v一百九十七/m万/m这/rzv家伙/n呢/y，/wd这/rzv，/wd这/rzv半/m年/qt急/v着/uzhe的/ude1！/wt
收入/n没有/v，/wd急/ad没/v少/a着/uzhe。/wj
唉/e，/wd领导/n不/d满意/v，/wd自个儿/rr没/d少/ad受累/vi，/wd弄/v的/ude1这么/rz一/m结局/n。/wj
光/d起诉/v费/n就/d花/v多少/ry?/ww
这/rzv一百九十七/m万/m起诉/vn费/n就/d是/vshi六千/m多/m。/wj
那/rzv二十一/m万/m呢/y，/wd是/vshi一千/m多/m。/wj
它/rr是/vshi百分之一/m到/v百分之二/m，/wd提取/v你/rr的/ude1起诉/vn费/n，/wd又/d请/v的/ude1律师/n。/wj
反正/d这/rzv都/d不/d是/vshi哪/ry一个/mq人/n的/ude1责任/n。/wj
大伙儿/rr办/v，/wd大伙儿/rr捅/v的/ude1漏子/n，/wd大伙儿/rr得/v那/rzv什么/ry。/wj
你/rr这/rzv不/d是/vshi小数/n儿/ng啊/y。/wj
这/rzv工作/vn都/d，/wd都/d不好/a弄/v，/wd所以/c现在/t我/rr也/d，/wd不/d愿意/v搞/v这个/rz了/y。/wj
你/rr说/v单独/d开车/vi吧/y，/wd我/rr这/rzv岁数/n儿/k也/d四十/m了/y，/wd我/rr还/d开/v得/ude3了/ule几/m年/qt呀/y?/ww
所以/c也/d，/wd现在/t正/d在/p犹豫/a着/uzhe。/wj
所以/c对/p工作/vn上/vf啊/y，/wd有/vyou，/wd自个儿/rr也/d有些/rz考虑/v。/wj
对/p我/rr爱人/n儿/k这/rzv工作/vn啊/y，/wd我/rr，/wd比较/d满意/v。/wj
她/rr离家/vi近/v哪/ry，/wd首先/d。/wj
这/rzv，/wd我/rr还/d什么/ry都/d甭管/c了/y。/wj
这/rzv反正/d反正/d咱们/rr农村/n，/wd我/rr本身/rz就/d是/vshi农村/n出身/v，/wd它/rr就/d本身/rz就/d有/vyou这/rzv男子/n大丈夫/n，/wd这/rzv这/rzv，/wd这个/rz。/wj
虽然/c说/v当/p干部/n儿/k叼/v，/wd他/rr家常/n事儿/n不/d愿意/v管/v。/wj
洗洗/v涮/v涮/v反正/d您/rr瞧/v那/rzv裤子/n脏/a，/wd脏/a就/d往/p那儿/rzs一/m扔/v。/wj
洗/v有/vyou干净/a的/ude1，/wd等/udeng从/p柜子/n里/f哪/ry干净/a我/rr就/d穿/v，/wd脏/a了/ule就/d，/wd就/d一/m扔/v。/wj
有时候/d儿/ng孩子/n就/d洗洗/v，/wd一般/a地/ude2我们/rr家里/s也/d比较/d体贴/v我/rr。/wj
嗯/e，/wd一般/ad是/vshi，/wd哦/e，/wd不/d是/vshi什么/ry大/a的/ude1这个/rz费劲/a的/ude1事儿/n啊/y，/wd体力/n劳动/vn啊/y，/wd哎/e，/wd小/a的/ude1都/d是/vshi她/rr就/d干/v了/y。/wj
除了/p您/rr像/p我/rr这/rzv有/vyou点儿/q大/a的/ude1那个/rz事儿/n我/rr就/d处理/v就/d行/vi了/y，/wd因为/c也/d顾/v不/d了/y。/wj
像/p外边/f儿/ng一/m天/qt弄/v得/ude3脚丫子/n朝/b天/n似的/uyy忙/v得/ude3挺/vi，/wd挺/d那/rzv什么/ry。/wj
这/rzv跑/v一/m天/qt，/wd从/p秦皇岛/ns开/v到/v家/q十/m个/q钟头/n，/wd您/rr说/v到/v家/q，/wd我/rr还/d干/v这/rzv干/v那个/rz哪/ry?/ww
到/p家/n就/d等/v着/uzhe吃/v了/y。/wj
所以/c自个儿/rr就/d，/wd基本/a情况/n就/d是/vshi这/rzv，/wd这么/rz一个/mq。/wj
我们/rr那/rzv位/q她/rr，/wd她/rr，/wd她/rr说/v一/m说/v。/wj
她/rr也/d是/vshi，/wd他们/rr，/wd她/rr是/vshi出生/vi是/vshi，/wd哦/e，/wd北京/ns，/wd老家/n是/vshi新/a城/n，/wd新城县/ns的/ude1。/wj
我/rr就/d，/wd就/d这么/rz一个/mq情况/n。/wj
我/rr，/wd我/rr这个/rz是/vshi，/wd提干/vi以后/f这/rzv部队/n结婚/vi呀/y，/wd就/d是/vshi，/wd就/d是/vshi个/q，/wd这个/rz搞/v对象/n啊/y，/wd得/v经过/p组织/n同意/v。/wj
我/rr是/vshi六八年/m回来/v探亲/vi，/wd是/vshi我/rr，/wd我/rr，/wd通过/p我/rr舅妈/n，/wd我/rr二/m舅妈/n给/p介绍/v的/ude1。/wj
我/rr二/m舅妈/n跟/p我们/rr家里/s他们/rr，/wd嗯/e，/wd家/n啊/y，/wd挨着/v，/wd没/d多/a远/a儿/ng。/wj
可是/c那/rzv阵/ng儿/ng，/wd她/rr是/vshi在/p马/n场/qv小学/n教书/vi的/ude1。/wj
教书/vi这/rzv完了/vi，/wd喷/v，/wd看/v人/n儿/k差不离/al，/wd自个儿/rr也/d拿/v不/d了/ule主意/n呀/y，/wd还/d得/ude3回去/v跟/p部队/n汇报/v去/vf。/wj
部队/n呢/y，/wd又/d来/vf人/n调查/vn，/wd就是/d政审/v呢/y，/wd因为/c我/rr是/vshi通讯兵/n。/wj
你/rr看/v我/rr是/vshi高炮/n不/d是/vshi，/wd我/rr不/d，/wd我/rr不管/c炮/n，/wd我/rr是/vshi电台/n。/wj
