我/rr是/vshi我/rr本身/rz是/vshi报务员/n，/wd通讯兵/n又/c，/wd本身/rz就/d十二/m条/q儿/ng。/wj
另外/c对/p这/rzv，/wd又/d是/vshi干部/n呢/y，/wd对/p家属/n的/ude1审查/vn也/d比较/d严/a一些/mq个/q。/wj
这/rzv都/d是/vshi部队/n提出/v的/ude1。/wj
七一年/m结婚/vi。/wj
嗯/e，/wd这/rzv大个儿/n是/vshi七二年/m。/wj
那/rzv，/wd嗯/e，/wd哎/e，/wd大个儿/n是/vshi七一年/m，/wd小个儿/n七/m，/wd是/vshi七二年/m。/wj
一年/m一/m个/q，/wd两年/m速/ag战/ng速决/vi。/wj
那/rzv阵/ng儿/ng什么/ry，/wd就/d是/vshi，/wd老家/n儿/ng呀/y，/wd他/rr说/v什么/ry呀/y，/wd也/d，/wd反正/d一个/mq也/d哄/v着/uzhe，/wd俩/m也/d轰/v着/uzhe，/wd趁着/p那/rzv什么/ry，/wd给/p你/rr哄/v起来/vf就/d完/vi事儿/n。/wj
那/rzv阵/ng儿/ng不/d是/vshi“/wyz一个/mq少/a点儿/q，/wd俩/m合适/a”/wyy的/ude1时候/n儿/ng吗/y?/ww
那/rzv阵/ng儿/ng正/d那个/rz时候/n儿/ng，/wd得了/vi，/wd俩/m，/wd完/vi了/ule以后/f就/d那/rzv。/wj
可是/c这/rzv一/m接/v，/wd这个/rz接/v完/vi这/rzv俩/m孩子/n以后/f那会儿/rzt也/d真/d着/uzhe点/n急/a。/wj
我/rr基本/a工资/n四十三/m，/wd我们/rr家里/s三十七八十/m块/q钱/n，/wd我/rr又/d在/p区/n政府/n工作/vn，/wd中午/t呢/y，/wd不/d能/v回家/vi吃/v饭/n，/wd哦/e，/wd在/p单位/n吃/v。/wj
那/rzv俩/m这/rzv俩/m孩子/n再/d一/m有/vyou病/n，/wd那/rzv阵/ng儿/ng可/v真/d着急/a。/wj
所以/c我/rr那/rzv阵/ng儿/ng房/n啊/y，/wd这个/rz，/wd结婚/vi时候/n儿/ng，/wd就/d我/rr这/rzv房/n，/wd部队/n那/rzv复/vg，/wd就/d是/vshi那个/rz转业/vn啊/y，/wd给/v了/ule我/rr一千/m多/m块/q钱/n儿/ng，/wd又/d得/ude3结婚/vi。/wj
那/rzv阵/ng儿/ng反正/d钱/n比/p这/rzv阵/ng儿/ng钱/n就/d顶用/a了/y，/wd哎/e，/wd用/p经济/n上/f就/d是/vshi。/wj
咝/x，/wd所以/c家里/s有/vyou老/a房/n。/wj
我/rr父亲/n呢/y给/v了/ule我/rr三/m间/q老/a房/n啊/y，/wd说/v把/pba老/a房/n给/p你/rr留/v下/f，/wd拆/v了/y。/wj
房子/n，/wd原先/d在/p那边/rzs儿/ng。/wj
这儿/rzs原先/d是/vshi一/m条子/n地/n。/wj
我/rr当兵/vi时候/n儿/ng，/wd那/rzv大队/n给/p留/v着/uzhe，/wd给/p军属/n就是说/c，/wd这/rzv条/q地/n谁/ry也/d不许/d盖房/v，/wd就/d给/p我/rr留/v的/ude1。/wj
一直/d是/vshi到/v这儿/rzs，/wd到/v这儿/rzs，/wd从/p后边/f儿/ng那/rzv排/q房/n，/wd自/p一/m进/vf门/n儿/ng那个/rz，/wd一直/d是/vshi到/v这儿/rzs。/wj
整/m个儿/n，/wd这/rzv一/m亩/q多/a地/n。/wj
所以/c这样/rzv儿/ng呢/y，/wd家里/s有/vyou旧/a的/ude1房/n，/wd我/rr岳父/n呢/y，/wd支援/v我/rr一/m万/m多/m砖/n，/wd喷/v，/wd盖/v起/vf三/m间/q房/n来/vf。/wj
这/rzv是/vshi七一年/m，/wd嗯/e，/wd七二年/m盖/v的/ude1。/wj
到/v八二年/m，/wd我/rr又/d给/v拆/v了/y。/wj
因为/p收入/n也/y，/wd也/d，/wd条件/n也/d好/a点儿/q，/wd开车/vi，/wd那/rzv阵/ng儿/ng就是/d搞/v运输/vn啊/y。/wj
这/rzv又/c，/wd又/d翻盖/v这么/rz一/m次/qv，/wd又/d盖/v了/ule这么/rz三/m间/q。/wj
那/rzv，/wd那/rzv两/m间/q。/wj
所以/c我/rr这/rzv，/wd我/rr这/rzv身体/n呀/y，/wd压根儿/d还/d，/wd还/d真/d不/d错/v。/wj
你/rr像/p住房/n面积/n不/d小/a不/d是/vshi，/wd唉/e，/wd虽然/c是/vshi，/wd这/rzv次/qv盖房/v都/d是/vshi自/rr，/wd自个儿/rr都/d是/vshi，/wd找/v同志/n们/k帮忙/vi啊/y。/wj
我/rr这/rzv房/n没有/d找/v正式/a建筑队/n，/wd都/d是/vshi我们/rr大队/n，/wd本身/rz也/d建设/v队/n都/d是/vshi这个/rz，/wd关系/n单位/n都/d都/d不错/a呀/y，/wd都/d是/vshi老街坊/n，/wd都/d是/vshi利用/v这个/rz星期日/t休息/v时间/n，/wd哎/e，/wd给/v，/wd都/d帮助/v给/p我/rr建筑/n的/ude1。/wj
哎/e，/wd虽然/c说/v你/rr像/v这样/rzv儿/ng呢/y，/wd就是/v自个儿/rr就/d是/vshi劳动/vn量/n大/a一些/mq个/q。/wj
你/rr像/v这/rzv一/m放/v暑假/t，/wd我们/rr，/wd我们/rr家里/s这/rzv就/d往/p院里/n推/v土/n。/wj
你/rr看/v这/rzv，/wd这/rzv根基/n这个/rz，/wd院子/n这/rzv本身/rz就/d垫/v起/vf这么/rz深/a来/vf了/y。/wj
所以/c现在/t的/ude1基/ng，/wd基础/n，/wd比/p我/rr原先/d那/rzv房/n的/ude1基础/n整/m高/a了/ule一/m米/q二/m。/wj
你/rr说/v就/d，/wd这个/rz前后/f都/d不/d能/v通车/vi，/wd都/d是/vshi小/a手推车/n儿/ng，/wd从/p那边/rzs儿/ng转/v过/uguo来/f往/p里/f运/v，/wd建房/vi之前/f准备/v，/wd这个/rz建/v的/ude1当中/f一直/d建/v完/vi，/wd里里/nr拉拉/v这/rzv几/m年/qt，/wd这/rzv家务/n劳动/vn比较/d多/a一些/mq个/q。/wj
你/rr像/v所以/c外边/f儿/ng上班/vi，/wd家里/s活儿/n也/d不/d少/a，/wd但是/c没/v，/wd没/d大/a毛病/n，/wd就是/d平常/a弄/v点/qt感冒/vi伍/m的/ude1啊/y，/wd哎/e，/wd这/rzv，/wd这/rzv就/d算/v什么/ry了/y。/wj
我/rr本身/rz有/vyou这个/rz胃/n幽门/n痉挛/vn。/wj
这/rzv在/p，/wd这/rzv这个/rz在/p部队/n都/d知道/v，/wd回来/v以后/f就/d没/v那/rzv什么/ry。/wj
喷/v，/wd身体/n还/d不错/a。/wj
你/rr看/v着/uzhe瘦/a不/d是/vshi，/wd现在/t是/vshi一百二十六/m，/wd也/d不/d知道/v符合/v不/d符合标准/n。/wj
反正/d就/d，/wd没/v，/wd没/v病/n，/wd就是/d感冒/vi。/wj
本身/rz有/vyou，/wd有/vyou一/m段/q儿/k偏/d头痛/a，/wd但是/c这个/rz不/d是/vshi那么/c用/p脑/n过度/d哇/y，/wd它/rr不/d疼/a。/wj
一年/m也/d疼/v不/d了/ule一/m次/qv两/m次/qv的/ude1。/wj
咝/x，/wd身体/n不错/a。/wj
我/rr爱人/n身体/n一样/uyy，/wd胖/a。/wj
她/rr，/wd不行/a，/wd身体/n她/rr就是/d有/vyou点儿/q关节/n儿/ng。/wj
她/rr原先/d是/vshi风湿/n性/ng关节/n儿/k疼/v。/wj
现在/t她/rr是/vshi尤其/d是/vshi背/v，/wd一千/m重/a点儿/q，/wd干/v点儿/q重/a活儿/n就/d不行/a了/y。/wj
她/rr那/rzv阵/ng儿/ng主要/d是/vshi这个/rz建房/vn时候/n儿/k那/rzv什么/ry的/ude1。/wj
T03/x男/b46/m初中/n工人/n汉/bDJTl2/x对于/p自己/rr的/ude1工作/vn，/wd嗯/e，/wd我/rr是/vshi五八年/m参加/v工作/vn，/wd嗯/e，/wd也/d就/d等于/v初中/n没/d毕业/v，/wd就/d参加/v工作/vn。/wj
那会儿/rzt社会/n上/f来讲/uls，/wd都/d是/vshi招工/vi，/wd自己/rr呢/y来讲/vi呢/y，/wd家庭/n生活/vn不/d太/d好/a。/wj
生活/vn不/d好/a呢/y，/wd就/d是/vshi，/wd就/d想/v呢/y，/wd就是/d为/v家里/s承担/v点儿/q负担/n，/wd是/vshi吧/y，/wd解决/v家/n点儿/q生活/vn问题/n。/wj
因为/p父亲/n这/rzv点儿/q生活费/n，/wd对/p自己/rr来讲/uls，/wd对/p家里/s来/vf讲/v呢/y，/wd都/d是/vshi比较/d那/rzv什么/ry的/ude1，/wd都/d是/vshi比较/d这个/rz困难/a的/ude1。/wj
嗯/e，/wd吃/v了/ule上/f顿/dg儿/ng没有/v下/f顿/dg儿/ng啊/y，/wd对/p吧/y，/wd或者/c是/vshi生活/vn比较/d紧/a哪/y。/wj
就/d即便/c是/vshi解放/v以后/f，/wd生活/vn不/d是/vshi什么/ry很/d富裕/a的/ude1，/wd哎/e。/wj
所以/c说/v呢/y，/wd就是/v从/p小儿/n呢/y，/wd就是/d想/v呢/y，/wd就是/d担负/v起/vf家里/s的/ude1这个/rz生活/vn，/wd哎/e。/wj
嗯/e，/wd那/rzv时候/n儿/k来讲/vi呢/y，/wd从/p自己/rr来/vf讲/v吧/y，/wd从/p社会/n上/f来讲/uls就/d招工/vi。/wj
嗯/e，/wd年岁/n不/d太/d，/wd刚/d十五/m或/c快/a十六/m了/y吧/y，/wd对/p吧/y，/wd嗯/e主动/a去/vf找/v的/ude1，/wd找/v了/ule工作/vn。/wj
我/rr，/wd我/rr总是/d觉得/v认为/v来讲/uls，/wd男/b，/wd男/b同志/n或/c是/vshi那/rzv一个/mq人/n，/wd活/v着/uzhe不/d非得/d迈进/vi学校/n这个/rz大门/n，/wd就/d是/vshi成为/v大学生/n。/wj
我/rr那会儿/rzt就/d这/rzv想法/n儿/ng，/wd哪儿/rys不/d都/d是/vshi学习/v吗/y?/ww
对/p不对/a。/wj
只要/c有/vyou心/n，/wd就/d能/v学习/v，/wd嗯/e，/wd打/v参加/v工作/vn以后/f呢/y，/wd自己/rr就/d一个/mq志愿/n。/wj
