老/a太监/n一/m瞧/v这/rzv姑娘/n好/a，/wd这/rzv，/wd给/p这/rzv姑娘/n吓/v背/v过/uguo气/n去/vf了/y。/wj
最后/f，/wd还/d是/vshi，/wd给/p这个/rz，/wd当/v了/ule这个/rz，/wd老/a太监/n的/ude1小/a老婆儿/n了/ule人家/n姑娘/n。/wj
就/d说/v那/rzv个/q社会/n这个/rz人/n与/cc人/n之间/f，/wd一点儿/mq，/wd甭/vd说/v感情/n啊/y，/wd一点儿/mq人性/n都/d没有/v。/wj
一点儿/mq人性/n都/d没有/v。/wj
啊/y，/wd嗬/x！/wt
那/rzv是/vshi更/d了/ule不得了/al，/wd哎/e！/wt
交通/n啊/y，/wd洋车/n，/wd拉/v洋车/n。/wj
后/f首/m儿/ng那个/rz，/wd那/rzv叫/vi什么/ry什么/ry叮/v叮/v儿/ng车/n，/wd是/vshi不/d是/vshi啊/y？/ww
叮/v叮/v儿/ng车/n，/wd哎/e。/wj
就/d是/vshi叮/v叮/v叮/v净/a什么/ry，/wd叮/v叮/v儿/ng车/n，/wd哎/e有轨/b电车/n，/wd有轨/b电车/n，/wd叫/vi叮/v叮/v儿/ng车/n。/wj
这/rzv叮/v叮/v儿/ng车/n呀/y，/wd每/rz这个/rz车上/s的/ude1乘客/n有/vyou二十/m个/q人/n哪/ry，/wd得/v有/vyou十几/m个/q人/n不/d买/v票/n。/wj
十几/m个/q人/n不/d买/v票/n。/wj
卖/v票/n的/ude1就是/v，/wd就/d不/d敢/v过去/vf卖/v去/vf。/wj
一/m瞧/v就/d是/vshi什么/ry本地/rzs的/ude1巡/vg官/n，/wd哪儿/rys的/ude1巡警/n，/wd这儿/rzs的/ude1侦缉/vn队/n，/wd啊/y5/f巡/vg官/n、/wn巡警/n、/wn侦缉/vn队/n这/rzv都/d不/d打/v票/n。/wj
这个/rz，/wd一/m天/qt的/ude1这个/rz这个/rz，/wd八/m个/q小时/n，/wd这/rzv车/n收回/v去/vf呀/y，/wd卖/v不/d了/ule几/m张/q票/n。/wj
买/v票/n的/ude1主/ag儿/ng呀/y，/wd都/d是/vshi一般/a的/ude1这个/rz，/wd哎/e，/wd老/a老/a老老实实/z的/ude1人/n。/wj
稍微/d的/ude1什么/ry一点儿/mq都/d不/d买/v票/n。/wj
一/m个/q跟/v一个/mq学/v。/wj
卖/v票/n的/ude1紧/a着/uzhe一/m什么/ry呀/y，/wd打/v卖/v票/n的/ude1。/wj
这/rzv交通/n。/wj
再说/vi啊/y这个/rz这个/rz，/wd这/rzv洋车/n，/wd拉/v洋车/n，/wd那/rzv洋车/n那/rzv更/d苦/a啦/y，/wd人力车/n。/wj
你/rr看/v过/uguo那/rzv个/q，/wd笑/v，/wd电影/n儿/ng啦/y什么/ry上头/f有/vyou那/rzv个/q人/n拉/v的/ude1人力/n车/n，/wd那/rzv人力车/n那个/rz，/wd更/d惨/a，/wd哎/e。/wj
拉/v着/uzhe人/n的/ude1，/wd啊/y？/ww
拿/v着/uzhe人/n哪/ry，/wd真是/d就/d当/v个/q牲口/n哇/y，/wd啊/e哎/e，/wd他/rr在/p上/f坐/v着/uzhe，/wd那/rzv人/n拉/v着/uzhe。/wj
9/vyou每天/r每天/r交/v车/n份儿/n。/wj
这/rzv车/n租/v出去/vf呀/y，/wd是/vshi，/wd二/m毛/nr1钱/n吧/y，/wd就/d这么/rz比方/n吧/y。/wj
每/rz一/m天/qt你/rr收/v收/v车/n的/ude1时候/n儿/ng，/wd必须/d得/ude3交/v这个/rz两/m毛/nr1钱/n。/wj
有的/rz时候/n儿/ng，/wd就/d是/vshi，/wd拉/v不/d着/uzhe不/d交/v车/n份儿/n。/wj
第二/m天/qt，/wd头天/t你/rr交/v不/d了/ule车/n份儿/n，/wd第二/m天/qt就/d不/d租/v给/p你/rr了/y，/wd这/rzv车/n。/wj
车/n就/d不/d租/v你/rr了/y。/wj
有的/rz时候/n儿/k就/d是/vshi差/a几/m，/wd差点儿/d钱/n。/wj
跟/p这个/rz，/wd熟人/n儿/ng吧/y，/wd或者/c什么/ry，/wd凑合/v，/wd给/p这/rzv车/q份儿/n交/v了/y。/wj
车/n啊/y，/wd那/rzv阵/ng儿/ng车场/n子/ng，/wd租/v车/n的/ude1呀/y，/wd有/vyou一个/mq车场/n子/ng。/wj
这/rzv车/q场子/n有/vyou这个/rz十几/m个/q这/rzv旧/a车/n。/wj
每天/r拉/v车/n的/ude1，/wd去/vf，/wd上/f那/rzv车场/n子/ng。/wj
上/f这/rzv车/q场子/n拉/v出/vf车/n去/vf。/wj
一/m拉/v车/n的/ude1带/v一/m号/q坎儿/n，/wd就/d那么/rz一/m坎肩/n儿/ng，/wd上头/f有/vyou有/vyou那/rzv个/q字/n，/wd有/vyou号码/n儿/ng。/wj
嗯/e，/wd那个/rz那个/rz坎肩/n儿/ng啊/y，/wd是/vshi公家/n，/wd说/v买卖/vn。/wj
没有/v那/rzv坎肩/n儿/ng你/rr不/d能/v拉/v车/n。/wj
车/n场子/n怎么/ryv，/wd算/v，/wd还/d得/ude3公家/n就/d卖/v的/ude1这/rzv坎肩/n儿/k得/v卖/v车场/n子/ng，/wd一个/mq坎肩/n儿/ng是/vshi多少/ry，/wd几/m毛/nr1钱/n吧/y。/wj
你/rr没/v这个/rz，/wd没/d这/rzv坎肩/n儿/ng，/wd你/rr不/d不/d不许/d你/rr拉/v车/n呀/y。/wj
就/d说/v人/n与/cc人/n之间/f那/rzv阵/ng儿/ng，/wd那/rzv份儿/q残酷/a劲儿/n呀/y。/wj
人/n与/cc人/n之间/f的/ude1这个/rz，/wd感情/n一点儿/mq都/d没有/v。/wj
现在/t啊/y，/wd你/rr再/d看/v，/wd现在/t交通情况/n多/m好/a。/wj
现在/t交/v交通情况/n多/m好/a哇/y！/wt
您/rr看看/v。/wj
嗯/e，/wd偶尔/d地/ude2感觉/v啊/y，/wd路/n窄/a点儿/n啦/y笑/v车/n多/a了/y，/wd各种/rz的/ude1车/n。/wj
尤其/d现在/t就/p这个/rz，/wd这个/rz这个/rz，/wd骑/v的/ude1这个/rz这个/rz摩托车/n，/wd戴/v着/uzhe钢盔/n的/ude1这个/rz，/wd啊/y。/wj
摩/b，/wd我/rr一/m我/rr一/m瞧/v，/wd戴/v着/uzhe那/rzv钢盔/n哟/e，/wd往/p脑袋/n上/f一/m戴/v，/wd我/rr思/v思想/n也/d是/vshi保守/a吧/y，/wd我/rr说/v这/rzv是/vshi玩儿命/v呢/y！/wt
这/rzv是/vshi笑/v是/vshi不/d是/vshi。/wj
戴/v着/uzhe钢盔/n嘛/y！/wt
真/d真/d快/a。/wj
啊/y有的/rz，/wd后/f，/wd头里/s戴/v着/uzhe钢盔/n，/wd后头/f还/d，/wd还/d挎/v着/uzhe一个/mq，/wd挎/v着/uzhe一/m女/b的/ude1。/wj
有的/rz是/vshi夫妻/n俩/m啦/y什么/ry的/ude1，/wd是/vshi啊/y那/rzv交通/n那/rzv份儿/q快/a劲儿/n啊/e真/d是/vshi，/wd玄/a，/wd嗯/e。/wj
D01/x男/b75/m文盲/n工人/n满/vBD01JD05/x反正/d我/rr我/rr啦/y，/wd就是/v呢/y，/wd小时候/t儿/ng啦/y，/wd就/d是/vshi，/wd哎/e，/wd个个/q儿/n啊/y，/wd父母/n啊/y，/wd父亲/n哪/ry，/wd那会儿/rzt拉/v洋车/n，/wd哎/e，/wd拉/v洋车/n又/c，/wd做/v个/q小工/n活儿/n啊/y，/wd也/d是/vshi那/rzv什么/ry。/wj
哎/e。/wj
我/rr母亲/n啦/y，/wd那会儿/rzt在家/vi，/wd哎/e，/wd这/rzv后/f首/m儿/ng啦/y，/wd给/p人家/n呀/y，/wd看/v过/uguo孩子/n呀/y，/wd哎/e，/wd是/vshi这么/rz着/vi。/wj
我/rr啦/y，/wd哎/e，/wd那会儿/rzt我/rr小/a，/wd我/rr才/d七八/m岁/qt儿/ng，/wd八九/m岁/qt，/wd那时/rzt侯儿/nrf。/wj
整个/b家里/s呀/y，/wd生活/vn，/wd指/v着/uzhe我/rr父亲/n拉/v车/n。/wj
那会儿/rzt晃/v晃/v儿/k也/d有/vyou挣/vi得/v着/uzhe钱/n，/wd有/vyou挣/vi不/d着/uzhe钱/n的/ude1时候/n儿/ng。/wj
啊/y，/wd就是/v我/rr一/m那/rzv什么/ry。/wj
后/f首/m儿/ng呢/y，/wd我/rr啦/y，/wd十几/m岁/qt的/ude1时候/n儿/ng呢/y，/wd也/d是/vshi家里/s啊/y，/wd哎/e，/wd帮/v着/uzhe家里/s啊/y，/wd哎/e，/wd抓/v那/rzv。/wj
就/d是/vshi什么/ry呀/y？/ww
那会儿/rzt拣/v个/q煤/n核儿/n哇/y。/wj
就/d说/v到/v新/a社会/n吧/y，/wd是/vshi不/d是/vshi，/wd不/d是/vshi那/rzv什么/ry，/wd哎/e哎/e，/wd就/d帮/v着/uzhe呀/y，/wd在/p家里/s，/wd省/n得/ude3买/v买/v煤/n去/vf了/y。/wj
家里/s拣/v点儿/q煤/n坯/n呢/y，/wd哎/e，/wd家里/s。/wj
哎/e，/wd这/rzv后/f首/m儿/ng，/wd我/rr大/a了/y了/y，/wd也/d横/v儿/ng是/vshi供/vi我/rr几/m年/qt的/ude1书/n几/m年/qt书/n，/wd个个/q儿/n啊/y，/wd也/d，/wd不用/d脑子/n，/wd个个/q儿/n啊/y，/wd也/d没/d往/p那/rzv心里/s去/vf，/wd个个/q儿/ng。/wj
这/rzv都/d是/vshi按/p这个/rz∷/m，/wd现在/t新/a社会/n了/y，/wd这么/rz一/m说/v啦/y，/wd这/rzv就/d个/q个儿/n呀/y，/wd笨/an，/wd个个/q儿/ng∷/m不/d入/v脑子/n。/wj
为什么/ryv不/d入/v脑子/n？/ww
你/rr个/q个儿/n拿/v这/rzv书/n哇/y，/wd不/d当/v回/qv事/n去/vf。/wj
这/rzv现在/t，/wd老/a啦/y，/wd也/d懂得/v这个/rz，/wd这/rzv社会/n的/ude1知识/n啊/y，/wd哎/e，/wd这/rzv事情/n啊/y，/wd也/d都/d个/q个儿/n明白/v啦/y，/wd也/d晚/a啦/y。/wj
