哎/e这/rzv是/vshi一/m，/wd这/rzv是/vshi一个/mq问题/n。/wj
再/d一个/mq来讲/vi呢/y，/wd就/d是/vshi现在/t来讲/vi呢/y，/wd就是/d讲/v到/v这个/rz工资/n的/ude1问题/n来讲/uls呢/y，/wd就/d是/vshi现在/t人/n的/ude1生活/vn水平/n怎么样/ryv，/wd这/rzv分/v怎么/ryv看/v，/wd这/rzv分/v怎么/ryv看/v，/wd对/p吧/y。/wj
你/rr是/vshi一个/mq人/n呢/y，/wd就是/v我们/rr中国/ns人/n来讲/uls呢/y，/wd一个/mq要/v知足/a，/wd对/p吧/y，/wd得知/v足/a。/wj
这个/rz这个/rz现在/t咱们/rr都/d是/vshi好像/v特别/d知足/a，/wd老人/n就/d是/vshi。/wj
我/rr像/p我/rr这样/rzv岁数/n儿/k的/ude1人/n哪/ry，/wd知足/a人/n比较/d多/a，/wd比较/d多/a。/wj
因为/p什么/ry?/ww
我们/rr那/rzv，/wd那会儿/rzt呢/y，/wd是/vshi吃/v了/ule上/f顿/dg儿/ng没/v下/f顿/dg儿/ng。/wj
社会/n不断/d往/p前/f发展/v，/wd是/vshi一年/m哪/ry比/p一年/m往/p前/f的/ude1，/wd就/d是/vshi生活/vi一年/m一年/m地/ude2向前/vi发展/v，/wd不/d是/vshi停留/vi在/p那儿/rzs，/wd对/p吧/y。/wj
现在/t一般/uyy地/ude2来讲/vi，/wd家庭/n来讲/uls，/wd都/d有/vyou电视机/n，/wd都/d有/vyou这个/rz这个/rz这个/rz，/wd家庭/n里/f简单/a点儿/q缝纫机/n，/wd对/p不对/a。/wj
再/d有/vyou一个/mq来讲/vi，/wd就/d还有/v的/ude1呢/y有/vyou冰箱/n，/wd对/p吧/y。/wj
甭管/c是/vshi八百五/m的/ude1，/wd还是/c一千/m多/m块/q钱/n的/ude1，/wd是/vshi吧/y，/wd再/d多/m点儿/q，/wd它/rr总归/d，/wd它/rr都/d有/vyou这些/rz东西/n，/wd这/rzv是/vshi城市/n来/vf讲/v。/wj
农村/n来讲/uls呢/y咱们/rr了解/v得/ude3不/d算/v太/d多/a，/wd对/p吧/y，/wd可能/v还/d有/vyou贫/ag的/ude1，/wd还有/v穷/a的/ude1，/wd对/p不/d对/v?/ww
还有/v富/a的/ude1也/d有/vyou，/wd也/d有/vyou起来/vf的/ude1。/wj
总归/d来讲/uls，/wd人民/n生活/vn水平/n是/vshi提高/v的/ude1。/wj
对于/p我/rr现在/t挣/vi的/ude1这/rzv点儿/q工资/n，/wd当然/d分/v和/cc谁/ry比/v，/wd对/p吧/y。/wj
分/v和/cc谁/ry比/v。/wj
我/rr和/cc我/rr自己/rr比/v，/wd现在/t来讲/uls，/wd生活/vn水平/n提高/v了/y，/wd对/p吧/y。/wj
可是/c哪/ry，/wd要是/c和/cc这/rzv什么/ry呢/y，/wd要是/c和/cc这/rzv一些/mq外边/f儿/ng的/ude1，/wd所谓/v的/ude1“/wyz倒儿爷/n”/wyy对/p吧/y，/wd所谓/v的/ude1这个/rz这个/rz万元户/n儿/ng是/vshi哇/y，/wd还有/v一/m个体户/n儿/ng，/wd那/c咱们/rr就/d比/p不/d了/y，/wd是/vshi吧/y，/wd咱/rr就/d比/p不/d了/y。/wj
可是/c这种/r来讲/vi哪/y，/wd有/vyou一些/mq东西/n来讲/uls哪/y，/wd我/rr认为/v来讲/uls哪/y，/wd这个/rz，/wd这个/rz，/wd也/d没法儿/nl比/v，/wd也/d没法儿/nl比/v，/wd对/p吧/y。/wj
因为/p怎么/ryv比/v呢/y，/wd他/rr是/vshi，/wd他/rr的/ude1这个/rz工作/vn来/f讲/v呢/y，/wd干/v了/ule以后/f，/wd他/rr是/vshi归/v他/rr自己/rr的/ude1，/wd对/p吧/y，/wd归/v他/rr自己/rr的/ude1。/wj
咱们/rr的/ude1工作/vn是/vshi给/p国家/n的/ude1，/wd咱们/rr，/wd咱们/rr是/vshi兼/v着/uzhe三者/r利益/n，/wd他/rr那个/rz现在/t没有/d提倡/v三者/r利益/n，/wd是/vshi哇/y，/wd给/p国家/n交/v点儿/q什么/ry这个/rz适当/a点儿/q税/n就/d完/vi了/y，/wd对/p吧/y。/wj
剩下/v大部分/m都/d归/v自己/rr对/p吧/y。/wj
所以/c说/v我们/rr工人/n考虑/v的/ude1呢/y是/vshi应该/v考虑/v三者/r利益/n，/wd对/p吧/y。/wj
一个/mq是/vshi国家/n，/wd集体/n，/wd个人/n。/wj
这/rzv三者/r利益/n是/vshi完全/ad来/vf兼顾/v，/wd因为/c你/rr没有/v国家/n，/wd你/rr谈/v不/d到/v谈/v不/d到/v咱们/rr整个/b儿/n一个/mq这个/rz这个/rz个人/n，/wd对/p吧/y。/wj
所以/c说/v这个/rz，/wd这个/rz这个/rz，/wd再/d有/vyou来讲/vi，/wd个体/n这个/rz这个/rz问题/n来讲/uls，/wd我/rr认为/v来讲/uls，/wd这个/rz国家/n刚刚/d发展/v，/wd今后/t到底/d怎么办/ryv，/wd这/rzv还/d得/ude3有/vyou，/wd有条不紊/al地/ude2慢慢/d，/wd慢/a地/ude2改正/v，/wd对/p吧/y。/wj
他/rr的/ude1多/a了/y，/wd现在/t不/d是/vshi又/d，/wd又/d产生/v一个/mq这个/rz有/vyou一/m种/q税/n吗/y，/wd是/vshi哇/y，/wd个人所得税/n，/wd哈/b，/wd个人所得税/n。/wj
超过/v五百/m块/q钱/n或/c多少/ry钱/n，/wd是/vshi哇/y，/wd一千/m多/m块/q钱/n要/v交/v税/n的/ude1，/wd啊/e要/v交/v税/n的/ude1。/wj
这个/rz这个/rz也/d，/wd也/d在/p，/wd你/rr瞧/v他们/rr说/v的/ude1，/wd咱们/rr工资/n一月/t拿/v不/d了/ule一百/m多/m块/q钱/n，/wd是/vshi哇/y，/wd一百/m多/m二百/m来/m块/q钱/n，/wd人家/rr呢/y都/d拿/v五六百/m，/wd一千/m或/c是/vshi更/d多/a一些/mq，/wd对/p不/d对/v?/ww
嗯/e，/wd这个/rz哪/ry也/d挺/d悬殊/a的/ude1，/wd是/vshi哇/y，/wd也/d挺/d悬殊/a的/ude1。/wj
总归/d来讲/uls，/wd我/rr认为/v来讲/uls呢/y，/wd这个/rz这个/rz来讲/vi呢/y，/wd国家/n一定/d在/p这个/rz问题/n上/f得/ude3要/v注意/v的/ude1，/wd得/v要/v这个/rz，/wd这个/rz进步/vn和/cc要/v这个/rz啊/y克制/v这些/rz东西/n，/wd对/p吧/y。/wj
现在/t不/d是/vshi说/v，/wd前天/t赵/nr1紫阳/ns或是/c谁/ry说/v，/wd说/v是/vshi有/vyou一部分/m人/n要/v发展/v是/vshi哇/y，/wd发展/v也/d不/d能/v过/uguo头儿/n过/uguo头儿/n喽/y，/wd哈/b，/wd不能/v太/d过/uguo头儿/n喽/y。/wj
要/v克制/v这些/rz这个/rz个人/n的/ude1发展/vn太/d过/uguo太/d过/uguo头儿/n。/wj
反正/d总归/d来讲/vi吧/y，/wd啊/e就/d是/vshi工资/n来讲/uls吧/y，/wd我/rr认为/v来讲/uls呢/y，/wd这个/rz啊/y你/rr要/v你/rr要/v认为/v自己/rr，/wd我/rr对/p国家/n贡献/n不/d大/a，/wd对/p吧/y，/wd我/rr对/p国家/n贡献/n不/d大/a，/wd你/rr就/d认为/v你/rr的/ude1工资/n合适/a了/y，/wd对/p不对/a，/wd你/rr老/d认为/v我/rr的/ude1贡献/n比/p这个/rz，/wd比/v，/wd比/p比/p我/rr的/ude1工作/vn差/a得/ude3远/a着/uzhe呢/y，/wd对/p吧/y，/wd对/p不对/a，/wd你/rr给/p我/rr的/ude1工资/n太/d少/a，/wd那/c你/rr老/a不/d合适/a。/wj
钱/n是/vshi无尽/b无/v休/v，/wd个体户/n儿/k也/d是/vshi一样/a。/wj
对/p吧/y，/wd他/rr挣/vi多少/ry钱/n，/wd他/rr有的/rz人/n他/rr还/d得/v那儿/rzs拨/v拨/v那/rzv秤杆/n呢/y，/wd对/p吧/y。/wj
他/rr钱/n挣/vi的/ude1钱/n不/d少/a吧/y，/wd他/rr万元户/n儿/ng了/y，/wd他/rr，/wd他/rr几/m十/m万/m元/q了/y，/wd他/rr几/m百/m万/m元/q了/y，/wd他/rr有/vyou的/ude1时候/n儿/k还/d在/p坑人/vi。/wj
这/rzv人/n的/ude1私欲/n啊/y，/wd私/ag字/n啊/y，/wd这/rzv是/vshi这个/rz来讲/vi啊/y，/wd有的/rz时候/n儿/k很/d厉害/a，/wd很/d厉害/a，/wd他/rr还/d在/p坑人/vi。/wj
有的/rz时候/n儿/k在/p，/wd在/p，/wd在/p他/rr的/ude1这个/rz这个/rz，/wd嗯/e，/wd做/v一些/mq什么/ry工作/vn的/ude1时候/n儿/ng，/wd或者/c还有/v一些/mq什么/ry什么/ry买卖/v的/ude1时候/n儿/ng，/wd他/rr也/d有/vyou一些/mq做/v些/q假/a。/wj
他/rr就/d因为/p这/rzv一点儿/mq吗/y?/ww
对/p不对/a，/wd他/rr没/d吃/v?/ww
他/rr没/d喝/vg?/ww
他/rr骗/v骗人/vi?/ww
对/p吧/y，/wd我/rr认为/v他/rr有些/rz的/ude1那个/rz要饭/vi的/ude1或者/c有/vyou些/q真/a的/ude1，/wd他/rr要/v骗/v骗人/vi，/wd那/rzv还/d是/vshi可以/v的/ude1，/wd对/p不对/a，/wd因为/c他们/rr确实/ad没有/v吃/v，/wd转/v过/uguo来/f抓/v你/rr抢/v你/rr的/ude1，/wd他/rr没/d没有/d吃/v。/wj
他/rr生活/vi不/d那/rzv，/wd他/rr就/d有/vyou个人/n的/ude1私欲/n，/wd一个/mq人/n的/ude1生活/vn呀/y，/wd生活/vn的/ude1这个/rz目的/n，/wd世界观/n，/wd总归/d来讲/uls还是/c世界观/n的/ude1问题/n，/wd对/p吧/y。/wj
当然/d我/rr是/vshi个/q党员/n，/wd对/p不对/a，/wd我/rr的/ude1，/wd我/rr的/ude1世界观/n就/d是/vshi共产主义/n，/wd对/p吧/y，/wd我/rr的/ude1共产主义/n就/d是/vshi共产主义/n，/wd对/p吧/y。/wj
我/rr就是/d让/v大家伙儿/rr都/d应该/v富/vg起来/vf，/wd这/rzv是/vshi我们/rr这个/rz党/n的/ude1这个/rz这个/rz这个/rz这个/rz一/m个/q性质/n，/wd对/p吧/y。/wj
