也/d就是/v我/rr的/ude1这个/rz这个/rz个/q，/wd个/q，/wd个/q，/wd个人/n的/ude1愿望/n，/wd对/p吧/y。/wj
可是/c来讲/vi呢/y，/wd这些/rz人/n来讲/uls，/wd我/rr，/wd我/rr认为/v来讲/uls，/wd关键/n就/d是/vshi为什么/ryv的/ude1问题/n。/wj
一/m个/q人/n生活/vn为什么/ryv?/ww
他/rr不/d明白/v这个/rz道理/n，/wd对/p吧/y。/wj
我们/rr在/p一定/b的/ude1这个/rz这个/rz这个/rz有/vyou一定/b的/ude1钱/n，/wd有的/rz人/n就/d很/d好/a，/wd对/p吧/y，/wd他/rr真/d确实/a他/rr成/v了/ule万元户/n儿/ng，/wd成/v了/ule什么/ry，/wd他/rr拿/v了/ule一些/mq钱/n资助/v一些/mq这儿/rzs，/wd资助/v一些/mq那儿/rzs，/wd这样/rzv儿/ng的/ude1也/d有/vyou。/wj
那样/rzv儿/ng的/ude1世界观/n又/d不/d一样/uyy，/wd它/rr又/d不/d一样/uyy，/wd对/p吧/y。/wj
不光/c是/vshi个体户/n儿/k的/ude1都/d不好/a，/wd对/p不对/a，/wd都/d不好/a，/wd有/vyou很多/m是/vshi好/a的/ude1，/wd是/vshi吧/y。/wj
有/vyou很多/m的/ude1是/vshi好/a的/ude1。/wj
还有/v一些/mq无/v照/v商/vg的/ude1经营/vn，/wd这些/rz东西/n来讲/uls，/wd那/rzv不/d前/f一/m段/q儿时/t间/f在/p那个/rz永/d外/f火车站/n那儿/rzs哈/b儿/ng，/wd抢/v西瓜/n这/rzv事儿/n，/wd北京市/ns这样/rzv一/m件/q事儿/n。/wj
对/p不/d对/v?/ww
你/rr说/v他/rr是/vshi至于/p吗/y?/ww
他/rr在/p抢/v那个/rz西瓜/n，/wd是/vshi吧/y，/wd他/rr就/d是/vshi他/rr不/d抢/v那个/rz西瓜/n他/rr就/d没/v饭/n吃/v了/ule吗/y?/ww
很/d不至于/d的/ude1。/wj
他/rr吃/v得/ude3相当/d好/a，/wd他/rr为什么/ryv抢/v?/ww
私欲/n太/d大/a，/wd就/d想/v着/uzhe什么/ry就/d，/wd我/rr，/wd我/rr不/d，/wd我/rr的/ude1不/d费/v一切/rz的/ude1这个/rz这个/rz劳动力/n，/wd我/rr就/d能/v把/pba钱/n都/d赚/v到/v手/n里头/f，/wd我/rr就/d抢/v了/ule你好/vl，/wd我/rr就/d什么/ry的/ude1，/wd是/vshi不/d是/vshi就/d是/vshi这个/rz无法无天/vl！/wt
像/p这些/rz东西/n来讲/uls，/wd我/rr认为/v国家/n就/d应该/v着手/v这个/rz，/wd这个/rz应该/v抓/v一/m抓/v。/wj
为什么/ryv?/ww
这/rzv是/vshi旧/a社会/n才/d有/vyou这种/r东西/n，/wd连/ulian抢/v人/n带/v，/wd就/d是/vshi那个/rz，/wd那个/rz那个/rz，/wd南/b霸/n天/qt，/wd这/rzv几/m霸/ng天/n这些/rz什么/ry这/rzv旧社会/n的/ude1天桥/n儿/k这/rzv一/m大/a堆/n这/rzv，/wd这些/rz流氓/n，/wd地痞/n，/wd阿飞/n们/k，/wd他们/rr不/d是/vshi就/d是/vshi就是/v这种/r样子/n吗/y?/ww
是/vshi哇/y，/wd想/v抢/v你/rr的/ude1就/d抢/v你/rr的/ude1，/wd想/v欺负/v你/rr就/d欺负/v你/rr，/wd打/v你/rr就/d打/v你/rr，/wd对/p吧/y，/wd无所顾忌/vl。/wj
法律/n，/wd哪儿/rys有/vyou什么/ry法律/n呢/y?/ww
所以/c说/v这些/rz事情/n来/vf讲/v呢/y，/wd我/rr认为/v来讲/uls呢/y，/wd就/d是/vshi应该/v，/wd就/d是/vshi应该/v那/rzv什么/ry，/wd这个/rz实行/v法律/n，/wd实行/v我们/rr这个/rz这个/rz这个/rz，/wd我们/rr还有/v一个/mq可以/v这样/rzv儿/ng讲/v，/wd可以/v这样/rzv儿/ng讲/v，/wd有/vyou一个/mq无产阶级/n专政/n，/wd对/p不/d对/v?/ww
应该/v加强/v无产阶级/n专政/n，/wd四/m，/wd这个/rz这个/rz四/m项/q原则/n，/wd对/p吧/y。/wj
这个/rz就/d应该/v该/v怎么办/ryv，/wd就/d得/ude3怎么办/ryv，/wd是/vshi吧/y，/wd还/d能/v让/v他们/rr逍/x之/uzhi法/n外/f，/wd是/vshi吧/y，/wd为所欲为/vl?/ww
是/vshi哇/y。/wj
人家/n个/q，/wd一个/mq农民/n从/p那/rzv个/q，/wd从/p那/rzv个/q，/wd那个/rz广州/ns运/v来/vf的/ude1西瓜/n，/wd多/m辛辛苦苦/z弄/v来/vf的/ude1。/wj
人/n这儿/rzs有/vyou一个/mq货位/n，/wd对/p不/d对/v?/ww
人家/rr弄/v的/ude1货位/n去/vf卖/v，/wd你/rr可以/v到/v那儿/rzs去/vf买/v去/vf嘛/y，/wd对/p吧/y。/wj
你/rr到/v那儿/rzs可以/v去/vf弄/v去/vf嘛/yI/x完/vi了/ule以后/f跟/v着/uzhe这个/rz这/rzv什么/ry，/wd这个/rz这个/rz火车站/n一些/mq这个/rz这些/rz人/n啊/y，/wd正式/a职工/n啊/y，/wd对/p吧/y，/wd内外/f勾结/v，/wd完/vi了/ule以后/f跟/p人家/rr起哄/vi，/wd完/vi了/ule愣/dg抢/v，/wd开/v抢/v，/wd对/p吧/y，/wd嗯/e两/m万/m，/wd两/m万/m五千/m斤/q西瓜/n，/wd完/vi了/ule以后/f给/p人家/rr抢走/v一/m万/m五/m，/wd还/d剩/v一/m万/m。/wj
嗯/e，/wd这/rzv是/vshi社会主义/n国家/n，/wd这些/rz人/n就是/v这个/rz这个/rz这个/rz这个/rz丧心病狂/al到/v这个/rz地步/n。/wj
这/rzv应该/v管/v了/y，/wd不管/c所以/c说/v我们/rr的/ude1社会/n风气/n不/d会/v好/a，/wd对/p吧/y。/wj
人/n不/d要/v被/pbei钱/n给/p迷住/v了/ule眼/n，/wd对/p吧/y?/ww
我们/rr挣/vi的/ude1钱/n是/vshi不/d多/a。/wj
我/rr尤其/d我们/rr工人/n挣钱/vi，/wd我们/rr自豪/a。/wj
我们/rr挣/vi的/ude1是/vshi我们/rr工作/vi的/ude1钱/n，/wd对/p吧/y，/wd我们/rr给/p国家/n创造/v一定/b的/ude1财富/n了/y，/wd对/p不/d对/v?/ww
我们/rr所/usuo得/v的/ude1我们/rr钱/n，/wd我们/rr能够/v生活/vn，/wd我们/rr心里/s就/d是/vshi痛快/a的/ude1，/wd那/c我们/rr能够/v维持/v我们/rr生活/vi嘛/y对/p不/d对/v?/ww
我们/rr心里/s就/d是/vshi痛快/a的/ude1，/wd这/rzv是/vshi我/rr个人/n的/ude1感觉/n。/wj
当然/d说/v，/wd钱/n少/a不/d少/a，/wd确实/ad不/d多/a，/wd跟/p人/n比/p确实/ad不/d多/a，/wd一/m比/p起来/vf，/wd我们/rr一/m聊/v就是/v这样/rzv儿/ng，/wd所以/c在/p下面/f儿/ng一/m聊/v就是/v这样/rzv儿/ng。/wj
你/rr说/v让/v我们/rr扪/x心/n说话/vi，/wd我/rr这/rzv钱/n就/d够/v多/a的/ude1了/y，/wd不/d实/a，/wd对/p吧/y，/wd我/rr还/d希望/v多/a，/wd生活/vn水平/n我/rr还是/d还/d是/vshi高/a的/ude1。/wj
对/p不/d对/v?/ww
人民/n生活/vn水平/n都/d提高/v，/wd我/rr的/ude1工资/n也/d照样/d儿/ng长/a，/wd一样/a。/wj
是/vshi不/d是/vshi啊/y?/ww
这/rzv是/vshi个/q人/n讲/v的/ude1一点儿/mq工作/vn。/wj
这/rzv是/vshi工资/n的/ude1，/wd这/rzv工资/n的/ude1问题/n。/wj
现在/t雨水/n比较/d多/m点儿/q，/wd今年/t，/wd就/d是/vshi今年/t，/wd往年/t都/d不/d是/vshi这样/rzv儿/ng。/wj
可是/c这个/rz雨水/n来讲/uls呢/y，/wd就/d是/vshi咱们/rr，/wd嗯/e，/wd我/rr因为/p我/rr生/v在/p北京/ns北京市/ns，/wd长/v在/p北京市/ns，/wd对/p吧/y，/wd我/rr就/d根本/d没/d离开/v这/rzv，/wd这/rzv块儿/n地/n儿/ng，/wd就/p天桥/n儿/k这/rzv块儿/n地方/n。/wj
啊/y从/p小儿/n生/v，/wd降生/vi就/d在/p这儿/rzs，/wd所以/c过去/t那会儿/rzt，/wd什么/ry那个/rz天气/n来讲/uls呢/y，/wd嗯/e解放前/t的/ude1天气/n，/wd冬天/t特别/d冷/a，/wd冬天/t特别/d冷/a。/wj
因为/p这/rzv也/d搭/v着/uzhe什么/ry人/n呢/y，/wd这个/rz这个/rz，/wd这个/rz饥/ag饥/ag饥/ag，/wd这个/rz这个/rz这个/rz不/d饱/a，/wd肚子/n不/d饱/a，/wd穿/v着/uzhe也/d特别/d单薄/a，/wd可能/v人/n。/wj
嗯/e，/wd过去/t哪儿/rys有/vyou说/v，/wd这儿/rzs里/f外/f三/m层/qv，/wd有/vyou这/rzv，/wd有/vyou那/rzv的/ude1，/wd是/vshi不/d是/vshi?/ww
我/rr小时/n就/d一个/mq棉袄/n，/wd空心/b儿/ng棉袄/n，/wd对/p不/d对/v?/ww
还/d破/v破/v拉/v撒/v，/wd对/p吧/y，/wd所以/c我/rr感觉/v呢/y，/wd这/rzv天气/n呢/y就/d是/vshi比较/d冷/a，/wd手脚/n都/d冻/v得/v，/wd我/rr的/ude1手/n都/d冻/v得/ude3大/a疤/n痢/x，/wd大/a口子/n，/wd对/p吧/y。/wj
脚/n也/d冻/v了/y，/wd老是/d呢/y就/d回家/vi以后/f吧/y，/wd把/pba那/rzv棉花/n啊/y，/wd那个/rz旧/a棉花/n烤/v烧/vi了/y，/wd烧/vi成/v灰/ag儿/ng，/wd贴/v在/p上/f头儿/n，/wd完/vi了/ule以后/f呢/y，/wd拿/v热水/n先/d烫/v完了/vi，/wd贴/v在/p上/f头儿/n。/wj
哎/e甚至/d呢/y，/wd有时候/d儿/k没有/d搽/v手/n油/n，/wd买/v块儿/n大油/n往/p手里/s蹭/vi蹭/vi，/wd拿/v火/n儿/ng，/wd弄/v火/n儿/ng上来/vf烤/v去/vf，/wd这样/rzv儿/ng来讲/vi呢/y，/wd滋润/v滋润/v那个/rz皮肤/n，/wd那/rzv是/vshi小时候/n儿/k治疗/v的/ude1方法/n。/wj
