现在/t有/vyou什么/ry冻疮/n膏/ng啊/y，/wd有/vyou这个/rz，/wd那个/rz现在/t基本/n上/f就/d没/v人/n儿/k冻/v哪儿/rys有/vyou什么/ry冻/v的/ude1!/wt
一/m个/q呢/y天气/n暖和/a的/ude1原因/n是/vshi什么/ry呢/y，/wd我/rr认为/v工业/n发展/vn，/wd像/p二/m硫化/v二/m，/wd二/m这个/rz这个/rz空气/n呀/y，/wd现在/t这个/rz，/wd这个/rz烟筒/n也/d特别/d多/a，/wd啊/y，/wd工业/n发展/vn特别/d快/a，/wd这样/rzv儿/ng呢/y，/wd就/d造成/v大气/n有些/rz污染/vn。/wj
啊/e现在/t你/rr每天/r早晨/t起来/vf，/wd你/rr，/wd你/rr跟/p以前/f的/ude1那个/rz天气/n就/d不/d一样/uyy，/wd不/d清爽/a，/wd不/d清晰/a，/wd对/p吧/y，/wd老/a嗓子眼/n儿/k憋/v得/ude3慌/a似的/uyy。/wj
所以/c大气/n大气/n呢/y有/vyou点儿/q被/pbei空气污染/n比较/d厉害/a。/wj
现在/t汽车/n，/wd交通/n啊/y，/wd交通/n的/ude1汽车/n，/wd那个/rz排放/vn都/d是/vshi黑/a离子/n，/wd炭/n离子/n，/wd炭/n离子/n特别/d多/a。/wj
你/rr看/v不/d见/v，/wd对/p不/d对/v?/ww
尤其/d那个/rz警察/n，/wd嗯/e，/wd在/p那儿/rzs哈/b儿/n这个/rz站岗/vi的/ude1时候/n儿/ng，/wd一下/mq，/wd一/m下班/vi以后/f那/rzv鼻子/n都/d出/vf黑/a，/wd黑/a烟/n儿/ng，/wd对/p吧/y。/wj
这/rzv现在/t来讲/vi呢/y，/wd排放/v出/vf的/ude1这个/rz呢/y，/wd对/p咱们/rr这/rzv空气/n都/d是/vshi有/vyou很/d大/a污染/vn，/wd是/vshi哇/y，/wd听说/v现在/t什么/ry这个/rz亚运会/n要/v在/p北京/ns召开/v。/wj
咱们/rr这个/rz环保/n是/vshi相当/d注意/v，/wd因为/c我/rr也/d了解/v这个/rz情况/n，/wd对/p吧/y?/ww
北京/ns咱们/rr这儿/rzs，/wd你/rr跟/p人家/rr说/v呀/y，/wd我/rr这个/rz有/vyou天坛/ns公园/n，/wd有颐/nr2和/cc，/wd有/vyou颐和园/ns，/wd有/vyou故宫/ns，/wd有/vyou，/wd有/vyou动物园/n，/wd又/d有/vyou这么/rz多/a古迹/n，/wd又/c交通/n也/d挺/d那个/rz方便/v这个/rz那个/rz，/wd人家/rr说/v都/d好/a，/wd这个/rz环境污染/n，/wd现在/t来/f讲/v是/vshi这个/rz这个/rz提高/v到/v城市/n建设/vn的/ude1最/d关键/a的/ude1要/v要害/n地方/n。/wj
这/rzv是/vshi在/p从/p城建/n方面/n来讲/uls，/wd这个/rz工作/vn来/f讲/v比较/d关键/a。/wj
物价/n来讲/uls呢/y，/wd当然/d是/vshi这个/rz物价/n是/vshi经济/n的/ude1杠杆/n儿/ng了/y，/wd对/p不对/a。/wj
现在/t来讲/vi呢/y，/wd是/vshi哪儿/rys哈/v儿/ng亏本/vi儿/ng就/d涨/vi涨价/vi儿/ng，/wd对/p吧/y，/wd涨/vi涨价/vi儿/ng这种/r现象/n来讲/uls是/vshi不/d算/v太/d好/a。/wj
可是/c国家/n呢/y，/wd是/vshi调整/v，/wd调整/v平/a的/ude1这/rzv一个/mq主要/d这/rzv方面/n，/wd对/p不对/a。/wj
现在/t听说/v要/v把/pba这个/rz物价/n全都/d放开/v，/wd全都/d放开/v。/wj
要/v真正/d全都/d放开/v也/d不/d是/vshi不行/a，/wd也/d完全/ad可以/v。/wj
因为/p咱们/rr原来/d呢/y，/wd就/d是/vshi解放/v以后/f呢/y，/wd国家/n就/d是/vshi标定/v的/ude1一些/mq固定/a，/wd就是/v把/pba这个/rz物价/n呢/y给/p卡/n死/v了/y。/wj
给/v，/wd国家/n给/p卡/n死/v了/y，/wd现在/t突然/ad一/m放开/v哪/ry，/wd老/a百/m性/ng可能/v吧/y不/d太/d适应/v。/wj
可是/c放开/v的/ude1时候/n儿/ng呢/y，/wd也/d得/ude3要/v我/rr认为/v来讲/uls，/wd就/d得/ude3要/v照顾/v到/v工人/n的/ude1生活/vn。/wj
因为/p工人/n来讲/uls，/wd他/rr的/ude1生活/vn水平/n是/vshi比较/d低/a的/ude1。/wj
现在/t，/wd不/d是/vshi很/d高/a，/wd对/p吧/y。/wj
你/rr不管/c怎么/ryv着/uzhe，/wd现在/t他/rr是/vshi以/p工资/n为/p生活/vn，/wd对/p吧/y。/wj
真正/d要/v是/vshi把/pba物价/n完全/ad完全/ad放开/v了/y，/wd这些/rz老百姓/n的/ude1生活/vn是/vshi啊/y真/d成问题/vl，/wd那/rzv北京市/ns是/vshi要/v闹/v事儿/n的/ude1。/wj
人们/n要/v闹/v事儿/n的/ude1。/wj
对/p不对/a，/wd嗯/e，/wd一定/d要/v把/pba这个/rz这个/rz掌握/v好/a。/wj
当然/d我们/rr是/vshi个/q党员/n来/vf讲/v不/d会/v去/vf闹/v事儿/n，/wd我们/rr也/d需要/v去/vf做/v工作/vn的/ude1。/wj
那/rzv总归/d来讲/uls，/wd是非/n党员/n还是/c比较/d多/a的/ude1，/wd是/vshi哇/y。/wj
不/d是/vshi每个/r人/n都/d是/vshi党员/n的/ude1，/wd对/p不对/a。/wj
这个/rz工作/vn来/f讲/v呢/y，/wd是/vshi一个/mq要/v靠/v上/f做/v，/wd要/v靠/v下/vf做/v，/wd要/v靠/p商业/n局/qv一块儿/d去/vf做/v，/wd对/p不对/a。/wj
嗯/e，/wd那/rzv得/v就/d得/ude3协调/a好/a，/wd这个/rz不/d是/vshi一/m句/q话/n，/wd两/m句/q话/n的/ude1事情/n，/wd这/rzv是/vshi一个/mq国家/n的/ude1大/a事情/n，/wd对/p吧/y。/wj
你/rr觉得/v你/rr说/v现在/t来讲/vi咱们/rr说/v从/p物价/n来/vf看/v吧/y，/wd说/v现在/t的/ude1物价/n就/d每年/r在/p递增/vi，/wd每年/r在/p递增/vi。/wj
我/rr说/v这/rzv话/n你/rr看/v你/rr也/d不/d相信/v，/wd对/p吧/y，/wd每年/r在/p递增/vi，/wd咱们/rr说/v个/q简单/a的/ude1例子/n，/wd从/p花生米/n来讲/uls吧/y，/wd前/f一/m段时间/n，/wd国家/n还/d说/v，/wd现在/t你/rr瞧/v花生米/n放开/v了/y，/wd老/d卖/v老/a涨/vi老/a在/p一/m块/q二/m了/y，/wd不知/v怎么/ryv着/uzhe。/wj
今年/t就/d不行/a了/y，/wd去年/t年底/t就/d开始/v就/d变/v一/m块/q三/m，/wd一/m块/q四/m，/wd现在/t又/d变成/v一/m块/q六/m。/wj
今年/t就/d递增/vi递增/vi到/v一/m块/q六/m了/y，/wd对/p吧/y。/wj
所以/c说/v呢/y，/wd这个/rz问题/n来讲/uls呢/y是/vshi些/q个/q现实/n，/wd对/p吧/y。/wj
现在/t来讲/vi呢/y，/wd是/vshi今年/t这个/rz西瓜/n卖/v一/m块/q，/wd明年/t就/d得/ude3卖/v一/m块/q五/m了/y。/wj
这/rzv事儿/n就/d是/vshi每年/r都/d在/p递增/vi，/wd这/rzv是/vshi必然/b的/ude1。/wj
就/d是/vshi每年/r递增/vi的/ude1最高/a和/cc最低/a都/d在/p递增/vi。/wj
去年/t最低/a可能/n是/vshi在/p一/m块/q一/m，/wd这/rzv鸡蛋/n，/wd对/p吧/y一/m块/q一/m，/wd一/m块/q二/m，/wd今年/t的/ude1最低/a就/d变成/v一/m块/q四/m，/wd一/m块/q三/m对/p吧/y，/wd这个/rz价格/n来/vf讲/v呢/y，/wd就是/v我/rr认为/v来讲/uls呢/y，/wd就是说/c，/wd不/d是/vshi说/v你/rr国家/n嗯/e所/n，/wd所/n所/usuo指/v定价/vi，/wd而是/c你/rr这个/rz东西/n来讲/uls，/wd你/rr好像/v是/vshi个/q议价/n，/wd对/p不对/a。/wj
人家/rr不管/c是/vshi国营/b单位/n还/d是/vshi私人/n单位/n。/wj
人家/n，/wd人家/rr就/d可以/v，/wd今儿/t我/rr就/d卖/v一/m块/q六/m，/wd对/p吧/y，/wd明儿/t卖/v一/m块/q八/m，/wd对/p吧/y，/wd人家/rr就/d这么/rz涨/vi下来/vf的/ude1，/wd所/usuo造成/v的/ude1一些/mq这个/rz群众/n对/p这个/rz有些/rz意见/n，/wd因为/c他/rr，/wd他/rr挣/vi的/ude1这/rzv钱/n，/wd咱们/rr工人/n的/ude1工资/n还/d是/vshi死/v的/ude1，/wd还/d是/vshi死/v的/ude1。/wj
你/rr说/v不管/c怎么/ryv着/uzhe，/wd他/rr不/d会/v太/d多/a，/wd多/m多少/ry，/wd连/ulian奖金/n你/rr最/d多/ad得/v，/wd你/rr能/v拿/v出/vf多少/ry去/vf，/wd是/vshi不/d是/vshi你/rr能/v多少/ry去/vf，/wd你/rr拿/v不/d出/vf多少/ry，/wd对/p吧/y。/wj
你/rr，/wd你/rr根本/d你/rr就/d是/vshi最/d多/a了/ule像/p我们/rr这个/rz单位/n来讲/uls，/wd一个/mq一个/mq职工/n四十/m块/q钱/n，/wd五十/m块/q钱/n就/d最/d最/d多/a了/y，/wd奖金/n，/wd对/p吧/y，/wd奖金/n加工/v资/ng一百/m多/m块/q钱/n，/wd这/rzv是/vshi能/v干/v的/ude1，/wd三十/m来/m岁/qt，/wd对/p吧/y。/wj
假如/c说/v这个/rz不/d能/v干/v的/ude1怎么办/ryv呢/y?/ww
不/d能/v干/v他/rr也/d干/v了/y，/wd可是/c他/rr没/d出/vf这么/rz多/a活儿/n，/wd可是/c他/rr们/k付出/v一定/b的/ude1劳动力/n了/y，/wd对/p吧/y。/wj
他/rr奖金/n就/d不/d算/v太/d多/a，/wd对/p吧/y，/wd他/rr没/d超过/v那么/rz多/a工时/n，/wd可是/c他/rr坚持/v这儿/rzs干活儿/v了/y，/wd对/p吧/y。/wj
