主要/d是/vshi从/p这/rzv方面/n去/vf搞/v。/wj
因为/p过去/t手工/d操作/v吧/y，/wd人工/d计算时间/n吧/y，/wd都/d比较/d不/d太/d准确/a的/ude1。/wj
因为/p各种/rz胶/n料/n温度/n都/d在/p不断/d地/ude2变化/v。/wj
所以/c你/rr要/v想/v适应/v这个/rz变化/vn吧/y，/wd你/rr光/d靠/v经验/n那/rzv是/vshi差/a得/v，/wd差/v得/ude3距离/n太/d大/a了/y。/wj
所以/c出现/v的/ude1产品/n吧/y，/wd质量/n不/d稳定/an。/wj
就/d是/vshi按/p我们/rr的/ude1术语/n来说/uls，/wd一会儿/mq欠/v硫/n儿/ng了/y，/wd一会儿/mq就/d过/uguo硫/n儿/ng了/y。/wj
就/d很/d难/a控制/vn。/wj
它/rr时间/n相当/d短/a，/wd四五分/m钟/n的/ude1事儿/n，/wd也许/d延长/v半/m，/wd半/m钞/ng钟/n，/wd嗯/e，/wd不/d是/vshi，/wd那/rzv个/q半/m分钟/qt，/wd就/d过/uguo硫/n儿/ng了/y，/wd也许/d减/v个/q半/m分钟/qt呢/y就/d欠/v硫/n儿/ng了/y。/wj
所以/c说/v很/d难/ad保证/v。/wj
你/rr不/d给/p它/rr一/m个/q公共/b时间/n吧/y，/wd它/rr又/d设法/v儿/k掌握/v。/wj
你/rr给/p它/rr一/m个/q公共/b时间/n吧/y，/wd但是/c对于/p各个/rz胶/n料/n，/wd对于/p这/rzv温度/n它/rr是/vshi随着/p锅炉房/n的/ude1气温/n变化/vn，/wd也/d是/vshi不断/d变化/v，/wd这会儿/rzt它/rr就/d看/v不/d出来/vf了/y。/wj
板/n温/nr1也/d不/d一样/uyy。/wj
所以/c说/v我们/rr这个/rz工作环境/n就/d是/vshi人为/b因素/n。/wj
我们/rr搞/v的/ude1这/rzv主要/d是/vshi减少/v人为/b因素/n的/ude1影响/vn，/wd主要/d就是/v这/rzv方面/n儿/k的/ude1工作/vn。/wj
工作/vn吧/y，/wd这儿/rzs是/vshi挺/d有意思/al的/ude1。/wj
不过/c现在/t也/d有/vyou困难/an，/wd就/d是/vshi一/m方/q，/wd一方面/c儿/ng是/vshi技术方面/n的/ude1困难/an，/wd一方面/c经济/n方面/n的/ude1困难/an。/wj
因为/p现在/t都/d是/vshi增产/v节约/v节/n收/v，/wd是/vshi哇/y?/ww
增产/v节支/vi。/wj
这个/rz太/d多/a了/ule钱/n也/d没有/v，/wd单位/n现在/t是/vshi资金/n也/d很/d紧张/a。/wj
另外/rz一个/mq技术方面/n儿/ng呢/y，/wd也/d说/v实在/a的/ude1，/wd现在/t也/d太/d什么/ry，/wd也/d就/d是/vshi书/n到/v用/v时/ng方/ng，/wd方/d恨/v少/a。/wj
就/d是/vshi你/rr在/p用/v的/ude1时候/n儿/ng，/wd你/rr就/d觉得/v你/rr的/ude1学/v的/ude1东西/n太/d少/a了/y。/wj
由于/c我/rr文化/n水平/n又/d低/a，/wd我/rr初中/n毕业/v呀/y，/wd七一年/m的/ude1初中/n毕业生/n，/wd到/p现在/t来说/uls，/wd现在/t搞/v这/rzv工作/vn确实/ad是/vshi，/wd就/d是/vshi怎么/ryv说/v呢/y?/ww
我们/rr就是/d搞/v这/rzv工作/vn到/v现在/t为/v为止/u，/wd就是说/c技术方面/n儿/k感觉/v到/v，/wd就是说/c，/wd就/d是/vshi说/v那/rzv个/q什么/ry吧/y，/wd很/d很/d不/d成熟/a，/wd这样/rzv儿/ng呢/y就/d需要/v学习/v。/wj
我们/rr千方百计/dl学习/v。/wj
因为/p现在/t吧/y，/wd咱们/rr国家/n对/p这/rzv方面/n儿/ng这个/rz，/wd从/p书/n上/f介绍/v，/wd我/rr是/vshi从/p从/p那/rzv个/q什么/ry吧/y，/wd各/rz方面/n儿/ng条件/n都/d差/a。/wj
你/rr像/v买/v一些/mq个/q，/wd我们/rr上/f外边/f儿/ng去/vf买/v一些/mq个/q硬件/n儿/ng去/vf，/wd这个/rz硬件/n儿/ng硬件/n儿/k的/ude1指标/n这个/rz这个/rz数据/n都/d很/d难/ad找到/v。/wj
你/rr买/v到/v这/rzv硬件/n儿/ng以后/f，/wd你/rr不/d知道/v这/rzv硬件/n儿/ng是/vshi什么/ry东西/n。/wj
它/rr那/rzv里边/f儿/ng结构/n是/vshi什么/ry，/wd你/rr必须/d得/ude3了解/v，/wd你/rr不/d了解/v你/rr轻易/d地/ude2用/v也/d不行/a。/wj
所以/c说/v很/d难/ad找/v，/wd这/rzv方面/n儿/ng资料/n也/d很/d难/ad找/v，/wd也/d有/vyou困难/a的/ude1。/wj
但是/c呢/y，/wd也/d反/vi是/vshi慢慢/d慢慢/d克服/v，/wd通过/p实验/vn，/wd不/d交/v学费/n不行/a。/wj
交/v学费/n啊/y。/wj
你们/rr那儿/rzs怎么样/ryv?/ww
你们/rr主要/d用/p计算机教学/n，/wd主要/d是/vshi用/p些/q软件/n儿/ng方面/n吧/y?/ww
硬件/n儿/k主要/d是/vshi教学/vn硬件/n儿/ng。/wj
咱们/rr国家/n现在/t，/wd目前/t计算机/n一些/mq应用/v这么/rz几/m年/qt吧/y，/wd就是/v从/p开始/v到/p现在/t，/wd从/p有/vyou，/wd从无到有/vl，/wd哈/b，/wd这个/rz转变/v现在/t变化/vn挺/d大/a的/ude1。/wj
但是/c吧/y，/wd计算机/n应用/vn方面/n儿/ng，/wd确实/ad还/d是/vshi存在/v着/uzhe差距/n，/wd面/n儿/k太/d窄/a，/wd一个/mq软件/n儿/k的/ude1应用/vn吧/y，/wd还/d局限性/n很/d很/d很/d还/d很/d大/a。/wj
局限性/n大/a，/wd就/d是/vshi一些/mq高等院校/n比较/d普及/v。/wj
一些/mq个/q现在/t按/p世界/n上/f那个/rz那个/rz那个/rz计算机/n应用/v来说/uls吧/y，/wd已经/d渗透/v到/v各行各业/nl。/wj
可是/c咱们/rr国家/n呢/y?/ww
还/d局/qv，/wd局限/vi在/p那些/rz个/q研究/vn部门/n儿/ng，/wd真正/d用/v到/v下面/f很/d少/a。/wj
而且/c计算机/n吧/y，/wd一般/ad在/p咱们/rr国家/n软件/n儿/k比较/d多/a，/wd硬件/n儿/k比较/d少/a。/wj
应用/vn硬件/n儿/k比较/d少/a。/wj
你/rr像/p我们/rr就/d国内/s配备/v这些/rz机器/n呀/y，/wd主要/d就是/v软件/n儿/ng。/wj
硬件/n儿/ng方面/n儿/ng差/a，/wd没有/v。/wj
你/rr像/p我们/rr，/wd去年/t吧/y上/vf计算机/n计算机/n二/m厂/n去/vf了/y，/wd去/vf了/ule一/m趟/qv，/wd跟/p他/rr那儿/rzs看/v了/ule看/v，/wd主要/d是/vshi跟/p他/rr想/v配合/v配合/v吧/y，/wd结果/n呢/y?/ww
他/rr那儿/rzs提出/v的/ude1那些/rz个/q东西/n我们/rr我们/rr一/m看/v，/wd不行/a，/wd根本/d就/d，/wd一个/mq是/vshi体积/n庞大/a，/wd一个/mq是/vshi太/d复杂/a，/wd太/d复杂/a呀/y，/wd咱们/rr，/wd因为/c咱们/rr比较/d对/p这/rzv方面/n儿/k比较/d懂/v一点儿/mq，/wd咱们/rr一/m看/v这个/rz东西/n觉得/v就是说/c，/wd喷/v，/wd它/rr那/c它/rr那/rzv功能/n太/d多/a了/y，/wd哎/e过于/d繁琐/a了/y。/wj
它/rr那/rzv带有/v普及型/b的/ude1性质/n，/wd就是/v呢/y到/v哪儿/rys都/d能/v用/v。/wj
但是/c到/v我/rr这个/rz地方/n有些/rz大/a才/d小/a用/v。/wj
我/rr用/v的/ude1功能/n用/p不/d了/ule那么/rz多/a。/wj
所以/c我/rr想/v我/rr想/v要/v用/p我/rr这个/rz功能/n吧/y，/wd就是说/c因为/p你/rr那个/rz东西/n吧/y，/wd就/d是/vshi能够/v满足/v我/rr的/ude1需要/n，/wd我/rr就/d我/rr就/d想/v要/v你/rr的/ude1东西/n，/wd可/c是/vshi它/rr满足/v不/d了/y。/wj
它/rr只/d能/v超越/v你/rr的/ude1满足/an。/wj
相对/b地价/n钱/n就/d贵/a了/y。/wj
一两/m万/m块/q钱/n，/wd咱们/rr这/rzv一般/a哪儿/rys那么/rz多/a钱/n?/ww
像/p我们/rr搞/v这个/rz几/m百/m块/q钱/n搞/v的/ude1这/rzv是/vshi。/wj
这/rzv硬件/n儿/ng部份/n，/wd再/d加上/v机器/n附属/vn的/ude1那个/rz，/wd一些/mq个/q，/wd一/m机器/n部分/n一共/d才/d几/m千/m块/q钱/n。/wj
真正/d我们/rr硬件/n儿/k才/d花/v了/ule几/m百/m块/q钱/n。/wj
相当/d便宜/a了/y。/wj
要/v使/v他/rr那个/rz，/wd好家伙/e，/wd一/m套/q硬件/n儿/k就/d几/m万/m块/q钱/n，/wd再/d加上/v我们/rr这个/rz机器设备/n改造/vn，/wd那/rzv就/d根/q，/wd根本/d拿/v不/d出/vf这笔/r钱/n来/vf。/wj
改造/v是/vshi好/a的/ude1，/wd但是/c你/rr钱/n也/y，/wd是/vshi吧/y，/wd也/d不/d是/vshi那么/rz方便/an。/wj
我/rr这/rzv是/vshi随便/ad聊聊/v。/wj
从/p我/rr这么/rz，/wd工作/vn这么/rz多/m年/qt了/y，/wd我/rr感觉/v这/rzv工资/n制度/n确实/ad是/vshi不/d适合/v咱们/rr国家/n的/ude1发展/vn。/wj
从/p改革/vn的/ude1来说/vi吧/y，/wd这个/rz工资/n如果/c要/v不/d改革/v的/ude1话/n，/wd确实/ad是/vshi不行/a。/wj
你/rr各行各业/nl都/d在/p改革/vn，/wd你/rr工资/n为什么/ryv不/d改革/v?/ww
对/p不/d对/v?/ww
而且/c这/rzv工资/n对于/p老百姓/n来说/uls还/d是/vshi一个/mq比较/vn关键性/n的/ude1东西/n。/wj
因为/p老百姓/n还/d是/vshi，/wd现在/t还/d是/vshi依靠/v工资/n生活/vn，/wd你/rr说/v是/vshi不/d是/vshi?/ww
一/m个/q月/n你/rr上/f那么/rz些/q天/n班/n儿/ng，/wd你/rr再/d有/vyou最高/a的/ude1觉悟/n一分/m钱/n不/d给/p你/rr，/wd你/rr也/d生活/vi不/d了/y。/wj
