可能/v那边/rzs儿/ng绿化/v绿化/vn。/wj
嗬/x，/wd人家/rr不/d是/vshi说/v吗/y，/wd北京/ns这/rzv地区/n如果/c再/d不/d抓紧/v那个/rz那个/rz绿化/vn工作/vn吧/y，/wd有/vyou被/pbei风沙/n埋没/v的/ude1可能/n了/y。/wj
当然/d不/d是/vshi现在/t的/ude1事儿/n，/wd那/rzv是/vshi几/m百年/m以后/f的/ude1事儿/n?/ww
反正/d要/v不/d注意/v的/ude1话/n，/wd早/tg晚/tg就/d得/v被/pbei风化/vi，/wd风/n沙化/vn。/wj
现在/t一个/mq是/vshi外边/f儿/ng温度/n没/d那么/c，/wd没/v那么/rz低/a，/wd一个/mq是/vshi室温/n现在/t提高/v了/y，/wd这/rzv都/d有/vyou一个/mq关系/n。/wj
一般/a家里/s能够/v比较/vn，/wd不/d像/p过去/t似的/uyy那么/rz冷/a了/y，/wd都/d比较/d暖和/a了/y，/wd比/p过去/t室温/n提高/v点儿/n了/y。/wj
外边/f儿/ng温度/n呢/y，/wd也/d不/d那么/c太/d低/a了/y。/wj
你们/rr南京/ns那儿/rzs搞/v得/ude3怎么样/ryv?/ww
我/rr我/rr到/v冬天/t时候/n儿/ng，/wd上上/f咱们/rr南京/ns去/vf过/uguo一/m回/qv。/wj
好/a！/wt
给/p我/rr冻/v得/ude3真/d够呛/vi，/wd没/v暖气/n呀/y，/wd正好/z我/rr去/vf那会儿/rzt是/vshi十二月/t，/wd十二月/t底/f。/wj
哎哟/e，/wd那/rzv冷/ad嗅/v!/wt
晚上/t睡/v不/d着/uzhe觉/v，/wd冻/v得/ude3简直/d是/vshi没法儿/nl，/wd我/rr不知/v你们/rr在/p那儿/rzs是/vshi怎么/ryv…/ws
…/ws
可能/v你们/rr适应/v了/y。/wj
多/m冷/a呀/y！/wt
那/rzv家伙/n！/wt
你/rr像/p我们/rr这儿/rzs北京/ns比/p你们/rr那儿/rzs要说/c冷/a天气/n啊/y，/wd可是/c我们/rr，/wd起码/d儿/k屋里/s有/vyou火/n呀/y！/wt
你们/rr那儿/rzs，/wd好/a！/wt
里边/f儿/ng外边/f儿/k差不多/al。/wj
我们/rr在/p车上/s冻/v得/ude3简直/d是/vshi真/d没/v法/n睡/v，/wd再/d有/vyou在/p在/p旅馆/n睡觉/vi时候/n儿/k也/d不行/a，/wd一/m进/vf门/n赶紧/d钻/v被窝/n儿/ng去/vf，/wd钻/v被窝/n儿/k也/d不/d暖和/a。/wj
它/rr哪儿/rys哪/y都/d是/vshi凉/a的/ude1，/wd没有/v一点儿/mq热乎/a气/n儿/ng。/wj
为什么/ryv这么/rz说/v?/ww
你/rr比如说/vl，/wd现在/t我们/rr的/ude1工资/n，/wd我/rr现在/t工资/n才/d六十一/m块/q钱/n，/wd再/d加上/v乱七八糟/al的/ude1一月/t能/v开/v一百/m块/q钱/n，/wd是/vshi吗/y?/ww
这/rzv要/v按/p过去/t，/wd倒退/vi十年/m的/ude1话/n，/wd这/rzv一百/m块/q钱/n能/v养活/v多少/ry人/n?/ww
当然/d那会儿/rzt生活/vn标准/n比较/d低/a，/wd是/vshi吧/y?/ww
现在/t生活/vn标准/n提高/v了/y。/wj
总而言之/c现在/t就/d是/vshi钱/n虽然/c长/a了/y，/wd但是/c实际/a生活/vn水平/n呢/y?/ww
就/d是/vshi实际上/d钱/n呢/y?/ww
贬值/vi了/y，/wd还是/c贬值/vi了/y。/wj
你/rr比如/v过去/vf一/m块/q钱/n，/wd我/rr能/v买/v一/m筐/q西红柿/n，/wd现在/t呢/y?/ww
一/m块/q钱/n您/rr能/v买/v几/m个/q西红柿/n?/ww
这/rzv差距/n是/vshi太/d大/a了/y。/wj
不/d是/vshi说/v差/a不/d了/ule多少/ry，/wd你/rr说/v是/vshi不/d是/vshi?/ww
不/d是/vshi半斤八两/vl差/v那么/rz差/a那么点儿/r是不是/v?/ww
差/a太/d多/a了/y。/wj
这个/rz差距/n也/d就是/v这个/rz变化/vn太/d大/a了/y，/wd现在/t呢/y说/v实在/a的/ude1，/wd十/m块/q钱/n当/p过去/t的/ude1两三/m块/q钱/n花/n。/wj
咱/rr不/d能/v跟/p过去/t再/d远/a的/ude1比/n，/wd就/d说/v跟/v，/wd就/d说/v跟/p十年/m以前/f，/wd七六年/m以前/f。/wj
那会儿/rzt市价/n，/wd那/rzv场/qv，/wd那会儿/rzt市场/n上/f价格/n儿/ng是/vshi比较/d稳定/a的/ude1。/wj
虽然/c老百姓/n生活/vn水平/n低/a，/wd收入/n比较/d低/a，/wd但/c是/vshi那个/rz物价/n儿/k比较/d稳定/an。/wj
什么/ry什么/ry都/d不/d带/v，/wd不/d带动/v的/ude1。/wj
多少/ry年/qt一/m，/wd老/a那么样/r儿/ng。/wj
现在/t不行/a了/y。/wj
现在/t今儿/t这样/rzv，/wd明儿/t没准/v儿/k比/p今天/t还/d高/a，/wd而且/c呢/y，/wd他/rr还/d是/vshi与/p，/wd与日俱增/vl。/wj
嘻/o，/wd没有/d说/v像/p这个/rz，/wd啧/e，/wd波动/vi啊/y]/wky这个/rz物价/n你/rr要/v说/v涨/vi了/ule也/d没关系/vl，/wd上下/f有/vyou个/q波动/vn，/wd它/rr不/d分/v，/wd它/rr是/vshi老/a是/vshi往/p上/f走/v的/ude1，/wd等于/v是/vshi线性/n关系/n了/y，/wd直线/d往/p上/f走/v。/wj
不/d是/vshi那个/rz，/wd不/d是/vshi，/wd不/d是/vshi波动/vi的/ude1。/wj
哎/e，/wd所以/c说/v，/wd喷/v，/wd有/vyou变化/vn允许/v变化/vn。/wj
物/ng长/a调节/vn变化/vn可以/v，/wd物价/n呵/e可以/v随行就市/vl。/wj
但是/c你/rr起码/d，/wd最/d起码/d有/vyou个/q低/a的/ude1时候/n儿/ng吧/y!/wt
他/rr没有/d根本/d就/d。/wj
感觉/n不/d到/v低/a的/ude1时候/n儿/ng。/wj
除非/c冬天/t和/cc夏天/t作/v比较/vn。/wj
冬天/t的/ude1黄/a，/wd西红柿/n多少/ry钱/n一/m斤/q?/ww
夏天/t的/ude1西红柿/n一/m斤/q，/wd这/rzv有/vyou个/q比较/vn。/wj
但/c这/rzv总的来说/c是/vshi季节/n差价/n。/wj
就/d说/v这/rzv今天/t夏天/t的/ude1价/n儿/ng，/wd跟/p去年/t夏天/t的/ude1价/n儿/k比/p就/d，/wd就/d不/d一样/uyy。/wj
按说/d这/rzv是/vshi同/p季节/n了/y吧/y?/ww
这/rzv不/d是/vshi，/wd春天/t跟/v，/wd这/rzv不/d是/vshi冬天/t跟/p夏天/t比/p了/y。/wj
这/rzv是/vshi两/m个/q两/m个/q同/p季节/n比/p了/y，/wd就/d不/d一样/uyy。/wj
现在/t，/wd喷/v，/wd确实/a老百姓/n现在/t，/wd在/p生活/vn当中/f哇/y，/wd唯一/d就/d是/vshi说/v这个/rz，/wd所/q，/wd那个/rz关心/v最/d多/a的/ude1地方/n呢/y?/ww
物/ng场/ng，/wd市场/n价格/n，/wd蔬菜/n。/wj
因为/p粮食/n比较/vn国家/n现在/t是/vshi价格/n没/d动/v，/wd而且/c粮食/n对/p人/n，/wd对/p老百姓/n来说/uls现在/t不/d是/vshi那么/rz特别/d需要/v的/ude1。/wj
不/d像/p过去/t似的/uyy，/wd连连/d饭/n都/d吃/v不/d饱/a。/wj
现在/t已经/d从/p温饱型/b渡过/v来/vf了/y，/wd是/vshi吧/y?/ww
到/v了/ule这个/rz这种/r比较/vn，/wd哎/e，/wd比较/d这个/rz稍微/d那/rzv什么/ry点儿/n了/y啊/y，/wd改/v改善/v一下/mq生活/vn了/y吧/y，/wd所以/c说/v粮食/n呢/y不/d是/vshi那么/rz紧张/a倒是/d。/wj
主要/d是/vshi蔬菜/n，/wd老百姓/n一日/t三/m餐/qv没有/v菜/n怎么/ryv行/vi?/ww
你/rr说/v是/vshi不/d是/vshi?/ww
咱们/rr中国/ns人/n还是/c以/p蔬菜/n为主/vi，/wd要/v以/p肉/n更/d不/d行/vi了/y，/wd咱们/rr更/d比/p不/d了/y了/y。/wj
哈/b，/wd让/v一部分/m人/n先/d富/vg起来/vf，/wd主要/d就是/v这/rzv部分/m人/n富/vg起来/vf了/y。/wj
就/d是/vshi说/v你/rr要/v老/a老/a老老实实/z的/ude1工人/n，/wd老实巴交/vl依靠/v工资/n收入/n的/ude1，/wd你/rr就/d死/v吃/v这/rzv口/q工资/n。/wj
你/rr看/v人家/rr那/rzv二道贩子/n，/wd那/rzv简直/d没法/v比/v。/wj
他/rr那/rzv真是/d浮/v的/ude1，/wd他/rr那/rzv也/d是/vshi直/d直线/d上升/vi的/ude1。/wj
他/rr那/rzv是/vshi直线/d上升/vi往/p里/f，/wd往/p里/f收入/n的/ude1上升/vn。/wj
他/rr一/m天/qt，/wd今天/t我/rr赚/v两/m张/q儿/ng，/wd现在/t两/m张/q儿/n你们/rr都/d明白/v吧/y?/ww
明天/t他/rr就/d得/v，/wd他/rr就/d得/v，/wd奔/v两/m张/q儿/ng多/a，/wd后天/t他/rr就/d得/ude3奔/v三/m张/q儿/ng，/wd他/rr那么/c赚/v。/wj
你/rr说/v是/vshi，/wd老百姓/n受得了/vl?/ww
他/rr赚/v谁/ry的/ude1钱/n?/ww
他/rr赚/v的/ude1是/vshi老百姓/n的/ude1钱/n，/wd大多数/m是/vshi老百姓/n的/ude1钱/n。/wj
就/d说/v在/p这些/rz个/q所有/b的/ude1普通/a公民/n当中/f，/wd真正/d能够/v像/p他/rr那样/rzv的/ude1发起/v来/vf的/ude1还/d是/vshi少数/m啊/y。/wj
他/rr所/usuo赚/v的/ude1钱/n赚/v谁/ry的/ude1?/ww
他/rr没/d赚/v国家/n的/ude1。/wj
一分/m钱/n都/d没/d赚/v国家/n的/ude1。/wj
相反/vi他/rr还/d为/v国家/n上交/v什么/ry这个/rz那个/rz的/ude1啊/y，/wd还/d的/ude1有时候/d儿/k没/d照/v还/d得/ude3罚/v一/m下/f于是/cc吧/y?/ww
国家/n说/v不/d好听/a的/ude1话/n，/wd国家/n对/p他们/rr来说/uls还/d是/vshi一/m笔/q收入/n。/wj
