啊/y，/wd就是/v这个/rz。/wj
我们/rr家里/s的/ude1呢/y，/wd也/d没有/v工作/vn，/wd她/rr也/d就/d是/vshi，/wd哎/e，/wd在/p家里/s呢/y，/wd帮/v着/uzhe给/p做/v做饭/vi呢/y，/wd看/v个/q孩子/n呀/y，/wd给/p他们/rr帮/v着/uzhe，/wd哎/e，/wd就是/v这个/rz，/wd家里/s这/rzv点儿/q这/rzv情况/n是/vshi那/rzv什么/ry。/wj
生活/vn情况/n现在/t呀/y，/wd这/rzv生活/vn情况/n呀/y，/wd现在/t呀/y，/wd比/p过去/t强/a了/y。/wj
怎么/ryv比/p过去/t强/a了/y呢/y？/ww
现在/t呀/y，/wd那会儿/rzt呀/y，/wd指/v着/uzhe我/rr一个/mq人/n儿/k抓/v钱/n，/wd他们/rr都/d小/a，/wd都/d不/d能/v挣钱/vi，/wd也/d没有/v工作/vn，/wd怎么/ryv来/vf。/wj
这/rzv后/f首/m儿/ng哇/y，/wd就/d这/rzv这个/rz解放/vn以后/f哇/y这/rzv都/d是/vshi他们/rr，/wd哎/e，/wd也/d安排/v了/y，/wd有/vyou工作/vn了/y。/wj
哎/e，/wd哎/e，/wd他们/rr也/d都/d能/v挣钱/vi了/y，/wd是/vshi不/d是/vshi？/ww
哎/e，/wd哪个/ry也/d全都/d出去/vf了/y。/wj
他们/rr也/d在/p在/p农村/n儿/ng里头/f，/wd平谷/ns啊/y，/wd是/vshi是/vshi哦/o，/wd那/rzv哪儿/rys，/wd还有/v是/vshi是/vshi什么/ry，/wd公社/n里头/f哇/y，/wd它/rr不/d是/vshi那会儿/rzt劳动/vi，/wd哎/e，/wd在/p那儿/rzs这/rzv后/f首/m儿/ng也/d上/f来/vf了/y，/wd也/d都/d有/vyou了/ule工作/vn，/wd有/vyou了/ule工作/vn了/y。/wj
这/rzv都/d是/vshi家里/s生活/vn儿/ng，/wd这/rzv现在/t没什么/vl问题/n了/y。/wj
怎么/ryv，/wd家里/s比/p过去/t强/a了/y。/wj
怎么/ryv，/wd现在/t呀/y，/wd大米/n白面/n的/ude1，/wd哎/e，/wd都/d是/vshi这么/rz吃/v着/uzhe，/wd月月/n儿/k都/d有/vyou都/d有/vyou个/q收入/n，/wd都/d有/vyou都/d能/v挣钱/vi了/y。/wj
哎/e，/wd这个/rz个儿/n呢/y，/wd家里/s呢/y，/wd也/d算/v不错/a，/wd比/p过去/t强/a了/y。/wj
哎/e，/wd嗯/e，/wd那会儿/rzt也/d就/d是/vshi，/wd那会儿/rzt指/v着/uzhe个/q做/v买卖/v呀/y，/wd唉/e，/wd抓/v呢/y。/wj
哎/e，/wd就/d是/vshi啊/y，/wd哎/e上学/vi，/wd后/f首/m儿/ng也/d供应/v不/d起/vf。/wj
怎么/ryv，/wd你/rr说/v上学/vi吧/y，/wd连/ulian书/n钱/n带/v带/v什么/ry伍/m的/ude1，/wd带/v穿/v啦/y，/wd哎/e，/wd也/d什么/ry＊＊/m了/y吧/y，/wd也/d是/vshi跟/p我/rr呀/y，/wd也/d是/vshi帮/v着/uzhe帮/v着/uzhe家里/s哇/y，/wd也/d是/vshi这么/rz奔/v。/wj
那会儿/rzt孩子/n呢/y，/wd你/rr说/v我/rr做/v这/rzv买卖/v吧/y，/wd拉拉/v这/rzv豆汁/n儿/k卖/v吧/y，/wd也/d是/vshi那样/rzv儿/ng，/wd哎/e，/wd帮/v着/uzhe我/rr啊/y。/wj
哎/e，/wd早上/t帮/v着/uzhe我/rr拉/v豆汁/n儿/ng去/vf，/wd哎/e，/wd跟/p他/rr爷爷/n，/wd我们/rr都/d那/rzv什么/ry，/wd在/p，/wd那会儿/rzt在/p一块儿/s堆/v儿/ng。/wj
后/f首/m儿/ng哇/y，/wd哎/e，/wd回来/v了/ule下/f学/v，/wd那/rzv什么/ry，/wd拉/v回/qv豆汁/n儿/ng来/f，/wd半/m半道/s儿/ng，/wd这/rzv孩子/n们/k就/d得/ude3上学/vi，/wd就/d是/vshi这么/rz那/rzv什么/ry。/wj
啊/y，/wd你/rr就/d说/v这/rzv上学/vi呢/y，/wd这个/rz长/a得/ude3也/d都/d大/a了/y，/wd个个/q儿/n一点儿/mq一点儿/mq的/n哎/e就/d能够/v啊/y，/wd哎/e头/n就/d找/v工作/vn。/wj
就/d拿/v我们/rr这个/rz我们/rr这个/rz奎义/nr吧/y，/wd哎/e，/wd先头/b在/p呀/y，/wd煤气/n公司/n吧/y，/wd是/vshi那个/rz什么/ry，/wd后/f首/m儿/ng转/v的/ude1呀/y，/wd是/vshi焦化/vn厂/n站/vi的/ude1那/rzv什么/ry。/wj
这个/rz我们/rr那个/rz奎安/nr啦/y，/wd那会儿/rzt我/rr在/p，/wd就/d在/p羊毛衫/n厂/n啦/y在/p羊毛衫/n厂/n呢/y，/wd他/rr是/vshi六六/m几/m年/qt去/vf的/ude1，/wd我/rr可/v不/d记不清/vl了/y，/wd这/rzv后/f首/m儿/ng哇/y，/wd打/v学/v毕/vg了/ule业/ng啦/y，/wd哎/e，/wd他/rr考/v的/ude1这个/rz那/rzv哪儿/rys，/wd这个/rz海/n，/wd空军/n呢/y，/wd空军/n司令部/n哇/y，/wd那哈儿/nrf，/wd整/v那/rzv什么/ry，/wd哎/e，/wd那/rzv老师/n就/d给/v介绍/v过去/vf了/y，/wd介绍/v过/uguo，/wd就/d是/vshi上/f那/rzv哈儿/nrf就/d一直/d去/vf呀/y，/wd去/vf了/ule十/m好几/m年/qt。/wj
那会儿/rzt这样/rzv儿/ng。/wj
我们/rr这个/rz老/a儿/ng呢/y，/wd那会儿/rzt他/rr小/a呢/y，/wd他/rr就/d那/rzv什么/ry呢/y，/wd哎/e，/wd完/vi了/y，/wd那/rzv毕/vg了/ule业/ng了/y，/wd在/p那/rzv后/f首/m儿/ng，/wd这/rzv赶上/v这个/rz文化大革命/nz，/wd赶上/v文化大革命/nz呢/y，/wd怎么样/ryv儿/ng啦/y，/wd哎/e，/wd他们/rr就/d上/vf啊/y，/wd就/d上/vf东北/s了/y。/wj
这个/rz去/vf了/ule也/d就/d是/vshi，/wd十几/m年/qt呢/y，/wd哎/e，/wd是/vshi不/d是/vshi。/wj
这/rzv后/f首/m儿/ng有/vyou了/ule病/n了/y，/wd个个/q儿/n哇/y，/wd腰/n受/v了/ule毛病/n了/y，/wd在/p外头/f，/wd哎/e，/wd就/d个/q个儿/n啊/y，/wd就/d跟/v这/rzv哈儿/nrf领导/n要求/v哇/y，/wd就/d说/v是/vshi说/v，/wd又/d回来/v了/y。/wj
回来/v这/rzv后/f首/m儿/ng啦/y，/wd这/rzv就/d找/v了/ule这个/rz百货/n商场/n，/wd是/vshi吧/y，/wd就是/v这么样/r儿/ng。/wj
我/rr这/rzv一辈子/mq呀/y，/wd跟/p那/rzv净/d是/vshi，/wd净/a劳动/vn。/wj
反/vi正在/d，/wd你/rr说/v进/vf这/rzv工厂/n的/ude1时候/n儿/ng，/wd也/d是/vshi那样/rzv儿/ng，/wd也/d就/d是/vshi当/p工人/n呢/y，/wd在/p厨房/n里头/f干活儿/v呀/y，/wd哎/e，/wd我/rr后/f首/m儿/ng哇/y，/wd在/p面/n案/x上/f啊/y蒸/v馒头/n哇/y，/wd哎/e，/wd帮/v着/uzhe做饭/vi，/wd卖/v饭/n伍/m的/ude1，/wd哎/e，/wd就/d后/f首/m儿/ng到/v这个/rz一年/m一年/m岁/qt数/m大/a了/y，/wd哎/e，/wd就/d个/q个儿/n这个/rz，/wd哎/e，/wd工资/n呀/y，/wd那会儿/rzt也/d低/a，/wd我/rr呢/y，/wd也/d长/a没/d长/v上去/vf，/wd长/a工资/n的/ude1时候/n儿/ng。/wj
这/rzv，/wd快/d退休/v了/y，/wd这/rzv才/d长/v了/ule三/m回/qv呀/y，/wd这/rzv还/d我/rr才/d长/v了/ule一/m回/qv。/wj
长/v了/ule一/m回/qv呀/y，/wd没/d多少/ry日子/n，/wd没/d几/m个/q月/n，/wd这/rzv后/f首/m儿/ng就/d退/v了/y，/wd就/d是/vshi。/wj
就/d是/vshi这个/rz那/rzv什么/ry呀/y。/wj
就/d打/v小儿/n时候/n儿/k就/d劳动/vi吧/y，/wd反正/d除了/p拣/v煤/n，/wd你/rr算算/v，/wd这个/rz做/v小工/n活儿/n，/wd别的/rzv不/d那/rzv什么/ry，/wd我/rr这/rzv，/wd您/rr瞧/v别的/rzv呀/y，/wd是/vshi没有/v什么/ry，/wd反正/d别的/rzv，/wd苦/an是/vshi反正/d没/v少/ad受/v，/wd哎/e，/wd你/rr像/v打/v个/q执/v事/n啦/y，/wd拣/v个/q煤/n核儿/n了/y，/wd这/rzv都/d是/vshi苦处/n哇/y。/wj
跟/p人/n家/q做/v小工/n活儿/n呀/y还/d得/v，/wd有/vyou人/n，/wd托/v人/n还/d得/v，/wd去/vf干/v去/vf。/wj
人/n不/d干/v嘛/y，/wd人/n也/d不要/d。/wj
拉/v洋车/n吧/y，/wd那会儿/rzt晃/v晃/v儿/k租/v个/q车/n啦/y，/wd哎/e，/wd个个/q儿/k就/d反正/d维持/v这/rzv家里/s生活/vn，/wd就/d拉扯/vi这/rzv孩子/n。/wj
你/rr瞅/v容易/a啊/y，/wd就是/d不/d容易/a。/wj
就/d是/vshi，/wd唉/e，/wd就/d是/vshi这么/rz一点儿/mq一点儿/mq地/ude2凑合/v，/wd一年/m一年/m的/ude1，/wd就/d这么/rz，/wd就/d这么/rz，/wd这/rzv一阵/mq儿/n一阵/mq儿/ng就/d过来/vf，/wd就/d这么/rz。/wj
哈哈/o，/wd女儿/n哇/y，/wd哎/e，/wd有/vyou俩/m结婚/vi的/ude1，/wd儿子/n呢/y，/wd也/d有/vyou俩/m结婚/vi的/ude1，/wd除了/p我们/rr这个/rz奎义/nr还/d没/d结婚/vi呢/y，/wd都/d反正/d是/vshi这个/rz好/a。/wj
我/rr说/v这/rzv好/a的/ude1是/vshi原因/n在/p哪/ry哈/b儿/n啊/y，/wd就/d是/vshi一个/mq呀/y，/wd哎/e，/wd父母/n哇/y，/wd一/m个/q，/wd少/ad担负/v，/wd这/rzv是/vshi一个/mq。/wj
