有/vyou几/m个/q小朋友/n哇/y，/wd哎/e，/wd老/a，/wd都/d是/vshi老街坊/n了/y，/wd在/p那哈儿/nrf啊/y，/wd哎/e，/wd哎/e，/wd就是/v一块儿/s，/wd就/d是/vshi学/v一/m学/v呀/y。/wj
练/v一/m练/v伍/m的/ude1。/wj
后/f首/m儿/ng，/wd待/vi了/ule哎/e，/wd也/d就/d是/vshi五六年/m吧/y，/wd六七年/m的/ude1时候/n儿/ng，/wd后/f首/m儿/ng，/wd日本/nsf事变/n，/wd日本/nsf占/v天津/ns时候/n儿/ng，/wd那会儿/rzt呢/y，/wd个个/q儿/k也/d胆/n儿/ng小/a，/wd后/f首/m儿/ng就/d不/d干/v了/y，/wd就/d回来/v了/y。/wj
回来/v，/wd就/d在/p家里/s，/wd又/d干/v，/wd做/v小买卖/n儿/ng，/wd哎/e，/wd这么/rz着/vi说/v是/vshi还/d是/vshi得/v，/wd还是/v得/ude3抓/v，/wd抓/v钱/n，/wd不/d抓/v钱/n吃/v什么/ry呀/y？/ww
是/vshi不/d是/vshi。/wj
哎/e，/wd跟/p我/rr父亲/n，/wd哎/e，/wd我们/rr就/d在/p一块/s堆/v儿/ng，/wd哎/e，/wd这/rzv后/f首/m儿/ng呢/y，/wd这个/rz哎/e，/wd待/vi几/m年/qt，/wd做/v，/wd又/d做/v小买卖/n儿/ng，/wd回来/v就/d又/d做/v小买卖/n儿/ng，/wd又/d做/v买卖/v儿/ng，/wd拉/v洋车/n。/wj
唉/e，/wd这/rzv后/f首/m儿/ng了/y，/wd哎/e，/wd这/rzv就/d没/v什么/ry事/n呀/y，/wd哎/e，/wd个个/q儿/n呀/y，/wd就/d是/vshi，/wd那/rzv国/n子/ng监/vg那儿/rzs的/ude1房子/n，/wd是/vshim/x刘玉书/nr的/ude1房/n，/wd那个/rz房/n，/wd人家/rr要/v占/v，/wd撵/v你/rr搬家/vi了/y。/wj
搬家/vi搬/v那儿/rzs去/vf了/y，/wd乍/d一/m搬/v，/wd就/d搬/v到/v后/f井/n儿/ng去/vf了/y。/wj
打/v后/f井/n儿/ng呢/y，/wd我/rr父亲/n呢/y，/wd他们/rr就/d搬/v到/v花园/n儿/ng去/vf了/y。/wj
这/rzv打/v花园/n儿/k这/rzv后/f首/m儿/ng哇/y，/wd哎/e，/wd又/d搬/v到/v箭/n厂/n儿/ng，/wd我/rr父亲/n。/wj
我们/rr呢/y，/wd在/p后/f井/n儿/k住/vi，/wd在/p呢/y，/wd后/f首/m儿/ng，/wd又/d搬/v到/v一块/d堆/v儿/ng去/vf，/wd搬/v到/v，/wd也/d搬/v到/v箭/n厂/n儿/ng去/vf了/y。/wj
打/v箭/n厂/n儿/ng呢/y，/wd这/rzv后/f首/m儿/ng，/wd就/d我们/rr，/wd我们/rr就/d搬/v到/v这个/rz城根/n儿/k这/rzv哈/b儿/n来/vf了/y，/wd就/d这么/rz呢/y，/wd哎/e，/wd啊/y，/wd就/d这么/rz着/vi，/wd哎/e，/wd就/d这么/rz又/d是/vshi做/v小买卖/n儿/ng啊/y，/wd哎/e，/wd哎/e，/wd没有/v我们/rr做/v买卖/vn，/wd要/v没事/vi啦/y，/wd再/d拉/v洋车/n去/vf，/wd跟/p人/n家/q做/v小工/n活儿/n，/wd就/d这么/rz，/wd就/d一/m辈/q儿/ng辈/n儿/k地/ude2下去/vf了/y。/wj
这/rzv，/wd赶/v这/rzv解放/v了/y，/wd这/rzv后/f首/m儿/ng啦/y，/wd哎/e，/wd再/d。/wj
卖/v做/v小买卖/n儿/ng不行/a了/y。/wj
这/rzv羊毛衫/n厂/n啊/y，/wd招工/vn人/n呢/y，/wd嗯/e，/wd我们/rr去/vf了/y。/wj
去/vf了/y，/wd当/p炊事员/n。/wj
嗯/e，/wd当/p炊事员/n哪/ry，/wd在/p那儿/rzs干/v了/ule顶/v二十年/m吧/y。/wj
哎/e，/wd这/rzv后/f首/m儿/ng老/a了/y，/wd让/v退休/vn，/wd咱们/rr退休/v了/y。/wj
这/rzv后/f首/m儿/ng呢/y，/wd在家/vi呆/v了/ule这/rzv是/vshi，/wd哎/e，/wd这个/rz个儿/n呢/y，/wd就/d是/vshi也/d没/v事儿/n，/wd呆/v着/uzhe的/ude1，/wd这/rzv后/f首/m儿/ng呢/y，/wd个个/q儿/n怎么/ryv再/d找/v事儿/n吧/y，/wd也/d不好/a找/v哇/y，/wd但是/c我/rr也/d不/d爱/v去/vf，/wd而且/c去/vf，/wd是/vshi不/d那/rzv什么/ry，/wd家里/s也/d离不开/v人/n儿/ng。/wj
哎/e，/wd这/rzv后/f首/m儿/ng啦/y，/wd个个/q儿/n啊/y，/wd哎/e，/wd钉/v一/m辆/q小车/n儿/ng呀/y，/wd个个/q儿/k又/d拣/v点儿/q砖头/n，/wd嘿/e，/wd哈哈/o。/wj
哎/e，/wd这/rzv现在/t呀/y，/wd也/d动/v换/v不/d了/y了/y。/wj
这/rzv怎么办/ryv呢/y，/wd个个/q儿/n啊/y，/wd哎/e，/wd也/d嫌/v累/a呀/y，/wd累/v不/d了/y，/wd个个/q儿/ng没事儿/v，/wd个个/q儿/ng弄/v点儿/q花/n呀/y，/wd哎/e，/wd养活/v点儿/q鱼/n呀/y，/wd哎/e，/wd这个/rz个儿/n就/d那么/c，/wd哎/e，/wd就是/d消/v，/wd当/p消遣/vi似的/uyy，/wd哎/e，/wd我/rr的/ude1话/n儿/ng呢/y，/wd也/d就是/v这么点儿/r。/wj
这个/rz过去/t的/ude1事情/n呢/y，/wd就/d是/vshi这么/rz经过/v的/ude1事儿/n。/wj
嗯/e，/wd家里/s情况/n呢/y，/wd就/d是/vshi现在/t这个/rz，/wd有/vyou几/m个/q儿子/n，/wd有/vyou仨/m女儿/n。/wj
哎/e，/wd也/d都/d是/vshi，/wd他们/rr都/d有/vyou了/ule工作/vn了/y。/wj
啊/y，/wd哦/e，/wd我们/rr这个/rz这/rzv奎义/nr呢/y，/wd就/d在/p呀/y焦化/vn厂/n，/wd哎/e，/wd我们/rr这个/rz，/wd哦/e奎安/nr2呢/y，/wd他/rr是/vshi呀/y，/wd打/v，/wd他/rr不/d是/vshi在/p空军/n司令部/n哇/y，/wd哎/e在/v陕西/ns吧/y，/wd就/d这么/rz着/vi，/wd哎/e，/wd这/rzv后/f首/m儿/ng呢/y，/wd转业/vi了/y，/wd他/rr回来/v了/y，/wd在/p办事处/n，/wd哎/e，/wd我/rr这/rzv五/m儿/ng呢/y，/wd不/d就是/v上/vf一/m趟/qv东北/s，/wd这/rzv不/d是/vshi回来/v啦/y，/wd他/rr也/d有/vyou病/n，/wd个个/q儿/ng腰/n哇/y，/wd有/vyou什么/ry，/wd受/v了/ule点儿/n什么/ry毛病/n，/wd哎/e，/wd个个/q儿/n呢/y，/wd也/d是/vshi不/d怎么/ryv好/a。/wj
这/rzv后/f首/m儿/ng，/wd要求/v回来/v了/y。/wj
回来/v了/y，/wd哎/e，/wd这/rzv在/p北京/ns啦/y，/wd这/rzv是/vshi这个/rz，/wd是/vshi什么/ry这/rzv地方/n儿/ng来着/u，/wd他/rr在/p那儿/rzs找/v个/q工作/vn，/wd就/d找/v一个/mq是/vshi，/wd那个/rz，/wd百货/n的/ude1地方/n，/wd岁数/n也/d到/v了/y，/wd也/d差不多/al快/a三十/m了/y，/wd这/rzv不/d这么/rz在/p这/rzv哈/b儿/ng。/wj
啊/y，/wd这/rzv大/a女儿/n呢/y，/wd哎/e，/wd在/p这个/rz印刷厂/n。/wj
哦/e，/wd哎/e，/wd哦/e，/wd二/m，/wd二/m女儿/n呢/y，/wd在/p这个/rz景山/ns服装厂/n。/wj
她/rr那/rzv什么/ry，/wd哎/e，/wd哦/e这个/rz哎/e，/wd老姑娘/n呢/y，/wd在/p这个/rz哦/e，/wd哦/e，/wd哦/e那/rzv哪/ry哈/b儿/ng，/wd哦/e，/wd这/rzv脑子/n真/d是/vshi，/wd哦/e，/wd咳/e，/wd在/p那个/rz和平/n里/f，/wd和平/n南街/n呀/y，/wd哎/e，/wd小小/z百灵/n寺/ng儿/ng那/rzv哈儿/nrf，/wd啊/y，/wd哎/e，/wd当/p服务员/n儿/ng，/wd她/rr那/rzv是/vshi售货员/n儿/ng，/wd当/p售货员/n儿/ng。/wj
啊/y，/wd就是/v这个/rz。/wj
我们/rr家里/s的/ude1呢/y，/wd也/d没有/v工作/vn，/wd她/rr也/d就/d是/vshi，/wd哎/e，/wd在/p家里/s呢/y，/wd帮/v着/uzhe给/p做/v做饭/vi呢/y，/wd看/v个/q孩子/n呀/y，/wd给/p他们/rr帮/v着/uzhe，/wd哎/e，/wd就是/v这个/rz，/wd家里/s这/rzv点儿/q这/rzv情况/n是/vshi那/rzv什么/ry。/wj
生活/vn情况/n现在/t呀/y，/wd这/rzv生活/vn情况/n呀/y，/wd现在/t呀/y，/wd比/p过去/t强/a了/y。/wj
怎么/ryv比/p过去/t强/a了/y呢/y？/ww
现在/t呀/y，/wd那会儿/rzt呀/y，/wd指/v着/uzhe我/rr一个/mq人/n儿/k抓/v钱/n，/wd他们/rr都/d小/a，/wd都/d不/d能/v挣钱/vi，/wd也/d没有/v工作/vn，/wd怎么/ryv来/vf。/wj
这/rzv后/f首/m儿/ng哇/y，/wd就/d这/rzv，/wd这个/rz解放/vn以后/f哇/y这/rzv都/d是/vshi他们/rr，/wd哎/e，/wd也/d安排/v了/y，/wd有/vyou工作/vn了/y。/wj
哎/e，/wd哎/e，/wd他们/rr也/d都/d能/v挣钱/vi了/y，/wd是/vshi不/d是/vshi？/ww
哎/e，/wd哪个/ry也/d全都/d出去/vf了/y。/wj
他们/rr也/d在/p，/wd在/p农村/n里头/f，/wd平谷/ns啊/y，/wd是/vshi，/wd是/vshi哦/o，/wd那/rzv哪儿/rys，/wd还有/v是/vshi是/vshi什么/ry，/wd公社/n里头/f哇/y，/wd它/rr不/d是/vshi那会儿/rzt劳动/vi，/wd哎/e，/wd在/p那儿/rzs这/rzv后/f首/m儿/ng也/d上/f来/vf了/y，/wd也/d都/d有/vyou了/ule工作/vn，/wd有/vyou了/ule工作/vn了/y。/wj
