你/rr要/v那会儿/rzt，/wd你/rr老/a了/y，/wd谁/ry给/v你/rr钱/n。/wj
你/rr有/vyou力气/n，/wd人/n用/p你/rr，/wd人/n给/p你/rr钱/n，/wd不用/d你/rr，/wd给/p你/rr什么/ry钱/n呢/y。/wj
这个/rz现在/t新/a社会/n了/y，/wd哎/e，/wd有/vyou党/n的/ude1关心/vn，/wd我们/rr，/wd这个/rz工人/n呢/y，/wd都/d是/vshi老/a了/y，/wd退休/v给/p养老/vn费/n，/wd都/d是/vshi维持/v个/q个儿/n有/vyou个/q，/wd有/vyou个/q生活/vn好/a呀/y。/wj
女儿/n呀/y，/wd全/d一样/uyy，/wd我/rr说/v现在/t。/wj
怎么/ryv，/wd为什么/ryv一样/a呢/y，/wd哦/e养/v儿子/n，/wd你/rr得/v培养/v大/a了/y，/wd他/rr长大/vi了/y，/wd他/rr得/v好好/z的/ude1还/d得/v，/wd干/v，/wd不/d听话/a呢/y，/wd到/v时候/n儿/ng喽/y，/wd父母/n呢/y都/d得/ude3跟/v着/uzhe呀/y，/wd也/d得/ude3挂念/v着/uzhe，/wd就是/v这样/rzv儿/ng，/wd哈哈/o…/ws
…/ws
治安/n情况/n啊/y，/wd也/d不错/a。/wj
现在/t吧/y，/wd我/rr呢/y，/wd哎/e，/wd哎/e，/wd这个/rz，/wd哎/e派出所/n呢/y，/wd哎/e，/wd也/d给/p我/rr一/m空儿/n到/v时候/n儿/ng，/wd退休/v了/y，/wd不/d是/vshi都/d工人/n呢/y，/wd退休/v的/ude1啦/y，/wd哎/e给/v给/v，/wd那/rzv什么/ry给/v，/wd维持/v呀/y治安/n伍/m的/ude1，/wd保护/v啦/y，/wd街/n，/wd街道/n啦/y，/wd哎/e，/wd不/d出/vf事故/n。/wj
有/vyou什么/ry事情/n呢/y，/wd报告/n派出所/n，/wd这/rzv这/rzv是/vshi这么样/r儿/ng。/wj
啊/y，/wd到/v时候/n儿/ng，/wd现在/t呢/y，/wd我/rr这个/rz，/wd那/rzv回/qv告诉/v我/rr啦/y，/wd要/v礼拜二/t，/wd哎/e，/wd八点/m多/m钟/n啊/y，/wd哎/e，/wd值/v会儿/qt班/n儿/ng，/wd在/p门口/s儿/ng，/wd带/v着/uzhe箍/v儿/ng哇/y，/wd哎/e，/wd站/n会儿/qt，/wd哎/e，/wd累/v得/ude3慌/a啊/y，/wd个个/q儿/ng坐/v会儿/qt。/wj
不/d累/v得/ude3慌/a啊/y，/wd哎/e，/wd就/d溜/v达/v会儿/qt也/d行/vi。/wj
渴/a啦/y，/wd进来/vf还/d能/v喝/vg点儿/q水/n，/wd抽/v点儿/q烟/n伍/m的/ude1，/wd这/rzv随随便便/z的/ude1，/wd这么/rz维持/v哎/e，/wd帮/v帮/v着/uzhe办事处/n啦/y，/wd派出所/n啦/y，/wd反正/d维持/v维持/v治安/n。/wj
D09/x男/b47/m高中/n干部/n汉/bBJD09/x家里/s情况/n也/d挺/d好/a的/ude1。/wj
有/vyou一/m老人/n，/wd有/vyou我/rr爱/v人/n，/wd有/vyou两/m个/q小孩/n儿/ng。/wj
嗯/e，/wd爱人/n有/vyou工作/vn，/wd小/a孩儿/n也/d工作/vi啦/y。/wj
我/rr在/p党委/n办事处/n，/wd我/rr是/vshi才/d来/vf的/ude1，/wd来/vf了/ule一年/m多/m。/wj
原来/d在/p部队/n工作/vn的/ude1。/wj
咝/x，/wd我/rr觉得/v到/v了/ule地方/n以后/f啊/y，/wd哦/e，/wd感觉/v到/v工作/vn都/d挺/d新鲜/a的/ude1，/wd觉得/v好像/v比/p部队/n的/ude1工作/vn要/v活/a，/wd啊/y。/wj
而且/c好像/v从/p那/rzv个/q，/wd嗯/e，/wd啧/e，/wd从/p工作量/n来说/uls吧/y，/wd比/p部队/n大/a，/wd啊/y。/wj
好像/v很多/m东西/n啊/y，/wd我/rr原来/d发挥/v不/d了/vi的/ude1，/wd到/v地方/n上/f我/rr都/d得到/v发挥/v了/y，/wd啊/y。/wj
而且/c到/v了/ule地方/n以后/f感觉/v，/wd原来/d我/rr觉得/v在/p部队/n工作/vn呀/y，/wd好像/v挺/d那么/rz正规/a的/ude1是/vshi哇/y。/wj
现在/t看来/v呢/y，/wd倒不如/v地方/n这个/rz好像/v这么/rz，/wd这么/rz这么/rz痛快/a了/y啊/y，/wd比较/v心情/n舒畅/an。/wj
我/rr到/v这儿/rzs工作/vn这/rzv一年/m多/m呢/y，/wd嗯/e从/p领导/n上/f到/v群众/n方面/n，/wd对/p，/wd对/p我/rr就/d是/vshi好/a像/n工作/vn上/f也/d支持/v，/wd互相/d往来/vi也/d比较/d多/a。/wj
哦/e，/wd待人接物/nl都/d比较/d就/d是/vshi比较/d好/a，/wd我/rr就/d感觉/v挺/d愉快/a的/ude1啊/y。/wj
来/vf了/ule以后/f呢/y，/wd我/rr觉得/v应当/v是/vshi更/d好/a地/ude2工作/vi，/wd是/vshi啊/y。/wj
在/p家庭/n上/vf啊/y，/wd就是/v老太太/n身体/n不好/a，/wd八十三/m了/y，/wd快/a八十四/m了/y。/wj
所以/c就/d是/vshi老/a有/vyou病/n。/wj
哎/e，/wd老/a得/ude3送/v她/rr住院/vi伍/m的/ude1。/wj
这/rzv要/v在/p部队/n就/d不行/a了/y，/wd老/a出去/vf呀/y。/wj
部队/n老/a得/ude3下/vf什么/ry，/wd哦/e，/wd基地/n呀/y下/vf山区/n呀/y，/wd所以/c就/d不/d能/v照顾/v。/wj
而/cc这样/rzv儿/ng的/ude1话/n倒/d方便/v了/ule我/rr的/ude1条件/n。/wj
啧/e，/wd哎/e，/wd有时候/d儿/ng下/vf了/ule班/n就/d可以/v回家/vi了/y。/wj
出差/vi机会/n少/a了/y，/wd倒/vi，/wd这样/rzv儿/ng倒好/n了/y，/wd所以/c这样/rzv儿/ng的/ude1话/n从/p学习/v上/f，/wd从/p工作/vn上/f，/wd都/d有/vyou了/ule很/d大/a的/ude1进步/vn，/wd哈/b。/wj
所以/c我/rr觉得/v一个/mq人/n哪/ry，/wd要/v想/v发挥/v自己/rr的/ude1这个/rz工作能力/n和/cc发挥/v自己/rr的/ude1条件/n，/wd也/d得/ude3去/vf自己/rr创造条件/n。/wj
哎/e，/wd你/rr要/v是/vshi还/d，/wd还/d在/p原来/b那/rzv工作/vn就/d不行/a，/wd而且/c越/d工作/vi越/d死/v，/wd最后/f困难/an更/d，/wd特别/d多/a。/wj
最后/f面临/v着/uzhe一个/mq什么/ry呀/y？/ww
转业/vn退休/vn。/wj
啊/y。/wj
这/rzv就/d比/p那/rzv强/a一点儿/mq。/wj
因为/p多/ad干/v几/m年/qt。/wj
哦/e，/wd可以/v多/ad为/v人民/n服务/v吧/y，/wd多/ad干/v四化/n，/wd多/ad干/v几/m年/qt，/wd我/rr觉/v倒好/n了/y。/wj
完了/vi，/wd我/rr一/m走/v呢/y，/wd小/a孩儿/n也/d二十/m号/q上班/vi了/y。/wj
爱/v人/n还/d继续工作/n。/wj
老太太/n家里/s有/vyou保姆/n可以/v照顾/v。/wj
哦/e，/wd那个/rz一/m个/q小/a孩儿/n上学/vi。/wj
哎/e，/wd我/rr就/d倒/vi比/p以前/f好/a多/a了/y，/wd所以/c觉得/v挺/d愉快/a的/ude1。/wj
噢/e，/wd对/p小孩/n教育/vn那/rzv主要/d是/vshi关键/n是/vshi第二/m个/q孩子/n，/wd第一/m个/q孩子/n工作/vn了/ule就/d好/a办/v了/y。/wj
第二/m个/q孩子/n呀/y，/wd这个/rz学习/v，/wd首先/d是/vshi学习/v。/wj
首先/c我/rr对/p这个/rz当前/t的/ude1教育/vn改革/vn，/wd这/rzv方面/n，/wd我/rr觉得/v这个/rz改革/vn是/vshi特别/d必要/a和/cc及时/a的/ude1，/wd哈/b。/wj
体制/n改革/vn，/wd另外/c对/p这个/rz青年/n一代/n抓/v这/rzv思想/n教育/vn，/wd我/rr觉得/v当前/t来说/uls是/vshi个/q大/a问题/n。/wj
这/rzv是/vshi我/rr的/ude1心里话/n呀/y！/wt
不管/c是/vshi从/p这个/rz电视台/n啊/y，/wd或是/c到/v这个/rz一些/mq文艺/n宣传/v哪/ry，/wd还有/v一些/mq就/d是/vshi文艺/n演出/v啊/y，/wd什么/ry电影/n儿/ng啊/y，/wd我/rr觉得/v很/d多/a东西/n，/wd对于/p青少年/n是/vshi极为/d不利/a的/ude1，/wd啊/y。/wj
这个/rz东西/n在/p报纸/n上/f也/d登/v过/uguo，/wd哈/b。/wj
提出/v来/vf一些/mq就/d是/vshi家属/n的/ude1看法/n。/wj
但是/c呢/y，/wd也/d得到/v了/ule一些/mq就/d是/vshi相反/vi的/ude1意见/n，/wd啊/y。/wj
认为/v说/v好像/v是/vshi，/wd嗯/e，/wd不/d能/v知难而退/vl，/wd对/p孩子/n还/d应当/v接受/v一些/mq就/d是/vshi那样/rzv儿/ng的/ude1东西/n。/wj
我/rr认为/v不/d是/vshi这样/rzv儿/ng，/wd哈/b。/wj
所以/c很/d多/a就/d不/d利于/v孩子/n接受/v的/ude1东西/n，/wd现在/t也/d都/d接受/v了/y，/wd像/p大街/n上/f的/ude1小报/n儿/ng，/wd啊/y，/wd电视/n里/f放/v的/ude1一些/mq东西/n，/wd啊/y。/wj
有/vyou一些/mq西方/s的/ude1东西/n我们/rr引进/v是/vshi可以/v的/ude1，/wd但是/c没有/d经过/p批判/vn，/wd啊/y，/wd拿/v来/vf以后/f，/wd对/p孩子/n起/vf到/v了/ule很/d大/a的/ude1这个/rz，/wd啧/e，/wd副作用/n。/wj
导致/v很多/m青年人/n现在/t犯/v错误/n，/wd我/rr觉得/v与/p这个/rz是/vshi离/v不/d开/v的/ude1。/wj
但是/c这/rzv说话/vi可能/v有/vyou点儿/q过分/a，/wd但/c实际上/d事情/n是/vshi真/a的/ude1，/wd啊/y。/wj
我/rr就/d分析/v周围/f有/vyou这么/rz两/m个/q情况/n。/wj
原来/d我/rr在/p宣传队/n工作/vn，/wd有/vyou两/m个/q小孩/n儿/ng呢/y，/wd就/d是/vshi，/wd很/d多/m部/q内部/f电影/n儿/k不/d该/v看/v，/wd但是/c也/d都/d看/v了/y。/wj
