如同/v小说/n中/f一样/uyy，/wd我/rr和/cc她/rr的/ude1懈逅/vn是/vshi在/p一个/mq晚上/t，/wd那时/rzt我/rr正/d在/p上海/ns一/m家/q名/n为/vWEEKEND/x的/ude1酒吧/n。/wj
我/rr一个/mq人/n坐/v着/uzhe，/wd点/v着/uzhe一/m杯/q白兰地/n，/wd俨然/z一/m副/q很/d有/vyou品位/n，/wd很/d有/vyou情调/n的/ude1驾势/n。/wj
这/rzv天/qt晚上/t刚好/d是/vshi星期六/t，/wd来/u的/ude1人/n也/d特别/d多/a，/wd其中/rz还有/v不少/m老外/n，/wd但/c中国/ns人/n大多数/m都/d是/vshi年轻人/n。/wj
酒吧/n内/f炫彩/a的/ude1灯光/n，/wd伴随/v着/uzheDJ/x师/ng的/ude1音乐/n，/wd不时/d的/ude1闪耀/v着/uzhe我/rr的/ude1眼睛/n，/wd仿佛/v是/vshi一个/mq漂亮/a的/ude1女郎/n在/p向/p我/rr抛/v媚/ag眼/n撒娇/vi。/wj
DJ/x师/ng又/d是/vshi一个/mq女/b的/ude1，/wd一头/d色彩斑斓/a的/ude1卷发/vn，/wd打/vJ/x的/ude1效果/n根本/n没什么/vl吸引力/n，/wd反而/d是/vshi她/rr那/rzv块/q围/v在/p胸前/s的/ude1布/n以及/cc那/rzv小/a蛮/a腰/n上/f的/ude1肚脐眼/n比较/d引人注目/vl罢了/y,/wd我/rr还/d无意/v中/f注意/v到/v她/rr穿/v着/uzhe一/m条/q丁字/a内裤/n,/wd丁字/a内裤/n的/ude1本来/d穿/v法/n就/d是/vshi要/v把/pba长长的/z裤头/n露/v在/p外面/f,/wd以便/c沟/v起/vf男人/n的/ude1无限/a遐想/v,/wd从/p心理学/n的/ude1角度/n来/vf讲/v,/wd对于/p女人/n遮遮掩掩/v,/wd时隐时现/vl的/ude1部位/n是/vshi最/d能/v诱惑/vn住/vi的/ude1。/wj
我/rr举/v起/vf杯子/n，/wd杯子/n里/f还/d剩下/v一/m小/a口/n拿破仑/nz，/wd我/rr向/p那/rzv女/bDJ/x示意/v干杯/vi，/wd那/rzvDJ/x笑/v了/ule笑/v注意/v到/v了/ule我/rr。/wj
我/rr朝/p她/rr笑/v了/ule笑/v，/wd一口气/d我/rr就/d把/pba杯子/n里/f的/ude1酒/n全部/m喝/vg掉/v了/y。/wj
当/p我/rr再次/d去/vf看/v她/rr的/ude1时候/n，/wd她/rr又/d在/p朝/b另外/rz一/m个/q男人/n媚/ag笑/v了/y。/wj
这样/rzv一来/c，/wd她/rr在/p我/rr心中/s本/n该/rz有/vyou的/ude1美好/a印象/n全/d给/v抹黑/vi煞/dg掉/v了/y。/wj
她/rr真/d是/vshi个/q婊子/n，/wd我/rr在/p心里/s这么/rz认为/v。/wj
一/m赌气/v我/rr就/d走/v到/v了/ule吧/y台前/s，/wd大声/d的/ude1对/p其中/rz一个/mq女/b服务员/n说/v：/wm“/wyz给/p我/rr一/m杯/q拿破仑/nrf的/ude1人头马/nz，/wd”/wyy那/rzv两/m个/q服务员/n一/m男/ng一/m女/ng，/wd男/b的/ude1个子/n很/d高/a，/wd女/b的/ude1长/a的/ude1有/vyou点/qt胖/a，/wd而且/c手脚/n有点/d缓慢/a，/wd不/d太/d灵活/a的/ude1样子/n，/wd我/rr对/p他/rr俩/m没/d有/vyou一/m丝/q好感/n，/wd除非/c他/rr或/c她/rr忘记/v给/p我/rr结帐/n。/wj
真是/d不/d知道/v这/rzv酒吧/n的/ude1老板/n怎么/ryv会/v雇/v些/q这样/rzv呆头呆脑/a的/ude1人/n。/wj
那/rzv女/b服务员/n给/p我/rr倒/d好/a酒/n之后/f，/wd我/rr就/d自己/rr拿/v着/uzhe杯子/n直接/ad奔/v自己/rr的/ude1台子/n去/vf了/y，/wd因为/c我/rr坐/v的/ude1台子/n离/v吧台/n不/d远/a。/wj
经过/p第二/m个/q台子/n时/ng，/wd我/rr无意/v中/f又/d注意/v到/v一个/mq穿/v纱织/na短袖/bT恤/n的/ude1女孩/n，/wd容貌/n很/d出众/a。/wj
就/d在/p这时候/rzt她/rr一/m起/v身/ng，/wd刚好/d撞/v到/v了/ule我/rr，/wd她/rr的/ude1胳膊肘/n迎/v到/v了/ule我/rr的/ude1手臂/n，/wd我/rr的/ude1手/n受/v了/ule撞/v之后/f一/m抖/vi，/wd酒/n立刻/d飞/vi了/ule出来/vf，/wd酒/n洒/vi在/p我/rr的/ude1衣服/n和/cc裤子/n上面/f，/wd我/rr一/m惊/v，/wd当时/t不知所措/vl。/wj
等/v我/rr反应/vi过来/vf，/wd那/rzv女孩/n连忙/d对/p我/rr说/v了/ule两/m个/qSORRY/x。/wj
我/rr打量/v了/ule一下/mq那个/rz女孩子/n，/wd那/rzv女孩/n长/a得/ude3很/d清秀/a，/wd大大/d的/ude1眼睛/n，/wd高高的/z鼻梁/n，/wd一头/d乌黑/z的/ude1亮/a发/v很/d自然/a地/ude2滑/v落/v在/p肩膀/n上/f。/wj
我/rr的/ude1心/n有/vyou些/q隐隐约约/z作/v痛/an。/wj
作为/p一个/mq有/vyou教养/n的/ude1人/n，/wd我/rr不得不/d回答/v说/v：/wm“/wyz没关系/vl。/wj”/wyy
她/rr一边/d说/v“/wyzSORRY/x”/wyy，/wd一边/d又/d立刻/d掏/v出/vf面巾纸/n给/p我/rr擦/v衣服/n上/f的/ude1洒/vi水/n。/wj
“/wyz没关系/vl！/wt
没关系/vl！/wt
我/rr自己/rr来/vf。/wj”/wyy
我/rr示意/v让/v她/rr把/pba纸巾/n给/p我/rr。/wj
我/rr接/v过/uguo她/rr手里/s那/rzv一/m小/a张/q纸巾/n，/wd不/d小心/ad碰/v了/ule她/rr的/ude1指尖/n，/wd那/c一刹那/t宛如/v触/v到/v了/ule一/m万/m多/m伏/q的/ude1高压电/n，/wd按/p奈/vg不住/d心潮/n的/ude1澎湃/vi。/wj
我/rr只/d稍稍/d擦/v了/ule一下/mq衣服/n，/wd并/cc不/d是/vshi嫌/v她/rr的/ude1纸巾/n用/v过/uguo，/wd而/cc只是/d我/rr知道/v衣服/n反正/d已经/d湿/a了/y，/wd擦/v与/cc不/d擦/v都/d是/vshi没有/d必要/a的/ude1，/wd这/rzv只/d是/vshi一/m只/q客套/n罢了/y。/wj
我/rr见/v她/rr只/d有/vyou一个/mq人/n，/wd于是/cc先/d调整/v了/ule一下/mq嗓音/n便/d开口/vi道/v：/wm“/wyz就/d你/rr一个/mq人/n吗/y？/ww”/wyy
虽然/c这/rzv是/vshi一/m句/q废话/n，/wd可是/c在/p沉默/a的/ude1时候/n，/wd废话/n也/d是/vshi能/v起/vf到/v调节/vn气氛/n作用/n的/ude1。/wj
“/wyz嗯/e。/wj
就/d是/vshi我/rr一个/mq人/n，/wd你/rr呢/y？/ww
也/d是/vshi一个/mq人/n吗/y？/ww”/wyy
大多数/m情况/n下/f，/wd女人/n就是/v这样/rzv，/wd你/rr找/v她/rr聊天/vi说话/vi，/wd她/rr总是/d处于/v被动/a的/ude1状态/n。/wj
一/m个/q男人/n要/v不断/d的/ude1制造/vn话题/n，/wd这样/rzv两/m人/n之间/f的/ude1谈话/vn才/d不至于/d过早/d结束/v。/wj
“/wyz我/rr请/v你/rr喝/vg一/m杯/q怎么样/ryv？/ww”/wyy
我/rr轻轻/d微笑/vi着/uzhe说/v。/wj
“/wyz那/rzv请/v坐/v吧/y！/wt”/wyy
那/rzv女孩/n很/d爽快/a的/ude1答应/v了/y。/wj
那/rzv女孩/n先/d开口/vi了/y，/wd“/wyz你/rr是/vshi上海/ns人/n吗/y？/ww
做/v什么/ry事情/n？/ww
看/v你/rr的/ude1样子/n不/d像/v打工/vi的/ude1，/wd应该/v工资/n很/d高/a吧/y？/ww”/wyy
我/rr根本/d没有/d想到/v现在/t的/ude1女孩/n都/d是/vshi这么/rz现实/n，/wd一/m开口/vi就/d提/v钱/n和/cc工资/n。/wj
我/rr有/vyou很多/m朋友/n，/wd现在/t也/d一直/d打/v单身/n，/wd这么/rz看来/v可能/v就/d是/vshi因为/p没/v钱/n，/wd相比之下/vl，/wd我/rr很/d庆幸/v自己/rr这个/rz事业/n略/d有/vyou小/a成/v的/ude1男人/n。/wj
“/wyz不/d，/wd我/rr不/d是/vshi上海/ns人/n，/wd我/rr是/vshi浙江/ns户籍/n的/ude1！/wt
对/p了/y，/wd你/rr叫/vi什么/ry名字/n。/wj
我/rr叫/vi李杰/nr，/wd最/d普通/a的/ude1姓/n，/wd最/d普通/a的/ude1名/n，/wd名字/n很/d俗/a。/wj”/wyy
“/wyz也/d没什么/vl，/wd我/rr叫/vi余丽/nr，/wd很/d高兴/a认识/n你/rr！/wt”/wyy
“/wyz我/rr也/d是/vshi，/wd我/rr想/v请/v你/rr喝/vg一/m杯/q“/wyz水中月/nz”/wyy怎么样/ryv？/ww”/wyy
我/rr向/p服务员/n打/v了/ule个/q响指/n，/wd点/v了/ule一/m杯/q“/wyz水中月/nz”/wyy的/ude1低/a酒精/n浓度/n的/ude1鸡尾酒/n。/wj
接/v下来/vf我/rr有些/rz犹豫/a了/y，/wd不知/v和/cc这个/rz女/b孩子/n说/v些/q什么/ry好/a，/wd我/rr是/vshi个/q风趣/a的/ude1人/n，/wd可是/c我/rr又/d不/d想/v和/cc她/rr讲/v俏皮话/n，/wd因为/c我/rr不/d愿/v让/v她/rr把/pba我/rr当成/v是/vshi那种/r油腔滑调/a，/wd在/p酒吧/n里/f随便/ad结交/v女孩子/n的/ude1人/n，/wd此刻/r间/f，/wd我/rr感觉/v音乐/n和/cc灯光/n的/ude1节奏/n不/d合拍/a，/wd全/a酒吧/n的/ude1人/n纷纷/d在/p注视/v我们/rr俩/m。/wj
但/c以/p我/rr平时/t的/ude1表现/vn，/wd我/rr绝对/d不/d会/v因为/p这些/rz变/v得/ude3沉默/a不/d语/v的/ude1，/wd我/rr只是/d在/p犹豫/a。/wj
就/d在/p我/rr踌躇/vi之际/f，/wd那/rzv女孩/n很/d开朗/a的/ude1笑/v了/ule笑/v说/v：/wm“/wyz怎么/ryv你/rr也/d是/vshi一个/mq人/n呢/y？/ww