隔/v天/qt，/wd微微/d和/cc奈何/v毫无/v意外/a的/ude1成为/v了/ule视频/n大赛/vn的/ude1冠军/n，/wd冠军/n奖励/vn也/d飞快/z的/ude1发给/v了/ule他们/rr，/wd凭着/p奖励/vn的/ude1双/m倍/q经验/n，/wd微微/d瞬间/t升/v了/ule一/m级/q。/wj
微微/d开心/a之/uzhi极/ng，/wd要/v知道/v她/rr这/rzv个/q级别/n升级/vi很/d不/d容易/a的/ude1，/wd上次/t升级/vi都/d是/vshi两/m周/qt前/f的/ude1事情/n了/y。/wj
当然/d也/d拿/v到/v了/ule那/rzv套/q七彩/n套装/n，/wd微微/d第一/m时间/n穿/v上/vf了/y，/wd果然/c很/d漂亮/a很/d眩/vg目/ng，/wd还/d可以/v调整/vn颜色/n，/wd不过/c也/d仅仅/d是/vshi漂亮/a而已/y，/wd这/rzv衣服/n什么/ry属性/n都/d没有/v的/ude1，/wd穿/v去/vf杀/v怪/v肯定/d迅速/a地/ude2壮烈/ad成仁/vi。/wj
所以/c微微/d也/d就/p兴头/n上/f穿/v了/ule两/m天/qt，/wd很快/d就/d把/pba这/rzv套/q衣服/n扔/v在/p了/ule仓库/n角落/n，/wd再/d也/d没/d穿/v过/uguo。/wj
这里/rzs还有/v个/q插曲/n，/wd微微/d那/rzv衣服/n一共/d才/d穿/v了/ule两三/m天/qt，/wd倒/d有/vyou三/m次/qv遇见/v了/ule小雨/n妖/x妖/x，/wd以/p前/f十/m天/qt半/m个/q月/n也/d未必/d能/v遇见/v一/m次/qv。/wj
第三/m次/qv碰见/v的/ude1时候/n，/wd微微/d自己/rr都/d觉得/v尴尬/an起来/vf，/wd囧/x囧/x的/ude1想/v，/wd人家/rr不/d会/v以为/v她/rr是/vshi故意/d炫耀/v的/ude1吧/y…/ws…/ws
不过/c呢/y，/wd爱/v怎么/ryv想/v就/d怎么/ryv想/v吧/y，/wd管/v他/rr呢/y！/wt
与/p视频/n大赛/vn获奖/vn名单/n同时/c公布/v的/ude1还有/v另/rz一/m则/q消息/n，/wd关于/p夫妻/nPK/x大赛/vn的/ude1。/wj
拖/v了/ule一个/mq月/n的/ude1时间/n，/wdPK/x大赛/vn的/ude1赛程/n安排/v终于/d出来/vf了/y，/wd微微/d看/v了/ule看/v，/wd觉得/v还/d满/a合理/a的/ude1。/wj
PK/x大赛/vn的/ude1正式/ad开赛/vi时间/n是/vshi下/vf周五/t晚上/t，/wd整个/b比赛/vn将/d进行/vx一/m个/q月/n，/wd前/f半/m个/q月/n是/vshi各/rz服/v积分/n循环赛/n，/wd之后/f是/vshi各/rz服/v前/f十六/m名/q的/ude1淘汰赛/n和/cc分/v决赛/vn，/wd最后/f是/vshi全/d服/v淘汰赛/n和/cc总/b决赛/vn。/wj
微微/d特别/d注意/v了/ule一下/mq总/b决赛/vn的/ude1时间/n，/wd6月/t14/m号/q的/ude1晚上/t8点/t，/wd六/m级/q考试/vn是/vshi6月/t21/m号/q下午/t，/wd就是说/c，/wd假如/c他们/rr能/v进/vf总/b决赛/vn的/ude1话/n，/wd比赛/v完/vi了/ule还/d可以/v留/v出/vf一个/mq星期/n专心/a的/ude1复习/vn英语/nz。/wj
很/d好/a很/d完美/a。/wj
微微/d满意/v的/ude1点头/vi，/wd开始/v仔细/a地/ude2分配/v着/uzhe下/f个/q月/n的/ude1学习/vn和/cc游戏/n时间/n，/wd奈何/v却/d显得/v很/d随意/a，/wd和/cc微微/d一起/d去/vfNPC/x那/rzv报了名/v后/f，/wd对/p微微/d说/v：/wm“/wyz要是/c有/vyou比赛/vn，/wd提前/v一/m天/qt通知/n我/rr。/wj”/wyy
微微/d跟班/vd立刻/d点头/vi：/wm“/wyz嗯/e，/wd没/v问题/n。/wj”/wyy
比起/v奈何/v波澜/n不/d兴/v的/ude1态度/n，/wd猴子/n酒/n和/cc愚公/nr他们/rr热情/a多/a了/y，/wd比赛/vn前/f一直/d缠/v着/uzhe他们/rrPK/x，/wd说是/v要/v做/v他们/rr的/ude1陪练/vn。/wj
猴子/n酒/n说/v：/wm“/wyz来/vf吧/y，/wd把/pba我们/rr当成/v你们/rr的/ude1对手/n，/wd模拟/vPK/x一/m场/qv。/wj”/wyy
奈何/v说/v：/wm“/wyz我们/rr的/ude1对手/n是/vshi夫妻/n，/wd你们/rr谁/ry是/vshi夫/n谁/ry是/vshi妻/ng？/ww”/wyy
猴子/n酒/n说/v：/wm“/wyz当然/d我/rr是/vshi夫/y。/wj”/wyy
愚/v公/ng暴/ad跳/vi了/y：/wm“/wyz我/rr才/d是/vshi夫/y。/wj”/wyy
猴子/n酒/n：/wm“/wyz我/rr比/p你/rr高/a。/wj”/wyy
愚公/nr：/wm“/wyz我/rr比/p你/rr重/v。/wj”/wyy…/ws…/ws…/ws…/ws…/ws…/ws
两/m人/n很/d幼稚/a的/ude1争论/vn了/ule一会/m，/wd争/v不/d出/vf个/q结果/n，/wd于是/cc轰轰烈烈/al地/ude2开始/vPK/x了/vi…/ws…/ws
微微/d很/d景仰/v的/ude1看/v向/p奈何/v，/wd大/a神/n啊/y，/wd就/d是/vshi杀人/vi不见/v血/n。/wj
总之/c，/wd由于/c愚公/nr和/cc猴子/n酒/n的/ude1夫妻/n名/q份/q始终/d难以/d界定/v，/wd陪练/vn是/vshi没有/v了/y，/wd比赛/vn前/f，/wd一/m群/q人/n的/ude1主要/b活动/vn依旧/z是/vshi刷/vboss/x。/wj
微微/d和/cc奈何/v仍然/d不时/d离队/vi去/vf做/v夫妻/n任务/n，/wd高级/a的/ude1夫妻/n任务/n他们/rr也/d快/d做/v完/vi了/y，/wd只/d剩下/v最后/f一个/mq没/d做/v，/wd就/d是/vshi传说/n中/f很/dBT/x很/dBT/x的/ude1“/wyz神/n雕/vg侠/ng侣/x”/wyy。/wj
这个/rz任务/n有/vyou多/mBT/x呢/y，/wdBT/x到/v，/wd游戏/n运营/vn这么/rz久/ng了/y，/wd居然/d全/d服/v都/d没/v人/n完成/v过/uguo。/wj
微微/d跟/v奈何/v一路/mq做/v过去/vf，/wd发现/v此/rzs任务/n果然/c不/d负/vBT/x之/uzhi名/ng，/wd每个/r环节/n的/ude1小/a任务/n都/d是/vshi又/d难/a又/d繁/ag。/wj
就/d拿/v必不可少/vl的/ude1打/v怪/v来说/uls吧/y，/wd任务/n里/f有/vyou个/q怪/a，/wd居然/d无耻/a到/v抗/v所有/b非/b攻击/vn类/n法术/n，/wd然后/c血/n量/n降/v到/v一定/b值/n就/d给/p自己/rr来/vf一/m招/q妙手回春/vl，/wd气/n血/n全/d满/a，/wd而且/c抗/v探查/v术/ng，/wd无法/v探/v知/v他/rr的/ude1血/n到底/d有/vyou多/m厚/a…/ws…/ws
后来/t还是/d奈何/v计算/v出/vf他/rr的/ude1血/n量/n和/cc施展/v妙手回春/vl的/ude1临界值/n才/d过/uguo掉/v的/ude1。/wj
微微/d因此/c对/p大/a神/n的/ude1崇拜/vn更/d上/vf了/ule一/m层/qv楼/n，/wd其实/d她/rr也/d在/p算/v怪物/n的/ude1血/n量/n，/wd但/c是/vshi哪/ry有/vyou算/v那么/rz快/a啊/y，/wd简直/d不/d是/vshi人/n啊/e不/d是/vshi人/n。/wj
神/n雕/vg侠/ng侣/x任务/n里/f除了/p打/v怪/a、/wn收集/v材料/n这样/rzv的/ude1传统/n环节/n，/wd还/d变态/n的/ude1设置/vn了/ule限/v时/ng猜谜/vi、/wn走/v迷宫/n等等/udeng，/wd居然/d还/d有/vyou下棋/vi对/p对子/n…/ws…/ws
虽然/c那个/rz下棋/vi只/d要/v走/v几/m步/qv，/wd象棋/n围棋/n可/v选择/v，/wd但是/c总/d有/vyou两/m种/q棋/n都/d不/d会/v的/ude1玩/v家/n吧/y…/ws…/ws
比如/v微微/d＝＝/m幸好/d有/vyou全才/n型/k的/ude1奈何/v大/a神/n在/v。/wj
两/m人/n一/m路/n还/d算/v顺利/a的/ude1过关/vi，/wd到/v了/ule最后/f一/m关/n，/wd微微/d终于/d见识/v到/v了/ule什么/ry叫/vi没有/d最/dBT/x，/wd只有/c更/dBT/x。/wj
最后/f一/m关/n，/wd和/ccNPC/x对话/vi完毕/vi后/f，/wd微微/d居然/d在/p毫无/v准备/v的/ude1情况/n下/f被/pbei系统/n传送/v到/v一个/mq地图/n上/f没有/v的/ude1神秘/a地方/n，/wd然后/c奈何/v必须/d在/p16/m个/q小时/n内/f找到/v她/rr，/wd如果/c找/v不/d到/v，/wd那/rzv就/d算/v任务/n失败/vi。/wj
微微/d至/p此/rzs才/d明白/v，/wd为什么/ryv这个/rz任务/n叫/vi神/n雕/vg侠/ng侣/x，/wd这/rzv完全/ad是/vshi仿/x照/v杨/nr1过/d和/cc小/a龙/n女/b分离/vi16年/m的/ude1设定/vn嘛/y。/wj
这样/rzv说/v来/vf，/wd难道/d她/rr现在/t所在/n的/ude1这个/rz黑漆漆/z的/ude1地方/n也/d和/cc神/n雕/vg侠/ng侣/x书/n里/f一样/uyy，/wd是/vshi在/p悬崖/n底下/f？/ww
那/rzv奈何/v找/v她/rr，/wd岂/d不/d是/vshi要/v跳/vi崖/ng？/ww
好/a在/p系统/n还/d没有/v变态/n到/v关闭/v消息/n系统/n，/wd他们/rr还/d可以/v互通/v信息/n。/wj
奈何/v：/wm“/wyz周围/f的/ude1环境/n是/vshi怎么样/ryv的/ude1？/ww”/wyy
微微/d：/wm“/wyz环境/n就是/d很/d黑/a很/d黑/a很/d黑/a…/ws…/ws”/wyy
微微/d描述/v着/uzhe自己/rr都/d觉得/v黑线/n，/wd奈何/v倒是/d淡/x定/v：/wm“/wyz什么/ry都/d看/v不/d见/v？/ww”/wyy
微微/d：/wm“/wyz对/v。/wj”/wyy
奈何/v：/wm“/wyz声音/n呢/y？/ww”/wyy
微微/d凝神/vd细/ad听/v了/ule一会/m：/wm“/wyz好像/v有/vyou水/n声/qv。/wj”/wyy
奈何/v：/wm“/wyz嗯/e，/wd我/rr知道/v了/y。/wj”/wyy