微微/d拿/v着/uzhe报纸/n，/wd仔细/a地/ude2寻找/v着/uzhe适合/v她/rr工作/vi的/ude1地方/n。/wj
这个/rz不行/a，/wd这个/rz也/d不行/a，/wd微微/d在/p不/d适合/v的/ude1地方/n打/v了/ule一个/mq大/a大/a的/ude1叉/n。/wj
本来/d也/d想/v过/uguo回/v原来/b公司/n的/ude1，/wd可/v一/m想到/v肖/vg奈/vg幽怨/n及其/cc腹/ng黑/a的/ude1表情/n，/wd微微/d还是/d在/p脑/n中/f扼杀/v了/ule这个/rz想法/n。/wj
微微/d这/rzv几/m天/qt已经/d深刻/a的/ude1意识/n到/v男人/n吃醋/v是/vshi杀人/vi不见/v血/n的/ude1。/wj
一/m进/vf门/n便/d看见/v自家/rr夫人/n眉头/n紧/d皱/v的/ude1样子/n，/wd肖奈/nrf放下/v公文包/n，/wd来到/v微微/d面前/f。/wj
肖奈/nrf：/wm“/wyz怎么/ryv了/y？/ww
微微/d。/wj”/wyy
微微/d猛/x得/v打/v了/ule一个/mq颤/vi，/wd肖奈/nrf一直/d叫/vi她/rr夫人/n的/ude1，/wd难/a得/ude3叫/vi几/m次/qv微微/d，/wd让/v她/rr一下子/mq酥/a到/v骨头/n里/f了/y。/wj
微微/d装/v样/u镇定/a：/wm“/wyz我/rr找/v不/d到/v工作/vn。/wj”/wyy
肖奈/nrf：/wm“/wyz工作/vn为/v何物/r？/ww”/wyy
微微/d对/p肖奈/nrf的/ude1话/n很/d是/vshi疑惑/v，/wd刚/d想/v开口/vi问/v，/wd“/wyz微微/d不/d是/vshi有/vyou为/v夫/Rg供/vi着/uzhe吗/y？/ww”/wyy
微微/b头/n上/f冒/v出/vf了/ule三/m条/q黑线/n。/wj
微微/d：/wm“/wyz才/d不/d要/v，/wd我/rr要/v自己/rr养/v自己/rr。/wj
要不然/c等/v以后/f你/rr不要/d我/rr了/y，/wd我/rr不/d是/vshi连/ulian生存/vi的/ude1能力/n都/d没/v了/y！/wt”/wyy
听/v完/vi微微的/z长篇大论/nl，/wd肖奈/nrf用/p一/m种/q奇怪/a的/ude1眼神/n看/v着/uzhe微微/d，/wd许久/m，/wd平静/a的/ude1声音/n传入/v微微的/z耳/n中/f。/wj
“/wyz夫人/n真/d是/vshi多/m虑/vg了/y。/wj”/wyy
好久/m都/d没有/d玩/v梦游/v江湖/n了/y，/wd微微/d乘/v周末/t人/n多/a，/wd来到/v「/x世界/n」/x里/f乱/d晃/v一/m圈/qv。/wj
刚/d一/m上/f线/n，/wd就/d有/vyou无数/m条/q信息/n飞奔/vi过来/vf。/wj
微微/d一一/m看/v过/uguo，/wd无非/d是/vshi关于/p「/x世界/n」/x频道/n里/f有/vyou一些/mq人/n组织/v大家/rr出来/vf见/v个/q面/n。/wj
微微/d玩/v这/rzv游戏/n已经/d四年/m了/y，/wd梦游/v江湖/n也/d出/vf到/v了/ule第四/m代/q了/y，/wd虽然/c这个/rz时代/n游戏/n备/v出/vf，/wd但/c梦游/v还/d是/vshi深受/v大家/rr的/ude1喜爱/vn。/wj
猴子/n酒/n：/wm你/rr和/cc你家/r肖奈/nrf去/vf吗/y？/ww
芦苇/n微微/d：/wm不/d知道/v，/wd肖奈/nrf在/p洗澡/vi，/wd等/udeng他/rr过来/vf问问/v他/rr的/ude1意思/n。/wj
猴子/n酒/n显然/a乎/y视/vg掉/v了/ule微微/b话/n中/f的/ude1重点/n，/wd发/v了/ule一个/mq暧昧/a的/ude1表情/n给/p微微/d，/wd微微/d看到/v后/f脸/n就/d红/a了/y，/wd而/cc这时/rzt，/wd肖奈/nrf也好/d死/v不/d死/v的/ude1来到/v电脑/n旁/f。/wj
微微/d很/d希望/v肖奈/nrf没有/d看/v懂/v这/rzv意思/n，/wd但/c显然/ad是/vshi不/d可能/v的/ude1，/wd肖/vg奈/vg抛/v给/v了/ule微微/d一个/mq媚/ag眼/n。/wj
“/wyz咳/e咳/e！/wt
肖奈/nrf，/wd你/rr说/v我们/rr去/vf不/d去/vf？/ww”/wyy
微微/d把/pba公告/n给/p肖奈/nrf看/v。/wj
“/wyz不/d去/vf。/wj”/wyy
“/wyz我们/rr不/d去/vf。/wj”/wyy
微微/d告诉/v猴子/n酒/n。/wj
猴子/n酒/n：/wm“/wyz可惜/a，/wd不过/c我/rr和/cc莫扎他/nrf他们/rr会/v去/vf的/ude1。/wj
我/rr到/v要/v会/v会/v那/rzv小雨/n妖/x妖/x！/wt
都/d快/a四年/m了/y，/wd还/d老/a和/cc三/m嫂/ng过不去/vi！/wt”/wyy
你/rr想/v看/v美女/n直说/vi，/wd找/v这么/rz犟/x的/ude1理由/n干吗/v？/ww
微微/d心里/s想/v。/wj
“/wyz微微/d，/wd准备/v一下/mq，/wd我们/rr去/vf吃饭/vi。/wj”/wyy
微微/d：/wm“/wyz有/vyou什么/ry重要/a的/ude1事/n？/ww”/wyy
刹时/t，/wd肖奈/nrf立马/d甩/v给/p她/rr一个/mq“/wyz没/v事/n就/d不能/v出/vf去/vf吃饭/vi吗/y？/ww”/wyy
的/ude1表情/n。/wj
微微/d：/wm“/wyz哦/e，/wd你/rr等/v一下/mq。/wj”/wyy
微微/d和/cc肖奈/nrf开/v着/uzhe车/n来/vf到/v锦/ng年/qt。/wj
里面/f似乎/d很/d热闹/a。/wj
锦年/nr2也/d是/vshi风/n腾/o的/ude1产业/n之一/rz。/wj
“/wyz进/vf去/vf吧/y。/wj”/wyy
微微/d和/cc肖奈刚/nrf走/v进去/vf，/wd就/d被/pbei人/n叫/vi住/vi了/y。/wj
微微/d：/wm“/wyz郝眉/nr？/ww
你/rr怎么/ryv在/p这儿/rzs？/ww”/wyy
郝眉/nr：/wm“/wyz梦游/v不/d是/vshi组织/v聚会/vi吗/y？/ww
就/d在/p这里/rzs。/wj”/wyy
微微/d觉/v的/ude1人生/n实在/d有/vyou太/d多/a巧合/vn了/y。/wj
郝眉/nr：/wm“/wyz要/v不/d要/v一起/s？/ww”/wyy
微微/d转头/v寻/v问/v看/v肖奈/nrf。/wj
“/wyz一/m起/vf吧/y。/wj”/wyy
原来/b二/m楼/n已经/d传/v被/pbei他们/rr包/v了/y，/wd具/vg说/v此次/rz活动/vn风/n腾/o还/d赞助/v了/ule呢/y。/wj
微微/d目测/v，/wd应/v有/vyou一百/m来/m号/q人/n。/wj
郝眉/nr：/wm“/wyz大家/rr安静/a一下/mq，/wd我/rr要/v介绍/v二/m个/q人/n。/wj”/wyy
这/rzv是/vshi发生/v在/p微微/d毕业/v考核/v那天/r的/ude1事/n。/wj
这天/rzt，/wd风和日丽/vl，/wd阳光/n明媚/a，/wd朗朗/z乾坤/n之下/f，/wd微微/d真是/d不/d敢/v相信/v为什么/ryv会/v有/vyou这么/rz险恶/a之/uzhi事/n的/ude1发生/vn。/wj
坐/v在/p三维/mq考核/vn人员/n的/ude1面前/f，/wd微微/d的/ude1头/n上/f不禁/d滴/v下/vf了/ule几/m滴/q冷汗/n。/wj
最/d左边/f的/ude1是/vshi肖/vg母/ng，/wd林/nr1教授/n。/wj
微微/d擦/v了/ule擦/v冷汗/n，/wd道/v：/wm“/wyz林/ng教授/n好/a。/wj”/wyy
肖/nr1母/ng则/d给/v了/ule她/rr一个/mq浅/a浅/a的/ude1笑容/n，/wd然后/c缓缓/d道/v：/wm“/wyz叫/vi妈/n。/wj”/wyy
微微/d：/wm“/wyz=/w=/w”/wyy右边/f坐/v着/uzhe的/ude1则/d是/vshi林/nr1教授/n的/ude1老/a公/ng，/wd肖/nr1教授/n。/wj
看/v着/uzhe肖/nr1父/ng一/m脸/q慈祥/a的/ude1笑容/n，/wd微微/d觉得/v全身/n的/ude1鸡皮疙瘩/nl都/d起来/vf了/y。/wj
坐/v在/p正/d中间/f的/ude1，/wd毫无疑问/dl，/wd就/d是/vshi他/rr家/q大/a神/n，/wd肖奈/nrf是/vshi也/d。/wj
肖奈/nrf严肃/a的/ude1朝/p他/rr点/v了/ule点/qt头/n，/wd“/wyz开始/v提问/vn了/y，/wd做好/v准备/vn。/wj”/wyy
微微/d觉得/v这/rzv是/vshi他/rr在/p给/p她/rr一个/mq警钟/n，/wd所以/c立马/d好/a整/m以/p暇/x，/wd认真/ad听/v题/n。/wj
肖/nr1母/ng：/wm“/wyz微微/d最/d理想/a的/ude1结婚/vn对象/n是/vshi谁/ry？/ww”/wyy
微微/d：/wm“/wyz=/w=/w”/wyy大/a神/n呗/y（/wkz脸红/vi一下/mq）/wky肖/vg父/ng：/wm“/wyz微微/d最/d理想/a的/ude1结婚/vn年龄/n是/vshi多少/ry？/ww”/wyy
微微/d：/wm“/wyz=/w=/w”/wyy肖/nr1母/ng：/wm“/wyz微微/d最/d理想/a的/ude1生育/vn年龄/n是/vshi多少/ry？/ww”/wyy
微微/d：/wm“/wyz=/w=/w”/wyy毕业/v答辩/vi只/d问/v三/m个/q问题/n，/wd所以/c当/v微微/d呆滞/a了/ule三/m个/q问题/n之后/f，/wd肖/nr1家/n人员/n便/d觉得/v不/d再/d残害/v自己/rr的/ude1未来/t媳妇/n（/wkz老婆/n）/wky了/y。/wj
肖奈/nrf：/wm“/wyz优/ag。/wj”/wyy
微微/d：/wm“/wyz这/rzv就/d好/a了/y？/ww”/wyy
肖奈/nrf摇/v了/ule摇/v头/n，/wd“/wyz微微/d，/wd最后/f一个/mq问题/n。/wj”/wyy
微微/d：/wm“/wyz？/ww？/ww？/ww”/wyy
肖奈/nrf：/wm“/wyz什么/ry时候/n和/cc我/rr结婚/vi？/ww”/wyy
肖/nr1父/ng肖/vg母/ng躲/v在/p肖/vg奈/vg后面/f点/v了/ule点/qt头/n。/wj
微微/d：/wm“/wyz=/w=/w”/wyy英语/nz论文/n考核/vn时/ng…/ws…/ws
微微/d木讷/a的/ude1看/v着/uzhe肖/nr1家/n三/m位/q活宝/n，/wd有些/rz无/v语/ng，/wd今天/t的/ude1她/rr怎么/ryv这么/rz霉/n啊/e…/ws…/ws
难道/d他们/rr是/vshi问/v不/d到/v结果/n誓/vg不/d罢休/vi吗/y？/ww
最/d可恶/a的/ude1是/vshi，/wd因为/c体育/n考试/vn没有/d参加/v的/ude1缘故/n，/wd微微/d的/ude1体育/n补考/v则/c放在/v了/ule今天/t，/wd而/cc他们/rr也/d很/d准时/a的/ude1出现/v在/p了/ule操场/n上/f，/wd二/m老/a及/cc大/a神/n在/p她/rr跑/v八百/m米/q事/n轮番/d上阵/vi，/wd一个/mq接/v一个/mq问/v她/rr人生/n问题/n，/wd结果/n，/wd微微/d的/ude1八百/m米/q成绩/n前所未有/vl的/ude1好/a…/ws…/ws