“/wyz快/d跑/v！/wt”/wyy
杨烨/nr感觉/v到/v肋/n处/vi传来/v的/ude1痛感/n，/wd拉/v着/uzhe肖晴/nr的/ude1手/n跑/v开/v了/y，/wd躲/v进/vf了/ule卧室/n里/f。/wj
“/wyz你/rr没/v事/n吧/y！/wt”/wyy
肖晴/nr害怕/v的/ude1说道/v，/wd刚才/t她/rr一阵/mq梨花/n带/v雨/n的/ude1哭/v着/uzhe，/wd被/pbei突然/ad擦/v肋/n而/cc过/vf的/ude1子弹/n将/p她/rr吓/v了/ule一下/mq，/wd失神/vi之际/f被/pbei杨烨/nr拉/v到/v了/ule卧室/n里/f，/wd这/rzv才/d缓/vi了/ule过来/vf。/wj
“/wyz没/v事/n，/wd看样子/v你/rr父亲/n先/d对/p我/rr动手/vi了/y。/wj”/wyy
杨烨/nr笑/v着/uzhe对/p肖晴/nr说道/v，/wd他/rr知道/v这/rzv件/q事/n肖晴/nr是/vshi不/d希望/v发生/v的/ude1，/wd要/v怪/v只/d能/v怪/v肖晴/nr的/ude1父亲/n不/d通情达理/vl了/y。/wj
“/wyz要/v不/d要/v帮/v你/rr包扎/v一下/mq？/ww”/wyy
肖晴/nr还是/d不/d放心/v的/ude1看/v着/uzhe杨烨/nr左/a肋/n处/vi的/ude1伤口/n。/wj
“/wyz说/v过/uguo没/v事/n了/y，/wd先/d趴下/vi。/wj”/wyy
杨烨/nr怒/vg道/n，/wd都/d到/v这/rzv要命/a的/ude1时刻/n了/y，/wd肖晴/nr还/d婆婆妈妈/bl的/ude1，/wd真/d不/d知道/v她/rr这个/rz黑帮/n老大/n的/ude1女儿/n是/vshi怎么/ryv当/v的/ude1，/wd就/d算是/v没/d见/v过/uguo枪杀/vn，/wd也/d见/v过/uguo一些/mq流血/vn事件/n吧/y？/ww
一/m把/pba将/d肖晴/nr按/p了/ule下去/vf，/wd紧接着/c卧室/n内/f的/ude1玻璃/n也/d碎/v了/ule开/v来/vf，/wd玻璃/n渣子/n碎/v了/ule一/m地/n，/wd但是/c杨烨/nr却/d没有/v丝毫/m心疼/v。/wj
这些/rz东西/n又/d不/d是/vshi赔/v不/d起/vf，/wd现在/t活/v下去/vf才/d是/vshi王道/n，/wd如果/c现在/t都/d活/v不/d下去/vf，/wd光/d心疼/v这些/rz有/vyou啥/ry用/v？/ww
又/d一/m颗/q子弹/n从/p杨烨/nr的/ude1后背/n擦/v过/uguo，/wd再/d一/m次/qv在/p杨烨/nr的/ude1身上/s留下/v了/ule血/n的/ude1痕迹/n，/wd但是/c杨烨/nr却/d一声不吭/al。/wj
这/rzv一点/m小/a伤/n，/wd比起/v上次/t真正/d中弹/vi后/f差/a的/ude1远/a了/y！/wt
在/p中弹/vi的/ude1一瞬间/t，/wd杨烨/nr抱/v着/uzhe肖晴/nr滚/vi到/v了/ule一边/f，/wd在/p原先/b两/m人/n所在/n的/ude1地方/n又/d留下/v了/ule一个/mq拇指/n粗细/n的/ude1小/a洞/n。/wj
杨烨/nr眼睛/n微/ag眯/v了/ule一下/mq，/wd对/p肖晴/nr说道/v：/wm“/wyz你/rr先/d出去/vf。/wj
这些/rz人/n肯定/d是/vshi肖建华/nr找/v来/vf让/v干掉/v我/rr的/ude1，/wd但是/c他们/rr绝对/d不/d会/v对/p你/rr下手/vi。/wj
你/rr先/d走/v，/wd省/n的/ude1连累/v了/ule你/rr。/wj”/wyy
“/wyz不/d，/wd我/rr要/v和/cc你/rr在/p一起/s。/wj”/wyy
肖晴/nr固执/a的/ude1拉/v着/uzhe杨烨/nr的/ude1手/n，/wd眼泪/n从/p迷人/a的/ude1双目/n中/f流/v了/ule出来/vf。/wj
这/rzv一/m幕/q让/v杨烨/nr看/v的/ude1心疼/v不已/vi，/wd没/d想到/v肖晴/nr居然/d会/v为/v了/ule他/rr涉险/v，/wd如果/c让/v肖建华/nr那个/rz老东西/n知道/v后/f，/wd会/v不/d会/v拍/v着/uzhe桌子/n气/n爆/v呢/y？/ww
忽然/d，/wd一道/d血迹/n再次/d出现/v在/p杨烨/nr的/ude1身上/s，/wd此刻/r血迹/n是/vshi出现/v在/p杨烨/nr的/ude1右腿/n上/f。/wj
杨烨/nr眉头/n皱/v了/ule一下/mq，/wd这/rzv狙击手/n还/d真/d是/vshi狠/a啊/y，/wd居然/d差一点/d就/d让/v自己/rr失去/v了/ule行动/vn能力/n，/wd但是/c自己/rr怎么/ryv感觉/v这个/rz狙击手/n不/d像/v是/vshi要/v自己/rr的/ude1命/n，/wd而是/c像/v是/vshi在/p吓唬/v自己/rr？/ww
难道/d自己/rr从/p小/a是/vshi吓/v大/a的/ude1？/ww
亦/d或者/c是/vshi肖建华/nr这个/rz老/a东西/n不/d知道/v自己/rr的/ude1能耐/n？/ww
不/d对/p呀/y，/wd肖建华/nr应该/v知道/v自己/rr是/vshi个/q很/d难/ad缠/v的/ude1主/ag，/wd如果/c让/v自己/rr知道/v干/v的/ude1话/n，/wd那/c自己/rr肯定/d会/v跟/p他/rr没/d完/vi，/wd但是/c他/rr怎么/ryv会/v对/p自己/rr手下/s留情/vi呢/y？/ww
想到/v这/rzv，/wd杨烨/nr皱/v了/ule下/vf眉头/n，/wd因为/c一道/d血迹/n出现/v在/p他/rr的/ude1腰/n上/f。/wj
腰/n是/vshi人体/n最/d敏感/a的/ude1地方/n之一/rz，/wd也/d是/vshi神经/n末梢/n最/d发达/a的/ude1地方/n。/wj
不然/c为什么/ryv会/v有/vyou女生/n喜欢/vi掐/v男生/n的/ude1腰/n呢/y？/ww
原因/n就是/v腰/n上/f的/ude1肉/n比较/d细/a！/wt
杨烨/nr皱/v了/ule皱眉头/v，/wd但是/c没有/d哼/v一/m声/qv，/wd而是/c爬/v了/ule起来/vf，/wd直接/ad弯腰/vi横/dg抱/v起/vf肖晴/nr，/wd冲/v出/vf了/ule卧室/n门/n，/wd然后/c用/p脚/n踹/v开/v只/d上/vf了/ule一/m道/qv防盗/vn锁/n的/ude1防盗门/n，/wd从/p四/m楼/n冲/v到/v了/ule楼/n底下/f。/wj
别/d说/v是/vshi上/vf了/ule一/m道/qv防盗/vn锁/n的/ude1防盗门/n，/wd就/d是/vshi十二/m道/qv防盗/vn锁/n全部/m锁/n上/f，/wd杨烨/nr都/d能/v踹/v开/v，/wd他/rr的/ude1脚力/n可以/v将/p一/m头/q牛/n的/ude1头颅/n踢/v得/ude3粉碎/z，/wd这/rzv完全/ad是/vshi罗志海/nr将/p他/rr送/v到/v国外/s进行/vx了/ule恐怖/a的/ude1魔鬼/n训练/vn，/wd从而/c锻炼/v出来/vf的/ude1恐怖/a力量/n。/wj
杨烨/nr冲/v到/v楼/n底下/f时/ng，/wd正好/z看到/v了/ule上楼/vi来/vf的/ude1房主/n，/wd对/p房主/n快速/b的/ude1说道/v：/wm“/wyz李/nr1阿姨/n，/wd我/rr女朋友/n受伤/vi了/y，/wd房子/n门/n开/v着/uzhe呢/y，/wd你/rr赶紧/d上去/vf把门/vi关/v一下/mq。/wj
谢谢/v。/wj”/wyy
说/v完/vi，/wd杨烨/nr便/d抱/v着/uzhe肖晴/nr跑/v向/p东苑/ns小区/n的/ude1门口/s。/wj
正当/p杨烨/nr抱/v着/uzhe肖晴/nr快要/d冲/v出/vf东/f苑/ng小区/n门口/s的/ude1时候/n，/wd一/m辆/q大众/n车/n便/d挡住/v了/ule两/m人/n的/ude1面前/f。/wj
生生/nr2将/p杨烨/nr给/p拦/v在/p了/ule门口/s处/n。/wj
看/v着/uzhe这/rzv辆/q横插/n中间/f的/ude1大众/n车/n，/wd杨烨/nry/xī/xn/x沉着/a脸/n，/wd锁/v着/uzhe眉头/n，/wd眼镜/n微/ag眯/v着/uzhe看/v着/uzhe那/rzv辆/q大众/n车/n，/wd然后/c似乎/d下/vf定/v了/ule什么/ry决心/n似的/uyy。/wj
膝盖/n一/m曲/q，/wd随即/d用力/a一/m弹/ng，/wd抱/v着/uzhe肖晴/nr就/d跳/vi到/v了/ule那/rzv辆/q大众/n车上/s。/wj
如果/c是/vshi杨烨/nr一个/mq人/n的/ude1话/n，/wd自己/rr一个/mq人/n跳/vi上/f去/vf是/vshi完全/ad没有/v问题/n的/ude1，/wd但是/c抱/v着/uzhe肖晴/nr跳/vi上/f去/vf，/wd杨烨/nr便/d承载/v着/uzhe两/m个/q人/n的/ude1重量/n，/wd一个/mq没/d站/vi稳/a，/wd单/d膝/ng跪/v在/p了/ule车上/s，/wd但是/c他/rr并/d没有/d就/d此/rzs停/vi住/vi，/wd抱/v着/uzhe肖/nr1晴/vi快速/b的/ude1跳/vi下/f车/n顶/ng，/wd冲/v出/vf了/ule东/f苑/ng小区/n外/f。/wj
一路/mq上/f，/wd杨烨/nr似/vg疯/vi了/ule一般/a的/ude1跑/v着/uzhe，/wd额头/n上/f的/ude1汗珠/n如/v黄豆/n一般/ad流/v下来/vf，/wd虽然/c现在/t很/d累/a，/wd但是/c他/rr并/d没有/v因此/c而/cc停/vi下来/vf。/wj
因为/p他/rr知道/v现在/t只/d要/v停/vi下来/vf，/wd说不定/vl就/d会/v被/pbei一/m枪击/vn中/f。/wj
路人/n见到/v杨烨/nr抱/v着/uzhe肖晴/nr在/p路上/s狂奔/vi，/wd纷纷/d让/v开/v了/ule路/n，/wd而/cc在/p杨烨/nr身后/f则/d跟/v着/uzhe几/m辆/q车/n，/wd不/d疾/ag不/d徐/ag的/ude1追赶/v着/uzhe杨烨/nr。/wj
杨烨/nr也/d时不时/d回头/d看/v一/m眼/q跟/v着/uzhe自己/rr的/ude1几/m辆/q车/n，/wd心里/s一/m狠/a，/wd冒/v着/uzhe被/pbei子弹/n打中/v的/ude1危险/an生/v生/v停/vi了/ule下来/vf。/wj
他/rr一/m停/vi，/wd跟着/v的/ude1车/n便/d停/vi了/ule下来/vf。/wj
缓缓/d转/v过/uguo身/ng，/wd杨烨/nr咽/v了/ule口/q唾沫/n，/wd眼中/s闪/vi过/uguo一/m丝/q凶/a戾/x之/rzs/xè/x。/wj
但是/c他/rr并/d没有/d莽撞/a的/ude1冲/v上去/vf，/wd就算/d他/rr不/d害怕/v自己/rr的/ude1生命/n受到/v威胁/vn，/wd也/d要/v为/p怀里/s的/ude1肖/nr1晴/vi着想/vi。/wj
肖晴/nr此刻/r还/d在/p刚才/t的/ude1惊险/an中/f没/d缓/a过/uguo神/n来/f，/wd原本/d迷人/a的/ude1双目/n中/f既/c充满/v惊讶/an又/d充满/v恐惧/an，/wd下/vf意识/n的/ude1仅仅/d搂/v着/uzhe杨烨/nr的/ude1脖子/n。/wj