“/wyz既然如此/c，/wd那/rzv就/d休/v怪/v我/rr下/vf手/n不/d留情/vi了/y。/wj”/wyy
杨烨/nr一/m听/v杰尔文/nrf这个/rz样子/n，/wd知道/v杰尔/nrf文/ng守口如瓶/vl，/wd即使/c威胁/v到/v他/rr的/ude1生命/n，/wd他/rr也/d不/d会/v哼/v一/m句/q话/n。/wj
说/v完/vi，/wd杨烨/nr脚下/f发/v力/n，/wd抬/v腿/n便/d是/vshi一/m脚/q，/wd但是/c却/d被/pbei杰尔/nrf文/v轻轻松松/z的/ude1挡/n下/f，/wd但是/c如果/c杰尔文/nrf认为/v这/rzv是/vshi杨烨/nr的/ude1实招/n，/wd那/rzv就/d大/a错/n特/ag错/v了/y！/wt
只见/v杨烨/nr的/ude1腿/n被/pbei杰尔文/nrf接触/v的/ude1一刹那/t，/wd杨烨/nr的/ude1左/a拳/n便/d同时/d砸/v向/p杰尔文/nrf的/ude1脖颈/n处/vi。/wj
杰尔文/nrf只/d感觉/v到/v脖颈/n处/vi的/ude1空气/n被/pbei巨大/a的/ude1力量/n和/cc极/d速/ag挤压/v，/wd下/vf意识/n的/ude1一/m挡/q，/wd结果/n杰尔文/nrf就/d跟/v触电/vi了/ule一般/a，/wd立刻/d弹跳/vi了/ule起来/vf，/wd吃惊/a的/ude1看/v着/uzhe杨烨/nr。/wj
看/v着/uzhe吃惊/a的/ude1杰尔文/nrf，/wd杨烨/nr淡/x淡/x的/ude1说道/v：/wm“/wyz杰尔文/nrf，/wd不管/c你/rr是/vshi为/v谁/ry办事/vi的/ude1，/wd但是/c我/rr要/v告诉/v你/rr的/ude1是/vshi，/wd我/rr现在/t已经/d不/d是/vshi过去/t的/ude1自己/rr了/y，/wd我/rr现在/t的/ude1力量/n跟/p你/rr一样/uyy，/wd是/vshi一/m种/q特殊/a能力/n。/wj
如果/c我/rr没/d猜/v错/v，/wd你/rr是/vshi一个/mq水系/n异能/n者/k。/wj
但是/c，/wd作为/v一个/mq水系/n异能/n者/k，/wd你/rr一定/d要/v做好/v跟/p电/n系/v异/ag能者/n摩擦/vn的/ude1准备/vn！/wt”/wyy
杨烨/nr说/v完/vi，/wd立刻/d双手/n放电/vi，/wd然后/c快速/d接触/v到/v杰尔文/nrf的/ude1身体/n，/wd杰尔文/nrf的/ude1身体/n立刻/d触电/vi，/wd虽然/c杨烨/nr身上/s的/ude1强大/a生物/n电/n还/d电/n不/d死/v人/n，/wd但是/c麻痹/a一个/mq人/n的/ude1神经/n却/d是/vshi足够/v了/y。/wj
正/d在/p这时/rzt，/wd黄欣雪/nr已经/d横/dg抱/v着/uzhe白莫雪/nr来到/v了/ule辰星/nr2中学/n，/wd看到/v和/cc杨烨/nr对峙/vi的/ude1杰尔文/nrf，/wd下/vf意识/n的/ude1拿/v出/vf匕首/n，/wd准备/v将/p杰尔文/nrf一/m刀/q抹杀/v。/wj
正当/p黄欣雪/nr以/p掩/v耳/n不/d及/v迅/ag雷/n之/uzhi势/ng快速/d将/p匕首/n划/v向/p被/pbei杨烨/nr麻痹/vi掉/v的/ude1杰尔文/nrf时/ng，/wd杨烨/nr眼疾手快/vl的/ude1一/m把/pba抓住/v黄欣雪/nr的/ude1芊/x芊/x玉/n手/n，/wd摇/v了/ule摇/v头/n，/wd然后/c淡/x淡/x的/ude1说/v：/wm“/wyz不要/d杀/v他/rr。/wj”/wyy
杨烨/nr发话/vi了/y，/wd黄欣雪/nr也/d没什么/vl好说/a的/ude1，/wd快速/b的/ude1收起/v匕首/n，/wd然后/c抓/v着/uzhe杨烨/nr的/ude1胳膊/n说道/v：/wm“/wyz老/a公/ng，/wd这/rzv是/vshi怎么/ryv回/v事/n？/ww”/wyy
此时/r白莫雪/nr也/d一/m脸/q担心/v的/ude1看/v着/uzhe杨烨/nr，/wd当/p看到/v杨烨/nr身上/s的/ude1血迹/n的/ude1时候/n，/wd白/b莫/b雪/n吓/v得/ude3小/a手/n捂住/v嘴/n，/wd泪水/n不/d争气/a的/ude1流/v了/ule下来/vf。/wj
杨烨/nr轻轻/d抚摸/v了/ule一下/mq白/a莫/b雪/n的/ude1秀发/n，/wd然后/c对/p黄/a欣/vg雪/n说道/v：/wm“/wyz通知/n保安/n，/wd让/v保安/b将/p他/rr带走/v，/wd就/d说/v这/rzv就是/d所谓/v的/ude1鬼/n。/wj
如果/c他们/rr不/d信/v，/wd那/rzv也/d无所谓/vl。/wj”/wyy
说/v完/vi，/wd杨烨/nr轻轻/d捏/v了/ule捏/v黄欣雪/nr的/ude1小/a手/n，/wd然后/c又/d轻轻/d捏/v了/ule捏/v白/b莫/b雪/n的/ude1粉嫩/z脸颊/n。/wj
黄/nr1欣/vg雪/n点头/vi应允/v，/wd杨烨/nr则/d不/d顾/v那些/rz学生/n们/k惊奇/a的/ude1目光/n，/wd带/v着/uzhe白莫雪/nr向/p北/f教学楼/n走/v去/vf，/wd他/rr现在/t要/v带/v着/uzhe肖晴/nr去/vf请/v半/m个/q月/n假/a，/wd这/rzv半/m个/q月/n谁/ry知道/v会/v发生/v什么/ry事情/n？/ww
与/p其/rz担惊受怕/vl，/wd还/d不如/v让/v黄/nr1欣/vg雪/n时时刻刻/dl保护/v着/uzhe肖晴/nr、/wn白莫雪/nr等/udeng人/n。/wj
这/rzv件/q事情/n杨/nr1烨/nr1隐隐/z感觉/n到/v了/ule不对/a，/wd很/d可能/v就/d跟/v肖建华/nr有关/vn，/wd但是/c肖建华/nr是/vshi怎么/ryv认识/v魔鬼/n训练/vn组/n的/ude1人/n的/ude1？/ww
这/rzv究竟/d是/vshi怎么/ryv回/v事/n？/ww
杨烨/nr感觉/v脑袋/n乱/d乱/a的/ude1，/wd除了/p肖晴/nr在/p云南/ns出事/vi的/ude1那/rzv件/q事/n，/wd杨烨/nr还/d从来/d没/v被/pbei这么/rz烦心/a的/ude1事情/n打扰/v过/uguo。/wj
杨烨/nr带/v着/uzhe白莫雪/nr来到/v肖晴/nr所在/n的/ude1办公室/n，/wd找到/v了/ule肖晴/nr，/wd然后/c带/v着/uzhe肖晴/nr去/vf找/v李/nr1校长/n请/v了/ule假/a，/wd给/p纪薄年/nr和/cc赵雅静/nr两/m人/n打/v了/ule个/q电话/n，/wd也/d让/v他们/rr请/v了/ule假/a，/wd便/d去/vf找/v黄欣雪/nr。/wj
杰尔文/nrf已经/d被/pbei黄欣雪/nr交给/v了/ule辰星/nr2中学/n的/ude1保安/n，/wd正/d在/p高/a二二/m班/q门口/s等/v着/uzhe杨烨/nr。/wj
现在/t还/d下/vf着/uzhe课/n，/wd许多/m男/b学生/n都/d将/d黄/a欣/vg雪/n围住/v了/y，/wd对/p着/uzhe黄欣雪/nr的/ude1美貌/n啧啧/o称/v奇/ag，/wd而/cc黄欣雪/nr也/d笑/v看/v着/uzhe这些/rz学生/n，/wd不言不语/vl，/wd当/p看到/v杨烨/nr和/cc肖晴/nr以及/cc白莫雪/nr的/ude1时候/n，/wd黄欣雪/nr立刻/d拨开/v了/ule众人/n，/wd丝毫/m不/d避讳/v的/ude1叫/vi道/v：/wm“/wyz老/a公/ng，/wd我/rr在/p这里/rzs呢/y~/x”/wyy
这/rzv一/m句/q话/n，/wd让/v所有/b男/b学生/n的/ude1心/n立刻/d吧嗒/o吧嗒/o全/a碎/a了/y，/wd他们/rr完全/ad不/d知道/v黄欣雪/nr居然/d心/n有/vyou所属/n，/wd更/d不/d知道/v黄欣雪/nr居然/d已经/d‘/wyz结婚/vi’/wyy了/y。/wj
当/p他们/rr顺着/p黄欣雪/nr跑/v去/vf的/ude1方向/n时候/n，/wd立刻/d心里/s一/m凉/a：/wm居然/d是/vshi高/a二二/m班/q班主任/n的/ude1女人/n，/wd难怪/d难怪/d…/ws…/ws
不过/c话/n说/v，/wd他/rr身边/s怎么/ryv有/vyou三/m个/q女/b人/n啊/y？/ww
不过/c这/rzv帮/q学生/n也/d就是/v想想/v，/wd也/d不/d敢/v说/v出来/vf。/wj
而/cc高/a二二/m班/q的/ude1学生/n，/wd每个/r人/n的/ude1眼睛/n都/d睁/v得/ude3老大/n，/wd不/d敢/v相信/v眼前/s的/ude1一切/rz：/wm不/d是/vshi吧/y？/ww
班主任/n这么/rz牛/n？/ww
三/m个/q女人/n，/wd而且/c看/v她们/rr的/ude1样子/n很/d融洽/a，/wd天/qt哪/y！/wt
不过/c杨烨/nr并/cc不/d知道/v这些/rz学生/n所/usuo想/v，/wd而/cc肖晴/nr看/v到/v黄欣雪/nr跑/v了/ule过来/vf，/wd立刻/d明白/v了/ule过来/vf：/wm这/rzv就是/v老公/n说/v的/ude1那个/rz姐妹/n吗/y？/ww
好/a漂亮/a，/wd怪不得/d老公/n会/v喜欢/vi她/rr呢/y。/wj
一时/t间/f，/wd就/d连/ulian肖晴/nr都/d忘记/v自己/rr也/d是/vshi一个/mq美女/n了/y。/wj
当/p黄欣雪/nr跑/v过来/vf的/ude1时候/n，/wd纪薄年/nr和/cc赵雅静/nr也/d牵/v着/uzhe手/n走/v了/ule过来/vf，/wd他们/rr这些/rz人/n完全/ad不/d会/v顾及/v到/v自己/rr的/ude1面子/n，/wd敢/dg爱/v敢/dg恨/v，/wd如果/c就/d因为/p别人/rr的/ude1舆论/n而/cc分手/vi，/wd那/rzv岂/d不/d是/vshi显得/v爱情/n这/rzv东西/n很/d不/d值钱/a？/ww
当/p纪薄年/nr和/cc赵雅静/nr看到/v杨烨/nr的/ude1时候/n，/wd立刻/d喊/v道/v：/wm“/wyz杨哥/nr！/wt”/wyy
杨烨/nr听到/v了/ule纪/ng薄/a年/qt的/ude1声音/n，/wd笑/v了/ule一下/mq，/wd然后/c说道/v：/wm“/wyz都/d半/m个/q月/n不/d见/v了/y，/wd想/v死/v哥们/n我/rr了/y！/wt”/wyy
说/v完/vi，/wd杨烨/nr便/d伸/v开/v手臂/n走向/v纪/ng薄/a年/qt，/wd在/p学生/n面前/f来/vf了/ule个/q熊/n抱/v。/wj
这/rzv一/m抱/v，/wd所有/b的/ude1学生/n都/d震惊/v了/ule：/wm这/rzv两/m个/q男/b老师/n不/d会/v是/vshi搞/v基/ng的/ude1吧/y？/ww
可是/c，/wd他们/rr身边/s的/ude1女人/n怎么/ryv解释/v？/ww
一时/t间/f，/wd所有/b的/ude1学生/n都/d在/p猜测/v着/uzhe杨烨/nr和/cc纪薄年/nr之间/f的/ude1关系/n，/wd又/d猜测/v着/uzhe两/m个/q男人/n身边/s的/ude1女人/n的/ude1身份/n。/wj
“/wyz你/rr去/vf欧洲/ns也/d不/d告诉/v兄弟/n我/rr一/m声/qv，/wd我/rr都/d没/v出/vf过/uguo国/n呢/y！/wt”/wyy