仲夏/t刚/d开始/v，/wd秀/ag水/n镇/n因为/c临/v水/n，/wd所以/c还/d不/d算/v太/d热/a，/wd只是/c日间/t阳光/n愈/d烈/a，/wd出来/vf到/v街上/s溜/v达/v的/ude1人/n也/d少/a了/y。/wj
可是/c做/v买卖/v的/ude1人/n，/wd却/d不能/v因为/p天/n热/k就/d不/d出来/vf摆摊/v了/y，/wd因为/c耽误/v一/m天/qt的/ude1功夫/n，/wd可能/v也/d就/d要/v饿/v一/m天/qt肚子/n从/p南门/n一/m踏/v进/vf镇/n里/f，/wd沿着/p大路/n往/p北/f，/wd向/p右/f一/m拐/ng，/wd不/d宽/a不/d窄/a的/ude1街道/n边上/f，/wd摆/v着/uzhe许多/m生意/n摊子/n。/wj
过去/t青/a桥头/s，/wd可以/v看到/v一个/mq不/d打/v眼/n的/ude1算命/vn摊子/n，/wd一/m张/q高/a的/ude1黑/a边/k白布/n幌子/n立/v在/p后面/f，/wd上/vf书/n三/m个/q大字/n：/wm马半仙/nr。/wj
幌子/n下面/f坐/v着/uzhe个/q眉清目秀/al的/ude1青年人/n人/n，/wd头/n戴/nr1半边/n皱巴巴/z的/ude1瓜皮/n黑/a帽/ng，/wd嘴/n上/f两/m撇/q小/a胡子/n，/wd白白净净/z的/ude1脸上/s带/v着/uzhe干干净净/z的/ude1笑意/n，/wd瞪/v着/uzhe两/m只/q铮亮/nr2的/ude1眼/n儿/ng，/wd正在/d唾沫/n星子/n四/m溅/v的/ude1跟/p坐/v在/p对面/f的/ude1一个/mq女孩/n家/q讲/v故事/n：/wm“/wyz…/ws…/ws
话说/v那天/r在/p杭州/ns西郊/s被/pbei十/m个/q彪形大汉/nl团团/d围住/v，/wd我/rr见/v事/n不/d好/a，/wd就/d拿/v出/vf了/ule看家本领/nl‘/wyz老君/nr一十六/m棍/ng法/n’/wyy，/wd逮/v着/uzhe那/rzv几/m个/q彪形大汉/nl，/wd左/f闪/vi右/f扑/v，/wd给/p他们/rr一/m人/n赏/v了/ule十几/m棍/ng，/wd个个/q趴/v在/p地上/s求/v爷爷/n，/wd我/rr这/rzv才/d收起/v长/a棍/ng，/wd叫/vi他们/rr掏/v出/vf身上/s的/ude1银子/n…/ws…/ws
说/v到/v这里/rzs，/wd对面/f的/ude1女/b孩儿/n讶异/v的/ude1一/m抬头/vi，/wd看/v的/ude1年轻人/n一/m愣/vi，/wd接着/c改口/vi：/wm“/wyz掏/v出/vf身上/s的/ude1银子/n，/wd当场/d交给/v那个/rz被/pbei他们/rr欺负/v的/ude1老人/n家/q，/wd我/rr这/rzv才/d离开/v了/ule杭州/ns，/wd一路/mq往/p南/f奔/v来/vf…/ws…/ws”/wyy
来来往往/v的/ude1路人/n偶然/ad也/d会/v用/p好奇/a的/ude1目光/n注意/v一下/mq这/rzv个/q年轻人/n和/cc他/rr身后/f的/ude1白布/n幌子/n，/wd思忖/v着/uzhe这/rzv到底/d是/vshi个/q算命/vn摊子/n，/wd还是/v个/q说书/vn摊子/n。/wj
直到/v日光/n西/f斜/v，/wd那个/rz一/m脸/q仰慕/v的/ude1少女/n从/p摊子/n旁边/f站/vi起/vf身/ng来/f，/wd掏/v出/vf几/m个/q钱/n双手/n交到/v年轻人/n的/ude1手里/n：/wm“/wyz猫/n儿/ng哥/n，/wd你/rr讲/v的/ude1真/d有趣/a！/wt
明天/t我/rr再/d来/vf听/v你/rr说/v故事/n。/wj”/wyy
“/wyz尽管/c来/vf！/wt”/wyy
年轻人/n拍/v着/uzhe并/d不/d宽厚/a的/ude1膛/ng大大咧咧/z笑/v着/uzhe，/wd“/wyz我/rr马/nr1猫/n儿/k别的/rzv没有/v，/wd闯荡/v江湖/n这/rzv几/m年/qt，/wd江湖/n上/f大大小小/z的/ude1事儿/n，/wd没有/v我/rr不/d知道/v的/ude1！/wt”/wyy
镇/n东/f土地庙/n附近/f的/ude1一/m片/q破落/vn民宅/n早已/d不/d剩/v了/ule几/m个/q人/n住/vi。/wj
太阳/n一/m落/v山/n，/wd却/d见/v马/nr1猫/n儿/k肩上/s挂/v着/uzhe布/n搭/v子/ng，/wd扛/v着/uzhe白布/n幌子/n大/d摇/v大/a摆/v走/v了/ule过去/vf。/wj
到/v了/ule一/m间/q旧/a宅子/n门口/s，/wd还/d没有/v往/p里/f走/v，/wd他/rr转眼/d看见/v对面/f烂/v墙根/n底下/f走/v出/vf两/m个/q人/n来/f，/wd一个/mq精瘦/z一个/mq矮胖/z，/wd两/m个/q人/n都/d是/vshi黑/a黑/a的/ude1脸/n，/wd看见/v马/nr1猫/n儿/k立刻/d摆/v出/vf一/m副/b苦命/n相/d：/wm“/wyz哎呀/e马/n半/m仙/ng儿/ng啊/y，/wd您/rr大人/n有/vyou大量/m，/wd又/d是/vshi个/q半/m仙/ng儿/ng，/wd赶紧/d的/ude1帮忙/vi劝/v着/uzhe那些/rz个人/n搬/v离/v这里/rzs就/d算/v了/y，/wd何苦/d难/ad为/v我们/rr这些/rz跑腿/vi的/ude1？/ww”/wyy
马/nr1猫儿眼/n光/d沿着/p墙/n角儿/n溜/v过去/vf，/wd见/v只/d有/vyou他们/rr两/m个/q人/n来/f，/wd忽然/d脖颈/n子/ng一直/d，/wd手里/s布/n幌子/n迎面/d就/d向着/p何/ry瘦子/n和/cc张/nr1胖子/n砸/v过来/vf，/wd然后/c白眼/n一/m翻/v，/wd打/v着/uzhe舌头/n开始/v喊/v：/wm“/wyz太/d上/vf老/a君/ng在/p此/rzs！/wt
何处/rys小鬼/n敢/v在/p此/rzs撒野/vi！/wt
还/d不/d速/ag速/ag拿/v命/vg来/vf！/wt”/wyy
边/d喊/v着/uzhe手/n里/f挂/v着/uzhe布/n幌子/n的/ude1长/a棍/ng就/d舞/v了/ule开/v来/vf，/wd虎虎生风/al，/wd吓/v得/ude3何/ry瘦子/n和/cc张/nr1胖子/n一/m溜/v烟/n的/ude1跑/v远/a出去/vf。/wj
马/nr1猫/n儿/k看/v着/uzhe他们/rr两/m个/q跑/v远/a，/wd在/p后面/f得意/a的/ude1冷笑/vi一/m声/qv：/wm“/wyz哼/e，/wd也/d不/d掂/v掂/v自己/rr个/q的/ude1斤两/n，/wd跟/p我/rr斗/v？/ww
我/rr可/v是/vshi杭州/ns城里/s磨砺/v出来/vf的/ude1无赖/n混/x混/x，/wd你/rr赖/v得/ude3过/vf我/rr？/ww”/wyy
日/qt上/f三/m竿/ng，/wd马/nr1猫/n儿/k才/d扛/v着/uzhe幌子/n又/d来到/v了/ule昨天/t的/ude1地方/n，/wd摆/v好/a了/ule算命/vn摊/n儿/k没/d多久/ryt，/wd就/d见/v昨天/t听/v故事/n的/ude1二/m丫/ng捧/v着/uzhe几/m个/q包子/n一/m溜/v烟/n的/ude1跑/v到/v摊/ng前/f：/wm“/wyz猫/n儿/ng哥/n，/wd吃/v个/q包子/n，/wd刚/d蒸/v出来/vf的/ude1，/wd还/d热乎/a着呢/y！/wt”/wyy
马/nr1猫/n儿/k老实/ad不/d客气/a的/ude1结果/n一/m个/q大/a包子/n咬/vi了/ule一/m大/a口/n，/wd不/d提防/v被/pbei里面/f的/ude1热/a馅儿/n烫/v了/ule一下/mq，/wd于是/cc吐/v了/ule吐/v半/m条/q红/a舌头/n，/wd冲/v包子/n铺/v家/n的/ude1二/m丫头/n笑笑/v：/wm“/wyz真/d好/a包子/n，/wd皮/n薄/a馅儿/n大/a！/wt
二/m丫/ng，/wd你/rr真/d好/a，/wd这么/rz早/ad给/v我/rr送/v包子/n来/vf。/wj”/wyy
二/m丫/ng听/v着/uzhe脸上/s飞/vi起/vf两/m朵/q红/a云/n，/wd害羞/a的/ude1一/m笑/v，/wd转身/vi抛开/v，/wd留下/v一/m句/q话/n：/wm“/wyz猫/n儿/ng哥/n，/wd待/vi会/v闲/v了/ule我/rr过来/vf，/wd你/rr给/p我/rr算命/vi！/wt”/wyy
马/nr1猫/n儿/ng乐滋滋/z啃/v着/uzhe包子/n看/v二/m丫/ng跑/v远/a，/wd脸上/s笑/v得/ude3诈/v无比/z。/wj
正/d欢/a着/uzhe呢/y，/wd就/d见/v路边/s走/v来/vf一个/mq一/m脸/q一本正经/al的/ude1年轻人/n，/wd停/vi在/p自己/rr的/ude1算命/vn摊子/n前/f，/wd从/p头/n到/v脚/n打量/v自己/rr一/m遍/qv。/wj
见/v有/vyou生意/n上门/vi，/wd马/nr1猫/n儿/k不慌不忙/vl的/ude1吞/v下/vf最后/f一/m口/q包子/n，/wd抬/v起/vf胳膊/n抹/v抹/v嘴/n上/f的/ude1油/n：/wm“/wyz这/rzv位/q公子/n要/v算命/vi？/ww”/wyy
那/rzv个/q年轻人/n长相/n精瘦/z，/wd一/m副/q老实/a相/ng，/wd听到/v马/n半/m仙/ng开口/vi问/v，/wd将信将疑/vl的/ude1看/v着/uzhe马/nr1猫/n儿/k：/wm“/wyz你/rr真/d是/vshi半/m仙/ng？/ww”/wyy
“/wyz在/p下/f正是/v行/ng遍/v大江南北/nl，/wd专/d替/p人/n消/v灾/n解难/vi的/ude1半/m仙/ng马/n猫/n儿/ng，/wd如/v假/a包/n换/v！/wt”/wyy
马/nr1猫/n儿/k一气/d儿/k把/pba词/n念/v完/vi，/wd眼睛/n里/f忽闪/v出/vf诚实/a的/ude1光芒/n，/wd以/p一/m种/q“/wyz骗/v你/rr我/rr不/d是/vshi人/n”/wyy的/ude1目光/n看/v着/uzhe主顾/n，/wd“/wyz这/rzv位/q公子/n要/v算/v什么/ry？/ww
财气/n？/ww
运/v程/n？/ww
官/n运/v？/ww
还是/c姻缘/n？/ww”/wyy
年轻人/n被/pbei马/nr1猫/n儿/k说/v的/ude1一/m愣/dg一/m愣/vi，/wd听/v完/vi之后/f一板一眼/vl的/ude1说道/v：/wm“/wyz我/rr家里/s最近/t有/vyou人/n生病/vi，/wd其实/d是/vshi想/v找/v个/q能/v通/v灵/a的/ude1明眼人/n看看/v，/wd不知/v半/m仙/ng你/rr能否/v…/ws…/ws”/wyy
马/nr1猫/n儿/ng一/m脸/q得意/a：/wm“/wyz要说/c扶乩/v嘛/y，/wd我/rr当然/d也/d行/vi。/wj