我/rr一直/d都/d在/p期待/v余丽/nr她/rr回/v打电话/vi给/p我/rr，/wd谁料/v到/v她/rr一直/d都/d没有/v。/wj
寂寞/an惆怅/an之/uzhi余/ng，/wd小美/nr不断/d地/ude2照顾/v我/rr，/wd我/rr有时侯/d会/v很/d淘气/a，/wd有时侯/d又/d会/v很/d无助/a地/ude2向/p她/rr撒娇/vi，/wd致使/v我/rr怀疑/v自己/rr是/vshi个/q多愁善感/a的/ude1男人/n，/wd可是/c小美/nr从来/d不/d向/p我/rr抱怨/v什么/ry，/wd这/rzv让/v我/rr更/d觉得/v对不起/v它/rr，/wd而且/c我/rr会/v好好/d地/ude2对/p她/rr，/wd让/v她/rr一辈子/mq都/d做/v我/rr的/ude1女人/n，/wd可/v这/rzv只能/v是/vshi“/wyz假设/n非/b事实/n。/wj”/wyy
任尉宁/nr说/v：/wm“/wyz男人/n的/ude1愿望/n中/f最/d大/a的/ude1特点/n就/d是/vshi越/d是/vshi得/v不/d到/v的/ude1东西/n越/d想/v得到/v，/wd越是/d已经/d得到/v的/ude1珍贵/a的/ude1东西/n越/d容易/ad失掉/v…/ws…/ws
男人/n无论/c对/p什么/ry事物/n的/ude1感受/vn和/cc接受/v，/wd都/d逃/v不/d出/vf男人/n族/ng的/ude1性格/n共性/n—/wp喜新厌旧/vl。/wj”/wyy
一/m个/q星期六/t的/ude1晚上/t，/wd我/rr再次/d来到/v了/uleWEEKEND/x，/wd我/rr一个/mq人/n，/wd同样/d是/vshi和/p上次/t一样/uyy，/wd冷冷清清/z，/wd我/rr只能/v望/v着/uzhe台上/s的/ude1DJ/x女/b发楞/vi，/wdDJ/x女/b上/f身/ng穿/v着/uzhe一/m件/q吊带/n背心/n，/wd外/f裤/ng里面/f边/d还是/v那/rzv条/q黑色/n的/ude1丁字/a裤/ng，/wd很/d有/vyou可能/n她/rr有/vyou两/m条/q这/rzv款/q黑色/n的/ude1丁字/a裤/ng，/wd而且/c是/vshi轮/vi着/uzhe穿/v的/ude1，/wd轮/vi着/uzhe换洗/v，/wd还有/v一/m种/q可能/n是/vshi她/rr不/d止/v两/m条/q。/wj
6月/t份/q的/ude1气温/n炎热/a得/ude3令/v人/n透不过气/vl来/f，/wd这种/r节能/vn空调/n根本/n起/vf不/d了/ule多少/ry作用/n，/wd站/vi在/p台子/n上/f的/ude1DJ/x女/b从/p她/rr的/ude1臂/ng下/f以及/cc她/rr的/ude1锁骨/n到/v短/a上衣/n，/wd再/d到/v肚脐眼/n都/d呈/v着/uzhe小/a珠子/n粒状/n的/ude1汗/n。/wj
难道/d余丽/nr会/v是/vshi和/p一些/mq年轻/a小伙子/n约会/vi去/vf了/y，/wd嫌/v我/rr太/d老/a，/wd所以/c到/v现在/t都/d没有/d打/v我/rr的/ude1手机/n电脑电话/n，/wd可/c也/d不至于/d连/ulian这里/rzs也/d不/d来/vf了/ule啊/y！/wt
我/rr仔细/ad揣摩/v着/uzhe：/wm在/p她/rr眼中/s我/rr是/vshi不/d是/vshi已经/d老/a了/y，/wd一点/m魅力/n也/d消失/vi了/y。/wj
假如/c下次/t能/v让/v我/rr遇到/v她/rr，/wd我/rr决不/d会/v再/d错过/v机会/n。/wj
我/rr一直/d一动不动/dl地/ude2坐/v在/p那/rzv，/wd坐/v到/v十二点/m半/m，/wd酒吧/n停止/v营业/vn，/wd所有/b人/n都/d走/v光/n了/y，/wd我/rr才/d离去/vi，/wd一直/d到/v我/rr离开/v那/rzv家/q酒吧/n，/wd我/rr都/d不/d曾/d遇到/v她/rr。/wj
第二/m天/qt是/vshi星期天/t，/wd可/c也/d是/vshi无/v电/n日/ng（/wkz每个/r月/n的/ude1第三/m个/q星期天/t为/p无/v电/n日/b）/wky，/wd每/rz到/v这天/rzt，/wd全国/n所有/b工厂/n，/wd商场/n，/wd娱乐/vn场所/n都/d会/v停工/vi歇业/vi，/wd每家/r每户/r人家/n都/d不/d用/p电/n，/wd酒吧/n当然/d也/d不/d能/v营业/vn。/wj
我/rr没有/v去/vf上海/ns，/wd我/rr呆/v在/p杭州/ns自己/rr的/ude1家里/s，/wd到/v了/ule晚上/t，/wd整个/b杭州市/ns一/m片/q漆黑/z，/wd路/n上/f看不到/v车辆/n行人/n，/wd我/rr的/ude1家/n在/p钱江新城/ns，/wd附近/f也/d没有/v用/p电/n，/wd更/d没/v人/n点灯/vi。/wj
我/rr呆/v在/p房间/n里/f，/wd天气/n很/d热/a，/wd汗水/n流淌/v着/uzhe，/wd一个/mq人/n早早/d倒/vi在/p床/n上/f睡/v了/y，/wd只是/c我/rr没有/d睡/v着/uzhe，/wd静静地/z仰/v在/p床/n上/f。/wj
小美/nr躺/v在/p我/rr的/ude1身边/s，/wd我/rr记不清/vl她/rr跟/p我/rr讲/v了/ule些/q什么/ry，/wd只是/d记得/v自己/rr没有/d说话/vi，/wd她/rr这次/r的/ude1表现/vn却/d是/vshi很/d规矩/n，/wd我/rr也/d做/v了/ule柳下惠/nr。/wj
后来/t，/wd小美/nr哭/v着/uzhe跑/v出/vf了/ule房间/n，/wd我/rr也/d不/d知道/v她/rr去/vf了/ule哪里/rys，/wd外边/f一/m片/q漆黑/z，/wd我/rr没有/d跟/v上去/vf追/v她/rr。/wj。/wj
隔/v了/ule好几/m天/qt，/wd小美/nr都/d没/v来/vf公司/n上班/vi，/wd我/rr打/v她/rr手机/n电脑/n也/d是/vshi没/v人/n答应/v，/wd有/vyou一/m天/qt一/m封/q辞职信/n摆/v在/p我/rr桌上/s，/wd我/rr一/m看/v署名/vi是/vshi小美/nr的/ude1，/wd才/d知道/v小美/nr辞职/vi了/y，/wd接着/c，/wd洪总/nr的/ude1秘书/n小周/nr打/v来/vf电话/n说/v洪总/nr叫/vi我/rr到/v他/rr办公室/n去/vf一下/mq。/wj
我/rr以为/v又/d是/vshi哪个/ry混蛋/n在/p他/rr面前/f打/v了/ule我/rr的/ude1小/a报告/n，/wd我/rr去/vf时/ng已经/d作/v好/a了/ule充分/a的/ude1准备/vn去/vf应付/v。/wj
进去/vf办公室/n以后/f，/wd我/rr劈头/v就/d问/v：/wm“/wyz洪总/nr，/wd您好/nl，/wd找/v我/rr有/vyou什么/ry事/n吗/y？/ww”/wyy
“/wyz当然/d有/vyou事/n啦/y！/wt”/wyy
他/rr笑眯眯/z地/ude2对/p我/rr说/v，/wd“/wyz你/rr先/d坐/v吧/y！/wt”/wyy
这个/rz笑面虎/n不/d知道/v想/v干/v什么/ry。/wj
“/wyz是/vshi什么/ry事/n呢/y？/ww”/wyy
“/wyz是/vshi好事/n！/wt
是/vshi好事/n！/wt
别/d急/v嘛/y！/wt”/wyy
然后/c洪总/nr又/d叫/vi小周/nr给/p我/rr倒/vi杯/ng水/n过来/vf。/wj
我/rr满脸/d疑惑/v地/ude2看/v着/uzhe洪总/nr，/wd待/vi小周/nr递给/v我/rr一/m杯/q水/n，/wd我/rr道谢/vi之后/f，/wd他/rr才/d一本正经/al地/ude2朝/p我/rr说/v：/wm“/wyz小李/nr，/wd我/rr想/v明天/t和/cc你/rr一起/d去/vf南极/ns打/v高尔夫球/n，/wd我/rr好久/m没/v去/vf了/y，/wd现/tg在/p手上/s有点/d痒痒/a了/y。/wj”/wyy
我/rr以为/v我/rr听/v错/v了/y，/wd我/rr又/d问/v了/ule一/m遍/qv，/wd洪总/nr又/d把/pba刚才/t说/v过/uguo的/ude1话/n给/p重复/v了/ule一/m遍/qv。/wj
我/rr心里/s的/ude1一/m块/q石头/n算是/v着/vi了/ule地/n了/y，/wd我/rr迅速/a地/ude2拍/v着/uzhe自己/rr的/ude1胸膛/n说/v：/wm“/wyz没/v问题/n！/wt
不过/c你/rr近来/d不/d是/vshi很/d忙/v吗/y？/ww”/wyy
“/wyz我/rr倒/d是/vshi不/d怕/v拉/v！/wt”/wyy
他/rr像/v一个/mq永远/d也/d压/v不/d垮/vi地/n英雄/n那样/rzv轻松/a愉快/a地/ude2说/v，/wd“/wyz这/rzv几/m天/qt气温/n实在/d是/vshi太/d高/a了/y，/wd人/n也/d太/d忙/v了/y，/wd先/d休息/v一/m天/qt再/d说/v吧/y！/wt”/wyy
接着/c他/rr又/d以/p命令/n式/k的/ude1口吻/n对/p他/rr的/ude1小/a秘/ng小周/nr说/v：/wm“/wyz小周/nr给/p我/rr订/v四/m张/q明天/t上午/t8点/t杭州/ns飞往/v南极/ns中山/ns的/ude1快速/b机票/n，/wd要/v快/a一点/m，/wd不然/c订/v不/d到/v票/n了/y。/wj”/wyy
“/wyz洪总/nr，/wd不/d是/vshi就/p我们/rr两/m吗/y？/ww
怎么/ryv四/m张/q？/ww”/wyy
我/rr问道/vi。/wj
“/wyz还/d有/vyou小周/nr和/cc小美/nr一起/s去/vf啊/y！/wt”/wyy
“/wyz小美/nr已经/d辞职/vi了/y！/wt”/wyy
我/rr说/v“/wyz哦/e，/wd是/vshi吗/y？/ww
那/rzv可/v真/d是/vshi太/d可惜/v了/y，/wd当然/d你/rr也/d可以/v。/wj。/wj。/wj
你/rr也/d可以/v另外/c带/v其他/rzv人/n，/wd这个/rz我/rr可/v管/v不/d了/ule你/rr！/wt”/wyy
洪总/nr说/v到/v这时/rzt停/vi了/ule下来/vf，/wd不/d怀/v好意/n地/ude2笑/v了/ule笑/v，/wd我/rr也/d只好/d跟/v着/uzhe笑/v了/ule笑/v。/wj
洪总/nr比/p我/rr大/a三十/m多/m岁/qt，/wd从/p年龄/n和/cc外表/n看上去/v很/d老/a，/wd可是/c他/rr和/cc他/rr的/ude1小/a秘/ng小周/nr在/p一起/s的/ude1时候/n，/wd就/d很/d不/d老/a。/wj
洪总/nr又/d说/v：/wm“/wyz我们/rr公司/n几/m个/q人/n也/d就/p你/rr和/cc我/rr的/ude1高尔夫/n打/v得/ude3漂亮/a一点/m，/wd其他/rzv人/n的/ude1球技/n我/rr可/v不/d敢/v恭维/v。/wj”/wyy