不过/c事/n后/f妈子/n煮/v了/ule鸡汤/n让/v我/rr端/v到/v冯瑞嘉/nr房里/nr的/ude1事/n，/wd就/d无/v人/n知晓/v了/y。/wj
我/rr和/cc这个/rz女孩/n先前/t只/d在/p婚宴/n上/f见/v过/uguo一/m次/qv。/wj
白白净净/z，/wd乖巧/a懂事/a的/ude1样子/n，/wd又/d漂亮/a又/d讨/v喜/v的/ude1女孩/n。/wj
要/v不/d是/vshi妈子/n和/cc她/rr爸/n的/ude1婚姻/n关系/n，/wd她/rr就/d是/vshi完全/a意义/n上/f的/ude1孤儿/n了/y。/wj
我/rr同情/v她/rr，/wd也/d同情/v妈子/n。/wj
婚宴/n寥寥/z数/m人/n，/wd只/d摆/v了/ule两/m围/n。/wj
而/cc妈子/n打扮/v起来/vf其实/d不赖/a的/ude1，/wd风韵犹存/vl的/ude1模样/n，/wd却/d穿/v着/uzhe大红/b艳/a俗/a的/ude1新衣/n，/wd脂粉/n掩/v不/d去/vf眼角/n的/ude1皱纹/n，/wd笑/v起来/vf有/vyou点/qt夸张/vi。/wj
我们/rr长大/vi了/y，/wd妈子/n就/d开始/v变/v老/a。/wj
冯瑞嘉/nr和/cc我/rr同年/d，/wd却/d比/p我/rr小/a三/m个/q月/n，/wd今年/t也/d刚好/d中考/v，/wd婚礼/n办/v在/p中考/v成绩/n公布/v后/f的/ude1第六/m天/qt，/wd是/vshi个/q好日子/n。/wj
而/cc我/rr考/v得/ude3不错/a，/wd比/p我/rr家/n附近/f那/rzv所/q省/n示范/vn高中/nT/x高/a分数线/n还/d高/a了/ule八分/m，/wd好在/d当初/t大胆/ad填/v了/ule志愿/n，/wd妈子/n也/d很/d高兴/a，/wd奖励/v了/ule我/rr两百/m块/q钱/n。/wj
后来/t知道/v冯瑞嘉/nr才/d叫/vi考/v得/ude3好/a，/wd那/rzv成绩/n进/vf全市/n前/f十/m没/v问题/n，/wd她/rr也/d报/v了/uleT/x高/a。/wj
冯瑞嘉/nr以/p她/rr学校/n第一/m毕业/v，/wd民/n办/v的/ude1那种/r全封闭/b贵族/n学校/n，/wd还/d给予/vx奖励/vn，/wd两千/m块/q。/wj
这/rzv钱/n自然/d由/p我/rr妈子/n代/v收/v。/wj
那/rzv学校/n的确/d贵族/n，/wd一年/m学费/n一/m万/m八/m，/wd不过/c当初/t为了/p扩大/v优秀/a生源/n，/wd特/d招/v了/ule几/m个/q尖子/n生/v，/wd冯瑞嘉/nr就是/v那/rzv会/v被/pbei招/v进去/vf的/ude1，/wd学杂费/n全/d免/v，/wd然后/c她/rr的/ude1名字/n被/pbei做成/v横幅/n挂/v在/p学校/n大门/n的/ude1两/m条/q门柱/n之间/f——/wp“/wyz恭贺/v我校/n冯瑞嘉/nr同学/n以/p总分/nX/x分/v名列/v全市/n第七/m，/wd英语/nz单科/b状元/n。/wj”/wyy
我/rr觉得/v么/y，/wd名字/n被/pbei风/n吹/v日晒雨淋/vl的/ude1其实/d挺/d招摇/ad，/wd想/v问/v问/v她/rr感受/v，/wd但/c最终/d没/d开口/vi。/wj
我/rr和/cc她/rr不/d亲/a，/wd之间/f有/vyou隔阂/n，/wd而且/c我/rr也/d不/d是/vshi那种/r会/v主动/an和/cc人/n交谈/vi的/ude1性格/n，/wd所以/c不了了之/vl。/wj
不过/c有时/d我/rr想/v如果/c她/rr爸/n还/d在/p，/wd我们/rr的/ude1关系/n也许/d不/d会/v这么/rz尴尬/an。/wj
一/m个/q暑假/t，/wd除了/p那/rzv碗/q鸡汤/n，/wd我/rr和/cc她/rr没/d再/d说/v过/uguo一/m句/q话/n。/wj
果不其然/vl，/wd我/rr和/cc冯瑞嘉/nr同时/n进/vf了/uleT/x高/a，/wd区别/vd在于/v她/rr是/vshi尖子/n。/wj
不过/c没关系/vl，/wd进去/vf了/ule就/d好/a，/wd基本/ad等于/v拿/v到/v重点/n大学/n的/ude1半/m张/q通行/vi券/ng。/wj
但/c这/rzv从来/d就/d不/d是/vshi我/rr的/ude1主要/b目的/n。/wj
T/x高/a是/vshi半/m寄宿/vi半/m外/f宿/vg的/ude1学校/n，/wd除了/p硬性/b规定/n高/a三/m学生/n全部/m住/vi校/ng，/wd其他/rzv的/ude1学生/n可/v由/p自身/rr需求/n或/c家里/s远近/n来/vf申请/v寄宿/vi，/wd但/c需要/v在/p报到/vi前/f两/m个/q礼拜/n在/p网上/s递交/v寄宿/vi申请/v。/wj
我/rr和/cc冯瑞嘉/nr都/d申请/v了/y，/wd由于/c我们/rr这/rzv届/q学校/n刚好/d扩/vg招/n，/wd申请/v寄宿/vi的/ude1人/n又/d特别/d多/a，/wd校舍/n不/d够/v用/v，/wd我/rr和/cc她/rr都/d因为/p家庭/n住址/n的/ude1问题/n，/wd给予/vx申请/vn退回/v。/wj
冯瑞嘉/nr要/v申请/v寄宿/vi我/rr觉得/v挺/d好/a理解/vn的/ude1，/wd尴尬/a呗/y。/wj
而/cc我/rr之所以/c申请/v住宿/v是/vshi因为/p方便/an，/wd我/rr这/rzv人/n有点/d懒/a，/wd从/p学校/n到/v家里/s差不多/al要/v20分钟/t路程/n，/wd妈子/n估计/v不/d会/v额外/d给/p钱/n搭/v公车/n，/wd所以/c想/v着/uzhe干脆/d住/vi在/p学校/n里/f。/wj
而且/c，/wd方便/v见到/v我/rr想/v见到/v的/ude1人/n。/wj
报到/vi那天/r，/wd我/rr妈/n要/v看/v店/n，/wd没/d来/vf陪/v我们/rr注册/vi。/wj
我/rr和/cc她/rr草草/d吃/v了/ule点/qt早餐/n，/wd就/d步行/vi到/v了/ule学校/n。/wj
省/n示范/vn高中/n啊/y，/wd能/v考上/v的/ude1学生/n，/wd心里/s多少/ry有些/rz得意/a，/wd但/c我/rr仅仅/d是/vshi吁/vg了/ule口/q气/n。/wj
高大/a却/d是/vshi有点/d陈旧/a的/ude1校门/n大/d开/v，/wd挂/v着/uzhe“/wyz欢迎/v新/a同学/n”/wyy的/ude1横幅/n。/wj
来来往往/v的/ude1都/d是/vshi人/n，/wd家长/n学生/n，/wd有些/rz开/v车/n来/u的/ude1，/wd都/d不/d让/v进/vf校门/n。/wj
我/rr和/cc她/rr窝/v在/p这/rzv一/m堆/q人/n里/f挺/d不/d打/v眼/n的/ude1，/wd瞧/v过去/vf有些/rz人/n显然/ad申请/v住校/vi成功/an，/wd大/a箱/q小/a箱/q的/ude1行李/n，/wd不/d晓得/v为何/ryv风尘仆仆/vl，/wd一/m脸/q兴奋/a又/c有些/rz徘徊/vi，/wd更/d多/a是/vshi期待/v。/wj
校/ng门口/s站/vi着/uzhe几/m个/q穿着/n校服/n的/ude1师兄/n师姐/n，/wd侧/vd挂/v着/uzhe礼仪/n小姐/n的/ude1那些/rz红/a条/q，/wd写/v着/uzhe欢迎/v光临/v，/wd然后/c见到/v人/n就/d迎/v上去/vf，/wd引/v领/v新/a同学/n报到/vi。/wj
来/vf迎接/v我们/rr的/ude1是/vshi个/q男/b的/ude1，/wd他/rr先是/d笑笑/vd打/v了/ule招呼/vn，/wd然后/c比/v了/ule比/v我/rr俩/m，/wd“/wyz你们/rr是/vshi一起/d的/ude1吗/y？/ww”/wyy
冯瑞嘉/nr乖巧/a的/ude1点/n了/ule点/qt头/n，/wd答/v，/wd“/wyz一起/d的/ude1。/wj”/wyy
师兄/n显然/ad对/p她/rr有/vyou好感/n，/wd笑/v了/ule笑/v，/wd一边/d东/f扯/v西/f扯/v一边/d带/v着/uzhe我们/rr前进/vi，/wd说/v着/uzhe“/wyz怎么/ryv你们/rr自己/rr来/vf报到/vi”/wyy，/wd“/wyz没关系/vl，/wd流程/n很/d简单/a”/wyy，/wd“/wyz我/rr带/v你们/rr进去/vf”/wyy诸如此类/bl的/ude1。/wj
冯瑞嘉/nr暑假/t在/p我/rr家/n学会/v了/ule沉默/a，/wd现在/t恢复/v先前/t见到/v的/ude1那个/rz乖巧/a女孩/n的/ude1模样/n，/wd轻轻/d挂/v着/uzhe微笑/vi，/wd和/cc那/rzv师兄/n交谈/vi。/wj
说/v什么/ry我/rr没/d注意/v听/v，/wd一直/d心不在焉/vl，/wd好像/v又/d问/v起/vf之前/f在/p哪/ry读书/vi，/wd有/vyou没/d有/vyou申请/n住宿/v之类/rz的/ude1。/wj
其实/d我/rr只/d想/v问/v这个/rz师兄/n一个/mq问题/n，/wd认/v不/d认识/v他/rr，/wd某个/rz我/rr一直/d想/v见到/v的/ude1人/n。/wj
我/rr想/v问/v，/wd那个/rz喜欢/vi说/v童话/n故事/n的/ude1他/rr，/wd还/d记得/v我/rr吗/y。/wj
至少/d我/rr清楚/a的/ude1记得/v他/rr的/ude1名字/n，/wd王睿翔/nr。/wj
他/rr是/vshi我/rr吁/vg口/n气/n的/ude1最/d大/a原因/n。/wj
那/rzv个/q在/p我/rr流/v着/uzhe鼻血/n把/pba我/rr家/n附近/f某/rz家伙/n踩/v在/p地上/s的/ude1时候/n，/wd牵/v我/rr的/ude1手/n把/pba我/rr带/v开/v，/wd帮/v我/rr伤口/n上/f药/n，/wd还/d笑/v得/ude3一/m脸/q温柔/a的/ude1男孩/n。/wj
我/rr父母/n离异/vi的/ude1那/rzv会/v，/wd全世界/n都/d是/vshi敌人/n，/wd小小/z年纪/n学会/v冷嘲热讽/vl，/wd浑身/n带刺/v。/wj
那时/rzt的/ude1我/rr是/vshi尖锐/a的/ude1，/wd吵架/vi打架/vi都/d不/d含/v糊/a，/wd我/rr妈/n总是/d护/v着/uzhe我/rr，/wd凶悍/an的/ude1。/wj
因而/c大人/n见/v着/uzhe我/rr会/v皱眉/vi，/wd同龄/vi的/ude1也/d不/d愿意/v和/cc我/rr玩/v，/wd他们/rr一/m来/q怕/v我/rr，/wd二/m来/q怕/v我/rr妈/n。/wj
但/c那/rzv会/v王睿翔/nr走/v进/vf我/rr的/ude1世界/n，/wd带/v着/uzhe他/rr的/ude1童话/n故事/n。/wj
安徒生/nr童话/n，/wd格林/nr童话/n，/wd一千零一夜/nz…/ws…/ws
我/rr其实/d对/p这些/rz童话/n一点/m感觉/n都/d没有/v，/wd但/c我/rr喜欢/vi听/v他/rr的/ude1声音/n，/wd温润/a的/ude1，/wd渗/v人/n心扉/n。/wj