这 一年 十月 中旬  巴金 和 赴 朝 访问团 十几 个 作家  艺术家 一同 回到 北京 
北京 刚 度过 热闹 的 国庆 三 周年  街头 节日 气氛 还是 到处 可见  王府井 大街 上 的 商店 玻璃 橱窗  仍 是 五彩缤纷  在 吸引 着 行人  就 连 马路 上 的 彩 牌楼 也 还 未 拆 尽 
气候 更是 秋高气爽  满 街 一 片 晴 光 
四十九 岁 的 巴金  精神抖擞  充满 信心  兴 匆匆 来 到 西 堂 子 胡同 顾 均 正 家里  与 特地 从 上海 赶来 迎接 他 的 萧珊 和 他们 的 七 岁 女儿 李 小林 会面 
萧珊 自从 与 巴金 结婚 后  从未 有 过 这么 长 一 段时间 的 别离 
虽然 巴金 在 朝鲜 每 隔 一些 日子 总 给 上海 家里 寄信  但 萧珊 总 无法 回答 小林 经常 吵 着 问 爸爸 什么 时候 回来 
幸而 这时 小棠 已 牙牙学语  并 开始 学 步  不 像 喂奶 时期 那样 离 不 开 身  还 专门 雇 了 一个 叫 丁香 的 保姆 带领 小 棠  有时 萧 荀 还 被 邀请 住 到 霞 飞 坊 来  和 萧珊 作伴 睡 在 同 一 张 床 上  帮 着 照料 小 棠 和 小林  使 萧珊 有 可能 也 有些 时间 努力 学习 俄文  并 从事 屠格涅夫 作品 的 翻译 工作  同时 还 抽空 代 巴金 处理 一些 读者 来信 
当然  继母 虽说 上 了 年纪  瑞珏 进 了 平 明 出版社 做 会计  工作 很 忙  但 她们 也 还 是 帮 着 做 点 家务  包括 看 小孩  这样 萧珊 就 能 有 机会 带 着 小林 来到 北京 迎接 巴金 
顾均正 原 是 他们 在 霞 飞 坊 的 老 邻居  建国 前 他 与 巴金 时 相 过 从  巴金 有关 开明 书店 的 事  常常 托 他 带 讯 
不但 巴金 与 顾均正 是 好 朋友  萧珊 与 顾均正 夫人 （ 他们 叫 她  国 华嫂  ） 也 十分 熟悉  因为 萧珊 到 了 上海 后  刚 碰到 国民党 统治 下 的 上海 物价 飞涨 时期  市 上 哪些 日用品 缺货  哪些 东西 急 待 配 办  她 常 很 不 在 行  这样  国 华嫂 就 成 了 她 的 家务 顾问 
好在 萧珊 性格 坦率  人缘 极 好  碰到 国 华 嫂 待人 也 很 真诚  两 人 就 常 有 来往 了 
建国 后  开明 书店 迁 北京  顾均正 全家 随 社 迁居  巴金 几 次 到 北京 开会  总 要 到 他 西 堂 子 胡同 家中 作客 
每次 巴金 回 上海  总 把 顾均正 夫妇 对 萧珊 的 问候 带 给 萧珊  还要 她 去 北京 看 他们 
萧珊 过去 广州  昆明  桂林  重庆 都 去 过  就是 没有 去 过 北京  这 次 有 这个 机会  就 带 着 小林 先 一 天 住 在 顾 家 
国华 嫂 看到 小 林  想到 自己 两年 没 看到 她  就 长 得 了 那么 高  还 连连 向 她 喊  顾家 姆 妈 好   禁不住 心里 高兴  忙 称赞 萧珊 说   你 真 有 计划  先生 了 个 女孩  隔 几 年 才 又 生 个 男孩 
看 你 把 小林 养 得 多 好  
她们 谈 起 别 后 两 家 的 生活  总 有 说 不 完 的 话 
巴金 本来 有 更 多 时间 与 家人 团聚  但 他 总是 摆脱 不 了 古今中外 的 作家 缘  一 到 上海  各种 会议 就 把 他 包围 了  不 是 为 国际 作家 友人 迎来送往  便 是 作为 作家 代表 出席 全市 性 的 各种 大会  如 纪念 志愿军 出国 作战 二 周年 大会  上海市 三 届 一 次 人民 代表大会  全市 各界 悼念 斯大林 大会 等等  至于 与 文艺界 直接 有关 的 活动  那 就 更 多 了  如 华东 与 上海 文联  文协 主持 的 大小 会议  《 文艺 月报 》 编辑部 召开 的 各种 座谈会  差不多 把 巴金 每天 的 时间 都 排 满 
巴金 虽然 这样 忙  在 晚上 却 仍 抽出 一定 时间  写 了 不少 反映 抗美援朝 前线 的 小说  散文 和 报告文学 
特别 值得一提 的 是 在 这个 时期  他 还 奋力 重 译 了 屠格涅夫 的 长篇小说 《 父 与 子 》  交给 平 明 出版社 出版 
至于 文化 生活 出版社 的 事情  这时 巴金 已经 完全 不 插手 了  他 给 当时 在 武汉 的 田 一 文 写信 说   我 也 很 关心 文生社  但 我 一个 人 没 有 力量 使 它 往 正常 的 路 走   
我 现在 只 是 这样 想  朗西 拖 得 下去  就 让 他 拖 去 
拖 不 下去 时  让 同志 们 去 弄  
这 是 我们 大家 的 心血  
就 在 这个 时候  巴金 还 不 曾 忘记 帮助 比 他 年轻 的 一些 朋友 
当 他 收 到 当时 在 南京 工作 的 杨 苡 一 部 译稿 《 俄罗斯 性格 》 后  就 给 她 看 了 那 八十 多页 校样  然后 带 着 批评 的 口吻 对 她 说   我 觉得 你 译 得 有 点 草率  你 本来 可以 译 得 好 一点  
因此  他 请 当时 在 平 明 出版社 工作 过 一个 时期 的 汝龙 给 这 部 译稿 作 了 一些 改正  巴金 自己 也 为 它 改动 了 几 个 字 
隔 了 一个 时期  已 金 又 写信 给 杨 苡  对 她 说   你 说 你 要 译 w · H · （ 按 指 《 呼啸 山庄 》 ）  我 希望 你 好好 地 工作  不要 马马虎虎 地 搞 一下 了事 
你 要 是 认真 地 严肃 地 工作  我 相信 你 可以 搞 得 好 
但 已 出 的 两 本 书 （ 按 指 《 俄罗斯 性格 》 和 《 伟大 的 时刻 》 ） 都 差 
我 这个 意见 不 会 使 你 见怪 吗  
也 就 在 这个 时期  巴金 接到 田 一 文 寄 给 他 的 两 篇 稿件 《 老李 的 信 》 和 《 歌颂 王崇伦 》  要求 他 转 给 《 文艺 月报 》  因为 巴金 是 这 家 刊物 挂 着 名 的 主编 
田 一 文 在 解放前 曾 与 巴金 长期 在 文化 生活 出版社 同事  更 早 以前 还 共同 有 过 美丽 的 理想  都 愿 为 人类 谋 幸福  为 理想 献身  但 当时 并 不 明确 那 是 空想 的 社会主义 