2001年 旧历 春节 刚 过 不久  李嘉诚 就 在 做 一 次 即将 远 途 旅行 的 准备 
这 也 是 他 多 年 来 最 为 兴奋 的 一 次 长途 旅行  所以 他 特别 叮嘱 身边 的 秘书 和 随行 人员  一定 要 做好 路上 吃苦 的 准备 
他们 这 次 的 祖国 内地 之 行  与 以往 去 北京  上海 和 沿海 各 地 视察 观 访 是 截然不同 的  因为 将要 前往 的 是 祖国 的 大西北  李嘉诚 把 这 次 旅行 当成 最 艰苦 的 跋涉  从前 荒凉 的 西北 高原 给 他 留下 的 印象 是 贫困 和 寒冷 
几 天 前  他 在 香港 中环 特区 政府 受到 特首 董建华 接见 的 时候  李嘉诚 也 谈 到 了 春节 后 将 开始 的 大西北 之 行 
当时 董 特首 特别 叮嘱 他 说   李 先生  您 能 代表 香港 工商界 首 次 发起 大西北 之 行  特区 政府 十分 高兴  因为 这 恰好 和 中央政府 提出 的 大力 开发 西北  繁荣 落后 地区 的 经济 战略 是 完全 一致 的 
你 为 大家 带 了 一个 好头  接 下来  特区 政府 还要 组织 一 个 大型 参访 团 前往 西北 
我 希望 李 先生 此行 能够 顺利  同时 也 盼望 你 在 祖国 的 大西北 做出 你 应有 的 贡献  
李嘉诚 小时候 就 听说 有 个 新疆  那 片 盛产 葡萄干 和 葡萄酒 的 广漠 地区  对 生活 在 高楼 林立 的 香港 大都市 中 的 他 而言  简直 就 是 一个 神秘 莫 测 的 世界 
不过  他 对 大西北 仍然 不 算 全然 陌生  小时候 他 读 过 的 《 三国演义 》  其中 的 蜀 国 便是 如今 他 必 到 之 地 的 成都 
至于 山城 重庆 曾经 是 抗战 时期 国民政府 的  陪都   1945年 毛泽东 在 周恩来  张治中 和 美国 驻华 大使 的 亲自 陪同 下  前往 重庆 与 蒋介石 进行 历史性 会谈 的 时候  李嘉诚 在 香港 极为 关注 这 一 段 非同寻常 的 政治 新闻 
也 是 从 那时 开始  他 对 重庆 产生 过 浓厚 的 兴趣  只 是 一直 没有 机会 前往 这 座 曾经 留下 历史 沧桑 的 山城 
至于 贵州 和 西安  也 是 李嘉诚 这 次 西北 之 行 的 必经 之 地 
这些 地区 从 前 他 都 在 书刊 和 报纸 上 听说 过  如今 这 位 在 香港 经商 而 足迹 遍及 世界 所有 发达国家 和 地区 的 大 富豪  将要 响应 中央 政府 优先 发展 大西北 的 号召  这 件 事 无论 对 李嘉诚 本人 还是 对 香港特区 都 是 一 件 不可 忽视 的 大事  因为 李嘉诚 心里 清楚  他 的 西北 之 行 肯定 会 影响 和 带动 一 大 批 香港 著 名 企业家 关注 西北  投资 和 开发 西北  所以 他 对 这次 长途 旅行 不 敢 有 丝毫 的 马虎 
在 西安  李嘉诚 第一 次 看到 了 大雁 塔 和 兵马俑  在 新疆 乌鲁木齐  他 看到 的 是 一个 繁荣昌盛 的 新疆 
而 随后 开始 的 伊犁  塔城 和 阿勒泰 等 地 的 参访  也 让 李嘉诚 大开眼界 
新疆 确实 在 发生 了 巨大 的 变化  这里 虽 是 塞外 边关  远离 经济 发达 的 沿海  然而 教育 也 与 这里 正在 繁荣 发展 的 经济 一样  很 让 他 欢欣鼓舞 
不过 尽管如此  此行 不久  李嘉诚 仍然 在 新疆 的 教育 重建 方面 投入 了 力所能及 的 支援  他 还 说   我 很 喜欢 新疆  这个 少数民族 地区 的 教育 如果 发展 了  对于 西部 地区 的 经济 更 有 益处  
离开 莺歌燕舞  葡萄 飘 香 的 新疆 后  李嘉诚 继续 南 行 
他们 一行 有时 搭乘 飞机 在 三千米 西北 高 空中 航行  有时 也 乘 列车 
饱览 了 祖国 西部 的 大好 山河 
走遍 世界 各地 的 李嘉诚  没有 哪 一 次 旅行 让 他 如此 兴奋 
中国 的 西部 虽然 在 经济 发展 上 有些 滞后  然而 李嘉诚 深知 在 这 片 广漠 的 大地 上  正 酝 孕 着 无限 奋发 的 潜力  有些 潜力 还 是 香港 所 不 具备 的 
在 四川 成都  李嘉诚 在 考察 教育 的 同时  也 认真 考察 了 这里 的 房地产业 
到 了 重庆  李嘉诚 还 看中 了 一 块 位于 重庆 江南 岸 的 南坪 镇 杨家山 的 土地  面积 约 为 100 万 平方米 
一 生 在 香港 始终 与 地皮 和 建筑 打交道 的 李嘉诚  感到 重庆 的 长江 和 嘉陵江 两岸  虽然 在 改革 开放 以后 已经 建成 了 多种类型 的 楼盘  可谓 楼宇 林立  巨厦 万 千  不过  仍然 还 有 继续 开发 的 巨大 潜力 
而 他 的 长 实 集团 则已 看好 此地  这 也 是 李嘉诚 这 次 大西北 之 行 唯一 看好  并且 准备 大兴土木 的 地方 
飞机 离开 重庆 以后  沿着 广漠 的 西北 高原 继续 向 纵深 地区 飞 去 
坐 在 椭圆 型 机 窗 前 的 李嘉诚 居高临下 地 俯瞰 着 机翼 下 那 状 如 海涛 般 的 荒原 和 峻岭 
他 清楚 地 记得  就 在 此前 前 一 个 月  在 香港 的 长 实 集团 总部 召开 的 年会 上  他 面对 董事局 的 各位 董事 讲 的 话   包括 和 记 黄埔 在内  将来 都 要 记 着  我们 的 经营 方向 从 现在 开始 将 有所 转变 
新 的 目标 将 是 一 片 多 年 无人问津 的 大 高原 和 大 荒漠 
诸位 不要 以为 我 在 这里 危言耸听  或者 担心 我 的 这 一 决策 会 给 大家 带来 困窘 
比方 说 有人 问  为什么 要 到 那 种 没有 人 烟 的 地区 去 投资 和 经商 呢 
该 不 是 走火 入魔 地 听从 某些 人 的 煽动 吧 
我 可以 告诉 大家  高原 和 荒漠 对于 我们 并 不 是 坏事  大家 不要 忘记  若干 年 前 香港 也 是 一个 无 人 的 渔村 
而 距 此 不 远 的 深圳  从 前 不 也 是 看 起来 没有 任何 希望 的 地区 吗 
可是  路 是 人 走 出来 的  所以  我 建议 各位 董事 都 能 认真 考虑 我 的 主张 
那 就是 把 我们 的 资金 投 到 西北 去  那里 的 经营 潜力 十分 巨大  
他 记 得 就 在 昨天 —— 2001年 2月 24日  他 在 教育 部长 陈至立 等 人 的 陪同 下  来到 了 贵州省 镇宁布依族苗族自治县 
这里 是 高寒 山区  此前 从 没有 到 过 山区 的 李嘉诚 把 秘书 在 香港 为 自己 准备 的 大衣 披 在 身上  仍然 无法 抵御 呼啸 而 起 的 山风 