钱学森 在 麻省 理工学院 的 学习 成绩 依然 保持 着 自幼 一贯 的 优异 出众 
有 个 故事 说  他 曾经 选 了 一 门 课  考试 时  教授 出 的 考题 非常 之 难  绝大多数 人 都 没 能 及格 
学生 们 经过 一番 讨论 后  决定 向 这 位 教授 提出 抗议 
 当 他们 来到 这 位 教授 的 办公室 前 时   麻省 理工学院 毕业生 韦伯斯特
罗伯茨 这样 写道   他们 发现  钱学森 的 考卷 正 贴 在 门 上 
钢笔 写 就 的 试卷 工工整整  没有 一点 错误  也 没 有 一 丝 橡皮擦 拭 或 涂改 的 痕迹 
于是 再 没 人 向 那 位 教授 抗议 了  
但是  麻省 理工学院 所 重视 的 除了 考试 和 开创 新 理论  还有 动手 实践 的 能力 
而 在 这 一点 上  钱学森 就 全然 无助 了 
钱学森 在 麻省 理工学院 结交 到 了 一 位 密友 威廉 桑斯特 
两 人 经常 一起 在 桑斯特 租 住 的 一对 苏格兰 退休 夫妇 的 家中 搭伙 吃饭  这里 的 伙食 比起 学生 食堂 里 的 饭菜 要 讨 人 喜欢 得 多 
吃 完 晚饭  桑斯特 会 在 钢琴 上 弹奏 几 曲  而 钱学森 以 次 中音 号 在 旁 伴奏 
 当 钱学森 吹 得 高兴 时  他 会 微微 一 笑  
有 一 天  在 实验 车间 里  钱学森 满面忧愁 地 走 到 桑斯特 的 工作 台前  向 他 请教 如何 将 防火墙 后 的 燃料 罐 与 防火墙 前面 的 发动机 连接 起来 
桑斯特 几乎 难以置信 
在 防火墙 上 钻 个 小 洞  用 铜管 把 燃料罐 和 发动机 一 接  不 就 完事 了 吗 
桑斯特 这样 对 钱学森 说  他 认为 这个 问题  相当 愚蠢  
但是   看 起来  钱学森 很 难 接受 可以 在 防火 墙上 钻孔 这样 的 事实  
或许 在 钱学森 的 想法 中  破坏 防火 设备 的 完整性 是 绝对 无法 接受 的 
但 也 有 另外 一 种 可能  即使 在 钱学森 成长 的 环境 中  像 这样 的 体力 劳动 被 认为 应该 是 仆佣 们 才 干 的 事 
多 年 以后  一 位 医学 研究 人员 如 是 评论 在 中国 知识分子 精英 身上 普遍 存在 的 这种 特性   （ 他们 ） 对 手工 劳作 存在 一 种 普遍 的 鄙视 
这 让 人 想起 小心 地 留 着 3 寸 长 指甲  并 用 竹制 或 银质 指甲 套 加以 保护 的 官 老爷 
指甲 的 长度 暗示 着 用 手 的 机会 是 多么 的 少  而 这 是 权势 的 终极 象征  
不管 对 动手 操作 是 鄙视 还是 全然 的 不 熟悉  很 明显  实验室 操作 令 钱学森 心 生 畏惧  而 在 车间 工作 则 令 他 疲惫 万分 
更 糟 的 事情 还 在 后面 
1936年 夏天  钱学森 与 来自 宾夕法尼亚州 杰拉德 市 的 机械 工程 系 二年 级 硕士 研究生 W 
H 
彼得斯 合作  开展 对 湍流 边界层 的 研究 工作 
钱学森 和 彼得 斯 此前 未能 预料 到 的 一个 问题 是 仪器 自震 产生 的 严重 摇晃 
钱学森 需要 空气 平缓 地 以 平行 方向 流过 钢板  但 风扇 的 呼啸 和 风洞 的 形状 却 令 仪器 剧烈 震动  甚至 原地 打转 
风洞 测试区 的 压力 起伏 不 定  每 一 天  从 早上 8点 到 晚上 10点  钱学森 都 在 绞尽脑汁  设法 令 气流 平顺 下来 
然而  所有 尝试 都 没有 收到 成效 
 我们 没有 获得 任何 有 意义 的 结果   彼得斯 回忆 道 
他 后来 放弃 了 自己 的 研究生 论文   气流 扰动 的 问题 把 一切 都 毁 了  
钱学森 的 结论 与 彼得斯 并 无 二 致 
在 长 达 36 页 的 公式 和 图表 之后  钱学森 附上 了 风洞 的 照片  并 写道   从 现有 风洞 获得 的 结果 因 设备 问题 相当 受限  
除非 作出 相应 的 更改  否则 现有 的 风洞 无法 得 出 任何 确定性 的 结论  
如果 说 这 件 事 令 钱学森 深感 失望 的 话  至少 他 掩饰 得 很 好 
在 他 的 搭档 的 记忆 中  钱学森 是 个  害羞 的 好 人   寡言少语 但 却 能 与 人 合作 愉快 
钱学森 是 如此 的 沉默  以至于 彼得斯 对于 他 打算 离开 麻省 理工学院 这 件 事 一点 都 不知 情 
麻省 理工学院 （ 二 ) 
 光明 网 关于 钱学森 为什么 在 麻省 理工学院 仅仅 待 了 一年 就 离开  历来 猜测 纷纷 
所有 关于 离开 动机 的 故事 都 各自 不同 
我们 所 知道 的 是  他 在 麻省 理工学院 的 日子 相当 孤独 
一 位 教师 回忆 道  钱学森 在 系 里 几乎  不 存在  
天性 羞涩 而 不 善 交流  再 加上 蹩脚 的 英语  令 他 的 同学 很 难 理解 他 在 说 些 什么 
钱学森 把 自己 封闭 了 起来  转为 向 他 的 终生 所 爱 和 最 好 的 朋友 —— 古典 音乐 —— 寻求 慰藉 
1935年 到 1936年 间  波士顿 交响乐团 在 科索维茨基 的 指挥 下 一 共 举行 了 20 场 演出  钱学森 场场 不 落 
 这 是 我 唯一 的 娱乐 方式  
他 后来 回忆 道 
但 很 显然  包括 学术 方面 的 其他 因素 也 左右 了 钱学森 的 决定 
有人 说  钱学森 是 被迫 离开 麻省 理工学院 的 
这个 故事 的 一 个 版本 来自 钱学森 的 好 朋友 安德鲁 费耶尔 
费耶尔 回忆 道  钱学森 曾经 对 他 说  当 他 跟 项目 主任 杰罗姆 亨塞克 表达 他 对 航空 项目 过于 重视 实验 的 不满 时  亨塞克 回答 道   听 着  如果 你 不 喜欢 这里  你 最 好 回 中国 去  
也许 换 一个 时代 —— 假如 钱学森 可以 在 飞机 制造 公司 找到 一 份 工作  或是 麻省 理工学院 的 教授 能够 体会 到 钱学森 所 面临 的 实际 困难  帮助 他 谋 得 一 职 或 甚至 对 他 的 研究 工作 给予 大力 支持 —— 钱学森 可能 也 就 待 在 麻省 理工学院 了 
但 如果 真 的 如此  那 将 是 一个 错误 的 决定 
很 明显  无论是 在 性格 上 还是 在 科学研究 的 方法论 上  钱学森 与 麻省 理工学院 都 大相径庭 
钱学森 想 要 的 是 一 种 理论 式 的 教育  而 麻省 理工学院 的 航空 工程 系 则 以 培养 具有 实际 动手 能力  一 毕业 就 能 投入 生产 的 工程师 为 傲 