此外  钱学森 对 联邦 调查局 特工 表示  他 相信 威因鲍姆 是 忠于 美国 政府 的 
与 钱学森 其他 的 朋友 一样  威因鲍姆 或许 偶尔 会 表现 出 一些 左翼 倾向  但 钱学森 并 无法 确定 他们 就 是 共产党 
联邦 调查局 的 报告 称   钱学森 说  作为 一 名 科学家  他 衡量 一个 人 是否 忠诚 的 唯一 标准 是 事实  但 对于 一个 人 的 忠诚 或 政治 信仰 这 种 无形 的 东西  事实 的 标准 又 不 能 适用 
因此  他 拒绝 怀疑 他 的 那些 朋友  
但是  美国 政府 已经 对 钱学森 的 忠诚 产生 了 怀疑 
钱学森 的 保密 许可证 被 收回 
就 在 联邦 调查局 找 钱学森 谈话 的 那 一 天  加州 理工学院 校方 收到 了 一 封 来自 驻扎 在 旧金山 的 美国 陆 军 第六 军 总部 的 信件 
信 上 说  钱学森 不再 被 允许 参与 机密 军事 项目 
对于 钱学森 来说  这 可 不 是 一 件 小事 
按照 计划  他 本来 要 为 喷气 推进 实验室 和 美国 航空 喷气 发动机 公司 担任 顾问  而且 经手 加州 理工学院 的 保密 国防 合同 
现在 那些 都 变 得 不 可能 了 
鉴于 喷气 推进 实验室 研究 项目 的 90% 都 属于 保密 范畴 内  保密 许可证 几乎 是 在 这里 工作 的 必要条件 
然而  钱学森 知道  政府 的 行动 并 不 会 妨碍 他 的 理论 研究  这 并 不 需要 保密 许可证 
加州 理工学院 的 教职员工 听到 这 条 新闻 时 都 感到 不 敢 相信 
钱学森  一个 共产党员 
在 有些 人 眼里  钱学森 可能 是 他们 认识 的 人 中 贵族 气 最 重 的 了 
而且 他 不 是 娶 了 蒋介石 军事 顾问 的 女儿 吗 
不 可能 
在 加州 理工学院 的 教授 里  钱学森 可能 是 最 不 像 共产党 的 人 了 
当 联邦 调查局 的 特工 离开 他 的 办公室 时  钱学森 的 直接 反应 是 什么 
没有 人 知道 
但 可以 想象  他 该 是 多么 的 震惊 
多 年 以后  他 的 朋友 们 记得  在 这 段时间 里  钱学森 对 成为 这样 一 条  指控  的 对象 大惑不解  而且 感到 被 深深 地 伤害 了 
这种 伤害 的 程度 是 如此 之 深  以至于 两 个 星期 后  钱学森 发表 了 一个 令 人 震惊 的 声明  他 将 从 加州 理工学院 辞职  返回 中国 
当 联邦 调查局 通过 加州 理工学院 的 一 位 情报员 获 知 此 事 时  他们 又 找 上 了 钱学森 
这 一 次  是 电话 问讯 
钱学森 说  他 觉得  除此以外  他 已 别无选择  
但 他 同意 与 联邦 调查局 的 人 再次 见面 
6月 19日  钱学森 向 联邦 调查局 递交 了 一 份 事先 写 好 的 声明 文件 
他 说  在 过去 的 10年 里  在 美国  他 一直 是 一个 受 欢迎 的 客人  而 他 也 生活 得 很 好 
他 相信  这 是 一 种 互惠 的 关系  因为 在  二战  期间  他 为 美国 的 科学 进步 贡献 良多 
既然 现在 这种 受 欢迎 的 地位 已经 不复存在  而 怀疑 的 阴影 也 在 他 的 头 上 盘旋  那么  最 绅士 的 办法 就 是 离开 
没 人 知道 为什么 钱学森 决定 在 这时候 离开 
关于 他 的 动机 的 种种 猜测 在 加州 理工学院 流传 多 年  而 他 后来 的 行动 也 令 这个 故事 更加 扑朔迷离 
令 事情 更加 复杂 的 是  在 钱学森 返回 中国 后  在 许多 事情 的 叙述 上  他 都 改口 了 
回过 头 来 看  在 当时  这种 突然 决定 离开 的 做法  只有 证实 了 联邦 调查局 最初 对 钱学森 的 猜疑  他 就 是 一 个 共产党  或许 还 是 一个 间谍 
必须 考虑 到  钱学森 从 一 开始 就 是 一个 极其 骄傲 的 人  而 一连串 的 成功 又 助长 了 他 的 傲慢  使得 他 有 些 时候 甚至 表现 得 令 人 无法 忍受 
他 把 剥夺 了 保密 许可证 这 件 事 当成 一 种 巨大 的 侮辱  觉得 自己  丢 了 脸  
在 钱学森 突然 决定 离开 的 背后  也 隐藏 着 另 一个 更 重要 的 原因 
1949年 10月 新 中国 成立 后 不久  钱学森 就 开始 收到 父亲 钱家治 的 来信  一 封 比 一 封 口 气 更 急迫 
钱学森 的 父亲 催促 他 尽快 回国  因为 自己 将 接受 一 个 胃部 手术 
很 显然  他 也 希望 能够 与 从未 谋 面 的 孙子 孙女 共享 天伦之乐 
在 保密 许可证 被 撤销 前  钱学森 和 朋友 们 谈 起 过 这些 来信  表现 得 深 为 内疚 
 他 不 知道 该 怎么 做   他 的 朋友 马丁 
萨默菲尔德 回忆 道 
 看上去  他 深 为 忠孝不能两全 而 苦恼  我 认为  他 想 要 留 在 美国  他 想 入籍 成为 美国 公民  但是 他 必须 找到 安慰 父亲 的 办法  
撤销 保密 许可证 这 件 事 改变 了 钱学森 的 看法 
他 对 美国 的 忠诚 开始 动摇  并且 开始 怀疑  专注 于 工作 是否 令 他 忽略 了 身 为 人 子 的 责任 
或许 现在 正是 一个 返回 中国 并 待 上 一 段时间 的 良机 也 未 可知 
或许 在 那个 时候  钱学森 最 需要 的 是 来自 他 所 信任 的 导师 冯 
卡门 的 抚慰 和 建议 
然而  出任 美国 政府 科学 顾问 的 冯 
卡门 当时 正好 在 巴黎 出差 
嫌疑 （ 三 ） http / / www 
gmw 
cn2011 -05-18135754 来源  光明 网 8月 21日  钱学森 飞往 华盛顿 
他 的 第一 站 是 丹 
金博尔 的 办公室 
杜布里奇 强烈 建议 钱学森 先 去 与 他 见 上 一面 
金博尔 曾经 担任 美国 航空 喷气 发动机 公司 的 执行 副 总裁 和 总经理 
因为 在 杜鲁门 的 选举 中 帮 了 忙  他 被 推选 为 海军 副 部长 
在 金博尔 的 办公室 中  钱学森 开始 倾诉 发生 在 他 身上 的 一切  联邦 调查局 特工 的 拜访  撤销 机密 许可证 所 带来 的 羞辱 
钱学森 是 如此 的 愤懑 不平  以至于 在 讲述 中 忍不住 流下 了 眼泪 
看到 钱学森 所 表现 出 的 焦虑 情绪 之后  金博尔 提醒 他 说  加州 理工学院 已经 提议 让 钱学森 出任 数学 教授  这样 就 不再 需要 机密 许可证 了 
当然  金博尔 也 希望 看到 钱学森 可以 再度 拿 到 机密 许可证  他 向 钱学森 推荐 了 一 名 华盛顿 律师 保罗 