我 佩服 那些 敢于 承担 过去  心明如镜 的 纯 良 女子  仿 佛山 河 变迁 都 与 之 毫无 瓜葛 
乱世 凡 尘  有 谁 可以 在 刀刃 上 行走 而 毫发 无 伤 
谁 可以 深陷 泥 淖 中 做 无暇 美玉 
每 一 天 都 会 有 不可 预测 的 意外 发生  想 要 风 轻 云 淡 地 度过 一生  真 的 太 难 
许多 人 都 做 了 岁月 的 奴  匆匆 地 跟 在 时光 背后  忘记 自己 当初 想 要 追求 的 是 什么  如今 得到 的 又 是 什么 
究竟 要 以 何种 姿态 行走 于 世 间  才 可以 做到 不 被 人 忘记 
一 个 男子 爱 一个 女子  爱 的 是 她 青春 的 朝气  是 她 美丽 的 容颜  是 她 独有 的 聪慧 
多少 人 会 爱上 岁月 留 在 她 脸上 的 印记 
爱上 她 那 颗 被 生活 宰割 得 累累 伤痕 的 心 
林徽 因 似乎 做到 了  她 让 徐志摩 怀想 了 一生  让 梁思 成 宠爱 了 一生  让 金岳霖 默默 地 记挂 了 一生  更 让 世间 形 色 男子 仰慕 了 一生 
想起 林徽 因  总是 在 人间 四月  春水 煮 茗  桃 柳 抽芽  有 一 种 轻 灵 和 鲜妍 的 美丽 
也许 每个 人 的 初衷 都 只 有 一 份 简约 的 追求  或 期待 一 场 温润 的 春雨  或 盼望 一 株 茉莉花 开  或 等候 一个 远行 的 归 人 
我们 在 属于 自己 的 那 座 城里 筑 梦  不 求 闻 达 于 世  但 终究 还 是 希望 可以 留下 些 什么  仅仅 只 为 了 被 某个 人 偶然 地 记 起 
有人 说  林徽 因 被 季节 封存 在 四月 天  窗外 的 柳絮 做 了 萍客  梁 间 的 燕子 做 了 邻 伴  梦 中 的 白莲 做 了 知己 
也 有人 说  纯净 的 她 其实 比 任何 女子 都 懂得 调配 烟火  所以 她 不 会 轻易 被 往事 所 伤 
许多 寻找 她 的 人 都 杳无音讯  不 知道 是 承受 不 起 生命 的 重  还是 承担 不 起 生命 的 轻 
又 或许 我们 本 就 不 够 清 淡  想 在 春天 的 书页 里 留下 一 笔墨 绿  却 被 清风 错 翻 了 页码 
此时  院墙 和 栅栏 的 绿意 还 太 浅  就 像 林徽 因 没有 滋生 皱纹 的 额头  明澈 光洁 
人 的 一生 就 如同 草木  经历 荣 与 枯  生 与 灭  看似 稍纵即逝  实 则 无比 艰难 
总 以为 日子 在 打盹 中 度过  却 不 知 多少 人 想方设法 地 让 自己 挨 过 这 一 世 
有时候  过程 于 我们 只不过 是 修饰  在 结局 面前 形同虚设 
无论是 真实 的 戏谑  还是 虚幻 的 朴素  我们 都 无法 自如 地 把握 
现实 生活 未必 同 想象 中 一样  在 不尽 人意 的 时候 只 需 记住  人生 从来 就 没有 绝对 的 完美 
锐利 的 岁月 可以 将 一个 骨肉 丰盈 的 人  削减 到 无比 瘦 脊 
曾经 沐浴 阳光 的 我们  从 何时 开始 爱上 了 烟雨 的 迷蒙 
曾经 习惯 了 漂浮 的 你 我  又 从 何时 开始  向往 一 种 平实 的 安定 
那些 遗失 了 快乐 的 人  是否 在 花 开 的 时候 可以 重 见 欢颜 
那些 弄 丢 了 青春 的 人  是否 在 老 去 的 那 一 天 还 能 重 寻 记忆 
假如 你 和 我 一样  被 浮华 的 世态 浇 漓  害怕 人情 凉 意 
莫如 沿着 一 首 诗 的 韵脚  寻找 一个 叫 林徽 因 的 女子  随着 她 流淌 的 笔墨  走 进 人间 四月 天 
诗意 江南 有着 黛 瓦 白 墙  微风 细雨 
你 无需 涉水 而 行  只 踱步 在 轻 烟 长 巷  就 可以 邂逅 一 份 纯净 的 美好 
只 是 觅 寻 之前  请 折 一 枝 绿 柳  插 在 老 旧 的 白 瓷瓶 里 
因为 我 相信  一个 小小的 瓷瓶 可以 装载 整个 春天  那个 素净 的 女子 可以 许诺 给 我们 一 段 永远 青翠 的 回忆 
梦 中 期待 的 白莲 梦 中 白莲 （ 1 ） 梦 中 白莲 相信 许多 人 对 江南 水乡 都 有 一 份 难 舍 的 情结 
无论是 身 处 江南 的  还是 不曾 踏足 过 江南 的  对 江南 的 风物 人情 都 有着 近乎 宿 命 般 的 眷念 
时间 久 了  江南 就 成 了 许多 人 心中 的 一个 梦  一个 常常 想起 却 又 不 敢 碰 触 的 梦 
因为 生怕 这个 梦 会 在 有生之年 无法 成 真  怕 生命 旅途 走 到 尽头 还 不 能 得 偿 所 愿 
每个 人 都 无从 选择 自己 的 故乡  你 是 出生 在 花 柳 繁华 的 江南  还是 长成 于 草木 荒凉 的 塞北  早 在 前世 就 注定 
命运 之 神 编排 了 我们 的 来 处 与 归 所  纵然 那个 被 称作 故乡 的 地方 不 是 心中 所 爱  也 不 能 改变 其 真实 的 存在 
但 我们 可以 选择 迁徙  也 有 可能 被迫 放逐  这 一切 亦 早 有 定 数 
从 来  我们 都 是 人间 匆匆 过客  凡 尘 来往  你 去 我 留  不过 如此 
有人 说  爱 上 一 座 城  是 因为 城 中 住 着 某个 喜欢 的 人 
其实不然  爱 上 一 座 城  也许 是 为 城里 的 一 道 生动 风景  为 一 段 青梅 往事  为 一 座 熟悉 老宅 
或许  仅仅 为 的 只 是 这 座 城 
就 像 爱上 一个 人  有时候 不 需要 任何 理由  没有 前 因  无关 风月  只 是 爱 了 
杭州  这 座 被 世人 赞誉 为 天堂 的 千年 古城  是 许多 人 魂 梦 所 系 之 地 
这里 有 闻名 天下 的 西湖  有 恍如 梦境 的 烟雨 小巷  有 月 上 柳 梢 的 深深 庭院  更 有 难 以 言 说 的 梦 里 情怀 
无论 你 是 出生 于 杭州  还是 和 西湖 仅 有 一 面 之 缘  都 为 可以 与 这 座 城 有所 相关 而 深感 幸运 
都 说 同 一 片 蓝天 下  有 缘 自 会 相逢  而 同 在 一 座 城  是否 真的 可以 魂灵 相通 