而且 我 想到 了 文革 中 学会 的 一个 词  站 队 
站 队  说穿 了 就 是 参与 上面 的 人事 斗争  再 说 得 点 就是 押 宝 
我 可 不 能 干 这个 
不管 多 好 的 人  我 可 不 侍候 个人 
两 位 领导 意见 不一  你 如何 站 队 呢 
这 可 了不得 啦  站 好 了 直 上 青云  站 错 了 就 变成 臭 大粪 啦 
我 不 想 站 队  站 队 令 我 想起 了 投靠  令 我 想起 了 山头  造 势 与 倚 众 倚 人 成 事 
我 王某 虽然 身高 不足 一 米 七  工资 不 到 九十 元  作品 发表 了 的 不足 三十 万 字  自信 还 能 实实在在 地 写 小说  想 贡献 出来 的 是 好 小说  是 独具 的 匠心  不 是 大 轰隆 的 热度  是 描写 与 构思 的 准确 与 精微  不 是 站 队 的 准确 与 精微 
我 想起 了 新疆 的 郝 关中 老夫子 的 名言   永远 不 把 自己 绑 在 任何 个人 的 战车 上  
厉害 呀  郝 老弟 
一 位 我 所 相 好 的 诗人 受 另 一 位 其时 与 之 甚 相好 的 特殊 身份 的 文学 人物 的 委托  特地 来 找 我  告诉 我 说   * * 说 了  你 刚刚 从 新疆 回来  许多 事 不 知道  你 要 多 找 找 BH  他 什么 都 了解   
我 笑 了  这 有点  路线 交底  的 味道 了 
我 不 想 这样 做 
我 不 认为 一个 人 可以 代表 真理  我 追求 真理 却 无意 效忠 某人  我 不 认为 认识论 艺术 论 的 问题 需要 人 身 化  我 认为 甲 可能 在 甲 问题 上 接近 真理  而 在 乙 问题 上 远离 了 真理 
我 更 不 需要 依仗 山头 伙伴 或 人多势众 
当然  好 人 也 要 抓 人 事  抓 权  一 个 好人 上来  至少 可以 顶 掉 一个 坏人  这样 的 名言  确 是 真理  这样 的 真理  已经 震 响 在 我 的 耳边 
我 并非 雏儿  我 并非 书呆子 与 抓住 头发 就 想 上 天  我 知道 有 许多 会 是 要 开 的  有 许多 该 说 的 话 是 要 说 的  有的 领导 是 可以 信赖 的  而 另 一些 人 却 始终 以 另 类 眼光 窥测 着 你  你 即使 想 去 信赖 靠拢 也 硬是 没有 机会 
但是 我 坚信 文艺 靠 的 是 作品  是 货色  忙于 开会 发言 站 队  拥戴 张 三  抵制 李 四  对于 文艺 本身 未必 那么 有 意义 
好 人 应该 清高 一些  至少 是 一 大 些 
我 至少 向 一个 命运 与 年纪 接近 的 同行 表示 过  我 愿意 参与 文学 讨论  我 会 同意 我 所 同意 的 意见  争论  批驳 我 所 不 同意 的 意见  然而 我 针对 的 是 文学 题目  不 是 某 某人  或 某 几 个 人 
老 作家  老 领导  都 是 我 的 师长  我 都 尊敬  同行 们  青年 们  我 都 喜爱  但 也 不 想 重点 拉拢 谁 谁 
我 不 准备 站 队 
我 也 并 不 喜欢 站 队 
而且  一个 作家 整天 出没 在 炮声 隆隆 的 座谈会 上  我 觉得 别扭 
我们 当中 是 不 是 有 不 以 写 作为 特长 而 以 站 队 与 发言 为 特长 的 同行 呢 
算 同 行 吗 
我 早 在 一九七九年 就 明确 宣示 过  我 愿 尊重 每 一 位 师长  但 是 绝对 不 投靠 
我 愿 团结 每 一 位 同行  但 是 绝对 不 拉拢 
我 不 知道 这个 态度 说明 了 我 的 精明 还 是 高尚  谋略 还是 境界  心机 还 是 真诚  穷酸 还 是 成熟 
反正 我 不 喜欢 跟着 旁人 走  不 喜欢 起哄  更 不 喜欢 仗 势 造 势 造 舆论 
我 的 刻薄 话 是  只有 那些 人  他们 非 要 搞 文学 不可  又 写 不 出 小说 诗歌 剧本 散文 以及 真正 的 文学 批评 来 了  才 需要 这样 作  才 只 得 这样 作 
他们 是 多么 咋 唬 又 多么 虚弱 
我 愿意 把 这些 个 想法 提交 给 广大 的 读者  提交 给 历史 
从 个人 经历 来说  新 时期 以来  在 我 回忆 的 这个 时期  我 是 有所不为  有所 不 取  有所 选择 的  我 并 不 感情用事  拉拉扯扯  叽叽 咕咕 
相信 历史 终 能 做出 评判 
还有 一 件 事 我 绝对 不 干 
就 是 不 与 同行 搞 口舌 之 争 
我 离开 北京市 文联 的 时候  文联 的 一 位 领导 宋 汎 同志  特别 提 出来  王蒙 从来 不 搞 以 眼 还 眼  以牙还牙 
是的  我 也 常常 听到 谁 谁 在 什么 场合 说 了 我 什么 什么的 传言 
文人 相 轻  那些 在 背后 说 我 的 人 多半 说 的 不 是 太 好 的 话 
但 我 只能 付诸 一 笑 
我 没有 那么 可怜 那么 小气 
对 谁 谁 的 文学 作品 有 看法  我会 光明正大 地 写 文章  岂能 背后 嚼舌 头 
至于 旁人 说 自己  则 属于 难免 的 不 忿 心理  弱者 心态  不 平则鸣  
其中 也 有 某些 值得 参考 的 道理  你 已经 在 许多 事情 上 占 了 先机 （ 例如 你 的 工资 级别 ）  何不 让 心理 不 平衡 的 人 说 点 不平 的 话 
我 还有 两 个  思想 问题  
抓 文学 是 不 是 能 不 只 注重 题材  以 题材 取胜 
仅 靠 题材  能 行 之 久远 吗 
第二  把 这 两年 的 文学 潮流 命名 为  现实主义  回归  是 不 是 太 狭窄  乃至 会 作茧自缚 呢 
我 不 完全 理解 茅盾 老师 早年 关于 文学史 上 贯穿 着 现实主义 与 反 现实主义 的 斗争 的 提法 
我 不 怀疑  现实主义 是 文学 的 顶梁柱  是 最 基本 的  基础 的  主体 的 文学 丛林 
然而  一 根 柱子 不 是 大厦  一 棵 大树 也 还 不 就 是 全部 森林 
屈原  李白 与 雨果  梅 里 美的 浪漫主义  王尔德 与 李商隐  李贺 的 的 某种 程度 上 的 唯 美 主义  莎士比亚  唐宋 传奇 的 古典主义  以及 什么 象征 主义  心理 分析  神秘 主义  印象 主义  