我 的 父亲 出生 在 四川  晚年 一直 在 台湾 生活 
他 从来 没有 忘记 对 祖国 的 爱 
不管 是 早年 在 书房 里 埋头 撰写 有关 中国 的 书籍  还是 晚年 到 美国 陪 我 生活 时 透露 让 我 回国 的 愿望  我 都 能 深刻 地 感觉 他 内心 那 一 份 深厚 的 感情 
父亲 在 临终 之前 告诉 病榻 之前 的 我  他 梦见 自己 在 水面 捡 到 一 张 白纸  上面 写 着 四 个 字 中华 之 恋 
父亲 的 中华 之 恋 震撼 了 我  也 给 了 我 选择 的 勇气 和 决心 
背负 着 父亲 的 理想 和 改变 中国 科技 环境 的 愿望  我 不 顾 劝阻 回到 了 北京 
在 那 座 咖啡色 的 希格玛 大厦 里  我们 从 一个 三 人 小 团队 开始 孤军奋战  到 设计 出 一个 研究院 运营 的 体制  到 攻破 一个个 科研 课题  微 软 中国 研究院 从 一个 很 小 的 雏形 渐渐 演变 成 了 一个 颇 具 规模  具有 国际 水准 的 研究 机构 
我们 出 的 论文 在 有关 领域 超过 了 亚洲 任何 类似 的 科研 组  甚至 足以 挑战 美国 最 先进 的 高校 
我们 被 麻省 理工学院 选 为 世界 最 火 的 计算机 实验室 
员工 们 紧密 团结 的 合力 最终 成就 了 微 软 中国 研究院 的 起飞  这 也 再次 见证 了 选择 的 力量 
当 你 听从 了 内心 的 声音  你 就 会 全力以赴 地 为 那个 声音 努力  拼搏  直到 到达 彼岸 
这个 选择 带 给 我 两年 在 中国 工作 的 经历  这 是 一 笔 无价 的 财富  我 感受 到 中国 的 活力  感受 到 自己 对 中国 的 感情  也 让 我 体验 到 从无到有 创建 一 个 机构 的 成就感 
通过 这次 的 选择  我 逐渐 意识 到 自己 喜欢 做 的 事情 和 自身 的 优势 
这种 感觉 在 我 被 调 回 微 软 总部 后 更加 深刻 
与 其 在 一个 庞大 的 机构 里 当 一个 随时 可 被 替换 的 光鲜 零 件  我 更 愿意 利用 深刻 理解 中国 和 美国 文化 的 优势  在 中国 做 开创性 的 工作 
于是  一 种 力量 驱使 我 作出 了 另 一个 令 人 激动 的 选择 
我 放弃 了 世界 最 大  最 成功 的 微 软  从 这 架 庞大 的 机器 上 把 自己 替换 出来  选择 把 另 一个 硅谷 童话 带 回 中国 
当 我 看 到 全球 最 大 的 互联网 公司 Google （ 谷歌 ） 决心 在 中国 开拓 市场 时  我 相信  这个 机会 离 我 只 有 一 步 之 遥 
我 给 我 的 老朋友  Google 的 首席 执行官 艾 瑞 克 · 施 密 特写 了 一 封 希望 加盟 的 邮件  得到 了 张开 双臂 的 欢迎 
当 心中 的 声音 足够 强烈 的 时候  选择 就 不 该 有 丝毫 迟疑 
尽管 西雅图 和 硅谷 都 在 美国 西部  距离 很 近 
但是 从 那儿 到 这儿  我 却 整整 走 了 两 个 月 
一 次 普通 的 工作 转换 意外 地 演绎 成 我 人生 中 最 大 的 风波 
微 软 以 我 违反 竞 业 禁止 协议 为由  将 我 和 Google 一 并 告 上 法庭 
我 相信  是 从 心 选择 的 力量 支撑 着 我 度过 了 这 段 日子 
它 让 我 从 悲愤 中 渐渐 地 安静 下来  用 胸怀 接受 了 不 能 改变 的 事情  然后 激励 自己 用 勇气 来 改变 可以 改变 的 事情 
我 从 30 万 份 邮件 中 找到 了 证实 自己 并 没有 违约 的 证据  最终 在 一 场 离职 风波 中 赢得 了 回到 中国 工作 的 机会 
这 件 事情 像 一面 凸透镜  聚焦 了 人性 的 美丑  也 凸显 了 从 心 选择 的 强大 力量 
当 所有 的 风暴 过去  剩下 的 只 有 更加 坚强 的 生命  更加 坚定 的 意念 
回过 头 来 看 这 段 岁月  我 感觉 它 像 金子 一样 在 发光  因为 它 给予 了 我 人生 中 更 为 宝贵 的 经验  那 就 是 面对 人生 低谷 时 如何 作出 选择  是 放任 自己 的 悲伤 还是 逆流 而 上 
这些 经验 都 被 用 在 了 我 之后 在 谷歌 中国 的 四年 时光 里 
重大 的 放弃 与 选择 之后  将 迎来 一 片 新 的 世界 
加入 谷 歌 中国  这 是 一 段 无怨无悔 的 日子 
我 甚至 可以 说  这 是 截止 到 目前  我 职业 生涯 中 最 精彩  最 具有 戏剧性 的 篇章 
之前 的 离职 风波  让 我 与 谷歌 中国 有 一 种 惺 惺 相 惜 的 感觉 
感觉 它 更 像 我 的 朋友  我 的 家人  而 不 是 一 份 单纯 的 工作  因此  整个 过程 我 都 全 情 投入 
从 修改 一 个 搜索 结果 的 微小 细节 出发  到 对 公司 战略 的 全盘 把握  在 整整 四年 的 时光 里  我 努力 地 把 Google 平等  创新  快乐  无畏 的 精神 带 到 中国 
这个 过程 并非 一帆风顺  但是 我们 坚持 着 自己 的 信念 与 价值观  保持 着 超强 的 耐心 精耕细作 
从 2006年 强调 专注 搜索 开始  我 压抑 着 身边 跃跃欲试 的 年轻 工程师 要 做 更 酷  更 炫 产品 的 呼声  同时 也 把 那些 想 快 赚钱  买 流量 的 声音 屏蔽 在 我们 的 世界 之外 
解决 断 网 问题  提高 搜索 质量  让 整合 搜索 呈现 得 更 完美 这 是 谷歌 中国 创立 后 最 专注 的 事情 
直到 今天  谷歌 中国 的 搜索 质量 已 堪称 最 精确  最 完整  最 即时 
而 谷 歌 整合 搜索 以及 搜索 百宝箱 的 推出  让 用户 获得 了 最 好 的 搜索 体验 
我们 的 市场 份额 也 从 2006年 的 16
1% 提高 到 2009年 的 31
0% 
而 一 系列 产品 的 上 线 也 让 谷歌 中国 的 版图 渐渐 清晰 
谷 歌 地图  谷 歌 手机 地图  谷 歌 手机 搜索  谷歌 翻译 在 2009年 成为 中国 使用率 第一 的 相关 软件 
尤其 是 音乐 搜索 的 推出  可以 让 网 民 首 次 享受 到 正版 免费 的 音乐  创立 了 全球 音乐 下载 的 崭新 模式 
当 我 随意 走 进 咖啡馆  看到 年轻人 在 用 谷歌 的 整合 搜索 查询信息  用 地图 查看 实时 交通流量  在 iGoogle 上 挑选 自己 喜欢 的 皮肤 （ 计算机界面 ）  或者 在 用 谷歌 音乐 听 正版 歌曲 时  我 都 会 露出 发自 内心 的 微笑 