后来 大家 才 发现  Ben 陆 其实 一点 也 不 闷  他 实际上 是 个 相当 有 激情 的 人  而且 敢于 向 权势 挑战 
当 谷歌 中国 的 声音 不 能 通畅 地 传达 到 总部  或者 中国 工程师 遭遇 不公 待遇 时  总 是 他  敢于 写 义正词严 的 邮件 路 见 不 平 一 声 吼 
朱 会 灿 看起来 跟 我 差不多 大  但 其实 比 我 年轻 多 了 
这个 美国 加州 大学 的 博士  已经 是 公司 里 做 过 项目 最 多  最 资深 的 华人 工程师 了 
因此  谷歌 中国 公司 的 工程师 都 管 他 叫 老 大 
后来  朱会灿 在 我 的 劝说 下 回国 帮 我 带 初期 的 中国 工程师 队伍  成为 某 篇 文章 中 所 述 的 谷歌 中国 的 7 个 师 叔 之一 
陶宁 是 北大 毕业 的 才 女  在 微 软 做 过 Windows 产品 经理 
当年 在 著 名 的 Windows98 发布会 上  吴士宏 从 法拉利 里 跳 出来 的 一 幕  就是 陶宁 一手 策划 的 
加入 谷 歌后  因为 人手 欠缺  所有 产品 和 销售 以外 的 工作  从 市场  公关  招聘  人事  政府 关系 到 日常 公司 运营  她 都 一手 承担 下来 
在 谷 歌 中国 的 初 建 期  我们 7 个 人 成为 谷 歌 中国 的 全部 员工  并 负责 所有 的 招聘 事项  包括 联络  宣讲 以及 制作 PPT  复印 考卷 等 一 系列 繁琐 的 工作 
那 是 一 段 既 紧张 又 快乐 的 日子 
一 开始  由于 我 的 兵 全 是 在 美国 生活 多 年 的 天才  我 几乎 忘记 他们 对 中国 大陆 都 已经 很 陌生 了 
在 我们 走访 第一 所 高校 清华大学 前  我 对 周红 说  你 帮 我 安排 一 下  去 见见 清华大学 计算机 系 的 主任 吧 
周红 面 露 难色 地 说  开 复  我 离开 中国 已经 15年 了  我 不 知道 怎么 安排 
我 这 才 意识 到 招聘 工作 可 不 是 我 想象 得 那么 简单 
我 笑 了 笑  拿 起 电话拨打 114  然后 查出 清华大学 的 电话  这样 一 步步 找到 清华大学 计算机 系 的 电话  并 找到 系主任 的 秘书  最终 安排 了 见面 
我 和 系主任 在 微 软 期间 见 过 面  所以 当 我们 会见 结束  他 说  开 复  让 你 的 车 开 上 来 接 你 好 啦 
我 笑 着 说  我 现在 没有 车 啊  我们 是 打 车 来 的  现在 也 打 车 走 
系主任 睁 大 了 眼睛  似乎 不 敢 相信 
他 拍 了 拍 我 的 肩  眼神 里 似乎 在 说  哇  这 还 是 以前 那个 微 软 的 大 老板 吗 
怎么 现在 居然 出行 都 要 打车 了 
我 暗笑  心想  我 不但 打车  我 还 是 周红 的 秘书 呢 
全国 规模 的 招聘 马上 大张旗鼓 地 开始 宣传 了  而 我 也 开始 了 人生 当中 最 密集 飞行 的 日子 
每 一 天 或者 每 两 天 飞 一 个 城市  下午 先 做 有关 谷歌 的 宣讲  晚上 再 进行 题为 《 选择 的 智慧 》 的 演讲 
而 郭 去 疾 和 俞可 总是 分别 飞 到 下 一个 城市  将 各项 工作 准备 妥当 后  再 等待 我 飞 过去 和 他们 会合 
就 这样  我 变成 了 一个 真正 的 空中 飞人 不 在 机场  就 在 去 机场 的 路上 
在 我 的 招聘 之 行 中  我 再 一 次 感受 到 了 中国 大学生 的 热情 
第一 站  西安 电子 科技 大学  场面 之 热烈 大大 超出 了 我 的 想象  一个 容纳 3000 人 的 礼堂 早就 爆满  而 礼堂 外面 还有 3000 名 学生 被 挤 在 门外 
当 距离 开场 还 有 1 小时 40分钟 的 时候  西 电 礼堂 的 门口 已经 排 了 两 个 近 100 米 的 队伍 
后来 有 学生 告诉 我  队伍 最 长 的 时候 是 下午 6点 半 前后  超过 500 米  甚至 还有 人 是 从 洛阳 和 杨陵 赶来 的 
后来  队伍 终于 失去 了 秩序  因为 太 多 的 学生 想 进入 会场  结果 把 西 电 礼堂 的 大门 给 挤 坏 了 
当时 情形 十分 危险  幸亏 学校 紧急 安排 了 实况 转播  让 场 外 的 学生 也 能 听到 我 的 演讲  才 化险为夷 
从此 之后  在 其他 城市 演讲 之前  我 都 会 提前 告诉 校方 最 好 做 足 安保 工作  不要 再 出 任何 意外 
在 之后 的 演讲 中  为了 控制 人数  一些 高校 实行 了 凭 票 入场 的 制度  学生 们 需要 拿到 校方 提供 的 免费 票 才 能 进入 礼堂 
但 学生 们 又 想 出 了 新 招 儿  自己 用 扫描 和 打印 的 方式 做出 了 和 真 票 一模一样 的 高 仿 真 票  完全 能够 以假乱真 
于是 又 出现 了 新 状况  拿 仿 真 票 的 学生 占 了 拿 真 票 学生 的 位子  而 拿 真 票 的 学生 一般 又 会 来 得 较 晚  到 了 现场 以后 才 发现 位置 早就 被 抢 坐 了  于是 情绪 激动 
新 的 混 乱 就 这样 产生 了  校方 不得不 赶紧 加 派 人 手 解决 争端 
每 场 演讲 前 的 礼堂 里 真 称得上 热火朝天  听 讲座 的 热情 火热  吵架 的 情绪 也 火热 
所以 现在  我 无论 做 有关 谷歌 的 演讲  还 是 给 学生 做 励 志 方面 的 讲座  我 都 希望 校方 能 安排 面积 最 大 的 场地  以 满足 更 多 学生 的 要求 
我 清楚 地 记得 这样 一 幕  那 是 在 上海交大 
当时 我 刚刚 走 上 讲坛  就 听见 台下 发出 了 一 片 惊叹 之 声 
怎么 了 
我 心里 暗暗 地 想 
这时 台下 一个 学生 大声 说  李 老师  你 瘦 啦 
噢  我 明白 了  原来 是 太 久 没有 和 大学生 们 见面 了  而 官司 又 让 我 经历 了 一 次 急速 瘦 身  所以 形象 变化 太 明显 了 
我 走 到 话筒 前  微笑 着 说  刚才 我 听到 有人 说 我 瘦 了 
我 想 问问 现场 的 朋友 们  谁 想 知道 我 减肥 的 秘方 
想 知道 的 请 举手 