当时 陈启迈 是 江西 巡抚 
陈启迈 字子皋  他 和 曾国藩 曾 一 起 在 翰林 院 做事 
陈启迈 曾经 做 过 国史 馆 总 纂  庶 常 馆 提 调  江西 按 察 使  直 隶 和 江苏 布 政 使 这些 官职 
湘军 进入 江西 后  虽然 缓和 了 江西 的 局势  但 给 江西 带来 的 负担 却 极为 沉重 
因为 当时 湘 军 水 陆两 师 每月 粮饷 竟 达 九 万 两 银子 之 多  而 湘军 又 不 属 朝廷 正式 编制  军饷 的 来源 则 全部 由 地方 自筹 
此前 湘 军 的 粮饷 由 湖南省 供给  但 进入 江西 后  因为 交通运输 不 便利  许多 支出 均 由 江西 地方 政府 供给 
陈启迈 与 曾国藩 虽然 从 关系 上 来说 是 同乡  但 利益 不同 
作为 江西 巡抚 的 陈启迈  考虑 最 多 的 是 江西 的 地方 利益  而 给 湘军 提供 军饷  会 损害 到 江西 的 利益 
正是 由于 这 一 不可避免 的 原因  曾国藩 与 陈启迈 两 人 不 断 产生 摩擦  直至 达到 水火 不容 的 地步 
曾国藩 此时 所 处 的 艰危 的 环境 以及 所 受 的 窘 辱  大多 都 来自 陈启迈  具体说来  主要 有  曾国藩 要 在 江西 重新 对 水师 加以 建设  陈启迈 却 说 在 江西省 根本 没有 建设 的 必要  曾国藩 请 河南 候补 知府 刘于浔 设立 船厂  陈启迈 一会儿 写信 说  要求 把 厂 内 的 若干 船只 给 江西  一会儿 又 写信 说  不再 需要 那些 船 了 
曾国藩 调 罗 泽 南部 攻 湖口  陈启迈 却 把 他 调 来 守卫 景德镇  旋 又 调 他 西 往 义宁  回头 又 把 他 调 到 湖口 去 
曾国藩 无奈  只好 几 次 都 回信 答应 了 他 
当时 太平 军 已 占领 义 宁  江西 官军 去 增援  被 太平 军 打败 
知州 叶济英  粮 储 道 邓仁坤 请求 罗泽南 率 众 援助  却 遭到 陈启迈 的 屡屡 禁止 
事实上  曾国藩 与 陈启迈 之间 冲突 的 主要 内容 还 是 军饷 
而 导致 曾 陈 二 人 彻底 势不两立 的 最终 原因  则 是 因为 两 人 对待 举人 彭寿颐 的 不同 态度 
彭寿颐 是 万载县 举人  接到 了 朝廷 允许 各地 办 团练 的 命令  他 便 在 县 内 办 团练 
但 彭寿颐 因 与 县官 李 山 告 有着 极 深 的 仇怨  李 山 告 便 派 人 捉拿 彭寿颐  彭寿颐 被 逼 逃命 去 了 
后 在 曾 国 藩 幕僚 刘蓉 的 帮助 下  彭寿颐 谒 见 了 曾国藩 
曾国藩 在 与 他 长 谈 后  认为 他 这个 人才 实在 不可多得  决定 给 他 用武之地  并 把 此 事 通报 给 了 陈启迈 
陈启迈 表面 上 答应 得 非常 爽快  暗中 却 叫 按 察 使 恽光宸 捉拿 彭寿颐 
至此  曾国藩 对 陈启迈 已经 无法 再 容忍  便于 咸丰 五年 六月 十一日 给 朝廷 的 奏折 中  参 劾 了 陈启迈 
到 了 七月 初 二日  朝廷 专门 就 曾国藩 的 奏折 下 了 谕旨  决定 将 陈启迈 革职 
曾国藩 参 劾 陈启迈 一 事  虽然 结果 是 胜利 的  但是 他 却 没有 过 久 地 享受 此事 带 给 他 的 喜悦 
因为 他 在 此后 的 江西 官场 更 难 活动  处处 受到 掣肘 
而 咸丰 七年 二月 曾国藩 得知 父亲 去世 时  不 待 朝廷 恩 准  便 为了 奔丧 而 离开 队伍 回家 了  这 也 正 说明 了 他 与 江西 官场 的 格格不入 
应该 说  这时 的 曾国藩 还是 不 很 精通 为 官 之 道 的  尤其 是 比 起 后期 官场 中 的 他  所 用 的 手段 也 过于 简单 
第三 部分  官场 失意 南昌 城 死里逃生 湘 军 自 九江 失败 后  便 将 九江 的 防卫 撤 了 去  回 护 南昌 
咸丰 六年 正月 初二日  太平 军 大举 进攻 樟树 镇  刘于浔 水师 把 他们 击退 了 
周 凤山 从新 淦 赶回 来 增援 樟树 镇  在 瓦山 遇到 了 太平 军  并 将 太平 军 打败 
初七日  彭玉麟 在 樟树 镇 大败 太平 军 
二月 初 八九日  曾国藩 听说 石达开 由吉安 回到 了 临江  带领 着 几 千 名 太平 军  二百 多 艘 战船  屯 踞 在 永泰 一带 
十一二日 又 打听 到  太平 军 欲 由 沙湖渡 到 东岸  兵 分 三 路 来 袭击 清军 
永泰  沙 湖 距 樟树 镇 都 只 有 三四十 里  易 进 难 退 
这个 地方 东面 挨着 荷 湖 大桥  前面 的 新 淦 县 又 是 太平 军 的 据点  又 可 由 小路 绕 到 丰城  来 袭击 清军 的 后 路 
曾 国 藩 探听 到 在 横梁  荷 湖 两边  各 有 三四千 名 太平 军 驻守 
到 了 十三日  太平 军 到 樟树 镇 堤 上  河边  分两路 探听 清军 的 动向 
彭玉麟 率 水兵  击退 了 河边 的 太平 军 
陆 军 赶到 后  又 击退 了 堤 上 的 陆 军 
十四日 卯 刻  曾国藩 派 四 成 的 军队 驻扎 在 大 桥 上  以 防守 荷 湖 的 太平 军 
并 派 水师 战船 驻扎 在 临江 的 河口  以 防止 贼船 下 窜  影响 大本营 的 安全 
周 凤山 亲自 率领 五 营 的 陆军 并 让 水师 进军 横梁 
黎明 时分  清军 行 过 樟树 镇 数 里  到达 了 狗 颈 堤  在 那里 看见 太平 军 兵 分 四 路  约 有 五千 多 人  一路 驻扎 在 河 桥  一路 驻扎 在 堤 左  两 路 驻扎 在 河边 沙洲  严阵以待 
周 凤山 急忙 调 来 大 桥 上 的 士兵  迎击 左 路  然后 亲自 率领 军队  去 堵击 桥 上 的 那 路 太平 军 
彭玉麟 见 没有 太平 军 的 战船 出 得 河 来  便 考虑 到 河边 的 那 路 太平 军 可能 会 包抄 堤 上  使 陆 军 腹背受敌  便 命令 水师 登岸 一同 来 剿灭 太平 军  一时 间 炮火 连天 
都 司 毕金科  李新华 各自 带 着 士兵  袭击 了 沙洲 里面 的 两 路 太平 军 
太平 军 合 为 一 路  奋勇 激战  虽 清军 多 次 进攻 仍 僵持 不 下  最终 清军 大 胜 
十六日  石达开 率领 十 万 大军 占据 了 横梁  香 溪 一带 
周 凤山 听说 了 太平 军 全面 进攻 的 消息  便 想 命令 各 营 军马 同心协力 迎击 