一起/s去/vf的/ude1朋友/n晚上/t去/vf了/ule亲戚/n家/q，/wd在/p饭店/n吃/v的/ude1饭/n，/wd还/d特意/d给/p他们/rr要/v了/ule羊肉/n泡/v馍/w，/wd他们/rr说/v上面/f飘/v着/uzhe厚厚的/z一/m层/qv油/n特/ag难吃/a。/wj
看来/v西安/ns的/ude1羊肉/n泡/v馍/w也/d不/d是/vshi都/d好吃/a呀/y！/wt
走/v的/ude1时候/n特意/d买/v了/ule一/m大/a袋/q羊肉/n泡/v馍/w的/ude1方便/a版/n，/wd回家/vi后/f泡/v了/ule一/m小/a袋/ng，/wd感觉/n和/cc快餐/n面/n的/ude1味道/n差不多/al，/wd还/d挺/d贵/a的/ude1，/wd不/d值得/v买/v回来/v。/wj
第二/m次/qv去/vf没/d再/d要/v羊肉/n泡/v馍/w，/wd而是/c换/v了/ule另/rz一/m家/q要/v了/ule一/m份/q水/n盆/q羊肉/n，/wd味道/n几乎/d和/cc羊肉/n泡/v馍/w没什么/vl区别/n，/wd只是/c羊肉/n多/a了/ule一点/mq，/wd价钱/n也/d贵/a了/ule一些/mq，/wd也/d是/vshi要/v了/ule一个/mq馍/w撕/v成/v小/a块/q泡/v了/ule吃/v。/wj
卖/v镜/ng糕/ng的/ude1小/a摊子/n挺/d多/a的/ude1，/wd在/p回民/n街/n买/v了/ule一个/mq玫瑰/n的/ude1一个/mq草莓/n的/ude1，/wd味道/n挺/d好/a的/ude1，/wd玫瑰/n的/ude1味道/n和/cc我/rr自己/rr做/v的/ude1玫瑰/n酱/n味道/n一样/uyy，/wd今年/t我/rr又/d做/v了/ule几/m大/a瓶/q玫瑰/n酱/n，/wd这个/rz我/rr虽然/c没有/v模子/n但是/c做成/v玫瑰/n饼/n我/rr觉得/v也/d是/vshi可以/v的/ude1。/wj
镜/ng糕/ng虽然/c以前/f没/d吃/v过/uguo，/wd但是/c却/d是/vshi在/p90/m年代/n初/f读/v贾/nr1平/v凹/a的/ude1《/wkz废/v都/d》/wky时/ng就/d已经/d知道/v了/ule：/wp庄/ag之/uzhi蝶/ng说/v：/wp“/wyz只要/c一个/mq，/wd我/rr不/d吃/v的/ude1。/wj
”/wyy老汉/n说/v。/wj
“/wyz噢/e，/wd不/d是/vshi恋人/n和/cc情人/n？/ww
请/v原谅/v。/wj
那/rzv就/d你/rr妻/ng一个/mq吃/v了/y。/wj
”/wyy唐/tg宛/d儿/k就/d看/v了/ule一下/mq庄/ag之/uzhi蝶/ng，/wd两/m人/n一/d笑/v，/wd庄/ag之/uzhi蝶/ng问道/vi；/wf“/wyz镜/ng糕/ng还有/v什么/ry讲法/n？/ww
”/wyy老汉/n说/v：/wp“/wyz镜/ng糕/ng镜/ng糕/ng，/wd不仅/c大/d小/a如/v镜/ng，/wd还有/v个/q圆满/a之/uzhi意/ng。/wj
唐朝/t时/ng这/rzv糕/ng是/vshi歌/n妓/w楼上/s专用/vn食品/n，/wd旧社会/n也/d是/vshi在/p剧院/n门口/s、/wn游乐场/n外/f卖/v的/ude1。/wj
现在/t不/d讲究/v这/rzv了/y，/wd可/v它/rr像/v抽签/vn一样/uyy，/wd凡是/d一/d对/p男女/n来/vf吃/v，/wd只/d买/v一个/mq，/wd那/rzv女/b的/ude1必/d是/vshi妻子/n、/wn同志/n、/wn熟人/n；/wf俩/m人/n买/v两/m个/q，/wd不/d是/vshi恋人/n就/d是/vshi情/n人/n。/wj
没有/d不/d准/a的/ude1”/wyy呵呵/e，/wd我/rr买/v了/ule2/m个/q，/wd一个/mq给/v了/ule朋友/n，/wd一个/mq给/v了/ule儿子/n，/wd我/rr是/vshi2/m个/q上面/f各/rz咬/vi一/m口/q，/wd这/rzv算/v什么/ry呢/y？/ww
老孙/nr是/vshi不/d吃/v的/ude1。/wj
卖/v镜/ng糕/ng的/ude1摊主/n可能/v已经/d被/pbei拍照/vi的/ude1习惯/n了/y，/wd所以/c很/d配合/v我/rr的/ude1拍照/vi，/wd于是/cc我/rr就/d将/d镜/ng糕/ng的/ude1整个/b制作/vn过程/n拍/v了/ule下来/vf。/wj
来/vf之前/f做/v功课/n，/wd大家/rr说/v回民/n街/n的/ude1红/a红/a炒米/n挺/d好吃/a的/ude1，/wd老孙/nr和/cc朋友/n去/vf吃/v烤/v串/v的/ude1时候/n，/wd我/rr拉/v着/uzhe儿子/n进去/vf要/v了/ule一/m份/q，/wd感觉/n就/d是/vshi炒饭/v的/ude1酸菜/n版/n，/wd口味/n除了/p酸/n没有/v什么/ry别的/rzv味道/n，/wd我/rr和/cc儿子/n只/d吃/v了/ule几/m口/q就/d不再/d动/v了/y。/wj
这里/rzs的/ude1酸梅汤/n是/vshi带有/v醪糟/n味/ng的/ude1，/wd儿子/n挺/d喜欢/vi。/wj
黄/b桂/b柿子/n饼/n，/wd我/rr又/d要/v了/ule一/m份/q，/wd糯米/n粉/ag做/v的/ude1，/wd柿子/n的/ude1味道/n不/d是/vshi很/d浓/a，/wd还/d挺/d好吃/a的/ude1，/wd有/vyou好几/m家/q摊位/n卖/v的/ude1，/wd感觉/v味道/n都/d差不多/al~/w~/w在/p西安/ns的/ude1日子/n去/vf了/ule小吃/n街/n3/m次/qv，/wd都/d是/vshi晚上/t，/wd后/f两/m次/qv都/d是/vshi到/v了/ule以后/f开始/v下/vf大雨/n没/d怎么/ryv逛/v就/d回来/v了/y，/wd只/d有/vyou第一/m次/qv去/vf逛/v得/ude3尽兴/vi吃/v的/ude1弯/ng不/d下/vf腰/n，/wd最后/f一/m天/qt碰到/v的/ude1那个/rz导游/n很/d负/v责任/n将/d哪里/rys好吃/a甚至/d哪个/ry店/n好吃/a都/d告诉/v了/ule老孙/nr，/wd可惜/v我们/rr却/d要/v回去/v了/y，/wd以后/f有/vyou机会/n再/d去/vf吧/y。/wj
喜欢/vi这种/r红红火火/z的/ude1油/n炸/v黄/b桂/b柿子/n饼/n的/ude1场面/n，/wd凡是/d这种/r场面/n我/rr一般/ad都/dhold/x不/d住/vi，/wd肯定/d会/v捧场/vi买/v一/m份/q。/wj
肉丸/n胡/nr1辣/a汤/n，/wd这个/rz也/d是/vshi《/wkz废/v都/d》/wky中/f知道/v的/ude1，/wd看/v了/ule牌子/n上/f写/v着/uzhe“/wyz肉丸/n胡/nr1辣/a汤/n”/wyy赶紧/d买/v了/ule一/m碗/q，/wd肉丸/n有点/d少/a，/wd里面/f的/ude1包/n菜/n梗/ng子/ng有点/d硬/a，/wd味道/n还/d可以/v~/w~/w卖/v胡/nr1辣/a汤/n的/ude1这/rzv家门口/n还有/v面皮/n卖/v，/wd于是/cc也/d要/v了/ule一/m份/q，/wd浇/v了/ule麻油/n和/cc辣子/n，/wd味道/n我/rr不/d太/d喜欢/vi，/wd我家/r市场/n里/f有/vyou个/q山西/ns人/n卖/v的/ude1凉/a皮/n非常/d好吃/a，/wd每天/r两口子/n要/v起/vf早/ad洗/v100/m斤/q面粉/n，/wd生意/n非常/d的/ude1红火/a。/wj
窃/dg以为/v山西/ns的/ude1面皮/n无论是/c口感/n还是/c味道/n都/d比/p陕西/ns的/ude1好吃/a。/wj
另外/c我/rr朋友/n华/b总/b爱/v做/v面皮/n，/wd那/rzv味道/n要/v比/p买/v的/ude1更/d好吃/a~/w~/w门口/s装/v辣子/n和/cc麻酱/n的/ude1大/a碗/n非常/d的/ude1大/a。/wj
这/rzv就是/v那/rzv碗/q不/d太/d好吃/a的/ude1面皮/n。/wj
大/a皮/n院/n小贾/nr家/n的/ude1酸梅汤/n，/wd感觉/n是/vshi自己/rr配料/v熬/v出来/vf的/ude1，/wd味道/n浓/a很/d好/a喝/vg。/wj
不/d像/v是/vshi这/rzv几/m条/q街上/s到处/d可见/v的/ude1酸梅汤/n都/d是/vshi用/p酸梅汤/n粉/ag兑/v出来/vf的/ude1，/wd和/cc普通/a的/ude1饮料/n没什么/vl区别/n，/wd这/rzv应该/v是/vshi全国性/n的/ude1，/wd因为/c我们/rr这里/rzs的/ude1街头/s也/d很/d常见/a那种/r饮料/n。/wj
来/vf西安/ns最/d遗憾/a的/ude1就是/d没/d吃/v到/v正宗/b的/ude1好吃/a的/ude1肉/n夹/v馍/w，/wd满/a大街/n的/ude1肉/n夹/v馍/w看起来/v都/d差不多/al，/wd因为/c将/p我/rr来/vf之前/f做/v功课/n写/v的/ude1一/m份/q资料/n弄/v丢/v了/y，/wd所以/c后来/t随便/ad买/v了/ule2/m个/q，/wd死/v贵/a的/ude1真/d难/ad吃/v，/wd每个/r咬/vi一/m口/q就/d扔/v掉/v了/y，/wd看来/v那/rzv几/m条/q有名/a的/ude1小吃/n街/n有/vyou一部分/m店面/n是/vshi专/d为/v挣/vi外地人/n钱/n的/ude1。/wj
味道/n还/d不/d如/v我们/rr在/p家门口/n经常/d吃/v的/ude1肉/n夹/v馍/w好吃/a，/wd我/rr儿子/n说/v更/d是/vshi比/p我/rr经常/d做/v的/ude1肉/n夹/v馍/w差/a远/a了/y。/wj
倒/d是/vshi刚/d来/vf的/ude1那天/t早晨/t在/p一个/mq路边/s的/ude1小/a店/n吃/v的/ude13/m元/q钱/n一个/mq的/ude1肉/n夹/v馍/w味道/n要/v好/a一些/mq。/wj
桂/b花糕/n漂亮/a又/d好吃/a，/wd切法/nrf很/d特别/a。/wj
我/rr对/p一切/rz花香/n的/ude1食品/n都/d挺/d喜欢/vi的/ude1，/wd玫瑰/n和/cc桂花/n的/ude1香味/n都/d是/vshi我/rr非常/d喜欢/vi的/ude1。/wj
和/p我/rr正好/z相反/vi，/wd儿子/n不/d喜欢/vi一切/rz带有/v花香/n的/ude1食物/n，/wd老孙/nr对/p这些/rz小吃/n都/d感/vg兴趣/n，/wd所以/c只有/c我/rr自己/rr吃/v了/y。/wj
烤/v面筋/n我/rr觉得/v挺/d新鲜/a好玩儿/a的/ude1，/wd于是/cc买/v了/ule一/m串/q和/cc儿子/n一起/s吃/v，/wd儿子/n告诉/v我/rr他们/rr学校/n门口/s一/m元/q一/m根/q比/p这里/rzs的/ude1要/v好吃/a很/d多/m倍/q，/wd我/rr怎么/ryv没/d吃/v过/uguo，/wd看来/v我/rr这个/rz吃/v货/n很/d不/d合格/vi。/wj
