这样/rzv的/ude1综合/vn素质/n若/c用/v来/vf治国/vi，/wd当/v个/q女/b部长/n也/d没/v问题/n。/wj
能/v在/p大观园/ns里/f春风得意/vl的/ude1女性/n，/wd原本/d就/d没/v几/m个/q，/wd放/v在/p社会/n上/f也/d一定/d能/v混/v得/ude3好/a。/wj
不/d信/v就/d试试/v？/ww
史湘云/nr的/ude1气质/n，/wd有点/d像/v生于/v楚/nr1地/n的/ude1王昭君/nr。/wj
属于/v比较/d听话/a的/ude1美女/n。/wj
这/rzv类/q美女/n在/p现代/t尤其/d普遍/a：/wp从/p小/a听/v父母/n的/ude1话/n，/wd上学/vi后/f听/v老师/n的/ude1话/n，/wd在/p单位/n里/f听/v领导/n的/ude1话/n，/wd结婚/vi后/f听/v老公/n的/ude1话/n。/wj
小鸟/n依/nr1人/n的/ude1美/b女/b，/wd其实/d是/vshi最/d流行/v也/d最/d好/a相处/vi的/ude1。/wj
她/rr不/d像/v黛/ng玉/n那么/rz敏感/a多/ad刺/v，/wd又/d没/v宝/n钗/ng那么/rz多/a心机/n，/wd你/rr既/c不用/d操心/v，/wd又/d不用/d设防/vi。/wj
四/m大/a美女/n中/f还/d剩下/v一个/mq貂/n蝉/n，/wd就/d拿/v晴雯/nr2来/vf打比方/vl吧/y。/wj
属于/v爱/v折腾/v的/ude1美/b女/b，/wd要么/c折腾/v别人/rr，/wd要么/c折腾/v自己/rr，/wd在/p折腾/v中/f也/d同时/d折腾/v出/vf一/m种/q与众不同/vl的/ude1魅力/n。/wj
有/vyou一/m股/q狐/ng媚/ag，/wd有/vyou一/m种/q妖娆/an，/wd还/d不乏/v倔强/a与/cc狠/a劲儿/n。/wj
无论/c貂/n蝉/n还是/c晴雯/nr2，/wd在/p美女/n中/f都/d算/v比较/d另/rz类/n的/ude1。/wj
她们/rr偏/a中性/n一点/mq，/wd不/d是/vshi骨/ng感/vg美女/n，/wd而是/c“/wyz骨气/n”/wyy美女/n，/wd敢/dg想/v敢/dg为/v，/wd敢/dg作/v敢/dg当/v。/wj
其实/d，/wd《/wkz红楼/nz》/wky里/f的/ude1尤三姐/nr，/wd也/d算/v这/rzv一/m路/n的/ude1。/wj
晴/vi雯/nr1终究/d只/d算/v“/wyz野蛮/a女友/n”/wyy，/wd直来直去/vl，/wd喜怒哀乐/nl全/d写/v在/p脸上/s。/wj
比较/d而言/uls，/wd跟/v林/ng黛/ng玉/n读/v恋爱/vi，/wd才/d是/vshi最/d累/a的/ude1。/wj
晴雯/nr2的/ude1爱/vn折腾/v，/wd只/d在/p表面/n。/wj
林/ng黛/ng玉/n的/ude1爱/vn折腾/v，/wd藏/v在/p心里/s。/wj
你/rr若/c爱/v她/rr，/wd情绪/n必将/d随着/p她/rr的/ude1多/ad愁/v善/dg感/vg乃至/c记仇/v易/vg怒/vg而/cc大起大落/vl，/wd忽而/d云/vg里/f雾/n里/f，/wd忽而/d冰天雪地/nl。/wj
不过/c，/wd注定/v会/v有/vyou喜欢/vi“/wyz被/pbei折腾/v“/wyz的/ude1男人/n，/wd像/p贾宝玉/nr那样/rzv，/wd被/pbei林/nr1妹妹/n的/ude1小心眼/n、/wn小/a脾气/n，/wd小/a个性/n折磨/v得/ude3哭笑不得/al，/wd却/d又/d带有/v“/wyz轻微/ad受/v虐/ag倾向/n”/wyy，/wd对/p这/rzv类/q怪味/n美女/n上/vf了/ule瘾/n，/wd疼/v就/d是/vshi爱/v，/wd爱/v就/d是/vshi疼/a。/wj
受/v了/ule林/nr1妹妹/n的/ude1罪/n，/wd吃/v了/ule晴雯/nr2的/ude1苦/an，/wd再/d来/vf看/v薛/nr1宝/n钗/ng，/wd她/rr变/v得/ude3更/d可爱/a一些/mq了/y。/wj
原先/d觉得/v她/rr有/vyou点/n虚伪/an，/wd后来/t弄/v明白/v了/ule：/wp适度/a的/ude1虚伪/an是/vshi人际关系/n的/ude1润滑剂/n。/wj
她/rr不仅/c从/p里/f到/v外/f不/d爱/v折腾/v别人/rr，/wd还/d总/d能/v巧妙/a地/ude2保护/v自己/rr不/d被/pbei别人/rr折腾/v。/wj
真/d是/vshi高/a啊/y。/wj
她/rr的/ude1春风/n满/a面/n，/wd不只/c保证/v自己/rr在/p任何/rz复杂/a环境/n里/f都/d能/v春风得意/vl，/wd还/d能/v使/v每/rz位/q跟/p她/rr相处/vi的/ude1人/n都/d如/v沐/vg春风/n，/wd心里/s暖洋洋/z的/ude1。/wj
宝/n钗/ng的/ude1宽广/a胸怀/n，/wd心明眼亮/vl和/cc镇定自若/vl使/v大观园/ns里/f的/ude1勾心斗角/vl、/wn暗流/n旋涡/n，/wd都/d对/p她/rr不/d起/vf作用/n。/wj
她/rr视而不见/vl、/wn如/v履/vg平地/n，/wd不动声色/vl赢得/v自己/rr需要/v的/ude1好/a运气/n，/wd好/a机会/n，/wd却/d又/d让/v别人/rr觉得/v这/rzv原本/d就/d该/v属于/v她/rr的/ude1。/wj
她/rr知道/v自己/rr要/v什么/ry，/wd而且/c总/d能/v要/v到/v自己/rr想/v要/v的/ude1。/wj
无论/c就/p人际关系/n还是/c品/v碑/n而言/uls，/wd薛/nr1宝/n钗/ng都/d属于/v大观园/ns里/f的/ude1“/wyz和谐/a号/n”/wyy美女/n，/wd在/p《/wkz红楼/nz》/wky四/m大/a美女/n中/f尤其/d技高一筹/vl。/wj
薛/nr1宝/n钗/ng与/p林/ng黛/ng玉/n，/wd恰如/v环/v肥/n燕/ng瘦/a，/wd各/rz有/vyou韵味/n，/wd薛/nr1宝/n钗/ng是/vshi典型/a的/ude1大家/rr闺秀/n，/wd出自/v名门/n旺/a族/ng，/wd却/d不/d把/pba骄傲/an写/v在/p脸上/s，/wd而是/c写/v在/p骨子里/n，/wd充满/v亲和力/n，/wd又/d让/v你/rr无法/v忽略/v她/rr那/rzv隐隐约约/z的/ude1尊贵/a与/cc大气/n。/wj
林/ng黛/ng玉/n呢/y，/wd则/c把/pba江南/ns的/ude1小家碧玉/nl之/uzhi美/ng发挥/v到/v了/ule极致/n，/wd一颦一笑/nl、/wn举手投足/nl间/f笼罩/v着/uzhe六朝/n烟/n水/n气/n。/wj
你/rr选择/v薛/nr1宝/n钗/ng呢/y还是/v林/ng黛/ng玉/n，/wd作为/p大观园/ns里/f的/ude1花魁/n？/ww
你/rr偏爱/v山/n的/ude1富丽堂皇/al，/wd还是/c嗜好/n水/n的/ude1虚无/b缥缈/a？/ww
薛/nr1宝/n钗/ng代表/n着/uzhe务实/vi的/ude1美/b女/b，/wd林/ng黛/ng玉/n代表/n着/uzhe务虚/vi的/ude1美女/n。/wj
如果/c你/rr是/vshi贾宝玉/nr，/wd是否/v会/v把/pba《/wkz经/p楼梦/nr》/wky的/ude1故事/n改写/v了/y？/ww
林/ng黛/ng玉/n失去/v了/ule贾宝玉/nr，/wd却/d永久/d地/ude2拥有/v了/ule贾宝玉/nr的/ude1爱/vn与/cc怀念/vn。/wj
只要/c贾宝玉/nr还/d活/v着/uzhe，/wd林/nr1妹妹/n就/d仍然/d在/p他/rr记忆/n中/f巧笑倩兮/nl，/wd美目盼兮/al。/wj
薛/nr1宝/n钗/ng从/p现实/n的/ude1层面/n上/f得到/v了/ule贾宝玉/nr，/wd却/d得/ude3不/d到/v他/rr的/ude1心/n，/wd最终/d还是/d失去/v了/ule贾宝玉/nr。/wj
薛/nr1宝/n钗/ng站/vi在/p世俗/n的/ude1一/m方/q，/wd构成/v林/ng黛/ng玉/n的/ude1对立面/n。/wj
她们/rr俩/m人/n，/wd究竟/d谁/ry得/v而/cc谁/ry失/v呢/y。/wj
谁/ry得到/v了/ule真/a而/cc谁/ry得到/v了/ule假/a？/ww
谁/ry得到/v了/ule有/vyou而/cc谁/ry得到/v了/ule无/v呢/y？/ww
还/d真/d不/d好/a轻易/d下/vf结论/n的/ude1。/wj
这/rzv关键/n要/v看/v读者/n的/ude1立场/n与/cc价值观/n。/wj
是/vshi站/vi在/p林/ng黛/ng玉/n一/m方/q，/wd还/d是/vshi站/vi在/p薛/nr1宝/n钗/ng一/m方/q。/wj
《/wkz红楼梦/nz》/wky是/vshi一/m座/q情场/n，/wd弱不禁风/al的/ude1林/ng黛/ng玉/n遇到/v强大/a的/ude1竞争/vn对手/n，/wd输/v给/v了/ule薛/nr1宝/n钗/ng，/wd但/c她/rr分明/d又/d赢/v了/y。/wj
即使/c在/p她/rr败/vi亡/vg之后/f，/wd贾宝玉/nr还是/v毫不犹豫/dl地/ude2站/vi在/p她/rr这/rzv一边/f，/wd站/vi在/p死者/n这/rzv一边/d。/wj
薛/nr1宝/n钗/ng好像/v是/vshi赢/v了/y，/wd其实/d是/vshi输/v了/y。/wj
贾宝玉/nr的/ude1心/n不/d属于/v她/rr，/wd还/d是/vshi站/vi在/p林黛玉那/nrf一边/d。/wj
薛/nr1宝/n钗/ng能/v忽悠/z那么/c多/a活人/n，/wd却/d连/ulian一个/mq死/a人/n都/d抢/v不/d过/uguo。/wj
她/rr的/ude1战利品/n名存实亡/vl。/wj
这/rzv就/d是/vshi强/ad扭/v的/ude1瓜/n不/d甜/a的/ude1道理/n吧/y。/wj
而/cc林/ng黛/ng玉/n开/v出/vf天然/b的/ude1花/n，/wd虽/c凋落/vi了/y，/wd却/d美/a，/wd美不胜收/vl。/wj
林/ng黛/ng玉/n和/cc贾宝玉/nr身上/s，/wd那种/r冲破/v世俗/n篱/n藩/ng的/ude1浪漫/an让/v人/n刮目相看/vl。/wj
青春/n就/d是/vshi为/p爱/v而/cc奉献/v的/ude1，/wd为/p梦想/n的/ude1失败/vn而/cc准备/vn的/ude1。/wj
虽/c九/m死/v其/rz犹/d未/d悔/vg，/wd拥有/v这种/r勇敢/a青春/n的/ude1人/n极/d少/a，/wd但/c一旦/d拥有/v了/y，/wd就/d输/v得/ude3起/vf。/wj
输/v得/ude3起/vf才/d能/v赢/v得/ude3起/vf。/wj
大观园/ns是/vshi多/m大/a或/c多/d小/a的/ude1情场/n？/ww
大观园/ns是/vshi大/a世界/n的/ude1小/a缩影/n，/wd有/vyou官场/n的/ude1背景/n，/wd有/vyou职/ng场/ng的/ude1规则/n，/wd有/vyou赌场/n的/ude1风险/n，/wd有/vyou战场/n的/ude1胜负/n，/wd《/wkz红楼梦/nz》/wky却/d不/d是/vshi官场/n小说/n，/wd不/d是/vshi职/ng场/ng小说/n，/wd不/d是/vshi赌场/n小说/n，/wd不/d是/vshi战场/n小说/n，/wd是/vshi一/m部/q情场/n小说/n。/wj
