像/p扔/v石头/n打/v海龟/n这样/rzv的/ude1事/n，/wd被/pbei法律/n严禁/v，/wd那么/c，/wd每个/r公民/n不但/c要/v遵守/v，/wd而且/c，/wd有/vyou责任/n去/vf监督/v别人/rr也/d遵守/v。/wj
可/v换/v在/p国内/s，/wd就/d是/vshi树立/v起/vf严禁/v的/ude1牌子/n，/wd对于/p扔/v石块/n这样/rzv的/ude1行为/n，/wd很/d少/a有人/r会/v出面/vi制止/v，/wd更/d不/d会/v“/wyz上纲上线/vl”/wyy“/wyz像/v真/a的/ude1”/wyy一样/uyy去/vf报警/vi。/wj
与/p规则/n并行/vi的/ude1是/vshi诚信/a。/wj
诚信/a，/wd简单/a地/ude2说/v，/wd就是/v“/wyz人/n而/cc无/v信/n，/wd不知/v其/rz可/v”/wyy。/wj
一个/mq人/n说/v的/ude1话/n，/wd必须/d真实/a，/wd带/v了/ule东西/n说/v没/d带/v，/wd这/rzv就/d是/vshi严重/a的/ude1说谎/vi行为/n，/wd在/p这/rzv一/m小事/n上/f都/d说谎/vi，/wd推而广之/vl，/wd就/d可能/v在/p其他/rzv事情/n上/f也/d不/d值得/v信任/vn。/wj
这/rzv就/d是/vshi国外/s特别/d在意/v说谎/vi的/ude1原因/n。/wj
那/rzv位/q朋友/n说/v，/wd事后/t有/vyou朋友/n开玩笑/vi告诉/v他们/rr，/wd今后/t出行/vi，/wd事先/d要/v和/cc孩子/n“/wyz串通/v”/wyy好/a，/wd免得/v孩子/n说/v了/ule真话/n。/wj
这/rzv确实/d是/vshi不少/m国人/n的/ude1思路/n，/wd还/d以为/v自己/rr很/d“/wyz聪明/a”/wyy，/wd没/d想到/v这/rzv将/d是/vshi对/p孩子/n十分/d不/d诚信/a的/ude1反/b教育/vn——/wp你/rr看/v，/wd爸爸/n妈妈/n都/d叫/vi我/rr说谎/vi——/wp在/p我国/n，/wd虽然/c近年来/dl倡导/v诚信/a，/wd可是/c，/wd对于/p说谎/vi，/wd却/d十分/d宽容/v，/wd比如/v，/wd有人/r说谎/vi，/wd社会/n可以/v对/p其/rz开脱/v是/vshi“/wyz装/v酷/ag”/wyy、/wn“/wyz急中生智/vl”/wyy，/wd故意/d反/vi着/uzhe说/v；/wf如果/c“/wyz装/v酷/ag”/wyy说/v不/d通/v，/wd就/d说/v是/vshi情/n非得/d已/d，/wd环境/n所/usuo逼/v；/wf如果/c这/rzv也/d说/v不/d通/v，/wd就/d把/pba说谎/vi推/v给/p社会/n，/wd大家/rr都/d这样/rzv，/wd何苦/d为难/v一个/mq人/n；/wf还/d说/v不/d通/v，/wd就/d会/v围绕/v诚信/a重要/a，/wd还是/c能力/n重要/a来/vf一/m番/qv争议/vn，/wd只要/c有/vyou能力/n，/wd管/v他/rr是/vshi不/d是/vshi说/v过/uguo谎/ng…/ws
…/ws
最近/t，/wd匈牙利/nsf总统/n因/c抄袭/v黯然/z辞职/vi，/wd在/p我国/n又/d引起/v一/m番/qv感慨/vn，/wd一/m国/n总统/n，/wd因/p一/m篇/q博士/n论文/n就/d下/vf台/n了/y，/wd可/v在/p我国/n，/wd一/m所/q大学/n校长/n被/pbei检举/v论文/n抄袭/v，/wd针对/p确凿/a无疑/d的/ude1抄袭/vn事实/n，/wd学校/n的/ude1学术/n调查/vn委员会/n，/wd可以/v给/p其/rz定性/vd为/v“/wyz过度/d引用/v”/wyy，/wd而/cc否认/v其/rz存在/v抄袭/v；/wf就/d是/vshi认定/v其/rz存在/v抄袭/v，/wd也/d只/d是/vshi取消/v其/rz学位/n或者/c学术/n头衔/n，/wd依旧/z担任/v校长/n。/wj
总之/c，/wd不管/c是/vshi说谎/vi，/wd还是/c抄袭/v，/wd诚信/a问题/n，/wd都/d是/vshi说说/v重要/a，/wd可/v在/p现实/n中/f却/d都/d不/d重要/a。/wj
结果/n是/vshi，/wd不管/c利用/v怎样/ryv的/ude1手段/n，/wd只要/c取得/v了/ule“/wyz成功/a”/wyy，/wd获得/v了/ule一定/b社会/n地位/n，/wd就/d是/vshi成功/a人士/n。/wj
功利/n的/ude1价值观/n统帅/v了/ule一切/rz，/wd做人/vi的/ude1底线/n，/wd完全/ad丧失/v。/wj
在/p一个/mq没/d有/vyou规则/n、/wn不/d尊重/v规则/n、/wn没有/d诚信/a、/wn把/pba说谎/vi当/p习惯/n“/wyz装/v酷/ag”/wyy的/ude1社会/n，/wd大家/rr都/d不/d把/pba规则/n当真/vi，/wd也/d没有/d诚信/a的/ude1价值/n理念/n，/wd最终/b社会/n深受/v无/v规则/n之/uzhi困/ng，/wd人际/n交往/vn也/d会/v为/v之/uzhi付出/v高昂/a的/ude1成本/n。/wj
注重/v规则/n教育/vn，/wd把/pba诚信/ad作为/v做人/vi的/ude1第一/m位/q，/wd这/rzv是/vshi我国/n教育/vn——/wp包括/v学校/n教育/vn、/wn家庭/n教育/vn、/wn社会/n教育/vn——/wp必须/d补/v上/f的/ude1一/m课/n。/wj
15./m前段/t时间/n看到/v说/v高晓松/nr批/v《/wkz最/d炫/vg民族/n风/n》/wky很/d烂/a，/wd是/vshi垃圾/n歌曲/n，/wd这/rzv没什么/vl，/wd然后/c高晓松/nr又/d出来/vf说/v：/wp“/wyz我/rr没/d说/v，/wd我/rr没/d说/v垃圾/n”/wyy，/wd那/c我/rr就/d觉得/v高晓松/nr很/d垃圾/n了/y。/wj
事情/n是/vshi这样/rzv的/ude1，/wd凤凰/n传奇/n的/ude1同/p门/n师弟/n东方/s传奇/n去/vf参加/v东方/s卫视/n的/ude1《/wkz声/n动/v亚洲/ns》/wky节目/n，/wd唱/v了/ule首/m《/wkz最/d炫/vg民族/n风/n》/wky，/wd然后/c高晓松/nr就/d批评/v了/y，/wd这/rzv歌/n太/b垃圾/n，/wd所以/c就/d不/d让/v你/rr通过/v。/wj
昨天/t东方/s传奇/n在/p北京/ns召开/v媒体/n见面会/n，/wd上百/m位/q媒体/n朋友/n到场/vi参加/v，/wd我/rr觉得/v这/rzv事/n可以/v说/v一下/mq，/wd我/rr唱歌/vi虽然/c五音/n不/d全/a，/wd但/c评/v一下/mq还是/d可以/v的/ude1。/wj
首先/c我们/rr来说/vi高晓松/nr，/wd高晓松/nr自从/p出狱/vi之后/f便/d名声/n大/a噪/ng，/wd继而/c膨胀/vi，/wd是/vshi的/ude1，/wd高/a老师/n膨胀/vi了/y，/wd音乐节/n他/rr说/v了/ule算/v了/y，/wd他/rr说/v这/rzv音乐/n好/a那/rzv这/rzv音乐/n就/d牛/ag逼/v，/wd然后/c是/vshi我们/rr都/d听/v不/d懂/v。/wj
前段/t时间/n还/d说/v什么/ry汉人/n无/v音乐/n，/wd那么/rz少数民族/n的/ude1音乐/n汉人/n不/d习惯/v听/v，/wd谢谢/v。/wj
然后/c咱/rr在/p谈/v谈/v什么/ry是/vshi好/a音乐/n，/wd好/a音乐/n的/ude1标准/n是/vshi什么/ry？/ww
音乐/n是/vshi艺术/n，/wd压/v根/n就/d没有/v标准/n，/wd但/c高晓松/nr出狱/vi以后/f，/wd不/d知道/v是/vshi缺/v钱/n还/d是/vshi怎么/ryv了/y，/wd到处/d当/p评委/n，/wd弄/v的/ude1跟/p自己/rr是/vshi上帝/n一样/uyy。/wj
音乐/n这/rzv东西/n，/wd大众/n喜欢/vi的/ude1就是/d好/a的/ude1，/wd被/pbei广为/d流传/v的/ude1就是/d好/a音乐/n，/wd你/rr凭/p什么/ry来/vf评判/v一个/mq音乐/n的/ude1好坏/n？/ww
作为/p评委/n，/wd至多/d能/v从/p专业/n音准/n上/f来/vf看/v选手/n唱/v的/ude1是/vshi不/d是/vshi标准/n，/wd有/vyou没/d有/vyou跑/v调/v。/wj
但/c高/a评委/n的/ude1点评/vn俨然/z超出/v了/ule一个/mq作为/v评委/n的/ude1职能/n范围/n之内/f。/wj
东方/s传奇/n当时/t唱/v最/d炫/vg民族/n风/n也/d是/vshi因为/p节目/n组/n安排/v才/d唱/v的/ude1，/wd而且/c这/rzv首/m音乐/n也/d被/pbei广为/d流传/v，/wd从/p民主/a的/ude1角度/n看/v，/wd最/d炫/vg民族/n风/n是/vshi一/m首/q非常/d不错/a的/ude1音乐/n，/wd高晓松/nr是/vshi一/m位/q自/p恋/v且/c不/d负责/v的/ude1评委/n。/wj
我们/rr再/d说说/v东方/s传奇/n，/wd我/rr非常/d欣赏/v东方/s传奇/n的/ude1这种/r精神/n，/wd在/p参加/v完/vi节目/n之后/f，/wd看/v上/f起/vf他们/rr俩/m非常/d生气/a，/wd他们/rr说/v，/wd哪怕/c这/rzv次/qv节目/n没有/d通过/v，/wd他们/rr也/d会/v唱/v老百姓/n和/cc歌迷/n喜欢/vi的/ude1歌曲/n。/wj
东方/s传奇/n并/cc没有/v因为/p高晓松/nr的/ude1批评/vn而/cc自卑/a，/wd而是/c因为/p高晓松/nr而/cc更加/d坚定/v自己/rr的/ude1信念/n。/wj
这/rzv是/vshi多少/ry中国/ns人/n都/d无法/v做到/v的/ude1，/wd在/p中国/ns音乐界/n敢/dg得罪/v高晓松/nr的/ude1我/rr想/v没/v几/m个/q吧/y，/wd因为/c大家/rr都/d知道/v高晓松/nr现在/t在/p中国/ns音乐界/n的/ude1地位/n，/wd尽管/c高晓松/nr是/vshi个/q美国/nsf人/n。/wj
音乐界/n伪/ag神话/n高/a晓/vg松/ng炮轰/v东方/s传奇/n唱/v的/ude1《/wkz最/d炫/vg民族/n风/n》/wky实/ad属/v显/v摆/v，/wd在/p音乐界/n立/v牌坊/ns，/wd倚老卖老/vl，/wd打/v压/v新生代/n音乐/n人/n，/wd凭/p什么/ry高晓松/nr说/v烂/a就/d是/vshi烂/a呢/y？/ww
你/rr可以/v不/d喜欢/vi一/m首/q音乐/n，/wd这/rzv是/vshi每个/r人/n的/ude1权利/n，/wd但是/c借/v着/uzhe在/p音乐界/n老油子/n的/ude1身份/n去/vf打/v压/v新人/n实属/v无赖/an。/wj
高晓松/nr自从/p出狱/vi之后/f便/d一头/d扎/v进/vf公/ng知/v界/k，/wd不但/c是/vshi音乐/n人/n，/wd还/d成/v了/ule公/ng知/v、/wn作家/n，/wd达到/v事业/n的/ude1最/d顶峰/n。/wj
