所以/c，/wd从/p另/rz一个/mq角度/n来说/uls，/wd冰箱/n如果/c不/d经常/d消毒/vi，/wd反而/d会/v成为/v一些/mq细菌/n的/ude1“/wyz温床/n”/wyy。/wj
另外/c，/wd冰箱/n里/f的/ude1食品/n也/d不要/d存放/v过/uguo多/m，/wd这样/rzv会/v让/v食物/n的/ude1外部/f温度/n低/a而/cc内部/f温度/n高/ad导致/v变质/vi。/wj
天气/n一天天/m热/a起来/vf，/wd冰箱/n的/ude1使用率/n也/d高/a了/ule起来/vf。/wj
可/v有些/rz主妇/n把/pba冰箱/n当成/v了/ule保鲜/vn箱/ng，/wd长/a时间/n储存/vn食物/n。/wj
如何/ryv正确/ad使用/v冰箱/n，/wd也/d是/vshi主妇/n们/k必不可缺/vl的/ude1家庭/n知识/n，/wd为了/p家人/n的/ude1健康/an，/wd你/rr一定/d要/v知道/v，/wd冰箱/n里/f的/ude1食物/n可以/v放/v多久/ryt。/wj
熟/a蛋/n：/wp冷藏/v6/m~/w7/m天/qt牛奶/n：/wp冷藏/v5/m~/w6/m天/qt;/wf酸奶/n：/wp冷藏/v7/m~/w10/m天/qt;/wf鱼类/n：/wp冷藏/v1/m~/w2/m天/qt冷冻/v90/m~/w180/m天/qt;/wf牛肉/n：/wp冷藏/v1/m~/w2/m天/qt冷冻/v90/m天/qt;/wf肉排/n：/wp冷藏/v2/m~/w3/m天/qt，/wd冷冻/v270/m天/qt;/wf香肠/n：/wp冷藏/v9/m天/qt，/wd冷冻/v60/m天/qt;/wf鸡肉/n：/wp冷藏/v2/m~/w3/m天/qt，/wd冷冻/v360/m天/qt;/wf罐头/n食品/n：/wp未/d开/v罐/ng冷藏/v360/m天/qt;/wf花生酱/n、/wn芝麻酱/n：/wp已/d开/v罐/ng冷藏/v90/m天/qt;/wf咖啡/n：/wp已/d开/v罐/ng冷藏/v14/m天/qt;/wf苹果/n：/wp冷藏/v7/m~/w12/m天/qt;/wf柑桔/n：/wp冷藏/v7/m天/qt;/wf梨/n：/wp冷藏/v1/m~/w2/m天/qt;/wf熟/a西红柿/n：/wp冷藏/v12/m天/qt;/wf菠菜/n：/wp冷藏/v3/m~/w5/m天/qt;/wf胡萝卜/n、/wn芹菜/n：/wp冷藏/v7/m~/w14/m天/qt;/wf剩饭/n别/d吃/v3/m天/qt，/wd果/ng蔬/ng最/d多/a一/m周/qt，/wd酱/n料/n能/v放/v两/m月/n。/wj
很多/m人/n看来/v，/wd食物/n一旦/d放/v进/vf冰箱/n，/wd就/d等于/v穿/v了/ule一/m件/q“/wyz保护/v服/v”/wyy。/wj
而/cc实际上/d，/wd食物/n的/ude1营养/n和/cc鲜味/n会/v在/p存放/v过程/n中/f慢慢/d褪色/vi。/wj
最新/a一/m期/qv的/ude1美国/nsf《/wkz烹饪/vi之/uzhi光/n》/wky杂志/n指出/v，/wd保持/v食物/n新鲜/a可/v是/vshi有/vyou诀窍/n的/ude1。/wj
美国/nsf糖尿病/n协会/n发言人/n、/wn注册/vn营养师/n杰基/nrf?/ww
纽金特/nrf表示/v，/wd冰箱/n储存/vn食物/n有/vyou三/m大/a关键/n点/qt：/wp空间/n、/wn温度/n和/cc在/p食物/n新鲜度/n的/ude1最佳/z状态/n时/ng，/wd取出/v食用/vn。/wj
一般来说/vl，/wd冰箱/n门/n架/qv温度/n最高/a；/wf保鲜/vi盒/ng很/d少/a被/pbei翻动/v，/wd又/d靠近/v下层/f，/wd所以/c那里/rzs温度/n最低/a。/wj
冷藏室/n冰箱/n门/n架/qv处/n：/wp适合/v储存/v抗/v菌/n性/k较/d强/a的/ude1食物/n，/wd如/c开/v了/ule封/q的/ude1咸菜/n、/wn果酱/n、/wn芝麻酱/n、/wn酸味/n食物/n以及/cc调味品/n，/wd大多/d可/v保存/v2/m个/q月/n。/wj
由于/p冰箱/n门/n经常/d打开/v，/wd暖空气/n会/v进入/v，/wd所以/c这里/rzs最/d不/d适宜/v储存/v容易/ad变质/vi的/ude1食物/n，/wd比如/v开/v了/ule封/q的/ude1热/a肉/n、/wn牛奶/n等/udeng。/wj
冷藏室/n上层/f：/wp适宜/v储存/v热/a肉/n、/wn咸肉/n、/wn酸奶/n及/cc硬/a奶酪/n等/udeng。/wj
未/d开封/ns的/ude1肉食/n应/v在/p保存期/n之前/f食用/v。/wj
一旦/c启封/vn，/wd热/a肉/n只能/v保存/v3/m～/ws
5/m天/qt；/wf咸肉/n、/wn硬/a奶酪/n可/v保存/v3/m周/qt。/wj
冷藏室/n下层/f：/wp可/v储存/v需要/v快速/d加热/vi的/ude1食物/n，/wd如/v剩饭/n剩菜/n、/wn煮/v好/a的/ude1鸡蛋/n、/wn鱼肉/n等/udeng。/wj
另外/c，/wd容易/ad冻伤/v的/ude1不/d带/v叶/nr1蔬菜/n和/cc水果/n也/d最/d好/a储存/vn于/p此/rzs。/wj
煮/v好/a的/ude1鸡蛋/n可/v存放/v7/m天/qt：/wp剩饭/n最/d好/a别/d超过/v3/m天/qt，/wd剩菜/n最好/d不要/d过夜/vi（/wkz叶/nr1类/n蔬菜/n最/d好/a一/m次/qv吃/v完/vi，/wd不要/d剩下/v）/wky，/wd一/m但/c觉得/v异常/a，/wd最好/d扔掉/v；/wf新/a鲜鱼/n只能/v在/p冰箱/n冷藏/vn1/m天/qt，/wd烧/vi熟/a的/ude1鱼/n不/d要/v超过/v3-4/m天/qt。/wj
保鲜/vi盒/ng：/wp位于/v冷藏室/n最/d底部/f，/wd湿度/n最/d大/a，/wd比较/d适合/v存放/v蔬菜/n，/wd如/v绿叶/n蔬菜/n、/wn辣椒/n和/cc西/b兰花/n等/udeng。/wj
这/rzv类/q食物/n最/d多/ad可/v保存/v1/m周/qt左右/m。/wj
特别/d值得/v提醒/v的/ude1是/vshi，/wd食物/n如果/c出现/v以下/f状况/n，/wd则/c说明/v不/d新鲜/a了/y，/wd最好/d不要/d食用/v。/wj
水果/n蔬菜/n：/wp湿/a软/a、/wn黏/a滑/a的/ude1果/ng蔬/ng应/v立即/d扔掉/v。/wj
打/v蔫/vi的/ude1绿色/n蔬菜/n只/d是/vshi有些/rz脱水/vn，/wd但/c仍然/d可以/v食用/vn，/wd最/d好/a烧/vi汤/n。/wj
剩菜/n变/v了/ule颜色/n一定/d要/v扔掉/v。/wj
肉类/n：/wp未/d拆封/vi的/ude1牛排/n等/udeng熟/a肉/n过期/vi4/m天/qt，/wd切/d勿/d食用/v。/wj
冷冻/vn肉类/n保存/v时间/n更/d长/a，/wd但是/c解冻/vi后/f不宜/v再次/d冷冻/v。/wj
另外/c，/wd出现/v黏/a滑/v或/c怪味/n的/ude1肉类/n也/d应/v立即/d扔掉/v。/wj
鱼类/n：/wp如果/c鱼肉/n已/d让/v冰箱/n里/f充满/v怪味/n，/wd立即/d扔掉/v。/wj
奶制品/n：/wp牛奶/n最/d容易/ad判断/v是否/v变质/vi。/wj
如果/c牛奶/n已/d有/vyou酸味/n，/wd最好/d扔掉/v。/wj
另外/c，/wd牛奶/n结块/v或/c结/v片/q也/d是/vshi变质/vi的/ude1征兆/n：/wp奶油/n、/wn乳酪/n较/d难/ad判断/v是否/v变质/vi，/wd其/rz安全期/t一般/ad为/v保质/v日期/n后/f约/d10/m天/qt。/wj
酸奶/n过期/vi几/m天/qt仍/d可/v食用/vn，/wd但是/c口感/n及/cc营养/n价值/n会/v大/a减/v。/wj
干酪/n和/cc黄油/n保存/v时间/n最/d长/a，/wd但/c为/v安全/an起见/u，/wd最/d好/a4/m周/qt内/f吃/v完/vi。/wj
5Mar12Blog/x叶永烈/nr：/wp我/rr眼中/s的/ude1普京/nrf2012-03-0509:12:31/m据/p报道/v，/wd莫斯科/nsf时间/n2012年/t3月/t5日/t凌晨/t1时/t许/v，/wd俄罗斯/nsf2012年/t总统/n大选/vn计票/vn已/d达/v60%/m，/wd据/p俄/b中央/n选举/vn委员会/n数据/n，/wd统/vi俄/b党/n候选人/n普京/nrf得/v票/n已/d升/v至/p64./m65%/m，/wd大幅/d领先/vi于/p对手/n。/wj
当夜/t普/ag京/b支持者/n前往/v莫斯科/nsf马涅什/nrf广场/n集会/vn，/wd普/ag京/b登台/vi演说/vi，/wd语/ng未/d出/vf，/wd泪/n先/d流/v。/wj
普京/nrf赢得/v俄罗斯/nsf第六/m届/q总统/n大选/vn，/wd第三/m次/qv当选/v俄罗斯/nsf总统/n。/wj
我/rr不由得/d记/v起/vf，/wd当/v普/ag京/b第一/m次/qv当选/v俄罗斯/nsf总统/n时/ng，/wd我/rr正/d在/p俄罗斯/nsf。/wj
当时/t在/p莫斯科/nsf，/wd特别/d是/vshi在/p圣彼得堡/nsf，/wd我/rr听见/v人们/n谈论/v最/d多/a的/ude1是/vshi俄罗斯/nsf总统/n普京/nrf。/wj
我/rr在/p莫斯科/nsf的/ude1那些/rz日子/n里/f，/wd在/p电视/n里/f见到/v普京/nrf。/wj
他/rr跟/p美国/nsf电影/n代表团/n见面/vi，/wd围/v坐/v在/p一/m张/q长桌/n旁/f，/wd一边/d喝/vg咖啡/n，/wd一边/d随意/ad聊天/vi。/wj
那/rzv样子/n像/p朋友/n聊/v家常/n，/wd绝/d不/d像/v总统/n接见/vn。/wj
莫斯科/nsf的/ude1朋友/n告诉/v我/rr，/wd普京/nrf没有/v多少/ry日子/n是/vshi真正/d坐/v在/p克里姆林宫/nsf的/ude1总统/n办公室/n里/f的/ude1。/wj
他/rr常/d在/p外地/s巡视/v。/wj
普京/nrf总是/d说/v，/wd当/v上/vf总统/n之后/f，/wd生活/vn的/ude1圈子/n大大/d缩小/v了/y，/wd他/rr不/d能/v随意/ad会见/v朋友/n，/wd也/d不能/v随意/ad到/v公共场所/n。/wj
总是/d有/vyou保安/n对/p他/rr采取/v严格/a的/ude1保护/vn、/wn隔离/vn措施/n。/wj
他/rr担心/v长久/a这么/rz下去/vf，/wd听/v不/d到/v真实/a的/ude1声音/n。/wj
正/d因为/p这样/rzv，/wd他/rr不/d愿/v在/p总统/n办公室/n多/ad呆/v，/wd而是/c希望/v尽量/d多/a多/a接触/vn实际/n。/wj
我/rr在/p圣彼得堡/nsf的/ude1时候/n，/wd正值/v普京/nrf从/p莫斯科/nsf来到/v圣彼得堡/nsf。/wj
圣彼得堡/nsf的/ude1朋友/n告诉/v我/rr，/wd普京/nrf常/d来/vf圣彼得堡/nsf。/wj
内/f中/f的/ude1原因/n有/vyou三/m个/q：/wp第一/m，/wd普京/nrf是/vshi圣彼得堡/nsf人/n，/wd从小/d在/p这/rzv座/q城市/n长/a大/a；/wf第二/m，/wd普京/nrf曾经/d担任/v圣彼得堡/nsf市/n（/wkz当时/t叫/vi列宁格勒/nsf）/wky第一/m副/b市长/n；/wf第三/m，/wd普京/nrf有意/d把/pba首都/n从/p莫斯科/nsf迁/v往/p圣彼得堡/nsf。/wj
