她/rr定期/d免费/vi去/vf检查/v身体/n、/wn牙齿/n，/wd有/vyou病/n看病/vi，/wd而/cc不/d需要/v依靠/v任何/rz个人/n的/ude1捐助/vn。/wj
她/rr在/p德国/nsf应该/v算是/v最低/a阶层/n的/ude1人/n了/y，/wd但/c在/p我/rr眼里/s，/wd她/rr过/d得/ude3有/vyou保障/vn和/cc有/vyou尊严/n。/wj
常常/d在/p微/ag博/ag中/f看见/v好心/n的/ude1人们/n，/wd为了/p一个/mq身患/v绝症/n而/cc无/v钱/n医治/v的/ude1孩子/n积极/a地/ude2呼吁/v、/wn转发/v、/wn募捐/vn，/wd心里/s一/m方面/n为/p没/v钱/n治疗/vn的/ude1孩子/n而/cc痛心/a，/wd另一方面/c，/wd冷静/a地/ude2思考/v一下/mq，/wd觉得/v：/wp我们/rr中国/ns大众/n帮助/v弱小/a是/vshi美德/n，/wd但/c我们/rr需要/v的/ude1是/vshi一个/mq全民/n有/vyou医/ng保/v的/ude1医疗/n体制/n，/wd让/v每/rz一个/mq有/vyou病人/n的/ude1家庭/n，/wd不再/d为/v无/v钱/n治病/vi而/cc苦恼/an、/wn犯愁/vi，/wd甚至/d铤而走险/vl。/wj
最近/t网上/s有/vyou一/m条/q新闻/n：/wp一/m位/q北京/ns男子/n私刻/v公章/n为/p尿毒症/n妻子/n治病/vi，/wd事发/vi后/f被/pbei判刑/vi。/wj
这/rzv说明/v了/ule一点/mq，/wd光/d靠/v募捐/v这样/rzv的/ude1方式/n，/wd不/d可能/v帮助/v到/v每/rz一个/mq需要/v帮助/v的/ude1病人/n，/wd因为/c不/d是/vshi每/rz一个/mq人/n都/d会/v呐喊/vi，/wd不/d是/vshi每/rz一个/mq人/n都/d会/v引起/v关注/vn和/cc同情/vn。/wj
往往/d越/d是/vshi生活/vi在/p苦难/n中/f的/ude1人们/n，/wd他们/rr越是/d能/v忍/v，/wd能/v吃苦/vi挨/v痛/an。/wj
在/p西方/s世界/n呆/v久/a了/y，/wd才/d知道/v，/wd西方人/n是/vshi多么/d的/ude1娇气/a，/wd他们/rr因为/p夏天/t不够/a热/n而/cc抱怨/v，/wd因为/p圣诞节/t不/d下雪/vi而/cc苦恼/an，/wd而/cc我们/rr的/ude1同胞/n中/f，/wd虽然/c有/vyou一部分/m人/n真正/d地/ude2富裕/a了/y，/wd衣食/n无/v忧/ng，/wd过/d得/v优哉游哉/nl；/wf但/c不能/v忽略/v的/ude1是/vshi：/wp还有/v为数不少/bl的/ude1人/n，/wd他们/rr生活/vi在/p社会/n的/ude1底层/n或/c边缘/n，/wd有/vyou病/n无/v钱/n医治/v。/wj
这/rzv一/m部分/n真正/d需要/v保护/vn和/cc保障/vn的/ude1人群/n，/wd他们/rr坚强/a地/ude2忍受/v着/uzhe，/wd不/d抱怨/v，/wd在/p沉默/an与/cc病痛/n中/f一/m天/qt天地/n捱/n，/wd在/p乐观/an与/cc期盼/v中/f一步步/m走/v向/p苦难/n生命/n的/ude1尽头/f。/wj
如果/c人人/n有/vyou医/ng保/v，/wd那么/c每/rz一个/mq不幸/ad患病/vi的/ude1人/n，/wd就/d不/d会/v有/vyou经济/n上/f的/ude1担忧/vn，/wd就/d会/v及时/ad得到/v医治/v，/wd这样/rzv就/d能/v杜绝/v很多/m悲剧/n的/ude1发生/vn。/wj
眼下/t的/ude1中国/ns，/wd最/d需要/v医/ng保/v的/ude1是/vshi低收入/n的/ude1民众/n，/wd让/v他们/rr看/v得/ude3起/vf病/n，/wd能/v定期/b检查/vn身体/n，/wd是/vshi一个/mq文明/a社会/n的/ude1担当/v和/cc责任/n。/wj
一个/mq国家/n的/ude1GDP/x很/d重要/a，/wd一个/mq国家/n的/ude1颜面/n很/d重要/a，/wd但/c一个/mq国家/n的/ude1人民/n能够/v看/v得/ude3起/vf病/n，/wd能够/v过/vf得/ude3有/vyou保障/vn、/wn活/n得/ude3有/vyou尊严/n更加/d重要/a。/wj
这里/rzs的/ude1“/wyz我/rr”/wyy睡/v下铺/n，/wd但/c韩寒在/nr2006年/t11月/t10日/t发/v的/ude1一/m篇/q简短/a博/ag文/ng《/wkz睡/v在/p我/rr上/f铺/v的/ude1兄弟/n》/wky说/v：/wp“/wyz我/rr在/p念书/vi的/ude1那阵子/t也/d是/vshi上/f铺/v”/wyy。/wj
当然/d，/wd韩/b寒/ag可以/v说/v我/rr这/rzv是/vshi文学/n创作/vn，/wd但是/c为什么/ryv非/b要/v在/p一/m篇/q自称/v写/v自己/rr的/ude1求医/vi经历/v的/ude1散文/n中/f，/wd把/pba睡/v上铺/n说/v成/v睡/v下铺/n？/ww
这/rzv有/vyou什么/ry必要/a吗/y？/ww
文中/nr2说/v：/wp“/wyz她/rr看看/v卡/n，/wd认识/v我/rr的/ude1名字/n‘/wyz韩/b寒/ag’/wyy，/wd却/d不/d知道/v普通话/n该/v怎么/ryv念/v，/wd闭/v上/vf眼睛/n读/v：/wp‘/wyz园/ng寒/ag!/wt
’/wyy西格蒙/nrf?/ww
弗洛伊德/nrf有/vyou一/m本/q《/wkzThePsychopathologyofEverydayLife/x》/wky上/f说/v，/wd故/c意念/n错/v一个/mq人/n的/ude1姓名/n就/d等于/v是/vshi一/m场/qv侮辱/vn。/wj
我/rr尚/d不/d能/v确定/v她/rr是否/v故意/d念/v错/v，/wd所以/c不便/ad发泄/v，/wd忍/v痒/a承认/v我/rr是/vshi‘/wyz园/ng寒/ag’/wyy。/wj
”/wyy据/p上海/ns金山/nr的/ude1网友/n说/v，/wd金/b山/n话/n的确/d把/pba“/wyz韩/b”/wyy读/v成/v“/wyz园/ng”/wyy。/wj
在/p1999年/t的/ude1上海/ns大/a医院/n，/wd还有/v医生/n说/v不/d好/a普通话/n，/wd连/ulian“/wyz韩/b”/wyy字/n都/d不/d会/v念/v？/ww
为什么/ryv念/v成/v了/ule“/wyz园/ng韩/b”/wyy就/d让/v韩寒/nr觉得/v是/vshi侮辱/v？/ww
如果/c是/vshi把/pba“/wyz韩仁均/nr”/wyy念/v成/v“/wyz猿人/n君/ng”/wyy，/wd让/v韩仁均/nr觉得/v侮辱/v，/wd还/d可以/v理解/vn。/wj
文中/nr2说/v：/wp“/wyz我/rr曾/d见/v过/uguo一个/mq刚/d从/p大学/n出来/vf的/ude1实习/vn医生/n，/wd刚/d当/p医生/n的/ude1小姑娘/n要面子/a，/wd写/v的/ude1字/n横/dg平/a竖/n直/d，/wd笔/q笔/n遒劲/z，/wd不慎/d写/v错/vd还/d用/p橡皮/n沾/v口水/n擦/v，/wd…/ws
…/ws
”/wyy在/p上/f世纪/n90/m年代/n，/wd还有/v医生/n用/p橡皮/n沾/v口水/n擦/v错字/n？/ww
这/rzv该/rz是/vshi多/m久远/z的/ude1事/n？/ww
文中/nr2说/v：/wp“/wyz我/rr走/v出/vf外科/n，/wd听见/v内科/n一个/mq医生/n在/p骂/v病人/n笨/an，/wd那/rzv病人/n怯生生/z地/ude2说/v：/wp‘/wyz你们/rr这里/rzs——/wp墙上/s不/d是/vshi写/v着/uzhe“/wyz请/v用/v——/wp谢谢/v、/wn再见/vi、/wn对不起/v”/wyy…/ws
…/ws
’/wyy”/wyy在/p1999年/t的/ude1上海/ns大/a医院/n，/wd还/d在/p墙上/s贴/v礼貌/an用语/n标语/n？/ww
那/rzv好像/v是/vshi80/m年代/n初/f“/wyz五讲四美/n三热爱/n”/wyy运动/vn时期/n的/ude1事/n。/wj
对/p个别/a的/ude1疑点/n，/wd也许/d可以/v勉强/ad辩解/vi，/wd但是/c把/pba这/rzv三/m篇/q的/ude1所有/b疑点/n综合/vd起来/vf看/v，/wd是/vshi很/d难/ad否定/v这样/rzv的/ude1结论/n：/wp这/rzv不/d是/vshi写/v的/ude1一个/mq高/a一/m学生/n在/p1999年/t的/ude1上海/ns大/a医院/n看/v疥疮/n的/ude1经历/n，/wd而是/c一个/mq有/vyou丰富/a的/ude1生活/vn阅历/n的/ude1中年人/n在/p不知不觉/dl地/ude2回顾/v他/rr看/v其他/rzv疾病/n的/ude1经历/n。/wj
Blog/x叶永烈/nr：/wp感受/v英国/ns物价/n2012-04-0910:50:362012/m年/qt世界/n奥运会/n将/d在/p英国/ns举行/v。/wj
英国/ns的/ude1物价/n如何/ryv？/ww
到/v了/ule一个/mq国家/n，/wd我/rr理所当然/al地/ude2关注/v这个/rz国家/n的/ude1物价/n。/wj
分析/v一个/mq国家/n的/ude1物价/n，/wd有/vyou两/m种/q视角/n：/wp一/m是/vshi把/pba这个/rz国家/n的/ude1物价/n跟/p中国/ns相比/vi，/wd这/rzv叫/vi比价/n；/wf二/m是/vshi把/pba这个/rz国家/n的/ude1物价/n跟/p他们/rr的/ude1收入/n相比/vi，/wd再/d把/pba中国/ns的/ude1物价/n跟/p中国/ns人/n的/ude1收入/n相比/vi，/wd最后/f把/pba两者/rzv相比/vi，/wd这/rzv叫/vi相对/d比较/v。/wj
最/d通常/d也/d最/d能/v直接/ad感受/v的/ude1，/wd往往/d是/vshi第一/m种/q视角/n。/wj
我/rr的/ude1一/m位/q美国/nsf朋友/n从/p英国/ns回去/v之后/f，/wd对/p我/rr说/v：/wp“/wyz英国/ns的/ude1物价/n比/p美国/nsf还/d贵/a！/wt
”/wyy据/p我/rr所/usuo知/v，/wd其中/rz的/ude1原因/n除了/p英国/ns物价/n本身/rz这/rzv几/m年/qt连连/d上涨/vi之外/f，/wd还/d在于/v美元/q对/p英镑/n贬值/vi。/wj
这/rzv一/m回/qv我/rr去/vf英国/ns，/wd以/p一个/mq中国/ns人/n的/ude1眼光/n来/vf看/v英国/ns的/ude1物价/n，/wd我/rr的/ude1感受/vn是/vshi英国/ns的/ude1物价/n明显/a地/ude2比/p中国/ns贵/a——/wp这/rzv几/m年/qt，/wd人民币/n连连/d升值/vi，/wd人民币/n对/p英镑/n的/ude1汇率/n从/p前/f几/m年/qt的/ude11/m英镑/q兑换/v15/m元/q人民币/n，/wd到/p现在/t的/ude11/m英镑/q兑换/v10/m元/q人民币/n。/wj
然而/c即便/c在/p人民币/n不/d断/v升值/vi的/ude1情况/n下/f，/wd我/rr仍/d感受/v到/v英国/ns物价/n的/ude1高昂/a。/wj
好/a在/p现在/t的/ude11/m英镑/q兑换/v10/m元/q人民币/n，/wd换/v算/v起来/vf非常/d方便/a，/wd所以/c我/rr在/p列举/v英国/ns物价/n时/ng，/wd即便/c不/d换算/vi成/v人民币/n，/wd读者/n在/p英镑/n之后/f加/v一个/mq“/wyz0/m”/wyy，/wd也/d就/d等于/v相应/vi的/ude1人民币/n数值/n。/wj
