”/wyy特蕾/nr2莎/ng说/v，/wd人类/n最/d大/a的/ude1不幸/ad并非/v存在/v于/p饥饿/n和/cc病/n困/vi，/wd而/cc在于/v当/p人们/n处于/v这/rzv境地/n时/ng，/wd你/rr得/v伸/v出/vf手/n让/v他/rr（/wkz她/rr）/wky得到/v应有/v的/ude1尊严/n和/cc归宿/n。/wj
她/rr超越/v了/ule宗教/n和/cc政党/n，/wd她/rr并/d不/d代表/v一个/mq权力/n机构/n在/p施舍/vn，/wd而是/c心灵/n平等/a的/ude1沟通/vn。/wj
特蕾/nr2莎/ng修女/n老/a了/y，/wd走/v了/y，/wd而/cc她/rr建立/v于/p寺庙/n空地/n处/vi的/ude1收容/vn院/n入口处/n挂/v着/uzhe一/m块/q牌子/n上面/f，/wd永远/d写/v着/uzhe“/wyz尼尔/nrf玛/nr1．/w刮/v德/n”/wyy，/wd按/p孟加拉/nsf语/ng的/ude1意思/n，/wd就是/v‘/wyz静心之/nr家/n’/wyy。/wj
好/a人/n和/cc榜样/n并非/v一样/uyy，/wd很多/m时候/n我们/rr被/pbei救助/v得/ude3仍/d像/v一/m条/q狗/n，/wd就算/d吃/v饱/a了/y，/wd仍/d是/vshi一/m条/q吃/v饱/a了/ule的/ude1狗/n…/ws
…/ws
不/d是/vshi吗/y。/wj
不仅/c像/v雷锋/nr那样/rzv给予/vx人们/n面包/n和/cc棉裤/n，/wd更/d要/v像/v特蕾/nr2莎/ng那样/rzv让/v人们/n知道/v他/rr有/vyou权利/n得到/v面包/n和/cc棉裤/n；/wf不仅/c像/v雷锋/nr那样/rzv在/p大/a雨天/n送/v母子/n回家/vi，/wd更/d重要/a的/ude1是/vshi像/p特蕾/nr2莎/ng修女/n那样/rzv在/p苦难/n的/ude1日子/n给予/vx人们/n尊严/n和/cc归宿/n。/wj
普/ag京/b坦然/ad答道/v：/wp“/wyz你/rr首先/d提到/v了/ule一/m张/q神秘/a莫/d测/v的/ude1面孔/n，/wd而/cc后/f又/d提/v到/v铁/n匣子/n。/wj
要/v知道/v铁/n匣子/n可是/c一/m种/q没有/v任何/rz语言/n的/ude1东西/n。/wj
每个/r人/n看到/v和/cc说/v出/vf的/ude1都/d是/vshi他们/rr所/usuo想/v看/v到/v和/cc所/usuo想/v说/v的/ude1那/rzv一/m部分/n，/wd也/d都/d是/vshi不/d完整/a的/ude1。/wj
俄/b国/n人民/n信任/v我/rr，/wd推举/v我/rr为/p总统/n。/wj
当/p我/rr决心/d竞选/v总统/n时/ng，/wd我/rr相信/v我/rr可以/v改善/v俄国/ns人民/n的/ude1生活/vn，/wd使/v国家/n强大/a。/wj
一个/mq政治家/n不/d会/v去/vf迎合/v所有/b的/ude1人/n，/wd也/d不/d会/v试图/v推行/v一/m种/q不/d触及/v任何人/r利益/n的/ude1政策/n。/wj
如果/c这样/rzv，/wd我/rr将/d损害/v那些/rz深深/d信任/v我/rr的/ude1人民/n的/ude1利益/n。/wj
”/wyy中国/ns记者/n又/d问/v：/wp“/wyz听说/v，/wd当/p你/rr当选/v为/p代总统/n后/f，/wd你/rr的/ude1夫人/n哭/v了/ule整整/d一/m天/qt。/wj
因为/c作为/p总统/n，/wd你/rr和/cc家人/n一起/s生活/vn的/ude1时间/n将/d很/d少/a。/wj
你/rr能否/v用/v些/q方法/n消除/v夫人/n的/ude1忧虑/vn。/wj
”/wyy普京/nrf这么/rz回答/v：/wp“/wyz我/rr夫人/n是/vshi幸福/a地/ude2哭/v了/y。/wj
当选/v总统/n后/f，/wd我/rr和/cc家人/n在/p一起/s的/ude1时间/n的确/d大大/d减少/v。/wj
我/rr不/d能/v像/p往常/t一样/uyy见到/v我/rr的/ude1女儿/n们/k了/y。/wj
因为/p我/rr上班/vi的/ude1时候/n，/wd她们/rr正在/d睡/v；/wf我/rr下班/vi的/ude1时候/n，/wd她们/rr又/d睡着/v了/y。/wj
总之/c，/wd这/rzv给/p个人/n生活/vn带来/v了/ule种种/q不便/a，/wd但/c更/d为/v不便/a的/ude1是/vshi与/p外界/n太/d隔绝/v，/wd一方面/c是/vshi太/d忙/a，/wd另一方面/c是/vshi安全/a的/ude1考虑/vn，/wd生活/vn的/ude1圈子/n太/d小/a，/wd往往/d是/vshi一/m种/q不/d真实/a的/ude1生活/vn，/wd对/p人民/n的/ude1愿望/n缺乏/v足够/v的/ude1了解/vn。/wj
但/c我/rr将/d通过/v一些/mq计划/n外/f的/ude1访问/vn来/f补偿/vn。/wj
”/wyy普京/nrf的/ude1经历/n并/cc不/d复杂/a。/wj
普京/nrf的/ude1全/a名叫/v弗拉基米尔/nrf?/ww
弗拉基米罗维奇/nrf?/ww
普京/nrf，/wd1952年/t10月/t7日/t，/wd出生于/v列宁格勒/nsf。/wj
他/rr的/ude1家庭/n很/d普通/a，/wd父亲/n是/vshi工厂/n门卫/n、/wn钳工/n，/wd母亲/n是/vshi家庭/n主妇/n。/wj
在/p列宁格勒/nsf保卫/v战/ng中/f，/wd德国/nsf法西斯/n夺/v去/vf了/ule普/ag京/b哥哥/n的/ude1生命/n。/wj
这样/rzv，/wd普京/nrf成/v了/ule父母/n惟一/b的/ude1儿子/n。/wj
1970年/t普/ag京/b考入/v列宁格勒/nsf大学/n法律/n系/v。/wj
大学/n未/d毕业/v，/wd他/rr就/d主动/ad要求/v加入/v克格勃/n。/wj
这样/rzv，/wd他/rr作为/p苏联/ns国家安全部/nt官员/n，/wd曾/d很/d长/a时间/n在/p原/b民主/a德国/nsf工作/vn。/wj
九十/m年代/n中期/f，/wd普京/nrf进入/v政坛/n，/wd从/p圣彼得堡/nsf市长/n助理/n一/m跃/vg而/cc成/v第一/m副/b市长/n。/wj
普京/nrf的/ude1大学/n毕业/v鉴定/vn中/f的/ude1评语/n是/vshi：/wp“/wyz绝对/d诚实/a、/wn正派/a、/wn有/vyou强烈/a责任感/n。/wj
”/wyy克格勃/n上司/n在/p普京/nrf的/ude1档案/n里/f评论/v说/v，/wd他/rr“/wyz唯一/b的/ude1缺点/n就是/d缺乏/v恐惧感/n”/wyy。/wj
叶利钦/nrf第一/m次/qv注意/v起/vf普京/nrf，/wd是/vshi在/p九十/m年代/n中期/f。/wj
那/rzv一/m回/qv叶利钦/nrf来到/v圣彼得堡/nsf，/wd公/ng余/m前去/v打猎/vi。/wj
圣彼得堡/nsf市/n市长/n索布恰克/nrf以及/cc普京/nrf等/udeng许多/m地方/n官员/n陪同/v叶利钦/nrf打猎/vi。/wj
在/p休息/v时/ng，/wd从/p林间/s突然/ad窜/vi出/vf一/m头/q熊/n，/wd众人/n皆/d惊/v，/wd不知所措/vl，/wd唯有/v普京/nrf沉着/a地/ude2拿/v起/vf猎枪/n，/wd一/m枪/n就/d把/pba熊/n打/v死/v…/ws
…/ws
后来/t，/wd叶利钦/nrf任命/v普京/nrf为/p联邦/n安全/an局/n局长/n兼/v总统/n安全/an会议/n秘书/n。/wj
这样/rzv，/wd普京/nrf在/p总统/n身边/s工作/vn，/wd开始/v接近/v权力/n中心/n。/wj
四十七/m岁/qt的/ude1普/ag京/b接替/v年/qt近/a七十/m的/ude1叶利钦/nrf成为/v俄罗斯/nsf总统/n，/wd使/v人们/n不由得/d记/v起/vf当年/t五十四/m岁/qt的/ude1戈尔巴乔/nrf夫/ng接替/v七十四/m岁/qt高龄/n病故/vi的/ude1契尔年科/nrf一样/uyy，/wd使/v政坛/n一下子/mq充满/v了/ule活力/n。/wj
6./m当年/t我/rr也/d是/vshi中国/ns传统/n教育/vn培养/v出来/vf的/ude1好/a孩子/n，/wd说话/vi办/v事/n都/d中/f规/ng中/f矩/ng，/wd如林/z黛/ng玉/n般/uyy不/d肯/v多/m行/q一/m步/qv路/n，/wd不/d敢/v多/ad说/v一/m句/q话/n，/wd唯恐/v被/pbei人/n耻笑/v了/ule去/vf。/wj
但/c在/p英国/ns待/vi了/ule两/m年/qt多/m回国/vi后/f，/wd朋友/n们/k说/v我/rr的/ude1行为/n方式/n、/wn思维/n方式/n和/cc价值观/n多/a了/ule些许/m“/wyz西方/s风情/n”/wyy。/wj
虽/c不能/v完全/ad体会/v朋友/n话/n中/f的/ude1褒/vn甚或/c是/vshi贬/v，/wd但/c每当/p感慨/v岁月/n流逝/vi的/ude1时候/n，/wd回忆/v自己/rr回国/vi后/f几/m年/qt来/f的/ude1工作/vn和/cc生活/vn，/wd一点/mq点/n地/ude2过滤/v，/wd我/rr真/a的/ude1发现/vn留学/vn生涯/n给/p我/rr留下/v了/ule诸多/m的/ude1“/wyz后遗症/n”/wyy。/wj
我/rr就/d是/vshi话剧/n演员/n。/wj
刚/d回/v国/n那会儿/rzt，/wd我/rr特别/d想/v向/p家人/n和/cc朋友/n展示/v“/wyz我/rr的/ude1中国/ns心/n”/wyy，/wd想/v说/v一/m口/q不/d掺杂/v任何/rz英语/nz单词/n的/ude1纯正/a汉语/nz。/wj
然而/c，/wd事与愿违/vl的/ude1是/vshi，/wd我/rr在/p那/rzv段/q时间/n里/f用/v汉语/nz表达/v时/ng常常/d感到/v“/wyz力不从心/vl”/wyy，/wd总/d觉得/v没/d有/vyou英语/nz说/v起来/vf那样/rzv溜/q，/wd那样/rzv游刃有余/vl。/wj
究/vg其/rz原因/n，/wd一方面/c是/vshi因为/p汉语/nz作为/v一/m门/q语言/n，/wd终究/d逃/v不/d掉/v语言/n的/ude1习/vg得/ude3规律/n，/wd虽/c为/p我/rr的/ude1母语/n，/wd但/c因/p几/m年/qt来/f很/d少/ad说/v，/wd再/d说/v起来/vf肯定/v没有/v之前/f那么/c顺/v；/wf而/cc另/rz一个/mq原因/n在于/v，/wd英语/nz国家/n的/ude1人/n喜欢/vi使用/v丰富/a的/ude1肢体/n语言/n，/wd这些/rz与/p语言/n相/d配合/v的/ude1表情/n和/cc手势/n可以/v让/v你/rr在/p表情/n达意/vi时/ng更/d容易/a、/wn更/d形象/a，/wd这/rzv一点/mq就/d与/p汉语/nz的/ude1表达/vn形式/n和/cc风格/n截然不同/vl。/wj
当年/t我/rr在/p国内/s上/f大学/n时/ng，/wd我们/rr外/f教/vAdam/x的/ude1情景/n教学/vn模式/n让/v我/rr记忆犹新/vl。/wj
有/vyou一/m次/qv，/wd他/rr在/p给/p同学/n们/k讲解/v一/m段/q关于/p求婚/vi的/ude1文字/n时/ng，/wd居然/d在/p我们/rr班/n的/ude1一个/mq女生/n面前/f单/d膝/ng跪/v地/n，/wd为/p我们/rr表演/v起/vf了/ule求婚/vi的/ude1场景/n。/wj
