从/p本/rz期/qv开始/v，/wd小康/n将/d会/v带领/v大家/rr一起/d提前/vd品味/v这/rzv道/qv独特/a的/ude1奥运/n大餐/n，/wd一起/d默/vd数/v心中/s的/ude1奥运/n倒/vi计时/vi。/wj
伦敦/nsf奥运/n倒/vi计时/vi一：/m奥运/n中/f的/ude1高/a科技/n。/wj
这次/r即将/d在/p伦敦/nsf举办/v的/ude1奥运会/n是/vshi第三十/m届/q奥运会/n，/wd它/rr会/v成为/v英国/ns历史/n上/f最/d盛大/a的/ude1活动/vn。/wj
这次/r奥运会/n的/ude1科技/n含量/n也/d相当/vi的/ude1高/a，/wd比如/v买/v东西/n已经/d全部/m可以/v实现/v无/v现金/n炒作/v，/wd采用/v非/b接触/vn式/k智能/n卡/n付费/v。/wj
而/cc随着/p社交/n网络/n的/ude1快速/b发展/vn和/cc普及/vn，/wd这/rzv届/q伦敦/nsf奥运会/n将/d是/vshi史/ng上/f第一/m次/qv“/wyz社交/n奥运/n”/wyy，/wd国际/n奥委会/n拥有/v75万Twitter/x粉丝/n和/cc280万Facebook/x粉丝/n，/wd在/p伦敦/nsf奥运会/n期间/f将/d组织/v运动员/n参与/v实时/n聊天/vi，/wd并且/c将/d发起/v一些/mq活动/vn，/wd届时/d将/d开放/v用户/n在/pTwitter/x和/ccFacebook/x向/p运动员/n提出/v他们/rr想/v要/v了解/v的/ude1问题/n。/wj
现在/t科技/n已经/d将/p奥运会/n整个/b从/p里/f到/v外/f包裹/v起来/vf，/wd也/d是/vshi科技/n将/p运动员/n和/cc观众/n来/vf得/ude3更加/d的/ude1近/a。/wj
下面/f我们/rr就/d来/vf看看/v科技/n对/p奥运会/n的/ude1发展/vn起/vf了/ule那些/rz帮助/vn。/wj
奥林匹克/nz运动会/n最/d早/a起源/n于/p古/tg希腊/ns，/wd因/p举办地/n在/p奥林匹亚/nz而/cc得名/v。/wj
但是/c我们/rr所/usuo熟悉/v的/ude1现代/t奥运会/n却/d是/vshi从/p1896年/t在/p希腊/ns雅典/ns举办/v的/ude1第一/m届/q现代/t奥运会/n开始/v，/wd法国/nsf教育家/n顾拜旦/nr是/vshi推动/v这/rzv项/q赛事/n的/ude1主要/b力量/n，/wd因此/c也/d被/pbei称为/v“/wyz现代/t奥运/n之/uzhi父/ng”/wyy。/wj
从/p第一/m届/q现代/t奥运会/n到/p现在/t已经/d经历/v了/ule116/m年/qt的/ude1发展/vn，/wd现在/t这/rzv项/q赛事/n已经/d发展/v为/p全球/n最/d大/a的/ude1赛事/n，/wd一个/mq全球/n共享/v的/ude1盛世/n，/wd也/d随着/p时间/n的/ude1推移/vn，/wd科技/n被/pbei越来越/d多/a的/ude1应用/vn于/p这/rzv项/q赛事/n。/wj
许多/m我们/rr现在/t看/v起来/vf很/d普通/a的/ude1设备/n都/d是/vshi用/p时间/n和/cc经验/n一/m步步/q累积/v起来/vf的/ude1。/wj
在/p第五/m届/q瑞典/nsf奥运会/n上/f，/wd电动/b计时器/n和/cc终点/n摄影/vn设备/n才/d第一/m次/qv被/pbei实验性/n的/ude1使用/vn，/wd由此/d也/d将/d计量/vi时间/n精确/ad到/v1/m//w10秒/t，/wd而/cc如今/t的/ude1计时/vn系统/n已经/d是/vshi由/p很多/m科技/n装备/n组成/v，/wd不再/d是/vshi单一/a的/ude1装置/n了/y。/wj
比如/v球类/n比赛/vn用/v的/ude1高速/b数码/n摄像机/n、/wn游泳/vn比赛/vn用/v的/ude1电子/n计时/vi触摸/v垫/v、/wn红外/b光束/n、/wn无线/b应答器/n等等/udeng，/wd就/d连/ulian发令枪/n都/d由/p科技/n化/v了/y，/wd发令枪/n连着/v的/ude1同/p线/n会/v经过/p一/m系列/q的/ude1科技/n装置/n同时/c传输/v到/v每/rz位/q比赛/vn选手/n的/ude1起跑/vn器/n上/f的/ude1扬声器/n，/wd这样/rzv每个/r选手/n听到/v枪声/n的/ude1时间/n是/vshi一样/a，/wd不/d存在/v谁/ry占优势/vi的/ude1问题/n，/wd做到/v“/wyz公平/a、/wn公正/a、/wn公开/v”/wyy。/wj
现在/t当/p奥运会/n开始/v的/ude1时候/n，/wd我们/rr可以/v坐/v在/p家中/s喝/vg着/uzhe啤酒/n为/p国家队/n选手/n加油/vi，/wd然而/c在/p1936年/t的/ude1德国/nsf柏林/nsf奥运会/n以前/f，/wd这/rzv都/d是/vshi奢望/v，/wd而/cc卫星/n转播/vn赛事/n更/d是/vshi到/v了/ule1964年/t在/p日本/nsf东京/nsf举行/v的/ude1第18/m届/q奥运会/n上/f出现/v，/wd这/rzv才/d使得/vi世界/n各个/rz角落/n都/d能够/v看到/v这/rzv项/q赛事/n。/wj
如果/c没有/v科技/n的/ude1发展/vn，/wd奥运/n也/d不/d会/v离/v你/rr我/rr如此/rzv之/uzhi近/a，/wd我们/rr哪里/rys还/d能/v像/p现在/t这样/rzv看到/v实时/n的/ude1现场/s转播/vn，/wd只能/v从/p第二/m天/qt的/ude1报纸/n上/f看到/v一/m篇/q又/d一/m篇/q乏味/a的/ude1“/wyz过期/vn新闻/n”/wyy。/wj
科技/n的/ude1运用/vn不仅/c是/vshi在/p奥运/n赛场/n上/f，/wd现在/t的/ude1运动员/n也/d是/vshi被/pbei科技/n从头/d武装/v到/v了/ule脚/n，/wd最/d让/v人/n记忆犹新/vl的/ude1就是/d在/p2004年/t悉尼/ns奥运会/n上/f伊恩/nrf?/ww
索普/nrf没有/d像/v其他/rzv男/b选手/n一样/uyy穿着/v泳/vg裤/ng，/wd而是/c以/p一/m身/q与众不同/vl的/ude1连体/n鲨鱼/n皮/n泳衣/n出场/vi，/wd随后/d一举/d夺得/v3/m枚/q金牌/n，/wd使得/vi鲨鱼/n皮/n泳衣/n名/q震/vi泳/vg界/n。/wj
随着/p泳衣/n加入/v的/ude1科技/n含量/n不断/d增加/v，/wd2009年/t7月/t国际/n泳联/n为了/p让/v比赛/vn选手/n之间/f更加/d公平/a的/ude1比赛/vn，/wd决定/v全球/n禁用/vn高科技/n泳衣/n，/wd使得/vi比赛/vn更加/d的/ude1纯粹/an。/wj
泳衣/n的/ude1科技/n不仅/c在/p游泳/vn比赛/vn中/f体现/v出来/vf，/wd现在/t跳水/vn比赛/vn中/f的/ude1泳衣/n同样/d有/vyou不/d小/a的/ude1来头/n，/wd美国队/nt和/cc中国队/nt的/ude1泳衣/n都/d是/vshi由/p李宁/nr公司/n为/p其/rz量/n身/ng打造/v的/ude1。/wj
虽然/c是/vshi同一个/b公司/n的/ude1产品/n，/wd然而/c所/usuo应用/v的/ude1科技/n却/d截然不同/vl。/wj
中国/ns队员/n身材/n娇小/a，/wd他们/rr的/ude1泳衣/n在/p布料/n与/cc布料/n之间/f有/vyou一/m条/q像/v“/wyz排/v水槽/n”/wyy一样/uyy的/ude1缝合/vn沟/n，/wd这个/rz“/wyz排/v水槽/n”/wyy可以/v帮助/v选手/n在/p入/v水/n时/ng达到/v最佳/z的/ude1水花/n效果/n。/wj
而/cc针对/p美国/nsf队员/n爆发力/n强/ng、/wn动作/n幅度/n大/a的/ude1特点/n，/wd在/p泳衣/n的/ude1两侧/f有/vyou特殊/a的/ude1涂层/n，/wd使得/vi泳衣/n更加/d贴身/a，/wd帮助/v控制/vn肌肉/n力量/n的/ude1释放/vn。/wj
谈/v奥运/n科技/n就/d不/d得/ude3不/d提到/v的/ude1是/vshi奥运/n火炬/n的/ude1进化/vn。/wj
奥运/n火炬/n的/ude1传递/vn距/v今/tg已经/d有/vyou2700/m多/m年/qt的/ude1历史/n，/wd但是/c现代/t奥运会/n举行/v火炬/n传递/v是/vshi从/p德国/nsf柏林/nsf举行/v的/ude1第十一/m届/q奥运会/n开始/v的/ude1，/wd由/p此/rzs来/vf开/v了/ule奥运/n火炬/n的/ude1进化史/n。/wj
早期/t的/ude1奥运/n火炬/n多/m是/vshi采用/v钢/n来/vf制作/v，/wd在/p第十一/m届/q柏林/nsf奥运会/n上/f的/ude1奥运/n火炬/n就/d是/vshi通体/n使用/v抛/v过/uguo光/n的/ude1钢材/n打造/v，/wd在/p船体/n过程/n中/f要/v极为/d小心/a，/wd火焰/n会/v有/vyou可能/n熄灭/vn。/wj
然而/c到/v了/ule现在/t，/wd科技/n已经/d发/v达到/v足以/d在/p下/f雨/n、/wn吹风/vn的/ude1恶劣/a天气/n情况/n下/f均/d不/d能/v将/p火焰/n熄灭/vn。/wj
在/p2000年/t的/ude1第二十七/m届/q悉尼/ns奥运会/n中/f，/wd火炬/n首/m次/qv由/p“/wyz蛙人/n”/wyy在/p水下/s传递/v火炬/n，/wd放/v在/p以前/f别/d说/v是/vshi将/p火炬/n放/v在/p水中/s都/d不/d灭/v，/wd就/d是/vshi来/vf一/m场/qv稍/d大/a一点/mq的/ude1鱼/n，/wd火炬/n就/d有/vyou可能/n会/v熄灭/v，/wd而/cc2008年/t在/p北京/ns举行/v的/ude1第二十九/m届/q奥运会/n上/f，/wd奥运/n火炬/n更/d是/vshi抵达/v珠穆朗玛峰/ns。/wj
可以/v说/v现在/t科技/n的/ude1发展/vn已经/d使得/vi奥运/n火炬/n达到/v了/ule上天/n下海/vi都/d能/v保持/v燃烧/v的/ude1状态/n。/wj
在/p伦敦/nsf马上/d要/v开始/v的/ude1第三十/m届/q奥运会/n上/f，/wd笔者/n相信/v会/v有/vyou更/d多/a的/ude1科技/n应用/v于/p赛场/n上/f。/wj
但/c与此同时/c，/wd笔者/n也/d担心/v在/p科技/n发达/a的/ude1今天/t，/wd过于/d注重/v科技/n的/ude1辅助/vn，/wd是否/v会/v让/v运动会/n变成/v一/m场/qv纯粹/a的/ude1科技/n竞赛/vn，/wd从而/c使得/vi运动员/n逐渐/d忽略/v对/p自身/rr的/ude1训练/vn，/wd并/cc丧失/v奥运会/n最终/b的/ude1本质/n。/wj
但/c笔者/n同样/d也/d相信/v，/wd在/p未来/t，/wd科技/n在/p奥运/n中/f的/ude1很多/m合理/ad运用/v，/wd比如/v：/wp帮助/v更加/d准确/a的/ude1评判/vn成绩/n和/cc帮助/v运动员/n更/d好/a的/ude1训练/vn，/wd将/d会/v帮助/v我们/rr欣赏/v到/v更加/d有意思/al，/wd更加/d精彩/a的/ude1人类/n运动/vn顶级/b盛事/n。/wj
我/rr还/d发现/v，/wd雷锋/nr最/d爱/v在/p大/a雨天/n走/v十几/m里/q路/n把/pba又/d饿/v又/d累/a的/ude1母子/n送/v回/v家/q，/wd除了/p把/pba雨衣/n给/p母亲/n而/cc自己/rr抱/v着/uzhe孩子/n一起/s淋/v雨/n也/d不/d怕/v孩子/n病/n了/ule这个/rz不/d专业/n的/ude1细节/n外/f，/wd这/rzv让/v我们/rr明白/v从/p那/rzv时候/n到/p现在/t国家/n一直/d没/d为/v老百姓/n真正/d完善/v了/ule公交/b体系/n。/wj
