认为/v日语/nz学习/v“/wyz太/d简单/a”/wyy。/wj
这/rzv部分/m学生/n通常/d在/p赴/v日/qt前/f日语/nz有/vyou一定/b基础/n，/wd其中/rz有些/rz人/n已/d取得/v相关/vn日语/nz能力/n等级/n证书/n，/wd这/rzv类/q学生/n赴/v日/qt后/f，/wd常常/d错误/a地/ude2认为/v书面/b语法/n以前/f都/d学/v过/uguo，/wd日本/nsf老师/n按部就班/vl教授/n似乎/d是/vshi在/p浪费/v时间/n。/wj
实/ad则/d不然/v。/wj
获取/v相应/vi等级/n证书/n并/cc不/d意味着/v已/d掌握/v了/ule日语/nz，/wd日语/nz达到/v了/ule精通/a。/wj
中国/ns学生/n普遍/ad都/d是/vshi哑巴/n日语/nz，/wd在/p此/rzs建议/v留学生/n在/p就读/vi语言/n学校/n时/ng要/v有/vyou点/n“/wyz耐心/a”/wyy。/wj
攀比/v心理/n作祟/vi。/wj
看/v到/v周围/f的/ude1同学/n都/d升学/vi了/y，/wd如果/c自己/rr还/d呆/v在/p语言/n学校/n会/v觉得/v“/wyz好/a没/v面子/n”/wyy。/wj
升学/vn条件/n不/d成熟/a，/wd执意/d升学/vi的/ude1学生/n往往/d会/v陷入/v名牌/n大学/n“/wyz名落孙山/vl”/wyy，/wd普通/a大学/n“/wyz于/p心/n不甘/v”/wyy的/ude1尴尬/a境地/n。/wj
日本/nsf自/p2008年/t推出/v至/p2010年/t“/wyz接收/v30万/m留学生/n政策/n”/wyy，/wd此后/t近/v两/m年/qt的/ude1时间/n，/wd日本/nsf一直/d围绕/v该/rz留学/vn新政/n开始/v大规模/b接收/vn留学生/n。/wj
但/c在/p实际/n接收/vn留学生/n过程/n中/f，/wd各/rz大学/n却/d遇到/v了/ule诸多/m现实/n问题/n。/wj
其中/rz留学生/n“/wyz日语/nz能力/n不足/an”/wyy成为/v最/d大/a的/ude1问题/n。/wj
据/p日本/nsf相关/vi调查/v显示/v，/wd日本/nsf大学/n（/wkz含/v大学/n院/n）/wky所/usuo接收/v的/ude1留学生/n中/f，/wd有/vyou半数/m以上/f的/ude1学生/n存在/v日语/nz能力/n不足/v或/c严重/ad不足/v问题/n。/wj
日语/nz能力/n不足/v直接/ad影响/v留学生/n对/p专业/n课程/n的/ude1学习/vn，/wd且/c会/v影响/v其/rz对/p日本/nsf文化/n的/ude1理解/vn，/wd进而/c影响/v个人/n整个/b留学/vn价值/n的/ude1实现/vn。/wj
建议/n：/wp选择/v日本/nsf留学/v的/ude1外国/n学生/n最/d好/a能够/v进入/v日本/nsf语言/n培训/vn机关/n（/wkz日语/nz学校/n等/udeng）/wky进行/vx为期/vi1-2/m年/qt的/ude1预备/vn教育/vn过渡/vn。/wj
俄罗斯/nsf百姓/n、/wn特别/d是/vshi遇难/vi官兵/n的/ude1家属/n，/wd急切/ad希望/v自己/rr的/ude1亲人/n得救/vi，/wd他们/rr对于/p普/ag京/b迟迟/d才/d从/p克里米亚/nsf返回/v莫斯科/nsf、/wn对/p普京/nrf拒绝/v外援/n，/wd极为/d反感/v。/wj
普京/nrf了解/v百姓/n的/ude1情绪/n之后/f，/wd马/n上/f加以/vx弥补/vn。/wj
他/rr赶赴/v“/wyz库尔斯克/nsf”/wyy号/q潜艇/n的/ude1营地/n，/wd会见/v遇难/vi官兵/n的/ude1家属/n。/wj
普京/nrf同/p他们/rr的/ude1谈话/vn持续/vi了/ule两/m个/q半/m小时/n，/wd耐心/a地/ude2回答/v了/ule他们/rr的/ude1要求/n和/cc问题/n。/wj
普京/nrf表示/v同意/v接受/v外国/n的/ude1技术/n援助/vn，/wd尽快/d打捞/v“/wyz库尔斯克/nsf”/wyy号/q潜艇/n。/wj
电视台/n在/p现场/s进行/vx转播/vn。/wj
俄罗斯/nsf老百姓/n很快/d就/d扭转/v了/ule对/p普京/nrf的/ude1看法/n。/wj
更为/d难得/a的/ude1是/vshi，/wd普/ag京/b后来/t又/d在/p接受/v电视/n采访/v时/ng，/wd向/p俄罗斯/nsf全国/n人民/n承认/v自己/rr在/p“/wyz库尔斯克/nsf”/wyy号/q潜艇/n事故/n发生/v时/ng拒绝/v外国/n援助/vn的/ude1错误/n。/wj
长期以来/dl，/wd苏联/ns领导人/n从/p无/v当众/d检查/v自己/rr错误/n，/wd普京/nrf的/ude1行动/vn打破/v了/ule“/wyz惯例/n”/wyy。/wj
于是/cc，/wd普京/nrf不仅/c得到/v了/ule俄罗斯/nsf人民/n的/ude1谅解/vn，/wd而且/c反而/d受到/v称赞/v，/wd他/rr也/d就/d从/p“/wyz失/v分/v”/wyy到/v“/wyz得分/n”/wyy。/wj
普/ag京/b言语/n不/d多/a，/wd不/d爱/v许愿/vi，/wd而是/c着重/v于/p采取/v实际/a措施/n。/wj
他/rr办事/vi果断/a。/wj
普京/nrf上台/vi之后/f，/wd赢得/v了/ule三/m方面/n的/ude1胜利/vn：/wp一/m是/vshi实现/v了/ule俄罗斯/nsf国内/s的/ude1稳定/an。/wj
普京/nrf打击/v了/ule各种/rz黑/a势力/n，/wd使/v治安/n形势/n明显/ad好转/vi。/wj
他/rr也/d使/v俄罗斯/nsf的/ude1八十九/m个/q联邦/n日趋/d团结/a，/wd减少/v了/ule离心/b倾向/n。/wj
二/m是/vshi在/p外交/n上/f逐渐/d恢复/v了/ule俄罗斯/nsf的/ude1大国/n地位/n，/wd推行/v多极/n外交/n、/wn东西方/n平/a外交/n，/wd加强/v了/ule俄罗斯/nsf在/p国际/n上/f的/ude1影响力/n。/wj
三/m是/vshi经济/n好转/vi——/wp这/rzv是/vshi实现/v国内/s稳定/an、/wn外交/n胜利/vi的/ude1基础/n。/wj
普京/nrf为/p俄/b经济/n明确/v了/ule四/m个/q基本/a方向/n：/wp加强/v国家/n对/p经济/n的/ude1宏观/n调控/vn，/wd循序渐进/vl地/ude2实现/v经济/n改革/vn；/wf优先/vd发展/v高/a科技/n及/cc科技/n密集型/b产业/n，/wd国民经济/n中/f的/ude1战略性/n企业/n将/d维持/v国有制/n或/c由/p国家/n控股/vi；/wf改革/vn社会/n福利/n体制/n，/wd严格/ad控制/v外汇/n流出/v；/wf摈弃/v重/a金融/n、/wn轻/a生产/vn的/ude1不良/a倾向/n，/wd制定/v化工/n、/wn汽车/n、/wn轻工业/n和/cc高/a科技/n等/udeng领域/n的/ude1中长期/n发展/vn规划/n，/wd运用/v海关/n手段/n保护/v本国/rzs生产者/n和/cc市场/n。/wj
这样/rzv，/wd俄罗斯/nsf的/ude1经济/n状况/n开始/v好转/vi。/wj
2000年/t俄罗斯/nsf国民/n生产总值/n增长/v7./m6%/m，/wd国家/n财政/n从/p连年/b赤字/n首/m次/qv转为/v盈余/n，/wd当年/t底/f国家杜马/nz通过/v了/ule独立/a以来/f的/ude1第一/m个/q无/v赤字/n预算/n。/wj
等/v我/rr明白/v这/rzv一点/mq，/wd已/d做/v群众/n演员/n很/d多/m年/qt，/wd我/rr还/d明白/v自己/rr永远/d假装/v不成/v围观/vi，/wd名字/n跟/p其他/rzv亿万/m名字/n都/d沙/nr1粒/ng般/uyy写/v在/p剧本/n上/f，/wd无论/c愿/v不/d愿意/v都/d被/pbei它/rr左右/m命运/n，/wd哪怕/c只/d是/vshi某个/rz部门/n换/v个/q领导/n也/d意味着/v涨/vi油价/n调/v个/q税/n地上/s50年/t地下/s20/m年/qt加/v起来/vf你/rr就/d是/vshi人生/n复式/b楼/n荣誉/n业主/n，/wd一切/rz只/d在/p拍/v脑门/n之间/f，/wd你/rr就/p蒙太奇/n。/wj
后来/t我/rr去/vf了/ule成都/ns。/wj
有/vyou段/q时间/n离/v我/rr家乡/n很/d近/a的/ude1一个/mq城市/n很/d流行/v不许/d在/p夜总会/n唱歌/vi，/wd却/d必须/d在/p大街/n上/f唱歌/vi，/wd2009年/t我/rr远离/v足球/n回归/v写作/vn，/wd去/vf到/v那里/rzs，/wd过去/t的/ude1同行/n正在/d对/p着/uzhe手机/n上/f记/v歌词/n，/wd我/rr以为/v他们/rr不/d信/v，/wd交谈/vi后/f发现/v他/rr们/k有时/d还/d真/a信/n，/wd虽/c不/d信/v唱歌/vi治/v精神病/n，/wd但/c信/n可/v让/v球队/n士气/n有所/v增进/v，/wd说/v城市/n有/vyou安全感/n了/y，/wd街道/n干净/a了/y，/wd贪官/n少/a了/y…/ws
…/ws
虽然/c对应/vi的/ude1事实/n是/vshi人/n心/n更/d没/v安全感/n，/wd密室/n更/d肮脏/a，/wd贪官/n数量/n少/v了/ule可/v级别/n提高/v了/y。/wj
所有/b报纸/n的/ude1头版/n都/d在/p刊登/v唱歌/vi，/wd晃/v一眼/d会/v以为/v是/vshi超女/nz会刊/n，/wd定/v力/n稍/d差/a就/d穿越/v回/v太行山/ns。/wj
我/rr将信将疑/vl，/wd可/c离开/v那/rzv座/q城市/n不久/m，/wd得到/v消息/n：/wp会/v唱歌/vi的/ude1球队/n，/wd降级/vi了/y。/wj
人民/n是/vshi不/d需要/v主义/n的/ude1，/wd人民/n只/d需要/v谁/ry赢/v跟/v谁/ry走/v，/wd打开/v最近/t的/ude1报纸/n一切/rz像/v从未/d发生/v，/wd整/m座/q城/n坚决/ad支持/v正确/ad决定/v，/wd我们/rr的/ude1报纸/n每天/r都/d很/d正确/a，/wd只是/c不/d方便/v看/v合订本/n。/wj
但/c群众/n演员/n一如既往/vl地/ude2忙/v，/wd每个/r郝/nr1大头/n都/d在/p热烈/ad庆祝/v拨乱反正/vl。/wj
我/rr曾经/d说/v过/uguo其实/d并/d没/v那么/rz多/m拨乱反正/vl，/wd很多/m时候/n只是/c庙街/ns对/p后/f街/n的/ude1战胜/v，/wd是/vshiA/x对/pB/x的/ude1肃清/v，/wd它/rr是/vshi家事/n不/d是/vshi国事/n，/wd更/d不/d是/vshi国是/n…/ws
…/ws
但/c我/rr听到/v最新/a的/ude1一个/mq故事/n：/wp一个/mq新加坡人/nz药/n了/ule一个/mq英国/ns人/n，/wd一个/mq中国/ns人/n跑/v美国/nsf人/n那儿/rzs报案/vi，/wd一/m群/q外国人/n家属/n把/pba一个/mq在/p牛津/ns读书/vi的/ude1孩儿/n他/rr爸/n逮/v起来/vf了/ule——/wp这/rzv是/vshi在/p中国/ns发生/v的/ude1没有/v中国/ns人/n参与/v的/ude1谋杀案/n。/wj
所以/c，/wd我们/rr这些/rz中/b国籍/n群众/n演员/n没什么/vl可/v义愤填膺/vl的/ude1。/wj
