不过/c，/wd圣彼得堡/nsf的/ude1朋友/n说/v，/wd第三/m条/q原因/n只/d是/vshi大家/rr的/ude1猜测/vn，/wd前/f两/m条/q原因/n则/c确/d确实/ad实/a。/wj
我/rr发现/v，/wd俄罗斯/nsf人/n喜欢/vi普京/nrf的/ude1人/n比/p喜欢/vi叶利钦/nrf的/ude1人/n多/a得/ude3多/a。/wj
俄罗斯/nsf人/n喜欢/vi调侃/v。/wj
他们/rr随口/d而/cc说/v的/ude1一/m句/q话/n，/wd听/v上去/vf虽然/c显得/v有点/d绝对/a，/wd却/d令/v我/rr“/wyz过/vf耳/n难忘/v”/wyy：/wp“/wyz叶利钦/nrf一辈子/mq干/v过/uguo的/ude1唯一/b好事/n，/wd就是/d选择/v了/ule普京/nrf！/wt
”/wyy确实/a，/wd1999年/t8月/t9日/t，/wd当/p俄罗斯/nsf总统/n叶利钦/nrf任命/v为/p四十七/m岁/qt的/ude1普京/nrf为/p代总理/n时/ng，/wd俄罗斯/nsf人/n曾经/d大跌/v眼镜/n，/wd因为/p当时/t大多数/m俄罗斯/nsf人/n还/d不/d知道/v普京/nrf是/vshi谁/ry！/wt
人们/n对/p这个/rz知名度/n甚/dg差/a的/ude1年轻人/n并/cc不/d看/v好/a，/wd因为/c就/d在/p两/m个/q多/a月/n前/f，/wd叶利钦/nrf任命/v了/ule年轻/a的/ude1斯捷帕申/nrf为/p总理/n。/wj
斯捷帕申/nrf连/ulian总理/n的/ude1椅子/n都/d还/d没有/d坐/v热/a，/wd就/d被/pbei叶利钦/nrf赶/v下/vf了/ule台/q。/wj
须知/n，/wd叶利钦/nrf已经/d高/a频率/n地/ude2更换/v了/ule六/m任/qv总理/n，/wd普京/nrf是/vshi第七/m任/v了/y。/wj
谁/ry知道/v这个/rz“/wyz无名小卒/nl”/wyy能/v在/p总理/n的/ude1宝座/n上/f坐/v几/m天/qt？/ww
叶利钦/nrf不顾/v人们/n对于/p普京/nr2的/ude1冷淡/a反应/vn，/wd在/p一个/mq星期/n之后/f——/wp1999年/t8月/t16日/t，/wd又/d进一步/d正式/ad任命/v普京/nrf为/p总理/n。/wj
叶利钦/nrf的/ude1惊人之举/nl还/d不/d止/v于/p此/rzs。/wj
在/p新/a旧/a世纪/n交替/vi之际/f，/wd1999年/t12月/t31日/t中午/t，/wd叶利钦/nrf突然/ad发表/v电视/n讲话/vi，/wd宣布/v辞去/v总统/n职位/n！/wt
叶利钦/nrf一/m开头/n就/d这么/rz说道/v：/wp“/wyz亲爱/a的/ude1全国/n同胞/n，/wd今天/t是/vshi我/rr最后/f一/m次/qv向/p大家/rr恭贺/v新年/t。/wj
不仅如此/bl，/wd今天/t也/d是/vshi我/rr最后/f一/m次/qv以/p俄罗斯/nsf总统/n的/ude1身份/n跟/p大家/rr讲话/vi。/wj
经过/p深思熟虑/nl后/f，/wd我/rr已经/d做出/v决定/v，/wd就/d在/p今天/t，/wd本世纪/t的/ude1最后/f一/m天/qt我/rr要/v引退/vi了/y。/wj
”/wyy我/rr觉得/v周美青/nr握手/vi遭/v拒/vg和/cc铁道部/nt长/v爽朗/a问候/vn。/wj
其实/d都/d是/vshi在/p演戏/vi，/wd可是/c这/rzv戏/n和/cc那/rzv戏/n，/wd在/p演技/n上/f还是/d有/vyou高/a下/f的/ude1，/wd更/d重要/a的/ude1，/wd那边/rzs的/ude1戏/n，/wd所有/b人/n都/d有/vyou权/n成为/v演员/n，/wd有/vyou权/n决定/v这/rzv出/vf戏/n，/wd可以/v临时/d改/v剧本/n、/wn骂/v导演/n，/wd视/vg自己/rr才/d是/vshi万千/m人/n中/b真正/b的/ude1主演/n；/wf这/rzv边/k的/ude1戏/n，/wd售票/vn大厅/n数千/m群众/n跟/p售票/vn栏杆/n一样/uyy，/wd不过/c是/vshi麻木/a的/ude1道具/n，/wd修炼/v到/v最后/f，/wd不过/c跟/p60年/t不/d变/v的/ude1肉体/n投票/vi机/ng申纪兰/nr老太太/n一样/uyy，/wd成为/v一具具/m呆/v若/dg木/a鸡/n围观/vi的/ude1传奇/n。/wj
或/c如/v网友/n调侃/vn，/wd台湾/ns同胞/n自豪/a地/ude2宣称/v他/rr早上/t投票/vi晚上/t就/d知道/v结果/n，/wd大陆/n同志/n更/d自豪/a地/ude2断言/v，/wd我/rr明早/t投票/vi，/wd今晚/t就/d知道/v谁/ry会/v当选/v。/wj
这种/r自豪/a真/d没出息/a，/wd怪不得/d这里/rzs流行/v穿越/v剧/n。/wj
民主/an并/cc不/d高尚/a，/wd民主/an就/d是/vshi有/vyou权/n亲自/d演戏/vi，/wd而/cc不/d是/vshi充当/v道具/n。/wj
我/rr即时/d看/v着/uzhe票数/n依次/d上涨/vi，/wd政治/n不/d正确/a中/f竟/d有/vyou一/m股/q正确/a的/ude1爱国/a热情/an，/wd不知/v大家/rr有/vyou没/d有/vyou这样/rzv一/m种/q很/d临床/v的/ude1代/vd入/v感/vg…/ws
…/ws
总之/c，/wd台湾/ns选举/v是/vshi我/rr看/v过/uguo最/d好/a玩/v的/ude1台/b剧/n，/wd那儿/rzs一千八百万/m主演/n，/wd无论/c选择/v对/p错/v都/d全力/d出演/v；/wf这边/rzs十三亿/m人/n，/wd却/d装/v了/ule好久/m正确/a的/ude1道具/n。/wj
我/rr谈/v的/ude1是/vshi一个/mq华语/nz戏剧/n史/ng上/f最/d多/a主演/n的/ude1娱乐/vn话题/n——/wp民主/an就/d是/vshi有/vyou权/n出演/v眼前/s戏/n。/wj
*/w李承鹏/nr博客/nz*/w榜样/n的/ude1力量/n(/wkz2012-02-2919:33:16/m)/wky§/m又/d到/v了/ule学/v雷锋/nr的/ude1时候/n，/wd我们/rr走/v上/vf街头/s寻找/v好人好事/nl，/wd在/p路口/n发现/v一/m白发苍苍/vl的/ude1老头/n正/d颤/vi微微/d地/ude2柱/n着/uzhe拐杖/n，/wd车水马龙/vl，/wd大家/rr涌/v上/f前/f七手八脚/dl地/ude2把/pba他/rr搀扶/v过/uguo街/n，/wd大爷/n激动/a地/ude2想/v说/v什么/ry，/wd均/d被/pbei我们/rr打断/v——/wp“/wyz做/v好人好事/nl是/vshi我们/rr应该/v的/ude1”/wyy。/wj
到/v了/ule街/n那边/rzs，/wd大爷/n喘/v着/uzhe气/n用/p拐/v指/v着/uzhe我们/rr骂/v：/wp小/a兔崽子/n们/k，/wd我/rr好容易/d过/vf了/ule街/n就/d被/pbei你们/rr弄/v到/v这边/rzs来/f，/wd好容易/d过/vf了/ule街/n又/d被/pbei弄/v过来/vf，/wd今儿/t都/d第四/m回/qv了/y，/wd还/d让/v不/d让/v我/rr回/v家/q。/wj
我/rr不/d觉得/v这/rzv是/vshi个/q笑话/n。/wj
小时候/t谁/ry没/d拎/v过/uguo一/m桶/q脏/a水/n，/wd把/pba环卫/n工人/n其实/d已/d擦/v干净/a了/ule的/ude1栏杆/n再/d擦/v一/m遍/qv。/wj
我/rr还/d把/pba我/rr妈/n给/u的/ude1零花钱/n假装/v路/n上/f捡/v的/ude1交/ng到/v班主任/n那里/rzs，/wd从而/c成功/ad登/v上/vf了/ule当/v期/qv好人好事/nl榜/n。/wj
内心/n里/f我/rr觉得/v一个/mq国家/n是/vshi需要/v道德/n的/ude1，/wd特别/d是/vshi小/a女孩/n被/pbei反复/d辗/w压/v而/cc十八/m路人/n漠然视之/nl的/ude1时候/n。/wj
其实/d雷锋/nr精神/n就/d是/vshi古今中外/nl都/d认可/vi的/ude1利/n他/rr精神/n。/wj
我/rr也/d觉得/v一个/mq时代/n可以/v有/vyou道德/n模范/n，/wd雷锋/nr是/vshi个/q好人/n，/wd一个/mq苦/a孩子/n，/wd急/v人/n之/uzhi所/usuo急/v，/wd恻隐之心/nl再/d加/v光荣/a之/uzhi心/n，/wd从/p个人/n的/ude1社会/n角色/n扮演/v也/d没什么/vl可/v指责/v的/ude1。/wj
可是/c，/wd一个/mq国家/n主张/v什么/ry榜样/n，/wd就/d暗示/v它/rr的/ude1方向/n；/wf一个/mq政权/n去/vf主张/v榜样/n，/wd表明/v它/rr的/ude1气/n场/qv。/wj
我们/rr明白/v榜样/n的/ude1力量/n，/wd却/d不/d明白/v什么样/ryv的/ude1榜样/n才/d最/d有/vyou力量/n。/wj
我/rr仔细/ad研究/v了/ule雷锋/nr的/ude1事迹/n，/wd他/rr很/d爱/v把/pba自己/rr的/ude1馒头/n或/c面包/n送给/v从/p早上/t就/d没/d吃/v饭/n的/ude1群众/n吃/v，/wd我/rr就/d奇怪/v怎/ryv会/v有/vyou这么/rz多/a没/d养成/v早饭/n好/a习惯/n的/ude1群众/n，/wd后来/t才/d知道/v那/rzv正/d处在/v1960/m至/p1962年/t间/f是/vshi大/a饥荒/n时代/n，/wd中国/ns饿/v死/v了/ule千万/m人/n。/wj
我/rr发现/v雷锋/nr很/d爱/v把/pba部队/n的/ude1线衣/n、/wn棉裤/n脱/v给/v在/p雪/n天/qt里/f冷/a得/ude3发抖/vi的/ude1群众/n，/wd这/rzv证明/v，/wd虽然/c那时/rzt的/ude1人民日报/nz天天/n宣传/vn人民/n已/d丰衣足食/vl，/wd实际/a情况/n并非/v这样/rzv。/wj
我/rr也/d发现/v雷锋/nr常/d带/v着/uzhe战友/n们/k去/vf瓢/n儿/k屯/v车站/n帮忙/vi打扫/v卫生/an、/wn送/v茶/ng送/v水/n，/wd特别/d每逢/v年节/n这里/rzs就/d人山人海/nl，/wd这/rzv表明/v多少/ry年/qt来/f我们/rr一直/d没/d解决/v春运/n的/ude1问题/n。/wj
4./m伦敦/nsf奥运/n还/d未/d开始/v，/wd但/c媒体/n的/ude1聚焦/vn灯/n就/d已经/d不/d停/vi在/p其/rz身边/s闪烁/v。/wj
从/p挖掘/v奥运会/n明星/n运动员/n神秘/a的/ude1“/wyz运动/n餐/ng”/wyy再/d到/v时隔/v4/m年/qt之后/f全球/n顶尖/b科技/n变化/vn为/p运动会/n带来/v的/ude1全新/b元素/n，/wd再/d到/v那些/rz伴随/v我们/rr成长/vi记录/v每个/r时代/n奥运/n故事/n的/ude1电影/n，/wd这些/rz有趣/a的/ude1话题/n就/d像/v是/vshi一笔笔/m浓/a墨/n的/ude1画笔/n，/wd用/v五颜六色/bl的/ude1颜料/n和/cc独特/a的/ude1手法/n，/wd为/p我们/rr勾勒/v出/vf除去/v运动/n拼搏/vi、/wn比分/n赛事/n、/wn及时/a战报/n之后/f，/wd另/rz一个/mq更为/d亲切/a、/wn真实/a、/wn神秘/a、/wn有趣/a的/ude1奥运/n盛事/n，/wd让/v我们/rr每/rz一个/mq人/n都/d能/v一/m品/q奥运/n味道/n。/wj
