依照/p英国/ns人/n的/ude1收入/n跟/p物价/n相比/vi，/wd这种/r“/wyz相对/d比较/d”/wyy的/ude1结果/n，/wd就/d没有/v跟/p中国/ns物价/n进行/vx比价/n那样/rzv一/m种/q昂贵/a的/ude1感觉/n。/wj
值得/v提到/v的/ude1是/vshi，/wd英国/ns实行/v的/ude1是/vshi周薪/n制/k，/wd即/v每/rz星期/n发/v一/m次/qv工资/n。/wj
英国/ns人/n往往/d钱/n一/d到/v手/n就/d花/v，/wd不/d像/p中国/ns人/n那样/rzv喜欢/vi存/v钱/n。/wj
还/d应当/v提到/v的/ude1是/vshi，/wd英国/ns是/vshi最/d早/ad实行/v公共/b保健/n、/wn社会/n保险/n等/udeng福利/n制度/n的/ude1西方/s国家/n。/wj
英国/ns国民/n的/ude1福利/n待遇/n相当/d好/a。/wj
正/d因为/p这样/rzv，/wd在/p英国/ns我/rr只/d看见/v街头/s的/ude1卖艺/vi者/k，/wd没有/d看见/v伸手/vi讨/v钱/n的/ude1乞丐/n。/wj
不过/c，/wd英国/ns这/rzv几/m年/qt通货膨胀/vl相当/d严重/a。/wj
英国/ns2011年/t1月/t的/ude1通货膨胀率/n达到/v4%/m，/wd比/p政府/n维持/v通货膨胀率/n在/p2%/m的/ude1目标/n高/a出/vf一/m倍/q。/wj
英国/ns人/n工资/n的/ude1增长率/n赶/v不/d上/vf通货膨胀率/n，/wd所以/c英国/ns民众/n抱怨/vd说/v，/wd他们/rr的/ude1生活/vn的/ude1幸福感/n每年/r都/d在/p“/wyz缩水/vi”/wyy！/wt
有人/r一定/d会/v说/v，/wd我/rr也/d知道/v选举/v制/k更/d公平/a，/wd可是/c一/d选举/v，/wd多/d乱/a呀/y。/wj
是的/vl，/wd别人/rr是/vshi乱哄哄/z选举/v，/wd太太/n平平/z生活/vn；/wf我们/rr是/vshi太太/n平平/z开会/vi，/wd乱哄哄/z生活/vn。/wj
肯定/v又/d有/vyou朋友/n举例/vi，/wd你/rr看/v陈水扁/nr多/ad贪/v，/wd总统/n都/d敢/v这么/rz贪/v，/wd可见/v民主/an不见得/d是/vshi个/q好/a东西/n。/wj
可是/c我/rr想/v尝试/v另/rz一个/mq句式/n，/wd看/v，/wd那儿/rzs连/v总统/n贪/v了/ule都/d敢/v抓/v出/vf来/vf，/wd祭/v个/q母/ng都/d得/ude3严格/a审批/vn，/wd这儿/rzs连/v个/q局长/n的/ude1财产/n都/d不/d敢/v公/ng示/vg，/wd监狱/n里/f伙食/n还/d享受/v正/b局级/b，/wd可见/v民主/an是/vshi个/q最/d不/d坏/a的/ude1东西/n。/wj
上面/f一些/mq话本/n要/v写/v在/p民主/a系列/q文章/n的/ude1《/wkz民主/an就/d是/vshi不/d万能/b》/wky里/f，/wd我/rr觉得/v万能/b的/ude1放之四海而皆准/vl的/ude1东西/n，/wd往往/d是/vshi可疑/a的/ude1（/wkz例子/n自己/rr举/v）/wky。/wj
素质/n低/a和/cc要/v乱套/vi，/wd都/d是/vshi自己/rr吓唬/v自己/rr，/wd是/vshi借口/n——/wp走/v大街/n上/f，/wd你/rr要/v是/vshi对/p谁/ry说/v：/wp你/rr素质/n真/d低/a。/wj
他/rr很/d可能/v上/f来/vf抽/v你/rr；/wf你/rr劝/v他/rr搞/v民主/an，/wd他/rr却/d一/m脸/n真诚/ad承认/v：/wp算/v了/y，/wd我/rr素质/n真/d低/a。/wj
你/rr要/v是/vshi在/p网上/s写/v条/q微/ag博/ag，/wd要/v大/a乱/a了/y。/wj
一会儿/mq就/d有/vyou警察/n找/v你/rr。/wj
可是/c谈/v起/vf选举/v，/wd你/rr说/v一/m选/v就/d天/qt下/f大/d乱/a。/wj
居委会/n大妈/n都/d会/v表扬/v你/rr成熟/a了/y。/wj
至于/p时机/n问题/n，/wd我/rr觉得/v跟/p永远/d摸/v石头/n而/cc不/d过/uguo河/n是/vshi同一个/b问题/n。/wj
有/vyou朋友/n很/d现实主义/n地/ude2解释/v：/wp我/rr现在/t不/d能/v将军/n，/wd就/d选择/v拱/v卒/ng。/wj
可/v我/rr觉得/v这/rzv不/d是/vshi拱/v卒/ng，/wd是/vshi自己/rr在/p别/d自己/rr的/ude1马/nr1腿/n。/wj
民主/an又/d不/d是/vshi搞/v起义/vi，/wd约定/v凌晨/t零时/t一起/s动手/vi，/wd没/d那么/c肃/vg杀/v，/wd也/d不必/d等/v两三/m年/qt后/f，/wd民主/an就/d是/vshi当下/d践/vg行/ng，/wd甚至/c你/rr可以/v把/pba它/rr成/v一/m种/q必须/d的/ude1娱乐/vn话题/n。/wj
台湾/ns选举/v给/p这儿/rzs做/v了/ule一个/mq很/d好/a的/ude1示范/vn，/wd这/rzv几/m天/qt微/ag博/ag上/f的/ude1台湾/ns艺人/n普遍/ad热心/ad关注/v选举/vn，/wd林青霞/nr、/wn黑人/n建/v洲/ng坐/v着/uzhe红眼/v航班/n享受/v自己/rr的/ude1权利/n，/wd凤凰/n主/ag播/v竹幼婷/nr发/v博/vg“/wyz回去/v首/m件/q事/n，/wd投票/vi”/wyy，/wd王力宏/nr、/wn大/aS/x都/d在/p微/ag博/ag上/f点评/v一/m还/d是/vshi二/m的/ude1声/qv线/n好/a，/wd谁/ry出/vf专辑/n空间/n会/v更/d好/a。/wj
要/v知道/v，/wd在/p世界/n范围/n内/f，/wd这/rzv都/d是/vshi显示/v大/a牌/n艺人/n气质/n的/ude1好/a时机/n，/wd并/cc不/d是/vshi组织/n上/f侦察/v你/rr是否/v有/vyou二/m心/n的/ude1坏/a时机/n，/wd也/d不/d是/vshi代/v言/vg多少/ry化妆品/n可以/v替代/v的/ude1；/wf可/v这/rzv边/k的/ude1演员/n娱乐/vn精神/n不/d够/v好/a，/wd还/d把/pba那边/rzs当/v敌占区/n，/wd那/rzv点/qt小/a心思/n不/d是/vshi琢磨/v着/uzhe怎么/ryv上/vf春/tg晚/tg，/wd就是/d假装/v微/ag博/ag里/f转发/v着/uzhe一/m分钟/qt转运/vn佛/n。/wj
其实/d你/rr自己/rr才/d是/vshi自己/rr最/d大/a一/m尊/q转运/vn佛/n。/wj
所以/c金陵/ns十三/m钗/ng永远/d得/ude3不/d了/ule奥斯卡奖/nz。/wj
另外/c，/wd参选/v的/ude1那/rzv几/m位/q可/v都/d是/vshi当今/t华语/nz地区/n最/d好/a的/ude1演员/n，/wd为什么/ryv不/d观摩/v一下/mq政客/n心机/n和/cc演技/n，/wd否则/c，/wd你/rr永远/d只/d能/v演/v女/b地下/s党员/n，/wd演/v不/d了/ule昂山素季/nrf。/wj
民主/ad离/v你/rr并/d不/d远/a，/wd就是/v你/rr的/ude1眼前/s戏/n，/wd只/d看/v你/rr愿/v不/d愿意/v入/v戏/n。/wj
其实/d我/rr没/d把/pba民主/ad当/v政治/n而是/c当/p戏/n来/vf看/v的/ude1，/wd那些/rz阿/b公/b打/v麻将/n时/ng手/n都/d发抖/vi了/y，/wd还/d坚持/v写/v下/vf自己/rr名字/n，/wd还有/v个/q可能/n投/v了/ule绿/a营/n的/ude1阿婆/n经过/p马英/nr九时/t眼神/n流露/v出/vf淡然/z，/wd多/d有/vyou镜头/n感/vg。/wj
更/d好/a的/ude1例子/n：/wp马英九/nr夫人/n周美青/nr，/wd拜/v票/n招牌/n动作/n是/vshi九十/m度/qv鞠躬/vi加/v握手/vi，/wd到/p后来/t全身/n哪/ry都/d不/d突出/a只/d剩/v椎间盘/n突出/a，/wd可/v还是/c坚持/v。/wj
那天/r来到/v菜市场/n，/wd伸/v出/vf手/n想/v握/v一个/mq糙/a哥/n，/wd哥/n却/d不屑/v地/ude2说/v“/wyz你/rr凭/p什么/ry握/v我/rr的/ude1手/n，/wd我/rr的/ude1手/n那么/rz高贵/a，/wd我/rr不/d跟/p你/rr握/v”/wyy，/wd扭头/vi离去/vi，/wd周美青/nr仍/d满脸/d笑容/n，/wd九十/m度/qv深深/d鞠/vg下去/vf。/wj
差不多/al同/p一时间/t，/wd我们/rr这儿/rzs的/ude1铁道部/nt官员/n来到/v售票/vn大厅/n，/wd面对/v数千/m买/v不/d到/v票/n的/ude1群众/n爽朗/a地/ude2问/v：/wp你们/rr的/ude1票/n都/d买/v到/v了/ule吧/y。/wj
群众/n干瘪/a地/ude2笑/v且/c鼓掌/vi。/wj
3./m很多/m人/n把/pba冰箱/n当成/v了/ule家里/s的/ude1“/wyz食品/n消毒/vi柜/ng”/wyy，/wd认为/v贮存/v在/p冰箱/n里/f的/ude1食品/n就/d是/vshi卫生/an的/ude1。/wj
其实/d，/wd冰箱/n因/c长期/d存放/v食品/n又/d不/d经常/d清洗/v，/wd会/v滋生/v出/vf许多/m细菌/n。/wj
美国/nsf佐治亚/nrf大学/n食品/n安全/an中心/n主任/n麦克洱/nr。/wj
柯南道尔/nrf博士/n建议/n，/wd冰箱/n里/f的/ude1食物/n虽然/c外表/n看/v起来/vf还/d新鲜/a，/wd但是/c实际上/d已经/d变质/vi。/wj
对于/p熟/a肉类/n食物/n在/p冰箱/n中/f的/ude1储存/vn时间/n不/d应该/v超过/v4/m天/qt。/wj
冰箱/n保存/v食物/n的/ude1常用/a冷藏/vn温度/n是/vshi4/m℃/q至/p8/m℃/q，/wd在/p这种/r环境/n下/f，/wd绝大多数/m的/ude1细菌/n生长/vn速度/n放慢/v。/wj
但/c有些/rz细菌/n却/d嗜/vg冷/a，/wd如/v耶尔森/nrf菌/n、/wn李斯特/nrf氏/ng菌/n等/udeng在/p这种/r温度/n下/f反而/d能/v迅速/ad增长/v繁殖/vn，/wd如果/c食用/v感染/v了/ule这/rzv类/q细菌/n的/ude1食品/n，/wd就/d会/v引起/v肠道/n疾病/n。/wj
而/cc冰箱/n的/ude1冷冻箱/n里/f，/wd温度/n一般/uyy在/p零下/s18/m℃/q左右/m，/wd在/p这种/r温度/n下/f，/wd一般/a细菌/n都/d会/v被/pbei抑制/v或/c杀死/v，/wd所以/c这/rzv里面/f存放/v食品/n具有/v更/d好/a的/ude1保鲜/vn作用/n。/wj
但/c冷冻/v并/cc不/d等于/v能/v完全/ad杀菌/vi，/wd仍/d有/vyou些/q抗/v冻/v能力/n较/d强/a的/ude1细菌/n会/v存活/vi下来/vf。/wj
