韩国/nsf人/n极/d重视/v养生/vi，/wd除了/p日常/b健身/vn和/cc控制/v进食/vi过多/a脂肪/n外/f，/wd还/d有/vyou吃/v参/vg养生/vi的/ude1习惯/n，/wd酒店/n里/f免费/vd配送/v的/ude1袋装/b饮品/n便/d有/vyou参/n茶/n颗粒/n。/wj
最/d受/v欢迎/v的/ude1养生/vn汤/n则/d是/vshi参/vg鸡汤/n，/wd尤其/d在/p夏天/t，/wd不少/m人/n会/v排/v着/uzhe长/a队/n购买/v。/wj
这/rzv跟/p中国/ns的/ude1进/vf补/v传统/n很/d不同/a，/wd中国/ns人/n讲究/v秋/tg冬/tg进/vf补/v，/wd是/vshi驱寒/vi生/v暖/a之/uzhi意/ng。/wj
韩国/nsf人/n却/d认为/v夏天/t更/d该/v进/vf补/v，/wd以/p补充/v炎炎/z夏日/n的/ude1强/a体力/n消耗/vn。/wj
各国/rzs文化/n不同/a，/wd习惯/n上/f难免/v有/vyou差异/n。/wj
但/c在/p饮食/n习惯/n的/ude1问题/n上/f，/wd却/d值得/v大家/rr普遍/ad思考/v，/wd最近/t英国/ns皇家/n学会/v公布/v的/ude1一/m项/q最新/a研究/vn称/v，/wd每天/r只/d吃/v六/m成/q饱/a，/wd可以/v多/ad活/v二十/m年/qt。/wj
不论/c是/vshi不/d是/vshi真/d有/vyou那么/rz惊人/a，/wd但/c控制/v营养/n的/ude1过度/vd摄入/v，/wd已经/d成为/v城市/n人/n的/ude1共同/b命题/n。/wj
尤其/d是/vshi那些/rz爱/v漂亮/a的/ude1女人/n们/k，/wd让/v漂亮/a更/d久/a一点/mq的/ude1保持/v下去/vf也/d不/d是/vshi不/d可能/v，/wd因为/c美丽/a也/d是/vshi靠/p吃/v出来/vf的/ude1。/wj
记得/v曾经/d有/vyou人/n说/v，/wd美丽/a的/ude1女人/n要/v管/v好/a自己/rr的/ude1两/m张/q嘴/n，/wd吃/v东西/n的/ude1嘴/n和/cc说闲话/vl的/ude1嘴/n。/wj
前者/rzv是/vshi让/v女人/n保持/v轻盈/a的/ude1身/ng态/ng，/wd后者/rzv是/vshi让/v女人/n保持/v优雅/a的/ude1仪态/n。/wj
优雅/a，/wd也许/d是/vshi需要/v智慧/n和/cc阅历/n的/ude1积淀/vn。/wj
但/c身姿/n上/f的/ude1轻盈/a，/wd却/d是/vshi可以/v通过/p生活/vn的/ude1自律/vn性/n而/cc达到/v、/wn并且/c维持/v下来/vf的/ude1。/wj
Blog/x方舟/n子/ng你/rr乐意/v为/p下一代/n设计/vn基因/n吗/y？/ww
(/wkz2012-05-0212:22:191997/m年/qt科幻/n片/q《/wkzGattaca/x》/wky（/wkz国内/s怪异/a地/ude2翻译/v成/v《/wkz变种/n异/ag煞/v》/wky或/c《/wkz千钧一发/bl》/wky）/wky上映/v时/ng，/wd我/rr还/d在/p美国/nsf研究/vn分子/n遗传学/n。/wj
这部/r电影/n讲述/v了/ule一个/mq和/p我/rr的/ude1专业/n有些/rz关系/n的/ude1故事/n。/wj
在/p“/wyz不/d太/d遥远/a的/ude1未来/t”/wyy，/wd人们/n在/p计划/n生/v小孩/n之前/f都/d要/v由/p遗传学/n家/n来/vf控制/v，/wd人为/d地/ude2设计/v、/wn操纵/v，/wd只/d选择/v父母/n喜欢/vi的/ude1最/d好/a的/ude1基因/n遗传/vi给/p后代/n，/wd生/v下/vf完美/a的/ude1“/wyz合格/vi人/n”/wyy。/wj
而/cc那些/rz自然/n怀孕/vi的/ude1人/n因/c难免/v有/vyou各种/rz缺陷/n，/wd被/pbei称为/v“/wyz瑕疵/n人/n”/wyy，/wd只/d能/v从事/vi当/p清洁工/n等/udeng“/wyz下/f等/v”/wyy工作/vn。/wj
一个/mq“/wyz瑕疵/n人/n”/wyy为了/p实现/v当/p宇航员/n的/ude1梦想/n，/wd买/v下/vf了/ule一个/mq“/wyz合格/vi人/n”/wyy的/ude1身份/n、/wn血液/n、/wn尿/n液/ng等/udeng，/wd混进/v航天/n公司/n，/wd故事/n由/p此/rzs展开/v。/wj
这部/r电影/n的/ude1票房/n非常/d失败/vi，/wd却/d深受/v好评/n，/wd逐渐/d成为/v一/m部/q经典/n科幻/n片/q。/wj
它/rr受/v重视/v的/ude1不仅仅/d是/vshi其/rz艺术/n，/wd更/d重要/a的/ude1是/vshi其/rz主题/n，/wd是/vshi首/m部/q反映/v所谓/v“/wyz基因/n歧视/vn”/wyy的/ude1电影/n。/wj
著名/a的/ude1科学/n杂志/n英国/ns《/wkz自然/n》/wky当时/t曾/d发表/v影评/n，/wd建议/v分子/n遗传学/n家/q都/d去/vf看/v这/rzv部/q电影/n，/wd以/p了解/v普通人/n对/p基因/n改良/vn人种/n的/ude1看法/n。/wj
以后/f在/p讨论/v关于/p遗传工程/n、/wn人种/n改良/vn的/ude1话题/n时/ng，/wd这部/r电影/n经常/d被/pbei提及/v。/wj
去年/t一月份/t，/wd美国/nsf宇航局/n把/pba它/rr评为/v历来/d最/d靠/v谱/ng的/ude1科幻/b电影/n。/wj
影片/n中/f涉及/v的/ude1生物/n技术/n当然/d有/vyou经不起/v专业/n眼光/n挑剔/a的/ude1地方/n，/wd但/c与/p其他/rzv科幻/n片/q相比/vi，/wd它/rr的确/d是/vshi很/d科学/a的/ude1。/wj
这部/r电影/n放映/v时/ng，/wd人类/n基因组/n计划/n还/d未/d完成/v。/wj
还要/d再/d过/uguo三/m年/qt，/wd在/p历时/vi十几/m年/qt、/wn花费/v了/ule约/d30亿/m美元/q之后/f，/wd人类/n基因组/n序列/n才/d被/pbei全部/m测定/vn，/wd人类/n才/d拥有/v了/ule第一/m份/q全/a基因组/n“/wyz文本/n”/wyy。/wj
除了/p同/p卵/n孪生子/n，/wd每个/r人/n的/ude1基因组/n都/d不/d一样/uyy，/wd“/wyz文本/n”/wyy也/d都/d不/d一样/uyy，/wd每个/r人/n都/d要/v分别/d测/v序/n才/d能/v了解/v自己/rr的/ude1基因组/n序列/n全貌/n。/wj
近年来/dl全/a基因组/n测/v序/n的/ude1技术/n突飞猛进/vl，/wd价格/n直线/d下降/vi，/wd现在/t不/d到/v1万/m美元/q就/d可/v测定/v一个/mq人/n的/ude1基因组/n全/a序列/n，/wd许多/m人/n（/wkz包括/v乔布斯/nrf）/wky都/d把/pba自己/rr的/ude1基因/n全/d测/v了/ule一/m遍/qv。/wj
再/d过/uguo几/m年/qt这个/rz费用/n将/d会/v降低/v到/v不/d到/v1千/m美元/q，/wd到/v时候/n测定/vn基因组/n全/a序列/n有望/v成为/v常规/n医学/n检查/vn的/ude1内容/n，/wd人人/n都/d可以/v拥有/v一/m本/q自己/rr的/ude1基因/n之/uzhi书/n。/wj
于是/cc有/vyou人/n觉得/v我们/rr即将/d进入/v《/wkzGattaca/x》/wky描述/v的/ude1那个/rz世界/n，/wd遗传学/n家/q很快/d就/d可以/v用/p遗传工程/n改良/vn人种/n了/y，/wd并/cc忧心忡忡/vl担心/v由此/d引发/v一/m系列/q社会/n问题/n。/wj
这种/r担忧/v为时过早/vl。/wj
假如/c你/rr现在/t花/n上/f1万/m美元/q把/pba自己/rr的/ude1基因组/n序列/n测定/vn，/wd获得/v一/m本/q属于/v你/rr的/ude1基因/n之/uzhi书/n，/wd翻开/v它/rr，/wd你/rr会/v发现/v那/rzv是/vshi一/m本/q用/vG/x、/wnT/x、/wnA/x、/wnC/x四/m个/q字母/n写/v成/v的/ude1天/qt书/n，/wd看/v不/d懂/v。/wj
向/p遗传学/n家/q请教/v吧/y，/wd他们/rr能/v告诉/v你/rr的/ude1也/d很/d少/a。/wj
虽然/c媒体/n经常/d报道/v人类/n基因组/n计划/n破/v解/v了/ule人类/n“/wyz遗传/vn秘密/n”/wyy，/wd其实/d只是/d用/v测/v序/n的/ude1方法/n把/pba一个/mq人/n的/ude1遗传/vn信息/n记录/v下来/vf而已/y。/wj
至于/p这些/rz遗传/vn信息/n都/d是/vshi什么/ry意思/n，/wd大部分/m都/d还/d不/d清楚/a。/wj
要/v把/pba遗传/vn信息/n全部/m破/v解/v，/wd不/d是/vshi在/p“/wyz不/d太/d遥远/a的/ude1未来/t”/wyy就/d能/v实现/v的/ude1。/wj
17./m贾宝玉/nr对/p林/ng黛/ng玉/n有/vyou激情/n，/wd对/p薛/nr1宝/n钗/ng有/vyou亲情/n，/wd对/p史湘云/nr有/vyou温情/n。/wj
可/v林/ng黛/ng玉/n在/p情/n场上/s为何/ryv败/vi给/v薛/nr1宝/n钗/ng？/ww
有/vyou人/n喜欢/vi跟/v林/ng黛/ng玉/n类型/n的/ude1谈/v恋爱/vi，/wd哪怕/c过把瘾/vl就/d死/v；/wf有/vyou人/n更/d想/v娶/v薛/nr1宝/n钗/ng那种/r女强人/n，/wd不仅/c是/vshi贤内助/n，/wd而且/c可以/v对外/vd搞/v公关/n，/wd处理/v各种/rz复杂/a的/ude1人际关系/n游刃有余/vl。/wj
一般/a情况/n下/f，/wd林/ng黛/ng玉/n被/pbei公认/v为/v《/wkz红楼梦/nz》/wky的/ude1女/b一/m号/q，/wd偏偏/d有/vyou人/n想/v把/pba薛/nr1宝/n钗/ng推荐/v为/p大观园/ns的/ude1当家/vn花旦/n。/wj
没准/d有/vyou口味/n重/a的/ude1偏偏/d会/v垂涎/v于/p麻辣烫/n的/ude1王熙凤/nr呢/y。/wj
书/n里面/f的/ude1贾瑞/nr（/wkz贾天祥/nr）/wky不/d就是/v嘛/y。/wj
第十一/m回/qv《/wkz庆/vg寿辰/n宁/ag府/ng排/v家宴/n，/wd见/v熙凤/nr2贾瑞/nr起/vf淫心/n》/wky，/wd第十一/m回/qv《/wkz王熙/nr凤/nr1毒/n设/v相思/vi局/n，/wd贾天祥/nr正照/nr2凤/nr1月/n鉴/vg》/wky，/wd写/v到/v那个/rz好色/a的/ude1男人/n如何/ryv因/p王熙/nr凤/ng惹/v得/ude3欲/d火/a焚/vg身/ng，/wd反/vi误/v了/ule卿/nr1卿/ng性命/n。/wj
有/vyou一千/m个/q读者/n，/wd就/d会/v有/vyou一千/m个/q林/ng黛/ng玉/n，/wd薛/nr1宝/n钗/ng，/wd包括/v王熙凤/nr。/wj
岂止/v是/vshi罗/b卜/vg青菜/n各/rz有所/v爱/v，/wd即使/c山珍海味/nl，/wd也/d各/rz有所/v爱/v啊/y。/wj
