可/v情场/n也/d不/d是/vshi一/m方/q净土/n，/wd也/d如/v战场/n与/cc赌场/n啊/y。/wj
《/wkz红楼梦/nz》/wky写/v的/ude1是/vshi情场/n无情/a。/wj
《/wkz红楼梦/nz》/wky本身/rz就是/v一/m座/q无情/a的/ude1情/n场/qv。/wj
即使/c有/vyou一/m天/qt把/pba人/n的/ude1遗传/vn信息/n全部/m破/v解/v了/y，/wd也/d不/d等于/v就/d可以/v用/p这些/rz信息/n来/vf改良/v人种/n了/y。/wj
这/rzv还/d需要/v用/p到/v基因/n筛选/v的/ude1技术/n。/wj
一/m种/q是/vshi负面/b的/ude1筛选/vn，/wd发现/v胚胎/n携带/v有/vyou我们/rr不/d想/v要/v的/ude1基因/n（/wkz例如/v某种/rz遗传病/n基因/n）/wky，/wd就/d终止/v其/rz发育/vn。/wj
这/rzv是/vshi比较/d简单/a的/ude1技术/n，/wd目前/t就/d可以/v做到/v。/wj
另/rz一/m种/q是/vshi正面/b的/ude1筛选/vn，/wd像/v《/wkzGattaca/x》/wky描述/v的/ude1那样/rzv，/wd把/pba父母/n中/f最/d好/a的/ude1基因/n挑选/v出来/vf，/wd综合/vd在/p一起/s。/wj
这/rzv就要/d困难/a得/ude3多/a，/wd目前/t无法/v做到/v，/wd在/p“/wyz不/d太/d遥远/a的/ude1未来/t”/wyy也/d不/d太/d可能/v实现/v。/wj
即使/c哪/ry一/m天/qt我们/rr不仅/c破/v解/v了/ule全部/m遗传/vn信息/n，/wd而且/c有/vyou了/ule根据/p这些/rz信息/n来/vf设计/v后代/n的/ude1技术/n，/wd也/d会/v遇到/v来自/v政府/n和/cc民间/n的/ude1阻力/n，/wd不/d会/v轻易/d让/v它/rr获得/v推广/v、/wn应用/vn。/wj
《/wkzGattaca/x》/wky原先/d有/vyou一个/mq结尾/n（/wkz放映/v时/ng删/v掉/v）/wky，/wd出现/v爱因斯坦/nrf、/wn林肯/nr和/cc乔伊娜/nrf（/wkz美国/nsf田径/n体育/n明星/n）/wky的/ude1画像/n，/wd然后/c告诉/v大家/rr，/wd如果/c在/p他们/rr的/ude1时代/n有/vyou基因/n筛选/v的/ude1话/n，/wd这些/rz人/n都/d不/d会/v生/v下来/vf，/wd因为/c他们/rr都/d有/vyou遗传/vn缺陷/n：/wp爱因斯坦/nrf患有/v读/v写/v困难/an，/wd林肯/nr患有/v马方/n综合征/n，/wd乔伊娜/nrf患有/v哮喘/n。/wj
基因/n筛选/v可能/v会/v把/pba天才/n筛/v掉/v，/wd这/rzv是/vshi反对/v改良/vn人种/n的/ude1常见/a理由/n。/wj
但是/c爱因斯坦/nrf等/udeng人/n的/ude1成就/n并/cc不/d是/vshi因为/p这些/rz遗传/vn缺陷/n导致/v。/wj
如果/c基因/n筛/v查/v技术/n能/v让/v未来/t的/ude1爱因斯坦/nrf没有/d读/v写/v障碍/n，/wd林肯/nr没有/v马方/n综合征/n，/wd乔伊娜/nrf没有/v哮喘/n，/wd让/v他们/rr少/ad受/v点/qt痛苦/an，/wd那/rzv不/d是/vshi更/d美好/a吗/y？/ww
《/wkzGattaca/x》/wky在/p宣传/vn期间/f，/wd摄制组/n曾/d以/p一/m家/q公司/n的/ude1名义/n在/p《/wkz华盛顿/nsf邮报/n》/wky刊登/v了/ule一/m则/q虚假/a广告/n，/wd声称/v该/rz公司/n能/v改变/v人/n胚胎/n的/ude1基因/n，/wd列出/v了/ule一些/mq能够/v改变/v的/ude1基因/n并/cc留下/v电话/n号码/n。/wj
成百上千/al的/ude1父母/n把/pba这个/rz电话/n号码/n打/v爆/v，/wd要求/v这家/r公司/n改变/v他们/rr未/d出生/vi的/ude1子女/n的/ude1基因/n。/wj
自古以来/dl人类/n就/d有/vyou追求/v完美/a宝宝/n的/ude1美好/a愿望/n，/wd尝试/v了/ule各种/rz方法/n，/wd虽然/c这些/rz方法/n基本上/d都/d不/d靠/v谱/ng。/wj
如果/c人类/n终于/d拥有/v了/ule精确/a地/ude2设计/v完美/a宝宝/n的/ude1技术/n，/wd必然/d会/v有/vyou很多/m父母/n乐于/v尝试/vn，/wd不管/c道德/n家/n如何/ryv地/ude2反对/v，/wd也/d只能/v暂时/d地/ude2阻挡/v前进/vi的/ude1步伐/n。/wj
30Jan12Blog/x方舟/n子/ng三/m度/qv剖析/v韩/b寒/ag《/wkz求医/vi》/wky之/uzhi谜/ng(/wkz2012-01-3011:26:58/m)/wky对/p韩/b寒/ag送交/v首/m届/q新/a概念/n作文/n大赛/vn的/ude1作品/n《/wkz求医/vi》/wky，/wd我/rr本来/d只/d计划/v写/v一/m篇/q分析/vn文章/n，/wd然后/c继续/v分析/v署名/vi韩寒/nr的/ude1别的/rzv作品/n。/wj
分析/v文章/n在/p网上/s贴/v出/vf后/f，/wd多/m位/q医生/n发表/v了/ule专业/n意见/n，/wd认为/v文/ng中/f所/usuo述/vg的/ude1症状/n并非/v疥疮/n，/wd我/rr受到/v启发/vn，/wd又/d写/v了/ule一/m篇/q。/wj
之后/f各位/rr网友/n又/d从/p该/rz文/ng中/f发现/v了/ule一些/mq新/a疑点/n，/wd我/rr就/d根据/p这些/rz发现/v再/d写/v一/m篇/q。/wj
需要/v重申/v的/ude1是/vshi，/wd不论是/c韩/b寒/ag还是/v韩/b寒/ag父亲/n韩仁均/nr，/wd都/d声称/v《/wkz求医/vi》/wky一/m文/ng是/vshi韩寒在/nr1999年/t染上/v疥疮/n期间/f根据/p自己/rr的/ude1亲身/b经历/n写/v的/ude1，/wd不/d是/vshi虚构/v的/ude1作品/n。/wj
文中/nr2说/v：/wp“/wyz笔者/n寝室/n如/v猪/n窝/n，/wd奇/ag脏/a无比/z，/wd上/f铺/v更/d是/vshi懒得/v洗/v衣服/n。/wj
传闻/n一/m条/q内裤/n穿/v两/m个/q礼拜/n，/wd第一/m个/q礼拜/n穿/v好/a后/f第二/m个/q礼拜/n内外/f翻/v个/q身/ng穿/v，/wd最终/d他/rr得/v疥疮/n。/wj
由于/c他/rr整日/d踏/v我/rr的/ude1床/n而/cc上/f，/wd我/rr也/d不/d能/v幸免/vi，/wd…/ws
…/ws
”/wyy18．/m在/p德国/nsf生活/vi20/m年/qt，/wd最/d大/a的/ude1感触/n就/d是/vshi：/wp德国/nsf的/ude1普通/a大众/n过/uguo得/v有/vyou保障/vn和/cc有/vyou尊严/n。/wj
生活/vn上/f有/vyou保障/vn和/cc精神/n上/f有/vyou尊严/n是/vshi每/rz一个/mq公民/n最/d基本/a的/ude1需求/n。/wj
德国/nsf人/n一/d生/v下来/vf，/wd就/d有/vyou医/ng保/v，/wd就算/d那些/rz最/d不幸/a的/ude1有/vyou残疾/n的/ude1儿童/n，/wd他们/rr的/ude1一辈子/mq也/d是/vshi有/vyou保障/vn的/ude1，/wd国家/n和/cc政府/n就/d是/vshi他们/rr最/d坚强/a的/ude1后盾/n。/wj
普通/a老百姓/n不/d需要/v仰仗/v任何/rz个体/n和/cc社会/n群体/n，/wd就/d能/v做到/v有/vyou病/n看病/vi。/wj
在/p医学/n高度/d发达/a、/wn产/v检/ng早已/d普及/v到/v每/rz一个/mq城镇/n的/ude1德国/nsf，/wd残疾/n儿/k的/ude1出生/vi归结/vi于/p父母亲/n自己/rr的/ude1选择/vn。/wj
很多/m德国人/nz信奉/v宗教/n，/wd他们/rr觉得/v腹/ng中/f尚未/d出生/vi的/ude1胎儿/n和/cc我们/rr每个/r人/n一样/uyy，/wd是/vshi一/m条/q鲜活/a的/ude1生命/n，/wd是/vshi爱/v的/ude1结晶/n，/wd也/d是/vshi上帝/n的/ude1馈赠/vn，/wd因此/c哪怕/c在/p早/a检/ng，/wd就/d发现/v胎儿/n有/vyou或/c大/a或/c小/a的/ude1生理/n缺陷/n时/ng，/wd有些/rz有/vyou勇气/n的/ude1父母/n仍然/d不/d愿意/v放弃/v自己/rr的/ude1孩子/n，/wd选择/v诞/n下/vf新/a生命/n。/wj
在/p德国/nsf，/wd医/ng保/v的/ude1费用/n是/vshi按/p工资/n比例/n而/cc缴纳/v的/ude1，/wd收入/n越/d高/a，/wd医/ng保/v越/d贵/a。/wj
而/cc收入/n高/ad到/v一定/b的/ude1数额/n时/ng，/wd高收入者/n有/vyou权/n决定/v是否/v继续/v留/v在/p国家/n规定/n的/ude1医/ng保/v制度/n中/f，/wd因为/c他们/rr的/ude1经济/n实力/n已经/d强大/a到/v足以/d自己/rr承担/v可能/v产生/v的/ude1医疗/n费用/n。/wj
当然/d，/wd不怕/v一万/m，/wd就/d怕/v万一/c，/wd谨慎/a的/ude1德国/nsf人/n，/wd尤其/d是/vshi精明/a的/ude1德国/nsf富人/n，/wd都/d会/v给/p自己/rr选择/v合适/a的/ude1私人/n性质/n的/ude1医疗/n保险/n。/wj
一/m言/vg以/p蔽/vg之/uzhi，/wd德国/nsf医/ng保/v的/ude1概况/n是/vshi：/wp穷人/n缴纳/v低/a额/n保险/n，/wd富人/n缴纳/v高额/b保险/n，/wd孩子/n一/d落/v地/ude2就/d随/v父母/n保险/n，/wd来自/v不/d发达/a且/c没有/v医/ng保/v的/ude1国家/n的/ude1旅游者/n和/cc留学生/n必须/d保险/n。/wj
在/p德国/nsf，/wd学生/n和/cc失业者/n属于/v低收入/n人群/n，/wd他们/rr每月/r缴纳/v的/ude1医/ng保/v很/d低/a。/wj
尤其/d是/vshi失业者/n的/ude1医/ng保/v低/a得/ude3让/v人/n难以置信/vl，/wd就/p刚才/t我/rr询问/v了/ule正/d在/p我/rr家/n做/v清洁/a的/ude1女工/n，/wd在/p她/rr以前/f失业/vi的/ude1时候/n，/wd每月/r从/p国家/n领取/v基本/a生活费/n362/m欧/b币/ng(/wkz她/rr是/vshi单身/n，/wd如果/c有/vyou孩子/n，/wd补贴/v会/v高/a很多/m)/wky，/wd住/vi国家/n免费/vd给/v她/rr提供/v的/ude1公寓/n，/wd每月/r只/d需/v缴纳/v8/m个/q欧/b币/ng的/ude1医/ng保/v，/wd就/d和/cc其他/rzv有/vyou工作/vn甚至/c收入/n是/vshi她/rr几/m倍/q的/ude1人/n一样/uyy，/wd拥有/v看病/vi吃药/v开刀/vi住院/vi的/ude1基本/a保障/vn。/wj
她/rr的/ude1公寓/n我/rr曾经/d去/vf过/uguo，/wd在/p一/m条/q僻静/a、/wn干净/a的/ude1街道/n上/f，/wd只/d有/vyou一/m间/q房/n，/wd但/c有/vyou阳台/n、/wn有/vyou厨/ng卫/ng，/wd现在/t她/rr有/vyou了/ule一定/b的/ude1收入/n，/wd开始/v自己/rr付/v租金/n，/wd每月/r暖/a房租/n253/m欧/b币/ng。/wj
