留学/v的/ude1时候/n，/wd因为/c学习/v时间/n紧张/a，/wd而且/c自己/rr知道/v出来/vf不/d是/vshi混饭/vn吃/v的/ude1，/wd如果/c学/v不/d到/v“/wyz武功/n秘籍/n”/wyy，/wd是/vshi无论如何/dl也/d没有/v颜面/n回家/vi见/v江东/s父老/n的/ude1，/wd所以/c只好/d拼命/d学习/v。/wj
这时候/rzt，/wd我/rr发现/v小时候/t学/v过/uguo的/ude1一/m篇/q叫/vi《/wkz统筹/v方法/n》/wky的/ude1课文/n特别/d管用/a，/wd因为/c当/p我/rr把/pba文章/n中/f介绍/v的/ude1方法/n应用/vn到/v实际/a生活/vn中/f时/ng，/wd感觉/v时间/n果然/d被/pbei充分/ad利用/v起来/vf了/y。/wj
比如/v，/wd一边/d煮/v着/uzhe咖啡/n，/wd一边/d煎/v着/uzhe蛋/n饼/n，/wd在/p两/m件/q事情/n的/ude1间隙/n还/d可以/v再/d看/v几/m眼/q书/n。/wj
每天/r临/v睡/v前/f，/wd我/rr都/d会/v把/pba第二/m天/qt要/v做/v的/ude1事情/n计划/n好/a。/wj
什么/ry事情/n需要/v一大早/t就/d马上/d做/v，/wd什么/ry事情/n可以/v做/v或/c可以/v不/d做/v，/wd我/rr心里/s都/d十分/d清楚/a。/wj
接/v下来/vf，/wd我/rr就/d像/v按照/p程序/n执行/vn指令/n的/ude1计算机/n，/wd按照/p计划表/n把/pba事情/n一件件/m做/v好/a。/wj
这样/rzv一来/c，/wd虽然/c生活/vn中/f的/ude1事情/n多/a而/cc杂/a，/wd但/c因为/c有/vyou计划/n，/wd一切/rz都/d变/v得/ude3井井有条/al，/wd我/rr得以/v把/pba有限/a的/ude1时间/n投入/v到/v无限/b的/ude1学习/vn中/f去/vf。/wj
在/p英国/ns养成/v的/ude1这个/rz习惯/n让/v我/rr的/ude1生活/vn忙/v而/cc不/d乱/a。/wj
多/m年/qt后/f的/ude1今天/t，/wd我/rr依旧/z身边/s不/d离/v记事本/n，/wd遇到/v事情/n马上/d就/d列出/v一个/mq计划/n，/wd大/d到/v一/m年/qt的/ude1规划/n，/wd小/ad到/v一/m次/qv出游/vn的/ude1备忘录/n。/wj
虽然/c提前/vd做/v好/a计划/n和/cc准备/v看/v起来/vf有/vyou点/n麻烦/an，/wd但是/c做事/vi有条不紊/al的/ude1“/wyz后遗症/n”/wyy还是/c让/v我/rr受益匪浅/vl。/wj
我/rr就/d是/vshi我/rr。/wj
在/p我们/rr身边/s的/ude1有些/rz人/n看来/v，/wd生活/vn的/ude1意义/n就/d是/vshi工作/vn、/wn赚钱/v、/wn买房/v、/wn存款/n…/ws
…/ws
抛开/v社会/n福利/n制度/n不/d健全/a的/ude1痼疾/n不/d谈/v，/wd我们/rr会/v发现/v，/wd在/p这些/rz人/n中/f，/wd不/d会/v享受/v生活/vn快乐/a的/ude1居多/vi。/wj
与/p国/n人/n一贯/b的/ude1埋头苦干/vl精神/n不同/a，/wd英国/ns人/n的/ude1休闲/vn度假/vn意识/n很/d强/a，/wd每年/r他们/rr都/d会/v规划/n出/vf固定/a的/ude1时间/n，/wd出去/vf游玩/v。/wj
有的/rz人/n为了/p欣赏/v风光/n，/wd甚至/d可以/v辞掉/v工作/vn。/wj
我/rr有/vyou个/q英国/ns朋友/n，/wd学/v的/ude1是/vshi建筑/n，/wd每天/r的/ude1工作/vn就/d是/vshi跟/p图纸/n打交道/vi。/wj
后来/t，/wd他/rr感觉/v自己/rr如果/c一生/n都/d关/v在/p屋子/n里/f做/v这个/rz工作/vn实在/d是/vshi很/d不/d爽/ag，/wd于是/cc就/d开始/v考/v导游/n证/n，/wd后来/t居然/d成/v了/ule一/m名/q职业/n导游/n。/wj
我/rr还有/v一个/mq朋友/n，/wd属于/v特/ag勤快/a那/rzv类/q人/n，/wd家/n住/vi大/a房子/n，/wd每天/r都/d把/pba房子/n收拾/v得/ude3一尘不染/vl，/wd每/rz次/qv我/rr打电话/vi问/v她/rr忙/v什么/ry呢/y，/wd她/rr都/d回答/v：/wp家务/n中/f。/wj
把/pba屋子/n收拾/v得/ude3窗/ng明/vg几/m亮/vi是/vshi挺/d贤惠/a的/ude1，/wd但是/c若/c这/rzv辈子/qt都/d把/pba时光/n浪费/v在/p家务事/n上/f也/d是/vshi挺/d郁闷/a的/ude1一/m件/q事/n。/wj
我/rr自/p认为/v自己/rr的/ude1习惯/n不错/a，/wd周末/t把/pba屋子/n收/v拾一/m次/qv，/wd然后/c剩下/v的/ude1六/m天/qt我/rr要么/c精神抖擞/vl地/ude2工作/vi，/wd要么/c蓬头垢面/al地/ude2窝/v在/p沙发/n上/f看/v电视/n和/cc小说/n：/wp看/v我/rr的/ude1小说/n，/wd让/v家里/s尽情/d乱/d去/vf吧/y！/wt
活/v着/uzhe，/wd就/d要/v让/v每/rz一/m天/qt都/d开心/a。/wj
离开/v英国/ns有/vyou一/m段/q时间/n了/y，/wd但是/c如果/c遇到/v有人/r咨询/vn出国/vi去/vf哪个/ry国家/n好/a的/ude1话/n，/wd我/rr每次/r都/d会/v豪/ag不/d犹豫/a地/ude2推荐/v去/vf英国/ns。/wj
因为/p英国/ns的/ude1社会/n、/wn人文/n和/cc学术/n等/udeng都/d对/p我/rr产生/v了/ule很/d大/a的/ude1影响/vn，/wd给/p我/rr留下/v了/ule终生/m的/ude1“/wyz后遗症/n”/wyy。/wj
生活/vn重在/v过程/n，/wd过程/n会/v带来/v成就感/n、/wn幸福感/n。/wj
在/p谈/v到/v出国/vi留学/v时/ng，/wd我们/rr往往/d把/pba学/v知识/n当成/v主要/b任务/n，/wd但/c其实/d那些/rz在/p过程/n中/f留下/v的/ude1生活/vn习惯/n才/d是/vshi更/d重要/a的/ude1收获/vn。/wj
离开/v熟悉/v的/ude1环境/n，/wd完全/ad用/v另/rz一/m种/q思维/n、/wn另/rz一/m种/q态度/n、/wn另/rz一/m种/q价值观/n和/cc人生观/n生活/vn，/wd此时/r你/rr学/v到/v的/ude1绝对/d不/d仅仅/d是/vshi专业/n知识/n，/wd而/cc更/d多/a的/ude1是/vshi生存/vn能力/n和/cc生活/vn态度/n。/wj
如今/t，/wd这些/rz所谓/v的/ude1留学/vn“/wyz后遗症/n”/wyy让/v我/rr在/p现在/t的/ude1工作/vn生活/vn中/f过/vf得/ude3条理/n清晰/a又/d自由自在/al。/wj
这/rzv才/d是/vshi生活/vn！/wt
我/rr小时候/t在/p新疆/ns，/wd除了/p爱/v在/p长/v了/ule胡杨林/n的/ude1小/a河沟/n看/v抓/v破鞋/n这/rzv类/q文艺/n片/q，/wd时常/d也/d去/vf操场/n看/v批斗/v会/v这种/r动作/n片/q。/wj
虽然/c破鞋/n的/ude1长相/n貌似/v较/d好/a，/wd细节/n也/d更/d引人入胜/vl，/wd偶尔/d遇到/v小/a安/v这样/rzv的/ude1还/d能/v听听/v萨克斯/nrf风/n，/wd但/c从/p整体/n制作/vn上/f，/wd批斗/v会/v显然/ad更/d上档次/vl，/wd是/vshi那个/rz时候/n的/ude1国产/b大/a片/q。/wj
新疆/ns地广人稀/vl，/wd有时/d走/v十/m里/q路/n也/d是/vshi只见/v驼/ng粪/n不见/v人/n迹/ng，/wd但/c一/d开/v批斗/v会/v，/wd忽/d啦/y地/n沙尘暴/n般/uyy刮/v来/vf了/ule万众/n，/wd学生/n、/wn工人/n、/wn兵团/n战士/n还有/v附近/f的/ude1牧民/n，/wd人们/n表情/n肃穆/a、/wn旌旗/n飞扬/vi，/wd密密麻麻/z围/v挤/v在/p操场/n，/wd仅/d留/v中间/f的/ude1空地/n给/v被/pbei批斗/v者/k。/wj
到/v了/ule1976年/t前后/f，/wd这块/r空地/n发生/v了/ule很/d大/a变化/vn，/wd一方面/c揪/v出/vf的/ude1本地/rzs坏人/n已/d批/v无/v可/v批/q，/wd再/d批/q也/d了/ule无/v新意/n，/wd另一方面/c此时/r距/v圣/ag薨/n只/d有/vyou数/m月/n，/wd波/n诡/ag云/vg骛/n，/wd不断/d有/vyou更/d阴险/an危害/vn也/d更/d大/a的/ude1坏/a人/n被/pbei揪/v出来/vf，/wd普通/a批斗/vn已/d不/d能/v满足/v人们/n的/ude1危机感/n，/wd所以/c批斗/v对象/n就/d上升/vi到/v北京/ns级别/n了/y。/wj
可惜/v这些/rz坏人/n此时/r往往/d已/d住/vi在/p一个/mq叫/vi秦/tg的/ude1城里/s，/wd所以/c得/v由/p群众/n演员/n扮演/v。/wj
出/vf演/v任务/n简单/a，/wd用/p夸张/vn表情/n和/cc大无畏/b肉体/n牺牲/v揭露/v坏人/n的/ude1罪行/n，/wd最后/f一个/mq环节/n必然/d是/vshi“/wyz踏/v上亿万/m只/q脚/n，/wd永世/d不得/vi翻身/vi”/wyy。/wj
这时/rzt，/wd我/rr就/d认识/v了/ule一个/mq叫/vi郝/nr1大头/n的/ude1群众/n演员/n。/wj
他/rr无疑/d是/vshi所有/b群众/n演员/n中/f最/d敬业/vi的/ude1，/wd不仅/c可以/v偷偷/d抹/v上/f些/q油彩/n以/p突出/a视觉/n效果/n，/wd被/pbei踏/v上/vf很多/m脚/n时/ng，/wd身体/n战/vg栗/ng，/wd鼻腔/n居然/d能/v淌/v出/vf长长的/z透明/a的/ude1液体/n，/wd无论/c怎么/ryv被/pbei痛打/v，/wd那/rzv长长/z透明/a的/ude1液体/n也/d保证/v绝/d不/d断/v掉/v。/wj
这种/r技能/n让/v我/rr十分/d惊讶/a，/wd甚至/d佩服/v，/wd因为/c这/rzv实/a非/b俗/a辈/n所/usuo能/v做到/v。/wj
那/rzv一/m年/qt我/rr七/m岁/qt，/wd并/cc不/d知/v背后/f深意/n，/wd也/d不知/v中国/ns马上/d要/v去/vf到/v另/rz一个/mq时段/n，/wd我/rr坐/v在/p高高的/z篮球架/n上/f，/wd看/v下面/f的/ude1他/rr戴/v着/uzhe写/v了/ule坏人/n名字/n的/ude1纸/n糊/v高帽/n翻滚/vi流/v涕/ng，/wd引/v领/v上万/m群众/n的/ude1情绪/n线/n和/cc动作/n线/n，/wd是/vshi人生/n第一/m幅/q深刻/a的/ude1画/n。/wj
