总之/c坚决/ad紧跟/v正确/ad决定/v，/wd如/v一时/t判断/v不/d出/vf正确/ad决定/v，/wd耐心/ad等待/v正确/ad决定/v以/p决定/v什么/ry是/vshi正确/ad决定/v。/wj
也/d不妨/v娱乐/n些/q，/wd比/p起/vf那些/rz平庸/a的/ude1国家/n，/wd我们/rr多么/d充实/v，/wd总/d有/vyou那么/rz多/a错误/n等待/v我们/rr去/vf及时/ad拨乱反正/vl，/wd总/d有/vyou那么/rz多/a角色/n需要/v我们/rr的/ude1扮演/v，/wd人生/n如/v戏/n，/wd全/d靠/v演技/n，/wd这个/rz山寨/n气息/n浓郁/a的/ude1片/q厂/n，/wd拥有/v这么/rz多/a职业/n的/ude1群众/n演员/n，/wd自/p出生/vi之/uzhi日/ng，/wd一切/rz皆/d是/vshi剧中/n之/uzhi义/ng，/wd不/d得/ude3跳/vi戏/n。/wj
只/d是/vshi，/wd起飞/vi前/f是/vshi英明/a的/ude1，/wd坠机/n时/ng就/d是/vshi反动/a的/ude1，/wd头/n晚/tg还/d是/vshi亲密/a的/ude1，/wd天亮/vi时/ng变成/v阴险/an的/ude1，/wd花开时/nr还/d是/vshi红色/n的/ude1，/wd花/v落/v时/ng褪/v成/v黑色/n的/ude1，/wd月/n半/m弯/q是/vshi接班人/n，/wd月/n圆/vg时/ng变成/v野心家/n…/ws
…/ws
中国/ns语文/n最/d神奇/a是/vshi形容词/n和/cc名词/n竟/d有/vyou时态/n，/wd为/p紧跟/v形势/n，/wd我/rr不惜/v无数/m次/qv在/p语法/n上/f给/p自己/rr洗/v脑/n。/wj
以/p作为/v一个/mq能/v有/vyou两/m句/q时令/n台词/n的/ude1群众/n演员/n。/wj
8./m暑/ag是/vshi炎热/a的/ude1意思/n。/wj
大暑/t表明/v它/rr是/vshi一/m年/qt中/f最/d热/a的/ude1节气/n。/wj
今年/t的/ude1大暑/t在/p7月/t22日/t。/wj
大暑/t节气/n的/ude1时间/n，/wd一般/a北半球/n在/p每年/r7月/t22/m～/ws
24日/t之间/f，/wd南半球/n在/p每年/r1月/t20/m～/ws
21日/t之间/f，/wd太阳/n位于/v黄/nr1经/p120°/m就/d到/v了/ule大暑/t节气/n。/wj
《/wkz月令/n七十二/m候/v集/vg解/v》/wky：/wp“/wyz六月/t中/f，/wd解/v见/v小暑/t”/wyy。/wj
夏至/t过后/t，/wd阳光/n依然/d近乎/v直射/vi，/wd北半球/n依然/d昼/tg长夜/n短/a，/wd地面/n吸收/v的/ude1热量/n仍/d比/p散发/v的/ude1多/a，/wd如此/rzv叠加/vi，/wd地表/n温度/n也/d就/d一/m天/qt比/p一/m天/qt高/a。/wj
到/v“/wyz三伏/t”/wyy期间/f达到/v顶点/n，/wd天气/n也/d就/d最/d热/a，/wd大暑/t便/d随之而来/vl。/wj
我国/n古代/t将/p大暑/t分为/v三/m候/v：/wp“/wyz一/m候/v腐/vg草/n为/p萤/n；/wf二/m候/v土/n润/v溽暑/n；/wf三/m候/v大雨/n时/ng行/vi。/wj
”/wyy第一/m候/v是/vshi说/v世上/s萤火虫/n约/d有/vyou二千/m多/m种/q，/wd分/v水生/b与/p陆/ng生/v两/m种/q，/wd陆生/nr的/ude1萤火虫/n产卵/vi于/p枯草/n上/f，/wd大暑/t时/ng，/wd萤火/n虫卵/n化/v而/cc出/vf，/wd所以/c古人/n认为/v萤火虫/n是/vshi腐/vg草/n变成/v的/ude1；/wf第二/m候/v是/vshi说/v天气/n开始/v变/v得/ude3闷热/a，/wd土地/n也/d很/d潮湿/a；/wf第三/m候/v是/vshi说/v时常/d有/vyou大/a的/ude1雷雨/n会/v出现/v，/wd这/rzv大雨/n使/v暑/ag湿/a减弱/vn，/wd天气/n开始/v向/p立秋/t过渡/vi。/wj
大暑/t节气/n是/vshi华南/ns一/m年/qt中/f日照/n最/d多/a、/wn气温/n最高/a的/ude1时期/n，/wd是/vshi华南/ns西部/f雨水/n最/d丰沛/a、/wn雷暴/n最/d常见/a、/wn30/m℃/q以上/f高温/n日数/n最/d集中/a的/ude1时期/n，/wd也/d是/vshi华南/ns东部/f35/m℃/q以上/f高温/n出现/v最/d频繁/a的/ude1时期/n。/wj
农谚/n中/f说/v：/wp“/wyz禾/ng到/v大暑/t日夜/d黄/a”/wyy，/wd对/p我国/n种植/vn双季稻/n的/ude1地区/n来说/uls，/wd一/m年/qt中/f最/d紧张/a、/wn最/d艰苦/a、/wn顶/v烈日/n战/vg高温/n的/ude1“/wyz双/m抢/v”/wyy战斗/vn已/d拉开/v了/ule序幕/n。/wj
俗话说/vl：/wp“/wyz早稻/n抢/v日/ng，/wd晚稻/n抢/v时/ng”/wyy、/wn“/wyz大暑/t不/d割/v禾/ng，/wd一/m天/qt少/a一/m箩/ng”/wyy，/wd适时/ad收获/v早稻/n，/wd不仅/c可/v减少/v后期/f风雨/n造成/v的/ude1危害/vn，/wd确保/v丰产/vi丰收/vi，/wd而且/c可/v使/v双/m晚/tg适时/ad栽/v插/v，/wd争取/v足够/v的/ude1生长期/n。/wj
在/p7月/t底/f以前/f栽/v完/vi双/m晚/tg，/wd最/d迟/a不/d能/v迟/a过/uguo立秋/t。/wj
大暑/t天/qt，/wd三/m天/qt不/d下/vf干/v一/m砖/n”/wyy，/wd酷暑/n盛夏/t，/wd水分/n蒸发/vi特别/d快/a，/wd尤其/d是/vshi长江/ns中下游/n地区/n正值/v伏旱/n期/qv，/wd旺盛/a生长/vn的/ude1作物/n对/p水分/n的/ude1要求/n更为/d迫切/a，/wd真是/d“/wyz小暑/t雨/n如/v银/ng，/wd大暑/t雨/n如/v金/ng”/wyy。/wj
棉花/n花/n铃/o期/ng叶/ng面积/n达/v一生/n中/f最/d大/a值/n，/wd是/vshi需水/vn的/ude1高峰期/n，/wd要求/v田间/s土壤/n湿度/n占/v田间/s持/v水量/n在/p70/m－/wp80％/m为/v最/d好/a，/wd低于/v60％/m就/d会/v受旱/vn而/cc导致/v落花/n落/v铃/o，/wd必须/d立即/d灌溉/v。/wj
大豆/n开花/vi结荚/vi也/d正是/v需水/vn临界/b期/qv，/wd对/p缺水/v的/ude1反应/vn十分/d敏感/a。/wj
农谚/n说/v：/wp“/wyz大豆/n开花/vi，/wd沟/n里/f摸/v虾/n”/wyy，/wd出现/v旱象/n应/v及时/ad浇灌/v。/wj
黄淮/n平原/n的/ude1夏/tg玉米/n一般/uyy已/d拔节/vi孕穗/vi，/wd即将/d抽/v雄/ag，/wd是/vshi产量/n形成/v最/d关键/a的/ude1时期/n，/wd要/v严防/v“/wyz卡/n脖/ng旱/a”/wyy的/ude1危害/vn。/wj
民间/n对/p大暑/t节气/n还/d是/vshi非常/d重视/v的/ude1，/wd在/p每年/r的/ude1这个/rz日子/n里/f，/wd都会/n忙里偷闲/dl，/wd举行/v各种/rz活动/vn，/wd在/p火热/z的/ude1夏季/t中/f寄托/v对/p生活/vn的/ude1美好/a希望/vn。/wj
山东/ns不少/m地区/n有/vyou在/p大暑/t到来/vi这/rzv一/m天/qt“/wyz喝/vg暑/ag羊/n”/wyy（/wkz即/v喝/vg羊肉/n汤/n）/wky的/ude1习俗/n。/wj
送/v“/wyz大暑/t船/n”/wyy是/vshi浙江/ns沿海/f地区/n，/wd特别/d是/vshi台州/ns好多/m渔村/n都/d有/vyou的/ude1民间/n传统/n习俗/n，/wd其/rz意义/n是/vshi把/pba“/wyz五/m圣/ng”/wyy送/v出/vf海/n，/wd送/v暑/ag保/v平安/an民/ng。/wj
广东/ns很多/m地方/n在/p大暑/t时节/n有/vyou“/wyz吃/v仙/ng草/n”/wyy的/ude1习俗/n。/wj
仙草/nr2又/d名/q凉粉/n草/n、/wn仙人/n草/n，/wd由于/c其/rz神奇/a的/ude1消暑/vi功效/n，/wd被/pbei誉为/v“/wyz仙/ng草/n”/wyy。/wj
我国/n台湾/ns有/vyou吃/v凤梨/n的/ude1习俗/n，/wd民间/n百姓/n认为/v这个/rz时节/n的/ude1凤梨/n最好/d吃/v。/wj
加上/v凤梨/n的/ude1闽南/ns语/ng发音/n和/cc“/wyz旺/a来/vf”/wyy相同/a，/wd所以/c也/d被/pbei用/v来/vf作为/v祈求/v平安/an吉祥/n、/wn生意/n兴隆/a的/ude1象征/n。/wj
都/d说/v大暑/t是/vshi一/m年/qt中/f最/d热/a的/ude1一/m天/qt，/wd高温/n酷热/an除了/p让/v人/n感觉/n难受/a，/wd往往/d会/v引发/v苦/a夏/tg、/wn中暑/vi等/udeng疾病/n，/wd朋友/n们/k此时/r应/v做好/v养生/vn保健/n的/ude1功课/n。/wj
俗话说/vl“/wyz心静/nr自然/d凉/a”/wyy，/wd越是/d天/qt热/n越/d要/v“/wyz心静/nr”/wyy，/wd想象/v自己/rr处于/v大自然/n之中/f，/wd轻风/n拂/v面/n，/wd绿/a树/n婆娑/z，/wd心平气和/vl安度/v最/d热/a的/ude1季节/n。/wj
保证/v充足/a的/ude1睡眠/vn，/wd劳逸结合/vl，/wd充足/a的/ude1睡眠/vn会/v增强/v人/n的/ude1免疫力/n。/wj
及时/ad补充/v水/n份/q，/wd同时/c还/d应/v吃/v一些/mq益/vg气/n养/v阴/a的/ude1食品/n以/p增强/v体质/n，/wd使/v湿/a热/n之/uzhi邪/ng无隙可乘/vl。/wj
所/usuo选/v食物/n要/v清淡/a，/wd不要/d过于/d滋/vg腻/v，/wd否则/c极/d易/ad消化/v不良/a，/wd如/v山/n药/n、/wn大/a枣/n、/wn海参/n、/wn鸡蛋/n、/wn牛奶/n、/wn蜂蜜/n、/wn莲藕/n、/wn木耳/n、/wn甲鱼/n、/wn豆浆/n等/udeng都/d是/vshi进/vf补/v佳品/n。/wj
夏天/t人体/n新陈代谢/vl加快/v，/wd能量/n消耗/v大/a，/wd因此/c蛋白质/n的/ude1供应/vn必须/d酌量/d增加/v，/wd每日/r摄入/v量/n应/v在/p100/m～/ws
120/m克/q为/v宜/ag。/wj
植物/n蛋白/n可以/v从/p豆制品/n中/f获得/v，/wd动物/n蛋白/n除了/p奶制品/n外/f，/wd还/d应/v适当/ad吃/v点/qt肉/n。/wj
夏季/t的/ude1肉食/n以/p鸡肉/n、/wn鸭/ng肉/n、/wn瘦/a猪肉/n、/wn鸽/ng肉/n等/udeng平/a性/n或/c凉/v性/ng的/ude1肉类/n为/p首选/vn。/wj
