为什么/ryv千军万马/nl要/v挤/v公务员/n一/m条/q独木桥/n，/wd为什么/ryv公务员/n的/ude1队伍/n越来越/d膨胀/vi？/ww
除了/p工作/vn稳定/an，/wd近水楼台先得月/vl，/wd还有/v一个/mq关键/a因素/n，/wd当/v了/ule公务员/n工资/n才/d能/v稳当/a当地/s增加/v，/wd不/d会/v因为/p国家/n工资/n翻/v一番/mq的/ude1计划/n而/cc使/v得/ude3自己/rr的/ude1实际/n生活/vn质量/n下降/vi，/wd别人/rr跑/v过/vf了/ule刘翔/nr、/wn跑/v过/vf了/uleCPI/x、/wn跑/v过/vf了/uleGDP/x，/wd我们/rr连/ulian原来/b的/ude1工资/n都/d不能/v保证/v。/wj
即使/c我们/rr退/v一万/m步/qv，/wd所有/b的/ude1人/n都/d如愿/vi工资/n翻/v了/ule一番/mq，/wd也/d就/d是/vshi一千/m元/q工资/n的/ude1涨/vi到/v了/ule两千/m元/q，/wd一万/m元/q的/ude1涨/vi到/v了/ule两万/m元/q，/wd原来/d他们/rr的/ude1收入/n差距/n是/vshi九千/m元/q，/wd翻番/vi之后/f差距/n变成/v了/ule一万八/m，/wd也/d就是/v贫富/n差距/n也/d翻/v了/ule番/qv。/wj
工资/n增加/v了/ule这么/rz多/a，/wd你/rr别/d指望/v物价/n还/d是/vshi原来/b的/ude1物价/n，/wd房价/n还/d是/vshi原来/b的/ude1房价/n，/wd怕/v两千/m元/q已经/d买/v不/d到/v原来/b一千/m元/q的/ude1东西/n。/wj
盲目/a的/ude1涨/vn工资/n就/d是/vshi劫/v贫/ag济/vg富/a。/wj
不仅如此/bl，/wd我们/rr的/ude1养老金/n为什么/ryv不/d够/v用/v了/y，/wd除了/p公务员/n等/udeng的/ude1问题/n，/wd盲目/ad涨/vi工资/n是/vshi其中/rz的/ude1主要/b原因/n。/wj
涨/vi工资/n在/p稀释/vn百姓/n收入/n的/ude1同时/n也/d稀释/v了/ule养老金/n，/wd如果/c我们/rr不/d重视/v这个/rz问题/n，/wd养老金/n入不敷出/vl必定/d胜过/v希腊/ns的/ude1债务/n危机/n。/wj
以/p增加/v居民/n收入/n使/v房价/n合理/ad回归/v，/wd不/d是/vshi别有用心/vl就/d是/vshi脑/n残/an。/wj
我国/n博士/n教育/vn要/v提高/v质量/n，/wd需要/v完善/v导师/n制/k，/wd并/cc推进/vi现代/t大学/n制度/n建设/vn。/wj
总体/n而言/uls，/wd我国/n的/ude1导师/n制/k，/wd还/d极/d不/d完善/v，/wd就是/v在/p博士/n培养/v中/f，/wd导师/n的/ude1招生/vn权/n、/wn培养/v权/n也/d十分/d有限/a。/wj
在/p招生/vn中/f，/wd博士/n报考者/n先/d要/v参加/v统一/a的/ude1笔试/n，/wd过/vf了/ule笔试/n线/n之后/f，/wd再/d参加/v导师/n的/ude1面试/vn，/wd这/rzv意味着/v，/wd如果/c一/m名/q考生/n学术/n表现/v得/ude3到/v导师/n认可/vi，/wd但/c没/v过/uguo笔试/n线/n，/wd连/ulian复试/v的/ude1机会/n也/d没有/v。/wj
而/cc如果/c一/m名/q考生/n笔试/n成绩/n第一/m，/wd纵然/c导师/n认为/v其/rz学术/n潜力/n有限/a，/wd也/d很/d难/a不/d录取/v他/rr，/wd否则/c就/d会/v遭遇/n面试/vi不公/a的/ude1质疑/vn。/wj
在/p培养/v中/f，/wd博士生/n还/d被/pbei学校/n要求/v学习/v半/m年/qt到/v一/m年/qt时间/n的/ude1公共/b课程/n，/wd而/cc这些/rz课程/n，/wd就/d连/ulian很多/m导师/n也/d认为/v并/cc不/d需要/v学习/v；/wf另外/c，/wd几乎/d所有/b高校/n现在/t都/d对/p博士生/n提出/v在校/vn期间/f发表/v论文/n（/wkz包括/v数量/n和/cc发表/v期刊/n的/ude1档次/n）/wky的/ude1要求/n，/wd学校/n的/ude1理由/n是/vshi提高/v博士生/n的/ude1培养/vn质量/n，/wd但/c结果/n却/d是/vshi绝大多数/m博士生/n在/p求学/vi期间/f把/pba时间/n花/v在/p炮制/v论文/n之中/f，/wd就/d像/v大学/n的/ude1教师/n围/v着/uzhe论文/n、/wn课题/n、/wn经费/n转/v一样/uyy。/wj
就/d是/vshi在/p毕业/v答辩/vi中/f，/wd博士生/n的/ude1学位/n论文/n先/d要/v送/v去/vf盲/ng审/v，/wd待/vi盲/ng审/v通过/p之后/f，/wd学校/n再/d组织/v答辩/vi，/wd有的/rz学校/n还/d建立/v了/ule导师/n回避/v制/k。/wj
如此一来/dl，/wd从/p招生/vi，/wd到/v培养/v，/wd再/d到/v毕业/v，/wd一/m名/q导师/n基本上/d都/d可以/v不/d负责/v。/wj
所以/c，/wd我国/n博士生/n培养/v名/q为/v采取/v导师/n制/k，/wd实/a则/c导师/n不/d导/vg。/wj
这/rzv是/vshi造成/v博士/n教育/vn质量/n不/d高/a的/ude1根源/n所在/n。/wj
在/p世界/n一流/b大学/n，/wd博士生/n的/ude1招生/vn、/wn培养/v均/d由/p导师/n负责/v，/wd一些/mq国家/n的/ude1博士/n论文/n答辩/vi，/wd就是/v导师/n邀请/v几/m位/q朋友/n参加/v，/wd学校/n研究生/n院/n派/v一/m名/q工作/vn人员/n监督/vn即可/v。/wj
这样/rzv的/ude1导师/n制/k，/wd很多/m人/n不/d相信/v在/p我国/n的/ude1大学/n能/v推进/vi，/wd如果/c推进/vi的/ude1话/n，/wd博士/n的/ude1招生/vn、/wn培养/v势必/d乱/d象/ng纷呈/vi，/wd博士/n教育/vn质量/n会/v一落千丈/vl——/wp没有/v学术/n尊严/n的/ude1教授/n们/k，/wd肯定/d会/v全部/m放/v自己/rr的/ude1子弟/n过/uguo，/wd而且/c给予/vx其/rz高/a分/qt评价/vn。/wj
按照/p当前/t大学/n的/ude1管理/vn制度/n，/wd这种/r情况/n确实/ad极/d有/vyou可能/n发生/v。/wj
但/c推行/v真正/b意义/n的/ude1导师/n制/k，/wd需要/v大学/n有/vyou现代/t大学/n制度/n。/wj
我国/n高校/n存在/v严重/a的/ude1行政化/v问题/n，/wd行政/n权/n、/wn教育/vn权/n、/wn学术/n权/n都/d被/pbei行政/n力量/n牢牢/d掌握/v，/wd这/rzv使得/vi大学/n教授/n们/k无/v学术/n话语/n权/n，/wd进而/c也/d就/d无/v学术/n尊严/n可言/u。/wj
教授/n们/k没有/v教育/vn荣誉感/n，/wd没有/d也/d不必/d对/p学术/n声誉/n负责/v，/wd这/rzv是/vshi当前/t大学/n教育/vn最/d严重/a的/ude1问题/n，/wd大学/n的/ude1教育/vn风气/n和/cc学术/n风气/n也/d由此/d败坏/v。/wj
在/p这样/rzv的/ude1环境/n中/f，/wd人才/n培养/v的/ude1质量/n，/wd自然/d失去/v保障/vn。/wj
要/v让/v大学/n教授/n们/k有/vyou教育/vn声誉/n和/cc学术/n声誉/n，/wd就/d必须/d在/p大学/n内/f推行/v学术/n本位/n管理/vn，/wd把/pba教育/vn和/cc学术/n的/ude1管理/vn、/wn决策/vn权/n交给/v教授/n们/k。/wj
客观/n上/f说/v，/wd博士/n的/ude1招生/vn、/wn培养/v、/wn管理/vn，/wd均/d属/v于/p教育/vn事务/n和/cc学术/n事务/n，/wd这/rzv不/d应该/v由/p行政/n决策/vn，/wd而/cc应该/v由/p学校/n教授/n委员会/n、/wn学术/n委员会/n等/udeng教育/vn和/cc学术/n机构/n负责/vn。/wj
也许/d我国/n大学/n的/ude1教授/n们/k在/p长期/b的/ude1行政/n管理/vn环境/n中/f，/wd已经/d失去/v了/ule治学/vn、/wn治/v校/ng的/ude1能力/n，/wd由此/d让/v人们/n对/p把/pba教育/vn和/cc学术/n的/ude1管理权/n交给/v他们/rr不/d放心/v，/wd这/rzv是/vshi可以/v理解/v的/ude1，/wd必须/d承认/v，/wd迈出/v这/rzv一/m步/qv，/wd可能/v出现/v问题/n，/wd甚至/c一/m段/q时期/n的/ude1混乱/an，/wd但是/c，/wd如果/c不/d迈出/v这/rzv一/m步/qv，/wd我国/n的/ude1现代/t大学/n制度/n将/d无法/v得以/v构建/v。/wj
这/rzv就/d像/v孩子/n学/v步/n一样/uyy，/wd如果/c担心/v孩子/n摔/v伤/v，/wd不/d让/v其/rz独立/ad行走/vi，/wd那么/c，/wd他/rr永远/d无法/v学会/v走路/vi。/wj
因此/c，/wd博士/n教育/vn质量/n的/ude1问题/n，/wd同样/d是/vshi我国/n当前/t学校/n管理/vn制度/n的/ude1问题/n。/wj
就事论事/vl的/ude1谈/v提高/v博士/n质量/n，/wd而/cc不/d反思/v这/rzv背后/f的/ude1制度/n原因/n，/wd将/d无法/v走/v出/vf博士生/n教育/vn快速/b、/wn低/a水平/n发展/vn的/ude1困境/n。/wj
清退/v“/wyz超期/v博士/n”/wyy，/wd只是/d锯/v掉/v露/v在/p皮肤/n外/f的/ude1“/wyz箭头/n”/wyy，/wd远/ad没有/v治/v好/a“/wyz箭/n伤/v”/wyy。/wj
12./m在/p网上/s看到/v一个/mq帖/ng子/ng很/d有/vyou触动/v：/wp我/rr公公/n，/wd大学/n同学/n聚会/vi。/wj
一/m干/v人/n等/udeng，/wd全/d是/vshi高级/a人士/n。/wj
酒/n过/uguo六旬/m，/wd大家/rr都/d放开/v了/y，/wd开始/v说/v自己/rr的/ude1儿女/n。/wj
有的/rz是/vshi在/p美国/nsf，/wd有的/rz是/vshi在/p澳大利亚/nsf，/wd加拿大/nsf。/wj
最近/t也/d是/vshi上海/ns，/wd北京/ns什么/ry的/ude1。/wj
只有/c我/rr公公/n一个/mq人/n，/wd一/m句/q话/n不/d说/v，/wd他们/rr问/v，/wd老李/nr呀/y，/wd嫩/a儿/ng在/p哪/ry高/a就/d呀/y。/wj
我/rr公公/n说/v，/wd他/rr在/p家/n。/wj
一时间/t，/wd大家/rr都/d不/d知道/v说/v什么/ry。/wj
有/vyou个/q人/n会/v说/v呀/y，/wd就/d问/v，/wd一定/d是/vshi公务员/n什么/ry的/ude1吧/y。/wj
我/rr公公/n说/v了/y，/wd不/d是/vshi呀/y，/wd就/d在/p我们/rr那个/rz小/a破/a单位/n，/wd开/v个/q小车/n儿/ng，/wd干/v个/q小/a采购/vn。/wj
