”/wyy5./m内务部/nt街/n名字/n叫/vi街/n，/wd实际上/d是/vshi一/m条/q东/f西/f向/p的/ude1胡同/n。/wj
明朝/t曾经/d叫/vi过/vf勾/v阑/ng胡同/n，/wd宣统/nz年间/n称/v民政部/nt街/n，/wd直到/v民国/n才/d改/v成/v今天/t这个/rz名字/n。/wj
故人/n一个个/m离去/vi了/y，/wd房子/n也/d在/p慢慢/d变/v老/a，/wd但是/c这/rzv条/q从/p元朝/t就/d有/vyou的/ude1古老/a胡同/n风景/n依旧/z，/wd数百/m年/qt的/ude1风骨/n底蕴/n，/wd数/v不/d清/a的/ude1掌故/n趣闻/n。/wj
胡同/n里/f的/ude1人/n和/cc事/n，/wd胡同/n里/f的/ude1世/ng象/ng百/m态/ng，/wd胡同/n里/f的/ude1吆喝声/n，/wd为/p诗人/n、/wn散文/n大师/n、/wn小说家/n等/udeng文学/n大家/rr，/wd输送/v了/ule不可多得/vl的/ude1文学/n营养/n。/wj
都/d是/vshi他们/rr文学/n创作/vn的/ude1素材/n。/wj
在/p北京/ns居住/v过/uguo的/ude1著名/a作家/n中/f，/wd对/p老/a北京/ns一往情深/vl的/ude1，/wd冰心/nr老人/n算是/v最/d突出/a的/ude1一/m位/q了/y。/wj
晚年/t的/ude1冰心/nr深情/n地/ude2写道/v：/wp“/wyz只有/c住/vi着/uzhe我/rr的/ude1父母/n和/cc弟弟/n们/k的/ude1中/b剪子/n巷/ng，/wd才/d是/vshi我/rr灵魂/n深处/s永久/b的/ude1家/n。/wj
”/wyy中/b剪子/n巷/ng是/vshi一/m条/q南北/f走向/v的/ude1狭长/z小/a胡同/n。/wj
它/rr的/ude1北段/n儿/k叫/vi北/f剪子/n巷/ng，/wd南段/n儿/k叫/vi南/f剪子/n巷/ng。/wj
冰/n心/n是/vshi福建/ns人/n，/wd1913年/t来到/v了/ule北京/ns，/wd住/vi进/vf了/ule中/b剪子/n巷/ng，/wd一/m住/vi就/d是/vshi16/m年/qt。/wj
1919年/t，/wd五四/m运动/n在/p北京/ns爆发/v。/wj
8月/t25日/t，/wd冰/n心/n通过/p在/p《/wkz晨报/n》/wky当/p编辑/n的/ude1表哥/n刘/nr1放/v园/ng，/wd以/p谢婉莹/nr的/ude1名字/n发表/v《/wkz二十一日/t听/v审/v的/ude1感想/n》/wky，/wd为/v被捕/vi的/ude1爱国/a学生/n仗义执言/vl。/wj
这/rzv也/d是/vshi她/rr第一/m次/qv在/p报刊/n上/f发表/v文章/n。/wj
9月/t18/m～/ws
22日/t，/wd冰/n心/n又/d在/p《/wkz晨报/n》/wky上/f连载/v她/rr文艺/n创作/vn的/ude1处女作/n——/wp《/wkz两/m个/q家庭/n》/wky。/wj
这/rzv是/vshi她/rr第一/m次/qv用/p冰/n心/n的/ude1笔名/n发表/v作品/n。/wj
1923年/t8月/t，/wd冰心/nr告别/vi北京/ns，/wd前往/v美国/nsf威尔斯/nrf利/n女子/n大学/n留学/vn。/wj
与此同时/c，/wd在/p北京/ns三/m条/q“/wyz总/b布/n”/wyy胡同/n中/f，/wd京城/ns闻名/v的/ude1“/wyz太太/n的/ude1客厅/n”/wyy正/d高朋满座/vl，/wd客厅/n的/ude1主人/n，/wd就是/v被/pbei胡/nr1适/ag誉为/v中国/ns一/m代/q才女/n的/ude1林徽/nr因/p了/y。/wj
太太/n的/ude1客厅/n位于/v北/f总/d布/vg胡同/n，/wd这/rzv条/q胡同/n并/cc不/d太/d长/a，/wd可/v历史/n痕迹/n却/d不/d少/a，/wd文化/n底蕴/n深厚/a。/wj
20/m世纪/n30/m年代/n，/wd这里/rzs有/vyou上/f世纪/n30/m年代/n初期/f到/v1937年/t北平/ns陷落/vi，/wd城隍庙/ns大街/n3/m号/q也/d就/d是/vshi今天/t的/ude1北/f总/d布/vg胡同/n24/m、/wn26/m号/q是/vshi梁思成/nr与/p林徽/nr因/p的/ude1住所/n。/wj
当年/t这/rzv所/q宅子/n里/f院/n3/m间/q正房/n，/wd东/f里间/n是/vshi梁思成/nr、/wn林徽/nr因/p夫妇/n的/ude1卧室/n，/wd西/f里间/s便是/v“/wyz太太/n的/ude1客厅/n”/wyy。/wj
一/m到/v周六/t，/wd进出/v“/wyz太太/n的/ude1客厅/n”/wyy的/ude1文化/n名人/n特别/d多/a。/wj
常客/n有/vyou清华大学/nt哲学系/n教授/n金岳霖/nr、/wn文学家/n沈从文/nr、/wn文学/n新人/n萧乾/nr、/wn政治学/n家/n张奚若/nr、/wn国际/n问题/n专家/n钱端升/nr、/wn经济学家/n陈岱孙/nr、/wn人类学/n家/n李济/nr、/wn社会学家/n陶孟和/nr，/wd还有/v后来/t成为/v著名/a社会活动/nl家/n和/cc汉学家/n的/ude1美国/nsf人/n费正清/nr、/wn费蔚梅/nr夫妇/n。/wj
林徽/nr2因/p是/vshi中国/ns第一/m位/q女/b建筑学/n家/q，/wd还/d是/vshi著名/a作家/n、/wn诗人/n，/wd在/p文学/n创作/vn上/f造诣/n也/d很/d高/a，/wd最/d具/vg代表作/n的/ude1是/vshi诗歌/n《/wkz你/rr是/vshi人间/n四月/t天/n》/wky：/wp你/rr是/vshi爱/v，/wd是/vshi暖/a，/wd是/vshi希望/v，/wd你/rr是/vshi人间/n的/ude1四月/t天/n！/wt
北京/ns是/vshi一/m座/q有着/v数千/m年/qt历史/n的/ude1文化/n古都/n，/wd无数/m的/ude1文人/n墨/n客/ng你/rr方/d唱/v罢/v我/rr登场/vi，/wd在/p这/rzv四九/t城里/s上演/v了/ule数/n不/d清/a的/ude1趣闻/n公案/n野史/n传奇/n，/wd今天/t我们/rr走/v在/p这/rzv大街小巷/nl，/wd在/p其中/rz探索/vn历史/n旧貌/n，/wd感受/v文化/n的/ude1气息/n，/wd寻觅/v故居/n，/wd闻/v闻/v书香/n墨/b气/n，/wd也/d是/vshi一/m种/q难得/a的/ude1享受/vn，/wd正/d所谓/v：/wp文人/n故居/n迟/ad流连/v，/wd时空/n相隔/v意境/n远/a；/wf拳/n拳/qv真情/n凝/vg笔端/n，/wd你/rr是/vshi人间/n四月/t天/qt。/wj
就是/v这些/rz平常/a小事/n，/wd这个/rz节目/n很/d火/a，/wd通过/p电视/n手段/n传播/v了/ule适用/vi于/p普通人/n的/ude1道德/n观/vg。/wj
其实/d美国/nsf人/n也/d很/d讲究/v宣传/vn，/wd可/c搞/v的/ude1精明/an。/wj
我/rr觉得/v帮/v侍者/n开门/vi是/vshi一个/mq经典/n镜头/n，/wd那个/rz侍者/n是/vshi来/vf给/v选手/n送/v外/f卖/v的/ude1，/wd在/p他/rr遇到/v困难/an时/ng，/wd你/rr该/v怎么/ryv帮助/v帮/v你/rr的/ude1人/n。/wj
这/rzv就是/d横亘/v西方/s很/d多/m年/qt的/ude1oneforall/x,/wdallforone/x精神/n，/wd是/vshi大仲马/nrf在/p《/wkz三/m个/q火枪/n手/n》/wky里/f说/v的/ude1：/wp“/wyz人人/n为/p我/rr，/wd我/rr为/p人人/n”/wyy。/wj
对比/v下来/vf，/wd别人/rr宣传/v“/wyz人人/n为/p我/rr，/wd我/rr为/p人人/n”/wyy公平/a观/vg，/wd我们/rr宣传/v“/wyz毫不/d利己/vi，/wd专门/d利/vg人/n”/wyy的/ude1圣人/n观/vg；/wf别人/rr通过/p平常/a小事/n闪现/v内心/n一点/mq善/ag念/ng，/wd我们/rr轰轰烈烈/z打造/v蜡炬成灰泪始干/vl的/ude1烈士/n团/n；/wf别人/rr于/p无声/vd处/vi透露/v现代/t社会/n的/ude1文明/a价值观/n；/wf我们/rr却/d在/p播放/v大无畏/b、/wn全/d无/v敌/ng、/wn轻伤/n不/d下/vf火线/n、/wn重伤/n不/d进/vf医院/n，/wd死/v了/ule都/d要/v拉/v家人/n垫/v背/v的/ude1战争/n献身/v观/vg。/wj
哪/ry是/vshi道德/n了/y，/wd那/rzv简直/d是/vshi得道/nr2…/ws
…/ws
然后/c该/v升天/vi了/y。/wj
我们/rr树立/v的/ude1模范/n总/d有/vyou一/m股/q塑料/n感/vg和/cc硝烟/n味/ng，/wd看上去/v像/v一个/mq巨大/a的/ude1假肢/n在/p表演/v激扬/a。/wj
咱/rr不/d能/v平和/a一点/mq去/vf提倡/v道德/n吗/y，/wd不/d平/v和/cc地/n讲/v道德/n，/wd真/d不/d道德/n。/wj
我/rr其实/d是/vshi喜欢/vi好人/n雷锋/nr的/ude1，/wd一个/mq质朴/a的/ude1普通/a青年/n，/wd喜欢/vi上/f摄影/vi后/f开始/v有些/rz像/v文艺/n青年/n，/wd只/d是/vshi被/pbei很/d差/a的/ude1写/v手/n注水/vi再/d无限/vd拔高/v后/f，/wd不幸/ad在/p某些/rz同胞/n心中/s成/v了/ule其他/rzv青年/n…/ws
…/ws
雷锋/nr本身/rz没/d错/v，/wd利/n他/rr精神/n很/d好/a，/wd每个/r国家/n都/d有/vyou榜样/n，/wd问题/n在于/v这样/rzv一/m种/q普及/vn教育/vn，/wd一定/d要/v想/v明白/v你/rr到/v底/f要/v什么/ry，/wd或者/c说/v我们/rr这些/rz庸俗/a的/ude1人/n最/d缺/v什么/ry。/wj
就/d讲/v一个/mq关于/p特蕾/nr2莎/ng修女/n的/ude1故事/n。/wj
一个/mq出生/vi在/p奥斯曼帝国/nsf的/ude1商人/n的/ude1女儿/n，/wd立志/v成为/v一个/mq修女/n，/wd她/rr不/d远/a万/m里/q来/f到/v印度/nsf，/wd上/f街头/s救助/v麻风/n、/wn霍乱/n病人/n、/wn帮助/v快要/d倒/d毙/v的/ude1老妇/n清洗/v被/pbei老鼠/n咬/vi坏/a的/ude1身体/n。/wj
她/rr在/p加尔各答/nsf卡里/nrf寺庙/n后面/f的/ude1空地/n上/f设置/v了/ule救助/v站/vi，/wd虽/c遭受/v官方/n打/v压/v、/wn宗派/n攻击/vn，/wd可/c坚持/v帮助/v不同/a种族/n宗教/n的/ude1人/n，/wd治疗/v、/wn清洗/vn。/wj
其实/d她/rr不/d可能/v帮助/v得到/v很/d多/a人/n，/wd但/c她/rr一直/d坚持/v给/p他们/rr尊严/n，/wd有/vyou天/qt晚上/t，/wd刚刚/d搬/v来/vf的/ude1一个/mq老人/n快/d断气/v了/y，/wd临死/vi前/f，/wd他/rr拉/v着/uzhe德蕾/nr2莎/ng的/ude1手/n，/wd用/p孟加拉/nsf语/ng低声/d地/ude2说/v：/wp“/wyz我/rr一/m生活/vn得/ude3像/v条/q狗/n，/wd而/cc我/rr现在/t死/v得/ude3像/v个/q人/n，/wd谢谢/v了/y。/wj
