烤/v鹌鹑/n蛋/n挺/d有/vyou新意/n的/ude1，/wd只是/c味道/n也/d就/d那么/c回/v事/n。/wj
这个/rz玫瑰/n酥/a，/wd我/rr感觉/v很/d漂亮/a，/wd于是/cc没/d忍/v住/vi又/d买/v了/ule一个/mq，/wd咬/vi了/ule一/m口/q外面/f太/d甜/a，/wd里面/f有/vyou点/qt硬/a，/wd像/p小时候/t过年/vi大家/rr互相/d串门/vi送/v的/ude1糕点/n盒/ng里/f的/ude1点心/n，/wd那/rzv时候/n觉得/v挺/d好吃/a的/ude1，/wd现在/t吃/v起来/vf真/d难/ad吃/v，/wd于是/cc咬/vi了/ule一/m口/q扔掉/v了/y，/wd儿子/n说/v我/rr真/d是/vshi很/d浪费/v，/wd走/v一路/mq吃/v一路/mq扔/v一路/mq。/wj
黑/a米糕/n和/cc江/nr1米糕/n，/wd都/d是/vshi粘性/n的/ude1食品/n吃/v多/a了/ule不好/a消化/vn，/wd于是/cc没/d买/v，/wd我/rr已经/d都/d吃/v撑/v着/uzhe了/y，/wd晚上/t回去/v后/f吃/v了/ule几/m片/q健胃/vi消食/v片/q才/d算是/v好受/a些/q。/wj
这/rzv是/vshi豌豆黄/n，/wd也/d没/d买/v，/wd只能/v看/v看/v了/y。/wj
糯米/n糕/ng也/d是/vshi只/d拍/v了/ule照/v，/wd都/d是/vshi江米/n做/v的/ude1，/wd味道/n估计/v都/d差不多/al。/wj
这种/r酱/n羊/n蹄子/n也/d有/vyou很/d多/m家/q在/p卖/v，/wd因为/c刚/d在/p平娃/nrf吃/v完/vi烤/v羊/n蹄子/n和/cc羊/n排/v、/wn羊肉串/n，/wd这个/rz就/d吃/v不/d进去/vf了/y，/wd没/d买/v，/wd平娃/nrf的/ude1烤/vn羊/n蹄/ng太/d硬/a了/y，/wd咬/vi不/d动/v，/wd羊/n排/v味道/n不错/a，/wd就/d是/vshi太/d咸/a了/y，/wd弄/v得/ude3我/rr又/d喝/vg了/ule一/m杯/q酸梅汤/n，/wd一/d打嗝/v都/d有/vyou漾/v出来/vf的/ude1感觉/n。/wj
很多/m店/n里/f都/d有/vyou冰峰/n汽水/n，/wd看/v着/uzhe大家/rr都/d喝/vg我/rr也/d要/v了/ule一/m瓶/q，/wd和/cc我们/rr这里/rzs小/a店/n中/f这种/r瓶子/n的/ude1饮料/n味道/n差不多/al，/wd小时候/t非常/d喜欢/vi，/wd现在/t不/d喜欢/vi了/y，/wd感觉/n都/d是/vshi色素/n和/cc糖精/n，/wd还有/v各种/rz香精/n兑/v出来/vf的/ude1。/wj
炒/v焖/v子/ng曾经/d在/p90/m年代/n的/ude1时候/n在/p我们/rr的/ude1商业区/n的/ude1街/n边/k摊/v上/f流行/v过/uguo一/m段/q时间/n，/wd那/rzv时候/n就/d不/d太/d爱/v吃/v，/wd这/rzv次/qv又/d看到/v了/y，/wd感觉/v红/a红/a绿/a绿/a的/ude1挺/d吸引/v人/n于/p是/vshi要/v了/ule一/m份/q，/wd焖/v子/ng里/f没什么/vl味道/n，/wd口感/n还是/c一/d如/v以前/f的/ude1不好/a，/wd我们/rr几/m个/q人/n每人/r吃/v了/ule一/m块/q就/d扔/v掉/v了/y，/wd不过/c看/v这/rzv张/q照片/n的/ude1时候/n觉得/v这/rzv小/a碗/n挺/d好看/a的/ude1。/wj
这/rzv馅饼/n挂/v的/ude1牌子/n是/vshi新疆/ns风味/n，/wd味道/n还/d不错/a，/wd在/p回民/n街上/s走/v着/uzhe就/d能/v看见/v好几/m家/q，/wd估计/v味道/n都/d可以/v。/wj
锅贴/n，/wd朋友/n买/v了/ule胡萝卜/n和/cc韭菜/n两/m种/q馅/ng料/n的/ude1，/wd平时/t我/rr挺/d喜欢/vi吃/v胡萝卜/n馅/ng的/ude1，/wd但是/c这/rzv次/qv感觉/n超/h难吃/a，/wd韭菜/n馅/ng的/ude1味道/n还/d凑合/v，/wd其实/d东北/s的/ude1包/n馅/ng的/ude1面食/n是/vshi种类/n最/d多/a的/ude1，/wd也/d最/d好吃/a的/ude1，/wd到/v了/ule外地/s最/d好/a就/d不/d吃/v带/v馅/ng的/ude1了/y。/wj
还有/v很多/m卖/v八/m宝/n冰糖/n雪梨/n的/ude1摊子/n，/wd估计/v应该/v味道/n不错/a，/wd最/d起码/d是/vshi真/a材/ng实/ad料/v的/ude1。/wj
儿子/n问/v我/rr不/d来/vf一/m杯/q，/wd我/rr说/v如果/c我/rr有/vyou俩/m肚子/q就/d好/a了/y。/wj
甜/a麦丕茶/nr，/wd我/rr已经/d完全/ad喝/vg不/d下去/vf了/y，/wd不/d知道/v味道/n怎样/ryv，/wd感觉/v应该/v和/cc醪糟/n的/ude1味道/n比较/d像/v~/w~/w~/w正/d在/p挥/v着/uzhe大/a锤子/n打的/v打/v糕/ng，/wd里面/f放/v了/ule豆沙/n或者/c枣泥/n，/wd也/d是/vshi吃/v不/d下去/vf了/y，/wd没/d买/v，/wd在/p东北/s鲜/a族/ng的/ude1打/v糕/ng就/d是/vshi这么/rz打/v出来/vf的/ude1，/wd很/d好/a吃/v，/wd在/p我们/rr这里/rzs的/ude1鲜/ag族/ng饭店/n都/d有/vyou卖/v的/ude1，/wd所以/c就/d不/d吃/v了/y，/wd我/rr还/d得/ude3留/v着/uzhe我/rr的/ude1小/a命/n呢/y，/wd不能/v因为/c好吃/a就/d撑/v死/v了/y。/wj
卖/v油茶面/n的/ude1也/d很/d多/a，/wd这个/rz是/vshi我们/rr小时候/n家里/s总/d炒/v的/ude1，/wd为了/p饿/v的/ude1时候/n吃/v着/uzhe方便/a，/wd现在/t超市/n中/f都/d有/vyou卖/v的/ude1，/wd反倒/d不/d爱/v吃/v了/y，/wd也/d就/d看/v一/m看/v吧/y！/wt
这/rzv是/vshi我/rr逛/v城墙/n和/cc书院/n街/n的/ude1时候/n，/wd在/p白天/t里/f照/v的/ude1一/m张/q，/wd丝糕/n，/wd看/v了/ule看/v，/wd那/rzv时候/n正好/z不/d饿/v，/wd而且/c感觉/n也/d不/d太/d吸引/v我/rr，/wd所以/c没/d吃/v。/wj
高度/n的/ude1安全/an责任/n意识/n不/d是/vshi口号/n，/wd而是/c把/pba每个/r细节/n做/v到/v极致/n的/ude1具体/a行动/vn。/wj
再/d进行/vx一/m下/vf“/wyz假如/c”/wyy，/wd假如/c太湖/ns的/ude1游艇/n驾驶员/n，/wd能/v坚持/v要求/v每个/r乘客/n，/wd必须/d穿/v救生衣/n，/wd才/d能/v开/v船/n，/wd并/cc将/d拒绝/v穿/v救生衣/n的/ude1乘客/n赶/v下船/vi，/wd甚至/d报警/vi，/wd事故/n或/c不/d会/v发生/v，/wd因为/p安全/an意识/n能/v达到/v这个/rz层次/n，/wd驾驶员/n还/d会/v冒险/vd穿越/v吗/y？/ww
同时/c，/wd有/vyou这样/rzv素质/n的/ude1驾驶员/n，/wd整个/b景区/n还/d会/v客运/n、/wn货运/n船/n混/ad行/vi吗/y？/ww
而/cc另/rz一个/mq问题/n是/vshi，/wd每个/r游客/n，/wd是/vshi不/d是/vshi也/d有/vyou这样/rzv高度/n的/ude1安全/an意识/n，/wd会/v警觉/v其中/rz的/ude1安全/an疏漏/n，/wd向/p安全/an监管部门/n报警/vn？/ww
当然/d这/rzv种/q安全/an意识/n，/wd是/vshi与/p整个/b外部/f环境/n密切/ad相关/vi的/ude1，/wd就/d如/v我/rr的/ude1那/rzv位/q朋友/n，/wd现在/t已经/d把/pba警察/n、/wn消防队/n、/wn救护队/n出动/v，/wd当成/v是/vshi安全/ad救护/v的/ude1天经地义/bl，/wd习以为常/vl。/wj
从而/c也/d对/p自己/rr的/ude1安全/an驾驶/vn，/wd特别/d当心/v——/wp哪怕/c没有/v摄像头/n，/wd没有/v任何人/r看见/v，/wd都/d老老实实/z遵守/v交通/n规则/n，/wd不/d超速/vi，/wd带/v好/a安全带/n。/wj
安全/an就/d这样/rzv变为/v自我/rr意识/n和/cc习惯/n。/wj
4Apr12Blog/x熊/n丙/Mg奇/ag规则/n和/cc诚信/a2012-04-0408:23:48/m一/m位/q朋友/n刚/ag和/cc家人/n去/vf夏威夷/nsf旅游/vi归来/vi，/wd她/rr向/p我/rr说/v了/ule两/m件/q令/v她/rr一/m家/q印象/n深刻/a的/ude1事/n。/wj
一/m件/q事/n是/vshi，/wd在/p夏威夷/nsf海边/s看/v海龟/n时/ng，/wd同/p团/n的/ude1一个/mq小朋友/n拾/v起/vf海边/s的/ude1小/a石块/n，/wd扔/v向/p海龟/n。/wj
旅游团/n的/ude1人/n，/wd都/d觉得/v好玩/a。/wj
这时/rzt，/wd一个/mq在/p海边/s晒太阳/vi的/ude1老外/n，/wd大声/d叫喊/v，/wd说/v不/d能/v向/p海龟/n扔/v石头/n。/wj
后来/t，/wd大家/rr登上/v旅行车/n赶/v下/vf一个/mq景点/n。/wj
在/p路上/s，/wd导游/n接到/v一个/mq电话/n，/wd之后/f十分/d慎重/a的/ude1告诉/v全/a车/n人/n：/wp刚才/t警察局/n来/vf电话/n，/wd说/v这个/rz团/n有/vyou一个/mq小朋友/n扔/v石块/n打/v海龟/n，/wd这/rzv在/p当地/s是/vshi违法/vn行为/n，/wd有/vyou人/n向/p警察局/n举报/v了/y。/wj
这/rzv让/v全/a车/n人/n十分/d惊讶/a，/wd居然/d这么/rz一/m件/q小事/n，/wd就/d告/v到/v警察局/n，/wd而且/c，/wd还/d这么/rz心细/a地/ude2记/v下/vf了/ule旅游团/n的/ude1车牌/n。/wj
那个/rz惹事/vi的/ude1小朋友/n更是/d吓坏/v了/y。/wj
朋友/n告诉/v我/rr，/wd这/rzv对/p这个/rz小朋友/n以及/cc同/p车/n人/n的/ude1教育/vn可能/n是/vshi一辈子/mq的/ude1。/wj
还有/v一/m件/q事/n是/vshi，/wd他们/rr从/p夏威夷/nsf到/v加拿大/nsf过/vf海关/n时/ng，/wd她/rr的/ude1先生/n填写/v入境/vn申报/vn资料/n，/wd在/p是否/v随身/d携带/v动植物/n及其/cc制品/n一/m栏/n中/f，/wd填/v了/ule一个/mq“/wyzNO/x”/wyy。/wj
