20Apr12Blog/x叶/ng永/d烈/a结缘/vn电脑/n20/m年/qt2012-04-2009:07:53/m记得/v，/wd整整/d20/m年/qt前/f——/wp1992年/t，/wd那/rzv时候/n还/d很/d少/a“/wyz打的/v”/wyy的/ude1我/rr，/wd忽然/d乘坐/v一/m辆/q红色/n的/ude1夏利/nz出租车/n回家/vi，/wd从/p车/n里/f小心翼翼/dl地/ude2捧/v出/vf一/m台/q花/n了/ule三千/m多/m元/q人民币/n买/v的/ude1电脑/n。/wj
邻居/n们/k围/v了/ule上来/vf，/wd好奇/a地/ude2问/v：/wp这/rzv是/vshi什么/ry“/wyz机器/n”/wyy？/ww
那/rzv时候/n还/d没有/v专用/vn的/ude1电脑/n桌/ng。/wj
我/rr把/pba电脑/n安放/v在/p我/rr的/ude1书桌/n上/f。/wj
键盘/n呢/y，/wd就/d放/v在/p拉开/v的/ude1抽斗/n里/f。/wj
这/rzv是/vshi一/m台/q“/wyz古老/a”/wyy的/ude1单色/b（/wkz黑白/b）/wky286/m电脑/n。/wj
我/rr还/d花/v了/ule七百/m多/m元/q人民币/n，/wd买/v了/ule一/m台/q吱吱/o作响/v的/ude124/m针/q老式/b色带/n打印机/n。/wj
就/p这样/rzv，/wd我/rr跟/p电脑/n结缘/vi。/wj
我/rr头/m一/m回/qv知道/v可以/v用/p电脑/n写作/vn，/wd是/vshi在/p1982年/t10月/t。/wj
来自/v美国/nsf的/ude1七十/m有/vyou五/m的/ude1作家/n罗伯特/nrf?/ww
海/n因/p来/f因/p跟/p我/rr说/v起/vf，/wd他/rr是/vshi用/p“/wyz机器/n”/wyy写作/vn，/wd我/rr当时/t非常/d惊讶/a。/wj
他/rr拿/v出/vf一/m张/q他/rr在/p书房/n用/p电脑/n写作/vn的/ude1照片/n送给/v我/rr。/wj
不过/c，/wd当时/t我/rr的/ude1感觉/n是/vshi仿佛/d离/v我/rr很/d远/a很/d远/a，/wd好像/v发生/v在/p遥远/a的/ude1星球/n上/f一/m样/q…/ws
…/ws
没/d想到/v，/wd仅仅/d过/vf了/ule10/m年/qt，/wd上海/ns市场/n上/f居然/d也/d有/vyou台式/b电脑/n。/wj
刚刚/d买/v回/qv电脑/n，/wd我/rr兴高采烈/al。/wj
可是/c，/wd这/rzv股/q热情/an只/d维持/v了/ule三/m天/qt。/wj
因为/p我/rr是/vshi用/p中文/nz写作/vn，/wd比/p起/vf美国/nsf作家/n来/vf要/v麻烦/a得/ude3多/a。/wj
英文/nz是/vshi拼音文字/nl，/wd只有/c26/m个/q字/n母/ng，/wd摁/v动/v那/rzv26/m个/q字/n键/ng，/wd就/d能/v写作/vn。/wj
可是/c想/v把/pba成千上万/vl个/q方块/n汉字/nz，/wd通过/p26/m个/q字/n键/ng输/v进/vf电脑/n，/wd就/d不/d那么/rz容易/a了/y。/wj
我/rr没有/d学/v过/uguo汉语拼音/n，/wd无法/v用/p汉语拼音/n输入/vn。/wj
那/rzv台/q电脑/n在/p我/rr的/ude1书房/n里/f闲置/vi了/ule三/m个/q月/n，/wd落/v满/a灰尘/n。/wj
偶然/ad听说/v一/m种/q“/wyz表/n形/ng码/v”/wyy可以/v按照/p字形/n输入/vn，/wd我/rr很/d仔细/a地/ude2研究/v了/ule说明书/n，/wd居然/d“/wyz自学成才/vl”/wyy，/wd花/v了/ule一/m天/qt时间/n，/wd很/d吃力/a地/ude2用/v电脑/n写/v了/ule800/m字/n。/wj
我/rr继续/v努力/an，/wd电脑/n写作/vn的/ude1速度/n很快/d就/d超过/v了/ule手/n写/v。/wj
当时/t，/wd我/rr的/ude1一/m部/q50万/m字/n的/ude1长篇/b手/n写/v了/ule几/m章/q，/wd就/d决定/v用/p电脑/n写/v完/vi。/wj
从/p那/rzv以后/f，/wd我/rr再/d也/d不/d“/wyz笔/n耕/v”/wyy了/y。/wj
在/p整理/v书房/n时/ng，/wd从/p一个/mq铁桶/n里/f找/v出/vf一/m大/a堆/k用/v过/uguo的/ude1金属/n圆珠笔芯/n，/wd从此/d留/v作/v“/wyz纪念品/n”/wyy。/wj
我/rr为什么/ryv有/vyou那样/rzv多/a的/ude1圆珠笔芯/n呢/y？/ww
我/rr最初/d是/vshi用/p自来水笔/n写作/vn。/wj
自从/p邮寄/v时/ng丢失/v了/ule一/m回/qv稿子/n之后/f，/wd我/rr就/d在/p写稿/vi时/ng夹/v了/ule一/m张/q复写纸/n，/wd以/p求/v留/v一/m份/q底稿/n。/wj
所以/c我/rr至今/d保存/v了/ule整整/d一/m书柜/n的/ude1手稿/n。/wj
自来水笔/n不/d便于/v复写/v，/wd我/rr就/d改用/v圆珠笔/n写/v，/wd在/p稿纸/n下/f垫/v了/ule玻璃板/n。/wj
早年/t买/v的/ude1是/vshi最/d普通/a的/ude1竹/ng杆/ng圆珠笔/n，/wd太/d不/d经/p用/v了/y，/wd写/v几/m天/qt就要/d扔掉/v一/m支/q。/wj
后来/t发现/v有/vyou一/m种/q金属/n圆珠笔芯/n很/d粗/a，/wd书写/v质量/n也/d好/a，/wd从/p1983年/t起/f就/d改/v用/p这种/r圆珠笔/n，/wd每/rz根/q笔芯/n大约/d可以/v写/v6万/m字/n。/wj
用/p完/vi之后/f，/wd觉得/v那/rzv闪闪/z发亮/vi的/ude1金属/n笔芯/n丢/v了/ule有/vyou点/qt可惜/v，/wd就/d随手/d丢/v进/vf一个/mq铁桶/n里/f。/wj
日积月累/vl，/wd竟然/d积/v了/ule满满/z一/m桶/q。/wj
数/v了/ule一下/mq，/wd有/vyou215/m支/q之/uzhi多/ng。/wj
由于/p长期/b手/n握/v圆珠笔/n，/wd当时/t我/rr的/ude1右手/n中指/n左侧/f磨/v起/vf黄豆/n般/uyy大/a的/ude1老茧/n。/wj
自从/p用/v上/vf电脑/n，/wd告别/vi了/ule“/wyz伏案/vd写作/v”/wyy，/wd从此/d“/wyz十/m指/v打天下/vi”/wyy，/wd写作/v变成/v像/v弹/v钢琴/n一样/uyy潇洒/a。/wj
我/rr再/d也/d没有/v手稿/n，/wd而是/c用/p电脑/n软盘/n保存/v作品/n。/wj
我/rr最初/d用/v的/ude1是/vshi大饼/n一样/uyy大/a的/ude15/m寸/q软盘/n——/wp现在/t这样/rzv的/ude1软盘/n早已/d“/wyz绝迹/vi”/wyy，/wd成/v了/ule“/wyz文物/n”/wyy。/wj
后来/t改用/v3./m5/m寸/q软盘/n保存/v作品/n，/wd很快/d这种/r软盘/n也/d被/pbei淘汰/v。/wj
我/rr在/p电脑/n中/f安装/v了/ule刻/v录/ng机/ng，/wd改用/v光盘/n保存/v作品/n。/wj
这/rzv20/m年间/n，/wd我/rr随/p电脑/n技术/n的/ude1进步/vn“/wyz与/p时/ng俱/dg进/vf”/wyy：/wp从/p“/wyzWPS/x”/wyy到/v“/wyzWin95/x”/wyy、/wn“/wyzWin98/x”/wyy、/wn“/wyzWinXP/x”/wyy，/wd从/p单/d显/v到/v彩/ng显/v，/wd从/p显像管/n到/v液晶/n屏幕/n，/wd从/p24/m针/q打印机/n到/v扫描/vn、/wn复印/v、/wn传真/n、/wn打印/v四/m合/v一/m的/ude1新式/a喷墨/b打印机/n。/wj
最/d令/v我/rr高兴/a的/ude1是/vshi，/wd我/rr的/ude1胶卷/n照相机/n升级/vi为/p数码/n相机/n，/wd磁带/n录音机/n换代/vi为/p数码/n录音/vn笔/n，/wd并/cc可以/v把/pba图像/n、/wn声音/n输入/vn电脑/n，/wd给/p我/rr的/ude1采访/vn、/wn写作/v带来/v莫/d大/a方便/an。/wj
前/f些/q日子/n我/rr买/v了/ule一个/mq2000G/x的/ude1移动/vn硬盘/n，/wd售货/vn小姐/n惊讶/a地/ude2问/v，/wd你/rr是/vshi干/v哪/ry一/m行/q的/ude1，/wd需要/v这么/rz大/a容量/n的/ude1移动/vn硬盘/n？/ww
其实/d，/wd这/rzv移动/vn硬盘/n就是/v我/rr的/ude1流动/vn书房/n，/wd不仅/c可以/v贮存/v所有/b文稿/n、/wn录音/vn、/wn录像/n，/wd而且/c可以/v存放/v几十万/m张/q照片/n。/wj
带/v着/uzhe可以/v无线/b上网/vn的/ude1手/n提/v电脑/n，/wd带/v着/uzhe这/rzv移动/vn硬盘/n，/wd我/rr无论/c到/v哪里/rys都/d消息/n灵通/a，/wd随时/d收发/v电子/n邮件/n，/wd而且/c随时/d进入/v写作/vn状态/n。/wj
这/rzv20/m年/qt，/wd电脑/n不仅/c改变/v了/ule我/rr，/wd而且/c改变/v了/ule整个/b世界/n。/wj
*/w徐静蕾/nr博客/nz*/w2010-11-1220:46/m休假/vi很快/d就/d要/v结束/v，/wd据说/v北京/ns已经/d很/d冷/a，/wd妈妈/n给/p我/rr发/v来/vf牛/n牛/nr1小朋友/n的/ude1的/ude1照片/n，/wd还有/v我/rr的/ude1小/a猫/n们/k，/wd想/v，/wd你/rr，/wd们/k，/wd了/y！/wt
！/wt
！/wt
而/cc我/rr，/wd已经/d找/v不/d到/v各种/rz感觉/n，/wd工作/vn的/ude1感觉/n，/wd写字/vi的/ude1感觉/n，/wd习惯/n说话/vi的/ude1语感/n…/ws
…/ws
久违/vi了/ule的/ude1悠长/a假期/t，/wd是否/v真的/d可以/v改变/v一个/mq人/n。/wj
反正/d，/wd懒/a了/y，/wd散/v了/y，/wd惰性/n了/y，/wd贪恋/v无所事事/vl的/ude1感觉/n了/y。/wj
回去/v之后/f，/wd绝对/d需要/v强大/a的/ude1推动力/n…/ws
…/ws
*/w徐静蕾/nr博客/nz*/w2010-09-1815:22:05/m找乐/vi之/uzhi旅/ng开始/v…/ws
…/ws
就/d会/v说/v不/d要/v的/ude1乖/a侄子/n！/wt
你/rr又/d长大/vi了/y！/wt
波尔多/nsf时间/n今天/t，/wd本/rz博/ng今年/t抛头露面/vl的/ude1工作/vn将/d基本/a告一段落/vl，/wd剩下/v的/ude1日子/n用来/v伏案/vd搞/v小/a创作/vn、/wn日光浴/n、/wn睡觉/vi、/wn发呆/vi。/wj
放空/vi活动/vn将/d正式/ad开始/v，/wd首要/b工作/vn是/vshi放下/v过去/vf所有/b的/ude1事情/n——/wp那个/rz…/ws
…/ws
主要/d是/vshi工作/vn方面/n的/ude1，/wd不/d是/vshi一般/a的/ude1说/v，/wd真/a的/ude1好/a累/a啊/y…/ws
