为何/ryv在/p平时/t的/ude1执法/vn检查/vn中/f，/wd不/d对/p这种/r危险/a驾驶/vn行为/n进行/vx处理/vn？/ww
假如/c有/vyou严格/a的/ude1处理/vn，/wd船老大/n还/d会/v漠视/v安全/an规定/n，/wd根本/d不/d把/pba乘客/n不/d穿/v救生衣/n当/p一/m回/qv事/n吗/y？/ww
几乎/d每/rz一/m次/qv发生/v安全/an事故/n之后/f，/wd人们/n都/d会/v假设/v“/wyz如果/c”/wyy，/wd可是/c，/wd安全/an事故/n没有/v“/wyz如果/c”/wyy，/wd由此/d造成/v的/ude1损失/n不可/v弥补/v。/wj
这些/rz“/wyz如果/c”/wyy，/wd应该/v在/p制订/v安全/an规定/n，/wd进行/vx安全/a检查/vn时/ng，/wd就/d充分/ad考虑/v到/v。/wj
就/d像/v加拿大/nsf，/wd之所以/c制订/v警车/n、/wn消防车/n、/wn救护车/n必须/d同时/d出动/v的/ude1规定/n，/wd就/d是/vshi考虑/v到/v了/ule一切/rz可能/n发生/v的/ude1局面/n，/wd所谓/v防患于未然/vl。/wj
我们/rr也/d在/p安全/an事故/n发生/v后/f反复/d提醒/v要/v防患于未然/vl，/wd可是/c，/wd在/p平时/t，/wd不/d说/v隐患/n，/wd明/tg患/v也/d处处/d可见/v，/wd安全/an被/pbei抛/v到/v九霄云外/nl。/wj
这样/rzv的/ude1安全/an管理/vn，/wd不/d出/vf事故/n是/vshi侥幸/a，/wd出/vf事故/n则/d是/vshi必然/n。/wj
13./m我/rr去/vf西安/ns的/ude1主要/b目的/n就/d是/vshi奔/v那里/rzs的/ude1小吃/n去/vf了/y，/wd虽然/c现在/t在/p家门口/n的/ude1那些/rz饭店/n和/cc小吃/n街上/s也/d能/v吃/v到/v来自/v全国/n乃至/c世界/n的/ude1美食/n，/wd但是/c在/p心里/s还是/d认为/v地域/n性/k的/ude1美食/n本土/n最/d好/a吃/v，/wd所以/c即便/c是/vshi西安/ns的/ude1这些/rz小吃/n基本/ad都/d在/p家门口/n吃/v过/uguo了/y，/wd也/d还是/d对/p西安/ns去/vf吃/v这些/rz小吃/n充满/v了/ule向往/vn，/wd于是/cc在/p假期/t一/d开始/v就/d毫不犹豫/dl的/ude1选择/vn了/ule西安/ns这/rzv条/q线/n。/wj
走/v之前/f上网/v做/v了/ule些/q功课/n，/wd将/p那些/rz特色/n美食/n都/d做/v了/ule记录/n，/wd详详细细/z的/ude1整整/d2/m大/a篇/q，/wd谁/ry知道/v到/v了/ule目的地/n却/d发现/v给/p弄/v丢/v了/y，/wd我/rr估计/v是/vshi我/rr在/p火车/n上/f向/p也/d去/vf西安/ns旅游/vi的/ude1同/p车厢/n的/ude1人/n显/v摆/v后/f没收/v好/a落/v在/p火车/n上/vf了/y。/wj
到/v了/ule小吃/n街/n后/f完全/ad是/vshi俩/m眼/q一/m抹黑/vi，/wd街/n边/k林立/vi的/ude1店铺/n和/cc摊位/n太/d多/a了/y，/wd最后/f只能/v是/vshi看见/v哪家/r客人/n多/d就/d进/vf哪/ry家/q，/wd这/rzv也/d不/d失/v为/v一个/mq好/a办法/n。/wj
在/p西安/ns的/ude1日子/n去/vf了/ule小吃/n街/n3/m次/qv，/wd都/d是/vshi晚上/t，/wd后/f两/m次/qv都/d是/vshi到/v了/ule以后/f开始/v下/vf大雨/n没/d怎么/ryv逛/v就/d回来/v了/y，/wd只/d有/vyou第一/m次/qv去/vf逛/v得/ude3尽兴/vi吃/v的/ude1弯/ng不/d下/vf腰/n，/wd最后/f一/m天/qt碰到/v的/ude1那个/rz导游/n很/d负/v责任/n将/d哪里/rys好吃/a甚至/d哪个/ry店/n好吃/a都/d告诉/v了/ule老孙/nr，/wd可惜/v我们/rr却/d要/v回去/v了/y，/wd以后/f有/vyou机会/n再/d去/vf吧/y。/wj
老孙/nr对/p羊肉/n泡/v馍/n还/d比较/d感/vg兴趣/n，/wd另外/c就是/v烤肉/n了/y，/wd其余/rz的/ude1小吃/n连/ulian尝/v一/m尝/v都/d不/d肯/v，/wd儿子/n也/d是/vshi吃/v的/ude1很/d少/a，/wd为了/p尽可能/d的/ude1都/d吃/v遍/qv，/wd我/rr都/d是/vshi每/rz样/ng买/v一个/mq，/wd好吃/a的/ude1吃/v完/vi，/wd不/d好吃/a的/ude1就/d咬/vi一/m口/q尝尝/v扔掉/v，/wd儿子/n说/v我/rr是/vshi走/v一路/mq吃/v一路/mq扔/v一路/mq，/wd超级/b浪费/vn，/wd没有/v办法/n我/rr只/d有/vyou一个/mq肚子/n，/wd最后/f吃/v的/ude1弯/ng不/d下/vf腰/n，/wd各种/rz饮料/n也/d喝/vg得/ude3多/a了/y，/wd一/d打/v咯/y都/d有/vyou要/v漾/v出来/vf的/ude1感觉/n。/wj
因为/c吃/v得/ude3多/a又/d很/d杂/a胃/n里/f不/d舒服/a，/wd好/a在/p我/rr有/vyou先见之明/nl，/wd将/d事先/d准备/v好/a的/ude1健胃/vi消食/v片/ng吃/v下去/vf才/d算是/v好受/a些/q~/w~/w喜欢/vi吃/v小吃/n的/ude1朋友/n去/vf旅游/vi的/ude1时候/n无论/c哪/ry种/q食物/n最/d好/a大家/rr只/d买/v一/m份/q，/wd分别/d尝尝/v就/d可以/v了/y，/wd不然/c这/rzv一/m路/qv吃/v下去/vf，/wd真/d会/v撑/v死/a的/ude1。/wj
西安/ns的/ude1小吃/n街/n主要/d由/p回民/n街/n、/wn大/a皮/n院/n、/wn西/b羊/n市/n三/m个/q主要/b部分/n组成/v，/wd逛/v回民/n街/n的/ude1时候/n就/d能/v看到/v另外/rz两/m条/q街/n，/wd白天/t的/ude1时候/n据说/v开/v门/n的/ude1店铺/n少/a，/wd到/v了/ule晚上/t才/d非常/d的/ude1热闹/a，/wd这/rzv几/m条/q街/n最/d热闹/a的/ude1是/vshi回民/n街/n，/wd估计/v大多/d都/d是/vshi像/p我/rr这样/rzv的/ude1外地人/n，/wd西/b羊/n市/n也/d可以/v，/wd反而/d是/vshi大家/rr都/d推荐/v的/ude1大/a皮/n院/n非常/d的/ude1冷清/an。/wj
这/rzv几/m条/q街/n应该/v都/d是/vshi给/p外地人/n准备/v的/ude1，/wd这里/rzs的/ude1小吃/n普遍/a价格/n都/d挺/d高/a，/wd反而/d是/vshi在/p普通/a的/ude1街巷/n吃/v到/v的/ude1小吃/n既/c便宜/v又/d好吃/a。/wj
我/rr想/v本地/rzs人/n的/ude1夜晚/t和/cc我们/rr一样/uyy都/d是/vshi属于/v家人/n的/ude1，/wd不/d可能/v总/d去/vf吃/v这些/rz小吃/n，/wd即便/c是/vshi我/rr这种/r吃/v货/n，/wd如果/c连/v着/uzhe吃/v几/m天/qt这种/r商业化/vn的/ude1小/a吃/v也/d会/v厌倦/v的/ude1。/wj
回来/v的/ude1火车/n上/f遇到/v一个/mq同龄人/n，/wd他/rr的/ude1父母/n是/vshi当年/t支援/v西安/ns三线/n工厂/n建设/vn的/ude1东北/s沈阳/ns人/n，/wd他/rr说/v他们/rr很/d少/a去/vf吃/v西安/ns的/ude1小吃/n，/wd所有/b的/ude1饮食/n习惯/n还/d是/vshi东北/s的/ude1，/wd看来/v一个/mq家庭/n的/ude1饮食/n习惯/n基本/ad来自/v于/p父母/n，/wd并且/c很/d难/ad改变/v，/wd所以/c每次/r旅游/vn回来/v后/f只/d有/vyou吃/v一/m顿/qv家里/s的/ude1饭菜/n后/f心里/s才/d会/v有/vyou种/q踏实/a的/ude1感觉/n。/wj
旅游/vi吗/y，/wd就是/d到处/d感觉/v与/p自己/rr身边/s不同/a的/ude1风景/n与/cc味道/n，/wd好/a不好/a吃/v不/d重要/a，/wd开心/a就/d好/a~/w~/w小时候/t父母/n、/wn邻居/n或/c父母/n的/ude1朋友/n出差/vi回/v老家/n，/wd最/d盼望/v的/ude1就是/v他们/rr带/v回来/v的/ude1土特产/n，/wd现在/t倒/d不/d会/v了/y，/wd现在/t交通/n物流/n都/d非常/d的/ude1发达/a，/wd家门口/n的/ude1商店/n基本/ad都/d能/v买/v到/v，/wd而且/c万能/b的/ude1淘/v宝/n更是/d无所不有/vl，/wd快递/v也/d很/d方便/a。/wj
去/vf西安/ns我/rr除了/p买/v了/ule一个/mq埙/ng（/wkz还/d弄/v碎/a了/y）/wky因为/c装/v油/n泼辣/a子/ng的/ude1小/a罐/ng挺/d好看/a的/ude1买/v了/ule一/m罐/q（/wkz典型/n的/ude1买/v椟/w还/d珠/ng）/wky和/cc儿子/n带/v了/ule几/m个/q兵马俑/n送/v同学/n，/wd其余/rz那些/rz土特产/n我/rr尝/v了/ule尝/v都/d不/d好吃/a，/wd也/d就/d没/d买/v，/wd大家/rr现在/t也/d都/d理解/v，/wd也/d不会/v像/p我/rr小时候/n那样/rzv期盼/v了/y。/wj
来/vf西安/ns一定/d要/v吃/v的/ude1就是/v这/rzv羊肉/n泡/v馍/w，/wd这/rzv是/vshi在/p刚/d进/vf回民/n街/n的/ude1那个/rz老孙/nr家/n吃/v的/ude1，/wd就/d着/uzhe免费/vi的/ude1糖蒜/n吃/v挺/d不错/a的/ude1，/wd汤/n味/ng很/d鲜美/a，/wd羊肉/n也/d很/d软/a，/wd馍/w也/d挺/d好吃/a的/ude1。/wj
后来/t一个/mq导游/n告诉/v我们/rr，/wd老孙/nr家/n羊肉/n泡/v馍/w的/ude1老/a店/n味道/n最/d好/a，/wd其余/rz的/ude1老孙/nr家/n都/d很/d一般/a，/wd现在/t反而/d是/vshi老/a米/q家/n的/ude1羊肉/n泡/v馍/w比较/d受/v欢迎/vn，/wd对于/p我们/rr这些/rz外地人/n哪个/ry店/n人/n多/m去/vf哪个/ry店/n吃/v也/d是/vshi个/q好/a办法/n。/wj
吃/v完/vi出来/vf，/wd有/vyou几/m个/q也/d是/vshi外地/s的/ude1朋友/n正好/z要/v进/vf店/n，/wd问/v我/rr这/rzv家/q的/ude1羊肉/n泡/v馍/w怎么样/ryv，/wd他们/rr说/v刚/d吃/v过/uguo的/ude1一/m家/q超/v难吃/a。/wj
