依照 英国 人 的 收入 跟 物价 相比  这种  相对 比较  的 结果  就 没有 跟 中国 物价 进行 比价 那样 一 种 昂贵 的 感觉 
值得 提到 的 是  英国 实行 的 是 周薪 制  即 每 星期 发 一 次 工资 
英国 人 往往 钱 一 到 手 就 花  不 像 中国 人 那样 喜欢 存 钱 
还 应当 提到 的 是  英国 是 最 早 实行 公共 保健  社会 保险 等 福利 制度 的 西方 国家 
英国 国民 的 福利 待遇 相当 好 
正 因为 这样  在 英国 我 只 看见 街头 的 卖艺 者  没有 看见 伸手 讨 钱 的 乞丐 
不过  英国 这 几 年 通货膨胀 相当 严重 
英国 2011年 1月 的 通货膨胀率 达到 4%  比 政府 维持 通货膨胀率 在 2% 的 目标 高 出 一 倍 
英国 人 工资 的 增长率 赶 不 上 通货膨胀率  所以 英国 民众 抱怨 说  他们 的 生活 的 幸福感 每年 都 在  缩水  
有人 一定 会 说  我 也 知道 选举 制 更 公平  可是 一 选举  多 乱 呀 
是的  别人 是 乱哄哄 选举  太太 平平 生活  我们 是 太太 平平 开会  乱哄哄 生活 
肯定 又 有 朋友 举例  你 看 陈水扁 多 贪  总统 都 敢 这么 贪  可见 民主 不见得 是 个 好 东西 
可是 我 想 尝试 另 一个 句式  看  那儿 连 总统 贪 了 都 敢 抓 出 来  祭 个 母 都 得 严格 审批  这儿 连 个 局长 的 财产 都 不 敢 公 示  监狱 里 伙食 还 享受 正 局级  可见 民主 是 个 最 不 坏 的 东西 
上面 一些 话本 要 写 在 民主 系列 文章 的 《 民主 就 是 不 万能 》 里  我 觉得 万能 的 放之四海而皆准 的 东西  往往 是 可疑 的 （ 例子 自己 举 ） 
素质 低 和 要 乱套  都 是 自己 吓唬 自己  是 借口 —— 走 大街 上  你 要 是 对 谁 说  你 素质 真 低 
他 很 可能 上 来 抽 你  你 劝 他 搞 民主  他 却 一 脸 真诚 承认  算 了  我 素质 真 低 
你 要 是 在 网上 写 条 微 博  要 大 乱 了 
一会儿 就 有 警察 找 你 
可是 谈 起 选举  你 说 一 选 就 天 下 大 乱 
居委会 大妈 都 会 表扬 你 成熟 了 
至于 时机 问题  我 觉得 跟 永远 摸 石头 而 不 过 河 是 同一个 问题 
有 朋友 很 现实主义 地 解释  我 现在 不 能 将军  就 选择 拱 卒 
可 我 觉得 这 不 是 拱 卒  是 自己 在 别 自己 的 马 腿 
民主 又 不 是 搞 起义  约定 凌晨 零时 一起 动手  没 那么 肃 杀  也 不必 等 两三 年 后  民主 就 是 当下 践 行  甚至 你 可以 把 它 成 一 种 必须 的 娱乐 话题 
台湾 选举 给 这儿 做 了 一个 很 好 的 示范  这 几 天 微 博 上 的 台湾 艺人 普遍 热心 关注 选举  林青霞  黑人 建 洲 坐 着 红眼 航班 享受 自己 的 权利  凤凰 主 播 竹幼婷 发 博  回去 首 件 事  投票   王力宏  大 S 都 在 微 博 上 点评 一 还 是 二 的 声 线 好  谁 出 专辑 空间 会 更 好 
要 知道  在 世界 范围 内  这 都 是 显示 大 牌 艺人 气质 的 好 时机  并 不 是 组织 上 侦察 你 是否 有 二 心 的 坏 时机  也 不 是 代 言 多少 化妆品 可以 替代 的  可 这 边 的 演员 娱乐 精神 不 够 好  还 把 那边 当 敌占区  那 点 小 心思 不 是 琢磨 着 怎么 上 春 晚  就是 假装 微 博 里 转发 着 一 分钟 转运 佛 
其实 你 自己 才 是 自己 最 大 一 尊 转运 佛 
所以 金陵 十三 钗 永远 得 不 了 奥斯卡奖 
另外  参选 的 那 几 位 可 都 是 当今 华语 地区 最 好 的 演员  为什么 不 观摩 一下 政客 心机 和 演技  否则  你 永远 只 能 演 女 地下 党员  演 不 了 昂山素季 
民主 离 你 并 不 远  就是 你 的 眼前 戏  只 看 你 愿 不 愿意 入 戏 
其实 我 没 把 民主 当 政治 而是 当 戏 来 看 的  那些 阿 公 打 麻将 时 手 都 发抖 了  还 坚持 写 下 自己 名字  还有 个 可能 投 了 绿 营 的 阿婆 经过 马英 九时 眼神 流露 出 淡然  多 有 镜头 感 
更 好 的 例子  马英九 夫人 周美青  拜 票 招牌 动作 是 九十 度 鞠躬 加 握手  到 后来 全身 哪 都 不 突出 只 剩 椎间盘 突出  可 还是 坚持 
那天 来到 菜市场  伸 出 手 想 握 一个 糙 哥  哥 却 不屑 地 说  你 凭 什么 握 我 的 手  我 的 手 那么 高贵  我 不 跟 你 握   扭头 离去  周美青 仍 满脸 笑容  九十 度 深深 鞠 下去 
差不多 同 一时间  我们 这儿 的 铁道部 官员 来到 售票 大厅  面对 数千 买 不 到 票 的 群众 爽朗 地 问  你们 的 票 都 买 到 了 吧 
群众 干瘪 地 笑 且 鼓掌 
3 很多 人 把 冰箱 当成 了 家里 的  食品 消毒 柜   认为 贮存 在 冰箱 里 的 食品 就 是 卫生 的 
其实  冰箱 因 长期 存放 食品 又 不 经常 清洗  会 滋生 出 许多 细菌 
美国 佐治亚 大学 食品 安全 中心 主任 麦克洱 
柯南道尔 博士 建议  冰箱 里 的 食物 虽然 外表 看 起来 还 新鲜  但是 实际上 已经 变质 
对于 熟 肉类 食物 在 冰箱 中 的 储存 时间 不 应该 超过 4 天 
冰箱 保存 食物 的 常用 冷藏 温度 是 4 ℃ 至 8 ℃  在 这种 环境 下  绝大多数 的 细菌 生长 速度 放慢 
但 有些 细菌 却 嗜 冷  如 耶尔森 菌  李斯特 氏 菌 等 在 这种 温度 下 反而 能 迅速 增长 繁殖  如果 食用 感染 了 这 类 细菌 的 食品  就 会 引起 肠道 疾病 
而 冰箱 的 冷冻箱 里  温度 一般 在 零下 18 ℃ 左右  在 这种 温度 下  一般 细菌 都 会 被 抑制 或 杀死  所以 这 里面 存放 食品 具有 更 好 的 保鲜 作用 
但 冷冻 并 不 等于 能 完全 杀菌  仍 有 些 抗 冻 能力 较 强 的 细菌 会 存活 下来 
