为何 在 平时 的 执法 检查 中  不 对 这种 危险 驾驶 行为 进行 处理 
假如 有 严格 的 处理  船老大 还 会 漠视 安全 规定  根本 不 把 乘客 不 穿 救生衣 当 一 回 事 吗 
几乎 每 一 次 发生 安全 事故 之后  人们 都 会 假设  如果   可是  安全 事故 没有  如果   由此 造成 的 损失 不可 弥补 
这些  如果   应该 在 制订 安全 规定  进行 安全 检查 时  就 充分 考虑 到 
就 像 加拿大  之所以 制订 警车  消防车  救护车 必须 同时 出动 的 规定  就 是 考虑 到 了 一切 可能 发生 的 局面  所谓 防患于未然 
我们 也 在 安全 事故 发生 后 反复 提醒 要 防患于未然  可是  在 平时  不 说 隐患  明 患 也 处处 可见  安全 被 抛 到 九霄云外 
这样 的 安全 管理  不 出 事故 是 侥幸  出 事故 则 是 必然 
13 我 去 西安 的 主要 目的 就 是 奔 那里 的 小吃 去 了  虽然 现在 在 家门口 的 那些 饭店 和 小吃 街上 也 能 吃 到 来自 全国 乃至 世界 的 美食  但是 在 心里 还是 认为 地域 性 的 美食 本土 最 好 吃  所以 即便 是 西安 的 这些 小吃 基本 都 在 家门口 吃 过 了  也 还是 对 西安 去 吃 这些 小吃 充满 了 向往  于是 在 假期 一 开始 就 毫不犹豫 的 选择 了 西安 这 条 线 
走 之前 上网 做 了 些 功课  将 那些 特色 美食 都 做 了 记录  详详细细 的 整整 2 大 篇  谁 知道 到 了 目的地 却 发现 给 弄 丢 了  我 估计 是 我 在 火车 上 向 也 去 西安 旅游 的 同 车厢 的 人 显 摆 后 没收 好 落 在 火车 上 了 
到 了 小吃 街 后 完全 是 俩 眼 一 抹黑  街 边 林立 的 店铺 和 摊位 太 多 了  最后 只能 是 看见 哪家 客人 多 就 进 哪 家  这 也 不 失 为 一个 好 办法 
在 西安 的 日子 去 了 小吃 街 3 次  都 是 晚上  后 两 次 都 是 到 了 以后 开始 下 大雨 没 怎么 逛 就 回来 了  只 有 第一 次 去 逛 得 尽兴 吃 的 弯 不 下 腰  最后 一 天 碰到 的 那个 导游 很 负 责任 将 哪里 好吃 甚至 哪个 店 好吃 都 告诉 了 老孙  可惜 我们 却 要 回去 了  以后 有 机会 再 去 吧 
老孙 对 羊肉 泡 馍 还 比较 感 兴趣  另外 就是 烤肉 了  其余 的 小吃 连 尝 一 尝 都 不 肯  儿子 也 是 吃 的 很 少  为了 尽可能 的 都 吃 遍  我 都 是 每 样 买 一个  好吃 的 吃 完  不 好吃 的 就 咬 一 口 尝尝 扔掉  儿子 说 我 是 走 一路 吃 一路 扔 一路  超级 浪费  没有 办法 我 只 有 一个 肚子  最后 吃 的 弯 不 下 腰  各种 饮料 也 喝 得 多 了  一 打 咯 都 有 要 漾 出来 的 感觉 
因为 吃 得 多 又 很 杂 胃 里 不 舒服  好 在 我 有 先见之明  将 事先 准备 好 的 健胃 消食 片 吃 下去 才 算是 好受 些 ~ ~ 喜欢 吃 小吃 的 朋友 去 旅游 的 时候 无论 哪 种 食物 最 好 大家 只 买 一 份  分别 尝尝 就 可以 了  不然 这 一 路 吃 下去  真 会 撑 死 的 
西安 的 小吃 街 主要 由 回民 街  大 皮 院  西 羊 市 三 个 主要 部分 组成  逛 回民 街 的 时候 就 能 看到 另外 两 条 街  白天 的 时候 据说 开 门 的 店铺 少  到 了 晚上 才 非常 的 热闹  这 几 条 街 最 热闹 的 是 回民 街  估计 大多 都 是 像 我 这样 的 外地人  西 羊 市 也 可以  反而 是 大家 都 推荐 的 大 皮 院 非常 的 冷清 
这 几 条 街 应该 都 是 给 外地人 准备 的  这里 的 小吃 普遍 价格 都 挺 高  反而 是 在 普通 的 街巷 吃 到 的 小吃 既 便宜 又 好吃 
我 想 本地 人 的 夜晚 和 我们 一样 都 是 属于 家人 的  不 可能 总 去 吃 这些 小吃  即便 是 我 这种 吃 货  如果 连 着 吃 几 天 这种 商业化 的 小 吃 也 会 厌倦 的 
回来 的 火车 上 遇到 一个 同龄人  他 的 父母 是 当年 支援 西安 三线 工厂 建设 的 东北 沈阳 人  他 说 他们 很 少 去 吃 西安 的 小吃  所有 的 饮食 习惯 还 是 东北 的  看来 一个 家庭 的 饮食 习惯 基本 来自 于 父母  并且 很 难 改变  所以 每次 旅游 回来 后 只 有 吃 一 顿 家里 的 饭菜 后 心里 才 会 有 种 踏实 的 感觉 
旅游 吗  就是 到处 感觉 与 自己 身边 不同 的 风景 与 味道  好 不好 吃 不 重要  开心 就 好 ~ ~ 小时候 父母  邻居 或 父母 的 朋友 出差 回 老家  最 盼望 的 就是 他们 带 回来 的 土特产  现在 倒 不 会 了  现在 交通 物流 都 非常 的 发达  家门口 的 商店 基本 都 能 买 到  而且 万能 的 淘 宝 更是 无所不有  快递 也 很 方便 
去 西安 我 除了 买 了 一个 埙 （ 还 弄 碎 了 ） 因为 装 油 泼辣 子 的 小 罐 挺 好看 的 买 了 一 罐 （ 典型 的 买 椟 还 珠 ） 和 儿子 带 了 几 个 兵马俑 送 同学  其余 那些 土特产 我 尝 了 尝 都 不 好吃  也 就 没 买  大家 现在 也 都 理解  也 不会 像 我 小时候 那样 期盼 了 
来 西安 一定 要 吃 的 就是 这 羊肉 泡 馍  这 是 在 刚 进 回民 街 的 那个 老孙 家 吃 的  就 着 免费 的 糖蒜 吃 挺 不错 的  汤 味 很 鲜美  羊肉 也 很 软  馍 也 挺 好吃 的 
后来 一个 导游 告诉 我们  老孙 家 羊肉 泡 馍 的 老 店 味道 最 好  其余 的 老孙 家 都 很 一般  现在 反而 是 老 米 家 的 羊肉 泡 馍 比较 受 欢迎  对于 我们 这些 外地人 哪个 店 人 多 去 哪个 店 吃 也 是 个 好 办法 
吃 完 出来  有 几 个 也 是 外地 的 朋友 正好 要 进 店  问 我 这 家 的 羊肉 泡 馍 怎么样  他们 说 刚 吃 过 的 一 家 超 难吃 
