酒 过 八旬  大家 都 东倒西歪 的 往 门外 走 去 
我 老公 早 在 门口 等 侯 多 时  看到 他 爹 喝 成 那样 出来  一个 剑 步 就 冲 上 前 去  扶 上 车 
我 公公 正 了 正 声  大声 说  把 你 那些 叔叔 大爷 的  都 也 一个个 的 扶 上 车  送 回 家 
我 老公 严格 照 做 
车上  大家 都 沉默 了 
有 个 叔叔 开口 说 了  老李 呀  还 是 你 有 福 呀 
我 公公 这时 才 笑 了 笑  儿子 没出息 呀  倒 好 也 成 了 一 种 福气 了 是 啊  人 有 了 孩子 以后 生活 的 重心 就 开始 围绕 着 这个 小人儿 了  我们 现在 磨 拳 搽 掌 的 给 孩子 报 各种 培训班  前方 百 计 的 让 孩子 上 最 好 的 学校  我们 无非 是 希望 我们 的 孩子 将来 能够 出人头地  这 其中 就 隐含 着 去 大 城市  出国 等 的  在 我们 小 城 能 有 什么 大 出息 呢 
甚至 包括 我 妈妈 闲 下 来 给 我 说 起来 也 是 我 当时 村子 里 一 起 上学 的 伙伴  哪个 就 留 在 小 城市 里  哪个 在 那个 小 地方 工作  哪个 没 买 上 房子  哪个 没有 车  言外之意 就 是 她 很 满足  她 的 女儿 有 房子 有 车 又 有 个 好 老公 
虽然 知道 妈妈 那样 很 虚荣 很 表面化  过 的 幸福 才 是 最 重要 的  但是 看 着 妈妈 那 份 骄傲 的 表情 不 忍心 打击 她 所以 也 不 跟 他 理论  只 是 听 着 她 叨 叨 
所 幸 是 我 离 妈妈 也 不 远  所以 妈妈 体 量 不 到 那 份 孩子 远 走 高 分 的 痛 
忽然  想起 邻居 孙 阿姨 跟 我 说 过 的 话  姑娘 啊  不 用 老 是 盼 着 你 的 孩子 又 多 出息 啊  整天 想 让 他 去 大 城市  让 他 出国  真 出去 了 也 没有 多 好 啊  你 看 我 一 双 儿女 都 不 在 身边  老伴 去世 了 以后 就 剩下 了 我 孤零零 的 一个 人 了  儿女 们 倒 是 要 接 我 过去 的  可 是 他们 都 去 上班 家里 留 我 一个 还 不 如 我 在 这里  最 起码 还 有 这些 老 邻居 啊 
你 看 你 李 阿姨 的 儿子 没什么 大 出息  就 在 我们 这里 一个 小 公司 上班  可是 你 李 阿姨 整天 的 陪 着 孙子 嘻嘻哈哈 的 羡慕 死人 了 
是 啊  儿孙满堂 的 幸福 对于 一个 老人 来说 是 多么 的 重要 啊  想到 我 老 了 以后 不用 上班 了  孩子 在 遥远 的 他乡  剩下 我们 老两口 大 眼 对 小 眼 的  还 能 有 多少 乐趣 呢 
不过 作为 母亲 我 还 是 希望 我 的 孩子 幸福 快乐  如果 她 有 能力 到 更 好 的 平台 发展  做 母亲 的 我 绝不 会 因为 自己 的 一点 私心 而 去 阻挠  那个 时候 我 和 老公 就 享受 我们 的 二 人 世界  如果 身体 尚 好 就 去 我们 想 去 的 地方 走走  自己 找 找乐 子 吧 
如果 女儿 并 没有 走 远  那 我们 也 很 乐意 做 她 坚实 的 后盾  帮 她 料理 家务  看看 孩子  一家 人 一起 享受 天伦之乐 
11Apr12Blog 熊丙奇 安全 的 意识 和 习惯 2012-04-11080744 一 位 朋友 在 加拿大 开车  在 等 红灯 时  被 后边 的 车 追 尾 
他 随即 打 了 报警 电话 911 
没 过 一会儿  警车  消防车  救护车 都 到 了 
他 看到 这 阵势  很 诧异  问 警察  我 没 叫 消防车  救护车 啊  再 说 我们 这里 也 没有 失火  没有 人 受伤  来 消防车  救护车 干 嘛 啊 
对方 回答 说  这 是 我们 这里 的 规定  只要 车祸 事故 报 911  警车  消防车  救护车 会 同时 出动  我们 担心 有 人 伤势 过重  或 发生 其他 意外 情况  不 能 准确 告诉 当时 的 情形  要 是 这样 错过 了 救护 时间  是 不 允许 的 
朋友 回家 后  对 此 啧啧 称 奇  后 一 查  才 发现  这 确实 是 加拿大 处理 类似 紧急 问题 的 常态 
按 规定  在 任何 紧急 情况 下  只 需 致电 911  便 可 获得 警方  消防 局 或 救护队 立刻 协助 
当 致电 911 的 时候  电话 系统 会 立刻 自动 监 定 你 所 用 的 电话 号码  安装 地址 及 登记 人 姓名 
这 真是  人性化  到 家 了  更 难能可贵 的 是  每 一 次  一个 911 电话  这 三 家 都 同时 出动 
哪怕 很 多 次 只 是  小事   消防车  救护队 根本 就 派 不 上 用场  却 似乎 从来 没 影响 消防 局  救护队 下次 出动 的  积极性   因为 这 成 了 其 习惯性 动作  变成 一 种 基本 常识 
要 是 换 在 我们 这里  恐怕 能 坚持 做到 一两 次 就 不 错 了 
在 经历 过 上 一 次 消防车  救护队  无 功 而 返  的  折腾  后  一 种 侥幸 的 心理  就 可能 在 心中 升腾 —— 警车 先 去  如果 有 要求  再 致电 消防 和 救护 
殊不知  这种 侥幸  是 一 种 严重 的 违法 行为 —— 朋友 说  加拿大 的 警方  消防 局  救护队  立即 出动  并 不 是 出于 学 雷锋  做 好事  而是 法律 有 这样 的 规定  只要 不 出动  就 触犯 了 法规  将 要 追究 责任 
这样 做  是 正常  不 这样 做  就 是 违法 
对于 安全  我国 并 不 缺 法律 法规  可是  执行 情况 却 极 不 乐观 
比如  最近 发生 的 太湖 惨案  据 报道  大学生 上 船 后  有 学生 曾 提出 要 穿 救生衣  却 被 船老大 拒绝 了 
而 根据 规定  在 任何 湖泊 型 景区  游客 乘坐 游艇  驾驶员 都 必须 提醒 游客 穿 上 救生衣  并 告知 安全 须知 
事后 根据 警方 的 初步 调查  因 乘客 未 穿 救生衣  船老大 已 涉嫌 危险 驾驶  被 刑 拘 
可 问题 是  这种 危险 驾驶 行为  是 不 是 十分 平常 
