认为 日语 学习  太 简单  
这 部分 学生 通常 在 赴 日 前 日语 有 一定 基础  其中 有些 人 已 取得 相关 日语 能力 等级 证书  这 类 学生 赴 日 后  常常 错误 地 认为 书面 语法 以前 都 学 过  日本 老师 按部就班 教授 似乎 是 在 浪费 时间 
实 则 不然 
获取 相应 等级 证书 并 不 意味着 已 掌握 了 日语  日语 达到 了 精通 
中国 学生 普遍 都 是 哑巴 日语  在 此 建议 留学生 在 就读 语言 学校 时 要 有 点  耐心  
攀比 心理 作祟 
看 到 周围 的 同学 都 升学 了  如果 自己 还 呆 在 语言 学校 会 觉得  好 没 面子  
升学 条件 不 成熟  执意 升学 的 学生 往往 会 陷入 名牌 大学  名落孙山   普通 大学  于 心 不甘  的 尴尬 境地 
日本 自 2008年 推出 至 2010年  接收 30万 留学生 政策   此后 近 两 年 的 时间  日本 一直 围绕 该 留学 新政 开始 大规模 接收 留学生 
但 在 实际 接收 留学生 过程 中  各 大学 却 遇到 了 诸多 现实 问题 
其中 留学生  日语 能力 不足  成为 最 大 的 问题 
据 日本 相关 调查 显示  日本 大学 （ 含 大学 院 ） 所 接收 的 留学生 中  有 半数 以上 的 学生 存在 日语 能力 不足 或 严重 不足 问题 
日语 能力 不足 直接 影响 留学生 对 专业 课程 的 学习  且 会 影响 其 对 日本 文化 的 理解  进而 影响 个人 整个 留学 价值 的 实现 
建议  选择 日本 留学 的 外国 学生 最 好 能够 进入 日本 语言 培训 机关 （ 日语 学校 等 ） 进行 为期 1-2 年 的 预备 教育 过渡 
俄罗斯 百姓  特别 是 遇难 官兵 的 家属  急切 希望 自己 的 亲人 得救  他们 对于 普 京 迟迟 才 从 克里米亚 返回 莫斯科  对 普京 拒绝 外援  极为 反感 
普京 了解 百姓 的 情绪 之后  马 上 加以 弥补 
他 赶赴  库尔斯克  号 潜艇 的 营地  会见 遇难 官兵 的 家属 
普京 同 他们 的 谈话 持续 了 两 个 半 小时  耐心 地 回答 了 他们 的 要求 和 问题 
普京 表示 同意 接受 外国 的 技术 援助  尽快 打捞  库尔斯克  号 潜艇 
电视台 在 现场 进行 转播 
俄罗斯 老百姓 很快 就 扭转 了 对 普京 的 看法 
更为 难得 的 是  普 京 后来 又 在 接受 电视 采访 时  向 俄罗斯 全国 人民 承认 自己 在  库尔斯克  号 潜艇 事故 发生 时 拒绝 外国 援助 的 错误 
长期以来  苏联 领导人 从 无 当众 检查 自己 错误  普京 的 行动 打破 了  惯例  
于是  普京 不仅 得到 了 俄罗斯 人民 的 谅解  而且 反而 受到 称赞  他 也 就 从  失 分  到  得分  
普 京 言语 不 多  不 爱 许愿  而是 着重 于 采取 实际 措施 
他 办事 果断 
普京 上台 之后  赢得 了 三 方面 的 胜利  一 是 实现 了 俄罗斯 国内 的 稳定 
普京 打击 了 各种 黑 势力  使 治安 形势 明显 好转 
他 也 使 俄罗斯 的 八十九 个 联邦 日趋 团结  减少 了 离心 倾向 
二 是 在 外交 上 逐渐 恢复 了 俄罗斯 的 大国 地位  推行 多极 外交  东西方 平衡 外交  加强 了 俄罗斯 在 国际 上 的 影响力 
三 是 经济 好转 —— 这 是 实现 国内 稳定  外交 胜利 的 基础 
普京 为 俄 经济 明确 了 四 个 基本 方向  加强 国家 对 经济 的 宏观 调控  循序渐进 地 实现 经济 改革  优先 发展 高 科技 及 科技 密集型 产业  国民经济 中 的 战略性 企业 将 维持 国有制 或 由 国家 控股  改革 社会 福利 体制  严格 控制 外汇 流出  摈弃 重 金融  轻 生产 的 不良 倾向  制定 化工  汽车  轻工业 和 高 科技 等 领域 的 中长期 发展 规划  运用 海关 手段 保护 本国 生产者 和 市场 
这样  俄罗斯 的 经济 状况 开始 好转 
2000年 俄罗斯 国民 生产总值 增长 7 6%  国家 财政 从 连年 赤字 首 次 转为 盈余  当年 底 国家杜马 通过 了 独立 以来 的 第一 个 无 赤字 预算 
等 我 明白 这 一点  已 做 群众 演员 很 多 年  我 还 明白 自己 永远 假装 不成 围观  名字 跟 其他 亿万 名字 都 沙 粒 般 写 在 剧本 上  无论 愿 不 愿意 都 被 它 左右 命运  哪怕 只 是 某个 部门 换 个 领导 也 意味着 涨 油价 调 个 税 地上 50年 地下 20 年 加 起来 你 就 是 人生 复式 楼 荣誉 业主  一切 只 在 拍 脑门 之间  你 就 蒙太奇 
后来 我 去 了 成都 
有 段 时间 离 我 家乡 很 近 的 一个 城市 很 流行 不许 在 夜总会 唱歌  却 必须 在 大街 上 唱歌  2009年 我 远离 足球 回归 写作  去 到 那里  过去 的 同行 正在 对 着 手机 上 记 歌词  我 以为 他们 不 信  交谈 后 发现 他 们 有时 还 真 信  虽 不 信 唱歌 治 精神病  但 信 可 让 球队 士气 有所 增进  说 城市 有 安全感 了  街道 干净 了  贪官 少 了 

虽然 对应 的 事实 是 人 心 更 没 安全感  密室 更 肮脏  贪官 数量 少 了 可 级别 提高 了 
所有 报纸 的 头版 都 在 刊登 唱歌  晃 一眼 会 以为 是 超女 会刊  定 力 稍 差 就 穿越 回 太行山 
我 将信将疑  可 离开 那 座 城市 不久  得到 消息  会 唱歌 的 球队  降级 了 
人民 是 不 需要 主义 的  人民 只 需要 谁 赢 跟 谁 走  打开 最近 的 报纸 一切 像 从未 发生  整 座 城 坚决 支持 正确 决定  我们 的 报纸 每天 都 很 正确  只是 不 方便 看 合订本 
但 群众 演员 一如既往 地 忙  每个 郝 大头 都 在 热烈 庆祝 拨乱反正 
我 曾经 说 过 其实 并 没 那么 多 拨乱反正  很多 时候 只是 庙街 对 后 街 的 战胜  是 A 对 B 的 肃清  它 是 家事 不 是 国事  更 不 是 国是 

但 我 听到 最新 的 一个 故事  一个 新加坡人 药 了 一个 英国 人  一个 中国 人 跑 美国 人 那儿 报案  一 群 外国人 家属 把 一个 在 牛津 读书 的 孩儿 他 爸 逮 起来 了 —— 这 是 在 中国 发生 的 没有 中国 人 参与 的 谋杀案 
所以  我们 这些 中 国籍 群众 演员 没什么 可 义愤填膺 的 
