从 博导 与 博士生 的 关系 看  存在 异化 的 倾向 
对于 理工科 博士生 来说  博导 往往 被 称为  老板   博士生 们 被 导师 作为 廉价 的 劳动力  为 自己 的 项目 打工  而 不少 文科 博士生 则 由于 导师 没有 精力 管理  处于 放羊 状态 以上 这些 问题  都 可以 制造 出  超期 博士  来 
而 对于 上述 这些 问题  教育 部门 已 有 察觉  一些 高校 也 采取 措施 提高 博士 教育 质量 
具体 包括  实行 导师 资助 制  要求 有 课题 的 教师 才 能 带 博士  且 限定 带 博士 的 数量  对于 每 位 博士生  导师 要 从 课题 经费 中 拿 出 规定 的 额度  进行 补助  改革 博导 制度  允许 副教授 以上 教师  也 可 招收 博士  等等 
但 这些 措施  同时 也 引来 争议  并 产生 新 的 问题 
以 导师 资助 制 为 例  这 是 发达国家 采取 的 博士生 培养 制度  但 实行 这样 的 制度  其 前提 应 是 学术 本位 管理  即 学术 资源 应该 由 学术 共同体 按照 学术 标准 配置  可是  在 我国  学术 却 高度 行政化  不论是 课题 的 立项  还 是 教授 的 考核  都 由 行政 主导 
根据 导师 资助 制  那些 不 能 申请 到 国家 课题 的 教授  是 不 是 就 被 排除 在 导师 行列 之外 呢 
而 为了 能 获得 课题  以 资助 学生  导师 是 不 是 要 用 手中 的 招生  培养 权利  去 与 有 权 有 势 者 进行 交换 呢 
 学历 情结  下 的 攻 博 热 其实  这种 情况  在 以往 博士生 的 招生 中 已经 发生 了 
具体 就 表现 在 在职 博士 的 招生 之中 
从 各 高校 清退 的 超期 博士 构成 分析  在职 博士 占 绝大多数 
高校 招收 在 大量 职 博士  说 白 了  就是 用 教育 资源  学术 资源 去 与 权势 资源 进行 交换 
我国 社会 存在 对 博士 学历 的 旺盛 需求  除了 高等学校 教职 岗位  科研 机构 的 研究 岗位 按 要求 需要 从业者 有 高 学历 之外  其他 一些 本 不 需要 高 学历 的 岗位  也 纷纷 提出 学历 门槛 要求 
有的 地方 招聘 处级 干部  就 明确 提出 应聘 者 的 学历 为 博士  还 有的 地方  在 人才 晋升 中  学历 也 是 明文 或者 不 明 文 的 重要 标准 
这 导致 一些 人 不 是 为了 追求 学术 发展  仅仅 为了 提高 学历 层次 而 攻读 博士 学位  包括 一些 企业 负责人  政府 官员 
也 正是 由于 这种 " 读 博 心态 "  进一步 鼓励 了 一些 高校 可以 不 考虑 博士生 的 质量  而 大力 发展 博士 教育  甚至 把 博士 学历 资源 与 一些 老板  官员 手中 的 资源 进行 " 共享 " 
10 虽然 房价 一路 上扬  但 房屋 作为 我们 在 一个 城市 长久 生存 与 立足 的 必备 之 物  确实 有 很多 朋友 倾 已 所有 购置 了 住宅  选择 什么样 的 楼盘 
是 令 很多 朋友 烦恼 的 事  户 型 当然 要 选 最佳 的  但 楼盘 的 风水 选址 对于 朋友 们 也 是 十分 重要 的  价格 再 高  也 不要 因为 经济 原因 让 自己 住 在 一个 风水 差 的 地方  否则 遗 害 无穷 
那么  选择 住宅 有 哪些 风水 的 禁忌 呢 
立交桥 比比皆是  也 是 一个 大 城市 主要 的 交通 枢纽  而 立交桥 上 高速 行驶 的 车辆 会 造成 噪音 和 螺旋 气流  对 周围 风水 产生 非常 大 的 破坏 和 冲 断 作用  同时 对 身心健康 也 会 有 不利 影响 
长期 居住 在 此 神经衰弱  肠胃 疾病 都 有 可能 发生 
这种 位置 人流量 大  风水 也 会 经常 变化 
气 场 的 不 稳定 对 人 的 运 势 也 会 有 影响  这种 环境 一般 适合 作为 商业 经营 场所 的 选择 
为了 生活 便捷  朋友 们 家中 的 电器 可是 样样 俱全  而 电器 对 人体 有 辐射  大家 也 略知一二  其实 电器 毕竟 是 小家电  只要 多 加 留意 是 可以 避免 对 人体 造成 伤害 的 
如果 你 的 住宅 附近 有 电视塔 这样 大 的 辐射源  可 就 是 大 隐患 了  电视塔 的 发射 功率 强  它 的 电磁波 会 造成 人 的 免疫 机能 下降  长期 在 此 生活  白血病  精神 分裂 症  甚至 各种 癌症  都 有 可能 不 请 自 来 
一般 来讲 离 电视塔 300 米 以外 的 房子  相对 会 比较 安全 
上班 代 步  周末 度假  外出 购物  为了 使 生活 更加 丰富  很多 朋友 购置 了 私家 车  随之而来 的  加油 的 便利 也 是 朋友 们 所 期待 的  有 的 朋友 为了 图 方便 而 选 个 离 加油站 近 的 位置 购房  殊不知 油 里面 含有 大量 的 有害 物体  对 健康 危害 极大  另外 加油站 旁边 的 车辆 停泊 和 启动 噪音 非常 大  噪音 也 是 风水 学 上 的 煞气  长期 有 煞气 笼罩 可是 大忌 
楼盘 之间 有 玻璃 墙 楼盘 在 对面 这 叫 光 煞  光 煞 形成 污染  反射 能量  对 人 的 身体 非常 不利  现在 已经 有 好多 楼 将 外观 玻璃 幕墙 装饰 改掉 了  长 时间 的 接受 光 污染 会 对 健康 产生 影响  尤其 是 造成 眼睛 方面 的 疾病 
楼盘 主 卧室  不 要 与 外面 大路 直 冲  这种 格局 气 场 非常 的 不 稳定  它 可以 导致 家庭 关系 不 和睦  第三者 出现  对 居住 者 的 身体 也 非常 不好  这种 冲 煞 尤其 会 使 气流 倒入 使 人 易 患 感冒 
我们 平时 看到 的 发射塔 一定 是 尖 的  接收器 一定 是 圆 的  如果 住房 的 阳台 和 主 卧 对 着 尖 角  就 等于 无时无刻 都 要 接收 一些 不利 的 东西  而 这种 尖 角 我们 称之为 尖刀 煞  尖刀 煞 会 令 居住 者 精神 很 差  甚至 精神 分裂 
这种 方位 朋友 们 在 选购 房屋 时 一定 要 避开 
高楼大厦  看 起来 有 气势  住 到 高层 还 可以 一 览 城市 风光  看 起来 这样 的 房 是 求之不得 的 旺 宅  这里 要 看 它 的 具体 情况  如果 楼盘 太 高 而 地盘 小 是 不宜 居住 的 
人 在 自然 中  自然 在 人 中  两者 是 相互 依存  水乳交融 的 关系  而 楼盘 忌 楼 高 地盘 小  或者 楼 不 高 却 被 四周 高楼 包围  这 两 种 情况 我们 叫 它 孤独 煞  在 这样 的 环境 中  我们 通常 都 会 感觉 不 舒适  且 容易 精神 抑郁 
