韩国 人 极 重视 养生  除了 日常 健身 和 控制 进食 过多 脂肪 外  还 有 吃 参 养生 的 习惯  酒店 里 免费 配送 的 袋装 饮品 便 有 参 茶 颗粒 
最 受 欢迎 的 养生 汤 则 是 参 鸡汤  尤其 在 夏天  不少 人 会 排 着 长 队 购买 
这 跟 中国 的 进 补 传统 很 不同  中国 人 讲究 秋 冬 进 补  是 驱寒 生 暖 之 意 
韩国 人 却 认为 夏天 更 该 进 补  以 补充 炎炎 夏日 的 强 体力 消耗 
各国 文化 不同  习惯 上 难免 有 差异 
但 在 饮食 习惯 的 问题 上  却 值得 大家 普遍 思考  最近 英国 皇家 学会 公布 的 一 项 最新 研究 称  每天 只 吃 六 成 饱  可以 多 活 二十 年 
不论 是 不 是 真 有 那么 惊人  但 控制 营养 的 过度 摄入  已经 成为 城市 人 的 共同 命题 
尤其 是 那些 爱 漂亮 的 女人 们  让 漂亮 更 久 一点 的 保持 下去 也 不 是 不 可能  因为 美丽 也 是 靠 吃 出来 的 
记得 曾经 有 人 说  美丽 的 女人 要 管 好 自己 的 两 张 嘴  吃 东西 的 嘴 和 说闲话 的 嘴 
前者 是 让 女人 保持 轻盈 的 身 态  后者 是 让 女人 保持 优雅 的 仪态 
优雅  也许 是 需要 智慧 和 阅历 的 积淀 
但 身姿 上 的 轻盈  却 是 可以 通过 生活 的 自律 性 而 达到  并且 维持 下来 的 
Blog 方舟 子 你 乐意 为 下一代 设计 基因 吗 
( 2012-05-021222191997 年 科幻 片 《 Gattaca 》 （ 国内 怪异 地 翻译 成 《 变种 异 煞 》 或 《 千钧一发 》 ） 上映 时  我 还 在 美国 研究 分子 遗传学 
这部 电影 讲述 了 一个 和 我 的 专业 有些 关系 的 故事 
在  不 太 遥远 的 未来   人们 在 计划 生 小孩 之前 都 要 由 遗传学 家 来 控制  人为 地 设计  操纵  只 选择 父母 喜欢 的 最 好 的 基因 遗传 给 后代  生 下 完美 的  合格 人  
而 那些 自然 怀孕 的 人 因 难免 有 各种 缺陷  被 称为  瑕疵 人   只 能 从事 当 清洁工 等  下 等  工作 
一个  瑕疵 人  为了 实现 当 宇航员 的 梦想  买 下 了 一个  合格 人  的 身份  血液  尿 液 等  混进 航天 公司  故事 由 此 展开 
这部 电影 的 票房 非常 失败  却 深受 好评  逐渐 成为 一 部 经典 科幻 片 
它 受 重视 的 不仅仅 是 其 艺术  更 重要 的 是 其 主题  是 首 部 反映 所谓  基因 歧视  的 电影 
著名 的 科学 杂志 英国 《 自然 》 当时 曾 发表 影评  建议 分子 遗传学 家 都 去 看 这 部 电影  以 了解 普通人 对 基因 改良 人种 的 看法 
以后 在 讨论 关于 遗传工程  人种 改良 的 话题 时  这部 电影 经常 被 提及 
去年 一月份  美国 宇航局 把 它 评为 历来 最 靠 谱 的 科幻 电影 
影片 中 涉及 的 生物 技术 当然 有 经不起 专业 眼光 挑剔 的 地方  但 与 其他 科幻 片 相比  它 的确 是 很 科学 的 
这部 电影 放映 时  人类 基因组 计划 还 未 完成 
还要 再 过 三 年  在 历时 十几 年  花费 了 约 30亿 美元 之后  人类 基因组 序列 才 被 全部 测定  人类 才 拥有 了 第一 份 全 基因组  文本  
除了 同 卵 孪生子  每个 人 的 基因组 都 不 一样   文本  也 都 不 一样  每个 人 都 要 分别 测 序 才 能 了解 自己 的 基因组 序列 全貌 
近年来 全 基因组 测 序 的 技术 突飞猛进  价格 直线 下降  现在 不 到 1万 美元 就 可 测定 一个 人 的 基因组 全 序列  许多 人 （ 包括 乔布斯 ） 都 把 自己 的 基因 全 测 了 一 遍 
再 过 几 年 这个 费用 将 会 降低 到 不 到 1千 美元  到 时候 测定 基因组 全 序列 有望 成为 常规 医学 检查 的 内容  人人 都 可以 拥有 一 本 自己 的 基因 之 书 
于是 有 人 觉得 我们 即将 进入 《 Gattaca 》 描述 的 那个 世界  遗传学 家 很快 就 可以 用 遗传工程 改良 人种 了  并 忧心忡忡 担心 由此 引发 一 系列 社会 问题 
这种 担忧 为时过早 
假如 你 现在 花 上 1万 美元 把 自己 的 基因组 序列 测定  获得 一 本 属于 你 的 基因 之 书  翻开 它  你 会 发现 那 是 一 本 用 G  T  A  C 四 个 字母 写 成 的 天 书  看 不 懂 
向 遗传学 家 请教 吧  他们 能 告诉 你 的 也 很 少 
虽然 媒体 经常 报道 人类 基因组 计划 破 解 了 人类  遗传 秘密   其实 只是 用 测 序 的 方法 把 一个 人 的 遗传 信息 记录 下来 而已 
至于 这些 遗传 信息 都 是 什么 意思  大部分 都 还 不 清楚 
要 把 遗传 信息 全部 破 解  不 是 在  不 太 遥远 的 未来  就 能 实现 的 
17 贾宝玉 对 林 黛 玉 有 激情  对 薛 宝 钗 有 亲情  对 史湘云 有 温情 
可 林 黛 玉 在 情 场上 为何 败 给 薛 宝 钗 
有 人 喜欢 跟 林 黛 玉 类型 的 谈 恋爱  哪怕 过把瘾 就 死  有 人 更 想 娶 薛 宝 钗 那种 女强人  不仅 是 贤内助  而且 可以 对外 搞 公关  处理 各种 复杂 的 人际关系 游刃有余 
一般 情况 下  林 黛 玉 被 公认 为 《 红楼梦 》 的 女 一 号  偏偏 有 人 想 把 薛 宝 钗 推荐 为 大观园 的 当家 花旦 
没准 有 口味 重 的 偏偏 会 垂涎 于 麻辣烫 的 王熙凤 呢 
书 里面 的 贾瑞 （ 贾天祥 ） 不 就是 嘛 
第十一 回 《 庆 寿辰 宁 府 排 家宴  见 熙凤 贾瑞 起 淫心 》  第十一 回 《 王熙 凤 毒 设 相思 局  贾天祥 正照 凤 月 鉴 》  写 到 那个 好色 的 男人 如何 因 王熙 凤 惹 得 欲 火 焚 身  反 误 了 卿 卿 性命 
有 一千 个 读者  就 会 有 一千 个 林 黛 玉  薛 宝 钗  包括 王熙凤 
岂止 是 罗 卜 青菜 各 有所 爱  即使 山珍海味  也 各 有所 爱 啊 
