以及  把 苹果 送给 没 苹果 吃 的 职工 医院 病人  把 正在 淋 雨 的 两 堆 军用 苞米 搬进 屋里  帮 正 被 众人 围观 的 丢 了 车票 的 山东 大姐 买 票 

分别 证明 了 当时 工人 劳保 真 差  对 战备 物资 管理 不 细腻  车站 治安 不好 且 国人 一直 很 麻木 
雷锋 是 一个 难得 的 好人  可 树立 道德 模范 是 要 与 时 俱 进 的  否则 远 看 好像 树 起 了 一个 道德 模范  近 看 其实 是 一个 社会 问题 的 救火 员 
这 难免 让 人们 去 想  这 是 在 树立 什么  还是 在 掩盖 什么  这 到底 是 宣传  还是 在 揭发 

我 并 不 反对 提倡 道德  但 中国式 道德 模范 门槛 太 高 了 
我 觉得 道德 教育 应该 是 一个 普及 教育  像 卡拉 OK 一样 易于 模仿 便于 操作  可 我们 这儿 却 搞 成 特种兵 教育  神话 教育  恨不得 男 模范 不 拉 屎 女 模范 不 来 例假  都 没 缺点  也 没 特点  别 说 见 钱 眼 都 不 开 一 开  男 模范 见 着 美女 如同 见 石头  女 模范 见 帅哥 时 就 变成 了 石女  这 就 显得 没 人性 
直到 唱 红 歌 不仅 可以 道德 高尚 甚至 治愈 了 不孕 不 育  不仅 不 人性  就是 巫术 教育 了 
然后 就 是 反复 救 溺水 者 不幸 牺牲 的  累死 在 工作 岗位 上 的  救人 时 把 自己 儿子 留 在 最后 的  自己 穷 得 叮当 响 举债 十七万 捐款 的 最后 得 胃癌 去世 的  违背 消防 常识 拿 着 松枝 去 灭火 的  见 地主 偷 公社 海 椒 不 去 报警 却 亲自 搏斗 献 出 幼小 生命 的 
总之 就 是 牺牲 的  牺牲 的 

我 佩服 这些 勇于 牺牲 的 人  可 另 一个 问题 是  为什么 我们 总 让 他们 去 牺牲  或者 不 牺牲 的 就 不 叫 模范  所以 道德 教育 门槛 一定 要 低  弄 成 吊环 就是 忽悠 群众  本来 想 让 群众 提升 一下 道德 水准  却 上 来 一些 神话 教育  虐 童 教育  巫术 教育  恐怖 教育  多 好 的 事儿  都 被 大 尾巴 狼 给 吓 跑 了 
美国 也 树立 道德 模范 
ABC 台 曾 推出 过 一 档 叫 《 真实 之 美 》 的 道德 模范 节目  让 十 个 俊 男 美女 参加 选 秀  最 重要 的 是 比赛 内心 的 美德  内容 设置 跟 我们 一样 是 比 拼 爱心  助人为乐  诚实  公德 心 
可 并 不 像 我们 这儿 一 水 儿 地 站 在 台上 回答 那些 预 设 了 答案 的 伟光 正 问题  而是 拍 下 她们 在 化妆 间 里 被 茶水 泼 到时  被 弄 脏 鞋 时  落选 时 的 表情  以 示 能否 平等 待人 
其中 有 一个 美女 在 体检 结束 后 趁 人 不 注意 悄悄 偷看 了 别人 的 成绩  被 认为 缺乏 公平 心 
还有 一个 暗中 安排 的 环节 是  让 一个 侍者 端 着 咖啡 进屋  可 两 手 不 空 没法 开门  此时 就 看 两 个 参赛 美女 哪个 出于 下意识 先 去 帮忙 开门 
叶利钦 总统 任期 尚未 到期  突然 自动 辞职 几乎 是 不可 想象 的 
因为 在 他 之前  历 数 所有 苏联 领导人  这 是 从未有过 的  列宁  斯大林  勃 列日 涅 夫  安德列波夫  契尔年科  是 病 死 在 任 上  而 赫鲁晓夫  戈尔巴乔夫 是 被 政变 赶下台 的 
然而  叶利钦 开创 了 一个 从未有过 的 先例 
叶利钦 在 辞职 时  坦率 地 向 千千万万 俄罗斯 人 说 出 心里话  这 也 是 以往 苏联 领导人 所 从未有过 的 
叶利钦 说   我 要求 你们 的 原谅 
原谅 我们 分享 的 许多 梦想 没 实现 这个 事实 
原谅 本来 似乎 对 我们 很 简单 的 事情  结果 却 困难 得 使 人 痛苦 这 一 事实 
对于 那些 相信 我们 以 举手投足 之 劳  就 可以 从 灰暗  停滞 的 极权 过去  一 跃 而 进入 光明  富裕  文明 的 未来 的 人  我 要求 他们 原谅 我 不再 为 他们 的 这种 希望 进行 辩护 
我 自己 相信 过 这 点  即 举手 之 劳 就 可以 克服 任何 屏障 
结果 发现 我 在 一些 事情 上 太 天真 了 
在 某些 地方  问题 看来 非常 复杂 
我们 是 在 错误 和 失败 中 强行 前进  很多 人 在 这 困难 时期 遭受 到 冲击 
我 要 让 你们 知道  你们 每 一个 人 的 痛苦 都 引起 我 内心 的 痛苦 
我 以前 从未 说 过 的 这些 话  今天 重要 的 是 把 话 告诉 你们 
多少 个 无 眠 的 夜晚  我 怀着 摧 心 的 忧虑  到底 需要 怎 麽 做  才 能 使 人民 活 得 安好 
对于 我 来说  再 也 没有 比 这个 更 重要 的 任务 了 
现在 我 要 离开 了 
我 已经 尽 我 所 能  不但 是 尽 了 我 的 健康 所 能  而且 是 在 所有 难题 上  我 都 尽 了 我 的 所 能 


 按照 俄国 宪法  总统 辞职 后 由 总理 代理 总统  并 在 三 个 月 内 进行 总统 大选 
普京 是 现任 总理  理所当然 由 普京 接任 代总统 
普 京 接管 了 包括 核武器 按钮 在内 的 所有 总统 权限  同时 宣布 在 2000年 3月 举行 总统 大选 
普京 在 大选 中 获胜 
这样  在 短短 七 个 月 内  普京 脱颖而出  由 代总理 到 总理 到 代总统 到 总统  掌握 了 俄罗斯 的 最高 权力 
于是  俄罗斯 从 叶利钦 时代  进入 普 京 时代 
于是  普京 成 了 世界 关注 的 焦点 人物 
很快  人们 发现  普京 跟 叶利钦 判若两人 
叶利钦 一 米 九十 的 魁梧 个子  一头 银发  善于 言辞  带 着 微笑  颇 有 领袖 风采 
普京 则 是 一 米 六十 的 中等 个子  沉默寡言  面孔 总是 冷冰冰 的  难得 一 笑 
在 群众 场合  他 的 视线 总是 偏 低  往 下 看  缺少 交流 感 
就 连 普京 的 头发 也 是 随随便便  不 抹 油 也 不 喷 摩 丝 —— 那 位 在 克里姆林宫 专 给 领袖 理发 的 理发师 说  给 普 京 理发 是 最 省事 的 
一 位 中国 记者 曾经 单刀直入 问 普京   有人 说 你 面容 冷峻  有人 说 你 如 铁 匣子 一言不发  也 有人 说 你 是 办事 果断 的 铁腕人物  你 同意 哪 种 说法 
