但 随之而来 的 是 膨胀  是 仗势欺人  是 以 一 家 之 言 否定 一 首 作品 在 音乐界 的 地位  小生 无意 冒犯 高晓松 老师  但是 高 老师 在 《 声 动 亚洲 》 做 评委 的 表现 实在 说不过去  而且 节目 结束 还 说 自己 没 说 过 这 话  这 就 表现 一个 人 的 诚信 问题 了  作为 一 名 资深 音乐 人  公 知  作家  作为 一 名 公众 人物 说谎 是 罪大恶极  道歉 才 是 王道 
我 只 想 对 高 老师 说 一 句 话  小 胜 靠 智  大 胜 靠 德 
此 事件 本人 坚决 站 在 东方 传奇 一 方  此 事件 之前 我 也 不 知道 有 东方 传奇 这个 组合  但 此 事件 出 了 之后 我 仔细 听 了 东方 传奇 的 歌曲  都 是 朗朗上口 百姓 喜闻乐见 的 音乐 
支持 东方 传奇 第一 个 原因 就 是 民主  在 中国 不 光 政治 要 民主  音乐 也 要 民主  公 知 们 不 是 天天 叫嚣 着 说 要 一 人 一 票 吗 
《 最 炫 民族 风 》 在 中国 一 人 一 票 得 票 率 不 会 低于 《 同 桌 的 你 》 会 唱 最 炫 民族 风 的 人 不 少于 会 唱 同 桌 的 你 的 人 
第二 是 要 把 高晓松 拉 下 音乐界 神坛 的 地位  一 首 音乐 的 好坏 不 是 由 高晓松 老师 一 人 说了算 的 
16Apr12Blog 方舟 子 我 经历 的 中 科 大 三 任 正 校长 2012-04-16115215 我 85年 入学 的 时候  中 科 大 正 校长 是 管 校长  从 中科院 物理 所 调 过来 才 一 年  似乎 大部分 时间 也 不 在 科大  我 印象 中 只 见 过 他 两 次 
他 被 学生 称为 外交部长  也 称 不 管 校长  管 校长 的 功劳 也 就 在于 其 不 管  后来 当局 认定 的 罪状 也 是 他 不 管 
当时 主政 的 是 第一 副 校长  那 其实 也 是 学生 心目 中 的 真正 校长 
管 校长 是 等 到 被 第一 副 校长 连累 免职 后  才 赢得 了 科 大学生 的 尊敬  全校 学生 排 长 队 签名 为 他 送行 
在 他 离 校 那天  学生 们 集体  散步  到 火车站 要 送行  接管 的 新 校长 知道 后  用 汽车 把 管 校长 送到 蚌埠 上 火车  让 学生 们 扑 了 个 空 
接管 的 校长 是 滕 校长  这 是 87年 1月 当局 派 来 整顿 学校 的  类似 于 侵略者  所以 在 学生 们 心目 中  滕 校长 是 个 伪 校长  估计 我们 那 一 代 科大 人 没 人 认 他 是 校长 
传达 任命 决定 当晚  全校 学生 大 哗  几乎 暴动  瓶子 摔 了 一 地  很多 人 连夜 要冲 到 校外 抗议  校方 紧急 关 了 校门 
滕 校长 和 同时 来 接管 的 彭 书记 长期 住 在 校外 宾馆  不 敢 入 校 
第一 次 学生 见面会 安排 在 水上 报告 厅  出席 者 限 学生 党员  学生 干部  但 也 有 不少 二者 皆 不 是 如 我 者 混 了 进去 
滕 校长 在 台上 说 一 句  台下 学生 就 起哄 一 次  他 每 宣布 原 第一 副 校长 一 条 罪状  台下 就 鼓 一 次 掌  最后 要 接受 学生 字条 提问  第一 个 问题 就 呛 得 他 答 不 出来  灰溜溜 跑 了 
不久 在 礼堂 开 第一 次 全校 大会  先 由 辛 副 校长 讲话  然后 介绍 滕 校长  由 滕 校长 讲话  滕 校长 刚 把 话筒 接 过去  只 听见 全场 一 片 起立  椅 板 落下 的  噼啪  声  学生 集体 退场 抗议 
从 那 以后 再 没 见 滕 校长 开 过 大会 
一 年 以后  彭 书记  滕 校长 整顿 任务 完成  调 走 
接替 的 是 从 复旦 调 来 的 谷 校长  其实 也 没有 完全 调 过来  他 还 兼 着 复旦 大学 数学 研究所 所长  又 与 受 科大 人 尊敬 的 龚 副 校长 年轻 时 有 过 一 段 恩怨  显然 并 无 扎根 科大 的 打算  事实上 他 任期 一 满 就 回 复旦 了  所以 科 大学生 其实 也 没 把 他 当 自己 人  虽然 我 的 毕业 证 上 盖 的 是 他 的 签名 章 
而 其时 科大 败 象 已 生  人心 已 乱  我们 想 着 的 是 怎样 赶快 出国 留学  管 他 谁 当 校长 呢 
我们 永远 的 校长  就是 那 位 第一 副 校长 
16 在 韩国 的 街上 会 感受 到  很 难 找 出 胖 人 
不光 胖 人 稀缺  反倒 是 街上 更 多 瘦子  不少 行色匆匆 的 男士  皱纹 和 白发 已经 证明 着 他们 已 入 中年  却 依然 保持 着 清瘦 身姿  穿 起 西装 的 样子 格外 干练 
这 归功 于 韩国 特有 的 饮食 习性 
韩国 人 在 饮食 上 有着 超 强 的 自律 性 
每 餐 的 食品  通常 能 做到 少 而 精  除了 泡菜 之外  还有 各种 拌 制 的 新鲜 蔬菜  野菜  菌类  豆制品 和 肉类  在 韩国 吃饭  不 太 可能 会 吃 到 十分 饱  每个 人 点 的 一 份 餐  永远 都 只 是 解决  饥饿  问题 的 分量 
而且 男人 女人 皆 是 一样  吃 完 自己 的 一 份 即可  即便 男人 也 不 会 暴 饮 暴 食 
餐盘 中 食物 不光 强调 味道  从 色彩 搭配 上 看 也 很 漂亮  一直 听 闻 韩国 饮食 崇尚 五 色  红 白 黄 绿 黑  分别 代表 着 辣椒  大葱  大蒜  白菜  虾酱  所谓 五 色 也 就 是 人体 所 需 的 五 类 营养 物质 
以 食物 补养 身体 
曾经  韩国 女孩 最 喜欢 的 丈夫 职业 是 医生 
一 度 流行 过  嫁 给 医生  女方 要 准备 好 三 把 钥匙  的 说法  一 把 是 房子 钥匙  一 把 是 车子 钥匙  一 把 是 将来 给 他 开 的 诊所 钥匙 
医生 可谓 是 各种 美女 富家 女 的 理想 择偶 对象 
虽然 这 几 年 已经 没有 那么 夸张  但 医生 依然 是 韩国 国内 收入 最高 的 职业 之一 
抛开 别的 不 谈  这 至少 说明 了 医生 在 韩国 的 受 重视 程度  更 说明 了 韩国 人 对 健康 的 重视 程度 
