2 鱼 的 营养 价值 丰富  更 是 老少 皆 宜  老 中医 来 告诉 你  哪些 鱼 的 营养 价值 最高 
鱼类 是 很 好 的 养生 保健食品 
很多 人 认为  吃 鱼 比 吃 肉 更 养生 
专家 指出  鱼 是 水生 动物  它 含有 丰富 的 卵磷脂  以及 其 所 含 的 蛋白质 比 肉类 动物 的 蛋白质 质量 要 高 一些  因此  相对 于 吃 肉  吃 鱼 更 养生 
另外  鱼 全身 都 是 宝  各个 部位 具有 不同 的 治病 健 体 功效 
那么  哪些 鱼 即 美味可口 又 具有 治病 功效 呢 
鱼 全身 都 是 宝 我们 都 知道  吃 哪 补 哪  
也就是说   吃 眼 补 眼  
这个 说法 有 道理 吗 
专家 指出  鱼 的 精华 就 是 鱼 眼睛 
吃 鱼 眼睛  对 小孩子 眼睛 发育  明亮 程度 有 很 好 的 作用  因此 这个 说法 有 一定 的 道理 
而 吃 鱼 泡  可以 润 肺  止 燥 咳  还 可以 治疗 声音 嘶哑  止痒 等 功效 
鱼 卵  含有 十分 丰富 的 蛋白质  有 一定 的 营养 价值 
民间 很多 人 喜欢 用 鱼 胆 泡 米酒  还 称 其 为 补品 
这 是 因为  鱼 胆 很 苦  性 凉  可 润 肠 
不过 需要 注意 的 是 吃 多 了 容易 拉肚子  故 一般 不 推荐 食用 
鱼 的 治病 养生 功效  补 脑 效果 好 的 鱼 
大头鱼  大头鱼 是 补 脑 效果 很 好 的 鱼 
俗话说  大头鱼 的 鱼 头 营养 价值 丰富  其 还有 人 脑细胞 发育 需要 的 卵磷脂  符合 人脑 吸收 的 氨基酸  其 含有 特殊 蛋白质  对 小 孩子 的 智力 发育 及其 有 帮助 
补血  补 肝 肾  治疗 小孩 疳 疾 的 鱼  黄鳝  鱼类 动物 中  黄鳝 的 补血 功效 最 好  配 上 中药 比如 菟丝子 等 可 以 补 肾 阳  治疗 小孩 疳 疾  夜 尿 
还 可以 治疗 面神经 麻痹  一般 是 熬汤 或者 蒸 煮 效果 明显  更 美味 
鳗鱼  鳗鱼 虽 没有 黄鳝 很 好 的 补血 效果  但是 它 和 黄鳝 一样 配 上 一些 中药 如 菟丝子 等 可 以 补 肾 阳  治疗 小孩 疳 疾  夜 尿 
因 鳗鱼 外表 有 很 粘稠 的 分泌物  因此 需要 用 60 摄氏度 的 热水 烫 过  再 用 钢 刷刷 过 一 遍 才 能 把 粘稠 物 去除  其次 采用 清蒸 的 方法  其 营养 价值 更 高 
营养 价值 较 差 的 鱼  罗非鱼  鲢鱼  罗非鱼 和 鲢鱼 是 鱼类 中 营养 价值 较 差 的 鱼类 
价格 便宜  肉质 不够 嫩 滑 
男 人 吃 鱼 长寿  女人 吃 鱼 美容 
民间 有 一 种 说法  认为  男 人 吃 鱼 长寿  女人 吃 鱼 美容 
 日本 民族 繁衍 后代 的 能力 强盛  民间 认为 就是 因为 日本 男人 喜欢 吃 鱼 生 的 缘故 
据 专家 介绍  鱼类 蛋白 确实 对 男性 生殖 系统 的 发育 以及 保养 有 很 好 的 作用  而 鱼类 的 鲜嫩 肉质 很 容易 被 人体 消化 吸收  对 女性 的 肌肤 有 紧 致  祛 痘 的 功效 
因此  无论是 女性 或 男性  都 应该 适时 吃 些 鱼类 食品 
鱼 怎么 做 营养 价值 最高 
虽然 鱼类 动物 含有 丰富 的 营养 价值  但是 如果 不 能 采用 正确 的 烹饪 方式  也 将 不 能 得到 补充 营养 的 良好 效果 
做 鱼汤 时 应该 在 快 起 锅 的 时候 再 放 盐  过 快 放 盐  鱼 蛋白  鱼 的 美味 等 营养 物质 容易 被 盐 锁 住 
要 想 鱼 补  就 采用 清蒸 的 方式  尽量 保持 鱼 的 原汁原味 
如果 高温 煎 炒  鱼 蛋白 等 营养 物质 很 容易 被 损坏 
因此  清蒸 的 方式 煮 鱼 可 保持 鱼 的 原汁原味  其 营养 价值 更 高 
据称  2004年 9月  英国 首相 布莱尔 以 365万 英镑 买 下 了 位于 伦敦 康诺特 广场 的 一 座 5 层 楼 的 别墅  作为 离开 唐宁街 10 号 之后 的 私人 住所 
布莱尔 的 私宅 在 伦敦 市中心 海德公园 附近  属于 黄金 地段 
大约 这 是 布莱尔 在 2004年 买 下 的  价格 不 算 太 贵 
因为 从 2000年 至 2007年 间  英国 的 房价 上涨 迅速  大约 涨 了 1 倍 
英国 的 住宅 大都 是 别墅  房价 之中 包括 土地 价格 —— 这 土地 是 永久 所有权  不 像 中国 只 有 70年 的 使用权 
伦敦 郊区 的 房子  相对 于 市 区 要 便宜 
在 一个 乘 地铁 要 半 小时 才 能 到达 伦敦 市中心 的 地区  三 个 卧室 的 联 排 房子 大约 在 30-40万 英镑 左右  半 独立 的 在 35 到 50万  独立 的 别墅 在 50-100万 英镑 左右 
伦敦 的 租房 价  相对 比较 贵 
伦敦 市区 一 幢 房子 里 的 一个 带 卫生间 的 房间  一月 租金 700 镑  还 不 包 水电 
英国 中部 瓦维克 郡 斯特拉 特 福 小镇  是 莎士比亚 的 故乡 
我 在 镇上 的 一 家 房地产 中介 公司 看到  每 幢 独立 别墅 的 价格 从 28万 英镑 到 87万 英镑 
跟 中国 房价 连年 上涨 不同  英国 自 2007年 至 2011年 这 4 年  房价 下降 了 20% 
英国 人 的 收入  究竟 是 多少 
这里 列举 的 数字  只是  一般来说   全英 的 平均 工资 税 后 约 为 2万 英镑 一 年  也 就 是 一个 月 工资 不 到 2000 英镑 
其实 不同 职业 的 收入 千差万别  从 以下 的  排行榜  可以 更加 准确 知道 英国 如 阶层 不同 的 收入 （ 当然 也 只是  一般来说  ）  平均 年收入 8 02万 英镑  金融 经理  公司 经理  平均 年收入 8 17万 英镑  医生  平均 年收入 6 0万 英镑  保险 精算师  平均 年收入 4 13万 英镑  律师  平均 年收入 4 07万 英镑  受 过 高等教育 的 全 职 雇员  平均 年收入 3 42万 英镑  车 司机  平均 年收入 3 29万 英镑  初中 教师  平均 年收入 3 02万 英镑  小学 教师  平均 年收入 3 26万 英镑  记者  平均 年收入 1 2万 英镑  理发师 平均 年收入 1 15万 英镑  餐厅 服务员  平均 年收入 1 13万 英镑  酒吧 员工  平均 年收入 1 1万 英镑  收银 员  平均 年收入 1 04万 英镑  公园 服务员 
