
每天 化妆  弄 头发  按时 上班  等 着 下 一个 镜头  再 下 一个  一 天 又 一 天 的 扮演 别人  表白 自己  周而复始 
好 了  终于 暂时性 的 结束  回归 自己 的 日子 
自己 的 日子 里  不 浓妆艳抹  出门 只 用 来 晒太阳  看 大街 上 来来往往 的 人  不 要 听 更 多 的 事情  找 一些 简单 的 快乐  比如 吃吃喝喝  认识 好玩儿 的 人  逮 谁 和 谁 练 口语 （ 嘿嘿 ）  逛 超市 逛 它 3  4 个 小时  做饭 给 朋友 吃  整天 整天 的 看 电影 电视剧  想 一 想 明年 要 拍 一个 怎样 的 好玩儿 的 自己 都 开心 的 电影  穿 颜色 鲜艳 的 衣服  说话 走路 慢 两 拍  最 好 还 能 去 租 个 自行车 

所有 的 这些 都 是 没有 压力  没有 负担 的 快乐 体验 
这 也 正是 前段 时间 本 博 第一 次 作为 广告 片 监制 所 倡导 的 
拍摄 期间  本博 还 倾听 了 30 位 白领 的 快乐 

那 你 的  快乐 哲学  呢 
本博 兴奋 的 困 了 

我 睡 了  大家 看 照片 吧 

工作 照 

吼 吼  晚安 
老徐 二目 如 电  光彩照人 呀 
" 豌豆 " 老徐 最 让 人 羡慕 的 是 可以 驾驭 自己 的 生活  不 像 我们 普通 的 上班族  周而复始  没有 自由 时间 
* 徐静蕾 博客 * 2008-03-27050839 南非 无线 上网  写 完 了 就 丢  俺 要 崩溃 
到 南非  在 约翰内斯堡 停留 了 一日 后  今天 到 了 太阳城  住 进 外观 很 童话 的 城堡 
六 个 小时 的 时差  18 个 小时 的 飞行  已经 不知今夕何夕  更 不要 说 星期 几 
天气 很 好 跟 强  除了 阳光  蓝天  白云  就是 方圆 几百 里 的 开阔 
老 饿  一 天 吃 好 多 顿 饭 还是 饿  沾 上 枕头 就 睡 着  毫不 含糊 
好看 的 照片 很 很 很多  鉴于 这种 网络 条件  暂时 作罢 
又 困 了  又 又 又 
趁 还 没 掉 线  先行 一 步 
晚安  北京 
愿 你 的 南非 之 行 收获 多 多 
还有 要 保重 身体 啊 
~ 南非 是 个 好 地方  第一 次 这么 前 看 老徐 的 博客  开心 
1 美国 人 20日 早晨 从 梦乡 里 醒 来 时 震惊 了  在 多数 美国人 熟睡 之 时  科罗拉多州 首府 丹佛 近郊 的 电影院 20日 凌晨 零点 30 左右 发生 了 美国 近 5 年 来 最 惨重 的 枪击 案  目前 已 报告 12 人 死亡  59 人 受伤 
据 媒体 披露 的 消息  一 名 24 岁 的 白人 男子  面 带 防毒面具  身 穿 防弹背心  携带 4 支 长短 枪  向 正在 放映 《 蝙蝠 侠 》 新片 的 通宵 影院 扔 进 催泪弹  然后 大 开 杀 戒 
其时 影片 里 正在 上演 枪战 场面  一时间  惨叫 声  惊 叫声 夹杂 着 连 串 枪声  让 人 不知 这 到底 是 电影  还 是 现实 
其实  枪击 案 的 新闻 对于 美国 人 而言 是 家常便饭  打 死 一两 个 人 的 案件 隔 三 岔 五 都 会 有  美国 人 几乎 见怪不怪  但 像 这样 发生 在 公众 场所 的 死伤 惨重 的 惊 天 大案  依然 会 震动 美国 社会 
美国 总统 奥 巴马 和 共和党 候选人 罗姆尼 都 发表 声明 表示 震惊 
奥 巴马 说   我们 承诺 要 将 肇事者 绳之以法  确保 我们 民众 的 安全  照料 受伤 的 人 
当 我们 面对 黑暗 和 挑战 的 时刻  我们 必须 作为 一个 美国 大家庭 走 在 一起 
 奥 巴马 为此 缩短 在 佛罗里达 的 竞选 活动  提前 回 到 华盛顿  并 下令 全美 下半旗 致哀 6 天 
白宫 的 口头 表态 是 必须 的  但 后续 有 何 行动 尚 待 观察 
美国 政坛 重量级 人物  纽约 市长 彭博今 早 发表 讲话  批评 政府 控制 枪支 不力  要求 奥 巴马 和 罗姆尼  不管 谁 当选 总统  都 要 加大 控 枪 力度 
每次 诸如此类 的 惨案 后  都 会 掀起 美国 人 的 拥 枪 权 之 争  这 是 一个 敏感 的 政治 议题  但 每次 争论 最后 的 结果 都 不了了之  美国 人 依然 拥有 1791年 宪法 第二 修正案 赋予 的 拥 枪 权 
美国 是 世界 上 枪支 犯罪 最 严重 的 国家 之一 
2010年 美国 发生 近 1 3万 起 谋杀案  其中 8775 起 是 枪支 谋杀  占 三分之二  枪支 抢劫  攻击 的 发生率 分别 都 在 10万 分 之 40 多 
在 首都 华盛顿  每 10万 人 有 256 件 枪支 抢劫 案  99 件 枪支 攻击 案  是 全 美 枪支 暴力 犯罪 最 严重 的 城市 
我们 过去 几 年 频频 听到 中餐馆 外 卖 郎 被 枪杀 的 消息  可以 说 并 不 出人意料 
校园 枪击 案 通常 会 引起 美国 社会 的 关注  从 2000年 至 今 已 有 170 人 死 于 校园 枪击 案  2007年 4月份 的 弗吉尼亚 理 工 大学 枪击 案 造成 38 人 死亡  举世 震惊 
枪支 自杀 也 成为 美国 社会 问题 之一 
2007年 3 1万 魂 断 枪口 的 美国 人 中  1 74万 是 开枪 自杀  1 26万 被 他人 枪杀 
如此 严重 的 枪支 问题  使得 加强 枪支 控制 的 呼声 高涨  废除 拥 枪 权 的 呼吁 也 时 有所 闻  但 因为 拥 枪 权 是 美国 宪法 赋予 民众 的 权利  被 认为 体现 了 美国 自由  民主 的 价值观  也 由于 武器 制造商 和 拥 抢 者 利益 集团 的 阻挠  废除 拥 枪 权 之 争 往往 无 果 而 终 
2008年 美国 最高 法院 曾 裁定 美国 宪法 赋予 民众 拥 枪 权  允许 他们 用于 家中 自我 防卫 的 合法 目的 
2010年 最高 法院 又 裁定 拥 枪 权 不 只 适用 于 联邦 法律  也 适用 于 州 和 城市 法律 
拥 枪 权 一直 是 美国 社会 争议 最 严重 的 政治 问题 之一  2008年 最高 法院 的 裁定 当时 以 5 票 对 4 票 的 结果 通过  可见 在 最高 法院 裁决 过程 中 也 是 分歧 严重 
今天 枪击 案 发生 后  《 旧金山 纪事 报 》 就 发表 评论  要求 加强 枪支 控制 
不过 反对 控 枪 的 人 主张  拥 抢 是 宪法 赋予 民众 的 神圣 权利  是 人 杀人 而 不 是 枪杀 人  只有 以 枪 制 枪 才 有效 等等 
