所以  从 另 一个 角度 来说  冰箱 如果 不 经常 消毒  反而 会 成为 一些 细菌 的  温床  
另外  冰箱 里 的 食品 也 不要 存放 过 多  这样 会 让 食物 的 外部 温度 低 而 内部 温度 高 导致 变质 
天气 一天天 热 起来  冰箱 的 使用率 也 高 了 起来 
可 有些 主妇 把 冰箱 当成 了 保鲜 箱  长 时间 储存 食物 
如何 正确 使用 冰箱  也 是 主妇 们 必不可缺 的 家庭 知识  为了 家人 的 健康  你 一定 要 知道  冰箱 里 的 食物 可以 放 多久 
熟 蛋  冷藏 6 ~ 7 天 牛奶  冷藏 5 ~ 6 天  酸奶  冷藏 7 ~ 10 天  鱼类  冷藏 1 ~ 2 天 冷冻 90 ~ 180 天  牛肉  冷藏 1 ~ 2 天 冷冻 90 天  肉排  冷藏 2 ~ 3 天  冷冻 270 天  香肠  冷藏 9 天  冷冻 60 天  鸡肉  冷藏 2 ~ 3 天  冷冻 360 天  罐头 食品  未 开 罐 冷藏 360 天  花生酱  芝麻酱  已 开 罐 冷藏 90 天  咖啡  已 开 罐 冷藏 14 天  苹果  冷藏 7 ~ 12 天  柑桔  冷藏 7 天  梨  冷藏 1 ~ 2 天  熟 西红柿  冷藏 12 天  菠菜  冷藏 3 ~ 5 天  胡萝卜  芹菜  冷藏 7 ~ 14 天  剩饭 别 吃 3 天  果 蔬 最 多 一 周  酱 料 能 放 两 月 
很多 人 看来  食物 一旦 放 进 冰箱  就 等于 穿 了 一 件  保护 服  
而 实际上  食物 的 营养 和 鲜味 会 在 存放 过程 中 慢慢 褪色 
最新 一 期 的 美国 《 烹饪 之 光 》 杂志 指出  保持 食物 新鲜 可 是 有 诀窍 的 
美国 糖尿病 协会 发言人  注册 营养师 杰基 
纽金特 表示  冰箱 储存 食物 有 三 大 关键 点  空间  温度 和 在 食物 新鲜度 的 最佳 状态 时  取出 食用 
一般来说  冰箱 门 架 温度 最高  保鲜 盒 很 少 被 翻动  又 靠近 下层  所以 那里 温度 最低 
冷藏室 冰箱 门 架 处  适合 储存 抗 菌 性 较 强 的 食物  如 开 了 封 的 咸菜  果酱  芝麻酱  酸味 食物 以及 调味品  大多 可 保存 2 个 月 
由于 冰箱 门 经常 打开  暖空气 会 进入  所以 这里 最 不 适宜 储存 容易 变质 的 食物  比如 开 了 封 的 热 肉  牛奶 等 
冷藏室 上层  适宜 储存 热 肉  咸肉  酸奶 及 硬 奶酪 等 
未 开封 的 肉食 应 在 保存期 之前 食用 
一旦 启封  热 肉 只能 保存 3 ～
5 天  咸肉  硬 奶酪 可 保存 3 周 
冷藏室 下层  可 储存 需要 快速 加热 的 食物  如 剩饭 剩菜  煮 好 的 鸡蛋  鱼肉 等 
另外  容易 冻伤 的 不 带 叶 蔬菜 和 水果 也 最 好 储存 于 此 
煮 好 的 鸡蛋 可 存放 7 天  剩饭 最 好 别 超过 3 天  剩菜 最好 不要 过夜 （ 叶 类 蔬菜 最 好 一 次 吃 完  不要 剩下 ）  一 但 觉得 异常  最好 扔掉  新 鲜鱼 只能 在 冰箱 冷藏 1 天  烧 熟 的 鱼 不 要 超过 3-4 天 
保鲜 盒  位于 冷藏室 最 底部  湿度 最 大  比较 适合 存放 蔬菜  如 绿叶 蔬菜  辣椒 和 西 兰花 等 
这 类 食物 最 多 可 保存 1 周 左右 
特别 值得 提醒 的 是  食物 如果 出现 以下 状况  则 说明 不 新鲜 了  最好 不要 食用 
水果 蔬菜  湿 软  黏 滑 的 果 蔬 应 立即 扔掉 
打 蔫 的 绿色 蔬菜 只 是 有些 脱水  但 仍然 可以 食用  最 好 烧 汤 
剩菜 变 了 颜色 一定 要 扔掉 
肉类  未 拆封 的 牛排 等 熟 肉 过期 4 天  切 勿 食用 
冷冻 肉类 保存 时间 更 长  但是 解冻 后 不宜 再次 冷冻 
另外  出现 黏 滑 或 怪味 的 肉类 也 应 立即 扔掉 
鱼类  如果 鱼肉 已 让 冰箱 里 充满 怪味  立即 扔掉 
奶制品  牛奶 最 容易 判断 是否 变质 
如果 牛奶 已 有 酸味  最好 扔掉 
另外  牛奶 结块 或 结 片 也 是 变质 的 征兆  奶油  乳酪 较 难 判断 是否 变质  其 安全期 一般 为 保质 日期 后 约 10 天 
酸奶 过期 几 天 仍 可 食用  但是 口感 及 营养 价值 会 大 减 
干酪 和 黄油 保存 时间 最 长  但 为 安全 起见  最 好 4 周 内 吃 完 
5Mar12Blog 叶永烈  我 眼中 的 普京 2012-03-05091231 据 报道  莫斯科 时间 2012年 3月 5日 凌晨 1时 许  俄罗斯 2012年 总统 大选 计票 已 达 60%  据 俄 中央 选举 委员会 数据  统 俄 党 候选人 普京 得 票 已 升 至 64 65%  大幅 领先 于 对手 
当夜 普 京 支持者 前往 莫斯科 马涅什 广场 集会  普 京 登台 演说  语 未 出  泪 先 流 
普京 赢得 俄罗斯 第六 届 总统 大选  第三 次 当选 俄罗斯 总统 
我 不由得 记 起  当 普 京 第一 次 当选 俄罗斯 总统 时  我 正 在 俄罗斯 
当时 在 莫斯科  特别 是 在 圣彼得堡  我 听见 人们 谈论 最 多 的 是 俄罗斯 总统 普京 
我 在 莫斯科 的 那些 日子 里  在 电视 里 见到 普京 
他 跟 美国 电影 代表团 见面  围 坐 在 一 张 长桌 旁  一边 喝 咖啡  一边 随意 聊天 
那 样子 像 朋友 聊 家常  绝 不 像 总统 接见 
莫斯科 的 朋友 告诉 我  普京 没有 多少 日子 是 真正 坐 在 克里姆林宫 的 总统 办公室 里 的 
他 常 在 外地 巡视 
普京 总是 说  当 上 总统 之后  生活 的 圈子 大大 缩小 了  他 不 能 随意 会见 朋友  也 不能 随意 到 公共场所 
总是 有 保安 对 他 采取 严格 的 保护  隔离 措施 
他 担心 长久 这么 下去  听 不 到 真实 的 声音 
正 因为 这样  他 不 愿 在 总统 办公室 多 呆  而是 希望 尽量 多 多 接触 实际 
我 在 圣彼得堡 的 时候  正值 普京 从 莫斯科 来到 圣彼得堡 
圣彼得堡 的 朋友 告诉 我  普京 常 来 圣彼得堡 
内 中 的 原因 有 三 个  第一  普京 是 圣彼得堡 人  从小 在 这 座 城市 长 大  第二  普京 曾经 担任 圣彼得堡 市 （ 当时 叫 列宁格勒 ） 第一 副 市长  第三  普京 有意 把 首都 从 莫斯科 迁 往 圣彼得堡 
