留学 的 时候  因为 学习 时间 紧张  而且 自己 知道 出来 不 是 混饭 吃 的  如果 学 不 到  武功 秘籍   是 无论如何 也 没有 颜面 回家 见 江东 父老 的  所以 只好 拼命 学习 
这时候  我 发现 小时候 学 过 的 一 篇 叫 《 统筹 方法 》 的 课文 特别 管用  因为 当 我 把 文章 中 介绍 的 方法 应用 到 实际 生活 中 时  感觉 时间 果然 被 充分 利用 起来 了 
比如  一边 煮 着 咖啡  一边 煎 着 蛋 饼  在 两 件 事情 的 间隙 还 可以 再 看 几 眼 书 
每天 临 睡 前  我 都 会 把 第二 天 要 做 的 事情 计划 好 
什么 事情 需要 一大早 就 马上 做  什么 事情 可以 做 或 可以 不 做  我 心里 都 十分 清楚 
接 下来  我 就 像 按照 程序 执行 指令 的 计算机  按照 计划表 把 事情 一件件 做 好 
这样 一来  虽然 生活 中 的 事情 多 而 杂  但 因为 有 计划  一切 都 变 得 井井有条  我 得以 把 有限 的 时间 投入 到 无限 的 学习 中 去 
在 英国 养成 的 这个 习惯 让 我 的 生活 忙 而 不 乱 
多 年 后 的 今天  我 依旧 身边 不 离 记事本  遇到 事情 马上 就 列出 一个 计划  大 到 一 年 的 规划  小 到 一 次 出游 的 备忘录 
虽然 提前 做 好 计划 和 准备 看 起来 有 点 麻烦  但是 做事 有条不紊 的  后遗症  还是 让 我 受益匪浅 
我 就 是 我 
在 我们 身边 的 有些 人 看来  生活 的 意义 就 是 工作  赚钱  买房  存款 

抛开 社会 福利 制度 不 健全 的 痼疾 不 谈  我们 会 发现  在 这些 人 中  不 会 享受 生活 快乐 的 居多 
与 国 人 一贯 的 埋头苦干 精神 不同  英国 人 的 休闲 度假 意识 很 强  每年 他们 都 会 规划 出 固定 的 时间  出去 游玩 
有的 人 为了 欣赏 风光  甚至 可以 辞掉 工作 
我 有 个 英国 朋友  学 的 是 建筑  每天 的 工作 就 是 跟 图纸 打交道 
后来  他 感觉 自己 如果 一生 都 关 在 屋子 里 做 这个 工作 实在 是 很 不 爽  于是 就 开始 考 导游 证  后来 居然 成 了 一 名 职业 导游 
我 还有 一个 朋友  属于 特 勤快 那 类 人  家 住 大 房子  每天 都 把 房子 收拾 得 一尘不染  每 次 我 打电话 问 她 忙 什么 呢  她 都 回答  家务 中 
把 屋子 收拾 得 窗 明 几 亮 是 挺 贤惠 的  但是 若 这 辈子 都 把 时光 浪费 在 家务事 上 也 是 挺 郁闷 的 一 件 事 
我 自 认为 自己 的 习惯 不错  周末 把 屋子 收 拾一 次  然后 剩下 的 六 天 我 要么 精神抖擞 地 工作  要么 蓬头垢面 地 窝 在 沙发 上 看 电视 和 小说  看 我 的 小说  让 家里 尽情 乱 去 吧 
活 着  就 要 让 每 一 天 都 开心 
离开 英国 有 一 段 时间 了  但是 如果 遇到 有人 咨询 出国 去 哪个 国家 好 的 话  我 每次 都 会 豪 不 犹豫 地 推荐 去 英国 
因为 英国 的 社会  人文 和 学术 等 都 对 我 产生 了 很 大 的 影响  给 我 留下 了 终生 的  后遗症  
生活 重在 过程  过程 会 带来 成就感  幸福感 
在 谈 到 出国 留学 时  我们 往往 把 学 知识 当成 主要 任务  但 其实 那些 在 过程 中 留下 的 生活 习惯 才 是 更 重要 的 收获 
离开 熟悉 的 环境  完全 用 另 一 种 思维  另 一 种 态度  另 一 种 价值观 和 人生观 生活  此时 你 学 到 的 绝对 不 仅仅 是 专业 知识  而 更 多 的 是 生存 能力 和 生活 态度 
如今  这些 所谓 的 留学  后遗症  让 我 在 现在 的 工作 生活 中 过 得 条理 清晰 又 自由自在 
这 才 是 生活 
我 小时候 在 新疆  除了 爱 在 长 了 胡杨林 的 小 河沟 看 抓 破鞋 这 类 文艺 片  时常 也 去 操场 看 批斗 会 这种 动作 片 
虽然 破鞋 的 长相 貌似 较 好  细节 也 更 引人入胜  偶尔 遇到 小 安 这样 的 还 能 听听 萨克斯 风  但 从 整体 制作 上  批斗 会 显然 更 上档次  是 那个 时候 的 国产 大 片 
新疆 地广人稀  有时 走 十 里 路 也 是 只见 驼 粪 不见 人 迹  但 一 开 批斗 会  忽 啦 地 沙尘暴 般 刮 来 了 万众  学生  工人  兵团 战士 还有 附近 的 牧民  人们 表情 肃穆  旌旗 飞扬  密密麻麻 围 挤 在 操场  仅 留 中间 的 空地 给 被 批斗 者 
到 了 1976年 前后  这块 空地 发生 了 很 大 变化  一方面 揪 出 的 本地 坏人 已 批 无 可 批  再 批 也 了 无 新意  另一方面 此时 距 圣 薨 只 有 数 月  波 诡 云 骛  不断 有 更 阴险 危害 也 更 大 的 坏 人 被 揪 出来  普通 批斗 已 不 能 满足 人们 的 危机感  所以 批斗 对象 就 上升 到 北京 级别 了 
可惜 这些 坏人 此时 往往 已 住 在 一个 叫 秦 的 城里  所以 得 由 群众 演员 扮演 
出 演 任务 简单  用 夸张 表情 和 大无畏 肉体 牺牲 揭露 坏人 的 罪行  最后 一个 环节 必然 是  踏 上亿万 只 脚  永世 不得 翻身  
这时  我 就 认识 了 一个 叫 郝 大头 的 群众 演员 
他 无疑 是 所有 群众 演员 中 最 敬业 的  不仅 可以 偷偷 抹 上 些 油彩 以 突出 视觉 效果  被 踏 上 很多 脚 时  身体 战 栗  鼻腔 居然 能 淌 出 长长的 透明 的 液体  无论 怎么 被 痛打  那 长长 透明 的 液体 也 保证 绝 不 断 掉 
这种 技能 让 我 十分 惊讶  甚至 佩服  因为 这 实 非 俗 辈 所 能 做到 
那 一 年 我 七 岁  并 不 知 背后 深意  也 不知 中国 马上 要 去 到 另 一个 时段  我 坐 在 高高的 篮球架 上  看 下面 的 他 戴 着 写 了 坏人 名字 的 纸 糊 高帽 翻滚 流 涕  引 领 上万 群众 的 情绪 线 和 动作 线  是 人生 第一 幅 深刻 的 画 
