像 扔 石头 打 海龟 这样 的 事  被 法律 严禁  那么  每个 公民 不但 要 遵守  而且  有 责任 去 监督 别人 也 遵守 
可 换 在 国内  就 是 树立 起 严禁 的 牌子  对于 扔 石块 这样 的 行为  很 少 有人 会 出面 制止  更 不 会  上纲上线   像 真 的  一样 去 报警 
与 规则 并行 的 是 诚信 
诚信  简单 地 说  就是  人 而 无 信  不知 其 可  
一个 人 说 的 话  必须 真实  带 了 东西 说 没 带  这 就 是 严重 的 说谎 行为  在 这 一 小事 上 都 说谎  推而广之  就 可能 在 其他 事情 上 也 不 值得 信任 
这 就 是 国外 特别 在意 说谎 的 原因 
那 位 朋友 说  事后 有 朋友 开玩笑 告诉 他们  今后 出行  事先 要 和 孩子  串通  好  免得 孩子 说 了 真话 
这 确实 是 不少 国人 的 思路  还 以为 自己 很  聪明   没 想到 这 将 是 对 孩子 十分 不 诚信 的 反 教育 —— 你 看  爸爸 妈妈 都 叫 我 说谎 —— 在 我国  虽然 近年来 倡导 诚信  可是  对于 说谎  却 十分 宽容  比如  有人 说谎  社会 可以 对 其 开脱 是  装 酷    急中生智   故意 反 着 说  如果  装 酷  说 不 通  就 说 是 情 非得 已  环境 所 逼  如果 这 也 说 不 通  就 把 说谎 推 给 社会  大家 都 这样  何苦 为难 一个 人  还 说 不 通  就 会 围绕 诚信 重要  还是 能力 重要 来 一 番 争议  只要 有 能力  管 他 是 不 是 说 过 谎 

最近  匈牙利 总统 因 抄袭 黯然 辞职  在 我国 又 引起 一 番 感慨  一 国 总统  因 一 篇 博士 论文 就 下 台 了  可 在 我国  一 所 大学 校长 被 检举 论文 抄袭  针对 确凿 无疑 的 抄袭 事实  学校 的 学术 调查 委员会  可以 给 其 定性 为  过度 引用   而 否认 其 存在 抄袭  就 是 认定 其 存在 抄袭  也 只 是 取消 其 学位 或者 学术 头衔  依旧 担任 校长 
总之  不管 是 说谎  还是 抄袭  诚信 问题  都 是 说说 重要  可 在 现实 中 却 都 不 重要 
结果 是  不管 利用 怎样 的 手段  只要 取得 了  成功   获得 了 一定 社会 地位  就 是 成功 人士 
功利 的 价值观 统帅 了 一切  做人 的 底线  完全 丧失 
在 一个 没 有 规则  不 尊重 规则  没有 诚信  把 说谎 当 习惯  装 酷  的 社会  大家 都 不 把 规则 当真  也 没有 诚信 的 价值 理念  最终 社会 深受 无 规则 之 困  人际 交往 也 会 为 之 付出 高昂 的 成本 
注重 规则 教育  把 诚信 作为 做人 的 第一 位  这 是 我国 教育 —— 包括 学校 教育  家庭 教育  社会 教育 —— 必须 补 上 的 一 课 
15 前段 时间 看到 说 高晓松 批 《 最 炫 民族 风 》 很 烂  是 垃圾 歌曲  这 没什么  然后 高晓松 又 出来 说   我 没 说  我 没 说 垃圾   那 我 就 觉得 高晓松 很 垃圾 了 
事情 是 这样 的  凤凰 传奇 的 同 门 师弟 东方 传奇 去 参加 东方 卫视 的 《 声 动 亚洲 》 节目  唱 了 首 《 最 炫 民族 风 》  然后 高晓松 就 批评 了  这 歌 太 垃圾  所以 就 不 让 你 通过 
昨天 东方 传奇 在 北京 召开 媒体 见面会  上百 位 媒体 朋友 到场 参加  我 觉得 这 事 可以 说 一下  我 唱歌 虽然 五音 不 全  但 评 一下 还是 可以 的 
首先 我们 来说 高晓松  高晓松 自从 出狱 之后 便 名声 大 噪  继而 膨胀  是 的  高 老师 膨胀 了  音乐节 他 说 了 算 了  他 说 这 音乐 好 那 这 音乐 就 牛 逼  然后 是 我们 都 听 不 懂 
前段 时间 还 说 什么 汉人 无 音乐  那么 少数民族 的 音乐 汉人 不 习惯 听  谢谢 
然后 咱 在 谈 谈 什么 是 好 音乐  好 音乐 的 标准 是 什么 
音乐 是 艺术  压 根 就 没有 标准  但 高晓松 出狱 以后  不 知道 是 缺 钱 还 是 怎么 了  到处 当 评委  弄 的 跟 自己 是 上帝 一样 
音乐 这 东西  大众 喜欢 的 就是 好 的  被 广为 流传 的 就是 好 音乐  你 凭 什么 来 评判 一个 音乐 的 好坏 
作为 评委  至多 能 从 专业 音准 上 来 看 选手 唱 的 是 不 是 标准  有 没 有 跑 调 
但 高 评委 的 点评 俨然 超出 了 一个 作为 评委 的 职能 范围 之内 
东方 传奇 当时 唱 最 炫 民族 风 也 是 因为 节目 组 安排 才 唱 的  而且 这 首 音乐 也 被 广为 流传  从 民主 的 角度 看  最 炫 民族 风 是 一 首 非常 不错 的 音乐  高晓松 是 一 位 自 恋 且 不 负责 的 评委 
我们 再 说说 东方 传奇  我 非常 欣赏 东方 传奇 的 这种 精神  在 参加 完 节目 之后  看 上 起 他们 俩 非常 生气  他们 说  哪怕 这 次 节目 没有 通过  他们 也 会 唱 老百姓 和 歌迷 喜欢 的 歌曲 
东方 传奇 并 没有 因为 高晓松 的 批评 而 自卑  而是 因为 高晓松 而 更加 坚定 自己 的 信念 
这 是 多少 中国 人 都 无法 做到 的  在 中国 音乐界 敢 得罪 高晓松 的 我 想 没 几 个 吧  因为 大家 都 知道 高晓松 现在 在 中国 音乐界 的 地位  尽管 高晓松 是 个 美国 人 
音乐界 伪 神话 高 晓 松 炮轰 东方 传奇 唱 的 《 最 炫 民族 风 》 实 属 显 摆  在 音乐界 立 牌坊  倚老卖老  打 压 新生代 音乐 人  凭 什么 高晓松 说 烂 就 是 烂 呢 
你 可以 不 喜欢 一 首 音乐  这 是 每个 人 的 权利  但是 借 着 在 音乐界 老油子 的 身份 去 打 压 新人 实属 无赖 
高晓松 自从 出狱 之后 便 一头 扎 进 公 知 界  不但 是 音乐 人  还 成 了 公 知  作家  达到 事业 的 最 顶峰 
