在 英国  我 经常 用 照相机  记录  物价 —— 我 在 商店  尤其 是 在 超级市场  拍摄 货物 价格 标牌  得到 第一手 的 英国 物价 
我 尽量 选择 具有 可比性 的 商品 
比如  普通 瓶装 （ 500 毫升 ） 的 可口可乐  英国 是 1 6 英镑 一 瓶  相当于 16 元 人民币 一 瓶  中国 是 2 2 元 人民币 一 瓶 
普通 瓶装 （ 550 毫升 ） 的 纯净水  英国 是 45 便士 一 瓶  相当于 4 元 5 角 人民币 一 瓶  中国 是 1 25 元 人民币 一 瓶 
不过 在 中国 卖 得 很 贵 的 法国 伊 云 矿泉水  在 英国 只 85 便士 一 瓶  相当于 8 元 5 角 人民币 一 瓶  这 可能 是 由于 英国 和 法国 很 近  运输 成本 低 
在 伦敦  我 看到 超级市场 里  土豆  2 公斤  1 英镑 
新鲜 猪肉 为 每 公斤 5-8 英镑 
普通 大米  4 公斤  3 英镑 
虾仁 为 每 公斤 8 49 英镑 
三 文 鱼 为 每 公斤 24 99 英镑 
三明治 加 一 杯 饮料  5 英镑 
麦当劳 套餐  通常 是 6 99 英镑 或者 7 99 英镑 
在 伦敦 唐人街  我 见到 这样 的 菜价 表  烧 鸭 每 只 15 5 英镑  油鸡 每 只 13 8 英镑  烧肉 每份 6 英镑  墨鱼 每份 8 5 英镑 

在 伦敦 唐人街  香蕉 每 公斤 1 69 英镑  白萝卜 每 公斤 2 85 英镑  男士 剪发 8 英镑  女士 剪发 （ 仅 是 剪发 ） 10 英镑 

此外  黄瓜 一 根 1 英镑  白菜 一 棵 1 英镑  西红柿 8 个 1 英镑  DVD 每 张 10 英镑  香烟 1 盒 4 8 英镑  高露洁 牙膏 每支 2 5 英镑 

英国 也 有 很 便宜 的  例如 座机 打 市内 电话 免费  一 张 5 英镑 国际 长话 卡 可以 打 600 多 分钟 的 国际 长途电话 
除了 日常 生活 物品 的 费用 之外  我 很 关注 英国 的 房价 
跟 世界 各国 一样  房价 取决于 地段 
在 英国  伦敦 的 房价 是 最高 的  尤其 是 伦敦 市中心 的 房价 
伦敦 西部 肯辛顿 和 切尔西 区 的 维多利亚 路 是 伦敦 房价 最 贵 的 地段 之一  每 幢 住宅 （ 别墅 ） 平均 售价 640万 英镑  亦 即 6400万 人民币 
* 李承鹏 博客 * 民主 就 是 有 权 出演 眼前 戏 ( 2012-01-14144735 ) 我 小时候 有 个 特别 急迫 的 理想 就 是 游 过去 解放 台湾  由于 在 新疆  同伴 们 常 为 找 不到 游泳池 苦练 潜水 本领 而 抱 憾 
长大 后 看 到 台湾 议员 那些 令 人 鄙视 的 扔 鞋子 画面  就 稍微 放心 一些  觉得 这么 差 的 素质  不 需 我 去 解放 它 就 会 自行 垮 掉 
再 长 大 一些  发现 低 素质 的 它 并 没 垮 掉  高 素质 的 大陆 同胞 却 去 观光 了  还 常 被 抓 到 乱 扔 烟头 随便 插队 
而 今天  它 正 进行 嘉年华 一样 的 选举 
就 在 我们 这儿 争论 民主 是否 要 缓 行  选举 是否 会 大 乱  低 素质 民众 是否 配 享受 民主 这些 超 低级 问题 时  台湾 却 从 1996年 走 到 了 2012年 
16 年  靠  杨 过 都 等到 绝情 谷底 的 小 龙 女 了 

还有 一 奇观  每当 大陆 游客 在 台湾 乱 扔 乱 插 被 罚款  就 会 引发 大陆 人 和 台湾 人 谁 素质 高 的 口 水  当然 我们 的 结论 一定 是  大陆 人民 素质 高 
并举 出 台商 酗酒 嫖娼 包 二 奶 等 低 素质 
可是 每当 有人 提出 大陆 该 真正 举办 一 次 区 县 人大代表 选举 时  就 会 有人 跳 出来 说  不得了 呀  大陆 人 素质 很 低 的 呀 
你 到 底 要 说 大陆 人民 素质 低 还 是 素质 高 
我 觉得 大陆 人民 素质 挺 高 的  我们 接受 周杰伦  林志玲  蔡康永  豆瓣 小 资 争 看 《 那些 年  我们 一起 追 过 的 女孩 》  影评 比 导演 写 得 还 要 深刻  满 大街 都 用 着 郭 台 铭 厂子 里 组装 的 苹果 

我们 能 接受 台湾 的 一切  除了 选票  这个 世界 上 存在 一 群 只 跟 电器 配套 不 跟 民主 搭线 的 种类 
你 当 大陆 人民 是 胎生 的 二极管 还是 集成电路 
所以 素质 论 是 个 伪 论  有 人 拿 三里屯 发行 苹果 新款 差点 打架 来 证明 大陆 人 素质 低  可 你 不 让 他 秩序井然 去 投票  他 当然 为 个 4S 打架 
台湾 在 96 以前 的 素质 你 看看 龙应台 的 书 就 知道 了  一样 的 满 地 撒尿 牛 丸 
问 个 资深 点 的 台 佬  也 会 告诉 你  过去 百货 发行 优惠券  台北 市民 一样 会 为 排队 打架 的 
民主 当然 不 一定 能 带来 高 素质  那 是 另 一 种 扯淡  民主 的 南非 也 有 持枪 抢劫 
但是  民主 是 不 让 低 素质 成为 一个 社会 的 通行证 
过去 南非 当 街 屠杀 警察 也 不 管  现在 不 是 这样 了 
想必 有 朋友 正在 为 这 遥远 的 例子 找 反驳  那 我 告诉 你 一个 很 近 的 活 案 
郭 台 铭 的 富士康 在 大陆 跳 下 来 多少 人  可 这 在 台湾 不 会 发生  别 说 十一 连 跳  三 连 跳 后 家属 就 抬 棺 上街 游行  找 政府 麻烦  政府 不 找 郭 台 铭 麻烦  法院 就 会 找 政府 麻烦  法院 不 找 政府 麻烦  议员 就 找 法院 麻烦 

大陆 学者 于建嵘 曾 好奇 地 问  要 是 议员 不 找 法院 麻烦 呢 
那 个 被 他 问及 的 民众 不可思议 地 白 了 他 一 眼  你 这 人 怎么 这样 多 怪 问题  这里 是 选举 制  议员 不 找 法院 麻烦  成千上万 民众 就 要 找 议员 麻烦  议员 为了 下次 再 当选  他 一定 找 法院 麻烦 
可见 没有 好 的 郭 台 铭 或 坏 的 郭 台 铭  只 有 好 环境 和 坏 环境 下 的 郭 台 铭 
那里 的 郭 台 铭 有 无数 人 找 麻烦  这儿 的 郭 台 铭  政府 亮 着 远光灯 帮 他 开道 护航 

远光灯 问题  其实 在 这里 
