总之 坚决 紧跟 正确 决定  如 一时 判断 不 出 正确 决定  耐心 等待 正确 决定 以 决定 什么 是 正确 决定 
也 不妨 娱乐 些  比 起 那些 平庸 的 国家  我们 多么 充实  总 有 那么 多 错误 等待 我们 去 及时 拨乱反正  总 有 那么 多 角色 需要 我们 的 扮演  人生 如 戏  全 靠 演技  这个 山寨 气息 浓郁 的 片 厂  拥有 这么 多 职业 的 群众 演员  自 出生 之 日  一切 皆 是 剧中 之 义  不 得 跳 戏 
只 是  起飞 前 是 英明 的  坠机 时 就 是 反动 的  头 晚 还 是 亲密 的  天亮 时 变成 阴险 的  花开时 还 是 红色 的  花 落 时 褪 成 黑色 的  月 半 弯 是 接班人  月 圆 时 变成 野心家 

中国 语文 最 神奇 是 形容词 和 名词 竟 有 时态  为 紧跟 形势  我 不惜 无数 次 在 语法 上 给 自己 洗 脑 
以 作为 一个 能 有 两 句 时令 台词 的 群众 演员 
8 暑 是 炎热 的 意思 
大暑 表明 它 是 一 年 中 最 热 的 节气 
今年 的 大暑 在 7月 22日 
大暑 节气 的 时间  一般 北半球 在 每年 7月 22 ～
24日 之间  南半球 在 每年 1月 20 ～
21日 之间  太阳 位于 黄 经 120° 就 到 了 大暑 节气 
《 月令 七十二 候 集 解 》   六月 中  解 见 小暑  
夏至 过后  阳光 依然 近乎 直射  北半球 依然 昼 长夜 短  地面 吸收 的 热量 仍 比 散发 的 多  如此 叠加  地表 温度 也 就 一 天 比 一 天 高 
到  三伏  期间 达到 顶点  天气 也 就 最 热  大暑 便 随之而来 
我国 古代 将 大暑 分为 三 候   一 候 腐 草 为 萤  二 候 土 润 溽暑  三 候 大雨 时 行 
 第一 候 是 说 世上 萤火虫 约 有 二千 多 种  分 水生 与 陆 生 两 种  陆生 的 萤火虫 产卵 于 枯草 上  大暑 时  萤火 虫卵 化 而 出  所以 古人 认为 萤火虫 是 腐 草 变成 的  第二 候 是 说 天气 开始 变 得 闷热  土地 也 很 潮湿  第三 候 是 说 时常 有 大 的 雷雨 会 出现  这 大雨 使 暑 湿 减弱  天气 开始 向 立秋 过渡 
大暑 节气 是 华南 一 年 中 日照 最 多  气温 最高 的 时期  是 华南 西部 雨水 最 丰沛  雷暴 最 常见  30 ℃ 以上 高温 日数 最 集中 的 时期  也 是 华南 东部 35 ℃ 以上 高温 出现 最 频繁 的 时期 
农谚 中 说   禾 到 大暑 日夜 黄   对 我国 种植 双季稻 的 地区 来说  一 年 中 最 紧张  最 艰苦  顶 烈日 战 高温 的  双 抢  战斗 已 拉开 了 序幕 
俗话说   早稻 抢 日  晚稻 抢 时    大暑 不 割 禾  一 天 少 一 箩   适时 收获 早稻  不仅 可 减少 后期 风雨 造成 的 危害  确保 丰产 丰收  而且 可 使 双 晚 适时 栽 插  争取 足够 的 生长期 
在 7月 底 以前 栽 完 双 晚  最 迟 不 能 迟 过 立秋 
大暑 天  三 天 不 下 干 一 砖   酷暑 盛夏  水分 蒸发 特别 快  尤其 是 长江 中下游 地区 正值 伏旱 期  旺盛 生长 的 作物 对 水分 的 要求 更为 迫切  真是  小暑 雨 如 银  大暑 雨 如 金  
棉花 花 铃 期 叶 面积 达 一生 中 最 大 值  是 需水 的 高峰期  要求 田间 土壤 湿度 占 田间 持 水量 在 70 － 80％ 为 最 好  低于 60％ 就 会 受旱 而 导致 落花 落 铃  必须 立即 灌溉 
大豆 开花 结荚 也 正是 需水 临界 期  对 缺水 的 反应 十分 敏感 
农谚 说   大豆 开花  沟 里 摸 虾   出现 旱象 应 及时 浇灌 
黄淮 平原 的 夏 玉米 一般 已 拔节 孕穗  即将 抽 雄  是 产量 形成 最 关键 的 时期  要 严防  卡 脖 旱  的 危害 
民间 对 大暑 节气 还 是 非常 重视 的  在 每年 的 这个 日子 里  都会 忙里偷闲  举行 各种 活动  在 火热 的 夏季 中 寄托 对 生活 的 美好 希望 
山东 不少 地区 有 在 大暑 到来 这 一 天  喝 暑 羊  （ 即 喝 羊肉 汤 ） 的 习俗 
送  大暑 船  是 浙江 沿海 地区  特别 是 台州 好多 渔村 都 有 的 民间 传统 习俗  其 意义 是 把  五 圣  送 出 海  送 暑 保 平安 民 
广东 很多 地方 在 大暑 时节 有  吃 仙 草  的 习俗 
仙草 又 名 凉粉 草  仙人 草  由于 其 神奇 的 消暑 功效  被 誉为  仙 草  
我国 台湾 有 吃 凤梨 的 习俗  民间 百姓 认为 这个 时节 的 凤梨 最好 吃 
加上 凤梨 的 闽南 语 发音 和  旺 来  相同  所以 也 被 用 来 作为 祈求 平安 吉祥  生意 兴隆 的 象征 
都 说 大暑 是 一 年 中 最 热 的 一 天  高温 酷热 除了 让 人 感觉 难受  往往 会 引发 苦 夏  中暑 等 疾病  朋友 们 此时 应 做好 养生 保健 的 功课 
俗话说  心静 自然 凉   越是 天 热 越 要  心静   想象 自己 处于 大自然 之中  轻风 拂 面  绿 树 婆娑  心平气和 安度 最 热 的 季节 
保证 充足 的 睡眠  劳逸结合  充足 的 睡眠 会 增强 人 的 免疫力 
及时 补充 水 份  同时 还 应 吃 一些 益 气 养 阴 的 食品 以 增强 体质  使 湿 热 之 邪 无隙可乘 
所 选 食物 要 清淡  不要 过于 滋 腻  否则 极 易 消化 不良  如 山 药  大 枣  海参  鸡蛋  牛奶  蜂蜜  莲藕  木耳  甲鱼  豆浆 等 都 是 进 补 佳品 
夏天 人体 新陈代谢 加快  能量 消耗 大  因此 蛋白质 的 供应 必须 酌量 增加  每日 摄入 量 应 在 100 ～
120 克 为 宜 
植物 蛋白 可以 从 豆制品 中 获得  动物 蛋白 除了 奶制品 外  还 应 适当 吃 点 肉 
夏季 的 肉食 以 鸡肉  鸭 肉  瘦 猪肉  鸽 肉 等 平 性 或 凉 性 的 肉类 为 首选 
