爱国 卫生 运动 卓有成效 。
爱国 卫生 运动 是 中国 公众 广泛 参与 、 与 公众 健康 密切相关 的 社会 公益 事业 ， 迄今 已 开展 ６０年 。
爱国 卫生 运动 坚持 预防 为主 的 方针 ， 通过 开展 除害 灭 病 、 健康 教育 和 健康 促进 、 农村 改 水 改 厕 、 国家 卫生 城镇 创建 、 城乡 环境 卫生 整治 等 ， 降低 了 传染病 危害 ， 提高 了 居民 健康 水平 ， 形成 了 爱国 卫生 人人 参与 、 健康 生活 人人 共享 的 良好 局面 。
截至 目前 ， 中国 累计 命名 １５３ 个 国家 卫生 城市 、 ３２ 个 国家 卫生 区 和 ４５６ 个 国家 卫生 镇 ( 县城 ) ， 并 在 此基础 上 探索 国家 健康 城市 ( 镇 ) 创建 工作 。
卫生 应急 水平 全面 提高 。
颁布 突发 事件 应 对 法 、 突发 公共 卫生 事件 应急 条例 等 法律法规 ， 修订 传染病 防治 法 ， 推动 卫生 应急 工作 走 上 法制化 和 规范化 轨道 。
以 疾病 预防 控制 体系 、 卫生 监督 体系 和 医疗 体系 为 基础 ， 初步 建成 统一 指挥 、 布局合理 、 反应灵敏 、 运转 高效 、 保障 有力 的 突发 公共 事件 卫生 应急 体系 。
建立 完善 卫生 应急 预 案 体系 ， 覆盖 突发 急性 传染病 、 不 明 原因 疾病 、 中毒 事件 等 突发 公共 卫生 事件 防 控 以及 自然灾害 、 事故 灾难 、 恐怖 事件 的 医疗 卫生 救援 和 重大 活动 医疗 卫生 保障 。
建立 国家 、 省 ( 自治区 、 直辖市 ) 、 地 ( 市 ) 、 县 四 级 应急 管理 体制 。
建立 卫生 应急 能力 评估 指标 体系 。
国家 组建 了 传染病 控制 、 医疗 救援 、 中毒 处置 、 核 和 放射 处置 等 ４ 类 ２７ 支 国家级 卫生 应急 队伍 ， 地方 也 组建 了 各级 突发 公共 事件 卫生 应急 专业 队伍 。
国家 医药 储备 制度 日趋 完善 ， 保障 了 应对 突发 公共 卫生 事件 所 需 的 医药 产品 。
近年来 ， 中国 有效 处置 了 传染性 非典 型 肺炎 、 甲 型 H1N1 流感 、 鼠疫 、 人 禽流感 等 突发 公共 卫生 事件 ， 及时 开展 四川 汶川 特大 地震 、 青海 玉树 地震 、 甘肃 舟 曲 特大 山洪 泥石流 灾害 的 紧急 医学 救援 ， 顺利 完成 北京 奥运会 、 上海 世博会 等 大型 活动 的 医疗 卫生 保障 任务 。
法定 传染病 和 突发 公共 卫生 事件 实现 网络 直 报 。
２００４年 ， 中国 启用 传染病 和 突发 公共 卫生 事件 网络 直 报 系统 ， 实现 对 ３９ 种 法定 传染病 病例 个 案 信息 和 突发 公共 卫生 事件 的 实时 、 在 线 监测 。
截至 ２０１１年 ， 全国 １００％ 的 疾病 预防 控制机构 、 ９８％ 的 县级 及 以上 医疗 机构 和 ９４％ 的 乡镇 卫生院 实现 了 法定 传染病 网络 直 报 。
三 、 传染病 防治 与 卫生 应急 新 中国 成立 以来 ， 中国政府 坚持 “ 预防 为主 ， 防治 结合 ” 方针 ， 不断 加大 传染病 防治 力度 ， 通过 开展 预防 接种 和 爱国 卫生 运动 等 防 控 措施 ， 降低 了 传染病 发病率 ， 有效 控制 了 传染病 的 流行 和 蔓延 。
自 ２０ 世纪 ５０年代 起 ， 基本 控制 了 鼠疫 、 霍乱 、 黑热病 、 麻风病 等 疾病 的 流行 。
２０１１年 甲 类 和 乙类 传染病 发病率 控制 在 ２４１． ４／１０ 万 的 较 低水平 ， 有力 保障 了 广大 居民 的 身体 健康 和 生命 安全 。
实施 国家 免疫 规划 。
免疫 规划 工作 是 中国 卫生 事业 成效 最为 显 著 、 影响 最 为 广泛 的 工作 之一 。
２０ 世纪 ６０年代 初 ， 中国 通过 接 种牛痘 消灭 了 天花 ， 较 世界 卫生 组织 １９８０年 宣布 全球 根除 天花 早 了 十几 年 。
２０００年 ， 中国 实现 了 无 脊 髓 灰质炎 目标 。
２００２年 ， 中国 决定 将 新生儿 乙肝 疫苗 纳入 国家 免疫 规划 ， 国家 免疫 规划 由 接种 ４ 种 疫苗 预防 ６ 种 传染病 ， 扩大 到 接种 ５ 种 疫苗 预防 ７ 种 传染病 。
２００７年 ， 国家 决定 实施 扩大 国家 免疫 规划 ， 国家 免疫 规划 疫苗 增加 到 １４ 种 ， 预防 １５ 种 传染病 ， 免疫 规划 人群 也 从 儿童 扩展 到 成人 。
新 一 轮 医 改 启动 以来 ， 国家 免疫 规划 内容 不断 扩大 ， 对于 减少 传染病 发生 、 保护 公众 身体 健康 起 到 了 积极 作用 ， 目前 多数 疫苗 可 预防 传染病 的 发病 已 降 至 历史 最低 水平 。
重点 传染病 地方病 得到 有效 控制 。
艾滋病 、 结核病 、 血吸虫 病 、 包 虫 病 、 麻风病 、 疟疾 等 重大 及 重点 传染病 患者 获得 免费 药物 治疗 。
截至 ２０１１年 ， 中国 存活 艾滋病 病毒 感染者 和 病人 约 为 ７８ 万 人 ， 远 低于 将 艾滋病 病毒感染 人数 控制 在 １５０ 万 以内 的 目标 。
传染性 肺结核 患病率 降 至 ６６／１０ 万 ， 提前 实现 了 联合国 千年 发展 目标 确定 的 结核病 控制 指标 。
所有 血吸虫 病 流行 县 实现 疫情 控制目标 ， 血吸虫 病 病人 控制 在 ３２． ６ 万 。
率先 在 全球 ８３ 个 丝虫病 流行 国家 和 地区 中 消除 了 丝虫病 。
提升 以 监测 为 核心 的 流感 防 控 能力 ， ２０１０年 ， 中国 疾病 预防 控制中心 国家 流感 中心 被 正式 命名 为 全球 第五 个 流感 参 比 和 研究 中心 。
稳步 推进 地方病 防治 工作 ， 在 国家 层面 实现 消除 碘缺乏病 目标 ， 大骨节病 、 克山病 和 氟 中毒 等 病情 得到 有效 控制 ， 发 病患者 显 著 减少 。
爱国 卫生 运动 卓有成效 。
爱国 卫生 运动 是 中国 公众 广泛 参与 、 与 公众 健康 密切相关 的 社会 公益 事业 ， 迄今 已 开展 ６０年 。
爱国 卫生 运动 坚持 预防 为主 的 方针 ， 通过 开展 除害 灭 病 、 健康 教育 和 健康 促进 、 农村 改 水 改 厕 、 国家 卫生 城镇 创建 、 城乡 环境 卫生 整治 等 ， 降低 了 传染病 危害 ， 提高 了 居民 健康 水平 ， 形成 了 爱国 卫生 人人 参与 、 健康 生活 人人 共享 的 良好 局面 。
