新 时期 中国 国防 的 目标 和 任务 ， 主要 有 以下 内容 ：—— 维护 国家 主权 、 安全 、 发展 利益 。
防备 和 抵抗 侵略 ， 保卫 领 陆 、 内 水 、 领海 、 领空 的 安全 ， 维护 国家 海洋 权益 ， 维护 国家 在 太空 、 电磁 、 网络 空间 的 安全 利益 。
反对 和 遏制 “ 台独 ” ， 打击 “ 东 突 ” 、 “ 藏 独 ” 等 分裂 势力 ， 捍卫 国家 主权 和 领土 完整 。
服从 服务 于 国家 发展 战略 和 安全 战略 ， 维护 国家 发展 的 重要 战略 机遇 期 。
贯彻 新 时期 积极 防御 的 军事 战略 方针 ， 坚持 独立自主 和 全民 自卫 原则 ， 加强 武装力量 建设 和 边防 、 海防 、 空防 建设 ， 加强 国家 战略 能力 建设 。
中国 始终 奉行 不 首先 使用 核武器 的 政策 ， 坚持 自卫 防御 的 核 战略 ， 不 与 任何 国家 进行 核军备 竞赛 。
中国 认为 ， 全球 导弹 防御 计划 将 损害 国际 战略 平衡 与 稳定 ， 不 利于 国际 和 地区 安全 ， 并 对 核裁军 进程 产生 消极 影响 。
中国 主张 ， 各方 均 不 应 在 海外 部署 具有 战略 反 导 能力 和 潜力 的 反 导 系统 或 开展 相关 国际 合作 。
防 扩散 中国 坚决 反对 大规模 杀伤性 武器 及 其 运载 工具 扩散 ， 始终 以 高度 负责 的 态度 处理 防 扩散 事务 。
中国 认为 ， 要 从 根源 上 防止 扩散 ， 应 努力 营造 互信 、 合作 的 全球 和 地区 安全 环境 ， 消除 大规模 杀伤性 武器 扩散 的 动因 ； 应 坚持 通过 政治 和 外交 手段 处理 防 扩散 问题 ； 应 切实 维护 和 加强 国际 防 扩散 机制 的 权威性 、 有效性 和 普遍性 ； 应 确保 国际 防 扩散 努力 的 公正性 和 非 歧视性 ， 平衡 处理 防 扩散 与 和平 利用 科学技术 的 关系 ， 摒弃 双重 标准 。
中国 参加 了 防 扩散 领域 所有 的 国际 条约 和 相关 国际 组织 ， 支持 联合国 在 防 扩散 领域 发挥 应有 的 作用 ， 认真 执行 安理会 相关 决议 。
中国 主张 通过 对话 协商 和平 解决 朝鲜 半岛 核 问题 ， 致力 于 通过 六 方 会谈 进程 平衡 解决 各方 关切 ， 实现 半岛 无 核 化 ， 维护 半岛 和 东北亚 的 和平 与 稳定 。
中国 始终 从 大局 和 长远 出发 ， 积极 劝和 促 谈 ， 推动 各方 通过 接触 对话 为 早日 重 启 六 方 会谈 创造 条件 。
中国 主张 通过 对话 和 谈判 和平 解决 伊朗 核 问题 ， 维护 中东地区 的 和平 与 稳定 。
中国 一直 致力 于 劝和 促 谈 ， 积极 做 有关 各方 工作 。
多次 参加 伊朗 核 问题 六 国 机制 外长 和 政治 总 司长 会议 ， 以 建设性 姿态 参与 联合国安理会 和 国际 原子能 机构 审议 伊朗 核 问题 的 进程 。
2009年 以来 ， 中国 相继 与 美国 、 俄罗斯 、 英国 、 德国 、 巴西 、 加拿大 、 巴基斯坦 、 韩国 、 欧盟 、 澳大利亚 、 以色列 等 举行 军控 与 防 扩散 磋商 ， 继续 加强 与 有关 多 国 出口 管制 机制 的 对话 与 交流 。
与 “ 导弹 及其 技术 控制 制度 ” 开展 对话 并 参加 了 其 技术 专家 外 联会 。
在 东盟 地区 论坛 框架 下 与 有关 国家 合办 防 扩散 与 裁军 会 间 会 ， 参加 有关 生物 安全 和 生物 反 恐 问题 的 讨论 。
中国 高度 重视 防 扩散 出口 管制 工作 ， 已 建立 起 一整套 涵盖 核 、 生物 、 化学 、 导弹 等 相关 敏感 物 项 和 技术 及 所有 军品 的 完备 的 出口 管制 法规 体系 。
中国 的 出口 管制 法规 采取 国际 通行 的 许可证 管理 制度 、 最终 用户 和 最终 用途 证明 制度 、 清单 控制 方法 、 全面 控制 原则 等 。
2009年 ， 商务部 制定 《 两用 物 项 和 技术 出口 通用 许可 管理 办法 》 ， 进一步 完善 出口 许可证 管理 体系 。
中国 重视 核 安全 问题 ， 反对 核 恐怖主义 ， 采取 了 有效 的 核 安全 措施 ， 保持 着 良好 核 安全 纪录 。
中国 严格 履行 核 安全 国际 义务 ， 积极 参与 国际 核 安全 合作 ， 将 同 有关 国家 合作 在 华 建立 核 安全 示范 中心 。
禁止 化学 、 生物武器 中国 认真 履行 《 禁止 化学武器 公约 》 的 各项 义务 ， 建立 了 从 中央 到 地方 的 各级 履约 机构 ， 按时 完整 提交 各类 年度 宣布 、 新 发现 日本 遗弃 在 华 化学武器 的 后续 宣布 及 年度 国家 防护 方案 ， 接待 了 禁 化武 组织 240 多次 现场 视察 。
中国 与 禁 化武 组织 积极 开展 合作 ， 多次 联合 举办 禁 化武 组织 视察 员 培训班 以及 防护 与 援助 培训班 ， 并 通过 该 组织 向 非洲 缔约国 提供 援助 。
为 推动 日本 履行 销毁 日 遗 化武 义务 ， 中国 协助 日本 进行 了 150 次 现场 调查 和 挖掘 、 回收 、 鉴别 作业 ， 回收 日 遗 化武 近 5万 件 ， 并 于 2010年 10月 在 南京 开始 销毁 日 遗 化武 。
中国 敦促 日本 加大 投入 ， 加快 日 遗 化武 处理 进程 。
中国 支持 旨在 加强 《 禁止 生物武器 公约 》 有效性 的 多边 努力 ， 致力 于 公约 的 全面 、 严格 履约 ， 建立 了 较 完备 的 履约 法律 体系 ， 设立 了 国家 履约 联络点 。
每年 按时 向 公约 履约 支持 机构 提交 建立 信任 措施 宣布 资料 ， 参加 公约 缔约国 年会 、 专家 会 和 相关 研讨会 ， 加强 生物 安全 和 疫情 监控 等 工作 ， 开展 生物 领域 国际 交流 与 合作 。
防止 外 空 军备 竞赛 中国政府 一贯 主张 和平 利用 外 空 ， 反对 外 空 武器 化 和 外 空 军备 竞赛 ， 认为 国际 社会 谈判 缔结 相关 国际 法律 文书 是 防止 外 空 武器 化 和 外 空 军备 竞赛 的 最佳 途径 。
2008年 2月 ， 中国 与 俄罗斯 共同 向 裁 谈 会 提交 了 “ 防止 在 外 空 放置 武器 、 对外 空 物体 使用 或 威胁 使用 武力 条约 ” 草案 。
2009年 8月 ， 中 俄 共同 提交 工作 文件 ， 回应 裁 谈 会 各方 对 中 俄 外 空 条约 草案 的 问题 和 评论 。
中国 希望 各方 早日 就 这 一 草案 展开 谈判 ， 达成 新 的 外 空 条约 。
常规武器 军控 中国 严格 履行 《 特定 常规武器 公约 》 及其 议定书 规定 的 各项 义务 ， 按 要求 提交 公约 所 附 《 地雷 议定书 》 年度 履约 报告 ， 积极 参加 集 束 弹药 问题 政府 专家组 谈判 工作 。
2010年 4月 ， 中国 批准 公约 所 附 《 战争 遗留 爆炸物 议定书 》 。
2009年 以来 ， 中国 继续 积极 参与 国际 人道主义 扫雷 援助 ， 为 阿富汗 、 伊拉克 、 苏丹 培训 扫雷 技术 人员 ， 无偿 向 埃及 、 阿富汗 、 伊拉克 、 苏丹 和 斯里兰卡 捐赠 扫雷 器材 ， 向 秘鲁 、 埃塞俄比亚 提供 “ 地雷 受害者 ” 援助 。
