“ 资源 ” 卫星 的 空间 分辨率 和 图像 质量 得到 较 大 幅度 提升 。
“ 环境 与 灾害 监测 预报 小 卫星 星座 ” 具备 中 分辨率 、 宽 覆盖 、 高 重 访 的 灾害 监测 能力 。
2010年 ， 正式 启动 实施 高 分辨率 对 地 观测 系统 重大 科技 专项 。
2. 通信 广播 卫星 。
突破 大 容量 地球 静止 轨道 卫星 公用 平台 、 天 基数 据 中继 与 测控 等 关键 技术 ， 卫星 技术 性能 明显 提高 ， 话音 、 数据 和 广播 电视 通信 水平 进一步 提升 。
“ 中 星 十 号 ” 卫星 的 成功 发射 和 稳定 运行 ， 大幅 提高 了 中国 通信 广播 卫星 的 功率 和 容量 。
“ 天 链 一 号 ” 数据 中继 卫星 的 成功 发射 ， 使 中国 初步 具备 天 基 数据 传输 能力 和 对 航天器 的 天 基 测控 服务 能力 。
3. 导航 定位 卫星 。
2007年 2月 ， 成功 发射 第四 颗 “ 北斗 ” 导航 试验 卫星 ， 进一步 提升 了 “ 北斗 ” 卫星 导航 试验 系统 性能 。
全面 实施 “ 北斗 ” 卫星 导航 区域 系统 建设 。
该 系统 由 5 颗 地球 静止 轨道 卫星 、 5 颗 倾斜 地球 同步 轨道 卫星 和 4 颗 中 圆 地球 轨道 卫星 组成 ， 2007年 4月 以来 已 成功 发射 10 颗 卫星 ， 具备 了 向 服务 区 （ 亚太地区 ） 用户 提供 试 运行 服务 的 条件 。
4. 科学 卫星 与 技术 试验 卫星 。
研制 发射 多 颗 “ 实践 ” 系列 卫星 和 微小 卫星 ， 为 空间 环境 探测 、 空间 科学 实验 和 新 技术 验证 提供 了 支撑 平台 。
（ 三 ） 载人 航天 2008年 9月 25日 至 28日 ， 成功 发射 “ 神 舟 七 号 ” 载人 飞船 ， 首 次 顺利 实施 航天员 空间 出 舱 活动 ， 完成 舱 外 空间 材料 试验 、 小 卫星 释放 与 伴 飞 试验 ， 标志 着 中国 成为 世界 上 第三 个 独立 掌握 航天员 空间 出 舱 关键 技术 的 国家 。
2011年 9月 和 11月 ， 先后 发射 “ 天宫 一 号 ” 目标 飞行器 和 “ 神 舟 八 号 ” 飞船 ， 成功 实施 中国 首 次 空间 交会 对接 试验 ， 为 后续 空间 实验室 和 空间站 的 建设 奠定 了 基础 。
（ 四 ） 深 空 探测 2007年 10月 24日 ， 成功 发射 中国 第一 个 月球 探测器 —— “ 嫦娥 一 号 ” ， 实现 “ 精确 变 轨 ， 成功 绕 月 ” 的 预定 目标 ， 获取 大量 科学 数据 和 全 月球 影像 图 ， 并 成功 实施 “ 受 控 撞 月 ” 任务 。
“ 嫦娥 一 号 ” 任务 的 圆满 完成 ， 是 继 人造 地球 卫星 、 载人 航天 飞行 取得 成功 之后 中国 航天 事业 发展 的 又 一 座 里程碑 ， 标志 着 中国 已经 跨入 具有 深 空 探测 能力 的 国家 行列 。
2010年 10月 1日 ， 成功 发射 “ 嫦娥 二 号 ” 月球 探测器 ， 获取 了 分辨率 更 高 的 全 月球 影像 图 和 虹 湾 区域 高 清晰 影像 ， 并 成功 开展 环绕 拉格朗 日 L2 点 等 多 项 拓展 性 试验 ， 为 深 空 探测 后续 任务 的 实施 奠定 了 基础 。
（ 五 ） 航天 发射 场 中国 已 有的 酒泉 、 西昌 、 太原 3 个 航天 发射 场 建设 进一步 完善 ， 综合性 试验 能力 和 高 密度 发射 能力 明显 提高 ， 圆满 完成 载人 飞船 、 月球 探测器 以及 各类 卫星 的 发射 任务 。
目前 ， 中国 正在 建设 满足 新 一代 运载火箭 发射 任务 要求 的 海南 航天 发射 场 。
（ 六 ） 航天 测控 完善 了 地面 测控 站 和 远洋 测量 船 ， 建立 了 由 4 个 观测站 和 1 个 数据 处理 中心 组成 的 甚 长 基线 干涉 测量 网 ， 初步 具备 了 天 基 测控 能力 ， 基本 建成 天地 一体 、 设备 齐全 、 任务 多样 的 航天 测控 网 。
目前 ， 中国 航天 测控 网 正在 逐步 实现 由 陆基 向天基 、 由 地球 空间 测控 向 深 空 测控 的 拓展 ， 不仅 能 满足 卫星 测控 需求 ， 还 能 为 载人 航天 和 深 空 探测 等 任务 提供 测控 支持 。
（ 七 ） 空间 应用 1. 对 地 观测 卫星 应用 。
对 地 观测 卫星 应用 的 领域 和 规模 不断 扩大 ， 业务 服务 能力 不断 提升 ， 初步 形成 对 地 观测 卫星 应用 体系 。
新建 4 个 卫星 地面 接收站 ， 提高 了 气象 、 海洋 、 陆地 观测 等 卫星 数据 的 地面 接收 能力 ； 统筹 建设 对 地 观测 卫星 地面 数据 处理 系统 ， 提升 了 数据 集中 处理 、 存档 、 分发 和 服务 能力 ； 新建 卫星 环境 应用 中心 、 卫星 减灾 应用 中心 和 卫星 测绘 应用 中心 等 对 地 观测 卫星 应用 机构 ， 促进 了 对 地 观测 卫星 数据 的 推广 应用 ； 加强 遥感 卫星 辐射 校正 场 的 定 标 服务 ， 提高 了 对 地 观测 卫星 的 定量 应用 水平 。
目前 ， 对 地 观测 卫星 数据 已 广泛 应用 于 经济 社会 发展 各 领域 。
“ 风云 ” 卫星 系列 实现 对 台风 、 雨涝 、 森林 与 草原 火灾 、 干旱 、 沙尘暴 等 灾害 的 有效 监测 ， 气象 预报 和 气候 变化 监测 能力 明显 提升 。
“ 海洋 ” 卫星 系列 实现 对 中国 海域 和 全球 重点 海域 的 监测 和 应用 ， 对 海冰 、 海温 、 风 场 等 的 预报 精度 和 灾害性 海 况 的 监测 时效 显著 提高 。
“ 资源 ” 卫星 系列 在 土地 、 地质 矿产 、 农业 、 林业 、 水利 等 资源 及 地质 灾害 调查 、 监测 与 管理 和 城市 规划 中 发挥 了 重要 作用 。
“ 遥感 ” 、 “ 天 绘 ” 卫星 系列 在 科学 试验 、 国土 资源 普查 、 地图 测绘 等 领域 发挥 了 重大 作用 。
“ 环境 与 灾害 监测 预报 小 卫星 星座 ” 为 地表 水质 与 大气 环境 监测 、 重大 环境 污染 事件 处置 以及 重大 自然灾害 监测 、 评估 与 救援 提供 了 重要 的 技术 支撑 。
2. 通信 广播 卫星 应用 。
通信 广播 卫星 应用 稳步 推进 ， 形成 一定 的 市场 规模 。
卫星 广播 电视 网 进一步 完善 ， 2008年 建立 “ 村村 通 ” 直播 卫星 服务 平台 ， 实现 中央人民广播电台 、 中央电视台 节目 和 省级 一 套 广播 电视 节目 通过 卫星 播出 ， 进一步 提高 了 全国 广播 电视 节目 覆盖率 。
加强 卫星 远程 教育 宽带 网 和 卫星 远程 医疗 网 的 建设 ， 在 一定 程度 上 缓解 了 边远 地区 教育 与 医疗 资源 短缺 的 问题 。
加强 卫星 应急 通信 保障 能力 建设 ， 为 抢险 救灾 、 重大 突发 事件 处置 提供 了 重要 支撑 。
3. 导航 定位 卫星 应用 。
导航 定位 卫星 应用 步入 产业化 发展 轨道 ， 正在 进入 高速 发展 时期 。
