一 、 减缓 气候 变化 “ 十一五 ” 期间 ， 中国 加快 转变 经济 发展 方式 ， 通过 调整 产业 结构 和 能源 结构 、 节约 能源 提高 能 效 、 增加 碳 汇 等 多种 途径 控制 温室 气体 排放 ， 取得 了 显著 成效 。
( 一 ) 优化 产业 结构 改造 提升 传统 产业 。
制定 和 发布 汽车 、 钢铁 等 十 大 重点 产业 调整 和 振兴 规划 ， 修订 《 产业 结构 调整 指导 目录 》 ， 出台 《 关于 抑制 部分 行业 产能 过剩 和 重复 建设 引导 产业 健康 发展 的 若干 意见 》 。
提高 高耗能 行业 准入 门槛 ， 对 固定资产 投资 项目 进行 节能 评估 和 审查 ， 加强 传统 产业 的 技术 改造 和 升级 ， 促进 企业 兼并 重组 ， 调整 出口 退税 政策 ， 对 煤炭 、 部分 有色金属 、 钢坯 和 化肥 等 产品 征收 出口 关税 ， 抑制 高耗能 、 高 排放 和 资源性 产品 出口 。
推动 可 再生 能源 和 新 能源 开发 利用 技术 、 智能 电网 关键 技术 等 领域 的 技术 研发 。
开展 温室 气体 提高 石油 采收率 的 资源 化 利用 及 地下 埋 存 、 咸 水层 封存 能力 评价 及 安全性 、 新型 高效 吸附 材料 的 制备 筛选 等 研发 工作 。
在 “ 十一五 ” 科技 支撑 计划 中 部署 气候 变化 影响 与 适应 的 关键 技术 研究 、 典型 脆弱 区域 气候 变化 适应 技术 示范 等 项目 专题 ， 在 碳 排放 监测 方面 组织 开展 嗅 碳 卫星 研究 。
通过 “ 863 ” 计划 和 支撑 计划 ， 设立 了 主要 农林 生态 系统 固 碳 减 排 技术 研究 与 示范 、 林业 生态 建设 关键 技术 研究 与 示范 、 农业 重大 气候 灾害 监测 预警 与 调控 技术 研究 等 项目 。
实施 国家 科技 支撑 计划 项目 《 重点 行业 节能 减 排 技术 评估 与 应用 研究 》 。
2010年 国家 工程 研究 ( 技术 ) 中心 、 国家 工程 实验室 分别 达到 288 个 和 91 个 。
加强 气候 变化 战略 和 政策 研究 。
围绕 “ 十二五 ” 应 对 气候 变化 重点 任务 ， 研究 应 对 气候 变化 的 长远 战略 ， 开展 中国 低 碳 发展 战略 、 全国 适应 气候 变化 总体 战略 、 碳 排放 交易 机制 、 国内外 应 对 气候 变化 相关 法律 法规 等 研究 。
启动 中国 应 对 气候 变化 科技 专项 行动 ， 总 投入 经费 约 1. 1亿 人民币 ， 开展 中国 绿色 发展 的 重大 战略 及 技术 问题 等 相关 研究 。
( 五 ) 加强 教育 培训 将 气候 变化 内容 逐步 纳入 国家 教育 体系 。
中 、 高等院校 加强 环境 和 气候 变化 教育 ， 陆续 建立 环境 和 气候 变化 相关 专业 ， 加强 气候 变化 教育 科研 基地 建设 ， 为 培养 气候 变化 领域 专业 人才 发挥 了 积极 作用 。
加强 对 领导 干部 气候 变化 知识 的 培训 。
通过 举办 集体 学习 、 讲座 、 报告会 等 形式 ， 有效 提高 各级 领导 干部 气候 变化 意识 和 科学 管理 水平 。
中央政府 有关 部门 举办 了 气候 变化 、 可 持续 发展 和 环境 管理 培训班 、 应 对 气候 变化 省级 决策者 能力 建设 培训班 、 地方 政府 官员 清洁 发展 机制 管理 能力 建设 培训班 、 适应 气候 变化 能力 建设 培训 研讨班 、 省级 温室 气体 清单 编制 能力 建设 培训班 等 。
地方 政府 也 积极 开展 了 气候 变化 相关 培训 。
四 、 全 社会 参与 中国 积极 宣传 应 对 气候 变化 科学 知识 ， 提高 公众 的 低 碳 发展 意识 ， 注重 发挥 民间 组织 、 媒体 等 各 方面 的 积极性 ， 采取 多种 渠道 和 手段 引导 全民 积极 参与 应 对 气候 变化 行动 。
( 一 ) 政府 积极 引导 从 2008年 开始 ， 每年 编写 出版 《 中国 应 对 气候 变化 的 政策 与 行动 》 年度 报告 ， 全面 介绍 中国 在 应 对 气候 变化 领域 的 政策 与 进展 。
组织 开展 “ 节能 宣传周 ” 系列 活动 ， 普及 节能 减 排 与 气候 变化 知识 。
利用 世界 环境 日 、 世界 气象 日 、 世界 地球 日 、 世界 海洋 日 、 世界 无 车 日 、 全国 防灾 减灾 日 、 全国 科普 日 等 主题 日 ， 积极 开展 气候 变化 科普 宣传 。
北京 、 天津 、 贵阳 等 一些 地方 政府 通过 举办 气候 变化 、 节能 环保 等 领域 的 大型 国际 研讨会 、 论坛 和 展览 等 活动 ， 加强 与 世界 各国 在 低 碳 发展 方面 的 经验 交流 ， 增强 公众 应 对 气候 变化 和 节能 低 碳 的 意识 。
充分 发挥 报纸 、 广播 、 电视 、 杂志 等 传统 媒体 和 互联网 、 手机 等 新 媒体 的 作用 ， 加强 应 对 气候 变化 和 节能 低 碳 的 宣传 教育 。
( 二 ) 民间 组织 积极 行动 中国 国土 经济 学会 开展 低 碳 国土 实验 区 创建 活动 ， 中华 环保 联合会 和 中国 旅游 协会 在 48 家 旅游 景区 开展 首 批 全国 低 碳 旅游 试验区 试点 ， 中国 钢铁 工业 协会 与 全国总工会 组织 开展 全国 重点 大型 耗 能 钢铁 生产 设备 节能 降耗 对 标 竞赛 活动 。
中国 节能 协会 等 举办 气候 变化 与 低 碳 经济 发展 媒体 高层 论坛 。
中国 煤炭 协会 、 中国 有色金属 工业 协会 、 中国 石油 和 化学工业 协会 、 中国 建筑 材料 联合会 、 中国 电力 企业 联合会 等 在 行业 节能 规划 、 节能 标准 的 制定 和 实施 、 节能 技术 推广 、 能源 消费 统计 、 节能 宣传 培训 和 信息 咨询 等 方面 发挥 了 重要 作用 。
一些 民间 公益 组织 也 积极 开展 宣传 教育 活动 ， 提高 了 公众 应 对 气候 变化 意识 。
( 三 ) 新闻 媒体 大力 宣传 中国 媒体 不断 加大 应 对 气候 变化 与 节能 低 碳 宣传 报道 力度 。
编写 并 出版 了 一 系列 气候 变化 与 气象 灾害 防御 的 科普 宣传 画册 ， 制作 了 《 面对 气候 变化 》 、 《 变 暖 的 地球 》 、 《 关注 气候 变化 》 、 《 环球 同 此 凉 热 》 等 影视片 ， 及时 跟踪 报道 全球 应 对 气候 变化 的 热点 新闻 ， 积极 介绍 中国 应 对 气候 变化 的 政策 、 行动 和 进展 ， 倡导 低 碳 生活 理念 ， 增进 社会 各界 对 气候 变化 的 了解 和 认识 ， 展示 中国 在 应 对 气候 变化 方面 付出 的 努力 和 取得 的 成就 。
( 四 ) 公众 广泛 参与 中国 公众 以 实际 行动 积极 应 对 气候 变化 ， 广泛 参与 自备 购物 袋 、 双面 使用 纸张 、 控制 空调 温度 、 不 使用 一次性 筷子 、 购买 节能 产品 、 低 碳 出行 、 低 碳 饮食 、 低 碳 居住 等 节能 低 碳 活动 ， 从 日常 生活 衣 、 食 、 住 、 行 、 用 等 细微 之 处 ， 实践 低 碳 生活 消费 方式 。
