目前 ， 本市 正在 开展 为期 一个 月 的 劳动 合同 专项 执法 活动 。
执法 活动 以 批发 零售 业 、 住宿 餐饮业 、 制造 加工业 、 居民 服务业 和 建筑业 为 重点 行业 ， 以 私营 企业 和 用工 在 30 人 以下 的 小型 企业 为 重点 企业 ， 督促 用人 单位 与 劳动者 签订 劳动 合同 。
年底 前 ， 北京市 国有 及 国有 控股 和 外商 投资 企业 劳动 合同 签订 率 要 达到 95% ， 其他 各类 企业 劳动 合同 签订 率 要 达到 90% 。
到 2008年 ， 本市 各类 企业 与 劳动者 普遍 签订 劳动 合同 。
市 总工会 负责人 说 ， 职工 是 企业 的 宝贵 财富 ， 人力 资源 的 培养 是 需要 过程 的 ， 职工 的 权益 依法 受到 保护 。
企业 经济性 裁员 要 受到 监控 ， 本市 参加 失业 保险 的 企业 只有 在 具有 两 种 情况 之 一时 ， 才 可以 实施 经济性 裁减 人员 ： 一 是 濒临 破产 ， 被 人民 法院 宣告 进入 法定 整顿 期间 ； 二 是 连续 3 年 经营 性 亏损 且 亏损额 逐年 增加 ， 资不抵债 、 80% 的 职工 停工 待 工 、 连续 6 个 月 无力 按 最低 生活费 标准 支付 劳动者 生活 费用 。
另外 ， 有 七 类 人 不 能 裁 ： 患 职业病 或 因 工 负伤 丧失 或 部分 丧失 劳动 能力 的 ； 患病 或 非 因 工 负伤 在 规定 的 医疗 期 内 的 ； 女工 在 孕期 、 产 期 、 哺乳期 内 的 ； 男 职工 年 满 50 周岁 ， 女 职工 年 满 45 周岁 的 ； 残疾 职工 ； 夫妻 双方 在 同一 企业 的 ， 只 允许 裁减 一 人 ； 法律 、 法规 、 规章 规定 的 其他 不 得 裁减 人员 。
36. 今天 , 世界 的 目光 再次 聚焦 美丽 的 海滨 城市 —— 大连 。
为期 三 天 的 世界 经济 论坛 2011年 新 领 军 者 年会 ( 夏季 达沃斯 论坛 ) 在 这里 上演 思想 交锋 、 智慧 碰撞 , 来自 90 个 国家 和 地区 的 1600 多 名 代表 将 共同 探讨 “ 关注 增长 质量 , 掌 控 经济 格局 ” 这 一 主题 。
当前 , 世界 经济 仍 面临 挑战 : 美国 复苏 乏力 , 欧元 区 债务 危机 愈演愈烈 , 不久 之前 的 欧 美 股市 大 跌 , 西方 在 危机 之前 大 繁荣 时代 过度 杠杆 化 的 经济 增长 模式 遭遇 了 挑战 , 但 作为 后起之秀 的 新兴 市场 国家 , 也 未 能 提供 令人信服 的 新 模式 , 各国 都 在 苦苦 寻觅 经济 转型 之 道 。
所有 这些 情况 都 表明 , 无论 对 于 发达国家 还是 发展中国家 而言 , 寻找 新 的 经济 增长 路径 都 是 这个 时代 的 重大 课题 。
世界 经济 的 困境 都 指向 一个 方向 —— 必须 对 既 有 的 经济 增长 路径 进行 重新 设定 。
基于 此 , 将 “ 关注 增长 质量 , 掌 控 经济 格局 ” 作为 主题 , 并非 偶然 。
与会 代表 一致 认为 , 现在 世界 经济 的 发展 需要 更加 关注 增长 质量 , 而 不仅仅 是 增长 速度 , 在 经济 增长 的 同时 , 如何 实现 环保 、 低 碳 、 更 少 的 资源 和 能源 消耗 、 减少 贫困 、 分配 公平 等等 都 是 每个 国家 和 地区 的 经济 决策者 需要 认真 考虑 的 问题 。
世界 经济 论坛 创始人 兼 执行主席 克劳斯 ?
施瓦布 在 开幕式 上 表示 , 当前 经济 面临 的 问题 不仅 是 周期性 , 更 是 结构性 的 。
“ 要 克服 全球 危机 , 需要 我们 具有 创新 性 的 全球 和 国家 战略 , 从而 才 能 推动 新 一 轮 经济 增长 和 绿色 增长 。
” 为此 今年 夏季 达沃斯 论坛 从 会议 首日 , 就 毫不犹豫 发出 “ 支持 变革 性 创新 ” 的 声音 , 推动 全球 经济 在 创新 中 重 回 生机 。
如今 正逢 中国 “ 十二五 ” 开局 之 年 , 经济 发展 正 处在 新 的 历史 阶段 , 而 本届 夏季 达沃斯 论坛 “ 关注 增长 质量 , 掌 控 经济 格局 ” 的 主题 , 也 正 契合 中国 宏观 经济 政策 的 取向 , 特别 是 “ 十二五 ” 规划 的 核心 理念 。
37. 对于 中原 经济区 应 如何 发展 、 如何 架构 ， 湖北省 的 专家 们 有 何 建议 ？
记者 为 此 采访 了 武汉 大学 教授 伍新木 和 湖北省 社科院 武汉 城市 圈 研究 组 副 组长 陈 文科 。
【 伍 新 木 】 ● 最近 3 年 综 改 区 新 变化 从 中原 城市 群 到 中原 经济区 ， 河南 一直 在 寻找 自己 的 定位 ， 并 努力 成为 国家 战略 “ 特区 ” ， 武汉 大学 区域 经济 发展 研究 中心 主任 、 教授 ， 武汉 城市 圈 课题 研究 首席 专家 伍新木 认为 ， 河南 作为 中部 一个 重要 的 区域 ， 建立 中原 经济区 是 很 有 必要 的 。
伍新木 说 ， 自 武汉 经济圈 与 长 株 潭 经济圈 获 批 之后 ， 最近 两三 年 国家 发 改 委 对 综 改 试验区 的 要求 与 关注 又 有 了 新 的 变化 ， 策划 了 许多 改革 试验区 ， 实现 国家 功能 的 区域 分工 ， 打破 区域 封锁 ， 实现 区域 互补 ， 突出 区域 互动 及 区域 与 区域 之间 的 互补 互动 ， 形成 新 的 区域 均衡 发展 格局 。
这 一 批 新 批 的 试验区 有 20 多 个 ， 如 沈 （ 阳 ） 大 （ 连 ） 经济 区 、 山东 半岛 经济区 、 环 渤海湾 经济区 、 关中 - 天水 经济区 、 海西 经济区 、 大 深圳 都市 特区 、 珠 三 角 9 加 2 经济区 等 。
伍新木 分析 ， 国家 在 这 三 年 之所以 出现 变化 ， 最 主要 的 意图 在于 突破 行政区划 的 禁锢 ， 实现 经济 的 互补 互动 发展 ， 并 逐渐 突破 经济 发展 中 的 行政区划 障碍 。
伍新木 曾经 来 过 河南 三 次 ， 参加 过 郑 汴 一体化 及 洛阳 规划 等 论证会 ， 对 河南 还是 比较 了解 的 。
他 感觉 河南 这么 大 的 一个 经济 区域 ， 应该 找到 一个 好 的 题材 ， 成为 国家 的 一个 战略 经济区 。
河南 有 很多 可 选择 的 ， 比如 农业 现代化 题材 ， 只要 上升 为 国家 战略 ， 有 了 这个 “ 帽子 ” ， 你 想 做 的 就 可以 有 很 多 了 。
伍新木 说 ， 河南 非常 需要 了解 国家 第一 轮 改革 与 第二 轮 改革 的 差别 ， 并 厘 清 国家 现阶段 发展 的 重点 ， 这 对 河南 申报 成为 国家 战略 经济区 非常 重要 。
中原 经济区 融合 度 不够 伍新木 认为 ， 中原 城市 群 和 中原 经济区 在 发展 过程 中 ， 如何 实现 “ 五 个 一体化 ” 是 关键 ， 这 也 是 考验 中原 经济区 发展 的 主要 因素 。
这 五 个 一体化 包括 基础 设施 的 一体化 ， 建立 快速 便捷 的 交通 网络 是 融 城 的 关键 因素 ； 也 包括 市场 的 一体化 ， 经济 区 内 的 主要 城市 市场 一定 要 实现 一体化 ； 还 要 实现 产业 布局 的 一体化 ， 形成 产业 的 优势 互补 与 合理 布局 ； 还 要 实现 城乡 一体化 、 资源 的 合理 利用 和 环保 的 一体化 布局 。
