18 事变 ’ 到 战败 的 15 年 间 策划 并 进行 了 战争  给 日本 国民 和 亚洲 人民 造成 严重 灾难 的 重大 战争 犯罪 
但是 小泉 对 甲级 战犯 的 ‘ 罪 ’ 是 如何 认识 的  我们 完全 不 清楚 
 日本 社民党 党首 福 岛 瑞 穗 会见 记者 时 说   如果 是 受害人 这么 说 还 可以 理解  这种 话 不 是 作为 加害 国家 的 首相 应该 说 的 
实在 是 没 脑子 
 《 朝日 新闻 》 就此 发表 社论 批评 小泉 巧 言 令 色  刚愎自用  并 引用 孔子 名言 回赠 小泉   过 而 不 改  是 谓 过 矣 
 其意 是  有 过错 而 不 改  那 是 真正 的 错误 
对于 这 句 公认 正版 的 孔子 至理名言  小泉 是 不 是 应该 好好 学学 呢 
33 在 短短 4 天 时间 里  法国 与 荷兰 两 个 欧盟 创始 国 的 公 投 先后 以 多数 票 否决 了 《 欧盟 宪法 条约 》 （ 以下 简称 条约 ） 
两 次 否决 的 冲击 让 欧盟 上下 愕然  政界 一 片 惊呼  一体化 进程 面临 欧盟 史 上  前所未有  的 挑战 
众所周知  条约 是 欧盟 长 达 16 个 月 的 艰苦 讨论  几经周折 与 激烈 辩论 才 达成 妥协 的 产物 
尽管 条约 文本 不尽 完美  但 它 毕竟 为 扩大 后 的 欧盟 设计 了 较 过去 更为 有效 的 运转 及 决策 机制  为 欧盟 未来 绘制 了 一 幅 蓝图 
两 国 公民 投票 对 条约 的 否决  使 欧盟 各国 政要 重新 陷入  政治 困 局  之中 
法国 与 荷兰 作为 欧盟 创始 国  曾 为 推动 欧盟 一体化 作出 了 巨大 贡献 
而今 在 欧盟 的 又 一个 历史 关头  两 国 公民 却 对 指导 未来 的  历史性  条约 给予 否决 
巨大 的 反差  引 人 深思 
导致 法  荷 两 国 大多数 公民 选择 说  不  的 因素 很 多  也 较 复杂 
有些 否决 票 其实 并非 针对 条约 本身  而是 在 发泄 对 本国 政府 的 不满 
但 仔细 分析  人们 还是 不 难 发现 某些 共同点 
首先  否决 票 在 相当 程度 上 反映 了 普通 百姓 因 欧盟 扩大 而 产生 的  深刻 忧虑  
欧盟 去年 一 下 扩大 到 25 国  其中 多 为 欠 发达 的 中东欧 国家 
在 当前 欧盟 经济 本来 已 回升 乏力  失业率 多 年 徘徊 在 两 位 数 上 下  百姓 购买力 普遍 下降 的 情况 下  人们 担心  新 成员国 的 加入 将 使 更 多 廉价 产品 涌入 欧盟  从而 进一步 加剧 欧盟 市场 上 的 竞争 
欧盟 的 就业 形势  更 会 因 中东欧 移民 的 进入 而 趋于 严峻 
原有 欧盟 成员国 的 企业  将 更 多 地 迁入 劳动力 相对 便宜 的 新 成员国  从而 导致 老 成员国 更 多 人 失业 
总之  尽管 欧盟 东 扩 已 成 事实  但 普通 百姓 却  消化 不良  
不少 人 对 欧盟 如此 快 的 扩大 速度 感到  迷茫   因而 产生 心理 抵触 
其次  两 国 公 投 结果 清楚 地 表明  随着 欧盟 的 扩大 与 发展  普通 百姓 与 政治家 间 的  鸿沟  越来越 大 
政治家 们 在 极力 推动 欧盟 向 广度 和 深度 发展 之 时  却 忽视 了 普通 百姓 的 感受 
一些 人 认为  欧盟 被 政治家 们  没收  了  百姓 成 了 不 相关 的  局外人  
政治家 们  走 得 太 快   百姓 们 跟不上  由此 产生 的 不满 情绪  便 通过 投票 发泄 出来 
此外  在 一些 反对 者 看来  条约 中 的 有些 原则 过于  自由化  
这 也 是 导致 部分 人 作出 否决 选择 的 一个 原因 
这些 人士 指出  条约 推崇  自由 竞争  的 发展 模式  颇 有 盎 格 鲁 — 撒 克 逊 的 味道  有悖于 欧洲 国家 注重 公平 的 发展 模式  不 符合 欧盟 的 大陆 特色 
目前  尽管 欧盟 领导 表示  各国 对 条约 的 审批 仍 将 继续 下去  但 在 法  荷 效应 下  今后 是否 还 会 出现 跟随 倒下 的  多 米 诺 骨牌   尚 难 断言 
无论如何  法  荷 的 否决 使 条约 前景 显现  暗淡  
而 在 缺乏 有效 的 决策 及 运转 机制 情况 下  欧盟 的 一体化 发展 有 可能 进入  难 有 作为 的 徘徊 期  
欧盟 的 整体 形象 也 会 因此 受损  对外 将 更 难 以  一个 声音 说话  
在 处理 对外 经贸 纷争 方面  欧盟 也许 会 选择 更为 强硬 的 方式  以 缓解 内部 矛盾 
总之  有 分析 认为  欧盟 大概 需要 几 年 时间 才 能 度过 这 场  危机  
34 朝 核 问题 和 伊朗 核 问题 的 症结 之一 在于 朝鲜 和 伊朗 坚称 拥有 和平 利用 核能 的 权利  而 一些 国家 认定 它们 构成 了 核扩散 威胁 
尽管 当事 各方 立场 迥异  却 援引 了 同一个 国际 条约 为 自己 辩护  这 就 是 1970年 生效  1995年 无限期 延长  目前 面临 挑战 的 《 不 扩散 核武器 条约 》 
条约 的 三 个 核心 目标 ― ― ― 防 核扩散  核裁军 与 和平 利用 核能  本来 相辅相成  现在 却 似乎  水火 不 相容  
愈演愈烈 的 核扩散 威胁 使 核能 和平 利用 陷入 窘境  而 核裁军 停滞不前 
35 年 前  试图 遏制 核武器 扩散 的 有 核 国家 和 试图 保留 核能 和平 利用 权利 的 无 核 国家 在 此 条约 中 达成 了 妥协  无 核 国家 放弃 发展 核武  赢得 和平 利用 核能 的 权利  有 核 国家 获得 拥有 核武 的 合法 地位  承担 防止 核扩散 并 最终 实现 彻底 核裁军 的 义务 
时 移 势 易  一些 有 核 国家 首先 发难  称 部分 无 核 国家 的 核能 和平 利用  已经  正在 或 可能  被 转 用于 发展 核武 能力  造成 核扩散 隐忧  因此 有 必要 重新 考虑 它们 的 此 项 权利 
某些 无 核 国家 称  个别 有 核 国家 消极 承担 条约 中 有关 裁军 的 义务  反而 以 防 核扩散 为名 损害 他国 和平 利用 核能 的 权利  因此 可能 不再 接受 条约 约束 
相关 国家 在 核能 和平 利用 问题 上 的 对 决 正 从 根本 上 动摇 条约 的 存在 基础 
毋庸讳言  的确 发生 过 某些 无 核 国家 借口 和平 利用 核能 试图 获取 核武 能力 的 情况  如 2003年 12月 利比亚 承认 曾 有 此 打算 
