

我 要 从 这里 去 延安 
余 则 成 更加 震惊  延安 
左 蓝 点头  温柔 地  老吕 一直 没有 告诉 我 你 的 军统 身份 
你 愿意 跟 我 去 延安 吗 
余则成  我 
我 是 什么 人 你 已经 知道 了  共产党 还 不 拿 我 去 喂 狗 
左蓝 笑  你 的 情况 老 吕 向 延安 汇报 过  你 心 向 抗战  同情 共产党  保护 过 进步 人士  这些 他们 都 知道  你 不要 有 顾虑 
余 则 成 吃惊 地  他 为什么 要 说 这些 
左蓝  他 希望 你 能 成为 我们 中 的 一 员 
老 吕 做事 慎重  这 两 年 一直 在 考察 你 
余则成  让 我 叛变 
左蓝  则 成  这 不 叫 叛变 
我 希望 我们 能 走 在 一起  希望 我们 能 有 一样 的 生活 目的  一样 的 信仰 
余则成  不要 说 了  左蓝  日本 人 眼看 就 不行 了  以后 这个 国家 都 是 中国 人 的 了  现 在 谈论 这些 你 叛变 我  我 叛变 他 有 什么 意思 
重庆  延安 以后 还 不 是 一 家 吗 
左蓝 沉默 
余 则 成 真诚 地  我们 就 是 两 个 普通 老百姓  不 是 蒋介石 和 毛泽东  我们 将来 要 过 自己 的 生活  到 那时 侯 你 会 发现  我们 的 生活 里 其实 并 没有 政治  就是 柴米油盐  什么 重庆  延安  除了 旅游  这些 地方 跟 我们 没有 关系 
左蓝  你 真 认为 抗战 胜利 后  国民政府 开 个 大会  大家 就 在 一 口 锅 里 吃饭 了 
一个 共产党人 和 一个 国民党 人 就 能 组成 一个 无忧无虑 的 家庭 
余则成  当然 可以 
左蓝 无奈  好  那 我们 可以 等 
余则成  你 不 去 延安 了 
左蓝  我 要 去  我 有 我 要 做 的 事 
余则成  那 结婚 的 事 
左蓝  昨天 柏林 投降 了  我 想 明天 就 是 东京  如果 一切 就 像 你 希望 的 那样  将来 是 一个 太平 盛世 的 话  我 会 回来 找 你  我们 结婚 
余则成 似乎 不 太 满意  如果 不 是 那样 呢 
左蓝 深情 地 望 着 余则成  那 我 希望 你 去 延安  你 答应 吗 
余 则 成 有些 失望  延安 那边 又是 整风 又是 甄别  抓 CC  抓 三 青  连 自己 人 都 抓  我 一个 军统 分子 去 延安 能 有 活路 吗 
左蓝  我们 都 有 政治 信仰  过去 没 谈 过  是 因为 我们 必须 隐瞒 
说实话  老吕 认为 事 到 如今  做 通 你 的 工作 时机 已 到  没 想到 你 还 这么 犹豫 
余 则 成 寸步不让  我 没有 什么 信仰  如果 说 有  我 现在 信仰 良心  赶走 日本 人 后  我 就 信仰 生活  信仰 你  就 这样 
左蓝  可 是 那 种 生活 根本 不 存在 
余则成  不 是 不 存在  是 你 愿 不 愿意 过 
左 蓝 伤心  你 要 是 觉得 我们 过去 的 都 是 真心 的  就 不要 说 这种 话 
今天 我们 都 不够 冷静  你 先 回去  出来 这么 长 时间  免得 引起 他们 怀疑 
余则成 转身 走 到 门口  你们 的 事 我 会 守口如瓶 
2-3． 会馆 库房 门口 日 外 余 则 成 出门  看 到 门口 的 帖 老板  帖 老板 含笑 跟 他 点头  他 没有 回应  而是 快步 离开 
左 蓝 沮丧 地 对 帖 老板  对不起  我 没 能 说服 他 
帖 老板 忧虑 地 看 着 余则成 的 背影 
2-4． 政 保 总署 大门口 日 外 前面 在 小 树林 出现 过 的 特务 在 悄悄 检查 每 辆 车 的 轮胎 
特务 头目 检查 到 余则成 的 用 车  觉得 可疑  仔细 检查 后  这 是 谁 用 的 车 
一个 管理 人员  这 是 电讯 处 的 车 
特务 头目  电讯 处 的 
谁 
管理 人员  好 象 是 一个 新 来 的 
然后 压低 声音  从 重庆 投 过来 的 
2-5． 电讯 处 办公室 日 内 余 则 成 的 电话 响 了  接 听  喂 
电话 （ 叶子明 的 OS ）  文池 吗 
余 则 成 警惕  对  您 是 
叶子明 （ OS ）  我 是 三 叔  家里 托 我 给 你 带 些 衣服 过来 
余则成  知道 了 
2-6． 街道 车 里 日 外 车 在 行进  余则成 和 叶子明 坐 在 后 坐 
叶子明 把 几 页 纸 递给 余则成  发 出去  越 快 越 好 
余则成 接 过 去 看 着 
（ 旁白  这 几 页 电 稿 使 余 则 成 大 为 震惊  他 一下 明白 了  叶子明 作为 戴 笠 的 特使  来 南京 交涉 的 根本 不 是 什么 战备 物资  而是 被 日军 总部 二 课 扣缴 的 戴 笠 和 胡蝶 的 整 船 私人 财产 和 几 名 亲信 
为 赎回 那些 个人 财产  军统 愿意 为 日军 提供 18000 担 粮饷 和 新四军 的 抗日 情报 
抗战 正值 惨烈 时刻  上层 竟然 在 做 这样 龌龊 的 勾当 
） 2-7． 某 室内 日内 房间 一 看 就 是 专门 发 电报 的 工作 间 
余则成 在 对照 密码 册 将 电 稿 编成 密码 
余则成 在 监督 发报 员 发报 
（ 上 段 旁白 铺 到 此 
） 事后  余 则 成 沮丧 地 烧 掉 电文 
2-8． 电讯 处 办公室 日 内 余 则 成 从 电台 间 出来  正好 遇到 万 里 浪 
余则成  万 长官  有 什么 吩咐 
万 里 浪 打量 着 他  忙 什么 呢 
余则成  发送 一 份 电文 
万 里 浪 伸 出 手  文稿 呢  我 看看 
余则成  刚刚 烧 掉 
万 里 浪  谁 的 
余则成  我 不 敢 说 
万 里 浪 有些 生气  大 不 了 就 是 周 部长 的  还 避讳 我 
余 则 成 犹豫 着  是 丁 主任 的 
万 里 浪 诧异  默 村 
你 跟 他 


万里浪 说 着 来到 桌前 拿 起 电话  给 我 接 杭州 绥靖 公署 
余 则 成 紧张 地 等 着 
万 里 浪 接通 电话  友好 地  喂  默村 兄  这么 巧  我 是 政 保 总署 的 万 里 浪  不 客气  老兄 你 用 人 用 电台 怎么 都 用 到 我 的 身边 了  是 呀  是 一个 姓 劳 的 小 兄弟  哦  子 美 关照 的  知道 了  老兄 保重 
