余则成  则 成 教养 守旧  不 敢 问津 这 等 时髦 
站长  是 吗 
据 我 所 知  你 在 重庆 也 有 相好 呀 
余 则 成 一 惊  孤身一人  难 有 说 不 觉 寂寞 的 时候  但 那 只 是 


风月 露水  点到为止  学生 心中 还是 家室 维 大  不 敢 乱来 
站长  也好  可是 穆 连成 答应 我  要是 我 能 促成 你 跟 他 侄女 的 百 年 之 好  他 愿意 把 在 广州 的 一 处 酒厂 赠送 于 我  你 看 怎么办 吧  当然  你 也 会 得到 好处 的 
余 则 成 愣 了  接着 是 苦笑  可是 我 太太 就要 来 了  而且  站长  家父 去世 时  则 成为 国 守 命  不 能 身 前 尽 孝  里 外 都 是 我 太太 打 理  心里 很 是 亏欠  这时候 休 掉 她 


站长  怪 我 多 事  要是 不 让 你 接 太太  是 不 是 就 好 办 一些 呢  你 看  穆 家 侄女 是 个 新派 学生  人 也 漂亮  跟 你 很 般配 呀 
要 不 这样  你 马上 写信 告诉 太太  先 不 要 来 天津  你 再 考虑 考虑 
余 则 成为 难 
站长 虚假 地  其实  我 倒 真 不 是 为了 他 的 什么 酒厂  就 是 觉得 你 俩 是 金 镶 玉  有 前途 
余则成 不 知道 该 说 什么  可能 


我 太太 那边 已经 上路 了 
站长 遗憾  要 不 我 跟 穆 连成 说说  让 他 家 侄女 给 你 做 个 小 
余 则 成 吓 了 一 跳  纳妾 
公务 军官 纳妾 是 要 受 制裁 的 
站长 不 高兴 了  这么 说  这么 说  你 就 不 想 考虑 了 
余 则 成 灵机一动  站长  您 看 这样 行 吗  我 跟 那 老家伙 谈 一 谈  即 推 掉 这 门 亲事  也 把 那 广州 的 酒厂 给 您 弄 过来  行 吗 
站长 看 着 余则成 
余则成  我 家 那 老婆 


真 的 挺 好 的 
站长 突然 大 笑 起来 
余 则 成 有些 懵  您 笑 什么 
3-31． 余则成 家 夜 内 余 则 成 独自 在 吃饭  忽然 传来 了 敲门声 
余 则 成 开门  门口 竟然 是 焦急 的 秋 掌柜 
余则成 也 意外  让 进 了 他  出 什么 事 了 
你 怎么 跑 来 了 
秋 掌柜 放下 手里 的 工具箱  急忙  除了 大 差错  我 来 也 是 不得已 
余则成  怎么 了 
秋 掌柜 在 给 余 则 成 拔 火罐 
余 则 成 趴 在 椅子 的 靠 背 上 
秋 掌柜  组织 上 原来 指派 的 那 位 女 同志 因故 来 不 了 了 
余则成 急忙  什么  来 不 了 了 
秋 掌柜  是 不 是 很 合 你 的 心意 
余则成  不 是  现在 可 不 是 了  我 还 真 希望 她 能 快 来 
秋 掌柜  你 变 得 可 够 快 的 呀 
余则成  你 知道 吗  吴敬中 要 我 娶 穆 连成 的 侄女  他 想 从中 得到 好处  很 大 的 好处 
秋 掌柜 意外  是 吗  你 的 态度 呢 
余则成  我 不 想 要 那 位 大 小姐  还 不 如 组织 上 派 一个 来 呢 
那 派 的 人 来 不 了 了  以后 怎么办 
还有  我 给 他 说 太太 已经 上路 了 呀 
秋 掌柜 意外  上路 了 
本来 想 耽搁 几 天  在 重新 做 个 周密 部署  可 担心 给 你 写 的 那 封 家书  军统 的 人 可能 也 偷 看到 了  既然 信 上 说 马上 要 来  就 不能 再 耽搁 了 
余则成  那 怎么 办 
秋 掌柜  只 能 给 你 再 重新 指派 一个 
余 则 成 一 头 雾 水  重新 派 一个 
这 不 是 儿戏 呀 


也好  只要 来 一个 就 行  要不 吴 敬 中非 要 我 娶 那个 娇 小姐 不可  来 了 住 几 天  等 过 了 这个 风口  就 让 她 回去 
秋 掌柜  人家 还 没 来 呢  你 就 准备 打发 人家 走 了 
余则成  那 怎么样  还 真 要 过日子 呀 
哎  那 上 次 给 我 的 材料 就 都 作废 了 
秋 掌柜  对 
然后 从 工具箱 里 拿 出 一 叠 材料  这 是 新 来 的 人 的 材料  你 尽快 熟悉  你 的 材料 她 也 有  见面 后 你 俩 尽快 串通 
余则成 打开 材料  怎么 没 有 结婚证 帖 
秋 掌柜  结婚证 帖 还是 用 以前 那个  这 两 个 女 的 长 得 很 象 
余 则 成 一 脸 不可思议  看 着 秋 掌柜  很 象 
我党 比 军统 可 厉害 多 了 
秋 掌柜  她 俩 是 姐妹 
以前 的 那 份 材料 马上 销毁 
余则成  有 左 蓝 的 消息 吗 
秋 掌柜  冀中 对 延安 那边 的 情况 知道 的 也 不 多  没 问 到 
余 则 成 一 脸 失望 
一个 炭火 盆  纸张 在 燃烧 
秋 掌柜 投 进 最后 一 张 纸  然后 把 剩下 的 那个 结婚证 帖 还 有 新 的 材料 合 在 一起  交给 余则成  它 加上 这些  就是 你 的 太太 
余 则 成 遗憾 地  要 是 派 左蓝 来 就 好 了 
秋 掌柜  她 是 个 知识分子  你 的 太太 不 是 不 识字 吗 
你 怎么 梦游 似的  我 警告 你 这 对 你 可 没 什么 好处 
余 则 成 勉强 打 起 精神  对 对  不 识字  怎么 老 是 错 着 的 呢 
他 有些 不 情愿 地 接 过 来 材料  看 着 证 帖 上 的 合影  忧虑 地  马虎 不得  长 得 会 很 象 吗 
3-32． 马奎 办公室 日 内 马 奎 跟 一个 亲信 
亲信  我 这个 同学 以前 也 是 总部 四 处 的  在 重庆 就 跟 余 主任 认识 
马奎  他 知道 那 个 女人 的 根底 吗 
亲信 摇头  他 只是 见 过 那 个 女 的  是 个 教师 
