穆 连成  当然  我 什么 也 没 送  有 什么 可 说 的  你 以为 我 老糊涂 了  老弟 
这时 客厅 里 穿 来 晚秋 的 歌声  正是 那 首 《 共青团 之 歌 》 
余 则 成 回头 看 着 
穆 连成  去 吧  再 不 过去  她 就 该 学 狼 叫 了 
4-35． 穆 连成 家 客厅 日内 晚秋 拿 着 歌 篇 在 唱  余 则 成 过来  不远处 注视 
左蓝 在 重庆 唱 这 首 歌 的 情景 浮现 在 他 的 眼前 
穆 连成 在 远处 看 着  对 一个 手下 小声 吩咐  好 了 吗 
手 下  好 了  还 带 枪 吗 
穆 连成 点头 
晚秋 看见 了 余则成  过来  拥抱 他 
第五 集 5-1． 商 券 会馆 大堂 日内 国民党 兵 严守 着 大门  门外 可以 看见 很多 记者 在 等待 
马奎 面前 的 特务  有的 穿 着 服务员 的 衣服  有 的 穿着 厨师 服  有 穿着 工装 的 汽车 修理 工  有的 挂 着 电工 的 工具 各色人等 
马奎 严肃 地  共 党代表 下午 就 要 到 了  你们 的 职守 都 该 清楚  我 再次 提醒 各 位  不许 暴露 身份  不许 跟 共 党代表 吵架  不许 跟 他们 私下 接触  收工 后 立即 回 到 我 的 办公室  汇报 一 天 的 情况  记住 了 吗 
大家  记住 了 
马奎  好  各就各位 吧 
大家 散 去 
一个 手 下  队长  陆 处长 来 电话  说 二 号 线 监听 信号 不 清楚 
马奎  我们 的 监听 清楚 吗 
手 下  清楚 
马奎 冷笑  告诉 陆 处长  已 经 检查 过 了  就 这样 
记者 们 被 放 进 来 了  一个 记者 问 大堂 主管  请问 中共 代表 邓铭 将军 被 安排 在 哪个 房间 
主管 让 一个 服务员 带 记者 去 了 
一 记者  请问  军 调 期间 我们 可以 自由 进入 吗 
主管  对不起  需要 他们 同意 
记者  可以 看看 厨房 和 会议室 吗 
每个 特务 在 各自 的 岗位 上 忙碌 
马奎 看 着  比较 满意 
5-2． 悬 济 药店 日内 秋 掌柜 在 给 余则成 看 一 叠 照片  照片 上 是 商 券 会馆 的 特务 
第一 张  穿 背带 裤 的 
余则成  汽车 修理 员  司机  叫 闻时鸣  行动 队 的 
第二 张  穿 礼服 的 
余则成  前堂 主管  宋非  行动 队 侦察 科科 长 
第三 张  穿 服务员 衣服 的 
余则成  他 叫 


刘根宝  行动 队 的 
第四 张  穿 服务员 衣服 的 
余则成  陈 北伐  行动 队 的 
余则成 在 说  秋 掌柜 在 照片 背后 写 着 
余则成  如果 要 揭露 他们  最好 不要 都 说 对  可以 说 错 一两 个 
秋 掌柜  这 你 放心  不 会 让 他们 察觉 到 情报 来源 的 
余则成 起身 离开 了 
5-3． 余 则 成家 院子 日 外 翠平 在 用 砖头 砌 鸡窝  她 干 得 满头大汗 
竹 笼子 里 关 着 几 只 鸡 
周亚夫 经过  看 着  嫂子  忙 什么 呢 
翠平  垒 鸡窝 
5-4． 军统 站 会议室 日内 站长  余则成  马奎  陆 桥山 等 十几 个 人 
站长  晚上 驻军 方面 欢迎 八路军 代表  各位 都 要 到  人 多 气氛 好 呀  让 他们 看看 天津 正是 风调雨顺 呀 
马奎  知识分子 和 工商界 代表 都 找 好 了  全 是 五十 岁 以上 的 
抗日 英雄  学生 代表  艺术家  普通 百姓 的 代表 也 找 好 了  总共 二十 人 
站长  学生 代表 要 严格 审查  年轻人 喜欢 乱 说 
陆 桥山  站长 放心  他们 都 是 青年 军 的 骨干  经过 政 大和 团校 的 年 训  每个 人 的 档案 都 仔细 审查 过 
站长 满意  妇女 界 也 应该 有 代表 呀 
马奎  这个 


通告 里 没有 说 还 需要 妇女 代表 
站长  需要  共产党 很 封建 的  让 他们 看看 城市 里 的 新 女性  这 就 是 进步 
马奎  晚上 就 要 用  怕 是 来不及 找 呀 
站长  嗨  你们 的 太太 都 到 场 就 行 了  都 不 难 看 嘛  让 她们 穿戴 整齐  站 在 后面  露露 笑脸 就 可以 了 
余则成  我 家 太太 就 算 了 吧  她 那 样子 


不 太 进步 
站长 笑  要 带  让 她 也 见识 见识 吗  这 事 你 别 管 了  马奎  让 你 太太 马上 带 余 太太 去 烫发  波浪 的 
余则成  还要 烫发 
5-5． 会场 夜 内 会场 里 放 着 美国 音乐  熟悉 的 人们 在 交谈 着 
余则成 和 烫 了 发 的 翠 平 进来  翠平 还 有些 不 舒服  弄 着 头发  小声 地  妈 呀  这么 亮 
余则成 是 一 身 记者 打扮  挂 着 相机  手里 拿 着 本子 和 笔 
他 看见 了 不远处 的 站长 太太 和 马 陆 太太 
余 则 成 带 翠平 走 过去  对 站长 太太  人 我 就 交 给 你 了 
随后 对 翠平  这种 场合 不要 乱 说 
翠 平 点头  余则成 离开 
站长 太太 看 着 催 平  烫 了 就 象 太太 了 
马 太太 得意  我 给 她 要 的 样子  上海 最 流行 的 
翠平 看 着 各位 太太 手里 的 杯子  这 是 什么 
站长 太太 想 了 半天 问 马 太太  这 叫 什么 
马 太太 炫耀 地  这 是 一 种 美国 汽水  也 是 最 时尚 的 汽水 
叫 可口可乐  以前 上海 叫 它 蝌 蝌 啃 蜡 
翠平 一 头 雾 水  像 醋 
站长 太太 递 过来 自己 的 杯子  你 尝尝 
翠 平 缩 着 脖子 尝 了 一 口  红 塘 水 
一 声 高喊  国 军代表 张罗 林 将军 到 —— 一个 笑容 可 鞠 的 戎装 将军 和 几 个 随从 进入 
余则成 等 上前 拍照 
闪光灯  掌声 
商人 模样 的 站长 坐 在 角落 里  马奎 过来  站长  时间 都 过 了  八路军 代表 怎么 还 不 到 
站长  那 你 还 闲 着 
马奎 明白  于是 到 人群 里 煽动  八路军 代表 怎么 这么 不 守 时 呢  已经 过 了 八 分钟 了  这 第一 印象 可 不 好 
