吕宗方 脸色 一 暗  满 口 胡言 
等 你 当 了 委员长  当 了 军统 局长 之后  你 也 能 
吕宗方 起身  情报 处 问 我  你 是 不 是 有 亲 共 行为  你 未婚妻 是否 有 通共 行为 
余 则 成 紧张  没有  篡改 窃听 记录 的 话 是 张 名义 编造 的 
吕宗方  你 未婚妻 在 《 新华 日报 》 上 的 文章 是 编造 的 吗 
听 我 一 句  重庆 现在 是 枪口  躲 一 躲 不 是 坏事  特别 是 对 你 和 她  明白 吗 
余 则 成 无言 
吕宗方  我 马上 去 见 戴 老板  天亮 出发 
吕宗方 走 了 
余则成 想 了 片刻  出门  但 门口 已经 有 特务 守 在 那里 了  天亮 前 你 不 能 出去 
余则成 回到 房间  匆匆 拿 出 纸 笔 写 了 起来  亲爱 的 蓝  事 出 突然  公司 派 我 去 昆明 几 日  也许 还 要 更 长  无暇 话别 
此刻 唯一 放心 不 下 的 就是 你  我 知道 你 跟 一些 中共 人士 过从甚密  这样 不好  很 危险 
抗战 即将 胜利  每个 活 下来 的 人 都 有 权利 享受 幸福  但 首先 要 珍惜 生命 
我 发誓  为了 你  我会 珍惜 生命  决不会 置身 危局  也 恳求 你 用 美丽 的 生命 等 着 我 回来 
余则成 把 写 好 的 信  夹 在 柔 石 的 小说 《 二月 》 里  放 在 自己 的 枕头 上 
1-31． 江 船 / 火车 日 外 余 则 成 和 吕宗方 
吕宗方  此 去 南京  只 有 一 项 任务  就是 刺杀 叛徒 李 海丰 
余 则 成 吃惊  刺杀  怎么 不 派 行动 处 的 人 
我 从来 没有 执行 过 这样 的 任务  不怕 失手 吗 
吕宗方  李 海丰 在 总部 供职 多 年  没 人 晓得 他 认识 多少 人  也 没 人 晓得 他 认识 谁  不 认识 谁 
你 是 不 是 在 戴 老板 面前 说 过 你 不 认识 李 海丰 的话 
余则成  说 过  就 因为 我 不 认识 他  就 派 我 去 
吕宗方  刺杀 李 海丰 的 行动 由 我 负责  是 我 选 的 你  老板 也 点 头 了 
余则成  为什么 
一个 军人 过来  别 喊 了  观察 两 天 就 清楚 了 
秋 掌柜 和颜悦色 地  小 老弟  我 真 没 病  你 看 我 的 身体 很 好 的  你 放 我 出去  我 可以 给 你 钱  要 多少 都 可以  我 告诉 你 地址  你 现在 就 可以 去 取 
军人 没 理睬 他  走 了 
秋 掌柜 很 焦急 
6-5． 悬 济 药房 夜 外 余 则 成 开车 过来  观察 
门口 挂 着  盘点  的 牌子 
余则成 面 露 焦急 
6-6． 余 则 成家 卧室 夜 内 余 则 成 匆匆 回来 
翠平  怎么 了  这么 神 慌 的 
余 则 成 脱 掉 外套  坐 在 收音机 前  看 表  调试 波段  有 个 重要 情报 我 送 不 出去  是 戴 笠 来 天津 的 秘密 使命  他们 已经 准备 打 了  这 是 上面 最 需要 的 
翠平 也 着急  我 帮 你 送 
余则成  不 是  交通站 突然 不 让 我 跟 他们 联系  我 估计 出 问题 了 
翠平  那 怎么 办 
余 则 成 调试 着 收音机  希望 最 早 的 约定 他们 还 能 记得 
余则成 看 表 
收音机  


2013  054  7102 
完毕 
薰 衣 草 的 指令 就 到 这里  一 小时 后  本 波段 还 将 重复 一 次 
现在 是 研究所 呼叫 勘探队  研究所 呼叫 勘探队  这 是 立冬 后 的 第一 次 呼叫  呼叫 将 重复 两 次 
余则成 突然 起身  拉 抽屉 找 纸 笔 
翠 平 不得 其意 跟着 转  找 什么 
我 帮 你 
余 则 成 忙乱 地 找 好 纸 笔  坐下 准备 记录 
收音机  


9102  453  0027 
第一 次 呼叫 完毕  现 重复 呼叫  423  1066  963  3111  7054  6271  2052 


余 则 成 快速 记录 着  翠平 完全 不 懂  这 是 干 啥 
余则成  闭 嘴 
终于 记录 完毕  广播  第二 次 呼叫 完毕  研究所 向 勘探队 说 保重  更 艰难 的 勘探 在 等候 着 你 
余则成 听 完 很 激动  他 把 频道 调 走  然后 关掉 收音机 
翠平  这 是 什么 
1234 的 
余则成  这 是 上级 的 指示 
翠平 来 了 兴趣  以后 我 可以 帮 你 做 这 事 
余则成  可以  但是 需要 学习 很 长 时间 
翠平 来 了 精神  我 可以 学 
哎  你 写 得 1234 怎么 跟 麻将 上 的 不 一样 呢 
余则成 从 抽屉 里 几 本 书 中 找 出 一 本 《 蝴蝶 梦 》 的 中译本  这 是 阿拉伯 数字  你 睡 吧 
余 则 成 对照 着 《 蝴蝶 梦 》 翻译 着 呼叫 密码 
他 一 字 一 字 地 译 着 
翠平 把 晚餐 和 咖啡 端 了 上来  坐 在 远处 打量 着 余则成 
余则成 在 译 
翠平 看 着 他  眼神 渐渐 有 些 温情 
她 笑 了  接着 又 收 住  使劲 摇 了 摇 头  用 手 打 了 自己 的 脸 一下 
余则成 终于 译 完 
（ 旁白  峨眉 峰  药店 通信 中断  修复 中 
军 调 谈判 已 进入 白热化  如 有利于 此时 揭露 敌人 假 谈 真 战 的 情报  以及 戴 笠 赴 天津 秘密 使命 之 情报  请 于 今夜 九时 整 在 罗 丝 咖啡馆 前台 交接  一 类 暗号 
如 不 成功  明天 此时 再 等 呼叫 
大本营 
） 余则成 看 表  八点 整 
翠平  吃饭 吧  刚 热 过 的 
余则成 吃 了 起来 
翠平  帮 不 上 你  我 是 一 根 木头  还是 朽 了 的  没 一点 用 
余则成  一 颗 子弹  扣 了 扳机 后  枪 药 把 弹头 送 出去  打 死 一个 敌人  弹壳 掉 在 地上  时间 长 了 就 不 见 了 
你 能 说 弹壳 没有 用 吗  它 有 它 的 任务  没有 它 弹头 怎么 能 打 死 敌人 呢 
