军医 走 了  秋 掌柜  耽误 我 生意  你们 缺 八 辈子 德 了 
6-26． 悬 济 药店 门口 夜 外 秋 掌柜 的 洋车  过来  停下 
秋 掌柜 下车 拍 门  伙计  那 三 
6-27． 站长 家 餐厅 夜 内 余 则 成  翠平  站长 夫人 在 吃饭 
站长 夫人  飞机  怎么 会 失踪 
翠平  跟 孙 猴子 一样  躲 到 云彩 里 去 了 
余则成  瞎说 什么 
就 是 不 知道 降落 在 什么 地方 了 
站长 夫人  会 不 会 跑 到 延安 去 
余则成 和翠平 都 诧异 了 
余则成  延安  这 怎么 可能 
站长 夫人 不容 质疑 地  很 有 可能  毛 主任 下午 还 来 电话  说 委员长 最 担心 戴 局长 的 飞机 去 延安 了  让 敬中 火速 打听 延安 那边 
余 则 成 一 惊  然后 轻描淡写 地  要 真 飞往 延安  广播 里 早 就 会 说 了 
站长 夫人  要 是 秘密 的 呢 
谁 知道  知道 也 不 说 
要 是 共产党 用 金条 把 开 飞机 的 人 买 通 了 呢 
翠 平 有些 听 不 懂 了  飞机 是 人 开 的 呀 
那 真 有 可能 
余则成  哎呀  你 就 别 瞎说 了  懂 什么 呀 
余 则 成 打量 站长 夫人  退 一万 步 说  即使 飞机 去 了 延安  毛 主任 那边 有 那么 多 在 延安 的 内线  他 不 去 打听  怎么 要 让 站长 去 打听  天津 离 延安 这么 远 
站长 夫人 嘴 一 撇  他们 
他们 派 去 一个 抓 一个  没 剩 几 个 人  还 不如 这边 的 管用 呢 
翠平 急切 地  这边 有人 在 延安 
余则成 生气 了  翠平  不 该 问 的 不要 乱 问 
站长 夫人  哎  我们 女人 就是 不 中用  什么 都 问  什么 都 说 
电话 响  站长 夫人 去 接 电话 
翠 平 低声  我 问问 怎么 了  他们 有 人 在 延安 埋伏  那 就是 祸害 
余 则 成 转脸 凝视 她 
翠平 不 说话 了 
站长 夫人 跑 着 回来  叫 喊 着  不好 了  出 大事 了 
余则成 起身  怎么 了  嫂子  慢慢 说  别 着急 
翠 平 过来 扶 着 站长 夫人 
站长 夫人  飞机 摔 了  戴 局长 的 飞机 摔 在 山上 了 
余则成  消息 可靠 吗 
站长 夫人  不 会 错 了  我 堂妹 是 龚仙舫 家 的 亲戚  龚 处长 也 在 飞机 上  都 死 了  在 南京 附近 
余 则 成 愣 了 
6-28． 街道 夜 外 余 则 成 开 着 车 
翠平 高兴  会 是 真 的 吗 
余则成 没 说话  表情 严峻 
翠 平生 气 
6-29． 余 则 成家 客厅 / 陆 桥山 办公室 / 马奎 家 夜 内 余 则 成 轻轻 开门  二 人 进来 后  余 则 成 弯腰 检查 门口 的 脚 垫 
余则成  脚 垫 上 为什么 没 撒 香灰 
翠平  哎呀  我 忘 了 
余则成 生气  只要 家里 没 人  出门 时 一定 要 撒 上 香灰  跟 你 说 过 多少 遍 了  要是 有 人 进来 怎么办 
他 在 犄角 旮旯 里 藏 个 窃听器 怎么办 
翠平  我 错 了 
余则成 突然 没 脾气 了  这 是 你 第一 次 说 我 错 了 
他 脸 贴 地面 观察 地板  应该 没有 人 进 来 过  翠平  这 是 敌人 的 心脏  一点 都 马虎 不得 呀 
翠平 诚恳 点头 
电话 响  余则成 接 听  喂 
陆 桥山  听说 了 吗 
余则成  陆 处长  听说 什么 
陆 桥山  哦  没什么  晚安 
没什么 
余则成 刚 放下 电话  电话 响 了  余则成 接 听  喂 
马奎  听说 了 吗 
余则成  哎呀  马 队长  你 跟 我 打 什么 哑谜 呀  听说 什么 了 
马奎  戴 局长 飞机 的 事 呀 
余则成 语气 沉痛  哦  下午 就 听说 了  说 是 在 南京 坠机 了 
马奎 伤心 地  哎呀  简直 不可思议 吗  一定 有 人 做 了 手脚 
哎  你 下午 就 知道 了  你 怎么 知道 的 
余则成  国防部 的 一个 朋友 告诉 我 的  真是 灾难 
马奎 好奇  国防部 的 朋友  我 说 老弟 怎么 消息 这么 灵通 呢 
哎  那 个 人 知道 吗 
余 则 成 装糊涂  那 人  谁 
马奎  谁 呀  陆大 处长 呀  他 不 是 现在 主持 工作 吗 
余则成  应该 知道 了 吧 
6-30． 余 则 成家 卧室 夜 内 余 则 成 坐 到 收音机 前  调试 着 
翠平 把 咖啡 端 了 上来  温柔 地  我 都 跟 你 熬 成 夜猫子 了  睡 这么 晚  你 不 累 呀 
余 则 成 抬头 看 翠平  像 看 一个 陌生 人  等 一会  时间 还 不 到 
翠平 笑  急忙 从 边上 拿 出 一 张 纸  上面 歪歪扭扭 地 写 着 一二三四五六七八九十  对应 着 写 着 12345678910 你 看  我 写 的  对 吗 
余则成 认真 地 看  对 
就 是 这 两 个 圈 离 得 太 远 了 
余则成 用 笔 把 翠平 写 的 8 改 了 一下 
翠平 写 得 8 两 个 圈 离 得 很 远 
翠平 看 着  哦  挨着 的 
余则成  睡 吧 
翠 平 摇头  今天 我 帮 你 写 
余则成  不行  你 写 得 太 慢 
翠平  咱们 一起 写  写 几 次 我 就 快 了 
余则成  好 吧 
二 人 铺 好 纸  余则成 又 把 电台 调 回来 
广播  


野猪 林 的 爱人 嘱咐 你  注意 身体 
完毕 
现在 是 研究所 呼叫 勘探队  研究所 呼叫 勘探队 
你 送 回来 的 矿石 标本 十分 珍贵  研究所 提出 表扬 
翠平 叫  哎  表扬 你 了 
余 则 成 嘘 —— 翠平 捂 上 了 嘴 
广播 继续  勘探 队员 的 调整 工作 已经 开始  具体 内容 请 记录 
3112  027  1043  502  9129  0101  043  7381  





翠平 上 来 还 能 记 一会  接着 就 跟不上 了  她 拿 过 自己 写 的 对照表  忙碌 地 看  写 
