说 着 他 回 屋 接 电话 去 了 
余 则 成 径直 坐 到 自己 的 坐位 上 
甲 乙 丙 还 在 小声 议论 
余 则 成 观察 周围 
这时 李 海丰 突然 从 里屋 出来  一边 穿 衣服 一边 快速 地 朝 外面 走 去 
大家 面面相觑 
甲 乙 互相 看 了 一 眼  甲  我 去 火车站 接货  你 跟 我 去 吧 
乙  好好 
二 人 离开 
余则成 觉得 有些 怪 
丙 急忙 收拾 东西  你 值班 吧  我 去 电话局 
这时 电话 响 了  丙 示意 余 则 成 接  如果 找 我  就 说 我 去 电话局 了 
余则成 只好 接 听  电讯 处  哦  他 去 火车站 了  他 


余则成 看 着 丙 
丙 小声 地  去 电话局 了 
余则成 只好  他 去 电话局 了  都 是 刚 走  我 
那 那 


好 吧 
余则成 放下 电话 问 丙  怎么 了 
丙  是 不 是 处长 的 
余 则 成 点头  是 
丙  是 不 是 去 日军 司令部 
余则成  不 是  说是 到 楼 上 做 个 什么 记录 
丙松 了 口 气  哦 
余则成  你们 都 怎么 了 
丙 叹气  日本 人 在 抓 差  去 东北  将来 执行 潜伏 任务  大家 都 躲 着 呢  你 也 小心 点 吧 
1-46． 会议室 日内 万 里 浪  李 海丰 在 审问 左 肩 受伤 的 马奎 （ 就是 击毙 吕宗方 的 那个 人 
） 余则成 作为 记录员 坐 在 马奎 的 侧后 方 
李 海丰 在 看 吕宗方 的 照片  这个 人 叫 吕宗方  我 认识  军统 行动 处 策反 科科 长 
马奎 意外  对 
万 里 浪  谁 让 你 杀 他 的 
马奎  我 有 我 的 上级 
万 里 浪  你们 都 是 军统 的  为什么 自相残杀 
马奎 的 肩膀 很 疼  他 忍 着  军统 在 南京 有 个 秘密 策反 据点  专门 培训 去 延安 执行 特殊 任务 的 人  两 个 月 前  派 去 的 九 个 人  很快 就 被 延安 破获 了  抓 了 八 个 
上面 很 恼火  开始 调查  昨天 一个 中共 叛徒 供 出 了 他  上面 决定 锄 掉 他  就 这样 
余则成 惊 呆 了  他 努力 掩饰 
李 海丰  吕宗方 是 中共 的 人 
马奎  这 不 稀奇  他 这 时候 来 南京  就是 为了 调查 第二 批 秘密 去 延安 的 人 
万 里 浪  放屁  据 我们 所 知  他 还 另 有 使命 
余 则 成 低 眼 观察 
李 海丰 突然 跳 了 起来  拔 出 手枪  上前 顶 在 马奎 的 头  你 他 妈 知 不 知道  他 来 南京 是 要 杀 我 的 
马奎 害怕  不  这些 


我 真的 不 知道 
李 海丰 一 掌 扇 倒 了 马奎  还 在 咆哮  你们 晚 动手 半 个 小时  我们 就 能 把 他们 一网打尽 
余 则 成 有些 紧张  不 敢 看 
马奎 倒 在 地上  我们 也 想 抓 跟 他 接头 的 人  可是 被 他 发现  他 开枪 就是 为了 救 那 个 人 
余 则 成 低头 记录 着  紧张 
大 颗 汗 滴 顺着 他 的 额头 在 流 
1-47． 小 旅馆 房间 夜 内 余 则 成 站 在 窗 前 
（ 旁白  余 则 成 一时 不 能 相信 吕宗方 是 中共 的 人 
刺杀 李 海丰 的 行动 已经 暴露  失去 了 上级  他 成 了 军统 安插 在 南京 的 一 颗 死棋  也许 只有 戴 笠 知道  蟹  的 存在  可 谁 又 知道  蟹  是 何 许 人 呢 
他 现在 可以 悄然 消失  跟 左蓝 去 过 他们 希望 的 生活  只要 离开 重庆  那 种 生活 就 是 实实在在 的 生活 
他 决定 离开  悄悄 回 重庆  跟 左蓝 去 过 他 想象 中 的 生活 
） 余则成 开始 迅速 收拾 行李 
1-47A 
胡同 日 外 余 则 成 提 着 行李  走 了 出来  经过 
1-47B 
小 旅馆 日 外 - 内 余 则 成 走 来  进入 大门 
1-47C 
旅馆 房间 日内 简陋 的 房间 
阴暗  整洁 
简单 的 行李 和 洗 漱 用品 
客房 伙计 带 着 余 则 成 进来  这 就是 那 位 先生 的 房间  好 多 天 没有 来 住 了 
余则成 给 了 伙计 一点 钱 和 吕宗方 的 照片  我 不 会 说 出去 的  放心 
伙计 接 过 钱  看 了 眼 照片  就 是 这 位 先生 
余 则 成 收起 照片  有人 来 过 这里 吗 
伙计  有人 来 问 过  老板 怕 惹麻烦  让 我们 就 说 没 见 过 
余则成  好  你 先 出 去 吧 
伙计 出去 
余 则 成 看 着 吕宗方 的 行李  拎 到 床 上  怀旧 地 看 着  打开  里面 是 一些 衣服  他 打开 衣服 看 下面  一些 钱  怀表  药品 等  还有 一 支 手枪  手枪 下面 是 一 张 照片  照片 是 一个 合影  那 是 一 张 吕宗方 和 五 名 青年 学生 的 合影  里面 有 年轻 的 余则成 和 李 涯 
合影 下面 是  烧香 晋 佛  民国 二十六 年 
于 上海  的 字样 
照片 背面  一个 红色 的 圆圈  重叠 在 李 涯 的 头 上 
余则成 没有 在 意  把 照片 放 进 了 口袋 里 
然后 拿 起 那 把 枪 端详 着 
（ 旁白  真 要 做 个 逃兵 吗 
不行  老吕 的 枪 似乎 在 向 他 传达 一个 使命  使 他 内心 突然 卷 起 一 股 急流  这 急流 让 他 血液 沸腾  他 迅速 做出 了 一个 大胆 决定  要 单枪匹马 继续 下去  锄 掉 李 海丰 
他 很 清楚  这个 决定 不 是 为 军统  而是 为 吕宗方  为 真心 抗日 的 人 
） 余则成 毅然 藏 好 枪  开门 朝 外面 招 了 招手 
伙计 进来 
余则成 关 上门  可以 帮 我 个 忙 吗 
伙计  您 说 
余则成  我 给 你 个 地址  你 把 这些 东西 寄 到 那里 去  可以 吗 
