唐朝/t武/ng则/d天/qt时候/n，/wd桐柏/ns乡下/s有/vyou一个/mq李宝太/nr的/ude1年轻人/n，/wd整日/d和/cc父亲/n给/p人/n打短工/vl，/wd靠/v那/rzv数/n得/ude3清/a的/ude1几/m个/q铜板/n勉强/ad维持/v生活/vn。/wj
这/rzv一年/m中原/ns大旱/n，/wd庄稼/n不好/a，/wd爷儿俩/n无/v钱/n无/v粮/n，/wd眼看/d就要/d饿/v死/v。/wj
一/m天/qt，/wd李宝太/nr在/p自家/rr的/ude1破/a茅屋/n前/f突然/ad发现/v了/ule一/m串/q念珠/n，/wd颗/q颗/q晶莹/a，/wd似乎/d非/b一般/a等闲/z物品/n。/wj
他/rr爹/n信佛/v，/wd就/d说/v这/rzv是/vshi佛祖/n有/vyou眼/n，/wd赏/v给/p他/rr爷儿俩/n活命/vn钱/n。/wj
李宝太/nr拿/v着/uzhe那/rzv串/q念珠/n，/wd对/p他/rr爹/n说/v：/wm“/wyz爹/n，/wd这/rzv一定/d是/vshi刚才/t来/f咱/rr家/n化斋/v的/ude1那个/rz小/a尼姑/n弄/v丢/v的/ude1，/wd咱/rr把/pba他/rr还/d给/p人家/n吧/y？/ww”/wyy
他/rr爹/n知道/v这/rzv念珠/n值钱/a，/wd说道/v：/wm“/wyz娃儿/n，/wd这/rzv是/vshi佛祖/n赏/v给/p我们/rr的/ude1，/wd那/rzv尼姑/n就是/v观音/n菩萨/n转世/vi啊/y！/wt”/wyy
李宝太/nr见/v爹爹/n有/vyou贪财/a之/uzhi心/n，/wd就/d苦口婆心/dl地/ude2劝/v，/wd什么/ry君子/n爱/v财/n取/v之/uzhi有/vyou道/n，/wd什么/ry志/n人/n不/d喝/vg盗/vg泉/ng之/uzhi水/n，/wd他/rr爹/n在/p他/rr的/ude1劝说/vn下/f勉强/ad同意/v归还/v念珠/n，/wd可/c说道/v：/wm“/wyz你/rr去/vf找/v那/rzv尼姑/n，/wd如果/c找到/v了/ule我/rr就/d把/pba它/rr还/d给/p人家/n，/wd如果/c找/v不/d到/v，/wd那/rzv就是/v佛祖/n赏/v给/p我们/rr的/ude1。/wj”/wyy
李宝太/nr一/m听/v，/wd高兴/a地/ude2追/v那个/rz尼姑/n去/vf了/y。/wj
他/rr一/m口/q气/n追/v了/ule二十/m多/m里/q，/wd别/d说/v尼姑/n，/wd就/d是/vshi连/ulian秃子/n也/d没/d看见/v一个/mq。/wj
他/rr失望/a地/ude2回到/v家/q，/wd刚/d到/v门口/s却/d见/v爹爹/n浑身/n是/vshi血/n地/ude2倒/vi在/p地上/s，/wd胸口/n上/f还/d插/v着/uzhe一/m把/pba短刀/n。/wj
“/wyz爹/n，/wd怎么/ryv了/y？/ww”/wyy
他/rr爹/n艰难/a地/ude2张/v着/uzhe嘴/n，/wd气/n若/c游丝/n地/ude2说/v：/wm“/wyz…/ws…/ws
念/v…/ws…/ws
念珠/n，/wd尼/b…/ws…/ws
尼姑/n…/ws…/ws”/wyy
话/n未/d说/v完/vi，/wd霍然/d闭目/vd，/wd任李宝太/nr哭/v红/a了/ule眼睛/n，/wd哭/v哑/v了/ule嗓子/n也/d再不/d睁/v开/v。/wj
爹爹/n临死/vi前/f说/v念珠/n，/wd尼姑/n，/wd一定/d是/vshi那个/rz丢失/v念珠/n的/ude1尼姑/n来到/v自家/rr门口/s，/wd跟/p爹/n发生/v口角/n才/d杀/v了/ule爹爹/n的/ude1。/wj
李宝太/nr想/v到/v这里/rzs，/wd就/d去/vf县衙/n报/v了/ule官/n。/wj
县令/n一/m听/v勃然大怒/vl，/wd“/wyz朗朗/z乾坤/n，/wd正气/n浩然/z，/wd竟然/d还/d有/vyou如此/rzv歹毒/a的/ude1出/vf家人/n。/wj”/wyy
喊/v出/vf全县/n所有/b衙役/n，/wd让/v他们/rr在/p全县/n范围/n内/f搜捕/v化斋/v的/ude1小/a尼姑/n。/wj
很快/d，/wd衙役/n们/k把/pba那/rzv小/a尼姑/n捉拿/v归/v案/x。/wj
县令/n见/v那/rzv小/a尼姑/n不过/c二十/m出头/vi，/wd生/v得/ude3眉清目秀/al，/wd唇/ng红/a齿/n白/a，/wd不由得/d痴/a了/y，/wd他/rr问/v李宝太/nr：/wm“/wyz就/d是/vshi她/rr吗/y？/ww”/wyy
李宝太/nr想到/v死去/v的/ude1爹爹/n，/wd胸中/s怒火/n万/m丈/q，/wd上/f去/vf就/d打/v了/ule小/a尼姑/n两/m耳光/n。/wj
小/a尼姑/n当时/t就/d嘤嘤/o地/ude2哭/v了/y，/wd说/v：/wm“/wyz小/a施主/n凭/p什么/ry打/v人/n？/ww”/wyy
“/wyz凭/p什么/ry，/wd就/d凭/p我/rr爹/n说/v的/ude1话/n！/wt”/wyy
李宝太/nr说/v完/vi就/d让/v县令/n主持/v公道/an。/wj
县令/n见/v案/x情/n一目了然/vl，/wd有/vyou死者/n临死/vi前/f所/usuo说/v的/ude1话/n和/cc那/rzv把/qv短刀/n为/p证/n，/wd就/d定/v了/ule小/a尼姑/n的/ude1死罪/n。/wj
可/v那/rzv小/a尼姑/n在/p大/a堂上/n哭/v哭/v涕/ng涕/ng，/wd拒/vg不/d认罪/vi，/wd“/wyz大/a老爷/n，/wd青/a天大/nz老爷/n，/wd那/rzv念珠/n确实/ad是/vshi我/rr丢/v的/ude1，/wd是/vshi我/rr山西/ns妙/a味/ng庵/ng的/ude1镇/n庵之宝/nr，/wd是/vshi俺/rr师父/n让/v我/rr带/v到/v荆门/ns巧/a意/ng寺/ng的/ude1。/wj
至于/p说/v这/rzv位/q施主/n说/v什么/ry杀人/vi，/wd短刀/n我/rr一概/d不/d知/v。/wj”/wyy
县令/n见/v她/rr哭/v哭/v涕/ng涕/ng的/ude1，/wd心想/v：/wm杀/v了/ule人/n还/d哭/v哭/v涕/ng涕/ng的/ude1装/v的/ude1这么/rz像/v，/wd说不定/vl还是/v个/q杀人/vn惯犯/n呢/y。/wj
他/rr把/pba惊堂木/n一/m拍/q，/wd“/wyz大胆/a刁/a尼/b，/wd还/d不如/v实招/n来/vf？/ww
大刑/n伺/x侯/ng！/wt”/wyy
诸/rz般/uyy大刑/n用/v过/uguo，/wd小/a尼姑/n还是/c不/d承认/v自己/rr杀/v了/ule人/n。/wj
县令/n想/v：/wm你/rr不/d承认/v也/d不行/a。/wj
就/d强行/d画押/vi，/wd强行/d定罪/vi。/wj
随后/d把/pba小/a尼姑/n押/v入/v大牢/n。/wj
李宝太/nr谢/v过/uguo县令/n，/wd回到/v家/q收拾/v了/ule一番/mq就/d去/vf投奔/v邻村/n的/ude1姑姑/n。/wj
她/rr姑姑/n李/nr1大/a花/n家/n有/vyou几/m亩/q地/n，/wd姑姑/n为人/n勤快/a能干/a，/wd按说/d日子/n应该/v过/vf得/ude3差不多/al。/wj
可/v他/rr姑夫/n苏/b本/rz世/ng却/d游手好闲/vl，/wd喜欢/vi偷/v鸡/n摸/v狗/n，/wd吃/v喝/vg嫖/v赌/v，/wd是/vshi一个/mq不怎么/vl正派/a的/ude1人/n。/wj
她/rr姑/dg见/v侄儿/n来/vf了/y，/wd自/d是/vshi欢喜/v得/ude3不得了/al，/wd可/v他/rr姑夫/n却/d不冷不热/vl，/wd开口/vi就/d问/v：/wm“/wyz你/rr来/vf看/v你/rr姑/n和/cc你/rr姑夫/n，/wd也/d没/d拿/v什么/ry礼/n吧/y？/ww”/wyy
李宝太/nr从小/d就/d不/d喜欢/vi他/rr这个/rz姑夫/n，/wd这时/rzt听/v了/ule就/d说/v：/wm“/wyz姑夫/n，/wd我/rr身强力壮/vl给/p你们/rr干/v地/n里/f活/v还/d行/vi。/wj”/wyy
苏本世/nr说/v：/wm“/wyz好/a，/wd你/rr有/vyou这个/rz孝心/n就/d好/a！/wt”/wyy
从此/d，/wd有/vyou李宝太/nr帮/v他/rr干活/vi，/wd他/rr就/d腾出/v更/d多/a的/ude1时间/n到/v赌/v桌上/s混/x了/vi。/wj
三/m个/q月/n后/f的/ude1一/m天/qt晚上/t，/wd李宝太/nr正在/d睡觉/vi忽然/d被/pbei人/n叫醒/v。/wj
他/rr睁/v开/v眼/n一/m看/v，/wd见/v是/vshi姑夫/n苏/b本/rz世/ng，/wd苏本世/nr满/v脸/n是/vshi血/n，/wd慌慌张张/z地/ude2说/v：/wm“/wyz好/a侄子/n，/wd我/rr在/p街上/s杀/v了/ule人/n，/wd有/vyou人/n看到/v了/ule但/c没/d看/v清/tg，/wd不如/c你/rr替/p你/rr姑夫/n我/rr顶/v罪/n吧/y！/wt”/wyy
原来/b，/wd苏本世/nr因为/p赌债/n跟/p赌友/n刘/nr1应/v虎/n闹翻/vi了/ule脸/n，/wd两/m人/n在/p街上/s拉拉扯扯/vl地/ude2动/v口角/n，/wd苏本世/nr骂/v对方/n不/d够/v义气/n，/wd“/wyz告诉/v你/rr，/wd老子/n有的/rz是/vshi钱/n，/wd不/d就/d是/vshi欠/v你/rr两/m个/q钱/n吗/y？/ww”/wyy
刘应虎/nr骂/v道/v：/wm“/wyz有/vyou钱/n你/rr还/d我/rr呀/y，/wd就/d二百两/m！/wt”/wyy
苏本世/nr一时/t语塞/v，/wd推/v了/ule对方/n一下/mq。/wj
哪/ry知道/v刘应虎/nr也/d不/d是/vshi好/a惹/v的/ude1，/wd见/v他/rr欠/v了/ule钱/n还/d这么/rz理直气壮/al，/wd大/a怒/vg，/wd回/v手/n还/d了/ule一/m把/pba掌/n。/wj
两/m人/n于是/cc你来我往/nl地/ude2打/v了/ule起来/vf，/wd后来/t，/wd苏本世/nr拿/v起/vf地上/s的/ude1一/m块/q砖/n头/n把/pba刘应虎/nr砸/v倒/vi在/p地/n，/wd他/rr还/d不/d解/v气/n，/wd又/d朝着/p刘/nr1应/v虎/n的/ude1头/n猛/x砸/v了/ule十几/m下/vf。/wj
等/v感到/v解气/v了/y，/wd才/d发现/v刘应虎/nr的/ude1头/n已经/d成/v了/ule一个/mq烂/a倭瓜/n。/wj
过/vf了/ule一/m段时间/n，/wd李宝太/nr发现/v小/a尼姑/n夜里/t常常/d作恶/vi梦/n，/wd在/p梦/n里/f还/d悲悲切切/z地/ude2哭/v，/wd哭/v得/ude3让/v人/n心/n动弹/vi。/wj
李宝太/nr是/vshi个/q善良/a的/ude1人/n，/wd就/d叫醒/v她/rr。/wj