金正大/nr三年/m（/wkz公元/n1226年/m）/wky，/wd金朝/nr政府/n在/p南阳/ns西/f设置/v了/ule镇平县/ns，/wd大/a诗人/n元/q好/a问/v被/pbei委任/v为/p镇/n平/v首任/b县令/n。/wj
不料/d上任/vi第二/m天/qt，/wd就/d遇到/v了/ule一/m宗/q奇怪/a的/ude1卖/v地/n案/x。/wj
这/rzv可是/c元/q好/a问/v到/v镇平/nr2上任/vi的/ude1第一/m案/x，/wd也/d是/vshi镇平县/ns历史/n上/f标准/n的/ude1开天辟地/vl“/wyz第一/m案/x”/wyy！/wt
这天/rzt一大早/t，/wd就/d有/vyou人/n前来/vi告状/vi。/wj
元/q好/a问/v苦笑/vi一/m声/qv，/wd击鼓/vi升/v堂/ng。/wj
他/rr接/v过/uguo状纸/n一/m看/v，/wd状/ng纸/n上/f写道/v：/wm现有/v本县/r金/b家/n庄/nr1村民/n金/ng二/m状告/v本村/r秀才/n金/nr1诗书/n，/wd金/b秀才/n虽/c饱/ad读/v圣贤/n之/uzhi书/n，/wd但/c不/d行/a圣贤/n之/uzhi礼/ng，/wd四体不勤/vl、/wn五谷不分/vl，/wd以致/c家道/n中/f落/v，/wd沦为/v赖皮/n。/wj
其父/r生前/t将/p村/n东/f三/m亩/q三分/m地/ude2以/p五百两/m纹银/n卖/v给/p金/b二/m，/wd但/c其/rz父/ng死/v后/f，/wd金/b诗书/n耍赖/v就是/v不/d肯/v交割/vn。/wj
望/v大人/n明断/v是非/n，/wd替/p小民/nr2金/b二/m作主/vi云云/udeng。/wj
元/q好/a问/v看/v罢/v状纸/n问/v金/b二/m，/wd你/rr说/v金/b秀才/n父亲/n生前/t把/v地/ude2卖/v给/p你/rr，/wd可/v有/vyou卖/v地/n契约/n？/ww
金/b二/m忙不迭/d地/ude2回答/v有/vyou、/wn有/vyou，/wd说/v着/uzhe从/p怀里/s掏/v出/vf卖/v地/n契约/n交给/v元/q大人/n。/wj
元/q好/a问/v看到/v契约/n上/f写/v明/tg卖/v地/n因由/n、/wn立约/v日期/n、/wn方位/n面积/n、/wn中/b人/n证人/n一应俱全/vl，/wd连忙/d令/v衙役/n传来/v被告/n金/nr1诗书/n。/wj
秀才/n金/nr1诗书/n大/a品/ng品/v地/ude2来到/v县衙/n大堂/n，/wd对/p元/q县令/n轻/ad施/v一/m礼/n，/wd大模大样/dl地/ude2问/v：/wm“/wyz不/d知/v大人/n唤/vg生员/n到/v此/rzs有/vyou何/ry见教/n？/ww”/wyy
元/q好/a问/v刚/d说/v出/vf金/b二/m状告/v秀才/n的/ude1事/n由/p，/wd金/b诗书/n就/d摇/v着/uzhe头/n辩解/vi：/wm“/wyz非/b也/y，/wd非/b也/y，/wd子虚乌有/vl、/wn子虚乌有/vl！/wt
夫子/nr曰/vg：/wm‘/wyz唯/d女子/n与/cc小人/n为难/v养/v也/y！/wt’/wyy
此/rzs等/v下作/a小人/n之/uzhi语/ng，/wd岂/d可信/a乎/y？/ww”/wyy
元/q好/a问/v看/v着/uzhe金/b秀才/n酸/n不/d溜/v溜/v的/ude1作/v派/v心中/s暗笑/v，/wd令/v金/b二/m的/ude1证人/n、/wn中/b人/n一/m干/v人/n全部/m到/v堂/ng，/wd在/p衙门/n大堂/n上/f，/wd大家/rr众口一词/vl，/wd都/d说/v金/b二/m状纸/n上/f说/v的/ude1是/vshi实情/n，/wd共同/d咬定/v是/vshi金/b秀才/n穷/vg极/d无聊/a，/wd耍赖/v混/x帐/ng。/wj
有人/r在/p大堂/n上/f甚至/d还/d嘲笑/v金/b秀才/n，/wd说/v他/rr根本/d就/d不/d知道/v自己/rr这/rzv块/q地/ude2在/p哪儿/rys，/wd还/d想/v赖/v父亲/n的/ude1帐/ng！/wt
元/q好/a问/v笑/v着/uzhe问/v金/b诗书/n，/wd他家/r的/ude1这/rzv块/q地/n究竟/d在/p哪/ry坡/n？/ww
金/b诗书/n眼珠/n子/ng翻/v了/ule半天/mq，/wd才/d迟迟疑疑/z地/ude2说/v在/p村/n南/f。/wj
金/b诗书/n的/ude1拙劣/a表演/vn引来/v了/ule哄堂大笑/vl：/wm众/ag乡邻/n全都/d知道/v、/wn状纸/n上/f也/d写/v得/ude3明明白白/z，/wd那/rzv三/m亩/q三分/m地/ude2在/p村/n东/f，/wd秀才/n却/d说/v成/v了/ule在/p村/n南/f，/wd说明/v这/rzv小子/n确实/ad在/p信口/d胡说/v！/wt
元/q好/a问/v一/m拍/q惊堂木/n喝道/vi：/wm“/wyz大胆/a秀才/n，/wd竟敢/v趁/p本/rz官/n上任/vi伊始/vi，/wd欺/vg本/rz官/n不知/v县情/n，/wd在/p大/a堂上/n糊/a弄/v本/rz官/n！/wt
俗话说/vl：/wm好汉/n死/v在/p干/v证/n手里/s，/wd人证/n物证/n俱/dg在/v，/wd你/rr有/vyou何/ry说/v？/ww
你/rr是/vshi如何/ryv对/p金/b二/m撒泼/v使/v刁/a、/wn耍滑/vi赖账/vi？/ww
快/d从/p实招/n来/vf！/wt”/wyy
元/q好/a问/v的/ude1一/m声/qv惊堂木/n响/v，/wd震/vi跑/v了/ule金/b秀才/n的/ude1“/wyz之/uzhi乎/y者/k也/d”/wyy，/wd他/rr连忙/d“/wyz噗/o通/v”/wyy跪下/vi，/wd大/d呼/v冤枉/v，/wd并/cc结结巴巴/z地/ude2道出/v了/ule自己/rr的/ude1理由/n。/wj
金/b诗书/n说/v，/wd他/rr从小/d闭/v门/n读书/vi，/wd中/f了/ule秀才/n之后/f，/wd更/d是/vshi“/wyz两/m耳/n不/d闻/v窗外/s事/n”/wyy，/wd从不/d下地/vi干活/vi，/wd全/d靠/v老父亲/n操劳/v耕作/vi养活/v他/rr，/wd因此/c全然/d不知/v自家/rr地/ude2在/p何处/rys。/wj
父亲/n年老/vi体/ng衰/ag，/wd眼看/v不久/m于/p人世/n，/wd邻居/n金/ng二/m看中/v了/ule秀才/n家/q的/ude1三/m亩/q三分/m地/n，/wd老父亲/n死活/d不/d卖/v祖宗/n留下/v的/ude1田产/n，/wd金/b二一/m急/a，/wd就/d扬言/v要/v断/v秀才/n家/q的/ude1车/n路/n，/wd不许/d秀才/n家/q的/ude1车/n从/p金/b二/m家/q的/ude1地/n边/k经过/v。/wj
因/p秀才/n家/q的/ude1三/m亩/q三分/m地/ude2处在/v金/b二/m家/q地/n的/ude1包围/vn之中/f，/wd这样一来/dl，/wd秀才/n家/q的/ude1地/n就/d成/v了/ule“/wyz闷/v葫芦/n”/wyy地/n，/wd送/v不成/v粪土/n，/wd拉/v不/d成/v粮食/n，/wd老父亲/n一/m急/a，/wd活活/d气死/v了/y。/wj
可是/c金/b秀才/n压/v根/n就/d没有/d听说/v过/uguo父亲/n把/pba地/n卖/v给/p金/b二/m的/ude1事儿/n。/wj
一边/d人证/n物证/n俱/dg在/v，/wd一边/d大/a呼/o冤枉/v，/wd至此/d，/wd这/rzv宗/q卖/v地/n案/x成/v了/ule标准/n的/ude1“/wyz闷/v葫芦/n案/x”/wyy。/wj
元/q好/a问/v眉头/n一/m皱/v，/wd计/vi上/f心/n来/f，/wd他/rr寻思/v自己/rr既/c名/q“/wyz好/a问/v”/wyy，/wd何不/d问/v上/vf几/m问/v？/ww
于是/cc他/rr命/vg人/n把/pba中/b人/n、/wn证人/n暂且/d带/v下/f，/wd留下/v金/b二/m随随便便/z拉家常/vi。/wj
金/b二/m见/v新/a来/vf的/ude1县太爷/n对/p自己/rr非常/d客气/a，/wd也/d感到/v自己/rr特有/b面子/n。/wj
元/q好/a问/v先/d与/p金/b二/m扯/v东/f扯/v西/f，/wd问/v些/q不/d相/d干/v的/ude1事儿/n。/wj
接着/c他/rr和颜悦色/vl地/ude2问/v金/b二：/m“/wyz交割/vn地契/n那天/r你家/r可/v曾/d吃/v酒席/n？/ww”/wyy
金/b二/m说/v置/v田/n买/v地/ude2是/vshi大事/n，/wd置办/v酒席/n天经地义/bl。/wj
元/q好/a问/v又/d问/v中人/n证人/n是否/v全部/m在场/vi？/ww
金/b二/m说/v一/m个/q都/d不/d少/a。/wj
元/q好/a问/v微微/d笑/v着/uzhe说/v，/wd这/rzv就/d对/p了/y。/wj
于是/cc，/wd元/q好/a问/v命/vg金/ng二/m暂行/b回避/vn，/wd然后/c命中/v人/n、/wn证人/n一个/mq一个/mq进来/vf单独/b问话/n，/wd问/v他们/rr卖/v地/ude2那天/r自己/rr在/p酒席/n宴/ng上/f什么/ry地方/n落/v坐/v？/ww
问/v他们/rr每个/r人/n各自/rr挨着/v谁/ry坐/v？/ww
不得/vi有/vyou半点/mq差/a池/ng。/wj
这些/rz人/n根本/d没/d想到/v元/q大/a人/n会/v问/v这些/rz破/a事儿/n，/wd要/v串供/vi已经/d来不及/v，/wd只好/d胡诌/v一气/d。/wj
元/q好/a问/v命/vg师爷/n一一/m记录/n在/p案/x。/wj
接着/c，/wd元/q好/a问/v命令/n衙役/n搬/v来/vf一/m张/q八仙桌/n，/wd周围/f放/v了/ule六/m把/pba椅子/n，/wd让金/nrf二/m的/ude1中/b人/n、/wn证人/n等/udeng六/m人/n全部/m来到/v大堂/n上/f。/wj
这些/rz人/n心里/s犯嘀咕/vl：/wm难道/d县太爷/n今天/t要/v在/p县衙/n大堂/n上/f请客/vi？/ww
难道/d县太爷/n与/p金/b二/m真/d有/vyou什么/ry交情/n？/ww
这/rzv金/b二/m可/v真/d是/vshi有/vyou面子/n！/wt
这时/rzt，/wd只/d听/v元/q县令/n厉声/d说道/v：/wm“/wyz刚才/t我/rr看到/v卖/v地/n契约/n上/f的/ude1日期/n，/wd离/p今天/t不过/d五/m天/qt。/wj
众/ag位/ng中/f人/n、/wn证人/n对/p那天/r的/ude1酒席/n宴/ng上/f的/ude1事/n，/wd也/d应该/v记/v得/ude3非常/d清楚/a。/wj