1587年/m11月/t中旬/t的/ude1一/m天/qt，/wd南京市/ns外/f的/ude1江边/nr，/wd两岸/n上/f挤满/v了/ule千千万万/m穿/v白衣/n的/ude1男女老少/nl，/wd他们/rr迈/v着/uzhe沉重/a的/ude1步子/n前行/v，/wd望/v着/uzhe江/n上/f的/ude1船/n，/wd失声/vd痛哭/vi，/wd泪/n流/v不/d止/v，/wd百/m里/q不/d返/v。/wj
这/rzv千千万万/m沉浸/vi在/p悲痛/an中/f的/ude1人们/n是/vshi来/vf送行/vi的/ude1。/wj
那/rzv一/m位/q右/f佥/x都/d御/vg史/ng（/wkz右/f佥/x都/d御/vg史/ng为/p明代/t及/cc清代/t前期/f都/d察/vg院/n的/ude1职/ng官职/n，/wd正/d二/m品/ng）/wky的/ude1海瑞/nr2---/m海/n青天/n逝世/vi了/y，/wd他/rr的/ude1灵柩/n从/p南京/ns水路/n运/v回/v他/rr的/ude1故乡/n。/wj
海瑞/nr2（/wkz1514年/m1月/t23日/t—/wp1587年/m11月/t13日/t）/wky，/wd字汝贤/nr，/wd号/n刚峰/nr2先生/n，/wd广东/ns琼山/ns（/wkz今/tg属/v海南省/ns海口/ns）/wky人/n，/wd他/rr是/vshi明朝/t政治家/n。/wj
他/rr历任/v知县/n、/wn州/n判官/n、/wn尚书/n丞/ng、/wn右/f佥/x都/d御/vg史/ng等/udeng职/ng。/wj
这里/rzs来/vf讲/v讲/v他/rr任/v知县/n时/ng惩治/v总督/n大人/n骄/ag奢/ag儿子/n的/ude1故事/n。/wj
1559年/m的/ude1一/m天/qt，/wd浙江/ns淳安/ns知县/n海瑞/nr2接到/v消息/n，/wd说/v胡宗宪/nr总督/n（/wkz总督/n在/p明/ag、/wn清/a时/ng为/p地方/n最/d高级/a长官/n，/wd正/d二/m品/ng，/wd位/q在/p从/p二/m品/ng的/ude1巡抚/n之上/f，/wd管辖/v一/m省/n或/c多/a省/n）/wky大人/n的/ude1儿子/n要/v来/vf淳安/ns“/wyz视察/v”/wyy。/wj
海瑞/nr2听/v了/ule消息/n只是/d冷/a冷/a一/m笑/v，/wd胡/nr1公子/n的/ude1到来/vn，/wd没有/d使/v他/rr重视/v。/wj
时间/n逼近/v了/y，/wd县/n丞/ng、/wn主/ag簿/ng、/wn师爷/n、/wn典/ng史/ng等/udeng人/n看到/v知县/n对/p胡/nr1公子/n来/vf“/wyz视察/v”/wyy若无其事/vl的/ude1样子/n，/wd都/d对/p他/rr说/v出/vf这样/rzv的/ude1话/n：/wm“/wyz大/a人/n，/wd对/p这/rzv位/q胡/nr1公子/n要/v热情/ad接待/v，/wd要/v像/v对/p总督/n胡大人/nr一样/uyy孝敬/v。/wj
他/rr回/v转/vd到/v总督府/n对/p其/rz父/ng一/m句/q话/n，/wd可以/v带来/v锦/ag秀/ag前程/n。/wj
如果/c怠慢/v了/ule他/rr，/wd他/rr一/m句/q话/n政绩/n就/d否/vg了/y，/wd我们/rr所/usuo干/v的/ude1处处/d都/d是/vshi过错/n。/wj
所以/c切莫/d怠慢/v他/rr，/wd否则/c会/v大祸/n临头/vi。/wj”/wyy
海瑞/nr2听/v了/ule说/v：/wm“/wyz我们/rr要/v怎么/ryv来/vf热情/ad接待/v这/rzv位/q公子/n呢/y？/ww”/wyy
县/n丞/ng说/v：/wm“/wyz总督/n大人/n的/ude1公子/n，/wd接待/v标准/n比/p巡抚/n大人/n略/d低/a一点/m，/wd老爷/n你/rr要/v大/a开/v城门/n，/wd亲自/d带队/vi让/v众人/n出/vf城外/s迎接/v，/wd要/v设/v佳/a宴/ng款待/v，/wd挑选/v美女/n日夜/d侍候/v，/wd公子/n离别/v时/ng还/d要/v用/p银子/n孝敬/v他/rr。/wj
这次/r花费/v要/v用/p上/f近/v两百两/m银子/n。/wj”/wyy
海瑞/nr2听/v了/ule哈哈大笑/al说/v：/wm“/wyz我/rr淳安县/ns地处/v交通/n要冲/n，/wd路过/v官员/n士大夫/n都/d很/d多/a。/wj
总督/n的/ude1公子/n到来/vi就要/d花/v近/a两百两/m银子/n，/wd吸/v我/rr淳安/ns百姓/n的/ude1血/n，/wd这样/rzv能/v使/v我/rr淳安/ns百姓/n安居乐业/vl？/ww
我/rr淳安/ns百姓/n负担/n不/d起/vf啊/y！/wt”/wyy
师爷/n说/v：/wm“/wyz大/a人/n啊/y，/wd前任/b知县/n每年/r驿/ng费/v（/wkz招待费/n）/wky高/ad达/v白银/n12000/m多/m两/m，/wd百姓/n人平/n纳/b银/b三两五/m钱/n。/wj”/wyy
知县/n说/v：/wm“/wyz这/rzv驿/ng费/v官府/n无/v此/rzs项/q经费/n预算/n，/wd都/d是/vshi由/p百姓/n来/vf负担/n。/wj
我们/rr要/v做到/v年/qt驿/ng费/n不/d超/v900/m两/m，/wd百姓/n纳/b银两/n钱/n五分/m。/wj
这次/r胡/nr1公子/n到来/vi，/wd我/rr不/d设宴/vi，/wd不/d出/vf城/n迎接/v这/rzv位/q公子/n，/wd不/d寻/v良/ag家/n美女/n对/p他/rr侍候/v。/wj
别/d说/v是/vshi公子/n，/wd就是/v总督/n大人/n亲自/d来/vf我/rr也/d不/d会/v干/v出/vf欺压/v百姓/n的/ude1事/n来/vf孝敬/v。/wj
公子/n不是/c公人/n，/wd不/d是/vshi为/p公/b事/n而/cc来/vf的/ude1公/b人/n，/wd他/rr游山玩水/vl，/wd吃喝玩乐/vl，/wd索取/v贿/vg银/ng，/wd他/rr是/vshi用/p其/rz父/ng总督/n官/n帽/ng压/v人/n，/wd我/rr就/d是/vshi不/d巴结/v他/rr这样/rzv骄/ag奢/ag的/ude1贵/a公子/n，/wd他/rr若/v违法/vn犯罪/vn，/wd与/p民/ng同等/d而/cc治/v。/wj”/wyy
“/wyz大/a人/n，/wd识/v事务/n者/k为/p俊杰/n，/wd总督/n二/m品/q官/n相比/vi七/m品/q官位/n高/a好几/m品/ng。/wj
总督/n的/ude1儿子/n他们/rr远道/n而/cc来/vf淳/ag县/n，/wd难道说/d使/v他/rr晚/tg露/v荒野/n？/ww
饥/ag食/ng空气/n？/ww
不/d能/v这样/rzv来/f对待/v他们/rr吧/y？/ww”/wyy
主/ag簿/ng说/v。/wj
知县/n答/v：/wm“/wyz传/v驿/ng丞/ng（/wkz驿/ng丞/ng似/vg如今/t招待所/n所长/n兼/v邮政/n局长/n）/wky立即/d进/vf衙/x面/n见/v我/rr。/wj”/wyy
一会儿/mq驿/ng丞/ng来/vf了/y，/wd礼毕/nr2问/v：/wm“/wyz大人/n何事/r？/ww”/wyy
知县/n说/v：/wm“/wyz近/a有/vyou位/q远道/n而/cc来/vf的/ude1客人/n，/wd你/rr以/p五六两/m银子/n的/ude1规格/n来/vf招待/v他们/rr。/wj”/wyy
没/v两/m天/qt，/wd一/m乖/a大/a轿/ng远道/n而/cc来/vf，/wd闹/v闹/v热/a热/n连/ulian抬/v轿/ng的/ude1也/d一/m大路/n人/n。/wj
从/p人/n中小/b头目/n对/p轿/ng内/f那个/rz胡/nr1公子/n说/v：/wm“/wyz淳/ag县城/n快/d到/v了/y。/wj”/wyy
胡/nr1公子/n说/v：/wm“/wyz这/rzv淳/ag县/n怎么/ryv冷/a冷静静/z，/wd难道/d这/rzv七/m品/q官儿/n不知/v是/vshi我/rr到来/vi吗/y？/ww”/wyy
从/p人/n中小/b头目/n说/v：/wm“/wyz还/d在/p前/f两/m天/qt就/d派/v人/n送/v信/n告/v之/uzhi了/y。/wj”/wyy
胡/nr1公子/n说/v：/wm“/wyz既然/c告/v之/uzhi，/wd为何/ryv如此/rzv怠慢/v本/rz公子/n。/wj
我/rr到/v每/rz州/n每/rz县/n都/d是/vshi府/ng官/n县官/n亲自/d迎接/v，/wd这里/rzs为何/ryv如此/rzv待/p我/rr？/ww”/wyy
从/p人/n中小/b头目/n说/v：/wm“/wyz公子/n息怒/v，/wd再/d等/v片刻/m，/wd如/c没/v动静/n，/wd今后/t这/rzv七/m品/q官儿/n就/d知道/v公子/n厉害/an。/wj”/wyy
胡/nr1公子/n见/v稀少/a几/m人/n来/vf迎接/v，/wd又/d不/d见/v知县/n身影/n，/wd怒火/n升起/v，/wd暗/ad骂/v知县/n，/wd心想/v一个/mq驿/ng丞/ng来/f接/v我/rr，/wd把/pba我/rr降/v到/v何等/r位置/n？/ww
他/rr要/v破口大骂/vl，/wd又/d忍/v了/ule起来/vf，/wd只好/d随/v驿/ng丞/ng进/vf了/ule城/n。/wj
驿/ng丞/ng把/pba胡/nr1公子/n迎/v进/vf厅堂/n，/wd他/rr阴沉/a着/uzhe脸/n，/wd焦急/a地/ude2等待/v知县/n到来/vi。/wj
等/v了/ule很/d久/a，/wd就是/d不/d见/v知县/n影子/n。/wj
来/vf给/v公子/n上/f茶/n的/ude1是/vshi男童/n，/wd不见/v美女/n上前/vi。/wj
公子/n心中/s又/d怒火/n燃起/v，/wd他/rr要/v拍/v桌/ng甩/v杯/ng，/wd但/c还是/d强/a忍/v住/vi了/y。/wj
午宴/n了/y，/wd公子/n一行/n人/n也/d饿/v了/y。/wj
公子/n心想/v待/p午后/t会/v有/vyou美女/n来/vf侍候/v他/rr，/wd又/d想/v这/rzv一/m午餐/n也/d会/v像/v其他/rzv地方/n一样/uyy的/ude1山珍海味/nl，/wd谁知/c他/rr坐/v上/vf桌子/n，/wd一/m看/v桌上/s碗/n盘/qv中/f除了/p少许/m晕/vi腥/a，/wd其余/rz都/d是/vshi青菜/n萝卜/n。/wj
胡/nr1公子/n再也/d忍不住/v了/y，/wd站/vi起/vf身上/s，/wd甩/v盘/qv砸/v碗/q，/wd大声/d骂/v道/v：/wm“/wyz我/rr走/v了/ule几/m十/m个/q州/n县/n，/wd你/rr这/rzv淳/ag县/n如此/rzv待/p我/rr，/wd欺/vg我/rr就/d是/vshi欺/vg我/rr老父亲/n。/wj”/wyy
驿/ng丞/ng吓/v得/ude3面/n如/v土色/n，/wd跪/v地/ude2陪/v礼/n。/wj
胡/nr1公子/n向/p驿/ng丞/ng吐/v垂/v液/ng，/wd用/p脚/n猛/x踢/v，/wd并/cc令/v左右/m：/wm“/wyz把/pba小/a驿/ng丞/ng捆绑/v，/wd倒/d吊/v在/p梁/n上/f。/wj