人们/n一/m提起/v高苑/nr县长/n，/wd大家/rr都/d会/v异口同声/dl的/ude1回答/vn——/wp耳子货/n。/wj
耳子货/n是/vshi傻瓜蛋/n的/ude1意思/n，/wd为什么/ryv会/v落/v到/v高苑/ns县长/n的/ude1头/n上/f，/wd这/rzv话/n还/d得/v从/p一/m起/q杀人/vn案件/n说起/v。/wj
相传/v在/p清朝/t时期/n，/wd凤凰村/ns（/wkz现在/t的/ude1西闸村/ns）/wky，/wd所/usuo处/vi的/ude1位置/n是/vshi博兴/ns、/wn桓台/ns、/wn高苑/ns三/m县/n的/ude1交汇/vn处/n，/wd凤凰村/ns那/rzv时候/n属于/v高苑县/ns管辖/vn。/wj
有/vyou一/m天/qt，/wd在/p三/m县/n的/ude1交汇/vn处/n，/wd发生/v了/ule一起/s命案/n，/wd一/m位/q四十/m多/m岁/qt的/ude1无/v名/q男子/n，/wd被/pbei人/n谋杀/v了/y，/wd尸体/n就/d在/p凤凰村/ns三/m县/n交汇/v的/ude1地方/n。/wj
那/rzv时候/n，/wd对于/p人命关天/vl的/ude1大/a案/n，/wd发生/v在/p哪个/ry县/n，/wd如果/c破/v不/d了/y，/wd轻/v则/c县长/n受到/v朝廷/n的/ude1训斥/vn，/wd重/d则/d罢官/vi回家/vi，/wd永不/d录用/v。/wj
三/m个/q县/n的/ude1县长/n接到/v了/ule报案/v，/wd这/rzv可是/c人命关天/vl的/ude1大事/n，/wd哪里/rys敢/v有/vyou半点/mq儿/ng怠慢/v，/wd立即/d带/v着/uzhe三/m班/q衙役/n来到/v了/ule案/n发/v现场/n。/wj
老百姓/n听说/v有/vyou人/n被/pbei谋杀/v，/wd也/d纷纷/d赶来/vi。/wj
凤凰村/ns的/ude1男女老少/nl几乎/d都/d来/vf了/y，/wd桓台县/ns、/wn博兴县/ns的/ude1老百姓/n也/d来/vf了/ule不少/m，/wd他们/rr有的/rz担心/v是/vshi自己/rr的/ude1亲人/n，/wd或者/c是/vshi自己/rr亲戚/n朋友/n，/wd大多数/m人/n是/vshi来/vf看/v热闹/a的/ude1，/wd大家/rr把/pba现场/s围/v了/ule个/q里/f三/m层/qv，/wd外/f三/m层/qv。/wj
被害人/n上身/s赤裸/a，/wd下身/n只/d穿/v着/uzhe一/m条/q短裤/n，/wd脚/n上/f只/d穿/v着/uzhe一/m只/q鞋子/n，/wd另/rz一/m只/q鞋子/n就/d在/p高苑县/ns的/ude1地/n里/f，/wd死者/n趴/v在/p那里/rzs，/wd也/d看/v不/d出/vf什么/ry模样/n，/wd头部/n正好/z在/p博兴县/ns境内/s，/wd身子/n正好/z趴/v在/p桓台县/ns和/cc高苑县/ns的/ude1交界处/n。/wj
受害人/n浑身/n上下/f青/a一/m块/q，/wd紫/a一块/s，/wd头部/n也/d被/pbei打破/v，/wd流出/v的/ude1鲜血/n已经/d凝固/vi，/wd周围/f有/vyou打斗/vi的/ude1痕迹/n，/wd到处/d都/d是/vshi凝固/vi的/ude1血迹/n，/wd很/d明显/a，/wd这/rzv就/d是/vshi第一/m作/v案/n现场/s，/wd看来/v不/d是/vshi仇杀/vi，/wd就是/v图/v财/n害/v命/n。/wj
三/m县/n的/ude1县长/n，/wd围/v着/uzhe死者/n看/v了/ule又/d看/v，/wd最后/f都/d站/vi在/p那里/rzs，/wd谁/ry也/d不/d动/v手/n勘察/vn尸体/n。/wj
就/p这样/rzv沉默/a了/ule好/a长/a的/ude1时间/n，/wd博兴县/ns的/ude1县长/n来到/v尸体/n旁/f，/wd仔细/a地/ude2打量/v了/ule一下/mq说/v：/wm“/wyz来/vf人/n，/wd把/pba尸体/n翻/v过去/vf，/wd看看/v是/vshi什么/ry模样/n，/wd让/v大家/rr看/v一/m看/v有/vyou没/d有/vyou认识/n的/ude1，/wd先/d找/v到/v尸源/n，/wd也/d便于/v破/v案/n。/wj”/wyy
县长/n一边/d说/v着/uzhe，/wd还/d用/p手/n比划/vi着/uzhe高/a苑/ng县/n一边/f。/wj
博兴县/ns的/ude1衙役/n看到/v后/f，/wd心领神会/vl，/wd走/v过来/vf两/m个/q衙役/n，/wd抬/v着/uzhe死者/n的/ude1头部/n，/wd翻/v到/v了/ule高苑县/ns一边/f。/wj
博兴县/ns县长/n，/wd站/vi在/p死者/n旁边/f，/wd仔细/a地/ude2看/v了/ule又/d看/v，/wd然后/c问/v周围/f的/ude1人/n：/wm“/wyz大家/rr看/v一/m看/v，/wd有/vyou没/d有/vyou认识/n的/ude1。/wj”/wyy
大家/rr围/v过来/vf，/wd仔细/a地/ude2看/v了/ule看/v，/wd有的/rz摇头/vi，/wd有的/rz说/v：/wm“/wyz不/d认识/v，/wd从来/d没有/d见/v过/uguo这个/rz人/n。/wj”/wyy
还有/v的/ude1看/v了/ule一/m眼/q，/wd悄悄/d的/ude1离开/v，/wd很/d显然/a，/wd大家/rr都/d不/d认识/v。/wj
博兴县/ns长/ad看/v了/ule看/v高苑/ns县长/n和/cc桓台县/ns的/ude1县长/n说/v：/wm“/wyz二/m位/q县长/n，/wd你们/rr仔细/a的/ude1看/v一/m看/v，/wd还有/v什么/ry发现/v？/ww”/wyy
这时/rzt，/wd桓台县/ns的/ude1师爷/n，/wd来到/v县长/n面前/f，/wd凑/v在/p县长/n的/ude1耳朵/n边/k，/wd悄悄/d地/ude2也/d不/d知道/v说/v了/ule什么/ry，/wd桓台县/ns县长/n，/wd微微/d一/m笑/v，/wd来到/v了/ule尸体/n旁边/f，/wd然后/c把/pba高苑/ns县长/n拉/v到/v自己/rr身边/s，/wd问/v：/wm“/wyz高苑/nr县长/n，/wd你/rr有/vyou什么/ry发现/v没有/v。/wj”/wyy
高苑/ns县长/n摇/v了/ule摇/v头/n说/v：/wm“/wyz没有/v。/wj”/wyy
桓台县/ns县长/n对/p手下/s的/ude1衙役/n们/k喊/v道/v：/wm“/wyz大家/rr再/d翻/v过去/vf，/wd看看/v还有/v什么/ry新/d发现/v，/wd我/rr就/d不/d信/v留/v不/d下/vf什么/ry线索/n。/wj”/wyy
高苑/ns县长/n听/v了/ule说/v：/wm“/wyz对/p对/p对/p，/wd一定/d会/v有/vyou什么/ry线索/n，/wd我/rr来/vf吧/y。/wj”/wyy
说/v着/uzhe，/wd自己/rr亲手/d把/pba尸体/n翻/v了/ule过去/vf。/wj
正好/z把/pba整个/b尸体/n都/d翻/v到/v了/ule高苑/ns县/n境内/s。/wj
博兴县/ns县长/n看/v了/ule哈哈大笑/al说/v：/wm“/wyz高苑/ns县长/n，/wd命案/n发生/v在/p高苑县/ns境内/s，/wd希望/v你/rr早日/d破/v案/n，/wd抓/v到/v凶手/n，/wd为民除害/vl。/wj
也好/d上报/vi朝廷/n，/wd立功/vi受奖/vi。/wj”/wyy
博兴县/ns长/ad说/v完/vi，/wd一/m挥手/vi，/wd挤出/v了/ule人群/n，/wd带/v着/uzhe三/m班/q衙役/n走/v了/y。/wj
博兴/ns的/ude1老百姓/n看/v了/y，/wd大/d喊/v一/m声/qv“/wyz耶/y！/wt”/wyy
也/d跟/v在/p县长/n后面/f走/v了/y。/wj
桓台县/ns县长/n看/v了/y，/wd也/d哈哈大笑/al说/v：/wm“/wyz高苑/ns县长/n，/wd你/rr看/v，/wd这/rzv尸体/n在/p高苑县/ns境内/s，/wd就/d麻烦/a你/rr了/y，/wd到/v时候/n你/rr用/v得/ude3着/uzhe我/rr的/ude1时候/n，/wd我会/r鼎力相助/vl，/wd祝贺/v你/rr立功/vi受奖/vi。/wj”/wyy
说/v完/vi，/wd一/m挥手/vi，/wd也/d带/v着/uzhe三/m班/q衙役/n走/v了/y。/wj
桓台县/ns来/f的/ude1老百姓/n看/v了/y，/wd也/d一起/d高喊/v：/wm“/wyz耶/y！/wt”/wyy
也/d跟/v在/p县长/n后面/f走/v了/y。/wj
清朝/t末年/f，/wd青州/ns城里/s开/v了/ule两/m家/q有名/a的/ude1当铺/n，/wd一/m家/q名/q叫/vi兴隆/nz典当/v，/wd一/m家/q名/q叫/vi鼎泰/nz典当/v。/wj
按理说/vl这/rzv两/m家/q当铺/n个/q做/v个/q的/ude1生意/n，/wd井水/n不犯/d河水/n，/wd可/c偏巧/d两/m家/q当铺/n在/p大街/n两侧/f开/v了/ule个/q对/p门/n。/wj
原先/b此地/s只有/d鼎泰/nz一/m家/q当铺/n，/wd店/n掌柜/n叫/vi万有财/nr，/wd为人/n刁钻/an歹毒/a，/wd仗/n着/uzhe自己/rr家/q大业/n大/a，/wd花钱/vi勾结/v官府/n，/wd欺行霸市/vl，/wd对待/v客人/n更/d是/vshi肆意/d欺诈/v，/wd可/v谁/ry让/v此地/s只/d有/vyou这么/rz一/m家/q大/a点/qt的/ude1当铺/n呢/y？/ww
所以/c鼎泰/nz当铺/n倒/vi也/d生意/n兴隆/an。/wj
两年/m前/f青州/ns城/n来/vf了/ule一/m位/q外地人/n，/wd名叫/v李正明/nr，/wd想/v在/p此地/s安家/vi立业/vi，/wd偏巧/d盘/qv下/vf了/ule鼎泰/nz当铺/n对门/s的/ude1一/m家/q饭馆/n，/wd开/v了/ule现在/t的/ude1兴隆/a典当/v。/wj
李正明/nr为人/n正直/a，/wd心地/n善良/an，/wd尤其/d对待/v穷苦/a百姓/n，/wd绝不/d刁钻/a为难/a，/wd救济/n的/ude1穷人/n不计其数/vl。/wj
靠/v着/uzhe李正明/nr的/ude1为人/n，/wd兴隆/nz典当/n两年/m来/vf声名鹊起/vl，/wd每天/r门庭若市/vl，/wd直/d气/v得/ude3对/p门/n的/ude1万/m有/vyou财/n吹胡子瞪眼/vl。/wj
这/rzv天/qt深夜/t，/wd李正明/nr正要/d打烊/vi，/wd一个/mq瘦小/a的/ude1青年/n风风火火/al地/ude2赶/v了/ule来/vf，/wd进/vf门/n便/d说/v：/wm“/wyz家中/s有/vyou急事/n，/wd还/d望/v掌柜/n接济/v一下/mq。/wj”/wyy
李正明/nr抬头/vi打量/v了/ule一下/mq这/rzv个/q青年/n，/wd一身/n破/a布/n麻/n衣/ng，/wd怀中/n抱/v一/m精致/a的/ude1木箱/n，/wd一/m脸/q的/ude1慌乱/an。/wj