没/d想到/v第三/m天/qt晚上/t还/d是/vshi出事/vi了/y。/wj
城/n北/f“/wyz德善堂/nr”/wyy药店/n的/ude1老板/n许启泰/nr，/wd又/d和/cc何/ry知县/n、/wn金/b老板/n同样/d离奇/a的/ude1死/v在/p家中/s，/wd自然/d又/d是/vshi满/a屋/n金银/b没/d丢/v，/wd惟独/d少/v了/ule一/m幅/q“/wyz虎/n公子/n”/wyy画/n的/ude1《/wkz虎啸/n图/n》/wky。/wj
这/rzv下/f，/wd整个/b冀州/ns城里/s人心惶惶/al，/wd男女老少/nl都/d在/p议论/v“/wyz虎/n画/v杀人/vi”/wyy的/ude1事/n。/wj
有的/rz说/v这/rzv虎/n公子/n画/n的/ude1虎/n形/ng神/n具备/v，/wd就/d差/a一/m口/q真/a气/n，/wd所以/c吸/v了/ule人/n的/ude1真/a气/n变/v活/n后/f跑/v了/y。/wj
这/rzv人/n没/v了/ule真/a气/n，/wd自然/d活/v不/d了/y。/wj
还/d有的/rz说/v，/wd这/rzv“/wyz虎/n公子/n”/wyy是/vshi山/n中/b老虎/n精/a，/wd魂魄/n附/v在/p自己/rr所/usuo画/v的/ude1老虎/n身上/s，/wd靠/v四/m处/q吸食/v人/n的/ude1精/a气/n来/vf修炼/v…/ws…/ws
诸子杰/nr自然/d不/d相信/v这些/rz神/n神/n鬼/n鬼/a的/ude1谣言/n，/wd倒是/d陈/nr1师爷/n提供/v了/ule一个/mq重要/a情况/n。/wj
他/rr说/v十年/m前/f，/wd这/rzv冀州/ns城里/s就/d发生/v过/uguo一/m件/q和/cc老虎/n画/n有关/vn的/ude1大/a案/x。/wj
那时/rzt，/wd冀州/ns城/n中/f有/vyou一/m世代/n行医/vi的/ude1名士/n叫/vi杨仁祖/nr，/wd人称/n“/wyz妙手/n丹青/n”/wyy，/wd妙/a手/n指/v其/rz医术/n高明/a，/wd能/v妙手回春/vl；/wf丹青/n指/v其/rz擅长/v书画/n。/wj
杨仁祖/nr祖上/n是/vshi明朝/t崇祯/nr2皇帝/n的/ude1御医/n，/wd因/p医术/n高明/a，/wd深/d得/v崇祯/nr2帝/ng赏识/v，/wd曾/d赏赐/v过/uguo一/m幅/q唐伯虎/nr所/usuo画/v的/ude1《/wkz八/m虎/n图/n》/wky给/p他/rr。/wj
唐伯虎/nr的/ude1画/n本/rz就/d是/vshi世上/s珍品/n，/wd加上/v他/rr存世/v的/ude1作品/n多/ad以/p山水/n仕女/n为/p题材/n，/wd所/usuo画/v动物/n极为/d少见/a。/wj
这/rzv幅/q题/n为/v“/wyz伯虎/nr2画/v八/m虎/n”/wyy的/ude1画/n可/v说是/v珍品/n中/f的/ude1珍品/n。/wj
据说/v当时/t京城/n中/f某个/rz吏/ng部/q侍郎/n曾/d极/d想/v购得/v此/rzs画/v，/wd但/c被/pbei杨仁祖/nr以/p“/wyz家/n传/v之/uzhi物/ng不/d敢/v擅/vg卖/v”/wyy为由/vi拒绝/v了/y。/wj
其/rz后/f不久/m，/wd居然/d发生/v了/ule近/a十/m人/n吃/v了/ule杨仁祖/nr药店/n的/ude1药/n后/f中毒/vi身亡/vi的/ude1大/a案/x。/wj
杨仁祖/nr因此/c被/pbei判/v斩/v立/v决/vg，/wd杨/nr1家/n也/d被/pbei查抄/v，/wd全家/n十/m多/m口/q人/n尽数/d发配/v宁/dg古/a塔/n。/wj
但/c传说/n抄家/vi时/ng，/wd并/cc没有/d发现/v《/wkz八/m虎/n图/n》/wky，/wd可怜/v杨/nr1家/n老小/n却/d全都/d死/v在/p了/ule发配/v途中/s。/wj
诸子杰/nr觉得/v事情/n越来越/d蹊跷/a，/wd看来/v要/v弄清/v这/rzv“/wyz虎/n画/v杀人/vi”/wyy和/cc十年/m前/f的/ude1案/x子/ng有/vyou无/v关系/n；/wf要/v想/v早日/d查明/v真相/n，/wd恢复/v整个/b冀州/ns城/n的/ude1安宁/an，/wd就/d非/b上/f西山/ns白云/n寺/ng走/v一/m趟/qv不可/v。/wj
第二/m天/qt，/wd诸/rz知府/n和/cc陈/nr1师爷/n两/m人/n换上/v便装/n赶到/v西山/ns时/ng，/wd天色/n尚/d早/a，/wd簿/ng雾蒙蒙/z的/ude1山道/n上/f一个/mq行人/n也/d没有/v。/wj
两/m人/n刚刚/d推开/v白云/n寺/ng的/ude1大门/n，/wd竟/d见/v寺/ng内/f一/m只/q吊/v睛/ng白/a额/n猛/x虎/n和/cc一/m只/q小/a老虎/n正在/d嬉戏/vi。/wj
诸/rz知府/n两/m人/n慌忙/ad退出/v寺/ng来/f，/wd身上/s早已/d惊/v出/vf一身/n冷汗/n：/wm“/wyz难/a不/d成/v真/d是/vshi老虎/n精/a？/ww
我/rr冀/b州府/n这/rzv次/qv可/v遭难/vi了/y！/wt”/wyy
两/m人/n正/d要/v离开/v，/wd寺/ng门/n“/wyz吱/o”/wyy的/ude1一/m声/qv开/v了/y，/wd一/m个/q身/ng穿/v白/a衫/ng的/ude1公子/n和/cc一/m个/q一身/n青衣/n的/ude1老者/n站/vi在/p台阶/n上/f，/wd而/cc他们/rr的/ude1身边/s竟/d卧/vi着/uzhe一/m大/a一/m小/a两/m只/q老虎/n！/wt
白/a衫/ng公子/n问道/vi：/wm“/wyz先生/n受惊/vi了/y，/wd不知/v先生/n一/m早/ad到/v此/rzs有/vyou何/ry贵干/n？/ww”/wyy
诸子杰/nr定/v定神/vi，/wd双手/n一/m抱/v拳/qv答道/v：/wm“/wyz想必/d这/rzv位/q就/d是/vshi下笔/vi如/v神/n的/ude1胡/nr1公子/n？/ww
鄙/ag姓/v朱/ag，/wd今日/t有意/d到/v此/rzs向/p公子/n求/v一/m幅/q虎/n画/n。/wj”/wyy
“/wyz虎/n公子/n”/wyy笑/v道/v：/wm“/wyz朱/nr1先生/n好/a胆识/n！/wt
如今/t整个/b冀州/ns城里/s可/v都/d在/p传/v在/p下/f画/v的/ude1老虎/n会/v吃/v人/n的/ude1。/wj
先生/n真/d敢/v抬/v爱/v，/wd就/d请/v吧/y！/wt”/wyy
说/v罢/y，/wd伸手/vi拍拍/v老虎/n的/ude1头/n，/wd说/v声/n：/wm“/wyz去/vf吧/y。/wj”/wyy
只见/v那/rzv两/m只/q老虎/n马上/d一/m前/f一/m后/f，/wd跑/v进/vf寺/ng内/f。/wj
诸子杰/nr哈哈/o一/m笑/v：/wm“/wyz公子/n真/d乃/v神人/n也/y！/wt”/wyy
说/v着/uzhe便/d和/cc陈/nr1师爷/n迈进/vi寺/ng内/f。/wj
进/vf了/ule寺/ng内/f，/wd诸子杰/nr却/d并/d不/d谈/v求/v画/n之/uzhi事/n，/wd两/m只/q眼睛/n盯/v着/uzhe院子/n里/f嬉戏/vi的/ude1两/m只/q老虎/n转来转去/vl。/wj
胡/nr1公子/n见/v此/rzs便/d说道/v：/wm“/wyz大/a人/n放心/v，/wd城/n中/f那/rzv三/m件/q命/n案/x决非/v我/rr的/ude1两/m只/q虎/n儿/ng所/usuo为/v。/wj”/wyy
诸子杰/nr一/m惊/v：/wm“/wyz公子/n怎/ryv知/v我/rr为/p命/n案/x而/cc来/vf？/ww”/wyy
“/wyz虎/n公子/n”/wyy手中/s白/a扇/q轻轻/z一/m摇/v：/wm“/wyz现在/t整个/b冀/b州府/n人人/n对/p白云/n寺/ng避/v之/uzhi不/d及/v，/wd对/p草/n民/ng的/ude1画/n都/d是/vshi付之一炬/vl，/wd大人/n却/d特意/d前来/vi，/wd可/c见/v不/d是/vshi为/p画/n，/wd只/d为/v命/n案/x。/wj
早/ad闻/v冀州/ns知府/n诸/rz大人/n胆识/n过人/vi，/wd断/v案/x如/v神/n，/wd必/d是/vshi先生/n无疑/d了/y。/wj”/wyy
诸子杰/nr并/cc不/d否认/v，/wd问道/vi：/wm“/wyz那/rzv公子/n对/p命/n案/x怎么/ryv看/v？/ww”/wyy
“/wyz虎/n公子/n”/wyy面/n带/v冷笑/vi说道/v：/wm“/wyz虎/n不/d会/v杀人/vi，/wd是/vshi他们/rr自己/rr杀/v了/ule自己/rr！/wt”/wyy
诸子杰/nr正要/d再/d问/v，/wd只见/v“/wyz虎/n公子/n”/wyy已/d从/p桌上/s拿/v过/uguo一个/mq画轴/n，/wd双手/n递/v到/v诸子杰/nr面前/f：/wm“/wyz大/a人/n既/c来/vf了/y，/wd就/d不/d能/v叫/vi你/rr空手/v而/cc回/v。/wj
我/rr早/ad为/v大人/n精心/ad绘制/v了/ule一/m幅/q《/wkz五/m虎啸/n雪/n图/n》/wky，/wd望/v大人/n指教/v。/wj
我/rr的/ude1虎/n会/v不/d会/v杀人/vi，/wd大人/n看/v了/ule自然/d明白/v了/y。/wj”/wyy
诸子杰/nr接/v过/uguo来/f，/wd徐徐/d展开/v，/wd果然/c五/m只/q老虎/n神态/n各异/z，/wd但/c个个/q都/d是/vshi毛发/n必/d现/tg，/wd威风凛凛/al，/wd活灵活现/al。/wj
诸子杰/nr不由/d赞叹/v一/m凡/d，/wd告辞/vi回/v府/ng。/wj
这/rzv晚/tg，/wd诸子杰/nr叮嘱/v衙役/n严加/vd防范/v之后/f，/wd将/d《/wkz五/m虎啸/n雪/n图/n》/wky挂/v在/p书房/n内/f，/wd和/cc陈/nr1师爷/n举/ng烛/ng细细/d观赏/v。/wj
突然/a，/wd诸子杰/nr发现/v画面/n下方/f所/usuo画/v山石/n有些/rz异样/n，/wd仔细/ad一/m看/v，/wd原来/b石头/n上/f有/vyou一/m行/q极/d小/a的/ude1字/n：/wm“/wyz沉冤/n待/vi雪/n”/wyy。/wj
诸子杰/nr沉吟/v片刻/m，/wd突然/ad醒悟/vi，/wd赶紧/d找/v来/vf裁纸/n刀/n，/wd将/p第一/m层/qv宣纸/n揭/v去/vf，/wd竟/d看见/v第二/m层/qv宣纸/n上/f写/v满/v了/ule蝇/ng头/n小/a字/n。/wj
原来/b，/wd这/rzv“/wyz虎/n公子/n”/wyy正是/v杨仁祖/nr的/ude1儿子/n杨寅/nr，/wd当年/t他/rr并/d未/d死/v在/p发配/v途中/s，/wd而是/c被/pbei事先/d受/v杨仁祖/nr之/uzhi托/ng带/v着/uzhe《/wkz八/m虎/n图/n》/wky逃/v出来/vf的/ude1老家/n仆/ng胡伯/nr救/v出/vf了/ule宁/dg古/a塔/n。/wj