从前/t，/wd有/vyou一个/mq喜欢/vi喝酒/vi的/ude1县/n官/n，/wd一天到晚/dl脸上/s红通通/z、/wn醉醺醺/z的/ude1，/wd喝/vg了/ule酒/n他/rr就/d要/v捉弄/v衙役/n，/wd拿/v他们/rr寻开心/v。/wj
一/m天/qt，/wd他/rr又/d喝/vg得/ude3脸/n像/p猴子/n屁股/n，/wd走/v起/vf路/n来/vf东倒西歪/vl。/wj
他/rr唤/vg来王甲/nr与/p赵乙/nr两/m位/q衙役/n，/wd限令/v他们/rr三日/t之内/f将/d三/m个/q人/n捉/v来/vf，/wd否则/c各/rz打/v四十/m大板/n。/wj
王甲/nr、/wn赵乙/nr问道/vi：/wm“/wyz不/d知/v老爷/n要/v缉拿/v哪/ry三/m个/q人/n?/ww”/wyy
县官/n红/a着/uzhe脸/n说/v：/wm“/wyz一个/mq‘/wyz人/n中/b人/n’/wyy，/wd一个/mq‘/wyz草/n中/b人/n’/wyy，/wd还有/v一个/mq‘/wyz像/v个/q人/n’/wyy。/wj”/wyy
王甲/nr、/wn赵乙/nr知道/v，/wd这/rzv是/vshi昏/v官/n灌/v足/a了/ule黄/nr1汤/n在/p与/p他/rr俩/m过不去/vi，/wd便/d合计/v说/v：/wm“/wyz天/n无/v绝/vg人/n之/uzhi路/n，/wd我/rr俩/m且/c到/v大街/n人/n多/a的/ude1地方/n走走/v，/wd总/d会/v有/vyou法子/n的/ude1。/wj”/wyy
两/m人/n来/vf到/v车/n来/vf人/n往/v的/ude1大街/n上/f，/wd看见/v一个/mq孕妇/n挺/d着/uzhe大肚子/n在/p慢慢/d行走/vi。/wj
王甲/nr对/p赵乙/nr说/v：/wm“/wyz兄弟/n，/wd你/rr看/v，/wd那/rzv不/d是/vshi‘/wyz人/n中/b人/n’/wyy吗/y?/ww”/wyy
赵乙/nr一/m看/v，/wd对/p呀/y，/wd大人/n肚/ng里/f怀着/v个/q小/a人/n，/wd正是/v“/wyz人/n中/b人/n”/wyy。/wj
两/m人/n不/d容/v分/qt说/v，/wd走/v上前/vi去/vf，/wd将/d那/rzv孕妇/n带到/v县衙/n。/wj
第二/m天/qt，/wd天下/n着/uzhe蒙蒙/z细雨/n。/wj
王甲/nr与/p赵乙/nr又/d来到/v大街/n上/f，/wd看见/v一个/mq身披/v蓑衣/n、/wn头/n戴/nr1斗笠/n的/ude1农夫/n，/wd挑/v着/uzhe菜/n在/p沿/p街/n叫卖/vi。/wj
王甲/nr一/m拍/v赵/nr1乙/n肩膀/n：/wm“/wyz兄弟/n，/wd快/d看/v，/wd那/rzv不/d是/vshi‘/wyz草/n中/b人/n’/wyy吗/y?/ww”/wyy
赵乙/nr一/m看/v，/wd是/vshi呀/y，/wd草/n蓑衣/n里面/f藏/v着/uzhe一个/mq人/n，/wd是/vshi“/wyz草/n中/b人/n”/wyy。/wj
两/m人/n走/v上前/vi，/wd又/d将/p农夫/n带到/v县衙/n。/wj
第三/m天/qt，/wd街上/s举行/v庙会/n，/wd随着/p一/m声响/n锣/n，/wd几/m个/q壮汉/n抬/v着/uzhe一/m尊/q都/d天/qt菩萨/n走/v来/vf了/y。/wj
王甲/nr一/m见/v，/wd便/d对/p赵乙/nr说/v：/wm“/wyz兄弟/n，/wd那/rzv都/d天/qt菩萨/n不/d是/vshi‘/wyz像/v个/q人/n’/wyy吗/y?/ww”/wyy
赵乙/nr一/m想/v，/wd倒/d也/d是/vshi，/wd泥塑/n木/ng雕/vg的/ude1身子/n，/wd看上去/v倒/vi还/d真/d像/v个/q人/n样子/n。/wj
于是/cc，/wd两/m人/n上/f前/f，/wd将/d那/rzv都/d天/qt菩萨/n抬/v到/v县衙/n。/wj
县衙/n大堂/n上/f，/wd随着/p一/m声/qv吆喝/v，/wd醉醺醺/z的/ude1县/n老爷/n升/v了/ule堂/ng。/wj
孕妇/n与/cc农夫/n一/m见/v这/rzv怕/v人/n的/ude1架势/n，/wd早/ad吓/v得/ude3双/m膝/ng跪下/vi，/wd请求/v饶命/v，/wd唯有/v那/rzv都/d天/qt菩萨/n直挺挺/z地/ude2站/vi着/uzhe一动不动/dl。/wj
县官/n醉眼/n蒙/vi?/ww
地/n见/v这/rzv人/n好/a大/a胆子/n，/wd在/p大堂/n之上/f竟敢/v不/d下跪/v，/wd还/d咧/v嘴/n对/p他/rr笑/v呢/y，/wd便/d一/m拍/q惊堂木/n，/wd喝/vg道/n：/wm“/wyz大胆/a狂/dg徒/d!/wt
在/p本/rz大/a人/n面前/f为何/ryv不/d下跪/v?/ww”/wyy
王甲/nr连忙/d走/v上前/vi，/wd附/v在/p县官/n耳边/s说/v：/wm“/wyz禀告/v老爷/n，/wd这/rzv人/n喜爱/v喝酒/vi，/wd一/m喝酒/vi他/rr就/d下跪/v。/wj”/wyy
县官/n一/m听/v非常/d高兴/a：/wm本/rz官/n贪/v爱/v这/rzv杯/q中/f之/uzhi物/ng，/wd他/rr竟/d也/d与/p我/rr同样/d喜好/v!/wt
县官/n便/d命/vg人/n取/v来/vf酒壶/n，/wd朝/p那/rzv都/d天/qt菩萨/n口中/s灌/v去/vf。/wj
这/rzv一/m灌/v不要紧/vl，/wd却/d将/d都/d天/qt菩萨/n下巴颏/n灌/v掉/v了/ule下来/vf。/wj
县官/n见/v此/rzs人/n喝/vg了/ule酒/n仍/d在/p原地/n站/vi着/uzhe，/wd便/d走/v下/vf大堂/n，/wd近/v前/f一/m看/v：/wm“/wyz咦/e，/wd这/rzv人/n怎么/ryv没/d有/vyou下巴/n?/ww”/wyy
王甲/nr回答/v说/v：/wm“/wyz老爷/n有所/v不/d知/v，/wd这/rzv人/n不/d喝酒/vi倒/vi还/d像/v个/q人/n，/wd喝/vg了/ule酒/n就/d不/d像/v个/q人/n了/y。/wj”/wyy
从前/t，/wd有/vyou一个/mq喜欢/vi喝酒/vi的/ude1县/n官/n，/wd一天到晚/dl脸上/s红通通/z、/wn醉醺醺/z的/ude1，/wd喝/vg了/ule酒/n他/rr就/d要/v捉弄/v衙役/n，/wd拿/v他们/rr寻开心/v。/wj
一/m天/qt，/wd他/rr又/d喝/vg得/ude3脸/n像/p猴子/n屁股/n，/wd走/v起/vf路/n来/vf东倒西歪/vl。/wj
他/rr唤/vg来王甲/nr与/p赵乙/nr两/m位/q衙役/n，/wd限令/v他们/rr三日/t之内/f将/d三/m个/q人/n捉/v来/vf，/wd否则/c各/rz打/v四十/m大板/n。/wj
王甲/nr、/wn赵乙/nr问道/vi：/wm“/wyz不/d知/v老爷/n要/v缉拿/v哪/ry三/m个/q人/n?/ww”/wyy
县官/n红/a着/uzhe脸/n说/v：/wm“/wyz一个/mq‘/wyz人/n中/b人/n’/wyy，/wd一个/mq‘/wyz草/n中/b人/n’/wyy，/wd还有/v一个/mq‘/wyz像/v个/q人/n’/wyy。/wj”/wyy
王甲/nr、/wn赵乙/nr知道/v，/wd这/rzv是/vshi昏/v官/n灌/v足/a了/ule黄/nr1汤/n在/p与/p他/rr俩/m过不去/vi，/wd便/d合计/v说/v：/wm“/wyz天/n无/v绝/vg人/n之/uzhi路/n，/wd我/rr俩/m且/c到/v大街/n人/n多/a的/ude1地方/n走走/v，/wd总/d会/v有/vyou法子/n的/ude1。/wj”/wyy
两/m人/n来/vf到/v车/n来/vf人/n往/v的/ude1大街/n上/f，/wd看见/v一个/mq孕妇/n挺/d着/uzhe大肚子/n在/p慢慢/d行走/vi。/wj
王甲/nr对/p赵乙/nr说/v：/wm“/wyz兄弟/n，/wd你/rr看/v，/wd那/rzv不/d是/vshi‘/wyz人/n中/b人/n’/wyy吗/y?/ww”/wyy
赵乙/nr一/m看/v，/wd对/p呀/y，/wd大人/n肚/ng里/f怀着/v个/q小/a人/n，/wd正是/v“/wyz人/n中/b人/n”/wyy。/wj
两/m人/n不/d容/v分/qt说/v，/wd走/v上前/vi去/vf，/wd将/d那/rzv孕妇/n带到/v县衙/n。/wj
第二/m天/qt，/wd天下/n着/uzhe蒙蒙/z细雨/n。/wj
王甲/nr与/p赵乙/nr又/d来到/v大街/n上/f，/wd看见/v一个/mq身披/v蓑衣/n、/wn头/n戴/nr1斗笠/n的/ude1农夫/n，/wd挑/v着/uzhe菜/n在/p沿/p街/n叫卖/vi。/wj
王甲/nr一/m拍/v赵/nr1乙/n肩膀/n：/wm“/wyz兄弟/n，/wd快/d看/v，/wd那/rzv不/d是/vshi‘/wyz草/n中/b人/n’/wyy吗/y?/ww”/wyy
赵乙/nr一/m看/v，/wd是/vshi呀/y，/wd草/n蓑衣/n里面/f藏/v着/uzhe一个/mq人/n，/wd是/vshi“/wyz草/n中/b人/n”/wyy。/wj
两/m人/n走/v上前/vi，/wd又/d将/p农夫/n带到/v县衙/n。/wj
第三/m天/qt，/wd街上/s举行/v庙会/n，/wd随着/p一/m声响/n锣/n，/wd几/m个/q壮汉/n抬/v着/uzhe一/m尊/q都/d天/qt菩萨/n走/v来/vf了/y。/wj
王甲/nr一/m见/v，/wd便/d对/p赵乙/nr说/v：/wm“/wyz兄弟/n，/wd那/rzv都/d天/qt菩萨/n不/d是/vshi‘/wyz像/v个/q人/n’/wyy吗/y?/ww”/wyy
赵乙/nr一/m想/v，/wd倒/d也/d是/vshi，/wd泥塑/n木/ng雕/vg的/ude1身子/n，/wd看上去/v倒/vi还/d真/d像/v个/q人/n样子/n。/wj
于是/cc，/wd两/m人/n上/f前/f，/wd将/d那/rzv都/d天/qt菩萨/n抬/v到/v县衙/n。/wj
县衙/n大堂/n上/f，/wd随着/p一/m声/qv吆喝/v，/wd醉醺醺/z的/ude1县/n老爷/n升/v了/ule堂/ng。/wj
孕妇/n与/cc农夫/n一/m见/v这/rzv怕/v人/n的/ude1架势/n，/wd早/ad吓/v得/ude3双/m膝/ng跪下/vi，/wd请求/v饶命/v，/wd唯有/v那/rzv都/d天/qt菩萨/n直挺挺/z地/ude2站/vi着/uzhe一动不动/dl。/wj
县官/n醉眼/n蒙/vi?/ww
地/n见/v这/rzv人/n好/a大/a胆子/n，/wd在/p大堂/n之上/f竟敢/v不/d下跪/v，/wd还/d咧/v嘴/n对/p他/rr笑/v呢/y，/wd便/d一/m拍/q惊堂木/n，/wd喝/vg道/n：/wm“/wyz大胆/a狂/dg徒/d!/wt