王绍兰/nr是/vshi清朝/t嘉庆/t三年/m进士/n，/wd因/p福清/ns当时/t治安/n混/x乱/a，/wd福建/ns巡抚/n派/v他/rr来/vf福清/ns任/v知县/n，/wd他/rr为/p官/n清正/a，/wd不畏/v权贵/n，/wd办/v案/x重/a调查/vn，/wd重/a证据/n，/wd深入/v民间/n，/wd破/v了/ule许多/m奇/ag案/x、/wn冤/v案/x。/wj
虽然/c多/m次/qv升迁/vn，/wd官/n任/v福州/ns海防/n同/p知/v，/wd福建/ns按/p司/ng。/wj
因为/c得罪/v一些/mq高官/n和/cc权贵/n，/wd被/pbei陷害/v，/wd诬告/v而/cc罢/v职/ng回乡/vi，/wd回乡/vi后/f编写/v经/p史/ng，/wd著/vi作/v很多/m，/wd著/vi有/vyou《/wkz许邦学/nr庐/ng》/wky等/udeng书籍/n二十九/m部/q，/wd留/v传/v后世/n，/wd后来/t皇上/n为/p他/rr平反/vi，/wd要/v恢复原/n职/ng，/wd他/rr看破/v官场/n黑暗/an，/wd以/p身体/n不好/a，/wd婉言谢绝/vl。/wj
他/rr卒/ng于/p清朝/t道观/n十年/m。/wj
王绍兰/nr在/p福清/ns任/v知县/n时/ng，/wd对/p百姓/n冤/v案/x、/wn疑/vg案/x深入/ad调查/v，/wd躬/vg亲/ng检验/v，/wd不/d为/v权贵/n，/wd断/v了/ule许多/m奇/ag案/x。/wj
被/pbei福清/ns人民/n称为/v“/wyz王/nr1青天/n”/wyy、/wn“/wyz南/b包公/n”/wyy，/wd他/rr的/ude1断/v案/x故事/n，/wd流传/v至/p今/tg一百/m多/m年/qt，/wd有的/rz被/pbei编成/v戏剧/n，/wd有的/rz编成/v评话/n、/wn有的/rz编成/v故事/n，/wd流传/v很/d广/a。/wj
清朝/t嘉庆/t年间/n，/wd有/vyou一/m天/qt响/v午/tg，/wd王绍兰/nr翻山越岭/vl察访/v民情/n回来/v，/wd随便/ad吃/v过/uguo午饭/n，/wd已经/d筋疲力尽/al，/wd准备/v回/qv房/n休息/v片刻/m，/wd他/rr刚/d进/vf房/n里/f，/wd就/d听见/v衙门/n外/f有/vyou人/n击鼓/vi鸣冤/v。/wj
王绍兰/nr立即/d更衣/vi升/v堂/ng。/wj
衙/x差/n唤/vg来/vf击鼓/vi者/k，/wd原来/d是/vshi位/q老汉/n。/wj
自/p报/n是/vshi福清/ns镜/ng洋人/n。/wj
这/rzv位/q老汉/n女儿/n黄菊/nr嫁/v给/p一个/mq农民/n，/wd男/b耕/v女/b织/v，/wd夫妻/n恩爱/a，/wd生活/vn过/vf得/ude3挺/d美/a满/a。/wj
谁知/v祸从天降/vl。/wj
有/vyou一/m天/qt，/wd天气/n炎热/an，/wd黄菊/nr见/v丈夫/n劳作/vi辛苦/an，/wd特地/d煎/v了/ule一/m罐/q荷包蛋/n送/v到/v田头/s，/wd因/c怕/v蛋/n汤/n炎热/an，/wd就/d把/pba罐盖/n掀开/v，/wd放/v桌上/s凉/v着/uzhe，/wd谁知/v丈夫/n吃/v后/f肚/ng痛/dg难当/v，/wd七/m孔/q出血/vi死亡/vi。/wj
黄菊/nr被/pbei前任/b知县/n酷刑/n拷问/vn，/wd屈/vd打成/v招/n，/wd定/v为/p谋害/v亲/ng夫/ng大/a罪/n，/wd判处/v死刑/n，/wd报/v刑/n部/q批复/v秋后/t处/n斩/v。/wj
现在/t听说/v新/a来/vf的/ude1知县/n是/vshi清官/n，/wd特/d来/vf击鼓/vi鸣冤/v，/wd为/p女儿/n申/vg诉冤/v案/x。/wj
王绍兰/nr听/v老汉/n为/p女/b申诉/vn后/f，/wd告诉/v老伯/n回家/vi听/v传/ng，/wd待/vi看/v案/x卷/ng后/f，/wd再/d断/v此/rzs案/x。/wj
王绍兰/nr连夜/d翻阅/v前任/b知县/n对/p黄/nr1菊/ng谋害/v亲/ng夫/ng的/ude1案/x卷/ng，/wd觉得/v疑点/n很多/m，/wd有/vyou屈/vd打成/v招/v的/ude1现象/n，/wd因/p证据/n不足/an，/wd第二/m天/qt就/d传/v原告/n黄菊/nr小叔和/nr刘汉/nr到/v堂/ng重新/d问/v案/x。/wj
在/p公堂/n上/f，/wd王绍兰/nr问黄菊/nr小叔道/nr：/wm“/wyz你/rr嫂/ng平时/t同/p你/rr哥/n感情/n如何/ryv？/ww”/wyy
黄菊/nr小/a叔/n回答/v：/wm“/wyz还/d算/v和睦/an。/wj”/wyy
王绍兰/nr又/d问/v：/wm“/wyz你/rr见/v过/uguo你/rr嫂/ng有/vyou同/p外面/f男子/n来往/vi吗/y？/ww”/wyy
原告/n答/v：/wm“/wyz没有/d见/v过/uguo。/wj”/wyy
王绍兰/nr听/v了/ule立即/d退堂/v。/wj
第二/m天/qt他/rr下乡/vi访问/v黄菊/nr家乡/n群众/n。/wj
经/p调查/vn周围/f群众/n都/d说/v黄/nr1菊/ng贤惠/a，/wd对/p丈夫/n一贯/d很/d好/a，/wd没有/d发现/v有/vyou越轨/vn、/wn不/d正当/a行为/n。/wj
回/v衙/x后/f又/d重/d翻/v前任/b知县/n的/ude1黄/nr1菊/ng案/x卷/ng，/wd发觉/v有/vyou许多/m疑问/n，/wd凶手/n没有/d供/vi出/vf用/v何/ry毒品/n毒害/v亲/ng夫/ng，/wd还有/v几/m处/q供词/n前后/f矛盾/an。/wj
但是/c要/v她/rr翻/v案/x，/wd又/d没有/v证据/n说明/v前任/b知县/n是/vshi错判/n。/wj
于是/cc就/d连夜/d唤醒/v衙/x差/ng从/p死/v牢/ng里/f提出/v黄/nr1菊/ng密/a审/vn。/wj
王绍兰/nr在/p灯/n下/f见/v黄菊/nr虽然/c面黄肌瘦/al，/wd但/c脸/n容/v和善/an，/wd不/d象/ng凶杀/vi之/uzhi相/ng，/wd就/d问/v黄菊道/nr：/wm“/wyz黄氏/nr，/wd你/rr把/pba煎/v荷包蛋/n给/p丈夫/n吃/v的/ude1经过/p详细/ad讲/v给/p我/rr听/v，/wd或许/d有/vyou替/p你/rr翻/v案/x的/ude1可能/n。/wj”/wyy
黄/nr1菊/ng咽/v泣/vg道/n：/wm“/wyz王/nr1大人/n，/wd我/rr真/a的/ude1没有/d毒害/v亲/ng夫/ng，/wd我/rr是/vshi被/pbei严刑/n拷打/v成/v招/v的/ude1，/wd你/rr要/v替/p我/rr伸冤/v。/wj
现/tg我/rr把/pba情况/n告诉/v你/rr：/wm那时/rzt农忙/n时节/n，/wd我/rr见/v丈夫/n劳作/vi辛苦/an，/wd就/d煮/v一/m罐/q荷包蛋/n，/wd用/p铜/n罐/ng装/v好/a，/wd先/d放/v在/p厅/n中/f园/ng桌上/s凉/v着/uzhe，/wd我/rr就/d进/vf厨房/n洗/v，/wd即/v后/f开门/vi提/v罐子/n里/f的/ude1荷包蛋/n到/v田头/s，/wd想不到/vl丈夫/n吃/v了/y，/wd就/d七/m窃/dg出血/vi身亡/vi。/wj
前任/b知县/n偏/d听/v小/a叔/n之/uzhi言/ng，/wd将/p我/rr百般/d拷打/v，/wd逼/v我/rr承认/v毒害/v丈夫/n之/uzhi罪/n，/wd把/pba写/v好/a的/ude1招供/v纸/n状/ng，/wd硬/d按/p上/f我/rr的/ude1手印/n，/wd把/pba我/rr判/v为/p死罪/n，/wd望/v青天/n大人/n为/p我/rr重/d审/v冤/v案/x。/wj”/wyy
王绍兰/nr听/v后/f又/d问/v黄菊/nr：/wm“/wyz黄氏/nr，/wd你/rr煎/v荷包蛋/n时/ng有/vyou人/n来/vf过/uguo你家/r没/d？/ww”/wyy
黄菊摇/nr头/n说/v：/wm“/wyz我/rr是/vshi关门/vi在家/vi煮/v的/ude1，/wd没有/v人/n进入/v我/rr家/n。/wj”/wyy
王绍兰/nr为了/p证实/v口供/n虚实/n情况/n，/wd就/d把/pba曾/d打/v她/rr的/ude1衙/x差/ng找/v来/vf谈话/vi。/wj
绍兰/nr2问/v衙/x差/n：/wm“/wyz黄菊/nr在/p公堂/n上/f是否/v自己/rr承认/v毒害/v丈夫/n？/ww”/wyy
衙/x差/ng答/v：/wm“/wyz没有/v，/wd是/vshi前任/b知县/n预先/d说/v好/a的/ude1招供/v词/n，/wd叫/vi我们/rr在/p打/v昏黄/z菊/ng后/f，/wd让/v我/rr硬/d将/d黄/a菊/ng手印/n盖/v上/f的/ude1。/wj”/wyy
绍兰/nr2听/v了/ule确/d系/v冤/v假/a错/n案/x，/wd但是/c必须/d查出/v真正/d害/v死/v死者/n的/ude1凶手/n，/wd才/d能/v上报/vi刑/n部/q，/wd改正/v黄菊/nr的/ude1错/n案/x。/wj
审问/v完毕/vi，/wd就/d对/p黄菊/nr说/v：/wm“/wyz黄氏/nr，/wd明天/t我/rr跟/p你/rr到/v你/rr家里/s，/wd你/rr再/d煮/v一/m碗/q荷包蛋/n放/v在/p原来/b的/ude1桌上/s，/wd我/rr要/v查/v案/x找/v凶手/n。/wj”/wyy
第二/m天/qt上午/t，/wd王绍兰/nr带/v着/uzhe师爷/n和/cc两/m名/q衙/x差/a及/cc一/m位/q仵/x作/v（/wkz法医/n）/wky，/wd一起/d跟着/v黄菊/nr回家/vi，/wd衙/x差/ng拿/v出/vf鸡蛋/n和/cc油料/n，/wd同/p黄菊/nr上/vf厨房/n煎/v荷包蛋/n。/wj
王绍兰/nr同/p师爷/n、/wn仵/x作/v在/p大厅/n屋/n墙上/s发现/v有/vyou一个/mq大/a洞/n。/wj
片刻/m间/q，/wd从/p屋/n墙/n洞/n里/f爬/v出/vf一/m条/q大/a蛇/n，/wd此/rzs蛇/n长/a有/vyou七/m尺/q，/wd把/pba蛇/n身/ng缠/v在/p屋梁/n横杆/n上/f，/wd头/n翻/v下/f，/wd张开/v血口/n，/wd伸出/v鲜红/z的/ude1舌头/n，/wd想/v下/f来/vf吃/v罐/ng里/f的/ude1荷包蛋/n，/wd吃/v不/d着/uzhe，/wd却/d把/pba口里/s的/ude1毒液/n滴/v进/vf荷包蛋/n的/ude1罐子/n里/f。/wj
王绍兰/nr见/v案/x情/n大/a白/a，/wd叫/vi在场/vi师爷/n、/wn仵/x作/v和/cc衙/x差/ng作/v好/a见证/n笔录/n，/wd立即/d回/v衙门/n，/wd连夜/d赶/v写/v改判/v黄菊/nr的/ude1错/n案/x的/ude1诉状/n，/wd第二/m天/qt派/v人/n立即/d进/vf京/b报/n刑/n部/q为/v黄菊/nr平反/vi错/v案/x。/wj