10月/t11日/t，/wd即/v中共中央/nt总书记/n习近平/nr在/p印度尼西亚/nsf巴厘岛/nsf会见/v台湾/ns两岸/n共同市场/nl基金会/n荣誉/n董事长/n萧万长/nr5天后/nr，/wd首/m届/q海峡/n两岸/n和平/n论坛/n在/p上海/ns开幕/vi。/wj
外界/n对/p这/rzv次/qv论坛/n的/ude1关注/vn，/wd集中/v在/p两点/m上/f：/wm其一/rz，/wd这/rzv是/vshi两岸/n之间/f首/m次/qv以/p政治/n为/p议题/n的/ude1论坛/n;/wf其二/rz，/wd台湾/ns“/wyz绿/a营/n”/wyy派/v人/n参加/v了/ule此次/rz论坛/n。/wj
论坛/n最终/d签署/v了/ule《/wkz首/m届/q两岸/n和平/n论坛/n纪要/n》/wky。/wj
这/rzv份/q由/p两岸/n各方/r共同/d签署/v的/ude1《/wkz纪要/n》/wky，/wd文字/n精/ad要/v，/wd言简意/nr深/a。/wj
用/p论坛/n的/ude1大陆/n主办/v方/ng、/wn全国/n台湾/ns研究会/n执行/v副/b会长/n兼/v秘书长/n周志怀/nr的/ude1话/n说/v，/wd其/rz“/wyz重要性/n无论如何/dl评价/v都/d不/d过分/a”/wyy。/wj
上海/ns东亚/ns研究所/n所长/n张念/nr驰/vg，/wd在/p论坛/n开始前/n曾/d有/vyou顾虑/n，/wd担心/v这些/rz被/pbei尘封/v多年/mq的/ude1政治/n议题/n，/wd会/v触/v碰/v双方/n敏感/a的/ude1神经/n，/wd稍/d有/vyou不/d慎/ag就/d会/v伤/v了/ule感情/n，/wd从而/c损害/v两岸/n之间/f60年/m来/f最/d好/a的/ude1局面/n。/wj
但/c现场/s的/ude1气氛/n打消/v了/ule他/rr的/ude1顾虑/n。/wj
参会/v各方/r——/wp包括/v两/m个/q来自/v“/wyz绿/a营/n”/wyy的/ude1智/b库/n，/wd都/d表现/v出/vf了/ule寻求/v共识/n的/ude1真诚/an。/wj
著/vi名/ng的/ude1绿/a营/n智/ag库/n——/wp国策/n研究院/n文教/n基金会/n的/ude1资深/b顾问/n苏进强/nr，/wd还/d提到/v了/ule恢复/v台湾/ns“/wyz国家/n统一/vn委员会/n”/wyy——/wp这个/rz成立/vi于/p1990年/m的/ude1机构/n，/wd其/rz成立/vi的/ude1目的/n就/d是/vshi促进/v中国/ns统一/vn。/wj
在/p陈水扁/nr的/ude1干预/vn下/f，/wd该/rz机构/n2006年/m终止/v运作/vi。/wj
台湾/ns方面/n也/d感受/v到/v了/ule大陆/n方面/n的/ude1善意/n。/wj
新/a台湾/ns国策/n智/ag库/n董事长/n吴荣义/nr，/wd担任/v论坛/n首/m场/qv专题/n研讨/vn的/ude1主持人/n。/wj
这/rzv场/qv研讨/vn将/d结束/v时/ng，/wd中国/ns社科院/n台湾/ns研究所/n所长/n余克礼/nr专门/d留/v出/vf几/m分钟/qt的/ude1时间/n，/wd讲/v吴荣义/nr的/ude1观点/n。/wj
10月/t12日/t上午/t的/ude1综合/vn讨论/vn，/wd吴荣义/nr也/d有/vyou机会/n发表/v自己/rr“/wyz偏/d绿/a”/wyy的/ude1主张/n。/wj
台湾/ns政治/n大学/n两岸/n政/ng经/p研究/vn中心/n主任/n魏/tg艾/nr1，/wd在/p介绍/v吴荣义/nr时/ng，/wd用/v了/ule“/wyz前/f行政院/n副/b院长/n”/wyy的/ude1称呼/n，/wd在/p介绍/v钟荣吉/nr时/ng，/wd他/rr用/v了/ule“/wyz前/f立/v法院/n副/b院长/n”/wyy。/wj
但/c有/vyou时候/n也/d会/v火花/n四/m溅/v。/wj
当/p台湾/ns一/m位/q代表/n提及/v“/wyz中华民国/n”/wyy时/ng，/wd大陆/n方面/n表示/v了/ule反对/v。/wj
在/p讨论/v和平/n协议/n的/ude1议题/n时/ng，/wd几/m方/q发生/v了/ule激烈/a的/ude1争论/vn。/wj
但/c台湾/ns参会者/n发现/v，/wd大陆/n学者/n的/ude1观点/n已/d非/b30年/m前/f的/ude1“/wyz铁板一块/bl”/wyy。/wj
厦门/ns大学/n台湾/ns研究院/n院长/n刘国梁/nr，/wd以/p自己/rr的/ude1亲身/b经历/n，/wd讲/v了/ule几/m个/q两岸/n间/f因/p沟通/v不/d畅/a而/cc闹/v出/vf的/ude1笑话/n，/wd比如/v两岸/n对/p“/wyz窝心/a”/wyy的/ude1理解/vn正好/z相反/vi，/wd而/cc台湾/ns人/n说/v的/ude1土豆/n其实/d是/vshi大陆/n的/ude1花生/n。/wj
他/rr用/p这种/r方式/n来/vf说明/v沟通/v的/ude1重要/a，/wd“/wyz不/d通/v闹笑话/vl”/wyy“/wyz见面/vi三分/m情/n”/wyy。/wj
正是/v在/p这样/rzv的/ude1逻辑/n下/f，/wd2008年/m第一/m次/qv“/wyz胡连会/nr”/wyy后/f，/wd每年/r的/ude1APEC/x峰会/n，/wd两岸/n的/ude1代表/n都/d会/v见/v上/vf一面/n。/wj
今年/t的/ude1“/wyz习/vg萧/nr1会/v”/wyy上/f，/wd陪/v在/p习近/nr平和/a萧万长/nr身边/s的/ude1，/wd分别/d是/vshi国务院/nt台办/n主任/n张志军/nr和/cc台湾/ns“/wyz陆/m委/ng会/v主任/n”/wyy王郁琦/nr。/wj
“/wyz习/vg萧/nr1会/v”/wyy后/f，/wd张志军/nr送/v萧万长/nr离开/v。/wj
当/p萧万长/nr走/v到/v大厅/n门口/s临/v上/vf车/n前/f，/wd提醒/v张/nr1王/n两/m人/n说/v：/wm“/wyz你们/rr聊聊/v。/wj
”/wyy于是/cc，/wd大陆/n与/p台湾/ns这/rzv两/m位/q两岸/n关系/n事务/n的/ude1负责人/n，/wd开始/v了/ule约/d五分/m钟/n的/ude1“/wyz寒暄/v”/wyy。/wj
在/p今年/t3月/t份/q举行/v的/ude1第十一/m届/q两岸/n关系/n研讨会/n上/f，/wd张志军/nr提出/v，/wd为/p解决/v两岸/n政治/n难题/n，/wd当前/t由/p两岸/n民间/n开始/v对话/vi，/wd是/vshi一/m条/q可行/a途径/n。/wj
他/rr在/p会上/t倡议/n，/wd由/p两岸/n智/ag库/n共同/d举办/v两岸/n和平/n论坛/n，/wd以/p集思广益/vl、/wn凝聚/v共识/n，/wd为/p将来/t进行/vx政治/n商谈/vn逐步/d创造条件/n。/wj
首/m届/q两岸/n和平/n论坛/n的/ude1标志/n，/wd是/vshi“/wyz和平/n”/wyy两/m字/n的/ude1艺术/n设计/vn，/wd看上去/v像/v是/vshi紧紧/d相/d扣/v的/ude1两/m环/q，/wd又/d像/v是/vshi两/m个/q人/n手/n挽/v手/n齐头并进/vl。/wj
有/vyou学者/n说/v，/wd标志/v中心/n的/ude1“/wyz口/n”/wyy字/n，/wd代表/n着/uzhe两岸/n同/p气/n同声/n，/wd也/d可以/v看做/v是/vshi一个/mq“/wyz互/d”/wyy字/n，/wd代表/n着/uzhe“/wyz互信/v”/wyy“/wyz互惠/vi”/wyy。/wj
在/p这个/rz寓意/n丰富/a的/ude1标志/n下/f，/wd与会/vn各方/r签署/v了/ule《/wkz首/m届/q两岸/n和平/n论坛/n纪要/n》/wky，/wd达成/v了/ule10点/t共同/d认知/v，/wd并/cc指出/v了/ule7/a个/q尚/d需/v进一步/d探讨/v的/ude1问题/n。/wj
通读/v2600/m余/m字/n的/ude1《/wkz纪要/n》/wky不/d难/ad发现/v，/wd其/rz行文/vn习惯/n可见/v台湾/ns手法/n，/wd名词/n和/cc提法/n又/d有/vyou大/a陆/m风格/n。/wj
参会/v学者/n说/v，/wd《/wkz纪要/n》/wky是/vshi两岸/n智慧/n的/ude1结晶/n，/wd是/vshi相互/d认同/v与/cc包容/v的/ude1结果/n。/wj
全国/n台湾/ns研究会/n是/vshi这/rzv次/qv论坛/n的/ude1大陆/n主办/v方/q。/wj
从/p2008年/m以来/f，/wd该/rz研究会/n每年/r都/d要/v召开/v多/m场/qv两岸/n关系/n研讨会/n。/wj
全国/n台湾/ns研究会/n执行/v副/b会长/n兼/v秘书长/n周志怀/nr接受/v采访/v时/ng表示/v，/wd“/wyz2008年/m以来/f，/wd两岸/n经贸/b交流/vn、/wn人员/n往来/vn日益/d扩大/v和/cc深化/v，/wd涉外/vn事务/n中/f也/d有/vyou很多/m协商/vn，/wd但是/c现在/t还有/v一些/mq结构性/n的/ude1问题/n，/wd阻碍/v关系/n的/ude1发展/vn。/wj
我们/rr说/v‘/wyz先/d经/p后/f政/ng’/wyy‘/wyz先/d易/a后/f难/a’/wyy，/wd但/c总/d要/v过渡/vi到/v政治/n这/rzv一/m步/qv。/wj
现在/t两岸/n在/p谈/v很多/m的/ude1问题/n，/wd比如/v服务/vn贸易/vn协议/n，/wd谈/v了/ule很/d多/m轮/qv。/wj
