“/wyz6月/t20日/t，/wd我们/rr正/d在/p里约热内卢/nsf市政厅/n前/f唱/v国歌/n，/wd警察/n就/d开始/v投/v催/v泪/n瓦斯/n，/wd继而/c是/vshi橡胶/n子弹/n。/wj
”/wyy“/wyz很多/m人/n都/d受伤/vi了/y，/wd我/rr旁边/f一个/mq圣保罗/nsf来/f的/ude1女/b记者/n眼睛/n被/pbei射/v伤/n。/wj
我/rr的/ude1腿/n也/d肿/vi了/y。/wj
”/wyy过去/t二十/m多/m天/qt里/f，/wd几乎/d在/p每个/r不/d讲课/vi的/ude1下午/t，/wd阿莱/nrf都/d会/v从/p福鲁米内塞/nrf挤/v上/vf一个/mq小时/n的/ude1火车/n，/wd前往/v里约热内卢/nsf，/wd参加/v这/rzv场/qv几乎/d席卷/v巴西/nsf主要/b城市/n的/ude1大/a游行/vn。/wj
阿莱/nrf是/vshi一/m所/q公立/b高中/n的/ude1英语/nz教师/n，/wd她/rr形容/v自己/rr的/ude1家乡/n是/vshi“/wyz一个/mq很/d穷/a的/ude1地方/n”/wyy。/wj
她/rr描述/v的/ude16月/t20日/t，/wd正是/v游行/vi的/ude1最高峰/n。/wj
“/wyz据说/v，/wd有/vyou100/m万/m人/n参加/v。/wj
”/wyy“/wyz总体/n是/vshi和平/n的/ude1，/wd可能/v只/d有/vyou不/d到/v50/m个/q故意/d破坏/v者/k吧/y。/wj
”/wyy阿莱/nrf说/v，/wd要不然/c，/wd“/wyz100/m万/m人/n早/ad把/pba城市/n给/p毁/v了/y。/wj
”/wyy低/a失业率/n掩盖/v下/f的/ude1贫富/n分化/vn每年/r2月/t中下旬/t的/ude1狂欢节/n，/wd巴西/nsf人/n总/d会/v化装/vd成/v小丑/n、/wn明星/n、/wn政客/n，/wd走/v上/vf街头/s扮演/v别人/rr。/wj
这个/rz6月/t，/wd新兴/b的/ude1中/f产/v阶层/n开始/v扮演/v自己/rr，/wd对/p政府/n说/v不/d。/wj
起因/n是/vshi巴西/nsf政府/n宣布/v将/d于/p近期/t把/pba全国/n11/d个/q首府/n的/ude1公交车/n票价/n统一/ad上涨/vi0./m2/n雷亚尔/q(/wkz约/d合/v人民币/n0./m6/vg元/q)/wky。/wj
很快/d，/wd抗议/v扩展/v到/v反对/v世界杯/n工程/n上/f的/ude1开支/n不当/a，/wd同时/c要求/v打击/v贪污/v腐败/an和/cc改善/v医疗/n、/wn教育/vn等/udeng福利/n。/wj
“/wyz实际上/d，/wd我/rr所/usuo乘坐/v的/ude1去/vf里约热内卢/nsf的/ude1这/rzv趟/qv火车/n，/wd两/m个/q月/n前/f就/d涨价/vi了/y。/wj
不过/c，/wd由于/c这/rzv次/qv抗议/vn刚刚/d又/d降价/vi了/y。/wj
”/wyy阿莱/nrf说/v。/wj
巴西/nsf公共交通/n的/ude1票价/n，/wd是/vshi地方/n政府/n规定/n的/ude1。/wj
但/c人们/n将/p主要/b矛头/n指向/v巴西/nsf劳工/n党/n领导/n的/ude1政府/n，/wd也/d就/d是/vshi指/v向/p总统/n罗塞夫/nrf。/wj
卢拉/nrf执政/vi8年/m，/wd加上/v罗塞夫/nrf执政/vi近/v3年/m，/wd显示/v左派/n的/ude1民意/n十/m多/m年/qt不/d减/v，/wd政绩/n自然/d不错/a。/wj
数据/n显示/v，/wd巴西/nsf劳工/n党/n将/d占/v巴西/nsf人口/n10%/m的/ude1贫困/a家庭/n人均收入/n增加/v69./m08%/m，/wd占/v全国/n人口/n50%/m的/ude1低收入/n家庭/n人均收入/n增加/v52./m59%/m。/wj
但/c与此同时/c，/wd1990年代/t中叶/t劳工/n党/n开启/v的/ude1私有化/vn政策/n，/wd让/v大/a农产品/n公司/n以及/cc能源/n公司/n的/ude1老板/n却/d迅速/ad富/vg起来/vf。/wj
巴西/nsf的/ude1贫富/n差距/n逐渐/d拉/v大/a，/wd基尼/nrf系数/n却/d高/a达/v5./m1/a。/wj
按照/p左派/n学者/n的/ude1说法/n，/wd这样/rzv的/ude1情况/n说明/v政府/n实际上/d在/p“/wyz劫/v贫/ag济/vg富/vg”/wyy。/wj
即使/c是/vshi右派/n政党/n执政/vi，/wd都/d不/d应该/v出现/v这样/rzv的/ude1情况/n。/wj
“/wyz百年/m来/f，/wd巴西/nsf人口/n增长/v了/ule十/m倍/q多/a。/wj
过去/t是/vshi农民/n占/v主导/n，/wd如今/t不/d一样/a了/y，/wd近/v2亿/m人口/n中/f，/wd城市/n人口/n占/v到/v1./m3亿/m。/wj
”/wyy圣保罗/nsf大学/n教授/n米利亚姆/nrf说/v，/wd制造业/n让/v穷人/n有钱/a挣/vi，/wd却/d挣/vi得/ude3很/d少/a。/wj
这/rzv中间/f巴西人/nz经历/v了/ule从/p西北部/f亚/b马/n逊/ag平原/n向/p东北部/f巴西/nsf高原/n迁徙/v的/ude1过程/n、/wn主要/b流向/n里约热内卢/nsf、/wn圣保罗/nsf这些/rz面向/v大西洋/nsf的/ude1城市/n。/wj
在/p圣保罗/nsf这样/rzv的/ude1超级/b大/a城市/n，/wd那/rzv座/q闻名/v全球/n的/ude1基督/n雕/vg像/v底下/f却/d是/vshi大片/n的/ude1贫民窟/n。/wj
左派/n政府/n创造/v的/ude1低/a失业率/n似乎/d也/d成/v了/ule一个/mq讽刺/vn。/wj
“/wyz连/ulian教授/n都/d挣/vi得/ude3很/d少/a，/wd有/vyou才华/n的/ude1教授/n都/d被/pbei私立/b大学/n吸引/v过去/vf了/y。/wj
”/wyy圣保罗/nsf大学/n教授/n雅克/n说/v。/wj
作为/p区域/n大国/n，/wd巴西/nsf经济/n2011年/m增幅/n只/d有/vyou2./m7%/m，/wd去年/t情况/n更/d糟/a，/wd几乎/d所有/b工业/n部门/n均/d在/p下滑/vi。/wj
同/p许多/m新兴/b国家/n一样/uyy，/wd巴西/nsf经济/n对/p外资/n、/wn贸易/vn依存度/n很/d高/a。/wj
与/p严峻/a国际/n经济/n形势/n如影随形/dl的/ude1外/f需/v乏力/a、/wn资本/n流入/v减缓/v，/wd使得/vi巴西/nsf经济/n前景/n黯/x淡/x，/wd地区/n、/wn行业/n之间/f发展/v不/d平/a问题/n更加/d严重/a，/wd通货膨胀/vl已经/d达到/v15%/m。/wj
年轻人/n对/p支出/n增加/v、/wn失业/vn压力/n格外/d敏感/a，/wd稍/d有/vyou风吹草动/nl就/d容易/ad受到/v惊吓/vn。/wj
这/rzv让/v公交/b车票/n涨/vi两/m毛/nr1钱/n成/v了/ule他们/rr不/d愿/v承受/v之/uzhi重/ng。/wj
“/wyz巴西/nsf的/ude1交通/n不仅/c贵/a，/wd而且/c效率/n低下/an。/wj
”/wyy阿莱/nrf说/v，/wd她/rr每/rz次/qv到/v里约热内卢/nsf乘/v火车/n都/d没有/v座位/n。/wj
拥挤/a的/ude1车厢/n，/wd人/n挨着/v人/n，/wd热带/n气候/n让/v人/n窒息/vi。/wj
“/wyz更/d要/v命/n的/ude1是/vshi，/wd火车/n开/v着/uzhe开/v着/uzhe，/wd在/p半/m路/n就/d坏/a掉/v了/y。/wj
修/v上/vf多久/ryt是/vshi不可/v预期/vn的/ude1。/wj
”/wyy就/d是/vshi坐/v着/uzhe这样/rzv的/ude1火车/n，/wd阿莱/nrf和/cc许多/m同乡/n抗议/v者/k们/k，/wd往返/vi于/p家乡/n小/a城/n和/cc里约热内卢/nsf之间/f，/wd表达/v自己/rr的/ude1不满/an。/wj
觉醒/vi的/ude1初级/b中产阶级/nl在/p巴西/nsf最/d大/a的/ude1海港/n城市/n里约热内卢/nsf，/wd据说/v曾/d发生/v过/uguo一个/mq著/vi名/ng的/ude1辩论/vn。/wj
聪明人/n问/v沙滩/n晒太阳/vi的/ude1渔夫/n，/wd“/wyz为什么/ryv不/d多/ad打鱼/vi?/ww
”/wyy渔夫/n问/v：/wm“/wyz已经/d够/v吃/v了/y，/wd多/ad打/v干吗/v呢/y?/ww
”/wyy“/wyz挣/vi更/d多/a钱/n啊/y。/wj
”/wyy“/wyz钱/n多/d有/vyou什么/ry用/v呢/y?/ww
”/wyy“/wyz就/d可以/v买/v大/a房子/n，/wd过/d好/a生活/vn…/ws
…/ws
”/wyy“/wyz然后/c呢/y?/ww
”/wyy“/wyz然后/c，/wd就/d可以/v有/vyou大/a把/qv的/ude1休闲/vn时光/n，/wd到/v沙滩/n晒太阳/vi。/wj
”/wyy“/wyz我/rr现在/t就/d在/p晒太阳/vi啊/y。/wj
”/wyy在/p巴西/nsf，/wd港口/n忙碌/a的/ude1是/vshi小/a部分/n人/n，/wd沙滩/n、/wn美/b女/b、/wn休闲/vn才/d是/vshi常事/n。/wj
在/p社会/n生活/vn中/f，/wd则/c表现/v为/v对/p政治/n的/ude1漠不关心/vl。/wj
“/wyz我/rr会/v继续/v支持/vn抗议/vn，/wd因为/p巴西/nsf人/n在/p政治/n话题/n上/f都/d太/d偷懒/vi了/y。/wj
