山/n呼/o海啸/n般/uyy的/ude1欢呼声/n中/f，/wd一身/n标志性/n人民/n装/v的/ude1金正恩/nr走/v上/vf了/ule朝鲜/nsf纪念/v停战/vi60/m周年/q阅兵式/n观礼台/n。/wj
向/p群情激奋/nl的/ude1人群/n挥手/vi过后/t，/wd朝鲜/nsf的/ude1年轻/a领导人/n伸出/v左手/n，/wd以/p东道主/n的/ude1姿态/n落落大方/vl地/ude2邀请/v左边/f的/ude1中国/ns国家/n副/b主席/n李源潮/nr落/v座/q主席台/n。/wj
这/rzv场/qv于/p7月/t27日/t举行/v的/ude1朝鲜/nsf史/ng上/f规模/n最/d大/a的/ude1阅兵式/n上/f，/wd金正恩/nr没有/d发表/v讲话/n。/wj
他/rr延续/v着/uzhe自己/rr在/p公开/a场合/n的/ude1低调/n风格/n，/wd除了/p仪式/n性/ng地/ude2向/p游行/vn方阵/n挥手/vd致意/vi或/c举手/vi敬礼/vi，/wd就是/d时而/d同/p相邻/vi的/ude1李源潮/nr以及/cc朝鲜/nsf高官/n进行/vx交谈/vn。/wj
游行/vi的/ude1方阵/n中/f一/m次/qv又/d一/m次/qv齐声/d高喊/v金正恩/nr的/ude1名字/n，/wd共有/v12000/m名/q军人/n参加/v的/ude1这/rzv场/qv盛大/b的/ude1阅兵式/n，/wd不仅/c邀请/v了/ule中国/ns国家/n副/b主席/n李源潮/nr和/cc多/a国/n使节/n代表/n出席/v，/wd还/d破天荒/al地/ude2允许/v美国/nsf有线电视/n新闻网/n(/wkzCNN/x)/wky进行/vx直播/vn。/wj
主席台/n上/f，/wd李源潮/nr与/p金正恩/nr并排/d而/cc站/vi。/wj
除了/p在/p空军/n直升机/n编队/n飞过/v时/ng两/m人/n进行/vx了/ule交谈/vn外/f，/wdCNN/x的/ude1直播/vn画面/n中/f并/d没有/d展现/v两/m人/n更/d多/a的/ude1互动/vn时刻/n。/wj
自/p金正恩/nr2011年/m底/f成为/v朝鲜/nsf最高/a领导人/n后/f，/wd李源潮/nr是/vshi他/rr在/p平壤/ns迎来/v的/ude1最高/a级别/n的/ude1中国/ns领导人/n。/wj
7月/t25日/t，/wd金正恩/nr在/p平壤/ns百花园/n迎宾馆/n会见/v了/ule当日/t抵达/v朝鲜/nsf访问/v并/cc出席/v朝鲜战争/nz停战/vi60/m周年/q纪念/vn活动/vn的/ude1李源潮/nr一行/n。/wj
宾馆/n的/ude1墙上/s，/wd还/d挂/v有/vyou两年/m前/f出任/v中共中央/nt组织部/n部长/n的/ude1李源潮/nr在/p访/v朝/tg时/ng与/p当时/t朝鲜/nsf最高/a领导人/n金正/nz日/b会面/vi的/ude1照片/n。/wj
朝鲜/nsf中央电视台/nt制作/v的/ude1关于/p李源潮/nr此/rzs番/qv自/p7月/t25日/t至/p28日/t四/m天/qt访/v朝/b行程/n的/ude1专题片/n中/f，/wd回顾/v了/ule两年/m前/f李源潮/nr访问/v的/ude1经历/n，/wd当然/d，/wd借/v着/uzhe纪念/v朝鲜战争/nz60/m周年/q之/uzhi机/ng，/wd当年/t中/f朝/b军队/n并肩作战/vl以及/cc中/b朝/b传统/n友谊/n成/v了/ule专题片/n的/ude1主体/n内容/n。/wj
朝鲜/nsf人民军/n总/b政治/n局长/n崔/nr1龙海/ns在/p阅兵式/n上/f的/ude1致辞/vi，/wd则/c数/m次/qv提/v到/v中/b朝/b传统/n友谊/n与/p长期/b合作/vn的/ude1历史/n，/wd并/cc感谢/v中国/ns60年/m前/f的/ude1“/wyz抗美援朝/n”/wyy。/wj
强调/v历史/n，/wd是/vshi朝鲜/nsf过去/t一/m周/qt里/f的/ude1各项/r纪念/vn活动/vn中/f的/ude1主体/n表达/v。/wj
在/p有/vyou中国/ns人民/n志愿军/n老兵/n参加/v的/ude1阅兵式/n朝鲜/nsf老兵/n方阵/n中/f，/wd打/v出/vf了/ule“/wyz抗美援朝/n、/wn保家卫国/vl”/wyy的/ude1中文/nz标语/n;/wf还有/v一些/mq志愿军/n老兵/n出现/v在/p观礼台/n的/ude1贵宾席/n上/f，/wd阅兵式/n结束/v以后/f，/wd金正恩/nr在/p走/v过/uguo中国/ns老兵/n所/usuo处/vi的/ude1席位/n时/ng，/wd还/d特意/d向/p李源潮/nr作/v了/ule介绍/v。/wj
出席/v朝鲜/nsf祖国/n解放战争/nz纪念馆/n新馆/n剪彩/vn仪式/n，/wd是/vshi7月/t27日/t金正恩/nr和/cc李源潮/nr一起/d参加/v的/ude1另/rz一/m场/qv重要/a活动/vn。/wj
金正恩/nr亲自/d剪彩/vi，/wd然后/c同/p李源潮/nr一起/d进入/v参观/v，/wd行程/n包括/v志愿军/n馆/ng。/wj
一/m个/q被/pbei国际/n问题/n专家/n观察/v到/v的/ude1明显不同/n是/vshi，/wd上次/t李源潮/nr在/p与/p金正日/nr会见/v时/ng，/wd双方/n时任/v最高/a领导人/n都/d通过/v李/nr1源/ng潮/n互/d致/v问候/vn，/wd而/cc此/rzs番/qv李源潮/nr则/d“/wyz首先/d转达/v了/ule习近平/nr主席/n给/p金正恩/nr第一/m委员长/n的/ude1口信/n”/wyy。/wj
“/wyz口信/n”/wyy没有/d向/p外界/n明确/a内容/n。/wj
“/wyz李源潮/nr这/rzv次/qv对/p朝鲜/nsf访问/v并/cc不/d意味着/v中/b朝/b关系/n迎来/v了/ule一个/mq转折点/n。/wj
”/wyy美国/nsf著/vi名/q亚/b太/b问题/n专家/n、/wn卡内基/nrf国际/n和平/n基金会/n副/b会长/n包道格/nrf对/p说/v，/wd“/wyz虽然/c金正恩/nr特使/n崔/nr1龙海/ns5月/t曾/d到/v北京/ns试图/v传达/v平壤/ns尊重/v中国/ns利益/n的/ude1信息/n，/wd但/c北京/ns仍/d需要/v借/v纪念/v停战/vi60/m周年/q之/uzhi机/ng向/p对方/n进一步/d明确/v和/cc强调/v自己/rr的/ude1态度/n。/wj
”/wyy“/wyz一/m是/vshi中国政府/nt历来/d重视/v与/p朝鲜/nsf的/ude1传统/n友谊/n与/cc合作/vn，/wd二/m是/vshi中国/ns希望/v为/p朝鲜/nsf半岛/n局势/n的/ude1缓和/an做出/v切实/a的/ude1努力/an。/wj
”/wyy中国/ns外交部/nt外交/n政策/n咨询/vn委员会/n委员/n、/wn中国/ns国际/n问题/n研究所/n所长/n曲星/nr在/p接受/v采访/v时/ng称/v，/wd李源潮/nr此次/rz访问/v朝鲜/nsf并/cc出席/v纪念/v《/wkz朝鲜/nsf停战/vn协定/n》/wky60/m周年/q活动/vn有/vyou上述/b两/m层/qv意义/n。/wj
曲星/nr还/d介绍/v，/wd中国/ns的/ude1努力/ad包括/v两/m个/q方面/n：/wm既/c敦促/v朝鲜/nsf适应/v国际/n社会/n的/ude1潮流/n，/wd在/p无/v核/n化/v和/cc恢复/v六/m方/q会谈/vn方面/n做出/v努力/an;/wf也/d希望/v韩/b美/b进行/vx相/d向/p而/cc行/vi的/ude1努力/an，/wd做/v有利于/v半岛/n无/v核/n化/k的/ude1事/n。/wj
“/wyz判断/v中/b朝/b关系/n下/f一/m步/qv走/v向/p的/ude1关键/n并非/v是/vshi李源潮/nr在/p朝鲜/nsf的/ude1公开/vn活动/vn和/cc言行/n，/wd而是/c私下/d里/f双方/n高层/n谈/v了/ule什么/ry。/wj
”/wyy美国/nsf布鲁金斯/nz学会/v资深/b研究员/n、/wn东北亚/ns政策/n研究/vn中心/n主任/n理查德/nrf&/xm/x./wj
i/x./wj
ddot/x;/wf布什/nrf对/p说/v。/wj
朝鲜/nsf今年/t2月/t进行/vx核试验/n后/f，/wd“/wyz实现/v半岛/n无/v核/n化/v、/wn维护/v半岛/n的/ude1和平/n稳定/an、/wn坚持/v通过/p对话/vi来/vf解决问题/n”/wyy这/rzv三/m条/q中国/ns在/p解决/v朝/b核/n问题/n上/f的/ude1基本/a立场/n虽然/c未/d变/v，/wd但/c将/d“/wyz实现/v半岛/n无/v核/n化/v”/wyy放/v到/v了/ule首/m位/q，/wd和/cc以往/t首先/d强调/v维护/v半岛/n的/ude1和平/n稳定/an有所/v区别/n。/wj
“/wyz朝鲜/nsf核试验/n后/f，/wd弃/vg核/n成为/v缓解/v朝鲜/nsf半岛/n局势/n的/ude1最/d关键/a因素/n，/wd因此/c中国/ns更加/d明确/v和/cc突出/v了/ule要求/n朝鲜/nsf弃/vg核/n的/ude1态度/n。/wj
”/wyy曲星/nr说/v。/wj
根据/p中/b朝/b官方/n发布/v的/ude1消息/n，/wd李源潮/nr在/p平壤/ns同/p金正恩/nr会见/v时/ng，/wd重申/v了/ule中国/ns的/ude1三/m条/q基本/a立场/n。/wj
金正恩/nr回应/v称/v“/wyz支持/v中国/ns为/v重/d启/v六/m方/q会谈/vn所/usuo作/v努力/an”/wyy，/wd但/c未/d提/v无/v核/n化/v问题/n。/wj
“/wyz北京/ns在/p朝/b核/n问题/n上/f的/ude1基本/a立场/n没有/d改变/v，/wd但/c更加/d在意/v平壤/ns是否/v对/p其/rz足够/v尊重/v，/wd这/rzv和/p以往/t有所不同/vl。/wj
