据/p介绍/v，/wd如同/v考古/n发掘/v的/ude1现场/s立/v在/p舞台/n背景/n上/f，/wd来/vf显示/v厚重/a的/ude1历史感/n。/wj
而/cc焚/vg书/n或者/c坑/n儒/ng，/wd都/d是/vshi大红/b的/ude1绸缎/n从天而降/vl，/wd把/pba书/n或者/c人/n覆盖住/n。/wj
该剧/r将/d于/p12月/t25日/t至/p2014年/m1月/t5日/t登陆/vi跨/v年/qt档/ng期/ng于/p中国/ns国家/n话/n剧院/n剧场/n连/ulian演/v9/vyou场/qv，/wd同时/c，/wd《/wkz伏生/nr2》/wky将/d作为/v献礼/vn院庆/n剧目/n为/p中国/ns国家/n话/n剧院/n全年/n演出/v完美/ad收/v官/n。/wj
北京/ns时间/n12月/t15日/t，/wd广东/ns宏远/nz在/p主场/n以/p105-91/m战胜/v了/ule曾经/d联盟/n中/f最/d大/a的/ude1冤家/n江苏/ns南/b钢/n，/wd王仕鹏/nr继续/v着/uzhe自己/rr火热/z的/ude1发挥/vn，/wd全场/n命中/v了/ule7/a个/q3分/t拿下/v了/ule全场/n最高/a的/ude131分/t，/wd而/cc他/rr近期/t的/ude1表现/vn似乎/d有/vyou种/q迈向/v常规/n赛/vMVP/x的/ude1节奏/n。/wj
对于/p大多数/m球员/n而言/uls，/wd在/p外线/n连续/ad投/v失/v4/n次/qv之后/f，/wd都/d会/v怀疑/v自己/rr的/ude1手/n感/vg，/wd甚至/c直接/ad影响/v此后/t的/ude1出手/vi感觉/n，/wd只/d有/vyou极/d少数/m真正/b的/ude1射手/n可以/v突破/v这种/r障碍/n——/wp王仕鹏/nr显然/ad属于/v后者/rzv，/wd他/rr就/d是/vshi那种/r关键/n时刻/n总/d能/v将/p自己/rr的/ude1大/a心脏/n发挥/v到/v极致/n的/ude1那/rzv种/qMR/x./wj
BIG/x。/wj
中场/s前/f4秒钟/t，/wd陈/nr1江华/ns拼命/d将/p球/n运/v至/p前/f场/qv，/wd而/cc此时/r王仕鹏/nr早已/d在/p右侧/f45/m度角/n埋伏/v，/wd并且/c张/nr1手/n要/v球/n——/wp在/p哨/ng响/v之前/f，/wd王仕鹏/nr终于/d接到/v了/ule传球/vn，/wd没有/v任何/rz犹豫/a，/wd他/rr的/ude1出手/vi空心/vi命中/v。/wj
在/p他/rr跃/vg在/p空中/s张/nr1手/n的/ude1瞬间/t，/wd哨/ng就/d响/v了/ule——/wp无论如何/dl，/wd裁判/n承认/v了/ule这个/rz进球/n，/wd虽然/c压/v哨/ng与否/u值得/v商榷/vi，/wd但是/c王仕鹏/nr关键/n时刻/n的/ude1自信心/n再次/d得到/v了/ule验证/vn，/wd关于/p06年/m在/p日本/nsf那/rzv神奇/a一/m投/v就/d不必/d赘言/n。/wj
这/rzv就是/d神奇/a的/ude1王仕鹏/nr，/wd他/rr在/p命中/v此/rzs球/n前/f虽然/c已经/d砍/v下/vf15分/t，/wd但/c不要/d忘/v了/ule此前/t他/rr连续/a4/n次/qv出手/vi3分/t都/d以/p打铁/vi告终/vi。/wj
所有/b人/n都/d知道/v王仕鹏/nr在/p3分/t线/n外/f有着/v恐怖/a的/ude1杀伤力/n，/wd江苏/ns队/n也/d不/d例外/vi，/wd但/c本/rz场/qv比赛/vn王仕/nr鹏/ng最先/d举起/v屠刀/n的/ude1时候/n并非/v在/p3分/t线/n外/f——/wp在/p对手/n紧逼/vd防守/v的/ude1时候/n，/wd王仕鹏/nr成为/v了/ule最/d锋利/a的/ude1突破/vn尖刀/n，/wd而且/c和/cc陈江华/nr、/wn刘晓宇/nr的/ude1突破/vn佯攻/v相比/vi，/wd王仕鹏/nr来/vf得/ude3更/d为/v直接/a，/wd而且/c看上去/v并不/d擅长/v左/a路/n突破/vn的/ude1他/rr，/wd在/p上半场/n的/ude1所有/b突破/vn全部/m在/p左/a路/n完成/v。/wj
如果/c说/v上半场/n他/rr的/ude1一/m次/qv突破/v外加/v3分/t球/n，/wd半/m分钟/qt之内/f连续/ad得/v到/p5分/t只/d是/vshi帮助/v广东/ns确立/v了/ule两/m位/q数/n的/ude1领先/vn优势/n，/wd而/cc到/v了/ule第四/m节/q，/wd他/rr实际/n上/f扮演/v的/ude1就是/v“/wyz灭火器/n”/wyy的/ude1角色/n，/wd在/p江苏队/nt连续/ad得分/vi迫近/v分/qt差/a，/wd队友/n进攻/vn不/d畅/a的/ude1情况/n下/f，/wd王仕鹏/nr连续/ad利用/v3分/t救/v主/ag。/wj
第/m四/m节/q刚/d开始/v，/wd江苏/ns队/n将/d分/v差/ng缩小/v到/p9分/t，/wd王仕/nr鹏/ng右侧/f命中/v3分/t，/wd分/v差/a回/qv到/v两/m位/q数/n。/wj
最为/d难得/a的/ude1是/vshi，/wd当/p罗旭东/nr的/ude1突破/vn上/f篮/ng将/d分/v差/ng缩小/v到/v76-80/m之/uzhi时/ng，/wd又/d是/vshi王仕鹏/nr的/ude1冷/a血/n3分/t稳住/v局面/n——/wp终场/n前/f4分钟/t，/wd王仕鹏/nr的/ude13分/t命中/v直接/ad宣布/v了/ule比赛/vn的/ude1结束/vn，/wd凭借/p这/rzv记/v3分/t，/wd广东/ns将/d分/v差/ng拉开/v到/v了/ule16分/t。/wj
在/p上半场/n命中/v3/n个/q3分/t，/wd用/v去/vf9/vyou次/qv出/vf手/n的/ude1情况/n下/f，/wd王仕鹏/nr在/p第四/m节/q成为/v了/ule绝对/a的/ude1杀/v星/n，/wd单节/n命中/v了/ule4/ng记/v3分/t，/wd他/rr在/p下/f半/m场/qv的/ude13分/t命中率/n更/d是/vshi达到/v了/ule50%/m！/wt
北京/ns时间/n12月/t15日/t消息/n，/wd两分/m球/n11/d投/v5/b中/f，/wd三分/m球/n1/ad投/v0/n中/f，/wd13分/t8/a个/q篮板/n2/n次/qv助攻/vn，/wd这/rzv是/vshi易/ad建/v联在/v广东队/nt105-91/m大胜/v江苏队/nt的/ude1比赛/vn中/f的/ude1数据/n。/wj
单/d从/p数据/n看/v，/wd易建联/nr的/ude1表现/vn一般/uyy，/wd但/c在/p比赛/vn中/f，/wd他/rr在/p防守/v端/v相当/d积极/a，/wd很/d好/a地/ude2拱/v卫/v了/ule禁区/n，/wd有/vyou3/n次/qv抢断/v，/wd其中/rz一/m次/qv高/a难度/n空中/s接力/vn，/wd更/d是/vshi引得/v现场/s球迷/n欢呼/v尖叫/vi。/wj
第三/m节/q还/d剩/v8分/t20秒/t左右/f，/wd江苏队/nt沿/p左侧/f边线/n推进/vi，/wd刚/d过/uguo中场/s想/v要/v传球/vi时/ng，/wd易建/nr联/vg斜/ad刺杀/v出/vf，/wd直接/ad将/p球/n断/v掉/v，/wd江苏队/nt伺机/d反/vi断/v未果/v，/wd易建/nr联/vg控制/v住/vi皮球/n后/f，/wd见/v鲍威尔/nrf已经/d快/a下/f，/wd眼前/s一/m片/q空旷/a，/wd恰到好处/al地/ude2传球/vi，/wd帮助/v队友/n完成/v一/m次/qv空中/s接力/vn。/wj
这/rzv是/vshi易建联/nr本/n场/qv比赛/vn的/ude1第2/m次/qv个人/n抢断/v，/wd从/p这个/rz球/n明显/ad可以/v看出/v，/wd他/rr在/p防守/v端/v的/ude1积极性/n很/d高/a，/wd很/d有/vyou侵略/vn性/ng。/wj
谁/ry都/d知道/v，/wd即便/c有/vyou两/m个/q外援/n，/wd易建联/nr也/d是/vshi广东/ns队/n的/ude1绝对/a核心/n——/wp尤其/d是/vshi在/p进攻/v端/v。/wj
但是/c，/wd进攻/v必然/d有/vyou手感/n不好/a的/ude1时候/n，/wd一旦/d在/p进攻/v端/v打/v不/d开/v，/wd就/d要/v想/v办法/n先/d立足/vi防守/v，/wd以/p守/v带/v攻/v。/wj
这/rzv场/qv比赛/vn，/wd易建联/nr就/d是/vshi这么/rz做/v的/ude1，/wd上半场/n他/rr的/ude1中/f投/v手感/n并/cc不好/a，/wd屡屡/d打铁/vi，/wd但/c正/d如/v这/rzv次/qv抢断/v展现/v出来/vf的/ude1，/wd在/p进攻/v不/d在/p状态/n的/ude1情况/n下/f，/wd他/rr没有/v和/cc手感/n较劲/v，/wd而是/c在/p防守/vn上/f帮助/v球队/n。/wj
完成/v这/rzv次/qv抢断/vn和/cc助攻/vn之后/f，/wd江苏队/nt再次/d组织/v进攻/vn，/wd又/d给/v了/ule易建/nr联/vg防守/vn和/cc进攻/v两/m头/q发光/vi的/ude1机会/n，/wd而且/c这/rzv次/qv更为/d精彩/a，/wd说/v是/vshi本/rz场/qv比赛/vn最佳/z镜头/n，/wd都/d一点儿/mq都/d不/d为/v过/uguo。/wj
第三/m节/q还/d剩/v7分/t55秒/t，/wd江苏/ns队/n的/ude1进攻/vn还/d是/vshi一样/a的/ude1路线/n，/wd一样/a的/ude1地点/n，/wd易建联/nr用/v一样/uyy的/ude1方式/n再次/d直接/ad抢断/v成功/an，/wd同样/b地/n，/wd怀特/nrf也/d早已/d快/a下/f，/wd阿/b联/vg适时/ad将/p球/n传出/v，/wd眼看/d又/d要/v成就/n队友/n的/ude1一/m次/qv暴/ad扣/v。/wj
但/c这时候/rzt怀特/nrf并未/d贪/v功/n，/wd而是/c选择/v将/p球/n抛/v向/p篮筐/n附近/f，/wd因为/c他/rr看到/v了/ule刚刚/d完成/v抢断/v的/ude1易建联/nr已经/d跟进/v，/wd结果/n——/wp阿/b联/vg高高/d跃起/v，/wd身体/n在/p空中/s完全/ad舒展/v，/wd接/v球/n后/f滑翔/vi着/uzhe将/p球/n直接/ad扣/v进/vf篮筐/n。/wj
这/rzv次/qv高/a难度/n的/ude1空中/s接力/vn，/wd将/p现场/s观众/n的/ude1情绪/n撩拨/v到/v了/ule最高点/n。/wj
易建联/nr的/ude1比赛/vn积极性/n，/wd并/cc不仅仅/d体现/v在/p抢断/v上/vf。/wj
第/m四/m节/q还/d剩/v7分钟/t时/ng，/wd广东/ns队/n三分/m不/d进/vf，/wd江苏/ns队/n两/m名/q防守/vn球员/n镇守/v篮下/s，/wd已经/d占据/v抢/v篮板/n的/ude1有利/a位置/n，/wd但/c这/rzv时候/n在/p防守/vn球员/n身后/f的/ude1易建联/nr来/vf了/ule一/m招/q猴子/n摘/v桃/n，/wd从/p后面/f拼/v下/vf前/f场/qv篮板/n，/wd二/m次/qv进攻/v将/p球/n补/v进/vf。/wj
