18日/t，/wd来自/v有着/v“/wyz九州/n之/uzhi首/ng”/wyy之/uzhi称/ng的/ude1河北省/ns冀州市/ns的/ude1近/a百/m名/q民间/n手工艺/n人/n云集/v该市/r境内/s106/m国道/n东侧/f的/ude1田园/n棉/ng文化/n园/ng，/wd展示/v了/ule那些/rz已/d逐渐/d淡/x出/vf人们/n视线/n和/cc濒临/v失传/vi的/ude1民间/n技艺/n。/wj
冀州市/ns第四/m届/q“/wyz田园/n棉/ng”/wyy杯/ng民俗/n文化/n节/q剪影/n在/p此间/rzs拉开/v帷幕/n。/wj
此次/rz文化/n节/n以/p“/wyz拯救/v民俗/n文化/n，/wd发展/v文化/n产业/n”/wyy为/p主题/n，/wd由/p中共/n冀州/ns市委/n宣传部/n主办/v，/wd冀州市/ns田园/n棉被/n服/v有限/a责任/n公司/n承办/vn。/wj
这/rzv是/vshi田园/n棉/ng公司/n继/vg2007年/m、/wn2009年/m、/wn2011年/m之后/f，/wd第四/m次/qv承办/v“/wyz田园/n棉/ng”/wyy杯/ng民俗/n文化/n节/n。/wj
参展/vn项目/n分为/v民间/n手工/n技艺/n和/cc民俗/n文化/n两/m大/a类/n，/wd其中/rz，/wd民间/n手工/n技艺/n类/q包括/v：/wm土/n纺/v土/n织/v、/wn补/v铁锅/n、/wn打/v锡/n壶/ng、/wn锔/x盆/n锔/x碗/n、/wn磨/v剪子/n戗/v菜刀/n、/wn刨/v笤帚/n等/udeng26/m项/q；/wf民俗/n文化/n艺术/n类/q包括/v：/wm紫/a燕/ng剪纸/n、/wn倒/vi糖/n画/n、/wn内/f画/v鼻烟壶/n、/wn田园/n绣/v坊/ng、/wn葫芦/n画/n等/udeng15/m项/q。/wj
本次/r文化/n节/n的/ude1最/d大/a亮/a点/qt在于/v，/wd再现/v了/ule那些/rz已/d逐渐/d淡/x出/vf人们/n视线/n和/cc濒临/v失传/vi的/ude1民间/n技艺/n。/wj
现场/s，/wd既/c有/vyou“/wyz锔/x盆子/n锔/x碗/n锔/x大/a缸/n，/wd锔/x的/ude1大/a缸/n不/d漏/v汤/n”/wyy的/ude1吆喝声/n，/wd也/d有/vyou“/wyz磨/v剪子/n戗/v菜刀/n”/wyy的/ude1磨刀/vi嚯/x嚯/x声/ng，/wd既/c有/vyou补/v锅/n师傅/n补/v锅/n的/ude1刺/n啦/y声/ng，/wd也/d有/vyou打/v锡/n壶/ng的/ude1老/a先生/n精/a雕/vg细/ad琢/v的/ude1敲打/v声/qv。/wj
走/v进/vf田园/n棉/ng的/ude1绣/v坊/ng，/wd一/m种/q木质/n的/ude1特殊/a声音/n吸引/v了/ule人们/n的/ude1视线/n。/wj
田园/n棉/ng公司/n的/ude1“/wyz织女/n”/wyy们/k正在/d用/v最/d具/vg中国/ns特色/n的/ude1织布机/n织/v着/uzhe粗布/n。/wj
只见/v她/rr们/k手中/s梭子/n来回/vd穿/v游/ng，/wd脚下/f的/ude1蹬/v子/ng上下/f翻飞/vi，/wd色彩斑斓/vl的/ude1丝线/n如同/v一/m条/q条/q的/ude1彩虹/n融/vi进/vf具有/v千年/m纺织/n文化/n积淀/vn的/ude1织布机/n中/f。/wj
26/m岁/qt的/ude1残疾/n女孩/n孙志成/nr是/vshi本届/r文化/n节/n的/ude1焦点/n，/wd她/rr的/ude1拿手/a绝活/n是/vshi内/f画/v鼻烟壶/n。/wj
由于/p身体/n重度/b瘫痪/vi，/wd只/d有/vyou小/a臂/ng和/cc双手/n可以/v活动/vn，/wd所以/c准备/v工作/vn全/d靠/v妈妈/n帮忙/vi。/wj
接/v过/uguo画笔/n，/wd志成/nr2便/d开始/v了/ule现场/s展示/v。/wj
只见/v她/rr左手/n以/p桌子/n为/p支点/n，/wd费力/a地/ude2托/v着/uzhe鼻烟壶/n，/wd右手/n艰难/a地/ude2握/v着/uzhe画笔/n，/wd一点一点/m地/ude2勾画/v着/uzhe。/wj
她/rr的/ude1面前/f，/wd摆/v着/uzhe花鸟/n、/wn山水/n、/wn人物/n等/udeng内/f画/v鼻烟壶/n作品/n，/wd那/rzv是/vshi志/n成/v全部/m的/ude1骄傲/an。/wj
在/p各种/rz成品/n展示/v中/f，/wd一个/mq画/n有/vyou清明上河图/n的/ude1葫芦/n引起/v了/ule记者/n的/ude1注意/vn。/wj
据/p了解/v，/wd这/rzv是/vshi何胜旺/nr历时/vi三年/m才/d完成/v的/ude1作品/n，/wd在/p展台/n附近/f的/ude1一个/mq老者/n知道/v后/f，/wd特意/d来到/v这个/rz年轻人/n身边/s说道/v：/wm“/wyz好/a啊/y！/wt
我们/rr的/ude1老/a手艺/n能/v让/v你/rr这个/rz年龄/n的/ude1小伙子/n喜欢/vi而且/c投入/v其中/rz，/wd看来/v我们/rr的/ude1传统/n文化/n的/ude1传承/vn是/vshi有/vyou希望/n了/y。/wj
”/wyy“/wyz这样/rzv的/ude1活动/vn我们/rr公司/n还/d会/v一如既往/vl地/ude2举办/v下去/vf，/wd继续/v支持/v冀州/ns文化/n事业/n发展/vn，/wd为/p民间/n工艺/n的/ude1挖掘/vn、/wn整理/v和/cc保护/v尽/vi绵薄/n之/uzhi力/n。/wj
”/wyy目前/t，/wd冀州市/ns田园/n棉/ng手/n织布/vi已/d列入/v第五/m批/q省级/b非/b物质/n文化/n遗产/n名录/n，/wd田园/n棉/ng公司/n总经理/n阴宗杰/nr说/v，/wd“/wyz把/pba冀州/ns的/ude1民间/n工艺/n推向/v全国/n、/wn推向/v世界/n”/wyy的/ude1愿望/n又/d向前/vi迈进/vi了/ule一/m大/a步/qv。/wj
天下/n九州/n，/wd冀州/ns为首/vi；/wf夏/tg铸/v九鼎/n，/wd冀鼎/nr最/d重/a。/wj
河北省/ns的/ude1简称/n“/wyz冀/b”/wyy便/d来源于/v此/rzs，/wd至今/d已/d有/vyou两千/m多/m年/qt的/ude1建制/n历史/n。/wj
上古/t时期/n，/wd禹/nr1划/v野/ng分/v州/n，/wd冀州/ns列为/v“/wyz九州/n之/uzhi首/ng”/wyy。/wj
冀州/ns自古/d儒/ng风/n昌盛/an，/wd人杰地灵/vl。/wj
“/wyz头/n悬梁/v、/wn自/p勤苦/a”/wyy的/ude1孙敬/nr，/wd北燕/nr国君/n冯/nr1跋/ng、/wn冯弘/nr，/wd北/f魏/nr1女/b改革家/n冯/nr1太后/n，/wd东晋/t著/vi名/q高僧/n释道安/nr等/udeng历史/n文化/n名人/n都/d出自/v冀州/ns。/wj
(/wkz完/vi)/wky包括/v土耳其/nsf、/wn伊朗/nsf、/wn巴基斯坦/nsf、/wn意大利/nsf、/wn韩国/nsf、/wn西班牙/nsf、/wn巴西/nsf、/wn德国/nsf、/wn印尼/ns、/wn墨西哥/nsf、/wn黎巴嫩/nsf、/wn香港/ns、/wn台湾/ns等/udeng13/n个/q国家/n和/cc地区/n的/ude186/m家/q境外/s参展/vn企业/n在内/u的/ude1中国/ns(/wkz云/n浮/v)/wky国际/n石材/n节/n，/wd18日/t分别/d在/p中国/ns?/ww
云/n浮/v国际/n石材/n产业/n城/n和/cc云/n浮/v国际/n石材/n博览/vn中心/n开幕/vi现场/s看到/v，/wd国外/s矿山/n企业/n展位/n面积/n也/d比/p上届/b有/vyou大幅/d增加/v，/wd其中/rz来自/v土耳其/nsf的/ude1企业/n就/d有/vyou36/m家/q，/wd展位/n面积/n8495/m平方米/q；/wf伊朗/nsf31/m家/q，/wd展位/n面积/n1993/m平方米/q。/wj
当中/f大部分/m国外/s矿山/n企业/n的/ude1参展/vn产品/n都/d是/vshi首/m次/qv在/p中国/ns市场/n亮相/vi的/ude1新/a产品/n。/wj
作为/p广东/ns最/d年轻/a地级/b市/n的/ude1云/n浮/v，/wd有/vyou“/wyz石/ng都/d”/wyy、/wn“/wyz石乡/nr”/wyy之/uzhi称/ng，/wd发展/v历程/n达/v400/m多/m年/qt，/wd是/vshi正在/d逐步/d成为/v中国/ns最/d大/a的/ude1石/nr1工艺加工/n区/n、/wn销售/vn集散地/n，/wd亦/d是/vshi海内外/s石/ng艺/ng领域/n的/ude1奇葩/n和/cc产业/n亮点/n。/wj
据/p云浮市/ns市长/n卓志强/nr介绍/v，/wd云/vg浮/v以/p“/wyz石/ng”/wyy名/ng扬/vg海内外/s，/wd全市/n拥有/v石材/n企业/n4000/m多/m家/q，/wd近/v20/m万/m从业/b人员/n，/wd石材/n生产/vn能力/n及/cc年/qt销售量/n均/d位居/v中国/ns国内/s前列/n，/wd培育/v形成/v了/ule石材/n机械/n生产/vn、/wn石材/n装修/vn设计/vn、/wn石材/n产品/n护理/vn、/wn石材/n网上/s交易/n等/udeng完整/a的/ude1产业/n链条/n。/wj
据/p了解/v，/wd目前/t该市/r石材/n行业/n经营/vn的/ude1品种/n有/vyou各类/r大理石/n、/wn花岗岩/n、/wn板岩/n等/udeng13/d大/a系列/n，/wd23/m大/a门类/n，/wd1000/m多/m个/q花色/n品种/n，/wd拥有/v世界/n上/f任何/rz一/m种/q石材/n产品/n，/wd在/p世界/n五/m大/a洲/ng都/d能/v看到/v云/vg浮/v的/ude1石材/n产品/n。/wj
