今天/t上午/t，/wd首/m届/q上海/ns市民/n文化/n节/n?/ww
金山/n周/nr1首日/t活动/vn在/p石化/n社区/n文化/n活动中心/n举行/v。/wj
东方/s网/n记者/n裘颖琼/nr10月/t21日/t报道/v：/wm民乐/n、/wn龙/n狮/ng、/wn莲湘/nr2、/wn腰鼓/n…/ws
…/ws
一/m个/q个/q金/b山/n特色/n文化/n项目/n，/wd以/p千/m人/n展演/vn的/ude1形式/n，/wd将/d连续/ad7/v天/qt在/p金山/nz全区/n进行/vx展示/vn。/wj
今天/t上午/t，/wd首/m届/q上海/ns市民/n文化/n节/n?/ww
金山/n周/nr1首日/t活动/vn在/p石化/n社区/n文化/n活动中心/n举行/v，/wd精心/ad酝酿/v的/ude1“/wyz七/m个/q千/m人/n”/wyy大型/b展示/vn活动/vn之一——/rz“/wyz千/m人/n村/n居/v团队/n秀/ag”/wyy率先/d登场/vi。/wj
东方/s网/n记者/n在/p现场/s看到/v，/wd“/wyz千/m人/n村/n居/v团队/n秀/ag”/wyy由/p金山区/ns各个/rz优秀/a团队/n分组/vd分块/v进行/vx表演/vn，/wd再/d进行/vx集体/n展示/v。/wj
这些/rz团队/n中/f，/wd包括/v了/ule舞蹈/n、/wn戏曲/n、/wn合唱/vn、/wn民乐/n、/wn舞/v龙/n等/udeng，/wd他们/rr都/d编排/v出/vf了/ule自己/rr的/ude1特色/n节目/n，/wd有些/rz村级/b文艺/n团队/n还/d聘请/v了/ule专业/n老师/n进行/vx辅导/vn。/wj
今年/t3月/t以来/f，/wd首/m届/q上海/ns市民/n文化/n节/n活动/vn在/p金山/n如火如荼/al进行/vx，/wd先后/d开展/v了/ule“/wyz文化/n服务/vn日/ng”/wyy、/wn“/wyz社区/n日/ng”/wyy等/udeng活动/vn，/wd10月/t21日/t至/p10月/t27日/t又/d将/d迎来/v“/wyz金山周/nr”/wyy活动/vn。/wj
据/p介绍/v，/wd金山周/nr活动/vn将/d结合/v金山/nz文化/n特色/n和/cc优势/n，/wd在/p金山区/ns各/rz街/n镇/n文化/n广场/n或/c学校/n，/wd用/p一/m周/qt的/ude1时间/n集中/ad开展/v“/wyz七/m个/q千/m人/n”/wyy大型/b展示/vn活动/vn，/wd即/v：/wm千/m人/n村/n居/v团队/n秀/ag、/wn千/m人/n莲湘/nr2、/wn千/m人/n龙/n狮/ng舞/v、/wn千/m人/n腰鼓/n、/wn千/m人/n秧歌/n、/wn千/m人民/n乐/ng、/wn千/m人/n广场/n舞/v。/wj
观众/n将/d从/p这些/rz展示/v活动/vn中/f，/wd欣赏/v领略/v到/v金山区/ns“/wyz一/m镇/n一品/b”/wyy、/wn“/wyz一/m村/n（/wkz居/v）/wky一/m队/n”/wyy的/ude1特色/n文化/n。/wj
记者/n获悉/v，/wd2009年/m，/wd廊/ng下/f莲湘/nr2被/pbei列入/v第二/m批/q上海市/ns非/b物质/n文化/n遗产/n名录/n，/wd廊/ng下人/n将/d打/v莲湘/nr2作为/p一/m种/q生活/vn方式/n，/wd农民/n在/p劳动/vn之/uzhi余/ng引吭高歌/vl，/wd敲打/v莲/ng湘/b，/wd表达/v着/uzhe对/p生活/vn的/ude1热爱/vn。/wj
10月/t22日/t，/wd将/d有/vyou千/m名/q演员/n在/p廊/ng下/f镇/n生态/n园/ng莲湘/nr2广场/n进行/vx莲/ng湘/b表演/vn。/wj
金山/nr2的/ude1腰鼓/n街/n知/v巷/ng闻/v，/wd名声/n在/p外/f。/wj
在/p10月/t23日/t的/ude1亭/ng林/ng镇/n文化/n广场/n，/wd将/d由/p少/a、/wn中/b、/wn青/a、/wn老/a演员/n一齐/d参与/v千/m人/n腰鼓/n的/ude1表演/vn。/wj
金山区/ns素有/v舞/v龙/n舞狮/vi的/ude1民间/n节庆/nz习俗/n，/wd吕/nr1巷/ng镇/n是/vshi其中/rz的/ude1佼佼者/n。/wj
本次/r的/ude1千/m人/n龙/n狮/ng舞/v，/wd由/p吕/nr1巷/ng镇/n为主/vi，/wd镇/n队/n、/wn村/n居/v队/n和/cc学校/n队/n参与/v其中/rz，/wd10月/t24日/t在/p吕/nr1巷/ng镇/n蟠桃/n广场/n共/d舞/v。/wj
近年来/dl，/wd广场/n健身/vn风/n“/wyz吹/v遍/qv”/wyy金/b山/n全镇/n，/wd每天/r早/a晚/tg，/wd在/p区/n的/ude1各个/rz广场/n，/wd不少/m居民/n群众/n自发/d在/p广场/n及/cc公园/n翩翩起舞/vl，/wd场面/n颇为/d壮观/a。/wj
10月/t25日/t，/wd在/p张/nr1堰/ng镇政府/n前/f的/ude1市民/n广场/n，/wd将/d有/vyou一千/m人/n同时/c起舞/vi和/cc展示/v。/wj
金山/nr2的/ude1山/n阳/nr1镇/n是/vshi远近闻名/nl的/ude1民乐/n之/uzhi乡/n，/wd全镇/n有/vyou一/m万/m多/m人/n学习/v过/uguo民乐/n。/wj
近年来/dl，/wd山/n阳/nr1民乐/n不断/d创新/vi，/wd在/p以/p演奏/v优美/a江南/ns丝竹/n的/ude1基础/n上/f，/wd采用/v鼓乐/n合奏/vn等/udeng气势/n磅/q礴/x的/ude1形式/n，/wd创作/v和/cc编排/v了/ule一个/mq个/q让/v观众/n耳目一新/nl、/wn催/v人/n振奋/v的/ude1节目/n。/wj
10月/t26日/t的/ude1千/m人民/n乐/ng，/wd将/d进行/vx不同/a器乐/n的/ude1乐队/n分组/vn与/cc集合/v演奏/v千/m人/n表演/vn。/wj
10月/t27日/t的/ude1秧歌/n千/m人/n展示/v，/wd将/d由/p各个/rz秧歌/n团队/n在/p金山/nz工业区/n文化/n广场/n进行/vx展示/vn。/wj
途/ng牛/n旅游/vn网/n倾/vi情/n打造/v的/ude1“/wyz生日/n，/wd请客/vi”/wyy特惠/nr2活动/vn将/d在/p10月/t22日/t至/p10月/t28日/t闪亮/v登场/vi。/wj
活动/vn期间/f，/wd消费者/n预订/vn指定/vn活动/vn线路/n的/ude1特定/b团/n期/qv产品/n，/wd即/d可/v享受/v“/wyz途/ng牛/n七/m周年/q”/wyy特/ag惠/ng，/wd不仅/c有/vyou出境/vi游/v线路/n每/rz单/d最高/a立/v减/v7777/m元/q；/wf还有/v热门/a国内/s线路/n每/rz单/d最高/a立/v减/v1777/m元/q；/wf更/d推出/v了/ule多/m条/q“/wyz七/m囍/x”/wyy线路/n产品/n，/wd涵盖/v多/m个/q出发/vi城市/n的/ude1周边/n游/v线路/n，/wd优惠/vn力度/n空前/a，/wd名额/n数量/n众多/m。/wj
黄山/ns是/vshi中国/ns十/m大/a风景/n名胜/n之一/rz，/wd不仅/c是/vshi世界/n文化/n和/cc自然/n遗产/n，/wd还是/c首/m批/q世界/n地质/n公园/n。/wj
非常/d值得一提的是/vl，/wd黄山/ns是/vshi中国/ns同时/c拥有/v世界/n自然/n遗产/n、/wn世界/n文化/n遗产/n和/cc世界/n地质/n公园/n三/m项/q世界级/b“/wyz桂冠/n”/wyy的/ude1自然/n奇观/n和/cc旅游/vn胜地/n。/wj
秋天/t的/ude1黄山/ns更/d有/vyou一番/mq韵味/n，/wd游客/n可以/v尽情/d领略/v黄山/ns之/uzhi美/ng，/wd满足/v所有/b对/p黄山/ns的/ude1期待/vn和/cc向往/vn。/wj
西安/ns，/wd举世闻名/vl的/ude1世界/n四/m大/a古都/n之一/rz，/wd是/vshi中国/ns历史/n上/f建都/vi时间/n最/d长/a、/wn建都/vn朝代/n最/d多/a、/wn影响力/n最/d大/a的/ude1都城/n，/wd也/d是/vshi中华民族/n的/ude1摇篮/n。/wj
无论/c您/rr到/v西安/ns是/vshi看/v古迹/n、/wn叹/v古今/n，/wd还是/c游/v古都/n、/wn品/v美食/n，/wd都/d有/vyou最/d合适/a的/ude1选择/vn。/wj
八百/m里/q秦川/ns精华/n，/wd途/ng牛/n带/v您/rr畅游/v！/wt
九寨沟/ns以/p三/m沟/n一百一十八/m海/n为/p代表/n，/wd包括/v五/m滩/q十二/m瀑/ng，/wd十/m流/v数十/m泉/ng等/udeng水景/n，/wd与/p九/m寨/ng十二/m峰/q联合/vd组成/v高/a山谷/n自然/n景观/n。/wj
原始/a的/ude1生态/n环境/n中/f，/wd是/vshi一尘不染/vl的/ude1清新/a空气/n和/cc雪山/n、/wn森林/n、/wn湖泊/n组合/vn而/cc成/v的/ude1神妙/an、/wn奇幻/a、/wn幽美/a的/ude1自然/n风光/n。/wj
这/rzv“/wyz人间/n仙境/n”/wyy有着/v美丽/a的/ude1四季/n：/wm春天/t妩媚/a，/wd仲夏/t绚丽/a，/wd深秋/t浓艳/a，/wd隆冬/t神奇/an。/wj
