10月/t20日/t下午/t，/wd2013/m全国/n重点/n网络/n媒体/n江苏/ns红色/n旅游/vn行/n活动/vn新闻/n发布会/n暨/cc2013年/m网/n民/ng最/d喜爱/v的/ude1江苏/ns春季/t赏/v花/v胜地/n颁奖/vn活动/vn在/p南京/ns举行/v。/wj
此次/rz江苏/ns红色/n旅游/vn推广/vn活动/vn由/p江苏省/ns旅游局/nt和/cc新华/nz报/n业/ng传媒/n集团/n联合/vd举办/v，/wd中国/ns江苏/ns网/n独家/d承办/v。/wj
来自/v江苏/ns省委/n宣传部/n、/wn省/n旅游局/nt和/cc省内/s部分/n旅游/vn景区/n的/ude1嘉宾/n，/wd以及/cc全国/n45/m家/q主流/n媒体/n记者/n共计/v百/m余/m人/n参加/v了/ule此次/rz江苏/ns红色/n旅游/vn推广/vn活动/vn的/ude1新闻/n发布会/n。/wj
据/p了解/v，/wd活动/vn将/d从/p20日/t在/p南京/ns正式/ad启动/v，/wd25日/t在/p徐州/ns结束/v，/wd历时/vi6/vg天/n。/wj
来自/v中央/n新闻/n网站/n、/wn著/vi名/q商业/n门户/n、/wn省级/b主流/n新闻网/n站/vi和/cc省内/s重点/n传统/n媒体/n的/ude1近/a50/m名/q记者/n将/d沿途/d经过/p南京/ns、/wn镇江/ns、/wn泰州/ns、/wn南通/ns、/wn盐城/ns、/wn淮安/ns、/wn宿迁/ns和/cc徐州/ns8/a个/q市/n，/wd考察/v采访/v众多/m经典/n红色/n旅游/vn景区/n，/wd如/v南京/ns雨花台/ns、/wn镇江/ns茅山/ns新四军/n纪念馆/n淮安/ns周恩来/nr故居/n和/cc纪念馆/n等/udeng。/wj
通过/p网/n媒/ng记者/n的/ude1采风/vn和/cc报道/v，/wd必/d充分/ad展示/v全省/n红色/n旅游/vn资源/n和/cc提高/v全省/n红色/n旅游/vn品牌/n，/wd助推/vn美好/a江苏/ns欢乐/an游/v活动/vn再/d上/vf台阶/n。/wj
据/p江苏省/ns旅游局/nt信息/n中心/n主任/n周晓平/nr介绍/v，/wd江苏/ns红色/n旅游/vn发展/vn迅/ag猛/x，/wd江苏/ns全省/n分布/vi近/v300/m处/q红色/n旅游点/n。/wj
统计/v显示/v，/wd江苏/ns已经/d有/vyou二十/m多/m家/q红色/n旅游/vn景区/n进入/v全国/n红色/n旅游/vn经典/n景区/n名录/n，/wd全省/n红色/n旅游/vn景区/n年/qt接待/v游客/n突破/v5千/m万/m人次/qv，/wd红色/n旅游/vn已经/d成为/v江苏/ns推广/v旅游/vn品牌/n和/cc吸引/v广大/b游客/n重要/a部分/n。/wj
江苏/ns红色/n旅游/vn资源/n，/wd不仅/c是/vshi极其/d珍贵/a的/ude1文化/n遗产/n，/wd也/d是/vshi进行/vx生动/a的/ude1革命/vn传统/n教育/vn的/ude1不可/v替代/v的/ude1教材/n;/wf不仅/c是/vshi具有/v多种/m功能/n和/cc价值/n的/ude1旅游/vn资源/n，/wd也/d是/vshi具有/v中国/ns特色/n的/ude1专题/n旅游/vn资源/n。/wj
从/p2008年/m起/q，/wd江苏/ns各地/rzs一/m大/a批/q红色/n旅游/vn景区/n免费/vd开放/v以来/f，/wd不仅/c游客/n成倍/d增长/v，/wd还/d推动/v了/ule整个/b旅游/vn产业/n和/cc其他/rzv服务业/n的/ude1大力/d发展/v。/wj
作为/p江苏/ns重点/n打造/v的/ude1一部分/m旅游/vn资源/n，/wd红色/n旅游/vn已经/d成为/v全省/n旅游/vi一/m支/q靓/x丽/ag的/ude1鲜花/n，/wd将/d在/p火红/z的/ude1旅游/vn大潮/n中/f越/d开/v越/d艳/a。/wj
启动/v仪式/n上/f，/wd还/d公布/v了/ule2013年/m网/n民/ng最/d喜爱/v的/ude1江苏/ns春季/t赏/v花/v胜地/n具体/a获奖/vn名单/n。/wj
“/wyz最/d具/vg潜力/n赏/v花/n胜/v境/ng”/wyy、/wn“/wyz名花/n胜/v境/ng”/wyy、/wn“/wyz十/m大/a赏/v花/v胜地/n”/wyy在/p发布会/n上/f也/d依次/d揭晓/vi。/wj
刚刚/d过去/vf的/ude1这个/rz国庆/n“/wyz黄金/n周/nr1”/wyy，/wd乐山/ns旅游/vn又/d一/m次/qv迎来/v了/ule游客/n高峰/n。/wj
据/p统计/v，/wd全市/n共/d接待/v中外/b游客/n244./m55/m万/m人次/qv，/wd实现/v旅游/vn总收入/n22./m46亿/m元/q，/wd同比/n分别/d增长/v16./m54%/m和/cc23./m04%/m，/wd旅游/vi接待/v人次/qv、/wn旅游/vn综合/vn收入/n均/d创下/v历史/n新高/n。/wj
是/vshi什么/ry在/p吸引/v游客/n纷至沓来/vl？/ww
在/p世界/n自然/d与/p文化/n遗产/n峨眉山/ns-/n乐山/ns大佛/n景区/n，/wd人们/n凌晨/t4点/t就/d起床/vi登/v车/n奔/v金/ng顶/v去/vf看/v被/pbei誉为/v“/wyz秀/ag绝/vg天下/n”/wyy的/ude1云海/n日出/vi，/wd不/d远/a万/m里/q而/cc来/vf只/d为/v下/vf九/m曲/q栈道/n一/m睹/vg世界/n最/d大/a石刻/n弥勒佛/n坐像/n的/ude1尊容/n。/wj
“/wyz黄金/n周/nr1”/wyy期间/f，/wd峨眉山/ns单日/b接待/vn量/n逾/vg4./m5/b万/m人次/qv，/wd乐山/ns大佛/n单日/b接待/vn量/n逾/vg5./m1/a万/m人次/qv，/wd双双/m刷新/v景区/n历史/n纪录/n。/wj
除了/p享誉/v世界/n的/ude1“/wyz双/m遗/vg”/wyy，/wd乐山市/ns内/f其他/rzv景区/n景点/n也/d受到/v热/k捧/v。/wj
在/p沙/n湾/ng郭沫若/nr故居/n，/wd人们/n探访/v绥/b山/n山/n馆/ng寻找/v一代/n文豪/n成长/vi的/ude1足迹/n；/wf在/p犍/x为/p嘉/b阳/b矿山/n公园/n，/wd人们/n乘坐/v着/uzhe有/vyou“/wyz工业革命/nl活化石/n”/wyy之/uzhi称/ng的/ude1小/a火车/n下/vf矿井/n体验/vn煤矿/n的/ude1开采/vn；/wf在/p峨边/ns黑竹/n沟/n，/wd人们/n背上/v行囊/n穿越/v丛林/n探寻/v“/wyz中国/ns百慕大/nsf”/wyy的/ude1神秘/a；/wf在/p马/n边/k大风/n顶/ng，/wd人们/n徜徉/vi高山/n草甸/n期待/v与/p国宝/n大熊猫/n的/ude1偶遇/vn…/ws
…/ws
值得一提的是/vl，/wd在/p更/d早/a前/f的/ude1今年/t9月/t23日/t和/cc24日/t，/wd出席/v第十二/m届/q世界/n华/ag商/vg大会/n的/ude1部分/n嘉宾/n，/wd也/d前往/v领略/v了/ule峨眉山/ns-/n乐山/ns大佛/n的/ude1非凡/z魅力/n，/wd使得/vi乐山/ns成为/v本届/r华/b商/n大会/n与会/vn嘉宾/n考察/v的/ude1四川/ns唯一二/b级/n城市/n。/wj
大佛/n的/ude1雄伟/a、/wn峨眉/ns的/ude1秀美/a，/wd给/p常年/d在/p外/f参观/v考察/v的/ude1华商/nr2代表/n们/k留下/v了/ule深刻/a印象/n。/wj
马来西亚/nsf常青/z集团/n董事局/n主席/n张晓卿/nr说/v，/wd“/wyz一/m到/v乐山/ns就/d像/v进入/v了/ule天然/b氧/n吧/y。/wj
”/wyy“/wyz乐山市/ns内/f有/vyou国家级/b旅游/vn资源/n30/m余/m处/q，/wd已/d建成/v国家/nA/x级/n旅游/vn景区/n17/ns家/n，/wd其中/rz：/wm5A/x级/q景区/n2/b处/n、/wn4A/x级/q景区/n6/vg处/n。/wj
”/wyy双/m遗产/n所在地/n，/wd处处/d皆/d是/vshi风景/n，/wd大自然/n的/ude1鬼斧神工/bl雕/vg饰/v出/vf钟灵/nr2毓秀/nr2，/wd历代/n先贤/n则/d赋予/v了/ule这/rzv一/m方/q山水/n文化/n的/ude1灵魂/n。/wj
但/c资源/n并/cc不/d等于/v资金/n和/cc客源/n，/wd抱/v着/uzhe金/b碗/n讨饭/vi的/ude1例子/n很多/m，/wd如何/ryv才/d能/v既/c保护/v好/a又/d利用/v好/a资源/n？/ww
回首/vi乐山/ns旅游/vi的/ude1历程/n，/wd创新/vi驱动/v是/vshi发展/v的/ude1关键/n。/wj
作为/p全国/n首/m批/q对外/vd开放/v城市/n，/wd“/wyz乐/a善/dg至/v美/ng，/wd创新/vn力/n行/ng”/wyy的/ude1乐山/ns人/n不乏/v“/wyz敢/v为/p天下/n先/d”/wyy的/ude1气魄/n。/wj
在/p峨眉山/ns，/wd全/d山上/s下/f开始/v了/ule上/vf档/ng升级/vi的/ude1热潮/n，/wd在/p金/ng顶/v新建/v的/ude1四面/f十方/n普/ag贤/ng像/v成为/v峨眉山/ns新/a的/ude1标志/n。/wj
在/p乐山/ns大佛/n，/wd先后/d进行/vx了/ule7/a次/qv大规模/b的/ude1维修/vn保护/vn，/wd新建/v的/ude1嘉定/ns坊/ng街区/n被/pbei国内外/s游客/n誉为/v现代/t乐山/ns版/n的/ude1“/wyz清明上河图/nz”/wyy。/wj
在/p市内/s其他/rzv景区/n，/wd景点/n开发/vn、/wn基础设施/n和/cc配套/vn工程建设/n同样/d如火如荼/al。/wj
“/wyz肯德基/nz冰块/n门/n”/wyy事件/n让/v自制/v冰块/n的/ude1监管/vn空白/n问题/n成为/v消费者/n关注/v的/ude1焦点/n。/wj
值得/v注意/v的/ude1是/vshi，/wd除了/p部分/m餐饮/n企业/n自制/v的/ude1食用/vn冰块/n，/wd还/d有/vyou众多/m制/v冰/n企业/n生产/vn的/ude1食用/vn冰/n在/p市面/n上/f流通/vi。/wj
行业/n数据/n显示/v，/wd北京/ns夏季/t食用/v冰/n流通/vn市场/n的/ude1总产值/n大约/d5亿/m～/ws
8亿/m元/q，/wd但/c全/a北京/ns有/vyou正规/a资质/n的/ude1食用/vn冰/n制造/vn企业/n只有/c6/vg家/n，/wd市场/n上/f超过/v80%/m的/ude1食用/vn冰/n都/d是/vshi没有/v资质/n工厂/n生产/vn的/ude1“/wyz黑冰/nr”/wyy。/wj
制/v冰/n行业/n人士/n透露/v，/wd一/m包/q5kg/x的/ude1食用/vn冰块/n市场/n一般/ad卖/v10/n元/q，/wd正规/a厂家/n低于/v6/vg元/q出售/v肯定/v赔钱/vi，/wd但/c“/wyz黑冰/nr”/wyy一/m包/q的/ude1成本/n不/d会/v超过/v3/n元/q。/wj
大量/m“/wyz黑冰/nr”/wyy的/ude1存在/v搅乱/v了/ule市场/n，/wd正规/a制/v冰/n厂/n很多/m濒临/vd破产/vi。/wj
北京/ns仅/d6/vg家/n正规/a食用/vn冰/n厂/n餐饮/n企业/n的/ude1自制/vn冰块/n只是/d食用/v冰/n市场/n的/ude1“/wyz冰山/n一/m角/q”/wyy，/wd目前/t市场/n上/f还/d流通/vi着/uzhe大量/m由/p制/v冰/n厂/n生产/vn的/ude1食用/vn冰块/n。/wj
