在/p17日/t国务院/nt新闻办/n新闻/n发布会/n上/f，/wd住房/n和/cc城乡/n建设部/nt村镇/n建设司/n司长/n赵晖/nr表示/v，/wd我国/n已/d完成/v了/ule历史/n上/f首/m次/qv全国性/n传统/n村落/n摸底/vn调查/vn，/wd拟/v用/p3—5年/m时间/n，/wd建立/v中国/ns传统/n村落/n档/ng案/x，/wd制定/v全国/n传统/n村落/n保护/vn发展/vn中长期/n纲要/n，/wd建立/v濒危/vn警示/vn制度/n。/wj
传统/n村落/n是/vshi指/v聚居/vi年代久远/vl，/wd拥有/v丰富/a传统/n物质/n和/cc非/b物质/n形态/n文化/n遗产/n资源/n，/wd具有/v历史/n、/wn文化/n、/wn科学/n、/wn艺术/n、/wn社会/n、/wn经济价值/n，/wd应/v予以/vx保护/vn的/ude1村落/n。/wj
近些年/t来/f，/wd随着/p城镇/n化/v、/wn工业化/vn的/ude1快速/b发展/vn，/wd传统/n村落/n衰落/vi、/wn消失/vi的/ude1现象/n日益/d加剧/v。/wj
全国/n经/p调查/v上报/vi的/ude11./m2/b万/m多/m个/q传统/n村落/n仅/d占/v我国/n行政村/n的/ude11./m9%/m、/wn自然/n村落/n的/ude10./m5%/ns，/wd其中/rz有/vyou较/d高/a保护/vn价值/n的/ude1村落/n已/d不足/v5000/m个/q。/wj
这些/rz村落/n形成/v年代久远/vl，/wd清代/t以前/f的/ude1有/vyou80%/m，/wd元代/t以前/f的/ude1达/v1/a//w4/vi，/wd包含/v2000/m多/m处/q重点/n文物/n保护/vn单位/n，/wd有/vyou3000/m多/m个/q省级/b以上/f非/b物质/n文化/n遗产/n代表/n项目/n，/wd涵盖/v了/ule我国/n少数民族/n的/ude1典型/n聚落/n。/wj
据/p了解/v，/wd全国/n经过/p调查/vn，/wd上报/vi了/ule1./m2/b万/m个/q传统/n村落/n。/wj
这些/rz村落/n形成/v年代久远/vl，/wd其中/rz清代/t以前/f的/ude1占/v80%/m，/wd元代/t以前/f的/ude1占/v1/a//w4/vi，/wd包含/v2000/m多/m处/q重点/n文物/n保护/vn单位/n和/cc3000/m多/m个/q省级/b非/b物质/n文化/n遗产/n代表/n项目/n，/wd涵盖/v了/ule我国/n少数民族/n的/ude1典型/n村落/n。/wj
截至/v目前/t共有/v1561/m个/q中国/ns传统/n村落/n列入/v到/v传统/n村落/n名录/n中/f。/wj
目前/t两/m批/q，/wd1561/m个/q传统/n村落/n中/f云南/ns最/d多/a，/wd有/vyou294/m个/q，/wd贵州/ns次/a之/uzhi，/wd292/m个/q，/wd东部/f一些/mq经济/n发达/a省/n如/v浙江/ns、/wn广东/ns、/wn福建/ns也/d不/d少/a，/wd相对而言/c东北/s等/udeng一些/mq地区/n较/d少/a。/wj
这些/rz村落/n中/f，/wd既/c有/vyou云南/ns元/q阳/ag的/ude1哈尼族/nz村落/n、/wn贵州/ns黎平/ns的/ude1苗族/nz侗寨/n等/udeng拥有/v世界/n文化/n遗产/n的/ude1少数民族/n村落/n，/wd也/d有/vyou浙江/ns兰溪/ns的/ude1八卦/n村/n、/wn福建/ns南靖/ns的/ude1田螺/n坑/n村/n、/wn山西/ns祁县/ns的/ude1乔家/nr堡/ng等/udeng凝结/v着/uzhe具有/v传统/n智慧/n的/ude1精美/a村落/n。/wj
最/d南边/f的/ude1有/vyou海南/ns三亚/ns的/ude1保平村/nr，/wd最/d北/f的/ude1有/vyou黑龙江/ns黑河/ns的/ude1新生/n村/n，/wd充分/ad体现/v了/ule我们/rr国家/n文化/n的/ude1多样性/n。/wj
据/p介绍/v，/wd2013年/m中央/n财政/n为/p中国/ns传统/n村落/n保护/vn发展/vn规划/n编制/v提供/v了/ule一定/b的/ude1补助/vn资金/n。/wj
但/c抢救/v性/ng保护/v、/wn特色/n产业/n发展/vn等/udeng支持/vn措施/n明显/ad不足/v。/wj
而且/c，/wd一些/mq传统/n村落/n还/d面临/v着/uzhe过度/d开发/v等/udeng问题/n。/wj
“/wyz传统/n村落/n是/vshi活/v态/ng的/ude1、/wn发展/vn的/ude1，/wd保护/v工作/vn的/ude1难度/n比/p单项/n的/ude1文化/n遗产/n保护/v要/v大/a得/ude3多/a。/wj
”/wyy赵晖/nr认为/v，/wd当前/t还/d存在/v迫切/ad需要/v解决/v的/ude1一些/mq问题/n。/wj
一/m是/vshi传统/n村落/n发展/vn滞后/vn。/wj
很多/m传统/n村落/n分布/vi在/p贫困/a地区/n，/wd贫困/a人口/n比例/n比/p全国/n平均/a水平/n高/a7/a个/q百分点/m。/wj
二/m是/vshi支持/v力度/n不足/an。/wj
三/m是/vshi管理/v十分/m薄弱/a。/wj
管理/vn责任/n不/d清/a、/wn基层/n缺乏/v专职/b管理人员/n；/wf有法不依/vl、/wn破坏性/n建设/vn现象/n时有发生/vl。/wj
四/m是/vshi民众/n及/cc基层/n的/ude1保护/vn意识/n淡/x薄/a。/wj
“/wyz避免/v大/a规模/n低层次/n过度/vd旅游/vi开发/v，/wd除了/p对/p村落/n的/ude1旅游/vn开发/vn面积/n、/wn业态/n在/p规划/n上/f做/v限定/v以外/f，/wd还/d要/v提供/v更/d多/a疏导/vn的/ude1出路/n，/wd比如/v传统产品/n的/ude1开发研究/n等/udeng，/wd在/p保护/vn传统/n的/ude1同时/n，/wd也/d能/v提升/v当地/s居民/n的/ude1生活/vn水平/n。/wj
”/wyy赵晖/nr表示/v，/wd为了/p进一步/d做/v好/a传统/n村落/n的/ude1保护/vn工作/vn，/wd我国/n将/d开通/v传统/n村落/n公众/n网站/n，/wd将/p传统/n村落/n资料/n上网/v公开/a，/wd方便/v公众/n舆论/n监督/vn。/wj
同时/c建立/v传统/n村落/n警告/vn和/cc濒危/vn警示/vn制度/n，/wd建立/v取消/v名录/n认定/v、/wn追缴/v补助/vn资金/n、/wn依法/d查处/v有关/vn责任人/n的/ude1处分/vn制度/n。/wj
国务院/nt新闻办/n17日/t上午/t举行/v新闻/n发布会/n，/wd介绍/v改善/v农村/n人居/n环境/n工作/vn，/wd加强/v传统/n村落/n保护/vn发展/vn等/udeng方面/n情况/n。/wj
住房/n城乡/n建设部/nt村镇/n建设司/n司长/n赵晖/nr表示/v，/wd传统/n村落/n可以/v搞/v一些/mq旅游/vn开发/vn，/wd但是/c传统/n村落/n的/ude1功能/n不仅仅/d局限/vi于/p旅游/vn。/wj
赵晖/nr表示/v，/wd旅游/vn开发/vn利用/vn和/cc保护/vn是/vshi一个/mq比较/d难/a的/ude1问题/n，/wd也/d是/vshi全世界/n普遍性/n的/ude1问题/n，/wd至今/d各国/rzs还/d在/p继续/v研究/vn和/cc探索/vn。/wj
中国/ns在/p这/rzv方面/n做/v的/ude1缺陷/n比较/d明显/a，/wd旅游/vi利用/v过度/vd开发/v。/wj
传统/n村落/n可以/v搞/v一些/mq旅游/vn开发/vn，/wd但是/c传统/n村落/n的/ude1功能/n不仅仅/d局限/vi于/p旅游/vn。/wj
赵晖/nr进一步/d指出/v，/wd世界/n文化/n组织/v定义/n的/ude1文化/n遗产/n的/ude1概念/n已经/d非常/d全面/a，/wd文化/n遗产/n、/wn传统/n村落/n，/wd是/vshi有/vyou历史/n文化/n、/wn艺术/n、/wn科学/n、/wn经济/n、/wn社会/n等/udeng多方面/n功能/n，/wd旅游/vn只/d是/vshi其中/rz一/m个/q。/wj
保护/v传统/n村落/n的/ude1目的/n不仅仅/d是/vshi要/v体现/v和/cc利用/v发挥/v经济/n功能/n，/wd还要/d花/v更/d多/a的/ude1精力/n去/vf体现/v和/cc发挥/v历史/n文化/n功能/n、/wn艺术/n功能/n、/wn科学/n功能/n、/wn社会/n功能/n等/udeng。/wj
赵晖/nr强调/v，/wd过度/d旅游/vi开发/v现象/n的/ude1解决/vn，/wd除了/p对/p村落/n的/ude1旅游/vn开发/vn面积/n、/wn业态/n在/p规划/n上/f做/v一些/mq限定/v以外/f，/wd还要/d给/v一个/mq疏导/v的/ude1出路/n，/wd因为/c这些/rz地方/n都/d比较/d贫困/a。/wj
中国/ns旅游/vn过度/vd开发/v比较/d低层次/n，/wd大部分/m是/vshi一般/a的/ude1普通/a餐饮店/n、/wn商店/n，/wd搞/v得/ude3很/d大/a但/c收入/n并/cc不/d高/a，/wd所以/c在/p旅游/vn业态/n上/f要/v加以/vx引导/vn，/wd不仅仅/d是/vshi这种/r低层次/n的/ude1，/wd比如/v传统产品/n的/ude1开发研究/n、/wn提升/v生产/vn和/cc加工/vn水平/n，/wd一些/mq古建筑/n开发/v作为/v较/d高档次/n的/ude1客栈/n等/udeng，/wd这样/rzv把/pba它/rr的/ude1业态/n和/cc效益/n提高/v起来/vf，/wd避免/v大/a规模/n低层次/n过度/vd旅游/vi开发/v。/wj
