 她 几乎 已经 走 到 他 的 视线 之外 了 ， 可是 ， 突然 站 定 ， 回头 张望 ， 于是 ， 何慕天 看到 有 一个 小 脚 的 老妇 人 ， 正 急急 的 向梦竹 赶 去 ， 走 到 梦竹 身边 ， 那 老 妇人 站住 了 ， 不知 对 梦竹 说 了 些 什 幺 ， 梦 竹 顿时 跺 跺脚 ， 一 扭头 又 要 继续 她 的 散步 。
老妇 人 伸手 抓住 了 她 ， 似乎 在 劝说 ， 又 劝 又 拉 ， 大概 想 把 她 拉 回 镇 里 。
梦 竹 好 象是 生气 了 ， 她 连连 的 摇头 ， 要 摆脱 老妇 人 的 拉扯 ， 两 人 在 路上 磨 菇 了 好 半 天 。
然后 ， 梦竹 毅然 的 一 摔 头 ， 狠狠 的 跺 了 一下 脚 ， 跟着 老妇 人 向 镇 里 走 去 。
她们 从小 茶馆 的 窗 前 擦 过 ， 何慕天 抓住 了 梦 竹 和 老妇 人间 几 句 对 白 的 声浪 ： 奶妈 ！
你 不 会 说 我 不 在家 呀 ？
好 小姐 ， 你 妈 的 那 份 脾气 你 又 不 是 不 知道 ， 她 叫 我 找 你 回去 ， 我 有 什 幺 办法 ？
高 家 的 又 坐 在 堂屋 里 等 …
…
你 说 找 不到 不 就 行 了 ？
好 小姐 ， 你 妈 那个 脾气 我 受不了 呀 …
…
何 慕 天目 送 她们 的 影子 消失 在 暮色 昏 茫 的 小 街道 里 ， 靠 进 椅子 中 ， 他 没 来 由 的 长叹 了 一 声 ， 然后 坐 正 身子 ， 握 起 酒杯 ， 一 伸 脖子 把 整 杯 都 灌 了 下去 。
掏 出 一 张 钞票 ， 压 在 酒壶 下面 ， 他 站 起 身 来 ， 摔 了 摔 袖子 ， 向 茶馆 门外 走 去 。
暮色 已经 布满 了 空旷 的 原野 。
远 山 隐约 ， 杨柳 堆 烟 。
夜 暮 在 不知不觉 中 缓缓 来临 。
何慕天 带 着 三分 酒意 ， 沿着 石板 小路 ， 向梦竹 站 过 的 那 棵 柳树 下 走 去 。
走 了 几 步 ， 他 看到 石板 路 上 躺 着 一 样 东西 ， 拾 了 起来 ， 是 梦 竹 的 那 朵 蓝色 的 小 花 。
他 审视 着 这 朵 花 ， 蓝色 的 花瓣 向 外 铺开 ， 微微 卷曲 ， 如同 木耳 边 一般 。
浅 黄色 的 花心 伸 了 出来 ， 在 晚风 中 楚 楚 可怜 的 颤动 。
他 站 住 ， 靠 在 柳树 上 ， 和梦竹 做 过 的 一般 ， 把 花朵 送 到 鼻子 前面 ， 没有 嗅 它 ， 而是 轻轻 的 在 唇 际 摩擦 。
夜 来 了 ， 何慕天 回到 宿舍 里 ， 打开 柜子 ， 把 那 朵 蓝色 的 小 花 放 进 一个 精致 的 、 雕刻 着 小 天使 的 木 匣子 里 。
在 那 木 匣 中 ， 有 他 逐日 收集 的 一些 东西 ： 一 条 缎带 ， 一 朵 枯萎 的 菊花 ， 半 枝 折断 的 杨柳 ， 一 条 白 底子 碎 花 的 麻纱 小 手帕 ， 还有 一 张 纸 ， 上面 是 一 阕 涂 得 乱七八糟 的 词 ， 他 还 记得 梦 竹 靠 在 杨柳 上 ， 拿 着 铅笔 ， 涂 涂抹 抹 的 写 这 阕 词 的 神情 。
词 的 题目 是 杨 花 ， 内容 隐约 可辨 ， 大致 是 ： 春 漠漠 ， 香 云 吹 断 红 文 幕 ， 红 文 幕 ， 一 帘 残 梦 ， 任 他 飘泊 ！
轻狂 不 奈 东风 恶 ， 蜂 黄 蝶 粉 同 零落 ， 同 零落 ， 满 池 萍水 ， 夕阳 楼阁 ！
他 不 知道 为 什 幺 她 写 完 了 ， 却 不 要 了 ， 随手 那 幺 一 扔 ， 让 它 被 风 卷 去 。
他 锁 好 了 匣子 ， 和 衣 躺 在 床 上 ， 却 看到 枕头 边 放 着 一 封 信 ， 一 看 信封 寄 自 昆明 ， 和 那 熟悉 的 笔迹 ， 他 就 没有 心情 拆阅 了 。
躺 在 床 上 ， 闭 上 眼睛 ， 他 脑子 里 是 成千成万 张 相同 的 脸 ， 黑白分明 的 大 眼睛 ， 和 那 两 条 摆动 的 发辫 。
我 是 怎 幺 回 事 ？
他 自 问 ， 摔 摔 头 。
近来 ， 我 是 真 的 疯 了 ！
瞪视 着 桌上 的 桐油 灯 ， 他 一 动 也 不 动 的 躺 着 ， 接着 ， 就 猛 的 坐 起来 ， 拆开 了 那 封 信 ， 下决心 似的 抽出 信笺 ， 看 了 下去 ， 信 写 得 十分 简单 ： 慕天 ： 暑假 一 别 ， 将 近 三 个 月 了 ， 你 总共 写 了 一 封 信 ， 该 信 连 标点 在内 ， 是 二十七 个 字 。
想必 你 忙于 作 诗 填词 了 ， 是 不 是 ？
- 家 - 是 你 厌倦 的 ， 我 知道 - 我 - 也 是 你 厌倦 的 ， 我 也 知道 。
未来 的 那 条 小 生命 ， 大概 也 是 你 厌倦 的 。
如今 ， 家 只 是 你 的 经济 供应 站 ， 是 吗 ？
不过 ， 记住 ， 我 是 你 家 三 媒 六 聘 娶 过去 的 ， 你 喜欢 也罢 ， 不 喜欢 也罢 ， 我 总之 是 你 的 妻子 ， 别 以为 你 在 重庆 的 所 行 所 为 我 看 不 见 ， 我 想 你 了解 我 的 个性 的 ， 你 还是 安 份 一点 好 。
另 汇 上 本月 份 你 所 需 之 款项 。
即 祝 健康 蕴文 看 完 了 信 ， 一 种 强烈 的 愤恨 和 反感 抓住 了 他 ， 还是 那 种 口吻 ！
还是 那 副 态度 ！
他 眼前 立即 浮 起 蕴文 那 向上 挑起 的 浓眉 ， 和 圆 睁 着 的 大 眼睛 ： 我 要 这样 ， 就是 这样 ！
去 你 的 吧 ！
他 把 信 撕碎 了 ， 往 字纸篓 里 扔 去 。
蕴文 ， 婚前 的 她 又 是 副 什 幺 样子 ？
专横 、 跋扈 、 而 美丽 。
大 眼睛 一 瞪 ， 浓眉 一 掀 ， 别 有 种 巾帼英雄 的 味儿 。
可是 ， 自己 为 什 幺 从来 无法 爱上 她 ？
大家 说 她 是 美 人 ， 追求 她 的 人 那 幺多 ， 可 是 自己 就 无法 爱上 她 ！
两 家 联 婚 之 议 一起 ， 他 还 记得 在 她 家 客厅 里 ， 她 大胆 而 * * 的 逼视 着 他 ， 强 逼 他 回答 她 的 问题 ： 你 爱 不 爱 我 ？
你 说 ！
马上 说 ！
不 知道 ！
他 平 心 回答 。
什 幺 叫 不 知道 ？
