， 这 一 来 ， 我们 的 生活 里 还有 快乐 幺 ？
近来 ， 全 宿舍 都 无精打采 ， 最后 商量 结果 ， 是 追究 祸首 ─ ─ 你 ！
于是 ， 与 小姐 们 进行 和谈 ， 结论 是 ， 由 你 作东 道 ， 请 我们 这 一 群 ─ ─ 包括 几 位 女 同学 ， 在 盘 溪 的 茶馆 中 ， 备 茶 一 桌 、 酒 一 桌 ， 小 菜 、 花生 、 瓜子 各 若干 ， 请客 。
日期 已 择 定 为 本 星期六 下午 三时 ， 想必 那时 你们 本月 份 公费 已 发 ， 必定 荷 囊 充实 ， 希望 准时 到达 勿 误 ！
再者 ， 昨日 在 镇上 碰到 李 小姐 ， 已经 代 邀 星期 六一 同 来 玩 。
希望 你们 别 黄牛 ， 否则 就 太 不好意思 了 。
祝 快乐 胖子 吴杨明远 和 王孝城 看 完 了 信 ， 两 人 相对 注视 ， 回忆 那天 晚上 的 种种 情形 ， 不禁 也 都 大 笑 了 起来 。
笑 完了 ， 王孝城 拍拍 小 罗 的 肩膀 说 ： 好 了 ， 小罗 ， 你 现在 预备 怎 幺 办 ？
怎 幺 办 ？
小罗 扬扬 眉毛 ， 拍 了 拍 刚刚 拿 到 的 公费 口袋 ， 豪放 的 说 ： 胖子 吴 写 了 这 幺 一 大 堆 ， 你 猜 是 为 什 幺 ？
不过 要 敲敲 我 的 竹杠 而已 ， 他们 算 准 了 ， 我们 该 发 公费 了 ， 又 知道 我 小 罗 最 爱 请客 ， 所以 借题发挥 ， 找到 了 我 来 作 东道 ！
这 又 有 什 幺 关系 ， 请 就 请 吧 ！
请 就 请 吧 ， 你 的 口 气 不 小 ， 杨明远 说 ： 你 算 了 没有 ， 一共 到底 有 多少 人 ？
我 初步 估计 ， 起码 十五 个 人 以上 ， 假若 还要 喝酒 的话 ， 你 这个 月 的 公费 大概 就 该 全体 报销 了 ！
报销 就 报销 ！
小 罗 洒脱 的 摔 摔 袖子 ： 一个 月 的 公费 ， 换 一 次 豪举 的 请客 ， 过瘾 ！
过瘾 ？
王孝城 笑 着 说 ： 花 光 了 再 去 当 裤子 吧 ！
小罗 昂 头 一 笑 ， 把 公费 塞 进 了 衣服 口袋 里 ， 向 门口 走 去 ， 一面 得意洋洋 的 摇头晃脑 的 念 着 李白 的 诗 ： 天生我材必有用 ， 千金 散 尽 还 复 来 ！
星期六 ， 在 盘 溪 的 茶馆 里 ， 真 可 说是 盛会 。
十五 、 六 个 学生 把 那 间 小 茶馆 闹 得 天翻地覆 ， 他们 把 桌子 并拢 起来 ， 坐 成 了 一 圈 ， 喝茶 的 喝茶 ， 喝酒 的 喝酒 ， 几 盘 瓜子 ， 只 那 幺 一 卷 ， 就 全 光 了 。
小罗 站 在 人群 中 ， 派头 十足 ， 拚命 叫 老板 拿 酒 来 ， 瓜子 来 ， 花生 来 ！
只 管 拿 来 ， 只管 拿 来 ， 有 我 付 帐 ！
他 拍 着 胸口 ， 好 象 他 是 个 百万 富豪 。
梦竹 也 来 了 ， 她 穿 件 白 底子 粉红 碎 花 的 旗袍 ， 依然 垂 着 两 条 大 发辫 。
脸上 没有 任何 脂粉 ， 水 红色 的 嘴唇 和 面颊 仍旧 显得 红 滟 滟 的 。
眉 线 分明 的 两 道 眉毛 下 ， 是 对 清澈 如 水 的 大 眼睛 ， 她 文文 静静的 坐 在 那儿 ， 用 一 种 旁观者 的 态度 ， 悠然 的 望 着 那 群 笑 闹 着 的 大学生 。
她 的 旁边 ， 就 坐 着 杨明远 和 王孝城 。
小 罗 张牙舞爪 的 跑 来 跑 去 ， 拚命 鼓励 大家 多 吃 一点 。
不要 怕 ！
你们 尽管 吃 ， 这 一个 小 东道 我 小 罗 还 做 得 起 。
伙计 ， 再 拿 一 盘 五香 豆腐干 来 ！
王孝城 望望 杨明远 ， 压低 声音 说 ： 他 又 犯 毛病 了 ， 饶 请 了 客 ， 还 得 挨骂 ， 你 看 吧 ！
梦竹 也 已经 知道 五香 豆腐干 的 典故 ， 不禁 抿 着 嘴 微微 一 笑 。
明 远 把头 靠近 她 ， 微笑 着 说 ： 你 看 他 阔气 得 很 ， 是 吧 ？
他 床 上 的 棉絮 都 没有 ， 就 睡 在 木板 上 ， 他 美 其 名 为 ：- 四 大 皆 空 - ！
所谓 四 大 ， 是 说 床 上空 ， 衣柜 空 ， 荷包 空 和 头脑 空 ！
梦 竹 忍不住 笑 了 ， 抬 起 眼睛 来 ， 她 看到 坐 在 她 对面 的 一个 人 ， 正 用 对 深湛 的 眼睛 ， 默默 的 注视 着 她 。
她 和 他 的 眼光 才 接触 ， 就 又 是 一阵 莫名其妙 的 心跳 。
可是 他 连 招呼 都 没有 打 ， 好 象 根本 不 太 认得 她 似的 ， 又 垂 下 头 去 ， 闷 闷 的 喝 着 酒 。
她 有 些 发 怔 ， 偷偷 的 窥视 着 他 ， 他 的 脸色 微微 发 青 ， 大概 是 酒 喝 得 太 多 的 关系 ， 那 对 漂亮 的 黑 眼睛 里 充塞 着迷 离 和 落寞 。
低 着 头 ， 他 只顾 着 喝酒 ， 仿佛 在 这儿 的 目的 ， 就 只有 喝酒 这 唯 一一 件 事 。
小 罗 几 杯 下 肚 ， 已经 有 些 醉 了 ， 站 在 桌子 旁边 ， 他 开始 指 手 划 脚 的 述说 老鼠 趣事 ： …
…
喝 ， 一 包 那 幺 好 的 五香 豆腐干 ， 就 全 请 了 耗子 了 ， 你们 说 冤 不 冤 …
…
我 的 天 哪 ， 萧燕 坐 在 小 罗 旁边 ， 叹 了 口 气 说 ： 他 老兄 怎 幺 专 拣 该 避讳 的 说 呢 ！
说 着 ， 她 拉 了 拉 小 罗 的 长衫 下摆 ： 你 就 坐 下来 ， 安安静静 的 喝 两 杯 怎 幺 样 ？
别 拉 我 ！
小 罗 低 下 头 来 说 ： 我 的 衣服 不 经 拉 ， 一 拉 就 破 ， 我 可 只 有 这 一百零一 件 ， 拉 破 了 没 得 换 。
我 的 天 哪 ！
萧燕 摇 着 头 叫 。
桌子 的 另 一边 ， 有 五六 个 学生 开始 谈 起 时局 来 ， 许鹤龄 也 加入 了 关于 时局 的 讨论 。
这 一 谈 就 勾 起 了 许多 人 的 愁 怀 和 愤怒 ， 骂 日本 鬼子 的 ， 摩拳擦掌 的 ， 越 谈 越 激烈 。
一个 半 醉 的 同学 开始 唱 起 流亡 三部曲 来 ： 我 的 家 在 东北 松花江 上 ， 那儿 有 ， 森林 煤矿 ， 还有 那 ， 满山遍野 的 大豆 高粱 ！
…
…
这 一 唱 ， 大家 都 感染 了 那 份 兴奋 和 伤感 。
