 够 派头 ， 也 够交情 ！
你 到 哪里 去 ？
王孝城 问 。
买 香烟 ！
小罗 扬 了 扬 那 张 钞票 ， 又 大声 嚷 着 说 ： 今天 晚上 ， 请 全 宿舍 吃 担担面 消夜 ！
天 哪 ， 王孝城 望 着 他 的 背影 说 ： 四 大 皆 空 ， 没 办法 ， 只能 四 大 皆 空 ！
何慕 天 跨 进 了 沙 坪坝 镇 口 上 那 家 小 茶馆 ， 在 靠 窗 的 角落 里 ， 他 的 老 位子 上 坐 了 下来 。
茶馆 的 小 伙计 不 待 吩咐 ， 就 依照 何慕天 的 习惯 ， 送 上 一 壶 白 干 ， 一 盘 卤菜 ， 和 一 碟 花生 。
何慕天 靠 进 椅子 里 ， 慢慢 的 斟 上 一 杯 酒 ， 寥 落 的 啜 着 。
窗子 外面 ， 可以 看见 青石板 的 小路 ， 路边 是 平 伸 出 去 的 绿色 草坪 ， 一直 延 展 到 嘉陵江 畔 。
江边 的 路 并 不 平整 ， 曲折 凹凸 ， 沿着 河岸 ， 疏 疏落 落 的 有些 白杨 ， 也 有些 柳树 。
柳条 长长的 飘 着 ， 在 初秋 的 晚风 中 摇曳 。
正文 第六 章晚霞 正 在 天边 燃烧 ， 一 层 又 一 层 的 红 云 重重 堆积 ， 落日 圆 而 大 ， 迅速 的 从 半空 向 地平线 坠落 。
[ 万 * 书 * 楼 ] 何慕天 用 手 支 着 下巴 ， 静静的 凝视 着 窗外 的 景致 ， 凝视 着 那 晚霞 由 鲜红 变为 绛紫 ， 凝视 着 那 落日 一分 一 厘 的 被 地平线 所 吞噬 ， 直至 完全 隐没 。
天色 暗淡 下来 了 ， 苍茫 的 暮色 缓慢 而 从容 的 在 草地 上 、 柳条 间 散布 开 来 。
何慕天 重新 斟 满 了 杯子 ， 略微 烦躁 的 啜 了 一 口 ， 下 意识 的 看看 腕 表 ： 差 一刻 六点 ！
今天 她 迟 了 ， 为 什 幺 ？
或者 ， 她 取消 了 今天 的 定时 散步 ？
仰 靠 在 椅子 里 ， 他 阖 了 阖 眼睛 ， 酒 使 他 心头 热烘烘 的 ， 血管 里 奔流 的 血液 似乎 比 往日 更加 迅速 。
我 是 怎 幺 回 事 ？
中 了 邪 吗 ？
他 喃喃 的 ， 无声 的 自问 了 一 句 ， 睁 开 眼睛 ， 又 情不自禁 的 对 窗外 的 小路 望去 ， 空空 的 石板 上 ， 盛 着 逐渐 加 浓 的 暮色 ， 除此之外 ， 别 无 所有 。
一 声 叹息 ， 他 干 了 杯子 ， 再 斟 一 杯 。
期待 的 情绪 使 他 烦躁 不安 ， 每 一个 毛孔 里 似乎 都 有 小 虫子 在 钻 动 ， 令 人 无法 平静 。
酒 ， 徒然 的 让 情绪 更加 紧张 和 不 耐 ， 心头 的 火 仿佛 燃烧 得 更 厉害 了 。
我 是 怎 幺 回 事 ？
再 自问 了 一 句 ， 蹙 起 眉头 ， 他 又 干 了 一 杯 酒 。
抬 起 眼睛 来 ， 他 不 经 心 的 对 窗外 一 扫 ， 忽然 间 ， 所有 的 神经细胞 都 振作 了 。
梦竹 正 缓缓 的 沿着 石板 小路 走 过去 ， 她 穿 著 件 白色 小 碎 花 的 洋装 ， 戴 着 顶 宽 边 的 大 草帽 ， 步履 袅娜 轻盈 ， 从容不迫 的 ， 不慌不忙 的 走 着 。
距离 茶馆 不 远 的 地方 ， 她 似乎 略微 停顿 了 一下 ， 接着 ， 就 把 那 顶 大 草帽 解 了 下来 ， 拿 在 手上 ， 乌黑 的 发辫 垂 在 胸前 ， 末梢 扎 着 水 红色 的 绸 结 。
一 只 小 粉蝶 儿 ， 这 是 大家 给 她 取 的 外号 。
是的 ， 这 是 只 小 粉蝶 儿 ， 有 那 份 翩跹 的 姿态 ， 更 有 那 份 雅致 和 妩媚 。
何慕天 的 酒杯 停 在 唇 边 ， 眼睛 朦胧 的 盯 着 窗外 那 移动 着 的 小巧 人影 。
那 摆动 的 裙 幅 ， 那 忽而 放 在 身 前 ， 忽而 放 在 身后 的 大 草帽 ， 那 时常 摔 动 的 辫 梢 ， 那 款 娜 的 举止 ， 这 一切 加 起来 ， 衬 着 暮霭 和 垂 杨 ， 是 一 幅 动人 的 图画 。
他 呆 呆 的 凝视 着 ， 用 全 心灵 去 捕捉 这 份 神奇 的 、 令 人 迷惑 的 美 。
梦竹 向 嘉陵江 边 走 去 ， 站 在 一 棵 垂 杨 之下 ， 立定 了 ， 仰 首 看 了 看 正 由 绛紫 、 深红 、 转为 黑暗 的 云朵 ， 一 只 手 拉 住 柳条 ， 她 四面 望望 ， 似乎 在 以 她 那 易于 感受 的 心境 ， 领略 着 大自然 间 的 美 ， 领略 着 日 与 夜 交会 时 那 神秘 的 一瞬 。
把 辫子 拂 向 脑 后 ， 她 不经意 的 回眸 了 小 茶馆 一 眼 。
当然 ， 她 不 会 发现 躲 在 那 茶馆 里 凝视 着 她 的 何慕天 。
掉 回头 ， 她 的 注意力 被 嘉陵江 吸引 过去 了 ， 可能 水面 有 什 幺 东西 让 她 感到 了 兴趣 ， 她 伫立 良久 ， 就 向 前 走 去 ， 岸边 有 石级 可以 下 到 水边 。
每天 早晨 ， 这 石级 上 是 妇 人们 洗衣 聚集 之 所 ， 捣 衣 之 声 杂 着 笑语 ， 老远 都 可 听到 。
现在 ， 水边 一定 是 空无一人 的 ， 但 她 沿着 石级 走 了 下去 ， 那 高高的 河堤 遮住 了 她 ， 他 看 不 见 她 了 。
他 轻 吐 了 口 气 ， 才 发现 一直 停 在 嘴边 的 酒杯 ， 下 意识 的 啜 了 一 口 ， 他 放下 杯子 ， 抬 起 眼睛 ， 正好 看到 梦 竹 那 黑色 的 头 ， 一步步 的 从 河堤 后 升 了 上来 。
用 手 托 住 下巴 ， 他 定 定 的 凝视 着 ， 虽然 隔 着 那 幺远 的 距离 ， 他 仍 可 看出 她 手中 握 着 一 朵 新 采撷 的 小 蓝 花 。
她 步 上 石级 ， 倚 在 柳树 上 ， 十分 闲暇 而 又 十分 悠然 自在 的 ， 把 那 朵 花 送 到 鼻 端 去 轻 嗅 。
他 无法 看 清 她 的 面目 ， 但 他 脑 中 已 勾 划 出 她 的 神态 ： 那舒朗 的 两 道 眉毛 ， 那 含 着 笑意 的 大 眼睛 ， 和 若有所思 的 神情 …
…
接着 ， 她 的 腰肢 微微 一 旋 ， 裙子 摆 了 摆 ， 大 草帽 系 于 脑 后 ， 又 开始 沿着 石板 小路 向前 走 去 。
