。
” 她 说 ， 凝视 着 他 。
“ 我 在 美国 学 的 是 教育 ， 当 了 五 年 的 小学 老师 。
” “ 你 可以 改行 学 写作 ， 你 仿佛 在 搜寻 故事 ！
你 探访 一 座 废墟 ， 你 发现 了 一个 瞎子 ， 你 希望 从 他 身上 找 出 故事 ， 然后 去 写 一 本 简 爱 ， 咆哮 山庄 ， 或 是 蝴蝶 梦 。
” 他 冷 冷 的 说 ， 声音 里 带 点 讽刺 味道 。
“ 哼 ！
” 方 丝 萦 不由自主 的 哼 了 一 声 。
“ 你 错 了 ， 柏 先生 ， 我 对 你 的 故事 不 感 兴趣 。
” “ 是 吗 ？
” 方 丝 萦 不再 说话 了 ， 他们 沉默 的 走 了 一 大 段 路 。
然后 ， 方 丝 萦 看到 了 那 所 小学校 ， 成群 的 孩子 正 三三两两 的 从 校 门口 涌 出来 。
这 所 学校 位于 一个 小镇 市 的 顶端 ， 门口 的 牌子 是 ： “ 正 心 国民 小学 ” 显然 ， 他们 来 晚 了 ， 孩子 们 已经 放学 了 ， 大部分 的 孩子 都 往 镇 里面 跑 ， 也 有 一两 个 是 往 他们 来 的 方向 走 的 。
他们 站 住 了 ， 方 丝 萦 仔细 看 着 那些 孩子 ， 穿 着 白 衬衫 、 蓝 短裤 或 蓝 裙子 ， 这些 孩子 们 嘁嘁喳喳 的 像 一 群 小鸟 ， 彼此 追逐 着 ， 嬉戏 着 ， 打 打闹 闹 …
…
这 是 多么 活泼 而 喜悦 的 一 群 ！
“ 他们 已经 放学 了 。
” 那 盲人 说 。
“ 是的 ， ” 方 丝 萦 的 呼吸 有些 急促 ， 她 急于 想 见到 这 男人 的 女儿 是 怎样 一个 孩子 。
“ 你 的 女儿 可能 已经 回家 了 。
” “ 可能 。
” 那 男人 说 ， 并 不 怎么 在意 。
“ 她 高 吗 ？
矮 吗 ？
漂亮 吗 ？
” 方 丝 萦 热心 而 迫切 的 在 孩子 中 搜寻 着 。
“ 她 是 什么 样子 的 ？
” “ 我 还 希望 有 人 告诉 我 她 是 什么 样子 的 呢 ！
” 那 男人 喃喃 的 说 。
“ 啊 ！
” 方 丝 萦 惊异 的 看 着 他 。
“ 你 竟然 不 知道 …
…
啊 ！
” 一 股 怜恤 而 怆 恻 的 情绪 从 她 胸口 涌 了 上来 。
是的 ， 他 是 瞎子 ！
他 不 知道 自己 的 女儿 长 得 什么 样子 ！
但是 …
…
他 瞎 了 很多 年 了 吗 ？
“ 我 要 回去 了 ， 她 一定 早 到 家 了 。
” 那 男人 转 过 了 身子 。
“ 哦 ， 等等 ！
” 方 丝 萦 喊 着 ， 因为 ， 她 一 眼 看 到 校 门口 有 个 小 女孩 ， 正 一个 人 孤独 的 走 出 校门 ， 那 是 个 瘦 瘦小 小 而 苍白 稚 弱 的 小 东西 ， 梳 着 长长的 发辫 ， 带 着 一 脸 早熟 的 寥 落 。
是 这 孩子 吗 ？
她 的 心 跳 着 ， 相信 自己 的 判断 ， 是 这 孩子 ！
一定 的 ！
那 孩子 长 得 多 像 她 父亲 ， 她 从 没 看 过 这样 酷似 的 相像 ！
浓眉大眼 和 挺直 的 鼻梁 ， 连 那 股 忧郁 的 神情 都 是 她 父亲 的 再版 。
“ 我 看到 你 的 孩子 了 ！
” 她 喘息 的 说 。
“ 她 果然 是 个 漂亮 的 孩子 ！
” “ 你 怎 能 断定 …
…
” 那 父亲 的 话 还 没 说 完 ， 就 被 孩子 的 一 声 惊呼 所 打断 了 。
那 女孩 已经 发现 了 他们 ， 她 喊 了 一 声 ， 就 狂奔 着 跑 了 过来 ， 一面 喘 着 气 喊 ： “ 爸爸 ！
爸爸 ！
” 她 一下子 冲 到 了 父亲 的 身边 ， 用 她 的 两 只 小 手 紧紧 的 抓 住 她 父亲 那 只 没有 拿 手杖 的 手 ， 她 的 眼睛 大 而 明亮 ， 带 着 一 种 狂喜 和 受宠若惊 的 神情 ， 仰视 着 她 的 父亲 。
她 那 苍白 的 小 脸 现在 红润 了 ， 被 喜悦 和 激动 所 染 红 了 。
她 的 呼吸 急迫 而 短促 。
“ 爸爸 ！
你 来 接 我 吗 ？
是 吗 ？
爸爸 ！
” 她 嚷 着 ， 环绕 在 她 父亲 的 膝下 。
她 是 多么 瘦小 呵 ！
十 岁 ？
她 看来 不足 六 岁 ， 像 株 风 吹 一 吹 就 会 折断 的 小 草 。
那 苍白 的 皮肤 几乎 是 半 透明 的 ， 这 是 个 多 脆弱 的 小 生命 呀 ！
“ 我 出来 散步 ， 顺便 来 看看 你 放学 没有 。
” 那 父亲 说 ， 并 没有 被 女儿 那 份 狂喜 所 感染 ， 他 的 声调 是 平平淡淡 的 。
这 平淡 几乎 触怒 了 方 丝 萦 。
你 竟 看 不 出 你 的 女儿 是 多么 爱 你 吗 ？
傻瓜 ！
你 竟 不 知道 她 那 小 心灵 在 怎样 渴望 着 爱 吗 ？
傻瓜 ！
你 可 曾 好好 照顾 过 这 孩子 吗 ？
残酷 的 父亲 哪 ！
如果 你 “ 看 ” 不 见 ， 你 最 起码 感觉 得到 呵 ！
“ 哦 ， 爸爸 ！
” 那 孩子 没有 因 父亲 的 平淡 而 失望 ， 她 仰视 着 父亲 的 那 对 眸子 里 闪耀 着 单纯 的 信赖 和 崇拜 ， 除了 信赖 与 崇拜 之外 ， 还有 层 薄薄的 敬畏 。
她 悄悄的 把 面颊 倚 在 父亲 的 手 背 上 ， 激动 的 说 ： “ 你 一个 人 走 来 的 吗 ？
亚珠 和 老尤 没有 陪 你 吗 ？
” “ 那 位 阿姨 陪 我 走 来 的 ， 你 去 谢谢 她 去 ！
” 那 盲人 准确 的 指出 她 所 站 的 位置 。
那 小 女孩 转 过 脸 来 对 着 她 ， 一时间 ， 方 丝 萦 竟 有 把 她 揽 进 怀里 来 的 冲动 ， 多 美丽 的 小 东西 ！
多 惹 人 疼爱 的 小 东西 ！
她 是 愿意 牺牲 世上 一切 ， 来 博得 这样 一个 小 东西 的 笑靥 的 。
“ 噢 ， 阿姨 ， 谢谢 你 ！
” 那 孩子 对 她 微微 弯腰 ， 但 她 舍不得 离开 父亲 的 身边 ， 她 的 小 手 仍然 紧紧 的 攥 住 她 父亲 的 手 。
只 这样 马马虎虎 的 交代 了 一 句 ， 她 就 把 她 那 张 被 喜悦 燃烧 得 发亮 的 小 脸 又 转向 了 父亲 ， 兴高采烈 的 说 ： “ 我 搀 你 回去 ！
爸爸 ！
你 要 走 小心 一点 ， 当心 你 脚 ， 那儿 有 个 坑 哪 ！
” “ 好 ， 你 带 着 我 走 吧 ， 亭亭 。
” 那 父亲 让 女儿 搀 住 他 的 手 ， 但是 ， 显然 的 ， 他 这 只是 为了 抚慰 那 孩子 而已 ， 他 并 不 真 的 需要 帮助 。
“ 我们 回去 吧 ！
天 不 早 了 。
” “ 再见 ！
阿姨 ！
” 那 孩子 没 忘记 对 她 抛 下 一 句 再见 ， 然后 ， 她 搀 着 父亲 的 手 ， 向 那 条 宽 宽 的 泥土 路上 走 去 了 。
方 丝 萦 目送 着 这 父女 二 人 的 背影 。
暮色 已经 苍茫 的 笼罩 了 下来 ， 那 两 人 的 身影 像 是 走 在 一 层 浓雾 里 ， 飘浮 而 虚幻 。
在 这 一刹那 ， 方 丝 萦 心头 竟 涌 上 了 一 股 莫名其妙 的 酸楚 ， 她 有 种 强烈 的 、 被 遗弃 似的 感觉 。
眼看 着 那 父女 二 人 的 身子 小 了 ， 远 了 ， 被 暮色 所 吞噬 了 …
…
她 呆 呆 的 伫立 着 ， 不 能 移动 ， 眼眶 却 逐渐 的 湿润 了 。
