。
” “ 熟悉 ？
！
岂止 熟悉 ？
这 是 我 的 地方 ！
我 的 房子 ， 我 的 花园 ， 我 的 家 。
” “ 哦 ！
” 方 丝 萦 瞪视 着 他 。
“ 那么 ， 你 失去 了 很多 的 东西 了 ？
” “ 一个 世界 。
” 他 低声 的 说 ， 几乎 只有 他 自己 听 得 到 。
“ 怎样 失火 的 ？
” 方 丝 萦 掩饰 不 住 自己 的 好奇 和 关切 。
不 等 回答 ， 她 又 急切 的 问 ： “ 有人 葬身 火 窟 吗 ？
” “ 不 ， 没有 。
” “ 那 还 好 。
” 她 吐 出 一 口 气 来 。
“ 花园 和 房屋 是 可以 重建 的 。
” “ 重建 ！
” 他 打 鼻子 里 哼 了 一 声 。
“ 没有 人 能 重建 含 烟 山庄 ， 再 也 没有 人 了 ！
除非 …
…
” 他 咽 住 了 ， 把 头 转 向 天空 ， 突然 醒悟 似的 说 ： “ 天气 不 早 了 ， 是 吗 ？
” “ 是的 ， 太阳 都 已经 下 山 了 。
” “ 那 —— 我 得 走 了 。
” 他 匆忙 的 说 ， 探索 的 用 手杖 去 碰 触 那 遍 是 杂草 碎石 的 地面 ， 这 份 无助 深深 的 引起 了 方 丝 萦 的 怜悯 ， 她 本能 的 扶 住 了 他 。
“ 你 住 在 什么 地方 ？
” 她 问 。
“ 就 在 附近 ， 几 步 路 而已 。
” “ 那么 ， 我 送 你 回去 ， 反正 我 没 事 。
” “ 不 ！
” 他 很 快 的 说 ， 几乎 是 恼怒 的 。
“ 我 可以 自己 走 ， 我 对 这儿 熟悉 得 像 自己 的 手指 ！
而且 ， 我 还 不 要 回 去 呢 ！
我 要 去 接 我 的 女儿 。
” “ 女儿 ！
” 方 丝 萦 顿 了 顿 ， 紧紧 的 盯 着 面前 这个 男人 。
“ 你 有 个 女儿 吗 ？
多 大 了 ？
她 在 什么 地方 ？
你 要 到 那里 去 接 她 ？
” 那 男人 的 眉峰 很 快 的 锁 在 一起 。
“ 这 关 你 什么 事 吗 ？
” 他 率直 的 说 ： “ 你 倒 是 很 喜欢 管闲事 的 呵 ！
” 方 丝 萦 的 脸 蓦 的 胀 红 了 。
她 掉头 望 向 天际 ， 太阳 已经 沉 落 了 ， 最后 的 一 抹 彩霞 还 挂 在 远 山 的 顶端 ， 留下 一 笔 淡淡的 嫣红 。
“ 我 只是 随便 问问 ， ” 她 轻轻 的 说 。
“ 我 说 过 ， 我 在 这儿 没有 朋友 ， 所以 ， 我 …
…
” 她 没有 讲 完 她 的 话 ， 但是 ， 那 男人 显然 已 经 了解 了 她 那 份 孤寂 ， 因为 ， 他 眉峰 的 结 放开 了 ， 一个 近乎 温柔 的 表情 浮 上 了 他 的 嘴角 ， 这 表情 缓和 了 他 面部 僵直 的 肌肉 ， 使 他 看 起来 和煦 而 慈祥 。
“ 我 抱歉 。
” 他 匆促 的 说 。
“ 我 的 脾气 一直 很 坏 。
” 为了 弥补 他 刚才 的 失礼 ， 他 又 自动 的 答复 了 方 丝 萦 的 问题 。
“ 我 女儿 今年 十 岁 ， 就 在 这儿 的 国民 小学 读书 ， 平常 她 都 自己 走 回家 ， 今天 我 既然 出来 了 ， 就 不妨 去 接 接 她 。
” “ 我 送 你 去 ， 好 吗 ？
” 方 丝 萦 热切 的 说 。
“ 我 没有 事 ， 一点 事 都 没有 。
” “ 如果 你 高兴 。
” 那 男人 说 ， 声调 却 是 淡漠 的 ， 不 太 热中 的 。
方 丝 萦 看 了 他 一 眼 ， 她 知道 ， 他 一定 以为 碰到 了 个 最 无聊 的 人 ， 一个 无所事事 而 又 爱 管闲事 的 人 ！
但 ， 她 并 不在乎 他 的 看法 。
望 着 他 ， 她 说 ： “ 注意 ， 你 前面 有 一 堆 石头 ， 你 最 好 从 这边 走 ！
” 她 搀扶 了 他 一下 。
“ 我 搀 你 走 ， 好 吗 ？
” “ 不用 ！
” 他 大声 说 。
方 丝 萦 不再 说话 了 ， 他们 绕 出 了 那 堆 废墟 。
一经 走 到 花园 里 ， 没有 那些 绊 脚 的 木头 和 石块 ， 那 男人 的 脚步 就 快 了 起来 。
方 丝 萦 发现 他 确实 对 这儿 很 熟悉 ， 而且 ， 她 这 时 才 发现 她 刚才 忽略 了 的 地方 ， 这 花园 中间 有 条 水泥路 ， 却 并 没有 被 杂草 所 盘 据 ， 显然 是 因为 常 有 人 走 的 关系 。
那么 ， 他 是 真 的 常 到 这 废墟 中 来 了 ？
一个 失明 的 男人 ， 经常 到 一 堆 废墟 里 来 做 什么 ？
是 凭吊 过去 ？
还是 找寻 过去 ？
她 不 禁 悄悄的 ， 也 是 深深 的 ， 研究 着 旁边 这个 男人 的 脸谱 。
现在 ， 那 男人 专注 的 走 着 路 ， 似乎 根本 忘记 了 她 的 存在 ， 那 张 脸 是 忧郁 、 冷漠 、 严肃 ， 而 莫测高深 的 。
沿着 那 条 大 路 ， 他们 走 了 没有 多 远 ， 方 丝 萦 就 看 到 路边 有 栋 相当 豪华 的 花园 洋房 ， 两 扇 大大 的 红 门 ， 高高 的 围墙 ， 修剪 得 像 一个 个 小 亭子 似的 榕树 从 围墙 顶端 露 了 出来 。
围墙 里 有 栋 两 层 楼 的 建筑 ， 外 壁 上 贴 着 讲究 的 花砖 ， 有 美丽 的 壁灯 ， 和 别致 的 圆形 窗子 。
那 围墙 的 红 门 上 挂 着 一 块 黑 底 金 字 的 牌子 ， 是 ： “ 柏 宅 ” 方 丝 萦 再 看 了 一 眼 身边 的 男人 。
“ 这 路边 的 大 房子 是 你 的 家 吗 ？
柏 先生 ？
” 她 问 。
那 男人 惊 跳 了 一下 。
“ 你 怎么 知道 我 姓 柏 ？
” 他 迅速 的 问 。
“ 这 很 简单 ， 你 说 你 的 家 就 在 附近 ， 这 栋 房子 是 附近 唯一 考究 的 建筑 ， 从 你 的 服饰 看来 ， 你 应该 是 栋 考究 住宅 的 主人 。
而 这 房子 的 大门 上 ， 挂 着 ‘ 柏 宅 ’ 的 牌子 。
” “ 唔 ， ” 那 人 放松 了 面部 的 肌肉 。
“ 你 的 联想 力 倒 很 丰富 。
你 做 什么 的 ？
一个 作家 ？
