 明儿 仔细 揭 你 的 皮 ！
” 小 双 还是 不 做 声 。
赵 嬷嬷 又 道 ： “ 你 别 以为 还是 从 前 住 的 深 堂 大院 哪 ， 由 得 你 疯 疯颠颠 ！
这儿 可是 挤 鼻子 挤 眼睛 的 ， 什么 事 瞒 得 了 人 ？
趁早 别 讨 打 ！
” 屋里 顿时 鸦雀无声 。
赵 嬷嬷 害眼 ， 枕头 里 塞 着 菊花 叶子 ， 据说 是 使 人 眼目 清凉 的 。
她 欠 起 头 来 按 了 一 按 髻 上 横 绾 的 银 簪 ， 略 一 转 侧 ， 菊叶 便 沙沙 作 响 。
赵 嬷嬷 翻 了 了 身 ， 吱吱 格格 牵动 了 全身 的 骨节 ， 她 唉 了 一 声道 ： “ 你们 懂得 什么 ！
” 小 双 与 凤 箫 依旧 不 敢 接 嘴 。
久久 没有 人 开口 ， 也 就 一个 个 的 朦胧 睡 去 了 。
天 就 快 亮 了 。
那 扁 扁 的 下 弦月 ， 低 一点 ， 低 一点 ， 大 一点 ， 像 赤金 的 脸盆 ， 沉 了 下去 。
天 是 森 冷 的 蟹 壳 青 ， 天底下 黑 粜 什么 了不得 的 心事 ， 要 抽 这个 解闷 儿 ？
“ 玳 珍兰仙 手 挽 手 一同 上楼 ， 各人 后面 跟着 贴身 丫鬟 ， 来到 老太太 卧室 隔壁 的 一 间 小小的 起 坐 间 里 。
老太太 的 丫头 榴 喜迎 了 出来 ， 低声 道 ： “ 还 没 醒 呢 。
” 玳 珍 抬头 望 了 望 挂钟 ， 笑 道 ： “ 今儿 老太太 也 晚 了 。
” 榴 喜 道 ： “ 前 两 天 说是 马路 上 人声 太 杂 ， 睡 不 稳 。
这 现在 想 是 惯 了 ， 今儿 补足 了 一 觉 。
” 紫榆 百龄 小 圆桌 上 铺 着 红 毡 条 ， 二 小姐 姜云泽 一边 坐 着 ， 正 拿 着 小 钳子 磕 核桃 呢 ， 因 丢 下 了 站 起来 相见 。
玳 珍 把手 搭 在 云 泽 肩上 ， 笑 道 ： “ 还是 云 妹妹 孝心 ， 老太太 昨 儿 一时 高兴 ， 叫做 糖 核桃 ， 你 就 记住 了 。
” 兰 仙 玳 珍 便 围 着 桌子 坐下 了 ， 帮 着 剥 核桃 衣 子 。
云泽 手 酸 了 ， 放下 了 钳子 ， 兰仙 接 了 过来 。
玳 珍 道 ： “ 当心 你 那 水葱 似的 指甲 ， 养 得 这么 长 了 ， 断 了 怪 可惜 的 ！
” 云泽道 ： “ 叫 人 去 拿 金 指甲 套子 去 。
” 兰仙 笑 道 ： “ 有 这些 麻烦 的 ， 倒不如 叫 他们 拿 到 厨房 里 去 剥 了 ！
” 众人 低声 说 笑 着 ， 榴 喜 打 起 帘子 ， 报道 ： “ 二 奶奶 来 了 。
” 兰仙 云泽 起身 让 坐 ， 那 曹 七 巧 且 不 坐下 ， 一 只 手 撑 着 门 ， 一 只 手 撑 了 腰 ， 窄窄 的 袖口 里 垂 下 一 条 雪青 洋 绉 手帕 ， 身上 穿 着 银 红 衫 子 ， 葱白 线香 滚 ， 雪青 闪 蓝 如意 小脚 裤子 ， 瘦 骨 脸 儿 ， 朱 口 细 牙 ， 三 角 眼 ， 小山 眉 ， 四 下 里 一 看 ， 笑 道 ： “ 人 都 齐 了 。
今儿 想必 我 又 晚 了 ！
怎 怪 我 不 迟到 —— 摸 着 黑 梳 的 头 ！
谁 教 我 的 窗户 冲 着 后 院子 呢 ？
单单 就 派 了 那么 间 房 给 我 ， 横竖 我们 那 位 眼 看 是 活 不 长 的 ， 我们 净 等 着 做 孤儿 寡妇 了 —— 不 欺负 我们 ， 欺负 谁 ？
” 玳 珍 淡淡的 并不 接口 ， 兰仙 笑 道 ： “ 二嫂 住 惯 了 北京 的 屋子 ， 怪不得 嫌 这儿 憋闷 得 慌 。
” 云泽道 ： “ 大哥 当初 找 房子 的 时候 ， 原 该 找 个 宽敞 些 的 ， 不过 上海 像 这样 的 ， 只怕 也 算 敞亮 的 了 。
” 兰仙道 ： “ 可 不 是 ！
家里人 实在 多 ， 挤 是 挤 了 点 —— ” 七 巧 挽 起 袖口 ， 把 手帕 子 掖 在 翡翠 镯子 里 ， 瞟 了 兰仙一 眼 ， 笑 道 ： “ 三 妹妹 原来 也 嫌 人 太 多 了 。
连 我们 都 嫌 人 多 ， 像 你们 没 满月 的 自然 更 嫌 人 多 了 ！
” 兰仙 听 了 这 话 ， 还 没有 怎么 ， 玳 珍 先 红 了 脸 ， 道 ： “ 玩 是 玩 ， 笑 是 笑 ， 也 得 有 个 分寸 ， 三 妹妹 新 来 乍 到 的 ， 你 让 她 想 着 咱们 是 什么样 的 人家 ？
” 七 巧 扯 起 手绢 子 的 一角 遮住 了 嘴唇 道 ： “ 知道 你们 都 是 清 门 净 户 的 小姐 ， 你 倒 跟 我 换 一 换 试试 ， 只怕 你 一 晚上 也 过 不 惯 。
” 玳 珍 啐 道 ： “ 不 跟 你 说 了 ， 越 说 你 越 上 头 上 脸 的 。
” 七 巧 索性 上前 拉 住 玳 珍 的 袖子 道 ： “ 我 可以 赌 得 咒 —— 这 三 年 里 头 我 可以 赌 得 咒 ！
你 敢 赌 么 ？
” 玳 珍 也 撑 不 住 噗嗤 一 笑 ， 咕哝 了 一 句 道 ： “ 怎么 你 孩子 也 有 了 两 个 ？
” 七巧道 ： “ 真 的 ， 连 我 也 不 知道 这 孩子 是 怎么 生 出来 的 ！
越 想 越 不 明白 ！
” 玳 珍 摇手 道 ： “ 够 了 ， 够 了 ， 少 说 两 句 罢 。
就 算 你 拿 三 妹妹 当 自己 人 ， 没什么 避讳 ， 现 放 着 云 妹妹 在 这儿 呢 ， 待会儿 老太太 跟 着 一 告诉 ， 管 叫 你 吃 不 了 兜 着 走 ！
” 云泽 早 远远地 走开 了 ， 背 着 手 站 在 阳台 上 ， 撮 尖 了 嘴 逗 芙蓉 鸟 。
姜 家 住 的 虽然 是 早期 的 最 新式 洋房 ， 堆 花 红 砖 大 柱 支 着 巍峨 的 拱门 ， 楼上 的 阳台 却 是 木板 铺 的 地 。
黄杨 木 阑 干 里面 ， 放 着 一 溜 大 篾 篓子 ， 晾 着 笋干 。
敝 旧 的 太阳 弥漫 在 空气 里 像 金 的 灰尘 ， 微微 呛 人 的 金 灰 ， 揉 进 眼睛 里 去 ， 昏 昏 的 。
街上 小贩 遥遥 摇 着 拨浪鼓 ， 那 瞢 腾 的 “ 不 楞 登 …
…
