”/wyy“/wyz宝贝/n，/wd你/rr说话/vi呀/y？/ww
”/wyy…/ws
…/ws
鹦鹉/n的/ude1嘴/n像/v被/pbei胶水/n黏住/v了/ule一/m样/q。/wj
有时候/d，/wd它/rr会/v“/wyz呼啦/o”/wyy一下/mq突然/ad飞/vi起来/vf，/wd在/p屋子/n里/f盘旋/v几/m圈/qv，/wd再/d稳稳地/z落/v在/p它/rr的/ude1秋千/n上/f，/wd随着/p秋千/n荡/v来/vf荡/v去/vf，/wd注视/v着/uzhe房子/n里/f的/ude1人/n和/cc物/ng…/ws
…/ws
这时候/rzt，/wd李/nr1庸才/n感到/v它/rr是/vshi一个/mq活物/n。/wj
那个/rz秋千/n摇摆/v的/ude1幅度/n越来越/d小/a，/wd终于/d停/vi下来/vf。/wj
它/rr一动不动/dl地/ude2站/vi着/uzhe，/wd和/cc那个/rz秋/tg千一/m样/q，/wd变成/v了/ule木头/n。/wj
是的/vl，/wd李庸/nr一点/mq都/d不/d喜欢/vi它/rr。/wj
吃饭/vi的/ude1时候/n，/wd它/rr经常/d会/v像/p轰炸机/n一样/uyy把/pba一/m粒/q粪便/n投放/v在/p饭桌/n上/f，/wd甚至/d准确/a地/ude2投放/v在/p李庸/nr的/ude1酒杯/n里/f。/wj
李庸/nr抬/v起/vf头/n，/wd愤怒/a地/ude2寻找/v它/rr。/wj
朱/nr1环/n就/d咯咯/o咯/y地/ude2笑/v。/wj
李庸/nr不/d奢望/v朱/nr1环/n把/pba它/rr扔掉/v，/wd只/d希望/v她/rr能/v用/p链子/n把/pba它/rr固定/v，/wd不要/d乱/d飞舞/v。/wj
朱/nr1环/n不/d同意/v。/wj
她/rr说/v：/wp“/wyz那样/rzv，/wd它/rr多/d痛苦/a啊/y。/wj
它/rr也/d知道/v憋闷/a的/ude1。/wj
”/wyy她/rr是/vshi个/q善良/a的/ude1女人/n。/wj
有/vyou一/m次/qv，/wd鹦鹉/n好像/v病/n了/y，/wd不/d吃/v不/d喝/vg。/wj
朱/nr1环/n竟然/d急/ad哭/v了/y。/wj
李庸/nr不/d理解/v她/rr的/ude1眼泪/n。/wj
但是/c，/wd他/rr不/d恼怒/an，/wd用/p粗糙/a的/ude1大/a手/n抚摩/v着/uzhe朱/nr1环/n的/ude1头发/n，/wd耐心/a地/ude2劝/v。/wj
朱/nr1环/n猛地/d把/pba他/rr的/ude1手/n打开/v，/wd大声/d说/v：/wp“/wyz我/rr没/d在家/vi的/ude1时候/n，/wd你/rr肯定/d虐待/v它/rr了/y！/wt
”/wyy李庸/nr不/d辩解/vi，/wd只是/d说/v：/wp“/wyz不/d就是/v一/m只/q鹦鹉/n吗/y？/ww
它/rr要/v是/vshi死/v了/y，/wd我/rr再/d给/p你/rr买/v一/m只/q。/wj
别/d哭/v。/wj
”/wyy朱/nr1环/n的/ude1嗓门/n更/d大/a了/y：/wp“/wyz你/rr的/ude1心/n可/c真/d狠/a啊/y！/wt
就/d是/vshi有/vyou一/m天/qt我/rr死/v了/y，/wd也/d没什么/vl了不起/a，/wd你/rr可以/v再/d娶/v一个/mq，/wd是/vshi不/d是/vshi？/ww
”/wyy朱/nr1环发/n起/vf脾气/n来/vf显得/v有点/d凶/a蛮/a。/wj
“/wyz你/rr是/vshi你/rr，/wd鸟/n是/vshi鸟/n。/wj
”/wyy李庸/nr笨/a嘴/n笨/a舌/n地/ude2说/v。/wj
神秘/a的/ude1戒指/n朱/nr1环/n是/vshi个/q挺/d平常/a的/ude1女人/n，/wd微微/d有点/d胖/a。/wj
她/rr从/p头/n到/v脚/n都/d看/v不/d出/vf什么/ry特别/d来/vf。/wj
只/d是/vshi，/wd她/rr有/vyou一/m枚/q令/v人/n刮目相看/vl的/ude1戒指/n。/wj
那/rzv是/vshi一/m枚/q金/b戒指/n，/wd很/d大/a，/wd看上去/v沉甸甸/z的/ude1。/wj
中间/f镶嵌/v一/m颗/q绿/a绿/a的/ude1玉/n，/wd大家/rr叫/vi不/d上/vf那/rzv玉/n的/ude1名字/n，/wd反正/d很/d漂亮/a。/wj
黄金/n有/vyou价/n玉/n无价/vi，/wd对于/p石头/n胡同/n的/ude1女人/n来说/uls，/wd这/rzv枚/q戒指/n绝对/d是/vshi一/m件/q奢侈品/n。/wj
偶尔/d，/wd几/m个/q邻居/n女人/n在/p一起/s打牌/vi，/wd朱/nr1环/n那/rzv戴/v着/uzhe戒指/n的/ude1手/n就/d特别/d显眼/a，/wd大家/rr总是/d要/v羡慕/v地/ude2夸/v几/m句/q。/wj
因此/c，/wd朱/nr1环/n在/p邻居/n中/f的/ude1地位/n也/d就/d高/a了/ule许多/m。/wj
蒋/nr1柒/nz问/v过/uguo她/rr：/wp“/wyz这/rzv戒指/n很/d贵/a吧/y？/ww
”/wyy朱/nr1环/n笑/v而/cc不/d语/ng。/wj
“/wyz以前/f没/d见/v你/rr戴/v过/uguo啊/y。/wj
是/vshi李庸/nr给/p你/rr买/v的/ude1吗/y？/ww
”/wyy朱/nr1环/n撇/v撇嘴/vi说/v：/wp“/wyz他/rr会/v给/p我/rr买/v这么/rz贵/a的/ude1东西/n？/ww
那/rzv还/d不如/v放/v他/rr的/ude1血/n了/y。/wj
”/wyy“/wyz那/rzv是/vshi你/rr自己/rr买/v的/ude1？/ww
”/wyy“/wyz那/rzv不/d是/vshi和/cc放/v他/rr的/ude1血/n一样/a吗/y？/ww
”/wyy蒋/nr1柒/nz立即/d笑/v起来/vf，/wd说/v：/wp“/wyz李庸/nr如果/c知道/v这/rzv戒指/n的/ude1来历/n，/wd那/rzv一定/d比/p放/v他/rr的/ude1血/n还/d难受/a。/wj
”/wyy“/wyz你/rr别/d胡说/v啊/y！/wt
”/wyy“/wyz那/rzv是/vshi哪/ry来/vf的/ude1？/ww
总/d不/d会/v是/vshi你/rr捡/v的/ude1吧/y？/ww
”/wyy“/wyz你/rr肯定/d猜/v不/d着/uzhe，/wd快/d打牌/vi吧/y。/wj
”/wyy邻居/n们/k一直/d没有/d打/v探/v出/vf这/rzv枚/q戒指/n的/ude1来历/n。/wj
其实/d，/wd它/rr在/p李庸/nr心中/s也/d是/vshi个/q谜/n。/wj
他/rr记得/v他/rr和/cc朱/nr1环/n刚/d结婚/vi的/ude1时候/n，/wd她/rr并/d没有/v这/rzv枚/q戒指/n。/wj
不/d知道/v什么/ry时候/n起/vf，/wd这/rzv枚/q戒指/n突然/ad就/d出现/v在/p了/ule她/rr的/ude1手上/s。/wj
他/rr曾经/d问/v过/uguo朱/nr1环/n。/wj
朱/nr1环/n含糊/a地/ude2说/v：/wp“/wyz是/vshi我/rr祖母/n送给/v我/rr的/ude1。/wj
”/wyy朱/nr1环/n的/ude1祖母/n已经/d去世/vi很/d多/m年/qt了/y，/wd死/v无/v对证/vn。/wj
“/wyz我/rr怎么/ryv不/d知道/v？/ww
”/wyy“/wyz为什么/ryv非得/d让/v你/rr知道/v？/ww
”/wyy“/wyz你/rr以前/f没/d戴/v过/uguo它/rr呀/y。/wj
”/wyy“/wyz我/rr舍不得/v。/wj
”/wyy“/wyz这/rzv东西/n值/v很多/m钱/n吧/y？/ww
”/wyy“/wyz我/rr一个/mq同学/n说/v，/wd她/rr去/vf新加坡/nsf买/v过/uguo一/m枚/q戒指/n，/wd和/cc这个/rz一样/uyy，/wd要/v一千/m港币/n呢/y。/wj
”/wyy“/wyz一千/m港币/n能/v换/v多少/ry人民币/n？/ww
”/wyy“/wyz至少/d换/v一千/m块/q。/wj
”/wyy“/wyz这么/rz一个/mq小/a东西/n值/v一千/m块/q？/ww
那/rzv还/d不如/v…/ws
…/ws
”/wyy“/wyz卖/v了/y？/ww
”/wyy“/wyz你/rr想/v哪儿/rys去/vf了/y。/wj
”/wyy“/wyz这/rzv戒指/n是/vshi有/vyou魔法/n的/ude1，/wd你/rr可/v千万/m别/d碰/v它/rr，/wd否则/c，/wd你/rr会/v倒霉/a的/ude1。/wj
”/wyy朱/nr1环/n说/v这/rzv句/q话/n的/ude1时候/n笑眯眯/z的/ude1，/wd李庸/nr却/d感到/v有些/rz不/d舒服/a。/wj
朱/nr1环/n是/vshi一个/mq心直口快/vl的/ude1人/n，/wd城府/n很/d浅/a，/wd很/d少/a有/vyou什么/ry事/n隐瞒/v李庸/nr。/wj
但是/c，/wd对于/p这/rzv枚/q戒指/n她/rr却/d一直/d闪烁/v其/rz辞/ng。/wj
平/v浅/a的/ude1朱/nr1环/n突然/ad有/vyou了/ule秘密/a，/wd对于/p李庸/nr来说/uls，/wd这/rzv是/vshi一/m件/q趣事/n，/wd就/d像/v一马平川/nl上/f突然/ad有/vyou了/ule起伏/vi的/ude1山/n。/wj
他/rr不再/d追问/v这/rzv戒指/n的/ude1来历/n，/wd甚至/c有意/d回避/v这/rzv件/q事/n。/wj
他/rr小心翼翼/dl地/ude2保护/v着/uzhe朱/nr1环/n的/ude1这个/rz秘密/n。/wj
他/rr以为/v，/wd终于/d有/vyou一/m天/qt，/wd朱/nr1环/n就/d会/v在/p一个/mq夜里/t忍不住/v对/p他/rr说/v：/wp“/wyz李庸/nr啊/y，/wd我/rr想/v对/p你/rr说/v一/m件/q事/n…/ws
…/ws
”/wyy可是/c，/wd出乎/v李庸/nr预料/v，/wd朱/nr1环/n一直/d没有/d告诉/v他/rr什么/ry。/wj
李庸/nr越来越/d对/p这/rzv枚/q戒指/n好奇/a了/y。/wj
他/rr注意/v观察/v朱/nr1环/n，/wd发现/v她/rr把/pba这/rzv枚/q戒指/n当成/v了/ule命根子/n。/wj
平时/t，/wd她/rr上班/vi从来/d不/d戴/v它/rr，/wd而是/c把/pba它/rr放/v在/p一个/mq圆形/n的/ude1茶叶/n盒/ng里/f，/wd摆/v在/p梳妆台/n上/f。/wj
只有/c出/vf去/vf逛/v街/n的/ude1时候/n，/wd或者/c和/cc邻居/n们/k打牌/vi的/ude1时候/n，/wd她/rr才/d会/v戴/v上/vf它/rr。/wj
每/rz次/qv她/rr把/pba它/rr从/p茶叶/n盒/ng里/f拿/v出来/vf，/wd都/d小心翼翼/dl的/ude1，/wd从来/d不/d会/v朝外/nz倒/vi，/wd那样/rzv，/wd会/v出现/v磕碰/vi，/wd弄/v不好/a就/d会/v留下/v划痕/n。/wj
她/rr每次/r都/d慢慢/d扭/v开/v茶叶/n盒/ng的/ude1盖/ng，/wd从/p上面/f伸/v进/vf两/m根/q手指/n，/wd把/pba它/rr轻轻/d夹/v出来/vf…/ws
