…/ws
渐渐/d地/ude2，/wd这/rzv枚/q莫名其妙/al的/ude1戒指/n，/wd在/p李庸/nr的/ude1心里/s结成/v了/ule一个/mq疙瘩/n。/wj
李庸/nr不/d打/v更/d的/ude1时候/n，/wd偶尔/d睡/v不/d着/uzhe，/wd常常/d朝/p那个/rz茶叶/n盒/ng看/v一/m眼/q。/wj
他/rr白班/n一/m周/nr1晚班/n一/m周/qt。/wj
有/vyou月亮/n的/ude1时候/n，/wd那个/rz茶叶/n盒/q明晃晃/z地/ude2摆/v在/p梳妆台/n上/f，/wd好像/v无声/vi地/ude2和/p他/rr对视/vi。/wj
它/rr的/ude1影子/n显得/v出奇/a的/ude1长/a。/wj
而/cc没有/v月亮/n的/ude1时候/n，/wd那个/rz茶叶/n盒/ng就/d是/vshi一个/mq影影绰绰/al的/ude1黑影/n，/wd越/d看/v越/d诡异/a。/wj
一/m天/qt半夜/t，/wd他/rr半/m梦/n半/m醒/v地/ude2起/vf了/ule床/n，/wd蹑手蹑脚/z地/ude2走向/v了/ule那个/rz茶叶/n盒/q…/ws
…/ws
他/rr学/v着/uzhe朱/nr1环/n的/ude1样子/n，/wd轻轻/d扭/v开/v了/ule它/rr。/wj
由于/p紧张/a，/wd他/rr弄/v出/vf了/ule声音/n。/wj
是/vshi盒/q身/ng和/cc盒/ng盖/v碰撞/v出/vf了/ule响声/n，/wd很/d清脆/a：/wp“/wyz哐啷/o！/wt
”/wyy他/rr吓/v得/ude3一/d哆嗦/vi，/wd猛地/d回头/d看/v朱/nr1环/n。/wj
她/rr的/ude1脸/n朝着/p李庸/nr的/ude1方向/n。/wj
但是/c，/wd她/rr的/ude1眼睛/n闭/v着/uzhe，/wd似乎/d没有/d醒/v。/wj
李庸/nr静静/nr2注视/v了/ule她/rr一会儿/mq，/wd确定/v她/rr没有/d醒/v，/wd才/c慢慢/d回过/v头/n，/wd继续/v开启/v茶叶/n盒/ng。/wj
他/rr终于/d把/pba它/rr打开/v了/y。/wj
奇怪/v的/ude1是/vshi，/wd里面/f还是/v一个/mq茶叶/n盒/ng，/wd它/rr和/cc外面/f的/ude1茶叶/n盒/q一模一样/al，/wd只是/c略微/d小/a一些/mq。/wj
他/rr愣住/vi了/y。/wj
这/rzv盒/q茶叶/n是/vshi他/rr的/ude1一个/mq表舅/n来/vf串门/vi时/ng买/v的/ude1礼/n，/wd茶叶/n早/tg喝/vg光/n了/y，/wd而/cc这个/rz铁/n盒子/n挺/d好/a看/v，/wd上面/f画/v着/uzhe竹子/n和/cc熊猫/n，/wd因此/c一直/d没有/d扔掉/v。/wj
可/v它/rr只/d是/vshi一个/mq空/a盒子/n啊/y。/wj
他/rr扭/v开/v里面/f的/ude1这个/rz小/a盒子/n，/wd发现/v小/a盒子/n的/ude1里面/f还有/v一个/mq更/d小/a的/ude1盒子/n，/wd就/d像/v一/m种/q叫/vi“/wyz套/v娃/ng”/wyy的/ude1玩具/n…/ws
…/ws
他/rr一/m层层/q地/ude2打开/v。/wj
扭/v开/v十几/m个/q盒子/n，/wd还/d不/d见/v那/rzv枚/q戒指/n。/wj
他/rr越来越/d感到/v害怕/v了/y。/wj
他/rr不/d知道/v最后/f他/rr会/v看见/v什么/ry。/wj
终于/d，/wd他/rr打开/v了/ule最后/f一个/mq最/d小/a的/ude1盒子/n。/wj
里面/f装/v的/ude1似乎/d并/d不/d是/vshi什么/ry戒指/n，/wd而是/c一个/mq亮晶晶/z的/ude1东西/n，/wd好像/v还/d在/p缓缓/d地/ude2动/v。/wj
这/rzv是/vshi什么/ry啊/y？/ww
他/rr把/pba眼珠/n凑/v上/f近/v前/f，/wd仔细/ad看/v。/wj
突然/a，/wd他/rr看/v清/v了/ule那个/rz东西/n，/wd吓/v得/ude3尖叫/vi了/ule一/m声/qv，/wd“/wyz哐啷/o”/wyy一/m声/qv就/d把/pba那/rzv个/q最/d小/a的/ude1盒子/n扔/v到/v了/ule地上/s。/wj
那/rzv是/vshi一/m只/q眼/n珠子/n！/wt
他/rr叫/vi了/ule一/m声/qv后/f，/wd下意识/n地/ude2回过/v头/n去/vf。/wj
朱/nr1环/n被/pbei他/rr弄/v醒/v了/y，/wd正/d在/p床/n上/f朝/p他/rr看/v着/uzhe。/wj
她/rr只/d睁/v开/v了/ule一/m只/q眼睛/n。/wj
那/rzv只/q眼/n珠子/n闪/vi着/uzhe亮晶晶/z的/ude1光/n，/wd缓缓/d地/ude2转动/v着/uzhe…/ws
…/ws
李庸/nr猛地/d从/p梦/n中/f醒/v过来/vf。/wj
他/rr听见/v朱/nr1环/n大声/d叫/vi着/uzhe他/rr：/wp“/wyz你/rr怎么/ryv了/y？/ww
你/rr叫/vi什么/ry呀/y？/ww
”/wyy李庸/nr用/p被子/n擦/v了/ule一下/mq额头/n上/f的/ude1冷汗/n，/wd说/v：/wp“/wyz没什么/vl…/ws
…/ws
我/rr做梦/vi了/y。/wj
”/wyy“/wyz什么/ry梦/n？/ww
”/wyy粗心大意/vl的/ude1朱/nr1环/n第一/m次/qv变/v得/ude3细心/a起来/vf。/wj
“/wyz好/a了/y，/wd睡/v吧/y。/wj
”/wyy李庸/nr不/d想/v再/d回忆/v梦/n里/f的/ude1情节/n。/wj
“/wyz你/rr到/v底/f梦见/v什么/ry了/y？/ww
”/wyy李庸/nr看/v了/ule看/v梳妆台/n上/f那个/rz茶叶/n盒/ng，/wd说/v：/wp“/wyz我/rr梦见/v了/ule那个/rz茶叶/n盒/ng。/wj
”/wyy“/wyz然后/c呢/y？/ww
”/wyy“/wyz那个/rz盒子/n里/f装/v的/ude1是/vshi一/m只/q眼/n珠子/n。/wj
”/wyy朱/nr1环/n的/ude1手/n一/m下/f抠/v住/vi了/ule他/rr的/ude1肩/n。/wj
“/wyz你/rr怎么/ryv了/y？/ww
”/wyy“/wyz我/rr…/ws
…/ws
”/wyy“/wyz你/rr到/v底/f怎么/ryv了/y？/ww
”/wyy“/wyz我/rr…/ws
…/ws
我/rr说/v出来/vf，/wd你/rr可/v别/d害怕/v啊/y。/wj
”/wyy“/wyz你/rr说/v吧/y。/wj
”/wyy“/wyz我/rr刚才/t也/d做梦/vi了/y…/ws
…/ws
”/wyy“/wyz你/rr梦见/v什么/ry了/y？/ww
”/wyy“/wyz我/rr梦见/v你/rr爬/v起来/vf，/wd鬼鬼祟祟/al地/ude2走向/v了/ule那个/rz茶叶/n盒/ng。/wj
你/rr打开/v它/rr之后/f，/wd还/d回头/d看/v了/ule我/rr一/m眼/q，/wd然后/c伸手/vi抠/v出/vf自己/rr的/ude1一/m只/q眼/n珠子/n，/wd放/v了/ule进去/vf…/ws
…/ws
”/wyy这个/rz梦/n在/p李庸/nr的/ude1心里/s留下/v了/ule深深/a的/ude1烙印/n。/wj
它/rr成/v了/ule一/m种/q暗示/v。/wj
从/p那/rzv以后/f，/wd每次/r李庸/nr睡/v不/d着/uzhe，/wd看/v那/rzv个/q茶叶/n盒/ng，/wd都/d觉得/v那/rzv里面/f好像/v有/vyou一/m只/q眼珠/n在/p看/v他/rr。/wj
那/rzv只/q眼珠/n永远/d不/d睡觉/vi。/wj
又/d一/m天/qt晚上/t，/wd他/rr半夜/t里/f又/d梦见/v了/ule那/rzv只/q眼/n珠/ng，/wd一下/mq醒/v了/y。/wj
朱/nr1环/n在/p睡/v着/uzhe，/wd发出/v轻微/a的/ude1鼾声/n。/wj
房子/n里/f静/a极了/u，/wd月亮/n半/m明/tg半/m暗/a。/wj
他/rr还是/d不/d放心/v地/ude2朝/p那个/rz茶叶/n盒/ng看/v了/ule看/v。/wj
他/rr倒/d吸/v一/m口/q冷气/n——/wp他/rr竟然/d又/d看见/v了/ule那个/rz眼珠/n。/wj
那个/rz眼珠/n已经/d爬/v出/vf了/ule盒子/n，/wd正在/d盒子/n后/f闪动/v着/uzhe。/wj
他/rr眯/v起/vf眼/n，/wd看/v清/a那/rzv眼珠/n的/ude1后面/f是/vshi一/m堆/q毛烘烘/z的/ude1身子/n。/wj
他/rr的/ude1心/n放/v下来/vf。/wj
那/rzv是/vshi他/rr家里/s养/v的/ude1猫/n。/wj
猫/n躲/v在/p茶叶/n盒/ng后面/f，/wd挡住/v了/ule一/m只/q眼/n珠/ng，/wd正/d在/p朝/p他/rr看/v。/wj
可是/c，/wd他/rr接着/c就/d感到/v不/d对头/a了/y。/wj
这/rzv只/q猫/n深/d更/d半夜/t不/d睡觉/vi，/wd看/v他/rr干/v什么/ry？/ww
他/rr在/p黑暗/an中/f紧紧/d盯/v着/uzhe它/rr…/ws
…/ws
终于/d，/wd他/rr抵/v不/d住/vi稠/a黏/a的/ude1睡意/n勾引/v，/wd又/d沉沉/z地/ude2睡/v过去/vf了/y。/wj
这/rzv天/qt早上/t，/wd李庸/nr下/vf了/ule班/n，/wd回到/v家/q。/wj
朱/nr1环/n上班/vi去/vf了/y。/wj
他/rr本/d应该/v补/v觉/ng，/wd可是/c，/wd他/rr怎么/ryv都/d睡/v不/d着/uzhe。/wj
他/rr走/v到/v梳妆台/n前/f，/wd不/d太/d麻利/a地/ude2打开/v了/ule那个/rz茶叶/n盒/ng。/wj
里面/f空荡荡/z的/ude1，/wd朱/nr1环/n的/ude1那/rzv枚/q戒指/n孤单/a地/ude2躺/v在/p里面/f。/wj
他/rr把/pba它/rr拿/v出来/vf，/wd第一/m次/qv认真/a地/ude2端详/v它/rr。/wj
它/rr就/d是/vshi一/m枚/q普通/a的/ude1戒指/n，/wd不/d怎么/ryv漂亮/a，/wd而且/c好像/v是/vshi镀金/vi的/ude1。/wj
那/rzv已经/d暗淡/a的/ude1老/a黄色/n和/cc玉/n的/ude1老/a绿色/n搭配/vd在/p一起/s，/wd显得/v有点/d古怪/a。/wj
李庸/nr把/pba它/rr扔/v进/vf盒子/n里/f，/wd盖/v上/f盖/v，/wd放在/v梳妆台/n上/f，/wd钻/v进/vf被窝/n睡/v了/y。/wj
那天/t晚上/t，/wd朱/nr1环/n下班/vi回到/v家/q，/wd忙/ad忙活/vi活/a地/ude2做饭/vi。/wj
李庸/nr在/p看/v电视/n。/wj
电视/n上/f正在/d演/v一个/mq磨/v磨/v叽叽/o的/ude1古装/n片/q。/wj
过/vf了/ule一会儿/mq，/wd朱/nr1环/n扎/v着/uzhe围裙/n走/v到/v他/rr的/ude1身旁/s，/wd站/vi住/vi了/y。/wj
“/wyz吃饭/vi了/y？/ww
”/wyy李庸/nr的/ude1眼睛/n没有/d离开/v电视/n，/wd问/v了/ule一/m句/q。/wj
