“ 除了 自然 老化 ， 许多 不良 生活 习惯 正 不断 加速 着 颈椎 的 老化 ， ” 吴 主任 列举 道 ， “ 长时间 伏 案 工作 、 低头 操作 、 躺 在 床 上 看 书 看电视 、 睡觉 时 枕头 过 高 等 ， 都 使 颈椎 长时间 处于 屈 曲 状态 。
” 这些 不良 姿势 会 改变 颈椎 原有 的 生理 曲 度 ， 使 颈项 肌 长期 处于 紧张 和 过度 疲劳 状态 ， 这 会 加速 颈 椎间盘 的 退 变 和 颈 部 软组织 的 劳损 。
许多 上班族 都 有 这样 的 体会 ， 经过 一整天 的 劳累 工作 ， 后 颈 部 常常 酸痛 难 忍 ， 这 往往 就 是 颈椎病 的 先兆 （ 医学 上 称为 颈 型 颈椎病 ） 。
药物 ， 只能 缓解 症状 颈 肩 痛 、 手脚 麻 、 头晕 头痛 、 记忆力 下降 、 失眠 多 梦 ， 甚至 持 物 不 稳 、 行走 无力 …
…
这些 看似 毫无 关联 的 症状 ， 其实 都 是 颈椎病 的 常见 表现 。
“ 颈椎病 不 用 愁 ， 快 服 ××× ” “ 颈椎病 贴 ××× ， 万 贴 万 灵 ” …
…
朗朗上口 的 广告 语 不禁 勾 起 许多 颈椎病 病人 去除 不适 的 美好 遐想 。
然而 ， 这些 形形色色 的 药物 真 的 可以 治愈 颈椎病 ？
“ 目前 的 药物 大多 只 是 对 症 治疗 ， 这些 对 症 的 药物 只能 缓解 症状 ， 而 不 能 从 根本 上 治愈 颈椎病 。
” 吴 主任 如此 评价 道 。
“ 想 通过 药物 完全 治愈 颈椎病 ， 至少 在 目前 来说 还 不 现实 。
” 吴 主任 分析 ， 颈椎病 是 由于 年龄 的 增长 ， 椎间盘 逐渐 老化 所 致 （ 医学 上 称为 退 行 性 变 ） 。
“ 衰老 ” 的 椎间盘 开始 发生 各种 变形 （ 如 突出 或 骨质增生 ） 。
随之而来 的 是 它 周围 的 软组织 —— 脊 髓 、 神经 、 血管 的 受 压 。
它们 或 被 压迫 ， 或 被 刺激 ， 于是 就 有 了 上述 一 系列 不适 症状 。
说 到 治疗 颈椎病 的 药物 ， 吴 主任 如数家珍 —— 常用 的 对 症 口服药物 ， 如 消炎 镇痛 药 ， 主要 用于 缓解 颈 肩部 疼痛 以及 上肢 麻 痛 等 症状 ； 肌肉 松弛 药 ， 多 用于 缓解 肌肉紧张 ； 扩 血管 药 ， 常 用 于 缓解 椎 动脉 痉挛 狭窄 所 造成 的 头痛 、 眩晕 和 视觉 障碍 等 症状 ； 营养 神经 的 药物 ， 如 B 族 维生素 等 。
此外 ， 还有 许多 贴 敷药 物 ， 它们 多数 由 具有 活 血 化 淤 、 舒 筋 镇痛 等 功效 的 中药 制成 ， 在 一定 程度 上 可 起 到 抗炎 、 活 血 、 镇痛 、 局 麻 、 解 痉 等 作用 ， 能 改善 局部 血液 循环 、 减轻 肌肉 痉挛 、 消除 炎症 水肿 ， 对 缓解 颈 型 颈椎病 引起 的 颈 肩部 疼痛 效果 尤其 显 著 。
“ 实际上 ， 细 数 下来 ， 这些 药物 终究 也 只是 起 到 缓解 作用 ， 导致 不适 的 根本 原因 并 没有 消除 。
” 同时 ， 吴 主任 还 特别 指出 ， 对于 不同 贴 敷药 物 ， 由于 其 用 药 不同 ， 以及 个体 间 的 差异 ， 部分 病人 使用 某些 贴 敷药 物 后 ， 会 出现 皮肤 过敏 现象 。
如 出现 这种 情况 ， 应 立即 停 用 ， 如 情况 严重 应 尽快 就医 。
此外 ， 孕妇 、 局部 皮肤 有 破损 者 ， 也 不 适宜 用 这 类 贴 敷药 物 。
“ 能够 缓解 症状 ， 对 大多数 颈椎病 病人 来说 ， 就 是 很 好 的 治疗 手段 。
病人 没 必要 执 著 于 彻底 根除 。
重要 的 是 ， 改变 自己 不良 的 生活 和 工作习惯 ， 减慢 颈椎 老化 的 速度 。
” 吴 主任 总结 道 。
手术 ， 该 出手 时 敢 出 手 和 药物 相比 ， 手术 直接 切除 压迫 部位 ， 自然 从 根本上解决 了 问题 。
但是 ， 提起 手术 ， 大部分 人 谈 之 色 变 。
因为 手术台 上 ， 一旦 发生 意外 ， 随时 可能 带来 致命 的 手术 后遗症 —— 瘫痪 。
人 的 颈 段 脊 柱 由 七 块 颈椎 骨 以 “ 层层 叠 ” 的 方式 构成 。
“ 层层 叠 ” 的 后 方 有 一个 称为 “ 椎 管 ” 的 中空 管道 ， 里面 容纳 的 是 人体 重要 的 中枢神经 组织 —— 颈 脊 髓 。
它 是 连接 脑 部 和 周围 神经 的 重要 结构 。
一旦 颈椎 手术 伤 及 脊 髓 ， 最 严重 的 后果 可能 是 四肢 瘫痪 。
这 自然而然 成 了 许多 病人 的 心 结 。
“ 这 不必 担心 ， ” 吴 主任 如是说 ， “ 对于 经验 丰富 的 脊 柱 外科 医生 而言 ， 发生 这种 手术 意外 的 概率 不 超过 0. 1% 。
在 手术 前 ， 每 位 训练有素 的 脊 柱 外科 医生 第一 考虑 的 ， 也 是 最 重要 的 问题 ， 就是 如何 避免 病人 出现 这种 脊 髓 损伤 的 风险 。
” 相比之下 ， 不 了解 情况 的 病人 ， 往往 一味 避免 手术 ， 安全 虽然 有 了 保障 ， 病情 却 一 天 天 加重 。
吴 主任 就 曾 接诊 过 一 位 病人 ， 因 不 愿 手术 ， 直到 瘫痪 了 才 迫不得已 要求 手术 。
然而 ， 为时已晚 ， 颈椎病 导致 脊 髓 长期 受到 压迫 ， 脊 髓 已 受到 严重 损害 。
而 人体 的 中枢神经 细胞 是 不可 再生 的 ， 脊 髓 神经细胞 一旦 死亡 ， 就 不能 恢复 。
此时 不 管 手术 与否 ， 身体 都 无法 再 长 出 新 的 神经细胞 来 替代 。
“ 颈椎病 不 可怕 ， 可怕 的 是 不 分 青红皂白 、 一味 地 保守 治疗 。
