发 大 悲 心  行 菩萨 道 南 怀 瑾 语录  一个 人 如果 觉悟 了  悟 道 了  对 一切 功名 富贵 看 不 上  而 万事 不 管  脚 底下 抹 油 溜 了  这种 人 叫做 罗汉 
但是 菩萨 境界 则 不然  觉悟 了  解脱 了 世间 一切 的 痛苦  自己 升华 了  但是  看到 世上 林林总总 的 众生  还 在 苦难 中  就 要 再 回到 世间 广度 一切 众 生 
这种 牺牲 自我  利益 一切 众 生 的 行为  就是 所谓 有 情  是 大 乘 菩萨 道 
菩萨  南怀瑾 大师 的 解释 就是 " 觉悟 有 情 " 
也就是说  自己 觉悟 了  又 发 善心 度 人 
他 说  " 自立 立 他  自觉 觉 他  牺牲 自我  普济众生  这 才 是 大 乘 菩萨 永不 退 失 的 行 愿 
经云  ' 自 未 得 度  先 度 他人  菩萨 发 心  ' "
菩萨 已经 悟 透 了 " 五 蕴 皆 空 "  因为 " 有 情 "  尚未 到 一切 皆 空 的 境界  只是 接近 佛 境  还 没有 成 佛  但 他们 却 发 愿 将 众 生 超度 到 更 高 层次  也 就是 让 众 生成 佛 
菩萨 自己 还 未 成 佛  却 想 让 众 生成 佛  这 是 什么 境界 
修 佛 有 成 者  有 三 种 很 高 的 境界  佛  菩萨  罗汉 
罗汉 是 " 无情 " 的  正如南 大师 所 说  他们 觉悟 了  就 " 脚底 抹 油 溜 了 "  去 享受 他们 的 " 极 乐 " 去 了  不再 理会 我们 这些 尚 在 红尘 中 挣扎 的 人 
佛 在 有 情 无情 之间  对 芸芸众生  在 管 与 不 管  度 与 不 度 之间 
他 只是 用 一 片 佛 光引导 我们 自 度  不 肯 亲手 帮忙 
好比 一个 父亲 看见 孩子 摔 在 地上  不 扶 他 也 是 爱 他  帮 他 
只有 菩萨 是 " 有 情 " 的  她 有时 会 亲手 度 人 
我们 能 从 菩萨 那里 看到 实惠  自然 就 感觉 亲切 些 
这种 心情  如同 孩子 感觉 母亲 比 父亲 更 亲 
但是  菩萨 毕竟 不 是 世人 的 母亲  她 的 " 有 情 "  不是 " 人情 "  是 " 大 情 " 
人  鬼  畜生 她 都 要 管 
她 的 " 有 情 "  不 是 爱憎 之 情  而是 慈悲 之 心 
她 无 爱 亦 无 憎  自己 觉悟 了  却 悲 悯 后进 者 被 贪  嗔  痴 的 枷锁 所 系  想 做 一些 事  帮助 众 生 挣脱 枷锁  同 臻 极 乐 之 境 
在 这个 世界 上  佛  菩萨  罗汉 是否 真的 存在 
你 可能 要 说  不要 迷信 了  要 有 唯物主义 的 观点 才 行 
但是  南 大师 说  活佛  活菩萨  活 罗汉 是 确 确实 实 存在 的 
或者 说  有 佛 心  有 菩萨 心  有 罗汉 心 的 人世 上 很多 
活佛 境界 太 高  虽然 他们 存在  我们 也 看 不 见 -- 站 地 平原 上 的 人  哪 看得见 珠穆朗玛峰 顶 上 那 个 人 呢 
罗汉  菩萨 较 易 看见  比如  陶渊明 不 是 一 尊 活 罗汉 吗 
他 自己 觉悟 了  就 跑 到 深山 老 林  " 采 菊 东 篱 下  悠然 见 南山 " 
世人 做 事 要 有 几 份 菩萨 心肠 
一 位 财 大势 大 的 董事长  他 原本 拥有 好 多 个 矿山  家产 富足 
但是 却 恃 富 而 骄  贪 迷 五 欲  财大气粗  对 人 苛 薄 无 情  对 朋友 无 义  更 不 知 体恤 工人 
天有不测风云 ─ ─ 矿区 频频 出事  后来  他 也 发生 车祸  撞 断 了 腿 
为了 医治 腿  找 遍 名医  但 皆 无效  医 到 后来  矿山  房子 都 卖 光 了  事业 也 一败涂地 
以前 认识 他 的 人 却 说  " 这 是 报应   "
可见  平时 为富不仁  落难 时 也 难 得 他人 同情 
有 一个 平时 爱 花 钱 的 朋友 说  " 佛教 讲 广 结 善 缘  我 也 结 了 很多 缘 啊 
你 想想  我 一天到晚 请客  那 一 桌 桌 的 酒席  光 一 桌 就 一 万 多 元 
我 不 是 很 慷慨 吗 
而且 每 次 给 小姐 的 小费 每人 都 一千 元 以上 
很多 人 说 我 不 慷慨  到底 我 哪里 不 慷慨  "
他 是 非常 慷慨 
可是 他 不 知道 一 桌 的 酒席 费用  可 让 暗 角 的 众生  维持 很 久 的 生活 费用  破 茅屋 中  淋 雨 受寒 的 老 弱 贫 病  孤儿 寡妇 还 等待 救助 
他 更 不 知道 一 桌 数 万 元 酒席 的 钱  在 医院 中 也许 可以 救 回 一 条 人命 
他 或许 都 没 考虑 到 这些  只是 天天 过 着 纸醉金迷 的 生活  这 便是 顺 于 生死 的 众 生 
谁 才 是 真正 的 " 菩萨 " 
那些 怀 有 一 颗 善心 去 做 一 件 件 小事 的 人 
比如 那些 勤奋 敬业 的 老师  他们 自己 对 世界 的 理解 非常 有限  他们 却 愿意 用 自己 的 肩膀  将 学生 们 送 到 更 高 的 境界  这 不 正是 " 自 未 得 度  先 度 他人 " 吗 
比如 那些 奔波 于 各地 的 社会 志愿者 们  自己 尚且 工作 都 难保  却 愿意 拿 出 有限 的 能力 是 去 帮助 他人 
比如  那个 到处 要饭 的 乞丐  却 愿意 把 自己 讨 来 的 钱 捐 给 希望 小学 
-- 这 才 是 真正 的 " 活菩萨 " 
有 一 位 哲人 问 他 的 学生  " 对 一个 人 来说  最 需要 拥有 的 是 什么  "
答 案 很多  哲人 都 摇头 否定  但 有 一 位 学生 的 答 案 令 他 露出 了 笑容  那 位 同学 答道  " 一 颗 善心  "
哲学家 说  " 在 这 ' 善心 ' 两 字 中  包括 了 别人 所 说 的 一切 东西  "