基督 耶稣 为了 人类 而 被 钉 在 十字架 上  埋葬  但 基督 三 天 后 便 从 死 人 中 复活  升天 坐 在 全能 父 上帝 的 右边 
丁 主教 认为 复活 这 一 奇功 对于 基督教 整个 信仰 体系 来说  其 意义 极为 深远 
 从 死 里 复活 实在 是 上帝 在 这个 世界 上 进行 他 的 创造  救赎 和 圣化 之 工作 的 规律  也 是 维系 和 管理 整个 宇宙 的 法则  
丁 主教 在 复活 这 一 奇迹 上 特别 认同 保罗 的 赞歌   这 正 如 保罗 所 说  你 所 种 的 是 必 朽坏 的  复活 的 是 不 朽坏 的  所 种 的 是 羞辱 的  复活 的 是 荣耀 的  所 种 的 是 软弱 的  复活 的 是 强壮 的  
丁 主教 从 复活 这 一 奇迹 中 特别 看到   复活 的 真理 告诉 我们  生命 是 通过 损失  贫困  苦难 和 死亡 才 得着 的  
基督 死 而 复活 的 信息 使 整个 基督教 信仰 成为 有 盼望 的 体系 
基督 的 复活 表明 了 基督 已经 战胜 了 一切 的 恶 势力 
基督 的 复活 使 人类 不再 深 陷于 恐惧 和 黑暗 之中  从此  人类 可以 借 复活 这 一 福音 勇敢 地 面对 人生 
复活 和 升天 的 真理 是 宝贵 的  也 是 必不可少 的  故而 丁 主教 断言   基督 复活 的 事 人们 不 太 清楚  但是 有 十几 亿 的 人 认为  复活 所 代表 的 真理 很 深远  这个 违反 常识 的 信仰  两千年 采 没有 磨灭  尽管 谁 也 讲 不 清楚  但是  要 把 它 一笔勾销 的话  那 是 不 允许 的  
并且 基督徒 必须 责无旁贷 地 为 此 而 传扬 这 一 好 消息   复活 的 真理 是 旧 的 真理  
我们 是 这 一 信仰 的 继承 者  并 为 它 作 见证  
基督教 信仰 认为  教 会 是 被 上帝 选 召 的 人 所 组成 的 团 契 
基督 升天  但 他 并 没有 撇下 跟随 他 的 人 不 管  他 凭着 他 的 大 爱 和 大 能 在 地上 设立 教会 并 不断 地 引导 教会 前进 的 方向 
丁 主教 认为 教 会 是 属 基督 的 
教会 的 信仰 必须 以 基督 为 其 内容 
基督 借 圣灵 写信 给 小亚细亚 七 教会  正 表明 基督 对 教会 的 导引 
基督 的 工作 一直 伴随 着 教会 教会  逐步 地 把 它 引 往 上帝 的 爱 中  他 也 不 停 地 用 特别 的 方法 去 扶持 教会 
 基督 对 教会 的 爱 乃是 见 之 于 他 所 做 的 净化 和 圣 化 的 工作  
教会 是 基督 的 身体  基督 为 教会 的 根基 和 房 角 石 
他 建立 教会 的 目的 是 让 他 所 爱 的 人 能 在 地上 有 团契 生活  与 他 交通  人 与 人 之间 也 建立 彼此 交通 的 良好 关系 
基督 从不 间断 地 引导 着 教会 前进 的 脚步  他 希望 教会 成为 金 灯台  为 他 发光  把 他 的 爱 传播 到 每 一个 角落 
他 也 使 教 会 不断 地 得以 更新 和 得到 圣化 
基督徒 相信  人 只要 顺服 在 基督 爱 的 主宰 下  不管 那个 领域  耶稣 都 会 引导 他们  使 他们 与 上帝  与 人 和 好  建立 应有 的  正常 的 关系 
这 是 因为  基督 关心 宗教  灵性  教 会  信徒 等 方面 的 事  但是 基督 的 关怀 决 不 局限 于 如此 狭小 的 范围 之内  他 也 关心 还 没有 来 跟 从 他 的 人  
人 与 上帝 和 好 这 如 纵向 的 关系 之 理顺  而 人 与 人 和 好 便 如 理顺 横向 关系 了 
人 必须 与 身边 的 人 身边 的 环境 相处 得 合乎 其 道  这个 人 才 可能 成为 健全 的 人  因为 人 具有 社会性 而 不 可能 孤立 存在 
 人 与 人 和 好   随着 一个 很 自然 的 结果 便是 认同 教会 外面 的 真善美 
基督 道 成 肉身 并非 仅 为 了 基督徒  他 同样 为 一切 人 而 成为 人 的 一分 子  认识 基督 与否 都 生活 在 上帝 爱 的 主宰 之下 
基督 是 宇宙 的 基督  他 的 爱 普及 普 世 万 邦  他 的 眷顾 达到 每 一 件 事  每 一个 人   他 的 眷顾 是 对 创造 的 终极性 恩典  基督 希望 整个 人类 充满 爱  和平 与 正义 
首先  基督 关心 人们 的 饮食起居 
他 怜悯 饥饿 的  体贴 挨冻 的 
丁 主教 在 其 文集 中 特别 提到  在 门徒 看来 耶稣 的 工作 就 是 天 国 的 道  至于 解决 人们 的 吃饭 问题  那 不 是 他们 的 事  也 不 是 耶稣 的 事 
他们 说  叫 众人 散开  让 他们 各自 找 吃 的 去  但 耶稣 却 对 说  ‘ 你们 给 他们 吃 吧   ’ 
这里 的 耶稣 给 人 的 印象 是  达 则 兼 济 天下  的 道德 家 形象 
我们 的 主 并 不 反对 人 拥有 足够 的 东西  他 只是 要 有 得 吃 的 人 也 能 照顾 那 没 得 吃 的 
其次  耶稣 大力 提倡 道德 
 相当 一部分 基督徒 知识分子 接受 基督教 信仰 是 由于 他们 对于 ‘ 登山 宝训 ’ 和 作为 教师 耶稣 五体投地 地 赞赏 和 钦佩  
是的  耶稣 基督 的 教训 和 他 的 行动 表明 他 希望 人间 是 一个 和谐 有 道德 伦理 的 社会 
所以 丁 主教 也 认为 教 会 在 基督 为 元首 的 条件 下  必须 完成 的 一个 任务 是 发出 道德 的 信息 
透过 以上 粗略 论述  可以 清晰 地 看到 丁 主教 笔下 的 基督 是 一 位 辉煌 伟大 的 宇宙 之 主 
他 爱 普及 万 千  他 恩 遍布 世界 每 一个 角落 
接 下来  将 从 圣经 主题 考证 和 传统 史 主题 考证 的 角度 来看 丁 主教 有关 基督 事 工 的 神学 思想 是 对 正统 信仰 的 承继 和 发扬 
丁 主教 神学 中 的 上帝 不只 是 一 位 只 满足 品尝 殿 里 的 香火 和 祭品 的 上帝  也 不 是 只 满足 于 享受 信徒 的 赞美 和 祈祷 的 上帝  而是 一 位 想方设法 关怀 创造  关心 宇宙 和 关爱 人类 的 上帝 