谈 到 办 好 教会  很多 人 会 想到 初期 教会 的 光景 
这 不 是 说 初期 教会 就 什么 都 好  而是 说 初期 教会 的 经验 和 灵性 的 复兴  为 基督教 今后 发展 的 道路 奠定 了 基础 
使徒 时代 的 耶路撒冷 会议 就 是 一个 很 好 的 例证 
耶路撒冷 会议 约 在 公元 49年 举行  《 使徒 行 传 》 15 章 生动 地 记载 了 这 件 事 
这次 会议 的 过程 大家 早已 熟谙  但 它 的 影响 和 意义 却 是 深远 的 
问题 的 出现 是 因为 面对 非 犹太人 入 教  要 不 要 遵守 犹太人 的 一切 律 法  规 条 和 习俗  特别 是 受 割 礼 的 问题 而 引起 的 争议 
这些 坚持 犹太 传统 的 基督徒  后世 称之为  犹 化 派   彼得  保罗 和 巴 拿 巴 等 人 显然 不 赞成  犹 化 派  的 观点  为了 求得 问题 的 解决  他们 来到 耶路撒冷  这 次 有 使徒  教 会 领袖  传道 人和 信徒 代表 参加 的 会议 就 这样 召开 了 
通过 激烈 的 争论 和 大量 的 见证  彼得  巴 拿 巴 和 保罗 讲明 福音 是 如何 传 到 外 邦 的  最终  主 的 兄弟 雅 各 作为 会议 的 主持人 谈 了 自己 的 观点  会议 作出 决定   圣灵 和 我们 定 意 不 将 别的 重担 放 在 你们 身上  惟有 几 件 事 是 不可 少 的  就是 禁 戒 祭 偶像 的 物 和 血  并 勒 死 的 牲畜 和 奸淫  ( 徒 15∶28—29 ) 
这次 会议 使 基督教 彻底 摆脱 了 犹太教 的 羁绊  为 如何 办 好 教 会 和 解决 教会 重大 问题  树立 了 光辉 的 榜样 
下面 我 愿 不 揣 冒昧 地 谈谈 这 次 会议 带来 的 启发 
首先  耶路撒冷 会议 是 一 次 发扬 民主 的 会议 
这次 会议 充分考虑 了  犹 化 派  基督徒 和 在 非 犹太人 中间 传 福音 的 使徒 与 教会 领袖 们 的 意见  其中 有 辩论  有 见证  最终 达成 共识 
这 让 我们 看到  办 好 教会 必须 依靠 全 教会 的 同 工 同道  不要 搞  一言堂   遇到 问题 应 多 开会  既 以理服人  又 实事求是  凡事 为 教会 全局 着想  不要 只 想 着 自己 的 传统 和 习惯  这样 的 教会 才 有 生命力 
其次  耶路撒冷 会议 是 一 次 圣灵 引导 的 会议 
教 会 在 任何 时候 的 发展 都 离不开 圣灵 的 引导 
彼得  巴 拿 巴 和 保罗 等 人 正是 基于 圣灵 的 引导  才 肯 向 犹太人 认为 的  外 邦 人  传 福音 的  所以 他们 述说  神 藉 他们 在 外 邦 人 中 所 行 的 神 迹 奇事  ( 徒 15∶12 )  这 是 任何人 都 无法 否认 的  所以 他们 都 住 了 声 
当 会议 做出 了 决定 以后  也 是 讲  圣灵 和 我们 定 意  
这 正是 我们 要 学习 的  办 好 教会 离开 了 圣灵 的 引导 是 行不通 的 
今年 是 中国 基督教 三自 爱国 运动 50 华诞 的 喜庆 之 年  50年 的 历程 不断 述说 着 上帝 在 中国 教会 所 行 的  神 迹 奇事   所以 这 条 路  是 圣灵 藉 着 吴耀宗 等 老 一代 有识之士 开创 的  是 符合中国 国情 的 一 条 路 
求 主 的 灵 继续 引导 我们  把 中国 教 会 办 得 更 好 
第三  耶路撒冷 会议 是 一 次 解放思想 的 会议 
解放思想 就 意味着 要 打破 旧 的 条条框框  尽管 主 耶稣 的 一生 没有 离开 过 巴勒斯坦  但 他 对 上帝 话语 的 诠释 是 全新 的  他 对 先知 和 律 法 的 总结 是 不同 的  以至于 最终 他 被 人 厌弃  死 在 十字架 上 
实际上  当 犹太人 弃 绝 主 的 那 一刻  基督 已经 与 犹太人 的 宗教 成 了 两 回 事 
耶路撒冷 会议 则 彻底 地 摒弃 了 犹太 传统 
在 信仰 上  使徒 们 传 讲 基督 的 受 死 与 复活  并 指出  信 靠 基督 是 上帝 为 万民 预备 的 福音  从而 为 基督教 成为 普世 的 宗教 迈出 了 坚实 的 一 步 
第 四  耶路撒冷 会议 是 一 次 高举 圣经 的 会议 
尽管 当时 的 圣经 主要 是 指 旧约 圣经  然而 其 真理 是 永恒 的 
主 耶稣 也 说 他 来 不 是 要 废掉 律 法  乃是 要 成全 ( 太 5∶17 ) 
主 的 兄弟 雅 各 在 总结 中 说   方才 西门 述说 神 当初 怎样 眷顾 外 邦 人  从 他们 中间 选取 百姓 归于 自己 的 名下  众 先知 的 话 也 与 这 意思 相 合  正 如 经 上 所 写 的  ‘ 此后  我 要 回来  重新 修造 大卫 倒塌 的 帐幕  把 那 破坏 的 重新 修造 建立 起来  叫 余 剩 的 人  就 是 凡 称为 我 名下 的 外 邦 人 都 寻求 主 
这 话 是 从 创世 以来 显明 这 事 的 主 说 的 ’  ( 徒 15∶16—18 ) 
办 好 教会  在 圣经 的 解释 上 可以 有 新 的 亮光  在 神学 思想 上 可以 有 不同 的 观点  但 必须 源于 圣经  本 于 圣经  忠于 圣经 
第五  耶路撒冷 会议 是 一 次 适应 时代 的 会议 
设想 一下  如果 五 旬 节 之后 圣灵 没有 降临  福音 没有 广 传   外 邦  的 信徒 没有 那么 多  耶路撒冷 会议 就 成为 一 次 不 必要 的 会议 
因此  这 次 会议 以及 由 此 做出 的 决定  决非偶然  在 某种 程度 上 就 是 我们 所 说 的 神学 思想 的 调整 
当前 我国 正 处在 改革 开放 的 大好 时机  教会 里 得救 的 人 天天 增加  如何 适应 时代 同样 成为 我们 的 课题  与 社会主义 相 适应  其实 是 教 会 自身 发展 的 需要 和 必然 
反之  我们 也 可以 想 一下  一个 与 社会主义 祖国 格格不入 的 基督教  能否 在 中国 站 得 住 脚 
所以 神学 思想 做出 适应 时代 的 调整 是 符合 圣经 原则 的 
第 六  耶路撒冷 会议 是 一 次 深入 实际 的 全 议 
看 一个 会议 是否 深入 实际  主要 要 看 它 研究 的 问题 是否 是 最 重要 的 问题  解决 的 办法 如何  会议 贯彻 得 怎么样 