翻开 历史 画卷  人们 会 发现 宗教 文明 也 有 不断 被 劫持 并 被 利用 于 暴力 的 现象  那些 打 着 宗教 旗号 却 完全 背离 了 教义 原则 和 普 世 价值 的 残暴 行为  令 广大 宗教 徒 和 热爱 和平 的 人士 痛心疾首 
人类 意识 到  不同 宗教 和 文化 背景 的 彼此 认同  互相 融合 是 世界 和平 的 基础 
如何 认同  如何 融 和 
这 需要 回到 亚瑟 的 圆桌 旁  进行 真正 意义 上 的 对话 
这种 对话 的 前提 就是 坚持 和 而 不同 的 原则  承认 各 大 宗教 乃至 原始 宗教 都 有 积极 价值  承认 人类 各种 文明 都 对 历史 的 发展 作出 了 贡献  都 有 值得 人类 珍视  值得 其他 宗教 尊重 的 内容  并且 在 保持 独特性 的 基础 上 彼此 尊重  理解  学习  影响  建立 良性 互动关系 
早 在 明朝  天主教 耶稣 会 的 传教士 就 已经 穿 上 儒 服  戴 上 儒 帽  口 说 中国 话 
他们 已 迈出 了 本色 化 旅程 的 第一 步 
后来  赵紫宸  吴雷川  王治心 等 人  也 在 本色 化 运动 上 作出 了 很 大 的 贡献 
王治心 认为   文化 不 是 一个 国家 或 民族 的 专利品  乃是 属于 全世界 的 
基督教 可以 提供 一个 文化 的 接触点  来 沟通 世界 不同 的 文化 
中国 的 基督教 应该 包括 基督教  中国 文化 及 西方 文化 这 三 部分 的 精华  彼此 调和  互相 容纳  这 就是 中国化  本色 神学 的 一个 民族 特征  
有人 担心  文化 的 兼容 可能 会 导致 福音 的  酱缸 化  
有人 担心 这种 文化 兼容 的 本色 化 会 像 酱缸 一样  牺牲 福音 本质 的 纯洁  以至于 让 基督教 神学 思想 在 中国 文化 面前 低头 
其实  本色 神学 的 目的 只 是 为了 更 有效 地 传扬 基督  而 不 是 改变 福音 的 本质  只是 用 一 种 大家 较容易 接受 的 方式 将 真理 诠释 出来 
为了 拯救 人类  耶稣 支 搭 帐篷 在 人间   道 成 肉身  正是 他 与 这个 世界 人类 趋同 的 表现 
但 他 又 说   我 不 属于 这个 世界  
耶稣 来到 世界 却 没有 被 世界 同化  这 是 与 世人 的 一 种  存异   两者 结合 起来  正是 他 入世 而 出世 的 统一  是 人性 和 神 性 的 共存  是 趋同 和 存异 的 具体 体现 
 道 成 肉身  是 他 唯一 救 赎 的 途径  这 也 表明 了 趋同 和 存异 的 重要性 
潘尼卡 说 过  人 是  词 的 分享 者  
人 存在 的 本身 就 形成 了 一 种 对话 关系 
每个 对话 者  仅仅 是 整个 互动关系 中 的 一 方 而已  对话 是 相互 沟通 的 一个 平台 
真正 的  对话   最终 意义 是 要 指向 对话 者 本身  其 目的 是 在  对话 关系  中 意识 到 自我 局限  进而 通过 对话 不断 激活 自我 
苏格拉底 说   未经 思考 的 生活 不 值得 生活  
我们 个人  群体 都 应该 不断 地 自我 反省 
各 宗教 也 是 如此  都 应该 在 坚持 基本 信仰 不 变 的 基础 上  通过 对话  找到 双方 的 契合 点  认识 到 自身 和 对方 的 长处  也 找到 自身 不足 之 处 
孔汉思 指出   只有 当 我们 试图 去 理解 别人 的 信仰  宗教 观点  伦理 价值 和 标准 时  才 能 真正 地 去 学习 别的 民族  真正 理解 我们 自己 信仰 的 长处 和 短处  性质 和 界限  恒定 的 和 变动 的 东西  才 会 发现 共同 的 东西  
丁光训 主教 给 我们 作 了 沟通 基督教 内外 真善美 的 表率  他 曾 批评 过 一些 比较 狭隘 与 保守 的 基督徒 
所以  不但 基督教  各 宗教 也 都 应 用 开阔 的 胸怀  承认 和 尊重 宗教 之间 的 差异 和 多 元 存在  这 是 人类 文明 走向 宗教 和谐 的 途径 
在 相互 肯定  相互 定位 的 过程 中  一方面 可以 重新 自我 界定  另一方面 可以 在 实践 中 进行 更 好 的 改革 
保守 性 与 开放性 是 宗教 存在 的 两 个 层面  如同 鸟 之 两翼  缺一不可 
保守 性 可以 维护 了 宗教 的 核心 价值  保证 正统 一脉相承  开放性 可以 搭 建 起 宗教 与 世俗 社会 的 桥梁  使 宗教 与 时 俱 进  为 存在 和 发展 赢得 空间 
我们 的 敌人 不 是 异己 的 宗教 同仁  乃是 超越 一切 国别  地域 和 宗教 界限 的 疾病  暴力 冲突  贫困  自然灾害 等 问题 
四川 汶川 地震 与 金融 风暴  不得不 使 有着 不同 价值 理念  不同 身份 和 不同 信仰 的 人 有 一 种 共同 的 思索   到底 谁 是 我们 真正 的 敌人  
 世宗 和  秘书长 万德莱 博士 指出   在 贫困 夺取 人们 生命 的 时候 保持 沉默  违反 了 各 宗教 都 认同 的 基本 教义  
他 还 曾经 指出  不同 的 宗教 都 可以 让 每个 人 的 心中 形成 一 条 和平 的 河流  人类 可以 共同 运用 宗教 智慧 来 构建  共享 安全  的 新 理念 
四川 汶川 地震 发生 后  中国 佛教 协会  道教 协会  伊斯兰教 协会  天主教 一 会 一 团  基督教 全国 两 会 等 宗教 团体  分别 以 不同 形式 各自 组织 信 众  积极 参加 抗震救灾 活动  踊跃 向 四川 地震 灾区 捐款 捐物  与 灾区 民众 患难与共 
今天  我们 喜悦 地 看到  宗教 人士 不再 是 蛰居 于 象牙之塔 的 人们  不再 是 高 居于 庙堂 之 位 的 人们  而是 积极 融入 社会 的 人们 
从 跨 文化 的 宗教 体验 中  我们 也 能够 寻找 到 这种 必要 的 行动 依据  即  没有 一个 人 是 孤岛    人  是  相互 倚 依  的 关系 
所以 无论是 宗教 外 还 是 宗教 间  都 应该 更加 地 和睦相处  友好 对话  可以 透过 别人 看到 自身 的 信仰 力量  从而 突破 个体 或 宗教 组织 本身 的 局限  进入 人类 世界 更为 宽阔 的 生存 空间  共同 造福 于 社会 
最后  衷心 希望  我们 各 宗教 能够 真正 共聚 社会主义 社会 这 一 大 的 圆桌 旁  互相 尊重  彼此 认同  和谐 共处  谁 也 不 居 首 席 