什么 是 真正 的 布施 南 怀 瑾 语录  真正 纯净 的 布施  就是 要 有 爱心  尊重 人家  信任 人家  乐意 帮助 任何 一个 人  乃至 猫  狗  虫子 等 一切 有 生命 的 生物  "
慈心 "  即 对 一切 众 生 生 起 慈悲 心 
慈  也 可 说是 父 性 的 爱心  悲  也 可 说是 母性 的 爱心 
这 两 种 爱心 合 起来  也 就是 观世音 菩萨 的 大 慈 大 悲 
任何 宗教 都 教 人 布施  平时 将 财物 施舍 给 别人  将来 就 能 升天 得 福 报 
毗 耶 娑 他们 之所以 修 苦行  就是 为了 求 升天 道  图 神仙 的 享受 
一般 人 为什么 修道  吃斋 啊  念佛 啊  无非 是 现在 苦 一点  将来 可以 超 升 生 天 上 做 神仙 
这 实际上 是 一 种 很 功利 的 做 生意 心理  投 下 少量 的 金钱  而 图 一本万利 的 结果 
有些 人 信教  花 几 毛 钱 买 三 支 香  拎 上 一 盒 蛋糕  到 庙 里 去 拜拜  求 发财  求 长寿  股票 要 好  马 票 要 中  求 这 求 那  拜 完 了 那个 蛋糕 拿 回 去 还 能 给 儿子 吃 
如果 菩萨 凭 这 就 保佑 他  那 还 算 菩萨 吗 
下 等 的 贪污  只要 人家 三 根 香 
南怀瑾 讲 佛 告诉 大家  真 肯 布施 者  在 别人 眼中 就 像 疯子 一样  把 钱 也 不 当 东西  只要 人家 需要 就 送 出去 了 
台湾  香港 有 些 叫化子  家中 有 百 多 万 的 财产  可 他 既然 肯 丢 这个 脸 在 大街 上 乞讨  说明 他 有 需求  那 你 只 管 你 的 布施  不必 考虑 人家 是否 有 钱  是否 在 行骗 
所以 佛 讲 " 无缘 大 慈  同 体 大 悲 "  布施 是 无 条件 的  以 别人 的 痛苦 和 需要 为 自己 的 痛苦 和 需要  这 才 是 布施 
佛 告诉 大家 真正 布施 的 原则  第一  要 自己 真 有 心 帮助 人  而 不 挟带 任何 别的 思想 
像 黄 医师 经常 为 病人 开刀 而 顾 不 上 吃饭  有时 打电话 来 请 个 假  说 不 能 到 我 这儿 上课 了  这 是 对 的 
吃饭  上课 只 是 个人 的 享受  为了 病人 的 生命  这些 都 可以 牺牲  这 就是 " 一切 施 与 " 的 道理 
第二  布施 不 能 怕 将来 的 结果 
常言 讲  做 好事 " 善 门 难 开 "  我们 在 大 陆十八 个 大学 设 了 " 光华 奖学金 "  现在 差不多 每个 大学 都 来 跟 我 要求 
这种 事 不 是 傻瓜 不 会 做 的  真 要 做 好事  自己 就 要 真心 当 傻瓜 
第三  不 要 轻 毁 任何 一个 人  这 是 大 乘 佛法 的 菩萨 戒 
你 明知 这个 人 是 骗子  但 并 不 因 此 看 不 起 他 
他 来 骗 你  说明 他 有 需求  达 不到 目的  他 会 睡 不 着 觉  明天 还 会 想 办法 来 找 你 
你 干脆 受 他 一 骗  让 他 睡 一个 好 觉  亦 一 大 乐 事 也 
大仙 当 知  若 复 有人 不 简 福田  若 有 戒 人  若 无 戒 人  心 信 开眼  生 爱 念 已  舍 物 施 与  心 常 普 缘 一切 众 生 
大仙 当 知  彼 人 施主 
确定 了 真正 布施 的 原则  也 就 确定 了 什么 是 真正 的 施主 
真正 的 布施 是 不 拣 择 对象 的  这 就是 " 不 简 福田 " 
不管 被 布施 的 对象 怎么样  我 帮助 了 你  内心 非常 快乐  也 就是 我们 中国 文化 所 讲 的 " 为 善 最 乐 " 四 个 字 
你 是 一 块 田地  我 在 你 身上 做 了 功德  就 把 福德 种子 种 在 你 这 块 田 上 了  这 就 叫 种 福田 
因此  乐善才 能 好 施  对 一切 人 充满 着 爱心  同情心  做 一切 自己 认为 应当 做 的 事  "
心 信 开眼  生 爱 念 已  舍 物 施 与  心 常 普 缘 一切 众 生  "
具有 这种 博爱 精神  不 考虑 任何 附带 条件 的  才 称得上 是 施主 
佛 告诉 毗 耶 娑  有 人 虽 做 了 好事  但 挟带 了 功利性 的 不 清净 心理  不 算 真 布施 
他 列举 了 三十三 种 不 清 净  不 纯净 的 布施  第一 种  是 以 歪曲 的 心理  颠倒 的 见解  无 纯净 心 所 施 的 财物  这 不 是 真正 的 布施 
第二 种  有 人 昨天 请 我 吃 过 一 块 蛋糕  今天 我 要 还礼  或者 他 十几 年 前 帮助 过 我  现在 他 有 困难 我 要 接济 他 
这 都 属于 人情 上 的 投桃报李  礼尚往来  不 算 布施 
第三 种  有人 施舍 财物  不 是 出于 真正 的 慈悲  怜悯 和 同情心  而是 为了 耍 阔气  或 纯粹 是 打发 人家 了事  这 不 算 布施 
第 四 种  因为 自己 有所 欲 求  比如 看到 这 束 花 特别 喜欢  多 付 上 一 毛 钱  或 上 舞厅 感到 那 位 小姐 很 漂亮  多 给 两 个 小 费  这 都 不 算 布施 
第五 和 第六 种  把 财物 丢 到 火 中 或 投 进 水 里  都 不 能 算 布施 
因为 水火 都 是 自然 物  你 把 财物 白白 扔掉 了  却 不 能 使 别人 受益 
第 七 种  有人 送礼 给 大人物  指望 以后 可以 有所 提拔 照顾  或者 看 在 某个 大 老板  某个 大人物 的 面子 上  在 慈善 救济 事 上 凑 上 一 份  藉 以 拉 个 关系  这 都 不 是 纯净 的 布施 
第 八 种  怕 强有力 的 黑道 中 人 来 抢 你  赶快 送 钱 消 灾  这 不 是 布施 
第 九 种  送 人家 鸦片  海洛因  麻醉剂 等 毒品  这 不 是 布施 
但 医生 见 病人 太 痛苦  打 麻醉针 以 止痛  这 是 布施 