伦敦 的 新 温布利 是 世界 上 最 昂贵 的 足球场 ， 造价 7. 98亿 英镑 ， 拥有 9 万 个 观众 坐席 和 107 级 台阶 。
梅西 在 电视 上 看 到 巴萨 第一 次 获得 欧洲 冠军杯 的 时候 ， 比赛 是 在 老 温布利 ， 球场 只 有 39 级 台阶 ， 那时 他 不 到 5 岁 。
教练 弗格森 25年 前 来到 曼 联 ， 他 最 大 的 愿望 就 是 将 利物浦 拉 下 英格兰 足球 的 王 座 ， 他 快 做到 了 ： 今年 曼联 夺得 了 俱乐部 历史 上 第19 个 联赛 冠军 ， 超过 了 利物浦 ， 但 它 还 需要 更 多 的 欧洲 冠军 头衔 — 5月 28日 ， 他 需要 在 温布利 打败 拥有 梅 西 的 巴萨 。
鲁尼 的 进球 为 曼 联 扳 平 了 比分 ， 但 54分钟 时 ， 身价 1. 4亿 欧元 的 梅西 进 球 了 ， 这 是 他 在 英格兰 的 第一 粒 入 球 。
比赛 快 结束 时 ， 弗格森 双手 微微 颤抖 。
曼 联 最终 1:3 输 给 巴萨 ， 赛后 弗格森 说 ， “ 我们 被 最 好 的 球队 打败 了 。
” 另 一边 ， 巴萨 赢得 的 是 来自 世界 的 赞美 。
法国 《 队 报 》 的 标题 是 “ 巴萨 ， 欢迎 来 到 地球 ” ； 英国 《 每日 镜 报 》 说 “ 巴 萨 巩固 了 自己 作为 10年 来 最佳 球队 的 地位 ” 。
但 胜利 也许 只 是 传统 ， 在 那 背后 还有 更 多 令 人 热血 沸腾 的 事情 。
像 土耳其 航空 的 广告 语 一样 ： “ 也许 是 巴萨 ， 也许 是 曼 联 ， 但 永远 是 土耳其 航空 ” — 这家 公司 同 耐克 、 奥迪 一样 同时 是 巴萨 和 曼 联 的 赞助商 。
万事 达 的 一 份 统计 说 （ 来自 考文垂 大学 的 研究 ） ， 今年 的 欧 冠 冠军 将 获得 1. 26亿 欧元 的 经济收益 ， 这 对于 曼联 、 巴萨 这样 的 球队 来说 同样 重要 。
足球 已经 成为 一个 疯狂 的 世界 。
弗格森 伴随 曼 联 走过 的 年代 里 ， 在 比赛 、 偶像 、 欢呼 和 骄傲 背后 ， 越来越 多 的 商业 和 资本 逐渐 成为 背后 的 强大 力量 。
衡量 一 支 球队 价值 的 最 直接 方式 就 是 数字 ： 德国 转会 市场 网 评估 曼 联 全队 球员 的 身价 是 3. 87亿 欧元 。
这 太 便宜 了 ！
巴萨 的 总值 是 5. 54亿 。
曼 联 丢掉 了 自己 的 辉煌 吗 ？
不 是 。
它 是 足球 商业化 的 传奇 。
1970年代 末 它 只 值 10 万 英镑 ， 成为 上市 公司 之后 又 退 市 ， 去年 它 拒绝 了 中东 财团 16亿 英镑 的 收购 价格 。
曼 联 7年 来 占据 着 美国 《 福布斯 》 杂志 世界 足球 俱乐部 价值 榜 的 第一 位 ， 最新 排名 中 它 的 总价值 是 11. 3亿 英镑 ， 几乎 是 巴萨 的 两 倍 ； 即使 在 涵盖 所有 运动 项目 的 球队 评比 中 ， 曼联 还是 第一 位 。
2011 / 12 赛季 ， 巴 萨 球衣 胸前 将 第一 次 出现 商业 广告 ， 打破 保持 百年 的 传统 。
卡塔尔 基金会 递 上 了 一 份 5年 1. 65亿 欧元 的 合同 ， 令 球队 新任 主席 罗塞尔 无法 拒绝 。
“ 这 是 一 份 独一无二 的 合同 ， 凸显 了 巴萨 的 价值 …
…
我们 是 世界 上 最 好 的 俱乐部 。
” 在 新闻 发布会 上 副 主席 法乌斯 说 。
同 曼 联 不同 ， 巴萨 是 一家 非盈利 性质 的 会员制 球队 ， 多 年 来 努力 在 商业 上 保持 纯正 性 ， 但 它 也 不 得 不 妥协 。
它 需要 梅西 、 需要 比利亚 ， 需要 奖杯 ， 需要 光荣 与 梦想 — 最终 ， 它 需要 商业 。
商业 的 奖杯 欧洲 冠军杯 现在 是 仅次于 世界杯 和 奥运会 的 最 具 商业 价值 的 赛事 。
按 《 福布斯 》 的 统计 ， 2009 / 10 赛季 吸引 了 喜力 啤酒 等 10 多 家 赞助商 和 转播 商 ， 赞助 和 相关 费用 为 10. 9亿 欧元 ， 其中 电视 转播 商 们 支付 了 3. 38亿 欧元 。
欧 足联 会 将 赞助 、 转播 、 门票 收入 等 分配 给 球队 ， 例如 去年 的 冠军 国际 米兰 最后 仅 从 电视 转播 中 就 分得 4880 万 欧元 。
温 布 利 场 边 的 广告牌 每 秒 钟 都 在 给 比赛 球队 制造 收益 ， 而 决赛 球 票 绝对 是 抢手货 。
在 伦敦 ， 一 张 150 英 磅 的 球 票 可能 要 花 10 倍 价钱 才 能 到 手 ， eBay 上 两 张 邻 座票 拍卖 价 是 6500 英 磅 。
在 球迷 看来 ， 球 票 正 变 得 越来越 像 奢侈品 ， 1991年 ， 曼联 的 单 场 联赛 票价 还 是 6 到 7 英镑 ， 到 现在 阿森纳 已经 把 票价 抬高 到 夸张 的 100 英镑 。
但 球队 不在乎 这些 ， 它们 需要 胜利 ， 然后 获得 更 多 奖金 。
按照 欧 足联 的 分配 规则 ， 今年 夺冠 的 巴萨 可以 获得 总额 高 达 4455 万 欧元 与 成绩 挂钩 的 分成 。
俱乐部 努力 赢得 的 是 另 一 场 胜利 。
在 德 勤 公布 的 足球 俱乐部 财富 榜 上 ， 去年 巴 萨 以 3. 981亿 欧元 收入 排 在 第二 ， 第三 的 曼联 是 3. 498亿 欧元 。
排 在 它们 之前 的 皇家 马德里 已经 连续 6年 排名 第一 。
俱乐部 的 收入 来自 于 比赛 日 （ 门票 和 商品 销售 ） 、 电视 转播 和 商务 收入 三 部分 。
曼 联 最新 一 份 季报 显示 ， 其 营 收 比 上年 同期 增长 了 33% ， 这 得益 于 新 签约 的 土耳其 航空 、 博 彩 赞助商 Betfair 以及 大马 电信公司 的 合同 。
