在/p前进/vi的/ude1道路/n上/f，/wd大力/d弘扬/v伟大/a抗震救灾/vl精神/n，/wd自强不息/vl、/wn不断/d进取/vi，/wd我们/rr就/d必定/d能够/v不断/d战胜/v一切/rz艰难险阻/nl，/wd创造/v出/vf无愧于/v时代/n的/ude1辉煌/a业绩/n。/wj
大力/d弘扬/v伟大/a抗震救灾/vl精神/n，/wd就是/d要/v把/pba以/p人/n为/p本/n、/wn尊重/v科学/a的/ude1时代/n理念/n转化/v为/p关爱/vn生命/n、/wn崇尚/v理性/n的/ude1实际/n行动/vn。/wj
在/p抗震救灾/vl的/ude1全/a过程/n中/f，/wd“/wyz人/n的/ude1生命/n高于/v一切/rz、/wn重/v于/p一切/rz、/wn大/a于/p一切/rz”/wyy成为/v共同/b信念/n，/wd最/d大/a程度/n搜/v救/v了/ule被/pbei困/vi群众/n，/wd最/d快/a速度/n救治/v了/ule受伤/vn人员/n，/wd最/d大/a力度/n安置/v了/ule受灾/vn群众/n。/wj
党中央/nt科学/n指挥/vn，/wd广大/b军民/n和/cc各/rz专业/n救援/vn队伍/n坚持/v科学/n救援/vn，/wd充分/ad发挥/v了/ule科技/n在/p抗震救灾/vl中/f的/ude1重要/a作用/n。/wj
在/p治国理政/nr的/ude1实践/vn中/f，/wd大力/d弘扬/v伟大/a抗震救灾/vl精神/n，/wd坚持/v一切/rz为了/p人民/n，/wd一切/rz依靠/v人民/n，/wd全心全意/dl为/p人民/n服务/vn，/wd我们/rr必将/d进一步/d实现/v人/n的/ude1全面/ad发展/v，/wd让/v人民/n生活/vn得/ude3更加/d幸福/a、/wn更/d有/vyou尊严/n。/wj
前不久/t，/wd甘肃/ns舟/n曲/ng发生/v特大/b山洪/n泥石流/n灾害/n。/wj
在/p党中央/nt、/wn国务院/nt的/ude1坚强/a领导/n下/f，/wd军民/n团结一心/vl，/wd顽强/ad拼搏/vi，/wd与/p自然灾害/nl进行/vx了/ule艰苦卓绝/bl的/ude1斗争/vn。/wj
我们/rr深信/v，/wd玉树/ns抗震救灾/vl斗争/vn的/ude1重大/a胜利/vn，/wd必将/d激励/v各族/rz干部/n群众/n经受/v各种/rz考验/vn，/wd战胜/v人世/n遭遇/n的/ude1各种/rz灾害/n。/wj
大力/d弘扬/v伟大/a的/ude1抗震救灾/vl精神/n，/wd我们/rr一定/d能够/v夺取/v全面/ad建设/v小康/n社会/n新/a胜利/vn，/wd不断/d开创/v中华民族/n发展/v壮大/v的/ude1历史/n伟业/n。/wj
11./m今天/t是/vshi中国/ns人民/n抗日战争/nz胜利/vn和/cc世界/n反/vi法西斯/nz战争/n胜利/vi65/m周年/q纪念日/n。/wj
这/rzv一/m天/qt，/wd是/vshi人类/n正义/n战胜/v邪恶/an、/wn光明/n战胜/v黑暗/an、/wn进步/vn战胜/v反动/a的/ude1纪念日/n，/wd也/d是/vshi值得/v中华民族/n永远/d铭记/v的/ude1纪念日/n。/wj
发生/v在/p20/m世纪/n三四十/m年代/n的/ude1中国/ns人民/n抗日战争/nz和/cc世界/n反/vi法西斯/nz战争/n，/wd是/vshi世界/n爱好/n和平/n与/cc正义/n的/ude1国家/n和/cc人民/n同/p人类/n文明/a的/ude1凶残/a敌人/n法西斯/n进行/vx的/ude1一/m场/qv殊死/d搏斗/vi，/wd中国/ns人民/n抗日战争/nz是/vshi世界/n反/vi法西斯/nz战争/n的/ude1重要/a组成部分/nl，/wd是/vshi世界/n反/vi法西斯/nz战争/n的/ude1东方/s主战场/n；/wf65年/t前/f那场/r决定/v世界/n命运/n前途/n的/ude1伟大/a胜利/vn，/wd是/vshi中华民族/n自立/vi于/p世界/n民族之林/n、/wn走向/v伟大/a复兴/vn的/ude1重要/a转折点/n。/wj
正是/v在/p抗日战争/nz胜利/vi的/ude1基础/n上/f，/wd中国共产党/nt领导/n中国/ns人民/n取得/v了/ule新民主主义革命/n的/ude1胜利/vn，/wd建立/v了/ule中华人民共和国/ns，/wd实现/v了/ule中国/ns历史/n上/f最/d伟大/a、/wn最/d深刻/a的/ude1社会/n变革/vn。/wj
今天/t，/wd我们/rr纪念/v这/rzv场/qv伟大/a的/ude1胜利/vn，/wd就是/d要/v永远/d铭记/v惨遭/v日本/nsf侵略者/n杀戮/v的/ude1无辜/n死难/b同胞/n；/wf永远/d铭记/v在/p抗日战争/nz中/f英勇/ad战斗/vi、/wn为国捐躯/vl的/ude1烈士/n；/wf永远/d铭记/v参加/v抗日战争/nz的/ude1老/a战士/n、/wn爱国人士/n、/wn抗日/vn将领/n；/wf永远/d铭记/v为/v抗战/vi胜利/vd建立/v了/ule功勋/n的/ude1海内外/s中华/nz儿女/n；/wf永远/d铭记/v支援/v和/cc帮助/v了/ule中国/ns抗战/vi的/ude1外国/n政府/n和/cc国际/n友人/n。/wj
铭记/v这/rzv段/q历史/n，/wd是/vshi因为/p它/rr的/ude1悲壮/a惨烈/an与/cc不屈/v抗争/vi应该/v成为/v民族/n的/ude1集体/n记忆/n，/wd更/d是/vshi希望/v从中/d汲取/v智慧/n启迪/vn，/wd获得/v开创/v未来/t的/ude1现实/n力量/n。/wj
中国/ns人民/n抗日战争/nz的/ude1胜利/vn，/wd充分/ad证明/v了/ule中国共产党/nt是/vshi救亡图存/nl、/wn实现/v民族/n解放/vn的/ude1核心/n力量/n。/wj
１９３１年/t的/ude1“/wyz九一八/m事变/n”/wyy和/cc１９３７年/t的/ude1“/wyz七七事变/nz”/wyy，/wd把/pba中华民族/n推/v到/v了/ule亡国/vi灭种/vi的/ude1边缘/n。/wj
在/p民族/n存亡/n的/ude1生死/n关头/n，/wd中国共产党/nt吹/v响/v了/ule抗击/v外敌/n的/ude1第一/m声/qv号角/n。/wj
在/p那/rzv场/qv威武/a雄壮/a的/ude1战争/n中/f，/wd中国共产党/nt以/p自己/rr的/ude1坚定/a意志/n和/cc模范/n行动/vn，/wd在/p全/a民族/n抗战/vi中/f发挥/v了/ule中流砥柱/nl的/ude1作用/n。/wj
中国/ns人民/n之所以/c创造/v了/ule弱国/n战胜/v强国/n的/ude1伟大/a奇迹/n，/wd最/d根本/a的/ude1原因/n，/wd是/vshi中国共产党/nt代表/n全/a中国/ns人民/n的/ude1意志/n，/wd领导/n和/cc推动/v了/ule伟大/a的/ude1抗日战争/nz，/wd以/p自己/rr最/d富于/v牺牲/v精神/n的/ude1爱国主义/n、/wn不怕/v流血/vi牺牲/v的/ude1模范/n行动/vn，/wd支撑/v起/vf全民族/n救亡图存/nl的/ude1希望/vn，/wd成为/v夺取/v抗战/vi胜利/vi的/ude1民族/n先锋/n。/wj
中国/ns人民/n抗日战争/nz的/ude1胜利/vn，/wd集中/ad显示/v了/ule爱国主义/n和/cc民族/n团结/a的/ude1蓬勃/a伟力/n。/wj
抗日战争/nz是/vshi一/m场/qv关系/n中华民族/n生死存亡/bl的/ude1民族/n解放战争/nz。/wj
在/p中国共产党/nt倡导/v建立/v的/ude1抗日/vn民族/n统一战线/nl的/ude1旗帜/n下/f，/wd以/p国共/n合作/vd为/v基础/n，/wd一切/rz不/d愿/v做/v奴隶/n的/ude1中华/nz儿女/n毅然/d奋起/v，/wd同/p日本/nsf侵略者/n进行/vx了/ule气壮山河/vl的/ude1斗争/vn。/wj
全体/n中华/nz儿女/n，/wd同/p仇敌/n忾/n，/wd共/d赴/v国难/n。/wj
正是/v基于/p全国/n人民/n的/ude1团结/an奋斗/vn，/wd抗日战争/nz才/d成为/v近代/t以来/f中国/ns反对/v外敌/n入侵/v第一/m次/qv取得/v完全/ad胜利/vi的/ude1民族/n解放战争/nz。/wj
抗日战争/nz烽火/n的/ude1洗礼/vn，/wd使/v中华民族/n焕发/v出/vf旺盛/a生命力/n、/wn巨大/a凝聚力/n和/cc卓越/a创造力/n；/wf抗日战争/nz烽火/n的/ude1洗礼/vn，/wd更/d昭示/v一个/mq团结/a起来/vf的/ude1中华民族/n，/wd是/vshi任何/rz列强/n都/d不/d能/v征服/v的/ude1，/wd是/vshi任何/rz困难/an都/d难/a不/d倒/vi的/ude1。/wj
中国/ns人民/n抗日战争/nz的/ude1胜利/vn，/wd深刻/ad揭示/v了/ule自强/vi是/vshi一个/mq国家/n自立/vi的/ude1根本/a保证/vn。/wj
战争/n是/vshi实力/n的/ude1较量/vn，/wd国/n与/cc国/n之间/f的/ude1战争/n，/wd更/d是/vshi综合国力/nl的/ude1较量/vn。/wj
当年/t，/wd孙中山/nr先生/n痛感/v中国/ns积/v贫/ag积弱/v、/wn任人宰割/vl的/ude1悲惨/a状况/n，/wd喊/v出/vf了/ule振兴中华/vl的/ude1口号/n。/wj
日本/nsf军国主义/n敢于/v悍然/d发动/v侵华/vn战争/n，/wd就是/v因为/p当时/t的/ude1中国/ns处于/v分裂/vi、/wn战乱/n状态/n，/wd政治/n腐败/an，/wd经济/n落后/a。/wj
近代/t中国/ns百年/mq屈辱/n的/ude1教训/n和/cc新/a中国/ns６０年/t建设/vn发展/vn的/ude1经验/n从/p正反/b两/m个/q方面/n充分/ad说明/v，/wd强大/a国力/n是/vshi一个/mq国家/n免/d受/v外来/b侵略/vn和/cc压迫/vn，/wd并/cc自立/vi于/p世界/n民族之林/n的/ude1根本/a保证/vn，/wd发展/v则/d是/vshi实现/v国家/n强大/a、/wn民族/n复兴/vn的/ude1根本/a途径/n。/wj
牢记/v历史/n，/wd不/d忘/v过去/vf，/wd珍爱/v和平/n，/wd开创/v未来/t。/wj
65年/t过去/t，/wd那/rzv场/qv战火/n遍及/v80/m多/m个/q国家/n和/cc地区/n、/wn将/d20亿/m人口/n卷入/v其中/rz的/ude1残酷/a战争/n，/wd给/p人类/n文明/ad造成/v空前/a浩劫/n，/wd为/p子孙后代/n留下/v极其/d沉痛/a的/ude1教训/n。/wj
世界/n反/vi法西斯/nz战争/n胜利/vn65年/t以来/f，/wd人类/n社会/n和/cc世界/n局势/n发生/v了/ule巨大/a变化/vn，/wd要/v和平/n、/wn谋/v发展/vn、/wn促/v合作/vd成为/v世界/n各国/rzs人民/n的/ude1共同/b愿望/n。/wj
近代/t以来/f，/wd中国/ns人民/n饱尝/v战祸/n之/uzhi苦痛/n，/wd深知/v和平/n之/uzhi宝贵/a，/wd和平/ad发展/v、/wn永不/d称霸/v成为/v中国/ns人民/n的/ude1坚定/a选择/vn。/wj
前事不忘/vl，/wd后事之师/nl。/wj
我们/rr强调/v牢记/v历史/n并/cc不/d是/vshi要/v延续/v仇恨/n，/wd而是/c要/v以史为鉴/vl、/wn面向/v未来/t。/wj
只有/c不/d忘/v过去/vf、/wn记取/v教训/n，/wd才/d能/v避免/v历史/n悲剧/n的/ude1重演/vn，/wd才/d能/v不/d枉/vg人类/n付出/v的/ude1巨大/a代价/n。/wj
今天/t，/wd中华/nz大地/n上/f的/ude1战火/n硝烟/n早已/d散/v尽/vi，/wd但/c中华民族/n的/ude1伟大/a复兴/vn依然/d是/vshi未/d竟/vg使命/n。/wj
面向/v未来/t，/wd最/d大/a限度/n地/ude2把/pba全/a民族/n凝聚/v起来/vf，/wd形成/v中华民族/n自强不息/vl、/wn奋勇/d前进/vi的/ude1巨大/a力量/n；/wf高举/v中国/ns特色/n社会主义/n伟大/a旗帜/n，/wd坚持/v以/p邓小平理论/n和/cc“/wyz三/m个/q代表/n”/wyy重要/a思想/n为/p指导/vn，/wd深入/ad贯彻/v落实/v科学/a发展观/n，/wd我们/rr必将/d战胜/v一切/rz艰难险阻/nl，/wd实现/v全面/ad建设/v小康/n社会/n的/ude1战略/n目标/n，/wd进而/c实现/v中华民族/n的/ude1伟大/a复兴/vn。/wj
