周玄毅  我 可以 告诉 您 中文 的 原典 在 哪里 
在 这里 
（ 举 起 《 汉语 大 辞典 》 ） 《 汉语 大 辞典 》 中  " 万 " 字 一共 九 种 意思  没有 一 种 是 " 一切 " 
请 对方 辩 友 自己 去 查 
（ 掌声 ） 胡 渐 彪  对方 辩 友 （ 时间 警示 ） 把 今天 这个 辩 题 断章取义  你 只 告诉 我 是 一个 " 万 " 字  不是 " 万恶 之 源 " 
成语  谚语  《 辞海 》 也 告诉 我们  " 万恶 之 源 " 所 指 是 一切 恶 的 源 哪 
（ 掌声 ） 蒋舸  对方 辩 友  刚才 我 方 的 问题 您 都 不 愿 回答 
其实 犯 毒 是 冰山 一角  现在 全世界 的 有 组织 犯罪  还有 偷渡  卖淫  造假  洗钱  走私  请问 其中 哪 一 种 不 是 为了 钱 呢 
陈锦添  毒贩 有 罪  还 是 钱 有 罪 呢 
（ 笑声 ） 袁 丁  对方 同学 知道 为什么 毒贩 都 抓 不 到 吗 
因为 有 官员 腐败 
请问 腐败 是 不 是 为了 钱 呢 
（ 掌声 ） 陈勋亮  对方 辩 友 没有 回答 我方 问题  到底 是 毒贩 有 罪  还 是 钱 有 罪 呢 
余磊  毒贩 不 是 为了 钱  难道 是 还 为 吸毒者 服务 的 吗 
他 干脆 无偿 大 派 送 好 了 
（ 笑声  掌声 ） 陈 政 鞃  按照 对方 逻辑  那么 一 个 强奸犯 强奸 一个 女人  是 强奸犯 有 罪  还是 那 女人 有 罪 呢 
（ 嘘声 ） 余磊  对方 同学 今天 的 兴趣  对方 同学 今天 的 兴趣 怎么 只 在 强奸 上面 
（ 笑声  掌声 ） 世界 上 那么 主要 的 恶  您 视而不见 哪 
胡 渐 彪  所以 对方 辩 友 今天 看 万恶 之 源  只 看 抢劫 
那 强奸 他们 就 认为 不 是 万恶  那 是 大 善 吗 
袁 丁  强奸 当然 是 恶 
可是 我 已经 说 了  现在 有 人 有 了 钱 就 可以 进 红灯 区  连 强奸 都 算 不 强奸 了  这 是 不 是 恶 呢 
（ 笑声  掌声 ） 陈锦添  如果 强奸 对方 不 能 回答  那 我 就 问 你  校园 枪杀 案 是不是 说  杀 了 一个 人 我 就 可以 得到 很 多 钱 呢 
余磊  因为 新闻 媒体 播放 暴力 片  让 天真无邪 的 孩子 心灵 （ 时间 到 ） 受到 了 蒙蔽 
对方 同学 





主席  谢谢 





余磊  不 是 为了 钱 吗 
（ 掌声 ） 主席  谢谢 
对不起  时间 到 
陈勋亮  那 请 对方 辩 友 告诉 我们 解释 一个 事实 的 例子  美国 校园 枪击 案  到底 跟 钱 有 什么 关系 呢 
陈锦添  今天 破坏 公物 也 不 是 为了 钱 嘛  可是 破坏 公物 到底 是 不 是 恶 呢 
（ 陈 政 鞃  从 波黑 战争 到 以色列 的 种族 屠杀  这种 种族 屠杀 难道 跟 钱 有关 吗 
那么 给 了 他 钱 以后  这种 屠杀 难道 就 不 会 存在 了 吗 
） 胡 渐 彪  对方 辩 友 也 说 " 万恶 淫 为首 " 
那 性 侵犯 和 钱 有 什么 关系 
请 您 论证 
陈勋亮  如果 钱 是 万恶 之 源  那 创造 （ 时间 到 ） 钱 的 恶 





主席  谢谢 
陈勋亮  是 谁 呢 
（ 掌声 ） 现在 呢  是 轮 到 双方 的 第四 位 代表 做 总结 性 的 陈述  这 可是 一 项 举足轻重 的 任务 
我们 首先 请 反方 代表  反方 的 四 辩 胡 渐 彪 同学 发言  时间 是 4分钟  请 
胡 渐 彪  谢谢 
其实 刚才 一连串 的 争议 都 起源 于 对方 一 辩 在 开展 命题 的 时候 所 犯 下 的 几 个 关键 错误 
一 开始 他们 弄 下 了 两 个 前提  用 这 两 个 前提 开展 他们 的 立论 
第一  他 告诉 我们  今天 所谓 的 " 万 " 不 指 全部 
但是 对方 辩 友 这 一 种 用 《 辞海 》 断章取义  只 看 一个 " 万 " 字  不 看 " 万恶 之 源 " 这 四 个 字  是 不 是 有点 离题 之 嫌 呢 
对方 辩 友 的 第二 个 假定 是 告诉 我们  今天 人 本身 是 没有 恶性 的 
这个 恶 是 从 哪里 来 呢 
是 外在 诱惑 我 出来 
然后 他们 就 告诉 我们 说  钱 以后 怎么 重要  怎么 诱惑 我 做 恶 事 
我 想 请问 各位  真的 是 人 没有 恶 的 本性 吗 
请 大家 抚 着 自己 的 良心  人类 本身 的 贪婪  人类 本身 的 那种 兽性 是 从 哪里 来 的 呢 
如果 钱 是 万恶 之 源  那 钱 还 没有 发明 之前  这种 兽性 跟 贪婪 性 为什么 就 突然 间 不 叫 作恶 了 呢 
根据 这 两 个 前提  他们 开展 出 三 个 论点 
第一 个  他 告诉 我们 钱 本身 现在 能够 等价交换  所以 钱 是 万恶 之 源 
那 我 想 请问 各位  为什么 钱 能够 有 等价交换 这种 高尚 的 能力 呢 
是 因为 经济 发展 
按 对方 辩 友 的 逻辑  是 不 是 要 告诉 我们  经济 发展 其实 真的 是 万恶 之 源 呢 
第二 个 论点  他 告诉 我们  今天 钱 能够 成为 一个 人 的 精神 价值 
但是 这 真 的 是 一个 必然 判断 吗 
今天 一个 丈夫 殴打 他 的 老婆  本身 可能 是 因为 工作 上 不 满意  可能 因为 情绪 的 宣泄  这 和 钱 有 什么 关系 呢 
第三  他 告诉 我们  今天 钱 本身 是 一个 目的  是 一个 工具  因此 是 源 
对方 辩 友 其实 这 个 已经 有 点 阐述 错误 了  目的 和 工具 不 等于 一个 推导 的 导 因 
我们 说 目的 和 原因 有 什么 差别 呢 
一 者 是 说 从 哪里 来  一 者 是 说 到 哪里 去 
如果 两者 是 等 同 在 一起 的 话  那么 目的 和 原因 有 什么 差别 
对方 辩 友 又 告诉 我们  今天 钱 本身 是 一个 很 重要 的 手段 
是 手段 就 说明 它 是 一个 中性 的 体  如果 是 中性 体 的话  我 想 请问 各位  怎么 还 会 突然 间 变成 了 万恶 之 源 呢 
