） 对方 提出 了 大量 的 例子  告诉 我们 说 有 很多 人 贪 钱 
姑且 不论 贪 钱 不 贪 钱 的 问题  我们 只 要 看 一 看  这个 贪 钱 本身 只是 众 恶 之中 的 一 小 部分  如何 构成 万恶 
再者  如果 我们 说 他 里面 的 例子 是 贪 钱 的 话  那么 我 请问 各位  是 钱 是 恶 之 源  还是 贪 是 恶 之 源 呢 
对方 辩 友 这种 只 看 一半  不 看 另 一半 的 做法 能够 让 我们 大家 信服 吗 
） 而 今天 我们 认为 钱 不 是 万恶 之 源  不 是 我们 想 为 钱 多 说 好话  而是 想 给 钱 一个 确切 的 定位 
我们 看 得 到  有 人 为了 钱 确 然 去 做 恶 事  有 人 为了 钱 也 去 做 善事 啊 
今天 我 为了 钱 奉公守法 赚钱  但是 与此同时 帮助 国家 成长  是 善 是 恶 呢 
如果 这个 万恶 之 源 一时 会 推出 善  一时 又 会 推出 恶  那 它 怎么 还 会 是 万恶 之 源 呢 
如果 对方 辩 友 告诉 我们  这个 钱 能够 推 导出 万恶 之 源  又 能够 推导 出 万 善 之 源  那 就是 告诉 我们  它 有时 是 万恶 之 源  有时 突然 间 又 不 是 万恶 之 源 
那 您 是 不 是 一半 论证 自己 立场  一半 论证 我方 立场 了 呢 
（ 掌声 ） 我们 姑且 把 那 善 的 一半 掩 起来 不 看  我们 效法 对方 辩 友  只 看 恶 的 那 一 部分 好 不好 
就 算 在 恶 的 那 一 个 部分  人类学 家 告诉 我们  在 社会 上 出现 的 恶  基本上 可以 包含 在 四 个 层面  第一 个 本身 所 说 的 就 是 极端 （ 时间 警示 ） 的 信念 带来 的 恶  第二 个 就 是 非理性 价值 的 违反  第三 个 就 是非 分之 情欲 
像 邪教 啊  恐怖 分子 啊  塔利班 毁 佛 事件  甚至 到 南京大屠杀  这些 恶 和 钱 有 什么 关系 呢 
还是 对方 四 辩 想 告诉 我们  由于 这些 恶 都 没有 钱 涉及 在内  所以 他们 就 突然 间 不 是 恶 呢 
那 我 突然 间 恍然大悟  原来 日本 人 哪  他们 篡改 教课 书 是 有 根据 的  那个 不 叫 作恶  因为 没有 钱 涉及 在内 
就 算 我们 今天 把 这 三 个 部分 没有 和 钱 有 关系 的 恶 都 撇开 不 谈  我们 只 看 有 涉及 钱 的 恶 好 不 好 呢 
有 涉及 钱 又 怎么样 
代表 钱 是 万恶 之 源 吗 
诚如 刚才 所 说 的 贪 钱  钱 是 恶  还是 贪 是 恶 
对方 辩 友 把 " 一 " 当作 " 万 " 的 推论 方式 能够 论证 万恶 之 源 吗 
在 数学 上  把 " 一 " 当作 " 万 "  本身 就是 一个 推断 错误  在 逻辑 上  以 一 当 万  以偏概全  就 不 能够 是 一个 有效 的 推论  在 内容 上  盖 着 一 大 部分  只 看 一 小 部分  就是 以偏概全 的 诡辩  只 看 恶 的 那 一 部分  有 关系 到 恶 就 当 作恶 （ 时间 到 ） 的 源 是 来自 钱  是 第二 主席  谢谢 





胡 渐 彪  重 诡辩 哪 
主席  谢谢 





胡 渐 彪  谢谢 
（ 掌声 ） 再 来 请 正方 四 辩 周玄毅 同学 做 总结 陈述  时间 是 4分钟  请 
周玄毅  谢谢 主席 
大家 好 
的确 呀  辩论 是 对于 语言 和 文字 的 玩味 
今天 呢  我们 也 很 欣赏 对方 四 位 同学 玩味 的 能力 
然而 请问 大家 了  玩味 的 前提 究竟 是 什么 
是 对于 基本 的 概念 有 一个 规范  有 一个 标准 
今天 这样 一 本 最 权威 的 《 汉语 大 辞典 》 中 告诉 大家  " 万 " 字 一共 有 九 种 意思  五 种 是 名词  一 种 是 数词  还有 三 种 分别 代表 极大 的  极度 的  极 多 的 
因此 今天 我方 只 需要 证明  钱 产生 了 这个 世界 上 种类 繁复  数量 极 多 的 罪恶  我方 的 观点 就 可以 得到 证明 
而 对方 同学 今天 告诉 大家  我方 要 证明 钱 产生 了 世界 上 一切 的  微小 的  琐碎 的  细微 的 罪恶 
这 是 不 是 有 一点 " 纸 糊 的 月亮 当 太阳 -- 偷 天 换 日 " 的 嫌疑 呢 
（ 掌声 ） 而且 我 还要 提醒 大家  《 辞海 》 是 一 本 辞书  而 " 万恶 之 源 " 是 一个 短语 
一 个 短语 居然 能 在 《 辞海 》 里面 出现  这 是 不 是 有些 奇怪 呢 
总结 对方 同学 今天 的 观点  其实 无非 是 说 恶 源于 人 的 内心  源于 人 的 本性 
可是 请 大家 想 一 想  什么 才 是 人 的 本性 呢 
孟子 说  " 人性 之 善 也  犹 水 之 就 有 下 也 
" 我们 人 都 有 是非  恻 隐  恭敬  羞辱 之 四 端  这 才 是 本 心  这 才 是 本性 
当 心中 有 了 恶念  就 像 是 清澈 的 湖水 里 泛起 了 污秽 
这 污秽 之 源 到底 是 湖水 本身 呢  还 是 外部 的 杂质 呢 
外在 诱惑 就 是 我们 人 心中 的 杂质  而 金钱 作为 一般 等价物  则 是 这 种种 外部 诱惑 的 抽象 化身  所以 我们 才 说 钱 是 万恶 之 源 
（ 的确  是 人类 创造 了 钱  然而 金钱 的 魔力 却 又 使 人们 拜倒 在 它 的 脚下 
当 我们 善良 的 本 心 被 金钱 所 异化 时  对方 同学 却 把 这 被 异化 的 本心 当做 了 罪恶 之 源  这 是 不 是 有些 欲 加之 罪 呢 
的确  金钱 是 人类 的 创造物  然而 当 我们 发现 这 一个 创造物 能够 购买 到 世界 上 一切 的 物质 财富  染 及 人类 最 纯洁 的 灵魂 时  它 还 仅仅 只 是 一个 创造 物  一 个 工具 那么 的 简单 吗 
当 我们 发现 金钱 反过来 异化 人 的 本性  奴役 人 的 自由 时  对方 同学 还 能够 否认 钱 是 万恶 之 源 吗 
