那 曼德拉  为了 废除 种族 隔离 政策  而 牺牲 了 自己 
27年 的 个人 自由  对方 没有 说 是 可以 两 全  那 是 不 是 说 这 27年 里 的 牢狱 生活  其实 是 他 的 个人 利益 呢  还是 对方 辩 友 急需 要 告诉 我  他 对 个人 利益 还有 群体 利益 的 两 全 之 道 的 了解  不如 对方 辩 友 来 得 更 透彻 呢 
谢谢 各位 
主持人  谢谢 陈勋亮 同学  下 来 我们 请 正方 的 三 辩 叶斌 同学  对 正方 的 观点 做 进一步 的 补充  时间 是 三分 钟  请 
叶斌  谢谢  大家 好  首先 我们 这个 课题 中 的 个人 是 指 广泛 意义 上 的 个人  而 不 是 某 一个 人  对方 一 辩 却 用 苏哈托 的 个 例 来 否认 我方 的 观点  那么 是 不 是 我们 今天 的 辩 题 应该 改 成 苏哈托 和 群体 利益 不 可以 两全 呢 
请 对方 不 要 篡改 命题  确实 我 承认 对方 辩 友 的 陈 词 十分 的 精彩  但是 我 始终 无法 理解 他们 讨论 的 个人 利益  他们 所 讨论 的 个人 利益 是 什么  是 这个 要 有  那个 也 要 全  鱼 也 要 吃  熊掌 也 要 要  可以 说 左手 一 条 鱼  右手 一 只 熊掌  请问 这种 个人 利益 如何 体现 呢  他 可以 实现 吗  我们 知道 有 得 有 失  有 付出 才 会 有所 获得  按照 对方 辩 友 的 观点  如果 我方 现在 这 场 比赛  我 个人 倒 是 失去 利益 了  因为 我 付出 了 时间 和 精力  所以 说 对方 辩 友 讨论 的 不 是 个人 利益  他们 讨论 的 是 不劳而获 
其次  全  我 同意 对方 的 观点  全 是 完美无缺 的 意思  但 我 不 能 同意 他 的 辩 题 中 的 意义  如果 我们 这样 讨论 的 话  我们 将 首先 问  这个 世界 上 有 没 有 完美无缺 的 东西  一 个 都 不 会 有  何况 是 两 个 呢  还要 两全 呢 
对 不对  所以 请 对方 不 要 擅自 篡改 这样 的 命题  对于 李光耀 先生 而言  他 可能 觉得 精神 和 理想 的 追求 更 高 于 物质 的 追求  所以 说 这 点 恰恰 可以 证明  我方 的 观点  当 一个 人 追求 更 高 层次 更 高 的 利益 之 时  也 实现 了 群体 的 利益  两者 是 可以 两 全 的 
最后 个人 利益 和 群体 利益 虽然 是 一 对 矛盾  但是 不 是 永恒 不可 调和 的 矛盾  两者 不 像 水火 不 能 相容  生死 不 能 并存 一样  是 你中有我  我 中 有 你  相互 包含  相互 促进  群体 利益 在 本质 上  就 是 大多数  个体 利益 的 体现  在 现实 中  两者 可以 两 全  在 逻辑 上 两 者 也 可以 两 全  人类 社会 历史 进步 就 证明 了 这 一点  谢谢 
主持人  谢谢 叶斌 同学 
下 来 我们 请 反方 的 三 辩 陈政弘 同学 发言  时间 是 三分 钟  请 
陈政弘  谢谢 大家  首先 要 澄清 一点  我方 说 的 两 全  绝对 不 是 十全十美  或者 是 不劳而获  我方 说 的 两 全  是 根据 辞海 所 说 的 完整 保全  对方 说 一 则 大  一 则 可以 小  这 也 叫 两 全  那 苏哈托 

科力莎 的 信念 是 要 造福 人群  他 自己 本身 就 说 到  我 不 在 为 自己  我 志 在 救 世  请问 他 信念 志 在 救 世 说  你 告诉 他  他 是 为了 个人 的 利益 而 这 样子 做 的 吗 
第三  对方 告诉 我们  个人 利益 必定 是 正面 的  必定 是 正确 的  而 那些 坏 的 例子 他 说  这 是 特 例子 然后 他 说 我们 不 看  命名 有 坏 的 例子  他 不 看  然后 他 说 这 是 两 全  这 样子 毫无 现实 的 逻辑 吗  对方 观点 跟 现实 本身 就 不 两全 了 吗 
我们 说 如果 说 坏 的 例子 不 是 个人 利益 的 话  那 孔 老夫子 为什么 要 说  小人 予以 利  君子 予以 义 呢  为什么 我们 说 自私自利  唯利是图 呢  可见 小人 的 利 也 是 个人 利益 的 一 种 啊 
接 下来 让 我 从 微观 的 层面 向 大家 论证  个人 的 自私 本性 和 价值 多 元  更 激化 了 个人 利益 和 群体 利益 的 矛盾 和 冲突  第一  个人 是 以 利己 为主  群体 则 以 共 益 为重  荀子 就 说 到  人 之 性 生 而 好 利   把 基里根  说 到 所谓 的 道德 法律 是 不 可能 完全 控制 人 的 欲望 的 
第二  我们 现在 知道  个人 是 价值 的 多元 取向  群体 却 要求 意志 的 价值 标准 
我们 常常 说  一 种 米 养 百 种 人  每 种 人 都 有 自己 价值 标准 和 生活 模式  当 一个 人 的 价值 取向 和 大部分 人 不同  甚至 相 违背 的 时候  他 能 说 他 的 个人 利益 能够 保全 吗  如果 强势 了 主流 文化  真 的 能够 暴露 和 接纳 这些 个人 利益 的 话  就 请 对方 告诉 我们 一些 现实 的 历史 吧 
请问 大家  在 回教 国 的 社会 中  为什么 某些 个人 非 回教徒 就 得 牺牲 掉 他 喝酒 和 吃 猪肉 的 权利 呢 
为什么 在 保守 的 东方 社会 中  同性恋 到 现在 还 没有 得到 一个 法律 上 的 认同  为什么 在 一些 集权 的 政治 统治 国家  个人 的 权利 总是 受到 无理 的 限制  包括 言论 和 自由 呢 
这样 多 的 为什么  对方 能够 告诉 我  这 是 一个 特殊 例子 不 看  就 告诉 我 这 是 两 全 的 吗 
回 到 现实 吧  如果 人人 都 能够 是 一致 的 价值 标准  人人 都 能 控制 欲望  对方 才 可以 说 这 可以 两全 了  谢谢 
主持人  谢谢 陈政弘 同学  那么 听 过 了 双方 前 三 位 代表 的 发言  我们 暂时 休息 一下  稍候 回来 马上 要 进行 的 是 自由 辩论  我们 回头 见 
各位 观众  欢迎 回 到 2001年 国际 大专 辩论会 半决赛 第二 场  刚刚 通过 前 六 位 辩 手 的 发言 呢 我们 可以 看得出  双方 都 是 有 备 而 来 的  那么 接下来 要 进行 的 自由 辩论 这个 阶段  更 是 要 着重 考验 辩 手 们 应变 的 素质  双方 都 有 四分 钟 的 发言 时间  必须 交替 发言  我们 先 从 正方 开始  请 
