黄磊  可 是 按照 对方 的 立论  非洲 的 人 身 处 逆境  有利于 他们 的 成长 
我们 要 救助 他们  不 就 是 遏制 他们 的 成长 了 吗 
黄靖文  正 因为 他们 在 非洲  他们 饥饿  他们 想 要 努力  他们 就 更加 发展 
对方 辩 友  你 可以 看看 现在 

（ 时间 到 ） 驳 论 反方 反驳 正方 黄 执 中  我们 先 来 回顾 一下  刚刚 的 质询 答辩  对方 辩 友 在 猜 我们 桌上 的 喉 糖 的 时候  她 用 了 一个 很 巧妙 的 方式  说 我 三 个 都 猜 可不可以 呀 
在 这 场 比赛 当中  当然 可以  可是 我 想 请问 一下 在座 的 各位 观众  我们 在 人生 的 选择 当中  可以 说 我 统统 都 要 可以 吗 
好像 不 行 吧 
不管 我们 是 科学家 在 做 实验  不管 我们 是 学生 在 选择 人生 的 经历 和 过程  不管 我们 是 一个 企业家 在 选择 企业 投资 的 方向  我们 好像 都 必须 要 从中 择 一  当然 如果 遇到 顺境  我们 第一 次 都 猜 对  我们 就 得到 了 成功 的 果实  我 开 了 第一 个 杯子 知道 里头 有 东西 了  可是 在 这个 过程 当中  我 失去 了 什么  我 失去 了 看看 其他 杯子 里 的 东西 的 机会 
《 阿甘 正传 》 里头 不 就 有 一 句 话 吗  人生 就 像 一 盒 巧克力  你 不 吃 下去  你 永远 不 知道 它 味道 是 什么 
顺利 的 人 有 一个 特色  就 是 他 永远 都 吃 到 他 最 喜欢 吃 的 那 颗 巧克力  可是 呢  他 永远 不 知道 其他 巧克力 是 什么 味道  他 也 永远 不 知道 别的 路途 会 有 什么样 的 风景 
对方 辩 友 今天 告诉 我们  所谓 的 顺境  有 三 个 立意  第一 个 是 在 生理 上 的 发展  可是 我们 要 知道  生理 上 真的 是 在 顺境 当中 比较 容易 带来 发展 吗 
我们 都 知道  人体 为什么 会 产生 对 病菌 的 抗体  就 因为 是 我们 生 过 病  才 会 有 抗体 的  如果 从来 就 没有 生 过 病  一 场 病 就 把 你 击倒 了  这 怎么 会 是 顺境 的 发展 呢 
对方 辩 友 又 告诉 我们 说  有 顺境  身体 才 会 好  可是 这 跟 我们 的 经历 也 不 一样  一个 富翁  有 车子  有 房子  有 仆人 这种 是 顺境 吧  他 的 身体 会 比 农夫 来 得 好 吗 
其次 对方 辩 友 告诉 我们  说 他 的 心智 在 顺境 当中 会 成长  可是 我们 就 要 想 想 看 了  如果 我们 去 念 大学 遇到 两 个 老师  一个 是 严格 的 老师  一个 是 偷懒 的 老师  随便 课程 都 让 你 PASS  随便 你 交 什么 作业 给 你 高 分  这 总是 顺境  可 你 的 心智 会 成长 吗 
最后 我们 还 想 到  有关 品格 的 问题  对方 辩 友 如果 我 身 在 一个 父母 极度 宠爱 的 顺畅 环境 里  打破 花瓶 父母 说 没有 关系  捉弄 小孩子  没有 关系 
对方 辩 友  这样 的 溺爱 品格 会 正常 吗 
谢谢 大家 
正方 反驳 反方 黄磊  谢谢 执 中 师兄 
我们 呢 也 来 简单 分析 一下 对方 的 立论 告诉 我们 什么 
他们 说 啊  顺境 给 人 带来 的 是 一 种 安逸 的 环境  而 逆境 呢 给 人 带来 了 一 种 机制  什么 机制  让 您 知道 哪 条 路 是 错误 的  化学元素 中 有 108 项 元素  如果 在座 的 各位 想 实验 一下  哪 项 元素 是 有毒 的  您 可 要 一个 一个 品  但是 当 品尝 第一 个 有毒 的 时候  您 就 已经 一 命 呜呼 了 
况且 人 的 成长 是 什么 
对方 告诉 我  人 的 成长 就 是 猜 巧克力 的 过程  这 点 我方 不 认同  其实 人生 啊  就 像 是 一 棵 树 的 成长  需要 有 一个 稳定 的 环境 加以 保障  对方 混 淆 的 是 什么 
在 逆境 中  人 可以 成长  和 逆境 有利于 人 的 成长  是 两 个 截然不同 的 概念  为什么 这样 说  爱迪生  通过 实验  能够 总结 出 自己 的 经验  有所 获得  我 可 告诉 哟  爱迪生 有 一流 的 试验 设备 和 一流 的 实验室  如果 这些 都 匮乏 的 话  切莫 说 爱迪生 实验 5 万 种 材料  恐怕 他 还 在 街 边 流浪  不 能够 进行 科学研究 
话说 回来  什么 是 在 逆境 中 可以 成长  这 好比 说 司马迁 的 《 史记 》 呢  是 在 逆境 中 造就 的  但是 逆境 有利于 科学研究  是 另外 一个 概念  对 不 对 
大家 很 容易 理解  比如说 毒品 可以 起 到 医疗 麻痹 的 作用  但是 要 论证 毒品 有利于 人 的 身体 健康  这 是 两 个 截然不同 的 概念  否则 我们 还要 禁毒 干 什么 
其实 逆境 给 人 提供 的 是 某些 个别 品格 历 练 的 过程  而 顺境 是 人 全面 发展 的 过程  全面 发展  和 某些 极端 性格 的 养成  是 不 是 两 个 截然不同 的 概念 呢 
其实 对方 所 说 的 逆境  我方 不予 否认  他 所 说 的 是 逆境 给 人 带来 了 挫折  但是 顺境 给 您 带来 了 克服 挫折 的 能力 和 条件  是否 更为 重要 呢 
对 辩 一 薛乐  谢谢 您  也许 我们 要 谈 一些 成长 中 沉重 的 话题 了 
据 调查  说 身 处 暴力 家庭 中 的 儿童  自卑 心理 的 产生 率 是 60％  而 正常 的 家庭 呢 不 到 10％  请教 您  家庭 的 关爱 是否 更 有利于 儿童 的 成长 呢 
庄智凯  对方 辩 友 刚刚 说 的 这个 虐待 家庭  这 是 个 绝境 啊  他 不 是 逆境 啊  就 像 对方 辩 友 说 的  如果 按照 您 方 顺境 来说  天天 躺 在 那边  就 有 饭 可以 吃  完全 什么 事 都 不要 做  这样 有 成长 吗 
薛乐  对方 辩 友 首先 请 您 告诉 我  为什么 出现 了 家庭 暴力  儿童 就 面临 生 不 如 死  还 是 必须 要 死 呢 
庄智凯  对方 辩 友  因为 它 还 没有 成 年  无法 为 自己 的 能力 负责  再 请问 对方 辩 友 是  如果 顺境 可以 让 人 成长  请问 富 不 过 三 代 这 句 话 怎么 解释 呢 
