所以 呢  我们 知道  不管 是 科学家 也好  先烈 也好  他们 对于 其他 的 人  其他 的 百姓  或者 是 其他 的 民众  他 怀 的 心意 其实 跟 父母 一样 的  我 希望 我 的 所作所为  能够 让 大家 更 快乐  更 幸福 
可是 成长  我们 不 希望 你们 以此 为 满足 啊  你们 要 去 寻找 你们 人生 的 逆境  你们 才 能 更 成长 啊  谢谢 大家 
自由 辩论 张 君 （ 正方 ）  请问 人们 去 救助 战乱 饥荒 地区 的 孩子  是 不 是 为了 让 他们 摆脱 逆境  更 好 的 成长 呢 
黄靖雯 （ 反方 ）  对方 辩 友  人们 救助 荒乱 之中 的 孩子  他们 是 为了 一 份 怜悯  一 份 爱 
对方 辩 友  我 想 要 请 问 你  如果 在 顺境 当中 可以 让 人 成长 的 话  军队 何必 行军  僧侣 何必 苦行 呢 
薛乐  为什么 我们 要 付出 我们 的 关爱 呢  不 正是 因为 看到 他们 身 处 逆境  不 利于 他们 的 成长  我们 才 要 付出 关爱 吗  如果 逆境 更 有利于 他们 的 成长 的 话  我们 应该 对 他们 表示 羡慕  让 大家 都 去 贫困 山区  更 有利于 大家 的 成长 吗 
黄 执 中  对方 辩 友  非洲 饥民 饿 到 快 生死 关头 了  你 对 他 表示 羡慕  这 是 不对 的 
我们 去 拯救 他们  去 帮助 他们  属于 怜悯  对方 辩 友 怎么 可以 相提并论 
马薇薇  如果 我们 的 怜悯 却 阻碍 了 他们 在 逆境 中 成长 的 话  这 不 是 一 种 道德 的 虚伪 吗 
至于 僧侣 的 问题  印度 的 苦行僧  可是 能 七 天 七 夜 在 坟墓 里 不 吃 不 喝  他 成长 好 了  难道 咱们 成长  也 要 不 吃 不 喝 修道 成 佛 吗 
梁佑诚  对方 辩 友  您 告诉 大家 说  今天 如果 我们 有 选择 的 时候  我们 当然 不 会 选择 逆境  但是 问题 是  您 刚才 告诉 大家 很多 人 生 的 哲理  请问 人生 何时 有 选择 呢 
黄磊  其实 人生 何时 有 选择  对方 辩 友 已经 给 我们 选择  他 要 故意 去 尝试 错误 的 道路  以 验证 道路 的 错误 
我 想 请问 您 了  有 良师 为 我们 传道授业 解惑  和 自己 盲目 摸索  哪 一个 更 有利于 您 的 成长 
庄智凯  对方 辩 友  这里 有 100 位 名人 的 故事  他们 统统 都 在 逆境 中 成长  如果 按照 您 说 的  他们 的 故事 内容 应该 写 的 是 他 成长 生 在 一个 富裕 的 家庭  躺 在 那里 他 就 成长 了 吧 
黄磊  这里 有 200 万 的 观众 告诉 我们  顺境 中 有 一个 更 好 的 环境 成长  又 说明 什么 
黄 执 中  对方 辩 友  我们 已经 说 过 了  我们 一般 人  我们 不 忍心 他 承受 逆境  我们 一般 人 也 只 会 选择 顺境 
可是 伟人 之所以 成 伟人  是 因为 他 做 选择 的 时候  他 愿意 挑 难 的 路 来 走  我 没有 这样 的 自信  所以 我 不 会 成为 印度 的 苦行僧 啊 
薛乐  对方 三 号 辩 手 告诉 大家  其实 我们 可以 选择 我们 的 人生 道路  可是 对方 一 号 辩 手 刚才 又 告诉 大家  其实 人生 没有 选择  本来 就 是 命 定 的  是 不 是 要 告诉 大家  原来 龙生龙  凤生凤  老鼠 生 儿 会 打 洞 呢 
梁佑诚  其实 我方 只是 想 告诉 对方 辩 友  对方 辩 友 一直 告诉 大家  人生 是 那个 选择 是 可以 选择 好 和 坏 的  但是 他们 告诉 大家  我们 今天 谈 的 是 人生 还 是 谈 逆境 和 顺境 呢 
顺境 逆境 如果 是 可以 由 自己 选择 的  有 谁 愿意 走 出 街上  被 大 砸 牌 砸 下来 砸 死 的 呢 
没有 人 会 做 这样 的 选择  这 证明 什么 
当 逆境 和 顺境 基于 我们 什么 条件 的 时候  我们 必须 从 当 中 寻找 我们 成长 的 元素 到底 来自 哪里  对方 辩 友 
马薇薇  非常 感谢 对方 辩 友  难道 您 告诉 我们 说  有 选择 就 等于 逆境 了 吗 
刚才 我们 抽签 的 时候  有 选择 吧  难道 一 抽签  我们 双方 就 一起 进入 逆境 了 吗 
庄智凯  对方 辩 友  您 方 一直 说 的 顺境  其实 是 得到 别人 的 帮忙  不 是 顺境 这个 人 成长  他 只是 获得 别人 的 帮忙 
请问 这样 他 为什么 可以 成长 呢 
黄磊  谁 在 比较 更 有利 的 成长  是 我们 双方 共同 的 比较 
有 朋友 为 您 两肋插刀  可谓 是 顺境 吧  但 有 朋友 插 您 两 刀  可谓 是 逆境 吧  请 比较 一下 
黄 执 中  有 朋友 为 我 两肋插刀  我 以后 知道 相信 朋友  可 是 不 是 所有 朋友 都 值得 相信  我 非得 哪 一 天 被 人家 插 两 刀 之后  我 才 知道 谁 可信  谁 不 可信  我 成长 
马薇薇  那 对方 辩 友  您 为了 验证 谁 可信  谁 不 可信  是 不 是 就 要 每天 都 挨 上 好几 刀 呢 
黄 执 中  对方 辩 友  不对  我们 要 讲 的 是  如果 人 永远 都 不 被 朋友 插 上 两 刀  他 就 会 盲从 地 相信 所有 的 朋友  这样 的 人 只 是 蠢 木 牛马  怎么 会 成长 
张君  人 如果 被 插 上 两 刀 的话  都 死 了  您 还 何 谈 成长 呢  请问 一个 好汉 三 个 帮 和 众 叛 亲 离  哪个 更 有利于 人 的 成长 呢 
梁佑诚  刚才 对方 辩 友 的 四 辩 不 是 告诉 我们  他们 谈 的 不 是 谈 死 的 绝境  现在 正 方 的 一 辩 现在 告诉 我们 说  他 都 已经 死 了  那 怎么 谈 成长 呢 
薛乐  好 吧  我们 说 如果 插 上 两 刀 不 死  身 患 重伤  是 不 是 对方 辩 友 认为 就 更 有利于 我们 的 成长 呢 
请教 对方 辩 友 了  如果 逆境 更 有利于 我们 的 成长 的 话  孟 母 三 迁 说明 了 一个 什么 道理 呢 
