反方  对方 辩 友  险 是 客观 存在 的  你 又 玩 的 时候 还 可以 拿 学生证 打 个 半 折  险 可以 打 半 折 吗 
第 四 关 总结 陈 词 反方  首先 指出 对方 辩 友 所 犯 的 逻辑 错误  第一 对 方便 又 说  凡是 有 价值 的 就 应该 鼓励  这 是 一个 显然 的 错误 
第二  对方 辩 友 都 充满 着 理想 主义 的 色彩  用 很多 宽泛 的 语言 来 给 我们 一个 看 是 合理 的 解释  却 没有 给 我们 一 条 切切实实 的 符合 我们 大学生 自己 的 探险 之 路  这 相当 于 给 我们 建立 了 一 座 美丽 的 空中 花园  却 不 给 我们 一个 登 天 之 梯 
今天 我们 来说 大学生 探险 不 应该 鼓励  并 不 是 因为 我们 是 保守 的 卫道士  因为 我们 同 一样 有 火 一样 的 青春 花 一样 的 年华 
我们 同样 追求 这种 探险 精神  我们 同样 希望 今天 在 大学 校园 里  我们 能够 激情 燃烧  青春 岁月  将来 有朝一日 能够 为 国家 承担 栋梁之材 
我们 说 大学生 探险 不 应该 鼓励  绝非 因为 我们 保守  而是 因为 让 我们 看到 险 就 在 那里  而 不仅仅 是 说 山 就 在 那里  所以 我们 不 鼓励 并 不 表示 反对  更 不 表示 禁止 
而是 说 我们 应该 客观 的 对待 这 件 事物 
谢谢 反方  我 来 回答 刚才 对方 辩 友 提到 的 可行性 的 问题  我们 说 对方 同学 今天 似乎 有 将 探险 不断 拔高 不断 窄 花 的 情况 下  这 似乎 在 他们 的 脑子 里 面 就 只有 登 珠穆朗玛峰 才 叫做 探险  我们 说 今天 如果 我们 有 能力 的 话  我们 可以 先 登 陕西 太白 峰  这个 适合 探险 得 人 是 不 是 多 了 一些 呢 
对方 同学 还 说 不 鼓励 不 代表 禁止  这 点 我方 同意  但是 这种 不 鼓励 不 禁止 的 隐藏 的 难道 不 是 放任自流 的 实质 吗 
原本 认识 到 探险 之 利 的 同学 继续 成为 孤独 的 勇士  因为 不 鼓励  原本 没有 认识 到 探险 之 利 的 同学  都 继续 安 坐 于 教室 之内  向 对方 同学 说 的  成为 四体不勤 的 表面 书生  同样 因为 不 鼓励 大学生 只能 眼睁睁 的 看 着 这个 地球 上 的 同龄人  一 次 次 的 攀登  一 次 次 的 欢呼  而 内心 却 又 刚刚 开始 的 那 一点点 的 羡慕  到 最后 面 的 完全 麻木  对方 同学 您 的 观点 能 让 我 放 信服 吗 
我 方 的 观点 是 大学生 探险 应该 鼓励  谢谢 主席  我们 曾经 把 大学 校园 比喻 成 学生 的 象牙塔  大学 外面 的 围城 里面 给 同学 围 出 了 一 片 非常 自由 自我 的 天地 
可是 当 我 和 一个 去 德国 留学 的 同学 交流 之后  他 告诉 我  他 在 德国 上 大学 的 时候  他 的 学校 根本 就 没有 围墙 
这 让 我 在 惊诧 之 余 也 不由得 联想 起 几 个 问题  那 就是 我们 大学 的 围墙 里 究竟 围住 了 什么 
以及 我们 大学 究竟 该 不 该 有 围墙 
下面 就 把 这个 问题 送给 现场 的 双方 辩 手 
我们 经过 赛前 的 抽签  重庆 大学 做 为 正方 他们 的 观点 是 大学 应该 有 围墙 
反方 电子 科技 大学 的 同学 他们 的 观点 是 大学 不 应该 有 围墙 
同样 我们 本次 比赛 分为 四 个 环节  每个 环节 单独 记分 
以 总分 决出 哪 只 队伍 可以 进入 下 一 轮 的 比赛 
好  现在 双方 队员 已经 准备 好 了  我们 首先 进入 第一 个 环节 —— 知己知彼 


主持人  在 知己知彼 这个 环节  双方 各 有 一分 钟 的 时间 来 猜测 对方 的 立论 
并且 有 三分 钟 的 时间 来 进行 本 方 的 立论 陈 词 
从 正方 开始 


正方 三 辩  谢谢 主持人 
凡事 皆 有 利弊  围墙 也 不 例外 
今天 对方 观点 是 大学 不 应有 围墙  就 势必 列举 大量 的 围墙 之 弊  以 论证 其 观点 
因此 我 方 将 从 以下 几 个 方面 展开 猜测  第一  围墙 对内 是 过分 的 束缚 
大学生 两 耳 不 闻 窗外 事  一心 只 读 圣贤 书 
难以 满足 社会 发展 的 需要 
从而 难以 实现 学习 书本 知识 与 投身 社会 实践 的 统一 
第二  大学 对外 是 阻碍 排斥 作用 
大学 与 外界 的 隔离  产生 了 大学 与 社会 心理 上 的 隔离 
这样 的 隔离 不 利于 大学 文化 的 养成 与 文化 互动 的 统一 
第三  国外 不少 著 名 大学 都 没有 砖瓦 垒 成 的 围墙  对方 从而 在 趋势 上 论证 围墙 不 应 存在 
综 上  对方 的 攻击  我方 将 针对 其 攻击 展开 我方 的 防守 反击 
希望 今天 的 比赛 能够 精彩 纷 成  谢谢 



主持人  同样 我们 邀请 反方 任意 辩 手 在 一分 钟 时间 之内 来 猜测 正方 的 理论  请 



反方 二 辩  谢谢 
各位 好 
今天 对方 应该 基于 高等教育 的 发展 理念 对 大学 是否 应当 有 围墙 作出 一个 肯定 的 价值 判断 
现代化 大学 发展 的 趋势 要求 开放 和 自由  因此 可能 会 对 对方 的 论 定 产生 一定 的 不利 
因此 对方 可能 会 以 现存 的 比较 传统 大学 为 对象  在 逻辑 上 突出 围墙 的 有用 性  泛 化 大学 围墙 的 功能  强调 客观 环境 的 要求  提出 四 个 论点  第一  传统 的 教学 理念 认为 大学 应该 是 独善其身 的 象牙塔 
对方 可能 会 认为 围墙 的 界定 功能 会 保 一 方 净土  创造 一个 精英 教育 的 世外桃源 
第二  在 现阶段  尤其 是 中国  围墙 还 被 大多数 人 认为 是 一 种 有效 的 而且 廉价 的 安全 保护 工具 
大学 因 其 重要 的 社会 地位 自然 应当 受到 围墙 的 保护 
第三  鉴于 纷繁 复杂 的 社会 环境  大学 
特别 是 大学生 的 管理 还 应当 由 大学 来 实施 
因此 围墙 协助 实现 管理  甚至 成为 过滤器 的 功能 不可或缺 
第 四  对方 会 否认 围墙 所 代表 的 封闭 理念  同时 认为 围墙 不 会 影响 开放 
利用 传统 潜意识 对 围墙 的 归属感 和 依赖 感 支撑 自己 的 观点 
谢谢 2 楼 主持人  下面 我们 请 正方 的 任意 选手 进行 立论 陈 词 
