请教 对方 辩 友  您 这种 接近 是 可能 接近  还 是 必然 接近 呢 
正方 一 辩  对方 辩 友  我 用 一 句 中国 的 古 话 来 回答 您  交 则 泰  不 交 则 否  请 对方 辩 友 您 倒 是 给 我们 论证  手机 如何 使 人 必然 疏远 
从 社会 宏观 论证 
反方 四 辩  从 社会 宏观 论证  对方 辩 友 告诉 我们 说  交流 多 了 人们 之间 就 必然 拉 近 了  我 请问 大家  生活 在 一个 屋檐 下 的 夫妻  他们 交流 得 多 不 多 呢  为什么 还 会 有人 离婚 呢  是 不 是 因为 他们 手机 打 得 少 了  还是 短 信 发 得 少 了 呢 
正方 三 辩  那 我 也 想 请问 对方 辩 友  现在 有 的 青年人  为了 谈 恋爱  为了 跟 他 的 爱人 联系 方便  专门 去 买 手机  您 说 有 两口子 为了 离婚  为了 疏远 去 专门 买 手机 的 吗 
反方 三 辩  对方 辩 友  我 倒 想 请问 您 了  您 说 那 两 个 人 是 甜言蜜语 话 多 了  接近 了 他们 的 距离 呢  还 是 我们 天天 拿 着 个 手机 接近 了 他们 的 距离 呢 
正方 四 辩  对方 同学 今天 说 来说 去  还是 在 谈 情感 问题  我 倒 是 再 想 请教 对方 同学 了  我们 很多 人 都 是 每逢 佳节 倍 思亲  但是 不 能够 回家  请教  这个 时候 我 用 手机 联系  怎么 就 和 家人 疏远 了 呢 距离 呢 
反方 一 辩  人们 发明 手机  是 为了 让 人 接近 距离  人们 使用 使用 手机 就 必然 接近 了 距离 了 吗  我们 今天 来 参加 比赛  是 为了 赢得 胜利  是 不 是 我们 参加 比赛 就 必然 赢得 胜利 了 呢 
正方 三 辩  对方 辩 友 告诉 我们  今天 人们 联系 的 时候  不 一定 要 用 手机  可以 用 其他 方式  但是 这 是 您 的 观点 吗  您 要 论证 的 是 用 了 手机 之后  他们 的 距离 就 疏远 了  请 论证 
反方 二 辩  对方 辩 友 是 您 方 一直 在 个 例 上 纠缠  不 肯 跳 出来 看 一 看 社会 的 现实 
那 我方 来 告诉 您 
今天 就 让 我们 看 一 看 社会 的 现实  现实 是 人们 大量 使用 手机  挤压 了 其他 交流方式  现实 是 人们 因为 手机 具有 高效  快速 的 特性  因此 情感 上 的 交流  也 不免 产生 了 这 方面 的 影响  对方 辩 友  请 您 告诉 我  在 这样 情况 下  人 的 情感 怎 能 不 疏远  您 方 的 个 例 能 证明 情感 拉 近  我方 的 个 例 证明 情感 疏远  这样 的 辩论 有 什么 意义 呢 
正方 四 辩  今天 非常 好 笑  对方 同学 说  几 百 万 在 外 的 学子  几 千 万 在 外 的 工作人员 都 是 个 例  那 我 再 请教 对方 同学 了  我们 每个 人 都 会 面临 到 很多 情况  是 什么样 的 情况 呢  我们 和 我们 的 家人  我们 和 我们 的 亲人  真 的 就是 不 能 见面  用 书信 交流 没有 这么 快  用人 面 交流 无法 实现  请教 了  用 手机 交流 怎么 就 疏远 了 呢 
反方 三 辩  对方 辩 友 我 和 我 的 母亲 就 在 异地  我 是 一 名 异地 求学 的 大学生  但是 我 不 认为 手机 接近 了 我们 的 距离  而是 我 跟 我 母亲 说 的 甜蜜 的 话语 接近 了 我们 的 距离  对方 辩 友 您 要 证明  是 手机 接近 距离 还是 话语 接近 距离 呢 
正方 一 辩  对方 辩 友  手机 不 拿 来 说话  放 着 一个 裸机  还 称 做 为 手机 吗  对方 辩 友  今天 反复 告诉 我们  手机 挤压 了 其他 的 交流方式  我 想 问  这 真 的 是 手机 带来 的 吗  您 要 论证 必然性 呀 反方 四 辩  对方 辩 友 我们 考察 社会 上 的 现象  社会 上 人们 使用 手机 究竟 是 疏远 了 还是 接近 了  为什么 要 讨论 必然性 呢  如果 对方 辩 友 认为  我们 通过 手机 接近 了 人们 之间 的 关系 （ 反方 时间 到 ）  谢谢 
正方 二 辩  每年 的 春节 晚会  央 视 也 有 很多 的 工作人员  他们 不 能 回家  那么 他们 通过 手机 跟 家 人 说 一 声 新年 好  这 关系 怎么 就 疏远 了 呢 
正方 四 辩  其实 对方 同学 说 了 我们 半天  说 我们 没有 接近  但是 对方 同学 今天 自始至终 没有 论证 疏远 
正方 三 辩  对方 辩 友 告诉 我们  手机 疏远 了 人 的 距离  那 是 不 是 今天 路边 有人 昏倒 了  我们 不 要 用 手机 拨 120  应该 长跑 二十 公里 （ 正方 时间 到 ）  谢谢 一锤定音 路 一 鸣  我 从 正方 二 号 选手 的 发言 当中  知道 反方 有 同学 有 手机  所以 希望 这个 有 手机 的 同学  待 会 告诉 我们  他 怎么 会 选择 一个 能 导致 人 距离 疏远 的 工具  随身 携带 呢  谢谢 
蒋昌建  您 说 用 现代 的 通讯 工具  比如说 手机  电子邮件  代替 了 传统 的 邮件  那么 会 疏远 人 的 距离  那么 距离 这个 逻辑 
我们 无 限制 推 下去 的 话  是 不 是 我们 回到 了 老死不相往来  鸡犬之声相闻 的 那样 的 一个 朴素 的 交流方式  人 与 人 之间 的 关系  才 显得 那么 近 呢  谢谢 
反方 二 辩  谢谢 提问 老师  刚才 对方 辩 友 所 说 的 那个 有 手机 号码 的 同学 就是 我  但是 我 要 告诉 大家 的 是  对方 辩 友 的确 是 给 我 发 了 个 短 信  留 了 我 的 电话号码  但是 我 却 并 没有 给 对方 辩 友 回答 这 条 短 信  为什么  因为 我 觉得 这样 的 手机 交流  并 不 能 必然 拉 近 我们 的 距离  而 我们 需要 的 是 什么  是 个 多样化 的 交流  我 愿意 和 对方 辩 友 一起 出去 散 散步  愿意 和 您 一起 吃 顿 饭  愿意 和 您 打 打电话  有 空 的 时候 也 可以 发 发短 信  只有 这样 多样化 的 交流  才 能 接近 你 我 的 距离  假如 我们 一天到晚  抱 个 手机 发 个 不 停  我 相信 我 并 不 能 了解 对方 辩 友  对方 辩 友 也 不 能 了解 我  您 说 是 不 是 啊  谢谢 
