一半 论证 我方 观点  我们 说 对方 同学  您 在 论证 你 方 观点 的 时候  以 论证 我方 观点 为 前提  这 公平 吗  这 合理 吗 
正方 三 辩  谢谢  我 来 补充 一下  首先 我 坦白  给 对方 二 辩 发短 信 的 是 我  对方 二 辩 说 她 没有 回  既然 没有 回  这 说明 对方 二 辩 根本 就 没有 使用 这个 手机  您 要 证明 的 是 您 回 这个 短 信 之后  我们 的 距离 怎么样 反而 就 疏远 了 呢  还有 对方 二 辩 说  她 可以 和 我们 约 着 一块儿 去 走路  一块儿 去 吃饭  那 我 想 请 问 了  怎么 约  是 不 是 要 通过 手机 约  我们 通过 手机 约定 时间 地点  是 不 是 就 实现 了 人 约 黄昏 后  月 上 柳 梢头 呢  所以 再次 回答 路 老师 的 这个 问题  路 老师 问 我们 人们 因为 使用 手机  忽略 了 与 周围 人 的 交流 对 不对  但是 我 想 请问  真的 是 因为 人 使用 了 手机 才 忽略 了 与 周围 人 的 交流 吗  不对  是 因为 现在 社会 人们 快 奏 的 生活  是 因为 工作 的 压力  是 因为 竞争 的 激烈  使 人们 只 专注 于 工作  只 专注 于 自己 的 事情  是 这种 快 节奏 的 生活  使 人们 忽略 了 与 周围 人 的 交流  而 手机 作为 一 种 便捷 的 交流 工具  正是 在 这种 快 节奏 的 生活 的 间隙 时 给 了 我们 一 种 便捷 的 交流方式  才 使得 我们 更 好 地 交流  这 就 是 手机 接近 了 我们 的 距离  谢谢 正方 四 辩  而且 我 还要 再次 补充 一点  对方 同学 今天 虽然 扭扭捏捏  犹 抱 琵琶 半 遮 面 地 告诉 我们 说  今天 手机 是 一个 单一 性 的 工具  其实 这 句 话 它 隐含 了 一个 前提  这个 前提 是 什么  就 是 手机 交流 必然 取代 了 人 面 交流  实际上 正 如 我方 开篇 陈 词 所 言  您 从始至终 没有 向 我们 论证 手机 交流 如何 就 必然 取代 了 人 面 交流  既然 手机 交流 没有 必然 取代 人 面 交流  您 的 这些 种种 的 立论  又 从 何 而 来 呢  对方 同 还给 我们 建设 了 一 座 看似 非常 宽广 非常 坚固 的 论证 大厦  但 这个 论证 大厦 的 基石 是 没有 的  这 是 不 是 叫作 空中楼阁 呢  谢谢 大家 
此 为 2001年 国际 大专 辩论会  以 成败 论 英雄 是 不 可取 的  正方  新加坡 国立 大学 
反方  武汉 大学 
正方  以 成败 论 英雄 是 可取 的 （ 新加坡 国立 大学 ） 反方  以 成败 论 英雄 是 不 可取 的 （ 武汉 大学 ） 正 方 一 辩 发言  吴天  谢谢 主席  评判  对方 辩 友  在座 各位  大家 晚上 好 
古人 说   青梅 煮 酒 论 英雄 
 今晚  就 让 我们 以 论 做媒  以 辩 代 酒  纵横 古今  论 英雄 
成败 英雄 论 古 亦 有 之  李白 诗 云   秦王 扫 六 河  虎 势 何 雄 哉   挥 剑 决 浮云  诸侯 尽 西 来 
《 古风 》 东 周 列国 传 里 却 说  见义勇为 真 汉子  莫 以 成败 论 英雄 
 可见 成败 英雄 论 自古 就 是 仁者见仁  智者见智 的 
然而 时代 的 话题 要 有 时代 的 意义  时至今日  以 成败 论 英雄 早已 不 是 一 种 方法  一 种 标准  而是 作为 一 句 俗语  一 种 价值 存在 于 我们 的 时代 
以 成败 论 英雄 是 可取 的  就是 要 探讨 这 句 俗语  这种 价值 在 我们 今天 的 时代  是否 具有 可取 性 
我们 这个 时代 并 不 是 只 有 一 种 价值观  以 成败 论 英雄 这种 观念 必然 受到 我们 这个 社会 其他 价值观 的 共同 协同 与 制约  使 其 展现 精华  为 我 所 用 
这 是 其 具有 可取 性 的 现实 基础 
这种 价值观 其 可取 性 在于 将 成功 与 英雄 联系 在 一起 
英雄 不 是 简简单单 的 一个 人  也 不 是 一 枚 英雄 像章  更 不 是 一个 冷冰冰 的 墓碑 
它 所 代表 的 是 一 种 精神 的 象征  是 民族 的 旗帜 与 国民 的 榜样 
以 成败 论 英雄 这种 价值观 正是 将 人们 对 成功 的 追求 化为 一 种 对 精神 的 追求  激励 人们 积极 进取  奋发 向上 
以 成败 论 英雄 的 可取 性  还 表现 在 它 具有 广泛 的 现实 意义 
因为 作为 一 种 价值观  他 鼓励 全 社会 学习 英雄  追求 成功 
时代 呼唤 英雄  社会 鼓励 成功  这样 的 民族 才 能 进步  这样 的 社会 才 能 发展 
时至今日  全球化 浪潮 势不可挡  若 不 成功  我们 将 立 于 何处 
信息 时代  本土 文化 遭受 强势 挑战  若 没有 英雄  若 没有 英雄  我们 又 何以 让 后代 感受 身为 华人 的 自豪 
追求 成功  鼓励 英雄  正是 我们 这个 时代 的 标志  正是 我们 这个 时代 所 需要 的 价值 取向 
时代 的 英雄 追求 成功  时代 的 成功 追求 英雄 
谢谢 各位 
反方 一 辩 发言  蒋舸  谢谢 主席  各位 评委  大家 晚上 好 
古人 也 说  名 不 正 则 言 不 顺   只有 对 概念 进行 清晰 地 界定  我们 才 能 展开 一 场 有 意义 的 辩论 
按照 权威 的 《 现代 汉语 辞典 》 解释  成败 都 是 相对 于 具体 目标 而言 的 
达到 了 就 是 成功  没有 达到 就 是 失败 
英雄 是 指 能 以 自身 杰出 的 才 能  品质 激起 他人 崇高 情感 的 人 
所谓 以 成败 论 英雄  是 指 成功 了 就 是 英雄  失败 了 就 不 是 英雄 
我方 之所以 认为 这个 观点 是 不 可取 的  理由 有 二 
第一  以 全面 刻板 的 成败 根本 就 论 不 出 丰满 鲜活 的 英雄  因此 这个 观点 在 理论 上 是 错误 的 
一 个 具备 了 杰出 才 能 品质 的 英雄 能否 取得 外在 功业 上 的 成功  还 要 受到 天时  地利  人和 等 客观 因素 的 影响 
南宋 时 的 岳飞 精 忠 报国  文韬武略  但 却 因为 生不逢时  未 遇 明 主  最终 只能 壮志未酬 的 屈 死 风波 亭 
