这个 本来 就是 生命 的 可悲 之 处 
人生 中 我们 在场 每 一个 人  有 谁 没有 失败 过 
有 谁 没有 失恋 过 
有 谁 没有 受挫 过 呢 
所以 对方 辩 友 他 是 错 把 这个 生命 的 可悲 来 论证 说  生命 不 能 重 来 是 可悲 的 ---- 虽然 大家 很 熟  但是 我 还是 要 说 一 说  就是 偷 换 概念 的 
那  我们 为什么 说  生命 我们 为什么 说 他 假设 说  到底 如果  对方 在 没有 假设 说 生命 重 来 就 一定 会 更 好 的 情况 下  如何 够 论证 说  生命 不 能 重 来 就 一定 是 可悲 的 呢 
我们 假设 一下  如果 生命 能够 重 来 有 三 个 结果 吧  我们 用 在 刚 才思 渊 的 那个 结果  第一 个 结果 是 更 好 的 结果  第一 个 结果 是 更 好 的 结果 说  他 可以 跟 他 的 女朋友 重新 在 一起 
可是 各位 想 一 想  如果 说 这个 女孩子 可以 重新 跟 他 在 一起  那么 如果 说 这个 女孩子 本身 还有 另外 一个 B 君 也 喜欢 她  被 思渊 抢 了 回去  那么 那 个 人 他 想 不 想 也 要 重 来 多 一 遍 
那么 如果 说 再 重 来 多 一 遍  这个 女孩子 被 B 君 抢 了 回去  那么 思渊 要 不 要 又 重 来 多 一 遍 呢 
一 遍 又 一 遍  人生 这个 轮回 是 多么 的 痛苦 啊 
第二 种 结果 可能 是 更 坏 的 结果  就是 这个 女生 还是 没有 选择 思渊  你 看  痛苦 一 次 已经 够 了  失恋 一 次 已经 够 了  失恋 一 次 再 要 失恋 多 第二 次  这个 可能 是 有点 特别 的 自虐 的 倾向 
第三 种 比较 可悲 的 结果 就 是 呢 ----- 保持 原状  没有 改变 
那  保持 原状 没有 改变 的 话 呢  生命 你 要 它 再 重 来 干 嘛 呢 
不断 的 重复 的 干 嘛 呢 
所以 刚才 一 鸣 讲 的 好 啊  我们 要 往 前 看  那么 99年 那场 大专 辩论会  渐 彪 输 了 给 路 一 鸣 没关系  如果 说 还是 坚持 往 回 看 的 话 呢  渐 彪 他 的 人生 中 就 只 有 一 个 男人 叫做 路 一 鸣  一 鸣 的 人生 中 也 只 有 一个 胡 渐 彪 
所 幸  大家 都 看 开 了 
谢谢 
【 自由 辩论 】 正方 --- 路 一 鸣  反方 三 辩 你 说 错 了  我 生命 中 不 止 只有 胡 渐 彪 
我 想 请问 黄 执 中  你 为什么 要 找 女朋友 呢 
反方 --- 黄 执 中  所以 坦白 说  我们 讲 人 的 开 得 开 看 不 开 这 件 事情 就 是 一 件 看 不 开 
所以  我们 今天 来 打 辩论 也 是 都 是 有 一点 看 不 开  所以 我们 比赛 才 会 有 输赢 的 痛苦 
你 看  所有 看 不 开 的 都 有 痛苦  看 开 了 都 没 痛苦 
正方 --- 胡 渐 彪  如果 根本 是 看 得 开  那 喜 悲 本来 就 一体  那 你 的 可喜 在 哪里 呢 
反方 --- 马薇薇  看 得 开 也 不 等于 喜 悲 一体  我们 说 不 悲 不 喜  不 泯 不 灭 
正方 --- 黄聪涵  说 得 好  说 得 好  是 不 悲 不 喜  那么 你 的 可喜 在 哪里 呢 
反方 --- 马薇薇  这个 时候 就 已经 不 是 在 探讨 我 个人 的 问题  我们 是 在 探讨 劝 大家 大多 看 不 开 的 人 应该 这样 做 
正方 --- 胡 渐 彪  所以 对方 对方 说 的 是  他 固然 有 可悲  不 过 他们 选择性 看 开 我们 提 出来 的 可悲  他们 也 有 可喜  不 过 他们 却 选择性 保留 那些 可喜  他们 不 要 看 开 ----- 你 这个 看 得 开  看 不 开 未免 有点 双边 论证 呢 
反方 --- 马薇薇  其实 悲喜 本身 就 是 主观 的 行为 
上 天 赋予 我们 的  无论是 痛苦  灾难  亦 或 幸福  哪 由 得 我们 选择  我们 脆弱 的 人类 能 做 的 就是 尽可能 的 选择 自己 的 心态 
正方 --- 陈思渊  对方 辩 友  那 如果 喜 悲 真的 是 自己 主观 的 感受 的 时候  那 我方 也 可以 判断  凡是 看 开 的 人 真 可悲  竟然 一点 竞争 心 都 没有 
反方 --- 黄 执 中  今天 我们 要 强调 一下  我们 已经 说 过 了  这个 题目 我们 讨论 的 可喜 不 是 开 party 的 那种 喜  佛祖 拈 花 微笑  认清 到 生命 的 本质  因而 感受 到 平稳  安宁 ----- 这 就 是 一 种 喜 
正方 --- 路 一 鸣  佛祖 如果 那么 开心 的 可喜  他 还 有 资格 做 佛祖 吗 
对不起  对方 刚才 描述 的 所有 的 状态  那个 叫 悟  不 叫 喜 
反方 --- 马薇薇  对 佛祖 的 不 开 心 不 源自 于 他 自身 的 执 着  而是 他 替 普 罗 大众 而 感到 苦  而 他 为什么 感到 苦  因为 人类 欲望 永不 断绝  而 不 在于 生命 不 可 重 来 
正方 --- 黄聪涵  对  所以 他 断绝 了 欲望 他 只能 叫做 悟  他 也 叫 做 不 悲 不 喜 ---- 那 如果 是 不 悲 不 喜 就是 您 方 立场 也 不能 成立  我方 立场 也 不能 成立  那 双方 一起 看 开  是 这样 子 吗 
反方 --- 凌国文  我 其实 不 是 佛教徒 哦  那 我 谈谈 人生 
刚才 对方 也 提到 生命 中 有 失败 啊  挫败 啊  懊恼 啊  那 这些 生命 中 不 能 挽回 的 事实  请问 呢  它 是 不 能 挽回 的 苦 呢 还 是 生命 本身 的 苦 呢 
正方 --- 胡 渐 彪  因为 不 能 挽回  所以 就 形成 我 终生 之 恨 
请问 你  终生 之 恨 算 不 算 可悲 
反方 --- 马薇薇  算 
正方 --- 胡 渐 彪  谢谢 你  你 已经 承认 了 终生 之 恨 算是 一 种 可悲 
我 还 没有 说 完 
第二  我 想 问 你  造成 的 错误 无法 弥补  这种 懊恼 又 算 不 算 一 种 可悲 呢 
