正是 因为 成败 中 包含 着 天时  地利  人和 等等 不 以 人 的 意志 为 转移 的 客观 因素  我们 才 会 对 那些 在 失败 面前 表现 出 浩然之气 的 悲剧 英雄 肃然起敬 
当 雄姿 英 发 的 周瑜 无奈 的 感慨  既 生 瑜  何生亮 
 时  我们 能 否认 他 是 英雄 吗 
当 兵 败 被俘 的 文天祥 在 狱中 高歌  人生 自古 谁 无 死  留 取 丹心 照 汗青  时  我们 能 否认 他 是 英雄 吗 
英雄 也 是 有血有肉 的 人  在 追求 各种 目标 的 过程 中  他们 有 成功 也 有 失败 
成败 不过 是 一时 一 世 的  唯有 超越 成败 的 精神 才 更 能 彰 显出 英雄 的 本色 
如果 拿 上 一 把 僵化 刻板 的 成败 尺子  又 怎么 指望 能量 得出 惊天地泣鬼神 的 英雄 气概 呢 
第二  以 成败 论 英雄 的 观点  片面 地 夸大 了 功利 的 意义  因此 在 实践 中 是 有害 的 
它 诱导 人们 为了 达到 目标 可以 不择手段  一个 人 只要 成功 了 无论 手段 多么 卑劣  都 照样 可以 摘取 英雄 的 桂冠 
如此一来  前 有 赫赫 英明 牵引  后 又 滚滚 利益 推动   天下 熙熙 皆 为 利 来  天下 攘 攘 皆 为 利 往  出自 我国 西汉 著 名 史学家  文学家 司马迁 《 史记 》 的 第一百二十九 章  货 殖 列传  
意 为 普天之下 芸芸众生 为了 各自 的 利益 而 劳累 奔波 乐 此 不 彼 
这 也 充分 地 说明 了 司马迁 对 金钱 的 认识 
由于 李 陵 事件  司马迁 受 牵连 而 被 判 死刑  他 又 拿 不 出 钱 来 赎买 自己  只好 受 了 宫刑 
这 本 已 功利 的 世界 还 会 变成 什么 样子 
实在 令 人 不 敢 想象 
正是 因为 以 成败 论 英雄 的 观点 存在 以上 两点 错误  因此 我方 认为  以 成败 论 英雄 是 不 可取 的 
正方 二 辩 发言  郑子豪  谢谢 主席  大家 好 
我 先 指出 对方 同学 犯 的 两 个 错误 
第一  在 逻辑 上   可取  在 我方 是 指 有 可取 性  但 不 等同 于 照搬 照抄   不 可取  在于 对方 是 指 毫不 可取 
对方 必须 论证 这 句 话  无论 在 任何 角度  任何 层面  都 不 值得 学习 与 接受 
第二  对方 把 成败 论 英雄 当成 了 一个 具体 的 方法 应用 在 现实 生活 的 实践 当中  但 对方 请 不要 忘记  今天 我们 要 做 的 是 一个 价值 判断  而 不 是 事实 判断 
第一  在 个人 层面 上  这个 价值观 的 可取 性 表现 在 他 倡导 成功  鼓励 人们 追求 成功 
以 成败 论 英雄  鼓励 人们 追求 个人 的 全面 发展  以 达 致 自我 完善 与 和谐 的 目标 
所谓 全面 的 发展  便是 在 知识 内涵 上 的 提升  以及 人格 精神 上 的 不断 丰硕 
一 段 有 意义 的 人生 在于 有所 追求  但是 在 这 漫漫 长 路 当中  人们 总 希望 得到 鼓励  得到 推动 
而 我们 所 倡导 的 便是 这种 追求 成功 的 价值 取向 
从 正确 的 出发点 开始  以至于 目标 的 达成  能够 得到 一定 的 激励 与 评价  是 前进 的 原动力 
第二  这个 价值观 的 可取 性 也 表现 在 他 推动 了 国家 发展  小 至 个人  大 至 国家  都 追寻 着 崇尚 成功 的 同 一个 道理 
当 国家 正 以 发展 的 速度 前进  人民 的 力量 就 变 得 极为 的 重要  而 崇尚 成功 作为 一 种 价值 取向 所 表现 的 积极 意义  是 通过 一 种 精神 倡导 创造 主流 的 意识形态  在 多 元 价值观 中 并存  求同存异 
在 多 元 价值观 中  人民 是 国家 的 基石  而 全体 人民 有 了 共同 的 信念 之后  国家 才 能 持续 发展  并 保持 持续 的 竞争 优势  这个 价值观 在 社会 层面 上 的 可取 性  表现 在 可 以 塑造  倡导 成功 鼓励  追求 成功 的 社会 价值观  成为 社会 潮流 的 一 种 价值 取向  成为 社会 行为 的 指导 方向 
价值观 的 存在  并 不仅仅 表现 在 一些 特定 行为 上  它 更 应该 成为 一 种 大家 认可 接受  并 能 在 社会 上 广 为 推广 的 精神 本质 
个人 需要 成功  因为 个 人 需要 自我 实现  国家 需要 成功  因为 国家 需要 国富民强 
我们 的 社会 鼓励 成功  因为 社会 需要 英雄 的 榜样 
谢谢 各位 
反方 二 辩 发言  袁 丁  谢谢 主席  大家 好 
对方 从 一 辩 到 二 辩 都 告诉 我们 说  他们 今天 的 观点 只是 要 证明 以 成败 论 英雄 是 有 可 取 之 处  是 有 可取 性 的 
可是 有 可 取 之 处  有 可取 性 就 意味着 也 有 不 可取 之 处  也 有 不 可取 性 
如果 说 有 可 取 之 处 就 是 可取 的  那么 有 不 可取 性 是 不 是 说 它 是 不 可取 的 呢 
那 对方 同学 在 证明 你 方 观点 的 时候 是 不 是 也 论证 我方 观点 为 前提 呢 
更 进一步 说  有 可 取 之 处 就 等于 这个 东西 是 可取 的 吗 
今天 对方 同学 的 西服 上 也 有 百色 的 地方  就是 胸前 的 校徽  可是 我们 能够 说 对方 同学 的 西服 就 是 白色 的 吗 
那 岂 不 是 睁 着 眼睛 说 瞎话 吗 
其实  以 成败 论 英雄 最 大 的 不 可取 之 处  就 是 它 论 不 出 英雄 来 
我 可以 有 三 个 方面 来 证明 这 一点 
第一  从 成功 方面 看  如果 成功 了 就 是 英雄  我们 可以 得出 结论  当 上 了 驸马 爷 的 陈 世 美 不可不 谓 是 个 英雄   洞房花烛 夜  金榜题名 时   难道 不 是 一个 穷 秀才 梦寐以求 的 成功 吗 
二战 初期 的 希特勒 也 不 可 不 谓 是 个 英雄  创建 第三 帝国  铁蹄 横扫 欧洲  他 不 是 成功 地 在 一 天 内 就 占领 了 丹麦  40 天 就 打败 了 法国 吗 
而 至于 南宋 的 秦 桧 更 是 一个 不可多得 的 一 世 英雄  他 成功 的 当 上 了 宰相  成功 的 除掉 了 岳飞  更 是 成功 的 出卖 了 国家 
