我们 从 个人 看  有 衣 食 之 困 但 仍然 坚持 其 品德 修养 的 例子  实在 是 不胜枚举 
孔 老夫子 的 好 学生 颜 回  他 只 有 一 箪 食  一 瓢 饮  不 仍然  言忠信  行笃敬  吗 
杜甫 的 茅屋 为 秋风 所 破 的 时候  他 还是 想 着  安 得 广厦 千 万 间  大 庇 天下 寒士 俱 欢颜  吗 
说 到 政府  新加坡 也 曾经 筚路蓝缕 
李光耀 先生 就 告诫 国人  我们 一无所有  除了 我们 自己 
他 强调 道德 是 使 竞争力 胜人一筹 的 重要 因素 
试想  如果 没 政府 倡导 美德  新加坡 哪里 有 今天 的 繁荣昌盛  国富民强 呢 
第三  所谓 必要条件  从 逻辑 上 看  也 就是  有 之 不 必然  天 之 必 不 然  的 意思 
因此  对于 今天 的 辩 题  我方 只 需 论证 没有 温饱 也 能 谈 道德 
而 对方 要 论证 的 是  没有 温饱  就 绝对 不 能 谈 道德 
而 这 一点 对方 一 辩 恰恰 没有 自圆其说 
雨果 说 过   善良 的 道德 是 社会 的 基础 
 道德 是 石  敲 出 希望 之 火  道德 是 火  点燃 生命 之 灯  道德 是 灯  照亮 人类 之 路  道德 是 路  引 我们 走向 灿烂 的 明天 
以上 我 主要 从 逻辑 上 阐发 了 我 方 的 观点 
接下来 我方 辩 友 还 将 从 理论  事实  价值 三 方面 进一步 阐述 我方 观点 
谢谢 各位 
（ 长时间 掌声 ） 主席  谢谢 姜 丰 同学 
接 下来 我们 再 听听 正方 第二 位 代表 孙学军 同学 的 发言  时间 也 是 三分 钟 
（ 掌声 ） 孙学军  对方 同学 刚才 说  温饱 比 道德 更 重要 
她 还 说  人 活 着 不仅仅 是 为了 吃饭 
但 我们 大家 都 知道  不 吃饭  我们 怎么 活 着 
不 活 着  我们 怎么 谈 道德 
所以 从 这个 意义 上 说  温饱 是 谈 道德 的 必要条件 
温饱 和 道德 这个 问题 是 不 能 简单化 的 问题 
这 不仅 包括 达到 温饱 后 谈 道德 的 问题  它 还 包括 在 达到 温饱 之前  处在 温饱 的 不同 层次 上 谈 道德 
在 达到 温饱 后 谈 道德 是 天经地义  不言自明 的 事实 
但 在 温饱 前  如何 处理 好 温饱 与 道德 之间 的 关系  如何 处理 好 经济 建设 与 道德 建设 之间 的 关系  这 才 是 我们 今天 要 谈 的 问题  也 是 人们 所 关注 的 问题 
而 对方 恰恰 忽略 了 这个 问题 
大家 都 知道  温饱 是 人类 生存 最 基本 最 必需 的 条件 
人类 社会 要 繁衍  要 发展  它 必须 有 足够 的 经济 实力 来 维持 人民 的 生存 
所以 我们 讲 道德 的 时候  不能 脱离 人民 的 温饱 
对方 似乎 在 讲  一个 社会 只要 有 了 道德  经济 社会 自然而然 就 会 上去  只要 有 道德  大家 的 肚子 就 填 饱 了 
这 很 可笑 
这 是 一个 天真 的 幻想 
我方 承认 道德 对于 一个 社会 的 重要性 
但 我们 更 深切 地 体会 到 温饱 对于 每 一个 人 与 每 一个 社会 要 生存 的 不可或缺 的 重要性 
所以 我们 提出  谈 道德 不 能 与 温饱 相 脱离 
建设 一个 国家 就 像 培养 一个 孩子 
我们 都 知道 教育 孩子 的 重要性  要 教育 孩子 遵守 社会 道德 规范  要 教育 孩子 好好 做人 
但是  如果 我们 不 给 孩子 吃 饭  是 会 出现 一个 什么样 的 后果 呢 
我们 在 教育 孩子 吃 饭  是 会 出现 一个 什么样 的 后果 呢 
我们 在 教育 孩子 的 同时  如果 不 对 他 进行 教育  那么 我们 作为 父母 的 过失 就 不 是 更 大 了 吗 
从 现实 看  一个 国家 只要 坚持 道德 与 温饱 不可 分割  才 有 可能 取得 成功 
对方 从 中国 大陆 来  对 中国 十几 年 来 的 经济 变化 所 取得 的 成绩  一定 是 感触 颇 深 
世界 上 对 这个 问题 很 是 有目共睹 
这些 成绩 都 是 在 中国 政府 坚持 精神文明 和 物质文明 两手抓 的 情况 下 所 取得 的 
如果 中国政府 还 像 过去 一样  像 文革 时期 一样  只顾 道德 建设  而 不 讲 经济 的 话  那么 我们 就 很 难 想象 中国 会 取得 现在 这样 的 成绩 
谢谢 大家 
（ 掌声 ） 主席  谢谢 孙学军 同学 
接 下来 我们 请 反方 第二 位 代表 季翔 同学 发言 
时间 三分 钟 
（ 掌声 ） 季翔  谢谢 主席  各位 好 
吃饭 是 为了 活 着  但是 人 活 着 就 是 为了 吃饭 吗 
我 再次 提醒 对方 辩 友  你们 今天 所 要 论证 的 是 没有 温饱 就 绝对 不 能 谈 道德 
不管 这种 道德 是 保证 温饱 的 道德 还 是 保证 不 了 温饱 的 道德 
既然 对方 还 没有 从 逻辑 上 理解 我方 观点  我 就 进一步 从 理论 上 进行 阐述 
第一  道德 是 随着 人类 的 诞生 而 出现 的 
有 了 理性 的 人  有 了 人际关系  就 有 了 道德 规范 
所以  不管 人类 处 在 哪 一个 阶段 上  谈 道德 不仅 是 可能 的  而且 是 应该 的 
《 礼 记 
礼 运 篇 》 中 记载 的  老 有所 终  壮 有所 用  幼 有 所长  鳏寡孤独 废 疾 者 皆 有所 养  不 正是 中国 远古 时代 道德 状况 的 生动 写照 
而 《 圣经 
旧约 》 里 亚当 和 夏娃 偷 食 禁 果 和 原罪 的 传说  不 也 表明 了 道德 的 最 早 起源 吗 
有关 贫困 中 人们 谈 道德 的 文化学 和 人类学 的 证据 在 大 英 博物馆 里 是 汗牛充栋 的 
想必 对方 对 此 也 了如指掌 吧 
第二  从 本质 上 看  道德 是 一个 社会 历史 范畴 
尽管 在 温饱 的 情况 下 可能 给 谈 道德 提供 一些 方便  但 这 绝不 是 必要条件 
在 不同 的 历史 阶段 和 文化 背景 下 人们 都 在 谈 道德 
达尔文 在 其 环球 旅行 中 发现  南非 的 布希曼 人  即使 快 饿 死 了  也 不会 独吞 发现 的 一 条 小 鱼  而是 要 与 族人 分享 
他们 有 温饱 吗 
没有 
他们 谈 道德 吗 
当然 谈 
