正 如 我们 不能 超出 自己 的 皮肤 一样  人类 也 不 能 超出 乃至 摆脱 道德 
人类 谈 道德  在 贫困 时 有 贫困 的 谈 法  在 温饱 时 有 温饱 的 路数 
谈 道德  既 可以 坐而论道  也 可以 言传身教  甚至 特立独行 
千 万 不可 一 叶 障 百  不见 泰山 
第三  从 功能 和 目的 上 看  道德 用 以 协调 人际关系  达到 至 善 的 人生 境界 
道德  自古 洎 今  目的 是  在 明明 德  在 亲 民  在 止 于 至 善  
像 对方 所 坚持 的 那样  在 温饱 之前 都 不 能 谈 道德  都 不 去 谈 道德  而是 用 牙齿 和 爪子 横 决 天下 的 话  那么 人类 恐怕 早就 销声匿迹 于 洪荒 蛮 陌 之中 了  又 何 来 我们 今天 在 这里 辩论 什么 道德 问题 呢 
最后  奉劝 对方 辩 友  不要 对 大量 事实 听而不闻  也 不要 对 人类 的 历史 视而不见 
请 对方 举出 实例  哪怕 一个  人类 在 何时  何地  何 种 情况 下 一点 道德 都 不 谈 呢 
谢谢 
（ 掌声 ） 主席  谢谢 季翔 同学 
让 我们 听听 正方 第三 位 代表 吴俊仲 同学 怎么 反驳 
（ 掌声 ） 吴俊仲  各位 好 
关于 今天 的 辩 题  我方 的 定义 跟 对方 的 定义 不 一样 
但是 对方 没有 针对 我方 的 定义 作出 答复  只 一厢情愿 地 在 对方 的 定义 上 加强 发挥 而已 
我们 比较 一下 双方 的 定义 又 有 什么 不同 
首先 对 温饱  我们 提出 的 温饱 是 相对 温饱 的 概念  所 讲 的 饥寒 只是 指 社会 一般 人  中产阶级 的 人 的 饥寒 的 定义  并 不 是 对方 讲 的 那个 饥寒 
所以 我们 并 没有 承认 对方 的 定义 
如果 照 这个 定义 来讲  饥寒 是 什么样 的 呢 
根据 生物学 的 研究  长期 饥寒  热量 不足以 维持 生命  就 会 发生 突变  甚至 死亡 
对方 举出 新加坡 的 例子 
新加坡 在 发展 的 时候  是 饥寒 的 吗 
大家 都 没有 饭 吃 吗 
其次  谈 到 道德  道德 是 大家 都 能 实践 的 规范 
大家 都 不 能够 实践 的 规范  不 叫做 道德 
对方 只 举出 圣人 英雄 的 例子 
正 因为 大家 都 做 不 到  所以 大家 都 赞扬 他  这 是 一 种 超 道德 的 行为  这 不 是 道德 
（ 掌声 ） 譬如说  一 个 医生 冒 着 生命 的 危险  到 瘟疫 横行 的 地区 去 行医  大家 赞美 他 
但是 另外 一 个 医生 不 去  大家 会 用 道德 谴责 他 吗 
不 会 
所以  道德 不 是 超 道德  对方 定义 错误 
（ 笑 ） 如果 那 是 道德 的 话  大家 不要 在 这里 辩论  不要 在 这里 听 辩论  大家 去 索马里 亚 
（ 笑 ） 关于 道德 的 起源  第一  先 有 社会  在 资源 制度 悉 有 的 情形 下 才 会 产生 道德 
如果 十 个 人 在 沙漠 中  只有 一 块 面包  那 可能 产生 道德 吗 
大家 抢 都 来不及 
道德 是 这样 产生 的  必须 资源  制度 悉 有 
资源 要 有  而且 你 分配 后 要 达到 温饱  才 能 产生 道德  分配 后 不 能 达到 温饱  也 不 会 产生 道德  这 是 人类 学 的 研究 
从 道德 跟 温饱 的 逻辑关系 看  人 的 温饱 需求 是 与 生 俱 来 的  但是 道德 的 产生 是 人类 形成 社会 之后 才 产生 的 
道德 的 目的 是 维持 社会 的 和谐  所以 在 人 生存 的 前提 下  才 有 社会  才 能 谈 道德  才 能 谈 道德 和谐 
所以 谈 道德 必须 以 温饱 为 前提 
在 我方 的 定义 来看  我们 谈 道德 不能 脱离 温饱 
如果 在 衣食 充足 的 情景 之下  在 路上 看 中学生 募款  我 可以 捐 出 身上 的 零 钱 给 他  但是 我 不 能 把 我 身上 所有 的 钱  我 的 全部 收入 给 他 
因为 考虑 我 的 收入  我 做 得 到 的 就是 这些 
如果 再 考虑 一个 饥寒 的 情形  一个 小孩子 衣衫 褴褛  吃 不 饱  偷 了 我 一 块 面包  我 会 用 道德 谴责 他 吗 
不 会 
所以 我方 说  人 的 生存 和 温饱 是 他 的 全部 需要 
你 不 能 用 社会 的 需要 去 剥夺 他 就 那么 一点点 生存 和 温饱 
人 一生 只 有 一 次  你 不 能 用 社会 逼 人 
假如 我们 现在 十 个 人 投票  赞成 说 将 对方 的 第三 辩 的 财富 充公  来 满足 大家 的 需要 
（ 笑 ） 这 是 公认 的  这样 是 对 的 吗 
（ 铃 响 ） 谢谢 
主席  谢谢 吴俊仲 同学 
接 下来  我们 再 听听 反方 第三 位 代表 严嘉 同学 怎么 反驳  时间 三分 钟 
（ 掌声 ） 严嘉  谢谢 主席  各位 好 
如果 我 的 财产 充公  能够 为 很多 的 人民 谋 福利 的 话  那 我 想  我 会 选择 这样 做 的  因为 人 要 做 有 道德 的 人 
（ 掌声 ） 今天 为什么 我方 观点 跟 对方 会 出现 定义 上 如此 大 的 差别 呢 
是 因为 对方 辩 友 将 温饱 这个 衣 温 食 饱 的 概念 混 同 于 了 生存 
如果 照 此 办理 的 话  这个 世界 上 就 不 存在 不 温饱 的 人 了  因为 他们 都 不 生存 不 活 着 了 
（ 掌声 ） 但是 世界 上 还有 很多 不 温饱 的 人 存在 啊 
下面 我 从 事实 的 角度 进一步 论述 我方 观点 
第一  在 贫困 的 情况 下  完全 可以 谈 道德 
鲁 哀 公 六年  孔子 和 他 的 众学生  在 陈 绝 粮   困境 之下  孔子 是否 就 不 谈 道德 了 呢 
不 
孔子 对子 路 说   君子 固 穷  小人 穷 斯 滥 矣  
其实  在 中国 历史 数千年 的 流变 过程 中  从不 食 周 粟 的 伯 夷  叔齐  到 北海 牧羊 的 苏武  从不 为 五 斗 米 折腰 的 陶渊明 到 拒 斥 嗟来之食 的 朱自清  众多 的 志士仁人 无不 以 其 言行 甚至 生命  驳斥 了 认为 只有 在 温饱 过 后 才 能 谈 道德 的  肠胃 决定论  
