这 公平 吗 
谢谢 
蒋昌建  对方 认为  教唆 一个 人 追求 温饱 这 就是 最 道德 的 
我们 教唆 一个 贫寒 的 人 去 抢 麦当劳  看样子 是 最 道德 的 喽 
孙学军  但 我们 的 这个 同学 可以 在 他 饥寒 的 时候 帮助 他  但是 如果 他 身上 什么 东西 都 没有  他 怎么 去 帮助 呢 
我们 讲 问题 要 讲究 功效  要 做到 任何 事情 都 要 从 结果 考虑 
如果 他 根本 就 达 不 到 什么 功效  他 何必 做 这 件 事情 呢 
季翔  我方 从来 不 反对 温饱 时 也 能够 谈 道德 
但是 今天 对方 讲 道德  就 因为 你 十年 前 吃 过 一 碗  莫 莫 咂 咂  （ 注  马来西亚 流行 的 一 种 食品 ） 吗 
（ 笑声  掌声 ） 吴俊仲  对方 一直 回避 这样 的 问题  超 道德 行为 到底 是 不 是 道德 行为 
请 对方 回答 
严嘉  超 道德 当然 不 是 道德 
但 如果 按照 对方 的 逻辑  那么 裴多斐 的 《 自由 与 爱情 》 诗 大概 就 得 改 成   爱情 诚 可贵  自由 价 更 高  若 为 温饱 故  二者 皆 可 抛  了 
（ 长时间 掌声 ） 孙学军  难道 我们 能 不 顾 温饱 而 只 谈 道德 吗 
请 回答 这个 问题 
蒋昌建  对方 还 没有 论证 如果 温 而 不 饱 该 怎么样 
减肥 小姐 可谓 是 温 而 不 饱  那 这个 减肥 中心 不 是 按照 对方 的 逻辑 要 变成 拳击 场 了 吗 
（ 掌声 ） 吴俊仲  对方 已 承认 超 道德 行为 不 是 道德  对方 所有 的 论证 与 道德 论证 都 已 证明 是 错误 的 
减肥 中心 那里 是 温饱 的  对方 理解 错误 
谢谢 
（ 笑声 ） 姜丰  对方 讲 的 无非 是 温饱 也 能 谈 道德 
这 一点 我们 什么 时候 反对 过 了 
问题 是 对方 所 要 论证 的 是 没有 温饱 就 绝对 不 能 谈 道德 
请 对方 举例 说明  哪怕 是 一个  人类 社会 在 何时  何地  何 种 情况 下 一点 道德 都 不 谈 
孙学军  请 对方 不 要 搞 错 
我 方 在 一 开始 就 说  温饱 是 谈 道德 的 必要条件 是 指 我们 谈 道德 不 能够 脱离 温饱  对方 能够 对 这个 问题 作出 批评 吗 
蒋昌建  任何 理论 应用 到 任何 一个 历史 时期  比 解 一个 一次方程 都 简单 
请 对方 不 要 回避 我们 的 问题  举出 你们 的 实例 来 
吴俊仲  我 方 的 论点 对方 没有 任何 批驳  所以 我 方 的 定义 已经 成立 了 
（ 哄 笑声 ） 其次  对方 的 解释 依然 是 在 饥寒 的 情形 你 可以 对 他 进行 道德 要求  这 可以 吗 
请 回答 
季翔  你 的 论点 不 是 自己 说 成立 就 成立 了  不然 还要 评判 干什么 
（ 全场 大 笑  掌声 ） 吴俊仲  对方 没有 任何 攻击  难道 就 可以 不 成立 吗 
没有 攻击  我 就 失败 了 吗 
姜丰  就是 因为 对 方 可 攻击 的 地方 太 多 了  我们 攻击 不 过来 了 啊 
（ 笑声 ） （ 正方 铃 响 ） 主席  （ 反方 ） 请 继续 
蒋昌建  对方 把 温饱 等于 生存 的 话  我们 说 人类 社会 一 开始 就 处于 饥寒 状态  那么 按照 对方 的 逻辑 的 话  人类 社会 早 就 不 存在 了  你 我 之间 恐怕 不 是 在 这里 辩论 了  而是 在 哪个 阴曹 地 府 里 展开 了 
严嘉  本该 修身养性 的 和尚 尼姑 们 如果 信奉 的 都 是  酒 肉 穿 肠 过  佛祖 心中 留  的话  那 恐怕 是 炼 不 成 什么 正果 的 
（ 笑  掌声 ） 季翔  世界 上 不 是 缺少 道德  只 是 缺少 发现 道德 的 眼睛 
莎士比亚 早就 告诫 英国 人   如果 丧失 天 良  即 使用 钢盔 铁甲 包装 起来  也 是 赤 身 裸体 的 
 姜丰  荀子 早就 说 过   争 则 乱  乱 则 穷   所以 我们 走向 温饱 的 过程 当中  更 要 谈 道德  否则 不 就 是 越 走 越 穷  什么 时候 才 能 达到 温饱 呢 
蒋昌建  对方 认为 贫困 向 温饱 的 追求 过程 当中  可以 不 谈 道德  这 就 告诉 我们 一个 所谓 基本 的 理论  就是  天 下 大 乱  才 能 达到 天 下 大 饱 
（ 笑声 ） 严嘉  如果 这样 的 话  恐怕 不 是  争 则 乱  乱 则 穷 
 而是  争 则 乱  乱 则 饱  了 
（ 笑声 ） 季翔  我方 从来 就 不 否认 谈 道德 和 温饱 有 关系  但 关键 是 这个 关系 是 什么  是 谈 了 道德 才 能 温饱 呀 
姜丰  对方 辩 友 一直 是  坐 飞机 扔 炸弹 —— 空对空   讲 来 讲 去  我 问 了 那么 多 遍  他们 也 没有 给 我们 举出 一个 实例 来 
蒋昌建  对方 辩 友 回答 我方 问题  向来 不 是  小巷 里面 抬 竹 杆 —— 直来直去   而是 拐弯抹角 
我 想 在座 的 有 一 位 神学 的 教师  他 一定 知道 弘 一 法师 在 修炼 的 时候  可谓 是 不 温 不 饱  （ 铃 响 ） 但 他 还 不 是  佛 心 常 清静  无处 染 尘埃  吗 
主席  对不起  时间 到 
非常 精彩 的 自由 辩论 
经过 了 这个 刀 来 剑 往  字字 珠 玑 的 自由 辩论 之后  我们 请 反方 第四 位 代表 蒋昌建 同学 总结 陈 词  时间 是 ４分钟 
（ 掌声 ） 蒋昌建  谢谢 主席  谢谢 各位 
经过 刚才 一番 的 唇枪舌剑  我 的 肚子 的确 有些 饿 了  但是 我 仍然 要 把 道德 问题 谈 清楚 
（ 笑声  掌声 ） 下面 我 总结 对方 的 几 个 基本 错误 
犯 的 第一 个 错误 就 是   李 代 桃 僵   对方 用 温饱 过 来 代替 温饱  用 温饱 等同 于 生存 来 构建 他们 的 立论 基础 
这 显然 是 错误 的 
对方 犯 的 第二 个 错误 就 是   扬 汤 止 沸   认为 一个 贫寒 的 人 只要 教唆 他 追求 温饱 就 可以 了  从来 不 问 用 什么 手段  我 刚才 已经 说 过  如果 到 麦当劳 里面 打砸抢 的话  这 难道 就 能 合法 地 追求 到 温饱 了 吗 
