反方 --- 马薇薇  也 算  但是 请问 这 两点 可以 通过 生命 轮回 来 弥补 吗 
如果 可以  那么 它 就 是 人生 痛苦 的 根源  如果 不 可以  那 它 就 不 是 生命 痛苦 的 根源 ---- 这样 说 对 吗  对方 辩 友 
正方 --- 路 一 鸣  不 对 
我们 从来 就 没有 说 过 生命 轮回 的 概念  我们 没有 宗教 情结 
恰恰 是  我 要 告诉 对方 三 辩 的 是  生命 的 不可 重 来 就 是 生命 的 本质 特质 之一 
因为 不 可 重 来  所以 过去 的 失误  你 没有 办法 再 修补 了  这 就是 可悲 的 地方 
反方 --- 凌国文  也 正是 因为 不 可 重 来  所以 说 这个 不可 重 来 的 痛苦 呢  尝试 一 次 就 好 了  不要 再 重 来  所以 说 是 可喜 呀 
正方 --- 路 一 鸣  如果 为了 回避 痛苦 而 不 要 生命 再 有 一 次 重 来 的 机会  对方 辩 友  你 到 底 看 开 了 还是 没 看 开 啊 

反方 --- 黄 执 中  所以 要 讲 清楚  刚好 是 因为 生命 不 能 重 来  你 才 会 让 自己 看 开  所以 我们 说 生命 可喜 之 处 就 在于 它 没有 一个 可以 重 来 的 机会  所以 人 到 老 来 都 会 强迫 自己 看 开  看 开 本来 就 不 是 天上 掉 下来 的 
正方 --- 黄聪涵  所以 本身  看 开 的 是 可喜  可是 对方 还是 没 告诉 我们 生命 不 能 重 来 的 可喜 到底 在 哪里 
四川 大 地震 的 生命 不 重 来 了  它 可喜 了 吗 
反方 --- 梁佑诚  终于 到 我 讲话 了 
对方 辩 友  其实 刚才 你们 谈 的 只是 在 论证 生命 不 能 重 来 它 本身 不 带来任何 可喜 和 可悲  你 方 只 证明 了 生命 的 本质 是 可悲 的 
正方 --- 胡 渐 彪  错  请 你 听 清楚  因为 生命 不 能 重 来  你 造成 的 既定 损失 没有 办法 被 修改 所 带来 的 终生 懊悔 ----- 所以 我 才 问 你  它 所 带来 的 终生 懊悔 叫 不 叫 可悲 
反方 --- 马薇薇  这种 终生 懊悔 并 不 是 因为 生命 不 可 重 来 所 导致 的  是 因为 人类 的 欲 求 永远 无法 满足 所 导致 的  让 你 轮回 一千 万 遍  你 都 会 有 新 的 欲 求  所以 你 永远 痛苦  所以 生命 的 可悲 是 在于 欲 求  不 在于 不 可 重 来 
正方 --- 路 一 鸣  我 相信 人 的 欲 求 一部分 可能 无法 满足  但 一部分 很 容易 满足 
但 我 现在 有 一个 欲 求  我 希望 那些 遭受 印尼 海啸 的 人  那些 20 万 生命 能够 重 来 一 次  我 希望 汶川 大 地震 里边 我们 的 同胞 还 能 活 在 我们 中间  可 这个 要求 能 实现 吗 
请 问 我 的 要求 过分 不 过分 
反方 --- 黄 执 中  世间 永远 都 有 大 灾难  佛家 教 你 在 大 灾难 当中 看 开 好像 很 残酷  可是 佛家 的 大 慈悲 都 是 源自 大 残酷  因为 你 看 不 开  你 就 永远 痛苦  苦 的 不 是 外 物  是 人 的 心  人 不 改  永远 苦 
正方 --- 胡 渐 彪  为什么 我们 说 这个 不可 重 来 的 生命 是 值得 佛家 的 佛 或者 是 菩萨 来 悲 悯 呢 
对方 辩 友 你 告诉 我  今天 佛 之所以 可以 看 得 开  他 超脱  他 当然 就 不 在 我们 今天 辩 题 所 谈 的 生命 里头  所以 对方 辩 友 言 下 之 意 转 了 个 圈 还是 在 告诉 我们  哎呀 
你们 这些 无法 超脱 的  面对 生命 不 可 重 来 的 众 生 们  你们 还 是 可悲 的 
反方 --- 马薇薇  这个 时候 其实 我们 不 是 说 佛家 自己 能 看 开  他 是 劝导 众人 要 看 开  就 比如说 对方 四 辩 举 的 那 个 例子  你 说 您 这个 时候 为了 这个 海啸 或是 地震 死去 的 人 痛苦  应 不 应该 
应该 
你 希望 重 来 拯救 他们  应 不 应该 
应该 
但是 对方 辩 友  如果 你 能够 无限 次 重 来  今天 救 得 了 地震  明天 救 得了 海啸  后天 你 还 能 救 车祸 ----- 你 在 不断 的 疲于奔命  人  被 你 救 的 人 也 永远 生活 在 惶惑 之中  因为 总 有 你 救 不 了 的 时候  就 算是 慈悲 的 欲 求  高尚 的 欲 求 也 是 欲 求  它 也 有 无 法 被 满足 的 那 一 天 
正方 --- 陈思渊  可是 对方 辩 友  您 刚才 前面 说 的 那 一 大 段 应该 是 说 佛家 佛学 劝 人 看 开  自己 应该 不 会 看 不 开 了 ---- 好  应该 也 是 看 开 的 
可是  我方 的 论证 正 是 如此  如果 整个 事情 都 看 开 了  那 他 还有 什么 好 高兴 的 
那 您 方 的 高兴 是 告诉 大家  应该 看 开 了  所以 高兴 
自己 看 开 了  自己 无 喜 无 悲  那 但是 谁 很 高兴 
您 方 还是 没有 告诉 大家 您 方 的 可喜 之 处 到底 在 哪里 
反方 --- 黄 执 中  看 开 了 以后  生 啊  死 啊  悲 啊  欢 啊  离 啊  合 啊 就 可以 很 平静 的 面对  对方 辩 友 你 怎么 讲 的 喜 一定 是 大 高兴  大 鼓掌  放 鞭炮 那种 才 叫做 喜 
难道 人生 的 平静 安稳  没有 忧郁 烦闷 ---- 这 难道 不 是 喜 吗 
正方 --- 黄聪涵  对方 辩 友  那 是 一 种 不 悲 不 喜 的 状态  你 的 喜 至少 也 要 有 那么 一点点 的 兴奋 之 情 吧 
所以 对方 今天 一直 告诉 我们 说 我们 应该 怎么样 应该 怎么样  其实 我方 也 不 反对 你 应该 怎么样  那 我们 探讨 的 是 事实  既定 事实 的 命题  到底 不 能 重 来 的 可喜 在 哪里 
对方 好像 还 没有 交待 
反方 --- 黄 执 中  那 如果 要 再 讲 另 一 种 可喜 也 是 有  道家 讲 什么 
