第三  对于 饥寒 的 人  我们 也 认为 他们 应该 也 可以 谈 道德  但是 我们 扪心自问  将心比心  这个 时候  我们 能够 谈 的 道德 更 应 是 能 帮 他们 解除 饥寒 再 进一步 过 上 好日子 的 道德  从 这个 角度看  温饱 是 谈 道德 的 必要条件 
（ 嘟 ） 最后  让 我们 从 整个 人类 需要 繁荣 发展 的 最高 原则 来 看  少数 人 或许 为了 个人 的 理念 可以 鄙视 甚至 放弃 温饱 这个 最 基本 的 要求  但是 整个 社会 是 不 可能 也 不 应该 接受 这样 一 种 理念 
在 历史 上 也 从来 没有 一个 社会 的 大多数 人 能够 像 现实 颜 回 那样 仁人志士 舍己为人 的 高尚 道德  那 是 一 种 超 道德 的 行为  并 不 能够 被 视为 已经 被 大多数 人 接受 的 道德 
所以 综合 以上 的 论述  对方 一直 在 强调 少数 人 可以 做到 的 道德  但是 那 并 不 是 我们 社会 的 道德  所以 从 我们 社会 的 观点 来 看  无论是 从 政府 施政 的 角度  无论是 从 逻辑关系  无论是 从 饥寒 人 所 需要 的 道德  或者 是 从 整个 人类 繁荣 发展 的 趋势 

（ 铃 响 ） 谢谢 
（ 掌声 ） 主席  谢谢 季 同学 
 公 说 公有 理  婆 说 婆 有理   究竟 在 面包 和 道德 之间 要 怎么 选择 呢 
让 评判 先生 们 去 决定 吧 
（ 休息  评判 团 评 决 ） 主席  在 成绩 揭晓 之前  先 让 我们 邀请 评判 团 代表 钟志邦 博士 给 我们 分析 今晚 的 赛 情  钟 博士 请 
（ 掌声 ） 钟志邦  主席  正反 两 方 的 队员  各位 观众  我 现在 是 代表 今晚 的 评判 团 在 这里 做 一个 非常简单 的 评论 
我们 今天 晚上 的 辩 题 是  正方   温饱 是 谈 道德 的 必要条件   反方   温饱 不 是 谈 道德 的 必要条件  
这个 论题 在 表面 看 起来 是 非常 平衡 的  因此 论题 本身 并 没有 对 任何 一 方 特别 有利  或者 有 弊 
正方 在 开始 的 时候  第一 位 队员 气势 庞大  非常 肯定  非常 有把握 的  好像 连珠炮 那样 自问 自 答  一直 以 一些 机要 的 问题 要 对方 来 回应 （ 笑声 ）  非常 有效  非常 有 说服力  可惜 这个 气势  这种 非常 难得 的 辩论 技巧 并 没有 在 整个 辩论 过程 当中 持续 下去  而 正方 从 开始 到 末了 实际上 并 没有 否定 道德 对 人类 社会 的 重要性  他们 只不过 是 在 重复 地 强调 说 我们 不能 离开 温饱 而 空谈 道德  这 一点 对 反方 来说 并 不 容易 回应  意思 就 是 说 正方 一直 在 强调 温饱 和 道德 的 关系 是 先后 次序 的 问题  温饱 是 先决条件  先 温饱 而后 谈道 德 才 有 意义 
正方 也 非常 有力 地 反驳 了 反方 一个 论点  反方 引证 了 历史 不 少 的 事件 和 人物 说明 历代 以来 有 不少 伟大 的 人格 是 在 不 温饱 的 情况 下 建立 起来 的  这 是 反方 的 很 重要 的 论点  但 正方 在 回答 的 时候 说  的确 有 不少 这样 的 人  但是 这些 人  道德 崇高 的 人  在 不 温饱 的 情况 之下 建立 起 人格 的 人  毕竟 还 是 属于 少数 的  因此 不 能够 变成 普遍性 
从 这个 角度 来看  正方 也许 有 一个 弱点  就是 在 辩论 当中 没有 很 有效 地 重复 地 把 这个 温饱 和 生存 分 清楚  这 使得 反方 有机可乘 
反方 一 开始 的 时候 就 问 一个 很 重要 的 问题  第一 位 队员 说  历代 以来 不 是 有 很多 社会 达 不到 温饱 吗  这 是否 意味着 这些 不 温饱 社会 的 人 就 不 谈 道德 了 呢 
当然 历史 的 见证 对 他们 有利  这 一点 使得 正方 不 容易 反驳 
反方 也 在 整个 辩论 过程 当中 没有 否 他们 只 是 强调 —— 重复 地 强调  温饱 不 是 谈 道德 的 必要条件  那 就 是 说 人类 在 还 没有 达到 温饱 的 情况 之下 还是 可以 谈 道德 的  并且 必须 继续 谈 下去 
反方 也 举 了 不少 例子  刚才 已经 说 过 了  历代 以来 的 确 有 不少 人 是 在 很 坏 的 情况 之下 —— 不 温饱 的 情况 之下 —— 建立 起 非常 崇高 的 道德 人格 的  并且 反方 第一 位 同学 还 引用 雨果 的 话 说   善良 的 道德 是 社会 的 基础 
 反方 始终 以 道德 为 前提  认为 只有 道德 才 能够 真正 使 社会 安定  并且 给予 社会 以 内容  因为 这样 最终 才 能 保证 人 的 温饱 
反方 也 非常 有力 地 引用 了 古代 的 罗马帝国 以及 现代 的 日本 的 例子 说明 了 人 在 温饱 了 以后 是 可以 走向 道德 沦丧 的 道路 的 
在 辩论 技巧 这 方面  风度 和 幽默感 这些 方面  我们 发现 有 好几 位 队员 都 有 相当 突出 的 表现  引经据典  上下 古今  妙语 如 珠  出口 成 章  （ 笑声 ） 使得 我们 真 是 招架 都 来不及 
在 整 队 的 组织  合作 和 配合 这 方面  我们 很 明显 地 看出 反方 的确 比较 强 
最后 有关 今晚 在 这 八 位 队员 当中 有 比较 突出 表现 的  我们 一致 认为 反方 的 第四 位 蒋昌建 同学 以及 反方 的 第三 位 严嘉 同学 有 很 好 的 表现 
（ 长时间 掌声 ） 正方 呢  我们 认为  刚才 也 提到 了  第一 位 汤之敏 同学  他 开场 的 表现 非常 突出  如果 他 以及 其他 三 位 队友 都 能够 这样 持续 下去  今晚 的 情况 可能 不 大 相同 
（ 笑声  掌声 ） 总的来说  我们 评判 团 认为 今晚 上 辩论 的 水平 很 高  我 感觉 到 非常 欣慰 
现在 我 就 把 评 决 的 宣告 交给 主席 
主席  谢谢 钟 博士 
（ 掌声 ） 现在 宣布 今天 晚上 的 成绩 
评判 团 经过 慎重 考虑 之后 一致 同意  反方 复旦 大学 获胜 
（ 长时间 热烈 掌声 ） 首 届 国际 华语 大专 辩论会 半决赛 辩 词 实录 辩 题  《 艾滋病 是 医学 问题  不 是 社会 问题 》 正方  悉尼 大学 队 反方  复旦 大学 队 主席  黎学平 时间  １９９３年 ８月 ２７日 晚上 主席  各 位 来宾  观众 朋友  晚上 好 
我们 的 大专 辩论会 越 辩 越 热烈  越 论 越 精彩 了 
