我们 不 是 一个 心安理得 的 看 客  也 有 可能 成为 剧中 的 角色 
当 艾滋病 患者 被 社会 抛弃 在 街头 的 时候  他们 孤身 只 影  孤独  贫困  歧视  把 他们 一个个 逼 上 人生 绝路 的 时候  人权 危机  信仰 危机  信任 危机  财政 危机  难道 不 是 靠 社会 的 整体 力量 去 帮助 解决 吗 
光 靠 医学 必然 是 孤掌难鸣  鞭长莫及 
第三  当 艾滋病 给 人类 造成 巨大 威胁 的 时候  向 人类 社会 的 发展 提出 了 一个 严肃 的 问题  ２０ 世纪 ８０年代  我们 在 物质 昌荣 的 时候  人类 的 精神 家园 究竟 是 如何 呢 
我们 说  我们 对 这个 要 有 一个 价值 判断 
我们 说  应该 以 人 的 全面 发展 为 依 归  来 修复 已经 饱经沧桑 的 精神 家园  使 我们 的 生命 搏击 出 生活 的 健康  理性 和 美丽  这 才 能 安慰 成千上万 长眠 于 地 底下 艾滋病 患者 屈 死 的 灵魂  才 能 启示 将 衍 继 人类 文明 火种 的 子孙后代 
对方 辩 友 
 魔 高 一 尺  道 高 一 丈   只要 我们 相信 艾滋病 是 社会 问题  不 是 医学 问题 的 话  艾滋病 这个  世界 恶魔  终究 是 能够 被 降服 的 
有 道 是   沉 舟 侧 畔 千 帆 过  病 树 前头 万 木 春  
谢谢 各位 
（ 热烈 的 掌声 ） 主席  谢谢 蒋昌建 同学 的 总结 陈 词  最后 我们 请 正方 第四 位 代表 朱 天 飙 同学 总结 陈 词  时间 也 是 ４分钟 
（ 掌声 ） 朱 天 飙  各位 好 
听 了 对方 第四 位 同学 的 慷慨陈词  我 不仅 百感交集  不过 在 我 的 脑海 里  总 有 四 个 字 不 能 剔 去  那 就是  治病救人 
一 个 人 得 了 病  怎么办 
要 从 医学 的 角度 去 研究 这个 疾病  要 从 医学 的 角度 去 治疗 这个 疾病  也 要 从 医学 的 角度 去 总结 经验 加以 防范  心脏病 是 这样  流行性感冒 是 这样  艾滋病 也 是 这样 
对方 同学 否认 艾滋病 是 医学 问题  那么 我们 只能 从 医学 —— 一 个 人 现在 这么 多 人 都 得 了 艾滋病  对方 同学 一直 没有 回答  这么 多 人 都 得 了 艾滋病  那么  怎么 解决 这个 问题 
再 要 他们 用 社会 的 方法 去 解决 吗 
他们 已经 得 了 艾滋病  让 作 们 等 死 吗 
我方 认为 艾滋病 是 一个 医学 问题 而 不 是 社会 问题 
只 有 作为 医学 问题 去 理解 才 符合人 之 常 性  只 有 作为 医学 问题 去 研究 才 能 得到 根治 
首先  艾滋病 的  病  字 就 告诉 我们  它 本身 可以 通过 医疗 手段 去 解决  那么  无 病 哪 有 医 
何况 艾滋病 的 病毒 也 是 从 医院 里 发现 的 
现在  在 世界 各地  只有 成百上千 的 医务 人员 为 艾滋病 的 治疗 和 研究 

第二  艾滋病 作为 一个 社会 问题  需 用 社会 的 手段 去 解决 是 不 可能 的  我方 二 辩 已经 提出 来  各国  各 社会 人民 的 文化  信仰  道德  宗教 都 有所不同  在 这种 情况 下  如果 用 社会 的 手段 去 防止 艾滋病  经常 要 改变 人们 几 十年  甚至 几 百年 的 生活 方式  这 谈何容易 呢 
就 是 你 能 做到 一些  也 只 是 事 倍 功 半 
对方 同学 的 错误 在 哪里 
第一  对方 同学 极大 地 夸大 艾滋病 的 可怕  其实  从 导致 人 的 死亡 人数上 讲  艾滋病 导致 人 的 死亡 人数 远远 低于 心脏病  流行性感冒 导致 人 的 死亡 人数 
就 是 从 绝症 这个 意义 上 讲  在 世界  在 历史 上  艾滋病 也 从来 没有 像 糖尿病  黑 死 病  肺结核 那样 延长 时间  那么 这些 疾病 都 在 世界 上 被 一一 迎刃而解  艾滋病 为什么 就 不 能 呢 
对方 同学 想 通过 传播 途径 来 证明 艾滋病 是 社会 问题  但 任何 传染病  它 的 传播 途径 都 是 不同 的  而且 都 是 各 异 的 
同 是 肝炎  甲 型 和 乙 型 的 传播 途径 就 不同  艾滋病 的 传播 途径 也 是 多方面 的  吸毒 只 是 很 小 的 一部分 
如果 我们 把 艾滋病 作为 医学 问题  从 根本 把 它 解决 
它 的 传播 途径 再 广  又 有 什么 可怕 呢 
第三  对方 同学 也 想 通过 艾滋病 对 社会 产生 的 负面影响 来 证明 艾滋病 是 社会 问题  让 我们 想想  最 根本 的 问题 是 什么 
就 是 艾滋病 是 一个 绝症  那么  如果 我们 把 艾滋病 作为 一个 医学 问题 去 解决  它 给 社会 带来 的 负面影响 不 也 就 都 解决 了 吗 
所以  我方 认为  历史 的 经验 证明  艾滋病 同 历史 上 的 其它 绝症 一样  它 也 能够 通过 医学 科学技术 的 发展 被 解决 
谢谢 
（ 掌声 ） 主席  谢谢 朱 天 飙 同学  艾滋病 到底 是 医学 问题 还 是 社会 问题 呢  还是 让 评判 先生 们 去 决定 吧  我们 现在 请 评判 团 退席  我们 等 会见 
（ 掌声 ） 主席  欢迎 各位 回到 辩论会 现场 
在 成绩 揭晓 之前  先 让 我们 邀请 评判 团 代表 许廷芳 律师 给 我们 分析 今晚 赛 情  许 先生 请 
（ 掌声 ） 许廷芳  主席 
正反 双方 辩论 代表 
各位 来宾 
我们 先 从 内容 谈 起 
正方 一 开始 就 对 艾滋病 下 了 非常 完整 的 定义 和 解释  是 后天 免疫 症  对 人 的 身体 有 死亡 的 影响  这个 完整 的 定义 把 它 带 到 一个 结论  那 就是  艾滋病 是 医学 问题  不 是 一个 社会 问题 
这 是 一个 很 好 的 开端 
反方 呢  认为 艾滋病 是 源自 社会 的 生活 方式  再 而 对 社会 的 影响 重大  所以 是 个 社会 问题 
举出 的 例子 也 包括 了 庞大 的 经费 问题  等于 在 说明 这 是 一个 社会 问题 
正方 接着 反击 说  每个 国家 的 道德 标准 是 不 一样 的  如 一 夫 多 妻 制  如 澳洲 的 同性恋 合法化  都 说明 了 不 能 以 社会 问题 来 解决 艾滋病 
反方 接着 说  医学 参与 不 等于 是 医学 解决问题  医生 不 能 救 天下  要 以 社会 系统 来 解决  所以 又 是 个 社会 问题 
