（ 笑声  掌声 ） 我们 再 看到  对方 辩 友 认为 恶 都 是 外因  但 我 请问  如果 鸡蛋 没有 缝 的话  苍蝇 会 去 叮 它 吗 
所以  还 是 它 有 内因 在 起 作用 的 
至于 说 到  善端 是 从 哪儿 来 的 
我 告诉 对方 辩 友  如果 人 人 皆 自私 的 话  那么 人人 都 不 能 自私 
因此 制约  权衡 中 产生 节制  这 就是 最 早 的 善源 
至于 后天 的 教 化  它 自然而然 形成 了 
对方 辩 友 不要 对 历史 事实 视而不见 
好  下面 我 从 现实 和 历史 的 层面 进一步 阐述 我方 观点 
第一  人类 在 诞生 之 初  就 已经 把 本 恶 的 人性 充分 地 显示 出来 
人类学 研究 表明  周口店 猿人 就 已经 懂得 用 火 来 把 同类 的 头骨 烤 着 吃  这种 生 猛 烧烤  是 何等 凶残 啊 
而 《 人类 的 起源 》 一 书 中 告诉 我们  当 一个 土 人 的 小孩 不 小心  把 一 筐 海胆 掉 进 海里 的 时候  土 人 竟 把 他 活活 地 摔 死 在 石 崖 上 
面对 着 原始 人 这种 凶残 的 天性  对方 辩 友  难道 还 告诉 我们  人性 本 善 吗 
第二  正是 由于 人性 本 恶 的 存在  所以  在 人类 社会 沧海桑田 的 演进 过程 之中  教 化 才 显得 尤其 重要  而且 也 相当 艰巨 
 十年 树木  百年树人   我方 从来 不 否认  通过 后 天 的 教 化 和 修养  人 是 可以 对 他 的 人性 加以改变  甚至 形成 伟大 的 人格 的 
但是  正 因为 有 本 恶 的 人性 存在  所以  我们 要 知道  学好 三年  学 坏 三 天  （ 时间 警示 ）  病 来 如 山 倒  病 去 如 抽丝  呀 
请 大家 想 一 想  看 暴力 片  色情 片  是 从来 没有 什么 公开 的 倡导 和 鼓励 的  但 为什么 总 有 那么 多 人 要 趋之若鹜 呢 
（ 笑声  掌声 ） 第三  认识 到 人性 本 恶  其实 并 不 是 人类 的 羞耻 
真正 应该 反省 的  是 面对 着 真理  却 不 敢 去 正视 它 
其实  人类 社会 演进 的 过程  从 某种 意义 上 也 就是 人 的 尊严 这种 虚假 的 虚荣 被 不断 剥 去 的 过程 
我们 看到 在 神学 灵光 笼罩 之下  人类 曾经 是 相当 的 夜郎自大 
但是  哥白尼 的 日 心 说  抹 去 了 人 在 宇宙 中 的 中心 地位  达尔文 的 进化论 揭示 人 与 动物 之间 必然 的 内在 联系  而 弗洛伊德 则 披露 了 在 理性 的 冰山 尖 之下  人 的 巨大 的 本能 的 冲动 与 欲望 
今天  我们 也 只有 真正 地 认识 到 人性 本 恶 这 一 基础  （ 时间 到 ） 才 能 做到 抑 恶 扬 善 
谢谢 
（ 掌声 ） 主席  谢谢 严嘉 同学  听 过 双方 代表 对 善恶 的 陈 辞 
现在 是 他们 大展 辩才 的 时候 
在 自由 辩论 开始 之前 先 提醒 双方 代表  你们 每队 各 有 四分 钟 发言 时间  正方 同学 必须 先 发言 
好  现在 自由 辩论 开始 
（ 掌声 ） 王信国  我 想 首先 请问 对方 辩 友  既然 人性 本 恶  世界 上 为什么 会 有 善 行 的 发生 
蒋昌建  我 方 一 辩 已经 解释 了 
我 倒 想 请问 对方 辩 友  在 评选 模范 丈夫 时  你 能 告诉 我  这个 模范 丈夫 本性 是 好 的  就是 经不起 美 色 的 诱惑 吧 
（ 笑声  掌声 ） 许金龙  对方 辩 友  他 要 有 人 勤 加 于 灌溉  我 想 请问 对方 辩 友  请 您 正面 回答 我  您 喜 不 喜欢 杀人 放火 
（ 笑声 ） 季翔  我 当然 不 喜欢  因为 我 受 过 了 教 化 
但 我 并 不 以 我 的 人性 本 恶 为 耻辱 
我 想 请问 对方  你们 的 善 花 是 如何 结出 恶果 的 
（ 掌声 ） 吴淑燕  我 想 先 请问 对方 同学  您 的 教育 能够 使 你 一辈子 不 流露 本性 吗 
如果 您 不 小心 流露 本性  那 我们 大家 可 要 遭殃 了 
严嘉  所以 我 要 不断 地 注意 修身 自己 呀 
曾 子 为什么 说   吾日三省吾身  呢 
所以  我 再次 想 请问 对方 辩 友  你们 说 内因 没有 的 话  那 恶 花 为什么 会 从 善 果 里 产生 呢 
王信国  我 来 告诉 大家 为什么 会 有  这 是 因为 教育 跟 环境 的 影响 吗 
我 倒 请 对方 辩 友 直接 回答 我们 问题 嘛  到底 人世间 为什么 会 有 善 行 的 发生  请 你 告诉 大家 
姜丰  我方 明明 回答 过 了  为什么 对方 辩 友 就 是 对 此 听而不闻 呢 
到底 是 没 听见  还是 没 听 懂 啊 
（ 笑声  掌声 ） 许金龙  你 有 本事 再说 一 遍  为什么 我们 听 了  从来 没有 听 懂 过 呢 
我 想 请问 对方 辩 友  您 说 荀子 说 性 恶  但是 所有 的 学者 都 知道 荀子 是 无 善 无 恶 说 
蒋昌建  我 第三 次 请问 对方 辩 友  善 花 如何 开 出 恶果 呢 
第一 个 所谓 恶 的 老师 从 哪 来 呢 
吴淑燕  我 倒 想 请问 对方 同学 了  如果 人性 本 恶  是 谁 第一 个 教导 人性 要 本 善 的 
这 第一 个 到底 为什么 会 自我 觉醒 
季翔  我 方 三 辩 早就 解释 过 了  我 想 第四 次 请问 对方 辩 友  善 花 是 如何 结出 恶果 的 
王信国  我 再 说 一 次  善 花 为什么 结出 恶果  有 善 端  但 是 因为 后天 的 环境 跟 教育 的 影响  使 他 作出 恶行 
对方 辩 友 应该 听 清楚 了 吧 
我 再 想 请问 对方 辩 友  今天 泰丽莎 修女 的 行为  世界 上 盛行 好 的 行为  为什么 她 会 做出 善 行 呢 
季翔  如果 恶 都 是 由 外部 环境 造成 的  那 外部 环境 中 的 恶 又 是 从 何而来 的 呢 
蔡仲达  对方 辩 友  请 你们 不要 回避 问题  台湾 的 正严 法师 救济 安徽 的 大 水  按 你们 的 推论 不 就是 泯灭 人性 吗 
