严嘉  但是 对方 要 注意 到  ８月 ２８ 号 《 联合 早报 》 也 告诉 我们 这 两 天 新加坡 游客 要 当心  因为 台湾 出现 了 千 面 迷 魂 这种 大 盗 
（ 笑声  掌声 ） 许金龙  我们 就 很 担心 人性 本 恶 如果 成立 的 话  那样 不过 是 顺 性 而 为  有 什么 需要 惩罚 的 呢 
蒋昌建  对方 终于 模 糊 了  我 倒 想 请问  你们 开 来 开 去 善 花 如何 开 出 恶果  第五 次 了 啊 
（ 笑声  掌声 ） 吴淑燕  我方 已经 说 过 了  是 因为 外在 环境 的 限制  我 倒 想 请问 对方 同学 了  对方 同学 告诉 我们  人 有 欲望 就 是 本 恶  那么 对方 同学 想 不 想 赢 这 场 比赛 呢 
如果 想 的 话  您 可 真 是 恶 啊 
（ 笑声  掌声 ） 姜丰  对方 辩 友 口口声声 说  因为 没有 善 端 就 没有 善 
我们 要 问 的 是  都 是 善 的 话  那 第一 个 恶人 从 哪里 来 
又 哪里 有 你们 所 说 的 那种 环境 呢 
许金龙  环境 天险  天险 狡 恶 
对方 辩 友  您 没有 听说 过 吗 
环境 会 让 人 去 行 恶 的 
严嘉  对方 似乎 认为 有 了 外部 恶 的 环境  人 就 会 变 恶 
请问 在 南极  在 一 种 非常 艰难 的 沙漠 之中  人 就 会 变 坏 了 吗 
王信国  我方 没有 这样 说  对方 又 在 第二 次 栽赃  我 是 要 告诉 大家  是 说 人 有 善 端  你 在 哪个 环境  好 的 环境 会 变 好  坏 的 环境 会 变 坏 
季翔  如果 都 如 对方 所 说 的 那样  人性 本 善  都 是 阳光 普照  雨水 充足  那 还 要 培育 它 干 什么 呢 
让 它 自生自灭 好 了 
（ 笑声  掌声 ） 许金龙  照 对方 辩 友 那样 说 的 话  人性 本 恶  我们 要 教育 干什么 
因为  师傅 领 进 门  修行 在 个人   这 句 话 早 就 不 成立  应该 是  师傅 领 进 门  教鞭 跟 你 一辈子 
 （ 笑声  掌声 ） 严嘉  按照 对方 辩 友 的 这种 逻辑  那么 教 化 应该 是 非常容易 的  每个 人 都 是  心 有 灵 犀 不 点 通  了 
（ 笑声  掌声 ） 王信国  我 倒 想 请问 对方 辩 友  在 人性 本 恶 之下  我们 为什么 要 法律  为什么 要 惩治 的 制度 呢 
姜丰  对 呀  这 不 正好 论证 了 我方 观点 嘛 
（ 笑声  掌声 ） 如果 人性 都 是 善 的 还要 法律 和 规范 干什么 
（ 掌声 ） 蔡仲达  犯 错  犯罪 都 是 人性 本 恶  就 符合 您 本 恶 的 立场 了 吗 
那么 犯罪 干 嘛 要 处罚 他 呢 
蒋昌建  我 还 没 听 清楚  你们 论述 人性 是 本 善 的  是 在 进化论 原始社会 的 本  还 是 人 一生 下来 的 本  请 回答 
许金龙  我方 早就 说 过 的 嘛 
孟子 说 良心 啊  你 有 没 有 恻隐之心  你 有 没 有 不安 不忍 之 心  这 就是 良心 嘛 
你 怎么 不 听 清楚 了 呢 
（ 笑声  掌声 ） 蒋昌建  如果 人 生来 就 是 善 的 话  那 我 想 那个  宝贝  纸 尿布 怎么 那么 畅销 啊 
（ 笑声  掌声 ） 吴淑燕  我 想 请问 对方 同学  再次 请问 你  如果 人性 本 恶 的 话  到底 是 谁 第一 个 去 教导 人 要 行善 的 呢 
季翔  我方 已经 不 想 再次 回答 同样 一个 问题 了 
我 倒 想 请问 孟子 不 也 说 过  形 色  天性 也  嘛 
请问 什么 叫 天性 呀 
许金龙  您 讲 得 吞吞吐吐  我 实在 听 不 懂 
对方 辩 友  请 您 回答 我们 荀子 说 的 是 性 恶 说  还是 性 无 善 无 恶 
严嘉  这 点 都 搞 不 清楚  还 来 辩论 性 善 性 恶 
（ 笑声  掌声 ） 我 想 请问  孔子 说   七十 而 从 心 所 欲  不 逾 矩  像 这样 的 圣人 都 要 修炼 到 古稀之年  何况 我们 凡夫俗子 呢 
（ 掌声 ） 王信国  对方 辩 友  所有 的 问题  所有 的 问题 都 不 告诉 我们 答 案 
我 倒 想 请问 对方 辩 友 的 是  康德 的 主张 到底 是 有 没 有 道德 
姜丰  不 是 我们 不 告诉 对方  是 我们 一再 一再 地 告诉  你们 都 不 懂 
（ 笑声  掌声 ） 许金龙  对方 辩 友 这 句 话 回答 的 什么  我们 实在 没有 听 出来 
不过 我 想 告诉 对方 辩 友 解决 一下 性 恶 的 问题 吧 
荀子 说   无 为 则 性 不 能 自 美  
说 性 像 泥巴 一样  它 塑 成 砖 就 塑 成 砖  塑 成 房子 就 塑 成 房子  这 是 无 恶 无 善 说 啊 
对方 辩 友 
蒋昌建  荀子也 说  后天 的 所谓 善 是 在  注 错 习 之 所 积 耳   什么 叫  注 错 习 之 所 积 耳  呀 
请 回答 
许金龙  荀子 说 错 了 
荀子 说 他 看到 什么 是 恶 的  还是 说 没有 看到 善  你 就 说 是 恶 的 
没有 看到 善 是 不善  不 是 恶  对方 辩 友 
蒋昌建  你 说 荀子 说 错 了 就 说 错 了 吗 
那 要 那么 多 儒学家 干什么 
（ 笑声  掌声 ） 许金龙  儒学 就 是 来 研究 荀 子 到底 是 说 了 性 恶 还是 性 善 嘛 
季翔  荀 子 明明白白 地 告诉 我们   人性 恶  其 善 者 伪 也 
 （ 掌声 ） 蔡仲达  对方 同学  如果 说  荀子 说 恶 就 是 恶 的 话  那 我们 今天 还 要 辩 什么 呢 
严嘉  对方 辩 友 不要 一再 地 引 语录 了  我们 看看 事实 吧 
历史 上 那么 多 林林总总 的 真 龙 天子 们  他们 有 几 个 不 是 后宫 嫔妃 三千  但 为什么 自己 消费 不 了  却 还 要 囤积居奇  到 最后 暴殄天物 呢 
