可见  人性 本 恶  并 不 意味着 人 终身 成为 恶  只 要 通过 社会 的 教 化系统 就 可以 弃 恶 扬 善  化 性 起 伪 啊 
第三  只有 认识 人性 本 恶  才 能 调动 一切 社会 教 化 的 手段 来 扬 善 避 恶 
光阴荏苒  逝 者 如 斯  在 物质 和 科学技术 突 飞 猛 进 的 同时  而 人类 的 精神 家园 可谓 是 花果 飘零 
在 这个 时候  我们 要 警惕  人性 本 恶 这个 基本 的 命题 
可喜 的 是  在 东方 的 大地 上  我们 说 传统 文化 的 发扬光大  已经 从 一 阳来复 开始 走向 了 新 的 春天 
我们 也 相信  通过 传统 文化 的 精华  必将 使 人类 从 无 节制 的 欲望 中 合理 地 扼制 并 加以 引导  从 他律 走向 自律  从 执法 走向 立法 
人类 才 可能 挽 狂澜 于 既 倒  扶 大厦 于 将 倾 
 黑夜 给 了 我 黑色 的 眼睛  而 我 却 要 用 它 来 寻找 光明 
 谢谢 各位 
（ 掌声 ） 主席  谢谢 蒋昌建 同学  最后 我们 请 正方 第四 位 代表 王信国 同学 总结 陈 辞  时间 也 是 四分 钟 
（ 掌声 ） 王信国  大家 好 
让 我们 先 回 到 对方 所 建构 的 一个 恶 的 世界 来 看看 这个 世界 里边 到底 发生 了 什么 事情 
对方 辩 友 告诉 我们 人性 本 恶  首先 就 犯 了 三 大 错误 
第一 大 错误 就 是 从 经验 事实 的 法则 里面 归纳 出来 的 错误 
对方 辩 友 举出 了 人世间 很多 的 恶 事  告诉 我们 因此 人性 本 恶  这 是 错 的 
为什么 呢 
对方 辩 友 的 立论 告诉 我们 欲望  人 是 有 欲望 而 来 的 
但是 我们 想  我方 已经 论证 过 了  欲望 是 有 好 有 坏  今天 我 喜欢 你  我 想 要 跟 你 结婚  这 是 一个 不 好 的 欲望 吗 
所以 最终 我们 知道 了  今天 对方 辩 友 是 看到 人世间 的 恶行  某些 恶行  然后 告诉 我们 说 人性 本 恶 
那 为什么 对方 辩 友 忽略 了 经验 事实 上面 呈现 的 善 行 呢 
人世间 的 很多 善 行  你 一定 听 过 了  有人 跌 在 地上 你 把 他 扶 起来  你 在 汽车 上 让座 给 老人  或者 是  你 定 也 听 过 无名氏 的 指教 
这些 难道 不 是 人世间 的 善 行 吗 
这 是 对方 辩 友 犯 的 第一 大 错误 
第二 大 错误  对方 辩 友 犯 的 是 倒 果 为 因 的 错误 
对方 辩 友 借用 一 种 经验 事实 的 法则 告诉 我们 说  我们 有 恶 的 果  所以 导出 来 恶 就 是 因 
如果 真 的 这样 说 的 话  我们 发现 是 什么 呢 
每 一个 人 都 是 恶  尤其 对方 辩 友 口口声声 告诉 我们 要 教育  要 道德 教育  你 如何 去 教育 呢 
每 一个 人 都 是 恶  由 此 来 定 出 真正 的 法律  而 定 出 的 法律 就 是 善 法 吗 
恶人 定 出来 的 是 恶 法 
如果 你 定 出 了 法律  如何 去 遵循  每 一个 人 都 恶  我 为什么 要 信任 你  好像 大家 在 这个 地方  我 为什么 要 相信 你 呢 
你 可能 在 骗 我  于是 我们 这里 所有 的 人 都 戴 上 面具 
大家 互相 欺骗  互相 蒙蔽  这样 的 世界 是 对方 辩 友 所 建构 出来 的 
他 告诉 我们 由于 有 欲望 就 建构 出来 个 恶 的 世界 
对方 辩 友 犯 的 第三 个 错误 是 什么 呢 
他 告诉 我们 人性 的 性 就 是 欲望  我们 根本 就 晓得 说  我方 一 开始 就 论证 了  人性 就 是 人 的 心 
孟子 告诉 我们   人 有 四 端 之 心 
 这 是 一个 善 的 种子  我们 从来 没有 否认 过 说  人世间 没有 恶行 
你 有 善 苗  不 见 得 你 就 不 会 有 恶行 
为什么 呢 
我们 发现 了  因为 外在 环境  因为 资源 缺乏  所以 我们 人 在 无形 之中 会 做 出 一些 恶 的 行为 来 伤害 别人  这 是 不得已 的 
所以  我们 教育 跟 法律 就 在于 纠正 人 的 行为 
如果 按照 对方 辩 友 告诉 我们 是 恶行 的话  你 为什么 去 纠正 它 
人性 本 恶  人 纠正 的 结果 还 是 回 到 本 
我们 的 人 是 性 本 善  因为 我们 知道 每 一个 人 都 有 一 颗 向 善 的 心  于是 你 透过 道德  透过 教育  透过 法律  他 有 可能 会 转变 为 好 
教育 跟 法律 的 功能 就是 要 辅导  辅导 他 走 上 善 途  于是乎  教育 就 在 这个 地方 茁壮 了 
对方 辩 友 举 了 个 例子 告诉 我们 说  原始 人 如何 地 烧 杀 虏 掠  原始 人 如何 地 生灵涂炭 
我们 告诉 大家 的 是  原始 人民  他 一 开始 那个 求生 的 欲望  这 跟 本性 是 要 区分 的 
因为 当 你 如果 说 有 五 个 人 同时 是 饥饿 的 状态 下  有 一 块 面包 在 那边  一个 人 跑 过去 吃  这个 时候 绝对 不 会 有人 用 道德 来 非难 他 
因为 这个 时候 生存 是 立 于 道德 之上 的 
你 没 有 个人 的 生命  你 没 有 生存 的 欲望  你 如何 来 谈 道德 呢 
所以 原始 人 那个 状况 是 一 种 动物 性 的 本能 
（ 掌声 ） 所以  开始 对方 辩 友 犯 的 错误 就 是 告诉 我们 说  人性 是 欲望  如果 真 的 是 欲望 的 话  人 跟 动物 怎么 分 呢 
人 之 异 于 禽兽 者  已 心 就 是 一个 本心 的 问题 
所以 我们 说 过 人 有 善 苗 
今天 对方 辩 友 告诉 我们 说 都 是 阳光 雨露  没有 错 
但是 有 风吹雨打  因为 你 的 风吹雨打  你 的 外在 环境影响  你 当然 会 做出 恶 的 行为 
所以  我们 要 纠正 他  让 他 走向 善 的 世界 大同 
所以  我们 来 看看 世界 上 所有 善 行 的 发生 吧 
从 历史 上  从 目前 经验 事实上 面  我们 发现  古往今来  志士仁人 杀 身 成仁  等等 之类 
