太平/a傻/a傻/a地/ude2接/v过/uguo诏书/n…/ws
…/ws
太平/ns：/wp可/v…/ws
我/rr好/a多/a字/n还/d没/d学/v过/uguo呢/y！/wt
武则天/nr：/wp没关系/vl，/wd不/d识/v的/ude1字/n就/d空/v过去/vf，/wd好/a文章/n不/d在于/v一两/m处/q晦涩/a费解/a的/ude1字/n词/n。/wj
太平/a，/wd念/v吧/y！/wt
太平/ns：/wp诏/ng…/ws
…/ws
曰/vg，/wd皇后/n武/nr1则/d天/qt，/wd出身/v微/ag寒/ag低/a…/ws
贱/a，/wd本/d是/vshi商家/n之/uzhi女/ng，/wd全无淑/nr什么/ry风范/n，/wd深受/v商人/n见/v利/n忘/v…/ws
…/ws
义/ng，/wd薄信/nr…/ws
寡/ag义/ng之/uzhi恶习/n什么/ry染/v…/ws
…/ws
野心/n勃/ag然/rz昭彰/a，/wd施建成/nr于/p内/f宫/ng，/wd搅/v…/ws
…/ws
国政/nr2于/p朝野/n，/wd致使/v朝/b纲/n混乱/an，/wd人心/n思/v变/v…/ws
…/ws
上官/nr1仪/ng知道/v一切/rz都/d完/vi了/y。/wj
太平/a稚嫩/a的/ude1声音/n，/wd冗长/a的/ude1陈/nr1词/n如/v一/m把/pba利剑/n，/wd本/d是/vshi为/p武则天/nr准备/v的/ude1却/d刺/v向/p了/ule自己/rr，/wd一切/rz都/d显得/v悲壮/an而/cc无奈/an。/wj
上官/nr1仪/ng仰天长叹/vl。/wj
李治/nr：/wp（/wkz终于/d忍不住/v，/wd大声/d呵斥/v）/wky别/d再/d念/v了/y！/wt
武则天/nr：/wp（/wkz平静/a地/n）/wky念/v，/wd太平/a！/wt
念/v下去/vf！/wt
太平/ns：/wp（/wkz害怕/v地/n）/wky伪/ag临/v朝/tg武氏/nr，/wd性/ng非/b温顺/a，/wd地/n实/dg寒微/a。/wj
掩/v袖/ng工/n什么/ry，/wd什么/ry媚/ag惑/vg主/n…/ws
…/ws
妈妈/n，/wd我/rr不/d认识/v。/wj
武则天/nr：/wp（/wkz强压/vn怒火/n）/wky平/v儿/ng，/wd就/d念/v最后/f一/m句/q吧/y！/wt
太平/ns：/wp神人/n之/uzhi所/usuo同/v嫉/vg，/wd天地/n之/uzhi所/usuo不容/v。/wj
朕/n谓/vg此/rzs书/n，/wd痛定思痛/vl；/wf忍痛割爱/vl，/wd废/v后/f悦天/nr2…/ws
…/ws
啊/y！/wt
妈妈/n，/wd父/ng皇/ng真的/d要/v废/v你/rr？/ww
武则天/nr没有/d回答/v，/wd接过/v诏书/n，/wd反复/d看/v着/uzhe。/wj
武则天/nr：/wp文章/n果真/d写/v得/ude3好/a，/wd不愧/d是/vshi一/m代/q文豪/n！/wt
辛辣/a刺骨/z，/wd意犹未尽/vl。/wj
上官/nr1大人/n看来/v是/vshi有/vyou点儿/q恨/v我/rr了/y，/wd皇上/n！/wt
武/nr1则/d天/qt看/v着/uzhe李治/nr，/wd眼中/s有/vyou了/ule泪水/n。/wj
武则天/nr：/wp皇上/n，/wd您/rr是/vshi明天/t上朝/v宣旨/v，/wd还/d是/vshi现在/t就算/d宣/nr1了/y？/ww
李/nr1治/v无地自容/al，/wd他/rr愤怒/a地/ude2看/v着/uzhe上官/nr1仪/ng、/wn裴贞/nr，/wd痛恨/v他们/rr把/pba自己/rr置于/v这种/r境地/n。/wj
李/nr1治/v甩/v袖/ng而/cc去/vf。/wj
武则天/nr笑/v对/p上官/nr1仪/ng等/udeng。/wj
武则天/nr：/wp上官/nr1大人/n还有/v什么/ry事/n吗/y？/ww
武/nr1则/d天/qt话音/n刚/d落/v，/wd一/m队/q武装/n的/ude1侍卫/n已/d冲/v了/ule进来/vf…/ws
…/ws
19．/m大明/nz宫/ng勤政/n形/ng白天/t内景/n李/nr1治/v与/p武/nr1则/d天/qt一/m左/f一/m右/f正/d襟/ng危/ag坐/v，/wd太平/ns坐/v在/p武则天/nr身后/f。/wj
她/rr透过/v帘子/n向/p下/f看/v着/uzhe，/wd目光/n—/wp一/m扫/v过/uguo群臣/n。/wj
今天/t的/ude1朝/tg堂/ng气氛/n森严/an，/wd无/v人/n说话/vi。/wj
寂静/a的/ude1大殿/n，/wd如同/v静默/vi的/ude1反抗/vn。/wj
突然/a，/wd太平/a的/ude1声音/n显得/v特别/d响亮/a。/wj
太平/ns：/wp上官/nr1仪/ng？/ww
父/ng皇/ng，/wd上官/nr1老师/n怎么/ryv今天/t没/d来/vf？/ww
李治/nr的/ude1脸色/n一下/mq变/v得/ude3异常/d难/ad看/v。/wj
群臣/n们/k都/d心头/s一/m紧/a，/wd无/v人/n敢/dg正视/v此时/r的/ude1李治/nr。/wj
太平/ns：/wp（/wkz轻声/n）/wky母/ng后/f，/wd上官/nr1老师/n怎么/ryv了/y，/wd是/vshi不/d是/vshi病/n了/y？/ww
我/rr想/v去/vf看看/v他/rr。/wj
武/nr1则/d天/qt流露/v了/ule一/m丝/q微笑/vn，/wd马上/d严肃/v起来/vf。/wj
武则天/nr：/wp（/wkz声音/n沉静/an，/wd铁/n一般/uyy坚决/a）/wky上官/nr1仪/ng被/pbei你/rr父/ng皇/ng派/v到/v很/d远/a的/ude1地方/n去/vf了/y。/wj
太平/ns：/wp为什么/ryv？/ww
武则天/nr：/wp因为/p他/rr不/d听话/a，/wd我/rr告诉/v过/uguo你/rr很/d多/m次/qv，/wd朝廷/n是/vshi一个/mq有/vyou规矩/n的/ude1地方/n，/wd不/d该/v你/rr说话/vi的/ude1时候/n，/wd你/rr就/d不/d许/v说话/vi。/wj
比如/v说/v现在/t，/wd你/rr要/v是/vshi再/d这样/rzv不/d守/v规矩/n，/wd有/vyou一/m天/qt也/d会/v被/pbei送/v到/v很/d远/a的/ude1地方/n去/vf。/wj
太平/a被/pbei武/nr1则/d天/qt言语/n中/f的/ude1寒意/n震慑/v，/wd不/d敢/v出/vf声/ng，/wd似懂非懂/vl地/ude2看/v着/uzhe面色/n威严/a的/ude1母亲/n。/wj
群臣/n依旧/z站/vi在/p那儿/rzs，/wd望/v着/uzhe李治/nr。/wj
李治/nr：/wp（/wkz烦躁/a）/wky你们/rr如果/c没有/v什么/ry要/v议/v，/wd就/d散/v朝/tg！/wt
旁白/n多少/ry年/qt后/f，/wd我/rr的/ude1敌人/n仍/d把/pba上官/nr1仪/ng的/ude1流放/vn算/v做/v我/rr的/ude1罪过/n，/wd都/d是/vshi因为/p那/rzv一/m纸/q废/v后/f诏书/n。/wj
想/v起来/vf好笑/a，/wd我/rr当时/t连/ulian字/n都/d认/v不/d全/a。/wj
母亲/n终/d没/v被/pbei废掉/v，/wd从/p那/rzv以后/f，/wd父亲/n也/d就/d再/d也/d没/d动/v过/uguo那样/rzv的/ude1心思/n。/wj
据/p你/rr奶奶/n后/f来讲/uls，/wd她/rr一生/n由衷/d钦佩/v两/m个/q文人/n，/wd一个/mq是/vshi上官/nr1仪/ng，/wd另/rz一个/mq就/d是/vshi后来/t的/ude1骆宾/nr王/n。/wj
只/d可惜/v两/m人/n都/d决意/d与/p她/rr作对/vi。/wj
王/nr1伏/v胜/v自杀/vi了/y，/wd那/rzv年/qt秋天/t，/wd韩国/nsf夫人/n也/d病/v死/v了/y，/wd父亲/n就/d一下子/mq衰老/a了/ule许多/m…/ws
…/ws
大明/nz宫/ng词/n第五/m集/q旁白/n:/wp你/rr从未/d见/v过弘/nr，/wd我/rr的/ude1哥哥/n，/wd…/ws
…/ws
很/d久/ad没有/v见/v他/rr了/y，/wd即使/c在/p梦/n里/f。/wj
他/rr是/vshi那样/rzv一个/mq男人/n，/wd活/v得/ude3隆重/a而/cc典雅/a，/wd并且/c时刻/d都/d在/p动员/v一切/rz热情/a来/vf呈现/v一个/mq帝国/n太子/n所/usuo应有/v的/ude1骄傲/an与/cc风采/n。/wj
然而/c不知/v为什么/ryv，/wd我/rr却/d似乎/d永远/d在/p担心/v他/rr会/v突然/ad失声/vi痛哭/vi。/wj
因为/p我/rr分明/d感到/v那/rzv隐蔽/v在/p他/rr优雅/a眼神/n深处/s的/ude1一/m丝/q挥/v之/uzhi不/d去/vf的/ude1忐忑/a与/cc尴尬/an。/wj
弘/nr1是/vshi悲伤/a的/ude1，/wd他/rr内心/n荡漾/vi着/uzhe一/m种/q与/p生/v俱/dg来/vf的/ude1类似/a秋水/n般/uyy深刻/a的/ude1孤独/an，/wd这/rzv观感/n源自/v一个/mq女人/n天生/b的/ude1直觉/n。/wj
弘/nr1当/v了/ule太子/n，/wd终日/d履行/v着/uzhe新/a的/ude1身份/n所/usuo规定/v的/ude1繁忙/a。/wj
我们/rr很/d少/a再/d见面/vi，/wd但/c我/rr想/v他/rr…/ws
…/ws
1．/m弘/nr1的/ude1寝/vg宫/ng白天/t内景/n弘/nr1庄重/a地/ude2端坐/vi于/p妆/vg台前/s，/wd身后/f是/vshi举/v童/nr1合欢/n。/wj
镜子/n很/d大/a，/wd可以/v全面/a地/ude2看见/v身后/f的/ude1情景/n，/wd包括/v正/d后方/s半/m掩/v着/uzhe的/ude1门/n。/wj
弘/nr1正/d襟/ng危/ag坐/v，/wd面/n无/v表情/n，/wd合/v着/uzhe眼睛/n，/wd静谧/a得/ude3仿佛/d仍/d在/p熟睡/vi。/wj
合欢/n正/d在/p一/m侧/q静静地/z为/v他/rr梳头/v，/wd口中/s含/v着/uzhe发卡/n，/wd他/rr目光/n明亮/a清澈/a，/wd专注/vi地/ude2看/v着/uzhe自己/rr长长的/z手指/n鱼/n一样/uyy俏皮/a地/ude2出没/vi于/p手中/s的/ude1乌发/n。/wj
他/rr不时/d地/ude2瞟/v一眼/d镜/ng中/f的/ude1弘/nr1，/wd风情/n在/p光滑/a的/ude1镜面/n上/f蔓延/vi。/wj
弘/nr1睁/v开/v眼睛/n，/wd望/v着/uzhe镜/ng中/f合欢/n热/a辣/a的/ude1眼神/n，/wd目光/n有/vyou一/m丝/q迟疑/an。/wj
弘/nr1：/wp合欢/n，/wd帮/v我/rr修修/v鬓角/n吧/y！/wt
合欢/n：/wp（/wkz抚摸/v着/uzhe弘/nr1的/ude1鬓角/n，/wd眼神/n始终/d没有/d离开/v镜子/n）/wky前/f天才/n剪/v过/uguo，/wd今天/t就/p这么/rz长/a了/y，/wd而且/c长/v得/ude3没什么/vl规矩/n，/wd荒草/n一样/uyy。/wj
弘/nr1：/wp（/wkz笑/v）/wky长/v得/ude3确实/ad欠/v规矩/n，/wd但/c也/d不至于/d像/v荒草/n，/wd我/rr还/d没/v那么/rz老/a！/wt
