来/vf人/n，/wd把/pba她/rr给/p我/rr拉/v下去/vf，/wd先/d掌嘴/v五十/m，/wd再/d割/v掉/v舌头/n！/wt
声音/n在/p空旷/a的/ude1宫殿/n里/f回荡/vi，/wd没有/v人/n出现/v，/wd武/nr1则/d天/qt有些/rz惶惑/a地/ude2环顾/v四周/f，/wd继而/c有些/rz失控/vi。/wj
武则天/nr：/wp（/wkz大/a叫/vi）/wky来/f人/n，/wd快/d来/vf人/n！/wt
你们/rr这些/rz无用/vi的/ude1奴才/n，/wd都/d躲/v到/v什么/ry地方/n去/vf了/y？/ww
！/wt
萧淑/nr妃/ng：/wp（/wkz诡异/a地/ude2轻声/ad说/v）/wky你/rr不/d用/v白费/v力气/n了/y，/wd看/v，/wd我/rr的/ude1舌头/n不/d是/vshi早就/d被/pbei你/rr割/v了/ule吗/y？/ww
她/rr张开/v嘴/n，/wd武则天/nr看见/v里面/f黑洞洞/z的/ude1什么/ry也/d没有/v，/wd只见/v血/n缓缓/d地/ude2从/p萧淑/nr妃/ng的/ude1嘴角/n流下/v。/wj
另/rz一个/mq白衣/n女人/n出现/v，/wd站/vi在/p第一/m个/q女人/n身边/s。/wj
王/nr1皇后/n：/wp媚/ag娘/n，/wd为了/p得到/v现在/t的/ude1地位/n，/wd你/rr害/v死/v了/ule多少/ry人/n？/ww
他们/rr在/p冥/ng冥/ng之中/f会/v放/v过/uguo你/rr吗/y？/ww
你/rr有/vyou多少/ry个/q夜晚/t是/vshi在/p恐惧/an和/cc噩梦/n中/f度过/v的/ude1，/wd只/d有/vyou你/rr自己/rr最/d清楚/a。/wj
你/rr难道/d不/d想/v获得/v一个/mq平静/a安稳/a的/ude1内心/n生活/vn吗/y？/ww
你/rr从/p现在/t积德/v行善/vi还/d来得及/v。/wj
上/f天/qt是/vshi会/v宽恕/v那些/rz悔过/vi的/ude1罪人/n的/ude1。/wj
萧淑/nr妃/ng：/wp（/wkz空洞/a的/ude1嘴/n中/f发出/v混沌/a的/ude1声音/n，/wd好像/v代表/n着/uzhe冥/ng冥/ng之中/f一/m股/q神秘/a的/ude1力量/n在/p宣布/v一个/mq不可告人/bl的/ude1重大/a阴谋/n）/wky武/ag媚/ag娘/n，/wd你/rr再/d能言善辩/vl，/wd再/d计划/v缜密/a，/wd也/d掩藏/v不住/d亲手/d掐/v死/v自己/rr尚/d在/p襁褓/n中/f的/ude1亲生/b女儿/n的/ude1事实/n，/wd你/rr为了/p嫁/v祸/n于/p我/rr，/wd于/p尽/vi了/ule灭绝/vn人伦/n、/wn丧尽天良/vl的/ude1丑/a事/n。/wj
皇上/n，/wd这样/rzv的/ude1人/n怎/ryv能/v当/p皇后/n呢/y？/ww
武则天/nr：/wp（/wkz有些/rz神经质/n）/wky住嘴/v！/wt
圣上/n，/wd我/rr从未/d杀死/v自己/rr的/ude1女儿/n，/wd我/rr只不过/d为了/p给/p她/rr一个/mq更/d安稳/a的/ude1生活/vn，/wd推迟/v了/ule她/rr降生/vi的/ude1时间/n，/wd这/rzv是/vshi上/f天/qt的/ude1旨意/n，/wd现在/t上/f天/qt又/d把/pba她/rr还/d给/p我/rr了/y，/wd我/rr永远/d爱/v她/rr，/wd要/v给/p她/rr最/d幸福/a的/ude1生活/vn。/wj
我/rr怎么/ryv能/v杀死/v我/rr最/d爱/v的/ude1人/n呢/y？/ww
李/nr1治/v疑惑/v地/ude2看/v着/uzhe三/m个/q人/n。/wj
王/nr1皇后/n：/wp你/rr杀/v了/y，/wd我/rr看见/v你/rr杀/v了/y，/wd我/rr看见/v你/rr掐/v住/vi她/rr的/ude1脖子/n，/wd看见/v了/ule她/rr涨/vi紫/a的/ude1面孔/n。/wj
一/m度/qv你/rr也/d曾/nr1良心/n发现/v，/wd如果/c你/rr在/p那/rzv时候/n停止/v，/wd以后/f所有/b的/ude1罪过/n都/d不/d会/v发生/v，/wd然而/c野心/n使/v你/rr疯狂/a，/wd我/rr看见/v她/rr终于/d在/p你/rr的/ude1双手/n间/f停止/v了/ule挣扎/vi，/wd我/rr听见/v你/rr终于/d控制/v不/d住/vi发出/v了/ule一/m声/qv惨叫/vi，/wd然后/c昏/v了/ule过去/vf。/wj
我/rr知道/v为什么/ryv，/wd因为/c恐惧/a、/wn悔恨/v和/cc良心/n在/p一起/s打击/v你/rr的/ude1身体/n。/wj
没有/v人/n怀疑/v过/uguo你/rr，/wd你/rr的/ude1悲痛/an欺骗/v了/ule皇上/n，/wd欺骗/v了/ule我/rr，/wd欺骗/v了/ule所有/b的/ude1人/n，/wd甚至/d包括/v你/rr自己/rr。/wj
你/rr这个/rz疯狂/a的/ude1女人/n，/wd你/rr把/pba这/rzv一切/rz丧/vg女/b的/ude1怨恨/vn都/d集中/v在/p我们/rr两/m个/q可怜/a的/ude1女人/n身上/s，/wd对/p我们/rr进行/vx疯狂/a的/ude1报复/vn，/wd以/p平息/vi自己/rr的/ude1懊悔/v。/wj
弘/nr1：/wp完/vi了/y。/wj
武则天/nr：/wp说/v得/ude3不错/a！/wt
你/rr看/v呢/y，/wd皇上/n？/ww
李治/nr始终/d忧虑/v地/ude2看/v着/uzhe弘/nr1。/wj
李治/nr：/wp你/rr手里/s拿/v的/ude1什么/ry？/ww
弘/nr1：/wp嗅/v，/wd一/m把/pba梳子/n！/wt
李治/nr：/wp呈/v上/f来/vf我/rr看看/v。/wj
弘/nr1略/d显/v迟疑/an，/wd但/c还是/d呈/v了/ule上去/vf。/wj
李治/nr眼睛/n不好/a，/wd把/pba梳子/n拿/v得/ude3离/v眼睛/n很/d近/a，/wd然后/c，/wd定/v定/v地/ude2看/v着/uzhe弘/nr1，/wd眼神/n依然/d晦/ng疑/vg莫/d测/v，/wd似/d有/vyou弦/n外/f之/uzhi音/n。/wj
弘/nr1被/pbei看/v得/ude3很/d不/d舒服/a，/wd躲闪/vi着/uzhe，/wd不/d敢/v与/p父亲/n对视/vi。/wj
李治/nr：/wp怎么/ryv只/d一半/m，/wd另/rz一半/m呢/y？/ww
弘/nr1：/wp另/rz一半/m地/n，/wd在/p…/ws
东宫/n里/f。/wj
李治/nr：/wp在/p东宫/n里/f？/ww
这/rzv梳子/n总/b一/m半儿/m着/q用/v，/wd有/vyou什么/ry讲/v头/n吗/y？/ww
弘/nr1眼睛/n有些/rz紧张/a，/wd他/rr似乎/d已经/d感觉/v到/v身后/f的/ude1窃/dg窃/vg．/w私语/vi及/cc投射/v在/p自己/rr背/v上/f的/ude1众人/n芒/ng刺/v般/uyy的/ude1目光/n。/wj
他/rr的/ude1头/n于是/cc垂/v得/ude3更/d低/a，/wd脸上/s也/d见/v了/ule汗/n。/wj
弘/nr1：/wp没/v…/ws
…/ws
没什么/vl讲/v头儿/n，/wd只是/c一/m半儿/m着/q用/p惯/v了/y，/wd居然/d忘/v了/ule还有/v另/rz一半/m地/n！/wt
李治/nr：/wp弘/nr1儿/ng今年/t多/m大/a了/y？/ww
弘/nr1：/wp到/v九月/t满/v十八/m！/wt
李治/nr：/wp十八/m，/wd…/ws
…/ws
十八/m，/wd到/v了/ule该/rz成婚/vi的/ude1年龄/n了/y。/wj
右卫/n将军/n裴居道/nr之/uzhi女/ng，/wd为人/v贤惠/a，/wd人/n又/d长/a得/ude3漂亮/a…/ws
…/ws
弘/nr1：/wp儿臣刚/nr被/pbei立/v为/p太子/n，/wd没/v心情/n考虑/v儿女情长/vl。/wj
请/v父/ng皇/ng体谅/v儿/ng臣/ng心境/n，/wd暂/d将/d婚/ng娶/v的/ude1事/n往后/t推延/v！/wt
李治/nr：/wp这/rzv谈不上/v儿女情长/vl！/wt
男/b大/a当/v婚/ng。/wj
女/b大/a当/p嫁/v，/wd这/rzv是/vshi人生/n的/ude1规律/n。/wj
我/rr十八/m岁/qt时/ng都/d已/d做/v了/ule父亲/n。/wj
我/rr已/d下/vf诏/ng宴请/v裴/nr1将军/n父女/n，/wd争取/v能/v早日/d结/v了/ule这/rzv门/q亲事/n。/wj
也/d了/vi了/ule我们/rr一/m桩/q挂念/vn。/wj
弘/nr1：/wp此/rzs臣/ng谈/v恐/vg不/d能/v从/p命/n，/wd父亲/n的/ude1要求/n实在/d让/v我/rr恐慌/an不安/an，/wd自古/d有/vyou多少/ry才/d高志远/nr的/ude1伟人/n被/pbei男女/n私情/n缚/vg住手/vi脚/n，/wd终/d落/v得/ude3才情/n远/ad逝/vg，/wd宏愿/n落空/vi。/wj
儿/ng实/ng不/d想/v重/a蹈/vg其/rz覆辙/n，/wd此/rzs为/v一/m。/wj
其二/rz，/wd儿/ng近日/t读/v孔子/nr，/wd深/d杨/nr1贤/ng贤/ng易/vg色/ng的/ude1道理/n，/wd自古/d圣贤/n，/wd皆/d洁身自好/vl…/ws
李治/nr：/wp不错/a，/wd自古/d圣贤/n，/wd皆/d洁身自好/vl！/wt
弘儿/nr2，/wd你/rr做到/v这/rzv一点/mq了/y吗/y？/ww
弘/nr1：/wp这/rzv要/v看/v怎么/ryv说/v，/wd圣贤/n有/vyou异/ag，/wd对/p此/rzs准则/n也/d有所不同/vl。/wj
弘/nr1回答/v得/ude3很/d艰难/a。/wj
李治/nr：/wp那/rzv就/d依/v你/rr的/ude1标准/n，/wd你/rr做到/v了/ule吗/y？/ww
弘/nr1：/wp我/rr想/v…/ws
我/rr做/v到/v了/y！/wt
声音/n低/a得/ude3几乎/d只有/c他/rr自己/rr可以/v听/v清/a。/wj
李治/nr：/wp…/ws
你/rr宫/ng里/f是否/v有/vyou叫/vi合欢/n的/ude1书童/n？/ww
弘/nr1：/wp…/ws
是/vshi有/vyou这个/rz人/n！/wt
李治/nr：/wp我/rr听说/v他/rr带/v和/cc你/rr同行/vi同/p宿/v？/ww
弘/nr1的/ude1胜/v立刻/d绯红/z，/wd无地自容/al。/wj
武则天/nr：/wp（/wkz急急/al处/n打断/v李/nr1治/v的/ude1话/n，/wd似乎/d为了/p缓解/v弘/nr1在/p众臣/nr2面前/f明显/a的/ude1窘境/n）/wky皇上/n，/wd弘/nr1长大/vi了/y，/wd有些/rz事/n就/d让/v他/rr自己/rr拿/v主意/n把/qv！/wt
李义甫/nr——/wp李义甫/nr：/wp臣/ng在/v！/wt
武则天/nr：/wp你们/rr都/d是/vshi朝廷/n重臣/n，/wd洞/dg明/ag世事/n，/wd不/d要/v被/pbei世俗/n琐/ag见/v所/usuo左右/v，/wd弘/nr1已经/d是/vshi太子/n鉴/vg国/n了/y，/wd你们/rr以后/f多/m向/p他/rr请示/v，/wd多/ad听/v他/rr的/ude1意见/n，/wd只要/c太子/n能/v做/v个/q时/ng，/wd就/d不要/d事事/n向/p我们/rr请示/v了/y。/wj
