…/ws
皇上/n是/vshi偶遇/v风寒/n…/ws
需/v静养/v数日/t…/ws
…/ws
武则天/nr：/wp什么/ry偶遇/v风寒/n！/wt
每次/r叫/vi你们/rr来/vf都/d是/vshi偶遇/v风寒/n，/wd哪/ry有/vyou这样/rzv厉害/a的/ude1风寒/n，/wd昏/tg过去/t这么/rz久/ng。/wj
说/v，/wd说实话/vl！/wt
别/d那么/c吞吞吐吐/vl的/ude1，/wd皇上/n得/v的/ude1是/vshi什么/ry病/n？/ww
御医/n：/wp皇上/n…/ws
…/ws
双目/n晦暗/z，/wd印堂/n发/v紫/a，/wd怕/v是/vshi…/ws
阳气/n过/uguo税/n伤/v了/ule元气/n。/wj
我/rr看/v皇上/n是/vshi不能/v再/d有/vyou房/n事/n了/y，/wd至少/d需/v颐养/v半/m年/qt。/wj
武则天/nr愤怒/a地/ude2通/v视/vg着/uzhe躲/v在/p屋/n角儿/n抽泣/vi的/ude1魏国/nr夫人/n，/wd目光/n寒冷/an，/wd如/v剑/n出/vf鞘/n。/wj
魏国/nr夫人/n躲避/v着/uzhe武则天/nr的/ude1眼睛/n。/wj
武则天/nr：/wp你/rr再/d说/v一/m遍/qv，/wd御医/n。/wj
大声/d说/v！/wt
御医/n：/wp皇上/n双目/n晦暗/z，/wd印堂/n发/v紫/a，/wd这/rzv是/vshi典型/a的/ude1阳气/n耗损/v，/wd伤/v了/ule元气/n！/wt
武则天/nr的/ude1眼睛/n始终/d没有/d离开/v魏国/nr夫人/n。/wj
众/ag皇子/n鱼/n贯/vg而/cc入/v，/wd太平/ns在/p最后/f，/wd相继/d跪倒/vi在/p床/n前/f。/wj
李/nr1治/v略微/d睁/v开/v眼睛/n，/wd倒/d过头/a，/wd眼中/s一/m片/q模糊/a，/wd只/d依稀/d辨/vg得/ude3人形/n。/wj
李治/nr：/wp（/wkz银/b喀/b）/wky弘/nr1，/wd弘/nr1，/wd…/ws
…/ws
弘/nr1：/wp儿臣/nr在/v！/wt
说/v完/vi向前/vi跪/v了/ule半/m步/qv。/wj
李治用/nr手/n轻/ad抚/vg着/uzhe弘/nr1的/ude1面庞/n。/wj
李治/nr：/wp（/wkz虚弱/a）/wky弘/nr1，/wd你/rr长大/vi了/y，/wd真/a的/ude1长大/vi了/y…/ws
你/rr现在/t是/vshi太子/n，/wd做/v事/n要/v有/vyou原则/n，/wd但/c还/d要/v懂/v策略/n，/wd这/rzv才/d是/vshi帝王/n之/uzhi道/n。/wj
我/rr悟/vg了/ule一辈子/mq，/wd道理/n虽/c懂/v了/ule但/c还是/d不/d能/v完全/ad做到/v，/wd现在/t轮/ng到/v你/rr了/y，/wd这/rzv李/nr1家/n的/ude1宏/nz基/ng伟业/n怕/v是/vshi就/d要/v落/v到/v你/rr的/ude1身上/s，/wd你/rr要/v好/a自/p为/v之/uzhi，/wd别/d愧对/v了/ule我/rr的/ude1指望/n！/wt
李/nr1治/v微弱/a的/ude1声音/n清晰/a地/ude2撞击/v着/uzhe每个/r人/n的/ude1耳膜/n。/wj
旁白/n贺兰/ns的/ude1美丽/a是/vshi我们/rr全家/n的/ude1敌人/n。/wj
母亲/n常/d说/v：/wp一个/mq女人/n，/wd如果/c生/v得/ude3美若天仙/al，/wd就/d要/v时刻/d准备/v为/p此/rzs付出/v代价/n。/wj
它/rr可以/v成为/v你/rr的/ude1财富/n，/wd但/c同时/c也/d可以/v成为/v一切/rz灾祸/n的/ude1源泉/n。/wj
一个/mq女人/n的/ude1天生丽质/nl从/p一/m生/v下来/vf就/d已经/d离/v她/rr远/ad去/vf，/wd被/pbei上苍/n判/v给/v了/ule男人/n。/wj
现在/t想来/v，/wd贺兰/ns那天/r软弱/a的/ude1哭声/n似乎/d已经/d提前/vd为/v她/rr多/a灾/n的/ude1命运/n敲响/v了/ule丧钟/n！/wt
大明/nz宫/ng词/n第六/m章/q旁白/n:/wp我/rr父亲/n生命/n真正/b意义/n上/f的/ude1衰竭/vi始/vg自/p那/rzv年/qt在/p魏国/nr夫人/n寝/vg宫/ng的/ude1台阶/n上/f黯淡/a地/ude2摔倒/v。/wj
在/p以后/f的/ude1漫长/a时日/n里/f，/wd他/rr的/ude1心情/n一/d如/v他/rr脸上/s的/ude1神色/n，/wd阴沉/a晦暗/z得/ude3仿佛/d一/m件/q被/pbei锈迹/n啃/v噬/vg的/ude1前朝/t铁器/n，/wd麻木/a沉默/a地/ude2应付/v着/uzhe眼前/s流逝/vi的/ude1时光/n。/wj
这/rzv大概/d也/d算是/v一/m种/q毅力/n吧/y！/wt
恰恰相反/c，/wd母亲/n则/d像/v一/m位/q精干/a的/ude1主妇/n，/wd在/p朝堂/nr2和/cc后宫/n释放/v着/uzhe她/rr永不/d衰竭/vi的/ude1饱满/a热情/an。/wj
哥哥/n们/k仍/d在/p持续/vi着/uzhe他们/rr例行/v的/ude1聚会/vn，/wd他们/rr作为/p男人/n的/ude1成熟/a在/p我/rr看来/v似乎/d仅仅/d表现/v于/p写/v在/p他们/rr骄傲/a面容/n上/f的/ude1、/wn日益/d明显/a的/ude1针对/p母亲/n的/ude1抗拒/vn。/wj
我/rr则/d悄悄/d长大/vi，/wd迅速/ad得/v犹如/v父亲/n衰老/a的/ude1速度/n。/wj
１．/m李/nr1治/v它/rr由/p天/qt内/f最/d紧/d闭/v的/ude1窗帘/n将/d这/rzv间/q寝室/n遮掩/v得/ude3幽暗/a阴/a潮/n，/wd床/n上/f的/ude1李治/nr由于/p多/m日/qt未/d见/v阳光/n，/wd面目/n似乎/d有些/rz臃肿/a，/wd浮/v着/uzhe一/m脸/q病态/n的/ude1苍白/a。/wj
他/rr仔细/a地/ude2看/v着/uzhe太监/n将/d滚烫/z的/ude1药/n在/p两/m只/q碗/n里/f翻/v来/vf倒/vi去/vf，/wd似乎/d不/d愿/v漏掉/v每/rz一个/mq细节/n。/wj
李治/nr：/wp把/pba窗帘/n打开/v吧/y！/wt
太监/n：/wp是/vshi！/wt
武则天/nr：/wp（/wkz对/p着/uzhe王/nr1皇后/n嚷/v叫/vi）/wky你/rr胡说/v，/wd你/rr不/d可能/v看见/v！/wt
不/d可能/v知道/v！/wt
王/nr1皇后/n：/wp我/rr没/d看见/v，/wd但/c神灵/n看见/v了/y，/wd神灵/n永远/d明/ag鉴/ng，/wd他/rr永远/d会/v提醒/v你/rr，/wd是/vshi你/rr亲手/d杀死/v了/ule自己/rr的/ude1女儿/n！/wt
武则天/nr：/wp（/wkz用/p双手/n捂住/v耳朵/n大/a叫/vi）/wky圣上/n，/wd我/rr没有/d杀死/v我/rr自己/rr的/ude1女儿/n！/wt
我/rr没有/d杀死/v她/rr，/wd我/rr没有/v，/wd我/rr没有/v！/wt
武则天/nr：/wp（/wkz被/pbei噩梦/n惊醒/v，/wd她/rr嗫/n嚅/x着/vi）/wky我/rr没有/v…/ws
…/ws
我/rr没有/v…/ws
…/ws
最终/d，/wd她/rr睁/v开/v眼睛/n，/wd环视/v着/uzhe在/p周围/f肃立/vi的/ude1表情/n呆滞/a的/ude1太监/n们/k，/wd逐渐/d恢复/v了/ule往日/t的/ude1端庄/a和/cc威仪/n。/wj
她/rr坐/v起身/vi。/wj
武/nr1则/d天/qt我/rr睡/v了/ule多久/ryt？/ww
太监/n没/v多会儿/t。/wj
武则天/nr没/v多会儿/t是/vshi多会儿/t呀/y？/ww
睡/v个/q觉/ng都/d不/d安生/a，/wd我/rr好像/v做/v了/ule噩梦/n吧/y？/ww
太监/n噩梦/n伤/v身/ng，/wd您/rr可/v得/ude3注意/v着/uzhe点儿/n！/wt
武则天/nr：/wp这么/rz说/v你/rr知道/v我/rr做/v了/ule个/q噩梦/n，/wd你/rr听见/v什么/ry啦/y？/ww
太监/n我/rr什么/ry也/d没/d听见/v！/wt
武则天/nr：/wp（/wkz板/n起/vf面孔/n）/wky说谎/vi，/wd什么/ry没/d听见/v，/wd怎么/ryv知道/v我/rr做/v了/ule个/q噩梦/n？/ww
太监/n：/wp（/wkz把头/n俯/vg得/ude3更/d低/a了/y）/wky奴才/n不知/v，/wd是/vshi皇后/n自己/rr说/v的/ude1。/wj
武则天/nr：/wp没/d听见/v，/wd那/rzv就是/d看见/v了/y，/wd那/rzv更/d有意思/al了/y。/wj
太监/n：/wp奴才/n只/d看见/v皇后/n在/p床/n上/f辗转/vd反/vi侧/v…/ws
，/wd武则天/nr：/wp这么/rz说/v，/wd你/rr是/vshi真/a的/ude1什么/ry也/d没/d听见/v？/ww
太监/n：/wp奴才/n是/vshi真/a的/ude1什么/ry也/d没/d听见/v。/wj
武则天/nr走/v到/v窗/ng前/f，/wd两/m个/q太监/n赶紧/d诚惶诚恐/dl地/ude2走/v过来/vf扶/v她/rr。/wj
她/rr看/v着/uzhe窗外/s烟雨/n迷蒙/a的/ude1天空/n。/wj
武则天/nr：/wp（/wkz嘟/o吹/v）/wky没/d听见/v，/wd要/v你们/rr的/ude1耳朵/n有/vyou什么/ry用/v，/wd都/d下/f去/vf吧/y。/wj
望/v着/uzhe太监/n们/k战战兢兢/dl离去/vi的/ude1背影/n，/wd武则天/nr表情/n若有所思/vl。/wj
武则天/nr：/wp慢/a着/uzhe…/ws
…/ws
众/ag太监/n一起/s打/v了/ule个/q寒战/n，/wd转/v过/uguo身/ng。/wj
武则天/nr：/wp你们/rr这/rzv群/q人/n还是/c阳气/n太/d重/a，/wd呆/v头/n呆/v脑/n的/ude1站/n在/p那儿/rzs伤/v我/rr的/ude1胎气/n，/wd今/tg几/m个/q就/d都/d走/v吧/y，/wd全/d当/v放假/vi，/wd从/p今儿/t起/f，/wd后宫/n只/d留/v女/b官/n，/wd我/rr身边/s，/wd不/d需要/v男人/n伺候/v！/wt
6．/m后宫/n长廊/n白天/t外景/n两侧/f的/ude1走廊/n上/f各自/rr行进/vi着/uzhe一个/mq奇异/a的/ude1队伍/n。/wj
一/m侧/q是/vshi老少/n混杂/vn，/wd高矮/n不一/vi的/ude1太监/n们/k，/wd另/rz一/m侧/q是/vshi服饰/n艳丽/a，/wd悄然无声/vl的/ude1宫女/n，/wd他们/rr时不时/d互相/d遥望/v，/wd太监/n们/k廷/ng悄悄/d地/ude2开/v着/uzhe不/d咸/a不/d淡/a的/ude1玩笑/n。/wj
７./m后宫/n长廊/n白天/t外景/n李/nr1治/v面色/n疑惑/v地/ude2望/v着/uzhe眼前/s默默/d行进/vi着/uzhe的/ude1队伍/n。/wj
他/rr的/ude1目光/n久久/d停留/vi在/p宫女/n队伍/n中/f一/m位/q面目/n清秀/a，/wd然而/c大腹便便/vl的/ude1宫女/n身上/s。/wj
