贤/ng：/wp还/d是/vshi父亲/n一/m语/ng中/f的/ude1，/wd所以/c儿/ng将/p此/rzs像/v个/q名为/v“/wyz国/n母/ng像/v”/wyy。/wj
儿臣/nr心目/n中/f的/ude1大唐/nz之/uzhi母/ng既/c有/vyou母亲/n之/uzhi明眸皓齿/al，/wd表情/n却/d如/v佛祖/n永远/d豁达/a深沉/a；/wf既/c有/vyou母亲/n的/ude1干练/a果断/a，/wd心情/n却/d如/v佛祖/n静/ad如/v止/v水/n。/wj
儿/ng以此/d像/v献/v予/vg母亲/n，/wd祝/v母/ng后/f能/v观/vg如其/c形/ng，/wd青春/n常驻/v；/wf实/a如其/c质/ng，/wd雍容/z高贵/a；/wf思/v如其/c神/n，/wd淡泊/v清/a宁/ag。/wj
从而/c寿比南山/vl，/wd福/n及/cc四海/n！/wt
李治/nr：/wp真是/v知母/n莫过于/vl子/ng，/wd贤儿/nr2这/rzv是/vshi礼/n重/a人意/n更/d重/a！/wt
一/m番/qv祝福/vn说/v得/ude3我/rr都/d有/vyou点/qt忌妒/v你/rr母亲/n了/y！/wt
武则天/nr：/wp多谢/v二/m皇子/n，/wd做/v母亲/n的/ude1能/v得到/v这样/rzv一/m份/q礼物/n，/wd真/d可以/v心满意足/vl了/y。/wj
贤/ng退/v至/p旁/f席/qt，/wd坐下/vi。/wj
李治/nr好像/v兴致/n大/d增/v。/wj
李治/nr：/wp（/wkz大声/n地/n）/wky显/v儿/ng，/wd该/v你/rr了/y，/wd你/rr带/v的/ude1是/vshi什么/ry礼物/n啊/y？/ww
贤/ng：/wp精心/ad设计/v的/ude1礼物/n和/cc意气风发/vl的/ude1陈述/vn分/qt显/v有点/d自/p惭/ag形/ng秽/n，/wd他/rr开始/v对/p自己/rr有些/rz不/d自信/a。/wj
显/v：/wp我/rr…/ws
我/rr带/v的/ude1是/vshi…/ws
…/ws
其实/d也/d没什么/vl！/wt
李治/nr：/wp怎么/ryv，/wd你/rr忘/v带/v礼物/n了/y？/ww
显/v：/wp没有/v，/wd只是/c我/rr的/ude1礼物/n…/ws
…/ws
没/v那么/rz大/a，/wd也/d没/v那么/rz贵重/a…/ws
…/ws
武则天/nr：/wp礼物/n不/d在/p大小/n，/wd更/d不/d在/p贵贱/n，/wd关键/n在于/v你/rr是否/v独具匠心/vl，/wd是否/v巧妙/a。/wj
显/v：/wp我/rr…/ws
…/ws
也/d没/v那么/rz巧妙/a。/wj
显/v的/ude1声音/n越来越/d低/a，/wd似乎/d是/vshi在/p说/v给/p自己/rr听/v。/wj
武则天/nr：/wp没关系/vl，/wd显/v儿/ng，/wd拿/v出/vf来/vf看看/v，/wd没有/v人/n会/v笑话/n你/rr！/wt
于是/cc显/v怯/a手/n怯/a脚/n地/ude2走/v到/v案/ng前/f，/wd手里/s提/v着/uzhe个/q木盒/n。/wj
见/v此/rzs盒/q木质/n为/p阿/b迹/ng卢/b，/wd选材/n自/p天竺/ns国/n，/wd沉香/n则/c由/p此/rzs提炼/v而/cc出/vf，/wd香气/n蓬勃/a，/wd清/a神/n醒/v脑/n（/wkz显/v打开/v大/a盒子/n，/wd拿/v出/vf一/m中号/b盒子/n）/wky…/ws
…/ws
这/rzv盒子/n木质/n紫藤/n，/wd取/v自/p婆罗/nr门/n，/wd香/n质/ng似/vg酒/n，/wd欲/d盖/v弥/ag彰/ag，/wd能/v驱邪/vi避/v恶/a（/wkz显/v又/d从/p紫藤/n盒/ng中/f拿/v出/vf一/m小号/n盒子/n）/wky…/ws
…/ws
这/rzv盒子/n由/p橄榄/n木/ng打/v制/k，/wd由/p南/b昭/ag传入/v。/wj
榄/n香/n似/vg剑/n，/wd劲/ag足/ng势/ng猛/a，/wd有/vyou诗/n云/n：/wp红露/nr想/v倾/vi延/vg命/n酒/n，/wd素/ag烟/n思/v蒸/v降/v真/d香/a。/wj
显/v又/d打开/v小/a盒子/n…/ws
…/ws
武则天/nr与/p李/nr1治/v对视/vi，/wd不约而同/dl地/ude2笑/v了/y，/wd一/m脸/q无奈/an，/wd显/v取出/v一/m精致/a小/a瓶/n，/wd状/ng如/v鹿/n颈/ng，/wd玲珑/a小巧/a。/wj
李治/nr：/wp你/rr手里/s拿/v的/ude1是/vshi个/q什么/ry东西/n？/ww
显/v：/wp这/rzv就是/v儿/k送给/v母亲/n的/ude1礼物/n，/wd此/rzs香/n呈/v液状/n，/wd称/v“/wyz梦天骄/nr”/wyy。/wj
由/p生长/v于/p娄兰/nr沙漠/n的/ude1状/ng如云/z母/ng的/ude1仙人掌/n及/cc吐/v著/vg雪/n山巅/n色/ng若/v冰雪/n的/ude1莹/nr1莲/ng，/wd精心/ad混/v制/v而/cc成/v。/wj
此/rzs香/n不仅/c气味/n奇/ag美/ng且/c有/vyou异/ag功/n，/wd除/p综合/v了/ule前述/b诸/rz香/n之/uzhi功/n用/p外/f，/wd还/d可/v当/p补品/n，/wd滋/vg神/n醒/v脑/n，/wd活/v血/n舒/ag经/ng。/wj
儿/ng看/v母亲/n最近/t政务/n繁忙/an，/wd日理万机/vl，/wd身心/n皆/d需/v滋养/v，/wd所以/c贡献/n此/rzs香/n。/wj
母亲/n疲惫/a时/ng闻/v此/rzs香/n，/wd则/d劳顿/a全/d无/v；/wf困倦/an时/ng闻/v此/rzs香/n，/wd则/c如/v长/a梦方醒/nr，/wd耳聪目明/vl…/ws
…/ws
武则天/nr：/wp看来/v显/v最/d现实/a，/wd早已/d看透/v了/ule我/rr的/ude1奔波/vn命/n，/wd连/v解乏/an药都/n选/v好/a了/y…/ws
，/wd拿/v来/vf我/rr闻/v闻/v！/wt
武/nr1则/d天/qt拧/v开/v盖子/n，/wd将/p瓶子/n捧/v到/v阜/n关/nr1处/n。/wj
显/v似乎/d又/d想起/v了/ule太平/a的/ude1一/m幕/q，/wd手足无措/al地/ude2伸长/v脖子/n，/wd观察/v母亲/n的/ude1表情/n。/wj
武则天/nr深/d吸/v一/m口/q，/wd闭/v上/vf眼睛/n，/wd然后/c缓缓/d的/ude1吐/v了/ule一/m口/q气/n。/wj
武/nr1则/d无/v果然/d好/a香/n！/wt
真/d是/vshi人/n精/a一道/d，/wd我/rr看/v显/v地/n现在/t可以/v当/p半/m个/q炼/v秀/ag士/ng了/y！/wt
谢谢/v你/rr，/wd显/v！/wt
显/v如释重负/vl，/wd退/v到/v座位/n上/f拭/vg着/uzhe满/a头/n大/d开/v。/wj
李治/nr：/wp太平/ns、/wn弘/nr1和/cc旦/ng怎么/ryv还/d没/v来/vf？/ww
立/v在/p一侧/f的/ude1太监/n俯/vg耳/n，/wd轻声/vd说/v：/wp其实/d四/m皇子/n第一/m个/q就/d来/vf了/y，/wd只/d是/vshi二/m圣/ng没/d看见/v。/wj
李治/nr：/wp（/wkz左/f右/f寻/v视/vg）/wky懊/n？/ww
在/p哪儿/rys？/ww
太监/n随即/d示意/v李/nr1治/v和/cc武/nr1则/d天/qt里/f乐/an及/cc方向/n看/v，/wd旦/tg年/qt荒/ng坐/v在/p乐/a班/n的/ude1最后/f一/m排/q，/wd专注/vi而/cc投入/v地/ude2演奏/v，/wd此时/r合奏/vn渐/d弱/a，/wd转为/v旦/tg的/ude1独奏/vn，/wd曲调/n悠远/z华美/z。/wj
武则天/nr：/wp这/rzv是/vshi我们/rr并/cc州/n的/ude1民歌/n，/wd（/wkz彩云/n飞/vi）/wky…/ws
…/ws
好久/m没/d听见/v这/rzv旋律/n了/y，/wd恰似/v故乡/n的/ude1秋水/n长天/n，/wd古道/n西风/n…/ws
一/m曲/q古乐/n代表/n了/ule旦/ng的/ude1心境/n，/wd他/rr微微/d地/ude2张/v富/vg着/uzhe唇/ng，/wd陶醉/vi其中/rz。/wj
武则天/nr：/wp这/rzv孩子/n从小/d有心/v计/vi，/wd沉静/a安宁/an宛如/v一/m潭/n春水/n，/wd却/d总/d能/v猜/v到/v母亲/n的/ude1心思/n…/ws
几/m个/q太监/n扛/v着/uzhe个/q大/a箱子/n进入/v庭院/n。/wj
太监/n：/wp启/v禀/n二/m圣/ng，/wd这/rzv是/vshi太平/a公主/n谴/vg我们/rr送/v来/vf的/ude1贺礼/n！/wt
李治/nr：/wp这/rzv孩子/n怎么/ryv越/d大/a越/d不/d懂/v孝道/n！/wt
她/rr自己/rr怎么/ryv不/d来/vf？/ww
太监/n：/wp公主/n说/v这/rzv礼物/n非同寻常/vl。/wj
武则天/nr望/v了/ule望/v李/nr1治/v。/wj
武则天/nr：/wp这/rzv孩子/n，/wd不/d知道/v又/d在/p玩/v什么/ry花样/n！/wt
太监/n：/wp公主/n还/d说/v一定/d请/v皇后/n亲自/d开启/v箱/ng盖/v。/wj
武则天/nr离/v座/q走向/v箱子/n，/wd打开/v后/f就/d愣/dg愣/vi地/ude2说/v不/d出/vf话/n来/vf。/wj
从/p箱子/n里/f站/vi起来/vf太平/a，/wd望/v着/uzhe武/nr1则/d天/qt惊诧/a的/ude1表情/n，/wd甜蜜/a地/ude2笑/v着/uzhe，/wd她/rr转/v向/p李治/nr。/wj
太平/ns：/wp父/ng皇/ng我/rr把/pba我/rr自己/rr送/v来/vf了/y，/wd作为/v献给/v母亲/n的/ude1生日/n最/d昂贵/a的/ude1礼物/n。/wj
母亲/n给予/vx我/rr的/ude1最/d珍贵/a的/ude1礼物/n就是/v把/pba我/rr生/v到/v这/rzv世上/s来/vf，/wd而/cc我/rr能/v回报/v给/p母亲/n的/ude1是/vshi把/pba自己/rr交还/v给/p妈妈/n！/wt
8．/m通往/v驶/vg民/ng股/n的/ude1市/n道/qv白天/t外景/n弘/nr1疾/ag行/ng，/wd大义凛然/vl的/ude1样子/n，/wd满/a脸/n悲怆/a愤/vg意/ng，/wd丝毫/m不/d见/v祝贺/v生日/n的/ude1喜庆/vn。/wj
9．/m原/b风/n殿/ng庭院/n由/p天/qt外/f是/vshi弘/nr1已/d出现/v在/p门口/s。/wj
他/rr缓缓/d地/ude2走向/v父母/n，/wd强/ad压/v住/vi内心/n某种/rz强烈/a的/ude1情绪/n，/wd穿过/v两侧/f关注/v的/ude1目光/n。/wj
所有/b人/n都/d预感/v到/v将要/d出现/v的/ude1某种/rz不/d和谐/a，/wd气氛/n就/d紧张/a起来/vf，/wd甚至/d连/ulian音乐/n部/q停/vi了/ule下来/vf，/wd四月/t一/m片/q寂静/a。/wj
