阵痛/vn愈演愈烈/vl，/wd她/rr忍不住/v大/a叫/vi起来/vf。/wj
武则天/nr：/wp御医/n，/wd快/a，/wd御医/n，/wd这/rzv回/qv可能/v真/d要/v生/v了/y！/wt
很快/d，/wd武/nr1则/d天/qt床/n前/f站/vi满/v了/ule呈/v扇形/n排/v开/v的/ude1御医/n。/wj
李治/nr站/vi在/p人群/n之外/f焦急/a地/ude2向/p内/f张望/v。/wj
武则天/nr痛苦/a的/ude1喊声/n不时/d地/ude2从/p里面/f传出/v，/wd终于/d一切/rz又/d归于/v平静/a，/wd御医/n们/k垂/v头/q丧气/a地/ude2站/vi在/p那里/rzs。/wj
李治/nr：/wp怎么/ryv了/y，/wd说话/vi呀/y，/wd生/v了/ule没有/v…/ws
…/ws
合欢/n：/wp弘/nr1，/wd弘/nr1，/wd你/rr怎么/ryv啦/y？/ww
一/m口/q鲜血/n如/v泉/ng一样/uyy喷涌/v而/cc出/vf，/wd弘/nr1粹/ng然/rz倒/vi地/n。/wj
这时/rzt，/wd正值/v太平/ns来到/v门外/s，/wd手里/s握/v着/uzhe那/rzv半/m把/pba梳子/n，/wd惊异/v地/ude2目睹/v了/ule这里/rzs发生/v的/ude1一切/rz！/wt
太平/ns尖叫/vi着/uzhe，/wd回身/vi跑/v去/vf。/wj
她/rr凄厉/a的/ude1声音/n穿透/v了/ule后宫/n的/ude1寂静/a。/wj
太平/ns：/wp来人/n呀/y！/wt
快/a来/vf救/v人/n呀/y！/wt
弘/nr1哥哥/n死/v了/y…/ws
旁白/n:/wp弘/nr1的/ude1猝死/vi始终/d是/vshi宫里/nr的/ude1一个/mq谜/n，/wd很多/m人/n说/v是/vshi母亲/n害/v死/a的/ude1，/wd就/d像/v你/rr听/v到/v的/ude1那样/rzv，/wd然而/c我/rr却/d不/d相信/v，/wd而且/c永远/d也/d不/d会/v相信/v。/wj
但/c死亡/vi，/wd寒冷/a的/ude1死亡/vn，/wd却/d以/p弘/nr1为/p形式/n第一/m次/qv真切/a地/ude2闯入/v我/rr的/ude1视野/n。/wj
大明/nz宫/ng从此/d再/d也/d不/d是/vshi我/rr所/usuo认识/v的/ude1那/rzv片/q无/v牵挂/v的/ude1乐土/n，/wd它/rr由于/p弘/nr1的/ude1灵魂/n而/cc开始/v变/v得/ude3如/v迷宫/n一般/a含义/n深刻/a，/wd只/d有/vyou一/m条/q路/n可以/v通向/v生存/vi。/wj
大明/nz宫/ng词/n第七/m集/q黑暗/a中/f只有/c细雨/n伴随/v着/uzhe一个/mq凄/ag郁/ag、/wn舒缓/z的/ude1声音/n念诵/v祭文/n。/wj
画外音/n永/d徽/ng三/m年/qt，/wd高宗/nr皇帝/n登基/vi伊始/vi，/wd万象更新/vl、/wn百废待兴/vl。/wj
恰当/a其时/r又/d喜/v得/ude3贵/a子/ng，/wd道/qv取名/v弘/nr1，/wd以/p喻/vg大唐/nz之/uzhi前程/n弘/nr1远/a。/wj
太庙/n中/f高/a宗/q大帝/n面对/v列祖/nrf列/v宗/q信誓旦旦/vl，/wd誓/vg以/p呵护/v婴儿/n之/uzhi精细/a打/v理/v社稷/n。/wj
二十/m年/qt寒暑/n春秋/t，/wd似/vg水/n流/v年/qt，/wd如今/t国/n业/k终/d如/v所/usuo愿/v，/wd蒸蒸日上/vl，/wd国力/n充足/a富强/an，/wd如/v婴儿/n长成/v精壮/a少年/n。/wj
然/rz人有旦夕祸福/nl，/wd命运/n无常/a，/wd当年/t之/uzhi婴儿/n却/d不幸/a英/b华/b早逝/v，/wd撒手/vi人/n表/n，/wd于/p国事/n人气/n欣欣向荣/vl之际/f。/wj
追/v怀/v往事/n，/wd感念/v斯/Rg言/ng，/wd悲泣/v嚏/n咽/ng，/wd难以/d自持/vi。/wj
1/m宫中/s南/b道/n夜晚/t外景/n（/wkz伴随/v着/uzhe祭文/n的/ude1画外音/n）/wky合欢/n身着/v孝服/n，/wd秀发/n披散/v。/wj
本来/d生动/a的/ude1脸颊/n由于/c极度/d悲伤/a而/cc失去/v了/ule颜色/n和/cc内容/n，/wd只/d一/m双/q眼/n依然/d炯炯有神/vl。/wj
他/rr走/v得/ude3沉稳/a庄重/a，/wd全然/d不顾/v时/ng缓/vi时/ng急/a的/ude1雨水/n打击/vn。/wj
2．/m议事/vi殿/ng夜晚/t内景/n李/nr1治/v、/wn武则天/nr及/cc几/m位/q老/a臣/ng正/d聆听/v祭文/n。/wj
李/nr1治/v痛不欲生/vl，/wd双手/n掩/v面/n，/wd泪水/n纵横/v，/wd佝偻/v着/uzhe身体/n不住/d地/ude2摇头/vi叹气/vi。/wj
武/nr1则/d天/qt面容/n肃穆/a，/wd与/p沉浸/vi在/p悲哀/an和/cc无奈/an中/f的/ude1众人/n相比/vi，/wd倒/d展/vg得/ude3相对/d平静/a。/wj
画外音/n：/wp当/p大地/n备/d降/v甘露/n，/wd举/v国/n欢庆/v丰收/vi；/wf当/p战祸/n远去/v数/m载/qt，/wd百姓/n共享/v和平/n，/wd是/vshi什么/ry像/v阴霾/n的/ude1天色/n笼罩/v千万/m人/n的/ude1心情/n？/ww
是/vshi什么样/ryv的/ude1哀愁/a个/q普/ag天下/n沉浸/vi于/p悲痛/a？/ww
呜呼/e，/wd皇太子/n弘/nr1，/wd英年早逝/vl，/wd虽/c宏图/n未/d展/ng，/wd却/d一/d应/v上苍/n召唤/vn，/wd追随/v永/d逝/vg流星/n。/wj
皇太子/n弘/nr1，/wd处理/v政务/n，/wd勤勉/ad不/d辍/vg，/wd通宵达旦/dl，/wd日以继夜/dl。/wj
常/d日出/vi而/cc眠/vg，/wd浅/a梦/n未/d稳/a，/wd又/d要/v为/p国/n操劳/v，/wd目/ng累/a月/n积/v，/wd内忧/n外/f困/vi，/wd终/d积劳成疾/vl…/ws
…/ws
武则天/nr：/wp（/wkz打断/v）/wky停/vi！/wt
这/rzv句/q不好/a，/wd拿/v掉/v它/rr…/ws
…/ws
李治和/nr大臣/n们/k皆/d不可思议/al地/ude2盯/v着/uzhe武则天/nr，/wd目光/n中/f甚至/d有/vyou一/m丝/q愤怒/a。/wj
武则天/nr：/wp…/ws
…/ws
改/v做/v：/wp太子/n虽/c身患/v恶疾/n，/wd依然/d鞠躬尽瘁/vl，/wd勤勉/ad不/d辍/vg。/wj
繁星/n有/vyou知/v，/wd夜/tg夜/tg陪伴/v其/rz孤/ng灯/n只/d影/ng；/wf晓/vg日/ng无情/a，/wd朝/tg朝/tg打断/v其/rz未/d酣/ag晨/tg梦/n。/wj
其/rz打/v理国政/nr之/uzhi诚心/n挚/ag意/ng，/wd情/n深意/n切/v，/wd当/p感动/v天地/n；/wf如/v苍天/n有/vyou眼/n，/wd实/ad应/v补/v其/rz早逝/v康健/nz，/wd偿/vg其/rz未/d尽/vi长眠/vi。/wj
李治重/nr又/d低头/vi，/wd哭/v得/ude3更/d伤心/a。/wj
武则天/nr：/wp加上/v了/ule吗/y？/ww
继续/v…/ws
…/ws
画外音/n：/wp太子/n一生/n勤俭/a，/wd并/cc以/p身/ng示/vg则/d。/wj
常/d洞开/v府/ng仓/ng，/wd救济/n贫穷/an。/wj
太子/n坚信/v，/wd仁义/n为/v治国/vi之/uzhi本/n，/wd良善/a为/v做人/vi守则/n。/wj
其/rz随身/d之/uzhi物/ng，/wd惟/d一/m卷/q（/wkz尚书/nr）/wky，/wd自/p弱/a冠/ng之/uzhi年/qt立/v太子/n，/wd终/vg目/ng相伴/vi，/wd须臾/t不/d离/v，/wd直至/v最后/f时光/n，/wd如/v忠诚/a挚友/n，/wd默默/d相/d送/v。/wj
太子/n常/d与/p近臣/nr2谈及/v身为/v帝王/n，/wd应/v以/p（/wkz尚书/nr）/wky为/v鉴/ng，/wd每日/r研/v读/v，/wd当/p可/v省/n身/ng正/d己/rr，/wd感悟/v天理/n公/ng义/ng。/wj
当/p此/rzs人/n神/n共/d泣/vg之/uzhi时/ng，/wd人/n亡/vg而/cc书/n在/p，/wd页/q页/q如/v铭文/n丰碑/n，/wd见证/n逝/vg者/rz之德/nr2…/ws
…/ws
行/n…/ws
…/ws
昭/ag…/ws
…/ws
彰/ag。/wj
这时/rzt合欢/n从容/ad走/v入/v，/wd站/vi在/p门口/s，/wd脚下/f很快/d就/d积/v了/ule一/m摊/q雨水/n。/wj
议事/vi殿/ng里/f的/ude1视线/n都/d齐齐/nr2地/n投向/v他/rr。/wj
合欢/n的/ude1目光/n牢牢/d地/ude2抓住/v李治及/nr武则天/nr，/wd然后/c径直/d地/ude2走近/v。/wj
脸上/s大无畏/b的/ude1神情/n震慑/v了/ule所有/b人/n。/wj
卫士/n以/p手/n扶/v剑/n，/wd欲/d上前/vi阻止/v，/wd武则天/nr抬/v手/n止住/v。/wj
合欢/n走/v至/p近/a前/f，/wd跪下/vi。/wj
合欢/n：/wp弘/nr1临终/vi有/vyou一/m遗言/n托/v臣/ng禀报/v二/m圣/ng！/wt
武则天/nr：/wp你/rr是/vshi谁/ry？/ww
合欢/n：/wp弘/nr1的/ude1书童/n合欢/n！/wt
武则天/nr：/wp…/ws
…/ws
你/rr不/d知道/v这/rzv是/vshi朝/p堂/q圣地/n，/wd闲杂/b人/n等/udeng不/d可/v入/v内/f吗/y？/ww
李治/nr：/wp你/rr就/d是/vshi合欢/n？/ww
合欢/n勇敢/a地/ude2直视/v李/nr1治/v的/ude1眼睛/n，/wd大义凛然/vl。/wj
李治/nr：/wp太子/n走/v前/f说/v了/ule什么/ry？/ww
合欢/n：/wp太子/n说/v他/rr死/v得/ude3冤枉/a，/wd太子/n托/v我/rr问/v二/m圣/ng一个/mq问题/n，/wd为什么/ryv要/v他/rr死/v，/wd为什么/ryv？/ww
沉默/an。/wj
李治/nr：/wp太子/n死/v时/ng你/rr在/p他/rr身边/s？/ww
合欢/n：/wp只有/c合欢/n～/ws
人/n伴/v其/rz左右/m。/wj
李治/nr：/wp告诉/v我/rr…/ws
…/ws
当时/t的/ude1…/ws
情景/n！/wt
合欢/n：/wp太子/n的/ude1鲜血/n沾满/v了/ule前襟/n，/wd比/p狂风/n中/f即将/d凋/vg残/a的/ude1牡丹/n还要/v哀愁/an。/wj
太子/n的/ude1面孔/n无比/z苍白/a，/wd似乎/d世事/n的/ude1冷酷/an无常/d令/v他/rr内心/n失望/an而/cc彻底/a冰冷/z。/wj
太子/n的/ude1眼睛/n正视/v苍天/n，/wd好像/v有/vyou无穷/z的/ude1请问/v。/wj
悲凉/an与/cc冤情/n要/v诉诸/v神明/n，/wd太子/n的/ude1双手/n剧烈/a地/ude2抽搐/vi、/wn挣扎/vi，/wd把/pba我/rr的/ude1胳膊/n抓/v动/v条条/q淤血/n，/wd仿佛/d在/p抓住/v那/rzv能/v挽救/v生命/n的/ude1稻草/n，/wd又/d似乎/d要/v抓住/v暗中/d施/v暴/a的/ude1黑手/n…/ws
