我/rr终于/d开始/v领悟/v到/v我/rr的/ude1哥哥/n，/wd父亲/n，/wd包括/v我/rr的/ude1母亲/n那/rzv永远/d晦/ng疑/vg莫/d测/v的/ude1表情/n之后/f深刻/a的/ude1背景/n，/wd开始/v理解/v这/rzv让/v世人/n前仆后继/vl，/wd宁可/d舍去/v生命/n亲情/n也/d要/v夺取/v的/ude1绝对/a幸福/an。/wj
权力/n，/wd这/rzv是/vshi你/rr我/rr生命/n中/f的/ude1永恒/z主题/n，/wd是/vshi隐藏/v在/p你/rr高贵/a血统/n之中/f挥/v之/uzhi不/d去/vf的/ude1神/n的/ude1印记/n！/wt
太平/ns：/wp我/rr以/p我/rr上苍/n赋予/v的/ude1美丽/a祝福/vn你们/rr，/wd大唐/nz无畏/vi的/ude1将士/n，/wd我们/rr锦绣/b山河/n永远/d的/ude1守护神/n！/wt
台下/s中外/b来宾/n中/b突厥/n王子/n望/v着/uzhe太平/a的/ude1倩影/n，/wd一/m脸/q痴迷/vn。/wj
9．/m皇帝/n寝/vg宫/ng夜晚/t内景/n李/nr1治/v端坐/vi在/p屋/n正中/f的/ude1龙/n椅/ng上/f，/wd头/n压/v得/ude3很/d低/a，/wd似乎/d在/p打瞌睡/vi。/wj
身边/s一/m太监/n正/d为/v其/rz轻轻地/z摇/v着/uzhe扇子/n，/wd屋内/s出奇/a地/ude2静/a，/wd魏国/nr夫人/n推/v门/n而/cc入/v，/wd穿着/n不合时宜/dl的/ude1礼服/n，/wd站/vi在/p门/n甲/Mg望/v着/uzhe李治/nr，/wd满/a脸/n泪水/n，/wd李/nr1治/v听见/v声音/n，/wd抬头/vd判断/v。/wj
魏国/nr夫人/n走/v到/v李治/nr跟前/f，/wd跪/v下/f，/wd泪水/n不住/d地/ude2流/v。/wj
李治用/nr手/n抚/vg着/uzhe她/rr的/ude1面颊/n，/wd摸/v到/v她/rr的/ude1眼泪/n，/wd一言不发/vl。/wj
魏国/nr夫人/n：/wp皇上/n看见/v什么/ry啦/y？/ww
李治/nr：/wp（/wkz苦笑/n）/wky我/rr还/d能/v看见/v什么/ry，/wd我/rr什么/ry也/d看/v不/d见/v！/wt
魏国/nr夫人/n：/wp亏得/v皇上/n看/v不/d见/v，/wd否则/c见到/v我/rr这/rzv身/q打扮/n，/wd一定/b笑话/n我/rr。/wj
李治/nr：/wp怎么/ryv，/wd你/rr今天/t穿/v得/ude3很/d丑/a？/ww
魏国/nr夫人/n：/wp恰恰相反/c，/wd这/rzv是/vshi我/rr平生/n最/d美/a的/ude1一/m件/q衣服/n，/wd也/d是/vshi令/v我/rr备感/v羞辱/an的/ude1一/m件/q衣服/n。/wj
承蒙/v圣上/n的/ude1恩慈/nr2，/wd贺兰/ns伴/v着/uzhe孤/ag灯/n亲手/d设计/v缝制/v了/ule三/m天/qt三/m夜/qt，/wd就是/d为/v能/v在/p凯旋/vi大典/n上/f一展风采/vl，/wd以/p答谢/v圣上/n的/ude1器重/vn之/uzhi情/n…/ws
…/ws
李治/nr：/wp我/rr明白/v了/y，/wd这/rzv就是/v你/rr为什么/ryv这么/rz伤心/a，/wd哭/v得/ude3像/v个/q泪人/n儿/ng，/wd原来/d是/vshi怨/v我/rr在/p大典/n上/f忽视/v了/ule你/rr，/wd贺兰/ns，/wd你/rr的/ude1心意/n我/rr领/v了/y，/wd可/v你/rr想想/v，/wd大典/n上/f满/v朝/b文武/n，/wd再/d说/v我/rr这/rzv眼睛/n…/ws
…/ws
魏国/nr夫人/n：/wp（/wkz呜咽/vi）/wky皇上/n，/wd我/rr…/ws
…/ws
根本/n就/d没/d参加/v大典/n…/ws
…/ws
李治/nr：/wp…/ws
…/ws
怎么/ryv？/ww
为什么/ryv？/ww
是/vshi我/rr亲自/d让贤/vi准/a的/ude1你/rr呀/y！/wt
魏国/nr夫人/n：/wp可/v皇后/n又/d把/pba我/rr的/ude1名字/n删/v去/vf了/y！/wt
李治/nr：/wp（/wkz不悦/a地/n）/wky是/vshi吗/y？/ww
怎么/ryv会/v这样/rzv…/ws
魏国/nr夫人/n：/wp皇上/n，/wd我/rr今天/t来/f早已/d抱/v定/v了/ule将/d死/v的/ude1心愿/n，/wd作为/v一个/mq疼爱/v你/rr的/ude1女人/n，/wd我/rr尽管/c没有/v什么/ry名分/n，/wd但/c却/d有/vyou一些/mq非分/b的/ude1想法/n不得不/d说/v。/wj
请问/v皇上/n，/wd大唐/nz是/vshi谁/ry的/ude1天下/n？/ww
难道/d圣上/n的/ude1旨意/n就/d可以/v被/pbei她/rr这样/rzv随随便便/z地/ude2违抗/v，/wd篡改/v？/ww
难道/d神圣/a庄严/a的/ude1庆功/vn大典/n仅仅/d由于/p她/rr对于/p女儿/n的/ude1宠爱/v而/cc史无前例/bl地/ude2由/p公主/n主持/v？/ww
难道/d李/nr1治/v：/wp贺兰/ns，/wd你/rr说/v得/ude3太/d多/a了/y，/wd想/v要/v的/ude1东西/n也/d太/d多/a了/y，/wd一点儿/mq也/d不/d像/v你/rr的/ude1母亲/n。/wj
太平/ns毕竟/d是/vshi公主/n，/wd你/rr应该/v知道/v自己/rr的/ude1身份/n，/wd无论/c从/p哪/ry个/q角度/n讲/v，/wd你/rr都/d没/v法/n和/cc别人/rr争/v什么/ry。/wj
贺兰/ns：/wp我/rr倒/d觉得/v皇上/n您/rr不/d想/v要/v的/ude1东西/n太/d多/a了/y。/wj
太平/ns是/vshi公主/n，/wd毕竟/d是/vshi您/rr的/ude1女儿/n，/wd姨妈/n是/vshi皇后/n，/wd毕竟/d还/d是/vshi您/rr的/ude1妻子/n。/wj
可是/c现在/t，/wd您/rr的/ude1权力/n让/v别人/rr来/vf行使/v，/wd您/rr的/ude1光辉/n让/v别人/rr获得/v荣耀/an，/wd您/rr最/d钟爱/v的/ude1女人/n都/d无法/v得到/v和/cc她/rr的/ude1主子/n相/d匹/q的/ude1地位/n，/wd连/ulian个/q名分/n都/d没有/v…/ws
…/ws
我/rr当然/d不/d像/v我/rr的/ude1母亲/n，/wd因为/c母亲/n是/vshi这/rzv宫/ng里/f人事/n最/d悲哀/a的/ude1例子/n。/wj
魏国/nr夫人/n，/wd韩国/nsf夫人/n，/wd多/d可笑/a的/ude1名字/n，/wd连/ulian个/q昭仪/nr都/d不如/v。/wj
巍巍/z大唐/nz居然/d没有/v她们/rr的/ude1栖身/v之/uzhi地/n，/wd只能/v隐姓埋名/vl，/wd做/v一个/mq提心吊胆/vl、/wn偷情/vi鸳鸯/n一般/uyy的/ude1挂名/vi夫人/n。/wj
魏国/nr夫人/n，/wd难道/d这/rzv咒语/n一般/uyy的/ude1名/q号/n将/d注定/v使/v她/rr像/p她/rr可怜/v的/ude1母亲/n那样/rzv，/wd终身/n忍辱负重/vl、/wn委曲求全/vl地/ude2抑郁/a而/cc终/d吗/y？/ww
李治/nr：/wp贺兰/ns，/wd你/rr长大/vi了/y，/wd长大/vi有时/d是/vshi一/m件/q危险/a的/ude1事情/n。/wj
贺兰/ns：/wp就/d像/v弘/nr1那样/rzv，/wd大唐/nz赠予/v他/rr成人/n的/ude1厚礼/n是/vshi一/m腔/q喷涌/v而/cc出/vf的/ude1热血/n！/wt
李治/nr：/wp我/rr再/d说/v一/m遍/qv，/wd你/rr说/v得/ude3太/d多/a了/y…/ws
你/rr还/d记得/v我/rr给/p你/rr讲/v过/uguo关于/p鸟儿/n的/ude1道理/n吗/y？/ww
鸟儿/n如果/c安/v于/p自己/rr的/ude1命运/n，/wd安/v于/p它/rr主子/n的/ude1宠爱/v和/cc呵护/vn，/wd就/d会/v平稳/a、/wn优裕/a地/ude2度过/v一生/n。/wj
可/v一旦/c它/rr有/vyou猛禽/n的/ude1理想/n，/wd甚至/d想/v当/p凤凰/n，/wd那/rzv就/d如同/v死/v期/qv将/d至/v，/wd连/ulian它/rr的/ude1主人/n也/d无能为力/vl！/wt
10/m湖心/n岛/n白天/t外景/n风和日丽/vl，/wd湖心/n岛/n上/f，/wd聚集/v在/p一/m张/q丰盛/a的/ude1餐桌/n旁/f的/ude1一/m群/q盛装/n男女/n。/wj
酒意/n正酣/z。/wj
武则天/nr坐/v在/p桌/ng首/ng，/wd魏国/nr夫人/n坐/v在/p旁边/f。/wj
两侧/f依次/d坐/v着/uzhe推/v良/ag、/wn惟运/nr2及/cc诸位/rr武/ag氏/ng宗亲/n。/wj
欢声笑语/nl不对/a飘/v来/vf，/wd一派/b欢乐/a祥和/a的/ude1家宴/n情景/n。/wj
魏国/nr夫人/n：/wp（/wkz小声/v地/n）/wky你/rr看/v惟良/nr2和/cc谁/ry运/v现在/t那个/rz得意/a劲儿/n，/wd还/d不/d是/vshi依/v着/uzhe你/rr的/ude1势/ng，/wd原来/d他们/rr是/vshi什么/ry，/wd不/d就是/v个/q樵夫/n吗/y？/ww
大/a字/n不/d识/v，/wd现在/t可/v好/a了/y，/wd沾/v了/ule咱/rr家/n的/ude1光/n，/wd也/d成/v了/ule皇亲国戚/n了/y。/wj
成/v无价/vi逢/v人/n便/d吹/v，/wd说/v他/rr妈/n虽/c是/vshi武/nr1家小/n老婆/n，/wd却/d级/q文/ng贤惠/a，/wd从小/d还/d教/v你/rr读/v经/p识/v礼/n；/wf说/v你/rr有/vyou今天/t，/wd他/rr母亲/n功不可没/vl。/wj
最/d可/v气/n的/ude1是/vshi说/v我/rr当年/t如何/ryv刁/a蛮/a，/wd连/ulian饭/n都/d不/d给/p他们/rr吃/v饱/a，/wd他们/rr大/a字/n不/d识/v；/wf全/d是/vshi我/rr给/p耽误/v的/ude1，/wd你/rr说/v说/v，/wd他们/rr良心/n何在/vi？/ww
武则天/nr：/wp他们/rr说/v的/ude1倒/d是/vshi实话/n，/wd我/rr有/vyou今天/t，/wd也/d确实/ad多亏/v了/ule姨娘/n的/ude1一番/mq启蒙/vn。/wj
至于/p说/v你/rr不/d给/p他们/rr吃/v饱/a，/wd虽/c有/vyou些/q过分/a，/wd但/c你/rr确实/ad也/d常/d留/v着/uzhe藏/v着/uzhe，/wd生怕/v人/n抢/v了/ule似的/uyy。/wj
魏国/nr：/wp失火/vi哎/e，/wd你/rr这/rzv孩子/n，/wd我/rr留/v着/uzhe藏/v着/uzhe，/wd不/d都/d是/vshi省/n下来/vf喂/v你/rr吗/y！/wt
这/rzv妈/n还/d真/d没/v法子/n当/v了/y，/wd连/ulian自己/rr的/ude1女儿/n都/d怪罪/v！/wt
反正/d，/wd这/rzv俩/m小子/n没/d少/ad编/v瞎话/n，/wd说/v兄妹/n几/m个/q中/f他们/rr待/vi你/rr最/d好/a…/ws
