3．/m太平/ns南宫/ns夜晚/t内景/n太平/a在/p床/n上/f辗转/vd反/vi侧/f，/wd终于/d惊/v坐/v起来/vf。/wj
她/rr惊恐/a地/ude2环顾/v四周/f，/wd空无一人/al，/wd一/m片/q死/v寂/ag。/wj
她/rr意识/n到/p刚才/t仅仅/d是/vshi梦/n，/wd长/v舒/vg了/ule一/m口/q气/n，/wd继而/c真的/d伤心/a地/ude2抽泣/vi起来/vf。/wj
太平/ns突然/ad觉得/v手指/n间/f资/ng部/n的/ude1不/d是/vshi滋味/n，/wd她/rr抬/v起/vf手/n，/wd借/v着/uzhe月光/n观察/v着/uzhe…/ws
…/ws
太平/ns发出/v一/m声/qv惨烈/a的/ude1惊叫/vn，/wd她/rr看见/v自己/rr的/ude1手上/s鲜血/n斑斑/z，/wd身/ng下/f也/d已/d被/pbei血/n浸湿/v一/m片/q。/wj
5/m温泉/n在/p晚/tg外景/n／/w内景/n太平/a和/cc衣/ng浸/v在/p水中/s，/wd脸上/s头发/n都/d湿/a湿/a的/ude1，/wd哭/v得/ude3依然/d很/d伤心/a。/wj
太监/n：/wp哎哟/e公主/n，/wd您/rr快/a上/f来/vf吧/y，/wd泡/v了/ule快/a半/m个/q时辰/n了/y，/wd您/rr要/v着/vi了/ule病/n，/wd我/rr怎么/ryv向/p皇后/n交代/v呀/y！/wt
…/ws
…/ws
这时/rzt，/wd武则天/nr一行/n人/n疾/ag行/ng而/cc入/v。/wj
太监/n：/wp皇后/n，/wd您/rr看/v公主/n就是/d不/d出来/vf…/ws
…/ws
太平/a远远地/z看见/v母亲/n，/wd想/v躲/v，/wd情急/a之下/f把/pba头/n一/m猛/a子/ng扎/v进/vf水/n里/f。/wj
武则天/nr走/v到/v池/ng边/k，/wd望/v着/uzhe飘浮/v在/p水面/n上/f的/ude1太平/a乌黑/z的/ude1头发/n。/wj
武则天/nr：/wp太平/a，/wd是/vshi我/rr！/wt
我/rr是/vshi来/vf祝贺/v你/rr的/ude1，/wd你/rr长大/vi了/y，/wd是/vshi个/q姑娘/n啦/y，/wd这/rzv让/v妈妈/n真/a的/ude1很/d高兴/a…/ws
6．/m水下/s夜晚/t内景/n太平/a在/p水下/s努力/ad憋/v住/vi气/n，/wd任凭/v母亲/n喋喋不休/vl，/wd一串串/m气泡/n升起/v。/wj
武则天/nr：/wp（/wkz瓮/n声/qv瓮/n气/n的/ude1声音/n）/wky…/ws
每/rz～/ws
个/q女/b人/n都/d会/v有/vyou这/rzv第一/m次/qv，/wd妈妈/n也/d有/vyou过/uguo，/wd这/rzv又/d不/d是/vshi什么/ry难以启齿/vl的/ude1事/n，/wd有/vyou什么/ry恼/v羞/a的/ude1呀/y！/wt
7．/m温泉/n在/p晚/tg外景/n／/w内景/n太平/a终于/d憋/v不/d住/vi，/wd蹿/vi出/vf水面/n，/wd大/a口/n喘/v着/uzhe粗/a气/n，/wd水/n溅/v了/ule侧/ng坐/v在/p池/ng边/k的/ude1武/nr1则/d天/qt一/m脸/q一/m身/q。/wj
太平/ns望/v着/uzhe一/m脸/q慈祥/a笑意/n的/ude1母亲/n。/wj
太平/ns：/wp（/wkz喊/v）/wky你/rr也/d走/v，/wd我/rr再/d也/d不/d愿/v见/v你/rr了/y！/wt
都/d是/vshi因为/p你/rr，/wd说/v我/rr丑/ng，/wd还/d吓唬/v我/rr！/wt
武则天/nr：/wp我/rr什么/ry时候/n说/v过/uguo你/rr丑/a啊/y？/ww
你/rr是/vshi我/rr女儿/n，/wd我/rr怎么/ryv会/v…/ws
…/ws
太平/ns：/wp说/v了/ule说/v了/y，/wd就/p刚才/t说/v的/ude1，/wd在/p我/rr梦里/nr…/ws
…/ws
武则天/nr：/wp（/wkz饶有/v兴味/n）/wky那/rzv讲/v给/p我/rr听听/v！/wt
太平/ns：/wp你/rr说/v我/rr难看/a，/wd说/v我/rr满/v脸/n都/d是/vshi红/a疙瘩/n，/wd让/v你/rr失望/a。/wj
你/rr，/wd你/rr还要/d杀/v我/rr！/wt
…/ws
…/ws
武则天/nr的/ude1脸/n一下子/mq黯淡/a下去/vf，/wd笑容/n僵滞/v在/p脸上/s，/wd内心/n的/ude1疼痛/an再/d一/m次/qv复发/vi。/wj
太平/ns：/wp…/ws
…/ws
你/rr用/p手/n掐/v住/vi我/rr的/ude1脖子/n，/wd就/d这样/rzv…/ws
…/ws
然后/c一点/mq点儿/n用/p劲儿/n，/wd还/d说/v你/rr那样/rzv是/vshi为/p我/rr好/a，/wd因为/p爱我/nr2…/ws
…/ws
武则天/nr：/wp你/rr住嘴/v！/wt
住嘴/v！/wt
（/wkz武则天/nr竭力/d使/v自己/rr平静/a，/wd但/c语调/n依然/d微微/d颤抖/vi）/wky…/ws
你/rr…/ws
…/ws
真/d是/vshi越来越/d没/v规矩/n了/y，/wd哪/ry有/vyou这么/rz和/cc我/rr讲话/vi的/ude1！/wt
这/rzv就是/v你/rr第一/m天/qt长大/vi送给/v我/rr的/ude1礼物/n吗/y？/ww
太平/ns：/wp（/wkz委屈/a地/n）/wky我/rr说/v的/ude1是/vshi实话/n…/ws
…/ws
武则天/nr：/wp我们/rr都/d走/v！/wt
你/rr愿意/v待/vi在/p这儿/rzs，/wd就/d自己/rr留/v在/p这儿/rzs吧/y！/wt
我们/rr都/d走/v，/wd谁/ry也/d不管/c你/rr，/wd你/rr自己/rr也/d正好/z仔细/ad想想/v刚才/t说/v的/ude1话/n…/ws
武则天/nr愤怒/a地/ude2站/vi起/vf身/ng，/wd带/v着/uzhe内/f侍/vg们/k向/p外/f走/v去/vf。/wj
太平/a被/pbei母亲/n的/ude1盛怒/vi吓/v傻/a了/y，/wd呆/v呆/v地/ude2望/v着/uzhe母亲/n走/v远/a，/wd到/v了/ule月亮/n门口/s，/wd武/nr1则/d天/qt止步/vi。/wj
武则天/nr：/wp你/rr们/k留下/v几/m个/q人/n，/wd远远地/z看/v着/uzhe她/rr，/wd小心/ad别/vi出事/vi！/wt
武则天/nr的/ude1眼里/s居然/d有/vyou些/q模糊/a。/wj
8/m，/wd议事/vi殿/ng白天/t内景/n屋/n中/f上/vf首/m坐/v着/uzhe李治/nr、/wn武则天/nr，/wd两侧/f是/vshi李义甫/nr及/cc贤/ng。/wj
气氛/n沉闷/an，/wd三/m个/q人/n的/ude1国/n党/n都/d瞄准/v了/ule武则天/nr，/wd而/cc她/rr刚/d望/v着/uzhe窗外/s发呆/vi，/wd心/n事/n很/d重/a。/wj
李义甫/nr：/wp皇后/n…/ws
，/wd突厥/n王朝/n雄踞/v大唐/nz北部/f边/d睡/v，/wd滋/vg扰/v大唐/nz是/vshi有/vyou传统/n的/ude1，/wd从/p宋/nr1诚心/n归顺/v。/wj
突厥/n虽/c国力/n无法/v与/p大唐/nz相/d匹/q，/wd但/c游牧/vn民族/n来去/vi无/v踪/ng，/wd居/v无/v定/v所/q，/wd无/v牵/v无/v挂/v，/wd又/d精通/v游击/b战略/n。/wj
从/p太/d宗/vg时代/n起/vf就/d为/v我国/n边/k睡/v安/ag睦/ag的/ude1一/m大/a隐患/n，/wd每年/r都/d要/v耗费/v朝廷/n大量/m财力/n、/wn人力/n，/wd负担/n很/d重/a。/wj
自从/p裴行俭/nr将军/n大/a破/a突厥/n，/wd已/d历时/vi十四/m年/qt。/wj
如今/t突厥/n人/n早已/d换/v了/ule主子/n，/wd新/a可汗/n阿努/nrf卢术/nr为/p四/m皇子/n，/wd本/rz与/p王位/n无缘/vi，/wd但/c此人/r城府/n极/d深/d又/d能言善辩/vl，/wd先/d监/vg国/n后/f摄政/v最终/d占/v了/ule王/n位/q。/wj
自/p继位/v以来/f，/wd在/p国内/s大/d兴/v尚武/vi之/uzhi风/ng，/wd人人/n皆/d兵/n，/wd把/pba全国/n的/ude1牧马/n皆/d驯/v成/v了/ule战马/n，/wd且/c训练/v了/ule一/m支/q强悍/a的/ude1军队/n。/wj
其/rz野心/n和/cc实力/n不可/v小视/v。/wj
突厥/n人犯/n境/ng无非/d是/vshi贪图/v钱财/n。/wj
他们/rr对/p土地/n毫无/v兴趣/n。/wj
如今/t天赐良机/vl，/wd他/rr的/ude1二/m皇子/n看上/v了/ule公主/n的/ude1花/n容/ng月/n貌/ng，/wd这/rzv实在/d是/vshi大唐/nz与其/c修/v好/a的/ude1绝/d好/a时机/n。/wj
嫁/v了/ule公主/n再/d送/v一/m批/q贵重/a嫁妆/n，/wd换/v来/vf的/ude1会/n是/vshi至少/d五十/m年/qt的/ude1安定/a和平/n…/ws
武则天/nr：/wp行/vi了/y，/wd我/rr懂/v了/y！/wt
皇室/n之间/f联姻/vi以/p图/n安定/an，/wd这/rzv不/d是/vshi什么/ry了不得/a的/ude1策略/n，/wd先人/n树/n过/uguo不少/m成功/a典范/n，/wd只是/c突厥/n国/n穷山恶水/nl，/wd人/n多/m刁/a蛮/d生/v猛/a，/wd公主/n生性/n倔强/a，/wd怕/v是/vshi嫁/v过去/vf受/v委屈/an。/wj
贤/ng：/wp母亲/n，/wd我/rr与/p突厥/n王子/n堪称/v知己/n，/wd此人/r自幼/d长/a在/p长安/ns，/wd崇拜/v大唐/nz文化/n，/wd深/d识/v汉礼/nr2，/wd颇/d有/vyou教养/n。/wj
不仅/c长/v得/ude3英俊/a潇洒/a，/wd且/c文韬武略/nl，/wd写/v得/ude3一/m手/n好/a诗/n，/wd还/d练/v得/ude3一/m手/n好/a字/n。/wj
我/rr想/v公主/n嫁/v他/rr，/wd谈/v不/d上/vf什么/ry受/v委屈/v…/ws
武则天/nr：/wp（/wkz讽刺/v）/wky听/v太子/n这么/rz说/v倒/vi也/d轻松/a，/wd假如/c你/rr是/vshi女儿/n身/ng，/wd愿意/v嫁/v去/vf那么/rz遥远/a的/ude1地方/n吗/y？/ww
武则天/nr说/v得/ude3意味深长/vl。/wj
贤/ng：/wp母亲/n错/v了/y，/wd公主/n幸福/a与否/u，/wd也/d是/vshi做/v哥哥/n的/ude1惦念/v，/wd我/rr与/p太平/ns从小/d一同/d长大/vi，/wd情真意切/vl，/wd珍爱/v她/rr毫不/d逊/vg于/p珍爱/v我/rr这个/rz太子/n位/q。/wj
但/c我/rr同时/d珍爱/v大唐/nz江山/n，/wd自/rr会/v权/v利弊/n，/wd若/c有/vyou两全其美/vl的/ude1方法/n当然/d乐不可支/vl。/wj
