我/rr是/vshi赫赫有名/vl的/ude1欧阳/nr成都/ns大少爷/n，/wd我/rr父亲/n是/vshi欧阳/nr阁/ng，/wd正/d谏/vg大夫/n，/wd三/m品/ng从/p下/f，/wd你/rr要/v是/vshi跟/v了/ule我/rr，/wd保/v你/rr这/rzv辈子/qt荣华富贵/nl。/wj
我/rr就/d问/v他/rr，/wd你/rr怎么/ryv看/v出/vf我/rr是/vshi女/b的/ude1？/ww
他/rr说/v天下/n哪/ry有/vyou这么/rz秀气/a亮丽/a的/ude1男人/n…/ws
…/ws
你/rr怎么/ryv了/y，/wd怎么/ryv心神不定/al的/ude1？/ww
太平/ns望/v着/uzhe一个/mq空洞/a的/ude1方向/n出神/vi。/wj
韦氏/nrf吃/v完/vi馄饨/n。/wj
韦氏/nrf：/wp走/v吧/y！/wt
…/ws
…/ws
哎呀/e，/wd糟糕/a，/wd我/rr忘/v了/ule我们/rr没有/v钱/n！/wt
太平/ns：/wp…/ws
…/ws
我/rr的/ude1玉佩/n没有/v了/y，/wd拿/v你/rr的/ude1吧/y！/wt
韦氏/nrf：/wp那/rzv怎么/ryv行/vi，/wd这/rzv是/vshi显/v送给/v我/rr的/ude1礼物/n，/wd哪/ry能/v随便/ad就/d换/v了/ule馄饨/n吃/v！/wt
太平/ns：/wp那/rzv我们/rr就/d坐/v在/p这里/rzs，/wd等/udeng皇后/n来/vf接/v我们/rr。/wj
韦氏/nrf：/wp…/ws
…/ws
那/rzv好/a吧/y，/wd你/rr到/v时/ng帮/v我/rr跟/p显/v解释/v，/wd不/d是/vshi我/rr故意/d弄/v丢/v的/ude1！/wt
太平/ns：/wp放心/v，/wd我/rr会/v说/v的/ude1。/wj
韦氏/nrf：/wp（/wkz递/v过/uguo玉佩/n）/wky能/v不能/v…/ws
…/ws
用/p这个/rz换/v！/wt
摊主/n看/v着/uzhe玉佩/n，/wd顿时/d转/v怒/vg为/v喜/ng，/wd伸手/vi去/vf拿/v。/wj
摊主/n：/wp能/v，/wd能/v，/wd太/d能/v了/y！/wt
韦氏/nrf将/p手/n从/p半空/s抽/v回/qv。/wj
韦氏/nrf：/wp慢/a着/uzhe，/wd你/rr说/v说/v，/wd我/rr这/rzv玉佩/n能/v换/v多少/ry碗/q馄饨/n？/ww
摊主/n：/wp这儿/rzs馄饨/n都/d是/vshi您/rr的/ude1，/wd您/rr全都/d端/v走/v！/wt
这时/rzt远处/s高高/z地/ude2驰/vg来/vf一/m对/q人马/n，/wd一/d看/v就/d是/vshi宫/ng里/f人/n。/wj
人群/n纷纷/d躲避/v，/wd太平/a眼尖/a，/wd首先/d洞察/v。/wj
太平/ns：/wp那/rzv你/rr就/d招呼/v人/n来/vf吃/v馄饨/n，/wd有/vyou多少/ry碗/n就/d招呼/v多少/ry人/n，/wd我/rr请客/vi！/wt
韦/nr1氏/ng诧异/a地/ude2望/v着/uzhe太平/a。/wj
太平/ns：/wp快/a把/pba面具/n戴/v上/f，/wd低头/vi。/wj
摊主/n：/wp哎/e，/wd众/ag位/ng，/wd今儿/t你们/rr碰上/v贵人/n了/y，/wd请/v你们/rr来/vf我/rr这儿/rzs吃/v馄饨/n！/wt
有/vyou饿/a的/ude1就/d坐/v过/uguo来/f，/wd僧多粥少/vl啊/y！/wt
一时间/t馄饨/n摊/ng前/f大/d乱/a，/wd一会儿/mq就/d坐/v满/v了/ule人/n。/wj
太/d平和/a韦/nr1氏/ng紧张/a地/ude2低/v着/uzhe头/n，/wd对/p着/uzhe空/a碗/n做/v吃/v状/ng。/wj
宫/ng里/f来/vf的/ude1人马/n很快/d围住/v了/ule馄饨/n摊/ng儿/ng，/wd像/v是/vshi捉拿/v要犯/n。/wj
所有/b人/n都/d紧张/a地/ude2住/vi了/ule碗筷/n，/wd摊主/n更/d是/vshi吓/v得/ude3说/v不/d出/vf话/n来/f，/wd呆/v呆/v地/ude2看/v着/uzhe为首/vi的/ude1翻身/vi下马/vi，/wd冲/v太平/a她们/rr走/v来/vf。/wj
太平/ns看见/v来/vf人/n的/ude1脚/n出现/v在/p视野/n内/f，/wd知道/v大势已去/vl。/wj
来/vf人/n跑/v下/vf。/wj
卫士/n长/a：/wp奉/v旨/ng接/v太平/a公主/n回/v宫/ng！/wt
馄饨/n摊主/n闻讯/vi惊讶/an万分/d，/wd慌忙/ad跪下/vi。/wj
众/ag人/n一齐/d跪倒/vi在/p地/n。/wj
摊主/n：/wp（/wkz递回/v玉佩/n）/wky公主/n饶命/v…/ws
太平/ns没有/d接/v摊主/n手中/s的/ude1玉/n钩/n，/wd恼怒/v地/ude2摘/v下/vf面具/n，/wd拉/v着/uzhe韦氏/nrf在/p众人/n的/ude1注视/vn下/f走向/v迎候/v的/ude1马车/n。/wj
旁白/n:/wp我/rr的/ude1第一/m次/qv“/wyz胜利/vd逃亡/vi”/wyy就/d如此/rzv惨淡/z而/cc难为情/a地/ude2草草收场/vl。/wj
可/v那/rzv是/vshi我/rr一生/n中/f最/d重要/a的/ude1一/m次/qv旅行/vi，/wd它/rr使/v我/rr像/v一个/mq真正/b的/ude1女人/n那样/rzv拥有/v了/ule那种/r诱人/a的/ude1被/pbei称/v做/v藕/n断/v丝/q连/n的/ude1甜蜜/a心情/n。/wj
我/rr爱/v这/rzv座/q城市/n，/wd因为/c他/rr的/ude1存在/vn。/wj
我/rr望/v着/uzhe窗外/s长安城/ns的/ude1车水马龙/vl，/wd彻底/a地/ude2将/p灵魂/n交/ng与/p了/ule它/rr。/wj
太平/ns望/v着/uzhe车窗/n外/f的/ude1繁华/a夜景/n，/wd一/m语/ng不/d发/v。/wj
大明/nz宫/ng词/n第九/m集/q旁白/n:/wp你/rr现在/t长大/vi了/y，/wd应该/v明白/v为什么/ryv你/rr十四/m岁/qt那年/t偷偷/d溜/v出/vf太平/a府/ng，/wd去/vf东/f市/n回来/v后/f挨/v的/ude1那/rzv顿/qv痛/dg罚/v。/wj
我/rr第一/m次/qv偷/v跑/v出/vf宫/ng时/ng就/d不/d懂/v，/wd不/d就/d是/vshi进/vf一/m趟/qv城/n吗/y，/wd况且/c长安/ns还/d是/vshi我们/rr大唐/nz的/ude1都/d城/n。/wj
那儿/rzs理应/v如/v圣/ag人们/n所/usuo说/v的/ude1遍/qv街/n充斥/v着/uzhe敬慕/v热爱/v我们/rr的/ude1子民/nr2，/wd母亲/n何必/d要/v劳驾/v整个/b后宫/n甚至/c军队/n，/wd像/v取经/vi那样/rzv兴师动众/vl地/ude2把/pba我/rr找/v回来/v！/wt
我/rr现在/t明白/v了/y，/wd天下/n在/p某种/rz意义/n上/f讲/v是/vshi皇室/n最/d大/a的/ude1敌人/n。/wj
这/rzv就/d是/vshi为什么/ryv神策军/nr总是/d要/v挑选/v世间/n最/d健壮/a骁勇/a的/ude1武士/n。/wj
因为/p我们/rr手中/s有/vyou传统/n赋予/v的/ude1绝对/a权力/n，/wd掌握/v着/uzhe天下/n人/n的/ude1命运/n及/cc幸福/an。/wj
1．/m宫内/f市/n道/qv夜晚/t外景/n太平/a的/ude1车/n辇/n所/usuo经/v沿途/d全/d是/vshi依次/d跪拜/v的/ude1内/f宫/nr1侍从/n，/wd皆/d面色/n惶恐/a，/wd嘴/n中/f嗲/ag叨/n着/uzhe：/wp公主/n受惊/vi了/y，/wd公主/n受惊/vi了/y…/ws
…/ws
太/d平和/a韦/nr1氏/ng透过/v车窗/n望/v着/uzhe外面/f小/a题/n大作/v的/ude1松明/n火把/n，/wd互相/d交换/v了/ule一下/mq儿/ng眼神/n，/wd开始/v意识/n到/v事态/n的/ude1严重/a，/wd紧张/a起来/vf。/wj
她们/rr随即/d远远地/z看见/v南/b道/n尽头/f站/vi着/uzhe一/m小队/n御医/n，/wd后面/f站/vi着/uzhe捧/v着/uzhe叠/v得/ude3整整齐齐/z的/ude1干净/a衣裤/n的/ude1宫女/n。/wj
2．/m浴室/n夜晚/t内景/n两/m个/q宫女/n抬/v着/uzhe一/m特大/b木桶/n，/wd将/p水/n一股脑儿/dl地/ude2倾泻/vi在/p太平/a的/ude1身上/s，/wd太平/a大/a口/n吸气/v，/wd应付/v激烈/a的/ude1水流/n突然/a的/ude1刺激/vn。/wj
3．/m御医/n房/n夜晚/t内景/n太平/a与/cc韦氏/nrf先后/d进入/v，/wd俩/m人/n头发/n都/d湿淋淋/z的/ude1，/wd贴/v在/p头/n上/f。/wj
身上/s裹/v着/uzhe白布/n，/wd一/m脸/q茫然/a无奈/an。/wj
俩/m人/n刚刚/d坐下/vi，/wd各自/rr身边/s就/d聚集/v了/ule一/m群/q人/n。/wj
一/m御医/n开始/v为/p太平/ns把脉/vi，/wd查/v目/ng…/ws
…/ws
后面/f一/m宫女/n仔细/ad扒开/v太平/a的/ude1头发/n，/wd好像/v在/p找/v虱子/n。/wj
御医/n：/wp疼/v吗/y？/ww
…/ws
…/ws
这儿/rzs呢/y？/ww
…/ws
…/ws
这儿/rzs？/ww
…/ws
…/ws
呼/v气/n…/ws
…/ws
吸气/v…/ws
…/ws
太平/ns不住/d地/ude2摇/v头/n。/wj
御医/n：/wp公主/n吃/v东西/n了/y吗/y？/ww
太平/ns：/wp吃/v了/y！/wt
御医/n：/wp吃/v的/ude1什么/ry？/ww
太平/ns：/wp馄饨/n。/wj
御医/n：/wp几/m个/q？/ww
太平/ns：/wp…/ws
…/ws
忘/v了/y！/wt
御医/n：/wp在/p哪/ry家/q吃/v的/ude1？/ww
太平/ns：/wp…/ws
…/ws
忘/v了/y！/wt
韦/nr1姐姐/n，/wd咱们/rr在/p哪/ry家/q吃/v的/ude1？/ww
太平/ns望/v着/uzhe坐/v在/p自己/rr一/m侧/ng不/d远/a，/wd同样/d被/pbei众人/n包围/v的/ude1韦氏/nrf。/wj
4．/m南/b道/n夜晚/t外景/n御医/n主管/vn在/p前/f，/wd太平/a及/cc韦氏/nrf紧/d随/v其/rz后/f，/wd俩/m人/n已/d改头换面/vl，/wd披散/v着/uzhe湿/a湿/a的/ude1头发/n，/wd一/m脸/q一身/n的/ude1鲜亮/a馨香/n。/wj
但/c看/v得/ude3出/vf。/wj
心情/n却/d忐忑不安/vl。/wj
韦氏/nrf：/wp这/rzv下/f完了/vi，/wd捅/v大/a娄子/n了/y，/wd我/rr说/v不/d带/v你/rr去/vf吧/y，/wd…/ws
…/ws
怎么/ryv办/v啊/y，/wd你/rr一定/d救/v我/rr！/wt
太平/ns：/wp你/rr放心/v，/wd我/rr会/v和/cc母/b后/f解释/v的/ude1，/wd别/d害怕/v！/wt
5．/m武/nr1则/d天/qt寝/vg宫/ng夜晚/t内景/n屋/n中/f已/d跪/v了/ule一/m群/q人/n。/wj
