马鞍/n桥/n…/ws
…/ws
出征/vi将/d将/d…/ws
…/ws
士/ng，/wd克服/v连夜/d…/ws
…/ws
行军/vi…/ws
…/ws
劳顿/an，/wd三/m天/qt后/f，/wd即/d达/v定州/ns，/wd然/rz…/ws
…/ws
然而/c突/d遇/v风/n…/ws
…/ws
雪/n，/wd军/n中/f仅/d冻死/v就/d达/v…/ws
…/ws
数千/m人/n，/wd然而/c…/ws
…/ws
我/rr将士/n…/ws
…/ws
牢记/v…/ws
…/ws
圣上/n旨意/n…/ws
…/ws
为/p江山百战/nr…/ws
…/ws
为/p皇/ng…/ws
…/ws
后/f而/cc战/ng…/ws
…/ws
为/p大唐/nz的/ude1…/ws
…/ws
公主/n而/cc战/ng…/ws
…/ws
他/rr上/vf气/n不/d接/v下/vf气/n地/ude2说/v着/uzhe战况/n。/wj
李治/nr：/wp哎呀/e，/wd别/d学舌/v了/y，/wd我们/rr是/vshi打/v赢/v了/y，/wd还是/c败/vi了/y？/ww
士卒/n：/wp我们/rr打/v。/wj
赢/v了/y！/wt
武则天/nr：/wp好/a！/wt
李治/nr：/wp好/a，/wd好/a一个/mq裴/nr1大将军/n！/wt
皇后/n，/wd你/rr听/v见/v了/y…/ws
…/ws
皇后/n，/wd皇后/n！/wt
武则天/nr：/wp快/a，/wd快/a，/wd我/rr破/v水/n了/y！/wt
说/v完/vi晕/vi过去/vf。/wj
李治/nr随即/d冲/v入/v帘/ng内/f，/wd抱/v住/vi晕倒/v的/ude1媚/ag娘/n。/wj
李治/nr：/wp来/m人/n，/wd来人/n呀/y，/wd快/d来/vf人/n呀/y！/wt
快/a去/vf叫/vi御医/n！/wt
众/ag大臣/n慌/a了/y，/wd都/d以/p为/v在/p叫/vi自己/rr，/wd一拥而上/vl，/wd一时间/t，/wd龙/nr1台/n上面/f围/v满/v了/ule人/n，/wd焦急/a地/ude2望/v着/uzhe帘/ng内/f若隐若现/vl的/ude1景象/n，/wd帘/ng内/f传来/v一/m阵阵/q武/ng则/d天/qt令人心悸/al的/ude1喊声/n。/wj
御医/n一行/n疾步/d而/cc入/v，/wd然而/c却/d在/p半路/n上/f听到/v了/ule嘹亮/a的/ude1哭声/n，/wd所有/b人/n都/d静/a下/f来/vf。/wj
武则天/nr：/wp（/wkz虚弱/a地/n）/wky剑/n，/wd剑/n！/wt
李治/nr：/wp剑/n，/wd剑/n，/wd拿/v剑/n来/vf！/wt
李/nr1治/v焦急/a地/ude2冲/v帘/ng外/f伸/v出/vf手/n。/wj
一/m将军/n从/p侍卫/n腰/n间/f抽出/v剑/n，/wd慌乱/a地/ude2递/v上/vf剑/n。/wj
御医/n斩断/v脐带/n。/wj
李治/nr：/wp（/wkz双手/n托/v起/vf孩子/n，/wd兴奋/a地/ude2转/v过/uguo身/ng）/wky孩子/n生/v下/f来/vf啦/y…/ws
…/ws
（/wkz突然/ad发现/v所有/b人/n都/d围/v在/p他/rr的/ude1身后/f，/wd感觉/v有/vyou点/qt不/d太/d体面/a）/wky你们/rr怎么/ryv都/d上/f来/vf了/y？/ww
众/ag臣/ng皆/d惊/v，/wd面面相觑/vl，/wd慌忙/ad退/v下去/vf，/wd跪下/vi。/wj
李治/nr：/wp哈哈/o，/wd我/rr赦/n你们/rr无罪/vi，/wd我/rr赦/n天下/n无罪/vi！/wt
从/p今儿/t开始/v，/wd举/v国/n同/p庆/vg，/wd这/rzv孩子/n为/v大唐/nz带来/v了/ule太平/a。/wj
赐/v号/n：/wp太平/ns公主/n。/wj
狂欢/vi吧/y！/wt
面目/n疲惫/a的/ude1武则天/nr，/wd将/d湿淋淋/z的/ude1面颊/n贴/v在/p太平/a的/ude1小/a脸上/s，/wd泪水/n夺眶而出/vl。/wj
旁白/n：/wp唐显庆/nr四年/nr2，/wd我/rr生于/v大明/nz的/ude1正殿/n上/f。/wj
我/rr的/ude1出生/vi终止/v了/ule长安城/ns持续/vd数/v月/n的/ude1淫雨/n，/wd母亲/n常/d说/v：/wp我/rr有/vyou一/m张/q同/p太阳/n一般/uyy明媚/a的/ude1面孔/n…/ws
一/m抹/q新鲜/a的/ude1阳光/n在/p母女/n脸上/s写/v上/vf一/m层/qv厚厚的/z金黄/z色/n。/wj
嗅/v，/wd对/p了/y，/wd还有/v嘴/n，/wd像/p显/v，/wd不/d，/wd更/d像/v旦/tg，/wd厚厚的/z嘴/n，/wd嘴角/n还/d微微/d上扬/v，/wd下巴/n上/f还有/v一道儿/nr，/wd就/d在/p这儿/rzs，/wd很/d威武/a的/ude1样子/n。/wj
嗅/v，/wd我/rr知道/v了/y，/wd是/vshi牙/n，/wd牙/n更/d像/v显/v，/wd雪白/z整齐/a，/wd泛/v着/uzhe轻轻/z的/ude1品/ng色/ng，/wd…/ws
?/ww
?/ww
他/rr笑/v起来/vf的/ude1样子/n啊/y，/wd好像/v春天/t里/f最/d亮丽/a的/ude1一/m束/q阳光/n。/wj
武则天/nr：/wp晴/vi！/wt
真/d是/vshi个/q美男子/n！/wt
我/rr都/d想/v见见/v他/rr，/wd怕/v是/vshi你/rr梦/n里/f的/ude1吧/y？/ww
太平/ns：/wp（/wkz着急/a）/wky真/a的/ude1，/wd真/a的/ude1！/wt
他/rr就/d在/p东/f市/n，/wd峨冠博带/al，/wd可能/v还/d是/vshi个/q世家/n子弟/n！/wt
武则天/nr：/wp太平/a，/wd你/rr真/a的/ude1长大/vi了/y！/wt
…/ws
…/ws
有/vyou一/m件/q事/n，/wd我/rr本来/d想/v明天/t再说/vi，/wd看/v你/rr精神/n这么/rz好/a，/wd今天/t就/d告诉/v你/rr吧/y…/ws
…/ws
突厥/n国/n来/vf提亲/vi了/y，/wd他们/rr的/ude1二/m皇子/n相中/v了/ule你/rr，/wd想/v娶/v你/rr！/wt
太平/ns：/wp娶/v我/rr？/ww
为什么/ryv？/ww
武则天/nr：/wp（/wkz笑/v）/wky为什么/ryv，/wd人家/rr是/vshi看/v上/vf了/ule你/rr，/wd想/v讨/v你/rr做/v媳妇/n儿/ng，/wd回家/vi过日子/vl，/wd像/p我/rr跟/p你/rr父亲/n这样/rzv。/wj
你/rr将来/t呀/y，/wd就是/v突厥/n王国/n的/ude1公主/n，/wd兴许/d还/d会/v当/p突厥/n皇后/n…/ws
…/ws
太平/ns：/wp不/d去/vf，/wd不/d可能/v！/wt
突厥/n，/wd那/rzv是/vshi个/q什么/ry鬼/n地方/n！/wt
穷山恶水/nl，/wd再说/c，/wd他们/rr那儿/rzs的/ude1人/n我/rr见/v过/uguo，/wd那些/rz俘虏/n，/wd一个/mq个/q长/a得/ude3很/d凶/a的/ude1样子/n。/wj
再说/c，/wd我/rr，/wd我/rr也/d舍不得/v离开/v你/rr呀/y！/wt
武则天/nr：/wp那/rzv你/rr也/d不/d能/v跟/p我/rr过/vf一辈子/mq呀/y？/ww
女/b孩子/n长大/vi了/ule都/d要/v嫁人/v，/wd做/v人家/rr的/ude1媳妇/n儿/ng。/wj
据说/v，/wd这/rzv看上/v你/rr的/ude1皇/ng于是/cc贤/ng哥哥/n的/ude1挚友/n，/wd听说/v人/n长/a得/ude3很/d帅/nr1的/ude1…/ws
…/ws
太平/ns：/wp那/rzv能/v帅/nr1到/v哪儿/rys去/vf！/wt
再/d帅/nr1也/d漂亮/a不过/c他/rr！/wt
…/ws
…/ws
我/rr早/ad想/v好/a了/y，/wd如果/c非/b要/v嫁人/v就/d嫁/v他/rr那样/rzv的/ude1人/n，/wd不仅/c漂亮/a，/wd人/n还/d厚道/a…/ws
…/ws
武则天/nr：/wp一/m面/q之/uzhi交/ng，/wd你/rr怎么/ryv知道/v他/rr的/ude1为人/n…/ws
…/ws
太平/ns：/wp感觉/n！/wt
我/rr能/v感觉/n到/v…/ws
…/ws
反正/d我/rr是/vshi不/d嫁/v什么/ry突厥/n王子/n！/wt
武则天/nr：/wp嫁/v与/cc不/d嫁/v，/wd我/rr也/d不/d强求/v，/wd但/c你/rr父亲/n已经/d踢/v了/ule突厥/n王子/n宴/ng，/wd到/v时/ng你/rr一定/d要/v来/vf的/ude1！/wt
太平/ns：/wp我/rr不/d去/vf！/wt
武则天/nr：/wp你/rr必须/d去/vf…/ws
这/rzv是/vshi大唐/nz的/ude1门面/n，/wd去/vf不/d去/vf不/d是/vshi你/rr可以/v做主/vi的/ude1。/wj
太平/ns：/wp那/rzv我/rr要/v做/v出/vf什么/ry事/n，/wd你/rr可/v别/d拦/v我/rr！/wt
7．/m尼/b风/n四/m白天/t内景/n条案/n状/ng的/ude1餐桌/n上/f摆/v着/uzhe各式/r丰盛/a悦目/a的/ude1食品/n，/wd餐具/n皆/d光洁/a耀眼/a，/wd显示/v着/uzhe皇家/n精致/a豪华/a的/ude1气派/a。/wj
有/vyou乐声/n隐隐/z传来/v，/wd丝/q丝/n入/v耳/y，/wd音量/n适中/a，/wd如/v阳光/n的/ude1态度/n，/wd舒适/an而/cc清/a懒/a。/wj
餐桌/n两头/f端坐/vi着/uzhe李治/nr和/cc武则天/nr，/wd一/m侧/ng分别/d坐/v着/uzhe贤/ng、/wn显/v、/wn旦/ng。/wj
另/rz一/m侧/ng正中/f坐/v着/uzhe突厥/n王子/n，/wd两侧/f分/v坐/v着/uzhe李义甫/nr及/cc其他/rzv两/m位/q老/a臣/ng。/wj
突厥/n王子/n对面/f的/ude1座位/n空/v着/uzhe，/wd显然/ad太平/a还/d没/d到/v。/wj
李治/nr：/wp本来/d今天/t是/vshi相亲/vi的/ude1日子/n，/wd理当/v吉祥/n喜庆/vi，/wd本/rz不/d是/vshi谈论/v国事/n的/ude1时机/n。/wj
但/c我/rr刚刚/d听说/v一/m件/q事/n，/wd犹如/v风和日丽/vl之际/f突然/ad刮/v起/vf的/ude1一/m小/a股/q旋风/n，/wd虽/c危害/v不足/v挂/v齿/n，/wd却/d也/d着实/d掀起/v了/ule一/m片/q风沙/n，/wd揽/v了/ule我/rr的/ude1心境/n。/wj
所以/c，/wd不得不/d请教/v王子/n，/wd寻/v个/q结果/n。/wj
王子/n：/wp圣上/n只管/d讲/v，/wd我/rr如果/c有幸/v知道/v答案/n，/wd一定/d如实/d回答/v！/wt
李治/nr：/wp李义甫/nr，/wd说/v吧/y！/wt
李义甫/nr：/wp上月/t上/f元/q灯节/t，/wd正当/p我/rr大唐/nz边/d睡/v五/m郡/n和平/n居民/n举家/n团圆/vi。/wj
