陆/m纳/v的/ude1侄子/n陆/m瞴/x却/d私下/d准备/v了/ule盛宴/n，/wd随后/d摆/v上/vf。/wj
谢/nr1安/v离去/vi后/f，/wd陆/m纳/v怒/vg责/ng陆/m瞴/x:/x“/wyz汝/r既/c不能/v光/n益/vg父/ng叔/n，/wd奈何/v秽/x吾/rr素/ag业/ng耶/y?/ww
”/wyy杖/ng打/v四十/m。/wj
[/wkz8/a]/wky(/wkzP2027/x)/wky在/p这里/rzs，/wd茶/n成/v了/ule生活/vn作风/n节俭/a、/wn为/v官/n清廉/a的/ude1象征/n。/wj
《/wkz南齐/t书/n?/ww
武/ag帝/ng本纪/n》/wky载/v，/wd永明/nr2十一年/m，/wd齐武帝/nrf下/vf诏/ng安排/v身/ng后事/n:/x“/wyz我/rr灵/a上/f慎/ag勿/d以/p牲/x为/p祭/v，/wd唯/d设/v饼/n、/wn茶/n饮/v、/wn干饭/n、/wn酒/n脯/x而已/y。/wj
天下/n贵贱/n，/wd咸/a同/p此/rzs制/v。/wj
”/wyy用/p茶/n饮/v等/udeng素食/n作为/p祭品/n比起/v杀/v牲/x祭祀/v要/v简单/a多/a了/y，/wd是/vshi南齐/t薄/a葬/vg的/ude1一个/mq表现/vn。/wj
因此/c，/wd茶/n不/d单纯/a是/vshi为了/p满足/v生理/n需要/v的/ude1饮品/n，/wd也/d显示/v了/ule饮茶/vi之/uzhi人/n的/ude1俭朴/a之/uzhi美德/n，/wd有人/r广/a而/cc称之为/v茶/n德/n。/wj
所谓/v茶/n德/n，/wd就是/v在/p饮茶/vi中/f体现/v出/vf的/ude1人/n的/ude1道德/n，/wd或者/c是/vshi对/p饮茶/vi之/uzhi人/n的/ude1道德/n要求/n。/wj
陆/m羽/q在/p《/wkz茶/n经/v?/ww
一/m之/uzhi源/ng》/wky中/f开始/v便/d提到/v了/ule茶/n德/b的/ude1问题/n，/wd茶/n为/p饮/v“/wyz最/d宜/ag精/a行/ng俭/ag德/n之/uzhi人/n”/wyy。/wj
唐/tg末/f刘贞亮/nr总结/v过/uguo“/wyz茶/n之/uzhi十/m德/n”/wyy，/wd除了/p与/p茶/n的/ude1养生/vn作用/n有关/vn的/ude1六/m德/n外/f，/wd还/d强调/v精神/n层面/n的/ude1四/m德/n:/x“/wyz以/p茶利礼/nr仁/ag”/wyy、/wn“/wyz以/p茶/n表/vg敬意/n”/wyy、/wn“/wyz以/p茶可雅/nr心/n”/wyy、/wn“/wyz以/p茶/n可行/a道/n”/wyy，/wd注重/v茶/n的/ude1人文/n内涵/n，/wd以及/cc饮茶/vi对/p人/n品德/n修养/n的/ude1辅助/vn作用/n。/wj
中国/ns茶/n学/v专家/n程启坤/nr和/cc姚国坤/nr两/m先生/n对/p中国/ns茶/n德/n进行/vx阐述/vn说/v:/x“/wyz中国/ns茶/n德/n，/wd含义/n广泛/a而/cc深刻/a，/wd内容/n丰富/a，/wd总结/v了/ule我国/n几/m千年/m的/ude1饮茶/vn历史/n，/wd各/rz民族/n的/ude1饮茶/vn习俗/n和/cc文化/n传统/n，/wd包括/v各/rz阶层/n人们/n对/p饮茶/vn目的/n的/ude1理解/vn。/wj
”/wyy[/wkz9/vyou]/wky黄志根/nr先生/n也/d对/p茶/n德/n当代/t内涵/n进行/vx了/ule解释/vn，/wd“/wyz当代/t茶/n德/n，/wd是/vshi在/p新/a时期/n下/f产生/v，/wd弘扬/v新/a时代/n茶/n德/b茶道/n精神/n。/wj
它/rr把/pba‘/wyz廉/ag’/wyy放在/v茶/n德/n之/uzhi首/ng，/wd扛/v起/vf‘/wyz廉俭/nr2育德/nr2’/wyy的/ude1大/a旗/n”/wyy。/wj
[/wkz10/n]/wky255/m自古/d至/p今/tg，/wd人们/n都/d把/pba俭/ag看作/v是/vshi茶/n德/b的/ude1一个/mq重要/a内容/n，/wd当然/d也/d是/vshi茶/n的/ude1人文/n内涵/n之一/rz。/wj
三/m、/wn高雅/a美好/a茶/n的/ude1高雅/a表现/vn为/p茶/n的/ude1生产/vn、/wn茶具/n、/wn茶道/n、/wn饮茶/vi的/ude1方式/n上/f等/udeng各个/rz方面/n。/wj
茶/n的/ude1采摘/vn和/cc制作/v非常/d讲究/v，/wd采茶/v要/v在/p晴天/n进行/vx，/wd阴雨/n天/qt采/v的/ude1茶/n质量/n就/d不好/a，/wd“/wyz其/rz日/ng有/vyou雨/n不/d采/v，/wd晴/vi有/vyou云/n不/d采/v”/wyy。/wj
[/wkz1/a]/wky(/wkzP17/x)/wky作为/p贡品/n的/ude1茶/n，/wd自然/d更加/d考究/a。/wj
茶/n的/ude1制作/vn工序/n复杂/a、/wn讲究/v，/wd茶水/n也/d不容忽视/vl，/wd它/rr直接/ad关系/v到/v饮用/v时/ng的/ude1味道/n，/wd“/wyz其/rz水/n，/wd用/p山水/n上/f，/wd江/nr1水中/s，/wd井水/n下/f”/wyy。/wj
[/wkz1/a]/wky(/wkzP34/x)/wky有/vyou好/a水/n还/d不够/a，/wd烹制/v时/ng还/d有/vyou掌握/v好/a火候/n，/wd茶具/n也/d要/v相/d配/v。/wj
茶/n煮/v好/a后/f饮用/v方式/n同样/d要/v表现/v高雅/a才/d行/vi，/wd如/c作/v“/wyz牛/n饮/v”/wyy状/ng肯定/d是/vshi不/d般配/a的/ude1。/wj
这/rzv一/m系列/q的/ude1茶/n事/n，/wd都/d显示/v出/vf了/ule茶/n的/ude1高雅/a一面/n。/wj
茶/n的/ude1高雅/a显示/v出/vf人/n的/ude1高贵/a，/wd体现/v出/vf更/d高/a的/ude1生活/vn目标/n和/cc更/d高/a的/ude1精神/n层次/n追求/vn。/wj
茶/n正/d因为/p其/rz高贵/a，/wd所以/c常/d登/v大雅之堂/n。/wj
茶/n又/d是/vshi美好/a的/ude1象征/n，/wd所以/c常/d用/v来/vf比喻/v女子/n，/wd并/cc在/p婚/ng庆/vg的/ude1场合/n发挥/v作用/n。/wj
茶/n与/cc女子/n相/d联系/v同/p茶/n的/ude1制作/vn有关/vn，/wd采茶/v、/wn制/v茶/n都/d有/vyou妇女/n的/ude1参与/vn。/wj
有关/p采茶/v的/ude1诗/n如/v明代/t高/ad启/v《/wkz采茶/v词/n》/wky:/x“/wyz雷/n过/uguo溪山碧/nr云/vg暖/a，/wd幽/ag丛/ng半/m吐/v旗/n枪/n短/a。/wj
银/ng钗/ng女儿/n相应/vn歌/n，/wd筐/n中/f摘/v得/ude3谁/ry最/d多/a。/wj
”/wyy清代/t陈/nr1章/n《/wkz采茶/v歌/vg》/wky:/x“/wyz凤/ng篁/x岭/ng头/n春/tg露/v香/a，/wd青/a裙/ng女儿/n指/v爪/ng长/a。/wj
度/v涧/ng穿/v云/vg采茶/v去/vf，/wd日/b午/tg归来/vi不满/a筐/n。/wj
”/wyy[/wkz11/d]/wky(/wkzP148/x)/wky有关/p制/v茶/n的/ude1诗/n如/v左思/nr的/ude1《/wkz娇/a女/b诗/n》/wky:/x“/wyz吾/rr家/n有/vyou娇/a女/ng，/wd皎/ng皎/ng颇/d白/a皙/x。/wj
小/a字/n为/v纨/x素/ng，/wd口齿/n自/p清/tg历/vg。/wj
有/vyou姊/n字/n蕙芳/nr2，/wd眉目/n灿/ag如/v画/n。/wj
…/ws
…/ws
止/v为/v荼/ng剧/n，/wd吹嘘/v对/p鼎/ng?/ww
。/wj
”/wyy苏轼/nr有/vyou言/vg“/wyz从来/d佳/a茗/ng似/vg佳人/n”/wyy。/wj
元/q好/a问/v是/vshi金/b、/wn元/q时期/n诗文/n大家/rr，/wd也/d以/p茶/n比美/v女/ng，/wd后世/n称/v美女/n曰/vg“/wyz小/a茶/n”/wyy。/wj
我国/n婚礼/n中/f的/ude1用/p茶/n，/wd也/d是/vshi由于/p把/pba茶/n看作/v是/vshi美好/a的/ude1象征/n。/wj
茶/n曾/d是/vshi中国/ns传统/n婚礼/n中/f重要/a的/ude1聘礼/n，/wd从/p订婚/vi到/v完婚/v的/ude1各个/rz阶段/n，/wd皆/d以/p茶/n来/vf命名/v。/wj
已/d知/v宋代/t就/d把/pba茶/n列为/v聘礼/n中/f的/ude1重要/a礼物/n，/wd几乎/d成为/v不可或缺/al之/uzhi物/ng。/wj
民间/n即/d称/v送/v聘礼/n为/v“/wyz下/vf茶/n”/wyy、/wn“/wyz行/a茶/n礼/n”/wyy或/c“/wyz茶/n礼/n”/wyy，/wd女子/n受聘/vi，/wd谓/vg之/uzhi“/wyz吃/v茶/ng”/wyy或/c“/wyz受/v茶/ng”/wyy。/wj
婚礼/n中/f有/vyou所谓/v“/wyz三/m茶/n”/wyy，/wd就是/d订婚/vi时/ng的/ude1“/wyz下/vf茶/n”/wyy，/wd结婚/vi时/ng的/ude1“/wyz定/v茶/ng”/wyy，/wd洞/n房/n里/f的/ude1“/wyz合/v茶/ng”/wyy。/wj
此外/c，/wd婚姻/n中/f的/ude1茶/n礼/n还有/v，/wd年/qt茶/n(/wkz定亲/v以后/f，/wd在/p待/vi婚/ng期间/f，/wd年底/t男方/n要/v向/p女家/n送礼/vi，/wd谓/vg之/uzhi“/wyz年/qt茶/n”/wyy)/wky、/wn大/a茶/n(/wkz即/v古/tg制/v纳征/nr，/wd俗称/v“/wyz行/ng聘/v”/wyy，/wd亦/d谓/vg之/uzhi“/wyz大/a礼/n”/wyy、/wn“/wyz太/b礼/n”/wyy、/wn“/wyz担/v大盘/n”/wyy，/wd女方/n回礼/v称/v“/wyz回/v盘/qv”/wyy等等/udeng)/wky、/wn坐/v茶/n(/wkz新妇/n迎/v归/v后/f，/wd新郎/n新娘/n拜/v祖先/n、/wn尊长/n和/cc献/v茶/n的/ude1婚/ng仪/ng)/wky、/wn送/v茶/n(/wkz婚后/t一日/t或/c数日/t，/wd女方/n给/v婿/ng家/n赠/v“/wyz望/v娘/n盘/qv”/wyy所/usuo回/v的/ude1茶汤/n)/wky等/udeng礼仪/n。/wj
[/wkz12/m]/wky在/p婚俗/n中/f，/wd茶/n象征/n着/uzhe纯洁/a、/wn坚贞/a和/cc多子/n多福/nz。/wj
明代/t许/m次/qv纾/x在/p《/wkz茶/n疏/vg》/wky中/f说/v:/x“/wyz茶/n不/d移/v本/rz，/wd植必子/nr生/v。/wj
