他/rr的/ude1内心/n斗争/vn异常/d激烈/a，/wd曾/d想到/v自杀/vi，/wd因/p基督教/nz禁止/v自杀/vi，/wd只得/d另/d寻/v出路/n。/wj
他/rr说/v：/wm“/wyz生存/vi还是/d毁灭/v，/wd这/rzv是/vshi一个/mq值得/v考虑/v的/ude1问题/n；/wf默然/z忍受/v命运/n的/ude1暴虐/an的/ude1毒箭/n，/wd或是/c挺身/vi反抗/v人世/n的/ude1无/v涯/ng的/ude1苦难/n，/wd通过/p斗争/vn把/pba它们/rr扫/v清/tg，/wd这/rzv两/m种/q行为/n，/wd哪/ry一/m种/q更/d高贵/a？/ww
”/wyy④/wp是/vshi默默/d忍受/v命运/n的/ude1捉弄/vn，/wd还是/c奋起/v反抗/v人世/n的/ude1苦难/n？/ww
这/rzv是/vshi他/rr反复/d思考/v的/ude1问题/n。/wj
他/rr对/p时代/n赋予/v的/ude1使命/n有着/v清醒/a的/ude1认识/n，/wd虽然/c顾虑重重/vl，/wd但/c并未/d泯灭/v斗争/vn的/ude1意志/n，/wd只是/d思索/v哪/ry种/q方式/n更/d高贵/a，/wd怎样/ryv做/v才/c不/d玷污/v心灵/n。/wj
海伦/nrf?/ww
加德纳/nrf说/v：/wm“/wyz哈姆雷特/nrf所/usuo承担/v的/ude1责任/n因/p下列/b不/d可能/v的/ude1条件/n而/cc受到/v限制/v：/wm‘/wyz别/d玷污/v你/rr的/ude1心灵/n’/wyy。/wj
然而/c，/wd在/p一个/mq腐化/v了/ule的/ude1世界/n里/f，/wd一个/mq人/n如果/c不/d利用/v这个/rz世界/n的/ude1武器/n，/wd希望/v一尘不染/vl，/wd他/rr又/d如何/ryv把/pba这个/rz世界/n改变/v好/a呢/y？/ww
”/wyy⑤/wp她/rr进一步/d指出/v：/wm“/wyz但/c在/p《/wkz哈姆雷特/nrf》/wky里/f，/wd我们/rr却/d处于/v一个/mq在/p道德/n上/f进退维谷/bl的/ude1世界/n中/f；/wf主持/v公道/a的/ude1负担/n折磨/v着/uzhe良心/n，/wd但/c人们/n又/d不/d能/v摆脱/v这种/r负担/n并/cc把/pba它/rr推/v给/v超/h自然/n的/ude1力量/n。/wj
”/wyy⑥/wp道德/n困境/n是/vshi他/rr行动/vi的/ude1枷锁/n，/wd他/rr既/c不/d能/v寄/v希望/v于/p上帝/n，/wd也/d不/d可能/v依靠/v群众/n，/wd只能/v用/p自己/rr的/ude1力量/n突破/vn枷锁/n，/wd捍卫/v人文主义/n理想/n。/wj
与/p亡/vg父/ng的/ude1对话/vn是/vshi他/rr人生/n的/ude1重大/a转折/vn，/wd他/rr的/ude1内心/n因此/c受到/v极大/a冲击/vn，/wd人文主义/nl的/ude1美好/a理想/n被/pbei残酷/a的/ude1现实/n击/vg得/ude3粉碎/z。/wj
在/p对/p人生/n及/cc社会/n有/vyou了/ule初步/d认识/v后/f，/wd他/rr深感/v任务/n艰巨/a，/wd决不能/v贸然/d行事/vi，/wd但/c亡/vg父/ng的/ude1命令/n又/d不/d得/ude3违抗/v，/wd他/rr只/d得/ude3勇于/v承担/v自己/rr的/ude1责任/n。/wj
“/wyz…/ws
…/ws
那/rzv就是/d摒弃/v天主教/nz将/p道德/n诫/vg命/n区分/v为/v‘/wyz命令/n’/wyy（/wkzpraecepta/x）/wky与/p‘/wyz劝告/v’/wyy（/wkzconsilia/x）/wky的/ude1做法/n，/wd转而/c认为/v，/wd经营/v为/p神/n所/usuo喜/v的/ude1生活/vn的/ude1唯一/b手段/n并/cc不/d是/vshi借/v着/uzhe修道/v僧/ng的/ude1禁欲/v来/vf超越/v俗/a世/ng的/ude1道德/n，/wd反而/d是/vshi端/v赖/v切实/ad履行/v各/rz人/n生活/vn岗位/n所/usuo带来/v的/ude1俗/a世/ng义务/n，/wd这/rzv于是/cc也/d就/d成/v了/ule各人/rr的/ude1‘/wyz天职/n’/wyy。/wj
”/wyy⑦/wp特殊/a的/ude1身份/n和/cc处境/n，/wd决定/v了/ule他/rr必须/d履行/v应/v尽/vi的/ude1义务/n，/wd除此之外/al，/wd别无选择/vl。/wj
鬼魂/n的话/udh证实/v了/ule哈姆雷特/nrf对/p父/ng王/n暴/ad死/v的/ude1猜测/vn，/wd但/c他/rr怀疑/v幽灵/n是/vshi魔鬼/n的/ude1化身/n，/wd要/v把/pba他/rr引/v向/p沉沦/vi。/wj
为了/p掩饰/v内心/n的/ude1不安/an，/wd混/x淆/x克劳狄斯/nrf及/cc廷臣/nr2的/ude1视听/n并/cc寻找/v证据/n，/wd他/rr开始/v装/v疯/vi。/wj
他/rr突然/ad发疯/vi，/wd引起/v克/vg劳/ng狄/ng及/cc王后/n的/ude1惶恐/a，/wd大臣/n波洛涅斯/nrf认为/v王子/n发疯/vi是/vshi失恋/vi造成/v的/ude1，/wd王/nr1后/f认为/v是/vshi父/ng王/n暴/ad死/v和/cc自己/rr迅速/ad改嫁/vi引发/v的/ude1，/wd克劳狄斯/nrf则/d认为/v另/rz有/vyou隐情/n，/wd派/v哈姆雷特/nrf的/ude1同学/n罗森格兰兹/nrf和/cc吉尔登斯/nrf吞/v以及/cc他/rr的/ude1情人/n奥菲利娅/nrf去/vf试探/v他/rr，/wd都/d被/pbei他/rr识破/v。/wj
他/rr借/v发疯/vi掩饰/v真实/a的/ude1思想/n和/cc行为/n，/wd等待/v时机/n成熟/an就/d实施/v复仇/vi。/wj
装/v疯/vi可以/v使/v他/rr畅所欲言/vl，/wd揭露/v社会/n罪恶/n，/wd对/p克劳狄斯/nrf及/cc廷臣/nr2进行/vx鞭挞/vn。/wj
他/rr通过/p装/v疯/vi观察/v社会/n，/wd思考/v人生/n，/wd发泄/v心中/s的/ude1郁闷/a。/wj
在/p生存/vn环境/n异常/d恶劣/a、/wn社会/n罪恶/n日益/d蔓延/vi的/ude1情况/n下/f，/wd装/v疯/vi是/vshi保/v全/a自己/rr的/ude1避风港/n，/wd但/c精神/n的/ude1痛苦/an难以/d排解/v，/wd反而/d引发/v严重/a的/ude1精神/n危机/n，/wd以至/cc对/p生存/vi产生/v怀疑/vn。/wj
为了/p完成/v复仇/vn和/cc重整/vn乾坤/n的/ude1重任/n，/wd靠/v装/v疯/vi是/vshi行不通/vi的/ude1，/wd还/d得/ude3寻找/v切实可行/vl的/ude1办法/n。/wj
哈姆雷特/nrf由于/p找/v不到/v父亲/n暴/ad死/v的/ude1证据/n和/cc复仇/vn的/ude1机会/n而/cc倍感/v郁闷/a，/wd已/d不再/d热衷/v于/p单纯/a的/ude1复仇/vn。/wj
善良/a的/ude1心理/n使/v他/rr对/p杀人/vi犹豫不决/vl，/wd这时/rzt一/m戏/n班子/n来到/v宫廷/n，/wd他/rr要/v剧团/n演出/v跟/p克劳狄斯/nrf杀/v兄/ng、/wn篡位/v、/wn娶/v嫂/ng相似/a的/ude1《/wkz捕/v鼠/ng机/ng》/wky，/wd并/cc以此/d找到/v父亲/n被害/vi的/ude1证据/n。/wj
当/p克劳狄斯/nrf看到/v用/p毒药/n弑君/v时/ng，/wd突然/ad失态/vi，/wd仓皇/ad离去/vi。/wj
哈姆雷特/nrf去/vf见/v母亲/n时/ng，/wd看见/v叔父/n在/p专心/ad祈祷/v，/wd如果/c杀死/v他/rr，/wd就/d为/v父亲/n报/v了/ule仇/n，/wd但/c他/rr相信/v忏悔/vn中/f的/ude1人/n被/pbei杀/v后/f灵魂/n会/v升入/v天堂/n，/wd想到/v父亲/n至今/d还/d在/p忍受/v烈火/n的/ude1烧灼/vn，/wd他/rr决心/d把/pba他/rr送/v进/vf地狱/n。/wj
他/rr说/v：/wm“/wyz收/v起来/vf，/wd我/rr的/ude1剑/n，/wd等候/v一个/mq更/d残酷/a的/ude1机会/n吧/y；/wf当/p他/rr在/p酒/n醉/v以后/f，/wd在/p愤怒/a之中/f，/wd或是/c在/p乱/a伦/ng纵/v欲/vg的/ude1时候/n，/wd有/vyou赌博/vn、/wn咒骂/v或是/c其他/rzv邪恶/a的/ude1行为/n的/ude1中间/f，/wd我/rr就/d要/v叫/vi他/rr颠/v踬/vg在/p我/rr的/ude1脚下/f，/wd让/v他/rr幽深/a黑暗/an不见/v天日/n的/ude1灵魂/n永/d堕/v地狱/n。/wj
”/wyy⑧/wp他/rr遵循/v惩/vg恶/ag扬/vg善/ag的/ude1宗教/n原则/n，/wd等待/v更/d残酷/a机会/n的/ude1到来/vn。/wj
他/rr见到/v王后/n，/wd对/p王后/n进行/vx斥责/v，/wd躲/v在/p帷幕/n后/f的/ude1波洛涅斯/nrf失声/vd喊叫/v，/wd他/rr以为/v是/vshi克劳狄斯/nrf在/p偷听/v，/wd这/rzv是/vshi送/v他/rr到/v地狱/n的/ude1好/a机会/n，/wd可/c是/vshi错/vd杀/v了/ule老/a于/p世故/an、/wn充满/v市侩/n气/n的/ude1波洛涅斯/nrf。/wj
他/rr说/v这/rzv是/vshi天意/n，/wd他/rr是/vshi代/v天/qt行刑/v的/ude1凶器/n和/cc使者/n，/wd表达/v天意/n不可/v违/vg的/ude1宗教/n观念/n。/wj
哈姆雷特/nrf杀死/v波洛涅斯/nrf，/wd克劳狄斯/nrf以此/d为/v借口/n，/wd派/v他/rr到/v英国/ns追索/v延宕/v未/d纳/v的/ude1贡/vg物/ng，/wd要求/v英/b王/n处死/v他/rr，/wd他/rr侥幸/ad逃生/vi。/wj
克劳狄斯/nrf又/d利用/v雷/n欧/b提/v斯/Rg急于/v为/v父/ng报仇/vi的/ude1心理/n设/v下/vf毒计/n，/wd在/p比/p剑/n时/ng除掉/v他/rr。/wj
为了/p万无一失/vl，/wd雷欧提斯/nrf在/p剑/n头/n涂/v上/vf毒药/n，/wd克劳狄斯/nrf准备/v了/ule毒酒/n。/wj
哈姆雷特/nrf虽/c答应/v比/p剑/n，/wd内心/n仍/d不免/d有些/rz惶惑/an。/wj
霍拉旭/nrf劝/v他/rr不/d要/v参加/v，/wd他/rr却/d坚持/v应战/vi。/wj
他/rr认为/v一切/rz都/d是/vshi预定/v的/ude1，/wd自己/rr无力/vi改变/v，/wd只有/c做好/v准备/v加以/vx应/v对/q。/wj
他/rr的/ude1这/rzv一/m举动/n具有/v反/vi宗教/n的/ude1色彩/n，/wd但/c也/d强调/v预定/v论/ng，/wd即/v上帝/n决定/v一切/rz的/ude1思想/n。/wj
在/p比/p剑/n时/ng，/wd他/rr死/v于/p克劳狄斯/nrf的/ude1阴谋/n，/wd却/d把/pba克劳狄斯/nrf也/d送/v进/vf了/ule地狱/n。/wj
他/rr报/v了/ule父/ng仇/n，/wd却/d未能/v重整/vn乾坤/n，/wd但/c为/p人们/n改造/vn现实/n、/wn消除/v社会/n罪恶/n增添/v了/ule信心/n和/cc力量/n。/wj
哈姆雷特/nrf作为/p人文主义/n者/k，/wd肯定/v人/n的/ude1情感/n和/cc欲望/n的/ude1合理性/n，/wd对/p情欲/n泛滥/vi带来/v的/ude1社会/n灾难/n有着/v深刻/ad认识/v。/wj
