我/rr这里/rzs想/v着重/vd指出/v斯诺/nrf命题/n中/f包含/v的/ude1两/m个/q富有/v积极/a意义/n的/ude1问题/n。/wj
第一/m,/wd斯诺/nrf命题/n涉及/v人文科学/n、/wn社会科学/nl和/cc自然科学/n,/wd广义/n上/f讲/v是/vshi所有/b的/ude1科学/n,/wd其/rz存在/v对象/n的/ude1整体/n性/k与/p既定/b学科/n的/ude1局部/n性/k的/ude1矛盾/an。/wj
不管/c是/vshi自然科学/n还是/c社会科学/nl或/c人文/n学科/n,/wd它们/rr研究/v的/ude1对象/n无非/d就/d是/vshi自然/n、/wn社会/n和/cc人/n本身/rz。/wj
在/p现实/n世界/n,/wd自然/n、/wn社会/n和/cc人/n本身/rz是/vshi一个/mq整体/n。/wj
古代/t社会/n,/wd人们/n往往/d把/pba自然/n和/cc人/n分离开/n来/vf,/wd人/n对/p自然/d盲目/a地/ude2崇拜/v,/wd人/n与/cc社会/n也/d分离开/n来/vf。/wj
到/p现代/t社会/n,/wd人们/n越来越/d强烈/a地/ude2感受/v到/v,/wd也/d越来越/d清楚/a地/ude2认识/v到/v自然/n、/wn社会/n和/cc人/n本身/rz的/ude1整体/n性/ng。/wj
但/c科学研究/n中/f,/wd无论/c哪/ry一/m门/q科学/n、/wn无论/c哪/ry一个/mq学科/n,/wd只是/c对/p这/rzv一/m整体/n中/b局部/n现象/n的/ude1研究/vn。/wj
研究/v自然界/n及其/cc局部/n格局/n的/ude1,/wd形成/v了/ule自然科学/n及其/cc各/rz具体/a学科/n;/wf研究/v人/n与/cc社会/n的/ude1,/wd形成/v了/ule人文/n学科/n与/cc社会科学/nl及其/cc各/rz具体/a学科/n。/wj
无论/c哪/ry门/n科学/n或/c哪个/ry学科/n,/wd都/d只/d是/vshi对/p整体/n中/f分离/vi出/vf的/ude1局部/n现象/n进行/vx研究/vn,/wd并/cc由此/d形成/v一/m系列/q具体/a科学/n和/cc学科/n。/wj
任何/rz学科/n与/cc整体/n相比/vi都/d是/vshi局部/n的/ude1,/wd也/d都/d存在/v对象/n的/ude1整体/n性/k与/p既定/b学科/n的/ude1局部/n性/k的/ude1矛盾/an。/wj
任何/rz具体/a学科/n对/p整体/n的/ude1理解/vn都/d是/vshi局部/n的/ude1,/wd所以/c既定/b的/ude1单独/b的/ude1学科/n想/v解决/v整体/n性/k的/ude1一些/mq问题/n,/wd就/d可能/v出现/v像/v盲人摸象/vl寓言/n中/f的/ude1结果/n。/wj
每/rz个/q学科/n都/d只/d掌握/v和/cc理解/vn整体/n的/ude1一部分/m,/wd单独/b的/ude1学科/n不/d可能/v掌握/v和/cc理解/vn整体/n的/ude1全/a过程/n和/cc全部/m内容/n。/wj
斯诺/nrf命题/n的/ude1合理性/n,/wd就/d在于/v把/pba这个/rz矛盾/an揭示/v出/vf来/vf了/y。/wj
第二/m,/wd关于/p人文/n社会科学/nl中/f次/qv文化/n现象/n的/ude1思考/vn。/wj
斯诺/nrf命题/n探讨/v的/ude1主要/d是/vshi自然科学/n和/cc人文/n社会科学/nl的/ude1分裂/vn,/wd但是/c实际上/d,/wd人文/n社会科学/nl中/f次/qv文化/n的/ude1分裂/vn、/wn分离/vi化/v的/ude1倾向/n也/d是/vshi十分/m严重/a的/ude1。/wj
不仅如此/bl,/wd人文/n学科/n和/cc社会科学/nl分离/vi化/v的/ude1倾向/n,/wd以及/cc对/p人/n自身/rr文化/n的/ude1研究/vn和/cc对/p社会/n现象/n及/cc制度/n的/ude1研究/vn分离/vd化/v的/ude1倾向/n,/wd已经/d成为/v我们/rr进行/vx多/a学科/n融合/vn、/wn跨/v学科/n研究/vn的/ude1鸿沟/n和/cc藩篱/n。/wj
对/p斯诺/nrf命题/n的/ude1破/a解/v,/wd在/p20/m世纪/n60年代/t中期/f就/d有/vyou过/uguo诸多/m尝试/vn,/wd主要/d如/v西方/s一些/mq国家/n中/f对/p科学/n、/wn技术/n和/cc社会/n(/wkzScience/x,/wdTechnology/x,/wdSociety/x,/wd或/c简写/n为/vSTS/x)/wky的/ude1研究/vn,/wd也/d就是/v理科/n、/wn工科/n和/cc文科/n结合/v为/p一体/n的/ude1研究/vn,/wd亦/d即/v自然科学/nl、/wn技术/n科学/n和/cc人文/n社会科学/nl结合/v为/p一体/n的/ude1研究/vn。/wj
进入/v新/a世纪/n以来/f,/wdSTS/x的/ude1研究/vn又/d有/vyou了/ule进一步/d拓展/v,/wd不只/c是/vshi技术/n和/cc科学/n相/d结合/v的/ude1研究/vn、/wn人/n和/cc社会/n相/d结合/v的/ude1研究/vn,/wd而是/c把/pba四/m者/k结合/v在/p一起/s的/ude1综合性/n研究/vn。/wj
任何/rz涉及/v当代/t社会/n发展/vn的/ude1重大/a问题/n,/wd都/d要/v从/p科学/n和/cc技术/n、/wn人/n和/cc社会/n的/ude1密切/ad结合/v中/f进行/vx探索/vn,/wd也/d就是/v从/p自然界/n、/wn人/n和/cc社会/n发展/vn整体/n性/ng上/f加以/vx研究/vn。/wj
纵览/v经济/n全球化/vn背景/n下/f的/ude1现代/t社会/n,/wd当/p我们/rr把/pba经济/n建设/vn、/wn政治/n建设/vn、/wn文化/n建设/vn、/wn社会/n建设/vn和/cc生态/n文明/a建设/vn等/udeng融为一体/vl时/ng,/wd中国/ns现代化/vn建设/vn的/ude1重大/a问题/n、/wn人类/n社会/n共同/d面临/v的/ude1重大/a问/v,/wd才/d可能/v有/vyou较为/d全面/a的/ude1更/d具/vg整体/n性/k的/ude1研究/vn结果/n。/wj
可以/v说/v,/wd现代/t社会/n对/p破解/v斯诺/nrf命题/n提出/v了/ule新/a的/ude1更/d高/a的/ude1要求/n。/wj
三/m、/wn破解/v斯诺/nrf命题/n&/x走/v跨学科/b路径/n探索/vn人文/n社会科学/nl跨/v学科/n研究/vn的/ude1路径/n及其/cc条件/n,/wd已经/d成为/v当下/t中国/ns人文/n社会科学/nl繁荣/a发展/vn的/ude1一个/mq极其/d重要/a的/ude1问题/n。/wj
在/p这里/rzs,/wd我/rr从/p破解/v斯诺/nrf命题/n的/ude1角度/n,/wd谈/v一些/mq自己/rr的/ude1粗浅/a看法/n。/wj
首先/d是/vshi跨/v学科/n研究/vn的/ude1起点/n。/wj
跨/v学科/n研究/vn的/ude1起点/n,/wd就是/d要/v搞/v清/a和/cc解决/v人文/n社会科学/nl是/vshi以/p学科/n的/ude1研究/vn还/d是/vshi以/p问题/n的/ude1研究/vn为/p起点/n。/wj
学科/n的/ude1研究/vn和/cc问题/n的/ude1研究/vn是/vshi高校/n人文/n社会科学/nl研究/vn中/f两/m个/q既/c相/d联系/v又/d有/vyou区别/n的/ude1出发点/n。/wj
高校/n之/uzhi为/p高校/n,/wd其/rz内部/f的/ude1分类/vn必然/d以/p学科/n为/p基准/n,/wd这/rzv是/vshi高校/n学科/n建设/vn的/ude1根基/n,/wd也/d是/vshi高校/n学科/n发展/vn的/ude1必然/b要求/n,/wd这/rzv在/p高校/n是/vshi无/v可/v更改/v的/ude1。/wj
因此/c,/wd对于/p高校/n来讲/uls,/wd在/p人文/n社会科学/nl研究/vn中/f,/wd学科/n的/ude1研究/vn较/d问题/n的/ude1研究/vn具有/v压倒/v性/ng的/ude1优势/n,/wd高校/n的/ude1教师/n更/d容易/ad以/p自己/rr所在/n的/ude1单/b学科/n的/ude1研究/vn为/p起点/n,/wd完全/ad忽略/v单一/a学科/n之外/f问题/n的/ude1研究/vn,/wd更/d缺乏/v以/p问题/n为/p起点/n的/ude1研究/vn。/wj
学科/n的/ude1研究/vn过程/n,/wd易于/v把/pba现有/v的/ude1学科/n不断/d深化/v、/wn不断/d细化/v,/wd由此/d学科/n的/ude1系统性/n和/cc稳定性/n会/v越来越/d坚固/a、/wn越来越/d精致/a。/wj
问题/n的/ude1研究/vn是/vshi按照/p社会/n现实/a的/ude1要求/n设定/v的/ude1,/wd它/rr既/c不/d可能/v以/p学科/n的/ude1先验/n划分/v为/p依据/n,/wd也/d不/d可能/v恰好/d对/p应/v于/p一个/mq或/c几/m个/q学科/n的/ude1范围/n。/wj
问题/n的/ude1研究/vn具有/v极为/d广泛/a的/ude1学科/n的/ude1综合性/n,/wd是/vshi以/p问题/n本身/rz的/ude1需要/n来/vf组织/v不同/a学科/n的/ude1学者/n的/ude1研究/vn过程/n。/wj
因此/c,/wd在/p高校/n强调/vd跨/v学科/n研究/vn,/wd着力/vd要/v解决/v的/ude1是/vshi问题/n的/ude1研究/vn在/p高校/n存在/v的/ude1必要性/n和/cc合理性/n。/wj
不/d能/v以/p问题/n的/ude1研究/vn来/f取代/v学科/n的/ude1研究/vn,/wd但是/c也/d不/d能/v把/pba高校/n的/ude1人文/n社会科学/nl固化/v在/p学科/n的/ude1研究/vn上/f,/wd而/cc不/d进行/vx问题/n的/ude1研究/vn。/wj
后者/rzv毕竟/d是/vshi社会/n的/ude1需要/n,/wd是/vshi人文/n社会科学/nl发展/vn的/ude1根本/a方向/n和/cc价值/n所在/n。/wj
学科/n的/ude1研究/vn和/cc问题/n的/ude1研究/vn是/vshi可以/v结合/v的/ude1,/wd实现/v这种/r结合/v要/v澄清/vi两/m个/q方面/n的/ude1认识/n。/wj
一方面/c,/wd要/v理解/v学科/n有/vyou其/rz系统性/n,/wd也/d有/vyou其/rz局限性/n。/wj
这个/rz局限性/n就/d是/vshi,/wd随着/p学科/n的/ude1不断/d细化/v,/wd它/rr的/ude1研究/vn对象/n越来越/d局部/n化/v。/wj
也就是说/vl,/wd学科/n的/ude1研究/vn范围/n越来越/d小/a,/wd与/p对象/n整体/n性/k的/ude1反差/n就/d越来越/d大/a。/wj
学科/n的/ude1研究/vn过于/d精细/a,/wd通俗/a地/ude2讲/v,/wd就/d是/vshi越来越/d类似/v钻牛角尖/vi,/wd这样/rzv下去/vf就/d可能/v会/v舍去/v整体/n而/cc只顾/v局部/n。/wj
另一方面/c,/wd问题/n的/ude1研究/vn不/d是/vshi按照/p学科/n体系/n而是/c按照/p社会/n发展/vn需要/n提/v出来/vf的/ude1,/wd问题/n的/ude1研究/vn本身/rz具有/v综合性/n,/wd这/rzv就/d决定/v了/ule其/rz在/p起点/n上/f就/d有/vyou着/uzhe跨/v学科/n的/ude1综合性/n研究/vn的/ude1规定/n。/wj
问题/n的/ude1研究/vn有/vyou其/rz综合性/n,/wd但/c也/d有/vyou其/rz模/ng糊/a性/ng。/wj
