2．/m建筑/n风貌/n特征/n生土/n的/ude1民居/n建造/v技法/n和/cc多样/a的/ude1民居/n空间/n组合/vi，/wd在/p历史/n的/ude1锤炼/vn下/f呈现/v出/vf具有/v独特/a人文/n价值/n的/ude1风貌/n特征/n，/wd如/v吐鲁番/ns麻/n扎阿勒迪/nrf千年/m古/a村/n、/wn吐鲁番/ns回民/n老/a街/n、/wn喀什/nsf噶尔/nrf历史/n文化/n名城/n、/wn库车/ns历史/n文化/n名城/n等/udeng。/wj
这些/rz聚落/n的/ude1建筑/vn风貌/n特征/n从/p不同/a角度/n记录/v了/ule不同/a时期/n新疆/ns历史/n文化/n和/cc城市/n的/ude1时代/n变迁/vn，/wd具有/v很/d高/a的/ude1历史/n、/wn经济/n和/cc文化/n价值/n。/wj
从/p建筑/n外观/n立/v面/q特征/n分析/vn，/wd随着/p城区/n人口/n增长/vn、/wn土地/n资源/n紧缺/a，/wd在/p原有/v建筑/n平面/n不/d能/v向/p四周/f扩展/v的/ude1情况/n下/f，/wd老/a城/n民居/n便/d开始/v向/p上方/f呈垂直/n状/ng生长/v。/wj
不断/d叠/x摞/q的/ude1民居/n体/ng量/n，/wd新增/v的/ude1建筑/n挑/v梁/nr1、/wn烟囱/n，/wd附加/v的/ude1屋顶/n晒台/n、/wn鸽子/n架/qv、/wn天线/n杆/ng以及/cc每次/r房屋/n叠/x加/v留下/v的/ude1檐/ng口/n线条/n，/wd所/usuo产生/v由/p下/f至上/vi的/ude1图/n性感/a，/wd呈现/v出/vf由/p疏/ag到/v密/a的/ude1沉积岩/n式/k建筑/v立/v面/q特征/n。/wj
因此/c，/wd远/ad观/vg整个/b聚落/n形态/n便/d形成/v高低/n有/vyou致/v、/wn起伏/vi跌落/vi的/ude1街巷/n界面/n，/wd加上/v建筑/n立/v面上/s的/ude1疏密/a对比/vn，/wd天际/n线/n的/ude1垂直/vd穿插/v，/wd给/p人/n移步/vi异/ag景/ng的/ude1心理/n体验/vn。/wj
同样/d，/wd民居/n建筑/vn院落/n内/f的/ude1立/v面/q风貌/n特征/n更/d具有/v丰富/a的/ude1人文/n价值/n。/wj
人们/n在/p院内/s和/cc房屋/n内/f的/ude1大部分/m活动/vn依托/v于/p墙体/n的/ude1存在/vn，/wd墙体/n对/p人/n的/ude1行为/n可以/v说/v产生/v了/ule诸多/m方面/n的/ude1影响/vn。/wj
无论/c南北/f疆/ng，/wd大多数/m维吾尔族/nz院内/s都/d会/v在/p拱式/b前/f廊/ng下方/f建/v一/m平/a台/q，/wd也/d称为/v“/wyz苏帕/nrf”/wyy。/wj
苏帕多/nrf为/p土坯/n砖/n砌/v筑/v而/cc成/v，/wd有些/rz人/n家/q仅/d以/p一/m个/q简易/a的/ude1木制/b大/a床/n代替/v。/wj
平时/t他们/rr习惯/v在/p上面/f铺/v上/vf毛毡/n或/c地毯/n，/wd摆/v上/vf一/m张/q小/a桌/ng，/wd在/p一起/s吃饭/vi、/wn休息/v或/c聊天/vi，/wd苏/b帕/ng往往/d成为/v民居/n中/f最为/d活跃/a、/wn利用率/n最高/a的/ude1空间/n。/wj
此外/c，/wd墙体/n的/ude1高度/n、/wn比例/n以及/cc由/p墙体/n构成/v的/ude1其他/rzv建筑构件/n，/wd如/v门/n、/wn天花/n，/wd甚至/c土炕/n、/wn灶台/n，/wd都/d是/vshi按照/p人体/n所/usuo需要/v的/ude1比例/n尺度/n去/vf建造/v。/wj
但/c为了/p有效/ad抵御/v风沙/n和/cc炎热/a，/wd唯独/d窗户/n的/ude1大小/n在/p墙/n面/n上/f有所/v限制/vn，/wd如/v西南/s方向/n开/v小/a窗/ng或/c不/d开/v窗/ng，/wd东北/s方向/n开/v高/a侧/ng窗/ng，/wd并/cc采用/v檐/ng廊/ng、/wn高/a棚/n架/qv、/wn高墙/n窄/a街巷/n形成/v的/ude1“/wyz灰/ag空间/n”/wyy缓解/v干燥/a给/p人/n带来/v的/ude1不适/a。/wj
硬朗/a、/wn厚重/a、/wn感性/n和/cc实用/a的/ude1聚落/n建筑/vn形制/n，/wd在/p居民/n们/k采用/v当地/s资源/n反复/d实践/v，/wd总结/v经验/n的/ude1过程/n中/f，/wd已/d形成/v了/ule顺从/v自然/n，/wd适应/v自然/n，/wd与/p自然/n和谐/ad共存/vi的/ude1朴素/a理念/n。/wj
(/wkz二/m)/wky民族/n信仰/vn影响/vn下/f的/ude1情感/n空间/n1．/m建筑/n入口/n特征/n的/ude1强调/v性/ng自古以来/dl建筑/n的/ude1入口/n设计/vn早已/d超越/v了/ule其/rz简单/a的/ude1入/v户/q功能/n。/wj
李/nr1允/vg鉌/x先生/n曾/d在/p《/wkz华夏/nz意匠/n》/wky一/m书/n中/f这样/rzv叙述/v:/x“/wyz最/d早/a的/ude1时候/n，/wd建筑/n形制/n只是/d一些/mq宫廷/n建筑/n的/ude1内容/n和/cc布局/n的/ude1规定/n，/wd它们/rr同时/d被/pbei看做/v是/vshi一/m种/q‘/wyz国家/n’/wyy的/ude1基本/a制度/n而/cc确定/v下来/vf。/wj
其后/t，/wd当/p宫廷/n建筑/n已经/d成为/v一/m种/q标准/n的/ude1建筑/vn模式/n之后/f，/wd就/d同时/d制定/v出/vf有关/vn诸侯/n、/wn大夫/n、/wn士人/n等/udeng房屋/n的/ude1制式/n，/wd成为/v所谓/v‘/wyz门/n堂/ng之/uzhi制/ng’/wyy”/wyy②/wp。/wj
《/wkz周/nr1礼/n?/ww
冬/tg官/n考/v工/n记/v第六/m》/wky记载/v，/wd“/wyz王/nr1宫门/n阿/b之/uzhi制/ng五/m难/a，/wd宫/ng隅/ng之/uzhi制/ng七/m雄/ag，/wd城/n隅/ng之/uzhi制/ng九/m雄/ag”/wyy，/wd“/wyz经/p途/ng九/m轨/ng，/wd环/v途/ng七/m轨/ng，/wd野/ng途/ng五/m轨/ng”/wyy，/wd“/wyz门/n阿/b之/uzhi制/ng，/wd以为/v都城/n之/uzhi制/ng。/wj
宫/nr1隅/ng之/uzhi制/ng，/wd以为/v诸侯/n之/uzhi城/n制/k。/wj
环/n途/ng以为/v诸侯/n经/p途/ng，/wd野途/nr2以为/v都/d经/p途/ng”/wyy。/wj
除此之外/al，/wd古代/t玄学/n认为/v门/n乃/v通风/vi纳/v气/n之/uzhi所/n，/wd不仅/c代表/v了/ule住宅/n的/ude1重要/a组成部分/nl，/wd其/rz方位/n、/wn朝向/v、/wn色彩/n和/cc装饰/n还是/c居/v所/q的/ude1咽喉/n、/wn颜面/n，/wd是/vshi凶/a吉/b兴衰/n的/ude1标志/n。/wj
与/p此/rzs相/d比较/v，/wd维吾尔族/nz传统/n民居/n中/f的/ude1门/n显得/v更/d生活化/v，/wd除了/p门/n的/ude1尺度/n和/cc装饰/vn深度/n可以/v体现/v户主/n的/ude1地位/n与/cc财力/n外/f，/wd还/d有/vyou直接/a而/cc生动/a地/ude2传达/v入口/n的/ude1识别/vn性/ng内容/n与/cc信息/n的/ude1功能/n。/wj
从/p环境/n心理学/n的/ude1角度/n来看/u，/wd民居/n的/ude1可/c识别/v性/ng可/v通过/p门/n呈现/v于/p外界/n的/ude1整体/n形象/n来/vf了解/v自身/rr所/usuo处/vi的/ude1方位/n，/wd以便/d快速/d识别/v对象/n的/ude1形象/n特色/n。/wj
(/wkz1/a)/wky门/n饰/v语言/n的/ude1风格/n类型/n，/wd如/v喀什地区/ns以/p雕/vg刻/v为主/vi，/wd彩绘/n为辅/vi的/ude1结合/vn模式/n，/wd细腻/a繁/ag覆/vg;/wf伊犁/ns地区/n的/ude1门/n饰/v清新/a秀丽/a，/wd充满/v草原/n风情/n;/wf吐鲁番地区/ns以/p绘/v为主/vi，/wd内容/n丰富/a，/wd色彩/n艳丽/a。/wj
最/d具/vg典型/n特色/n的/ude1是/vshi吐鲁番/ns鲁/b克/b沁/v镇/n的/ude1彩绘/n门/n饰/v，/wd其/rz木/ng雕/vg、/wn彩绘/n的/ude1木制/b镶板/n门面/n似/vg棋盘/n格/ng，/wd每/rz格/ng都/d绘/v有/vyou反映/v当地/s特色/n的/ude1花卉/n、/wn水果/n等/udeng题材/n的/ude1画面/n，/wd装饰/v多/ad用/v平/v涂/v、/wn套色/vi、/wn勾/v绘/v等/udeng手法/n，/wd带有/v浓郁/a的/ude1乡土气息/nl。/wj
在/p鲁/b克/b沁/v镇/n调研/vn中/f发现/v，/wd不同/a维吾尔族/nz人家/n的/ude1民居/n中/f，/wd要/v想/v找/v到/v造型/n及/cc彩绘/n装饰/vn图/n案/x极/d近/a相似/a的/ude1两/m个/q门/n是/vshi很/d难/a的/ude1。/wj
