2013年 5月 15日 ， 第十二 个 “ 国际 家庭 日 ” ， 民政部 发布消息 称 ： 中国 的 离婚 率 已 连续 8年 递增 ， 仅 2012年 一年 ， 中国 的 离婚 夫妻 就 高 达 238. 8 万 对 。
离婚 ， 是 因为 不 爱 了 、 不 幸福 了 ， 一 如 当初 我们 是 因为 相爱 和 幸福 才 结合 一样 ， 如今 我们 从 围城 里 走 出来 ， 同样 也 是 为了 重 启 另 一 段 幸福 旅程 。
但是 离婚 后 ， 究竟 有 哪些 选择 呢 ？
有人 说 离婚 后 马上 再婚 ， 是 弥补 不 成功 婚姻 的 最 好 手段 ； 也 有人 恐惧 婚姻 ， 离婚 后 只 是 找 个 人 恋爱 、 同居 ； 更 有 人 离婚 后 ， 选择 成为 威胁 另外 一个 家庭 的 “ 小 三 儿 ” ； 还有 人 和 以上 三 种 人 都 不 一样 ， 选择 和 孩子 相依为命 。
每 种 选择 背后 ， 其实 都 反映 了 个人 对 爱情 、 婚姻 的 认知 。
当 认知 发生 偏差 ， 我们 就 会 离 幸福 越来越 远 。
本期 策划 中 ， 我们 将 探讨 离婚 之后 ， 幸福 的 N 种 选择 ， 看看 哪 种 才 是 真正 的 出路 ， 而 非 陷阱 。
幸福 选择 之 1—— “ 再婚 ” ？
再婚 ， 对 很多 女 人 来说 是 无法 回避 的 选择 。
因为 寂寞 、 家人 朋友 给 的 压力 ， 有的 人 把 再婚 当成 一 种 必须 。
可 现实 中 太 多 仓促 再婚 、 最终 又 以 失败 告终 的 惨痛 教训 。
女人 要 怎样 做 ， 才 不 会 重 蹈 上 一 段 婚姻 的 覆辙 ， 从而 让 再婚 真 的 幸福 美满 ？
再婚 ， 是 孤单 的 终结 还 是 幸福 的 起点 ？
如果 说 离婚 是 人生 中 很 可能 会 挨 上 的 一 记 耳光 的话 ， 那么 ， 钟小葵 已经 被 狠狠 地 扇 了 3 记 半 耳光 了 。
彼时 ， 这个 刚 满 30 岁 的 女人 ， 正在 考虑 将 第四 段 婚姻 变成 历史 。
钟小葵 当下 的 婚姻 ， 是 闪电 般 开始 的 。
对方 比 她 小 8 岁 ， 高大 健硕 ， 一 声 “ 姐姐 ” 就 把 她 的 骨头 叫 酥 了 。
一直 号称 “ 爱情 来 了 就要 飞蛾 扑火 ” 的 钟小葵 火速 沦陷 ， 两 人 很 快 同居 然后 领 了 证 ， 任 她 的 父母 和 朋友 怎么 规劝 ， 都 没有 用 。
因为 她 觉得 ： 这 是 她 的 真 命 天子 ， 他 和 之前 的 3 个 “ 前夫 ” 都 不 一样 。
但是 ， 结婚 3 个 月 后 ， 丈夫 发现 钟小葵 有 个 7 岁 儿子 。
这个 男人 能 接受 钟小葵 有 婚史 ， 但无法 相信 她 都 有 了 7 岁 的 儿子 ！
道歉 得不到 原谅 ， 钟小葵 无 路 可 走 ， 想到 了 离婚 。
“ 离婚 对 我 来说 如 家常便饭 ， 我 都 离 过 3 次 了 还 在乎 第四 次 吗 ？
” 面对 质疑 和 规劝 ， 钟小葵 说 ， “ 离 了 再 找 呗 ！
” 全世界 都 知道 ， 如果 钟小葵 这次 真 离 了 ， 她 十 有 八九 会 很快 嫁人 的 。
尽管 婚姻 的 滋味 无比 酸 涩 ， 她 却 总是 奋不顾身 地 往 里 跳 。
21 岁 那年 ， 钟小葵 嫁 给 父亲 为 她 物色 的 男人 。
结婚 第三 年 ， 她 和 初恋 男友 在 网上 情话 绵绵 被 老公 发现 了 ， 她 拒 不 认错 ， 对方 提出 离婚 ， 她 脱口而出 ： “ 好 啊 ！
” 带 着 一 岁 儿子 离开 。
钟小葵 让 初恋 男友 写 了 一 份 “ 发誓 将 你 的 儿子 视 如 己 出 ” 的 保证书 后 和 他 结 了 婚 。
但是 半 年 后 ， 她 发现 男友 根本 没 把 她 儿子 “ 视 如 己 出 ” ， 两 人 大 吵 ， 一直 不 同意 他们 结婚 的 婆婆 上门 给 了 钟小葵 一 耳光 。
她 哭 着 喊 ： “ 等 着 瞧 ， 我 一定 会 找 个 绝世 好 男人 的 ！
” 这次 离婚 其实 挺 让 钟小葵 受 刺激 的 ， 她 开始 觉得 儿子 是 “ 拖 油瓶 ” ， 于是 把 监护权 移交 给 了 孩子 父亲 。
钟小葵 的 第三 任 丈夫 是 检察官 ， 大 她 5 岁 ， 有 车 有 房 ， 离异 ， 孩子 归 前妻 。
钟小葵 对 这 段 婚姻 很 是 上 心 ， 什么 都 听 他 的 ， 他 不 让 跟 男性 去 吃饭 唱歌 她 就 不 去 ， 他 让 她 见 儿子 她 也 乖乖 遵命 。
但 这 段 婚姻 依然 惨 淡 收场 。
丈夫 出轨 被 钟小葵 抓 包 ， 他 不 认错 ， 还 说 ： “ 你 都 离婚 两 次 了 而 我 只 一 次 ， 我 去 找 个 情人 有 什么 错 ？
” 钟小葵 那个 伤心 啊 ， 脱口而出 ： “ 离婚 ！
” 对方 没有 挽留 ， “ 离 就 离 ！
” 离婚 时 丈夫 “ 忠告 ” ： “ 就 你 这 性格 ， 得 找 个 对 你 百依百顺 的 小 白 脸 。
” 于是 她 真 的 找 了 个 小 她 7 岁 的 小 白 脸 ， 只是 ， 这 第四 段 婚姻 刚 开始 了 3 个 月 ， 钟小葵 又 过 不 下去 了 …
…
现实 生活 中 有 很多 “ 钟小葵 ” ， 她们 离不开 婚姻 ， 一 离婚 就 积极 地 准备 再婚 。
有的 是 因为 在 意 别人 的 眼光 或者 对抗 父母 ， 但 实际上 ， 她们 骨子里 还 没 准备 好 再婚 ， 或者 根本 不 适合 再婚 ； 还 有些 人 再婚 ， 只是 为了 填补 空虚 ， 迫切 要 再 找 一个 人 。
