食品 安全 堪 忧 ， 为了 让 女儿 喝 上 放心 奶 ， 初 为人 父 的 他 亲自 养 了 两 只 奶羊 给 女儿 供 奶 。
大 都市 里 怎么 养 奶羊 ？
拳 拳 父爱 引发 的 奇特 想法 会 演绎 怎样 一 段 故事 ？
2012年 10月 ， 经过 湖南 长沙市 汽车 北站 附近 的 人 都 会 惊奇 地 发现 ： 在 一 栋 四 层 高 的 楼顶 ， 赫然 圈养 着 几 只 白色 的 奶羊 。
若 是 在 清晨 或者 傍晚 ， 还 能 看到 一个 30 多 岁 的 男子 在 那儿 陪 羊 “ 散步 ” 或 给 羊 挤 奶 。
新潮 奶 爸 决定 养 羊 取 奶 今年 36 岁 的 韦星雨 是 湖南省 长沙县 黄花 镇 人 ， 在 长沙市 开福区 经营 白酒 代理 生意 。
大学 毕业 后 ， 因为 一直 忙 着 做 生意 ， 耽误 了 个人 终身大事 ， 直到 2006年 ， 30 岁 的 他 才 在 父母 的 催促 下 结婚 。
幸福 地 过 了 两年 二 人 世界 ， 正当 韦星雨 准备 要 孩子 时 ， 2008年 9月 ， 突然 爆出 了 震惊 全国 的 “ 三鹿 奶粉 ” 事件 。
韦星雨 的 妻子 在 医院 上班 ， 平时 工作 很 忙 ， 将来 要 是 生 了 孩子 不 可能 长期 在 家 给 孩子 喂 母乳 …
…
可 现在 奶粉 有 “ 毒 ” 不 能 吃 ， 孩子 出生 后 怎么办 ？
韦星雨 的 心里 泛起 对 未来 生活 的 隐隐 担忧 。
随后 ， 各种 问题 奶粉 仍 不断 曝光 ， 大家 对 国产 奶粉 的 信任 度下降 到 了 最低点 ， 有 一定 经济条件 的 人 都 纷纷 转 买 国外 的 进口 奶粉 ， 甚至 有 大 批 年轻 妈妈 托 人 到 新西兰 、 澳大利亚 代购 奶粉 。
2011年 6月 ， 妻子 怀孕 了 。
得知 这个 消息 ， 韦星雨 既 兴奋 又 紧张 。
每天 下班 后 ， 他 都 会 早早 回到 家 陪伴 妻子 ， 还 给 她 买 很多 营养品 。
2011年 12月 ， 妻子 离 预产期 还有 4 个 月 ， 韦星雨 又 开始 思考 孩子 出生 后 的 奶粉 问题 。
一日 ， 韦星雨 把 近年 曝光 的 问题 奶粉 筛 了 一 遍 ， 忽然 发现 所有 出 问题 奶粉 都 是 牛 奶粉 ， 羊 奶粉 并 没有 爆出 过 什么 质量 问题 。
再三 确定 后 ， 韦星雨 兴奋 地 将 这个 发现 告诉 妻子 。
两 人 对比 了 牛奶 和 羊奶 的 优缺点 ， 还 意外 发现 ， 羊奶 其实 比 牛奶 营养 价值 更 高 …
…
于是 ， 两 人 决定 ， 等 孩子 出生 后 就 买 羊 奶粉 ！
然而 ， 2012年 1月 ， 韦星雨 在 新闻 上 看到 ， 陕西 某 奶粉 企业 生产 的 羊 奶粉 疑 被 细菌 污染 ， 原因 是 羊 吃 了 被 污染 的 草料 而 使 产出 的 羊奶 也 携带 细菌 。
怎么办 ？
眼 看 孩子 就 要 出生 了 ， 韦 星 雨 顿时 没 了 主意 。
和 每 一个 准 爸爸 一样 ， 韦星雨 希望 自己 的 宝贝 一 出生 就 得到 最 安全 、 最 健康 的 食物 。
这些 关于 婴儿 食品 健康 的 负面 消息 ， 让 这个 正 准备 迎接 小 生命 的 父亲 有点 不知所措 。
一 个 内蒙古 的 朋友 到 长沙 出差 ， 见 他 即将 荣升 父亲 却 没有 一点 高兴 的 样子 ， 便 问 他 怎么 回 事 。
韦星雨 说 出 心中 的 疑虑 ， 朋友 对 他 说 ： “ 要不 ， 你 学学 我们 内蒙古 的 牧民 ， 自己 养 一 头 奶牛 或 奶羊 ？
这样 ， 孩子 就 可以 喝 到 家 产 的 鲜奶 了 …
…
” 自己 养牛 养 羊 ， 这 现实 吗 ？
朋友 分析 道 ： “ 奶牛 体 大 ， 养 起来 比较 麻烦 ， 不过 养 头 奶羊 还是 可以 的 。
现在 的 奶山羊 一般 都 可以 舍 饲 ， 你 找 个 地方 圈 起来 就 行 ， 草料 的 话 可以 到 郊区 去 种 ， 再 买 一些 精饲料 就 可以 了 。
” 朋友 还 告诉 他 ， 在 西北 地区 ， 很多 牧民 从来 不 买 奶粉 ， 给 孩子 喝 的 除了 母乳 就 是 自 家产 的 羊奶 ， 而且 喝 了 后 都 长 得 结实 健康 ， 很 少 生病 …
…
韦 星 雨 顿时 兴奋 起来 ， 万一 妻子 产后 母乳 不足 ， 孩子 的 粮食 问题 也 可以 解决 了 ， 即使 妻子 的 奶水 好 ， 用不着 羊奶 ， 留 着 给 大人 喝 也 好 啊 ！
他 当场 决定 要 自己 养 羊 取 奶 。
回家 后 ， 他 把 这个 想法 告诉 妻子 ， 一 想到 自己 养 羊 会 面临 许多 困难 ， 妻子 劝 他 再 考虑 一下 。
但 韦星雨 信心 满满 ： “ 为了 孩子 的 健康 ， 就是 有 再 大 的 困难 ， 我 也 愿意 面对 ！
” 再 困难 也 要 让 女儿 喝 上 放心 奶 养 羊 首先 要 有 场地 ， 想来 想 去 ， 韦星雨 想到 了 自家 楼顶 ， 那里 向阳 、 通风 、 宽敞 ， 又 有 护栏 ， 可以 让 羊 自由 活动 ， 而且 不 会 影响 邻居 。
于是 ， 他 马上 请 人 在 楼顶 砌 了 一 间 羊 舍 。
为了 避免 奶羊 直接 睡 在 水泥 地上 夏 热 冬 冷 ， 他 在 羊 舍 铺 了 一 层 带 缝隙 的 木板 。
羊 舍 建 好 后 ， 2012年 2月 ， 韦星雨 来到 北京 一 家 牧场 进行 考察 。
牧场 老板 得知 韦 星 雨 千里迢迢 赶来 买 羊 ， 只 为 让 即将 出生 的 孩子 喝 到 健康 羊奶 ， 感动 地 向 他 推荐 了 3000 多 元 一 只 的 瑞士 萨 能 奶山羊 。
这种 羊 是 世界 上 最 著 名 的 奶山羊 品种 ， 适应性 广 ， 抗病 力 强 ， 每年 有 约 10 个 月 的 产 奶 期 ， 每天 可 产 奶 3 升 左右 。
