台 大 的 醉 月 湖 记载 着 一个 故事  关于 一 名 困 情 女子 投 水 的 传说 
我 想  深情 即 是 一 桩 悲剧 必 得 以 死 来 句读 
而 这种 死 也 是 最 纯洁 的 
我 是 名 弱者  欣赏 了 悲剧 也 扮演 过 悲剧  却 在 最后 一 幕 潜逃  人 是 活 着  热情 已 死 
因此 我 写 下 水 问 
纪念 那 位 女子 并 追悼 自己 
那年 的 杜鹃 已 化 做 次 年 的 春 泥  为何  为何 你 的 湖水 碧绿 依然 如今 
那年 的 人事 已 散 成 凡间 的 风尘  为何  为何 你 的 春 闺 依旧 年年 年轻 
是 不 是 柳 烟 太 浓密  你 寻 不 着 春日 的 门 扉 
是 不 是 栏杆 太 纵横  你 潜 不 出 涕泣 的 沼泽 
是 不 是 湖 中 无 堤 无 桥  你 泅 不到 芳香 的 草 岸 
传说 太 多  也 太 粗糙  说 你 只不过 是 曾经 花城 的 孤单 女子  因 不 慎 而 溺 于 爱 的 歧 流 断 脉 之中  说 你 的 失足 只 是 一 种 意外 
说 有 人 见 你 午夜 低 徊 于 水 陆 的 边缘  羞怯 的 向 陌生 的 行人 诉说 你 破碎 的 心肠  说 你 千里迢迢 要 来 赴 那 人 的 盟约  然而 千里迢迢 怎 是 你 所 能 跋涉 
日夜 的 次序 又 怎 能 容 你 轻易 嵌入 
你 已 不 属于 时间 空间  你 因而 被 镇 于 湖心 水 湄  再 不 敢 向 人间  向 你 钟爱 的 人间 殷殷 探询 
你 于是 成 了 一 只 冷 僵 了 的 蝴蝶 标本  在 图鉴 上 注明 因 求偶 不成 而 自 戕  被 传阅 于 唇 齿 残 香 的 茶余饭后 
要 问 你  天空 这么 温柔 的 包容 着 大地  为何 你 不 送 走 今日 且 待 明日 
大地 这么 宽厚 的 载 育 着 万物  为何 你 不 掏 穴 别 居 另 成 家室 
人间 婚姻 的 手续 这么 简单  为何 你 独独 择 水 为 你 最后 的 归宿 
是 不 是 你 信念 着  有 一 种 无缘 由 而 起 的 宇宙 最初 要 持续 到 无缘 由 而 去 的 宇宙 最后 的 一 种 约 誓  让 你 飘零 过 千 万 年 的 混 沌  于此生 此 身 为 人  要 在 人间 相 寻 相 觅 
你 是 离 群 的 雁  甘愿 于 人间 的 尘 网  折 翅 敛 羽  要 寻 百年 前 流散 于 洪流 乱 烟 中 的 另 一 只 孤雁 
你 走 过 多少 个 春去秋来  多少 丈 人间 红尘  你 来 到 那 人 面前  虽然 人间 铸 他 以 泥 沤  你 依旧 认出 那 疲惫 的 面容 正 是 你 的 魂 梦 所 系  那 沙哑 的 嗓音 正 是 你 所 盼望 的 清脆 
你 从 他 的 眼眸 看 出 你 最 原始 的 身影  你 知道  那 是 你们 唯一 的 辨认 
人间 的 鹊桥  虽 不如 天庭 的 绚丽  而 你们 愿意 一 砖 一 瓦 的 建筑 
人间 的 气候  虽 不如 天庭 的 清朗  而 你们 羽翼 同 飞 要 共 地 坼 天 裂 的 风暴 
人间 的 箪 食 瓢 饮  虽 不如 天庭 的 琼浆 玉 液  而 你们 饭 蔬 食 饮 甘之如饴 
生命 的 意义 原本 就 模 糊 不 清  在 纷 杂 的 爱 之 向 度 中  你们 愿意 凸显 爱情 为 你们 心中 的 殿堂 
以 千年 的 姻缘  作 最 坚固 的 奠基  以 信任 与 尊敬  作 不朽 的 钢架  深挚 的 痴 爱  是 你们 的 铜墙铁壁 
不 渝 的 贞操  是 避风 的 屋顶 是 挡 雨 的 门窗 
人们 只 能 依 你们 的 声音 容貌  批评 这样 的 茅 茨 土屋 
而 你们 温婉 地 相待  且 让 人们 去 追求 他们 所谓 的 富 与 美  在 你们 崇高 的 人格 花园 里  自然 生长 着 四季 繁花  清风 朗 月 
此 去  此 去 经 年  千山万水  永不 相 离  生老病死  永不 相 弃 
而是 不 是 今日 的 下 弦 曾 是 十五 的 月 圆 
是 不 是 眼前 的 沧海 曾 是 无际 的 桑田 
是 不 是 来自 于 生 的 终归 于 死  痴 守 于 爱 的 终 将 成 恨 
是 不 是 春 到 芳菲 春 将 淡  情 到 深处 情 转 薄 
你 坚信 的 约 誓  是 四月 残缺 的 柳絮 
你 溯 回 的 记忆  是 荆 刺 丛毛 的 刑 地 
你 眼见 手 成 茧 足 结痂  而 人间 的 鹊桥 已 成 废墟 
你 于是 放眼 苍茫  要 要 天 地 为 你 卜 一 卜  天长地久   山川 静默 蜿蜒  说 这 一 卦  不 在 人间  只 在 天上 
你 披 发行 吟  踉踉跄跄 去 熙攘 的 市井 探询  你 说   借 问  借问 怎么 回 去 我 的 殿堂  我 的 恋 之 初        "
好心 的 行人 摇摇 头  说 没有 这样 一 条 路  没 听说 过 这个 方向       
你 想起 了 千年 前 的 流 离 
盼 到 今生 才 又 聚  为何 不 能 同 羽 同 翼 
为何 曾经 的 约 誓 之 佚 成 短 简 残 篇 的 流 离 
为何 地 能 久 天 能 长  人间 的 爱情 却 离 了 又 聚 聚 了 又 散 
当 太阳 再 升起  所有 的 杜鹃 萎 身 谢礼  化 成 声声 的 杜宇  唤 你 不 如  不如 归去  你 仰 首 看 着 今日 的 天空  似乎 和 昨日 并 无 差别  你 舒 开 手中 的 书 卷  一样 的 道理  一样 的 铅字 
而 你 的 殿堂 已 是 前尘  你 的 爱情 已 成 往事 
就 把 一 款款 的 道理 还给 线装 的 书架  把 一 滴 滴 的 泣 血流 给 春 泥  把 一身 姿态 给 验尸 的 风雨  夜半 湖心  秋 虫 唧唧      
当 太阳 再 升起  所有 的 杜宇 声声 唤 你  所有 的 人间 恩爱  你 已 双手 归还 而 去 
是 不 是 湖水 如 翡翠  依然 是 你 不 死 的 柔情  涨潮 于 干旱 的 季节 