傅孟真 先生 的 《 我 所 认识 的 丁文江 先生 》  是 一 篇 很 大 的 文章  只有 在 君 当 得 起 这样 一 篇 好 文章 
孟真 说  我 以为 在 君确 是 新 时代 最 良善 最 有 用 的 中国 人 之 代表  他 是 欧 化 中国 过程 中 产生 的 最高 的 菁华  他 是 用 科学 知识 作 燃料 的 大马力 机器  他 是 抹杀 主观  为 学术 为 社会 为 国家 服务者  为 公众 之 进步 及 幸福 而 服务者 
这 都 是 最 确切 的 评论  这里 只 有  抹杀 主观  四 个 字 也许 要 引起 他 的 朋友 的 误会 
在 君 是 主观 很 强 的 人  不过 孟真 的 意思 似乎 只是 说 他  抹杀 私 意    抹杀 个人 的 利害  
意 宝 坚强 的 人 都 不能 没有 主观  但 主观 是 和 私 意 私利 说 不 相同 的 
王文伯 先生 曾 送 在 君 一个 绰号  叫做 theconclus -ionist  可 译 做  一个 结论 家  
这就是说  在 君 遇 事 总 有 他 的  结论   并且 往往 不 放松 他 的  结论  
一 个 人 对于 一 件 事 的  结论  多少 总 带 点 主观 的 成分  意志 力 强 的 人 带 的 主观 成分 也 往往 比较 一般 人 要 多 些 
这 全 靠 理智 的 训练 深浅 来 调剂 
在 君 的 主观 见解 是 很 强 的  不过 他 受 的 科学 训练 较 深  所以 他 在 立身 行 道 的 大关 节目 上 终 本 愧 是 一个 科学 时代 的 最高 产儿 
而 他 的 意志 的 坚强 又 使 他 忠于 自己 的 信念  知 了 就 不 放松  就 决心 去 行  所以 成为 一个 最 有 动力 的 现代 领袖 
在君 从小 不 喜欢 吃 海味  所以 他 一生 不 吃 鱼翅 鲍鱼 海参 
我 常 笑 问 他  这 有 什么 科学 的 根据 
他 说 不 出来  但 他 终 不 破戒 
但是 他 有 一 次 在 贵州 内地 旅行  到 了 一 处 地方  他 和 他 的 跟 人 都 病倒 了 
本地 没有 西医  在 君 是 绝对 不 信 中医 的  所以 他 无论如何 不 肯 请 中医 诊治  他 打 电报 到 贵阳 去 请 西医  必须 等 贵阳 的 医生 赶到 了 他 才 肯 吃 药 
医生 还 没有 赶到  他 的 跟 人 已 病 死 了  人 都 劝 在 君 先 服 中药  他 终 不 肯 破戒 
我 知道 他 终身 不曾 请教 过 中医  正 如 他 终身 不 肯 拿 政府 干薪  终身 不 肯 因 私事 旅行 借用 免票 坐 火车 一样 的 坚决 
我 常 说  在 君 是 一个 欧 化 最 深 的 中国 人  是 一个 科学化 最 深 的 中国 人 
在 这 一点 根本 立场 上  眼中 人物 真 没 有 一个 人 能 比 上 他 
这 也许 是 因为 他 十五 岁 就 出洋  很 早 就 受 了 英国 人 生活 习惯 的 影响 的 缘故 
他 的 生活 最 有 规则  睡眠 必须 八 小时  起居 饮食 最 讲究 卫生  在 外面 饭馆 里 吃饭 必须 用 开 水洗 杯 筷  他 不 喝酒  常 用 酒 来 洗 筷子  夏天 家中 吃 无 皮 的 水果  必须 在 滚水 里 浸 二十秒钟 
他 最 恨 奢侈  但 他 最 注重 生活 的 舒适 和 休息 的 重要  差不多 每年 总 要 寻 一个 歇 夏 的 地方  很 费事 的 布置 他 全家 去 避暑  这 是 大半 为 他 的 多 病 的 夫人 安排 的  但 自己 也 必须 去 住 一个 月 以上  他 的 弟弟  侄儿  内侄女  都 往往 同 去  有时 还 邀 朋友 去 同 住 
他 绝对 服从 医生 的 劝告  他 早年 有 脚 痒 病  医生 说 赤脚 最 有效  他 就 终身 穿 有 多孔 的 皮鞋  在 家常 赤脚  在 熟 朋友 家中 也 常 脱 袜子  光 着 脚 谈天  所以 他 自 称   赤脚 大 仙  
他 吸 雪 前 烟 有 二十年 了  前年 他 脚 指 有 点 发麻  医生 劝 他 戒烟  他 立刻 就 戒烟 绝 了 
这种 生活 习惯 都 是 科学化 的 习惯  别人 偶一为之  不久 就 感觉 不 方便  或 怕人 讥笑  就 抛弃 了 
在 君 终身 奉行  从 不顾 社会 的 骇怪 
他 的 立 身 行 己  也 都 是 科学化 的  代表 欧化 的 最高 层 
他 最 恨 人 说谎  最 恨 人 懒惰  最 恨 人 滥 举债  最 恨 贪污 
他 所谓  贪污   包括 拿 干薪  用 私人  滥发 荐 书  用 公家 免票 来 做 私家 旅行  用 公家 信笺 来 写 私信  等等 
他 接受 凇 沪 总 办 之 职 时  我 正 和 他 同 住 在 上海 客 利 饭店  我 看见 他 每天 接到 不少 的 荐 书 
他 叫 一个 书记 把 这些 荐 信 都 分类 归档  他 就职 后  需要 用 某 项 人 时  写信 通知 有 荐 信 的 人 定期 来 受 考试  考试 及格 了  他 都 雇用  不 及格 的  他 一一 通知 他们 的 原 荐 人 
他 写信 最 勤  常 怪 我 案 上 堆积 无数 未 覆 的 信 
他 说   我 平均 写 一 封 信 费 三分 钟  字 是 潦草 的  但 朋友 接着 我 的 回信 了 
你 写信 起码 要 半点 钟  结果 是 没有 工夫 写信  
蔡孑民 先生 说 在 君  案 无 留 牍   这 也 是 他 的 欧 化 的 精神 
罗文干 先生 常 笑 在 君 看 钱 太 重  有 寒伧 气 
其实 这 正是 他 的 小心谨慎 之 处 
他 用 钱 从来 不 敢 超过 他 的 收入  所以 能 终身 不 欠债  所以 能 终身 不 仰面 求人  所以 能 终身 保持 一个 独立 的 清白 之 身 
他 有时 和 朋友 打牌  总 把 输赢 看 得 很 重  得 很 重  他 手里 有 好 牌 时  手心 常 出 汗  我们 常 取笑 他  说 摸 他 的 手心 可以 知道 他 的 牌 
罗文干 先生 是 富家 子弟 出身  所以 更 笑 他 寒伧 