也许 是 缘分  从 孩提 时候 我 就 喜欢 了 马 
三四 岁  话 怕 才 咿呀 会 说  亦复 刚刚 记事  朦胧 想 着  仿 佛家 门前  老 槐 树荫 下  站 满 了 大 圈 人  说不定 是 送 四 姑 走 呢 
老 长工 张 五  从 东 院 牵 出马 来  鞍 鞯 都 已 齐备  右手 是 长 鞭  先 就 笑 着 嚷  跟 姑姑 去 吧 
说 着 一 手 揽 上 了 鞍 去  我 就 高兴 着 忸怩 学 唱  骑 白马  吭 铃 吭 铃 到 娘家  
大家 都 笑 了 
准 是 父亲  我 是 喜欢 父亲 而 却 更 怕 父亲 的  说  下 来 吧 
小小的 就 这样 皮 
一 团 高兴 全 飞 了 
下 不 及  躲 在 了 祖母 跟前 
人  说 着 就 会 慢慢 儿 大 的 
坡 里 移 来 的 小 桃树  在 菜园 里 都 长 满 了 一 握 
姐姐 出阁 了 呢 
那 远远 的 山庄 里  土 财主 
每次 搬 回 来 住 娘家  母亲 和 我们 弟弟  总是 于 夕阳 的 辉照中  在 庄 头 眺望 的 
远远 听见 了 銮 铃声 响  隔 着 疏 疏 的 杨柳  隐约 望见 了 在 马上 招手 的 客人  母亲 总 禁不住 先 喜欢 得 落泪  我们 也 快 活 得 像 几 只 鸟  叫 着 跑 着 迎 上去 
问 着 好  从 伙计 的 手中 接 过 马 辔 来  姐姐 总 说   又 长 高 了  
车 门口  也 是 彼此 问 着 好  客人 尽管 是 一边 笑 着  偷 回首 却 是 满 手帕 的 泪 
家乡 的 日子 是 有趣 的 
大 年初 三四  人 正 闲  衣裳 正 新  春联 的 颜色 与 小孩 的 兴致 正 浓 
村里 有 马 的 人家  都 相 将 牵 出 了 马 来 
雪 掩 春 田  正好 驰 骤 竞赛 呢 
总 也 有 三五 匹 吧  骑 师 是 各自 当家的 
我们 的  例 由 比 我 大 不 了 几 岁 的 叔父 负责  叔父 骑 腻 了  就是 我 的 事 
观众 不 少 啊  0 村 的 祖伯叔  兄弟 行辈  年老 的 太太  较 小 的 邻 舍侄 妹  一 凑 就 是 近 百 的 数目 
崭新 的 年 衣  咳 笑 的 乱 语  是 同 了 那 头 上 亮 着 的 一 碧 晴空 比 着 光彩 的 
骑马 的 人 自然 更 是 鼓舞 有加 喽 
一 鞭 扬 起  真 像 霹雳 弦 惊  飕飕 的 那 耳边风 丝  恰 应 着 一个 满心 的 矜持 与 欢快 
弛 骋 往返  非 到 了 马 放大 汗 不 歇 
毕 剥 的 鞭炮声 中  马 打 着 响鼻  像 是 凯旋  人 散 了 
那 是 一 幅 春 郊 试 马 图 
那样 直到 上 元  总是 有 马 骑 的 亲戚 家人 来往  驴骡 而外  代 步 的 就 是 马 
那些 日子  家里 最 热闹  年轻人 也 正 蓬勃 有 生气 
姑表 堆 里  不 是 常常 少不了 戏谑 么 
春 酒筵 后  不 下 象棋 的  就 出门 遛 几 趟马 
孟 春雨 霁  滑 0 的 道 上  骑 了 马 看 卷 去 的 凉 云  麦苗 承 着 残 滴  草木 吐 着 新 翠  那 一 脉 清 鲜 的 泥土 气息  直 会 沁人心脾 
残 虹 拂 马鞍  景致 也 是 宜人 的 
端阳  正是 初夏  天气 多少 热 了 起来 
穿 了 单衣  戴 着 箬 笠  骑马 去 看 戚友  在 途中  偶尔 河边 停步  攀 着 柳条  乘 乘凉  顺便 也 数数 清流 的 游 鱼  听 三两 渔父  应 着 活 浪 活 浪 的 水声  哼 着 小调 儿  这 境界 一品 尚书 是 不 换 的  不然  远道 归来  恰 当日 0 半 山  残照 红 于 榴花  驱 马 过 三 家 村边  酒 旗 飘 处  斜 睨 着  闻 香 下马  那么 几 个 斗 方 大字  你 不 馋 得 口 流 涎 么 
才 怪 
鞭子 垂 在 身边  摇摆 着  狗 咬 也 不怕 
 小妞 
吃饭 啦  还 不 给 我 回 家  
你 瞧  已 是 吃 大家 饭 的 黄昏 时分 了 呢 
把 缰绳 一 提  我 也 赶 我 的 路  到家 掌灯 了  最 喜 那 满 天 星斗 
真 是 家乡 的 日子 是 有趣 的 
当 学生 了 
去 家 五 里 遥 的 城里 
七 天 一 回 家  每次 总 要 过 过 马 瘾 的 
东岭  西 洼  河埃  丛林  踪迹 殆 遍 殆 遍 
不 是 午饭 都 忘 了 吃 么 
直到 父亲 呵 叱 了  才 想起 肚子 饿 来 
反正 父亲 也 是 喜欢 骑马 的  呵 叱 那 只 是 一 种 担心 
啊  生 着 气 的 那 慈爱 喜悦 的 心 啊 
祖父 也 爱 马  除了 像 三国志 那样 几 部 老 书 
春天 是 好 骑 了 马 到 十 里 外 的 龙潭 看 梨花 的 
秋来 也 喜 去 看 矿山 的 枫叶 
马夫  别人 争 也 无益  我 是 抓 定 了 的 官 差 
本来 么  祖孙 两 人  缓 辔 蹒跚 于 羊肠小道  或 浴 着 朝 暾  或 披 着 晓霞  闲谈 着  也 同 乡里 交换 问寒问暖 的 亲热 的 说话  右边 一 只 鸟 飞 了  左边 一 只 公鸡 喔 喔 在 叫  在 纯朴 自然 的 田野 中  我们 是 陶醉 着 的 
OldmanisthetwiceofChild 我们 也 志同道合 
最 记得 一个 冬天  满 坡 白雪  没有 风  老人家 忽 尔 要 骑马 出去 守 了  他 就 穿 了 一 袭 皮袍  暖 暖 的  系 一 条 深 紫 的 腰带  同 银白 的 胡须 对比 的 也 戴 了 一 顶 绛紫 色 的 风帽  宽大 几乎 当 得 斗篷  马 是 棕色 的 那 一 匹 吧  跟班 仍旧 是 我 
出发 了 呢 
那 情景 永远 忘 不 了 
虽 没 去 做 韵事  寻 梅花  当 我们 到 岭 巅 头  系 马长松  去 俯瞰 村舍 里 的 缕缕 炊烟  领略 那 直到 天边 的 皓洁 与 荒 旷 的 时候  却 是 一个 奇迹 