屋 是 挂 在 山坡 上 的 
门窗 开 处 便 都 是 山 
不 叫 它 别墅  因为 不 是 旁 宅 支 院 颐养 避暑 的 地方  唤 作 什么 楼 也 不妥  因为 一 底 一 顶  顶 上 就 正 对 着 天空 
无 以 名 之  就 姑且 直 呼 为 山 屋 吧  那 是 很 有 点 老实 相 的 
搬 来 山 屋  已 非 一朝一夕 了  刚 来 记得 是 初夏  现在 已 慢慢 到 了 春天 呢 
忆 昔 入 山 时候  常常 感到 一 种 莫名 的 寂寞  原来 地方 太 偏僻  离 街市 太 远 啊 
可是 习惯 自然 了  浸 假 又 爱 了 它 的 幽静  何况 市镇 边缘 上 的 山  山坡 上 的 房屋  终究 还 具备 着 市 廛 与 山林 两 面 的 佳 胜 呢 
想 热闹  就 跑 去 繁 嚣 的 市内  爱 清闲  就 索性 锁 在 山里  是 两 得 其 便 左右逢源 的 
倘若 你 来  于 山 屋  你 也 会 喜欢 它 的 吧 
傍 山 人家  是 颇 有 情趣 的 
譬如 说  在 阳春 三月  微微 煦 暖 的 天气  使 你 干 什么 都 感到 几 分 慵 倦  再 加 整天 的 忙碌  到 晚上 你 不 会 疲惫 得 像 一 只 晒 腻 了 太阳 的 猫 么 
打打 舒 身 都 嫌 烦 
一 头 栽 到 床 上  怕 就 蜷伏 着 昏 昏 入睡 了 
活像 一 条 死 猪 
熟睡 中  踢 来 拌 去 的 乱 梦  梦 味儿 都 是 淡 淡 的 
心 同 躯壳 是 同样 的 懒 啊 
几乎 可以 说是 泥 醉 着  糊 涂 着 乏 不可 耐 
可是 大大 的 睡 了 一 场  寅 卯 时分  你 的 梦境 不 是 忽然 透 出 了 一 丝 绿莹莹 的 微光 么  像 东风 吹 过 经 冬 的 衰 草 似的  展 眼 就 青 到 了 天边 
恍 恍惚 惚 的  屋 前 屋后 有 一 片 啾 唧 哳 哳 的 闹 声  像 是 姑娘 们 吵嘴  又 像 — 群 活泼泼 的 孩子 在 嘈杂 乱 唱  兀 的 不知 怎么 一 来  那里  支 幽  一 响  你 就 醒 了 
立刻 你 听 到 了 满 山 满 谷 的 鸟 叫 
缥 缥缈 遥 的 那里 的 钟声  也 嗡嗡 的 传 了 过来 
你 睁 开 了 眼  窗帘 后 一 缕 明亮  给 了 你 一个 透底 的 清醒 
靠 左边 一点  石工 们 在 丁东 的 凿 石 声 中  说 着 呜呜 噜 噜 的话  稍 偏 右边  得 得 的 马蹄 声 又 仿 佛 一路 轻 的 撒 上 了 山 去 
一切 带来 的 是 个 满心 的 欢笑 啊 
那时 你 还 能 躺 在 床 上 么 
不  你 会 霍然 一 跃 就 起来 的 
衣裳 都 来不及 披 一 件  先 就 跳 下 床 来 打开 窗子 
那 窗外 像 笑 着 似的 处女 的 阳光  一 扑 就 扑 了 你 个 满怀 
 呵  我 的 灵魂  我们 在 平静 而 清冷 的 早晨 找到 我们 自己 了  
( 惠特曼 《 草叶 集 》 ) 那 阳光 洒 下 一 屋 的 愉快  你 自己 不 是 都 几乎 笑 了 么 
通身 的 轻松 
那 山 上 一 抹 嫩绿 的 颜色  使 你 深深 的 吸 一 口 气  清爽 是 透 到 脚 底 的 
瞧 着 那 窗外 的 一 丛迎春 花  你 自己 也 仿 佛 变 作 了 它 的 一 枝 
我 知道 你 是 不 暇 妆 梳 的  随便 穿 了 穿 衣裳  就 跑 上山 去 了 
一 路  鸟儿 们 飞 着 叫 着 的 赶 着 问  早 啊 
早 啊  
的话  闹 得 简直 不 像 样子 
戴 了 朝露 的 那 山草 野花  遍 山 弥漫 着  也 不 懂事 不 懂事 似的 直 对 你 颔 首 微笑  受宠若惊  你 忽然 骄 蹇 起来 了  迈 着 昂 藏 的 脚步 三 跨 就 跨 上 了 山巅 
你 挺直 了 腰板  要 大声 嚷 出 什么 来  可 是 怕 喊 破 了 那 清朝 静穆 的 美景  你 又 没 嚷 
只 高高的 伸出 了 你 粗壮 的 两 臂  像 要 拥抱 那个 温 都 的 娇 阳 似的  很 久 很 久  你 忘掉 了 你 自己 
自然 融化 了 你  你 也 将 自然 融化 了 
等 到 你 有空 再 眺望 一下 那 山 根 尽头 的 大海 的 时候  看 它 展开 着 万顷 碧 浪  翻掀 着 千 种 金 波 灵机一动  你 主宰 了 山  海  宇宙 全 在 你 的 掌握 中 了 
下 山  路 那边 邻家 的 小孩子  苹果 脸 映 着 旭阳  正 向 你 闪闪 招手  烂漫 的 笑  你 不 会 赶 着 问 她   宝宝 起 这样 早 哇 
姐姐 呢  
再 一会  山 屋里 的 人 就 是 满 口 的 歌声 了 
再 一会  山 屋 右 近 的 路上  就 是 逛 山 的 人格 格 的 笑语 了 
要 是 夏天  晌午 阳光 正 毒  在 别处 是 热 得 汤 煮 似的 了  山 屋里 却 还 保持 着 相当 的 凉爽 
坡 上 是 通风 的 
四 围 的 山松 也 有 够 浓 的 荫凉 
敝 着 窗  躺 在 床 上  噪 耳 的 蝉 声 中 你 睡着 了  噪 耳 的 蝉 声 中 你 又 醒 了 
没 人 逛 山 
樵夫 也 正 傍 了 山石 打盹 儿 
市 声 又 远远 的  只有 三五 个 苍蝇  嗡 飞 到 了 这里  嗡 又 飞 到 了 那里 
老鼠 都会 瞅 空 出 来 看看 景 的 吧   蝉 噪 林 逾 静  鸟 鸣 山 更 幽   心跳 都 听 得 见 捕 腾 呢 
你 说  山 屋里 的 人  不 该 是 无 怀 氏 之 民 么 
夏夜  自 是 更 好 
天 刚 黑  星 就 悄悄的 亮 了 
流 萤 点点  像 小 灯笼  像 飞花 
檐 边 有 吱吱 叫 的 蝙蝠  张 着 膜 翅 凭 了 羞 光 的 眼 在 摸索 乱 飞 