如果 当初 世代相传 的 衣服 没有 大 批 卖 给 收 旧货 的  一年一度 六月 里 晒 衣裳  该 是 一 件 辉煌 热闹 的 事 罢 
你 在 竹竿 与 竹竿 之间 走过  两边 拦 着 续 罗 绸缎 的 墙 —— 那 是 埋 在 地 底下 的 古代 富 室 里 发掘 出 来 的 甭 道 
你 把 额角 贴 在 织 金 的 花 绣 上 
太阳 在 这 边 的 时候  将 金线 晒 得 滚烫  然而 现在 已经 冷 从前 的 人 吃力 地 过 了 一辈子  所作所为  渐渐 蒙 上 了 灰尘  子孙 晾 衣裳 的 时候 又 把 灰尘 绘 抖 了 下来  在 黄色 的 太阳 里 飞舞 着 
回忆 这 东西 若 是 有 气味 的话  那 就是 樟脑 的 香  甜 而 稳妥  像 记得 分明 的 快乐  甜 而 帐 悯  像 忘却 了 的 忧愁 
我们 不 大 能够 想象 过去 的 世界  这么 迂缓  宁静  齐整 —— 在 满清 三百年 的 统治 下  女人 竟 没有 什么 时装 可言 
一 代 又 一代 的 人 穿 着 同样 的 衣服 而 不 觉得 厌烦 
开国 的 时候  因为  男 降 亥 不 降   女子 的 服装 还 保留 着 显 著 的 明代 遗风 
从 十七 世纪 中叶 直到 十九 世纪 末  流行 着 极度 宽大 的 杉 裤  有 一 种 四平八稳 的 沉着 气象 
领 圈 很 低  有 等于 无 
穿 在 外面 的 是  大 袄  
在 非正式 的 场合  宽 了 衣  便 露出  中 袄  
 中 袄  里面 有 紧 窄 合身 的  小 袄   上 床 也 不 脱 去  多半 是 娇媚 的 桃红 或 水红 
三 件 袄 子 之上 又 加 着  云 肩 背 心   黑 缎 宽 镶  盘 着 大 云头 
削 肩  细 腰  平 胸  薄 而 小 的 标准 美女 在 这 一 层层 衣衫 的 重 压 下 失踪 了 
她 的 本身 是 不 存在 的  不过 是 一个 衣 架子 罢了 
中国 人 不 赞成 太 触 目的 女人 
历史 上 记载 的 耸人听闻 的 美德 —— 譬如说  一 只 胳膊 被 陌生 男子 拉 了 一 把  便 将 它 砍 掉 —— 虽然 博得 普通 的 赞叹  知识 阶级 对 之 总 隐隐 地 觉得 有点 遗憾  因为 一个 女人 不 该 吸引 过度 的 注意  任 是 铁 挣 锋 的 名字  挂 在 千 万 人 的 嘴唇 上  也 在 呼吸 的 水蒸气 里 生 了 锈 
女人 更 想 出众 一点  连 这样 堂而皇之 的 途径 都 有 人 反对  何况 奇装异服  自然 那 更 是 伤风败俗 了 
出 门 时 裤子 上 罩 的 裙子  其 规律 化 更 为 彻底 
通常 都 是 黑色  逢 着 喜庆 年节  太太 穿 红 的  姨太太 穿 粉红 
寡妇 系 黑 裙  可是 丈夫 过世 多 年 之后  如 有 公婆 在 堂  她 可以 穿 湖色 或 雪青 
裙 上 的 细榴 是 女人 的 仪态 最 严格 的 试验 
家教 好 的 姑娘  莲步 珊珊  百 稻 裙 虽 不至于 纹丝不动  也 只 限于 最 轻微 的 摇 颤 
不 惯 穿 裙 的 小家碧玉 走 起 路 来 便 予 人 以 惊 风 骇 浪 的 印象 
更为 苛刻 的 是 新娘 的 红 裙  裙 腰 垂 下 一 条 条 半 寸 来 宽 的 飘带  带端 系 着 铃 
行动 时 只 许 有 一点 隐约 的 叮当  像 远 山上 宝塔 上 的 风铃 
晚 至 一九二 ０年 左右  比较 潇洒 自由 的 宽 褶 裙 入时 了  这 一 类 的 裙子 方才 完全 废除 
穿 皮子  更是 禁不起 一些 出入  便 被 目 为 暴发户 
皮衣 有 一定 的 季节  分门别类  至 为 详尽 
十月 里 若是 冷 得 出奇  穿 三 层 皮 是 可以 的  至于 穿 什么 皮  那 却 要 顾 到 季节 而 不 能 顾 到 天气 了 
初冬 穿  小毛   如 青 种羊  紫 羔  珠 羔  然后 穿  中 毛   如 银鼠  灰鼠  灰 脊  狐 腿  甘 肩  倭 刀  隆冬 穿  大 毛   —— 自 狐  青 狐  西 狐  玄狐  紫貂 
 有 功名  的 人 方 能 穿 貂 
中 下等 阶级 的 人 以前 比 现在 富裕 得 多  大都 有 一 件 金银 嵌 或 羊皮 袍子 
妨 娘 们 的  昭 君 套  为 阴森 的 冬 月 添 上 点 色彩 
根据 历代 的 图画  昭君 出 塞 所 戴 的 风 兜 是 爱斯基摩 式 的  简单 大方  好莱坞 明星 仿 制 者 颇 多 
中国 十九 世纪 的  昭 君 套  却 是 癫狂 冶 艳 的  —— 一 顶 瓜皮帽  帽 据 围 上 一 圈 皮  帽顶 缀 着 极大 的 红 绒球  脑 后 垂 着 两 根 粉红 缎带  带端 缀 着 一 对 金 印  动辄 相 击 作 声 
对于 细节 的 过分 的 注意  为 这 一时 期 的 服装 的 要点 
现代 西方 的 时装  不 必要 的 点缀 未尝 不 花样 多端  但是 都 有 个 目的 —— 把 眼睛 的 蓝色 发扬光大 起来  初 助 不 发达 的 胸部  使 人 看上去 高 些 或 矮 些  集中 注意力 在 腰 胶 上  消灭 臀部 过度 的 曲  
古 中国 衣 杉 上 的 点缀 晶 却 是 完全 无 意义 的  若 说 它 是 纯粹 装饰 性质 的 吧  为什么 连 鞋底 上 也 满 布 着 繁缛 的 图 案 呢 
鞋 的 本身 就 很 少 在 人 前 露脸 的 机会  别 说 鞋底 了  高 底 的 边缘 也 充塞 着 密 密 的 花纹 
袄 子 有  三 镶 三 滚    五 镶 五 滚    七 镶 七 滚  之 别  镶 滚 之外  下摆 与 大襟 上 还 闪烁 着 水 钻 盘 的 梅花  菊花 
袖 上 另 钉 着 名 晚  阑 干  的 丝 质 花边  宽 约 七 寸  挖 空 楼 出 福 寿 籽 样 
这里 聚集 了 无数 小小的 有趣 之 点  这样 不 停 地 另 生 枝节  放 恣  不 讲 理  在 不 相 干 的 事物 上 浪费 了 精力  正是 中国 有 闲 阶级 一贯 的 态度 