凡 在 北国 过 过 冬天 的 人  总 都 道 围 炉 煮 茗  或 吃 煊 羊肉  剥 花生米  饮 白 干 的 滋味 
而 有 地炉  暖 炕 等 设备 的 人家  不 管 它 门外 面 是 雪 深 几 尺  或 风 大 若雷  而 躲 在 屋里 过 活 的 两三 个 月 的 生活  却 是 一年 之中 最 有 劲 的 一 段 蛰居 异 境  老年人 不必 说  就是 顶 喜欢 活动 的 小 孩子 们  总 也 是 个 个 在 怀 恋 的  因为 当 这 中间  有 的 萝卜  雅儿 梨 等 水果 的 闲 食  还有 大年夜  正月 初一 元宵 等 热闹 的 节 期 
但 在 江南  可 又 不同  冬至 过后  大江 以南 的 树叶  也 不至于 脱 尽 
寒风 ─ — 西北风 ─ — 间或 吹 来  至多 也 不过 冷 了 一日 两日 
到 得 灰 云 扫 尽  落叶 满 街  晨霜白 得 象 黑 女 脸上 的 脂粉 似的 清早  太阳 一 上 屋檐  鸟雀 便 又 在 吱 叫  泥 地 里 便 又 放出 水蒸气 来  老翁 小孩 就 又 可以 上 门前 的 隙地 里 去 坐 着 曝 背 谈天  营 屋 外 的 生涯 了  这 一 种 江南 的 冬景  岂 不 也 可 爱 得 很 么 
我 生长 江南  儿时 所 受 的 江南 冬日 的 印象  铭刻 特 深  虽则 渐 入 中年  又 爱上 了 晚秋  以为 秋天 正是 读 读书  写 写字 的 人 的 最 惠 节 季  但 对于 江南 的 冬景  总 觉得 是 可以 抵 得 过 北方 夏夜 的 一 种 特殊 情调  说 得 摩登 些  便 是 一 种 明朗 的 情调 
我 也 曾 到 过 闽 粤  在 那里 过 冬天  和暖 原 极 和暖  有时候 到 了 阴历 的 年 边  说不定 还 不 得 不 拿 出 纱 衫 来着  走过 野人 的 篱落  更 还 看得见 许多 杂七杂八 的 秋 花 
一番 阵雨 雷鸣 过后  凉 冷 一点  至多 也 只好 换上 一 件 夹衣  在 闽 粤 之间  皮袍 棉袄 是 绝对 用不着 的  这 一 种 极 南 的 气候 异状  并 不 是 我 所 说 的 江南 的 冬景  只 能 叫 它 作 南国 的 长春  是 春 或 秋 的 延长 
江南 的 地质 丰腴 而 润泽  所以 含 得 住 热气  养 得 住 植物  因而 长江 一带  芦花 可以 到 冬至 而 不 败  红 时 也 有 时候 会 保持 得 三 个 月 以上 的 生命 
象 钱塘江 两岸 的 乌 桕 树  则 红叶 落后  还有 雪白 的 桕 子 着 在 枝头  一点— 丛  用 照相机 照 将 出来  可以 乱 梅花 之 真 
草 色 顶多 成 了 赭色  根 边 总 带 点 绿意  非但 野火烧不尽  就是 寒风 也 吹 不 倒 的 
若 遇到 风 和 日 暖 的 午后  你 一个 人 肯 上 冬 郊 去 走走  则 青天 碧 落 之下  你 不但 感 不 到 岁 时 的 肃 杀  并且 还 可以 饱 觉着 一 种 莫名其妙 的 含蓄 在 那里 的 生气   若 是 冬天 来 了  春天 也 总 马上 会 来  的 诗人 的 名句  只有 在 江南 的 山野 里  最 容易 体会 得出 
说 起 了 寒 郊 的 散步  实在 是 江南 的 冬日  所 给 与 江南 居住者 的 一 种 特异 的 恩惠  在 北方 的 冰天雪地 里 生长 的 人  是 终 他 的 一生  也 决不 会 有 享受 这 一 种 清福 的 机会 的 
我 不 知道 德国 的 冬天  比 起 我们 江浙 来 如何  但 从 许多 作家 的 喜欢 以 Spaziergang 一 字 来 做 他们 的 创造 题目 的 一点 看来  大约 是 德国 南部 地方  四季 的 变迁  总 也 和 我们 的 江南 差 仿 不 多 
譬如说 十九 世纪 的 那位 乡土 诗人 洛 在 格 （ PeterRosegger1843—1918 ） 罢  他 用 这 一个  散步  做 题目 的 文章 尤其 写 得 多  而 所 写 的 情形  却 又 是 大半 可以 拿 到 中国 江浙 的 山区 地方 来 适用 的 
江南 河港 交流  且 又 地 滨 大海  湖沼 特 多  故 空气 里 时 含水分  到 得 冬天  不时 也 会 下 着 微雨  而 这 微雨 寒 村里 的 冬 霖 景象  又 是 一 种 说 不 出 的 悠闲 境界 
你 试想 想  秋收 过后  河流 边 三五 家 人家 会聚 在 一 道 的 一个 小 村子 里  门对 长 桥  窗 临 远 阜  这 中间 又 多 是 树枝 槎 丫 的 杂 木 树林  在 这 一 幅 冬日 农村 的 图 上  再 洒 上 一 层 细 得 同 粉 也 似 的 白雨  加上 一 层 淡 得 几 不 成 墨 的 背景  你 说 还 够 不 够 悠闲 
若 再 要点 景致 进去  则 门前 可以 泊 一 只 篷 小船  茅屋 里 可以 添 几 个 喧哗 的 酒 客  天 垂暮 了  还 可以 加 一味 红 黄  在 茅屋 窗 中 画 上 一 圈 暗示 着 灯光 的 月晕 
人 到 了 这 一个 境界  自然 会 得 胸襟 洒脱 起来  终 至于 得失 俱 亡  死 生 不同 了  我们 总 该 还 记得 唐朝 那 位 诗人 做 的  暮 雨 潇潇 江 上 树  的 一 首 绝句 罢 
诗人 到 此  连 对 绿林 豪客 都 客气 起来 了  这 不 是 江南 冬 景 的 迷人 又 是 什么 
一 提到 雨  也 就 必然 的 要 想到 雪   晚 来 天 欲 雪  能 饮 一 杯 无  
自然 是 江南 日 暮 的 雪景 
 寒 沙 梅 影 路  微 雪 酒香 村   则 雪 月 梅 的 冬 宵 三 友  会合 在 一道  在 调戏 酒 姑娘 了 
 柴门 村 犬 吠  风雪 夜 归 人   是 江南 雪夜  更 深 人 静 后 的 景况 
 前 树 深 雪 里  昨夜 一 枝 开  又 到 了 第二 天 的 早晨  和 狗 一样 喜欢 弄 雪 的 村 童 来 报告 村 景 了 
诗人 的 诗句  也许 不 尽 是 在 江南 所 写  而 做 这 几 句 诗 的 诗人  也许 不 尽 是 江南 人  但 假 了 这 几 句 诗 来 描写 江南 的 雪景  岂 不 直截了当  比 我 这 一 枝 愚 劣 的 笔 所 写 的 散文 更 美丽 得 多 