一 莫高窟 门外  有 一 条 河 
过 河 有 一 片 空地  高 高低 低 建 着 几 座 僧人 圆寂 塔 
塔 呈 圆形  状 近 葫芦  外敷 白色 
我 去 时  有 几 座 已经 坍 弛  还 没有 修复 
只见 塔 心 是 一个 木桩  塔 身 全 是 黄土  垒 在 青 砖 基座 上 
夕阳西下  朔风 凛 列  整 的 塔 群 十分 凄凉 
有 一 座 塔  显得 比较 完整  大概 是 修建 年代 比较 近 吧 
好 在 塔 身 有 碑  移步 一 读  猛 然 一 惊  它 的 主人  竟然 就 是 那个 王 圆 箓 
再 小 的 个子  也 能 给 沙漠 留下 长长的 身影 
再 小 的 人物  也 能 让 历史 吐 出 重重 的 叹息 
王 圆 箓 既是 小个子  又 是 小 人物 
我 见 过 他 的 照片  穿着 土布 棉衣  目光 呆滞  畏 畏缩 缩  是 那个 时代 到处 可以 见到 的 一个 中国 平民 
他 原 是 湖北 麻城 的 农民  在 甘肃 当 过 兵  后来 为了 谋生 做 了 道士 
几 经 转折  当 了 敦煌 莫高窟 的 家 
莫高窟 以 佛教 文化 为主  怎么 会 让 一个 道士 来 当家 
中国 的 民间 信仰 本来 就是 羼 杂 互溶 的  王 圆 箓 几乎 是 个 文盲  对 道教 并 不 专 精  对 佛教 也 不 抵 拒  却 会 主持 宗教 仪式  又 会 化缘 募款  由 他 来 管 管 这 一 片 冷 窟 荒 庙  也 算 正常 
但是  世间 很 多 看 起来 很 正常 的 现象 常常 掩盖 着 一个 可怕 的 黑洞 
莫高窟 的 惊人 蕴藏  使 王 圆 箓 这个 守护 者 与 守护 对象 之间 产生 了 文化 等级 上 的 巨大 的 落差 
这个 落差  就是 黑洞 
我 曾 读 到 潘 絜 兹 先生 和 其他 敦煌 学 专家 写 的 一些 书  其中 记述 了 王 道士 的 日常 生活 
他 经常 出去 化缘  得到 一些 钱 后  就 找 来 一些 很 不 高明 的 当地 工匠  先 用 草 刷 蘸 上 石灰 把 精美 的 古代 壁画 刷白  再 抡 起 铁锤 把 塑像 打 毁  用 泥巴 堆 起 的 灵 官 之类  因为 他 是 道士 
但 他 又 想 到 这里 毕竟 是 佛教 场所  于是 再 让 那些 工匠 用 石灰 把 下 寺 的 墙壁 刷白  绘 上 唐代 玄 奘 到 西天 取经 的 故事 
他 四处 打量  觉得 一个个 洞窟 太 憋气 了  便 要 工匠 们 把 它们 打通  大片 的 壁画 很快 灰飞烟灭 成 了 走道 
做 完 这些 事  他 又 去 化缘  准备 继续 刷  继续 砸  继续 堆  继续 画 
这些 记述 的 语气 都 很 平静  但 我 每 次 读 到  脑海 里 也 总 像 被 刷 了 石灰 一般  一 片 惨白 
我 几乎 不 会 言 动  眼前 一直 晃动 着 那些 草 刷 和 铁 锺 
 住 手  
我 在 心底 呼喊  只见 王 道士 转 过 脸 来  满眼 困惑 不解 
我 甚至 想 低声 下 气 地 恳求 他   请 等 一 等  等 一等   
但是 等 什么 呢 
我 脑 中 依然 一 片 惨白 
二一九〇〇年 五月 二十六日  王 道士 从 一个 姓 杨 的 帮工 那里 得知  一 处 洞窟 的 墙壁 里面 好像 是 空 的  里边 可能 还 隐藏 着 一个 洞穴 
两 人 挖 开 一 看  嗬  果然 一个 满满 实 实 的 藏经洞 
王 道士 完全 不 明白  此刻  他 打开 了 一 扇 轰动 世界 的 门户 
一 门 永久性 的 学问  将 靠 着 这个 洞穴 建立 
无数 才华横溢 的 学者  将 为 这个 洞穴 耗尽 终生 
因此  从 这 一 天 开始  他 的 实际 地位 已经 直 窜 而 上  比 世界 上 那些 著 名 的 遗迹 博物馆 馆长 还 高 
但是  他 不 知道  他 不 可能 知道 
他 随手 拿 了 几 个 经 卷 到 知县 那里 鉴定  知县 又 拿 给 其他 官员 看 
官员 中 有些 人 知道 一点 轻重  建议 运 到 省城  却 又 心疼 运费  便 要求 原地 封存 
在 这个 过程 中  消息 已经 传开  有些 经 卷 已经 流出  引起 了 在 新疆 的 一些 外国 人士 的 注意 
当时  英国  德国  法国  俄国 等 列强  正 在 中国 的 西北 地区 进行 着 一 场 考古 探险 的 大 拼搏 
这个 态势  与 它们 瓜分 整个 中国 的 企图 紧紧 相连 
因此  我们 应该 稍稍 离开 莫高窟 一会儿  看 一 看 全局 
就 在 王 道士 发现 藏经洞 的 几 天 之前  在 北京  英  德  法  俄  美 等 外交 使团 又 一 次 集体 向 清政府 递交 照会  要求 严惩 义和团 
恰恰 在 王 道士 发现 藏经洞 的 当天  列强 决定 联合 出兵 
这 就 是 后来 攻陷 北京  迫使 朝廷 外逃  最终 又 迫使 中国 赔偿 四亿五千 万 两 白银  也 就 是 每个 中国 人 都 要 赔偿 一两 白银 的  八国联军  
时间  怎么 会 这么 巧 呢 
好像 是  北京 东交民巷 的 外国 使馆 里 一 作出 进攻 中国 的 决定  立即 刺 痛 了 一个 庞大 机体 的 神经 系统  西北 沙漠 中 一个 洞穴 的 门 刹时 打开 了 
更 巧 的 是  仅仅 在 几 个 月 前  甲骨文 也 被 发现 了 
我 想  藏经洞 与 甲骨文 一样  最 能 体现 了 一个 民族 的 文化 自信  因此 必须 猛 然 出现 在 这个 民族 几乎 完全 失去 自信 的 时刻 
即使 是 巧合  也 是 一 种 伟大 的 巧合 
遗憾 的 是  中国 学者 不 能 像 解读 甲骨文 一样 解读 藏经洞 了  因为 那里 的 经 卷 的 所有权  已经 被 悄悄 地 转移 
三 产生 这个 结果  是 因为 莫高窟 里 三 个 男人 的 见面 
第一 个 就 是 主人 王 圆 箓  不 多 说 了 
第二 个 是 匈牙利人 斯坦 因  刚 加入 英国 籍 不久  此刻 受 印度 政府 和 大 英 博物馆 指派  到 中国 的 西北 地区 考古 
他 博学  刻苦  机敏  能 干  在 考古 专业 水准 上 堪称 世界 一流  却 又 具有 一 个 殖民主义者 的 文化 傲慢 