出 家门  向 右 转  只有 二三十 步  就 走 进 一 条 曲径 
有 二三十年 之 久  我 天天 走 过 这 一 条 路  到 办公室 去 
因为 天天 见面  也 就 成 了 司空见惯  对 它 有 点 漠然 了 
然而  这 一 条 幽径 却 是 大大 有名 的 
记得 在 五十年代  我 在 故宫 的 一个 城楼 上  参观 过 一 个 有关 《 红楼梦 》 的 展览 
我 看到 由 几 幅 山水画 组成 的 组画  画 的 就是 这 一 条 路 
足 证 这 一 条 路 是 同 这 一 部 伟大 的 作品 有 某 一些 联系 的 
至于 是 什么 联系  我 已经 记忆 不 清 
留 在 我 记忆 中 的 只 是 一点 印象  这 一 条 平平 常常 的 路 是 有 来头 的  不 能 等闲视之 
这 一 条 路 在 燕园 中 是 极为 幽静 的 地方 
学生 们 称之为  后 湖   他们 是 很 少 到 这里 来 的 
我 上面 说 它 平平 常常  这话 有点 语病  它 其实 是 颇为 不 平常 的 
一面 傍 湖  一面 靠山  蜿蜒 曲折  实 有 曲径通幽 之 趣 
山上 苍松翠柏  杂 树 成 林 
无论 春夏秋冬  总 有 翠 色 在 目 
不 知名 的 小 花  从 春天 开 起  过 一阵 换 一个 颜色  一直 开 到 秋 末 
到 了 夏天  山上 一 团 浓绿  人们 仿 佛 是 在 一 片 绿 雾 中 穿行 
林中 小鸟  枝头 鸣 蝉  仿 佛 互相 应答 
秋天  枫叶 变 红  与 苍松翠柏  相映成趣  凄清 中 又 饱含 浓烈 
几乎 让 人 不 辨 四时 了 
小径 另 一面 是 荷塘  引人注目 主要 是 在 夏天 
此时 绿叶 接 天  红荷映目 
仿 佛 从 地下 深处 爆发 出 一 股 无比 强烈 的 生命力  向上  向上  向上  欲 与 天公 试 比 高  真 能 使 懦 者 立 怯 者 强  给 人 以 无穷 的 感染力 
不管 是 在 山上  还是 在 湖 中  一 到 冬天  当然 都 有 白雪 覆盖 
在 湖 中  昔日 潋 滟 的 绿波 为 坚冰 所 取代 
但是 在 山上  虽然 落叶树 都 把 叶子 落 掉  可是 松柏 反而 更加 精神抖擞  绿色 更加 浓烈  意思 是 想 把 其他 树木 之 所 失  自己 一手 弥补 过来  非 要 显示 出 绿色 的 威力 不行 
再 加上 还有 翠竹 助威  人们 置身 其间  决不 会 感到 冬天 的 萧索 了 
这 一 条 神奇 的 幽径  情况 大抵 如此 
在 所有 的 这些 神奇 的 东西 中  给 我 印象 最 深  让 我 最 留恋 难忘 的 是 一 株 古 藤萝 
藤萝 是 一 种 受 人 喜爱 的 植物 
清代 笔记 中 有 不少 关于 北京 藤萝 的 记述 
在 古 庙 中  在 名 园 中  往往 都 有 几 棵 寿 达 数百年 的 藤萝  许多 神话 故事 也 往往 涉及 藤萝 
北大 现 住 的 燕园  是 清代 名 园  有 几 棵 古老 的 藤萝  自 是 意 中 事 
我们 最初 从 城里 搬 来 的 时候  还 能 看到 几 棵 据说 是 明代 传 下来 的 藤萝 
每 到 春天  紫色 的 花朵 开 得 满 棚 满 架  引得 游人 和 蜜蜂 猬 集 其间  成为 春天 一 景 
但是  根据 我 个人 的 评价  在 众多 的 藤萝 中  最 有 特色 的 还是 幽径 的 这 一 棵 
它 既 无 棚  也 无 架  而是 让 自己 的 枝条 攀附 在 邻近 的 几 棵 大树 的 干 和 枝 上  盘 曲 而 上  大 有 直 上 青云 之 概 
因此  从 下面 看  除了 一 段 苍 黑 古 劲 像 苍龙 般 的 粗 干 外  根本 看 不 出 是 一 株 藤萝 
每 到 春天  我 走 在 树 下  眼前 无 藤萝  心中 也 无 藤萝 
然而 一 股 幽香 蓦地 闯入 鼻 官  嗡嗡 的 蜜蜂 声 也 袭 入耳 内  抬头 一 看  在 一 团团 的 绿叶 中 —— 根本 分 不 清 哪 是 藤萝 叶  哪 是 其他 树 的 叶子 —— 隐约 看到 一 朵朵 紫红色 的 花  颇 有 万 绿 丛中 一点 红 的 意味 
直到 此时  我 才 清晰 地 意识 到 这 一 棵 古 藤 的 存在  顾而乐 之 了 
经过 了 史无前例 的 十年浩劫  不但 人 遭劫  花木 也 不 能 幸免 
藤萝 们 和 其他 一些 古 丁香 树 等等  被 异化 为  修正主义   遭到 了 无情 的 诛 伐 
六 院 前 的 和 红 二三 楼 之间 的 那 两 棵 著 名 的 古藤  被 坚决  彻底  干净  全部 地 消灭 掉 
是否 也 被 踏 上 一千 只 脚  没有 调查 研究  不 敢 瞎说  永世 不得 翻身  则 是 铁 一般 的 事实 了 
茫茫 燕园 中  只 剩下 了 幽径 的 这 一 棵 藤萝 了 
它 成 了 燕园 中 藤萝 界 的 鲁 殿 灵光 
每 到 春天  我 在 悲愤  惆怅 之 余  惟 一 的 一点 安慰 就 是 幽径 中 这 一 棵 古 藤 
每 次 走 在 它 下面  闻到 淡 淡 的 幽香  听到 嗡嗡 的 蜂 声  顿觉 这个 世界 还 是 值得 留恋 的  人生 还 不 全 是 荆棘 丛 
其中 情 味  只有 我 一个 人 知道  不足 为 外 人道 也 
然而  我 快乐 得 太 早 了 
人生 毕竟 还 是 一个 荆棘 丛  决不 是 到处 都 盛开 着 玫瑰花 
今年 春天  我 走 过 长 着 这 棵 古 藤 的 地方  我 的 眼前 一 闪  吓 了 一 大 跳  古藤 那 一 段 原来 凌空 的 虬 干  忽然 成 了 吊死 鬼  下面 被 人 砍 断  只 留 上 段 悬 在 空中  在 风 中 摇曳 
再 抬头 向 上 看  藤萝 初 绽 出来 的 一些 淡 紫 的 成 串 的 花朵  还 在 绿叶 丛中 微笑 
它们 还 没有 来得及 知道  自己 赖以 生存 的 树干 已经 被 砍 断 了  脱离 了 地面  再 没有 水分 供 它们 生存 了 
它们 仿 佛 成 了 失掉 了 母亲 的 孤儿  不久 就 会 微笑 不 下去  连 痛哭 也 没有 地方 了 