一 把 幸福 作为 研究 课题 是 一 件 冒险 的 事  "
幸福 " 一 词 的 意义 过于 含 混  几乎 所有 人 都 把 自己 向往 而 不 可 得 的 境界 称作 " 幸福 "  但 不同 的 人 所 向往 的 境界 又 是 多么 不同 
哲学家 们 提出 过 种种 幸福 论  可以 担保 的 是  没有 一 种 能够 为 多数 人 所 接受 
至于 形形色色 所谓 幸福 的 " 秘诀 "  如果 不 是 江湖 骗 方  也 至多 是 一些 老生常谈 罢了 
幸福 是 一 种 太 不 确定 的 东西 
一般 人 把 愿望 的 实现 视为 幸福  可是  一旦 愿望 实现 了  就 真 感到 幸福 么 
萨特 一生 可谓 功 成 愿 遂  常 人 最 企望 的 两 件 事  爱情 的 美满 和 事业 的 成功  他 几乎 都 毫无 瑕疵 地 得到 了  但 他 在 垂暮之年 却说  " 生活 给 了 我 想 要 的 东西  同时 它 又 让 我 认识 到 这 没 多 大 意思 
不过 你 有 什么 办法  "
所以  我 对 一切 关于 幸福 的 抽象 议论 都 不屑一顾  而 对 一切 许诺 幸福 的 翔实 方 案 则 简直 要 嗤之以鼻 了 
最近 读 莫洛亚 的 《 人生 五 大 问题 》  最后 一 题 也 是 " 论 幸福 " 
但 在 前 四 题 中  他 对 与 人生 幸福 密切相关 的 问题  包括 爱情 和 婚姻  家庭  友谊  社会 生活  作 了 生动 透剔 的 论述  令 人 读 而 不 倦 
幸福 问题 的 讨论 历来 包括 两 个 方面  一 是 社会 方面  关系 到 幸福 的 客观 条件  另 一 是 心理 方面  关系 到 幸福 的 主观 体验 
作为 一 位 优秀 的 传记 和 小说 作家  莫洛亚 的 精彩 之 处 是 在 后 一 方面 
就 社会 方面 而言  他 的 见解 大体 是 肯定 传统 的  但 由于 他 体察 人类 心理  所以 并 不 失 之 武断  给 人 留下 了 思索 和 选择 的 余地 
二 自古以来  无论 在 文学 作品 中  还是 在 现实 生活 中  爱情 和 婚姻 始终 被 视为 个人 幸福 之 命脉 所 系 
多少 幸福 或 不幸 的 喟 叹  都 缘 此 而 起 
按照 孔德 的 说法  女人 是 感情 动物  爱情 和 婚姻 对于 女人 的 重要性 自不待言 
但 即使 是 行动 动物 的 男人  在 事业 上 获得 了 辉煌 的 成功  倘若 在 爱情 和 婚姻 上 失败 了  他 仍然 会 觉得 自己 非常 不幸 
可是  就 在 这个 人们 最 期望 得到 幸福 的 领域 里  却 很 少 有人 敢于 宣称 自己 是 真正 幸福 的 
诚然  热恋 中 的 情人 个个 都 觉得 自己 是 幸福 女神 的 宠儿  但 并非 人人 都 能 得到 热恋 的 机遇  有 许多 人 一辈子 也 没有 品尝 过 个中 滋味 
况且 热恋 未必 导致 美满 的 婚姻  婚后 的 失望  争吵  厌倦  平 淡  麻木 几乎 是 常规  终身 如 恋人 一样 缱绻 的 夫妻 毕竟 只 是 幸运 的 例外 
从 理论 上 说  每 一个 人 在 异性 世界 中 都 可能 有 一个 最佳 对象  一个 所谓 的 " 惟一 者 "  " 独一无二 者 "  或 如 吉卜林 的 诗 所 云  " 一千 人 中 之 一 人 " 
但是  人生 短促  人海 茫茫  这样 两 个 人 相遇 的 几率 差不多 等于 零 
如果 把 幸福 寄托 在 这 相遇 上  幸福 几乎 是 不 可能 的 
不过  事实上  爱情 并 不 如此 苛求  冥 冥 中 也 并 不 存在 非 此 不可 的 命 定 姻缘 
正 如 莫洛亚 所 说  " 如果 因 了 种种 偶然 ( 按  应 为 必然 ) 之 故  一个 求爱 者 所 认为 独一无二 的 对象 从未 出现  那么  差不多 近似 的 爱情 也 会 在 另 一个 对象 身上 感到  "
期待 中 的 " 惟一 者 "  会 化身 为 千百 种 形象 向 一个 渴望 爱情 的 人 走 来 
也许 爱情 永远 是 个 谜  任何人 无法 说 清 自己 所 期待 的 " 惟一 者 " 究竟 是 什么 样子 的 
只有 到 了 堕入 情网  陶醉 于 爱情 的 极 乐  一个 人 才 会 惊喜 地 向 自己 的 情人 喊 道  " 你 就 是 我 一直 期待 着 的 那个 人  就 是 那个 惟一 者  "
究竟 是 不 是 呢 
也许 是 的 
这 并非 说  他们 之间 有 一 种 宿 命  注定 不 可能 爱上 任何 别人 
不  如果 他们 不 相遇  他们 仍然 可能 在 另 一个 人 身上 发现自己 的 " 惟一 者 " 
然而  强烈 的 感情 经验 已经 改变 了 他们 的 心理 结构  从而 改变 了 他们 与 其他 可能 的 对象 之间 的 关系 
犹如 经过 一 次 化合 反应  他们 都 已经 不 是 原来 的 元素  因而 不 可能 再 与 别的 元素 发生 相似 的 反应 了 
在 这个 意义 上  一个 人 一生 只能 有 一 次 震撼 心灵 的 爱情  而且 只 有 少数 人 得 此 幸 遇 
也许 不 是 
因为 " 惟一 者 " 本 是 痴情 的 造影  一旦 痴情 消退  就 不再 成 其 " 惟一 者 " 了 
莫洛亚 引 哲学家 桑塔耶那 的 话 说  " 爱情 的 十分之九 是 由 爱人 自己 造成 的  十分之一 才 靠 那 被 爱 的 对象  "
凡是 经历 过 热恋 的 人 都 熟悉 爱情 的 理想化 力量  幻想 本 是 爱情 不可或缺 的 因素 
太 理智  太 现实 的 爱情 算 不 上 爱情 
最 热烈 的 爱情 总是 在 两 个 最 富于 幻想 的 人 之间 发生  不过  同样 真实 的 是  他们 也 最 容易 感到 幻灭 
如果 说 普通人 是因为 运气 不 佳 而 不 能 找到 意中人  那么  艺术家 则 是 因为 期望 过 高 而 对 爱情 失望 的 
爱情 中 的 理想 主义 往往 导致 拜伦 式 的 感伤 主义  又 进而 导致 纵 欲 主义  唐璜 有 过 一千零三 个 情人  但 他 仍然 没有 找到 他 的 " 惟一 者 "  他 注定 找 不到 
无 幻想 的 爱情 太 平庸  基于 幻想 的 爱情 太 脆弱  幸福 的 爱情 究竟 可能 吗 
我 知道 有 一 种 真实  它 能 不断 地 激起 幻想  有 一 种 幻想  它 能 不断 地 化为 真实 