事实 果然 如此 
从 喀什 到 敦煌 的 漫长 路途 上  蒋孝琬 一直 在 给 斯坦因 讲述 中国 官场 和 中国 民间 的 行事 方式  使 斯坦因 觉得 比 再 读 几 个 学位 更 重要 
到 了 莫高窟  所有 联络  刺探  劝说 王 圆 箓 的 事  都 是 蒋孝琬 在 做 
王 圆 箓 从 一 开始 就 对 斯坦因 抱 着 一 种 警惕  躲闪  拒绝 的 态度 
蒋孝琬 蒙骗 他 说  斯坦因 从 印度 过来  是 要 把 当年 玄 奘取来 的 经 送 回 原 处 去  为 此 还 愿意 付 一些 钱 
王 圆 箓 像 很多 中国 平民 一样  对 《 西游记 》 里 的 西天 取经 故事 既 熟悉 又 崇拜  听 蒋孝琬 绘声绘色 地 一 说  又 看到 斯坦 因 神情 庄严 地 一 次次 焚香 拜佛  竟然 心 有 所 动 
因此  当 蒋孝琬 提出 要 先  借  几 个  样本  看看  王 圆 篆 虽然 迟疑  含 糊 了 很 久  终于 还是 塞 给 他 几 个 经 卷 
于是  又 是 蒋孝琬  连夜 挑 灯 研读 那个 几 经 卷 
他 发现  那 正巧 是 玄奘取来 的 经 卷 的 译本 
这 几 个 经 卷  明明 是 王 圆 箓 随手 取 的  居然 果真 与 玄 奘 有关  王 圆 箓 激动 地 看 着 自己 的 手指  似乎 听到 了 佛 的 旨意 
洞穴 的 门  向 斯坦因 打开 了 
当然  此后 在 经 卷 堆 里 逐 页 翻阅 选择 的  也 是 蒋孝琬  因为 斯坦因 本人 不 懂 中文 
蒋孝琬 在 那些 日日夜夜 所 做 的 事  也 可以 说 成 是 一 种 重要 的 文化 破 读  因为 这 毕竟 是 千年 文物 与 能够 读 懂 的 人 的 第一 次 隆重 相遇 
而且  事实 证明  蒋孝琬 对 中国 传统 文化 有着 广博 的 知识  不 浅 的 根底 
那些 寒冷 的 沙漠 之 夜  斯坦因 和 王 圆 箓 都 睡 了  只有 他 在 忙 着 
睡 着 的 两 方 都 不 懂得 这 一 堆 堆 纸 页 上 的 内容  只有 他 懂得  由 他 作出 取舍 裁断 
就 这样  一 场 天下 最 不 公平 的  买卖  开始 了 
斯坦 因 用 极 少 的 钱  换取 了 中华 文明 长 达 好几 个 世纪 的 大量 文物 
而且 由此 形成 惯例  其他 列强 的 冒险家 们 也 纷纷 踏 来  满载 而 去 
有 一 天王 圆 箓 觉得 斯坦因 实在 要 得 太 多 了  就 把 部分 挑 出 的 文物 又 搬 回 到 藏经洞 
斯坦 因 要 蒋孝琬 去 谈判  用 四十 块 马蹄银 换 回 那些 文物 
蒋孝琬 谈判 的 结果  居然 只 花 了 四 块 就 解决 了 问题 
斯坦因 立即 赞扬 他  这 是 又 一 场 中 英 外交 谈判 的 胜利 
蒋孝琬 一 听  十分 得意 
我 对 他 的 这种 得意  有点 厌恶 
因为 他 应该 知道  自 从 鸦片战争 以来  所谓 的  中 英 外交 谈判  意味着 什么 
我 并 不 奢望  在 他 心底 会 对 当时 已经 极其 可怜 的 父母 之 邦 产生 一点点 惭愧  而 只是 想  这种 桥梁 式 的 人物 如果 把 一 方 河岸 完全 扒 塌 了  他们 以后 还 能 干 什么 
由此 我 想  那些 日子  莫高窟 里 的 三 个 男人  我们 还 应该 多 看 几 眼 
前面 两 个 一直 遭 世人 非议  而 最后 一个 总是 被 轻轻 放过 
比 蒋孝琬 更 让 我 吃惊 的 是  近年来 中国 文化界 有 一些 评论 者 一再 宣称  斯坦因 以 考古学家 的 身份 取 走 敦煌 藏经洞 的 文物 并 没有 错  是 正大光明 的 事业  而 像 我 这样 耿耿于怀  却 是  狭隘 的 民族主义  
是  正大光明  吗 
请 看 斯坦因 自己 的 回忆  深夜 我 听到 了 细微 的 脚步声  那 是 蒋 在 侦察  看 是否 有 人 在 我 的 帐篷 周围 出现 
一会儿 他 扛 了 一个 大 包 回来  那里 装有 我 今天 白天 挑 出 的 一切 东西 
王 道士 鼓足 勇气 同意 了 我 的 请求  但 条件 很 严格  除了 我们 三 个 外  不 得 让 任何人 得知 这 笔 交易  哪怕 是 丝毫 暗示 
从 这种 神态 动作  你 还 看 不 出 他们 在 做 什么 吗 
四 斯坦因 终于 取得 了 九千 多 个 经 卷  五百 多 幅 绘画  打 包装箱 就 整整 花 了 七 天 时间 
最后 打 成 了 二十九 个 大 木箱  原先 带来 的 那些 骆驼 和 马匹 不 够 用 了  又 雇 来 了 五 辆 大 车  每 辆 都 栓 上 三 匹 马 来 拉 
那 是 一个 黄昏  车队 启动 了  王 圆 箓 站 在 路边  恭敬 相 送 
斯坦 因  购买  这 二十九 个 大 木箱 移 世 文物  所 支付 给 王 圆 篆 的 全部 价钱  我 一直 不 忍心 写 出来  此刻 却 不能不 说 一 说 了 
那 就 是  折合 成 了 银子 的 一百三十 英镑 
但是  这 点 钱  对 王 圆 篆 来说  毕竟 比 他 平时 到 荒 村野 郊 去 化缘 的 所得  多 得 多 了 
因此  他 反而 认为 这 位  斯 大人  是  布施 者  
斯坦因 向 他 招 过手  抬 起 头 来 看看 天色 
一 位 年轻 诗人 写道  斯坦因 看到 的  是 凄 艳 的 晚霞 
那里  一个 古老 民族 的 伤口 在 流血 
我 又 想到 了 另 一 位 年轻 诗人 的 诗  他 叫 李晓桦  是 写 给 下令 火烧 圆明园 的 额尔金 勋爵 的  我 好 恨 恨 我 没 早 生 一 个 世纪 使 我 能 与 你 对视 着 站立 在 阴森 幽暗 的 古堡 晨光 微 露 的 旷野 要么 我 拾 起 你 扔 下 的 白 手套 要么 你 接 住 我 甩 过去 的 剑 要么 你 我 各 乘 一 匹 战马 远远 离开 遮 天 的 帅 旗 离开 如云 的 战 阵 决胜 负于 城 下 对于 斯坦因 这些 的 学者  这些 诗句 也许 太 硬 
但是  除了 这种 办法  还有 什么 方式 能 阻拦 他们 呢 
我 可以 不 带 剑  甚至 也 不 骑马  只是 伸出 双手 做出 阻拦 的 动作  站 在 沙漠 中间  站 在 他们 车队 的 正 对 面 