除此之外  我 觉得 还 有 两 个 更 大 的 感性 原因 
第一 个 感性 原因  是 他 对 成吉思汗 的 敬仰 
他 曾 在 金 朝 任职  看 够 了 那个 朝廷 的 外强中干  腐败 无效  沮丧 无望 
现在 遇到 了 成吉思汗  只见 千 钧 霹雳  万 丈 豪情  一切 目标 都 指日可待  一切 计划 都 马到成功 
不仅如此  耶 律 楚 材 又 强烈 地 感受 到 成吉思汗 对 自己 这个 敌国 俘虏 的 尊重  理解 和 关爱 
这 种种 因素 加 在 一起  他 被 彻底 溶化 了  无条件 地 服从 和 赞美 成 吉思汗 的 一切 意志 行动 
第二 个 感性 原因  是 他 作为 契丹 皇族 后裔 的 本能 兴奋 
这 毕竟 是 一个 生来 就 骑 在 马背 上 纵横驰骋 的 民族  眼前 的 世界 辽阔 无垠  心中 的 激情 没有 边界 
更 何况  作为 几 代 皇族  骨子里 有 一 种 居高临下 的 统治 基因  有 一 种 睥 睨 群 伦 的 征服 欲望 
尽管 这 一切 由于 辽 国 的 败落 而 长久 荒废  但 现在 被 成吉思汗 如 风 如 雷 的 马蹄 声 又 敲 醒 了 
这种 敲 醒 是 致命 的  耶 律 楚 材 很快 就 产生 了 一 种 无与伦比 的 回归 感 和 舒适 感 
因此  参加 西 征  颂扬 西 征  有 一半 出于 他 的 生命 本性 
但是  战争 毕竟 是 战争  一旦 爆发 就 会 出现 一 种 无法 节制 的 残酷 逻辑 
例如  这 次 以  雪耻    复仇  为 动因 的 战争  必然 会 直 指 花 剌 子 模国 的 首都  在 通向 首都 之前 所 遇到 的 任何 反抗  都 必须 剿灭  所有 的 反抗 都 必然 以 城 邑 为 基地  因此 这些 城 邑 又 必然 会 遭到 毁灭性 的 破坏  终于 打 到 了 首都  国王 摩 诃 末 当然 已经 逃走  因此 又 必须 去 追赶  花 剌 子 模 国 领土 辽阔  国王 又 逃 得 很 快  因此 又 必须 长驱 千 里  追赶 是 刻不容缓 的 事  不 能 为了 局部 的 占领 而 滞留  自己 的 军队 又 分 不 出 力量 来 守卫 和 管理 已经 占领 的 城市  因此 毁 城  屠城 的 方式 越来越 残忍  被 追 的 国王 终于 在 里海 的 一个 岛 上 病 死 了  但 这 还 不 是 战争 的 结束  因为 国王 的 继位 者 扎兰丁 还 在 逃  而且 逃 得 很 远  路线 又 不 确定  因此 又 必须 继续 追赶  
这 就 是 由 无数  必须  和  必然  组成 的 战争 逻辑 
这种 逻辑 显得 那样 严密 和 客观  简直 无法 改变 
在 这种 客观 逻辑 之中  又 包藏 着 另 一 种 主观 逻辑  那 就 是  成吉思汗 在 战争 中 越来越 懂得 打仗 
军队 组织 越来越 精良  战略 战术 越来越 高明  谍报 系统 越来越 周全  这 使 战争 变成 了 一 种 节 节 攀 高 的 自我 竞赛  一 种 急迫 地 期待 着 下一场 结果 的 心理 博弈 
于是  就 出现 了 另 一 种 无法 终止 的 动力 
鉴于 这些 客观 逻辑 和 主观 逻辑  战争 只能 越 打 越 遥远  越 打 越 血腥  在 很 大 意义 上 已经 成为 一 种 失控 行为 
这就是说  种种 逻辑组合 成 了 一 种 非 逻辑 
战争  看 起来 只 是 运动 在 大地 之间  实际上 在 大地 之上 的 天际  还 浮 悬 着 一个 不 受 人力 操纵 的 魔鬼  使 地面 间 的 残杀 沿着 它 的 狞笑 变 得 漫无边际 
它  就是 战神 
在 人类 历史 上  大 流 士  亚历山大 大帝  凯撒  十字军  都 遇到 过 这个 战神 
现在 轮 到 成吉思汗 了  事情 变 得 更 大  超过 前面 所 说 的 任何 战争 
于是  骑 在 马背 上 的 耶 律 楚 材 不能不 皱眉 了 
他 的 诗句 中 开始 出现 一些 叹息 —— 寂寞 河 中 府  声名 昔日 闻 
城 隍 连 畎 亩  市井 半 丘 坟  这里 所 说 的  河 中 府   就 是 花 剌 子 模国 的 首都 撒 马尔 罕  在 今天 乌兹别克斯坦 共和国 的 东部 
这么 一个 声名 显赫 的 富裕 城市  经过 这 场 战争  已经  市井 半 丘 坟  了  可见 杀戮 之 重 
对 此  耶 律 楚 材 不能 接受  因此 深深 一 叹 
他 的 好 些 诗 都 以  寂寞  两 字 开头  既 说明 战争 留给 一 座 座 城市 的 景象  也 表明 了 自己 的 心境 
一个 曾经 为 万 马 奔腾 的 征战 场面 兴奋 不已 的 人  突然 在 马蹄 间 感受 到 了 深深 的 寂寞  这个 转变 意味深长 
三 西 征 开始 后 不久  成吉思汗 根据 身边 一个 叫 刘仲禄 的 汉族 制 箭 官 的 推荐  下 诏 邀请 远在 山东 莱州 的 道教 全 真 派 掌门人 丘 处 机 （ 长春 真人 ） 来到 军中  讲述 养生之道 和 治国 之 道 
丘 处 机 已经 七十 多 岁  历尽艰辛 来到 撒 马尔 罕 
当时 成 吉思汗 已经 继续 向 西 越过 了 阿 姆 河  便 命 耶 律 楚 材 暂且 在 撒 马尔 罕 陪 丘 处 机 
这 期间  两 人 在 一起 写 了 不少 诗 
耶 律 楚材 在 诗 中  已经 明显 地 表示 出 自己 想 摆脱 西 征 而 东 归 的 心意  以及 希望 各国 息 战 得 太 平 的 期待 
例如  春雁 楼 边 三两 声  东 天 回首 望 归程 
天兵 几 日 归 东 阙 
万国 欢声 贺 太平 
甚至  他 对 西 征 的 必要性 也 提出 了 某种 怀疑  四海 从来 皆 弟兄  西 行 谁 复 叹 行程 
西 行 万 余 里  谁 谓 乃 良 图 
后来  丘 处 机 终于 在 耶 律 楚 材 的 陪同 下 到 阿 姆 河 西岸 的 八 鲁 弯 行宫 见到 了 成吉思汗 
丘 处 机 一 共 向 成吉思汗 讲 了 三 次 道  根据 相关 资料 总结  有 三 个 要 点  一  长生 之 道  节欲 清心  二  一统天下  不 乱 杀人  三  为 政 首要  敬天爱 民 
成吉思汗 听 进去 了  后来 多次 下令 善待 丘 处 机 和 他 的 教派 
丘 处 机 的 讲 道  与 耶 律 楚 材 经常 在 身边 悄悄 吐露 的 撤兵 求 太平 的 理想  一 起 对 成吉思汗 产生 了 潜移默化 的 影响 