人生 有 许多 时光 是 在 等 中 度过 的 
有 千百 种 等  等 有 千百 种 滋味 
等 的 滋味  最 是 一言难尽 
我 不 喜欢 一切 等 
无论 所 等 的 是 好事  坏事  好坏 未 卜 之 事  不 好 不 坏 之 事  等 总是 无可奈何 的 
等 的 时候  一 颗 心 悬 着  这 滋味 不 好受 
就 算 等 的 是 幸福 吧  等 本身 却 说 不 上 幸福 
想 像 中 的 幸福 愈 诱人  等 的 时光 愈 难 捱 
例如  " 月 上 柳 梢头  人 约 黄昏 后 " 自 是 一 件 美事  可是  性急 的 情人 大约 都 像 《 西厢记 》 里 那 一 对 儿  " 自从 那日初 时  想 月华  捱 一刻 似 一 夏  "
只 恨 柳 梢 日 轮 下 得 迟  月 影 上 得 慢 
第一 次 幽会  张生 等 莺莺  忽而 倚 门 翘 望  忽而 卧床 哀叹  心中 无端 猜度 佳人 来 也 不 来  一会儿 怨  一会儿 谅  那 副 神 不 守 舍 的 模样 委实 惨不忍睹 
我 相信 莺莺 就 不至于 这么 惨 
幽会 前 等 的 一 方 要 比 赴 的 一 方 更 受 煎熬  就 像 惜别 后 留 的 一 方 要 比 走 的 一 方 更 觉 凄凉 一样 
那 赴 的 走 的 多少 是 主动 的  这 等 的 留 的 却 完全 是 被动 的 
赴 的 未 到  等 的 人 面对 的 是 静止 的 时间 
走 的 去 了  留 的 人 面对 的 是 空虚 的 空间 
等 的 可怕  在于 等 的 人 对于 所 等 的 事 完全 不 能 支配  对于 其他 的 事 又 完全 没有 心思  因而 被迫 处在 无所事事 的 状态 
有 所 期待 使 人 兴奋  无所事事 又 使 人 无聊  等 便是 混 合 了 兴奋 和 无聊 的 一 种 心境 
随着 等 的 时间 延长  兴奋 转 成 疲劳  无聊 的 心境 就 会 占据 优势 
如果 佳人 始终 不 来  才子 只要 不 是 愁 得 竟 吊死 在 那 棵 柳树 上  恐怕 就 只有 在 月 下 伸懒腰 打 呵欠 的 份 了 
人 等 好事 嫌 姗姗来迟  等 坏事 同样 也 缺乏 耐心 
没有 谁 愿意 等 坏事  坏事 而 要 等  是 因为 在劫难逃  实 出于 不得已 
不过  既然 在劫难逃  一般 人 的 心理 便是 宁肯 早点 了结  不 愿 无谓 拖延 
假如 我们 所 爱 的 一 位 亲人 患 了 必 死 之 症  我们 当然 惧怕 那 结局 的 到来 
可是  再 大 的 恐惧 也 不 能 消除 久等 的 无聊 
在 《 战争 与 和平 》 中  娜塔莎 一边 守护 着 弥留 之际 的 安德 列  一边 在编 一 只 袜子 
她 爱 安德 列 胜 于 世 上 的 一切  但 她 仍然 不 能 除了 等 心上人 死 之外 什么 事 也 不 做 
一 个 人 在 等 自己 的 死 时 会 不 会 无聊 呢 
这 大约 首先 要 看 有 无 足够 的 精力 
比较 恰当 的 例子 是 死刑犯  我 揣摩 他们 只要 离 刑期 还有 一 段 日子  就 不 可能 一门心思 只 想 着 那 颗 致命 的 子弹 
恐惧 如同 一切 强烈 的 情绪 一样 难以 持久  久 了 会 麻痹  会 出现 间歇 
一旦 试图 做 点 什么 事 填充 这 间歇  阵痛 般 发作 的 恐惧 又 会 起来 破坏 任何 积极 的 念头 
一 事 不 做 地 坐 等 一 个 注定 的 灾难 发生  这种 等 实在 荒谬  与 之 相比  灾难 本身 反倒 显得 比较 好 忍受 一些 了 
无论 等 好事 还是 等 坏事  所 等 的 那个 结果 是 明确 的 
如果 所 等 的 结果 对于 我们 关系 重大  但 吉凶 未 卜  则 又 别是 一番 滋味 在 心头 
这时 我们 宛如 等候 判决  心中 焦虑不安 
焦虑 实际上 是 由 彼此 对立 的 情绪 纠结 而 成  其中 既 有 对 好 结果 的 盼望  又 有 对 坏 结果 的 忧 惧 
一 颗 心 不仅 悬 在 半空  而且 七 上 八 下  大 受 颠簸 之 苦 
说来 可怜  我们 自幼 及 长  从 做 学生 时 的 大小 考试  到 毕业 后 的 就业  定级  升迁  出洋 等等  一生 中 不知 要 过 多少 关口  等候 判决 的 滋味 真 没有 少 尝 
当然  一个 人 如果 有 足够 的 悟性  就 迟早 会 看 淡 浮 世 功名  不再 把 自己 放 在 这个 等候 判决 的 位置 上 
但是  若非 修炼 到 类似 涅 的 境界  恐怕 就 总 有 一些 事情 的 结局 是 我们 不能 无动于衷 的 
此刻 某 机关 正 在 研究 给 不 给 我 加薪  我 可以 一 哂 置 之 
此刻 某 医院 正在 给 我 的 妻子 动 剖腹产 手术  我 还 能 这么 豁达 吗 
到 产科 手术室 门外 去 看看 等候 在 那里 的 丈夫 们 的 冷峻 脸色  我们 就 知道 等候 命运 判决 是 多么 令 人 心焦 的 经历 了 
在 人生 的 道路 上  我们 难免 会 走 到 某 几 扇 陌生 的 门前 等候 开启  那 心情 便 接近 于 等 在 产科 手术室 门前 的 丈夫 们 的 心情 
不过  我们 一生 中 最 经常 等候 的 地方 不 是 门前  而是 窗 前 
那 是 一些 非常 窄小 的 小 窗口  有形 的 或 无形 的  分布 于 商店  银行  车站  医院 等 与 生计 有关 的 场所  以及 办理 种种 烦琐 手续 的 机关 衙门 
我们 为了 生存  不得不 耐 着 性子  排 着 队  缓慢 地 向 它们 挪动  然后 屈辱 地 侧 转头 颅  以便 能够 把 我们 的 视线  手 和 手中 的 钞票 或 申请 递进 那个 窄 洞 里  又 摸索 着 取出 我们 所 需要 的 票据 文件 等等 
这 类 小 窗口 常常 无缘无故 关闭  好 在 我们 的 忍耐力 磨炼 得 非常 发达  已经 习惯 于 默默 地 无 止境 地 等待 了 
等 在 命运 之 门 前面  等 的 是 生死存亡  其 心情 是 焦虑  但 不乏 悲壮 感 
等 在 生计 之 窗 前面  等 的 是 柴米油盐  其 心情 是 烦躁  掺 和 着 屈辱 感 
前 一 种 等  因为 结局 事 关 重大  不易 感到 无聊 