楼 前 有 清 塘 数 亩 
记得 三十 多 年 前 初 搬 来 时  池塘 里 好像 是 有 荷花 的  我 的 记忆 里 还 残留 着 一些 绿叶 红 花 的 碎 影 
后来 时 移 事 迁  岁月 流逝  池塘 里 却 变 得  半 亩 方 塘 一 鉴 开  天光 云 影 共 徘徊   再 也 不见 什么 荷花 了 
我 脑袋 里 保留 的 旧 的 思想 意识 颇 多  每 一 次 望 到 空荡荡 的 池塘  总 觉得 好像 缺点 什么 
这 不 符合 我 的 审美 观念 
有 池塘 就 应当 有 点 绿 的 东西  哪怕 是 芦苇 呢  也 比 什么 都 没有 强 
最 好 的 最 理想 的 当然 是 荷花 
中国 旧 的 诗文 中  描写 荷花 的 简直 是 太 多 太 多 了 
周敦颐 的 《 爱莲 说 》 读书人 不 知道 的 恐怕 是 绝无仅有 的 
他 那 一 句 有名 的  香远益清  是 脍炙人口 的 
几乎 可以 说  中国 没有 人 不 爱 荷花 的 
可 我们 楼 前 池塘 中 独独 缺少 荷花 
每次 看到 或 想到  总 觉得 是 一 块 心病 
有人 从 湖北 来  带来 了 洪湖 的 几 颗 莲子  外壳 呈 黑色  极 硬 
据说  如果 埋 在 淤泥 中  能够 千年 不 烂 
因此  我 用 铁锤 在 莲子 上 砸 开 了 一 条 缝  让 莲芽 能够 破 壳 而 出  不 至 永远 埋 在 泥 中 
这 都 是 一些 主观 的 愿望  莲芽 能 不 能够 出  都 是 极大 的 未知数 
反正 我 总 算是 尽 了 人事  把 五六 颗 敲 破 的 莲子 投入 池塘 中  下面 就 是 听 天命 了 
这样 一来  我 每天 就 多 了 一 件工作  到 池塘 边上 去 看 上 几 次 
心里 总是 希望  忽然 有 一 天   小 荷 才 露 尖 尖角   有 翠绿 的 莲叶 长 出 水面 
可是  事与愿违  投 下去 的 第一 年  一直 到 秋凉 落叶  水面 上 也 没有 出现 什么 东西 
经过 了 寂寞 的 冬天  到 了 第二 年  春水 盈 塘  绿 柳 垂 丝  一 片 旖旎 的 风光 
可是  我 翘 盼 的 水面 上 却 仍然 没有 露出 什么 荷叶 
此时 我 已经 完全 灰 了 心  以为 那 几 颗 湖北 带来 的 硬壳 莲子  由于 人力 无法 解释 的 原因  大概 不 会 再 有 长 出 荷花 的 希望 了 
我 的 目光 无法 把 荷叶 从 淤泥 中 吸 出 
但是  到 了 第三 年  却 忽然 出 了 奇迹 
有 一 天  我 忽然 发现  在 我 投 莲子 的 地方 长 出 了 几 个 圆圆的 绿叶  虽然 颜色 极 惹 人 喜爱  但是 却 细弱 单薄  可怜 兮 兮 地 平卧 在 水面 上  像 水浮莲 的 叶子 一样 
而且 最初 只 长 出 了 五六 个 叶片 
我 总 嫌 这 有 点 太 少  总 希望 多 长 出 几 片 来 
于是  我 盼 星星  盼 月亮  天天 到 池塘 边上 去 观望 
有 校外 的 农民 来 捞 水草  我 总 请求 他们 手 下 留情  不要 碰 断 叶片 
但是 经过 了 漫漫 的 长 夏  凄清 的 秋天 又 降临 人间  池塘 里 浮动 的 仍然 只是 孤零零 的 那 五六 个 叶片 
对 我 来说  这 又 是 一个 虽 微 有 希望 但 究竟 仍 令 人 灰心 的 一年 
真正 的 奇迹 出现 在 第四 年 上 
严冬 一 过  池塘 里 又 溢 满 了 春水 
到 了 一般 荷花 长 叶 的 时候  在 去年 飘浮 着 五六 个 叶片 的 地方  一 夜 之间  突然 长 出 了 一 大 片 绿叶  而且 看来 荷花 在 严冬 的 冰 下 并 没有 停止 行动  因为 在 离开 原有 五六 个 叶片 的 那 块 基地 比较 远 的 池塘 中心  也 长 出 了 叶片 
叶片 扩张 的 速度  扩张 范围 的 扩大  都 是 惊人 地 快 
几 天 之内  池塘 内 不 小 一部分  已经 全 为 绿叶 所 覆盖 
而且 原来 平卧 在 水面 上 的 像 是 水浮莲 一样 的 叶片  不 知道 是 从 哪里 聚集 来 了 力量  有 一些 竟然 跃 出 了 水面  长 成 了 亭亭 的 荷叶 
原来 我 心中 还 迟迟疑疑  怕 池中长 的 是 水浮莲  而 不 是 真正 的 荷花 
这样 一来  我 心中 的 疑云 一扫而光  池塘 中 生长 的 真正 是 洪湖 莲花 的 子孙 了 
我 心中 狂喜  这 几 年 总算 是 没有 白 等 
天地 萌生 万物  对 包括 人 在内 的 动植物 等 有 生命 的 东西  总是 赋予 一 种 极其 惊人 的 求 生存 的 力量 和 极其 惊人 的 扩展 蔓延 的 力量  这种 力量 大 到 无法 抗御 
只要 你 肯 费力 来 观摩 一下  就 必然 会 承认 这 一点 
现在 摆 在 我 面前 的 就是 我 楼 前 池塘 里 的 荷花 
自从 几 个 勇敢 的 叶片 跃 出 水面 以后  许多 叶片 接踵而至 
一 夜 之间  就 出来 了 几 十 枝  而且 迅速 地 扩散  蔓延 
不 到 十几 天 的 工夫  荷叶 已经 蔓延 得 遮蔽 了 半 个 池塘 
从 我 撒种 的 地方 出发  向 东西南北 四面 扩展 
我 无法 知道  荷花 是 怎样 在 深 水中 淤泥 里 走 动 
反正 从 露出 水面 荷叶 来看  每天 至少 要 走 半 尺 的 距离  才 能 形成 眼前 这个 局面 
光 长 荷叶  当然 是 不 能 满足 的 
荷花 接踵而至  而且 据 了解 荷花 的 行家 说  我 门前 池塘 里 的 荷花  同 燕园 其他 池塘 里 的  都 不 一样 
其他 地方 的 荷花  颜色 浅红  而 我 这里 的 荷花  不但 红色 浓  而且 花瓣 多  每 一 朵 花 能 开 出 十六 个 复 瓣  看上去 当然 就 与众不同 了 
这些 红 艳 耀目 的 荷花  高高 地 凌驾 于 莲叶 之上  迎风 弄 姿  似乎 在 睥 睨 一切 
幼时 读 旧诗   毕竟 西湖 六月 中  风光 不 与 四时 同 
接 天 莲叶 无穷 碧  映 日 荷花 别样 红  
爱 其 诗句 之 美  深 恨 没有 能 亲自 到 杭州 西湖 去 欣赏 一番 