， 进入 后 两 个 阶段 的 批判 对象 是 最 乏味 的 ， 只有 处于 第一 阶段 的 牛鬼蛇神 才 能 对 他们 那 早已 过度 兴奋 的 神经 产生 有效 的 刺激 ， 如同 斗牛 士 手上 的 红 布 ， 但 这样 的 对象 越来越 少 了 ， 在 这 所 大学 中 可能 只 剩下 一个 ， 他 由于 自己 的 珍稀 而 被 留 到 批判 大会 最后 出场 。
叶哲泰 从 文革 开始 一直 活 到 了 现在 ， 并且 一直 处于 第一 阶段 ， 他 不 认罪 ， 不 自杀 ， 也 不 麻木 。
当 这 位 物理学 教授 走 上 批判 台 时 ， 他 那 神情 分明 在 说 ： 让 我 背负 的 十字架 更 沉重 一些 吧 !
红卫兵 们 让 他 负担 的 东西 确实 很 重 ， 但 不 是 十字架 。
别 的 批判 对象 戴 的 高帽子 都 是 用 竹 条 扎 的 框架 ， 而 他 戴 的 这 顶 却 是 用 一 指 粗 的 钢筋 焊 成 的 ， 还有 他 挂 在 胸前 的 那 块 牌子 ， 也 不 是 别人 挂 的 木板 ， 而是 从 实验室 的 一个 烤箱 上 拆 下 的 铁门 ， 上面 用 黑色 醒目 地 写 着 他 的 名字 ， 并 沿 对角线 画 上 了 一个 红色 的 大 叉 。
押送 叶哲泰 上台 的 红卫兵 比 别的 批判 对象 多 了 一 倍 ， 有 六 人 ， 两 男 四 女 。
两 个 男 青年 步伐 稳健 有力 ， 一 副 成熟 的 青年 布尔什维克 形象 ， 他们 都 是 物理 系 理论 物理 专业 大 四 年级 的 ， 叶哲泰 曾 是 他们 的 老师 ； 那 四 名 女 孩子 要 年轻 得 多 ， 都 是 大学 附 中 的 初二 学生 ， 这些 穿 着 军装 扎 着 武装带 的 小 战士 挟带 着 逼 人 的 青春 活力 ， 像 四 团 绿色 的 火焰 包围 着 叶哲泰 。
叶哲泰 的 出现 使 下面 的 人群 兴奋 起来 ， 刚才 已 有 些 乏力 的 口号 声 又 像 新 一 轮 海潮 般 重新 高昂 起来 ， 淹没 了 一切 。
耐心 地 等 口号 声 平息 下去 后 ， 台上 两 名 男 红卫兵 中 的 一 人 转向 批判 对象 ： “ 叶哲泰 ， 你 精通 各种 力学 ， 应该 看到 自己 正 在 抗拒 的 这 股 伟大 的 合力 是 多么 强大 ， 顽固 下去 是 死路一条 !
今天 继续 上 次 大会 的 议程 ， 废话 就 不 多 说 了 。
老实 回答 下面 的 问题 ： 在 六二 至 六五 届 的 基础课 中 ， 你 是 不 是 擅自 加入 了 大量 的 相对论 内容 ?
!
” “ 相对论 已经 成为 物理学 的 古典 理论 ， 基础课 怎么 能 不 涉及 它 呢 ?
” 叶哲泰 回答 说 。
“ 你 胡说 !
” 旁边 的 一 名 女 红卫兵 厉声 说 ， “ 爱因斯坦 是 反动 的 学术 权威 ， 他 有 奶 便是 娘 ， 跑 去 为 美 帝国主义 造 原子弹 !
要 建立 起 革命 的 科学 ， 就要 打倒 以 相对论 为 代表 的 资产阶级 理论 黑 旗 !
” 叶哲泰 沉默 着 ， 他 在 忍受 着 头 上 铁 高帽 和 胸前 铁板 带来 的 痛苦 ， 不 值得 回应 的 问题 就 沉默 了 。
在 他 身后 ， 他 的 学生 也 微微 皱 了 一下 眉头 。
说话 的 女孩 儿 是 这 四 个 中学 红卫兵 中 天资 最 聪颖 的 一个 ， 并且 显然 有 备 而 来 ， 刚才 上台 前 还 看到 她 在 背 批判 稿 ， 但 要 对付 叶哲泰 ， 仅 凭 她 那 几 句 口号 是 不行 的 。
他们 决定 亮 出 今天 为 老师 准备 的 新 武器 ， 其中 的 一 人 对 台下 挥 了 一下 手 。
叶哲泰 的 妻子 ， 同 系 的 物理学 教授 绍琳 从 台下 的 前 排 站 起来 ， 走 上 台 。
她 身 穿 一 件 很 不 合体 的 草绿色 衣服 ， 显然 想 与 红卫兵 的 色彩 拉 近 距离 ， 但 熟悉 绍琳 的 人 联想 到 以前 常 穿 精致 旗袍 讲课 的 她 ， 总 觉得 别扭 。
“ 叶哲泰 !
” 绍琳 指 着 丈夫 喝道 ， 她 显然 不 习惯 于 这种 场合 ， 尽量 拔高 自己 的 声音 ， 却 连 其中 的 颤抖 也 放大 了 ， “ 你 没有 想到 我 会 站 出来 揭发 你 ， 批判 你 吧 !
?
是的 ， 我 以前 受 你 欺骗 ， 你 用 自己 那 反动 的 世界观 和 科学 观 蒙蔽 了 我 !
现在 我 醒悟 了 ， 在 革命 小将 的 帮助 下 ， 我 要 站 到 革命 的 一边 ， 人民 的 一边 !
” 她 转向 台下 ， “ 同志 们 、 革命 小将 们 、 革命 的 教职员工 们 ， 我们 应该 认清 爱因斯坦 相对论 的 反动 本质 ， 这种 本质 ， 广义 相对论 体现 得 最 清楚 ： 它 提出 的 静态 宇宙 模型 ， 否定 了 物质 的 运动 本性 ， 是 反 辩证法 的 !
它 认为 宇宙 有限 ， 更 是 彻头彻尾 的 反动 唯心主义 …
…
” 听 着 妻子 滔滔不绝 的 演讲 ， 叶哲泰 苦笑 了 一下 。
琳 ， 我 蒙蔽 了 你 ?
其实 你 在 我 心中 倒 一直 是 个 谜 。
一 次 ， 我 对 你 父亲 称赞 你 那 过人 的 天资 —— 他 很 幸运 ， 去 得 早 ， 躲 过 了 这 场 灾难 —— 老人家 摇摇 头 ， 说 我 女儿 不 可能 在 学术 上 有 什么 建树 ； 接着 ， 他 说 出 了 对 我 后 半生 很 重要 的 一 句 话 ： 琳琳 太 聪明 了 ， 可 是 搞 基础理论 ， 不 笨 不行 啊 。
以后 的 许多 年 里 ， 我 不断 悟 出 这 话 的 深意 。
琳 ， 你 真 的 太 聪明 了 ， 早 在 几 年 前 ， 你 就 嗅 出 了 知识界 的 政治 风向 ， 做出 了 一些 超前 的 举动 ， 比如 你 在 教学 中 ， 把 大部分 物理 定律 和 参数 都 改 了 名字 ， 欧姆 定律 改 叫 电阻 定律 ， 麦克斯韦 方程 改名 成 电磁 方程 ， 普朗克 常数 叫 成 了 量子 常数 …
…
你 对 学生 们 解释 说 ： 所有 的 科学 成果 都 是 广大 劳动 人民 智慧 的 结晶 ， 那些 资产阶级 学术 权威 不过 是 窃取 了 这些 智慧 。
但 即使 这样 ， 你 仍然 没有 被 “ 革命 主流 ” 所 接纳 ， 看看 现在 的 你 ， 衣袖 上 没有 “ 革命 教职员工 ” 都 戴 着 的 红 袖章 ； 你 两手空空 地 上 来 ， 连 一 本 语录 都 没 资格 拿 …
…
谁 让 你 出生 在 旧 中国 那样 一个 显赫 的 家庭 ， 你 父母 又 都 是 那么 著名 的 学者 。
