但 当 她 就 要 出 门 时 ， 还是 回过 头 来 最后 看 了 阮雯 一 眼 ， 她 发现 阮 老师 很 好 地 上 了 妆 ， 她 抹 了 口红 ， 也 穿 上 了 高跟鞋 。
2． 寂静 的 春天 两 年 以后 ， 大兴安岭 。
“ 顺山 倒 咧 —— ” 随着 这 声 嘹亮 的 号子 ， 一 棵 如 巴特农 神庙 的 巨柱 般 高大 的 落叶松 轰然 倒下 ， 叶文洁 感到 大地 抖动 了 一下 。
她 拿 起 斧头 和 短 锯 ， 开始 从 巨大 的 树 身上 去掉 枝 丫 。
每 到 这时 ， 她 总 觉得 自己 是 在 为 一个 巨人 整理 遗体 。
她 甚至 常常 有 这样 的 想象 ： 这 巨人 就 是 自己 的 父亲 。
两 年 前 那个 凄惨 的 夜晚 ， 她 在 太平间 为 父亲 整理 遗容 时 的 感觉 就 在 这时 重现 。
巨松 上 那 绽开 的 树皮 ， 似乎 就 是 父亲 躯体 上 累累 的 伤痕 。
内蒙古 生产 建设 兵团 的 六 个 师 四十一 个 团 十 多 万 人 就 分布 在 这 辽阔 的 森林 和 草原 之间 。
刚 从 城市 来到 这 陌生 的 世界 时 ， 很多 兵团 知青 都 怀着 一个 浪漫 的 期望 ： 当 苏 修 帝国主义 的 坦克 集 群 越过 中 蒙 边境 时 ， 他们 将 飞快 地 武装 起来 ， 用 自己 的 血肉 构成 共和国 的 第一 道 屏障 。
事实上 ， 这 也 确实 是 兵团 组建 时 的 战略 考虑 之一 。
但 他们 渴望 的 战争 就 像 草原 天边 那 跑 死 马 的 远 山 ， 清晰可见 ， 但 到 不 了 眼前 ， 于是 他们 只 有 垦荒 、 放牧 和 砍伐 。
这些 曾 在 “ 大 串联 ” 中 燃烧 青春 的 年轻人 很快 发现 ， 与 这 广阔 天地 相比 ， 内地 最 大 的 城市 不过 是 个 羊圈 ； 在 这 寒冷 无际 的 草原 和 森林 间 ， 燃烧 是 无 意义 的 ， 一 腔 热血 喷 出 来 ， 比 一 堆 牛粪 凉 得 更 快 ， 还 不如 后者 有 使用 价值 。
但 燃烧 是 他们 的 命运 ， 他们 是 燃烧 的 一代 。
于是 ， 在 他们 的 油锯 和 电锯 下 ， 大片 的 林海 化为 荒山秃岭 ； 在 他们 的 拖拉机 和 康拜因 ( 联合 收割机 ) 下 ， 大片 的 草原 被 犁 成 粮田 ， 然后 变成 沙漠 。
叶文洁 看到 的 砍伐 只能 用 疯狂 来 形容 ， 高大 挺拔 的 兴安 岭 落叶松 、 四季 长青 的 樟 子 松 、 亭亭玉立 的 白桦 、 耸 入 云天 的 山 杨 、 西伯利亚 冷杉 ， 以及 黑桦 、 柞树 、 山 榆 、 水曲柳 、 钻天柳 、 蒙古 栎 ， 见 什么 伐 什么 ， 几百 把 油锯 如同 一 群 钢铁 蝗虫 ， 她 的 连队 所 过 之 处 ， 只 剩下 一 片 树桩 。
整理 好 的 落叶松 就要 被 履带 拖拉机 拖 走 了 ， 在 树干 另 一 头 ， 叶文洁 轻轻 抚摸 了 一下 那 崭新 的 锯 断面 ， 她 常常 下意识 地 这么 做 ， 总 觉得 那 是 一 处 巨大 的 伤口 ， 似乎 能 感到 大树 的 剧痛 。
她 突然 看到 ， 在 不远处 树桩 的 锯 断面 上 ， 也 有 一 只 在 轻轻 抚摸 的 手 ， 那 手 传达 出 的 心灵 的 颤抖 ， 与 她 产生 了 共振 。
那 手 虽然 很 白 皙 ， 但 能够 看出 是 属于 男性 的 。
叶文洁 抬头 ， 看到 抚摸 树桩 的 人 是 白 沐 霖 ， 一个 戴 眼镜 的 瘦弱 青年 ， 他 是 兵团 《 大 生产 报 》 的 记者 ， 前 天 刚 到 连队 来 采访 。
叶文洁 看 过 他 写 的 文章 ， 文笔 很 好 ， 其中 有 一 种 与 这个 粗放 环境 很 不 协调 的 纤细 和 敏感 ， 令 她 很 难忘 。
“ 马钢 ， 你 过来 。
” 白 沐 霖 对 不远处 一个 小伙子 喊 道 ， 那 人 壮 得 像 这 棵 刚 被 他 伐 倒 的 落叶松 。
他 走 过来 ， 白 记者 问道 ： “ 你 知道 这 棵 树 多 大 年纪 了 ?
” “ 数 数 呗 。
” 马 钢 指指 树桩 上 的 年轮 说 。
“ 我 数 了 ， 三百三十 多 岁 呢 。
你 锯 倒 它 用 了 多 长 时间 ?
” “ 不 到 十 分钟 吧 ， 告诉 你 ， 我 是 连 里 最 快 的 油锯 手 ， 我 到 哪个 班 ， 流动 红旗 就 跟 我 到 那儿 。
” 马钢 看上去 很 兴奋 ， 让 白 记者 注意 到 的 人 都 这样 ， 能 在 《 大 生产 报 》 的 通讯 报道 上 露 一下 脸 也 是 很 光荣 的 事 。
“ 三百 多 年 ， 十几 代 人 啊 ， 它 发芽 时 还 是 明朝 呢 ， 这 漫长 的 岁月 里 ， 它 经历 过 多少 风雨 ， 见 过 多少 事 。
可 你 几 分钟 就 把 它 锯 倒 了 ， 你 真 没 感觉 到 什么 ?
” “ 你 想 让 我 感觉 到 什么 呢 ?
” 马 钢 愣 了 一下 ， “ 不 就 一 棵 树 嘛 ， 这里 最 不 缺 的 就是 树 ， 比 它 岁数 长 的 老 松 多 的 是 。
” “ 忙 你 的 去 吧 。
” 白 沐 霖 摇摇 头 ， 坐 在 树桩 子 上 轻轻 叹息 了 一 声 。
马钢 也 摇摇 头 ， 记者 没有 报道 他 的 兴趣 ， 令 他 很 失望 。
“ 知识分子 毛病 就 是 多 。
” 他 说 的 时候 还 瞟 了 一 眼 不远处 的 叶文洁 ， 他 的 话 显然 也 包括 了 她 。
大树 被 拖 走 了 ， 地面 上 的 石块 和 树桩 划 开 了 树皮 ， 使 它 巨大 的 身躯 皮开肉绽 。
它 原来 所在 的 位置 上 ， 厚厚的 落叶 构成 的 腐 植 层 被 压 出 了 一 条 长 沟 ， 沟 里 很快 渗出 了 水 ， 陈年 落叶 使 水 呈 暗 红色 ， 像 血 。
“ 小 叶 ， 过来 歇歇 吧 。
” 白 沐 霖 指指 大 树桩 空 着 的 另 一边 对 叶文洁 说 。
文洁 确实 累 了 ， 放下 工具 ， 走 过来 和 记者 背靠背 地 坐 着 。
沉默 了 好 一会儿 ， 白 沐 霖 突然 说 ： “ 我 看 得 出来 你 的 感觉 ， 在 这里 也 就 我们 俩 有 这种 感觉 。
” 文洁 仍然 沉默 着 ， 白 沐 霖 预料 她 不 会 回答 。
叶文洁 平时 沉默寡言 ， 很 少 与 人 交流 ， 有些 刚 来 的 人 甚至 误认为 她 是 哑巴 。
