
要是 能 按 他 的 想法 来 办 的 话 ， 最好 是 一 本 烧 掉 、 埋 掉 的 书 。
赞 福德 ?
毕博布鲁克斯 也 在 那 艘 飞船 上 ， 杰尔兹 觉得 这 一 情况 更 是 不足 挂 齿 。
赞 福德 ?
毕博布鲁克斯 现在 只是 银河系 前 总统 ， 虽然 整个 银河系 的 警察 力量 目前 都 在 搜捕 他 和 他 偷走 的 这 艘 飞船 ， 但 沃 贡 人 对 此 并 不 感 兴趣 。
沃 贡 ?
杰尔兹 有别 的 事情 要 做 。
据说 ， 要 让 沃 贡 人 超越 受贿 和 腐败 ， 就 像 让 海面 超越 云端 一样 不 可能 。
这种 看法 完全 适用 于 杰尔兹 。
每当 听到 “ 廉洁 ” 或者 “ 正直 ” 这样 的 词 ， 他 需要 翻 字典 才 明白 意思 ； 而 每 当 听到 可以 到 手 的 一 大 笔 钱 所 发出 的 叮当 声 ， 他 会 冲 到 戒律 守则 面前 ， 将 它 一 把 扔 开 。
他 执拗 地 要 毁掉 地球 及其 所 处 位置 上 的 一切 ， 在 某种 程度 上 说 ， 这种 偏执 逾越 了 他 的 专业 职责 。
所谓 的 通道 究竟 是 不 是 会 修建 ， 这 一点 还 值得 怀疑 ， 不 过 这个 情况 已经 被 掩盖 过去 了 。
他 发出 了 一 声 表示 满意 ， 却 令 人 厌恶 的 咕噜 。
“ 电脑 ， ” 他 用 嘶哑 的 声音 说 ， “ 给 我 连 线 我 的 脑 保健 医师 。
” 几 秒 钟 之内 ， 伽 葛 ?
哈尔佛兰特 的 脸 出现 在 屏幕 上 。
这 张 脸上 的 笑容 表明 ， 他 完全 清楚 自己 和 面前 的 这 张 沃 贡 人 的 脸 之间 隔 了 整整 十 光年 。
混合 在 这 笑容 里 的 ， 还有 那么 一 丝 嘲讽 。
这个 沃 贡 人 坚持 把 他 称为 “ 我 的 私人 脑 保健 医师 ” ， 其实 并 没有 多少 脑子 需要 他 来 照看 。
实际上 ， 是 哈尔佛兰特 雇用 了 这个 沃 贡 人 。
他 付给 他 一 大 笔 钱 ， 让 他 去 干 一 件 非常 肮脏 的 工作 。
作为 银河系 中 最 杰出 、 最 成功 的 精神病 医生 ， 在 精神病 学 的 整个 前途 看上去 危机 重重 的 时刻 ， 他 和 由 他 的 同事 们 所 组成 的 协会 当然 很 愿意 破费 一 大 笔 钱 。
“ 嗨 ， ” 他 说 ， “ 我 的 沃 贡 舰长 ， 咱们 今天 感觉 如何 ？
” 沃 贡 舰长 告诉 他 ， 在 过去 的 几 个 小时 里 ， 自己 在 一 次 纪律 训练 中 干 掉 了 几乎 一半 船员 。
哈尔佛兰特 的 笑容 甚至 没有 丝毫 改变 。
“ 哦 ， ” 他 说 ， “ 我 认为 ， 对 一个 沃 贡 人 来说 ， 这种 举动 再 正常 不过 了 。
既 出于 天性 ， 也 是 一 种 保持 身体 健康 的 宣泄 ， 将 体内 的 攻击 本能 转化 为 毫无 意义 的 暴力 行为 。
” “ 又 是 这 句 话 ， ” 沃 贡 人 嘟哝 道 ， “ 你 总是 这么 说 。
” “ 是的 ， ” 哈尔佛兰特 说 ， “ 我 认为 ， 对 一个 精神病 医生 来说 ， 这种 举动 同样 再 正常 不过 了 。
好 吧 ， 咱们 显然 已经 把 今天 的 精神 状态 调整 好 了 。
现在 告诉 我 ， 任务 有 什么 新 进展 吗 ？
” “ 我们 已经 找到 了 那 艘 飞船 。
” “ 很 好 ， ” 哈尔佛兰特 说 ， “ 很 好 ！
里面 的 人 呢 ？
” “ 那个 地球 人 在 里面 。
” “ 好 极了 ！
还有 呢 ？
” “ 还有 一个 女人 ， 来自 同 一 颗 星 球 。
他们 是 仅 存 的 两 个 。
” “ 好 的 ， 好 的 ， ” 哈尔佛兰特 微笑 着 说 ， “ 其他 还 有 些 什么 人 ？
” “ 那个 叫做 长官 的 。
” “ 嗯 ？
” “ 以及 赞 福德 ?
毕博布鲁克斯 。
” 这 一瞬间 ， 哈尔佛兰特 的 笑容 闪烁 了 一下 。
“ 哦 ， 是 的 ， ” 他 说 ， “ 我 猜 到会 是 这样 。
真是 令 人 遗憾 啊 。
” “ 是 你 的 朋友 ？
” 沃 贡 人 问 ， 他 以前 在 某个 地方 听到 过 “ 朋友 ” 这种 表述 方法 ， 所以 决定 自己 也 来 试试 。
“ 噢 ， 不 是 ， ” 哈尔佛兰特 说 ， “ 在 我 这个 行当 里 ， 你 知道 的 ， 我们 是 不 交 私人 朋友 的 。
” “ 喔 ， ” 沃 贡 人 咕哝 着 ， “ 职业性 冷漠 。
” “ 不 ， ” 哈尔佛兰特 愉快 地 说 ， “ 我们 只 是 没有 交 朋友 的 概念 。
” 他 顿 了 一下 ， 嘴 上 仍然 挂 着 笑容 ， 但 眉头 已经 轻轻 皱 起 。
“ 不过 ， 毕博布鲁克斯 ， 你 知道 ， ” 他 说 ， “ 他 是 我 最 有利可图 的 主顾 之一 。
他 身上 的 人格 病症 简直 是 精神 分析 医生 们 梦寐以求 的 。
” 他 玩味 了 一会儿 这个 念头 ， 最后 不得不 很 不 情愿 地 丢开 了 。
“ 那么 ， ” 他 问 ， “ 你 准备 好 了 吗 ？
” “ 是的 。
” “ 好 。
立即 摧毁 这 艘 飞船 。
” “ 毕博布鲁克斯 怎么办 ？
” “ 噢 ， ” 哈尔佛兰特 轻快 地 说 ， “ 赞 福德 不过 是 赞 福德 罢了 ， 懂 吗 ？
” 说 着 ， 他 从 屏幕 上 消失 了 。
沃 贡 舰长 按 下 一个 通话 器 按钮 ， 把 他 和 他 剩下 的 船员 们 联系 起来 。
“ 攻击 ， ” 他 说 。
此时此刻 ， 赞 福德 ?
毕博布鲁克斯 正 在 他 的 房间 里 大声 咒骂 。
两 个 小时 以前 ， 他 说 他们 很快 就 会 到 宇宙 尽头 餐馆 美美 地 吃 上 一 顿 ， 可 现在 已经 过去 了 整整 两 个 小时 。
所以 他 冲 飞船 的 电脑 狠狠 地 发 了 一 通 火 ， 怒气冲冲 地 离开 控制室 ， 冲 向 自己 的 房间 ， 一路 大声 咆哮 ， 扬言 要 用 铅笔 和 本子 将 非 概率 系统 计算 个 明明白白 。
黄金 之 心 号 的 非 概率 驱动 系统 使 它 成为 现有 飞船 中 最 强有力 的 一 艘 ， 也 是 最 无法 预测 的 。
它 无所不能 ， 你 会 确 确实 实地 看 到 ， 无论 你 要求 它 做 的 事 有 多么 不可思议 ， 最终 都 会 成为 现实 。
偷走 它 时 ， 他 还 是 总统 ， 应邀 参加 它 的 启用 典礼 。
