 先行者 曾 从 中 看 了 一 眼 木星 ， 发现 这 颗 大行星 的 表面 已 面目全非 ， 大红 斑 不见 了 ， 风暴 纹 似乎 更加 混乱 。
他 没 再 关注 别的 行星 ， 径直 飞 向 地球 。
先行者 用 颤抖 的 手 按 动 了 一个 按钮 ， 高大 的 舷窗 的 不 透明 金属 窗帘 正在 缓缓 打开 。
啊 ， 我 的 蓝色 水晶球 ， 宇宙 的 蓝 眼珠 ， 蓝色 的 天使 …
…
先行者 闭 起 双 眼 默默 祈祷 着 ， 过 了 很 长 时间 ， 才 强迫 自己 睁 开 双 眼 。
他 看到 了 一个 黑 白 相间 的 地球 。
黑色 的 是 熔化 后 又 凝结 的 岩石 ， 那 是 墓碑 的 黑色 ： 白色 的 是 蒸发 后 又 冻结 的 海洋 ， 那 是 殓 布 的 白色 。
方舟 号 进入 低 轨道 ， 从 黑色 的 大陆 和 白色 的 海洋 上空 缓缓 越 过 ， 先行者 没有 看到 任何 遗迹 ， 一切 都 被 熔化 了 ， 文明 已 成 过眼烟云 。
但 总 该 留 个 纪念碑 的 ， 一 座 能耐 ４０００ 度 高温 的 纪念碑 。
先行者 正 这么 想 ， 纪念碑 就 出现 了 。
飞船 收到 了 从 地面 发 上来 的 一 束 视频 信号 ， 计算机 把 这 信号 显示 在 屏幕 上 ， 先行者 首先 看到 了 用 耐 高温 摄像机 拍 下 的 两千 多 年 前 的 大 灾难 景象 。
能量 闪烁 时 ， 太阳 并 没有 像 他 想 像 的 那样 亮度 突然 增强 ， 太阳 进 发出 的 能量 主要 以 可见光 之外 的 辐射 传出 。
他 看到 ， 蓝色 的 天空 突然 变成 地狱 般 的 红色 ， 接着 又 变成 噩梦 般 的 紫色 ； 他 看到 ， 纪元 城市 中 他 熟悉 的 高 楼群 在 几千 度 的 高温 中 先 是 冒 出 浓烟 ， 然后 像 火炭 一样 发出 暗 红色 的 光 ， 最后 像 蜡 一样 熔化 了 ： 灼热 的 岩浆 从 高山 上流 下 ， 形成 了 一 道道 巨大 的 瀑布 ， 无数 个 这样 的 瀑布 又 汇 成 一条条 发 着 红光 的 岩浆 的 大 河 ， 大地 上 火 流 的 洪水 在 泛滥 ； 原来 是 大海 的 地方 ， 只有 蒸汽 形成 的 高大 的 蘑菇云 ， 这 形状 狰狞 的 云 山 下部 映射 着 岩浆 的 红色 ， 上部 透出 天空 的 紫色 ， 在 急剧 扩大 ， 很快 一切 都 消失 在 这 蒸汽 中 …
…
当 蒸汽 散 去 ， 又 能 看到 景物 时 ， 已 是 几 年 以后 了 。
这时 ， 大地 已 从 烧 熔 状态 初步 冷却 ， 黑色 的 波纹 状 岩石 覆盖 了 一切 。
还 能 看到 岩浆 河流 ， 它们 在 大地 上 形成 了 错综复杂 的 火网 。
人类 的 痕迹 已 完全 消失 ， 文明 如 梦 一样 无影无踪 了 。
又 过 了 几 年 ， 水 在 高温 状态 下 离 解 成 的 氢 氧 又 重新 化合 成 水 ， 大暴雨 从天而降 ， 灼热 的 大地 上 再次 蒸汽 弥漫 ， 这时 的 世界 就 像 在 一个 大 蒸锅 中 一样 阴暗 闷热 和 潮湿 。
暴雨 连 下 几十 年 ， 大地 被 进一步 冷却 ， 海洋 渐渐 恢复 了 。
又 过 了 上百 年 ， 因 海水 蒸发 形成 的 阴云 终于 散 去 ， 天空 现出 蓝色 ， 太阳 再次 出现 了 。
再 后来 ， 由于 地球 轨道 外 移 ， 气温 急剧 下降 ， 大海 完全 冻结 ， 天空 万里无云 ， 已 死去 的 世界 在 严寒 中 变 得 很 宁静 了 。
先行者 接着 看到 了 一个 城市 的 图像 ： 先 看 到 如林 的 细长 的 高 楼群 ， 镜头 从 高 楼群 上方 降 下去 ， 出现 了 一个 广场 ， 广场 上 一 片 人海 。
镜头 再 下降 ， 先行者 看 到 所有 的 人 都 在 仰望 着 天空 。
镜头 最后 停 在 广场 正中 的 一个 平台 上 ， 平台 上 站 着 一个 漂亮 姑娘 ， 好像 只有 十几 岁 ， 她 在 屏幕 上 冲 着 先行者 挥 挥手 ， 娇滴滴 地 喊 ： “ 喂 ， 我们 看到 你 了 ， 像 一个 飞 得 很 快 的 星星 ！
你 是 方舟 一 号 ？
” 在 旅途 的 最后 几 年 ， 先行者 的 大部分 时间 是 在 虚拟 现实 游戏 中 度过 的 。
在 那个 游戏 中 ， 计算机 接收 玩 者 的 大脑 信号 ， 根据 玩 者 思维 构筑 一个 三维 画面 ， 这 画面 中 的 人 和 物 还 可 根据 玩 者 的 思想 做出 有限 的 活动 。
先行者 曾 在 寂寞 中 构筑 过 从 家庭 到 王国 的 无数 个 虚拟 世界 ， 所以 现在 他 一 眼 就 看 出 这 是 一 幅 这样 的 画面 。
但 这个 画面 造 得 很 拙劣 ， 由于 大脑 中 思维 的 飘忽 性 ， 这种 由 想像 构筑 的 画面 总 有 些 不对 的 地方 ， 但 眼前 这个 画面 中 的 错误 太 多 了 ： 首先 ， 当 镜头 移 过 那些 摩天大楼 时 ， 先行者 看到 有 很多 人 从 楼顶 窗子 中 钻 出 ， 径直 从 几百 米 高 处 跳 下 来 ， 经过 让 人 头晕目眩 的 下坠 ， 这些 人 都 平安无事 地 落 到 地上 ； 同时 ， 地上 有 许多 人 一 跃 而 起 ， 像 会 轻 功 似的 一下 就 跃 上 几 层 楼 的 高度 ， 然后 他们 的 脚 踏 上 了 楼 壁 上 伸出 的 一 小 块 踏板 上 （ 这样 的 踏板 每 隔 几 层 就 有 一个 ， 好像 专门 为 此 而 设 ） ， 再 一 跃 ， 又 飞 上 几 层 ， 就 这样 一直 跳 到 楼顶 ， 从 某个 窗子 中 钻 进 去 。
仿佛 这些 摩天大楼 都 没有 门 和 电梯 ， 人们 就 是 用 这种 方式 进出 的 。
当 镜头 移 到 那个 广场 平台 上 时 ， 先行者 看到 人海 中 有 用 线 吊 着 的 几 个 水晶球 ， 那 球 直径 可能 有 一 米 多 。
有人 把 手 伸 进 水晶球 ， 很 轻易 地 抓 出 水晶球 的 一 部分 ， 在 他们 的 手 移 出 后 晶莹 的 球体 立刻 恢复 原状 ， 而 人们 抓 到 手中 的 那 部分 立刻 变成 了 一个 小 水晶球 ， 那些 人 就 把 那个 透明 的 小 球 扔 进 嘴里 …
…
