“ 我们 又 在 上升 了 吗 ？
” “ 不 ， 正 相反 ！
我们 在 下降 ！
” “ 比 那 还 要 糟 ， 史密斯 先生 ！
我们 正在 往 下 掉 ！
” “ 天 哪 ！
快 把 压 仓 物 扔 出 去 吧 ！
” “ 瞧 ！
这 最后 的 一 袋 都 空 了 ！
” “ 气球 上升 了 吗 ？
” “ 没有 ！
” “ 我 好象 听到 波浪 冲击 的 声音 ！
” “ 吊 篮 下面 就 是 海 ！
” “ 离 我们 至多 不过 五百 英尺 了 ！
” “ 把 所有 占 分量 的 东西 都 扔 下去 ！
…
…
所有 的 东西 ！
” 这 就 是 1865年 3月 23日 下午 四点 钟 从 辽阔 的 太平洋 上空 传来 的 喊声 。
那年 春分 前后 ， 那 场 从 东 北方 吹 来 的 骇 人 暴风 是 令 人 难忘 的 。
从 3月 18日 到 26日 ， 大 风暴 片刻 不停 地 怒吼 着 。
它 从 北纬 35 度斜 穿 赤道 ， 直到 南纬 40 度 ， 掠过 了 一千八百 英里 的 地带 ， 给 美洲 、 欧洲 和 亚洲 造成 了 严重 的 灾害 。
城市 被 吹 毁 ； 树木 被 连 根 拨 起 ； 排山倒海 似的 巨浪 冲 毁 了 堤岸 ， 仅仅 根据 已经 发表 的 数字 ， 一直 抛 上 陆 地 的 船 就 有 几 百 只 ； 有些 龙卷风 经过 的 地方 ， 整个 都 变成 了 平地 ； 好几 千 人 在 陆上 和 海里 丧 了 命 ； 这 就 是 当时 疯狂 肆虐 的 暴风 过去 以后 所 留下 的 罪证 。
1810年 10月 25日 哈瓦那 和 1825年 7月 26日 瓜德罗普 的 灾情 固然 可怕 ， 但是 也 比 不 上 这 一 次 。
就 在 这 陆 地 和 海洋 上 惨遭 浩劫 的 时候 ， 激荡 的 高空 中 也 演出 了 同样 惊心动魄 的 悲剧 。
一 只 轻 气球 ， 象 被 龙卷风 带到 水柱 顶 上 的 皮球 一样 ， 卷 进 了 一 股气流 的 旋涡 中 ， 它 以 每 小时 九十 英里 的 速度 掠过 太空 ， 仿 佛 被 什么 空中 旋涡 抓住 了 似的 ， 不 停 地 转 着 。
气球 的 下边 系 着 一 只 吊 篮 ， 里面 坐 着 五 个 人 ， 由于 浓雾 和 水汽 弥漫 在 整个 的 洋面 上 ， 人们 很 难 看 得 清楚 。
也许 有人 会 问 ， 这个 气球 —— 暴风 的 玩具 是 从 哪儿 来 的 ？
它 是 从 地球 的 哪个 角落 升起 的 ？
当然 ， 它 是 不 会 在 刮 暴风 的 时候 起飞 的 。
但是 ， 暴风 已经 刮 了 五 天 ， 并且 在 18日 那天 就 已经 有 了 要 起 风暴 的 征兆 。
毫无疑问 ， 这个 气球 是 从 极 远 的 地方 飞来 的 ， 因为 大风 一 昼夜 至少 要 把 它 带走 两千 英里 。
这些 迷失 方向 的 乘客 ， 横竖 也 没法 计算 他们 起航 以来 经历 了 多少 路程 。
奇怪 的 是 ， 他们 虽然 在 这 怒吼 的 暴风 中 飘荡 ， 却 还是 平安无事 。
他们 被 风 抛 来 抛 去 ， 吹 得 团团 乱 转 ， 却 丝毫 不 觉得 自己 在 滚动 ， 也 不 觉得 怎样 颠簸 。
他们 的 目光 没法 透过 吊 篮下 面的 浓雾 。
阴云 环抱 着 他们 。
他们 分辨 不 清 是 白天 还 是 黑夜 。
当时 他们 悬浮 在 高 空中 ， 周围 一 片 昏暗 ， 既 看 不 见 地上 的 反 光 ， 也 听 不 到 地上 的 人 声 ， 连 海洋 的 澎湃 声 也 传 不 到 他们 的 耳朵 里 。
只有 当 急骤 下降 的 时候 ， 他们 才 意识 到 会 有 惨遭 灭 顶 的 危险 。
他们 扔下 了 弹药 、 枪 枝 和 粮食 一些 重负 以后 ， 便 又 升 到 四千五百 英尺 高度 的 空中 。
飞行 的 人们 一 发觉 下面 是 汪洋大海 ， 就 觉得 上面 的 危险 总 比 下面 小 些 ， 因此 毫不犹豫 地 连 他们 最 有 用 的 东西 都 扔掉 了 ， 同时 他们 尽量 想法 不 让 气球 漏掉 一点 氢气 ， 只有 这种 氢气 ， 才 是 他们 的 命根子 ， 才 能 把 他们 悬 在 海洋 上 。
黑夜 在 惊险 恐怖 中 过去 了 （ 如果 是 胆小 的 人 ， 恐怕 早已 吓 死 了 ） 。
白昼 又 来临 了 。
随着 白昼 的 来临 ， 暴风 也 逐渐 和缓 下来 。
从 3月 24日 那 一 天 清晨 起 ， 暴风 有 了 减弱 的 征象 。
黎明 时分 ， 一 片片 的 轻 云 向 更 高 处 升 去 。
几 小时 的 工夫 ， 飓风 已经 变成 了 “ 强风 ” ， 这 就 是 说 ： 大气 流动 的 速度 已经 减弱 了 一半 。
这时 虽然 还 是 水手 们 所 说 的 “ 紧 帆 风 ” ， 然而 风势 毕竟 减弱 不 少 了 。
将近 十一点 钟 的 时候 ， 下层 的 空气 显得 比较 明朗 了 。
大气 已经 发出 象 雷雨 过后 常 有 的 那种 湿润 的 气息 。
暴风 似乎 不 再 向 西 刮 了 。
风力 已经 显得 有气无力 了 。
它 会 不 会 象 印度洋 上 的 台风 那样 ， 往往 说 停 就 停 ， 一下子 就 烟消云散 呢 ？
可是 ， 就 在 这时候 ， 气球 显然 又 在 慢慢 地 下降 了 。
看来 它 正在 逐渐 瘪 下去 ， 气囊 愈 伸 愈 长 ， 从 球形 变成 了 椭圆形 。
到 了 中午 ， 气球 离 海面 只 有 两千 英尺 了 。
气囊 能 容纳 五 万 立方 英尺 气体 ， 正 因为 它 有 这么 大容量 ， 所以 它 才 能 在 空中 —— 或是 向 上升 得 很 高 ， 或是 保持 平行 方向 移动 —— 停留 很 长时间 。
