 坐 在 沙发 ， 耐心 地 听 着 小 继 来 总 也 说 不 完 的 话 。
而 邵 伯伯 呢 ， 则 咬 着 烟斗 ， 倚 在 窗户 上 ， 含笑 地 望 着 她们 。
哦 ， 二十四 小时 ！
地球 仅仅 自转 了 一个 圈 儿 …
…
“ 岳 …
…
兰 ， ” 她 忽然 听见 邵子安 的 嘎 哑 的 、 迟疑不决 的 声音 。
“ 今天 上午 ， 你 干 什么 呢 ？
” “ 我 陪 妈妈 去 看病 —— 她 昨晚 心口 疼 。
” 岳兰 机械 地 回答 道 。
“ 那 你 为什么 现在 不 陪 着 她 ？
” 邵 子 安好 象 恼怒 了 。
“ 服 了 药 ， 上午 就 好 了 —— 下午 她 上班 去 啦 。
” 邵子安 沉重 地 叹息 了 一 声 ， 不 说话 了 。
岳兰 是 一个 聪明 的 姑娘 。
她 明白 ， 邵 伯伯 为什么 在 这样 的 时刻 提出 一个 似乎 是 不合时宜 的 问题 。
多么 辛辣 的 一 撮 盐 撒 在 邵子安 的 裸露 的 心上 呀 ！
中午 ， 岳兰 去 过 邵 家 。
找 小 继 来 ， 邵 婶 说 ， 继 来 ， 还有 继恩 和 他 的 同学 钟亚兵 ， 全都 跟 霍 工程师 到 宇航 基地 去 了 。
而 现在 ， 宇航 基地 却 发现 了 敌情 ！
宇航 基地 受到 威胁 ， 邵 伯伯 心爱 的 小 女儿 也 受到 了 威胁 。
战斗 也许 已经 打响 。
一个 十五 岁 的 小姑娘 正 卷 在 暴风雪 下 的 战斗 中 。
对于 继恩 和 亚兵 ， 没有 什么 ， 他们 是 宇航 城 长大 的 、 经过 锻炼 的 青年 。
但是 继 来 却 完全 不同 ， 她 是 看 惯 黄浦江 上 的 轮船 、 南京路 上 的 霓虹灯 的 上海 姑娘 呀 ， 她 是 一 株 长 在 江南 的 柔弱 的 小草 …
…
邵子安 又 说话 了 ， 还是 嘎 哑 的 声音 ， 充满 焦虑 。
“ 岳兰 ， 你 看 ， 可能 有 什么样 的 敌情 呢 ？
” 岳兰 摇 了 摇 头 。
“ 我 想象 不 出 ， 那 个 人 一点儿 也 没有 说 清楚 。
” “ 他 当然 来不及 多 说 。
” 邵子安 谅解 地 说 。
“ 再 说 ， 他 无非 是 给 我 报 个 讯 儿 。
岳兰 ， 你 认为 敌人 是 针对 ‘ 东方 号 ’ 来 的 吗 ？
” 岳兰 没有 吱声 ， 她 在 思索 。
她 刚才 完全 把 心思 放在 继 来 身上 了 。
然而 ， 她 身旁 坐 着 的 这个 木雕 似的 人 一门心思 想 的 不 是 自己 的 儿女 ， 而是 比 儿女 还 亲 的 、 等待 出发 的 宇宙 航船 “ 东方 号 ” 。
为什么 上午 她 没有 来 ？
如果 来 了 ， 她 就 会 跟 继恩 兄 女 未 一块儿 到 了 2004 基地 ， 此刻 她 早已 投入 保卫 宇航 基地 、 保卫 “ 东方 号 ” 的 战斗 了 。
什么样 的 战斗 ？
她 不 知道 。
但是 她 怀里 有 一 把 手枪 ， 一 把 激光 手枪 ， 什么样 的 敌人 都 经不住 一发 激光 子弹 。
她 是 决不会 手软 的 。
车窗 外 面 ， 暴风雪 还 在 肆虐 ， 尽情 地 蹂躏 着 大地 。
虽然 是 高速公路 ， 虽然 是 电子 司机 ， 也 不得不 减慢 速度 了 。
公路 上 是 一个个 雪团 在 翻滚 ， 汽车 轮 于 经常 打滑 。
车头 灯 照耀 之 处 。
是 奇形怪状 的 线条 和 图形 ， 仿佛 千军万马 在 厮杀 ， 又 象是 冲 决堤 防 的 滔滔 的 洪水 ， 要 把 整个 宇宙 翻转 过来 一样 。
邵子安 不安 地 观察 着 车窗 外 面 。
他 猛地 抓住 了 岳兰 的 手 。
“ 多 大 的 暴风雪 啊 ！
” 他 的 声音 有点 异样 。
“ 我 在 宇航 城 生活 了 十六 年 ， 从来 没 见 过 …
…
” 岳 兰 记忆 中 也 没 经历 过 这样 的 大 风雪 。
但是 她 不 理解 这 有 什么 可 奇怪 的 ， 已经 是 腊月 了 ， 腊月 里 戈壁滩 上 是 很 寒冷 的 。
而且 ， 近年来 ， 气候 总是 有 点 反常 …
…
“ 暴风雪 ， 敌情 ， ‘ 东方 号 ’ 的 计划 …
…
” 邵子安 缓缓 地 说 。
“ 这 ， 难道 是 巧合 吗 ？
” “ ‘ 东方 号 ’ ？
计划 ？
” 岳 兰 两 只 大 眼睛 忽闪忽闪 。
“ 哦 ， 我 忘 了 ， 你 还 不 知道 ， ‘ 东方 号 ’ 预定 下星期 就 出发 ， 到 火星 去 。
” ‘ “ 不 是 刚刚 在 上星期 ， ’ 建设 号 ‘ 出发 了 ？
” “ 这 回 是 给 ‘ 建设 号 ’ 上 的 宇航员 运送 给养 、 器材 和 装备 的 。
哦 ， 岳兰 ， 我们 要 在 火星 上 建设 一个 半 永久性 的 实验室 呀 …
…
” 原来 这样 ！
…
…
半 年 前 ， 岳兰 曾经 到 基地 参观 了 一 次 。
她 惊讶 地 发现 ， “ 东方 号 ” 适 得 比 以往 任何 一 艘 宇宙 航船 都 大 得 多 。
它 是 真正 的 巨人 ： 四 级 火箭 耸立 在 发射 场上 ， 晴天 的 时候 ， 从 四十二 公里 外 的 宇航 城 就 看得见 它 的 炮弹 般 的 尖端 ， 恰如 看到 遥远 的 积雪 的 山峰 一样 。
“ 邵 伯伯 ！
” 岳 兰 失声 喊 起来 。
“ 什么样 的 敌人 会 丧心病狂 地 破坏 这个 美好 的 计划 呀 ？
” 邵子安 沉默 着 ， 只 把 右手 朝 北方 指 了 指 。
是的 ， 敌人 总是 丧心病狂 的 。
我们 要 在 大地 上 建设 花园 ， 他们 就 要 在 大地 上 高 筑 牢 墙 和 监狱 ； 我们 要 在 太空 中 驰骋 ， 让 科学 的 触须 伸 向 无限 宇宙 的 深处 ， 他们 却 要 在 太空 中 装备 指向 地球 的 激光 大炮 ， 要 摧毁 人类 的 文明 和 智慧 。
一 头 熊 并 不 是 一个 人 ， 它 的 野心 和 欲望 是 践踏 别人 的 一切 美好 的 事物 ， 从而 把 一切 攫 为 己 有 。
岳兰 虽然 还 很 年轻 。
这个 尖锐 的 真理 她 却 是 早就 认识 了 的 。
邵子安 想 的 是 另 一 回 事儿 。
他 亲手 部署 的 ： 成百 枚 反 弹道导弹 ， 罩 住 发射 基地 方圆 三十 公里 的 激光 网 ， 几十 部 自动 巡逻 的 电子 车 守卫 着 20O4 基地 。
什么 敌人 能够 潜 进来 ？
当然 ， 他 明白 ， 敌人 也 有 强大 的 科学 武装 ， 决 不 亚于 我们 。
战争 ， 已经 不 完全 是 面对面 的 射击 了 ， 而且 又 是 科学技术 的 决战 。
