简直 可以 接通 整个 世界 ！
真 的 ， 如果 非洲 一 位 黑人 酋长 或者 新西兰 一 位 毛利 族 巫师 突然 出现 在 电话机 屏幕 上 ， 她 也 不 会 感到 意外 的 。
再 看看 那个 普通 的 厨房 吧 ， 早上 ， 妈妈 把 生 的 西红柿 、 黄瓜 、 扁豆 、 猪肉 、 鸡蛋 、 鲤鱼 分别 装 在 一 部 机器 上 的 许多 抽屉 里 ， 揿 了 几 下 按钮 。
中午 ， 时钟 一 打 十二点 ， 机器 一 头 的 食 案 上 就 出现 了 肉 炒 扁豆 、 清蒸 鲤鱼 、 拌 黄瓜 、 鸡蛋 西红柿 汤 ， 当然 ， 还有 热气腾腾 的 大米饭 。
该 不 是 有 一个 电子 机器人 在 操持 家务 吧 ？
小 继 来 想 。
但是 她 却 看 不 见 科学 幻想 小说 的 插图 中 通常 见到 的 那种 机器人 ， 一切 都 是 在 一 只 魔术 般 的 大 柜 式样 的 电子 设备 里 进行 的 。
最最 教 小 继 来 着迷 的 ， 还是 那 在 远处 高高 耸 起 的 宇 亩 飞船 的 发射架 。
去年 夏天 ， “ 东方 号 ” 刚刚 建造 了 一半 ， 但是 发射架 早已 傲然 直指 天空 。
爸爸 不 肯 带 继 来 到 基地 去 ， 说是 那儿 “ 谢绝 参观 ” ， 总工程师 的 女儿 就 可以 例外 吗 ？
哥哥 继恩 却 不同 ， 他 是 宇航 预备 学校 的 学生 ， 他 有 进出 基地 的 证件 ； 而且 他 早就 被 一个 叫 “ 霍 工程师 ” 的 高个子 看中 ， 经常 带 他 去 基地 检查 工程 设备 ， 试验 设备 性能 ， 一 句 话 ， 他 干脆 就 是 候补 的 宇航员 了 。
小继来 抚摸 着 哥哥 这 张 贴 有 像片 的 硬 纸卡 —— “ 出入证 ” ， 心里 羡慕 死 了 。
这个 晒 得 黑 黑 、 老 是 憨厚 地 笑 着 的 哥哥 ， 将来 真 是 要 飞 到 火星 上 去 的 ？
那 个 年头 ， 宇航 事业 已经 十分 发达 。
地球 上空 飞驰 着 一千 多 颗 不同 用途 的 卫星 ； 有 五 个 国家 建立 了 轨道 空中 实验室 ； 在 月球 上 ， 有 三 个 不同 国籍 的 工作 站 。
飞 到 金星 、 火星 甚至 木星 和 土星 的 宇宙 航船 ， 就 象 班机 一样 ， 每 隔 一 年 半 年 总 有 一 艘 从 地球 上 起飞 。
这些 ， 都 是 哥哥 告诉 小 继 来 的 。
今年 暑假 ， 小 继 来 没有 到 宇航 城 来 ： 她 到 北京 参加 夏令营 去 了 —— 这 是 她 整个 少先队 生活 的 最后 一 次 夏令营 活动 。
但是 地 暗自 决定 ， 寒假 一定 来 。
哥哥 继恩 写信 告诉 她 ， “ 东方 号 ” 已经 建造 好 了 ， 并且 暗示 ， 可能 冬天 就 发射 。
这 是 迄今为止 我国 最 大 的 一 艘 宇宙 航船 ， 这 次 发射 是 宇航 史 上 伟大 的 壮举 。
论 规模 ， 在 我国 ， 也 只 有 20O3 基地 上 有 一 艘 正在 建造 的 “ 团结 号 ” 也许 可以 比拟 。
怎么 能 放 过 这 次 机会 呀 ？
姥姥 也 想 来 ， 但是 大西北 天气 太 冷 了 ， 怕 老人家 不 适应 。
这样 ， 小姑娘 于 昨天 黄昏 独自 到达 了 宇航 城 。
羽毛 般 轻盈 而 洁白 的 雪花 从 夜里 就 稀稀落落 地下 开 了 。
早晨 ， 撩开 窗帘 一 望 ， 大地 一 片 白 。
上海 小姑娘 没 见 过 这么 壮丽 的 雪景 。
她 高兴 得 一 拍手 ， 穿 上 兔毛 大衣 ， 跑 到 院子 里 ， 先 在 雪地 上 打 个 滚 ， 然后 双手 捧 起 湿漉漉 的 、 白 得 发 蓝 的 雪 ， 洗 擦 脸上 残存 着 的 睡意 。
不一会儿 ， 她 成 了 一个 鲜艳 、 容光焕发 的 姑娘 。
她 从 上海 带来 、 时刻 不 离 身边 的 一 只 卷 毛 小 花 狗 —— “ 花 豹 ” ， 也 学 着 女主人 的 样子 ， 在 雪地 上 滚 了 几 滚 。
它 出生 只 有 四 个 月 ， 这 “ 一辈子 ” 还 没 见 过 这种 奇怪 的 、 凉飕飕 的 、 湿漉漉 的 、 白 生生的 玩艺 儿 呢 ！
继 来 要 堆 个 雪人 ， 拿 来 一 把 扫帚 戳 在 那儿 ， 把 大 团 大 团 积雪 往 上 堆 ， 小 花 豹 却 老 在 捣乱 。
堆 着 堆 着 ， 花 豹 往 上 一 扑 ， 雪 人 就 散 了 架 。
不管 继 来 怎样 呵斥 ， 花 豹 毫 不在乎 地 快活 奔跑 ， 在 雪地 上 打滚 ， 淘气 。
爸爸 到 总 指挥部 开会 ， 妈妈 到 医院 上班 了 。
小 继 来 好久 好久 ， 舍不得 离开 那 冻 得 她 脸颊 通红 通红 的 院子 。
雪 仍然 在 下 着 ， 还是 稀稀落落 的 。
哥哥 继恩 也 放 了 寒假 ， 没有 上学 ， 但是 有 一个 同学 —— 钟亚兵 ， 来 找 他 ， 两 人 关 在 屋子 里 ， 热烈 地 讨论 什么 。
她 多么 想 拖 着 他们 俩 ， 说 ： “ 多 新鲜 的 空气 ！
你们 躲 在 屋子 里 干 什么 ？
不 如 一 起 逛逛 去 。
” 但是 她 不 敢 打扰 哥哥 。
她 叹 了 一 口 气 ， 想 去 找 岳 兰 姊 ， 走 到 门口 ， 又 站住 了 ： 哦 ， 兔皮 大衣 湿 透 啦 ！
她 又 叹 了 口 气 ， 进 了 屋 ， 把 大衣 脱 下 来 ， 放在 电热器 上 烘 。
花 豹 也 一 身 湿 ， 扑 到 她 身上 。
她 搂 着 小 狗 的 脖子 ， 说 ： “ 等 一些 些 ， 花 豹 ， 阿拉 吃 点 物 事 ， 再 出去 白 相 相 ！
” （ 上海 话 ， 等 一会儿 ， 花 豹 ， 我们 吃 点 东西 ， 再 出去 玩玩 —— 书香门第 老 蔡 注 ） 有 人 敲门 ， 她 走 去 开 门 。
是 一个 很 高 的 叔叔 ， 一 见面 就 笑 了 ： “ 小 继 来 ， 你 可 长 成 个 大姑娘 啦 ！
几 时 到 的 ？
” 她 愣 了 一会儿 ， 脑子 里 快速 地 转悠 着 。
这个 叔叔 ， 怎么 认得 我 的 呢 ？
哦 ， 是 了 ， 去年 夏天 就 见 过 ， 是 什么 “ 霍 工程师 ” ， 干 是 她 现 规矩 矩 地 叫 了 声 ： “ 霍 叔叔 ！
” “ 唔 ， 认 出来 了 ？
” 霍 工程师 高兴 地 说 ， 脱 去 了 大衣 ， 搓 搓 手 ， 在 沙发 上 坐 下来 。
“ 爸爸 去 开会 了 ？
” 他 忽然 间 想起 了 什么 。
