包括/v很多/m其他/rzv代替/v了/ule中国/ns传统/n节日/n的/ude1西方/s节日/n，/wd有/vyou多少/ry真正/d为/p中国/ns文化/n创造/v了/ule有/vyou价值/n的/ude1东西/n？/ww
当然/d，/wd我/rr也/d不/d否认/v西方/s语言/n对/p中国/ns语言/n的/ude1积极/a影响/vn。/wj
例如/v，/wd西方/s词汇/n大大/d丰富/v了/ule中国/ns的/ude1词汇/n，/wd提高/v了/ule词汇/n使用/v的/ude1灵活/a度/qv。/wj
比如/v，/wd英文/nz中/f，/wd常常/d有/vyou名词/n被/pbei活/v用作/v动词/n，/wd简单/ad明了/v，/wd用/p一个/mq英文/nz词汇/n来/vf形容/v，/wd就/d是/vshi非常/d的/ude1“/wyzeconomical/x”/wyy（/wkz看来/v西方/s话语/n对/p我/rr的/ude1话语/n结构/n影响/v确实/ad很/d大/a，/wd以至于/c我/rr有时候/d只能/v用/p一个/mq英文/nz词/n来/f更/d好/a的/ude1描述/vn我/rr的/ude1想法/n。/wj
）/wky。/wj
因此/c，/wd现在/t的/ude1中国/ns青年/n，/wd尤其/d是/vshi英语/nz专业/n的/ude1学生/n，/wd例如/v我/rr本人/rr，/wd会/v常常/d说/v：/wp饭/n了/ule没/d？/ww
好/a吧/y，/wd我/rr等/v会/v短/a信/n你/rr。/wj
看/v死/v你们/rr，/wd哈哈/o！/wt
我/rr憋/v了/ule很/d久/ad写/v出来/vf的/ude1。/wj
你们/rr慢慢/d看/v。/wj
其次/c，/wd上/vf了/ule吴/nr1老师/n的/ude1课/n后/f，/wd我/rr的/ude1翻译/vn文化/n交流/vn意识/n提高/v了/y。/wj
吴/nr1老师/n在/p《/wkz西/b话语/n权势/n关系/n的/ude1语言/n哲学/n探/v源/ng—/wp话语/n学/v的/ude1文化/n研究/vn视角/n》/wky一/m文/ng中/f还/d指出/v，/wd表面/n上/f可信/a的/ude1翻译/vn，/wd可能/v完全/ad指/v代/q不同/a的/ude1事物/n。/wj
这/rzv不/d禁/v让/v我/rr思考/v翻译/v这/rzv一/m事件/n的/ude1严肃性/n。/wj
作为/p一个/mq翻译/n专业/n的/ude1研究生/n，/wd应当/v培养/v自己/rr的/ude1跨/v文化/n意识/n，/wd防范/v翻译/n中/f的/ude1假/a朋友/n（/wkzfalsefriends/x）/wky，/wd道/v出/vf词句/n的/ude1真正/b内涵/n。/wj
比如/vInternationalcommunity/x，/wd这个/rz词语/n吴/nr1老师/n在/p文/ng中/f也/d提到/v了/y，/wd一/d见/v到/v这个/rz词/n，/wd大家/rr会/v不约而同/dl地/ude2翻译/v成/v“/wyz国际/n社会/n”/wyy。/wj
而/cc实际上/d，/wd这/rzv是/vshi“/wyz少数/m富/vg国/n强/a国/n对/p世界/n的/ude1一/m种/q控制/vn语言/n，/wd但/c却/d又/d给/p人/n一/m种/q包括/v多数/m人/n的/ude1错觉/n事实上/bl，/wd国际/n社会/n这/rzv一/m概念/n不/d是/vshi以/p人口/n获/v国家/n的/ude1数量/n来/vf定义/n的/ude1，/wd而是/c由/p拥有/v经济/n和/cc军事/n实力/n的/ude1国家/n集团/n以及/cc媒体/n来/vf代表/n。/wj
”/wyy那么/c，/wd做/v为/p翻译/n，/wd是否/v应该/v读/v懂/v这/rzv一/m词语/n的/ude1真正/b内涵/n，/wd道/v出/vf语/ng后/f的/ude1文化/n霸权/n？/ww
这/rzv是/vshi一个/mq值得/v思考/v的/ude1问题/n。/wj
类似/a的/ude1词/n还有/v许多/m，/wd比如/vG/x-/wp8summit/x，/wd这/rzv难道/d真/d是/vshi八/m个/q国家/n的/ude1峰会/n么/y？/ww
还/d是/vshi由/p八/m国/n中/f的/ude1主导/n国/n占优势/vi的/ude1峰会/n？/ww
怎么/ryv翻译/v呢/y？/ww
这些/rz都/d是/vshi一个/mq有/vyou意识/n的/ude1翻译/n该/v去/vf思索/v的/ude1问题/n。/wj
丹丹/nr看/v着/uzhe我们/rr痛苦/an,/wd不/d公平/a。/wj
嗳/n./wj
./wj
./wj
语言/n是/vshi通过/p西方/s传入/v国内/s了/y，/wd但是/c其中/rz包含/v的/ude1文化/n本质/n却/d仍然/d不/d为/v国人/n所/usuo知/v啊/y！/wt
姐姐/n，/wd一/d看/v你/rr就/d没/d看/v文稿/n，/wd我们/rr说/v的/ude1就/d是/vshi西方/s的/ude1文化/n及/cc语言/n对/p东方/s形成/v的/ude1霸权/n现象/n。/wj
我/rr今天/t为了/p晚上/t的/ude1讨论/vn，/wd可/c是/vshi痛苦/a了/ule一/m下午/t才/d憋/v出/vf上面/f的/ude1东西/n的/ude1。/wj
是的/vl，/wd惭愧/a啊/y。/wj
丹丹/nr，/wd我/rr一/m下午/t就/d琢磨/v着/uzhe把/pba谭/vnmm/x的/ude1东西/n翻/v好/a了/y，/wd顺便/d搞好/v了/y。/wj
那/rzv、/wn咋/ryv个/q办/v？/ww
所以/c在/p学/v了/ulecda/x后/f，/wd面对/v有些/rz翻译/n过来/vf“/wyz文化/n对/p等次/n”/wyy，/wd不/d能/v天真/a地/ude2以为/v,/wd这些/rz词语/n只/d是/vshi充实/v了/ule我们/rr的/ude1思想/n和/cc表述/vn能力/n,/wd它们/rr还/d在/p与/p我们/rr的/ude1传统/n文化/n做/v某种/rz不/d平等/a的/ude1交易/vn。/wj
在/p表面/n上/f准确/a和/cc可靠/a的/ude1翻译/n之中/f,/wd隐含/v着/uzhe一个/mq看似/v具有/v普/ag世/ng性/ng的/ude1文化/n霸权/n”/wyy。/wj
在/p这么/rz拖/v呀/y拖/v呀/y，/wd不/d是/vshi办法/n呀/y。/wj
静静/nr2说/v的/ude1好/a！/wt
仰视/v。/wj
（/wkz回复/v）/wky燕/ng(/wkz670638427/m)/wky19:10:37/m哇/y，/wd我/rr打算/v明天/t继续/v努力/an。/wj
今天/t先/d憋/v着/uzhe。/wj
今天/t能/v说/v多少/ry是/vshi多少/ry吧/y。/wj
不行/a的/ude1话/n,/wd明天/t再/d加/v进去/vf。/wj
大家/rr对/p翻译/n的/ude1感触/n比较/d多/a呢/y。/wj
要/v厘/q清/a这些/rz词语/n的/ude1误用/vn,/wd不/d是/vshi去/vf考察/v这些/rz词语/n与/cc历史/n事实/n之间/f的/ude1准确性/n和/cc对应/vi性/ng,/wd而是/c要/v考察/v这些/rz词语/n本身/rz作为/v建构/vn历史观/n的/ude1写作/vn方式/n及其/cc词语/n效果/n,/wd也/d就是/v要/v说明/v这些/rz词语/n本身/rz到底/d预/d设/v了/ule什么样/ryv的/ude1知识/n观/vg、/wn文化观/n和/cc世界观/n。/wj
简言之/vl,/wd它们/rr到底/d带来/v哪些/ry与/p中国/ns历史/n和/cc中国/ns文化/n无关/v的/ude1假设/n。/wj
嗯/e。/wj
这/rzv是/vshi原文/n吧/y?/ww
静静/nr2啊/y./wj
./wj
精辟/a./wj
是的/vl。/wj
嘻/o嘻/o，/wd读/v过/uguo原文/n的/ude1人/n。/wj
好/a吧/y，/wd我/rr也/d抄/v点/qt。/wj
Haha/x。/wj
我/rr就/d是/vshi这么/rz说/v的/ude1“/wyz很/d有/vyou感触/n，/wd但是/c自己/rr表达/v不/d出来/vf”/wyy。/wj
你们/rr太/d狡猾/a了/ule哈/b。/wj
可鄙/an可鄙/an./wj
./wj
哈哈/o！/wt
晕/vi死/v我/rr还/d以为/v是/vshi的/ude1想法/n，/wd还/d仰望/v了/ule你/rr一/m下/f的/ude1。/wj
静静/nr2，/wd你/rr太/d让/v我/rr失望/a了/y呢/y。/wj
哈哈/o！/wt
吴/nr1老师/n的/ude1东西/n是/vshi比较/d深奥/a的/ude1。/wj
没/v事/n啊/y。/wj
说明/v老师/n的/ude1话/n留/v在/p我/rr脑海/n里/f了/y。/wj
我/rr会/v再/d自己/rr发散/vi下/f的/ude1。/wj
恩/ng，/wd对/p的/ude1。/wj
说明/v吴/nr1老师/n很/d值得/v仰视/v。/wj
哈哈哈/o！/wt
道/v可/v道/qv非常/d道/v的/ude1真谛/n我们/rr小组/n是/vshi体会/v至/p深/a的/ude1。/wj
到/v时/ng这/rzv句/q话/n也/d得/ude3交/v上/f去/vf，/wd哈哈/o。/wj
恩/ng，/wd我/rr也/d是/vshi这么/rz想/v的/ude1。/wj
光/d是/vshi讨论/v文稿/n就/d没意思/a了/y。/wj
发表/v我们/rr真实/a的/ude1想法/n才/d是/vshi王道/n啊/y。/wj
话说/v你们/rr每/rz一个/mq人/n准备/v的/ude1啊/y！/wt
？/ww
王道/nr，/wd是/vshi一个/mq外来词/n。/wj
下面/f开始/v讨论/vn王道/n。/wj
王道/n真的/d是/vshi外来词/n？/ww
我/rr才疏学浅/vl了/y。/wj
静静/nr2你/rr说/v说/v看/v。/wj
应该/v是/vshi从/p韩国/nsf引进/v的/ude1吧/y？/ww
！/wt
谁/ry说/v的/ude1？/ww
王道/nr是/vshi中国/ns古代/t就/d有/vyou的/ude1。/wj
就/p一个/mq词/n却/d留给/v人/n无穷/z意会/vi的/ude1空间/n哈/b。/wj
王/n，/wd顾名思义/vl，/wd就是/v高高在上/vl的/ude1意思/n。/wj
而/cc王道/n，/wd此处/s并/cc不/d是/vshi指/v九五/m之/uzhi尊/ng所/usuo走/v的/ude1那/rzv条/q道/n，/wd而是/c一个/mq动/v漫/v专有/b名词/n，/wd在/p动/v漫/v中/f，/wd人们/n忠/ag睐/ng的/ude1的/n某个/rz配对/vi，/wd经常/d用/v王道来/nr解释/v。/wj
例如/v：/wpAC/x王道/n。/wj
就/d是/vshi《/wkz高达/nr》/wky中/f人们/n支持/vn的卡/n嘉丽/nr2和/cc阿斯兰/nrf的/ude1字母/n缩写/n加上/v这/rzv两/m个/q字/n了/y。/wj
你们/rr这些/rz崇洋媚外/vl的/ude1。/wj
道/v可/v道/qv非常/d道/v，/wd这/rzv里面/f的/ude1道/qv可/v理解/v为/vtheway/x，/wd为什么/ryv平常/d走/v的/ude1路/n后来/t可以/v延伸/v到/v这么/rz奥妙/a的/ude1一个/mq“/wyz道/n”/wyy字/n啊/y。/wj
哇塞/nrf，/wd静静/nr2。/wj
没有/v史料/n记载/v就/d不/d能/v妄/d下结论/vi这/rzv是/vshi表征/n主义/n。/wj
语义/n的/ude1扩展/vn吧/y。/wj
我/rr对/p《/wkz封建/a名/q实/a析/vg义/ng——/wp评/v冯天瑜/nr《/wkz封建/a考/v论/v》/wky比较/d有/vyou感触/n，/wd通过/p这/rzv篇/q文章/n了解/v到/v“/wyz封建/a”/wyy这个/rz在/p课本/n、/wn书籍/n和/cc言论/n中/f使用/v频率/n极/d高/a的/ude1词语/n竟然/d存在/v历史性/n的/ude1误解/n。/wj
