贵妃/n跟/v吴/nr1老师/n一样/uyy注重/v文本/n啊/y，/wd值得/v夸奖/vn。/wj
没有/v历史/n记载/v，/wd有/vyou网络/n链/ng接/v可以/v不/d？/ww
问题/n是/vshi人们/n为什么/ryv会/v把/pba道路/n和/cc理解/vn人世间/n万物/n的/ude1“/wyz道/n”/wyy联系/v起来/vf，/wd这/rzv其中/rz的/ude1意义/n产生/v值得/v玩味/v。/wj
那/rzv也/d要/v有/vyou渊源/n追溯/v吧/y?/ww
道/n,/wd不/d是/vshi那个/rz意思/n吧/y。/wj
“/wyz道/n可/v道/n”/wyy是/vshi说/v“/wyz言/ng可言/v”/wyy。/wj
嗯/e…/ws
我/rr对/p这个/rz追溯/v比较/d迷茫/a，/wd估计/v就是/v你/rr说/v的/ude1要/v忠实/a文本/n，/wd找/v一些/mq资料/n。/wj
其实/d古文/n也好/y，/wd西方/s引/v过来/vf的/ude1词语/n也好/y，/wd就是/v因为/p使用者/n从来/d不/d去/vf追溯/v其/rz渊源/n。/wj
只要/c大家/rr用/v了/y，/wd我/rr就/d用/v，/wd于是/cc就/d导致/v了/ule词语/n的/ude1滥用/vn，/wd进而/c导致/v了/ule一/m系列/q的/ude1语言/n问题/n。/wj
中国/ns文化/n这么/rz长/ng，/wd留下来/v的/ude1资料/n许许多多/m，/wd即使/c是/vshi中文/nz系/n的/ude1也/d未必/d看/v过/uguo每个/r文献/n，/wd还是/c有/vyou很/d大/a挖掘/vn空间/n哈/b。/wj
导致/v的/ude1不/d是/vshi语言/n问题/n,/wd是/vshi社会/n问题/n./wj
打断/v一下/mq，/wd这/rzv周五/t的/ude1cda/x上/f不/d上课/vi啊/y?/ww
？/ww
那/rzv也/d要/v有/vyou渊源/n追溯/v吧/y。/wj
“/wyz道/n”/wyy不/d是/vshi那个/rz意思/n吧/y。/wj
“/wyz道/n可/v道/qv“/wyz是/vshi说/v“/wyz言/ng可言/v”/wyy-------/wp在/p论语/nz里道/n和/cc仁/ag其实/d可以/v划/v等号/n，/wd仁/ag可是/cgoodness/x,/wdgood/x,/wd也/d可以/v是/vshi道/n，/wdtheway./x。/wj
不/d上课/vi。/wj
真/a的/ude1吗/y？/ww
确定/v？/ww
你/rr导师/n亲口/d说/v的/ude1？/ww
嗯/e。/wj
我/rr错/v了/y，/wd没/d好好/d听/v他/rr讲话/vi。/wj
哈哈/o，/wd静静/nr2。/wj
太/d好/a了/y。/wj
行/vi了/y，/wd言归正传/vl啊/y。/wj
我/rr只/d希望/v那/rzv这个/rz事情/n尽快/d解决/v了/y。/wj
讨论/v自己/rr不/d能/v理解/v的/ude1东西/n，/wd太/d痛苦/a了/y。/wj
就/p我/rr没/d听/v到/v,/wd嗳/n，/wd罪过/n罪过/n！/wt
我/rr听到/v了/ule关键/a的/ude1内容/n，/wd仅/d此/rzs而已/y。/wj
哈哈/o！/wt
October8/x,/wdReadingWeek/x(/wkznoclass/x)/wky。/wj
丽燕/nr2犯/v了/ule翻译/n对等/vi的/ude1错误/n。/wj
中国/ns的/ude1很多/m词语/n是/vshi不/d能/v直接/ad翻译/v对等/vi的/ude1。/wj
中国/ns话语/n的/ude1诠释/vn传统/n就是/d用/v言说/v去/vf牵引/v不可/v言/vg说/v的/ude1内容/n，/wd以/p“/wyz不/d言/vg”/wyy言说/v丰富/a内容/n。/wj
公共/b邮箱/n里/f的/ude1，/wd哈哈/o，/wd这/rzv下/f大大/d滴/v放宽/v心/n了/y。/wj
我/rr也/d不/d乐于/v讨论/v自/rr已/d不/d能/v理解/v的/ude1东东/nz。/wj
我/rr也/d是/vshi。/wj
嗯/e，/wd贵妃/n说/v得/ude3是/vshi。/wj
又/d让/v我/rr想起/v老师/n说/v的/ude1微/ag言/vg大义/n。/wj
例如/v：/wp通过/p杀/v//w弑/vg等/udeng词/n来/vf表明/v态度/n。/wj
是/vshi用/p“/wyz言/ng说/v”/wyy去/vf牵引/v“/wyz不可/v言/vg说/v”/wyy的/ude1内容/n，/wd以/p“/wyz不/d言/vg”/wyy言说/v丰富/a内容/n。/wj
那/rzv到底/d是/vshi“/wyz言/ng”/wyy还是/c“/wyz不/d言/vg”/wyy呢/y？/ww
其实/d叙述/v本身/rz也/d是/vshi带有/v主观/a色彩/n的/ude1。/wj
们/k做/v的/ude1只/d是/vshi尽量/d做到/v不/d带/vjudgement/x,/wd无限/vd接近/v于/p本/rz真/a而/cc不/d可/v到达/v。/wj
所以/c我/rr觉得/v吴/nr1老师/n对/p叙述/vn和/cc文本/n的/ude1重视/vn是/vshi他/rr学术/n里面/f非常/d重要/a的/ude1核心/n。/wj
微/ag言/vg大义/n！/wt
真/a的/ude1，/wd几/m个/q字/n就/d让/v我/rr意会/vi到/v了/ule中国/ns话语/n的/ude1博大精深/vl。/wj
用/p极/d少/a的/ude1字/n去/vf表达/v无限/b的/ude1意思/n，/wd自然/d回味无穷/vl。/wj
静静/nr2，/wd要/v言/ng的/ude1。/wj
社会/n由/p语言/n构成/v呀/y，/wd但是/c我们/rr“/wyz言/ng”/wyy的话/udh，/wd势必/d会/v带来/v曲解/v呢/y。/wj
学/v了/ule这/rzv门/q课/n，/wd其实/d对/p中国/ns传统/n话语/n也/d有/vyou了/ule更/d深刻/a的/ude1体会/vn的/ude1。/wj
想不到/vl短短/z几/m个/q字/n就/d可以/v将/p感情/n色彩/n、/wn事件/n描述/vn的/ude1那么/rz生动/a。/wj
恩/ng，/wd说/v得/ude3对/p呢/y，/wd回味无穷/vl，/wd道理/n弥漫/v在/p四周/f，/wd意义/n却/d是/vshi自己/rr体会/v。/wj
那/rzv岂/d不/d是/vshi…/ws
有时候/d“/wyz一/m开口/vi就/d错/v”/wyy。/wj
哈哈/o，/wd“/wyz一/m开口/vi就/d错/v”/wyy这个/rz说法/n也/d值得/v玩味/v呢/y。/wj
不/d是/vshi叙述/v和/cc文本/n，/wd而是/c领悟/v。/wj
语言/n本身/rz就/d是/vshi文化/n，/wd所以/c有时候/d语言/n本身/rz的/ude1意义/n也/d需要/v领悟/v。/wj
此/rzs中/f有/vyou真意/n,/wd欲/d辨/vg已/d忘/v言/ng。/wj
所以/c又/d跟/p文化/n有关/vn了/y嘛/y。/wj
精辟/a。/wj
不同/a文化/n的/ude1人/n对/p同一/b文本/n的/ude1领悟/vn自然/d不同/a。/wj
静静/nr2完全/ad被/pbei吴/nr1老师/n沦陷/vi了/y，/wd哈哈/o。/wj
不同/a文化/n的/ude1人/n对/p同一/b文本/n的/ude1领悟/vn自然/n不/d同/p---------/wp所以/c世世代代/nl人们/n的/ude1叙述/vn就/d变/v得/ude3尤其/d重要/a，/wd在/p卷帙浩繁/vl中/f总/d能/v找到/v核心/n的/ude1东西/n，/wd而/cc那个/rz就/d是/vshi文化/n的/ude1内核/n。/wj
老师/n的/ude1重点/n是/vshi东西方/n话语/n的/ude1不同/a、/wn及/cc西方/s对/p东方/s的/ude1影响/vn即/d改变/v。/wj
东方/s是/vshi无言/z的/ude1意会/vi，/wd而/cc西方/s是/vshi表征/n。/wj
但是/c随着/p现代/t西方/s的/ude1文化/n入侵/v，/wd中国/ns人/n不再/d能/v用/p禅师/n的/ude1方式/n去/vf理解/v中国/ns传统/n文化/n气质/n。/wj
我/rr对/p《/wkz封建/a名/q实/a析/vg义/ng——/wp评/v冯天瑜/nr《/wkz封建/a考/v论/v》/wky比较/d有/vyou感触/n，/wd通过/p这/rzv篇/q文章/n了解/v到/v“/wyz封建/a”/wyy这个/rz在/p课本/n、/wn书籍/n和/cc言论/n中/f使用/v频率/n极/d高/a的/ude1词语/n竟然/d存在/v历史性/n的/ude1误解/n。/wj
贵妃/n是/vshi说/v出/vf了/ule我们/rr现在/t急需/v恢复/v一/m种/q属于/v中国/ns特色/n的/ude1、/wn能/v体现/v中国/ns传统/n文化/n话语/n方式/n的/ude1“/wyz焦虑/a”/wyy…/ws
…/ws
你们/rr跑题/vi了/y，/wd好/a不好/a?/ww
咱们/rr讨论/v的/ude1不/d是/vshi文化/n的/ude1不同/a,/wd而是/c话语/n理解/vn方式/n或/c阐释/v的/ude1不同/a./wj
“/wyz封建/a”/wyy这个/rz词/n本意/n是/vshi“/wyz"/wyz封/v邦/ng建国/vi"/wyy‘/wyz封/v土建/n藩/ng"/wyz、/wn封爵/v建/v藩/ng./wj
潇潇/z可以/v具体/ad说/v一下/mq吗/y?/ww
对/p，/wd封建/a这个/rz词/n已经/d带/v上/vf了/ule形容/v中国/ns文化/n迂腐/a的/ude1标签/n了/y。/wj
偶/d也/d是/vshi，/wd第一/m次/qv看/v的/ude1时候/n有/vyou种/q长/a了/ule大/a见识/n的/ude1感觉/n。/wj
同感/n…/ws
…/ws
中国/ns话语/n现在/t就/d是/vshi西方/s话语/n的/ude1变/v种/q形式/n,/wd完全/ad失去/v了/ule传统/n色彩/n。/wj
现在/t像/p这样/rzv“/wyz奴隶社会/nl”/wyy、/wn“/wyz封建社会/nl”/wyy“/wyz、/wn资本主义/n社会/n”/wyy只/d是/vshi适应/v人们/n对/p知识/n(/wkz话语/n)/wky的/ude1追求/vn。/wj
知识/n是/vshi首要/b的/ude1,/wd历史/n只/d是/vshi为/p知识/n做/v注脚/n。/wj
我们/rr现在/t想/v到/v的/ude1封建/an肯定/d是/vshi消极/a意味/n更/d多/a。/wj
我们/rr的/ude1意识/n中/f已经/d对/p封建/a有/vyou了/ule成见/n，/wd即/vstereotype/x。/wj
对/p呀/y。/wj
"/wyz封/v邦/ng建国/vi"/wyz、/wn封/q土建/n藩/ng"/wyy、/wn封爵/v建/v藩/ng。/wj
秦汉/t以/p降/v至/p晚/tg清/tg的/ude1中国/ns传统/n文献/n，/wd基本上/d沿用/v这个/rz意义/n。/wj
近/v百年/mq中国/ns社会/n流行/v的/ude1"/wyz封建/a概念/n与/p中国/ns传统/n的/ude1"/wyy封建/a概念/n在/p意义/n上/f发生/v了/ule根本性/n的/ude1转变/vn!/wt
不再/d延续/v中国/ns古典/b文献/n中/f的/ude1"/wyz封建/a概念/n!/wt
与/p之/uzhi保持/v贯通/vi’/wyy而且/c!/wt
这个/rz被/pbei赋予/v新/a义/ng的/ude1"/wyz封建/a概念/n被/pbei强行/d对/p应/v于/p表示/v欧洲/ns中世纪/t社会/n特征/n的/ude1!/wt
