我/rr感受/v到/v了/ule很/d浓/a的/ude1俄罗斯/nsf风情/n。/wj
特别/d里面/f的/ude1音乐/n。/wj
讲/v啥/ry的/ude1？/ww
恩/ng哼/v？/ww
不好意思/a来/vf晚/a了/y，/wd刚刚/d吃/v好/a饭/n回家/vi。/wj
讲/v一个/mq父亲/n为了/p在/p离/v婚后/t留住/v自己/rr女儿/n。/wj
没事儿/v，/wd现在/t加入/v吧/y。/wj
comeon/x！/wt
然后/c，/wd一/m群/q好友/n努力/ad在/p艰苦/a条件/n下/f做/v钢琴/n的/ude1事情/n。/wj
那/rzv时候/n，/wd中国/ns是/vshi收/v苏联/ns影响/v最/d大/a的/ude1时期/n。/wj
看来/v很/d好看/a的/ude1样子/n。/wj
看/v了/ule会/v哭/v么/y？/ww
果然/d是/vshi俄罗斯/nsf人/n的/ude1苦难/n情节/n啊/y！/wt
很/d好/a的/ude1。/wj
很/d有/vyou苏联/ns情节/n的/ude1。/wj
那/c我/rr也/d去/vf看看/v好/a了/y。/wj
他们/rr就/d是/vshi找到/v了/ule苏联/ns的/ude1钢琴/n技术/n的/ude1书/n，/wd然后/c，/wd配乐/vn也/d都/d是/vshi俄罗斯/nsf音乐/n。/wj
俄罗斯/nsf民族/n真/d是/vshi一个/mq性格/n鲜明/a、/wn有/vyou个性/n的/ude1民族/n。/wj
是的/vl啊/y。/wj
你/rr们/k认为/v中/b俄/b互/d办/v文化/n年/qt对/p加强/v两/m国/n人民/n交流/vn意义/n大/a不/d？/ww
我/rr觉得/v很/d大/a。/wj
当然/d很/d大/a了/y。/wj
当然/d大/a。/wj
中/b俄/b关系/n会/v走/v得/ude3更加/d紧密/a，/wd更加/d有利于/v两/m国/n人民/n。/wj
因为/c总是/d觉得/v民间/n交流/vn还是/c不/d多/a。/wj
文化/n的/ude1交流/vn更/d有利于/v两/m国/n在/p政治/n经济/n领域/n方面/n的/ude1房/n展/ng。/wj
我/rr有/vyou很多/m朋友/n的/ude1父母/n都/d在/p俄罗斯/nsf做/v外贸/n。/wj
希望/v今后/t这样/rzv的/ude1文化/n交流/vn越来越/d频繁/a。/wj
在/p东北/s，/wd民间/n交流/vn好像/v很多/m的/ude1。/wj
其实/d，/wd民间/n交流/vn还/d是/vshi不错/a的/ude1，/wd只是/d局限/vi于/p商业/n。/wj
恩/ng，/wd是/vshi的/ude1。/wj
大家/rr有/vyou去/vf过/uguo中央/n大街/n的/ude1嘛/y？/ww
其实/d中/b俄/b两/m国/n的/ude1文化/n交流/vn早已/d有/vyou之/rz。/wj
前/f段/q日子/n看/v了/ule一/m篇/q俄国/ns人/n写/v的/ude1中文/nz文章/n，/wd讲/v的/ude1是/vshi清朝/t俄罗斯/nsf文/ng馆/ng的/ude1情况/n，/wd也/d就/d是/vshi18/m世纪/n初/f到/v19/m世纪/n中叶/t的/ude1那段/r时间/n。/wj
看/v了/ule这/rzv篇/q文章/n后/f我/rr有/vyou两/m点/qt感受/v想/v要/v和/cc大家/rr分享/v一下/mq。/wj
首先/d：/wp每个/r国家/n都/d乐于/v推崇/v本国/rzs文化/n，/wd特别/d是/vshi语言/n。/wj
俄罗斯/nsf东正教/nz传教士/n团/n的/ude1许多/m人/n在/p清朝/t担负/v起/vf了/ule教授/n中国/ns人/n俄语/nz的/ude1职责/n，/wd而且/c他们/rr还/d很/d热衷/v于/p翻译/n和/cc编写/v俄语/nz语法/n书/n，/wd并/cc作为/v礼物/n送给/v中国/ns人/n。/wj
在/p从/p现在/t看来/v，/wd我们/rr中国/ns的/ude1孔子/nr学院/n逐渐/d兴起/v，/wd中国/ns文化/n，/wd特别/d是/vshi汉字/nz备受/v推崇/v，/wd也/d是/vshi一/m种/q文化/n软/a实力/n的/ude1传播/vn。/wj
其次/c：/wp古代/t外国语/n学校/n和/cc外语/n人/n真/a的/ude1是/vshi举步维艰/vl啊/y：/wp清朝/t的/ude1俄罗斯/nsf文/ng馆/ng很/d难/ad招/v到/v好/a学生/n。/wj
因为/p“/wyz大国/n思想/n”/wyy作祟/vi，/wd清代/t人/n以/p学习/v外/f邦/ng文化/n为/v耻/ag，/wd好/a学生/n都/d不/d报名/vi文/ng馆/ng。/wj
想想/v现在/t大家/rr都/d争先恐后/dl地/ude2往/p外语/n学院/n挤/v，/wd“/wyz物是人非/al”/wyy，/wd全球化/v的/ude1力量/n真是/d不/d容/v小觑/v啊/y。/wj
刚才/t，/wd刘文/nr也/d提到/v俄罗斯/nsf与/p东北/s关系/n很/d密切/a。/wj
在/p哪里/rys？/ww
哈尔滨/ns。/wj
俄罗斯/nsf现在/t应该/v说/v是/vshi更加/d偏向/v欧/b美/b了/y吧/y?/ww
似乎/d跟/v斯大林/nrf时代/n的/ude1苏联/ns很/d不/d一样/a啊/y!/wt
但/c好像/v东北/s学/v俄语/nz的/ude1人/n特别/d多/a，/wd一般/a人/n都/d会/v说/v简单/a的/ude1俄语/nz./wj
哈尔滨/ns能/v很/d多/a的/ude1体验/vn到/v俄罗斯/nsf风情/n的/ude1。/wj
索菲/nrf亚/b教堂/n、/wn中央/n大街/n，/wd完全/ad是/vshi俄罗斯/nsf风格/n。/wj
具体/a的/ude1体现/vn是/vshi？/ww
这/rzv和/cc地域/n有/vyou很/d大/a的/ude1关系/n吧/y？/ww
充满/v欧洲/ns风情/n？/ww
中央/n大街/n就是/v当年/t俄国/ns人/n开/v的/ude1一个/mq商业街/n。/wj
恩/ng。/wj
看/v着/uzhe完全/a就/d是/vshi俄罗斯/nsf感觉/n的/ude1。/wj
恩/ng，/wd我/rr同意/v江瑛/nr的/ude1看法/n。/wj
我/rr想/v补充/v一点：/t其实/d除了/p中国/ns东北/s，/wd中国/ns内蒙古/ns地区/n也/d挺/d受/v俄罗斯/nsf影响/v的/ude1。/wj
印象/n中/f，/wd内蒙古/ns满洲里/ns地区/n的/ude1人/n，/wd不仅/c会/v说/v中文/nz，/wd俄语/nz也/d讲/v得/ude3很/d溜/v啊/y。/wj
俄罗斯/nsf的/ude1一/m部分/m领土/n好像/v是/vshi从/p中国/ns这/rzv夺/v过去/vf的/ude1吧/y？/ww
是的/vl。/wj
恩/ng，/wd是/vshi的/ude1啊/y。/wj
好像/v抗日战争/nz那/rzv会/v吧/y？/ww
落后/a就要/d挨打/vi。/wj
我/rr的/ude1一/m位/q历史/n老师/n说/v其实/d在/p列强/n分割/v中国/ns时/ng，/wd获利/v最/d多/a的/ude1便是/v俄国/ns。/wj
大学/n时/ng，/wd我们/rr院/n俄语/nz系/v好/a多/a人/n是/vshi从/p东北/s来/vf的/ude1。/wj
是/vshi，/wd瑷/x珲/ng条约/n吧/y。/wj
但是/c，/wd那/rzv段/q历史/n似乎/d不/d太/d被/pbei提起/v啊/y！/wt
后来/t也/d还/d回来/v一些/mq了/y吧/y？/ww
建国/vi初期/f有/vyou很多/m东北/s人/n到/v俄罗斯/nsf做/v生意/n，/wd被/pbei称为/v“/wyz倒爷/n”/wyy。/wj
其实/d，/wd我/rr很/d想/v问/v大家/rr一个/mq问题/n：/wp我们/rr应该/v怎样/ryv对待/v历史/n？/ww
现在/t依旧/z还有/v。/wj
哇/y，/wd这/rzv你/rr都/d知道/v。/wj
恩/ng，/wd好像/v是/vshi买/v一些/mq生活/vn日用品/n。/wj
倒/vi字/n何/ry解/v？/ww
倒卖/v？/ww
还有/v很多/m专门/b的/ude1中国/ns人/n的/ude1市场/n。/wj
就/d是/vshi掮客/n。/wj
哦/e。/wj
有/vyou一个/mq不/d认识/v的/ude1字/n。/wj
“/wyz掮/n”/wyy，/wd我/rr也/d是/vshi,/wd,/wd,/wd,/wdqian/x。/wj
哦/e。/wj
二/m声/qv。/wj
倒买倒卖/vl的/ude1人/n。/wj
对/p了/y，/wd俄国/ns也/d是/vshi共产党/n执政/vi吗/y？/ww
现在/t不/d是/vshi了/vi把/v？/ww
肯定/v不/d是/vshi。/wj
当年/t的/ude1苏联/ns解体/vi就/d不/d是/vshi了/vi把/v？/ww
80/m年代/n末/f90/m年代/n初/f，/wd苏联/ns解体/vi了/y。/wj
哦/e。/wj
那/rzv现在/t执政/vi的/ude1是/vshi？/ww
普京/nrf总统/n挺/d有/vyou个人/n魅力/n的/ude1。/wj
肌肉/n发达/a。/wj
是/vshi梅德韦杰夫/nrf吧/y？/ww
梅德韦杰夫/nrf。/wj
当/v过/uguo克格勃/n。/wj
medvdev/x。/wj
普京/nrf参加/v下/vf一/m届/q的/ude1选举/vn。/wj
恩/ng，/wd就/d快/d要/v换届/vi了/y。/wj
两/m人/n总理/n、/wn总统/n位置/n互换/vn。/wj
恩/ng，/wd二/m人/n“/wyz转/v”/wyy来/vf着/uzhe。/wj
当年/t还有/v一/m首/m个/q叫/vi“/wyz要/v嫁/v就/d嫁/v给/p普京/nrf”/wyy。/wj
歌/n。/wj
江瑛/nr，/wd你/rr唱/v唱/v。/wj
是/vshi苏联/ns帮/v中国/ns找到/v新/a出路/n的/ude1，/wd现在/t却/d物是人非/al了/y。/wj
不/d会/v啊/y，/wd嘿嘿/o！/wt
一个/mq国家/n的/ude1发展/vn，/wd就/d像/v小孩子/n学/v走路/vi，/wd不/d可能/v永远/d有/vyou别人/rr搀扶/v。/wj
现在/t是/vshi谁/ry有/vyou经济/n实力/n、/wn政治/n实力/n谁/ry就/d有/vyou发言权/n。/wj
俄罗斯/nsf的/ude1经济/n恢复/v也/d和/cc他/rr本身/rz的/ude1地理/n位置/n和/cc资源/n有关/vn。/wj
想/v想/v再/d聊/v点/qt啥/ry吧/y？/ww
它/rr横跨/v欧亚大陆/nsf。/wj
丰富/a的/ude1天然气/n资源/n啊/y！/wt
恩/ng。/wj
天然气/n资源/n出口/vi到/v欧/b美/b和/cc亚洲/ns。/wj
中国/ns也/d有/vyou和/p他/rr的/ude1合作/vn。/wj
和/cc乌克兰/nsf因为/p管道/n的/ude1事/n，/wd两/m国/n还/d经常/d有/vyou争端/n啊/y。/wj
对/v。/wj
由于/p特殊/a的/ude1地理/n位置/n和/cc欧/b亚/b大陆/n上/f相对/d后起/b的/ude1民族/n，/wd俄/b同时/n受到/v来自/v东西/n多/m个/q方向/n的/ude1文化/n影响/vn，/wd这/rzv也/d使/v它/rr常常/d面临/v艰难/a的/ude1文化/n抉择/vn，/wd东西方/n概念/n的/ude1长期/d存在/v，/wd向/p这个/rz占据/v着/uzhe亚/b欧/b两/m块/q大陆/n的/ude1俄罗斯/nsf提出/v一个/mq难题/n：/wp俄罗斯/nsf文化/n属于/v东方/s还/d是/vshi西方/s？/ww
