不/d贵/a6500/m。/wj
包/v国内/s的/ude1航线/n。/wj
往返/vi果然/d划算/a啊/y！/wt
现在/t国内/s机票/n都/d是/vshi全/a价/n。/wj
明显/a的/ude1，/wd很多/m人/n都/d回/v不/d了/ule家/n过年/vi。/wj
特别/d是/vshi去/vf成都/ns，/wd重庆/ns那边/rzs。/wj
是/vshi呀/y。/wj
动/v车/n火车票/n都/d2000/m了/y，/wd从/p南京/ns走/v的/ude1。/wj
哪里/rys这么/rz贵/a啊/y！/wt
去/vf哪里/rys啊/y？/ww
南京/ns到/v成都/ns啊/y！/wt
不/d知道/v了/y。/wj
太/d贵/a了/y！/wt
但是/c重庆/ns到/v成都/ns98/m。/wj
那/rzv才/d几/m公里/q啊/y！/wt
佳/a汇/ng的/ude1相机/n真/d重/a啊/y！/wt
是/vshi呀/y。/wj
照/v了/ule吧/y？/ww
恩/ng。/wj
谢谢/v！/wt
他/rr的/ude1镜头/n真/a的/ude1挺/ag牛/n逼/v的/ude1！/wt
对/p了/y，/wd明天/t就/d要/v拍/v处理/v后/f的/ude1照片/n。/wj
然后/c相机/n没/v电/n了/y。/wj
他/rr今天/t拿/v回/qv家/n充电/vi。/wj
还/d不/d知道/v明天/t能/v不能/v再/d拿/v来/vf。/wj
那/c你/rr就/d要/v和/cc他/rr联系/v啊/y。/wj
一定/d要/v排/v到/v照片/n啊/y！/wt
不然/c，/wd我/rr的/ude1论文/n就/d进行/vx不/d下去/vf了/y。/wj
囧/w！/wt
事/n关/v重大/a。/wj
其实/d我/rr觉得/v，/wd用/p普通/a的/ude1相机/n拍/v就/d可以/v了/y。/wj
能/v拍/v好/a，/wd就/d拍/v好/a吧/y。/wj
谢谢/v！/wt
谢谢/v！/wt
我/rr还/d要/v拍/v两/m次/qv。/wj
那么/rz大/a一/m家伙/n，/wd每天/r拿/v来/vf拿/v去/vf的/ude1，/wd真的/d不/d方便/a。/wj
什么/ry两/m次/qv？/ww
那/rzv老师/n说/v？/ww
周/nr1五一/t次/qv。/wj
周二/t还有/v一/m次/qv。/wj
嗯/e，/wd我/rr应该/v说/v身边/s呢/y。/wj
看/v在/p你/rr免费/vd用/v书/n，/wd你/rr就/d拍/v吧/y。/wj
呵呵/e呵/e！/wt
应该/v不/d麻烦/a吧/y？/ww
谢谢/v啦/y!/wt
万/m不得已/vl,/wd也/d不/d会/v叫/vi你/rr帮忙/vi了/y,/wd是/vshi吧/y?/ww
我/rr一直/d在/p拍/v啊/y，/wd我/rr晕/vi!/wt
你/rr还/d怕/v我/rr帮/v你/rr拍/v一半/m啊/y！/wt
只/d是/vshi，/wd我/rr觉得/v每次/r让/v佳/a汇/v把/pba相机/n背/v来/vf背/v去/vf的/ude1，/wd很/d麻烦/an。/wj
万一/d弄/v坏/a了/y，/wd我/rr可/v赔/v不/d起/vf。/wj
好/a吧/y。/wj
那/rzv就/d用/v小/a相机/n吧/y。/wj
你/rr有/vyou吧/y?/ww
有的/rz./wj
对/p了/y，/wdryanair/x的/ude1机票/n到/v了/ule4月份/t以后/f会/v不/d会/v涨价/vi？/ww
还是/c和/p现在/t一样/uyy，/wd几十/m块/q的/ude1。/wj
不/d会/v。/wj
肯定/d会/v涨/vi的/ude1。/wj
复活节/t不/d会/v便宜/an。/wj
复活节/t以后/f呢/y？/ww
会/v便宜/a的/ude1。/wj
那/c我/rr现在/t就/d不/d急/v着/uzhe出去/vf了/y，/wd前/f两/m天/qt看/v到/v28/m块/q去/vf巴黎/nsf的/ude1机票/n，/wd真/d想/v买/v下来/vf了/y。/wj
巴黎/nsf？/ww
可以/v啊/y。/wj
拍/v完/vi第二/m组/q了/y。/wj
ok/x。/wj
实验/n进行/vx怎么样/ryv啊/y？/ww
我/rr没/d做/v。/wj
今天/t就/d跟/v着/uzhe拍照/vi的/ude1。/wj
站/vi了/ule一/m下午/t。/wj
下/f周/nr1我/rr自己/rr做/v，/wd然后/c也/d要/v拍/v。/wj
谢谢/v了/ule啊/y！/wt
麻烦/a了/y啊/y！/wt
你/rr真/d好/a！/wt
：/wp）/wky我/rr要/v补/v身/ng啊/y，/wd哈哈/o！/wt
对/p了/y，/wd你/rr啥/ry时候/n回来/v？/ww
11/m号/q。/wj
怎么/ryv啦/y？/ww
想/v你/rr了/y呗/y。/wj
额/n。/wj
有空/vi上/f个/q网/n啊/y！/wt
哎呀/e，/wd我/rr重/d感冒/vi了/y。/wj
怎么/ryv一/d会/v去/vf就/d感冒/vi了/y？/ww
就/d是/vshi啊/y。/wj
太/d冷/a了/y，/wd没/v暖气/n。/wj
家里/s太/d冷/a了/y，/wd估计/v。/wj
果然/d。/wj
你/rr让/v我/rr上网/v干/v嘛/y啊/y？/ww
我/rr想/v让/v你/rr帮/v我/rr带/v些/q小/a东西/n。/wj
我/rr昨天/t睡/v了/ule一/m天/qt。/wj
好/a吧/y。/wj
带/v啥/ry啊/y？/ww
相机/n贴/v膜/n，/wd小/a鼠标/n，/wd小/a摄像头/n。/wj
我/rr自己/rr的/ude1相机/n膜/n贴/v坏/a了/y。/wj
晕/vi。/wj
OK/x不/d？/ww
还/d真/d小/a。/wj
这些/rz东西/n又/d不/d占/v空间/n。/wj
你/rr在/p网上/s买/v了/y，/wd我/rr带/v回来/v？/ww
还/d是/vshi我/rr去/vf买/v？/ww
我/rr来/vf买/v吧/y，/wd寄/v到/v你/rr家/n去/vf。/wj
然后/c货/n到/v付款/vi就/d行/vi了/y。/wj
回头/vi我/rr把/pba钱/n给/p你/rr。/wj
我/rr10/m号/q就/d走/v了/ule啊/y，/wd要/v在/p那/rzv之前/f寄/v到/v啊/y！/wt
但是/c现在/t春节/t放假/vi，/wd不/d一定/d啊/y。/wj
是的/vl，/wd我/rr先/d查/v下/vf。/wj
对/p了/y，/wd还有/v个/q水/n杯/ng。/wj
这里/rzs杯子/n都/d买/v不到/v。/wj
密封/v的/ude1那/rzv种/q。/wj
屁/n，/wd宜/ag家/n就/d又/d。/wj
你/rr发/v个/q图片/n来/vf看看/v。/wj
宜/ag家/n？/ww
ikea/x网站/n啊/y。/wj
我/rr哪里/rys找/v得/ude3到/v啊/y？/ww
我/rr也/d找/v不到/v啊/y。/wj
所以/c才/d让/v你/rr带/v。/wj
我/rr发现/v“/wyz中国/ns真/a的/ude1太/d好/a了/y”/wyy。/wj
。/wj
。/wj
。/wj
什么/ry都/d有/vyou，/wd吃/v的/ude1又/d多/a。/wj
那/c你/rr还/d学/v什么/ry瑞典语/nz？/ww
在/p瑞典/nsf，/wd整天/d吃/v的/ude1什么/ry啊/y！/wt
就/d算/v去/vf外面/f吃/v，/wd也/d吃/v不/d到/v个/q什么/ry。/wj
那/rzv就/d别/d回来/v了/y。/wj
不/d说/v了/y，/wd我/rr要/v上课/vi去/vf了/y。/wj
额/n。/wj
住/vi这里/rzs真/dTMD/x爽/ag。/wj
8点/t半/m起来/vf，/wd还/d不/d知道/v该/rz干/v嘛/y。/wj
吃/v完/vi早饭/n才/c9点/t。/wj
距离/n上课/vi还有/v好久/m啊/y？/ww
什么/ry时候/n上课/vi啊/y？/ww
9点/t15/m啊/y。/wj
就/d像/v这种/r杯子/n。/wj
中国/ns每个/r超市/n都/d有/vyou。/wj
这里/rzs根本/d买/v不到/v啊/y！/wt
宜/ag家/n应该/v会/v有/vyou的/ude1。/wj
在/p吧/y？/ww
在/p吧/y？/ww
怎么/ryv？/ww
在/p宜/ag家/n网站/n上/f找到/v杯子/n了/y。/wj
那/rzv什么/ry贴/v膜/n之类/rz的/ude1，/wd还是/c想/v让/v你/rr帮/v我/rr带/v？/ww
春节/t快乐/a！/wt
你/rr就/d别/d纠结/vi杯子/n了/y。/wj
对/p啊/y，/wd不/d悲剧/n了/y。/wj
我/rr要/v膜/n。/wj
先/d这么/rz说/v吧/y，/wd晚安/v！/wt
感冒/vi好/a了/ule没/d啊/y？/ww
好/a多/a了/y，/wd已经/d。/wj
怎么/ryv过/vf的/ude1除夕/t啊/y？/ww
还是/c饺子/n。/wj
呵呵/e，/wd和/cc谁/ry啊/y？/ww
再/d吃/v几/m次/qv，/wd我/rr就/d吃/v腻/v了/y。/wj
我们/rr班/n的/ude1那/rzv群/q呗/y。/wj
哦/e。/wj
不过/c，/wd这次/r我/rr学会/v了/ule煎/v饺子/n。/wj
感觉/n还/d是/vshi比/p煮/v的/ude1好吃/a啊/y。/wj
呵呵/e，/wd不错/a啊/y！/wt
你/rr买/v了/ule那些/rz小/a东西/n没/v啊/y？/ww
我/rr发现/v不行/a诶/e。/wj
他们/rr要/v过/vf了/ule春节/t才/d送货/vi。/wj
等/v你/rr病/v好/a了/y，/wd帮/v我/rr随便/ad买/v一些/mq吧/y。/wj
那/c你/rr记得/v在/p走/v之前/f提醒/v我/rr。/wj
恩/ng，/wd你/rr先/d把/pba病/n养/v好/a了/ule再说/vi。/wj
你/rr要/v买/v啥/ry来着/y？/ww
相机/n贴/v膜/n。/wj
好/a大/a屏幕/n的/ude1哟/y。/wj
3/m寸/q的/ude1。/wj
你/rr买/v的/ude1什么/ry相机/n啊/y？/ww
就/d是/vshi普通/a的/ude1数码/n相机/n呗/y！/wt
在/p哪/ry买/v的/ude1啊/y？/ww
新/a蛋/n买/v的/ude1。/wj
让/v国栋/nr2带/v过来/vf的/ude1。/wj
啊/y？/ww
哦/e。/wj
不过/c我/rr觉得/v效果/n还/d不错/a。/wj
你/rr的/ude1相机/n有/vyou的/ude1功能/n，/wd我/rr的/ude1也/d都/d有/vyou哈/b。/wj
sony/x？/ww
就/d是/vshi镜头/n差/v了/ule点/qt。/wj
富士/nz的/ude1。/wj
找/v个/q时间/n把/pba我/rr买/v点/qt这些/rz东西/n吧/y。/wj
3/m寸/q的/ude1相机/n贴/v膜/n，/wdUSB/x小/a鼠标/n一个/mq，/wd可以/v夹/v在/p笔记本/n电脑/n上/f的/ude1摄像头/n，/wd没什么/vl其他/rzv要求/v，/wd你/rr看/v着/uzhe买/v就/d行/vi了/y。/wj
