住/vi在/p青/a旅/n啊/y。/wj
你/rr给/p他/rr说/v了/ule吗/y？/ww
现在/t怎么/ryv说/v啊/y?/ww
人家/rr在/p海/n中央/n。/wj
把/pba订/v青/a旅/n的/ude1网站/n发/v我/rr看/v下/vf。/wj
你/rr在/p网上/s找/v吧/y。/wj
恩/ng。/wj
到底/d怎么/ryv说/v啊/y？/ww
我/rr什么/ry时候/n去/vf啊/y？/ww
我/rr现在/t联系/v不/d上/vf他/rr。/wj
估计/v要/v明天/t早上/t才/d能/v给/p他/rr打电话/vi。/wj
到/p岸/n是/vshi9点/t40/m吧/y？/ww
那/c我/rr9点/t起/f来/vf吧/y。/wj
应该/v都/d是/vshi一样/a的/ude1吧/y?/ww
我/rr看/v我们/rr订/v的/ude1那/rzv次/qv靠岸/vi时/ng9:40/m。/wj
拿/v到/v了/y，/wd谢谢/v啦/y！/wt
现在/t才/d拿/v到/v？/ww
然后/c送/v了/ule吗/y？/ww
中/f去/vf就/d拿/v到/v了/y，/wd已经/d回来/v了/y。/wj
good/x！/wt
你/rr那天/r怎么/ryv用/v相机/n了/y啊/y？/ww
怎么/ryv对/p焦/ng都/d没/v声音/n了/y呢/y？/ww
(/wkz本/rz消息/n由/p您/rr的/ude1好友/n通过/p手机/nQQ/x发送/v，/wd体验/v手机/nQQ/x请/v登录/v：/wphttp://mobile./urlqq./xcom/c/url)/wky没/v怎么/ryv用/v啊/y，/wd没有/v声音/n是/vshi什么/ry意思/n？/ww
不/d是/vshi对/p焦/a有/vyou滴/q滴/v两/m声/qv吗/y？/ww
现在/t有/vyou时/ng有/vyou有时/d没/v的/ude1。/wj
对/p焦/ng对准/v了/ule才/d有/vyou声音/n的/ude1。/wj
如果/c对/p不/d准/a，/wd就/d没/v声音/n了/y。/wj
不/d是/vshi！/wt
现在/t完全/ad没/v声音/n了/y。/wj
晕/vi！/wt
相机/n烂/a了/y。/wj
晕/vi！/wt
。/wj
。/wj
。/wj
不/d会/v吧/y？/ww
但是/c还/d能/v照/v。/wj
你/rr调/v到/v哪个/ry模式/n的/ude1？/ww
自动/d还/d是/vshiP/x？/ww
M/x啊/y你/rr以前/f也/d用/vM/x吗/y？/ww
当然/d啊/y。/wj
那/c你/rr用/p自动/b档/ng试试/v看/v有/vyou没/d有/vyou声音/n。/wj
那/rzv就/d有/vyou，/wd神奇/a得/ude3很/d。/wj
。/wj
。/wj
。/wj
你/rr光圈/n和/cc焦距/n没/d调/v好/a。/wj
M/x档/ng的/ude1全部/m手动/b的/ude1。/wj
要/v刚好/d调/v好/a才/d能/v有/vyou声音/n。/wj
其实/d你/rr现在/t不/d需要/vM/x档/ng。/wj
拍摄/v风景/n用/vTv/x就/d可以/v了/y。/wj
或者/cAv/x也/d行/vi。/wj
Tv/x、/wnav/x是/vshi啥/ry？/ww
调/v什么/ry？/ww
一个/mq快门/n优先/vn，/wd一个/mq光圈/n优先/vn。/wj
这样/rzv你/rr只要/c调/v两者/rzv其中/rz一/m项/q就/d可以/v了/ule哪个/ry是/vshi哪个/ry啊/y？/ww
TV/x是/vshi快门/n优先/vn。/wj
这时/rzt只要/c调/v快门/n。/wj
光圈/n自动/b的/ude1。/wj
LeadPassengerNumber/x。/wj
瑞安/ns航空/n订/v机票/n的/ude1时候/n，/wd这个/rz是/vshi什么/ry东西/n？/ww
就/d是/vshi谁/ry定/v的/ude1票/n。/wj
写/v名字/n？/ww
累死/v了/y，/wd我/rr想/v回来/v了/y。/wj
(/wkz本/rz消息/n由/p您/rr的/ude1好友/n通过/p手机/nQQ/x发送/v，/wd体验/v手机/nQQ/x请/v登录/v：/wphttp://mobile./urlqq./xcom/c/url)/wky好/a啊/y！/wt
好/a啊/y！/wt
结果/n还/d有/vyou9/m天/qt。/wj
我/rr正/d无聊/a呢/y。/wj
。/wj
。/wj
。/wj
。/wj
我/rr打算/v去/vf意大利/nsf了/y。/wj
什么/ry时候/n啊/y？/ww
1月/t14/m号/q。/wj
reexamine/x结束/v。/wj
那/rzv不/d是/vshi都/d开学/vi了/y么/y?/ww
18/m号/q开学/vn。/wj
我/rr19/m号/q回来/v。/wj
前/f两/m天/qt的/ude1课/n就/d不/d管/v它/rr了/y。/wj
定/v票/n了/y。/wj
和/p谁/ry啊/y？/ww
知道/v无聊/a了/y吧/y。/wj
早/ad告诉/v您/rr老人家/n了/y。/wj
。/wj
。/wj
。/wj
和/cc班/n里/f两/m个/q同学/n。/wj
票/n订/v了/y。/wj
华人/n旅馆/n。/wj
70/m欧/b一个/mq三/m人间/n，/wd价格/n还/d行/vi不/d？/ww
还/d行/vi。/wj
3/m人间/n一般/a多少/ry间/q？/ww
罗马/nsf是/vshi20/m，/wd威尼斯/nsf是/vshi25/m。/wj
我/rr订/v的/ude1威尼斯/nsf3/m人/n间/f60/m。/wj
罗马/nsf70/m。/wj
还有/v一个/mq晚上/t在/p火车/n上/vf过/uguo的/ude1。/wj
可以/v，/wd不错/a。/wj
你/rr相机/n会/v用/v了/ule吗/y？/ww
还/d行/vi吧/y。/wj
怎么样/ryv啊/y？/ww
今天/t。/wj
(/wkz本/rz消息/n由/p您/rr的/ude1好友/n通过/p手机/nQQ/x发送/v，/wd体验/v手机/nQQ/x请/v登录/v：/wphttp://mobile./urlqq./xcom/c/url)/wky您好/nl，/wd我/rr现在/t有/vyou事/n不/d在/p，/wd一/d会/v再/d和/cc您/rr联系/v。/wj
走/v一/m天/qt，/wd累/v死/v了/y。/wj
我/rr也/d累死/v了/y。/wj
到/v北部/foutlet/x，/wdmediamarket/x。/wj
IKEA/x。/wj
去/vf干吗/v啊/y？/ww
还有/v乱七八糟/al的/ude1超市/n。/wj
同学/n说/v东西/n打折/v很多/m。/wj
结果/n就/d买/v了/ule一/m堆/q菜/n回来/v。/wj
其他/rzv什么/ry都/d没/d买/v到/v。/wj
晕/vi！/wt
你/rr就/d是/vshi个/q居家/v好/a男人/n。/wj
您/rr好/a，/wd我/rr现在/t有/vyou事/n不/d在/p，/wd一/d会/v再/d和/cc您/rr联系/v。/wj
根本/n就/d没/v怎么/ryv打折/v啊/y！/wt
或者/c说/v，/wd打折/v都/d是/vshi我/rr用/v不/d着/uzhe的/ude1东西/n，/wd郁闷/a。/wj
Outlet/x鞋/n，/wd我/rr200/m买/v了/ule两/m双/q。/wj
您/rr好/a，/wd我/rr现在/t有/vyou事/n不/d在/p，/wd一/d会/v再/d和/cc您/rr联系/v。/wj
裤子/nLevis500/x两/m条/q。/wj
这么/rz大/a折扣/n。/wj
可能/v是/vshi我/rr现在/t去/vf晚/a了/y。/wj
好/a东西/n都/d卖/v完/vi了/y。/wj
肯定/v现在/t也/d有/vyou啊/y！/wt
只/d是/vshi你/rr没/d看到/v。/wj
我们/rr绕/v了/ule一/m圈/qv，/wd啥/ry都/d没/d买/v到/v。/wj
鞋子/n、/wn裤子/n打折/v的/ude1都/d不/d适合/v我/rr穿/v。/wj
尺码/n都/d对/p不/d上/vf号/n。/wj
华人/n旅馆/n一般/ad到底/vi什么/ry价格/n啊/y，/wd我/rr稍微/d还价/v了/ule一下/mq，/wd三/m人间/n全部/m变成/v60/m一/m晚上/t，/wd感觉/n之前/f被/pbei宰/v了/ule好多/m啊/y。/wj
现在/t淡季/t，/wd应该/v便宜/a一些/mq！/wt
基本/a就/d是/vshi20/m到/v25/m一个/mq人/n。/wj
(/wkz本/rz消息/n由/p您/rr的/ude1好友/n通过/p手机/nQQ/x发送/v，/wd体验/v手机/nQQ/x请/v登录/v：/wphttp://mobile./urlqq./xcom/c/url)/wky新年/t烟花/n几/m点/qt放/v的/ude1？/ww
速/ag回/v！/wt
你/rr我/rr相机/n弄/v成/vraw/x格式/n，/wd在/p电脑/n里/f都/d看/v不/d了/ule我/rr晕/vi死/v你/rr了/y。/wj
啥/ry叫/viraw/x格式/n？/ww
你/rr那天/r到底/d怎么/ryv调/v相机/n了/y啊/y？/ww
我/rr没/d调/v照片/n格式/n诶/e。/wj
一般/a的/ude1照片/n是/vshijpeg/x，/wd但是/c现在/t是/vshiraw/x这个/rz我/rr真的/d没/d调/v过/uguo。/wj
完全/ad看/v不/d了/y了/y吗/y？/ww
只能/v在/p相机/n里/f看/v。/wj
没/v事/n，/wd没/v事/n。/wj
我/rr在/p找/v找/v软件/n。/wj
啥/ry叫/vi没/v事/n？/ww
啊/y？/ww
canon/x麻烦/n死/v了/y。/wj
都/d看/v不/d了/y了/y。/wj
用/pps/x。/wj
把/pba格式/n改过/vi来/vf。/wj
我/rr没/dps/x。/wj
那/c你/rr拷/vg给/p我/rr，/wd我/rr帮/v你/rr转/v吧/y。/wj
我/rr百度/nz了/vi下/f，/wd貌似/v摄影/vi，/wd专业/n高手/n都/d用/vraw/x格式/n的/ude1。/wj
好多/m好多/m呢/y。/wj
假期/t怎么样/ryv啊/y？/ww
在/p家里/s，/wd还/d能/v怎么样/ryv。/wj
等/v不/d及/cc想/v去/vf意大利/nsf了/y。/wj
http://www./url360doc./xcom/content/10/1026/20/2879281_64272231./urlshtml/x我/rr觉得/v你/rr应该/v学学/v用/vraw/x格式/n拍照/vi。/wj
[/wkz自动/d回复/v]/wky您好/nl，/wd我/rr现在/t有/vyou事/n不/d在/p，/wd一/d会/v再/d和/cc您/rr联系/v。/wj
佳能/nz貌似/v有/vyou自/rr带/v的/ude1转化/vn软件/n呢/y。/wj
但是/c没/d带/v过来/vf。/wj
上官/nr1网/n下/vf。/wj
我/rr好/a累/a了/y。/wj
我/rr休息/v了/y。/wj
明天/t在/p聊/v。/wj
恩/ng。/wj
我/rr晚上/t才/d回来/v。/wj
真/d可怜/v！/wt
不过/c，/wd出/vf去/vf玩/v大家/rr都/d这样/rzv。/wj
在/p不/d？/ww
怎么/ryv啦/y？/ww
？/ww
问/v下/vf华人/n旅馆/n的/ude1问题/n。/wj
说/v吧/y我们/rr那/rzv家/q店/n晚餐/n时间/n是/vshi定/v死/a的/ude1。/wj
晚上/t不/d能/v玩/v到/v很/d晚/tg。/wj
