吃/v也/d不/d吃/v你/rr这样/rzv的/ude1！/wt
我/rr只/d是/vshi担心/v！/wt
据说/v，/wd恐龙/n分为/v两/m种/q./wj
打住/v。/wj
俺/rr也/d没/d打算/v去/vf。/wj
哈哈/o！/wt
你/rr想/v去/vf？/ww
不/d想/v。/wj
羊/n入/v虎口/n！/wt
谢天谢地/vl！/wt
真/d险/a！/wt
你/rr是/vshi喜洋洋/z，/wd还是/c大灰狼/n？/ww
真/d受不了/al了/y！/wt
窗户/n外面/f的/ude1猫/n又/d开始/v打架/vi了/y。/wj
望/v着/uzhe外面/f黝黑/z的/ude1窗户/n，/wd我/rr暗暗/d琢磨/v…/ws
我/rr应该/v找/v谁/ry，/wd去/vf打/v上/vf一/m架/qv呢/y？/ww
今天/t群/ng里/f一个/mq人/n也/d没有/v啊/y，/wd郁闷/a！/wt
小/a破/v孩/ng，/wd你/rr头/n被/pbei门/n挤/v了/y？/ww
咋/ryv不/d说话/vi？/ww
你/rr才/d被/pbei门/n挤/v了/ule呢/y！/wt
李/nr1，/wd小/ad破/v孩/ng头/n被/pbei门/n挤/v了/ule不/d说话/vi，/wd你/rr也/d被/pbei门/n挤/v了/y？/ww
咋/ryv也/d不/d说话/vi？/ww
啊/y，/wd没/d被/pbei挤/v啊/y？/ww
那/rzv就/d没/v事/n，/wd继续/v。/wj
哈哈/o，/wd我/rr以为/v我/rr没/v耐性/n憋/v不/d住/vi，/wd看来/v小/a破/v孩/ng你/rr也/d不/d怎么样/ryv啊/y！/wt
这/rzv不/d照样/d也/d没/d憋/v住/vi。/wj
你/rr那样/rzv说话/vi不/d是/vshi骂/v人/n么/y？/ww
有/vyou吗/y？/ww
那/rzv，/wd那/c你/rr也/d骂/v我/rr吧/y！/wt
今天/t是/vshi失败/vi的/ude1一/m天/qt。/wj
今天/t是/vshi骂/v人/n和/cc找/v骂/v都/d不/d被/pbei允许/v的/ude1一/m天/qt。/wj
…/ws
…/ws
今天/t是/vshi无聊/a的/ude1一/m天/qt。/wj
我/rr已经/d对/p今天/t做出/v总结/v了/y。/wj
俺们/rr睡觉/vi去/vf也/y。/wj
月/n满/v西/b楼/n已经/d被/pbei移/v出/vf本/rz群/ng。/wj
哈哈/o，/wd群/ng主/ag英明/a！/wt
终于/d有/vyou人/n做/v了/ule件/q好事/n。/wj
英明/a！/wt
我/rr是/vshi小/a灰/ag灰/ag。/wj
胡说/v，/wd你/rr是/vshi懒洋洋/z！/wt
被/pbei花/v现/tg啦/y！/wt
你/rr很/d懒/a！/wt
很/d懒/a很/d懒/a！/wt
懒/a到/v我/rr都/d看/v不/d下去/vf了/y。/wj
…/ws
…/ws
居然/d连/vqq/x照片/n都/d不/d上/vf传/v，/wd哪/ry兴/v这样/rzv的/ude1？/ww
不/d跟/p你/rr说/v了/y，/wd我/rr要/v去/vf见/v一个/mq大婶/n去/vf了/y。/wj
悲剧/n啊/y！/wt
去/vf吧/y，/wd悲剧/n滴/q大婶/n！/wt
快/a点/qt睡觉/vi啊/y，/wd否则/c会/v变/v丑/a的/ude1！/wt
虽然/c你/rr已经/d不在乎/v了/y。/wj
呃/y！/wt
你/rr损/vg人/n是/vshi跟/p谁/ry学/v的/ude1阿/b？/ww
但/c我/rr还是/d略/d尽/vi人力/n吧/y！/wt
下次/t再/d跟/p你/rr说/v，/wd88/m！/wt
算/v了/y！/wt
我/rr看/v是/vshi天生丽质/nl。/wj
别/d下次/t啦/y！/wt
下次/t俺/rr潜水/vi。/wj
你/rr想/v我/rr被/pbei大婶/n骂/v啊/y？/ww
88/m！/wt
猪/n大叔/n大婶/n白/nr1头/n到/v老/a！/wt
O/x(/wkz∩/m_/n∩/m)/wkyO/x哈/b！/wt
（/wkz回复/v）/wky孙/nadyouxia@yahoo./emailcom./xcn9:00:31/url清早/t在/p呼/v睡/v中/f因/p党总支/n而/cc惊醒/v，/wd有/vyou个/q团总支/n的/ude1博文/nrf需要/v大家/rr帮/v顶/ng。/wj
博文/nr2题/n为/v：/wp10/m研究生/n团总支/n：/wp唱/v响/a党/n的/ude1九十/m华诞/n——/wp忆/vg往昔/t峥嵘岁月/nl，/wd展/vg未来/t任重道远/vl。/wj
同学/n必须/d参加/v点评/v，/wd一/m句/q话/n就/d好/a，/wd长/a短/a不/d限/v，/wd来/m个/q“/wyz顶/ng”/wyy啊/y、/wn“/wyz沙发/n”/wyy都/d成/v，/wd20/m号/q之前/f点评/v完毕/vi。/wj
http://blog./urlsina./xcom./xcn/u/1280453660/url谢谢/v大家/rr啦/y！/wt
（/wkz回复/v）/wky孙/nr19:00:36/m我/rr觉得/v写/v这个/rz点评/v似乎/d很/d麻烦/an，/wd那么/c请/v大家/rr在/p那/rzv篇/q博/ag文/ng原文/n上/f复制/v一/m句/q，/wd然后/c说/v好/a，/wd这样/rzv也/d很/d快速/b的/ude1。/wj
2811815/m凭/p美/b团/n券/ng可/v参加/v精英/n英语/nz全能/n培训/vn课程/n40/m课时/n（/wkz原价/n1600/m元/q，/wd美/b团/n价/n29/m元/q）/wky。/wj
一年之计在于春/nl。/wj
呼/v孙/nr1。/wj
已经/d转/v了/y。/wj
哦/e！/wt
都/d转/v了/ule吗/y？/ww
嗯/e！/wt
是的/vl。/wj
哦/e，/wd可惜/v！/wt
呵/e呵/e！/wt
好/a了/y，/wd干活/vi吧/y！/wt
嗯/e。/wj
（/wkz回复/v）/wky钟/n(/wkz278280129/m)/wky1:32:49http://www./urlxituan./xcom/r./urlphp/x?/ww
r=MzA3NTEy/x&/wid=704/x（/wkz回复/v）/wky钟/n(/wkz278280129/m)/wky1:33:04/m五一/t特惠/nr2！/wt
仅/d69/m元/q(/wkz全国/n包/v邮/ng)/wky！/wt
原价/n328/m元/q伊/b克/vg世/ng宝/n碳/n铝/n一体/n情侣/n羽毛球拍/n2/m支/q(/wkz红色/n、/wn蓝色/n各/rz1/m支/q)/wky！/wt
全/a款/n升级/vi，/wd美观/a大方/a！/wt
正品/n保证/v，/wd支持/v防伪/vn！/wt
买/v就/d送/v高档/b球拍/n等/udeng精美/a礼品/n！/wt
尊敬/v的/ude1女士/n//w先生/n,/wd此/rzs问卷/n调查/v为/p全球/n大学生/n创业/vn精神/n研究/vn（/wkzGlobalUniversityEntrepreneurialSpiritStudents/x'/wyzSurvey/x,/wdGUESSS/x）/wky的/ude1一/m部分/n。/wj
该/rz研究/vn分析/vn大学生/n的/ude1创业/vn精神/n和/cc活动/vn，/wd特别/d关注/v高校/n在/p大学生/n创业/vn活动/vn中/f发挥/v的/ude1作用/n。/wj
今年/t将/d在/p26/m个/q国家/n进行/vx调查/vn。/wj
完成/v这项/r调查/vn问卷/n将/d需要/v您/rr约/d15/m分钟/qt的/ude1时间/n。/wj
您/rr的/ude1参与/vn对/p这次/r研究/vn非常/d重要/a。/wj
参加/v此次/rz问卷调查/nl，/wd您/rr将/d有/vyou机会/n获得/viPad/x、/wn亚马逊/nrf代金/n券/ng（/wkz每/rz张/q抵/v用/p150/m元/q）/wky等/udeng礼品/n。/wj
如果/c要/v开始/v填写/v调查/vn问卷/n，/wd请/v复制/v以下/f链/ng接到/v您/rr的/ude1浏览器/n并/cc打开/v：/wphttp://n./urlcontaxt./xnet/nctxa/if0/url?/ww
look1=static/x-/wpctxs111/x-/wpu/x-/wp9-LinkWithName-GUESSS-2011-CHINA/x如果/c您/rr的/ude1同学/n//w校友/n愿意/v填写/v此/rzs调查/v问卷/n，/wd敬请/v转发/v给/p他们/rr。/wj
我们/rr十分/d感谢/v您/rr的/ude1参与/vn和/cc帮助/vn。/wj
致以/v最/d诚挚/a的/ude1感激/vn和/cc祝愿/v！/wt
GUESSS/x?/ww
2011/m?/ww
中国/ns交谈/vi中/f请勿/v轻信/v汇款/n、/wn中奖/vn信息/n、/wn陌生/a电话/n，/wd勿/d使用/v外挂/v软件/n。/wj
中国/ns现状/n:/wp生/v不/d起/vf,/wd剖腹/vi一/m刀/q五千/m起/q;/wf读/v不/d起/vf,/wd选/v个/q学校/n三万/m起/q;/wf住/vi不/d起/vf,/wd二万/m多/m元/q一/m平/a米/q;/wf老婆/n不/d是/vshi娶/v不/d起/vf,/wd没/v房/n没/v车/n谁/ry嫁/v你/rr?/ww
养/v不/d起/vf,/wd父母/n下岗/vn儿/ng下地/vi;/wf病/n不/d起/vf,/wd药费/n利润/n十/m倍/q起/vf;/wf活/v不/d起/vf,/wd一月/t辛劳/a一千/m几/m;/wf死/v不/d起/vf,/wd火化/v下葬/vi三万/m几/m。/wj
总结/v（/wkz八/m个/q大字/n）/wky：/wp求生/vi不得/vi，/wd求/v死/v不/d能/v！/wt
多/m传/ng传/v，/wd让/v领导人/n们/k看看/v，/wd就/d不/d信/v传/v不/d到/v中央/n胡/nr1书记/n与/p温/nr1总理/n那里/rzs去/vf。/wj
有/vyou群/q的/ude1都/d转发/v加/v一/m句/q：/wp谁/ry看到/v谁/ry最少/d转发/v一个/mq群/ng，/wd转发/v2/m个/q以上/f群/ng的/ude1愿/v他/rr买/v彩票/n中/f500万/m教育/vn：/wp希望/v进去/vf，/wd绝望/a出来/vf；/wf医疗/n：/wp小/a病/n进去/vf，/wd大/a病/n出来/vf；/wf房产/n：/wp蜗居/v进去/vf，/wd房/n奴/ng出来/vf；/wf演艺/n：/wp玉女/n进去/vf，/wd小姐/n出来/vf；/wf信访/n：/wp窦娥/nr进去/vf，/wd疯子/n出来/vf；/wf官场/n：/wp海/n瑞/ag进去/vf，/wd和/cc绅/n出来/vf；/wf煤窑/n：/wp蹲/v着/uzhe进去/vf，/wd躺/v着/uzhe出来/vf；/wf大学/n：/wp校花/n进去/vf，/wd残/a花/n出来/vf！/wt
股市/n：/wp杨/nr1百万/m进去/vf，/wd杨/nr1百/m劳/ng出来/vf；/wf宝马/nz进去/vf，/wd自行车/n出来/vf；/wf西装革履/nl进去/vf，/wd三角裤/n出来/vf。/wj
老百姓/n在/p思考/vn，/wd为/v啥/ry玩/v不过/c政府/n呢/y？/ww
原因/n如下/vi：/wp1/m、/wn你/rr和/cc他/rr讲/v道理/n，/wd他/rr和/cc你/rr耍流氓/vl；/wf2/m、/wn你/rr和/cc他/rr耍流氓/vl，/wd他/rr和/cc你/rr讲/v法制/n；/wf3/m、/wn你/rr和/cc他/rr讲/v法制/n，/wd他/rr和/cc你/rr讲/v政治/n；/wf4/m、/wn你/rr和/cc他/rr讲/v政治/n，/wd他/rr和/cc你/rr讲/v国情/n；/wf5/m、/wn你/rr和/cc他/rr讲/v国情/n，/wd他/rr和/cc你/rr讲/v接轨/vi；/wf6/m、/wn你/rr和/cc他/rr讲/v接轨/vi，/wd他/rr和/cc你/rr讲/v文化/n；/wf7/m、/wn你/rr和/cc他/rr讲/v文化/n，/wd他/rr和/cc你/rr讲/v孔子/nr；/wf8/m、/wn你/rr和/cc他/rr讲/v孔子/nr，/wd他/rr和/cc你/rr讲/v老子/n；/wf9/m、/wn你/rr和/cc他/rr讲/v老子/n，/wd他/rr给/p你/rr装/v孙子/n；/wf用/p奶粉/n灭/v掉/v00/m后/f，/wd用/p考试/vi灭/v掉/v90/m后/f，/wd用/p房价/n灭/v掉/v80/m后/f，/wd用/p失业/vn灭/v掉/v70/m后/f，/wd用/p城管/n灭/v掉/v60/m后/f，/wd用/p下岗/vn灭/v掉/v50/m后/f，/wd用/p拆迁/v灭/v掉/v40/m后/f，/wd用/v医/ng改/v灭/v掉/v30/m后/f，/wd…/ws
