"/wyz掩盖/v了/ule中/b西/b社会/n结构/n间/f存在/v的/ude1巨大/a差异/n。/wj
那/c咱们/rr怎么/ryv避免/v这/rzv种/q偏见/n呢/y?/ww
追/v源/ng。/wj
看/v事实/n。/wj
不/d带/v任何/rz偏见/n地/ude2展现/v事实/n./wj
晕/vi，/wd那/rzv段/q话/n是/vshi我/rr复制/v的/ude1pdf/x文件/n，/wd传/v上去/vf变成/v这个/rz样子/n了/y。/wj
这/rzv就/d是/vshi西方/s表征/n词语/n对/p咱们/rr造成/v的/ude1污染/vn。/wj
其实/d词语/n本身/rz是/vshi没/d有/vyou价值/n褒贬/v的/ude1，/wd中国/ns的/ude1社会/n也/d没有/v被/pbei一刀两断/vl的/ude1分/n为什么/ryv什么/ry社会/n；/wf只/d是/vshi历史/n，/wd没有/v哪个/ry比/v哪个/ry更/d低俗/a。/wj
还有/v就/d是/vshi如果/c失落/v了/ule这个/rz词语/n，/wd当/p我们/rr再/d想/v提及/v一些/mq“/wyz封建/a”/wyy的/ude1东西/n时/ng，/wd应该/v用/v什么样/ryv的/ude1语言/n呢/y？/ww
贵妃/n言/vg之/uzhi有/vyou理/n。/wj
嗯/e，/wd只/d有/vyou差异/n没/d有/vyou差距/n，/wd呵呵/o。/wj
对/p的/ude1，/wd中国/ns文化/n也/d没有/d好/a与/cc坏/a的/ude1本质/n。/wj
如果/c有/vyou,/wd只/d是/vshi人们/n以/p西方/s文化/n作为/v参照/v一点/mq点/n地/ude2从/p排/v他/rr的/ude1形式/n中/f建构/v出来/vf的/ude1。/wj
放/v在/p特定/b的/ude1历史/n时期/n总/d会/v带/v上/vf一定/b的/ude1褒贬/v色彩/n。/wj
其实/d封建/a这个/rz词/n就/p本意/n来说/uls应该/v是/vshi中性/n的/ude1吧/y。/wj
我/rr的/ude1愚/an见/v。/wj
丹丹/nr指/v的/ude1“/wyz失落/v”/wyy是/vshi什么/ry意思/n?/ww
“/wyz失落/v”/wyy应该/v是/vshi对/p语言/n意义/n的/ude1颠覆/vn吧/y。/wj
我们/rr不/d是/vshi说/v它/rr放/v在/p哪个/ry时期/n，/wd而是/c这些/rz一刀两断/vl的/ude1时期/n划分/vn词语/n是/vshi西方/s文化/n的/ude1产物/n。/wj
只/d是/vshi我们/rr照搬/v到/v中国/ns文化/n中/f，/wd才/d是/vshi中国/ns文化/n带/v上/vf了/ule原/d不/d该/v有/vyou的/ude1文化/n色彩/n。/wj
金秀/nr2同学/n明白/v了/ule吗/y？/ww
颠覆/v是/vshi曲解/v和/cc误解/n，/wd还/d是/vshi完全/ad是/vshi南辕北辙/vl的/ude1逆/vg反/vi?/ww
就/d像/p七月/t流/v火/n总/d会/v被/pbei人/n认为/v是/vshi形容/v天气/n很/d热/a的/ude1词/n一样/uyy?/ww
就/p这个/rz词/n本身/rz来说/uls，/wd“/wyz封建/a”/wyy（/wkz封邦/nr建国/vi”/wyy原本/d是/vshi指/v秦代/t以前/f的/ude1神/n会/v形式/n，/wd像/p周代/t的/ude1分封/v诸侯/n，/wd后来/t被/pbei后人/n误用/vn./wj
首先/d是/vshi被/pbei谁/ry误用/v的/ude1？/ww
我/rr看看/v哈/b./wj
提到/v封建/an，/wd我/rr的/ude1感性认识/nl是/vshi专制/n。/wj
至于/p分封/v诸侯/n，/wd其实/d还/d有/vyou权利/n相互/d抗/vi和/cc制约/vn的/ude1东西/n在/p里面/f。/wj
姐姐/n们/k，/wd要不/c咱们/rr明天/t在/p讨论/v吧/y？/ww
我/rr发现/v没/d读/v论文/n的/ude1话/n就/d容易/ad跑题/vi，/wd而且/c不知所云/vl。/wj
明天/t大家/rr吧/y，/wd文章/n都/d看看/v，/wd至少/d明白/a中心/n是/vshi什么/ry；/wf然后/c搜集/v些/q资料/n观点/n怎么样/ryv？/ww
其实/d丹丹/nr一/d开始/v就/d很/d切题/a的/ude1，/wd后来/t被/pbei我们/rr几/m个/q跑/v偏/a了/ule哈/b。/wj
我/rr觉得/v咱们/rr的/ude1讨论/vn时/ng东/f一/m耙/n西/f一/m耙/v，/wd完全/ad没有/v中心/n点/qt；/wf而且/c好像/v大家/rr也/d不/d太/d清楚/a吴/nr1老师/n的/ude1中心/n论点/n是/vshi什么/ry。/wj
不过/c讨论/v的/ude1乐趣/n也/d是/vshi在/p前面/f有/vyou人/n引/v线/n，/wd后面/f大家/rr自由/ad发挥/v的/ude1哈/b。/wj
快/a把/pba我们/rr拉/v回/qv正道/n。/wj
我们/rr需要/v一个/mq论点/n，/wd而/cc不/d是/vshi泛泛而谈/vl。/wj
知道/v啦/y!/wt
至少/d要/v大家/rr都/d看/v过/uguo文章/n,/wd才/d能/v明白/v讨论/v的/ude1是/vshi什么/ry,/wd也/d才/d能/v插/v上/vf话/n啊/y。/wj
丹丹/nr还/d在/p不/d？/ww
"/wyz封建/a”/wyy概念/n使用/v上/f的/ude1这种/r变化/vn始/vg自/p20/m世纪/n初/f的/ude1新文化/n运动/vn。/wj
日本/nsf受/v中国/ns文化/n的/ude1影响/vn!/wt
是/vshi在/p中国/ns传统/n意义/n上/f使用/v封建/a概念/n’/wyy由于/p日本/nsf幕府/n体制/n下/f的/ude1封建/a制度/n与/p中世纪/t西欧/ns的/ude1feudualism/x酷似/v，/wd日本/nsf以/p封建/a制度/n或/c封建主义/n对应/vifeudualism/x，/wd较/d成功/a地/ude2实现/v了/ule东/f西方/s现代/t学术/n语汇/n的/ude1对接/vn，/wd游/v学/v日本/nsf的/ude1陈独秀/nr将/p日本/nsf人/n作为/v前/f现代/t标签/n的/ude1封建/a制度/n移/v来/vf，/wd贴/v在/p了/ule秦代/t以至/cc清末/t的/ude1中国/ns社会/n之/uzhi上/f形成/v封建/a=/m前/f近代/t=/m落后/a+/m反动/a的/ude1公式/n。/wj
原来/d如此/rzv。/wj
确实/a，/wd五四/m以来/f我们/rr的/ude1很多/m新词/n都/d是/vshi从/p日本/nsf拿/v来/vf，/wd日本/nsf从/p西欧/ns拿/v来/vf。/wj
丹丹/nr，/wd你/rr给/p大家/rr定/v其中/rz一/m篇/q文章/n作为/v讨论/vn主题/n；/wf其他/rzv文章/n要/v读/v，/wd因为/c那/rzv是/vshi辅助/vn参考/vn，/wd不/d读/v也/d不/d懂/v。/wj
潇潇/z说/v的/ude1是/vshi词汇/n迁移/vn现象/n却/d没有/d分析/v出/vf现象/n下/f的/ude1本质/n。/wj
恩/ng，/wd我/rr说/v了/ule呀/y。/wj
我/rr说/v那/rzv篇/q中/b西/b的/ude1啥/ry是/vshi主要/b的/ude1。/wj
可/v现在/t讨论/v主题/n到底/d是/vshi什么/ry？/ww
对/p的/ude1，/wd五四时/t期/ng的/ude1文人/n大都/ns留学/v日本/nsf，/wd受/v日本/nsf当时/t中国/ns文坛/n受/v日本/nsf人/n呢/y影响/v较/d大/a。/wj
嗯/e，/wd嗯/e。/wj
呵呵/e，/wd如果/c说/v本质/n的/ude1话/n呢/y，/wd就是/v外来语/n对/p中国/ns原有/v语/ng的/ude1影响/vn。/wj
讨论/v的/ude1主题/n大概/d就/d是/vshi：/wp一/m语言/n对/p社会/n问题/n的/ude1影响/vn；/wf二/m西方/s文化/n霸权/n。/wj
其实/d大家/rr又/d何必/d被/pbei吴/nr1老师/n局限/vi呢/y？/ww
同感/n./wj
xu/x,/wd你/rr不/d理/v我/rr、/wn啊/y！/wt
Sorry/x。/wj
对/p，/wd大家/rr先/d说/v啥/ry就/d说/v啥/ry吧/y；/wf但是/c主要/d么/nr1就/d是/vshi讲讲/v和/cc文明/n对话/vn有关/vn的/ude1东西/n。/wj
我们/rr这样/rzv的/ude1讨论/vn很/d真实/a。/wj
没有/v被/pbei吴/nr1老师/n的/ude1“/wyz外来/b话语/n”/wyy所/usuo影响/v。/wj
原汁原味/al！/wt
如果/c世界/n不/d表征/v对象/n，/wd如果/c比喻/v意义/n不再/d试图/v象征性/n的/ude1表征/n事物/n，/wd会/v当/v如何/ryv？/ww
如果/c思想/n的/ude1目的/n不/d是/vshi为了/p得出/v抽象/a结论/n，/wd如果/c语言/n不再/d试图/v下/vf一个/mq定义/n而是/c尝试/v去/vf反映/v环境/n，/wd会/v当/v如何/ryv？/ww
如果/c演说/vn世界/n的/ude1目的/n不/d是/vshi为了/p得出/v真理/n，/wd会/v当/v如何/ryv？/ww
这/rzv就/d是/vshi中国/ns传统/n话语/n阐释/vn，/wd与/p西方/s话语/n理论/n的/ude1不同/a。/wj
静静/nr2说/v得/ude3对/a，/wd原汁原味/al哈/b。/wj
我们/rr就/d是/vshi富阳/ns的/ude1东/f坞/ng村/n。/wj
你们/rr继续/v扯/v吧/y。/wj
我/rr下/vf了/y，/wd明天/t我/rr会/v交/v一/m份/q论文/n给/p丹丹/nr。/wj
先/d拜/v了/y。/wj
实在/d讨论/v不/d出/vf什么/ry了/y。/wj
恩/ng，/wd好/a。/wj
尽快/d给/p我/rr哦/o。/wj
大家/rr有/vyou话/n的/ude1话/n就/d发言/vi；/wf没/v的话/udh，/wd要/v不/d没/v人/n回去/v写/v段/q感言/n吧/y。/wj
在/p这里/rzs确实/ad很/d凌乱/a，/wd没/d啥/ry大/a内容/n。/wj
大家/rr说/v呢/y？/ww
不过/c，/wd刚才/t短暂/a的/ude1发言/vn大多/d还/d是/vshi很/d有意思/al。/wj
到/p时候/n真/d打/v到/v讨论/v稿/ng里/f去/vf。/wj
但是/c,/wd最/d好/a有/vyou几/m段/q较/d长/a的/ude1发言/vn的/ude1。/wj
大家/rr说/v呢/y？/ww
同意/v。/wj
大家/rr畅所欲言/vl的/ude1说/v一下/mq，/wd也/d是/vshi不错/a的/ude1。/wj
那/rzv明晚/t之前/f，/wd最/d晚/tg明晚/t之前/f，/wd大家/rr把/pba自己/rr的/ude1感触/n发给/v我/rr吧/y。/wj
我/rr整理/v下/f，/wd然后/c大家/rr再/d看/v下/f，/wd最后/f传/v上/f去/vf吧/y。/wj
或者/c，/wd我/rr把/pba文稿/n传到/v共享/v。/wj
嗯/e，/wd好/a的/ude1呢/y。/wj
我/rr加紧/v。/wj
每个/r人/n把/pba自己/rr的/ude1加/v进去/vf后/f再/d传/v到/v共享/v？/ww
大家/rr看/v哪个/ry比较/d好/a？/ww
你/rr整理/v吧/y，/wd相信/v你/rr的/ude1。/wj
