你/rr知道/v有/vyou谁/ry卖/v家具/n吗/y？/ww
您/rr发送/v了/ule一个/mq窗口/s抖动/v。/wj
。/wj
。/wj
。/wj
。/wj
[/wkz自动/d回复/v]/wky您好/nl，/wd我/rr现在/t有/vyou事/n不/d在/p，/wd一/d会/v再/d和/cc您/rr联系/v。/wj
不/d知道/v啊/y！/wt
kina/x上/f看/v啊/y。/wj
我/rr买/v电视/n，/wd你/rr要/v么/y?/ww
哈哈/o./wj
我/rr去/vf./wj
kina/x上/f能/v找到/v的/ude1话/n,/wd也/d不用/d问/v你/rr了/y。/wj
帮/v我/rr在/p你们/rrqq/x群/ng里/f发/v个/q消息/n吧/y。/wj
或者/c把/pba你们/rr这/rzv届/q的/ude1qq/x群/q号/n告诉/v我/rr。/wj
你/rr已经/d加/v不/d进去/vf了/y，/wd太/d多/a人/n。/wj
那/rzv就/d帮/v我/rr发/v下/vf广告/n啦/y！/wt
问/v了/y。/wj
我/rr要/v桌子/n，/wd椅子/n，/wd书柜/n，/wd床/n。/wj
反正/d我/rr什么/ry都/d没/v。/wj
群/ng里/f没/v人/n回应/vn。/wj
霜心/nr2啊/y。/wj
宜/ag家/n的/ude1塑料/n凳子/n，/wd两/m把/pba40/m。/wj
凳子/n？/ww
不/d是/vshi椅子/n啊/y！/wt
算是/v椅子/n。/wj
不/d知道/v长/a这么样/r啊/y？/ww
折叠椅/n。/wj
明天/t去/vf看看/v把/qv。/wj
也/d在/pkun/x。/wj
恩/ng，/wd只/d买/vkungshama/x的/ude1家具/n。/wj
其他/rzv地方/n的/ude1不/d考虑/v。/wj
明/tg下午/t有/vyou时间/n没/d？/ww
去/vf看/v家具/n。/wj
下午/t我/rr会/v搬/v一点/mq东西/n过来/vf。/wj
然后/c拿/v钥匙/n。/wj
最好/d是/vshi晚上/t吧/y。/wj
晚上/t有/vyou事/n，/wd他/rr。/wj
那/rzv就/p后天/n什么/ry的/ude1，/wd到/v时候/n我/rr就/d自己/rr和/cc他/rr联系/v好/a了/y。/wj
就/d是/vshi所/usuo料/v的/ude1那种/r折叠椅/n。/wj
和/p我/rr家/n现在/t用/v的/ude1差不多/al吗/y？/ww
嗯/e，/wd嗯/e，/wd应该/v是/vshi。/wj
有/vyou点/qt兴趣/n。/wj
我/rr估计/v是/vshi这个/rz。/wj
2/m把/pba都/d要/v？/ww
还是/c想/v先/d看/v下/vf啊/y。/wj
不/d用/v马上/d做/v决定/v吧/y？/ww
行/vi。/wj
在/p吗/y？/ww
您/rr好/a，/wd我/rr现在/t有/vyou事/n不/d在/p，/wd一/d会/v再/d和/cc您/rr联系/v。/wj
一直/d在/p上课/vi，/wd完全/ad给/v忘/v了/y，/wd什么/ry时候/n搬/v啊/y？/ww
您/rr好/a，/wd我/rr现在/t有/vyou事/n不/d在/p，/wd一/d会/v再/d和/cc您/rr联系/v。/wj
周六/t中午/t，/wdOK/x不/d？/ww
不/d知道/v。/wj
我/rr不/d知道/v我/rr朋友/n要/v不/d要/v叫/vi我/rr出去/vf玩/v。/wj
要是/c不/d，/wd就/d来/vf帮/v你/rr。/wj
哦/e。/wj
在/p吗/y？/ww
[/wkz自动/d回复/v]/wky您好/nl，/wd我/rr现在/t有/vyou事/n不/d在/p，/wd一/d会/v再/d和/cc您/rr联系/v。/wj
怎么/ryv了/y啊/y？/ww
去/vf希腊/ns不/d？/ww
啥/ry时候/n？/ww
复活节/t？/ww
恩/ng。/wj
好/a呀/y，/wd去/vf。/wj
机票/n降/v了/y。/wj
好/a呀/y。/wj
去/vf希腊/ns直/d飞/vi14/m号/q，/wd380/m。/wj
哇/y。/wj
4月/t14/m？/ww
恩/ng。/wj
这么/rz便宜/a！/wt
！/wt
！/wt
我/rr翘/v一/m天/qt课/n就/d可以/v了/y。/wj
但是/c复活节/t不/d是/vshi25/m么/y？/ww
回来/v的/ude1还/d没/d查/v。/wj
15/m号/q放假/vi啊/y。/wj
哦/e，/wd哦/e。/wj
norwegian/x？/ww
rynial/x。/wj
来回/vi745/m。/wj
Thessaloniki/x。/wj
到/p这个/rz城市/n。/wj
不过/c离/v雅典/ns好像/v挺/d远/a的/ude1。/wj
不/d知道/v那边/rzs的/ude1火车/n贵/r不/d贵/a。/wj
你/rr在/p哪里/rys看/v的/ude1机票/n啊/y？/ww
ryanair/x。/wj
有/vyou去/vf希腊/ns的/ude1啊/y？/ww
恩/ng。/wj
你/rr看看/v去/vf希腊/ns怎么/ryv去/vf？/ww
我/rr看/v了/ule啊/y。/wj
stockholm/x直/d飞/viThessaloniki/x。/wj
我们/rr还/d去/vfsantorini/x啊/y！/wt
那/rzv个/q最/d漂亮/a的/ude1岛/n。/wj
但是/c，/wd我/rr不/d知道/v怎么/ryv去/vf那个/rz岛/n。/wj
从/p雅典/ns坐船/vi。/wj
现在/t要/v查/v下/f从/pThessaloniki/x到/v雅典/ns的/ude1火车/n。/wj
贵/r不/d贵/a？/ww
或者/c汽车/n。/wj
火车票/n贵/a。/wj
要/v36/m欧/b。/wj
我们/rr还/d可以/v费/nrhides/x。/wj
rhodes/x。/wj
恩/ng。/wj
是/vshi个/q海岛/n。/wj
正/d好/a。/wj
从/p一边/d进/vf，/wd一边/d出/vf。/wj
不过/c，/wd我/rr看到/v从/p米兰/ns到/v雅典/ns的/ude1机票/n。/wj
5/m欧/b。/wj
看看/v机票/n怎么/ryv安排/v。/wj
不/d是/vshi到/p雅典/ns。/wj
哇/y。/wj
到/vvolos/x。/wj
都/d可以/v啊/y。/wj
不过/c已经/d和/cc雅典/ns很/d近/a了/y吧/y?/ww
我/rr觉得/v最/d好/a斯/b京/b直航/v吧/y,/wd不然/c累死/v了/y。/wj
好/a好玩/a希腊/ns。/wj
那/rzv行/q啊/y。/wj
我/rr还/d想/v去/vf马耳他/nsf和/cc西西里岛/nsf。/wj
额/n。/wj
其实/d时间/n够/v的/ude1。/wj
就/d看/v怎么/ryv安排/v了/y。/wj
我/rr其他/rzv地方/n都/d没/d看/v。/wj
你/rr可以/v规划/n下/vf路线/n。/wj
哎呀/e，/wd又/c我/rr规划/v啊/y。/wj
有/vyou多少/ry天/qt啊/y？/ww
15/m号/q到/v25/m号/q。/wj
我/rr目前/t就/d只/d打算/v了/ule希腊/ns。/wj
10/m天/qt够/v嗝/n屁/n。/wj
就/p希腊/ns还/d差不多/al。/wj
好/a吧/y。/wj
rhodes/x有/vyou到/v那些/rz岛/n的/ude1船/n吗/y？/ww
不/d知道/v啊/y。/wj
应该/v会/v有/vyou的/ude1吧/y。/wj
在/p家/n么/y？/ww
baby./x在/p家/n啊/y。/wj
就/d是/vshi闷/v得/v和/cc那/rzv。/wj
baby/x。/wj
怎么/ryv啦/y，/wd啊/y？/ww
我/rr帮/v你/rr充实/v吧/y。/wj
考/v完/vi没/v？/ww
昨天/t考/v完/vi的/ude1。/wj
那/rzv不/d请/v我/rr吃饭/vi。/wj
然后/c做/v完/vi，/wd花/v了/ule近/a一个/mq通宵/n写/v作业/vi。/wj
终于/d把/pbabridgedesign/x做/v完/vi了/y。/wj
今天/t交/v完/vi作业/vi又/d去/vfskaholmen/x买/v米/q。/wj
一路/mq拖/v回来/v。/wj
你/rr下午/t可以/v来/vf吃饭/vi哈/b。/wj
哎呀/e，/wd我/rr就/d想/v去/vfsk/x买/v菜/n啊/y。/wj
你/rr找/v我/rr干/v嘛/y啊/y？/ww
帮/v我/rr理/v个/q发/v。/wj
我/rr三/m个/q月/n没/d理/v了/y。/wj
额/n。/wj
无聊/a。/wj
你/rr今天/t不/d去/vf上班/vi了/y？/ww
辞职/vi了/y。/wj
不/d打/v了/y。/wj
恶心/a死/v了/y。/wj
上海/ns人/n真/d他妈的/vl贱/a。/wj
有/vyou饺子/n吃/v诶/e。/wj
额/n。/wj
我/rr现在/t过来/vf理发/vi吧/y。/wj
或者/c你/rr过来/vf也/d可以/v。/wj
晚点/vi吧/y。/wj
剪/v完/vi就/d吃饭/vi。/wj
也好/y。/wj
或者/c你/rr没/v事/n，/wd陪/v我/rr去/vf买/v菜/n吧/y。/wj
你/rr带/v上/vf剪子/n。/wj
。/wj
。/wj
。/wj
我/rr刚/d回来/v。/wj
我/rr可以/v陪/v你/rr去/vflidl/x。/wj
先/d逛逛/v那边/rzs的/ude1mall/x。/wj
再/d去/vf嘛/y。/wj
哎呀/e。/wj
lidl/x什么/ry都/d没有/v。/wj
我/rr要/v肉/n！/wt
！/wt
！/wt
lidl/x比较/d方便/a。/wj
哈哈/o。/wj
lidl/x有/vyou肉/n啊/y。/wj
五花肉/n。/wj
一般/a40/m。/wj
也/d不/d贵/a。/wj
什么/ry牛肉/n、/wn猪肉/n、/wn排骨/n。/wj
而且/c还/d可以/v在/p那边/rzs逛逛/v。/wj
不/d去/vf了/y。/wj
太/d远/a。/wj
我/rr现在/t买/v不到/v米/q啊/y。/wj
香米/n都/d好/a贵/a。/wj
基本/a全/a是/vshi20/m一/m千克/q。/wj
我/rr烦/v死/v你/rr了/y。/wj
老子/nr不/d给/p你/rr剪/v头发/n了/y。/wj
猴/ng哥/n，/wd我/rr错/v了/y。/wj
那/rzv跟/p我/rr去/vflidl/x。/wj
好/a啊/y，/wd什么/ry时候/n去/vf？/ww
随便/a。/wj
我们/rr复活节/t到底/d出/vf不/d出去/vf啊/y？/ww
去/vf啊/y，/wd我/rr之前/f在/p考试/vn，/wd没/v时间/n看/v嘛/y。/wj
今晚/t可以/v好好/d计划/v一下/mq。/wj
嗯/e，/wd嗯/e，/wd要/v快/a点/qt定/v了/y。/wj
不然/c肯定/d很/d贵/a了/y啊/y。/wj
你/rr考/v得/ude3怎么样/ryv啊/y？/ww
很/d简单/a把/qv。/wj
简单/a个/q平/a。/wj
p/x。/wj
比/p你们/rr难/a多/a了/y。/wj
哎呀/e，/wd看/v吧/y，/wd考/v出来/vf肯定/va/x了/vi。/wj
。/wj
。/wj
。/wj
。/wj
你们/rr考/v的/ude1都/d是/vshi09/m年/qt考/v过/uguo的/ude1题目/n。/wj
我/rr也/d觉得/v我们/rr考/v得/ude3比/p上届/b难/a。/wj
