没有/v。/wj
亏/v死/v了/y。/wj
只有/c50/m的/ude1。/wj
。/wj
。/wj
。/wj
舍不得/v孩子/n讨/v不/d到/v狼/n。/wj
唉/e！/wt
今天/t我/rr见/v他/rr了/y。/wj
他/rr说/v有/vyou办法/nhelpme/x。/wj
：/wp）/wky估计/v就/p这么/rz简单/a，/wd我/rr就/d留下/v来/vf了/y。/wj
但是/c也/d不/d知道/v是/vshi不/d是/vshi真/a的/ude1。/wj
不过/c，/wdms/x他/rr还/d挺/d坚决/a的/ude1感觉/n。/wj
我/rr说/v：/wphardformetofindajobhere/x!/wt
他/rr就/d说/v：/wpIdontthinkso/x,/wdicanhelpyou/x!/wt
我/rr看/v他/rr说/v的/ude1挺/d认真/a的/ude1。/wj
希望/v不要/d骗/v我/rr吧/y。/wj
应该/v不/d会/v骗/v你/rr吧/y？/ww
但是/c得/v看/v是/vshi什么/ry工作/vn了/y。/wj
如果/c你/rr喜欢/vi的/ude1话/n就/d干/v呗/y。/wj
开/v能源/n公司/n的/ude1。/wj
在/p差/a也/d查/v不/d到/v哪里/rys去/vf。/wj
而且/c随便/ad怎么/ryv也/d有/vyou2万/m一月/t吧/y?/ww
什么/ry喜/v不/d喜欢/vi啊/y。/wj
能/v给/p我/rr就/d不/d错/v了/y。/wj
哈哈哈/o！/wt
晕/vi。/wj
那/rzv就/d上/vf吧/y。/wj
但是/c，/wd我/rr的/ude1心/n还是/c悬/v吊/v吊/v的/ude1。/wj
我/rr这么/rz菜/n。/wj
干/v什么/ry呢/y？/ww
呵呵/e呵/e！/wt
吊/v个/q毛/n啊/y！/wt
反正/d就/d算/v不/d成功/a，/wd你/rr又/d不/d会/v少/a一/m根/q头发/n。/wj
你/rr真/d豁达/a。/wj
就/d算/v掉/v头发/n，/wd也/d是/vshi你/rr掉/v啊/y，/wd我/rr当然/d很/d豁达/a。/wj
滚/vi。/wj
但是/c,/wd我/rr是/vshi你/rr主人/n啊/y!/wt
呵呵/e呵/e!/wt
哈/v哈哈哈/o!/wt
你/rr先/d做/v好/a你/rr的/ude1瑞典/nsf男/b宠/v再说/vi。/wj
晕/vi。/wj
明天/t记得/v起床/vi啊/y！/wt
9点/t半/m到/v啊/y。/wj
直接/ad去/vf21/m楼下/s吧/y。/wj
21/m楼/n再/d哪/ry？/ww
我/rr忘/v了/y。/wj
还是/c先/d来/vf找/v你/rr吧/y。/wj
那/rzv行/q吧/y。/wj
9点/t半/m到/v我/rr楼下/s短/a我/rr，/wdor/x电/n我/rr。/wj
一/m小时/n102/m啊/y，/wd记住/v了/y。/wj
我/rr这里/rzs的/ude1下载/v速度/n！/wt
额/n。/wj
反正/d是/vshi很/d快/a。/wj
太/b牛/n逼/v了/y！/wt
好/a吧/y。/wj
1m/x了/vi。/wj
我/rr一共/d给/p你/rr多少/ry钱/n啊/y？/ww
您/rr好/a，/wd我/rr现在/t有/vyou事/n不/d在/p，/wd一/d会/v再/d和/cc您/rr联系/v。/wj
两/m瓶/q香水/n加/v50/m咯/y。/wj
935/m？/ww
帐/ng号/n？/ww
给/p我/rr。/wj
935/m，/wd对/p吧/y？/ww
885/m，/wd你/rr后天/t给/p李柱/nr。/wj
快/a，/wd快/a。/wj
干/v嘛/y啊/y？/ww
。/wj
。/wj
。/wj
我/rr换/v内裤/n。/wj
你/rr打/v完/vi飞机/n了/y啊/y？/ww
卡/n号/n?/ww
帐/ng号/n?/ww
卡/n号/q是/vshi不/d是/vshi人/n口号/n？/ww
我/rr转/v帐/ng给/p你/rr./wj
账号/n?/ww
935/m。/wj
应该/v是/vshi。/wj
8703233232/m。/wj
935/m，/wd对/p不/d对/p啊/y？/ww
对/p的/ude1。/wj
别/d转/v没/v了/y。/wj
好/a了/y，/wd去/vf看看/v啊/y。/wj
您/rr好/a，/wd我/rr现在/t有/vyou事/n不/d在/p，/wd一/d会/v再/d和/cc您/rr联系/v。/wj
ok/x？/ww
您/rr好/a，/wd我/rr现在/t有/vyou事/n不/d在/p，/wd一/d会/v再/d和/cc您/rr联系/v。/wj
恩/ng。/wj
这么/rz快/a就/d收到/v了/ule啊/y！/wt
真/d神奇/a！/wt
没/v呢/y。/wj
我/rr去/vf看看/v。/wj
额/n。/wj
浪费/v我/rr屏幕/n。/wj
OK/x了/vi。/wj
：/wp您好/nl，/wd我/rr现在/t有/vyou事/n不/d在/p，/wd一/d会/v再/d和/cc您/rr联系/v。/wj
对/p了/y，/wd这/rzv两/m天/qt相机/n能/v借/v我/rr用/v下/f不/d？/ww
我/rr想/v去/vf拍/v雪/n。/wj
我/rr明天/t就/d要/v用/v。/wj
下午/t我/rr要/v去/vf他家/r。/wj
去/vf拍/v他家/r？/ww
我们/rr要/v在/p外面/f玩/v，/wd然后/c去/vf他家/r。/wj
晕/vi！/wt
我/rr拍/v他家/r干/v嘛/y//w以为/v你/rr想/v留/v作/v纪念/v么/y?/ww
不行/a不行/a你/rr越/d说/v越/d不/d对/p劲/n。/wj
我/rr感觉/v好/a怪/a啊/y！/wt
你/rr哪/ry天/qt不/d用/p相机/n啊/y？/ww
周四/t吧/y。/wj
那/c你/rr什么/ry时候/n还/d我/rr？/ww
周五/t晚上/t，/wd行/ng不/d？/ww
周六/t下午/t前/f。/wj
都/d可以/v。/wj
那/rzv就/dOK/x了/vi。/wj
行/ng，/wd那/rzv就/d白天/t你/rr给/p我/rr香水/n的/ude1时候/n，/wd我/rr把/pba相机/n给/p你/rr。/wj
在/p哪里/rys交易/v啊/y？/ww
什么/ry时候/n交易/n啊/y？/ww
kungshama/x地铁站/n好/a了/y。/wj
后/f天/qt早上/t给/p你/rr啊/y！/wt
我/rr不/d知道/v明天/t在/p不/d在/p他家/r过夜/vi。/wj
好/a啊/y，/wd好/a啊/y。/wj
后/f天/qt早上/t，/wd我/rr就/d不/d知道/v在/p不/d在家/vi。/wj
我/rr强烈/ad支持/v。/wj
哎呀/e！/wt
你/rr不要/d乱/d想/v啦/y。/wj
真/a的/ude1。/wj
额/n。/wj
你/rr越/d说/v我/rr越/d觉得/v乱/a。/wj
你/rr知道/v阿桑奇/nrf是/vshi怎么/ryv成/v被告/n的/ude1吗/y？/ww
本来/d就/d不/d是/vshi那么/rz回/v事/n，/wd被/pbei你/rr说/v得/ude3我/rr心里/s有/vyou阴影/n。/wj
额/n。/wj
真/a的/ude1假/a的/ude1？/ww
什么/ry东西/n啊/y？/ww
那/c我/rr不/d说/v了/y。/wj
感觉/n我/rr像/v是/vshi肉体/n换/v工作/vn。/wj
哈哈哈/o！/wt
阿桑奇/nrf就是/v因为/p晚上/t在/p瑞典/nsf人/n家里/s过夜/vi，/wd于是/cc就/p被告/n了/y。/wj
呵/e呵/e！/wt
呵/e呵/e！/wt
如果/c你/rr早上/t不/d在家/vi？/ww
中午/t也/d可以/v。/wj
不/d知道/v啊/y。/wj
那/rzv不/d是/vshi我/rr和/cc他/rr的/ude1艳照/nr就/d被/pbei你/rr看到/v了/ule啊/y？/ww
阿桑奇/nrf就是/v因为/p晚上/t在/p瑞典/nsf人/n家里/s过夜/vi于是/cc就/p被告/n，/wd是/vshi什么/ry啊/y？/ww
？/ww
？/ww
你/rr知道/v阿桑奇/nrf是/vshi谁/ry吧/y？/ww
不/d知道/v。/wj
那/rzv就/d算/v了/y。/wj
明天/t见/v哈/b。/wj
“/wyz维/vg基/ng解密/vi”/wyy网站/n创始人/n:/wp朱利安·阿桑奇/nrf./wj
恩/ng，/wd继续/v百度/nz./wj
现在/t逛/v街/n去/vf哪里/rys逛/v东西/n比较/d多/a啊/y？/ww
就/d是/vshi中心/n啊/y。/wj
中心/n那么/rz多/a地方/n，/wd具体/a点/qt。/wj
就/d是/vshi那/rzv一/m条/q街/n啊/y。/wj
哦/e。/wj
然后/c重/d考/v的话/udh，/wd哪里/rys注册/vi的/ude1？/ww
就/d发/v信息/n给/p老师/n吧/y。/wj
发/v邮件/n给/p老师/n申请/v？/ww
是/vshi呀/y你/rr的/ude1课程/n简介/n上/f已经/d写/v了/ule啊/y。/wj
发/v信/n给/v谁/ry？/ww
谁/ry？/ww
谁/ry？/ww
我/rr瞅/v瞅/v去/vf。/wj
你/rr明天/t早上/t急/v着/uzhe要/v香水/n不/d？/ww
您/rr发送/v了/ule一个/mq窗口/s抖动/v。/wj
是的/vl。/wj
很/d急/v！/wt
！/wt
！/wt
怎么/ryv了/y啊/y？/ww
明天/t早上/t要/v去/vf逛逛/v。/wj
什么/ry意思/n啊/y？/ww
和/cc同学/n一起/s逛/v街/n，/wd看/v手机/n。/wj
那/rzv什么/ry时候/n给/p我/rr啊/y?/ww
不/d急/a的/ude1话/n,/wd24/m号/q一起/s给/v你/rr带/v过/vf来/vf啊/y。/wj
急/a的/ude1话/n,/wd要么/c你/rr去/vf拿/v好/a了/y。/wj
他/rr明天/t貌似/v9./m40/m靠岸/vi。/wj
不行/a，/wd我/rr明天/t就/d要/v。/wj
在/p哪里/rys拿/v？/ww
就/p他/rr回来/v的/ude1时候/n，/wd让/v他/rr打电话/vi给/p你/rr，/wd然后/c你/rr在/plappis/x的/ude1地铁站/n等/udeng他/rr。/wj
好/a的/ude1。/wj
然后/c，/wd你/rr打算/v怎么/ryv和/p他/rr说/v？/ww
总/d不能/v说/v我/rr骗/v他/rr吧/y。/wj
我/rr就/d说/v帮/v你/rr拿/v吧/y。/wj
那/c他/rr什么/ry时候/n到/vuniversity/x地铁站/n？/ww
不/d知道/v的/ude1。/wj
让/v他/rr下船/vi的/ude1时候/n，/wd先/d打/v个/q电话/n给/p你/rr。/wj
你/rr给/p他/rr说/v啊/y？/ww
你/rr不/d能/v下午/t去/vf逛/v街/n啊/y//w恩/ng，/wd我/rr明早/t打电话/vi给/p他/rr./wj
早/tg上/f和/cc同学/n，/wd下午/t和/cc徐方/nr。/wj
好/a吧/y。/wj
你们/rr去/vfkiruna/x怎么/ryv住/vi的/ude1？/ww
