我/rr老板/n人/n很/d好/a。/wj
可是/c很/d严肃/a。/wj
看/v出来/vf了/y。/wj
呵/e呵/e！/wt
恩/ng，/wd我/rr老板/n倒是/d随和/a。/wj
你/rr老板/n太/d忙/v了/y。/wj
呵/e呵/e！/wt
年轻/a的/ude1时候/n还/d谈/v吉他/n组/nBAND/x。/wj
我/rr说/v他/rr是/vshi老/a文艺/n青年/n…/ws
…/ws
我/rr老板/n常/d打电话/vi，/wd不过/c人/n超/vnice/x,/wd总之/c我/rr想/v像/v不/d出/vf更/dnice/x的/ude1老板/n是/vshi什么/ry样子/n了/y。/wj
总之/c，/wd鱼/n和/cc熊掌/n补课/vi兼得/v。/wj
知足/a！/wt
呵呵/e，/wd就/d找/v过/uguo我/rr一/m次/qv，/wd还是/c被/pbei骂/v。/wj
呵/e呵/e！/wt
哈哈/o！/wt
一个/mqnice/x的/ude1老板/n真/a的/ude1很/d重要/a啊/y！/wt
是的/vl。/wj
影响/v很/d大/a的/ude1。/wj
我们/rr所/n里/f有/vyou一个/mq极品/n的/ude1。/wj
说/v我/rr没/d进入/v状态/n，/wd之后/f我/rr就/d怕/v他/rr了/y。/wj
非常/d的/ude1极品/n！/wt
我/rr也/d没/d进入/v呢/y！/wt
处于/v休闲/vn状态/n。/wj
呵/e呵/e！/wt
哈哈/o！/wt
我/rr当初/t有/vyou别的/rzv老板/n想/v要/v，/wd但是/c我/rr拼死拼活/dl非/b要/v跟/p现在/t的/ude1老板/n。/wj
我/rr导师/n说/v我/rr文风/n不好/a。/wj
你/rr比/p我/rr认真/ad多/v了/ule哦/o。/wj
因为/p老板/n好/a。/wj
老板/n好/a真的/a中影/n。/wj
重要/a！/wt
En/x，/wd支持/v！/wt
未/d央/vg老板/n是/vshi谁/ry啊/y？/ww
好奇/a。/wj
不/d是/vshi一个/mq院/n的/ude1会/v认识/v吗/y？/ww
我/rr老板/n不/d出名/a的/ude1。/wj
是/vshi个/q年轻/a老师/n。/wj
公/ng管/v在/p紫金/ns港/n吗/y？/ww
公/ng管/v总部/n在/p玉泉/nz。/wj
呵呵/e，/wd我/rr也/d公/ng管/v。/wj
哎/e！/wt
呵/e呵/e！/wt
本科生/n在/p紫金/ns港/n。/wj
哦/e那/c你/rr是/vshi什么/ry专业/n的/ude1？/ww
那/rzv就是/d在/p玉泉/nz了/y？/ww
行/ng管/v。/wj
不/d是/vshi，/wd我/rr大/a四/m的/ude1。/wj
现在/t在/p紫金/ns港/n。/wj
哦/e~/w前/f几/m天/qt还/d去/vf紫金/ns港/n拍片子/vi了/y。/wj
在/p草坪/n上/f拉/v了/ule一/m堆/q人/n，/wd很/d傻/a的/ude1喊/v口号/n。/wj
喊/v啥/ry了/y，/wd都/d？/ww
好奇/a。/wj
浙江/ns大学/n欢迎/v你/rr~/w！/wt
yeah/x~/w！/wt
哈哈/o！/wt
哈哈/o！/wt
好/a吧/y。/wj
很/d强/a。/wj
宣传/v片/q么/y？/ww
恩/ng，/wd宣传/v片/q。/wj
居然/d找/v大/a四/m的/ude1！/wt
！/wt
！/wt
！/wt
导师/n做/v的/ude1。/wj
哦/e。/wj
没/d找/v大/a四/m的/ude1。/wj
就/d是/vshi草坪/n上/f现/tg拉/v人/n。/wj
还是/c蛮/d好玩/a。/wj
恩/ng，/wd是/vshi的/ude1。/wj
剪/v片子/n就/d不好/a玩/v了/y。/wj
绞肉机/n，/wd哈哈/o！/wt
…/ws
…/ws
记忆力/n真/d好/a。/wj
是/vshi呀/y，/wd是/vshi呀/y。/wj
奖励/v小/a红/a花/n一/m朵/q~/w请/v来/vf西/f溪/ng领取/v。/wj
晕/vi！/wt
表示/v尚未/d去/vf过/uguo西/f溪/ng。/wj
多/m好/a的/ude1机会/n，/wd给/p你/rr一个/mq重新/d认识/v母校/n的/ude1机会/n。/wj
等/v姐/n有空/vi的/ude1时候/n。/wj
共享/v文件/n1/m个/q（/wkz科/n社/n的/ude1复习/vn./wj
doc/x，/wd下载/v|/w查看/v全部/m）/wky据/p说/v不/d让/v。/wj
只/d让/v带/v复印/v的/ude1书/n。/wj
那/rzv好/d办/v，/wd随便/ad整个/b封皮/n就/d是/vshi书/n了/y。/wj
山东/ns人/n真/d团结/v啊/y！/wt
大家/rr都/d很/d聪明/a哈/b。/wj
恩/ng。/wj
是的/vl。/wj
山东/ns人/n嘛/y！/wt
总/d有/vyou办法/n的/ude1。/wj
你们/rr有/vyou平时/t作业/n么/y？/ww
我们/rr交/v过/uguo读书/vn报告/n。/wj
我们/rr啥/ry都/d没有/v。/wj
我/rr上/f廖/nr1老师/n的/ude1课/n，/wd平时/t成绩/n就/d是/vshi课/n上/f踊跃/ad发言/vi。/wj
我/rr上/f宇正香/nr的/ude1。/wj
就/d有/vyou一个/mq课堂/n讨论/vn。/wj
发言/vi的/ude1被/pbei记/v了/ule名字/n。/wj
其他/rzv人/n都/d是/vshi打/v酱油/n的/ude1。/wj
我/rr想/v去/vf买/v书/n了/y。/wj
我/rr借/v了/ule书/n。/wj
西/b溪/n校/ng区/n里/f的/ude1那个/rz书店/n。/wj
有/vyou卖/v的/ude1美/b？/ww
没/v。/wj
我/rr没/d借/v到/v。/wj
悲/vg一个/mq。/wj
如果/c不/d让/v带/v打印/v稿/ng，/wd我/rr就/d彻底/a悲/ag了/y。/wj
跟/p同桌/v说/v好/a了/y，/wd明天/t的/ude1时候/n一/m块/q找/v答案/n。/wj
水/n水/n同学/n，/wd咋/ryv没/d想/v着/uzhe去/vf图书馆/n借/v本/n？/ww
西/b溪/ng据说/v有/vyou。/wj
我们/rr老师/n说/v西/f溪/ng的/ude1浙/b大/a出版社/n有/vyou卖/v。/wj
随便/ad啥/ry，/wd只要/c是/vshi政治/n就/d不/d会/v差/a太/d多/a的/ude1。/wj
贵妃/n!/wt
请/v冒/v个/q泡/n。/wj
找/v你/rr有/vyou事/n。/wj
嗨/e！/wt
瑜/nr1伽/ng还/d报/v吗/y?/ww
啊啊/e~/w~/w报/n什么/ry时候/n的/ude1班/n啊/y？/ww
周六/t下午/t。/wj
必须/d的/ude1。/wj
啥/ry时候/n去/vf听课/vi啊/y？/ww
1点/t十分/d一/m场/qv，/wd2点/t半/m一/m场/qv。/wj
我/rr也/d去/vf，/wd我/rr也/d去/vf。/wj
带/v我/rr不/d？/ww
你/rr选择/v那场/r？/ww
哪/ry场/qv？/ww
青/a就/d归/v我/rr了/y。/wj
不/d是/vshi说/v三点/t多/d也/d有/vyou吗/y？/ww
?/ww
?/ww
?/ww
?/ww
?/ww
?/ww
?/ww
三点/t多/a的/ude1没/d开/v。/wj
你们/rr要/v不/d要/v午觉/n啊/y？/ww
不/d知道/v。/wj
你/rr想/v选/v哪个/ry啊/y？/ww
下午/t的/ude1是/vshi挺/d麻烦/a的/ude1。/wj
哈哈/o?/ww
?/ww
我/rr觉得/v2点/t半/m还/d不错/a。/wj
青/a不/d是/vshi说/v不/d去/vf的/ude1吗/y？/ww
地点/n在/p哪里/rys的/ude1啊/y?/ww
是的/vl。/wj
同感/n。/wj
要/v去/vf的/ude1。/wj
我/rr说/v了/ule不/d去/vf吗/y？/ww
西区/ns医学院/n。/wj
之前/f说/v过/uguo说/v你/rr自己/rr老/a了/y。/wj
?/ww
?/ww
?/ww
?/ww
?/ww
那/rzv不/d是/vshi我/rr说/v的/ude1。/wj
你/rr忽略/v哈/b。/wj
你们/rr考虑/v一/m下/f几/m点/qt去/vf。/wj
我/rr要/v去/vf的/ude1。/wj
明天/t下午/t的/ude1课/n，/wd怎么办/ryv啊/y？/ww
是/vshi不/d是/vshi都/d忘/v了/y？/ww
你们/rr定/v吧/y。/wj
我/rr做/v跟班/vd就/d好/a了/y。/wj
小/a媚/ag的/ude1手机/n已经/d关机/vi了/y，/wd我/rr联系/v不/d上/vf。/wj
还/d有/vyou谁/ry要/v去/vf的/ude1当初/t？/ww
我/rr给/p忘/v了/y，/wd也/d不知/v怎么/ryv通知/v。/wj
我们/rr这边/rzs已经/d很/d多/a人/n明天/t有/vyou事/n，/wd不/d去/vf上课/vi了/y。/wj
咱们/rr大家/rr都/d不/d去/vf了/ule啊/y！/wt
什么/ry呀/y？/ww
明天/t下午/t科学/n社会主义/n。/wj
明天/t是/vshi周六/t，/wd瑜/nr1伽/ng的/ude1课/n挪/v到/p晚上/t了/y，/wd但是/c晚上/t咱们/rr还是/d有/vyou课/n。/wj
额/n，/wd我/rr还/d在/p家/n呢/y?/ww
?/ww
?/ww
?/ww
?/ww
你/rr?/ww
?/ww
?/ww
?/ww
?/ww
?/ww
?/ww
?/ww
?/ww
?/ww
?/ww
?/ww
?/ww
明天/t赶回/v去/vf?/ww
?/ww
?/ww
我/rr已经/d在/p学校/n了/y。/wj
哈哈/o！/wt
我/rr慢慢来/vl，/wd不/d着急/a。/wj
我/rr刚才/t跟/p瑜/nr1伽班/nrf的/ude1人/n说/v，/wd明天/t咱们/rr缺/v的/ude1这/rzv次/qv，/wd可以/v下次/t周二/t或/c周四/t补/v上/vf。/wj
那/c咱们/rr还是/d逃/v科/n社/n吧/y。/wj
你/rr比/p我/rr回/v的/ude1早/a，/wd居然/d现在/t都/d还/d没/d回来/v啊/y！/wt
啊啊/e啊啊/e啊/e？/ww
羡慕/v吧/y？/ww
你/rr也/d可以/v像/p我/rr这样/rzv懒/a。/wj
我/rr就/d是/vshi这么/rz懒/a，/wd每天/r睡觉/vi。/wj
哈哈/o！/wt
小/a啊/y贵妃/n啊/y，/wd我/rr明天/t回去/v了/y。/wj
我们/rr再/d细/ad谈/v啊/y。/wj
我/rr也/d睡觉/vi。/wj
好/a嘞/y。/wj
决定/v了/ule没/d？/ww
具体/a哪个/ry时间/n啊/y？/ww
我/rr是/vshi问/v你们/rr意见/n啊/y。/wj
那/rzv投票/vi好/a了/y。/wj
我/rr要/v2点/t半/m。/wj
大家/rr可以/v统/vd一一/d下/vf啊/y。/wj
那/rzv以后/f咱们/rr晚上/t去/vf练/v，/wd好/a不好/a。/wj
这次/r特例/n。/wj
我/rr也/d两/m点/qt半/m。/wj
