谢谢/v了/y，/wd哈哈/o！/wt
江鹏/nr，/wd对不起/v啊/y我/rr才/d看到/v你/rr的/ude1信息/n。/wj
这/rzv几/m天/qt天/n天/qt在/p聚会/vi，/wd完全/ad没/v时间/n去/vf逛/v街/n买/v东西/n。/wj
我/rr明天/t就/d去/vf成都/ns了/y，/wdsorry/x啊/y。/wj
？/ww
？/ww
？/ww
？/ww
？/ww
上/vf了/ule啊/y？/ww
在/p了/y。/wj
没/v时间/n买/v了/ule吗/y？/ww
明天/t我/rr就/d去/vf成都/ns了/y。/wj
一/m天/qt都/d在/p老人家/n的/ude1家里/s，/wd看望/v他们/rr。/wj
后/f天/qt早上/t就/p飞机/n了/y。/wj
sorry/x啊/y。/wj
你们/rr家/n附近/f有/vyou没/d有/vyou什么/ry数码/n店/n之类/rz？/ww
我/rr刚/d看到/v你/rr给/p我/rr的/ude1留言/vn。/wj
没有/v啊/y。/wj
买/v电脑/n用品/n的/ude1店/n都/d没有/v？/ww
家/n附近/f没有/v。/wj
明天/t一早/t我/rr就/p火车/n走/v了/ule诶/e。/wj
在/p成都/ns一直/d都/d在/p爷爷/n家/q，/wd不/d可能/v再/d出来/vf了/y。/wj
sorry/x啊/y。/wj
那/rzv也/d没/v办法/n了/y。/wj
我/rr一直/d都/d在/p外边/f玩/v。/wj
太/d多/ad聚会/vi了/y。/wj
我/rr回来/v正好/z是/vshi春节/t，/wd他们/rr又/d放假/vi。/wj
完全/ad都/d没/v时间/n逛/v街/n。/wj
我/rr天天/d都/d喝/vg得/ude3烂/a醉/v。/wj
真/d腐败/a哈/b。/wj
我/rr只/d有/vyou明天/t再/d成都/ns，/wd看看/v能/v不能/v出/vf门/n。/wj
鼠标/n、/wn摄像头/n、/wn膜/n？/ww
恩/ng，/wd实在/d没/v时间/n的/ude1话/n，/wd也/d就/d算/v了/ule对/p的/ude1。/wj
不过/c我/rr觉得/v，/wd我/rr肯定/d会/v被/pbei我/rr妈/n骂/v。/wj
说/v就/p这么/rz一/m天/qt去/vf看/v爷爷/n，/wd我/rr还/d到处/d走/v。/wj
反正/d这里/rzs也/d能/v买/v的/ude1到/v。/wj
就/d是/vshi贵/a点/qt而已/y。/wj
像/p鼠标/n，/wd你/rr买/v那种/r啊/y？/ww
罗/nr1技/ng啥/ry的/ude1？/ww
相机/n膜/n十/m倍/q的/ude1价格/n。/wj
随便/a的/ude1，/wd国内/s随便/ad带/v个/q就/d行/vi了/y。/wj
就/d是/vshi小/a的/ude1那/rzv种/q。/wj
不/d要/v大/a的/ude1。/wj
那/rzv种/q联想/nz盗版/vn的/ude1？/ww
盗版/vn的/ude1？/ww
反正/d就/d是/vshi几十/m块/q的/ude1那种/r啊/y！/wt
就/d是/vshi盗版/vn的/ude1啊/y。/wj
买/v个/q鼠标/n几百/m块/q，/wd我/rr还/d不如/v这里/rzs买/v呢/y。/wj
盗版/vn就/d盗版/vi吧/y。/wj
恩/ng，/wd恩/ng。/wj
摄像头/n也/d是/vshi，/wd六七十/m的/ude1那种/r就/d可以/v了/y。/wj
好/a。/wj
我/rr明天/t尽量/d啊/y。/wj
恩/ng，/wd谢谢/v啦/y！/wt
我/rr之前/f在/p重/a感冒/vn，/wd都/d没/v出/vf门/n。/wj
后来/t就/d过年/vi了/y。/wj
也/d不用/d勉强/v，/wd没/v时间/n就/d算/v了/y。/wj
刚/d过/uguo完/vi，/wd我/rr就要/d走/v了/y。/wj
毕竟/d还/d是/vshi和/cc爷爷/n相聚/v重要/a。/wj
之前/f我/rr倒/d买/v了/ule好多/m东西/n，/wd不过/c当时/t你/rr完全/ad没/v提醒/v我/rr你/rr要/v买/v东西/n，/wd就/d完全/ad忘/v了/y。/wj
现在/t我/rr临走/vi，/wd全部/m是/vshi聚会/vi，/wd等/v着/uzhe喝酒/vi。/wj
我/rr都/d要/v疯/vi了/y。/wj
能/v活/v着/uzhe回来/v就/d好/a。/wj
晕/vi！/wt
我/rr下/vf火车/n就/d去/vf买/v吧/y,/wd然后/c再/d回家/vi。/wj
不然/c肯定/v出/vf不/d来/vf。/wj
应该/v还有/v很多/m行李/n吧/y？/ww
就/p一个/mq箱子/n。/wj
我/rr让/v我/rr妈/n先/d回家/vi。/wj
只有/c这样/rzv了/y。/wj
OK/x，/wd多谢/v，/wd多谢/v。/wj
你/rr对/p我/rr这么/rz好/a！/wt
我/rr怎么/ryv能/v辜负/v你/rr？/ww
你/rr都/d能/v回家/vi过年/vi。/wj
该/rz哭/v的/ude1应该/v是/vshi我/rr啊/y！/wt
过年/vi的/ude1时候/n还/d真/d想/v家/n啊/y！/wt
是/vshi啊/y。/wj
我/rr去年/t就/d经历/v了/y。/wj
真/a的/ude1回国/vi了/y，/wd就/d在/p也/d不/d想/v去/vf瑞/ag了/y。/wj
。/wj
。/wj
。/wj
又/d贵/a，/wd亲人/n朋友/n都/d没有/v，/wd吃/v的/ude1都/d没有/v。/wj
好不容易/dl才/d勾搭/v上/vf小/a帅哥/nr的/ude1。/wj
怎么/ryv可以/v放弃/v呢/y？/ww
人生/n就是/d要/v吃/v啊/y。/wj
那边/rzs什么/ry都/d没/v。/wj
我/rr说/v你/rr神经病/n！/wt
说/v跟/p你/rr说/v是/vshi个/q小/a帅哥/nr。/wj
是/vshi个/q老人家/n。/wj
呵/e呵/e！/wt
怎么/ryv变成/v老人家/n了/y？/ww
哎呀/e，/wd就是/v朋友/n。/wj
懒得/v跟/p你/rr说/v了/y。/wj
被/pbei你/rr说/v的/ude1像/n什么/ry一样/uyy。/wj
还/d害羞/a呢/y？/ww
不/d说/v你/rr了/y。/wj
额/n。/wj
我/rr害羞/a。/wj
能/v在/p国外/s工作/vi两/m年/qt还/d是/vshi不错/a的/ude1。/wj
老子/nr都/d不/d想/v回/v瑞典/nsf啊/y！/wt
毕竟/d也/d是/vshi一/m段/q经历/n啊/y！/wt
想/v回国/vi还/d不/d容易/a！/wt
难/a的/ude1是/vshi出来/vf啊/y!/wt
我/rr就/d是/vshi觉得/v在/p瑞典/nsf挣钱/vi,/wd还有/v,/wd那个/rz工作/vn经历/n很/d重要/a./wj
妈/n的/ude1,/wd也/d不/d知道/v我/rr的/ude1朋友/n能/v不/d能/v帮/v我/rr找/v工作/vn./wj
现在/t回去/v了/y，/wd以后/f可能/v很/d难/a再/d拿/v到/v申根/nr签/v了/y./wj
是/vshi呀/y。/wj
再/d也/d不/d能/v去/vf体验/v欧洲/ns生活/vn了/y呢/y。/wj
我/rr现在/t觉得/v:/wp什么/ry都/d不/d不/d能/v靠/p别人/rr。/wj
只能/v靠/p自己/rr。/wj
最近/t我们/rr班/n里/f来/vf了/ule个/q新加坡/nsf的/ude1交换/vn生/v。/wj
只有/c自己/rr才/d会/v把/pba自己/rr的/ude1事/n放/v在/p你/rr心上/s。/wj
and/x？/ww
几乎/d从来不/d上课/vi。/wj
除了/p试验/vn，/wd作业/vi以外/f。/wj
出去/vf旅游/vi了/y吧/y？/ww
全/d都/d在/p外面/f玩/v啊/y。/wj
很/d明显/a。/wj
他们/rr来/vf一/m趟/qv也/d不/d容易/a。/wj
交换/v肯定/v都/d这样/rzv。/wj
如果/c他/rr那边/rzs搞/v不/d定/v呢/y？/ww
你/rr打算/v怎么办/ryv？/ww
我/rr本来/d就/d没/d想/v靠/p别人/rr，/wd只/d是/vshi他/rr说/v能/v帮/v我/rr。/wj
我/rr就/d听/v着/uzhe。/wj
什么/ry都/d靠/v自己/rr吧/y！/wt
先/d到处/d投/v简历/n。/wj
我/rr毕/vg设/v就/d拖/v着/uzhe，/wd至少/d可以/v续/v半/m年/qt。/wj
只要/c是/vshi：/wp国内/s关系/n多/a，/wd回国/vi挣钱/vi不/d比/p那边/rzs上/f。/wj
少/a。/wj
一个/mq月/n1万/m多/m，/wd到/v时/ng自己/rr租/v房子/n，/wd在/p外边/f吃饭/vi，/wd什么/ry都/d没有/v了/y。/wj
我/rr真的/d回国/vi，/wd就/d觉得/v在/p外国/n生活/vn简直/d是/vshi什么/ry啊/y！/wt
正式/ad工作/vi应该/v有/vyou2w/x以上/f吧/y？/ww
连/ulian吃/v的/ude1都/d没有/v！/wt
。/wj
。/wj
。/wj
。/wj
你/rr就/d想/v着/uzhe吃/v。/wj
还/d吃/v不/d胖/a。/wj
浪费/v国家/n粮食/n！/wt
才/c毕业/v的/ude1就/d1万7/m、/wn8/m。/wj
税/n后/f。/wj
就/d算/v工作/vn几/m年/qt也/d就/d2万5/m，/wd你/rr觉得/v多么/d？/ww
在/p国内/s搞/v路桥/ns，/wd你/rr想/v想/v。/wj
比/p起/vf国内/s还/d是/vshi要/v多/m点/qt的/ude1。/wj
国内/s的/ude1，/wd除非/c自己/rr干/v。/wj
给/p人/n打工/vn钱/n很/d少/a。/wj
国内/s5/m年/qt后/f才/d2万5/m！/wt
哥哥/n。/wj
每月/r两万五/m。/wj
一/m年/qt30w/x呐/y。/wj
在/p国内/s，/wd只有/c经理/n之类/rz的/ude1能/v有/vyou这个/rz数/n。/wj
但是/c你/rr想想/v，/wd抛/v去/vf房租/n、/wn吃饭/vi，/wd一/m年/qt就/d剩/v15万/m，/wd我/rr觉得/v。/wj
而且/c还/d什么/ry都/d吃/v不/d到/v。/wj
起码/d要/v负责/v真/a个/q项目/n。/wj
也/d是/vshi的/ude1。/wj
国外/s生活/vn，/wd的确/d有/vyou点/qt郁闷/a。/wj
可是/c好/a山/n好/a水/n好/a空气/n啊/y！/wt
算/v了/y，/wd我/rr不/d喜欢/vi了/y。/wj
生活/vn不/d用/v勾心斗角/vl。/wj
可以/v工作/vn两/m年/qt，/wd有/vyou个/q经验/n。/wj
在/p国内/s,/wd职/ng场/ng上面/f太/d黑/a了/y。/wj
我/rr觉得/v国内/s太/d好/a挣钱/vi了/y。/wj
还/d要/v喝/vg那么/rz多/a酒/n。/wj
多/m伤/n胃/n啊/y！/wt
在/p大学/n可以/v挣/vi，/wd结果/n这/rzv两/m年/qt，/wd完全/ad不/d知道/v怎么/ryv挣钱/vi。/wj
