不/d是/vshi，/wd晚上/t的/ude1班/n人/n已经/d满/a了/y。/wj
哦/e,/wd那/c我/rr就/d两/m点/qt半/m了/y。/wj
那/rzv明天/t你们/rr交/v钱/n不/d?/ww
？/ww
熊/n静/a明天/t下午/t要/v练习/vspss/x,/wd说/v不/d去/vf了/y。/wj
再/d强调/v一下/mq，/wd明天/t瑜/nr1伽/ng班/n咱们/rr都/d不/d去/vf啦/y。/wj
明天/t下午/t上/f第一/m次/qv课/n？/ww
恩/ng,/wd恩/ng。/wj
明天/t的/ude1那/rzv一/m次/qv咱们/rr只能/v调/v到/v下/vf周/nr1的/ude1周二/t或/c周四/t啦/y。/wj
什么/ry时候/n交费/vi啊/y？/ww
我/rr中午/t回/v。/wj
刚才/t瑜/nr1伽/ng班/n的/ude1貌似/v催/v我/rr来/vf着/uzhe。/wj
我/rr也/d不/d知道/v。/wj
谁/ry有/vyou朱/nr1的/ude1号码/n？/ww
给/p我/rr一下/mq。/wj
紧急/a！/wt
wo/x。/wj
好/a的/ude1。/wj
告诉/v我/rr呗/y。/wj
我/rr现在/t跟/p她/rr住/vi在/p一起/s，/wd今天/t移动/vn手机/n忘记/v带/v回来/v了/y。/wj
15092038780/m。/wj
好/a的/ude1。/wj
不/d知道/v变/v了/ule没/d？/ww
通/v了/y。/wj
呵呵/o。/wj
她/rr没/d接/v。/wj
哦/e，/wd再/d打/v。/wj
哎/e！/wt
我/rr这/rzv丢/v三/m落/v四/m的/ude1习惯/n怎么/ryv就/d改/v了/y。/wj
哈哈/o！/wt
你/rr不/d住/vi你/rr姨/n家/n了/y啊/y？/ww
顾/v不/d上/vf。/wj
这么/rz好/a啊/y！/wt
你们/rr询/vg盘/ng是/vshi不/d是/vshi特别/d多/a啊/y？/ww
你/rr都/d负责/v什么/ry呀/y？/ww
不过/c网上/s说/v，/wd用/p那/rzv个/q好/a，/wd开发/v客户/n什么/ry的/ude1，/wd我/rr也/d不/d太/d清楚/a。/wj
跟/p老/a客户/n、/wn开发/v新/a客户/n。/wj
挺/d多/a的/ude1。/wj
医疗/n器械/n行业/n就/d这样/rzv吧/y。/wj
但是/c回复/v了/y，/wd也/d有/vyou很多/m没/v下/vf文/ng的/ude1一百/m个/q里面/f能/v逮/v住/vi一个/mq也/d好/a啊/y。/wj
目前/t我/rr还/d没/d逮/v住/vi。/wj
哈哈/o。/wj
哈哈/o。/wj
惟一/b开发/vn几/m个/q还是/d展/vg会/v的/ude1。/wj
展/vg会/v还/d是/vshi不错/a的/ude1。/wj
我/rr得/v想/v办法/n快/a点/qt接/v个/q单/ng。/wj
可/c不/d可以/v给/p我/rr看/v看/v你/rr阿里巴巴/nz的/ude1网站/n？/ww
我们/rr公司/n的/ude1？/ww
是的/vl。/wj
可以/v，/wd有/vyou机会/n的/ude1话/n。/wj
主要/d是/vshi福建/ns、/wn浙江/ns、/wn广东/ns那边/rzs做/v外贸/n网/n店/n的/ude1用/vn。/wj
等/v到/v新/a公司/n，/wd看看/v吧/y。/wj
北方/s做/v外贸/n网/n店/n的/ude1不/d多/a。/wj
就/d是/vshi。/wj
北方/s，/wd还/d是/vshi落后/a啊/y。/wj
木/ng有/vyou办法/n。/wj
北方/s的/ude1还/d是/vshi喜欢/viTT/x。/wj
大姐/n在/p哪里/rys？/ww
在/p寿光/ns。/wj
你们/rr公司/n是/vshi轮胎/n吗/y？/ww
嗯/e。/wj
我/rr同事/n说/v，/wd不错/a行业/n啊/y。/wj
准备/v下班/vi，/wd走/v人/n。/wj
明儿/t见/v。/wj
（/wkz回复/v）/wky张/nr1宝宝/n(/wkz565480052/m)/wky17:51:2/m吃饭/vi是/vshi你/rr。/wj
姐妹/n们/k，/wd回去/v请/v阅读/v吴宗杰/nr老师/n的/ude1五/m篇/qPDF/x文档/n和/cc09/m级/q的/ude1讨论/vn文稿/n（/wkz我会/r传到/v共享/v）/wky，/wd我们/rr初步/d定/v在/p10./m6/m号/q晚上/t在/pQQ/x上/f就/d第一/m节/q课/n的/ude1内容/n进行/vx讨论/vn。/wj
重点/n阅读/vpdf/x中/f的/ude1中/b西/b话语/n权势/n关系/n的/ude1语言/n哲学/n探/v源/ng。/wj
届时/d每个/r人/n就/d吴宗杰/nr老师/n的/ude1课程/n的/ude1感触/n和/cc思考/v进行/vx发言/vn，/wd其他/rzv同学/n适当/ad评论/v等/udeng。/wj
发言/vi完毕/vi后/f就/d我们/rr阅读/v的/ude1材料/n中/f的/ude1内容/n提出/v自己/rr的/ude1疑问/n和/cc见解/n。/wj
我们/rr的/ude1重心/n在于/v发现/v问题/n并/cc提出/v解决/v方法/n。/wj
大家/rr也/d可以/v提前/vd将/p自己/rr的/ude1感触/n发/v上来/vf，/wd这样/rzv大家/rr可以/v提前/vd进行/vx思考/vn。/wj
谢谢/v大家/rr了/y！/wt
鞠躬/vi。/wj
有/vyou啥/ry其他/rzv问题/n咱们/rr再/d讨论/v。/wj
好/a的/ude1。/wj
辛苦/v了/ule哈/b。/wj
0k/x！/wt
恩/ng，/wd好/a的/ude1。/wj
三/m克/q油/n！/wt
这/rzv门/q课/n太/d难/a了/y，/wd大家/rr尽力/d吧/y！/wt
嘿嘿/o大家/rr节日/n玩/v的/ude1开心/a哦/o。/wj
看/v这/rzv名字/n就/d觉得/v很/d复杂/a。/wj
就/d是/vshi的/ude1。/wj
不过/c那/rzv篇/q我/rr说/v重点/n看/v的/ude1ｐｄｆ/x是/vshi真/a的/ude1写/v得/ude3好/a。/wj
很/d有意思/al。/wj
小白/nr，/wd你/rr别/d那么/rz肉麻/a。/wj
私/ag聊/v私/ag聊/v我们/rr这些/rz电灯泡/n都/d在/p发光/vi哪/y！/wt
姐妹/n们/k在/p线/n了/y么/y？/ww
在/p的/ude1大家/rr举/v个/q手/n吧/y。/wj
还/d在/p看/v第一/m篇/q。/wj
好像/v人/n不/d多哈/nsf。/wj
恩/ng，/wd我/rr短/a线/n下/f问问/v看/v。/wj
刚/d看/v完/vi，/wd没/d感受/v。/wj
感受/v很多/m。/wj
无法/v用/p语言/n表达/v。/wj
要么/c改/v明天/t？/ww
嘿嘿/o。/wj
《/wkz西/b话语/n权势/n关系/n的/ude1语言/n哲学/n探/v源/ng—/wp话语/n学/v的/ude1文化/n研究/vn视角/n》/wky感受/v很多/m，/wd无法/v用/p语言/n表达/v。/wj
静静/nr2。/wj
这/rzv话/n好/a，/wd写/v上/f讨论/v稿/ng去/vf。/wj
静静/nr2高度/d归纳/v了/ule吴/nr1老师/n的/ude1精髓/n啊/y。/wj
这/rzv是/vshi记录/v真实/a的/ude1行为/n。/wj
道/v可/v道/qv非常/d道/v。/wj
很/d批判/v。/wj
言/vg不/d可/v说/v。/wj
就/d是/vshi啊/y!/wt
我/rr说/v真/a的/ude1，/wd把/pba这/rzv句/q话/n写/v上/f去/vf。/wj
同感/n。/wj
感觉/n混乱/a了/y。/wj
没/v法/n说/v。/wj
好/a了/y，/wd那/c我们/rr开始/v讨论/v吧/y。/wj
我/rr再/d去/vf叫/vi叫/vi他们/rr。/wj
啊/y！/wt
我/rr先/d把/pba我/rr的/ude1感触/n发/v上来/vf。/wj
欢迎/v大家/rr对/p我/rr的/ude1bullshit/x进行/vx发言/vn。/wj
言/vg不/d可言/u。/wj
首先/c我/rr来/vf谈谈/v上/f吴/nr1老师/n课/n的/ude1感触/n。/wj
收获/n有/vyou如下/vi几/m点/qt。/wj
第一/m，/wd我/rr开始/v重新/d思考/v语言/n的/ude1作用/n。/wj
在/p批判/vn话语/n分析/v这/rzv门/q课/n中/f，/wd我们/rr曾经/d学/v到/v了/ule福柯/nrf的/ude1观点/n，/wd即/v话语/n（/wkzdiscourse/x）/wky构成/v了/ule社会/n。/wj
那/rzv座/q山/n之所以/c在/p那里/rzs，/wd是/vshi因为/p有/vyou“/wyz山/n”/wyy这个/rz词/n来/vf描述/v它/rr。/wj
这个/rz抽象/a的/ude1观点/n是否/v正确/ad暂且/d不论/c。/wj
可以/v肯定/v的/ude1是/vshi，/wd语言/n对/p社会/n发展/v起/vf着/uzhe至关重要/bl的/ude1指引/vn和/cc表述/vn作用/n。/wj
在/p吴/nr1老师/n的/ude1论文/n《/wkz中/b西/b话语/n权势/n关系/n的/ude1语言/n哲学/n探/v源/ng—/wp话语/n学/v的/ude1文化/n研究/vn视角/n》/wky一/m文/ng中/f，/wd读/v到/v很多/m严重/a的/ude1社会/n问题/n是/vshi由/p语言/n导致/v的/ude1。/wj
这/rzv不/d禁/v让/v我/rr想到/v语言/n对/p思维/n的/ude1绑架/vn和/cc对/p认知/v的/ude1误导/vn。/wj
一/m，/wd由于/c大量/m西方/s词汇/n的/ude1流入/vn和/cc中国/ns受众/n盲目/a的/ude1崇洋媚外/vl，/wd使得/vi一些/mq本身/rz不/d存在/v或/c存在/v但/c不/d明显/a的/ude1社会/n问题/n一触即发/vl。/wj
我/rr能/v想到/v的/ude1有/vyou同性恋/vn，/wd暴力/n，/wd性/ng，/wd等/udeng。/wj
当代/t社会/n的/ude1性/ng泛滥/vi和/cc严重/a的/ude1社会/n暴力/n很/d大/a程度/n是/vshi受到/v了/ule西方/s词汇/n的/ude1煽动/vn；/wf二/m，/wd就是/v词汇/n内涵/n的/ude1扭曲/vn或/c认知/v匮乏/vi导致/v了/ule一个/mq模拟/vn的/ude1无/v实质/n内涵/n的/ude1西方/s社会/n。/wj
正/d如/v吴/nr1老师/n在/p文/ng中/f写道/v的/ude1：/wp“/wyz于是/cc借助于/v根本/d无法/v忠实/ad反映/v事物/n的/ude1语言/n，/wd我们/rr想象/v了/ule一个/mq西方/s世界/n，/wd并/cc通过/p这样/rzv一/m种/q语言/n实践/v吧/y幻想/n转化/v为/p真实/a的/ude1社会/n现实/n，/wd而且/c相信/v这/rzv就是/v我们/rr从/p西方/s学/v来/vf的/ude1”/wyy。/wj
试问/v，/wd中国/ns人/n现在/t崇尚/v的/ude1圣诞节/t，/wd万/m圣/ag节/n，/wd感恩节/t，/wd有/vyou谁/ry知道/v他们/rr的/ude1真正/b内涵/n？/ww
圣诞节/t俨然/v已经/d成为/v了/ule购物/vn和/cc浪漫/a的/ude1代名词/n，/wd又/d有/vyou多少/ry人/n知道/v它/rr在/p西方/s的/ude1宗教/n内涵/n？/ww
