哦/e，/wd你/rr厉害/a。/wj
但是/c没有/v啊/y！/wt
您/rr好/a，/wd我/rr现在/t有/vyou事/n不/d在/p，/wd一/d会/v再/d和/cc您/rr联系/v。/wj
。/wj
。/wj
。/wj
。/wj
路/n赛/v04:05:4/m。/wj
search/x不/d到/v。/wj
您/rr好/a，/wd我/rr现在/t有/vyou事/n不/d在/p，/wd一/d会/v再/d和/cc您/rr联系/v。/wj
这个/rz。/wj
。/wj
。/wj
怎么办/ryv？/ww
选课/vi结束/v了/y？/ww
什么/ry啊/y？/ww
您/rr好/a，/wd我/rr现在/t有/vyou事/n不/d在/p，/wd一/d会/v再/d和/cc您/rr联系/v。/wj
那/rzv邹凯/nr怎么/ryv选/v得/ude3啊/y？/ww
您/rr好/a，/wd我/rr现在/t有/vyou事/n不/d在/p，/wd一/d会/v再/d和/cc您/rr联系/v。/wj
你/rr去/vf问/v我/rr呢/y啊/y？/ww
您/rr好/a，/wd我/rr现在/t有/vyou事/n不/d在/p，/wd一/d会/v再/d和/cc您/rr联系/v。/wj
你/rr去/vf问问/v呢/y？/ww
您/rr好/a，/wd我/rr现在/t有/vyou事/n不/d在/p，/wd一/d会/v再/d和/cc您/rr联系/v。/wj
恩/ng。/wj
等/v会/v，/wd他/rr现在/t出去/vf了/y。/wj
您/rr好/a，/wd我/rr现在/t有/vyou事/n不/d在/p，/wd一/d会/v再/d和/cc您/rr联系/v。/wj
在/p不/d在/v？/ww
您/rr好/a，/wd我/rr现在/t有/vyou事/n不/d在/p，/wd一/d会/v再/d和/cc您/rr联系/v。/wj
在/v。/wj
我们/rr要/v不/d要/v定/v场/qv啊/y？/ww
您/rr好/a，/wd我/rr现在/t有/vyou事/n不/d在/p，/wd一/d会/v再/d和/cc您/rr联系/v。/wj
直接/ad去/vf就/d可以/v了/y。/wj
李铸/nr搞/v定/v。/wj
他/rr有/vyou卡/n。/wj
你/rr叫/vi了/ule很多/m人/n去/vf？/ww
您/rr好/a，/wd我/rr现在/t有/vyou事/n不/d在/p，/wd一/d会/v再/d和/cc您/rr联系/v。/wj
没有/v啊/y，/wd目前/t就/p我/rr、/wn李铸/nr和/cc你/rr。/wj
他/rr有/vyou没/d有/vyou叫/vi人/n，/wd我/rr就/d不/d知道/v了/y。/wj
3/m个/q人/n怎么/ryv去/vf？/ww
您/rr好/a，/wd我/rr现在/t有/vyou事/n不/d在/p，/wd一/d会/v再/d和/cc您/rr联系/v。/wj
应该/v还有/v其他/rzv人/n的/ude1。/wj
你/rr又/d叫/vi一/m堆/q人/n去/vf干/v嘛/y啊/y？/ww
您/rr好/a，/wd我/rr现在/t有/vyou事/n不/d在/p，/wd一/d会/v再/d和/cc您/rr联系/v。/wj
自己/rr又/d玩/v不/d了/y了/y！/wt
您/rr好/a，/wd我/rr现在/t有/vyou事/n不/d在/p，/wd一/d会/v再/d和/cc您/rr联系/v。/wj
那/c我们/rr是/vshi周五/t下午/t去/vf吧/y。/wj
您/rr好/a，/wd我/rr现在/t有/vyou事/n不/d在/p，/wd一/d会/v再/d和/cc您/rr联系/v。/wj
1点/t到/p3点/t。/wj
您/rr好/a，/wd我/rr现在/t有/vyou事/n不/d在/p，/wd一/d会/v再/d和/cc您/rr联系/v。/wj
早上/t啊/y，/wd下午/t贵/a。/wj
我/rr没有/d叫/vi他们/rr。/wj
我/rr就/d说/v要/v和/cc你/rr去/vf。/wj
然后/c李/nr1铸/v说/v他/rr能/v借/v到/v卡/n。/wj
想/v一起/s去/vf？/ww
我/rr总/d不/d能/v不/d让/v他/rr去/vf啊/y周五/t1点/t到/p3点/t也/d是/vshi30/m。/wj
您/rr好/a，/wd我/rr现在/t有/vyou事/n不/d在/p，/wd一/d会/v再/d和/cc您/rr联系/v。/wj
你/rr确定/v？/ww
嗯/e，/wd嗯/e。/wj
您/rr好/a，/wd我/rr现在/t有/vyou事/n不/d在/p，/wd一/d会/v再/d和/cc您/rr联系/v。/wj
我/rr还是/d想/v早上/t去/vf啊/y。/wj
下午/t可以/v做/v点/qt事/n。/wj
不然/c的话/udh，/wd一/m天/qt就/d废/v了/y。/wj
不然/c，/wd你/rr还/d想/v干/v嘛/y啊/y？/ww
您/rr好/a，/wd我/rr现在/t有/vyou事/n不/d在/p，/wd一/d会/v再/d和/cc您/rr联系/v。/wj
事情/n很/d多/a啊/y。/wj
做/v复活节/t的/ude1攻/v略/d。/wj
续签/v。/wj
编程/vi。/wj
还有/vbalabala/x。/wj
早上/t早起/vi啦/y。/wj
不然/c，/wd又/d睡/v懒觉/n了/y。/wj
好/a吧/y。/wj
您/rr好/a，/wd我/rr现在/t有/vyou事/n不/d在/p，/wd一/d会/v再/d和/cc您/rr联系/v。/wj
那/rzv几/m点/qt到/v几/m点/qt啊/y？/ww
您/rr好/a，/wd我/rr现在/t有/vyou事/n不/d在/p，/wd一/d会/v再/d和/cc您/rr联系/v。/wj
9点/t或者/c10点/t开始/v应该/v都/d行/vi。/wj
到/p11点/t就/d完/vi了/y。/wj
您/rr好/a，/wd我/rr现在/t有/vyou事/n不/d在/p，/wd一/d会/v再/d和/cc您/rr联系/v。/wj
恩/ng。/wj
够/v了/y。/wj
续签/v的/ude1存款/n证明/v要/v开/v几/m个/q月/n啊/y？/ww
那个/rz无所谓/vl吧/y。/wj
您/rr好/a，/wd我/rr现在/t有/vyou事/n不/d在/p，/wd一/d会/v再/d和/cc您/rr联系/v。/wj
一个/mq月/n把/qv。/wj
您/rr好/a，/wd我/rr现在/t有/vyou事/n不/d在/p，/wd一/d会/v再/d和/cc您/rr联系/v。/wj
是/vshi不/d是/vshi一直/d要/v存/v到/v大使馆/n开始/v审理/v？/ww
应该/v不/d用/v。/wj
您/rr好/a，/wd我/rr现在/t有/vyou事/n不/d在/p，/wd一/d会/v再/d和/cc您/rr联系/v。/wj
他们/rr审理/v完/vi了/ule才/d能/v拿/v出来/vf。/wj
我们/rr出国/vi的/ude1时候/n不/d就是/v这样/rzv的/ude1吗/y？/ww
不/d是/vshi。/wj
您/rr好/a，/wd我/rr现在/t有/vyou事/n不/d在/p，/wd一/d会/v再/d和/cc您/rr联系/v。/wj
哪个/ry网站/n申请/v？/ww
就/d是/vshi使馆/n。/wj
您/rr好/a，/wd我/rr现在/t有/vyou事/n不/d在/p，/wd一/d会/v再/d和/cc您/rr联系/v。/wj
我/rr才/d回来/v，/wd吃饭/vi了/y。/wj
您/rr好/a，/wd我/rr现在/t有/vyou事/n不/d在/p，/wd一/d会/v再/d和/cc您/rr联系/v。/wj
跟/p你/rr说/v。/wj
您/rr好/a，/wd我/rr现在/t有/vyou事/n不/d在/p，/wd一/d会/v再/d和/cc您/rr联系/v。/wj
找到/v了/y。/wj
[/wkz自动/d回复/v]/wky您好/nl，/wd我/rr现在/t有/vyou事/n不/d在/p，/wd一/d会/v再/d和/cc您/rr联系/v。/wj
ok/x：/wp）/wky。/wj
我/rr想/v理发/vi了/y啊/y。/wj
我/rr也/d想/v。/wj
您/rr好/a，/wd我/rr现在/t有/vyou事/n不/d在/p，/wd一/d会/v再/d和/cc您/rr联系/v。/wj
那/rzv今晚/t理发/vi吧/y。/wj
可以/v啊/y。/wj
您/rr好/a，/wd我/rr现在/t有/vyou事/n不/d在/p，/wd一/d会/v再/d和/cc您/rr联系/v。/wj
你/rr那里/rzs有/vyou啥/ry吃/v的/ude1啊/y？/ww
您/rr好/a，/wd我/rr现在/t有/vyou事/n不/d在/p，/wd一/d会/v再/d和/cc您/rr联系/v。/wj
鸡翅/n，/wd西红柿/n。/wj
俺/rr不/d想/v做饭/vi了/y。/wj
您/rr好/a，/wd我/rr现在/t有/vyou事/n不/d在/p，/wd一/d会/v再/d和/cc您/rr联系/v。/wj
额/n。/wj
过/d来/vf吃饭/vi吧/y。/wj
：/wp）/wky。/wj
您/rr好/a，/wd我/rr现在/t有/vyou事/n不/d在/p，/wd一/d会/v再/d和/cc您/rr联系/v。/wj
但是/c，/wd我/rr先/d看看/v冰箱/n里/f有/vyou啥/ry没/v。/wj
您/rr好/a，/wd我/rr现在/t有/vyou事/n不/d在/p，/wd一/d会/v再/d和/cc您/rr联系/v。/wj
我/rr在/p你/rr那里/rzs吃/v都/d不好意思/a了/y。/wj
您/rr好/a，/wd我/rr现在/t有/vyou事/n不/d在/p，/wd一/d会/v再/d和/cc您/rr联系/v。/wj
那/rzv下/f周/nr1我们/rr就/d不/d去/vf打/v羽毛球/n了/y啊/y？/ww
您/rr好/a，/wd我/rr现在/t有/vyou事/n不/d在/p，/wd一/d会/v再/d和/cc您/rr联系/v。/wj
我/rr想/v去/vf啊/y。/wj
您/rr好/a，/wd我/rr现在/t有/vyou事/n不/d在/p，/wd一/d会/v再/d和/cc您/rr联系/v。/wj
你/rr可以/v请/v我/rr吃/v去/vf吃/v哈/b。/wj
我/rr周一/t到/p周四/t都/d有/vyou课/n。/wj
你/rr周五/t就/d走/v了/ule吗/y？/ww
是/vshi啊/y。/wj
您/rr好/a，/wd我/rr现在/t有/vyou事/n不/d在/p，/wd一/d会/v再/d和/cc您/rr联系/v。/wj
那/rzv就/d米/q办法/n了/y。/wj
那/c我/rr找/v我/rr朋友/n，/wd周/nr1一/m到/v周四/t去/vf，/wd看/v行/ng不行/a。/wj
您/rr好/a，/wd我/rr现在/t有/vyou事/n不/d在/p，/wd一/d会/v再/d和/cc您/rr联系/v。/wj
