去/vf啊/y。/wj
快/a点/qt安排/v复活节/t的/ude1。/wj
不/d知道/v啊/y。/wj
去/vf希腊/ns吧/y。/wj
哎呀/e，/wd我/rr还/d想/v和/cc其他/rzv朋友/n去/vf英国/ns。/wj
不/d知道/v啊/y！/wt
英国/ns？/ww
我/rr暂时/d就/d不/d想/v去/vf了/y。/wj
如果/c去/vf其他/rzv地方/n的/ude1话/n，/wd可以/v叫/vi我/rr。/wj
干/v嘛/y不/d去/vf英国/ns啊/y？/ww
欧洲/ns大陆/n还/d没/d玩/v遍/v呢/y！/wt
额/n。/wj
又/d要/v找/v地方/n住/vi了/y。/wj
啊/y？/ww
？/ww
？/ww
这里/rzs只/d能/v住/vi到/p3月/t底/f。/wj
为/p啥/ry啊/y？/ww
只/d有/vyou一个/mq月/n了/y。/wj
邹凯/nr的/ude1亲戚/n要/v过来/vf。/wj
恩/ng，/wd对/p啊/y，/wd好/a麻烦/an。/wj
额/n。/wj
又/d要/v找/v房子/n。/wj
我/rr觉得/v那/rzv太/d过分/a了/ule把/qv。/wj
都/d说/v好/a给/p你/rr住/vi了/y，/wd怎么/ryv这样/rzv啊/y？/ww
我们/rr是/vshi不/d是/vshi周末/t去/vfhelsinki/x啊/y？/ww
哪些/ry人/n啊/y？/ww
是/vshi我/rr。/wj
你/rr也/d订/v票/n了/y？/ww
我/rr周四/t去/vf学校/n。/wj
我/rr记得/v当时/t佳/a汇/ng给/p你/rr订/v的/ude1票/n，/wd是/vshi吧/y？/ww
当时/t不/d是/vshi佳/a汇/ng定/v的/ude1吗/y？/ww
对/p啊/y。/wj
现在/t佳/a汇/ng不/d去/vf了/ule啊/y！/wt
对/v。/wj
那/rzv还/d有/vyou谁/ry啊/y?/ww
我们/rr班/n的/ude1，/wd一些/mq浙/b大/a的/ude1其他/rzv人/n，/wd还有/v几/m个/q新加坡/nsf人/n。/wj
认识/v的/ude1、/wn不/d认识/v的/ude1，/wd一/m堆/q。/wj
晕/vi，/wd那/c我/rr去/vf不/d去/vf呢/y？/ww
和/p谁/ry一个/mq舱/n睡觉/vi啊/y？/ww
主要/d是/vshi在/p斯京/nrf太/d闷/v了/y。/wj
我/rr都/d快/a疯/vi了/y。/wj
一/m回来/v就/d无聊/a的/ude1要/v命/n。/wj
不/d知道/v啊/y，/wd佳/a汇/v怎么/ryv帮/v你/rr订/v的/ude1？/ww
你/rr要/v问/v他/rr啊/y。/wj
如果/c你/rr去/vf的/ude1话/n，/wd到/v时/ng我们/rr住/vi一/m起/q好/a了/y。/wj
我/rr哪里/rys知道/v啊/y！/wt
算/v了/y，/wd不/d去/vf了/y。/wj
人/n又/d不/d认识/v，/wd不好/ad玩/v。/wj
。/wj
。/wj
。/wj
你/rr不/d是/vshi一直/d想/v认识/v学/v弟学妹/nr吗/y？/ww
还/d好/a把/qv。/wj
我/rr没有/d想/v认识/n。/wj
哦/e。/wj
等/v下/vf个/q月/n我们/rr滑雪/vi去/vf。/wj
我/rr已经/d会/v了/ule哈/b。/wj
嗯/e嗯/e，/wd这/rzv不/d错/v！/wt
！/wt
！/wt
！/wt
itisinterested/x。/wj
ing./x你/rr滑/v了/ule几/m次/qv啊/y？/ww
一/m次/qv啊/y。/wj
一/m次/qv你/rr就/d会/v了/ule啊/y？/ww
简单/a的/ude1。/wj
当天/t来回/vi啊/y？/ww
多/m钱/n啊/y？/ww
能够/v滑/v下/f来/vf，/wd不/d会/v摔/v去/vf了/y。/wj
他/rr那/rzv有/vyou雪/n距/v吧/y？/ww
学/v具/vg？/ww
what/x？/ww
直接/ad租/v。/wj
雪具/n。/wj
多/m钱/n？/ww
在/p哪里/rys？/ww
花/n多久/ryt时间/n？/ww
370/m一/m次/qv。/wj
在/psollentuna/x。/wj
10点/t到/p3点/t。/wj
10点/t？/ww
那/rzv不/d是/vshi一大早/t就/d要/v去/vf？/ww
不过/c还/d行/vi，/wd不/d贵/a，/wd挺/d好/a的/ude1。/wj
那/c我们/rr去/vf啊/y！/wt
后来/t我/rr找/v个/q个/q更/d好/a的/ude1地方/n。/wj
价格/n也/d差不多/al。/wj
下/f次/qv我/rr想/v去/vf那边/rzs。/wj
可以/v啊/y，/wd不错/a。/wj
周四/t别/d忘/v了/ule把/pba我/rr的/ude1东西/n带/v过来/vf。/wj
记得/v给/p我/rr说/v。/wj
我/rr通常/d会/v忘/v。/wj
我/rr睡/v了/y。/wj
晚安/v！/wt
这么/rz早/a，/wd干/v嘛/y呢/y？/ww
明天/t什么/ry时候/n来/vf啊/y？/ww
10点/t到/v12/m。/wj
您/rr好/a，/wd我/rr现在/t有/vyou事/n不/d在/p，/wd一/d会/v再/d和/cc您/rr联系/v。/wj
记得/v带/v东西/n。/wj
才/c回来/v。/wj
40/m。/wj
把/pbanordea/x账号/n给/p我/rr吧/y，/wd我/rr转/v给/p你/rr好/a了/y。/wj
4539040021919723/m这/rzv是/vshi卡/n号/n吧/y？/ww
能/v用/p这个/rz号码/n转/v吗/y？/ww
看好/v线路/n没/d？/ww
那/rzv就/d8608211259/m。/wj
帐/ng号/n。/wj
恩/ng，/wd应该/v是/vshi这个/rz。/wj
给/p你/rr了/y。/wj
查/v机票/n没/v啊/y？/ww
您/rr好/a，/wd我/rr现在/t有/vyou事/n不/d在/p，/wd一/d会/v再/d和/cc您/rr联系/v。/wj
定/v不/d定/v啊/y？/ww
您/rr好/a，/wd我/rr现在/t有/vyou事/n不/d在/p，/wd一/d会/v再/d和/cc您/rr联系/v。/wj
路/n赛/v给/p您/rr发送/v了/ule一个/mq窗口/s抖动/v。/wj
我/rr没/d查/v。/wj
在/p准备/v明天/tquiz/x呢/y！/wt
就/p我们/rr两/m人/n吗/y？/ww
我/rr刚才/t问/v了/ule佳/a汇/ng。/wj
哦/e，/wd行/vi。/wj
您/rr好/a，/wd我/rr现在/t有/vyou事/n不/d在/p，/wd一/d会/v再/d和/cc您/rr联系/v。/wj
他/rr怎么/ryv说/v？/ww
您/rr好/a，/wd我/rr现在/t有/vyou事/n不/d在/p，/wd一/d会/v再/d和/cc您/rr联系/v。/wj
他/rr不/d去/vf，/wd因为/p15/m就要/d考试/vi了/y。/wj
他/rr这个/rzP/x又/d5/m门/q课/n。/wj
额/n。/wj
您/rr好/a，/wd我/rr现在/t有/vyou事/n不/d在/p，/wd一/d会/v再/d和/cc您/rr联系/v。/wj
我/rr确实/ad很/d佩服/v他/rr。/wj
您/rr好/a，/wd我/rr现在/t有/vyou事/n不/d在/p，/wd一/d会/v再/d和/cc您/rr联系/v。/wj
他/rr选/v了/ule一/m门/q电力/n的/ude1和/cc一/m门/q金融/n的/ude1。/wj
什么/ry乱七八糟/al的/ude1他/rr都/d学/v。/wj
好/a把/qv。/wj
您/rr好/a，/wd我/rr现在/t有/vyou事/n不/d在/p，/wd一/d会/v再/d和/cc您/rr联系/v。/wj
那/rzv还/d要/v不要/d再/d找/v找/v别人/rr，/wd反正/d机票/n暂时/d应该/v不/d会/v涨/vi吧/y？/ww
我/rr正/d找/v呢/y。/wj
您/rr好/a，/wd我/rr现在/t有/vyou事/n不/d在/p，/wd一/d会/v再/d和/cc您/rr联系/v。/wj
我/rr朋友/n要/v去/vf。/wj
您/rr好/a，/wd我/rr现在/t有/vyou事/n不/d在/p，/wd一/d会/v再/d和/cc您/rr联系/v。/wj
3/m人/n。/wj
还/d直/d问/v我们/rr什么/ry时候/n订/v票/n。/wj
您/rr好/a，/wd我/rr现在/t有/vyou事/n不/d在/p，/wd一/d会/v再/d和/cc您/rr联系/v。/wj
现在/t机票/n查/v好/a啊/y./wj
您/rr好/a，/wd我/rr现在/t有/vyou事/n不/d在/p，/wd一/d会/v再/d和/cc您/rr联系/v。/wj
恩/ng,/wd恩/ng。/wj
先/d查/v吧/y。/wj
你/rr查/v啊/y！/wt
您/rr好/a，/wd我/rr现在/t有/vyou事/n不/d在/p，/wd一/d会/v再/d和/cc您/rr联系/v。/wj
。/wj
。/wj
。/wj
我/rr要/v等/udeng芬兰/nsf回来/v才/d有/vyou时间/n啊/y。/wj
呃/y呃/y呃/y。/wj
您/rr好/a，/wd我/rr现在/t有/vyou事/n不/d在/p，/wd一/d会/v再/d和/cc您/rr联系/v。/wj
还/d去/vf芬兰/nsf啊/y？/ww
您/rr好/a，/wd我/rr现在/t有/vyou事/n不/d在/p，/wd一/d会/v再/d和/cc您/rr联系/v。/wj
就/p这/rzv周末/t。/wj
当然/d要/v去/vf啊/y。/wj
我/rr纠结/vi了/y，/wd起/vf哦/o去/vf不/d去/vf啊/y？/ww
您/rr好/a，/wd我/rr现在/t有/vyou事/n不/d在/p，/wd一/d会/v再/d和/cc您/rr联系/v。/wj
我/rr晕/vi。/wj
一起/s去/vf吧/y?/ww
很多/m人/n我/rr也/d不/d认识/v。/wj
但是/c总/b人数/n比较/d多/a。/wj
去/vf凑/v凑热闹/vi。/wj
呵/e呵/e！/wt
您/rr好/a，/wd我/rr现在/t有/vyou事/n不/d在/p，/wd一/d会/v再/d和/cc您/rr联系/v。/wj
什么/ry时候/n啊/y？/ww
您/rr好/a，/wd我/rr现在/t有/vyou事/n不/d在/p，/wd一/d会/v再/d和/cc您/rr联系/v。/wj
周六/t下午/t去/vf。/wj
周/nr1一/m回/qv。/wj
因为/p这/rzv次/qv很/d多/a人/n都/d是/vshi我/rr叫/vi去/vf的/ude1，/wd所以/c我/rr不/d能/v不/d去/vf。/wj
知道/v。/wj
您/rr好/a，/wd我/rr现在/t有/vyou事/n不/d在/p，/wd一/d会/v再/d和/cc您/rr联系/v。/wj
明天/t把/pba机票/n定/v了/ule把/qv。/wj
