洗/v个/qP/x啊/y。/wj
恶心/a死/v了/y。/wj
您/rr好/a，/wd我/rr现在/t有/vyou事/n不/d在/p，/wd一/d会/v再/d和/cc您/rr联系/v。/wj
回来/v再/d洗/v。/wj
哦/e。/wj
那/rzv好/a吧/y。/wj
您/rr好/a，/wd我/rr现在/t有/vyou事/n不/d在/p，/wd一/d会/v再/d和/cc您/rr联系/v。/wj
过来/vf把/v。/wj
您/rr好/a，/wd我/rr现在/t有/vyou事/n不/d在/p，/wd一/d会/v再/d和/cc您/rr联系/v。/wj
我/rr楼下/s等/udeng。/wj
您/rr好/a，/wd我/rr现在/t有/vyou事/n不/d在/p，/wd一/d会/v再/d和/cc您/rr联系/v。/wj
好/a的/ude1。/wj
你/rr吃/v饭/n没/v啊/y？/ww
您/rr好/a，/wd我/rr现在/t有/vyou事/n不/d在/p，/wd一/d会/v再/d和/cc您/rr联系/v。/wj
没/v的话/udh，/wd过/d来/vf吧/y。/wj
您/rr好/a，/wd我/rr现在/t有/vyou事/n不/d在/p，/wd一/d会/v再/d和/cc您/rr联系/v。/wj
等等/v一起/s吃/v红烧肉/n。/wj
您/rr好/a，/wd我/rr现在/t有/vyou事/n不/d在/p，/wd一/d会/v再/d和/cc您/rr联系/v。/wj
吃/v过/uguo了/y。/wj
你/rr不/d早/ad说/v。/wj
我/rr才/d炖/v上/vf。/wj
您/rr好/a，/wd我/rr现在/t有/vyou事/n不/d在/p，/wd一/d会/v再/d和/cc您/rr联系/v。/wj
谁/ry让/v你/rr吃/v这么/rz早/a。/wj
您/rr好/a，/wd我/rr现在/t有/vyou事/n不/d在/p，/wd一/d会/v再/d和/cc您/rr联系/v。/wj
都/d快/a7点/t了/y，/wd姐姐/n。/wj
奶奶/n，/wd很/d正常/a啊/y。/wj
您/rr好/a，/wd我/rr现在/t有/vyou事/n不/d在/p，/wd一/d会/v再/d和/cc您/rr联系/v。/wj
我/rr找到/v你/rr的/ude13/m寸/q莫/d了/y。/wj
好/a神奇/a。/wj
我/rr以为/v你/rr丢/v了/y。/wj
那/c我/rr待/vi会/v过来/vf拿/v。/wj
顺便/d吃/v红烧肉/n。/wj
structuraldynamic/x有/vyou教材/n没/d？/ww
没有/v。/wj
把/pba书/n还/d给/p老子/n。/wj
好/a啊/y。/wj
你/rr一/d会/v要/v吗/y？/ww
你/rr用/v完/vi了/y，/wd就/d拿/v过来/vf把/v。/wj
正/d好/a，/wd你/rr来/vf拿/v那个/rz莫/d。/wj
恩/ng。/wj
红烧肉/n好/a了/y吗/y？/ww
都/d冻/v起来/vf了/y。/wj
呵呵/o。/wj
。/wj
。/wj
。/wj
都/d不/d叫/vi我/rr吃/v。/wj
我/rr吃/v完/vi饭/n，/wd就/d收拾/v，/wd好/d饿/v了/ule啊/y。/wj
叫/p你/rr来/vf吃/v，/wd你/rr又/d说/v你/rr吃/v过/uguo了/y。/wj
真/d麻烦/an。/wj
dynamic/x那/rzv门/q课/n平时/t教材/n怎么办/ryv？/ww
handout/x。/wj
omg/x，/wd你/rr明天/t生日/n啊/y。/wj
怎么/ryv都/d没/v动静/n呢/y?/ww
是/vshi啊/y。/wj
生日/n快乐/a啊/y！/wt
怎么/ryv动/v呢/y要/v不/d要/v请/v你们/rr吃饭/vi啊/y？/ww
那/rzv是/vshi肯定/v的/ude1啊/y。/wj
我/rr这里/rzs又/d不/d能/v做/v。/wj
为/p啥/ry？/ww
我/rr家/n不/d能/v搞/v啊/y，/wd连/ulian家具/n都/d没/v。/wj
做/v地/ude2上/vf吃/v吗/y？/ww
额/n。/wj
那/rzv就/d请/v我们/rr出/vf去/vf吃/v？/ww
我/rr同意/v。/wj
。/wj
。/wj
。/wj
。/wj
。/wj
。/wj
。/wj
把/pba复活节/t玩/v的/ude1钱/n都/d搭/v上/f，/wd也/d不够/a请/v你们/rr啊/y。/wj
还/d好/a吧/y。/wj
那/c你/rr生日/n怎么/ryv过/vf嘛/y？/ww
我/rr也/d不/d知道/v啊/y。/wj
在/p哈/b？/ww
您/rr发送/v了/ule一个/mq窗口/s抖动/v。/wj
嗯/e，/wd怎么/ryv。/wj
您/rr中止/v了/ule语音/n通话/vi，/wd通话/vi时/ng长/v2分/t16秒/t。/wj
明天/t来/f我/rr家/n吃/v晚饭/n把/qv。/wj
什么/ry时候/n啊/y？/ww
额/n。/wj
你/rr突然/ad想/v起来/vf了/ule啊/y？/ww
6./m7点/t的/ude1样子/n吧/y。/wj
就/p你/rr和/cc我们/rr家/n住/vi的/ude1三/m个/q人/n。/wj
我们/rr四/m个/q人/n一起/s吃/v一/m顿/qv就/d可以/v了/y。/wj
我们/rr班/n的/ude1人/n，/wd我/rr不/d叫/vi了/y。/wj
这样/rzv啊/y。/wj
主要/d是/vshi家里/s不/d方便/a啊/y。/wj
嗯/e，/wd嗯/e，/wd可是/c我/rr之前/f和/cc我/rr其他/rzv朋友/n约/d了/y也/y。/wj
明天/t我/rr给/p你/rr短/a信/n吧/y。/wj
你/rr又/d说/v不/d吃/v，/wd之前/f。/wj
本来/d不/d打算/v弄/v了/y，/wd家里/s那/rzv两/m个/q又/d说/v，/wd还是/c意思/n一下/mq。/wj
所以/c还/d是/vshi打算/v吃/v一/m顿/qv啦/y。/wj
呵呵/e，/wd不/d过/uguo生日/n快乐/a啦/y！/wt
很/d快乐/a啦/y。/wj
可以/v去/vf荷兰/nsf玩/v，/wd天天/d都/d很/d开心/a。/wj
唉/e。/wj
我/rr还/d没/v着落/n啊/y。/wj
让/v你/rr犹豫/a。/wj
现在/t机票/n涨/vi了/y。/wj
我们/rr旅馆/n都/d定/v了/y。/wj
算/v了/y。/wj
主要/d是/vshi我/rr就/d没/d想/v要/v去/vf，/wd呵呵/e呵/e！/wt
都/d去/vf过/uguo了/y，/wd浪费/v钱/n。/wj
我/rr现在/t就/d去/vf英国/ns和/cc希腊/ns！/wt
恩/ng。/wj
6月/t初/f我们/rr去/vf希腊/ns吧/y。/wj
你们/rr什么/ry时候/n考/v完/vi啊/y？/ww
唉/e。/wj
现在/t定/v不/d下来/vf啊/y。/wj
论文/n到底/d怎么样/ryv都/d不/d知道/v。/wj
恩/ng，/wd你/rr的/ude1论文/n？/ww
我/rr签证/n6月/t低/a就/d到期/vi了/y。/wj
都/d不/d知道/v怎么/ryv续签/v。/wj
你/rr肯定/d要/v续签/v的/ude1。/wj
不然/c你/rr不/d可能/v写/v得/ude3完/vi。/wj
呵呵/o。/wj
问题/n是/vshi怎么/ryv续/v？/ww
而且/c，/wd我/rr现在/t都/d没/d开始/v，/wdmichael/x他/rr6月/t就/d走/v了/y。/wj
怎么/ryv办/v啊/y？/ww
我/rr是/vshi不/d是/vshi要/v呗/y辍学/vi了/y啊/y？/ww
他/rr怎么/ryv要求/v的/ude1啊/y？/ww
6月/t底/f以前/f必须/d做/v完/vi吗/y？/ww
没/d说/v必须/d啦/y。/wj
他/rr应该/v考虑/v到/v你/rr写/v不/d完/vi的/ude1情况/n。/wj
你/rr好好/d看/v书/n吧/y。/wj
和/p他/rr见面/vi的/ude1时候/n，/wd装作/v很/d认真/a的/ude1样子/n。/wj
然后/c，/wd再/d哭/v时间段/n来不及/v。/wj
就/p周/nr14/m了/y。/wj
我/rr就/d剩/v明天/t了/y。/wj
。/wj
。/wj
。/wj
。/wj
我/rr现在/t屁/n都/d没/d看/v！/wt
。/wj
。/wj
。/wj
。/wj
。/wj
。/wj
前/f两/m天/qt你/rr都/d在/p干/v嘛/y？/ww
玩/v。/wj
唉/e。/wj
真/a的/ude1要/v去/vf学校/n看/v书/n了/y。/wj
明天/t你/rr也/d去/vf学校/n吧/y。/wj
我/rr去/vf上课/vi。/wj
你/rr去/vf看/v书/n。/wj
我/rr就/d是/vshi这么/rz想/v的/ude1。/wj
我/rr睡/v了/ule啊/y。/wj
啊/y?/ww
哈哈/o./wj
生日/n快乐/a啊/y！/wt
！/wt
！/wt
明天/t要/v过/uguo来/f吃饭/vi./wj
00：00/m我/rr给/p我/rr朋友/n说/v了/y,/wd我/rr可以/v晚上/t过来/vfparty/x,/wd呵呵/o./wj
吃/v过/uguo饭/n再/d过去/vf么/y?/ww
？/ww
？/ww
？/ww
你/rr吃/v过/uguo饭/n，/wd再/d去/vf他/rr那里/rzs。/wj
我/rr就/d是/vshi和/p他/rr吃饭/vi啊/y。/wj
是/vshi其他/rzv朋友/n。/wj
额/n。/wj
我/rr现在/t才/d知道/v，/wd原来/d我/rr是/vshi跟/p这/rzv副/b校长/n的/ude1。/wj
哈哈哈/o！/wt
！/wt
！/wt
您/rr好/a，/wd我/rr现在/t有/vyou事/n不/d在/p，/wd一/d会/v再/d和/cc您/rr联系/v。/wj
?/ww
?/ww
今天/t我/rr去/vf注册/vi论文/n。/wj
居然/d我/rr的/ude1professor/x是/vshi副/b校长/n。/wj
。/wj
。/wj
您/rr好/a，/wd我/rr现在/t有/vyou事/n不/d在/p，/wd一/d会/v再/d和/cc您/rr联系/v。/wj
./wj
./wj
./wj
./wj
我/rr的/ude1妈/n呀/y。/wj
您/rr好/a，/wd我/rr现在/t有/vyou事/n不/d在/p，/wd一/d会/v再/d和/cc您/rr联系/v。/wj
吓/v死/v我/rr了/y！/wt
您/rr好/a，/wd我/rr现在/t有/vyou事/n不/d在/p，/wd一/d会/v再/d和/cc您/rr联系/v。/wj
你/rr不/d跟/vmichael/x了/y？/ww
michael/x跟/v着/uzhe他/rr的/ude1。/wj
您/rr好/a，/wd我/rr现在/t有/vyou事/n不/d在/p，/wd一/d会/v再/d和/cc您/rr联系/v。/wj
所以/c还/d不错/a。/wj
您/rr好/a，/wd我/rr现在/t有/vyou事/n不/d在/p，/wd一/d会/v再/d和/cc您/rr联系/v。/wj
好/a了/y，/wd我/rr现在/t忙/v死/v了/y。/wj
