你/rr说/v咋/ryv办/v呢/y?/ww
吃/v完/vi,/wd然后/c在/p出去/vf。/wj
我们/rr都/d是/vshi这样/rzv的/ude1。/wj
我/rr晕/vi，/wd好/a吧/y，/wd还/d好/aromapass/x坐/v车/n不/d花钱/vi。/wj
是的/vl，/wd那个/rz挺/d划算/a的/ude1。/wj
去/vf斗/v兽/ng场/ng，/wd和/cc那个/rz美术馆/n，/wd我/rr忘/v了/ule名字/n了/y。/wj
要/v预约/v的/ude1。/wj
斗/v兽/ng场/ng也/d要/v预约/v？/ww
最/d贵/a的/ude1两/m张/q门票/n。/wj
你/rr什么/ry时候/n走/v？/ww
伯格/nrf赛/v美术馆/n是/vshi吧/y？/ww
14/m号/q走/v。/wj
斗/v兽/ng场/ng不/d用/v。/wj
好像/v是/vshi。/wj
：/wp）/wky离/v斗/v兽/ng场/ng很/d远/a的/ude1那个/rz地方/n。/wj
我/rr知道/v的/ude1。/wj
嗯/e，/wd嗯/e。/wj
里面/f有/vyou阿波罗/nrf和/cc达芙妮/nrf。/wj
好像/v吧/y。/wj
是的/vl，/wd就/d是/vshi那个/rz。/wj
去/vf之前/f还/d要/v重/d考/v，/wd真是/d”/wyy不/d经历/v风雨/n，/wd不/d能/v见/v彩虹/n“/wyz啊/y。/wj
没/v事/n啦/y，/wd加油/vi。/wj
我/rr现在/t毕/vg设/v还/d没/v着落/n呢/y。/wj
都/d没/v人/n管/v。/wj
急/v啥/ry，/wd把/pba瑞典语/nz学会/v了/y，/wd再/d做/v好/a了/y。/wj
哈哈/o！/wt
你/rr那些/rz照片/n怎么样/ryv了/y？/ww
什么/ry照片/n？/ww
不/d知道/v怎么/ryv转/vjpeg/x。/wj
还是/c不/d知道/v。/wj
都/d传/v不/d上/fqq/x。/wj
都/d是/vshi我/rr的/ude1错/n。/wj
找/v个/q时间/n我/rr帮/v你/rr弄/v吧/y。/wj
没/v事/n，/wd没/v事/n。/wj
回来/v了/ule啊/y。/wj
行/vi。/wj
到/v时/ng在/p联系/v吧/y。/wj
这个/rz周末/t。/wj
我/rr马上/d要/v出/vf去/vf吃饭/vi了/y。/wj
：/wp）/wky好/a。/wj
在/p么/y？/ww
才/c回来/v。/wj
下/vf学期/n再/d借用/v下/vf你/rr的/ude1书/n吧/y，/wd我/rr后/f天/qt又/d要/v上课/vi了/y。/wj
行/vi呀/y。/wj
我/rr现在/t都/d没/d开始/v论文/n，/wd老师/n从来/d都/d不/d回/v邮件/n。/wj
我/rr要/v疯/vi了/y。/wj
你/rr吧/y你们/rr路/n的/ude1老师/n的/ude1邮箱/n给/p我/rr呢/y。/wj
michal/x？/ww
你/rr看看/v他们/rr的/ude1网页/n，/wd我/rr不/d知道/v你们/rr现在/t路/n的/ude1是/vshi什么/ry老师/n。/wj
我/rr看看/v。/wj
我们/rr这/rzv学期/n没有/v路/n。/wj
就/d是/vshirock/x和/ccbridge/x两/m门/q课/n。/wj
我/rr想/v问/v下/f，/wd你们/rr结构/n动力学/n和/ccroad/x第二/m学期/n的/ude1课/n要/v买/v书/n吗/y？/ww
不/d用/v。/wj
都/d是/vshi发/v可见/v。/wj
课/n件/q。/wj
Rock/x和/ccbridge/x的/ude1书/n是/vshi必须/d的/ude1吗/y？/ww
不/d是/vshi吧/y，/wd我/rr觉得/v。/wj
我/rr明天/t就/d来/vf拿/v书/n吧/y，/wd顺便/d理发/vi成/v不/d？/ww
好/a的/ude1啊/y。/wj
顺便/d帮/v我/rr也/d剪/v吧/y。/wj
哈哈哈/o！/wt
顺便/d叫/vi上佳/a慧/ag吧/y。/wj
恩/ng，/wd你/rr也/d一直/d都/d没/d剪/v头发/n吧/y？/ww
好/a，/wd我/rr问/v问/v他/rr。/wj
是/vshi呀/y。/wj
你/rr给/p我/rr剪/v的/ude1头发/n，/wd我/rr都/d快/a伤心/a死/v了/y。/wj
。/wj
。/wj
。/wj
。/wj
这次/r保证/v不再/d失手/vi。/wj
well/x。/wj
意大利/nsf怎么样/ryv啊/y？/ww
真/d漂亮/a啊/y。/wj
没有/d白/a去/vf。/wj
因为/p我们/rr去/vf的/ude1是/vshi淡季/t，/wd所以/c都/d没有/v排队/vi。/wj
现在/t冷/a冷/a的/ude1。/wj
夏天/t去/vf才/d更/d好/a。/wj
而且/c每天/r都/d是/vshi晴天/n。/wj
呵/e呵/e！/wt
不/d冷/a啊/y！/wt
那/rzv是/vshi当然/d啊/y。/wj
我/rr就/d穿/v那/rzv件/q薄薄的/z外套/n。/wj
不过/c我/rr被/pbei意大利/nsf的/ude1地铁/n门/n给/p夹/v了/ule一下/mq，/wd好/a痛/a。/wj
在/p罗马/nsf。/wj
晕/vi！/wt
你/rr和/cc谁/ry去/vf的/ude1啊/y？/ww
我们/rr班/n的/ude1两/m个/q人/n。/wj
呵呵/o。/wj
那/rzv明天/t下午/t过来/vf吗/y？/ww
可以/v啊/y。/wj
什么/ry时候/n啊/y？/ww
1点/t到/v你/rr那里/rzs好/a了/y。/wj
佳慧/nr2呢/y？/ww
他/rr还/d没/d回/v我/rr。/wj
我/rr再/d短/a信/n问问/v他/rr。/wj
同学/n，/wd你/rr发给/v我/rr了/y，/wd神经病/n！/wt
！/wt
！/wt
按/p错/v了/y。/wj
谁/ry让/v你们/rr都/d是/vshiL/x开头/n。/wj
总是/d发送/v失败/vi。/wj
我/rr手机/n没/v钱/n了/y。/wj
那/rzv就/d等等/v他/rr上网/v吧/y。/wj
我/rr的/ude1也/d是/vshibase/x了/vi。/wj
哎/e，/wd我/rr一/m趟/qv意大利/nsf把/pba话费/n都/d用/v完/vi了/y。/wj
是/vshi呀/y，/wd在/p外国/n有点/d贵/a。/wj
对/p了/y，/wd不行/a啊/y！/wt
我/rr明天/t要/v去/vfSFI/x报名/vi。/wj
下午/t1点/t。/wj
不过/c，/wd很快/d就/d回来/v了/y。/wj
到/v时/ng联系/v吧/y。/wj
好/a的/ude1。/wj
你/rr下午/t去/vf报名/vi，/wd那/rzv几/m点/qt回来/v呢/y？/ww
1点/t去/vf。/wj
不/d知道/v啥/ry时候/n回来/v。/wj
我/rr正/d想/v跟/p你/rr说/v呢/y！/wt
要/v不/d周末/t吧/y?/ww
不行/a。/wj
我/rr明天/t要/v用/p书/n了/y./wj
这样/rzv啊/y-----/wp那/rzv就/d我/rr回来/v给/p你/rr电话/n吧/y./wj
我/rr估计/v3点/t半/m能/v搞/v定/v吧/y./wj
好/a的/ude1./wj
是的/vl./wj
说不定/vl更/d早/a,/wd嘿嘿/o。/wj
在/p么/y？/ww
？/ww
？/ww
我/rr周一/t就/d回国/vi了/y！/wt
！/wt
！/wt
撒/v？/ww
：/wp）/wky爽/ag咯/y。/wj
是/vshi呀/y。/wj
回去/v吃香/a的/ude1喝/vg辣/a的/ude1。/wj
3/m个/q星期/n。/wj
多/m带/v些/q好吃/a的/ude1来/vf。/wj
我/rr就/d带/v火/n锅底/n料/n吧/y。/wj
而且/c也/d转/v暖/v了/ule所以/c就/d不/d知道/v待/vi什么/ry了/y。/wj
那/rzv就/d帮/v我/rr带/v榨菜/n吧/y，/wd哈哈/o！/wt
晕/vi！/wt
华夏/nz，/wd不/d贵/a的/ude1。/wj
开玩笑/vi呢/y。/wj
好/a好玩/a就/d是/vshi啦/y。/wj
我/rr现在/t也/d不/d缺/v啥/ry。/wj
就/d缺/v女人/n,/wd帮/v你/rr带/v一个/mq回来/v吧/y。/wj
你/rr真/d了解/v我/rr。/wj
额/n。/wj
复活节/t你们/rr什么/ry时候/n放/v？/ww
看看/v课表/n。/wj
一起/s去/vf英国/ns吧/y？/ww
好像/v15/m号/q开始/v吧/y。/wj
你/rr看看/v你/rr课表/n。/wj
15/m到/v25/m。/wj
我/rr更/d想/v去/vf希腊/ns诶/e。/wj
3月/t去/vf鬼/n希腊/ns啊/y！/wt
什么/ry都/d没有/v！/wt
！/wt
！/wt
4月/t啊/y！/wt
都/d快/a5月/t了/y。/wj
怎么/ryv会/v没有/v东西/n？/ww
是/vshi4月/t啊/y？/ww
我/rr晕/vi！/wt
也/d行/vi。/wj
不/d错/v！/wt
！/wt
！/wt
你/rr不/d也/d没/v去/vf过/uguo么/y？/ww
一起/s去/vf吧/y？/ww
去/vf希腊/ns吧/y。/wj
O/x耶/y。/wj
很/d贵/a啊/y！/wt
10/m号/q便宜/a。/wj
那个/rz机票/n？/ww
顺便/d去/vfmalta/x。/wj
我/rr没/v意见/n。/wj
呵/e呵/e！/wt
你/rr去/vf北极/n有/vyou没有/d看到/v极光/n啊/y？/ww
没/v。/wj
。/wj
。/wj
。/wj
囧/n了/y。/wj
你/rr做/v了/ule什么/ry事/n？/ww
这么/rz败/vi人品/n。/wj
almir./xdraganovic@byv./emailkth./xse/x。/wj
记得/v，/wd千万/m记/v得/ude3跟/v他/rr联系/v啊/y！/wt
！/wt
！/wt
看到/v信息/n，/wd就/d给/p他/rr发/v邮件/n。/wj
谢谢/v啦/y！/wt
发/v邮件/n了/y吧/y？/ww
(/wkz本/rz消息/n由/p您/rr的/ude1好友/n通过/p手机/nQQ/x发送/v，/wd体验/v手机/nQQ/x请/v登录/v：/wphttp://mobile./urlqq./xcom/c/url)/wky发/v了/y，/wd他/rr本来/d说/v今天/t上去/vf去/vf，/wd可是/c我/rr相机/n还/d没/d拿/v到/v。/wj
所以/c和/p他/rr约/d了/ule周四/t10点/t在/p他/rr办公室/n。/wj
好/a的/ude1，/wd谢谢/v了/ule啊/y。/wj
给/p我/rr带/v好吃/a的/ude1来/vf谢/v我/rr，/wd哈哈/o！/wt
呵呵/e，/wd我/rr到/v家/n了/y。/wj
你/rr到/v北京/ns转/v的/ude1吗/y？/ww
挺/d快/a的/ude1。/wj
是/vshi呀/y！/wt
能/v过年/vi了/y，/wd我/rr只/d有/vyou羡慕/v的/ude1份/q。/wj
呵呵/o。/wj
你/rr也/d可以/v回来/v啊/y！/wt
等/v明年/t吧/y。/wj
你/rr机票/n定/v的/ude1那么/rz急/a，/wd会/v贵/r不/d？/ww
