：/wp）/wky。/wj
您/rr好/a，/wd我/rr现在/t有/vyou事/n不/d在/p，/wd一/d会/v再/d和/cc您/rr联系/v。/wj
那/rzv下/f下/vf周/nr1继续/v去/vf打/v啊/e：/wp）/wky。/wj
您/rr好/a，/wd我/rr现在/t有/vyou事/n不/d在/p，/wd一/d会/v再/d和/cc您/rr联系/v。/wj
恩/ng./wj
下/f下/vf个/qp/x啊/y。/wj
我/rr出去/vf旅游/vi了/y。/wj
下/f下/vf周/nr1就/p复活节/t了/y。/wj
您/rr好/a，/wd我/rr现在/t有/vyou事/n不/d在/p，/wd一/d会/v再/d和/cc您/rr联系/v。/wj
晕/vi。/wj
您/rr好/a，/wd我/rr现在/t有/vyou事/n不/d在/p，/wd一/d会/v再/d和/cc您/rr联系/v。/wj
下/f下/f下/vf？/ww
晕/vi晕/vi晕/vi！/wt
！/wt
！/wt
您/rr好/a，/wd我/rr现在/t有/vyou事/n不/d在/p，/wd一/d会/v再/d和/cc您/rr联系/v。/wj
我/rr现在/t就/d饿/v了/y。/wj
您/rr好/a，/wd我/rr现在/t有/vyou事/n不/d在/p，/wd一/d会/v再/d和/cc您/rr联系/v。/wj
我/rr去/vf做饭/vi了/y。/wj
您/rr好/a，/wd我/rr现在/t有/vyou事/n不/d在/p，/wd一/d会/v再/d和/cc您/rr联系/v。/wj
我/rr吃/v完/vi就/d去/vf你/rr那/rzv啊/y。/wj
您/rr好/a，/wd我/rr现在/t有/vyou事/n不/d在/p，/wd一/d会/v再/d和/cc您/rr联系/v。/wj
恩/ng。/wj
我/rr还有/v剩饭/n，/wd嘿嘿/o。/wj
您/rr好/a，/wd我/rr现在/t有/vyou事/n不/d在/p，/wd一/d会/v再/d和/cc您/rr联系/v。/wj
还/d好/a你/rr不/d来/vf，/wd哈哈/o。/wj
怎么/ryv？/ww
您/rr好/a，/wd我/rr现在/t有/vyou事/n不/d在/p，/wd一/d会/v再/d和/cc您/rr联系/v。/wj
我/rr的/ude1菜/n炖/v着/uzhe，/wd还有/v很/d久/a才/d做/v好/a。/wj
额/n。/wj
您/rr好/a，/wd我/rr现在/t有/vyou事/n不/d在/p，/wd一/d会/v再/d和/cc您/rr联系/v。/wj
我/rr只/d有/vyou剩菜/n，/wd没/v剩饭/n。/wj
您/rr好/a，/wd我/rr现在/t有/vyou事/n不/d在/p，/wd一/d会/v再/d和/cc您/rr联系/v。/wj
囧/n。/wj
。/wj
。/wj
AF2903/x，/wd你们/rr学/v了/ule没有/v？/ww
把/pba你/rr的/ude1课/n件/q传/v给/p我/rr。/wj
从/pbilda/x上/f，/wdaf29037b/x那个/rz课/n件/q。/wj
不/d知道/v哪个/ry是/vshi7B/x啊/y！/wt
上面/f不/d是/vshi有/vyou编号/n的/ude1嘛/y？/ww
您/rr好/a，/wd我/rr现在/t有/vyou事/n不/d在/p，/wd一/d会/v再/d和/cc您/rr联系/v。/wj
没有/v编号/n啊/y，/wd况且/c只有/c纸质/n版/n，/wd没有/v电子版/n。/wj
啊/y？/ww
？/ww
？/ww
你们/rr没有/vbilda/x？/ww
？/ww
？/ww
您/rr好/a，/wd我/rr现在/t有/vyou事/n不/d在/p，/wd一/d会/v再/d和/cc您/rr联系/v。/wj
有/vyoubilda/x。/wj
但是/c，/wd这/rzv门/q课/n没有/d传/v电子版/n课/n件/q。/wj
都/d是/vshi每/rz次/qv上课/vi发/v课/n件/q的/ude1。/wj
哦/e。/wj
您/rr好/a，/wd我/rr现在/t有/vyou事/n不/d在/p，/wd一/d会/v再/d和/cc您/rr联系/v。/wj
在/p不/d？/ww
怎么/ryv？/ww
好玩/a么/y？/ww
好玩/a啊/y。/wj
是/vshi呀/y，/wd我/rr觉得/v荷兰/nsf好/a不错/a啊/y！/wt
看/v照片/n。/wj
你们/rr这/rzv次/qv去/vf看/v花/n。/wj
我/rr上次/t真的/d是/vshi可惜/v了/y。/wj
印象/n一点/mq都/d不好/a。/wj
不过/c阿姆斯特丹/nsf，/wd就/d是/vshi很/d无聊/a。/wj
应该/v要/v去/vf周边/n的/ude1小镇/n。/wj
阿姆斯特丹/nsf的/ude1MM/x好看/a。/wj
我/rr还/d去/vf问/v了/ule价格/n呢/y。/wj
结果/n呢/y？/ww
多少/ry钱/n？/ww
50/m欧/b啊/y，/wd不/d还/d价/n。/wj
我/rr都/d根本/d不/d敢/v，/wd当时/t才/d到/v欧洲/ns，/wd什么/ry都/d怕/v。/wj
这么/rz便宜/a！/wt
你/rr上/vf了/y？/ww
500kr/x啊/y！/wt
多/m贵/a。/wj
500/m贵/a个/q屁/n啊/y！/wt
还/d好/a吧/y。/wj
你/rr妹/n，/wd这种/r站/n街/n类型/n的/ude1都/d要/v500/m。/wj
还是/c一个/mq小时/n。/wj
国内/s都/d能/v包/v夜/tg了/y。/wj
晕/vi。/wj
这/rzv是/vshi欧洲/ns啊/y。/wj
不过/c，/wd看/v你/rr也/d是/vshi有/vyou贼心/n没/v贼/n胆/n。/wj
哈哈/o！/wt
哥/n没/v钱/n。/wj
要/v是/vshi你/rr资助/v，/wd我/rr早上/t了/y。/wj
额/n。/wj
好/a啦/y，/wd不/d跟/p你/rr瞎扯/v了/y。/wj
我/rr写/v论文/n了/y。/wj
goodevening/x!/wt
恩/ng，/wd啊/y！/wt
加油/vi吧/y！/wt
去/vf小/a蜜/n那/rzv开/v续签/v证明/v需要/v带/v什么/ry东西/n吗/y？/ww
明天/t去/vfskansen/x玩/v不/d？/ww
tmrwthereisbigpartyinuppsala/x,/wdiamwonderingifgothere/x。/wj
how/x？/ww
howtogotouppsala/x?/ww
how/x?/ww
?/ww
?/ww
?/ww
?/ww
?/ww
?/ww
bySL/x。/wj
wecangotherebysl/x。/wj
butbackwilltaketehtrain/x。/wj
route/x?/ww
itisnotvalidtotaketrainback/x。/wj
checkinsl./xse/x。/wj
yousureitisvalid/x?/ww
itriedonebefore/x。/wj
whichroute/x?/ww
SLgivesseveralroutes/x？/ww
thietimeorroute/x?/ww
both/x。/wj
butnowitisnotpossibletocheckthebutconnectiontoupsl/x。/wj
soidontknow/x。/wj
itonlyshowthecommuter/x。/wj
那/c你/rr明天/t到底/d去/vf不/d去/vf啊/y？/ww
iamcheckinf/x。/wj
还/dcheck/x啥/ry。/wj
douwanttogothere/x?/ww
thesl../x？/ww
想/v去/vf啊/y。/wj
howtogothereforfree/x？/ww
TakeBus178fromKistacentrumtowardsM/x?/ww
rbystation./xYourdeparturefromKistacentrumisat08:31/url,/wdyourarrivalinDanderydssjukhusisatapprox./x08:54./mAtDanderydssjukhuschangetoBus639towardsHallstavik./xYourdeparturefromDanderydssjukhusisat09:13/url,/wdyourarrivalinRimbostationisat10:00./urlAtRimbostationchangetoconnectingBus677towardsUppsala./xYourdeparturefromRimbostationisat10:00./urlYouarriveinUppsalaCentralstationat10:55./url这/rzv是/vshi李/nr1铸/v发给/v我/rr的/ude1，/wd说/v是/vshi有/vyou人/n再/d试/v过/uguo的/ude1路线/n。/wj
但是/c太/d长/a了/y。/wj
时间/n太/d久/a。/wj
yes/x,/wditisright/x!/wt
!/wt
!/wt
itookthisone/x。/wj
啊/y？/ww
好/a吧/y。/wj
那/rzv明天/t就/p这么/rz走/v了/y。/wj
但是/c时间/n要/v提前/v。/wj
据说/v10点/t到/v那边/rzs就/d太/d晚/a了/y。/wj
最/d好/a9点/t前/f到/v。/wj
itisnotpossibletogettherebefore9./xitissoearly./xitispartyalltheday./x晚/a了/ule挤/v不/d进去/vf，/wd人/n太/d多/a。/wj
./wj
./wj
./wj
itisacity/x,/wdnotaroom/x!/wt
soithinkitisok/x。/wj
so.../x早/ad点/v去/vf啦/y，/wd他们/rr都/d很/d早/a去/vf。/wj
butthereisjust8:00and10:00/url。/wj
fromrimbotoupsl/x。/wj
那/rzv就/d8点/t那/rzv班/q。/wj
到/vuppsala/x应该/v在/p9点/t前/f吧/y？/ww
800thenweshouldleaveatsomethinglike6formhere/x。/wj
李/nr1铸/v查/v了/ule时间/n。/wj
2011/m//w4/m//w10/m不/d用/v解释/v，/wd真/a的/ude1!/wt
我/rr懂/v的/ude1。/wj
走/v了/y。/wj
伤/n不/d！/wt
。/wj
有/vyou美女/n在/p吗/y？/ww
有/vyou没/d有/vyou美女/n？/ww
这/rzv世上/s有/vyou那么/rz多/a东西/n吸引/v你/rr，/wd诱惑/v你/rr，/wd分散/v你/rr的/ude1注意力/n；/wf当/p你/rr努力/ad想/v做/v一个/mq坏人/n的/ude1时候/n，/wd总/d有/vyou人/n半道/s把/pba你/rr阻止/v你/rr。/wj
当/p你/rr把/pba外部/f的/ude1敌人/n消灭/v掉/v，/wd你/rr内心/n的/ude1敌人/n，/wd又/d从/p四面八方/nl涌/v上/f来/vf./wj
./wj
./wj
./wj
./wj
多/m好/a的/ude1一/m段/q话/n啊/y！/wt
你/rr说/v是/vshi不/d，/wd小/ad破/v孩/ng？/ww
这/rzv群/q滴/v群/q主/n是/vshi谁/ry啊/y？/ww
赶紧/d把/pba这/rzv大叔/n赶走/v。/wj
呼叫/v群/ng主/ag。/wj
同/p呼/v。/wj
群/q主/n已/d关机/vi，/wd勿/d扰/v！/wt
O/x(/wkz∩/m_/n∩/m)/wkyO/x哈哈/o！/wt
你/rr抓/v什么/ry呢/y？/ww
这/rzv，/wd这/rzv，/wd这/rzv也/d太/d吓人/a了/y。/wj
你/rr，/wd你/rr，/wd你/rr这么/rz吓人/a家/n./wj
./wj
./wj
./wj
./wj
./wj
是/vshi想/v人家/rr往/p你/rr怀里/s钻/v吗/y？/ww
不对/a，/wd不对/a，/wd这/rzv几/m天/qt情绪/n很/d不/d对劲/a啊/y！/wt
你/rr疯/vi啦/y！/wt
鉴定/v完毕/vi。/wj
这/rzv可恶/a的/ude1风/n，/wd把/pba我/rr的/ude1心/n，/wd都/d刮/v乱/a了/y。/wj
小/a破/v孩/ng，/wd最近/t很/d忙/v？/ww
你/rr是/vshi女生/n，/wd来/vf捣乱/v滴/q。/wj
鉴定/v完毕/vi！/wt
忙里偷闲/dl，/wd跟/p叔叔/n看/v电影/n去/vf吧/y？/ww
叔叔/n给/p你/rr买/v糖/n吃/v。/wj
恩/ng。/wj
这/rzv两/m天/qt比较/d忙/a，/wd等/udeng俺/rr忙/v完/vi一定/d好好/d睡觉/vi。/wj
5555/m！/wt
看/v电影/n？/ww
哇塞/nrf！/wt
俺/rr滴/v弱点/n。/wj
哈哈/o，/wd女人/n共同/b的/ude1弱点/n。/wj
怕/v什么/ry！/wt
话/n说/v，/wd你/rr不/d会/v吃/v人/n吧/y？/ww
电影/n啊/y，/wd我/rr最/d喜欢/vi的/ude1活动/vn之一/rz。/wj
