…/ws
最后/f，/wd活/v着/uzhe且/d活/v得/ude3很/d好/a的/ude1人/n都/d去/vf开/v两会/n。/wj
有人/r问/v啥/ry是/vshi两/m会/v呢/y？/ww
农民/n代表/n答/v：/wp会/v养猪/v、/wn会/v交配/vi。/wj
工人/n代表/n答/v：/wp会/v挣钱/vi、/wn会/v消费/vn。/wj
民工/n代表/n答/v：/wp会/v讨/v薪/ng、/wn会/v下跪/v。/wj
保姆/n代表/n答/v：/wp会/v插足/v、/wn会/v叠/v被/ng。/wj
小姐/n代表/n答/v：/wp会上/t床/n、/wn会/v收费/vn。/wj
艺人/n代表/n答/v：/wp会/v炒作/v、/wn会/v陪/v睡/v。/wj
商人/n代表/n答/v：/wp会/v赚钱/v、/wn会/v逃税/vi。/wj
一个/mq好/a朋友/n自己/rr拍摄/v设计/vn的/ude1台湾/ns风情/n明信片/n，/wd质量/n很/d不错/a的/ude1。/wj
O/x(/wkz∩/m_/n∩/m)/wkyO/x哈/b！/wt
大家/rr可以/v瞅/v一/m瞅/v！/wt
有/vyou喜欢/vi的/ude1同学/n可以/v联系/v她/rr。/wj
O/x(/wkz∩/m_/n∩/m)/wkyO/x哈/b！/wt
顶/v！/wt
谢/v啦/y！/wt
哇/y！/wt
…/ws
…/ws
2010/m//w11/m//w5/m群/q在/p不断/d壮大/v啊/y！/wt
可喜/a可贺/a！/wt
人/n还是/c不/d够/v多/a啊/y！/wt
zjg/x有/vyou人/n夜宵/n吗/y？/ww
你/rr果断/ad到/v下面/f的/ude1小吃/n那/rzv吃/v去/vf呗/y。/wj
实验室/n怎么/ryv不/d能/v用/p闪/vi？/ww
跳水/vn也/d行/vi。/wj
跳水/vn？/ww
到/vCJL/x跳/vi去/vf吧/y，/wd室外/s的/ude1。/wj
CJL/x？/ww
啥/ry东东/nz？/ww
额/n…/ws
游泳馆/n不/d会/v游泳/vn。/wj
./wj
./wj
./wj
./wj
./wj
./wj
./wj
./wj
./wj
./wj
./wj
./wj
太/d冷/a了/y。/wj
威海/ns的/ude1不/d会/v游泳/vn？/ww
下/f个/q月/n有/vyou毅行/nr2。/wj
是/vshi啊/y，/wd不/d会/v。/wj
烟台/ns的/ude1表示/v学/v了/ule一个/mq暑假/t，/wd全/d打/v酱油/n了/y，/wd还/d没/d学会/v换气/vi。/wj
很多/m海滨/s城市/n的/ude1都/d不/d会/v游泳/vn。/wj
秋天/t可以/v有/vyou很多/m活动/vn啊/y！/wt
这个/rz其实/d挺/d难得/a。/wj
还/d可以/v烧烤/vn。/wj
烧烤/v？/ww
玉泉/nz旁边/f的/ude1植物园/n就/d有/vyou。/wj
九/m溪/n那边/rzs也/d可以/v。/wj
正/d在/p减肥/vi的/ude1人情/n何以/d堪/v？/ww
出去/vf打/v了/ule个/q电话/n，/wd就/d发现/v水/n了/ule这么/rz多/a。/wj
小/a咸菜/n，/wd你/rr是/vshi女/b的/ude1？/ww
未/d央/vg是/vshi研/v几/m的/ude1？/ww
哥/n明显/ad是/vshi爷们/n啊/y！/wt
减肥/vi都/d是/vshi浮云/n。/wj
姐/n减/v了/ule好多/m年/qt了/y，/wd一点/mq效果/n没有/v。/wj
大/a四/m的/ude1。/wj
那/rzv减/v什么/ry肥/n啊/y？/ww
谁/ry让/v你/rr用/p那么/rz暧昧/a的/ude1头像/n？/ww
果然/c有/vyou本科生/n潜伏/v。/wj
超标/vi很多/m，/wd不/d减/v不行/a啊/y！/wt
明年/t不/d就/p硕士/n了/y！/wt
已经/d保/v研/v了/y？/ww
一/m天/qt不/d上/f，/wd群/ng里/f消息/n好多/m呀/y！/wt
嗯/e。/wj
你们/rr专业/n是/vshi不/d是/vshi有/vyou个/q郁建兴/nr？/ww
找/v个/q娱乐城/n。/wj
副/b院长/n。/wj
不/d是/vshi我们/rr专业/n的/ude1。/wj
郁/ag老师/n是/vshi政府/n管理/vn系/n的/ude1。/wj
我/rr不/d是/vshi。/wj
有/vyou棋牌/n、/wn运动/vn项目/n、/wn台球/n什么/ry的/ude1。/wj
然后/c回来/v去/vf吃/v火锅/n？/ww
怎么样/ryv？/ww
好/a。/wj
啥/ry时候/n去/vf啊/y？/ww
最近/t去/vf不/d了/y啊/y！/wt
考试/vn周/nr1完/vi了/y啊/y！/wt
恩/ng。/wj
最近/t几/m个/q周末/t都/d有/vyou活动/vn。/wj
不/d会/v台球/n。/wj
啥/ry时候/n考试/vn周/qt？/ww
学/v呗/y，/wd俺/rr也/d不/d会/v。/wj
这个/rz一时/t半/m会/v学/v不/d会/v吧/y。/wj
学/v不/d会/v有/vyou不/d会/v的/ude1打法/n的/ude1。/wj
发/v你/rr个/q粗/a棍子/n。/wj
…/ws
拖把/n杆/ng。/wj
是/vshi吧/y。/wj
乒乓/n不/d会/v还/d被/pbei拉/v去/vf打/v比赛/vn呢/y！/wt
就/d瞎/d玩/v呗/y，/wd开心/a就/d好/a。/wj
我/rr会/v乒乓球/n。/wj
我/rr会/v台球/n和/cc乒乓球/n。/wj
谁/ry是/vshi紫金/ns港/n的/ude1啊/y？/ww
我/rr，/wd紫金/ns港/n。/wj
我/rr是/vshi玉泉/nz的/ude1。/wj
我/rr都/d玩/v过/uguo，/wd但是/c都/d不/d会/v。/wj
公/ng管/v不/d是/vshi在/p玉泉/nz么/y？/ww
我/rr是/vshi本科生/n。/wj
后/f？/ww
不/d是/vshi啊/y！/wt
./wj
./wj
./wj
./wj
./wj
刚才/t走神/vi了/y吧/y？/ww
那/rzv就/d好/a。/wj
老/a了/y！/wt
紫金/ns港/n哪里/rys有/vyou卖/v馒头/n的/ude1？/ww
哦/e，/wd公关/n真/d纠结/vi。/wj
我/rr寝室/n有/vyou一个/mq公/ng管/v的/ude1研究生/n。/wj
每天/r在/p西/b溪/ng上课/vi。/wj
老板/n在/p玉泉/nz。/wj
我/rr老板/n也/d在/p玉泉/nz。/wj
所以/c经常/d跑/v。/wj
sogaricky/x是/vshi建筑/n的/ude1研究生/n？/ww
恩/ng。/wj
那/rzv一/m级/q？/ww
建筑/n的/ude1研究生/n很/d难/ad考/v吧/y？/ww
10．/m相对/d来说/uls简单/ad就/d是/vshi收/v的/ude1太/d少/a。/wj
据说/v建筑/n待遇/n不/d错/v哦/e！/wt
我/rr一个/mq同学/n在/p读/v大/a五/m。/wj
因人而异/vl。/wj
你/rr研/v一/m？/ww
是/vshi啊/y！/wt
研/v一/m的/ude1很多/m吧/y？/ww
建筑/n很/d好/a的/ude1啊/y！/wt
似乎/d都/d是/vshi刚/d找到/v组织/n的/ude1；/wf比如/v我/rr。/wj
呵/e呵/e！/wt
没/d觉着/v。/wj
要/v经常/d加班/vi的/ude1。/wj
我/rr就/d记得/v建筑/n的/ude1美女/n很多/m。/wj
这个/rz…/ws
不/d清楚/a。/wj
呵/e呵/e！/wt
对/p建/v工学院/n不/d了解/v，/wd只/d认识/v两三/m个/q做/v房地产/n经济/n方面/n的/ude1建工/n学院/n的/ude1老师/n。/wj
这个/rz可以/v去/vf调查/v一下/mq。/wj
建筑/n现在/t搬/v到/v安/b中/b楼/n了/y？/ww
土木/n，/wd规划/v在/p安/v中/f。/wj
建筑/n在/p月牙/n楼/n。/wj
哦/e。/wj
那个/rz楼/n不/d好/a啊/y！/wt
冬冷夏/nr热/a。/wj
还是/c月牙/n楼/n有/vyou特色/n。/wj
西瓜/n皮/n。/wj
我/rr去/vf自习/v过/uguo，/wd桌子/n很/d大/a很/d爽/ag。/wj
螃蟹/n。/wj
我/rr研/v二/m的/ude1。/wj
哈哈/o！/wt
众/ag位/ng师弟/n师妹/n，/wd哈哈/o。/wj
那/rzv楼/n是/vshi个/q行为/n艺术品/n。/wj
天/n天/qt被/pbei学生/n骂/v。/wj
据说/v是/vshi同济/nz的/ude1一个/mq专家/n设计/vn的/ude1。/wj
恩/ng。/wj
大腕/n。/wj
有人/r去/vf毅/nr1行/n吗/y？/ww
坟墓/n一样/uyy的/ude1建筑/n。/wj
戴复东/nr，/wd可以/vbaidu/x一下/mq。/wj
我/rr想/v去/vf毅/nr1行/ng。/wj
对/p，/wd小/a坟头/n。/wj
阳面/n的/ude1房间/n还/d好/a，/wd阴/a面/n的/ude1估计/vn比较/d不/d舒服/a。/wj
保安/b来/f关门/vi了/y，/wd回/v寝室/n了/y。/wj
你们/rr继续/v。/wj
这么/rz早就/d关门/vi？/ww
曹/nr1西/f。/wj
额/n…/ws
…/ws
群/q相册/n咋/ryv没/v了/y？/ww
删/v掉/v了/ule吧/y？/ww
想/v要/v的/ude1话/n用/p自己/rr的/ude1照片/n跟/v群/ng主/ag换/v。/wj
还/d想/v看看/v美女/n呢/y！/wt
呵/e呵/e！/wt
美女/n很多/m的/ude1哦/o。/wj
用/p自己/rr的/ude1照片/n换/v吧/y。/wj
俺/rr的/ude1已经/d上/vf传/v了/y。/wj
我/rr怎么/ryv没/d看见/v你/rr的/ude1？/ww
对/p啊/y！/wt
我/rr怎么/ryv没/d看到/v。/wj
你/rr光顾/v着/uzhe看/v美女/n了/y。/wj
群/ng里/f聊天/vi的/ude1人/n不/d多/a啊/y！/wt
主要/d是/vshi…/ws
大家/rr有/vyou的/ude1本科/n有/vyou的/ude1研究生/n。/wj
话题/n都/d不/d一样/uyy。/wj
本科/n很/d少/a啊/y！/wt
大都/ns是/vshi烟酒/n僧/n吧/y。/wj
基本/a都/d是/vshi烟酒/n僧/ng。/wj
不/d少/a了/y呀/y！/wt
这里/rzs估计/v学术/n帝/ng比较/d多/a。/wj
有/vyou么/y？/ww
这么/rz晚/a了/ule还/d在/p学术/n，/wd不/d会/v吧/y？/ww
怎么/ryv没/d有/vyou，/wd很多/m组/q的/ude1现在/t都/d在/p搞/v学术/n。/wj
这个/rz…/ws
…/ws
./wj
浙/b大/a建设/vn一流/b大学/n就/d靠/v他们/rr了/y。/wj
青岛/ns。/wj
建筑/n的/ude1大哥/n是/vshi八/m几/m年/qt生/v人/n啊/y？/ww
87/m。/wj
建筑/n本科/n要/v学/v五/m年/qt。/wj
哎/e！/wt
我/rr也/d是/vshi研/v一/m87年/t的/ude1。/wj
看来/v我/rr上学/vi比较/d晚/tg。/wj
metoo/x。/wj
上学/vi晚/tg的/ude1都/d87年/t…/ws
