晕/vi。/wj
您/rr好/a，/wd我/rr现在/t有/vyou事/n不/d在/p，/wd一/d会/v再/d和/cc您/rr联系/v。/wj
唉/e！/wt
要/v是/vshi你/rr那边/rzs没空/vi位/q，/wd我/rr是/vshi肯定/v去/vf不/d了/y了/y。/wj
您/rr好/a，/wd我/rr现在/t有/vyou事/n不/d在/p，/wd一/d会/v再/d和/cc您/rr联系/v。/wj
昨晚/t上/f决定/v也/d好/a啊/y，/wd还有/v很多/m空位/n的/ude1。/wj
今天/t中午/t才/d说/v，/wd我/rr也/d没/v办法/n了/y。/wj
你/rr又/d没/d叫/vi我/rr。/wj
您/rr好/a，/wd我/rr现在/t有/vyou事/n不/d在/p，/wd一/d会/v再/d和/cc您/rr联系/v。/wj
你/rr去/vf看看/v聊天/vi记录/v吧/y！/wt
你/rr每/rz次/qv说/v纠结/vi。/wj
我/rr不/d是/vshi都/d让/v你/rr去/vf嘛/y。/wj
居然/d说/v我/rr不/d叫/vi你/rr。/wj
好/a吧/y，/wd都/d是/vshi我/rr的/ude1错/n。/wj
您/rr好/a，/wd我/rr现在/t有/vyou事/n不/d在/p，/wd一/d会/v再/d和/cc您/rr联系/v。/wj
唉/e，/wd现在/t想/v去/vf了/y，/wd又/d没/v办法/n了/y。/wj
您/rr好/a，/wd我/rr现在/t有/vyou事/n不/d在/p，/wd一/d会/v再/d和/cc您/rr联系/v。/wj
你/rr周一/t回来/v就/d定/v去/vf布拉格/nsf的/ude1票/n啦/y。/wj
您/rr好/a，/wd我/rr现在/t有/vyou事/n不/d在/p，/wd一/d会/v再/d和/cc您/rr联系/v。/wj
恩/ng，/wd好/a的/ude1。/wj
我们/rr还/d去/vf不/d去/vf啊/y？/ww
长成/v300/m多/m了/y。/wj
额/n。/wj
算/v了/ule把/qv。/wj
就/d是/vshi你/rr。/wj
恩/ng，/wd太/d贵/a了/y。/wj
为什么/ryv怪/v我/rr啊/y？/ww
就/d是/vshi你/rr不/d定/v票/n。/wj
你们/rr考试/vi完/vi之后/f呢/y？/ww
我/rr没有/d阻止/v你/rr订/v啊/y。/wj
考/v完/vi以后/f，/wd好像/v放假/vi时间/n不/d多/a。/wj
我/rr查查/v。/wj
算/v了/y，/wd就/d放/v两/m天/qt。/wj
哦/e。/wj
我/rr上课/vi去/vf了/y。/wj
我/rr会/v再/d关注/v下/f的/ude1。/wj
如果/c票价/n跌/v下/f来/vf，/wd还/d去/vf吗/y？/ww
不/d可能/v跌/v的/ude1。/wj
时间/n越来越/d近/a了/y。/wj
ryanair/x就/d是/vshi要/v提前/v。/wj
在/p不/d?/ww
怎么/ryv？/ww
您/rr好/a，/wd我/rr现在/t有/vyou事/n不/d在/p，/wd一/d会/v再/d和/cc您/rr联系/v。/wj
怎么/ryv拉/v，/wd你/rr找/v我/rr？/ww
您/rr好/a，/wd我/rr现在/t有/vyou事/n不/d在/p，/wd一/d会/v再/d和/cc您/rr联系/v。/wj
没/v事/n了/y，/wd有/vyou什么/ry玩/v的/ude1不/d？/ww
额/n。/wj
3p/x来/f不/d来/vf，/wd哈哈哈/o。/wj
您/rr好/a，/wd我/rr现在/t有/vyou事/n不/d在/p，/wd一/d会/v再/d和/cc您/rr联系/v。/wj
什么/ry时候/n去/vf滑雪/vi啊/y？/ww
您/rr好/a，/wd我/rr现在/t有/vyou事/n不/d在/p，/wd一/d会/v再/d和/cc您/rr联系/v。/wj
我/rr想/v去/vf。/wj
您/rr好/a，/wd我/rr现在/t有/vyou事/n不/d在/p，/wd一/d会/v再/d和/cc您/rr联系/v。/wj
下/vf周末/t去/vf怎么样/ryv？/ww
这/rzv周末/t呢/y？/ww
您/rr好/a，/wd我/rr现在/t有/vyou事/n不/d在/p，/wd一/d会/v再/d和/cc您/rr联系/v。/wj
其实/d也/d可以/v。/wj
反正/d没什么/vl破/v事/n。/wj
今天/t没/v课/n啊/y？/ww
您/rr好/a，/wd我/rr现在/t有/vyou事/n不/d在/p，/wd一/d会/v再/d和/cc您/rr联系/v。/wj
有/vyou啊/y，/wd马上/d要/v去/vf上课/vi了/y。/wj
我/rr下/vf了/ule啊/y，/wd88/m。/wj
e.../x在/p么/y？/ww
怎么/ryv？/ww
您/rr好/a，/wd我/rr现在/t有/vyou事/n不/d在/p，/wd一/d会/v再/d和/cc您/rr联系/v。/wj
你/rr晚上/t都/d不/d上网/v了/y？/ww
再/d干吗/v呢/y？/ww
和/cc朋友/n出/vf去/vf玩/v了/y，/wd才/d回来/v。/wj
怎么/ryv了/y啊/y？/ww
你/rr以为/v我/rr的/ude1生活/vn和/cc你/rr一样/uyy无聊/a啊/y。/wj
滑雪/vi要/v退后/vi一些/mq时间/n了/y。/wj
好/a吧/y，/wd好/a吧/y，/wd你/rr有/vyou聊/v。/wj
haha/x！/wt
开玩笑/vi的/ude1。/wj
什么/ry事/n，/wd说/v啊/y。/wj
因为/p这/rzv周/qt不行/a啦/y。/wj
下/f周/nr1我/rr要/v去/vf塔林/nsf。/wj
然后/c下/f周/nr1考试/vi。/wj
什么/ry这/rzv周/qt？/ww
什么/ry意思/n？/ww
滑雪/vi没/v时间/n去/vf了/y。/wj
有/vyou没/d有空/vi啊/y？/ww
现在/t？/ww
怎么/ryv？/ww
最近/t啊/y。/wj
才/d起床/vi。/wj
有/vyou吧/y。/wj
抽空/vd帮/v我/rr理发/vi吧/y。/wj
晕/vi。/wj
找/v个/q时间/n吧/y。/wj
不过/c，/wd我/rr下/f周/nr1开始/v打工/vi，/wd有点/d忙/a。/wj
呵/e呵/e！/wt
还要/d开始/v看/v书/n写/v论文/n了/y，/wd烦/v死/v了/y。/wj
打工/vi？/ww
在/p哪/ry呢/y？/ww
寿/ng司/ng店/n。/wj
做/v寿/ng司/ng吗/y？/ww
不/d是/vshi。/wj
煎/v饺子/n，/wd哈哈/o！/wt
我/rr也/d想/v打工/vi。/wj
那/rzv林/ng森/ag叫/vi你/rr去/vf，/wd你/rr又/d不/d去/vf。/wj
我/rr想/v暑假/t去/vf。/wj
现在/t不/d想/v去/vf。/wj
晕/vi。/wj
。/wj
暑假/t就/d没/v了/y。/wj
像/p你/rr这么/rz托/v着/uzhe。/wj
就/p暑假/t有/vyou打工/vi的/ude1兴致/n？/ww
现在/t真/d不/d想/v。/wj
那/c你/rr说/v你/rr现在/t想/v打工/vi。/wj
哎呀/e，/wd我/rr在/p想/v怎么/ryv续签/v啊/y！/wt
囧/n。/wj
我/rr现在/t想/v暑假/t打工/vi。/wj
额/n。/wj
你/rr不/d回家/vi啊/y？/ww
明年/t圣诞节/t我/rr得/v回去/v。/wj
圣诞/t回/v啊/y？/ww
怎么/ryv啊/y？/ww
所以/c暑假/t就/d不/d回/v了/y。/wj
姐姐/n打算/v那时/rzt结婚/vi。/wj
哦/e。/wj
soga/x。/wj
你/rr先/d去/vf帮/v我/rr探路/vi。/wj
问问/v你们/rr老板/n：/wp暑假/t要/v人/n不/d？/ww
额/n。/wj
我/rr暑假/t也/d在/p呢/y。/wj
到/v时/ng给/p你/rr介绍/v，/wd别/d急/a。/wj
你们/rr老板/n是/vshi青/a田/n人/n吧/y？/ww
我/rr现在/t是/vshi不/d急/a。/wj
就/d是/vshi先/d打/v好/a铺垫/n嘛/y。/wj
铺/v得/ude3很/d好/a了/y。/wj
要么/c就/p今天/t理发/vi吧/y？/ww
今天/t没/v地/n./wj
./wj
./wj
地铁/n啊/e对/v哦/e。/wj
那么/rz明天/t好/a了/y。/wj
明天/t晚上/t好/a了/y。/wj
明天/t我/rr有/vyou瑞典语/nz。/wj
呵呵/o。/wj
一/m天/qt？/ww
晚上/t5点/t到/p9点/t。/wj
中午/t打工/vi。/wj
那/rzv什么/ry时候/n好/a呢/y，/wd早上/t？/ww
为什么/ryv不/d能/v后天/n呢/y？/ww
我/rr上课/vi啊/y。/wj
不/d过/uguo后/f天/qt晚上/t也/d可以/v。/wj
要不/c就/p后天/t放学/vi后/f，/wd我/rr就/d过来/vf吧/y。/wj
嗯/e，/wd可以/v把/qv。/wj
到/v时/ng联系/v啊/y。/wj
好/a的/ude1。/wj
先/d谢/v了/ule啊/y。/wj
额/n。/wj
这/rzv有/vyou什么/ry谢/v的/ude1呢/y？/ww
拍/v下/vf你/rr的/ude1马/nr1屁/n嘛/y。/wj
看/v你/rr兴奋/a的/ude1。/wj
额/n。/wj
你/rr经常/d都/d拍/v。/wj
在/p干/v嘛/y呢/y？/ww
[/wkz自动/d回复/v]/wky您好/nl，/wd我/rr现在/t有/vyou事/n不/d在/p，/wd一/d会/v再/d和/cc您/rr联系/v。/wj
您/rr发送/v了/ule一个/mq窗口/s抖动/v。/wj
你/rr在/p忙/v啥/ry呢/y?/ww
[/wkz自动/d回复/v]/wky您好/nl，/wd我/rr现在/t有/vyou事/n不/d在/p，/wd一/d会/v再/d和/cc您/rr联系/v。/wj
corridor/x聚会/vi./wj
我/rr明天/t就/d搬/v过来/vf了/ule啊/y!/wt
这么/rz快/a啊/y。/wj
那/c你/rr搬/v好/a家/n,/wd请/v我/rr吃饭/vi把/v。/wj
行/vi啊/y！/wt
你/rr先/d帮/v我/rr搬家/vi。/wj
我/rr才/d回家/vi。/wj
累死/v了/y。/wj
不行/a了/y。/wj
我/rr太/d累/a了/y。/wj
哈哈/o！/wt
开玩笑/vi的/ude1。/wj
明天/t，/wd我/rr同学/n以/p帮忙/vi就/d搞/v定/v了/y。/wj
不过/c没有/v家具/n啊/y！/wt
我/rr今天/t打/v了/ule一/m天/qt工/n，/wd下午/t有/vyou去/vf写/v论文/n。/wj
我/rr刚刚/d才/d上/vf完/vi瑞典语/nz课/n。/wj
我/rr回/v家/n还/d没/v5/m分钟/qt，/wd饭/n都/d每/rz吃/v。/wj
我/rr快/d累死/v了/y。/wj
充实/v的/ude1生活/vn。/wj
