高 城  你 招 的 他 
史今 点点头 
高 城  去 送 你 的 车 
完事 来 见 我 
史 今 如 蒙 大赦 地 走 开 
他 身后 的 高 城 正 转向 新兵 们  新人 加 新 装备  本来 是 让 高城 兴奋 的 事情  现在 却 让 一个 叫 许三多 的 弄 得 极为 扫兴 
高 城  我 叫 高城  是 本 团 钢 七 连 连长  此次  （ 他 有意 地 看 着 许三多 ） 担任 你们 这个 新兵 连 的 连长 

３  军 列 外 ／ 日 伍六一 看 着 远处 训话 的 连长  史今 跳 上 平板  伍六一 的 招呼 方式 是 递给 他 一 块 抹布  史 今 拍拍 他  伍六一 就 沉默 着  短暂 的 别离 中 他们 都 很 牵 记  但 都 不 会 刻意 表露 
伍六一 全班 都 擦 过 了  就 差 你 
史 今 点点 头  那 辆 ２０７ 车 已 擦 得 新 的 一般  史今 仍 认真 地 在 上边 拭 擦 着 
伍六一 新 的 步 战车 跟 你们 车 运 来 的  你 没 上 去 看看 
史今  没空 
新兵 在 － （ 他 做 个 抹 眼泪 的 姿势 ） 
伍六一 这 回 咱 七 连 火 啦  顶 原来 一个 步 炮 连 加 反 坦克 导弹 连 再 加重 火力 连  连长 劲头 冲 得 走路 象 蹦 高  说话 学 狼 叫 
史 今 拍拍 车体  老伙计 走 了 呢 
伍六一 不屑 地  我 不在乎 
旧 的 不 去  新 的 不 来 
史今  嗯  还有 新闻 吗 
伍六一七 连 抽调 三 名 骨干 训 新兵 连  连长 还 连长  你 的 班 副 我 小 升 半 级  班长  你 最 了不得  新兵 排 排 长 
史今 笑  那 你 可以 臭 美 了  这 拔 兵 里边 好 多 是 你 老乡 
伍六一 我 最 烦 搭 老乡 攀 人情 
史今  你 上 榕树 的 吧 
那 两  正 挨 训 的 那个  还有 挺 白净 那个  他俩 下 榕树 的  都 快 同村 了 
伍六一 看 着 正 挨 训 的 许 三 多 皱眉  就 那 投降 兵 
到 新兵 连 我 训 也 训 死 了 他 
远处 的 许 三 多 正 在 高 城 的 训斥 下 缩 着 脖子  我们 不 知道 他 犯 了 什么 错  因为 他 永远 在 犯 错 
５  军 站 外 ／ 日 装 好 车 的 军 列 驶 走  也 带走 了 一个 营 的 旧 装备 和 部分 随 车 调动 的 战友 
车站 上 几乎 炸 了 窝  站台 上 的 兵 追 着 跑 追 着 嚷 
正 在 空地 上 候车 来 接 的 新兵 们 现在 不 害怕 了  就 只 剩下 亢奋 
队列 交头接耳 地 议论  因为 看见 那些 神气活现 的 老兵 现在 威风 倒 尽  追 在 车 后 奔跑 和 嚎啕 大 哭 
一个 哭 得 快 瘫 掉 的 老兵 被 战友 们 架 着 从 队列 前 过时  新兵 队 里 已经 忍不住 轻轻 的 笑声 
高 城  笑 
等 你们 挨 到 这 一 天 看 你们 还 笑 
他 身后 一 个 半 呜咽 的 声音  报告 连长  伍六一 归队 
高 城 回身  看见 史 今 拍打 着 眼眶 发红 的 伍六一 背部  他 有点 哭笑不得 
高 城  你 小子 虎头蛇尾  跟 我 吹 破 了 天 说 绝 不 带 哭  到 了 还 这样 

行 了 行 了  上车 吧 
史今 跑 到 队列 前  新兵 连 列队  成 基准 队形 
向 左 转 
起步 走 
一二一 
一二一 
高 城 对 这 精神 面貌 不 大 满意  来 支 歌 
史 今 为难  就 会 一 支  《 再见 吧 妈妈 》 
高 城  合适 吗 
洪 兴国 苦笑  他们 那 人武部 的 头 自卫 反击 战 下来 的  除了 这种 歌 不 教 别的 
高 城  

就 那 支 
史今  钢枪 已 擦亮  军号 已 吹 响 
预备 唱 
于是 新兵 们 拉 着 歌 走开  许 三 多 犹犹豫豫 地 走 在 队 头  老是 踩 到 领队 史今 的 脚 
押 后 的 伍六一 又 在 抹 泪  高 城 四顾无人 注意  抬 手 轻轻 拍打 
６  公路 外 ／ 日 几 辆 绑 着迷 彩 网 的 军车 行驶 在 草原 的 公路 上  这 并 不 是 草原 中心  因为 旁边 不断 掠过 乡镇 的 影子 
７  新兵 连 外 ／ 日 新兵 连 是 个 除了 健身 器材  军装 和 标准化 住房 就 看 不 出 太 多 军事 氛围 的 地方  门口  欢迎 新 同志  的 横幅 和 花 匾 还 没有 撤 去  新兵 们 已经 在 里边 站 着 队列 
高 城 冰山 也 似 地 站 在 黑板 前  板 上 写 的 不 是 党 章 不 是 军纪  而是 高 城 式 教育 的 几 个 剑拔弩张 之 字  是 骡子 是 马 拉 出来 遛 遛 
新兵 们 哑然 肃然  甚至 有 一点 骇然 
许 三 多 的 ＯＳ 连贯 着 这 几 场  和 以前 一样  认真 出 一 种 幽默  新兵 连 的 生活 开始 了 
在 新兵 连 我们 第一 个 学会 的 是 句 话  确切 说 是 两 种 动物  骡子  和 马 
合 起来 是 这么 说  是 骡子 是 马 
拉 出来 遛 遛 
８  新兵 连 内 ／ 日 许 三 多 在 翻 字典  那 是 他 的 一 大 法宝  《 现代 汉语 词典 》 － 我们 也许 不 会 觉得 这种 初中生 拿 来 垫 桌 脚 的 东西 中 可能 找 到 人生 感悟 
封皮 上 用 红 笔 写 得 有 话  奖 给 初三 班 优秀 的 学生 许 三 多 － 马 老师 
许 三 多 很 顺利 地 找到 了 关于 骡子 的 定义  那 是 自然  该 词典 都 已经 被 他 翻 卷 了 边 
许三多 （ ＯＳ ） 在 下 榕树 不 会 有 人 注意 到 骡子 和 马 的 区别  但是 连长 很 认真 地 跟 我们 说  骡子 
走 人 
马 
跟 我 上 
于是 我 更 认真 地 翻 了 字典 
骡子 － 家畜  马 驴 交配 而 生 
鬃 短 尾 略 扁  生命力 强  一般 无 生育 能力 
