成才  许 三 多  我 等 着 你 
许三多 （ 从 刚 完成 的 一 次 射击 中 转 过 头 来 ） 啊 
［ 成才 在 枪声 中 跟 他 比 了 一个 手语  然后 追随 在 袁朗 和 吴哲 身后  前 两 人 已经 撤出 隐蔽 阵地 
［ 许 三 多 微笑  他 明白 那 手语 的 意思  然后 他 开始 独自 一 人 对付 无穷无尽 的 敌军  视野 中 的 整个 厂 区 都 是 在 隐蔽 推 近 的 敌军  那 根本 不 是 一个 人 能 应付 得 来 的 兵力  自然  四 个 人 也 应付 不 来 
［ 开枪  弹壳 从 抛 壳 窗 里 迸 射  他 很快 射 光 了 一个 弹匣  在 空 弹匣 还 未 落 地 时 已经 装 上 了 一个 新 弹匣 
［ 然后 往 舍弃 的 仪器 里 放 了 一 块 炸药  他 开始 转移  被 封 在 这里 死 磕 只有 死路一条 
［ 他 是 转移 而 不 是 逃跑  尽力 把 追击 者 引 离 队友 撤离 的 方向 
［ 一 辆 装甲车 在 厂 区 里 驶 动  许三多 在 厂 区 里 跃进  装甲车 上 的 大 口径 机枪 将 他 身边 的 砖石 打 得 粉碎 
［ 敌军 迅速 漫 向 他们 方才 的 隐蔽 阵地  爆炸  Ｓ１ 小组 什么 也 没 给 敌军 留下来 
１２  炼钢 厂 外 ／ 日 ［ 许 三 多 已经 逃 进 这 处 废弃 工厂 的 无人区  他 竭力 奔 向 狭窄 之 处  以 避开 那 辆 穷追不舍 的 战车 
［ 战车 终于 被 卡 在 某 处 前进 不得  许 三 多 的 身影 在 车间 里 一 闪 而 没 
［ 车上 的 敌军 下车 追击  从 那 个 默契 的 包抄 队形 来看  那 也 是 一 批 极其 老练 的 军人 
３３． 空调 车 外 ／ 暮 何红涛 都 已经 昏昏欲睡  车 终于 停下  而且 是 不 打算 再 开 
何红涛 醒来  擦 擦 眼睛  看看 司机  到 啦 
司机  报告  最后 一 站 
何红涛 回头 瞧 一 眼 车 后  就 剩 许 三 多 了  许 三 多 也 瞪 着 他 
跟 前边 几 个 地方 相比  这里 能 算是 荒凉 到 绝境 了  车 外 是 荒原 上 兀 立 的 四 座 简易房  连 个 迎接 的 人 也 没有 
何红涛  许 三 多  你 就是 这 了 
红 三 连 二 排 五 班  看守 输油管 道 
许 三 多 看 着 这 地方 发呆  那 几 间 小屋 总算 让 这 一 路 地平线 的 旅程 有 了 个 目光 焦点 
何红涛 看看 他  即使 是 他 也 对 这 一 片 荒凉 有些 过意不去  所以 又 找 补 了 一 句 
何红涛  是 的 
一个 光荣 而 艰巨 的 任务 
《 士兵 突击 》 电视 剧本 第四 集 １． 五 班 宿舍 内 ／ 暮 许 三 多 拎 了 家什 铺盖 站 在 宿舍 里  没 命令 就 绝 不 敢 放下  于是 越发 显得 傻气 逼 人 
因为 住 在 这里 的 主 绝对 说不上 遵守 内务 的 范例  三 张 高 低 铺 只用 了 两 张  剩 一 张 卸 了 下 铺盖 作为 堆放 杂物 的 空间  四 张 铺 上 倒 有 半数 的 被子 根本 没 叠  桌上 散 的 是 在 新兵 连 视为 洪水猛兽 的 东西  几 副 扑克牌 
许 三 多 一 脸 新奇  这 是 一个 新兵 第一 次 进入 一 群 所谓 老兵 的 生活 空间 
老兵 们 一言不发 在 自己 造就 的 残局 边 站 着  李梦  老魏  薛林三 个 
李梦 更加 关注 桌上 的 套 牌  因为 牌 型 太 好 还 照 抓 在 手上 的 样子 扣 着  这 就 愈发 让 何红涛 觉得 不 满意 
何红涛  你们 班长 呢 
昨天 就 说 了 要 来 新兵  怎么 也 个 欢迎 也 没有 
瞧瞧 这 多 打击 新 同志 情绪 
你们 内务 怎么 能 搞 成 这 副 贼 型 样子 
（ 他 终于 想起 一边 戳 着 的 许三多 ） 许 三 多  东西 放下 
你们  说话 
三 个 人 戳 弄 推诿 了 几 秒 钟  终于 出来 个 老 魏  一 脸 倒霉 蛋 神情 
老魏  班长 输 了 牌  伙房 里 正 煮 面条 呢 
何红涛 再 好 的 性子 也 就 要 爆发  班长 老马 一 股 风 也 似 冲 了 进来  系 了 个 制式 炊事班 围裙  脸上 非 制式 的 纸条 还 没 扯 尽  倒 是 一 股子 平易近人 
老马  唉 哟 嗬 
报告 指导员  您 咋 这 就 到 了 
我 寻思 着 得 黑 天 才 到 呢 
如果 他 那 敬礼 还 算 标准  前边 那 语气词 和 脸上 纸条 可 让 何红涛 泄气  万般无奈  一 声 叹息  何红涛 伸手 把 他 脸上 纸条 撕 了 下来 
何红涛  我 怎么 说 你 
你 在 三 连 呆 的 时间 比 我 还 长 
你 看 这 内务 

老 马 掉转 了 头  李梦  老 魏  薛林  你们 让 我 咋 说 
那 几 个 把 被子 团 巴 了 团 巴  扑克 收拢 了 扔 进 抽屉  这 就 算是 个 交代 
何红涛  就 这样 
李 梦 反应 得 快  欢迎 新 同志 
他 鼓掌  带 起 那 几 位 干巴 的 鼓掌 声  何红涛 益发 皱 了 皱眉 
老马  新 同志 叫 啥 
许 三 多 怯 得 没 地 钻  许 三 多 
老 马 加倍 热烈 地 鼓掌  欢迎 许 三 多 来 咱 红 三 连 二 排 五 班 
许三多 同志 真 对不住  早 说 要 给 你 列队 欢迎  就是 没 码 个 准 点 
我 这 班长 先 给 你 陪 不 是  陪 

许 三 多  谢谢 
这里 真 好 
老 马 不由 犯 了 楞 登  再 一 瞧 那 小子 一 脸 崇敬 向往 之 色  又 愣 了 愣 然后 变脸  因为 要 对 那 三 位 说话 
老马  知道 咋 对 新 同志 吗 
知道  于是 给 何红涛 和 许 三 多 各 上 了 一 杯 水  许 三 多 喝 一 口 后 神情 有点 古怪  给 何红涛 上 那 杯 水 可 就 有 点 不 怀 好意 
李梦  指导员  你 慢 着 喝  这 水 含 铜 量 高  也 算 矿泉水  就是 不 知道 对 身体 是 好 是 坏 
