成才 做 了 个 哭笑不得 的 表情  搞 笑 了  你 是 什么 兵 呀 
我 告诉 你  兵 有 飞 在 天上 往 下 跳 的  那 叫 空降兵  有 坐 着 直升机 垂直 打击 的  那 叫 空中 骑兵  我们 是 一 线 平 推 决胜 千 里 的  那 叫 装甲 步兵 
我们 是 最 能 打 能 扛 的 
你 说 你 那 是 什么 
是 什么 许 三 多 也 不 知道  可 他 还是 想 了 想  我 觉得 

我们 那 也 挺 有意思 
成才 不屑 到 了 极点  有 个 屁 意思 
－ 你 想 进 去 看看 吗 
许 三 多 让 这 想法 吓 了 一 跳  我 可以 进 去 吗 
成才 有点 拿 腔  按说 是 不 让 看 


可是 

他 有 些 卖弄 地 开 了 后舱 门  许 三 多 惊奇 地 打量 着 紧凑 而 有序 的 车 内 空间 
成才  酷 吧 
车载 炮  重机枪 和 反 坦克 导弹 发射器  还有 航向 机枪  同步 机枪  专业 名词 你 听 不 懂  听听 就 行 了 
这个 射击 孔 是 我 的  要 不 要 看看 
许 三 多 就 从 那 个 射击 孔 潜望镜 往 外 瞧 着  正好 看见 史今 在 外边  在 检查 另 一 辆 车  三 班 的 ２０７ 号 车 
成才 用 种 能 知 天下 事 的 语气  别 出 声  别 让 他 瞧见 啦  这 人 臭 讲 原则  死硬 死硬 的 
于是 许 三 多 默默 地 瞧 着 史今 在 那里 检查 车辆  然后 低 了 头 
成才  你 怎么 一直 不 说话 
怎么 啦 
想 家 啦 
许 三 多 默默 地 摸 着 身下 那 个 座位  眼圈 有点 发红  我 

不 知道 
成才 立刻 就 明白 了  他 甚至 很 高兴 许 三 多 这样  有 人 羡慕 感觉 是 很 好 的 
于是 成才 长长 吁 了 一 口 气  谁 让 你 在 新兵 连 不 好好 表现 呢 
我 早就 说 过 啦 
３２． 团部 驻地 外 ／ 日 这 中国 军队 特有 的 景观  吃饭 点 到 了  整 连 整 连 的 兵 排 着 队 唱 着 歌 去 食堂 
两 个 相邻 的 连队 在 食堂 前 拉歌  那 是 每天 必 有 的 一 种 较量  都 习惯 了  谁 也 不 会 被 对方 的 歌声 带 跑 
成才 带 着 许 三 多 悄悄 溜 过  快 走 快 走 
我 跟 班长 说 了 陪 你  可 不 能 让 连长 瞧见 
于是 许 三 多 愈发 显得 象 贼 一样 
３３． 军 地 餐厅 内 ／ 日 团 大院 内 的 一个 餐厅  团队 家属 们 的 小小 副业  相对 简陋 无华  但 讲究 个 价 廉 份 大  足以 解决 一 部分 官兵 偶尔 兴起 的 口腹 需要 
成才 已经 要 了 几 个 菜  又 拿 了 几 瓶 啤酒 回到 桌前 
许 三 多 看 着 那 几 瓶 酒 
许 三 多  你 喝酒 
这 真 的 很 惊讶  因为 离家 之前 他们 还 都 是 父亲 监视 下 的 孩子 
成才  当然 会 
节假日 要 会餐 的  会餐 就要 喝酒 
你们 不 会餐 吗 
许 三 多  

我们 就 五 个 人 
成才 多少 有点 好奇  你们 那 到底 什么 鬼 地方 
好 在 下 季度 就要 去 那儿 演习 了  那 时候 我 就 知道 了 
许 三 多 拼命 想 五 班 有 什么 可 吹嘘 的 东西  我们 人 少  可 地方 大  老 马 好 象 个 大哥 一样  可 别 人 老 在 背后 取笑 他  李梦 天天 嚷 着 要 写 小说  可 我 看 他 那样 又 不 象 要 写 什么 

成才  那 有 什么 意思 
跟 你 说 我 吧  我们 班 配属 里 有 一个 狙击手  我 的 理想 是 年底 做到 狙击手  我们 机枪 手 希望 我 接 他 的 班  可 那 机枪 加上 弹 箱 加上 枪 架 可 就 太 沉 啦 
我 还是 想 干 狙击手  因为 狙击手 每 次 比赛 演习 都 有 露脸 的 机会 
知道 啥 叫 狙击 步枪 吗 
许 三 多  不 知道 
成才  知道 你 不 知道 
所以 现在 我 很 忙  但是 很 充实 

许 三 多  我 也 很 忙  也 很 

充实 
成才 瞪 大 了 眼  你 怎么 会 也 很 忙 很 充实 
世界 上 还有 比 射击 更 有意思 更 充实 的 事情 吗 
我 跟 你 说 啊  今天 一个 射击 日 我 就 打 掉 四百 发 子弹 

许 三 多 偏偏 记性 太 好  不 是 两百 发 吗 
成才 只好 瞪眼  我 说 了 两百 发 吗 
我 说 是 四百 发 

你 忙 什么 呀 
也 能 很 充实 
许 三 多 老老实实 地  我 修路 

可 那 位 根本 没 听  知道 四百 发 子弹 是 多少 吗 
不 知道  而且 没 下 文  许 三 多 忽然 恭敬 地 站 了 起来  恭敬 得 有 点 过 份  因为 看见 史 今 拎 着 两 个 饭盒 从 身边 走过 
而且 这样 的 距离 不 可能 不 看见 他们 
史今 的 表情 立刻 变 得 很 复杂  内疚  审度  宽慰  高兴 和 伤感 都 有 一点 
许 三 多  排  排长 
史今  我 是 班长  在 新兵 连 临时 调 的 排 长 


你 还 好 吗 
许 三 多 
不 知道 为什么  史 今 这种 迟迟疑疑 边 说 边 想 的 说话 方式 就 是 比 成才 的 果断 自信 让 许三多 听 着 舒服  从 心里 听 出 一 种 慰 贴 
许 三 多  我 好 


挺 好 
成才  嘿  你 该 说 班长 你 好 吗 才 是 

史 今 打断 了 他  知道 你 在 三 连 五 班  那里 

很 重要  没 你们 看守 和 维护  我们 的 车 就 要 在 草原 上 抛锚 
许 三 多  我 知道 
这 工作 特别 特别 有 意义 
史今 说 不 出 话 来  因为 这 话 是 他 说 的  而且 是 他 不 打算 要 这个 人 时 说 的 
