许百顺 拖 着 他 的 三 个 小子 走过  我们 不妨 把 这 四 人 行 称之为 展览 
目标 是 村长 家  本村 最 堂皇 的 一 栋 建筑 
５  村长 家 外 ／ 日 村长 坐 门口  吧哒 着 烟 锅子 
小 成才 在 摇篮 里  有 人 照顾 着 
许百顺 站 门口  左 牵 一 乐  右 擎 二 和  背 驮 三 多  尘土 飞扬  坐 没 得 坐 水 没 得 喝  较量 的 时段 已经 过去  现在 许 百 顺 对 村长 恰似 求 地主 的 长工 
许百顺  村长  给 句 实话  这 战 打 多久 
能 不 能 打 出 个 八 年 十 年 来 
村长 这时 就 有 些 官 威  干 嘛 要 八 年 十 年 
许 百 顺 盘算  一 乐 十三 岁  还 几 年 够 兵 龄  我 想 他 参军 
２１． 五 班 驻地 外 ／ 日 现在 是 老魏 在 找 石头  李梦 在 砸 石头  薛林 和 老马 在 铺 石头 
许 三 多 反而 不 知道 干 什么 好 了  只好 一边 观摩 
许三多 （ ＯＳ ） 后来 我们 开 了 班会 
为了 跟 以往 的 小 班会 分开  老马 叫 它 大 班会 
大 班会 决定  修 路 
路 只 有 一 条  已经 修好 了  我们 刚 开始 不 知道 修 什么 
于是 大家 决定 沿着 原来 的 路 修 出 一个 五角星 来  于是 从 这 头 到 那 头  比 没 路 的 时候 要 走 更 远 的 距离 
我 不 懂 这 是 为什么 
李梦 说  你 以 为 我们 真 在 修路 吗 
２２  五 班 驻地 外 ／ 暮 不同 于 五 班 的 以往  那个 劳 民 而 不 伤 财 的 修路 计划 已经 完成 了  现在 因为 各色 石子 铺 出 的 图案  因为 道 边 点缀 的 植物  因为 那 个 作为 路 来 说 过于 复杂 的 造型  五 班 的 路 看上去 不再 象 路  而 多 了 些 园艺 色彩 － 它 象 花坛 道 
老马 站 在 五角星 的 这 端  看 着 五角星 的 那 端  心 有 旁 骛 的 人 永远 做 不 到 需要 这样 耗 心 费神 的 成就  于是 老马 因为 这种 事 倍 功 半 而 觉得 满足 
那 几 个 人 甚至 更加 满足 
许 三 多 仍 在 疑惑 
老马  还 缺 点 东西 
薛林  缺 什么 
老马  旗杆 
哪个 军事 单位 都 会 有 根 旗杆 
李梦  嗯 
老魏  找 旗杆 
工作 让 这 帮 屁 王 的 语言 都 简洁 了 很多  而 老马 的 眼里 隐现 着 满意  这 是 第一 次 他 有 信心 把 这里 叫作 军事 单位  而 那 几 位 都 没有 提出 异议 
２３  荒原 外 ／ 晨 旗杆 相对 于 铺路 来说 是 过于 简单 的 工程  一 根 旗杆 已经 在 空地 上 竖 了 起来 
为了 以 示 庄严  旗杆 被 设在 五角星 的 中心  于是 看 起来 五 班 的 疆域 忽然 扩张 了 不 知 多少 倍 
几 个 小小的 人影 走向 这 疆域 的 中心  老马 捧 着 一 面 旗 
站 定 了  先 对 旗杆 行 注目礼 
老 马 存心 让 这个 仪式 持久 一些 
老马  立正 
升旗 
然后 大家 面面相觑  因为 事先 没 定 谁 来 升旗 
薛林  班 座  这么 伟大 的 事 当然 是 你 来 
老马  不 是 我 
许 三 多  过来 
许 三 多 被 惊 了 一下  我 不 会 

我 紧张 
老马  是 中国 人 不 是 
升 自家 的 旗 你 紧张 
这么 严重 的 口气 也 就 仅次于 命令 了  于是 许 三 多 过去  旗 一点一 点 往 上升  李 梦 吹 着 口琴 伴奏  使 这 一切 中 日常 的 温馨 多 于 国家 的 庄严 
升旗 毕  老 马 瞧 着 他 的 部下  意 仍 有 未 尽  总 觉得 还 该 说 点 什么  这 就 是 胜利 


嗯  一个 小小的 胜利 
我们 现在 

现在 并 不 太 清楚 该 干 什么  老 马 小小 地 犹豫 了 一下 
李梦  先 庆祝 一下  庆祝 一下 啦 
老 马 瞧 着 那 小子 眼里 的 不 怀 好意  立刻 警惕 起来  庆祝 可以 
不许 庆 我 的 祝 
薛林 爽快 地  那 就 庆 三 呆子 的 祝 
许 三 多  来 来 
很 少 有人 对 许三多 微笑  所以 几 个 人 那 一 脸 堆 笑 立刻 让 许 三 多 警惕 起来  这 份 警醒 功夫 他 倒 是 从小 就 做 得 十足 了 
许 三 多  要 干什么 
老魏  不 干 什么 
与 民 同 乐 吧  小子 
许 三 多 开始 拔 步 跑 路  躲闪  班长 
班长 
班长 
他 几乎 绝望  老马 也 在 为虎作伥 地 围追 堵截 
一个 从 小 被 人 追 大 的 家伙 不 那么 好 抓  他 连 跑 带 躲  那 几 个 连 他 的 边 也 沾 不 着 
老马  许 三 多  立正 
于是 就 立正  立刻 被 那 几 个 掐 手 掐 脚 抬 了 起来 
李梦  打牌 是 四 个 人 的 事情  你 可以 不 参加  这 可是 五 个 人 的 活  你 一定 得 与 民 同 乐 
老马  废话 废话  飞 起来 飞 起来 
他 实在 比 谁 都 上 劲  于是 许 三 多 就 飞 起来  如 是 再三  最后 砰 然 落地  砸 了 个 沙土 飞溅 
薛林  换 下 一个 
老马 正 得意 忘 形  立刻 被 逮 个 正 着  然后 他 也 飞 了 起来  这 回 是 三 抛 一  一个 把持 不 稳  老马 的 第一 趟 飞行 便 尘埃 落地  他 在 地上 翻 了 半 个 滚  然后 不 动 了 
顿时 哑然 
李梦  班长 
没有 回应  老魏 的 声音 开始 发 颤  

班长 
又 寂然 了 一会  老马 终于 从 身子 下 抽出 一 只 手  捂住 自己 的 腰 
２４． 五 班 宿舍 内 ／ 夜 电视 里 的 图形 仍 不 清楚  李 梦 狠狠 砸 巴 了 两 拳  整 好 证明 了 很多 家电 都 欠 揍 的 原理  它 拧 出 几 个 至少 看得出 是 什么 的 图形 
