有 一 条 路 用 了 我 的 名字  叫 许 三 多 路 
老马  

好 
发 了 吧 
许 三 多  李梦 他们 不 怪 声 怪 气 跟 我 说话 了  因为 他们 不 跟 我 说话 了 
我 原来 以 为 人人 都 会 那样 跟 我 说话  可 他们 不 那样 了  我 觉得 不 那样 真 好 
可 现在 他们 干脆 不 跟 我 说话 了  我 觉得 就算 那样 

也 没什么 不好 
如果 有 一个 人 天天 对 着 世界 笑 到 牙 酸  却 换 不 回来 一个 笑脸  那 他 的 神情 可能 就 与 许 三 多 有 点 相像  许 三 多 迷惘  无奈  辛酸  不满  他 难得 会 表现 出 自己 的 不满  这种 不 满 聚焦 成 了 泫 然 欲 涕  但 他 甚至 没 感觉 到 自己 在 哭 
老 马 怔忡 地 坐 下  怪 我  许 三 多 
不 怪 他们  怪 班长 
许 三 多 显然 没 想 该 去 怪 谁  他 只是 流 他 的 眼泪  我 想 我 真 的 很 招 人 讨厌 
我 想 家 了  班长 
老 马 怔 怔 望 着 山下 的 五 班 驻地  那个 小 小 的 世界  他们 唯一 的 世界 
４０． 草原 外 ／ 晨晨 光 初 现  何红涛 的 三 轮 摩托 在 车道 上 飞 驶  屁 驴子 的 轰鸣声 响彻 原野 
边 斗 里 载 着 一个 没 见 过 的 军人 
这个 军人 戴 着 眼镜  野战 部队 难得 有 人 会 戴 这么 一 副 金丝 边 的 眼镜 
《 士兵 突击 》 电视 剧本 第六 集 １． 五 班 驻地 外 ／ 日 ［ 何红涛 把 车 停 在 五 班 驻地 外  大张旗鼓 地 摁 着 喇叭  直到 班里 的 人 出来 
何红涛  隆重 介绍 
这 是 咱 团 宣传科 头号 笔杆子 —— 张 干 事 
大手笔 
人 专 管 团 报 的 
今儿 过来 打算 给 咱们 好好 宣传 一 下 
［ 何红涛 今天 有点 不 同 往常 的 咋呼 劲  与 他 当时 送 新 丁 入 荒原 时 有 些 恍 似 
众人 （ 敬礼 ） 首长 好 
张 干事 （ 还礼 ） 大家 好 
—— 你们 别 见 带 衔 的 就 往 大 里 喊  首长 我 担 不 起  叫 干 事 又 不 乐意  痛痛快快 老 张 行 吗 
［ 就 这样 五 班 照样 端 着 军队 的 份儿  老 张 好 
［ 身为 团部 军官  老 张 对付 班级 单位 也 很 有 一 手  立刻 笑笑 
张 干 事  今儿 来 没 别的  为 我 自己 考虑 呢  采访 采访 大家  给 团 报 上 增添 点 光彩  为 大家 考虑 呢  给 大家 拍 点 照 
附带 说明  我 这 相机 是 刚 添 的 数码  不 费 卷 不 费 相纸  印刷 费 团部 出  拍 好 了 是 一定 要 寄 给 大家 的 
［ 五 班 的 军人 架子 立刻 瓦解  彼此 开始 捅 咕 和 使 眼神 － 连 老马 在内 
张 干 事  （ 笑 ） 还 等 什么 
不 赶紧 回 屋 换 身 光 鲜 点 的 
［ 大家 一窝蜂 回 宿舍  李梦 从 外 边 跑 回来  拖 着 杆 枪 混迹 其间  让 老马 看见 
老马  李梦  不 是 你 的 岗 吗 
李梦  回来 小个 便 
老马  你 不 一向 就 地 解决 吗 
今儿 咋 文明 啦 
何红涛  五 班长  有 点 事 跟 你 说 
［ 李 梦 忙 混进 宿舍 里 
村长 一 翻 眼  打 完 咧  小 半 个 月 就 打 完 咧 
许百顺 的 脸上 写 足 了 震惊 和 失望  那 几乎 不 是 一个 中国 国民 该 有 的 表情 
许百顺  咋 打 的 
村长  那 就 不 知道 
我 跟 你 说 啊  以后 呢  该 种地 的 种地  搞 生产 的 就 搞 生产  咱们 就 搞 建设 了 
再 过 些 年 就 二零零零年 啦  二零零零年 就 啥 都 实现 啦 
许百顺 仍 执 着 着  我 就 不 信  我 家里 三 个 总 得 有 一个 能 当 上 兵 
他 心 不甘 情 不 愿  拖 家 带 口 地 回去 
许三多 （ ＯＳ ） 此时 的 中国 有 很多 地方 等 着 男子汉 们 去 流血 流汗 
—— 男子  年青 力 壮 抡 得 动 锹 也 拿 得 起 枪 的 男子  在 中国 似乎 永远 是 一个 光宗耀祖 的 话题 
６  许百顺 家 内 ／ 日 一九八四年 
对 老许 家 来说 并 不 是 一个 快乐 的 年份  母亲 的 遗照 在 桌上  墙上 褪色 的 毛 主席 像 和 桌前 的 香烛 配 得 有 点 不伦不类 
许 家 哥 仨 一 条 线 站 在 桌前  过于 严肃  除了 一 乐 之外 那 两 位 并 不 懂得 亲人 逝世 的 悲伤 
许百顺 是 懂 的  许百顺 坐 在 桌前  一个 强压 着 哀 恸 的 中年 男人  他 离 垮 掉 也 就 差 一 步 了 
但是 许 家 哥 仨 的 注意力 全 在 许 百 顺从 口袋 里 掏 出 的 钱 上  一 张 一 块 上 又 加上 一 块  稍 犹豫 一会  又 是 一 块 
连 一 乐 的 悲伤 都 快 被 这 笔 巨款 惊 没 了 
许百顺  你们 的 妈 去 得 早 
她 说  咱 儿子 要 当兵  那个 有 出息 
他 断 了 一会  然后 把 那 笔 巨款 交给 了 一 乐 
许百顺  一 乐 去 当兵  去 了 县城  先 吃 点 好 的  查 身体 别 涮 下来 
这 两 崽子 带 着  给 他们 先 长长 见识 
一 乐 兴奋 得 几 要 提前 来 个 军礼  许百顺 一 声 叹息 肝肠寸断  叫 他 的 军礼 只 敬 出 一半 
许百顺  要 长 出息 呵 
７  许百顺 家 内 ／ 日 一九九一年 
仍 是 那个 景  但 家具 已经 换 了 些  母亲 的 遗像 也 已 撤 去  父亲 的 脸上 已 没 了 伤 悲  但 多 了 些 苍老 
许 家 哥 仨 仍 是 一 字 横 列 
一 乐 干脆 是 没有 穿 鞋  一 双 与 泥 壳子 无 差 的 鞋 扔 在 一 米 开外  一 双 泥泞 的 左脚 搓 着 泥泞 的 右 脚  显然  他 没 当成 兵 
