［ 卡车 驶 走 
［ 这 在 现实 中 也 只 是 三两 分钟 内 发生 的 事情 
３． 卡车 外 ／ 晨 ［ 士兵 们 在 拥挤 的 车厢 里 沉默 着  风 往 疾驰 的 车厢 里 灌  刚 从 被子 里 爬 出来 的 兵 们 下意识 地 挤 在 一起 取暖  有 人 利用 这 宝贵 的 时间 抽 上 起床 后 的 第一 支 烟 
［ 许 三 多 透过 车厢 的 缝隙 看 着 外边 的 蒙蒙 星光 
［ 一 枝 烟 递 了 过来 
成才 （ 画 外 ） 昨 儿 晚上 睡 得 好 吗 
许三多 （ 亲热 地 笑笑 ） 你 知道 我 不 会 
成才  装甲兵 不 抽烟 是 不 可能 的 
（ 凑 过来 ） 挤挤  该 多 穿 件 毛衣 
咱们 训练 烟尘 大  叫 作 每天 二两 土  上午 吃 不 够  下午 还 得 补 
你 不 抽 根 烟 熏 熏  肺 里边 见天 一 股 土 味 
点 上 
许三多 （ 犹豫 ） 还是 不 抽 
［ 旁边 的 白 铁军 就手 把 烟 抢 了 过去 
白铁军  他 不 抽 我 抽 
（ 看看 烟 牌 ） 成才  你 咋 给 你 老乡 也 上 大 建设 
成才 （ 恼羞成怒 ） 我 自己 抽 的 啥 你 没 看见 吗 
你 老 挤兑 我 干 啥 
伍六一 大清早 地 吵 吵 啥 
安静 
成才 （ 对 许三多 ） 你 不 抽 就 不 抽  以后 王八 蛋 的 再 给 你 上 烟 了 
［ 车 里 的 人 安静 下来  主要 是 因为 车 拐 个 弯 后  外边 已经 听见 大功率 发动机 的 隆隆 声 
４． 靶场 外 ／ 晨 ［ 这 是 一 片 宽阔 的 装甲 车辆 射击场  交错 的 车辙 印  尽头 是 灰蒙蒙 的 山峦 
［ 一 排 三 辆 步 战车 正在 空地 上 驰骋 预热  射击场 上 早 辗 出 了 近 尺 深 的 浮土  顿时 满天 如 起 了 茫然 大雾 
［ 对 装甲兵 来说  这 早 算 正常 了  许 三 多 却 自 跳 下 车 起 就 大 声 打 着 喷 啾 
［ 高 城 一 步 一个 坑  从 灰土 里 拔 出 脚 来 站 到 队伍 跟前 
高 城  立正 —— 稍息 
报数 
［ 他 用不着 管 风沙 漫天 中 列队 的 那些 琐碎  用 望远镜 看 着 靶场 那 头 的 设置 
后边 的 队列 报 着数  起 了 阵风  一阵子 伸手 不见 五指 后  满 连 的 士兵 顿时 都 落 了 层 土 
［ 灰雾 蒙蒙 中 现出 几 个 人影  当 头 的 一个 是 王庆瑞  比 士兵 们 干净 不 到 哪 去 
高 城  报告 团长  钢 七 连 正 进行 人 车 协同 训练课 目  请 团长 指示 
团长  继续 训练 
高城 （ 对 部队 ） 今天 特意 找 的 风沙 天  就 为 增加 难度 
战场 上 能见度 会 比 这 还 差 得 多  必须 习惯 不 光 靠 肉眼 也 靠 感觉 射击 
—— 那 个 兵  你 捂 什么 眼 
我 还 开口 说话 呢 
你 以为 我 吃 的 土 比 你 少 吗 
［ 那个 人 当然 是 许 三 多  他 忙 将 灰 迷 了 的 眼睛 睁 开  使劲 地 睐 着 
高 城  解散 
上 五 号 车 领 弹药  一 排 射击 准备 
［ 士兵 们 散开  高 城 转向 王庆瑞 
高 城  请 团长 指示 
王庆瑞  一 嘴 土 吧 
我 的 水 你 喝 不 喝 
［ 王庆瑞 把 茶 缸子 递 过去  高 城 老实 不 客气 喝 了 口 
高 城  您 怎么 还 喝 花茶 
得 换 绿茶  天天 泡 战车 很 上火 的 
王庆瑞  你 是 什么 都 挑三拣四  听说 对 我 推荐 过去 的 兵 也 不 满意 
高 城  您 也 瞧见 了  来 把 土 他 得 捂 眼睛  来 颗 子弹 准备 好 尿 裤子 
王庆瑞  你 父亲 跟 我 说  你 幼儿园 那 会 就 抱 着 漂亮 女 老师 不 撒手  他 那 会 就 怕 你 长成 花心 大 萝卜 
［ 高 城 连忙 往 周围 看看  确定 没 人  然后 就 有 些 赧 然 
高 城  说 那 干 嘛 
那 事 没 意思 
王庆瑞 （ 乐 了 ） 现在 呢 
就 是 说 人 都 会 变  而且 这个 变 没有 极限 
５． 靶场 外 ／ 日 ［ 一 辆 步 战车 驶过 来 停下  许 三 多 看 着 那 宽阔 的 车体 发愣 
［ 史 今 在 忙碌  训练 展开 前 对 一个 班长 是 最 忙碌 的 时候  百 忙 中 跟 许三多 交代 一 句 
史今  记 住 ２０７ 
这 咱们 班 的 战车 
许 三 多  这 就是 我 的 战车 
［ 史 今 不由 皱眉 瞧 他 一 眼  不过 实在 太 忙  也 没 功夫 去 纠正 单数 式 和 复数 式 的 区别 
许 三 多 就 原地 看 着 那 车 打 心里 叹 出来  并且 很 想 伸手 去 触摸 一下 
成才 （ 画 外 ） 许 三 多  看看 我 的 枪 
［ 灰蒙蒙 中 成才 举 着 一 枝 纤 长 的 狙击 步枪 冲 许 三 多 乐  许 三 多 也 乐  想 过去 
伍六一 许 三 多  你 跟 我 过来 
［ 许 三 多 老老实实 被 伍六一 带 到 步 战车 后舱 门 
伍六一 你 新 来 的  这 段 时间 会 对 你 从宽 要求 
可 你 也 得 注意 学习  比如说 车 停 在 这  你 就 可以 练 练 登 车  你 不 练 没 人 盯 你  可 最后 做 了 后进 的 就是 你 
［ 许 三 多 点 头 不 迭  伍六一 拉开 舱门  许 三 多 看 着 那 对 他 充满 神 密 的 车 内 
伍六一 练 吧 
［ 许 三 多 上车  坐下  回头 看 了 看 
伍六一 你 这么 上 车 就 上 你 一个 得 了  全 车 都 堵 在 外边 
你 以 为 战场 上 跟 今天 一样 就 刮 个 风 
飞 的 可 全 是 子弹 弹片 
下来  注意 观察 
［ 伍六一 登 车  那 是 把 庞大 的 身体 蜷 成 一 团  嗖 的 一 声 跃进 宽 高 不 过 一 米 二 的 舱门  顺手 将 舱门 带 上  这 一切 不过 是 一秒 内 完成 的 事 
