这 表明 ， 父母 的 行为 监控 是 降低 儿童 反 社会 行为 的 比较 稳健 的 保护 因素 ， 不仅 能够 直接 改善 儿童 的 反 社会 行为 ， 而且 还 具有 一定 的 压力 抵抗 效应 ， 但是 对于 降低 儿童 情绪 失调 的 稳健 性 则 相对 较 弱 。
由于 父母 外出 打工 ， 农村 留守 儿童 的 养育 者 在 空间 上 被 分隔 为 两 类 [ 9 ] ： 流动 于 城市 打工 的 流动 养育 者 、 与 儿童 留守 在 农村 的 留守 养育 者 。
单亲 外出 儿童 （ 父母 一 方 外出 打工 ） 的 留守 与 流动 养育 者 分别 是 他们 的 母亲 或 父亲 ， 双亲 外出 儿童 （ 父母 双方 均 外出 打工 ） 的 留守 与 流动 养育 者 则 分别 是 他们 在 家乡 的 监护 者 和 在 外 打工 的 父母 。
流动 养育 者 与 留守 儿童 之间 的 交往 具有 时间 上 的 长期 间断性 、 空间 上 的 远 距离 性 、 交往 的 长期 非 面对面 性 和 互动 频率 较 低 的 特点 [ 10 ] ， 留守 养育 者 则 承担 着 直接 教养 儿童 的 责任 。
在 这 一 特殊 背景 下 ， 养育 者 行为 监控 在 降低 儿童 心理 社会 问题 上 的 保护 效应 是否 适用 于 农村 留守 儿童 ， 即 保护 效应 的 普遍性 问题 ， 值得 进一步 探讨 。
并且 ， 由于 单亲 外出 儿童 与 双亲 外出 儿童 的 留守 、 流动 养育 者 的 组成 人员 不同 ， 养育 者 行为 监控 在 降低 儿童 心理 社会 问题 上 的 保护 效应 可能 会 因 留守 类别 的 不同 而 有所 差异 。
当前 已 有 的 农村 留守 儿童 研究 尚 没有 对 上述 问题 进行 解答 。
综 上 ， 本 研究 拟 以 双亲 外出 儿童 与 单亲 外出 儿童 为 研究 对象 ， 基于 留守 养育 者 与 流动 养育 者 之间 的 区分 ， 对 以下 问题 进行 探讨 ： ① 养育 者 行为 监控 能否 直接 降低 留守 儿童 的 反 社会 行为 与 孤独感 ？
② 养育 者 行为 监控 能否 调节 压力 与 留守 儿童 反 社会 行为 、 孤独感 之间 的 关系 ？
③ 养育 者 行为 监控 的 保护 效应 是否 在 不同 留守 类别 的 儿童 中 有所 差异 ？
1 对象 与 方法 1. 1 被 试 从 河南省 某 一 乡镇 选取 小学 四年 级 到 初二 共 14 个 班级 的 207 名 留守 儿童 ， 双亲 外出 儿童 90 名 ， 单亲 外出 儿童 117 名 。
年龄 分布 在 10 岁 到 17 岁 之间 ， 平均 年龄 为 13. 92 岁 。
其中 ， 小学 留守 儿童 87 名 ， 初中 留守 儿童 120 名 ， 男生 123 名 ， 女生 84 名 。
由于 单亲 外出 家庭 中 母亲 外出 的 比例 较 低 （ 原始 样本 中 只有 4 名 ） ， 本 样本 中 仅 包含 了 父亲 外出 打工 的 儿童 ； 双亲 外出 儿童 中 没有 包含 自我 监护 的 儿童 。
1. 2 测量 内容 1. 2. 1 孤独 采用 Asher 等 人 编制 的 孤独 量 表 来 测量 青少年 的 孤独感 [ 11 ] 。
该 量 表 共计 24 个 项目 ， 包括 16 个 有效 条目 和 8 个 补充 条目 。
每个 项目 采用 5点 计分 ， 从 1 “ 一直 如此 ” 到 5 “ 绝非 如此 ” 。
分数 越 高 ， 表明 青少年 的 孤独感 越 强 。
1. 2. 2 反 社会 行为 运用 儿童 行为 核查 表 （ 青少年 ） 中 的 偏差 行为 （ delinquent ） 分量 表 对 儿童 的 反 社会 行为 进行 测 查 [ 12 ] 。
采用 三点 计分 （ 1 “ 根本 不 这样 做 ” 到 3 “ 总 是 这样 做 ” ） ， 让 儿童 对 该 量 表 的 9 个 项目 进行 回答 ， 例如 “ 我 常 跟 一些 爱 惹麻烦 的 孩子 混 在 一起 ” ， “ 逃课 或 逃学 ” 等 。
该 量 表 已 被 用于 包括 中国 在内 的 多 个 国家 青少年 群体 的 测量 ， 具有 较 好 的 信 度 和 效 度 [ 12 ] 。
1. 2. 3 留守 日常 烦恼 采用 留守 日常 烦恼 核查 表 进行 测 查 [ 9 ] 。
该 核查 表 包含 两 个 部分 ： 一般 日常 烦恼 和 留守 消极 事件 。
一般 日常 烦恼 核查 表 包括 72 个 项目 ， 是 指 农村 留守 儿童 与 非 留守 儿童 共同 经历 的 日常 烦恼 ； 留守 消极 事件 核查 表 包括 16 个 项目 ， 是 指 由于 父母 外出 打工 这 一 特定 事件 而 引发 的 消极 事件 ， 如 “ 别人 说 爸爸 / 妈妈 不 要 我 了 ” 等 。
每个 项目 均 采用 三点 计分 （ 从 0 “ 没 发生 ” 到 2 “ 经常 发生 ” ） ， 被 试 报告 从 “ 开 学 到 现在 （ 测量时间 ） ” 这 段期间 各种 事件 的 发生 频率 。
该 核查 表 具有 良好 的 信 度 和 效 度 [ 9 ， 13 ] 。
在 本 研究 中 ， 一般 日常 烦恼 核查 表 的 内部 一致性 系数 为 0. 92 ， 留守 消极 事件 核查 表 的 内部 一致性 系数 为 0. 74 。
根据 本 研究 的 目的 ， 我们 用 留守 儿童 在 一般 日常 烦恼 与 留守 消极 事件 两 个 核查 表 上 的 累积 得分 来 代表 儿童 的 留守 日常 烦恼 ， 也 就 是 本 研究 中 农村 留守 儿童 日常 压力 的 指标 。
1. 2. 4 养育 者 的 行为 监控 采用 Barber ， Stolz 和 Olsen 修订 的 父母 行为 监控 问卷 [ 5 ] ， 测量 养育 者 对 儿童 的 行为 监控 状况 。
问卷 包括 测 查 内容 完全 相同 的 父亲 / 母亲 两 个 分 问卷 ， 双亲 外出 儿童 还 增加 了 “ 住 在 一起 的 大人 ” 分 问卷 。
采用 三点 记分 （ 1 “ 不 知道 ” 到 3 “ 知道 ” ） ， 测 查 儿童 觉 知 到 的 父亲 / 母亲 / 住 在 一起 的 大人 对 自己 行为 的 相对 知晓 程度 ， 例如 ： “ 父亲 / 母亲 / 住 在 一起 的 大 人 知道 我 晚上 去 哪里 了 ” 等 。
该 问卷 已经 被 用于 包括 中国 在内 的 涵盖 多种 文化 的 多 个 国家 的 测量 [ 5 ] ， 具有 较 好 的 信 度 和 效 度 。
在 本 研究 中 ， 对于 单亲 外出 儿童 ， 父亲 行为 监控 作为 其 流动 养育 者 行为 监控 的 指标 ， 母亲 行为 监控 作为 留守 养育 者 行为 监控 的 指标 。
对于 双亲 外出 儿童 ， 初步 分析 发现 ， 父亲 行为 监控 和 母亲 行为 监控 之间 的 相关 系数 为 0. 68 （ P0 .
05 ） ； 对于 男孩 ， 双亲 外出 和 单亲 外出 儿童 的 留守 、 流动 养育 者 的 行为 监控 均 不 存在 显 著 差异 （ Ps > 0. 05 ） ； 其他 主 效应 和 交互 作用 均 不 显 著 （ Ps > 0. 05 ） 。
