20分钟 后 所有 的 语文 阅读 测试题 都 上交 ， 5 位 主 试 马上 在 教室 批阅 试卷 并 计算 分数 ， 被 试 在 教室 一边 看 书 ， 一边 等待 测试 结果 。
但 实际上 5 位 主 试 并 没有 批阅 试卷 ， 而 只是 在 每 位 被 试 的 成绩单 上 写 上 他们 的 成绩 及 小组 名次 。
30分钟 后 ， 主 试 告诉 被 试 ， 所有 的 试卷 都 已经 批阅 完成 ， 且 已经 计算 出 每 个 小组 的 小组 成绩 。
为了 诱发 被 试 的 消极 情绪 ， 每 位 被 试 看到 自己 的 成绩 是 30分 ， 而 小组 内 其他 两 位 成员 的 成绩 分别 为 96分 和 95分 ， 小组 的 总成绩 为 全班 倒数 第一 名 。
被 试 被 逐个 邀请 到 主 试 处 查看 自己 的 成绩 、 小组 成员 的 成绩 及 小组 的 名次 。
然后 询问 被 试 以下 三 个 问题 : ( 1 ) 看到 这个 考试 结果 ， 你 现在 的 心情 是 什么 ?
( 2 ) 为什么 你 会 有 这样 的 心情 ?
( 3 ) 你 接下来 打算 怎么 做 ?
根据 内疚 的 定义 ， 在 本 研究 中 将 内疚 分为 三 个 层次 ， 在 第一 个 问题 中 回答 难 过 、 后悔 或 内疚 ， 则 表明 被 试 达到 内疚 的 第一 层次 ; 在 第一 个 问题 中 回答 难 过 、 后悔 或 内疚 ， 并 在 第二 个 问题 中 回答 责任 定向 ， 则 表明 被 试 达到 内疚 的 第二 层次 ; 在 第一 个 问题 中 回答 难 过 、 后悔 或 内疚 ， 并 在 第二 个 问题 中 回答 责任 定向 ， 同时 在 第三 个 问题 中 回答 弥补 或 改正 行为 ， 则 表明 被 试 达到 内疚 的 第三 层次 。
2． 2． 3． 2 亲 社会 行为 调查 询问 被 试 ， 我们 接下来 要 做 一个 研究 ， 需要 一些 研究 材料 ， 给 被 试 呈现 亲 社会 行为 问卷 ， 询问 被 试 是否 愿意 帮忙 填写 ?
如 愿意 ， 进一步 询问 ， 这个 问卷 一 共有 三 个 部分 ， 他 愿意 帮忙 完成 几 个 部分 ?
要求 被 试 拿 着 亲 社会 问卷 到 另 一个 教室 填写 ， 不 愿意 的 被 试 也 需 到 那个 教室 看 书 ， 直到 所有 被 试 都 接受 以上 询问 ， 最后 将 亲 社会 问卷 收回 。
因 被 试 均 被 30分 的 考试 成绩 诱发 出 消极 情绪 ， 316 心理 科学 为 消除 这 次 实验 带来 的 不良 情绪 ， 实验 结束 后 ， 立刻 向 被 试 解释 实验 安排 和 目的 ， 对于 给 他们 带来 了 消极 情绪 表示 抱歉 ， 请求 他们 原谅 ， 并 给予 小 礼物 。
控制组 只 接受 亲 社会 行为 问卷 的 调查 。
2． 2． 4 编码 过程 由于 对 内疚 的 测量 采用 的 是 开放式 问题 ， 需要 先 对 被 试 的 回答 进行 编码 。
编码 的 程序 如下 : 先 请 两 位 不 熟悉 本 实验 研究 目的 的 心理 学 专业 学生 对 被 试 的 回答 进行 分类 ， 同时 列出 不同 类别 的 标准 ， 再 另外 请 两 位 不 熟悉 本 研究 目的 的 心理 学 专业 学生 ， 根据 分类标准 对 被 试 的 答 案 进行 编码 ， 两 人 编码 的 一致性 系数 达到 ． 964 。
最后 请 两 人 对 彼此 不 一致 的 编码 进行 讨论 ， 达成 一致 的 意见 。
根据 以上 的 编码程序 ， 以及 以往 研究 中 采用 的 情绪 归 因 的 类别 ( Wiersmaetal ． ， 2000 ; Arsenioetal ． ， 1992 ; Lourenco ， 1997 ) ， 将 情绪 归 因 分为 六 类 : ( 1 ) 结果 定向 ——— 根据 行为 产生 的 结果 ， 如 : “ 考试 得 了 30分 。
” ( 2 ) 道德 定向 ——— 根据 行为 者 对 道德 准则 的 坚持 或 偏离 ， 如 : “ 不 应该 考 得 那么 低 。
” ( 3 ) 奖惩 定向 ——— 根据 行为 者 可能 存在 的 外部 奖惩 ， 如 : “ 老师 会 批评 我 的 。
” ( 4 ) 责任 定向 ——— 根据 行为 者 或 他人 应 承担 的 责任 ， 如 : “ 是 我 自己 没有 考 好 ， 拖 了 小组 的 后腿 ” 。
( 5 ) 无效 回答 ——— 回答 “ 不 知道 ” 或 说 与 实验 无关 的 事 。
采用 以上 的 编码程序 对 后 继 行为 的 推理 进行 编码 ， 分为 以下 三 类 : ( 1 ) 逃避 或 负 性行为 ——— 个体 在 不良 后果 发生 后 采取 逃避 行为 或 继续 采取 不 正确 的 行为 ， 如 不 看 考试 成绩 ; ( 2 ) 弥补 或 改正 行为 ——— 个体 在 不良 后果 发生 后 采取 弥补 行为 ， 或 纠正 自己 的 不良 行为 ， 如 以后 努力 学习 ， 争取 考 出 好 成绩 ; ( 3 ) 无效 回答 ， 如 不 知道 或 与 问题 无关 的 回答 。
2． 3 结果 分析 由于 所有 的 变量 在 性别 之间 均 无 显 著 性 差异 ， 因此 以下 的 数据 分析 均 不 统计 性别 差异 。
2． 3． 1 对 儿童 亲 社会 行为 的 分析 对 儿童 亲 社会 行为 进行 分析 ， 结果 见 表 1 。
表 1 儿童 亲 社会 行为 的 平均数 和 标准差 从 表 1 的 数据 可以 发现 ， 5年 级 学生 的 亲 社会 行为 分数 并 不 高 ， 不管 是 承诺 的 亲 社会 行为 还 是 实际 实施 的 亲 社会 行为 ， 总分 都 为 3 ， 但 两者 实际 的 分数 均 不 超过 2 。
这 表明 5年 级 学生 的 亲 社会 行为 倾向 并 不 明显 。
不管 是 情绪 诱发 组 还 是 控制组 ， 5年 级 学生 承诺 的 亲 社会 行为 与 实际 实施 的 亲 社会 行为 的 相关 均 达到 显 著 水平 。
对 情绪 诱发 组 与 控制组 的 亲 社会 行为 进行 比较 后 发现 ， 不管 是 承诺 的 亲 社会 行为 还 是 实际 实施 的 亲 社会 行为 ， 两 组 学生 之间 均 不 存在 显 著 性 差异 ， 为何 会 出现 这样 的 结果 ?
难道 是 5年 级 小学生 的 内疚 情绪 不 能 促进 其 亲 社会 行为 水平 的 提高 ?
还是 在 本 研究 中 ， 现场 设置 的 情景 不 能 诱发 5年 级 小学生 的 内疚 情绪 ?
为此 ， 我们 又 进一步 分析 了 情绪 诱发 组 在 得知 由于 自己 的 成绩 低下 导致 团体 名次 低下 时 的 情绪 状态 。
2． 3． 2 对 儿童 情绪 状态 的 分析 我们 在 研究 过程 中 曾 询问 儿童 当时 情绪 状态 的 问题 ， 为了 确定 现场 情景 中 儿童 的 情绪 状态 、 情绪 归 因 及 后 继 行为 ， 对 其 回答 进行 统计 ， 结果 发现 ， 所有 学生 都 报告 当时 比较 难 过 ， 这 表明 情绪 诱发 组 的 小学生 在 当时 设置 的 情景 中 已经 被 成功 诱发 情绪 ， 但 被 诱发 的 究竟 是 不 是 内疚 情绪 ?
