Rosehan 等 人 ( 1981 ) 提出 ， 个体 处于 消极 情绪 状态 ， 如果 注意力 集中 于 自己 ， 则 助 人 水平 较 低 ， 但 如果 他们 将 注意力 集中 于 他人 想象 ， 则 助 人 水平 较 高 。
内疚 是 一 种 消极 情绪 ， 是 指 个体 产生 了 危害 别人 的 行为 或 违反 了 道德 准则 而 产生 的 良心 上 的 反省 ， 并 对 自己 的 行为 负有 责任 的 一 种 负性 体验 ( 施承孙 ， 钱铭怡 ， 1999 ) 。
从 内疚 的 定义 来看 ， 内疚 的 个体 之所以 体验 到 消极 的 情绪 ， 是 因为 自己 的 行为 给 他人 造成 了 伤害 ， 或是 违反 了 规则 。
从 这个 角度 来看 ， 内疚 的 个体 虽然 评价 的 是 自己 的 行为 ， 但是 更为 关注 的 是 自己 的 行为 给 他人 或 外界 造成 的 不利 影响 。
从 Rosehan 等 人 的 观点 来 推测 ， 体验 到 内疚 情绪 的 个体 ， 其 助 人 水平 会 较 高 。
内疚 是 自我 意识 情绪 的 一 种 ， 自我 意识 情绪 能 促使 个体 达到 特定 的 社会化 目标 ， 促使 个体 产生 社会 所 要求 的 行为 ( Keltner ， etal ． ， 1997 ) 。
自我 意识 情绪 在 推动 、 规范 人类 的 思想 、 感情 和 行为 方面 起 着 重要 的 作用 ， 能够 向 个体 提供 动力性 的 信号 和 资源 来 保护 个体 的 社会 自我 ， 从而 促进 个体 的 成功 和 人类 社会 的 生存 和 繁衍 ( Jessi -ca ＆ Richard ， 2006 ; Jessica ＆ Richard ， ＆ Tangney ， 2007 ) ， 内疚 应 具有 同样 的 功能 。
有 研究者 提出 ， 内疚 情绪 的 产生 就 是 基于 鼓励 增进 相互 关系 的 目的 ( Baumeisteretal ． ， 1994 ; Gilbert ， 1998 ; Keltner ＆ Buswell ， 1997 ; Jessica ＆ Richard ， 2003 ) 。
已 有 有关 内疚 情绪 与 亲 社会 行为 的 研究 也 表明 ， 内疚 对 助 人 行为 有 促进 作用 ( Harris ， 1975 ; Carlsmith ， 1969 ; Kone -cni ， 1972 ) 。
几乎 所有 有关 内疚 情绪 与 亲 社会 行为 关系 的 研究 都 是 以 成 人 为 对象 ， 在 个体 成长 过程 中 ， 儿童 的 内疚 情绪 与 其 亲 社会 行为 之间 又 有 着 怎样 的 关系 ?
有关 儿童 情绪 与 亲 社会 行为 关系 的 研究 多 涉及 移 情 与 亲 社会 行为 之间 ( Carlo ， etal ， 2010 ; Vol -brechtMetal． ， 2007 ; McMahon ， etal ， 2006 ; Barr ， etal ， 2007 ; 丁方 等 ， 2010 ; 余宏波 等 ， 2006 ; 寇 彧 等 ， 2005 ) 。
还有 一些 研究 探讨 过 儿童 情绪 理解 能力 与 其 亲 社会 行为 的 关系 ( Eggum ， etal ， 2011 ; 赵景欣 等 ， 2006 ) ， 但 很 少 有 研究 探讨 过 儿童 某些 情绪 如 难 过 、 内疚 等 与 亲 社会 行为 的 关系 。
已 有 研究 表明 小学 5年 级 的 学生 在 学业 情景 中 已经 具备 了 良好 的 内疚 理解 能力 .
为了 能 较 好 地 诱发 小学生 的 内疚 情绪 ， 本 研究 采用 该 研究 中 的 团体 学业 竞赛 情景 ， 以 小学 5年 级 学生 为 研究 对象 ， 试图 探讨 他们 的 内疚 情绪 与 其 亲 社会 行为 的 关系 。
另外 ， 内疚 是 一 种 较为复杂 的 高级 情绪 ， 本 研究 对 内疚 的 考察 主要 涉及 到 个体 当时 的 体验 、 个体 对 该 体验 的 归 因 以及 该 体验 会 产生 何种 作用 这 三 个 方面 。
2 研究 12． 1 研究 目的 试图 通过 现场 研究 的 方法 诱发 被 试 的 内疚 情绪 ， 并 考察 其 与 亲 社会 行为 的 关系 。
2． 2 研究 方法 2． 2． 1 被 试 本 研究 在 杭州 某 小学 选取 5年 级 小学生 55 名 ( M = 10． 53 ， SD = ． 37 ) ， 其中 男生 37 名 ， 女生 18 名 。
2． 2． 2 研究 材料 测试题 从 网上 选择 6年 级 语文 阅读 测试题 ， 请 5年 级 语文 老师 查看 ， 确保 对 5年 级 学生 来说 比较 难 ， 也 能 让 被 试 相信 自己 的 测试 成绩 比较 差 ， 语文 的 阅读 题 的 评分 具有 一定 的 主观 性 ， 被 试 容易 相信 所得 的 测试 成绩 。
亲 社会 行为 问卷 自 编 亲 社会 行为 问卷 ， 包括 三 部分 ， 第一 部分 要求 被 试 写 出 20 个 与 亲 社会 行为 有关 的 词汇 ; 第二 部分 要求 被 试 写 出 20 个 与 情绪 无关 的 句子 ; 第三 部分 要求 被 试 写 出 10 个 亲 社会 行为 的 情景 描述 。
在 研究 中 ， 儿童 亲 社会 行为 的 测量 包含 两 种 ， 一 是 他们 承诺 的 亲 社会 行为 ， 如果 被 试 承诺 完成 3 个 部分 ， 记 3分 ， 如 承诺 完成 2 部分 ， 记 2分 ， 承诺 完成 1 部分 ， 记 1分 ， 不 愿意 帮助 的 记 0分 ; 一 是 他们 实际 实施 的 亲 社会 行为 ， 对 实际 实施 的 亲 社会 行为 的 记分 情况 如下 ， 如 被 试 完成 3 部分 ， 记 3分 ， 完成 2 部分 ， 记 2分 ， 完成 1 部分 ， 记 1分 ， 没有 完成 任何 一部分 记 0分 。
如 被 试 在 问卷 中 写 出 相关 内容 ， 尽管 有 些 内容 不 符合要求 ， 或是 没有 完全 写 完 ， 都 认为 他们 在 这 部分 已经 做出 了 亲 社会 行为 ， 都 能 得分 。
该 问卷 是 考察 被 试 的 助 人 行为 ， 属于 亲 社会 行为 之一 ; 在 实验 实施 过程 中 ， 被 试 可 根据 自己 的 意愿 决定 是否 提供 帮助 ， 虽然 实验 是 在 教室 进行 ， 但 采用 匿名 方式 ， 且 向 被 试 承诺 不管 他们 的 决定 如何 都 不 会 告知 老师 ， 以 保证 被 试 的 助 人 行为 是 出于 自己 的 意愿 。
2． 2． 3 研究 程序 本 研究 采用 现场 研究 的 方法 ， 通过 让 被 试 处于 实际 情景 以 诱发 其 情绪 ， 进而 考察 其 情绪 对 亲 社会 行为 的 影响 。
本 研究 将 被 试 随机 分为两组 ， 一 组 为 情绪 诱发 组 ， 共 27 名 ， 一 组 为 控制组 ， 共 28 名 。
2． 2． 3． 1 情绪 诱发 让 情绪 诱发 组 完成 语文 阅读 测试题 ， 共 20分钟 ， 告诉 被 试 这 是 一 份 语文 测试题 ， 要求 被 试 尽快 完成 ， 最后 的 成绩 是 3 人 为 一 个 小组 ， 进行 班级 内 评比 ， 所以 每个 人 的 成绩 好坏 将 直接 影响 其 所 在 小组 的 最后 评比 成绩 ， 但 并 不 告知 分组 的 具体 名单 ， 被 试 并 不 清楚 自己 跟 哪 两 位 同学 是 一个 小组 的 ， 班主任 老师 帮忙 监考 。
