在 领 属性 短语 由此 形成 的 物主 代词 称为 名词 ( 我们 的 ) 英语 里 , 领有 者 标记 为 of 时 , 领有 者 居 后 生成 过程 中 , 到底 这 四 要素 如何 一步步 并 合 , 也 ( 如 ofJohn ) 。
英语 里 也 没有 只 出现 领有 者 标 在 探索 之 列 。
为 便于 说明 , 不妨 将 上述 四 要素 记 和 被 领有 者 的 情况 , 即 不 存在 [ 分别 符号 化为 : 领有 者 语言 格式 ( 如 * thebookss 、 * thebooksNP1 , 被 领有 者 NP2 , 领有 者 标记 , 被 领有 者 标记 。
NP2 ( 领有 者 标记 为 s ) ( 领有 者 标记 融入 物主 代 b. NP1+ 跟 谁 并 合 , 然后 再 谁 跟 谁 并 合 , 都 还 是 在 探索 之 词 中 。
领 属性 短语 , 我们 可以 设想 , 将 会 涉及 四 个性 物主 代词 ) 如 : 要素 mine ( 我 的 ) 、 yours ( 你 的 / 你们 的 ) 、 ours 领有 者 、 被 领有 者 、 领有 标记 、 被 领有 标记 ( 领有 标记 或 被 领有 标记 都 可能 是 零 形式 , 如 汉语 的 我 母亲 就 是 ) 。
在 领 属性 短语 由此 形成 的 物主 代词 称为 名词 ( 我们 的 ) 英语 里 , 领有 者 标记 为 of 时 , 领有 者 居 后 生成 过程 中 , 到底 这 四 要素 如何 一步步 并 合 , 也 ( 如 ofJohn ) 。
英语 里 也 没有 只 出现 领有 者 标 在 探索 之 列 。
为 便于 说明 , 不妨 将 上述 四 要素 记 和 被 领有 者 的 情况 , 即 不 存在 [ 分别 符号 化为 : 领有 者 语言 格式 ( 如 * thebookss 、 * thebooksNP1 , 被 领有 者 NP2 , 领有 者 标记 , 被 领有 者 标记 。
++NP2 ] 的 of ) 。
从 实际 语言 事实 看 , 英语 的 领有 者 标记 5 也 只能 黏附 在 领有 者 身上 。
构 , 作者 认为 分别 是 介词 ( 一 说 介词 结构 ) 带 这就是说 , 就 汉语 和 英语 看 , 生成 领属 性 上 修饰语 三 年级 、 十 年 , 等等 , 都 未 作出 正 短语 时 , 领有 者 标记 都 先 与 领有 者 并 合 , 然后 面 的 说明 ; 或 虽 有所 说明 但 由于 过于 简单 未能 所 形成 的 结构 再 与 被 领有 者 并 合 , 而 非 相反 。
让 读者 明白 其 道理 和 意义 。
当然 , 可能 会 有 某种 或 某些 语言 , 那 作为 中心 本 书 虽 有 遗憾 之 处 , 但 这 毕竟 是 我 所 看到 词 的 、 表示 领属 的 中心 成分 是 附着 在 被 领有 的 第一 本 用 生成 语法 理论 来 描述 汉语 语法 的 者 身上 的 。
如果 真 有 这样 的 语言 , 也 不 能 就 书 。
凡事 起头 难 , 我们 不能 苛求 。
诚如 作者 自 据此 认为 领有 者 标记 先 与 被 领有 者 并 合 是 语 己 在 前言 里 所 说 , 遗 误 与 不足 之 处 , 待 将来 言 的 普遍 共性 , 也 只 能 认为 可能 存在 着 不同 再 修订 补 齐 。
但愿 作者 在 日 后 通过 不断 修订 类型 的 情况 。
我们 认为 也 可以 作 另 一 种 生成 使 本 书 日臻完善 。
解释 : 那 领有 者 标记 ( 如 汉语 里 的 领属 限定词 作者 在 前言 里 说 , 本 书 对 现代 汉语 词 的 ) 是 中心 词 , 先 跟 NP 张 三 学生 组合 , 结构 和 句法 结构 的 分析 , 除了 语法 本身 的 意义 即 张萍学生 是 领属 限定词 的 的 补足 语 ; 之外 , 一个 实用 的 地方 就 是 它 提供 了 一个 小小 张萍 为了 能 取得 领 格 位 , 往 上 移位 至 标志 的 汉语 结构 库 , 以 二阶 短语 结构 的 形式 将 一 部 词 位置 。
即 : 分 汉语 词 和 句 成分 结构 列 出来 , 提供 给 有 兴趣 的 人士 参考 , 比如 汉语 计算 语言 学者 。
我 想 本 书 对 理论 研究 或 应用 研究 , 确实 都 会 有 参考 价值 。
是 为 序 。
收 稿 日期 : 2010-08-22 作者 简介 : 陆俭明 ( 1935- ) , 男 , 江苏 吴 县 人 。
北京大学 中文 系 教授 , 博士生 导师 , 兼任 国家 语 委 咨询 委员会 委员 , 武汉 大学 、 北京 师范大学 兼职 博导 , 以及 香港 中文 大学 、 北京 师范大学 、 北京 外国语 大学 、 北京 语言 大学 、 武汉 大学 、 我 以上 所 作 的 分析 , 也 只是 一 种 假设 性 的 上海 财经 大学 、 山东 大学 等 17 所 高等院校 兼 想法 。
我 想 , 一 部 新著 所 作 的 分析 、 描写 与 论 职 教授 。
曾 任 世界 汉语 教学 学会 会长 、 国际 述 , 能 在 学界 引起 争议 和 反响 , 这 在 一定 程度 上 中国 语言学 学会 会长 、 中国 语言 学会 副 会长 、 反映 了 这部 新著 在 学界 的 影响 。
教育部 社科 司 文科 重点 研究 基地 北京大学 汉 本 书 要 说 有 不足 之 处 , 那 就 是 许多 分析 , 特 语 语言学 研究 中心 主任 、 北京大学 文科 学术 别是 与 传统 分析 很 不 一致 的 分析 , 基本上 都 未 委员会 委员 、 北京大学 人 文学院 学术 委员会 能 作出 必要 的 说明 。
除了 上面 所 说 的 外 , 再 如 委员 、 新加坡 教育部 课程 发展署 华文 顾问 。
本书 将 目前 一般 列入 区别词 ( 或 称 非 谓 形容词 , 或 称 属性 词 ) 中 的 棉 、 夹 、 单 、 男 、 女 、 金 、 银 、 雌 、 雄 、 公 、 母 、 荤 、 素 、 正 、 副 等 , 分析 为 名词 ( 称为 区别 名词 ) 。
此外 , 对 这 两 盘 , 一 盘 荤 , 一 盘 素 中 的 一 盘 荤 , 一 盘 素 , 作者 认为 是 数量词 修饰 荤 / 素 , 并 由此 证明 荤 / 素 是 名词 ; 对 三 年级 以上 、 十 年 以下 这 一 结 6 独立 出版 著作 和 教材 7 部 , 主编 或 与 他人 合作 编写 10 余 部 ; 发表 学术 论文 、 译文 、 序文 等 250 多 篇 , 内容 涉及 现代 汉语 的 本体 研究 和 应用 研究 。
自 1992年 以来 , 先后 获得 省部级 以上 的 奖项 1 里 说 , 本 书 对 现代 汉语 词 的 ) 是 中心 词 , 先 跟 NP 张 三 学生 组合 , 结构 和 句法 结构 的 分析 , 除了 语法 本身 的 意义 即 张萍学生 是 领属 限定词 的 的 补足 语 ; 之外 , 一个 实用 的 地方 就 是 它 提供 了 一个 小小 张萍 为了 能 取得 领 格 位 , 往 上 移位 至 标志 的 汉语 结构 库 , 以 二阶 短语 结构 的 形式 将 一 部 词 位置 。
