万历 十 年 （ 1582年 ） 八月 初 七日 ， 利玛 窦奉 耶稣 会 远东 视察 员 范礼安 （ AlexandreValignano ， 1539—1606 年 ） 之 命 来到 澳门 ， 次年 九月 初 十日 ， 随同 另 一 意大利 耶稣 会 士 罗明坚 1543—1607 年 ） 抵达 广东 肇庆 ， （ MicheleRuggieri ， 建立 了 第一 个 在 华 传教 会 所 。
万历 十七 年 ， 利玛窦 移居 韶州 。
在 广东 生活 期间 ， 利玛窦 潜心 学习 汉文 ， 了解 中国 风俗 ， 逐渐 认识 到 儒学 、 儒生 在 中国 社会 的 地位 和 影响 ， 于是 “ 弃 僧 换 儒 ” ， 走 与 士大夫 交游 的 附 儒 合 儒 路线 。
万历 二十三 年 ， 利玛窦 北上 定居 南昌 ， 并 进一步 认识 到 要 想 在 华布教 ， 必须 取得 中国 统治 集团 ─ ─ 士大夫 的 支持 ， 必须 附 合 士大夫 的 信仰 哲学 ─ ─ 儒学 。
于是 利玛窦 以 “ 泰西 儒士 ” 的 形象 出现 在 士大夫 中间 ， 与 理 学名 儒 章 潢 、 王侯 贵胄 朱 多 、 乐安 王 朱 多 焿 等 士大夫 交游 。
万历 二十六 年 ， 利玛窦 以 进贡 方 物 为由 ， 随 进 京 复职 的 礼 部 尚书 王忠铭 北上 ， 第一 次 来到 北京 ， 但 未 获准 在 京 居留 而 南 返 定居 南京 。
继续 与 南京 士大夫 交游 ， 结交 李 贽 、 徐光启 、 王 肯 堂 、 吴中明 、 叶向高 等 名 儒 显 宦 。
万历 二十八 年 ， 利玛窦 再度 北上 ， 次年 获准 向明 神 宗 进贡 方 物 后 定居 北京 ， 进入 他 梦寐以求 的 “ 天堂 乐土 ” 。
从 万历 二十九 年 到 万历 三十八 年 的 10 年间 ， 利玛窦 仍然 奉行 上层 路线 ， 广泛 结交 缙 绅 ， 会 通 儒学 ， 传播 天 学 ， 李之藻 、 徐光启 、 冯琦 、 沈 一贯 、 李 戴 、 冯应京 、 杨廷筠 等 士大夫 “ 咸 与 晋 接 ” 。
据 福建 师范大学 林金水 教授 研究 统计 ， 利玛窦 在 华 结交 士大夫 140 余 人 。
这些 人 当中 有 王公 贵族 、 朝廷 宰 臣 、 六 部 各 卿 、 地方 名 宦 、 著名 学者 等等 ， 几乎 囊括 了 当时 各界 的 知名 人物 1 。
如 有 思想家 李 贽 、 章 潢 、 祝世禄 ， 文学家 袁宏道 、 袁 中道 、 李日华 、 冯 时 可 ， 史学家 焦 闳 、 沈德 符 ， 画家 张瑞图 、 程 大约 ， 天文 历 算 家 徐光启 、 周子愚 、 李之藻 、 孙元化 ， 医学 家 王 肯 堂 等 ； 朝廷 官宦 有 沈 一贯 、 叶向高 、 邹元标 、 李 戴 、 冯琦 、 冯保 、 李 应试 、 朱 国 诈 、 冯应京 、 赵可怀 、 郭正域 等等 。
利玛窦 “ 建立 了 一个 遍布 全国 的 高层 友好 人士 网络 ” 2 。
赠 诗 是 中国 古代 文人 墨 客 用 来 交往 应酬 或者 赠 给 朋友 的 诗歌 作品 。
作为 一 种 特有 的 结交 朋友 的 方式 ， 古人 以 诗 交友 ， 以 诗言志 。
明代 文人 墨 客 在 朋友 之间 “ 赠 诗 ” 是 常 有 的 风雅 事 ， 但 多 限于 本国 士人 之间 。
由于 利玛窦 广泛 结交 士大夫 ， 很 好 地 置身 其间 ， 获得 很 多 赠 诗 。
利玛窦 曾 在 札记 中 记述 道 ： “ 这 是 中国 人 常见 的 作风 。
如果 当初 有人 爱好 虚荣 ， 把 这些 献给 利玛窦 神父 和 他 同伴 的 短 诗 保存 下来 的 话 ， 它们 会 有 厚厚的 一 册 。
” 3 从 现存 的 赠 诗 中 可以 感受 到 中国 士大夫 与 利玛窦 交游 时 所 表现 出 的 认同 、 推 重 与 崇敬 之 情 。
较 早 赋诗 描述 利 玛 窦 来华 传教 的 是 明代 戏剧家 汤显祖 。
万历 二十 年 春 ， 汤显祖 由 海南 内 迁 赴 浙江 遂 县 上任 ， 在 肇庆 遇到 此时 正 由 韶州 、 经端州 （ 即 肇庆 ） 前往 澳门 的 利玛窦 。
汤显祖 虽 与 - 122- 利玛窦 交游 与 士大夫 赠 诗 利玛窦 仅 有 一 面 之 交 ， 但 对 利玛窦 所 布 “ 天 教 ” 早已 了解 ， 于是 便 作 《 端 州 逢 西域 两 生 破 佛 立 义 偶 成 二 首 》 。
诗文 写 到 ： “ 画屏 天主 绛 纱笼 ， 碧眼 愁 胡 译 字 通 。
正 似 瑞龙 看 甲 错 ， 香 膏 原 在 木 心中 。
” “ 二子西 来 迹 已 奇 ， 黄金 作 使 更 何 疑 。
自信 天竺 原 无 佛 ， 说 与 莲花 教主 知 。
” 现代 著名 的 古代 文学 专家 徐 朔 方 先生 对 二 人 的 相见 及 这 两 首 诗歌 有着 详细 的 考证 4 。
这 两 首 诗 虽 非 赠 诗 ， 内容 也 无 溢美之词 ， 但 充分 表示 了 对 利玛窦 在 华 布 教 的 关注 。
万历 二十三 年 五月 初 ， 利玛窦 随 兵 部 侍郎 石 星 北上 ， 经 南昌 后 于 五月 三十一日 到达 南京 。
由于 此间 朝鲜战争 在即 ， 南京 官宦 担心 外国人 居 宁 会 引起 民 变 ， 不 敢 接纳 ， 利玛窦 于 六月 二十八日 返回 南昌 。
“ 这 次 到 南昌 与 路过 时 不 一样 ， 每个 人 都 为 他 的 到来 以及 能 与 之 交 游 感到 莫大 的 荣幸 。
” 5 名医 王 继 楼 、 江西 巡抚 陆万 垓 、 南昌 知府 王佐 、 名 儒 章 潢 、 建安 王 朱多 、 乐安 王 朱 多 焿 等 士大夫 纷纷 与 之 交 游 。
其中 晚 明 文学家 李日华 于 万历 二十五 年 秋 会见 了 利玛窦 ， 觉得 其 人 气质 非凡 ， 面 如 桃花 ， 称 “ 窦 有 异 术 ， 人 不 能 害 ， 又 善 纳 气 内 观 ， 故 疾 孽 不 作 ” ， 并 以 诗 相 赠 ： “ 云海 荡 朝日 ， 乘 流 信 彩霞 。
西 来 六万 里 ， 东 泛 一 孤 槎 。
浮 世 常 如 寄 ， 幽 栖 即 是 家 。
那 堪 作 归 梦 ， 春色 任 天涯 。
” 后 利玛窦 到 南京 ， 又 收到 李日华 的 赠 诗 ， 诗云 ： “ 云海 荡 落日 ， 君 犹 此 彩霞 。
西 程 九万 里 ， 多 泛 八 年 槎 。
虔 洁 尊 天主 ， 精微 别 岁差 。
昭昭 奇 器 数 ， 元本浩 无 涯 。
” 6 这 两 首 诗 一方面 是 对 利玛窦 含辛茹苦 、 远涉重洋 来华 布 教 的 形象 描绘 ， 另一方面 也 表达 了 对 利玛窦 殉 道 精神 的 由衷 敬佩 。
万历 二十六 年 六月 二十五日 ， 利玛窦 随 吏 部 尚书 王忠铭 北上 京城 ， 受挫 南 返 ， 于 万历 二十七 年 二月 初 六日 到达 南京 。
南京 是 明朝 的 故都 ， 人文 荟萃 ， 名流 云集 。
