10月/t20日/t的/ude1北京/ns称得上/v秋高气爽/vl，/wd举办/v至/p第三十三/m届/q的/ude1北京/ns马拉松/n赛/v让/v人/n再次/d深切/ad感受/v到/v马拉松/n运动/vn的/ude1独特/a魅力/n。/wj
从/p电视/n直播/vn画面/n来看/u，/wd北京/ns马拉松/n的/ude1关注/vn者/k不在少数/vl；/wf从/p电视/n直播/vn效果/n来看/u，/wd画面切换/n、/wn风光/n穿插/vd、/wn主持/v解说/v也/d比/p以往/t要/v好/a上/f很多/m。/wj
伴随/v国内/s马拉松/n赛/vn的/ude1日渐/d红火/a，/wd北京/ns马拉松/n的/ude1标志性/n地位/n一度/d受到/v冲击/vn、/wn办/v赛/vn的/ude1专业/n品质/n一度/d遭到/v质疑/vi，/wd好/a在/p所有/b这些/rz坎坷/an与/cc怀疑/v非但/c没有/v击/vg垮/vi一/m项/q传统/n赛事/n，/wd反倒/d令/v其/rz在/p激烈/a的/ude1竞争/vn中/f重新/d找回/v自己/rr的/ude1独特/a定位/vn。/wj
办/v一/m项/q赛事/n到底/d追求/v的/ude1是/vshi什么/ry？/ww
简单/a来说/uls，/wd就是/v人气/n和/cc品质/n。/wj
那/rzv办/v赛/vn又/d靠/v什么/ry拉动/v人气/n、/wn提升/v品质/n呢/y？/ww
简单/a来说/uls，/wd就是/d坚持/v标准/n、/wn做/v好/a服务/vn。/wj
客观/a地/ude2说/v，/wd目前/t国内/s诸多/m城市/n之所以/c对/p办/v马拉松/n赛/v感/vg兴趣/n，/wd也许/d更/d多/a是/vshi出于/v擦亮/v城市/n品牌/n、/wn推介/v城市/n资源/n的/ude1考虑/vn，/wd至于/p满足/v群众/n健身/vn需求/n、/wn帮助/v专业/n选手/n提高/v成绩/n并非/v一定/d在/p考虑/v之/uzhi列/n。/wj
以/p42．/m195/m公里/q的/ude1空间距离/n和/cc两三/m个/q小时/n的/ude1时间/n跨度/n为/p衡量/v标准/n，/wd所有/b单项/n赛事/n资源/n中/f似乎/d没有/v哪/ry项/q赛事/n比/p马拉松/n赛/vn更/d适于/v电视/n直播/vn；/wf而/cc在/p当下/t针对/p马拉松/n赛/vn的/ude1所有/b传播/vn手段/n中/f，/wd似乎/d也/d没有/v哪/ry种/q宣传/vn手段/n能/v比/p电视/n直播/vn更/d直接/a、/wn更/d便捷/a地/ude2提升/v城市/n影响力/n、/wn推介/v城市/n资源/n。/wj
于是/cc，/wd各地/rzs蜂拥而上/vl办/v马拉松/n、/wn同样/d也/d蜂拥而上/vl求/v电视/n直播/vn。/wj
这样/rzv一/m种/q局面/n的/ude1形成/vn，/wd说/v白/a了/ule就/d是/vshi急功近利/vl的/ude1思想/n在/p作祟/vi。/wj
但/c明知/v这样/rzv快餐/n式/k消费/v马拉松/n终/d有/vyou尽头/f，/wd却/d依然/d难以/d阻挡/v越来越/d多/a的/ude1城市/n迫不及待/dl地/ude2加入/v此/rzs种/q办/v赛/vn模式/n。/wj
城市/n对/p办/v马拉松/n比赛/vn感/vg兴趣/n，/wd这/rzv是/vshi马拉松/n运动/vn发展/vn的/ude1一/m大/a利好/a。/wj
但/c光/d等/v着/uzhe天上/s掉/v馅饼/n而/cc不/d思考/v如何/ryv因势利导/vl，/wd既/c是/vshi相关/vn主管/vn部门/n的/ude1一/m种/q短视/a行为/n，/wd也/d是/vshi一/m种/q失职/vi。/wj
而/cc对/p一/m个/q城市/n来说/uls，/wd光/d想/v着/uzhe通过/p“/wyz短/a、/wn平/a、/wn快/a”/wyy的/ude1电视/n直播/vn途径/n迅速/ad提高/v知名度/n而/cc不/d想/v通过/p扎实/ad办/v赛/v提高/v影响力/n，/wd可以/v想到/v的/ude1后果/n一定/d是/vshi得不偿失/vl、/wn难以为继/vl。/wj
城市/n有/vyou自身/rr的/ude1办/v赛/v诉/vg求/v原本/d正常/a，/wd办/v赛/v有/vyou自身/rr的/ude1运行/vn规律/n天经地义/bl，/wd至于/p电视/n直播/v做/v得/ude3好/a也/d一定/d是/vshi加/v分/qt项目/n。/wj
但/c如何/ryv处理/v好/a这/rzv几/m者/k间/f的/ude1轻重缓急/nl关系/n，/wd显然/ad还/d需要/v相关/vn各方/r能/v在/p马拉松/n办/v赛/v热中/v静/a下/vf心/n来/f细细/d思量/v。/wj
从/p原来/b的/ude1“/wyz拉/v你/rr参赛/vi”/wyy到/v现在/t的/ude1“/wyz我/rr要/v参赛/vi”/wyy，/wd从/p原来/b的/ude1粗放/vn式/k办/v赛/v到/p现在/t的/ude1精细/a化服务/n，/wd“/wyz北/f马/n”/wyy走过/v三十/m几/m年/qt风雨/n，/wd见证/v了/ule中国/ns城市/n马拉松/n赛/vn的/ude1进步/vn、/wn见证/n了/ule竞技/n体育/n与/cc群众/n体育/n的/ude1和谐/a共振/vi、/wn见证/n了/ule生活/vn方式/n与/cc社会/n文明/a的/ude1变迁/vn轨迹/n不知不觉/dl间/f，/wd北京/ns马拉松/n（/wkz以下/f简称/v“/wyz北/f马/n”/wyy）/wky已经/d走过/v三十/m几/m年/qt风雨/n。/wj
对于/p中国/ns城市/n马拉松/n赛/v来说/uls，/wd“/wyz北/f马/n”/wyy是/vshi一个/mq起点/n；/wf对于/p大都会/n北京/ns来说/uls，/wd“/wyz北/f马/n”/wyy是/vshi一/m道/qv风景/n；/wf对于/p世界/n知名/a马拉松/n赛事/n来说/uls，/wd“/wyz北/f马/n”/wyy已经/d成为/v不可或缺/al的/ude1品牌/n。/wj
还/d记得/v“/wyz北/f马/n”/wyy十七八/m岁/qt的/ude1时候/n，/wd曾/d喊/v出/vf将/d“/wyz北/f马/n”/wyy打/v造成/v“/wyz城市/n节日/n”/wyy的/ude1口号/n，/wd并/cc对/p赛事/n组织/n进行/vx大胆/ad改革/v：/wm新/d设/v半程/n马拉松/n、/wn10/n公里/q、/wn5/b公里/q、/wn迷你/b马拉松/n等/udeng项目/n，/wd延长/v赛事/n关门/vi时间/n，/wd以便/d更/d多/a长跑/vn爱好者/n能够/v参与/v其中/rz。/wj
应该/v说/v，/wd这样/rzv的/ude1举措/n将/p长跑/vn爱好者/n拉/v进/vf了/ule专业/n马拉松/n赛事/n，/wd但/c马拉松/n赛/vn的/ude1赛事/n组织/n却/d也/d因此/c变/v得/ude3有些/rz杂乱/a。/wj
近日/t，/wd有/vyou消息/n称/v，/wd本届/r“/wyz北/f马/n”/wyy3/n万/m个/q预/d设/v参赛/vn名额/n仅/d13/d个/q多/a小时/n即/d满额/v报/n完/vi，/wd其中/rz报名/vi跑/v全程/n的/ude1是/vshi预/d设/v的/ude11./m5/b万/m人/n。/wj
这/rzv是/vshi一/m组/q能/v引发/v很多/m人/n感慨/a的/ude1数字/n：/wm因为/c哪怕/c是/vshi时光/n仅仅/d倒/d回/v至/p几/m年/qt前/f，/wd在/p十几/m个/q小时/n内/f就/d能/v吸引/v1./m5/b万/m人/n报名/vi跑/v全程/n马拉松/n，/wd也/d是/vshi完全/ad不/d可能/v的/ude1。/wj
令/v人/n感慨/a的/ude1还有/v，/wd组委会/n在/p本届/r比赛/vn中/f推行/v全程/n选手/n“/wyz净/a计时/vn（/wkz每/rz名/q选手/n通过/p起跑线/n后/f才/d开始/v计时/vi）/wky”/wyy服务/vn，/wd这/rzv在/p以往/t很/d少/ad会/v受到/v重视/v。/wj
从/p原来/b的/ude1“/wyz拉/v你/rr参赛/vi”/wyy到/v现在/t的/ude1“/wyz我/rr要/v参赛/vi”/wyy，/wd从/p原来/b的/ude1粗放/vn式/k办/v赛/v到/p现在/t的/ude1精细/a化服务/n，/wd“/wyz北/f马/n”/wyy的/ude1改变/vn可谓/v自然而然/al。/wj
改变/v源自/v中国/ns这/rzv片/q土地/n上/f有/vyou了/ule越来越/d多/a长跑/vn爱好者/n，/wd改变/v同样/d源自/v中国/ns的/ude1马拉松/n赛/vn组织者/n开始/v重视/v长跑/vn爱好者/n的/ude1感受/vn。/wj
这种/r改变/v，/wd预示/v着/uzhe赛事/n组织者/n与/cc参与者/n终于/d开始/v良性/b互动/vn；/wf这种/r改变/v，/wd也/d预示/v着/uzhe中国/ns城市/n马拉松/n赛/vn的/ude1品质/n将/d伴随/v参与者/n满意度/n的/ude1提升/vn而/cc得到/v提升/v。/wj
走过/v三十/m几/m年/qt风雨/n，/wd“/wyz北/f马/n”/wyy见证/n了/ule中国/ns城市/n马拉松/n赛/vn的/ude1点滴/n进步/vn、/wn见证/n了/ule竞技/n体育/n与/cc群众/n体育/n的/ude1和谐/a共振/vi、/wn见证/n了/ule生活/vn方式/n与/cc社会/n文明/a的/ude1变迁/vn轨迹/n。/wj
