接二连三/al的/ude1丑闻/n，/wd弄/v得/ude3国际/n足坛/n鸡/n犬/ng不/d宁/ag。/wj
韩国/nsf球员/n郑宗宽/nr在/p承认/v参与/v踢/v假/a球/n后/f自杀/vi，/wd意大利/nsf又/d有/vyou重量级/b球星/n西/b格/b诺/ng里/f搅/v进/vf赌球/n事件/n而/cc被捕/vi，/wd国际/n足联/n主席/n、/wn副/b主席/n和/cc大/a洲/ng足联/n主席/n等/udeng多/m人/n被/pbei质疑/vi，/wd有的/rz涉嫌/v贿选/vn，/wd有的/rz被/pbei怀疑/v花钱/vi“/wyz购买/v”/wyy世界杯赛/n承办/v权/n。/wj
围绕/v着/uzhe原本/d只/d是/vshi一/m项/q运动/n的/ude1足球/n，/wd各色人等/nl乱哄哄/z，/wd你/rr方/d唱/v罢/v我/rr登场/vi。/wj
在/p公平/a竞争/vn、/wn快乐/a足球/n等/udeng动人/a的/ude1口号/n下/f，/wd鼠/ng窃/vg狗/n偷/v者/k有/vyou之/rz，/wd以假乱真/vl者/k有/vyou之/rz，/wd冒充/v君子/n者/k亦/d有/vyou之/rz。/wj
人们/n不/d明白/v：/wm足球/n何/ry罪/n？/ww
为什么/ryv被/pbei形形色色/bl的/ude1人/n看中/v，/wd借以/v掩护/v见不得人/vl的/ude1勾当/n和/cc劣迹/n？/ww
悬念/n本/d是/vshi体育/n竞技/n最/d抓/v人心/n的/ude1魅力/n，/wd没成想/vl在/p职业/n足球/n中/f，/wd何处/rys有/vyou阴谋/n、/wn哪里/rys是/vshi泥沼/n反而/d成/v了/ule更/d难/ad破/v解/v的/ude1悬念/n，/wd实在/d让/v100/m多/m年/qt前/f创立/v职业/n足球/n管理/vn体制/n的/ude1人们/n始料未及/vl。/wj
当/p市场/n机制/n用以/d配置/v人才/n资源/n，/wd将/p全球/n最/d具/vg足球/n天赋/n的/ude1球员/n组合/vd成/v若干/m队伍/n，/wd为/p公众/n提供/v极富/v观赏性/n的/ude1绿茵/n角逐/vi时/ng，/wd黑手/n也/d随之/d悄然/d伸出/v。/wj
足球/n规则/n的/ude1发明者/n够/v聪明/a，/wd限/v用/p人体/n最/d笨拙/a的/ude1部位/n，/wd即/v双/m脚/n和/cc头部/n触及/v皮球/n，/wd而/cc守门员/n则/d像/v是/vshi个/q只/d能/v承受/v打击/v的/ude1可怜/a角色/n。/wj
于是/cc，/wd低级/a的/ude1技术/n失误/vi可以/v把/pba足球/n天才/n与/p业余/b水平/n的/ude1差距/n缩小/v，/wd假/a戏/n真/d唱/v倍加/d难/a辨/vg，/wd再/d正常/a不过/u的/ude1比赛/vn也/d不/d难/ad拎/v出/vf疑点/n，/wd再/d多/a疑点/n的/ude1比赛/vn也/d很/d难/ad寻/v到/v证据/n。/wj
韩国/nsf在/p视频/n中/f播出/v的/ude1片段/n就/d远/a不/d足以/d证明/v门将/n配合/vd造假/v，/wd那/rzv站位/n和/cc动作/n是/vshi任何/rz守门员/n都/d可能/v做出/v的/ude1选择/vn。/wj
在/p巴西/nsf有/vyou一/m种/q说法/n，/wd全国/n可以/v有/vyou一亿/m个/q国家队/n主教练/n。/wj
人人/n都/d像/v行家/n似的/uyy，/wd赛前/t出谋划策/vl，/wd赛后/t评头品足/vl，/wd危险/an就/d潜伏/v在/p其中/rz。/wj
足球/n是/vshi一/m项/q名利/n极/d重/a的/ude1运动/vn。/wj
据说/v，/wd很多/m国家/n的/ude1元首/n都/d以/p与/p马拉多纳/nrf合影/vi为/v荣/ag，/wd甚至/d不惜/v飞/vi到/v他/rr住/vi的/ude1地方/n跟/p他/rr一起/s照相/vi。/wj
一/m次/qv世界/n大赛/vn，/wd几/m百亿/m人次/qv的/ude1球迷/n和/cc非/b球迷/n会/v守/v住/vi电视机/n收看/v转播/vn。/wj
巨大/a的/ude1物质/n利益/n驱动/v着/uzhe全球/n商贾/n借机/d大/a做/v生意/n，/wd这/rzv已/d不/d是/vshi那些/rz四肢/n极其/d发达/a、/wn头脑/n相对/d简单/a的/ude1球星/n们/k所/usuo能/v应付/v的/ude1，/wd自觉/ad或/c不/d自觉/a地/ude2落入/v陷阱/n，/wd甚至/d有/vyou争先恐后/dl之/uzhi势/ng。/wj
道德/n动摇/an和/cc秩序/n被/pbei毁/v，/wd坏人/n的/ude1机会/n就/d来/vf了/y。/wj
韩国/nsf足坛/n早/ad有/vyou赌球/n之/uzhi风/ng，/wd此次/rz案/x发/v并/cc不/d意外/a。/wj
赌博/vi是/vshi人类/n最/d污浊/a的/ude1陋习/n之一/rz，/wd将/d赌博/vi与/p足球/n连/ulian在/p一起/s，/wd酿制/v了/ule全球/n警方/n头痛/a的/ude1一/m桩/q桩/n疑/vg案/x。/wj
英国/ns司法/n对/p打击/v赌球/n的/ude1介入/vn力度/n很/d深/a，/wd算是/v颇/d有/vyou成就/n，/wd但/c将/p幕后/s庄家/n绳之以法/vl的/ude1愿望/n却/d少/a有/vyou实现/v。/wj
在/p抨击/v国际/n足联/n的/ude1国际/n舆论/n中/f，/wd出自/v英国/ns媒体/n的/ude1声音/n相当/d洪亮/a，/wd可惜/v那/rzv矛头/n总是/d习惯性/n地/ude2指向/v他人/rr，/wd从不/d检讨/v自己/rr。/wj
一/m声/qv假/a唱/v说/v不/d定/v能/v助/v作假/vi者/k走红/vi，/wd一/m脚/q假/a球/n却/d令/v人/n不齿/vi，/wd球星/n涉/vg假/a更是/d天理/n不容/v，/wd操纵/v比赛/vn、/wn愚弄/v球迷/n，/wd都/d是/vshi足球/n大/a罪/n，/wd罪/n不/d可/v赦/x。/wj
世界/n上/f还/d没有/v哪个/ry国家/n有/vyou专门/d维护/v足球/n秩序/n的/ude1司法/n机构/n和/cc法律/n，/wd许多/m情况/n下/f，/wd司法部门/n的/ude1处理/vn显得/v那么/rz外行/n，/wd不得不/d默认/v足球/n管理机构/n的/ude1纪律/n约束/vn，/wd而/cc不/d愿/v主动/ad涉及/v足球/n案/x子/ng。/wj
冗长/a的/ude1司法/n程序/n对/p机不可失/vl的/ude1足球/n赛事/n来说/uls，/wd未免/d太/d误事/vi。/wj
这/rzv无疑/d助长/v了/ule足球/n界/k对/p管理能力/n的/ude1过分/ad自信/v。/wj
事实上/bl，/wd罪恶/n往往/d并非/v发生/v在/p绿茵场/n上/f，/wd倒是/d更/d多/ad出现/v在/p更衣室/n和/cc球队/n下榻/v的/ude1酒店/n房间/n里/f。/wj
在/p政治/n、/wn经济/n、/wn文化/n、/wn法律/n乃至/c地域/n习俗/n的/ude1压力/n下/f，/wd比/p足球/n秩序/n混/x乱/d更/d麻烦/a的/ude1是/vshi步/qv足球/n后尘/n者/k不乏/v其/rz例/n。/wj
这个/rz世界/n的/ude1文明/n建设/vn不仅/c在/p堂皇/a之/uzhi处/n，/wd也/d在/p崇尚/v技巧/n的/ude1娱乐/vn场/qv。/wj
生活/vn并/cc不/d总/d是/vshi伴随/v着/uzhe开心/a和/cc愉悦/an，/wd足球/n同样/d如此/rzv。/wj
恒大/nz正在/d以/p空前/a的/ude1速度/n和/cc力度/n刷新/v着/uzhe中国/ns足球/n俱乐部/n的/ude1各项/r纪录/n，/wd但/c其/rz发展/vn的/ude1局部/n大于/v整体/n（/wkz联赛/n）/wky之/uzhi感/ng也/d开始/v显现/v。/wj
当/p恒大/nz的/ude1狂飙/n突进/vn已经/d超越/v了/ule联赛/n的/ude1架构/n和/cc发展/vn战略/n之/uzhi时/ng，/wd中国/ns足球/n整体/n的/ude1发展/vn则/d引人深思/vl势如破竹/vl的/ude1广州/ns恒大/nz，/wd进军/v亚/b冠/ng决赛/vi的/ude1悬念/n已经/d不/d大/a。/wj
“/wyz银狐/n”/wyy里/f皮/n此时/r已/d将/p2013年/m的/ude1目标/n锁定/v三/m冠/ng——/wp亚/b冠/ng、/wn中/f超/v、/wn足协杯/nz。/wj
这样/rzv一个/mq辉煌/a的/ude1目标/n现在/t看来/v也/d不/d是/vshi狂/d想/v，/wd恒大/nz正在/d以/p空前/a的/ude1速度/n和/cc力度/n刷新/v着/uzhe中国/ns足球/n俱乐部/n的/ude1各项/r纪录/n。/wj
放眼/v亚洲/ns足坛/n，/wd恒大/nz的/ude1能力/n和/cc气魄/n隐隐/z是/vshi一/m家/q“/wyz超级/b俱乐部/n”/wyy的/ude1模样/n。/wj
短短/z几/m年/qt间/f从无到有/vl，/wd恒大/nz的/ude1成长/vn可谓/v不折不扣/vl的/ude1“/wyz跨越式/b发展/vn”/wyy，/wd大手笔/nl的/ude1金钱/n投入/v是/vshi成功/a的/ude1前提/n。/wj
他们/rr令/v对手/n发憷/vi的/ude1“/wyz南美/ns三叉/b戟/ng”/wyy，/wd其/rz冲击力/n和/cc身价/n放/v到/v欧洲/ns赛场/n也/d有/vyou一/m拼/v；/wf他们/rr四/m处/q搜罗/v国脚/n，/wd让/v俱乐部/n的/ude1出场/vn阵容/n堪/vg比/p国家队/n班底/n；/wf他们/rr开/v出/vf高额/b奖金/n，/wd不止/v对/p球员/n有/vyou吸引力/n，/wd更/d成为/v舆论/n关注/v的/ude1热点/n。/wj
