深秋/t的/ude1黎明/t像/p清纯/a的/ude1少女/n，/wd带/v给/p人/n一/m种/q沁人肺腑/vl的/ude1感觉/n。/wj
翠柏/n青松/n仿/x佛/n被/pbei观音/n菩萨/n的/ude1圣水/n洗/v过/uguo，/wd露出/v鲜/a鲜/a的/ude1，/wd嫩/a嫩/a的/ude1肌/ng扶/v。/wj
古燕/nr飞/vi起床/vi后/f的/ude1第一/m件/q事情/n就/d是/vshi充分/ad享受/v这/rzv大自然/n的/ude1恩赐/vn，/wd然后/c才/d是/vshi练拳/v练/v剑/n。/wj
可/v她/rr一大早/t醒来/vi，/wd就/d发现/v这个/rz早晨/t是/vshi一个/mq与众不同/vl的/ude1早晨/t。/wj
古/a家/n堡/ng内/f，/wd仆人/n和/cc家丁/n门/n像/p往常/t一样/uyy都/d起/vf得/ude3很/d早/a，/wd他们/rr的/ude1表情/n却/d一个个/m反常/a的/ude1肃然/z，/wd有人/r低头/vi走路/vi，/wd有人/r面/n带/v恐慌/an，/wd与/p她/rr这个/rz大/a小姐/n的/ude1称呼/n也/d多/a了/ule几/m分/qt客气/a，/wd少/v了/ule几/m丝/q温情/n。/wj
古燕飞/nr不禁/d心中/s一/m动/v，/wd这/rzv是/vshi怎么/ryv了/y？/ww
迎面/d走/v来/vf了/ule管家/n胡林成/nr，/wd她/rr问/v：/wm“/wyz胡/nr1大伯/n，/wd是/vshi不/d是/vshi发生/v了/ule什么/ry事/n？/ww”/wyy
胡林成/nr一/m脸/q的/ude1忧愁/an，/wd说道/v：/wm“/wyz昨晚/t神/n镖/n无敌/vi王/nr1大/d练/v被/pbei人/n在/p卧室/n里/f杀/v了/y，/wd他/rr爹/n王/nr1一/m炮/n正/d冲/v老爷/n讨/v说法/n呢/y！/wt”/wyy
古燕/nr飞/vi惊奇/a地/ude2“/wyz咦/e”/wyy了/ule一/m声/qv，/wd连/ulian她/rr也/d不/d相信/v，/wd竟然/d有/vyou人/n敢/v在/p天下第一/vl堡/ng内行/n凶杀/vn人/n。/wj
他/rr是/vshi谁/ry，/wd他/rr为什么/ryv选择/v这个/rz时候/n、/wn这个/rz地点/n杀人/vi呢/y？/ww
带/v着/uzhe满腹/b的/ude1疑惑/vn，/wd古燕/nr飞/vi跨/v进/vf了/ule会客/vi大厅/n。/wj
满/a脸/n络/ng腮/n胡/nr1的/ude1王/nr1一/m炮/n正/d怒气冲冲/vl地/ude2斥/vg问/v古云鹤/nr：/wm“/wyz你/rr说/v，/wd你/rr是/vshi天下第一/vl高手/n，/wd有/vyou谁/ry还/d敢/v在/p你/rr的/ude1地盘/n上/f杀人/vi？/ww
我/rr儿子/n人/n送/v外号/n神/n镖/n无敌/vi，/wd凶手/n如果/c是/vshi庸/ng手/n，/wd决/d不/d能/v得逞/vi的/ude1。/wj”/wyy
话/n中/f之/uzhi意/ng凶手/n显然/ad与/p古/a家/n堡/ng有/vyou莫大/b的/ude1关系/n了/y。/wj
古云鹤/nr对于/p王大练/nr被/pbei杀/v一/m事/n，/wd也/d颇/d感/vg内疚/a，/wd同时/c他/rr也/d有/vyou几/m分/qt疑惑/vn，/wd面对/v王/nr1一/m炮/q蛮横/a的/ude1斥/vg问/v，/wd他/rr只能/v克制/v住/vi天下第一/vl高手/n的/ude1脾气/n，/wd缓缓/d地/ude2说/v：/wm“/wyz对于/p令郎/n被害/vi一/m事/n，/wd老朽/n确/d有/vyou不可/v推卸/v的/ude1责任/n，/wd现在/t正在/d追查/v，/wd请/v兄/ng台/n宽容/v几/m日/qt，/wd相信/v真相/n很快/d就/d会/v大/a白/a的/ude1。/wj”/wyy
痛失/v爱子/n的/ude1王/nr1一/m炮/n化/v悲痛/an为/v愤怒/an，/wd把/pba桌子/n一/m拍/q，/wd说道/v：/wm“/wyz好/a，/wd我/rr就/d等/v你/rr几/m天/qt，/wd如果/c找/v不/d出/vf凶手/n，/wd我/rr看/v你/rr这/rzv天下第一/vl的/ude1人/n能/v丢/v到/v哪儿/rys去/vf？/ww”/wyy
说/v罢/v抹/v了/ule一/m把/pba眼角/n的/ude1泪水/n，/wd被/pbei江南/ns棍/ng王/n袁秀/nr成/v搀/v了/ule出去/vf。/wj
看到/v王/nr1一/m炮/q一行/n离去/vi，/wd古/tg云/vg鹤/n轻轻地/z叹/v了/ule口/q气/n，/wd对/p古燕飞/nr说/v：/wm“/wyz飞/vi儿/ng，/wd昨晚/t你/rr睡/v得/ude3可/d好/a？/ww”/wyy
古燕飞/nr点/v了/ule点/qt头/n，/wd说道/v：/wm“/wyz昨晚/t半夜/t忽然/d醒来/vi，/wd听/v到/v外面/f好象/n有/vyou沙沙/o的/ude1脚步声/n，/wd我/rr以为/v是/vshi风/n吹/v树叶/n响/v，/wd就/d没/d在意/v。/wj”/wyy
古/tg云/vg鹤/n点点/q头/n，/wd压低/v了/ule声音/n说/v：/wm“/wyz依/v我/rr这/rzv两/m天/qt来/f的/ude1观察/vn，/wd他们/rr几/m家/q来/f提亲/vi是/vshi假/a。/wj”/wyy
“/wyz那/c他们/rr是/vshi来/vf干/v什么/ry的/ude1？/ww”/wyy
古/tg云/vg鹤/n亲昵/a地/ude2拍拍/v女儿/n的/ude1头/n说/v：/wm“/wyz傻/a丫头/n，/wd整天/d在/p堡/ng里/f，/wd江湖/n中/b人心/n险恶/a你/rr是/vshi一点儿/mq都/d不/d知道/v啊/y！/wt”/wyy
话锋/n一/m转/v，/wd“/wyz他们/rr多半/d是/vshi为了/p天下第一/vl的/ude1名号/n。/wj”/wyy
古燕飞/nr吃/v了/ule一/m惊/v，/wd以往/t从/p爹爹/n口中/s听说/v的/ude1江湖/n传闻/n都/d纷纷/d飘/v至/p耳/n畔/ng。/wj
那些/rz江湖/n典故/n无/v外/f是/vshi人心/n险恶/an，/wd争名夺利/vl，/wd尔虞我诈/vl，/wd恩仇/n报应/n。/wj
难道/d说/v这/rzv几/m家/q来/f提亲/vi的/ude1都/d是/vshi借此机会/vl踏入/v堡/ng内/f，/wd来/vf与/p父亲/n争夺/v“/wyz天下第一/vl”/wyy名/q号/n的/ude1吗/y？/ww
如果/c是/vshi真/a的/ude1，/wd那/rzv就/d太/d可怕/a了/y。/wj
看/v到/v女儿/n沉思/vi不/d语/ng，/wd古/tg云/vg鹤/n悄声/d吩咐/v道/v：/wm“/wyz飞/vi儿/ng，/wd从/p今晚/t起/f，/wd你/rr就/d在/p堡/ng内/f偷偷/d巡逻/vi，/wd你/rr是/vshi女儿/n家/q，/wd不/d会/v引人注意/vl。/wj
要/v特别/d小心/a。/wj”/wyy
嘱托/v完/vi女儿/n，/wd他/rr又/d长长/z地/ude2叹/v了/ule口/q气/n：/wm人/n在/p江湖/n，/wd身不由己/vl啊/y。/wj
深秋/t的/ude1夜晚/t冷/a意/ng颇/d浓/a，/wd一/m弯/q残月/n被/pbei一/m阵阵/q凉风/n驱逐/v着/uzhe，/wd在/p天上/s的/ude1黑/a云/n间/f孤独/a地/ude2穿行/vi。/wj
古燕飞谨/nr从/p父/ng命/n，/wd在/p梆/o响/v三/m更/d时/ng，/wd穿/v好/a夜/tg行/ng衣/ng悄悄/d摸/v到/v窗/ng边/k。/wj
打开/v窗户/n，/wd一个/mq“/wyz珍珠/n倒/vi卷帘/n”/wyy便/d上/vf了/ule房顶/n，/wd然后/c她/rr施展/v轻/vg身/ng功夫/n，/wd像/p猫/n儿/ng似的/uyy向/p古/a家/n堡/ng西边/f行/vi去/vf。/wj
西边/nr是/vshi客房/n，/wd来/vf提亲/vi的/ude1江湖/n人士/n都/d被/pbei安排/v在/p那里/rzs。/wj
夜风/n还/d在/p不知/v疲倦/a地/ude2吹/v着/uzhe，/wd撩/v动/v树梢/n的/ude1影子/n在/p月光/n下/vf鬼魅/n似的/uyy乱/d舞/v。/wj
一/m袋/q烟/n工夫/n，/wd古燕飞/nr已/d到/v了/ule西/b厢房/n的/ude1屋顶/n，/wd她/rr攀附/v在/p一/m颗/q高大/a的/ude1榆树/ns上/f向/p下/f望/v去/vf。/wj
下面/f一/m溜/v儿/k近/v十/m间/q房屋/n，/wd有/vyou七八/m间/q竟然/d还/d亮/vi着/uzhe灯/n，/wd不时/d有/vyou人影/n映/vi在/p窗户/n纸/n上/f，/wd被/pbei拉/v得/ude3变/v了/ule形/ng，/wd像/v妖魔鬼怪/nl似的/uyy。/wj
“/wyz啊/e--/d”/wyy突然/a，/wd一/m声/qv撕/v心/n裂/v肺/n般/uyy地/ude2残/vg叫/vi划破/v秋夜/t的/ude1寂静/a，/wd像/v醺/x人/n的/ude1臭味/n似的/uyy传/v得/ude3很/d远/a很/d远/a。/wj
残/a叫/vi过/uguo后/f，/wd西/b厢房/n里/f所有/b房间/n内/f的/ude1灯/n仿/x佛/n被/pbei同时/n点/qt亮/vi了/y，/wd紧接着/c，/wd屋门/n大/d开/v，/wd有人/r扯/v着/uzhe嗓子/n喊/v：/wm“/wyz天下第一/vl高手/n古/tg大侠/n，/wd快/d来/vf啊/y，/wd又/d出人命/vi了/y！/wt”/wyy
古燕飞/nr心中/s一/m惊/v，/wd怕/v被/pbei众人/n发现/v，/wd就/d趁着/p混/x乱/d又/d回到/v了/ule自己/rr的/ude1住房/n内/f。/wj
天亮/vi后/f，/wd她/rr一身/n女儿/n打扮/v又/d去/vf了/ule西/b厢房/n。/wj
在/p那/rzv间/q死/v了/ule人/n的/ude1屋子/n内/f，/wd看到/v王/nr1一/m炮/n仰/v躺/v在/p椅子/n上/f，/wd眼睛/n、/wn鼻孔/n、/wn嘴巴/n都/d张/v得/ude3大大/d的/ude1，/wd显然/ad是/vshi对/p死亡/vi的/ude1来临/vi感到/v十分/m的/ude1恐惧/an。/wj
可/v他/rr身上/s无/v伤/v无/v痕/ng，/wd竟/d不知/v是/vshi被/pbei人/n从/p哪里/rys下/vf的/ude1手/n。/wj
大厅/n内/f，/wd古燕/nr飞/vi亲眼/d耳闻目睹/vl了/ule众人/n对/p父亲/n毫不客气/vl的/ude1指责/vn。/wj
江南/ns棍/ng王/n袁秀成/nr和/cc他/rr的/ude1父亲/n大声/d嚷/v道/v：/wm“/wyz又/d死/v人/n了/y，/wd你/rr这/rzv天下第一/vl堡/ng既然/c连/ulian客人/n的/ude1性命/n都/d不能/v保证/v，/wd凭/p什么/ry称/v天下第一/vl？/ww”/wyy
塞外/s雄风/n李/nr1安保/n和/cc他/rr师父/n也/d喊/v：/wm“/wyz不/d称职/a，/wd就/d把/pba天下第一/vl的/ude1名号/n让/v与/p别人/rr，/wd免得/v浪费/v了/y。/wj”/wyy