民国/n初/f年/qt，/wd皖/b东/f全椒县/ns出/vf了/ule兄妹/n两/m位/q武侠/n，/wd哥哥/n叫/vi邓广义/nr，/wd妹妹/n叫/vi邓广美/nr。/wj
兄妹/n俩/m继承/v父/ng业/ng，/wd组织/v了/ule一个/mq武术/n班/n，/wd在/p长江/ns南北/f一带/n城镇/n卖艺/vi为生/vi，/wd方圆/n数百/m里/q赫赫有名/vl。/wj
邓家/nr兄妹/n擅长/v攀/v“/wyz尖刀/n山/n”/wyy和/cc马术/n等/udeng武术/n表演/vn，/wd尤其/d是/vshi邓广美/nr，/wd轻/a功/n十分/m了/ule得/v。/wj
一/m天/qt傍晚/t，/wd兄妹/n俩/m率领/v武术/n班/n来/vf到/v江南/ns当涂县/ns，/wd住/vi进/vf一/m家/q饭店/n。/wj
因/c是/vshi初/d到/v生地/n，/wd城里人/n还/d不/d知/v邓/nr1家/n武术/n班/n的/ude1英名/n，/wd为了/p宣传/vn，/wd邓广美/nr对/p老板娘/n道/v：/wm“/wyz我们/rr饿/v了/y，/wd请/v你/rr多/d做/v几/m斤/q大饼/n，/wd弄/v几/m样/q可口/a的/ude1汤/n、/wn菜/n，/wd吃/v完/vi后/f我/rr让/v你/rr用/p秤/n称/v，/wd称/v出/vf我/rr有/vyou多/m重/q就/d付/v你/rr多重/b饼/n钱/n，/wd你/rr看/v可/v好/a？/ww”/wyy
老板娘/n是/vshi个/q热心/a开朗/a的/ude1人/n，/wd她/rr没/d多/ad想/v，/wd认为/v是/vshi江湖/n人/n说/v的/ude1开心/a话/n，/wd便/d随口/d应/v道/v：/wm“/wyz好/a说/v，/wd好/d说/v！/wt
姑娘/n请/v放心/v，/wd本/rz店/n价廉物美/vl，/wd从不/d坑人/vi。/wj”/wyy
于是/cc，/wd她/rr叫/vi伙计/n们/k做/v了/ule五/m斤/q大饼/n和/cc几/m样/q汤/n菜/n送/v上/vf桌/ng，/wd邓家/nr兄妹/n和/cc徒弟/n们/k风/n卷/q残/a云/n，/wd顷刻/d一扫而光/vl。/wj
吃/v毕/vg，/wd邓广美/nr对/p老板娘/n道/v：/wm“/wyz本/rz姑娘/n不/d失/v所/usuo约/v，/wd请/v你/rr拿/v秤/n来/vf称/v我/rr吧/y！/wt”/wyy
老板娘/n笑/v道/v：/wm“/wyz姑娘/n是/vshi说/v戏言/n吧/y，/wd难道/d真/a的/ude1要/v我/rr称/v你/rr？/ww”/wyy
邓广美/nr认真/a地/ude2道/v：/wm“/wyz当然/d要/v称/v，/wd我/rr说话/vi历来/d算数/vi。/wj”/wyy
“/wyz那/rzv好/a，/wd我/rr就/d来/vf称称/v看/v。/wj”/wyy
老板娘/n说/v着/uzhe，/wd叫/vi伙计/n取/v来/vf一/m杆/q大/a秤/n，/wd一/m称/v不/d多/a不/d少/a，/wd刚好/d四两/m重/q。/wj
老板娘/n惊/v得/ude3目瞪口呆/al，/wd好/a一会/m才/d回/v过/uguo神/n来/f，/wd惊异/v道/v：/wm“/wyz奇怪/v，/wd真/d奇怪/v！/wt
一/m个/q大姑娘/n仅/d有/vyou四两/m，/wd就/d你/rr刚才/t吃/v下/f的/ude1饼/n和/cc菜/n也/d不/d止/v这/rzv点/qt重/a呀/y，/wd你/rr的/ude1体重/n哪里/rys去/vf了/y？/ww”/wyy
邓广义/nr边笑/nr边/k对/p老板娘/n道/v：/wm“/wyz店家/n请/v放心/v，/wd饼/n菜/n钱/n照/vd付/v，/wd我/rr妹妹/n只不过/d是/vshi与/p你/rr开/v个/q玩笑/n罢了/y。/wj”/wyy
说/v罢/y，/wd如数/d付/v了/ule账/n。/wj
攀/v过/uguo“/wyz尖刀/n山/n”/wyy，/wd接着/c表演/v马术/n。/wj
邓广美/nr骑/v在/p一/m匹/q浑身/n雪白/z的/ude1马背/n上/f，/wd一边/d扬鞭/v打/v马/n飞跑/vi，/wd一边/d在/p马背/n上/f作/v“/wyz竖/v蜻蜓/n”/wyy、/wn“/wyz翻/v跟斗/n”/wyy、/wn“/wyz燕子/n扑/v水/n”/wyy等/udeng扣人心弦/vl的/ude1精彩/a表演/vn。/wj
好戏连台/vl，/wd观众/n看/v得/ude3眼花缭乱/al，/wd掌声/n雷鸣/vi不息/vi。/wj
这时/rzt，/wd有/vyou几/m个/q富家/n少爷/n看/v得/ude3动情/vi，/wd将/p铜钱/n雨点/n般/uyy地/ude2扔/v去/vf。/wj
邓广美/nr一/m边/k打/v马/n转圈/vi跑/v，/wd一边/d“/wyz倒挂/v金/b钩/n”/wyy，/wd采用/v“/wyz马/n下/f衔/v钱/n”/wyy的/ude1招/n式/k，/wd将/d落/v地/n的/ude1钱币/n一/m枚/q一/m枚/q地/n拾/m起来/vf，/wd博得/v观众/n大声/d叫绝/vi。/wj
寇/nr1三两/m乐得/v挤眉弄眼/vl地/ude2一阵/mq狂笑/vi：/wm“/wyz好/a个/q爽快/a的/ude1美人/n儿/ng，/wd让/v我/rr来/vf个/q吕/nr1洞/n宾/n三/m戏/n白/nr1牡丹/n！/wt”/wyy
说/v着/uzhe手/n一/m扬/vg，/wd银元/n像/v飞镖/n一样/uyy掷/v向/p邓广美/nr的/ude1胸前/s。/wj
观众/n个个/q提心吊胆/vl，/wd都/d为/v邓/nr1广/b美/b担忧/vn，/wd但/c邓广美/nr不愧/d为/v女/b中/b豪杰/n，/wd一/m伸/v玉/n手/n就/d接/v住/vi了/y。/wj
寇/nr1三两/m见/v未/d扔/v着/uzhe，/wd顺手/d又/d掏/v出/vf两/m块/q银元/n，/wd如/v双/m箭/n射/v靶/q心/n一样/uyy，/wd再次/d向/p她/rr胸前/s双/m峰/ng掷/v去/vf。/wj
邓/nr1广/b美/b不慌不忙/vl，/wd手/n一/m伸/v，/wd又/d把/pba两/m块/q银元/n接/v住/vi。/wj
寇/nr1三两/m仍/d不/d死/v心/n，/wd一下子/mq掏/v出/vf五/m块/q大洋/n，/wd用/p两/m只/q手/n左右开弓/vl地/ude2掷/v去/vf…/ws…/ws
寇/nr1三两/m也/d不/d是/vshi省/n油/n的/ude1灯/n，/wd他/rr也/d会/v武功/n，/wd平时/t练/v铜板/n打靶/vi，/wd可/c说/v弹无虚发/al，/wd百发百中/vl。/wj
他/rr心想/v：/wm一/m人/n难/ad敌/vg五/m手/n，/wd我/rr用/p五/m块/q银元/n全面/ad开花/vi地/ude2扔/v去/vf，/wd尽管/c你/rr武艺/n好/a，/wd料/v你/rr也/d不/d能/v全都/d接/v住/vi，/wd总/d会/v有/vyou疏漏/n被/pbei我/rr击中/v，/wd到/v时/ng让/v我/rr美美/d地/ude2拥/v吻/v一下/mq这/rzv美人/n儿/ng，/wd花/v几/m块/q大洋/n也/d值得/v。/wj
但是/c，/wd寇/nr1三两/m的/ude1美梦/n泡汤/vi了/y，/wd因为/c邓广美/nr自小/d就/d跟随/v父兄/n练武/vi，/wd刀枪/n棍棒/n十八/m般/uyy武艺/n样样/q精通/v，/wd特别/d擅长/v射箭/vn镖/n。/wj
寇/nr1三两/m第三/m次/qv扔/v出/vf的/ude1五/m块/q银元/n，/wd她/rr仅/d伸/v了/ule一/m只/q手/n就/d全都/d接/v住/vi了/y。/wj
邓广美/nr接/v到/v这些/rz“/wyz赏赐/v”/wyy之后/f，/wd微微/d一/m笑/v道/v：/wm“/wyz承蒙/v先生/n奖赏/vn，/wd如此/rzv破费/v，/wd盛情难却/vl，/wd小/a女子/n只好/d笑纳/v了/y。/wj”/wyy
这/rzv番/qv俏皮话/n，/wd气/n得/ude3寇/nr1三两/m吹胡子瞪眼/vl睛/ng，/wd龇牙咧嘴/vl。/wj
可是/c，/wd有约在先/vl，/wd当/v着/uzhe众多/m观众/n面/q，/wd一/m肚子/q怒火/n也/d不便/a发作/vn，/wd只好/d是/vshi火/n烧/vi乌龟/n肚/ng里/f痛/a了/y。/wj
寇/nr1三两/m的/ude1大/a徒弟/n屠/v一/m刀/q也/d是/vshi个/q地痞/n恶棍/n，/wd因/p他/rr杀/v猪/n、/wn卖/v肉/n都/d是/vshi一/m刀/q了结/v，/wd故/c得/v此外/c号/n。/wj
他/rr十分/m效忠/v寇/nr1三两/m，/wd见/v师父/n白白/d地/ude2丢掉/v八/m块/q大洋/n，/wd大为/d惋惜/a，/wd一心/d寻机/vi报复/vn。/wj
当/p邓/nr1广/b美/b弯腰/vi拾/m地下/s零散/a钱/n时/ng，/wd他/rr却/d突然/ad伸出/v魔/ag瓜/n向/p她/rr胸前/s摸/v去/vf。/wj
邓广美/nr早/ad有/vyou戒备/vn，/wd未/d等/v他/rr手/n到/v胸前/s手指/n用力/a一/m挟/v，/wd屠/v一/m刀/q的/ude1手掌/n就/d如/v被/pbei钢/n钳/ng钳/ng住/vi一样/uyy，/wd伸/v不/d进/vf拔/v不/d出/vf，/wd连/ulian人/n被/pbei她/rr拖/v着/uzhe在/p场子/n里/f转游/v好几/m圈/qv。/wj
屠/v一/m刀/q痛/a得/ude3哇哇/o怪/v叫/vi，/wd苦苦/d哀求/v道/v：/wm“/wyz姑奶奶/n，/wd我/rr的/ude1手快/v断/v了/y，/wd求/v你/rr放/v过/uguo我/rr吧/y！/wt”/wyy
邓广美松/nr了/vi手/n，/wd屠/v一/m刀/q抬/v起/vf手掌/n一/m看/v，/wd已/d被/pbei夹/v出/vf瘀/x血/n了/y，/wd顿时/d红肿/vi起来/vf。/wj
全场/n观众/n无不/d嘲笑/v，/wd指责/v他/rr的/ude1流氓/n行为/n。/wj
寇/nr1三两/m怕/v激起/v民愤/n，/wd只好/d气急败坏/al地/ude2拉/v着/uzhe屠/v一/m刀/q狼狈/ad不堪/v地/ude2溜/v走/v了/y。/wj
邓/nr1广/b美/b惩罚/v了/ule这/rzv两/m个/q恶棍/n，/wd观众/n无不/d拍手称快/vl。/wj
原来/b，/wd寇/nr1三两/m是/vshi个/q屠夫/n，/wd因/p他/rr卖/v肉/n经常/d少/a三两/m，/wd故而/c人们/n送/v他/rr个/q外号/n叫/vi“/wyz寇/nr1（/wkz扣/v）/wky三两/m。/wj”/wyy
这个/rz流氓/n头子/n心狠/a手/n毒/n，/wd动不动/d举/v刀伤/n人/n，/wd依仗/v他/rr舅舅/n在/p国民党/n县/n党/n部/q当官/vi的/ude1权势/n，/wd横/dg霸/vg一/m方/q，/wd敲诈勒索/vl，/wd奸淫/v民女/n，/wd无恶不作/vl，/wd人们/n都/d敢怒不敢言/vl。/wj