李/nr1表叔/n公家/n里/f这/rzv根/q扁担/n是/vshi祖传/vn遗物/n，/wd看上去/v和/cc普通/a的/ude1扁担/n没有/v什么/ry区别/n，/wd细细的/z木纹/n，/wd承受/v里/f一两百/m斤/q，/wd过/d重/v了/ule也/d会/v把/pba它/rr折断/v的/ude1。/wj
这/rzv扁担/n是/vshi什么/ry木料/n的/ude1？/ww
很多/m人/n拿/v着/uzhe看看/v都/d无法/v确定/v。/wj
有人/r说/v它/rr是/vshi青/a杠/ng木/ng，/wd又/d当场/d被/pbei大家/rr否定/v；/wf有人/r说/v它/rr是/vshi梨木/n，/wd众人/n都/d摇摇/v头/n；/wf又/d有人/r说是/v板/n粟/nr1树/n，/wd大家/rr都/d说/v猜/v错/v了/y…/ws…/ws
这/rzv李/nr1表叔/n公家/n祖上/n是/vshi“/wyz湖/n广/ad填/v四川/ns”/wyy这/rzv场/qv移民/vn运动/vn的/ude1外籍/n人/n，/wd上/vf川/ng定居/v在/p李/nr1家/n坝/n，/wd这个/rz地方/n山/n青/a水/n秀/ag，/wd院子/n左/f“/wyz青龙/nr2”/wyy，/wd右/f“/wyz白虎/nr”/wyy，/wd后/f有/vyou远/a来/vf龙/n胧/x作/v背/v靠/v，/wd堂/ng前/f小河/n流水/n欢腾/vi，/wd大坝/n上/f开垦/v出/vf大/a块/q良田/n，/wd供/vi李/nr1家/n子孙/n耕耘/vi。/wj
在/p李/nr1家/n坝/n李/nr1家/n大院/n有/vyou一/m座/q小/a土丘/n，/wd就是/v这/rzv大/a院子/n的/ude1案/x山/n，/wd土丘/n上/f有/vyou块/q大/a石头/n，/wd远远/d看/v去/vf就/d像/v一/m只/q雄鸡/n，/wd这/rzv雄鸡/n石/ng那/rzv鸡头/n上/f有/vyou一/m石缝/n，/wd据说/v当年/t这/rzv石缝/n上/f就/d长/v出/vf了/ule一/m棵/q树/n，/wd这/rzv棵/q树/n比/p茶/n蛊/x稍/d大/a一点/m。/wj
石/ng上/f无/v泥/n根系/n在/p石缝/n里/f能/v吸取/v什么/ry养料/n，/wd但/c这/rzv棵/q树/n能/v存活/vi，/wd大/a天/qt干/v不/d干枯/vi，/wd冬天/t不/d落叶/n，/wd四季/n开花/vi，/wd花香/n千/m里/q，/wd景象/n秀丽/a。/wj
人们/n不/d知/v这/rzv是/vshi一/m棵/q什么/ry树/n，/wd给/p这/rzv棵/q树/n起/vf了/ule个/q名字/n叫/vi万年/mq秀/ag。/wj
没有/v多少/ry年/qt，/wd进/vf川/b的/ude1李/nr1家/n发/v富/vg了/y，/wd成/v了/ule当地/s的/ude1财主/n。/wj
这/rzv一/m天/qt，/wd李/nr1家/n家人/n在/p堂屋/n里/f的/ude1木/a盆/n盛/v水/n中/f发现/v了/ule个/q秘密/n，/wd盆/n里/f映出/v了/ule堂/ng前/f案/x山/n雄鸡/n石/ng上/f的/ude1万年/mq秀/ag。/wj
第一/m个/q人/n看见/v了/ule惊讶/a地/ude2吼/vi起来/vf：/wm“/wyz这/rzv盆/q水/n里/f有/vyou对面/f雄鸡/n石/ng上/f那/rzv棵/q万年/mq秀/ag。/wj”/wyy
大家/rr以为/v是/vshi说谎/vi，/wd相距/vi一/m里/q路/n远/a，/wd盆/q水/n里/f怎么/ryv会/v有/vyou万/m年/qt秀/ag的/ude1影子/n呢/y？/ww
一/m个/q人/n走/v拢/v一/m看/v也/d大/a叫/vi：/wm“/wyz不/d会/v假/a呀/y，/wd那/rzv棵/q万年/mq秀/ag就/d在/p这/rzv盆/q水/n里/f。/wj”/wyy
这/rzv一/m吼/vi，/wd大家/rr都/d惊/v了/y，/wd都/d走/v拢/v一/m看/v果然/d见/v盆/q水/n里/f有/vyou那/rzv棵/q万年/mq秀/ag影子/n，/wd开/v着/uzhe鲜艳/a的/ude1花/n，/wd大家/rr似乎/d也/d闻/v到/v了/ule花/n的/ude1香味/n。/wj
李/nr1家/n人/n一代/n比/p一/m代/q强/a，/wd有人/r入学/vi中/f举/v，/wd做官/vi在/p外/f。/wj
李/nr1家/n并/cc没有/v把/pba入/v川/b老屋/n买/v掉/v，/wd留/v有/vyou族人/n在/p这里/rzs居住/v。/wj
有/vyou权/n有/vyou势/ng，/wd院子/n变/v得/ude3朱/nr1檐/ng翘/v角/q，/wd雕/vg梁/nr1画/n柱/ng。/wj
一/m代/q又/c一代人/n，/wd这/rzv院子/n里/f轮/qv到/v李/nr1血/n鬼/n当家/vi了/y。/wj
李/nr1血/n鬼/n是/vshi他/rr的/ude1外号/n，/wd因为/c他/rr不/d像/v上/vf几/m辈/q人/n那么/rz善良/a，/wd虽然/c他/rr也/d读/v了/ule很多/m的/ude1书/n，/wd可是/c连/ulian个/q秀才/n都/d没有/d考/v中/f。/wj
他/rr为人/v狡诈/a，/wd心狠/a毒辣/a，/wd他/rr依仗/v权势/n，/wd强奸/v妇人/n，/wd欺负/v穷人/n。/wj
当地/s人/n对/p他/rr就/d没有/v一个/mq好/a评价/vn，/wd都/d说/v他/rr是/vshi一个/mq无恶不作/vl的/ude1人/n，/wd所以/c人们/n背地里/d叫/vi他/rr叫/vi李/nr1血/n鬼/n。/wj
他/rr家/q长工/n几/m十/m人/n，/wd起早摸黑/dl给/p他/rr干/v话/n，/wd生活/vi像/p猪/n狗/n食/v一样/uyy，/wd稍/d不/d如意/a就/d被/pbei打/v骂/v，/wd有/vyou许多/m长工/n干/v了/ule数/m月/n，/wd未/d得到/v分文/n报酬/n就/d被/pbei他/rr打骂/v跑/v了/y。/wj
这/rzv一年/m到/v了/ule年终/t，/wd李/nr1血/n鬼/n为了/p少/ad付/v长工/n的/ude1工钱/n，/wd他/rr总是/d找/v借口/n，/wd说/v张/nr1山/n怠/ag了/y工/ag，/wd说/v李/nr1四/m破坏/v了/ule农具/n，/wd用/p这些/rz编/v出来/vf的/ude1理由/n达到/v他/rr少/ad付/v工钱/n的/ude1目的/n。/wj
长工/n中/f也/d有/vyou不/d怕/v事/n的/ude1人/n，/wd就/d坐/v在/p李/nr1家/n等待/v李/nr1血/n鬼/n发/v善心/n，/wd要求/v足额/vd付/v工钱/n，/wd李/nr1血/n鬼/n见/v了/ule不/d是/vshi好/a言/ng答复/v，/wd而是/c令/v几/m个/q帮凶/n追/v打/v赶走/v。/wj
这些/rz长工/n肺/n都/d气/v炸/v了/y，/wd大家/rr聚/v在/p一起/s，/wd商议/v对策/n，/wd有的/rz说/v到/v官府/n告状/vi，/wd人群/n里/f当时/t就/d有/vyou人/n反对/v，/wd说/v官府/n衙门/n大大/d开/v，/wd无/v钱/n莫/d进来/vf，/wd官/n老爷/n只要/c李/nr1血/n鬼/n送/v上/vf银钱/n贿赂/vn，/wd那/rzv官/n老爷/n他/rr还/d会/v为/p穷人/n说话/vi？/ww
何况/c他家/r族人/n高官/n在/p外/f；/wf有的/rz说/v大家/rr团结/v起来/vf和/cc李/nr1血/n鬼/n拚命/v，/wd烧/vi了/ule他/rr的/ude1房屋/n，/wd砍/v了/ule他/rr的/ude1头/n，/wd但/c大部/m份/q人/n都/d是/vshi胆小/a怕事/a的/ude1人/n，/wd说/v这样/rzv自己/rr上/f有/vyou父母/n下/f有/vyou孩子/n，/wd不但/c会/v连累/v自己/rr，/wd还/d会/v连累/v亲人/n。/wj
大家/rr议论/v了/ule很/d久/a仍/d没有/v一个/mq报仇/vi雪恨/v的/ude1好/a办法/n。/wj
突然/a一/m人/n对/p大家/rr说/v，/wd这个/rz办法/n一定/d会/v使/v李/nr1血/n鬼/n家/q走/v霉/n运/v，/wd大家/rr盯/v着/uzhe他/rr问/v他/rr：/wm“/wyz有/vyou什么/ry办法/n能/v使/v李/nr1血/n鬼/n家/q走/v霉/n运/v呢/y？/ww”/wyy
那/rzv人/n咬/vi着/uzhe牙/n，/wd握/v着/uzhe拳头/n向/p大家/rr讲/v出/vf了/ule使/v李/nr1血/n鬼/n家/q走/v霉/n运/v的/ude1好/a办法/n来/vf。/wj
大家/rr听/v了/ule那/rzv人/n说/v出/vf的/ude1办法/n，/wd个个/q都/d说/v这/rzv是/vshi个/q好/a办法/n，/wd这样/rzv不/d到/v三年/m，/wd要/v李/nr1血/n鬼/n也/d成为/v下/vf力/n汉/tg，/wd让/v他/rr偿/vg偿/vg下/vf力/n汉/tg的/ude1苦/a日子/n。/wj
当天/t晚上/t，/wd大家/rr就/d同/p那/rzv人/n约会/vi，/wd六七/m个/q长工/n在/p黑夜/n里/f手持/v斧头/n和/cc砍/v柴/nr1刀/n来/vf到/v那个/rz生长/v万年/mq秀/ag的/ude1雄鸡/n石/ng旁/f。/wj
他们/rr正/d要/v上/vf雄鸡/n石/ng上/f，/wd许多/m人/n将/p他们/rr围住/v，/wd他们/rr吼/vi道/v：/wm“/wyz你们/rr的/ude1所/usuo作/v，/wd早/ad被/pbei老爷/n识破/v，/wd想/v断/v老爷/n家/q富贵/a风水/n，/wd永远/d办/v不/d到/v。/wj”/wyy
几/m个/q长工/n知道/v事情/n有/vyou人/n泄/vg了/ule密/a，/wd只好/d辩护/vi说/v并/cc不/d是/vshi来/vf砍/v那/rzv棵/q万年/mq秀/ag，/wd但/c深夜/t里/f手持/v斧头/n砍刀/n聚集/v干什么/vi？/ww
众人/n有/vyou口/q难/a辩/vg，/wd被/pbei打/v得/ude3半死/z才/d叫/vi滚/vi回家/vi。/wj
李/nr1家/n从此/d白天/t黑夜/n视/vg那/rzv棵/q万年/mq秀/ag为/v宝贝/n，/wd就/d像/v保护/v自己/rr生命/n一样/uyy保护/v。/wj
时间/n久/a了/y，/wd也/d有/vyou松懈/a之/uzhi时/ng，/wd有心人/n下/vf了/ule决心/n，/wd总是/d在/p想/v办法/n伺机/d下手/vi，/wd有/vyou天/n风雨交加/vl的/ude1晚上/t，/wd万年/mq秀/ag终于/d被/pbei砍/v断/v了/y。/wj