公元/n９４９年/m，/wd天下/n战乱/n纷纷/z，/wd当时/t在/p民间/n流传/v着/uzhe这样/rzv一个/mq说法/n：/wm一/m晚/tg，/wd一个/mq相/d士/ng观看/v到/v天狼星/n忽然/d暗/a淡/x下来/vf，/wd以为/v定然/d是/vshi凶兆/n，/wd是/vshi上天/vi发怒/vi了/y，/wd连忙/d到/v后汉/t皇宫/n去/vf报信/vn。/wj
谁知/v当时/t后汉/t高祖/n刘知远/nr刚刚/d病/v死/v，/wd新/a帝/ng即位/vi不久/m，/wd四周/f叛/x臣/ng贼/n子/ng拥/v兵/n作乱/vi，/wd哪里/rys有/vyou心思/n听/v一个/mq江湖/n术/ng士/ng胡说八道/vl，/wd一/m顿/qv乱/d棍/ng把/pba他/rr从/p宫/ng门口/s打/v了/ule出来/vf。/wj
这个/rz相/d士/ng一/m瘸/vi一/m拐/v地/ude2离开/v时/ng，/wd口中/s不断/d地/ude2念叨/v：/wm“/wyz兵戈/n不息/vi，/wd天/qt怨/v人/n怒/vg，/wd异/ag人/n不/d出/vf，/wd奇/ag祸/n临头/vi！/wt”/wyy
此时/r，/wd在/p汉水/ns岸边/s通往/v重镇/n襄阳/ns的/ude1一/m条/q山间/s小路/n上/f，/wd一个/mq青年/n汉子/n正在/d缓缓/d而/cc行/vi。/wj
这个/rz男子/n大约/d二十/m挂零年/m纪/ng，/wd长/v得/ude3方面/n大/a耳/y，/wd虽然/c头发/n散乱/a面/n带/v饥/ag色/ng，/wd却/d掩/v不/d住/vi他/rr那/rzv一/m双/q豹/n眼中/s透/v出/vf的/ude1豪迈/a之/uzhi气/n，/wd身上/s的/ude1衣衫/n虽然/c破烂/a，/wd但/c走/v起/vf路/n来/f却/d不/d带/v半点/mq寒酸/a姿态/n，/wd步子/n慢/an而/cc有力/a，/wd偶尔/d还/d观赏/v一下/mq这/rzv山/n中/f的/ude1美景/n，/wd听/v一/m听/v树上/s的/ude1鸟/n鸣/vg，/wd好像/v挂/v在/p身上/s的/ude1一切/rz不/d顺利/a都/d和/cc自己/rr没有/v任何/rz关系/n。/wj
这个/rz青年人/n就/d是/vshi赵匡胤/nr。/wj
两年/m前/f，/wd刚刚/d完婚/v两年/m的/ude1赵匡胤/nr毅然/d从/p还/d算/v富足/a的/ude1家里/s偷偷/d跑/v出来/vf，/wd为/v的/ude1就/d是/vshi能够/v成就/n一番/mq大/a事业/n，/wd可/v在/p家/n千/m般/uyy易/a，/wd出门/vi步步/q难/a，/wd出/vf得/ude3门/n来/f才/d知道/v天下/n并/cc不/d是/vshi像/p自己/rr想象/v的/ude1那样/rzv好/d闯/v。/wj
原本/d是/vshi想/v投奔/v自己/rr父亲/n的/ude1几/m个/q老朋友/n，/wd可/v世态炎凉/nl，/wd又/d有/vyou谁/ry能/v给/p这个/rz寄人篱下/vl的/ude1毛头/n小伙/n真正/b的/ude1信任/vn呢/y？/ww
要么/c是/vshi给/p个/q闲/a差/ng养/v着/uzhe他/rr，/wd要么/c干脆/d把/pba他/rr拒之门外/vl，/wd还有/v的/ude1处处/d与/p他/rr为/v难/a，/wd给/p他/rr小鞋/n穿/v，/wd两年/m间/q他/rr受/v尽/vi了/ule人们/n的/ude1白眼/n和/cc嘲弄/vn。/wj
这/rzv次/qv他/rr刚/d从/p父亲/n以前/f的/ude1部下/n、/wn复/vg州/n防御/vn使/v王彦超/nr那里/rzs像/v叫花子/n一样/uyy被/pbei打/v发出/v来/vf，/wd王彦超/nr施舍/v的/ude1几/m贯/vg铜钱/n根本/d就/d不/d够/v自己/rr的/ude1盘/qv费/n，/wd无奈/d之/uzhi下/f他/rr只好/d拿/v着/uzhe这些/rz钱/n到/v一个/mq小镇/n上/f去/vf赌博/vi，/wd指望/v赢/v个/q路费/n好/a继续/v前行/v。/wj
要说/c赌钱/vi赵匡胤/nr并/cc不/d是/vshi外行/n，/wd当初/t他/rr还/d是/vshi个/q公子哥/n的/ude1时候/n，/wd除了/p和/cc一/m帮/q志趣/n相投/vi的/ude1小/a兄弟/n们/k骑马/vi射箭/vi、/wn打拳/vi练/v棍/ng外/f，/wd饮酒/vi赌博/vi也/d是/vshi经常/b的/ude1事/n，/wd而且/c在/p家/n时/ng他/rr是/vshi十/m赌/v九/m赢/v。/wj
到/v了/ule赌/v坊/ng他/rr略微/d一/m看/v就/d明白/v了/ule其中/rz的/ude1路数/n，/wd几/m次/qv下/f注/v就/d赢/v了/ule不少/m，/wd当/p他/rr盘算/v着/uzhe再/d赢/v一/m把/pba就/d可以/v收/v手上/s路/n时/ng，/wd却/d没/d发觉/v周围/f的/ude1赌徒/n们/k已经/d变/v了/ule脸色/n，/wd赵匡胤/nr刚/d把/pba骰子/n掷/v出去/vf，/wd忽然/d听见/v背后/f“/wyz忽/d”/wyy地/n一/m声/qv，/wd一阵/mq劲/n风/n袭/v来/vf，/wd饶/v是/vshi他/rr武艺/n了得/a，/wd可/v由于/c猝不及防/vl，/wd虽然/c躲/v了/ule一下/mq，/wd依然/d被/pbei扫/v来/vf的/ude1木棍/n结/v结实/a实地/d打中/v了/ule后背/n，/wd赵匡胤/nr疼/v的/ude1一/m激/vg灵/ng，/wd起身/vi一/m脚/n将/d后面/f打/v闷棍/n的/ude1家伙/n踹/v了/ule个/q跟头/n，/wd纵身/vd跳/vi上/f赌/v案/x，/wd四/m下/f一/m看/v，/wd不由得/d倒/d吸/v一/m口/q冷气/n：/wm几/m十/m个/q红/a了/ule眼/n的/ude1赌徒/n正/d恶狠狠/z地/ude2盯/v着/uzhe他/rr，/wd个个/q手里/s都/d绰/v着/uzhe家伙/n，/wd有/vyou拎/v着/uzhe菜刀/n的/ude1，/wd有/vyou举/v着/uzhe板凳/n腿/n的/ude1，/wd旁边/f赌/v坊/ng的/ude1胖/a老板/n连/ulian蹿/vi带/v跳/vi地/ude2喊/v着/uzhe：/wm“/wyz兄弟/n们/k，/wd给/p我/rr上/f，/wd别/d让/v外地/s侉/x子/ng跑/v了/y，/wd给/p我/rr往/p死/v里/f打/v！/wt”/wyy。/wj
赵匡胤/nr深知/v双/m拳/qv难/a敌/vg四/m手/n，/wd恶/a虎/n害怕/v群/q狼/n的/ude1道理/n，/wd况且/c他人/rr在/p外地/s，/wd面对/v一/m群/q输/v红/a了/ule眼/n赌徒/n，/wd弄/v不好/a就/d会/v粘/v上/vf人命/n官司/n，/wd影响/v自己/rr的/ude1行程/n，/wd于是/cc，/wd他/rr飞/vi起/vf数/m脚/q，/wd那/rzv赌/v案/x上/f的/ude1铜钱/n就/d像/v雨点/n一样/uyy朝/p赌徒/n们/k飞/vi去/vf，/wd趁着/p赌徒/n们/k纷纷/d低头/vi抢/v钱/n的/ude1时机/n，/wd他/rr打倒/v离/v自己/rr最近/t的/ude1赌徒/n，/wd从/p人/n缝/n里/f冲/v了/ule出去/vf，/wd任凭/c赌/v坊/ng老板/n百般/d叫骂/v，/wd他/rr只是/d不/d理/v，/wd飞快/z地/ude2跑/v出/vf了/ule小镇/n。/wj
所/usuo幸/vg没/v人/n追赶/v，/wd只不过/d自己/rr现在/t是/vshi一文不名/bl，/wd连/ulian吃饭/vi都/d成/v了/ule问题/n。/wj
好/a在/p山间/s不时/d可以/v见到/v几/m串/q野果/n，/wd一/m眼/q清泉/n，/wd还/d不至于/d把/pba他/rr渴/a死/a、/wn饿/v死/v，/wd可/v赵匡胤/nr对/p自己/rr究竟/d应该/v何去何从/vl却/d犹豫/a起来/vf。/wj
正/d走/v间/f，/wd赵匡胤/nr突然/ad发现/v路边/s的/ude1树/n底下/f有/vyou一/m个/q金色/n绒球/n，/wd他/rr眼睛/n一/m亮/vi，/wd快/a步/qv走/v过去/vf，/wd小心/a地/ude2捧/v起/vf来/vf一/m看/v，/wd不禁/d哑然失笑/vl－/wp－/wp原来/d是/vshi一/m只/q长/a满/a金黄/z茸毛/n的/ude1小/a狗/n，/wd正/d瞪/v着/uzhe一/m双/q乌油油/z的/ude1小/a眼/n晶/ag看/v着/uzhe他/rr。/wj
他/rr摇摇/v头/n，/wd轻轻/z地/ude2把/pba小/a狗/n放/v回/v原/b地/n，/wd苦笑/vi了/ule一/m声/qv：/wm“/wyz小/a狗/n啊/e小/a狗/n，/wd你/rr没/d有/vyou家/q，/wd我/rr也/d没有/v家/q，/wd我/rr赵匡胤/nr现在/t连/ulian自己/rr的/ude1肚子/n都/d照顾/v不/d了/y，/wd你/rr还是/v等/udeng个/q好/a人家/n把/pba你/rr捡/v走/v吧/y！/wt”/wyy
，/wd说/v完/vi，/wd他/rr转身/vi就/d走/v。/wj
刚/d走/v两/m步/qv，/wd赵匡胤/nr又/d停/vi了/ule下来/vf，/wd他/rr回头/d看/v看/v那/rzv只/d小/a狗/n，/wd仍然/d在/p瞪/v着/uzhe眼睛/n看/v着/uzhe他/rr，/wd嘴里/s还/d发出/v两/m声/qv轻微/a的/ude1汪汪/z声/ng，/wd赵匡胤/nr的/ude1眼圈/n一下/mq红/a了/y。/wj
这/rzv只/d小/a狗/n太/d可怜/v了/y，/wd如果/c没有/v人/n来/vf捡/v它/rr，/wd肯定/d会/v被/pbei这/rzv山间/s毒蛇/n猛/x兽/ng所/usuo伤害/v。/wj
再者/c，/wd自己/rr目前/t的/ude1处境/n又/d和/cc这/rzv只/d小/a狗/n有/vyou什么/ry区别/n？/ww
自己/rr不/d也/d是/vshi找/v不到/v个/q安身立命/vl之/uzhi所/n吗/y？/ww
这/rzv真/d是/vshi同/p是/vshi天涯/n沦落/vn人/n，/wd相逢/vi何必/d曾/d相识/vi啊/y！/wt
想/v到/v这里/rzs，/wd赵匡胤/nr又/d转身/vi回来/v，/wd俯/vg下/vf身子/n去/vf抱/v那/rzv只/d小/a狗/n，/wd但/c见/v那/rzv只/d小/a狗/n竟然/d颤颤悠悠/z地/ude2站/vi起来/vf向/p他/rr走/v过来/vf，/wd还/d伸出/v热乎乎/z的/ude1小/a舌头/n在/p他/rr的/ude1手上/s舔/v了/ule两/m下/vf。/wj
赵匡胤/nr心中/s一/m喜/ng，/wd把/pba小/a狗/n紧紧/d抱/v在/p怀里/s，/wd昂首/vd又/d踏/v上/vf了/ule前途/n。/wj
临近/v襄阳/ns，/wd赵匡胤/nr面前/f出现/v一个/mq岔道/n口/q，/wd一/m条/q是/vshi通往/v襄阳/ns的/ude1官/n道/qv，/wd一/m条/q是/vshi通往/v一/m座/q寺院/n的/ude1山路/n。/wj