” 父亲 举起 了 锄头 。
“ 尸 气 有 颜色 么 ？
” 寒生 问 。
“ 有 ， 但是 一般 人 看不到 的 。
” 父亲 回答 。
“ 都 是 什么 颜色 ？
” 寒生 饶有 兴趣 的 追问 。
“ 嗯 ， 一般 是 淡 灰色 ， 也 有 黑色 的 ， 像 浓烟 一样 ， 很 邪 门 ， 最 可怕 的 是 红色 的 尸 气 ， 沾 上 就 没 救 了 。
” 父亲 说 。
寒生 听 罢 ， 心中 顿 生 惧 意 。
?
竹林 里 雾气 沼 沼 ， 一 团团 的 伊蚊 煽动 着 翅膀 ， 虎视眈眈 的 盯 着 这 两 个 热血 的 人类 ， 寒 生 不由 得 打 了 个 哆嗦 ， 这种 蚊子 咬 人 无声无息 ， 叮 的 包 不 大 ， 但是 奇 痒 ， 你 恨 不 能 把 那 块 肉 都 抠 出去 。
父亲 一锄锄 的 掘 着 土 ， 额头 上 冒 出 汗珠 ， 寒生 递 过 毛巾 ， 顺手 抢 过 锄头 干 了 起来 ， 毕竟 是 年轻人 ， 体力 壮 ， 速度 明显 快 了 许多 。
父亲 坐 到 了 一边 ， 抽 起 了 烟 ， 香烟 味儿 弥散 开来 ， 蚊子 群 退回 到 了 竹林 里 。
寒生 用 力 的 刨 着 ， 四周 已经 堆 起 了 高高的 土 ， 就 在 这时 ， 突然 手下 感觉 有 异 ， “ 咚 ” 的 一 声 ， 锄头 一 沉 ， 手腕 翻转 用力 ， 竟 硬 生生的 扯 出 一 块 黑 褐色 的 木板 来 。
“ 有 黑 气 ， 躲开 ！
” 身后 一 声 暴 喝 ， 父亲 凌空 跃 下 ， 一手 扯 住 寒生 将 他 推 了 上去 。
寒 生 回头 望 去 ， 只见 父亲 身体 摇晃 了 几 下 ， 一 只 手 从 怀里 摸 出 了 个 药丸 塞入 了 口中 ， 原来 父亲 已 有 准备 。
寒 生 躲 在 圈 外 ， 仔细 瞧 着 坑 内 ， 自己 却 是 什么 也 看 不 见 。
父亲 继续 清理 着 浮土 ， 然后 用 力 撬 开 棺材 盖 ， 随即 跳 了 上来 ， 张 着 嘴 大 口 的 喘息 着 。
“ 老爹 ， 我 看 不 到 黑 气 呀 。
” 寒 生 搀扶 住 了 父亲 。
“ 当然 ， 你 还 没 学 过 堪 与 观 气 之 法 ， 自然 看 不 见 了 。
” 父亲 说道 。
寒 生 踮 起脚 ， 向 土坑 内 看 。
“ 等等 尸 气 散 了 再 下去 。
” 父亲 又 点 起 了 一 支 烟 。
“ 老爹 ， 曾祖 的 棺材 里 怎么 会 冒 黑 气 呢 ？
” 寒生 不 解 的 问 。
父亲 叹 了 口 气 ， 说道 ： “ 你 曾祖 也 是 个 郎中 ， 大概 是 怕 有 人 盗墓 ， 里面 放 了 蟾蜍 曼 陀 粉 。
” “ 蟾蜍 曼 陀 粉 ？
这 东西 也 能 产生 有毒 的 尸 气 ？
” 寒 生 问道 。
“ 这 味 药 只是 有 麻醉 的 功效 ， 一旦 结合 了 尸体 分解 时 的 腐败 气体 ， 便 会 产生 剧毒 的 黑色 尸 气 。
” 父亲 解释 道 。
“ 那么 最 厉害 的 红 尸 气 呢 ， 是 怎么 出来 的 ？
” 寒生 感到 越来越 刺激 。
“ 老爹 悬 壶 一 世 ， 至今 还 没有 遇见 过 。
” 父亲 说道 。
此刻 辰 时 中 ， 一 缕 阳光 斜 斜 的 射 下来 ， 照 到 了 土坑 里 。
父亲 跳 了 起来 ， 抓起 雨伞 ， 站 在 土堆 上 ， 把 雨伞 撑 开 遮住 了 阳光 。
“ 先 人 的 骨 殖 见 不 得 太 阳光 的 ， 寒生 ， 尸 气 已经 散 尽 ， 你 下去 替 曾祖 敛 骨 吧 。
” 父亲 鼓励 寒 生 道 。
寒生 拿 起 一 条 布 袋 ， 壮 着 胆子 跳 下 了 坑 。
?
一 副 完整 的 骨架 ， 呈 黄 褐 颜色 ， 不过 姿势 却 是 十分 的 怪异 ， 那 具 尸骨 是 头 向 下 爬 着 的 ， 脊背 朝 天 。
怎么 会 这样 ？
当地 从来 都 没有 这种 风俗 啊 。
寒 生 皱 了 皱眉头 ， 目光 扫视 了 下 棺 内 ， 也 没有 发现 任何 的 随 葬 物品 ， 棺材 底部 有 一些 极 细 的 尘土 ， 掩埋 了 部分 骨 殖 。
他 嘟囔 了 声 ， 蹲 下 开始 敛 骨 ， 平生 第一 次 钻进 了 棺材 里 ， 心里 慌 慌 的 ， 忐忑不安 。
骨 殖 一根根 的 装 进 了 布 口袋 ， 骨骼 之间 的 筋 膜 早已 消失 了 ， 所以 连接 处 都 是 分离 的 ， 拣 起来 很 容易 ， 最后 捧 起 骷髅 头 ， 小心翼翼 的 塞 进 口袋 里 。
“ 老爹 ， 拣 完 了 。
” 寒生 喊 道 。
江南 的 晚秋 ， 天气 变化无常 ， 刚才 还 有 阳光 照 下 来 ， 此刻 却 是 乌云 蔽 日 ， 哗哗 下 起 雨 来 了 。
“ 寒生 ， 辰 时 已 过 ， 我们 回去 。
” 父亲 看 了 看 铅灰色 的 天空 ， 摇摇 头 说道 。
“ 那 其他 的 墓 怎么办 ？
” 寒生 问 。
“ 再 找 吉日 吧 。
” 父亲 拉 住 寒生 的 手 ， 拖 了 上来 。
父子 两 人 照 原 路 返回 ， 等 赶回 村 东家 门口 时 ， 浑身 衣裳 都 已经 湿 透 了 。
草屋 前 的 大 香樟 树 下 ， 站 着 几 个 人 ， 焦急 的 四处 张望 ， 一 见 寒 生父 子 ， 赶忙 迎 上 前来 。
“ 朱 医生 ， 我家 婆娘 就要 生产 了 ， 麻烦 您 赶紧 跑 一 趟 。
” 那 为首 的 中年 男子 焦急 地 说道 。
“ 好 ， 我 收 拾一 下 就 去 。
” 父亲 进屋 去 取 药 箱 。
“ 寒生 ， 今天 不 一定 赶 得 回来 ， 你 在 戌时 把 遗骨 清点 一下 ， 然后 用 白布 条 扎 紧 放在 西屋 壁龛 上 ， 记住 点 上 三 炷 香 。
” 父亲 背 起 药箱 ， 叮嘱 寒 生 道 。
“ 知道 啦 ， 老爹 早 去 早 回 。
” 寒 生 应声 答道 ， 走 进 西屋 放下 布 口袋 。
他 知道 ， 接生 不同 于 看病 ， 有时 产妇 折腾 一两 天 还 生 不 下来 ， 父亲 就 得 在 那里 随时 看 着 ， 今晚 肯定 又 得 自己 独自 吃饭 了 。
晚上 掌灯 时 ， 寒生 自己 胡乱 扒拉 两 口 饭 ， 看看 时钟 已经 七点 ， 戌时 到 了 ， 他 来到 西屋 壁龛 前 ， 取 下 布 口袋 ， 开始 遵照 父亲 的 嘱咐 在 油灯 下 清点 骨 殖 。
自幼 就 跟 着 父亲 行医 ， 十 多 年 的 耳闻 目 染 ， 寒生 对 人体 并 不 陌生 ， 他 知道 人体 大大小小 有 204 块 骨头 ， 但是 听说 外国 洋人 有 206 块 ， 他们 的 第五 脚趾 骨 比 我们 多 一 块 ， 不过 父亲 也 没 见 过 。
