太阳能 热 泵 沼气 工程 供 能 系统 
分析 优化 引言 为 提高 用 能 设备 和 系统 的 能量 利用效率  常 采用 能量 分析法 和 
分析法 对 其 进行 热力学 分析 
其中 
分析法 可以 从 本质 上 给 出 装置 或 设备 在 用 能 过程 中 有 效能 转换  传递 及 利用 情况 的 评价  并 能 对 系统 的 节能 潜力 和 进一步 优化 做出 判断 并 指明 方向 [ 1 ] 
目前  太阳能 热 泵 供 能 系统 重点 应用 领域 为 建筑 节能  研究 主要 集中 在 技术 经济性  运行 特性  数值 模拟 及 系统 优化 等 方面 [ 2-8 ] 
通过 查阅 文献 [ 9 ~ 14 ] 发现  太阳能 热 泵 供 能 系统 在 沼气 工程领域 的 应用 与 研究 相对 较 少  系统 优化 方面 的 文献 主要 针对 热 泵装置 设计 参数  蓄热 水箱 体积  太阳能 集热器 面积 等 设备 设计 参数  从 系统 整体 角度 出发 对 能量 利用 过程 中 状态 点 的 优化 分析 并 不 多 见 
本文 将 对 太阳能 热 泵 沼气 工程 供 能 系统 [ 15 ] 各个 设备 以及 整个 系统 建立 
平衡 数学 模型 并 进行 
分析  得到 系统 实际 运行 过程 中 的 
损失 分布  然后 建立 符合 热力学 原理 的 约束 条件  利用 MATLAB 软件 对 系统 状态 参数 进行 变量 非线性 最 优化 问题 求解  得到 使 系统 
效率 最 大 时 的 最 优 参数  与 实际 工程 运行 参数 进行 对比 分析  得到 提高 系统 
效率 的 措施 与 方法  并 进行 验证 性 实验  最后 再 对 影响 系统 
效率 的 蓄热 水箱 温度 tv  热 泵系统 年均 性能 系数 COP ( year ) ( CoefficientofPerformance  COP ) 以及 集热器 效率 η col3 个 因素 进行 分析 
1 研究 对象 和 实验 方法 1 1 研究 对象 以 上海市 崇明县 港 沿 镇 合 兴 村 沼气 集中 供气 示范 工程 为 研究 对象 
该 工程 主要 是 由 太阳能 集热 系统  蓄热 水箱  池 内 换热盘管 系统  热 泵 机组  沼气池  办公 区  水泵  管道  阀门  压力表  温度 传感器 等 组成 [ 16 ]  如 图 1 所 示 
图 1 太阳能 热 泵 沼气 工程 供 能 系统 1 太阳能 集热器 2 蓄热 水箱 3 热 泵 机组 4 沼气池 5 办公 区 太阳能 热 泵 沼气 工程 供 能 系统 包括 3 个子 系统  分别 为 太阳能 集热 系统  热 泵 工 质 循环系统 和 用户 末端 系统 
其中 太阳能 集热 系统 主要 由 太阳能 集热器  蓄热 水箱  水泵 等 组成 
在 该 系统 中  太阳能 集热器 通过 循环 水 收集 太阳 辐射 能  将 热量 存储 在 蓄热 水箱  热 泵 工 质 循环系统 主要 由 热 泵 机组  循环 工 质  换热盘管  水泵 等 组成 
在 该 系统 中  对 热 泵 机组 输入 少量 的 高 品位 电能  实现 将 蓄热 水箱 中 的 低温 位 热能 向 高温 位 转移 
用户 末端 系统 主要 包括 沼气池  办公 区 
在 该 系统 中  热 泵系统 负载 侧 循环 工 质 以 辐射 和 对流 的 方式 与 沼气池 发酵 原料 和 办公 区 空气 进行 热交换 
由 表 1 数据 可知  热 泵 机组 以及 太阳能 集热器 的 
损失 很 大  通过 对 系统 状态 参数 以及 
损失 的 计算分析 可知  热 泵 机组 - 蓄热 水箱 侧 的 流量 设计 过 小  导致 热 泵 机组 源 侧 进出口 温差 过 大 
办公 区 和 沼气池 的 流量分配 不 合理  导致 两者 的 回水 温度 差距 很 大 
太阳能 集热器 联 箱内 介质 水 的 循环 流量 过 大  导致 联 箱内 介质 水 的 进出口 温差 太 小 
这些 是 造成 系统 
损失 的 重要 原因  蓄热 水箱  沼气池  办公 区 的 
损失 所 占 比例 很 小  其 主要 是 由于 热量 传递 过程 中 的 散 热和 传热 温差 引起 的 
针对 造成 系统 
损失 的 原因  可以 通过 改变 部件 型号 和 盘 管 设计 长度 进而 调整系统 状态 参数 来 克服  所以 本文 将 建立 符合 热力学 原理 的 约束 条件  通过 调整系统 内 相应 的 状态 点 参数  实现 系统 
效率 的 最大化 
3 太阳能 热 泵 沼气 工程 供 能 系统 
效率 优化 太阳能 热 泵 沼气 工程 供 能 系统 的 
优化  主要 是 在 系统 
损失 计算 和 分析 的 基础 上  找到 能量 利用 的 薄弱 环节  确定 目标 函数 和 约束 条件  建立 符合 热力学 规律 的 数学 模型  通过 MATLAB 的 优化 工具箱 对 模型 进行 变量 非线性 最 优化 问题 求解  寻求 使 目标值 最 小 的 最 优 参数  同时 分析系统 状态 参数  性能 参数 同 目标值 的 关系  寻求 系统 优化 途径 
3 1 数学 模型 的 程序化 根据 MATLAB 工具箱 求解 最 优化 问题 的 特殊性  在 寻求 系统 最 大 
效率 的 过程 中  应 建立 以 系统 
损失 系数 为 最 小 的 目标 函数  然后 进一步 求解 系统 最 大 
效率 
式 中 η i - 系统 各 部件 的 
损失 系数  Ii - 工 质 流经 各 部件 的 
损失  W 
设计 变量 选取 为 太阳能 集热器 联箱 的 进 水 温度  太阳能 集热器 联箱 的 出 水 温度  集热器 联 箱内 介质 水 的 循环 流量  热 泵 机组 - 蓄热 水箱 侧 出 水 温度  热 泵 机组 - 办公 区 侧 介质 水 的 循环 流量  热 泵 机组 - 沼气池 侧 介质 水 的 循环 流量  热 泵 机组 - 沼气池 侧 出 水 温度  热 泵 机组 - 沼气池 侧 进 水 温度  热 泵 机组 - 办公 区 侧 进 水 温度  热 泵 机组 - 蓄热 水箱 侧 介质 水 的 循环 流量  分别 设 为 x1  x2  x3  x4  x5  x6  x7  x8  x9  x10 
