夜晚 刮 了 风 ， 被窝 怎么 也 盖 不严 ， 破 了 的 窗户 纸 吹 得 沙沙 地 响 ， 等 不 到 天亮 ， 人 醒 在 炕 上 了 。
睡 在 山 底下 十四 号 房间 里 的 薇 底 ， 本来 一 到 四五点 钟 就 睡 不 着 了 的 ， 今晚 似乎 醒 得 更 早 了 。
听 了 听 靠 在 她 左边 睡 着 的 管玉 ， 跟 她 往常 一样 ， 不管 你 什么 时候 醒 ， 她 总是 呼噜 呼噜 地 睡 得 香甜 得 很 。
她 是 不 到 吹 起床号 不 醒 的 ， 甚至 连 号音 也 听 不 到 ， 要 同学 叫 着 她 才 肯 醒 的 时候 也 有 。
薇 底 于是 转 过 身 去 ， 蜷 着 ， 缩 着 头 ， 闭 紧 了 眼 ， 心里 想 着 ： “ 睡 吧 ！
睡 吧 ！
明天 要 上山 了 呢 ！ ”
可是 慢慢 倒 更 清醒 了 似的 ， 朦朦 胧 胧 地 回忆 到 上午 的 秋收 动员 大会 ， 实际 却 是 很 清楚 地 呈现 在 眼前 。
“ 为什么 大家 那么 兴奋 而 愉快 呢 ？ ”
她 一 面 怀疑 地 问 着 ， 那些 动人 的 场景 和 演说 词 ， 便 像 银幕 一般 地 连续 映 了 出来 。
自从 柳润波 用 朗诵 诗 似的 演说 向 全体 同学 挑战 ， 那些 被 刺激 了 的 青年 的 心 谁 也 忍不住 不 响亮 地 给 他 以 回答 。
小 干部 ( 指 小组长 ) 们 更 忙 了 起来 ， 重新 在 他 的 小组 里 征求 新 的 意见 ， 以便 提出 更 高 的 目标 作为 竞赛 条件 。
要 不 是 主席 善于 主持 会场 ， 将 讨论 中心 移 到 组织 和 技术 上 去 ， 那 会议 不知 要 延长 到 多久 了 。
自然 ， 薇 底 没有 感觉 到 自己 在 大会 上 也 曾 如何 地 激动 和 昂奋 。
她 的 身体 不 算 怎么 好 ， 神经 和 心脏 都 有 一点 衰弱 ， 每 一 上山 便 气喘 头晕 心跳 ， 但 这 次 她 决定 参加 重 劳动 。
她 的 小 干部 和 生产 分会 的 分队长 都 劝 她 ， 要 她 留 在 学校 里 编 《 秋收 小报 》 ， 可是 仍 抵 不 过 她 的 执拗 。
每 一 回忆 到 以往 的 心情 ( 锄草 时 她 是 做 轻 劳动 的 ) ， 就 觉得 难受 。
近来 自信 身体 已经 强健 得 多 ， 并且 也 想 借此机会 锻炼 一下 ， 所以 她 很 高兴 地 做 了 一些 准备 上山 的 工作 。
所谓 准备 也 就是 除了 修理 一 双 好 走路 的 鞋子 之外 ， 还 在 头天 送 走 了 来 看 她 的 孩子 ， 和 睡 得 早 一点 而已 。
这 也就是说 她 不 敢 在 吹 了 熄灯号 之后 还 延 捱 一会儿 ， 思索 什么 问题 了 。
然而 不 到 月亮 下山 她 便 醒 了 ， 翻来覆去 都 睡 不 熟 。
该 是 多 倒霉 的 事 啊 ！
睡 在 她 右边 的 刘素 ， 患 着 厉害 的 神经衰弱 ， 常常 失眠 的 ， 听 到 她 的 转 侧 ， 便 轻轻 地 问道 ： “ 薇 底 ： 你 睡 不 着 吗 ？ ”
“ 唔 ， 没有 什么 。 ”
她 不 想 多 说话 ， 她 的确 还 希望 睡 一会 。
刘素 因为 这 次 仍 不能 上山 ， 眼看 着 过去 一 道 做 轻 劳动 工作 的 同志 ， 都 意气 扬 扬 地 答应 别人 ： “ 没有 关系 ， 我 做 得 了 。 ”
或是 骄傲 地 直爽 地 告诉 别人 ： “ 我 这 次 参加 重 劳动 了 。
我 要 上山 了 。 ”
现在 只有 她 还 要 留 在 学校 。
虽说 她 并 不 是 完全 不 劳动 ， 大约 要 做 点 厨房 里 的 工作 。
虽说 同志 们 都 很 体谅 她 ， 安慰 她 ， 可 是 她 能 大声 地 告诉 人 “ 我 是 留 在 厨房 里 的 ” 么 ？
她 总 觉得 苦闷 ， 时时 想 找 人 倾吐 。
她 同 薇 底 并 不 同 组 ， 但 因为 睡 在 一块 ， 有时 总 交换 一些 谈话 ， 虽说 两 人 并 没有 什么 深厚 的 友谊 ， 彼此 之间 的 印象 似乎 还 不 坏 的 。
尤其 刘 素 认为 薇 底 是 一个 非常 能 了解 人和 体谅 人 的 ， 不 管 她 外表 看来 是 一个 不 细心 ， 不 大 管 别人 闲事 的 样子 。
可是 现在 薇 底 却 让 她 失望 了 ， 薇 底 显得 很 冷 淡 ， 她 虽 不 怪 她 ， 却 感到 异常 地 寂寞 。
这时 月亮 下去 了 ， 窗户 外边 显得 一 片 黑 。
可是 从 很 远 的 地方 ， 这里 那里 的 ， 一些 没有 调子 的 号音 ， 透过 辽阔 的 原野 ， 四 方 地 飞 送 着 ， 在 一些 山脚下 流荡 。
而 在 东方 ， 在 山 那边 的 东方 ， 一些 半透明 的 曙色 升 上 来 了 。
辘轳 在 响 ， 有 谁 在 打 水 了 ， 大约 是 帮厨 的 同学 吧 。
只要 起床号 — 吹 ， 这 宇宙 便 完全 变 了 样 。
那 营房 似的 ， 工房 似的 一 长 排 房子 里 ， 几 十 个 门口 便 吐 出 一 串 串 的 人 来 。
这些 在 晨雾 中 活动 的 个体 ， 挟 着 凌云 的 气概 奔忙 着 ， 跳跃 着 ， 歌 唱 着 。
而 满 山 ， 从 不 知 多少 门洞 里 ， 高 高低 低 都 泻 下 一些 人 的 流 ， 他们 张 着 鼻孔 呼吸 ， 叫嚣 ， 故意 要 显出 矫健 似的 ， 从 那峻峻 的 路上 ， 跳 着 冲 到 山 下来 。
于是河 的 这 头 ， 那 头 ， 河 的 中央 ， 那里 有 一些 岩石 ， 都 站 满 人 了 。
水 被 扰动 着 ， 跳跃 着 往 下 流 ， 任性 地 冲 激 着 岩石 ， 欢愉 地 吼叫 。
但 这 只 有 一刻 的 工夫 ， 河边 又 恢复 了 晨 间 的 宁静 ： 没有 照着 阳光 的 山头 ， 沉郁 地 笼罩 在 青色 的 、 紫色 的 、 淡 淡 的 烟雾 中 ； 寂寂 的 原野 ， 荒凉 的 小径 ， 虽说 有 一些 牲口 的 脚印 ， 总 像 不 大 有 人 来 过 似的 ； 只有 那些 河边 的 小 石 上 ， 还 留 着 被 溅 湿 的 清凉 的 水 渍 。
这时 ， 人 又 摊 开 在 满 院子 ， 满 屋檐 前 ， 从 厨房 里 打 了 菜 来 的 ， 从 水 房 抬 了 开水 来 的 ， 集 拢 在 饭锅 边 ， 又 散开 ， 而且 比 往日 更 嘈杂 。