有 一 回 我 摇 车 出 了 小院 ； 想起 一 件 什么 事 又 返 身 回来 ， 看见 母亲 仍 站 在 原地 ， 还是 送 我 走 时 的 姿势 ， 望 着 我 拐 出 小院 去 的 那 处 墙角 ， 对 我 的 回来 竟 一时 没有 反应 。
待 她 再次 送 我 出门 的 时候 ， 她 说 ： “ 出去 活动 活动 ， 去 地坛 看看 书 ， 我 说 这 挺 好 。 ”
许多 年 以后 我 才 渐渐 听 出 ， 母亲 这话 实际上 是 自我 安慰 ， 是 暗自 的 祷告 ， 是 给 我 的 提示 ， 是 恳求 与 嘱咐 。
只 是 在 她 猝然 去世 之后 ， 我 才 有 余暇 设想 。
当 我 不 在 家里 的 那些 漫长 的 时间 ， 她 是 怎样 心神不定 坐 卧 难 宁 ， 兼 着 痛苦 与 惊恐 与 一个 母亲 最低 限度 的 祈求 。
现在 我 可以 断定 ， 以 她 的 聪慧 和 坚忍 ， 在 那些 空 落 的 白天 后 的 黑夜 ， 在 那 不 眠 的 黑夜 后 的 白天 ， 她 思来想去 最后 准 是 对 自己 说 ： “ 反正 我 不能不 让 他 出去 ， 未来 的 日子 是 他 自己 的 ， 如果 他 真 的 要 在 那 园子 里 出 了 什么 事 ， 这 苦难 也 只好 我 来 承担 。 ”
在 那 段 日子 里 —— 那 是 好几 年 长 的 一 段 日子 ， 我 想 我 一定 使 母亲 作 过 了 最 坏 的 准备 了 ， 但 她 从来 没有 对 我 说 过 ： “ 你 为 我 想 想 ” 。
事实上 我 也 真 的 没 为 她 想 过 。
那时 她 的 儿子 ， 还 太 年轻 ， 还 来不及 为 母亲 想 ， 他 被 命运 击 昏 了 头 ， 一心 以为 自己 是 世上 最 不幸 的 一 个 ， 不 知道 儿子 的 不幸 在 母亲 那儿 总是 要 加倍 的 。
她 有 一个 长 到 二十 岁 上 忽然 截瘫 了 的 儿子 ， 这 是 她 唯一 的 儿子 ； 她 情愿 截瘫 的 是 自己 而 不 是 儿子 ， 可 这 事 无法 代替 ； 她 想 ， 只要 儿子 能 活 下去 哪怕 自己 去 死 呢 也 行 ， 可 她 又 确信 一个 人 不 能 仅仅 是 活 着 ， 儿子 得 有 一 条 路 走 向 自己 的 幸福 ； 而 这 条 路 呢 ， 没有 谁 能 保证 她 的 儿子 终于 能 找到 。
—— 这样 一个 母亲 ， 注定 是 活 得 最 苦 的 母亲 。
有 一 次 与 一个 作家 朋友 聊天 ， 我 问 他 学 写作 的 最初 动机 是 什么 ?
他 想 了 一 会 说 ： “ 为 我 母亲 。
为了 让 她 骄傲 。 ”
我 心里 一 惊 ， 良久 无言 。
回想 自己 最初 写 小说 的 动机 ， 虽 不 似 这 位 朋友 的 那 般 单纯 ， 但 如 他 一样 的 愿望 我 也 有 ， 且 一经 细 想 ， 发现 这 愿望 也 在 全部 动机 中 占 了 很 大 比重 。
这 位 朋友 说 ： “ 我 的 动机 太 低俗 了 吧 ? ”
我 光是 摇头 ， 心想 低俗 并 不见得 低俗 ， 只怕 是 这 愿望 过于 天真 了 。
他 又 说 ： “ 我 那时 真 就 是 想 出名 ， 出 了 名 让 别人 羡慕 我 母亲 。 ”
我 想 ， 他 比 我 坦率 。
我 想 ， 他 又 比 我 幸福 ， 因为 他 的 母亲 还 活 着 。
而且 我 想 ， 他 的 母亲 也 比 我 的 母亲 运气 好 ， 他 的 母亲 没有 一个 双 腿 残废 的 儿子 ， 否则 事情 就 不 这么 简单 。
在 我 的 头 一 篇 小说 发表 的 时候 ， 在 我 的 小说 第一 次 获奖 的 那些 日子 里 ， 我 真 是 多么 希望 我 的 母亲 还 活 着 。
我 便 又 不 能 在 家里 呆 了 ， 又 整天 整天 独自 跑 到 地坛 去 ， 心里 是 没 头 没 尾 的 沉郁 和 哀怨 ， 走遍 整个 园子 却 怎么 也 想 不通 ： 母亲 为 什么 就 不能 再 多 活 两年 ?
为什么 在 她 儿子 就 快要 碰撞 开 一 条 路 的 时候 ， 她 却 忽然 熬 不 住 了 ?
莫非 她 来 此 世上 只是 为了 替 儿子 担忧 ， 却 不 该 分享 我 的 一点点 快乐 ?
她 匆匆 离 我 去 时 才 只 有 四十九 岁 呀 !
有 那么 一会 ， 我 甚至 对 世界 对 上帝 充满 了 仇恨 和 厌恶 。
后来 我 在 一 篇 题 为 “ 合欢 树 ” 的 文章 中 写道 ： “ 我 坐 在 小 公园 安静 的 树林 里 ， 闭 上 眼睛 ， 想 ， 上帝 为什么 早早 地 召 母亲 回去 呢 ?
很 久 很 久 ， 迷 迷 糊 溯 的 我 听 见 了 回答 ： ‘ 她 心里 太 苦 了 ， 上帝 看 她 受 不 住 了 ， 就 召 她 回去 。 ’
我 似乎 得了 一点 安慰 ， 睁 开 眼睛 ， 看见 风 正 从 树林 里 穿过 。 ”
小 公园 ， 指 的 也 是 地坛 。
只是 到 了 这时候 ， 纷纭 的 往事 才 在 我 眼前 幻 现 得 清晰 ， 母亲 的 苦难 与 伟大 才 在 我 心中 渗透 得 深 彻 。
上帝 的 考虑 ， 也许 是 对 的 。
摇 着 轮椅 在 园 中 慢慢 走 ， 又 是 雾 罩 的 清晨 ， 又 是 骄阳 高 悬 的 白昼 ， 我 只 想 着 一 件 事 ： 母亲 已经 不 在 了 。
在 老 柏树 旁 停下 ， 在 草地 上 在 颓 墙 边 停下 ， 又 是 处处 虫 鸣 的 午后 ， 又 是 鸟儿 归 巢 的 傍晚 ， 我 心里 只 默 念 着 一 句 话 ： 可 是 母亲 已经 不 在 了 。
把 椅背 放 倒 ， 躺 下 ， 似 睡 非 睡 挨 到 日 没 ， 坐 起来 ， 心神 恍惚 ， 呆 呆 地直 坐 到 古 祭坛 上 落 满 黑暗 然后 再 渐渐 浮 起 月光 ， 心里 才 有 点 明白 ， 母亲 不能 再 来 这 园 中 找 我 了 。
曾 有 过 好 多 回 ， 我 在 这 园子 里 呆 得 太 久 了 ， 母亲 就 来 找 我 。
她 来 找 我 又 不 想 让 我 发觉 ， 只要 见 我 还 好好 地 在 这 园子 里 ， 她 就 悄悄 转身 回去 ， 我 看见 过 几 次 她 的 背影 。
我 也 看见 过 几 回 她 四 处 张望 的 情景 ， 她 视力 不好 ， 端 着 眼镜 像 在 寻找 海上 的 一 条 船 ， 她 没 看见 我 时 我 已经 看见 她 了 ， 待 我 看见 她 也 看见 我 了 我 就 不 去 看 她 ， 过 一 会 我 再 抬头 看 她 就 又 看见 她 缓缓 离去 的 背影 。