伏园 兄 ： 北京 近日 多 雨 ， 你 在 长安 道 上 不 知 也 遇到 否 ， 想必 能 增 你 旅行 的 许多 佳 趣 。
雨 中 旅行 不 一定 是 很 愉快 的 ， 我 以前 在 杭 沪 车上 时常 遇 雨 ， 每 感 困难 ， 所以 我 于 火车 的 雨 不 能 感到 什么 兴味 ， 但 卧 在 乌篷船 里 ， 静听 打 篷 的 雨声 ， 加上 乃 的 橹 声 ， 以及 “ 靠 塘 来 ， 靠 下去 ” 的 呼声 ， 却 是 一 种 梦 似的 诗 境 。
倘若 更 大胆 一点 ， 仰卧 在 脚 划 小船 内 ， 冒 雨 夜 行 ， 更 显出 水乡 住 民 的 风趣 ， 虽然 较为 危险 ， 一不小心 ， 拙劣 地 转 一 个 身 ， 便 要 使 船底 朝 天 。
二十 多 年 前 往 东 浦 吊 先父 的 保姆 之 丧 ， 归途 遇 暴风雨 ， 一时 扁舟 在 白 鹅 似的 波浪 中间 滚 过 大树 港 ， 危险 极 也 愉快 极了 。
我 大约 还 有 好 些 “ 为 鱼 ” 时候 ─ ─ 至少 也 是 断 发文 身 时候 的 脾气 ， 对于 水 颇 感到 亲近 ， 不 过 北京 的 泥塘 似的 许多 “ 海 ” 实在 不 很 满意 ， 这样 的 水 没有 也 并 不 怎么 可惜 。
你 往 “ 陕 半 天 ” 去 似乎 要 走 好 两 天 的 准 沙漠 路 ， 在 那些 时候 倘若 遇见 风雨 ， 大约 是 很 舒服 的 ， 遥想 你 胡 坐 骡 车 中 ， 在 大漠 之上 ， 大雨 之下 ， 喝 着 四 打 之内 的 汽水 ， 悠然 进行 ， 可以 算是 “ 不 亦 快 哉 ” 之一 。
但 这 只是 我 的 空想 ， 如 诗人 的 理想 一样 地 靠不住 ， 或者 你 在 骡 车 中 遇 雨 ， 很 感 困难 ， 正在 叫苦 连天 也 未 可知 ， 这 须 等 你 回 京 后 问 你 再 说 了 。
我 住 在 北京 ， 遇见 这 几 天 的 雨 ， 却 叫 我 十分 难过 。
北京 向 来 少 雨 ， 所以 不但 雨具 不 很 完全 ， 便是 家 屋 构造 ， 于 防雨 亦 欠 周密 。
除了 真正 富翁 以外 ， 很 少 用 实 垛 砖墙 ， 大抵 只用 泥墙 抹灰 敷衍了事 。
近来 天气 转变 ， 南方 酷 寒 而 北方 淫雨 ， 因此 两 方面 的 建筑 上 都 露出 缺陷 。
一 星期 前 的 雨 把 后园 的 西 墙 淋 坍 ， 第二 天 就 有 “ 梁上君子 ” 来 摸索 北 房 的 铁丝 窗 ， 从 次 日 起 赶紧 邀 了 七八 位 匠人 ， 费 两 天 工夫 ， 从 头 改 筑 ， 已经 成功 十分八九 ， 总算 可以 高 枕 而 卧 ， 前夜 的 雨 却 又 将 门口 的 南 墙 冲 倒 二三 丈 之 谱 。
这 回 受惊 的 可 不 是 我 了 ， 乃是 川 岛 君 “ 1 们 ” 俩 ， 因为 “ 梁上君子 ” 如 再见 光顾 ， 一定 是 去 躲 在 “ 们 ” 的 窗 下 窃听 的 了 。
为 消除 “ 们 ” 的 不安 起见 ， 一 等 天气 晴 正 ， 急 须 大举 地 修筑 ， 希望 日子 不至于 很 久 ， 这 几 天 只好 暂时 拜托 川 岛 君 的 老弟 费神 代 为 警 护 罢了 。
前天 十足 下 了 一 夜 的 雨 ， 使 我 夜里 不知 醒 了 几 遍 。
北京 除了 偶然 有 人 高兴 放 几 个 爆 仗 以外 ， 夜里 总 还 安静 ， 那样 哗 喇 哗 喇 的 雨声 在 我 的 耳朵 里 已经 不 很 听 惯 ， 所以 时常 被 它 惊醒 ， 就 是 睡 着 也 仿 佛 觉得 耳边 粘 着 面条 似的 东西 ， 睡 的 很 不 痛快 。
还有 一 层 ， 前天 晚间 据 小孩 们 报告 ， 前面 院子 里 的 积水 已经 离 台阶 不及 一 寸 ， 夜里 听 着 雨 声 ， 心里 胡里胡涂 地 总是 想 水 已 上 了 台阶 ， 浸入 西边 的 书房 里 了 。
好容易 到 了 早上 五点 钟 ， 赤脚 撑 伞 ， 跑 到 西屋 一 看 ， 果然 不出所料 ， 水 浸 满 了 全 屋 ， 约 有 一 寸 深浅 ， 边 才 叹 了 一 口 气 ， 觉得 放心 了 ； 倘若 这样 兴高采烈 地 去 ， 一 看 却 是 没有 水 ， 恐怕 那时 反 觉得 失望 ， 没有 现在 那样 的 满足 也 说 不 定 。
幸而 书籍 都 没有 湿 ， 虽然 是 没有 什么 价值 的 东西 ， 但是 湿 成 一 饼 一 饼 的 纸 糕 ， 也 很 是 不 愉快 。
现今 水 虽 已 退 ， 还 留 下 一 种 涨 过 大 水 后 的 普通 的 臭味 ， 固然 不能 留客 坐 谈 ， 就是 自己 也 不 能 在 那里 写字 ， 所以 这 封 信 是 在 里边 炕桌 上 写 的 。
这 回 大雨 ， 只有 两 种 人 最 喜欢 。
第一 是 小孩 们 。
他们 喜欢 水 ， 却 极 不 容易 得 到 ， 现在 看见 院子 里 成 了 河 ， 便 成群结队 的 去 “ 淌 河 ” 去 。
赤 了 足 伸 到 水 里 去 ， 实在 很 有 点 冷 ， 但是 他们 不怕 ， 下 到 水 里 还 不 肯 上来 。
大 人 见 小孩 们 玩 的 很 有趣 ， 也 一 个 两 个 地 加入 ， 但是 成绩 却 不 甚 佳 ， 那 一 天 里 滑 倒 了 三 个 人 ， 其中 两 个 都 是 大人 ─ ─ 其一 为 我 的 兄弟 ， 其一 是 川 岛 君 。
第二 种 喜欢 下 雨 的 则 为 虾 蟆 。
从 前 同 小孩 们 往 高亮桥 去 钓鱼 钓 不 着 ， 只 捉 了 好 些 虾 蟆 ， 有 绿 的 ， 有 花 条 的 ， 拿 回来 都 放 在 院子 里 ， 平常 偶 叫 几 声 ， 在 这 几 天 里 便 整日 叫唤 ， 或者 是 荒年 之 兆 吧 ， 却 极 有 田村 的 风味 ， 有 许多 耳朵 皮 嫩 的 人 ， 很 恶 喧嚣 ， 如 麻雀 虾 蟆 或 蝉 的 叫声 ， 凡 足以 妨碍 他们 的 甜 睡 者 ， 无 一 不 深 恶 而 痛 绝 之 ， 大 有 灭 此 而 午睡 之 意 ， 我 觉得 大 可以 不必 如此 ， 随便 听听 都 是 很 有 趣味 的 ， 不但 是 这些 久 成 诗 料 的 东西 ， 一切 鸣 声 其实 都 可以 听 。
虾 蟆 在 水田 里 群 叫 ， 深夜 静听 ， 往往 变成 一 种 金属 音 ， 很 是 特别 ， 又 有时 仿 佛 是 狗 叫 ， 古人 常 称 蛙 蛤 为 吠 ， 大约 是 从 实验 而 来 。