我 真 奇怪 ， 益 侄 ， 你 怎么 会 说 出 这种 话 来 呢 ？
自从 你 出生 到 这 世界 上 来 ， 全家人 都 有 同样 的 感觉 ， 总 觉得 你 太 老实 ， 太 容易 哭 了 ； 比如 你 在 外面 和 小朋友 们 玩耍 ， 老是 被 比 你 年纪 小 的 孩子 打 得 哭哭啼啼 地 回来 ， 你 给 我 印象 最 深 的 一 件 事 ， 是 两 只 鼻孔 里 整天 流 着 两 行 淡 黄色 的 鼻涕 ， 谁 见 了 都 嫌 你 肮脏 ， 为 你 感到 难受 ； 而 你 却 毫不 在乎 地 把 流 出来 的 鼻涕 又 缩 进去 ， 一会儿 又 流 了 出来 。
“ 益宝 ， 看 你 的 鼻涕 脏 死 人 ！ ”
直到 有 人 这么 给 你 警告 ， 你 才 转 过 背 去 ， 用 手 用 衣袖 把 鼻涕 揩 了 。
真 想不到 一个 整天 流 鼻涕 的 孩子 ， 长大 了 会 说 出 那样 富有 人生 哲学 意味 的 话 ， 真 太 使 我 惊讶 了 ， 益 侄 ， 看 流星 的 时候 ， 你 还 不 满 十五 岁 呢 ！
“ 姑姑 ， 你 也 喜欢 流星 吗 ？ ”
你 天真 地 问 我 。
“ 我 不 喜欢 流星 ， 因为 它 的 生命 太 短促 了 ， 我 爱 着 任何 一 颗 小 星星 ， 它 每晚 都 发光 。
从来 不 离开 月亮 ， 永远 和 黑暗 奋斗 。 ”
“ 不 ！
不 ！
我 爱 流星 ， 我 愿 自己 也 像 一 颗 流星 ， 哪怕 生命 只 有 一刹那 ， 只要 它 活 着 有 亮 就 得 了 ！ ”
我 当时 很 不 高兴 ， 我 害怕 你 的 生命 不 能 长久 ； 我 虽 不 迷信 ， 但 我 常 相信 预兆 ， 为什么 你 两 次 三 番 地 说 你 最 爱 流星 ， 难道 你 是 流星 变 的 吗 ？
难道 你 的 生命 真 会 像 流星 一样 只 那么 一 亮 就 殒 落 吗 ？
我 不 相信 ， 决 不 相信 ， 于是 我 又 推翻 了 自己 的 怀疑 。
“ 益宝 太 老实 ， 什么 人 都 可以 欺负 他 ， 他 完全 像 他 的 母亲 那么 忠厚 ， 那么 死 心眼 ； 别人 打 他 ， 他 不 敢 回手 ， 只 晓得 悄悄 地 跑 回来 流泪 ， 这 孩子 ， 将来 长大 不 会 有 出息 的 。 ”
有 一 次 你 祖母 这样 说 ， 我 听 了 也 为 你 担忧 。
的确 ， 你 太 老实 了 ， 你 的 母亲 一生 就 吃 了 老实 的 亏 ； 她 去世 之后 ， 你 变 得 更 沉默 了 ， 沉默 得 有 点 近乎 呆 。
益 侄 ， 还 记得 吗 ？
就 在 看 流星 的 第二 天 黄昏 ， 你 陪 我 在 田径 上 散步 ， 我 因为 你 祖母 逝世 后 心里 感到 万分 凄凉 ， 对 大自然 一切 美景 ， 一点 也 引 不 起 兴趣 ， 我 很 悲观 ， 觉得 人生 太 没有 意义 了 ， 辛辛苦苦 地 活 了 几 十年 ， 究竟 所 为 何 来 呢 ？
我 俯视 着 小溪 里 的 流水 ， 觉得 人生 就是 在 潺潺 的 流水 中 衰老 死亡 的 ， 我 害怕 听 那 摧毁 生命 的 水声 ， 我 默默 地 走向 石鼓 冲 的 路上 抬头 看见 那 累累 的 坟头 ， 这里 埋葬 着 历代 的 祖先 和 一些 不幸 早 夭 的 子孙 ， 还 有 你 亲爱 的 母亲 。
“ 姑姑 ， 我 妈 死 了 之后 ， 就 全 靠 奶奶 关照 我 ， 心疼 我 ； 如今 奶奶 也 归西 天 了 ， 你 又 年年 不 在家 ， 叫 我 此后 靠 谁 呢 ？ ”
“ 孩子 ， 不要 发愁 ， 你 初中 毕业 之后 ， 就 跟 我 到 长沙 去 升学 ， 一切 费用 由 我 负担 ； 你 的 后妈 待 你 虽 不 好 ， 但是 你 爸爸 还是 和 以前 一样 爱 你 的 ； 何况 你 是 祖父 的 长孙 ， 他 又 这么 喜欢 你 。 ”
我 只 能 这样 安慰 你 ， 其实 心里 何尝 不 知道 ， 俗语 说 ： 有 了 后娘 ， 就 一样 有 后爹 呢 ！
“ 姑姑 ， 奶奶 常 说 我 太 老实 会 吃亏 的 ， 那么 应该 学 得 坏 一点 吗 ？ ”
你 又 提出 了 另 一个 问题 来 考 我 。
“ 你 奶奶 并 不 是 要 你 学 坏 ， 而是 希望 你 坚强 一点 ； 例如 别人 打 你 ， 如果 不 是 你 有 错 处 ， 你 也 应该 还击 他 ， 不要 流泪 。
在 这 社会 上 ， 不 坚强 一点 ， 是 无法 生存 的 ； 自然 我们 要 做 好 人 ─ ─ 老老实实 的 做 好 人 ； 但 也 不 要 像 耶稣 说 的 ‘ 人家 打 你 的 左 脸 ， 连 右 脸 也 送 过去 。 ’
你 要 奋斗 ， 只有 奋斗 才 能 生存 ， 这 是 我 的 处世 态度 ， 希望 能够 影响 你 。 ”
当时 你 并 没有 回答 我 ， 停 了 一会儿 ， 你 才 用 坚决 的 语气 说道 ： “ 姑姑 ， 请 你 放心 ， 我 现在 长大 了 ， 不 比 从前 ， 我 要 做 一 颗 流星 ， 我 要 像 流星 ， 那么 发亮 。 ”
“ 傻 孩子 ， 不要 老 说 流星 ， 我 都 听 厌 了 。 ”
“ 真 的 ， 姑姑 ， 我 在 七八 岁 的 时候 就 开始 爱 着 流星 ， 只要 遇 着 有 星星 的 晚上 ， 我 总 希望 能 看到 它 掉 下 ， 姑姑 ， 你 说 它 掉 下来 还 能 飞 上 去 吗 ？ ”
“ 不 可能 了 ， 掉 下来 ， 它 的 生命 就 消灭 了 。 ”
你 突然 深深 地 叹 了 一 口 气 ， 不再 说话 了 。
水 还 是 那么 源源 地 流 着 ， 我们 不 再 往 坟山 的 方向 走 ， 又 折 回来 了 。
一九三九年 的 春天 ， 我 去 台儿庄 前线 之前 ， 特地 回到 家 去 看 你 的 祖父 ， 所有 在家 的 亲人 都 见到 了 ， 只 缺 一个 你 。
“ 爸爸 ， 益宝 呢 ？ ”
我 问 你 祖父 。
“ 当兵 去 了 。 ”
你 祖父 凄然 说 ： “ 十五 岁 的 孩子 当 什么 兵 ？
他 拿 得 动 步枪 吗 ？ ”
突然 ， 我 的 眼里 涌 上 了 泪珠 ， 生怕 祖父 看 了 难受 ， 忙 用 手 擦 干 了 。
接着 ， 你 祖父 告诉 我 说 ： “ 他 在 报 上 看到 你 率领 战地 服务团 出发 东 战场 的 消息 后 ， 便 天天 吵 着 要 去 前方 找 你 ， 我 说 他 年纪 太 小 ， 拿 不 动 枪 ， 他 说 可以 给 你 当 勤务兵 。