秋 深 了 。
后山 的 蛩 吟 在 雨 中 渲染 开 来 ， 台北 在 一 片 灯 雾 里 ， 她 已经 不 在 这个 城市 里 了 。
记忆 似乎 也 是 从 雨 夜 开始 的 ， 那时 她 办 了 一个 编剧 班 ， 我 去 听课 ； 那 时候 是 冬天 ， 冰冷 的 雨 整天 落 着 ， 同学 们 渐渐 都 不 来 了 ， 喧哗 着 雨声 和 车 声 的 罗斯福 路 经常 显得 异样 的 凄凉 ， 我 忽然 发现 我 不能 逃课 了 ， 我 不 能 使 她 一个 人 丢 给 空空 的 教室 。
我 必须 按 时 去 上课 。
我 常 记得 她 提 着 百 宝 杂 陈 的 皮包 ， 吃力 地 爬 上 三 楼 ， 坐 下来 常 是 一阵 咳嗽 ， 冷天 对 她 的 气管 非常 不好 ， 她 咳嗽 得 很 吃力 ， 常常 憋 得 透不过气 ， 可是 在 下 一阵 咳嗽 出现 之前 ， 她 还 是 争取 时间 多 讲 几 句 书 。
不 知道 为什么 ， 想起 她 的 时候 总是 想 起 她 提 着 皮包 ， 佝 着 背 踽踽 行 来 的 样子 -- 仿 佛 己 走 了 几 千年 ， 从 老式 的 师道里 走 出来 ， 从 湮 远 的 古 剧场 里 走 出来 ， 又 仿 佛 已 走 几 万 里 地 ， 并且 涉 过 最 荒凉 的 大漠 ， 去 教 一个 最 懵懂 的 学生 。
也许 是 巧合 ， 有 一 次 我 问 文化 学院 戏剧 系 的 学生 对 她 有 什么 印象 ， 他们 也 说 常 记得 站 在 楼上 教室 里 ， 看 她 缓缓 地 提 着 皮包 走上 山径 的 样子 。
她 生平 不 喜欢 照相 ， 但 她 在 我们 心中 的 形象 是 鲜活 的 。
那 一年 她 为了 纪念 父母 ， 设 了 一个 " 李 圣 质 先生 夫人 剧本 奖 " ， 她 把 首 奖 颁 给 了 我 的 第一 个 剧本 《 画 》 ， 她 又 勉励 我们 务必 演出 。
在 认识 她 以前 ， 我 从来 不 相信 自己 会 投入 舞台剧 的 工作 -- 我 不 相信 我 会 那么 傻 ， 可是 ， 毕竟 我 也 傻 了 ， 一个 人 只有 在 被 另 一个 傻瓜 的 精神 震撼 之后 ， 才 能 可能 成为 新 起 的 傻瓜 。
常 有人 问 我 为什么 写 舞台剧 ， 我 也许 有 很多 理由 ， 但 最初 的 理由 是 " 我 遇见 了 一个 老师 " 。
我 不 是 一个 有 计划 的 人 ， 我 唯一 做事 的 理由 是 ： " 如果 我 喜欢 那 个 人 ， 我 就 跟 他 一起 做 " 。
在 教书 之 余 ， 在 家务 和 孩子 之 余 ， 在 许多 繁杂 的 事务 之 余 ， 每年 要 完成 一 部 戏 是 一 件压 得 死 人 的 工作 ， 可是 我 仍然 做 了 ， 我 不 能 让 她 失望 。
在 《 画 》 之后 ， 我们 推出 了 《 无比 的 爱 》 、 《 第五 墙 》 、 《 武陵 人 》 、 《 自 烹 》 （ 仅 在 香港 演出 ） 、 《 和 氏 壁 》 和 今年 即 将 上演 的 《 第三 者 》 ， 合作 的 人 如 导演 黄以功 ， 舞台 设计 聂光炎 ， 也 都 是 她 的 学生 。
我 还 记得 ， 去年 八月 ， 我 写 完 《 和 氏 壁 》 ， 半夜 里 叫 了 一 部 车 到 新 店 去 叩 她 的 门 ， 当时 我 来不及 誊录 ， 就 把 原稿 给 呈 她 看 。
第二 天 一清早 她 的 电话 就 来 了 ， 她 鼓励 我 ， 称赞 我 ， 又 嘱咐 我 好好 筹 演 ， 听 到 她 的 电话 ， 我 感动 不已 ， 她 一定 是 漏 夜 不 眠 赶 着 看 的 。
现在 回想 起来 不免 内疚 ， 是 她 太 温厚 的 爱 把 我 宠坏 了 吧 ， 为什么 我 兴冲冲 地 去 半夜 叩门 的 时候 就 不 曾 想想 她 的 年龄 和 她 的 身体 呢 ？
她 那 时候 已经 在 病 着 吧 ？
还 是 她 活 得 太 乐观 太 积极 ， 使 我们 都 忘 了 她 的 年龄 和 身体 呢 ？
我 曾 应 幼 狮 文艺 之 邀 为 她 写 一 篇 生平 介绍 和 年表 ， 有 很 长 一 段时间 ， 我 仔细 观察 她 的 生活 ， 她 吃 得 很 少 ， （ 家里 倒是 常有 点心 ） ， 穿 得 也 马虎 ， 住宅 和 家具 也 只 取 简单 实用 ， 连 计程车 都 不 太 坐 。
我 记得 我 把 写 好 的 稿子 给 她 看 过 ， 她 只 说 ： " 写 得 太 好 了 -- 我 哪里 有 这么 好 ？ "
接着 她 又 说 ： " 看 了 你 的 文章 别人 会 误会 我 很 孤单 ， 其实 我 最 爱 热闹 ， 亲戚 朋友 大家 都 来 了 我 才 喜欢 呢 ！ "
那 是 真 的 ， 她 的 独身 生活 过 得 平静 、 热闹 而 又 温暖 ， 她 喜欢 一切 愉悦 的 东西 ， 她 像 孩子 。
很 少 看见 独身 的 女人 那样 爱 小孩 的 ， 当然 小孩 也 爱 她 ， 她 只 陪 小孩 玩 ， 送 他们 巧克力 ， 她 跟 小孩 在 一起 的 时候 只是 小孩 ， 不 是 学者 ， 不 是 教授 ， 不 是 委员 。
有 一 夜 ， 我 在 病房 外 碰见 她 所 教 过 的 两 个 女 学生 ， 说是 女 学生 ， 其实 已 是 孩子 读 大学 的 华发 妈妈 了 ， 那 还 是 她 在 大学 毕业 和 进入 研究所 之间 的 一年 ， 在 广东 培道 中学 所 教 的 学生 ， 算 来 已 接近 半 世纪 了 。
（ 李 老师 早年 尝 用 英文 写 过 一个 剧本 《 半 世纪 》 ， 内容 系 写 一 传教 干 终身 奉献 的 故事 ， 其 实现 在 看看 ， 她 自己 也 是 一个 奉献 了 半 世纪 的 传教士 ） 我们 一起 坐 在 廊 上 聊天 的 时候 ， 那 太太 掏 出 她 儿子 从 台 中 写 来 的 信 ， 信 上 记挂 着 李 老师 ， 那 大 男孩 说 ： " 除了 爸 妈 ， 我 最 想念 的 就 是 她 了 。 "
-- 她 就是 这样 一个 被 别人 怀念 ， 被 别人 爱 的 人 。
作为 她 的 学生 ， 有时 不 免 想 知道 她 的 爱情 ， 对于 一个 爱 美 、 爱 生命 的 人 而言 ， 很 难 想象 她 从来 没有 恋爱 过 ， 当然 ， 谁 也 不好意思 直截 地 问 她 ， 我 因 写 年表 之 便 稍微 探索 了 一下 ， 我 问 她 ： " 你 平生 有 没 有 什么 人 影响 你 最 多 的 ？ " "