先生 ， 你 那些 记 山水 的 文章 我 都 读 过 ， 我 觉得 那些 都 很 好 。
但是 我 又 很 自然 地 有 一个 奇怪 念头 ： 我 觉得 我 再 也 不 愿意 读 你 那些 文字 了 ， 我 疑惑 那些 文字 都 近 于 夸 饰 ， 而 那些 夸 饰 是 会 叫 生长 在 平原 上 的 孩子 悲哀 的 。
你 和 什么 尽 把 你们 的 山水 写 得 那样 美好 呢 ？
难道 你 从来 就 不 曾 想 到 过 ， 就是 那些 可爱 的 山水 也 自 有 不 可爱 的 理由 吗 ？
我 现在 将 以 一 个 平原 之 子 的 心情 来 诉说 你们 的 山水 ： 在 多 山 的 地方 行路 不 方便 ， 崎岖 坎坷 ， 总 不 如 平原 上 坦坦荡荡 ； 住 在 山 圈 里 的 人 很 不 容易 望 到 天边 ， 更 看 不 见 太阳 从 天边 出现 ， 也 看 不 见 流星 向 地平线 下 消逝 ， 因为 乱 山 遮住 了 你们 的 望 眼 ； 万 里 好 景 一 望 收 ， 是 只 有 生 在 平原 上 的 人才 有 这 等 眼福 ； 你们 喜欢 写 帆 ， 写 桥 ， 写 浪花 或 涛声 ， 但 在 我 平原 人 看来 ， 却 还 不如 秋风 禾 黍 或 古道 鞍马 更为 好看 ； 而 大 车工 东 ， 恐怕 也 不 是 你们 山水 乡 人 所 可 听 闻 。
此外 呢 ， 此外 似乎 还 应该 有 许多 理由 ， 然而 我 的 笔 偏 不 听 我 使唤 ， 我 不能 再 写 出来 了 。
唉 唉 ， 我 够 多么 蠢 ， 我 想 同 你 开 一 回 玩笑 ， 不料 却 同 自己 开 起 玩笑 来 了 。
我 原 是 要 诉说 平原 人 的 悲哀 呀 。
我 读 了 你 那些 山水 文章 ， 我 乃 想起 了 我 的 故乡 ， 我 在 那里 消磨 过 十 数 个 春秋 ， 我 不能 忘记 那 块 平原 的 忧愁 。
我们 那 块 平原 上 自然 是 无 山 无 水 ， 然而 那 块 平原 的 子孙 们 是 如何 地 喜欢 一 洼 水 ， 如何 地 喜欢 一 拳 石 啊 。
那里 当然 也 有 井 泉 ， 但 必须 是 深 及 数 丈 之下 才 能 用 桔 槔 取得 他们 所 需 的 清水 ， 他们 爱惜 清水 ， 就 如 爱惜 他们 的 金钱 。
孩子 们 就 巴不得 落 雨天 ， 阴云 漫漫 ， 几 个 雨点 已 使 他们 的 灵魂 得到 了 滋润 ， 一旦 大雨 滂沱 ， 他们 当 在 要 乐得 发狂 。
他们 在 深 仅 没 膝 的 池塘 里 游水 ， 他们 在 小小 水沟 里 放 草 船 。
他们 从 流水 的 车辙 想象 长江 大河 ， 又 从 稍稍 宽大 的 水 潦 想象 海洋 。
他们 在 凡 有 积水 的 地方 作 种种 游戏 ， 即使 因而 为 父母 所 责骂 ， 总 觉得 一点 水 对于 他们 的 感情 最 温暖 。
有 远远 的 从 水乡 来 卖 鱼 蟹 的 ， 他们 就 爱 打听 水乡 的 风物 ； 有 远远 从 山里 来 卖 山 果 的 ， 他们 就 爱 探访 山里 有 什么 奇 产 。
远 山 人 为 他们 带来 小小的 光 滑石 卵 ， 那 简直 就 是 获得 了 至宝 ， 他们 会 以 很 高 的 代价 ， 使 这 块 石头 从 一 个 孩子 的 衣袋 转入 另 一个 的 衣袋 。
他们 猜想 那 块 石头 的 来源 ， 他们 说 那 是 从 什么 山岳 里 采 来 的 ， 曾 在 什么 深谷 中 长 养 ， 为 几 千 万 年 的 山水 所 冲洗 ， 于是 变 得 这么 滑 ， 这么 圆 ， 又 这么 好看 。
曾经 去 过 远方 的 人 回来 惊讶 道 ： “ 我 见 过 ， 我 见 过 山 ， 完全 是 石头 ， 完全 是 石头 。 ”
于是 听话 的 人 在 梦 里 画 出 自己 的 山峦 。
他们 看见 远 天 的 奇云 ， 便 指点 给 孩子 们 说道 ： “ 看 啊 ， 看 啊 ， 那 像 山 ， 那 像 山 。 ”
孩子 们 便 望 着 那 变幻 的 云彩 而 出 神 。
平原 的 子孙 对于 远方 山水 真 有些 好 想象 ， 而 他们 的 寂寞 也 正 如 平原 之 无边 。
先生 ， 你 几 时 到 我们 那 块 平原 上 去 看看 呢 ： 树木 、 村落 ， 树木 、 村落 ， 无边 平 野 ， 尚 有 我们 的 祖先 永 息 之 荒冢 累累 。
唉 唉 ， 平原 的 风 从 天边 驰 向 天边 ， 管 叫 你 望 而 兴叹 了 。
自从 我们 的 远祖 来到 这 一 方 平原 ， 在 这里 造 起 第一 个 村庄 后 ， 他们 就 已经 领受 了 这 份 寂寞 。
他们 在 这块 地面 上 种 树木 ， 种 菜蔬 ， 种 各色 花草 ， 种 一切 谷类 ， 他们 用 种种 方法 装点 这块 地面 。
多少 世代 向 下 传 延 ， 平原 上 种 遍 了 树木 ， 种 遍 了 花草 ， 种 遍 了 菜蔬 和 五 谷 ， 也 造 下 了 许多 房屋 和 坟墓 。
但是 他们 那 份 寂寞 却 依然如故 ， 他 他 常常 想到 些 远方 的 风 候 ， 或者 是 远古 的 事物 ， 那 上 梦想 ， 也 就 是 梦 忆 ， 因为 他们 仿 佛 在 前生 曾 看见 此 美好 的 去处 。
他们 想 ， 为什么 这块 地方 这么 平平 呢 ， 为什么 就 没 有 一些 高 低 呢 。
他们 想 以 人力 来 改造 他们 的 无 地 。
你 也许 以为 这 块 平原 是 非常 广远 的 吧 。
不然 ， 南 去 三百 里 ， 有 一 条 小河 ， 北 去 三百 里 ， 有 一 条 大河 ， 东 至于 海 ， 西 至于 山 ， 俱 各 三四百 里 ， 这 便是 我们 这 块 平原 的 面积 。
这 块 地面 实在 并 不 算 广漠 ， 然而 住 在 这 平原 中心 的 我们 的 祖先 ， 却 觉得 这 天地 之 大 等于 无限 。
我们 的 祖先 们 住 在 这里 ， 就 与 一 个 孤儿 被 舍弃 在 一个 荒岛 上 无异 。
我们 的 祖先 想 用 他们 自己 的 力量 来 改造 他们 的 天地 ， 于是 他们 就 开始 一 件 伟大 的 工程 。
农事 之 余 ， 是 他们 的 工作时间 ， 凡是 这 平原 上 的 男儿 都 是 工程 手 ， 他们 用 铣 ， 用 锹 ， 用 刀 ， 用 铲 ， 用 凡 可 掘 上 的 器具 ， 南 至 小河 ， 北 至 大河 ， 中间 绕 过 我们 祖先 所 奠定 的 第一 个 村子 ， 他们 凿 成 了 一 道 大 川 流 。