民国 十年 的 春 末 夏 初 ， 高梦旦 先生 从 上海 到 北京 来 看 我 。
他 说 ， 他 现在 决定 辞去 商务 印书馆 编译 所 所长 的 事 ， 他 希望 我 肯 去 做 他 的 继任 者 。
他 说 ： “ 北京大学 固然 重要 ， 我们 总 希望 你 不 会 看不起 商务 印书馆 的 事业 。
我们 的 意思 确 是 十分 诚恳 的 。 ”
那时 我 还 不 满 三十 岁 ， 高 先生 已 是 五十 多 岁 的 人 了 。
他 的 谈话 很 诚恳 ， 我 很 受 感动 。
我 对 他 说 ： “ 我 决不会 看不起 商务 印书馆 的 工作 。
一 个 支配 几 千 万 儿童 的 知识 思想 的 机关 ， 当然 比 北京大学 重要 多 了 。
我 所 虑 的 只 是 怕 我 自己 干 不 了 这 件 事 。 ”
当时 我 答应 他 夏天 到 上海 商务 印书馆 去 住 一两 个 月 ， 看看 里面 的 工作 ， 并且 看看 我 自己 配 不配 接受 梦旦 先生 的 付托 。
那年 暑假 期中 ， 我 在 上海 住 了 四十五 天 ， 天天 到 商务 印书馆 编译 所 去 ， 高 先生 每天 他 把 编译 所 各 部分 的 工作指示 给 我 看 ， 把 所 中 的 同事 介绍 和 我 谈话 。
每天 他 家中 送 饭 来 ， 我 若 没有 外面 的 约会 ， 总是 和 他 同 吃 午饭 。
我 知道 他 和 馆 中 的 老辈 张菊生 先生 、 鲍咸昌 先生 、 季 拔 可 先生 ， 对 我 的 意思 都 很 诚恳 。
但是 我 研究 的 结果 ， 我 始终 承认 我 的 性情 和 训练 都 不 配 做 这 件 事 。
我 很 诚恳 的 辞谢 了 高 先生 。
他 问 我 意 中 有 谁 可 任 这 事 。
我 推荐 王云 五 先生 ， 并且 介绍 他 和 馆 中 各位 老辈 相见 。
他们 会见 了 两 次 之后 ， 我 就 回 北京 去 了 。
我 走 后 ， 高 先生 就 请 王云 五 先生 每天 到 编译 所 去 ， 把 所 中 的 工作指示 给 他 看 ， 和 他 从 前 指示 给 我 看 一样 。
一 个 月 之后 ， 高 先生 就 辞去 了 编译 所 所长 ， 请 王 先生 继 他 的 任 ， 他 自己 退 居 出版 部 部长 ， 尽心尽力 的 襄助 王 先生 做 改革 的 事业 。
民国 十九年 ， 玉云 五 先生 做 了 商务 印书馆 的 总理 。
民国 二十一年 一月 ， 商务 印书馆 的 闸北 各 厂 都 被 日本 军队 烧毁 了 。
兵 祸 稍 定 ， 王 先生 决心 要 做 恢复 的 工作 。
高 先生 和 张菊生 先生 本来 都 已 退休 了 ， 当 那 危急 的 时期 ， 他们 每天 都 到 馆 中 来 襄助 王 先生 办事 。
两年 之中 ， 王 先生 苦心 硬干 ， 就 做到 了 恢复 商务 印书馆 的 奇 绩 。
我 特 记载 这个 故事 ， 因为 我 觉得 这 是 一 件 美谈 。
王云 五 先生 是 我 的 教师 ， 又 是 我 的 朋友 ， 我 推荐 他 自 代 ， 这 并 不 足 奇怪 。
最 难 能 的 是 高梦旦 先生 和 馆 中 几 位 老 辈 ， 他们 看中 了 一个 少年 书生 ， 就 要 把 他们 毕生 经营 的 事业 付托 给 他 ： 后来 又 听信 这个 少年 人 的 几 句 话 ， 就 把 这 件 重要 的 事业 付托 给 了 一个 他们 平 素不相识 的 人 。
这 是 老 成人 为 一 件 大多 业 求 付托 人 的 苦心 ， 是 大 政治家 谋 国 的 风度 。
这 是 值得 大 书 深刻 ， 留给 世人 思念 的 。
高梦旦 先生 ， 福建 长乐 县 人 ， 原名 凤谦 ， 晚年 只 用 他 的 表字 “ 梦 旦 ” 为名 。
“ 梦 旦 ” 是 在 梦 梦 长 夜里 想望 晨光 的 到来 ， 最 足以 表现 他 一生 追求 光明 的 理想 。
他 早年 自 号 “ 崇 有 ” ， 取 晋 人 裴1 《 崇 有 论 》 之 旨 ， 也 最 可以 表现 他 一生 崇尚 实事 痛恨 清谈 的 精神 。
因为 他 期望 光明 ， 所以 他 最 能 欣赏 也 最 能 了解 这个 新鲜 的 世界 。
因为 他 崇尚 实事 ， 所以 他 不 梦想 那 光明 可以 立刻 来临 ， 他 知道 进步 是 一点一滴 的 积聚 成 的 ， 光明 是 一 线 一 线 的 慢慢来 的 。
最 要紧 的 条件 只 是 人人 尽 他 的 一点一滴 的 责任 ， 贡献 他 一分一秒 的 光明 。
高梦旦 先生 晚年 发表 了 几 件 改革 的 建议 ， 标题 引 一个 朋友 的 一 句 话 ： “ 都 是 小 问题 ， 并且 不 难 办 到 。 ”
这 句 引语 最 能 写 出 他 的 志趣 。
他 一生 做 的 事 ， 三十年 编纂 小学 教科书 ， 三十年 提倡 他 的 十三 个 月 的 历法 ， 三十年 提倡 简笔 字 ， 提倡 电报 的 改革 ， 提倡 度量衡 的 改革 ， 都 是 他 认为 不 难 做到 的 小 问题 。
他 的 赏识 我 ， 也 是 因为 我 一生 只 提出 一两 个 小 问题 ， 锲而不舍 的 做 去 ， 不 敢 好 高务远 ， 不 敢 轻 谈 根本 改革 ， 够 得 上 做 他 的 一个 小 同志 。
高 先生 的 做人 ， 最 慈祥 ， 最 热心 ， 他 那 古板 的 外貌 里 藏 着 一 颗 最 仁爱 暖 热 的 心 。
在 他 的 大家庭 里 ， 他 的 儿子 、 女儿 都 说 ： “ 吾 父 不仅 是 一个 好 父亲 ， 实 兼 一 个 友谊 至 笃 的 朋友 。 ”
他 的 侄儿 、 侄女 们 都 说 ， “ 十一 叔 是 圣人 。 ”
这个 圣人 不是 圣庙 里 陪 吃 冷 猪肉 的 圣人 ， 是 一个 处处 能 体谅 人 ， 能 了解 人 ， 能 帮助 人 ， 能 热烈 的 、 爱 人 的 、 新 时代 的 圣火 。
他 爱 朋友 ， 爱 社会 ， 爱 国家 ， 爱 世界 。
他 爱 真理 ， 崇拜 自由 ， 信仰 科学 。
因为 他 信仰 科学 ， 所以 他 痛恨 玄 谈 ， 痛恨 中医 。
因为 他 爱 国家 社会 ， 所以 他 爱护 人才 真 如同 性命 一样 。
他 爱 敬张菊生 先生 ， 就 如同 爱 敬 他 的 两 个 哥哥 一样 。
他 爱惜 我们 一 班 年轻 的 朋友 ， 就 如同 他 爱护 他 自己 的 儿女 一样 。
他 的 最 可爱 之 处 ， 是 因为 他 最 能 忘 了 自己 。
他 没 有 利 心 ， 没有 名 心 ， 没有 胜 心 。
人 都 说 他 冲 澹 ， 其实 他 是 浓 挚 热烈 。
在 他 那 浓 挚 热烈 的 心里 ， 他 期望 一切 有 力量 而 又 肯 努力 的 人 都 能 成功 胜利 ， 别人 的 成功 胜利 都 使 他 欢喜 安慰 ， 如同 他 自己 的 成功 胜利 一样 。