一 我 在 好几 篇 小说 中 都 提到 过 一 座 废弃 的 古 园 ， 实际 就 是 地坛 。
许多 年 前 旅游业 还 没有 开展 ， 园子 荒芜 冷落 得 如同 一 片 野地 ， 很 少 被 人 记 起 。
地坛 离 我 家 很 近 。
或者 说 我 家 离 地坛 很 近 。
总之 ， 只好 认为 这 是 缘分 。
地坛 在 我 出生 前 四百 多 年 就 坐落 在 那儿 了 ， 而 自 从 我 的 祖母 年轻 时 带 着 我 父亲 来到 北京 ， 就 一直 住 在 离 它 不 远 的 地方 —— 五十 多 年 间 搬 过 几 次 家 ， 可 搬 来 搬 去 总是 在 它 周围 ， 而且 是 越 搬 离 它 越 近 了 。
我 常 觉得 这 中间 有 着 宿 命 的 味道 ： 仿 佛 这 古 园 就是 为了 等 我 ， 而 历尽 沧桑 在 那儿 等待 了 四百 多 年 。
它 等待 我 出生 ， 然后 又 等待 我 活 到 最 狂妄 的 年龄 上 忽地 残废 了 双 腿 。
四百 多 年 里 ， 它 一面 剥蚀 了 古 殿 檐 头 浮夸 的 琉璃 ， 淡 褪 了 门 壁 上 炫耀 的 朱红 ， 坍 圮 了 一 段 段 高墙 又 散落 了 玉 砌 雕 栏 ， 祭坛 四周 的 老 柏树 愈 见 苍 幽 ， 到处 的 野 草荒 藤 也 都 茂盛 得 自在 坦荡 。
这时候 想必 我 是 该 来 了 。
十五年 前 的 一个 下午 ， 我 摇 着 轮椅 进入 园 中 ， 它 为 一 个 失 魂 落 魄 的 人 把 一切 都 准备 好 了 。
那时 ， 太阳 循 着 亘古 不 变 的 路途 正 越来越 大 ， 也 越 红 。
在 满 园 弥漫 的 沉静 光芒 中 ， 一个 人 更 容易 看到 时间 ， 并 看见 自己 的 身影 。
自从 那个 下午 我 无意 中 进 了 这 园子 ， 就 再 没 长久 地 离开 过 它 。
我 一下子 就 理解 了 它 的 意图 。
正 如 我 在 一 篇 小说 中 所 说 的 ： “ 在 人口 密 聚 的 城市 里 ， 有 这样 一个 宁静 的 去处 ， 像 是 上帝 的 苦心 安排 。 ”
两 条 腿 残废 后 的 最初 几 年 ， 我 找 不 到 工作 ， 找 不到 去路 ， 忽然 间 几乎 什么 都 找 不 到 了 ， 我 就 摇 了 轮椅 总是 到 它 那儿 去 ， 仅 为 着 那儿 是 可以 逃避 一 个 世界 的 另 一个 世界 。
我 在 那 篇 小说 中 写道 ： “ 没 处 可 去 我 便 一天到晚 耗 在 这 园子 里 。
跟 上班 下班 一样 ， 别人 去 上班 我 就 摇 了 轮椅 到 这儿 来 。
园子 无 人 看管 ， 上下班 时间 有些 抄 近路 的 人们 从 园 中 穿过 ， 园子 里 活跃 一阵 ， 过 后 便 沉寂 下来 。 ”
“ 园 墙 在 金 晃 晃 的 空气 中 斜切 下 — 溜 荫凉 ， 我 把 轮椅 开 进去 ， 把 椅背 放 倒 ， 坐 着 或是 躺 着 ， 看 书 或者 想 事 ， 撅 一 杈 树枝 左右 拍打 ， 驱赶 那些 和 我 一样 不 明白 为什么 要 来 这 世上 的 小 昆虫 。 ”
“ 蜂 儿 如 一 朵 小 雾 稳稳地 停 在 半空 ； 蚂蚁 摇头晃脑 捋 着 触须 ， 猛 然 间 想 透 了 什么 ， 转身 疾 行 而 去 ； 瓢虫 爬 得 不耐烦 了 ， 累 了 祈祷 一 回 便 支 开 翅膀 ， 忽悠 一下 升空 了 ； 树干 上 留 着 一 只 蝉蜕 ， 寂寞 如 一 间 空 屋 ； 露水 在 草叶 上 滚动 ， 聚集 ， 压弯 了 草叶 轰然 坠 地 摔 开 万 道 金光 。 ”
“ 满 园子 都 是 草木 竞相 生长 弄 出 的 响动 ， 窸 窸 窣 窣 片刻 不息 。 ”
这 都 是 真实 的 记录 ， 园子 荒芜 但 并 不 衰败 。
除去 几 座 殿堂 我 无法 进去 ， 除去 那 座 祭坛 我 不 能 上去 而 只能 从 各个 角度 张望 它 ， 地坛 的 每 一 棵 树 下 我 都 去 过 ， 差不多 它 的 每 一 米 草地 上 都 有 过 我 的 车轮 印 。
无论是 什么 季节 ， 什么 天气 ， 什么 时间 ， 我 都 在 这 园子 里 呆 过 。
有时候 呆 一会儿 就 回家 ， 有时候 就 呆 到 满 地 上 都 亮 起 月光 。
记不清 都 是 在 它 的 哪些 角落 里 了 。
我 一连 几 小时 专心致志 地 想 关于 死 的 事 ， 也 以 同样 的 耐心 和 方式 想 过 我 为什么 要 出生 。
这样 想 了 好几 年 ， 最后 事情 终于 弄 明白 了 ： 一个 人 ， 出生 了 ， 这 就 不再 是 一个 可以 辩论 的 问题 ， 而 只 是 上帝 交给 他 的 一个 事实 ； 上帝 在 交给 我们 这 件 事实 的 时候 ， 已经 顺便 保证 了 它 的 结果 ， 所以 死 是 一 件 不必 急于求成 的 事 ， 死 是 一个 必然 会 降临 的 节日 。
这样 想 过 之后 我 安心 多 了 ， 眼前 的 一切 不再 那么 可怕 。
比如 你 起 早 熬夜 准备 考试 的 时候 ， 忽然 想起 有 一个 长长的 假期 在 前面 等待 你 ， 你 会 不 会 觉得 轻松 一点 ?
并且 庆幸 并且 感激 这样 的 安排 ?
剩下 的 就 是 怎样 活 的 问题 了 ， 这 却 不 是 在 某 一个 瞬间 就 能 完全 想 透 的 、 不 是 一次性 能够 解决 的 事 ， 怕 是 活 多久 就 要 想 它 多久 了 ， 就 像 是 伴 你 终生 的 魔鬼 或 恋人 。
所以 ， 十五年 了 ， 我 还 是 总 得 到 那 古 园 里 去 、 去 它 的 老 树 下 或 荒草 边 或 颓 墙 旁 ， 去 默坐 ， 去 呆 想 、 去 推开 耳边 的 嘈杂 理 一 理 纷乱 的 思绪 ， 去 窥 看 自己 的 心 魂 。
十五年 中 ， 这 古 园 的 形体 被 不 能 理解 它 的 人 肆意 雕 琢 ， 幸好 有些 东西 的 任 谁 也 不 能 改变 它 的 。
譬如 祭坛 石门 中 的 落日 ， 寂静 的 光辉 平 铺 的 — 刻 ， 地上 的 每 一个 坎坷 都 被 映照 得 灿烂 ； 譬如 在 园 中 最为 落寞 的 时间 ， — 群雨燕 便 出来 高 歌 ， 把 天地 都 叫喊 得 苍凉 ； 譬如 冬天 雪地 上 孩子 的 脚印 ， 总 让 人 猜想 他们 是 谁 ， 曾 在 哪儿 做 过 些 什么 、 然后 又 都 到 哪儿 去 了 ； 譬如 那些 苍 黑 的 古柏 ， 你 忧郁 的 时候 它们 镇静 地 站 在 那儿 ， 你 欣喜 的 时候 它们 依然 镇静 地 站 在 那儿 ， 它们 没 日 没 夜 地 站 在 那儿 从 你 没有 出生 一直 站 到 这个 世界 上 又 没 了 你 的 时候 ； 譬如 暴雨 骤 临 园 中 ， 激起 一 阵阵 灼 烈 而 清纯 的 草木 和 泥土 的 气味 ， 让 人 想起 无数 个 夏天 的 事件 ； 譬如 秋风 忽 至 ， 再 有 一 场 早霜 ， 落叶 或 飘摇 歌舞 或 坦然 安卧 ， 满 园 中 播 散 着 熨帖 而 微 苦 的 味道 。