在 我 四十 岁 以后 ， 在 我 几 十年 里 雄心勃勃 所 从事 的 事业 、 爱情 遭受 了 挫折 和 失意 ， 我 才 觉悟 了 做 儿子 的 不 是 。
母亲 的 伟大 不仅 生 下 血肉 的 儿子 ， 还 在于 她 并 不 指望 儿子 的 回报 ， 不管 儿子 离 她 多 远 又 回来 多 近 ， 她 永远 使 儿子 有 亲情 ， 有 力量 ， 有 根 有 本 。
人生 的 车 途 上 ， 母亲 是 加油站 。
母亲 一生 都 在 乡下 ， 没有 文化 ， 不 善 说 会 道 ， 飞机 只 望见 过 天 上 的 影子 。
她 并 不 清楚 我 在 远远 的 城里 干什么 ， 惟一 晓得 的 是 我 能 写字 ， 她 说 我 写字 的 时候 眼睛 在 不 停 地 眨 ， 就 操心 我 的 苦 ， “ 世上 的 字 能 写 完 ？ ！ ”
一 次 一 次 地 阻止 我 。
前些年 ， 母亲 每 次 到 城里 小住 ， 总是 为 我 和 孩子 缝制 过冬 的 衣物 ， 棉花 垫 得 极 厚 ， 总 害怕 我 着 冷 ， 结果 使 我 和 孩子 都 穿 得 像 狗熊 一样 笨拙 。
她 过 不 惯 城里 的 生活 ， 嫌 吃 油 太 多 ， 来 人 太 多 ， 客厅 的 灯 不 灭 ， 东 西 一 旧 就 扔 ， 说 ： “ 日子 没 乡下 整 端 。 ”
最 不 能 忍受 我们 打骂 孩子 ， 孩子 不 哭 ， 她 却 哭 ， 和 我 闹 一 场 后 就 生气 回乡 下去 。
母亲 每 一 次 都 高高兴兴 来 ， 每 一 次 都 生 了 气 回去 。
回去 了 ， 我 并 未 思念 过 她 ， 甚至 一年 一年 的 夜里 不曾 梦 着 过 她 。
母亲 对 我 的 好 是 我 不 觉得 了 母亲 对 我 的 好 ， 当 我 得意 的 时候 我 忘记 了 母亲 的 存在 ， 当 我 有 委屈 了 就 想 给 母亲 诉说 ， 当 着 她 的 面 哭 一 回 鼻子 。
母亲 姓 周 ， 这 是 从 舅舅 那里 知道 的 ， 但 母亲 叫 什么 名字 ， 十二 岁 那年 ， 一 次 与 同村 的 孩子 骂 仗 ——— 乡下 骂 仗 以 高声 大 叫 对方 父母 名字 为 最 解气 的 ——— 她 父亲 叫 鱼 ， 我 骂 她 鱼 ， 鱼 ， 河里 的 鱼 ！
她 骂 我 ： 蛾 ， 蛾 ， 小小的 蛾 ！
我 清楚 了 母亲 是 叫 周 小 蛾 的 。
大人物 之所以 大人物 ， 是 名字 被 千 万 人 呼喊 ， 母亲 的 名字 我 至今 没有 叫 过 ， 似乎 也 很 少 听 老家 村子 里 的 人 叫 过 ， 但 母亲 不 是 大人物 却 并 不 失却 她 的 伟大 ， 她 的 老实 、 本 分 、 善良 、 勤劳 在 家乡 有口皆碑 。
现在 有 人 讥讽 我 有 农民 的 品性 ， 我 并 不 羞耻 ， 我 就 是 农民 的 儿子 ， 母亲 教育 我 的 忍 字 ， 使 我 忍 了 该 忍 的 事情 ， 避免 了 许多 祸 灾 发生 ， 而 我 的 错误 在于 忍 了 不 该 忍 的 事情 ， 企图 以 委屈 求全 却 未能 求全 。
七年 前 ， 父亲 作 了 胃癌 手术 ， 我 全部 的 心思 都 在 父亲 身上 。
父亲 去世 后 ， 我 仍 是 常常 梦 到 父亲 ， 父亲 依然 还是 有 病痛 的 样子 ， 醒 来 就 伤心 落泪 ， 要 买 了 阴 纸 来 烧 。
在 纸 灰 飞扬 的 时候 ， 突然 间 我 会 想起 乡下 的 母亲 ， 又 是 数日 不安 ， 也 就 必 会 寄 一 笔 钱 到 乡 下去 。
寄 走 了 钱 ， 心安理得 地 又 投入 到 我 的 工作 中 了 ， 心中 再也 没有 母亲 的 影子 。
老家 的 村子 里 ， 人人 都 在 夸 我 给 母亲 寄 钱 ， 可 我 心里 明白 ， 给 母亲 寄 钱 并 不 是 我 心中 多么 有 母亲 ， 完全 是 为了 我 的 心理 平衡 。
而 母亲 收到 寄 去 的 钱 总 舍不得 花 ， 听 妹妹 说 ， 她 把 钱 没 处 放 ， 一 卷 一 卷 塞 在 床 下 的 破 棉鞋 里 ， 几乎 让 老鼠 做 了 窝 去 。
我 埋怨 过 母亲 ， 母亲 说 ： “ 我 要 那么 多 钱 干 啥 ？
零 着 攒 下 了 将来 整 着 给 你 。
你们 都 精 精神 神 了 ， 我 喝 凉水 都 高兴 的 ， 我 现在 又 不至于 喝 着 凉水 ！ ”
去年 回去 ， 她 真 的 把 积攒 的 钱 要 给 我 ， 我 气恼 了 ， 要 她 逢 集 赶 会 了 去 买 个 零嘴 吃 ， 她 果然 一 次 买 回 了 许多 红糖 ， 装 在 一个 瓷 罐儿 里 ， 但凡 谁家 的 孩子 去 她 那儿 了 ， 就 三 个 指头 一 捏 ， 往 孩子 嘴 一 塞 ， 再 一 抹 。
孩子 们 为 糖 而 来 ， 得 糖 而 去 ， 母亲 笑 着 骂 着 “ 喂 不 熟 的 狗 ！ ”
末了 就 呆 呆 地 发 半天 愣 。
母亲 在 晚年 是 寂寞 的 ， 我们 兄妹 就 商议 了 ， 主张 她 给 大 妹 看管 孩子 ， 有 孩子 占 心 ， 累 是 累 些 ， 日月 总 是 好 打发 的 吧 。
小 外甥 就 成 了 她 的 尾巴 ， 走 到 哪儿 带 到 哪儿 。
一 次 婆 孙 到 城里 来 ， 见 我 书屋 里 挂 有 父亲 的 遗像 ， 她 眼睛 就 潮 了 ， 说 ： “ 人 一 死 就 有 了 日子 了 ， 不 觉 是 四 个 年头 了 ！ ”
我 忙 劝 她 ， 越 劝 她 越 流下 泪 来 。
外甥 偏 过来 对 着 照片 要 爷爷 ， 我 以为 母亲 更 要 伤心 的 ， 母亲 却说 ： “ 爷爷 埋 在 土 里 了 。 ”
孩子 说 ： “ 土 里 埋 下 什么 都 长 哩 ， 爷爷 埋 在 土 里 怎么 不 再 长 个 爷爷 ？ ”
母亲 竟 没有 恼 ， 倒 破 涕 而 笑 了 。
母亲 疼 孩子 爱 孩子 ， 当着 众人 面 要 骂 孩子 没出息 ， 这 般 地 大 了 夜 夜 还要 噙 着 她 的 奶头 睡觉 ， 孩子 就 羞 了 脸 ， 过来 捂 她 的 嘴 不 让 说 。
两 人 绞 在 一起 倒 在 地上 ， 母亲 笑 得 直 喘气 。
我 和 妹妹 批评 过 母亲 太 娇惯 孩子 ， 她 就 说 ： “ 我 不 懂 教育 嘛 ， 你们 怎么 现在 都 英 英武 武 的 ？ ！ ”