我 家 的 后面 有 一个 很 大 的 园 ， 相传 叫作 百 草 园 。
现在 是 早已 并 屋子 一起 卖 给 朱文公 的 子孙 了 ， 连 那 最 末 次 的 相见 也 已经 隔 了 七八年 ， 其中 似乎 确凿 只 有 一些 野草 ； 但 那 时 却 是 我 的 乐园 。
不必 说 碧绿 的 菜畦 ， 光滑 的 石 井 栏 ， 高大 的 皂荚 树 ， 紫红 的 桑 椹 ； 也 不必 说 鸣 蝉 在 树叶 里 长 吟 ， 肥胖 的 黄蜂 伏 在 菜花 上 ， 轻捷 的 叫 天子 （ 云雀 ） 忽然 从 草 间 直 窜 向 云霄 里 去 了 。
单 是 周围 的 短短的 泥墙 根 一带 ， 就 有 无限 趣味 。
油 蛉 在 这里 低 唱 ， 蟋蟀 们 在 这里 弹琴 。
翻开 断 砖 来 ， 有时 会 遇见 蜈蚣 ； 还有 斑蝥 ， 倘若 用 手指 按住 它 的 脊 梁 ， 便 会 拍 的 一 声 ， 从 后 窍 喷 出 一阵 烟雾 。
何首乌 藤 和 木莲 藤 缠 络 着 ， 木莲 有 莲 房 一般 的 果实 ， 何首乌 有 拥 肿 的 根 。
有人 说 ， 何首乌 根 是 有 象 人形 的 ， 吃 了 便 可以 成 仙 ， 我 于是 常常 拔 它 起来 ， 牵连 不断 地 拔 起来 ， 也 曾 因 此 弄 坏 了 泥墙 ， 却 从来 没有 见 过 有 一 块根 象 人 样 。
如果 不 怕 刺 ， 还 可以 摘 到 覆 盆子 ， 象 小 珊瑚 珠 攒 成 的 小 球 ， 又 酸 又 甜 ， 色 味 都 比 桑 椹 要好 得 远 。
长 的 草 里 是 不 去 的 ， 因为 相传 这 园 里 有 一 条 很 大 的 赤练蛇 。
长 妈妈 曾经 讲 给 我 一个 故事 听 ： 先前 ， 有 一个 读书人 住 在 古 庙 里 用功 ， 晚间 ， 在 院子 里 纳凉 的 时候 ， 突然 听到 有人 在 叫 他 。
答应 着 ， 四 面 看 时 ， 却 见 一个 美女 的 脸 露 在 墙 头 上 ， 向 他 一 笑 ， 隐 去 了 。
他 很 高兴 ； 但 竟 给 那 走 来 夜 谈 的 老 和尚 识破 了 机关 。
说 他 脸上 有些 妖气 ， 一定 遇见 “ 美女 蛇 ” 了 ； 这 是 人 首 蛇 身 的 怪物 ， 能 唤 人名 ， 倘 一 答应 ， 夜间 便 要 来 吃 这 人 的 肉 的 。
他 自然 吓 得 要 死 ， 而 那老 和尚 却 道 无妨 ， 给 他 一个 小 盒子 ， 说 只 要 放在 枕 边 ， 便 可 高 枕 而 卧 。
他 虽然 照样 办 ， 却 总是 睡 不 着 ， —— 当然 睡 不 着 的 。
到 半夜 ， 果然 来 了 ， 沙沙沙 ！
门外 象是 风雨 声 。
他 正 抖 作 一 团 时 ， 却 听 得 豁 的 一 声 ， 一道 金光 从 枕 边 飞 出 ， 外面 便 什么 声音 也 没有 了 ， 那金光 也 就 飞 回来 ， 敛 在 盒子 里 。
后来 呢 ？
后来 ， 老 和尚 说 ， 这 是 飞 蜈蚣 ， 它 能 吸 蛇 的 脑髓 ， 美女 蛇 就 被 它 治 死 了 。
结 末 的 教训 是 ： 所以 倘 有 陌生 的 声音 叫 你 的 名字 ， 你 万 不可 答应 他 。
这 故事 很 使 我 觉得 做 人 之 险 ， 夏夜 乘凉 ， 往往 有 些 担心 ， 不 敢 去 看 墙上 ， 而且 极 想 得到 一 盒 老 和尚 那样 的 飞 蜈蚣 。
走 到 百 草 园 的 草丛 旁边 时 ， 也 常常 这样 想 。
但 直到 现在 ， 总 还 没有 得到 ， 但 也 没有 遇见 过 赤练蛇 和美 女 蛇 。
叫 我 名字 的 陌生 声音 自然 是 常 有 的 ， 然而 都 不 是 美女 蛇 。
冬天 的 百 草 园 比较 的 无味 ； 雪 一下 ， 可 就 两 样 了 。
拍 雪人 （ 将 自己 的 全 形 印 在 雪 上 ） 和 塑 雪 罗汉 需要 人们 鉴赏 ， 这 是 荒 园 ， 人迹罕至 ， 所以 不 相宜 ， 只好 来 捕 鸟 。
薄薄的 雪 ， 是 不行 的 ； 总 须 积雪 盖 了 地面 一两 天 ， 鸟雀 们 久已 无处 觅食 的 时候 才 好 。
扫 开 一 块 雪 ， 露出 地面 ， 用 一 支 短 棒 支 起 一 面 大 的 竹 筛 来 ， 下面 撒 些 秕 谷 ， 棒 上 系 一 条 长 绳 ， 人 远远地 牵 着 ， 看 鸟雀 下来 啄食 ， 走 到 竹 筛 底下 的 时候 ， 将 绳子 一 拉 ， 便 罩 住 了 。
但 所得 的 是 麻雀 居多 ， 也 有 白 颊 的 “ 张飞 鸟 ” ， 性子 很 躁 ， 养 不 过 夜 的 。
这 是 闰 土 的 父亲 所 传授 的 方法 ， 我 却 不 大 能 用 。
明明 见 它们 进去 了 ， 拉 了 绳 ， 跑 去 一 看 ， 却 什么 都 没有 ， 费 了 半天 力 ， 捉住 的 不过 三四 只 。
闰 土 的 父亲 是 小 半 天 便 能 捕获 几 十 只 ， 装 在 叉 袋 里 叫 着 撞 着 的 。
我 曾经 问 他 得失 的 缘由 ， 他 只 静静地 笑 道 ： 你 太 性急 ， 来不及 等 它 走 到 中间 去 。
我 不 知道 为什么 家里 的 人 要 将 我 送 进 书 塾 里 去 了 ， 而且 还 是 全 城 中 称 为 最 严厉 的 书 塾 。
也许 是 因为 拔 何首乌 毁 了 泥墙 罢 ， 也许 是 因为 将 砖头 抛 到 间壁 的 梁 家 去 了 罢 ， 也许 是 因为 站 在 石 井 栏 上 跳 下 来 罢 ， … …
都 无从 知道 。
总而言之 ： 我 将 不 能 常 到 百 草 园 了 。
Ade ， 我 的 蟋蟀 们 ！
Ade ， 我 的 覆 盆子 们 和 木莲 们 ！
出门 向 东 ， 不 上 半 里 ， 走过 一 道 石桥 ， 便 是 我 的 先生 的 家 了 。
从 一 扇 黑 油 的 竹 门 进去 ， 第三 间 是 书房 。
中间 挂 着 一 块 扁 道 ： 三 味 书屋 ； 扁 下面 是 一 幅 画 ， 画 着 一 只 很 肥大 的 梅花鹿 伏 在 古 树 下 。
没有 孔子 牌位 ， 我们 便 对 着 那 扁 和 鹿 行礼 。
第一 次 算是 拜 孔子 ， 第二 次 算是 拜 先生 。
第二 次 行礼 时 ， 先生 便 和蔼 地 在 一旁 答礼 。
他 是 一个 高 而 瘦 的 老人 ， 须发 都 花白 了 ， 还 戴 着 大 眼镜 。