： ） 。
您 好 ， 我 现在 有 事 不 在 ， 一 会 再 和 您 联系 。
那 下 下 周 继续 去 打 啊 ： ） 。
您 好 ， 我 现在 有 事 不 在 ， 一 会 再 和 您 联系 。
恩 .
下 下 个 p 啊 。
我 出去 旅游 了 。
下 下 周 就 复活节 了 。
您 好 ， 我 现在 有 事 不 在 ， 一 会 再 和 您 联系 。
晕 。
您 好 ， 我 现在 有 事 不 在 ， 一 会 再 和 您 联系 。
下 下 下 ？
晕 晕 晕 ！
！
！
您 好 ， 我 现在 有 事 不 在 ， 一 会 再 和 您 联系 。
我 现在 就 饿 了 。
您 好 ， 我 现在 有 事 不 在 ， 一 会 再 和 您 联系 。
我 去 做饭 了 。
您 好 ， 我 现在 有 事 不 在 ， 一 会 再 和 您 联系 。
我 吃 完 就 去 你 那 啊 。
您 好 ， 我 现在 有 事 不 在 ， 一 会 再 和 您 联系 。
恩 。
我 还有 剩饭 ， 嘿嘿 。
您 好 ， 我 现在 有 事 不 在 ， 一 会 再 和 您 联系 。
还 好 你 不 来 ， 哈哈 。
怎么 ？
您 好 ， 我 现在 有 事 不 在 ， 一 会 再 和 您 联系 。
我 的 菜 炖 着 ， 还有 很 久 才 做 好 。
额 。
您 好 ， 我 现在 有 事 不 在 ， 一 会 再 和 您 联系 。
我 只 有 剩菜 ， 没 剩饭 。
您 好 ， 我 现在 有 事 不 在 ， 一 会 再 和 您 联系 。
囧 。
。
。
AF2903 ， 你们 学 了 没有 ？
把 你 的 课 件 传 给 我 。
从 bilda 上 ， af29037b 那个 课 件 。
不 知道 哪个 是 7B 啊 ！
上面 不 是 有 编号 的 嘛 ？
您 好 ， 我 现在 有 事 不 在 ， 一 会 再 和 您 联系 。
没有 编号 啊 ， 况且 只有 纸质 版 ， 没有 电子版 。
啊 ？
？
？
你们 没有 bilda ？
？
？
您 好 ， 我 现在 有 事 不 在 ， 一 会 再 和 您 联系 。
有 bilda 。
但是 ， 这 门 课 没有 传 电子版 课 件 。
都 是 每 次 上课 发 课 件 的 。
哦 。
您 好 ， 我 现在 有 事 不 在 ， 一 会 再 和 您 联系 。
在 不 ？
怎么 ？
好玩 么 ？
好玩 啊 。
是 呀 ， 我 觉得 荷兰 好 不错 啊 ！
看 照片 。
你们 这 次 去 看 花 。
我 上次 真的 是 可惜 了 。
印象 一点 都 不好 。
不过 阿姆斯特丹 ， 就 是 很 无聊 。
应该 要 去 周边 的 小镇 。
阿姆斯特丹 的 MM 好看 。
我 还 去 问 了 价格 呢 。
结果 呢 ？
多少 钱 ？
50 欧 啊 ， 不 还 价 。
我 都 根本 不 敢 ， 当时 才 到 欧洲 ， 什么 都 怕 。
这么 便宜 ！
你 上 了 ？
500kr 啊 ！
多 贵 。
500 贵 个 屁 啊 ！
还 好 吧 。
你 妹 ， 这种 站 街 类型 的 都 要 500 。
还是 一个 小时 。
国内 都 能 包 夜 了 。
晕 。
这 是 欧洲 啊 。
不过 ， 看 你 也 是 有 贼心 没 贼 胆 。
哈哈 ！
哥 没 钱 。
要 是 你 资助 ， 我 早上 了 。
额 。
好 啦 ， 不 跟 你 瞎扯 了 。
我 写 论文 了 。
goodevening !
恩 ， 啊 ！
加油 吧 ！
去 小 蜜 那 开 续签 证明 需要 带 什么 东西 吗 ？
明天 去 skansen 玩 不 ？
tmrwthereisbigpartyinuppsala , iamwonderingifgothere 。
how ？
howtogotouppsala ?
how ?
?
?
?
?
?
?
bySL 。
wecangotherebysl 。
butbackwilltaketehtrain 。
route ?
itisnotvalidtotaketrainback 。
checkinsl. se 。
yousureitisvalid ?
itriedonebefore 。
whichroute ?
SLgivesseveralroutes ？
thietimeorroute ?
both 。
butnowitisnotpossibletocheckthebutconnectiontoupsl 。
soidontknow 。
itonlyshowthecommuter 。
那 你 明天 到底 去 不 去 啊 ？
iamcheckinf 。
还 check 啥 。
douwanttogothere ?
thesl.. ？
想 去 啊 。
howtogothereforfree ？
TakeBus178fromKistacentrumtowardsM ?
rbystation. YourdeparturefromKistacentrumisat08:31 , yourarrivalinDanderydssjukhusisatapprox. 08:54. AtDanderydssjukhuschangetoBus639towardsHallstavik. YourdeparturefromDanderydssjukhusisat09:13 , yourarrivalinRimbostationisat10:00. AtRimbostationchangetoconnectingBus677towardsUppsala. YourdeparturefromRimbostationisat10:00. YouarriveinUppsalaCentralstationat10:55. 这 是 李 铸 发给 我 的 ， 说 是 有 人 再 试 过 的 路线 。
但是 太 长 了 。
时间 太 久 。
yes , itisright !
!
!
itookthisone 。
啊 ？
好 吧 。
那 明天 就 这么 走 了 。
但是 时间 要 提前 。
据说 10点 到 那边 就 太 晚 了 。
最 好 9点 前 到 。
itisnotpossibletogettherebefore9. itissoearly. itispartyalltheday. 晚 了 挤 不 进去 ， 人 太 多 。
.
.
.
itisacity , notaroom !
soithinkitisok 。
so... 早 点 去 啦 ， 他们 都 很 早 去 。
butthereisjust8:00and10:00 。
fromrimbotoupsl 。
那 就 8点 那 班 。
到 uppsala 应该 在 9点 前 吧 ？
800thenweshouldleaveatsomethinglike6formhere 。
李 铸 查 了 时间 。
2011 / 4 / 10 不 用 解释 ， 真 的 !
我 懂 的 。
走 了 。
伤 不 ！
。
有 美女 在 吗 ？
有 没 有 美女 ？
这 世上 有 那么 多 东西 吸引 你 ， 诱惑 你 ， 分散 你 的 注意力 ； 当 你 努力 想 做 一个 坏人 的 时候 ， 总 有 人 半道 把 你 阻止 你 。
当 你 把 外部 的 敌人 消灭 掉 ， 你 内心 的 敌人 ， 又 从 四面八方 涌 上 来 .
.
.
.
.
多 好 的 一 段 话 啊 ！
你 说 是 不 ， 小 破 孩 ？
这 群 滴 群 主 是 谁 啊 ？
赶紧 把 这 大叔 赶走 。
呼叫 群 主 。
同 呼 。
群 主 已 关机 ， 勿 扰 ！
O ( ∩ _ ∩ ) O 哈哈 ！
你 抓 什么 呢 ？
这 ， 这 ， 这 也 太 吓人 了 。
你 ， 你 ， 你 这么 吓人 家 .
.
.
.
.
.
是 想 人家 往 你 怀里 钻 吗 ？
不对 ， 不对 ， 这 几 天 情绪 很 不 对劲 啊 ！
你 疯 啦 ！
鉴定 完毕 。
这 可恶 的 风 ， 把 我 的 心 ， 都 刮 乱 了 。
小 破 孩 ， 最近 很 忙 ？
你 是 女生 ， 来 捣乱 滴 。
鉴定 完毕 ！
忙里偷闲 ， 跟 叔叔 看 电影 去 吧 ？
叔叔 给 你 买 糖 吃 。
恩 。
这 两 天 比较 忙 ， 等 俺 忙 完 一定 好好 睡觉 。
5555 ！
看 电影 ？
哇塞 ！
俺 滴 弱点 。
哈哈 ， 女人 共同 的 弱点 。
怕 什么 ！
话 说 ， 你 不 会 吃 人 吧 ？
电影 啊 ， 我 最 喜欢 的 活动 之一 。
