虽然 俄 国 从 18 世纪 初 开始 逐步 西方化 ， 但是 它 对 东方 文化 的 看法 与 其他 西方 国家 有 区别 。
俄国 重视 东方 ， 较 早 开始 进行 东方 语言 的 教学 。
我 觉得 正是 有 这么 多 的 伟大 作家 的 出现 ， 使 俄罗斯 人民 增强 了 人民 自豪感 。
对于 阅读 的 热爱 ， 从 某种 程度 上 也 反映 了 这个 国家 对于 文化 的 重视 。
恩 ， 对 的 。
当然 ， 从 王 老师 讲课 的 内容 中 ， 我们 获得 了 更 多 有关 俄罗斯 文化 的 知识 。
印象 最 深 的 一点 ， 便 是 俄罗斯 文化 是 东西 文化 的 集大成 者 。
俄罗斯 在 物质 与 精神 两者 中 强调 后者 ， 重视 发展 文化 事业 ， 大量 出版 图书 和 报刊 ， 建立 了 许多 图书馆 、 博物馆 、 文化馆 、 俱乐部 等 群众性 文化 设施 。
俄 还 重视 对 博物馆 珍品 和 历史 建筑 文物 的 保护 ， 扩建 和 新建 了 许多 博物馆 。
俄罗斯 文学 源远流长 ， 在 世界 上 享有盛誉 ， 出现 了 普希金 、 莱蒙托夫 、 果戈里 、 别林斯基 、 陀 斯 妥 耶 夫 斯 基 、 托尔斯泰 、 契诃夫 、 高尔基 、 肖洛霍夫 等 世界 驰名 的 大 文豪 和 作家 。
俄罗斯 的 美术 源远流长 ， 绘画 有着 悠久 的 历史 ， 著名 的 艺术 大师 有 列维坦列宾 、 苏里柯夫 、 克拉姆斯科伊 等 。
俄罗斯 的 宗教 音乐 和 民间 音乐 有着 深远 的 历史 传统 ， 歌剧 、 交响乐 和 室内 音乐 具有 鲜明 的 民族 气质 ， 奔放 豪迈 。
俄罗斯 的 戏剧 艺术 体裁 和 形式 多样 ， 最 早 出现 在 宫廷 里 ， 19 世纪 进入 繁荣 时期 ， 果戈理 的 《 钦差 大臣 》 等 社会 戏剧 充满 强烈 的 时代 气息 ， 具有 鲜明 的 民族 特色 ， 同时 涌现 出 了 许多 杰出 的 艺术 大师 。
俄罗斯 的 马戏团 在 俄罗斯 也 很 受 人们 的 欢迎 ， 马戏团 团员 训练有素 ， 技艺 精湛 。
俄罗斯 人 有 卓越 的 民间艺术 。
实用 装饰 艺术 有 金属 、 兽 骨 和 石头 的 艺术 加工 ， 有 木雕 、 木雕 壁画 、 刺绣 、 带 花纹 的 纺织品 、 花边 编织 等 。
最 有名 的 工艺品 有 木制 套 娃 、 木刻 勺 、 木盒 、 木 盘 等 木制品 。
哇 ， 好 想 去 俄罗斯 亲眼 看看 。
中 俄 文化 的 不同 特点 ： 中国 文化 核心 是 中庸 哲学 ， 做人 处事 追求 适量 ， 受 度 ， 得当 。
俄罗斯 文化 则 呈现 出 宗教 性 。
诗人 邱 特 切 夫 说 只有 用 信仰 ， 才 能 理解 俄罗斯 。
( ⊙o⊙ ) 哦 。
俄罗斯 不仅 在 文学 作品 上 去 的 了 巨大 的 成功 ， 在 其他 艺术 形式 上 也 去 的 了 成功 ， 如 芭蕾舞 。
俄罗斯 人 具有 许多 人性 上 的 闪光点 ， 此外 俄罗斯人 向来 以 其 倾向 极端 、 追求 终极 显示 出 人 探寻 生命 本质 存在 的 心灵 激情 ， 富有 精神 超越 性 的 特性 闻名于世 。
从 哲学 意义 上 讲 ， 人 的 自我 实现 才 是 人 获得 真正 自由 、 享受 生命 意义 的 表现 。
俄罗斯 人 自由 不 羁 、 追求 极致 的 性格 为 俄罗斯 文化 、 艺术 立足 于 世界 之 巅 创造 了 前提 、 条件 。
其实 ， 现在 俄罗斯 的 好多 剧目 在 中国 很 有 名 ： 《 天鹅湖 》 、 《 胡桃 夹子 》 、 《 睡美人 》 等 。
对 的 。
俄国 的 体操 、 水上 花 游 等 都 是 霸主 地位 的 。
尤其 是 《 天鹅湖 》 ， 已 成为 了 俄罗斯 的 国粹 。
是的 ， 俄罗斯 体操 很 强 啊 。
不仅如此 ， 俄国 还 是 军事 大国 。
这 也 应该 是 文化 底蕴 使然 吧 。
我 之前 有 听说 过 ， 俄国 的 训练 方式 很 不 同 与 其他 国家 。
恩 ， 科技 的确 很 先进 啊 。
训练 方式 ？
？
您 举 个 例子 。
中 俄 好像 交往 都 是 “ 官方 热 、 民间 冷 ” 啊 。
就 是 。
体操 、 花 游 的 训练 方式 。
哦 ？
怎么 训练 的 ？
你们 逼 我 .
.
.
组长 ， 我们 只 是 好奇 罢了 。
我 百度 下 看看 .
.
.
这 块 过 会 我 掐 了 .
.
.
中国 的 小孩 都 是 从小 就 开始 训练 的 。
仙桃市 是 中国 的 体操 之 乡 。
对 啊 ， 是 湖北 的 吧 ？
是 。
小 孩子 的 柔韧性 要 好 些 ， 可塑性 也 较 强 。
若 是 到 了 我们 这 般 年纪 ， 便 不 是 训练 ， 而是 折磨 了 。
想 起来 。
就 比如 双人 花 游 。
俄国 的 第三 人 替补 ， 要 学会 两 个 人 所有 的 动作 ， 这 在 中国 是 不可 想象 的 ， 需要 承受 更 大 的 训练 量 。
这 也 是 她们 对于 艺术 的 一 种 热爱 方式 吧 。
你们 换 个 自己 想 说 的 话题 ， 咱们 继续 讨论 。
这 也 是 说明 他们 群体 意识 强 的 一个 表现 。
恩 ， 对 的 啊 。
哦 。
上次 奥运会 不 是 有 个 妈妈 级 的 体操 冠军 吗 ?
为 给 孩子 治病 , 那么 大 还 在 练 。
这 和 他们 的 宗教 文化 有 很 大 的 关系 。
俄国 一般 都 是 什么 宗教 的 啊 ？
东正教 。
是 基督 吗 ？
哦 。
是 基督教 的 一个 分支 。
有 什么 区别 啊 ？
东正教 ？
其实 他们 的 区别 主要 是 在 对 圣经 的 解读 上 。
( ⊙o⊙ ) 哦 。
说 到 东正教 ， 我 觉得 东正教 对 他们 的 影响 之一 就是 ： 俄罗斯 人 对 “ 苦难 ” 有 种 特别 的 依恋 。
这 点 我们 从 小学 时代 老师 们 推崇 我们 去 看 的 《 钢铁 是 怎样 炼 成 的 》 和 《 海燕 》 中 就 可 窥见 一斑 了 ： 奥斯特洛夫斯基 笔下 的 保尔 经过 了 难以 想象 的 苦难 的 磨练 ， 终于 成为 了 强大 的 战士 ； 海燕 叫喊 着 ： “ 让 暴风雨 来 得 更 猛烈 一些 吧 !
” 对 。
他们 信奉 的 就 是 爱 与 宽容 。
说 起来 ， 俄罗斯 诗歌 对 中国 影响 很 大 啊 。
所以 她 们 才 能 有 这么 坚持 的 训练 意志 吧 。
有 人 曾经 看 过路 遥 的 《 平凡 的 世界 》 这 本书 么 ？
看 过 的 。
这 本书 算是 我 的 俄罗斯 文化 启蒙 导师 。
书 中 的 男 女 主人公 正是 通过 读 俄罗斯 的 小说 相识 、 相爱 、 相知 的 。
哇 ， 好 浪漫 ！
同时 ， 也 体现 了 那个 时期 的 中国 人们 是 深受 俄罗斯 文化 影响 的 。
哦 ， 那个 时代 的 人 对 俄 的 文化 很 是 看重 的 。
恩 ， 我 前 一阵子 看 了 《 钢 的 琴 》 。
