“ 祸 福相 惜 ” 、 “ 生于 忧患 ， 死 于 安乐 ” ， 这些 我们 都 耳熟能详 ， 所谓 “ 无 恒 强 ， 无 恒 弱 ” ， “ 偏 阴 ” “ 偏 阳 ” 都 不 健康 ， 唯有 “ 阴阳 平衡 ” 才 是 最佳 状态 。
即使 两 国 文化 的 根源 不同 ， 但 民众 的 意识 中 仍 有 相对 普 世 的 成分 存在 ， 这 也 是 两 国 文明 顺利 交流 的 一个 基石 吧 。
俄罗斯 人 有 浓重 的 悲剧 情结 。
肖洛霍夫 的 《 静静的 顿河 》 和 《 一个 人 的 遭遇 》 也好 ， 托翁 的 三 大 长篇 也罢 ， 都 有 很 浓厚 的 悲剧 色彩 。
《 天鹅湖 》 原本 是 悲剧 ， 被 苏联 领导 下 令 改 成 喜剧 结尾 —— 光明 战胜 黑暗 ， 但 原 创 音乐 的 悲 情 是 改 不 了 的 。
施特劳斯 的 《 蓝色 的 多瑙河 》 也好 ， 瓦尔特菲尔 的 《 女 学生 圆舞曲 》 也罢 ， 维也纳 和 法兰西 风格 的 圆舞曲 全 是 大 调 ， 华丽 欢快 。
而 俄罗斯 的 古典 圆舞曲 风格 独特 ， 不论是 50 年代 中国 人 耳熟能详 的 《 在 满洲里 的 山冈 上 》 、 《 黑龙江 的 波涛 》 和 《 秋天 的 梦 》 ， 还是 旅俄 德国人 德 列 津 作 的 《 小 白桦 圆舞曲 》 ， 轻快 中 带 着 忧郁 ， 无 一 例外 ， 以 “ 6 ” 结尾 ， 都 是 小调 。
而且 ， 除了 西伯利亚 民歌 以外 ， 俄罗斯 民歌 也 用 小调 ， 有 一 种 难以 名 状 的 凄婉 。
嗯 ， 确实 和 我们 很 像 啊 。
俄罗斯 文学 给 我 的 感觉 是 --------- 描写 穷人 的 较 多 啊 ！
贫富 差距 也 大 吗 ？
是 啊 ， 我 也 有 这种 感觉 。
估计 他们 那 会 也 是 受 马列 影响 很 大 的 。
一个 是 关注 下层 人民 ， 一个 充满 了 悲剧 色彩 。
比较 大 吧 。
普京 之所以 受 欢迎 很 大 原因 是 他 把 金融 寡头 打击 掉 了 。
恩 。
哦 。
争取 大多数 人 的 幸福 。
和 当时 的 社会 经济 政治 情况 很 有 关系 。
那 是 是 沙俄 统治 时期 。
又 想起 他们 的 彼得大帝 了 。
那个 时候 的 作品 都 强烈 的 反映 了 社会 现实 。
叶卡捷琳娜 也 是 很 厉害 的 。
以及 对 现实 的 批判 。
《 莫斯科 郊外 的 晚上 》 ， 影响 一 代 中国 人 啊 。
那时 中 俄 关系 真 的 好 呀 。
叶卡捷琳娜 二 世 时期 ， 领土 空前 膨胀 ， 被 称为 “ 帝国 的 黄金 时期 ” 。
今天 的 讨论 真是 获益匪浅 。
是的 啊 ， 我 也 是 。
父母 那 代 人 听 的 音乐 《 喀秋莎 》 ， 我们 这 代 人 也 耳熟能详 ， 说明 文化 交流 仍 在 传承 。
获益匪浅 。
从 文化 比较 中 学习 改进 自己 的 不足 ， 确实 是 十分 重要 的 。
如 巴赫金 所 言 ： “ 我们 给 别人 文化 提出 它 自己 提 不 出 的 新 问题 ， 我们 也 从 别人 文化 中 寻求 这些 答案 。
” 《 白桦林 》 悲伤 的 旋律 ， 第一 次 听到 时 ， 我 便 不 禁 落泪 了 。
这 首 歌 讲述 的 也 是 俄罗斯 的 一个 民间 故事 。
深 爱 的 男孩 因为 战争 而 远 走 他乡 ， 女孩 在 白桦林 望 断 了 相 思路 却 只 等 来 男孩 已经 战死 沙场 的 消息 。
对 ， 还有 《 这里 的 黎明 静悄悄 》 。
大家 都 很 热爱 音乐 啊 。
原来 ， 80 后 的 我们 也 都 挺 清楚 地 呀 ！
恩 ， 是 的 啊 ！
大家 把 自己 材料 发 发 ， 已经 要 上万 字 了 ， comeon ！
comeon ！
下 次 讨论 哪个 话题 ？
要 不 日本 ?
我 负责 带头 .
性 的 。
行 得 。
。
。
。
。
。
。
。
。
咱们 可以 就 抗日 谈谈 ， 话题 什么 的 也 挺 多 。
同意 。
行 的 。
明白 了 。
笑 而 不 语 。
.
.
.
.
.
呵 呵 ！
现在 刚 9000 字 ！
你好 ！
这 是 我 先生 的 银行 帐 号 : 52660012970 ， 名字 ： LARSERIKSSON ， 银行 是 ： SEBBANKEN 。
不好意思 给 你 添麻烦 ！
非常 感谢 ！
还 不 睡 啊 ？
1:39:04 路 赛 给 您 发送 了 一个 窗口 抖动 。
啊 ， 这么 晚 了 。
明天 是 不 是 我们 这里 有 个 market ？
我们 这里 ？
我们 哪里 ？
外边 的 横幅 没 看到 么 ？
vastertorpmarket 。
10月 2 号 ， 就 是 明天 那个 是 market 的 意思 ？
不 ， 是 今天 ！
market 上 有 啥 东西 ？
我 也 不 知道 。
我 感觉 就 是 什么 集市 吧 。
可能 是 赶集 吧 。
要么 明天 出 去 看看 ？
我 就 是 这么 想 的 。
不过 我 肯定 一 觉 到 12点 。
market 应该 不 会 这么 早 结束 吧 ！
嗯 嗯 。
下午 应该 会 有 的 。
明天 出去 逛逛 吧 。
好 啊 ！
我 睡 了 。
安 啦 ！
把 家 周围 熟悉 熟悉 。
晚安 ！
来 水 没 啊 ？
( 本 消息 由 您 的 好友 通过 手机 QQ 发送 ， 体验 手机 QQ 请 登录 ： http:/. qq. com ) 我 去 看看 。
没 。
要 是 中午 还 没 来 ， 我 打电话 给 房东 。
哦 ， 对 了 ， 没 水 的 话 ， 衣服 是 不 是 也 洗 不 了 ？
我 本来 还 想 中午 洗 衣服 去 。
我 觉得 洗衣房 有 水 。
我 觉得 是 我们 家 的 问题 ， 你 去 看看 呢 。
好 。
我 在 想 ： 是 不 是 房东 没 按时 交 房租 ， 就 停 我们 水 了 ？
。
。
。
不 是 给 她 汇 过去 了 么 ？
洗衣房 有 水 ， 但是 水 也 挺 小 的 。
我 也 是 猜 的 。
不 知道 。
也 有 可能 ， 是 外边 的 工地 在 施工 。
中午 看看 吧 。
( 本 消息 由 您 的 好友 通过 手机 QQ 发送 ， 体验 手机 QQ 请 登录 ： http:/. qq. com ) 洗衣机 启动 不 了 ， 应该 的确 是 停水 了 。
嗯 。
你 叫 上 晶晶 和 你们 一起 去 意大利 玩 吧 。
恩 。
把 她 qq 给 我 。
357974766 。
你 看看 1月 直接 去 威尼斯 的 机票 ， 好像 真 没 有 。
恩 。
1月 没 航班 。
11月 开始 就 没有 航班 了 。
有 飞 佛罗伦萨 的 ， 或者 比萨 的 吗 ？
没有 。
我 记得 。
哈哈哈 ！
我 找到 30 天 试用 版 。
老子 不 去 学校 了 ！
！
！
厉害 。
成功 发送 文件 “ 新建 MicrosoftOfficeWord 文档 .
