我 感受 到 了 很 浓 的 俄罗斯 风情 。
特别 里面 的 音乐 。
讲 啥 的 ？
恩 哼 ？
不好意思 来 晚 了 ， 刚刚 吃 好 饭 回家 。
讲 一个 父亲 为了 在 离 婚后 留住 自己 女儿 。
没事儿 ， 现在 加入 吧 。
comeon ！
然后 ， 一 群 好友 努力 在 艰苦 条件 下 做 钢琴 的 事情 。
那 时候 ， 中国 是 收 苏联 影响 最 大 的 时期 。
看来 很 好看 的 样子 。
看 了 会 哭 么 ？
果然 是 俄罗斯 人 的 苦难 情节 啊 ！
很 好 的 。
很 有 苏联 情节 的 。
那 我 也 去 看看 好 了 。
他们 就 是 找到 了 苏联 的 钢琴 技术 的 书 ， 然后 ， 配乐 也 都 是 俄罗斯 音乐 。
俄罗斯 民族 真 是 一个 性格 鲜明 、 有 个性 的 民族 。
是的 啊 。
你 们 认为 中 俄 互 办 文化 年 对 加强 两 国 人民 交流 意义 大 不 ？
我 觉得 很 大 。
当然 很 大 了 。
当然 大 。
中 俄 关系 会 走 得 更加 紧密 ， 更加 有利于 两 国 人民 。
因为 总是 觉得 民间 交流 还是 不 多 。
文化 的 交流 更 有利于 两 国 在 政治 经济 领域 方面 的 房 展 。
我 有 很多 朋友 的 父母 都 在 俄罗斯 做 外贸 。
希望 今后 这样 的 文化 交流 越来越 频繁 。
在 东北 ， 民间 交流 好像 很多 的 。
其实 ， 民间 交流 还 是 不错 的 ， 只是 局限 于 商业 。
恩 ， 是 的 。
大家 有 去 过 中央 大街 的 嘛 ？
其实 中 俄 两 国 的 文化 交流 早已 有 之 。
前 段 日子 看 了 一 篇 俄国 人 写 的 中文 文章 ， 讲 的 是 清朝 俄罗斯 文 馆 的 情况 ， 也 就 是 18 世纪 初 到 19 世纪 中叶 的 那段 时间 。
看 了 这 篇 文章 后 我 有 两 点 感受 想 要 和 大家 分享 一下 。
首先 ： 每个 国家 都 乐于 推崇 本国 文化 ， 特别 是 语言 。
俄罗斯 东正教 传教士 团 的 许多 人 在 清朝 担负 起 了 教授 中国 人 俄语 的 职责 ， 而且 他们 还 很 热衷 于 翻译 和 编写 俄语 语法 书 ， 并 作为 礼物 送给 中国 人 。
在 从 现在 看来 ， 我们 中国 的 孔子 学院 逐渐 兴起 ， 中国 文化 ， 特别 是 汉字 备受 推崇 ， 也 是 一 种 文化 软 实力 的 传播 。
其次 ： 古代 外国语 学校 和 外语 人 真 的 是 举步维艰 啊 ： 清朝 的 俄罗斯 文 馆 很 难 招 到 好 学生 。
因为 “ 大国 思想 ” 作祟 ， 清代 人 以 学习 外 邦 文化 为 耻 ， 好 学生 都 不 报名 文 馆 。
想想 现在 大家 都 争先恐后 地 往 外语 学院 挤 ， “ 物是人非 ” ， 全球化 的 力量 真是 不 容 小觑 啊 。
刚才 ， 刘文 也 提到 俄罗斯 与 东北 关系 很 密切 。
在 哪里 ？
哈尔滨 。
俄罗斯 现在 应该 说 是 更加 偏向 欧 美 了 吧 ?
似乎 跟 斯大林 时代 的 苏联 很 不 一样 啊 !
但 好像 东北 学 俄语 的 人 特别 多 ， 一般 人 都 会 说 简单 的 俄语 .
哈尔滨 能 很 多 的 体验 到 俄罗斯 风情 的 。
索菲 亚 教堂 、 中央 大街 ， 完全 是 俄罗斯 风格 。
具体 的 体现 是 ？
这 和 地域 有 很 大 的 关系 吧 ？
充满 欧洲 风情 ？
中央 大街 就是 当年 俄国 人 开 的 一个 商业街 。
恩 。
看 着 完全 就 是 俄罗斯 感觉 的 。
恩 ， 我 同意 江瑛 的 看法 。
我 想 补充 一点： 其实 除了 中国 东北 ， 中国 内蒙古 地区 也 挺 受 俄罗斯 影响 的 。
印象 中 ， 内蒙古 满洲里 地区 的 人 ， 不仅 会 说 中文 ， 俄语 也 讲 得 很 溜 啊 。
俄罗斯 的 一 部分 领土 好像 是 从 中国 这 夺 过去 的 吧 ？
是的 。
恩 ， 是 的 啊 。
好像 抗日战争 那 会 吧 ？
落后 就要 挨打 。
我 的 一 位 历史 老师 说 其实 在 列强 分割 中国 时 ， 获利 最 多 的 便是 俄国 。
大学 时 ， 我们 院 俄语 系 好 多 人 是 从 东北 来 的 。
是 ， 瑷 珲 条约 吧 。
但是 ， 那 段 历史 似乎 不 太 被 提起 啊 ！
后来 也 还 回来 一些 了 吧 ？
建国 初期 有 很多 东北 人 到 俄罗斯 做 生意 ， 被 称为 “ 倒爷 ” 。
其实 ， 我 很 想 问 大家 一个 问题 ： 我们 应该 怎样 对待 历史 ？
现在 依旧 还有 。
哇 ， 这 你 都 知道 。
恩 ， 好像 是 买 一些 生活 日用品 。
倒 字 何 解 ？
倒卖 ？
还有 很多 专门 的 中国 人 的 市场 。
就 是 掮客 。
哦 。
有 一个 不 认识 的 字 。
“ 掮 ” ， 我 也 是 , , , , qian 。
哦 。
二 声 。
倒买倒卖 的 人 。
对 了 ， 俄国 也 是 共产党 执政 吗 ？
现在 不 是 了 把 ？
肯定 不 是 。
当年 的 苏联 解体 就 不 是 了 把 ？
80 年代 末 90 年代 初 ， 苏联 解体 了 。
哦 。
那 现在 执政 的 是 ？
普京 总统 挺 有 个人 魅力 的 。
肌肉 发达 。
是 梅德韦杰夫 吧 ？
梅德韦杰夫 。
当 过 克格勃 。
medvdev 。
普京 参加 下 一 届 的 选举 。
恩 ， 就 快 要 换届 了 。
两 人 总理 、 总统 位置 互换 。
恩 ， 二 人 “ 转 ” 来 着 。
当年 还有 一 首 个 叫 “ 要 嫁 就 嫁 给 普京 ” 。
歌 。
江瑛 ， 你 唱 唱 。
是 苏联 帮 中国 找到 新 出路 的 ， 现在 却 物是人非 了 。
不 会 啊 ， 嘿嘿 ！
一个 国家 的 发展 ， 就 像 小孩子 学 走路 ， 不 可能 永远 有 别人 搀扶 。
现在 是 谁 有 经济 实力 、 政治 实力 谁 就 有 发言权 。
俄罗斯 的 经济 恢复 也 和 他 本身 的 地理 位置 和 资源 有关 。
想 想 再 聊 点 啥 吧 ？
它 横跨 欧亚大陆 。
丰富 的 天然气 资源 啊 ！
恩 。
天然气 资源 出口 到 欧 美 和 亚洲 。
中国 也 有 和 他 的 合作 。
和 乌克兰 因为 管道 的 事 ， 两 国 还 经常 有 争端 啊 。
对 。
由于 特殊 的 地理 位置 和 欧 亚 大陆 上 相对 后起 的 民族 ， 俄 同时 受到 来自 东西 多 个 方向 的 文化 影响 ， 这 也 使 它 常常 面临 艰难 的 文化 抉择 ， 东西方 概念 的 长期 存在 ， 向 这个 占据 着 亚 欧 两 块 大陆 的 俄罗斯 提出 一个 难题 ： 俄罗斯 文化 属于 东方 还 是 西方 ？
