…
最后 ， 活 着 且 活 得 很 好 的 人 都 去 开 两会 。
有人 问 啥 是 两 会 呢 ？
农民 代表 答 ： 会 养猪 、 会 交配 。
工人 代表 答 ： 会 挣钱 、 会 消费 。
民工 代表 答 ： 会 讨 薪 、 会 下跪 。
保姆 代表 答 ： 会 插足 、 会 叠 被 。
小姐 代表 答 ： 会上 床 、 会 收费 。
艺人 代表 答 ： 会 炒作 、 会 陪 睡 。
商人 代表 答 ： 会 赚钱 、 会 逃税 。
一个 好 朋友 自己 拍摄 设计 的 台湾 风情 明信片 ， 质量 很 不错 的 。
O ( ∩ _ ∩ ) O 哈 ！
大家 可以 瞅 一 瞅 ！
有 喜欢 的 同学 可以 联系 她 。
O ( ∩ _ ∩ ) O 哈 ！
顶 ！
谢 啦 ！
哇 ！
…
…
2010 / 11 / 5 群 在 不断 壮大 啊 ！
可喜 可贺 ！
人 还是 不 够 多 啊 ！
zjg 有 人 夜宵 吗 ？
你 果断 到 下面 的 小吃 那 吃 去 呗 。
实验室 怎么 不 能 用 闪 ？
跳水 也 行 。
跳水 ？
到 CJL 跳 去 吧 ， 室外 的 。
CJL ？
啥 东东 ？
额 …
游泳馆 不 会 游泳 。
.
.
.
.
.
.
.
.
.
.
.
.
太 冷 了 。
威海 的 不 会 游泳 ？
下 个 月 有 毅行 。
是 啊 ， 不 会 。
烟台 的 表示 学 了 一个 暑假 ， 全 打 酱油 了 ， 还 没 学会 换气 。
很多 海滨 城市 的 都 不 会 游泳 。
秋天 可以 有 很多 活动 啊 ！
这个 其实 挺 难得 。
还 可以 烧烤 。
烧烤 ？
玉泉 旁边 的 植物园 就 有 。
九 溪 那边 也 可以 。
正 在 减肥 的 人情 何以 堪 ？
出去 打 了 个 电话 ， 就 发现 水 了 这么 多 。
小 咸菜 ， 你 是 女 的 ？
未 央 是 研 几 的 ？
哥 明显 是 爷们 啊 ！
减肥 都 是 浮云 。
姐 减 了 好多 年 了 ， 一点 效果 没有 。
大 四 的 。
那 减 什么 肥 啊 ？
谁 让 你 用 那么 暧昧 的 头像 ？
果然 有 本科生 潜伏 。
超标 很多 ， 不 减 不行 啊 ！
明年 不 就 硕士 了 ！
已经 保 研 了 ？
一 天 不 上 ， 群 里 消息 好多 呀 ！
嗯 。
你们 专业 是 不 是 有 个 郁建兴 ？
找 个 娱乐城 。
副 院长 。
不 是 我们 专业 的 。
郁 老师 是 政府 管理 系 的 。
我 不 是 。
有 棋牌 、 运动 项目 、 台球 什么 的 。
然后 回来 去 吃 火锅 ？
怎么样 ？
好 。
啥 时候 去 啊 ？
最近 去 不 了 啊 ！
考试 周 完 了 啊 ！
恩 。
最近 几 个 周末 都 有 活动 。
不 会 台球 。
啥 时候 考试 周 ？
学 呗 ， 俺 也 不 会 。
这个 一时 半 会 学 不 会 吧 。
学 不 会 有 不 会 的 打法 的 。
发 你 个 粗 棍子 。
…
拖把 杆 。
是 吧 。
乒乓 不 会 还 被 拉 去 打 比赛 呢 ！
就 瞎 玩 呗 ， 开心 就 好 。
我 会 乒乓球 。
我 会 台球 和 乒乓球 。
谁 是 紫金 港 的 啊 ？
我 ， 紫金 港 。
我 是 玉泉 的 。
我 都 玩 过 ， 但是 都 不 会 。
公 管 不 是 在 玉泉 么 ？
我 是 本科生 。
后 ？
不 是 啊 ！
.
.
.
.
.
刚才 走神 了 吧 ？
那 就 好 。
老 了 ！
紫金 港 哪里 有 卖 馒头 的 ？
哦 ， 公关 真 纠结 。
我 寝室 有 一个 公 管 的 研究生 。
每天 在 西 溪 上课 。
老板 在 玉泉 。
我 老板 也 在 玉泉 。
所以 经常 跑 。
sogaricky 是 建筑 的 研究生 ？
恩 。
那 一 级 ？
建筑 的 研究生 很 难 考 吧 ？
10． 相对 来说 简单 就 是 收 的 太 少 。
据说 建筑 待遇 不 错 哦 ！
我 一个 同学 在 读 大 五 。
因人而异 。
你 研 一 ？
是 啊 ！
研 一 的 很多 吧 ？
建筑 很 好 的 啊 ！
似乎 都 是 刚 找到 组织 的 ； 比如 我 。
呵 呵 ！
没 觉着 。
要 经常 加班 的 。
我 就 记得 建筑 的 美女 很多 。
这个 …
不 清楚 。
呵 呵 ！
对 建 工学院 不 了解 ， 只 认识 两三 个 做 房地产 经济 方面 的 建工 学院 的 老师 。
这个 可以 去 调查 一下 。
建筑 现在 搬 到 安 中 楼 了 ？
土木 ， 规划 在 安 中 。
建筑 在 月牙 楼 。
哦 。
那个 楼 不 好 啊 ！
冬冷夏 热 。
还是 月牙 楼 有 特色 。
西瓜 皮 。
我 去 自习 过 ， 桌子 很 大 很 爽 。
螃蟹 。
我 研 二 的 。
哈哈 ！
众 位 师弟 师妹 ， 哈哈 。
那 楼 是 个 行为 艺术品 。
天 天 被 学生 骂 。
据说 是 同济 的 一个 专家 设计 的 。
恩 。
大腕 。
有人 去 毅 行 吗 ？
坟墓 一样 的 建筑 。
戴复东 ， 可以 baidu 一下 。
我 想 去 毅 行 。
对 ， 小 坟头 。
阳面 的 房间 还 好 ， 阴 面 的 估计 比较 不 舒服 。
保安 来 关门 了 ， 回 寝室 了 。
你们 继续 。
这么 早就 关门 ？
曹 西 。
额 …
…
群 相册 咋 没 了 ？
删 掉 了 吧 ？
想 要 的 话 用 自己 的 照片 跟 群 主 换 。
还 想 看看 美女 呢 ！
呵 呵 ！
美女 很多 的 哦 。
用 自己 的 照片 换 吧 。
俺 的 已经 上 传 了 。
我 怎么 没 看见 你 的 ？
对 啊 ！
我 怎么 没 看到 。
你 光顾 着 看 美女 了 。
群 里 聊天 的 人 不 多 啊 ！
主要 是 …
大家 有 的 本科 有 的 研究生 。
话题 都 不 一样 。
本科 很 少 啊 ！
大都 是 烟酒 僧 吧 。
基本 都 是 烟酒 僧 。
不 少 了 呀 ！
这里 估计 学术 帝 比较 多 。
有 么 ？
这么 晚 了 还 在 学术 ， 不 会 吧 ？
怎么 没 有 ， 很多 组 的 现在 都 在 搞 学术 。
这个 …
…
.
浙 大 建设 一流 大学 就 靠 他们 了 。
青岛 。
建筑 的 大哥 是 八 几 年 生 人 啊 ？
87 。
建筑 本科 要 学 五 年 。
哎 ！
我 也 是 研 一 87年 的 。
看来 我 上学 比较 晚 。
metoo 。
上学 晚 的 都 87年 …
