我 老板 人 很 好 。
可是 很 严肃 。
看 出来 了 。
呵 呵 ！
恩 ， 我 老板 倒是 随和 。
你 老板 太 忙 了 。
呵 呵 ！
年轻 的 时候 还 谈 吉他 组 BAND 。
我 说 他 是 老 文艺 青年 …
…
我 老板 常 打电话 ， 不过 人 超 nice , 总之 我 想 像 不 出 更 nice 的 老板 是 什么 样子 了 。
总之 ， 鱼 和 熊掌 补课 兼得 。
知足 ！
呵呵 ， 就 找 过 我 一 次 ， 还是 被 骂 。
呵 呵 ！
哈哈 ！
一个 nice 的 老板 真 的 很 重要 啊 ！
是的 。
影响 很 大 的 。
我们 所 里 有 一个 极品 的 。
说 我 没 进入 状态 ， 之后 我 就 怕 他 了 。
非常 的 极品 ！
我 也 没 进入 呢 ！
处于 休闲 状态 。
呵 呵 ！
哈哈 ！
我 当初 有 别的 老板 想 要 ， 但是 我 拼死拼活 非 要 跟 现在 的 老板 。
我 导师 说 我 文风 不好 。
你 比 我 认真 多 了 哦 。
因为 老板 好 。
老板 好 真的 中影 。
重要 ！
En ， 支持 ！
未 央 老板 是 谁 啊 ？
好奇 。
不 是 一个 院 的 会 认识 吗 ？
我 老板 不 出名 的 。
是 个 年轻 老师 。
公 管 在 紫金 港 吗 ？
公 管 总部 在 玉泉 。
呵呵 ， 我 也 公 管 。
哎 ！
呵 呵 ！
本科生 在 紫金 港 。
哦 那 你 是 什么 专业 的 ？
那 就是 在 玉泉 了 ？
行 管 。
不 是 ， 我 大 四 的 。
现在 在 紫金 港 。
哦 ~ 前 几 天 还 去 紫金 港 拍片子 了 。
在 草坪 上 拉 了 一 堆 人 ， 很 傻 的 喊 口号 。
喊 啥 了 ， 都 ？
好奇 。
浙江 大学 欢迎 你 ~ ！
yeah ~ ！
哈哈 ！
哈哈 ！
好 吧 。
很 强 。
宣传 片 么 ？
恩 ， 宣传 片 。
居然 找 大 四 的 ！
！
！
！
导师 做 的 。
哦 。
没 找 大 四 的 。
就 是 草坪 上 现 拉 人 。
还是 蛮 好玩 。
恩 ， 是 的 。
剪 片子 就 不好 玩 了 。
绞肉机 ， 哈哈 ！
…
…
记忆力 真 好 。
是 呀 ， 是 呀 。
奖励 小 红 花 一 朵 ~ 请 来 西 溪 领取 。
晕 ！
表示 尚未 去 过 西 溪 。
多 好 的 机会 ， 给 你 一个 重新 认识 母校 的 机会 。
等 姐 有空 的 时候 。
共享 文件 1 个 （ 科 社 的 复习 .
doc ， 下载 | 查看 全部 ） 据 说 不 让 。
只 让 带 复印 的 书 。
那 好 办 ， 随便 整个 封皮 就 是 书 了 。
山东 人 真 团结 啊 ！
大家 都 很 聪明 哈 。
恩 。
是的 。
山东 人 嘛 ！
总 有 办法 的 。
你们 有 平时 作业 么 ？
我们 交 过 读书 报告 。
我们 啥 都 没有 。
我 上 廖 老师 的 课 ， 平时 成绩 就 是 课 上 踊跃 发言 。
我 上 宇正香 的 。
就 有 一个 课堂 讨论 。
发言 的 被 记 了 名字 。
其他 人 都 是 打 酱油 的 。
我 想 去 买 书 了 。
我 借 了 书 。
西 溪 校 区 里 的 那个 书店 。
有 卖 的 美 ？
没 。
我 没 借 到 。
悲 一个 。
如果 不 让 带 打印 稿 ， 我 就 彻底 悲 了 。
跟 同桌 说 好 了 ， 明天 的 时候 一 块 找 答案 。
水 水 同学 ， 咋 没 想 着 去 图书馆 借 本 ？
西 溪 据说 有 。
我们 老师 说 西 溪 的 浙 大 出版社 有 卖 。
随便 啥 ， 只要 是 政治 就 不 会 差 太 多 的 。
贵妃 !
请 冒 个 泡 。
找 你 有 事 。
嗨 ！
瑜 伽 还 报 吗 ?
啊啊 ~ ~ 报 什么 时候 的 班 啊 ？
周六 下午 。
必须 的 。
啥 时候 去 听课 啊 ？
1点 十分 一 场 ， 2点 半 一 场 。
我 也 去 ， 我 也 去 。
带 我 不 ？
你 选择 那场 ？
哪 场 ？
青 就 归 我 了 。
不 是 说 三点 多 也 有 吗 ？
?
?
?
?
?
?
?
三点 多 的 没 开 。
你们 要 不 要 午觉 啊 ？
不 知道 。
你 想 选 哪个 啊 ？
下午 的 是 挺 麻烦 的 。
哈哈 ?
?
我 觉得 2点 半 还 不错 。
青 不 是 说 不 去 的 吗 ？
地点 在 哪里 的 啊 ?
是的 。
同感 。
要 去 的 。
我 说 了 不 去 吗 ？
西区 医学院 。
之前 说 过 说 你 自己 老 了 。
?
?
?
?
?
那 不 是 我 说 的 。
你 忽略 哈 。
你们 考虑 一 下 几 点 去 。
我 要 去 的 。
明天 下午 的 课 ， 怎么办 啊 ？
是 不 是 都 忘 了 ？
你们 定 吧 。
我 做 跟班 就 好 了 。
小 媚 的 手机 已经 关机 了 ， 我 联系 不 上 。
还 有 谁 要 去 的 当初 ？
我 给 忘 了 ， 也 不知 怎么 通知 。
我们 这边 已经 很 多 人 明天 有 事 ， 不 去 上课 了 。
咱们 大家 都 不 去 了 啊 ！
什么 呀 ？
明天 下午 科学 社会主义 。
明天 是 周六 ， 瑜 伽 的 课 挪 到 晚上 了 ， 但是 晚上 咱们 还是 有 课 。
额 ， 我 还 在 家 呢 ?
?
?
?
?
你 ?
?
?
?
?
?
?
?
?
?
?
?
?
明天 赶回 去 ?
?
?
我 已经 在 学校 了 。
哈哈 ！
我 慢慢来 ， 不 着急 。
我 刚才 跟 瑜 伽班 的 人 说 ， 明天 咱们 缺 的 这 次 ， 可以 下次 周二 或 周四 补 上 。
那 咱们 还是 逃 科 社 吧 。
你 比 我 回 的 早 ， 居然 现在 都 还 没 回来 啊 ！
啊啊 啊啊 啊 ？
羡慕 吧 ？
你 也 可以 像 我 这样 懒 。
我 就 是 这么 懒 ， 每天 睡觉 。
哈哈 ！
小 啊 贵妃 啊 ， 我 明天 回去 了 。
我们 再 细 谈 啊 。
我 也 睡觉 。
好 嘞 。
决定 了 没 ？
具体 哪个 时间 啊 ？
我 是 问 你们 意见 啊 。
那 投票 好 了 。
我 要 2点 半 。
大家 可以 统 一一 下 啊 。
那 以后 咱们 晚上 去 练 ， 好 不好 。
这次 特例 。
我 也 两 点 半 。
