。
。
。
。
炒股 哈 ！
欧洲 经济 最近 很 给 力 。
丫 克朗 比 RMB 还 值钱 了 。
在 说 吧 我 也 不 排斥 留 在 瑞典 。
先 试试 招 工作 。
恩 。
我 觉得 回国 也 很 不错 。
来 了 再说 呗 。
有 车 、 有 房 、 有 朋友 、 有 亲人 。
其实 到 了 最后 ， 还是 要 回去 的 。
重庆 吃 的 又 多 。
简直 太 爽 了 。
只 是 在 外面 呆 多久 的 为 你 。
我 觉得 我 回去 自己 做饭 ， 我 就 觉得 恶心 。
问题 。
。
。
。
。
。
。
呵呵 呵 ！
你 也 可以 每 次 去 q 楼 吃 。
我 的 妈 呀 ， Q 楼 跟 重庆 的 吃 的 比 ， 简直 是 猪食 。
你 真 的 不 知道 重庆 的 吃 的 又 多少 。
太 好 好吃 了 。
衢州 的 小 吃 也 很 好 吃 。
泡 椒 牛蛙 、 发动机 、 还有 超级 无敌 多 的 甜品 。
发动机 ？
发动 鸡 。
是 鸡 ， 江湖 菜 。
超级 无敌 好吃 。
想起 都 觉得 过瘾 。
你 回 一 次 国 ， 你 就 知道 了 。
在 国内 这么 多 年 ， 没 听 过 吃 发动机 的 。
杭州 的 叫 花 鸡 就 很 不错 了 。
朋友 好多 好多 ， 家 人 又 好 关心 自己 。
那 种 感觉 ， 真 的 比 自己 一个 人 在 外边 好 太 多 了 。
你 又 喜欢 吃 辣 的 ， 重庆 简直 是 天堂 。
我 可以 带 你 一个 月 天天 在 外边 ， 换 着 花样 吃 。
太 多 了 。
算 了 ， 别 说 了 。
连 火锅 就 好 多 种类 了 。
我 还 在 这里 吃饭 呢 ！
我 也 快 加入 你 了 。
唉 ！
回家 的 梦 ， 还是 以后 再 做 吧 。
回来 就 自己 买 菜 ， 自己 做饭 。
额 。
什么 日子 啊 ？
这 叫 独立 哈 。
往 好处 想 。
这样 才 有 回来 的 动力 。
我 已经 独立 一 年 多 了 。
真 的 ， 唉 。
好 明显 的 感觉 。
在 外边 ， 都 没 人 care 你 。
回到 家里 ， 家人 朋友 ---- 唉 ！
其实 也 没 这么 夸张 。
主要 是 对比 太 强 了 。
要是 我 在 出去 个 一两 个 星期 ， 又 习惯 了 。
在 家 久 了 ， 其实 也 会 无聊 的 。
总 不能 一直 这么 吃 下去 啊 ！
改 上班 ， 还 得 上班 。
是 肯定 的 啊 ！
我 有 的 同学 ， 现在 已经 开始 上班 了 。
我 觉得 ： 在 中国 ， 看 长远 ， 真 的 还 是 挺 好 挣钱 的 。
春节 就 可怜 的 7 天 。
中国 是 “ 越 老 越 容易 赚钱 ” 。
但是 ， 钱 总量 一共 就 那么 多 。
随便 了 。
于是 ， 年轻人 就 悲剧 了 。
在 说 吧 。
我 也 想 在 外国 工作 几 年 。
好好 蓄积 下 知识 。
我 觉得 我 真 的 很 菜 。
我 觉得 这个 master 什么 都 没 选 到 。
学 到 。
你 觉得 你 呢 ？
关键 是 他 啥 也 没 教 。
老师 自己 都 不 懂 为什么 。
但是 东西 是 会 做 了 。
现在 让 你 设计 个 道路 啊 、 桥 啊 什么 的 。
应该 没 问题 了 吧 。
额 。
你 会 么 ？
路 还 行 。
桥 ？
完全 不 懂 。
你 不 是 学 过 bridgedesign 了 么 ？
隧道 的 课 ， 又 好 少 好 少 。
就 是 个 软件 。
什么 都 是 他 教 你 怎么 做 ， 原理 肯 本 不 知道 。
原理 只能 自己 看 书 了 。
而且 是 两 人 一 组 ， 我 只 知道 我 的 那 一 部分 。
这个 没 办法 的 。
晕 ！
应该 还 要 看看 国内 的 书 。
了解 国内外 的 区别 。
反正 就 是 很 菜 很 菜 。
去 做 一个 大 的 设计 就 什么 都 知道 了 。
这种 东西 一 次 就 会 了 。
这 是 肯定 的 。
但是 没 机会 啊 ！
而且 我 一点 都 不 喜欢 土木 啊 。
算 了 ， 回来 慢慢 聊 吧 。
我 要 睡 了 。
困 啊 ！
谁 让 你 选 的 ？
你 睡 吧 。
回来 再 聊 。
赛 赛 ~ ~ ， 有 没 有 买 到 都 给 个 信 吧 ， 我 可以 让 别人 帮 我 带 的 。
在 北京 了 ， 买 了 。
( 本 消息 由 您 的 好友 通过 手机 QQ 发送 ， 体验 手机 QQ 请 登录 ： http:/. qq. com ) 多谢 多谢 了 ， 啥 时候 到 呢 ？
我 到 了 。
哇卡 。
这么 快 ！
今天 不 是 公交 地铁 都 出 问题 吗 ？
不 知道 。
我 朋友 接 我 的 。
他 果然 很 靠 谱 啊 ！
晕 ！
您 好 ， 我 现在 有 事 不 在 ， 一 会 再 和 您 联系 。
雪 是 好 多 啊 ！
我 本来 还 想 去 滑雪 你 。
可是 公交 好像 都 出 问题 。
明天 不 知道 能 不 能 去 得 了 。
哎呀 ， 等 我 啊 。
我 太 累 了 ， 下 周 一起 去 嘛 。
。
。
。
下 周 一起 去 赫尔辛基 。
可以 下 个 月 再 一起 去 滑雪 。
哦 ， 等 我 修整 好 了 ， 再 联系 啊 。
你们 路 的 老师 是 谁 啊 ？
这 学期 没有 road 。
下 个 P 的 road ， 还 是 michael 。
但是 在 网上 找 不 到 他 的 信息 了 啊 ！
啊 ？
你 不 是 准备 和 admir ， 做 论文 了 吗 ？
哎呀 ， 全 方面 啊 。
之前 就 是 跟 着 他 ， 后来 就 没 消息 。
突然 我 走 的 时候 ， 又 让 我 去 照相 ， 我 都 不 知道 考 不 靠 谱 。
我 先 问 问路 那边 有 没 有 空位 ， 然后 选 一个 最 感 兴趣 的 做 啊 。
不然 太 无聊 了 。
恩 ， 也 行 吧 。
网上 写 着 我们 下 学期 还 是 michael 上课 。
还有 ， 你 的 东西 什么 时候 给 ？
你 要 来 学校 吗 ？
不 知道 啊 ！
看 那些 死 人 ， 什么 时候 叫 我 去 。
哪些 死 人 ？
路 的 、 桥 的 、 岩石 的 。
哈哈哈 ！
教授 。
晕 ！
要 是 自己 主动 要求 跟 他们 见面 吧 ？
你 不 能 等 他们 来 找 你 啊 !
我 发 邮件 了 。
看 他们 什么 时候 有 时间 。
哎呀 ， 反正 我 不 急 。
我们 去 不 去 哪里 旅游 啊 ？
