docx ” ( 28. 00KB ) 。
成功 发送 文件 “ project - flexible. xmcd ” ( 116. 00KB ) 。
成功 接收 文件 。
打开 文件 打开 所在 文件夹 失眠 啊 ， MD 。
啊 ？
？
？
压力 大 了 ？
一点 压力 都 没 。
唉 。
。
我 被 捅 一 刀 ， 也 疼 得 睡 不 着 。
。
。
。
没 压力 ， 失眠 个 什么 劲 啊 ？
等 分 到 房子 了 ， 就 去 捅 别人 。
我 的 心 在 滴 血 。
只 有 黑 别人 了 。
别人 捅 你 一 刀 ？
我 刚刚 还 想 过 来 找 你们 呢 ？
你 要 捅 别人 3 刀 。
现在 我们 都 熄灯 而 来 。
我 看到 这 周末 去 图尔库 ， 船票 430 。
4 人 。
熄灯 而 来 ？
熄灯 了 。
但是 两 人 都 在 上网 。
我 以为 你们 睡 了 ， 就 没 敲 们 了 。
额 。
。
佳 汇 用 touch 。
哈哈 ！
我 用 电脑 。
图 库 玩 多久 呢 ？
算 了 。
具体 看 了 下 ， 要 700 块 。
早 上 到 ， 晚上 走 。
好 吧 。
720 。
不过 4 个 人 也 不 贵 。
https:/. tallink. com. do ?
resID= - 81631152 还 行 。
你 要 去 那个 afterexamparty 么 ？
不 去 ， 好 无聊 的 。
就 是 一 群 人 喝酒 。
你 去 过 了 ？
第一 次 去 过 ， 还 要 交 钱 呢 ？
亏 死 我 了 。
看 你 自己 喜欢 吧 。
我们 是 学生会 会员 啊 ！
不 用 交 钱 。
就 是 和 外国人 喝酒 聊天 啊 ？
我 去 看看 吧 ， 不 好玩 的话 ， 下次 就 不 去 了 。
我 比较 和 外国 人 没 话 说 ， 所以 很 闷 。
我 也 不 会 和 外国人 说话 ， 主要 是 听 不 懂 。
哈哈哈 ！
什么 时候 啊 ？
或者 一起 去 吧 。
唉 ！
最近 狗 郁闷 的 了 。
周六 晚上 。
反正 免费 。
去 逛逛 好 了 。
否则 多 无聊 。
嗯 嗯 。
是 啊 。
我 也 看到 了 。
8点 嘛 。
估计 还 是 一样 的 无聊 。
哈哈哈 ！
我 去 照相 算 了 。
哦 ， 对 了 ， 教 我 用 单 反 ， 我 还 不 会 呢 ！
我 也 不 会 。
我 买 了 装 B 的 。
好 吧 ， 那 我 学会 了 教 你 。
呵呵 。
你 也 有 单 反 。
我 要 有 的 话 还 让 你 教 啊 ！
好 吧 。
睡 了 睡 了 ， 不然 ， 明天 明天 又 起 不 来 。
加油 啊 ！
好好 考试 。
晚 那 。
晚安 。
还 不 去 刷 盘子 ！
！
！
[ 自动 回复 ] 您好 ， 我 现在 有 事 不 在 ， 一 会 再 和 您 联系 。
房东 qq 号 发给 我 。
我 转 好 了 。
这么 快 ？
你 就 转 了 你 的 ？
恩 。
反正 现在 大家 都 有 网 银 了 。
好 的 。
1504908678 。
房东 的 QQ ？
3Q 。
房东 电话 是 多少 ？
0765810375 。
正好 你 给 他 说 说 ， 我们 交 房租 了 。
3Q , 恩 。
他 现在 qq 在 线 吗 ？
问 他 收到 没 ？
没 。
我 给 他 网上 说 了 ， 但是 没 回复 。
佳 汇 还 没 交 ， 等 他 交 了 ， 再 打 个 电话 给 房东 。
嗯 , 嗯 。
在 么 ？
是 什么 网上 找 的 啊 ？
直接 把 鸟巢 那 篇 题目 给 我 啊 。
哥 ， 怎么 下载 论文 来着 ？
不 知道 也 。
你 的 那个 论文 怎么 下载 的 ？
额 。
googlescholar 教授 名字 试 过 了 ， 连接 进去 都 是 要 钱 的 ， ＭＤ 。
学校 上 ， 不 用 的 啊 。
恩 ， 成功 了 。
是 呀 ， 就是 在 上面 搜 ， 就 可以 了 吧 。
amanda 是 明天 。
在 F1 。
呵呵 。
有 的 论文 搜 不 到 。
嗯 嗯 。
最新 的 不行 。
那 怎么 办 ？
最新 的 才 能 反映 他 最近 的 研究 啊 ！
[ 自动 回复 ] 您好 ， 我 现在 有 事 不 在 ， 一 会 再 和 您 联系 。
你 那 时间 能 行 不 ？
[ 自动 回复 ] 您好 ， 我 现在 有 事 不 在 ， 一 会 再 和 您 联系 。
你 看看 我 差 你 多少 钱 ？
给 我 50 就 行 了 。
嗯 嗯 。
你 人 怎么 这么 好 啊 ！
： ） 。
。
。
我 只 有 明天 请 你 吃 饺子 了 。
： ） 呵呵 。
不要 了 。
还 是 给 工钱 吧 。
一 小时 102 。
现在 是 我 的 身价 。
晕 。
男 宠 ， 你 就 明天 乖乖 来 吧 。
你 整天 在 家 干 嘛 啊 ？
P 个 整体 在家 。
今天 去 税务局 改 地址 了 。
后 天 要 去 看看 能 不 能 签 个 手机 。
我 今天 也 去 了 啊 。
IDcard 不 能 白 申请 。
iphone4 ？
没有 那么 多 米 。
那 签 个 p 啊 ！
想 签 个 HTC 。
也 不错 。
因为 那 个 手机 每个 月 才 49 。
好 点 的 跟 4 一个 价 。
现在 每 个 月 都 要 75 。
49 应该 不 是 电话费 ， 是 49+ 电话费 吧 。
4 是 这样 的 。
4 是 89 的 电话费 。
手机 200 。
每个 月 289 。
ok 。
2 年 吧 。
也 不 划算 。
http:/. tele2. se - package. asp ?
packageId=1190 & subscriptionID=287 & burl= - ny - mobil/ 你 看 下行 不 ？
看 不 懂 。
不 会 翻译 啊 。
翻译 了 ， 也 不 懂 。
你 让 我 看 什么 ？
那 算 了 。
我 后天 问问 去 。
看 价目表 啊 ！
这 款 手机 不错 吧 ？
为 啥 不 明天 去 呢 ？
后 天 早上 我 自己 去 拿 香水 啊 ？
要 等 徐蕾蕾 。
我 拿 了 给 你 。
什么 时候 ？
早 上 。
他 从 船上 回来 的 时候 。
我 我 怎么 给 钱 呢 ？
我 让 他 在 学校 这 站 等 下 我 。
我 过去 拿 。
转账 。
我 转 给 你 ， 你 转给 他 ？
那 两 香水 一共 多少 ？
像 间谍 一样 。
你 转 我 ， 我 给 他 现金 。
好 吧 。
老子 现金 用 不 完 了 。
好 吧 ！
474+411 。
他 买 了 吧 ？
买 了 。
下午 给 我 打电话 了 。
两 瓶 吧 ？
都 是 50 的 。
没 有 30 的 ？
