许百顺 一把把 那 沮丧 小子 抱 住 了 ， 在 许 三 多 的 记忆 里 父亲 没 这样 抱 过 自己 ， 象 是 要 把 他 抱 成 两 截 。
许百顺 ： 当 了 兵 不 兴 打架 ， 你 打架 ， 班长 不 要 你 了 ！
许 三 多 又 看 史 今 ， 史今 还是 不 看 他 。
许 三 多 ： 爸 ， 等 我 回 来 帮 你 打架 。
他 上车 ， 背影 委屈 得 象 个 小 老头 。
史今 收回 了 目光 ， 很 正式 地 向 许 百 顺 敬礼 。
史今 ： 走 了 ， 老前辈 。
许百顺 ： 由 你 打 由 你 骂 ， 可是 对 他 好 一点 。
史今 看 着 眼前 的 半 老头 ， 许百顺 披 了 半 生 的 硬壳 终于 去 尽 ， 现在 的 许 百 顺 忧伤 哀怜 、 沮丧 而 茫然 ， 史 今 下意识 地 想 扶 他 一 把 ， 但 终于 没 那么 做 。
史今 ： 我 会 的 。
他 跃 步 上车 ， 他 是 最后 上车 的 一个 。
列车 发出 第一 声 长鸣 。
３５ 、 列车 内 ／ 日 许 三 多 茫然 站 在 车厢 过道 里 ， 每个 人 都 是 和 他 一样 的 新兵 ， 每个 人 都 不 认识 ， 这 让 他 紧张 得 不 敢 挪动 一 步 ， 紧张 得 喘 不 气 来 。
许 三 多 ： 爸 ？
…
…
爸 ！
父亲 忽然 间 变 得 很 重要 ， 几乎 就 是 在 他 在 这 陌生 世界 中 的 唯一 屏障 ， 许三多 在 整个 车厢 想 找 到 一个 可以 把 头 探 出 车窗 的 位置 ， 那 真 的 很 难 ， 每个 窗口 都 塞 满 了 三四 个 脑袋 和 肩膀 。
背后 忽然 被 人 捅 了 一下 ， 就 力度 来 看 很 不 友善 ， 许 三 多 回头 ， 成才 绷 了 脸 站 丰 ， 是 和 他 一样 的 装束 。
成才 ： 我 还 是 来 了 。
我 爸 有 人 。
许 三 多 无心 管 他 ， 一 脑袋 扎 进 了 成才 空 出 的 位置 ， 而 成才 冷静 而 不屑 地 站 在 一 群 情绪 激动 的 新兵 中间 ， 别人 如 被 夺 去 奶嘴 的 婴孩 ， 唯 他 鹤立鸡群 ， 如 他 在 车窗 下 高瞻远瞩 的 老 爸 。
于是 许 三 多 看见 车窗 下 哭 倒 了 架子 的 爸爸 ， 几乎 是 靠 在 村长 身上 的 。
许 三 多 ： 爸 ！
爸 ！
许百顺 惊喜 地 回应 ： 龟 儿子 ！
车 此时 就 开动 了 ， 两 条 人影 从 许百顺 飞 蹿 而 过 ， 一 记 巴掌 横 扣 在 许 百 顺 后脑 上 ， 打 得 他 弯 下 了 腰 。
那 两 人 往 空 落 处 奔逃 ， 是 那 两 位 闲 坏 了 脑子 的 混 混 ， 瞧 着 史今 也 上 了 车 ， 选择 这时候 来 做 个 无聊 的 报复 。
许 三 多 第一 个 反应 过来 ： 我 杀 了 你 ！
他 往 车窗 外 挣 ， 被 史今一 把 抱 了 回来 ， 许 三 多 狂怒 地 挣扎 ， 打 飞 了 史今 的 军帽 ， 史 今 一言不发 地 死死 抱 住 。
车 下 的 许百顺 发 一 声 吼 ， 照 着 那 两 浑 人 猛追 ， 也许 更 让 他 愤怒 的 是 居然 有 人 打扰 他 与 龟 儿子 的 惜别 。
村长 紧 追 在 后边 咋呼 ： 抓 牢 ！
抓 牢 ！
追赶 的 方向 与 车 行 的 方向 是 并 头 的 ， 在 史 今 怀里 挣扎 的 许 三 多 终于 看见 车 下 簇拥 的 人群 ， 父亲 和 两 个 年青 力 壮 的 人 在 人群 中 撕 巴 ， 但 村长 也 立刻 加入 了 战 团 。
许 百 顺 揪 着 一个 的 衣领 ， 被 另 一个 一 掌 打 在 脸上 ， 可 没 断 了 他 对 车上 的 嚷嚷 。
许百顺 ： 儿子 ， 好好 活 啊 ！
许 三 多 ： 爸 ！
喊 完 这 一 声 车 就 驶出 车站 了 ， 车站 的 墙 把 什么 都 隔 在 后边 。
许 三 多 终于 停止 了 茫然 的 挣扎 ， 但 一样 茫然 。
史 今 放开 他 ， 扔 起 帽子 戴 回头 上 。
许 三 多 ： 班长 。
史 今 看看 他 ， 又 看看 那些 望 着 他们 发愣 的 新兵 蛋 子 。
许 三 多 ： 我 想 回家 。
史今 轻轻 拍拍 他 的 脸颊 ， 本意 是 抚慰 ， 却 一 下 拍 出 许 三 多 郁积 的 哀伤 。
许 三 多 ： 你 听 见 了 吗 ？
我 爸 第一 次 叫 我 儿子 呀 ！
史今 把 眼前 这 大 孩子 搂 了 过来 ， 头 还 没 靠 到 史 今 肩上 ， 许 三 多 就 开始 哭 啦 。
越过 史 今 的 肩膀 ， 车窗 外 飞 掠 的 青 空 都 泛 着 泪 光 ， 许 三 多 轻声 地 嘟囔 ： 爸 。
３６ 、 车站 外 外 ／ 日 许 百 顺和 村长 是 互相 携 扶 着 出来 的 ， 许百顺 脸上 见 点 青 肿 ， 村长 比 他 好 点 ， 但 也 是 跟 人 动 过 手 的 样子 。
两 混 混 被 人 一 手 一个 叉 着 揪 出来 ， 叉 人 的 是 给 洪兴国 他们 开车 那 位 。
混 混 仍 是 一 脸 不 忿 ： 你 又 不 是 雷子 。
那 位 哈哈 一 乐 ： 要 找 事 来 人武部 找 我 老 陈 。
老山 下来 那个 。
炮弹 皮 当 锅盖 ， 地雷 当 球 踢 。
他 甩手 把 那 两 位 交给 了 赶来 的 县 警 。
许 百 顺和 村长 怏怏 地 往 回 家 的 方向 ， 那 路 不 近 ， 公交 ， 拖拉机 加 步行 。
村长 ： 那 是 人武部 长 。
许百顺 惊喜 了 一 小 下 ： 说 出去 都 不 信 。
县 领导 今儿 帮 咱们 打架 。
村长 只是 叹 口 气 ， 看 不 出 任何 荣幸 。
村长 ： 都 走 啦 。
百 顺 上 我家 喝 一 盅 吧 ？
许百顺 ： 我 家 吧 ， 我家 没 老婆 烦 。
村长 无精打采 地 ： 嗯 哪 。
许百顺 也 忽然 叹 了 口 长 气 ： 都 走 啦 。
村长 也 想 眼 着 再 叹 口 ， 但 拍 了 拍 许 百 顺 的 肩 ： 走 啦 ， 等 回来 就 都 换 个 人 啦 。
许百顺 ： 是 啊 是 啊 。
两 半 老头子 互相 抚慰 携 扶 着 往 家 去 。
３７ 、 列车 内 ／ 日 史 今 一 脸 晦气 地 进 另 一个 车厢 ， 在 一 堆 兵 中间 终于 找 着 了 他 要 找 的 卫生员 。
