史 今 不 会 表现 得 雷厉风行 ， 但 也 绝不 默 唧 ， 一 翩 腿 就 下 了 车 。
洪兴国 ： 六点 半 在 这 会合 。
史今 敬 了 个 礼 就 往 山上 开 步 了 ， 大概 用 了 两 秒钟 辨别 方向 。
司机 刚 反应 过来 ： 那 可 是 十一 华 里 山路 ！
史今 也 没 停 ， 只是 淡淡 一 乐 ： 我 是 步兵 。
司机 只好 回头 跟 洪 兴国 牢骚 ： 他 不 认识 路 ！
洪兴国 也 是 淡淡 一 乐 ： 他 是 侦察 连 的 步兵 。
老陈 ？
他 拍 了 拍 司机 的 肩 ， 那 是 开路 的 意思 。
１３ 、 公路 外 ／ 日 这里 也 有 辆 车 在 紧 赶 慢 赶 ， 驾驶 座 上 的 老 地主 让 开足马力 的 拖拉机 引擎 震 得 牙关 直 打 颤 ， 一 辆 拖拉机 居然 也 上 了 超 车道 ， 如同 一 枝 随时 要 折 掉 的 离 弦 之 箭 。
车斗 里 的 许百顺猛 拍 着 老 地主 头 上 的 车 篷 大 吼 ， 而 许 三 多 默然 地 看 父亲 追赶 自己 的 命运 。
许百顺 ： 加码 加码 ！
老 地主 也 大 吼 ， 那 倒 不 是 因为 焦急 或 愤怒 ， 纯 为了 那 要 老 命 的 劣质 引擎 。
老 地主 ： 再 加 成 两 截 啦 ！
你家 着火 啦 ？
许百顺 ： 你 不 懂 ！
那 狗 日 的 村长 有 个 驴 日 的 儿子 叫 成才 ， 成才 这 王 八日 的 今年 也 要 参军 ！
！
１４ 、 村长 家 内 .
日 屋里 满 当地 挤 了 人 ， 大部分 是 村长 家 的 亲戚 ， 史 今 汗流浃背 坐 在 中间 ， 应对 世故 似乎 比 应对 冲锋 更为 费劲 。
史今 ： …
…
我 必须 向 大家 解释 ， 家访 并 不 意味 入伍 ， 它 也 是 整套 招兵 甄别 程序 的 一部分 …
…
可 似乎 大 部分 人 关心 的 不 是 这个 。
村民 ： 那 你 这 士官 到底 算是 兵 还是 官 啊 ？
坦克 跟 拖拉机 是 不 是 一个 开 法 ？
你 一月 挣 多少 ？
史今 发现 他 如果 把 这些 问题 都 回答 完 就 不再 象 军人 ， 而 象 一个 姑婆 ， 所以 只好 艰难 地 正 襟 危 坐 ， 那 并 不 合 他 宽厚 的 本性 。
村长 有点 发急 ： 喂 ， 你们 ！
人 解放军 同志 是 来 家访 我家 成才 的 ， 不 是 让 你们 们 问 的 ！
史今 连忙 点头 。
村长 ： 你 问 你 问 。
成才 你 说 你 为 啥 想 当兵 ？
史今 ： 你 父亲 说 你 是 考 得 上 大学 的 ， 可是 选择 了 入伍 。
你 为什么 …
…
成才 没 给 他 机会 问 完 ， 干净利落 地 站 了 起来 ， 挺 精神 的 小伙子 ， 从 眼睛 到 身板 都 透 着 伶俐 。
他 是 个人 精 ， 但 这种 人 精 的 气质 也许 太 外露 了 一些 。
成才 ： 从 小 我 就 有 一个 伟大 的 理想 ， 那 就 是 参加 光荣 的 中国 人民 解放军 ！
遥想 当年 ， 长征 ， 抗战 ， 三大战役 ， 南昌 城头 燎 起 的 星星之火 烧 遍 了 整个 中国 ！
今天 ， 穿 上 神圣 的 军装 ， 接 过 前辈 的 钢枪 ， 我 热血 沸腾 ， 难以 自己 ， 保卫 祖国 ， 保卫 人民 ， 成为 百万 雄师 中 的 一 员 ， 如 溶入 大海 中 的 一个 小 水滴 …
…
那 有点 文 不 对 题 ， 确切 说 是 在 过于 流利 地 背诵 ， 史 今 莫名其妙 地 看 着 他 ， 不知 犯 了 什么 错 引发 出 这样 的 一番 感慨 。
成才 恭敬 谦和 ， 诚实 加 无辜 ， 史今 看 不 出 任何 结果 ， 只 听见 周围 一 片 不 绝 的 赞 声 。
史今 只好 点 了 点 头 表示 听到 － 于是 赞 声 也 就 越发 地 清晰 了 。
村民 ： 成才 这 小伙子 就 是 行 ， 跟 他 爹 一样 是 做 大事 的 。
就 是 ， 打 小 就 透 着 灵气 。
村长 脸上 荣光 绽放 ， 情 难 自控 下 开始 鼓掌 ， 这 一下 就 带 起 一 片 掌声 ， 掌声 渐 歇 时 村长 觉得 有些 不 对 。
许百顺 跟 人 多 大 仇 似 地 在 一边 瞪 着 。
村长 ： 百顺 兄弟 来 啦 ？
许 百 顺从 牙缝 里 崩 出 一个 “ 日 ” 字 来 ， 很 没 外交 风度 地 走 开 ， 许 三 多 蔫 头 搭 脑 地 跟着 ， 跟 成才 比 真是 云 泥 之 别 。
史今 ： 他 是 ？
村长 ： 村民 。
史今 只好 不 问 ： 我 还 得 家访 您 这 村 的 许 三 多 ， 您 能 给 说 个 路 吗 ？
村长 脸上 堆 足 的 笑 立时 二 去 其一 。
１５ 、 许百顺 家 外 ／ 日 许百顺 拉 着 许 三 多 一 古 脑 扎 进 院子 ， 便 开始 嚷嚷 。
许百顺 ： 一 乐 去 买 酒 ！
办 菜 ， 要 好 点 的 ！
（ 二 和 正好 从 屋里 出来 ） 死 剁 了 头 的 还 知道 回来 ？
在家 呆 着 ， 呆 会 解放军 来 了 大 棍子 打 晕 也 得 留住 ！
许二和 ： 什么 解放军 ？
许百顺 ： 就 是 龟 儿子 的 前程 ！
他 打 许 三 多 ， 那 形 同 招呼 ： 龟 儿子 跟 我 走 ！
许 三 多 ： 爸 ， 干 嘛 ？
许百顺 ： 成才 小子 一 惊 一 咋 的 蛮 有 名堂 ， 这 玩意 得 找 你 老师 学会 了 ！
他 冲 冲 出 门 ， 许 三 多 本能 地 跟 在 后边 。
１６ 、 村长 家 门外 外 ／ 日 史 今 从 村长 家 被 一班人 簇拥 着 出来 ， 一边 忙不迭 地 谢客 。
史今 ： …
…
不 吃饭 ， 绝对 不能 吃请 ， 这 是 明文规定 。
村长 ， 您 指 个 道 就 行 了 。
村长 ： 嗯 ， 下 山 这边 近 。
我 送 您 。
史 今 温和 地 坚持 着 ： 我 是 说 许 三 多 他 家 。
村长 ： …
…
村 西 口 那 家 ， 这 都 能 看见 。
（ 他 有 些 恼火 ） 都 回 啦 ！
跟着 干 啥 ？
被 秧 及 的 亲朋好友 们 终于 在 门外 却步 了 。
史今 ： 再见 。
谢谢 。
一 有 消息 会 马上 通知 你 的 ， 成才 同志 。
成才 乖巧 地 ： 我 会 一直 等 着 ！
史今 因此 又 仔细 看看 成才 ， 成才 并 不 回避 ， 他 目光 里 有 热切 的 东西 ， 但 未必 是 史今 希望 看到 的 那种 热切 。
史今 点点头 开 步 。
