袁朗 ： 核实 。
［ 吴 哲 检索 着 仪器 。
吴哲 ： 目标 毁灭 。
我军 炮火 四 分钟 后 将 覆盖 敌 表面 阵地 。
［ 他 操作 仪器 的 手指 忽然 停顿 了 一下 ， 露出 愕然 的 神色 。
吴哲 ： …
…
不 。
［ 他 用 一 种 发狂 的 速度 操作 着 仪器 ， 看 起来 有 些 失措 。
１５ 、 炼钢 厂 外 ／ 日 ［ 一个 敌军 出现 在 栈桥 从 车间 里 延伸 的 出口 ， 他 往 外 看 了 看 ， 空无一人 。
［ 他 还 试图 往 前 搜索 的 时候 ， 警报 凄厉 地 响起 ， 搜索 的 敌军 收 队 回师 ， 他 做 了 最后 一个 。
［ 镜头 从 栈桥 下移 ， 许 三 多 挂 在 那里 ， 他 两 手 各 握 着 步枪 的 一 端 ， 步枪 的 背带 挂 在 断 桥 一端 延伸 出来 的 铁 条 上 ， 那 是 他 没 直接 摔 下去 的 唯一 原因 。
［ 摇摇欲坠 的 平衡 。
而且 那 根 铁 条 已经 被 徒 增 的 重量 压 得 一点 点 下 弯 ， 枪 背带 也 在 一点 点 下滑 ， 当 它 滑 到 尽头 时 也 就是 许 三 多 摔 下去 的 时候 。
［ 许 三 多 一筹莫展 地 看 着 。
许三多 （ ＯＳ ） 我 又 干 傻事 了 ， 最 好 别 被 战友 们 看见 ， 他们 会 笑 掉 大牙 。
［ 又 下滑 了 一 小 段 ， 许三多 在 下滑 中 拼 力 保持 住 平衡 。
［ 他 看 着 一 米 多 开外 的 断 桥 支架 ， 他 也许 能 用 腿 够 上 它 ， 一旦 够 上 它 他 就 可以 找到 一个 新 支点 ， 把 自己 解脱 出 这个 窘境 。
许三多 （ ＯＳ ） 但是 总得 试试 。
［ 他 试图 用 脚 去 够 它 ， 那 看 起来 有 点 象 耍 杂技 ， 但 他 几乎 做到 了 。
［ 影视 中 主人公 常见 的 幸运 并 没 发生 在 我们 的 人物 身上 ， 在 脚 刚 触 到 支架 时 ， 枪 背带 也 彻底 脱离 了 它 的 挂 点 。
［ 许 三 多 平 伸 着 躯体 下落 ， 两 只 手 紧紧 抓 着 他 的 步枪 。
［ 结 结实 实 的 落地 ， 背部 着 地 ， 钢盔 和 背包 起 了 一定 的 缓冲 ， 但 那样 的 冲击 远 超出 人体 极限 ， 许三多 在 冲击 中 瞳孔 放大 ， 他 仍 呈 摔 落 时 的 姿势 ， 也 仍 抓 着 他 的 枪 ， 但 眼神 立刻 就 黯淡 下来 。
许三多 （ ＯＳ ） 我 又 干 傻事 了 。
［ 这 是 他 在 晕 眩 前 的 最后 一个 想法 。
老马 明显 是 噎 了 一下 ： 为 …
…
什么 ？
许 三 多 ： 因为 …
…
反 正在 圈 里 ， 反正 得 跑 圈 ， 这样 有意思 一点 …
…
（ 他 被 老 马 瞪 得 有些 发毛 ， 顺 时针 逆时针 地 划 着 手指 ） 这样 跑 不 容易 晕 …
…
跑 圈 嘛 ， 很 容易 晕 的 。
老 马 小声 地 嘀咕 ： 我 服 啦 。
他 起身 进 了 一 间 简陋 的 房间 ， 那 是 五 班 的 仓库 。
老马 脸上 乌云 密布 。
许 三 多 ： 而且 …
…
老 马 忍无可忍 地 回头 ： 什么 呀 ？
！
他 看 起来 想 Ｋ 人 ， 而且 如果 换 成 李梦之 流 的 厚 皮 一 族 ， 恐怕 早已 Ｋ 了 下去 。
许 三 多 ： …
…
这样 这 条 狗 可以 向 那 几 条 狗 学习 ， 学 他们 的 好 …
…
老 马 戟 指 着 五 班 的 宿舍 ： 那 几 条 狗 有 什么 好 能 让 你 学 吗 ？
他 进屋 ， 狠狠 摔 上门 。
许 三 多 往 宿舍 看 了 一 眼 ， 椅 在 桌边 ， 牌 在 桌上 ， 但 李 梦 几 个 都 不 在 。
看 许 三 多 的 表情 ， 他 似乎 刚 意识 到 那 四 条 狗 是 指 他 同 一个 锅 里 扒 饭 的 战友 。
许 三 多 看 着 桌上 那 摊 凌乱 ， 往常 他 的 第一 反应 是 立刻 过去 收拾 了 它们 。
１７ 、 五 班 仓库 内 ／ 日 老 马关 在 屋里 扒拉 着 几 件 简陋 的 工具 ， 许 三 多 怯怯 把 门 开 了 条 缝 。
许 三 多 ： 班长 …
…
老马 ： 好 了 好 了 。
我 道歉 ， 这 两 天 邪 火 大 ， 跟 你们 都 没 关系 。
许 三 多 ： 李梦 捡 到 一 只 羊 ， 他们 三 个 给 老乡 送 羊 去 了 。
老马 ： 我 知道 ， 我 准 的 假 。
他 竭力 让 自己 回到 平时 那样 ， 无所谓 有 无所谓 无 ， 心 事 很 重 但 老好人 一个 。
许 三 多 ： 我 、 我 又 明白 了 。
他 很快 听 到 老 马 重重 吞 下 一 口 空气 的 声音 ， 似乎 呼吸 被 空气 噎 到 。
许 三 多 就 越发 胆怯 ： 我 知道 我 总是 把 事情 搞 错 ， 而且 我 笨 ， 每 次 就 能 明白 那么 一点 点 。
五 班 最 怕 软 话 的 人 叫 老马 。
老马 就 立刻 把 那 口 气 吐 出 来 ， 赶紧 往 回 收 。
老马 ： 没有 啦 。
你 认真 思考 是 很 好 的 ， 只 是 有点 …
…
想 得 太 多 了 。
许 三 多 ： 可 我 刚才 还 是 想 明白 了 。
老马 只好 没 精 打 彩 地 鼓励 ： 哦 。
想 明白 了 什么 ？
许 三 多 很 认真 ， 认真 到 说话 都 有 点 一 字 一 顿 ： 打 扑克牌 是 不对 的 。
老 马 做好 了 再 被 噎 一下 的 准备 ， 可 这 回 他 结 结实 实 被 吓 了 一 跳 ： 打 、 打 扑克牌 有 什么 不 对 ？
价廉物美 ， 又 能 动 脑 又 能 打发 时间 。
不 不 ， 许 三 多 我 必须 跟 你 说 清楚 ， 现实 的 讲 ， 扑克牌 是 五 班 的 根本 ， 因为 它 需要 四 个 人 齐心协力 ， 尤其 在 这种 环境 下 ， 有助于 维护 集体 的 团结 。
许 三 多 眼 光光 地 看 着 他 ， 老马 被 看 得 有些 赧 然 ， 现实 的 道理 很多 时候 听 起来 就是 歪理 。
许 三 多 ： 哦 。
他 哦 得 茫然 ， 因为 不 信服 。
老 马 叹 叹 口 气 ， 他 不 大 自信 ： 我 在 找 一 种 五 个 人 的 玩牌 方法 ， 这样 你好 和 大家 打成一片 。
这 事 上 许 三 多 坚定 得 不 象 许 三 多 ： 我 不 玩 。
