…
我 说 班长 ， 咱们 还是 回去 吧 ？
老马 忽然 间 得 了 很 大 的 理 ： 回去 可以 ！
谁 也 别 在 这 事 上 跟 我 抱怨 啦 ！
他们 喘 着 气 ， 点 着 头 。
５． 五 班 驻地 外 ／ 日 五 班 拉 回来 ， 那 四 个 除 班长 还 生 挺 一下 外 ， 其余 都 如 劈 了 胯 的 山羊 。
许 三 多 在 门外 就 站住 了 。
许 三 多 ： 班长 ， 我 去 看看 咱们 那 路 ！
几 个 人 沉默 一会 ， 互相 看看 。
李梦 ： 去 吧 去 吧 。
老 马 苦笑 ： 快 去 吧 。
６． 草原 外 ／ 暮 一 条 新 铺 的 路 ， 三 双脚 小心翼翼 地 在 路面 外 行走 ， 忽然 有 一 双 脚 横 过 来 狠狠 一 脚 踢 得 石 屑 飞溅 。
李梦 和 薛林 都 神情 古怪 地 看 着 站 在 路面 上 的 老魏 。
老魏 又 得意 又 慌张 ， 他 做 了 一 件 明知 不 该 但 很 想 做 的 事情 。
李梦 ： 老魏 ， 你好 阴险 啊 。
老魏 ： 嘿嘿 。
李梦 ： 你 踢 一 脚 管 什么 用 啊 ？
你 踩 它 ， 路 修 出来 就 是 让 人 踩 的 ， 它 巴不得 你 踩 它 。
老魏 又 狠 踩 ， 在 五 班 要 排 智力 他 大概 倒数 第二 ， 许 三 多 倒数 第一： 我 踩 它 ？
我 恨不得 …
…
李梦 ： 怎么样 ？
老魏 ： 挖 了 它 ！
他 被 自己 吓 了 一 跳 ， 看看 那 两 个 ， 那 两 个 也 看 着 他 。
７． 五 班 宿舍 内 ／ 夜 黑漆漆 的 宿舍 里 忽然 亮 起 一个 手电 灯光 ， 照 到 李梦 阴 笑 着 的 脸上 。
那 是 李梦 自己 照 自己 ， 他 尽量 让 自己 看上去 很 坏 。
李梦 ： 半夜 鸡 叫 ， 长工 们 起床 ！
那 俩 可 都 没 睡 ， 一骨碌 起来 。
老魏 ： 班长 不 会 回来 吧 ？
李梦 ： 傻 。
他 那 老 革命 ， 查 完 库房 查 厨房 ， 不 折腾 两 小时 对 不 住 他 这 床 。
老魏 ： 回头 …
…
回头 我 还 得 换 许木木 的 岗 呢 。
李梦 ： 干 完 了 你 回来 接着 睡 ， 让 木 木 叫醒 你 ， 这 叫 制造 不 在 犯罪 现场 证据 。
老 魏 吓 一 跳 ： …
这 算 犯罪 呀 ？
李梦 ： 当然 不 算 ！
薛林 ， 他 不 敢 咱 俩 去 ！
…
…
薛林 ？
薛 林 深思熟虑 地 ： 我 想 把 脸 蒙 上 。
李梦 快 气 疯 了 ： 就 这么 五 个 人 ！
你 露 瓣 屁股 人 也 认得 出来 呀 ！
薛林 ： 说 得 是 。
我 再 考虑 一下 。
李梦 ： 你们 都 不 敢 去 我 自 已 去 ！
他 走 到 门口 又 站住 ， 因为 本 以为 那 俩 会 被 激 出来 ， 他 很 心虚 地 看看 那 两 人 。
李梦 ： 你们 就 这么 靠不住 呀 ？
薛林 ： 你 不 是 要 自己 去 吗 ？
李梦 ： 我 傻 呀 ？
说 好 了 有 难 同 当 。
薛林 ： 你 还 说 这 是 傻话 呢 。
李梦 ： 你 是 不 是 想 跟 我 扯皮 到 天亮 ？
薛 林 想想 也 不 是 个 办法 ： 走 吧 。
我 不 想 明天 晚上 还 这么 折腾 。
老魏 ？
老 魏 犹豫 着 下 床 ： 那 就 走 。
很 沮丧 的 样子 。
８ 、 五 班 驻地 外 ／ 夜 三 个 人 走 在 自己 的 驻地 却 象 三 个 贼 ， 手电 用布 蒙 着 ， 然后 发现 这 纯属 多余 ， 因为 这 天 晚上 月光 实在 太 好 了 ， 路面 上 的 黑 石头 泛 着 月光 ， 白 石头 泛 着 月光 ， 铜 矿石 放 着 金属 的 光 。
忽然 间 很 平静 ， 平静 一向 与 这 几 个 浮躁 家伙 无缘 ， 但 今天 晚上 忽然 降临 到 他们 头 上 。
他们 愣 了 很 久 。
最 愚钝 的 老魏 说 出 最 直接 的 感觉 ： 好看 。
李 梦 硬着头皮 ： 咱们 这 片 荒原 一向 好看 。
薛林 ： 那 你 平常 咋 看不到 ？
李梦 ： 我 看到 了 也 不 说 好 吗 ？
我 把 美好 的 都 藏 在 心里 ， 我 把 …
…
薛林 冲 他 大大 地 嘘 了 一 声 ， 不 是 表示 轻蔑 ， 是 希望 他 安静 。
于是 安静 ， 于是 又 呆 呆 看 着 。
美好 不 一定 是 藏 在 心里 的 ， 等 把 它 掏 出来 时 谁 也 不 知道 捂 成 了 什么 样子 ， 但 眼前 这 小小的 奇迹 却 与 那 两 字 沾 了 点 边 。
薛林 ： 他 娘 的 活 见鬼 了 。
老魏 ： 怎么 ？
薛林 ： 这 地方 我 种 盆 花 都 种 不 活 ， 他 把 花 栽 在 土 里 倒 冒 芽 了 。
确实 是 ， 几 个 花苗 已经 在 路边 冒 了 头 。
又 看 。
李梦 ： 他 种 花 是 傻 种 ， 铺路 也 是 傻 铺 。
薛林 ： 嗯 ， 我们 都 很 聪明 。
他 不 是 反驳 ， 更 多 的 是 伤感 。
最 愚钝 的 老魏 又 说 几 个 人 最 不 想 说 的 话 ： 还 挖 吗 ？
李梦 ： 挖 ？
薛林 ： 别 挖 到 花 了 。
李梦 很 想 说 句 刻薄 话 ， 但 忽然 觉得 气氛 很 温柔 ， 他 说 不 出来 。
于是 李 梦 看看 薛林 ， 薛 林 看看 李梦 ， 他们 又 看看 手上 的 镐 。
老 魏 相对 专心 一点 ， 他 打算 一 镐 挖 下去 ， 于是 那 两 个 人 就 都 看 着 他 ， 有点 紧张 有点 期待 ， 更 多 的 是 怕 他 就 一 镐 挖 了 下去 － 那 往 下 可 就 不 知道 怎么 收拾 ， 面子 问题 。
老魏 忽然 把 举 了 半截 的 镐 一下 扔 了 。
老魏 ： 说 心里话 ， 三 呆子 铺 他 的 路 ， 跟 我们 有 什么 相干 ？
要 能 找到 条 河 ， 许 木 木 就算 要 造 座 桥 又 干 我们 屁 事 呀 ？
他 名字 里 本来 就 有 嘛 ， 他 叫 许 三 多 嘛 ， 就 是 做 些 多余 事 嘛 。
薛 林 吁 口气 ： 对 呀 ， 我们 就 是 吃 饱 了 撑 着 的 。
他 看看 李梦 ， 等 他 反驳 。
李梦 忽然 觉得 很 轻松 了 ： 是 啊 ， 跟 傻瓜 认 什么 真 呀 ？
他 看看 薛林 ， 等 他 反驳 。
