２８． 钢 七 连 连部 日 ／ 外 ［ 钢 七 连 的 值日 兵 都 和 别处 不 一样 ， 离 老远 便 站 起来 ， 一个 干脆 有声 的 敬礼 ， “ 敬礼 ” 两 字 崩 得 楼道 都 回音 叠 叠 。
［ 弄 得 白 干 事 不得不 老远 便 把 手 举 到 眉 际 。
白 干 事 ： 七连长 在 吗 ？
值日 兵 ： 连长 在 车场 保养 ， 指导员 在 食堂 检查 卫生 。
首长 有 需要 我 立刻 通知 ！
白 干 事 （ 让 这 兵 的 一丝不苟 弄 得 有 点 没 脾气 ） 没 事 没 事 ， 我 跟 这 等 着 。
［ 许 三 多 有 点 不知所措 地 打量 着 这个 连队 的 外围 ， 整洁 得 不近人情 ， 连 操场 上 晾 的 鞋 都 全 朝着 一个 方向 ， 几 个 兵 一言不发 地 在 练习 单杠 大 回 环 。
他们 的 背景 居然 是 一 面 影壁 上 写 的 整 篇 士兵 入伍 宣言 ， 全 中国 的 连队 恐怕 都 很 少 有 几 个 这么 干 。
［ 两 面 带 着 穗 的 钢 七 连 旗帜 交 插 在 进 连部 的 第一 道 墙上 ， 一面 “ 浴血 先锋 钢 七 连 ” ， 一面 “ 装甲 猛虎 钢 七 连 ” ， 一个 连队 的 旗帜 做 得 如此 精致 ， 似乎 正 说明 了 这个 连队 的 一 种 殊荣 。
［ 墙上 写 了 几 个 笔 走 剑 风 的 大字 ： 练 ， 练 ， 接着 练 ！
［ 他们 的 连长 不 喜欢 文绉绉 。
值日 兵 ： 报告 首长 ， 连长 回来 了 ！
［ 连长 高城 和 三 班长 史今 、 三 班 副 伍六一 从 外边 进来 ， 这 位 连长 的 军纪 到达 这种 地步 ， 按照 双人 成 列 ， 三 人 成行 的 规定 ， 他 和 两 位 班 干部 走 路 是 列 着 队 的 。
白 干 事 （ 伸手 ） 高 连长 …
…
［ 高 城 的 回应 是 敬礼 ， 白 干 事 只好 把 手 缩 了 回去 ， 如果 野战 部队 丝毫 不 让 的话 ， 机关 人员 确实 有 些 无所适从 。
白 干 事 ： 团长 给 钢 七 连 推荐 了 个 兵 ， —— 好 兵 ！
团长 特 喜欢 这 兵 …
…
［ 语气 里 很 有些 吹嘘 和 推销 的 热情 。
高 城 的 眼睛 则 毫不 打 弯 地 直 落 到 许 三 多 身上 ， 史今 的 目光 也 扫 了 过来 ， 前者 毫不 掩饰 地 错 愕 和 恼火 ， 后者 有些 亲切 和 久别重逢 的 感情 ， 当然 ， 也 许多 诧 然 。
高 城 ： 许 三 多 ， 你 是 个 好 兵 吗 ？
许三多 （ 顿时 蜷 了 下去 ） …
…
我 不 是 。
［ 唯一 能 让 他 还 没 掉头 就 跑 的 ， 是 史 今 温和 的 目光 。
２９． 连部 过道 外 ／ 日 ［ 许 三 多 和 他 的 行李 委 委屈 屈 地 蜷 在 过道 里 ， 过往 的 士兵 很多 ， 基本上 把 他 当成 透明 的 。
［ 七 连 指导员 洪 兴国 过来 ， 诧异 地 看看 他 。
洪兴国 ： 你 是 团部 推荐 来 的 那 个 兵 ？
为什么 不 回 你 的 宿舍 ？
许 三 多 ： 还 没 分 …
…
没 分配 。
连长 正 商量 …
…
洪兴国 ： 商量 什么 ？
许三多 （ 嗫 嚅 着 ） 我 想 …
我 猜 …
是 要 不 要 我 。
３０． 连部 会议室 内 ／ 日 ［ 屋里 本来 就 空旷 ， 高 城 的 大嗓门 更 带 出 嗡嗡 的 回声 。
高 城 ： …
…
不要 ！
没 考虑 就 不要 ， 考虑 过 了 更加 不 要 ！
转 个 大 半 年 ， 他 胡汉三 倒 又 杀 回来 了 ！
我 管 他 跟 团长 是 什么 关系 ？
简言之 钢 七 连 的 门 对 这个 兵 永远 关闭 ！
战斗力 不 凭 个人 好恶 决定 ， 我 现在 就 出去 跟 他 说 ： 向 后 转 ， 起 步 走 —— 哪 来 的 回 哪儿 去 ， 钢 七 连 容 不 下 举手 投降 的 兵 ！
史今 （ 竭力 拦 着 ） 团长 那边 …
…
高 城 ： 团长 没 发言权 ！
他 比 我 了解 我 的 连队 ？
这里 都 是 我 一个 一个 选 的 ， 这 连 的 勇气 是 一个 一个 激 出来 的 ！
知道 什么 叫 一 颗 老鼠 屎 坏 了 一 锅 汤 吗 ？
一 颗 老鼠 屎 …
…
洪兴国 （ 进来 ） 你 干 嘛 这么 反感 这个 兵 呢 ？
高 城 ： 因为 我 记忆犹新 ， 你 是 无 福 得 见 ， 他 被 自家 的 坦克 吓 得 …
…
这 动作 我 都 做 不 出来 …
…
举手 投降 ！
他 举手 投降 ， 你 知道 吗 ？
洪兴国 ： 既然 你 这个 反应 …
…
高 城 ： 别 说服 我 ， 指导员 同志 还 是 去 跟 兵 多 做做 说服 工作 。
洪兴国 ： 没 人 要 说服 你 。
我 带 他 回去 ， 跟 团长 好好 陈述 理由 。
高 城 ： 没 理由 。
你 跟 团长 说 ， 咱们 不要 投降 兵 。
史今 ： 指导员 您 等 会 。
连长 …
…
高 城 ： 怎么 啦 ？
这 兵 是 你 招 的 ， 你 也 知道 他 是 个 什么 货色 。
史今 ： 我 想 要 这个 兵 。
［ 高 城 冷淡 地 看 着 他 ， 一个 永远 热情 的 家伙 冷淡 起来 有 点 吓人 。
高 城 ： 我 跟 你 说 过 。
而 那 种 顾虑 到 现在 还 是 一样 。
史今 ： 我 知道 ， 所以 您 这么 大 火气 。
（ 他 顿 了 顿 ） 可 我 还是 想 要 他 。
高城 （ 他 的 目光 更 冷 了 ） 理由 。
史今 ： 没有 理由 。
我 就是 想 要 这个 兵 ， 我 不 能 不 要 这个 兵 。
我 保证 把 他 带 好 。
高 城 ： 这 不 是 理由 。
史今 ： …
…
我 欠 他 。
高 城 ： 欠 什么 ？
史今 ： 一个 应 许 。
高 城 ： 什么 东西 ？
［ 他 几乎 是 在 吼 ， 实际上 史 今 也 被 他 吼 得 立正 了 。
史今 ： 答应 ！
期 许 ！
是 承诺 ！
连长 ！
高城 （ 更加 暴怒 ） 你 在 外边 瞎 答应 人 什么 话 ？
史今 ： 没 说 ！
是 在 心里 说 的 ！
连长 ！
－ 就 象 七 连 的 人 在 心里 对 您 说 ： 连长 ， 让 七 连 更 象 样 ！
跟 这 一 样 ！
连长 ！
［ 高 城 这 回 犹豫 了 一下 ， 想 了 想 ， 语气 也 柔和 了 一些 。
