表 １ 模型参数 拟合 结果 驱动 尺度 模型参数 通过 历史 资料 分析 ， 在 这 一 历史 阶段 ， 研究 区域 处于 低密度 连续 蔓延 的 扩展 模式 ， 扩展 速度 较 快 ， 由于 规划 政策 等 对 城市 发展 估计 不足 ， 规划 和 政策 的 干预 力度 较 小 。
从 表 １ 中 这 时期 各项 参数 来看 ， 邻域 权 重 和 遗传 权 重 之和 达到 ０． ８ 以上 ， 规划 和 政策 干预 介于 ０． ６ 与 ０． ７ 之间 ， 随机 扰动 项 大于 １． １ ， 这些 参数 的 取值 符合 该 时期 的 发展 特征 。
１９９５—２００５年 拟合 统计 结果表明 ， 整个 区域 所有 用地 类型 的 匹配 率 ＭＲ 为 ９３． ０％ ， Ｋａｐｐａ 系数 为 ０． ８９６ ， 满足 拟合 精度 。
部分 关键 参数 拟合 结果 见 表 １ 。
这 一 阶段 大连 新城区 仍 处于 低密度 延续 蔓延 阶段 ， 交通 和 发展 核 的 集聚 作用 已 比 前 一 阶段 有所 提高 ； 金州 城区 渐渐 由 横向 扩张 转为 纵向 发展 ， 趋于 紧凑 ， 经济 开发区 的 快速 发展 也 带动 了 居民 生活 、 第三 产业 的 集聚 ， 因此 综合 来 看 这 一时 期 城市 发展 速度 适中 ； 与 前 一 阶段 相比 ， 规划 和 相关 政策 的 实施 力度 有 了 很 大 的 提高 ， 规划 政策 干预 强度 加大 。
从 表 ２ 中 这 时期 各项 参数 来看 ， 邻域 权 重 和 遗传 权 重 之 和 不足 ０． ７ ， 规划 和 政策 干预 均 在 ０． ５ 左右 之间 ， 随机 扰动 项 为 ０． ９４ ， 这些 参数 的 取值 符合 该 时期 的 发展 特征 。
表 ２ 预测 情景 参数 取值 基于 对 以上 ２ 个 历史 时期 的 发展趋势 分析 可知 ， 在 ２００５年 到 ２０２０年 间 ， 随着 用地 逐渐 紧张 ， 研究 区域 将 逐渐 结束 以 低密度 延续 蔓延 的 空间 扩展 模型 ， 转而 以 发展 核 或 发展 轴 为 中心 的 聚集 的 空间 扩展 模式 。
随着 社会 经济 的 发展 ， 规划 政策 的 制定 更为 理性 、 更 趋于 合理 。
在 新 的 发展 时期 ， 该 区域 的 规划 政策 干预 力度 不 应 低于 前 一个 发展 时期 ， 设计 情景 时 考虑 ２ 类 规划 政策 干预 力度 ， 即 政府 干预 强度 适中 、 政府 干预 强度 较 高 。
对于 新城区 而言 ， 未来 的 十几 年 内 是 其 发展 的 重要 时期 。
因此 ， 在 这 一 发展 时期 ， 该 区域 城市 发展 速度 应 较 快 ， 设计 情景 时 考虑 ２ 类 发展 速度 ， 即 中 速 发展 情景 、 快速 发展 情景 。
中 速 发展 情景 下 ， 随机 扰动 项 取 １． ０ ， 快速 发展 情景 下 ， 参考 １９８６—１９９５年 发展 时期 ， 随机 扰动 项 取 １． １ 。
综合 以上 判断 ， 选取 ４ 类 城市 未来 典型 发展 模式 ， 构建 以下 ４ 个 情景 ： 情景 １ 同心圆 、 组团 式 发展 模式 ， 干预 强度 高 ， 发展 速度 适中 。
情景 ２ 同心圆 、 组团 式 发展 模式 ， 干预 强度 适中 ， 发展 速度 快 。
情景 ３ 沿 主要 对外 交通 轴线 带 扩展 模式 ， 干预 强度 高 ， 发展 速度 适中 。
情景 ４ 沿 主要 对外 交通 轴线 带 扩展 模式 ， 干预 强度 适中 ， 发展 速度 快 。
各 情景 参数 取值 见 表 ２ 。
２． ３ 案 例 城市 未来 发展 空间分布 特征 分析 结合 情景 设计 结果 ， 针对 各个 预测 情景 ， 运用 模型 模拟 ２００５年 至 ２０２０年 大连市 新城区 的 土地 利用 变化情况 。
结果 如 图 ２ 所 示 。
图 ２２０２０年 大连市 新城区 土地 利用 空间 扩展 预测 结果 从 图 ２ 中 可知 ， 情景 １ 和 情景 ２ 沿 原有 城市 集聚 区 扩展 、 新 增 用 地 发展 较为 紧凑 ， 体现 这 ２ 类 情景 遵循 同心圆 、 组团 式 发展 模式 ； 情景 ３ 和 情景 ４ 呈现 沿 沈 大 高速公路 拓展 的 发展 形态 ， 体现 这 ２ 类 情景 遵循 沿 主要 对外 交通 轴线 带 扩展 的 发展 模式 。
从 表 ３ 可以 看出 ， 情景 ２ 的 用地 总量 比 情景 １ 多 这 体现 了 这 ２ 类 情景 在 发展 速度 及 政府 干预 强度 的 差异 ： 发展 速度 越 快 ， 规模 扩张 越 大 ； 政府 干预 越 弱 ， 发展 约束 越 小 。
还 可 看出 ， 情景 ３ 相 较 于 情景 １ ， 情景 ４ 相 较 于 情景 ２ ， 城镇 用 地 量 差异 不 大 ， 但是 工业 用 地 量 明显 较 大 ， 这 是 由于 交通 效应 较 集聚 效应 对 工业 发展 的 影响 更 积极 ， 沿 主要 对外 交通 轴线 带 扩展 模式 更 有利于 工业 的 快速 发展 。
总的来说 ， 情景 预测 的 结果 符合 模式 的 设计 特征 ， 在 城市 空间 管制 上 ， 需 关注 前面 提及 的 重点 发展 区域 ， 特别 是 交通 沿线 、 海岸线 等 出现 大量 工业 用 地 的 区域 ， 以及 建设 用地 对 滩涂 水域 的 侵占 。
３ 结论 本 研究 以 ＣＡ 模型 为 基础 ， 系统 构建 了 城市 土地 利用 模拟 模型 ， 并 在 大连市 新城区 进行 案 例 应用 。
将 驱动力 分为 宏观 、 中 观 与 微观 这 ３ 个 尺度 ， 分别 进行 驱动力 量化 并 构建 耦合 作用 函数 作为 ＣＡ 转换 规则 。
结合 ＭＣＳ 和 ＬＨＳ 方法 ， 提高 了 复杂 模型参数 率 定 的 效率 。
对 １９８６—１９９５年 、 １９９５—２００５年 这 ２ 个 历史 时期 分别 进行 拟合 ， 通过 拟合 结果 分析识别 了 模型参数 与 城市 发展 特点 的 关联性 ， 解决 了 ＣＡ 模型参数 的 时间 效应 性 。
运用 该 模型 模拟 了 ４ 种 不同 发展 情景 下 ２０２０年 土地 变化情况 。
