http:/. im. ac. cn. 3 微生物学 通报 SezAT 的 活性 测定 2012 , Vol. 39 , No. 210 、 12 均 为 PCR 阳性 , 泳道 13 、 14 可见 同源 臂 为 检测 SezT 和 SezA 的 毒性 和 抗 毒性 作用 , 外侧 引 物 OUT - F 的 PCR 产物 片段 有 大小 差异 , 我们 将 这 两 个 编码 基因 分别 克隆 在 含有 PBAD 和 因为 原来 的 sezT 基因 ( 774bp ) 被 置换 成 了 更 大 的 Plac 双 启动 子 的 pJS298 质 粒 上 ( 图 3A ) 。
含有 壮观 霉 素 基因 ( 1130bp ) 。
将 野生 株 和 突变 株 pJS298 空 质 粒 的 细菌 , 无论 加入 IPTG 还 是 阿拉 OUT - F 扩 增 产物 克隆 pMD19 - T 后 送 测 序 , 结 伯 糖 诱导 , 其 生长 繁殖 与 BL21 无 明显 差异 。
含 果 也 明确 显示 sezT 被 壮观 霉 素 基因 替换 。
然而 , pJS - A 质 粒 的 菌 株 , 在 加入 IPTG 后 细菌 的 生长 未 经过 筛选 近 800 余 个 转化 子 , 我们 均 未 能 获得 整 受 影响 。
含有 pJS - AT 的 菌 株 , 如 图 3B 所 示 , 在 个 sezAT 编码 基因 敲 除 的 突变 株 。
均 不 加 IPTG 或 阿拉伯 糖 ( ?
, ?
) 或 只 加入 IPTG ( I , ?
) 的 情况 下 , 细菌 能 正常 生长 , 而 当 只 加入 阿拉伯 3 讨论 糖 ( ?
, A ) 时 , 细菌 生长 明显 受 限 , OD600 值 在 加入 阿 TA 系统 最初 发现 于 细菌 低 拷贝 质 粒 中 [ 13 ] , 拉 伯 糖 后 1 ?
3h 急剧 下降 , 3 ?
6h 内 OD600 维持 在 在 细菌 生长 繁殖 中 发挥 稳定 低 拷贝 质 粒 的 作 0. 4 ?
0. 5 低 值 , 表明 加入 阿拉伯 糖 诱导 SezT 毒素 用 , 若 细菌 在 分裂 时 丢失 该 质 粒 则 子代 细菌 不 发挥 毒性 对 细菌 生长 起 抑制 作用 。
当 SezA 与 能 存活 , 所以 又 叫 细菌 分裂 后 杀伤 系统 SezT 同时 诱导 表达 ( I , A ) 时 , 未 出现 明显 的 细菌 生 ( Post - segregationalkillingsystem ) 。
根据 抗毒素 的 长 受限 ( 图 3B 、 3C ) , 说明 SezA 可 中 和 SezT 对 细 性质 可 将 TA 系统 分为 两 型 : I 型 TA 系统 其 抗 毒菌 生长 的 毒性 作用 。
不同 于 ( ?
, ?
) 和 ( I , ?
) 组 的 是 , 素 基因 编码 产物 为 反 义 RNA , 如 在 hok 系统 ( I , A ) 组 的 OD600 值 稍 低 , 可能 原因 是 两 种 诱导 剂 中 , mok 是 hok ( 毒素 ) 翻译 必须 的 蛋白 , sok ( 抗 毒 及 启动 子 诱导 表达 水平 不一 , 导致 SezT 仍 发挥 素 基因 ) 通过 转录 出 反 义 RNA 来 抑制 mok 的 翻译 , 。
通过 对 从而 拮 抗 hok 基因 的 活性 [ 4 ] ; II 型 TA 系统 的 抗 毒 每 一时间 点 的 菌 液 稀释 涂 板 进行 活 菌 计数 , 所得 素 实质 为 蛋白质 , 该 蛋白 通过 与 毒素 蛋白 结合 形 结果 与 OD600 检测 数据 吻合 , 单纯 诱导 表达 SezT 成 稳定 无毒 的 复合物 以 中 和 毒性 作用 。
在 已 研究 的 活 菌 数 比 同 时间 点 的 其他 组 细菌 都 少 许多 ( 图 的 II 型 TA 系统 中 , 抗毒素 蛋白 的 半衰期 相对 于 3D ) , 而 同时 诱导 两 种 蛋白 表达 的 细菌 计数 与 毒素 蛋白 都 更 短 , 这 可能 与 细菌 中 一些 特 异性 蛋 ( ?
, ?
) 和 ( I , ?
) 组 相比 无 明显 差异 。
白 酶 如 Lon 或 Clp 等 可 降解 抗毒素 蛋白 以及 蛋白 2. 4 毒素 编码 基因 sezT 的 敲 除 为 进一步 验证 SezAT 的 生物学 功能 , 我们 构 本身 空间 构 象 和 热 稳定性 相关 [ 14 ?
15 ] 。
因为 抗毒素 建 了 敲 除 质 粒 pUC::sezT 和 pUC::sezAT , 电 转化 持 抗毒素 蛋白 的 表达 以 求 平衡 , 所以 TA 系统 又 05ZYH33 感受 态 细菌 , 结果 我们 筛选 48 个 转化 称为 成 瘾 模块 ( Addictionmodules ) 。
部分 作用 使得 细菌 生长 繁殖 相对 缓慢 [ 12 ] 蛋白 降解 快 , 为 中 和 更 稳定 的 毒素 蛋白 , 只有 维子 便 得到 了 3 株 sezT 敲 除 的 突变 株 ( Δ sezT ) , 阳性 近年 研究 发现 TA 系统 不仅 存在 质 粒 中 , 在 率 6. 25% 。
如 图 4B 所 示 , 野生 株 05ZYH33 因 含 真 细菌 和 古 细菌 基因组 中 都 存在 数量 庞大 的 TA 有 sezT 基因 而 不 含 壮观 霉 素 基因 , 故 泳道 1 、 3 、 系统 。
基因组 序列 分析 发现 , 在 硬 壁 菌 门 的 细菌 5 为 PCR 阳性 , 而 泳道 7 、 9 、 11 均 为 PCR 阴性 ; 基因组 中 TA 系统 的 拷贝 数 相对 要 低 [ 16 ] 。
2009年 在 Δ sezT 敲 除 突变 株 中 , 因 sezT 被 壮观 霉 素 基因 Makarova 团队 通过 分析 750 个 完整 的 基因组 , 发 取代 , 故 泳道 2 、 4 、 6 为 PCR 阴性 , 而 泳道 8 、 现 这些 基因组 中 可能 存在 高 达 12 种 全新 的 毒素 http:/. im. ac. cn 王敏 等 : 高 致病 性 2 型 猪 链球菌 毒素 - 抗毒素 系统 SezAT 的 鉴定 与 活性 研究 图 3Fig. 3199SezAT 的 活性 测定 ActivitydeterminationofSezAT 注 : A: 重组 质 粒 pJS - AT 结构 示意图 , pJS298 为 空 质 粒 , pJS - AT 为 分别 插入 sezA 和 sezT 的 重组 质 粒 ; B: 加入 不 同 诱导 剂 ( IPTG/ 阿拉伯 糖 ) 后 E. coliBL21 ( pJS - AT ) 的 生长 曲线 ; C: 加入 诱导 剂 3h 后 细菌 的 生长 状态 ; D: 加入 诱导 剂 3h 后 取 细菌 ( 10 ?
3 ) 涂 板 .
其中 “ I ” 代表 IPTG , “ A ” 代表 阿拉伯 糖 , “ ?
” 代表 未 加入 诱导 剂 .
Note:A:PhysicalmapofthepJS298plasmidandthepJS - ATrecombinantplasmidwithclonedsezAandsezT. B:GrowthcurvesofE. coliBL21harboringpJS - ATwiththeadditionofdifferentinducers ( IPTG ) .
C:GrowthstatesofE. coliBL21 ( pJS - AT ) inLBmediumafter3hinductionwithdifferentinducers. D:GrowthstatesofE. coliBL21 ( pJS - AT ) onKanaLBagarplate ( 10 ?
3dilutions ) after3hinductionwithdifferentinducers. “ I ” , “ A ” , and “ ?
” representIPTG , arabinose , andneither , respectively. http:/. im. ac. cn 微生物学 通报 2012 , Vol. 39 , No. 2 图 4 敲 除 突变 株 Δ sezT 的 构建 及 鉴定 Fig. 4 注 : Constructionandconfirmationanalysisoftheknockoutmutantstrain Δ sezT A: 毒素 基因 sezT 的 敲 除 策略 , 同 源 重组 后 sezT 被 壮观 霉 素 基因 盒 ( SpcR ) 替换 ; B:sezT 基因 敲 除 突变 株 ( Δ sezT ) 的 多重 PCR 验证 , 单数 泳道 ( 1 , 3 , 5 , 7 , 9 , 11 , 13 ) 的 PCR 模板 为 野生 株 05ZYH33 基因组 DNA , 双数 泳道 ( 2 , 4 , 6 , 8 , 10 , 12 , 14 ) 的 PCR 模板 为 突变 株 Δ sezT 基因组 DNA , 所 用 PCR 引 物 标注 于 各 泳道 上方 .
