淋洗 液 浓度 过 低 ， 各 离子 出 表 1 不同 淋洗 液 浓度 下 总 磷 的 保留 时间 、 分离 度 和 峰 面积 3 " 峰 时间 较 长 ， 灵敏度 较 低 ， 并且 PO4 不易 从 Table1Retentiontime ， resolutionandpeakareaoftotalphospours 分析 柱 中 洗 脱 ， 导致 前 一 次 分析 的 样品 中 （ TP ） atdifferentconcentrationsofeluent3 " PO4 残留 在 下 一 次 样品 中 ， 出现 叠加 ， 影响 淋洗 液 Aluent 保留 时间 峰 面积 Peakarea （ !
smin ） 19． 822． 030． 6019． 691． 720． 614． 50 / 0． 8019． 431． 380． 614． 50 / 1． 00 总 磷 准确 测量 。
当 淋洗 液 浓度 为 4． 50 / 1． 00mmol 时 ， 出 峰 时间 虽然 缩短 ， 但 分离 效果 分离 度 Resolution19． 381． 260． 58Na2CO3 （ mmol ） Retentiontime （ min ） 4． 00 / 0． 504． 00 / 0． 802 " PO3 " 差 ， 干扰 了 总 磷 的 测 4 和 SO4 谱 峰 重叠 ， 定 。
综合 比较 分离 度 和 保留 时间 ， 最终 选择 Na2CO3 浓度 为 4． 00 / 0． 80mmol 的 淋洗 液 ， 这样 既 能 保证 良好 的 分离 效果 和 较 高 的 灵敏度 ， 又 能 节省 分析 时间 。
300 型 阴离子 抑制 器 ， 30mA 使用 ASRS 考察 抑制 电流 对 总 磷 、 总 氮 检测 灵敏度 的 影响 。
结果 表明 ， 的 抑制 电流 不能 完全 抑制 背景 电 导 。
采用 50mA 抑制 电流 ， 总 磷 和 总 氮 检测 灵敏度 反而 下降 。
本 研究 选用 40mA 抑制 电流 ， 得到 了 较 好 的 灵敏度 和 背景 电 导 。
3． 1． 3 淋洗 液 流速 的 选择 淋洗 液 流速 的 大小 关系 到 系统 压力 、 分离 度 、 分析 时间 和 灵敏度 。
以 Na2CO3=4． 00 / 0． 80mmol 的 淋洗 液 ， 0． 80 ， 1． 00 ， 1． 20 和 1． 50mL/ 流速 分别 设定 为 0． 60 ， min ， 对 水样 进行 分析 ， 测定 了 总 磷 和 总 氮 的 保留 时间 、 分离 度 和 峰 面积 。
实验 表明 ， 淋洗 液 流速 越 低 。
分离 度 越 好 ， 灵敏度 高 ， 但 分析 时间 较 长 ； 流速 越 高 ， 分析 时间 缩短 ， 但 整个 系统 压力 变 大 ， 灵敏度 也 变 低 ， 当 流速 为 1． 50mL 时 ， 基线 漂移 相当 严重 。
淋洗 液 流量 的 增加 使 系统 压力 显著 增大 ， 总 磷 和 总 氮 的 保留 时间 缩短 ， 不 利于 干扰 离子 与 总 磷 、 总 氮 的 分离 ； 但是 流量 过 小 又 使 分析 时间 1． 00mL 流速 较为 适宜 。
在 此 条件 下 ， 过 长 。
综合 比较 ， 待 测 离子 色 谱 峰 分离 度 理想 ， 既 能 保证 较 高 的 灵敏度 和 分离 度 ， 取得 合适 的 分析 时间 ， 也 能 保证 系统 压力 不 会 太 高 ， 从而 延长 柱子 的 使用 寿命 。
3． 2 校准 曲线 、 相关 系数 及 检 出 限 0． 05 / 0． 50 ， 0． 20 / 2． 00 ， 1． 00 / 5． 00 和 4． 00 / 10． 00mg 的 标 样 溶 分别 取 含 磷 / 氮 量 为 0． 01 / 0． 10 ， ， ， ， 液 注入 到 离子 色谱仪 中 测定 离子 色 谱 峰 面积 以 峰 面积 为 纵坐标 ， 以 浓度 为 横坐标 ， 得到 校准 曲线 的 回归 方程 。
经 测定 ， 标 样 出 峰 时间 稳定 ， 曲线 平滑 ， 线性 度 高 ， 总 磷 平均 保留 时间 为 19． 64min ， 相对 标准 （ RSD ） 1． 6% ； 13． 24min ， （ RSD ） 2． 0% 。
偏差 为 总 氮 平均 保留 时间 为 相对 标准 偏差 为 总 磷 和 总 氮 标 样 溶液 色 谱 图 如 图 1 所 示 。
各 标 样 的 具体 数据 如 表 2 所 示 。
表 2 标 样 出 峰 结果 Table2Linearrangeandregressionequation 测定 物质 Substanceofdetermination 线性 范围 Linearrange （ mg ） 线 性关系 Regressionequation 相关 系数 CorrelationcoefficientRSD （ % ） 检 出 限 Detectionlimit （ !
g ） 总 磷 Totalphosphorus （ TP ） 0 ～
4． 0Y=3． 6443X " 0． 08290． 99991． 63． 60 总 氮 Totalnitrogen （ TN ） 0 ～
10． 0Y=18． 7846X " 2． 32220． 99982． 04． 57Y： 峰 面积 （ Peakarea ， mm2 ） ； X ： 浓度 （ Concentration ， mg ） 。
分析 化学 384 第40 卷 氧化 消解 转化率 、 精密度 与 准确度 检验 结果 0． 20 / 2． 00 ， 1． 00 / 5． 00 ， 4． 00 / 10． 00mg 的 总 磷 和 总 氮 标准 溶液 进行 对 含 磷 / 氮 量 为 0． 05 / 0． 50 ， 用 离子 色 谱 法 检测 总 磷 和 总 氮 浓度 ， 计算 总 磷 和 总 氮 的 氧化 消解 转化率 和 精密度 。
水样 的 离 氧化 消解 ， 子 色 谱 图 如 图 2 所 示 ， 每个 标准 样品 做 5 个 平行 样 ， 对 测定 的 浓度 计算 平均值 与 相对 标准 偏差 ， 得到 总 磷 和 总 氮 氧化 消解 转化率 及 精密度 检验 的 结果 如 表 3 所 示 。
3． 3 图 1 总 磷 和 总 氮 标 样 溶液 色 谱 图 Fig． 1Chromatogramsoftotalphosphorus （ TP ） andtotalnitrogen （ TN ） standardsolution 图 2 水样 中 总 磷 和 总 氮 的 离子 色 谱 图 Fig． 2ChromatogramsofTPandTNinwatersample1． TN （ 5． 00mg ） ； 2． TP （ 1． 00mg ） ． 1． TN （ 2． 00mg ） ； 2． TP （ 0． 20mg ） ． 表 3 氧化 消解 转化率 及 精密度 检验 结果 （ n=5 ） Table3Determinationresultsofconversionrateandprecision （ n=5 ） 样品 编号 No． 含 磷 量 Phosphoruscontent （ mg ） 平均值 Averagefound （ mg ） 总 磷 转化率 ConversionrateofTP （ % ） RSD （ % ） 含 氮 量 Nitrogencontent （ mg ） 平均值 Averagevalue （ mg ） 总 氮 转化率 ConversionrateofTN （ % ） RSD （ % ） 10． 050． 05100． 004． 870． 500． 51102． 03． 220． 200． 21105． 003． 682． 002． 02101． 02． 231． 000． 9999． 000． 495． 005． 00100． 04． 144． 003． 9899． 500． 3810． 009． 9999． 93． 5 在 4 组 总 磷 、 总 氮 标准 样品 的 水样 中 分别 加入 含 磷 量 为 0． 2 和 1． 0mg 的 KH2PO4 ， 含 氮 量 为 1． 0 和 2． 0mg 的 NaNO3 进行 氧化 消解 ， 计算 总 磷 和 总 氮 加 标 回收率 ， 如 表 4 所 示 。
表 4 加 标 回收率 Table4Recoveryofstandardaddition 样品 编号 No． 含 磷 量 Phosphoruscontent （ mg ） 含 氮 量 Nitrogencontent （ mg ） 总 磷 加 标量 AddedofTP （ mg ） 总 氮 加 标量 AddedofTN （ mg ） 测定 值 Found （ mg ） 加 标 回收率 Recovery （ % ） TPTNTPTN1． 002． 000． 261． 051． 522． 51105． 0100． 0102． 0100． 510． 050． 500． 201． 0020． 202． 000． 201． 001． 002． 000． 411． 202． 984． 02105． 0100． 098． 0101． 031． 005． 000． 201． 001． 002． 001． 191． 995． 996． 9195． 099． 099． 095． 544． 0010． 000． 201． 001． 002． 004． 214． 9911． 0311． 86105． 099． 0103． 093． 0 环境 水样 的 检测 结果 表 5 环境 水样 中 总 磷 和 总 氮 的 检测 结果 取 5 组 环境 水样 （ 具体 见 2． 3． 3 节 ） 。
