奇才/n队/n当家/vn球星/n阿里纳斯/nrf因为/p“/wyz更衣室/n持枪/vi”/wyy事件/n而/cc被/pbei禁赛/v，/wd当/p他/rr复/dg出/vf时/ng，/wd球队/n中/f迎来/v了/ule新秀/n状元/n沃尔/nrf。/wj
阿里纳斯/nrf告诉/v我们/rr他/rr学/v到/v了/ule些/q什么/ry。/wj
一切/rz起/vf始/vg于/p球队/n的/ude1包机/n上/f。/wj
因为/p一/m场/qv扑克/n赌博/vi，/wd五/m张/q牌/n——/wp我们/rr称之为/v“/wyzboo/x-ray/x”/wyy的/ude1游戏/n。/wj
加瓦利斯/nrf?/ww
克里坦顿/nrf(/wkzJavarisCrittenton/x)/wky当时/t输/v了/ule钱/n。/wj
另外/rz两/m个/q一/m起/q玩/v的/ude1人/n正在/d说话/vi，/wd他/rr就/d插/v了/ule进去/vf。/wj
我/rr实在/d听/v不/d下去/vf了/y，/wd不等/vi那/rzv一/m把/pba结束/v，/wd就/d把/pba手上/s的/ude1牌/n扔/v到/v了/ule桌子/n上/f，/wd告诉/v其他/rzv人/n说/v：/wm“/wyz我/rr不/d玩/v了/y。/wj
我/rr走/v了/y。/wj
”/wyy克里坦顿/nrf一/m听/v就/d说/v：/wm“/wyz不行/a，/wd你/rr这/rzv可是/c耍赖/v。/wj
按/p我家/n那边/rzs的/ude1规矩/n，/wd你/rr必须/d玩/v完/vi这/rzv一/m把/qv。/wj
我/rr的/ude1钱/n还/d都/d在/p下面/f呢/y。/wj
”/wyy他/rr和/cc另/rz一个/mq家伙/n说/v这/rzv把/qv算/v我/rr失误/vi，/wd桌子/n上/f总共/d有/vyou多少/ry筹码/n，/wd我/rr得/v掏/v多少/ry钱/n补/v上/vf。/wj
“/wyz你/rr得/v给/p钱/n，/wd”/wyy克里坦顿/nrf说/v，/wd“/wyz要不然/c我们/rr就/d到/v外面/f去/vf解决/v这/rzv件/q事/n。/wj
”/wyy到/v外面/f解决/v？/ww
他/rr说/v，/wd我们/rr来/vf拳打脚踢/vl，/wd干/v一/m架/qv。/wj
我/rr就/d开始/v跟/p他/rr开/v玩笑/n，/wd我/rr放/v了/ule一些/mq音乐/n，/wd迈克尔/nrf?/ww
杰克逊/nrf的/ude1。/wj
“/wyzYouwannabestartin/x'/xsomething/x./wj
./wj
./wj
”/wyy所有/b人/n大/d笑/v起来/vf。/wj
他/rr的/ude1态度/n却/d是/vshi：/wm“/wyz啊/y，/wd不/d，/wd哥们/n。/wj
我/rr可/v是/vshi认真/a的/ude1。/wj
你/rr不/d能/v随便/ad开/v个/q玩笑/n就/d过去/vf了/y。/wj
你/rr欠/v我/rr的/ude1钱/n。/wj
”/wyy于是/cc，/wd我/rr又/d接着/v开始/v放/v《/wkzBeatIt/x》/wky。/wj
在/p机场/n拿/v行李/n的/ude1时候/n，/wd这/rzv件/q事/n还/d没/d完/vi。/wj
他/rr说/v：/wm“/wyz我们/rr是/vshi真/a的/ude1得/v干/v一/m架/qv了/y。/wj
”/wyy我/rr说/v：/wm“/wyz哥们/n，/wd现/tg在/p外面/f在/p下雪/vi。/wj
我/rr脚/n上/f穿/v的/ude1可是/c白色/n的/ude1LV/x。/wj
要/v是/vshi我们/rr在/p外面/f动手/vi的/ude1时候/n，/wd我/rr的/ude1鞋子/n掉/v进/vf雪堆/n里/f，/wd可/c就/d找/v不/d回来/v了/y。/wj
这样/rzv我/rr的/ude1脚/n会/v冻伤/v的/ude1。/wj
在/p我/rr真的/d跟/p你/rr动手/vi之前/f，/wd我/rr会/v把/pba你/rr的/ude1车子/n烧/vi掉/v”/wyy。/wj
他/rr说/v：/wm“/wyz你/rr要/v敢/dg烧/vi我/rr的/ude1车/n，/wd我/rr就/d拿/v枪/n射/v穿/v你/rr的/ude1膝盖/n。/wj
”/wyy布兰登/nrf?/ww
海伍德/nrf(/wkzBrendanHaywood/x)/wky在/p旁边/f就/d劝/v他/rr：/wm“/wyz加瓦利斯/nrf，/wd还是/c算/v了/ule吧/y。/wj
你/rr这样/rzv不/d停/vi地/ude2跟/v他/rr打/v嘴/n仗/n，/wd他/rr只/d会/v继续/v刺激/v你/rr。/wj
”/wyy球队/n接下来/vl的/ude1一/m次/qv训练/vn，/wd我/rr到/v得/ude3相当/d早/a，/wd然后/c有/vyou人/n告诉/v我/rr克里坦顿/nrf也/d来/vf了/y。/wj
等/v到/v我/rr看到/v他/rr的/ude1时候/n，/wd我/rr灵机一动/vl。/wj
好/a哇/y，/wd我/rr有/vyou枪/n呢/y。/wj
把/pba它们/rr拿/v出来/vf，/wd一/m支/q支/q摆/v在/p椅子/n上/f。/wj
这/rzv就/d是/vshi问题/n所在/n，/wd那时/rzt我/rr非常/d不/d理智/a，/wd根本/d没有/d想/v太/d多/a。/wj
话/n分/qt两/m头/q。/wj
我/rr私人/n收藏/v有/vyou不少/m枪/q，/wd大概/d有/vyou四五百/m支/q。/wj
我/rr是/vshi从/p一个/mq70/m多/m岁/qt的/ude1老头/n手上/s买/v下来/vf的/ude1。/wj
他/rr花/v了/ule很多/m年集/n齐/d这些/rz枪/n。/wj
其中/rz甚至/d还有/v一些/mq一/m战/vg时/ng用/v过/uguo的/ude1枪/n。/wj
我/rr把/pba他/rr的/ude1整个/b收藏/vn买/v了/ule下来/vf，/wd然后/c又/d添加/v了/ule一些/mq其他/rzv的/ude1枪/n。/wj
我/rr把/pba这些/rz枪/n放/v在/p自己/rr家里/s，/wd并/cc不/d需要/v什么/ry许可证/n。/wj
曾经/d有/vyou警察/n想/v专门/d过来/vf，/wd到/v我/rr的/ude1家里/s来/vf看看/v它们/rr。/wj
我/rr家/q大门/n经过/v了/ule加固/vn，/wd家里/s也/d装/v了/ule安保/n系统/n。/wj
但是/c在/p我/rr的/ude1孩子/n出世/vi以后/f，/wd我/rr说/v过/uguo，/wd我/rr不能/v再/d把/pba这些/rz枪/n放/v在/p家里/s了/y。/wj
我们/rr把/pba几乎/d所有/b的/ude1枪/n都/d放/v进/vf了/ule仓库/n，/wd我/rr手上/s只/d留/v了/ule4/ng把/v：/wm一/m把/pba黄金/n色/ng的/ude1沙漠/n之/uzhi鹰/n，/wd一/m把/pba史密斯/nrf&/x威森/nrf500/m，/wd一/m把/pbaKimber/x，/wd还有/v一/m把/pba长/a弹夹/n的/ude1老式/b枪/n。/wj
没/d有/vyou一/m把/pba枪/n里面/f上/vf了/ule子弹/n。/wj
我/rr把/pba它们/rr搁/v进/vf一个/mq带锁/n的/ude1箱子/n，/wd然后/c放/v在/p旁边/f没/v人/n用/v的/ude1那个/rz储物柜/n里/f。/wj
我/rr把/pba那/rzv4/q支/q枪/n放/v进/vf我/rr的/ude1背包/n里/f，/wd没/v人/n会/v看到/v。/wj
我/rr写/v了/ule张/nr1纸条/n：/wm“/wyz挑/v一/m把/qv。/wj
”/wyy然后/c把/pba枪/n摆/v在/p一/m张/q克里坦顿/nrf会/v看到/v的/ude1椅子/n上/f。/wj
我/rr走/v进/vf训练/v室/n，/wd再/d见到/v他/rr的/ude1时候/n。/wj
他/rr很/d惊讶/a——/wp“/wyz这/rzv是/vshi什么/ry？/ww
什么/ry意思/n？/ww
”/wyy“/wyz你/rr说/v过/uguo你/rr会/v射/v穿/v我/rr的/ude1膝盖/n，/wd我/rr现在/t把/pba枪/n拿/v给/p你/rr。/wj
”/wyy“/wyz我/rr才/d不/d要/v你/rr的/ude1呢/y。/wj
我/rr有/vyou自己/rr的/ude1枪/n。/wj
”/wyy他/rr把/pba自己/rr的/ude1枪/n拿/v出来/vf，/wd把/pba弹夹/n装/v了/ule上去/vf。/wj
这时候/rzt，/wd其他/rzv一些/mq球员/n开始/v说/v：/wm天/n哪/ry，/wd得/v赶紧/d离开/v这儿/rzs。/wj
但是/c接下来/vl克里坦顿/nrf戴/v上/vf耳机/n，/wd边/d听/v歌/n边/k跟着/v哼/v了/ule起来/vf。/wj
所以/c我/rr也/d把/pba我/rr的/ude1枪/n收/v了/ule起来/vf。/wj
事情/n到此为止/vl。/wj
他/rr进/vf了/ule按摩/vn浴池/n。/wj
我/rr想/v我/rr的/ude1膝盖/n反正/d也/d得/ude3放松/v放松/v，/wd所以/c也/d就/d跟/v着/uzhe进去/vf了/y，/wd还/d跟/p他/rr坐/v在/p一/m块/q。/wj
我们/rr就/d在/p那/rzv聊天/vi。/wj
我们/rr之间/f没有/v任何/rz问题/n，/wd只是/c玩笑/n有点/d开/v过/uguo头/n了/y而已/y。/wj
正/d如/v我/rr告诉/v斯特恩/nrf的/ude1一样/a：/wm在/p我/rr的/ude1生活/vn里/f发生/v的/ude1任何/rz事情/n，/wd我/rr总是/d会/v从/p中/f找/v出/vf一点/m来/vf开/v开玩笑/vi，/wd逗/v逗乐/vi子/ng。/wj
