伦敦/nsf的/ude1新/a温布利/nrf是/vshi世界/n上/f最/d昂贵/a的/ude1足球场/n，/wd造价/n7./n98亿/m英镑/q，/wd拥有/v9/vyou万/m个/q观众/n坐席/n和/cc107/m级/q台阶/n。/wj
梅西/nrf在/p电视/n上/f看/v到/v巴萨/nrf第一/m次/qv获得/v欧洲/ns冠军杯/n的/ude1时候/n，/wd比赛/v是/vshi在/p老/a温布利/nrf，/wd球场/n只/d有/vyou39/m级/q台阶/n，/wd那时/rzt他/rr不/d到/v5/f岁/qt。/wj
教练/n弗格森/nrf25年/m前/f来到/v曼/ag联/ng，/wd他/rr最/d大/a的/ude1愿望/n就/d是/vshi将/p利物浦/ns拉/v下/vf英格兰/nsf足球/n的/ude1王/n座/q，/wd他/rr快/d做到/v了/ule：/wm今年/t曼联/nr2夺得/v了/ule俱乐部/n历史/n上/f第19/m个/q联赛/n冠军/n，/wd超过/v了/ule利物浦/ns，/wd但/c它/rr还/d需要/v更/d多/a的/ude1欧洲/ns冠军/n头衔/n—/wp5月/t28日/t，/wd他/rr需要/v在/p温布利/nrf打败/v拥有/v梅/ng西/f的/ude1巴萨/nrf。/wj
鲁尼/nrf的/ude1进球/n为/v曼/ag联/vg扳/v平/v了/ule比分/n，/wd但/c54分钟/t时/ng，/wd身价/n1./m4亿/m欧元/n的/ude1梅西/nrf进/vf球/n了/y，/wd这/rzv是/vshi他/rr在/p英格兰/nsf的/ude1第一/m粒/q入/v球/n。/wj
比赛/vn快/d结束/v时/ng，/wd弗格森/nrf双手/n微微/d颤抖/vi。/wj
曼/ag联/vg最终/b1:3/m输/v给/p巴萨/nrf，/wd赛后/t弗格森/nrf说/v，/wd“/wyz我们/rr被/pbei最/d好/a的/ude1球队/n打败/v了/y。/wj
”/wyy另/rz一边/f，/wd巴萨/nrf赢得/v的/ude1是/vshi来自/v世界/n的/ude1赞美/vn。/wj
法国/nsf《/wkz队/n报/n》/wky的/ude1标题/n是/vshi“/wyz巴萨/nrf，/wd欢迎/v来/vf到/v地球/n”/wyy；/wf英国/ns《/wkz每日/r镜/ng报/n》/wky说/v“/wyz巴/b萨/b巩固/v了/ule自己/rr作为/v10年/m来/vf最佳/z球队/n的/ude1地位/n”/wyy。/wj
但/c胜利/vi也许/d只/d是/vshi传统/n，/wd在/p那/rzv背后/f还有/v更/d多/ad令/v人/n热血/n沸腾/vi的/ude1事情/n。/wj
像/p土耳其/nsf航空/n的/ude1广告/n语/ng一样/a：/wm“/wyz也许/d是/vshi巴萨/nrf，/wd也许/d是/vshi曼/ag联/ng，/wd但/c永远/d是/vshi土耳其/nsf航空/n”/wyy—/wp这家/r公司/n同/p耐克/nz、/wn奥迪/nz一样/uyy同时/d是/vshi巴萨/nrf和/cc曼/ag联/vg的/ude1赞助商/n。/wj
万事/n达/v的/ude1一/m份/q统计/v说/v（/wkz来自/v考文垂/nsf大学/n的/ude1研究/vn）/wky，/wd今年/t的/ude1欧/b冠/ng冠军/n将/d获得/v1./m26亿/m欧元/n的/ude1经济收益/n，/wd这/rzv对于/p曼联/nr2、/wn巴萨/nrf这样/rzv的/ude1球队/n来说/uls同样/d重要/a。/wj
足球/n已经/d成为/v一个/mq疯狂/a的/ude1世界/n。/wj
弗格森/nrf伴随/v曼/ag联/vg走过/v的/ude1年代/n里/f，/wd在/p比赛/vn、/wn偶像/n、/wn欢呼/v和/cc骄傲/an背后/f，/wd越来越/d多/a的/ude1商业/n和/cc资本/n逐渐/d成为/v背后/f的/ude1强大/a力量/n。/wj
衡量/v一/m支/q球队/n价值/n的/ude1最/d直接/a方式/n就/d是/vshi数字/n：/wm德国/nsf转会/v市场/n网/n评估/vn曼/ag联/vg全队/n球员/n的/ude1身价/n是/vshi3./m87亿/m欧元/n。/wj
这/rzv太/d便宜/a了/y！/wt
巴萨/nrf的/ude1总值/n是/vshi5./m54亿/m。/wj
曼/ag联/vg丢掉/v了/ule自己/rr的/ude1辉煌/a吗/y？/ww
不/d是/vshi。/wj
它/rr是/vshi足球/n商业化/vn的/ude1传奇/n。/wj
1970年代/t末/f它/rr只/d值/v10/n万/m英镑/q，/wd成为/v上市/vn公司/n之后/f又/d退/v市/n，/wd去年/t它/rr拒绝/v了/ule中东/ns财团/n16亿/m英镑/q的/ude1收购/vn价格/n。/wj
曼/ag联/vg7年/m来/vf占据/v着/uzhe美国/nsf《/wkz福布斯/nrf》/wky杂志/n世界/n足球/n俱乐部/n价值/n榜/n的/ude1第一/m位/q，/wd最新/a排名/vn中/f它/rr的/ude1总价值/n是/vshi11./m3亿/m英镑/q，/wd几乎/d是/vshi巴萨/nrf的/ude1两/m倍/q；/wf即使/c在/p涵盖/v所有/b运动/vn项目/n的/ude1球队/n评比/vn中/f，/wd曼联/nr2还是/v第一/m位/q。/wj
2011/m//w12/m赛季/n，/wd巴/b萨/b球衣/n胸前/s将/d第一/m次/qv出现/v商业/n广告/n，/wd打破/v保持/v百年/m的/ude1传统/n。/wj
卡塔尔/nsf基金会/n递/v上/vf了/ule一/m份/q5年/m1./m65亿/m欧元/n的/ude1合同/n，/wd令/v球队/n新任/b主席/n罗塞尔/nrf无法/v拒绝/v。/wj
“/wyz这/rzv是/vshi一/m份/q独一无二/bl的/ude1合同/n，/wd凸显/v了/ule巴萨/nrf的/ude1价值/n…/ws
…/ws
我们/rr是/vshi世界/n上/f最/d好/a的/ude1俱乐部/n。/wj
”/wyy在/p新闻/n发布会/n上/f副/b主席/n法乌斯/nrf说/v。/wj
同/p曼/ag联/vg不同/a，/wd巴萨/nrf是/vshi一家/n非盈利/b性质/n的/ude1会员制/n球队/n，/wd多/m年/qt来/f努力/ad在/p商业/n上/f保持/v纯正/a性/ng，/wd但/c它/rr也/d不/d得/ude3不/d妥协/vi。/wj
它/rr需要/v梅西/nrf、/wn需要/n比利亚/nrf，/wd需要/v奖杯/n，/wd需要/v光荣/an与/cc梦想/n—/wp最终/d，/wd它/rr需要/v商业/n。/wj
商业/n的/ude1奖杯/n欧洲/ns冠军杯/n现在/t是/vshi仅次于/v世界杯/n和/cc奥运会/n的/ude1最/d具/vg商业/n价值/n的/ude1赛事/n。/wj
按/p《/wkz福布斯/nrf》/wky的/ude1统计/vn，/wd2009/m//w10/n赛季/n吸引/v了/ule喜力/nr啤酒/n等/udeng10/n多/m家/q赞助商/n和/cc转播/v商/tg，/wd赞助/v和/cc相关/vn费用/n为/p10./m9亿/m欧元/n，/wd其中/rz电视/n转播/vn商/n们/k支付/v了/ule3./m38亿/m欧元/n。/wj
欧/b足联/n会/v将/d赞助/v、/wn转播/vn、/wn门票/n收入/n等/udeng分配/v给/p球队/n，/wd例如/v去年/t的/ude1冠军/n国际/n米兰/ns最后/f仅/d从/p电视/n转播/vn中/f就/d分得/v4880/m万/m欧元/n。/wj
温/nr1布/n利/n场/qv边/n的/ude1广告牌/n每/rz秒/qt钟/n都/d在/p给/v比赛/vn球队/n制造/vn收益/n，/wd而/cc决赛/vn球/n票/n绝对/d是/vshi抢手货/n。/wj
在/p伦敦/nsf，/wd一/m张/q150/m英/b磅/q的/ude1球/n票/n可能/v要/v花/v10/n倍/q价钱/n才/d能/v到/v手/n，/wdeBay/x上/f两/m张/q邻/vg座票/n拍卖/vn价/n是/vshi6500/m英/b磅/q。/wj
在/p球迷/n看来/v，/wd球/n票/n正/d变/v得/ude3越来越/d像/v奢侈品/n，/wd1991年/m，/wd曼联/nr2的/ude1单/d场/qv联赛/n票价/n还/d是/vshi6/vg到/v7/a英镑/q，/wd到/p现在/t阿森纳/nrf已经/d把/pba票价/n抬高/v到/v夸张/vi的/ude1100/m英镑/q。/wj
但/c球队/n不在乎/v这些/rz，/wd它们/rr需要/v胜利/vi，/wd然后/c获得/v更/d多/a奖金/n。/wj
按照/p欧/b足联/n的/ude1分配/vn规则/n，/wd今年/t夺冠/vi的/ude1巴萨/nrf可以/v获得/v总额/n高/ad达/v4455/m万/m欧元/n与/cc成绩/n挂钩/vi的/ude1分成/vi。/wj
俱乐部/n努力/ad赢得/v的/ude1是/vshi另/rz一/m场/qv胜利/vn。/wj
在/p德/n勤/ad公布/v的/ude1足球/n俱乐部/n财富/n榜/n上/f，/wd去年/t巴/b萨/b以/b3./m981亿/m欧元/q收入/n排/v在/p第二/m，/wd第三/m的/ude1曼联/nr2是/vshi3./m498亿/m欧元/n。/wj
排/v在/p它们/rr之前/f的/ude1皇家/n马德里/nrf已经/d连续/a6年/m排名/vi第一/m。/wj
俱乐部/n的/ude1收入/n来自/v于/p比赛/vn日/ng（/wkz门票/n和/cc商品/n销售/vn）/wky、/wn电视/n转播/vn和/cc商务/n收入/n三/m部分/n。/wj
曼/ag联/vg最新/a一/m份/q季报/n显示/v，/wd其/rz营/n收/v比/p上年/t同期/f增长/v了/ule33%/m，/wd这/rzv得益/vi于/p新/a签约/vi的/ude1土耳其/nsf航空/n、/wn博/ag彩/ng赞助商/nBetfair/x以及/cc大马/n电信公司/n的/ude1合同/n。/wj
