太阳/n艳丽/a，/wd满/v场/qv观众/n，/wd炫/vg彩/ng衣衫/n，/wd辗转/vd腾挪/v，/wd逗弄/v玩耍/vi、/wn华美/a优雅/a，/wd艰难险阻/nl，/wd最后/f一/m击/vg，/wd要么/c对手/n被/pbei抬/v出/vf，/wd要么/c自己/rr被/pbei抬/v出/vf。/wj
这/rzv是/vshi所有/b西班牙/nsf人/n心目/n中/f的/ude1梦幻/n场景/n，/wd他们/rr所/usuo理解/v的/ude1体育/n的/ude1最高/a境界/n。/wj
这/rzv是/vshi斗牛/vi，/wd也/d是/vshi足球/n、/wn篮球/n、/wn手球/n、/wn网球/n、/wn赛车/n、/wn自行车/n，/wd但/c归根结底/dl还是/d斗牛/vi。/wj
因为/p任何/rz比赛/vn到/v了/ule最后/f，/wd你/rr还/d是/vshi你/rr；/wf因为/p西班牙/nsf人/n就/d喜欢/vi这么/rz玩/v…/ws
…/ws
如果/c你/rr仔细/ad观察/v西班牙/nsf人/n的/ude1各项/r比赛/vn，/wd似乎/d全部/m跟/p斗牛/vn异曲同工/nl。/wj
以/p西班牙/nsf足球/n为/p例/n，/wd不管/c对手/n这/rzv头/q公牛/n多么/d彪/q悍/x、/wn顽强/a，/wd抑或/c超越/v智商/n地/ude2采取/v了/ule紧缩/vn防守/vn、/wn等待/v反击/v的/ude1策略/n，/wd西班牙/nsf斗牛/vi士/ng们/k最终/d都/d能/v将/p其/rz击/vg杀/v。/wj
不要/d再/d说/v什么/ry美丽/a足球/n、/wn幻/vg魔/ag流派/n，/wd不要/d再/d说/v什么/ry克鲁/nsf伊/b夫/ng、/wn全/d攻/v全/d守/v，/wd那样/rzv西班牙/nsf人/n都/d会/v微微/d一/m笑/v，/wd心中/s浮/v起/vf“/wyz对/p牛/n弹琴/vi”/wyy四/m个/q字/n。/wj
对/p他们/rr来说/uls，/wd足球/n只不过/d是/vshi一/m场/qv游戏/n，/wd一/m场/qv拟人/n化/k的/ude1斗牛/vn。/wj
以前/f他们/rr技术/n尚未/d能/v凌驾/v众/ag生/v，/wd因此/c往往/d被/pbei牛斗/nr，/wd被/pbei顶/v翻/v；/wf而/cc现在/t他们/rr人才济济/vl、/wn技高一筹/vl，/wd可以/v从容/a地/ude2斗牛/vi，/wd随心所欲/vl，/wd走/v完/vi他们/rr心中/s最/d理想/a的/ude1标准程序/n。/wj
一/m名/q斗牛/vn士/ng、/wn三/m名花/n镖/n手/n、/wn两/m名/q骑马/vi的/ude1长矛/n手/n，/wd组成/v了/ule一个/mq完整/a的/ude1斗牛/vn团队/n；/wf而/cc在/p西班牙/nsf阵/ng中/f，/wd比利亚/nrf是/vshi最/d好/a的/ude1主/n斗牛/vi士/ng，/wd伊涅斯塔/nrf、/wn哈维/nrf则/d是/vshi最/d好/a的/ude1花/n镖/n手/n，/wd哈维·阿隆索/nrf、/wn普约尔/nrf则/d是/vshi最/d好/a的/ude1长矛/n手/n。/wj
西班牙/nsf全队/n都/d可以/v上/f来/vf斗牛/vi。/wj
他们/rr引逗/v、/wn他们/rr长矛/n穿刺/v、/wn他们/rr上/f花/v镖/n；/wf他们/rr让/v对手/n满/v场/qv飞奔/vi，/wd让/v对手/n锐气/n渐/d挫/v、/wn血/n在/p流淌/v、/wn精疲力竭/vl，/wd让/v对手/n围绕/v着/uzhe自己/rr打转/vi却/d不能/v沾/v身/ng；/wf他们/rr将/d红/a布/n直接/ad抛/v向/p对手/n面/q门/n，/wd诱/vg起/vf雷霆/n之/uzhi怒/vg，/wd就/d连/ulian这/rzv一/m抛/v也/d有/vyou一个/mq美妙/a的/ude1名字/n“/wyz贝罗尼卡/nrf”/wyy。/wj
贝罗尼卡/nrf原/d是/vshi耶酥/n受难/vi时/ng为/v其/rz拂/v面/n的/ude1圣/ag女/ng之/uzhi名/ng，/wd因/p其/rz动作/n的/ude1相似性/n，/wd所以/c命名/v；/wf等/v到/v玩/v够/v了/y，/wd他们/rr会/v执行/v最后/f的/ude1刺杀/vn，/wd弯/v头/q利剑/n瞄准/v牛/n的/ude1颈/ng部/n，/wd在/p牛/n与/cc人/n错/v身/ng而/cc过/vf的/ude1一刻/mq，/wd插入/v心脏/n，/wd公牛/n应声/vi倒/vi地/n。/wj
然后/c他们/rr抹/v去/vf脸上/s的/ude1血/n，/wd抬头/vi，/wd享受/v全场/n的/ude1欢呼/vn。/wj
于是/cc，/wd我们/rr看到/v，/wd世界杯/n第一/m场/qv，/wd他们/rr被/pbei瑞士/nsf奶牛/n顶/ng翻/v，/wd因为/c其/rz貌似/v温顺/a，/wd实/ad则/d最/d凶/a；/wf而/cc在/p胜/v智利/nsf和/cc洪都拉斯/nsf出线/vi后/f，/wd西班牙/nsf人/n就/d开始/v完美/a地/ude2玩/v起/vf了/ule斗牛/vn。/wj
连续/ad4/vi个/q1/a比/p0/n，/wd直到/v最后/f的/ude1冠军/n。/wj
邻家/n葡萄牙/nsf小牛/n倒/vi在/p了/ule第63/m分钟/qt，/wd坚韧/a的/ude1巴拉圭/nsf顽/ag牛/n倒/vi在/p了/ule第83/m分钟/qt，/wd大/a只/q的/ude1德国/nsf公牛/n倒/vi在/p了/ule第73/m分钟/qt，/wd美丽/a的/ude1荷兰/nsf乳牛/n倒/vi在/p了/ule第116/m分钟/qt。/wj
全部/m一/m击/vg致命/vi，/wd绝对/d不/d需要/v补/v剑/n。/wj
这/rzv是/vshi足球/n的/ude1最/d高/a段位/n，/wd也/d是/vshi篮球/n、/wn网球/n、/wn手球/n的/ude1最高/a玩/v法/b、/wn更/d是/vshi斗牛/vi的/ude1最高/a境界/n。/wj
但/c西班牙/nsf人/n心中/s除去/v斗牛/vi之外/f，/wd还有/v一个/mq同样/d隐秘/a的/ude1情结/n：/wm奔/v牛/n。/wj
潇潇/z雨/n歇/v、/wn石子/n街道/n、/wn白/a衫/ng红/a巾/ng，/wd拥挤/a人群/n、/wn牛/n儿/k冲刺/vi，/wd要么/c你/rr让/v牛/n只/d能/v看到/v你/rr的/ude1屁股/n，/wd要么/c牛/n会/v最终/d给/p你/rr一个/mq推动力/n，/wd让/v你/rr脱离/v地球/n引力/n。/wj
这/rzv似乎/d比/p斗牛/vn更加/d平等/a，/wd牛/n还有/v角/q，/wd人/n的/ude1手中/s却/d已经/d没有/v剑/n，/wd只有/c啤酒/n和/cc勇气/n…/ws
…/ws
另/rz一/m种/q类型/n的/ude1体育/n隐喻/vn。/wj
当/p康塔多/nrf在/p比利/nrf牛斯/nr、/wn阿尔/n卑/ag斯/Rg山/n攀援/vi而/cc上/f，/wd在/p自行车/n洪流/n中/f领/v骑/v，/wd当/p阿隆索/nrf在/p巴塞罗那/nsf、/wn瓦伦西亚/nrf的/ude1赛道/n上/f脚底/n冒烟/vi，/wd轰鸣/vi而/cc过/vf，/wd他们/rr心中/s是否/v泛/v出/vf了/ule奔/v牛/n的/ude1场景/n。/wj
当/p我们/rr还/d在/p努力/ad学习/v与/p天/qt斗/v、/wn与/p地/n斗/v、/wn与/p人/n斗/v，/wd西班牙/nsf人/n只/d想/v着/uzhe与/p牛斗/nr，/wd抑或/c是/vshi被/pbei牛斗/nr，/wd都/d可/v。/wj
不/d是/vshi炫耀/v，/wd更/d不/d是/vshi凌辱/v，/wd而是/c交流/vn。/wj
人/n与/cc牛/n目光/n相对/vi，/wd错/v身/ng而/cc过/vf的/ude1那/rzv一瞬间/m，/wd人/n斗牛/vn，/wd牛亦斗/nr人/n，/wd众/ag生平/n等/udeng，/wd追求/v的/ude1只是/c肌肉/n与/cc神经/n极度/d咬合/vn中/f、/wn灵魂/n出/vf窍/ng、/wn飞腾/vi于/p空中/s的/ude1那种/r巅峰/n体验/vn。/wj
牛/n是/vshi公牛/n，/wd人/n是/vshi汉子/n，/wd牛/n终将/d死/v，/wd人/n亦/d不/d能/v永生/vi，/wd但/c有/vyou这/rzv一/m次/qv传情/vi的/ude1怒/vg目/ng对视/vi，/wd足/a矣/y。/wj
西班牙/nsf人/n就是/v这样/rzv，/wd他们/rr最近/t胜利/vi的/ude1时候/n很/d多/a，/wd他们/rr很/d享受/v；/wf但/c他们/rr其实/d失败/vi的/ude1时候/n更/d多/a，/wd他们/rr也/d忍/v了/y。/wj
要/v和/cc西班牙/nsf人/n玩/v，/wd就/d得/ude3接受/v他们/rr的/ude1哲学/n。/wj
你/rr够/v华丽/a、/wn够/v大胆/a，/wd就/d可以/v斗/v他们/rr，/wd他们/rr丢/v盔/x卸/v甲/Mg，/wd满/a路/n奔逃/v，/wd也/d不/d敢/v有/vyou丝毫/m怨言/n。/wj
如同/v2006年/m世界杯/n上/f的/ude1法国/nsf队/n，/wd如同/v前年/t和/cc以前/f的/ude1费德勒/nrf，/wd都/d做到/v了/ule这/rzv一点/m；/wf如果/c你/rr粗糙/a了/y、/wn懦弱/ad了/y，/wd你/rr就/d要/v接受/v被/pbei他们/rr斗/v的/ude1命运/n，/wd所谓/v的/ude1反击/vn机会/n，/wd只/d是/vshi红/a布/n引逗/v，/wd在/p你/rr想/v喘/v口/q气/n时/ng，/wd已经/d一/m剑/n穿/v心/n，/wd你/rr也/d无话可说/vl。/wj
