
志新  唉 我 还有 事儿  恕 不 奉陪 啊 众人  怎么 不 吃饭 了 
志新  没 办法  来 电话 了  人家 非 请 我 外边 吃 去  你 说 我 不 去 啊  显得 我 有 点儿 脱离 群众 

（ 下 ） 傅老  我 现在 倒 是 想 联系 群众  可 怎么 总是 也 联系 不 上 呢 

（ 酒吧 里  志新 与 一 年轻 女子 ） 莉达  志 新 
你 老 看 着 我 干 嘛 呀 
瞧 你  小 西装 也 穿 上 了  小 领带 也 打 上 了 ---- 小 眼睛 也 睁 开 了  哎呀 混 身上 下  怎么 这么 

不 对劲 呢 
志新  你 真 是 一 年 前 在 宾馆 里 为 我 叠 被 铺床 被 呼 来 唤 去 的 ---- 莉达 小姐 
莉 达  你 放心 ---- 没 人 冒名顶替 请 人 吃 饭 的 志新  哦 对 对 对  想 起来 了  你 比较 爱 吃 莉达  我 变 了 么 
啊 
志新  变 大法 了  你 说 你 变 就 变 吧  还 越 变 越 好 看  真 让 人 伤心 

莉 达  唉  我 好 看 你 伤 什么 心 呢 
志新  你 看 

像 长 我们 这 模样 的 就 更 觉着 对不起 大 家伙 了 

还 让 不 让 我们 上街 了 
莉 达  哎呀 我 也 不 是 故意 的  真 对不起  那 我 一 不 留神 就 变成 这样 儿 了 志新  嗨 

嗯  要 说 像 你 这么 漂亮 的 姑娘 ---- 曾经 为 我 铺 过 床 ---- 不 敢 想象 ---- 应该 是 我 给 你 铺床 

莉 达  （ 笑 ） 哎呀 得了  咱们 呀  还是 自己 铺 自己 的 吧  要不然 传出 去  那 可 说 不 大 清楚 志 新  哦  明白 了  有 主 儿 了 是 不 是 
嫁人 了 
傍 上 一 大款 
甭 问 肯定 错 不 了  最 损 也 是 一 美 藉 华人 ---- 七十 几 了 他 老人家 
莉 达  你 就 损 吧 你  我们 女孩子 偏 得 傍 着 别人 呐 
告诉 你 吧  我 现在 呀 ---- 自己 做 生意 呢 （ 点 一 支 烟 ） 志新  哟  发财 了 
嘿 我 一向 认为 这 世界 上 财 貌 双 全 的 姑娘 压根儿 就 没有  刚才 你 算 把 我 这 观点 给 改变 了  也 好  明儿 我 娶 媳妇 这 方向 就 更 明确 了 莉达  瞧 你  净 捡 人家 爱 听 的 说  其实 呀  我 离 你 的 标准 还 着 的 远 着 呢  你 应该 啊  把 这 光荣 艰巨 的 任务 交给 更 合适 的 同志 去 办 

志新  啊  知道 有 差距 就 好  啊  迎头赶上  就 得 了  十全十美 的 人 哪儿 有 啊 
不 怕 你 不 信 啊  连 我 都 有 缺点 更何况 你 呢 
莉 达  

志新  咱 俩 也 老大不小 了  该 凑合 就 得 凑合 莉 达  别  这 事儿 怎么 能 凑合 呢 
让 你 吃亏 受 委屈  我 可 于心不忍  再 说 你 得 给 我 留 一个 下狠心 的 时间 呐 
嗯  咱们 谈 点儿 别的 吧 
志新  咱 俩 除了 这 事儿 还 能 有 什么 别的 事儿 么 
莉 达  （ 从 书包 拿 出 一个 BP 机 ） 拿 着 
志新  唉  这 怎么 话 说 的 这 这  唉 你 放心 啊 （ 接 过 ）  你 不 送 东西  我 也 明明白白 你 的 心 啊  而且 你 这个 你 送 就 送 吧 还 送 这么 贵 一 BP 机 这个  我 跟 你 说 啊 也 就是 赶上 今儿个 你 哥哥 我 高兴 要 不 我 还 真 不 收 这个 （ 打量 ）  下回 别 这样 了 啊  别 把 爱情 庸俗化 

莉 达  哎哟 喂  想 什么 呢 你 
谁 说 这 是 送 你 的 了 
志新  送 我 爸 的 
他 老人家 都 六十 多 了 你们 俩 也 不 合适 呀 

莉 达  哎呀 去 你 的  这个 啊  是 我 一 朋友 的  人家 要 出国  托 我 给 倒 出去 志 新  哦  想 倒 给 我 呀  行  开 个 价 儿 吧  几百 
莉 达  美 的 你  这 是 汉字 显示 最新 潮 的  原价 四千 多 呢 
嗯  我 最近 呐  特别 的 忙  你 帮 我 卖 出去 得 了 啊  这个 三千 块 钱 以外 的  就 都 算 你 的 了 怎么样 
志新  三千 块 钱 谁 要 啊 
干脆 我 收 下 得 了 
（ 往 兜里 放 ） 莉达  哎  别 呀 

这 机子 这么 贵  你 使 着 也 糟 践 呀 

不 如 呀  你 把 它 卖 给 别人  赚 了 钱 呀  再 买 一个 普通 型 的  等于 白 落 
志新  赚 什么 钱 呀  咱 俩 这 关系  就是 赔钱 我 也 帮 你 这 忙 啊 莉 达  （ 喜 ） 越 快 越 好 啊  人家 等 着 出国 呢  唉  最 好 卖 给 生人  省 着 以后 啊  找 咱 麻烦 志 新  行 你 放心  这 事儿 我 拿 手  啊  它 就 是 这个 价钱  能 不能 再 往 下 落 落 
莉 达  价钱 不 能 落  （ 拿 上 旁边 一 纸袋 ）  这个  你 也 拿 上 吧 志 新  不 是 这 衣服 我 可 不 大会 卖 这个 

莉 达  谁 让 你 卖 了 
这 是 送 你 的 
志新  好好 好好  行 

（ 拿 出 一 件 带 花 女式 衣服 ） 哎呀 那 我 一 大 老 爷们 儿 我 要 是 穿 这 上街 

群众 不 会 围观 吧 
莉 达  谁 让 你 穿 了 
这个  都 是 我 以 前进 的 货  现在 剩下 这么 几 件 不 值 当 卖 了  你 就 留 着 送 人 吧 志 新  好好 好好  那 要 送 我 可 就 送 女人 啦 
你 不 会 有 什么 想法 吧 
