
男 刑警  你 说  前 天 上午 十一点 至 十一点 半 之间  你 在 什么 地方 
志新  噢  我 在 银河 公司 胡总 那儿 

玩 拱 猪 

哎哟  我 那 叫 背 哟  那天 我 跟 您 说 我 

男 刑警  在 那 期间  这个 BP 机 的 主人  在家 遭到 了 抢劫 志 新  嗯 
男 刑警  他 本人 的 头部 挨 了 一 砖头 女 刑警  又 挨 了 一 闷棍 男 刑警  又 挨 了 一 榔头 女 刑警  又 挨 了 一 斧子 志 新  唉 唉 唉 唉  别 别 别 挨 了  那 脑袋 还 能 要么 

男 刑警  现在 事主  正 在 医院 抢救  而 本案 最 大 的 嫌疑犯 ---- 就 是 你 志 新  凭 什么 呀  噢  就 因为 他 这 BP 机 在 我 

男 刑警  说 吧 志 新  看来  我 不 坦白  这 关 是 真 过不去 了  我 真 为 我 自己 所 犯 的 错误 深感 痛心 男 刑警  先 别 忙 着 痛心 呢  先 说 这 BP 机 的 来路 志 新  我 BP 机 确定 不 是 我 买 的  它 是 我 昨天 晚上 在 外边 ---- 捡 的 
第11 集 无线 寻踪 （ 上 ） 完 第12 集 无线 寻踪 ( 下 ) 简介  志新 对 身 犯 重罪 的 莉达 还 存 有 一 丝 幻想  在 莉达 去 过 他 家 一 次 后  他 做出 了 选择 （ 接 上 集  客厅 ） 男 警察  捡 的 
哈哈  我 说 你 小子 手气 不错 呀  啊 
像 我们 这个 整天 大街 上 溜达 怎么 捡 不 着 啊 
啊 
志新  那 也 分 是 谁  我 活 三十 来 岁 我 这 也 头 一 回 男 警察  哈哈哈  你 还 挺 谦虚  哪儿 捡 的 
志新  啊  就是 在 我们 家 楼下 那个 石 桌 底下 男 警察  什么 时间 
志新  大概 是  夜里 一点 多 吧 我 光顾 捡 东西 没 顾 上 看 表 男 警察  现场 有 目击者 么 
志新  没有  您 想 都 夜里 一点 多 了 谁 还 跟 外面 溜达 呀 那 不 是 有 病 么 

男 警察  那 你 呢 
志新  我 不 是 出 来 考虑 一些 问题 么 
您 看 我 也 这个 岁数 了  也 到 了 该 有 心事 的 年龄 了  咱们 警民 一 家  有 什么 事儿 也 不 瞒 您  其实 我 想 的 也 都 是 些 小 事儿  像 咱们 国家 这个 经济 过 热 这个 现象 是 不 是 该 降 降温 了  联合国 今年 这个 财政 预算 是 不 是 又 有 缺口 
男 警察  什么 
联合国 的 事儿 也 用 的 着 你 操心 
人家 联合国 有 秘书长 呢 
对 不 对 
懂 么 你 
（ 向 女 警察 ） 是 吧  那个 那个 秘书长 女 警察  加利 男 警察  啊 对 志新  对  小 加  小 加  这 二 年 干 的 不错  所以 说 对 他们 年轻人  咱 就 得 放手 

男 警察  得 得 得 嘿  还 来劲 了 是 吧  你 说  你 捡 着 BP 机 以后  你 打算 怎么办 来 着 当时 志 新  说 出来 您 就 得 批评 我  我 当时 想 吧  玩儿 两 天 再 给 失主 送 回去  您 说  我 这 思想 觉悟 跟 雷锋 比  我 这 差距 有 多 大 啊 

特别 是 刚才 听 您 说  失主 挨 完 闷棍 还 在 医院 躺 着 呢  您 说 他 现在 多么 需要 这个 BP 机 跟 亲人 取得 联系  您 二 位 来 的 正好  您 受累  您 把 这 BP 机 还给 失主  啊  跟 他 说  别 谢 我  要 谢 就 谢 咱们 时代 哺育 了 我 这样 的 好 青年 

男 警察  呸 
还 美 的 你 了  我 告诉 你 贾志新  这个 BP 机  就是 本市  近来 几 起 重大 抢劫 案 的 线索  我们 既然 找到 了 你  就 不 会 轻易 撒手  你 可 想 好 了 志新  那 那 您 得 给 我 个 思想 斗争 的 时间 啊 

男 警察  行  那 就 给 你 一 段 时间  （ 从 女 警察 接 过 纸  给 志新 ）  啊 想 好 了 打 这 个 电话 找 我 志 新  唉 唉 唉 唉 男 警察  时间 不 多 可 得 抓紧 啊 （ 起身 ） 志新  行 行 行 行  唉  那 BP 机 您 还 我 

男 警察  你 不 是 手气 不错 么 
上 大街 上 再 捡 一个  这个 没收 了 （ 转身 走 ） 志新  唉 不 拿 群众 一针一线 那 毛 主席 

不 是 我 那 意思 就 是 您 吃 完 饭 再 走 多 好 那个 晚上 吃 饺子 

（ 客厅  志新 打电话 ） 志 新  唉 喂  麻烦 请 呼 1315  唉 免 贵姓 贾  啊 您 跟 她 说  今晚 上 老 地方 有 要事 商谈  您 最 好 给 我 呼 个 十 遍 八 遍 的 

唉 唉 唉 再见 再见 谢谢 谢谢 （ 挂 ） 傅老  （ 拿 个 打包 棉被 上 ） 唉  你 还 没 让 人家 给 你 带走 啊  和平 说 还 让 我 给 你 送 被子 去 呢 志 新  什么 话 

这 哪儿 的 事儿 啊  人家 警察 同志 找 我 是 了解 点儿 情况 

（ 坐 ） 傅老  你 可 越来越 出息 了 啊  连 警察 你 都 给 我 招 家 来 了 志新  那 也 得 分 来 干 什么 （ 掏 烟  已 空 ） 傅老  来 干 什么 
总 不 会 来 请 你 给 他们 上 法制 课 吧  听 和平 说  人家 是 为 BP 机 的 事  我 看 也 是  （ 掏 烟 ） 你 现在 穷 的  连 碗 馄饨 你 都 买 不 起  （ 志 新 欲 接 老 傅 烟  失败 ） 你 还 买 BP 机 呢 你  哼  还 得 说 人家 警察 同志 的 觉悟 高  （ 志新 又 欲 接 烟  又 失败 ） 一 眼 就 看 出 问题 来 了  你 说 昨天 我 怎么 就 没 想到 志新  爸 您 别 听 风 就 是 雨 好 不好 
