而且 这 不 是 什么 彩票 么  这 叫做 有 奖 福利 志 新  听说 过 听说 过  专门 蒙 你们 这些 老头 老太太 的 傅老  不 会 吧 燕红  傅 伯伯  您 中 的 那 是 几 等 奖 啊 
傅老  八 等 奖 （ 众人  嗨 ） 这个 奖品 不 在 多少 啊  主要 是 我们 老 一 代 人  对 社会 福利 事业 的 一 片 心意 嘛 （ 众人 要 看 奖品 ）  这个 奖品 嘛  不 太 理想  不 看 也罢 （ 志新 拿 过  给 大家 看 ） 志新  哟  还是 金刚砂 牌 手纸 （ 众人  嗨 ）  说 您 什么 好 

（ 和平 怯生生 上 ） 志国  哟  回来 啦  报纸 买 了 么 
和平  买 了 

志国  中 了 嘛 
和平  没 敢 瞅 

志新  嗨  （ 拿 过 报纸 ） 你 要 能 中奖  我 把 这 卷 手纸 我 给 吃 了 

那 我 给 你 念念 啊  头等 奖 一 名  三居室 住房 一 套 和平  啊 
志新  别 紧张 别 紧张  要是 朝向 不好 交通 不便 咱 不 去 和平  你 赶紧 着 吧 （ 志国  快 说 快 说 ） 志新  幸运 号码 是  0608250  中 了 么 
和平  0 

没 有 志 新  别 懈 气 啊  还有 二等奖  奥运 银牌 一样 光荣 啊  这 二等奖 啊 是 夏利 轿车 一 辆 （ 众人 讨论 ） （ 向 傅老 等 ） 你 说 这 上 牌子 特别 难  考 本子 就 更 难 了  （ 和平  唉 唉 你 赶紧 吧 ） 你 说 你 不要 什么 他 偏 给 你 什么 （ 众人 催 ）  噢噢  号码 号码 啊  嗯 嗯  二等奖 这 号码 是 2300763  中 了 么 
和平  

没有 

志新  重要 地 在于 参与 啊  还有 三等奖  三等奖  三等奖 也 非同小可  香港 七日 游 （ 向 众人 ） 这 还 真 麻烦  （ 压 过 众人 声 ） 麻烦 啦  麻烦 了  还 得 现 学 广东 话  你 到 了 香港 像 我 嫂子 这 跑 丢 了 跟 香港 警察 叔叔 你 饼 巩 饼 巩 你 说 不 清楚 （ 众人 催 ）  对 对 对  唉 三等奖 这 号码 是 7006070  还 没 中 么 
和平  中 了 

（ 众人 兴奋  上前 对 ）  （ 提高 音量 ） 7006070 我 中 啦 
（ 众人 兴奋 ） 燕红  （ 拿 过 一 卷 手纸  拍 志 新 ） 嗨 嗨 嗨  请 吧  祝 你 好 胃口 
第13 集 奖券 的 诱惑 （ 上 ） 完 第14 集 奖券 的 诱惑 （ 下 ） 简介  志国 和 和平 为 香港 七日 游 积极 做 准备  到 了 兑奖 处 满 不 是 那么 回 事 （ 和平 家中 跟 广播 学习 广东 话  傅老 上 ） 傅老  和平 啊  你 这个 日本 话 学 的 进步 很 快 嘛  啊 和平  （ 广东 话 ） 哇 有 没有 搞 错 啊  这 是 广东 话  不 是 日本 话 啦  香港 人 统统 讲 这个 话 地  

你 地 明白 
傅老  听 起来 还 是 有 点儿 耳熟  啊  这个 一九四五年 抗日战争  啊  那会儿 在 北平 沦陷区 

和平  唉 唉 唉 爸  您 说 我 这 是 不 是 有 点儿 像 侨 装 改扮 的 女 地下 工作者 
傅老  不 像  倒 有 点儿 像 那 个 日本 话 没有 学 好 的 

满洲 歌女 （ 下 ） 志国  （ 拿 一 摞 书 进 ） 啊 

和平  你 怎么 才 回来 呀 你 
啊 等 你 这儿 学 粤语 呢 我 跟 你 说 啊 你 要 是 再 这样 儿 让 带 家属 我 就 不 带 你 去 我 就 带 我 妈 去 了 啊 志国  （ 广东 话 ） 有 没有 搞 错 哟 

搞 这么 多 苏 （ 书 ） 很 费 时间 的 哩 

和平  哇 你 都 买 了 什么 苏 （ 书 ） 噢 

（ 拿 起 书 ） 噢  香港 风情 地  香港 指南 地  香港 经济  香港 旅游  香港 帮派 类 （ 内 ） 幕  香港 小姐 风采 


香港 黑社会  香港 红灯 区 

你 什么 意思 啊 
志国  我 怕 到 那儿 以后 上 坏 女人 的 当 

和平  你 放心  有 我 跟 着 你 呢  赶紧 学 （ 志国  唉 ）  啊  （ 拿 过 一 本 书  念 ） sumsui 

志国  咂 么 嘴 

和平  谁 跟 你 这儿 咂 么 嘴 呀 

sumsui 

志国  sum 

嘴  嘴 

和平  mamadei 

志国  妈妈 逮 

和平  别 骂 人 成 不 成 啊 

志国  不 是  你  我 干脆 

我 干脆 还是 把 英语 捡 起来 得 了 （ 起 ） 总 比 学 这个 好学 点儿 傅 老  （ 上 ） 我 说 你们 两 个 啊  语言 关 要 过  其它 的 工作 也 不能 放松 嘛  你们 那个 出国 的 手续 办 的 怎么样 啦 
和平  哎哟 喂 （ 起 ） 我 还 真 给 忘 了 嘿 （ 找 ） 

傅老  同志 们 

啊  你们 这 次 出国  任务 是 很 艰巨 地  要 把 它 当作 我们 家  头等 的 大事 来 抓 （ 坐 ）  你们 看看 是 不 是 由 我 来 亲自 挂帅  成立 一个 什么 班子 来 

志国  爸 您 就 别 这儿 添 

您 就 顾问 一下 就 行 啦 
傅老  依我看 呐  首先 要 和 厂家 联系 志 国  联系 过 了  这个 费丽斯 纸厂 说 呀 

傅老  费丽斯 
（ 志国  啊 ） 就 是 那个 金刚砂 牌 手纸 

啊 （ 志国  啊 对 ）  我 说 怎么 撕 起来 这么 费劲 呢 费力 撕 嘛 

志国  不 是 他们 说 呀 这个 他们 只 管 出 钱  这个 中奖 的 事儿 呢 得 找 全国 卫生 协会 联系 啊  纸 协 的 同志 说 呢  他们 只 管 印 奖券  这个 中奖 了 以后 呢 兑奖 的 事儿 呢  得 找 百 业 报社 
