
（ 下 ） （ 客厅  家人 在 一起 ） 傅老  哎呀 好好 好  这 股份制 就 是 好 哇 哈 
这 刚 几 天  二百 变 三百  而且  还 能 在 这个 商品 大潮 中 学 游泳 嘛 

啊  小 凡  这 三十 给 你  好好 体会 体会 股份制 的 好处 

小凡  唉  小张 啊  我 也 给 你 

三 块 钱  好好 体会 体会 

小张  圆圆  给 你 三 毛  你 也 好好 体会 体会 圆圆  二 叔  我 给 你 三分  算 了 算 了  给 你 一 毛  甭 找 了  你 可 得  加深 体会 志 新  我 甭 体会  可 说 这 里边 体会 最 深 就 属 你 爸 你 妈 了 

第15 集 初次 下海 完 第16 集 毁 我 爸 一道 简介  傅 老早 上 溜 弯 儿 被 三 个 骑车人 撞 了  志新 拉 着 他 去 索赔 ( 早晨  和平 屋 客厅 收拾  志 新 上 ) 和平  爸 呢 
一大早 上 起来 又 溜达 去 了 志新  每天 早上 都 溜达  也 不 知道 他 溜达 什么 劲 

志国  生命 在于 运动  你 没 看 爸 这 几 年 气色 见好 啊 志 新  嗯  气色 是 见好  这 腿 可见 细 
志国  甭管 怎么着  反正 多 活 两 年 是 真 的 志新  多 活 两 年 没 干 别的 光溜 弯 儿 了 于 大妈  （ 上 ） 哎哟 

志国  哟 于 大妈 怎么 了 
于 大妈  哎哟 可 了 不得了 

志新  哎 大妈 怎么着  谁 欺负 您 了  说 出来  我 给 您 做主 志 国  你 做 什么 主 啊  有 事儿 依靠 组织  大妈  您 说 于 大妈  你们 家 老傅 啊  在 路口 儿 上  让 人家 给 撞 了 
（ 众人 急 ） 好 几 辆 自行车 啊  一块儿 撞 的 他  看样子 啊  可 不 轻 啊 这 下 儿 

我 呀 正好 上 菜市场 买 菜 去  刚 从 菜市场 出来 啊  我 心想 啊  在 到 肉 市 去 转转  人家 都 说 啊  早上 起来 那 肉 啊  是 昨天 晚上 刚 宰 的 猪 

志新  唉 唉 大妈  您 先 别 说 宰 猪 的 事儿  你 先 说 我 爸 于 大妈  这 不  我 还 没 到 宰 猪 那 地 儿 就 听 你 爸爸 叫唤 了 

这个 他 呀  让 我 回来 先 给 你们 报 个 信 儿  这会儿 啊  到 交通 大队 去 解决 了 

（ 交通 大队  三 个 肇事者 正在 争吵  傅老 躺 在 椅子 上 ） 傅老  哎哟 

哎哟 

中年 妇女  （ 从 争吵 声 中 出 ） 唉 你们 瞧瞧  这 怎么 能 是 我 的 责任 呢 
警察 同志  您 瞅 瞅  他们 俩 把 这 老 同志 撞 成 什么样 了 呀  人家 在 街上 好好 地 走 着 

中年 男人  谁 撞 的 
谁 撞 的 
民警 同志  您 别 信 她 的  贼 喊 捉 贼 

中年 妇女  废话  你 要 不 撞 我  你 要 不 撞 我 我 就 撞 他 啦 
中年 男人  要 这么 说  （ 向 女 学生 ） 是 她 先 撞 的 我 

女 学生  那 也 是 别人 先 撞 的 我 

中年 男人  我 就 知道 你 先 撞 的 我 别的 我 不 知道 了 中年 妇女  反正 你 要 不 撞 我 呀  我 也 不 会 撞 着 人家 这 位 老 同志  啊  怎么办 吧  撞 伤 了 人家 带 人 看病 去  伤 了 你 养 着  瘫 了  你 伺候 着 

警察  唉  唉 我 说 那 小姑娘  小姑娘  先 撞 着 你 那 人 呢 女 学生  他 跑 了  本来 我 已经 把 他 纠 住 了  唉 可是 这 位 

（ 向 中年 男人 ） 唉 我 是 管 你 叫 叔叔 啊 还是 叫 哥哥 呀 
中年 男人  得 得 得  随 你 便 吧  我 这 人 也 不 爱 充 大 辈  你 就 管 我 叫 哥 吧 女 学生  啊  后来 我 哥  拼命 地 拉 着 我  结果 让 那个 罪魁祸首 趁机 跑 了  这 他们 都 看见 了  不过 啊  这 法网恢恢  疏 而 不 漏  他 跑 的 了 初 一 跑 不 了 十五  您 早晚 会 把 他 抓住 的  为 我 一个 无辜 的 女孩子 申冤 报仇 中年 男人  唉 唉 我 说 我 妹  我 说 我 妹  你 可 不 能 血口 喷 人 呐  我 可 不 是 成心 把 他 放 跑 的  因为 你 撞 了 我 我 不 拉 着 你 你 也 跑 了 （ 争吵 ） 傅老  民警 民警 同志 

警察  唉 老同志 您 说 傅老  该 我 谈谈 了 吧  不管 怎么 着  我 也 是 当事人 之一  而且 是 主要 受害者  我 刚才 在 这 躺 了 半天  就 一直 没有 捞 到 机会 发表 意见  他们 可 是 太 不像话 了 

警察  没事儿 没事儿 您 躺 着 说 不 用 起来 傅 老  别 看 我 六十 多 了  身体 还 行 

警察  是  也 全 仗 着 您 身体 好 要 换 坏人 非 撞 坏 了 不行 傅 老  那 是  那 年轻 的 时候 我 还 练 过 点儿 武术  我会 那个 二 指 禅 

哎哟 

哎呀  刚才 呀  眼 瞅 着 那个 车 就 冲 我 来 了  啊 我 一下子 我 就 

就 没 躲 过去  把 我 撞 的 不 轻 啊 得 好好 处理 他们 

（ 三 人 解释 ） 警察  （ 看 三 人 一 眼  安静 ） 啊 我 也 看 出来 了  您 啊  是 位 老 同志 傅老  啊  这 你 都 看 出来 了 

啊 一九四五年 抗日战争 时期 

志国  （ 与 家人 鱼 贯 而 入 ） 爸爸 

傅老  够戗 啊  要 不 是 我 功夫 早就 趴下 了 

你们 都 来 了 

啊 （ 家 人  上 医院 吧 
