
燕红  （ 打断 ） 嫌 我们 志 新 同时 交 着 好几 个 女朋友 
怎么 啦 
为什么 不 可以 脚 踩 几 只 船 哪 
志新  不 不 
我 最 反对 谈 恋爱 的 时候 脚 踩 几 只 船 
燕红  也 是  等 结 了 婚 以后 再 踩 也 不 晚 呀 
志新  对 -- 那 更 不 成 啦 
女友  （ 渐 怒 ） 贾志新 
你 不 是 一再 向 我 保证 你 是 个 感情 专一 的 人 吗 
燕红  是 呀  那 没 错 
我们 志 新 就 是 有 这个 特点  别 看 交 的 女朋友 多  跟 谁 都 是 逢 场 作 戏  （ 数 周 后 
白天 
傅 家 客厅 ） （ 志新 与 新交 女友 马芳芳 在 翻看 相册 ） 志新  （ 为 芳 芳 殷勤 地 讲解 着 ） 这 是 当年 我 母亲  这 是 我 父亲  我 哥  我 

这 是 

咦  她 在 这儿 干 嘛 
（ 将 其中 一 张 照片 取出 ） 也 不 知道 谁 插 进去 的 

对 啦  你 看  这 是 我 妹妹 -- 芳芳  （ 疑心 大 起 ） 等等 
先 把 你 刚才 那 妹妹 的 照片 给 我 看 看 -- 志新  （ 不得已 拿 出 ） 这 不 是 

这 没什么 好看 的 

芳芳  （ 审问 ） 那 这 是 谁 呀 
志新  是 我 

谁 也 不 是 
街坊  同学  什 麽 关系 也 没有 
芳芳  不 对 吧 
不 是 你 过去 的 女 朋友 
志新  她 
就 她 
你 也 太 小 瞧 我 贾志新 了 吧 
谁 正 眼 儿 瞧 过 她 呀 
又 干 又 瘦  一 脑袋 黄 毛  跟 苞米 穗子 似的  知道 我们 当年 管 她 叫 什么 吗 -- 老玉米 
甭管 两 人 关系 走 到 多 深  从来 不 把 感情 轻易 投 进去 
我 估摸 着  他 打 生 下来 到 现在 一点儿 感情 都 没 糟 践  把 最 好 的 爱 都 留 给 你 啦 
女友  （ 质问 志新 ） 哼  跟 那些 女孩 都 有 多 深 的 关系 了 

志新  没有 

燕红  （ 打断 ） 没有 多 深 其实 也 
喏  就 是 一个 追 志 新 追 成 了 精神病  另 一个 自杀 未遂 跳楼 摔 成 了 一 条 腿  还有 一个 一 年 去 医院 做 了 12 回 手术 

女友  （ 厉声 ） 别 说 了 
我 还 想 多 活 几 年 呢 
（ 背 起 小 包 昂然 离去 ） 志新  （ 急 ） 丽丽 你 别 走 啊 

（ 对 燕红 ） 你 这 不 是 给 我 胡编 么 
（ 顾不得 多 说  追 下 ） （ 燕 红 捧腹大笑 ） （ 燕红 出现 在 客厅 门口 ） 燕红  （ 断 喝 一 声 ） 贾 炕 
志新  （ 本能 地 ） 嗳 
-- 嗨  你 怎么 来 了 

（ 急忙 ） 我 介绍 一下  马芳芳 小姐  我 朋友  这 位 就是 

就 是 

芳芳  你 刚才 管 他 叫 什么 
 甲亢  
燕红  对 呀 
芳芳  （ 大 惊  问志新 ） 这么 说 你 得 过 甲亢 -- 就 是 那 大脖子病 
这 病 遗传 吧 
志新  没有 没有 
我 从来 没 得 过 这 病 
这 也 是 我们 小时候 他们 给 我 瞎 起 的 外号  这  甲  呢 是 因为 我 姓 贾   亢  呢 是 因为 我 经常 爱 尿炕 

（ 自知 失言  转 怒斥 燕红 ） 我 还有 那么 多 好 的 外号  军长  老 四  胡汉三  你 怎么 不 提 
燕红  （ 嘻 嘻笑 ） 我 怎么 从来 没 听说 过 你 叫  胡汉三  
我 倒 记得 小学 三 年级 的 时候 管 你 叫 过  二 傻子   因为 你 为了 争 先进  愣 从 家里 要 了 一 毛 钱 交 老师  说是 路 上 捡 的 
志新  （ 不 服 地 ） 那 也 比 你 真 捡 了 一 毛 不 交公  买 两 根 冰棍 吃 强 吧 
-- 还 一 根 奶油 的  一 根 巧克力 的  左 一 口 右 一 口  美 得 你 
燕红  （ 也 红 了 脸 ） 还 说 呢  那 巧克力 的 后来 我 不 给 你 了 吗 
志新  那 也 是 我 抢 着  唆 溜  了 一 口  你 没 了 轍 才 给 我 的 

芳芳  （ 酸溜溜 地 ） 我 说 你们 二 位 等 我 走 了 以后 再 争 不 行 吗 
燕红  （ 做 恍然 状 ） 还是 小 马 说 的 对 
志新  咱 俩 别 老 回忆 这些 不 愉快 的  有 温馨 的 呀 
（ 对 马芳芳 ） 我们 志 新 打 小 老实  往 好 了 说 是 模范 儿童  说 白 了 也 就是 窝囊废  在 学校 挨 了 大 嘴巴 都 不 敢 哭  回 回 还 得 我 给 他 报仇 去 
芳芳  （ 更 酸 了 ） 是 吗 
那 你 可 真 够 有 福气 的 -- 贾 炕 
志新  （ 挂 不 住 ） 不 对 吧  初二 的 时候 我 打架 开 了 瓢 儿 记 不 记得 
为 谁 呀 
还 不 是 因为 疤 痢 那 帮 在 胡同口 截 你  我 挺身而出 才 挨 的 那 一 砖头 吗 
芳芳  您 二 位 可 真 是 青梅竹马 
燕红  你 甭 听 他 的 -- 就 那么 一 回 英雄 救 美人 他 能 记 一辈子 
志新  一 回 
不 对 吧  打 上 小学 五 年级 开始 

芳芳  （ 忍无可忍 ） 你们 聊 吧 
( 起身 离去 ） 志新  （ 随口 ） 哎 不 送 

一直 到 初三  五 号 大院 那 帮 流氓 多少 次 要  拍  你 呀 

（ 燕红 微笑 示意 他 马芳芳 已 离去 ） 志新  （ 这 才 发现 ） 啊  走 啦 
走 就 走 吧  没什么  可 咱 俩 还 得 把 这 事 搿 扯 搿 扯 清楚 

（ 猛 想起 ） 坏 啦  我 钱包 还 在 她 那儿 哪 
（ 慌忙 追 下 ) （ 燕红 又 大 笑  笑毕 沉思 ） （ 次日 
