在 中国 汽车 市场 的 诸多 品牌 里 ， 恐怕 没有 哪 一个 品牌 会 像 红旗 一样 ， 让 车 企 和 车主 都 如此 纠结 。
去年 4月 下旬 ， “ 红旗 ” 轿车 在 北京 高调 “ 复兴 ” 的 盛大 场面 还 让 很多 人 历历在目 ， 一年 里 ， “ 理想 之 车 ” 的 广告 见 诸 各种 媒体 ， 作为 C 级 车 市场 里 2013年 唯一一 张 新鲜 面孔 ， 红旗 H7 打 拼 半 年 ， 销量 共计 2534 辆 ， 在 最终 销量 上 排名 第7 ， 如果 将 销量 翻 倍 ， 以 12 个 月 的 销量 看 ， 甚至 完全 有 可能 超越 2013年 销量 排名 第6 的 沃尔沃 S80L （ 3735 辆 ） ， 这样 的 成绩 似乎 也 算 差强人意 。
但 C 级 车 市场 的 残酷 在于 ， 这 是 一个 “ 赢 者 通 吃 ” 的 市场 ， 销量 排名 第5 的 凯迪拉克 XTS 一年 2 万 余 辆 的 销量 “ 向 下 ” 比 是 沃尔沃 S80L 的 5 倍 有余 ， “ 向 上 ” 比 却 不 到 排名 第一 的 奥迪 A6L 销量 （ 149183 辆 ） 的 1 / 7 。
红旗 H7 之下 ， 已经 是 这个 细分 市场 里 失去 统计 意义 的 边缘 车型 。
数据 不 会 说谎 ， 红旗 H7 去年 的 成绩单 意味 着 自 去年 5月 30日 正式 上市 以来 ， 这 款 被 一汽 寄予 “ 第三 次 复兴 ” 重任 的 车型 ， 月 均 销量 不足 400 辆 。
新年伊始 ， 车 市 进入 传统 的 销售 淡 季 ， 红旗 的 1月 的 销量 更 是 滑 落 到 100 辆 。
不断 滑 落 的 销量 其实 已经 宣告 红旗 定位 “ 省部级 公务 车 ” 市场 的 失败 ， 倒 是 应 了 一汽 轿车 销售 公司 总经理 张晓军 的 话 ： “ 红旗 只有 在 私人 市场 取得 成功 ， 才 是 真正 的 成功 。 ”
在 红旗 H7 之前 ， 红旗 从 上 世纪 90年代 开始 ， 经历 过 两 次 “ 复兴 ” ， 一 次 是 以 当年 奥迪 100 的 模样 ， 一 次 是 以 丰田 皇冠 的 换 标 。
两 次 “ 复兴 ” 的 结果 ， 无 一 不 是 以 市场 反应 惨 淡 收场 ， “ 红旗 ” 在 那些 心中 有着 特殊 情结 的 用户 眼中 ， 再 也 不复 “ 国 车 ” 之 名 。
在 渠道 建设 上 ， 一汽 对 “ 红 馆 ” 一掷千金 的 豪气 同样 让 观者 惊叹 ， 以 北京 为 例 ， “ 黑底 红 字 ” 的 “ 红 馆 ” 坐落 在 寸土寸金 的 金 宝 街 ， 面积 600 平方米 、 投资 3000 万 元 （ 一汽 承担 80% ） ， 店 里 的 墙壁 上 挂 满 了 黑 白 历史 照片 和 象征 着 红旗 标志 的 向日葵 油画 ， 陈设 的 瓷器 都 是 经 中央 美术馆 认证 的 大师 作品 ， 黑色 大理石 的 前台 后面 ， 销售 经理 使用 的 电脑 都 是 苹果 品牌 。
出门 右 转 ， 邻居 则 是 法拉利 、 劳斯莱斯 这样 售价 几 百 万 起 、 国内 年 销量 在 4 位 数 以下 的 超 豪华 品牌 — 这样 的 店面 ， 让 人 很 难 想象 里面 展示 的 只 是 30 万 -50 万 元 的 汽车 。
而 那 台 被 称为 “ 镇 店 之 尊 ” 的 红旗 L5 展 车 ， 售价 也 不过 100 多 万 。
可以 说 ， 一汽 打造 红旗 品牌 ， 在 “ 硬件 ” 上 已经 做 足 了 功夫 。
但 “ 硬件 ” 越是 豪 奢 ， 则 越 让 人 担心 品牌 内涵 的 “ 软件 ” 跟不上 。
红旗 以 “ 官 ” 带 “ 民 ” 的 思路 乍 看 之下 非常 符合 “ 中国 国情 ” ， 但 事实 却 可能 证明 ， 在 豪 车 市场 上 ， 只 有 普遍 的 用户 偏好 ， 而 没有 中国 国情 — 尽管 “ 官 车 ” 的 身份 曾经 让 奥迪 在 中国 C 级 车 市场 上 占 得 先 机 ， 但 很 多 人 都 忽略 了 奥迪 本身 就 是 经过 市场 考验 的 高端 品牌 ， 而 “ 红旗 ” 虽然 生来 就 是 “ 官 车 ” ， 但 这 只 “ 堂前燕 ” 从来 没有 在 市场 里 完成 技术 和 品牌 的 积累 ， 顶多 是 沾 上 了 政治 领袖 的 光环 ， 否则 也 不 存在 1980年代 全面 停产 的 历史 。
“ 官 路 ” 难 通 还 在于 ， 2011年 “ 史 上 最 严 ” 的 普通 公务 车 “ 1818 （ 排 量 1.
8L 以下 、 价格 18 万 元 以下 ） ” 标准 已经 将 红旗 的 公务 车 之 路 推进 了 一个 极其 狭窄 、 容量 有限 的 细分 市场 ， 而 觊觎 着 这 块 小 蛋糕 的 ， 还有 二汽 、 上汽 这样 的 “ 兄弟 ” ， 在 红旗 的 指引 下 ， 更 多 的 “ 高端 公务 用 车 ” 成批 出现 已经 是 既定 事实 。
更 让 人 隐忧 的 是 ， 尽管 一汽 在 这次 红旗 品牌 复兴 中 明确 了 品牌 的 “ 档次 ” ， 却 没有 进一步 明确 界定 品牌 的 内涵 ， 一 句 空泛 的 “ 理想 之 车 ” ， 除了 能 引起 过 来 人 的 些许 共鸣 ， 却 也 可能 招 来 年轻 一代 人 的 反感 — 因为 红旗 H7 所有 的 广告 中 所 表现 出 的 “ 理想 ” ， 都 是 上 一代人 的 价值观 ， 车头 一 面 红旗 ， 轮毂 和 方向盘 上 的 向日葵 ， 这些 由 政治 符号 转化 而 来 、 带 着 时代 烙印 的 LOGO ， 与 红旗 的 竞争 对手 们 在 广告宣传 中 所 散发 的 时尚 、 个性 信息 相比 ， 已经 很 难 俘获 年轻 用户 的 心 。
想 要 加盟 麦当劳 ， 首先 朱 天华 得 拥有 至少 200 万 元 现金 或 同 等 可 变现 资产 ， 且 这 200 万 元 不 可以 贷款 。
资料 显示 ， 申请人 将要 投入 的 至少 200 万 元 资金 是 申请人 购买 一 家 成熟 餐厅 所 要 付出 的 前期 费用 ， 包含 了 购置 厨房 设备 、 招牌 、 座位 、 装饰 ， 特许 入门 费 以及 保证金 3 部分 内容 ， 并 不 包括 餐厅 经营 所 需 的 流动 资金 。
尽管 这个 加盟 门槛 已经 算是 史 上 最低 ， 但是 麦当劳 还 是 开 出 了 一些 严 苛 的 条件 。
比如 ， 申请人 必须 是 个人 ， 且 不 允许 合伙 投资 ， 这样 就 保证 了 麦当劳 特许 经营者 的 个人 财务 实力 ， 也 尽量避免 日后 因为 在 门 店 归属 上 而 出现 的 纠纷 。
而且 每 一个 申请人 ， 必须 要 全 职 参与 到 麦当劳 门 店 的 运营 当中 。
“ 投资 麦当劳 不 是 一个 金融 游戏 ” ， 获准 的 申请 人 ， 必须 将 自己 的 热情 和 未来 ， 连同 自己 的 资金 ， 一 并 献给 麦当劳 。