2010年 第三 届 世界 大专 华语 辩论 表演赛 --- 王者 之 约 （ 2010年 7月 25日 ） 辩 题 ： 正方 ： 生命 的 可悲 在于 它 不 能 重 来 反方 ： 生命 的 可喜 在于 它 不 能 重 来 【 正方 辩 手 】 一 辩 ： 胡 渐 彪 ； 二 辩 ： 黄聪涵 ； 三 辩 ： 陈思渊 ； 四 辩 ： 路 一 鸣 ； 【 反方 辩 手 】 一 辩 ： 黄 执 中 ； 二 辩 ： 梁佑诚 ； 三 辩 ： 凌国文 ； 四 辩 ： 马薇薇 ； 【 正方 立论 】 胡 渐 彪 ： 原来 第一 次 当 主辩 也 会 紧张 的 。
其实 我 也 还 很 年轻 ， 真 的 还 很 年轻 ， 30 多 年 的 人生 经验 ， 但是 允许 我 用 这么 一点点 有限 的 阅历 和 认识 来 谈谈 今天 的 辩 题 。
其实 生命 本来 就 是 有 悲 有 喜 ， 悲喜 交集 ---- 那 今天 我们 要 谈 的 是 什么 ？
---- 我们 要 谈 的 就是 ， 生命 中 的 悲 和 喜 到底 是 不 是 由 生命 不 可 重 来 这个 既定 的 事实 留下 的 烙印 。
而 我们 认为 生命 的 可悲 在于 它 不 能 重 来 ， 因为 起码 我们 发现 ， 它 造成 了 人生 的 三 大 可悲 ： 第一 ， 它 造成 了 因为 失去 而 不能 再 拥有 的 痛惜 之 情 。
看看 我们 的 岁月 ， 时间 过去 就 过去 了 ， 青春 没有 了 就 没有 了 。
所以 我们 才 会 有 ， “ 黑发 不知 勤 学 早 ， 白 首 方 悔 读书 迟 ” 的 悲 情 ； 也 也 因为 生命 不 能 重 来 ， 亲情 过去 了 就 过去 了 ， 所以 我们 才 会 有 “ 树欲静而风不止 ， 子 欲 养 而 亲 不 在 ” 悲愁 ； 也 因为 生命 不 能 重 来 ， 所以 我们 才 会 发现 ， 当 情人 过去 了 就 过去 了 ， 你 想 再 追 回 来 的 时候 你 得 不 到 了 ， 所以 刘 若 英才 会 说 ， “ 后来 我 终于 学会 了 怎么 去 爱 ， 只 可惜 你 早已 消失 在 人 海 ” ！
第二 ， 我们 发觉 生命 不 可以 重 来 也 带来 了 另 一 外 种 悲 情 ， 那 就 是 犯 错过 后 无法 再 回头 的 悔恨 之 心 。
有 一 位 叫 杨伟光 的 朋友 在 新加坡 因为 贩毒 被 抓 了 ， 一 失足 造成 的 是 千 古 之 恨 ！
我们 更 看到 ， 德国 老兵 们 过去 犯下 屠杀 的 错误 ， 纵使 他 懊悔 了 ， 但是 人 死 不 能 复 生 啊 ！
这 一个 遗恨 就 只 能 成为 他 生命 中 漫长 节日 中 天 天 要 煎熬 的 苦处 ！
第三 ， 我们 也 发觉 ， 它 带来 的 可悲 也 在于 因为 失败 过 后 没有 机会 再 去 尝试 的 懊恼 之 心 。
各位 ， 诸葛亮 “ 出师 未 捷 身 先 死 ” ， 结果 怎么样 ？
没有 机会 尝试 的 结果 就 只能 是 “ 长 使 英雄 泪 满 襟 ” 。
台下 有 很多 辩 手 ， 有 一些 辩 手 甚至 是 他们 可能 没有 机会 再 参加 大专 辩论 赛 了 ， 为什么 在 下 台 的 那 一刻 ， 为什么 在 败北 的 那 一刻 会 泪 流 不止 ？
我 也 是 过来人 ， 因为 你 知道 ， 机会 ， 没有 了 ！
各位 ， 我们 今天 告诉 大家 ， 生命 不 能 重 来 带来 可悲 ， 我们 并 不 是 要 传达 一个 什么 错误 的 讯息 。
我 有 两点 希望 大家 能够 明白 ： 第一 ， 我们 今天 说 生命 的 可悲 在于 它 不 能 重 来 ， 我们 并 不 是 主张 要 让 我们 追求 要 让 生命 能够 重 来 。
各位 ， 你 要 知道 ， 我们 今天 说 ， 它 不 能 重 来 ， 我们 认同 它 造成 的 可悲 ， 不 代表 我们 今天 就 要 反过来 要 我们 说 ， 诶 ， 让 我们 一起 来 追求 这 不 现实 ， 让 我们 一起 来 追求 这个 不 可能 发生 的 事情 来 扭转 ----- 不 是 的 ！
而 纵使 生命 它 能 重 来 ， 可能 会 带来 混 乱 ， 也 不 代表 今天 生命 不 能 重 来 没有 对 我们 的 人生 留下 的 痛苦 印迹 ！
其次 ， 我们 更 希望 大家 能够 了解 ， 生命 不 可 重 来 带来 可悲 ， 不 代表 我们 今天 认为 整个 人生 都 是 可悲 的 。
我们 今天 只不过 是 希望 大家 能够 明白 ， 纵使 生命 中 因为 不 可 重 来 留下 的 可悲 的 印迹 ， 但是 我们 今天 ， 并 不 是 要 拥抱 整个 可悲 。
而 是 希望 能够 让 我们 ， 争取 现在 我们 生活 中 能够 拥有 的 ！
你 我 今天 所 能够 去 创造 的 ！
在 你 身边 还 跟 你 坐 在 一起 的 战友 们 ， 珍惜 这 一切 ， 珍惜 你 的 家人 ， 珍惜 这 一切 的 可喜 ， 我们 用 价值 的 平常心 来 看待 ， 那 这个 辩 题 才 有 意义 ！
生命 不 能 重 来 带来 最 大 的 可悲 就 在于 ， 刚才 我 这么 紧张 的 表现 ， 过 了 这 一 场 ， 可能 下 一 次 就 没有 机会 再 扳回 来 了 ！
所以 ， 以上 我 就 用 三 个 论点 、 两 个 澄清 ， 再 加上 刚刚 说 的 这个 价值 来 论证 我方 命题 ！
谢谢 ！
【 反方 四 辩 法庭 式 盘问 】 反方 --- 马薇薇 ： 非常 感谢 渐 彪 兄 今日 给 我们 带来 了 两 个 可喜 之 处 ： 就 是 ， 第一 ， 我 来到 这里 尽管 说 看到 后生可畏 ， 内心 感觉 有 点 压力 ， 但是 居然 发现自己 比 渐 彪 兄 更加 年轻 略 感 可喜 ； 第二 个 可喜 在于 ， 渐 彪 兄 说 万一 今天 表现 不 好 ， 留下 遗憾 可悲 ， 那么 站 在 反 方 的 我们 未免 心头 窃 喜 。
好 ， 我 想 请问 渐 彪 兄 一个 问题 ， 那 就是 生命 是 不 是 充满 了 很多 由于 不 能 挽回 而 痛苦 和 悲惨 的 事情 ？
正方 --- 胡 渐 彪 ： e ， 是 的 ， 这 就是 我 刚才 的 稿件 论述 。
反方 --- 马薇薇 ： 好 ， 那么 当 你 能够 回到 去 过去 挽回 某 一 件 事情 的 时候 ， 那么 ， 这个 时候 这个 问题 能 不 能 得到 解决 ？
正方 --- 胡 渐 彪 ： e ， 我 不 回答 假设 性 问题 ， 而且 我们 今天 不 是 论述 可以 重 来 到 底 好 还是 不 好 。
反方 --- 马薇薇 ： 对方 提出 说 在 辩论 中 不 能 回答 假设 性 问题 ， 而 在场 的 各位 都 知道 ， 辩论 本身 就 是 充满 假设 和 推理 的 ， 如果 只 有 事实 ， 我们 何须 辩论 ， 只 须 上 来 展示 自己 的 身材 就 好 了 。
