这 就 是 为什么 我们 反复 劝导 对方 辩 友 要 放 下 自己 的 欲望 。
这个 时候 对方 辩 友 问 我们 说 ， 请问 你们 能 放下 吗 ？
我方 有的 人 说 能 ， 有的 人 说 不 能 ， 有 的 情况 下 比较 能 ， 有的 比较 不 太 能 ！
OK ， 因为 我们 四 个 都 是 人类 ！
我们 不 是 佛 ， 你们 不要 把 我 神坛 ， 我们 只 是 有 一 颗 向 佛 的 心 而已 ！
你 以 为 我们 是 在 劝导 你们 吗 ？
不 是 ， 其实 我们 也 在 开 解 自己 ！
生命 太 脆弱 了 ！
大多 无望 之 灾 ！
我 无法 改变 ， 就 像 你们 说 的 ， 这 是 一个 事实 ， 我 只能 假设 ， 但是 我 告诉 你 ， 今天 像 对方 这样 假设 都 会 造成 更 多 的 苦难 ！
不 如 ， 你 就 认为 它 不 可 重 来 ！
这个 时候 你 会 欣然 接受 ！
对 ， 你 不 会 high 到 去 开 派对 ， 这个 时候 你 只 会 在 历经 苦楚 之后 沉淀 出 一 抹 微 酸 化 在 脸上 ， 这种 笑 ， 是 佛祖 拈 花 ， 微笑 的 笑 。
对方 辩 友 ， 我们 谈 完 个 人 谈 人类 。
而 如果 整个 人类 一 起 活 在 轮回 梦 中 会 怎样 ？
我们 会 永远 活 在 一个 过去 ！
因为 人类 的 历史 就是 坎坷 而 崎岖 不平 的 ！
我们 永远 在 修正 过去 的 错误 却 忘 了 认识 不 太 完美 的 我们 ， 从而 鼓励 那些 残缺 的 我们 走向 未来 ！
所以 最后 ， 我 想 劝 对方 四 位 和 在座 的 各位 一 句 话 ： 愿 你 已 放下 ， 活 在 光明 中 ！
【 正方 总结 】 路 一 鸣 ： 佛家 学说 让 我们 放下 执 着 ， 不要 在 意 生命 当中 曾经 出现 过 的 那些 令 人 懊悔 的 东西 ， 不要 执 着 于 此 。
就 如同 道家 学说 一样 告诉 我们 ， 其实 万事 万物 在 某 一时 刻 都 以 一定 的 形态 出现 ， 在 下 一时 刻 ， 它 会 以 另外 的 形态 出现 ， 它 要 告诉 我们 的 ， 仅仅 是 ， 不要 执 着 于 当下 的 时态 ！
它 有 没有 告诉 我们 ， 不 以 万物 的 生灵 为 悲 ？
不 以 万物 的 成长 为 喜 ？
没有 ！
我 方 有 没 有 试图 让 大家 去 追求 ， 一个 可以 轮回 ， 可以 无限 次 的 重 来 的 ， 再 来 改过 的 机会 ？
没有 ！
那么 ， 既然 生命 当中 有 一些 无法 挽回 的 失误 令 我们 懊恼 ， 我们 的 喜 ， 从 何 而 来 ？
在 对方 所有 的 论证 当中 ， 他 告诉 我们 ， 你 要 看 得 开 。
是 不 是 只有 这样 一个 所谓 出世 的 态度 才 能 做到 生命 由 悲 转 喜 ？
先 从 入世 的 角度看 ， 当 我们 发现 了 过去 曾经 犯 的 一些 错误 ， 有些 失误 ， 有 一些 不 自觉 的 ， 由于 我们 理性 的 局限 做出 的 短视 的 判断 的 时候 ， 我们 能 不 能 自 省 ？
在 一个 人间 的 范围 内 ， 我们 能 不 能 自 省 而后 创造 提高 ？
我们 能 不能 以 人 的 一 颗 心 去 感受 人 与 人 之间 的 人世间 的 温情 、 爱情 、 真情 ？
我们 是 不 是 一定 要 放 下 所有 的 这 一些 带 给 我们 的 影响 做 一个 事 事不关己 的 人 ， 才 能 达到 对方 所谓 的 平 淡 ？
恰恰 在 这 一点 ， 对方 停 住 了 ！
平 淡 ， 能 不 能 带来 喜 ？
佛祖 在 拈 花 微笑 的 时候 他 都 不 说话 ， 他 要 我们 去 悟 ！
道家 也 告诉 我们 ， 道 可 道 ， 非常 道 ！
你 凭 什么 认为 ， 这样 一个 状态 ， 它 就 是 喜 ？
好 ， 我们 再 从 出世 的 角度看 ， 这 是 对方 今天 一直 在 跟 我们 谈 的 话题 。
没有 问题 ！
我们 人世间 的 很多 问题 ， 不要 太 过于 执 着 ， 否则 整个 生命 都 是 悲剧 ， 都 会 陷入 悲观 的 情绪 当中 不能自拔 ！
佛家 、 道家 和 其他 的 我们 甚至 不 甚 了解 的 宗教 ， 甚至 图腾 都 在 告诉 我们 达 致 生命 的 一个 更 高 的 境界 和 层次 ！
哪怕 佛家 、 佛 界 ， 也 有 一 种 佛 ， 他 说 ， 世界 万 人 不 度 ， 我 不 出 地狱 ！
请问 ， 在 一个 最高 境界 的 精神 世界 当中 ， 有人 如此 执 着 ， 在 出世 的 环境 下 ， 又 有 哪 一 位 可以 代表 绝对真理 告诉 我们 放下 是 什么 态度 ？
看 得 开 ， 人 又 会 怎样 ？
为什么 生命 不 可 重 来 会 带 给 我们 可悲 ， 而 我们 还要 继续 ， 充满 欣喜 的 活 在 这个 世上 ？
因为 我们 相信 ， 所谓 求 不得 、 爱 别离 、 憎 相会 也许 只是 我们 今生 今世 的 某种 体验 ， 而 我们 也 追求 精神 和 灵魂 的 一 种 自由 ！
小小 躯壳 ， 岂能 困 住 我们 自由 的 追求 和 理想 ？
到 那个 时候 ， 我们 纵横 天地 之间 ， 润 物 无 声 ， 回顾 此生 ， 岂 不 悲 哉 ？
谢谢 ！
2001 国际 大专 辩论会 决赛 辩 词 正方 ： 武汉 大学 ： 钱 是 万恶 之 源 反方 ： 马来亚 大学 ： 钱 不 是 万恶 之 源 主席 ： 蔡 萦 首先 有请 正方 一 辩 蒋舸 同学 发言 ， 时间 是 3分钟 ， 请 。
（ 掌声 ） 蒋舸 ： 谢谢 主席 。
各位 评委 ， 各位 观众 ， 大家 晚上 好 。
《 圣经 》 中 " 失 乐园 " 的 故事 和 中国 先贤 孟子 的 教诲 都 说明 了 人 之 为 恶 并非 本性 使 然 ， 而是 外在 的 诱惑 使 人 迷失 了 自己 的 良知 。
那么 ， 外在 诱惑 如此 之 多 ， 为什么 偏偏 是 钱 成为 了 万恶 之 源 呢 ？
第一 ， 钱 具有 与 任何 商品 进行 等价交换 的 现实 合法性 。
一方面 ， 钱 既 是 财富 的 象征 ， 又 是 一般 等价物 。
它 具有 无限 的 效力 ， 因此 能 煽 起 人 的 无穷 贪欲 。
但是 另一方面 ， 每个 人 对于 金钱 的 占有 又 都 是 有限 的 ， 无限 的 欲望 根本 不 可能 得到 满足 。
正 是 金钱 这种 效用 无限 性 和 占有 有限 性 之间 的 矛盾 ， 使 它 比 其他 任何 物品 都 更 能 激起 人 心中 的 非分之想 ， 从而 使 人 迷失 良知 ， 堕入 邪恶 。
第二 ， 钱 不仅 可以 在 商品 领域 呼风唤雨 ， 而且 可以 使 非 商品 也 商品化 。
