袁 丁 ： 我方 已经 说 了 ， 连 " 贪 " 字 下面 都 有 个 " 贝 " 字 ， 那 不 是 表示 对 钱 的 贪欲 吗 ？
（ 掌声 ） （ 对方 同学 请 你 告诉 我们 ， 马来西亚 的 球员 为什么 要 把 球 往 自己 的 球门 里 踢 ？
对方 同学 恐怕 不 是 不 知道 ， 那 是 因为 赌球 ， 赌球 是 为了 什么 ？
为了 钱 ！
） 胡 渐 彪 ： 有 一个 " 贝 " 字 ， 就是 为了 钱 。
那 我们 今天 " 辩论 员 " 的 " 员 " 字 下面 也 有 一个 " 贝 " 字 ， 你 是 说 我们 大家 都 是 贪 钱 的 人 喽 ？
（ 掌声 ） 余磊 ： 首先 告诉 对方 同学 ， 在 中文 的 语言 当中 ， 目前 的 文字 当中 没有 一个 " 贝 " 字 。
还 要 告诉 对方 同学 ， 对方 同学 说 ， 今天 的 奖杯 有 10000 块 钱 ， 我们 会 不 会 去 贪 呢 ？
我们 不 会 ， 因为 我们 受 过 教育 。
而且 还要 提醒 对方 同学 ， 在 这种 情况 下 根本 就 没有 恶 的 存在 。
没有 恶 的 存在 ， 对方 同学 还 要 讨论 恶 之 源 ， 是 不 是 叫作 " 没有 牙齿 的 老太太 嚼 牛筋 -- 白费 口舌 " 呢 ？
（ 掌声 ） 陈锦添 ： 对方 说 到 教育 ， 我 倒 想 问 对方 一个 问题 ， 今天 你 教育 ， 是 教育 人 ， 还 是 教育 钱 呢 ？
（ 笑声 ） 周玄毅 ： 对方 同学 ， 您 的 四 辩 告诉 大家 说 ， 我方 不 谈 逻辑 ， 光 谈 事实 。
可是 事实 您 一 个 都 没有 解决 呀 ！
您 不 愿意 说 赌博 的 问题 ， 那 好 ， 我们 就 谈谈 毒品 犯罪 。
请问 您 ， 毒品 犯罪 背后 的 推动 力量 究竟 是 什么 ？
陈 政 鞃 ： 如果 要 谈 事实 的 话 ， 我 想 人类 最 悲剧 的 一个 事实 就是 在 南京大屠杀 的 时候 。
请问 南京大屠杀 的 时候 ， 日本 人 蹂躏 我们 的 中华 女性 的 时候 ， 他 是 为了 钱 而 这 样子 做 的 吗 ？
（ 掌声 ） 余磊 ： 按照 对方 辩 友 的 观点 ， 日本 人 侵略 亚洲 各国 ， 为 的 不 是 经济 利益 ， 为 的 是 建立 " 大 东亚 共 荣 圈 " 。
这样 的 借口 ， 我们 能 接受 吗 ？
（ 掌声 ） 陈勋亮 ： 对方 辩 友 别 ， 对方 辩 友 别 忙 着 扣帽子 。
如果 经济 发展 就 是 万恶 之 源 的 话 ， 那 新加坡 经济 蓬勃 发展 ， 不 是 可 把 恶 源 给 堆 得 越来越 多 了 吗 ？
对方 辩 友 ， 请 你 回答 我方 的 一个 例子 吧 ， 如果 钱 是 万恶 之 源 ， 那 到底 钱 跟 东京 的 杀 林 毒气 案 件 有 什么 关系 呢 ？
周玄毅 ： 经济 发展 新加坡 的确 做 得 很 好 。
可是 日本 的 经济 发展 比 新加坡 做 得 更 好 啊 ！
他 还 不 是 一 阔 脸 就 变 说 ， 反正 我 现在 有 钱 了 ， 我 根本 就 不 承认 我 侵略 了 东南亚 各国 啊 ！
（ 掌声 ） （ 陈锦添 ：日 本 侵略 ， 经济 发展 ， 是 不 是 恶 呢 ？
蒋舸 ： 我方 刚才 已经 说 得 很 清楚 了 。
关于 日本 的 问题 ， 那 日本 现在 还 给 了 慰安妇 一点 钱 ， 就 说 他们 是 自 相 情愿 。
那么 对方 辩 友 ， 有 一点 钱 就 敢于 把 自己 的 恶 都 否认 了 ， 恶 而 不 自 知 ， 恶 莫大 焉 。
） 胡 渐 彪 ： 对方 辩 友 说 到 日本 人 篡改 历史 ， 我 就 一 肚子 气 。
我 想 请问 ， 这种 不 顾 事实 ， 掩盖 历史 的 现象 ， 这种 恶 是 钱 带来 的 吗 ？
（ 掌声 ） 余磊 ： 钱 多 ， 这 叫 钱 多 烧 得 慌 ， 冲 昏 了 头脑 啊 ！
对方 同学 ， 毒品 的 问题 ， 请 您 告诉 大家 ， 是 什么 让 毒 犯 舍得 一身 剐 ， 敢 把 毒品 扶 上 马 ？
（ 陈 政 鞃 ： 如果 说 钱 多 冲 昏 了 头脑 ， 我 再 问 对方 一个 现实 的 例子 ， 那 日本 人 在 砍 杀 一个 人 头 的 时候 ， 他 得到 多少 报酬 呢 ？
他 在 强奸 一个 少女 的 时候 ， 他 得到 多少 佣金 呢 ？
你 告诉 大家 ， 是 野性 ， 是 兽性 ， 还 是 钱 呢 ？
袁 丁 ： 按照 对方 同学 的 说法 ， 是 不 是 说 他 砍 了 一个 脑袋 ， 得到 了 一些 钱 ， 这个 恶 就 不 叫 恶 了 ？
日本 人 可 是 这么 说 的 ， 他 说 我 愿意 赔钱 ， 只要 你 不 再 要 我 道歉 了 。
陈勋亮 ： 请 你们 看 ， ） 其实 对方 辩 友 来 来去 去 还 是 谈 一个 例子 ， 就是 贪 钱 的 例子 。
请问 ， 今天 我们 贪 的 就 只 有 钱 吗 ？
我方 问 了 ， 色情 的 罪恶 是不是 万恶 之 源 ？
我 想 请问 对方 辩 友 ， 到底 强奸 是不是 万恶 包括 在 内 呢 ？
余磊 ： 中国 人 说 " 万恶 淫 为首 " 。
但是 现在 有 了 钱 可以 大 摇 大 摆 出入 红灯 区 ， 还 认为 是 风流 快活 。
对方 同学 ， 把 不道德 的 变成 （ 时间 警示 ） 道德 的 ， 把 不 合法 的 变成 合法 的 ， 还 不 能 说明 是 万恶 之 源 吗 ？
（ 掌声 ） 胡 渐 彪 ： 说 到 " 万恶 淫 为首 " ， 就 要 让 我 想到 性 侵犯 。
美国 根据 调查 ， 每 三 位 妇女 就 有 一 位 曾经 面对 过 性 侵犯 的 这种 侵扰 。
请问 各位 ， 这 和 钱 有 什么 关系 呀 ？
袁 丁 ： 可是 我 也 知道 ， 美国 现在 每 两分 钟 就 有 一 次 抢劫 案 ， 每 三分 钟 就 有 一 次 盗窃 案 哪 ！
（ 掌声 ） 陈勋亮 ： 所以 对方 辩 友 说 得 好 啊 ， 又 有 抢劫 案 ， 又 有 强奸 案 。
为什么 今天 你 的 万恶 之 源 导致 部分 的 恶 呢 ？
部分 的 恶 等于 万恶 吗 ？
请 你 论述 一下 吧 。
（ 掌声 ） 余磊 ： 很 简单 嘛 ， 对方 同学 " 万 " 字 概念 界定 错误 。
我方 已经 重申 过 四 遍 了 呀 ！
胡 渐 彪 ： 对 呀 ， 这个 界定 本身 就是 不 看 原 典 。
请问 你 知 不 知道 ， 这 句 话 原 典 是 来自 《 提摩太 》 第六 章 第十 节 呢 ？
