王筱青 ： 我 想 首先 提醒 对方 辩 友 ， 我们 今天 所 谈 的 利益 一定 是 符合 社会 功德 的 利益 ， 那 您 谈 到 的 小偷 和 窃贼 利益 ， 自然 不 在 我们 今天 所 讨论 的 范围 之内 ， 那 对方 同学 把 李光耀 先生 和 苏哈托 同日而语 ， 来 证明 今天 的 话题 ， 显然 不妥 ， 我 想 首先 请问 对方 同学 ， 人 为什么 要 群居 ？
胡 渐 彪 ： 先 回 到 对方 辩 友 刚才 所 说 的 ， 个人 利益 必然 要 是 善 的 ， 但是 刚才 对方 一 辩 明明 告诉 我们 ， 个人 利益 指 的 是 一 种 欲望 和 需求 上 的 满足 ， 请问 一下 ， 欲望 和 需求 上 的 满足 ， 就 必然 一定 要 是 善 的 才 行 吗 ？
解 意 ： 请 对方 辩 友 不要 回避 我方 的 问题 ， 人 ， 个人 利益 的 实现 从来 离不开 群体 的 保障 ， 我 想 再 请问 对方 辩 友 ， 从 原始社会 到 现在 ， 我们 的 人 进步 了 吗 ， 我们 的 社会 发展 了 吗 ？
陈勋亮 ： 当然 进步 了 ， 因为 我们 知道 ， 群体 利益 凌驾 于 个人 利益 ， 为了 群体 利益 ， 我们 要 牺牲 小我 ， 完成 大 我 。
叶斌 ： 对方 一直 在 牺牲 小我 ， 完成 大 我 ， 请问 这个 大 我 是 不 是 我 啊 ， 难道 我 就 不 是 个 人 了 吗 ？
其次 我们 知道 社会 最 基本 的 组成部分 是 群体 ， 而是 家庭 ， 你 一 生 下来 就 归属 于 这个 家庭 ， 那么 你 和 你 家庭 这个 群体 利益 不 两全 吗 ， 是 你 损害 了 你 的 家庭 还 是 你 的 家庭 损害 了 你 呢 ？
陈政弘 ： 如果 说 大 我 也 是 我 ， 小 我 也 是 我 ， 究竟 对方 是 如何 划分 个人 利益 和 群体 利益 的 呢 ？
王筱青 ： 就 让 我们 以 家庭 为 例 ， 当年 你们 的 父母 为 了 送 你们 今日 上 大学 ， 节衣缩食 ， 你 认为 他们 昨日 的 节衣缩食 ， 与 你们 今天 所 获得 的 教育 机会 相比 ， 是 群体 利益 的 丧失 还 是 个人 利益 的 丧失 呢 ？
胡 渐 彪 ： 刚才 小我 大我 的 例子 ， 却 没有 告诉 我们 ， 小 我 就 等同 于 大 我 ， 那 我 告诉 大家 ， 把 小我 等同 于 大 我 ， 把 大我 等同 于 小 我 ， 最 好 的 人 是 谁 呢 ？
这个 典范 叫做 苏哈托 ， 苏哈托 把 群体 的 国库 当做 自己 的 私 库 ， 可以 两全 了 。
解 意 ： 我 想 请问 对方 辩 友 ， 今天 你 来 参加 辩论 赛 ， 你 个人 的 利益 和 你 辩论 队 的 集体 的 利益 ， 难道 不 是 两 全 的 吗 ？
陈政弘 ： 其实 对方 有所 不 知 ， 其实 我 个人 利益 是 最 想 到 四 辩 这个 位置 ， 但是 为了 群体 的 考量 ， 我 被迫 坐 在 三 辩 这个 位置 ， 你 说 两全 吗 ？
纪宝娟 ： 我 很 遗憾 对方 辩 友 会 有 这种 感觉 ， 而 我方 四 位 辩 手 都 是 认为 只要 为了 群体 利益 ， 都 是 大家 的 配合 是 最 重要 的 ， 而 我 要 请问 对方 辩 友 ， 如果 你们 这个 队 获得 了 最终 的 胜利 ， 而 你们 每个 辩 友 表现 又 优秀 ， 你们 的 个人 利益 和 群体 利益 有 矛盾 吗 ？
陈政弘 ： 当然 了 ， 为了 整体 的 胜利 ， 我 被 逼 做出 局部 的 让步 跟 妥协 ， 这 还是 一 种 不 牺牲 ， 不 两 全 的 一 种 情况 啊 。
叶斌 ： 大我 小我 的 问题 ， 我 首先 想 ， 大 我 这种 理想 的 实现 ， 我们 讲 理想 的 实现 ， 精神 的 实现 也 是 一 种 利益 的 实现 ， 你 可以 否认 吗 ， 我 还 认为 ， 大 我 实现 最 好 的 例子 ， 正是 新加坡 的 李光耀 先生 ， 他 牺牲 了 自己 个人 利益 ， 同时 实现 了 自己 的 精神 利益 ， 也 实现 了 整个 新加坡 共同 的 利益 ， 那么 我 想 请问 对方 辩 友 另外 一个 问题 ， 在 新加坡 公共场所 不 可以 吸烟 ， 难道 你 认为 这 是 损害 了 吸烟 者 个人 的 利益 吗 ？
陈锦添 ： 对方 刚才 一 辩 就 告诉 我们 ， 今天 个人 利益 是 一 种 欲望 的 满足 ， 现在 三 辩 又 告诉 我们 ， 是 理想 上 的 达到 ， 请问 理想 和 欲望 是 等同 的 吗 ？
王筱青 ： 你 为什么 不 回答 我方 三 辩 关于 吸烟 者 的 问题 ， 让 我 来 告诉 你 ， 在 我方 看来 ， 在 新加坡 的 吸烟 者 ， 他 由于 被 禁止 吸烟 ， 但 实际上 是 他 个人 利益 的 获得 ， 因为 他 免除 了 个 人 受 罚款 利益 的 损失 ， 免除 了 受到 法律 制裁 的 个人 利益 的 损失 ， 同时 他 获得 了 个人 的 健康 ， 保持 了 公众 的 利益 ， 个人 利益 和 群体 利益 不 可以 两 全 ， 从 何 而 谈 起 呢 ？
陈勋亮 ： 我 想 请问 各位 ， 如果 今天 吸烟 是 一个 两 全 的 例子 ， 为什么 今天 在 这里 ， 我们 不 准 大家 吸烟 呢 ， 如果 一个 人 吸烟 的 话 ， 那 我们 全部 人 都 变成 烟民 了 ， 所以 我们 才 说 为了 群体 的 利益 ， 你 得 牺牲 你 吸烟 的 个人 利益 啊 。
解 意 ： 难道 吸烟 是 对 你 个人 最终 有 利益 吗 ， 吸烟 损害 健康 人人 都 知道 啊 。
另外 我 想 请问 对方 辩 友 ， 人 要 做 一个 高尚 的 人 ， 那么 你 觉得 为了 获得高 层次 的 需要 ， 你 放弃 了 低层次 的 一些 东西 ， 请问 那 不 是 获得更高 的 利益 吗 ？
陈政弘 ： 对于 烟民 来说 ， 健康 对 他 或许 不 是 那么 重要 ， 但是 他 认为 ， 饭后 一 根 烟 ， 快乐 似 神仙 ， 这 才 是 他 最 大 的 个人 利益 啊 。
纪宝娟 ： 而 我方 认为 ， 放弃 低层次 利益 ， 获得高 层次 利益 才 是 最 重要 的 ， 陶渊 明早 有 不 为 五 斗 米 折腰 之 说 ， 他 放弃 一些 低层次 的 物质 利益 ， 获得更高 的 利益 难道 不 是 获利 吗 ， 我 请问 对方 ， 人人 现在 纳税 ， 难道 是 对 个人 利益 的 一 种 损失 吗 ？
胡 渐 彪 ： 如果 真 的 是 两 全 的 话 ， 那么 应该 即 短期 的 利益 不 用 损失 ， 理想 的 利益 也 不用 损失 才 对 啊 ， 为了 群体 的 利益 ， 那 我 这 方面 的 享受 被迫 损失 ， 还 叫 全 吗 ？
叶斌 ： 对方 辩 友 谈 到 了 ， 说 欲望 和 精神 理想 是 不同 的 ， 孟子 说 ， 生 我 所 欲 也 ， 义 以 我 所 予 也 ， 这 就是 欲望 ， 甚至 这种 欲望 比 生命 的 欲望 更 高 ， 所 大于 有 甚 予 甚者 ， 故 不 为 苟 得 也 ， 对方 如何 解释 呢 ？
