那么 我们 知道 ， 放弃 暂时 的 ， 获得 长远 的 利益 ， 难道 不 是 一 种 获利 吗 ？
胡 渐 彪 ： 对方 辩 友 没有 看到 下 一 句 孟子 说 ， 益 我 所 欲 也 ， 利 我 所 欲 也 ， 下 一 句 是 两 者 不 可 得 兼 ， 请 对方 辩 友 解释 一下 ， 什么 叫 两者 不 可 得 兼 呢 ？
解 意 ： 这 也 就是 我方 所 说 的 ， 为了 高 层次 利益 去 放弃 低层次 的 利益 啊 ， 难道 对方 辩 友 刚才 跟 我们 说 ， 全 一定 要 十全十美 ， 我 想 举 这么 一个 例子 ， 如果 有 两 个 苹果 两 个 人 分 ， 对方 是 不 是 认为 ， 一定 要 每个 人 都 拿 到 两 个 苹果 才 是 两 全 呢 ， 这 可能 吗 ？
陈勋亮 ： 对方 辩 友 还是 说 高 层次 的 利益 ， 那 我 就 谈 马丁路德金 吧 ， 马丁路德金 也 其实 为了 高 层次 的 利益 ， 他 为 美国 黑人 征求 群体 的 利益 ， 那 他 个人 的 命运 都 给 断送 了 ， 这 是 两 全 的 概念 吗 ？
叶斌 ： 对方 辩 友 谈 到 了 ， 放弃 底层 利益 。
主持人 ： 对不起 ， 正方 时间 到 。
张 逊 亮 ： 我方 提 了 伟人 的 例子 ， 伟人 是 为了 群体 而 牺牲 小我 ， 我们 也 提 了 二 人 的 例子 ， 二 人 是 为了 自己 而 牺牲 群体 ， 两者 都 不 是 两 全 。
陈政弘 ： 看来 马丁路德金 即使 知道 自己 的 生命 受到 威胁 ， 他 也 不顾一切 ， 为了 群体 的 利益 ， 如此 牺牲 小我 ， 成全 大我 的 精神 ， 对方 说 这 是 为了 个人 利益 啊 。
胡 渐 彪 ： 如果 是 个人 利益 群体 利益 能够 两全 的话 ， 黄花岗 72 烈士 何必 断头 颅 ， 洒 热血 保护 国家 呢 ， 头 是 不 用 断 的 ， 他们 智力 不够 吗 ？
陈锦添 ： 就 回答 生活 中 的 例子 吧 ， 如果 真 的 不 用 妥协 就 能 两全 的话 ， 在座 的 各位 为什么 要 关掉 你 的 手提 电话 呢 ？
陈勋亮 ： 对 了 ， 我方 四 位 辩论 员 其实 非常 喜欢 吃香 口 胶 ， 但是 来到 了 新加坡 ， 为了 全体 新加坡 的 利益 ， 我们 还 得 放弃 个人 利益 ， 这 显然 是 不 能 两全 吗 ？
陈政弘 ： 不但 如此 ， 在 许多 宗教 集团 的 国家 ， 在 非 回教 国 ， 个人 利益 如果 你 是非 回教徒 的话 ， 你 也 被 逼 牺牲 掉 你 喝酒 和 吃 猪肉 的 权利 ， 连 吃 什么 东西 都 不 能够 自己 控制 ， 你 告诉 我 个人 利益 得到 保全 啊 。
胡 渐 彪 ： 对方 辩 友 不 爱 谈 特例 ， 那 就 谈 普遍 一点 的 吧 ， 我们 知道 每 一个 国家 都 有 土地 征用 的 管理 ， 为了 要 发展 纵使 我 爱 我 的 家园 ， 也 要 被迫 把 它 度 让 出来 ， 什么 叫做 度 让 呢 ？
陈锦添 ： 还 不 止 土地 征用 呢 ， 我们 知道 国家 发展 ， 不但 要 建 路 ， 还 要 建 水坝 ， 那么 建 水坝 的 时候 ， 原 著 民 的 利益 到底 是 不 是 要 做出 局部 的 妥协 呢 ？
陈勋亮 ： 对 了 ， 而且 我们 还 看到 ， 陈家庚 也 是 毁 家 兴学 ， 我方 就 不 明白 了 ， 到底 毁 家 兴学 是 个 两 全 的 概念 吗 ？
陈政弘 ： 而且 我们 看到 ， 陈 六 史 在 办 教育 ， 如果 说 个人 利益 在 办 教育 的 时候 不 用 受到 丝毫 牺牲 的 话 ， 为什么 他 还 要 毁 家 兴学 这样 子 的 精神 呢 ？
胡 渐 彪 ： 如果 真 的 是 可以 两 全 ， 何必 毁 家 兴学 ， 是 不 是 陈家庚 ， 陈 六 史 嫌 自己 的 屋子 太 多 了 ， 要 毁 一 毁 呢 ？
陈锦添 ： 我们 谈 到 价值 多 元 ， 很多 事情 我们 不 能 说 他 到底 是 道德 还 是 不道德 ， 就 像 同性恋 ， 到底 是 善 还是 恶 ， 我们 也 不 晓得 。
可是 价值 多 元 ， 当 我 的 价值观 与 主流 思想 不同 的 时候 ， 我 是否 要 做出 局部 的 妥协 呢 ？
主持人 ： 好 ， 谢谢 ， 时间 到 。
好 ， 那么 欣赏 过 了 双方 辩 手 的 自由 辩论 ， 我们 暂时 来 喘 口 气 ， 思考 一下 ， 观众 朋友 ， 我们 稍候 见 。
好 ， 欢迎 各位 回到 辩论会 的 现场 ， 现在 我们 首先 请 反方 的 四 辩 胡 渐 彪 同学 做 总结 陈述 ， 时间 是 四分 钟 ， 请 ！
胡 渐 彪 ： 谢谢 ， 先 指出 对方 辩 友 整个 立论 架构 推论 的 错误 之 处 ， 对方 辩 友 整个 立论 架构 是 建立 在 四 个 要点 之上 。
第一 、 他 告诉 我们 今天 全 并 不 是 一个 完美 齐备 的 概念 ， 但是 辞海 明明 就 告诉 我们 ， 全 是 指 完美 齐备 ， 是 指 没有 例外 的 ， 为什么 对方 辩 友 的 全 是 和 辞海 是 背道而驰 呢 ？
就 算 对方 辩 友 不 喜欢 辞海 ， 那 我们 也 知道 ， 汉学家 郑旋 也 说 ， 全 是 指 无暇 病 者 ， 到底 对方 四 辩 待会儿 给 我们 解释 一下 ， 什么 叫做 无暇 病 者 呢 。
对方 辩 友 第二 个 理论 的 根据 是 在于 他 告诉 我们 ， 坏 的 个人 利益 那个 不 叫做 个人 利益 ， 但是 对方 一 辩 又 告诉 我们 ， 个人 利益 包括 的 是 欲望 和 需求 上 的 满足 ， 为什么 个人 的 欲望 和 需求 上 的 满足 ， 就 必然 是 善 的 呢 ， 那 坏 的 欲望 和 需求 上 的 满足 ， 还 算 不 算 是 个人 利益 呢 ， 第三 、 对方 辩 友 告诉 我们 ， 今天 小我 其实 是 可以 等同 于 大 我 的 ， 如果 这时候 满足 了 大 我 的 群体 利益 ， 那 我 个人 其实 也 是 满足 了 小 我 ， 如果 真 的 是 这个 样子 的话 ， 那 我 告诉 大家 ， 今天 曼德拉 坐牢 27年 ， 为了 南非 ， 其实 是 为了 自己 的 个人 利益 ， 今天 德 丽 莎 修女 贡献 她们 ， 浪费 自己 一生 的 青春 时光 ， 其实 她 是 自私自利 ， 我们 更 看到 林觉民 的 “ 与 妻 书 ” 与 “ 七 珏 别 书 ” ， 为了 国家 与 爱情 分离 ， 其实 他 还 是 为了 个人 利益 ， 或许 他 是 不 喜欢 他 的 老婆 吧 。
对方 立论 的 第四 个 根据 点 是 告诉 我们 ， 今天 个人 利益 和 群体 利益 是 有 重 叠 性 ， 有 重 叠 性 又 怎么样 ， 我们 姑且 承认 有 重 叠 性 ， 也 不 代表 两者 之间 没有 矛盾 性 ， 如果 之间 有 矛盾 性 要 被迫 一 者 要 做出 牺牲 的 话 ， 为什么 这个 还 叫 两全 呢 ？
