薛乐 ： 富 不 过 三 代 是 一 条 必然 的 定律 吗 ， 那 今天 我们 大家 都 不 要 致富 好 了 ， 因为 如果 您 一 致富 的 话 ， 您 的 孙 辈 可能 就 要 倒霉 了 呀 。
庄智凯 ： 对方 辩 友 ， 顺境 如果 让 人 成长 ， 可 玉 不 琢 不 成器 ， 对方 辩 友 ， 这 句 话 您 再 解释 一下 好 了 。
薛乐 ： 对方 辩 友 ， 为什么 老 让 我们 解释 一些 我们 的 问题 呢 ？
请教 对方 辩 友 了 ， 今天 我们 说 ， 犯罪 心理学 一 项 研究 表明 ， 青少年 如果 身处 破碎 家庭 的 话 ， 比 正常 家庭 来说 ， 他 的 犯罪率 要 高 出 三 倍 ， 请教 您 ， 健全 的 家庭 是否 更 有利于 青少年 的 成长 呢 ？
庄智凯 ： 对方 辩 友 又 在 举 绝境 了 ， 我们 应该 是 讨论 ， 在 家里 叫 你 做 事 跟 不 做 事 ， 是 哪个 比较 好 。
那 请教 对方 辩 友 的 是 ， 天 将 降 大任 于 斯 人 也 ， 辛苦 了 他 ， 让 他 获得 磨炼 ， 为什么 还 不 能 成长 ？
难道说 躺 在 那边 ， 就 可以 变成 一个 大 将军 ， 或 是 一个 大 圣人 吗 ？
薛乐 ： 对方 辩 友 ， 孟子 的 这 句 话 ， 这个 斯 人 并 不 是 说 伟大 的 人物 ， 而是 指 我们 作为 一个 人 ， 要 这样 做 。
请教 对方 辩 友 了 ， 如果 破碎 的 家庭 就 等于 绝境 的 话 ， 那 今天 我 要 告诉 你 …
…
（ 正方 时间 到 ） 庄智凯 ： 对方 辩 友 一直 说 ， 顺境 有利于 成长 ， 想 请问 对方 辩 友 ， 《 西游记 》 里面 ， 整个 故事 讲 的 都 是 他们 取经 的 经过 ， 难道 按照 对方 辩 友 的 讲法 ， 顺境 如果 很 简单 的 话 ， 那么 唐 三藏 直接 请 那个 孙悟空 带 他 到 西天 拿 个 经 回来 ， 不 就 取经 成功 了 吗 ？
对 辩 二 梁佑诚 ： 延续 刚才 的 话题 ， 请教 对方 辩 友 ， 为什么 我们 孙悟空 不 直接 飞往 西天 ， 马上 取经 呢 ？
马薇薇 ： 因为 他 是 孙悟空 啊 ， 他 有 72 变 ， 可 是 要 换 了 我 去 取经 的话 ， 一 变 都 没有 ， 可能 第一 难 的 时候 ， 就 已经 被 老虎 吃 了 ， 您 还 要 故意 这样 磨难 我 吗 ？
梁佑诚 ： 说 得 非常 好 ， 所以 您 看 嘛 ， 就是 因为 你 怕 被 老虎 吃 ， 这些 逆境 都 让 你 成长 ， 如果 你 没有 遇 过 这样 逆境 的话 ， 你 下 一 次 要 如何 面对 这样 的 困难 呢 ？
马薇薇 ： 对方 辩 友 ， 难道 您 不 怕 被 老虎 吃 吗 ？
那 您 真是 明知 山 有 虎 ， 偏向 虎 山 行 啊 ！
请教 对方 辩 友 ， 你们 所 说 的 绝境 跟 逆境 有 什么 本质 的 区别 吗 ？
梁佑诚 ： 那 在 这 之前 ， 请教 对方 辩 友 ， 您 方 会 认为 成功 跟 成长 有 什么 分别 呢 ？
马薇薇 ： 所有 的 成长 不 一定 都 成功 ， 但是 成长 包括 成功 。
对方 辩 友 请 正面 回答 我 的 问题 ， 绝境 跟 逆境 有 什么 本质 区别 ？
梁佑诚 ： 首先 我方 认为 没有 必要 回答 为什么 ， 因为 对方 辩 友 今天 根本 上 在 前提 上 是 错误 的 ， 他们 让 我方 所 选择 的 是 什么 ， 在 成功 和 失败 当中 ， 您 要 选择 什么 ， 我们 大家 当然 就 会 选择 成功 。
但是 问题 ， 今天 我们 谈 的 是 在 成功 之 前 那 段 过程 ， 对方 辩 友 请 你 告诉 大家 ， 在 过程 当中 ， 为什么 顺境 更 有利 。
马薇薇 ： 我 方 一 辩 已经 说 得 很 清楚 了 ， 原来 对方 辩 友 是 概念 轰炸机 ， 逆境 不成 ， 提出 绝境 ， 然后 绝境 解释 不 出来 ， 然后 又 使 出 了 凌 波 微 步 。
请 正面 回答 ， 绝境 跟 逆境 到底 有 什么 区别 ？
梁佑诚 ： 如果 自己 解释 不 清楚 的 话 ， 人家 听 不 进去 ， 那 到底 是 谁 的 错 ， 我 想 大家 心 知 肚 明 。
对方 辩 友 到 现在 还 没有 清楚 告诉 大家 ， 你们 认为 顺境 它 的 定义 是 什么 ？
马薇薇 ： 是 从 生理 、 心理 社会化 两 个 层面 四 个 点 ， 我们 都 论证 的 非常 清楚 了 ， 倒是 对方 辩 友 ， 从来不 解释 他们 逆境 跟 绝境 的 区别 。
梁佑诚 ： 那 请问 在 生理 、 心理 这 四 个 点 上 怎么样 更 ， 才 算是 “ 更 ” 。
马薇薇 ： 我 方 一 辩 刚才 说 的 非常 清楚 了 ， 难道 您 还 让 我 再 给 您 复述 一 遍 吗 ， 您 从来 不 回答 我 的 问题 ， 是 不 是 因为 你们 的 逆境 是 不 太 逆 ， 有点 逆 ， 还有 一点 物质 帮助 ， 又 得到 了 人们 的 支持 ， 这 是 人间 仙境 吧 ！
（ 正方 时间 到 ） 梁佑诚 ： 是 你 方 把 我方 能力 讲 成 “ 绝 ” ， 然后 把 你 方 的 “ 顺 ” 讲 成 是 非常 奋发向上 ， 当然 我们 就 没有 办法 回答 了 。
对方 辩 友 完全 没有 办法 理 清 今天 的 前提 ， 我们 要 怎么 辩论 下去 呢 ？
对不起 ， 我们 不 认同 这样 的 态度 ， 谢谢 。
提问 嘉宾 提问 余磊 ： 有请 一下 正方 的 四 辩 ， 薛乐 同学 。
薛乐 ： 谢谢 您 。
余磊 ： 首先 我 提醒 你 一下 ， 今天 的 辩 题 是 一个 比较 性 的 命题 ， 比较 的 是 哪个 更 ， 如果 您 把 逆境 理解 成 就 是 暴力 家庭 ， 犯罪 环境 的 话 ， 那么 我们 是 不 是 也 可以 把 顺境 理解 成衣 来 伸手 ， 饭来张口 ， 天上 掉 馅饼 呢 ？
这样 的 环境 ， 有利于 人 的 成长 吗 ， 谢谢 ！
薛乐 ： 谢谢 您 的 问题 ， 首先 我们 要 告诉 大家 的 是 ， 其实 身处 破碎 家庭 和 身 处 单亲 家庭 的确 身处 逆境 ， 但是 我们 也 不 否认 的 要 告诉 大家 ， 也 有人 在 这样 的 艰难 困苦 当中 成长 了 。
美国 前 总统 克林顿 ， 还 有 英国 前 首相 希斯 ， 他们 都 来自 于 单亲 的 家庭 ， 但是 这 并 不 意味着 ， 单亲 的 家庭 或者 家庭 暴力 就 有利于 您 的 成长 ， 同样 回应 嘉宾 的 问题 ， 说 顺境 中 也 可能 是 衣 来 伸手 ， 饭来张口 ， 成 了 小 皇帝 。
所以 嘛 ， 我们 在 顺境 当中 ， 也 应该 警醒 啊 ， 我们 也 应该 在 顺境 当中 ， 在 家庭 的 关爱 当中 ， 做出 我们 的 调整 ， 但是 请 注意 ， 这 是 在 顺境 当中 的 调整 ， 有 没 有 人 因为 看 到 别的 家庭 当中 ， 有 人 因为 溺爱 而 变成 了 小 皇帝 ， 我们 作为 父母 的 就 要 对 孩子 说 ， 哎呀 ， 为了 避免 让 你 成为 小 皇帝 ， 我 还 是 不要 去 关爱 你 了 。
