【 正方 四 辩 法庭 式 盘问 】 正方 --- 路 一 鸣 ： 执 中 你 刚才 说 你 看 开 了 ， 是 吧 ？
反方 --- 黄 执 中 ： 对 ， 大致 上 是 这样 。
正方 --- 路 一 鸣 ： 看 开 了 的 人 会 怎么 在乎 荣誉 ？
反方 --- 黄 执 中 ： 看 开 的 人 认为 ， 荣辱 这 件 事情 都 是 一时 的 ， 只要 自己 心安理得 就 好 ， 能够 接受 就 好 ， 这种 东西 不 用 强求 。
正方 --- 路 一 鸣 ： 那 为什么 刚才 在 你 的 论证 当中 ， 看 不 开 的 人 都 是 因为 失败 和 不可 挽回 造成 的 ？
所以 他 必须 看 开 ， 而 那些 曾经 因为 胜利 和 荣耀 带来 的 看 得 开 ， 就 不 说 了 呢 ？
反方 --- 黄 执 中 ： 不 ， 刚好 也 是 同样 的 道理 。
我们 认为 即使 是 为了 胜利 和 荣耀 的 执 着 ， 也 是 要 看 开 的 ， 不然 的话 ， 你 赢 了 不 够 还 想 再 赢 ， 那 你 这个 生命 到 了 最后 的 时候 会 因为 不 能 再 赢 而 痛苦 ， 所以 都 要 看 开 。
正方 --- 路 一 鸣 ： 所以 ， 只要 赢 了 再 想 再 赢 一 次 就 算 看 不 开 ， 是 吗 ？
反方 --- 黄 执 中 ： 对 ， 如果 你 认为 生命 不 能 重 来 的 痛苦 是 来自 于 你 某些 ?
?
?
正方 --- 路 一 鸣 ： 请 正面 回答 我 的 问题 。
反方 --- 黄 执 中 ： 对 ， 所以 其实 意思 是 一样 的 ， 就 是 赢 了 如果 你 还 想 再 赢 ， 当然 我们 这 只 是 程度 的 差异 ， 就 是 一 种 看 不 开 ， 最后 放 不 下 。
正方 --- 路 一 鸣 ： 就 是 如果 即便 是 美好 的 事物 ， 你 想 再 体验 一 遍 也 算 看 不 开 。
就 会 因此 而 ?
?
?
反方 --- 黄 执 中 ： 这 就 是 爱 、 欲 、 贪 、 嗔 、 痴 里头 的 爱 ， 有 眷恋 就 有 痛苦 。
正方 --- 路 一 鸣 ： 好 ， 现场 里 有 多少 同学 知道 黄 执 中 老师 的 女朋友 这 两 天 在 大马 ？
反方 --- 黄 执 中 ： 那 现在 现场 有 多少 人 能够 了解 到 我们 俩 其实 是 常常 吵架 的 ---- 这 都 是 有 痛苦 的 。
而 我 是 因为 在 这 方面 看 不 开 ， 因为 她 看 不 开 。
我 得 自保 。
正方 --- 路 一 鸣 ： 你 觉得 吵架 的 过程 是 痛苦 的 还是 可喜 的 ？
反方 --- 黄 执 中 ： 吵架 的 过程 在 我 没 看 开 之前 真的 是 蛮 痛苦 的 。
正方 --- 路 一 鸣 ： 你 到 底 看 开 没 看 开 ？
反方 --- 黄 执 中 ： 坦白 说 ， 在 这 点 上 我 修 为 还 浅 ， 有 一点 没 看 开 ， 所以 被 你 问 得 很 痛苦 。
【 正方 二 辩驳 论 】 黄 聪 涵 ： 其实 我 觉得 今天 站 在 这里 辩论 ， 我 觉得 我 作为 一个 可能 比较 资 浅 的 辩 手 ， 跟 对方 的 执 中 辩 神 有 一 段距离 ， 什么样 的 一 段距离 呢 ？
是 一 段 看 开 和 看 不 开 的 距离 。
对方 告诉 我们 ， 今天 我们 人 如果 我们 看 开 了 ， 那 其实 生命 有 没 有 重 来 它 其实 也 不 重要 ， 都 是 可喜 的 。
如果 按照 这种 推断 下去 ， 其实 我 想 问 对方 二 辩 ， 世界 上 还有 什么 东西 是 可悲 的 呢 ？
您 在 否定 这个 世界 上 的 悲 甜酸苦辣 吗 ？
所以 我们 说 战争 看 开 了 ， 战争 不 可悲 ； 人 死 看 开 了 ， 人 死 不 可悲 ； 疾病 看 开 了 ， 疾病 不 可悲 ； 我们 今天 说 在 四川 地震 中 这么 大 的 一个 灾难 我 看 开 了 ， 灾难 其实 也 不 可悲 ----- 那 我们 今天 要 在 这个 现实 的 土壤 上 讨论 些 什么 ？
是 圣人 佛 界 的 一 种 讨论 吗 ？
所以 ， 可能 反方 的 主辩 他 是 辩 神 ， 是 已 在 神坛 上 的 人 ， 他们 神坛 上 的 人 有 不 一样 的 对 这个 甜酸苦辣 界定 ?
?
?
所以 我们 为什么 会 说 ， 今天 我们 谈 这个 辩 题 ， 生命 的 可悲 在于 不 能 重 来 ： 第一 我们 要 从 人之常情 去 看 。
如果 今天 脱离 了 人之常情 来 讨论 我 想 这个 辩论 其实 没什么 意义 ！
所以 回 到 今天 这个 现实 的 土壤 上 我们 发现 为什么 在于 很 可悲 ------ 刚刚 宣布 了 冠军 队伍 ， 只有 一 个 冠军 。
31 支 队伍 远渡重洋 而 来 ， 千里迢迢 ， 可是 都 失败 了 ， 回去 了 ， 不能 再 重 试 了 ----- 对方 可以 告诉 我们 ， 他们 心里 真 的 没有 那么 一点点 的 痛惜 和 惋惜 吗 ？
那 叫 可喜 吗 ？
那 不 叫 可喜 ！
我们 再 说 人之常情 是 什么 ？
是 ----- 你 的 父亲 可能 过世 了 ， 你 来不及 孝顺 他 。
有 一 句 话 说 “ 子 欲 养 而 亲 不 待 ” 对方 告诉 我们 要 怎么样 在 一个 最低 欲望 的 情况 底下 你 可以 在 你 父亲 过世 的 时候 还 不 悲伤 而且 你 还要 可能 办 庆祝会 ----- 我 觉得 这 不 太 可行 ！
对 ！
所以 这 不 是 欲望 高低 的 问题 ， 这 是 人之常情 的 问题 ， 人之常情 就 是 在于 说 ---- 我们 错过 了 我们 会 悔恨 ！
我们 失去 了 我们 会 痛苦 ！
------ 有 没 有 欲望 都 一样 ！
第二 个 ， 我们 不 谈 人之常情 ， 我们 谈 既定 事实 。
其实 很多 东西 不 能 重 来 也 是 很 可悲 的 ！
例如 说 “ 墨西哥湾 漏油 事件 ” ， 我 不管 你 主观 到底 有 没 有 多少 的 欲望 ， 可是 油 漏 了 ， 鱼 死 了 ， 这个 珊瑚礁 没 了 ！
----- 这个 既定 事实 不 可悲 吗 ？
所以 我 觉得 大家 在 这里 想 的 一个 东西 就 是 ， 生命 的 可悲 在于 不 能 重 来 ， 我方 不 是 说 你 的 人生 注定 悲观 ， 而是 说 我们 人生 有 很多 可喜 的 东西 ， 它 跟 重 来 不 重 来 没有 关系 。
所以 ， 你 有 善良 ， 你 有 爱 ， 其实 你 的 生命 一样 还是 可以 很 美 好 ！
【 反方 二 辩驳 论 】 梁佑诚 ： 谢谢 国 伟 ， 问候 在场 各位 ！
那 ， 刚才 对方 辩 友 跟 我们 说 啊 ， 如果 我方 今天 以 “ 看 开 ” 、 与 “ 看 不 开 ” 来 论证 今天 的 立场 ， 那 世界 上 什么 东西 是 可悲 的 呢 ？
