我 想 最 可悲 的 就 是 像 对方 辩 友 四 位 这 样子 非常 的 执 着 ， 然后 怎么 学 也 学 不 会 怎么 看 开 的 人 ， 这 事情 才 最 可悲 。
所以 我 想 今天 我们 希望 鼓励 大家 ， 对方 辩 友 一直 倡导 的 一 种 价值 哦 ， 他 说 我们 要 鼓励 大家 要 看清楚 这个 事实 。
我方 也 在 鼓励 ， 只是 我们 鼓励 大家 不要 把 人生 当中 不 愉快 的 事情 ， 就是 悲痛 看成 是 不 能 重 来 所 带来 的 ， 其实 真正 让 我们 觉得 悲痛 的 是 我们 无穷无尽 的 欲望 ， 我们 应该 学会 怎么 解释 这个 事情 。
我们 再 看 一下 对方 辩 友 今天 的 结构 ， 对方 辩 友 今天 尝试 告诉 大家 ， 人生 当中 有 很多 污点 ---- 不管 他 说 能 不 能够 重 来 ， 过程 当中 他 指出 很多 的 遗憾 没有 办法 被 弥补 。
那 我们 想 要 来 了解 一下 ， 对方 辩 友 其实 刚才 ， 他 方 说 他方 不 谈 假设 ， 但 大家 有 没有 发现 ， 他方 基本上 只是 在 假设 如果 生命 可以 重 来 并且 还 多 加 一 重 假设 ， 就 是 如果 我们 重 来 以后 还 可以 弥补 以后 ， 人生 才 是 美好 的 。
但是 因为 做 不 到 这个 事情 ， 所以 人生 就 是 可悲 的 。
他方 不 也 是 在 假设 吗 ？
如果 要 谈 这个 假设 的 话 ， 我们 下 一 段 很 想 问 对方 另外 一个 很 重要 的 问题 ， 今天 我们 谈 看 开 不 看 开 ， 当 对方 辩 友 很 努力 的 去 阐述 于 我们 知道 说 ， 人生 当中 有 很多 遗憾 是 很 悲痛 的 ， 他 说 四川 的 人民 很 辛苦 很 悲痛 ， 各位 想 一 想 ， 如果 ， 刚才 所 说 的 一切 都 这么 悲痛 ， 但是 ， 对方 竟然 希望 我们 人生 再 重 来 一 次 ， 再 痛 一 次 ， 痛 上 加 痛 ----- 那 请问 这样 的 人生 怎么 会 是 可喜 的 呢 ？
所以 ， 从 这样 的 一个 论述 当中 ， 对方 辩 友 说 我们 不 要 谈 假设 人生 可以 重 来 ， 但是 ， 我们 如果 不 反射 ， 从 人生 重 来 这个 过程 当中 看见 的 一些 事情 ， 我们 怎么 知道 ， 人生 不 能 重 来 原来 有 可喜 之 处 ！
喜 在 什么 地方 ？
----- 喜 就 喜 在 我们 人生 既然 像 对方 辩 友 说 得 这么 痛苦 ， 那 一辈子 痛 一 次 就 足够 了 ！
各位 ， 其实 这个 世界 上 有 两 种 人 ， 像 我 方 的 主辩 所 说 的 ， 看 得 开 的 人 ， 基本上 他 已经 满足 于 现状 ， 所以 这种 人 你 让 他 的 人生 重 来 没有 用 ， 不 需要 ！
看 不 开 的 人 ， 你 让 他 的 人生 一而再 ， 再而三 不断 的 重 来 ， 最后 他 还是 没有 办法 满足 他 的 欲 求 ， 他 的 人生 还是 不 开心 的 ！
所以 ， 看 不 开 、 看 得 开 的 人 其实 都 不 需要 让 他 生命 重 来 ！
所以 生命 不 能 重 来 这个 可喜 是 因为 痛 只 有 那么 一 次 就 已经 很 足够 了 ！
谢谢 大家 ！
【 二 辩 对 辩 】 正方 --- 黄聪涵 ： 好 ， 先 请问 对方 二 辩 学长 一个 非常 关键 的 问题 。
反方 --- 梁佑诚 ： 你 好 ， 学 妹 好 !
正方 --- 黄聪涵 ： 您 方 的 立场 是 “ 生命 的 可喜 在于 不 能 重 来 ” ， 请问 不 能 重 来 的 可喜 在 哪里 ？
您 方 主辩 到 二 辩 都 没有 提到 。
反方 --- 梁佑诚 ： 有 有 有 ， 我们 有 提 过 ， 就 是 喜 就 喜 在 由于 你 既然 觉得 生命 不 能 重 来 这么 痛 的 话 ， 而 这个 痛 我们 不 需要 再 重复 一 次 。
正方 --- 黄聪涵 ： 哦 ， 对不起 ， 你 是 说 人 喜 就 是 喜 在 那个 痛 不要 再 重复 一 次 ， 是 吗 ？
反方 --- 梁佑诚 ： 是 。
正方 --- 黄聪涵 ： 那么 ， 如果 那个 欢喜 的 喜悦 没有 得 再 重复 ， 这样 是 不 是 可悲 的 呢 ？
反方 --- 梁佑诚 ： 因为 你 如果 还 执 着 的 话 ， 那 你 依然 会 不 开心 ， 所以 你 的 人生 还是 不 开心 的 ， 所以 重 来 也 没有 给 你 带来 开心 。
正方 --- 黄聪涵 ： 哦 ， 好好 好 。
那么 今天 人们 结婚 在 教堂 ， 朱丽叶 和 罗密欧 结婚 要 在 天堂 ， 对方 辩 友 ， 你 觉得 这 是 可喜 的 吗 ？
反方 --- 梁佑诚 ： 我 想 他们 结婚 一 次 就 够 了 ， 如果 你 想 要 他们 重 来 再 结 第二 次 ， 他 可能 会 选 另外 一 个 ， 可能 朱丽叶 就 会 选 那个 梁山伯 了 。
正方 --- 黄聪涵 ： 你 知道 他们 为什么 会 结 不 成婚 吗 ？
在 教堂 。
反方 --- 梁佑诚 ： 对不起 ， 听 不 见 。
正方 --- 黄聪涵 ： 为什么 他们 不 能够 在 教堂 结婚 ？
反方 --- 梁佑诚 ： 因为 重 来 以后 有 很 多 个 状况 ， 刚才 你 方 不 是 也 说 不 谈 假设 吗 ？
为什么 你 现在 假设 他们 重 来 呢 ？
正方 --- 黄聪涵 ： 哦 ， 对不起 ， 我们 没 说 假设 ， 我们 说 他们 不 能 在 教堂 结婚 ----- 因为 不 能 重 来 ！
对方 辩 友 ， 生命 的 不 能 重 来 有 没有 带来 一点点 可悲 ？
反方 --- 梁佑诚 ： 所以 今天 这 件 事情 很 可惜 ， 但 生命 没有 因此 变 可悲 。
正方 --- 黄聪涵 ： 对方 辩 友 ， 可惜 里面 有 没 有 惋惜 ， 有 没 有 哀痛 ， 有 没 有 一点点 哀伤 呢 ？
反方 --- 梁佑诚 ： 有 ， 但 是 因为 你 看 不 开 。
正方 --- 黄聪涵 ： 对方 辩 友好 ， 那 如果 罗密欧 跟 朱丽叶 看 得 开 了 ， 他们 在 天堂 结婚 就 很 可喜 吗 ？
反方 --- 梁佑诚 ： 对方 辩 友 ， 你 为 他们 很 执 着 ， 请 你 看 开 吧 ！
正方 --- 黄聪涵 ： 对方 辩 友 ， 你们 圣人 境界 可不 是 我们 凡人 可以 理解 的 ， 那么 如果 梁山伯 与 祝英台 也 只能 是 在 冥府 结婚 ， 也 是 很 可喜 吗 ？
反方 --- 梁佑诚 ： 是 ， 我方 一 辩 是 辩 神 ， 我 不 是 ， 所以 我 还 在 台下 。
正方 --- 黄聪涵 ： 所以 还 在 台下 ， 所以 我们 就要 从 人之常情 来 论证 嘛 ！
结婚 你 不 能 谈 ， 我们 谈 其它 例子 好 不好 ？
