诺丁汉 大学 没有 围墙 。
它 的 发展 理念 正是 一 种 人性化 开放 与 透明 。
那么 请问 这种 以 强 为 本 的 思想 代表 的 究竟 是 人性化 呢 还是 墙 性 化 呢 ？
是 开放 透明 呢 还是 封闭 自 锁 呢 ？
?
正方 三 辩 ： 对方 辩 友 真是 居 悠 兰 之 室 久 而 不 闻 其 香 。
当 你 看到 有 一 天 教室 与 闹市 一 色 的 时候 ， 若 大 的 校园 还 容 得 下 一 张 平静 的 书桌 吗 ？
?
反方 四 辩 ： 难道 对方 同学 要 告诉 我们 把 学校 的 围墙 修 的 跟 城墙 一样 高 ， 上面 架 上 铁丝网 ， 最 好 在 通 上 电 这 就 安全 了 吗 ？
?
正方 ： 你 说 的 那 恐怕 是 监狱 的 围墙 吧 。
即使如此 也 就 证明 了 光 靠 法律 是 无法 管 住 那些 囚犯 的 呀 。
对方 辩 友 刚才 论述 无非 就是说 有 一个 防盗门 你 自己 不 锁 丢 了 东西 究竟 是 门 无用 呢 还 是 你 自己 的 错 呢 ？
?
反方 二 辩 ： 对方 论证 的 逻辑 是 这样 的 ， 因为 社会 治安 不好 ， 所以 要 有 围墙 。
那 我 想 请问 社会 治安 好 了 是 不 是 就 应该 没有 围墙 呢 ？
那 我们 今天 在 说 社会 治安 越来越 好 的 同时 是 不 是 也 论证 了 大学 应该 越来越 没有 围墙 呢 ？
请 对方 给 我们 解释 一下 不得不 有 和 应该 有 它 有 没 有 区别 ？
?
正方 三 辩 ： 今天 对方 告诉 我们 等 到 社会 治安 好 了 我们 就 不要 围墙 了 ， 您 是 不 是 在 假设 一个 没有 罪恶 的 乌托邦 呢 ？
?
反方 一 辩 ： 社会 治安 就 真 的 那么 不好 吗 ？
松江 大学 城 建成 以来 没有 发生 过 一 起 治安 事件 ， 没有 丢失 过 一 辆 自行车 。
对于 这个 现象 对方 辩 友 怎么 解释 呢 ？
对方 辩 友 说 需要 保护 于是 通过 围墙 来 保护 ， 可是 不管 大学 需 不 需要 围墙 ， 就 好象 我 生病 了 青霉素 可以 治病 我 是 不 是 一定 要 用 青霉素 呢 ？
我 可 是 对 它 过敏 的 。
?
正方 二 辩 ： 那 对方 辩 友 又 如何 给 我们 论证 青霉素 可以 治病 我们 就 不 应该 用 青霉素 呢 ？
?
反方 四 辩 ： 对方 同学 无非 是 告诉 我们 围墙 不 存在 这些 弊端 ， 那么 它 到底 有 什么 用 ？
如果 没用 的话 ， 我们 要 它们 来 干 什么 呢 ？
?
正方 二 辩 ： 谁 主张 谁 举 证 。
如果 对方 辩 友 论述 围墙 有 弊端 那么 请 对方 辩 友 赐教 ?
反方 二 辩 ： 其实 对方 辩 友 在 这 又 偷 换 了 一个 逻辑 概念 ， 我们 说 应该 有 和 应该 可有可无 它 是 一个 概念 吗 ？
?
正方 三 辩 ： 围墙 的确 有 利 有 弊 我们 论证 过 了 。
但是 它 有 一点 弊端 您 要 废掉 它 ， 那么 今天 我 穿 的 衣服 很 热 ， 您 是 不 是 就 让 我 脱 了 衣服 光 着 膀子 来 辩论 呢 ？
?
正方 一 辩 ： 对方 辩 友 今天 说 围墙 就 是 全 封闭 的 ， 可是 有 句 话 说 得 好 ， 没有 不 透风 的 墙 。
请 对方 辩 友 待会儿 给 我们 举出 一 例 大学 围墙 是 没门 没 窗 的 。
谢谢 ?
主持人 ： 感谢 双方 辩 手 的 精彩 辩论 。
下面 请 九 位 评委 老师 对 两 支 队伍 在 第三 轮 的 表现 进行 打分 。
每 位 评委 老师 可 给 出 的 最高分 数 是 五十分 ， 有 请 ?
正方 的 总 积分 是 681分 ?
反方 的 总 积分 是 703分 ?
下面 我们 一起 进入 最后 一 轮 一锤定音 。
在 第四 轮 一锤定音 这个 环节 之内 我们 要 有 请 两 位 提问 嘉宾 分别 向 正方 和 反方 提出 问题 。
之后 ， 两 支 队伍 各 有 三分 钟 的 时间 针对 提问 嘉宾 提出 的 问题 进行 回答 并且 巩固 本 方 的 观点 。
下面 我们 首先 有请 两 位 提问 嘉宾 先 向 反方 各 提出 一个 问题 6 楼 蒋昌建 ： 第一 ， 请问 大学 教育 和 社会 教育 有 没 有 区别 ？
如果 是 完全 融合 的 话 ， 那么 社会教育 是否 能 代替 大学 教育 ？
第二 ， 从 实用 性 的 角度 请问 城市 安全 国家 安全 和 大学 安全 有 没 有 区别 ？
如果 有 区别 的 话 ， 大学 安全 的 特殊 保护性 在 哪里 ？
第三 ， 从 成本 论 的 角度 来看 ， 您 说 目前 中国 大学 修建 的 围墙 可以 绕 地球 半周 或者 更 多 ， 那么 所 耗费 的 成本 巨大 ， 如果 这样 一个 围墙 的 修建 所 耗费 的 成本 与 围墙 能够 保障 大学 的 教学 秩序 ， 保障 大学 的 独立 研究 的 精神 ， 保障 大学 的 科研 有序 的 进行 所 带来 的 无形 成本 的 比较 还 要 低 的 多 的 话 ， 你 会 做 怎样 的 选择 ？
我 出 这 三 个 问题 ?
余磊 ： 我 想 请 教 的 问题 是 ， 中国 大学 面临 的 最 大 的 问题 是 开放 和 融合 的 问题 还 是 维护 学术 的 独立 和 纯洁性 的 问题 。
谢谢 ?
主持人 ： 下面 我们 请 反方 派出 任意 辩 手 针对 嘉宾 提出 的 问题 进行 回答 并且 巩固 本 方 立论 。
时间 三分 钟 ?
反方 3 辩 ： 我们 说 第一点 我们 社会 和 大学 之间 存在 一个 交融 的 问题 。
社会 是 大学 发展 的 源头 ， 而 大学 又 要 奉献 于 社会 。
因此 他们 之间 不 应该 有 围墙 。
第二 ， 谈 到 制度 问题 。
国家 社会 和 大学 都 应该 最终 依靠 制度 来 实现 。
第三 ， 蒋 老师 提到 了 成本 问题 。
那么 在 成本 的 论证 上面 ， 我们 谈 大学 的 有序性 在 逐步 减 小 而 副 面 效果 不断 增加 。
所有 的 论证 从 本质 上 它 无法 支持 大学 的 教学科研 和 服务 社会 因此 它 应该 没有 围墙 。
谢谢 ?
反方 4 辩 ： 对方 同学 的 观点 很 有意思 。
一 辩 在 立论 的 时候 就 告诉 我们 传统 的 围墙 发展 到 今天 也 可以 适应 时代 的 发展 。
那么 是 不 是 所有 传统 的 东西 都 可以 发展 到 现在 呢 ？
三纲五常 现在 能 不能 用 ， 一 夫 多 妻 现在 能 不能 用 ？
这些 东西 只 能 写 进 教科书 而 不能 作为 实际 的 应用 。
第二 ， 对方 同学 说 大学 守护 精神 也 要 靠 围墙 来 实现 ， 思想 的 独立 也 要 靠 围墙 来 实现 。
那么 请问 想当初 在 春秋 乱世 的 时候 孔子 周游 列国 身边 都 没有 围墙 ， 难道 回来 以后 他 就 不 是 孔子 了 吗 ？
