反方 --- 梁佑诚 ： e ， 我 没有 不 能 谈 。
正方 --- 黄聪涵 ： 那 可是 你 都 没有 回答 我 天堂 结婚 比较 可喜 还是 冥府 结婚 比较 可喜 呀 ？
反方 --- 梁佑诚 ： 因为 我 不 知道 重 来 以后 会 是 一个 什么样 的 结果 。
正方 --- 黄聪涵 ： 哦 ， 所以 其实 你 也 不 知道 ， 其实 我们 也 不 知道 ， 所以 这 两 对 情侣 其实 都 是 蛮 可悲 的 。
反方 --- 梁佑诚 ： 所以 你 方 没有 办法 论证 。
正方 --- 黄聪涵 ： 对方 ， 我 不 是 在 说 因为 生命 不 能 重 来 ， 人 结 不 成婚 了 很 可悲 吗 ？
这 不 叫 论证 叫 什么 ？
反方 --- 梁佑诚 ： 对不起 ， 不能 打岔 ， 请 说 。
正方 --- 黄聪涵 ： 白 头人 送 黑头 人 可 不 可悲 呀 ？
反方 --- 梁佑诚 ： 很 可惜 。
正方 --- 黄聪涵 ： 那么 子 欲 养 而 亲 不 在 ， 可不 可悲 呀 ？
反方 --- 梁佑诚 ： 可悲 ， 但是 我 下辈子 我 花 时间 在 父母 身上 ， 结果 我 陪 我 老婆 少 了 ， 所以 下辈子 对 我 很 可悲 。
正方 --- 黄聪涵 ： 四川 大 地震 的 灾民 ， 他们 的 母亲 不能 再 见到 孩子 了 ， 可不 可悲 呀 ？
反方 --- 梁佑诚 ： 因为 你们 没 看 开 。
正方 --- 黄聪涵 ： 对方 辩 友 ， 现在 你 告诉 我 四川 大 地震 的 母亲 们 应该 看 开 吗 ？
反方 --- 梁佑诚 ： 哦 ， 不 是 ， 是 他们 该 怎么 学 会 去 面对 跟 接受 生命 。
正方 --- 黄聪涵 ： 海底 大 地震 这个 孩童 失去 了 母亲 ， 他们 可 不 可悲 呀 ？
反方 --- 梁佑诚 ： 可怜 。
正方 --- 黄聪涵 ： 可怜 跟 可悲 这 俩 者 之间 的 区别 在 哪里 ？
反方 --- 梁佑诚 ： e ， 没 有 区别 ， 可惜 、 可怜 ， 但是 我们 不能 断定 这个 人 人生 就 很 可悲 。
正方 --- 黄聪涵 ： 所以 总结 一下 刚才 的 战场 ， 对方 第一 个 战场 就是 不 现实 的 叫 那些 哀痛 的 人 要 看 开 ， 你 只要 看 开 后 这些 天灾 都 不 是 问题 ； 要么 他 就 告诉 我们 不 是 可怜 就 是 可惜 ， 不 是 可惜 就 是 可悲 ， 其实 这 几 者 分别 在 哪里 ？
我 想 待 会 您 解释 一下 。
反方 --- 梁佑诚 ： 您 搞 错 了 ， 我 没有 想 要 区别 ， 只不过 是 告诉 大家 说 ， 有些 东西 我们 很 可惜 很 可悲 ， 但是 不 能 断定 因为 有 出现 过 可惜 和 可悲 ， 所以 人生 就 变 得 很 可悲 了 ！
因为 对方 辩 友 你 要 知道 ， 人生 是 一个 过程 ， 它 里头 有 高 低 起伏 ， 所以 有 可悲 有 可惜 的 事情 是 OK 的 ， 了解 吗 ？
正方 --- 黄聪涵 ： 有 可惜 的 事情 是 OK 的 ， 不过 生命 的 不 能 重 来 带来 的 可悲 这个 也 是 OK 的 ， 对 吧 ？
反方 --- 梁佑诚 ： 只 是 你 不 能 接受 。
正方 --- 黄聪涵 ： 对方 辩 友 ， 我 提 了 结婚 的 例子 到 人 死 的 例子 你 都 没有 接受 吗 ？
反方 --- 梁佑诚 ： 都 很 执 着 ， 对方 辩 友 ， 其实 我们 要 阐述 的 是 要 告诉 大家 ， 其实 生命 当中 有 很 多 起 起落 落 ， 如果 有 不 开心 的 事情 ， 我们 只 是 希望 大家 能够 看清楚 这个 事实 ， 它 是 不能 被 改变 的 ， 既然 不能 被 改变 ， 为什么 你 不 接受 它 呢 ？
那 谈 到 结婚 的 事情 ， 是 ， 我 没有 办法 跟 我 最 爱 的 人 结婚 我 觉得 很 可惜 ， 但是 下辈子 我 回来 的 时候 我 爱 的 人 可能 就 不 是 我 本来 想 结婚 的 那个 人 了 ， 那 为什么 我们 还 需要 生命 重 来 呢 ？
对方 辩 友 一直 很 怕 跟 我们 去 论证 假设 性 的 状况 ， 因为 他 方 很 清楚 的 知道 ， 如果 生命 重 来 之后 一切 的 结局 都 会 改变 ， 所以 并 不 可喜 。
谢谢 大家 ！
【 正方 三 辩 盘问 】 正方 --- 陈思渊 ： 先 请教 对方 一 辩 。
对方 辩 友 ， 想 请教 您 一个 问题 ， 您 方 会 不 会 觉得 还 很 坚持 “ 看 不 开 ” 这个 论点 吗 ？
反方 --- 黄 执 中 ： 是 。
正方 --- 陈思渊 ： 对方 辩 友 ， 对方 四 辩 想 请教 您 ， 您 说 了 才 算 ， 你 方 还是 很 坚持 “ 看 不 开 ” 这个 论点 吗 ？
反方 --- 马薇薇 ： 这 还 好 了 ， 我们 比较 随 缘 。
正方 --- 陈思渊 ： OK 。
对方 辩 友 ， 想 请教 对方 四 辩 了 ， 会 不 会 很 随 缘 的 就 改 一 改 论点 ？
然后 就 是 看 不 开 也 无所谓 ？
反方 --- 马薇薇 ： OK 了 ， 我们 听 你们 的 。
正方 --- 陈思渊 ： 是 ， 没 问题 。
想 请教 对方 二 辩 ， 您 刚才 一直 说 很多 状况 我们 是 看 不 开 ， 看 不 开 才 这么 痛苦 、 才 这么 可悲 ----- 对方 辩 友 想 请 教 你 ， 为什么 看 开 了 还 会 可喜 ， 可喜 是 不 是 因为 她 看 不 开 呀 ？
反方 --- 梁佑诚 ： 因为 我 看 开 了 以后 我 就 知道 我 的 人 生 下 一辈子 原来 不 需要 再 苦 一 次 。
正方 --- 陈思渊 ： 对方 辩 友 那 为什么 要 可喜 的 ？
----- 既然 你 都 看 开 了 ！
反方 --- 梁佑诚 ： 不 能 再 苦 一 次 很 开心 耶 ！
正方 --- 陈思渊 ： 对方 辩 友 ， 不 对 ！
不能 再 苦 一 次 搞 不好 也 很 悲伤 ！
对方 辩 友 ， 既然 看 开 了 为什么 可喜 ？
反方 --- 梁佑诚 ： 因为 看 开 以后 我 就 不用 再 苦 一 次 ， 我 刚才 说 啦 。
正方 --- 陈思渊 ： 对方 辩 友 ， 不对 。
对方 辩 友 想 请教 您 ， 再 回去 一 次 不 一定 是 苦 ， 您 方 也 不 知道 什么样 叫 再 一 次 回去 。
但是 您 方 就 肯定 告诉 大家 ， 再 一 次 ， 您 看 开 了 ， 就是 可喜 的 ---- 对方 辩 友 想 请教 您 ， 您 方 怎么 界定 “ 可喜 ” 二 字 ？
请教 对方 二 辩 。
反方 --- 梁佑诚 ： e ， 是 问 我 吗 ？
对不起 没 听见 。
正方 --- 陈思渊 ： 就是 对方 辩 友 您 方 说 看 开 了 我们 会 很 开心 ， 对方 辩 友 ， 想 请教 您 ， 我 理解 您 方 的 可喜 二 字 在于 开心 的 状态 下 ， 有 没 有 错 ？
