这 显然 又 是 荒谬 的 。
对方 犯 的 第三 个 错误 就 是 ： “ 避 实 就 虚 ” ， 对方 始终 告诉 我们 温饱 能够 给 谈 道德 提供 更 好 的 条件 ， 但是 没有 说 不 温饱 的 情况 下 绝对 不 能 谈 道德 。
对方 犯 的 第四 个 错误 就 是 ： “ 指 鹿 为 马 ” ， 把 谈 道德 与 谈 道德 的 效果 混 为 一 谈 。
对方 今天 的 论点 可谓 是 云山雾罩 ， 让 我们 一 头 雾 水 ， 不知所云 。
相反 ， 今天 我们 已经 从 逻辑 、 理论 、 事实上 论证 了 ， 只要 基于 理性 的 人类 存在 就 能够 谈 道德 。
下面 我 主要 从 价值 层面 论述 我方 的 立场 。
第一 ， 谈 道德 是 基于 理性 的 人 。
只要 人类 存在 着 ， 就 能够 谈 道德 。
“ 富贵 不 能 淫 ， 威武 不 能 屈 ， 贫贱 不 能 移 。
” 人类 之所以 不同 于 动物 的 一个 重要 的 标志 就 是 人 能够 基于 自身 的 理性 而 谈 道德 。
孔子 说 ： “ 不 义 而 富 且 贵 ， 于 我 如 浮云 ” ， 不 以 温饱 为 基本 前提 而 谈 道德 ， 恰恰 显示 了 人类 理性 的 伟大 和 崇高 。
第二 ， 谈 道德 是 基于 社会 整体 发展 的 价值 选择 。
人类 如果 想 求得 生存 和 发展 就 要 谈 道德 。
否则 必然 导致 人类 历史 生活 的 毁灭 。
群体 统一 的 行动 是 社会 生存 下去 的 基本 方式 。
而 统一 的 行动 是 要 以 谈 道德 为 前提 。
只有 在 社会 生活 中 谈 道德 ， 才 能 保证 社会 的 相对 的 稳定 和 有序 ， 才 能 赋予 整体 人类 活动 的 价值 内涵 。
这 是 谈 道德 被 历史 和 经验 证明 了 的 社会 意义 。
第三 ， 谈 道德 是 基于 人们 摆脱 贫困 的 热望 。
我们 今天 在 这里 不仅 要 谈 道德 的 理念 ， 更 要 谈 在 现实 社会 当中 的 人类 该 何去何从 。
环顾 当今 的 世界 ， 衣不蔽体 ， 食不果腹 的 人们 成千上万 ， 他们 怎么办 ？
不 谈 道德 了 吗 ？
对方 能够 设想 一下 ， 在 纷争 四 起 的 社会 条件 下 ， 丧失 人伦 能够 促成 繁荣富强 吗 ？
相互 残杀 的 鲜血 能够 浇灌 出 温饱 的 果实 吗 ？
显然 不 能 。
“ 宝剑 锋 从 磨砺 出 ， 梅花 香 自 苦寒 来 ” 。
越 是 贫困 向 人类 发出 强烈 挑战 的 时候 ， 就 更 要 谈 道德 。
（ 嘟 ） 第四 ， 当 人类 迈向 未来 世纪 的 时候 ， 更 要 基于 人 的 理性 来 谈 道德 。
当今 的 世界 ， 环境 、 人口 、 饥饿 、 战争 等等 的 问题 都 存在 于 贫困 的 国家 和 地区 当中 ， 他们 不 谈 道德 了 吗 ？
不 谈 的 话 会 给 人类 带来 什么样 的 命运 呢 ？
从 罗尔斯 到 唐君毅 ， 又 有 哪个 伦理学 家 不 告诉 我们 要 呼唤 人 的 道德 感 与 责任感 呢 ？
我们 、 你们 和 他们 难道 还 要 让 自己 的 心智 像 风 、 像 雨 ， 以 对 道德 的 沉默 来 拯救 这个 越发 脆弱 的 星球 吗 ？
谈 到 这里 ， 我 不由得 想起 一百 多 年 前 生活 在 哥尼斯 堡 的 一 位 叫 康德 的 老人 说 过 的 一 句 话 ： “ 这个 世界 唯有 两 样 东西 能 让 我们 的 心灵 感到 深深 的 震撼 ， 一 是 我们 头 顶 上 灿烂 的 星空 ， 一 是 我们 内心 崇高 的 道德 法则 ！
” 谢谢 各位 ！
（ 长时间 掌声 ） 主席 ： 谢谢 蒋昌建 同学 的 总结 陈 词 。
最后 我们 请 正方 第四 位 代表 季麟扬 同学 总结 陈 词 ， 时间 也 是 ４分钟 。
（ 掌声 ） 季麟扬 ： 主席 、 各位 评审 教师 、 对方 辩 友 以及 各 位 观众 朋友 ， 大家 好 ！
我 想 对方 一再 地 提到 在 饥寒 的 时候 也 能 谈 道德 。
但是 请 注意 在 这个 时候 ， 您 所 谈 的 道德 不 能够 帮 人 马上 解除 饥寒 ， 您 还 能够 谈 这个 道德 吗 ？
您 现在 肚子 饿 了 ， 您 还 可以 坐 在 这边 继续 谈 ， 那 是 因为 您 已经 吃 过 晚饭 了 。
晚饭 没 吃 也 没关系 ， 下 餐 还有 得 吃 ， 这 不 叫 饥寒 哪 ！
这 您 还 是 有 温饱 的 。
如果 您 已经 三年 五年 长期 处于 饥寒 之下 ， 今天 您 哪 有 这个 身份 、 地位 和 心情 坐 在 这个 台上 跟 我们 大 谈 道德 呢 ？
无论 道德 是 判断 是非 善恶 的 标准 ， 或者 是 社会 大多数 人 所 接受 的 行为 准则 ， 今天 我们 要 谈 道德 必须 承认 在 人类 生存 的 条件 下 谈 才 有 意义 ， 而 人类 求 生存 最 基本 最 起码 的 需要 是 什么 ？
就 是 温饱 。
温饱 确实 是 人类 为 求 个体 的 生存 ， 为 延续 种族 的 生命 而 最 基本 的 需要 。
更 重要 的 是 我们 看 温饱 的 时候 ， 必须 了解 温饱 是 一 种 连续 的 变量 。
也就是说 ， 从 三 餐 不济 到 丰衣足食 之间 ， 有 许多 层次 的 温饱 。
对方 同学 借助于 简单 的 二分 法 ， 将 天下 人 分 为 有 温饱 、 没 温饱 ； 有 道德 、 没 道德 。
这么 简单 的 分 法 怎么 能 把 道德 和 温饱 的 关系 讲 清楚 呢 ？
所以 我们 建议 ， 要 检验 道德 和 温饱 的 关系 就 必须 了解 道德 与 温饱 是 一个 连续 的 变量 。
我们 必须 看 他们 相互 之间 变化 的 趋势 以及 相对 的 关系 。
我方 刚才 已经 充分 论证 了 。
我们 社会 要 谈 道德 就是 要 使 一 项 道德 能够 在 社会 上 推行 成功 ， 道德 不 能 实现 光 谈 有 什么 用 呢 ？
您 饥饿 的 时候 很 想 谈 道德 ， 但是 您 做 不 到 啊 。
那么 这个 时候 ， 我方 的 论点 主要 可以 从 以下 四 个 方面 来说 。
第一 ， 我们 从 逻辑关系 看 ， 人 的 温饱 需求 是 与 生 俱 来 的 ， 一个 小 娃娃 刚 生 下来 ， 他 就 想 吃 想 要 有 温暖 ， 但是 人 的 道德 是 人类 社会 形成 之后 才 产生 的 ， 而 道德 的 目的 呢 ， 也 是 为了 维持 这个 社会 的 和谐 ， 所以 如果 人 都 不 在 了 ， 那 还 怎么 谈 道德 呢 ？
所以 谈 道德 就 不能 离开 温饱 这个 前提 。
第二 ， 从 政府 施政 的 角度 来看 ， 我们 认为 道德 建设 当然 是 重要 的 ， 也 唯 是 因为 我们 要 把 道德 建设 建筑 在 坚固 的 磐石 之上 ， 所以 我们 主张 道德 的 提倡 必须 与 经济 建设 双管齐下 才 能 相得益彰 ， 否则 只是 一厢情愿 地 希望 三 餐 不济 ， 衣衫 褴褛 的 人民 表现 出 高尚 的 道德 ， 恐怕 不切实际 。
