今晚 半决赛 第二 场 的 优胜 队 将 会 进入 大 决赛 ， 与 昨晚 的 优胜 队伍—— 台湾 大学 队 决 一 雌雄 。
那 今晚 哪个 队伍 会 获得 评判 团 的 青睐 呢 ？
让 他们 先 在 口舌 上 比 个 高下 吧 。
今晚 对垒 的 两 支 队伍 是 悉尼 大学 和 复旦 大学 。
现在 给 您 介绍 双方 的 辩论 代表 。
在 我 右手 的 是 正方 悉尼 大学 的 代表 。
第一 位 是 ： 李耀华 ， 文学 院 三年 级 ； 第二 位 陈慧 ， 政府 及 公共 管理 系 硕士 班 一年 级 ； 第三 位 蔡美龄 ， 文学 院 三年 级 ； 第 四 位 朱 天 飙 ， 政府 及 公共 管理 系 荣誉 班 学生 。
在 我 左手 的 是 反方 复旦 大学 的 代表 。
第一 位 是 姜丰 ， 中文 系 中国 语言 文学 研究生 二年 级 ； 第二 位 是 季翔 ， 法律 系 二年 级 ； 第三 位 是 严嘉 ， 法律 系 四年 级 ； 第 四 位 是 蒋昌建 ， 国际 政治 系 硕士 班 三年 级 。
今晚 的 评判 团 代表 共 有 五 位 ， 他们 是 ： 许廷芳 律师 ， 许 先生 是 新加坡 广播 局 董事 ； 第二 位 是 郭宝昆 先生 ， 他 是 实践 表演 艺术 中心 艺术 总监 ； 第三 位 是 李廉风 女士 ， 李 女士 是 华 贸 国际 私人 有限公司 副 主席 ； 第 四 位 是 李廷辉 博士 ， 李 博士 是 前 东亚 哲学 研究所 中国 部 主任 ； 第五 位 是 周清海 博士 ， 周 博士 是 国立 教育 学院 高级 讲师 。
今晚 的 辩 题 是 ： 艾滋病 是 医学 问题 ， 不 是 社会 问题 。
反方 的 立场 是 艾滋病 是 社会 问题 ， 不 是 医学 问题 。
双方 的 立场 由 抽签 决定 的 。
现在 我 宣布 １９９３年 国际 大专 辩论会 半决赛 第二 场 正式 开始 。
先 请 正方 第一 位 代表 李耀华 同学 表明 立场 和 发言 ， 时间 三分 钟 。
（ 掌声 ） 李耀华 ： 大家 好 ！
艾滋病 是 ２０ 世纪 的 不治之症 。
人类 从古到今 都 面临 着 疾病 的 威胁 ， 并 会 引起 死亡 ， 医学 就 是 因 此 产生 的 ， 它 可以 治疗 疾病 。
如 不 可以 治 的 话 ， 它 可以 用 医疗 的 方法 来 预防 。
艾滋病 就是 这样 的 疾病 ， 它 造成 的 影响 ， 从 根本 上 说 就是 从 医学 问题 上 产生 的 。
什么 是 艾滋病 呢 ？
艾滋病 是 英文 ＡＩＤＳ 的 译音 。
它 的 意思 是 先天 免疫 缺乏 综合症 的 简称 。
美国 公共 卫生 机构 给 艾滋病 下 的 定义 是 一 种 严重 的 综合症 ， 其 特点 是 先天 免疫性 受到 特殊 损害 而 造成 的 。
艾滋病 的 病人 易 患 其它 多种多样 罕见 的 疾病 ， 而 这些 疾病 一般 不 会 发生 在 免疫系统 未 受 损害 的 人 身上 ， 即使 发生 也 不会 改变 问题 的 ， 也 不 会 有 致命 问题 的 。
对于 这些 医学 常识 ， 对方 能 说 它 不 是 一个 医学 问题 吗 ？
问题 是 需要 研究 讨论 并 加以 解决 的 疑难 。
在 这个 解决 的 前提 下 ， 对方 一定 要 解释 艾滋病 不用 研究 加以 解决 ， 而是 从 社会 角度 解决 的 问题 。
而 社会 问题 ， 根据 《 中华 百科全书 》 的 定义 是 多数 人 视为 违背 社会 规范 的 一 种 行为 。
尽管 此 病 对 社会 有 影响 ， 就 像 所有 的 流行性 绝症 一样 ， 例如 以前 的 肺结核 ， 对 社会 有 很 大 的 影响 。
但 从 根本 上 你 能 说 它 是 社会 问题 吗 ？
艾滋病 也 是 同样 的 ， 无论是 从 它 的 起源 、 传播 、 还 是 治疗 的 角度 来 看 都 是 跟 医学 分 不 开 的 。
在 它 的 起源 地 非洲 ， 虽然 它 的 由来 有 一定 的 争论 性 ， 但 我们 不 能 不 承认 两点： 第一 在 当时 的 非洲 缺乏 医疗 防护 知识 ； 第二 它 缺乏 治疗 设备 ， 这 就是 医学 问题 。
在 传播 方面 ， 它 是 因为 病 的 型 态 通过 不同 的 途径 造成 的 。
但 这种 途径 并 不 是 问题 的 原因 ， 而是 一 种 影响 的 方法 。
只有 医学 的 治疗 和 预防 才 能 解决 。
这 不 又 回到 了 医学 问题 上 了 吗 ？
每年 在 非洲 都 有 ２０ 万 人 得 艾滋病 ， 难道 你 能 认为 他们 不 要 用 药 ， 只 要 改变 思想 、 社会 观念 或者 是 宗教 信仰 ， 那 他们 就 可以 得救 了 吗 ？
不 能 ！
问题 在 医学 上 ， 只有 医学 才 能 治疗 艾滋病 。
（ 掌声 ） 主席 ： 谢谢 李耀华 同学 ， 接 下来 请 反方 第一 位 代表 姜丰 同学 表明 立场 和 发言 ， 时间 也 是 ３分钟 。
（ 掌声 ） 姜丰 ： 大家 好 ！
人类 从古到今 都 有 一 种 思维 定势 ， 似乎 有 了 病 就 是 医学 问题 ， 对方 辩 友 的 立论 ， 我 想 也 是 受 了 这 种 偏见 的 影响 。
要 知道 医学 问题 这个 狭小 的 概念 是 装 不 下 艾滋病 这个 “ 世纪 恶魔 ” 的 。
对方 辩 友 请 千 万 不要 让 大象 在 茶杯 里 洗澡 。
我方 认为 ， 艾滋病 给 人类 带来 了 严重 危害 ， 远远 超出 了 医学 范围 。
艾滋病 是 在 社会 中 发生 、 发展 的 ， 必须 用 社会 系统工程 加以 解决 ， 因而 是 社会 问题 。
首先 ， 判断 一个 问题 的 基本 标准 ， 就是 看 问题 在 什么 领域 内 发生 、 发展 、 并 加以 解决 。
所谓 社会 问题 ， 就 是 公认 足以 危害 文明 价值 的 情景 。
而 艾滋病 的 发生 和 发展 与 同性恋 、 吸毒 、 性 滥 交 、 管理 行为 不 当 等 社会 行为 密切相关 。
是 社会 生活 方式 管理 不当 ， 还有 观念 、 人生 价值 等等 变异 的 结果 。
一 句 话 是 社会 机体 综合症 的 结果 。
现在 艾滋病 已经 波及 到 １７３ 个 国家 和 地区 ， 分号 比 麦当劳 还要 多 。
这 难道 不 是 社会 问题 吗 ？
第二 ， 艾滋病 有 其 特殊性 。
这 就 是 它 的 传染性 、 致命 性 和 社会 危害性 。
得 了 艾滋病 不 会 像 相思病 那么 浪漫 的 ， 相思病 只 是 两 个 人 的 事 ， 而 艾滋病 却 涉及 到 成千上万 的 人 ， 强 传 性 使 个体 的 疾病 上升 为 社会 公害 ， 即使 洁身自好 也 难免 万无一失 。
以前 艾滋病 患者 已经 到 了 ２５０ 万 ， 感染者 达到 １４００ 万 。
而 到 ２０００年 ， 单 患者 就 达到 １４００ 万 ， 感染者 将 达到 ５０００ 万 — １亿 。
当 这个 社会 人人自危 谈 艾滋病 色 变 的 时候 ， 对方 辩 友 你 还 能 坦然 地 说 这 是 一个 医学 问题 吗 ？
