第三 ， 艾滋病 已 给 人类 带来 了 巨大 危害 ， 当代 科学 公认 艾滋病 有 四 大 奇迹 ： 一 是 造成 巨大 的 死亡 和 疾病 ； 第二 是 造成 家庭 毁灭 后 的 社会 问题 ； 三 是 损害 社会 经济 ； 第 四 是 造成 社会 不 稳定 、 政治 动荡 等等 。
这些 不 都 是 地地道道 的 社会 问题 吗 ？
各位 ， 当 你 所 喜爱 的 电影 明星 ， 他们 要 相互 出示 没有 患 艾滋病 的 证明 才 肯 拍 爱情 戏 的 时候 ， 当 我们 整个 社会 为 治疗 艾滋病 花 去 天文数字 的 经费 ， 你 还 能 说 这 只 是 医学 问题 吗 ！
“ 山重水复 疑 无 路 ， 柳暗花明 又 一 村 ” ， 控制 艾滋病 只能 依靠 社会 整体 力量 ， 请问 医学 能 解决 同性恋 吗 ？
医学 能 解决 贩毒 和 吸毒 吗 ？
医学 能 解决 艾滋病 带来 的 人权 问题 吗 ？
面对 死亡 ， 医学 无能为力 ， 唯一 的 方法 就 是 采用 社会 系统工程 ， 全面 控制 艾滋病 。
谢谢 各位 ！
（ 掌声 ） 主席 ： 谢谢 姜 丰 同学 ， 接 下来 我们 请 正方 第二 位 代表 陈慧 同学 发言 ， 时间 ３分钟 。
（ 掌声 ） 陈慧 ： 各位 好 ， 我们 听 了 那么 久 ， 对方 一 辩 讲 的 就是 艾滋病 给 社会 带来 的 影响 ， 但是 我们 要 记住 今天 晚上 的 辩 题 是 艾滋病 是 社会 问题 还是 医学 问题 呢 ？
我方 认为 艾滋病 不 是 社会 问题 ， 不 能 从 社会 角度 加以 解决 ， 原因 如下 ： 第一 ， 每 一个 民族 、 国家 ， 社会制度 道德 标准 都 不 一样 。
也许 对方 认为 一 夫 一 妻 制 ， 妻子 在 知道 丈夫 染 有 艾滋病 菌 时 也 不 能 控制 性行为 。
但 对 他们 来说 这 不 能够 成 什么 社会 问题 ， 而是 他们 社会制度 的 一个 组成部分 。
况且 天主教 反对 避孕 。
因 此 增加 了 传播 艾滋病 的 机会 。
我们 能 改变 他们 的 信条 吗 ？
不 能 ！
很多 社会学家 告诉 我们 ， 世界 上 根本 没有 任何 标准 的 社会制度 ， 不同 的 社会 环境 就 有 不同 的 社会制度 。
对方 也许 认为 ， 同性恋 就 是 社会 问题 ， 但是 在 某些 国家 ， 包括 澳大利亚 在内 同性恋 是 合法 的 ， 而且 娼妓 也 在 某些 国家 得到 认可 。
娼妓 不 正是 一个 合法 的 职业 吗 ？
又 是 什么 社会 问题 呢 ？
如果 对方 同学 认为 ， 泰国 的 性 旅游 带来 艾滋病 是 社会 问题 。
但 别 人 认为 这 是 他们 的 无烟工业 呵 ！
我方 认为 艾滋病 不 是 社会 问题 。
我们 没 有 一 套 对 所有 社会 、 所有 国家 对付 艾滋病 行之有效 的 社会 道德 标准 和 社会 制度 。
如果 对方 同学 认为 这 是 社会 问题 ， 就 得 解释 以 社会 角度 解决 艾滋病 的 可行性 。
如果 对方 讲 不 出 什么 办法 对付 同性恋 、 性 滥 交 ， 改变 宗教 观念 或 社会 道德 标准 ， 只 告诉 我们 这 是 社会 问题 ， 那 又 有 什么 意义 呢 ？
退 一 万 步 来说 ， 就算 我们 能 以 第一 时间 改变 我们 的 生活 方式 ， 即使 堵塞 所有 有助于 艾滋病 传播 的 渠道 ， 但 现在 已 有 成千上万 的 人 已经 受到 这种 病 的 危害 ， 我们 能 向 他们 说 ： “ 这 是 社会 问题 ， 你们 慢慢 等 吧 ！
” 现在 患病 的 人 已经 有 ８００ 万 了 ！
社会 道德 标准 能 给 他们 带来 什么 希望 呢 ？
如果 对方 认为 这 是 社会 问题 ， 那 医学 家 的 研究 、 他们 的 工作 又 有 什么 意义 呢 ？
何况 正 如 前面 所 提 到 的 。
全 人类 不 能 及时 遵从 有关 当局 的 劝 谕 而 行事 ， 因而 不 能 从 社会 制度 上 ， 从 社会 角度 解决 艾滋病 的 问题 。
退 一 万 步 来说 ， 同性恋 、 性 滥 交 也 不 是 艾滋病 唯一 的 传播 途径 ， 输血 不慎 引起 的 传染 又 怎么 解释 呢 ？
（ 掌声 ） 主席 ： 谢谢 陈慧 同学 ， 接 下来 我们 请 反方 第二 位 代表 季翔 同学 发言 ， 时间 ３分钟 。
（ 掌声 ） 季翔 ： 主席 、 各位 好 ！
有 了 社会 影响 就 不 能 是 社会 问题 吗 ？
台湾 歌手 林志颖 是 新加坡 所 喜爱 的 一 位 青年 歌星 ， 他 的 社会 影响 不 可谓 不 大 ， 但 他 不 也 造成 了 少女 出走 的 社会 问题 吗 ？
我 想 请问 对方 辩 友 ， 对方 所 说 的 艾滋病 是 社会制度 的 问题 ， 是 宗教 禁忌 的 问题 ， 是 同性恋 是否 合法 的 问题 ， 这 不 恰恰 证明 了 它 是 一个 社会 问题 吗 ？
判断 艾滋病 是 什么 问题 ， 当然 要 坚持 我方 一 辩 所 提出 的 三 条 标准 。
所谓 没有 规矩 不成方圆 。
第一 ， 艾滋病 源于 社会 机体 的 综合症 。
随着 物质 生活 的 丰富 ， 许多 人 的 精神 世界 却 日渐 消沉 、 堕落 。
人们 在 享受 到 物质 生活 和 财富 的 同时 ， 却 被 同性恋 、 吸毒 、 性 滥 交 这些 恶习 东 进 西 渐 ， 南征北战 ， 为 艾滋病 的 泛滥 提供 了 温床 。
在 对 美国 纽约 ２． ５ 万 艾滋病毒 的 携带 者 的 调查 中 就 发现 ， 其中 ９４％ 的 人 是 因为 同性恋 和 吸毒 而 染上 艾滋病毒 的 。
如果 吸毒 不 是 社会 问题 而是 医学 问题 的 话 ， 那么 新加坡 中央 肃 毒 局 就 要 改 成 中央 消毒 局 了 。
（ 笑声 ） 第二 ， 社会 机体 综合症 使得 艾滋病 的 蔓延 如虎添翼 。
恶魔 来势汹汹 ， 社会 频频 告急 ： ８月 ２６日 《 联合 早报 》 载 泰国 北部 １３％ 的 年轻人 已经 染 上 了 艾滋病毒 ， 而 在 澳大利亚 ， 不仅 人 患病 ， 就 连 １４ 的 A 猫 也 成 了 艾滋病毒 的 携带 者 （ 笑声 ） 。
面对 这么 大 的 一个 社会 恶 瘤 ， 是 靠 医生 手术刀 就 能 剜除 吗 ？
医生 能 救 一 人 ， 但 医生 不 能 救 天下 ， 天下 要 靠 天 下 人 来 救 。
只有 依靠 社会 本身 才 能 诊治 社会 机体 的 综合 病症 。
第三 ， 解决 艾滋病 的 问题 ， 只有 依靠 社会 的 系统工程 。
在 乌干达 由于 艾滋病 的 缘故 ， ３７００ 万 的 人口 到 ２０１０年 就要 降 到 ２０００ 万 了 。
“ 上 穷 碧 落下 黄泉 ， 两 处 茫茫 皆 不 见 ” ， 如果 等待 医生 发明 出 灵丹妙药 的话 ， 到 那时 乌干达 恐怕 早 就 变成 子虚乌有 了 。
（ 笑声 ） 我方 认为 医学 势单力薄 ， 孤掌难鸣 ， 只有 依靠 社会 系统工程 ， 通过 完善 社会 道德 观念 ， 推动 全 社会 的 预防 ， 筹集 充足 的 经费 ， 强调 跨学科 的 研究 ； 发展 社会 教育 ； 弘扬 美 的 生活 方式 ， 统筹 规划 ， 共 管 齐 抓 ， 才 能 使 健康 者 不 感染 ， 感染者 少 患病 ， 患病 者 晚 死亡 ， 死亡 者 家属 有 保障 。
