（ 时间 到 ） （ 掌声 ） 主席 ： 谢谢 严嘉 同学 。
现在 是 双方 同学 正面 交锋 、 大 展 辩才 的 时候 。
在 自由 辩论 开始 之前 ， 先 让 我 提醒 双方 同学 ， 你们 每队 各 有 ４分钟 发言 时间 ， 正方 同学 必须 先 发言 。
好 ， 现在 自由 辩论 正式 开始 。
（ 掌声 ） 李耀华 ： 对方 已 说明 ， 我们 应该 加强 教育 ， 但 我 想 问 对方 ， 教育 是 用 什么 教育 ？
是 不 是 要 用 医学 的 方法 来 教育 呢 ？
蒋昌建 ： “ 知 之 为 知 之 ， 不知 为 不 知 。
” 请问 对方 ， 你们 判断 是 医学 问题 还 是 社会 问题 的 标准 是 什么 ？
陈慧 ： 今天 晚上 的 辩 题 我 想 对方 已经 有所 误解 了 ， 你们 已经 忽视 了 你们 所 应该 辩 的 艾滋病 不 是 医学 问题 ， 但是 从 一 辩 到 三 辩 你们 只 谈 对 社会 的 影响 。
季翔 ： 我方 已经 论证 过 多少 遍 艾滋病 不 是 医学 问题 了 。
倒是 对方 认为 只要 是 病 就 是 医学 问题 ， 那 我 要 请问 了 ， 相思病 是 该 看 内科 还是 看 外科 啊 ？
（ 掌声 ） 陈慧 ： 我们 今天 晚上 的 论题 是 艾滋病 不是 相思病 ， 对方 不 要 把 它 搞 错 了 ， 而且 ， 如果 按 对方 所 说 从 社会 上 去 解决 ， 那么 １１年 了 ， 社会 上 又 有 什么 好处 呢 ？
又 有 什么 收益 呢 ？
严嘉 ： 就是 因为 单 依靠 医学 来 解决 ， 所以 艾滋病 越来越 猖狂 。
在 非洲 ， 已经 造成 了 很多 很多 的 情况 ， 对方 辩 友 难道 还 没有 认识 到 吗 ？
李耀华 ： 我们 已经 认识 到 了 。
我们 所谓 的 医学 问题 ， 就 是 说 要 从 医学 方面 来 找到 解决 的 方法 ， 并且 要 用 医学 的 方法 去 预防 它 ， 并 不 是 说 用 社会 什么 一些 空话 和 道德 来 解决 这个 问题 的 。
姜丰 ： 但是 医学 起 作用 吗 ？
是 ＤＤＩ 起 作用 ， 还 是 ＤＤＣ 起 作用 ？
就 是 连 那个 “ 艾 之 敌 ” 不 是 也 敌 不过 艾滋病 吗 ？
陈慧 ： 所以 我 倒 要 告诉 对方 。
１９８７年 中国 预防 医学 科学院 副 院长 就 告诉 我们 ， 他们 的 研究 人员 已经 分离 出 一 种 艾滋病毒 ， 已经 开展 艾滋病 病源 和 分子生物学 研究 ， 已经 得出 了 研究 的 结果 ， 而且 是 有效 的 。
蒋昌建 ： 著 名 的 中国 艾滋病 研究 专家 康来仪 先生 就 说 ， 刚才 那个 所谓 研究 结果 到 现在 没有 办法 可以 证明 。
（ 掌声 ） 朱 天 飙 ： 再 说 ， 如果 艾滋病 不 是 一个 医学 问题 ， 对方 认为 艾滋病 是 社会 问题 又 怎么 证明 呢 ？
季翔 ： 我 倒 想 请 对方 辩 友 回答 我 一个 很 简单 的 问题 ， 今年 世界 艾滋病 病 日 的 口号 是 什么 ？
李耀华 ： 今年 的 口号 是 “ 更 要 加强 预防 ” ， 怎么 预防 呢 ？
要 用 医学 的 方法 去 预防 啊 。
季翔 ： 错 了 ！
今年 的 口号 是 “ 时不我待 ” ， 对方 辩 友 连 这个 基本 的 问题 都 不 知道 ， 怪不得 谈起 艾滋病 问题 来 还 是 不 紧 不 慢 的 。
（ 掌声 、 笑声 ） 蔡美龄 ： 既然 对方 辩 友 说 “ 时不我待 ” ， 那 为什么 还 不 赶快 从 医学 问题 上面 去 研究 ， 赶快 发明 一 种 对 人体 有益 的 疫苗 ， 赶快 解决 这个 问题 呢 ？
严嘉 ： 医学 已经 搞 了 几 十年 ， 但是 还 没有 搞 出来 ， 我们 看到 ， 社会 系统工程 出台 后 已经 取得 了 有效 的 效果 。
陈慧 ： 什么 有效 效果 啊 ？
姜丰 ： 有效 效果 是 有目共睹 的 。
我们 从来 没有 否认 过 医学 也 已 参与 其中 ， 但 不 是 说 医学 参与 就 是 医学 问题 。
我 在 报纸 上 看到 奎 因 街 发生 了 五 次 火灾 都 有 医生 参加 ， 但是 不 是 火灾 都 是 医学 问题 呢 ？
蔡美龄 ： 你 说 社会 问题 可以 参与 其中 ， 但是 社会 问题 就 等于 是 医学 问题 嘛 ？
蒋昌建 ： 对方 终于 退出 了 那 一 步 ， 认为 医学 是 没 法 解决 的 ， 只有 靠 社会 系统工程 ， 论证 了 我 方 的 观点 ， 谢谢 ！
朱 天 飙 ： 现在 是 绝症 就 能 证明 以后 就 是 绝症 了 吗 ？
在 历史 上 ， 黑 死 病 、 糖尿病 、 肺结核 都 曾 是 绝症 ， 但 在 医学 的 发展 下 都 一一 迎刃而解 了 ， 对方 怎么 解释 ？
季翔 ： 医学 就 真 的 解决 了 吗 ？
东南亚 现在 不 还 在 流行 瘟疫 吗 ？
这 还是 个 社会 问题 呀 ！
陈慧 ： 因为 他们 没有 足够 的 医学 知识 ， 没有 足够 的 医疗 设备 呀 ！
严嘉 ： 不 是 有 了 钱 就 能 解决问题 的 ！
艾滋病 这个 绝症 现在 是 个 社会 问题 ， 解决 以后 就 能够 不 是 个 社会 问题 吗 ？
感冒 是 可以 治疗 的 ， 大规模 的 感冒 还是 一个 社会 问题 呀 ！
蔡美龄 ： 那 我 倒 要 问 对方 同学 ， 如果 我们 今天 发明 了 一 种 可以 控制 艾滋病 的 疫苗 ， 那 会 有 什么 社会 问题 ， 请 你 说明 。
季翔 ： 用 一个 如果 的话 ， 整个 巴黎 都 可以 装 在 一个 瓶子 里 ， 如果 人类 不 存在 ， 艾滋病 还有 没有 啊 ？
（ 掌声 ） 李耀华 ： 我们 就 是 因为 用 了 如果 ， 所以 人类 才 能够 上 月球 ， 艾滋病 就 不 能 造成 一 个 引起 或者 是 治疗 的 方法 吗 ？
姜丰 ： 你们 的 前提 都 不 存在 ， 那 我们 的 辩论 还有 什么 意思 ！
我 想 请问 对方 辩 友 ， 艾滋病 已经 由来已久 ， 为什么 单单 到 了 ２０ 世纪 ８０年代 它 才 成为 一个 严重 的 社会 问题 呢 ？
朱 天 飙 ： 艾滋病 的 病毒 是 在 医院 里 被 发现 的 ， 现在 世界 上 有 成百上千 的 医务 工作者 正在 研究 解决 艾滋病 的 方法 。
蒋昌建 ： 我们 从来 没有 否认 过 医学 参与 ， 请问 ， 医学 参与 就 一定 等于 医学 问题 吗 ？
朱 天 飙 ： 请问 ， 成百上千 的 医务 工作者 在 研究 ， 这 只是 简单 的 医学 参与 吗 ？
季翔 ： 在 医院 里 发现 的 就 都 是 医学 问题 吗 ？
在 医院 里 捡 到 别人 丢 的 一 把 钥匙 ， 这 把 钥匙 就 成 了 医学 问题 喽 ？
（ 掌声 、 笑声 ） 朱 天 飙 ： 对方 辩 友 认为 ， 成百上千 的 医务 工作者 在 研究 艾滋病 ， 只是 在 寻找 钥匙 啊 。
