正方 就 反问 了 ： 人类 谈 道德 谈 了 几 千年 ， 难道 战争 就 因 此 消失 了 吗 ？
这个 问题 问 得 很 有 力 。
再 问 当 医学 能够 解决 艾滋病 ， 还有 社会 问题 吗 ？
当然 这 是 反方 可以 反驳 的 。
因为 医学 解决 了 艾滋病 ， 医疗 了 艾滋病 ， 如果 社会 问题 没 解决 的 话 ， 艾滋病 还 是 存在 。
反方 没有 接近 这 一 论点 。
比较 接近 的 一个 论点 是 ， 反方 所 提 到 的 是 治标 不 治本 ， 医学 是 治标 不 治本 ， 但是 没有 进一步 发挥 ， 没有 乘 胜 追击 。
评判 团 认为 正方 或许 可以 举出 很多 实际 的 例子 ， 比如说 疟疾 ， 小儿麻痹症 ， 都 说明 了 如果 有 好 的 医疗 方法 ， 是 可以 解决问题 的 ， 所以 是 个 医学 问题 ， 当然 这 也 可以 引起 反方 的 反驳 。
所以 我们 觉得 在 内容 上 接近 平分秋色 ， 旗鼓相当 。
有 边界 的 冲突 ， 而 没有 上升 为 全面 的 战争 。
双方 各自 守 着 自己 的 成分 多 ， 攻击 对方 的 少 。
现在 我 来 谈 辩论 技术方面 。
在 反应 上 ， 我们 觉得 反方 相当 迅速 。
举 个 例子 ： 小 女孩 患 了 艾滋病 ， 你 能 对 她 进行 性 教育 吗 ？
他 的 反驳 是 对 妈妈 进行 性 教育 。
这样 的 反应 是 很 迅速 的 。
在 语言 上 ， 反方 的 语言 都 相当 恰当 和 准确 。
也 很 能够 把 诗词 和 论点 结合 在 一起 。
比如 “ 此 恨 绵绵 无 绝 期 ” ， 又 如 “ 千 山 鸟 飞 绝 ， 万 径 人 踪 灭 ” ， 再 加 论点 ， 再 来 持续 第三 句 。
这些 都 是 引证 的 很 恰当 ， 如果 过度 运用 就 会 流 于 浮华 。
词句 运用 那 就 小心 调整 了 。
“ 沉 舟 侧 畔 千 帆 过 ， 病 树 前头 万 木 春 ” ， 但 在 实际 内容 上 攻击力 比较 虚弱 。
不过 也 因为 词句 运用 恰当 ， 所以 层次分明 ， 条理 分明 ， 论点 清晰 ， 词锋 也 比较 锐利 。
在 态度 上 ， 我们 觉得 反方 攻势 相当 猛 烈 ， 一 环扣 一 环 。
不过 能 在 得 理 不 饶 人 的 大势 之中 ， 气势 之中 ， 再 加以 谦和 之 风 ， 我 想 会 更加 完整 。
正方 平均 在 态度 上 相当 缓和 ， 有 几 位 的 表现 是 处变不惊 ， 能够 在 压力 之下 ， 冷静 的 反思 对方 的 观点 ， 加以 反驳 。
正方 的 第一 位 是 一个 典型 的 例子 。
自由 辩论 相当 精彩 ， 双方 有 很多 地方 有来有往 ， 短兵相接 ， 正面 交锋 。
比如说 ， 如果 艾滋病 能够 靠 医学 治疗 ， 那 不 就 没有 社会 问题 了 吗 ？
马上 反驳 ： 如果 可以 的话 ， 巴黎 也 可以 装 在 一个 瓶子 里 了 ， 可是 正方 马上 反驳 ： 正是 因为 如果 ， 人类 才 上 了 月球 啊 ！
这样 的 一 来 一 住 ， 例子 很多 ， 不再 一一 叙述 了 。
反 方 有 个 技术 ， 评判 团 也 观察 到 了 ， 似乎 有 它 的 威力 ， 那 就是 反方 利用 一些 问题 时 ， 明明 知道 问题 的 答 案 ， 却 只 问 问题 不 给 答 案 。
比如 艾滋病 日 的 口号 是 什么 ， 等 着 你 掉 进来 。
正方 也 不 弱 ， 正方 第四 位 就 紧 抓 住 一个 论点 ， 千百 人 有 心脏病 ， 难道 心脏病 就 是 个 社会 问题 吗 ？
反方 也 一直 回答 不 出 这个 问题 。
所以 我们 觉得 今天 晚上 的 辩论 相当 精彩 ， 双方 的 表现 都 不错 。
以 个人 表现 ， 反方 整体 的 表现 都 相当 优异 。
尤其 是 第四 位 和 第三 位 ， 都 相当 的 突出 。
正方 呢 ， 第一 位 的 表现 也 不错 。
谈 到 这里 我 就 必须 把 今天 的 评 决 交给 主席 宣布 ， 谢谢 各位 ！
（ 掌声 ） 主席 ： 谢谢 许 先生 给 我们 所 作 的 分析 。
在 宣布 这个 判决 之前 ， 让 我 预告 这个 星期天 晚上 ， 我们 的 国际 大专 辩论会 将 进入 最 高潮 ， 就 是 当天 晚上 的 大 决赛 将 是 由 台湾 大学 对垒 今晚 的 优胜 队伍 。
辩 题 是 ： 人性 本 善 。
评判 团 经过 慎重 考虑 之后 ， 以 大多数 票 同意 ， 获胜 的 一 方 是 ： 反方 复旦 大学 队 。
（ 掌声 ） 首 届 国际 华语 大专 辩论会 决赛 辩 词 实录 辩 题 ： 《 人性 本 善 》 正方 ： 台湾 大学 队 反方 ： 复旦 大学 队 主席 ： 黎学平 时间 ： １９９３年 ８月 ２９日 下午 主席 ： 观众 朋友 ， 欢迎 光临 １９９３年 国际 大专 辩论会 大 决赛 。
这个 国际 大专 辩论会 是 由 新加坡 广播电视局 和 中国 中央电视台 联合 举办 的 。
过去 的 一个 星期 ， 辩论会 的 八 支 队伍 经过 四 场 初赛 ， 二 场 半决赛 之后 ， 其中 的 六 支 队伍 淘汰 了 。
今天 进入 大 决赛 的 两 支 队伍 可 说是 辩论 经验 丰富 的 精英 ， 他们 肯定 会 在 今天 的 比赛 中 大展 辩才 ， 给 大家 带来 场 “ 劲 ” 的 （ 比赛 ） ， 让 大家 大 饱 耳福 。
今天 我们 非常 荣幸 地 邀请 到 新加坡 副 总理 李显龙 准将 出席 我们 的 大 决赛 （ 掌声 ） 。
国际 大专 辩论会 的 冠军 队 将 获得 一 万 元 的 现金 奖 ， 亚 军队 可 获得 五千 元 。
另外 ， 我们 也 将 在 过去 几 场 和 今天 的 辩论 群英会 中 选出 一 位 最佳 辩论 员 ， 他 可以 获得 二千 元 的 现金 奖励 。
现在 向 您 介绍 参加 今天 大 决赛 的 两 支 队伍 ， 台湾 大学 和 复旦 大学 。
在 我 右手 边 的 是 正方 台湾 大学 的 代表 ， 第一 位 是 吴淑燕 ， 政治 系 二年 级 ； 第二 位 是 蔡仲达 ， 会计 系 二年 级 ； 第三 位 是 许金龙 ， 政治 系 二年 级 ； 第 四 位 是 王信国 ， 哲学系 二年 级 （ 掌声 ） 。
在 我 左手 边 的 是 反方 复旦 大学 的 代表 ： 第一 位 是 姜丰 ， 中文 系 中国 语言 文学 研究生 二年 级 ； 第二 位 是 季翔 ， 法律 系 二年 级 ； 第三 位 是 严嘉 ， 法律 系 四年 级 ； 第 四 位 是 蒋昌建 ， 国际 政治 系 硕士 班 三年 级 （ 掌声 ） 。
今天 我们 的 评判 团 阵容 也 特别 强大 。
五 人 评判 团 是 由 本地 和 海外 专业 人士 组成 的 。
他们 是 ： 郭振羽 教授 ， 他 是 南洋 理 工 大学 传播 学院 院长 （ 掌声 ） 第二 位 是 吴德耀 教授 ， 他 是 前 东亚 哲学 研究所 所长 （ 掌声 ） 第三 位 是 查良镛 先生 ， 他 是 香港 《 明 报 》 创办 人 ， 也 是 著 名 武侠小说 家 ， 笔名 金庸 （ 掌声 ） 第四 位 是 杜维明 教授 ， 他 是 美国 哈佛 大学 东方 语言 及 文明 学 系 教授 （ 掌声 ） 第五 位 是 许廷芳 律师 ， 他 是 新加坡 广播 局 董事 （ 掌声 ） 。
