今晚 的 辩 题 是 人性 本 善 ， 反方 的 立场 是 人性 本 恶 。
双方 的 立场 是 由 抽签 决定 的 。
现在 我 宣布 １９９３年 国际 大专 辩论会 大 决赛 正式 开始 。
首先 将 由 正方 一 辩 吴淑燕 同学 表明 立场 和 发言 ， 时间 为 三分 钟 （ 掌声 ） 。
吴淑燕 ： 大家 好 ！
哲学家 康德 主张 ， 人 不 分 聪明才智 、 贫富 美丑 都 具有 理性 。
孟子 认为 人性 本 善 ， 所以 进一步 又 加 了 一 句 ， 每个 人 都 有 恻隐之心 。
而 佛家 说 ， 一心 迷 是 真 身 ， 一心 觉 则 是 佛 。
正 因为 人性 本 善 ， 所以 人 随时随地 都 可以 放下 屠刀 、 立 地 成 佛 。
我方 主张 人性 本 善 ， 就 是 主张 人性 的 根源 点 是 善 的 ， 有 善 端 才 会 有 善 行 。
我方 不 否认 在 人类 社会 中 存在 有 恶行 ， 但是 恶行 的 产生 则 是 由 外在 环境 所 造成 ， 所以 恶 是 结 果 而 不 是 原因 。
如果 硬 要 说 恶 是 因 不 是 果 ， 也就是说 人性 本 恶 ， 那么 人世间 根本 不 能 产生 真正 的 道德 。
虽然 英国 哲学家 霍布斯 极力 主张 在 人性 本 恶 的 前提 下 人类 可以 形成 道德 。
但是 想想 看 ， 如果 人性 本 恶 ， 人类 一切 道德 规范 都 是 作为 人类 最 大 的 利己 手段 。
当 道德 成为 手段 时 ， 道德 还 是 道德 吗 ？
也就是说 ， 人 一旦 违犯 道德 而 不 会 受到 处罚 ， 人 就 不 会 遵守 道德 的 约束 了 。
深夜 两点 我 走 在 道路 上 看到 红灯 ， 如果 人性 本 恶 我 就 会 闯 过去 ， 因为 不过 是 为了 个人 方便 。
但 事实 上 并 不 是 如此 ， 仍然 有 许多 人 遵守 交通 规则 。
而 根据 人性 本 恶 的 前提 假设 ， 霍布斯 认为 必须 有 一个 绝对 的 、 无所不在 的 权威 监督 每个 人 履行 道德 规约 。
如果 人性 本 恶 ， 没有 一个 人 会 心甘情愿 地 遵守 道德 规约 ， 但是 事实 证明 ： 人 还是 有 善 行 、 人 还是 有 道德 、 还 是 有利 他 的 行为 。
如果 人性 本 恶 ， （ 时间 警示 ） 那么 我们 只有 两 种 选择 ： 第一 个 是 活 在 一个 “ 老大哥 ” 无 时 不 刻 不 监督 我们 的 世界 当中 ； 第二 个 是 我们 人类 社会 将 是 彼此 不再 相信 。
如果 这样 的 话 ， 我 就 会 看到 一个 老太太 跌倒 了 有人 把 她 扶 起来 ， 人们 则 说 他 居心不良 ； 而 我们 在 辩论会 中 建立 起来 的 友谊 都 是 虚假 的 装腔作势 。
但是 我们 会 发现 ， 在 人类 历史 社会 当中 ， 没有 一个 绝对 权威 的 君主 曾经 产生 过 ， 但是 舍己为人 的 事情 在 不断 地 发生 。
而 在 生活 当中 ， 为 善 不为人知 的 生 徒 小 民 更 是 比比皆是 。
泰丽莎 修女 的 善 行 ， 大 乘 佛教 中 所 说 的 “ 众生 永远 不 得 渡 ， 则 已 终身 不 作 佛 ” 的 慈悲 宏愿 ， 难道 不 正 是 人性 本 善 的 最佳 引证 吗 ？
（ 时间 到 ） 谢谢 ！
（ 掌声 ） 。
主席 ： 谢谢 吴淑燕 同学 ， 接 下来 请 反方 第一 位 代表 姜丰 同学 表明 立场 和 发言 ， 时间 也 是 三分 钟 。
（ 掌声 ） 。
姜丰 ： 谢谢 主席 ， 大家 好 ！
我 先 要 指出 一点 的 是 ， 康德 并 不 是 一 个性 善 论者 。
康德 也 说 过 这样 一 句 话 ： “ 恶 折磨 我们 的 人 ， 时而 是 因为 人 的 本性 ， 时而 是 因为 人 的 残忍 的 自私 性 。
” 对方 不 要 断章取义 。
另外 对方 所 讲 到 的 种种 善 行 ， 那 完全 是 后天 的 ， 又 怎么 能够 说明 我们 命题 当中 的 “ 本 ” 呢 ？
神话 归 神话 ， 现实 归 现实 。
对方 同学 请 你们 摘 下 玫瑰色 的 眼镜 看看 这个 现实 的 世界 ， 就 在 你 陈 辞 的 这 三分 钟 当中 ， 这个 世界 又 发生 了 多少 战争 、 暴力 、 抢劫 、 强奸 。
如果 人性 真是 善 的 话 ， 那么 这些 罪恶 行为 到底 从 何 而 来 呢 ？
对方 为什么 在 他们 的 陈 辞 当中 ， 自始至终 对 这个 问题 避 而 不 答 呢 ？
我方 立场 是 ： 人性 本 恶 。
第一 ， 人性 是 由 社会 属性 和 自然 属性 组成 的 ， 自然 属性 指 的 就 是 无 节制 的 本能 和 欲望 ， 这 是 人 的 天性 ， 是 与 生 俱 来 的 ； 而 社会 属性 则 是 通过 社会 生活 、 社会 教 化 所 获得 的 ， 它 是 后天 属性 。
我们 说 人性 本 恶 当然 指 的 是 人性 本来 的 、 先天 的 就是 恶 的 。
第二 ， 提到 善恶 ， 正 如 一千 个 观点 会 有 一千 个 “ 哈姆雷特 ” ， 一千 个 人 心目 当中 也许 会 有 一千 个 善恶 标准 。
但是 ， 归根到底 恶 指 的 就是 本能 和 欲望 的 无 节制 地 扩张 ， 而 善 则 是 对 本能 的 合理 节制 。
我们 说 人性 本 恶 正是 基于 人 的 自然 倾向 的 无限 扩张 的 趋势 。
那个 曹操 不 是 说 过 ： “ 宁可 我 负 天下 人 ， 不可 天下 人 负 我 ” 吗 ？
那个 路易 十五 不 是 也 说 过 ： “ 在 我 死 后 哪怕 洪水 滔 天 ” 。
还有 一个 英国 男孩 ， 他 为了 得到 一 辆 自行车 竟然 卖 掉 自己 三 岁 的 妹妹 。
这些 对方 还 能 说 人性 本 善 吗 ？
第三 ， 虽然 人性 本 恶 ， 但是 我们 这个 世界 并 没有 在 人 欲 横流 中 毁灭 掉 ， 这 是 因为 人 有 理性 （ 时间 警示 ） 。
人性 可以 通过 后 天 教 化 加以 改造 。
当 人 的 自然 倾向 无限 向 外 扩张 的 时候 ， 如果 社会 属性 按照 同 一方面 推波助澜 ， 那么 人性 就 会 更加 堕落 ； 相反 ， 如果 我们 整个 社会 倡导 扬 善 避 恶 ， 那么 人性 就 有 可能 向 善 的 方向 发展 ， 这 一点 也 不 正 说明 了 儒家 思想 所 倡导 的 修齐 、 治平 、 内圣 、 外 王 是 何等 重要 吗 ！
对方 辩 友 ， 如果 真 的 是 人性 本 善 的 话 ， 那么 孔 老夫子 何必 还 诲人不倦 呢 ？
今天 ， 对方 辩 友 所 犯 的 错误 就 在于 以 理想 代替 现实 ， 以 价值 评判 代替 了 事实 评判 。
从 感情 上 讲 我们 同 所有 善良 的 人 一样 也 是 希望 人性 是 善 的 。
