还有 目前 ， 泰丽莎 修女 等等 之类 ， 甚至 说 ， 大陆 发生 了 安徽 水荒 ， 正严 法师 的 慈济 行为 ， 对方 辩 友 如何 来 解释 呢 ？
孟子 就 告诉 我们 了 ： “ 见 孺子 ， 掉落 于 井 ” ， 在 这么 一刹那 之间 你 都 会 救 他 ， 你 不 可能 把 他 推 下去 。
为什么 ？
人 的 本性 是 善 的 ， 你 不 要 告诉 我 说 ， 原来 你 救 那个 小 孩子 是 为了 虚名 。
原来 你 过 马路 遵守 交通 规则 你 是 不得已 的 ， 你 是 虚假 的 。
原来 ， 泰丽莎 修女 救 了 你 ， 那 是 一个 骗人 的 行为 。
到 最后 ， 你 会 发现 ， 只有 浅水 湾 的 鲨鱼 才 是 一个 大 善人 。
（ 时间 到 ） 这 是 一个 什么样 的 世界 ， 这 是 一个 恐怖 的 世界 ， 这个 世界 之所以 能够 存在 ， 就是 因为 我们 有 善 根 。
谢谢 ！
（ 掌声 ） 主席 ： 谢谢 王信国 同学 。
在 这 一 片 善恶 声 中 ， 人性 到底 是 什么 呢 ？
还是 让 评判 专家 们 去 伤脑筋 吧 ！
接 下来 我们 请 评判 团 退席 ！
我们 稍后 见 。
（ 休息 、 评判 团 评 决 ） 主席 ： 各 位 来宾 ， 观众 朋友 ， 欢迎 大家 回到 辩论会 现场 。
在 宣布 成绩 之前 ， 先 让 我 邀请 评判 团 代表 杜维明 教授 给 我们 分析 今晚 的 赛 情 。
杜 教授 请 ！
杜维明 ： 主席 ， 评判 同仁 ， 台 大 和 复旦 的 辩论 员 ， 各 位 来宾 。
作为 一个 海外 华人 ， 并且 是 关切 文化 中国 发展前景 的 学术 工作者 ， 我 谨 代表 评判 团 向 举办 １９９３年 国际 华语 大专 辩论 赛 的 新加坡 广播 局 和 中国 中央电视台 表示 恭贺 和 感激 。
他们 从 世界 各地 ， 亚洲 、 澳大利亚 、 西欧 和 北美 的 著 名 大学 邀请 到 八 队 三十 多 位 口若悬河 的 青年 才俊 ， 在 一 周 之间 ， 针锋相对 ， 辩论 了 大众 传播 、 现代化 、 环保 、 经济 、 道德 ， 乃至 生老病死 ， 种种 既 有 宏观 的 全球 视野 ， 又 有 切身 的 现实 意义 的 课题 ， 充分 体现 了 华语 国际化 的 精神 。
还 值得 提出 的 是 ， 昨天 休会 ， 主办 单位 又 通过 轻松 愉快 的 旅游 ， 为 参赛 朋友 们 提供 了 交谈 和 沟通 的 机会 ， 也 让 大家 对 这个 在 企业 竞争 上 勇 猛 如 狮 ， 而 在 自然环境 方面 又 艳丽 如 花 的 星洲 留下 了 深刻 的 印象 。
对 了 ， 新加坡 建国 以来 的 第一 位 民 选 总统 王鼎昌 先生 和 今天 特别 前来 颁奖 的 李显龙 副 总理 都 是 华 校 出身 的 辩才 无 障 的 政治 领导 ， 给 我们 很 大 的 鼓舞 和 勉励 。
（ 掌声 ） 过去 六 天 ， 台湾 大学 成功 地 建构 了 “ 现代化 不 等于 西方化 ” 和 “ 安乐死 应该 合法化 ” 两 个 命题 ； 复旦 大学 也 说服 了 评判 员 ， “ 温饱 不 是 谈 道德 的 必要条件 ” ， “ 艾滋病 是 社会 问题 ” 。
今天 呢 ， 从 正反 两 方 来 辩论 人性 本 善 ， 究竟 鹿死谁手 哇 ？
今天 下午 正反 两 队 似乎 都 直接 或 间接 地 采取 了 在 古文 章法 里 的 启承 转 合 这种 策略 。
正方 一 辩 站 在 高屋建瓴 的 方式 引述 康德 、 孟子 和 佛教 ， 建立 了 性 善为 本 ， 恶 行为 果 的 基本 理论 ， 脱俗 不凡 ， 条理 简洁 。
我 好像 已经 被 说服 了 。
但是 ， 这个 交通 规则 的 比喻 不 甚 恰当 。
反方 一 辩 呢 ， 有 这个 排山倒海 之 势 ， 坚持 “ 人性 本 恶 ， 其 外 者 伪 也 ” 的 观点 ， 分辨 自然 属性 和 社会 属性 ， 简洁明了 ， 很 有 震撼力 。
而且 ， 用 词 精炼 ， 有条不紊 。
我 好像 又 被 她 说服 了 。
（ 笑声 ） 正 方 二 辩 呢 ， 承接 了 一 辩 论述 ， 又 以 西瓜 种子 为 例 ， 很 贴切 。
认为 欲望 本身 不 是 恶 ， 也 有 理 趣 ， 使 观点 作 了 进一步 的 深入 展开 ， 还 作 了 一些 实证 的 补充 。
反方 二 辩 呢 ， 妙语 如 珠 ， 既 承接 了 一 辩 的 观点 加以 发挥 又 猛 攻 正方 二 辩 的 经验 基础 ， 并且 旁征博引 ， 荀子 ， 犹太教 ， 黑格尔 ， 甚至 《 天龙 八 部 》 （ 笑声 ） ， 使 正方 好像 陷入 了 防御 的 态势 。
那么 ， 正方 三 辩 作 了 一个 转折 ， 很 有 新意 ， 但是 没有 充分 地 发挥 。
反方 三 辩 大 有 异军突起 之 势 ， 从 新 的 思维 角度 展示 了 一些 观点 ， 比如说 “ 放下 屠刀 ” ， 屠刀 何来 呀 ， 也 很 恰当 地 引用 了 达尔文 、 弗洛伊德 各 方面 的 观点 。
在 资料 运用 方面 ， 大家 都 能 引经据典 ， 而且 也 可以 说 妙语 如 珠 吧 。
那么 ， 似 反方 的 知识 结构 比较 谨严 ， 也 比较 全面 。
在 语气 方面 ， 正方 是 严厉 质问 ， 恳切 坦诚 ， 有的 时候 情绪 比较 激动 。
（ 笑声 ） 那么 反方 呢 ， 有点 排山倒海 ， 义正辞严 ， 有时候 嘛 ， 轻松 活泼 ， 而且 引逗 幽默 。
但是 ， 用 词 显得 有点 华丽 ， 也许 可以 向 平实 方面 再 努力 。
自由 辩论 期间 ， 双方 短兵相接 ， 此起彼落 ， 好像 双方 都 从 金庸 先生 武侠小说 中 学 到 了 出奇制胜 的 新 招 。
（ 笑声 ） 我们 觉得 双方 似乎 是 势均力敌 ， 用 了 先发制人 哪 ， 连续 发问 哪 ， 分 而 治 之 、 乃至 巧 设 陷阱 哪 ， 声 东 击 西 等 各种 策略 。
那么 ， 反方 四 辩 文字 流畅 ， 好像 行云流水 。
在 结论 这 方面 可以 说是 缝隙 不 留 ， 圆 而 不 滑 。
正方 四 辩 呢 ？
很 有 理 据 ， 特别 是 举出 原始 人 的 凶残 是 为了 求生 欲望 ， 也 很 有 说服力 。
但是 ， 我 提 到 了 情绪 有点 激动 。
那么 ， 一般说来 ， 反方 颇 能 显示 一 种 流动 的 整体 意识 ， 整个 队伍 运用 一 种 整体 配合 的 作战 方略 ， 加强 了 一 种 整体 的 攻击力 ， 保证 了 对 重点 攻击 目标 的 一 种 优势 。
也 增强 了 整个 辩论 队伍 的 气势 ， 显得 中心 课题 比较 明确 ， 活 而 不 乱 ， 而且 呢 ， 错落有致 。
最后 呢 ， 让 我 发表 一点 感想 ， 中国 传统 文化 的 儒 释 道 都 强调 体会 、 体验 ， 体味 这种 体 之 于 身 、 身体力行 的 具体 真知 。
在 这个 思想 导引 之下 呢 ， 目 明 耳 聪 ， 也 就是 明察秋毫 的 视 德 和 从善如流 的 听 德 ， 才 是 雄辩 的 基础 。
