结语/n：/wp采集/v人/n：/wp王宗华/nr机动车/n牌照/n相当/d于/p车/n的/ude1“/wyz身份证/n”/wyy，/wd一/m辆/q车/n对应/vi着/uzhe一/m副/b牌照/n。/wj
但是/c近/v来/vf不断/d发现/v有/vyou人/n套用/v他人/rr车辆/n牌照/n上路/vi，/wd老百姓/n称之为/v“/wyz套/q牌/n”/wyy。/wj
要/v是/vshi谁/ry的/ude1车/n摊/v上/vf了/ule这样/rzv一个/mq“/wyz孪生/b兄弟/n”/wyy，/wd麻烦/an也/d会/v接踵而至/vl。/wj
陈/nr1先生/n是/vshi一/m辆/q宝马/nz车/n的/ude1车主/n，/wd前段/t时间/n他/rr经常/d接到/v违章/vd罚/v单/ng，/wd可是/c仔细/ad核对/v，/wd违章/vn地点/n自己/rr又/d都/d没/v去/vf过/uguo。/wj
调查/v发现/v，/wd原来/d另外/rz一/m辆/q车/n套用/v了/ule自己/rr的/ude1牌照/n，/wd而/cc那/rzv副/b牌照/n是/vshi假/a的/ude1。/wj
警方/n表示/v，/wd有/vyou类似/a经历/n的/ude1车主/n还/d不/d算/v少数/m。/wj
那么/rz为什么/ryv会/v有人/r热衷/v于/p套用/v他人/rr牌照/n呢/y？/ww
原来/b，/wd只要/c套/v上/vf他人/rr车辆/n的/ude1牌照/n，/wd那么/c所有/b违章/vn以及/cc相应/vi的/ude1扣/v分/qt、/wn罚款/n都/d会/v由/p被套/n牌/n的/ude1车主/n来/vf背黑锅/v。/wj
而/cc自己/rr一旦/d因/p“/wyz套/q牌/n”/wyy被/pbei抓/v，/wd所/usuo受到/v的/ude1处罚/vn并/cc不/d算/v高/a。/wj
正是/v因为/p违法/vn成本/n远/ad不/d及/cc“/wyz套/q牌/n”/wyy带来/v的/ude1利益/n，/wd因此/c许多/m人/n铤而走险/vl。/wj
那么/rz这些/rz假/a车牌/n来自/v何方/r呢/y？/ww
有/vyou人/n反映/v，/wd辽宁省/ns辽阳市/ns存在/v这样/rzv的/ude1地下/s交易/vn市场/n。/wj
在/p辽阳市/ns机动车/n检测/vn场/qv附近/f，/wd许多/m人/n都/d在/p主动/ad招揽/v套/q牌/n生意/n，/wd报价/vn是/vshi2500/m元/q。/wj
之所以/c比/p其他/rzv两三百/m元/q的/ude1假证/n贵/a的/ude1原因/n是/vshi，/wd他们/rr办/v的/ude1套/q牌/n“/wyz是/vshi牌照/n厂/n直接/ad做/v的/ude1真/a牌照/n”/wyy。/wj
如果/c想/v再/d便宜/a，/wd就/d得/ude3自己/rr去/vf找/v被套/n车/n的/ude1车型/n、/wn颜色/n、/wn车主/n信息/n等/udeng信息/n。/wj
这样/rzv一来/c，/wd一/m套/q克隆/vn车/n手续/n就算/d办/v齐/a了/y。/wj
在/p当地/s记者/n了解/v到/v，/wd机动车/n牌照/n厂/n私/ag造/v套/q牌/n车/n牌照/n在/p辽阳/ns已经/d是/vshi公开/a的/ude1秘密/n了/y。/wj
记者/n将/d这/rzv一/m情况/n通报/vd给/v了/ule有关/vn部门/n。/wj
辽宁省/ns辽阳市/ns公安/n部门/n证实/v，/wd当地/s确实/ad存在/v相关/vn工作/vn人员/n私/ag造/v机动车/n套/q牌/n牌照/n的/ude1行为/n，/wd并/cc表示/v将/d展开/v调查/vn，/wd一经/d查实/v将/d对/p相关/vn责任人/n予以/vx严惩/vn。/wj
值得/v注意/v的/ude1是/vshi，/wd由于/c现行/b法律/n对/p机动车/n“/wyz套/q牌/n”/wyy经营者/n和/cc使用者/n的/ude1处罚/vn力度/n还/d不足以/v产生/v足够/v的/ude1震慑/vn力/n，/wd因此/c要/v想/v彻底/ad根除/v“/wyz套/q牌/n”/wyy车/n日益/d猖獗/a的/ude1现象/n，/wd还/d有待/v于/p相关/vn部门/n的/ude1共同/b努力/an以及/cc新/a政策/n、/wn新/a法规/n的/ude1及时/ad出台/vi。/wj
结语/n：/wp采集/v人/n：/wp王宗华/nr为/p纪念/v中国/ns工农红军/n长征/n胜利/vi70/m周年/q，/wd从/p10月/t16日/t起/f，/wd一个/mq名/ng为/v“/wyz伟大/a壮举/n光辉/a历程/n”/wyy的/ude1大型/b主题/n展览/vn将/d在/p中国/ns人民/n革命/vn军事/n博物馆/n与/cc观众/n见面/vi。/wj
这/rzv是/vshi军事/n博物馆/n近年来/dl举办/v的/ude1规模/n最/d大/a、/wn规格/n最高/a的/ude1一/m次/qv展览/vn，/wd目前/t展览/vn的/ude1各项/r准备/vn工作/vn已经/d就绪/vi。/wj
这次/r展览/vn以/p长征/n历程/n为/p主线/n，/wd以/p弘扬/v长征/nz精神/n为/p主题/n，/wd重点/d突出/a两/m个/q“/wyz实/a”/wyy字/n，/wd一个/mq是/vshi历史/n的/ude1真实/a，/wd另/rz一个/mq就/d是/vshi用/p实物/n说话/vi。/wj
截至/v目前/t，/wd在/p3000/m多/m平方米/q的/ude1展出/vn区域/n里/f，/wd有关/vn长征/n的/ude1500/m多/m幅/q图片/n、/wn400/m余/m件/q文物/n以及/cc180/m多/m册/q图书/n和/cc25/m件/q美术/n作品/n已/d陈列/v完毕/vi。/wj
在/p展出/v的/ude1400/m多/m件/q文物/n中/f，/wd有/vyou25/m件/q是/vshi国家/n一级/b文物/n。/wj
如/v中央/n革命/vn军事/n委员会/n印章/n、/wn朱德/nr使用/v的/ude1望远镜/n、/wn陈赓/nr使用/v的/ude1手枪/n等等/udeng。/wj
其中/rz，/wd有/vyou58/m件/q文物/n是/vshi首/m次/qv与/p观众/n见面/vi。/wj
展览/vn十分/d突出/a长征/n中/f的/ude1重大/a事件/n。/wj
在/p展览/vn中/f观众/n可以/v看到/v按/p一/m比/p一/m的/ude1比例/n复制/v的/ude1遵义/ns会议/n会址/n模型/n，/wd它/rr是/vshi本次/r展览/vn的/ude1重点/n之一/rz。/wj
此外/c，/wd展览/v还/d注意/v反映/v领袖/n人物/n高超/a的/ude1指挥/vn艺术/n，/wd同时/c也/d注意/v反映/v红军/n广大/b指战员/n不畏/v艰难/an困苦/an，/wd不怕/v流血/vi牺牲/v这种/r精神/n。/wj
为了/p让/v设计/v逼真/a传神/a，/wd主办/v方/d想/v了/ule很多/m办法/n，/wd甚至/c还/d专门/d派/v设计/vn创作/vn人员/n实地/d爬/v雪山/n过/uguo草地/n。/wj
同时/c为/p使/v观众/n有/vyou身临其境/nl的/ude1感受/vn，/wd主办/v方/d特意/d采用/v了/ule诸如/v交互式/b感应/n式/k地面/n投影/n等/udeng高/a科技/n手段/n，/wd使/v人们/n在/p参观/v时/ng能够/v更加/d真切/a地/ude2了解/v到/p当时/t的/ude1情景/n。/wj
目前/t从/p各/rz大/a军区/n选拔/v出来/vf的/ude1优秀/a讲解员/n在/p经过/p紧张/a的/ude1训练/vn之后/f，/wd已经/d为/v展览/vn开幕/vi做好/v了/ule准备/vn。/wj
用/p长征/n精神/n办/v长征/n展览/vn，/wd这/rzv是/vshi记者/n在/p筹/v展/vg人员/n中/f听到/v的/ude1最/d多/a的/ude1一/m句/q话/n。/wj
据/p了解/v这/rzv次/qv展览/vn从/p明天/t开始/v预计/v将/d展出/v40/m天/qt，/wd每天/r接待/vn观众/n2万/m人/n。/wj
[/wkz详细/a内容/n]/wky演播室/n主持人/n方静/nr：/wp1934年/t10月/t到/p1936年/t10月/t，/wd中国共产党/nt领导/n中国/ns工农红军/n粉碎/v百万/m国民党/n军队/n围追/vn堵截/vn，/wd战胜/v无数/m艰难险阻/nl，/wd高举/v抗日救亡/nl旗帜/n，/wd顺利/ad进行/vx了/ule举世闻名/vl的/ude1万/m里/q长征/n。/wj
到/p今天/t长征/n胜利/vd已经/d有/vyou70/m周年/q了/y，/wd为了/p纪念/v这个/rz壮举/n，/wd中央/n组织部/n、/wn中央/n宣传部/n、/wn中央/n文献/n研究室/n、/wn解放军总政治部/nt、/wn中共/n北京/ns市委/n联合/vd举办/v“/wyz伟大/a壮举/n光辉/a历程/n―/n―/n纪念/v中国/ns工农红军/n长征/n胜利/vi70/m周年/q”/wyy大型/b主题/n展览/vn。/wj
展览/vn将/d于/p明天/t在/p中国/ns人民/n革命/vn军事/n博物馆/n隆重/ad开幕/vi。/wj
黄/a洁/ag记者/n：/wp这/rzv是/vshi军事/n博物馆/n近年来/dl举办/v的/ude1规模/n最/d大/a、/wn规格/n最高/a的/ude1一/m次/qv展览/vn，/wd目前/t展览/v各项/r准备/vn工作/vn已经/d就绪/vi，/wd这里/rzs就是/v展览/vn的/ude1序/n厅/n。/wj
在/p序/n厅/n里/f最/d引人注目/vl的/ude1就是/v这/rzv组/q阔步/d向前/vi的/ude1红军/n指战员/n群雕/n。/wj
解说/v：/wp这/rzv次/qv展览/vn以/p长征/n历程/n为/p主线/n，/wd以/p弘扬/v长征/nz精神/n为/p主题/n，/wd重点/d突出/a两/m个/q“/wyz实/a”/wyy字/n，/wd一个/mq是/vshi历史/n的/ude1真实/a，/wd另/rz一个/mq就/d是/vshi用/p实物/n说话/vi。/wj
截止/vi到/p目前/t，/wd在/p3000/m多/m平方米/q的/ude1展区/n区域/n里/f，/wd有关/vn长征/n的/ude1500/m多/m幅/q图片/n、/wn400/m余/m件/q文物/n，/wd以及/cc180/m多/m册/q图书/n和/cc25/m届/q美术/n作品/n已经/d陈列/v完毕/vi。/wj
姜廷玉/nr中国/ns人民/n革命/vn军事/n博物馆/n编辑/n研究/vn处处/d长/a：/wp在/p展览/vn中/f既/c反映/v领袖/n人物/n高超/a的/ude1军事/n指挥/vn艺术/n，/wd像/p毛泽东/nr指挥/v四/m渡/v赤水/ns战斗/vi，/wd也/d注意/v反映/v红军/n广大/b指战员/n不畏/v艰难/an困苦/an、/wn不怕/v流血/vi牺牲/v这种/r精神/n，/wd同时/c我们/rr还/d注意/v处理/v好/a中央/n红军/n长征/n和/cc其他/rzv各/rz路/n红军/n长征/nz的/ude1关系/n。/wj
卢中南/nr中国/ns人民/n革命/vn军事/n博物馆/n设计/vn处处/d长/a：/wp图文/n主/ag展/vg线/n这/rzv一/m部分/n，/wd是/vshi我们/rr和/cc清华/nz美院/n一块/d合作/v搞/v的/ude1。/wj
在/p设计/v的/ude1过程/n中/f，/wd经过/p多次/mq反复/vi的/ude1推敲/vn、/wn研究/vn、/wn审查/v到/v修改/v，/wd在/p制作/v过程/n中/f我们/rr精益求精/vl，/wd几/m易/vg其/rz搞/v。/wj
