在/p北京市/ns景山/ns东街/ns社区/n，/wd一/m批/q养/v犬/ng人/n还/d专门/d成立/vi了/ule一个/mq"/wyz社区/n爱犬/n自/rr管/v会/v"/wyy。/wj
记者/n：/wp自/p管/v会/v，/wd都/d自/p管/v什么/ry呢/y？/ww
张建新/nr北京市/ns动/v城区/n景山/ns东街/ns社区/n文明/ad养/v犬/ng自/p管/v会/v会长/n：/wp养/v犬/ng户/ng必须/d年检/n，/wd该/rz年检/n的/ude1年检/n，/wd该/rz体检/vi的/ude1体检/vn，/wd该/rz打针/vi的/ude1打针/vi，/wd必须/d把/pba六/m联/vg苗/n和/cc狂/a犬/ng疫苗/n给/p打/v了/y。/wj
记者/n：/wp为什么/ryv想/v起来/vf去/vf组织/v这样/rzv一个/mq自/d管/v会/v呢/y？/ww
张建新/nr：/wp现在/t不/d是/vshi讲/v和谐/a社会/n吗/y？/ww
有/vyou喜欢/vi狗/n的/ude1和/cc不/d喜欢/vi狗/n的/ude1，/wd不/d是/vshi有/vyou意见/n吗/y？/ww
咱们/rr就/d起/vf一个/mq调节/vn作用/n，/wd我们/rr自己/rr养/v狗/n的/ude1就/d是/vshi自觉/ad遵守/v。/wj
记者/n：/wp就/d是/vshi用/p咱们/rr自己/rr的/ude1行为/n赢得/v别人/rr的/ude1尊重/vn，/wd是/vshi吗/y？/ww
张建新/nr：/wp对/v。/wj
解说/v：/wp如今/t，/wd社区/n的/ude198/m户/q养/v犬/ng人/n，/wd有/vyou56/m户/q参加/v了/ule协会/n。/wj
他们/rr每年/r按时/d给/p狗/n打/v防疫针/n，/wd每天/r定时/d遛/v狗/n。/wj
遛/v狗/n时/ng，/wd不仅/c带/v上/vf狗/n证/n，/wd给/p狗/n拴/v上/vf狗/n链/ng，/wd还/d要/v带/v上/f清理/v狗/n粪便/n的/ude1工具/n。/wj
养/v犬/ng人/n：/wp反正/d我/rr就/d是/vshi卫生纸/n带/v在/p包/n里/f，/wd还有/v狗/n证/n都/d在/p这里/rzs边/d了/y。/wj
记者/n：/wp我们/rr看看/v您/rr平时/t出/vf门/n时/ng都/d带/v些/q什么/ry？/ww
养/v犬/ng人/n：/wp卫生纸/n、/wn狗/n证/n。/wj
记者/n：/wp这/rzv是/vshi狗/n证/n？/ww
养/v犬/ng人/n：/wp对/v。/wj
还有/v我们/rr自己/rr的/ude1狗/n证/n，/wd这个/rz因为/c是/vshi我/rr小姑子/n的/ude1，/wd她们/rr家/n没有/v人/n。/wj
记者/n：/wp帮/v她/rr带/v着/uzhe狗/n？/ww
养/v犬/ng人/n：/wp对/v。/wj
然后/c就/d是/vshi它/rr要/v拉/v了/ule大/a便/ng，/wd就/d放/v在/p塑料袋/n里/f边/k，/wd让/v人家/rr踩/v了/y，/wd多/d恶心/a，/wd多/d不好/a，/wd到/v时候/n你/rr走/v了/y，/wd让/v人家/rr骂/v。/wj
解说/v：/wp通过/p这样/rzv多/m方面/n自觉/a的/ude1行动/vn，/wd社区/n的/ude1环境/n果然/d发生/v了/ule变化/vn。/wj
以前/f小区/n里/f不/d喜欢/vi养/v狗/n的/ude1人/n，/wd现在/t对/p养/v狗/n也/d变/v得/ude3宽容/v了/y。/wj
北京/ns市民/n：/wp原来/b，/wd我们/rr都/d很/d反感/v养/v狗/n户/ng，/wd觉得/v弄/v得/ude3粪便/n哪儿/rys都/d是/vshi，/wd现在/t有/vyou(/wkz狗/n的/ude1)/wky大便/n什么/ry的/ude1，/wd他们/rr及时/ad能/v清理/v。/wj
而且/c遇见/v路人/n，/wd它们/rr猛/d叫/vi的/ude1时候/n，/wd主人/n都/d会/v制止/v它们/rr，/wd不/d让/v它们/rr叫/vi。/wj
还/d可以/v我/rr觉得/v，/wd我们/rr不/d养/v狗/n，/wd倒是/d也/d感到/v很/d满意/v。/wj
北京/ns市民/n：/wp现在/t每天/r晚上/t出门/vi都/d拎/v着/uzhe塑料袋/n，/wd带/v着/uzhe手纸/n什么的/r出去/vf，/wd挺/d好/a的/ude1。/wj
记者/n：/wp那/rzv等于/v说/v以前/f烦/v养/v狗/n的/ude1，/wd现在/t可能/v对/p他们/rr也/d没/v那么/rz烦/a了/y？/ww
北京/ns市民/n：/wp对/v。/wj
北京/ns市民/n：/wp我/rr喜欢/vi狗/n，/wd怕/v狗/n咬/vi着/uzhe我/rr，/wd把/pba狗/n拴/v起来/vf。/wj
养/v犬/ng人/n：/wp我/rr觉得/v文明/ad养/v犬/ng应该/v从/p我们/rr自身/rr做/v起/vf。/wj
如果/c我们/rr能/v认真/ad做/v到/v文明/ad养/v犬/ng，/wd对/p我们/rr整个/b城市/n和/cc社区/n的/ude1文明/n也/d有/vyou很/d大/a的/ude1提高/vn。/wj
演播室/n主持人/n翟树杰/nr：/wp狗/n一直/d是/vshi人类/n忠诚/a的/ude1朋友/n，/wd有/vyou很多/m可爱/a的/ude1地方/n。/wj
但是/c如果/c管理/v不好/a，/wd也/d会/v引发/v出/vf破坏/v环境/n、/wn狗/n咬/vi人/n以及/cc狂犬病/n等/udeng不少/m问题/n。/wj
养/v犬/ng的/ude1关键/n在/p一个/mq"/wyz养/v"/wyy字/n，/wd要/v想/v解决/v好/a养/v犬/ng带来/v的/ude1矛盾/an，/wd首先/d在于/v犬/ng主人/n自身/rr的/ude1努力/an，/wd真正/d做到/v按照/p规定/n养/v犬/ng，/wd科学/ad养/v犬/ng，/wd文明/ad养/v犬/ng和/cc健康/ad养/v犬/ng。/wj
毕竟/d用/p市民/n们/k的/ude1话/n来说/uls，/wd文明/ad养/v犬/ng也/d是/vshi一个/mq城市/n文明/a水平/n的/ude1具体/a体现/vn。/wj
好/a，/wd感谢/v您/rr收看/v今天/t的/ude1《/wkz焦点/n访谈/vn》/wky，/wd并/cc给/p我们/rr提供/v更/d多/a的/ude1新闻/n线索/n，/wd再见/vi。/wj
结语/n：/wp采集/v人/n：/wp王宗华/nr学生/n幼儿/n平安保险/nt（/wkz简称/v学/v平/v险/ng）/wky是/vshi针对/p学生/n的/ude1一/m种/q保费/n低/a、/wn保障/v性/ng强/a的/ude1险种/n。/wj
早/ad在/p2003年/t，/wd中国/ns保/v监/vg会/v就/d已/d在/p全国/n叫/vi停学/v平/a险/a团体/n销售/vn模式/n，/wd规定/v学校/n不/d能/v再/d以/p投保/vn人/n的/ude1名义/n包办/v学生/n平安/an保险/n，/wd学/v平/v险/ng只能/v是/vshi未成年/n学生/n家长/n或/c监护人/n自愿/vd投保/vi。/wj
然而/c记者/n在/p广西壮族自治区/ns宾阳县/ns采访/v时/ng了解/v到/v，/wd这里/rzs的/ude1教育/vn部门/n仍然/d在/p违规/vd包办/v学生/n学/v平/a险/a的/ude1销售/vn。/wj
秋季/t开学/vi至今/d是/vshi学生/n买/v学/v平/a险/a的/ude1高峰期/n。/wj
记者/n发现/v在/p这/rzv过程/n中/f最/d忙碌/a的/ude1却/d是/vshi老师/n们/k。/wj
学生/n们/k购买/v是/vshi中国/ns人寿/n、/wn人/n保/v财/n险/ng、/wn太保/n人寿/n三/m家/q保险/n公司/n联/vg保/v，/wd保费/n为/p45/m元/q的/ude1保险/n。/wj
虽然/c还/d有/vyou其他/rzv保险/n公司/n开/v出/vf类似/a的/ude1保险/n，/wd但/c一些/mq学生/n和/cc家长/n自愿/vd购买/v后/f却/d在/p学校/n的/ude1干预/vn下/f改/v买/v三/m家/q公司/n的/ude1保险/n，/wd有的/rz老师/n还/d因为/c向/p学生/n推荐/v了/ule其他/rzv保险/n公司/n而/cc被/pbei校方/n严厉/ad批评/v，/wd有的/rz老师/n甚至/c还/d被迫/d写/v了/ule检查/vn。/wj
老师/n们/k说/v教育局/n曾/d在/p一些/mq教师/n会议/n上/f专门/d就/d指定/v保险/n公司/n的/ude1事/n布置/v过/uguo任务/n。/wj
国家/n三令五申/vl规定/v学校/n不/d得/ude3指定/v保险/n公司/n，/wd可/v宾阳县/ns教育局/n和/cc学校/n却/d大动干戈/vl到底/d为什么/ryv呢/y？/ww
记者/n在/p宾阳县/ns露/v圩/ng中学/n财务/n室/n看到/v，/wd学校/n收取/v保费/n后/f，/wd班主任/n和/cc校方/n要/v收取/v一些/mq手续费/n，/wd今年/t学校/n分得/v8839/m元/q。/wj
记者/n还/d找/v到/v几/m张/q教育局/n往年/t收取/v手续费/n的/ude1收条/n，/wd2002年/t仅/d从/p太保/n人寿/n一/m家/q公司/n，/wd教育局/n就/d收取/v手续费/n34772/m元/q。/wj
结语/n：/wp采集/v人/n：/wp王宗华/nr测绘/vn是/vshi一/m项/q基础性/n工作/vn，/wd在/p经济/n建设/vn、/wn国防/n建设/vn和/cc社会/n发展/vn等/udeng各个/rz领域/n测绘/vn工作/vn也/d发挥/v着/uzhe越来越/d重要/a的/ude1作用/n。/wj
正/d在/p北京/ns国家/n博物馆/n举行/v的/ude1“/wyz经纬/n之/uzhi光/n——/wp全国/n测绘/vn成果/n成就/n展/ng”/wyy，/wd对/p50年/t来/f我国/n测绘/vn的/ude1成果/n及/cc应用/vn进行/vx了/ule一/m次/qv大/a检阅/vn。/wj
前来/vi参观/v的/ude1人群/n中/f有/vyou许多/m是/vshi白发苍苍/vl的/ude1老/a测量/vn工作者/n，/wd他们/rr对/p展品/n有着/v特殊/a的/ude1感情/n。/wj
年/qt近/a七旬/m的/ude1周良/nr是/vshi一/m位/q老/a测绘/vn工作者/n。/wj
他/rr告诉/v记者/n当年/t为了/p进行/vx水准/n测量/vn，/wd野外/s测绘/vn队员/n们/k推/v着/uzhe架子车/n徒步/d从/p新疆/ns一直/d走/v到/v海南岛/ns。/wj
实地/d测量/v中/b队员/n们/k经常/d是/vshi走/v到/v哪儿/rys就/d住/vi到/v哪里/rys，/wd羊圈/n、/wn牛/n圈/qv都/d曾/d是/vshi他们/rr的/ude1临时/b住所/n，/wd有时/d队员/n还/d要/v面对/v生死/n的/ude1考验/vn。/wj
在/p新/a中国/ns测绘/vn工作/vn创建/v之/uzhi初/ng，/wd广大/b测绘/vn工作者/n经历/v了/ule艰苦卓绝/bl的/ude1创业/vn阶段/n。/wj
