展览/vn还/d用/v很/d大量/m的/ude1篇幅/n展示/v了/ule我国/n测绘/vn事业/n取得/v的/ude1成果/n。/wj
上/f个/q世纪/n末/f我国/n自主/vd研发/v的/ude1全/a数字/n摄影/vn测量/vn工作/vn系统/n，/wd让/v测绘/vn人员/n大大/d减少/v了/ule野外/s测绘/vn的/ude1工作量/n，/wd许多/m测绘/vn工作/vn只/d要/v坐/v在/p办公室/n就/d能/v完成/v。/wj
在/p测绘/vn工作/vn中/f科研/n人员/n还/d设计/v出/vf了/ule三维/mq成像/vn系统/n。/wj
在/p系统/n里/f，/wd山川/n河流/n不再/d是/vshi平面/n的/ude1，/wd而是/c高低/n起伏/vi呈现/v出/vf立体/b效果/n。/wj
无人机/n遥感/n系统/n是/vshi近/a几/m年/qt发展/v的/ude1高新技术/n手段/n，/wd它/rr集中/v了/ule航空/n、/wn自动化/vn控制/vn、/wn微电子/n、/wn遥感/n等/udeng多/m项/q技术/n成果/n。/wj
无人机/n遥感/n系统/n主要/d应用/v于/p专业/n测绘/vn，/wd随着/p我们/rr社会/n的/ude1发展/vn，/wd它/rr还/d被/pbei应用/v于/p国土/n资源/n方面/n的/ude1勘察/vn。/wj
结语/n：/wp采集/v人/n：/wp王宗华/nr为/p纪念/v红军/n长征/n胜利/vi70/m周年/q，/wd由/p中央/n宣传部/n、/wn中央/n文明办/n、/wn国家/n广电/n总局/n联合/vd实施/v的/ude1“/wyz电视/n进/vf万/m家/q”/wyy活动/vn近日/t向/p红军/n长征/n沿途/b的/ude1甘肃/ns、/wn江西/ns、/wn宁夏/ns等/udeng8/m个/q省区/n赠送/v一/m批/q电视机/n，/wd帮助/v革命/vn老区/n贫困/a群众/n解决/v看/v电视/n难/a的/ude1问题/n。/wj
有/vyou8万/m家/q老红军/n、/wn老/a党员/n、/wn老/a模范/n和/cc贫困/a群众/n家庭/n获/v赠/v21/m英寸/q彩色/b电视机/n。/wj
这次/r活动/vn既/c是/vshi纪念/v红军/n长征/n胜利/vi70/m周年/q的/ude1一/m项/q重要/a举措/n，/wd也/d是/vshi贯彻/v党/n的/ude1十六/m届/q六中全会/n精神/n，/wd促进/v和谐/a文化/n建设/vn，/wd满足/v人民/n群众/n特别/d是/vshi贫困/a群众/n精神/n文化/n需求/n的/ude1一/m件/q实事/n。/wj
刘汉润/nr老人/n在/p1936年/t10月/t长征/n胜利/vd会师/vi后/f，/wd随/p西路军/nt继续/v北上/vi，/wd不幸/ad被捕/vi后/f，/wd辗转/vd流落/v到/v甘肃省/ns景泰县/ns定居/v。/wj
解放后/t老人/n在/p地方/n妇联/n工作/vn。/wj
直至/v今日/t老人/n依然/d保持/v着/uzhe艰苦奋斗/vl的/ude1红军/n长征/nz精神/n。/wj
刘汉润/nr老人/n这/rzv次/qv也/d得到/v了/ule一/m台/q电视机/n。/wj
刘汉润/nr老人/n告诉/v记者/n，/wd她/rr是/vshi电视/n进/vf万/m家/q工程/n的/ude1受益者/n，/wd希望/v她们/rr那/rzv一/m辈/q的/ude1红军/n长征/nz精神/n也/d能/v进/vf万/m家/q。/wj
中宣部/n、/wn中央/n文明办/n、/wn国家/n广电/n总局/n从/p2004年/t开始/v，/wd面向/v边疆/s少数民族/n地区/n和/cc广大/b贫困/a地区/n开展/v了/ule电视/n进/vf万/m家/q工程/n。/wj
今年/t向/p老/a党员/n、/wn老红军/n、/wn贫困/a百姓/n赠送/v电视机/n充分/ad体现/v党/n和/cc政府/n对/p长征/n沿途/b群众/n的/ude1关心/vn，/wd这次/r行动/vn是/vshi历年来/dl电视/n进/vf万/m家/q工程/n规模/n最/d大/a的/ude1一/m次/qv。/wj
结语/n：/wp采集/v人/n：/wp王宗华/nr现在/t拥挤/vi的/ude1城市/n里/f养/v狗/n量/n日益/d增多/v，/wd给/p环境/n带来/v的/ude1影响/vn越来越/d大/a，/wd对/p人们/n健康/a的/ude1危害/vn也/d越来越/d严重/a。/wj
一些/mq狗/n产业/n因/p商业/n利益/n驱动/vn，/wd对/p养/v狗/n热/k推波助澜/vl，/wd使得/vi狗/n数量/n有增无减/vl。/wj
有/vyou调查/vn显示/v，/wd养/v狗/n已/d成为/v一个/mq影响/vn社会/n和谐/a的/ude1突出/a问题/n。/wj
近日/t卫生部/nt公布/v的/ude1全国/n法定/b报告/n传染病/n疫情/n，/wd7月份/t因/p狂犬病/n死亡/vi的/ude1人数/n为/p237/m例/q，/wd8月份/t上升/vi到/v301/m例/q，/wd9月份/t上升/vi到/v318/m例/q，/wd狂犬病/n已/d连续/a5/m个/q月/n成为/v我国/n报告/n死亡/vi数/m最高/a的/ude1传染病/n病/n种/q。/wj
10月/t21日/t，/wd在/p北京市/ns海淀区/ns狂犬病/n疫苗/n定点/d注射/v医院/n——/wp海淀/ns医院/n，/wd记者/n看到/v不少/m居民/n正在/d狂犬病/n免疫/vn预防/vn门诊/n排队/vd等待/v注射/v狂犬病/n疫苗/n。/wj
许多/m人/n向/p记者/n讲述/v了/ule被/pbei狗/n咬/vi伤/v时/ng的/ude1可怕/a经历/n。/wj
在/p采访/v中/f，/wd几乎/d所有/b的/ude1受害者/n都/d表达/v了/ule他们/rr希望/v加强/v管理/vn、/wn限制/v养/v狗/n的/ude1强烈/a愿望/n。/wj
根据/p专家/n介绍/v，/wd人/n一旦/d被/pbei含有/v狂犬病/n毒/n感染/v的/ude1狗/n咬/vi伤/v后/f将/d很快/d患/v上/vf狂犬病/n，/wd而/cc狂犬病/n目前/t还/d无法/v医治/v。/wj
在/p北京/ns，/wd2004年/t仅/d北京市/ns疾病/n预防/vn控制/vn中心/n就/d为/v8万/m多/m市民/n接种/v了/ule狂犬病/n疫苗/n。/wj
此后/t每年/r以/p增加/v1万/m多/m人/n的/ude1速度/n递增/vi，/wd这/rzv其中/rz大多数/m人/n都/d是/vshi被/pbei狗/n咬/vi伤/v以后/f来/vf接种/v的/ude1。/wj
被/pbei狗/n咬/vi伤/v的/ude1人数/n逐年/d增多/v主要/b原因/n是/vshi城市/n里/f宠物/n狗/n大量/m增加/v。/wj
据/p公安/n部门/n统计/vn，/wd目前/t北京市/ns登记/vn在册/vn的/ude1宠物/n狗/n总数/n达到/v55万/m只/q，/wd比/p2002年/t底/f增长/v了/ule近/a4/m倍/q，/wd这/rzv还/d不/d包括/v大量/m没有/d登记/v的/ude1黑户/n犬/ng和/cc流浪/v犬/ng，/wd而/cc大量/m没有/d登记/v的/ude1黑户/n犬/ng和/cc流浪/v犬/ng的/ude1存在/vn更/d是/vshi威胁/v着/uzhe公众/n安全/an。/wj
结语/n：/wp采集/v人/n：/wp王宗华/nr“/wyz伟大/a壮举/n光辉/a历程/n——/wp纪念/v中国/ns工农红军/n长征/n胜利/vi70/m周年/q”/wyy的/ude1大型/b主题/n展览/vn在/p军/n博/ag开展/v后/f，/wd吸引/v了/ule众多/m观众/n。/wj
一些/mq参加/v过/uguo长征/n的/ude1老红军/n也/d赶到/v了/ule现场/s。/wj
尽管/c都/d已/d是/vshi八九十/m岁/qt的/ude1老人/n，/wd但/c往日/t的/ude1经历/n依然/d清晰/a地/ude2留/v在/p老人/n们/k的/ude1记忆/n中/f。/wj
在/p现场/s他们/rr将/d一个/mq个/q长征/n中/f发生/v的/ude1故事/n讲/v给/p周围/f观众/n听/v。/wj
倾听/v老红军/n们/k的/ude1回忆/vn，/wd许多/m观众/n再/d一/m次/qv被/pbei红军/n战士/n视/vg国家/n和/cc人民/n利益/n高于/v一切/rz，/wd不怕/v艰难险阻/nl不惜/v付出/v一切/rz牺牲/v，/wd顾全大局/vl、/wn严守/v纪律/n同/p人民/n群众/n生死/n相/d依/v、/wn患难与共/vl的/ude1长征/n精神/n所/usuo感动/v。/wj
96/m岁/qt的/ude1老红军/n方强/nr18/m岁/qt参军/vi，/wd1934年/t跟随/v红/a一/m方面军/n开始/v长征/n。/wj
在/p这次/r展览/vn上/f，/wd他/rr触景生情/vl，/wd为/p大家/rr唱/v起/vf了/ule《/wkz红军/n歌/vg》/wky。/wj
现/tg已/d88/m岁/qt的/ude1张文/nr老人/n13/m岁/qt参加/v红军/n，/wd随/dg红/a四/m方面军/n从/p江西/ns走/v到/v了/ule陕北/ns，/wd行军/vi途中/s张/nr1文/ng和/cc战友/n们/k到处/d书写/v标语/n鼓舞/vn斗志/n、/wn瓦解/v敌军/n。/wj
当/p她/rr看到/v展览/vn上/f陈列/v的/ude1长征/n标语/n时/ng，/wd也/d情不自禁/dl地/ude2回想/v起/vf当时/t的/ude1情景/n。/wj
长征/n中/f，/wd国民党/n统治/vn集团/n纠集/v数十万/m大军/n企图/vd置/v红军/n于/p死地/n。/wj
然而/c，/wd英勇/a的/ude1红军/n以/p惊人/a的/ude1毅力/n、/wn非凡/z的/ude1智慧/n和/cc勇气/n，/wd打破/v了/ule优势/n敌军/n穷凶极恶/vl的/ude1围追/vn堵截/vn。/wj
许多/m老人/n对/p当年/t战斗/vi的/ude1残酷/a历历在目/vl。/wj
爬/v雪山/n、/wn过/vf草地/n，/wd红军/n克服/v了/ule种种/q考验/vn人类/n生存/vn极限/n的/ude1恶劣/a环境/n。/wj
先后/d翻阅/v大小/n雪山/n20/m余/m座/q。/wj
红军/n指战员/n物资/n供应/vn极其/d匮乏/vi，/wd甚至/d连/ulian生存/vi的/ude1基本/a条件/n都/d不/d具备/v，/wd饥肠辘辘/vl的/ude1红军/n官兵/n，/wd不得不/d以/p野菜/n、/wn草根/n、/wn皮带/n充饥/vi。/wj
展览/vn中/f，/wd《/wkz雪山/n忠魂/n》/wky的/ude1雕塑/n吸引/v了/ule许多/m观众/n，/wd它/rr描述/v的/ude1是/vshi一个/mq真实/a的/ude1故事/n。/wj
1936年/t2月/t，/wd红/a四/m方面军/n兵站/n部/n吴/nr1部长/n率/v部/q翻阅/v党岭山/nr时/ng，/wd发现/v许多/m战友/n的/ude1遗体/n被/pbei埋/v在/p雪/n里/f。/wj
有/vyou一/m支/q胳膊/n伸出/v雪堆/n，/wd拳头/n紧握/v。/wj
他们/rr掰开/v这/rzv只/q手/n一/d看/v，/wd里面/f是/vshi党/n证/n和/cc一/m块/q银元/n。/wj
党证/n上/f写/v着/uzhe：/wp“/wyz刘志海/nr，/wd中共/n正式/a党员/n，/wd1933年/t入党/vi。/wj
”/wyy刘志海/nr临死/vi前/f念念不忘/vl的/ude1是/vshi交上/v党费/n。/wj
