这/rzv是/vshi他/rr的/ude1第五/m次/qv北京/ns之/uzhi旅/ng。/wj
随着/p他/rr的/ude1到来/vn，/wd全世界/n也/d将/p目光/n再次/d聚集/v到/v了/ule北京/ns。/wj
虽然/c罗格/nrf的/ude1行程/n非常/d短暂/a但/c却/d很/d紧凑/a。/wj
在/p京/b期间/f，/wd他/rr参加/v了/ule第五/m届/q世界/n体育/n、/wn教育/vn和/cc文化/n论坛/n；/wf在/p北京/ns体育/n大学/n接受/v了/ule荣誉/n博士/n学位/n。/wj
接着/c，/wd他/rr又/d马不停蹄/vl地/ude2考察/v了/ule北京/ns奥运/n场馆/n的/ude1建设/vn进展/vn。/wj
对于/p北京/ns的/ude1奥运/n准备/vn，/wd罗格/nrf始终/d赞不绝口/vl。/wj
他/rr将/d“/wyz鸟巢/n”/wyy称为/v世界/n建筑/vn杰作/n，/wd称赞/v北京/ns奥/b组/n委/ng的/ude1工作/vn卓有成效/vl，/wd而/cc对于/p两/m年/qt后/f的/ude1北京/ns奥运会/n，/wd罗格/nrf则/d用/v“/wyz期待/v完美/a”/wyy来/f表达/v了/ule他/rr的/ude1心情/n。/wj
罗格/nrf对/p中国/ns文化/n情有独钟/vl。/wj
他/rr喜欢/vi福娃/nrf的/ude1天真/a可爱/a，/wd欣赏/v北京/ns奥运会/n徽/ng浓浓的/z中国/ns味/ng，/wd还/d赞赏/v北京/ns奥运/n即将/d把/pba奥运/n圣火/n送/v上/vf珠峰/n的/ude1创意/n。/wj
罗格/nrf将/p北京/ns奥运/n所/usuo要/v传达/v的/ude1东西/n，/wd称为/v“/wyz很/d难/ad用/v言语/n概括/v的/ude1东方/s智能/n”/wyy，/wd并/cc说/v这/rzv是/vshi北京/ns奥运/n将/d深深/d吸引/v他/rr和/cc全世界/n的/ude1东西/n。/wj
他/rr甚至/d还/d学习/v了/ule简单/a的/ude1汉语/nz，/wd并/cc用/p汉/b字体/n篆刻/n了/ule一/m枚/q“/wyz罗格/nrf之/uzhi印/ng”/wyy。/wj
对于/p中央电视台/nt推出/v的/ude1“/wyz奥运/n舵手/n”/wyy活动/vn，/wd罗格/nrf也/d予以/vx了/ule高度/d评价/v。/wj
他/rr认为/v“/wyz它/rr展现/v了/ule人类/n的/ude1未来/t”/wyy,/wd即/d吸引/v越来越/d多/a的/ude1人/n参与/v到/v体育/n运动/vn中/f来/vf。/wj
最后/f罗格/nrf表示/v，/wd奥运会/n不仅/c要/v“/wyz更/d高/a、/wn更/d快/a、/wn更/d强/a”/wyy，/wd而且/c要/v“/wyz更/d纯洁/a、/wn更/d人性/n、/wn更/d团结/v”/wyy。/wj
我们/rr也/d完全/ad有/vyou理由/n相信/v，/wd2008/m北京/ns奥运/n，/wd将/d成为/v奥运/n历史/n上/f的/ude1一个/mq里程碑/n，/wd一个/mq人类/n的/ude1欢乐/a节日/n。/wj
结语/n采集/v人/n：/wp王宗华/nr10月/t30日/t，/wd第六/m届/q中国/ns（/wkz珠海/ns）/wky国际/n航空/n航天/n博览会/n在/p广东省/ns珠海市/ns开幕/vi，/wd来自/v中/f、/wn俄/b、/wn美/b等/udeng32/m个/q国家/n和/cc地区/n的/ude1航空/n航天/n企业/n参展/vi。/wj
在/p本届/r博览会/n上/f，/wd一/m批/q我国/n自主/vd研发/v、/wn拥有/v完全/ad自主/vi知识/n产权/n的/ude1军/n、/wn民用/b飞机/n集体/n亮相/vi，/wd“/wyz中国/ns制造/v”/wyy成为/v本届/r航/vg展/ng的/ude1最/d大/a看/v点/qt。/wj
国内/s几/m家/q参展/vn单位/n的/ude1展品/n十分/d丰富/a，/wd从/p运载火箭/nl到/v各种/rz军用/b、/wn民用/b飞机/n可谓/v琳琅满目/vl。/wj
在/p民用/b飞机/n方面/n，/wd小鹰/nr2500/m令/v人/n瞩目/vi。/wj
它/rr是/vshi我国/n自主/vd创新/vi的/ude1第一/m架/qv可用/v作/v私人/n用途/n的/ude1小型/b飞机/n，/wd可/c搭乘/v4/m人/n，/wd售价/n约/d200万/m元/q，/wd市场/n前景/n十分/d广阔/a，/wd目前/t已经/d签/v下/vf100/m多/m份/q订单/n。/wj
新/a舟/n－/wp60/m是/vshi我国/n拥有/v全部/m知识/n产权/n的/ude1支线/n客机/n。/wj
在/p技术/n上/f它/rr采用/v了/ule目前/t最/d成熟/a的/ude1航空/n科技/n，/wd具有/v良好/a的/ude1经济性/n和/cc安全性/n，/wd一经/d问世/vi便/d一直/d保持/v着/uzhe不错/a的/ude1销售/vn势头/n，/wd到/p2006年/t6月/t为止/u已/d出口/vi了/ule32/m架/qv。/wj
在/p军用/b飞机/n方面/n，/wd“/wyz山/n鹰/n”/wyy和/cc“/wyz猎鹰/nz”/wyy表现/v十分/d抢眼/a。/wj
它们/rr是/vshi两/m个/q不同/a系列/n的/ude1高级/a军用/b教练机/n。/wj
“/wyz山/n鹰/n”/wyy具有/v起降/vi性能/n好/a、/wn机动/b性能/n好/a、/wn小/a速度/n范围/n飞机/n比较/d稳定/v等/udeng优点/n；/wf而/cc“/wyz猎鹰/nz”/wyy外形/n设计/vn十分/d独特/a，/wd具有/v一定/b的/ude1隐身/v能力/n。/wj
除了/p航空/n以外/f，/wd航天/n领域/n也/d是/vshi重要/a的/ude1参展/vn内容/n。/wj
最/d令/v人/n瞩目/vi的/ude1是/vshi我国/n自行/d研制/v的/ude1月/n面/n巡视/vn探测器/n（/wkz俗称/v月球车/n）/wky。/wj
它/rr将/d在/p未来/t某个/rz时间/n登/v陆月/t球/n，/wd完成/v各项/r科研/n任务/n，/wd为/p载人/b登月/vn提供/v参考/vn数据/n。/wj
此次/rz中国/ns珠海/ns航/ng展展/nr出/vf的/ude1一/m系列/q我国/n自主/vd创新/vi的/ude1军/n、/wn民用/b飞机/n和/cc航天/n装置/n，/wd不仅/c圆/v了/ule国人/n翱翔/vi蓝天/n的/ude1梦想/n，/wd而且/c还/d将/d在/p国际/n航空/n市场/n上/f显露/v头角/n。/wj
结语/n：/wp采集/v人/n：/wp王宗华/nr97/m岁/qt的/ude1刘应启/nr是/vshi江苏省/ns军区/n扬州/ns军分区/n的/ude1一/m位/q老红军/n。/wj
多/m年/qt来/f，/wd无论是/c在/p战争/n年代/n中/f还/d是/vshi和平/n岁月/n里/f，/wd他/rr总是/d不/d断/v热心/a地/ude2帮助/v他人/rr。/wj
他/rr的/ude1事迹/n令/v人/n动容/v。/wj
1930年/t，/wd刘应启/nr加入/v中国/ns工农红军/n，/wd在/p长征/n中/f是/vshi收容/v队/n成员/n。/wj
他们/rr一方面/c要/v参与/v战斗/vi，/wd另一方面/c还/d要/v负责/v照顾/v那些/rz受伤/vi的/ude1战友/n。/wj
从/p那时/rzt起/f，/wd他/rr就/d有/vyou一个/mq信念/n，/wd不/d能/v让/v一个/mq战友/n掉队/vi。/wj
如今/t，/wd在/p和平/n岁月/n里/f，/wd他/rr依然/d用/p爱心/n帮助/v那些/rz需要/n帮助/v的/ude1人/n。/wj
扬州市/ns卢湾/ns镇/n的/ude1卢兴兵/nr是/vshi一/m位/q脑瘤/n患者/n，/wd一家/n人/n生活/vn十分/d艰辛/an。/wj
今年/t9月/t15日/t，/wd刘应启/nr老人/n知道/v此事/r后/f，/wd不顾/v年迈/z体/n衰/ag冒雨/vi赶到/v卢/b家/n，/wd送/v上/f从/p退休金/n中/b省/n下来/vf的/ude11500/m元/q钱/n，/wd并且/c还/d制定/v了/ule一个/mq持续/vd帮助/v计划/n。/wj
卢兴兵/nr只是/d刘应启/nr老人/n帮助/v过/uguo的/ude1许多/m人/n中/f的/ude1一个/mq。/wj
从/p1995年/t起/f，/wd刘应启/nr便/d开始/v实施/v自己/rr的/ude1五年计划/n，/wd即/v每个/r月/n节省/v200/m元/q钱/n，/wd每年/r结对/v资助/v五/m个/q孩子/n。/wj
就/p这样/rzv，/wd五/m年/qt时间/n他/rr用/p节省/v下/f的/ude11万/m元/q左右/m让/v20/m余/m名/q孩子/n重返/v了/ule校园/n。/wj
此外/c，/wd他/rr还/d通过/p各种/rz方式/n，/wd从/p自己/rr的/ude1退休金/n中/f节省/v出/vf了/ule15万/m元/q，/wd帮助/v了/ule30/m多/m个/q孩子/n和/cc困难/an家庭/n。/wj
除了/p慷慨解囊/vl、/wn扶助/v弱者/n以外/f，/wd刘应启/nr还/d参与/v了/ule抗洪/vn等/udeng不/d少/a社会/n公益/n事业/n，/wd他/rr的/ude1参与/vn感染/v激励/v了/ule很多/m人/n。/wj
虽然/c，/wd刘应启/nr是/vshi军/n级/q干部/n，/wd但是/c他/rr的/ude1儿女/n并/cc没有/d沾/v到/v他/rr什么/ry光/n。/wj
儿女/n们/k也/d曾/d埋怨/v过/uguo他/rr，/wd但/c随着/p时间/n的/ude1流逝/vn，/wd孩子/n们/k理解/v了/ule父亲/n。/wj
刘应启/nr本来/d可以/v颐养/v天年/n，/wd但是/c他/rr没有/v这样/rzv做/v。/wj
而/cc是/vshi凭着/p对/p社会/n强烈/a的/ude1责任感/n和/cc对/p人民/n大众/n的/ude1爱心/n，/wd扶危济困/vl，/wd实属/v难能可贵/vl。/wj
结语/n：/wp采集/v人/n：/wp王宗华/nr《/wkz伟大/a壮举/n光辉/a历程/n》/wky纪念/v长征/n胜利/vi70/m周年/q主题/n展览/vn，/wd自/p10月/t16日/t在/p军事/n博物馆/n揭幕/vi以来/f，/wd这个/rz建国/vi以来/f规模/n最/d大/a的/ude1纪念/vn长征/n展览/vn每天/r都/d吸引/v着/uzhe很/d多/a观众/n前来/vi参观/v。/wj
今天/t《/wkz焦点/n访谈/vn》/wky特邀/vn主持人/n崔永元/nr向/p大家/rr介绍/v展览/vn上/f展出/v的/ude1一些/mq珍贵/a文物/n情况/n。/wj
据悉/v，/wd这次/r展览/vn一共/d征集/v了/ule400/m多/m件/q文物/n，/wd其中/rz58/m件/q是/vshi第一/m次/qv和/cc观众/n见面/vi。/wj
这些/rz文物/n既/c见证/v了/ule红军/n成长/vi的/ude1历史/n、/wn红军/n长征/nz的/ude1历史/n，/wd也/d见证/v着/uzhe军民/n鱼水情/n谊/ng史/ng、/wn党/n与/cc人民/n的/ude1血肉/n联系/v史/ng。/wj
在/p展览/vn中/f，/wd人们/n可以/v看到/v许多/m真实/a的/ude1物品/n，/wd如/v当年/t老百姓/n帮助/v红军/n渡/v江/nr1用/v的/ude1渔船/n、/wn朱德/nr和/cc夫人/n康克/nrf清/v省吃俭用/vl留下来/v的/ude1银元/n、/wn红军/n们/k过/vf草地/n时/ng穿过/v的/ude1棉/ng背心/n、/wn陈庚/nr使用/v的/ude1手枪/n等等/udeng，/wd这/rzv一件件/m物品/n都/d记录/v着/uzhe老百姓/n对/p红军/n的/ude1拥护/vn与/cc支持/vn，/wd也/d勾/v起/vf了/ule许多/m健在/vi老红军/n的/ude1记忆/n。/wj
