参观者/n在/p观看/v这些/rz文物/n的/ude1同时/n也/d解读/v了/ule历史/n，/wd红军/n官兵/n与/cc群众/n生死/n相/d依/v，/wd为了/p救国救民/vl，/wd不惜/v付出/v一切/rz牺牲/v，/wd最终/d谱写/v出/vf了/ule长征/n胜利/vi的/ude1光辉/a篇章/n。/wj
许多/m参观者/n参观/v过/uguo展览/vn后/f，/wd都/d颇/d受/v震撼/vn，/wd深感/v今天/t的/ude1幸福/an生活/vn来之不易/vl。/wj
据悉/v，/wd本次/r主题/n展览/vn将/d于/p11月/t24日/t结束/v。/wj
[/wkz详细/a内容/n]/wky演播室/n主持人/n崔永元/nr：/wp今天/t由/p我/rr来/vf主持/v这个/rz节目/n，/wd是/vshi因为/p节目/n组/n看中/v了/ule我/rr现在/t正/d在/p带/v一/m支/q普通人/n组成/v的/ude1队伍/n在/p重/d走/v长征/nz路/n。/wj
今天/t《/wkz焦点/n访谈/vn》/wky继续/v给/p大家/rr介绍/v纪念/v红军/n长征/n胜利/vi70/m周年/q的/ude1展览/vn。/wj
这次/r展览/vn一共/d征集/v了/ule400/m件/q文物/n，/wd其中/rz有/vyou58/m件/q是/vshi第一/m次/qv和/cc观众/n见面/vi，/wd这些/rz文物/n见证/n了/y了/ule红军/n长征/nz的/ude1历史/n，/wd也/d见证/v了/ule红军/n成长/vi的/ude1历史/n，/wd现在/t让/v我们/rr一起/s边/d走/v边/k看/v，/wd边/d看/v边/k谈/v。/wj
现在/t大家/rr看/v到/v的/ude1这/rzv条/q木船/n，/wd就/d是/vshi当时/t红军/n出发/vi的/ude1时候/n，/wd在于/v都/d集结/v以后/f，/wd渡/v于都/ns河/n的/ude1时候/n用/v的/ude1船/n。/wj
这/rzv条/q船/n当时/t是/vshi排列/v在/p河/n上/f，/wd然后/c用/p这些/rz门板/n搭/v在/p上面/f，/wd搭/v起/vf了/ule一/m座/q浮桥/n。/wj
因为/p当时/t有/vyou国民党/n的/ude1飞机/n侦查/vn和/cc轰炸/vn，/wd所以/c这些/rz船/n都/d是/vshi傍晚/t的/ude1时候/n搭/v起来/vf，/wd到/p凌晨/t的/ude1时候/n，/wd天/qt快/d亮/a的/ude1时候/n再/d把/pba它/rr拆散/v。/wj
红军/n渡/v河/n这么/rz长/a时间/n，/wd国民党/n飞机/n都/d没有/d发现/v，/wd说明/v当时/t我们/rr长征/vi的/ude1时候/n，/wd虽然/c是/vshi一/m次/qv被迫/d的/ude1转移/vn，/wd但是/c整个/b部队/n是/vshi非常/d有/vyou秩序/n的/ude1，/wd也/d能/v看出/v当时/t的/ude1老百姓/n有/vyou多么/d支持/v红军/n，/wd因为/c这些/rz船/n都/d是/vshi他们/rr在/p于都/ns河/n上/f打/v渔/ng用/v的/ude1船/n。/wj
解说/v：/wp这/rzv次/qv展览/vn展出/v的/ude1这/rzv条/q船/n是/vshi今年/t6月/t27日/t打捞/v出来/vf的/ude1，/wd当时/t这/rzv条/q船/n被/pbei淹没/v在/p江西省/ns于都县/ns于都/ns河/n河床/n上/f的/ude1淤沙/n中/f。/wj
李明荣/nr老/a船工/n后代/n：/wp这/rzv条/q船/n挖/v起/vf后/f，/wd当年/t我们/rr的/ude1父母亲/n捕鱼/vi，/wd就是/d用/v这样/rzv的/ude1船/n捕鱼/vi的/ude1。/wj
记者/n：/wp只是/d在/p当时/t那个/rz年代/n才/d有/vyou这样/rzv形状/n的/ude1船/n？/ww
李明荣/nr：/wp对/v。/wj
解说/v：/wp一/m部/q红军/n长征/n史/ng就/d是/vshi一/m部/q军民/n雨水/n情谊/n史/ng，/wd一/m部/q党/n与/cc人民/n的/ude1血肉/n联系/v史/ng。/wj
红军/n长征/nz的/ude1漫漫/z征途/n，/wd始终/d凝结/v着/uzhe群众/n对/p红军/n的/ude1深情厚谊/nl。/wj
这/rzv条/q长征/n出发/vi时/ng红军/n使用/v的/ude1渡船/n，/wd就是/v军民/n情意/n的/ude1深度/n写照/n。/wj
1934年/t10月/t中下旬/t，/wd中央/n红军/n8万/m多/m人/n准备/v渡过/v于都/ns河/n，/wd踏上/v漫漫/z长征/n路/n。/wj
闻讯/vi后/f，/wd于/p都/d的/ude1百姓/n都/d自发/d地/ude2送/v来/vf小/a船/n、/wn木板/n等/udeng架设/v浮桥/n所/usuo需/v的/ude1物品/n。/wj
前来/vi参观/v的/ude1于都/ns籍/ng老红军/n杨思禄/nr一/d看到/v这/rzv条/q船/n，/wd便/d立刻/d想起/v了/ule当年/t离别/v家乡/n的/ude1情景/n。/wj
杨思禄/nr老红军/n：/wp第一/m天/qt就/d是/vshi我们/rr走/v的/ude1。/wj
记者/n：/wp第一/m天/qt就/d是/vshi你们/rr从/p桥/n上/f渡过/v了/y？/ww
杨思禄/nr：/wp对/v。/wj
于都/ns浮桥/n是/vshi有/vyou五/m个/q浮桥/n，/wd五/m个/q浮桥/n就/d靠/p于都县/ns的/ude1老百姓/n用/p木头/n，/wd甚至/c老百姓/n有/vyou的/ude1寿木/n、/wn棺材/n都/d拿/v来/vf搭/v浮桥/n去/vf了/y，/wd所以/c于/p都/d对/p长征/n的/ude1贡献/n是/vshi很/d大/a的/ude1。/wj
张/nr1文/ng老红军/n：/wp那/rzv时候/n就/d是/vshi我们/rr需要/v老百姓/n帮忙/vi，/wd老百姓/n什么/ry都/d干/v，/wd我们/rr打仗/vi的/ude1时候/n，/wd老百姓/n给/p我们/rr抬/v担架/n、/wn送/v干粮/n，/wd什么/ry都/d干/v。/wj
为什么/ryv现在/t我/rr一心/d想/v着/uzhe鱼池/n不/d离/v，/wd鱼/n跟/p水/n离开/v了/ule就/d不行/a了/y。/wj
江西省/ns于都县/ns参观团/n成员/n：/wp一/m送/v里格/nrf红军/n介/vg支/q个/q下/vf了/ule山/n。/wj
解说/v：/wp红军/n在/p艰苦/a而/cc漫长/a的/ude1征途/n中/f得到/v了/ule沿途/b群众/n的/ude1拥护/vn和/cc支持/vn，/wd而/cc每/rz到/v一/m处/q，/wd红军/n战士/n也/d都/d千方百计/dl地/ude2帮助/v群众/n。/wj
临别/vi时/ng他们/rr时常/d把/pba身上/s仅/d有/vyou的/ude1物品/n留给/v当地/s的/ude1百姓/n。/wj
70/m多/m年/qt后/f，/wd这些/rz物品/n就/d成为/v当年/t军民/n情谊/n的/ude1见证/n。/wj
主持人/n：/wp现在/t大家/rr看/v到/v的/ude1这/rzv盏/q马灯/n，/wd可能/v觉得/v不/d太/d起/vf眼/n，/wd但是/c这个/rz都/d是/vshi进口/v的/ude1马灯/n，/wd在/p当时/t算是/v很/d高级/a的/ude1东西/n。/wj
当时/t那些/rz村庄/n都/d非常/d穷/a，/wd老百姓/n都/d是/vshi用/p松树/n明子/n，/wd用/p木柴/n，/wd用/p这个/rz照亮/v。/wj
红军/n借/v住/vi在/p他们/rr家里/s，/wd临走/vi的/ude1时候/n，/wd有的/rz时候/n就/d把/pba这个/rz马灯/n送给/v当地/s的/ude1老百姓/n，/wd对/p他们/rr来说/uls是/vshi非常/d珍贵/a的/ude1礼物/n。/wj
所以/c沿途/d除了/p这些/rz红军/n纪念馆/n中/f我们/rr可以/v看到/v，/wd我们/rr在/p老百姓/n家里/s也/d看到/v了/ule四/m盏/q，/wd他们/rr到/v现在/t还/d在/p保留/v着/uzhe。/wj
解说/v：/wp密切/ad联系/v群众/n，/wd全心全意/dl为/p群众/n服务/vn是/vshi红军/n取得/v长征/n胜利/vi的/ude1根本/a保证/vn，/wd军民/n间/f的/ude1深情厚意/n使/v红军/n力量/n在/p艰苦/a的/ude1条件/n下/f，/wd不但/c得以/v保存/v，/wd而且/c发展/v壮大/v。/wj
在/p参观/v展览/vn的/ude1人群/n中/b记者/n注意/v到/v，/wd有/vyou一个/mq人/n一直/d凝视/v着/uzhe展/vg柜/ng里/f的/ude1一/m台/q发电机/n。/wj
这/rzv位/q名叫/v谢林贵/nr的/ude1观众/n告诉/v记者/n，/wd他/rr的/ude1伯父/n原来/d是/vshi一/m名/q矿工/n，/wd红军/n开始/v长征/n后/f，/wd他/rr自告奋勇/vl，/wd专门/d为/v红军/n背/v这种/r重/d达/v一百/m多/m斤/q的/ude1发电机/n。/wj
谢林/nrf贵/a老红军/n后代/n：/wp他/rr说/v你们/rr不/d知道/v，/wd因为/c这个/rz发电机/n丢掉/v了/ule很多/m性命/n。/wj
记者/n：/wp很多/m战士/n因为/c背/v它/rr牺牲/v了/y。/wj
谢林贵/nr：/wp对/p，/wd在/p路上/s的/ude1、/wn过/vf雪山/n、/wn过/vf草地/n，/wd还有/v打仗/vi、/wn行军/vi，/wd丢掉/v了/ule很多/m性命/n。/wj
记者/n：/wp说明/v这种/r发动机/n也/d是/vshi非常/d珍贵/a了/y。/wj
谢林贵/nr：/wp他/rr说/v你/rr不/d懂/v，/wd这/rzv可是/c我们/rr毛/nr1主席/n党中央/nt的/ude1眼睛/n和/cc耳朵/n，/wd发报机/n、/wn收报机/n都/d要/v靠/p发电机/n。/wj
解说/v：/wp长征/n途中/s，/wd红军/n将士/n在/p艰苦/a卓越/a的/ude1环境/n下/f同甘共苦/vl、/wn团结/v一致/an，/wd官兵们/n每人/r每天/r只/d有/vyou5分/t钱/n的/ude1伙食费/n。/wj
钱/n这么/rz少/a，/wd他们/rr还/d精打细算/vl，/wd省/n下来/vf的/ude1钱/n不论/c职务/n高/a低/a，/wd大家/rr一律/d平分/v。/wj
红军/n官兵/n把/pba这种/r伙食/n结余/n称作/v“/wyz伙食/n尾/ng子/ng”/wyy。/wj
这/rzv三/m枚/q银元/n就/d是/vshi朱德/nr和/cc夫人/n康克清/nr在/p长征/n途中/s分/v到/v的/ude1“/wyz伙食/n尾/ng子/ng”/wyy。/wj
高玉林/nr军事/n博物馆/n编/v研/v处/q编辑/n：/wp在/p1934年/t底/f，/wd为了/p庆祝/v元旦/t佳节/n，/wd红军/n每/rz人/n把/pba当月/t的/ude1伙食费/n就/d是/vshi结余/n，/wd发给/v个人/n，/wd每人/r发/v了/ule5/m毛/nr1钱/n。/wj
1935年/t1月份/t，/wd红军/n占领/v遵义/ns以后/f，/wd在/p这里/rzs召开/v了/ule著名/a的/ude1遵义/ns会议/n，/wd为了/p庆祝/v这/rzv次/qv会议/n的/ude1召开/vn，/wd每人/r发/v给/v了/ule5/m毛/nr1钱/n，/wd同年/t6月份/t，/wd又/d进行/vx了/ule一/m次/qv结余/n伙食费/n，/wd又/d发/v了/ule5/m毛/nr1钱/n，/wd这样/rzv整个/m半/m年/qt下来/vf，/wd朱德/nr和/cc康克清/nr同志/n每人/r分得/v一/m块/q五/m毛/nr1钱/n，/wd两/m人/n加/v在/p一起/s就/d是/vshi三/m元/q钱/n整/m。/wj
