心理/n老师/n：/wp这/rzv是/vshi一/m首/q谁/ry的/ude1歌/n，/wd大家/rr听/v出/vf来/vf没有/v？/ww
同学/n齐/d答/v：/wp周华健/nr。/wj
心理/n老师/n：/wp周华健/nr的/ude1《/wkz朋友/n》/wky。/wj
解说/v：/wp这/rzv是/vshi广东省/ns惠州市/ns惠阳/ns高级中学/nl高一/n（/wkz3/m）/wky班/n在/p上/f一/m堂/q以/p“/wyz朋友/n”/wyy为/p主题/n的/ude1心理/n健康/an教育课/n。/wj
课程/n刚/d开始/v，/wd老师/n要求/v相邻/vi两/m个/q同学/n各/rz出/vf一个/mq中/f指/v，/wd用/p一/m根/q红/a绳/ng在/p这/rzv两/m个/q指头/n上/f绑/v出/vf一个/mq蝴蝶结/n。/wj
心理/n老师/n：/wp我/rr想/v问/v一/m下/f，/wd我们/rr在/p这个/rz活动/vn当中/f你/rr体验/v到/v了/ule什么/ry？/ww
惠州/ns惠阳/ns高级中学/nl学生/n1：/m要/v团结/an才/d能/v做/v好/a。/wj
惠州/ns惠阳/ns高级中学/nl学生/n2：/m要/v两/m个/q人/n互相/d配合/v才/d可以/v做/v得/ude3好/a，/wd一定/d要/v有/vyou很/d大/a的/ude1默契/an。/wj
解说/v：/wp除了/p游戏/n，/wd同学/n们/k还/d根据/p要求/n进行/vx情景/n表演/vn，/wd在/p这些/rz活动/vn过程/n中/f，/wd老师/n和/cc同学/n们/k共同/d讨论/v分析/v应该/v如何/ryv选择/v朋友/n，/wd应该/v怎样/ryv和/cc同学/n相处/vi。/wj
记者/n：/wp刚/d上/vf的/ude1那/rzv节/q课/n觉得/v对/p你们/rr有/vyou启发/vn吗/y？/ww
惠州/ns惠阳/ns高级中学/nl学生/n：/wp有/vyou。/wj
记者/n：/wp怎么/ryv讲/v？/ww
惠州/ns惠阳/ns高级中学/nl学生/n3：/m就是/v通过/p这/rzv节/q课/n可以/v知道/v以后/f怎样/ryv正确/ad去/vf交/v朋友/n，/wd还有/v怎样/ryv去/vf帮助/v朋友/n，/wd如果/c我/rr得到/v帮助/v之后/f，/wd我/rr应该/v怎样/ryv去/vf回报/v他们/rr。/wj
记者/n：/wp大家/rr都/d喜欢/vi上/f这种/r课/n吗/y？/ww
惠州/ns惠阳/ns高级中学/nl学生/n4：/m喜欢/vi，/wd我/rr觉得/v很/d有趣/a，/wd而且/c印象/n很/d深刻/a，/wd让/v我们/rr的/ude1心理/n和/cc生理/n都/d得到/v很/d好/a的/ude1帮助/vn。/wj
解说/v：/wp记者/n在/p惠州/ns看到/v，/wd许多/m学校/n都/d设有/v这样/rzv活泼/a生动/a的/ude1心理/n健康/an教育课/n，/wd内容/n涉及/v学习/v方法/n、/wn行为/n举止/n、/wn人际/n交往/vn等等/udeng。/wj
近些年/t来/f，/wd随着/p独生子女/n的/ude1增多/vn和/cc长大/vi，/wd家长/n望子成龙/vl、/wn望/v女/b成/v凤/ng的/ude1愿望/n急剧/d膨胀/vi，/wd学生/n考试/vi多/m、/wn作业/n多/a、/wn学习/v压力/n大/a，/wd一些/mq老师/n教育/vn的/ude1观念/n、/wn方法/n跟不上/v时代/n步伐/n，/wd种种/q原因/n使得/vi一些/mq学生/n好斗/a、/wn孤僻/a、/wn冷漠/a、/wn自/p信心/n不足/an、/wn人际关系/n紧张/a，/wd这些/rz表现/v中/b道德/n问题/n很/d少/a，/wd更/d多/a的/ude1是/vshi心理/n困扰/vn，/wd针对/p这种/r情况/n，/wd惠州/ns从/p1999年/t开始/v逐步/d在/p全市/n普及/vn中小学/n心理/n健康/an教育/vn。/wj
路/n平/v惠州市/ns教育局/n机关/n党委书记/n：/wp素质/n教育/vn之中/f，/wd这个/rz心理/n健康/an教育/vn是/vshi必不可少/vl的/ude1，/wd我们/rr也/d把/pba它/rr作为/p德育/n工作/vn一/m种/q渠道/n，/wd把/pba德育/n工作/vn通过/p这个/rz心理/n健康/ad教育/v使得/vi它/rr更加/d有效/a。/wj
范/nr1中/b杰/ng惠州市/ns教育局/n局长/n：/wp从/p1999年/t就/d开始/v成立/vi了/ule惠州市/ns的/ude1心理/n健康/an教育/vn指导/vn中心/n和/cc辅导/vn中心/n，/wd通过/p这个/rz机构/n来/vf指导/v全市/n（/wkz中小学/n）/wky心理/n健康/an教育/vn。/wj
目前/t应该/v说/v，/wd我们/rr的/ude1心理/n健康/an教育/vn是/vshi深入/ad到/v全市/n的/ude1各级/r各类/r学校/n。/wj
解说/v：/wp惠州市/ns心理/n健康/an教育/vn指导/vn中心/n，/wd要求/v规模/n以上/f的/ude1学校/n开展/v心理/n健康/ad教育/v要/v有/vyou专门/b机构/n、/wn专职/b老师/n、/wn专用/vn经费/n，/wd还/d要求/v这些/rz学校/n在/p固定/a场所/n布置/v出/vf一个/mq温馨/a的/ude1心理/n健康/an咨询/vn室/n。/wj
但/c当/p学校/n把/pba心理/n健康/an咨询/vn室/n建/v起来/vf的/ude1时候/n，/wd最/d开始/v很/d少/a有/vyou同学/n光顾/v。/wj
惠州市/ns实验/vn中学/n学生/n1：/m一/m开始/v觉得/v去/vf心理/n咨询/vn室/n会/v被/pbei人家/rr认为/v心理/n不/d健康/a之类/rz的/ude1，/wd就/d怕/v人家/rr说闲话/vl。/wj
（/wkz校园/n电视/n）/wky学生/n采访/v：/wp很多/m同学/n都/d说/v，/wd那些/rz心理/n有/vyou病/n，/wd变态/n的/ude1人才/n会/v来/vf心理/n咨询/vn室/n咨询/vn，/wd你/rr觉得/v这样/rzv的/ude1说法/n对/p吗/y？/ww
老师/n：/wp我/rr想/v这/rzv是/vshi同学/n们/k对/p心理/n咨询/vn室/n的/ude1误解/n，/wd心理/n咨询/vn又/d称/v为/p心理/n辅导/vn，/wd其实/d它/rr的/ude1对象/n大多数/m应该/v是/vshi正常/a的/ude1普通人/n，/wd比如说/vl有/vyou的/ude1同学/n心理/n很/d难受/a，/wd想/v哭/v却/d又/d找/v不/d到/v合适/a的/ude1场所/n，/wd来/vf心理/n咨询/vn室/n大/d哭/v一/m场/qv感觉/n轻松/a多/a了/y。/wj
解说/v：/wp为了/p消除/v同学/n们/k的/ude1顾虑/n，/wd学校/n通过/p校园/n电视/n、/wn广播/vn、/wn讲座/n、/wn组织/n学生/n心理/n学会/v等/udeng多种/m方式/n，/wd不断/d让/v同学/n们/k了解/v到/v心理/n健康/an教育/vn是/vshi一/m种/q保健/n教育/vn，/wd是/vshi帮助/v大家/rr减轻/v压力/n，/wd消除/v困惑/a的/ude1。/wj
惠州市/ns实验/vn中学/n学生/n1：/m通过/p像/v这/rzv次/qv这样/rzv的/ude1活动/vn，/wd让/v我们/rr觉得/v这/rzv是/vshi很/d正常/a的/ude1，/wd这/rzv是/vshi健康/a的/ude1。/wj
惠州市/ns实验/vn中学/n学生/n2：/m我们/rr要/v正视/v自己/rr的/ude1心理/n问题/n，/wd所以/c要/v觉得/v自己/rr很/d郁闷/a的话/udh，/wd就/d去/vf那里/rzs咨询/v一下/mq，/wd开朗/a开朗/a一下/mq自己/rr。/wj
解说/v：/wp积极/a地/ude2引导/v让/v同学/n们/k消除/v了/ule误解/n，/wd逐渐/d走/v进/vf校园/n心理/n咨询/vn室/n的/ude1同学/n多/m起来/vf了/y。/wj
学生/n最/d关心/v的/ude1是/vshi学习/v，/wd因而/c在/p咨询/vn室/n咨询/vn的/ude1大多/d是/vshi学习/v上/f的/ude1困扰/vn。/wj
记者/n到/v惠州市/ns采访/v时/ng，/wd正/d碰上/v两/m位/q高/a三/m的/ude1同学/n在/p咨询/vn学习/vn上/f的/ude1问题/n，/wd两/m位/q同学/n说/v这/rzv是/vshi第二/m次/qv来/vf了/y。/wj
记者/n：/wp你/rr第一/m次/qv带来/v的/ude1问题/n是/vshi什么/ry？/ww
丘/ng送/v飞/vi惠州/ns一中/n高三/n（/wkz15/m）/wky班/n学生/n：/wp做/v数学/n题目/n的/ude1时候/n就/d看/v着/uzhe题目/n，/wd看/v了/ule几/m遍/qv还/d不/d知道/v它/rr讲/v什么/ry，/wd就是/d看/v着/uzhe题目/n，/wd但/c心里/s又/d想/v别的/rzv。/wj
张小瑕/nr惠州/ns一中/n心理/n辅导/vn老师/n：/wp我/rr就/d给/p她/rr一些/mq建议/n，/wd调动/v各种/rz的/ude1感官/n，/wd比如说/vl眼/n、/wn耳/n、/wn手/n。/wj
丘/ng送/v飞/vi：/wp老师/n就/d教/v我/rr做/v题/n的/ude1时候/n，/wd要/v用/p笔/n点/qt住/vi那/rzv题目/n，/wd要/v眼睛/n看/v住/vi，/wd还要/d读/v出来/vf，/wd这样/rzv就/d比较/d容易/a把/pba自己/rr注意力/n集中/v起来/vf。/wj
然后/c我/rr就/d这样/rzv做/v，/wd做/v一/m段/q时间/n之后/f，/wd我/rr就/d觉得/v有/vyou效果/n，/wd就/d相信/v自己/rr是/vshi可以/v这样/rzv做/v的/ude1。/wj
解说/v：/wp其实/d除了/p学习/v以外/f，/wd正值/v青春期/t的/ude1孩子/n们/k有着/v各式各样/bl的/ude1迷茫/an，/wd但/c许多/m同学/n始终/d不/d敢/v把/pba这些/rz困惑/a自己/rr的/ude1小/a秘密/n面对面/dl地/ude2说/v出来/vf。/wj
为此/bl，/wd一些/mq学校/n尝试/v利用/v现代/t技术/n开通/v网上/s咨询/vn，/wd收到/v很/d好/a的/ude1成效/n。/wj
惠阳/ns高级中学/nl的/ude1学生/n从/p1995年/t开始/v就/d可以/v通过/p发/v帖/ng子/ng、/wnQQ/x等/udeng方式/n在/p网上/s寻求/v学校/n辅导/vn老师/n的/ude1帮助/vn。/wj
王/nr1会/v礼/n惠州市/ns惠阳/ns高级中学/nl心理/n咨询/vn中心/n主任/n：/wp讲/v出/vf内心/n世界/n深处/s话/n的/ude1这些/rz同学/n，/wd包括/v家长/n，/wd可以/v不/d说/v出/vf自己/rr是/vshi谁/ry，/wd那/c我们/rr解答/v这些/rz问题/n的/ude1，/wd回复/v这些/rz问题/n的/ude1老师/n，/wd仅仅/d是/vshi靠/p问题/n去/vf判断/v来/vf回答/v。/wj
我们/rr回复/v过/uguo的/ude1也/d有/vyou五千/m多/m人次/qv了/y。/wj
解说/v：/wp惠州/ns中小学/n在/p开展/v心理/n健康/ad辅导/v的/ude1同时/n，/wd还/d对/p学生/n进行/vx心理/n训练/vn，/wd内容/n包括/v意志/n训练/vn、/wn自信心/n训练/vn、/wn人际/n交往/vn技能/n训练/vn、/wn放松/v训练/vn等/udeng，/wd这/rzv是/vshi惠州/ns实验/n中/f学/v面向/v学生/n开展/v的/ude1“/wyz健康/a心灵/n快乐/a源泉/n”/wyy的/ude1大型/b心理/n主题/n活动/vn。/wj
