在/p万顺/nz华/b公司/n的/ude1饲料厂/n，/wd记者/n发现/v用于/v加工/vn饲料/n的/ude1设备/n蒙/vi着/uzhe厚厚的/z灰/ag，/wd显然/ad是/vshi许久/m没有/d使用/v了/y。/wj
该厂/r工作/vn人员/n也/d表示/v，/wd这里/rzs的/ude1饲料/n生产/vn已/d经/p停/vi两/m年/qt了/y。/wj
此外/c记者/n还/d发现/v，/wd最近/t的/ude1领/v料/n单/d仅/d是/vshi2005年/t的/ude1，/wd而/cc没有/v今年/t的/ude1领/v料/n单/ng。/wj
记者/n将/d此事/r向/p长春市/ns工商局/n绿/a园/ng分局/n进行/vx了/ule举报/vn。/wj
虽然/c当地/s工商局/n对/p陈/nr1化/v粮/n的/ude1入库/vn及/cc饲料/n的/ude1出/vf库/n负有/v监管/vn职责/n，/wd但/c他们/rr却/d对/p此/rzs拒绝/v做出/v解释/vn。/wj
陈/nr1化/v粮/n究竟/d是/vshi如何/ryv逃脱/v监管/vn的/ude1？/ww
谁/ry又/d该/v对/p此/rzs负责/v？/ww
此事/r关乎/v广大/b消费者/n的/ude1健康/an，/wd希望/v有关/vn部门/n能/v彻底/ad查清/v此事/r。/wj
结语/n：/wp采集/v人/n：/wp王宗华/nr《/wkz伟大/a壮举/n光辉/a历程/n——/wp纪念/v中国/ns工农红军/n长征/n胜利/vi70/m周年/q》/wky主题/n展览/vn，/wd自/p10月/t16日/t开展/v以来/f吸引/v了/ule众多/m观众/n前来/vi参观/v。/wj
截至/v11月/t11日/t，/wd在/p短短/z27/m天/qt内/f共/d有/vyou100/m多/m万/m人次/qv前来/vi参观/v，/wd平均/v每天/r大约/d有/vyou4万/m名/q观众/n，/wd其中/rz大部分/n都/d是/vshi自发/d而/cc来/vf的/ude1。/wj
红军/n用/p鲜血/n和/cc生命/n铸就/v的/ude1长征/n精神/n穿越/v时空/n，/wd无论/c时代/n发生/v什么样/ryv的/ude1变化/vn，/wd“/wyz长征/nz波/n”/wyy的/ude1辐射/vn作用/n都/d难以/d消逝/vi，/wd70/m多/m年/qt后/f的/ude1今天/t，/wd它/rr同样/d在/p激励/v着/uzhe这个/rz时代/n的/ude1人们/n。/wj
在/p展览/vn大厅/n记者/n看到/v，/wd来/vf参观/v的/ude1既/c有/vyou青少年/n也/d有/vyou年迈/z的/ude1老红军/n，/wd大家/rr被/pbei长征/n故事/n、/wn长征/n精神/n感动/v着/uzhe，/wd鼓舞/v着/uzhe。/wj
其中/rz不少/m人/n已经/d不/d是/vshi第一/m次/qv来/vf参观/v，/wd他们/rr还/d把/pba这些/rz展品/n拍/v下来/vf准备/v作为/v宝贵/a的/ude1资料/n留给/v后人/n。/wj
据/p统计/v，/wd截至/v11月/t11日/t，/wd观众/n留言/n已经/d达到/v4万/m条/q，/wd平均/v每/rz25/m个/q参观者/n当中/f有/vyou一/m人/n会/v写/v下/f留言/vi。/wj
记者/n在/p现场/s还/d遇到/v了/ule不少/m知名人士/n。/wj
被/pbei誉为/v“/wyz当代/t产业工人/nl杰出/a代表/n”/wyy的/ude1青岛港/ns工人/n许振超/nr也/d在/p参观/v现场/s。/wj
他/rr表示/v他们/rr十分/d需要/v长征/nz精神/n的/ude1激励/vn，/wd需要/v这种/r不怕牺牲/vl、/wn不怕/v任何/rz困难/a的/ude1信仰/vn，/wd努力/ad把/pba码头/n建设/vn好/a。/wj
著名/a跳水/vn运动员/n郭晶晶/nr说/v，/wd他们/rr将/d更加/d吃苦耐劳/vl加强/v训练/v为/p国/n争光/vi。/wj
全国/n十/m大/a杰出/a法官/n宋/nr1鱼水/n表示/v，/wd要/v学习/v红军/n密切/ad联系/v百姓/n，/wd去/vf感受/v他们/rr的/ude1疾苦/n，/wd要/v积极/ad去/vf教育/vn、/wn帮助/v、/wn爱护/v群众/n。/wj
长征/nz精神/n既/c是/vshi中国/ns的/ude1也/d是/vshi世界/n的/ude1。/wj
记者/n注意/v到/v，/wd还有/v不少/m外籍/n人士/n来/vf此/rzs参观/v，/wd他们/rr表示/v，/wd他们/rr对/p长征/n所/usuo表现/v出/vf的/ude1团结/an、/wn克服/v一切/rz困难/an、/wn自我/rr牺牲/v的/ude1精神/n十分/d敬佩/v，/wd这/rzv一/m段/q历史/n令/v人/n难忘/a。/wj
结语/n：/wp采集/v人/n：/wp王宗华/nr2006年/t9月/t以来/f，/wd中央电视台/nt科教/b频道/n讲述/v了/ule很多/m感人/a故事/n，/wd它们/rr构成/v了/ule《/wkz讲述/v·/w文明/n中国/ns》/wky系列/n节目/n。/wj
这/rzv50/m多/m个/q故事/n都/d发生/v在/p创建/v文明/a城市/n的/ude1过程/n中/f，/wd他们/rr表现/v出/vf了/ule人/n与/cc人/n之间/f深切/ad关怀/v和/cc真挚/a情感/n。/wj
今天/t《/wkz焦点/n访谈/vn》/wky要/v讲述/v的/ude1是/vshi一个/mq发生/v在/p青岛/ns的/ude1故事/n。/wj
今年/t5月/t13日/t，/wd三/m位/q青岛/ns市民/n突然/ad被/pbei大/a风/n吹/v起来/vf的/ude1大型/b游戏/n气垫/n床/n砸/v伤/n。/wj
被/pbei砸/v伤/v的/ude1三/m人/n分别/d是/vshi退休/v的/ude1李苹/nr2、/wn范庆芳/nr女士/n，/wd还有/v一/m位/q是/vshi叫/vi朱文玉/nr的/ude1男子/n。/wj
事发/vi后/f，/wd他们/rr都/d被/pbei送/v进/vf了/ule医院/n。/wj
其中/rz朱文玉/nr被/pbei鼓风机/n砸/v中/f，/wd处于/v昏迷/v状态/n。/wj
这/rzv场/qv事故/n让/v每月/r退休金/n仅/d千/m余/m元/q的/ude1范庆芳/nr和/cc李/nr1苹/ng增加/v了/ule一/m大/a笔/q开支/n，/wd身体/n饱受/v折磨/vn，/wd而/cc最/d让/v她们/rr难以/d接受/v的/ude1是/vshi，/wd气垫/n床/n主人/n杨小辉/nr始终/d没有/v露面/vi。/wj
其实/d，/wd事发/vi后/f杨小辉/nr一直/d在/p找/v她们/rr俩/m，/wd但是/c始终/d没有/d联系/v上/f，/wd他/rr一直/d在/p照看/v朱文/nr玉/n。/wj
两/m位/q老人/n没/d想到/v的/ude1是/vshi，/wd为了/p救治/v朱文/nr玉/n，/wd杨小辉/nr已经/d借/v了/ule四千/m块/q钱/n，/wd家中/s所剩无几/vl。/wj
更/d令/v人/n想不到/vl的/ude1是/vshi，/wd他/rr还有/v一个/mq身/ng患/v重病/n的/ude1三/m岁/qt女儿/n，/wd急需/v一二十万/m元/q治疗费/n。/wj
尽管如此/dl，/wd杨小辉/nr仍然/d决定/v停止/v女儿/n的/ude1治疗/vn，/wd而/cc将/p治疗费/n送给/v三/m位/q伤者/n。/wj
得知/v这/rzv一/m事情/n后/f，/wd大家/rr决定/v停止/v治疗/vn，/wd并/cc拿/v出/vf一些/mq退休金/n资助/v杨小辉/nr一/m家/q。/wj
故事/n还/d没/d结束/v，/wd就/d在/p这时/rzt，/wd已经/d停止/v治疗/v的/ude1小/a杨帆/nr病情/n突然/ad加重/v。/wj
李苹/nr2、/wn范庆芳/nr听到/v这个/rz消息/n后/f，/wd向/p自己/rr所在/n的/ude1老年/t大学/n反映/v了/ule一下/mq，/wd结果/d得到/v大家/rr的/ude1热烈/a响应/vn，/wd人们/n纷纷/d慷慨解囊/vl。/wj
青岛/ns媒体/n也/d将/p这/rzv段/q感人/a故事/n公/ng之/uzhi于/p众/ag，/wd结果/n更/d多/a的/ude1青岛/ns市民/n向/p小杨/nr帆/n伸出/v了/ule援助/vn之/uzhi手/n。/wj
截至/v目前/t，/wd社会/n各界/rz已/d为/v小杨/nr帆/n捐款/vi9万/m多/m元/q，/wd使/v她/rr的/ude1治疗/vn得以/v继续/v，/wd而/cc援助/vn小/a杨帆/nr的/ude1行动/vn仍/d在/p继续/v中/f。/wj
其实/d在/p我们/rr身边/s，/wd像/p这样/rzv真挚/a感人/a的/ude1故事/n每天/r都/d在/p发生/v着/uzhe。/wj
这些/rz故事/n演绎/v着/uzhe一个/mq城市/n的/ude1形象/n，/wd是/vshi一个/mq文明/a城市/n的/ude1精神/n财富/n。/wj
它/rr体现/v着/uzhe社会/n文明/a的/ude1发展/vn和/cc人/n与/cc人/n之间/f的/ude1和谐/an，/wd而/cc这种/r发展/vn与/cc和谐/ad正是/v我们/rr建设/v和谐/a社会/n的/ude1基础/n。/wj
结语/n：/wp采集/v人/n：/wp王宗华/nr人体/n体内/s藏/b毒/n，/wd由于/c隐蔽性/n强/ng，/wd一直/d以来/f都/d是/vshi各国/rzs禁毒/v工作/vn的/ude1一个/mq难题/n。/wj
广州/ns海关/n在/p最近/t短短/z两/m个/q多/a月/n时间/n里/f，/wd连续/ad查获/v33/m起/q人体/n藏/b毒/n案/ng，/wd平均/ad不/d到/v两/m天/qt就/d查获/v一/m起/q，/wd为/v建国/vi以来/f罕见/a。/wj
广州/ns白云/n机场/n是/vshi国内/s最/d为/v繁忙/a的/ude1空港/n之一/rz，/wd也/d是/vshi我/rr海关/n关员/n和/cc缉私/vn警察/n同/p境外/s贩毒/vn集团/n较量/vn的/ude1主要/b战场/n之一/rz。/wj
通过/p行李/n夹/v藏/b、/wn鞋底/n藏/b毒/n等/udeng方式/n进行/vx毒品/n走私/v在/p这里/rzs时常/d遇到/v。/wj
境外/s贩毒/vn集团/n在/p我/rr海关/n关员/n加大/v打击/v力度/n的/ude1同时/n，/wd开始/v频繁/ad利用/v人体/n藏/b毒/n这/rzv一/m隐蔽/a形式/n走私/vn毒品/n，/wd而且/c愈演愈烈/vl。/wj
从/p9月/t4日/t以来/f，/wd在/p2/m个/q来/vf月/n的/ude1时间/n内/f，/wd广州/ns海关/n接连/d查获/v毒品/n走私/vn案件/n53/m宗/q，/wd缴获/v各类/r毒品/n61./m1/m公斤/q，/wd抓获/v犯罪/vn嫌疑人/n55/m人/n，/wd涉及/v人体/n藏/b毒/n、/wn快件/n寄/v毒/n和/cc行李/n夹/v藏/v，/wd其中/rz在/p白云/n国际/n机场/n口岸/n连续/ad查获/v33/m宗/q，/wd涉及/v毒品/n海洛因/n27./m3/m公斤/q的/ude1人体/n藏/b毒/n案件/n。/wj
据/p了解/v，/wd抓获/v的/ude1三十/m多/m名/q犯罪/vn嫌疑人/n全/d是/vshi外籍/n人士/n。/wj
这些/rz人体/n携/v毒/n者/k被/pbei境外/s贩毒/vn集团/n雇佣/v，/wd年龄/n集中/ad在/p20/m到/v40/m岁/qt之间/f。/wj
