在/p协和/nz医院/n治疗/vn期间/f，/wd为了/p学习/v先进/a的/ude1医疗/n经验/n，/wd她/rr还/d一边/d治病/vi，/wd一边/d主动/ad去/vf学习/v和/cc总结/vn。/wj
也许/d是/vshi乔淑萍/nr对于/p医生/n这/rzv份/q职业/n的/ude1挚爱/n感动/v了/ule上苍/n，/wd经过/p七/m个/q月/n的/ude1治疗/vn，/wd乔淑萍/nr最终/d战胜/v了/ule死神/n，/wd回到/v了/ule她/rr的/ude1患者/n中间/f。/wj
乔淑萍/nr认为/v，/wd这些/rz经历/n，/wd使/v她/rr更加/d热爱/v生活/vn，/wd同时/c对/p医生/n这个/rz职业/n有/vyou了/ule更/d深/a的/ude1理解/vn和/cc感悟/vn，/wd她/rr说/v，/wd能/v做/v一个/mq好/a医生/n，/wd是/vshi她/rr一生/n的/ude1追求/vn。/wj
结语/n：/wp采集/v人/n：/wp王宗华/nr10月/t10日/t下午/t，/wd昆明市/ns滇池/ns管理局/n执法/vn大队/n接到/v群众/n举报/vn，/wd在/p滇池/ns福/n保/v湾/ng一带/n水域/n发现/v有/vyou大量/m油污/n漂浮/v在/p水面/n上/f。/wj
接到/v举报/vn后/f，/wd执法/vn人员/n迅速/ad赶往/v现场/s。/wj
初步/d判断/v，/wd污染/v面积/n达/v100/m多/m亩/q。/wj
生态/n仍/d很/d脆弱/a的/ude1滇池/ns遭到/v了/ule有史以来/dl发现/v的/ude1最/d大/a规模/n的/ude1废油/n污染/vn。/wj
在/p相关/vn部门/n对/p滇池/ns水体/n进行/vx严密/a监测/vn的/ude1同时/n，/wd执法/vn人员/n也/d迅速/ad锁定/v了/ule污染源/n，/wd一/m艘/q正在/d滇池/ns挖/v取/v淤泥/n的/ude1治污/vn船/n。/wj
记者/n在/p船上/s看到/v，/wd还有/v大量/m油水/n混合物/n瘀/n积/v在/p船底/n。/wj
此外/c，/wd执法/vn人员/n还/d发现/v，/wd在/p船/n甲板/n上/f也/d有/vyou大量/m油污/n，/wd机器/n上/f多/m处/q部位/n漏/v油/n的/ude1情况/n严重/a。/wj
据/p了解/v，/wd这/rzv艘/q船/n所属/vn单位/n为/p中/b海/n工程/n建设/vn总局/n。/wj
调查/v发现/v，/wd该/rz船/n已经/d使用/v了/ule20/m多/m年/qt，/wd设备/n老/a旧/a，/wd没有/d安装/v油水/n分离器/n等/udeng必要/a设备/n，/wd存在/v多/m处/q污染/vn水体/n的/ude1隐患/n，/wd已经/d不/d能/v保证/v正常/ad运转/vi。/wj
这样/rzv的/ude1一/m艘/q船/n为什么/ryv不/d进行/vx维修/vn还要/d继续/v使用/v呢/y？/ww
施工/vn单位/n解释/vn，/wd因为/c其他/rzv船只/n都/d在/p外地/s，/wd为了/p赶/v工期/n，/wd这/rzv艘/q船/n只能/v边/k修理/v边/k施工/vi。/wj
在/p昆明市/ns海事/n局/qv记者/n了解/v到/v，/wd这/rzv艘/q挖/v泥/n船/n在/p2002年/t11月/t已经/d申报/v停/vi用/v。/wj
按照/p相关/vn规定/n，/wd重新/d起用/v这/rzv条/q船/n，/wd应该/v先/d到/v昆明市/ns海事/n局/n进行/vx船舶/n质量/n检验/vn，/wd然后/c才/d能/v办理/v施工/vn许可证/n。/wj
有关/vn部门/n解释/vn，/wd因为/c工期/n短/a，/wd工作/vn不/d仔细/a，/wd“/wyz有所/v疏忽/v”/wyy，/wd才/c给/p办理/v了/ule有关/vn证明/n。/wj
此外/c，/wd滇池/ns管理局/n表示/v，/wd在/p施工/vn阶段/n，/wd由于/c工作/vn人员/n“/wyz疏忽/v”/wyy，/wd也/d没有/d有效/a进行/vx日常/b监管/vn，/wd致使/v污染/vn事件/n发生/v。/wj
目前/t，/wd有关/vn部门/n已/d将/p该/rz船/n拖/v离/v作业/vn水域/n，/wd并/cc作出/v了/ule相应/vn处罚/vn。/wj
结语/n：/wp采集/v人/n：/wp王宗华/nr11月/t21日/t，/wd黑龙江省/ns哈尔滨/ns双城市/ns一/m辆/q满载/v小学生/n的/ude1“/wyz送/v子/ng车/n”/wyy，/wd在/p营运/vn途中/s发生/v坠/v桥/n翻车/vn事故/n，/wd目前/t已/d造成/v8/m名/q小学生/n不幸/ad死亡/vi，/wd39/m人/n受伤/vi，/wd其中/rz7/m人/n重伤/n。/wj
当天/t6时/t40分/t，/wd一/m辆/q车/n牌号/n为/p黑/aA12628/x的/ude1客车/n，/wd载/v50/m名/q学生/n和/cc一/m名/q成年人/n从/p周家镇/nr东跃村/nr苏/b家/n窝棚/n出发/vi前往/v周家镇/nr中心/n小学/n，/wd在/p途经/v一/m座/q小/a桥/n右/f转/v时/ng翻/v下/vf桥/n，/wd掉/v入/v结冰/vi的/ude1河内/nsf。/wj
事故/n发生/v后/f，/wd伤者/n被/pbei送/v往/p就近/a的/ude1医院/n，/wd目前/t，/wd除/p一/m人/n外/f，/wd其他/rzv伤者/n基本/ad脱离/v生命/n危险/an。/wj
经/p确认/v，/wd这/rzv辆/q客车/n核定/v载/v员/ng为/v26/m人/n，/wd超载/v近/a一/m倍/q。/wj
双城市/ns交通局/n副/b局长/n刘金录/nr称/v，/wd该车/r没有/v道路/n运输/vn许可证/n和/cc车辆/n营运/vn证/n，/wd属于/v黑车/n。/wj
记者/n调查/v发现/v，/wd这/rzv辆/q车/n不仅/c不/d具备/v客运/n资格/n，/wd而且/c已经/d连续/a6/m年/qt没有/v进行/vx过/uguo年检/n，/wd肇事/vn司机/n也/d不/d具备/v驾驶/v客车/n的/ude1资格/n。/wj
家长/n表示/v，/wd由于/c路/n远/a，/wd每天/r接送/v孩子/n上下学/vn不/d现实/a，/wd此外/c，/wd学校/n无法/vd提供/v校/ng车/n，/wd也/d没有/v住宿/vn条件/n，/wd于是/cc共同/d租用/v这/rzv辆/q车/n接送/v孩子/n上下学/vn。/wj
据/p了解/v，/wd东跃村/nr这些/rz孩子/n所/usuo面临/v的/ude1情况/n在/p双城市/ns并/cc不/d少/ad见/v，/wd当地/s出现/v了/ule许多/m这样/rzv负责/v接送/v孩子/n上下学/vn的/ude1“/wyz送/v子/ng车/n”/wyy。/wj
为了/p防止/v类似/a悲剧/n再次/d上演/v，/wd哈尔滨市/ns政府/n在/p事发/vi当天/t即/d出台/vi文件/n，/wd要求/v交通/n和/cc公安/n部门/n严厉/ad打击/v非法/b营运/vn，/wd并/cc在/p全市/n范围/n内/f进行/vx排/v查/v，/wd规范/v“/wyz送/v子/ng车/n”/wyy。/wj
结语/n：/wp采集/v人/n：/wp王宗华/nr近/a几/m年/qt，/wd内蒙古自治区/ns鄂尔多斯市/nsf在/p生态/n保护/vn、/wn经济/n发展/vn和/cc城市/n建设/vn等/udeng方面/n注重/v可/v持续/vd发展/v，/wd积极/ad探索/v人/n与/cc自然/n和谐/ad相处/vi的/ude1发展/vn之/uzhi路/n。/wj
前些年/t，/wd由于/c过度/d放牧/vi，/wd鄂尔多斯市/nsf的/ude1生态/n环境/n逐年/d恶化/vi，/wd百姓/n生活/vn水平/n停滞不前/vl。/wj
为了/p彻底/ad改变/v这/rzv一/m状况/n，/wd鄂尔多斯市/nsf痛/a下决心/vi，/wd在/p实行/v以/p草/n定/v畜/ng政策/n的/ude1同时/n，/wd还/d大力/d推广/v规模化/vd圈养/v。/wj
经过/p五六年/t的/ude1努力/an，/wd不仅/c草场/n植被/n恢复/v了/y，/wd牲畜/n头数/n也/d大量/m增加/v，/wd牧民/n生活/vn水平/n大幅/d提高/v。/wj
此外/c，/wd鄂尔多斯/nsf还/d在/p自然/n条件/n恶劣/a的/ude1地方/n实施/v生态/n移民/vn战略/n，/wd将/d有/vyou条件/n的/ude1农牧民/n分期/d分批/d转移/v到/v城镇/n。/wj
经过/p多年/mq摸索/v，/wd鄂尔多斯市/nsf引种/vi了/ule适宜/v当地/s生存/vi的/ude1先锋/n树种/n——/wp沙棘/n，/wd在/p一些/mq干旱/a硬/a梁/nr1地区/n和/cc半/m荒漠化/vn沙地/n种植/vn柠/n条/q和/cc沙柳/nrf，/wd对/p沙漠/n采取/v林木/n锁边/v、/wn分割/v控制/v等/udeng办法/n，/wd使/v当地/s生态/n环境/n恶化/vi的/ude1趋势/n得到/v彻底/ad控制/v，/wd并/cc形成/v局部/n好转/vi的/ude1局面/n。/wj
在/p经济/n发展/vn过程/n中/f，/wd鄂尔多斯/nsf提出/v了/ule高/a起点/n、/wn高/a科技/n、/wn高/a产业链/n、/wn高/a附加值/n、/wn高度/n节能/vn环保/n的/ude1总体/n发展/vn思路/n，/wd着力/vd推进/vi循环/vn经济/n，/wd一/m批/q新型/b的/ude1工业/n园区/n应运而生/vl；/wf为了/p满足/v城市/n发展/vn的/ude1需要/n，/wd在/p离/v老/a城/n20/m公里/q的/ude1荒地/n上/f规划/n建设/vn新/a城/n，/wd新/a城/n的/ude1规划/n也/d体现/v了/ule尊重/v自然/n、/wn保护/vn生态/n的/ude1发展/vn理念/n。/wj
结语/n：/wp采集/v人/n：/wp王宗华/nr11月/t19日/t，/wd第九/m届/q北京/ns国际/n汽车/n展览会/n在/p北京/ns国际/n展览/vn中心/n开幕/vi。/wj
采访/v中/b记者/n了解/v到/v，/wd在/p这/rzv一/m届/q展/vg会上/t，/wd国内/s厂商/n推出/v的/ude1一/m系列/q拥有/v自主/vn知识/n产权/n的/ude1新/a车/n、/wn概念/n车/n表现/v不俗/a，/wd吸引/v了/ule许多/m人/n的/ude1目光/n。/wj
记者/n注意/v到/v，/wd本次/r车/n展/ng上/f的/ude1国产/b品牌/n首发/v新/a车/n一/d改/v过去/t简单/ad抄袭/v模仿/v的/ude1特点/n，/wd大多/d采用/v了/ule国内外/s最/d先进/a的/ude1技术/n。/wj
在/p展/vg会上/t，/wd长城/ns汽车/n公司/n推出/v的/ude1长城/ns赛/v羚/ng房/n车/n引起/v了/ule经过/p它/rr旁边/f的/ude1观众/n的/ude1注意/vn。/wj
记者/n看到/v，/wd该/rz款/n车/n不仅/c设计/v紧凑/a，/wd而且/c车/n内/f日用/b家具/n、/wn家电/n一应俱全/vl，/wd非常/d适合/v休闲/vn旅游/vn。/wj
东风汽车公司/nt推出/v的/ude1轿/ng跑车/n采用/v了/ule许多/m先进/a制造/vn技术/n，/wd并且/c具有/v自主/vn知识/n产权/n，/wd许多/m业内人士/n给予/vx了/ule很/d高/a评价/vn。/wj
