对于/p此次/rz出国/vn旅游/vn，/wd区/n教委/n副/b主任/n解释/v说/v是/vshi为了/p考察/v教育/vn，/wd而/cc旅行团/n的/ude1其他/rzv成员/n则/d告诉/v记者/n，/wd他们/rr根本/d没有/d考察/v国外/s教育/vn。/wj
记者/n采访/vn后/f，/wd濮阳市/ns纪检委/n初步/d调查/v认为/v，/wd危/ag改/v小组/n公款/n旅游/vn使用/vn的/ude1是/vshi教育/v专项/b经费/n，/wd并/cc已/d着手/v追缴/v。/wj
结语/n：/wp采集/v人/n：/wp王宗华/nr11月/t25/m至/p26日/t，/wd黑龙江/ns、/wn云南/ns、/wn山西/ns三/m家/q煤矿/n先后/d发生/v矿/n难/a。/wj
国家/n安全/an生产/vn监督/vn管理/vn总局/n局长/n李毅中/nr、/wn国家/n煤矿/n安全/an监察/vn局/qv局长/n赵铁锤/nr对/p此/rzs高度/d重视/v。/wj
赵铁锤/nr率/v国务院/nt工作组/n赶赴/v云南省/ns昌/ag源/ng煤矿/n现场/s进行/vx处理/vn。/wj
25日/t13时/t50分/t左右/f，/wd黑龙江/ns远华/nz煤矿/n发生/v瓦斯/n爆炸/vn事故/n，/wd截至/v28日/t，/wd25/m名/q矿工/n遇难/vi，/wd2/m人/n生死/n未/d卜/vg。/wj
就/d在/p远华/nz煤矿/n发生/v爆炸/vn后/f三/m个/q小时/n，/wd云南/ns私营/b煤矿/n昌/ag源/ng煤矿/n发生/v特大/b瓦斯/n爆炸/vn事故/n，/wd造成/v32/m死/v28/m伤/n，/wd国家/n煤矿/n安全/an监察/vn局/qv局长/n赵铁锤/nr率/v国务院/nt工作组/n赶赴/v现场/s。/wj
26日/t18时/t左右/f，/wd山西省/ns芦苇/n滩/ng煤矿/n发生/v瓦斯/n爆炸/vn事故/n，/wd共/d造成/v24/m人/n死亡/vi。/wj
回顾/v两/m天/qt内/f接连/d发生/v的/ude1三/m起/q矿/n难/a事故/n，/wd不/d难/ad发现/v惊人/a的/ude1相似/a之/uzhi处/n：/wp首先/d三/m起/q矿/n难/ad发生/v前/f都/d出现/v了/ule井/n下/f停电/vi现象/n，/wd按照/p规定/n遇到/v这样/rzv的/ude1情况/n恢复/v供电/vi后/f井/n下/f应该/v停止/v生产/vn，/wd但是/c三/m家/q企业/n都/d让/v矿工/n自行/d处理/v，/wd最终/d导致/v瓦斯/n爆炸/vn事故/n的/ude1发生/vn。/wj
其次/c，/wd三/m家/q煤矿/n都/d是/vshi属于/v已/d关闭/v的/ude1矿井/n或/c停产/vi整顿/v矿井/n，/wd都/d是/vshi擅自/d违法/vd恢复/v生产/vn的/ude1。/wj
国家/n安全/an生产/vn监督/vn管理/vn总局/n局长/n李毅中/nr指出/v，/wd违法/vd生产/v的/ude1背后/f暴露/v出/vf个别/a地方/n在/p落实/v国家/n整顿/v落后/a小/a煤矿/n工作/vn中/f不/d听/v招呼/v，/wd上/f有/vyou政策/n，/wd下/f有/vyou对策/n。/wj
事实/n再/d一/m次/qv告诫/v我们/rr，/wd非法/d和/cc违法/vn煤矿/n的/ude1生产/vn必然/d导致/v矿/n难/a，/wd而/cc造成/v这些/rz矿/n难/ad频频/d发生/v的/ude1根源/n，/wd决不/d仅仅/d是/vshi安全/a措施/n的/ude1问题/n。/wj
这些/rz矿主/n之所以/c敢于/v要/v钱/n不/d要/v命/n挑战/vn国家/n的/ude1法律/n，/wd关键/n在于/v有/vyou当地/s政府/n的/ude1纵容/vn。/wj
结语/n：/wp采集/v人/n：/wp王宗华/nr11月/t27日/t，/wd第九/m届/q北京/ns国际/n汽车/n展览会/n圆满/ad落幕/vi。/wj
展/vg会上/t的/ude1国产/b自主/vn品牌/n车/n展现/v出/vf的/ude1实力/n令/v人/n感到/v自豪/an，/wd但/c由于/p中国/ns加入/vWTO/x后/f享受/v的/ude15/m年/qt保护/v即将/d期满/vi，/wd因此/c如何/ryv整合/v国内/s汽车/n优势/n，/wd应/v对/p日益/d激烈/a的/ude1市场/n竞争/vn，/wd是/vshi摆/v在/p国产/b自主/vn品牌/n面前/f的/ude1一个/mq大/a课题/n。/wj
改革/v开放/v以来/f，/wd特别/d是/vshi近/a几/m年/qt来/f，/wd我国/n汽车业/n经历/v了/ule巨大/a变革/vn。/wj
20/m年/qt前/f，/wd中国/ns汽车/n制造业/n和/cc国外/s先进/a水平/n存在/v着/uzhe巨大/a差距/n。/wj
但/c随着/p中国/ns经济/n的/ude1快速/b发展/vn，/wd中国/ns汽车/n产业/n从/p引进/v消化/v中/f不断/d自我/rr发展/v、/wn完善/v。/wj
国产/b自主/vn品牌/n从/p低/a端/v市场/n入手/vi，/wd逐步/d站稳/v脚跟/n，/wd占据/v一席之地/nl。/wj
在/p本次/r北京/ns车/n展/ng上/f，/wd人们/n兴奋/a地/ude2看到/v奇瑞/nz、/wn一汽/n、/wn长丰/ns等/udeng企业/n纷纷/d推出/v了/ule一/m系列/q令/v人/n眼前/s一/m亮/a的/ude1国产/b车型/n。/wj
值得/v注意/v的/ude1是/vshi，/wd在/p中国/ns汽车/n产业/n快速/d崛起/v的/ude1同时/n，/wd国外/s汽车/n厂商/n对/p中国/ns市场/n的/ude1开拓/vn力度/n也/d迅速/ad加大/v。/wj
在/p本次/r车/n展/ng上/f，/wd它们/rr不仅/c推出/v了/ule十/m辆/q全球/n首/m发车/vn和/cc许多/m高/a端/v概念/n车/n，/wd还/d纷纷/d推出/v许多/m在/p国外/s比较/d成功/a的/ude1中/f低/ad端/v车型/n。/wj
毫无疑问/dl，/wd未来/t中国/ns市场/n的/ude1竞争/vn将/d越来越/d大/a。/wj
有关/vn人士/n表示/v，/wd为了/p积极/ad应对/v，/wd中国/ns汽车/n工业/n务必/d形成/v合力/n优势/n，/wd打造/v良好/a的/ude1政策/n环境/n、/wn市场/n环境/n以及/cc高效/b的/ude1研发/v体系/n。/wj
据/p权威/n预测/vn，/wd在/p未来/t三/m到/v五/m年/qt内/f，/wd中国/ns汽车/n市场/n自主/vn品牌/n的/ude1汽车/n将/d占据/v半壁江山/nl。/wj
详细/a内容/n演播室/n主持人/n翟树杰/nr：/wp11月/t21日/t《/wkz焦点/n访谈/vn》/wky播出/v“/wyz治/v污/ag何以/d致/v污/ag”/wyy，/wd节目/n对/p中海/nz浚/ng13/m号/q船舶/n油污/n污染/v滇池/ns事件/n进行/vx了/ule报道/v。/wj
节目/n播出/v期间/f，/wd昆明市/ns长/v王文涛/nr就/d对/p有关/vn部门/n做出/v了/ule防止/v类似/a事情/n再次/d发生/v的/ude1指示/n和/cc安排/vn。/wj
滇池/ns管理局/n连夜/d召开/v会议/n，/wd决定/v对/p所有/b入/v湖/n、/wn入/v河/n船舶/n进行/vx拉网式/n的/ude1检查/vn，/wd对/p存在/v污染/vn隐患/n、/wn不/d符合/v准入/vn条件/n的/ude1船舶/n一律/d撤出/v河道/n和/cc滇池/ns水体/n，/wd加快/v推进/vi严格/ad控制/v燃油/n机动船/n舶/ng污染/v防治/vn工作/vn；/wf从/p明年/t起/f在/p滇池/ns水域/n全面/ad禁止/v燃油/n营运/vn机动/b船舶/n，/wd清理/v整顿/v高/a污染/vn船舶/n，/wd并/cc尽快/d出台/vi滇池/ns新型/b环保/n船舶/n准入/vn标准/n及/cc船舶/n的/ude1管理/vn办法/n。/wj
下面/f是/vshi今天/t的/ude1节目/n。/wj
11月/t27/m号/q，/wd热闹/a火爆/a的/ude1第九/m届/q北京/ns国际/n车/n展/vg结束/v了/y。/wj
据/p统计/v，/wd本届/r车/n展/vg参展/vi的/ude1车辆/n达到/v572/m辆/q，/wd参观/v人数/n超过/v60万/m人次/qv，/wd创下/v了/ule国内/s车/n展/ng的/ude1新/a纪录/n。/wj
本届/r车/n展/vg不仅/c云集/v了/ule全球/n各/rz大/a知名/a品牌/n的/ude1汽车/n，/wd而且/c具有/v自主/vn知识/n产权/n的/ude1国产/b品牌/n汽车/n更/d是/vshi大放异彩/vl。/wj
在/p看到/v国产/b自主/vn品牌/n汽车/n进步/vn的/ude1同时/n，/wd我们/rr也/d看到/v了/ule与/p国际/n知名/a品牌/n汽车/n之间/f的/ude1差距/n，/wd这/rzv让/v许多/m关心/v国产/b自主/vn品牌/n汽车/n发展/vn的/ude1人们/n，/wd都/d感受/v到/v了/ule一/m种/q紧迫感/n和/cc责任感/n。/wj
11月/t27/m号/q，/wd第九/m届/q北京/ns国际/n汽车/n展览会/n圆满/a地/ude2画/v上/vf了/ule句号/n。/wj
眼下/t车/n展/vg虽然/c结束/v，/wd但/c展/vg会上/t国产/b自主/vn品牌/n汽车/n还/d是/vshi给/p许多/m人/n留下/v了/ule深刻/a的/ude1印象/n。/wj
参观者/n：/wp我/rr觉得/v自主/vi的/ude1车/n它/rr的/ude1性能/n，/wd还/d有/vyou它/rr的/ude1设计/vn的/ude1理念/n，/wd我/rr觉得/v比/p以前/f好/a多/a了/y。/wj
参观者/n：/wp如果/c是/vshi作为/p国产/b自主/vn品牌/n的/ude1话/n，/wd我/rr觉得/v非常/d有/vyou前景/n。/wj
改革/v开放/v以来/f，/wd中国/ns汽车业/n的/ude1发展/vn经历/n了/ule巨大/a的/ude1变革/vn。/wj
20/m年/qt前/f，/wd中国/ns汽车/n制造业/n和/cc国外/s先进/a水平/n还/d有着/v巨大/a的/ude1差距/n，/wd而/cc此后/t，/wd特别/d是/vshi近/a几/m年/qt，/wd随着/p中国/ns经济/n的/ude1快速/b提升/vn，/wd中国/ns汽车/n产业/n从/p引进/v消化/v中/f开始/v了/ule自己/rr的/ude1发展/vn。/wj
国产/b自主/vn品牌/n从/p低/a端/v市场/n入手/vi，/wd不仅/c逐步/d站稳/v了/ule脚跟/n，/wd更/d在/p加入/v世界贸易组织/nt以后/f，/wd在/p日益/d激烈/a的/ude1市场/n竞争/vn中/f取得/v了/ule让/v世界/n瞩目/vi的/ude1成绩/n。/wj
吴迎春/nr汽车/n行业/n研究/vn专家/n：/wp有/vyou两/m个/q数字/n必须/d要/v让/v大家/rr来/vf领会/v，/wd第一/m，/wd中国/ns汽车/n市场/n目前/t的/ude1增长/vn速度/n非常/d快/a，/wd我们/rr想/v今年/t或者/c明年/t，/wd很快/d就/d能/v成为/v世界/n上/f第二/m大/a市场/n；/wf第二/m，/wd我们/rr还要/d看到/v一个/mq数字/n，/wd就/d是/vshi今年/t一/d到/v十月份/t，/wd自主/vn品牌/n市场/n的/ude1占有率/n已经/d达到/v了/ule27％/m左右/m，/wd已经/d占据/v了/ule第一/m位/q，/wd第二/m位/q是/vshi日本/nsf汽车/n，/wd然后/c是/vshi德国/nsf汽车/n、/wn美国/nsf汽车/n，/wd这个/rz数字/n是/vshi非常/d惊人/a的/ude1。/wj
