运动员/n：/wp很/d平静/a啊/y，/wd争取/v每/rz一/m场/qv的/ude1胜利/vn。/wj
刘鹏/nr国家/n体育/n总局/n局长/n、/wn中国/ns体育/n代表团/n团长/n：/wp大家/rr知/v不/d知道/v，/wd中国/ns代表团/n有/vyou167/m位/q运动员/n是/vshi参加/v过/uguo奥运会/n的/ude1，/wd而且/c其中/rz还有/v32/m位/q是/vshi奥运/n冠军/n，/wd何况/c亚运会/n的/ude1很多/m项目/n，/wd实际上/d是/vshi代表/n了/ule世界/n水平/n的/ude1，/wd比方/v说/v乒乓球/n、/wn羽毛球/n、/wn跆拳道/n、/wn柔道/n等等/udeng项目/n，/wd都/d是/vshi世界/n顶尖/b选手/n的/ude1竞争/vn和/cc汇集/v。/wj
同时/c我们/rr这/rzv次/qv派出/v的/ude1人员/n年轻/a的/ude1选手/n也/d比较/d多/a，/wd我们/rr希望/v年轻/a的/ude1选手/n在/p世界/n大赛/vn当中/f经受/v磨砺/vn，/wd增加/v经验/n。/wj
演播室/n主持人/n翟树杰/nr：/wp在/p今天/t下午/t结束/v的/ude1男子/n十/m米/q气/n步枪/n的/ude1团体赛/n中/f，/wd中国/ns的/ude1三/m员/q虎将/n：/wp朱启南/nr、/wn刘天佑/nr和/cc李杰/nr全力/d出击/vi，/wd力/n压/v劲敌/n，/wd为/p中国/ns代表团/n摘取/v了/ule本次/r亚运会/n的/ude1首/m枚/q金牌/n，/wd同时/c，/wd他们/rr也/d为/p中国/ns代表团/n在/p本/rz届/q亚运会/n的/ude1拼搏/vn之/uzhi旅/ng开/v了/ule个/q好头/n。/wj
记者/n在/p多哈/nsf采访/v的/ude1时候/n看到/v，/wd中国/ns代表团/n的/ude1队员/n们/k个个/q摩拳擦掌/vl，/wd信心/n十足/z，/wd虽说/c是/vshi中国/ns体育/n军团/n在/p亚洲/ns的/ude1老/a大/a位置/n没有/v人/n可以/v撼动/v，/wd然而/c作为/p北京/ns奥运会/n前/f的/ude1唯/d一一/d次/qv大型/b的/ude1综合性/n运动会/n，/wd我们/rr还/d是/vshi希望/v中国/ns的/ude1运动/vn健儿/n在/p多哈/nsf比/p出/vf水平/n、/wn创造/v佳绩/n，/wd为/p2008年/t做好/v准备/vn。/wj
结语/n：/wp采集/v人/n：/wp王宗华/nr一个/mq月/n多/m前/f正是/v芹菜/n收割/v的/ude1季节/n，/wd但是/c陕西/ns西安/ns阎良区/ns不少/m菜农/n却/d将/p自家/rr种/v的/ude1芹菜/n用/p拖拉机/n搅/v烂/v在/p地/n里/f。/wj
类似/a的/ude1情况/n也/d发生/v在/p山西/ns运城/ns、/wn北京/ns大兴区/ns，/wd所/usuo不同/a的/ude1是/vshi，/wd芹菜/n换/v成/v了/ule西瓜/n和/cc白菜/n。/wj
这/rzv究竟/d是/vshi为什么/ryv呢/y？/ww
据/p调查/vn，/wd今年/t阎良区/ns的/ude1芹菜/n种植/vn面积/n猛增/v，/wd总数/n为/p21000/m亩/q，/wd而/cc去年/t仅/d为/v13000/m亩/q。/wj
吸引/v大量/m农户/n种植/vn芹菜/n的/ude1主要/b原因/n是/vshi去年/t芹菜/n价格/n较/d高/a。/wj
但是/c到/v了/ule今年/t，/wd由于/c芹菜/n产量/n剧增/vi，/wd供大于求/vl，/wd导致/v今年/t芹菜/n的/ude1价格/n猛跌/vi。/wj
一/m斤/q芹菜/n收购价/n仅/d为/p5分/t钱/n，/wd而/cc收割/vn芹菜/n的/ude1费用/n却/d在/p这/rzv之上/f。/wj
无奈/d之下/f，/wd菜农/n只能/v忍痛/d毁掉/v芹菜/n。/wj
离/p阎良区/ns不到/v30/m公里/q的/ude1三原县/ns，/wd大量/m囤积/v的/ude1菜花/n也/d成/v了/ule当地/s农民/n的/ude1一/m块/q心病/n。/wj
大部分/m菜花/n的/ude1售价/n仅/d为/p四五分/t钱/n一/m斤/q。/wj
原因/n也/d是/vshi一样/a―/n―/n菜花/n太/d多/a。/wj
去年/t的/ude1这个/rz时候/n，/wd每天/r菜花/n的/ude1成交量/n只/d有/vyou二三十万/m公斤/q，/wd而/cc今年/t的/ude1日/b成交量/n激增/vi到/v100万/m公斤/q以上/f。/wj
调查/v发现/v，/wd虽然/c我国/n农村/n经济/n正/d迅速/ad由/p计划经济/n向/p市场经济/n转变/vn，/wd但是/c农民/n种地/vi却/d没有/v根据/p市场/n的/ude1变化/vn做/v相应/vd调整/v。/wj
缺乏/v市场/n信息/n和/cc强有力/bl的/ude1行业/n合作/vn组织/n是/vshi农民/n盲目/ad种植/v的/ude1重要/a原因/n。/wj
许多/m农村/n根本/d不/d具备/v专业/n合作/vn组织/n，/wd大多数/m农民/n在/p市场/n竞争/vn中/f，/wd只能/v是/vshi一/m家/q一/m户/q地/n单打/n独/d斗/v。/wj
专家/n表示/v，/wd农民/n必须/d适应/v市场/n，/wd形成/v行业/n协会/n等/udeng组织/n体系/n，/wd以/p组织/n的/ude1身份/n进入/v市场/n才/d能/v丰产/vn增收/vn，/wd许多/m农民/n也/d表达/v了/ule这样/rzv的/ude1愿望/n。/wj
这/rzv也/d是/vshi许多/m发达国家/nl的/ude1成功/a经验/n。/wj
但是/c，/wd我国/n目前/t尚/d没有/v广泛/ad建立/v这样/rzv的/ude1合作/vn组织/n，/wd相关/vi的/ude1市场/n预警/vn体系/n也/d没有/d建立/v起来/vf。/wj
详细/a内容/n演播室/n主持人/n翟树杰/nr：/wp11月/t14日/t，/wd《/wkz焦点/n访谈/vn》/wky播出/v《/wkz追踪/v陈/nr1化/v粮/n》/wky节目/n，/wd报道/v了/ule大量/m陈/nr1化/v粮/n从/p吉林省/ns长春市/ns的/ude1万顺/nz华/b饲料/n有限公司/n流向/v辽宁省/ns沈阳市/ns辽中县/ns杨/nr1士/ng港/n镇/n的/ude1星辰/n粮/n谷/ng加工厂/n。/wj
节目/n播出/v以后/f，/wd辽宁省/ns沈阳市/ns质量/n技术/n监督/vn部门/n迅速/ad赶赴/v星辰/n粮/n谷/ng加工厂/n展开/v调查/vn，/wd对/p现场/s库存/n的/ude1陈/nr1化/v粮/n进行/vx封存/vi，/wd同时/c责成/v该/rz企业/n尽可能/d追/v回/qv已经/d售出/v的/ude111./m4/m吨/q大米/n。/wj
吉林省/ns质/ng监/vg局/n在/p节目/n播出/v后/f，/wd立即/d在/p全省/n的/ude1范围/n内/f开展/v大米/n生产/vn加工/vn企业/n的/ude1专项/b检查/vn，/wd对/p涉嫌/v使用/v陈/nr1化/v粮/n加工/vn大米/n的/ude1依法/d进行/vx处理/vn。/wj
国家/n质/ng监/vg总局/n将/d继续/v跟踪/v辽宁/ns、/wn吉林/ns两/m省/n对/p该/rz事件/n的/ude1调查/vn，/wd并/cc督促/v两/m省/n质/ng监/vg部门/n适时/ad组织/v对/p大米/n、/wn陈/nr1化/v粮/n开展/v专项/b国家/n产品/n质量/n监督/vn抽查/vn。/wj
对于/p那些/rz在/p田/n时/ng地头/s辛勤/ad劳作/vi的/ude1农民/n来说/uls，/wd最/d盼望/v的/ude1事/n莫过于/vl在/p收获/n的/ude1时节/n能/v有/vyou个/q好/a年景/n。/wj
丰收/vi对于/p农民/n来说/uls是/vshi件/q高兴/a的/ude1事/n，/wd然而/c今天/t我们/rr节目/n中/f所/usuo讲述/v的/ude1这些/rz农民/n，/wd当/p他们/rr面对/v丰收/vi的/ude1时候/n却/d怎么/ryv也/d笑/v不/d出来/vf。/wj
[/wkz焦点/n访谈/vn]/wky让/v丰收/vi无/v后顾之忧/nl亚运/n独家/d直播/v无线/b亚运/n--------------------------------------------------------------------------------/wp央/vg视/vg国际/nwww./xcctv./xcom2006/x年/qt12月/t03日/t19:21/m来源/n：/wpCCTV./xcom/x这/rzv是/vshi一个/mq月/n前/f在/p西安/ns的/ude1芹菜/n地/n里/f经常/d出现/v的/ude1情景/n，/wd菜农/n开/v着/uzhe拖拉机/n并/cc不/d是/vshi在/p收割/v，/wd而是/c直接/ad将/d成熟/a的/ude1芹菜/n绞/v烂/v在/p地/n里/f。/wj
这/rzv是/vshi半/m个/q月/n前/f在/p北京/ns郊区/s的/ude1白/a菜地/n里/f随处可见/vl的/ude1景象/n，/wd大片/n的/ude1大白菜/n成熟/a了/ule却/d没有/v人/n收割/vn，/wd任/v由/p其/rz变质/vi、/wn腐烂/vi。/wj
今年/t夏天/t，/wd类似/a的/ude1情况/n也/d发生/v在/p山西/ns，/wd成/v吨/q的/ude1西瓜/n被/pbei瓜农/n倾倒/vi进/vf垃圾场/n。/wj
今年/t在/p我国/n的/ude1农村/n经济/n领域/n，/wd一连串/al的/ude1相关/vn事件/n使/v人们/n不由得/d发出/v疑问/n，/wd是/vshi什么/ry使得/vi农民/n亲手/d毁掉/v自己/rr的/ude1劳动/vn成果/n？/ww
而/cc相同/a的/ude1情况/n又/d为什么/ryv频频/d发生/v呢/y？/ww
老王/nr是/vshi西安市/ns阎良区/ns杨/nr1居/v村/n的/ude1村民/n。/wj
一个/mq月/n前/f，/wd老王/nr租/v了/ule一/m辆/q翻/v土/n机/ng，/wd将/p自己/rr刚刚/d成熟/a的/ude1三/m亩/q芹菜/n亲手/d毁/v掉/v。/wj
至今/d，/wd老王/nr的/ude1地/n里/f依然/d随处可见/vl破碎/v的/ude1芹菜/n茎/n叶/ng。/wj
记者/n：/wp干/v嘛/y一定/d非得/d给/p它/rr犁/v掉/v呢/y？/ww
王洪波/nr陕西省/ns西安市/ns阎良区/ns杨/nr1居/v村/n村民/n：/wp不/d犁/v也/d不行/a，/wd芹菜/n不/d值钱/a。/wj
你/rr像/v这/rzv六十五/m公分/q超长/b的/ude1菜/n，/wd大菜/n五分/t。/wj
记者/n：/wp五分/t钱/n一/m斤/q？/ww
王洪波/nr：/wp五分/t钱/n一/m斤/q。/wj
算/v下来/vf就/d没/v一点/mq经济效益/n了/y，/wd没/d一点/mq效益/n了/y。/wj
记者/n：/wp怎么/ryv没/v效益/n呢/y？/ww
王洪波/nr：/wp因为/c采/v菜/n的/ude1人工/b费/n四分/t（/wkz一/m斤/q）/wky，/wd记者/n：/wp人工/b费/n，/wd就是/v你/rr要/v雇/v人/n到/v这里/rzs来/vf帮/v你/rr？/ww
王洪波/nr：/wp对/v。/wj
采/v菜/n要/v四分/t。/wj
记者/n：/wp一/m斤/q菜/n就/p四分/t？/ww
王洪波/nr：/wp对/p，/wd四分/t钱/n。/wj
你/rr这个/rz还有/v绳子/n，/wd再/d一个/mq还有/v一个/mq是/vshi叫/vi一些/mq群众/n都/d来/vf给/v帮忙/vi，/wd有些/rz帮忙/vi的/ude1男/b同志/n给/p你/rr搬/v菜/n什么/ry的/ude1，/wd你/rr还/d得/ude3管/v顿/qv饭/n，/wd人家/rr也/d不要/d工资/n，/wd给/p你/rr管/v一/m顿/qv，/wd管/v一/m顿/qv饭/n你/rr也/d要/v花钱/vi。/wj
