同样/d是/vshi在/p11月/t22/m号/q，/wd家/n住/vi北京市/ns西城区/ns陈金方/nr和/cc戴天宇/nr母子/n俩/m也/d遭遇/v了/ule煤气/n中毒/vi。/wj
记者/n：/wp您/rr意识/n到/v自己/rr是/vshi煤气/n中毒/vi的/ude1时候/n，/wd你/rr当时/t身体/n是/vshi一个/mq什么样/ryv的/ude1反应/vn？/ww
陈金方/nr：/wp就/d是/vshi头疼/a，/wd浑身/n出/vf虚汗/n，/wd浑身/n都/d是/vshi汗/n，/wd然后/c也/d没有/v劲/ag，/wd我/rr就/d感觉/v到/v肯定/d是/vshi煤气/n中毒/vi了/y。/wj
记者/n：/wp那/rzv你/rr呢/y？/ww
当时/t是/vshi一个/mq什么/ry感觉/n？/ww
戴天宇/nr陈金方/nr的/ude1儿子/n：/wp脚/n底下/f站/vi不/d稳/a，/wd你/rr想/v站稳/v了/ule可/v是/vshi站/n不/d稳/a。/wj
在/p陈金方/nr和/cc戴天宇/nr母子/n俩/m就医/vi的/ude1海军/n总/b医院/n高压氧/n科/n记者/n看到/v，/wd在/p这里/rzs因/p煤气/n中毒/vn而/cc接受/v治疗/v的/ude1患者/n并/cc不/d只/d这/rzv母子/n二/m人/n。/wj
潘晓雯/nr中国人民解放军/nt海军/n总/b医院/n全军/n高压氧/n中心/n：/wp这/rzv几/m点/qt我们/rr一氧化碳/n中毒/vi的/ude1病人/n天天/q都/d有/vyou，/wd像/p这个/rz舱/n、/wn这个/rz舱/n，/wd每个/r舱/n都/d有/vyou，/wd有的/rz时候/n一个/mq家/n好/a几/m口/q。/wj
记者/n：/wp现在/t我们/rr在/p这/rzv屏幕/n上/f都/d能/v看到/v。/wj
潘晓雯/nr：/wp都/d能/v看到/v，/wd早晨/t有/vyou、/wn中午/t有/vyou、/wn夜里/t有/vyou。/wj
据/p北京市/ns急救/vn中心/n统计/vn，/wd今年/t入冬/vi以来/f他们/rr接到/v的/ude1煤气/n中毒/vn求救/vn电话/n已经/d达到/v了/ule140/m多/m次/qv，/wd而/cc在/p上/f一个/mq取暖/vi季/ng里/f，/wd北京市/ns因/p煤气/n中毒/vi死亡/vi的/ude1人数/n已经/d达到/v60/m多/m人/n。/wj
王/nr1雪里红/n北京市/ns急救/vn中心/n调度/vn科/n主任/n：/wp一氧化碳/n中毒/vi的/ude1大多数/m发生/v在/p城乡/n接合部/n，/wd还有/v城区/n人口/n比较/d密集/a的/ude1平房/n区/n，/wd用/p煤炉/n取暖/vi的/ude1地区/n发生/v比较/d多/a，/wd建筑/n工地/n的/ude1临时/b住房/n，/wd还有/v流动/vn人口/n租/v住/vi的/ude1房屋/n，/wd这些/rz地区/n发生/v的/ude1比较/d多/a。/wj
不仅仅/d是/vshi在/p北京/ns，/wd近年来/dl，/wd在/p全国/n很多/m地区/n都/d发生/v过/uguo因/p使用/v煤炉/n采暖/vn不当/a导致/v的/ude1煤气/n中毒/vn事件/n。/wj
今年/t2月/t12/m号/q到/v22/m号/q十/m天/qt里/f，/wd黑龙江省/ns牡丹江市/ns区/n发生/v一氧化碳/n中毒/vn病例/n就/d达/v112/m例/q，/wd14/m人/n死亡/vi。/wj
2月/t13日/t，/wd吉林省/ns延边朝鲜族自治州/ns发生/v集体/n煤气/n中毒/vn事件/n，/wd291/m名/q患者/n入院/vn治疗/vn，/wd16/m人/n死亡/vi。/wj
2月/t14日/t，/wd安徽省/ns合肥市/ns也/d发生/v多/m起/q一氧化碳/n中毒/vn病例/n，/wd80/m多/m人/n入院/vn治疗/vn，/wd3/m人/n死亡/vi。/wj
据/p统计/v，/wd去年/t冬天/t至/p今年/t春天/t，/wd全国/n至少/d有/vyou3850/m人/n煤气/n中毒/vi，/wd142/m人/n死亡/vi。/wj
针对/p这种/r情况/n，/wd全国/n各地/rzs都/d纷纷/d采取/v措施/n预防/vn煤气/n中毒/vn事件/n的/ude1发生/vn，/wd连日来/dl在/p北京市/ns记者/n看到/v，/wd公安局/n治安/n管理/vn总队/n民警/n和/cc辖区/n民警/n深入/ad到/v每个/r使用/vn采暖/vn炉/ng的/ude1家庭/n中/f检查/v炉子/n的/ude1使用/vn是否/v得当/a。/wj
魏学民/nr北京/ns市/n公安局/n治安/n管理/vn总队/n公共/b秩序/n管理处/n：/wp你/rr看/v这个/rz炉子/n，/wd这个/rz炉子/n这/rzv里面/f，/wd如果/c说/v不/d经常/d掏/v的话/udh，/wd这块/r堵/v死/a的/ude1，/wd然后/c烟/n排/v不/d出去/vf就/d容易/ad出现/v煤气/n中毒/vi，/wd另外/c烟囱/n的/ude1装/v法/n也/d有/vyou说/v法/b的/ude1，/wd必须/d是/vshi底下/f的/ude1茬/qv进/vf上面/f这/rzv茬/qv里面/f，/wd也就是说/vl这么/rz上去/vf，/wd别/d这个/rz烟囱/n套/q这个/rz烟囱/n，/wd这样/rzv也/d容易/ad漏风/vi，/wd容易/ad出现/v问题/n，/wd然后/c还有/v就/d是/vshi说/v像/p这个/rz，/wd都/d给/v缠/v上/vf了/y，/wd缠/v上/f之后/f密封/v会/v更/d严/a一点/mq，/wd这/rzv是/vshi烟囱/n的/ude1问题/n。/wj
记者/n：/wp如果/c不/d缠/v的话/udh，/wd这个/rz口子/n都/d可能/v会/v漏/v。/wj
魏学民/nr：/wp也/d可能/v会/v漏风/vi，/wd假如/c稍微/d一/m强风/n的话/udh，/wd可能/v会/v漏/v出来/vf。/wj
在/p挨家挨户/dl的/ude1检查/vn中/f，/wd民警/n们/k做/v的/ude1很/d重要/a的/ude1一/m件/q事/n就/d是/vshi动员/v取暖/vi户/ng把/pba用于/v烧/vi土/b暖气/n的/ude1炉子/n从/p室内/s挪/v到/v室外/s。/wj
汪小东/nr北京/ns市/n公安局/n东城/ns分局/n民警/n：/wp最近/t几/m年/qt我们/rr发生/v的/ude1很/d多/m起/q煤气/n中毒/vn事故/n，/wd也/d都/d是/vshi由于/p这种/r土/n暖气/n（/wkz炉子/n）/wky在/p室内/s安装/v所/usuo引发/v的/ude1，/wd从/p去年/t开始/v，/wd我们/rr就/d开始/v动员/v居民/n将/p土/b暖气/n（/wkz炉子/n）/wky尽量/d挪/v出/vf室外/s，/wd从/p现在/t目前/t情况/n看/v，/wd我们/rr区/n现在/t有/vyou60％/m的/ude1居民/n已经/d都/d将/p土/b暖气/n（/wkz炉子/n）/wky变成/v这种/r情况/n了/y，/wd就是/d挪/v出/vf室外/s了/y。/wj
记者/n：/wp大娘/n，/wd这/rzv是/vshi您/rr家/n的/ude1炉子/n，/wd是/vshi吗/y？/ww
杜敏/nr北京市/ns东城区/ns居民/n：/wp对/v。/wj
记者/n：/wp屋里/s冷/a吗/y？/ww
杜敏/nr：/wp不/d冷/a，/wd不/d冷/a，/wd您/rr请/v进/vf。/wj
记者/n：/wp你/rr这/rzv屋里/s还/d真/d是/vshi挺/d暖和/a的/ude1。/wj
杜敏/nr：/wp还/d行/vi。/wj
记者/n：/wp这个/rz炉子/n设/v在/p外面/f的/ude1话/n，/wd确实/ad能够/v预防/v煤气/n中毒/vi。/wj
杜敏/nr：/wp绝对/d能/v预防/v，/wd而且/c屋里/s也/d干净/a，/wd原来/d那个/rz炉子/n又/d添/v火/n又/d封火/v的/ude1，/wd也/d干净/a，/wd而且/c房间/n也/d大/a了/y。/wj
在/p这/rzv位/q杜/nr1大娘/n的/ude1隔壁/s，/wd住/vi着/uzhe70/m多/m岁/qt的/ude1李/nr1大爷/n和/cc李/nr1大娘/n老两口/n，/wd以前/f他们/rr家/n的/ude1土/n暖气/n的/ude1炉子/n也/d是/vshi装/v在/p屋子/n里/f的/ude1，/wd以为/v这样/rzv做/v才/d能/v保证/v温度/n，/wd可/c就是/v这样/rzv的/ude1一个/mq做法/n让/v老两口/n多次/mq煤气/n中毒/vi。/wj
记者/n：/wp熏/v过/uguo几/m次/qv？/ww
北京市/ns东城区/ns居民/n：/wp熏/v过/uguo好几/m次/qv，/wd五六/m次/qv，/wd一/m冬天/t五六/m次/qv。/wj
辖区/n民警/n发现/v这个/rz问题/n后/f，/wd动员/v老两口/n把/pba炉子/n挪/v到/v卧室/n外/f，/wd此后/t，/wd老两口/n确实/ad也/d没有/d再/d遭遇/v过/uguo煤气/n中毒/vi，/wd但是/c民警/n多/m次/qv检查/vn后/f又/d发现/v了/ule一个/mq新/a的/ude1隐患/n。/wj
汪小东/nr：/wp从/p我们/rr检查/v的/ude1情况/n看/v，/wd虽然/c现在/t装/v在/p厨房/n里/f，/wd由于/c厨房/n和/cc房间/n是/vshi连通/v的/ude1，/wd有/vyou窗户/n还有/v缝隙/n，/wd还是/c有/vyou发生/v煤气/n中毒/vi的/ude1可能/n。/wj
为了/p解决/v这个/rz问题/n，/wd民警/n们/k帮助/v老人/n在/p窗户/n上/f安装/v了/ule一个/mq风斗/n，/wd安装/v风斗/n是/vshi北京市/ns居民/n预防/vn煤气/n中毒/vi的/ude1另/rz一个/mq办法/n。/wj
记者/n：/wp这个/rz就是/v风斗/n。/wj
魏学民/nr：/wp对/p，/wd这/rzv就/d叫/vi风斗/n。/wj
记者/n：/wp就/d是/vshi在/p玻璃/n上/f、/wn窗户/n上/f开/v一个/mq口/n。/wj
魏学民/nr：/wp对/p，/wd一般/a的/ude1来说/uls，/wd把/pba这块/r玻璃/n拿/v掉/v，/wd这块/r装/v一个/mq斜/a的/ude1这么/rz一个/mq斗/v，/wd如果/c说/v有/vyou一氧化碳/n煤气/n的话/udh，/wd就/d能够/v从/p这儿/rzs出去/vf。/wj
汪小东/nr：/wp安装/v风斗/n以后/f，/wd可以/v使/v室内/s的/ude1空气/n有/vyou个/q流通/vn，/wd这样/rzv就/d可以/v减低/v煤气/n中毒/vn事故/n的/ude1发生/vn，/wd现在/t交道口/ns派出所/n现在/t已经/d陆陆/m续/v续/v向/p居民/n发放/v了/ule一千/m个/q像/v这样/rzv的/ude1纸制/n的/ude1风斗/n。/wj
据/p了解/v，/wd北京市/ns共/d有/vyou煤火/n取暖/vn人口/n443万/m，/wd占/v到/v了/ule全市/n总人口/n的/ude11/m//w4/m，/wd这些/rz取暖/vi户/ng中/f，/wd外地/s来京/v人员/n又/d占/v了/ule近/a一半/m，/wd他们/rr大多数/m是/vshi租房/v居住/v，/wd而且/c其中/rz有/vyou一些/mq是/vshi南方/s人/n，/wd不/d知道/v怎样/ryv正确/ad使用/v煤炉/n取暖/vi。/wj
