各个/rz国家/n和/cc地区/n的/ude1记者/n报道/v侧重点/n不同/a，/wd但/c几乎/d都/d是/vshi围绕/v着/uzhe自己/rr代表队/n的/ude1优势/n项目/n。/wj
巴林/nsf记者/n：/wp我们/rr七/m个/q人/n来自/v巴林/nsf的/ude1不同/a报社/n，/wd每/rz一两/m个/q人/n报道/v一个/mq赛事/n，/wd我/rr和/cc我/rr的/ude1同事/n一起/s工作/vn，/wd今天/t会/v报道/v三/m个/q项目/n，/wd分别/d是/vshi保龄/nr2、/wn国际象棋/n和/cc排球/n。/wj
泰国/nsf记者/n：/wp我/rr主要/d负责/v报道/v拳击/n、/wn足球/n、/wn网球/n。/wj
作为/p奥运会/n之外/f世界/n上规模/bl最/d大/a的/ude1体育/n盛事/n，/wd除了/p来自/v亚洲/ns的/ude1媒体/n，/wd多哈/nsf亚运会/n还/d吸引/v了/ule不少/m来自/v欧/b美/b的/ude1记者/n。/wj
瑞士/nsf记者/n：/wp除了/p关注/v卡塔尔/nsf承办/v亚运会/n的/ude1情况/n，/wd我/rr还/d会/v关注/v那些/rz来自/v阿拉伯/nsf国家/n和/cc伊斯兰/nsf国家/n女性/n运动员/n们/k的/ude1表现/vn，/wd以及/cc像/v武术/n和/cc卡巴迪/nrf，/wd这样/rzv的/ude1古老/a的/ude1比赛/vn项目/n。/wj
主/ag新闻/n中心/n的/ude1面积/n将/d近/a2万/m平方米/q，/wd相当于/v50/m个/q篮球场/n，/wd对于/p初来乍到/vl的/ude1记者/n很/d容易/ad混淆/v各/rz功能/n区/n的/ude1作用/n，/wd不过/c主办/v方/d已经/d做/v好/a了/ule周密/a的/ude1准备/vn。/wj
记者/n：/wp在/p主/ag新闻/n中心/n，/wd我们/rr随处/d都/d可以/v见到/v这样/rzv的/ude1标志牌/n，/wd如果/c您/rr需要/v参加/v新闻/n发布会/n，/wd就/d可以/v顺着/p这个/rz标志/n所/usuo指/v的/ude1地方/n找到/v新闻/n发布/v室/n。/wj
如果/c您/rr的/ude1无线/b网卡/n出现/v了/ule问题/n，/wd找到/v这样/rzv一个/mq办公室/n，/wd您/rr的/ude1问题/n就/d可以/v得到/v解决/v。/wj
像/p这样/rzv的/ude1标识/n牌/n在/p整个/b主/b新闻/n中心/n里/f我们/rr随处可见/vl。/wj
亚运会/n新闻/n服务处/n的/ude1总部/n也/d设/v在/p了/ule新闻/n中心/n，/wd负责/v比赛/vn期间/f向/p受/v邀/v媒体/n通报/v赛事/n和/cc比赛/vn地点/n等/udeng具体/a信息/n。/wj
此外/c，/wd主/ag新闻/n中心/n还/d设有/v日常/b的/ude1新闻/n服务处/n，/wd主要/d是/vshi提供/v简短/a、/wn客观/a的/ude1新闻/n内容/n，/wd时时/d的/ude1比赛/vn结果/n，/wd以及/cc运动员/n的/ude1个人/n资料/n、/wn历届/b亚运会/n资料/n等等/udeng。/wj
为了/p方便/a记者/n观看/v比赛/vn，/wd把/pba稿件/n写/v得/ude3生动/a，/wd主/ag新闻/n中心/n里/f还/d专门/d安装/v了/ule两/m个/q大/a屏幕/n和/cc40/m台/q等离子/n电视机/n，/wd随时/d播放/v比赛/vn的/ude1实况/n。/wj
记者/n：/wp我们/rr知道/v，/wd现在/t每天/r都/d有/vyou20/m到/v30/m块/q金牌/n产生/v，/wd这么/rz多/a的/ude1赛事/n，/wd记者/n们/k怎么样/ryv准确/a及时/a地/ude2掌握/v比赛/vn结果/n和/cc消息/n呢/y？/ww
在/p主/ag新闻/n中心/n我们/rr看到/v有/vyou这样/rzv一个/mq计算机/n终端/n，/wd他/rr的/ude1左上/f角/q标志/n有/vyouInfo2006/x，/wd组委会/n就/d通过/p这个/rz终端/n告诉/v记者/n们/k最新/a的/ude1比赛/vn结果/n记者/n采访/v当天/t，/wd女子/n400/m米/q混合泳/n的/ude1预赛/n刚刚/d结束/v。/wj
当/p我们/rr在/p主/ag新闻/n中心/n登陆/vi到/vInfo2006/x的/ude1主页/n时/ng，/wd果然/d发现/v，/wd比赛/v的/ude1全部/m结果/n都/d已经/d录入/v到/v系统/n当中/f，/wd还/d包括/v了/ule获胜/vi运动员/n在/p赛后/t接受/v采访/v的/ude1内容/n，/wd的确/d十分/d快捷/z。/wj
在/p这次/r报道/v任务/n中/f，/wd国内/s许多/m媒体/n都/d派出/v了/ule很/d强/a的/ude1采访/vn队伍/n，/wd大家/rr把/pba这/rzv次/qv亚运会/n的/ude1报道/n当成/v了/ule2008/m奥运会/n报道/v的/ude1预演/vn。/wj
高殿民/nr新华社/nt体育部/n主任/n：/wp今天/t的/ude1北京/ns时间/n下午/t1点/t14分/t开始/v发/v稿件/n，/wd等于/v从/p昨天/t晚上/t发/v到/v北京/ns时间/n凌晨/t5点/t，/wd然后/c就/d截止/vi了/y，/wd到/p目前/t为止/u发/v到/p现在/t，/wd已经/d是/vshi发/v了/ule81/m条/q英文/nz稿件/n了/y，/wd现/tg在/p北京/ns时间/n是/vshi21点/t49分/t。/wj
记者/n：/wp我们/rr现在/t就/d来到/v了/ule国际/n广播/vn电视/n中心/n，/wd和/cc主/ag新闻/n中心/n不同/a，/wd这里/rzs来自/v不同/a的/ude1电视/n媒体/n都/d是/vshi隔/v出/vf相对/d独立/a的/ude1区域/n，/wd在/p里面/f设置/v演播室/n，/wd进行/vx编辑/vn、/wn制作/vn、/wn播出/v节目/n。/wj
据/p记者/n了解/v，/wd多哈/nsf亚运会/n是/vshi亚运会/n历史/n上规模/bl最/d大/a的/ude1电视/n报道/v之一/rz，/wd它/rr一/d共/d吸引/v了/ule20/m家/q电视/n新闻/n机构/n，/wd每天/r大约/d1800/m多/m人/n在/p国际/n广播/vn中心/n工作/vn。/wj
除了/p卡塔尔/nsf当地/s的/ude1电视台/n，/wd还/d有/vyou韩国/nsf的/ude1MBC/x，/wd再/d到/v日本/nsf的/ude1NHK/x，/wd各家/rz电视/n媒体/n记者/n绞尽脑汁/vl，/wd都/d想/v把/pba亚运/n报道/v做/v得/ude3生动/a好看/a。/wj
为了/p让/v观众/n朋友/n看/v到/v体育/n节目/n现场/s制作/v的/ude1过程/n，/wd我们/rr的/ude1记者/n走/v进/vf了/ule中央电视台/nt设在/v多哈/nsf的/ude1工作/vn区域/n。/wj
江/nr1和平/n中央电视台/nt体育/n中心/n主任/n：/wp实际上/d我们/rr是/vshi在/p这儿/rzs搭/v建/v了/ule一个/mq完整/a的/ude1电视台/n，/wd这个/rz电视台/n有/vyou两/m个/q演播室/n，/wd既/c有/vyou新闻/n，/wd又/d有/vyou专题/n、/wn访谈/vn，/wd这些/rz节目/n都/d是/vshi融合/v到/v一块儿/d了/y，/wd然后/c组成/v了/ule一个/mq半/m频道/n的/ude1播出/vn规模/n。/wj
这/rzv就是/v现场/s直播/vn室/n主持人/n所在/n的/ude1演播室/n，/wd和/cc我们/rr平时/t在/p电视/n上/f看到/v的/ude1不同/a，/wd主持人/n身后/f什么/ry都/d没有/v，/wd只不过/d是/vshi蓝色/n的/ude1背景/n墙/n，/wd通过/p先进/a的/ude1多媒体/n抠/v像/p技术/n，/wd导/vg播/v可以/v让/v任意/b的/ude1活动/vn画面/n出现/v在/p主持人/n身后/f。/wj
您/rr看/v，/wd本来/d平淡无奇/al的/ude1背景/n转眼/t之间/f就/d变成/v了/ule丰富/a的/ude1多媒体/n画面/n。/wj
据/p记者/n了解/v，/wd各种/rz新/a技术/n手段/n在/p亚运会/n电视/n转播/vn中/f的/ude1运用/vn，/wd还/d为/v媒体/n间/f的/ude1技术/n交流/vn搭/v建/v了/ule一个/mq平台/n。/wj
中央电视台/nt在/p多哈/nsf首/m次/qv实现/v了/ule全程/n电视/n编/v播/v的/ude1无/v磁带/n播出/v，/wd成为/v了/ule电视/n界/k同行/vi关注/v的/ude1交/v点/qt。/wj
江和平/nr：/wp在/p整个/b的/ude1IBC/x当中/f，/wd真正/d使用/v无/v磁带/n播出/v系统/n和/cc编/v播/v系统/n的/ude1我们/rr独此一家/nl。/wj
前天/t印度/nsf国家/n电视台/n来/vf采访/v我们/rr的/ude1时候/n，/wd对/p无/v磁带/n播出/v系统/n就/d感到/v非常/d惊愕/a，/wd他/rr为什么/ryv这么/rz惊愕/a呢/y？/ww
他/rr说/v哪/ry有/vyou播出/v没有/v磁带/n的/ude1呢/y？/ww
他/rr马上/d就/d要求/v我们/rr演示/v没有/v磁带/n是/vshi怎么/ryv播/v的/ude1。/wj
然后/c我/rr就/d让/v我们/rr的/ude1记者/n冬日/n娜/x拿/v一个/mq光盘/n，/wd这个/rz光盘/n从/p编辑/n系统/n当中/f怎么/ryv插入/v，/wd然后/c怎么/ryv又/d退出/v，/wd然后/c再/d怎么/ryv编辑/v，/wd他/rr一/d看/v就/d有/vyou点儿/q惊/v呆/v了/y，/wd他/rr说/v，/wd“/wyz电视/n还/d有/vyou这么/rz做/v的/ude1，/wd这/rzv不/d是/vshi和/cc电脑/n一样/uyy了/vi吗/y？/ww
”/wyy确实/ad就是/v这样/rzv。/wj
这/rzv次/qv，/wd中央电视台/nt还/d开设/v了/ule多哈/nsf亚运会/n赛事/n的/ude1网上/s直播/vn版块/n，/wd网友/n不但/c随时/d可以/v上网/v观看/v比赛/vn直播/vn和/cc精彩/a回/qv放/v，/wd还/d可以/v实现/v与/p媒体/n之间/f的/ude1互动/vn，/wd对于/p开通/v网络/n电视/n功能/n的/ude1手机/n用户/n来说/uls，/wd甚至/d可以/v通过/p手机/n观看/v比赛/vn。/wj
据说/v，/wd到/p2008年/t奥运会/n时/ng，/wd用/p手机/n看/v比赛/vn将/d不再/d是/vshi什么/ry新鲜事/n了/y。/wj
通过/p先进/a的/ude1硬件/n设备/n，/wd为/p亚运/n报道/v搭/v建/v了/ule完善/a的/ude1技术/n平台/n后/f，/wd不同/a媒体/n在/p报道/v方式/n上/f也/d想/v出/vf了/ule不少/m高招/n。/wj
为了/p让/v观众/n看/v到/v更/d鲜活/a的/ude1画面/n，/wd记者/n甚至/d把/pba摄像机/n交给/v了/ule运动员/n和/cc教练员/n，/wd想不到/vl吧/y，/wd您/rr看到/v的/ude1很多/m电视/n画面/n正/d是/vshi出自/v我们/rr运动员/n之/uzhi手/n。/wj
中央电视台/nt记者/n：/wp比如说/vl吃饭/vi的/ude1时候/n，/wd你/rr需要/v说/v一下/mq时间/n，/wd比如/v现在/t是/vshi多哈/nsf时间/n中午/t1点/t，/wd有/vyou钟/n，/wd拍/v个/q钟/n，/wd然后/c冯/nr1昆/b在/p吃饭/vi。/wj
