针对/p淫秽/a色情/n网站/n隐蔽性/n强/ng、/wn侦破/v难度/n大/a、/wn取证/vi困难/an等/udeng特点/n，/wd公安/n机关/n进一步/d加大/v了/ule侦查/vn打击/vn的/ude1力度/n，/wd取得/v了/ule明显/a成效/n。/wj
2005年/t全国/n公安/n机关/n共/d查处/v网上/s违法/vi犯罪/vi2万/m多/m起/q，/wd今年/t以来/f已经/d查处/v了/ule4./m2万/m多/m起/q。/wj
结语/n：/wp采集/v人/n：/wp王宗华/nr在/p中国/ns人民/n革命/vn军事/n博物馆/n举办/v的/ude1《/wkz伟大/a壮举/n光辉/a历程/n―/n―/n纪念/v中国/ns工农红军/n长征/n胜利/vi70/m周年/q》/wky展览/v在/p历经/v56/m天/qt的/ude1展出/vn之后/f，/wd于/p今天/t落/v下/vf帷幕/n。/wj
据/p统计/v，/wd这个/rz展览/vn共/d吸引/v了/ule201万/m参观者/n前来/vi参观/v。/wj
许多/m参观者/n在/p看/v完/vi展览/vn后/f深受/v感动/v，/wd纷纷/d在/p留言簿/n上/f留言/vi。/wj
统计/v显示/v，/wd留言簿/n上/f写/v下/f的/ude1留言/n累计/v8万/m条/q。/wj
红军/n老/a战士/n李友林/nr是/vshi当年/t参加/v飞夺/v泸定桥/ns战斗/vi的/ude122/m勇士/n之一/rz，/wd他/rr的/ude1后代/n在/p参观/v完/vi展览/vn之后/f，/wd激动/a地/ude2写/v下/vf了/ule这样/rzv的/ude1诗句/n：/wp勇敢/a顽强/a信念/n在/p，/wd枪林弹雨/nl飞/vi向/p前/f；/wf紧握/v铁索/n生死/n忘/v，/wd飞夺/v泸定/ns勇士/n魂/n。/wj
另/rz一/m位/q红军/n的/ude1后代/n这样/rzv留言/n：/wp每/rz次/qv接受/v长征/nz精神/n教育/vn，/wd都/d受到/v震撼/vn和/cc感动/v，/wd作为/p红军/n的/ude1后代/n，/wd我/rr有/vyou责任/n将/p红军/n精神/n、/wn长征/n精神/n传承/vi下去/vf。/wj
采访/v中/f，/wd记者/n看到/v，/wd在/p留言/n薄/a上/f留言/vi的/ude1不仅/c有/vyou老红军/n和/cc他们/rr的/ude1后代/n，/wd还有/v大学生/n、/wn教师/n、/wn农民/n、/wn港澳/n同胞/n和/cc海外/s侨胞/n等/udeng社会/n各界/rz人士/n。/wj
其中/rz，/wd许多/m外籍/n人士/n也/d把/pba关注/v的/ude1焦点/n对准/v了/ule长征/n，/wd在/p留言/n薄/a上/f写/v下/vf了/ule他们/rr所/usuo理解/v的/ude1长征/n精神/n。/wj
尽管/c参观者/n的/ude1国别/n不同/a、/wn职业/n不同/a、/wn年龄/n不同/a，/wd每个/r人/n的/ude1留言/vn文字/n不同/a、/wn长/a短/a不同/a、/wn形式/n不同/a，/wd但/c有/vyou一点/mq却/d基本/a相同/a，/wd就/d是/vshi几乎/d每个/r人/n的/ude1字里行间/nl都/d有/vyou一/m种/q钦佩/v、/wn一/m种/q景仰/vn、/wn一/m种/q感悟/vn。/wj
这/rzv一条条/m留言/n足以/d说明/v，/wd在/p长征/n进入/v人们/n视野/n的/ude1同时/n，/wd长征/nz精神/n也/d进入/v了/ule人们/n的/ude1心里/s。/wj
[/wkz详细/a内容/n]/wky：/wp主持人/n敬一丹/nr：/wp你/rr好/a观众/n朋友/n，/wd欢迎/v您/rr收看/v《/wkz焦点/n访谈/vn》/wky。/wj
今天/t由/p中组部/n、/wn中宣部/n、/wn中央/n文献/n研究室/n、/wn中央/n党史/n研究室/n、/wn解放军总政治部/nt和/cc中共/n北京/ns市委/n主办/v的/ude1《/wkz伟大/a壮举/n光辉/a历程/n―/n―/n纪念/v中国/ns工农红军/n长征/n胜利/vi70/m周年/q展览/vn》/wky在/p北京/ns落/v下/vf了/ule帷幕/n。/wj
这次/r展览/vn在/p党中央/nt领导/n同志/n的/ude1高度/d重视/v和/cc直接/ad指导/v下/f，/wd在/p各/rz主办/v单位/n的/ude1共同/b努力/an下/f取得/v了/ule圆满/a成功/an。/wj
在/p56/m天/qt的/ude1时间/n里/f，/wd参观/v人数/n达/v201万/m，/wd创/vg同类/n展览/vn参观/v人数/n新/a记录/n。/wj
我们/rr的/ude1记者/n注意/v到/v，/wd很多/m参观者/n在/p看/v过/uguo展览/vn以后/f，/wd纷纷/d写下/v了/ule自己/rr的/ude1留言/n，/wd可以/v说/v这些/rz留言/n是/vshi他们/rr参观/v以后/f最/d真切/a的/ude1感悟/vn。/wj
参观者/n：/wp看/v了/ule以后/f，/wd我/rr特别/d受/v感动/v，/wd我们/rr现在/t能/v过/uguo上/f这样/rzv幸福/a的/ude1日子/n，/wd没有/v老前辈/n，/wd就/d没有/v我们/rr今天/t。/wj
参观者/n：/wp我/rr特别/d怀念/v这些/rz老/a战士/n，/wd对/p我/rr的/ude1激励/vn特别/d深/a。/wj
参观者/n：/wp所以/c我/rr觉得/v我们/rr应该/v珍惜/v这/rzv幸福/a生活/vn，/wd珍惜/v今天/t的/ude1来之不易/vl。/wj
中国/ns人民/n革命/vn军事/n博物馆/n的/ude1统计/vn数字/n显示/v，/wd参观者/n在/p留言簿/n上/f写/v下/f的/ude1留言/n累计/vd达/v8万/m条/q，/wd这/rzv意味着/v在/p201万/m参观者/n当中/f，/wd平均/v每/rz25/m人/n就/d有/vyou一/m条/q留言/n。/wj
参观者/n：/wp我/rr老头/n是/vshi红/a25/m军/n的/ude1，/wd他/rr今年/t90/m岁/qt了/y，/wd病/n在/p床/n上/f不/d能/v来/vf。/wj
记者/n：/wp身体/n不好/a就/d没法/v过/uguo来/f看/v了/y？/ww
等于/v是/vshi您/rr替/p他/rr过/d来/vf看/v了/y。/wj
参观者/n：/wp这/rzv是/vshi我/rr的/ude1小/a女儿/n，/wd女婿/n。/wj
我/rr一/d进/vf这个/rz展览馆/n我/rr就/d激动/a。/wj
这/rzv位/q老人/n告诉/v记者/n，/wd自己/rr的/ude1丈夫/n陈/nr1荣耀/nz是/vshi红/a25/m军/n的/ude1老/a战士/n，/wd由于/c身体/n原因/n他/rr无法/v前来/vi，/wd但/c这/rzv位/q老红军/n叮嘱/v爱人/n和/cc孩子/n一定/d替/p他/rr和/cc他/rr的/ude1战友/n来/vf看/v一/m看/v有关/vn红/a25/m军/n的/ude1内容/n。/wj
参观者/n：/wp他/rr长征/n红军/n那个/rz连队/n现在/t只/d剩/v两/m个/q人/n了/y，/wd他/rr是/vshi一个/mq，/wd他/rr是/vshi当时/t的/ude1战士/n，/wd咱们/rr那些/rz都/d牺牲/v了/y。/wj
记者/n：/wp您/rr的/ude1留言/n写/v的/ude1是/vshi什么/ry？/ww
参观者/n：/wp永远/d牢记/v长征/nz精神/n，/wd不/d忘/v革命/vn先烈/n。/wj
“/wyz勇敢/a顽强/a信念/n在/p，/wd枪林弹雨/nl飞/vi向/p前/f，/wd紧握/v铁索/n生死/n忘/v，/wd飞夺/v泸定/ns勇士/n魂/n。/wj
”/wyy红军/n战士/n李友林/nr是/vshi当年/t参加/v飞夺/v泸定桥/ns战斗/vi的/ude122/m勇士/n之一/rz，/wd他/rr的/ude1后代/n在/p参观/v完/vi展览/vn之后/f，/wd激动/a地/ude2写/v下/vf了/ule这样/rzv的/ude1诗句/n。/wj
另/rz一/m位/q红军/n后代/n这样/rzv留言/n：/wp“/wyz每/rz次/qv接受/v长征/nz精神/n教育/vn都/d受到/v震撼/vn和/cc感动/v，/wd作为/p红军/n的/ude1后代/n我/rr有/vyou责任/n将/p红军/n精神/n、/wn长征/n精神/n传承/vi下去/vf。/wj
”/wyy记者/n：/wp您/rr的/ude1留言/n主要/d是/vshi留/v的/ude1什么/ry？/ww
参观者/n：/wp红军/n长征/n展/vg使/v我/rr回忆/v起/vf了/ule战争/n那个/rz年代/n，/wd那个/rz时候/n，/wd我/rr是/vshi13/m岁/qt当兵/vi的/ude1一个/mq小/a八/m路/qv，/wd那时/rzt老红军/n的/ude1光荣/a历史/n，/wd他们/rr经常/d讲述/v过去/vf的/ude1这些/rz精神/n，/wd必须/d教育/v我们/rr下一代/n，/wd牢记/v革命/vn的/ude1老前辈/n。/wj
参观者/n：/wp我/rr写/v的/ude1是/vshi：/wp“/wyz谁/ry曾/d想到/v那些/rz已/d深/d埋/v土地/n下/f的/ude1烈士/n们/k，/wd愿/v他们/rr在/p另/rz一个/mq世界/n幸福/an，/wd没有/v他们/rr肯定/d就/d没有/v我们/rr，/wd所以/c我/rr觉得/v我们/rr应该/v以/p一/m种/q谦卑/a的/ude1心情/n感谢/v他们/rr每/rz一个/mq人/n。/wj
”/wyy佘志宏/nr中国/ns人民/n革命/vn军事/n博物馆/n副/b馆长/n：/wp还有/v一些/mq特殊/a群体/n，/wd有/vyou一些/mq盲人/n用/p盲文/n写下/v了/ule他/rr参观/v以后/f的/ude1感受/vn，/wd看/v了/ule以后/f让/v人/n很/d受/v感动/v。/wj
有/vyou一个/mq青年人/n他/rr这么/rz写/v的/ude1：/wp看/v了/ule以后/f，/wd他/rr说/v我/rr感到/v没有/d白/a来/vf，/wd我/rr也/d被/pbei震撼/v了/y，/wd我/rr不能/v再/d这样/rzv颓废/a下去/vf了/y，/wd我/rr要/v进行/vx我/rr人生/n的/ude1新/a的/ude1长征/n。/wj
”/wyy留言簿/n上/f一/m位/q大学生/n这样/rzv写/v到/v：/wp“/wyz不仅仅/d是/vshi感动/v、/wn是/vshi振奋/v、/wn是/vshi教育/vn，/wd长征/nz精神/n更/d是/vshi我们/rr现代人/n的/ude1永久/b的/ude1精神/n食粮/n，/wd它/rr会/v永远/d激励/v我们/rr奋发向上/vl、/wn勇往直前/vl，/wd眼泪/n已经/d模糊/a双/m眼/q，/wd已/d不/d忍心/v看/v，/wd不/d忍心/v看/v那/rzv破旧/a的/ude1衣衫/n，/wd不/d忍心/v看/v那/rzv漏水/vi的/ude1灶具/n，/wd但/c我/rr还是/d要/v看/v下去/vf、/wn记/v下去/vf，/wd长征/nz精神/n永/d刻/v我/rr心/n。/wj
”/wyy北京/ns一/m位/q中学/n教师/n则/c这样/rzv留言/n：/wp“/wyz看到/v孩子/n们/k在/p参观/v中/f那/rzv种/q真挚/a甚至/d崇拜/v的/ude1眼神/n，/wd我/rr感到/v一/m种/q幸福/a，/wd这种/r幸福/an包含/v对/p中国/ns革命/vn历史/n的/ude1敬仰/vn，/wd也/d包含/v对/p我/rr的/ude1学生/n的/ude1欣慰/an，/wd感谢/v长征/n展览/vn让/v我/rr和/cc我/rr的/ude1学生/n心灵/n深深/d受/v了/ule一/m次/qv洗礼/vn。/wj
