药品/n价格/n的/ude1下降/vn是/vshi四川省/ns自贡市/ns第一/m人民/n医院/n发生/v的/ude1变化/vn之一/rz。/wj
2005年/t6月/t，/wd这家/r医院/n原/b院长/n邓龙琪/nr、/wn副/b院长/n张开诚/nr等/udeng16/m人/n因/c涉及/v接受/v商业/n贿赂/v被/pbei查处/v之后/f，/wd针对/p药品/n采购/vn等/udeng容易/ad滋生/v腐败/an的/ude1要害/n环节/n，/wd四川省/ns卫生厅/n专门/d出台/vi了/ule规定/n，/wd要求/v医疗/n机构/n所有/b的/ude1药品/n都/d要/v进行/vx阳光/n采购/vn。/wj
黄德财/nr四川省/ns自贡市/ns第一/m人民/n医院/n药剂/n科/n：/wp阳光/n监督/vn，/wd我/rr觉得/v第一/m是/vshi老百姓/n可以/v看/v，/wd这/rzv是/vshi英/b特/ag网/n，/wd而/cc不/d是/vshi我们/rr的/ude1政府/n网/n，/wd或者/c其他/rzv的/ude1局域网/n，/wd任何/rz一/m台/q电脑/n只要/c连/ulian上/f英/b特/ag网/n都/d可以/v参加/v这种/r监督/vn，/wd所以/c我/rr觉得/v它/rr是/vshi阳光/n的/ude1。/wj
比如/v说/v我们/rr要/v检索/v阿/b莫/b西/b林/ng颗粒/n这样/rzv一个/mq药品/n，/wd网上/s就/d会/v把/pba所有/b生产/vn厂家/n的/ude1规格/n、/wn剂型/n、/wn单位/n，/wd还/d有/vyou质量/n层次/n、/wn挂/v网/n的/ude1限价/vn，/wd以及/cc在/p四川省/ns允许/v的/ude1最高/a的/ude1零售/vn价格/n给/p它/rr标示/v出来/vf，/wd然后/c医院/n可以/v根据/p这个/rz进行/vx品种/n的/ude1选择/vn。/wj
通过/p阳光/n采购/vn，/wd对/p全省/n各/rz主要/b医院/n药品/n采购/vn信息/n的/ude1收集/vn，/wd四川省/ns卫生/an管理/vn部门/n就/d可以/v在/p一定/b程度/n上/f做到/v及时/ad监督/v和/cc预警/vn。/wj
沈骥/nr四川省/ns卫生厅/n厅长/n：/wp某/rz一/m家/q医院/n突然/ad在/p一个/mq短时期/n内/f就/d进/vf比较/d昂贵/a的/ude1药/n，/wd大量/m的/ude1，/wd而/cc不/d购买/v中等/b的/ude1或者/c便宜/a的/ude1药/n，/wd我们/rr就/d会/v警示/vn，/wd而且/c我们/rr就/d会/v派/v督察/vn组/n进行/vx督察/vn或/c检查/v，/wd看/v中间/f是/vshi不/d是/vshi在/p购销/vn背后/f有/vyou二/m次/qv公关/n，/wd有/vyou开/v单/d提成/vi。/wj
正是/v阳光/n采购/v在/p一定/b程度/n上/f减少/v了/ule采购/vn环节/n上/f可能/v出现/v的/ude1水分/n，/wd这/rzv使/v自贡市/ns第一/m人民/n医院/n的/ude1药品/n销售/vn价格/n随之/d降低/v。/wj
黄志国/nr四川省/ns自贡市/ns第一/m人民/n医院/n党委/n副/b书记/n：/wp平均/a的/ude1住院/vn病人/n药品/n的/ude1费用/n，/wd在/p过去/t的/ude1基础/n上/f下降/vi了/ule13％/m左右/m，/wd这/rzv就/d是/vshi取得/v的/ude1实际/a效果/n。/wj
我们/rr初步/d统计/v了/ule一下/mq，/wd今年/t以来/f，/wd我们/rr药品/n减少/v的/ude1收入/n，/wd大概/d是/vshi在/p五六百万/m，/wd就/d说明/v我们/rr实实在在/z地/ude2在/p减轻/v群众/n看病/vi贵/a的/ude1问题/n。/wj
加强/v内部/f管理/v是/vshi治理/v商业/n贿赂/v专项/b工作/vn中/f建设/v长效/b机制/n的/ude1重点/n之一/rz，/wd在/p药品/n监督/vn管理/vn系统/n，/wd这项/r工作/vn正在/d有序/ad展开/v。/wj
邵明立/nr国家/n食品/n药品/n监督/vn管理局/n局长/n：/wp我们/rr实行/v受理/v、/wn审/v评/v、/wn审批/v三分/t离/v，/wd我们/rr实行/v主/ag审/v集体/n负责制/n，/wd这样/rzv的/ude1制度/n，/wd我们/rr的/ude1审批/vn全部/m向/p社会/n公开/vn，/wd现在/t也/d正在/d逐步/d地/ude2进行/vx药品/n监督/vn管理/vn审批/vn注册/vn资源/n的/ude1重新/d配置/v，/wd人员/n的/ude1重新/d调整/v，/wd法规/n的/ude1重新/d修订/v，/wd像/p这些/rz来讲/uls，/wd对/p我们/rr逐渐/d地/ude2建立/v长效/b机制/n都/d会/v起/vf到/v非常/d积极/a的/ude1作用/n。/wj
只有/c建立/v健全/v长效/b机制/n，/wd才/d能/v从/p根本/n上/f防治/v各类/r商业/n贿赂/vn。/wj
除/p加强/v内部/f管理/v这/rzv一/m重点/n之外/f，/wd治理/v商业/n贿赂/v专项/b工作/vn中/f，/wd建设/v长效/b机制/n的/ude1重点/n还/d包括/v完善/v法律/n、/wn加强/v教育/vn和/cc深化/v体制/n改革/vn。/wj
程/nr1宝库/n：/wp从/p医院/n的/ude1角度/n来/vf讲/v，/wd它/rr作为/v采购/v方/q，/wd以/p药/n养/v医/ng的/ude1这种/r体制/n应该/v最终/d打破/v，/wd让/v医院/n，/wd就/d是/vshi说/v它/rr的/ude1收益/n和/cc它/rr开/v出/vf去/vf药/n的/ude1多少/ry不/d应该/v有/vyou这么/rz密切/a的/ude1关系/n。/wj
从/p药品/n生产/vn企业/n的/ude1角度/n来/vf讲/v，/wd这个/rz药品/n价格/n的/ude1竞争/vn，/wd应该/v减少/v政府/n定价/vi的/ude1因素/n，/wd应该/v出现/v一个/mq更/d合理/a、/wn更/d有利于/v公平/ad竞争/v的/ude1药品/n定价/vn体制/n。/wj
2006年/t年底/t前/f，/wd中央/n治理/vn商业/n贿赂/vn领导/n小组/n办公室/n将/d向/p社会/n再/d公布/v一/m批/q查/v结/v的/ude1典型/n商业/n贿赂/vn案件/n，/wd以/p震慑/v违法/vn犯罪分子/n，/wd回/v应/v社会/n各界/rz的/ude1关注/vn。/wj
卫生部/nt将/d于/p12月/t中旬/t组织/v第3/m轮/qv督导/vn工作/vn，/wd由/p部级/b或/c司局级/b领导/n带队/vd赴/v部分/m地方/n做/v现场/s督导/vn和/cc调研/vn，/wd检查/v今年/t以来/f的/ude1工作/vn情况/n，/wd并/cc研究/vn提出/v明年/t的/ude1工作/vn思路/n。/wj
毛群安/nr：/wp结合/v我们/rr在/p专项/b治理/vn工作/vn中/f发现/v的/ude1一些/mq问题/n，/wd我们/rr还/d要/v完善/v一些/mq相关/vi的/ude1制度/n，/wd比如说/vl医疗/n卫生/an机构/n在/p接受/v医药/n企业/n赞助/vn方面/n如何/ryv采取/v管理/vn，/wd同时/c，/wd对/p一些/mq像/v医疗/n卫生/an机构/n行贿/vi的/ude1企业/n，/wd我们/rr还/d要/v建立/v黑名单/n制度/n，/wd这些/rz都/d将/d有力/a地/ude2保证/v我们/rr这个/rz长效/b机制/n的/ude1建设/vn和/cc专项/b行动/vn的/ude1健康/an发展/vn。/wj
邵明立/nr：/wp我们/rr现在/t也/d正在/d使/v专项/b的/ude1整治/vn逐步/d地/ude2深入/v，/wd明年/t我们/rr将/d再/d用/v半/m年/qt的/ude1时间/n，/wd我们/rr想/v整个/b医药/n市场/n的/ude1秩序/n，/wd药品/n监管/vn的/ude1形势/n还/d会/v有/vyou进一步/b的/ude1好转/vn，/wd公众/n用/p药/n的/ude1安全/an保障/vn也/d会/v进一步/d提高/v。/wj
不仅仅/d是/vshi医药/n卫生/an行业/n，/wd自从/p治理/v商业/n贿赂/vn工作/vn开展/v以来/f，/wd各/rz地区/n、/wn各/rz系统/n积极/ad行动/vi，/wd搭班子/vl、/wn做/v动员/v、/wn搞/v调查/vn，/wd确定/v了/ule治理/vn重点/n，/wd深入/ad开展/v自查/v自/p纠/vg，/wd认真/ad查办/v违法/vn案件/n，/wd努力/ad探索/v长效/b机制/n，/wd整个/b治理/vn工作/vn正/d健康/ad推进/vi。/wj
公众/n有/vyou理由/n对/p一个/mq更加/d诚信/a、/wn更加/d健康/a的/ude1市场/n充满/v期待/v。/wj
演播室/n主持人/n敬一丹/nr：/wp我们/rr连续/a四/m天/qt聚焦/vn医药/n购销/vn领域/n商业/n贿赂/v的/ude1问题/n，/wd商业/n贿赂/v这个/rz毒瘤/n危害/v极大/a，/wd而/cc根治/v需要/v良方/n。/wj
在/p我们/rr节目/n制作/v播出/v过程/n中/f，/wd相关/vn主管/vn部门/n也/d表示/v，/wd希望/v更/d多/a地/ude2听众/n观众/n的/ude1声音/n，/wd希望/v听到/v更/d多/a的/ude1建设性/n意见/n，/wd吸取/v社会/n各/rz方面/n的/ude1智慧/n，/wd营造/v一个/mq良好/a的/ude1商业/n环境/n，/wd同时/c，/wd中央/n治理/vn商业/n贿赂/vn领导/n小组/n也/d鼓励/v群众/n，/wd举报/v商业/n贿赂/vn违法/vn犯罪/vn行为/n。/wj
结语/n：/wp采集/v人/n：/wp王宗华/nr近日/t，/wd福建省/ns福州市/ns苍山/ns区/n“/wyz公园/n道/qv1/m号/q”/wyy商品房/n的/ude1业主/n们/k在/p办理/v收/v房/n手续/n时/ng，/wd被/pbei开发商/n告知/v每户/r需/v缴纳/v5180/m元/q的/ude1燃气/n初/f装/v费/n。/wj
这/rzv令/v大家/rr十分/d不解/v，/wd因为/c这/rzv笔/q钱/n包含/v在/p购房/vn款/n并且/c早已/d缴纳/v了/y。/wj
早/ad在/p2001年/t由/p原/b国家发展计划委员会/nt和/cc财政部/nt颁布/v的/ude1《/wkz关于/p全面/ad整顿/v住房/n建设/vn收费/vn取消/v部分/n收费/vn项目/n的/ude1通知/n》/wky中/f已/d有/vyou明文规定/vl，/wd应/v取消/v与/p城市/n基础/n设施/n配套/vn费/n重复/vd收取/v的/ude1水/n、/wn电/n、/wn气/n、/wn道路/n以及/cc其他/rzv各种/rz名目/n的/ude1专项/b配套/vn费/n。/wj
福建省/ns和/cc福州市/ns也/d下发/v了/ule相关/vn文件/n，/wd规定/v对/p2004年/t4月/t28日/t后/f通过/p拍卖/v、/wn挂牌/vi等/udeng方式/n获取/v土地/n，/wd并/cc按/p新/a标准/n已/d收取/v土地/n配套/vn费/n的/ude1房地产/n项目/n，/wd不再/d单独/d收取/v燃气/n配套/vn费用/n，/wd开发商/n也/d不得/vi在/p房价/n外向/ad购房/v者/k收取/v。/wj
但是/c开发商/n仍然/d继续/v收费/vn。/wj
对/p此/rzs他们/rr表示/v这/rzv是/vshi迫于/v燃气/n公司/n的/ude1压力/n。/wj
