这里/rzs是/vshi江苏省/ns常州市/ns最/d繁华/a的/ude1商业区/n——/wp园林/n东/f路/n，/wd在/p这/rzv块/q大/a牌子/n后面/f就/d是/vshi常州市/ns著名/a的/ude1前后/f北岸/s历史/n文化/n保护区/n。/wj
在/p这/rzv片/q不足/a四万/m平/a米/q的/ude1街区/n里/f，/wd仅/d在/p明末清初/t就/d出/vf了/ule四/m名/q状元/n、/wn两/m名/q榜眼/n、/wn三/m名/q探/v花/n，/wd因此/c被/pbei人们/n称为/v常州/ns的/ude1文/ng脉/ng所在/n。/wj
1987年/t，/wd这里/rzs被/pbei常州市/ns确认/v为/p历史/n文化/n保护区/n。/wj
几/m天/qt前/f，/wd记者/n来到/v这里/rzs了解/v正在/d进行/vx的/ude1修缮/vn情况/n，/wd不料/d一/d到/v工地/n，/wd就/d被/pbei值班/vi人员/n抢/v了/ule记者证/n。/wj
记者/n：/wp你/rr怎么/ryv把/pba证/n拿走/v了/y？/ww
你/rr把/pba记者证/n给/p我/rr，/wd你/rr不/d能/v抢走/v。/wj
由于/p记者证/n被/pbei抢走/v，/wd一/d开始/v采访/v没/d能/v进行/vx。/wj
后来/t在/p市里/n的/ude1协调/vn下/f，/wd工地/n负责人/n才/d把/pba记者证/n还/d给/v了/ule记者/n。/wj
那么/c，/wd他们/rr为什么/ryv不/d愿意/v让/v记者/n采访/v呢/y？/ww
记者/n在/p现场/s看到/v，/wd一些/mq老/a房子/n已经/d被/pbei拆/v掉/v，/wd保护区/n内/f出现/v了/ule一个/mq已/d打/v地基/n的/ude1大/a坑/n，/wd一些/mq古建筑/n周边/n原有/v的/ude1风貌/n已/d荡然无存/vl。/wj
季/ng全/d保/v常州/ns文/ng博/ag鉴赏/v学会/v顾问/n：/wp明清/t时候/n的/ude1建筑/n。/wj
记者/n：/wp我们/rr站/vi的/ude1这个/rz地方/n？/ww
季全保/nr：/wp对/v。/wj
记者/n：/wp都/d有/vyou明清/t建筑/n吗/y？/ww
季全保/nr：/wp对/p，/wd都/d是/vshi明清/t建筑/n。/wj
记者/n：/wp拆/v的/ude1这个/rz地方/n都/d是/vshi？/ww
季全保/nr：/wp是/vshi的/ude1。/wj
常州市/ns前后/f北岸/s历史/n文化/n保护区/n居民/n：/wp这个/rz门楼/n下午/t就/d拆/v掉/v了/y，/wd原来/d没有/d拆/v。/wj
这/rzv位/q居民/n以/p被/pbei拆/v掉/v的/ude173/m号/q门楼/n为/p例/n，/wd向/p记者/n讲/v了/ule有关/vn的/ude1情况/n。/wj
他/rr说/v这个/rz门楼/n省级/b文化/n保护/vn单位/n藤/n花/v旧/a馆/ng的/ude1一/m部分/n。/wj
藤/n花/v旧/a馆/ng原/d是/vshi宋代/t著名/a文学家/n苏/b东坡/nr晚年/t居住/v的/ude1地方/n。/wj
这次/r被/pbei拆/v的/ude1门楼/n就/d在/p它/rr的/ude1主体/n建筑/n的/ude1旁边/f。/wj
根据/p当地/s法院/n的/ude1裁定/vn，/wd今年/t九月/t，/wd市/n建设/vn局/n让/v拆迁/v公司/n拆/v掉/v了/ule门楼/n，/wd而且/c把/pba房主/n马/n梅芳/nr一/m家/q强行/d迁出/v。/wj
马梅芳/nr常州市/ns前后/f北岸/s历史/n文化/n保护区/n73/m号/q居民/n：/wp文物/n全部/m拆/v掉/v了/y，/wd真/a的/ude1很/d难过/a。/wj
记者/n：/wp为什么/ryv难/a过/uguo？/ww
马梅芳/nr：/wp历史/n文化/n全/d没/v了/y。/wj
现在/t马/n梅芳/nr的/ude1家/n已经/d成为/v了/ule工程/n项目/n部/q，/wd被/pbei强行/d迁出/v的/ude1她/rr只好/d望/v家/n兴叹/vi。/wj
既然/c前/f北岸/s73/m号/q是/vshi文物/n，/wd为什么/ryv当地/s法院/n还/d要/v裁定/v拆/v呢/y？/ww
由于/p常州市/ns天宁区/ns法院/n没有/d接受/v记者/n的/ude1采访/vn，/wd记者/n只好/d找到/v了/ule拆迁/vn的/ude1批准/vn单位/n——/wp市/n建设/vn局/n，/wd了解/v情况/n。/wj
史/nr1政/ng达/v常州市/ns建设/vn局/n副/b局长/n：/wp它/rr的/ude1门楼/n问题/n，/wd我/rr想/v可能/v最/d好/a听听/v我们/rr文化/n保护/vn部门/n的/ude1意见/n，/wd目前/t我们/rr没有/d收到/v，/wd也/d没有/v谁/ry来/vf跟/v我们/rr说/v，/wd或者/c有关/vn部门/n来/vf跟/v我们/rr说/v这/rzv是/vshi一个/mq文物/n或者/c是/vshi文保/n单位/n。/wj
据/p马梅芳/nr介绍/v，/wd在/p门楼/n被/pbei拆/v之前/f，/wd她/rr曾/d多次/mq向/p市/n建设/vn局/n和/cc拆迁/vn公司/n出示/v省/n文物/n局/qv给/p她/rr的/ude1传真/n件/q，/wd和/cc省市/n文化/n、/wn文物/n部门/n出具/v的/ude1文件/n，/wd证明/v前/f北岸/s73/m号/q是/vshi文物/n，/wd但/c市/n建设/vn局/n和/cc拆迁/vn公司/n视而不见/vl。/wj
尽管/c对于/p她/rr的/ude1家/n是/vshi不/d是/vshi属于/v文物/n保护/vn单位/n，/wd还/d有/vyou不同/a的/ude1说法/n。/wj
但/c对于/p此处/s应/v予/vg保护/v，/wd各个/rz文件/n的/ude1提法/n都/d是/vshi一致/a的/ude1。/wj
记者/n还/d看到/v，/wd文/ng管/v会/v的/ude1一些/mq专家/n出具/v了/ule意见/n书/n，/wd证明/v前/f北岸/s73/m号/q确实/ad是/vshi应该/v保护/v的/ude1文物/n。/wj
常州市/ns文/ng管/v会/v的/ude1老/a专家/n贺忠贤/nr还/d赶到/v现场/s，/wd向/p记者/n做/v了/ule说明/vn。/wj
对/p此/rzs，/wd常州市/ns文物/n管理/vn部门/n的/ude1态度/n又/d是/vshi什么/ry呢/y？/ww
记者/n曲/q长缨/n：/wp哪/ry门楼/n为什么/ryv拆/v掉/v？/ww
吕耀明/nr常州市/ns文物/n管理/vn委员/n主任/n：/wp在/p街区/n外面/f，/wd在/p历史/n街区/n外面/f。/wj
省政府/n批准/v的/ude1就是/v这个/rz蓝/a线/n范围/n以内/f的/ude1，/wd就是/v这个/rz图/n。/wj
记者/n：/wp那/rzv省政府/n在/p批准/v中/f也/d讲/v得/ude3很/d清楚/a，/wd南/f至/p现存/v的/ude1明清/t建筑/n。/wj
那个/rz门楼/n应该/v属于/v是/vshi南/b至/p现存/v的/ude1明清/t建筑/n？/ww
吕耀明/nr：/wp省/n里面/f批准/v的/ude1它/rr这个/rz就是/d保护/v范围/n，/wd我们/rr文物/n部门/n就/d是/vshi按照/p这个/rz法定/b的/ude1依据/n来/f进行/vx的/ude1。/wj
记者/n：/wp那/rzv这个/rz话/n也/d是/vshi它/rr（/wkz省政府/n）/wky批准/v的/ude1保护/vn范围/n，/wd这/rzv也/d是/vshi它/rr的/ude1原/b话/n。/wj
吕耀明/nr：/wp但是/c要/v根据/p图/n啊/y。/wj
就/p这样/rzv，/wd是/vshi明知/v73/m号/q门楼/n是/vshi文物/n的/ude1情况/n下/f，/wd吕/nr1主任/n坚持/v把/pba它/rr排除/v在/p保护/v之外/f。/wj
这/rzv就/d明显/ad违反/v了/ule省/n文物/n局/qv在/p文件/n中/f提出/v“/wyz要/v把/pba历史/n上/f原/d为/v一体/n的/ude1文物/n作为/v一个/mq整体/n来/f进行/vx修缮/vn，/wd以/p保护/vn文物/n保护/vn单位/n及/cc历史/n建筑/n的/ude1完整性/n”/wyy。/wj
就/p此/rzs，/wd记者/n采访/v了/ule国家/n历史/n文化/n名城/n保护/vn专家/n委员会/n副/b主任/n，/wd92/m岁/qt的/ude1郑孝燮/nr。/wj
郑孝燮/nr国家/n历史/n文化/n名城/n保护/vn专家/n委员会/n副/b主任/n：/wp一个/mq古建筑/n，/wd它/rr本身/rz的/ude1完整性/n也/d不/d能/v破坏/v的/ude1，/wd也/d不/d能/v是/vshi因为/p我/rr这个/rz什么/ry什么/ry原因/n，/wd而/cc把/pba它/rr一/m部/q分割/v出去/vf拆/v掉/v，/wd你/rr比方/v像/p这个/rz藤/n花/v旧/a馆/ng、/wn雕花/vn门楼/n，/wd这个/rz艺术/n、/wn工艺/n都/d是/vshi很/d高/a的/ude1，/wd这/rzv一/m部分/n现在/t我/rr就/d说/v它/rr被/pbei破坏/v了/ule是/vshi完全/ad错误/a的/ude1。/wj
记者/n：/wp那/rzv他/rr的/ude1解释/vn是/vshi说/v它/rr的/ude1门楼/n恰恰/d不/d在/p所谓/v的/ude1红/a线/n之内/f？/ww
郑孝燮/nr：/wp红线/n划/v法/n这样/rzv解释/v本身/rz就/d是/vshi错误/a的/ude1。/wj
作为/p文物/n来说/uls，/wd它/rr不/d是/vshi孤立/a的/ude1，/wd除了/p它/rr本身/rz之外/f，/wd还有/v一个/mq缓冲/vn范围/n，/wd它/rr的/ude1缓冲/vn范围/n就/d是/vshi叫/vi保护/v范围/n和/cc建设/vn控制/vn地带/n。/wj
那么/c，/wd你/rr这个/rz界线/n划/v这个/rz线/n本身/rz就/d是/vshi错误/a的/ude1，/wd划/v这个/rz线/n本身/rz就是/v一个/mq错误/a的/ude1行为/n，/wd按照/p规划/n上/f来说/uls，/wd按照/p保护/v来说/uls，/wd不/d能/v这样/rzv划分/v的/ude1。/wj
除了/p马梅芳/nr一/m家/q门楼/n被/pbei拆/v，/wd被迫/d强/a迁/v之外/f，/wd其他/rzv的/ude1住/vi在/p这里/rzs的/ude1居民/n也/d都/d接到/v了/ule拆迁/v《/wkz公告/n》/wky。/wj
曾/d写/v过/uguo著名/a诗句/n“/wyz江山/n代/v有/vyou才/d人/n出/vf，/wd各/rz领/v风骚/n数百/m年/qt”/wyy的/ude1清代/t著名/a史学家/n、/wn文学家/n赵翼/nr的/ude1部分/n故居/n也/d在/p拆迁/v之/uzhi列/n。/wj
赵家麟/nr常州市/ns历史/n文化/n保护区/n居民/n：/wp赵翼/nr故居/n是/vshi两/m栋/q，/wd一个/mq东/f路线/n，/wd一个/mq西/b路线/n，/wd他/rr把/pba这个/rz东/b路线/n作为/p他/rr的/ude1故居/n，/wd西/b路线/n就/d不/d作为/v故居/n，/wd因为/c这个/rz裁定书/n，/wd叫/vi我们/rr拆迁/v的/ude1裁定书/n叫/vi我们/rr走/v，/wd但是/c我们/rr作为/p他/rr的/ude1子孙/n，/wd我们/rr认为/v这/rzv是/vshi错误/a的/ude1这/rzv是/vshi一/m。/wj
