第二/m个/q，/wd整个/b前后/f北岸/s都/d是/vshi文化/n历史/n街区/n，/wd不/d能/v（/wkz不/d能/v只/d保留/v）/wky三/m栋/q房子/n成为/v一/m条/q街/n。/wj
记者/n：/wp现在/t你们/rr家/n前面/f是/vshi这个/rz建/v什么/ry？/ww
赵家麟/nr：/wp前面/f这个/rz它/rr造/v商铺/n，/wd准备/v造/v到/v十八/m米/q三/m，/wd高度/d十八/m米/q三/m，/wd都/d是/vshi玻璃/n房/n。/wj
它/rr这个/rz图纸/n都/d出来/vf了/y。/wj
另/rz一/m位/q名人/n管干贞/nr的/ude1故居/n也/d存在/v类似/a的/ude1情况/n。/wj
记者/n：/wp后/f花园/n不要/d了/y？/ww
管/v德/b全/a常州市/ns历史/n文化/n保护区/n居民/n：/wp没有/v了/y。/wj
天/qt井/n、/wn天/qt楼/n、/wn辅/vg楼/n全部/m都/d没有/v了/y。/wj
管德全/nr：/wp从/p指导/vn思想/n就/d不/d正确/a。/wj
如此/rzv拆迁/v，/wd使得/vi这/rzv一/m历史/n文化/n街区/n的/ude1整体/n风貌/n正在/d遭受/v破坏/v，/wd一些/mq有/vyou文物/n价值/n的/ude1古建筑/n被/pbei随意/ad丢弃/v，/wd街区/n的/ude1前/f半/m部分/n已经/d挖/v出/vf了/ule大/a坑/n，/wd准备/v在/p临街/vd建/v商铺/n。/wj
这些/rz做法/n都/d违背/v了/ule省/n文物/n局/qv修复/vn方案/n中/f关于/p“/wyz修复/v历史/n文化/n街区/n，/wd要/v保护/v原有/v的/ude1明清/t建筑/n环境/n和/cc风貌/n基本/ad不/d受/v破坏/v”/wyy的/ude1要求/n。/wj
此外/c，/wd为了/p给/p房地产/n开发/v让路/vi，/wd市里/n还/d对/p相邻/vi的/ude1一/m所/q古建筑/n——/wp将军/n楼/n以/p移/v建/v的/ude1名义/n进行/vx拆迁/vn，/wd至今/d它/rr已经/d面目全非/al。/wj
谢辰生/nr中国/ns文物/n学会/v名誉/n会长/n国家/n文物/n局/qv顾问/n：/wp街区/n的/ude1保护/vn它/rr是/vshi一个/mq整体/n，/wd那么/c这个/rz保护/vn就/d必须/d是/vshi保护/v它/rr原有/v的/ude1格局/n、/wn原有/v的/ude1肌理/n、/wn原有/v的/ude1老/a房子/n。/wj
因此/c，/wd现在/t这个/rz做法/n为什么/ryv我们/rr不/d赞成/v呢/y？/ww
第一/m，/wd它/rr破坏/v了/ule这个/rz肌理/n，/wd就/d是/vshi说/v它/rr这个/rz胡同/n该/rz多/a宽/a就/d多/a宽/a，/wd你/rr不/d能/v再/d动/v了/y，/wd你/rr不/d能/v把/pba老/a房子/n随便/ad来回/vi乱/d移/v，/wd撮/q堆/v搁/v在/p一块儿/s，/wd这个/rz不行/a的/ude1。/wj
因为/c不/d可/v移动/vn的/ude1文物/n是/vshi不/d允许/v迁移/v的/ude1，/wd就是说/c从/p原则/n上/f不/d可/v移动/vn的/ude1文物/n就/d是/vshi不/d能/v移动/vn。/wj
那么/c在/p什么/ry条件/n下/f可以/v移动/vn呢/y？/ww
那/rzv就是/d在/p遇到/v关系/n到/v国家/n的/ude1安全/an，/wd关系/n到/v国计民生/nl，/wd像/p三峡/ns，/wd现在/t这个/rz它/rr不/d存在/v国计民生/nl的/ude1问题/n，/wd不/d存在/v重大/a的/ude1公共/b公益/n要求/v的/ude1，/wd不/d存在/v这个/rz问题/n，/wd你/rr是/vshi个/q房地产/n开发/vn。/wj
应该/v说/v常州市/ns这样/rzv移/v建/v文物/n，/wd已经/d不/d是/vshi第一/m次/qv了/y。/wj
2003年/t8月/t，/wd《/wkz焦点/n访谈/vn》/wky以/p《/wkz消失/vi的/ude1庭院/n》/wky为/p题/n，/wd报道/v了/ule常州市/ns以/p移/v建/v的/ude1名义/n，/wd违法/vd拆/v掉/v文物/n——/wp恽/nr1氏/ng庭院/n的/ude1问题/n。/wj
三/m年/qt过去/vf了/y，/wd被/pbei拆/v的/ude1庭院/n至今/d没有/d移/v建/v，/wd反而/d在/p恽/nr1氏/ng庭院/n被/pbei拆/v的/ude1地方/n很快/d又/d建/v起/vf了/ule两/m座/q商品/n楼/n。/wj
这种/r文物/n为/p开发/v让路/vi的/ude1做法/n，/wd使/v人们/n对于/p这/rzv次/qv移/v建/v和/cc强制/vn居民/n搬迁/v产生/v了/ule疑问/n。/wj
谢辰生/nr：/wp一/m不/d能/v拆/v；/wf二/m不/d能/v移/v；/wf第三/m，/wd不/d能/v把/pba老百姓/n都/d搬走/v，/wd因为/c你/rr一/d搬走/v，/wd人气/n没有/v了/y，/wd你/rr是/vshi历史/n文化/n街区/n，/wd它/rr要/v有/vyou一个/mq传承/vi到底/vi的/ude1，/wd我们/rr保护/v一个/mq历史/n街区/n，/wd不/d是/vshi保护/v一个/mq死/a的/ude1文物/n，/wd不/d是/vshi保护/v一个/mq街区/n的/ude1建筑/n，/wd而是/c保护/v它/rr完整/a的/ude1、/wn无形/b的/ude1、/wn有形/b的/ude1文物/n遗产/n，/wd整体/n保护/v下去/vf。/wj
12月/t20日/t记者/n了解/v到/v，/wd常州市/ns已经/d向/p国家/n有关/vn部门/n递交/v了/ule历史/n文化/n街区/n修缮/v的/ude1新/a方案/n。/wj
在/p新/a方案/n中/f，/wd正在/d移/v建/v的/ude1将军/n楼/n和/cc已经/d拆/v掉/v的/ude1门楼/n将/d被/pbei复建/v。/wj
对/p此/rzs，/wd有关/vn专家/n表示/v认可/vi。/wj
演播室/n主持人/n方静/nr：/wp保护/v文物/n，/wd保护/v历史/n文化/n是/vshi关系/n到/v继承/v优秀/a文化/n遗产/n，/wd弘扬/v中华民族/n优良/z传统/n的/ude1大事/n。/wj
现在/t，/wd常州市/ns历史/n文化/n街区/n修复/vn整治/vn中/f出现/v的/ude1问题/n，/wd已经/d引起/v了/ule国家/n建设部/nt、/wn国家/n文物/n局/n和/cc江苏省/ns的/ude1高度/d重视/v，/wd有关/vn部门/n对/p此/rzs事/n正在/d调查/v处理/vn。/wj
常州市/ns也/d表示/v要/v认真/ad听取/v各/rz方面/n的/ude1意见/n，/wd对/p存在/v的/ude1问题/n进行/vx整改/vn。/wj
为了/p更/d好/a地/ude2保护/v历史/n文化/n遗产/n，/wd国务院/nt法治/n办/v正在/d抓紧/vd制定/v《/wkz全国/n历史/n文化/n名城/n保护/vn条例/n》/wky，/wd这个/rz条例/n的/ude1出台/vi，/wd将/d会/v对/p保护/vn文物/n和/cc历史/n文化/n街区/n起/vf到/v重要/a的/ude1作用/n。/wj
结语/n：/wp采集/v人/n：/wp王宗华/nr从/p2003年/t开始/v，/wd湖北省/ns保险/n行业/n协会/n牵头/vi成立/vi了/ule新/a车/n保险/n服务/vn中心/n，/wd武汉市/ns十二/m家财/n险/a公司/n在/p中心/n内/f设立/v服务/v窗口/s统一/ad开展/v业务/n，/wd规定/v中心/n以外/f的/ude1其他/rzv财/n险/a公司/n营业/vn网点/n不/d能/v办理/v新/a车/n保险/n。/wj
消费者/n认为/v，/wd强制/v消费者/n必须/d到/v指定/v的/ude1地点/n购买/v保险/n，/wd违反/v了/ule法律/n规定/n的/ude1自愿/vn原则/n，/wd侵犯/v了/ule消费者/n的/ude1合法/a权益/n。/wj
记者/n调查/v发现/v，/wd服务/v中心/n还/d存在/v捆绑/v销售/vn保险/n的/ude1问题/n。/wj
按照/p规定/n，/wd今年/t7月/t1日/t以后/f为/v车辆/n办/v保险/n，/wd消费者/n只用/v购买/v交/v强/ng险/ng(/wkz机动车/n交通/n事故/n强制/vn责任险/n)/wky就/d行/vi了/y，/wd其他/rzv险种/n消费者/n可/v自愿/vd购买/v。/wj
但/c在/p新/a车/n保险/n服务/vn中心/n，/wd每天/r只/d有/vyou一/m家/q公司/n在/p上午/t8点/t半/m到/v10点/t之间/f单独/d出售/v交/v强/ng险/ng，/wd十二/m家/q保险/n公司/n轮/qv着/vi来/vf。/wj
超过/v了/ule规定/n时间/n或者/c是/vshi在/p轮空/vi的/ude1公司/n购买/v，/wd就/d必须/d同时/d购买/v交/v强/a险/a和/cc车/n损/vg险/ng、/wn第三者/n责任险/n。/wj
在/p武汉市/ns新/a车/n保险/n服务/vn中心/n汉口/ns分部/n，/wd不仅/c存在/v捆绑/v销售/vn的/ude1行为/n，/wd而且/c保险/n协会/n还/d划分/v了/ule各/rz公司/n的/ude1销售/vn份额/n，/wd以/p保证/v每/rz一/m家财/n险/a公司/n都/d能/v从/p新/a车/n保险/n中/f获得/v利润/n。/wj
如果/c某/rz公司/n的/ude1销售/vn份额/n满/a了/y，/wd便/d不/d能/v再/d销售/v，/wd消费者/n只/d能/v到/v其他/rzv公司/n去/vf购买/v。/wj
此外/c，/wd记者/n调查/v发现/v，/wd武汉市/ns车管所/n还/d存在/v根据/p新/a车/n保险/n服务/vn中心/n提供/v的/ude1保费/n金额/n向/p各/rz家/q保险/n公司/n提取/v费用/n的/ude1问题/n。/wj
目前/t，/wd湖北省/ns保险/n行业/n协会/n和/cc武汉市/ns新/a车/n保险/n服务/vn中心/n已/d对/p存在/v的/ude1部分/n问题/n进行/vx了/ule整改/vn。/wj
演播室/n主持人/n方静/nr：/wp您好/nl观众/n朋友/n，/wd欢迎/v收看/v《/wkz焦点/n访谈/vn》/wky。/wj
随着/p购买/v新/a车/n的/ude1人/n越来越/d多/a，/wd新/a车/n保险/n业务/n也/d在/p不断/d地/ude2增加/v。/wj
新/a车/n保险/n因为/p保费/n高/a、/wn利润/n大/a，/wd历来/d就/d是/vshi各/rz家/q财产/n保险/n公司/n的/ude1必争之地/n，/wd甚至/c已经/d发展/v到/v了/ule恶性/b竞争/vn的/ude1地步/n。/wj
但是/c在/p湖北省/ns武汉市/ns却/d出现/v了/ule一个/mq奇怪/a的/ude1现象/n，/wd当/p消费者/n主动/ad到/v财产/n保险/n公司/n去/vf购买/v新/a车/n保险/n的/ude1时候/n，/wd却/d被/pbei拒之门外/vl，/wd不予/v受理/v。/wj
