5万/m多/m立方/q泥土/n瞬间/t将/p24/m户/q村民/n94/m间/q房屋/n摧/vg垮/vi，/wd13/m人/n被/pbei埋/v在/p倒塌/v的/ude1房屋/n里/f。/wj
截至/v今日/t17时/t，/wd山体/n滑坡/vi导致/v11/m人/n死亡/vi，/wd一/m人/n失踪/vi，/wd一/m名/q十五/m岁/qt男孩/n获救/vi。/wj
遇难/vi的/ude1大多/d是/vshi老人/n和/cc放假/vi在家/vi的/ude1孩子/n。/wj
灾害/n发生/v后/f，/wd华县/ns党委/n和/cc政府/n立即/d启动/v了/ule相应/vi的/ude1应急/vn预案/n，/wd调集/v了/ule300/m多/m名/q解放军/n、/wn武警/n官兵/n和/cc公安/n民警/n以及/cc300/m多/m名/q干部/n群众/n，/wd从/p5/m个/q抢救/v点/qt开始/v搜/v救/v。/wj
由于/p泥沙/n量/n大/a，/wd需要/v动用/v大型/b挖掘/vn设备/n，/wd但是/c又/d怕/v在/p挖掘/v过程/n中/f伤/v及/cc被/pbei埋/v在/p泥土/n中/f的/ude1群众/n，/wd为此/d他们/rr想/v了/ule很多/m办法/n。/wj
当地/s党委/n和/cc政府/n在/p全力/d抢救/v遇难/vi群众/n的/ude1同时/n，/wd也/d积极/ad妥善/ad安置/v受灾/vn群众/n。/wj
他们/rr采取/v就近/d安置/v，/wd投亲/v靠/v友/ng等/udeng方法/n，/wd把/pba受灾/vn周边/n地区/n的/ude165/m户/q209/m名/q村民/n撤离/v到/v安全/an地带/n。/wj
对于/p24/m户/q房屋/n毁坏/v的/ude1灾民/n，/wd有关/vn部门/n积极/ad帮助/v他们/rr解决/v吃/v住/vi等/udeng燃眉之急/nl。/wj
对/p7/m户/q有/vyou人员/n被/pbei埋/v的/ude1家庭/n，/wd采取/v了/ule县级/b部门/n包/v联/vg的/ude1办法/n解决/v救援/vn问题/n。/wj
与此同时/c，/wd当地/s政府/n针对/p此类/r灾害/n应急/vn预案/n中/b防疫/vn等/udeng各项/r工作/vn也/d在/p有条不紊/al地/ude2进行/vx。/wj
据/p了解/v，/wd陕西/ns省委/n省政府/n主要/b领导/n对/p这次/r群众/n受灾/vi的/ude1情况/n也/d高度/d重视/v，/wd对/p救灾/vn及/cc善后/n工作/vn多次/mq做出/v重要/a指示/n。/wj
按照/p省委/n省政府/n的/ude1指示/n，/wd华县/ns将/d对/p高楼/n村/n重新/d进行/vx规划/vn。/wj
到/p明年/t春天/t，/wd24/m户/q受灾/vn农户/n以及/cc64/m户/q处于/v危险/an地段/n的/ude1农户/n都/d将/d迁入/v新/a规划/n的/ude1村庄/n。/wj
[/wkz详细/a内容/n]/wky演播室/n主持人/n翟树杰/nr：/wp10月/t6/m号/q的/ude19点/t30分/t，/wd陕西省/ns华县/ns大明/nz镇/n的/ude1高娄村/nr发生/v了/ule大/a面积/n山体/n滑坡/vi，/wd5万/m多/m立方/q的/ude1泥土/n瞬间/t将/p94/m间/q房屋/n摧/vg垮/vi，/wd13/m人/n被/pbei埋/v在/p倒塌/v的/ude1房屋/n中/f。/wj
事故/n发生/v后/f，/wd当地/s党委/n政府/n反应/vn迅速/a，/wd立即/d展开/v救灾/vn工作/vn，/wd全力/d抢救/v被/pbei埋/v群众/n。/wj
许多/m人/n都/d非常/d关心/v被/pbei埋/v的/ude113/m名/q群众/n的/ude1救援/vn情况/n，/wd以及/cc受灾/vn村民/n的/ude1安置/vn情况/n。/wj
《/wkz焦点/n访谈/vn》/wky记者/n迅速/ad赶往/v华县/ns进行/vx了/ule采访/vn。/wj
解说/v：/wp当/p记者/n8/m号/q晚上/t10点/t左右/m赶到/v现场/s时/ng，/wd十几/m辆/q挖掘机/n、/wn推土机/n、/wn运输车/n正在/d紧张/a地/ude2忙碌/v着/uzhe。/wj
50/m多/m位/q救灾/vn抢险/vn人员/n仍然/d在/p努力/ad寻找/v被/pbei掩埋/v的/ude1村民/n。/wj
薛/nr1东江/ns陕西省/ns华县/ns人民政府/nl县长/n：/wp我们/rr现在/t一个/mq就/d是/vshi上/vf足/a人力/n，/wd换/v人/n，/wd不/d停/vi机械/n，/wd三班倒/vl。/wj
田云华/nr记者/n：/wp我们/rr怎么/ryv能够/v知道/v具体/a的/ude1哪个/ry点/qt埋/v了/ule人/n呢/y？/ww
薛/nr1东江/ns：/wp我们/rr绘制/v了/ule这么/rz一/m张/q草图/n，/wd就/d是/vshi群众/n居住/v的/ude1图纸/n，/wd里面/f这/rzv是/vshi大体/n的/ude1群众/n居住/v的/ude1概况/n，/wd经过/p反复/d核对/v人数/n以后/f，/wd已经/d确定/v了/ule这么/rz13/m个/q人/n是/vshi居住/v在/p七/m户/q房子/n里面/f。/wj
记者/n：/wp现在/t具体/a就/d是/vshi按照/p这个/rz图纸/n的/ude1具体/a方位/n来/vf找/v这个/rz人/n，/wd确定/v挖掘/v点/n?/ww
薛/nr1东江/ns：/wp是/vshi的/ude1。/wj
解说/v：/wp就/d在/p这/rzv位/q负责人/n向/p我们/rr介绍/v情况/n时/ng，/wd救援/vn人员/n找到/v了/ule一/m位/q被/pbei掩埋/v的/ude1村民/n，/wd遗憾/a的/ude1是/vshi他/rr已经/d没有/v生还/vi的/ude1希望/n了/y。/wj
10月/t6/m号/q是/vshi中秋节/t，/wd是/vshi个/q合家/n团员/n的/ude1日子/n。/wj
对于/p依/v山/n而/cc居/v的/ude1陕西省/ns华县/ns大明/nz镇/n高娄村/nr的/ude124/m户/q村民/n来说/uls却/d经历/v了/ule一/m场/qv噩梦/n。/wj
上午/t9点/t半/m，/wd一/m场/qv突如其来/bl的/ude1山体/n大面积/d滑坡/vi顷刻间/t吞噬/v了/ule他们/rr的/ude1房屋/n。/wj
村民/n1：/m我/rr说/v我/rr娃/ng把/pba煤气罐/n弄/v倒/vi了/y，/wd煤气罐/n倒/vi了/y，/wd我/rr把/pba门/n一/d掀/v它/rr没有/d倒/vi，/wd没/d倒/vi，/wd烟/n就/d看/v不/d着/uzhe了/y，/wd看/v不/d着/uzhe以后/f，/wd地震/n了/y，/wd赶紧/d往/p外/f跑/v，/wd地震/n了/y。/wj
村民/n2：/m看到/v空中/s一下子/mq云雾/n的/ude1雾气/n，/wd紧接着/c十/m来/m分钟/qt左右/m山上/s的/ude1泥/n继续/v向/p下滑/vi，/wd剧烈/a地/ude2轰隆/o声/ng，/wd轰隆隆/o地/ude2响/v，/wd当时/t我/rr的/ude1心跳/vn得/ude3很/d厉害/a，/wd也/d害怕/v，/wd我/rr就/d说/v这么/rz厉害/a啊/y，/wd我/rr就/d赶/v快/a去/vf喊/v，/wd几/m个/q人/n赶紧/d往/p前/f跑/v。/wj
村民/n3：/m稀/a泥水/n当时/t把/pba我/rr埋/v了/y，/wd这样/rzv埋/v着/uzhe的/ude1，/wd水/n到/v我/rr这儿/rzs。/wj
记者/n：/wp水/n已经/d到/v你/rr这儿/rzs了/y，/wd你/rr冲/v倒/vi了/ule是/vshi吗/y？/ww
村民/n3：/m是/vshi。/wj
记者/n：/wp这里/rzs就是/v泥石流/n发生/v的/ude1现场/s，/wd在/p我/rr身后/f的/ude1这/rzv座/q房子/n，/wd你/rr可以/v看到/v它/rr的/ude1一半/m已经/d都/d被/pbei泥石流/n冲/v垮/vi了/y。/wj
原来/d在/p这/rzv一/m片/q区域/n是/vshi24/m户/q，/wd94/m间/q民房/n，/wd当/p泥石流/n发生/v后/f，/wd5万/m立方米/q的/ude1泥沙/n在/p瞬间/t就/d把/pba这里/rzs夷/ng为了/p平地/n。/wj
我们/rr可以/v看到/v到/p现在/t为止/u，/wd还/d有/vyou这么/rz多/a的/ude1泥沙/n瘀/n积/v在/p这儿/rzs，/wd平均/a厚度/n也/d达到/v了/ule十几/m米/q的/ude1高度/n。/wj
解说/v：/wp事故/n发生/v时/ng，/wd索性/d的/ude1是/vshi受灾/vi的/ude124/m村民/n中/f有/vyou17/m户/q家中/s无/v人/n，/wd但是/c另外/rz7/m户/q人家/n中/f有/vyou13/m人/n被/pbei埋/v在/p倒塌/v的/ude1房屋/n里/f。/wj
因为/c正是/v节日/n期间/f，/wd被/pbei掩埋/v的/ude1大多/d是/vshi老人/n和/cc放假/vi在家/vi的/ude1孩子/n。/wj
灾害/n发生/v后/f，/wd华县/ns党委/n和/cc政府/n立即/d起动/v了/ule应急/vn预案/n，/wd调集/v了/ule300/m多/m名/q当地/s解放军/n、/wn武警/n官兵/n和/cc公安/n民警/n以及/cc300/m多/m名/q干部/n群众/n，/wd从/p5/m个/q抢救/v点/qt开始/v搜/v救/v。/wj
由于/p泥沙/n量/n大/a，/wd需要/v动用/v大型/b挖掘/vn设备/n，/wd但是/c又/d怕/v在/p挖掘/v过程/n中/f伤/v及/cc被/pbei埋/v在/p泥土/n中/f的/ude1群众/n，/wd他们/rr想/v了/ule很多/m办法/n。/wj
孙建升/nr陕西省/ns华县/ns县委/n副/b书记/n：/wp因为/p这个/rz泥石流/n来/vf得/ude3很/d突然/a，/wd根据/p当地/s群众/n提供/v的/ude1情况/n，/wd被/pbei掩埋/v的/ude1群众/n基本/ad都/d是/vshi在/p屋子/n里/f面/n，/wd所以/c说/v，/wd我们/rr用/p大型/b机械/n挖掘/v到/v有/vyou窗户/n、/wn有/vyou门/n，/wd有/vyou家里/s设施/n，/wd有/vyou自行车/n、/wn摩托车/n的/ude1时候/n，/wd我们/rr就/d特别/a地/ude2注意/v，/wd特别/d地/ude2小心/v。/wj
解说/v：/wp6/m号/q上午/t10点/t多/m钟/n，/wd现场/s救援/vn人员/n在/p一个/mq被/pbei埋/v的/ude1房屋/n前/f听到/v了/ule一个/mq孩子/n微弱/a的/ude1呼救声/n，/wd这个/rz15/m岁/qt的/ude1男孩/n叫/vi曲磊/nr，/wd他/rr被/pbei卡/v在/p了/ule一个/mq倒塌/v的/ude1铁门/n和/cc墙壁/n组成/v的/ude1狭小/a空间/n内/f。/wj
时间/n就/d是/vshi生命/n。/wj
现场/s救援/vn人员/n决定/v，/wd在/p确定/v曲磊/nr的/ude1位置/n后/f，/wd用/p挖掘机/n在/p地面/n挖/v出/vf一/m条/q一/m米/q深/a的/ude1长/a槽/ng，/wd再/d向/p内/f挖/v出/vf一/m条/q通道/n进行/vx营救/vn。/wj
