朱/nr1大明/nz广州市/ns环境/n检测/vn中心/n站/vi工程师/n：/wp那/rzv个/q会/v造成/v一个/mq是/vshi水质/n污染/vn，/wd大家/rr都/d知道/v，/wd它/rr里面/f的/ude1一些/mq成份/n，/wd有些/rz重金属/n等/udeng污染物/n，/wd像/v印染/vn污泥/n，/wd像/p这/rzv次/qv发现/v的/ude1。/wj
再/d一个/mq是/vshi对/p水生/b的/ude1生态/n系统/n也/d会/v造成/v破坏/v，/wd因为/c一些/mq污染物/n会/v损害/v河/n里面/f的/ude1一些/mq水生/b生物/n。/wj
解说/v：/wp印染/vn污泥/n因为/c含有/v聚丙烯/n酰/x胺/n，/wd广东省/ns将/p其/rz作为/v危险/an废物/n进行/vx管理/vn。/wj
那么/rz本来/d应该/v进行/vx无害化/vn焚烧/v的/ude1污泥/n，/wd为什么/ryv会/v被/pbei倒/vi在/p河里/s呢/y？/ww
记者/n来到/v这家/r印染/vn企业/n，/wd一/m名/q工作/vn人员/n告诉/v记者/n，/wd他们/rr根本/d不/d知道/v从/p企业/n拉/v出去/vf的/ude1污泥/n会/v被/pbei扔/v到/v河里/s，/wd他们/rr所有/b的/ude1污泥/n都/d是/vshi以/p每/rz吨/q200/m元/q的/ude1价格/n委托/v广州/ns绿/a由/p公司/n在/p进行/vx回收/vn处理/vn。/wj
俞益/nr民/ng广州/ns省/n中山市/ns某/rz印染/vn服装/n公司/n总经理/n办公室/n主任/n：/wp应该/v是/vshi今年/t4月份/t签/v的/ude1合同/n。/wj
签/v了/ule合同/n之后/f，/wd我们/rr开始/v合作/v了/y，/wd我们/rr有/vyou污泥/n的话/udh，/wd就/d会/v通知/n他/rr过来/vf拿/v，/wd这/rzv样子/n。/wj
解说/v：/wp绿/a由/p公司/n的/ude1全称/n叫/vi广州/ns番禺/ns绿/a由/p工业/n弃置/v废物/n回收/vn处理/vn有限公司/n。/wj
记者/n来到/v绿/a由/p公司/n核实/vn情况/n，/wd没/d想到/v一/m名/q副/b总/b竟/d一口咬定/vl对/p此/rzs情况/n毫无/v所/usuo知/v。/wj
任延杰/nr广州/ns番禺/ns绿/a由/p工业/n弃置/v废物/n回收/vn处理/vn有限公司/n副/b总经理/n：/wp我/rr现在/t给/p不/d了/ule你/rr一个/mq比较/d合理/a的/ude1说法/n，/wd因为/c我/rr自己/rr也/d不/d知道/v。/wj
这些/rz问题/n，/wd我/rr觉得/v最/d好/a是/vshi再/d找/v业务/n经手人/n，/wd那么/c只能/v是/vshi他/rr清楚/a，/wd他/rr把/pba这些/rz污泥/n用/v什么/ry方式/n操作/v了/y。/wj
解说/v：/wp这时候/t，/wd所有/b的/ude1疑问/n都/d集中/v在/p该/rz业务/n的/ude1经办人/n，/wd记者/n又/d找到/v了/ule那/rzv名叫/v陈小华/nr的/ude1业务员/n。/wj
在/p事实/n面前/f，/wd陈小华/nr说/v自己/rr收/v了/ule印染厂/n的/ude1废物/n处置/vn费/n，/wd却/d并/d没有/v按/p规定/n把/pba污泥/n拉/v回/v绿/a由/p公司/n进行/vx焚烧/vn处理/vn，/wd而是/c把/pba私自/d把/pba服务/v处理/v掉/v了/y。/wj
记者/n：/wp那/rzv你/rr每/rz次/qv去/vf收/v了/ule钱/n，/wd这些/rz钱/n呢/y？/ww
陈小华/nr广州/ns番禺/ns绿/a由/p工业/n弃置/v废物/n回收/vn处理/vn有限公司/n业务/n经办人/n：/wp钱/n的/ude1话/n，/wd基本上/d另外/rz一个/mq业务员/n收/v回来/v的/ude1钱/n，/wd我们/rr没有/d经过/p公司/n来/vf收/v钱/n，/wd就/d自己/rr直接/ad在/p客户/n那边/rzs收/v钱/n了/y。/wj
记者/n：/wp你们/rr自己/rr就/d把/pba钱/n收/v了/y？/ww
陈小华/nr：/wp嗯/e。/wj
解说/v：/wp按/p陈小华/nr的/ude1说法/n，/wd他/rr这样/rzv做/v是/vshi为了/p私/ag吞/v货款/n。/wj
但/c按理说/vl，/wd他/rr要/v想/v瞒天过海/vl，/wd本/rz不/d是/vshi一/m件/q容易/a的/ude1事/n。/wj
因为/c按照/p国家/n规定/n，/wd在/p转移/v危险/an废物/n时/ng，/wd双方/n企业/n都/d必须/d填写/v一/m种/q一/m式/k五联/n的/ude1危险/a废物/n转移/v联/vg单/ng。/wj
按照/p联/vg单/b管理/vn模式/n，/wd陈小华/nr到/v中山/ns这家/r企业/n来/vf拉/v污泥/n的/ude1时候/n，/wd这家/r企业/n首先/d要/v填写/v清楚/a转移/vn的/ude1时间/n、/wn废物/n名称/n和/cc数量/n，/wd然后/c污泥/n才/d能/v被/pbei拉/v走/v，/wd之后/f绿/a由/p公司/n在/p收到/v污泥/n后/f，/wd要/v盖/v上/vf回执/n公章/n，/wd确认/v接受/v后/f，/wd联/vg单/ng还要/d返回/v中山/ns这家/r企业/n存档/vi，/wd以/p备/v检查/vn。/wj
如果/c按/p此/rzs操作/v，/wd陈小华/nr本/d应该/v无机/b可/v乘/v。/wj
记者/n：/wp有/vyou没/d有/vyou填/v过/uguo这种/r单子/n？/ww
陈小华/nr：/wp填/v这个/rz单/d就/d也/d有/vyou填/v过/uguo。/wj
记者/n：/wp那/rzv有/vyou没/d有/vyou不/d填/v的/ude1时候/n？/ww
陈小华/nr：/wp基本上/d都/d有/vyou填/v的/ude1。/wj
解说/v：/wp联/vg单/d是/vshi跟着/v污泥/n走/v的/ude1，/wd既然/c陈小华/nr填写/v了/ule危险/a废物/n转移/v联/vg单/ng，/wd绿/a由/p公司/n就/d应该/v知道/v污泥/n的/ude1去向/n。/wj
可/v记者/n了解/v到/v，/wd半/m年/qt来/f，/wd陈小华/nr只/d交/v了/ule两/m张/q共计/v53/m吨/q污泥/n的/ude1转移/vn单/ng。/wj
任延杰/nr：/wp而/cc我们/rr接收/v回/qv公司/n的/ude1（/wkz污泥/n）/wky也/d是/vshi这么/rz多/a，/wd核查/vn的/ude1单/d也/d是/vshi这么/rz多/a，/wd53/m吨/q。/wj
解说/v：/wp记者/n又/d来到/v提供/v污泥/n的/ude1印染/vn企业/n，/wd在/p这里/rzs了解/v到/v他们/rr存档/vi的/ude1联/vg单/ng却/d是/vshi40/m份/q，/wd共/d涉及/v2000/m多/m吨/q污泥/n。/wj
让/v人/n奇怪/v的/ude1是/vshi，/wd在/p这些/rz联/vg单/ng上/f都/d清楚/a地/ude2盖/v着/uzhe绿/a由/p公司/n的/ude1回执/n公章/n。/wj
如果/c绿/a由/p公司/n只/d受到/v53/m吨/q污泥/n，/wd那么/c其它/rz2000/m多/m吨/q污泥/n确认/v接收/v的/ude1回执/n公章/n又/d是/vshi怎么/ryv被/pbei盖/v上/f去/vf的/ude1呢/y？/ww
任延杰/nr：/wp因为/c通常/d这些/rz联/ng单/d（/wkz公司/n）/wky法规/n部门/n从/p环保/n部门/n领取/v之后/f，/wd他/rr为了/p提高/v一些/mq工作/vn效率/n，/wd他/rr会/v一/m整/m本/q、/wn一/m整/m本地/rzs把/pba它/rr扣/v完/vi，/wd也就是说/vl联/vg单/d入/v了/ule公司/n，/wd在/p使用/v之前/f都/d要/v盖/v上/vf章/n。/wj
解说/v：/wp还/d没有/d收到/v货/n，/wd却/d提前/v把/pba回执/n的/ude1章/n都/d盖/v好/a了/y。/wj
而/cc这样/rzv一来/c，/wd却/d给/v了/ule陈小华/nr可乘之机/nl。/wj
陈小华/nr：/wp在/p公司/n这边/rzs，/wd比如说/vl我/rr现在/t报/v了/ule53/m吨/q，/wd公司/n只/d知道/v我/rr53/m吨/q的/ude1量/n，/wd不/d知道/v其它/rz的/ude1量/n。/wj
记者/n：/wp其它/rz联/vg单/ng，/wd你/rr相当/d于/p私自/d就/d把/pba它/rr扣留/v了/y？/ww
陈小华/nr：/wp对/v。/wj
解说/v：/wp半/m年/qt来/f，/wd陈小华/nr截留/v了/ule30/m多/m张/q转移/v单/ng，/wd瞒天过海/vl倒/d掉/v了/ule2000/m多/m吨/q污泥/n。/wj
到/p目前/t为止/u，/wd他/rr已经/d私/ag吞/v了/ule16万/m货款/n。/wj
在/p事实/n面前/f，/wd绿/a由/p公司/n承认/v大量/m的/ude1污泥/n被/pbei非法/d处置/v，/wd威胁/v着/uzhe人们/n的/ude1健康/an，/wd是/vshi因为/p自己/rr在/p管理/vn上/f的/ude1失控/vn。/wj
任延杰/nr：/wp现在/t问题/n就/d发生/v在/p一个/mq联/vg单/b的/ude1领/v用/v和/cc联/vg单/b的/ude1回收/vn上/f。/wj
像/p您/rr刚才/t说/v的/ude1，/wd有/vyou那么/rz多/m联/vg单/d是/vshi公司/n不/d知道/v的/ude1，/wd那么/c就/d出现/v一个/mq对/p业务/n监管/vn的/ude1失控/vn。/wj
演播室/n主持人/n翟树杰/nr：/wp目前/t，/wd对于/p这/rzv起/q非法/b处置/vn工业/n污泥/n的/ude1事件/n，/wd公安/n部门/n已经/d立案/vi调查/vn。/wj
从/p表面/n上/f看/v，/wd这/rzv似乎/d只/d是/vshi一个/mq业务/n人员/n的/ude1个人/n行为/n，/wd但是/c这/rzv起/q事件/n的/ude1发生/vn却/d不/d是/vshi孤立/a的/ude1，/wd它/rr和/cc企业/n疏/ag于/p管理/vn有着/v密切/a的/ude1关系/n。/wj
为了/p保护/vn环境/n，/wd保障/v人民/n的/ude1生命/n健康/an，/wd国家/n连续/ad颁布/v了/ule关于/p工业/n废物/n处理/v的/ude1法律/n和/cc法规/n。/wj
可是/c当/p全/a社会/n都/d在/p积极/ad治理/v污染/vn的/ude1时候/n，/wd像/v绿/a由/p公司/n这样/rzv一/m家/q专业/n治理/vn污染/vn的/ude1企业/n，/wd却/d因为/p自己/rr在/p管理/vn上/f的/ude1漏洞/n，/wd变成/v了/ule污染/vn的/ude1源头/n，/wd这/rzv一/m现象/n背后/f存在/v的/ude1种种/q问题/n不能不/d引起/v我们/rr的/ude1深思/vn。/wj
结语/n：/wp采集/v人/n：/wp王宗华/nr“/wyz土法/n炼油/vn”/wyy由于/c污染/v环境/n、/wn质量/n和/cc安全/a得/ude3不/d到/v保障/vn而/cc被/pbei国家/n禁止/v。/wj
