难道/d就/d没有/v部门/n制止/v吗/y？/ww
土法/n炼油/vn者/k：/wp如果/c管/v，/wd那/rzv早/a就/d没有/v了/y，/wd还/d敢/v干/v这么/rz多/m年/qt，/wd早/ad没有/v了/y。/wj
县/n一级/b的/ude1环保/n、/wn技术/n监督/vn局/n来/vf之后/f，/wd得/v给/p三千两千/m都/d行/vi，/wd他/rr来/vf了/y，/wd你/rr就/d当/v募捐/vn。/wj
他/rr钱/n拿走/v了/y，/wd你/rr就/d干/v。/wj
解说/v：/wp非法/b炼油/vn者/k的/ude1说法/n是/vshi一/m面/q之/uzhi词/n，/wd但是/c在/p静海县/ns中/f旺/a镇/n，/wd土法/n炼油/vn公开/a的/ude1存在/vn却/d是/vshi事实/n。/wj
根据/p国家/n规定/n，/wd质量/n技术/n监督/vn、/wn环保/n、/wn公安/n、/wn工商/n等/udeng部门/n和/cc当地/s政府/n有/vyou查处/vn土法/n炼油/vn的/ude1职责/n。/wj
那么/c对/p中/f旺/a镇/n这些/rz土法/n炼油/vn点/qt，/wd静海县/ns的/ude1有关/vn管理/vn部门/n是否/v知道/v呢/y？/ww
记者/n首先/d来到/v静海县/ns质量/n技术/n监督/vn局/n了解/v情况/n。/wj
但是/c没有/d想到/v，/wd天津市/ns质/ng监/vg局/n办公室/n的/ude1一/m位/q姓/n张/q的/ude1主任/n却/d打/v来/vf电话/n告诉/v记者/n，/wd根据/p他们/rr内部/f的/ude1规定/n，/wd没有/v上级/n的/ude1同意/vn，/wd静海县/ns质/ng监/vg局/n不/d能/v向/p记者/n介绍/v情况/n。/wj
记者/n：/wp我/rr想/v问/v一/m下/f，/wd这块/r有/vyou没/d有/vyou土法/n小/a炼油/vn？/ww
电话/n采访/v——/wp天津市/ns质量/n技术/n监督/vn局/qv办公室/n主任/n：/wp现在/t我/rr不好/ad说/v，/wd接受/v采访/v的/ude1问题/n都/d得/v跟/p总局/n说/v，/wd我/rr不/d是/vshi再三/d给/p你/rr说/v过/uguo了/y吗/y？/ww
记者/n：/wp这/rzv很/d好/a回答/vn，/wd有/vyou就/d有/vyou，/wd有/vyou就/d有/vyou，/wd没有/d就/d没有/v。/wj
天津市/ns质量/n技术/n监督/vn局/qv办公室/n主任/n：/wp你/rr说/v回答/v，/wd我/rr回答/v完/vi以后/f，/wd我/rr违反/v规定/n，/wd明白/v吗/y？/ww
天津市/ns静海县/ns质量/n技术/n监督/vn局/qv科长/n：/wp不/d让/v我们/rr接受/v采访/v，/wd我们/rr说/v与/cc不/d说/v都/d不好/a，/wd对/p吧/y？/ww
说/v得/ude3好/a与/cc不好/a，/wd市/n局/qv对/p我们/rr都/d有/vyou（/wkz意见/n）/wky。/wj
有/vyou这么/rz一个/mq规定/n，/wd你/rr说/v我们/rr接受/v采访/v，/wd不管/c你/rr说/v得/ude3对/p也好/y，/wd不对/a也好/y，/wd上面/f对/p你/rr都/d有/vyou（/wkz意见/n）/wky。/wj
解说/v：/wp记者/n没有/d想到/v，/wd静海县/ns有/vyou没/d有/vyou非法/d小/a炼油/vn这样/rzv一个/mq简单/a的/ude1问题/n，/wd竟然/d让/v质量/n技术/n监督/vn门/n感到/v了/ule为难/a。/wj
质量/n技术/n监督/vn部门/n是/vshi这样/rzv的/ude1态度/n，/wd那么/rz静海县/ns环保/n部门/n和/cc工商/n部门/n呢/y？/ww
伍学起/nr天津市/ns静海县/ns环保局/n副/b局长/n：/wp作为/v我们/rr环保/n部门/n，/wd我们/rr只能/v做/v污染/vn治理/vn，/wd或者/c说/v你/rr没有/d办/v环保/n手续/n，/wd只能/v做/v这/rzv方面/n。/wj
如果/c从/p源头/n，/wd或者/c从/p卖方/n市场/n给/p它/rr卡住/v，/wd这个/rz行业/n就/d不/d会/v存在/v了/y。/wj
我/rr觉得/v在/p处理/v小/a炼油/vn行业/n当中/f，/wd环保/n确实/ad是/vshi处于/v比较/d次要/b的/ude1地位/n。/wj
记者/n赵永勤/nr：/wp有/vyou没/d有/vyou小/a炼油/vn几/m年/qt都/d没有/v被/pbei查处/v的/ude1现象/n？/ww
粱/nr1佐友/nr2天津市/ns工商行政管理局/nt静海/ns分局/n局长/n：/wp客观/a地/ude2说/v，/wd不/d排除/v在/p跟/p河北/ns交界/vi的/ude1地方/n也许/d有/vyou。/wj
记者/n：/wp出现/v这种/r情况/n，/wd对/p工商/n部门/n来说/uls，/wd是/vshi不/d是/vshi管理/v不/d到位/vi？/ww
粱/nr1佐友/nr2：/wp这个/rz词/n好像/v也/d不/d能/v这么/rz说/v。/wj
你/rr要/v说/v不/d到位/vi的/ude1话/n，/wd因为/c我们/rr基本上/d是/vshi依法/d行政/v的/ude1，/wd发现/v了/ule就/d查/v，/wd没有/d发现/v了/ule也/d很难说/vl，/wd社会/n上/f这么/rz多/ad造/v假/a的/ude1，/wd你/rr说/v有/vyou一个/mq造/v假/a的/ude1就/d找/v我们/rr，/wd那/rzv很难说/vl，/wd那/c我们/rr冤枉/v死/v了/y，/wd我们/rr不/d知道/v啊/y！/wt
解说/v：/wp质量/n技术/n监督/vn部门/n不/d愿意/v接受/v记者/n的/ude1采访/vn，/wd环保/n部门/n和/cc工商局/n又/d都/d认为/v在/p查处/v土法/n炼油/vn上/f，/wd手段/n有限/a。/wj
其实/d，/wd土法/n炼油/vn是/vshi国家/n严令禁止/vl的/ude1，/wd质/ng监/ng、/wn环保/n和/cc工商/n都/d应该/v依法/d进行/vx查处/vn，/wd但/c令/v人/n遗憾/a的/ude1是/vshi，/wd这里/rzs的/ude1小/a炼油/vn却/d屡禁不止/vl。/wj
据/p了解/v，/wd中/f旺/a镇/n镇政府/n也/d有/vyou专门/d查处/v非法/d小/a炼油/vn的/ude1工作组/n，/wd工作组/n组长/n就/d是/vshi镇/n人大/n主席团/n主席/n刘晨/nr。/wj
他/rr告诉/v记者/n，/wd只有/c中/b旺/a镇/n蔡/nr1庄子/nr村/n和/cc河北省/ns交界处/n的/ude1河堤/n旁/f才/d有/vyou土法/n炼油/vn点/qt，/wd这里/rzs属于/v“/wyz三/m不/d管/v”/wyy地带/n，/wd查处/v有/vyou难度/n。/wj
刘晨/nr天津市/ns静海县/ns中/f旺/a镇/n人大/n主席团/n主席/n：/wp蔡庄/nr这个/rz村/n是/vshi中/b旺/a镇/n最/d边缘/b的/ude1一个/mq村子/n，/wd你们/rr可能/v没/d到/v过/uguo。/wj
你/rr要/v到/v过/uguo之后/f，/wd从/p这儿/rzs一直/d到/v西南/s子/ng牙/n河/n河堤/n上/f，/wd光/d走/v土路/n就要/d走/v四五/m华里/q的/ude1土路/n。/wj
记者/n：/wp那/rzv就/d是/vshi说/v站/vi在/p路边/s上/f，/wd能/v看见/v那个/rz炼油/vn的/ude1炉子/n吗/y？/ww
刘晨/nr：/wp应该/v说/v，/wd站/vi在/p路边/s看/v不/d天/qt见/v他/rr的/ude1炉子/n。/wj
记者/n：/wp看/v不/d见/v？/ww
刘晨/nr：/wp对/v。/wj
你/rr只/d能/v说/v我们/rr掌握/v情况/n，/wd估计/v这个/rz炉子/n在/p哪儿/rys，/wd专门/d找/v这个/rz炉子/n。/wj
解说/v：/wp实际上/d，/wd蔡/nr1庄子/nr村/n离/v镇政府/n很/d近/a，/wd骑/v自行车/n也/d就/d20/m分钟/qt左右/m。/wj
在/p记者/n的/ude1要求/n下/f，/wd刘晨/nr主席/n带/v记者/n来到/v了/ule建/v在/p大/a堤/n旁/f的/ude1小/a炼油/vn点/qt。/wj
虽然/c刘晨/nr主席/n说/v，/wd十/m多/m天/qt前/f他/rr在/p这里/rzs查处/v过/uguo，/wd但是/c当/p记者/n指/v着/uzhe一/m处/q早/a就/d建/v好/a的/ude1土/n炼油/vn炉/ng问/v他/rr时/ng，/wd他/rr却说/v以前/f没/d见/v过/uguo。/wj
刘晨/nr：/wp当时/t我们/rr来/vf看/v，/wd没有/v这个/rz大/a炉子/n。/wj
记者/n：/wp那/rzv就/d说/v你们/rr一边/d在/p检查/vn，/wd他/rr一边/d在/p扩大/v规模/n？/ww
刘晨/nr：/wp当时/t只是/d有/vyou几/m个/q小/a炉子/n。/wj
这/rzv都/d是/vshi新/a装/v的/ude1。/wj
记者/n：/wp这/rzv都/d是/vshi新/a装/v的/ude1？/ww
刘晨/nr：/wp新/d装/v的/ude1。/wj
记者/n：/wp那/rzv你们/rr一边/d在/p检查/vn，/wd他们/rr一边/d在/p扩大/v规模/n？/ww
解说/v：/wp记者/n了解/v到/v，/wd中/f旺/a镇/n的/ude1蔡/nr1庄子/nr村/n还有/v其它/rz近/a20/m座/q土/n炼油/vn炉/ng，/wd最近/t的/ude1一/m处/q土/n炼油/vn点/qt离/v镇政府/n还/d不/d到/v五/m公里/q，/wd站/vi在/p公路/n旁/f就/d可以/v清楚/a地/ude2看见/v小/a炼油/vn炉/ng的/ude1烟囱/n，/wd而且/c这个/rz小/a炼油/vn点/qt的/ude1规模/n也/d不/d小/a。/wj
记者/n在/p现场/s看到/v，/wd已经/d炼/v好/a的/ude1柴油/n就/d有/vyou七八十/m吨/q。/wj
记者/n：/wp我/rr来/vf看/v一/m看/v这个/rz柴油/n，/wd我/rr来/vf看看/v装满/v了/ule没有/v？/ww
这/rzv是/vshi满满/z的/ude1一/m罐子/n柴油/n，/wd这个/rz大/a罐子/n估计/v要/v装/v四五十/m吨/q。/wj
解说/v：/wp但是/c虽然/c离/v镇政府/n这么/rz近/a，/wd这些/rz小/a炼油/vn点/qt却/d可以/v平安无事/vl长/a时间/n地/ude2存在/v，/wd没有/d得到/v查处/v。/wj
在/p采访/v的/ude1时候/n，/wd记者/n还/d发现/v小/a炼油/vn点/qt的/ude1旁边/f都/d有/vyou几/m个/q装/v炼油/vn原料/n的/ude1大/a土炕/n。/wj
据/p知情/vi的/ude1村民/n们/k说/v，/wd这些/rz用/v来/vf炼油/vi的/ude1原料/n一般/uyy都/d是/vshi来历不明/vl的/ude1原油/n，/wd一个/mq大/a坑/n里/f能/v装/v几十/m吨/q原油/n。/wj
