徐州/ns高校/n周边/n网吧/n密集/a，/wd那/rzv其它/rz高校/n的/ude1情况/n又/d如何/ryv呢/y？/ww
记者/n又/d到/v南京市/ns高校/n进行/vx了/ule相关/vn调查/vn。/wj
在/p南京/ns工业/n大学/n，/wd记者/n发现/v了/ule一/m封/q学生/n家长/n的/ude1来信/n，/wd学生/n的/ude1家长/n是/vshi一/m位/q普通/a农民/n，/wd由于/c儿子/n小/a真/d沉迷/vi于/p网络/n荒废/v了/ule学业/n，/wd连续/a两/m个/q期末/t考试/vi中/f三分之二/m的/ude1成绩/n都/d不/d及格/vi，/wd学校/n在/p帮助/v教育/vn不/d起/vf作用/n的/ude1情况/n之下/f，/wd只好/d对/p小/a真/d劝退/vi。/wj
小真/nr2的/ude1父亲/n接/v到/v学校/n的/ude1通知/n之后/f，/wd给/p学校/n领导/n写/v了/ule这/rzv封/q求助信/n。/wj
小真/nr2的/ude1父亲/n：/wp不然/c我们/rr这么/rz辛苦/a，/wd起早贪黑/dl的/ude1忙/a，/wd他/rr母亲/n身体/n又/d不/d好/a，/wd家里/s面/n条件/n这么/rz差/ng，/wd如果/c这个/rz小孩/n学业/n过/uguo不/d了/ule关/n，/wd毕业/v证书/n拿/v不/d到/v，/wd那/c我们/rr感觉/v这个/rz学/ng就/d白/a上/vf了/y。/wj
其实/d像/v小真/nr2一样/uyy因/p沉迷/vi网吧/n而/cc影响/vn学业/n的/ude1同学/n已经/d不在少数/vl了/y，/wd进入/v大学/n校园/n之后/f，/wd学习/v压力/n比/p高中/n阶段/n要/v小/a，/wd可以/v自己/rr掌/v控/v的/ude1课余/b时间/n也/d越来越/d多/a，/wd一些/mq自控/vn能力/n比较/d差/a的/ude1同学/n就/d三天两头/dl到/v网吧/n消磨/v时间/n，/wd不知不觉/dl中/f就/d成/v了/ule网络/n游戏/n的/ude1俘虏/n。/wj
在/p采访/v中/f，/wd记者/n随机/d调查/v了/ule南京/ns高校/n比较/d集中/a的/ude1仙林/nr2大学/n城/n。/wj
目前/t仙/ng林/ng大学/n城/n总共/d有/vyou11/m所/q高校/n，/wd有/vyou将近/d8万/m多/m名/q大学生/n生活/vn在/p这里/rzs，/wd在/p距离/n仙林/nr2大学/n城/n不/d到/v800/m米/q的/ude1地方/n有/vyou一/m幢/q商业楼/n，/wd这个/rz地方/n白天/t冷冷清清/z，/wd一/d到/v晚上/t可/v就/d热闹非凡/al了/y。/wj
记者/n刚/d上/vf楼/n，/wd就/d被/pbei形形色色/bl的/ude1网吧/n包围/v了/y。/wj
记者/n：/wp要/v包/v夜/qt多少/ry钱/n？/ww
网吧/n老板/n：/wp包/v夜/tg，/wd现在/t几/m点/qt？/ww
八点/t，/wd十四/m块/q钱/n，/wd到/p明天/t早晨/t7点/t。/wj
记者/n：/wp从/p现在/t开始/v算/v吗/y？/ww
网吧/n老板/n：/wp对/v。/wj
记者/n发现/v这里/rzs的/ude1网吧/n大大小小/z加/v起来/vf就/d有/vyou十几/m家/q，/wd每/rz一个/mq网吧/n里/f至少/d设置/v有/vyou100/m台/q以上/f的/ude1电脑/n，/wd每家/r网吧/n里/f都/d挤/v得/ude3满满当当/z。/wj
据/p网吧/n老板/n介绍/v，/wd来/vf这里/rzs上网/v的/ude1有/vyou南京/ns邮电/n大学/n、/wn南京/ns理工学院/n、/wn南京/ns师范大学/n等/udeng多/m所/q院校/n的/ude1学生/n。/wj
记者/n：/wp这/rzv里面/f我/rr看到/v基本上/d都/d是/vshi大学生/n是/vshi吗/y？/ww
上网/v大学生/n：/wp对/p，/wd基本上/d都/d是/vshi。/wj
记者/n：/wp都/d是/vshi哪个/ry学校/n的/ude1？/ww
上网/v大学生/n：/wp哪个/ry学校/n也/d有/vyou，/wd外面/f学校/n的/ude1学生/n也/d有/vyou。/wj
记者/n：/wp都/d是/vshi周边/n这/rzv几/m所/q学校/n的/ude1？/ww
为了/p吸引/v顾客/n，/wd网吧/n老板/n们/k可谓/v是/vshi热情/a周到/a，/wd还/d推出/v了/ule几/m招/q十分/d奏效/vi的/ude1“/wyz拉/v客/ng杀手锏/n”/wyy。/wj
首先/c，/wd网吧/n老板/n会/v对/p一些/mq初次/d上网/v，/wd没有/v网络/n游戏/n实战/n经验/n的/ude1上网/vn者/k进行/vx手把手/vl帮教/v，/wd一些/mq自控/vn能力/n差/a的/ude1同学/n一来二去/dl上/vf了/ule瘾/n，/wd不由自主/dl的/ude1就/d会/v越/d陷/vi越/d深/a，/wd这/rzv就/d是/vshi第一/m招/n：/wp新手/n入迷/a法/n。/wj
记者/n：/wp好多/m都/d不/d会/v玩/v啊/y，/wd有人/r给/p教/v吗/y？/ww
上网/v大学生/n：/wp网/n管/v可以/v教/v你/rr的/ude1。/wj
记者/n：/wp网/n管/v可以/v教/v我/rr。/wj
那/c我/rr要/v是/vshi初级/b水平/n能/v教/v会/v吗/y？/ww
上网/v大学生/n：/wp只要/c玩/v过/uguo游戏/n的/ude1人/n那/rzv都/d是/vshi不/d教/v自/rr通/v。/wj
不/d会/v玩儿/v没关系/vl，/wd网/n管/v可以/v教/v你/rr，/wd学会/v了/ule再/d来/vf那/rzv就是/v熟客/n了/y。/wj
为了/p网吧/n长远/a的/ude1经济/n利益/n，/wd网吧/n老板/n还/d对/p一些/mq经常/d上网/v的/ude1同学/n给予/vx打折/vn优惠/vn，/wd这/rzv就/d是/vshi第二/m招/n：/wp价格/n优惠/vn法/n。/wj
网吧/n老板/n：/wp最/d少/a一/m次/qv充/v值/v充/v10/m块/q钱/n，/wd一/m张/q卡/n是/vshi6/m块/q钱/n，/wd加/v在/p一起/s是/vshi16/m块/q钱/n。/wj
如果/c第一/m次/qv充/v值/v50/m块/q钱/n，/wd那/rzv就/d送/v你/rr一/m张/q卡/n。/wj
价格/n优惠/vn自然/n是/vshi顾客/n多多/z，/wd不少/m同学/n都/d中/v了/ule招/n，/wd纷纷/d办/v了/ule包/n夜/tg卡/n。/wj
记者/n：/wp包/v夜/tg的/ude1后果/n是/vshi什么/ry？/ww
南京/ns师范大学/n学生/n：/wp第二/m天/qt不/d上课/vi呗/y，/wd肯定/d会/v失眠/vi的/ude1，/wd然后/c生物钟/n都/d乱/d掉/v了/y，/wd而且/c整个/b人/n精神/n涣散/a的/ude1。/wj
除了/p在/p价格/n上/f实行/v多种/m优惠/vn，/wd在/p网络/n游戏/n的/ude1品种/n和/cc花样/n设置/vn上/f，/wd每/rz一个/mq网吧/n都/d可谓/v是/vshi煞费苦心/vl。/wj
网吧/n老板/n告诉/v记者/n，/wd为了/p能够/v跟/v上/vf目前/t国际/n上/f流行/v的/ude1网络/n趋势/n，/wd他们/rr从/p各个/rz方面/n搜集/v网络/n游戏/n的/ude1最新/a信息/n，/wd及时/ad补充/v更新/v网吧/n里/f的/ude1游戏/n菜单/n，/wd这样/rzv才/d能够/v让/v更/d多/a的/ude1学生/n天天/q来/f光顾/v。/wj
这里/rzs还有/v第三/m招/n：/wp游戏/n多样/m法/n。/wj
记者/n：/wp这/rzv就/d是/vshi咱们/rr游戏/n菜单/n的/ude1都/d在/p里面/f了/y吗/y？/ww
网吧/n老板/n：/wp对/p，/wd魔/ag兽/ng世界/n、/wn街头/s篮球/n。/wj
记者/n：/wp这么/rz多/a啊/y。/wj
网吧/n老板/n：/wp现在/t有/vyou的/ude1游戏/n我们/rr基本上/d都/d有/vyou。/wj
正是/v有/vyou了/ule这样/rzv玩/v之/uzhi不竭/a、/wn花样/n百/m出/vf的/ude1各种/rz游戏/n，/wd才/d使得/vi来/vf上网/v的/ude1同学/n们/k总/d有/vyou可/d玩儿/v，/wd新鲜/a不/d断/v。/wj
南京/ns师范大学/n学生/n：/wp因为/p游戏/n是/vshi不断/d更新/v的/ude1，/wd还有/v就/d是/vshi，/wd如果/c像/p你/rr现在/t这个/rz网络/n游戏/n别人/rr玩/v够/v了/y，/wd然后/c就/d会/v出现/v另/rz一个/mq网/n游/v游戏/n，/wd多/a着/uzhe呢/y。/wj
在/p网吧/n里/f玩儿/v游戏/n的/ude1一/m玩/v就/d是/vshi一/m整夜/d，/wd饿/v了/ule渴/a了/ule怎么办/ryv？/ww
不用/d担心/v，/wd网吧/n里/f的/ude1后勤/n保障/vn是/vshi很/d充分/a的/ude1，/wd只要/c你/rr需要/v，/wd点/qt餐/ng服务/v随叫随到/vl，/wd这/rzv是/vshi第四/m招/n：/wp周到/a服务法/n。/wj
记者/n：/wp里面/f都/d有/vyou些/q什么/ry吃/v的/ude1？/ww
网吧/n老板/n：/wp水饺/n、/wn面条/n、/wn炒饭/v、/wn盖浇饭/n，/wd什么/ry都/d有/vyou。/wj
记者/n：/wp能/v送/v过来/vf吗/y？/ww
网吧/n老板/n：/wp那/rzv肯定/d能/v送/v。/wj
网吧/n老板/n说/v，/wd除了/p24/m小时/n供/vi餐/ng，/wd如果/c需要/v的/ude1话/n，/wd还/d可以/v随时/d安排/v专车/n进行/vx接送/vn。/wj
这样/rzv看来/v，/wd每/rz一个/mq走进/v网吧/n的/ude1同学/n，/wd都/d能够/v在/p这里/rzs充分/a的/ude1享受/vn到/v“/wyz吃喝玩乐/vl一条龙/n”/wyy的/ude1周到/a服务/vn。/wj
从/p一/m周/qt去/vf一/m次/qv到/v每天/r都/d去/vf，/wd从/p天/qt黑/a玩儿/v到/v天亮/vi，/wd许多/m同学/n很快/d从/p一个/mq网络/n游戏/n的/ude1“/wyz菜/n鸟/n”/wyy变成/v了/ule叱/n咤/x网络/n江湖/n的/ude1高手/n。/wj
南京/ns师范大学/n学生/n：/wp花/v了/ule几百/m块/q钱/n，/wd时间/n大概/d要/v一个/mq星期/n的/ude1时间/n，/wd我/rr指/v的/ude1是/vshi不/d间断/vi地/ude2玩/v，/wd就/d是/vshi24/m个/q小时/n都/d在/p玩儿/v，/wd玩儿/v一个/mq星期/n大概/d能/v到/v我/rr这个/rz级别/n。/wj
几乎/d每/rz一个/mq曾经/d沉迷/vi于/p网络/n的/ude1同学/n都/d说/v，/wd每/rz一/m次/qv进/vf网吧/n玩儿/v网络/n游戏/n的/ude1时候/n，/wd都会/n自责/v一番/mq，/wd觉得/v自己/rr没有/v把/pba时间/n用/v在/p学习/v上/f，/wd对不起/v老师/n，/wd对不起/v父母/n，/wd可是/c这种/r自责/v很快/d就/d被/pbei疯狂/a的/ude1游戏/n淹没/v了/y。/wj
