比如/v，/wd我们/rr大家/rr知道/v的/ude1演员/n吴若甫/nr被/pbei绑架/v案件/n，/wd由于/c三/m名/q主犯/n持枪/vd绑架/v吴若甫/nr、/wn王某/nr等/udeng人/n，/wd并/cc将/p王/n某/rz杀害/v。/wj
北京市/ns第一/m人民法院/nl依法/d对/p三/m名/q主犯/n做出/v死刑/n的/ude1判决/vn后/f，/wd其中/rz的/ude1两/m名/q主犯/n提起/v上诉/v，/wd北京市/ns高级/a人民法院/nl进行/vx了/ule二审/n开庭/vi审理/v，/wd又/d经过/v了/ule死刑/n核/n审/v程序/n后/f最终/d维持/v了/ule一审/n的/ude1死刑/n判决/vn。/wj
高/a铭/vg暄/ng中国/ns人民/n大学/n法学院/n教授/n：/wp二审/b法院/n再审/vi这个/rz案子/n，/wd本身/rz是/vshi一个/mq诉讼/vi的/ude1审/vn级/n，/wd在/p审/v级/n里面/f既/c是/vshi上诉/v审/v，/wd又/d是/vshi你/rr来/vf复核/v，/wd把/pba上诉/v审/v和/cc复核/v审/v合而为一/vl了/y。/wj
多/m年/qt来/f，/wd各地/rzs法院/n根据/p授权/v严格/ad履行/v职责/n，/wd为/p维护/v社会/n稳定/an做出/v了/ule历史性/n贡献/n，/wd但/c这/rzv一/m做法/n在/p司法/n实践/vn中/f却/d可能/v会/v带来/v一些/mq问题/n。/wj
高/a铭/vg暄/ng：/wp因为/p你/rr核准/v的/ude1机关/n多/a了/y，/wd不/d像/v最高人民法院/nt是/vshi一个/mq统一/a的/ude1标准/n，/wd现在/t有/vyou三十/m多/m个/q单位/n（/wkz法院/n）/wky，/wd宽/a严/a的/ude1标准/n掌握/v的/ude1不/d完全/a一样/uyy的/ude1话/n，/wd它/rr就/d有/vyou一个/mq问题/n，/wd也许/d这个/rz案子/n在/p你/rr那/rzv个/q省/n就/d不/d会/v判处/v死刑/n，/wd在/p这个/rz省/n就/d判/v了/y。/wj
最高/a人员/n法院/n统一/ad行使/v死刑/n案件/n核准/v权/n后/f，/wd死刑/n的/ude1二审/b程序/n和/cc核准/v程序/n将/d彻底/ad分开/vi。/wj
延续/v了/ule二十/m多/m年/qt由/p地方/n高级/a人民法院/nl对/p死刑/n案件/n进行/vx核准/vn的/ude1做法/n就/d将/d成为/v历史/n，/wd法学/n专家/n和/cc法律/n界/k人士/n对/p这/rzv一/m变化/vn给予/vx了/ule充分/ad肯定/v。/wj
陈光中/nr中国/ns政法/n大学/n刑事/b法律/n研究/vn中心/n主任/n：/wp死刑/n核准/v权/n上/f收/v是/vshi体现/v了/ule我们/rr尊重/v和/cc保障/vn人权/n的/ude1很/d重要/a的/ude1一个/mq体现/v。/wj
另外/rz方面/n使/v我们/rr依法/d治国/vi，/wd构建/v和谐/a社会/n这/rzv方面/n，/wd我/rr觉得/v体现/v得/ude3也/d是/vshi比较/d充分/a的/ude1。/wj
高/a铭/vg暄/ng：/wp也/d就/d是/vshi更加/d慎重/a，/wd标准/n来/vf讲/v会/v更加/d统一/a，/wd从/p程序/n来讲/uls可以/v更加/d公正/a，/wd从/p我们/rr刑事/b政策/n来讲/uls更/d好/a贯彻/v少/ad杀/v、/wn慎/ag杀/v的/ude1政策/n。/wj
记者/n：/wp我/rr所在/n的/ude1这个/rz地方/n就/d是/vshi最高人民法院/nt的/ude1刑事/b审判庭/n，/wd为了/p处理/v好/a死刑/n核准/v权/n收回/v后/f各地/rzs报送/v的/ude1死刑/n审核/vn案件/n，/wd最高人民法院/nt把/pba刑事/b审判庭/n从/p原来/b的/ude1两/m个/q增加/v到/v了/ule现在/t的/ude1五/m个/q，/wd并/cc从/p全国/n选调/v了/ule一/m批/q富有/v经验/n的/ude1刑事/b审判/vn人员/n充实/v到/v这/rzv五/m个/q刑事/b审判庭/n来/vf开展/v这项/r工作/vn。/wj
湖北省/ns高级人民法院/nt刑事/b审判/vn一/m庭/ng庭长/n王志辉/nr在/p他/rr20/m多/m年/qt的/ude1法官/n生涯/n中/f，/wd审核/v过/uguo几百/m件/q案子/n。/wj
2006年/t对/p王志辉/nr来说/uls非同寻常/vl，/wd因为/c经过/p严格/ad考核/v，/wd他/rr被/pbei选调/v到/v最高人民法院/nt的/ude1刑事/b审判/vn二/m庭/ng工作/vn，/wd再/d过/uguo几/m天/qt，/wd他/rr就/d将/d和/cc同事/n们/k一起/d具体/a负责/vn死刑/n案件/n的/ude1复核/vn工作/vn，/wd老百姓/n们/k最为/d关心/v的/ude1是/vshi，/wd当/p明年/t第一/m桩/q死刑/n案件/n送达/v后/f，/wd这些/rz掌握/v着/uzhe生杀予夺/bl大权/n的/ude1生死/n判官/n们/k该/v如何/ryv来/vf决定/v被告/n的/ude1生/v与/cc死/v？/ww
会/v怎样/ryv来/vf断案/vi呢/y？/ww
王志辉/nr最高人民法院/nt刑事/b审判/vn第二/m庭/ng审判长/n：/wp（/wkz案子/n）/wky到/v了/ule惩办/v法官/n手上/s，/wd承办/v人/n阅卷/vi、/wn提审/v报告/n、/wn合/v式/k主要/b证据/n是/vshi一个/mq审查/vn过程/n，/wd合议庭/n一般/uyy由/p三/m名/q审判员/n组成/v，/wd对/p案件/n事实/n、/wn证据/n、/wn适用/a法律/n、/wn审判/vn程序/n等/udeng等/v各个/rz方面/n进行/vx评议/vn，/wd看/v原判/n定罪/vi是/vshi不/d是/vshi准确/a，/wd是/vshi不/d是/vshi应当/v核准/v死刑/n，/wd这/rzv又/d是/vshi一/m道/qv关/n。/wj
疑难/n案件/n还/d有/vyou可能/n要/v经过/p审判长/n会议/n，/wd或者/c说/v由/p院/n领导/n、/wn主管/vn院长/n提交/v到/v院/n审判/vn委员会/n进行/vx讨论/vn，/wd每/rz一个/mq环节/n都/d很/d重要/a，/wd少/v了/ule哪/ry一/m环/q都/d不行/a。/wj
从/p明年/t起/f，/wd惩办/v法官/n需要/v提/v讯/ng被告人/n，/wd并/cc当面/d听取/v被告人/n的/ude1意见/n，/wd因此/c对/p工作/vn的/ude1要求/n会/v更/d细致/a和/cc更/d缜密/a。/wj
死刑/n案件/n人命关天/vl，/wd法官/n们/k表示/v对/p每/rz一/m起/q案件/n都/d要/v慎之又慎/dl，/wd如果/c一旦/d在/p核准/v案件/n的/ude1过程/n中/f，/wd发现/v一审/n、/wn二审/b环节/n存在/v疑点/n和/cc问题/n，/wd他们/rr会/v怎样/ryv来/vf处置/v呢/y？/ww
王志辉/nr：/wp如果/c说/v这个/rz案件/n事实/n证据/n存在/v问题/n，/wd程序/n有/vyou违法/vn的/ude1情况/n，/wd或者/c定罪/vi、/wn量刑/vi不/d适当/a，/wd我们/rr就/d会/v决定/v不/d核准/v，/wd撤销/v审/v或者/c二审/b判决/vn，/wd发/v回/qv重/d审/v。/wj
在/p外界/n看来/v，/wd死刑/n核准/v权/n收回/v最高人民法院/nt以后/f，/wd似乎/d地方/n高级/a人民法院/nl的/ude1工作量/n应该/v减少/v，/wd压力/n也/d应该/v减轻/v，/wd但/c事实/n并非如此/vl，/wd作为/v统一/ad行使/v死刑/n案件/n核准/v权/n的/ude1配套/vn措施/n，/wd从/p2006年/t的/ude17月/t1/m号/q起/f，/wd所有/b的/ude1死刑/n二审/b案件/n都/d要求/v要/v全部/m开庭/vi审理/v。/wj
张军/nr：/wp那么/c统一/ad要求/v必须/d开庭/vi审理/v以后/f，/wd因为/c被告人/n都/d是/vshi羁押/v在/p中级/b法院/n，/wd甚至/d是/vshi基层/n法院/n所在地/n的/ude1看守所/n，/wd那么/rz地方/n高级/a法院/n就要/d到/v地方/n去/vf开庭/vi。/wj
像/p在/p新疆/ns、/wn内蒙/ns这样/rzv一些/mq地域/n比较/d辽阔/a的/ude1地区/n，/wd法官/n们/k的/ude1工作/vn强度/n会/v比/p以往/t大为/d增加/v。/wj
对/p此/rzs，/wd记者/n电话/n采访/v了/ule新疆维吾尔自治区/ns高级人民法院/nt刑事/b审判/vn二/m庭/ng庭长/n洪流/n。/wj
洪流/n新疆维吾尔自治区/ns高级人民法院/nt刑事/b审判/vn第二/m庭/ng庭长/n：/wp对/p我们/rr地方/n高级/a法院/n来说/uls，/wd应该/v说/v压力/n更/d大/a、/wn责任/n更/d大/a，/wd工作/vn投入/vn的/ude1人力/n物力/n和/cc精力/n应该/v更/d多/a一些/mq，/wd现在/t我们/rr办/v一个/mq案件/n所/usuo投入/v的/ude1工作量/n要/v比/p过去/t的/ude1两/m个/q案子/n、/wn三/m个/q案子/n还/d多/a，/wd开庭/vi审理/v更/d讲究/v公正/a、/wn公开/vn。/wj
付出/v再/d多/a的/ude1辛苦/an，/wd承受/v再/d多/a的/ude1压力/n，/wd法官/n们/k都/d无怨无悔/vl，/wd因为/c他们/rr深知/v一审/n是/vshi基础/n，/wd二审/n是/vshi关键/n，/wd而/cc最高人民法院/nt的/ude1核准/vn是/vshi最后/f的/ude1把关/vn，/wd所有/b的/ude1付出/vn和/cc努力/an都/d是/vshi为了/p确保/v死刑/n案件/n的/ude1质量/n，/wd确保/v做到/v万无一失/vl。/wj
最高人民法院/nt统一/ad行使/v死刑/n案件/n的/ude1核准/vn权/n，/wd普通/a民众/n在/p肯定/v此举/rzv彰/ag显/v程序/n正义/n的/ude1同时/n，/wd也/d存在/v这样/rzv的/ude1一些/mq担心/v，/wd今后/t死刑/n案件/n的/ude1数量/n会/v不/d会/v有所/v减少/v？/ww
对/p分裂/vn分子/n的/ude1震慑/vn作用/n会/v不/d会/v有所/v减轻/v呢/y？/ww
张军/nr：/wp老百姓/n有/vyou这样/rzv的/ude1担心/vn是/vshi完全/ad可以/v理解/v的/ude1，/wd但是/c最高人民法院/nt统一/ad行使/v死刑/n案件/n核准/v权/n，/wd会/v一如既往/vl的/ude1保持/v严惩/v严重/a刑事犯罪/nl，/wd严打/v的/ude1力度/n，/wd对/p严重/a危害/vn社会/n治安/n的/ude1犯罪/vn适用/vn死刑/n仍然/d是/vshi毫不/d手软/a，/wd确保/v社会/n治安/n的/ude1稳定/an。/wj
同时/c，/wd我们/rr也/d要/v贯彻/v宽严/n相/d济/vg的/ude1刑事/b政策/n，/wd由/p法定/b从/p轻/ad减轻/v处罚/vn情节/n的/ude1，/wd要/v依法/d体现/v政策/n，/wd能/v不/d适用/a死刑/n立即/d执行/v的/ude1，/wd尽量/d不/d去/vf适用/vi。/wj
