2008年/t北京/ns奥运会/n各个/rz方面/n的/ude1筹备/vn工作/vn正/d紧张/a进行/vx，/wd从/p今天/t起/f，/wd《/wkz焦点/n访谈/vn》/wky将/d用/v五/m期/qv节目/n，/wd通过/p记者/n体验/vn，/wd向/p观众/n介绍/v有关/vn场馆/n建设/vn、/wn开幕式/n畅想/vn、/wn奥运/n舵手/n选拔/v、/wn交通/n管理/vn、/wn美食/n征集/vn等/udeng几/m个/q方面/n的/ude1情况/n。/wj
今天/t的/ude1节目/n主要/d向/p观众/n介绍/v场馆/n建设/vn情况/n。/wj
2008年/t奥运会/n北京/ns地区/n共有/v31/m个/q比赛/vn场馆/n，/wd绝大多数/m将/d于/p明年/t年底/t完工/vi。/wj
在/p所有/b奥运/n场馆/n中/f，/wd最/d引人注目/vl的/ude1是/vshi主会场/n“/wyz鸟巢/n”/wyy。/wj
目前/t，/wd这/rzv一/m工程/n中/b难度/n最/d大/a的/ude1钢/n结构/n主/ag桁架/n梁/n成功/ad卸/v载/qt。/wj
卸/v载/qt后/f，/wd总/b重量/n达到/v42000/m吨/q的/ude1“/wyz鸟巢/n”/wyy钢/n结构/n体系/n完全/ad脱离/v外力/n支撑/vn，/wd历经/v两/m年/qt多/a的/ude1建设/vn，/wd这/rzv座/q宏伟/a的/ude1建筑/n终于/d矗立/v起来/vf。/wj
国家/n游泳/vn中心/n“/wyz水/n立方/q”/wyy以/p其/rz新颖/a的/ude1设计/vn也/d成为/v各界/rz关注/v的/ude1热点/n。/wj
奥运会/n期间/f，/wd跳水/vn、/wn游泳/vn等/udeng项目/n都/d将/d在/p此/rzs举行/v。/wj
“/wyz水/n立方/q”/wyy目前/t进行/vx的/ude1工程/n是/vshi外/f墙/n贴/v膜/n。/wj
这/rzv一/m工程/n完成/v后/f，/wd一个/mq像/v水/n一样/uyy的/ude1场馆/n就/d会/v出现/v在/p公众/n面前/f。/wj
中/b空/a的/ude1墙/n将/d保证/v“/wyz水/n立方/q”/wyy是/vshi个/q半/m透明/a的/ude1建筑/n。/wj
此外/c，/wd“/wyz水/n立方/q”/wyy还/d克服/v了/ule降/v噪/vg、/wn防/v晒/v、/wn控/v温/nr1、/wn坚固/a性/n等/udeng具体/a难题/n。/wj
奥运会/n之后/f，/wd“/wyz水/n立方/q”/wyy将/d成为/v普通/a老百姓/n健身/vn娱乐/vn休闲/vn的/ude1好/a去处/n。/wj
2008年/t奥运会/n除了/p北京/ns以外/f，/wd在/p上海/ns、/wn青岛/ns、/wn沈阳/ns、/wn天津/ns、/wn香港/ns、/wn秦皇岛/ns六/m个/q地方/n也/d都/d有/vyou比赛/vn场馆/n。/wj
这些/rz场馆/n已经/d基本/ad建成/v，/wd目前/t正/d对/p一些/mq设施/n进行/vx完善/vn。/wj
青岛/ns是/vshi奥运会/n举办/v帆船/n比赛/vn的/ude1城市/n。/wj
奥林匹克/nz帆船/n中心/n建/v在/p青岛/ns最/d繁华/a的/ude1市中心/s旁边/f，/wd可以/v说是/v和/cc普通/a老百姓/n距离/n最近/t的/ude1帆船/n比赛/vn场馆/n，/wd很多/m市民/n在/p家里/s就/d可以/v观看/v比赛/vn。/wj
前不久/t，/wd这个/rz场馆/n举行/v了/ule2006/m青岛/ns国际/n帆船/n赛/vn，/wd这/rzv也/d是/vshi第一/m次/qv奥运会/n帆船/n测试/vn赛/vn，/wd很多/m人/n对/p帆船/n产生/v了/ule兴趣/n。/wj
国际/n奥委会/n和/cc国际/n帆/n联/vg的/ude1官员/n表示/v，/wd紧/d挨/v市中心/s建设/vn场馆/n，/wd对/p帆船/n运动/vn的/ude1推广/vn和/cc奥林匹克/nz精神/n的/ude1传播/vn非常/d有益/a。/wj
结语/n：/wp采集/v人/n：/wp王宗华/nr2008年/t北京/ns奥运会/n各个/rz方面/n的/ude1筹备/vn工作/vn正/d紧张/a进行/vx，/wd国庆/t期间/f，/wd《/wkz焦点/n访谈/vn》/wky将/d用/v五/m期/qv节目/n，/wd通过/p记者/n体验/vn，/wd向/p观众/n介绍/v有关/vn场馆/n建设/vn、/wn开幕式/n畅想/vn、/wn奥运/n舵手/n选拔/v、/wn交通/n管理/vn、/wn美食/n征集/vn等/udeng几/m个/q方面/n的/ude1情况/n。/wj
今天/t的/ude1节目/n主要/d向/p观众/n介绍/v开幕式/n的/ude1有关/vn情况/n。/wj
带/v着/uzhe各界/rz观众/n对/p开幕式/n的/ude1热望/vn与/cc好奇/a，/wd《/wkz焦点/n访谈/vn》/wky记者/n分别/d对/p文艺/n演出/vn、/wn圣火/n点燃/v、/wn主题歌/n演唱/v等/udeng关注/vn热点/n进行/vx“/wyz打探/v”/wyy。/wj
今年/t4月/t，/wd北京/ns奥/b组/n委/ng正式/ad成立/vi由/p张艺谋/nr担任/v总/b导演/n、/wn张继钢/nr和/cc陈维亚/nr为/p副/b总/b导演/n的/ude1开/v闭幕式/n创作/vn团队/n。/wj
陈维亚/nr对/p记者/n说/v，/wd北京/ns奥/b组/n委/ng向/p全球/n征集/v了/ule409/m个/q开幕式/n方案/n后/f，/wd目前/t正/d采取/v低调/n方式/n抓紧/vd筹划/v，/wd希望/v能/v给/p大家/rr一个/mq惊喜/a；/wf张继钢/nr导演/n表示/v，/wd导演/n组/n随时/d接受/v社会/n各界/rz的/ude1意见/n和/cc建议/n，/wd绝不/d会/v闭门造车/vl。/wj
奥运会/n开幕式/n上/f最/d令/v人/n惊心动魄/vl的/ude1还有/v点燃/v圣火/n的/ude1一刹那/t。/wj
目前/t2008年/t北京/ns奥运会/n点火/vn方案/n还/d处于/v构思/vn阶段/n，/wd方案/n绝对/d保密/vi。/wj
记者/n在/p采访/v时/ng了解/v到/v，/wd很多/m人/n都/d在/p献计献策/vl。/wj
刘博/nr是/vshi一/m名/q刚/d刚/d毕业/v的/ude1大学生/n，/wd他/rr毕业/v前/f创作/v的/ude1动画/n短片/n在/p今年/t7月/t获得/v了/ule中国/ns人民/n大学/n人文/n奥运/n中心/n举办/v的/ude1奥运/nDV/x比赛/vn大奖/n，/wd在/pDV/x中/f他/rr设计/v了/ule自己/rr心中/s的/ude1点火/vn仪式/n——/wp烽火台/n点火/vi。/wj
从/p2004年/t至/p今/tg，/wd北京/ns奥/b组/n委/ng向/p全/a社会/n征集/vn奥运/n歌曲/n的/ude1活动/vn一直/d在/p进行/vx，/wd记者/n从中/d挑选/v了/ule一/m首/q入围/v歌曲/n，/wd分别/d请/v著名/a歌唱家/n、/wn歌手/n组合/vi用/p美声/n、/wn民族/n、/wn通俗/a、/wn原生态/n四/m种/q唱法/n，/wd让/v电视机/n前/f的/ude1观众/n先/d听/v为/p快/a。/wj
记者/n在/p采访/v中/f强烈/a地/ude2感受/v到/v，/wd依靠/v全国/n人民/n的/ude1踊跃/ad参与/v和/cc集思广益/vl、/wn开/v闭幕式/n创作/vn团队/n的/ude1激情/n与/cc智慧/n，/wd2008/m北京/ns奥运会/n一定/d能/v给/p世界/n一个/mq惊喜/a。/wj
详细/a内容/n往/p届/q的/ude1奥运会/n开幕式/n给/p全世界/n展现/v了/ule很多/m精彩/a的/ude1瞬间/t，/wd2008年/t北京/ns奥运会/n的/ude1开幕式/n我们/rr能/v看到/v些/q什么/ry呢/y？/ww
北京/ns市民/n：/wp能否/v让/v这个/rz节目/n更/d震撼/v一些/mq？/ww
北京/ns市民/n：/wp不/d知道/v能/v不/d能/v像/p雅典/ns那样/rzv给/p人/n惊喜/an？/ww
北京/ns市民/n（/wkz儿童/n）/wky：/wp想/v看/v北京/ns福娃/nrf。/wj
北京/ns市民/n（/wkz老人/n）/wky：/wp像/p春节/t晚会/n节目/n一样/uyy，/wd演/v一/m下/f让/v大家/rr看看/v，/wd提/v提/v意见/n。/wj
记者/n（/wkz王/nr1小节/n）/wky：/wp现在/t距离/p北京/ns奥运会/n开幕/vi只有/c不/d到/v两/m年/qt的/ude1时间/n了/y，/wd很多/m人/n都/d在/p关心/v北京/ns奥运会/n开幕式/n的/ude1文艺/n演出/vn究竟/d会/v是/vshi个/q什么/ry样子/n？/ww
圣火/n该/v如何/ryv点燃/v？/ww
主题歌/n好不/d好听/a呢/y？/ww
今天/t我/rr就/d帮/v大家/rr去/vf打探/v打探/v？/ww
陈/nr1导/n，/wd您/rr这/rzv两/m天/qt都/d忙/v什么/ry呢/y？/ww
陈/nr1：/wp天天/d开会/vi。/wj
记者/n：/wp那/rzv您/rr能/v说/v说/v，/wd现在/t到底/d是/vshi个/q什么样/ryv的/ude1进展/vn了/y？/ww
陈/nr1：/wp不/d能/v说/v。/wj
记者/n：/wp什么/ry都/d不/d能/v说/v？/ww
解说/v：/wp我/rr先/d找/v到/v了/ule北京/ns奥运会/n开/v闭幕式/n副/b总/b导演/n陈维亚/nr，/wd今年/t四月/t，/wd在/p向/p全球/n广泛/ad征集/v了/ule409/m个/q开/v闭幕式/n方案/n之后/f，/wd北京/ns奥/b组/n委/ng正式/ad成立/vi了/ule由/p张艺谋/nr、/wn张继钢/nr、/wn陈维亚/nr为/p开/v闭幕式/n的/ude1导演/n组/n的/ude1创作/vn团队/n。/wj
由于/c肩负/v着/uzhe全国/n人民/n的/ude1期望/vn，/wd奥运会/n开/v闭幕式/n创作/vn团队/n的/ude1压力/n可/c着实/d不/d小/a。/wj
他们/rr希望/v在/p开幕式/n亮相/vi之前/f尽量/d减少/v大家/rr的/ude1关注/vn，/wd最后/f再/d来/vf一个/mq巨大/a的/ude1惊喜/an。/wj
张维亚/nr（/wkz北京/ns奥运会/n开/v闭幕式/n副/b总/b导演/n）/wky：/wp这个/rz事/n太/d大/a了/y，/wd我们/rr都/d习惯/v，/wd我们/rr的/ude1口头语/n：/wp这/rzv是/vshi个/q天/n大/a的/ude1事/n。/wj
还/d没/d表演/v呢/y，/wd所有/b观众/n都/d知道/v下/vf每/rz一/m分钟/qt将/d出现/v什么/ry，/wd再/d下/vf一/m分钟/qt将要/d出现/v什么/ry的/ude1话/n，/wd艺术/n效果/n感染力/n会/v大/a打折扣/vi，/wd一定/d到/v了/ule那/rzv一/m天/qt，/wd到/v了/ule那/rzv一刻/mq，/wd灯光/n亮/vi起/vf，/wd音乐/n响起/v，/wd人们/n才/d能够/v被/pbei那/rzv个/q艺术/n上/f的/ude1强烈/ad震撼/v所/usuo感染/v。/wj
记者/n：/wp因为/p我们/rr估计/v到/v北京/ns奥运会/n的/ude1开幕式/n的/ude1准备/vn情况/n肯定/d是/vshi什么/ry都/d不/d能/v说/v，/wd所以/c我们/rr就/d特地/d刻/v了/ule一/m张/q盘/qv，/wd里面/f是/vshi四/m位/q国际/n的/ude1开幕式/n大师/n畅谈/v北京/ns2008年/t奥运会/n开幕式/n，/wd我们/rr请/v陈/nr1导/n看/v一下/mq，/wd咱们/rr就/d可以/v采访/v时/ng更/d有/vyou针对性/n。/wj
