对 绝大多数 考生 而言 ， 高考 依然 是 守 住 教育 公平 的 最 重要 的 底线 ， 依然 是 普通 家庭 孩子 改变 命运 的 最 大 希望 高考 来 了 。
连 空气 中 都 仿 佛 弥漫 着 紧张 期待 的 气息 。
安徽 六安 一 所 中学 万 名 考生 集体 赴考 ， 送 者 如 堵 。
从 图片 上 看 ， 车 内 车 外 目光 粘连 ， 交织 着 渴望 、 紧张 、 担忧 、 不 舍 等 复杂 情绪 。
这 两 天 ， 类似 情形 在 全国 各地 触 目 可 及 。
高考 日 ， 从来 都 是 一年 中 最 让 人 揪心 的 时刻 —— 不独 是 考生 及 家长 ， 全 社会 都 在 激动 甚至 焦灼 。
不论 什么 新闻 ， 但 涉 “ 高考 ” 必 火 。
高考 移民 、 异地 高考 、 高考 加 分 、 高考 作弊 …
…
任何 一个 关于 高考 的 政策 或事件 ， 都 会 牵动 全 社会 最 敏感 的 那 根 神经 。
一 位 中国 教授 曾经 问 他 的 美国 学生 ： 你 知道 对 中国 家庭 来说 ， 最为 重大 、 牵扯 全家 心态 和 投资 决策 的 事件 是 什么 —— 是 孩子 的 升学 。
美国 学生 迷惑不解 。
他们 当然 不 懂 ， 中国 高考 ， 至少 有 三 层 重大 含义 ： 第一 ， 这 可能 是 一个 孩子 决定 他 的 人生 命运 走向 、 人生 高度 和 广度 的 重要 时刻 ； 第二 ， 这 是 一个 普通 家庭 改变 命运 且 受到 集体 鼓励 的 机会 ； 第三 ， 这 也 是 从 国家 层面 调整 各 阶层 利益 格局 的 公平 竞争 时刻 。
用 这样 的 心情 再 看 高考 新闻 ， 送 考 也罢 ， 考 前 宣誓 也罢 ， 交警 全体 出动 为 考生 保障 也罢 ， 固然 常 被 诟病 是 过度 紧张 ， 但是 ， 从 全 社会 对 高考 的 这种 尊重 与 爱护 ， 我们 能 读 出 的 ， 是 对 合理 追求 美好 人生 的 体谅 ， 是 对 通过 教育 改变 命运 的 敬重 ， 更 是 对 成为 打通 各 群体 上升 通道 的 高考 体制 的 保护 。
如今 ， 成才 路径 多 元 ， 但 高考 仍然 是 国家 筛选 人才 的 重要 渠道 。
高考 之所以 被 高度 重视 ， 盖 因 它 是 社会 阶层 、 社会 利益 的 一 次重新 分配 。
分数 面前 人人 平等 ， 一语道破 了 高考 的 重大 价值 。
一 考 定 终身 的 高考 模式 ， 正在 修正 之中 。
有 从 国家 层面 推动 教育 公平 的 ， 像 今年 起 国家 已 决定 提高 重点 大学 的 农村 子弟 比例 ， 让 “ 寒门 ” 有 机会 出 “ 贵子 ” ； 有 从 体制 内 有序 推动 ， 像 高校 保送 与 自主 招生 比例 逐年 扩大 ， 在 一些 名校 已 超过 一半 ， 所谓 “ 高考 状元 ” 因此 已 不再 有 炒作 必要 ； 有 类似 南方 科技 大学 试图 绕 开 高考 的 教改 实验 ； 还有 自发 进行 的 “ 用 脚 投票 ” ， 不少 学生 放弃 高考 ， 选择 本科 留学 。
更 值得 关注 的 ， 是 一些 因 高校 学费 高昂 且 就业 艰难 而 弃 考 的 困难 家庭 …
…
这 种种 围绕 高考 展开 的 新 迹象 ， 让 我们 亦 喜 亦 忧 。
现在 ， 中国 教育 最 需要 的 不仅仅 是 钱 —— 尽管 我们 仍然 希望 ， 在 教育 经费 占 GDP 的 比重 终 达 4% 的 基础 上 ， 更 向 世界 平均 水平 4. 9% 靠拢 —— 更 重要 的 ， 是 改革 的 思路 和 勇气 。
教育 公平 ， 是 起点 的 公平 ， 也 是 机会 的 公平 ， 规则 的 公平 ， 要 让 高考 制度 体现 这样 的 目标 ： 公平 取 士 、 鼓励 寒门 学子 通过 努力 改变 命运 、 合理 调节 社会 阶层 有序 流动 、 为 国家 民族 补充 源源 不 绝 的 正 能量 。
基于 此 ， 至少 在 目前 ， 对 绝大多数 考生 而言 ， 高考 依然 是 守 住 教育 公平 的 最 重要 的 底线 ， 依然 是 普通 家庭 孩子 改变 命运 的 最 大 希望 。
从 这个 意义 上 说 ， 在 今天 ， 高考 依然 有 捍卫 的 必要 。
所以 ， 不必 把 焦点 放在 消弭 全 社会 的 高考 焦虑 症 上 ， 更 艰难 的 改变 在于 彰 显 社会 公平 ： 无论是 白领 、 蓝领 ， 还是 农民 、 公务员 ， 都 能 受到 尊重 ， 都 能 充分 表达 自己 ， 都 有 实现 幸福 的 同等 机会 —— 到 了 那个 时候 ， 面对 高考 ， 任 谁 都 会 有 平常心 了 。
现在 ， 我们 且 以 公平 的 名义 ， 向 高考 致敬 ， 为 考生 祝福 ！
教育家 说 过 ， 教育 公平 是 实现 社会 公正 的 最 伟大 的 工具 。
解决 好 农村 学生 上 重点 高校 比例 偏 低 的 问题 ， 既 是 保障 他们 的 受 教育 权 乃至 平等 就业 权 ， 也 是 促进 社会 公平 正义 的 现实 课题 。
然而 ， 用 好 教育 公平 这个 “ 伟大 工具 ” ， 并非 仅 有 良好 的 愿望 就 行 ， 还 必须 有 脚踏实地 的 科学 设计 。
作为 国家 的 基本 教育 政策 ， 促进 教育 公平 是 一 项 艰巨 、 复杂 、 长期 的 任务 ， 不 可能 一蹴而就 ， 也 不能 脱离 中国 国情 ， 忽视 教育 改革 和 发展 的 实际 。
事实上 ， 哪怕 农村 学生 进入 知名 大学 的 比例 只 提高 一 个 百分点 ， 对于 参加 高考 的 数百 万 农村 学生 来说 ， 就 意味着 多 了 数千 个 进入 中国 知名 大学 的 机会 ， 殊 为 不易 。
尤其 要 看到 ， 目前 我国 高等教育 规模 虽 位居 世界 第一 ， 但 与 庞大 的 人口 基数 和 人民 对 高等教育 的 迫切 需求 比 ， 优质 资源 的 供给 依然 严重 不足 。
