截至 2004年 底  全国 有 17 个 省 （ 自治区  直辖市 ） 查处 农业 植物 新品种 侵权 和 假冒 案 件 863 件 
国家 重视 和 珍惜 老年人 的 知识  经验 和 技能  尊重 他们 的 优良 品德  积极 创造条件  发挥 老年人 的 专长 和 作用  鼓励 和 支持 老年人 融入 社会  继续 参与 社会 发展 
《 中华人民共和国 老年人 权益 保障 法 》 设 专 章 保障 老年人 参与 社会 发展 的 权益 
中国 颁布 的 老龄 事业 发展 计划 或 规划 都 把 鼓励 老年人 参与 社会 发展 作为 重要 内容  并 为 发挥 离退休 高级专家 和 专业 技术人员 作用 制定 专项 政策 
在 城镇  各级 政府 根据 经济  社会 和 科技 发展 需要  引导 老年人 参与 教育 培训  技术 咨询  医疗 卫生  科技 应用 开发 以及 关心 教育 下一代 等 活动 
在 农村  鼓励 低龄 健康 老年人 从事 种植  养殖 和 加工业 
据 有关 统计  在 老年 人口 中  城市 曾 参加 社会 公益 活动 的 老年人 占 38 7%  继续 从事 有 收入 工作 的 老年人 占 5 2%  农村 老年人 从事 农业 劳动 的 占 36 4% 
从 2003年 起  国家 开始 组织 以 老年 知识分子 发挥 科技 知识 和 业务 专长 援助 西部 地区 和 本地 欠 发达 地区 为 主要 内容 的  银 龄 行动   目前 已 在 24 个 省 （ 自治区  直辖市 ） 为 受 援 地 群众 治病 20 多 万 人次  培训 医务 骨干 和 中小学 教师 3 8 万 人 
在 全国 范围 内 实施  爱心 助 成长  志愿 服务 计划  以 健康 低龄 老年人 为 主体 组成 志愿者 队伍  广泛 开展 德育 行动  宣讲 行动  监查 行动  护 苗 行动 和 关爱 行动  帮助 青少年 解决 学习  生活  心理 等 问题  目前 该 计划 已 在 全国 100 多 个 城市 展开 
在 政府 的 引导 和 扶持 下  中国 老 教授 协会  老 科技 工作者 协会  老年 法律 工作者 协会 等 全国性 老年 社会 团体 已 发展 到 13 家  分会 遍及 全国 各地 
中国 老 教授 协会 和 老 科技 工作者 协会 的 个体 会员 数量 超过 65 万 人 
各地 成立 了 退休 工程师 协会  老 教育工作者 协会  离退休 医务 工作者 协会 等 一 批 以 老年 知识分子 为 主体 的 社会 团体  组织 老年 知识分子 继续 为 社会 经济 发展 作 贡献 
各地 重视 城乡 基层 老年 群众 组织 建设  2005年 底  城市 社区 和 农村 老年人 协会 发展 到 31 7 万 个  在 组织 广大 老年人 参与 基层 社区 建设  社会 公益 活动 和 维护 老年人 自身 权益 等 方面 发挥 了 积极 作用 
近年来  国家颁布 《 城市道路 和 建筑物 无 障碍 设计 规范 》  制定 《 无 障碍 设施 建设 工作  十五  实施 方 案 》 以及 《 民用 机场 旅客 航站 区 无 障碍 设施 设备 配置 标准 》  《 铁路 车站 及 枢纽 设计 规范 》  《 铁路 旅客 车站 建筑设计 规范 》  《 铁路 站 场 客 货运 设备 设计 规范 》 等 一 系列 标准 规范  大中城市 道路  车站  机场  商场  公交 站点  住宅 居住区 和 其他 公共 建筑 的 无 障碍 设施 建设 发展 较 快  老年人 安居 和 参与 社会 生活 的 设施 环境 不断 改善 
开展 了 创建 全国 无 障碍 设施 建设 示范 城 （ 区 ） 活动  北京  上海  天津 等 12 个 城市 被 确定 为 首 批 全国 无 障碍 设施 建设 示范 城 （ 区 ） 创建 城市 
国家 尊重 和 保护 老年人 合法 权益  充分 运用 法律 和 道德 等 手段  加强 老年人 权益 保障 工作  促进 老年人 各项 合法 权益 的 实现 
《 中华人民共和国 宪法 》 规定   中华人民共和国 公民 在 年老  疾病 或者 丧失 劳动 能力 的 情况 下  有 从 国家 和 社会 获得 物质 帮助 的 权利    成年 子女 有 赡养 扶助 父母 的 义务    禁止 虐待 老人  妇女 和 儿童  
《 中华人民共和国 老年人 权益 保障 法 》  《 中华人民共和国 民法 通则 》  《 中华人民共和国 继承法 》  《 中华人民共和国 婚姻法 》  《 中华人民共和国 刑法 》  《 中华人民共和国 治安 管理 处罚 法 》 等 基本 法律  都 明确 了 老年人 的 权利 以及 侵害 老年人 权利 应 承担 的 法律 责任 
目前  全国 已 有 30 个 省 （ 自治区  直辖市 ） 制定 实施 了 保护 老年人 合法 权益 的 专项 地方 性 法规 
国家 在 社会 生活 中 充分 尊重 和 照顾 老年人 
2005年 发布 的 《 关于 加强 老年人 优待 工作 的 意见 》  在 经济 供养  医疗 保健  生活 服务  文体 休闲 和 维权 服务 等 方面 提出 了 对 老年人 实行 优先 优惠 服务 和 照顾 的 要求 
目前  各省 （ 自治区  直辖市 ） 都 制定 了 对 老年人 实行 优待 的 政策  使 老年人 充分 享受 到 社会 的 尊重 和 关爱 
人民 法院 认真 审理 虐待  遗弃  伤害 老年人 的 刑事 案 件  依法 制裁 侵犯 老年人 人身 和 财产 权利 的 犯罪 行为 
对 老年人 因 养老  医疗 等 纠纷 提起 的 诉讼  予以 优先 立 案  优先 审理 和 优先 执行 
部分 基层 人民法院 设立 了 专门 处理 涉 老 民事 纠纷 案 件 的  老年 法庭   建立 了 涉 老 案 件 陪审员 制度 
最高人民法院 制定 有关 司法 救助 的 规定  对 贫困 老年人 的 诉讼费 用 实行 缓 交  减 交 和 免 交 
2005年  3 万 多 老年人 获得 司法 救助 
公安 机关 依法 严厉 打击 各种 侵害 老年人 合法 权益 的 违法 犯罪活动  有力 保护 老年人 的 人身 和 财产 安全 
司法 行政 部门 积极 做好 老年 法律 援助 和 法律 服务 工作 
各地 法律 援助 和 法律 服务机构 为 老年人 提供 优先 或 优惠 服务 
遍布 城乡 的 基层 人民 调解 组织 在 调解 涉 老 纠纷  保护 老年人 权益 方面 发挥 了 重要 作用 
2001年 至 2005年  法律 服务机构 平均 每年 为 老年人 提供 法律 援助 4 万 多 件  代理 诉讼 和 非 诉讼 法律 服务 40 多 万 件  调解 涉 老 纠纷 40 多 万 件 
各级 人大 常委会 定期 或 不 定期 开展 执法 检查  推动 政府 有关 部门 依法 履行 职责  落实 老年人 的 各项 合法 权益 
2001年 至 2005年  全国 县级 以上 人大 常委会 开展 老龄 法律法规 的 执法 检查 达 3000 余 次 
各级 人民 政协 履行 民主 监督 职能  为 政府 改进 老年人 权益 保障 工作 建 言 献策 
2001年 至 2005年  全国政协 委员 提出 涉 老 提 案 近 1000 件 
各级 政府部门 加强 信访 工作  畅通 群众 监督 的 渠道 
