依法 打击 网络 犯罪 
近年来  中国 的 网络 犯罪 呈 上升 趋势  各种 传统 犯罪 与 网络 犯罪 结合 的 趋势 日益 明显  网络 诈骗  网络 盗窃 等 侵害 他人 财产 的 犯罪 增长 迅速  制作 传播 计算机病毒  入侵 和 攻击 计算机 与 网络 的 犯罪 日趋 增多  利用 互联网 传播 淫秽 色情 及 从事 赌博 等 犯罪活动 仍然 突出 
据 统计  1998年 公安 机关 办理 各类 网络 犯罪 案 件 142 起  2007年 增长 到 2 9 万 起  2008年 为 3 5 万 起  2009年 为 4 8 万 起 
为 有效 打击 网络 违法 犯罪活动  中国 法律 规定  对 利用 互联网 和 针对 互联网 的 犯罪 行为  依照 《 中华人民共和国 刑法 》 的 相关 规定 追究 刑事 责任  对 不 构成 犯罪 的  依照 《 中华人民共和国 治安 管理 处罚 法 》  《 计算机信息 网络 国际 联网 安全 保护 管理 办法 》 等 法律法规 予以 行政 处罚 
反对 任何 形式 的 网络 黑客攻击 行为 
中国 同 世界 其他 国家 一样  面临 黑客攻击  网络 病毒 等 违法 犯罪活动 的 严重 威胁 
中国 是 世界 上 黑客攻击 的 主要 受害 国 之一 
据 不 完全 统计  2009年 中国 被 境外 控制 的 计算机 IP 地址 达 100 多 万 个  被 黑客 篡改 的 网站 达 4 2 万 个  被  飞 客  蠕虫 网络 病毒感染 的 计算机 每月 达 1  800 万 台  约 占 全球 感染 主机 数量 的 30% 
中国 法律 禁止 任何 形式 的 网络 黑客 行为 
《 全国 人民 代表大会 常务 委员会 关于 维护 互联网 安全 的 决定 》 明确 规定  对  故意 制作  传播 计算机病毒 等 破坏性 程序  攻击 计算机系统 及 通信 网络  致使 计算机系统 及 通信 网络 遭受 损害  等 破坏 网络 安全 的 行为  构成 犯罪 的  依照 刑法 有关 规定 追究 刑事 责任 
《 中华人民共和国 刑法 》 第二百八十五 条  二百八十六 条 对 非法获取 计算机信息 系统 中 存储  处理 或者 传输 的 数据  对 提供 专门 用于 侵入  非法 控制计算机 信息 系统 的 程序  工具 等 违法 行为 的 刑事 处罚 作出 了 具体 规定 
各国 国情 和 文化 传统 不同  对 互联网 安全 的 关切 也 有 差异  应 充分 尊重 各国 对 互联网 安全 的 不同 关切  在 差异 中 求 和谐  在 交流 中 促 发展  共同 维护 国际 互联网 安全 
六  积极 开展 国际交流 与 合作 各国 互联网 彼此 相联  同时 又 分属 不同 主权 范围  这 决定 了 加强 国际交流 与 合作 的 必要性 
中国 主张  各国 在 平等互利 的 基础 上  积极 开展 互联网领域 的 交流 与 合作  共同 承担 维护 全球 互联网 安全 的 责任  促进 互联网 健康 有序 发展  分享 互联网 发展 的 机遇 和 成果 
中国政府 始终 支持 并 积极 开展 互联网领域 的 国际交流 与 合作 
中国 派 代表 参加 了 历届 信息 社会 世界 峰会 （ WSIS ） 及 与 互联网 相关 的 其他 重要 国际 或 区域性 会议 
中国 高度 重视 在 维护 互联网 安全 方面 的 区域 合作  2009年 分别 与 东盟 和 上 合 组织 成员国 签订 了 《 中国 － 东盟 电信 监管 理事会 关于 网络 安全 问题 的 合作 框架 》 和 《 上 合 组织 成员国 保障 国际 信息 安全 政府 间 合作 协定 》 
在 打击 网络 犯罪 领域  中国 公安 机关 参加 了 国际 刑警 组织 亚洲 及 南 太平洋 地区 信息 技术 犯罪 工作组 （ TheInterpolAsia -SouthPacificWorkingPartyonITCrime ）  中 美 执法 合作 联合 联络 小组 （ JLG ） 等 国际 合作  并 先后 与 美国  英国  德国  意大利  香港 等 国家 或 地区 举行 双边 或 多边 会谈  就 打击 网络 犯罪 进行 磋商 
2006年 以来  中国 公安 机关 共 办理 了 来自 40 多 个 国家 和 地区 有关 网络 犯罪 的 协 查 函件 500 余 件  涉及 黑客攻击  儿童 色情  网络 诈骗 等 多种 案 件类型 
中国 积极 推动 建立 互联网领域 的 双边 对话 交流 机制  2007年 以来 先后 与 美国  英国 举办 了  中 美 互联网 论坛  和  中 英 互联网 圆桌会议  
为 学习 借鉴 其他 国家 互联网 发展 与 管理 的 有益 经验  2000年 以来 中国 政府 先后 组织 数十 个 代表团  访问 了 亚洲  欧洲  北美  南美  非洲 等 40 多 个 国家  将 相关 国家 的 成功 经验 应用 到 中国 互联网 发展 与 管理 的 实践 之中 
中国 主张 发挥 联合国 在 国际 互联网 管理 中 的 作用 
中国 支持 建立 一个 在 联合国 框架 下 的  全球 范围 内 经过 民主 程序 产生 的  权威 的  公正 的 互联网 国际 管理机构 
互联网 基础 资源 关系 到 互联网 的 发展 与 安全 
中国 认为  各国 都 有 参与 国际 互联网 基础 资源 管理 的 平等 权利  应 在 现有 管理模式 的 基础 上  建立 一个 多边 的  透明 的 国际 互联网 基础 资源 分配 体系  合理分配 互联网 基础 资源  促进 全球 互联网 均衡 发展 
各国 应 在 平等互利 的 基础 上 开展 多 形式  多渠道  多 层次 的 交流 与 合作 
各国 政府 可 建立 双边 交流 机制  就 互联网 政策  互联网 立法  互联网 安全 等 问题 交流 观点  经验 和 做法  平等 协商 解决 分歧 
各国 政府 应 支持 互联网 行业 组织 开展 国际交流 活动  鼓励 互联网 行业 组织 通过 交流 增进 共识  共同 解决 互联网 业 界 面临 的 问题 
互联网 的 发展 带来 了 一 系列 新 的 科学 和 伦理 问题  应 鼓励 各国 专家 学者 开展 学术 交流  分享 研究 成果 
面对 日益 突出 的 跨国 网络 犯罪 问题  各国 执法 机构 应 加强 共同 防止 和 打击 网络 犯罪 的 侦查 协作  建立 多边 或 双边 的 合作 机制 
