健全 妇幼 卫生 服务体系 
中国 妇幼 卫生 体系 以 妇幼 保健 专业 机构 为 核心  以 城乡 基层 医疗 卫生 机构 为 基础  以 大中型 综合 医疗 机构 和 相关 科研 教学 机构 为 技术支持  为 妇女 儿童 提供 全方位 的 医疗 保健 服务 
建立 妇幼 卫生 年报 系统 和 世界 上规模 最 大 的 妇幼 卫生 监测 网络  实施 出生 缺陷 监测  孕产妇 死亡 监测  ５ 岁 以下 儿童 死亡 监测  危重 孕产妇 监测 和 儿童 营养 健康 监测 
妇幼 卫生 信息 为 各级 政府 制定 卫生 政策 特别 是 妇幼 卫生 政策 提供 了 科学依据 
开展 妇女 生殖 保健 服务 
积极 推广 婚前 和 孕 前 保健  普及 优生优育  生殖 健康 科学 知识  深入 开展 孕 产 期 保健  形成 包括 产前 检查  产前 筛 查 与 诊断  高危 孕产妇 筛 查 与 管理  住院 分娩  新生儿 保健 和 产后 访 视 在内 的 一整套 孕 产 期 保健 服务 
２０１１年 全国 孕产妇 产前 检查 率  产后 访 视 率 和 系统 管理 率 分别 为 ９３． ７％  ９１． ０％ 和 ８５． ２％  比 ２０００年 分别提高 ４． ８１％  ５０５７％ 和 １０． ３６％  高危 孕产妇 管理 率 达 到 了 ９９． ６％ 
开展  降低 孕产妇 死亡率  消除 新生儿 破伤风  项目  消除 了 孕产妇 及 新生儿 破伤风 
２０１１年  全国 孕产妇 死亡率 为 ２６． １／１０ 万  比 １９９０年 和 ２０００年 下降 了 ７２． ４％ 和 ５０． ８％ 
开展 妇女病 普查 普 治  青春期 保健 和 更 老年期 保健 等  为 广大 妇女 提供 全 生命 周期 服务 
开展 儿童 保健 服务 
加强 新生儿 保健  规范 新生儿 访 视 服务 
开展 婴幼儿 及 学龄 前 儿童 保健  实施 ７ 岁 以下 儿童 保健 管理 和 ３ 岁 以下 儿童 系统 管理 
２０１１年 全国 ３ 岁 以下 儿童 系统 管理 率 和 ７ 岁 以下 儿童 保健 管理 率 分别 达到 ８４． ６％ 和 ８５． ８％ 
儿童 生长 发育 水平 不断 提高  儿童 营养 不良 状况 持续 减少 
努力 控制 出生 缺陷  提高 出生 人口 素质  开展 新生儿 疾病 筛 查  ０—３ 岁 儿童 早期 综合 发展  发育 偏离 儿童 的 康复 训练  高危 儿 早期 干预  食物 过敏 的 早期 干预  睡眠 问题 干预  环境污染 对 儿童 健康 损害 的 早期 干预 以及 青春期 保健 等 
关注 和 重视 留守 儿童  流动 儿童  伤残 儿童 等 特殊 儿童 群体 的 身心健康 
六  中医药 发展 中医药 在 中国 有着 悠久 的 历史  是 中华民族 在 生产 生活 实践 以及 治疗 疾病 过程 中 形成 和 发展 的 医学 科学  是 中华民族 智慧 的 结晶  为 中华民族 繁衍 昌盛 作出 了 重要 贡献 
中医药 在 治疗 常见病  多发病 和 疑难病 等 方面 独具特色 和 优势  在 治疗 传染性 疾病 方面 也 有 良好效果  并 以 其 费用低  疗效 好  副作用 小 等 特点  深受 中国 公众 喜爱  在 医疗 卫生 保健 中 发挥 着 不可 替代 的 重要 作用 
中国政府 一贯 积极 扶持 和 促进 中医药 事业 的 发展 
建立 覆盖 城乡 的 中医 医疗 服务体系 
在 城市  形成 了 以 中医 医院  民族 医 医院  中西医 结合 医院  中医 专科 医院  综合 医院 中 医科  社区 卫生 服务机构 及 中医 门诊部 和 中医 诊所 为主 的 城市 中医药 服务网络 
在 农村  形成 了 由 县级 中医 医院  乡镇 卫生院 中 医科 和 村 卫生室 为主 的 农村 中医药 服务网络 
目前  ７５． ６％ 的 社区 卫生 服务中心  ５１． ６％ 的 社区 卫生 服务站  ６６． ５％ 的 乡镇 卫生院  ５７． ５％ 的 村 卫生室 能够 提供 中医药 服务 
形成 独具特色 的 中医药 人才 培养 体系 
国家 把 人才 培养 作为 中医药 事业 发展 的 根本  加强 名 老 中医药 专家 学术 思想 和 经验 继承 工作 以及 优秀 中医 临床 人才 培养  加强 社区  农村 基层 中医药 人才 的 培养  基本 形成 了 院校 教育  师承 教育  继续 教育 多 形式  多 层次  多 途径 的 中医药 教育 体系  初步 建立 起 社区  农村 基层 中医药 人才 培养 机制 
截至 ２０１１年  全国 共 有 高等 中医药  民族 医药 院校 ４６ 所  高等教育 中医药 类 在校生 人数 ５５． ３ 万 人  卫生 机构 中医 类别 执业 ( 助理 ) 医师 ２９． ４ 万 人  中 药师 ( 士 ) ９． ７ 万 人 
推进 中医药 现代化 
积极 利用 现代 科学技术  推进 中医药 的 理论 和 技术创新  在 中医 基础理论  临床 诊疗  中药 技术 等 领域 取得 重要 成果 
推进 中药 产业化 和 现代化  中药 产业 规模  技术水平 大幅提高 
目前  全国 中药 生产 企业 近 １５００ 家 
中药 产品种类  数量  生产 工艺 水平 有 了 很 大 提高 
重视 和 保护 中医药 的 文化 价值  ４１ 项 中医药 项目 列入 国家 非 物质 文化 遗产 名录 
积极 开展 国际交流 合作 
目前  已 有 ７０ 多 个 国家 与 中国 签订 了 包含 中医药 内容 的 政府 协议 或 专门 的 中医药 合作 协议  中医药 对外 医疗  教育  科技 合作 不断 扩大  已 传播 到 世界 上 １６０ 多 个 国家 和 地区 
 中医 针灸  列入 人类 非 物质 文化 遗产 代表作 名录  《 黄帝内经 》  《 本草纲目 》 等 中医药 典籍 列入 《 世界 记忆 遗产 名录 》 
国际 标准化 组织 ( ISO ) 成立 了 中医药 技术 委员会  并 将 这 一 委员会 的 秘书处 设 在 中国 
