六  军事 法制 中国 武装力量 遵守 宪法 和 法律  贯彻 依法 治军 方针  加强 军事 法制 建设  保障 和 推动 国防 和 军队 建设 沿着 法制化 轨道 前进 
军事 法规 体系 建设 制定 和 修改 一 批 重要 军事 法律 法规 
两 年 来  全国人大常委会 审议 通过 《 中华人民共和国 人民 武装 警察 法 》  《 中华人民共和国 国防 动员 法 》 和 新 修订 的 《 中华人民共和国 预备役 军官 法 》 
中共中央  中央军委 批准 发布 新 修订 的 《 中国人民解放军 政治 工作 条例 》 
中央军委 发布 施行 新 修订 的 《 中国人民解放军 内务 条令 》  《 中国人民解放军 纪律 条令 》  《 中国人民解放军 队列 条令 》 和 新 一代 司令部 工作 条例 
经 中央军委 批准  总参谋部  总政治部  总后勤部  总装备部 发布 施行 新 修订 的 《 军队 基层 建设 纲要 》  总政治部 发布 施行 《 中国人民解放军 思想 政治 教育 大纲 》 
国务院  中央军委 联合 公布 施行 《 军服 管理 条例 》  《 武器 装备 质量 管理 条例 》 及 新 修订 的 《 中国人民解放军 现役 士兵 服役 条例 》  各 总部  军兵种  军区 和 武警 部队 发布 施行 一 批 军事 规章 
截至 2010年 12月  全国人大 及其 常务 委员会 制定 的 国防 和 军事 方面 的 法律 及 有关 法律 问题 的 决定 17 件  国务院  中央军委 联合 制定 的 军事 行政 法规 97 件  中央军委 制定 的 军事 法规 224 件  各 总部  军兵种  军区 和 武警 部队 制定 的 军事 规章 3000 多 件 
开展 军事 法律 法规 规章 清理 汇编 工作 
根据 全国人大常委会 工作 部署  2008年 中央军委 法制 机构 组织 各 总部  军兵种 和 武警 部队 法制 工作 部门 开展 了 国防  军事 方面 法律 清理 工作 
国际 军事 竞争 依然 激烈 
主要 国家 加紧 调整 安全 和 军事 战略  加快 军事 改革 步伐  大力 发展 军事 高新技术 
一些 大国 制定 外层 空间  网络 和 极地 战略  发展 全球 快速 打击 手段  加速 反 导 系统 建设  增强 网络 作战 能力  抢占 新 的 战略 制高点 
部分 发展中国家 保持 强 军 势头  推进 军队 现代化 
国际 军控 进程 有所 推进  但 防止 大规模 杀伤性 武器 扩散 形势 错综复杂  维护 和 加强 国际 防 扩散 机制 任重道远 
亚太地区 安全 形势 总体 稳定 
亚洲 率先 实现 经济 复苏  整体 崛起 态势 进一步 巩固 
亚洲 各国 抓住 经济 全球化 和 区域 经济 一体化 机遇  致力 于 促进 经济 发展 和 地区 稳定  利益 共同体 和 命运 共同体 意识 增强  坚持 多边 主义 和 开放 的 地区 主义  积极 发展 与 域 内外 国家 的 双边 多边 合作  努力 建设 具有 地区 特色 的 经济 与 安全 合作 机制 
上海 合作 组织 在 促进 地区 稳定 和 发展 方面 影响 增强  东盟 共同体 建设 逐步 推进  中国 与 东盟  东盟 与 中 日 韩  中 日 韩 等 合作 不断 深化  亚 太 经济 合作 组织 继续 发展 
亚太地区 安全 的 复杂性  多 变性 趋于 明显 
地区 热点 久拖不决  朝鲜 半岛 形势 不时 紧张  阿富汗 安全 形势 依然 严峻  部分 国家 政局 动荡 
民族 和 宗教 矛盾 突出  领土 和 海洋 权益 争端 时 有 升温  恐怖主义  分裂主义  极端 主义 活动 猖獗 
亚太地区 战略 格局 酝酿 深刻 调整  相关 大国 增加 战略 投入 
美国 强化 亚 太 军事 同盟 体系  加大 介入 地区 安全 事务 力度 
中国 仍 处在 发展 的 重要 战略 机遇 期  安全 环境 总体 有利 
有效 应 对 国际 金融 危机 冲击  保持 经济 平稳 较 快 发展  积极 维护 国家 安全 和 社会 稳定  综合国力 迈 上 新 台阶 
加强 同 传统 大国 和 新兴 大国 的 协调 合作  深化 同 周边 国家 的 睦邻友好 和 务实 合作  拓展 同 广大 发展中国家 的 互利 合作  在 共同 应对 全球性 挑战 中 发挥 独特 作用 
中国政府 制定 并 实施 新 形势 下 推动 两岸 关系 和平 发展 的 方针 政策  促进 台 海 局势 保持 和平 稳定  两岸 关系 取得 重大 积极 进展 
两岸 在 反对  台独   坚持  九二 共识  基础 上 增进 政治 互信  开展 对话 协商  就 全面 实现 两岸 直接 双向  三通   推进 经济 金融 合作 等 达成 一 系列 协议 
两岸 关系 和平 发展 符合 两岸 同胞 的 利益 和 愿望  也 受到 国际 社会 的 普遍 欢迎 
中国 面临 的 安全 挑战 更加 多 元 和 复杂 
中国 有 辽阔 的 国土 和 海域  正 处在 全面 建设 小康 社会 的 关键 时期  维护 国家 安全 任务 繁重 
 台独  分裂 势力 及 其 分裂 活动 仍 是 两岸 关系 和平 发展 的 最 大 障碍 和 威胁 
两岸 关系 发展 还 面临 不少 复杂 因素 的 制约 
 东 突    藏 独  分裂 势力 对 国家 安全 和 社会 稳定 造成 严重 危害 
维护 国家 领土 主权  海洋 权益 压力 增大  恐怖主义 的 现实 威胁 存在  能源 资源  金融  信息  自然灾害 等 非传统 安全 问题 上升 
来自 外部 的 疑虑  干扰 和 牵制 增加 
美国 违反 中 美 三 个 联合公报 原则  继续 向 台湾 出售 武器  严重 损害 中 美 关系 和 两岸 关系 和平 发展 
2009年  组织 开展 第五 次 军事 法规 军事 规章 清理 汇编 工作  共 清理 2008年 底 以前 发布 的 现行 军事 法规 ( 含 规范性 文件 ) 921 件  军事 规章 ( 含 规范性 文件 ) 7984 件  废止 军事 法规 ( 含 规范性 文件 ) 65 件  军事 规章 ( 含 规范性 文件 ) 1214 件 
编辑 出版 《 中华人民共和国 军事 法规 汇编 ( 2004—2008 ) 》  《 中国人民解放军 军事 规章 汇编 ( 2004—2008 ) 》  《 中国 人民 武装 警察 部队 军事 规章 汇编 ( 2004—2008 ) 》 
法律 法规 实施 人民 解放军 和 武警 部队 坚持 依法 用兵  依法 行动 
参加 抢险 救灾 的 部队  严格 执行 《 中华人民共和国 突发 事件 应 对 法 》  《 中华人民共和国 防震 减灾 法 》  《 军队 参加 抢险 救灾 条例 》 等 法律 法规 
执行 维 稳 处 突 任务 的 武警 部队  严格 执行 《 中华人民共和国 人民 武装 警察 法 》 等 法律 法规 
赴 亚丁 湾  索马里 海域 执行 护航 任务 和 开展 海上 训练 的 海军 舰艇 编队  严格 遵守 《 联合国 海洋法 公约 》 等 国际 条约 和 中国 有关 法律 法规 
参加 中外 联合 军 演 的 部队  坚持 在 双边 或 多边 条约 的 法律 框架 内 行动  依法 解决 演习 中 涉及 的 法律 问题 
贯彻 实施 新 修订 的 共同 条令  把 学习 新 共同 条令 纳入 教育 训练  各类 培训 和 检查 考核 之中 
按照 条令 条例 指导 和 开展 工作  全面 规范 部队 战备  训练  工作 和 生活 秩序 
