（ 一 ） 强化 农产品 质量 安全 工作 2001年 中国 启动 实施 了  无 公害 食品 行动 计划   以 蔬菜 中 高 毒 农药 残留 和 畜产品 中  瘦肉 精  污染 控制 为 重点  着力 解决 人民 最 为 关心 的 高 毒 农药  兽 药 违规 使用 和 残留 超标 问题  以 农业 投入 品  农产品 生产  市场 准入 三 个 环节 管理 为 关键点  推动 从 农田 到 市场 的 全程 监管  以 开展 例行 监测 为 抓手  推动 各地 增强 质量 安全 意识  落实 管理 责任  以 推进 标准化 为 载体  提高 农产品 质量 安全 生产 和 管理水平 
目前  农产品 质量 安全 保障 体系 日益 完善  监管 能力 逐步 增强  农业 标准化 水平 显 著 提高  以 确保 农产品 质量 安全 为 目标 的 服务  管理  监督  处罚  应急 五 位 一体 的 工作 机制 逐步 形成 
（ 二 ） 建立 并 严格 实施 食品 质量 安全 市场 准入 制度 中国政府 于 2001年 建立 了 食品 质量 安全 市场 准入 制度 
这项 制度 主要 包括 三 项 内容  一 是 生产 许可 制度  即 要求 食品 生产 加工 企业 具备 原材料 进 厂 把关  生产 设备  工艺流程  产品 标准  检验设备 与 能力  环境条件  质量 管理  储存 运输  包装 标识  生产 人员 等 保证 食品 质量 安全 的 必备 条件  取得 食品 生产 许可证 后  方 可 生产 销售 食品  二 是 强制 检验 制度  即 要求 企业 履行 食品 必须 经 检验 合格 方 能 出厂 销售 的 法律 义务  三 是 市场 准入 标志 制度  即 要求 企业 对 合格 食品 加 贴 QS （ 质量 安全 ） 标志  对 食品 质量 安全 进行 承诺 
按照 分步 实施 的 原则  截止 到 2007年 上半年  共 向 生产 企业 颁发 了 10 7 万 张 食品 生产 许可证  获 证 企业 食品 的 市场占有率 达 到 同类 食品 的 90% 以上 
同时  加强 对 获得 食品 生产 许可证 企业 的 监管 
截止 到 2007年 6月 底  共 撤回  撤销  吊销 和 注销 了 1276 张 达 不 到 标准 的 食品 生产 许可证 
根据 食品 生产 企业 取得 生产 许可证 的 进度  国家 质检 总局 分批 公布 了 获 证 产品 的 生产 企业 名单  分期 公告 了 未 获 证 和 无 QS 标志 食品 不得 进入 市场 销售  警示 消费者 不 要 使用 
（ 三 ） 加大 食品 质量 国家 监督 抽查 力度 中国政府 对 食品 实行 以 抽查 为 主要 方式 的 监督 检查 制度 
这项 制度 自 1985年 建立 以来  不断 加大 力度  突出 重点  提高 有效性 
近年来  重点 抽查 了 乳制品  肉制品  茶叶  饮料  粮油 等 日常 消费 的 主要 食品  重点 对 食品 生产 集中 地 的 企业  小 作坊 进行 了 抽查  重点 检验 了 食品 的 微生物  添加剂  重金属 等 卫生 指标  并 对 质量 不 稳定 的 小 企业 重点 进行 了 跟踪 抽查 
通过 加大 抽查 频 次  扩大 抽查 覆盖面  基本 实现 了 抽查 一 类产品  整顿 一 个 行业 的 目标 
2006年 至 2007年 上半年  共 对 7880 家 企业 的 11104 批次 食品 进行 了 国家 监督 抽查 
同时  对 抽查 中 发现 有 问题 的 产品 和 生产 企业  加大 了 整改  处罚 的 力度 
一 是 严格 执行 公告 制度 
对 抽查 中 发现 质量 问题 严重 的 355 家 企业 355 批次 产品 公开 曝光  同时  积极 宣传  优秀 企业  优质 产品  优良 品牌   240 家 获得  中国 名牌  和 548 家 获得  国家 免检  称号 的 产品 得到 消费者 的 普遍 赞誉 
二 是 严格 执行 整改 制度 
对 不 合格 产品 的 生产 企业  督促 严格 整改  按时 复查  复查 不 合格 的  责令 停产 整顿  整顿 期满 后 再次 复查 仍 不 合格 的  吊销 营业执照 
三 是 严格 实行 处罚 制度 
对 在 食品 中 掺杂  掺假  以假充真  以次充好 的  责令 停止 生产  没收 违法 生产 的 食品  情节 严重 的 移送 司法 机关 追究 法律 责任 
（ 四 ） 加强 对 食品 小 作坊 的 专项 整治 力度 中国 存在 的 地区 差异  城乡 差异 等 决定 了 对 食品 生产 加工 小 作坊 的 监管 是 一 项 长期  艰巨 的 工作 
目前  10 人 以下 的 食品 生产 加工 小 作坊 是 食品 质量 安全 监管 的 重点 和 难点 
对 从事 传统  低 风险 食品 加工 的 小 作坊  中国 坚持  监管  规范  引导  便民  的 工作 原则  一方面 通过 关停并转 等 方式  让 小 作坊 尽快 达到 市场准入 条件  另一方面 强化 监管 措施  防止 食品 安全 事故 发生 
近年来 对 小 企业 小 作坊 重点 实施 了 四 个 方面 的 监管  一 是 基本 条件 改造  达 不 到 要求 的 不得 生产  二 是 限制 销售 范围  小 作坊 生产 加工 的 食品 销售 范围 不 得 超出 乡镇 行政区域  不准 进入 商场  超市 销售  三 是 严格 限制 预 包装  小 作坊 生产 的 食品 在 获得 市场准入 资格 之前 不得 使用 相应 包装  防止 其 乔装打扮 混 入 市场  四 是 公开 承诺  小 作坊 必须 向 社会 公开 承诺 不 使用 非 食品 原料  不 滥用 添加剂  不 使用 回收 食品 作 原料  产品 不 进入 商场  超市 销售  不 超出 承诺 区域 销售  确保 食品 达到 最 基本 的 安全 卫生 要求 
