。/wj
。/wj
我/rr要/v从/p这里/rzs去/vf延安/ns。/wj
余/m则/c成/v更加/d震惊/v：/wp延安/ns！/wt
左/a蓝/a点头/vi，/wd温柔/a地/n：/wp老吕/nr一直/d没有/d告诉/v我/rr你/rr的/ude1军统/n身份/n。/wj
你/rr愿意/v跟/p我/rr去/vf延安/ns吗/y？/ww
余则成/nr：/wp我/rr？/ww
我/rr是/vshi什么/ry人/n你/rr已经/d知道/v了/y，/wd共产党/n还/d不/d拿/v我/rr去/vf喂/v狗/n。/wj
左蓝/nr笑/v：/wp你/rr的/ude1情况/n老/a吕/nr1向/p延安/ns汇报/v过/uguo，/wd你/rr心/n向/p抗战/vi，/wd同情/v共产党/n，/wd保护/v过/uguo进步/vn人士/n，/wd这些/rz他们/rr都/d知道/v，/wd你/rr不要/d有/vyou顾虑/n。/wj
余/m则/c成/v吃惊/a地/n：/wp他/rr为什么/ryv要/v说/v这些/rz？/ww
左蓝/nr：/wp他/rr希望/v你/rr能/v成为/v我们/rr中/f的/ude1一/m员/q。/wj
老/a吕/nr1做事/vi慎重/a，/wd这/rzv两/m年/qt一直/d在/p考察/v你/rr。/wj
余则成/nr：/wp让/v我/rr叛变/v？/ww
左蓝/nr：/wp则/d成/v，/wd这/rzv不/d叫/vi叛变/v。/wj
我/rr希望/v我们/rr能/v走/v在/p一起/s，/wd希望/v我们/rr能/v有/vyou一样/a的/ude1生活/vn目的/n，/wd一样/a的/ude1信仰/vn。/wj
余则成/nr：/wp不要/d说/v了/y，/wd左蓝/nr，/wd日本/nsf人/n眼看/d就/d不行/a了/y，/wd以后/f这个/rz国家/n都/d是/vshi中国/ns人/n的/ude1了/y，/wd现/tg在/p谈论/v这些/rz你/rr叛变/v我/rr，/wd我/rr叛变/v他/rr有/vyou什么/ry意思/n。/wj
重庆/ns、/wn延安/ns以后/f还/d不/d是/vshi一/m家/q吗/y？/ww
左蓝/nr沉默/an。/wj
余/m则/c成/v真诚/a地/n：/wp我们/rr就/d是/vshi两/m个/q普通/a老百姓/n，/wd不/d是/vshi蒋介石/nr和/cc毛泽东/nr，/wd我们/rr将来/t要/v过/uguo自己/rr的/ude1生活/vn，/wd到/v那时/rzt侯/nr1你/rr会/v发现/v，/wd我们/rr的/ude1生活/vn里/f其实/d并/d没有/v政治/n，/wd就是/v柴米油盐/nl，/wd什么/ry重庆/ns、/wn延安/ns，/wd除了/p旅游/vn，/wd这些/rz地方/n跟/p我们/rr没有/v关系/n。/wj
左蓝/nr：/wp你/rr真/d认为/v抗战/vi胜利/vi后/f，/wd国民政府/n开/v个/q大会/n，/wd大家/rr就/d在/p一/m口/q锅/n里/f吃饭/vi了/y？/ww
一个/mq共产党人/n和/cc一个/mq国民党/n人/n就/d能/v组成/v一个/mq无忧无虑/vl的/ude1家庭/n？/ww
余则成/nr：/wp当然/d可以/v。/wj
左蓝/nr无奈/d：/wp好/a，/wd那/c我们/rr可以/v等/udeng。/wj
余则成/nr：/wp你/rr不/d去/vf延安/ns了/y？/ww
左蓝/nr：/wp我/rr要/v去/vf，/wd我/rr有/vyou我/rr要/v做/v的/ude1事/n。/wj
余则成/nr：/wp那/rzv结婚/vi的/ude1事/n？/ww
左蓝/nr：/wp昨天/t柏林/nsf投降/v了/y，/wd我/rr想/v明天/t就/d是/vshi东京/nsf，/wd如果/c一切/rz就/d像/v你/rr希望/v的/ude1那样/rzv，/wd将来/t是/vshi一个/mq太平/a盛世/n的/ude1话/n，/wd我/rr会/v回来/v找/v你/rr，/wd我们/rr结婚/vi。/wj
余则成/nr似乎/d不/d太/d满意/v：/wp如果/c不/d是/vshi那样/rzv呢/y？/ww
左蓝/nr深情/n地/ude2望/v着/uzhe余则成/nr：/wp那/rzv我/rr希望/v你/rr去/vf延安/ns，/wd你/rr答应/v吗/y？/ww
余/m则/c成/v有些/rz失望/a：/wp延安/ns那边/rzs又是/c整风/vi又是/c甄别/v，/wd抓/vCC/x，/wd抓/v三/m青/a，/wd连/ulian自己/rr人/n都/d抓/v，/wd我/rr一个/mq军统/n分子/n去/vf延安/ns能/v有/vyou活路/n吗/y？/ww
左蓝/nr：/wp我们/rr都/d有/vyou政治/n信仰/vn，/wd过去/t没/d谈/v过/uguo，/wd是/vshi因为/p我们/rr必须/d隐瞒/v。/wj
说实话/vl，/wd老吕/nr认为/v事/n到/p如今/t，/wd做/v通/v你/rr的/ude1工作/vn时机/n已/d到/v，/wd没/d想到/v你/rr还/d这么/rz犹豫/a。/wj
余/m则/c成/v寸步不让/vl：/wp我/rr没有/v什么/ry信仰/n，/wd如果/c说/v有/vyou，/wd我/rr现在/t信仰/vn良心/n，/wd赶走/v日本/nsf人/n后/f，/wd我/rr就/d信仰/v生活/vn，/wd信仰/v你/rr，/wd就/d这样/rzv。/wj
左蓝/nr：/wp可/v是/vshi那/rzv种/q生活/vn根本/n不/d存在/v。/wj
余则成/nr：/wp不/d是/vshi不/d存在/v，/wd是/vshi你/rr愿/v不/d愿意/v过/uguo。/wj
左/a蓝/a伤心/a：/wp你/rr要/v是/vshi觉得/v我们/rr过去/t的/ude1都/d是/vshi真心/n的/ude1，/wd就/d不要/d说/v这种/r话/n。/wj
今天/t我们/rr都/d不够/a冷静/an，/wd你/rr先/d回去/v，/wd出来/vf这么/rz长/a时间/n，/wd免得/v引起/v他们/rr怀疑/v。/wj
余则成/nr转身/vi走/v到/v门口/s：/wp你们/rr的/ude1事/n我/rr会/v守口如瓶/vl。/wj
2-3．/m会馆/n库房/n门口/s日/b外/f余/m则/c成/v出门/vi，/wd看/v到/v门口/s的/ude1帖/ng老板/n，/wd帖/ng老板/n含笑/vd跟/v他/rr点头/vi，/wd他/rr没有/d回应/v，/wd而是/c快步/d离开/v。/wj
左/a蓝/a沮丧/a地/ude2对/p帖/ng老板/n：/wp对不起/v，/wd我/rr没/d能/v说服/v他/rr。/wj
帖/ng老板/n忧虑/v地/ude2看/v着/uzhe余则成/nr的/ude1背影/n。/wj
2-4．/m政/ng保/v总署/n大门口/s日/b外/f前面/f在/p小/a树林/n出现/v过/uguo的/ude1特务/n在/p悄悄/d检查/v每/rz辆/q车/n的/ude1轮胎/n。/wj
特务/n头目/n检查/v到/v余则成/nr的/ude1用/p车/n，/wd觉得/v可疑/a，/wd仔细/ad检查/v后/f：/wp这/rzv是/vshi谁/ry用/v的/ude1车/n。/wj
一个/mq管理/vn人员/n：/wp这/rzv是/vshi电讯/n处/vi的/ude1车/n。/wj
特务/n头目/n：/wp电讯/n处/vi的/ude1？/ww
谁/ry？/ww
管理/vn人员/n：/wp好/a象/ng是/vshi一个/mq新/a来/vf的/ude1。/wj
然后/c压低/v声音/n：/wp从/p重庆/ns投/v过来/vf的/ude1。/wj
2-5．/m电讯/n处/q办公室/n日/qt内/f余/m则/c成/v的/ude1电话/n响/v了/y，/wd接/v听/v：/wp喂/v。/wj
电话/n（/wkz叶子明/nr的/ude1OS/x）/wky：/wp文池/nr2吗/y？/ww
余/m则/c成/v警惕/v：/wp对/p，/wd您/rr是/vshi？/ww
叶子明/nr（/wkzOS/x）/wky：/wp我/rr是/vshi三/m叔/n，/wd家里/s托/v我/rr给/p你/rr带/v些/q衣服/n过来/vf。/wj
余则成/nr：/wp知道/v了/y。/wj
2-6．/m街道/n车/n里/f日/qt外/f车/n在/p行进/vi，/wd余则成/nr和/cc叶子明/nr坐/v在/p后/f坐/v。/wj
叶子明/nr把/pba几/m页/q纸/n递给/v余则成/nr：/wp发/v出去/vf，/wd越/d快/a越/d好/a。/wj
余则成/nr接/v过/vf去/vf看/v着/uzhe。/wj
（/wkz旁白/n：/wp这/rzv几/m页/q电/n稿/ng使/v余/Rg则/d成/v大/a为/p震惊/v，/wd他/rr一下/mq明白/a了/y，/wd叶子明/nr作为/v戴/v笠/ng的/ude1特使/n，/wd来/vf南京/ns交涉/v的/ude1根本/n不/d是/vshi什么/ry战备/vn物资/n，/wd而是/c被/pbei日军/n总部/n二/m课/n扣缴/v的/ude1戴/nr1笠/ng和/cc胡蝶/n的/ude1整/m船/n私人/n财产/n和/cc几/m名/q亲信/n。/wj
为/p赎回/v那些/rz个人/n财产/n，/wd军统/n愿意/v为/p日军/n提供/v18000/m担/q粮饷/n和/cc新四军/n的/ude1抗日/vn情报/n。/wj
抗战/vi正值/v惨烈/a时刻/n，/wd上层/f竟然/d在/p做/v这样/rzv龌龊/a的/ude1勾当/n。/wj
）/wky2-7．/m某/rz室内/s日内/t房间/n一/d看/v就/d是/vshi专门/d发/v电报/n的/ude1工作/vn间/f。/wj
余则成/nr在/p对照/v密码/n册/q将/p电/n稿/ng编成/v密码/n。/wj
余则成/nr在/p监督/vn发报/vn员/q发报/vn。/wj
（/wkz上/f段/q旁白/n铺/v到/v此/rzs。/wj
）/wky事后/t，/wd余/Rg则/d成/v沮丧/a地/ude2烧/vi掉/v电文/n。/wj
2-8．/m电讯/n处/q办公室/n日/qt内/f余/m则/c成/v从/p电台/n间/f出来/vf，/wd正好/z遇到/v万/m里/q浪/n。/wj
余则成/nr：/wp万/m长官/n，/wd有/vyou什么/ry吩咐/v？/ww
万/m里/q浪/n打量/v着/uzhe他/rr：/wp忙/v什么/ry呢/y？/ww
余则成/nr：/wp发送/v一/m份/q电文/n。/wj
万/m里/q浪/n伸/v出/vf手/n：/wp文稿/n呢/y，/wd我/rr看看/v。/wj
余则成/nr：/wp刚刚/d烧/vi掉/v。/wj
万/m里/q浪/n：/wp谁/ry的/ude1？/ww
余则成/nr：/wp我/rr不/d敢/v说/v。/wj
万/m里/q浪/n有些/rz生气/n：/wp大/a不/d了/ule就/d是/vshi周/nr1部长/n的/ude1，/wd还/d避讳/v我/rr？/ww
余/m则/c成/v犹豫/a着/uzhe：/wp是/vshi丁/nr1主任/n的/ude1。/wj
万/m里/q浪/n诧异/a：/wp默/v村/n？/ww
你/rr跟/p他/rr。/wj
。/wj
。/wj
万里浪/nr说/v着/uzhe来到/v桌前/s拿/v起/vf电话/n：/wp给/p我/rr接/v杭州/ns绥靖/v公署/n。/wj
余/m则/c成/v紧张/a地/ude2等/v着/uzhe。/wj
万/m里/q浪/n接通/v电话/n，/wd友好/a地/n：/wp喂/v，/wd默村/nr兄/ng，/wd这么/rz巧/a，/wd我/rr是/vshi政/ng保/v总署/n的/ude1万/m里/q浪/n，/wd不/d客气/a，/wd老兄/n你/rr用/p人/n用/p电台/n怎么/ryv都/d用/v到/v我/rr的/ude1身边/s了/y，/wd是/vshi呀/y，/wd是/vshi一个/mq姓/n劳/ng的/ude1小/a兄弟/n，/wd哦/e，/wd子/ng美/b关照/vn的/ude1，/wd知道/v了/y，/wd老兄/n保重/v。/wj
