展望/v一下/mq，/wd在/p一个/mq没有/v枪炮/n声/ng的/ude1国度/n里/f举行/v婚礼/n，/wd那/rzv将/d是/vshi多/m幸福/a的/ude1时刻/n呀/y，/wd在/p中国/ns，/wd已经/d几/m代/q人/n没有/d享受/v这样/rzv的/ude1婚礼/n了/y，/wd值得/v等/udeng，/wd值得/v坚持/v下去/vf。/wj
余/m则/c成/v有些/rz郁闷/a：/wp好/a吧/y，/wd部长/n同志/n，/wd我/rr愿意/v等/udeng。/wj
2-39．/m乡村/n公路/n日/qt外/f一/m辆/q旧式/b客车/n慢慢/d开/v来/vf，/wd停/vi在/p一个/mq村落/n的/ude1小/a站/n上/f。/wj
路边/s，/wd一/m辆/q军用/b吉普/n停/vi在/p这里/rzs。/wj
余/m则/c成/v下/vf了/ule客车/n，/wd直接/ad走向/v吉普车/n。/wj
车/n上/f一个/mq穿/v黑色/n中山装/n的/ude1人/n看/v了/ule眼/n手里/s的/ude1照片/n，/wd看/v了/ule看/v余/Rg则/d成/v，/wd开车/vi离开/v。/wj
2-40．/m空/v镜/ng日/qt外/f天津/ns城市/n全景/n。/wj
（/wkz字幕/n：/wp1945年/t天津/ns）/wky2-41．/m吴敬中/nr办公室/n日/qt内/f这/rzv是/vshi军统/n天津站/ns站长/n的/ude1办公室/n，/wd比较/d奢华/a，/wd宽敞/a。/wj
吴敬中/nr在/p用/p放大镜/n细看/v一/m件/q古董/n花瓶/n。/wj
敲门/vi声响/n。/wj
吴/nr1敬/v中/f不耐烦/a地/n：/wp进来/vf。/wj
门/n开/v了/y，/wd一身/n中校/n军装/n的/ude1余则成/nr，/wd拎/v着/uzhe包/v精神抖擞/vl地/ude2敬礼/vi：/wp报告/n站长/n。/wj
吴/nr1敬/v中/f抬头/vi。/wj
余则成/nr：/wp机要/b秘书/n室/n少校/n主任/n，/wd余/Rg则/d成/v报到/vi。/wj
吴敬中/nr看/v着/uzhe他/rr，/wd笑/v了/y，/wd摆摆/v手/n过来/vf，/wd打量/v着/uzhe余则成/nr：/wp时间/n像/v一/m头/q野驴/n呀/y，/wd跑/v起来/vf不/d停/vi，/wd坐坐/v，/wd你/rr也/d有/vyou皱纹/n了/y，/wd就/d象/ng我/rr的/ude1前列腺/n经常/d造反/vi一样/uyy。/wj
余则成/nr坐/v在/p沙发/n上/f，/wd从/p包/n里/f拿/v出/vf一个/mq绸缎/n包裹/n的/ude1玉器/n：/wp您/rr的/ude1气色/n很/d好/a呀/y，/wd知道/v老师/n喜欢/vi这/rzv等/udeng东西/n，/wd这/rzv是/vshi我/rr在/p老家/n搜集/v到/v的/ude1，/wd夜明珠/n，/wd据说/v是/vshi宋代/t的/ude1。/wj
吴敬中/nr接/v过/uguo来/f端详/v：/wp你/rr老家/n，/wd乡下/s里/f怎么/ryv会/v有/vyou这/rzv稀罕/a营生/vn？/ww
余则成/nr：/wp日本/nsf人/n盗墓/vi，/wd被/pbei老乡/n杀/v了/y，/wd缴获/v的/ude1。/wj
吴/nr1站长/n把/pba玉器/n放/v在/p手中/s把/pba玩/v：/wp戴/v局长/n都/d给/p你/rr说/v了/ule吧/y。/wj
余则成/nr：/wp说/v了/y，/wd说/v您/rr点将/vi，/wd要/v我/rr来/vf这边/rzs的/ude1。/wj
吴/nr1站长/n有点/d忧愁/a，/wd收/v起/vf了/ule玉器/n：/wp胜利/vi了/y，/wd高兴/a吗/y，/wd高兴/a，/wd可/c是/vshi天津/ns站/n是/vshi一个/mq重建/v站/vi，/wd前/f栅栏/n宿/vg猫/n，/wd后/f篱笆/n走狗/n，/wd建/v起来/vf很/d费/v周/nr1章/n，/wd所以/c我/rr想起/v了/ule你/rr。/wj
余则成/nr谦虚/a：/wp老师/n，/wd看/v您/rr说/v的/ude1，/wd有/vyou需要/n您/rr吩咐/v就是了/y。/wj
吴/nr1站长/n摇头/vi：/wp不/d是/vshi不/d是/vshi，/wd以后/f叫/vi我/rr站长/n就/d可以/v了/y，/wd不用/d总/d是/vshi老师/n老师/n的/ude1了/y，/wd来/vf这里/rzs的/ude1人/n都/d是/vshi重庆/ns派/v来/vf的/ude1，/wd有/vyou的/ude1背景/n很/d复杂/a，/wd我/rr都/d不/d熟悉/v，/wd所以/c。/wj
。/wj
。/wj
则/c成/v，/wd你/rr是/vshi我/rr的/ude1人/n，/wd明白/v这个/rz意思/n吗/y？/ww
余则成/nr：/wp明白/v。/wj
吴/nr1站长/n：/wp马/n上/f有/vyou个/q会/v，/wd行动/vn队/n和/cc情报/n处/vi的/ude1头头/n，/wd加上/v你/rr这个/rz机要/b室/n的/ude1头头/n见/v个/q面/n，/wd认识/v一/m下/f，/wd天津/ns站/vi的/ude1工作/vn以后/f就/d靠/v你们/rr了/y。/wj
接着/c他/rr放/v低/a了/ule声音/n：/wp顺便/d说/v一下/mq，/wd这/rzv两/m个/q人/n都/d很/d。/wj
。/wj
。/wj
老练/an，/wd我/rr不/d熟悉/v，/wd你们/rr要/v用心/ad合作/v。/wj
哈哈/o。/wj
余则成/nr明白/v站长/n的/ude1意思/n：/wp站长/n，/wd您/rr放心/v，/wd我/rr知道/v该/v怎么/ryv做/v。/wj
吴/nr1站长/n：/wp对/p你/rr我/rr当然/d放心/v了/y。/wj
哎/e，/wd说/v说/v你/rr击毙/v李/nr1海丰/ns的/ude1事/n，/wd那/rzv事/n很/d漂亮/a呀/y。/wj
余则成/nr谦虚/a：/wp这/rzv事/n，/wd就/d是/vshi一/m枪/n打/v死/v了/y，/wd很/d简单/a。/wj
洪/nr1秘书/n开门/vi：/wp站长/n，/wd陆/nr1处长/n到/v。/wj
余则成/nr起身/vi，/wd这时/rzt，/wd陆/nr1桥山/ns进来/vf：/wp站长/n。/wj
吴/nr1站长/n：/wp认识/v一/m下/f，/wd这/rzv位/q是/vshi咱们/rr天津站/ns情报/n处处/d长/a陆/ng桥山/ns。/wj
这/rzv位/q是/vshi机要/b室主任/n余则成/nr。/wj
二/m人/n握手/vi，/wd陆/nr1桥山/ns：/wp余/m主任/n刚/d到任/vi就/d工作/vi，/wd很/d辛苦/a呀/y。/wj
余则成/nr：/wp不/d辛苦/a，/wd陆/nr1处长/n来得/vi早/a，/wd还/d请/v多多/d指教/v。/wj
二/m人/n客气/a着/uzhe。/wj
这时/rzt洪/nr1秘书/n开门/vi：/wp站长/n，/wd马/nr1队长/n到/v。/wj
行动/vn队/n队长/n马奎/nr进来/vf：/wp站长/n。/wj
余/m则/c成/v回头/d看/v，/wd不由/d得/ude3一/d愣/vi。/wj
站长/n在/p介绍/v他们/rr认识/v。/wj
马奎/nr笑/v着/uzhe跟/p余则成/nr握手/vi，/wd说/v着/uzhe什么/ry。/wj
余则成/nr突然/ad想起/v什么/ry。/wj
余则成/nr微笑/vi着/uzhe跟/p马奎/nr握手/vi。/wj
余/m则/c成/v脑海/n里/f闪/vi过/uguo，/wd吕宗方/nr遇害/vi时/ng马奎/nr从/p他/rr身边/s跑/v过/uguo的/ude1瞬间/t、/wn马奎/nr被/pbei万/m里/q浪/n审问/v的/ude1瞬间/t。/wj
余则成/nr：/wp你/rr好/a，/wd马/nr1队长/n。/wj
第三/m集/q3-1．/m吴/nr1站长/n办公室/n日/qt内/f余/m则/c成/v、/wn陆/ng桥山/ns、/wn马奎/nr在/p听/v在/p记/v。/wj
站长/n看/v着/uzhe文件/n在/p说/v：/wp还有/v“/wyz七宝镇/nr事件/n”/wyy挫败/v新四军/n的/ude1阴谋/n说明/v什么/ry，/wd说明/v现在/t的/ude1敌人/n是/vshi中共/n，/wd各位/rr要/v像/v般/uyy仓鼠/n一样/uyy，/wd把/pba你们/rr的/ude1思路/n搬/v到/v对付/v共产党/n上面/f来/vf。/wj
周佛海/nr、/wn丁默村/nr、/wn任/v道/n援/vg这/rzv群/q汉奸/n都/d成/v了/ule英雄/n，/wd你们/rr还/d不/d明白/v吗/y？/ww
马奎/nr：/wp行动/vn队/n这边/rzs其实/d已经/d开始/v了/y，/wd天津/ns的/ude1共/b党组织/n也/d有些/rz眉目/n了/y。/wj
陆/nr1桥山/ns：/wp毛泽东/nr还/d在/p重庆/ns，/wd现在/t不/d能/v动手/vi。/wj
马奎/nr不冷不热/vl地/n：/wp这/rzv我/rr还/d不/d知道/v。/wj
余则成/nr听/v着/uzhe，/wd没/d说话/vi。/wj
站长/n对/p马/n陆/nr1的/ude1龃龉/n有些/rz满意/v：/wp好/a，/wd先/d不/d说/v这些/rz了/y。/wj
说/v点/qt高兴/a的/ude1，/wd胜利/vi了/y，/wd各位/rr需要/v过/uguo一/m过/vf人/n的/ude1生活/vn了/y。/wj
我/rr已经/d带头/vi把/pba太太/n接/v来/vf了/y，/wd你们/rr各位/rr也/d该/v尽/vi些/q做/v丈夫/n的/ude1责任/n了/y，/wd我/rr看/v过/uguo你们/rr的/ude1档案/n，/wd马/nr1队长/n的/ude1太太/n在/p上海/ns，/wd陆/nr1处长/n的/ude1太太/n在/p汉口/ns，/wd余/m主任/n的/ude1太太/n在/p河北/ns，/wd都/d接/v过/uguo来/f，/wd让/v人家/rr享受/v享受/v抗战/vi胜利/vi的/ude1幸福/an生活/vn吗/y。/wj
差/a旅/n、/wn住房/n由/p站里/n解决/v，/wd还有/v一/m笔/q安家费/n分发/v各位/rr，/wd怎么样/ryv？/ww
陆/nr1桥山/ns感兴趣/a：/wp我/rr太太/n要/v来/vf可不/dl是/vshi一个/mq人/n，/wd那/rzv是/vshi一/m大/a家/n子/ng呢/y。/wj
站长/n：/wp好/a呀/y，/wd都/d接/v来/vf，/wd八/m年/qt抗战/vi不/d就是/v为/p他们/rr吗/y？/ww
马奎/nr：/wp还是/v站长/n体恤/v民情/n，/wd我/rr老婆/n都/d急/ad死/v了/y。/wj
余则成/nr：/wp这/rzv是/vshi命令/n吗/y？/ww
站长/n：/wp对/p，/wd命令/n，/wd我/rr认为/v我/rr有/vyou责任/n让/v各位/rr太太/n来/vf收/v收/v你们/rr的/ude1心/n了/y，/wd天津/ns虽然/c不/d比/p上海/ns，/wd但/c也/d是/vshi花花世界/nl。/wj
梅乐/nr司/vg对/p我/rr说/v过/uguo，/wd美国/nsf人/n能/v打/v胜仗/n，/wd就是/v因为/c他们/rr心里/s都/d有/vyou家庭/n。/wj
余/m则/c成为/v难/a：/wp可是/c我/rr太太/n是/vshi。/wj
