从/p那边/rzs上台/vi。/wj
一/m抬头/vi，/wd她/rr看见/v了/ule余则成/nr。/wj
左/a蓝/a过来/vf：/wp不/d是/vshi说/v好/a排练/v完/vi了/ule我/rr去/vf找/v你/rr吗/y？/ww
余/m则/c成/v腼腆/a：/wp有/vyou个/q好/a消息/n，/wd想/v尽快/d告诉/v你/rr。/wj
左蓝/nr：/wp什么/ry好/a消息/n？/ww
余则成/nr：/wp我/rr在/p磐/ng溪/ng租/v了/ule个/q大/a一些/mq的/ude1房子/n，/wd想/v请/v你/rr去/vf看看/v，/wd怎么/ryv布置/v。/wj
左蓝/nr笑/v：/wp排练/v马上/d就/d完/vi了/y，/wd你/rr再/d等/v一会/m，/wd啊/y。/wj
左蓝/nr去/vf忙/v她/rr的/ude1去/vf了/y。/wj
余/m则/c成/v甜蜜/a地/ude2看/v着/uzhe她/rr的/ude1背影/n。/wj
1-14．/m后台/n一/m角落/n夜/qt内/f昏暗/a，/wd还有/v个别/a人/n在/p收拾/v演出/vn用具/n。/wj
简易/a的/ude1桌椅/n摆放/v在/p角落/n，/wd余则成/nr和/cc左蓝/nr边/d吃/v边/k说/v。/wj
左蓝/nr微笑/vi着/uzhe问/v余则成/nr：/wp好/a了/y，/wd房子/n的/ude1事/n已经/d说/v得/ude3够/d多/a的/ude1了/y，/wd说/v第二/m件/q事/n吧/y。/wj
余则成/nr笑/v：/wp我们/rr是/vshi不/d是/vshi该/rz定/v一个/mq日子/n，/wd结婚/vi的/ude1日子/n。/wj
左蓝/nr：/wp狡猾/a。/wj
我/rr一点/mq头/n，/wd你/rr就/d省得/v求婚/vi了/y。/wj
好/a，/wd算/v你/rr蒙混过关/vl，/wd日子/n你/rr定/v。/wj
余则成/nr很/d高兴/a，/wd他/rr递/v上/vf一个/mq纸袋/n，/wd左蓝/nr打开/v看/v，/wd是/vshi一/m条/q丝巾/n：/wp哪/ry来/vf的/ude1？/ww
余则成/nr：/wp一个/mq朋友/n从/p莫斯科/nsf带来/v的/ude1。/wj
结婚/vi，/wd我/rr想/v选/v在/p抗战/vi胜利/vi的/ude1日子/n，/wd可以/v吗/y？/ww
估计/v今年/t内/f就/d能/v实现/v，/wd说不定/vl双/m十/m节前/t就/d能/v打败/v日本/nsf。/wj
左/a蓝/a摆弄/v着/uzhe丝巾/n：/wp我/rr觉得/v还/d能/v更/d快/a，/wd柏林/nsf已经/d在/p盟国/n的/ude1刀尖/n上/vf了/y，/wd剩下/v个/q日本/nsf还/d有/vyou几/m天/qt活/v头/n。/wj
则/c成/v，/wd你/rr说/v抗战/vi胜利/vi后/f，/wd会/v天下太平/vl吗/y？/ww
余则成/nr：/wp会/v有/vyou点/n摩擦/vn吧/y，/wd共产党/n肯定/d要/v争取/v他们/rr的/ude1利益/n，/wd但/c总归/d是/vshi一家/n人/n的/ude1事/n，/wd可以/v开会/vi，/wd可以/v商量/v。/wj
左蓝/nr：/wp你/rr觉得/v蒋介石/nr愿意/v商量/v吗/y？/ww
在/p宪政/n实施/v促进/v会上/t他/rr可/v是/vshi公开/ad反对/v建立/v联合政府/nl。/wj
余/m则/c成/v谨慎/a地/n：/wp声音/n小/a点/qt，/wd怎么/ryv能/v直接/ad说/v委员长/n的/ude1名/q讳/vg呢/y，/wd这/rzv是/vshi重庆/ns，/wd到处/d都/d是/vshi军统/n的/ude1耳目/n。/wj
左蓝/nr：/wp我/rr不/d怕/v军统/n，/wd军统/n就/d像/v老鼠/n，/wd只/d会/v躲/v在/p角落/n里/f打/v黑枪/n。/wj
余/m则/c成/v观望/v：/wp不/d说/v这些/rz吧/y，/wd现在/t我/rr就/d想/v一/m件/q事/n，/wd买/v个/q什么样/ryv的/ude1结婚/vn戒指/n才/d能/v配/v得/ude3上/vf你/rr。/wj
左蓝/nr看/v着/uzhe自己/rr的/ude1手/n：/wp不/d求/v手上/s戴/v金/ng，/wd只求/v心中/s有/vyou人/n。/wj
余则成/nr把/pba左蓝/nr揽/v在/p了/ule怀里/s。/wj
站长/n哭笑不得/al：/wp你/rr还是/d不/d明白/v，/wd温世珍/nr送给/v汪精卫/nr多/m件/q明代/t家具/n，/wd你/rr知道/v是/vshi从/p哪/ry来/vf的/ude1吗/y？/ww
余则成/nr明白/v了/ule：/wp穆/nr1连成/v收藏/v的/ude1，/wd站长/n我/rr明白/v了/y。/wj
站长/n：/wp那些/rz珍贵/a的/ude1东西/n，/wd应该/v让/v合适/a的/ude1人/n来/vf收藏/v，/wd这些/rz奸商/n们/k懂/v什么/ry呀/y？/ww
哎/e你/rr太太/n什么/ry时候/n到/v呀/y？/ww
陆/nr1桥山/ns的/ude1太太/n已经/d到/v了/y。/wj
余则成/nr：/wp哦/e，/wd信/n已经/d发/v了/y，/wd山区/n嘛/y，/wd会/v慢/a一些/mq的/ude1。/wj
3-16．/m穆/nr1连成/v家/n日/qt内/f余/m则/c成/v和/cc穆/nr1连成/v：/wp早就/d听说/v你/rr是/vshi个/q收藏/v大家/rr呀/y。/wj
穆/nr1连成/v诧异/a：/wp小/a癖好/n，/wd也/d不/d太/d懂/v，/wd就是/d弄/v着/uzhe玩/v的/ude1，/wd余/m先生/n也/d好/a收藏/vn？/ww
余则成/nr：/wp我/rr就/d更/d不/d懂/v了/y，/wd可/v我们/rr当家的/n是/vshi行家/n，/wd不妨/d拿/v出/vf几/m件/q让/v他/rr鉴赏/v鉴赏/v？/ww
穆/nr1连成/v明白/v了/ule：/wp哦/e，/wd好/a呀/y，/wd这/rzv都/d好/a说/v，/wd只是/d恳求/v你们/rr当家的/n能/v向/p上面/f替/p老朽/n美言/v几/m句/q，/wd别/d把/pba这/rzv汉奸/n的/ude1帽子/n扣/v在/p我/rr头/n上/f，/wd我/rr也/d替/p国/n军/n运/v过/uguo海盐/n呢/y。/wj
余则成/nr：/wp汉奸/n的/ude1帽子/n我/rr说/v了/ule不/d算/v，/wd但是/c找/v他/rr说/v，/wd可以/v说是/v找/v对/p了/ule人/n了/y。/wj
我/rr可以/v给/p你们/rr引见/v，/wd这/rzv就/d看/v你/rr的/ude1表现/vn了/y，/wd宗/q的/ude1有点/d见面礼/n吧/y。/wj
。/wj
穆/nr1连成/v：/wp是/vshi啊/y，/wd我/rr备/v上/f，/wd那/rzv可/v真/d是/vshi我/rr的/ude1荣幸/a呀/y。/wj
这时/rzt，/wd晚秋/t袅娜/z地/ude2走/v来/vf：/wp余/m先生/n好/a。/wj
余/m则/c成/v抬头/vi：/wp你/rr好/a，/wd晚秋/t小姐/n。/wj
晚秋/t：/wp我/rr来/vf给/v你/rr倒/vi茶/ng。/wj
穆/nr1连成/v关注/v余/Rg则/d成/v的/ude1表情/n：/wp上次/t余/m先生/n走/v了/ule之后/f，/wd晚/tg儿/ng还/d几/m次/qv问/v过/uguo您/rr什么/ry时间/n再/d来/vf。/wj
余则成/nr：/wp是/vshi吗/y？/ww
你/rr大伯/n可/c不/d希望/v我/rr这种/r人/n常/d来/vf呀/y。/wj
穆/nr1连成/v：/wp哪里/rys哪里/rys，/wd我/rr欢迎/v您/rr呀/y。/wj
晚秋/t温柔/a地/n：/wp交往/vi吗/y，/wd一/m回生/vi两/m回/qv熟/a，/wd余/m先生/n以后/f常/d来/vf常/d往/p也/d不/d会/v都/d是/vshi公务/n吧/y。/wj
余则成/nr：/wp当然/d。/wj
穆/nr1连成/v马上/d：/wp今天/t我们/rr的/ude1收藏/vn话题/n，/wd就/d不/d算/v公务/n吧/y，/wd余/m先生/n。/wj
余则成/nr：/wp对/p，/wd对/p，/wd这/rzv是/vshi你/rr和/cc我们/rr当/p家人/n的/ude1私下/d交情/n，/wd哈哈/o。/wj
3-17．/m酒店/n夜/qt内/f余/m则/c成/v、/wn站长/n、/wn站长/n太太/n、/wn陆/ng桥山/ns夫妇/n，/wd马奎/nr夫妇/n在/p吃饭/vi。/wj
气氛/n热烈/a。/wj
站长/n举杯/vi：/wp我/rr代表/v天津/ns站/vi，/wd为/p你们/rr接风/vi，/wd并/cc向/p各位/rr坚强/a而/cc善良/a的/ude1抗战/vn夫人/n们/k表示/v敬意/n。/wj
马奎/nr鼓掌/vi：/wp哎呀/e，/wd桥山/ns，/wd我们/rr还/d不如/v太太/n们/k有/vyou面子/n呢/y。/wj
陆/nr1桥山/ns赞同/v：/wp站长/n体恤/v下情/n呀/y，/wd一会/m我们/rr敬/v站长/n夫人/n一/m杯/q。/wj
陆马/nrf二/m位/q的/ude1太太/n起身/vi，/wd马/nr1太太/n纤细/a灵动/a，/wd但/c很/d酸/a：/wp站长/n真/d是/vshi大/a胸怀/n，/wd我/rr看/v人/n很/d准/a的/ude1，/wd您/rr一定/d还要/d高/a升/v的/ude1。/wj
站长/n高兴/a：/wp是/vshi吗/y，/wd借/v马/nr1太太/n的/ude1吉/ag言/ng。/wj
陆/nr1太太/n比较/d稳重/a，/wd但/c有些/rz激动/a：/wp谢谢/v站长/n给/p我们/rr这些/rz家属/n来/vf天津/ns的/ude1机会/n，/wd这/rzv杯/q酒/n算/v我们/rr所有/b后方/s家眷/n敬/v你们/rr前线/s英雄/n们/k的/ude1。/wj
站长/n听/v得/ude3感动/a：/wp好好/d。/wj
说/v着/uzhe看/v到/v身边/s自己/rr的/ude1太太/n：/wp你/rr也/d起来/vf嘛/y，/wd我/rr敬/v你们/rr各位/rr女士/n的/ude1。/wj
站长/n太太/n也/d很/d高兴/a，/wd但/c有些/rz土气/a，/wd端/v着/uzhe酒杯/n问/v另外/rz两/m位/q太太/n：/wp你们/rr。/wj
。/wj
。/wj
会/v耍/v麻将/n吗/y？/ww
马/nr1太太/n：/wp会/v的/ude1，/wd会/v的/ude1。/wj
陆/nr1太太/n矜持/an地/n：/wp就/d怕/v打法/n不/d一样/uyy，/wd我们/rr那/rzv流行/v一/m种/q叫/vi八/m年/qt抗战/vi的/ude1打法/n。/wj
。/wj
。/wj
。/wj
。/wj
。/wj
余则成/nr注意/v到/v站长/n有点/d尴尬/a，/wd于是/cc起身/vi：/wp我/rr说/v各位/rr女士/n，/wd站长/n站/vi在/p那/rzv等/v你们/rr喝酒/vi，/wd你们/rr打/v麻将/n的/ude1事/n可以/v以后/f再/d讨论/v吗/y。/wj
