余则成/nr打/v起/vf精神/n：/wp既然/c站长/n吩咐/v了/y，/wd在/p下/f也/d没什么/vl好说/a的/ude1，/wd不/d就是/v逢/v场/qv作/v戏/n吗/y。/wj
4-15．/m站长/n家/n日内/t站长/n太太/n在教/v翠平/nr2认/v麻将/n上/f的/ude1字/n，/wd翠平/nr2学/v得/ude3认真/a。/wj
站长/n太太/n：/wp这种/r统统/d叫/vi饼/n，/wd你/rr看/v圆圆的/z，/wd像/p烙饼/n一样/uyy。/wj
翠平/nr2指/v着/uzhe另/rz一/m种/q：/wp这/rzv种/q叫/vi棍/ng，/wd像/v烧火/vi棍/ng。/wj
站长/n太太/n乐/a了/y：/wp不/d，/wd它/rr叫/vi条/q，/wd你/rr看/v，/wd像/v不/d像/v金/b条/q。/wj
翠平/nr2：/wp金条/n？/ww
没/d见/v过/uguo。/wj
站长/n太太/n从/p傍/v边/k拿/v出/vf一/m根/q金条/n：/wp你/rr看/v，/wd像/v不/d像/v。/wj
翠/ag平/v惊讶/a：/wp这/rzv是/vshi金条/n？/ww
4-16．/m穆/nr1连成/v家/n日/qt内/f余/m则/c成/v在/p看/v晚秋/t写/v诗/n，/wd晚秋/t用/v的/ude1是/vshi钢笔/n。/wj
晚秋/t：/wp以后/f用/p钢笔/n会/v是/vshi大势所趋/nl，/wd它/rr是/vshi进步/a的/ude1。/wj
余则成/nr：/wp当然/d，/wd西洋/n的/ude1东西/n总/d会/v流行/v的/ude1。/wj
晚秋/t写/v完/vi一/m段/q，/wd念/v道/n：/wp听到/v有人/r在/p哭泣/vi，/wd然而/c我/rr并/d不/d悲伤/a，/wd抬/v起/vf疼痛/a的/ude1头/n来/f，/wd我/rr看/v到/p深夜/t的/ude1天光/n。/wj
余则成/nr不/d懂/v：/wp这/rzv是/vshi新/a体/ng诗/n，/wd不/d懂/v。/wj
深夜/t怎么/ryv会/v有/vyou天光/n？/ww
晚秋/t多情/a地/n：/wp因为/p心底/n有/vyou人/n，/wd所以/c暗中/d有/vyou光/n。/wj
余则成/nr回避/v她/rr的/ude1目光/n：/wp哦/e，/wd深奥/a。/wj
不远处/s，/wd穆/nr1连成/v在/p狡黠/a地/ude2窥视/v着/uzhe这/rzv边/d。/wj
余/m则/c成/v小声/v地/n：/wp你/rr叔伯/n老/a在/p看/v我们/rr。/wj
晚秋/t：/wp不理/v他/rr，/wd他/rr觉得/v所有/b进/vf这个/rz家门/n的/ude1人/n，/wd都/d是/vshi为了/p他/rr的/ude1财产/n。/wj
余/m则/c成/v诧异/a：/wp是/vshi吗/y，/wd那/rzv可/v得/ude3藏/v好/a了/y。/wj
晚秋/t：/wp你/rr来/vf这/rzv，/wd是/vshi为了/p陪/v我/rr，/wd还是/c为了/p执行/v任务/n。/wj
余则成/nr认真/a地/n：/wp你/rr要/v这么/rz想/v，/wd我/rr以后/f就/d不/d来/vf了/y。/wj
晚秋/t看/v着/uzhe余则成/nr：/wp你/rr就/d是/vshi火坑/n，/wd我/rr也/d跳/vi。/wj
4-17．/m余/m则/q成家/vi日内/t家里/s烟雾弥漫/vl，/wd余则成/nr进/vf门/n大/d惊/v：/wp翠平/nr2，/wd翠平/nr2。/wj
他/rr开/v开门/vd放/v着/uzhe烟/n。/wj
翠/b平生/n气/n地/ude2坐/v在/p煤油炉/n边/k，/wd余/Rg则/d成/v大/a声/qv问/v：/wp怎么/ryv了/y，/wd乌烟瘴气/al的/ude1？/ww
翠平/nr2指/v着/uzhe煤油炉/n：/wp这个/rz破/a东西/n我/rr不/d会/v用/v，/wd明天/t你/rr给/p我/rr拉/v车/n土坯/n来/f，/wd我/rr砌/v个/q灶/n头/n。/wj
余则成/nr：/wp砌/v灶/n？/ww
还/d要/v买/v口/q大/a锅/n，/wd支/q个/q风箱/n，/wd拉车/v柴火/n，/wd把/pba门口/s马路/n刨/v开/v，/wd给/p地/n里/f种/v上/vf地瓜/n，/wd是/vshi这个/rz意思/n吗/y？/ww
翠平/nr2：/wp这/rzv破/v东西/n不/d好/a用/v，/wd要/v不/d你/rr回来/v肯定/d能/v吃/v上/vf热/a饭/n。/wj
余则成/nr发现/v沙发/n上/f放/v着/uzhe一/m根/q金条/n，/wd急忙/d：/wp这/rzv，/wd这/rzv是/vshi哪/ry来/vf的/ude1？/ww
翠平/nr2：/wp站长/n太太/n送给/v我/rr的/ude1。/wj
余/m则/c成/v大/a惊/v：/wp她/rr来/vf了/y？/ww
翠平/nr2：/wp来/vf了/y，/wd开/v小轿车/n来/u的/ude1，/wd接/v我/rr去/vf了/ule她/rr家/n。/wj
余则成/nr急忙/d回身/vi关上/v门/n：/wp你/rr去/vf她家/r了/y？/ww
翠/ag平/v点头/vi：/wp你/rr能/v好好/d说话/vi吗/y？/ww
诈/v尸/ng了/y？/ww
余/m则/c成/v：/wp翠平/nr2同志/n，/wd你/rr去/vf家/n干什么/vi？/ww
翠平/nr2：/wp学/v麻将/n，/wd除了/p一个/mq小/a鸟/n，/wd我/rr什么/ry也/d不/d认识/v。/wj
余则成/nr：/wp这/rzv金条/n是/vshi怎么/ryv会/v事/n？/ww
翠平/nr2：/wp她/rr送/v的/ude1，/wd我/rr说/v不/d要/v，/wd拿/v回/qv家/n来/vf你/rr会/v骂/v我/rr，/wd她/rr说/v不/d会/v，/wd你/rr是/vshi她/rr家/n的/ude1招/n财/n童子/n，/wd该/rz感谢/v你/rr的/ude1。/wj
余/m则/c成/v思索/v：/wp这/rzv是/vshi站长/n让/v她/rr给/p我们/rr的/ude1。/wj
翠/ag平/v糊涂/a：/wp该/v你/rr送给/v他/rr呀/y，/wd站长/n怎么/ryv会/v送给/v你/rr呢/y？/ww
余则成/nr：/wp你/rr不/d懂/v，/wd这/rzv叫/vi分赃/v，/wd我/rr在/p帮/v他/rr敛财/vi，/wd这/rzv算是/v回报/v吧/y，/wd哎/e，/wd你/rr学/v会/v打/v麻将/n了/y吗/y？/ww
翠平/nr2摇/v头/n。/wj
余则成/nr：/wp我/rr来/vf做饭/vi，/wd晚上/t教/v你/rr打/v麻将/n。/wj
翠平/nr2：/wp阔/a太太/n玩/v的/ude1营生/vn，/wd我/rr不/d学/v。/wj
4-18．/m余/m则/q成家/vi餐桌/n边/d夜/qt内/f余/m则/c成/v和/cc翠平/nr2一/m人/n抱/v着/uzhe一/m大/a碗/q面条/n，/wd边/d吃/v边/k学/v麻将/n。/wj
余则成/nr：/wp你/rr要/v是/vshi三/m天/qt内/f学/v会/v麻将/n，/wd你/rr就/d完成/v了/ule你/rr的/ude1第一/m项/q任务/n。/wj
翠平/nr2抱怨/v：/wp袁/nr1政委/n真是/d瞎/v了/ule眼/n了/y，/wd派/v我/rr来/vf这/rzv，/wd学/v这个/rz还/d算/v任务/n。/wj
余则成/nr：/wp看/v，/wd这/rzv一/m排/q统统/d叫/vi条/q。/wj
翠平/nr2：/wp像/v金/b条/q。/wj
余则成/nr：/wp对/p，/wd像/p金/b条/q，/wd这/rzv一/m排/q统统/d叫/vi万/m，/wd你/rr看/v这个/rz字/n就/d念/v万/m，/wd一万/m，/wd两万/m。/wj
翠/ag平/v不屑/v地/ude2看/v：/wp学堂/n还/d用/v什么/ry书本/n呀/y，/wd每个/r孩子/n发/v一/m副/b麻将/n，/wd管保/v学/v的/ude1快/a。/wj
余则成/nr：/wp你/rr认真/ad点/v，/wd这/rzv一/m排/q统统/d叫/vi。/wj
。/wj
。/wj
。/wj
。/wj
。/wj
翠平/nr2：/wp叫/vi饼/n，/wd因为/c像/p烙饼/n。/wj
余/m则/c成/v惊奇/a：/wp还有/v，/wd这些/rz是/vshi东西南北中/nl发/v白/a。/wj
翠/ag平/v皱/v着/uzhe眉头/n：/wp都/d是/vshi字/n，/wd看/v着/uzhe想/v呕/y，/wd还是/c金条/n和/cc烙饼/n好/a认/v。/wj
4-19．/m余/m则/q成家/vi卧室/n夜/qt内/f余/m则/c成/v坐/v在/v地/ude2铺/v上/f看/v着/uzhe书/n，/wd摇/v着/uzhe床/n。/wj
翠/ag平/a穿着/n睡衣/n从/p厕所/n出来/vf，/wd看见/v余则成/nr在/p摇床/n：/wp还/d用/v天天/d摇/v呀/y，/wd那边/rzs那/rzv会计/n光棍/n一个/mq，/wd受/v得/ude3了/y吗/y？/ww
余/m则/c成/v看/v了/ule翠平/nr2一/m眼/q。/wj
翠平/nr2没/d感觉/v：/wp天天/d摇/v，/wd让/v人家/rr觉得/v你/rr本事/n大/a。/wj
余/m则/c成/v诧异/a：/wp看来/v你/rr很/d懂/v呀/y？/ww
翠平/nr2：/wp没/d见/v过/uguo配/v人/n，/wd还/d没/d见/v过/uguo配/v牲口/n呀/y。/wj
余/m则/c成/v无/v语/ng。/wj
翠平/nr2坐/v到/v床/n边/k，/wd用/p脚/n帮/v着/uzhe余则成/nr一/m起/q摇/v：/wp这么/rz呆/v着/uzhe，/wd吃吃喝喝/vl，/wd糟蹋/v钱/n，/wd对/p组织/n有/vyou什么/ry用/v呀/y。/wj
床/n吱/o哑/v哑/v地/ude2响/v着/uzhe。/wj
4-20．/m周亚夫/nr家/n夜/qt内/f他/rr站/vi在/p桌子/n上/f，/wd用/p一个/mq茶杯/n在/p听/v着/uzhe天花板/n，/wd用/p手/n指/v在/p统计/v着/uzhe数字/n，/wd眼神/n有些/rz迷茫/an。/wj
4-20A．/x余/m则/q成家/vi卧室/n夜/qt内/f余/m则/c成/v松手/vi：/wp用处/n？/ww
别/d摇/v了/y，/wd将来/t你/rr会/v知道/v的/ude1，/wd别/d摇/v了/y。/wj
翠平/nr2：/wp乡下人/n揪/v着/uzhe脑袋/n想/v进城/vi，/wd城里/s就/d过/uguo这种/r日子/n。/wj
余则成/nr躺/v到/v在/v地/ude2铺/v上/f，/wd不/d想/v说/v什么/ry了/y。/wj
翠平/nr2打开/v一/m本/q电影/n画报/n看/v，/wd边/d看/v边/k嘟囔/v：/wp恶心/a。/wj
。/wj
。/wj
奶子/n都/d露出/v来/vf了/y。/wj
。/wj
