穆/nr1连成/v：/wp当然/d，/wd我/rr什么/ry也/d没/d送/v，/wd有/vyou什么/ry可/v说/v的/ude1，/wd你/rr以为/v我/rr老糊涂/n了/y，/wd老弟/n。/wj
这时/rzt客厅/n里/f穿/v来/vf晚秋/t的/ude1歌声/n，/wd正是/v那/rzv首/m《/wkz共青团/n之/uzhi歌/n》/wky。/wj
余/m则/c成/v回头/d看/v着/uzhe。/wj
穆/nr1连成/v：/wp去/vf吧/y，/wd再/d不/d过去/vf，/wd她/rr就/d该/v学/v狼/n叫/vi了/y。/wj
4-35．/m穆/nr1连成/v家/q客厅/n日内/t晚秋/t拿/v着/uzhe歌/n篇/q在/p唱/v，/wd余/Rg则/d成/v过来/vf，/wd不远处/s注视/v。/wj
左蓝/nr在/p重庆/ns唱/v这/rzv首/m歌/n的/ude1情景/n浮现/vi在/p他/rr的/ude1眼前/s。/wj
穆/nr1连成/v在/p远处/s看/v着/uzhe，/wd对/p一个/mq手下/n小声/vd吩咐/v：/wp好/a了/y吗/y？/ww
手/n下/f：/wp好/a了/y，/wd还/d带/v枪/n吗/y？/ww
穆/nr1连成/v点头/vi。/wj
晚秋/t看见/v了/ule余则成/nr，/wd过来/vf，/wd拥抱/v他/rr。/wj
第五/m集/q5-1．/m商/vg券/ng会馆/n大堂/n日内/t国民党/n兵/n严守/v着/uzhe大门/n，/wd门外/s可以/v看见/v很多/m记者/n在/p等待/v。/wj
马奎/nr面前/f的/ude1特务/n，/wd有的/rz穿/v着/uzhe服务员/n的/ude1衣服/n，/wd有/vyou的/ude1穿着/n厨师/n服/v，/wd有/vyou穿着/n工装/n的/ude1汽车/n修理/vn工/n，/wd有的/rz挂/v着/uzhe电工/n的/ude1工具/n各色人等/nl。/wj
马奎/nr严肃/a地/n：/wp共/b党代表/n下午/t就/d要/v到/v了/y，/wd你们/rr的/ude1职守/n都/d该/v清楚/a，/wd我/rr再次/d提醒/v各/rz位/q，/wd不许/d暴露/v身份/n，/wd不许/d跟/v共/vg党代表/n吵架/vi，/wd不许/d跟/p他们/rr私下/d接触/v，/wd收工/vi后/f立即/d回/v到/v我/rr的/ude1办公室/n，/wd汇报/v一/m天/qt的/ude1情况/n，/wd记住/v了/ule吗/y？/ww
大家/rr：/wp记住/v了/y。/wj
马奎/nr：/wp好/a，/wd各就各位/vl吧/y。/wj
大家/rr散/v去/vf。/wj
一个/mq手/n下/f：/wp队长/n，/wd陆/nr1处长/n来/vf电话/n，/wd说/v二/m号/q线/n监听/vn信号/n不/d清楚/a。/wj
马奎/nr：/wp我们/rr的/ude1监听/vn清楚/a吗/y？/ww
手/n下/f：/wp清楚/a。/wj
马奎/nr冷笑/vi：/wp告诉/v陆/nr1处长/n，/wd已/d经/p检查/v过/uguo了/y，/wd就/d这样/rzv。/wj
记者/n们/k被/pbei放/v进/vf来/vf了/y，/wd一个/mq记者/n问/v大堂/n主管/vn：/wp请问/v中共/n代表/n邓铭/nr将军/n被/pbei安排/v在/p哪个/ry房间/n？/ww
主管/v让/v一个/mq服务员/n带/v记者/n去/vf了/y。/wj
一/m记者/n：/wp请问/v，/wd军/n调/v期间/f我们/rr可以/v自由/ad进入/v吗/y？/ww
主管/n：/wp对不起/v，/wd需要/v他们/rr同意/v。/wj
记者/n：/wp可以/v看看/v厨房/n和/cc会议室/n吗/y？/ww
每个/r特务/n在/p各自/rr的/ude1岗位/n上/f忙碌/a。/wj
马奎/nr看/v着/uzhe，/wd比较/d满意/v。/wj
5-2．/m悬/v济/vg药店/n日内/t秋/tg掌柜/n在/p给/v余则成/nr看/v一/m叠/q照片/n，/wd照片/n上/f是/vshi商/vg券/ng会馆/n的/ude1特务/n。/wj
第一/m张/q，/wd穿/v背带/n裤/ng的/ude1。/wj
余则成/nr：/wp汽车/n修理/v员/ng，/wd司机/n，/wd叫/vi闻时鸣/nr，/wd行动/vn队/n的/ude1。/wj
第二/m张/q，/wd穿/v礼服/n的/ude1。/wj
余则成/nr：/wp前堂/s主管/vn，/wd宋非/nr，/wd行动/vn队/n侦察/v科科/nr长/a。/wj
第三/m张/q，/wd穿/v服务员/n衣服/n的/ude1。/wj
余则成/nr：/wp他/rr叫/vi。/wj
。/wj
。/wj
刘根宝/nr，/wd行动/vn队/n的/ude1。/wj
第四/m张/q，/wd穿/v服务员/n衣服/n的/ude1。/wj
余则成/nr：/wp陈/nr1北伐/n，/wd行动/vn队/n的/ude1。/wj
余则成/nr在/p说/v，/wd秋/tg掌柜/n在/p照片/n背后/f写/v着/uzhe。/wj
余则成/nr：/wp如果/c要/v揭露/v他们/rr，/wd最好/d不要/d都/d说/v对/p，/wd可以/v说/v错/v一两/m个/q。/wj
秋/tg掌柜/n：/wp这/rzv你/rr放心/v，/wd不/d会/v让/v他们/rr察觉/v到/v情报/n来源/n的/ude1。/wj
余则成/nr起身/vi离开/v了/y。/wj
5-3．/m余/m则/q成家/vi院子/n日/qt外/f翠平/nr2在/p用/p砖头/n砌/v鸡窝/n，/wd她/rr干/v得/ude3满头大汗/al。/wj
竹/ng笼子/n里/f关/v着/uzhe几/m只/q鸡/n。/wj
周亚夫/nr经过/v，/wd看/v着/uzhe：/wp嫂子/n，/wd忙/v什么/ry呢/y？/ww
翠平/nr2：/wp垒/v鸡窝/n。/wj
5-4．/m军统/n站/vi会议室/n日内/t站长/n、/wn余则成/nr、/wn马奎/nr、/wn陆/ng桥山/ns等/udeng十几/m个/q人/n。/wj
站长/n：/wp晚上/t驻军/n方面/n欢迎/vn八路军/n代表/n，/wd各位/rr都/d要/v到/v，/wd人/n多/a气氛/n好/a呀/y，/wd让/v他们/rr看看/v天津/ns正是/v风调雨顺/vl呀/y。/wj
马奎/nr：/wp知识分子/n和/cc工商界/n代表/n都/d找/v好/a了/y，/wd全/d是/vshi五十/m岁/qt以上/f的/ude1。/wj
抗日/vn英雄/n、/wn学生/n代表/n、/wn艺术家/n、/wn普通/a百姓/n的/ude1代表/n也/d找/v好/a了/y，/wd总共/d二十/m人/n。/wj
站长/n：/wp学生/n代表/n要/v严格/ad审查/v，/wd年轻人/n喜欢/vi乱/d说/v。/wj
陆/nr1桥山/ns：/wp站长/n放心/v，/wd他们/rr都/d是/vshi青年/n军/n的/ude1骨干/n，/wd经过/p政/ng大和/nz团校/n的/ude1年/qt训/v，/wd每个/r人/n的/ude1档案/n都/d仔细/ad审查/v过/uguo。/wj
站长/n满意/v：/wp妇女/n界/k也/d应该/v有/vyou代表/n呀/y。/wj
马奎/nr：/wp这个/rz。/wj
。/wj
。/wj
通告/n里/f没有/d说/v还/d需要/v妇女/n代表/n。/wj
站长/n：/wp需要/v，/wd共产党/n很/d封建/a的/ude1，/wd让/v他们/rr看看/v城市/n里/f的/ude1新/a女性/n，/wd这/rzv就/d是/vshi进步/vn。/wj
马奎/nr：/wp晚上/t就/d要/v用/v，/wd怕/v是/vshi来不及/v找/v呀/y。/wj
站长/n：/wp嗨/e，/wd你们/rr的/ude1太太/n都/d到/v场/qv就/d行/vi了/y，/wd都/d不/d难/ad看/v嘛/y，/wd让/v她们/rr穿戴/v整齐/a，/wd站/vi在/p后面/f，/wd露露/nz笑脸/n就/d可以/v了/y。/wj
余则成/nr：/wp我/rr家/q太太/n就/d算/v了/ule吧/y，/wd她/rr那/rzv样子/n。/wj
。/wj
。/wj
不/d太/d进步/vi。/wj
站长/n笑/v：/wp要/v带/v，/wd让/v她/rr也/d见识/v见识/n吗/y，/wd这/rzv事/n你/rr别/d管/v了/y，/wd马奎/nr，/wd让/v你/rr太太/n马上/d带/v余/m太太/n去/vf烫发/v，/wd波浪/n的/ude1。/wj
余则成/nr：/wp还要/d烫发/v？/ww
5-5．/m会场/n夜/qt内/f会场/n里/f放/v着/uzhe美国/nsf音乐/n，/wd熟悉/v的/ude1人们/n在/p交谈/vi着/uzhe。/wj
余则成/nr和/cc烫/v了/ule发/v的/ude1翠/ag平/v进来/vf，/wd翠平/nr2还/d有些/rz不/d舒服/a，/wd弄/v着/uzhe头发/n，/wd小声/v地/n：/wp妈/n呀/y，/wd这么/rz亮/vi。/wj
余则成/nr是/vshi一/m身/q记者/n打扮/v，/wd挂/v着/uzhe相机/n，/wd手里/s拿/v着/uzhe本子/n和/cc笔/n。/wj
他/rr看见/v了/ule不远处/s的/ude1站长/n太太/n和/cc马/n陆/nr1太太/n。/wj
余/m则/c成/v带/v翠平/nr2走/v过去/vf，/wd对/p站长/n太太/n：/wp人/n我/rr就/d交/v给/p你/rr了/y。/wj
随后/d对/p翠平/nr2：/wp这种/r场合/n不要/d乱/d说/v。/wj
翠/ag平/v点头/vi，/wd余则成/nr离开/v。/wj
站长/n太太/n看/v着/uzhe催/v平/v：/wp烫/v了/ule就/d象/ng太太/n了/y。/wj
马/nr1太太/n得意/a：/wp我/rr给/p她/rr要/v的/ude1样子/n，/wd上海/ns最/d流行/v的/ude1。/wj
翠平/nr2看/v着/uzhe各位/rr太太/n手里/s的/ude1杯子/n：/wp这/rzv是/vshi什么/ry？/ww
站长/n太太/n想/v了/ule半天/mq问/v马/nr1太太/n：/wp这/rzv叫/vi什么/ry？/ww
马/nr1太太/n炫耀/v地/n：/wp这/rzv是/vshi一/m种/q美国/nsf汽水/n，/wd也/d是/vshi最/d时尚/n的/ude1汽水/n。/wj
叫/vi可口可乐/nz，/wd以前/f上海/ns叫/vi它/rr蝌/n蝌/n啃/v蜡/n。/wj
翠平/nr2一/m头/q雾/n水/n：/wp像/v醋/n。/wj
站长/n太太/n递/v过来/vf自己/rr的/ude1杯子/n：/wp你/rr尝尝/v。/wj
翠/ag平/v缩/vi着/uzhe脖子/n尝/v了/ule一/m口/q：/wp红/a塘/ng水/n。/wj
一/m声/qv高喊/v：/wp国/n军代表/n张罗/v林/nr1将军/n到/v——/wp一个/mq笑容/n可/v鞠/vg的/ude1戎装/n将军/n和/cc几/m个/q随从/n进入/v。/wj
余则成/nr等/udeng上前/vi拍照/vi。/wj
闪光灯/n，/wd掌声/n。/wj
商人/n模样/n的/ude1站长/n坐/v在/p角落/n里/f，/wd马奎/nr过来/vf：/wp站长/n，/wd时间/n都/d过/uguo了/y，/wd八路军/n代表/n怎么/ryv还/d不/d到/v。/wj
站长/n：/wp那/rzv你/rr还/d闲/v着/uzhe？/ww
马奎/nr明白/v，/wd于是/cc到/v人群/n里/f煽动/v：/wp八路军/n代表/n怎么/ryv这么/rz不/d守/v时/ng呢/y，/wd已经/d过/vf了/ule八/m分钟/qt了/y，/wd这/rzv第一/m印象/n可/c不/d好/a。/wj
