翠平/nr2也/d在/p听/v，/wd这时/rzt听/v广播/vn的/ude1人/n，/wd狐/ng疑/ng地/ude2看/v着/uzhe她/rr，/wd赶紧/d关上/v了/ule收音机/n。/wj
翠/ag平/v恍然/z，/wd急忙/d出门/vi。/wj
5-19．/m天津/ns站/n走廊/n日/qt内/f余/m则/c成/v跟/p一个/mq警察/n头目/n走/v来/vf：/wp通缉令/n要/v尽快/d送达/v码头/n车站/n，/wd以防/v外逃/vi。/wj
警察/n头目/n：/wp我/rr会/v的/ude1。/wj
这/rzv是/vshi马奎/nr迎面/d过来/vf，/wd很/d不/d高兴/a：/wp则/d成/v，/wd你/rr听说/v了/ule吗/y？/ww
余则成/nr让/v警察/n头目/n走/v了/ule：/wp什么/ry？/ww
马奎/nr：/wp我/rr在/p外面/f忙/v得/ude3不可开交/al，/wd陆/nr1桥山/ns非/b让/v我/rr回来/v接受/v他/rr的/ude1询问/vn。/wj
余则成/nr：/wp问/v什么/ry？/ww
马奎/nr：/wp重庆/ns来/f的/ude1都/d要/v问/v，/wd说/v当年/t那个/rz“/wyz峨眉/ns峰/ng”/wyy现在/t就/d在/p天津/ns，/wd所有/b光复/v后来/t天津/ns的/ude1人/n都/d要/v调查/vn，/wd加上/v警备/n司令部/n和/cc党/n部/q的/ude1好/a几十/m人/n呢/y。/wj
余/m则/c成/v：/wp峨/ng眉峰/n？/ww
那/rzv是/vshi共/d党/n在/p抗战/vn时期/n的/ude1密/a派/n，/wd现在/t还/d在/p用/v？/ww
不/d会/v吧/y。/wj
马奎/nr：/wp把/pba我们/rr都/d嫌疑/n了/y，/wd他/rr就/d开心/a了/y。/wj
余则成/nr：/wp嫌疑/n我们/rr有/vyou什么/ry用/v？/ww
马奎/nr冷笑/vi：/wp别/d装/v斯文/a了/y，/wd则/c成/v，/wd站/vi里/f一直/d没有/v副/b站长/n，/wd这个/rz人选/n会/v出/vf在/p你/rr我/rr他/rr之外/f吗/y？/ww
余则成/nr明白/v似/vg地/n：/wp哦/e，/wd是/vshi这样/rzv。/wj
接着/c谦虚/a地/n：/wp马/b队长/n，/wd你/rr跟/v陆/nr1处长/n都/d是/vshi中校/n，/wd我/rr只是/v少校/n，/wd副/b站长/n是/vshi你们/rr俩/m的/ude1事/n，/wd我/rr不/d敢/v想/v。/wj
马奎/nr不屑/v：/wp那/rzv你/rr可/v是/vshi从/p重庆/ns过来/vf的/ude1吧/y。/wj
余则成/nr：/wp是/vshi呀/y，/wd那/rzv就/d查/v吧/y。/wj
5-20．/m余/m则/q成家/vi日内/t余/m则/c成/v回来/v。/wj
饭/n已经/d摆/v好/a了/y。/wj
翠/ag平/v笑嘻嘻/z地/ude2看/v着/uzhe他/rr。/wj
余则成/nr有点/d发毛/v，/wd左右/m张望/v。/wj
翠平/nr2：/wp吃/v吧/y，/wd一边/d吃/v一边/d给/p我/rr念/v报纸/n。/wj
余/m则/c成/v坐下/vi：/wp念/v什么/ry？/ww
翠平/nr2拿/v出/vf报纸/n，/wd上面/f有/vyou邓铭/nr和/cc左蓝/nr进/vf门/n的/ude1照片/n，/wd翠平/nr2指/v着/uzhe照片/n：/wp这/rzv衣服/n我/rr也/d穿/v过/uguo，/wd反/vi扫荡/v的/ude1时候/n。/wj
余则成/nr意外/a：/wp这/rzv报纸/n哪/ry来/vf的/ude1？/ww
翠平/nr2：/wp买/v的/ude1。/wj
余则成/nr生气/n：/wp谁/ry让/v你/rr买/v的/ude1？/ww
翠/ag平/v不解/v：/wp不/d贵/a。/wj
余则成/nr：/wp我/rr不/d是/vshi心疼/v钱/n。/wj
翠平/nr2也/d不/d让/v：/wp你/rr又/d叫唤/vi，/wd不/d心疼/v钱/n心疼/v什么/ry？/ww
余/m则/c成/v克制/v：/wp现在/t很多/m报摊/n都/d有/vyou特务/n监视/vn，/wd你/rr不/d认/v字/n，/wd从/p不/d买/v报/n，/wd为什么/ryv单单/d买/v这/rzv一/m张/q？/ww
傻瓜/n也/d知道/v你/rr是/vshi为了/p这/rzv张/q照片/n才/d买/v这/rzv报纸/n的/ude1。/wj
翠平/nr2：/wp那么/rz多/a人/n买/v，/wd特务/n监视/v得/ude3过来/vf吗/y？/ww
吓唬/v谁/ry呀/y。/wj
余则成/nr急/v了/ule：/wp你/rr跟/p那些/rz人/n一样/a吗/y？/ww
你/rr男人/n是/vshi军统/n站/vi的/ude1，/wd别人/rr买/v可能/v没/v问题/n，/wd你/rr买/v就/d有/vyou问题/n，/wd你/rr是/vshi被/pbei监视/v的/ude1对象/n。/wj
翠平/nr2没/v话/n了/y，/wd突然/ad小声/v：/wp你/rr声音/n小/a点/qt，/wd那/rzv家伙/n听见/v。/wj
余则成/nr果然/d小声/v了/ule：/wp你/rr别/d转移/v话题/n，/wd逃避/v批评/vn。/wj
翠/ag平/v理直气壮/al：/wp我/rr也/d做/v过/uguo领导/n，/wd领导/n好/a几十/m个/q人/n，/wd对/p犯/v错误/a的/ude1同志/n从来/d都/d注意/v批评/vn方式/n。/wj
余/m则/c成/v不屑/v地/n：/wp就/p你/rr。/wj
。/wj
。/wj
还/d方式/n。/wj
。/wj
。/wj
不/d就/d是/vshi山/n里面/f打/v个/q冷枪/n，/wd埋/v个/q地雷/n，/wd送/v个/q鸡毛信/n。/wj
。/wj
。/wj
翠平/nr2真/d急/v了/ule：/wp余则成/nr，/wd你/rr闭/v嘴/n，/wd我/rr也/d是/vshi枪林弹雨/nl过来/vf的/ude1，/wd瞧不起/v我/rr是/vshi吗/y？/ww
我/rr告诉/v你/rr，/wd就/d你/rr这样/rzv大吃大喝/vl，/wd收/v金/b收银/vn，/wd专/d靠/v打听/v小道消息/n混日子/vl的/ude1人/n，/wd我/rr还/d瞧不起/v你/rr呢/y。/wj
余/m则/c成/v上来/vf捂/v翠/ag平/a的/ude1嘴/n：/wp你/rr小/a点/qt声/ng，/wd小/a点/qt声/ng，/wd你/rr喊/v什么/ry。/wj
翠/ag平/v有些/rz激动/a：/wp打/v小/a鬼子/n，/wd我们/rr是/vshi夹/v着/uzhe脑袋/n过来/vf的/ude1，/wd你/rr凭/p什么/ry糟蹋/v我们/rr？/ww
余/m则/c成/v愣/vi，/wd门口/s有/vyou声音/n，/wd余则成/nr立即/d示意/v翠/ag平/v不要/d说话/vi。/wj
翠/ag平/v不在乎/v的/ude1样子/n。/wj
余/m则/c成/v悄悄/d来/vf到/v门口/s听/v着/uzhe，/wd猛地/d开门/vi，/wd门口/s竟然/d站/vi着/uzhe周亚夫/nr。/wj
周亚夫/nr：/wp余/m。/wj
余/m主任/n。/wj
余/m则/c成/v警觉/v：/wp什么/ry事/n？/ww
周亚/nr夫/ng掩饰/v着/uzhe掏/v出/vf一/m叠/q钱/n：/wp您/rr这/rzv个/q月/n的/ude1公务/n津贴/n。/wj
余则成/nr接/v过/uguo来/m：/wp进来/vf坐坐/v。/wj
翠平/nr2忍/v着/uzhe：/wp周/nr1会计/n，/wd进来/vf坐/v吧/y。/wj
周亚夫/nr：/wp不/d了/ule不/d了/y，/wd我/rr回去/v。/wj
说/v完/vi离开/v。/wj
余则成/nr关/v上门/vi：/wp知道/v什么/ry叫/vi隔/v墙/n有/vyou耳/n了/y吧/y。/wj
5-21．/m余/m则/q成家/vi卧室/n夜/qt内/f余/m则/c成/v在/p听/v收音机/n，/wd收音机/n里/f还/d是/vshi机械/n的/ude1呼叫/vn声/n：/wp。/wj
。/wj
。/wj
本/rz呼叫/v，/wd一/m小时/n后/f本/rz波段/n还/d会/v重复/vd播出/v，/wd下面/f呼叫/v请/v老/a影壁/n接收/vn，/wd722/m、/wn1536/m、/wn3142/m、/wn9047/m、/wn2705/m。/wj
。/wj
。/wj
。/wj
。/wj
。/wj
翠/ag平/v嘟囔/v：/wp可以/v批评/v我/rr，/wd你/rr不/d能/v瞧不起/v我们/rr山里/s的/ude1队伍/n，/wd一/m枪/n过来/vf半/m拉/v脑袋/n就/d没有/v了/y，/wd脑浆/n子/ng就/d挂/v在/p膀子/n上/f，/wd家里/s撂下/v半大/b的/ude1孩子/n和/cc老爹/n老娘/n，/wd我们/rr队伍/n里/f已经/d死/v了/ule九/m个/q兄弟/n，/wd你/rr凭/p什么/ry瞧不起/v我们/rr。/wj
余则成/nr没/d理/v她/rr，/wd关上/v收音机/n，/wd关上/v灯/n，/wd来到/v窗/ng前/f，/wd拨开/v窗帘/n，/wd观察/v外面/f：/wp你/rr过来/vf。/wj
翠平/nr2：/wp我/rr不/d。/wj
余则成/nr看/v着/uzhe她/rr，/wd翠平/nr2过/d来/vf看/v着/uzhe外面/f。/wj
5-22．/m窗外/s路边/s夜/tg外/f一/m辆/q车/n停/vi在/p那里/rzs。/wj
5-23．/m余/m则/q成家/vi卧室/n夜/qt内/f余/m则/c成/v：/wp知道/v车/n里/f是/vshi什么/ry人/n吗/y？/ww
翠平/nr2认真/a：/wp什么/ry人/n？/ww
余则成/nr：/wp监视/v我们/rr的/ude1特务/n，/wd如果/c我们/rr没有/d睡/v在/p一/m间/q房/n里/f，/wd而是/c楼上/s楼下/s分/v着/uzhe睡/v，/wd就/d会/v被/pbei他们/rr发现/v，/wd发现/v了/ule就/d是/vshi疑点/n，/wd是/vshi疑点/n，/wd就/d会/v被/pbei进一步/d监视/v，/wd甚至/d可能/v趁/p我们/rr都/d不/d在家/vi的/ude1时候/n，/wd进来/vf安放/v窃听器/n。/wj
窃听器/n是/vshi个/q很/d小/a的/ude1东西/n，/wd放/v在/p家里/s，/wd他们/rr在/p车/n里/f就/d能/v听/v见/v我们/rr说/v的/ude1话/n。/wj
翠/ag平/v将信将疑/vl：/wp顺风耳/n。/wj
余则成/nr：/wp还有/v，/wd刚才/t你/rr大声/d说/v的/ude1话/n，/wd如果/c让/v周亚夫/nr听到/v了/ule一/m句/q重要/a的/ude1，/wd马奎/nr马上/d就/d会/v知道/v，/wd那样/rzv我们/rr就/d可能/v人头/n落地/vi。/wj
翠平/nr2：/wp你/rr的/ude1声音/n也/d不/d小/a。/wj
余则成/nr：/wp我/rr没有/v，/wd我/rr一直/d是/vshi压/v着/uzhe嗓子/n说/v的/ude1。/wj
三/m年/qt前/f在/p武昌/ns，/wd一个/mq打入/v军统/n的/ude1老/a同志/n，/wd只/d因为/p睡觉/vi的/ude1时候/n说/v了/ule句/q梦话/n，/wd就/d连/ulian带/v着/uzhe整个/b联络/vn线/n上/f四/m名/q同志/n被/pbei杀/v，/wd尸体/n都/d扔/v到/v了/ule江里/nr，/wd我们/rr的/ude1工作/vn就/d这么/rz残酷/a，/wd脑袋/n落地/vi的/ude1时候/n，/wd可能/v还/d是/vshi笑/v着/uzhe的/ude1。/wj
