军医/n走/v了/y，/wd秋/tg掌柜/n：/wp耽误/v我/rr生意/n，/wd你们/rr缺/v八/m辈子/qt德/n了/y。/wj
6-26．/m悬/v济/vg药店/n门口/s夜/tg外/f秋/tg掌柜/n的/ude1洋车/n，/wd过来/vf，/wd停下/v。/wj
秋/tg掌柜/n下车/vi拍/v门/n：/wp伙计/n，/wd那/rzv三/m。/wj
6-27．/m站长/n家/q餐厅/n夜/qt内/f余/m则/c成/v、/wn翠平/nr2、/wn站长/n夫人/n在/p吃饭/vi。/wj
站长/n夫人/n：/wp飞机/n，/wd怎么/ryv会/v失踪/vi。/wj
翠平/nr2：/wp跟/v孙/nr1猴子/n一样/uyy，/wd躲/v到/v云彩/n里/f去/vf了/y。/wj
余则成/nr：/wp瞎说/v什么/ry。/wj
就/d是/vshi不/d知道/v降落/vi在/p什么/ry地方/n了/y。/wj
站长/n夫人/n：/wp会/v不/d会/v跑/v到/v延安/ns去/vf？/ww
余则成/nr和翠平/nr都/d诧异/a了/y。/wj
余则成/nr：/wp延安/ns，/wd这/rzv怎么/ryv可能/v？/ww
站长/n夫人/n不容/v质疑/vn地/n：/wp很/d有/vyou可能/n，/wd毛/nr1主任/n下午/t还/d来/vf电话/n，/wd说/v委员长/n最/d担心/v戴/nr1局长/n的/ude1飞机/n去/vf延安/ns了/y，/wd让/v敬中/nr2火速/d打听/v延安/ns那边/rzs。/wj
余/m则/c成/v一/m惊/v，/wd然后/c轻描淡写/vl地/n：/wp要/v真/d飞往/v延安/ns，/wd广播/vn里/f早/tg就/d会/v说/v了/y。/wj
站长/n夫人/n：/wp要/v是/vshi秘密/a的/ude1呢/y？/ww
谁/ry知道/v，/wd知道/v也/d不/d说/v。/wj
要/v是/vshi共产党/n用/p金条/n把/pba开/v飞机/n的/ude1人/n买/v通/v了/ule呢/y？/ww
翠/ag平/v有些/rz听/v不/d懂/v了/ule：/wp飞机/n是/vshi人/n开/v的/ude1呀/y？/ww
那/rzv真/d有/vyou可能/n。/wj
余则成/nr：/wp哎呀/e，/wd你/rr就/d别/d瞎说/v了/y，/wd懂/v什么/ry呀/y。/wj
余/m则/c成/v打量/v站长/n夫人/n：/wp退/v一万/m步/qv说/v，/wd即使/c飞机/n去/vf了/ule延安/ns，/wd毛/nr1主任/n那边/rzs有/vyou那么/rz多/m在/p延安/ns的/ude1内线/n，/wd他/rr不/d去/vf打听/v，/wd怎么/ryv要/v让/v站长/n去/vf打听/v，/wd天津/ns离/v延安/ns这么/rz远/a。/wj
站长/n夫人/n嘴/n一/m撇/q：/wp他们/rr？/ww
他们/rr派/v去/vf一个/mq抓/v一个/mq，/wd没/d剩/v几/m个/q人/n，/wd还/d不如/v这边/rzs的/ude1管用/a呢/y？/ww
翠平/nr2急切/a地/n：/wp这边/rzs有人/r在/p延安/ns？/ww
余则成/nr生气/n了/y：/wp翠平/nr2，/wd不/d该/v问/v的/ude1不要/d乱/d问/v。/wj
站长/n夫人/n：/wp哎/e，/wd我们/rr女人/n就是/d不/d中用/a，/wd什么/ry都/d问/v，/wd什么/ry都/d说/v。/wj
电话/n响/v，/wd站长/n夫人/n去/vf接/v电话/n。/wj
翠/ag平/v低声/d：/wp我/rr问问/v怎么/ryv了/y，/wd他们/rr有/vyou人/n在/p延安/ns埋伏/v，/wd那/rzv就是/v祸害/n。/wj
余/m则/c成/v转脸/d凝视/v她/rr。/wj
翠平/nr2不/d说话/vi了/y。/wj
站长/n夫人/n跑/v着/uzhe回来/v，/wd叫/vi喊/v着/uzhe：/wp不好/a了/y，/wd出/vf大事/n了/y。/wj
余则成/nr起身/vi：/wp怎么/ryv了/y，/wd嫂子/n，/wd慢慢/d说/v，/wd别/d着急/a。/wj
翠/ag平/v过来/vf扶/v着/uzhe站长/n夫人/n。/wj
站长/n夫人/n：/wp飞机/n摔/v了/y，/wd戴/v局长/n的/ude1飞机/n摔/v在/p山上/s了/y。/wj
余则成/nr：/wp消息/n可靠/a吗/y？/ww
站长/n夫人/n：/wp不/d会/v错/v了/y，/wd我/rr堂妹/n是/vshi龚仙舫/nr家/n的/ude1亲戚/n，/wd龚/nr1处长/n也/d在/p飞机/n上/f，/wd都/d死/v了/y，/wd在/p南京/ns附近/f。/wj
余/m则/c成/v愣/dg了/y。/wj
6-28．/m街道/n夜/qt外/f余/m则/c成/v开/v着/uzhe车/n。/wj
翠平/nr2高兴/a：/wp会/v是/vshi真/a的/ude1吗/y？/ww
余则成/nr没/d说话/vi，/wd表情/n严峻/a。/wj
翠/b平生/n气/n。/wj
6-29．/m余/m则/q成家/vi客厅/n//w陆/ng桥山/ns办公室/n//w马奎/nr家/n夜/qt内/f余/m则/c成/v轻轻/d开门/vi，/wd二/m人/n进来/vf后/f，/wd余/Rg则/d成/v弯腰/vi检查/v门口/s的/ude1脚/n垫/v。/wj
余则成/nr：/wp脚/n垫/v上/f为什么/ryv没/d撒/v香灰/n？/ww
翠平/nr2：/wp哎呀/e，/wd我/rr忘/v了/y。/wj
余则成/nr生气/n：/wp只要/c家里/s没/v人/n，/wd出门/vi时/ng一定/d要/v撒/v上/vf香灰/n，/wd跟/p你/rr说/v过/uguo多少/ry遍/v了/y，/wd要是/c有/vyou人/n进来/vf怎么办/ryv？/ww
他/rr在/p犄角/n旮旯/n里/f藏/v个/q窃听器/n怎么办/ryv？/ww
翠平/nr2：/wp我/rr错/v了/y。/wj
余则成/nr突然/ad没/v脾气/n了/y：/wp这/rzv是/vshi你/rr第一/m次/qv说/v我/rr错/v了/y。/wj
他/rr脸/n贴/v地面/n观察/v地板/n：/wp应该/v没有/v人/n进/vf来/vf过/uguo，/wd翠平/nr2，/wd这/rzv是/vshi敌人/n的/ude1心脏/n，/wd一点/mq都/d马虎/a不得/vi呀/y。/wj
翠平/nr2诚恳/ad点头/vi。/wj
电话/n响/v，/wd余则成/nr接/v听/v：/wp喂/v。/wj
陆/nr1桥山/ns：/wp听说/v了/ule吗/y？/ww
余则成/nr：/wp陆/nr1处长/n，/wd听说/v什么/ry？/ww
陆/nr1桥山/ns：/wp哦/e，/wd没什么/vl，/wd晚安/v。/wj
没什么/vl。/wj
余则成/nr刚/d放下/v电话/n，/wd电话/n响/v了/y，/wd余则成/nr接/v听/v：/wp喂/v。/wj
马奎/nr：/wp听说/v了/ule吗/y？/ww
余则成/nr：/wp哎呀/e，/wd马/nr1队长/n，/wd你/rr跟/p我/rr打/v什么/ry哑谜/n呀/y，/wd听说/v什么/ry了/y？/ww
马奎/nr：/wp戴/v局长/n飞机/n的/ude1事/n呀/y。/wj
余则成/nr语气/n沉痛/a：/wp哦/e，/wd下午/t就/d听说/v了/y，/wd说/v是/vshi在/p南京/ns坠机/n了/y。/wj
马奎/nr伤心/a地/n：/wp哎呀/e，/wd简直/d不可思议/al吗/y，/wd一定/d有/vyou人/n做/v了/ule手脚/n。/wj
哎/e，/wd你/rr下午/t就/d知道/v了/y，/wd你/rr怎么/ryv知道/v的/ude1。/wj
余则成/nr：/wp国防部/nt的/ude1一个/mq朋友/n告诉/v我/rr的/ude1，/wd真是/d灾难/n。/wj
马奎/nr好奇/v：/wp国防部/nt的/ude1朋友/n，/wd我/rr说/v老弟/n怎么/ryv消息/n这么/rz灵通/a呢/y。/wj
哎/e，/wd那/rzv个/q人/n知道/v吗/y？/ww
余/m则/c成/v装糊涂/vi：/wp那/rzv人/n，/wd谁/ry？/ww
马奎/nr：/wp谁/ry呀/y，/wd陆大/nr处长/n呀/y，/wd他/rr不/d是/vshi现在/t主持/v工作/vn吗/y？/ww
余则成/nr：/wp应该/v知道/v了/ule吧/y。/wj
6-30．/m余/m则/q成家/vi卧室/n夜/qt内/f余/m则/c成/v坐/v到/v收音机/n前/f，/wd调试/v着/uzhe。/wj
翠平/nr2把/pba咖啡/n端/v了/ule上来/vf，/wd温柔/a地/n：/wp我/rr都/d跟/p你/rr熬/v成/v夜猫子/nl了/y，/wd睡/v这么/rz晚/tg，/wd你/rr不/d累/a呀/y。/wj
余/m则/c成/v抬头/vd看/v翠平/nr2，/wd像/p看/v一个/mq陌生/a人/n：/wp等/v一会/m，/wd时间/n还/d不/d到/v。/wj
翠平/nr2笑/v，/wd急忙/d从/p边上/f拿/v出/vf一/m张/q纸/n，/wd上面/f歪歪扭扭/z地/ude2写/v着/uzhe一二三四五六七八九十/m，/wd对应/vi着/uzhe写/v着/uzhe12345678910：/m你/rr看/v，/wd我/rr写/v的/ude1，/wd对/p吗/y？/ww
余则成/nr认真/a地/ude2看/v：/wp对/v。/wj
就/d是/vshi这/rzv两/m个/q圈/n离/v得/ude3太/d远/a了/y。/wj
余则成/nr用/p笔/n把/pba翠平/nr2写/v的/ude18/m改/v了/ule一下/mq。/wj
翠平/nr2写/v得/ude38/m两/m个/q圈/n离/v得/ude3很/d远/a。/wj
翠平/nr2看/v着/uzhe：/wp哦/e，/wd挨着/v的/ude1。/wj
余则成/nr：/wp睡/v吧/y。/wj
翠/ag平/v摇头/vi：/wp今天/t我/rr帮/v你/rr写/v。/wj
余则成/nr：/wp不行/a，/wd你/rr写/v得/ude3太/d慢/a。/wj
翠平/nr2：/wp咱们/rr一起/d写/v，/wd写/v几/m次/qv我/rr就/d快/a了/y。/wj
余则成/nr：/wp好/a吧/y。/wj
二/m人/n铺/v好/a纸/n，/wd余则成/nr又/d把/pba电台/n调/v回来/v。/wj
广播/n：/wp。/wj
。/wj
。/wj
野猪/n林/ng的/ude1爱人/n嘱咐/v你/rr，/wd注意/v身体/n。/wj
完毕/vi。/wj
现在/t是/vshi研究所/n呼叫/v勘探队/n，/wd研究所/n呼叫/v勘探队/n。/wj
你/rr送/v回来/v的/ude1矿石/n标本/n十分/d珍贵/a，/wd研究所/n提出/v表扬/vn。/wj
翠平/nr2叫/vi：/wp哎/e，/wd表扬/v你/rr了/y。/wj
余/m则/c成/v嘘/v——/wp翠平/nr2捂/v上/vf了/ule嘴/n。/wj
广播/n继续/v：/wp勘探/v队员/n的/ude1调整/vn工作/vn已经/d开始/v，/wd具体/a内容/n请/v记录/n。/wj
3112/m、/wn027/m、/wn1043/m、/wn502/m、/wn9129/m、/wn0101/m、/wn043/m、/wn7381/m、/wn。/wj
。/wj
。/wj
。/wj
。/wj
。/wj
翠平/nr2上/f来/vf还/d能/v记/v一会/m，/wd接着/c就/d跟不上/v了/y，/wd她/rr拿/v过/uguo自己/rr写/v的/ude1对照表/n，/wd忙碌/a地/ude2看/v、/wn写/v。/wj
