余/m则/c成/v感激/v地/n：/wp谢谢/v了/ule兄弟/n，/wd随后/d从/p包/n里/f掏/v出/vf一些/mq钱/n：/wp不/d多/a，/wd买/v点/qt烟/n酒/n，/wd看/v得/ude3起/vf我/rr就/d拿/v着/uzhe，/wd拿/v着/uzhe，/wd一路/mq上/f辛苦/v了/y。/wj
当兵/vi的/ude1还/d腼腆/a不/d收/v。/wj
翠/ag平/v呜咽/vi着/uzhe：/wp救/v我/rr一/m命/n就/d是/vshi亲兄弟/n，/wd拿/v着/uzhe。/wj
翠平/nr2硬/d塞/v到/v他们/rr手里/s。/wj
陆/nr1桥山/ns：/wp我/rr带/v两/m个/q兄弟/n去/vf做/v个/q记录/n，/wd你们/rr好/a好/a。/wj
。/wj
。/wj
啊/y。/wj
陆/nr1桥山/ns带/v人/n走/v了/y，/wd关/v上/vf了/ule门/n。/wj
余/m则/q成长/vn抒/vg一口气/d：/wp究竟/d怎么/ryv回/v事/n呀/y？/ww
翠/ag平/v破涕为笑/vl，/wd一/m跺脚/vi：/wp真/d他/rr妈/n巧/a，/wd该/v着/uzhe我/rr不/d走/v，/wd两/m次/qv，/wd两/m次/qv来/vf天津/ns都/d是/vshi坐/v大/a车/n。/wj
余则成/nr担心/v：/wp小/a点/qt声/ng。/wj
7-8．/m余/m则/q成家/vi卧室/n夜/qt内/f余/m则/c成/v：/wp从/p昨天/t到/p今天/t发生/v了/ule很多/m事/n，/wd第一/m，/wd你/rr失踪/vi了/y。/wj
翠平/nr2擦/v着/uzhe湿/a头发/n：/wp我/rr这/rzv不/d回来/v了/ule吗/y。/wj
余则成/nr：/wp第二/m，/wd我/rr的/ude1上级/n被捕/vi了/y，/wd交通站/n彻底/ad被/pbei摧毁/v了/y。/wj
翠/ag平/v第一/m反应/n：/wp那/rzv你/rr得/v马上/d离开/v，/wd他/rr可能/v叛变/v。/wj
翠平/nr2立即/d起身/vi到/v厨子/n里/f去/vf找/v，/wd可是/c没/d找到/v手雷/n：/wp我/rr的/ude1手雷/n呢/y。/wj
余/m则/c成/v摆/v了/ule摆手/vi：/wp我/rr已经/d收/v起来/vf了/y。/wj
他/rr不/d会/v叛变/v的/ude1，/wd今天/t在/p我/rr面前/f，/wd他/rr咬/vi下/vf了/ule自己/rr的/ude1舌头/n。/wj
翠平/nr2不禁/d啊/y出/vf了/ule声/n。/wj
余则成/nr：/wp还有/v一个/mq更/d可怕/a的/ude1事/n，/wd天津/ns站/vi在/p延安/ns安插/v了/ule奸细/n，/wd隐藏/v得/ude3还/d很/d深/a，/wd叫/vi佛龛/n。/wj
翠/ag平/v难以置信/vl：/wp在/p延安/ns？/ww
那/rzv还/d了/ule得/v，/wd得/v赶快/d抓/v起来/vf呀/y。/wj
余则成/nr：/wp抓/v什么/ry？/ww
这么/rz重要/a的/ude1情报/n我/rr送/v不/d出去/vf。/wj
翠平/nr2：/wp我们/rr去/vf劫狱/vn，/wd救/v出/vf你/rr的/ude1上级/n，/wd让/v他/rr告诉/v延安/ns奸细/n的/ude1事/n，/wd手雷/n呢/y？/ww
余则成/nr：/wp我们/rr的/ude1工作/vn不/d是/vshi拼命/vi，/wd而是/c潜伏/v下去/vf，/wd这/rzv比/p什么/ry都/d重要/a。/wj
秋/tg掌柜/n咬/vi下/f舌头/n的/ude1时候/n，/wd我/rr很/d难受/a，/wd你/rr要/v是/vshi也/d在/p场/qv就/d好/a了/y，/wd看到/v他/rr嘴角/n里/f流/v的/ude1血/n，/wd你/rr会/v知道/v，/wd我们/rr的/ude1这种/r工作/vn，/wd就/d是/vshi跟/p死亡/vi捉/v迷/ng藏/v，/wd不/d知道/v什么/ry时候/n，/wd死亡/vi就/d一/m把/pba抓住/v了/ule你/rr。/wj
翠/ag平/v真诚/a地/n：/wp回来/v的/ude1路上/s，/wd我/rr想/v好/a了/y，/wd不管/c你/rr以后/f怎么/ryv胡来/vi，/wd我/rr也/d不/d跟/p你/rr吵架/vi了/y。/wj
余则成/nr：/wp我/rr胡来/vi？/ww
翠平/nr2：/wp我/rr，/wd我/rr，/wd行/vi了/y吧/y。/wj
余则成/nr的/ude1手/n在/p调试/v收音机/n旋钮/n。/wj
翠平/nr2把/pba纸/n笔/q放/v在/p他/rr面前/f。/wj
收音机/n：/wp。/wj
。/wj
。/wj
研究所/n呼叫/v勘探队/n，/wd研究所/n呼叫/v勘探队/n，/wd近日/t高/a海拔/n区域/n气候/n突变/vi，/wd勘探队/n必须/d回到/v大本营/n。/wj
。/wj
。/wj
翠/ag平/v奇怪/v：/wp怎么/ryv不/d说/v数/n了/y？/ww
余则成/nr：/wp明码/n呼叫/v，/wd说明/v情况/n紧急/a。/wj
收音机/n继续/v：/wp下面/f是/vshi研究所/n指示/n：/wp2301/m、/wn2377/m、/wn0154/m、/wn216/m、/wn0491/m。/wj
。/wj
。/wj
。/wj
。/wj
。/wj
余则成/nr和翠平/nr都/d在/p记/v着/uzhe。/wj
余则成/nr在/p翻/v书/n译/v着/uzhe。/wj
翠平/nr2把/pba咖啡/n端/v了/ule上来/vf。/wj
余则成/nr看/v着/uzhe译/v好/a的/ude1纸条/n：/wp我/rr要/v马上/d出去/vf一/m躺/v。/wj
翠平/nr2关切/v地/n：/wp这/rzv两/m天/qt不/d顺/a，/wd你/rr要/v当心/v。/wj
余则成/nr看/v着/uzhe翠/ng平/v温柔/a的/ude1目光/n，/wd愣/vi，/wd接着/c回避/v开/v：/wp没/v事/n，/wd你/rr跟/p站长/n太太/n打/v个/q电话/n，/wd说/v说/v你/rr的/ude1情况/n，/wd省/n得/ude3她/rr担心/v。/wj
翠平/nr2：/wp她/rr送/v我/rr那么/c多/d好/a绸缎/n，/wd可惜/v了/y，/wd该死/vi的/ude1土匪/n。/wj
7-9．/m街道/n夜/qt外/f余/m则/c成/v开/v着/uzhe车/n，/wd注意/v着/uzhe后面/f。/wj
反光镜/n中/f，/wd后面/f什么/ry也/d没有/v。/wj
黑暗/a处/n，/wd余/Rg则/d成/v停车/vi，/wd下/vf车/n，/wd步行/vi往/p远处/s走/v。/wj
7-10．/m罗斯/nrf咖啡馆/n夜/qt内/f余/m则/c成/v进来/vf，/wd来到/v前台/n。/wj
角落/n里/f，/wd上次/t的/ude1中年/t男人/n在/p看/v报纸/n，/wd注意/v到/v余/Rg则/d成/v进来/vf。/wj
余则成/nr：/wp一/m杯/q白兰地/n。/wj
他/rr注意/v到/p中年/t男人/n，/wd起身/vi经过/p他/rr，/wd低声/d：/wp跟/p我/rr来/vf。/wj
余则成/nr跟/p住/vi中年/t男人/n。/wj
7-11．/m咖啡馆/n内/f间/f夜/qt内/f左/a蓝/a从/p窗帘/n的/ude1缝隙/n观察/v着/uzhe外面/f。/wj
余则成/nr在/p说/v：/wp秋季/t同志/n为了/p打消/v我/rr的/ude1顾虑/n，/wd咬/vi下/vf了/ule自己/rr的/ude1舌头/n。/wj
左/a蓝/a吃惊/a。/wj
余则成/nr继续/v：/wp还有/v，/wd延安/ns有/vyou一个/mq天津/ns站/vi的/ude1奸细/n，/wd估计/v是/vshi在/p44/m年/qt下半年/t安插/v进去/vf的/ude1，/wd代/vd号叫/v佛龛/n。/wj
左蓝/nr：/wp佛龛/n？/ww
吕宗方/nr曾经/d提/v到/v过/uguo这个/rz人/n。/wj
余则成/nr：/wp这个/rz人/n很/d危险/a，/wd他/rr认识/v你/rr，/wd而且/c还/d知道/v我们/rr过去/t的/ude1关系/n，/wd估计/v派/v往/p延安/ns之前/f他/rr应该/v在/p重庆/ns呆/v过/uguo。/wj
左蓝/nr：/wp那/rzv你/rr现在/t的/ude1处境/n岂/d不/d很/d危险/an。/wj
余则成/nr：/wp这些/rz我/rr目前/t能/v应付/v，/wd大/d不/d了/ule我/rr就/d承认/v我们/rr过去/vf好/a过/uguo，/wd他们/rr也/d不/d能/v把/pba我/rr怎么样/ryv，/wd现在/t最/d重要/a的/ude1是/vshi尽快/d查出/v佛龛/n，/wd再/d就/d是/vshi我/rr营救/v秋季/t同志/n。/wj
左蓝/nr回忆/v：/wp咱们/rr还/d在/p重庆/ns的/ude1时候/n，/wd军统/n二/m处/q中共/n科/n曾经/d通过/p南京/ns渠道/n，/wd派/v往/p延安/ns两/m批/q特务/n，/wd后来/t吕宗方/nr从/p军统/n内部/f弄/v到/v了/ule派遣/v手册/n，/wd那些/rz人/n大部分/m都/d落网/vi了/y。/wj
我/rr记得/v，/wd老/a吕/nr1被害/vi前/f跟/p陕西/ns会馆/n的/ude1帖/ng老板/n说/v过/uguo，/wd还有/v一个/mq人/n没有/d落网/vi，/wd他/rr还/d在/p查找/v。/wj
余/m则/c成/v警觉/v：/wp老/a吕/nr1被害/vi前/f。/wj
。/wj
。/wj
没/d落网/vi的/ude1那个/rz人/n就/d是/vshi佛龛/n？/ww
左蓝/nr：/wp很/d有/vyou可能/n，/wd那/rzv个/q人/n之所以/c没有/d落网/vi，/wd就是/v因为/c他/rr不/d是/vshi从/p南京/ns出发/vi的/ude1，/wd军统/n的/ude1派遣/vn手册/n上/f没有/v他/rr的/ude1名字/n，/wd有/vyou可能/n从/p天津/ns去/vf的/ude1延安/ns。/wj
余则成/nr突然/ad想起/v什么/ry，/wd他/rr的/ude1眼前/s闪/vi过/uguo老吕/nr家/n的/ude1那/rzv张/q照片/n。/wj
照片/n上/f余则成/nr吕宗方/nr和/cc几/m个/q快乐/a的/ude1年轻人/n。/wj
照片/n背面/f画/v着/uzhe一个/mq小/a圆圈/n。/wj
角/n上/f写/v着/uzhe“/wyz烧香/vi晋/b佛/n，/wd民国/n二十六/m年/qt。/wj
余/m则/c成/v睁/v大/a眼睛/n：/wp也许/d我/rr能/v知道/v佛龛/n是/vshi谁/ry。/wj
左蓝/nr：/wp谁/ry？/ww
余/m则/c成/v：/wp老吕/nr牺牲/v前/f，/wd他/rr的/ude1行李/n里/f有/vyou张/q照片/n，/wd照片/n上/f有/vyou五/m个/q人/n，/wd那/rzv里面/f应该/v有/vyou个/q人/n是/vshi佛龛/n。/wj
没/d错/v，/wd老吕/nr在/p背后/f还/d写/v了/ule“/wyz烧香/vi晋/b佛/n”/wyy四/m个/q字/n。/wj
左蓝/nr：/wp照片/n现/tg在/p哪里/rys？/ww
余则成/nr：/wp在/p我/rr家/n，/wd那/rzv个/q人/n还/d在/p延安/ns见/v过/uguo你/rr，/wd在/p边区/s交际/vi处/vi，/wd你/rr仔细/ad想想/v。/wj
