站长/n意外/an：/wp我/rr跟/p八路军/n代表/n没什么/vl关系/n，/wd见/v我/rr干/v什么/ry？/ww
余/m则/c成/v警觉/vn。/wj
对方/n（/wkzOS/x：/wp）/wky他们/rr很/d着急/a，/wd说/v经过/p我方/r代表/n同意/v了/y，/wd需要/v见/v您/rr。/wj
站长/n：/wp他们/rr在/p哪里/rys？/ww
对方/n：/wp（/wkzOS/x：/wp）/wky就/d在/p楼下/s。/wj
站长/n：/wp好/a，/wd你/rr带/v他们/rr去/vf会议室/n，/wd我/rr一/d会/v到/v。/wj
站长/n放下/v电话/n，/wd思考/v。/wj
余则成/nr：/wp我/rr回去/v了/ule站长/n。/wj
站长/n看/v着/uzhe余则成/nr想/v了/ule想/v：/wp哎/e，/wd八路军/n代表/n要/v见/v我/rr，/wd葫芦/n里/f不/d知道/v装/v的/ude1什么/ry药/n，/wd你/rr跟/p我/rr一起/d去/vf。/wj
余/m则/c成/v有些/rz“/wyz紧张/a”/wyy：/wp八路军/n代表/n？/ww
我/rr不/d想/v去/vf。/wj
站长/n狡黠/a地/n：/wp不/d想/v去/vf，/wd为什么/ryv？/ww
余则成/nr：/wp我/rr。/wj
。/wj
。/wj
我/rr，/wd我/rr不/d想/v见/v他们/rr的/ude1人/n。/wj
站长/n来/vf了/ule情绪/n：/wp为什么/ryv？/ww
欢迎/v仪式/n上/f不/d是/vshi都/d见/v过/uguo了/y吗/y？/ww
余则成/nr恳求/v：/wp站长/n，/wd有些/rz事/n。/wj
。/wj
。/wj
很/d讨厌/v。/wj
。/wj
。/wj
我/rr。/wj
。/wj
。/wj
还是/c叫/vi陆/nr1处长/n陪/v您/rr去/vf吧/y，/wd有些/rz话/n，/wd我/rr以后/f再/d跟/p您/rr说/v，/wd行/vi吗/y。/wj
站长/n笑/v了/ule：/wp我/rr不/d逼/v你/rr，/wd有/vyou话/n早/ad说/v。/wj
余/m则/c成/v点头/vi。/wj
7-35．/m会议室/n日内/t邓铭/nr：/wp现在/t是/vshi军/n调/v时期/n，/wd我们/rr希望/v阁下/n尽早/d放/v人/n。/wj
站长/n和/cc陆/nr1桥山/ns。/wj
站长/n：/wp我们/rr没有/d抓/v过/uguo贵/a党/n的/ude1人/n，/wd也/d没/d听说/v什么/ry秋/tg掌柜/n。/wj
左蓝/nr：/wp我们/rr知道/v他/rr现在/t在/p哪/ry所/q医院/n，/wd哪个/ry病房/n。/wj
站长/n问/v陆/nr1桥山/ns：/wp有/vyou这/rzv人/n吗/y？/ww
陆/nr1桥山/ns只好/d：/wp有/vyou。/wj
然后/c问/v左蓝/nr：/wp你/rr是/vshi怎么/ryv知道/v的/ude1？/ww
左蓝/nr微笑/vi：/wp我们/rr有/vyou我们/rr的/ude1消息/n来源/n。/wj
陆/nr1桥山/ns也/d笑/v：/wp我/rr相信/v。/wj
不过/c，/wd你/rr说/v的/ude1那个/rz秋/tg掌柜/n，/wd我们/rr抓/v他/rr不/d是/vshi因为/p他/rr是/vshi贵/a党/n的/ude1人/n，/wd而是/c因为/p他/rr窝藏/v杀人罪/n犯/v。/wj
邓铭/nr：/wp你们/rr这/rzv叫/vi欲/d加之/cc罪/n，/wd我/rr希望/v吴/nr1先生/n尽快/d请示/v上级/n，/wd早日/d放/v人/n。/wj
站长/n也/d不含糊/a：/wp向/p上级/n请示/v？/ww
我/rr认为/v没/v这个/rz必要/a，/wd天津/ns站/vi的/ude1事/n我/rr吴/nr1某人/rr做/v得/ude3了/ule主/n。/wj
邓铭/nr：/wp我/rr是/vshi担心/v你/rr做/v不/d了/ule主/n。/wj
站长/n：/wp那/rzv你/rr就/d没有/v必要/an登/v我/rr这/rzv门/q，/wd我/rr不/d是/vshi军/n调/v代表/n，/wd满/v口/q虚伪/a的/ude1外交辞令/nl，/wd说/v没/d必要/a就/d没/d必要/a，/wd失陪/v了/y。/wj
说/v着/uzhe起身/vi要/v走/v。/wj
邓铭/nr：/wp如果/c是/vshi交换/v呢/y？/ww
你/rr认为/v有/vyou必要/a吗/y？/ww
站长/n和/cc陆/nr1桥山/ns不/d明白/v，/wd陆/nr1桥山/ns：/wp交换/v？/ww
怎么/ryv交换/v？/ww
邓铭/nr看/v了/ule左/a蓝/a一/m眼/q，/wd左蓝/nr：/wp我们/rr可以/v用/p佛龛/n跟/p你/rr们/k交换/v。/wj
站/vi长大/vi惊/v。/wj
陆/nr1桥山/ns不/d明白/v：/wp佛龛/n是/vshi什么/ry？/ww
我们/rr不/d明白/a贵方/n意思/n。/wj
左蓝/nr：/wp吴/nr1先生/n明白/v吗/y？/ww
站长/n老练/a地/n：/wp吃斋/v念佛/v的/ude1事/n，/wd不/d懂/v。/wj
左蓝/nr：/wp那/rzv我/rr提示/v您/rr吧/y，/wd李/nr1涯/ng，/wd化名/v冯/nr1剑/n，/wd32/m岁/qt，/wd军统/n青浦/ns特/ag讯/ng班/n的/ude1，/wd37/m年/qt参加/v过/uguo金山/n卫/ng战斗/vi，/wd深受/v班主任/n余/Rg乐/ng醒/v重用/v，/wd41/m年/qt推荐/v给/v吴/nr1先生/n，/wd后来/t去/vf重庆/ns。/wj
。/wj
。/wj
陆/nr1桥山/ns完全/ad听/v傻/a了/y。/wj
站长/n装傻/vi：/wp哦/e，/wd想/v起来/vf了/y，/wd李/nr1涯/ng，/wd老/a部下/n了/y，/wd久/ad无/v音/n训/v，/wd他/rr现在/t哪里/rys？/ww
跟/p佛龛/n有/vyou什么/ry关系/n吗/y？/ww
左蓝/nr：/wp44/m年/qt他/rr从/p天津/ns成功/ad进入/v延安/ns，/wd任/v延安/ns第二/m保/v小/a的/ude1自然课/n教员/n，/wd代号/n佛龛/n，/wd吴/nr1先生/n这么/rz健忘/a呀/y。/wj
站长/n有些/rz恼怒/v：/wp你们/rr要/v怎么样/ryv？/ww
左蓝/nr：/wp佛龛/n是/vshi军统/n这些/rz年/qt往/p延安/ns最/d成功/a的/ude1密/a派/n，/wd要是/c郑介民/nr知道/v佛龛/n败露/vi是因为/c天津站/ns的/ude1失误/vn，/wd不/d知道/v他/rr会/v不/d会/v放/v过/uguo你/rr，/wd毛人凤/nr也许/d会/v帮/v你/rr说话/vi，/wd但是/c你们/rr戴/v老板/n已经/d死/v了/y，/wd毛人凤/nr的/ude1话/n还/d有/vyou多/m大/a分量/n。/wj
站长/n彻底/ad懵/v了/ule：/wp你们/rr。/wj
。/wj
。/wj
太/d卑鄙/a了/y。/wj
起身/vi离开/v了/y。/wj
陆/nr1桥山/ns对/p左蓝/nr：/wp别/d太/d得意/a，/wd你们/rr的/ude1方式/n不/d会/v没有/v人/n知道/v的/ude1。/wj
说/v完/vi离开/v。/wj
左/a蓝/a。/wj
7-36．/m站长/n办公室/n日/b内陆/s桥山/ns：/wp佛龛/n的/ude1事/n在/p下/f一点/mq也/d不/d知道/v。/wj
站长/n有些/rz颓/vg：/wp是/vshi我/rr派/v过去/vf的/ude1，/wd只有/c总部/n有/vyou备案/vn，/wd那么/c多/a志士/n都/d被/pbei抓/v了/y，/wd他/rr是/vshi唯一/d保存/v的/ude1。/wj
。/wj
。/wj
要么/c总部/n，/wd要么/c天津/ns站/vi，/wd有/vyou内奸/n，/wd大/a内奸/n。/wj
陆/nr1桥山/ns心中/s有/vyou底/n：/wp内奸/n的/ude1事先/d放/v一/m放/v，/wd交换/v的/ude1事/n怎么办/ryv？/ww
站长/n自言自语/nl：/wp怎么办/ryv？/ww
戴/nr1局长/n生前/t对/p佛龛/n有/vyou批示/n，/wd只/d蛰伏/v，/wd不/d启用/v，/wd待/vi战事/n，/wd见/v奇/ag效/ng。/wj
这/rzv他/rr妈/n战事/n刚/d有/vyou眉目/n，/wd这/rzv佛龛/n就/d。/wj
。/wj
。/wj
有愧/a于/p局长/n在天之灵/nl呀/y。/wj
陆/nr1桥山/ns：/wp要/v不/d，/wd站长/n在下/r先/d回避/v，/wd您/rr请示/v一下/mq毛/nr1局长/n。/wj
7-37．/m余则成/nr办公室/n日/qt内/f余/m则/c成/v在/p窗/ng前/f看见/v左蓝/nr和/cc邓/nr1铭/ng上车/v离开/v。/wj
（/wkz旁白/n：/wp余则成/nr知道/v他/rr导演/n的/ude1好戏/n就要/d开始/v了/y，/wd但/c他/rr不/d知道/v，/wd这/rzv场/qv戏/n唱/v下去/vf，/wd会/v不/d会/v伤/n及/cc自己/rr，/wd关键/n是/vshi怎么/ryv能/v让/v站长/n忽视/v他/rr和/cc左蓝/nr以前/f的/ude1关系/n。/wj
在/p这/rzv出/vf戏/n里/f，/wd余则成/nr让/v陆/nr1桥山/ns担当/v着/uzhe掩护/v自己/rr的/ude1角色/n，/wd这/rzv家伙/n能/v胜任/v吗/y？/ww
）/wky7-38．/m站长/n办公室/n日内/t站长/n在/p打电话/vi：/wp。/wj
。/wj
。/wj
舌头/n都/d咬/vi掉/v了/y，/wd就/d是/vshi死/v不/d开口/vi。/wj
毛/nr1局长/n，/wd这个/rz姓/n秋/tg的/ude1已经/d没什么/vl价值/n了/y，/wd共/d党/n方面/n也/d不/d会/v再/d信任/v他/rr了/y。/wj
对方/n（/wkzOS/x：/wp）/wky共/d党/n的/ude1地下/s组织/n，/wd他/rr交代/v了/ule吗/y？/ww
站长/n擦/v汗/n：/wp没有/v。/wj
。/wj
。/wj
他/rr被捕/vi这么/rz多/m天/qt，/wd共/d党/n早/tg就/d知道/v了/y，/wd该/rz跑/v的/ude1早/ad跑/v了/y，/wd即使/c交代/v，/wd也/d不/d会/v有/vyou实际/a收获/n。/wj
可/v佛龛/n不/d一样/a呀/y，/wd他/rr很/d重要/a，/wd很/d有/vyou价值/n的/ude1，/wd这个/rz交易/n划算/a呀/y。/wj
对方/n（/wkzOS/x：/wp）/wky吴敬中/nr，/wd是/vshi不/d是/vshi你/rr擅自/d跟/p佛龛/n联系/v过/uguo？/ww
把/pba他/rr暴露/v了/y。/wj
站长/n：/wp没有/v。/wj
对方/n（/wkzOS/x：/wp）/wky你/rr撒谎/vi，/wd电讯/n处/n检测/vn到/v有人/r给/p佛龛/n发/v过/uguo电报/n。/wj
站长/n紧张/a地/ude2都/d哆嗦/vi了/y：/wp哪/ry会/v是/vshi谁/ry？/ww
真/d不/d是/vshi我/rr。/wj
对方/n沉默/a片刻/m，/wd无奈/a的/ude1声音/n（/wkzOS/x：/wp）/wky佛龛/n价值连城/vl，/wd同意/v秘密/ad交换/v，/wd不得/vi声张/v，/wd但是/c佛龛/n暴露/v的/ude1事/n，/wd你/rr要/v给/p我/rr追查/v到底/vi。/wj
