1994年 12月 14日 三峡 工程 正式 开工 
1998年 底  三峡 左岸 大坝 混凝土 开始 浇筑  长度 1600 多 米 的 左岸 大坝 于 2002年 10月 建成  长度 660 多 米 的 右 岸 大坝 于 2003年 7月 开始 浇筑 
这 段 大坝 原 计划 2007年 初 全线 浇筑 到 设计 高程 
三峡 大坝 即将 全线 建成 进入 5月份 以后  宜昌 地区 气温 高 达 30 ℃ 以上  天气 炎热 
三峡 大坝 工地 上  建设者 们 挥汗如雨  操作 着 各式 机器  紧张 有序 地 施工 着  工地 上 一 片 热火朝天 
目前  三峡 右 岸 大坝 只 有 一个 施工 坝段 没有 浇筑 到 185 米 高程  余下 的 混凝土 方 量 已 不 到 3万 立方米 
在 有 的 地段  甚至 可以 步行 从 左岸 大坝 到 右 岸 大坝 
今年 4月 3日 至 7日  国务院 三峡 工程 质量 检查 专家组 第15 次 到 三峡 工地 现场 检查 
专家组 认为  三峡 三 期 工程 施工 质量 完全 处于 受 控 状态  左岸 机组 安装 和 地下 厂房 开挖 质量 很 好  右 岸 大坝 没有 裂缝 
国务院 三峡 工程 质量 检查 专家组 组长 潘家铮 院士 评价 说  主要 工程 项目 都 超额 或 提前 完成 了 计划  主要 形象 面貌 达到 或 超过 要求  为 保证 今年 大坝 挡 水  安全 度汛 和 在 汛 后 蓄水 至 156 米 奠定 了 基础  左岸 电站 14 台 机组 提前 一 年 全部 投产  为 缓解 电力 紧缺  支援 国家 建设  减轻 燃煤 污染 作出 巨大 贡献  而 右 岸 大坝 是 没有 裂缝 的 混凝土 重力 高 坝 
这  创造 了 奇迹 
三峡 围堰 拆除 炸 响 第一 炮 随着 三峡 大坝 即将 全线 到顶  三峡 大坝 上游 RCC （ 碾压 混凝土 ） 围堰 已 完成 挡 水 使命  将 于 今年 汛期 到来 之前 拆除 110 米 高程 以上 部分 
今年 3月 30日 下午 5时 25分  已经 炸 响 拆除 RCC 围堰 的 第一 炮  标志 着 已经 挡 水 近 三 年 的 三峡 RCC 围堰 拆除 工程 正式 启动 
RCC 围堰 建成 于 2003年 4月 16日  堰 高 121 米  是 为 三峡 右 岸 工程 实现 干 地 施工  围堰 期 发电 而 浇筑 的 一个 临时 挡 水 建筑物 
建成 之后  提高 了 三峡 工程 初期 蓄水 后 的 防洪 能力  增加 了 葛洲坝 下游 航道 的 航运 流量 
由于 要 在 深水 部位 前 倾 式 地 拆除 长 近 500 米  高 30 多 米  混凝土 方 量 达到 20万 立方米 的 大型 坝 块  形成 了 RCC 围堰 拆除 的 高 难度 
为 监测 大坝 建筑物 的 安全  长江 委 设计院 还 在 大坝 建筑物 附近 埋设 15 个 安全 监测 仪器  监测 爆破 对 建筑物 的 震动 值 
据 监测 仪器 显示  爆破 过后  大坝 未 受到 有害 影响 
最后 一 炮  也 是 最 壮观 的 一 炮  将 于 6月 初 炸 响 
今 秋 三峡 蓄水 将 至 156 米 2006年 10月  三峡 库区 将 蓄水 至 156 米  三峡 枢纽 坝 前 水位 按 135 米 至 156 米 运行 
三峡 大坝 全线 提前 建成  使 三峡 水库 蓄水 位 由 现在 的 海拔 135 米 抬高 到 156 米 得以 提前 1 年 实现  将 大大 增强 三峡 机组 的 发电 能力  每 台 机组 每天 的 发电量 将 比 现在 增加 近 300万 千瓦时 
而 随着 蓄水 至 156 米  又 有 一 批 移民 将 离开 自己 的 家园 
今年 3月 8日 至 10日  重庆 奉节 370 户 1329 人 迁移 到 重庆 永川市  成为 三峡 库区 最 大 一 批 市内 移民 
目前  这些 移民 已 得到 妥善 安置  在 新 的 地方 生活 已 基本 步入 正规  正 逐渐 恢复 往日 的 平静 
笔者 从 重庆市 移民局 获悉  按照 三峡 建委 办公室 和 重庆 市政府 的 安排 部署  2006年 重庆 库区 除 要 完成 新 增 农村 移民 市内 外 迁 安置  三 期 移民 验收  国家 审计 等 工作 外  还 将 于 9  10月份 启动 四 期 移民 工作  并 于 年内 完成 搬迁 安置 四 期 移民 8万 人  复建 各类 淹没 房屋 235万 平方米  调整 搬迁 安置 工矿企业 21 户 的 任务 
5 昨天 14时 20分 许  在 沈 海 高速 福建 福鼎 段 吉 坑 隧道 内  一 辆 从 福鼎 开 往 太 姥 山 的 中巴 客车 突然 自燃  在 车门 打 不 开 的 情况 下  车上 乘客 用 安全 锤 砸 开 车窗 逃生 
车上 14 人  除 少数 几 人 跳 窗 时 被 玻璃 割伤  其他 并 无 大 碍 
客车 最后 被 烧 得 只 剩 一 副 骨架  客车 自燃 带来 的 浓烟  导致 沈 海 高速 福鼎 段 被迫 封闭 约 两 小时  直到 16时 30分 许  道路 才 恢复 正常 通行 
隧道 黑 烟 弥漫 客车 烧 剩 骨架 据 福州 的 华 先生 介绍  昨日 14时 30分 许  他 驾车 驶 经 沈 海 高速 福鼎 段 吉 坑 隧道 附近 时   隧道 里 冒 出 来 一 阵阵 黑 烟  还有 许多 人 从 隧道 内 跑 出来   华 先生 说  当时 高速 交警 站 在 隧道 口  示意 车子 靠边 停车  还 不时 有 车子 从 隧道 里面 倒 出来 
华 先生 把 车 停靠 在 路边  一 走 下 车  就 闻 到 一 股 烧 焦 的 味道 
后来  他 拦 下 一 名 从 隧道 里 跑 出来 的 男子 询问  才 知道 原来 是 客车 在 隧道 里 自燃 了 
宁德市 高速 交警 支队 二 大队 接到 报警 后  立即 赶往 现场  对 道路 实行 临时 交通 管制  清理 现场  疏散 滞留 乘客 和 车辆  并 对 附近 的 几 个 高速 进出口 实行 临时 封闭 
客车 燃烧 了 半 个 小时 左右  大火 才 被 赶来 的 福鼎 消防 大队 扑灭 
此时  车身 已 被 烧 得 只 剩下 一 副 骨架  车辆 附近 散落 着 客车 自燃 后 产生 的 黑色 残骸  烟灰 和 碎 玻璃 
直到 16时 30分 许  沈 海 高速 福鼎 段 才 恢复 正常 通行 
车门 打 不 开 机智 乘客 带头 砸 窗 据 交警 介绍  发生 自燃 的 是 一 辆 从 福鼎 开 往 太 姥 山 的 中巴 客车  根据 初步 调查  中巴 自燃 的 原因 是 车 内 线路 短路 
线路 短路 后  车门 无法 打开  车上 的 乘客 用 车 内 的 安全 锤 砸 开 车窗  紧急 逃生 
据悉  车上 14 人  除 少数 几 人 跳 窗 时 被 玻璃 割伤  其他 并 无 大 碍 
