胡 姓 业内人士 表示  由于 国际 大 环境 与 国内 经济 形势 的 大势所趋  煤炭 低迷 的 情形 预计 将 维持 两三 年 左右 
时间  2012-08-20 > 今天 上午  一 名 26 岁 男子 因 涉嫌 传播 淫秽 物品 罪 在 朝阳 法院 受审 
他 就 是 不久前 全国 30 多 地 公安 机关 联手 摧毁 的  MM 公寓  特大 淫秽 色情 网站 的 众多 会员 之一 
据悉  该 网站 注册 人数 超过 了 一百万  行动 期间 抓获 犯罪 嫌疑人 2148 人 
是 近年来 破获 的 涉案 人数 最 多 的 网络 色情 犯罪 案件 
上 传 色情 文件 就 为了 积分 犯罪 嫌疑人 斯文 秀气 今天 上午  一 名 26 岁 男子 因 涉嫌 传播 淫秽 物品 罪 在 朝阳 法院 受审 
他 就 是 不久前 全国 30 多 地 公安 机关 联手 摧毁 的  MM 公寓  特大 淫秽 色情 网站 的 众多 会员 之一 
据悉  该 网站 注册 人数 超过 了 一百万  行动 期间 抓获 犯罪 嫌疑人 2148 人 
他 是 北京 第一 位 因 此 案 受 审判 的 网站 会员 
上午 9点 多  长相 秀气  文静  戴 着 一 副 小 眼镜 的 王某 ( 化名 ) 站 到 了 法庭 上 
王 某 今年 26 岁  大学 文化  做 物流 工作 
他 是 警方 在 这次 行动 中 抓获 的  MM 公寓  网站 的 会员 之一 
检 方 指控  2010年 至 今  王某 在 朝阳区 东三环 其 居住地 内 利用 互联网 MM 公寓 网站  为 挣 取 积分 在 该 网站 传播 淫秽 视频 文件  点 击 率 达 2 1万 余 次 
据 王某 讲  两三 年 前  他 在 上网 时 偶然 搜索 到  MM 公寓  网站 
由于  闲 得 无聊   王 某 注册 成为 了 该 网站 的 会员  之后 上 传 过 两三 个 视频 文件 
王某 说  上 传 淫秽 视频 并 不 能 给 他 带来 经济 利益  但是 却 能够 获得 奖励 积分  提高 他 在 这个 网站 的 浏览 权限 
他 上 传 的 视频 都 是 他 以 前 从 这个 网站 下载 的  为了 获取 积分  他 又 将 这些 视频 再次 上 传 到 了 该 网站 的  新手 试 帖  板块 
对于 自己 行为 的 性质 王 某 浑然 未 觉 
今年 5月 的 一 天  警方 突然 来 到 王某 家 中  王某 这 才 知道 自己 的 行为 已经 触犯 了 法律 
直到 今天  王某 还 不 曾 了解 自己 注册 会员 的 这个 名 叫  MM 公寓  的 网站  其实 是 一个 已经 轰动 全国 的 特大 淫秽 色情 网站 
上 高三 的 儿子 无心 学习 受害者 母亲 控诉 今年 年初  家 住 北京 朝阳区 的 一个 母亲 向 警方 求助 
她 的 儿子 今年 上 高三  但是 最近 成绩 直线 下降 
经过 询问 才 知道  她 的 儿子 最近 经常 上 一个 色情 网站  看 淫秽 图片 和 文字  导致 睡眠 不好  无心 学习 
这个 网站 就 是 名叫  MM 公寓  的 淫秽 色情 论坛 
其实  公安 机关 已经 盯 上 了 这个 黄色 网站 
经过 几 个 月 的 调查  专案组 发现   MM 公寓  的 影响 非常 恶劣 
 MM 公寓  是 建 于 2009年 1月 的 一个 淫秽 色情 论坛  服务器 设 在 美国  受众 主要 面向 国内 
除了 版 主  其他 人员 均 在 境内 
为了 逃避 打击  该 网站 申请 了 多 个 域名 不断 更换 
 MM 公寓  下设 11 个 总 板块  78 个子 板块  如 教育 专区  新人 学习  网站 活动 等 
主题 帖 达到 了 40 余 万 个  帖 子 数 达 800 余 万 条  除 少数 是 休闲 板块 外  90% 的 发 帖 均 涉及 淫秽 色情 内容  以 图片  文字 和 视频 为主 
由于 一些 视频 是 种子 文件  图片 是 外挂 链 接  很 难 统计 到底 有 多少 内容 
仅 北京 警方 下载 的 图片 就 达 1 个 T 的 容量 
企事业 员工 和 公务员 占 了 近 一半 北京 77 人 被 抓 今年 5月 26日 晚 8点 在 公安部 网 安 局 的 统一 指挥 下  北京  广州  湖南  山东  浙江 等 全国 三十 多 个 省  市 区 联手 开展 了 抓捕 行动 
行动 期间  全国 一 共 抓获 犯罪 嫌疑人 2148 人  其中 达到 刑事 处罚 标准 的 530 人  达到 治安 处罚 标准 的 910 人  教育 训诫 656 人  免 予 处罚 的 52 人 
让 办案 人员 触目惊心 的 是  青少年 在 这次 抓捕 的 嫌疑人 中 占 了 相当 一部分 比例 
据悉  北京 警方 共 抓获 了 77 个 人  全部 为 男性 
其中  企事业 单位 的 员工  政府部门 的 公务员 为 34 个  无业 人员 为 20 个  学生 13 个 
此外  还有 一些 14 岁 以下 无法 处理 的 未成年人 
据 办案 民警 介绍  之所以 青少年 大量 卷入 这 起 案件  这 与 淫秽 色情 论坛 的 运行 机制 有关 
要 想 在 这个 色情 论坛 看到 更 多 内容 有 两 种 途径  一 种 是 直接 交 钱  提升 权限  另 一 种 就 是 增加 在 线 时间 或是 给 论坛 作出 贡献  就是 给 论坛 上 传 新 的 淫秽 色情 图片  小说 以及 一些 从 其它 渠道 收集 的 淫秽 色情 视频 
没有 钱 的 学生 一般 都 会 选择 后者 
因此  很多 青少年 就 是 在 上 传 淫秽 内容 的 过程 中 既 成为 了 网络 黄毒 的 受害者  也 成为 了 网络 黄毒 的 传播 者 
当 办案 民警 突然 出现 在 他们 面前 的 时候  很多 青少年 还 不 知道 自己 触犯 了 法律 
时间  2012-08-20 > 南非 非洲 人 国民 大会 前 青年 联盟 领导人 尤 利 乌 斯 · 马 莱马 18日 访问 前 两 天 警方 与 示威者 发生 枪战 的 隆 明 铂 矿  把 批评 矛头 对准 执政党 领袖  总统 雅各布·祖马 
一些 分析 师 说  流血 冲突 显示 普通 矿工 等 底层 民众 不满 贫富 差距 拉 大  冲击 非国大  传统 工会 组织 和 矿 商 组成 的 权力  铁三角   影响 祖马 的 党内 选情 
南非 总统 祖马 19日 下午 宣布  从 20日 起 对 在 全国 暴力 事件 中 死亡 的 南非 人  尤其 是 西北 省 铂 矿 遇难 者 进行 为期 一 周 的 全国 哀悼 
传统 工会 成  拉 票 机器  作为 祖马 的 政治 对手  马 莱马 18日 下午 访问 西北 省 马里 卡 纳 铂 矿  受到 示威 矿工 和 死 伤者 家属 欢迎 
