全国 老龄 工作 委员会 办公室 公布 的 数字 显示  到 2020年  老年 人口 将 达到 2 48亿 人  老龄化 水平 将 达到 17 17% 
其中  80 岁 及 以上 老年 人口 将 达到 3067万 人  占 老年 人口 的 12 37% 
 人口 老龄化  社保 基金 的 压力 以及 就业 劳动力 不足 等 方面 因素  促使 人 社 部 对 推迟 退休 年龄 一 事 进行 了 讨论 
 劳动 关系 领域 一 位 要求 匿名 的 专家 向 记者 表示 
此次 主要 参与 政策 制定 的 人 社 部 社会 保障 研究所 曾经 透露  我们 国家 在 养老 保障 制度 方面 原来 设计 的 这种 统战 结合 的 制度 模式  在 实际 运行 过程 当中  个人 账户 基金 出现 巨额 动荡  产生 严重 的 问题 
2010年 年底  个人 账户 累计 总额 接近 20000亿 元  但是 我们 做 实 个人 账户 资金 也 就 2000 多 亿 元 
所以  这 也 是 一个 非常 大 的 问题 
法国 两 年 前 曾经 因为 推迟 退休 年龄 问题 出 过 骚乱  当时  社科院 人口 研究所 所长 蔡 昉 碰到 了 法国 央行 副 行长  他 曾经 发问  法国 推行 此 项 政策 的 目的 何在 
 你 的 目的 是 为了 增加 劳动力 供给 还是 为了 减少 养老金 的 支出 
  他 回答 说  我们 的 真实 目的 是 为了 增加 劳动力 供给  提高 劳动 参与 率  但是 社会 上 人们 的 理解 是 我们 为了 减少 养老金 的 支出 
 这 一 结论 让 蔡 昉 不 敢 相信   不管 怎么 说  延缓 退休 就 是 双重 目的  其实 我们 也 是 一样 的 
 目前  西方 的 OECD 国家 多数 已 经 提高 到 了 62 岁 的 退休 年龄 
在 具体 的 退休 年龄 问题 上  劳动 关系 领域 位 要求 匿名 的 专家 对 记者 表示   绝不 能 采取 一刀切 的 办法  而是 应该 有 层次 地 延迟 退休 
 他 建议   蓝领 因为 从事 体力 劳动  可以 维持 目前 的 退休 年龄 
白领 可以 根据 自身 的 情况 采取 自愿 退休 的 原则  而 国家机关 干部 应该 按 规定 退休 
 蔡 昉 认为  延缓 退休 不仅仅 是 为了 提高 劳动 参与 率  增加 劳动力 供给 
但是 目前 这个 阶段 延迟 退休 年龄 千万 不可 
有 一个 最 重要 的 原因  即  未 富 先 老   就是 在 这个 阶段 上  我们 老龄化 了  但是 其他 的 人均 GDP  其他 的 社会 发展 水平 都 还 不 够 高 
 我 主张 加强 教育 和 培训  创造 未来 提高 退休 年龄 的 条件 
同时  也 不 排除 针对 某些 高 职称 的 科技 人员 和 教师 实施 自愿 基础 上 的 弹性 退休 制度 
 蔡 昉 说 
20 中国 足球 史 上 最 大 的 一 次 审判 首 阶段 结束  并 留下 不少 悬念 
人们 都 期待 这些 悬念 早日 揭开  给 一个 说法 
悬念 一 本 次 开庭 何时 宣判 本次 在 铁岭 和 丹东 第一 批 开庭 的 反 赌 案件  曝光 的 涉案人员 将近 50 人  涉案 金额 超 2000万 元 
但 5 天 的 审判  没有 一 起 案件 是 当庭 宣判 
杨一民 代理 律师 王树静 表示  这 类 案件 的 庭审 流程 一般 不 会 跨 年  他 认为 本次 庭审 的 所有 案件 将 在 元旦 前 宣判 
也 有 消息 称  反 赌 扫 黑 系列 案 将 在 春节 之前 宣判 
但是 确切 的 宣判 时间  目前 没有 权威 的 说法 
悬念 二 涉案 球队 如何 处理 随着 第一 阶段 庭审 的 深入  涉案 俱乐部 有 20 家  中 超 俱乐部 高 达 9 家 
其中 有 过 夺冠 经历 的 山东 鲁能 ( 官方 微 博 )  上海 申花  长春 亚泰 都 涉及 到 了 黑金 的 假 赌 黑 交易 
中国 足 管 中心 领导 表示  要 等 法庭 宣判 后 才 会 考虑 俱乐部 的 处罚  同时 暗示 目前 中 超 球队 的 频频 大手笔 投入 正 使得 中国 足球 处于 发展 的 阶段 
因此 业内人士 均 认为  将 不 会 出现 大 规模 降级 的 情况  涉案 的 球队 可能 只 会 受到 罚 分  罚款 的 处罚 
一 家 在 法庭 上 被 曝 涉案 多次 的 俱乐部  其 老板 很 轻松 地 告诉 球员   没 事 的  顶多 是 罚 点 钱  把 心 放在 肚子 里 
 悬念 三 首 批 被告 如何 量刑 这些 被告人 最终 会 被 如何 量刑  也 是 人们 关注 的 焦点 
昨日  有 媒体 请 来 刑法 专家  中国 政法 大学 阮齐林 教授 为 被告 们 预测 了 刑期 
阮齐林 经过 分析 后 作出 了 如下 预测 —— 杨一民 ( 受贿 ) 预计 获 刑 11 至 12 年  张建强 ( 受贿  非 国家 工作 人员 受贿 ) 预计 数 罪 并 罚 14 年 左右  黄俊杰 ( 非 国家 工作 人员 受贿 ) 预计 七八年  周伟新 ( 非 国家 工作 人员 受贿 ) 预计 五六年  陆俊 ( 非 国家 工作 人员 受贿 ) 预计 七八年  万 大 雪 ( 非 国家 工作 人员 受贿 ) 预计 八九年  吕锋 ( 行贿  非 国家 工作 人员 受贿 ) 预计 11 年  王 珀 ( 受贿  诈骗 ) 预计 3 年 左右 
悬念 四两  大鱼  何时 过 堂 虽然 央 视 播出 了 南勇 和 谢 亚龙 坦白 受贿 细节 的 节目  但 两 人 何时 庭审 一直 没 有 权威 消息 
有 记者 昨日 得到 最新 消息 称  南  谢二人 都 将 在 丹东 受审  受审 的 日期 是 春节 过后 的 2012年 2月 初 
这个 日期 应该 是 比较 准确 的  因为 备受 关注 的 足 代 会 将要 在 2012年 3月份 举行  所以 对于 两 名 中国足协 原  一把手  南勇 和 谢 亚龙 的 审判 工作  应该 会 在 这个 时间 之前 完成  因为 对于 他们 的 审判  会 给 足 代 会 定下 一个 基本 的 调子 
21 据 统计  截至 1月 30日  雪 凝 灾害 已 导致 全省 78 个 县 ( 市  区 ) 不同 程度 受灾  受灾 人口 达 1790万 人 
全省 因 灾 造成 直接 经济 损失 49亿 元 
已 持续 20 多 天 的 凝冻 灾害 使得 贵阳市 居民 的 用 水  用 电 受到 影响  政府 各级 部门 为了 确保 市民 的 生活  从 各 方面 采取 措施 缓解 灾害 带来 的 不便 
为 确保 市民 基本 生活 用水 需求  在 云岩  南明  小河  金阳 四 个 片 区 用 水 困难 的 地方  增设 180 多 个 临时 供水 点 让 居民 免费 取水 
