孙新世  我 拿 着 哥哥 的 信  说 我 要 找 周恩来 同志 和 邓颖超 同志 

邓颖超 同志 搂 着 我 就 哭 起来  那 是 第一 次 见到 邓颖超  第一 次 就 叫 了 妈妈 
进去 以后 见到 （ 周 ） 总理  总理 说 把 你 丢 了 那么 多 年  这 下 可 把 你 找到 了  然后 改 名叫 孙新世 
（ 毛 ） 主席 从 苏联 回国  那 次 邓 妈妈 让 我 跟 她 一起 到 火车站 去  陆陆 续 续 地 代表团 人 都 下来  最后 姐姐 下 火车 
后来 邓 妈妈 又 把 我 带 回 西花厅 等 姐姐  姐姐 非常 漂亮  我 就 像 我 奶妈  姐姐 像 我 妈妈 
画外音  新 世 回到 北京  周恩来 安排 她 先 进 了 华北 革命 大学 学习  后来 进 了 俄语 专科学校  就 是 现在 北外 
周末 可以 跟 姐姐 在 一块儿  两 个 女 孩儿 在 一起 有 很多 说 不 完 的 话 




画外音  维 世 比 新 世 只 大 五 岁  虽然 只 差 五 年  但是 姐姐 有 很 丰富 的 革命 的 经验  这 让 妹妹 挺 羡慕 的 
两 人 在 一起 有 很多 的 话  谈 以前 俩 人 不 在 一起 各自 的 经历 
但 时间 不 长  姐姐 要 结婚 了  新郎 是 当时 非常 有名 的 演员  导演 金山 先生 
金山 是 中国 电影 历史 上 一 位 著名 的 表演艺术家 和 导演  曾经 主演 过 《 夜半 歌声 》  《 貂 蝉 》 等 影片 
1949年  孙维世 去 苏联 学习 回国 后  出任 中国 青年 艺术 剧院 导演  与 金山 是 同事 
周恩来 夫妇 原本 是 不 赞同 义女 这 桩 婚事 的  担心 他们 的 婚姻 不 巩固  怕 自己 的 义女 跟 他 在 一起 会 吃苦  而 此时 的 孙维世 却 决心 已 定 
1950年 10月 14日  北京 青年宫 张灯结彩  29 岁 的 孙维世 和 39 岁 的 金 山 喜结良缘  北京 的 各界 名流 纷纷 前来 贺喜 
鲁豫  为什么 周恩来 和 邓颖超 夫妇 不 赞成 你 姐姐 嫁 给 金山 呢 
孙新世  他们 也 没有 非常 明确 地 跟 我 表示 过  但是 总 的 因为 姐姐 是 一直 在 革命 阵营 长大 的  金山 30 年代 的 文化人 




鲁豫  我 听说 有 好多 人 追 过 您 姐姐 是 不 是 
听说 林彪 追 过 您 姐姐 
孙新世  姐姐 自己 没 跟 我 说 过  文化大革命 中间 我 问 过 她 
她 说 你 要 知道 我 学 什么 的  我 学 话剧 的  我 的 艺术 是 为 人民 服务 的  我 得 深入 工农兵  我 不 可能 为 哪 一个 人 生活 
她 只 回答 了 我 这个  什么 意思 呢 
她 不 可能 为 某 一个 人  要 是 做 了 首长 的 夫人  可能 就 行动 上 各 方面 都 要 好好 地 照顾 一个 人 吧 
鲁豫  那林彪 向 她 表达 过 吗 
孙新世  林彪 的 女儿 跟 我 讲 过  画外音  两 人 就 搬 到 中国 青年 艺术 剧院 分 给 金山 的 那个 宿舍 里面  那 这样 新 世 觉得 跟 姐姐 再 住 一 起 就 不 是 很 合适 了  于是 她 就 搬 到 西花厅 里面  就 有 了 跟 周恩来  邓颖超 更 多 的 接触 的 机会 
从 姐姐 孙维世 结婚 之后  住校 过 集体 生活 的 孙 新 世 每逢 周末 就 会 回 到 中南海 西花厅  邓颖超 亲切 地 称呼 她 为 粤 生 女儿 
在 孙新世 的 记忆 中  这 是 一 段 让 她 十分 留恋 的 时光 
孙新世 这个 时候 过 着 挺 快乐  挺 平静 的 生活  不 过 这个 时候 姐姐 的 婚姻 起 了 一些 小 小 的 波折 
1951年  金山 和 文化 艺术 慰问团 前往 朝鲜 战场  受到 金日成 的 欢迎 
金山 激动 地 表示 他 要 写 一 部 中 朝 抗 美 的 电影  这 让 金日成 大 为 赞赏  并 亲自 安排 自己 的 女 秘书 给 金山 当 导游 兼 翻译 
但 时隔不久  俩 人 就 因 感情 出轨 而 犯 了 错误  金山 受到 开除 党籍  撤职 查办 的 处分  这 件 事 使 孙维世 在 生活 和 心情 上 都 跌 入 低谷 
最终 她 还是 原谅 了 金山  没有 像 许多 人 所 想 的 那样 就此 和 金山 划清 界线  这 也 让 金山 十分 感动 
就 在 姐姐 不 太 如意 的 时候  孙新世 的 生活 也 发生 了 不 小 的 变化  她 去 了 前 苏联 列宁格勒 大学 专修 俄罗斯 文学 
邓颖超 为了 让 远离 祖国 的 孙新世 不 感到 孤独  经常 给 她 寄 书  写信  对 她 关怀备至  而 孙新世 也 是 事无巨细 都 向 邓 妈妈 汇报 
当 她 把 自己 找到 男朋友 李宗昌 的 消息 告诉 邓颖超 后  不久 便 收到 邓 妈妈 的 一 封 亲笔 贺信  祝贺 孙新世 找到 了 她 的 另 一半  这 令 孙新世 十分 欣喜 
1957年 2月  年 过 30 的 孙新世 也 有 了 自己 的 家庭  不久 她 和 丈夫 返回 了 祖国  她 被 安排 到 了 北京大学 任教  让 孙新世 感到 高兴 的 是 她 又 能 经常 见到 邓颖超 妈妈 和 周恩来 爸爸 




画外音  1975年 4月  金山 从 秦 城 监狱 释放 回家 才 得知 妻子 早已 不 在 人世 了 
为了 更 好 地 照顾 金山  孙新世 一 家 都 和 金山 住 在 一起  让 失去 妻子 的 金 山 晚年 得到 很 多 安慰 
不久 文革 结束  孙新世 离开 了 工作 了 20 多 年 的 北京大学  调入 中国 电视 艺术 委员会 
我 就 觉得 姐姐 去世 了 以后  唯一 的 亲人 就 剩 了 我们 了  我们 应该 好好 照顾 他  当时 我 爱人 也 是 这么 想 的 
后来 我 爱人 去世 以后  金 山 他 考虑 到 我 会 不 会 搬走  于是 他 给 那个 党组 写 了 封 信  希望 批准 他 跟 我 结婚 
1976年  50 岁 的 孙新世 与 65 岁 的 金山 开始 携手 人生  共同 医治 心灵 的 创伤 
1978年  金山 担任 中央 戏剧 学院 院长  中国 电视 艺术 委员会 主任 等 职务 
1982年 7月 7日  他 因 突 患 脑溢血 而 与世长辞  终年 71 岁 
随着 岁月 的 流逝  身边 的 亲人 都 一个个 离去  目前 孙 老 的 孩子 们 旅居 国外  她 经常 出国 探亲 
