枪法 准确  训练有素  轻易 不 出动 的 他们  是 警方 的 最后 一 道 防线 
王达 是 成都 特警 队 的 狙击手  今年 31 岁 的 他  却 已经 有 了 11 年 的 狙击 生涯 
这 就是 那 位 狙击手 王 达  据说 你 的 那 把 枪 特别 酷  是 吗 
你 给 我们 形容 一下 
王达  对  我 的 枪 是 那个 改装 过 的  有 脚 架  就 是 那个 可以 拆卸 的 脚 架 
还有  瞄准 镜 有 那么 粗  那么 长 
鲁豫  我们 编导 跟 我 说  是 你 跟 她 介绍 的  说 你 那 把 枪 打 一百 米 外  那个 子弹 能够 穿透 一个 几 厘米  还 是 多少 毫米 厚 的 一 块 钢板 啊 
王达  对  它 是 一百 米 开外 
鲁豫  除了 武器 以外  你 的 身手 也 特别 好  是 吧 
王达  还 可以 吧 
以前 有 一 次 我们 警察 之间 的 纠纷  我 和 我 的 一个 队友  我们 两 个 打 那个 防暴 警察  因为 大家 双方 都 误会 了  都 以 为 对方 是 坏蛋 
而且 打 了 之后  他们 对方 是 每 一个 都 比 我 高  我们 两 个 都 只 有 一 米 七五  七六 的 样子  其他 人 全部 是 一 米 八 几  就 全部 是 防暴 警察 嘛 
最后 结果 就 是 互相 赔礼道歉  然后 互相 请 吃 了 顿 饭 
鲁豫  我 今天 专门 查 一下 《 新华 字典 》  我 查 那个 狙击 是 什么 意思 
狙击 就是 埋伏 在 隐蔽 的 地点 伺机 袭击 敌人  那 狙击手 就是 埋伏 在 隐蔽 的 地点 伺机 袭击 敌人 的 人  就是 王达 
王 达 现在 是 一个 资格 非常 老 的 警察 
王达  11 年 的 时间 吧 
鲁豫  但是 每个 人 都 有 他 的 第一 次  王 达 第一 次 执行 任务 的 经历  很 巧  也 有人 把 它 拍 下来 
我们 现在 来 看 一下 
鲁豫  犯罪 嫌疑人 用 炸药包 和 刀 劫持 了 他 的 女 朋友  当时 执行 这个 任务  是 什么 时候 通知 你 的 
王达  执行 这个 任务 的 时候  我 正好 在 搬 器材  因为 我 那 天 就 一个 人 在 山里 那个 训练 基地 里面 打 战术 射击  然后 我 的 队友 就 在 叫 我  王达  快快 快  就 说 成都 出 事儿 了 
我 以为 跟 我 开玩笑  后来 听 他 那个 叫 我 的 声音 就 不 对 了  就是 人 非常 紧急 的 那 种  完全 是 尖叫 了 
然后 我 才 觉得 就是 不 太 对  把 那个 器材 一 扔  跑 下来 
那天 车 开 得 非常 快  我 的 教官 开 的 车  差点 把 车 开 翻 了 
到 了 之后 就 是 这个 情况  据 警方 粗略 估计  犯罪 嫌疑人 所 携带 的 3 公斤 炸药 一旦 爆炸  将 造成 半径 为 50 到 100 公尺 范围 内 的  致命 杀伤 
我 当时 离 他 有 百 把 米  因为 我 是 在 那 宾馆 的 斜对面 的 一个 楼上  一个 二 楼  他 右手 拿 着 刀  左手 就 是 拿 着 那个 开关  他 女朋友 身上 绑 着 的 是 炸药 
鲁豫  当时 情况 很 危急  如果 你 不 能够 一 枪 打 到 他 要害 部位 的 话  他 还有 时间 反应  去 摁 那个 爆炸 装置  对 不 对 
王达  只 需要 轻轻 一 按 
鲁豫  也 就 说 那 你 当时 的 责任 就 很 重 很 重  稍微 有 一点 闪失 的话  那 后果 是 不堪设想 的 
王达  干 我们 那个 是 一 步 英雄  一 步 狗熊  如果 你 打 得 不好 的 话  会 负 法律 的 责任 
如果 说 做 得 不 成功 的 话  我 估计 自己 以后 也 不 会 去 再 去 碰 枪 了  会 对 自己 的 自信心 打击 非常 大 
解说  犯罪 嫌疑人 一再 坚持 引爆 的 最后 时限  当 王达 赶到 现场 时  形势 已经 十分 危急 
在 依靠 人质 谈判  和平 解决 危机 的 方式 难以 奏效 的 情形 下  警方 被迫 做出 了 最后 的 选择 
鲁豫  你 当 时 到 现场 以后 侦查 一下 情况  你 当 时 做 一个 什么样 的 判断 
王达  当时 他 提 了 很多 条件  要 5万 块 钱  要 个 车  然后 这个 女孩 儿 是 他 女朋友  就 说 他 女朋友 不 想 跟 他 交 朋友 了  就是 想 跟 他 吹  他 不 干  就 说 要 把 这个 女孩 儿 带 回 家 
然后 那个 时候 我们 其实 是 引诱 他 出来  就 给 他 车  给 他 钱 
大概 他 从 宾馆 里面 走 出来  刚才 你 看 那 个 距离 非常 短  可能 就 十 米 左右  因为 他 女朋友 很 高 的  他 女朋友 的 头 一直 挡 着 他 
出来 的 时候  我 看 那 个 样子  我 就 差点 绝望 了 
解说  要 一 枪 命中 始终 躲 在 人质 背后 的 犯罪 嫌疑人  对 王达 来说 无疑 是 道 难题 
王达  我 能 看见 就 他 那个 脸  能 看到 那么 多  而且 是 个 侧面  就 说 不 能 达到 我 理想 的 那种 射击 效果 
解说  尽管 困难重重  但 王达 最终 还是 扣 动 了 扳机 
鲁豫  你 当时 只 能够 看到 他 脸 的 这么 宽 一个 地方  你 能 打 到 吗 
王达  我 什么 时候 开枪 的 
实际上 我 是 在 他 转头 的 时候 开枪 的 
他 出来 的 时候  有 很多 围观 的 人  但是 距离 很 远  我们 警察 做 了 疏散  疏散 可能 一两百 米 吧 
他 出来 的 时候  他 就 到处 观察  看 有 没 有 警察 埋伏 在 旁边  看 了 一 眼  他 出来 可能 走 了 两三 步  转头 看 了 一 眼 
他 转头 的 时候  我 能 看到 很多  他 大半 个 侧 脸 我 都 能 看见 
这个 时候 我 就 觉得  他 如果 再 转 头  我 就 有 机会 
果然 他 上车 之前 又 转 了 一 次 头  那 就是 一瞬间 的 时间 吧  我们 说 是 零点 几 秒 钟 可能 
狙击手 是 这样  可能 等 一个 机会 会 是 几 个 小时  甚至 是 几 天  但是 狙击手 作战 最 讨厌 的 也 是 这个  因为 只 开 一 枪  这个 是 最 痛苦 的 一 件 事 
