鲁豫  就 是 你 刚才 说 的  一 步 英雄  一 步 狗熊 
王达  对 
如果 做 得 好 的 话  别人 都 会 说 这个 射手 非常 好  这个 狙击手 确实 给 老百姓 怎么样 怎么样  做 得 不好  检察院  法院 会 找 你  你 会 接受 法庭 聆 训  然后 自己 心里 面 可能  我 估计 警察 也 做 不 了  因为 会 非常 愧疚 


结语  采集 人  周灵 茵 正文  解说  1985年 4月  宝丽金 迅速 为 张 学友 推出 了 第一 张 粤语 个人 专辑 《 Smile 》  专辑 中 收录 了 《 轻 抚 你 的 脸 》  《 情 已 逝 》 等 歌曲  没 想到  这 张 专辑 风头 迅猛  创下 了 二十万 张 的 销量  张学友 的 名字 一夜间 在 香港 歌坛 走红 起来  大街小巷 开始 遍布 他 的 歌声 
这种 一 夜 成名 令 刚 进入 演艺圈 的 张学友 十分 不 适应  原本 只 是 航空 公司 的 小 职员  却 在 转眼 之间 成 了 备受 关注 的 歌坛 新星 
1986年 初  在 《 Smile 》 专辑 大 获 成功 的 前提 下  唱片 公司 迅速 为 张 学友 推出 了 第二 张 个人 唱片 《 AMOUR 遥远 的 她 》  也 备受 好评  占据 销量 榜首 七 周 之 久 
唱片 中 的 《 AMOUR 》  《 遥远 的 她 》  《 月 半 弯 》 等 曲目 在 各 流行 榜 一路 过关斩将  风光 无限 
张学友 的 名字  开始 劲头 直 逼 当时 的 两 位 天王 谭咏麟  张国荣  曾经 一度 被 媒体 称为 天王 的 接班人 
不久 之后  张学友 与 同 为 新人 的 吕 方 举办 了 一 场 名为 双星 的 演唱会 
两 人 虽 都 是 歌坛 新星  演唱会 却 场场 爆满  这 次 演唱会 作为 张学友 在 红 馆 的 首 次 重要 演出  多 年 之后  他 的 门票 也 成为 张 学友 歌迷 们 的 珍藏 
鲁豫  以前 路过 红 馆 的 时候  有 没有 想 过 有 一 天 我 能够 在 这儿 演出 
张学友  没有  完全 没有 想 过 
鲁豫  登 上 以后 那种 感受 是 什么 
张学友  其实 很 模糊  因为 其实 你 站 在 那边 的 时候  真 的 没有 像 大家 想像 的  很多 很多 思绪 什么 的 都 跑 出来 了  哇  一下子  那 就 没法 唱 了  其实 也 没有 那么 戏剧性 
但 我 会 有 那种 感觉  啊  我 终于 站 在 这儿 了  也 很 怕 的  真 的 很 怕 
站 在 那边 到底 是 怎么 样子  有时候 很 不安 的 感觉  然后 第一 次 站 在 一万 多 人 面前 唱歌  感觉 自己 在 抖 
我们 那个 时候 真的 是 偶像  还 蛮 热烈 的  算是 数一数二 
解说  在 竞争 激烈 的 香港 乐坛  举办 演唱会 虽 收入 不菲  但 同样 是 风险 很 高 的 一 项 投资  娱乐 公司 选中 能 举办 个 唱 的 歌手  必定 是 具备 实力  歌迷 群 稳定 的 大 牌 歌手  然而 在 当时  出道 短短 两 年 时间 的 张学友 能 在 香港 红 馆 举办 个 唱  无疑 令 他 信心 大 增 
1987年 8月 1日  张学友 的 首 场 个人 演唱会 在 香港 红 墈 体育馆 举行 


鲁豫  那 几 年 势头 特别 特别 地 好  有 没 有 觉得 我 会 一直 这样 下去  就 是 成绩 会 一直 很 好 
张学友  没有 想 过 会 不 好 
其实 接下来 不好 的 时候 就 会 很 痛苦 
鲁豫  其实 接下来 我们 要 说 的 不好  得 看 你 怎么 说  就是 因为 你 那个 开始 的 势头 太 猛 了  发展 太 快 了  所以 接下来 一下子 好像 觉得 差别 很 大 
歌迷 们 要 包涵 一下  有时候 毕竟 会 稍微 地 低 一些 啊  不 是 低谷  就是 有 一 段 时间  第三 张 唱片 的 成绩 不 是 那么 的 理想 
解说  尽管 有 了 头 张 专辑 二十万 张 的 迅猛 劲头  尽管 是 作为 宝丽金 的 力 推 新人  可是 从 张学友 的 第三 张 专辑 开始  唱片 的 销量 就 直线 滑坡 
1987年  是 当时 两 大 天王 谭咏麟  张国荣 竞争 最为 激烈 的 一 年  两 人 的 歌曲 几乎 占据 了 所有 排行榜 
同年 张 学友 推出 的 几 张 唱片 的 销量 一度 跌 到 了 最 低谷  销量 仅仅 只 有 几万 张  媒体 眼中 昔日 的 天王 接班人  变成 了 如今 的 票房 毒药  这 令 当时 的 张学友 状态 非常 低迷  开始 依靠 酒精 来 麻醉 自己 
然而  这样 的 日子 在 张学友 的 生活 中  整整 持续 了 三 年 
鲁豫  其实 你 要 按 现在 标准 来说  哪个 歌手 一 张 唱片 能够 卖 几万 张  那 已经 是 挺 不错 的 成绩 了  在 当时 是 几万 张 的 话  对 你 来说 就是 一个 非常 非常 糟糕 的 成绩 
张学友  我 没有 几万 张  就 两万 张  无 三 不 成 集  第三 张 还有 十万  后 第四 张 八万  后 第五 张 最低 
鲁豫  这时候 你 你 觉得 自己 是 一下子 下来 的  还 是 慢慢 的  像 整个 世道 也 不 是 太 好 了 
张学友  世道 没有 问题  我 有 问题  它 还是 有 唱片 卖 很 好 
其实 那个 时候 你 看到 它 是 慢慢 下来 的  可是 你 没 办法 接受 那个 下来  所以 我 的 感觉  我 现在 跳 开  跳 出 去 去 看  觉得 是 慢慢 下来 的 
可是 当 我 第五 张 的 时候  我 是 觉得  啊  怎么 一下子 变成 这 样子 
鲁豫  我们 说 一下子 门前 冷落  一 夜 之间  以 前 来 找 你 的 演出 啊  什么 录音 啊 突然 都 没有 了  会 有 那么 快 吗 
张学友  还 好 啦  可以 接受 
我们 做 艺人 就是 这 样子  比如 很多 人 对 你 有 兴趣 的 时候  就 有 很多 媒体 找 你 访问 啊  做 封面 啊  什么 这个 那个 的  什么 偶像  什么 什么 
然后 那段 时间 是 很 冷清 的  是 真 的 很 冷清  心里 很 慌 啦  我 什么 都 不 会 做  自己 没有 什么 专长  我 觉得 这个 是 很 危险 的 工作  是 个 很 没有 安全感 的 工作 
