鲁豫  但是 你 为什么 会 去 看 这些 评论 呢 
郭德纲  可乐 呀  这 多 好玩  我 要 知道 夸 我 的 人 能 把 我 夸 成 什么样  骂 我 的 人 骂 我 到 什么样  我 能 想 他 是 怎么 写 这 东西  关 上门 坐 在 屋里 边 一句句  想 着 编 着 牙 都 咬 出血 来 了  这 很 可乐  太 可乐 了  真 的 
（ 笑 ） 鲁豫  我 估计 你 都 会 想象 那 个 人 是 什么 样子 一个 人  长 得 什么 样子  是 干吗 的  对 吧 
郭德纲  那 倒 也 未必  这个 干吗 的 都 有 
昨天 还 是 前天 有 一 媒体 记者 聊天  说 你 怎么 看 这 个别 人 骂 你  我 说 很 正常  我 现在 都 靠 这 活 着  我 心情 压抑 了 我 就 打开 电脑 找 人家 骂 我 那 个  看 完 了 我 哈哈 一 乐 
鲁豫  真 的 假 的 
不 可能 有 人 喜欢 别人 说 自己 不 好 
郭德纲  真 的 真 的  真 的 真 的 我 挺 痛快  你 看 你 赶明儿 你 试试  这 挺 可乐 这个 
（ 笑 ） 鲁豫  我 没 你 那么 大 的 那 种 精神 的 承受 能力  我 尽量 不 去 看 
郭德纲  你 不 看 心里 也 惦记 着 
挺 好  有 人 骂 你 有 人 夸 你  说明 有人 还 重视 你  不 遭 人 嫉 是 庸才  这 是 很 主要 的 一点  不管 是 骂 我 不管 是 夸 我  我 自己 心里 有 杆 秤  我 知道 我 是 谁  就 是 一个 普通人  一个 普通 老百姓  这个 心态 我 觉得 能 支持 我 一直 活 下去  挺 好 


结语  采集 人  周灵 茵 正文  解说  1995年  郭德纲 在 天津 的 工作 和 生活 遇到 了 挫折  用 他 自己 的 话 说 是 步步 血泪 
这 一 段 不 愿 提起 的 往事 终于 让 郭德纲 下定决心 离开 故土  到 北京 寻找 一番 新 的 天地 
郭德纲  当时 来 北京 的 目的 是 急功近利  我 承认 这 一点  干吗 来 呢 
要 做 一个 大腕  要 做 一个 笑星  我 也 要 去 一 场 挣 多少 万  然后 我 就 很 了不起 了  走 到 街上 到处 都 是 签字 的  可能 那 是 我 当时 一 种 幸福 的 憧憬 
解说  年少 气盛 的 郭德纲 满怀 着 希望 来到 了 北京  他 觉得 自己 学 了 这么 多 年  也 该 到 了 出人头地 的 时候 了 
然而 现实 却 远非 郭 德 纲 想象 的 那 般 简单  在 几 次 头破血流 的 碰壁 之后  他 才 渐渐 认识 到 了 这个 圈子 的 一些 所谓 的 规矩 
鲁豫  到 北京 还 记得 是 哪 年 的 哪 月 哪 号 
郭德纲  我 到 北京 是 三 次 到 北京  最终 决定 在 北京 闯荡 是 是 1995年 左右  可能 是 夏天  秋天 
鲁豫  北京 我 来 了  我 要 征服 你  有 那种 感觉 吗 
郭德纲  我 这 之前 来 过 两 次 了  1988年 是 第一 次  后来 待 了 一 年 多  种种 原因 吧  我们 又 回到 天津 去  第二 次 来 可能 是 1994年 底  也 是 想 我 要 到 北京 去 发展  我 得 干 点 什么 去  万一 北京 就 成 了 呢  来 了 之后 觉着 不 是 这么 回 事  那 次 来 只 待 了 五 天 也 不 四 天 可能 是  来 了 之后 就 住 在 大栅栏 的 一个 小 旅馆 里头  跟 那 住 了 几 天  我 说 这 不行 啊  这 不 是 个 事 啊  准备 得 太 不 充分 了  我 就 回去 了  第三 次 就 是 1995年 到 北京 
鲁豫  你 带 了 多少 钱 来 的 
郭德纲  来 的 时候 可能 就 带 了 几千 块 钱 吧  因为 在 天津 实在 是 也 没有 什么 可 做 的 了 
当时 来 就 是 急功近利  如果 哪个 团 要 了 我 了  或者 说 哪个 大腕 能 看 上 我 了  我 能 跟 着 人 一起 演出  这样 慢慢 地 混 来 混 去  某个 晚会 一 不 留神 让 我 钻进 去 了  保不齐多 长 时间 我 就 红 了  那 就 了 不得了  我 也 一 场 挣 好 几万  走 到 哪儿 一万 多 人 堵 的 街上  让 我 签字  很 幸福 
那会儿 就 是 这么 想 的  那 是 我 当然 的 目的 和 憧憬 
鲁豫  你 到 了 北京 以后 你 去 找 谁 
郭德纲  不 告诉 你 
（ 笑 ） 这 说 了 太 伤 人  反正 是 没 人 接着 我  反正 现在 我们 都 是 好 朋友 了  当时 不行 
鲁豫  那 当时 就 有 一 段 时间 可能 你 四处 去 找 人 找 地方  希望 能够 演出 啊  肯定 有 很 长 一 段 时间 没有 演出 没有 收入 的 
郭德纲  对  几乎 那 一 年 就 没 怎么 正式 挣 过 钱  偶尔 的 有 点 小钱 挣 什么 的 
鲁豫  你 有 交 不 出 房租 的 时候 吗 
郭德纲  经常 的 事  住 通县 的 时候  北 杨 洼 那边 有 一 小区  我 在 那 住  交 不 起 房 钱  比如 还 差 半 个 月 该 交 房钱 了  天天 睡 不 踏实 
人家 来 了 怎么办 呢 
我 真 没 钱 
来 了  人家 外边 咣 咣 砸 门  我 也 不 敢 出去  坐 屋 听 着 吧  人家 在 外边  连 踢 门 再 骂街 再 敲门  都 快 把 门 踹 碎 了  我 都 替 他 疼 得 荒  他 那 是 的 门 
鲁豫  你 就 不 出 声  假装 不 在家 
郭德纲  开门 你 跟 人 说 什么 呀 
其实 不 是 不 给  是 真 没 有  拿 不 出 钱 来 
白天 还 不 能 出去  晚上 出去 得 买 点 吃 的 呀  出去 还 不 能 走 大门  看 大门 那 老头 帮 我 租 的 这 房子  你 回 见 人 问 你 房钱 怎么 回 事  你 说 不 出来 
夜深人静 出来 时候 从 这边 有 一 小 墙头 翻 出 去  仗 着 以前 唱戏 会 翻跟头 什么的  反正 多 露脸 的 事 当初 也 都 干 过 
