鲁豫  你 当年 造型 是 什么样 啊 
周华健  不 记得 了 
鲁豫  那 个 年头 应该 是 穿 那种 超大 的 喇叭裤  是 不 是 
周华健  那个 是 更 早 
鲁豫  那 你 当时 什么样  头发 是 什么样 
周华健  那个 时候 其实 也 是 牛仔裤  不过 是 球鞋 
头发 就 差不多 了  头发 都 是 这 样子  不过 后面 没 那么 长  我 后面 那么 长 是 最近 两三 年 来 的 一个 改变 
鲁豫  当年 参加 那个 比赛 之前  一定 是 认为 自己 唱歌 唱 得 挺 好 的  在 学校 里面 是 属于 很 有名 的 校园 歌手 是 吧 
鲁豫  当时 那个 通知 是 怎么 交 到 你 手上 的 
周华健  很 惨 呐  那年  哎呀  我国 三  就是 初三  我 从来 都 没有 去 打 过 暑假 工  那年 也 不 知道 怎么样 了  总是 觉得 可以 改善 一下 家里 
我 也 大 了  觉得 应该 可以 自己 坐 那个 巴士  坐 公车 去 工厂 里面 上班  那 就 找 了 一个 工厂 的 工作 了  暑假 嘛  那 做做 做 
就 奇怪 了  因为 我们 学校 是 把 成绩单 寄 到 家里 来 的  那 通常 有 一个 死亡 时间 
鲁豫  什么 叫 死亡 时间 
周华健  开学 前 比如说 两 个 礼拜  这 封 信 就 寄 出 来 了  那 结果 这 两 个 礼拜 前 都 没 收到 信  那 两 个 礼拜 前 很 紧张 啊  两 个 礼拜 前 没 收到 信  就 很 快乐  以为 我 过 关 了  就是 留级 的 人 就 会 收到 信  没有 留 到 级 的 人 就 没 事 
结果 我 没 收到 信  哈哈  我 今年 就 过 关 了  玩 得 那么 凶 那样 的 
突然 有 一 天 晚上 同学 打 给 我  说 完 了  学校 有 一个 行政 的 疏失  所以 那些 信 没有 寄 出 来  我 问 过 了  今天 下午 才 寄 
那个 时候 甚至 三 天 就 到 学校 去 的  第二 天 战战兢兢  因为 其实 你 自己 心里有数  那 一 年 真 的 混 得 太 凶 了  心里有数 呢  就 到 那个 工厂 去 上班 
一个 早上 做 完 了  十二点 不 是 要 吃饭 嘛  十二点 我 就 打 个 电话 回家  我 说 妈  有 没 有 信  我 想 说 没有  那 我 就 没 事 了  我 妈 说 刚刚 签收 了  哇  整个 人 脸色 突然 是 苍白 的 
中间 还 转折 一个 这样 的 小 插曲  因为 工厂 在 三 楼 而已  我 走 到 那个 窗口 看 着 那个 三 楼  我 看 人 生 也 不 是 这样 嘛  一 看  下面 那个 窗 没 关  如果 这样 下去 的 话  刮 到 那个 窗 一定 很 痛  我 看 就 下次 再 说 吧 
鲁豫  如果 那 窗户 关 的 话  你 难道 就 跳 了 吗 
周华健  也 不 会 啦  可 是 那个 万念俱灰 啊  突然 一 秒 钟  突然 一 秒 钟 
那 这个 事情 其实 蛮 好 的  后来 当然 妈妈 很 生气  气 了 一阵 以后 也 都 开学 了  也 都 确定 真 的 要 留级 了 


周华健  那 年 就 就 开始 蛮 用功 的 啦  对 一些 学科 方面 的 东西 也 都 收获 不少 
鲁豫  分水岭 啊  蹲 班 以前 不 好  蹲 班 以后 成绩 就 好 了 
周华健  好 回来 一点 而已 啦  后来 考 大学 的 时候 也 还是 没 考上  我 就 不 是 读书 的 料 
鲁豫  你 不 喜欢 
周华健  没有  我 喜欢  我 喜欢  可是 

鲁豫  没 听说 喜欢 会 学 不 好 的 
周华健  比如说 我 看 小说  我 就 可以 一 晚上 不 用 睡觉  我 可以 七 天 七 夜 把 金庸 整套 看 完 
鲁豫  那 你 这样 你 妈 不 会 打 你 吗 
周华健  会 啊  后来 打 不 过 我 
鲁豫  所以 我 从小 就 觉得 分数 一点 都 不 重要  周华健 再 一 次 向 我们 证明  真 的 有时候 分数 的确 说明 不 了 什么 问题 啊  人 有 一个 特长  有 一个 自己 的 爱好 是 比较 重要 的 
这 次 我们 做 节目 特别 遗憾 的 一点  就是 有 一个 影像 资料 找 不 到  我 估计 他 也 没有  我们 就 怎么 都 找 不到 
他 第一 次 在 学校 里面 拍 实验 剧  第一 次 触电  就 怎么 都 找 不 到  但 这 段 经历 很 重要 
解说  1977年  周华健 17 岁  尽管 还 是 一 名 高三 学生  但 就是 在 这 一 年  周华健 除了 在 香港 无线 电视台 组织 的 歌唱 比赛 中 获得 名次  他 还 参加 了 校内 实验 电影 的 演出 
这部 校内 实验 电影 的 名字 叫做 《 人生 的 初恋 》  周华健 饰演 其中 的 男 主角 
然而  比 这部 电影 情节 更 富有 戏剧性 的 是  周华健 与 这部 电影 的 女 导演 也 自 此 展开 了 他们 的 恋情  这 也 是 周华健 的 人生 初恋 


结语  采集 人  周灵 茵 正文  解说  1979年  只身 前往 台湾 上学 的 周华健  以 剪 掉 为 弹 吉他 专门 留 长 的 指甲  来 与 音乐 决 绝 
而 到 他 再 一 次 拾 起 吉他  也 不过 只 有 一 年 半 的 时间 
从小 就 被 音乐 蛊惑 的 周华健  这时 起  便 把 自己 的 未来  与 音乐 紧紧 地 联系 在 一起  但 这个 决定 却 遭到 了 家 人 的 强烈 反对 
年 少 的 周华健 却 全然 不顾  抱 着 就 算是 赌 也 要 搏 一 搏 的 决心  24 岁 的 周华健  从 这 一 年 开始 走 上 了 一 条  与 他 的 同学 们 截然不同 的 路 
从 台北 的士 林 唱 到 西门 町  再 从 西门 町 唱 到 罗斯福 路  还 是 大 二 学生 的 周华健  背着 心爱 的 吉他  几乎 唱 遍 了 台北 大大小小 的 西餐厅 
鲁豫  那个 时候 台湾  是 很 流行 一些 歌手 在 西餐厅 啊  什么 地方 助 唱 的  是 不 是 
周华健  很 流行  那个 时候 非常 流行 
