他 是 因为 我 的 时间 跑 去 听 我  结果 发现 是 有 一个 更 帅 的 男 孩子 在 那边 唱歌  一拍即合  把 他 签 了  然后 出 了 唱片 
鲁豫  红 了 吗 
周华健  红 了 
鲁豫  这 人 是 谁 啊 
周华健  不 能 告诉 你  待会儿 我们 节目 结束 以后 告诉 你 
鲁豫  很 好  大家 赶紧 猜猜  跟 他 同期 的 比较 帅 的 是 谁 
周华健  那 当然 其实 当时 那个 唱片 公司  是 我 不 想 要 去 的 
我 当时 已经 对 台湾 整个 的 那个 歌坛  或者 说 唱片 公司 已经 有 了 一定 的 认知  我 那个 时候 是 很 锁定  我 希望 能够 进 滚 石 唱片 
鲁豫  讲 到 这儿 必须 要 提到  对 你 的 事业 有 两 个 很 重要 的 人  第一 个 李宗盛  讲 到 这儿 必须 要 讲 到 李宗盛 


结语  采集 人  周灵 茵 正文  进入 滚 石 唱片 后  周华健 本 以为 自己 的 音乐 梦想  就 要 实现 了 
可 事实上 他 做 得 更 多 工作  只是 助理 和 勤 杂 的 一些 琐事 
但 这时 的 周华健  并 没有 停止 在 音乐 上 的 创作  也 是 在 这 段 时期 里  他 完成 的 作品 《 眼眶 之中 》  并且 被 收录 在 潘越云 的 专辑 当中 
创作 之外  周华健 也 试 着 演唱 一些 自己 的 作品  并 录 成 小样  也 正是 这些 闲暇 时 录制 的 小 样  给 他 带来 了 事业 上 的 另 一 次 转机 
齐豫 将 一心 只 想 做 幕后 的 周华健  领到 了 台前 
鲁豫  齐 豫  另外 一个 贵 人  她 提供 给 你 的 机会 是 什么 
周华健  一 天 就 是 在 上班 的 时候 
那 齐 豫 出 片 量 不 大  齐 豫 不 是 每 一 天 忙 着  这边 赶 那边 赶 的 人  她 很 悠闲 的 
她 一 年 出 一 张 唱片  有时候 两 年 才 出 一 张 唱片 
她 听 到 过 很 大 声 的 笑声  跟 我 很 像  那种 哈哈哈 那种 笑声 
当然 我 还是 比较 厉害 的  我 那 是 拆 楼 式 的  她 那 个 只 能够 拆 掉 一两 个 屏风 而已 
鲁豫  你 整 幢 楼 那 感觉 
周华健  对 
听 那 个 笑声 进来  然后 我 还 不 知道 是 谁 
里面 的 人 喊 着  而且 每个 人 都 很 高兴 的   大妈 来 了  大妈 来 了   谁 是 大妈  卖 牛肉面 那个 
一 看  一个 吉普 赛 装扮 的  头发 一 大 把 的  然后 这边 一 大 串  那边 一 串  满身 
鲁豫  她 一直 这样 的 风格 
周华健  对 对 对  一直 都 这个 风格 
齐豫 来 了  那 潘逸达 说  我 告诉 你  我 刚刚 听到 了 一个 笑话  霹雳 啪 啦 讲 笑话 跟 我们 听  讲 得 很 棒  很 流利  然后 很 好 笑  表情 又 丰富 
我们 那个 制作 部 的 办公室  大概 有 三 个 人  全部 笑 得  真的 是 不得了 
齐豫 的 出场 就是 这样 子 的  比 《 红楼梦 》 里面 的 王熙凤 还 要 厉害 
齐 豫 真的 是 这样 出场 的 
周华健  那 没 多久  大概 一两 个 礼拜  她 那阵子 好像 有 什么 事 的  常常 来  也 需要 我 一些 帮助 
她 在 做 张国荣 的 一 张 唱片  国语 唱片 的 制作 人 
这个 我 就 有 时候 帮 她 拷贝 一些 带子  反正 做 很多 资料 给 她  我 在 帮 她 忙 
我 也 差不多 是 那个 时候  刚好 进 了 滚 石 之后  我 刚刚 所 讲 的 
整个 人 的 情绪 倒 熏陶 起来 了  就是 熏 到 了 
我 就 写 了 第一 首 歌  我 在 滚 石 里面 第一 首 歌  那 首 歌 叫 《 眼眶 之中 》 
周华健  我 那个 时候 就 已经 做 了 一个  找 了 一个 人 帮 我 弹 了 一个 钢琴  我 唱 了 这个 歌  我 觉得 很 好 听 
就 每 一 天 在 播  每天 在 听  自己 在 制作 部 的 时候  一路 播  一路 听 
齐豫来 的 时候   齐 豫  我 写 了 一 首 歌  你 听听 看 有 没 有 用  
其实 我 知道 她 不 会 用 的  我 其实 给 她 知道 我 写 了 歌 而已 
放 那 卡带 给 她 听  一 听   你 能 唱 嘛   因为 我 在 当 制作 助理 时  不 是 想 要 出 唱片  只是 想 说 要 做 唱片 而已 
她 说 您 能 唱 吗 
我 说 还 行 吧  好像 我 是 民歌 手  我 在 餐厅 上班 的 
她 说 好好 好  我 那 边 唱 很多 广告 歌  就 需要 个 男 孩子 的 声音  我 把 你 推荐 给 程阳 好 了  那个 程 老师 
当时 台湾 做 广告 歌 的 人  不 多 不 少  可是 几乎 百分之九十八 的 广告  都 是 程阳 做 的 
我 一 去 那边 是 个 老 顽童  是 个 老 顽童  人 非常 和善  然后 人 非常 好  然后 教 我 很多 很多 东西  然后 他 也 很 喜欢 我 的 声音 
鲁豫  让 你 唱 广告 歌 是 吗 
周华健  唱 很多 广告 歌 
鲁豫  你 唱 第一 首 广告 歌 是 什么 
周华健  第一 首 
那 很多 
鲁豫  你 都 卖 过 什么 吧  那些 广告 
周华健  都 有 了  我 几乎 只有 女性 用品 没有 唱 过 而已 
我 唱 过 那个 胶卷 
鲁豫  怎么 唱 
你 唱 
周华健   当 休假 结束  又 回到 都市 之中  

就是 这样 的 厂 牌  那 光是 胶卷 都 唱 了 好 多 个  不同 的 厂 牌 
洋芋 片  我 唱 洋芋 片 
鲁豫  最 可笑 的 产品 什么  你 唱 过 的 
周华健  大大 将 吧  念 大将 
鲁豫  吃 的 大 

周华健  有 一个 厂 牌 的 大将 学生 制服 
鲁豫  我 以为 吃 的 酱 呢 
