周华健  不 是  大 将 学习 制服 
周华健  有 一 首 是  有 一个 便利 商店  就 是 二十四 小时 营业 的 
 为了 和 你 说 早安  Seveneleven  为了 和 你 午 安  Seveneleven  为了 和 你 说 晚安   哎  费玉清 
 说 晚安 Seveneleven  
就 这样  很多 广告 歌 都 唱 
有 一 天 唱 唱 唱  而且 那个 时候 很 重要  唱 个 广告 歌 钱 还 不 少 
突然 齐 豫 介绍 我 去 唱 广告 歌 以后  就 改善 了 我 整个 人 的 生活 
那个 时候 其实 每个 月 都 很 痛苦  痛苦 是 什么  就 我 太太 在 付 房租  我 的 钱 可能 用 来 看 电影 而已  饭钱 也 是 我 太太  就 是 吃 软 饭 这 样子  吃 得 有 半 年  很 差 的 那种 感觉 
可是 当 我 一 进 滚 石 上班 的 时候  我 就 知道 我 不能 再 在 那个 民歌 餐厅 去 上班 了  那 我 很 毅然 就 离开 了  因为 我 真 的 很 想 离开 那边 很 久 很 久  那 太太 也 会 支持 我 
画外音  自 周华健 进入 滚 石 工作 之后  收入 便 不再 如 唱 西餐厅 那 般 丰厚 了 
在 很 长 一 段 时间 里  周华 健在 滚 石 的 月 收入  只有 五千 新 台币 
而 这时 他 的 妻子 康翠 蓝  承担 了 更 多 的 家庭 开销 
直到 齐 豫 提携 周华健 演唱 广告 歌曲  他们 的 境况 才 有 了 转变 
鲁豫  唱 一 条 多少 钱 
周华健  唱 一 条 就 有 个 五千 块  就是 等于 我 一个 月 的 收入 
鲁豫  你 一个 月 唱 几 条 
周华健  我 最 巅峰 的 时候  我 一个 月 可以 唱 到 四五 条 
鲁豫  那个 时候  全 台湾 看 电视  听 广播  都 是 你 的 广告 歌 
周华健  对 对 对 
鲁豫  那 你 都 很 红 了  歌 先 红 了 
周华健  没有  有 很多 是  你 唱 完 一 轨 以后  因为 你 录音室 可以 唱  可以 重复 唱 很 多 轨 的 嘛  很 多 个 轨道 
那程阳 也 进 来 跟 我 一起  我们 就 唱 唱 唱  有时候 唱 出 十六 个 道 出 来  那时 变成 一个 大合唱  所以 你 听 不 出来 是 谁 的 
很多 那个 广告  都 是 一 大 群 人 在 那 合唱 
那 还 是 不 管 了  先 是 改善 了 生活 
然后 我 就 看 着 太太 说  你 终于 你 可以 别 操劳 我 的 事 了 
我 还是 个 男人  拿 钱 回来 了  这样 那种 感觉 
鲁豫  第一 张 专辑 里面  就 收 了 你 一 首 广告 歌  对 不 对 
《 心 的 方向 》 
周华健  这个 广告 歌 唱 了 几乎 半 年 
半 年 以后 有 一 天  就 唱 到 一 首 这样 子 的 广告 歌 
鲁豫  这 是 什么 产品 的 广告 
周华健  汽车 
那个 汽车 广告 呢  一 分钟  而且 是 我 个人 独唱  好 兴奋 
唱 完 以后  早上 七点 钟  两 点 钟  带 着 那个 卡带 录 了 下来 了  把 我 太太 吵 醒 了  放 给 她 听 
 对 了  那个 歌 你 会 红 的  要 睡觉  
我 想 说  有 可能 真 的 吗 
那个 时候 已经 顾 不 及  到底 是 什么 制作 部 要 写 歌 什么 的  如果 能够 我 的 歌声 出去 也好 
那 结果 又 等 了 半 年  这个 广告 都 没有 发 都 没有 发行 
有 一 天 我 送 了 一个 东西  我们 家 没有 电视  那个 时候 床 也 没有  我们 只 有 一个 床垫 在 地上 的  小 套房 这样 的  我们 俩 夫妻 就 住 那个 地方  没有 电视 
我 在 公司 大概 四五点 的 时候  我 送 一个 琴  底下 有 个 琴 叫 DX - SEVEN  有 一个 日本 的 一个 琴  反正 就 是 很多 音效 在 那边  送 去 黄玉林 的 家里 
大家 都 知道 黄玉林 吗 
鲁豫  黄玉林  知道 
周华健  我 送 去 他家  那 很 大 一 台  原来 拿 到 手 上 才 知道 很 重  我 那个 时候 还 帮忙 送 东西 
我 进 了 一个 计程车  然后 车钱 去 到 那边 以后  就 下来 以后 按 他 门铃 送 上 去 给 他  下来 以后 想 说  我 等 公车 好 了  我 就 不 要 坐 计程车 回去 公司 了 
突然 隐隐约约  听到 个 很 熟悉 的 声音 
那个 是 谁 呀  对  很 熟 呀 
这个 歌  可是 我 在 哪里 听 过 呢 
是 我 的 歌  现在 一 分钟 已经 少 了 十五秒 了  是 我 的 歌  难道 那个 我 最 盼望 的 出来 的 广告 歌 
出来 了 吗  那个 广告 
就 开始 沿着 那个 歌声  一路  在 哪里  在 哪里 
走 啊  走 啊 走  走 到 已经 四十五秒 了  正 在 最后 的 十 秒 钟 的 时候  原来 在 一个 面 摊  面 摊 里面 有 个 电视机 
一 钻 进 去  是 我 的 广告  真 的  我 的 广告  已经 结束 了  出来 了 
那个 老板 说  先生  你 要 吃 什么 
很 戏剧性  可是 是 真 的 
千真万确  真 的 就是 这 样子 
我 要 等 那个 广告 出来  终于 出来 了 
回去 跟 太太 讲  我 没有 电视  更 荒谬 是  后来 这个 广告 歌  也 都 带来 我 很 多 收获 我 就 出 了 我 第一 张 唱片  也 把 这个 广告 歌 变 长 了  变成 完整 的 一 首 歌  然后 也 都 发行 唱片  也 都 一帆风顺 了  我 都 没 看 过 那个 广告  我 永远 只 是 看 到 最后 的 十五秒 而已  就是 这 样子  再 也 没 看 过 
那 一阵子 就 开始 进入 了  另外 一个 人 生 阶段 
隔 了 两 天 

鲁豫  红 了 以后  是 吧 
周华健  就 是 红 了  还 没 红 
还 在 那个 广告 那个 真空 期 的 时候  大概 不 到 一个 礼拜  我 就 坐 了 一个 公车 去 上班 
