鲁豫  你 肯定 是 没有 被 它们 追 到 过  但是 有 没有 被 它们 追 得 很 惨 的 时候  慌 不 择 路 
国艳莉  有  我 记得 我 追 得 最 惨 的 一 次  就是 我 在 那个 路 的 中间  两边 全 有 象  野生 象  所以 我 没有 办法  好在 还有 其他 另外 一个 男生 嘛 
我 迅速 地 爬 上 了 一 棵 我 平时 根本 爬 不 上 的 树  因为 它 热带雨林 里边 那种 榕树 比较 多  它 很 粗  而且 适当 地 给 我 提供 了 一些 可以 爬 的 抓 的 地方 
但是 我 觉得 当时 我 跑 的 时候  我 腿 已经 开始 发抖 了  但是 我 还 能 爬 上 去 
上面 那个 男生 先 爬 上 去  在 叫 我 一定 要 快  一定 要 快  马上 就 追 到 了  我 腿 在 发抖  然后 最后 他 又 拉 了 我 一下 才 上去 
鲁豫  当时 如果 你 没 爬 上 去 的 话  那个 象是 不 是 已经 都 到 那个 树 下 了 
国艳莉  对  我 爬 上 去 大概 就 这么 三四 分钟 的 时间  然后 象 就 来到 树 下 了 
象 就 会 围 着 这个 树 来 撞  然后 发出 那种 特 烦燥 的 声音  它 耳朵 会 立 起来 呀  它 尾巴 也 会 竖起 来  表示 它 很 生气 了  然后 就 用 鼻子 来 摔打 那个 地面  表示 它 很 生气 
我们 只能 老老实实 地 呆 在 那儿  不能 再 惹 它 了 
鲁豫  大象 很 生气  后果 很 严重 
（ 笑 ） 我们 在 说 她们 跟 野生 大象 这种 关系 相处 得 再 好  但是 大象 毕竟 还 是 野生 动物  真 的 生气 起来  那个 后果 真的 是 会 挺 危险 的 
但是 即便 是 这样  她 还 是 慢慢 地 在 接近 那些 野生 大象  观察 了 很多  大象 的 习惯 她 慢慢 都 了解 了 
结语  采集 人  周灵 茵 正文  解说  今年 刚刚 20 出头 的 张丹  张昊 在 国家 花样 滑冰 队里 排行 老三  在 赛场 上 冲劲 十足 的 他们 和 大多数 体育 明星 一样  踏上 冰刀 也 是 个 无意 的 过程 
张丹  我 是 六 岁 开始 学 的 滑冰 
张昊  我 是 四 岁 开始 学 的 滑冰 
张丹  我 当时 是 因为 妈妈 比较 喜欢 看 花样 滑冰  觉得 很 美  然后 就 把 我 送 去 锻炼 锻炼 
张昊  我 当时 比较 顽皮 嘛  所以 说 我 的 父母 就 把 我 送 到 哈尔滨市 道里区 花样 滑冰 队 
解说  和 他们 的 师兄 师姐 相比  张丹 和 张昊 是 幸运 的  从 拉手 开始  他们 就 得到 了 姚滨 教练 的 悉心 教导 
因为 有 良好 的 基础  他们 的 成长 也 显得 特别 迅速 
在 他们 拉 手 仅仅 10 个 月 的 时候  他们 就 获得 了 第一 个 冠军 -- 世界 青少年 大奖赛 冠军 
此后 两 个 人 被 留 在 了 国家队  离开 家乡 哈尔滨 来 到 首都 北京  当时 张 丹 十三 岁  张昊 十四 岁 
鲁豫  那 是 第一 次 离 家 很 远 吗 
哭鼻子 吗 
张丹  哭 了 一 年 
鲁豫  我 的 天 啊  坚持 一 天 哭 很 简单  坚持 一 年 就 很 难  是 每天 都 哭 吗 
张丹  每天 给 家里 打电话 的 时候 都 会 哭  因为 有的 时候 不 打电话 的 时候 可能 还 不 会 想到 家里  因为 都 是 在 训练 嘛  很 辛苦  但是 一 打电话 跟 妈妈 说 的 时候  就 觉得 哎呀  我 在 北京 没有 家 人 啊  就 特别 特别 想 家 
鲁豫  张昊 呢  好 一点儿 吧 
张昊  因为 我 是 六 岁 就 开始 住 市里 体校 了  我们 刚 开始 是 20 多 个 人 在 一个 集体 宿舍 里 住  当时 还 小 嘛  也 想不到 家里 怎么 怎么 地  但 来到 北京 之后 就 不 一样 了  因为 是 感觉 就 像 我 俩 似的  没有 任何 亲人 在 北京  谁 都 不 认识  感觉 初来乍到 的  心里 也 非常 难受 
鲁豫  两 个 人 开始 搭档 是 到 北京 以后 吗 
张丹  可能 在 哈尔滨 练 了 有 大概 不 到 一 年 吧  然后 来 的 北京 
鲁豫  一 开始 在 一起 拉 手 就 有 那 种 默契 的 感觉 吗 
会 不 会 心里 有 个 声音 告诉 我  跟 这个 人 搭档 可能 挺 合适 
张丹  当时 会 有 一些  但 是 因为 当时 都 不 认识 嘛  所以 看到 他 的 时候  就 觉得 我 和 这个 男 孩儿 滑  以后 真 的 会 有 很 好 的 成绩 或者 事业 吗  当时 自己 也 有 这种 疑问 
鲁豫  你 有 这种 疑问 吗 
张昊  应该 说 她 比较 小 嘛  我 根本 就 不 认识 她  就是 我们 在 一起 天 天 是 训练 啊  我 属于 专业队  她 属于 业余 的  都 不 认识  反正 也 没 想到 能 拿 什么 成绩  刚 开始 
鲁豫  他们 训练 有 多 苦 啊  丹丹 曾经 说 过  说 是 从 1998年 开始 到 现在  她 回家 的 时间 加 起来 可能 也 就 一个 月 左右 
所以 我们 说 少年 不知 愁 滋味 啊  或者 说 年纪 很 小 的 人 可能 也 没有 吃 过 什么 苦  就 像 他们 在 80 年代 出生 的 人 
但是 丹丹 啊  张昊 啊 他们 真的 不 是 这样  他们 吃 了 很多 的 苦  因为 竞技 比赛 就 是 这样  场上 的 一 分钟 可能 背后 是 很 长 很 长 时间 特别 艰辛 的 付出 
解说  只要 是 体育运动 就 存在 着 危险  花样 滑冰 也 不 例外  这 虽然 是 一个 表演性 和 观赏性 很 强 的 体育 项目  但 那些 高速 的 旋转  托举 和 抛 跳 统统 都 是 在 锋利 而 狭窄 的 冰刀 上  在 光滑 如 镜 的 冰面 上 完成 的  运动员 只要 摔倒 就 有 可能 出现 危险  而 摔倒 是 花样 滑冰 的 家常便饭 
曾经 有 人 问 已经 从事 滑冰 18 年 的 张丹 和 张昊 究竟 摔 了 多少 个 跟头  他们 的 回答 一定 是 无数 
鲁豫  肯定 没 人 算 过 吧  说 我 摔 过 多少 个 跟头 
