江南 春  其实 都 是 道听途说 了  我 觉得 准确 不 准确 我 不 知道  但是 至少 你 被 这个 在 我 觉得 如果 你 能够 被 在 一些 女生 寝室 里 成为 被 不断 谈论 的 对象  无论是 好坏 都 是 件 特别 令 自己 觉得 骄傲 的 事情 ． 陈鲁豫  那 这个 时候 有 女 生来 追 你 吗 主动 的 
江南 春  也 有 一些 吧 我 觉得 我 觉得 就是说 主动 来 追 我  我 基本 都 不 敢 见 

陈鲁豫  为什么 
江南 春  基本上 美女 的 居 少  陈鲁豫  恐龙 比较 多 
江南 春  对 对 对 
我 比较 喜欢 主动 出击 型 的 我 对 於 这种 人家 来 找 我 这 件 事情 我 觉得 就 有 一点  有点 不 太 容易 接受  我 觉得 美女 应该 很 矜持  陈鲁豫  越 难 追 越 好 
江南 春  对 对 对  尤其 是 比如说 我 请 她 跳舞 请 了 十五 遍 请 不 起来  对方 请 了 另外 的 三十 几 个 男生 也 请 了 三十 几 遍 也 没 请 起来  那 是 我 基本上 喜欢 的 对象 
陈鲁豫  每个 人 可能 就 是 乍 富 的 时候 都 会 有 一 段 时间 稍微 迷失 一下 膨胀 的 时候 你 有 吗 
江南 春  这 倒 没有 
我 觉得 这边 突然 出现 的 时候 让 我 烧 到 高潮 的 时候  我 就 觉得 是 不 是 我 也 该 往 这 方面 我 就 觉得  他们 为什么 会 有 那么 多 钱 呢 
有 那么 多 钱 来 可以 供 我 烧  我 说 我 能 不能 也 去 设立 一个 网站  然后 也 把 这个 钱 吸 来 我 也 烧 一 烧 
然后 完 了 之后 我 当时 最 大 的 膨胀 就 是 差 一点 就 去 干 一个 网站 了 
陈鲁豫  你 的 第一 桶 金 是 怎么 赚 来 的 
江南 春  第一 桶 金 其实 还是 代理  也 没有 所谓 哪 一个 瞬间 突然 出现 那 我 做 代理 
第一 年 第二 年 还 是 做 得 比较 成功 的 
陈鲁豫  他 当时 据说 上海 的 IT 业 的 广告 95% 都 是 你们 代理 
江南 春  是 
我 大概 １ 996 年 开始 就 专攻 IT  那个 时候 IT 刚刚 起步 所以 我 把 我 的 广告 的 这个 精力 全部 放 在 为 IT 企业 做 广告 
那么 这样 的 话 越 做 越 多  当时 几乎 在 上海 和 华东 地区 处 於 基本 垄断 地位 
正文  二 宝  喂  喂  哎 哎 哎  不对  应该 是 说 大家 好 才 是 真 的 好 
说 到 此处 停 一 停  给 点 掌声 行 不 行 
啊  你 问 我 是 谁 呀 
我 是 手机 小 强  最近 我 很 忙  经常 有 小朋友 约 我 吃饭  大 朋友 跟 我 聊天  老朋友 跟 我 把 工作 谈  哎呀 都 得 陪  谁 让 我 是 名人 呢 
可是 又 有 谁 理解 我 呀 
其实 我 有 一 肚子 的 话 想 去 《 鲁豫 有 约 》 好好 聊聊  聊聊 工作  聊聊 生活  聊聊 她 为 啥 长 得 这么 漂亮 
哈哈  挂 了 吧  我 见到 鲁豫 姐姐 了 
鲁豫  乖  握 握手  我 还 用 介绍 吗 
他 的 声音 可能 大家 已经 特别 熟 了 啊  我 相信 很多 的 人 的 手机 里面 现在 可能 还 用 着 或者 以前 用 过  手机 小 强 
来  跟 大家 再 鞠 个 躬  打 个 招呼 
二宝  大家 好 
鲁豫  你 给 大家 自我 介绍 一下  你 不 叫 小强  你 叫 什么 
二宝  我 真 名字 叫  我 真 的 名字 叫 那个  有 两 个 名字  艺 名叫 二宝  然后 那个 真 名叫 邢世杰  属 大 龙 的 
鲁豫  为什么 叫 二 宝 呢 
大宝 是 谁 
二宝  大宝 是 我 哥 
鲁豫  现在 有 人 管 你 叫 小强 还 是 管 你 叫 二宝 啊 
二 宝  在 彩铃 公司 的 时候 一般 都 叫 小强 
鲁豫  你 喜欢 哪个 名 啊 
二宝  我 喜欢 小 强 这 名  因为 我 觉得 小 强 很 好 玩 
鲁豫  刚才 那个 彩 铃 他们 给 你 现 编 的 是 吗 
你 背 半 天 了 吧 
二宝  对 啊 
鲁豫  今天 我们 这 话题 呢 跟 彩铃 有关  我 想 可能 很 多 朋友 那 手机 里面 都 用 了 彩 铃 了 啊  手机 小 强 是 我们 特别 喜欢 的 一个 
今天 请 到 二 宝  小 强  就 来 聊聊 他 跟 彩铃 的 故事 
解说  今年 年 仅 五 岁 的 手机 小 强 本名 邢世杰  因 在 家中 排行 老二  被 家 人 爱 称为 二 宝  现 在 北京 的 一 所 幼儿园 上 中班 
二 宝 超群 的 表演 天赋 在 他 很 小 的 时候 就 已经 显现 
二宝 的 妈妈 陈晓枫  我们 第一 次 发现 他 表现 欲 特 强 的 时候 就 是 在 一 岁 多 刚 会 走路 那会儿  我 带 他 去 商场  正好 商场 那个 家电 部 放 音乐  那种 音乐 节奏感 挺 强 的  然后 他 随着 那 音乐 就 跳  手舞足蹈 的 
解说  对于 二 宝 随心所欲 的 表现  爸爸 妈妈 并 没有 阻止 和 反对  而是 任 其 喜好 自由 发展 
但是  二 宝 如此 自由 的 举止 却 在 幼儿园 里 遭遇 了 老师 的 惩罚 
鲁豫  听说 二 宝 在 幼儿园 里面 挨 罚 是 吗 
二宝  啊 
鲁豫  为什么 挨 罚 
二宝  是 这样 的  我 挨 罚 就是 我 一旦 犯 什么 错误  然后 老师 就 让 我 在 走廊 里 头 站 着 
然后 也 别 想 吃 饭  今天 晚上 就 留 在 学校 
鲁豫  天 呐  有点 控诉会 的 意思 啊 
那 阿姨 想 知道  你 为什么 就 被 老师 让 在 走廊 里面 站 着 了  你 做 什么 了 
二宝  我 打 人 
鲁豫  你 为什么 打 人 呢 
你 打 谁 了 
是 你们 班 的 同学 吗 
二宝  哎呀  当时 那个 我 就 没 打 人 
鲁豫  你 到 底 打 没 打 
一会儿 打  一会儿 没 打  有 准 没准 
二宝  哎呀  我 是 说 在 我们 小区 的 学校 里头  然后 我 就 打 了 
