是 超级 女声  不管 网上 怎么 评论 媒体 怎么 评论  都 无庸 置 疑 它 的 火爆 的 程度  可能 小 到 3  4 岁 的 小孩  老 到 七八十 岁 的 老爷爷 老奶奶  都 从 超级 女声 当中 找到 自己 特别 喜欢 的 那个 超女 
画外音  2005年 2月 25日  湖南 卫视 官方 网站 发布 即将 启动 2005年 超级 女声 想 唱 就 唱  3月 8日 第二 届 超级 女声 报名 流程 见 诸 网络 
2 天 之后 的 3月 10日  2005 超级 女声 的 想 唱 就 唱 在 广州 揭幕  广州 唱 区 随即 正式 启动 报名 工作  而 早 在 一 周 之前 的 3月 5日  长沙 唱 区 的 报名 就 已经 全面 展开 
这个 不 限 年龄  不 限 唱法  不 限 外 型 的 全民 性 唱歌 比赛  在 第一 阶段 比赛 的 广州 及 长沙 唱 区 报名 人数 便 超过 2万 人 之 多 
2005年 5月 14日  2005 超级 女声 想 唱 就 唱 启动 第二 阶段  包括 成都 唱 区 在内 的 另外 三 大 唱 区 比赛 的 报名 工作  这 一 次  三 个 唱 区 报名 人数 之和 竟 超过 13万 人 之 多  仅 成都 唱 区 报名 人数 就 有 4万 人  而 最终 在 2005 超级 女声 想 唱 就 唱 夺冠 的 李宇春 便 出自 成都 唱 区 
2005年 5月 15日  还 是 四川 音乐 学院 大 三 学生 的 李宇春 来 到 了 位于 成都 熊猫 城 的 超级 女声 报名 现场 
鲁豫  你 为什么 第一 届 没有 去 报名 参加 呢 
李宇春  当时 参加 全国 校园 歌手 比赛  所以 错过 
鲁豫  你 当 时 去 现场 看 了 吗 
李宇春  第一 届 的 时候  最后 一 天 去 的 时候 已经 报名 结束 了 
鲁豫  你 本来 想 过 要 参加 第一 次 
李宇春  对  没 赶得及 
鲁豫  你 当时 觉得 遗憾 吗 
李宇春  不 遗憾 
鲁豫  为什么 
李宇春  因为 我 去 参加 其他 比赛 啦  都 是 参加 比赛 嘛 
鲁豫  那 个 比赛 你 得 奖 了 吗 
李宇春  得 了 一个 特别奖 
鲁豫  特别奖 是 比 一等奖 还 要 好 的 吗 
李宇春  不 是 
鲁豫  有 什么 奖品 吗 那个 
李宇春  奖状 
鲁豫  上面 写 着 奖 给 李宇春 同学 以 资 鼓励 
李宇春  对 呀 
鲁豫  当时 你 没有 那种 感觉 吗 
就 这个 比赛 我 应该 去 参加  参加 以后 可能 我 的 生活 会 不 一样  没有 那种 预感 吗 
李宇春  没有 
鲁豫  那 第二 届 是 什么 又 促使 要 报名 
李宇春  听说 了 以后 同学 也 在 说 去 报名  然后 妈妈 也 想 我 去  所以 后来 就 去 看看 啦 
看 的 时候 什么 东西 都 没有 带  就 是 需要 的 证件 还有 照片 都 没有 带 
鲁豫  是 那种 人山人海 几万 人 的 现场 吗 
李宇春  对  感觉 那 条 街 快 被 压 断 了 
鲁豫  人 很 多 
李宇春  无法 估量 
鲁豫  当时 要是 我 的 话  可能 看到 这么 多 人  可能 想 算 了 吧  你 当时 有 这个 念头 吗 
李宇春  我 是 这样 想 的 
鲁豫  关键 的 时候 是 谁 那么 英明 的 把 你 给 拦住  说 你 不 能 走  谁 
观众  何洁 
鲁豫  进 里面 唱歌 的 时候 是 挺 兴奋 的  哎呀 终于 到 我 了  我 要 给 你们 好 好 的 秀 一 秀 我 的 歌艺  还是 想 算 了  我 赶紧 唱 完 我 走 了  太 烦 了 
李宇春  赶紧 唱 完 走 吧  因为 里面 很 吵  然后 是 一个 小 的 隔 开 的  里面 坐 一个 评委  那 是 第一 关  还 不 是 海 选 
鲁豫  这 还 不 是 海 选 呢 
李宇春  对 在 海 选 之前 有 两 关 面试  那个 地方 只用 唱 几 句  所以 我 觉得 有 很多 人 可能 就 因此 被 刷 掉 了 
鲁豫  因为 没 办法 人 太 多  你 当时 唱 了 几 句 就 让 你 进去 了 
李宇春  还 没有 到 副 歌  可能 就 4  5 句 吧  然后 就 盖 了 一个 章  说 你 什么 时候 到 哪个 地方 进行 海 选 
鲁豫  这时候 同学 之间 是 不 是 已经 互相 在 传 了  就 是 很多 人 都 已经 报名 了 
李宇春  对 呀 
鲁豫  当时 大家 在 一起 聊 的 时候  一边 等 一 边 聊 嘛  有 没 有 说 过 你 可能 进入 什么 什么 名次  你 可能 得 什么 什么 名次  互相 之间 说 过 吗 
李宇春  在 之前 跟 同学 聊 过  就是说 海选 很 难  如果 海 选 过 的 话 应该 还 比较 有 希望 能够 往 前 走  如果 海选 没有 过 的 话  那 就 





鲁豫  很多 人 说 这个 比赛 规则 从 海 选 开始 特别 残酷  有的 人 可能 张嘴 刚 唱 几 秒 钟 就 被 给 刷 下去 了  现在 我们 都 知道 李宇春 海选 的 时候 唱 的 是 什么 歌 
观众  我 的 心里 只 有 你 没 有 他 鲁 豫  对  她 可能 唱 了 大概 有 20 几 秒 吧  还 随意 的 做 了 几 个 动作 就 过 了  那么 她 唱 的 这 首 歌 到 最后 总 决赛 拿 到 冠军 的 时候  也 唱 的 这 首 歌 






结语  采集 人  周灵 茵 李宇春  不 遗憾 
鲁豫  为什么 
李宇春  因为 我 去 参加 其他 比赛 啦  都 是 参加 比赛 嘛 
鲁豫  那 个 比赛 你 得 奖 了 吗 
李宇春  得 了 一个 特别奖 
鲁豫  特别奖 是 比 一等奖 还 要 好 的 吗 
李宇春  不 是 
鲁豫  有 什么 奖品 吗 那个 
李宇春  奖状 
鲁豫  上面 写 着 奖 给 李宇春 同学 以 资 鼓励 
李宇春  对 呀 
鲁豫  当时 你 没有 那种 感觉 吗 
就 这个 比赛 我 应该 去 参加  参加 以后 可能 我 的 生活 会 不 一样  没有 那种 预感 吗 
李宇春  没有 
鲁豫  那 第二 届 是 什么 又 促使 要 报名 
李宇春  听说 了 以后 同学 也 在 说 去 报名  然后 妈妈 也 想 我 去  所以 后来 就 去 看看 啦 
