20分钟/t后/f所有/b的/ude1语文/n阅读/v测试题/n都/d上交/v，/wd5/f位/q主/ag试/v马上/d在/p教室/n批阅/v试卷/n并/cc计算/vn分数/n，/wd被/pbei试/v在/p教室/n一边/d看/v书/n，/wd一边/d等待/v测试/vn结果/n。/wj
但/c实际上/d5/f位/q主/ag试/v并/cc没有/d批阅/v试卷/n，/wd而/cc只是/d在/p每/rz位/q被/pbei试/v的/ude1成绩单/n上/f写/v上/vf他们/rr的/ude1成绩/n及/cc小组/n名次/n。/wj
30分钟/t后/f，/wd主/ag试/v告诉/v被/pbei试/v，/wd所有/b的/ude1试卷/n都/d已经/d批阅/v完成/v，/wd且/c已经/d计算/v出/vf每/rz个/q小组/n的/ude1小组/n成绩/n。/wj
为了/p诱发/v被/pbei试/v的/ude1消极/a情绪/n，/wd每/rz位/q被/pbei试/v看到/v自己/rr的/ude1成绩/n是/vshi30分/t，/wd而/cc小组/n内/f其他/rzv两/m位/q成员/n的/ude1成绩/n分别/d为/p96分/t和/cc95分/t，/wd小组/n的/ude1总成绩/n为/p全班/n倒数/v第一/m名/q。/wj
被/pbei试/v被/pbei逐个/d邀请/v到/v主/ag试/v处/n查看/v自己/rr的/ude1成绩/n、/wn小组/n成员/n的/ude1成绩/n及/cc小组/n的/ude1名次/n。/wj
然后/c询问/v被/pbei试/v以下/f三/m个/q问题/n:/x(/wkz1/a)/wky看到/v这个/rz考试/vn结果/n，/wd你/rr现在/t的/ude1心情/n是/vshi什么/ry?/ww
(/wkz2/b)/wky为什么/ryv你/rr会/v有/vyou这样/rzv的/ude1心情/n?/ww
(/wkz3/n)/wky你/rr接下来/vl打算/v怎么/ryv做/v?/ww
根据/p内疚/a的/ude1定义/n，/wd在/p本/rz研究/vn中/f将/d内疚/a分为/v三/m个/q层次/n，/wd在/p第一/m个/q问题/n中/f回答/v难/a过/uguo、/wn后悔/v或/c内疚/a，/wd则/c表明/v被/pbei试/v达到/v内疚/a的/ude1第一/m层次/n;/wf在/p第一/m个/q问题/n中/f回答/v难/a过/uguo、/wn后悔/v或/c内疚/a，/wd并/cc在/p第二/m个/q问题/n中/f回答/v责任/n定向/b，/wd则/c表明/v被/pbei试/v达到/v内疚/a的/ude1第二/m层次/n;/wf在/p第一/m个/q问题/n中/f回答/v难/a过/uguo、/wn后悔/v或/c内疚/a，/wd并/cc在/p第二/m个/q问题/n中/f回答/v责任/n定向/b，/wd同时/c在/p第三/m个/q问题/n中/f回答/v弥补/v或/c改正/v行为/n，/wd则/c表明/v被/pbei试/v达到/v内疚/a的/ude1第三/m层次/n。/wj
2．/m2．/m3．/m2/n亲/ng社会/n行为/n调查/v询问/v被/pbei试/v，/wd我们/rr接下来/vl要/v做/v一个/mq研究/vn，/wd需要/v一些/mq研究/vn材料/n，/wd给/v被/pbei试/v呈现/v亲/a社会/n行为/n问卷/n，/wd询问/v被/pbei试/v是否/v愿意/v帮忙/vi填写/v?/ww
如/c愿意/v，/wd进一步/d询问/v，/wd这个/rz问卷/n一/m共有/v三/m个/q部分/n，/wd他/rr愿意/v帮忙/vi完成/v几/m个/q部分/n?/ww
要求/n被/pbei试/v拿/v着/uzhe亲/a社会/n问卷/n到/v另/rz一个/mq教室/n填写/v，/wd不/d愿意/v的/ude1被/pbei试/v也/d需/v到/v那个/rz教室/n看/v书/n，/wd直到/v所有/b被/pbei试/v都/d接受/v以上/f询问/v，/wd最后/f将/d亲/a社会/n问卷/n收回/v。/wj
因/p被/pbei试/v均/d被/pbei30分/t的/ude1考试/vn成绩/n诱发/v出/vf消极/a情绪/n，/wd316/m心理/n科学/ad为/v消除/v这/rzv次/qv实验/vn带来/v的/ude1不良/a情绪/n，/wd实验/v结束/v后/f，/wd立刻/d向/p被/pbei试/v解释/vn实验/vn安排/vn和/cc目的/n，/wd对于/p给/p他们/rr带来/v了/ule消极/a情绪/n表示/v抱歉/an，/wd请求/v他们/rr原谅/v，/wd并/cc给予/vx小/a礼物/n。/wj
控制组/n只/d接受/v亲/a社会/n行为/n问卷/n的/ude1调查/vn。/wj
2．/m2．/m4/a编码/n过程/n由于/c对/p内疚/a的/ude1测量/vn采用/v的/ude1是/vshi开放式/b问题/n，/wd需要/v先/d对/p被/pbei试/v的/ude1回答/vn进行/vx编码/vn。/wj
编码/n的/ude1程序/n如下/vi:/x先/d请/v两/m位/q不/d熟悉/v本/rz实验/vn研究/vn目的/n的/ude1心理/n学/v专业/n学生/n对/p被/pbei试/v的/ude1回答/vn进行/vx分类/vn，/wd同时/c列出/v不同/a类别/n的/ude1标准/n，/wd再/d另外/c请/v两/m位/q不/d熟悉/v本/rz研究/vn目的/n的/ude1心理/n学/v专业/n学生/n，/wd根据/p分类标准/n对/p被/pbei试/v的/ude1答/v案/x进行/vx编码/vn，/wd两/m人/n编码/n的/ude1一致性/n系数/n达到/v．/w964/m。/wj
最后/f请/v两/m人/n对/p彼此/rr不/d一致/a的/ude1编码/n进行/vx讨论/vn，/wd达成/v一致/a的/ude1意见/n。/wj
根据/p以上/f的/ude1编码程序/n，/wd以及/cc以往/t研究/v中/f采用/v的/ude1情绪/n归/v因/p的/ude1类别/n(/wkzWiersmaetal/x．/w，/wd2000/m;/wfArsenioetal/x．/w，/wd1992/m;/wfLourenco/x，/wd1997/m)/wky，/wd将/p情绪/n归/v因/p分为/v六/m类/q:/x(/wkz1/a)/wky结果/n定向/d———/wp根据/p行为/n产生/v的/ude1结果/n，/wd如/v:/x“/wyz考试/vi得/v了/ule30分/t。/wj
”/wyy(/wkz2/b)/wky道德/n定向/d———/wp根据/p行为/n者/k对/p道德/n准则/n的/ude1坚持/v或/c偏离/v，/wd如/v:/x“/wyz不/d应该/v考/v得/ude3那么/rz低/a。/wj
”/wyy(/wkz3/n)/wky奖惩/n定向/d———/wp根据/p行为/n者/k可能/v存在/v的/ude1外部/f奖惩/n，/wd如/v:/x“/wyz老师/n会/v批评/v我/rr的/ude1。/wj
”/wyy(/wkz4/ng)/wky责任/n定向/d———/wp根据/p行为/n者/k或/c他人/rr应/v承担/v的/ude1责任/n，/wd如/v:/x“/wyz是/vshi我/rr自己/rr没有/d考/v好/a，/wd拖/v了/ule小组/n的/ude1后腿/n”/wyy。/wj
(/wkz5/b)/wky无效/vi回答/v———/wp回答/v“/wyz不/d知道/v”/wyy或/c说/v与/cc实验/vn无关/v的/ude1事/n。/wj
采用/v以上/f的/ude1编码程序/n对/p后/f继/vg行为/n的/ude1推理/vn进行/vx编码/vn，/wd分为/v以下/f三/m类/q:/x(/wkz1/a)/wky逃避/v或/c负/v性行为/n———/wp个体/n在/p不良/a后果/n发生/v后/f采取/v逃避/v行为/n或/c继续/v采取/v不/d正确/a的/ude1行为/n，/wd如/c不/d看/v考试/vn成绩/n;/wf(/wkz2/b)/wky弥补/v或/c改正/v行为/n———/wp个体/n在/p不良/a后果/n发生/v后/f采取/v弥补/v行为/n，/wd或/c纠正/v自己/rr的/ude1不良/a行为/n，/wd如/v以后/f努力/ad学习/v，/wd争取/v考/v出/vf好/a成绩/n;/wf(/wkz3/n)/wky无效/vi回答/v，/wd如/c不/d知道/v或/c与/p问题/n无关/v的/ude1回答/vn。/wj
2．/m3/n结果/n分析/v由于/p所有/b的/ude1变量/n在/p性别/n之间/f均/d无/v显/v著/uzhe性/n差异/n，/wd因此/c以下/f的/ude1数据/n分析/vn均/d不/d统计/v性别/n差异/n。/wj
2．/m3．/m1/a对/p儿童/n亲/ng社会/n行为/n的/ude1分析/vn对/p儿童/n亲/ng社会/n行为/n进行/vx分析/vn，/wd结果/d见/v表/vg1/a。/wj
表/n1/a儿童/n亲/ng社会/n行为/n的/ude1平均数/n和/cc标准差/n从/p表/n1/a的/ude1数据/n可以/v发现/v，/wd5年/m级/q学生/n的/ude1亲/a社会/n行为/n分数/n并/cc不/d高/a，/wd不管/c是/vshi承诺/v的/ude1亲/a社会/n行为/n还/d是/vshi实际/ad实施/v的/ude1亲/a社会/n行为/n，/wd总分/n都/d为/v3/n，/wd但/c两者/rzv实际/a的/ude1分数/n均/d不/d超过/v2/n。/wj
这/rzv表明/v5年/m级/q学生/n的/ude1亲/a社会/n行为/n倾向/n并/cc不/d明显/a。/wj
不管/c是/vshi情绪/n诱发/v组/n还/d是/vshi控制组/n，/wd5年/m级/q学生/n承诺/vn的/ude1亲/a社会/n行为/n与/cc实际/n实施/v的/ude1亲/a社会/n行为/n的/ude1相关/vn均/d达到/v显/v著/uzhe水平/n。/wj
对/p情绪/n诱发/v组/n与/cc控制组/n的/ude1亲/a社会/n行为/n进行/vx比较/vn后/f发现/v，/wd不管/c是/vshi承诺/v的/ude1亲/a社会/n行为/n还/d是/vshi实际/ad实施/v的/ude1亲/a社会/n行为/n，/wd两/m组/q学生/n之间/f均/d不/d存在/v显/v著/uzhe性/n差异/n，/wd为何/ryv会/v出现/v这样/rzv的/ude1结果/n?/ww
难道/d是/vshi5年/m级/q小学生/n的/ude1内疚/a情绪/n不/d能/v促进/v其/rz亲/ng社会/n行为/n水平/n的/ude1提高/vn?/ww
还是/c在/p本/rz研究/vn中/f，/wd现场/s设置/v的/ude1情景/n不/d能/v诱发/v5年/m级/q小学生/n的/ude1内疚/a情绪/n?/ww
为此/bl，/wd我们/rr又/d进一步/d分析/v了/ule情绪/n诱发/v组/n在/p得知/v由于/c自己/rr的/ude1成绩/n低下/an导致/v团体/n名次/n低下/a时/ng的/ude1情绪/n状态/n。/wj
2．/m3．/m2/n对/p儿童/n情绪/n状态/n的/ude1分析/vn我们/rr在/p研究/vn过程/n中/f曾/d询问/v儿童/n当时/t情绪/n状态/n的/ude1问题/n，/wd为了/p确定/v现场/s情景/n中/b儿童/n的/ude1情绪/n状态/n、/wn情绪/n归/v因/p及/cc后/f继/vg行为/n，/wd对/p其/rz回答/v进行/vx统计/vn，/wd结果/d发现/v，/wd所有/b学生/n都/d报告/v当时/t比较/d难/a过/uguo，/wd这/rzv表明/v情绪/n诱发/v组/n的/ude1小学生/n在/p当时/t设置/v的/ude1情景/n中/f已经/d被/pbei成功/ad诱发/v情绪/n，/wd但/c被/pbei诱发/v的/ude1究竟/d是/vshi不/d是/vshi内疚/a情绪/n?/ww
