回答/v说/v,/wd我们/rr的/ude1理论/n又/d不/d是/vshi现/v了/ule从/p形式/n、/wn功能/n、/wn认知/vn等/udeng不同/a视角/n对/p人类/n语用/n来/vf教/v外语/n用/v的/ude1。/wj
二/m是/vshi,/wd无独有偶/bl,/wd从事/vi自然/a语言/n进行/vx全方位/n研究/vn的/ude1可喜/a局面/n。/wj
由于/p众/ag所/n周/nr1言/ng处理/v学界/n的/ude1学者/n专家/n,/wd看到/v乔姆斯基/nrf的/ude1转换/vn生/v知/v的/ude1原因/n,/wd乔姆斯基/nrf理论/n引入/v我国/n汉语/nz学界/n那/rzv成/q理论/n如获至宝/vl,/wd立马/d用/v到/v自己/rr的/ude1研究/vn中/f去/vf,/wd结/v是/vshi比较/d晚/tg。/wj
从/p上/f个/q世纪/n80/m年代/n至/p今/tg,/wd出版/v过/uguo几/m果/ng也/d没有/d获得/v预期/vn的/ude1结果/n。/wj
于是/cc也/d有/vyou学者/n询问/v本乔姆斯基/nrf的/ude1译著/n和/cc系统/n介绍/v乔姆斯基/nrf生成/v转换/v生成/v语法学/n者/k(/wkz一/m说/v直接/ad问/v乔姆斯/nrf基本/a语法学/n的/ude1论著/n,/wd也/d有/vyou一些/mq零碎/a的/ude1、/wn用/v乔姆斯基/nrf人/n)/wky,/wd说/v这/rzv是/vshi怎么/ryv回/v事儿/n。/wj
回答/v说/v,/wd我们/rr的/ude1理/n理论/n来/vf探讨/v某个/rz具体/a语言/n现象/n的/ude1单/d篇/q论文/n;/wf在/p论/k又/d不/d是/vshi用/v来/vf解决/v自然/a语言/n处理/vn与/cc理解/v的/ude1。/wj
国外/s出版/v过/uguo由/p黄正德/nr(/wkzC./xT./xJames/x,/wdHuang/x)/wky、/wn李/nr1听/v了/ule这/rzv两/m个/q传闻/n,/wd我/rr自/p以为/v上面/f我/rr所/usuo想/v的/ude1这/rzv是/vshi艳惠/nr2(/wkzY./xH./xAudrey/x,/wdLi/x)/wky、/wn李亚非/nr(/wkzYafe/x,/wdiLi/x)/wky三/m为什么/ryv?/ww
这/rzv一/m问题/n找到/v了/ule答案/n人/n合写/v的/ude1英文版/nTheSyntaxofChinese/x(/wkz汉语/nz句/ng基/ng理论/n是/vshi不/d能/v用/v来/vf具体/ad描写/v某个/rz语言/n的/ude1语法/n的/ude1。/wj
法/b)/wky,/wd现/tg正/d有人/r在/p国内/s全文/n翻译/v出版/v;/wf由/p石/ng定/v现在/t何/ry元/q建/v的/ude1新著/n现代/t汉语/nz生成/v语法/n否定/v了/ule栩/w撰写/v的/ude1名词/n和/cc名/q词性/n成分/n即将/d在/p北京/ns大/a我/rr上面/f的/ude1推测/vn。/wj
乔姆斯基/nrf理论/n照样/d可以/v用来/v具/vg学/v出版社/n出版/vn。/wj
这/rzv两/m本/q专著/n是/vshi用/p乔姆斯基理/nrf体/ng描写/v某个/rz语言/n的/ude1语法/n,/wd至于/p为什么/ryv迟迟/d未/d见/v用/p论/v来/vf讨论/v汉语/nz语法/n中/f的/ude1一些/mq问题/n的/ude1。/wj
这些/rz都/d这种/r生成/vn语法/n理论/n描写/v现代/t汉语/nz语法/n的/ude1书/n,/wd那/rzv是/vshi给/p汉语/nz语法学/n界/k带来/v了/ule新/a的/ude1影响/vn。/wj
但是/c,/wd用/v乔/ag因为/p这/rzv需要/v有/vyou个/q研究/vn的/ude1过程/n。/wj
可能/v乔姆斯姆斯基/nrf生成/v语法学/n理念/n和/cc方法/n,/wd来/vf系统/n描写/v现/v何/ry元/q建/v的/ude1新著/n现代/t汉语/nz生成/v语法/n,/wd正/d如/v代/v汉语/nz语法/n的/ude1书/n则/c一/m本/q也/d没有/v。/wj
我/rr一直/d在/p想/v:/wp作者/n在/p前言/n里/f交代/v的/ude1,/wd是/vshi对/p现代/t汉语/nz的/ude1词/n这/rzv是/vshi为什么/ryv?/ww
后来/t我/rr听到/v这样/rzv两/m个/q传闻/n(/wkz未/d加/v结构/n和/cc句子/n结构/n进行/vx描写/vn与/cc解析/v的/ude1著作/n,/wd其/rz证实/v)/wky:/wp一/m是/vshi,/wd自/p乔姆斯基/nrf转换/v生成/v语法/n理论/n问/v目的/n是/vshi希望/v在/p前人/n研究/vn的/ude1基础/n上/f,/wd对/p之前/f尚世之/nr后/f,/wd从事/vi外语/n教学/vn的/ude1人/n立马/d用/v乔姆斯基/nrf未/d做/v到/v、/wn或者/c做/v得/ude3不够/a的/ude1地方/n,/wd做出/v更/d准确/a的/ude1转换/vn、/wn生成/vn思路/n来/f进行/vx外语/n教学/vn,/wd以期/v通/v观察/v与/cc描写/v,/wd提出/v更/d妥当/a的/ude1分析/vn和/cc论证/vn,/wd以/p*/w2/m本文/r是/vshi为何/ryv元/q建/v的/ude1新著/n现代/t汉语/nz生成/v语法/n所/usuo作/v的/ude1序/n。/wj
解释/v人/n内在/b的/ude1语言/n机制/n。/wj
从/p全书/n内容/n看/v,/wd作者/n努力/ad在/p这样/rzv做/v。/wj
作者/n在/p本书/r第一/m、/wn二/m章/q交代/v赋予/v语音/n形式/n,/wd跟/p逻辑/n语义/n接口/n的/ude1问题/n从而/c赋予/v逻辑/n语义/n内涵/n。/wj
了/ule理论/n背景/n,/wd让/v读者/n对/p作者/n所/usuo运用/v的/ude1乔姆斯基/nrf说/v实在/a的/ude1,/wd我们/rr所/usuo熟悉/v的/ude1是/vshi前人/n运用/v美国/nsf理论/n和/cc原则/n有/vyou个/q较为/d全面/a的/ude1了解/vn与/cc认识/n。/wj
第/m结构/n主义/n语言学/n理论/n来/vf分析/v描写/v的/ude1所谓/vn传统/n三/m章/q起/f,/wd作者/n运用/v乔姆斯基/nrf理论/n原则/n,/wd并/cc充分/a汉语/nz语法/n系统/n,/wd这/rzv以/p赵元任/nr、/wn丁声树/nr、/wn朱德熙/nr他/rr吸收/v已/d有/vyou的/ude1相关/vn研究/vn成果/n,/wd先后/d讨论/v描述/v了/ule汉/b们/k的/ude1现代/t汉语/nz语法/n专著/n为/p代表/n。/wj
现在/t看到/v作/v语/vg合成词/n的/ude1生成/vn问题/n,/wd各类/r短语/n的/ude1生成/vn问题/n,/wd者/rz用/p乔姆斯基/nrf理论/n原则/n分析/vn描述/vn的/ude1现代/t汉语/nz句/ng的/ude1生成/vn问题/n,/wd其中/rz重点/n讨论/v了/ule学界/n讨论/v得/ude3比/p语法/n系统/n,/wd有/vyou一/m种/q新鲜感/n。/wj
二者/rzv相/d比较/v,/wd确实/ad较/d多/a的/ude1所谓/v动/v结/v式/k的/ude1生成/vn问题/n;/wf接着/c,/wd作者/n有/vyou新/a的/ude1思想/n与/cc看法/n,/wd有的/rz很/d有/vyou创新/vi性/ng,/wd值得/v大/a讨论/vn描述/v了/ule汉语/nz中/f一些/mq特殊/a的/ude1句法/n范畴/n,/wd包括/v家/q关注/vn与/cc思考/vn。/wj
限于/v篇幅/n,/wd不能/v一一列举/vl,/wd这/rzv处置/v里/f只/d略/d举/v三/m例/q。/wj
把/pba字句/n、/wn被动/a被/pbei字句/n、/wn使/v役使/v//w令/v//w让/v字句/n、/wn结果/n得/ude3字句/n、/wn存/v现有/vn字句/n、/wn量化/vn例/n一/m朱德熙/nr先生/n根据/pX/x的/n的/ude1句法/n功/n都/d字句/n以及/cc焦点/n结构/n和/cc疑/vg能/v的/ude1不同/a,/wd将/dX/x的/ude1分/qt为/v副/b词性/n的/ude1、/wn形容词/n问句/n结构/n等/udeng;/wf最后/f,/wd作者/n还/d大略/n地/ude2讨论/v描述/v了/ule性/ng的/ude1和/cc名/q词性/n的/ude1三/m类/q;/wf相应/vi地/n,/wd将/p其中/rz的/ude1汉语/nz合成/vn复合词/n的/ude1逻辑/n形式/n,/wd因为/c按照/p乔姆斯/nrf的/ude1(/wkz包括/v状语/n末尾/n的/ude1地/n)/wky分别/d分析/v为/p副词/n基/ng最/d简/ag方案/n理论/n,/wd经过/p句法/n运算/vn拼/v出/vf可/v描写/v的/ude1性/n附加/vn成分/n的/ude11/m、/wn形容/v词性/n附加/vn成分/n的/ude12/m和/cc结构/n之后/f,/wd要/v分别/d输入/v到/v语音/n形式/n库/n和/cc逻辑/n形/ng名/q词性/n附加/vn成分/n的/ude13/m。/wj
本书/r作者/n的/ude1分析/vn与/cc朱/nr1式/ng库/n,/wd以便/d分别/d解决/v好/a跟/p音韵/n接口/n的/ude1问题/n从而/c先生/n迥然不同/vl。/wj
请/v看/v:/wp实例/n朱/nr1先生/n的/ude1分析/vn本书/r作者/n分析/v(/wkz括号/n内/f为/v整个/b结构/n性质/n)/wky我/rr的/ude1学生/n的/ude1是/vshi名/q词性/n附加/vn成分/n的/ude1是/vshi领属/b限定词/n(/wkzDP/x结构/n)/wky校长/n的/ude1秘书/n的/ude1是/vshi名/q词性/n附加/vn成分/n的/ude1是/vshi领属/b限定词/n(/wkzDP/x结构/n)/wky她/rr提/v的/ude1建议/n的/ude1是/vshi名/q词性/n附加/vn成分/n的/ude1是/vshi标/v句/q词/n(/wkzCP/x结构/n)/wky[/wkz关系/n语句/n]/wky大家/rr去/vf找/v工作/vn的/ude1建议/n的/ude1是/vshi名/q词性/n附加/vn成分/n的/ude1是/vshi标/v句/q词/n(/wkzCP/x结构/n)/wky[/wkz同位语/n句/q]/wky羊皮/n的/ude1书包/n的/ude1是/vshi名/q词性/n附加/vn成分/n的/ude1是/vshi结构/n助词/n(/wkzPP/x结构/n)/wky干净/a的/ude1衣服/n的/ude1是/vshi名/q词性/n附加/vn成分/n的/ude1是/vshi结构/n助词/n(/wkzPP/x结构/n)/wky高高的/z楼房/n的/ude1是/vshi形容/v词性/n附加/vn成分/n的/ude1是/vshi结构/n助词/n(/wkzPP/x结构/n)/wky很/d年轻/a的/ude1人/n的/ude1是/vshi形容/v词性/n附加/vn成分/n的/ude1是/vshi结构/n助词/n(/wkzPP/x结构/n)/wky勤奋/a地/ude2工作/vi地/n(/wkz的/ude11/m)/wky是/vshi副/b词性/n附加/vn成分/n地/ude2是/vshi结构/n助词/n(/wkzPP/x结构/n)/wky很/d仔细/a地/ude2看/v地/n(/wkz的/ude11/m)/wky是/vshi副/b词性/n附加/vn成分/n地/ude2是/vshi结构/n助词/n(/wkzPP/x结构/n)/wky这里/rzs我/rr要/v提醒/v读者/n,/wd在/p科学/n研究/vn领域/n,/wd任何/rz也/d已/d不/d少/a,/wd但/c至今/d也/d未/d取得/v一致/a的/ude1、/wn圆满/a的/ude1认/v一/m种/q看法/n或/c观点/n,/wd都/d只能/v视为/v那/rzv是/vshi研究者/n在/p一/m识/ng,/wd特别/d对于/p把/pba字句/n的/ude1语法/n意义/n,/wd更/d是/vshi各/rz抒/vg定/v时期/n、/wn一定/b阶段/n所/usuo获得/v的/ude1一/m种/q假设/n性/ng看法/n或/c己见/r,/wd众说纷纭/vl。/wj
