骨/ng相/d存/v夷/ag故/ng，/wd声音/n识/v汉/tg便/d。/wj
已/d忘/v回首/vi处/vi，/wd早/ad断/v向来/d船/n。/wj
”/wyy17万/m历/vg二十九/m年/qt，/wd利玛窦/nrf获准/v定居/v京师/n。/wj
他/rr仍然/d奉行/v上层/f路线/n，/wd以/p文会友/nr，/wd很多/m士大夫/n都/d成为/v利玛窦/nrf的/ude1门客/n。/wj
“/wyz士人/n视/vg与/p玛窦/nrf订/v交/ng为/v荣/ag。/wj
官吏/n陆续/d过/uguo访/v。/wj
所/usuo谈/v者/rz天文/n、/wn历/vg算/v、/wn地理/n等/udeng学/v。/wj
凡/d百/m问题/n悉/vg加/b讨论/vn。/wj
”/wyy18/m利玛窦/nrf的/ude1道德/n学问/n名誉/n京城/n。/wj
著名/a书法家/n张瑞图/nr与/p利玛窦/nrf交游/vi时/ng，/wd利玛窦/nrf以/p《/wkz畸/ng人/n十/m篇/q》/wky相/d赠/v，/wd张瑞/nr图/n赋诗/vi答谢/v。/wj
诗/n曰/vg：/wp“/wyz昔/tg我/rr游/v京师/n，/wd曾/d逢/v西泰氏/nrf。/wj
贻/vg我/rr十/m篇/q书/n，/wd名篇/n畸/ng人/n以/c。/wj
我/rr时/ng方/ng少年/n，/wd未/d省/v究/vg生死/n。/wj
徒/d作/v文字/n看/v，/wd有/vyou似/vg风/n过/uguo耳/y。/wj
及/cc兹/Rg既/d老大/a，/wd颇/d知/v惜/vg余/m齿/n。/wj
学问/n无/v所/usuo成/v，/wd深/d悲/ag年月/n驶/vg。/wj
取/v书/n再三/d读/v，/wd低/a徊/vg抽/v厥/rr旨/ng。/wj
始/vg知/v十/m篇/q中/f，/wd篇篇/q皆/d妙/a理/n。/wj
九/m原/d不/d可/v作/v，/wd胜友/nr2乃/v嗣/ng起/vf。/wj
著书/vi相/d羽翼/n，/wd河海/nz互/d原委/n。/wj
孟子/nr言/vg事/n天/qt，/wd孔圣言/nr克己/nr2。/wj
谁/ry谓/vg子/ng异邦/n，/wd立言乃/nr一揆/nr。/wj
方/d域/ng岂/d足/d论/v，/wd心理/n同/p者/k是/vshi。/wj
诗礼/nr2发/v冢/ng儒/ng，/wd操/v戈/ng出/vf弟子/n。/wj
口/n诵/vg圣贤/n言/ng，/wd心/n营/vg锥/ng刀/n鄙/ag。/wj
门/n墙/n谈/v奥/b间/f，/wd心/n咫/n千万/m里/q。/wj
”/wyy19/m诗/n中/f充分/ad表达/v了/ule对/p利玛窦/nrf道德/n学术/n的/ude1推崇/vn。/wj
徽/b人/n汪廷/nr讷/n于/p万历/nz三十三/m年/qt在/p京师/n会见/v利玛窦/nrf，/wd“/wyz手书/n订/v谱/ng题词/vi见/v赠/v”/wyy20/m，/wd《/wkz酬/vg利/n玛/nr1窦/nr1赠言/n》/wky中/f写/v到/v：/wp“/wyz西/f极/d有/vyou道/n者/k，/wd文/ng玄/a谈更雄/nr。/wj
非/b佛/n亦/d非/b老/a，/wd飘然/d自/p儒/ng风/n。/wj
”/wyy21/m利玛窦/nrf得到/v了/ule士大夫/n的/ude1广泛/ad接纳/v和/cc认同/vn，/wd“/wyz当时/t都/d中/b缙/n绅/n，/wd交/v许可/vn其/rz说/v。/wj
投/v刺/v交/v欢/a，/wd倒/d履/vg推/v重/a，/wd倾/vi一时/t名流/n”/wyy22/m，/wd“/wyz利氏/nrf完全/ad凭着/p自己/rr一个/mq人/n的/ude1道德/n学问/n，/wd来/vf打破/v我国/n士大夫/n的/ude1忌/v视/vg”/wyy23/m。/wj
传教士/n金/b尼/b阁/ng评论/n道/n：/wp“/wyz生活/vi在/p这样/rzv一个/mq人民/n聪明/a、/wn智慧/n的/ude1民族/n，/wd生活/vi在/p这样/rzv一个/mq把/pba外人/n统统/d视为/v蛮/d夷/ag的/ude1国度/n里/f，/wd利玛窦/nrf有/vyou如此/rzv之/uzhi高/a的/ude1声望/n，/wd这/rzv是/vshi历史/n上/f所/usuo没有/v过/uguo的/ude1，/wd也/d是/vshi不/d可能/v的/ude1。/wj
”/wyy24/m士大夫/n的/ude1赋诗/vi，/wd以/p别样/r的/n的/ude1方式/n记述/v了/ule利玛窦/nrf与/p晚/tg明/tg士大夫/n交游/vi与/p传教/vi的/ude1状况/n，/wd也/d传承/vi了/ule历史/n上/f中西/n文化/n交流/vn的/ude1一/m段/q佳话/n。/wj
利玛窦/nrf在/p华/b28/m年/qt，/wd无论是/c其/rz传教/vn政策/n的/ude1改变/vn，/wd合/v儒/ng路线/n的/ude1推行/vn，/wd学术/n传教/vi的/ude1实施/vn，/wd都/d与/p中国/ns士大夫/n紧密/ad联系/v着/uzhe的/ude1。/wj
士大夫/n与/p利玛窦/nrf的/ude1交往/vn始终/d围绕/v着/uzhe儒学/n与/cc西学/n这个/rz中心/n，/wd这/rzv也/d使得/vi这/rzv一/m轮/qv的/ude1中西/n文化/n交往/vn，/wd“/wyz从/p一/m开始/v就/d有着/v很/d高/a的/ude1起点/n和/cc一/m条/q畅通/a的/ude1渠道/n”/wyy25/m。/wj
利玛窦/nrf作为/v一个/mq精通/v中国/ns儒学/n的/ude1“/wyz泰/b西/b鸿儒/n”/wyy，/wd在/p与/p中国/ns士大夫/n的/ude1广泛/ad交游/vi中/f，/wd能/v尊重/v、/wn认同/vn、/wn欣赏/v中国/ns文明/n，/wd能/v从/p现实/n出发/vi，/wd以/p一/m种/q平等/a、/wn包容/v的/ude1姿态/n，/wd通过/p对话/vn体验/vn、/wn吸纳/v中国/ns文化/n，/wd这/rzv符合/v文化/n交流/vn与/cc发展/vn的/ude1规律/n。/wj
正/d如/v张西平/nr先生/n所/usuo说/v：/wp“/wyz那/rzv是/vshi一个/mq会/v通/v的/ude1时代/n，/wd尽管/c有/vyou着/uzhe虚幻/n，/wd有着/v矫/ag情/n，/wd但/c双方/n是/vshi平等/a的/ude1，/wd心态/n是/vshi平稳/a的/ude1。/wj
相互/d学习/v，/wd相互/d尊重/v，/wd相互/d倾慕/v，/wd成为/v那个/rz时代/n东西方/n文化/n交流/vn的/ude1主要/b特征/n。/wj
在/p世界/n经济/n一体化/vn中/f，/wd任何/rz一个/mq民族/n的/ude1思想/n都/d不能/v再/d‘/wyz独/a语/ng’/wyy，/wd任何/rz一/m种/q文化/n都/d不/d能/v在/p自己/rr原有/v的/ude1封闭/vn系统/n中/f发展/v。/wj
我们/rr应当/v以/p当年/t康熙/t帝/ng、/wn徐光启/nr、/wn李之藻/nr那种/r容纳/v百/m川/b的/ude1宏大/a心态/n对待/v西方/s文化/n，/wd以/p一/m种/q平静/a的/ude126/m心态/n看待/v自己/rr，/wd看待/v别人/rr。/wj
”/wyy或许/d这/rzv是/vshi400/m多/m年/qt前/f利玛窦/nrf交游/vi与/p士大夫/n赠/v诗/n最/d珍贵/a的/ude1文化/n意义/n。/wj
-/wp124-/m利玛窦/nrf交游/vi与/p士大夫/n赠/v诗/n注释/n：/wp1/m林/ng金/ng水/n《/wkz利玛窦/nrf与/p中国/ns》/wky，/wd中国/ns社会科学/nl出版社/n1996年/t版/n，/wd第286—316/m页/q。/wj
2/m（/wkz美/b）/wky邓恩/nr著/vg，/wd余三乐/nr、/wn石蓉/nr译/v《/wkz晚/tg明/tg的/ude1耶稣/nrf会/v传教士/n─/n─/n从/p利玛窦/nrf到/v汤若望/nr》/wky，/wd上海/ns古籍/n出版社/n2003年/t版/n，/wd第71/m页/q。/wj
3/m（/wkz意/b）/wky利玛窦/nrf、/wn（/wkz法/b）/wky金/b尼/b阁/ng著/vg，/wd何高济/nr、/wn王遵仲/nr、/wn李申/nr译/v，/wd《/wkz利玛窦/nrf中国/ns札记/n》/wky，/wd中华书局/nt1983年/t版/n，/wd第359/m、/wn386/m、/wn345—346/m、/wn383/m页/q。/wj
4/m徐/nr1朔/ng方/d《/wkz论/v汤显祖/nr及/cc其他/rzv》/wky，/wd上海/ns古籍/n出版社/n1983年/t版/n，/wd第91—103/m页/q。/wj
5/m林/ng金/ng水/n《/wkz利玛窦/nrf与/p中国/ns》/wky，/wd中国/ns社会科学/nl出版社/n1996年/t版/n，/wd第42/m页/q。/wj
6/m李日华/nr《/wkz紫/a桃/n轩/ng杂/ad缀/v》/wky（/wkz卷/v一/m）/wky，/wd孙/nr1福清/ns辑/q《/wkz檇/n李/nr1遗书/n》/wky（/wkz第五/m册/q)/wky，/wd秀/ag水/n孙/nr1福清/ns望/v云/vg仙/ng馆/ng清/a光绪/n四/m年/qt（/wkz1878年/t）/wky刻本/n。/wj
7/m晋/b江天/n学堂/n辑/q《/wkz闽/b中/b诸/rz公/ng赠/v诗/n》/wky，/wd巴黎/nsf国立/b图书馆/n《/wkz熙朝/nr2崇正/nr2集/vg》/wky（/wkz影印本/n）/wky，/wd吴相湘/nr编/v《/wkz天主教/nz东/f传/v文献/n》/wky，/wd台北/ns学生/n书局/n1965年/t版/n，/wd第643/m页/q。/wj
8/m（/wkz意/b）/wky11/m页/q。/wj
艾儒略/nr著/vg，/wd向/p达/v译/v《/wkz大西西泰利/nrf先生/n行迹/n》/wky，/wd上/vf智/ng编译/v馆/ng1947年/t版/n，/wd第24/m、/wn9/m李/nr1珺/n平/v《/wkz李/nr1贽/n与/p利玛窦/nrf：/wp会面/vi的/ude1次数/n及/cc意义/n》/wky，/wd《/wkz民族/n文学/n研究/vn》/wky2010年/t第1/m期/qv。/wj
10/m李/nr1贽/n《/wkz焚/vg书/n》/wky（/wkz卷/v六/m）/wky《/wkz赠/v利/n西/b泰/b》/wky，/wd张建业/nr、/wn刘幼生/nr主编/v《/wkz李/nr1贽/n文集/n》/wky（/wkz第一/m卷/q）/wky，/wd社会科学/nl文献/n出版社/n2000年/t版/n，/wd第240/m页/q。/wj
13/m李/nr1贽/n《/wkz续/v焚/vg书/n》/wky（/wkz卷/v一/m）/wky《/wkz与/p友人/n书/vg》/wky，/wd张建业/nr、/wn刘幼生/nr主编/v《/wkz李/nr1贽/n文集/n》/wky（/wkz第一/m卷/q）/wky，/wd第33/m页/q。/wj
15/m祝世禄/nr《/wkz环/n碧/ag斋/ng诗/n》/wky，/wd四/m库/n全书/n存/v目/ng丛书/n集/vg部/n（/wkz卷/v七/m）/wky，/wd第94/m册/q，/wd第149/m页/q。/wj
17/m《/wkz曹/nr1学/v佺/n集/vg》/wky，/wd江苏/ns古籍/n出版社/n2003年/t版/n，/wd第18—19/m页/q。/wj
18/m（/wkz法/b）/wky费赖之/nr著/vg，/wd冯承钧/nr译/v《/wkz在/p华/b耶稣/nrf会/v士/ng列传/n及/cc书目/n》/wky（/wkz上/f册/q）/wky，/wd中华书局/nt1995年/t版/n，/wd第37/m页/q。/wj
