万历/nz十/m年/qt（/wkz1582年/t）/wky八月/t初/t七日/t，/wd利玛/nrf窦奉/nr耶稣/nrf会/v远东/ns视察/v员/q范礼安/nr（/wkzAlexandreValignano/x，/wd1539—1606/m年/qt）/wky之/uzhi命/n来到/v澳门/ns，/wd次年/t九月/t初/t十日/t，/wd随同/v另/rz一/m意大利/nsf耶稣/nrf会/v士/ng罗明坚/nr1543—1607/m年/qt）/wky抵达/v广东/ns肇庆/ns，/wd（/wkzMicheleRuggieri/x，/wd建立/v了/ule第一/m个/q在/p华/b传教/vn会/v所/q。/wj
万历/nz十七/m年/qt，/wd利玛窦/nrf移居/v韶州/nr2。/wj
在/p广东/ns生活/vn期间/f，/wd利玛窦/nrf潜心/d学习/v汉文/nz，/wd了解/v中国/ns风俗/n，/wd逐渐/d认识/v到/v儒学/n、/wn儒生/n在/p中国/ns社会/n的/ude1地位/n和/cc影响/vn，/wd于是/cc“/wyz弃/vg僧/ng换/v儒/ng”/wyy，/wd走/v与/p士大夫/n交游/vi的/ude1附/v儒/ng合/v儒/ng路线/n。/wj
万历/nz二十三/m年/qt，/wd利玛窦/nrf北上/vi定居/v南昌/ns，/wd并/cc进一步/d认识/v到/v要/v想/v在/p华布教/nr，/wd必须/d取得/v中国/ns统治/vn集团/n─/n─/n士大夫/n的/ude1支持/vn，/wd必须/d附/v合/v士大夫/n的/ude1信仰/vn哲学/n─/n─/n儒学/n。/wj
于是/cc利玛窦/nrf以/p“/wyz泰西/nrf儒士/nrf”/wyy的/ude1形象/n出现/v在/p士大夫/n中间/f，/wd与/p理/n学名/n儒/ng章/n潢/n、/wn王侯/n贵胄/n朱/nr1多/m、/wn乐安/ns王/n朱/nr1多/m焿/n等/udeng士大夫/n交游/vi。/wj
万历/nz二十六/m年/qt，/wd利玛窦/nrf以/p进贡/v方/ng物/ng为由/vi，/wd随/v进/vf京/b复职/vi的/ude1礼/n部/q尚书/n王忠铭/nr北上/vi，/wd第一/m次/qv来到/v北京/ns，/wd但/c未/d获准/v在/p京/b居留/vn而/cc南/f返/v定居/v南京/ns。/wj
继续/v与/p南京/ns士大夫/n交游/vi，/wd结交/v李/nr1贽/n、/wn徐光启/nr、/wn王/nr1肯/v堂/ng、/wn吴中明/nr、/wn叶向高/nr等/udeng名/ng儒/ng显/v宦/nr1。/wj
万历/nz二十八/m年/qt，/wd利玛窦/nrf再度/d北上/vi，/wd次年/t获准/v向明/nz神/n宗/vg进贡/v方/ng物/ng后/f定居/v北京/ns，/wd进入/v他/rr梦寐以求/bl的/ude1“/wyz天堂/n乐土/n”/wyy。/wj
从/p万历/nz二十九/m年/qt到/v万历/nz三十八/m年/qt的/ude110/m年间/n，/wd利玛窦/nrf仍然/d奉行/v上层/f路线/n，/wd广泛/ad结交/v缙/n绅/n，/wd会/v通/v儒学/n，/wd传播/v天/qt学/v，/wd李之藻/nr、/wn徐光启/nr、/wn冯琦/nr、/wn沈/b一贯/b、/wn李/nr1戴/v、/wn冯应京/nr、/wn杨廷筠/nr等/udeng士大夫/n“/wyz咸/a与/cc晋/b接/v”/wyy。/wj
据/p福建/ns师范大学/n林金水/nr教授/n研究/vn统计/vn，/wd利玛窦/nrf在/p华/b结交/v士大夫/n140/m余/m人/n。/wj
这些/rz人/n当中/f有/vyou王公/n贵族/n、/wn朝廷/n宰/v臣/ng、/wn六/m部/q各/rz卿/ng、/wn地方/n名/q宦/nr1、/wn著名/a学者/n等等/udeng，/wd几乎/d囊括/v了/ule当时/t各界/rz的/ude1知名/a人物/n1/m。/wj
如/v有/vyou思想家/n李/nr1贽/n、/wn章/n潢/n、/wn祝世禄/nr，/wd文学家/n袁宏道/nr、/wn袁/nr1中道/n、/wn李日华/nr、/wn冯/nr1时/ng可/v，/wd史学家/n焦/ng闳/n、/wn沈德/nr符/vg，/wd画家/n张瑞图/nr、/wn程/nr1大约/d，/wd天文/n历/vg算/v家/n徐光启/nr、/wn周子愚/nr、/wn李之藻/nr、/wn孙元化/nr，/wd医学/n家/n王/nr1肯/v堂/ng等/udeng；/wf朝廷/n官宦/n有/vyou沈/b一贯/b、/wn叶向高/nr、/wn邹元标/nr、/wn李/nr1戴/v、/wn冯琦/nr、/wn冯保/nr、/wn李/nr1应试/vi、/wn朱/nr1国/n诈/v、/wn冯应京/nr、/wn赵可怀/nr、/wn郭正域/nr等等/udeng。/wj
利玛窦/nrf“/wyz建立/v了/ule一个/mq遍布/v全国/n的/ude1高层/n友好/a人士/n网络/n”/wyy2/m。/wj
赠/v诗/n是/vshi中国/ns古代/t文人/n墨/n客/ng用/v来/vf交往/vi应酬/v或者/c赠/v给/p朋友/n的/ude1诗歌/n作品/n。/wj
作为/p一/m种/q特有/b的/ude1结交/v朋友/n的/ude1方式/n，/wd古人/n以/p诗/n交友/vi，/wd以/p诗言志/nr。/wj
明代/t文人/n墨/n客/ng在/p朋友/n之间/f“/wyz赠/v诗/n”/wyy是/vshi常/d有/vyou的/ude1风雅/a事/n，/wd但/c多/ad限于/v本国/rzs士人/n之间/f。/wj
由于/p利玛窦/nrf广泛/ad结交/v士大夫/n，/wd很/d好/a地/ude2置身/v其间/f，/wd获得/v很/d多/ad赠/v诗/n。/wj
利玛窦/nrf曾/d在/p札记/n中/f记述/v道/n：/wp“/wyz这/rzv是/vshi中国/ns人/n常见/a的/ude1作风/n。/wj
如果/c当初/t有人/r爱好/n虚荣/an，/wd把/pba这些/rz献给/v利玛窦/nrf神父/n和/cc他/rr同伴/n的/ude1短/a诗/n保存/v下来/vf的/ude1话/n，/wd它们/rr会/v有/vyou厚厚的/z一/m册/q。/wj
”/wyy3/m从/p现存/v的/ude1赠/v诗/n中/f可以/v感受/v到/v中国/ns士大夫/n与/p利玛窦/nrf交游/vi时/ng所/usuo表现/v出/vf的/ude1认同/vn、/wn推/v重/a与/cc崇敬/v之/uzhi情/n。/wj
较/d早/ad赋诗/vi描述/v利/n玛/nr1窦/nr1来华/vi传教/vi的/ude1是/vshi明代/t戏剧家/n汤显祖/nr。/wj
万历/nz二十/m年/qt春/tg，/wd汤显祖/nr由/p海南/ns内/f迁/v赴/v浙江/ns遂/vg县/n上任/vi，/wd在/p肇庆/ns遇到/v此时/r正/d由/p韶州/nr2、/wn经端州/nr（/wkz即/v肇庆/ns）/wky前往/v澳门/ns的/ude1利玛窦/nrf。/wj
汤显祖/nr虽/c与/p-/wp122-/m利玛窦/nrf交游/vi与/p士大夫/n赠/v诗/n利玛窦/nrf仅/d有/vyou一/m面/q之/uzhi交/ng，/wd但/c对/p利玛窦/nrf所/usuo布/vg“/wyz天/n教/ng”/wyy早已/d了解/v，/wd于是/cc便/d作/v《/wkz端/v州/n逢/v西域/n两/m生/dg破/a佛/n立/v义/ng偶/d成/v二/m首/q》/wky。/wj
诗文/n写/v到/v：/wp“/wyz画屏/n天主/n绛/b纱笼/n，/wd碧眼/n愁/v胡/nr1译/v字/n通/v。/wj
正/d似/vg瑞龙/nr2看/v甲/Mg错/v，/wd香/n膏/ng原/d在/p木/ng心中/s。/wj
”/wyy“/wyz二子西/nr来/vf迹/ng已/d奇/ag，/wd黄金/n作/v使/v更/d何/ry疑/vg。/wj
自信/v天竺/ns原/d无/v佛/n，/wd说/v与/p莲花/n教主/n知/v。/wj
”/wyy现代/t著名/a的/ude1古代/t文学/n专家/n徐/nr1朔/ng方/ng先生/n对/p二/m人/n的/ude1相见/vi及/cc这/rzv两/m首/q诗歌/n有着/v详细/a的/ude1考证/v4/m。/wj
这/rzv两/m首/q诗/n虽/c非/b赠/v诗/n，/wd内容/n也/d无/v溢美之词/nl，/wd但/c充分/ad表示/v了/ule对/p利玛窦/nrf在/p华/b布/n教/v的/ude1关注/vn。/wj
万历/nz二十三/m年/qt五月/t初/f，/wd利玛窦/nrf随/p兵/n部/q侍郎/n石/nr1星/n北上/vi，/wd经/p南昌/ns后/f于/p五月/t三十一日/t到达/v南京/ns。/wj
由于/p此间/rzs朝鲜战争/nz在即/vi，/wd南京/ns官宦/n担心/v外国人/n居/v宁/ag会/v引起/v民/ng变/v，/wd不/d敢/v接纳/v，/wd利玛窦/nrf于/p六月/t二十八日/t返回/v南昌/ns。/wj
“/wyz这/rzv次/qv到/v南昌/ns与/cc路过/v时/ng不/d一样/uyy，/wd每个/r人/n都/d为/v他/rr的/ude1到来/vn以及/cc能/v与/p之/uzhi交/ng游/v感到/v莫大/b的/ude1荣幸/an。/wj
”/wyy5/m名医/n王/nr1继/vg楼/n、/wn江西/ns巡抚/n陆万/m垓/n、/wn南昌/ns知府/n王佐/nr、/wn名/ng儒/ng章/n潢/n、/wn建安/t王/n朱多/nrf、/wn乐安/ns王/n朱/nr1多/m焿/n等/udeng士大夫/n纷纷/d与/p之/uzhi交/ng游/v。/wj
其中/rz晚/tg明/tg文学家/n李日华/nr于/p万历/nz二十五/m年/qt秋/tg会见/v了/ule利玛窦/nrf，/wd觉得/v其/rz人/n气质/n非凡/z，/wd面/n如/v桃花/n，/wd称/v“/wyz窦/nr1有/vyou异/ag术/ng，/wd人/n不/d能/v害/ng，/wd又/d善/dg纳/v气/n内/f观/vg，/wd故/dg疾/ag孽/ag不/d作/v”/wyy，/wd并/cc以/p诗/n相/d赠/v：/wp“/wyz云海/n荡/v朝日/n，/wd乘/v流/v信/n彩霞/n。/wj
西/f来/vf六万/m里/q，/wd东/f泛/v一/m孤/ag槎/ng。/wj
浮/v世/ng常/d如/v寄/v，/wd幽/ag栖/vg即/d是/vshi家/q。/wj
那/rzv堪/vg作/v归/v梦/n，/wd春色/n任/v天涯/n。/wj
”/wyy后/f利玛窦/nrf到/v南京/ns，/wd又/d收到/v李日华/nr的/ude1赠/v诗/n，/wd诗云/nr：/wp“/wyz云海/n荡/v落日/n，/wd君/ng犹/d此/rzs彩霞/n。/wj
西/f程/nr1九万/m里/q，/wd多/ad泛/v八/m年/qt槎/ng。/wj
虔/ng洁/ag尊/vg天主/n，/wd精微/a别/vn岁差/n。/wj
昭昭/z奇/ag器/ng数/n，/wd元本浩/nr无/v涯/ng。/wj
”/wyy6/m这/rzv两/m首/q诗/n一方面/c是/vshi对/p利玛窦/nrf含辛茹苦/vl、/wn远涉重洋/vl来华/vi布/vg教/ng的/ude1形象/n描绘/v，/wd另一方面/c也/d表达/v了/ule对/p利玛窦/nrf殉/vg道/n精神/n的/ude1由衷/d敬佩/v。/wj
万历/nz二十六/m年/qt六月/t二十五日/t，/wd利玛窦/nrf随/v吏/ng部/q尚书/n王忠铭/nr北上/vi京城/n，/wd受挫/vi南/f返/v，/wd于/p万历/nz二十七/m年/qt二月/t初/t六日/t到达/v南京/ns。/wj
南京/ns是/vshi明朝/t的/ude1故都/n，/wd人文/n荟萃/v，/wd名流/n云集/v。/wj
