一个 民族 的 觉醒 ， 首先 是 文化 的 觉醒 。
一 个 政党 的 力量 ， 很 大程度 上 取决于 文化 的 自觉 。
在 我国 进入 全面 建设 小康 社会 的 关键 时期 ， 在 深化 改革 开放 、 加快 转变 经济 发展 方式 的 攻坚 时期 ， 党 的 十七 届 六中全会 以 文化 改革 发展 为 主题 ， 吹 响 了 建设 社会主义 文化 强国 的 进军 号 。
这 是 事关 小康 社会 建设 新 胜利 、 事 关 中国 特色 社会主义 事业 新 局面 、 事 关 中华民族 伟大 复兴 的 一 次 重大 抉择 ， 是 中国 文化 发展史 上 一个 重要 里程碑 。
全会 通过 的 《 中共中央 关于 深化 文化 体制 改革 、 推动 社会主义 文化 大 发展 大 繁荣 若干 重大 问题 的 决定 》 ， 所 阐明 的 中国 特色 社会主义 文化 发展 道路 ， 所 确立 的 建设 社会主义 文化 强国 的 战略 目标 ， 标志 着 中国 共产党人 对 文化 的 认识 达到 一个 新 高度 ， 中国 特色 社会主义 事业 进入 一个 新 境界 ， 中华民族 复兴 之 旅 驶入 新 的 航程 。
文化 是 政党 的 精神 旗帜 。
深化 文化 体制 改革 的 战略 部署 ， 建设 社会主义 文化 强国 的 奋斗 目标 ， 充分 体现 了 我们 党 对 历史 使命 的 深刻 把握 、 对 国内外 形势 的 科学 判断 、 对 文化 建设 的 高度 自觉 。
从 国际 看 ， 世界 在 大 发展 大 变革 大 调整 ， 思想 在 大 交流 大 交融 大 交锋 ， 谁 占据 文化 发展 制高点 、 拥有 强大 文化 软 实力 ， 谁 就 能 在 激烈 的 国际 竞争 中 赢得 主动 。
从 国内 看 ， 重要 战略 期 与 改革 攻坚 期 并存 ， 小康 关键 期 与 矛盾 凸显 期 同 在 ， 文化 作为 民族 凝聚力 、 创造力 的 重要 源泉 、 综合国力 竞争 的 重要 因素 、 经济 社会 发展 的 重要 支撑 ， 作用 日益 广泛 ， 影响 愈加 深刻 。
只有 置于 国际 国内 大 背景 下 考察 ， 放眼 党 和 国家 全局 中 认识 ， 才 能 深刻 认识 到 加快 文化 改革 发展 的 重要性 与 紧迫感 ， 准确 领会 六中全会 提出 建设 文化 强国 的 深远 意义 。
以 这 次 全会 的 召开 为 标志 ， 我国 文化 改革 发展 进入 了 一个 新 的 阶段 。
“ 坚持 中国 特色 社会主义 文化 发展 道路 、 努力 建设 社会主义 文化 强国 ” 的 战略 思想 ， 到 2020年 文化 改革 发展 的 阶段 目标 ， 为 我们 描绘 了 一 幅 文化 大 发展 大 繁荣 的 宏伟 蓝图 。
从 指导 思想 到 重要 方针 ， 从 目标 任务 到 政策 举措 ， 全 会 作出 的 推进 新 形势 下 文化 改革 发展 的 一 系列 战略 部署 ， 理论 上 有 新 概括 ， 政策 上 有 新 突破 ， 举措 上 有 新 实招 ， 具有 很 强 的 政治性 、 战略性 、 指导性 ， 是 当前 和 今后 一个 时期 指导 我国 文化 发展 的 纲领性 文件 ， 必将 深刻 影响 中国 文化 的 未来 。
文化 上 的 每 一个 进步 ， 都 是 推动 社会 进步 的 重要 力量 。
如果 说 69年 前 的 延安 文艺 座谈会 ， 在 “ 文化 为 什么 人 服务 ” 这 一 重大 立场 上 实现 理论 突破 ， 那么 十七 届 六中全会 ， 则 在 文化 改革 发展 “ 该 走 什么 路 ” 、 “ 朝着 什么样 的 目标 迈进 ” 的 战略 上 指明 了 方向 ， 既 体现 了 我们 党 高度 的 文化 自觉 ， 也 呈现 了 我们 党 高度 的 文化 自信 。
毫无疑问 ， 这些 重大 部署 和 重要 成果 ， 将 成为 推动 社会主义 文化 大 发展 大 繁荣 的 强大 思想 武器 、 坚持 和 发展 中国 特色 社会主义 事业 的 强大 精神 力量 。
建设 社会主义 文化 强国 、 实现 中华 文化 大 发展 大 繁荣 的 任务 ， 历史性 地 摆 在 了 全党 全国 面前 。
只 有 深刻 领会 六中全会 精神 ， 认真 贯彻 会议 提出 的 重大 部署 与 战略 目标 ， 自觉 把 文化 繁荣 发展 作为 发展 这 一 “ 第一 要务 ” 的 重要 内容 ， 作为 科学 发展观 的 基本 要求 ， 才 能 在 新 的 历史 起点 上 推动 社会主义 文化 大 发展 大 繁荣 ， 夺取 全面 建设 小康 社会 新 胜利 ， 开创 中国 特色 社会主义 事业 新 局面 。
沿着 中国 特色 社会主义 文化 发展 道路 ， 向着 文化 强国 的 奋斗 目标 ， 我们 坚信 ， 中华 文化 的 大 发展 大 繁荣 必然 促进 中华民族 的 伟大 复兴 。
中国 正 在 新 的 历史 起点 上 向 着 新 的 奋斗 目标 迈进 ， 文化 的 作用 更加 广泛 而 深刻 。
面对 更加 频繁 的 思想 文化 交流 交融 交锋 ， 如何 提升 国家 文化 软 实力 ， 维护 好 国家 “ 文化 版图 ” ？
面对 思想 观念 的 多样 多 元 多变 ， 如何 发挥 文化 引 领 作用 ， 打 牢 文化 发展 的 根基 ？
面对 行进 中 的 “ 三 步 走 ” 战略 ， 如何 增强 文化 建设 能力 ， 进一步 推动 四 位 一体 的 协调 发展 ？
面对 社会主义 初级 阶段 基本 国情 和 主要矛盾 ， 如何 释放 文化 生产力 ， 满足 人民 精神 需求 ？
只有 按照 全会 的 部署 ， 更加 自觉 、 更加 主动 地 推动 文化 改革 发展 ， 才 能 回答 好 这些 问题 ， 这 是 建设 中国 特色 社会主义 应有 之 义 ， 是 推动 我国 经济 社会 发展 的 必然 要求 。
全面 贯彻 落实 这些 重大 举措 ， 是 建设 社会主义 文化 强国 的 坚实 基础 ， 是 全面 建设 小康 社会 的 重要 保证 。
只有 在 融入 贯穿 上 下功夫 ， 推进 社会主义 核心 价值 体系 建设 ， 才 能 巩固 全党 全国 各族 人民 团结 奋斗 的 共同 思想 道德 基础 ； 只有 在 加强 引导 上 下功夫 ， 推动 文化 产品 创作 繁荣 发展 ， 才 能 为 人民 提供 更 好 更 多 的 精神 食粮 ； 只有 在 完善 服务体系 上 下功夫 ， 大力 发展 公益性 文化 事业 ， 才 能 保障 人民 基本 文化 权益 ； 只有 在 做 大 做 强 上 下功夫 ， 加快 发展 文化 产业 ， 才 能 推动 文化 产业 成为 国民经济 支柱 性 产业 ； 只有 在 创新 体制 机制 上 下功夫 ， 进一步 深化 文化 领域 改革 开放 ， 才 能 为 文化 繁荣 发展 提供 强大 动力 ； 只有 在 优化 结构 、 提升 素质 上 下功夫 ， 建设 宏大 文化 人才 队伍 ， 才 能 为 文化 大 发展 大 繁荣 提供 有力 人才 支撑 。
