不管 微微 最后 有 没 有 美 色 贿赂 ， 过程 如何 ， 总之 ， 周 一 早上 肖奈 准时 地 出现 在 晓玲 家 楼下 ， 接 微微 一起 去 公司 。
微微 今天 穿 了 一 件 白 衬衫 ， 底下 配 黑 裙子 ， 说 起来 很 职业 ， 其实 并非如此 ， 衬衫 是 那 件 有 点 娃娃 的 款式 ， 裙子 两侧 打 着 褶皱 ， 腰 间 系 着 细长 的 蝴蝶结 皮带 。
看 起来 既 可爱 又 端庄 。
凑巧 的 是 ， 肖奈 今天 竟然 也 穿 着 简单 的 白 衬衫 配 黑色 长裤 ， 两 人 并排 走 在 一起 ， 宛如 刻意 穿 了 情侣 装 一般 ， 朝气 而 又 清爽 ， 引得 路人 频频 注目 。
因为 宝 桂 花园 离 肖奈 的 公司 并 不 远 ， 两 人 是 走 着 去 的 ， 微微 挽 着 肖奈 的 手 ， 一路 上 雀跃 又 紧张 ， “ 我 去 了 以后 做 什么 啊 ？ ”
“ 你 喜欢 做 什么 ？ ”
“ 呃 ， 不 知道 ， 反正 不要 没 事 干 就 好 了 ， ” 儍 坐 的 话 会 很 尴尬 的 。
肖 奈 思索 了 下 说 ： “ 你 先 去 测试 部 做 几 天 ， 等 熟悉 了 梦游 2 ， 再 去 策划 部 ， 愚公 在 这 两 个 部门 都 有 工作 ， 你 跟 着 他 。 ”
“ 好 。 ”
微微 点头 ， 她 毕竟 还 只 是 学生 一 枚 ， 完全 不 清楚 公司 流程 ， 肖奈 说 什么 就 是 什么 了 。
快 到 公司 的 时候 ， 微微 想 起来 说 ： “ 一会儿 你 先进 去 吧 ， 我 自己 去 找 愚公 好 了 。 ”
肖 奈 低头 看 她 ： “ 为什么 ？ ”
“ 不 为什么 啊 ！ ”
微微 把 她 的 新 口头禅 搬 出 来 ， 很 坦然 的 说 ： “ 我 害羞 嘛 。 ”
肖奈 忽然 明天 白 了 什么 叫 搬 起 石头 砸 自己 的 脚 。
不过 ， 微微 的 分 兵 计划 很快 就 流产 了 。
在 距离 公司 大楼 两百 米 的 地方 ， 微微 正 打算 和 肖奈  分道扬镳 ， 一个 戴 着 黑 框 眼镜 、 钉 着 耳 钉 、 服饰 很 后 现代 的 小 青年 从 他们 身边 跑 过 了 。
跑 过 十几 米 后 小青年 又 扭头 跑 回来 ， 视线 在 微微 和 肖奈 之间 不 停 地 来回 ， 一 副 惊诧 的 模样 ： “ 老大 ， 我 没 看 错 吧 … …
这 ， 这 难道 是 咱们 公司 的 新 员工 ？ ”
肖奈 点头 ， “ 是 实习生 。 ”
微微 礼貌 的 朝 他 笑 了 一下 ， 心里 有 点 好奇 ， 这 人 怎么 叫 大 神 老 大 啊 ？
难道 这 是 大 神 在 公司 的 称呼 ？
微微 今天 稍微 收拾 了 一番 ， 分外 的 明艳 照 人 ， 因此 笑容 杀伤力 极大 ， 后 现代 小青年 被 她 笑 得 一阵 眩晕 ， 红心 闪闪 ， 但是 ， 很快 他 看到 了 美女 的 手 … …
挽 在 了 老 大 的 臂弯 中 。
“ 老大 ， 难道 ， 难道 你们 … … ”
肖奈 瞥 了 他 一 眼 ， 话 都 懒得 说 了 。
小青年 迅速 地 意会 了 ， 夸张 的 退后 两 步 ， 然后 一 扭 身 ， 飞快 地 向 大楼 跑 去 ， 微微 看见 他 边 跑 边 掏 出 了 手机 … …
依稀 还 听 得 到 声音 … …
“ … …
来 了 个 超级 美女 … …
可惜 是 老 大 的 老婆 … …
这 还 不 如 不 来 呢 … … ”
微微 黑线 三千 丈 ， 肖奈 安慰 她 ： “ 美术 部 的 ， 你 以后 尽量 远离 他们 。 ”
“ … …
明明 是 表演 部 的 。 ”
微微 小声 地 嘀咕 。
拜 后 现代 小青年 所 赐 ， 微微 还 没 到 公司 ， 肖奈 带 着 未来 老板娘 来 上班 的 消息 已经 传遍 了 整个 致 一 。
微微的 偷偷 潜入 计划 彻底 失败 。
肖奈 虽然 把 微微 带到 了 公司 ， 但是 他 并 没有 空闲 带 她 熟悉 整个 公司 的 环境 ， 一 到 公司 便 被 人 叫 走 了 。
反正 微微 身上 已经 敲 了 一个 “ 肖 氏 所有 ” 的 隐形 章 ， 他 很 放心 的 。
相对 比较 清闲 的 愚公 接手 了 带 新人 的 任务 。
愚公 在 众人 嫉妒 的 视线 下 得意 地 带 着 微微 往 测试 部 走 去 ， 边 走 边 给 她 介绍 致 一 科技 的 情况 ： “ 咱们 公司 目前 主要 力量 集中 在 开发 上 ， 所以 结构 还是 比较 简单 的 ， 也 就 五 个 部门 ， 策划 部 、 程序 部 、 美术 部 、 测试 部 、 行政 部 。 ”
“ 美术 部 是 那 块 ， ” 愚公 点 了 点 东边 ， “ 他们 人 最 多 ， 也 最 变态 ， 三 嫂 你 千 万 别 靠近 他们 ， 最近 他们 在 抓 人 做 NPC 原型 ， 连 我 这 长相 都 不 放过 ， 三 嫂 你 千 万 要 小心 。 ”
微微 好奇 地 问 ： “ 是 按照 你 的 样子 做 NPC 吗 ？ ”
愚公 点头 。
“ 那 蛮 好玩 的 啊 。 ”
愚公 面 无 表情 的 说 ： “ 如果 那个 NPC 是 老鸨 呢 ？ ”
“ … … ”
“ 名字 还 叫 如 花 。 ”
“ … … ”
愚公 总结 ： “ 总之 ， 他们 最近 在 青 楼 场景 的 NPC ， 你 … … ”
微微 无比 坚定 地 ： “ 我 一定 远离 他们 ！ ”
又 走 了 几 步 ， 愚公 说 ： “ 那边 就 是 策划 部 了 ， 主 策划 就是 你 老公 ， 还有 剧情 策划 、 数据 策划 什么 的 ， 以后 你 接触 多 了 就 明白 了 ， 里面 有 两 个 是 我们 学校 数学 系 的 。 ”
微微 被 “ 老 公 ” 两 个 字 寒 到 了 ， 忽然 想起 一 个 问题 ， 打岔 说 ： “ 我 刚刚 怎么 听见 别人 喊 大 神 老 大 啊 ？ ”
“ 在 公司 是 有 人 这么 喊 ， 也 有 喊 肖 哥 的 。 ”
“ … …
黑社会 ？ ”
“ 唉 ， 咱们 做 网络 的 也 跟 黑社会 差不多 了 ， 起早贪黑 的 ， 再说 了 ， 大家 年纪 都 差不多 ， 喊 肖 总 或者 经理 什么 的 多 没 格调 。 ”
微微 想起 昨天 他 在 某 场景 下 喊 的 那 声 “ 肖 总 ” … …
不 由 用 眼神 默默 地 朝 愚公 飞 了 两 把 小 刀子 。
愚公 脸皮 厚 ， 恍然 不觉 ， 指 了 指 西边 那 块 说 ： “ 程序 部 在 那 ， 程序 部 就 是 一 堆 牛 人 啊 ， 尤其 A 组 那 几 个 ， 号称 我们 公司 三 大 神 手 。 ”