微微 拿 着 报纸 ， 仔细 地 寻找 着 适合 她 工作 的 地方 。
这个 不行 ， 这个 也 不行 ， 微微 在 不 适合 的 地方 打 了 一个 大 大 的 叉 。
本来 也 想 过 回 原来 公司 的 ， 可 一 想到 肖 奈 幽怨 及其 腹 黑 的 表情 ， 微微 还是 在 脑 中 扼杀 了 这个 想法 。
微微 这 几 天 已经 深刻 的 意识 到 男人 吃醋 是 杀人 不见 血 的 。
一 进 门 便 看见 自家 夫人 眉头 紧 皱 的 样子 ， 肖奈 放下 公文包 ， 来到 微微 面前 。
肖奈 ： “ 怎么 了 ？
微微 。 ”
微微 猛 得 打 了 一个 颤 ， 肖奈 一直 叫 她 夫人 的 ， 难 得 叫 几 次 微微 ， 让 她 一下子 酥 到 骨头 里 了 。
微微 装 样 镇定 ： “ 我 找 不 到 工作 。 ”
肖奈 ： “ 工作 为 何物 ？ ”
微微 对 肖奈 的 话 很 是 疑惑 ， 刚 想 开口 问 ， “ 微微 不 是 有 为 夫 供 着 吗 ？ ”
微微 头 上 冒 出 了 三 条 黑线 。
微微 ： “ 才 不 要 ， 我 要 自己 养 自己 。
要不然 等 以后 你 不要 我 了 ， 我 不 是 连 生存 的 能力 都 没 了 ！ ”
听 完 微微的 长篇大论 ， 肖奈 用 一 种 奇怪 的 眼神 看 着 微微 ， 许久 ， 平静 的 声音 传入 微微的 耳 中 。
“ 夫人 真 是 多 虑 了 。 ”
好久 都 没有 玩 梦游 江湖 了 ， 微微 乘 周末 人 多 ， 来到 「 世界 」 里 乱 晃 一 圈 。
刚 一 上 线 ， 就 有 无数 条 信息 飞奔 过来 。
微微 一一 看 过 ， 无非 是 关于 「 世界 」 频道 里 有 一些 人 组织 大家 出来 见 个 面 。
微微 玩 这 游戏 已经 四年 了 ， 梦游 江湖 也 出 到 了 第四 代 了 ， 虽然 这个 时代 游戏 备 出 ， 但 梦游 还 是 深受 大家 的 喜爱 。
猴子 酒 ： 你 和 你家 肖奈 去 吗 ？
芦苇 微微 ： 不 知道 ， 肖奈 在 洗澡 ， 等 他 过来 问问 他 的 意思 。
猴子 酒 显然 乎 视 掉 了 微微 话 中 的 重点 ， 发 了 一个 暧昧 的 表情 给 微微 ， 微微 看到 后 脸 就 红 了 ， 而 这时 ， 肖奈 也好 死 不 死 的 来到 电脑 旁 。
微微 很 希望 肖奈 没有 看 懂 这 意思 ， 但 显然 是 不 可能 的 ， 肖 奈 抛 给 了 微微 一个 媚 眼 。
“ 咳 咳 ！
肖奈 ， 你 说 我们 去 不 去 ？ ”
微微 把 公告 给 肖奈 看 。
“ 不 去 。 ”
“ 我们 不 去 。 ”
微微 告诉 猴子 酒 。
猴子 酒 ： “ 可惜 ， 不过 我 和 莫扎他 他们 会 去 的 。
我 到 要 会 会 那 小雨 妖 妖 ！
都 快 四年 了 ， 还 老 和 三 嫂 过不去 ！ ”
你 想 看 美女 直说 ， 找 这么 犟 的 理由 干吗 ？
微微 心里 想 。
“ 微微 ， 准备 一下 ， 我们 去 吃饭 。 ”
微微 ： “ 有 什么 重要 的 事 ？ ”
刹时 ， 肖奈 立马 甩 给 她 一个 “ 没 事 就 不能 出 去 吃饭 吗 ？ ”
的 表情 。
微微 ： “ 哦 ， 你 等 一下 。 ”
微微 和 肖奈 开 着 车 来 到 锦 年 。
里面 似乎 很 热闹 。
锦年 也 是 风 腾 的 产业 之一 。
“ 进 去 吧 。 ”
微微 和 肖奈刚 走 进去 ， 就 被 人 叫 住 了 。
微微 ： “ 郝眉 ？
你 怎么 在 这儿 ？ ”
郝眉 ： “ 梦游 不 是 组织 聚会 吗 ？
就 在 这里 。 ”
微微 觉 的 人生 实在 有 太 多 巧合 了 。
郝眉 ： “ 要 不 要 一起 ？ ”
微微 转头 寻 问 看 肖奈 。
“ 一 起 吧 。 ”
原来 二 楼 已经 传 被 他们 包 了 ， 具 说 此次 活动 风 腾 还 赞助 了 呢 。
微微 目测 ， 应 有 一百 来 号 人 。
郝眉 ： “ 大家 安静 一下 ， 我 要 介绍 二 个 人 。 ”
这 是 发生 在 微微 毕业 考核 那天 的 事 。
这天 ， 风和日丽 ， 阳光 明媚 ， 朗朗 乾坤 之下 ， 微微 真是 不 敢 相信 为什么 会 有 这么 险恶 之 事 的 发生 。
坐 在 三维 考核 人员 的 面前 ， 微微 的 头 上 不禁 滴 下 了 几 滴 冷汗 。
最 左边 的 是 肖 母 ， 林 教授 。
微微 擦 了 擦 冷汗 ， 道 ： “ 林 教授 好 。 ”
肖 母 则 给 了 她 一个 浅 浅 的 笑容 ， 然后 缓缓 道 ： “ 叫 妈 。 ”
微微 ： “ = = ” 右边 坐 着 的 则 是 林 教授 的 老 公 ， 肖 教授 。
看 着 肖 父 一 脸 慈祥 的 笑容 ， 微微 觉得 全身 的 鸡皮疙瘩 都 起来 了 。
坐 在 正 中间 的 ， 毫无疑问 ， 就 是 他 家 大 神 ， 肖奈 是 也 。
肖奈 严肃 的 朝 他 点 了 点 头 ， “ 开始 提问 了 ， 做好 准备 。 ”
微微 觉得 这 是 他 在 给 她 一个 警钟 ， 所以 立马 好 整 以 暇 ， 认真 听 题 。
肖 母 ： “ 微微 最 理想 的 结婚 对象 是 谁 ？ ”
微微 ： “ = = ” 大 神 呗 （ 脸红 一下 ） 肖 父 ： “ 微微 最 理想 的 结婚 年龄 是 多少 ？ ”
微微 ： “ = = ” 肖 母 ： “ 微微 最 理想 的 生育 年龄 是 多少 ？ ”
微微 ： “ = = ” 毕业 答辩 只 问 三 个 问题 ， 所以 当 微微 呆滞 了 三 个 问题 之后 ， 肖 家 人员 便 觉得 不 再 残害 自己 的 未来 媳妇 （ 老婆 ） 了 。
肖奈 ： “ 优 。 ”
微微 ： “ 这 就 好 了 ？ ”
肖奈 摇 了 摇 头 ， “ 微微 ， 最后 一个 问题 。 ”
微微 ： “ ？ ？ ？ ”
肖奈 ： “ 什么 时候 和 我 结婚 ？ ”
肖 父 肖 母 躲 在 肖 奈 后面 点 了 点 头 。
微微 ： “ = = ” 英语 论文 考核 时 … …
微微 木讷 的 看 着 肖 家 三 位 活宝 ， 有些 无 语 ， 今天 的 她 怎么 这么 霉 啊 … …
难道 他们 是 问 不 到 结果 誓 不 罢休 吗 ？
最 可恶 的 是 ， 因为 体育 考试 没有 参加 的 缘故 ， 微微 的 体育 补考 则 放在 了 今天 ， 而 他们 也 很 准时 的 出现 在 了 操场 上 ， 二 老 及 大 神 在 她 跑 八百 米 事 轮番 上阵 ， 一个 接 一个 问 她 人生 问题 ， 结果 ， 微微 的 八百 米 成绩 前所未有 的 好 … …