他们/rr还/d证明/v,/wd在/p健康人/n外/f周/nr1血/n单核/n细胞/n或/cT/x淋巴细胞/n培养液/n中/f加入/vPS/x-G/x的/ude1共同/d培养/v上/vf清/a液/ng可/v明显/ad促进/v巨/ag噬/vg细胞/n生成/vIL/x-1/m、/wnTNF/x和/ccIL/x-6/m,/wd并/cc促进/vT/x淋巴细胞/n生成/vIFN/x。/wj
我们/rr还/d在/p分子水平/n研究/v了/ule灵芝/n多糖/nB/x对/p这些/rz细胞/n因子/nmR/x-NA/x表达/v的/ude1影响/vn,/wd即/d在/p小/a鼠/ng巨/ag噬/vg细胞/n或/c脾/n细胞/n培养液/n中/f加入/v不/d同/p浓度/n的/ude1灵芝/n多糖/nB/x,/wd培养/v1/a~/x2d/x后/f用/vTRIZOL/x试剂/n提取/v细胞/n内/f总/dRNA/x,/wd加入/v相应/vi的/ude1细胞/n因子/n或/c内/f对照/v-actin/x引/v物/ng和/ccRT/x-PCR/x反应体系/n,/wd置/vPCR/x仪/ng中/f扩增/n,/wd琼脂/n糖/n电泳/n分析/v扩增产物/n,/wd并/cc用/p图像/n分析仪/n对/p扩增/n的/ude1泳/vg带/v进行/vx辉/ng度/ng分析/v。/wj
结果/n可见/c灵芝/n多糖/nB/x可/v显/v著/uzhe促进/v小/a鼠/ng腹腔/n巨/ag噬/vg细胞/nTNFmRNA/x和/cc脾/n细胞/nIFNmRNA/x的/ude1表达水平/n。/wj
同样/d,/wd给/p小/a鼠/ng灌/v胃/n灵芝/n提取/v物/ng5/f、/wn10/n、/wn20g/x(/wkz生药/n)/wkykg/x-1/m共/d10d/x,/wd亦可/vi显/v著/uzhe增加/v小/a鼠/ng腹腔/n巨/ag噬/vg细胞/nTNFmRNA/x表达/v和/cc脾/n细胞/nIFNmRNA/x表达/v[/wkz7/v~/x9/vyou]/wky。/wj
最近/t,/wd我们/rr建立/v了/ule经/pP815/x肿瘤/n细胞/n裂解/n物/ng冲击/v致/v敏/ag小/a鼠/ng骨髓/n来源/n的/ude1树/n突/vg状/ng细胞/n(/wkzdendriticcells/x,/wdDC/x)/wky诱导/v产生/v的/ude1特/ag异性/n细胞/n毒/nT/x淋巴细胞/n(/wkzCTL/x)/wky模型/n,/wd在/p冲击/v致/v敏/ag阶段/n与/cc不同/a浓度/n的/ude1灵芝/n多糖/n(/wkzGLP/x)/wky共培养/n,/wd收集/vCTL/x及/cc细胞/n培养/v上/vf清/a液/ng,/wd将/d释放/v入/vCTL/x与/pP815/x肿瘤/n细胞/n共培养/n体系/n细胞/n培养/v上/vf清/a液/ng中/f的/ude1乳酸/n脱/v氢/n酶/x(/wkzLDH/x)/wky活性/b代表/nCTL/x的/ude1特/ag异性/n杀伤/vn活性/n;/wf同时/c用/vRT/x-PCR/x法检测/nCTL/x中/fIFN/x及/cc颗粒/n酶/xB/x(/wkzGranzymeB/x)/wky的/ude1mRNA/x表达/v;/wf用/vELISA/x法检测/n细胞/n培养/v上/vf清/a液/ng中/fIFN/x蛋白/n含量/n;/wf用/vWesternBlot/x法检测/nCTL/x表达/v的/ude1颗粒/n酶/xB/x蛋白/n含量/n。/wj
结果显示/n,/wd当/vDC/x经/pP815/x肿瘤/n细胞/n冻/v融/vi抗原/n冲击/vn致/v敏/ag后/f,/wd其/rz诱导/v产生/v的/ude1CTL/x对/pP815/x肿瘤/n细胞/n具有/v杀伤/vn作用/n,/wd灵芝/n多糖/n(/wkz0./m8/a、/wn3./m2/b、/wn12./m8gml-1/x)/wky可/v增强/v此/rzs作用/n,/wd表现/v为/p释放/v入/v培养/v上/vf清/a液/ng中/f的/ude1LDH/x活性/b显/v著/uzhe增强/v。/wj
进一步/d研究/v发现/v,/wd同/p上/f质量/n浓度/n的/ude1灵芝/n多糖/n可/v明显增加/nDC/x诱导/vCTL/x的/ude1IFNmRNA/x表达/v,/wd并/cc使/v培养/v上/vf清/a液/ng中/fIFN/x蛋白/n含量/n增加/v。/wj
我们/rr还/d证明/v,/wd上述/b质量/n浓度/n的/ude1灵芝/n多糖/n可/v明显增加/nDC/x诱导/vn的/ude1CTL/x的/ude1颗粒/n酶/xBmRNA/x及/cc蛋白/n表达/v。/wj
这些/rz结果/n提示/vn,/wd灵芝/n多糖/n在/pDC/x成熟/a阶段/n,/wd增强/vDC/x对/p肿瘤/n抗原/n的/ude1捕获/v、/wn处理/v、/wn提/v呈/v能力/n,/wd增强/vDC/x诱导/vn的/ude1特/ag异性/nCTL/x的/ude1细胞/n毒/n活性/n。/wj
而/cc灵芝/n多糖/n促进/v活化/vCTL/x的/ude1IFNmRNA/x转录/v及/cc蛋白/n表达/v,/wd使/vIFN/x生成/v增加/v,/wd后者/rzv通过/p其/rz直接/a和/cc间接/b作用/n发挥/v抑/vg瘤/ng作用/n。/wj
颗粒/n酶/x为/p淋巴细胞/n丝/q氨酸/n蛋白/n酶/x类/n,/wd通常/d以/p非/b活化/v的/ude1酶/x原/b形式/n贮存/v于/pCTL/x和/cc杀伤/vn细胞/n(/wkzNK/x)/wky胞/x质/ng内/f的/ude1细胞/n毒/n颗粒/n中/f,/wd并/cc于/p脱/v颗粒/n时/ng释/vg出/vf,/wd促进/vCTL/x及/ccNK/x细胞/n介导/n的/ude1细胞/n凋亡/n。/wj
颗粒/n酶/x家族/n中/f,/wd以/p颗粒/n酶/xB/x功能/n最/d强/a。/wj
灵芝/n多糖/n促进/vCTL/x的/ude1颗粒/n酶/xBmRNA/x和/cc蛋白质/n表达/v,/wd与其/c增强/vCTL/x的/ude1细胞/n毒/n活性/b有关/vn[/wkz13/n]/wky。/wj
灵芝/n及其/cc所/usuo含/v多糖/n在/p体内/s对/p小/a鼠/ng移植/v性/ng肿瘤/n有/vyou抗肿瘤/n作用/n,/wd但/c对/p体/ng外/f培养/v的/ude1肿瘤/n细胞/n无/v直接/ad抑制/v作用/n。/wj
加之/cc,/wd灵芝/n能/v显/v著/uzhe增强/v机体/n免疫/vn功能/n,/wd如/c增强/v小/a鼠/ng迟/a发型/n过敏/vi反应/vi、/wn促进/v淋巴细胞/n增殖/vn反应/vn、/wn增强/v细胞/n毒/nT/x细胞/n功能/n、/wn增强/v巨/ag噬/vg细胞/n吞噬/v功能/n、/wn增强/vNK/x细胞/n的/ude1细胞/n毒/n活性/b以及/cc促进细胞/n因子/n如/vIL/x-1/m、/wnIL/x-2/m、/wnIL/x-6/m、/wnIL/x-12/m的/ude1生成/vn等/udeng,/wd故/c推测/v灵芝/n的/ude1抗肿瘤/n作用/n是/vshi由/p机体/n的/ude1免疫系统/n介导/n的/ude1。/wj
通过/p血清/n药理学/n研究/vn,/wd我们/rr直接/ad证明/v了/ule这/rzv一/m假设/n。/wj
我们/rr的/ude1研究/vn指出/v,/wd灵芝/n多糖/n在/p体内/s既/c可/v诱导/v巨/ag噬/vg细胞/n、/wnT/x细胞/n释放/vTNF/x、/wnINF/x等/udeng细胞/n因子/n,/wd抑制/v、/wn杀死/v肿瘤/n细胞/n;/wf也/d可/v通过/pDC/x诱导/vn的/ude1特/ag异性/nCTL/x细胞/n活化/v,/wd进一步/d发挥/v细胞/n毒/n作用/n,/wd而/cc这/rzv一/m作用/n与/cc灵芝/n多糖/n明显/ad促进/vCTL/x细胞/n的/ude1IFNmRNA/x转录/v及/cc蛋白/n表达/v以及/cc显/v著/uzhe促进/vCTL/x中/f的/ude1颗粒/n酶/xB/x在/p基因/n转录/v和/cc蛋白/n水平/n表达/v有关/vn。/wj
2/b灵芝/n多糖/n的/ude1免疫调节/n作用/n及其/cc机制/n我们/rr采用/v整体/n、/wn细胞/n和/cc分子水平/n的/ude1实验/vn技术/n和/cc方法/n,/wd在/p免疫/vn功能正常/n的/ude1动物/n(/wkz细胞/n)/wky或/c各种/rz原因/n所/usuo致/v免疫/vn功能/n抑制/v的/ude1动物/n(/wkz细胞/n)/wky模型/n上/f观察/v灵芝/n多糖/n的/ude1免疫调节/n作用/n及其/cc机制/n。/wj
我们/rr先后/d观察/v了/ule不同/a来源/n的/ude1灵芝/n多糖/n的/ude1免疫调节/n作用/n。/wj
结果/n证明/v,/wd灌/v胃/n松杉/n树芝/nr2(/wkzGanodermatsugae/x)/wky多糖/n或/c腹腔/n注射/v灵芝/n(/wkzGanodermalucidum/x)/wky多糖/n均/d可/v显/v著/uzhe增强/v羊/n红细胞/n(/wkzSRBC/x)/wky致敏/nr2小/a鼠/ng的/ude1空/a斑/n形成/v细胞/n(/wkzPFC/x)/wky反应/vn和/cc二/m硝/n基/ng氯苯/n(/wkzDNCB/x)/wky诱导/v的/ude1小/a鼠/ng迟/a发型/n皮肤/n过敏/vi反应/vi./wj
灵芝/n抗肿瘤活性/n和/cc免疫调节/n作用/n的/ude1研究/vn进展/vn(/wkzDCH/x)/wky,/wd表明/v灵芝/n多糖/n可/v增强/v体液/n免疫/vn和/cc细胞/n免疫反应/n。/wj
体/ng外/f试验/v亦/d证明/v,/wd灵芝/n多糖/n可/v显/v著/uzhe增强/v刀豆/n素/nA/x(/wkzConA/x)/wky、/wn细菌/n内毒素/n脂/x多糖/n(/wkzLPS/x)/wky诱导/v的/ude1小/a鼠/ng脾/n淋巴细胞/n增殖/vn反应/vn和/cc混/x合/v淋巴细胞/n培养/vn反应/vn(/wkzMLR/x)/wky。/wj
灵芝/n多糖/n可/v引起/v体/ng外/f培养/v的/ude1小/a鼠/ng脾/n细胞核/nDNA/x、/wnRNA/x含量/n显/v著/uzhe增加/v,/wd细胞/n内/f超/v微/ag结构/n改变/v,/wd细胞质/n和/cc细胞核/n的/ude1平均/a截面积/n明显增加/n,/wd核/n质/ng比/p呈/v下降/vi趋势/n,/wd表明/v灵芝/n多糖/n在/p促进/v脾/n细胞/n和/cc蛋白质/n合成/vn的/ude1同时/n,/wd促进细胞/n增殖/vn。/wj
灵芝/n多糖/n还/d可/v拮/x抗/v各种/rz诱因/n引起/v的/ude1免疫/vn功能/n抑制/v。/wj
体/ng外/f试验/v可/v部分/n拮/x抗/v氢/ng化/v可的松/n对/pConA/x诱导/vn的/ude1小/a鼠/ng脾/n淋巴细胞/n增殖/vn反应/vn;/wf部分/m恢复/v免疫抑制/n药/n环/n孢/x素/n或/c氢/n化/v可的松/n对/p小/a鼠/nMLR/x的/ude1抑制/vn作用/n;/wf剂量/n依赖性/n地/ude2显/v著/uzhe恢复/v抗肿瘤/n药/n氟/n尿/n嘧/x啶/x、/wn丝/n裂/v霉素/nC/x和/cc阿/b糖/n胞/x苷/x对/p小/a鼠/nMLR/x的/ude1抑制/vn作用/n。/wj
灌/v胃/n给/p药/n可/v使/v抗肿瘤/n药/n环/v磷/n酰/x胺/n抑制/v的/ude1DCH/x恢复/v至/p接近/v正常/a水平/n。/wj
我们/rr还/d发现/v,/wd强迫/v小/a鼠/ng在/p冷水/n中/f游泳/vi可/v致/v应/v激/v性/ng免疫/vn功能/n抑制/v,/wdPFC/x和/ccDCH/x反应/vn均/d显/v著/uzhe降低/v,/wd灌/v胃/n灵芝/n多糖/n可/v预防/v应/v激/v引起/v的/ude1免疫/vn功能/n低下/an。/wj
