因此/c，/wd目前/t所谓/v的/ude1个性化/vn治疗/vn大多/d只/d是/vshi根据/p“/wyz人/n”/wyy的/ude1个性化/vn，/wd很/d少/ad涉及/v“/wyz病/n”/wyy的/ude1个性化/vn。/wj
直到/v最近/t几/m年/qt，/wd由于/c全/a基因组/n测/v序/n成本/n大幅度降低/n，/wd这个/rz领域/n的/ude1前景/n才/d初/d露/v端倪/n。/wj
体细胞/n突变/vi发生/v的/ude1机制/n基本/ad是/vshi两/m种/q情况/n:/x其一/rz，/wd细胞/n在/p正常/ad分裂/vi时/ng半/m保留/v复制/v过程/n中/b自发/b的/ude1少量/m配对/vi错误/n，/wd而/cc细胞/n的/ude1自身/rr修复/v机制/n未/d能/v发现/v并/cc予以/vx及时/ad纠正/v，/wd因此/c被/pbei保留/v进入/v子代/n细胞/n;/wf其二/rz，/wd环境/n物质/n对/pDNA/x攻击/v发生/v碱基/n改变/v而/cc生成/vn体细胞/n突变/vi，/wd随着/p进一步/b的/ude1细胞/n分裂/vi进入/v子代/n细胞/n。/wj
人类/n从/p父母/n得到/v的/ude1遗传物质/n也/d存在/v突变/vi，/wd但/c这些/rz突变/vi多数/m被/pbei称为/v基因多态性/n，/wd它/rr是/vshi人类/n长期/b进化/vn过程/n中/f随着/p生殖细胞/n突变/vn而/cc分布/vi在/p广大/b人群/n中/f的/ude1突变/vn，/wd因此/c在/p人群/n中/f存在/v一定/b的/ude1突变/vn比例/n。/wj
目前/t学术界/n一般/ad认为/v只有/c在/p人群/n中/f大于/v1%/m发生率/n的/ude1突变/vn可/v被/pbei称为/v单核/n苷/x酸/n多态性/n(/wkzsinglenucleotidepolymorphism/x，/wdSNP/x)/wky。/wj
SNP/x决定/v了/ule个体/n的/ude1体质/n，/wd也/d就是/v在/p人/n与/cc环境/n接触/vn过程/n中/b个体/n保护/v自身/rrDNA/x不/d发生/v体细胞/n突变/vi的/ude1能力/n，/wd常/d称为/v疾病/n易/vg感性/n。/wj
而/cc体细胞/n突变/vi决定/v了/ule疾病/n在/p实际/n发生/v发展/vn过程/n中/f的/ude1实质/n。/wj
人体/n由/p60/m兆/vg左右/m的/ude1细胞/n组成/v，/wd每个/r细胞/n在/p其/rz生命/n进程/n中/f都/d会/v进行/vx多次/mq的/ude1复制/vn，/wd尽管/c复制/v过程/n中/f，/wd机体/n存在/v多种/m机制/n保证/v复制/v的/ude1高保真/n性/ng，/wd但是/c还/d是/vshi有/vyou部分/mDNA/x会/v发生/v突变/vi，/wd而/cc这/rzv一/m突变/vi产生/v的/ude1结果/n可能/v是/vshi决定性/n的/ude1。/wj
在/p大多数/m散发/v性/ng肿瘤/n生长/v的/ude1早期/f，/wd突变/vi发生/v形成/v选择性/n优势/n，/wd引起/v肿瘤/n细胞/n疯狂/ad增长/v。/wj
由于/p人体/n本身/rz的/ude1复杂性/n，/wd这/rzv方面/n的/ude1研究/vn大多/d通过/p比较/vn病例/n———/wp对照/v研究/vn中/f的/ude1病例/n和/cc对照/vn之间/f的/ude1差异/n，/wd找/v出/vfSNP/x等/udeng遗传/vn因素/n差异/n，/wd指导/v疾病/n预防/vn和/cc治疗/vn。/wj
考虑/v到/v其它/rz因素/n的/ude1影响/vn，/wd不同/a的/ude1研究者/n可能/v会/v得到/v不同/a的/ude1结论/n，/wd引起/v争议/vn。/wj
以/pGSTM1/x为/p例/n，/wd临床/vd研究/v指出/v，/wdGSTM1/x缺失/n可能/v和/cc癌症/n发生率/n的/ude1升高/vn有关/vn;/wf但是/c，/wd另外/c一些/mq研究/v表明/v，/wd完整/aGSTM1/x基因/n的/ude1存在/vn可能/n对/p细胞/n发生/v的/ude1损害/vn［/wkz1/a］/wky和/ccDNA/x加/v合物/n的/ude1生成/vn［/wkz2-3/m］/wky有/vyou保护/vn作用/n。/wj
因此/c，/wd以往/t的/ude1研究/vn更/d关注/v个体/n先天/n的/ude1基因多态性/n对/p疾病/n易/vg感性/n的/ude1决定/n作用/n。/wj
研究者/n虽然/c知道/v先天/n的/ude1基因多态性/n决定/v的/ude1主要/d是/vshi个体/n对/p环境/n物质/n攻击/vDNA/x时/ng的/ude1保护/vn作用/n，/wd而/cc发生/v在/p基因/n上/f的/ude1体细胞/n突变/vi才/d是/vshi疾病/n发生/v发展/v的/ude1真正/b原因/n;/wf但是/c，/wd限于/v研究/vn手段/n只能/v对/pDNA/x加/v合物/n的/ude1检测分析/n，/wd很/d难/a直接/ad涉及/v体细胞/n突变/vi的/ude1情况/n，/wd甚至/c很/d多/a学者/n忽视/v体细胞/n突变/vi的/ude1存在/vn。/wj
他们/rr认为/v，/wd如果/c存在/v体细胞/n突变/vi，/wd那么/cDNA/x指纹/n技术/n还/d能/v用于/v个体/n鉴别/v吗/y?/ww
这个/rz问题/n困惑/an学术界/n很/d多/m年/qt。/wj
相信/v，/wd随着/p近年/t测/v序/n技术/n的/ude1快速/b发展/vn，/wd对/p同一/b个体/n的/ude1不同/a组织/n进行/vx全/a基因组/n测/v序/n时/ng，/wd这/rzv其中/rz的/ude1奥秘/n定/v能/v揭示/v。/wj
2/n自身/rr不同/a组织/n的/ude1基因序列/n比/p对/p可以/v检测/vn体细胞/n突变/vi的/ude1位/q点/qt2010年/m，/wd英国/ns剑桥/nz桑/ng格/b实验/vn中心/n在/p《/wkzNature/x》/wky发表/v了/ule2/n篇/q重要/a论文/n［/wkz4-5/m］/wky，/wd一/m篇/q对/p属于/v同一/b个体/n的/ude1肺癌细胞/n和/cc皮肤/n细胞/n进行/vx了/ule全/a序列/n测定/vn，/wd比较/d发现/v肺癌细胞/n存在/v22910/m个/q突变/vn;/wf另/rz一/m篇/q描述/v了/ule黑色素/n瘤细胞/n与/cc来自/v同一个/b体/ng的/ude1淋巴细胞/n的/ude1全/a序列/n结果/n，/wd比较/d发现/v了/ule33345/m个/q突变/vi。/wj
他们/rr提出/v虽然/c有/vyou上万/m的/ude1体细胞/n突变/vi，/wd只/d有/vyou小/a部分/n是/vshi肇事/vn突变/vn(/wkzdrivermutation/x)/wky，/wd大部分/m是/vshi与/p疾病/n发生/v发展/v无关/v的/ude1无关/v突变/vi(/wkzpassengermutation/x)/wky。/wj
之后/f的/ude12年/m多/m，/wd这个/rz领域/n的/ude1研究/vn如/v雨后春笋/nl，/wd脑瘤/n、/wn白血病/n、/wn卵巢癌/n、/wn嗜/vg铬/ng细胞/n瘤/ng、/wn副神经/n节/vg瘤/ng、/wn肝癌/n、/wn肾/n癌/n、/wn肺癌/n［/wkz6-12/m］/wky等/udeng都/d完成/v了/ule肿瘤/n细胞/n与/cc正常/a细胞/n的/ude1同/p个体/n对照/v全/a基因组/n测/v序/n，/wd发现/v的/ude1体细胞/n突变/vn数量/n基本/ad在/p几/m万/m这样/rzv一个/mq区间/n。/wj
这/rzv正好/z回答/v了/ule让/v学术界/n困惑/a多年/mq的/ude1问题/n:/x体细胞/n突变/vi确实/ad存在/v，/wd只/d是/vshi有限/a的/ude1数量/n与/cc基因组/n总量/n相比/vi是/vshi很/d小/a的/ude1比例/n，/wd虽然/c其/rz不/d影响/v个体/n鉴别/vn，/wd却/d实实在在/z是/vshi引起/v疾病/n的/ude1元凶/n。/wj
人/n一生/n长期/d与/p环境/n互相/b作用/n，/wd有些/rzDNA/x首先/d发生/v体细胞/n突变/vi，/wd这个/rz突变/vn位/q点/qt会/v在/p其/rz分裂/vi生成/v的/ude1子代/n细胞/n中/f得到/v遗传/vn，/wd被/pbei称为/v体细胞/n遗传/vn。/wj
不断/d的/ude1突变/vn，/wd不断/d的/ude1细胞/n分裂/vi，/wd体细胞/n突变/vi会/v在/p细胞/n中/f积累/v，/wd年龄/n越/d大/a积累/vn的/ude1体细胞/n突变/vi越/d多/a，/wd造成/v组织/n内部/f细胞/n拥有/v一/m群/q一/m群/q的/ude1单克隆/b。/wj
2011年/m，/wdGaisa/x等/udeng［/wkz13/n］/wky对/p膀胱/n上/f皮/n细胞/n进行/vx了/ule研究/vn，/wd发现/v其/rz拥有/v多/m个/q单克隆/b族群/n。/wj
每/rz一个/mq族群/n内部/f拥有/v相同/a的/ude1基因序列/n，/wd而/cc族群/n之间/f在/p某些/rz基因/n上/f可/v发现/v独特/a的/ude1体细胞/n突变/vn特征/n。/wj
Kan/x等/udeng［/wkz14/m］/wky的/ude1研究/vn显示/v，/wd肿瘤/n的/ude1体细胞/n突变/vi在/p患者/n中/f具有/v多样性/n，/wd并/cc带来/v了/ule发生/v发展/vn过程/n中/f的/ude1差异/n;/wf同时/c发现/v，/wd体细胞/n突变/vi虽然/c发生/v在/p同一个/b基因/n上/f，/wd却/d分散/v在/p不同/a的/ude1位置/n，/wd说明/v体细胞/n发生/v的/ude1随机性/n。/wj
Si/x等/udeng［/wkz15/m］/wky对/p432/m例/q中国/ns黑色素/n瘤/ng患者/n进行/vx了/uleBRAF/x和/ccNRAS/x的/ude1基因/n测/v序/n，/wd发现/v基因/n上/f有些/rz位置/n如/vBRAFV600E/x是/vshi高频/b突变/vn位/q点/qt，/wd称为/v突变/vn热点/n(/wkzhotspots/x)/wky，/wd有/vyou89/m个/q样本/n在/p这个/rz位/q点/n有/vyou突变/vn。/wj
而/cc其他/rzv多数/m体细胞/n突变/vi却/d只/d在/p1/a个/q样本/n中/f检测/v得到/v，/wd更/d说明/v了/ule体细胞/n突变/vi的/ude1随机/b分布/vn性质/n。/wj
Morin/x等/udeng［/wkz16/m］/wky对/p非/b霍奇金/nrf淋巴/n瘤/ng的/ude1研究/vn中/f也/d发现/v，/wd在/p组/n蛋白/n修饰/v基因/n上/f的/ude1高频率/n体细胞/n突变/vi。/wj
2012年/m，/wdHodis/x等/udeng［/wkz17/ns］/wky对/p大规模/b黑色素/n瘤/ng的/ude1外/f显/v子/ng数据/n进行/vx分析/vn，/wd结果/d发现/v了/ule6/vg个/q异常/a的/ude1黑色素/n瘤/ng相关/vn基因/n(/wkzPPP6C/x、/wnRAC1/x、/wnSNX31/x、/wnTACC1/x、/wnSTK19/x和/ccARID2/x)/wky，/wd其中/rzRAC1/x、/wnPPP6C/x和/ccSTK19/x基因/n拥有/v频/ag发性/n。/wj
这种/r肇事/vn突变/vn组合/vn的/ude1研究/vn为/p黑色素/n瘤/ng形成/v过程/n中/b紫外线/n的/ude1直接/ad诱变/v作用/n提供/v了/ule明确/a的/ude1基因组/n学/v证据/n。/wj
Stephens/x等/udeng［/wkz19/m］/wky对/p100/m个/q乳腺癌/n样本/n进行/vx了/ule全/a基因/n测/v序/n，/wd发现/v肿瘤/n样本/n之间/f在/p体细胞/n突变/vi的/ude1分布/vn上/f差异性/n很/d大/a，/wd还/d发现/v患者/n年龄/n越/d大/a，/wd体细胞/n突变/vi的/ude1数量/n越/d多/a。/wj
