综上所述/c，/wdEP3/x受体/n通过/p上调/v促进细胞/n生长/vn代谢/vn的/ude1蛋白/n水平/n同时/c下调/v抑制/v细胞/n生长/vn代谢/vn的/ude1蛋白/n水平/n从而/c促进/vCCLP1/x细胞/n的/ude1生长/vn，/wd但/c具体/a的/ude1信号/n转/v导/vg通路/n尚/d不/d明确/a。/wj
传统/n的/ude1观点/n认为/vEP3/x受体/n与/pGi/x偶联/n，/wd能够/v显/v著/uzhe地/n抑制/v肿瘤/n细胞/n的/ude1生长/vn、/wn侵袭/vn［/wkz27/m］/wky，/wd而/cc本/rz实验/vn结果表明/nEP3/x受体/n可以/v促进/v肝癌/n细胞/n的/ude1生长/vn，/wd那么/c在/p肝癌/n细胞/n中/fEP3/x受体/n有/vyou可能/n不/d是/vshi与/pGi/x亚/b基/ng偶联/n，/wd而是/c与/pG/x蛋白/n的/ude1s/x或者/cq/x亚/b基/ng偶联/n，/wd关于/p这/rzv部分/m内容/n我们/rr将/d在/p下/f一/m阶段/n的/ude1研究/vn中/f深入/ad展开/v。/wj
综上所述/c，/wd本/d研究/v对/p肝癌/n细胞/nEP3/x受体/n剪接/v体/ng亚型/n的/ude1表达/vn类型/n、/wn调控/vn肝癌/n细胞/n生长/v的/ude1功能/n进行/vx了/ule初步/b研究/vn，/wd初步/d阐明/v了/uleEP3/x受体/n在/p肝癌/n细胞/n生长/vn中/f发挥/v的/ude1作用/n，/wd对/p人们/n更/d好/a地/ude2认识/vEP/x受体/n的/ude1功能/n以及/cc筛选/v新/a的/ude1抗肿瘤/n靶点/n具有/v重要/a的/ude1理论意义/n和/cc实用/vn价值/n。/wj
调/v脂/x药物/n的/ude1作用/n靶点/n血脂/n异常/d是/vshi动脉/n粥/n样/ng硬化/vi、/wn冠心病/n和/cc急性/b心肌/n梗/ng死/v、/wn脑/n卒/ng中/f等/udeng疾病/n的/ude1重要/a危险/a因素/n。/wj
目前/t中国/ns血脂/n异常/a患病率/n约/d10%/m，/wd美国/nsf仅/d高/a胆固醇/n血/n症/k的/ude1患病率/n高/ad达/v17%/m[/wkz1/a]/wky。/wj
血脂/n异常/d严重/a威胁/vn人类/n的/ude1健康/an。/wj
近年来/dl，/wd全球/n调/v脂/x药物/n稳/ad居/v药物/n市场/n销售/vn榜首/n。/wj
中国/ns调/v脂/x药物/n的/ude1市场/n销售/vn也/d以/p每年/r10%/m~/x30%/m的/ude1速度/n持续/vd增长/v。/wj
调/v脂/x药物/n的/ude1开发/vn和/cc新/a靶点/n的/ude1发现/vn已/d成为/v全球/n关注/v的/ude1热点/n。/wj
1/a胆固醇/n吸收/v相关/vn靶点/n胆固醇/n是/vshi一/m种/q存在/v于/p人/n、/wn动物/n组织/n内/f的/ude1脂/x类/n。/wj
人体/n内/f的/ude1胆固醇/n约/d80%/m来自/v人体/n自身/rr的/ude1合成/vn，/wd20%/m来自/v食物/n。/wj
尼/b曼/ag-/n匹/q克/qC1/x型/k类似/v蛋白/n1/a(/wkzNiemann/x-PickC1like1protein/x，/wdNPC1L1/x)/wky和/cc三/m磷酸/n腺/x苷/x结合/v盒/ng转运/v体/ngG5/x和/ccG8/x(/wkzATPbindingcassettetransporterGmember5andmember8/x，/wdABCG5/x//wG8/x)/wky参与/v了/ule胆固醇/n吸收/v过程/n(/wkz图1/nrf)/wky[/wkz2/b]/wky。/wj
NPC1L1/x是/vshi一/m种/q在/p肝细胞/n和/cc空肠/n上/f皮/n细胞/n表达/v的/ude1跨膜/n蛋白/n。/wj
NPC1L1/x在/p体内/s参与/v了/ule胆固醇/n吸收/v、/wn胆酸/n的/ude1分泌/vn和/cc重/d吸收/v[/wkz3/n]/wky，/wd是/vshi胆固醇/n吸收/v的/ude1主要/b通道/n。/wj
研究/v表明/v，/wd小/a鼠/nNPC1L1/x基因/n被/pbei敲/v除/p后/f，/wd其/rz血浆/n胆固醇/n减少/v了/ule约/d86%/m[/wkz4/ng]/wky。/wj
异/ag二/m聚体/nABCG5/x//wG8/x在/p小肠/n和/cc肝/n中/f高表达/n，/wd主要/b功能/n是/vshi将/p肠/n细胞/n中/f的/ude1胆固醇/n分泌/v至/p肠道/n，/wd将/p肝细胞/n中/f的/ude1胆固醇/n分泌/v到/v胆管/n，/wd与/p胆固醇/n的/ude1分泌/vn和/cc重/d吸收/v有关/vn[/wkz3/n,/wd5/b]/wky。/wj
导入/v人/nABCG5/x//wG8/x基因/n的/ude1小/a鼠/ng对/p饮食/n中/b胆固醇/n的/ude1吸收/v减少/v50%/m，/wd胆汁/n的/ude1分泌/vn明显增加/n[/wkz6/un]/wky。/wj
ABCG5/x//wG8/x基因突变/n可/v导致/v胆固醇/n和/cc谷/ng甾/x醇/ag吸收/v增加/v，/wd体内/s胆固醇/n升高/v，/wd并/cc导致/v谷/ng固/ag醇/ag血/n症/ng[/wkz7/v]/wky。/wj
作用/n于/p上述/b靶点/n的/ude1药物/n主要/d有/vyouNPC1L1/x抑制/v剂/q依/v泽/ag替/p米/n及/cc其/rz类似物/n(/wkz表/n1/a)/wky，/wd它们/rr可/v与/pNPLC1L1/x结合/v，/wd抑制/v衔接/vn蛋白/n2/n和/cc网格/n蛋白/n介导/n的/ude1囊/ng泡/v内/f吞/v作用/n而/cc减少/v胆固醇/n吸收/v[/wkz8/a]/wky。/wj
针对/pABCG5/x//wG8/x，/wd目前/t还/d没有/v相应/vi的/ude1作用/n药物/n或/c候选/b化合物/n。/wj
图/n1/a胆固醇/n的/ude1吸收/vn。/wj
NPC1L1：/x尼/b曼/ag-/n匹/q克/qC1/x型/k类似/v蛋白/n1/a；/wfABCG5/x//wG8：/x三/m磷酸/n腺/x苷/x结合/v盒/ng转运/v体/ngG5/x和/ccG8/x；/wfDGAT：/x二/m酰/x基/ng甘油/n酰/x基/ng转移/v酶/x；/wfACAT2：/x胆固醇/n酰/x基/ng转移/v酶/x2/n；/wfMTP：/x微粒/n体/ng三/m酰/x甘油/n转运/vn蛋白/n；/wfABCA1：/x三/m磷酸/n腺/x苷/x结合/v盒/ng转运/v体/ngA1/x；/wfApoB48：/x载/v脂/x蛋白/nB48/x；/wfApoAI：/x载/v脂/x蛋白/nAI/x。/wj
2/b胆固醇/n和/cc甘油/n三/m酯/ng合成/v相关/vn靶点/n人体/n内/f的/ude1脂/x质/ng一方面/c直接/ad来源于/v吸收/v的/ude1外/f源/ng性/n脂/x质/ng，/wd另一方面/c来源于/v自/p合成/vn。/wj
ATP/x柠檬酸/n裂/v合/v酶/x(/wkzATPcitratelyase/x，/wdACL/x)/wky、/wn3-/m羟基/n-3-/m甲基/n戊/Mg二/m酰/x辅/ng酶/xA/x合/v酶/x(/wkz3-hydroxy-3-methylglutarylcoenzymeAsynthetase/x，/wdHMGCS/x)/wky、/wn3-/m羟基/n-3-/m甲基/n戊/Mg二/m酰/x辅/ng酶/xA/x还原/vi酶/x(/wkz3-hydroxy-3-methylglutarylcoenzymeAreductase/x，/wdHMGCR/x)/wky、/wn鲨/ng烯/x合/v酶/x、/wn羊毛/n甾/x醇/ag合/v酶/x等/udeng参与/v了/ule体内/s胆固醇/n合成/vn[/wkz9/vyou]/wky；/wf脂肪酸/n合成/v酶/x(/wkzfattyacidsynthase/x，/wdFAS/x)/wky、/wn单/d酰/x基/ng甘油/n转移/v酶/x(/wkzmonoacylglycerolacyltransferase/x，/wdMAGT/x)/wky和/cc二/m酰/x调/v脂/x药物/n的/ude1作用/n靶点/n参与/v了/ule体内/s三/m酰/x甘油/n的/ude1合成/vn(/wkz图2/nrf)/wky。/wj
ACL/x存在/v于/p细胞质/n中/f，/wd催化/vn柠檬酸/n转化/v成/v乙/m酰/x辅/ng酶/xA/x和/cc草/n酰/x乙酸/n，/wd是/vshi体内/s从/p柠檬酸/n到/v胆固醇/n和/cc甘油/n三/m酯/ng的/ude1共同/b步骤/n，/wd抑制/vACL/x可/v减少/v甘油/n三/m酯/ng和/cc胆固醇/n的/ude1合成/vn。/wj
但/cACL/x抑制/v剂/q可能/n影响/vACL/x涉及/v的/ude1三/m羧/x酸/n循环/vn的/ude1能量/n代谢/vn，/wd产生/v副作用/n，/wd作为/v调/v脂/x药物/n的/ude1靶点/n仍/d有待/v研究/vn。/wj
HMGCR/x是/vshi合成/v胆固醇/n的/ude1限速/n酶/x，/wdHMGCS/x是/vshi在/pHMGCR/x之前/f参与/v胆固醇/n合成/vn的/ude1酶/x，/wd抑制/v这/rzv两/m种/q酶/x可/v抑制/v胆固醇/n的/ude1合成/vn。/wj
鲨/ng烯/x合/v酶/x是/vshi催化/vi两分/m子/q焦/a磷酸/n法/b尼/b酯/ng形成/v鲨/ng烯/x的/ude1酶/x。/wj
文献/n报道/v，/wd抑制/v鲨/ng烯/x合/v酶/x可/v减少/v胆固醇/n合成/vn，/wd也/d可/v增加/vLDL/x受体/n活性/b，/wd从而/c降低/v血浆/n甘油/n三/m酯/ng水平/n。/wj
因/p鲨/ng烯/x合/v酶/x参与/v的/ude1是/vshi胆固醇/n合成/vn下游/f步骤/n，/wd所以/c抑制/v鲨/ng烯/x合/v酶/x不/d会/v引起/v法/b尼/b焦/a磷酸/n及/cc辅/vg酶/xQ10/x减少/v，/wd可/c减少/v了/ule肌/ng痛/a的/ude1发生/vn。/wj
羊毛/n甾/x醇/ag合/v酶/x被/pbei抑制/v将/d导致/v2/n，/wd3-/m氧/n鲨/ng烯/x积聚/v，/wd使/v24/n，/wd25-/m环氧/n胆固醇/n增加/v，/wd而/cc24/n，/wd25-/m环氧/n胆固醇/n可/v反馈/v抑制/vHMGCR/x从而/c使/v胆固醇/n合成/vn减少/v[/wkz10/n]/wky。/wj
FAS/x是/vshi脂肪酸/n合成/vn的/ude1关键/n酶/x，/wd是/vshi多/a功能/n复合/vn酶/x，/wd有/vyou乙/m酰/x基/ng转移/v酶/x、/wn丙/Mg二/m酰/x基/ng转移/v酶/x，/wdβ/x-/n酮/x脂/x酰/x合/v酶/x、/wnβ/x-/n酮/x脂/x酰/x还原/vi酶/x、/wnβ/x-/n酮/x脂/x酰/x脱水/vn酶/x、/wn烯/x脂/x酰/x还原/vi酶/x、/wn硫/n酯/ng酶/x等/udeng7/a个/q功能/n域/ng[/wkz11/d]/wky，/wd因而/c具有/v多/m个/q活性/b调控/vn位/q点/qt。/wj
抑制/vFAS/x活性/n，/wd可/c阻断/v脂肪酸/n的/ude1合成/vn。/wj
MAGT/x存在/vMAGT/x-1/m，/wd-2/m，/wd-3/m三/m种/q亚型/n。/wj
分布/vi在/p胃肠/n道/qv的/ude1MAGT/x参与/v肠/n细胞/n单/d酰/x基/ng甘油/n转化/v为/p二/m酰/x基/ng甘油/n，/wd与/p脂肪酸/n的/ude1吸收/vn有关/vn，/wd乳糜/n微粒/n中/f80%/m的/ude1甘油/n三/m酯/ng由/pMAGT/x转化/vn而/cc来/vf。/wj
