基底/n节/q脑/n梗/ng死/v后/f抑郁/a患者/n的/ude11H/x－/wpMRS/x分析/vn脑/n梗/ng死/v后/f抑郁/a(/wkzpost/x-strokedepression/x，/wdPSD/x)/wky是/vshi脑/n梗/ng死/v常见/a的/ude1并发症/n之一/rz，/wd通常/d在/p脑/n梗/ng死/v后/f3/n～/ws
6/vg个/q月/n时/ng达到/v高峰/n［/wkz1/a］/wky;/wf严重/ad影响/v患者/n的/ude1预后/n，/wd增加/v脑/n梗/ng死/v患者/n的/ude1死亡率/n［/wkz2-3/m］/wky。/wj
磁共振/n波谱/n分析/v(/wkzmagneticresonancespectroscopy/x，/wdMRS/x)/wky作为/p一/m种/q活/n体/ng检测细胞/n水平/n代谢/vn变化/vn的/ude1非/b侵入/v性/ng的/ude1、/wn功能性/n成像/vn方法/n［/wkz4/ng］/wky，/wd其/rz观察/v到/v的/ude1代谢/vn改变/v明显/ad早/ad于/p脑/n内/f形态学/n改变/v，/wd已/d被/pbei广泛/ad应用/v到/v多种/m疾病/n的/ude1诊断/vn和/cc研究/vn中/f。/wj
因此/c，/wd作者/n拟/v研究/vn脑/n梗/ng死/v后/f抑郁/a患者/n的/ude1磁共振/n波谱/n的/ude1变化/vn，/wd及其/cc与/p抑郁/a、/wn神经/n功能/n评分/vn、/wn日常/b生活/vn能力/n的/ude1相关性/n，/wd以便/d为/p早期/t诊断/vPSD/x提供/v依据/n，/wd并/cc为/v其/rz病因/n学/v探讨/v提供/v线索/n。/wj
1/a资料/n与/cc方法/n1．/m1/a研究/vn对象/n和/cc分组/vd回顾/v性/ng收集/v2009年/m4月/t至/p2011年/m4月/t期间/f在/p金华市/ns中医院/n神经/n内科/n住院/vi的/ude1首/m次/qv左侧/f基底/n节/n梗塞/vi患者/n。/wj
纳入/v标准/n:/x①/wp符合/v第四/m届/q全国/n脑血管/n疾病/n会议/n制定/v的/ude1脑/n梗/ng死/v诊断/vn标准/n，/wd且/c梗塞/vi灶/n仅/d累及/v左侧/f基底/n节/n;/wf②/wp首/m次/qv诊断/vn脑/n梗/ng死/v，/wd且/c发病/vi在/p1/a周/qt内/f;/wf③/wp年龄/n≥40/m岁/qt;/wf④/wp发病/vi前/f无/v抑郁/a或/c其他/rzv神经系统/nl疾病/n;/wf⑤/wp受/v教育/vn程度/n≥5年/m，/wd无/v严重/ad失/v语/ng，/wd不/d影响/v量/n表/n的/ude1评估/vn;/wf⑥/wp患者/n为/v右/f利/vg手/n;/wf⑦/wp签署/v知情/vd同意/v书/n。/wj
排除/v标准/n:/x①/wp有/vyou额/n叶/nr1病灶/n;/wf②/wp合并/v脑/n出血/vi或/c梗塞/vi后/f出/vf血/n转化/v;/wf③/wp意识/n不/d清/a持续/vi＞7/m天/qt;/wf④/wp伴随/v其他/rzv中枢神经/nl系统/n疾病/n并/cc影响/v抑郁/a评分/vn;/wf⑤/wp伴随/v有/vyou内科/n疾病/n并/cc判定/v可能/v影响/vn生存/vn;/wf⑥/wp精神/n障碍/n或/c家族/n史/nr1阳性/n者/k;/wf⑦/wp酒精/n依赖/v;/wf⑧/wpMRI/x检查/vn禁忌/n。/wj
符合/v纳入/v标准/n入/v组/nPSD/x组/n的/ude1患者/n符合国际/n疾病/n分类/vi第10/m版/n抑郁/a发作/vn诊断/vn标准/n，/wd同时/cHAMD/x抑郁/a量/n表/n(/wkz24/n项/q版/n)/wky［/wkz5/b］/wky评分/vn≥20分/t，/wdNPSD/x组/nHAMD/x评分/vn≤8分/t，/wd正常/a组/nHAMD/x评分/vn≤8分/t。/wj
选择/v性别/n、/wn年龄/n、/wn教育/vn年限/n相/d匹配/vi的/ude1社区/n健康/an志愿者/n10/n例/n作为/v正常/ad对照/v组/n，/wd志愿者/n无/v脑血管/n意外/a病史/n;/wf右/f利/vg手/n;/wf签署/v知情/vd同意/v。/wj
排除/v标准/n同/p病例/n组/n。/wj
1．/m2/b磁共振/n扫描/vn以及/cc分析/vn脑/n梗/ng死/v患者/n在/p发病/vi1/a周/qt内/f、/wn正常/a对照/vn组/n入/v组/n后/f进行/vx第1/m次/qv磁共振/n扫描/vn，/wd脑/n梗/ng死/v患者/n在/p发病/vi后/f1/a个/q月/n再次/d行/a磁共振/n扫描/vn。/wj
1./m2．/m1/a磁共振/n常规/n扫描/vn采用/vGE/x公司/n的/ude1Signa1/x．/w5THDX/x型/k超导/b型/k磁共振/n扫描仪/n，/wd梯度/n场/qv23mT/x//wm/x，/wd切换/v率/v120T/x//wm/x//ws/x．/w8/a通道/n头颅/n线圈/n，/wd矢/ng状/ng位/qT1W1/x自/p旋/vg回波/n序列/n(/wkzSE/x)/wky:/x扫描/vn序列/nT1/x加权/vn(/wkzTR1415ms/x//wTE27ms/x//wTI740ms/x)/wky，/wdT2/x加权/vn(/wkzTR3800ms/x//wTE105ms/x)/wky，/wdFLAIR/x(/wkzTR8402ms/x//wTE127ms/x//wTI2100ms/x)/wky，/wdDWI/x(/wkzTR6000msTE98ms/x，/wdB/x值/n0s/x//wmm2/x和/cc1000mm2/x)/wky，/wd扫描/v层/qv厚/a5mm/x，/wd间隔/n0．/m5mm/x，/wd矩阵/n256×192/m，/wdNEX2/x次/qv。/wj
层/n厚/a5mm/x，/wd间距/n0．/m5/f。/wj
1．/m2．/m2/b磁共振/n波谱/n成像/vn(/wkzMRS/x)/wky采用/v多/m体/ng素/ag波谱/n扫描/vn，/wd选取/vDWI/x所/n示/vg梗塞/vi面积/n的/ude1最/d大/a层面/n，/wd将/dMRS/x的/ude1感兴趣区/n放置/v在/p左/a前额/n叶/nr1白质/n及/cc左侧/f基底/n节/n梗塞/vi区/n(/wkz尽量/d避开/v骨骼/n，/wd脑/n沟/n，/wd脂肪/n区/n，/wd防止/v脑/n脊/x液/ng的/ude1干扰影响/n测量/vnMRS/x额/n叶/nr1定位/n图/n)/wky，/wd其/rz容积/n恒定/an为/v1cm3/x(/wkz梗/v死/v中心/n区/n)/wky。/wj
扫描/v前/f机器自动/n匀/v场/qv，/wdCHESS/x(/wkzCHEmicalShiftSelective/x)/wky水/n抑制/v，/wdSTEAM/x(/wkzstimulatedechoacquisionmode/x)/wky激励/v回波/n探测/v法定/b域/n;/wfPRESS/x(/wkzpointresolvedspectroscopy/x)/wky点/v分解/v频谱/n分析法/n序列/n，/wdTR1000ms/x，/wdTE144ms/x，/wd层/qv厚/a8mm/x，/wd间隔/n2mm/x，/wdFov24cm/x×24cm/x，/wd矩阵/n128×128/m，/wd扫描/v时间/n5min/x。/wj
使用/vProbe2000/x多/m体/ng素/n1H-MRS/x软件包/n进行/vx分析/vn。/wj
主要/b监测/vn的/ude1代谢/vn物质/n及/cc化学/n位移/v如下/vi:/xN/x-/n乙/m酰/x门/n冬氨酸/n(/wkzNAA/x)/wky(/wkz1．/m97/m)/wky，/wd含/v胆碱/n类化合物/n(/wkzCho/x)/wky(/wkz3．/m11/z)/wky，/wd肌/ng酸/n(/wkzCr/x)/wky(/wkz2．/m93/a)/wky。/wj
软件包/n自动/d测出/v每个/r代谢物/n的/ude1信/n率/k比/p(/wkzSMR/x)/wky，/wd降/v下/vf面积/n，/wd测/v得/vNAA/x//wCr/x、/wnCho/x//wCr/x比/p值/n。/wj
所有/b数据/n均/d在/pSUNADW4/x．/w3/n工作/vn路/n上/f进行/vx相位/n校准/v。/wj
1H-MRS/x结果/n由/p1/a名/q有/vyou经验/n的/ude1放射科/n医师/n测定/vn，/wd并且/c经/p3/n名/q有/vyou经验/n的/ude1放射科/n医师/n共同/d读片/n确认/v结果/n。/wj
左/a前额/n叶/nr1白质/n定位/vn及/cc波谱/n图/n如/v图/n1/a所/usuo示/vg。/wj
1．/m3/n神经/n功能/n评分/vn和/cc抑郁/a障碍/n的/ude1评定/vn分别/d在/p患者/n发病/vi1/a周/qt内/f、/wn发病/vi后/f1月/t、/wn6月/t时/ng评定/v神经/n功能/n评分/vn和/cc抑郁/a量/n表/n。/wj
抑郁/a障碍/n的/ude1评定/vn:/x抑郁/a评分/vn由/p2/n名/q经过/p培训/vn的/ude1心理/n科/n医师/n执行/vn，/wd入/v组/nPSD/x组/n的/ude1患者/n符合国际/n疾病/n分类/vi第10/m版/n抑郁/a发作/vn诊断/vn标准/n，/wd同时/cHAMD/x评分/vn≥20分/t，/wdNPSD/x组/nHAMD/x评分/vn≤8分/t，/wd正常/a组/nHAMD/x评分/vn≤8分/t。/wj
美国/nsf国立/b卫生院/n神经/n功能/n缺损/vn评分/vn(/wkzNIHSS/x)/wky评分/vn:/x由/p2/n名/q神经科/n医师/n评价/vn。/wj
最低/a0分/t，/wd最高/a45分/t，/wd分值/n越/d高/a功能/n缺损/vn越/d严重/a。/wj
1．/m4日/t常/d生活/vn能力/n量/n表/n(/wkzADL/x)/wky评分/vi由/p2/n名/q神经科/n医师/n评价/vn，/wd总分/n14分/t为/p完全/ad正常/a，/wd≥16分/t有/vyou不同/a程度/n的/ude1功能/n下降/vi，/wd最高/a56分/t。/wj
单项/n分/qt1分/t为/p正常/a，/wd2/n～/ws
4分/t为/p功能/n下降/vi。/wj
凡/d有/vyou2/n项/q或/c2/n项/q以上/f≥3/m，/wd或/c总分/n≥22/m，/wd为/p功能/n有/vyou明显/a障碍/n。/wj
1．/m5/b统计学/n方法/n应用/vSPSS13/x./wj
0/b统计/vn软件/n。/wj
对/p计量/vn资料/n的/ude1各组/r1H-MRS/x值/n、/wnNIHSS/x值/n、/wnADL/x值/n用/vShapiro/x-Wilk/x(/wkzW/x检验/v)/wky法/n进行/vx正/d态/ng性/ng检验/v，/wd本/rz研究/vn数据/n符合/v正/d态/ng性/ng分布/vi，/wd采用/v(/wkz珋/xx/x±s/x)/wky表示/v;/wf三/m组/q间/f比较/d用/p单/b因素/n方差/n分析/vn(/wkzANOVA/x)/wky?/ww
702/m?/ww
第/m2期/nr2周蕾/nr，/wd等/v．/w基底/n节/q脑/n梗/ng死/v后/f抑郁/a患者/n的/ude11H-MRS/x分析/vLSD/x-t/x检验/vn法/n，/wd两/m组/q间/f比较/d用/v独立/a样本/nt/x检验/vn，/wd并/cc采用/v偏/a相关/vn分析法/n(/wkzPartial/x)/wky研究/v多/a变量/n时/ng两/m变量/n之间/f的/ude1相关性/n，/wdP/x＜/w0./m05/m表示/v差异/n有/vyou统计学/n意义/n。/wj
2/b结果/n2./m1/a一般/a资料/n及/cc统计/vn结果/n共/d纳入/v22/nr例/n符合标准/n的/ude1首/m次/qv左侧/f基底/n节/n梗塞/vi患者/n，/wd其中/rz男/b12/m例/q，/wd女/b10/n例/n，/wd年龄/n(/wkz52±7/m)/wky岁/ng;/wf教育/vn年限/n(/wkz9./m4±5./m2/b)/wky年/n。/wj
