在/p大鼠/n酒精/n撤退/vi模型/n中/f，/wdRFRP/x非/b选择性/n受体/n拮/x抗/v剂/q可以/v减弱/v动物/n焦虑/an行为/n［/wkz45/m］/wky。/wj
这些/rz数据/n提示/vn，/wdRFRP/x和/cc受体/n系统/n的/ude1激活/v可以/v引起/v动物/n的/ude1焦虑/a样/q行为/n。/wj
然而/c在/p羊/n中/f却/d得到/v了/ule不同/a结果/n［/wkz46/m］/wky，/wd采用/v隔离/vd束缚/v的/ude1心理/n应/v激/v方法/n研究/v发现/v，/wd应/v激/v后/fRFRP/x-3/m蛋白/n和/ccmRNA/x无/v显/v著/uzhe变化/vn，/wd表达/vFos/x蛋白/n的/ude1RFRP/x神经元/n数目/n也/d没有/v变化/vn。/wj
但/c糖/n皮质/n激素/n显/v著/uzhe性/ng升高/v，/wdLH/x明显/ad下降/vi。/wj
这些/rz结果/n提示/vn心理/n社会/n应/v激/v可能/v没有/d激活/vRFRP/x系统/n，/wdRFRP/x可能/n不/d是/vshi心理/n社会/n应/v激/v引起/vLH/x变化/vn的/ude1主要/b调节/vn因子/n。/wj
我们/rr实验室/n的/ude1研究/vn发现/v妊娠期/t母体/n间歇/n低氧/n应/v激/v可以/v引起/v子代/n雄性/b大鼠/n的/ude1焦虑/a样/q行为/n，/wd而/cc雌性/b大鼠/n没有/v［/wkz47/m］/wky。/wj
由于/pPVN/x是/vshi应/v激/v激活/v的/ude1促/v肾上腺/n皮质/n激素/n释放/v激素/n(/wkzCRH/x)/wky神经元/n主要/d聚集/v区域/n，/wd同时/c也/d是/vshiRFRP/x神经元/n纤维/n的/ude1主要/d投射/v区域/n，/wd推测/vRFRP/x与/pCRH/x存在/v着/uzhe密切/a关系/n，/wdRFRP/x可能/n通过/p调节/vn下丘脑/n-/n垂体/n-/n肾上腺/n参与/v应/v激/v诱导/v的/ude1焦虑/a行为/n。/wj
6RFRP/x与/cc应/v激/v反应/vi应/v激/v影响/vn人类/n和/cc动物/n生殖/vn功能/n。/wj
许多/m研究/v显示/v应/v激/v轴/n和/cc生殖/vn轴/n有/vyou密切/a关系/n。/wj
RFRP/x-3/m作为/p近年/t发现/v的/ude1中枢/n生殖/vn轴/n的/ude1调节/vn激素/n，/wd其/rz与/p应/v激/v的/ude1关系/n也/d引起/v研究者/n的/ude1关注/vn。/wj
Elizabeth/x等/udeng人/n发现/v在/p雄性/b成年/n大鼠/n中/f无论/c急性/b束缚/vn应/v激/v还是/c慢性/b束缚/vn应/v激/v，/wd都/d可以/v引起/vDMH/x区/nRFRP/x的/ude1表达/vn的/ude1上/f调和/vn生殖/vn轴/n活动/vn的/ude1抑制/vn［/wkz48/m］/wky。/wj
免疫/vn组织/n化学/n结果显示/n，/wd大约/d有/vyou53%/m的/ude1RFRP/x细胞/n表达/v糖/n皮质/n激素/n受体/n，/wd仅/d有/vyou13%/m的/ude1RFRP/x神经元/n表达/vCRH/x的/ude1受体/n。/wj
同时/c肾上腺/n切除/v术/ng可以/v消除/v应/v激/v引起/v的/ude1RFRP/x的/ude1表达/vn升高/vn。/wj
这些/rz研究/vn结果表明/n糖/n皮质/n激素/n可能/v是/vshi应/v激/v轴/n中/f主要/d参与/v生殖/vn抑制/v的/ude1激素/n，/wd可以/v直接/a作用/n于/pRFRP/x神经元/n从而/c抑制/v生殖/vn功能/n。/wj
另/rz一个/mq研究/v显示/v足/a部/q电/n刺激/v增加/v了/ule下丘脑/n背/v内侧/fRFRP/x神经元/n的/ude1Fos/x蛋白/n表达/v，/wd提示/v电/n刺激/v应/v激/v可以/v激活/v生殖/vn激素/nRFRP/x神经元/n［/wkz44/m］/wky。/wj
而/cc给予/vx脑室/n注射/vRFRP/x-1/m或/cRFRP/x-3/m可以/v引起/v血浆/n促/v肾上腺/n激素/n和/cc催产素/n的/ude1增加/vn。/wj
由于/pRFRP/x神经元/n纤维/n投射/v到/vPVN/x，/wdRFRP/x受体/n也/d存在/v与/p这个/rz区域/n，/wd提示/vRFRP/x神经元/n可以/v激活/vPVN/x区/n的/ude1CRH/x神经元/n。/wj
综/ng上/f，/wd哺乳动物/nl的/ude1促/v性腺/n激素/n抑制/v激素/n(/wkzRFRP/x)/wky及/cc其/rz受体/n主要/d分布/vi在/p下丘脑/n，/wdRFRP/x和/ccGnRH/x共同/d参与/v哺乳动物/nl生殖/vn轴/n功能/n的/ude1调节/vn。/wj
作为/p大脑/n的/ude1神经/n肽/x，/wd越来越/d多/a的/ude1研究/vn显示/vRFRP/x参与/v了/ule动物/n的/ude1摄食/v、/wn焦虑/an以及/cc应/v激/v反应/vn等/udeng行为/n，/wd并/cc起/vf重要/a的/ude1调节/vn作用/n。/wj
下丘脑/nPVN/x区/n和/ccDMH/x区/n的/ude1促/v性腺/n激素/n抑制/v激素/n的/ude1网络/n研究/vn将/d会/v揭示/v哺乳动物/nl神经/n内分泌/n调节/vn的/ude1核心/n机制/n，/wd而/ccGnRH/x和/ccRFRP/x的/ude1相互/b调控/vn机制/n将/d为/v动物/n行为/n神经/n内分泌/n学/v开拓/v新/a的/ude1研究/vn领域/n。/wj
细胞/n内/f的/ude1DNA/x在内/v源/ng及/cc外/f源/ngDNA/x损伤/vn物质/n的/ude1攻击/vn下/f可/v发生/v突变/vi，/wd在/pDNA/x复制/vn过程/n中/f也/d可/v发生/v遗传/vn突变/vn［/wkz1/a］/wky。/wj
尽管/cDNA/x复制/vn过程/n存在/v修复/v机制/n，/wd但是/c仍然/d有/vyou部分/m突变/vi能/v成功/ad躲避/v修复/v机制/n的/ude1检测/vn，/wd通过/p半/m保留/v复制/v遗传/vi到/v子代/n细胞/n中/f［/wkz2/b］/wky，/wd这些/rz突变/vi的/ude1累积/vn最终/d可/v导致/v各种/rz疾病/n的/ude1发生/v［/wkz3/n］/wky。/wj
而/cc疾病/n变化/vn是/vshi一个/mq动态/n过程/n，/wd只/d有/vyou比/p对/p某个/rz人/n在/p疾病/n发生/v前/f后/f的/ude1基因序列/n，/wd通过/p统计/v大量/m同类/n人群/n的/ude1疾病/n前后/f的/ude1基因组序列/n的/ude1变化/vn，/wd才/d能/v更加/d准确/a有效/a地/ude2选择/v该/rz疾病/n的/ude1相关/vn作用/n基因/n。/wj
然而/cDNA/x样本/n，/wd尤其/d是/vshi疾病/n前/f的/ude1样本/n非常/d有限/a，/wd而且/c无法/v重复/vd获取/v，/wd只要/c不/d是/vshi同一个/b时间/n点/qt的/ude1DNA/x样本/n，/wd都/d有/vyou可能/n发生/v细微/a的/ude1变化/vn。/wj
鉴于/p样本/n采集/v的/ude1长期性/n和/cc不/d确定性/n，/wd以及/cc庞杂/a的/ude1基因突变/n位/q点/qt的/ude1存在/vn，/wd而/cc人体/n样本/n中/f获得/v的/ude1基因组/nDNA/x产量/n有限/a，/wd如果/c可以/v通过/p基因组/nDNA/x固定化/n实现/vDNA/x的/ude1固定/a保存/vn和/cc反复/d利用/v，/wd用/p有限/a的/ude1基因组/nDNA/x检测/vn数以百万计/bl的/ude1突变/vn位/q点/qt，/wd将/d会/v大大降低/n全/a基因组/n测/v序/n的/ude1成本/n，/wd是/vshi一/m种/q比较/d理想/a的/ude1解决/vn方法/n。/wj
目前/t，/wdDNA/x固定/vn技术/n已/d广泛/ad应用/v于/p生命/n科学/n和/cc临床诊断/n中/f。/wj
根据/pDNA/x固定/vn机制/n的/ude1不同/a，/wd可/c分为/v非共/n价/n固定/vn以及/cc共价/n固定/v［/wkz4/ng］/wky。/wj
尽管/cDNA/x固定方法/n众多/m［/wkz5-7/m］/wky，/wd但是/c考虑/v到/v基因组/nDNA/x的/ude1稀缺/a性/ng，/wd以及/cc随后/f的/ude1PCR/x检测/vn，/wd本/rz实验/n选取/v了/ule由/pMirzabekov/x等/udeng发明/n的/ude1DNA/x-/n水/n凝胶/n共聚/vi化学/n作为/p基因组/nDNA/x固定/a的/ude1备选/n方法/n［/wkz8-9/m］/wky。/wj
之前/f该/rz技术/n仅/d限于/vDNA/x共聚/vi反应/vi的/ude1机制/n研究/vn及/cc寡聚/n核/n苷/x酸/n和/cc固定/vn后/fPCR/x产物/n的/ude1分子/n杂交/vn检测/vn。/wj
本/rz实验/n使用/v甲基/n丙烯/n酰/x胺/n凝胶/n作为/v固相/n支持/v载体/n，/wd通过/p对/p原有/v固定方法/n的/ude1改进/vn，/wd实现/v了/ule对质/v粒/qDNA/x以及/cc人/n基因组/nDNA/x的/ude1固定/vn和/cc反复/d使用/v。/wj
结果表明/n，/wd该/rz法/n固定/vDNA/x的/ude1承载/vn量/n大/a，/wd热/a稳定性/n好/a，/wd特/ag异性/n高/a，/wd水/n凝胶/n则/d可/v为/vPCR/x扩增/n反应/vi提供/v良好/a的/ude1亲/a水/n环境/n，/wd可/c用于/v全/a基因组/n测/v序/n及/ccSNP/x的/ude1检测/vn。/wj
1/a材料/n和/cc方法/n1．/m1/a质/ng粒/ng与/p菌株/n大肠杆菌/nlDH5/xα/x为/p浙江省/ns台州/ns医院/n中心/n实验室/n保存/v;/wf质/ng粒/ngpGEM/x-T/x购/v自/pPromega/x公司/n;/wf质/ng粒/ngpGEM/x-T-HLA-G/x为/p浙江省/ns台州/ns医院/n中心/n实验室/n构建/v。/wj
1．/m2/b基因组/nDNA35/x例/n来自/v浙江省/ns台州/ns医院/n体检/vi的/ude1正常/a中国/ns人/n，/wd性别/n不/d限/v，/wd未经/d病理学/n确证/v任何/rz疾病/n。/wj
1．/m3/n主要/b试剂/nTaqDNA/x聚合/vn酶/x购/v自/pPromega/x公司/n;/wfPCR/x引/v物/ng由/p上海/ns捷/ag瑞/ag生物/n代为/v合成/vn;/wfDNA/x凝胶/n回收/vn试剂/n盒/ng为/vQiagen/x产品/n;/wf全/a血/n基因组/nDNA/x小量/m抽提/n试剂/n盒/ng及/ccPCR/x产物/n纯化/vn试剂/n盒/ng均/d购/vg自/p上海/ns捷/ag瑞/ag生物/n。/wj
1．/m4/ng引/v物/ng设计/v以/p本/rz实验室/n构建/v的/ude1质/ng粒/ngpGEM/x-T-HLA-G/x为/p模板/n，/wd参照/vpGEM/x-T/x载体/n的/ude1基因序列/n，/wd分别/d设计/v上下游/f引/v物/ng，/wd5/b'/x末端/n均/d含/v(/wkzCH2/x)/wky6-NH2/x修饰/vn。/wj
同时/c，/wd合成/v不/d带/v(/wkzCH2/x)/wky6-NH2/x末端/n修饰/v的/ude1引/v物/ngT7/x-OH/x以及/ccPuc26/x-OH/x，/wd作为/v固定效果/n比/p对/p的/ude1阴性/n对照/vn。/wj
另外/c，/wd分别/d设计/v4/ng对/p和/cc6/vg对/p引/v物/ng对/pHLA/x-G/x扩增/n片段/n及/cc人类/n基因组/nDNA/x热/a稳定性/n进行/vx检测/vn。/wj
