基底 节 脑 梗 死 后 抑郁 患者 的 1H － MRS 分析 脑 梗 死 后 抑郁 ( post -strokedepression ， PSD ) 是 脑 梗 死 常见 的 并发症 之一 ， 通常 在 脑 梗 死 后 3 ～
6 个 月 时 达到 高峰 ［ 1 ］ ; 严重 影响 患者 的 预后 ， 增加 脑 梗 死 患者 的 死亡率 ［ 2-3 ］ 。
磁共振 波谱 分析 ( magneticresonancespectroscopy ， MRS ) 作为 一 种 活 体 检测细胞 水平 代谢 变化 的 非 侵入 性 的 、 功能性 成像 方法 ［ 4 ］ ， 其 观察 到 的 代谢 改变 明显 早 于 脑 内 形态学 改变 ， 已 被 广泛 应用 到 多种 疾病 的 诊断 和 研究 中 。
因此 ， 作者 拟 研究 脑 梗 死 后 抑郁 患者 的 磁共振 波谱 的 变化 ， 及其 与 抑郁 、 神经 功能 评分 、 日常 生活 能力 的 相关性 ， 以便 为 早期 诊断 PSD 提供 依据 ， 并 为 其 病因 学 探讨 提供 线索 。
1 资料 与 方法 1． 1 研究 对象 和 分组 回顾 性 收集 2009年 4月 至 2011年 4月 期间 在 金华市 中医院 神经 内科 住院 的 首 次 左侧 基底 节 梗塞 患者 。
纳入 标准 : ① 符合 第四 届 全国 脑血管 疾病 会议 制定 的 脑 梗 死 诊断 标准 ， 且 梗塞 灶 仅 累及 左侧 基底 节 ; ② 首 次 诊断 脑 梗 死 ， 且 发病 在 1 周 内 ; ③ 年龄 ≥40 岁 ; ④ 发病 前 无 抑郁 或 其他 神经系统 疾病 ; ⑤ 受 教育 程度 ≥5年 ， 无 严重 失 语 ， 不 影响 量 表 的 评估 ; ⑥ 患者 为 右 利 手 ; ⑦ 签署 知情 同意 书 。
排除 标准 : ① 有 额 叶 病灶 ; ② 合并 脑 出血 或 梗塞 后 出 血 转化 ; ③ 意识 不 清 持续 ＞7 天 ; ④ 伴随 其他 中枢神经 系统 疾病 并 影响 抑郁 评分 ; ⑤ 伴随 有 内科 疾病 并 判定 可能 影响 生存 ; ⑥ 精神 障碍 或 家族 史 阳性 者 ; ⑦ 酒精 依赖 ; ⑧ MRI 检查 禁忌 。
符合 纳入 标准 入 组 PSD 组 的 患者 符合国际 疾病 分类 第10 版 抑郁 发作 诊断 标准 ， 同时 HAMD 抑郁 量 表 ( 24 项 版 ) ［ 5 ］ 评分 ≥20分 ， NPSD 组 HAMD 评分 ≤8分 ， 正常 组 HAMD 评分 ≤8分 。
选择 性别 、 年龄 、 教育 年限 相 匹配 的 社区 健康 志愿者 10 例 作为 正常 对照 组 ， 志愿者 无 脑血管 意外 病史 ; 右 利 手 ; 签署 知情 同意 。
排除 标准 同 病例 组 。
1． 2 磁共振 扫描 以及 分析 脑 梗 死 患者 在 发病 1 周 内 、 正常 对照 组 入 组 后 进行 第1 次 磁共振 扫描 ， 脑 梗 死 患者 在 发病 后 1 个 月 再次 行 磁共振 扫描 。
1. 2． 1 磁共振 常规 扫描 采用 GE 公司 的 Signa1 ． 5THDX 型 超导 型 磁共振 扫描仪 ， 梯度 场 23mT / m ， 切换 率 120T / m / s ． 8 通道 头颅 线圈 ， 矢 状 位 T1W1 自 旋 回波 序列 ( SE ) : 扫描 序列 T1 加权 ( TR1415ms / TE27ms / TI740ms ) ， T2 加权 ( TR3800ms / TE105ms ) ， FLAIR ( TR8402ms / TE127ms / TI2100ms ) ， DWI ( TR6000msTE98ms ， B 值 0s / mm2 和 1000mm2 ) ， 扫描 层 厚 5mm ， 间隔 0． 5mm ， 矩阵 256×192 ， NEX2 次 。
层 厚 5mm ， 间距 0． 5 。
1． 2． 2 磁共振 波谱 成像 ( MRS ) 采用 多 体 素 波谱 扫描 ， 选取 DWI 所 示 梗塞 面积 的 最 大 层面 ， 将 MRS 的 感兴趣区 放置 在 左 前额 叶 白质 及 左侧 基底 节 梗塞 区 ( 尽量 避开 骨骼 ， 脑 沟 ， 脂肪 区 ， 防止 脑 脊 液 的 干扰影响 测量 MRS 额 叶 定位 图 ) ， 其 容积 恒定 为 1cm3 ( 梗 死 中心 区 ) 。
扫描 前 机器自动 匀 场 ， CHESS ( CHEmicalShiftSelective ) 水 抑制 ， STEAM ( stimulatedechoacquisionmode ) 激励 回波 探测 法定 域 ; PRESS ( pointresolvedspectroscopy ) 点 分解 频谱 分析法 序列 ， TR1000ms ， TE144ms ， 层 厚 8mm ， 间隔 2mm ， Fov24cm ×24cm ， 矩阵 128×128 ， 扫描 时间 5min 。
使用 Probe2000 多 体 素 1H-MRS 软件包 进行 分析 。
主要 监测 的 代谢 物质 及 化学 位移 如下 : N - 乙 酰 门 冬氨酸 ( NAA ) ( 1． 97 ) ， 含 胆碱 类化合物 ( Cho ) ( 3． 11 ) ， 肌 酸 ( Cr ) ( 2． 93 ) 。
软件包 自动 测出 每个 代谢物 的 信 率 比 ( SMR ) ， 降 下 面积 ， 测 得 NAA / Cr 、 Cho / Cr 比 值 。
所有 数据 均 在 SUNADW4 ． 3 工作 路 上 进行 相位 校准 。
1H-MRS 结果 由 1 名 有 经验 的 放射科 医师 测定 ， 并且 经 3 名 有 经验 的 放射科 医师 共同 读片 确认 结果 。
左 前额 叶 白质 定位 及 波谱 图 如 图 1 所 示 。
1． 3 神经 功能 评分 和 抑郁 障碍 的 评定 分别 在 患者 发病 1 周 内 、 发病 后 1月 、 6月 时 评定 神经 功能 评分 和 抑郁 量 表 。
抑郁 障碍 的 评定 : 抑郁 评分 由 2 名 经过 培训 的 心理 科 医师 执行 ， 入 组 PSD 组 的 患者 符合国际 疾病 分类 第10 版 抑郁 发作 诊断 标准 ， 同时 HAMD 评分 ≥20分 ， NPSD 组 HAMD 评分 ≤8分 ， 正常 组 HAMD 评分 ≤8分 。
美国 国立 卫生院 神经 功能 缺损 评分 ( NIHSS ) 评分 : 由 2 名 神经科 医师 评价 。
最低 0分 ， 最高 45分 ， 分值 越 高 功能 缺损 越 严重 。
1． 4日 常 生活 能力 量 表 ( ADL ) 评分 由 2 名 神经科 医师 评价 ， 总分 14分 为 完全 正常 ， ≥16分 有 不同 程度 的 功能 下降 ， 最高 56分 。
单项 分 1分 为 正常 ， 2 ～
4分 为 功能 下降 。
凡 有 2 项 或 2 项 以上 ≥3 ， 或 总分 ≥22 ， 为 功能 有 明显 障碍 。
1． 5 统计学 方法 应用 SPSS13 .
0 统计 软件 。
对 计量 资料 的 各组 1H-MRS 值 、 NIHSS 值 、 ADL 值 用 Shapiro -Wilk ( W 检验 ) 法 进行 正 态 性 检验 ， 本 研究 数据 符合 正 态 性 分布 ， 采用 ( 珋 x ±s ) 表示 ; 三 组 间 比较 用 单 因素 方差 分析 ( ANOVA ) ?
702 ?
第 2期 周蕾 ， 等 ． 基底 节 脑 梗 死 后 抑郁 患者 的 1H-MRS 分析 LSD -t 检验 法 ， 两 组 间 比较 用 独立 样本 t 检验 ， 并 采用 偏 相关 分析法 ( Partial ) 研究 多 变量 时 两 变量 之间 的 相关性 ， P ＜ 0. 05 表示 差异 有 统计学 意义 。
2 结果 2. 1 一般 资料 及 统计 结果 共 纳入 22 例 符合标准 的 首 次 左侧 基底 节 梗塞 患者 ， 其中 男 12 例 ， 女 10 例 ， 年龄 ( 52±7 ) 岁 ; 教育 年限 ( 9. 4±5. 2 ) 年 。
