因此 ， 目前 所谓 的 个性化 治疗 大多 只 是 根据 “ 人 ” 的 个性化 ， 很 少 涉及 “ 病 ” 的 个性化 。
直到 最近 几 年 ， 由于 全 基因组 测 序 成本 大幅度降低 ， 这个 领域 的 前景 才 初 露 端倪 。
体细胞 突变 发生 的 机制 基本 是 两 种 情况 : 其一 ， 细胞 在 正常 分裂 时 半 保留 复制 过程 中 自发 的 少量 配对 错误 ， 而 细胞 的 自身 修复 机制 未 能 发现 并 予以 及时 纠正 ， 因此 被 保留 进入 子代 细胞 ; 其二 ， 环境 物质 对 DNA 攻击 发生 碱基 改变 而 生成 体细胞 突变 ， 随着 进一步 的 细胞 分裂 进入 子代 细胞 。
人类 从 父母 得到 的 遗传物质 也 存在 突变 ， 但 这些 突变 多数 被 称为 基因多态性 ， 它 是 人类 长期 进化 过程 中 随着 生殖细胞 突变 而 分布 在 广大 人群 中 的 突变 ， 因此 在 人群 中 存在 一定 的 突变 比例 。
目前 学术界 一般 认为 只有 在 人群 中 大于 1% 发生率 的 突变 可 被 称为 单核 苷 酸 多态性 ( singlenucleotidepolymorphism ， SNP ) 。
SNP 决定 了 个体 的 体质 ， 也 就是 在 人 与 环境 接触 过程 中 个体 保护 自身 DNA 不 发生 体细胞 突变 的 能力 ， 常 称为 疾病 易 感性 。
而 体细胞 突变 决定 了 疾病 在 实际 发生 发展 过程 中 的 实质 。
人体 由 60 兆 左右 的 细胞 组成 ， 每个 细胞 在 其 生命 进程 中 都 会 进行 多次 的 复制 ， 尽管 复制 过程 中 ， 机体 存在 多种 机制 保证 复制 的 高保真 性 ， 但是 还 是 有 部分 DNA 会 发生 突变 ， 而 这 一 突变 产生 的 结果 可能 是 决定性 的 。
在 大多数 散发 性 肿瘤 生长 的 早期 ， 突变 发生 形成 选择性 优势 ， 引起 肿瘤 细胞 疯狂 增长 。
由于 人体 本身 的 复杂性 ， 这 方面 的 研究 大多 通过 比较 病例 ——— 对照 研究 中 的 病例 和 对照 之间 的 差异 ， 找 出 SNP 等 遗传 因素 差异 ， 指导 疾病 预防 和 治疗 。
考虑 到 其它 因素 的 影响 ， 不同 的 研究者 可能 会 得到 不同 的 结论 ， 引起 争议 。
以 GSTM1 为 例 ， 临床 研究 指出 ， GSTM1 缺失 可能 和 癌症 发生率 的 升高 有关 ; 但是 ， 另外 一些 研究 表明 ， 完整 GSTM1 基因 的 存在 可能 对 细胞 发生 的 损害 ［ 1 ］ 和 DNA 加 合物 的 生成 ［ 2-3 ］ 有 保护 作用 。
因此 ， 以往 的 研究 更 关注 个体 先天 的 基因多态性 对 疾病 易 感性 的 决定 作用 。
研究者 虽然 知道 先天 的 基因多态性 决定 的 主要 是 个体 对 环境 物质 攻击 DNA 时 的 保护 作用 ， 而 发生 在 基因 上 的 体细胞 突变 才 是 疾病 发生 发展 的 真正 原因 ; 但是 ， 限于 研究 手段 只能 对 DNA 加 合物 的 检测分析 ， 很 难 直接 涉及 体细胞 突变 的 情况 ， 甚至 很 多 学者 忽视 体细胞 突变 的 存在 。
他们 认为 ， 如果 存在 体细胞 突变 ， 那么 DNA 指纹 技术 还 能 用于 个体 鉴别 吗 ?
这个 问题 困惑 学术界 很 多 年 。
相信 ， 随着 近年 测 序 技术 的 快速 发展 ， 对 同一 个体 的 不同 组织 进行 全 基因组 测 序 时 ， 这 其中 的 奥秘 定 能 揭示 。
2 自身 不同 组织 的 基因序列 比 对 可以 检测 体细胞 突变 的 位 点 2010年 ， 英国 剑桥 桑 格 实验 中心 在 《 Nature 》 发表 了 2 篇 重要 论文 ［ 4-5 ］ ， 一 篇 对 属于 同一 个体 的 肺癌细胞 和 皮肤 细胞 进行 了 全 序列 测定 ， 比较 发现 肺癌细胞 存在 22910 个 突变 ; 另 一 篇 描述 了 黑色素 瘤细胞 与 来自 同一个 体 的 淋巴细胞 的 全 序列 结果 ， 比较 发现 了 33345 个 突变 。
他们 提出 虽然 有 上万 的 体细胞 突变 ， 只 有 小 部分 是 肇事 突变 ( drivermutation ) ， 大部分 是 与 疾病 发生 发展 无关 的 无关 突变 ( passengermutation ) 。
之后 的 2年 多 ， 这个 领域 的 研究 如 雨后春笋 ， 脑瘤 、 白血病 、 卵巢癌 、 嗜 铬 细胞 瘤 、 副神经 节 瘤 、 肝癌 、 肾 癌 、 肺癌 ［ 6-12 ］ 等 都 完成 了 肿瘤 细胞 与 正常 细胞 的 同 个体 对照 全 基因组 测 序 ， 发现 的 体细胞 突变 数量 基本 在 几 万 这样 一个 区间 。
这 正好 回答 了 让 学术界 困惑 多年 的 问题 : 体细胞 突变 确实 存在 ， 只 是 有限 的 数量 与 基因组 总量 相比 是 很 小 的 比例 ， 虽然 其 不 影响 个体 鉴别 ， 却 实实在在 是 引起 疾病 的 元凶 。
人 一生 长期 与 环境 互相 作用 ， 有些 DNA 首先 发生 体细胞 突变 ， 这个 突变 位 点 会 在 其 分裂 生成 的 子代 细胞 中 得到 遗传 ， 被 称为 体细胞 遗传 。
不断 的 突变 ， 不断 的 细胞 分裂 ， 体细胞 突变 会 在 细胞 中 积累 ， 年龄 越 大 积累 的 体细胞 突变 越 多 ， 造成 组织 内部 细胞 拥有 一 群 一 群 的 单克隆 。
2011年 ， Gaisa 等 ［ 13 ］ 对 膀胱 上 皮 细胞 进行 了 研究 ， 发现 其 拥有 多 个 单克隆 族群 。
每 一个 族群 内部 拥有 相同 的 基因序列 ， 而 族群 之间 在 某些 基因 上 可 发现 独特 的 体细胞 突变 特征 。
Kan 等 ［ 14 ］ 的 研究 显示 ， 肿瘤 的 体细胞 突变 在 患者 中 具有 多样性 ， 并 带来 了 发生 发展 过程 中 的 差异 ; 同时 发现 ， 体细胞 突变 虽然 发生 在 同一个 基因 上 ， 却 分散 在 不同 的 位置 ， 说明 体细胞 发生 的 随机性 。
Si 等 ［ 15 ］ 对 432 例 中国 黑色素 瘤 患者 进行 了 BRAF 和 NRAS 的 基因 测 序 ， 发现 基因 上 有些 位置 如 BRAFV600E 是 高频 突变 位 点 ， 称为 突变 热点 ( hotspots ) ， 有 89 个 样本 在 这个 位 点 有 突变 。
而 其他 多数 体细胞 突变 却 只 在 1 个 样本 中 检测 得到 ， 更 说明 了 体细胞 突变 的 随机 分布 性质 。
Morin 等 ［ 16 ］ 对 非 霍奇金 淋巴 瘤 的 研究 中 也 发现 ， 在 组 蛋白 修饰 基因 上 的 高频率 体细胞 突变 。
2012年 ， Hodis 等 ［ 17 ］ 对 大规模 黑色素 瘤 的 外 显 子 数据 进行 分析 ， 结果 发现 了 6 个 异常 的 黑色素 瘤 相关 基因 ( PPP6C 、 RAC1 、 SNX31 、 TACC1 、 STK19 和 ARID2 ) ， 其中 RAC1 、 PPP6C 和 STK19 基因 拥有 频 发性 。
这种 肇事 突变 组合 的 研究 为 黑色素 瘤 形成 过程 中 紫外线 的 直接 诱变 作用 提供 了 明确 的 基因组 学 证据 。
Stephens 等 ［ 19 ］ 对 100 个 乳腺癌 样本 进行 了 全 基因 测 序 ， 发现 肿瘤 样本 之间 在 体细胞 突变 的 分布 上 差异性 很 大 ， 还 发现 患者 年龄 越 大 ， 体细胞 突变 的 数量 越 多 。
