他们 还 证明 , 在 健康人 外 周 血 单核 细胞 或 T 淋巴细胞 培养液 中 加入 PS -G 的 共同 培养 上 清 液 可 明显 促进 巨 噬 细胞 生成 IL -1 、 TNF 和 IL -6 , 并 促进 T 淋巴细胞 生成 IFN 。
我们 还 在 分子水平 研究 了 灵芝 多糖 B 对 这些 细胞 因子 mR -NA 表达 的 影响 , 即 在 小 鼠 巨 噬 细胞 或 脾 细胞 培养液 中 加入 不 同 浓度 的 灵芝 多糖 B , 培养 1 ~ 2d 后 用 TRIZOL 试剂 提取 细胞 内 总 RNA , 加入 相应 的 细胞 因子 或 内 对照 -actin 引 物 和 RT -PCR 反应体系 , 置 PCR 仪 中 扩增 , 琼脂 糖 电泳 分析 扩增产物 , 并 用 图像 分析仪 对 扩增 的 泳 带 进行 辉 度 分析 。
结果 可见 灵芝 多糖 B 可 显 著 促进 小 鼠 腹腔 巨 噬 细胞 TNFmRNA 和 脾 细胞 IFNmRNA 的 表达水平 。
同样 , 给 小 鼠 灌 胃 灵芝 提取 物 5 、 10 、 20g ( 生药 ) kg -1 共 10d , 亦可 显 著 增加 小 鼠 腹腔 巨 噬 细胞 TNFmRNA 表达 和 脾 细胞 IFNmRNA 表达 [ 7 ~ 9 ] 。
最近 , 我们 建立 了 经 P815 肿瘤 细胞 裂解 物 冲击 致 敏 小 鼠 骨髓 来源 的 树 突 状 细胞 ( dendriticcells , DC ) 诱导 产生 的 特 异性 细胞 毒 T 淋巴细胞 ( CTL ) 模型 , 在 冲击 致 敏 阶段 与 不同 浓度 的 灵芝 多糖 ( GLP ) 共培养 , 收集 CTL 及 细胞 培养 上 清 液 , 将 释放 入 CTL 与 P815 肿瘤 细胞 共培养 体系 细胞 培养 上 清 液 中 的 乳酸 脱 氢 酶 ( LDH ) 活性 代表 CTL 的 特 异性 杀伤 活性 ; 同时 用 RT -PCR 法检测 CTL 中 IFN 及 颗粒 酶 B ( GranzymeB ) 的 mRNA 表达 ; 用 ELISA 法检测 细胞 培养 上 清 液 中 IFN 蛋白 含量 ; 用 WesternBlot 法检测 CTL 表达 的 颗粒 酶 B 蛋白 含量 。
结果显示 , 当 DC 经 P815 肿瘤 细胞 冻 融 抗原 冲击 致 敏 后 , 其 诱导 产生 的 CTL 对 P815 肿瘤 细胞 具有 杀伤 作用 , 灵芝 多糖 ( 0. 8 、 3. 2 、 12. 8gml-1 ) 可 增强 此 作用 , 表现 为 释放 入 培养 上 清 液 中 的 LDH 活性 显 著 增强 。
进一步 研究 发现 , 同 上 质量 浓度 的 灵芝 多糖 可 明显增加 DC 诱导 CTL 的 IFNmRNA 表达 , 并 使 培养 上 清 液 中 IFN 蛋白 含量 增加 。
我们 还 证明 , 上述 质量 浓度 的 灵芝 多糖 可 明显增加 DC 诱导 的 CTL 的 颗粒 酶 BmRNA 及 蛋白 表达 。
这些 结果 提示 , 灵芝 多糖 在 DC 成熟 阶段 , 增强 DC 对 肿瘤 抗原 的 捕获 、 处理 、 提 呈 能力 , 增强 DC 诱导 的 特 异性 CTL 的 细胞 毒 活性 。
而 灵芝 多糖 促进 活化 CTL 的 IFNmRNA 转录 及 蛋白 表达 , 使 IFN 生成 增加 , 后者 通过 其 直接 和 间接 作用 发挥 抑 瘤 作用 。
颗粒 酶 为 淋巴细胞 丝 氨酸 蛋白 酶 类 , 通常 以 非 活化 的 酶 原 形式 贮存 于 CTL 和 杀伤 细胞 ( NK ) 胞 质 内 的 细胞 毒 颗粒 中 , 并 于 脱 颗粒 时 释 出 , 促进 CTL 及 NK 细胞 介导 的 细胞 凋亡 。
颗粒 酶 家族 中 , 以 颗粒 酶 B 功能 最 强 。
灵芝 多糖 促进 CTL 的 颗粒 酶 BmRNA 和 蛋白质 表达 , 与其 增强 CTL 的 细胞 毒 活性 有关 [ 13 ] 。
灵芝 及其 所 含 多糖 在 体内 对 小 鼠 移植 性 肿瘤 有 抗肿瘤 作用 , 但 对 体 外 培养 的 肿瘤 细胞 无 直接 抑制 作用 。
加之 , 灵芝 能 显 著 增强 机体 免疫 功能 , 如 增强 小 鼠 迟 发型 过敏 反应 、 促进 淋巴细胞 增殖 反应 、 增强 细胞 毒 T 细胞 功能 、 增强 巨 噬 细胞 吞噬 功能 、 增强 NK 细胞 的 细胞 毒 活性 以及 促进细胞 因子 如 IL -1 、 IL -2 、 IL -6 、 IL -12 的 生成 等 , 故 推测 灵芝 的 抗肿瘤 作用 是 由 机体 的 免疫系统 介导 的 。
通过 血清 药理学 研究 , 我们 直接 证明 了 这 一 假设 。
我们 的 研究 指出 , 灵芝 多糖 在 体内 既 可 诱导 巨 噬 细胞 、 T 细胞 释放 TNF 、 INF 等 细胞 因子 , 抑制 、 杀死 肿瘤 细胞 ; 也 可 通过 DC 诱导 的 特 异性 CTL 细胞 活化 , 进一步 发挥 细胞 毒 作用 , 而 这 一 作用 与 灵芝 多糖 明显 促进 CTL 细胞 的 IFNmRNA 转录 及 蛋白 表达 以及 显 著 促进 CTL 中 的 颗粒 酶 B 在 基因 转录 和 蛋白 水平 表达 有关 。
2 灵芝 多糖 的 免疫调节 作用 及其 机制 我们 采用 整体 、 细胞 和 分子水平 的 实验 技术 和 方法 , 在 免疫 功能正常 的 动物 ( 细胞 ) 或 各种 原因 所 致 免疫 功能 抑制 的 动物 ( 细胞 ) 模型 上 观察 灵芝 多糖 的 免疫调节 作用 及其 机制 。
我们 先后 观察 了 不同 来源 的 灵芝 多糖 的 免疫调节 作用 。
结果 证明 , 灌 胃 松杉 树芝 ( Ganodermatsugae ) 多糖 或 腹腔 注射 灵芝 ( Ganodermalucidum ) 多糖 均 可 显 著 增强 羊 红细胞 ( SRBC ) 致敏 小 鼠 的 空 斑 形成 细胞 ( PFC ) 反应 和 二 硝 基 氯苯 ( DNCB ) 诱导 的 小 鼠 迟 发型 皮肤 过敏 反应 .
灵芝 抗肿瘤活性 和 免疫调节 作用 的 研究 进展 ( DCH ) , 表明 灵芝 多糖 可 增强 体液 免疫 和 细胞 免疫反应 。
体 外 试验 亦 证明 , 灵芝 多糖 可 显 著 增强 刀豆 素 A ( ConA ) 、 细菌 内毒素 脂 多糖 ( LPS ) 诱导 的 小 鼠 脾 淋巴细胞 增殖 反应 和 混 合 淋巴细胞 培养 反应 ( MLR ) 。
灵芝 多糖 可 引起 体 外 培养 的 小 鼠 脾 细胞核 DNA 、 RNA 含量 显 著 增加 , 细胞 内 超 微 结构 改变 , 细胞质 和 细胞核 的 平均 截面积 明显增加 , 核 质 比 呈 下降 趋势 , 表明 灵芝 多糖 在 促进 脾 细胞 和 蛋白质 合成 的 同时 , 促进细胞 增殖 。
灵芝 多糖 还 可 拮 抗 各种 诱因 引起 的 免疫 功能 抑制 。
体 外 试验 可 部分 拮 抗 氢 化 可的松 对 ConA 诱导 的 小 鼠 脾 淋巴细胞 增殖 反应 ; 部分 恢复 免疫抑制 药 环 孢 素 或 氢 化 可的松 对 小 鼠 MLR 的 抑制 作用 ; 剂量 依赖性 地 显 著 恢复 抗肿瘤 药 氟 尿 嘧 啶 、 丝 裂 霉素 C 和 阿 糖 胞 苷 对 小 鼠 MLR 的 抑制 作用 。
灌 胃 给 药 可 使 抗肿瘤 药 环 磷 酰 胺 抑制 的 DCH 恢复 至 接近 正常 水平 。
我们 还 发现 , 强迫 小 鼠 在 冷水 中 游泳 可 致 应 激 性 免疫 功能 抑制 , PFC 和 DCH 反应 均 显 著 降低 , 灌 胃 灵芝 多糖 可 预防 应 激 引起 的 免疫 功能 低下 。
