在 研制 细菌 基因工程 疫苗 中 ， 其 候选 外 膜蛋白 抗原 通常 来自 培养基 中 细菌 材料 的 研究 结果 ， 上述 感染 细胞 后 细菌 外 膜蛋白 抗原 表达量 迅速 下调 的 现象 ， 提示 我们 应 运用 反向 疫苗 学 原理 来 筛选 细菌 基因工程 疫苗 候选 抗原 ［ 24 ］ 。
我国 流行 的 主要 问号 钩体 血清 群 型 有 黄疸 出血 群 赖 型 、 流感 伤寒 群 流感 伤寒 型 、 秋季 群 秋季 型 、 波摩那群波摩 那 型 、 澳洲 群 澳洲 型 、 七日 热 群 七日 热 型 和 犬 群 犬 型 ， 但 60% 以上 钩体 病人 为 感染 黄疸 出血 群 赖 型 所 致 ［ 25 ］ 。
业已 肯定 ， 单核 - 巨 噬 细胞 和 中性 粒细胞 均 能 吞噬 钩体 ， 但 仅 有 前者 能 杀灭 吞 入 的 钩体 ［ 3 ， 26 ］ 。
此外 ， 单核 - 巨 噬 细胞 是 重要 的 抗原 递 呈 细胞 之一 。
因此 ， 我们 采用 问号 钩体 黄疸 出血 群 赖 型 赖 株 感染 人 THP -1 巨 噬 细胞 ， 以 了解 感染 前后 钩体 OMP 编码基因 mRNA 水平 的 变化 。
众所周知 ， 细菌 等 原 核细胞 主要 在 转录 水平 上 调控基因 表达 ， 故 其 mRNA 水平 可 直接 反映 基因表达 水平 。
有 文献 报道 ， 培养基 中 钩体 外 膜蛋白 中 ， LipL32 含量 最高 ， 其次 是 LipL21 ［ 5-6 ］ 。
我们 的 实验 结果显示 ， 问号 钩体 赖 株 感染 THP -1 细胞 后 lipL21 、 lipL32 、 lipL41 基因 mRNA 水平 迅速 并 持续 下降 ( P ＜ 0. 01 ) ， 提示 上述 基因产物 不 适合 作为 钩体 基因工程 疫苗 抗原 。
令 人 感 兴趣 的 是 ， 问号 钩体 赖 株 感染 THP -1 细胞 后 groEL 、 mce 、 loa22 、 ligB 基因 mRNA 水平 瞬时 迅速 升高 ( P ＜ 0. 01 ) ， 尽管 此后 有所 下降 ， 但 groEL 、 mce 、 loa22 基因 mRNA 水平 在 感染 24h 内 仍然 明显 高于 未 感染 细胞 的 问号 钩体 ( P ＜ 0. 01 ) ， 提示 上述 基因产物 可 作为 钩体 基因工程 疫苗 候选 抗原 。
OmpR 被 认为 是 调控 细菌 外 膜蛋白 的 主要 RR ［ 11 ］ ， 但 问号 钩体 OmpR 及其 相关 HK 至今 未 见 研究 报道 。
我们 的 生物 信息学 分析结果 显示 ， LB015 、 LB333 基因序列 中 存在 完整 的 OmpR 功能 结构域 ， 与 LB015 基因 组成 一个 操纵 子 的 LB014 基因序列 中 也 存在 完整 的 HK 功能 结构域 ， 上述 资料 提示 ， LB014 基因 与 LB015 、 LB333 基因 可能 组成 一个 功能相关 的 基因 簇 。
HK 通常 分 为 位于 胞 外 的 信号 接受器 、 跨膜 序列 、 胞 内 ATP 结合 及 组 氨酸 磷酸 化 位 点 ， 氯 氰 碘 柳 胺 抑制 HK 的 机制 是 阻断 其 胞 内 区 组 氨酸 磷酸 化 ［ 27-28 ］ 。
因此 ， 本 研究 中 采用 LB014 - 胞 外 多 肽 抗 血清 、 氯 氰 碘 柳 胺 来 初步 了解 LB014 、 LB015 、 LB333 基因 与 上述 OMP 编码基因 之间 的 关系 。
实验 结果显示 ， 氯 氰 碘 柳 胺 及 LB014 - 胞 外 多 肽 抗 血清 处理 ， 可 使 因 感染 而 显 著 下调 的 lipL21 和 lipL48 基因 mRNA 水平 有所 回升 ( P ＜ 0. 01 ) ; 氯 氰 碘 柳 胺 处理 可 使 因 感染 而 显 著 升高 的 问号 钩体 赖 株 groEL 、 mce 、 loa22 、 ligB 基因 mRNA 明显 下降 ( P ＜ 0. 01 ) ， 而 LB014 - 胞 外 多 肽 抗 血清 仅 对 groEL 基因 mRNA 水平 有 类似 调节 作用 ( P ＜ 0. 01 ) 。
上述 结果 提示 ， 问号 钩体 OmpR 主要 作用 可能 是 下调 感染 后 一些 外 膜蛋白 基因表达 水平 ， 除 groEL 基因 外 ， mce 、 loa22 、 ligB 基因 感染 过程 中 表达 上调 可能 由 其他 TCSS 介导 。
灵芝 抗肿瘤活性 和 免疫调节 作用 的 研究 进展 1985年 迄今 , 我们 集中 进行 了 灵芝 的 免疫 药理 研究 和 抗肿瘤 作用 的 研究 , 在 整体 、 细胞 和 分子水平 , 探讨 了 灵芝 的 有效 成分 灵芝 多糖 的 抗肿瘤 作用 和 免疫调节 作用 的 机制 , 特别 是 探讨 了 灵芝 多糖 的 抗肿瘤 作用 的 免疫 学 机制 。
1 灵芝 抗肿瘤 作用 的 免疫 学 机制 20 世纪 70年代 以来 , 国内外 学者 均 重视 灵芝 的 抗肿瘤 作用 。
Hitoshi 等 [ 1 ] ( 1977 ) 报告 , 从 灵芝 ( Ganodermalucidum ) 中 提取 的 4 种 多糖 腹腔 注射 对 小 鼠 S -180 肉瘤 的 抑制 率 达 83. 9% , 半数 动物 肿瘤 完全 消退 。
并 推测 灵芝 的 抗肿瘤活性 成分 是 含 少量 蛋白质 的 多糖 。
Kim 等 [ 2 ] ( 1980 ) 报告 , 灵芝 子实 体 经 0. 1molL-1NaOH 提取 得到 一 种 含 4 种 单糖 和 18 种 氨基酸 的 蛋白 多糖 , 其 剂量 为 50mgkg-1 时 对 小 鼠 S -180 肉瘤 的 抑制 率 为 87. 6% , 1 / 3 ( 5 / 15 小 鼠 的 肿瘤 完全 消退 。
Miyazaki 等 [ 3 ] ( 1981 ) 从 灵芝 子实 体 中 分离 出 一 种 相对 分子 质量 为 40000 的 水溶性 多糖 ( GL -1 ) , 其 单糖 组成 及 比例 为 葡萄糖 木 糖 阿拉伯 糖 = 18. 81. 51. 0 。
腹腔 注射 GL -120mgkg-1 共 10d , 对 小 鼠 S -180 肉瘤 有 显 著 抑制 作用 。
Mizuno 等 [ 4 ] ( 1984 ) 从 灵芝 子实 体 中 获得 相对 分子 质量 分别 为 1050000 ( ) 和 450000 ( ) 的 两 种 多糖 , 腹腔 注射 此 二 多 糖 均 可 抑制 ICR -Jcl 小 鼠 皮 下 接种 的 S -180 生长 , 半数 抑制 剂量 ( ID50 ) 分别 为 8. 0 和 22. 0mgkg-1 。
李旭生 等 [ 5 ] ( 1984 ) 证明 , 灵芝 菌丝体 提取 物 对 C3H 小 鼠 的 肌纤维 恶性肿瘤 有 明显 的 抑制 作用 , 对 肺部 转移 病灶 亦 有 抑制 作用 。
为了 进一步 研究 灵芝 的 抗肿瘤 作用 及其 机制 , 我们 首先 观察 了 灵芝 在 体内 的 抗肿瘤 作用 。
结果 发现 从 灵芝 子实 体 中 提取 的 灵芝 多糖 肽 不但 可 抑制 小 鼠 S -180 肉瘤 生长 , 还 可 显 著 抑制 小 鼠 Lewis 肺癌 生长 , 50mgkg-1 的 剂量 时 抑制 率 为 55. 5% [ 5 ] 。
给 Balb / c 小 鼠 皮 下 接种 S -180 肉瘤 后 , 灌 胃 灵芝 提取 物 5 、 10 、 20g ( 生药 ) kg -1 或 灵芝 多糖 B50 、 100 、 200mgkg-1 , 共 10d , 均 可 抑制 S -180 生长 , 抑制 率 分别 为 22. 7% 、 41. 58% 、 60. 89% 和 27. 70% 、 55. 83% 、 66. 70% 。
