文联/n出面/vi开/v“/wyz剧本/n超市/n”/wyy，/wd剧作家/n“/wyz摆摊儿/v”/wyy卖/v剧本/n，/wd这/rzv还/d是/vshi有史以来/dl头/n一/m遭/qv。/wj
3000/m作品/n进/vf“/wyz超市/n”/wyy北京/ns首/m届/q剧本/n及/cc曲艺/n作品/n推介/v会/v被/pbei称为/v“/wyz剧本/n超市/n”/wyy，/wd巨大/a的/ude1展厅/n里/f摆放/v着/uzhe一/m块/q块/q巨大/a的/ude1展板/n，/wd上面/f写/v着/uzhe每/rz位/q作者/n的/ude1名字/n以及/cc他们/rr的/ude1作品/n，/wd作者/n们/k与/p前来/vi“/wyz淘/v宝/n”/wyy的/ude1影视/b公司/n、/wn文化/n公司/n的/ude1代表/n们/k热烈/a地/ude2交流/v着/uzhe。/wj
推介/v会/v现场/s设置/v了/ule多媒体/n推广/vn区/n、/wn剧作家/n交流/vn区/n、/wn自由/a洽谈/vn区/n、/wn收购/vn区/n、/wn超市/n自选/vn区/n，/wd为/p剧本/n及/cc曲艺/n作品/n作者/n与/cc需求/n单位/n直接/ad对接/vi。/wj
据/p介绍/v，/wd此次/rz推介/v会/v非/b京/b籍/ng、/wn体制/n外/f的/ude1“/wyz草根/n”/wyy创作者/n投稿/vi量/n占/v征集/vn总数/n的/ude170%/m以上/f，/wd其中/rz包括/v大学生/n、/wn工人/n、/wn农民/n、/wn退休/vn老干部/n等/udeng，/wd共有/v3000/m部/q剧本/n及/cc曲艺/n作品/n参与/v推介/v。/wj
在/p当场/d举行/v的/ude1签约/vn仪式/n上/f，/wd龙/nr1虎/n风云/n(/wkz北京/ns)/wky影视/b文化/n公司/n签/v走/v了/ule《/wkz内联升/nz传奇/n》/wky，/wd传奇/n楼兰/ns(/wkz北京/ns)/wky文化/n公司/n签/v走/v了/ule《/wkz十八/m甫/d路/n》/wky，/wd《/wkz洋/ag北/f漂/v之/uzhi东方/s传奇/n》/wky《/wkz我/rr爱/v北京/ns天安门/ns》/wky和/cc《/wkz女/b大/a当/v孕/vg》/wky等/udeng也/d都/d被/pbei多/m家/q公司/n“/wyz领/v走/v”/wyy。/wj
高/a军/n淘/v到/v理想/a本子/n在/p交易会/n现场/s人来人往/vl的/ude1人群/n中/f，/wd老/a电影/n人/n高军/nr很/d容易/a一下子/mq被/pbei认/v出来/vf。/wj
此次/rz他/rr的/ude1身份/n是/vshi国/n盛/v影业/n的/ude1负责人/n，/wd“/wyz我/rr来/vf淘金/vi来/vf了/y。/wj
”/wyy高军/nr对/p此行/rzv的/ude1目的/n直言不讳/vl，/wd他/rr得意/a地/ude2说/v，/wd已经/d淘/v到/v了/ule一/m块/q金子/n——/wp电影/n剧本/n《/wkz摇身一变/vl》/wky，/wd这/rzv是/vshi本届/r影/n协/vg杯/ng剧本/n大赛/vn的/ude1获奖/vn作品/n，/wd很/d青春/n很/d喜剧/n很/d理智/a，/wd描写/v了/ule主人公/n从/p草根/n变/v明星/n的/ude1星/n路/n历程/n。/wj
高军/nr说/v：/wm“/wyz这/rzv是/vshi我们/rr从/p四十/m多/m个/q剧本/n中/f遴选/v出来/vf的/ude1，/wd已经/d签约/vi了/y，/wd五/m个/q工作日/n之内/f就/d要/v付/v第一/m笔/q稿酬/n了/y，/wd同时/c我们/rr准备/v明年/t3月/t正式/ad开/v机/ng，/wd总/d投资/v应该/v不/d会/v超过/v一千/m万/m。/wj
”/wyy高军/nr介绍/v，/wd剧本/n作者/n本身/rz是/vshi导演/n专业/n出身/v，/wd所以/c此次/rz是/vshi集/vg编剧/n导演/n于/p一身/n。/wj
对于/p影视/b行业/n来说/uls，/wd资金/n和/cc剧本/n永远/d是/vshi一对/mq欢喜/v冤家/n，/wd成就/n市场/n神话/n二者/rzv缺一不可/vl。/wj
高军/nr强调/v，/wd这个/rz市场/n不/d缺/v资金/n，/wd缺/v的/ude1就是/d好/a本子/n，/wd而/cc这个/rz“/wyz缺乏/v”/wyy就/d是/vshi群众/n基础/n不/d厚实/a，/wd他/rr认为/v，/wd通过/p这个/rz推介/v会/v一定/d会/v大大/d激发/v剧作家/n的/ude1创作/vn热情/an。/wj
律师/n无偿/d援助/v作者/n今天/t，/wd这个/rz热闹/a的/ude1推介/v会/v将/d继续/v进行/vx，/wd其中/rz最/d重要/a的/ude1一/m件/q事情/n是/vshi版权保护/n的/ude1签约/vn仪式/n，/wd就是/v创作者/n与/cc律师/n直接/ad签约/vi。/wj
据/p介绍/v，/wd以往/t在/p影视/b创作/vn中/f剧作家/n剧本/n和/cc创意/n被/pbei剽窃/v、/wn稿费/n尾/ng款/n被/pbei拖欠/v等/udeng事情/n屡/d有/vyou发生/v，/wd维权/v成为/v越来越/d突出/a的/ude1问题/n。/wj
针对/p这种/r现象/n，/wd今天/t，/wd北京/ns电视/n艺术家/n协会/n和/cc东城区/ns律师/n协会/n将/d联手/vd成立/vi北京/ns视/vg协/vg东城/ns法律/n服务/vn联盟/n，/wd为/p参加/v此次/rz推介/v会/v的/ude1剧作家/n和/cc北京/ns视/vg协会/n员/ng提供/v无偿/b的/ude1法律/n援助/vn。/wj
据/p介绍/v，/wd今天/t推介/v会/v的/ude1签约/vn仪式/n上/f，/wd从/p1000/m多/m部/q电视/n剧本/n中/f评选/v出/vf来/vf的/ude110/n部/q获奖/vn作品/n和/cc5/b部/n提名/vn作品/n的/ude1作者/n将/p现场/s与/cc律师/n签约/vi，/wd北京/ns视/vg协/vg东城/ns法律/n服务/vn联盟/n将/d为/v每/rz位/q作者/n配备/v两/m名/q律师/n，/wd获奖/vi的/ude1剧本/n在/p今后/t投/v拍/v过程/n中/f遇到/v任何/rz法律/n问题/n，/wd都/d可以/v免费/vd获得/v律师/n的/ude1无偿/b法律/n援助/vn。/wj
中国/ns国家/n话/n剧院/n的/ude1年度/n压/v轴/q力作/n、/wn王晓鹰/nr导演/n的/ude1《/wkz伏生/nr2》/wky16日/t在/p北京/ns接受/v媒体/n探/v班/n，/wd“/wyz群臣/n朝/b堂会/n”/wyy、/wn“/wyz焚/vg书/n”/wyy、/wn“/wyz坑/n儒/ng”/wyy三/m场/qv重头戏/n初/f露/v峥嵘/z，/wd显示/v了/ule厚重/a历史/n题材/n的/ude1人文/n色彩/n。/wj
该剧/r讲述/v了/ule秦/nr1时/ng统一/v天下/n，/wd伏/v生/v通晓/v儒学/n精髓/n，/wd被/pbei立/v为/p博士/n。/wj
随/p时间/n发展/vn，/wd一时/t被/pbei尊崇/v备至/z的/ude1儒学/n地位/n竟/d翻天/vi沦/x至/p废黜/v，/wd秦始皇/nr下令/v“/wyz焚书坑儒/vl”/wyy，/wd伏生/nr2传奇/n般/uyy地/ude2将/p儒家/n大成/n之/uzhi作/ng《/wkz尚书/nr》/wky以/p奇特/a方式/n保存/v下来/vf，/wd得以/v免受/v焚烧/v之/uzhi祸/n。/wj
期间/f伏/v生/v面临/v的/ude1个体/n亲情/n生命/n与/cc文化/n坚守/v的/ude1矛盾/an煎熬/vn极/d具/vg戏剧/n张力/n。/wj
首/m度/qv曝光/vi的/ude1“/wyz群臣/n朝/b堂会/n”/wyy、/wn“/wyz焚/vg书/n”/wyy、/wn“/wyz坑/n儒/ng”/wyy三/m场/qv重头戏/n，/wd总/b长度/n近/v40分钟/t，/wd近/v全/a剧/n时/ng长/a四分之一/m。/wj
三/m场/qv戏/n皆/d取/v自/rr伏/v生/v人物/n悲壮/a传奇/n的/ude1人生/n轨迹/n中/b戏剧/n矛盾/an最为/d集中/a的/ude1三/m个/q段落/n。/wj
领衔/vd主演/v侯岩松/nr、/wn涂松岩/nr、/wn徐/nr1筠/ng及/cc全体/n演员/n全部/m亮相/vi。/wj
“/wyz群臣/n朝/b堂会/n”/wyy舞台/n效果/n戏谑/vi热闹/a，/wd结果/n出人意料/vl。/wj
“/wyz焚/vg书/n”/wyy戏/n份/q揭露/v了/ule全/a剧/n最/d大/a悬念/n，/wd伏生/nr2竟/d一反常态/vl主动/ad将/d所/usuo藏/v典籍/n交出/v并/cc亲自/d焚烧/v，/wd招致/v其/rz子/ng与/p之/uzhi断绝/v情谊/n，/wd这/rzv也/d为/v伏生/nr2之/uzhi子/ng的/ude1人生/n命运/n埋/v下/f转折/vi。/wj
“/wyz坑/n儒/ng”/wyy则/d是/vshi伏生/nr2家庭/n浓/a情/n大/d爱/v的/ude1终结/vn点/qt，/wd李/nr1斯/b带兵/vi擒拿/v伏/v生/v之/uzhi子/ng，/wd伏生/nr2怀/v揣/v惊/v天/qt秘密/n，/wd只得/d任由/v李/nr1斯/b所/usuo为/v，/wd伏生/nr2之/uzhi妻/ng悲恸/a寻死/v，/wd伏生之/nr女羲娥/nr因/p家/q门/n之/uzhi殇/vg而/cc远离/v。/wj
记者/n在/p现场/s看到/v，/wd饰演/v“/wyz伏生/nr2”/wyy的/ude1侯岩松/nr的/ude1武生/n戏曲/n功底/n在/p该/rz剧/n中/f得到/v很/d好/a呈现/v，/wd如/c他/rr在/p“/wyz焚/vg书/n”/wyy一/m节/q中/f扎扎实实/z地/ude2背/v摔/v在/p地上/s，/wd沉湎/vi于/p酒/n醉/v中/f的/ude1姿势/n步态/n等/udeng。/wj
王晓鹰/nr透露/v，/wd该剧/r真正/b的/ude1高潮/n在/p结尾/n，/wd当/p秦始皇/nr去世/vi，/wd李斯/nrf被/pbei押/v赴/v刑场/n之际/f，/wd疯癫/v状/ng的/ude1伏生/nr2向/p李/nr1斯/b揭开/v了/ule那个/rz惊/v天/qt秘密/n。/wj
“/wyz侯岩松/nr在/p这里/rzs要/v背/v很/d大/a一/m段/q《/wkz尚书/nr》/wky，/wd同时/c还要/d表演/v出/vf强烈/a的/ude1悲愤/an情绪/n，/wd对/p演员/n的/ude1要求/n相当/d高/a。/wj
”/wyy他/rr表示/v，/wd当/p伏生/nr2像/p猪/n狗/n蚂蚁/n一样/uyy肮脏/a地/ude2活/v着/uzhe时/ng，/wd从/p困境/n中/f迸发/v出/vf的/ude1人格/n力量/n最/d让/v人/n动容/v。/wj
他/rr认为/v，/wd文化/n如同/v生命/n一样/uyy多/m元/q，/wd不/d是/vshi一时/t一/m势/ng，/wd剧中/n即使/c到/v最后/f“/wyz罢黜/v百/m家/q，/wd独尊/vn儒术/n”/wyy，/wd这/rzv也/d不/d是/vshi伏生/nr2希望/v看到/v的/ude1。/wj
而/cc国/n话/n就是/d要/v做/v这种/r具有/v文化/n思考/vn的/ude1大/a题材/n。/wj
