最初/b，/wd他/rr被/pbei高估/v，/wd但/c在/p火箭/n打/v了/ule一/m个/q赛季/n后/f，/wd人们/n又/d低估/v了/ule他/rr的/ude1实力/n。/wj
实际上/d，/wd即便/c贝弗利/nrf已经/d爆发/v，/wd但/c林书豪/nr的/ude1表现/vn对/p火箭/n的/ude1进攻/vn来说/uls依然/d是/vshi至关重要/bl的/ude1。/wj
霍华德/nrf善于/v打/v挡/v拆/v，/wd而/cc林书豪/nr和/cc詹姆斯/nrf-/n哈/b登/v都/d是/vshi这样/rzv的/ude1后卫/n球员/n。/wj
不过/c哈登/nrf的/ude1持球/vi率/v很/d高/a，/wd林书豪/nr需要/v证明/v自己/rr能/v将/d上/vf赛季/n最后/f3/n个/q月/n三分球/n命中率/n(/wkz40%/m左右/m)/wky维持/v住/vi，/wd并/cc不断/d加强/v。/wj
投篮/vn能力/n的/ude1优势/n会/v让/v林书豪/nr在/p和/cc贝弗利/nrf的/ude1竞争/vn中/f占/v到/v优势/n，/wd但/c贝弗利/nrf可以/v在/p比赛/vn末/f段/q凭借/p防守/vn压迫/vn能力/n获得/v机会/n。/wj
至于/p布鲁克斯/nrf和/cc加纳/nsf安/v，/wd他们/rr需要/v争夺/v第三/m控/v卫/ng的/ude1位置/n，/wd加纳/nsf安/v可能/v会/v去/vfNBDL/x锻炼/vn。/wj
﻿/x欧/b冠/ng综合/v:/x揭幕/vn日/qt5/f大/a豪门/n打/v进/vf20/m球/n横扫/v迎来/v开门红/vl2013年/m09月/t18日/t07:17:05/m来源/n：/wm新华网/nt新华网/nt伦敦/nsf９月/t１７日/t体育/n专电/n（/wkz记者/n岳/n东兴/nr）/wky新/a赛季/n的/ude1欧/b冠/ng联赛/n１７日/t晚/tg揭幕/vi。/wj
五/m大/a豪门/n曼联/nr2、/wn曼城/nr、/wn皇/ng马/n、/wn拜仁/nrf、/wn“/wyz大/a巴黎/nsf”/wyy共/d打入/v惊人/a的/ude1２０/m个/q球/n，/wd以/p横扫/v之/uzhi势/ng取得/v开门红/vl。/wj
最/d大/a的/ude1胜利/vd属于/v皇家/n马德里/nrf。/wj
西/b甲/n豪门/n客场/n６：１/m狂/dg胜/v加拉塔萨雷/nrf，/wd取得/v该/rz队/n欧/b冠/ng史/ng上/f在/p客场/n比赛/vn中/f的/ude1最/d大/a胜利/vn。/wj
克/q•/x罗纳尔多/nrf在/p下半时/t上演/v“/wyz帽子/n戏法/n”/wyy，/wd助/v皇/ng马/n取得/vＢ/x组/n头/m名/q。/wj
同/p组/n的/ude1尤文/nr图/n斯/Rg客场/n１：１/m逼/v平/v哥本哈根/nsf，/wd是/vshi当晚/t唯一/d没/d能/v赢/v球/n的/ude1传统/n强/a队/n。/wj
英超双/nr雄曼联/nr、/wn曼/ag城/n互不相让/vl，/wd都/d用/v完/vi胜/v为/p５/m天/qt后/f的/ude1“/wyz曼彻斯特/nsf德/n比/p战/ng”/wyy攒/v足/a了/ule士气/n。/wj
在/p老/a特拉福德/nrf，/wd鲁尼/nrf攻/v入/v了/ule在/p曼联/nr2的/ude1第２００/m个/q球/n，/wd助/v“/wyz红/a魔/ag”/wyy４：２/m击退/v勒/v沃/vg库/n森/ag。/wj
新帅/nr莫耶斯/nrf也/d取得/v了/ule执教/vi生涯/n的/ude1第一/m场/qv欧/b冠/ng联赛/n的/ude1胜利/vn。/wj
在/p今夏/t陷入/v转会/v传闻/n后/f，/wd鲁尼/nrf最终/d选择/v留下/v。/wj
他/rr新/a赛季/n的/ude1状态/n一直/d很/d好/a，/wd是/vshi全队/n进攻/vn核心/n。/wj
当晚/t，/wd英格兰/nsf前锋/n虽然/c头部/n仍/d裹/v着/uzhe防护/vn用具/n，/wd但/c表现/v活跃/a。/wj
第/m２２分钟/t，/wd他/rr以/p一/m脚/n凌空/vd推/v射/v打破/v僵局/n。/wj
他/rr在/p射门/vi时/ng，/wd队友/n巴伦西亚/nsf处于/v疑/vg似/vg越位/vi位置/n，/wd几乎/d到/v了/ule球门/n里/f。/wj
勒沃库森/nrf球员/n纷纷/d向/p裁判/n投诉/vn，/wd但/c进球/n依然/d有效/a。/wj
客队/n队长/n罗尔费斯/nrf下半时/t以/p一/m记/q“/wyz世界/n波/n”/wyy扳平/v比分/n。/wj
全场/n占优/v的/ude1曼联/nr2很快/d再度/d领先/vi，/wd范佩西/nr在/p禁区/n内/f以/p高/a难度/n的/ude1侧身/vn凌空/vd抽/v射/v破门/vi。/wj
随后/f，/wd鲁尼/nrf打入/v本队/r第三/m球/n，/wd也/d进入/v了/ule曼联/nr2的/ude1“/wyz２００/m球/n俱乐部/n”/wyy。/wj
他/rr接着/c又/d献/v上/f助攻/v，/wd让/v巴伦西亚/nsf完成/v最后/f一/m击/vg。/wj
德/n甲/Mg球队/n在/p终场/n前/f两分/m钟/n打入/v一/m球/n，/wd挽回/v些许/m颜面/n。/wj
同/p在/pＡ/x组/n的/ude1顿涅茨克/nrf矿工/n客场/n２：０/m力克/v皇家/n社会/n，/wd与/p曼联同/nr积/v３分/t。/wj
上/f赛季/n一/m场/qv未/d胜/v，/wd止步/vi小组/n赛/vn的/ude1曼城/nrf终于/d赢/v球/n了/y。/wj
面对/v捷克/nsf弱/a旅/n比尔/nrf森/ag胜利/vi，/wd作客/v的/ude1曼/ag城/n实力/n高出一筹/vl，/wd以/p３：０/m开启/v欧/b冠/ng征程/n。/wj
佩莱格尼里/nrf的/ude1球队/n由/p哲科/nrf在/p第４８/m分钟/qt打破/v僵局/n。/wj
此后/t，/wd今夏/t在/p转会/v市场/n花费/v近/a１亿/m英镑/q的/ude1“/wyz蓝/a月亮/n”/wyy火力/n全/d开/v，/wd在/p１０分钟/t内/f由/p亚/b亚/b•/x图/n雷/n、/wn阿奎罗/nrf连/ulian入/v两/m球/n，/wd锁定/v胜/v局/qv。/wj
上/f赛季/n，/wd曼城/nrf在/p小组/n垫/v底/f，/wd连续/a第二/m个/q赛季/n在/p小组/n赛/vn就/d被/pbei扫地/vi出门/vi。/wj
财大气粗/al的/ude1曼城/nrf老板/n最终/d解雇/v了/ule曼奇尼/nrf，/wd聘用/v在/p欧/b冠/ng赛场/n更为/d成功/a的/ude1佩莱格尼里/nrf，/wd为/v的/ude1就是/d要/v在/p本/rz赛季/n打入/v淘汰赛/n（/wkz１６/m强/vg）/wky。/wj
卫冕/vn冠军/n拜/v仁/ag慕尼黑/nsf同样/d以/p３：０/m击退/v莫斯科/nsf中央/n陆/m军/n，/wd与/p曼城/nrf一同/d领/v跑/vＤ/x组/n。/wj
真正/d检验/v曼/ag城/n实力/n的/ude1将/d是/vshi下一场/n的/ude1强/a强/a对话/vn。/wj
届时/d，/wd上/vf赛季/n的/ude1英/b超/h亚军/n将/d在/p主场/n迎战/v“/wyz德/n甲/Mg巨人/n”/wyy。/wj
Ｃ/x组/n中/f，/wd巴黎/nsf圣/ng日耳曼/nz客场/n４：１/m大胜/v希腊/ns的/ude1奥林匹亚/nz科/n斯/Rg，/wd本菲卡/nrf２：０/m击退/v安德莱赫特/nrf。/wj
Ｅ/x至/pＨ/x组/n的/ude1首/m轮/qv比赛/vn在/p１８日/t打响/v。/wj
恒大/nz告诫/v球员/n克制/v：/wm挑衅/vi不/d上/vf当/v不/d给/p裁判/n口实/n2013年/m09月/t18日/t08:36:02/m来源/n：/wm足球报/n9月/t15日/t上午/t，/wd恒大/nz包机/n前往/v多哈/nsf，/wd首/m回合/q主场/n领先/vi两/m球/n而且/c零/m封/q对手/n，/wd让/v人们/n对/p恒大/nz的/ude1客场/n之/uzhi行/ng充满/v期待/v，/wd不过/c，/wd俱乐部/n考虑/v周全/a，/wd据悉/v，/wd临行/vi前/f，/wd俱乐部/n特意/d告诫/v球员/n们/k，/wd在/p比赛/vn中/f，/wd保持/v克制/vn，/wd如果/c对手/n挑衅/vn，/wd不要/d上当/vi，/wd不/d给/p裁判/n口实/n，/wd“/wyz和谐/a”/wyy对手/n的/ude1“/wyz主场/n”/wyy优势/n。/wj
从/p去年/t第一/m次/qv征战/vi亚/b冠/ng，/wd恒大/nz征战/vi客场/n就/d遭遇/v过/uguo裁判/n问题/n，/wd比如/v去年/t1/a//w4/vi决赛/vi首/m回合/n打/v伊蒂哈德/nrf，/wd今年/t亚/b冠/ng小组/n赛/vn客场/n打/v浦/b和/cc红/a钻/v，/wd尤其/d是/vshi打/v浦/b和/cc，/wd比赛/v进行/vx到/v最后/f补/v时/ng阶段/n，/wd张琳/nr芃/x和/cc关口/n训/v充/v在/p边/k路/n抢/v位/q争/v球/n，/wd张琳/nr芃/x卡住/v身/ng位/ng，/wd对手/n却/d从/p后/f发/v力/n拉扯/vi张/q琳/nr1芃/x头发/n，/wd在/p裁判/n鸣/vg哨/ng关口/n犯规/vi的/ude1情况/n下/f，/wd张琳/nr芃/x一个/mq胸/ng撞/v把/pba关口/n撞/v翻/v，/wd结果/n被/pbei红牌/n罚/v下/vf。/wj
对/p此/rzs，/wd里/f皮/n非常/d愤怒/a，/wd在/p休息室/n怒斥/v“/wyz张/q莫斯/nrf”/wyy，/wd“/wyz你/rr这样/rzv的/ude1行为/n实在/d太/d冲动/an、/wn太/d不/d冷静/a了/y！/wt
作为/p一/m名/q职业/n球员/n，/wd根本/d不/d应该/v做/v出/vf这样/rzv的/ude1行为/n！/wt
”/wyy幸运/a的/ude1是/vshi，/wd亚足联/n并/cc未/d对/p张琳/nr芃/x追加/v处罚/vn。/wj
客/ng战/vg莱赫维亚/nrf，/wd恒大/nz不/d想/v非/b战/ng减员/vi，/wd希望/v以/c最/d小/a代价/n拿下/v对手/n，/wd在/p半决赛/n满员/vi出战/v，/wd而且/c，/wd他们/rr了解/v到/v，/wd9月/t18日/t比赛/v的/ude1主/ag裁判/n阿尔扎罗尼/nrf虽然/c水平/n较/d高/a，/wd但/c对/p规则/n执行/v严格/a，/wd喜欢/vi出/vf牌/n。/wj
他/rr是/vshi本/rz赛季/n亚/b冠/ng场/ng均/d出/vf牌/n最/d多/a的/ude1裁判/n，/wd执法/vi的/ude15/b场/qv亚/b冠/ng赛事/n（/wkz均/d为/p东亚区/ns赛事/n）/wky，/wd出/vf牌/n22/nr张/q，/wd均/d为/v黄牌/n，/wd其中/rz主队/n11/d张/q，/wd客队/n10/n张/q，/wd“/wyz虽然/c从/p数据/n看/v出/vf他/rr并/d未/d明显/ad偏袒/v主队/n，/wd但/c我们/rr还是/d要/v小心/a。/wj
”/wyy一/m位/q恒大/nz球员/n说/v。/wj
作为/p阿联酋/nsf7/v名/q现役/b国际级/b裁判/n中/b资格/n最/d老/a的/ude1一/m个/q，/wd阿尔扎罗尼/nrf对/p比赛/v驾轻就熟/vl。/wj
