/x亚/b冠/ng前瞻/n:/x恒大/nzPK/x中/f超/v队/n8年/m宿/qt命/n盘/qv外/f招/v最/d需/v警惕/v2013年/m09月/t18日/t07:19:21/m来源/n：/wm搜狐/nz体育/n北京/ns时间/n9月/t18日/t23点/t15/m，/wd2013/m赛季/n亚/b冠/ng联赛/n1/a//w4/vi决赛/vn次/qv回合/n比赛/vn将/d展开/v较量/vn，/wd广州/ns恒大/nz客场/n挑战/vn卡塔尔/nsf球队/n莱/q赫/q维/b亚/b。/wj
广州/ns恒大/nz手/n握/v两/m球/n优势/n，/wd不/d出/vf意外/a将/p首/m次/qv晋级/vi亚/b冠/ng4/ng强/ng，/wd也/d有望/v成为/v最近/t8年/m中国/ns足坛/n首/m支/q打/v进/vf亚/b冠/ng半决赛/n的/ude1球队/n。/wj
首/m回合/n交锋/vi中/f，/wd恒大/nz主场/n2-0/m轻取/v对手/n，/wd只要/c客场/n不/d净/d负/v莱/q赫/q维/b亚/b三/m球/n或者/c三/m球/n以上/f，/wd就/d能够/v历史性/n的/ude1打/v进/vf四/m强/a。/wj
首/m场/qv比赛/vn过后/t，/wd莱赫维亚/nrf官网/nr就/d承认/v恒大/nz实力/n明显/ad占/v优/ag，/wd基本/ad统治/v了/ule比赛/vn，/wd一/m只/q脚/n已经/d踏入/v半决赛/n。/wj
如果/c在/p客场/n打/v进/vf一/m球/n，/wd莱赫维亚/nrf就/d要/v进/vf四/m球/n以上/f才/d能/v晋级/vi，/wd因此/c广州/ns恒大/nz占据/v了/ule绝对/a的/ude1上风/n，/wd掌握/v了/ule晋级/vn主动权/n。/wj
去年/t恒大/nz一度/d和/cc亚/b冠/ng半决赛/n非常/d接近/v，/wd但/c却/d遗憾/a被/pbei伊蒂哈德/nrf淘汰/v。/wj
而/cc上/f一/m次/qv中国/ns球队/n打/v进/vf亚/b冠/vi四/m强/ng还/d要/v追溯/v到/v2005年/m的/ude1深/a足/a，/wd那/rzv也/d是/vshi中/f超/v联赛/n成立/vi后/f中国/ns球队/n在/p亚/b冠/ng联赛/n中/f的/ude1最佳/z战绩/n。/wj
如果/c恒大/nz淘汰/v莱赫维亚/nrf，/wd将/d成为/v中/f超/v时隔/v八年/m后/f首/m支/q打/v进/vf半决赛/n的/ude1球队/n，/wd考虑/v到/v他们/rr在/p亚冠/nr夺冠/vi赔/v率/v上/f遥遥领先/vl，/wd恒大/nz还/d有望/v进一步/d创造/v历史/n。/wj
不过/c恒大/nz也/d不能/v太/d过/uguo轻视/v对手/n，/wd西亚/ns客场/n向来/d不/d好/a对付/v，/wd不仅/c有/vyou天气/n炎热/a等/udeng客观/a因素/n，/wd还/d可能/v存在/v裁判/n偏/d哨/ng等/udeng难以/d预测/v的/ude1不利/a因素/n。/wj
中国/ns球队/n在/p西亚/ns客场/n成绩/n向来/d不好/a，/wd俱乐部/n队/n在/p西亚/ns客场/n已经/d惨遭/v下/vf7/v连/ulian败/vi，/wd甚至/d鲁能/nz和/cc深圳/ns都/d曾/d大/a比分/n惨败/vi过/uguo。/wj
恒大/nz在/p来到/v多哈/nsf后/f在/p租用/v训练场地/n、/wn入/v住/vi酒店/n等/udeng方面/n已经/d遭遇/v刁难/v，/wd球员/n们/k在/p比赛/vn中/f必须/d做好/v充足/a的/ude1思想/n准备/vn，/wd恒大/nz俱乐部/n也/d告诫/v球员/n一定/d要/v保持足够/n的/ude1冷静/an，/wd不能/v被/pbei对手/n激怒/v从而/c吃/v裁判/n的/ude1亏/vn。/wj
本/rz场/qv比赛/vn主/ag裁判/n已经/d确定/v，/wd是/vshi来自/v阿联酋/nsf的/ude1资深/b国际级/b裁判/n阿尔扎罗尼/nrf，/wd他/rr是/vshi一/m名/q执法/vn非常/d严格/a的/ude1裁判/n，/wd喜欢/vi出/vf牌/n，/wd并且/c在/p执法/vn中国/ns球队/n亚/b冠/ng赛事/n中/f罚/v下/vf过/uguo国安/nz的/ude1张辛昕/nr和/cc泰达/nz的/ude1马/n磊磊/nr，/wd恒大/nz将士/n一定/d要/v注意/v动作/n。/wj
恒大/nz目前/t阵容/n比较/d齐整/a，/wd只有/c中/b后卫/n冯/nr1潇/b霆/ng有伤/v，/wd赵鹏/nr可能/v将/d顶替/v他/rr和/cc金英权/nr组成/v双/m中卫/n，/wd其他/rzv位置/n人员/n不/d会/v有/vyou太/d大/a的/ude1变动/vn。/wj
考虑/v到/v恒大/nz后防线/n并/cc不/d那么/c令/v人/n放心/v，/wd赵鹏/nr和/cc金英权/nr搭档/n的/ude1次数/n也/d不/d多/a，/wd两/m名/q后腰/n球员/n应该/v要/v多/m对/q禁区/n前沿/s进行/vx保护/vn，/wd另外/c在/p并/cc不/d擅长/v的/ude1高空/s球/n防守/vn方面/n也/d要/v特别/d注意/v。/wj
莱/q赫/q维/b亚/b的/ude1情况/n不容乐观/vl，/wd后防/n主力/n博盖拉/nrf以及/cc前/f场/qv进攻/v三叉/b戟/ng之一/rz的/ude1迪/nr1亚/b累积/vn黄牌/n停/vi赛/v，/wd重要/a替补/vn拉/v米/q也/d同样/d无法/v登场/vi。/wj
此外/c，/wd莱赫维亚/nrf的/ude1主力/n后腰/n鲍迪亚夫/nrf、/wn中场/s球员/n侯赛/nr因/p•/x阿里/ns都/d有/vyou伤/n在/p身/ng可能/v无/v法/n出战/v，/wd这/rzv对/p球队/n的/ude1实力/n影响/vn较/d大/a。/wj
此外/c，/wd主力/n前锋/n塞巴斯蒂安/nrf状态/n低迷/a，/wd最近/t遭遇/v了/ule进球/n荒/ag，/wd球队/n在/p联赛/n首/m轮/qv也/d没/d能/v拿下/v弱/a旅/n，/wd近况/n比较/d糟糕/a。/wj
自/p亚/b冠/ng联赛/n创办/v以来/f，/wd淘汰赛/n中/f只/d发生/v过/uguo一/m次/qv首/m回合/n2-0/m领先/vi还/d被/pbei对手/n翻/v盘/qv的/ude1例子/n，/wd还/d要/v追溯/v到/v2006年/m的/ude1伊蒂哈德/nrf，/wd总体/n来说/uls，/wd恒大/nz晋级/vi前景/n比较/d光明/a。/wj
休/v媒/ng：/wm林书豪/nr仍/d是/vshi火箭/n招牌/n他/rr曾/d被/pbei高估/v现在/t被/pbei低估/v2013年/m09月/t18日/t08:53:49/m来源/n：/wm新浪/nz体育/n北京/ns时间/n9月/t18日/t消息/n，/wd据/p《/wkz休斯顿/nrf纪事/n报/n》/wky报道/v，/wd休斯顿/nrf火箭/n在/p休/v赛/v期/qv进行/vx了/ule补强/n，/wd个/q位置/n实力/n分布/vi都/d有/vyou一些/mq变化/vn，/wd《/wkz纪事/n报/n》/wky专家/n乔纳森/nrf-/n费/nr1根/n联手/vi詹尼/nrf-戴尔/nrf对/p火箭/n的/ude1各个/rz位置/n进行/vx了/ule点评/vn，/wd今日/t推出/v控/v卫/v篇/q。/wj
人员/n名单/n：/wm林书豪/nr：/wm林书豪/nr即将/d迎来/v职业/n生涯/n第四/m个/q赛季/n，/wd但/c事实/n上/f，/wd来到/v火箭/n，/wd他/rr才/d首/m次/qv在/p一/m支/q球队/n打/v满/a一/m整个/b赛季/n。/wj
此前/t两年/m，/wd他/rr的/ude1赛季/n出勤率/n都/d没有/d达到/v50%/m。/wj
在/p火箭/n，/wd他/rr位置/n稳固/a，/wd打/v满/v了/ule82/m场/qv常规/n赛/vn，/wd还/d打/v了/ule4/a场/qv季/ng后/f赛/v，/wd只/d是/vshi后来/t受到/v了/ule胸部/n伤势/n的/ude1困扰/vn。/wj
帕特里克/nrf-/n贝弗利/nrf：/wm贝弗利/nrf即将/d进入/v生涯/n第二/m个/q赛季/n，/wd上/vf赛季/n他/rr的/ude1表现/vn非常/d出色/a，/wd在/p季/ng后/f赛/v表现/v比/p常规/n赛/vn更加/d可靠/a，/wd33./m3分钟/t内/f缴/v出/vf11./m8分/t2./m8/a助攻/vn，/wd防守/v非常/d扎实/a。/wj
阿隆/nrf-布鲁克斯/nrf：/wm即将/d进入/v生涯/n第六/m个/q赛季/n，/wd布鲁克/nrf斯/b此前/t生涯/n主要/d分/v为/p三/m部分/n，/wd在/p火箭/n，/wd菲尼克斯/nrf太阳/n和/cc萨克拉门托/nrf国王/n都/d打/v过/uguo球/n，/wd巅峰/n期/qv还是/d在/p火箭/n。/wj
伊塞亚/nrf-加纳安/nrf：/wm今年/t的/ude1总/b第34/m位/q新秀/n，/wd身高/n6/vg尺/ng0/n寸/q，/wd速度/n快/a，/wd但/c身高/n偏/d矮/a。/wj
去年/t综述/n：/wm上/f赛季/n最/d大/a的/ude1新闻/n就/d是/vshi签/v下/vf了/ule林书豪/nr，/wd航天城/n对/p他/rr寄予/v厚望/n，/wd林书豪/nr最终/d场/qv均/d得到/v13./m4分/t6./m1/a助攻/vn，/wd季/ng后/f赛/v因为/p胸部/n拉/v伤/v缺席/vi了/ule3/n场/qv比赛/vn。/wj
贝弗利/nrf上/vf赛季/n在/p季/ng后/f赛/v的/ude1一/m次/qv拼抢/v中/f弄/v伤/v了/ule拉塞尔/nrf-威斯布鲁克/nrf，/wd这/rzv让/v他/rr一/m夜/qt走红/vi，/wd但/c他/rr在/p季/ng后/f赛/v顶替/v林书豪/nr后/f，/wd场/qv均/d有/vyou11./m8分/t5./m5/b篮板/n2./m8/a助攻/vn，/wd防守/v值得/v信赖/vn。/wj
布鲁克斯/nrf在/p火箭/n颠/v峰/ng时期/n能/v缴/v出/vf接近/v20+5/m的/ude1数据/n，/wd但/c现在/t他/rr已经/d不再/d是/vshi当年/t的/ude1黑豆/n了/y。/wj
至于/p加纳/nsf安/v，/wd他/rr在/p大学/n期间/f场/qv均/d得分/vi超过/v了/ule21分/t，/wd但/c在/p火箭/n还/d需要/v适应/v。/wj
新/a季/ng展望/v：/wm林书豪/nr哪里/rys都/d不/d会/v去/vf，/wd他/rr还是/v球队/n的/ude1招牌/n球员/n，/wd大家/rr对/p他/rr的/ude1期望/vn也/d很/d高/a。/wj
已经/d有/vyou很多/m人/n期待/v林书豪/nr和/cc德怀特/nrf-/n霍华德/nrf打/v挡/v拆/v了/y。/wj
贝弗利/nrf已经/d打/v出/vf了/ule强势/n的/ude1表现/vn，/wd而/cc布鲁克斯/nrf可以/v当作/v球队/n的/ude1替补/vn。/wj
最/d大/a的/ude1问题/n是/vshi加纳/nsf安/v如何/ryv融入/v球队/n？/ww
费/n根/q观点/n：/wm“/wyz林/ng疯狂/a”/wyy带来/v的/ude1问题/n是/vshi，/wd林书豪/nr总是/d被/pbei高估/v或者/c低估/v。/wj
