第/m12/m届/q全运会/n射击/vn比赛/vn进入/v到/v最后/f一/m天/qt，/wd陕西/ns队/n拿/v到/v一/m枚/q金牌/n。/wj
在/p女子/n10/n米/q气/n手枪/n决赛/vn中/f，/wd陕西/ns队名/n将/d郭/nr1文/ng珺/x在/p决赛/vn中/f发挥/v得/ude3相当/d稳定/a，/wd最后/f时刻/d更/d是/vshi连续/ad打出/v10/n环/n以上成/f绩/ng巩固/v领先/vn优势/n，/wd她/rr以/p202./m2环/nr2的/ude1成绩/n拿/v到/v金牌/n，/wd安徽/ns队/n的/ude1周庆媛/nr以/p197./m9/vyou环/n收获/vn银牌/n，/wd宁夏/ns队/n的/ude1杨/nr1佳丽/n以/p176./m6/vg环/n得到/v一/m枚/q铜牌/n。/wj
>/x>/x>/x高/a清/a图/n酷/ag精彩/a视频/n奖牌榜/n完全/a赛程/n赛事/n查询/v微/ag博/ag全/d运/v在/p女子/n10/n米/q气/n手枪/n的/ude1预赛/n中/f，/wd辽宁队/nt的/ude1王丽娜/nr、/wn内蒙古/ns队/n的/ude1南秀娟/nr和/cc葛建茹/nr同样/d打/v出/vf384/m环/q，/wd王丽娜/nr有/vyou11/d个/q内/f10/n环/v成绩/n，/wd她/rr排名/vi预赛/n首/m位/q，/wd南秀娟/nr和/cc葛建茹/nr分/v列/v二三/m位/q。/wj
陕西/ns队名/n将/d郭/nr1文/ng珺/x以/p383/m环/q排名/vi第五/m也/d进入/v决赛/vn。/wj
决赛/vi分为/v两/m个/q阶段/n进行/vx，/wd第一/m阶段/n前/f三/m枪/n甘肃/ns队/n的/ude1孙琪/nr发挥/v得/ude3相当/d好/a，/wd有/vyou两/m枪/q10./m7/a环/n，/wd她/rr以/p30./m4环/nr2暂/d列/v首/m位/q，/wd郭/nr1文/ng珺/x和/cc宁夏/ns队/n的/ude1杨/nr1佳丽/n分别/d以/p30/m环/q和/cc29./m7/a环分/n列/v二三/m位/q。/wj
接着/c三/m枪/n杨/nr1佳丽/n的/ude1三/m枪/n均/d在/p10/n环/n以上/f，/wd她/rr以/p60./m8/a环/n排名/vi首/m位/q，/wd郭/nr1文/ng珺/x紧/d随/v其/rz后/f，/wd总/b成绩/n是/vshi59./m9/vyou环/n。/wj
第二/m阶段/n淘汰赛/n两/m枪/n过后/t山东队/nt的/ude1郭晓倩/nr总成绩/n71./m1/a环/n排名/vi垫/v底/f，/wd她/rr被/pbei淘汰/v排名/vi第8/m。/wj
郭/nr1文/ng珺/x凭借/p两/m枪/q10./m2环/nr2的/ude1发挥/v以/p80./m3/n环/v升/v至/p首/m位/q，/wd南秀娟/nr升/v至/p第二/m位/q，/wd杨/nr1佳丽/n因为/p一/m枪/n打/v出/vf8./m2环/nr2，/wd她/rr跌/v至/p第三/m。/wj
第二/m组/q郭/nr1文/ng珺/x又/d是/vshi两/m枪/q10/n环/n以上/f，/wd她/rr以/p100./m5/b环/n继续/v领/v跑/v，/wd南秀娟/nr和/cc孙琪/nr分/v列/v二三/m位/q。/wj
葛建茹/nr这/rzv两/m枪/n打/v出/vf18./m4/ng环/v，/wd总成绩/n92./m4/ng环/v垫/v底/f被/pbei淘汰/v，/wd她/rr排名/vi第七/m。/wj
第三/m组/q王丽娜/nr打/v出/vf19./m6/vg环/n，/wd总成绩/n112./m5/b环/n的/ude1她/rr垫/v底/f被/pbei淘汰/v，/wd她/rr拿/v到/v第六/m。/wj
郭/nr1文/ng珺/x有些/rz起伏/vi，/wd第一/m枪/n只/d有/vyou9./m5/b环/n，/wd但/c迅速/ad调整/v第二/m枪/n打/v出/vf10./m2环/nr2，/wd她/rr以/p120./m2环/nr2暂/d列/v首/m位/q，/wd南秀娟/nr和/cc安徽/ns队/n的/ude1周庆媛/nr排名/vi二三/m位/q。/wj
第/m四/m组/q孙琪/nr第一/m枪/n打/v出/vf10./m5/b环/n，/wd她/rr成绩/n一度/d反/vi超/v杨/nr1佳丽/n，/wd可是/c杨/nr1佳丽/n第二/m枪/n打/v出/vf10./m5/b环/n，/wd她/rr成绩/n又/d重新/d反/vi超/v，/wd这/rzv让/v总成绩/n136/m环/q的/ude1孙琪/nr被/pbei淘汰/v拿/v到/v第五/m。/wj
郭/nr1文/ng珺/x两/m枪/q19./m9/vyou环/n，/wd她/rr以/p140./m1/a环/n继续/v领先/vi，/wd周庆媛/nr两/m枪/q20./m9/vyou环/n，/wd她/rr升/v至/p第二/m。/wj
第五/m组/q中/f郭/nr1文/ng珺/x和/cc周庆媛/nr都/d有/vyou不错/a的/ude1发挥/vn，/wd她们/rr分别/d打/v出/vf10./m5/b环/n和/cc10./m7/a环/n，/wd两/m人/n总成绩/n相差/v1./m5/b环/n。/wj
而/cc杨/nr1秀丽/a打/v出/vf10./m4/ng环/v，/wd她/rr成绩/n暂时/d反/vi超南秀娟/nr。/wj
第二/m枪/n南秀娟/nr只/d打/v出/vf9./m5/b环/n，/wd总成绩/n155./m5/b环/n的/ude1她/rr被/pbei淘汰/v屈/vd居/v第四/m。/wj
第二/m枪/n郭/nr1文/ng珺/x打出/v10/n环/n，/wd可/v周庆媛/nr打出/v了/ule10./m8/a环/n，/wd郭/nr1文/ng珺/x以/p160./m6/vg环/n继续/v领先/vi，/wd但/c周庆媛/nr只/d落后/a她/rr0./m7/a环/n，/wd杨/nr1佳丽/n以/p156./m8/a环/n排名/vi第三/m。/wj
奖牌/n争夺战/n，/wd郭/nr1文/ng珺/x顶住/v压力/n打/v出/vf10./m8/a环/n，/wd周庆媛/nr打出/v10/n环/n，/wd杨/nr1佳丽/n10./m6/vg环/n，/wd郭/nr1文/ng珺/x把/pba优势/n拉开/v到/v1./m5/b环/n。/wj
第二/m枪/n周庆媛/nr率先/d击发/n，/wd只/d打/v出/vf9./m2环/nr2，/wd杨/nr1佳丽/n也/d打/v出/vf9./m2环/nr2，/wd她/rr以/p176./m6/vg环/n拿/v到/v铜牌/n。/wj
郭/nr1文/ng珺/x打/v出/vf10./m3环/nr2，/wd她/rr又/d扩大/v优势/n以/p181./m7环/nr2排名/vi首/m位/q，/wd周庆媛/nr落后/a2./m6/vg环/n。/wj
金牌/n争夺/vn中/f郭/nr1文/ng珺/x第一/m枪/q10./m6/vg环/n，/wd而/cc周庆媛/nr有所/v起伏/vi，/wd只/d打/v出/vf8./m9/vyou环/n，/wd两/m人/n的/ude1差距/n拉/v开/v到/v4./m3/n环/n，/wd郭/nr1文/ng珺/x几乎/d金牌/n在握/vi。/wj
最后/f一/m枪/n郭/nr1文/ng珺/x虽然/c只/d打/v出/vf9./m9/vyou环/n，/wd但/c这/rzv足以/d让/v其/rz射/v落/v金牌/n，/wd她/rr以/p202./m2/b环/n夺取/v金牌/n，/wd周庆媛/nr同样/d打/v出/vf9./m9/vyou环/n，/wd她/rr以/p197./m9/vyou环/n拿/v到/v银牌/n。/wj
昨日/t的/ude1女子/n10/n米/q气/n手枪/n资格/n赛/v在/p上午/t九点/m准时/ad打响/v，/wd贵/r为/p两/m届/q奥运会/n该/rz项目/n冠军/n，/wd郭/nr1文/ng珺/x自然/n成/v了/ule场上/s的/ude1焦点/n。/wj
比赛/v开始/v，/wd郭/nr1文/ng珺/x大将/n风范/n尽/vi显/v，/wd沉着/a地/ude2对待/v每/rz一/m枪/q。/wj
但是/c一/m场/qv比赛/vn每个/r运动员/n的/ude1状态/n都/d会/v有所/v起伏/vi，/wd看到/v爱/v徒/ng第一/m组/q最后/f两/m枪/n以及/cc第二/m组/q第一/m枪/n均/d未/d上/vf10/n环/v时/ng，/wd教练/n卢刚/nr在/p急忙/d托/v裁判/n递给/v郭/nr1文/ng珺/x一/m瓶/q水/n的/ude1同时/c附/v上/vf了/ule一/m张/q小/a纸条/n，/wd郭/nr1文/ng珺/x看/v完/vi之后/f，/wd深/d吸/v一/m口/q气/n，/wd继续/v开始/v射击/vi。/wj
卢刚/nr的/ude1“/wyz独家/b秘籍/n”/wyy也/d确实/ad起/vf到/v了/ule作用/n，/wd第三/m组/q十/m枪/q，/wd郭/nr1文/ng珺/x打出/v了/ule98/m环/q的/ude1好/a成绩/n。/wj
