世界杯/n帆船/n赛/v青岛/ns站/vi比赛/v19日/t结束/v了/ule最后/f一/m天/qt的/ude1争夺/vn，/wd中国队/nt选手/n陈佩娜/nr[/wkz微/ag博/vg]/wky和/cc张东霜/nr分别/d在/p女子/n帆板/n和/cc激光/n雷/n迪/nr1尔/Rg级/n的/ude1比赛/vn中/f折桂/v。/wj
女子/nRS：X/x级/q帆板/n项目/n6/vg天/qt内/f共/d进行/vx了/ule12/m轮/qv比赛/vn，/wd中国队/nt选手/n陈佩娜/nr以/p净/a得分/n36分/t获得/v冠军/n。/wj
她/rr的/ude1队友/n伍/m佳惠/nr2在/p最后/f一/m天/qt的/ude1比赛/vn中/f取得/v了/ule第二/m的/ude1好/a成绩/n，/wd以/p净/a得分/n40分/t超越/v此前/t的/ude1第二/m名/q、/wn以色列/nsf选手/n达维多维奇/nrf摘/v得/ude3亚军/n。/wj
女子/n激光/n雷/n迪/nr1尔/Rg级/n19日/t也/d只/d进行/vx了/ule一/m轮/qv比赛/vn。/wj
中国/ns选手/n张东霜/nr虽然/c表现/v不/d佳/a，/wd但/c因为/p此前/t优势/n明显/a，/wd仍/d以/p净/a得分/n40分/t获得/v冠军/n。/wj
新西兰/nsf组合/n乔/ag?/ww
阿莱/nrf／/m柏莉/nr2?/ww
帕波维尔/nrf在/p女子/n470/m级/q比赛/vn中/f夺冠/vi，/wd中国/ns组合/n冯惠敏/nr／/m黄丽珠/nr和/cc符倩/nr／/m刘丽云/nr分/v获/v亚军/n和/cc季军/n。/wj
其他/rzv3/n个/q级别/n的/ude1比赛/vn中/f，/wd克罗地亚/nsf选手/n托/v赛/v在/p男子/n激光/n级/q最后/f一/m轮/qv比赛/vn中/f仅/d名列/v第八/m，/wd但/c仍/d以/p净/a得分/n领先/vi第二/m名/q26分/t的/ude1巨大/a优势/n斩/v获/v冠军/n；/wf以色列/nsf名将/n祖巴瑞/nrf和/cc阿根廷/nsf组合/n卢卡斯/nrf／/m富/vg恩/ng特/d分别/d在/p男子/nRS：X/x级/q帆板/n和/cc男子/n470/m级/q两/m个/q级别/n的/ude1比赛/vn中/f折桂/v。/wj
世界杯/n帆船/n赛/v青岛/ns站/vi的/ude1正式/ad比赛/v从/p14日/t一直/d持续/vd至/p19日/t，/wd其中/rz15日/t因/p青岛/ns海上/s大风/n而/cc未/d进行/vx比赛/vn。/wj
青岛/ns站/n比赛/vn共有/v来自/v英国/ns、/wn澳大利亚/nsf、/wn新西兰/nsf、/wn阿根廷/nsf、/wn中国/ns等/udeng24/n个/q国家/n和/cc地区/n的/ude1131/m名/q运动员/n参赛/vi。/wj
(/wkz完/vi)/wky世界杯/n帆船/n赛/v青岛/ns站/vi比赛/v17日/t进入/v第四/m天/qt的/ude1争夺/vn，/wd中国队/nt张/q东/f霜/n三轮/n比赛/v全部/m取得/v第一/m，/wd名次/n从/p原来/b的/ude1第三/m跃/vg至/p第一/m，/wd领/v跑/v女子/n激光/n雷/n迪/nr1尔/Rg级/n。/wj
17日/t，/wd青岛/ns浮山/ns湾/ng海域/n天气/n情况/n仍旧/d复杂/a，/wd强劲/a的/ude1南风/n使/v运动员/n不断/d变化/v比赛/vn策略/n。/wj
激光/n雷/n迪/nr1尔/Rg级/n比赛/vn中/f，/wd中国队/nt选手/n张东霜/nr在/p三/m轮/qv比赛/vn中/f连/ulian拿/v三/m个/q第一/m，/wd净/a得分/n17分/t，/wd领先/vi前/f三/m天/qt的/ude1“/wyz领头羊/nl”/wyy白俄罗斯/nsf选手/n塔蒂亚娜/nrf6分/t，/wd暂时/d领/v跑/v。/wj
张东霜/nr1989年/m12月/t出生/vi于/p上海/ns，/wd在/p2011年/m第26/m届/q世界/n大学生/n运动会/n上/f获得/v帆船/n激光/n雷/n迪/nr1尔/Rg级/n冠军/n。/wj
当日/t，/wd其他/rzv5/f个/q项目/n也/d均/d进行/vx了/ule3/n轮/qv比赛/vn。/wj
在/p男子/n470/m级/q比赛/vn中/f，/wd阿根廷/nsf组合/n卢卡斯/nrf／/m富/vg恩/ng特/d以/p两/m轮/qv第一/m、/wn一/m轮/qv第四/m的/ude1成绩/n超越/v克罗地亚/nsf组合/n占据/v头/m名/q；/wf女子/n470/m级/q比赛/vn中/f，/wd新西兰/nsf组合/n依然/d稳/ad居/v第一/m，/wd中国/ns四/m对/q组合/n分别/d名列/v第二/m至/p第五/m。/wj
男子/n激光/n级/q比赛/vn中/f，/wd克罗地亚/nsf选手/n托/v赛/v获得/v两/m轮/qv第一/m和/cc一/m轮/qv第三/m，/wd以/p净/a得分/n13分/t继续/v占据/v头/m名/q；/wf以色列/nsf名将/n祖巴瑞/nrf继续/v领/v跑/v男子/nRS：X/x帆板/n，/wd中国/ns选手/n陈佩娜/nr也/d继续/v在/p女子/nRS：X/x帆板/n项目/n领先/vi。/wj
伦敦/nsf奥运会/n冠军/n、/wn中国/ns首/m枚/q帆船/n项目/n奥运/n金牌/n获得者/n徐莉佳/nr在/p首/m轮/qv比赛/vn结束/v后/f，/wd因/c伤/v退/v赛/vn。/wj
世界杯/n帆船/n赛/v青岛/ns站/n比赛/vn将/d持续/vd至/p19日/t，/wd共有/v来自/v英国/ns、/wn澳大利亚/nsf、/wn新西兰/nsf、/wn阿根廷/nsf、/wn中国/ns等/udeng24/n个/q国家/n和/cc地区/n的/ude1131/m名/q运动员/n参赛/vi。/wj
青岛/ns站/n各项/r赛事/n的/ude1前/f三/m名/q可/v获得/v奖金/n，/wd第一/m名/q为/v18000/m美元/q，/wd第二/m名/q为/v8000/m美元/q，/wd第三/m名/q为/v4000/m美元/q。/wj
青岛/ns是/vshi本/rz年度/n世界杯/nz帆船/n赛/vn的/ude1首/m站/q，/wd也/d是/vshi在/p亚洲/ns唯一/b的/ude1赛/vn站/n，/wd其余/rz4/ng站/vi分别/d是/vshi澳大利亚/nsf墨尔本/nsf、/wn美国/nsf迈阿密/nsf、/wn西班牙/nsf帕/ng尔/y马岛/ns和/cc法国/nsf耶尔/nrf。/wj
2013/m国际/n帆/n联/vg世界杯/n帆船/n赛/v青岛/ns站/n10月/t14日/t下午/t在/p青岛/ns奥林匹克/nz帆船/n中心/n扬帆/vi开赛/vi。/wj
在/p首日/t比赛/vn中/f，/wd2012/m伦敦/nsf奥运会/n帆船/n激光/n镭/n迪/nr1尔/Rg级/n女子/n单人/b赛/vn冠军/n、/wn中国/ns选手/n徐莉佳/nr发挥/v平平/z，/wd两/m轮/qv比赛/vn过/uguo后/f仅/d列/v第七/m，/wd白俄罗斯/nsf名将/n塔蒂亚娜/nrf发挥/v出色/a暂/d居/v首/m位/q。/wj
比赛/v首日/t，/wd最/d引/v人/n关注/v的/ude1当/p属/v有/vyou2012/m伦敦/nsf奥运会/n冠军/n徐莉佳/nr参赛/vi的/ude1激光/n镭/n迪/nr1尔/Rg级/n。/wj
首日/t首/m轮/qv比赛/vn，/wd徐莉佳/nr发挥/v平平/z，/wd仅/d获/v第四/m。/wj
四/m次/qv参加/v奥运会/n的/ude1白俄罗斯/nsf老将/n塔蒂亚娜/nrf夺得/v首/m轮/qv第一/m。/wj
次/a轮/qv比赛/vn，/wd一/m周/qt前/f刚刚/d参加/v完/vi帆船/n单项/n世锦赛/n的/ude1徐莉佳/nr明显/ad对/p比赛/v力不从心/vl，/wd仅/d获/v第十/m名/q，/wd首日/t总成绩/n位/q列/v第七/m。/wj
塔蒂亚娜/nrf首日/t过后/t暂/d居/v该/rz级别/n首/m位/q。/wj
在/p其他/rzv比赛/vn中/f，/wd曾/d赢得/v2010年/m新加坡/nsf青/b奥/b会/v银牌/n的/ude1中国/ns香港/ns的/ude1年轻/a男子/n帆板/n选手/n陈麦克/nr发挥/v出色/a，/wd首日/t过/vf后/f仅/d以/p两分之/m差/ng位居/v该/rz级别/n第二/m，/wd第一/m名/q是/vshi在/p2008/m北京/ns奥运会/n帆船/n比赛/vn中/f获得/v铜牌/n的/ude1以色列/nsf选手/n沙哈/nrf?/ww
祖巴里/nrf。/wj
此外/c，/wd澳大利亚/nsf、/wn新西兰/nsf选手/n分别/d在/p所/usuo在/v级别/n中/f领先/vi。/wj
国际/n帆/n联/vg世界杯/n帆船/n赛/v创办/v于/p2008年/m12月/t，/wd是/vshi奥运/n级别/n的/ude1帆船/n赛事/n，/wd比赛/vn项目/n与/p奥/b帆/n赛/v完全/ad一致/a。/wj
比赛/vn结果/n计入/v参赛/vn选手/n在/p国际/n帆/n联/vg的/ude1个人/n积分/n，/wd并/cc作为/v奥运会/n参赛/vn资格/n的/ude1分配/vn参考/vn。/wj
2013/m国际/n帆/n联/vg世界杯/n帆船/n赛/vn共/d设/v5/f站/vi，/wd青岛/ns是/vshi本/rz年度/n赛事/n的/ude1首/m站/q，/wd也/d是/vshi在/p亚洲/ns唯一/b的/ude1赛/vn站/n，/wd其余/rz4/ng站/vi分别/d是/vshi澳大利亚/nsf墨尔本/nsf、/wn美国/nsf迈阿密/nsf、/wn西班牙/nsf帕/ng尔/y马岛/ns、/wn法国/nsf耶尔/nrf。/wj
