北京/ns时间/n10月/t21日/t凌晨/t，/wd2013-2014/m赛季/n国际/n滑联/n花样/n滑冰/vn大奖赛/n美国/nsf站/vi在/p底特律/nsf圆满/ad落幕/vi。/wj
俄罗斯/nsf组合/n沃洛索扎/nrf//w特兰科夫/nrf以/p打破/v世界/n纪录/n的/ude1高/a分/qt237./m71分/t轻松/ad摘取/v双人滑/n项目/n的/ude1桂冠/n。/wj
日本/nsf名将/n浅/a田/n真/d央/vg夺得/v了/ule女单/n项目/n冠军/n。/wj
双人/b：/wm短/a节目/n滑/v出/vf破/v纪录/n的/ude1高/a分/qt后/f，/wd俄罗斯/nsf名将/n沃洛索扎/nrf//w特兰科夫/nrf今天/t的/ude1自由/ad滑/v再/d创/vg佳绩/n，/wd这/rzv套/q《/wkz万/m世/q巨星/n》/wky赢得/v了/ule154./m66分/t的/ude1高/a分/qt。/wj
沃洛索扎/nrf//w特兰科/nrf夫/ng目前/t在/p技术/n动作/n上/f有/vyou很/d强/a的/ude1稳定性/n，/wd无论是/c单/d跳/vi、/wn托举/v还/d是/vshi联合/v旋转/vi，/wd完成/v质量/n都/d滴/v水/n不/d漏/v，/wd而/cc在/p他们/rr所/usuo擅长/v的/ude1捻/v转/vd托举/v上/f，/wd更是/d当仁不让/vl的/ude1具有/v最高/a的/ude1实力/n。/wj
今天/t的/ude1这/rzv套/q自由/ad滑/v中/f，/wd除了/p捻/v转/vd托举/v他们/rr获得/v了/ule满分/n的/ude1技术/n加/v分外/d，/wd节目/n后半段/n的/ude1两/m组/q抛/v跳/vi也/d有/vyou可/v圈/qv可/v点/qt的/ude1完成/vn质量/n，/wd均/d获得/v了/ule2./m1分/t的/ude1技术/n加/v分/qt。/wj
不过/c在/p螺旋线/n上/f，/wd他们/rr只/d获得/v了/ule一/m级/q的/ude1难度/n定级/vi。/wj
另一方面/c，/wd这/rzv套/q节目/n的/ude1音乐/n大气/n磅/q礴/x，/wd沃洛索扎/nrf//w特兰科夫/nrf的/ude1表演/vn也/d气/v场/qv十足/z，/wd节目/n动作/n编排/vn与/cc音乐/n配合/v的/ude1很/d巧妙/a，/wd很/d好/a的/ude1展现/v了/ule整套/b节目/n。/wj
最终/d，/wd沃洛索扎/nrf//w特兰科夫/nrf以/p总分/n237./m71分/t轻松/ad夺冠/vi，/wd短/a节目/n、/wn自由/ad滑/v、/wn总分/n三/m项/q均/d改写/v了/ule国际/n滑联/n双人滑/n世界/n纪录/n。/wj
加拿大/nsf组合/n莫里托尔斯/nrf//w摩斯科维奇/nrf在/p今天/t的/ude1自由/ad滑/v中/f获得/v了/ule136./m94分/t，/wd总分/n208./m45分/t夺得/v亚军/n，/wd这/rzv也/d是/vshi他们/rr首/m次/qv总分/n突破/v200分/t大关/n。/wj
莫里托尔斯/nrf//w摩斯科维奇/nrf这/rzv套/q自由/ad滑/v难度/n定级/vi十分/m理想/n，/wd定级/vi成绩/n在/p全场/n选手/n中/f排/v在/p首/m位/q，/wd只/d是/vshi他们/rr在/p完成/v后/f内/f结/v环/v三/m周/qt跳/vi时/ng出现/v了/ule失误/vn，/wd影响/v了/ule技术/n分/qt成绩/n。/wj
而/cc在/p节目内容/n分/qt上/f，/wd他们/rr与/p俄罗斯/nsf组合/n也/d还/d是/vshi存在/v较/d大/a的/ude1差距/n。/wj
不过/c莫里托尔斯/nrf//w摩斯科维奇/nrf今天/t的/ude1表现/vn已经/d足以/d刷新/v他们/rr的/ude1个人/n历史/n最佳/z。/wj
俄罗斯/nsf组合/n斯托波娃/nrf//w克里莫夫/nrf本/rz赛季/n的/ude1自由/ad滑/v音乐/n选/v自/p电影/n《/wkz亚当斯/nrf一/m家/q》/wky，/wd节目/n开场/vi的/ude1捻/v转/vd托举/v完成/v的/ude1不错/a，/wd不过/c随后/d的/ude1后/f内/f点/qt冰/n三/m周/qt抛/v跳/vi失误/vi较/d大/a。/wj
另/rz一/m处/q影响/v他们/rr技术/n分/qt成绩/n的/ude1失误/vn出现/v在/p节目/n后半段/n，/wd阿克塞/ns尔/Rg两/m周/qt跳/vi男/b伴/v出现/v了/ule失误/vn，/wd落/v冰/n翻身/vi该/rz动作/n被/pbei判/v周/nr1数/n不/d足/a。/wj
最终/d这/rzv套/q节目/n斯托波娃/nrf//w克里莫夫/nrf获得/v了/ule122./m55分/t，/wd总分/n187./m35分/t夺得/v季军/n。/wj
美国/nsf组合/n丹妮/nrf//w考夫林/nrf总分/n182./m43分/t排名/vi第四/m。/wj
意大利/nsf组合/n贝尔顿/nrf//w霍塔里克/nrf总分/n180./m27分/t排名/vi第五/m。/wj
另外/rz两/m对/p美国/nsf组合/n紧/d随/v其/rz后/f，/wd卡斯特利/nrf//w施/v纳/b皮/n尔/Rg总分/n177./m11分/t排名/vi第六/m，/wd特别/d值得一提/vl的/ude1是/vshi，/wd这/rzv对/p组合/n在/p节目/n中/f尝试/v了/ule后/f内/f结/v环/n四周/f抛/v跳/vi，/wd张/q//w贝/ng特/d罗/nr1梅/ng总分/n168./m42分/t排/v在/p第七/m位/q。/wj
加拿大/nsf组合/n波弟/nrf//w马/n利/vg纳/b洛/b总分/n146./m28分/t排名/vi第八/m。/wj
女单/n：日/t本/rz名将/n浅田/nrj真/d央/vg本/rz赛季/n的/ude1自由/ad滑/v音乐/n来自/v拉赫玛尼诺/nrf夫/n著/uzhe名/q的/ude1第二/m钢琴/n协奏曲/n，/wd节目/n开场/vi浅/a田/n真/d央/vg尝试/v了/ule阿克塞/ns尔/Rg三/m周/qt跳/vi的/ude1难度/n，/wd可惜/v今天/t这/rzv一/m动作/n完成/v时/ng周/nr1数/n不/d足/a，/wd落/v冰/n摔倒/v。/wj
之后/f的/ude1整套/b节目/n中/f，/wd浅田/nrj真/d央/vg有/vyou两/m处/q跳跃/v出现/v了/ule失误/vn，/wd一/m处/q是/vshi勾/v手/n三/m周/qt跳/vi，/wd起跳/vi被/pbei判/v用人/vn错误/n，/wd而/cc另/rz一/m处/q则/d是/vshi节目/n后半段/n的/ude1后/f内/f点/qt冰/n三/m周/qt接/v后/f外/f结/v环/v两/m周/qt接/v后/f外/f结/v环/v两/m周/qt的/ude1连/ulian跳/vi，/wd后/f外/f结/v环/n的/ude1连/ulian跳/vi都/d有/vyou存/v周/nr1的/ude1问题/n。/wj
不错/a除了/p跳跃/v上/f的/ude1问题/n外/f，/wd浅田/nrj真/d央/vg这/rzv套/q节目/n的/ude1三/m组/q旋转/vi都/d获得/v了/ule四/m级/q的/ude1定级/vi，/wd而/cc最为/d出彩/v的/ude1则/d是/vshi节目/n最后/f的/ude1接续/vn步/qv。/wj
最终/d，/wd浅/a田/n真/d央/vg获得/v了/ule131./m37分/t的/ude1自由/ad滑/v成绩/n，/wd总分/n204./m55分/t顺利/ad夺冠/vi。/wj
东道主/n美国队/nt选手/n瓦格纳/nrf今天/t的/ude1自由/ad滑/v《/wkz罗密欧/nrf与/p朱丽叶/nrf》/wky前/f半/m段/q有着/v很/d好/a的/ude1完成/vn质量/n，/wd节目/n开场/vi她/rr便/d漂亮/a的/ude1完成/v了/ule后/f内/f点/qt冰/n三/m周/qt接/v后/f外/f点/qt冰/n三/m周/qt连/ulian跳/vi，/wd随后/d的/ude1阿克塞/ns尔/Rg两/m周/qt跳/vi和/cc后/f内/f结/v环/v三/m周/qt跳/vi也/d完成/v的/ude1很/d稳健/a。/wj
可惜/v进入/v节目/n后半段/n，/wd瓦格纳/nrf出现/v了/ule几/m处/q技术/n失误/vi，/wd主要/d是/vshi后/f外/f结/v环/v三/m周/qt连/ulian跳/vi中/f的/ude1周/nr1数/n不/d足/a现象/n，/wd以及/cc勾/v手/n三/m周/qt跳/vi的/ude1起跳/vi用/v刃/ng问题/n。/wj
瓦格纳/nrf最终/d获得/v了/ule124./m55分/t的/ude1自由/ad滑/v成绩/n，/wd总分/n193./m81分/t夺得/v亚军/n。/wj
首/m次/qv参加/v成年/vn组/n大奖赛/n的/ude1俄罗斯/nsf女单/n小将/n拉迪奥诺娃/nrf本/rz赛季/n自由/ad滑/v音乐/n选/v自/p电影/n《/wkz弗里达/nrf》/wky，/wd热情/ad轻快/a的/ude1曲风/nr非常适合/n小/a女单/n演绎/v。/wj
节目/n开场/vi，/wd拉迪奥诺娃/nrf在/p完成/v勾/v手/n三/m周/qt跳/vi时/ng落/v冰/n摔倒/v，/wd不过/c在/p之后/f完成/v第二/m个/q勾/v手/n三/m周/qt跳/vi时/ng，/wd她/rr成功/ad补/v上/vf了/ule三/m周/qt连/ulian跳/vi，/wd赢得/v了/ule很/d好/a的/ude1技术/n分/qt。/wj
不过/c拉迪奥诺娃/nrf在/p这/rzv套/q节目/n中/f也/d同样/d存在/v存/v周/nr1的/ude1现象/n，/wd后/f内/f点/qt冰/n三/m周/qt也/d有/vyou起跳/vi用/v刃/ng的/ude1问题/n，/wd影响/v了/ule她/rr的/ude1技术/n分/qt。/wj
