国际/n米兰/ns客场/n3-3/m战平/v都灵/ns，/wd考虑/v到/p5分钟/t蓝/a黑/a军团/n就/d少/ad打/v一个/mq人/n，/wd再/d加上/v2/n次/qv落后/a，/wd这样/rzv的/ude1比分/n其实/d是/vshi可以/v接受/v的/ude1，/wd只/d是/vshi令/v人/n稍/d有/vyou遗憾/a的/ude1是/vshi，/wd国/n米/q在/p最后/f时刻/d丢/v了/ule1/a个/q球/n。/wj
帕拉西奥/nrf成为/v了/ule国际/n米兰/ns取得/v1分/t的/ude1大/a英雄/n，/wd他/rr凭借/p着/uzhe一/m已/d之/uzhi力/n打入/v了/ule2/n粒/q进球/n，/wd一度/d帮忙/vi球队/n反/vi超/v了/ule比分/n。/wj
帕拉西奥/nrf之前/f在/p国家队/n受/v了/ule小/a伤/n，/wd阿根廷/nsf第二/m场/qv与/p乌拉圭/nsf的/ude1比赛/vn，/wd辩/vg帅/ng并/cc没有/d参加/v。/wj
但/c回到/v俱乐部/n，/wd还有/v一点/m小/a伤/n的/ude1帕拉西奥/nrf依旧/z披挂/v上阵/vi，/wd因为/c他/rr对/p国/n米/q来/f说/v实在/d太/d重要/a了/y。/wj
在/p整个/b上半场/n，/wd由于/p场上/s一直/d少/a1/a人/n，/wd场面/n上/f也/d受/v压制/vn，/wd帕拉西奥/nrf的/ude1机会/n并/cc不/d多/a。/wj
但/c到/v了/ule下/vf半/m场/qv，/wd都灵/ns体力/n下降/vi，/wd国际/n米兰/ns也/d组织/v起/vf不/d少/a有/vyou威胁/vn的/ude1反击/vn，/wd而且/c阿根廷/nsf人/n的/ude12/n粒/q进球/n看似/v毫不费力/vl，/wd但/c他/rr之前/f的/ude1铺垫/vn以及/cc意识/n才/d是/vshi关键/n。/wj
第/m55分钟/t，/wd泰德尔/nrf左/a路/n斜/ad传/v，/wd瓜林/nrf抢/v在/p都灵/ns门将/n之前/f，/wd灵光/nz一/m现/tg将/p球/n凌空/vd卸/v了/ule下来/vf，/wd正好/z传/v给/v了/ule一旁/f的/ude1帕拉西奥/nrf，/wd阿根廷/nsf人/n非常/d轻松/a地/ude2将/p球/n射/v入/v空门/n。/wj
《/wkz天空/n体育/n》/wky称/v这/rzv一/m次/qv帕拉西奥/nrf的/ude1跑/v位/q相当/vi的/ude1精确/a，/wd他/rr看到/v瓜林/nrf去/vf抢/v一/m落点/n，/wd他/rr就/d埋伏/v在/p禁区/n前沿/s抢/v第2/m落点/n，/wd这/rzv起/q到/v了/ule很/d好/a效果/n。/wj
帕拉西奥/nrf打入/v扳/v平/a的/ude1进球/n之后/f，/wd一/m发/v而/cc不可收拾/al。/wj
第/m71分钟/t，/wd帕拉西奥/nrf一度/d帮忙/vi国际/n米兰/ns取得/v了/ule领先/vi，/wd帕拉西奥/nrf在/p右侧/f将/p球/n给/p分/v了/ule贝尔福迪/nrf，/wd随即/d立即/d前/f插/v到/v了/ule禁区/n内/f抢点/v，/wd贝尔福迪/nrf在/p过/vf掉/v一/m名/q后卫/n之后/f传/v中/f，/wd这时/rzt阿根廷/nsf人/n已经/d在/p禁区/n内/f轻松/a地/ude2抢点/v破门/vi。/wj
这样/rzv的/ude1意识/n是/vshi一/m名/q顶级/b前锋/n必须/d具备/v的/ude1。/wj
《/wkz全/a市场/n》/wky对于/p这/rzv粒/q进球/n表示/v：/wm“/wyz从/p发起/v到/v了/ule最后/f的/ude1终结/vn，/wd都/d是/vshi由/p帕拉西奥/nrf一/m人/n完成/v，/wd他/rr有着/v非常/d聪明/a的/ude1头脑/n以及/cc足球/n意识/n，/wd他/rr是/vshi国际/n米兰/ns的/ude1一/m大/a财富/n。/wj
”/wyy的确/d，/wd从/p整/m场/qv比赛/vn来看/u，/wd帕拉西奥/nrf就/d完成/v了/ule2/n次/qv射门/vi，/wd但/c都/d取得/v了/ule进球/n，/wd射门/vi率/v为/p100%/m，/wd在/p反击/v当中/f，/wd帕拉西奥/nrf成为/v了/ule最/d为/v有效/a的/ude1武器/n。/wj
赛后/t《/wkz全/a市场/n》/wky给/v了/ule帕/ng拉/v西/b奥/b最高/a的/ude17分/t：/wm“/wyz上半场/n很/d少/ad见/v，/wd国/n米/q被/pbei压制/v，/wd到/v了/ule下/vf半/m场/qv，/wd帕拉西奥/nrf的/ude1优秀/a展露/vn无疑/d，/wd利用/v2/n次/qv反击/v打入/v2/b球/n，/wd帮助/v国际/n米兰/ns反/vi超/h比分/n，/wd在/p马扎/n里/f的/ude1战术/n体系/n当中/f，/wd他/rr是/vshi不可/v代替/v的/ude1。/wj
”/wyy《/wkz慢镜头/n》/wky也/d赞扬/v到/v：/wm“/wyz在/p困难/a的/ude1时候/n，/wd帕拉西奥/nrf总是/d第一/m个/q站/n出来/vf的/ude1球员/n，/wd不要/d忘/v了/y，/wd他/rr刚刚/d从/p伤病/n当中/f恢复/v过来/vf，/wd能/v有/vyou这样/rzv的/ude1状态/n实/ad属/v不/d容易/a。/wj
”/wyy本/rz赛季/n，/wd帕拉西奥/nrf的/ude1发挥/vn就/d一直/d相当/vi的/ude1稳定/an，/wd目前/t8/a轮/qv联赛/n过后/t，/wd阿根廷/nsf人/n已经/d打入/v了/ule5/b粒/q联赛/n入/v球/n并/cc有/vyou1/a次/qv助攻/vn，/wd再/d加上/v之前/f意大利/nsf杯/ng资格/n的/ude1梅/ng开/v二/m度/qv，/wd在/p本/rz赛季/n帕拉西奥/nrf代表/n国际/n米兰/ns出战/v的/ude19/vyou场/qv正式/ad比赛/v中/f已经/d打入/v7/a球/n助攻/v1/a球/n，/wd制造/v了/ule8/a粒/q进球/n，/wd是/vshi国际/n米兰/ns锋线/n上/f目前/t最/d有/vyou威胁/vn的/ude1球员/n。/wj
不光/c光/d在/p俱乐部/n，/wd在/p阿根廷/nsf国家队/n，/wd帕拉西奥/nrf也/d被/pbei前所未有/vl的/ude1信任/vn，/wd他/rr已经/d成为/v了/ule国家队/n主力/n阵容/n当中/f的/ude1常客/n，/wd而且/c发挥/v不俗/a，/wd在/p阿根廷/nsf3-1/m战胜/v秘鲁/ns的/ude1比赛/vn中/f，/wd帕拉西奥/nrf也/d进/vf球/n也/d有/vyou助攻/vn，/wd在/p梅西/nrf不/d在/p的/ude1日子/n中/f，/wd他/rr成为/v了/ule阿根廷/nsf最/d值得/v依赖/v的/ude1人/n，/wd堪称/v球队/n中/f的/ude1头号/b巨星/n。/wj
阿根廷/nsf的/ude1奥/b莱/q报/n就/d称/v：/wm“/wyz凭/p帕拉西奥/nrf这样/rzv的/ude1状态/n，/wd明年/t的/ude1巴西/nsf世界杯/n一定/d会/v有/vyou他/rr的/ude1身影/n，/wd而且/c还/d很/d有/vyou可能/n成为/v一/m名/q主力/n。/wj
”/wyy国际/n米兰/ns名宿/n贝尔/nz戈/ng米/n日前/t在/p采访/v时/ng也/d表示/v：/wm“/wyz帕拉西奥/nrf的/ude1状态/n达到/v顶峰/n，/wd他/rr让/v我/rr想起/v了/ule2年/m前/f的/ude1米利托/nrf，/wd处在/v职业/n生涯/n最/d好/a的/ude1一/m段/q时期/n，/wd他/rr能够/v带领/v国际/n米兰/ns去/vf争取/v荣誉/n。/wj
”/wyy比赛/v第65/m分钟/qt，/wd马蒂亚斯/nrf-费尔南德斯/nrf帮助/v佛罗伦萨/nsf拿/v到/v了/ule一个/mq点球/n，/wd随后/d罗/b西/f冷静/ad主罚/v命中/v，/wd将/p比分/n改写/v为/p1-2/m，/wd不过/c这/rzv只/d是/vshi一个/mq开始/v，/wd第76/m分钟/qt，/wd又/d是/vshi罗西/nrf，/wd他/rr的/ude1冷/a射/v攻破/v了/ule布/n冯/nr1把守/v的/ude1球门/n，/wd帮助/v佛罗伦萨/nsf顽强/a地/ude2扳/v平/v了/ule比分/n，/wd这时候/rzt的/ude1佛罗伦萨/nsf已经/d越战/n越/d勇/ag，/wd而/cc尤文图斯/nrf则/d是/vshi踢/v得/ude3毫无/v生机/n，/wd仅仅/d过/vf了/ule2分钟/t，/wd下/vf半/m场/qv替换/v上场/vi的/ude1华/b金/b接到/v巴莱罗/nrf的/ude1精妙/a传球/vn推/v射/v破门/vi，/wd3-2/m！/wt
佛罗伦萨/nsf完成/v的/ude1超级/b逆转/vn。/wj
本世纪/t意/b甲/n只/d有/vyou2/n支/q球队/n能/v在/p落后/a尤文图/nr斯2球/nr的/ude1情况/n下/f逆转/vi，/wd上次/t还是/v2009年/m10月/t31日/t那不勒斯/nsf的/ude13/n比/p2/b逆转/vn。/wj
不过/c佛罗伦萨/nsf的/ude1疯狂/a进攻/vn并/cc没有/d结束/v，/wd第80/m分钟/qt佛罗伦萨/nsf打出/v疯狂/ad反击/v，/wd夸/v德拉/nrf多/d从/p后/f场/qv长途/b奔袭/v到/v禁区/n前沿/s塞/b球/n，/wd罗西中/nr路/n距/p门/n12/m米/q处/n左脚/n推/v弧线/n球/n入/v左/f下/vf角/n，/wd4比2/nr！/wt
