10月 22日 晚 ， 印度 总理 曼莫汉 ?
辛格飞 抵 北京 ， 进行 为期 三 天 的 访华 行程 。
仅 5 个 月 前 ， 李克强 在 担任 总理 后 ， 首 次 对外 出访 选择 了 亚 欧 四 国 ， 印度 是 第一 站 ， 也 是 停留 时间 最 长 的 一 站 。
中 印 总理 上 一 次 在 一年 中 实现 互访 还 是 半 个 世纪 前 的 事 。
1950年 ， 中 印 建交 ， 印度 成为 首 个 与 中国 建交 的 非 社会主义 国家 。
1954年 ， 时任 中国 国务院 总理 周恩来 和 印度 总理 尼赫鲁 进行 了 互访 。
此后 数 年 ， 中 印 关系 迎来 蜜月 期 ， “ 中 印 人民 是 兄弟 ” 的 口号 曾 在 印度 广 为 流传 。
“ 上 世纪 50年代 ， 中 印 共同 倡导 和平共处 五 项 原则 ， 并 在 万隆 会议 上 密切 合作 ， 促成 会议 的 成功 举行 ， 双方 的 合作 在 政治 外交 领域 出现 了 一个 高潮 ; 如今 ， 双方 致力 于 共同 谋求 发展 ， ( 期待 ) 将 在 经济 、 金融 这些 新 领域 出现 一个 新 的 合作 高潮 。
” 中国 前 驻 印度 大使 、 原 外交部 新闻 发言人 孙 玉玺 说 。
“ 中国 工业 园 ” 吸引 中 企 投资 此前 ， 印度 外交部 在 介绍 辛格 此次 出访 安排 时 就 透露 ， 中 印 经贸 合作 将 是 辛格 此 番 访华 的 重要 议题 之一 。
印度 媒体 报道 称 ， 辛格 准备 向 中方 提议 ， 在 印度 境内 建立 “ 中国 工业 园 ” ， 吸引 中国 企业 到 印度 投资 。
这 是 印度 首 次 专门 针对 中国 企业 创设 工业 园区 。
此前 ， 印度 已 设立 针对 日本 、 韩国 和 阿联酋 等 国 的 工业 园区 ， 对 进驻 的 企业 给予 减轻 销售税 等 优惠 措施 。
中国 外交部 在 18日 举行 的 例行 记者会 上 也 印证 了 这个 说法 。
发言人 华春莹 在 回答 记者 相关 提问 时 表示 ， 双方 同意 重点 推进 孟 中 印 缅 经济 走廊 建设 、 铁路 及 工业 园区 合作 。
“ 不要 把 工业 园区 理解 为 经济 特区 ， 两者 差 得 很 远 ， 更 不要 把 工业 园区 和 自 贸 区 相提并论 。
” 中国 现代 国际 关系 研究院 研究员 、 南亚 问题 专家 傅小强 告诉 ， 印方 所 提 的 工业 园区 其实 就是 一个 外资 企业 相对 集 拢 的 区域 ， 受 制 于 各 地方 政府 的 法规 和 条文 ， 税收 政策 上 并 没有 太 大 的 优惠 力度 。
拥有 两亿 人口 的 北方邦 ， 以及 被 视为 新 一代 汽车 生产 基地 的 西部 的 吉吉拉特邦 等 地 ， 是 印方 希望 设立 “ 中国 工业 园 ” 的 地区 。
印度 希望 借助 于 中国 企业 的 资金 和 技术 转移 来 刺激 国内 制造业 的 进一步 发展 和 升级 。
傅小强 介绍 ， 印度 寄 希望 于 中国 企业 在 “ 中国 工业 园 ” 内 投资 电子产品 、 电化 产品 、 制药 以及 基础设施 等 相关 产业 的 生产 基地 和 服务中心 。
选择 在 人口 密集 的 地区 设立 “ 中国 工业 园 ” ， 印度 的 设想 中 还有 一 重 考虑 —— 拉动 就业 。
印度 加尔各答 大学 对外 政策 研究所 学术 委员会 主任 沙塔努 介绍 说 ， 印度 政府 如今 正 在 推进 一 项 “ 国家 制造业 政策 ” ， 目标 是 在 2025年 将 制造业 占 GDP ( 国内 生产总值 ) 的 比重 从 目前 的 16% 提高 至 25% ， 并 创造 1亿 个 就业 岗位 。
李克强 访 印 期间 ， 中 印 双方 发布 的 联合 声明 中 ， 重申 了 到 2015年 双边 贸易额 达 到 1000亿 美元 的 目标 。
“ 只要 中 印 双方 能 应 对 好 经济 增速 放缓 带来 的 不利 影响 ， 这个 目标 还 是 可行 的 。
” 沙塔努 认为 。
但 作为 最近 十年 平均 经济 增速 都 超过 7% 的 两 大 新兴 经济体 ， 中 印 这 两 个 人口 总和 超过 世界 总人口 的 三分之一 的 国家 ， 却 在 去年 遭遇 了 双边 贸易额 的 下滑 ， 从 2011年 的 739亿 美元 回落 至 665亿 美元 ， 同比 下跌 超过 10% 。
让 沙塔努 更 担心 的 是 ， 中 印 之间 还 存在 巨大 的 贸易 不 平衡 问题 ， 印度 对 华 贸易 赤字 严重 。
中国 是 印度 最 大 的 贸易 逆差 国 。
2012年度 ， 印度 对 华 贸易 逆差 额 约 为 400亿 美元 ， 且 逆差 额 仍 逐年 扩大 ; 而 中国 对 印度 直接 投资额 仍 偏 少 ， 约 为 1. 5亿 美元 ， 不 到 日本 的 1 / 16 。
“ 中国 工业 园 ” 的 设立 ， 不仅 将 刺激 中国 企业 在 印 的 投资 ， 长远 来 看 还 可能 拉升 印度 出口 。
在 沙塔努 看来 ， 平衡 中 印 贸易 亦 是 辛 格力 推 “ 中国 工业 园区 ” 的 一个 重要 考量 。
作为 曾 主持 印度 经济 改革 的 财长 ， 在 2004年 入主 总理府 的 辛格 ， 在 很多 印度 人 眼里 ， 还 是 印度 最 出色 的 经济学家 。
“ 新茶 马 古道 ” 或 助 印度 走 出 低谷 孙 玉玺 说 ， 他 在 印度 当 大使 的 时候 ， 印度 就 有 设立 “ 中国 工业 园 ” 的 意向 了 ， 中 印 双方 也 都 表示 了 浓厚 的 兴趣 。
那 是 2005年 至 2007年 间 。
中国 企业 也 在 较 早 时 已 开始 在 印度 进行 投资 ， 如 华为 和 中兴 ， 已 在 印度 投资 10 余 年 。
不过 ， 这个 过程 并 不 顺利 ， 中国 企业 屡屡 遭遇 “ 挤压 ” 。
上 世纪 60年代 中 印 爆发 的 一 场 边界 战争 ， 让 印度 各界 充斥 着 对 中国 的 安全 焦虑 和 质疑 ， 并 使得 印度 对 接受 中国 投资 并 不 积极 。
