书记员/n：/wm查明/v诉讼/vi参加/v人/n到/v庭/ng情况/n。/wj
原告/n：/wm王某/nr英/b（/wkz未/d到/v庭/ng）/wky诉讼/vn代理人/n：/wm刘某/nr维/vg（/wkz到/v庭/ng）/wky诉讼/vn代理人/n：/wm程某/nr（/wkz到/v庭/ng）/wky被告/n：/wm周某/nr军/n（/wkz到/v庭/ng）/wky书/n：/wm请/v当事人/n及其/cc诉讼/vn代理人/n入/v庭/ng就/d坐/v。/wj
书/n：/wm请/v肃静/an！/wt
下面/f宣布/v法庭/n纪律/n：/wm根据/p《/wkz中华人民共和国/ns人民法院/nl法庭/n规则/n》/wky的/ude1有关/vn规定/n，/wd下列/b人员/n不得/vi旁听/v开庭/vi：/wm（/wkz一/m）/wky未成年人/n（/wkz经/p法院/n批准/v的/ude1除外/vi）/wky；/wf（/wkz二/m）/wky精神/n病人/n和/cc醉/v酒/n的/ude1人/n；/wf（/wkz三/m）/wky其他/rzv不宜/v旁听/v的/ude1人/n。/wj
当事人/n及其/cc他/rr诉讼/vi参与/v人/n、/wn旁听/v人员/n必须/d遵守/v下列/b纪律/n：/wm1./m未经/d审判长/n许可/vi，/wd不得/vi录音/vi、/wn录像/n和/cc摄影/vn；/wf2./m不得/vi随意/ad走动/vi，/wd未经/d审判长/n许可/vi，/wd不准/v进入/v或/c退出/v审判/vn区/n；/wf3./m未经/d审判长/n许可/vi，/wd不得/vi发言/vi、/wn提问/vn，/wd发言/vn提问/vn时/ng不/d准/a使用/vn侮辱性/n、/wn攻击性/n语言/n；/wf4./m不得/vi鼓掌/vi、/wn喧哗/vi、/wn哄/v闹/v和/cc实施/v其他/rzv妨害/v审判/vn活动/vn的/ude1行为/n；/wf5./m证人/n到/v证人/n室/n听候/v通知/n，/wd不得/vi参加/v旁听/v；/wf6./m所有/b人员/n庭审/v期间/f禁止/v使用/v移动/vn电话/n、/wn传呼机/n、/wn对讲机/n等/udeng通讯/n工具/n；/wf7./n所有/b人员/n庭审/v期间/f禁止/v吸烟/vi。/wj
书/n：/wm全体/n起立/vi！/wt
请/v审判长/n、/wn审判员/n、/wn人民/n陪审员/n入/v庭/ng就/d坐/v。/wj
审判长/n：/wm请/v坐/v下/vf！/wt
书/n：/wm报告/n审判长/n，/wd参加/v诉讼/vi的/ude1当事人/n已/d入/v庭/ng就/d坐/v，/wd庭审/v准备/vn工作/vn就绪/vi，/wd可以/v开庭/vi。/wj
原告/n：/wm王某/nr英/b，/wd女/b，/wd1974年/m11月/t13日/t出生/vi，/wd汉族/nz，/wd江西省/ns新建县/ns人/n，/wd南昌市/ns湾里区/ns招贤/v镇/n堎/x上/f村民/n委员会/n委员/n，/wd住/vi南昌市/ns湾里区/ns招贤/v镇/n堎/x上/f村/n堎/x上/f自然村/n15/m号/q。/wj
公民身份/n号码/n：/wm360122197411132743/m。/wj
诉讼/vn代理人/n：/wm刘某/nr维/vg（/wkz系/v原告/n王/nr1某/rz英/b丈夫/n）/wky，/wd男/b，/wd1974年/m3月/t28日/t出生/vi，/wd汉族/nz，/wd南昌市/ns人/n，/wd农民/n，/wd住/vi南昌市/ns湾里区/ns招贤/v镇/n堎/x上/f村/n堎/x上/f自然村/n15/m号/q。/wj
公民身份/n号码/n：/wm360105197403281611/m。/wj
代理/vn权限/n：/wm代/v为/p承认/v、/wn放弃/v、/wn变更/vn诉讼/vn请求/n，/wd进行/vx和解/vn特别/d授权/v。/wj
诉讼/vn代理人/n：/wm程某/nr，/wd江西/ns名/q大/a律师/n事务所/n律师/n。/wj
执业/vn证/n号/n：/wm13601200110104099/m。/wj
代理/vn权限/n：/wm一般/ad授权/v。/wj
被告/n：/wm周某/nr军/n，/wd男/b，/wd1966年/m5月/t1日/t出生/vi，/wd汉族/nz，/wd南昌市/ns人/n，/wd江西/ns巨贤/nr2律师/n事务所/n干部/n，/wd户籍地/n南昌市/ns湾里区/ns工农/n路/n63/m号/q，/wd现/tg住/vi南昌市/ns湾里区/ns工农/n路/n综合/vn大楼/n305/m室/n。/wj
公民身份/n号码/n：/wm360105196605016352/m。/wj
审/v：/wm原告/n对/p被告/n出庭/vi人员/n有/vyou无/v异议/n？/ww
原告/n：/wm没有/v异议/n。/wj
审/v：/wm被告/n对/p原告/n出庭/vi人员/n有/vyou无/v异议/n？/ww
被告/n：/wm没有/v异议/n。/wj
审/v：/wm经/p审查/vn，/wd原/b、/wn被告/n出庭/vi人员/n符合/v法律/n规定/n，/wd可以/v参加/v本/n案/x诉讼/vn。/wj
审/v：/wm根据/p《/wkz中华人民共和国/ns民事/b诉讼法/n》/wky的/ude1有关/vn规定/n，/wd江西省/ns南昌市/ns湾里区/ns人民法院/nl今天/t在/p此/rzs就/p原告/n王某/nr英/b诉/vg被告/n周某/nr军/n机动车/n交通事故/n责任/n纠纷/n一/m案/x进行/vx公开/ad审理/v，/wd（/wkz敲击/v法/n槌/ng）/wky现在/t宣布/v开庭/vi。/wj
审/v：/wm根据/p《/wkz中华人民共和国/ns民事/b诉讼法/n》/wky的/ude1有关/vn规定/n，/wd本/rz案/x由/p本/rz院/n审判员/n担任/v审判长/n，/wd与/p审判员/n、/wn人民/n陪审员/n组成/v合议庭/n进行/vx审理/vn，/wd书记员/n担任/v记录/n。/wj
审/v：/wm根据/p《/wkz中华人民共和国/ns民事/b诉讼法/n》/wky第四十九/m条/q、/wn第五十/m条/q、/wn第五十一/m条/q、/wn第一百一十八/m条/q、/wn第一百四十三/m条/q、/wn第一百四十四/m条/q的/ude1规定/n，/wd民事/b诉讼/vn当事人/n有/vyou以下/f诉讼/vn权利/n和/cc义务/n：/wm（/wkz一/m）/wky有/vyou就/d案/x件/q事实/n进行/vx陈述/vn和/cc申辩/vi的/ude1权利/n；/wf（/wkz二/m）/wky有/vyou委托/vn代理人/n，/wd收集/v、/wn提供/v证据/n、/wn进行/vx辩论/vn，/wd请求/v调解/vn，/wd提起/v上诉/v，/wd申请/v执行/v的/ude1权利/n；/wf（/wkz三/m）/wky原告/n可以/v放弃/v或者/c变更/v诉讼/vn请求/n，/wd被告/n可以/v承认/v、/wn反驳/vn原告/n诉讼/vn请求/n，/wd有/vyou权/n提起/v反诉/vi；/wf（/wkz四/m）/wky双方/n当事人/n必须/d依法/d行使/v诉讼/vn权利/n，/wd遵守/v诉讼/vn秩序/n，/wd未经/d审判长/n同意/v不得/vi擅自/d发言/vi；/wf（/wkz五/m）/wky原告/n未经/d法庭/n许可/vn中途/d退庭/v的/ude1，/wd可/v按/p撤诉/vi处理/v，/wd被告/n未经/d法庭/n许可/vn中途/d退庭/v的/ude1，/wd可以/v缺席/vd判决/v；/wf（/wkz六/m）/wky双方/n当事人/n有/vyou义务/n自觉/ad履行/v发生/v法律/n效力/vi的/ude1判决/vn、/wn裁定/vn和/cc调解书/n，/wd并/cc按规定/n缴纳/v诉讼/vn费用/n。/wj
审/v：/wm原/b、/wn被告/n对/p诉讼/vn权利/n、/wn义务/n是否/v清楚/a？/ww
原告/n：/wm清楚/a。/wj
被告/n：/wm清楚/a。/wj
审/v：/wm在/p庭审/v过程/n中/f，/wd当事人/n除/p享有/v以上/f诉讼/vn权利/n以外/f，/wd还有/v申请/v审判/vn人员/n及/cc有关/vn人员/n回避/v的/ude1权利/n。/wj
如果/c你们/rr认为/v法庭/n审判/vn人员/n、/wn书记员/n与/cc本/n案/x有/vyou直接/a利害/n关系/n或者/c有/vyou其他/rzv关系/n，/wd可能/v影响/v公正/a审判/vn的/ude1，/wd可以/v提出/v事实/n或/c理由/n申请/v回避/v。/wj
审/v：/wm原告/n是否/v申请/v回避/v？/ww
原告/n：/wm不/d申请/v回避/v。/wj
审/v：/wm被告/n是否/v申请/v回避/v？/ww
被告/n：/wm不/d申请/v回避/v。/wj
审/v：/wm现在/t进行/vx法庭/n调查/vn。/wj
先/d由/p原告/n简要/ad陈述/v起诉/v的/ude1请求/n和/cc理由/n，/wd或者/c宣读/v起诉/v状/ng。/wj
原告/n：/wm2012年/m5月/t13日/t9时/t50分/t许/v，/wd原告/n骑/v两/m轮/qv电动车/n到/v太平/a狮/ng峰/ng学校/n，/wd行驶/vi至/p梅岭/ns王/n家村/ns路段/n时/ng，/wd原告/n与/cc停放/v在/p道路/n上/f的/ude1被告/n的/ude1无/v牌/n三/m轮/qv摩托车/n相撞/vi，/wd造成/v原告/n头部/n等/udeng处/n受/v重伤/n，/wd导致/v原告/n侧/ng额/n颞/x部/q硬/a脑膜/n下/vf血肿/n、/wn右侧/f颞/x叶/n多发/b脑/n挫/v裂/v伤/v出血/vi伴/v脑/n疝/x。/wj
原告/n严重/a颅脑/n损伤/vn后/f已/d行/vi开/v颅/ng血肿/n清除/v，/wd遗留/v左侧/f肢体/n偏瘫/vi，/wd肌/ng力/n3/vg级/n；/wf其/rz大小便/n失禁/vi，/wd难以/d恢复/v。/wj
经/p江西/ns神州/n司法/n鉴定/vn中心/n鉴定/vn，/wd原告/n左侧/f肢体/n偏瘫/vi的/ude1伤残/vn等级/n为/p3/n级/q伤残/vn，/wd大小便/v失禁/vi的/ude1伤残/vn等级/n为/p3/n级/q；/wf后续/vn颅脑/n修补/vn费/n为/v6/vg万/m元/q；/wf需/v大部分/m护理/vn依赖/vn，/wd自/p受伤/vi之/uzhi日/ng起/f，/wd营养/n期限/n为/p24/n周/qt，/wd原告/n的/ude1智能/n损伤/v待/vi行/ng精神/n医学/n鉴定/vn后/f另行/d起诉/v。/wj
南昌市/ns公安局/n交通/n管理局/n湾/ng里/f大队/n道路交通/n事故/n认定书/n［/wkz湾/v公交/b认字/vi（/wkz2012/m）/wky第36/m号/q］/wky认定/v：/wm在/p本次/r交通事故/n中/f，/wd王某/nr英/b负/b主要/b责任/n，/wd周某/nr军/n负/b次要/b责任/n。/wj
再/d，/wd原告/n受伤/vi前/f系/v招贤/v镇/n堎/x上/f村委会/n妇女/n主任/n，/wd月/n均/ag工资/n1500/m元/q。/wj
另/rz，/wd原告/n母亲/n60/m岁/qt，/wd原告/n的/ude1女儿/n刘珊珊/nr（/wkz1996年/m9月/t27日/t出生/vi）/wky、/wn儿子/n刘洋/nr（/wkz1997年/m10月/t4日/t出生/vi）/wky，/wd需要/v原告/n赡养/v或/c抚养/v。/wj
被告/n的/ude1行为/n是/vshi错误/a的/ude1，/wd被告/n的/ude1错误/n行为/n违反/v了/ule《/wkz道路交通/n安全/an法/n》/wky第56/m条/q第2/m款/q的/ude1规定/n，/wd被告/n的/ude1错误/n行为/n是/vshi造成/v原告/n人身/n伤害/vn的/ude1重要/a原因/n之一/rz，/wd被告/n的/ude1违法/vn行为/n侵害/v了/ule原告/n的/ude1合法/a权益/n。/wj
