审/v：/wm根据/p《/wkz中华人民共和国/ns民事/b诉讼法/n》/wky的/ude1有关/vn规定/n，/wd本/rz案/x由/p本/rz院/n审判员/n，/wd与/p助理/n审判员/n、/wn人民/n陪审员/n组成/v合议庭/n进行/vx审理/vn，/wd书记员/n担任/v记录/n。/wj
审/v：/wm根据/p《/wkz中华人民共和国/ns民事/b诉讼法/n》/wky第四十九/m条/q、/wn第五十/m条/q、/wn第五十一/m条/q、/wn第一百一十八/m条/q、/wn第一百四十三/m条/q、/wn第一百四十四/m条/q的/ude1规定/n，/wd民事/b诉讼/vn当事人/n有/vyou以下/f诉讼/vn权利/n和/cc义务/n：/wm（/wkz一/m）/wky有/vyou就/d案/x件/q事实/n进行/vx陈述/vn和/cc申辩/vi的/ude1权利/n；/wf（/wkz二/m）/wky有/vyou委托/vn代理人/n，/wd收集/v、/wn提供/v证据/n、/wn进行/vx辩论/vn，/wd请求/v调解/vn，/wd提起/v上诉/v，/wd申请/v执行/v的/ude1权利/n；/wf（/wkz三/m）/wky原告/n可以/v放弃/v或者/c变更/v诉讼/vn请求/n，/wd被告/n可以/v承认/v、/wn反驳/vn原告/n诉讼/vn请求/n，/wd有/vyou权/n提起/v反诉/vi；/wf（/wkz四/m）/wky双方/n当事人/n必须/d依法/d行使/v诉讼/vn权利/n，/wd遵守/v诉讼/vn秩序/n，/wd未经/d审判长/n同意/v不得/vi擅自/d发言/vi；/wf（/wkz五/m）/wky原告/n未经/d法庭/n许可/vn中途/d退庭/v的/ude1，/wd可/v按/p撤诉/vi处理/v，/wd被告/n未经/d法庭/n许可/vn中途/d退庭/v的/ude1，/wd可以/v缺席/vd判决/v；/wf（/wkz六/m）/wky双方/n当事人/n有/vyou义务/n自觉/ad履行/v发生/v法律/n效力/vi的/ude1判决/vn、/wn裁定/vn和/cc调解书/n，/wd并/cc按规定/n缴纳/v诉讼/vn费用/n。/wj
审/v：/wm原/b、/wn被告/n对/p诉讼/vn权利/n、/wn义务/n是否/v清楚/a？/ww
原告/n：/wm清楚/a。/wj
第二/m、/wn三/m被告/n：/wm清楚/a。/wj
审/v：/wm在/p庭审/v过程/n中/f，/wd当事人/n除/p享有/v以上/f诉讼/vn权利/n以外/f，/wd还有/v申请/v审判/vn人员/n及/cc有关/vn人员/n回避/v的/ude1权利/n。/wj
如果/c你们/rr认为/v法庭/n审判/vn人员/n、/wn书记员/n与/cc本/n案/x有/vyou直接/a利害/n关系/n或者/c有/vyou其他/rzv关系/n，/wd可能/v影响/v公正/a审判/vn的/ude1，/wd可以/v提出/v事实/n或/c理由/n申请/v回避/v。/wj
审/v：/wm原告/n是否/v申请/v回避/v？/ww
原告/n：/wm不/d申请/v回避/v。/wj
审/v：/wm被告/n是否/v申请/v回避/v？/ww
第二/m、/wn三/m被告/n：/wm不/d申请/v回避/v。/wj
审/v：/wm现在/t进行/vx法庭/n调查/vn。/wj
先/d由/p原告/n简要/ad陈述/v起诉/v的/ude1请求/n和/cc理由/n，/wd或者/c宣读/v起诉/v状/ng。/wj
原告/n：/wm2013年/m2月/t26日/t17:20分/t左右/f，/wd原告/n杨某/nr吉/ag乘坐/v219/m路/qv赣/bAB8915/x号/n公交车/n，/wd车辆/n行驶/vi至/p苗圃/n路段/n时/ng，/wd被告/n车辆/n遇/v紧急情况/n采取/v制动/vi，/wd导致/v原告/n杨/nr1某/rz吉/b摔倒/v受伤/vi的/ude1事故/n。/wj
原告/n受伤/vi后/f被/pbei送/v至/p南昌市/ns第三/m医院/n住院/vi治疗/v59/m天/qt，/wd后/f经/p江西/ns南昌/ns司法/n鉴定/vn中心/n鉴定/vn，/wd原告/n伤残/vn等级/n为/p10/n级/q。/wj
事故/n发生/v后/f，/wd被告/n虽然/c向/p原告/n支付/v了/ule医疗费/n，/wd但/c未/d支付/v原告/n护理/vn费/n，/wd伤残/v赔偿金/n等/udeng费用/n。/wj
原告/n与/cc被告/n多次/mq协商/v未果/v。/wj
经/p查/v，/wd被告/n所/usuo驾驶/v的/ude1赣/bAB8915/x客车/n系/v被告/n公交公司/n所有/b，/wd车辆/n已经/d向/p中国人民财产保险/nt股份/n有限公司/n南昌市/ns湾/ng里/f支公司/n投保/vn道路/n乘客/n承运人/n责任/n保险/n，/wd现/tg原告/n为/p维护/v自己/rr合法/a权利/n，/wd依法/d起诉/v，/wd请求/v人民法院/nl支持/vn原告/n的/ude1诉/vg请/v。/wj
诉讼/vi请求/v：/wm1/a、/wn判/v令/v第一/m被告/n、/wn第二/m被告/n连带/vn赔偿/vn原告/n护理/vn费/n、/wn伤残/vn赔偿金/n、/wn后续/vn治疗费/n、/wn交通/n费/n、/wn营养/n费/n、/wn精神/n抚慰/v金/b等/udeng各项/r费用/n共计/v人民币/n68422/m元/q。/wj
2/b、/wn判/v令/v第三/m被告/n在/p保险/n责任/n限额/vn范围/n内/f依法/d赔付/v保险金/n。/wj
审/v：/wm现在/t由/p被告/n针对/p原告/n起诉/vn中/f的/ude1请求/n和/cc理由/n作出/v承认/v或者/c否认/v的/ude1答辩/vn。/wj
先/d由/p第二/m被告/n进行/vx答辩/vn？/ww
第二/m被告/n：/wm第一/m，/wd第一/m被告/n在/p本/rz事故/n中/f系/v代表/n第二/m被告/n的/ude1职务/n行为/n，/wd本/rz事故/n发生/v后/f，/wd我方/r为/p原告/n全额/n垫付/v了/ule57907./m49/m元/q的/ude1医疗费/n；/wf第二/m，/wd事故/n发生/v时/ng，/wd事故/n车辆/n已/d在/p第三/m被告/n处/vi投保/vi了/ule道路/n乘客/n承运人/n责任/n保险/n，/wd据此/d，/wd为/p节约/v诉讼/vn资源/n和/cc减轻/v当事人/n讼/vg累/v应/v就/d我方/r为/p原告/n全额/n垫付/v的/ude1医疗费/n请求/v与/p本/n案/x合并/v审理/v；/wf第三/m，/wd就/d本/rz事故/n而言/uls，/wd原告/n对/p自身/rr损害/v结果/n因/p自身/rr健康/a原因/n应/v承担/v一定/b的/ude1过错/n；/wf第/m四/m，/wd原告/n的/ude1部分/n诉/vg请/v过/uguo高/a，/wd且/c无/v法律/n依据/n1/a、/wn精神/n损害/v抚慰/v金/ng不/d符合/v法律/n规定/n，/wd2/b、/wn原告/n以/p城镇/n户口/n主张/v赔偿/v的/ude1证据/n不/d充分/a。/wj
审/v：/wm由/p第三/m被告/n进行/vx答辩/vn？/ww
第三/m被告/n：/wm本/n案/x原告/n杨某/nr吉/b以/p健康/a权/n纠纷/n将/d答辩/vi人/n列为/v被告/n无/v法律/n根据/p，/wd审理/v法院/n应当/v依法/d驳回/v原告/n对/p答辩/vn人/n的/ude1起诉/vn或者/c诉讼/vn请求/n。/wj
1/a、/wn《/wkz民事/b诉讼法/n》/wky第119/m条/q规定/n起诉/v必须/d符合/v下列/b条件/n，/wd其中/rz“/wyz原告/n是/vshi与/p本/n案/x有/vyou直接/a利害/n关系/n的/ude1公民/n、/wn法人/n和/cc其他/rzv组织/n”/wyy既/c是/vshi首要/b的/ude1条件/n。/wj
在/p本/n案/x健康/a权/n纠纷/n案/x件/q中/f，/wd答辩/vn人/n与/cc原告/n之间/f没有/d直接/a利害/n关系/n，/wd原告/n将/d答辩/vi人/n列为/v被告/n有/vyou违/vg上述/b法律/n规定/n。/wj
2/b、/wn本/n案/x系/n健康/an权/n纠纷/n案/x件/q，/wd公交/b总公司/n与/cc原告/n之间/f系/v的/ude1系/n侵权/vn法律/n关系/n；/wf答辩/vn人/n与/p公交公司/n之间/f系/v道路/n客运/n承运人/n责任/n保险/n法律/n关系/n。/wj
按照/p合同/n的/ude1相对性/n原则/n以及/cc最高人民法院/nt印发/v的/ude1《/wkz民事/b案/x件/q案/x由/p规定/n》/wky的/ude1分类/vn规定/n，/wd健康/a权/n纠纷/n与/cc保险合同/n纠纷/n属于/v两/m个/q性质/n完全/ad不同/a的/ude1法律/n关系/n，/wd故/c答辩/vn人/n在/p本/n案/x中/f不/d是/vshi适/vg格/b当事人/n。/wj
3/n、/wn按照/p《/wkz民事/b诉讼法/n》/wky第52/m条/q第1/m款/q规定/n，/wd当事人/n一/m方/q或者/c双方/n为/p二/m人/n以上/f，/wd其/rz诉讼/vn标的/n是/vshi共同/b的/ude1，/wd或者/c诉讼/vn标的/n是/vshi同一/b种类/n，/wd人民/n法院/n认为/v可以/v合并/v审理/v并/cc经/p当事人/n同意/v的/ude1，/wd为/p共同/b诉讼/vn。/wj
按照/p上述/b法律/n规定/n，/wd共同/d诉讼/vi的/ude1合并/vn分为/v两/m种/q，/wd一/m是/vshi属于/v诉讼/vn客体/n的/ude1合并/vn，/wd一/m是/vshi属于/v诉讼/vn主体/n的/ude1合并/vn，/wd不/d存在/v诉讼/vn客体/n与/cc主体/n的/ude1混/x合/v合并/vn。/wj
在/p本/n案/x中/f，/wd首先/c，/wd健康/a权/n纠纷/n与/cc保险合同/n纠纷/n标的/n并非/v为/p标的/n共同/d或者/c同类/n；/wf其次/c，/wd即使/c法院/n认为/v可以/v合并/v审理/v，/wd《/wkz民事/b诉讼法/n》/wky第52/m条/q第1/m款/q规定/n的/ude1条件/n是/vshi该/v案/x合并/v审理/v应当/v经/p当事人/n同意/v。/wj
本/rz案/x答辩/vn人/n并/cc未/d同意/v合并/v审理/v且/c对/p答辩/vn人/n在/p本/n案/x的/ude1被告/n诉讼/vn主体/n提出/v了/ule异议/n，/wd故/c本/d案/x审理/v法院/n如/v判决/vn答辩/vn人/n承担/v保险/n赔偿/vn责任/n，/wd有/vyou悖/vg法律/n规定/n。/wj
二/m、/wn答辩/vn人/n对/p原告/n赔偿/vn清单/n的/ude1请求/n即/v相关/vn证据/n的/ude1抗辩/vn意见/n（/wkz该/rz意见/n不/d构成/v答辩/vn人/n在/p本/n案/x中/f对/p原告/n的/ude1保险/n赔偿/vn承诺/vn，/wd但/c调解/v结/v案/x除外/vi）/wky：/wm原告/n以下/f赔偿/v请求/v项目/n由/p被告/n公交公司/n先行/vd赔偿/v，/wd然后/c由/p公交公司/n按/p承运人/n责任险/n医疗费/n限额/n、/wn伤残/vn赔偿/vn限额/n另行/d向/p答辩/vn人/n理赔/vn。/wj
答辩/vn人/n与/cc被告/n公交公司/n于/p2011年/m2月/t21日/t就/p公交公司/n承运人/n责任/n保险/n达成/v合作/vn协议/n，/wd同年/t4月/t27日/t对/p合作/vn协议/n进行/vx了/ule补充/vn。/wj
