原告/n：/wm第二/m被告/n支付/v了/ule住院/vi期间/f的/ude1所有/b费用/n，/wd具体/ad以/p发票/n为/p准/a。/wj
审/v：/wm第二/m被告/n，/wd原告/n所/usuo说/v的/ude1医药费/n问题/n属实/v吗/y？/ww
第二/m被告/n：/wm属实/v。/wj
审/v：/wm原告/n杨某/nr吉/b住院/vn期间/f，/wd由/p谁/ry进行/vx护理/vn？/ww
原告/n：/wm他/rr母亲/n护理/vn。/wj
审/v：/wm杨某/nr吉/b母亲/n做/v什么/ry工作/vn的/ude1？/ww
原告/n：/wm做/v搬运工/n，/wd每个/r月/n大概/d有/vyou3000/m元/q收入/n。/wj
审/v：/wm原告/n杨某/nr吉/b的/ude1伤情/n是否/v经过/p司法/n鉴定/vn？/ww
原告/n:/x经过/p司法/n鉴定/vn，/wd鉴定/v费用/n1900/m元/q是/vshi我/rr自己/rr承担/v的/ude1。/wj
审/v：/wm你/rr是否/v要/v增加/v鉴定/vn费用/n的/ude1诉讼/vn请求/n？/ww
原告/n:/x因/p第一/m被告/n没/d来/vf，/wd我/rr放弃/v增加/v鉴定/vn费用/n的/ude1诉讼/vn请求/n。/wj
审/v：/wm第二/m被告/n，/wd你/rr与/p第一/m被告/n是/vshi何/ry关系/n？/ww
第二/m被告/n：/wm第一/m被告/n是/vshi我方/r员工/n。/wj
本/rz事故/n发生/v时/ng，/wd第一/m被告/n从事/vi的/ude1是/vshi职务/n行为/n。/wj
审/v：/wm第二/m被告/n，/wd你/rr是否/v知道/v第一/m被告/n在/p事发/vi时/ng为什么/ryv紧急/a刹车/n？/ww
第二/m被告/n：/wm据/p第一/m被告/n所/usuo述/vg及/cc我方/r调取/v的/ude1车/n内/f监控/v录像/n来看/u，/wd当时/t是/vshi因/p避让/v对方/n行使/v车辆/n而/cc紧急/ad刹车/vi。/wj
审/v：/wm第二/m被告/n，/wd你/rr有/vyou第一/m被告/n的/ude1工资条/n及/cc社保/vn缴纳/v证明/v吗/y？/ww
第二/m被告/n:/x财务/n上/f有/vyou，/wd我方/r可以/v提交/v从事/vi发/v时/ng到/v现在/t的/ude1第一/m被告/n的/ude1工资条/n及/cc社保/vn证明/n。/wj
审/v：/wm第二/m被告/n，/wd你/rr是否/v知道/v事发/vi时/ng原告/n杨某/nr吉/b是/vshi站/n着/uzhe的/ude1还/d是/vshi坐/v着/uzhe的/ude1？/ww
第二/m被告/n：/wm据/p第一/m被告/n讲/v，/wd事发/vi时/ng原告/n杨某/nr吉/b是/vshi站/n着/uzhe的/ude1。/wj
涉/vg案/x车辆/n本来/d有/vyou三/m个/q摄像头/n，/wd一个/mq是/vshi对/p着/uzhe车辆/n前方/s的/ude1，/wd一个/mq是/vshi对/p着/uzhe车厢/n内/f的/ude1，/wd另/rz一个/mq是/vshi对/p着/uzhe投/v币箱/n的/ude1，/wd但是/c事发/vi时/ng对/p着/uzhe车厢/n内/f的/ude1摄像头/n坏/a掉/v了/y，/wd另外/c两/m个/q都/d是/vshi好/a的/ude1，/wd所以/c无法/v查证/v。/wj
审/v：/wm法庭/n调查/v结束/v，/wd现在/t进行/vx法庭/n辩论/vn。/wj
先/d由/p原告/n发表/v辩论/vn意见/n？/ww
原告/n：/wm原告/n杨/nr1某/rz吉/b钢板/n已/d取出/v并/cc已/d康复/vi出院/vi，/wd本次/r受伤/vi完全/ad是/vshi由于/p第一/m被告/n操作/v不当/a造成/v，/wd我方/r不/d承担/v任何/rz责任/n。/wj
我/rr的/ude1赔偿/vn清单/n是/vshi按/p最高/a法/n的/ude1关于/p人/n身/ng损害/v赔偿/vn相关/vn问题/n的/ude1司法/n解释/v进行/vx计算/vn的/ude1。/wj
审/v：/wm由/p被告/n发表/v辩论/vn意见/n？/ww
第二/m被告/n：/wm第一/m，/wd本/rz案/x第三/m被告/n属于/v民/ng诉/vg法规定/n的/ude1必要/an共同/d诉讼/vi参与/v人/n；/wf第二/m，/wd关于/p原告/n杨某/nr吉/b的/ude1赔偿/vn项目/n，/wd1/a、/wn由于/p本/n案/x原告/n选择/vn公路/n旅客/n运输/vn合同/n纠纷/n之/uzhi诉/ng，/wd按照/p相关/vn法律/n规定/n，/wd原告/n主张/v的/ude1精神/n损害/v抚慰/v金/ng是/vshi没有/v的/ude1，/wd2/b、/wn原告/n主张/v的/ude1交通费/n应/v按/p实际/n住院/vn天数/n，/wd由/p法院/n酌情/d予以/vx确认/vn，/wd3/n、/wn原告/n主张/v应/v按/p城镇/n标准计算/n残疾/n赔偿金/n的/ude1证据/n不足/an，/wd应/v不/d予以/vx支持/vn，/wd原告/n应/v提供/v在/p城镇/n连续/ad居住/v一年/m以上/f的/ude1法律/n证明/v。/wj
第三/m，/wd原告/n杨某/nr吉/b对/p本/rz事故/n负有/v一定/b的/ude1过错/n责任/n，/wd理由/n是/vshi原告/n杨某/nr吉/b于/p事发/vi时/ng才/d刚/d行/a钢板/n拆除/v术/ng不久/m且/c杨/nr1某/rz吉/b是/vshi未成年人/n，/wd其/rz代理/vn人/n未/d尽/vi到/v监管/vn义务/n。/wj
第三/m被告/n：/wm与/p我方/r的/ude1答辩/vn意见/n相同/a，/wd没有/d补充/v。/wj
审/v：/wm原/b、/wn被告/n是否/v有/vyou补充/vn意见/n？/ww
原告/n：/wm没有/v第二/m、/wn三/m被告/n：/wm没有/d审/v：/wm现在/t由/p原/b、/wn被告/n作/v最后/f陈述/v。/wj
原告/n：/wm请求/v法庭/n依法/d支持/v我/rr的/ude1诉讼/vn请求/n。/wj
第二/m被告/n：/wm请求/v法庭/n依法/d判决/v。/wj
第三/m被告/n：/wm请求/v法庭/n依法/d判决/v。/wj
审/v：/wm鉴于/p第一/m被告/n未/d到/v庭/ng，/wd第二/m被告/n委托/vn代理人/n为/v一般/ad代理/v，/wd无法/v调解/vn，/wd本庭/nrf将/d依法/d裁判/v。/wj
裁判/n前/f，/wd本庭/nrf将/d充分考虑/n各方/r当事人/n的/ude1意见/n。/wj
本/rz案/x另/d定/v日期/n宣判/vn。/wj
现在/t宣布/v休庭/v（/wkz敲击/v法/n槌/ng）/wky。/wj
庭审/v笔录/n原/b、/wn被告/n及/cc诉讼/vn代理人/n阅/vg后/f签字/vi。/wj
书/n：/wm全体/n起立/vi，/wd请/v审判长/n、/wn助理/n审判员/n、/wn人民/n陪审员/n退庭/v。/wj
书/n：/wm请/v当事人/n和/cc旁听/v人员/n退庭/v。/wj
当事人/n签名/vi：/wm审判/vn人员/n签名/vi：/wm2011年/m4月/t19日/t9时/t30分/t：/wm书记员/n宣布/v法庭/n纪律/n后/f，/wd控/v、/wn辩/vg、/wn审/v人员/n入场/vi、/wn被告人/n到/v庭/ng。/wj
审判长/n：/wm现在/t开庭/vi。/wj
被告人/n，/wd何时/ryt收到/v的/ude1起诉书/n及/cc开庭/vn传票/n？/ww
李庄/nr：/wm2011年/m4月/t12日/t收到/v开庭/vi传票/n。/wj
（/wkz斯伟江/nr举手/vi）/wky审判长/n：/wm辩护人/n有/vyou何/ry意见/n？/ww
斯伟江/nr：/wm我方/r提出/v管辖权/n异议/n没有/d得到/v法庭/n书面/b答复/vn。/wj
审判长/n：/wm管辖/v意见/n可/v在/p辩论/vn中/f发表/v。/wj
介绍/v公诉人/n、/wn辩护人/n身份/n。/wj
被告人/n李庄/nr有/vyou何/ry意见/n？/ww
李庄/nr：/wm无/v意见/n。/wj
斯伟江/nr：/wm法官/n，/wd你/rr没/d有/vyou问/v是否/v申请/v回避/v的/ude1问题/n。/wj
审判长/n：/wm被告/n人/n是否/v申请/v回避/v？/ww
李庄/nr：/wm我/rr认为/v，/wd回避/v与/cc管辖/v同样/d重要/a。/wj
我/rr是否/v申请/v回避/v，/wd是/vshi没有/v意义/n的/ude1。/wj
关键/n的/ude1是/vshi本/n案/x管辖权/n的/ude1问题/n。/wj
我/rr同意/v我/rr的/ude1辩护人/n提出/v的/ude1管辖/vn异议/n的/ude1问题/n，/wd本/rz案/x应/v由/p犯罪/vn行为/n地/ude2管辖/v。/wj
刑事/b案/x件/q由/p侦查/vn机关/n进行/vn是/vshi…/ws
…/ws
申请/v公诉/vn人员/n、/wn审判/vn人员/n回避/v的/ude1问题/n，/wd我/rr就/d不/d提/v了/y，/wd但/c我/rr同意/v辩护人/n的/ude1观点/n。/wj
杨/nr1学林/nz：/wm我/rr在/p庭/ng前/f曾经/d提出/v5/f项/q书面/b请求/n，/wd包括/v申请/v十五/m位/q证人/n出庭/vi、/wn请求/v法院/n依/nr1职权/n调取/v证据/n等/udeng，/wd现在/t请求/v法庭/n当庭/d给予/vx答复/vn。/wj
审判长/n：/wm法庭/n会/v在/p适当/a时间/n给予/vx答复/vn。/wj
李庄/nr：/wm我/rr要/v补充/v一点/m，/wd根据/p《/wkz刑事诉讼法/n》/wky第18/m条/q的/ude1规定/n，/wd本/rz案/x由/p重庆/ns公安/n机关/n侦查/vn，/wd我/rr是/vshi没有/v异议/n，/wd但是/c本/d案/x的/ude1审判/vn地/ude2应/v是/vshi犯罪/vn行为/n地/ude2法院/n。/wj
审判长/n：/wm被告人/n李庄/nr，/wd你/rr已经/d表明/v了/ule态度/n。/wj
审判长/n：/wm现在/t开始/v法庭/n调查/vn，/wd请/v公诉人/n宣读/v起诉书/n。/wj
公诉人/n：/wm（/wkz宣读/v起诉书/n）/wky。/wj
（/wkz公诉人/n宣读/v完毕/vi，/wd杨/nr1学林/nz举手/vi）/wky审判长/n：/wm辩护人/n有/vyou何/ry意见/n？/ww
杨/nr1学林/nz：/wm审判长/n，/wd我/rr请求/v启动/v非法/b证据/n排除/v程序/n。/wj
审判长/n：/wm阐述/v理由/n。/wj
杨/nr1学林/nz：/wm被告人/n李庄/nr于/p2010年/m2月/t9日/t被/pbei重庆市/ns第一/m中级/b人民/n法院/n以/p“/wyz辩护人/n伪造/v证据/n、/wn妨害/v作证/vi罪/n”/wyy终审/n判处/v有期徒刑/nl一年/m零六/m个/q月/n，/wd执行/v期间/f2009年/m12月/t12日/t起/f至/p2011年/m6月/t11日/t止/v。/wj
根据/p《/wkz中华人民共和国/ns刑法/n》/wky第四十六/m条/q之/uzhi规定/n：/wm“/wyz被/pbei判处/v有期徒刑/nl、/wn无期徒刑/nl的/ude1犯罪分子/n，/wd在/p监狱/n或者/c其他/rzv执行/v场所/n执行/v；/wf凡/d有/vyou劳动/vn能力/n的/ude1，/wd都/d应当/v参加/v劳动/vn，/wd接受/v教育/vn和/cc改造/vn。/wj
