”/wyy这里/rzs的/ude1“/wyz其他/rzv执行/v场所/n”/wyy，/wd是/vshi指/v《/wkz中华人民共和国/ns监狱法/n》/wky第十五/m条/q第二/m款/q之/uzhi规定/n：/wm“/wyz罪犯/n在/p被/pbei交付/v执行/v刑罚/n前/f，/wd剩余/vn刑期/n在/p一年/m以下/f的/ude1，/wd由/p看守所/n代/vd为/v执行/v。/wj
”/wyy李庄/nr在/p被/pbei交付/v执行/v刑罚/n前/f，/wd剩余/vn刑期/n还有/v将近/d一年/m四/m个/q月/n，/wd不/d属于/v以上/f应当/v在/p其他/rzv执行/v场所/n服刑/vi的/ude1情况/n，/wd应当/v依法/d在/p监狱/n内/f服刑/vi。/wj
而/cc本/n案/x侦查/vn机关/n违反/v法律/n的/ude1规定/n，/wd在/p将/p李庄/nr送往/v监狱/n正在/d办理/v入/v监/vg手续/n时/ng，/wd即/d将/p其/rz带/v回/v重庆市/ns第二/m看守所/n关押/v。/wj
因此/c，/wd重庆市/ns第二/m看守所/n是/vshi对/p李庄/nr的/ude1违法/vn关押/v地点/n。/wj
鉴于/p公诉/vn机关/n提交/v的/ude1被告人/n李庄/nr的/ude1四/m份/q讯问/vn笔录/n均/d在/p重庆市/ns第二/m看守所/n调取/v，/wd应当/v认为/v其/rz取证/vn地点/n不/d合法/a。/wj
由此/d导致/v该/rz四/m份/q笔录/n为/p非法/b证据/n。/wj
最高人民法院/nt、/wn最高人民检察院/nt、/wn公安部/nt、/wn国家安全部/nt和/cc司法部/n联合/vd制定/v的/ude1《/wkz关于/p办理/v刑事/b案/x件/q排除/v非法/b证据/n若干/m问题/n的/ude1规定/n》/wky第二/m条/q规定/n：/wm“/wyz经/p依法/d确认/v的/ude1非法/b言词/n证据/n，/wd应当/v予以/vx排除/vn，/wd不能/v作为/v定/v案/x的/ude1根据/n。/wj
”/wyy而/cc起诉书/n将/p上述/b被告人/n的/ude1讯问/vn笔录/n作为/v定/v案/x证据/n。/wj
《/wkz关于/p办理/v刑事/b案/x件/q排除/v非法/b证据/n若干/m问题/n的/ude1规定/n》/wky第五/m条/q规定/n：/wm“/wyz被告人/n及其/cc辩护人/n在/p开庭/vi审理/v前/f或者/c庭审/v中/f，/wd提出/v被告人/n审判/vn前/f供/vi述/vg是/vshi非法/d取得/v的/ude1，/wd法庭/n在/p公诉人/n宣读/v起诉书/n之后/f，/wd应当/v先行/vd当庭/d调查/v。/wj
法庭/n辩论/vn结束/v前/f，/wd被告人/n及其/cc辩护人/n提出/v被告人/n审判/vn前/f供/vi述/vg是/vshi非法/d取得/v的/ude1，/wd法庭/n也/d应当/v进行/vx调查/vn。/wj
”/wyy据此/d，/wd辩护人/n特/ag在/p公诉人/n宣读/v起诉书/n后/f，/wd依法/d提出/v本/rz申请/n，/wd望/v法庭/n予以/vx批准/vn。/wj
审判长/n，/wd我/rr这里/rzs有/vyou书面/b的/ude1请求/n书/n，/wd现/tg提交/v法庭/n。/wj
审判长/n：/wm法警/n，/wd将/p辩护人/n提交/v的/ude1书面/b请求/n书/n提交/v法庭/n。/wj
公诉人/n有/vyou何/ry意见/n？/ww
公诉人/n：/wm首先/d、/wn公诉人/n认为/v公安/n机关/n搜集/v证据/n的/ude1程序/n完全/ad合法/a，/wd能/v作为/p证据/n使用/vn。/wj
最高人民法院/nt、/wn最高人民检察院/nt、/wn公安部/nt、/wn国家安全部/nt和/cc司法部/n联合/vd制定/v的/ude1《/wkz关于/p办理/v刑事/b案/x件/q排除/v非法/b证据/n若干/m问题/n的/ude1规定/n》/wky，/wd对/p本/n案/x完全/ad不/d适用/vi，/wd其他/rzv意见/n在/p以后/f答辩/vi中/f具体/ad陈述/v。/wj
其次/rzv、/wn对/p李庄/nr的/ude1关押/v地点/n也/d是/vshi合法/a的/ude1。/wj
审判长/n：/wm辩护人/n有/vyou何/ry意见/n？/ww
斯伟江/nr：/wm公诉人/n没有/d对/p是否/v是/vshi违法/vd羁押/v地/ude2讲明/v理由/n。/wj
公诉人/n：/wm提请/v辩护人/n注意/v，/wd公诉人/n现在/t并/d没有/d举出/v任何/rz证据/n，/wd辩护人/n不/d能/v针对/p证据/n提出/v质疑/vi。/wj
李/nr1庄/ng关押/v在/p看守所/n是/vshi合法/a的/ude1，/wd因为/c其/rz身份/n是/vshi双重/b的/ude1，/wd公诉人/n提请/v注意/v。/wj
审判长/n：/wm辩护人/n不要/d发表/v重复/vn的/ude1观点/n。/wj
斯伟江/nr：/wm公诉人/n的/ude1说法/n与/cc证据/n矛盾/an。/wj
杨/nr1学林/nz：/wm补充/v一点/m，/wd坚持/v请求/v启动/v非法/b证据/n排除/v程序/n…/ws
…/ws
审判长/n：/wm非法/b证据/n排除/v的/ude1问题/n不必/d重复/v，/wd由/p合议庭/n进行/vx评议/vn…/ws
…/ws
合议庭/n评议/vn后/f认为/v，/wd公诉人/n针对/p辩/vg方/b非法/b证据/n排除/v的/ude1理由/n成立/vi，/wd辩护人/n的/ude1要求/n不予/v准许/v。/wj
斯伟江/nr：/wm审判长/n，/wd我/rr讲/v一/m句/q话/n。/wj
审判长/n：/wm辩护人/n可以/v发言/vi。/wj
斯伟江/nr：/wm关于/p合议庭/n评议/vn过程/n，/wd我/rr只/d看到/v审判长/n动/v动/v嘴/n，/wd两边/f的/ude1审判员/n和/cc代理/vn审判员/n没有/d发表/v任何/rz意见/n，/wd合议庭/n评议/vn程序/n是/vshi违法/vi的/ude1。/wj
请求/v检察院/n作为/p法律/n监督/vn机关/n，/wd监督/vn法庭/n的/ude1这/rzv一/m行为/n。/wj
审判长/n：/wm辩护人/n请/v注意/v你/rr的/ude1身份/n，/wd你/rr指责/v法庭/n已/d超出/v辩护人/n身份/n。/wj
对/p起诉书/n的/ude1指控/vn，/wd被告人/n有/vyou什么/ry意见/n？/ww
李庄/nr：/wm起诉书/n指控/vn的/ude1我/rr的/ude1罪名/n及/cc事实/n经过/v，/wd和/cc我/rr的/ude1亲身/b经历/n相比/vi，/wd有些/rz是/vshi失实/vi的/ude1，/wd可以/v说/v既/c不/d准确/a也/d不/d客观/a。/wj
说/v我/rr是/vshi孟/b英/b案/x的/ude1一审/b辩护人/n，/wd这个/rz有点/d不/d精确/a，/wd因为/p孟/b英/b案/x的/ude1一审/n中/f有/vyou三/m个/q以上/f的/ude1律师/n，/wd不只/c我/rr一个/mq。/wj
审判长/n：/wm被告/n人/n做/v归纳/v性/ng陈述/v。/wj
李庄/nr：/wm审判长/n，/wd表面/n看/v很/d简单/a，/wd但/c涉及/v诸多/m法律/n关系/n，/wd你/rr让/v我/rr归纳/v，/wd我/rr很/d难/ad归纳/v出来/vf。/wj
如果/c让/v我/rr说/v事实/n，/wd我/rr能/v从头到尾/dl讲/v一下/mq。/wj
审判长/n：/wm直接/ad针对/v起诉书/n指控/vn的/ude1教唆/v作伪/v证/n的/ude1行为/n作/v陈述/v。/wj
李庄/nr：/wm“/wyz引诱/v、/wn教唆/v”/wyy，/wd这些/rz词/n我/rr去年/t看到/v过/uguo。/wj
“/wyz引诱/v”/wyy，/wd在/p《/wkz现代/t汉语/nz词典/n》/wky中/f的/ude1意思/n是/vshi引导/v、/wn循循善诱/vl。/wj
只不过/d现代人/n将/p其/rz作为/v贬义词/n表达/v，/wd如果/c说/v我/rr所谓/v的/ude1“/wyz引诱/v”/wyy徐丽/nr军/n作证/vi，/wd我/rr认为/v这/rzv是/vshi一/m种/q好/a的/ude1引诱/vn。/wj
那/rzv是/vshi“/wyz引诱/v”/wyy她/rr说/v实话/n，/wd说/v没有/d违背/v客观/a事实/n的/ude1真话/n。/wj
徐丽军/nr的/ude1100/m万/m元/q是/vshi什么/ry性质/n，/wd我/rr不/d想/v评价/vn。/wj
我/rr不/d否认/v，/wd徐丽/nr军/n当初/t拿/v这/rzv100/m万/m元/q是/vshi想/v去/vf投资/v。/wj
直到/v今天/t我/rr也/d不/d否认/v，/wd她/rr投/v钱/n也/d是/vshi为了/p盈利/vi。/wj
但是/c，/wd自从/p我/rr接受/v了/ule孟/b英/b案/x的/ude1委托/vn以后/f，/wd从/p所/usuo有/vyou证据/n中/f，/wd没有/d看到/v一/m份/q能够/v反映/v出来/vf这笔/r钱/n是/vshi投资/vn。/wj
而/cc客观/n发生/v的/ude1，/wd展现/v在/p我/rr眼前/s的/ude1所有/b的/ude1东西/n，/wd包括/v工商/n档/ng案/x、/wn合伙人/n章程/n、/wn合同/n等/udeng材料/n，/wd没有/v一/m份/q体现/v出/vf100/m万/m元/q的/ude1性质/n是/vshi投资/vn。/wj
相反/vi，/wd孟英/nr第一/m次/qv是/vshi因/p涉嫌/v侵占/v被/pbei抓/v。/wj
孟英/nr2被/pbei取保/vi候审/vi以后/f，/wd才/d委托/v我/rr作为/p她/rr的/ude1辩护人/n。/wj
在/p我/rr之前/f的/ude1三/m个/q律师/n都/d给/p我/rr提供/v了/ule大量/m的/ude1资料/n，/wd包括/v视频/n资料/n。/wj
大量/m的/ude1资料/n都/d没有/d体现/v出/vf100/m万/m元/q是/vshi投资/v，/wd而/cc应该/v是/vshi借款/n。/wj
徐丽军/nr第一/m天/qt到/v上海/ns，/wd亲口/d对/p我/rr说/v：/wm“/wyz原来/b的/ude1律师/n找/v过/uguo我/rr，/wd让/v我/rr改变/v证言/n，/wd但/c我/rr信不过/v他们/rr。/wj
”/wyy我/rr与/p徐丽/nr军/n总共/d见/v过/uguo三/m次/qv面/n，/wd累计/vd见面/vi时间/n不/d到/v四/m个/q小时/n。/wj
而且/c，/wd我/rr对/p见面/vi的/ude1每/rz一分/m、/wn每/rz一秒/t都/d进行/vx了/ule录音/vn录/ng相/d。/wj
我/rr申请/v法庭/n调/v取/v。/wj
我/rr相信/v会/v调取/v到/v。/wj
我/rr的/ude1第一/m个/q观点/n是/vshi，/wd没有/d发现/v该/rz笔/q款项/n是/vshi投资/vn。/wj
第二/m个/q观点/n：/wm徐丽军/nr的/ude1钱/n是/vshi借款/n还/d是/vshi投资/v？/ww
我/rr讲/v过/uguo，/wd我/rr作为/p律师/n，/wd所谓/v“/wyz诱导/vn、/wn教唆/v”/wyy过/uguo徐丽军/nr，/wd从/p法律/n角度/n对/p她/rr讲解/v什么/ry是/vshi投资/v、/wn什么/ry是/vshi借款/n。/wj
投资/v是/vshi不/d能/v撤回/v的/ude1，/wd借款/n是/vshi随时/d主张/v权利/n的/ude1。/wj
我/rr讲/v过/uguo这些/rz话/n。/wj
