至于/p她/rr听/v我/rr的/ude1所谓/vn的/ude1“/wyz教唆/v”/wyy和/cc“/wyz引诱/v”/wyy以后/f，/wd如何/ryv选择/v，/wd是/vshi她/rr作为/v完全/ad民事/b行为/n能力/n人/n，/wd凭/p自己/rr的/ude1判断/n进行/vx选择/vn。/wj
她/rr听/v了/ule我/rr的/ude1所谓/v教唆/v还是/c引诱/v后/f，/wd做/v了/ule何/ry种/q选择/vn，/wd完全/ad是/vshi她/rr的/ude1独立/a判断/vn。/wj
我/rr不/d排除/v她/rr听/v了/ule我/rr的/ude1话/n思想/n动摇/an，/wd也/d不/d排除/v她/rr是/vshi想/v收取/v回报/vn，/wd但/c我/rr千真万确/vl没有/d教唆/v她/rr如何/ryv去/vf改变/v借款/vi的/ude1性质/n或/c投资/v的/ude1性质/n。/wj
还有/v另外/c一点：/t孟/b英/b案/x开/v完/vi庭/ng以后/f，/wd我/rr多次/mq督促/v孟/b、/wn朱/nr1两/m家/q还/d徐丽军/nr的/ude1欠款/n。/wj
第/m四点：/t徐丽军/nr的/ude1钱/n无论/c投/v到/v哪/ry，/wd自始至终/dl，/wd金汤/n城/n没有/d依照/p法定/b程序/n变更/vn款项/n的/ude1性质/n。/wj
投资/v是/vshi有/vyou严格/a程序/n的/ude1，/wd人民法院/nl的/ude1判决/vn也/d没/v权/n就此/d判定/v。/wj
依据/p法律/n规定/n的/ude1，/wd100/m万/m元/q的/ude1性质/n到/p今天/t也/d没有/d发生变化/n，/wd就是/d借款/vi。/wj
第五点：/m到/v今天/t，/wd我/rr仍然/d不/d知道/v100/m万/m元/q的/ude1所有权/n人/n是/vshi谁/ry的/ude1？/ww
有人/r说是/v王/nr1某某/r的/ude1，/wd有人/r说是/v徐丽军/nr的/ude1，/wd而/cc他们/rr之间/f到底/d是/vshi什么/ry关系/n？/ww
我/rr相信/v，/wd我们/rr四方/n现在/t都/d没有/d搞/v清楚/a。/wj
徐丽军/nr离/v过/uguo三/m次/qv婚/ng。/wj
这/rzv点/qt很难说/vl清楚/a。/wj
判决书/n认定/v是/vshi王/nr1某某/r的/ude1100/m万/m元/q，/wd现在/t怎么/ryv成/v了/ule徐丽军/nr的/ude1？/ww
到底/d是/vshi谁/ry的/ude1？/ww
我/rr现在/t都/d搞/v不/d清/a。/wj
孟/b英/b案/x的/ude1判决书/n我/rr没/d看/v过/uguo。/wj
第/m六点：/t徐丽/nr军/n吸毒/vi成/v性/ng，/wd她/rr的/ude1证言/n是/vshi何/ry时/ng作/v的/ude1？/ww
询问/v时/ng是否/v清醒/a？/ww
我/rr希望/v法庭/n注意/v。/wj
另外/c，/wd还有/v一个/mq民法/n、/wn公司法/n上/f的/ude1一个/mq观点/n。/wj
孟英/nr2是/vshi法定/b代表/n人/n，/wd任/v金汤/n城/n公司/n董事长/n，/wd营业执照/n是/vshi这么/rz写/v的/ude1。/wj
法定/b代表/n人/n的/ude1行为/n是/vshi职务/n行为/n，/wd即使/c没/v书面/b合同/n，/wd口头/n诺/ng成/v的/ude1合同/n也/d是/vshi企业/n行为/n。/wj
无论如何/dl，/wd孟英/nr是/vshi收/v下/vf了/ule100/m万/m元/q。/wj
这/rzv100/m万/m元/q，/wd谁/ry是/vshi要/v约/b人/n？/ww
谁/ry是/vshi承诺/v人/n？/ww
我/rr认为/v，/wd徐丽军/nr是/vshi要/v约/b人/n。/wj
孟英/nr2作为/p董事长/n，/wd她/rr把/pba这/rzv100/m万/m元/q收/v进来/vf，/wd这/rzv100/m万/m元/q的/ude1性质/n如何/ryv界定/v？/ww
徐丽军/nr说/v过/uguo：/wm“/wyz我/rr和/cc孟英/nr在/p电话/n里面/f通话/vi的/ude1内容/n到底/d是/vshi什么/ry？/ww
地球/n上/f只有/c我们/rr两/m个/q人/n知道/v。/wj
”/wyy审判长/n：/wm还有/v其他/rzv观点/n么/y？/ww
简短/a一些/mq。/wj
李庄/nr：/wm有/vyou，/wd就是/v孟/b英/b案/x开庭/vi以后/f，/wd徐丽/nr军/n多次/mq找/v过/uguo我/rr，/wd要求/v我/rr按/p三/m方/q还款/vn协议/n，/wd督促/v孟/b、/wn朱/nr1两/m家/q还款/vn。/wj
孟某/nr和/cc朱立杰/nr各自/rr有/vyou孟英/nr、/wn朱/nr1某某/r的/ude1授权/vn委托书/n。/wj
我/rr将/d授权/v委托书/n给/v了/ule徐丽军/nr，/wd他们/rr达成/v还款/vn协议/n。/wj
我/rr经过/p总结/v归纳/v他们/rr的/ude1意思/n，/wd由/p我/rr口授/v、/wn闵/nr1某某/r书写/v，/wd三/m方/q签订/v了/ule还款/vn协议/n书/n，/wd并/cc签/v了/ule字/n。/wj
我/rr多次/mq督促/v孟/b、/wn朱/nr1两/m家/q还款/vn。/wj
据/p我/rr所/usuo知/v，/wd也/d确实/ad还给/v徐丽/nr军/n不少/m钱/n。/wj
但/c到/v今天/t为止/u，/wd到底/d还/d了/ule多少/ry钱/n？/ww
什么/ry时候/n还/d的/ude1？/ww
我/rr都/d不/d太/d清楚/a。/wj
律师/n没有/d向/p我/rr提供/v这些/rz信息/n。/wj
我/rr敢/v确定/v，/wd还/d了/ule徐丽/nr军/n不少/m钱/n。/wj
为什么/ryv卷宗/n材料/n里/f没有/v这/rzv方面/n证据/n？/ww
我/rr要求/v辩护人/n申请/v法庭/n对/p后期/t又/d还/d徐丽/nr军/n多少/ry钱/n进行/vx调查/vn。/wj
侦查/v机关/n没有/d问/v到/v过/uguo这/rzv方面/n的/ude1问题/n。/wj
还有/v一个/mq问题/n。/wj
徐丽/nr军/n多次/mq到/v北京/ns找/v我/rr，/wd都/d没/d找到/v。/wj
徐丽军/nr曾/d在/p电话/n里/f对/p我/rr大/d叫/vi大/d喊/v，/wd说/v一些/mq过/vf格/n的话/udh，/wd我/rr就/d把/pba她/rr的/ude1电话/n给/p挂断/n了/y。/wj
这/rzv件/q事/n是/vshi引发/v今天/t案/x子/ng的/ude1导火索/n。/wj
我/rr想/v向/p她/rr、/wn向/p法庭/n说/v的/ude1是/vshi，/wd债务/n人/n与/cc债权人/n之间/f的/ude1债务/n纠纷/n，/wd跟/p律师/n没有/v关系/n。/wj
希望/v她/rr理解/v、/wn法官/n理解/vn。/wj
还有/v一点/m，/wd我/rr曾经/d在/p开庭/vi前/f跟/p法官/n、/wn检察官/n都/d说/v过/uguo，/wd徐丽军/nr这样/rzv一个/mq吸毒/vi成/v性/ng…/ws
…/ws
公诉人/n：/wm公诉人/n提请/v法庭/n注意/v，/wd被告人/n不/d能/v污蔑/v证人/n。/wj
审判长/n：/wm请/v被告/n注意/v。/wj
李庄/nr：/wm我/rr道歉/vi。/wj
我/rr手上/s写/v着/uzhe“/wyz克制/v”/wyy两/m个/q字/n，/wd但/c我/rr还/d没/d能/v克制/v住/vi。/wj
斯伟江/nr：/wm李庄/nr说/v的/ude1没有/d不当/a。/wj
审判长/n：/wm辩护人/n说话/vi请/v举手/vi。/wj
斯伟江/nr：/wm公诉人/n刚才/t发言/vi也/d没有/v举手/vi示意/v。/wj
请/v法官/n一/m碗/q水/n端平/v。/wj
审判长/n：/wm请/v辩护人/n注意/v你/rr的/ude1言辞/n。/wj
被告人/n还有/v什么/ry意见/n？/ww
李庄/nr：/wm另外/rz一个/mq问题/n就/d是/vshi，/wd徐丽/nr军/n当年/t去/vf北京/ns找/v我/rr，/wd我/rr没有/d答应/v。/wj
审判长/n：/wm徐丽军/nr到/v北京/ns找/v你/rr的/ude1问题/n，/wd已经/d说/v过/uguo了/y。/wj
李庄/nr：/wm再/d说/v最后/f一个/mq观点/n。/wj
徐丽军/nr…/ws
…/ws
我/rr又/d有/vyou点/n激动/an。/wj
审判长/n：/wm被告人/n观点/n发表/v完毕/vi。/wj
公诉人/n发问/vi。/wj
公诉人/n：/wm辩护人/n提出/v的/ude1公诉/vn人/n对/p法庭/n庭审/v有/vyou监督/vn职责/n，/wd我们/rr没有/v这个/rz权利/n。/wj
今天/t法庭/n审理/v的/ude1目的/n，/wd是/vshi查清/v事实/n。/wj
被告人/n李庄/nr，/wd请/v你/rr实事求是/vl地/ude2陈述/v犯罪/vn事实/n。/wj
孟某/nr请/v没/d请/v你/rr担任/v孟英/nr的/ude1辩护人/n？/ww
什么/ry时候/n？/ww
李庄/nr：/wm有/vyou，/wd具体/a时间/n得/ude3看/v卷宗/n。/wj
公诉人/n：/wm作为/p辩护人/n，/wd你/rr到/v检察院/n、/wn法院/n去/vf阅/vg过/uguo卷/ng没有/v？/ww
李庄/nr：/wm没有/v，/wd材料/n都/d是/vshi孟英/nr的/ude1前任/b律师/n转交/v我/rr的/ude1。/wj
公诉人/n：/wm前任/b律师/n是/vshi谁/ry？/ww
前任/b律师/n是不是/v…/ws
…/ws
斯伟江/nr：/wm审判长/n，/wd我/rr反对/v，/wd这/rzv是/vshi诱供/v。/wj
要/v问/v前任/b律师/n叫/vi什么/ry，/wd不/d能/v问/v前任/b律师/n是/vshi某/rz某某/r么/y？/ww
这/rzv是/vshi典型/a的/ude1诱供/v。/wj
公诉人/n：/wm我/rr是/vshi问/v被告人/n，/wd是否/v是/vshi某某/r人/n？/ww
没/d说/v一定/d是/vshi某某/r人/n。/wj
审判长/n：/wm法庭/n申明/v规则/n。/wj
发/v问/v方/d停止/v发问/vi，/wd由/p法庭/n发问/vi。/wj
法庭/n评议/vn后/f认为/v，/wd公诉人/n是/vshi在/p被告人/n表示/v记/v不/d住/vi的/ude1情况/n下/f，/wd进一步/d发问/vi，/wd不/d算/v诱供/v。/wj
公诉人/n继续/v发问/vi。/wj
公诉人/n：/wm给/p你/rr材料/n的/ude1律师/n是/vshi不/d是/vshi叫/viY/x？/ww
李庄/nr：/wm不/d是/vshi，/wd我/rr所有/b的/ude1材料/n都/d是/vshi孟/b某/rz转给/v我/rr的/ude1。/wj
公诉人/n：/wm你/rr不/d否认/v是/vshi投资/v款/n？/ww
李庄/nr：/wm你/rr没/d听/v清楚/a，/wd不/d否认/v徐丽军/nr的/ude1个人/n意愿/n认为/v是/vshi投资/v款/n。/wj
但/c款项/n的/ude1性质/n，/wd到/p今天/t也/d没有/v被/pbei确定/v。/wj
公诉人/n：/wm徐丽军/nr的/ude1意向/n，/wd是/vshi将/p此/rzs款/n用/v在/p公司/n还/d是/vshi个/q人/n？/ww
李庄/nr：/wm这/rzv要/v看/v是/vshi投资/v给/v谁/ry，/wd如果/c投/v给/p孟英/nr个人/n，/wd徐丽军/nr是/vshi孟英/nr个人/n下面/f的/ude1隐/v名/q股东/n。/wj
