公诉人/n：/wm直接/ad回答/v问题/n。/wj
你/rr看/v过/uguo证据/n复印/v资料/n。/wj
里面/f有/vyou什么/ry？/ww
李庄/nr：/wm有/vyou很多/m东西/n。/wj
公诉人/n：/wm你/rr陈述/v一下/mq./wj
。/wj
李庄/nr：/wm工商/n档/ng案/x、/wn合同/n协议/n，/wd企业/n章程/n。/wj
公诉人/n：/wm有/vyou没/d有/vyou民事/b判决/vn书/n？/ww
李庄/nr：/wm好像/v有/vyou。/wj
公诉人/n：/wm有/vyou没/d有/vyou徐丽/nr军/n侦查/vn阶段/n笔录/n的/ude1复印件/n？/ww
李庄/nr：/wm太/d多/m年/qt了/y，/wd我/rr记不清/vl了/y。/wj
公诉人/n：/wm你/rr跟/p徐丽军/nr在/p上海/ns见/v了/ule几/m次/qv面/n？/ww
有/vyou谁/ry在场/vi？/ww
李庄/nr：/wm三/m、/wn四/m次/qv，/wd累计/v不/d到/v四/m个/q小时/n。/wj
很多/m人/n在场/vi，/wd有/vyou朱/nr1某某/r母亲/n、/wn父亲/n、/wn孟某/nr、/wn孟/b家/n的/ude1亲戚/n朋友/n。/wj
公诉人/n：/wm孟/b家/n的/ude1亲戚/n朋友/n，/wd有/vyou没/d有/vyou孟某/nr的/ude1女儿/n？/ww
李庄/nr：/wm其中/rz一/m次/qv有/vyou。/wj
公诉人/n：/wm有/vyou没/d有/vyou徐丽军/nr的/ude1儿子/n？/ww
李庄/nr：/wm我/rr记不清/vl了/y。/wj
我/rr与/p他们/rr都/d是/vshi非正式/b的/ude1见面/vi。/wj
公诉人/n：/wm被告/n人/n直接/ad回答/v问题/n。/wj
李庄/nr：/wm我/rr不/d记得/v了/y。/wj
斯伟江/nr：/wm法官/n，/wd公诉人/n提示/v有/vyou没/d有/vyou谁/ry？/ww
还是/c诱导性/n提问/vn。/wj
审判长/n：/wm刚才/t合议庭/n看/v的/ude1很/d清楚/a，/wd反对/v无效/vi。/wj
公诉人/n继续/v发问/vi。/wj
公诉人/n：/wm你/rr刚/d讲述/v过/uguo，/wd你/rr承认/v有/vyou引诱/vn行为/n。/wj
杨/nr1学林/nz：/wm反对/v。/wj
李庄/nr说/v的/ude1是/vshi所谓/v的/ude1。/wj
请/v审判长/n对/p公诉人/n这种/r发问/vi方式/n予以/vx制止/vn。/wj
公诉人/n：/wm我/rr还/d没有/d说/v完/vi，/wd我/rr不/d否认/v李/nr1庄/ng教唆/v过/uguo、/wn引诱/v过/uguo…/ws
…/ws
李庄/nr：/wm什么/ry叫/vi投资/v、/wn借款/n，/wd我/rr没有/d违背/v事实/n，/wd改变/v真相/n。/wj
公诉人/n：/wm目的/n是/vshi什么/ry？/ww
李庄/nr：/wm解释/v两者/rzv之间/f的/ude1区别/n，/wd跟/p孟/b英/b前任/b律师/n的/ude1目的/n是/vshi一样/a的/ude1。/wj
公诉人/n：/wm你/rr说/v过/uguo，/wd好像/v见/v过/uguo民事/b判决/vn？/ww
李庄/nr：/wm我/rr记得/v不/d是/vshi很/d清楚/a。/wj
我/rr见/v的/ude1时候/n，/wd不/d是/vshi终审/n判决/vn，/wd也/d没有/d确认/v其/rz股东/n身份/n。/wj
公诉人/n：/wm徐丽/nr军/n那天/r出庭/vi作证/vi了/y？/ww
李庄/nr：/wm是/vshi。/wj
公诉人/n：/wm谁/ry向/p法庭/n申请/v徐丽/nr军/n出庭/vi？/ww
李庄/nr：/wm我/rr接手/v孟/b英/b案/x后/f，/wd孟英/nr的/ude1前任/b律师/n、/wn孟英/nr的/ude1亲戚/n、/wn朱/nr1某某/r的/ude1亲戚/n，/wd我们/rr在/p一起/s多次/mq开会/vi，/wd研讨/v这个/rz案/x子/ng。/wj
公诉人/n：/wm直接/ad回答/v我/rr的/ude1问题/n。/wj
谁/ry申请/v的/ude1？/ww
李庄/nr：/wm如果/c直接/ad回答/v，/wd我/rr怕/v法庭/n听/v不/d懂/v。/wj
审判长/n：/wm被告/n可以/v适当/ad陈述/v。/wj
李庄/nr：/wm作为/p律师/n应该/v抓住/v案/x件/q重点/n，/wd“/wyz挪用/v资金/n”/wyy案/x的/ude1期限/n三/m个/q月/n，/wd我/rr关注/v的/ude1是否/v超过/v三/m个/q月/n？/ww
是否/v是/vshi投资/v？/ww
我/rr经过/p大量/m取证/vi，/wd发现/v挪用/v时间/n不/d到/v三/m个/q月/n。/wj
从/p上海/ns孟/b英/b案/x的/ude1证据/n目录/n可以/v看出/v，/wd我/rr的/ude1注意力/n是/vshi放/v在/p那/rzv的/ude1。/wj
开会/vi时/ng，/wd有/vyou一个/mq律师/n在/p场/qv，/wd姓/v王/nr1，/wd是/vshi位/q法律/n工作者/n，/wd他/rr把/pba资料/n给/p我/rr。/wj
他/rr说/v他/rr曾/d找/v徐丽军/nr，/wd并/cc录/v了/ule音/n。/wj
我/rr现在/t开始/v回答/v公诉人/n的/ude1问题/n。/wj
他/rr建议/v朱/nr1、/wn孟/b两/m家/q把/pba徐丽军/nr从/p东北/s请/v来/vf作证/vi。/wj
后来/t，/wd朱/nr1、/wn孟/b两/m家/q与/p徐丽军/nr闹/v得/ude3很/d僵/a。/wj
朱/nr1某某/r的/ude1母亲/n通过/p朱/nr1某某/r的/ude1同学/n王某/nr，/wd把/pba徐丽军/nr接/v到/v上海/ns。/wj
是/vshi孟英/nr的/ude1前任/b律师/n提议/v的/ude1。/wj
申请书/n是/vshi我/rr依照/p法律/n规定/n写/v的/ude1。/wj
公诉人/n：/wm公诉人/n听/v清/a了/y。/wj
徐丽军/nr在/p2008年/m7月/t30日/t作证/vi的/ude1内容/n是/vshi什么/ry？/ww
李庄/nr：/wm我/rr可以/v叙述/v一下/mq，/wd不要/d打断/v我/rr的/ude1思路/n。/wj
我/rr和/cc孟/b英/b当年/t说/v到/v借款/vi的/ude1问题/n，/wd公诉人/n当庭/vn火/n了/y，/wd对/p徐丽军/nr说/v：/wm“/wyz你/rr怎么/ryv说/v是/vshi借款/n，/wd举报人/n是/vshi你/rr，/wd作证/vi也/d是/vshi你/rr。/wj
”/wyy徐丽军/nr说/v：/wm“/wyz对不起/v，/wd我/rr常年/d吸毒/vi。/wj
报/n案/x时/ng，/wd我/rr在/p周/nr1某某/r家/n吸毒/vi了/y，/wd我/rr不/d清醒/a。/wj
他/rr带/v我/rr到/v公安局/n，/wd当天/t我/rr吸/v的/ude1剂量/n过/uguo大/a，/wd身上/s发冷/vi，/wd他/rr就/d把/pba公安/n大衣/n给/p我/rr。/wj
是/vshi周/nr1某某/r跟/p公安/n说/v的/ude1，/wd公安/n记录/n。/wj
我/rr可怜/v孟/b英/b的/ude1三/m个/q孩子/n，/wd上/vf了/ule周/nr1某某/r的/ude1当/v。/wj
”/wyy审判长/n问/v：/wm“/wyz你/rr吸毒/vi么/y？/ww
”/wyy徐丽军/nr说/v：/wm“/wyz我/rr吸/v，/wd我/rr四/m次/qv去/vf过/uguo沈/v阳/ag的/ude1戒毒所/n。/wj
”/wyy我/rr马上/d出来/vf打电话/vi给/p沈/v阳/nr1戒毒所/n，/wd查徐丽军/nr的/ude1住所/n记录/n。/wj
这/rzv是/vshi她/rr的/ude1陈述/vn，/wd她/rr说/v地球/n上/f好几/m十亿/m人/n，/wd只有/c她/rr和/cc孟英能/nr说/v清/tg是/vshi借款/n还/d是/vshi投资/vn。/wj
公诉人/n：/wm陈述/v与/p你/rr了解/v的/ude1事实/n相符/vi么/y？/ww
李庄/nr：/wm基本/ad属实/v。/wj
公诉人/n：/wm金汤/n城/n的/ude1法定/b代表/n人/n是/vshi谁/ry？/ww
李庄/nr：/wm孟英/nr，/wd她/rr是/vshi挂/v名/q的/ude1。/wj
公诉人/n：/wm公司法/n规定/n，/wd法人/n能否/v把/pba单位/n资金/n存入/v个人/n账户/n？/ww
杨/nr1学林/nz：/wm我/rr反对/v。/wj
审判长/n：/wm可以/v。/wj
杨/nr1学林/nz：/wm这个/rz问题/n与/cc本/n案/x无关/v。/wj
斯伟江/nr：/wm公诉人/n进行/vx诱导/vn式/k发问/vi。/wj
李庄/nr：/wm我/rr听/v出来/vf了/y。/wj
审判长/n：/wm反对/v有效/a。/wj
公诉人/n注意/v。/wj
公诉人/n：/wm好/a。/wj
还款/v协议/n是/vshi怎么/ryv形成/v的/ude1？/ww
李庄/nr：/wm朱立杰/nr、/wn孟某/nr代表/n双方/n家庭/n，/wd有/vyou委托书/n的/ude1，/wd徐丽军/nr看/v过/uguo。/wj
公诉人/n：/wm写/v协议/n的/ude1过程/n你/rr是否/v参与/v了/y？/ww
李庄/nr：/wm有/vyou，/wd肯定/d有/vyou。/wj
三/m方/q都/d是/vshi老百姓/n，/wd都/d缺乏/v法律/n知识/n，/wd在/p我/rr主持/v下/vf签订/v的/ude1。/wj
公诉人/n：/wm在场/vi有/vyou哪些/ry人/n？/ww
李庄/nr：/wm有/vyou很多/m人/n，/wd孟英/nr他们/rr家/n的/ude1哥哥/n、/wn姐姐/n、/wn弟弟/n、/wn妹妹/n。/wj
公诉人/n：/wm开庭/vi前/f，/wd你/rr进/vf过/uguo证人/n等候/v室/n没有/v？/ww
李庄/nr：/wm与/p本/n案/x有关/vn么/y？/ww
我/rr记/v不/d太/d清/a。/wj
公诉人/n：/wm开/v完/vi庭/ng以后/f，/wd为什么/ryv要/v退出/v辩护/vi？/ww
李庄/nr：/wm审判长/n，/wd我/rr可以/v说/v么/y？/ww
审判长/n：/wm与/p本/n案/x有关/vn的/ude1可以/v说/v。/wj
李庄/nr：/wm与/p本/n案/x有关/vn。/wj
我/rr为什么/ryv退/v？/ww
因为/c在/p孟/b英/b案/x中/f，/wd徐丽/nr军/n出庭/vi作证/vi以后/f，/wd公诉人/n与/p孟/b家/n发生/v激烈/a对抗/vn、/wn争吵/vn。/wj
孟英/nr2的/ude1亲戚/n通过/p张/q三/m、/wn李/nr1四/m，/wd好几/m道/qv关系/n，/wd与/p公诉人/n沟通/v过/uguo，/wd让/v我/rr作/v有/vyou罪/n辩护/vi。/wj
我/rr认为/v孟英/nr是/vshi无罪/vi的/ude1，/wd没有/d同意/v。/wj
如果/c要/v我/rr改/v为/v有/vyou罪/n辩护/vi，/wd我/rr只能/v撤出/v来/vf。/wj
他们/rr家/n还/d请/v了/ule另/rz一个/mq辩护人/n，/wd辞职/vi前/f是/vshi检察院/n公诉/vn科/n的/ude1，/wd是/vshi公诉/vi科长/n原来/b的/ude1同事/n，/wd经/p公诉/vn科长/n介绍/v的/ude1给/p孟/b英/b辩护/vn的/ude1。/wj
审判长/n：/wm围绕/v重点/n陈述/v。/wj
李庄/nr：/wm你/rr听/v我/rr说/v完/vi。/wj
