杨/nr1学林/nz：/wm你/rr第一/m次/qv被/pbei羁押/v时/ng侦查/v机关/n扣押/v过/uguo什么/ry东西/n？/ww
李庄/nr：/wm很多/m东西/n。/wj
杨/nr1学林/nz：/wm你/rr后来/t要求/v归还/v过/uguo么/y？/ww
李庄/nr：/wm有/vyou，/wd当天/t就/d要求/v归还/v。/wj
杨/nr1学林/nz：/wm你/rr在/p看守所/n羁押/v到/p今天/t，/wd能/v不/d能/v看/v书/n、/wn读报/vi、/wn看电视/n？/ww
审判长/n：/wm此问题/n与/cc本/n案/x无关/v。/wj
杨/nr1学林/nz：/wm这/rzv关系/n到/v李庄/nr的/ude1权利/n是否/v被/pbei剥夺/v，/wd与/p本/n案/x有关/vn。/wj
李庄/nr：/wm只能/v看/v电影/n，/wd没有/v报纸/n看/v，/wd看不到/v实事/n新闻/n。/wj
审判长/n：/wm请问/v与/p本/n案/x有关/vn的/ude1问题/n。/wj
杨/nr1学林/nz：/wm这/rzv与/p我/rr的/ude1辩护/vn观点/n直接/a有关/vn，/wd我/rr得/v问/v清楚/a。/wj
杨/nr1学林/nz：/wm你/rr上/vf一个/mq罪/n的/ude1执行/vn时间/n？/ww
李庄/nr：/wm没有/d执行/v。/wj
杨/nr1学林/nz：/wm你/rr办理/v孟/b英/b案/x收费/vn多少/ry？/ww
开庭/vi几/m次/qv？/ww
会见/v几/m次/qv？/ww
调取/v多少/ry份/q证据/n？/ww
提交/v了/ule么/y？/ww
申请/v几/m个/q证人/n出庭/vi？/ww
花/v了/ule多少/ry时间/n？/ww
李庄/nr：/wm收费/vn多少/ry忘/v了/y。/wj
开庭/vi一/m、/wn两/m次/qv。/wj
会见/v次数/n记不清/vl了/y。/wj
调/v取/v了/ule几/m十/m份/q证据/n都/d提交/v了/y。/wj
几/m个/q证人/n出庭/vi记不清/vl了/y，/wd有的/rz出/vf了/y，/wd有的/rz没/d出/vf。/wj
花费/v多少/ry时间/n记不清/vl了/y。/wj
杨/nr1学林/nz：/wm除了/p孟英/nr的/ude1案/x子/ng，/wd你/rr办理/v别的/rzv案/x件/q也/d要/v像/v这样/rzv调查取证/n和/cc申请/v证人/n出庭/vi吗/y？/ww
李庄/nr：/wm肯定/v的/ude1，/wd我/rr办/v的/ude1任何/rz一个/mq案/x件/q都/d要/v看/v材料/n后/f，/wd分析/v、/wn取证/vi。/wj
杨/nr1学林/nz：/wm这样/rzv做/v的/ude1风险/n你/rr知道/v吗/y？/ww
李庄/nr：/wm知道/v。/wj
没/v办法/n，/wd我/rr既然/c接受/v委托/vn，/wd就/d得/ude3这样/rzv办/v。/wj
杨/nr1学林/nz：/wm发问/vi结束/v，/wd谢谢/v审判长/n。/wj
审判长/n：/wm休息/v十分/m钟/n。/wj
十分/m钟/n后/f：/wm审判长/n：/wm继续/v开庭/vi。/wj
另/rz一/m位/q辩护人/n发问/vi。/wj
斯伟江/nr：/wm经过/p法律/n分析/vn后/f，/wd徐丽军/nr对/p款项/n性质/n如何/ryv认定/v？/ww
李庄/nr：/wm是/vshi借款/n。/wj
斯伟江/nr：/wm孟英/nr在/p庭审/v中/f认为/v徐丽军/nr交/v给/p她/rr或/c公司/n的/ude1钱/n是/vshi借款/n还/d是/vshi投资/v？/ww
李庄/nr：/wm先/d按/p借款/n进来/vf，/wd后来/t再说/vi。/wj
斯伟江/nr：/wm发问/vi完毕/vi。/wj
审判长/n：/wm由/p控/v、/wn辩/vg双方/n举/ng证/n。/wj
杨/nr1学林/nz：/wm审判长/n，/wd能否/v把/pba我/rr庭/ng前/f提交/v的/ude1申请/vn，/wd法庭/n予以/vx当面/d答复/v？/ww
我/rr在/p阅卷/vi时/ng，/wd发现/v控/v方/d又/d提交/v了/ule补充/vn证据/n。/wj
对于/p侦查/vn机关/n在/p起诉/v以后/f调/v取/v的/ude1，/wd我们/rr认为/v取证/vn时间/n不/d合法/a，/wd我们/rr将/d拒绝/v进行/vx质证/v。/wj
同时/c，/wd发现/v法院/n于/p4月/t6日/t送达/v给/p我们/rr的/ude1控/v方/q证据/n，/wd即便/c在/p控/v方/d对/p缺/v页/q进行/vx补足/v后/f，/wd仍然/d与/p证据/n目录/n不/d完全/ad相符/vi。/wj
我们/rr请求/v法庭/n责令/v控/v方/d立即/d提交/v全部/m证据/n，/wd以便/c辩护人/n研究/v质证/v。/wj
如果/c控/v方/d在/p法庭/n审理/v过程/n中/f初次/d提交/v，/wd我们/rr将/d请求/v休庭/v。/wj
如果/c控/v方/d拒绝/v提交/v，/wd我们/rr将/d请求/v法庭/n按照/p《/wkz中华人民共和国/ns刑事诉讼法/n》/wky第四十五/m条/q第三/m款/q的/ude1规定处理/n。/wj
同时/c，/wd我/rr还/d请求/v15/m位/q证人/n出庭/vi。/wj
能否/v由/p法庭/n或/c公诉人/n说明/v一下/mq。/wj
谢谢/v。/wj
审判长/n：/wm法庭/n在/p庭/ng前/f已经/d将/p有关/vn问题/n转交/v公诉人/n，/wd公诉人/n已/d将/d补充/v的/ude1证据/n转交/v了/ule辩护人/n。/wj
杨/nr1学林/nz：/wm我/rr经过/p查阅/v和/cc对照/vn，/wd发现/v还/d有/vyou如下/vi几/m份/q缺/v页/q，/wd请/v公诉人/n能否/v提交/v给/p我/rr。/wj
(/wkz宣读/v证据/n目录/n：/wm序号/n4/ng控告/v书/n；/wf序号/n13/d调取/v证据/n清单/n、/wn记账/vi凭/p证/n、/wn支付/v系统/n专用/vn凭/p证/n、/wn专用/vn发票/n记账/vn联/vg、/wn序号/n15/m收条/n；/wf序号/n16/m工商/n银行/n浦东/ns分行/n账号/n明细/a；/wf序号/n17/ns上海/ns事/n久/a金汤/n城/n沐浴/vi有限公司/n（/wkz以下/f简称/v金汤/n城/n）/wky预支/v款项/n单/d；/wf序号/n29/m辩护/vn词/n；/wf序号/n40/m王/nr1某某/r询问/v笔录/n；/wf序号/n52/m张某/nr出具/v的/ude1材料/n。/wj
)/wky公诉人/n：/wm我们/rr的/ude1证据/n是/vshi齐全/a的/ude1。/wj
依法/d查阅/v、/wn复制/vn相关/vn证据/n是/vshi辩护人/n的/ude1职责/n，/wd是/vshi辩护人/n自己/rr没有/d前来/vi查阅/v…/ws
…/ws
斯伟江/nr：/wm你/rr有/vyou什么/ry依据/n说/v我们/rr没有/d履行/v辩护/vn职责/n？/ww
审判长/n：/wm公诉人/n有/vyou言语/n不当/a。/wj
杨/nr1学林/nz：/wm没/d提交/v的/ude1证据/n可能/v是/vshi公诉/vi机关/n有所/v疏忽/vn，/wd我/rr并/d没有/d说/v你们/rr刻意/d隐瞒/v，/wd但/c我/rr认为/v是/vshi侦查/v机关/n隐匿/v证据/n。/wj
我们/rr在/p庭/ng前/f已经/d申请/v法庭/n调取/v被/pbei侦查/v机关/n扣押/v的/ude1李/nr1庄/ng笔记本电脑/n，/wd但是/c法庭/n告诉/v我们/rr侦查/v机关/n拒绝/v提供/v。/wj
对于/p侦查/vn机关/n的/ude1这种/r做法/n，/wd我们/rr认为/v是/vshi违法/vi的/ude1。/wj
《/wkz中华人民共和国/ns刑事诉讼法/n》/wky第四十五/m条/q第三/m款/q规定/n：/wm“/wyz凡是/d伪造/v证据/n、/wn隐匿/v证据/n或者/c毁灭/v证据/n的/ude1，/wd无论/c属于/v何方/r，/wd必须/d受/v法律/n追究/v。/wj
”/wyy侦查/v机关/n的/ude1这种/r行为/n属于/v隐匿/v证据/n，/wd我们/rr请求/v法庭/n追究/v其/rz法律/n责任/n。/wj
公诉人/n：/wm第一/m、/wn在/p此/rzs说明/v，/wd庭/ng前/f，/wd我们/rr为了/p充分/ad保障/v辩护人/n查阅/v的/ude1权利/n，/wd我们/rr已/d全部/m复印/v交给/v辩护/vi方/ng。/wj
辩护人/n也/d已经/d查阅/v。/wj
第二/m、/wn根据/p《/wkz刑事诉讼法/n》/wky规定/n，/wd针对/p该/rz问题/n已经/d做/v了/ule比较/d充分/a的/ude1说明/vn，/wd为了/p保障/vn辩护人/n查阅/v案/x件/q材料/n，/wd已/d将/p所有/b定罪/vn证据/n全部/m复印/v给/p辩护人/n，/wd绝对/d没有/v证据/n突袭/vn的/ude1做法/n，/wd其他/rzv的/ude1在/p案/x证据/n将/d在/p休庭/v后/f全部/m提交/v法院/n，/wd辩护人/n可以/v向/p法院/n申请/v调/v取/v。/wj
审判长/n：/wm下面/f，/wd由/p公诉人/n举/ng证/n。/wj
公诉人/n：/wm第一/m组/q证据/n：/wm第一/m项/q是/vshi“/wyz接受/v刑事/b案/x件/q登记表/n”/wyy两/m份/q，/wd其中/rz一/m份/q证明/v2010年/m2月/t9日/t重庆/ns市/n公安局/n江北/s分局/n接受/v龚刚模/nr的/ude1表弟/n龚/nr1某某/r向/p该局/r举报/vn李庄/nr在/p代理/v龚刚/nr模/ng案/x中/f涉嫌/v合同/n诈骗/vn，/wd重庆市/ns公安局/n指定/v江北区/ns公安/n分局/n管辖/v李庄/nr涉嫌/v合同/n诈骗罪/n一/m案/x。/wj
另/rz一/m份/q证明/v2010年/m1月/t28日/t江北区/ns检察院/n将/d徐丽/nr军/n举报/v李/nr1庄/ng教唆/v她/rr作伪/v证/n的/ude1材料/n移送/v给/p江北区/ns公安/n分局/n，/wd后者/rzv接受/v该/v案/x并/cc进行/vx登记/vn，/wd决定/v对/p李庄/nr立/v案/x调查/v…/ws
…/ws
斯伟江/nr：/wm公诉人/n应当/v说明/v证据/n的/ude1名称/n，/wd形成/v时间/n等/udeng要素/n，/wd否则/c不/d知道/v与/p辩护人/n得到/v的/ude1复印件/n是否/v是/vshi同/p一/m份/q材料/n。/wj
杨/nr1学林/nz：/wm审判长/n，/wd我方/r主张/n按照/p控/v方/q证据/n目录/n的/ude1序号/n一/m份/q一/m份/q地质/n证/n。/wj
李庄/nr：/wm我/rr也/d想/v一/m份/q份/q质证/v，/wd便于/v作出/v详细/ad说明/v。/wj
审判长/n：/wm公诉人/n有/vyou何/ry意见/n？/ww
公诉人/n：/wm每/rz组/n质证/v，/wd是/vshi为了/p查明/v法律/n关系/n，/wd有利于/v提高/v效率/n，/wd我们/rr进行/vx一/m组/q一/m质/ng。/wj
我们/rr在/p设置/v组/n时/ng，/wd充分/ad保障/v辩护/vi方/ng和/cc被告/n听/v清/tg，/wd可以/v把/pba速度/n放慢/v一点/m。/wj
审判长/n：/wm同意/v公诉人/n分组/vd举/v证/n，/wd逐一/d质证/v。/wj
