李庄/nr：/wm证据/n的/ude1形成/vn时间/n、/wn制作/vn人/n，/wd都/d要/v读/v出来/vf。/wj
审判长/n：/wm可以/v，/wd公诉人/n举/ng证/n。/wj
公诉人/n：/wm读/v第一/m组/q举/v示/vg证据/n：/wm接受/v案/x件/q登记表/n、/wn立/v案/x决定书/n、/wn指定/vn管辖/vn决定书/n、/wn移交/v控告/vn书/n的/ude1函/n、/wn常住/vn人口/n登记信息/n、/wn李/nr1庄/ng刑事/b判决书/n。/wj
审判长/n：/wm法警/n，/wd把/pba证据/n拿/v给/p被告人/n、/wn辩护人/n查看/v。/wj
李庄/nr：/wm查看/v中/f…/ws
…/ws
斯伟江/nr：/wm首先/d、/wn龚/nr1某某/r的/ude1举报/vn跟/p本/n案/x没有/v任何/rz关系/n。/wj
我/rr不/d知道/v公诉人/n出示/v这/rzv份/q证据/n有/vyou什么/ry法律/n依据/n。/wj
今天/t审/v的/ude1是/vshi李庄/nr涉嫌/v辩护人/n妨害/v作证/vi罪/n，/wd而/cc并非/v合同/n诈骗罪/n。/wj
起诉/v的/ude1时候/n是/vshi妨害/v作证/vi，/wd辩护/vi的/ude1时候/n也/d是/vshi妨害/v作证/vi，/wd拿/v这个/rz来/vf干/v嘛/y？/ww
如果/c认为/v是/vshi合同/n诈骗/vn，/wd可以/v起诉/vn。/wj
其次/rzv、/wn立/v案/x决定书/n也/d是/vshi合同/n诈骗/v一/m案/x，/wd跟/p本/n案/x也/d没有/v关系/n。/wj
第三/m、/wn立/v案/x决定书/n显示/v江北区/ns公安/n分局/n立/v案/x是/vshi在/p2010年/m1月/t28日/t，/wd这个/rz时候/n还/d在/p李庄/nr前/f案/x审判/vn阶段/n，/wd根据/p最高/a法院/n司法/n解释/vn，/wd审判/vn阶段/n如/c发现/v漏/v罪/n，/wd应当/v撤销/v案/x件/q发/v回/qv重/d审/v。/wj
江北区/ns公安/n分局/n没有/v理由/n不/d知道/v、/wn没有/v理由/n不/d根据此/n规定/n，/wd两/m案/x合并/vn处理/vn，/wd为什么/ryv江北区/ns公安/n分局/n没/v这么/rz做/v？/ww
2月/t11日/t的/ude1立/v案/x决定书/n，/wd我/rr认为/v根据/p前面/f所/usuo讲/v管辖/v，/wd是/vshi犯罪/vn行为/n地/ude2、/wn被告/n居住地/n，/wd重庆/ns都/d不/d是/vshi。/wj
江北区/ns根据/p公安部/nt的/ude1规定/n应该/v移送/v，/wd为什么/ryv做出/v立/v案/x决定/n？/ww
是/vshi非法/b的/ude1。/wj
对/p李/nr1庄/ng刑事/b判决/vn，/wd真实性/n无/v意见/n。/wj
李庄/nr对/p这/rzv两/m个/q是/vshi不/d服/v的/ude1。/wj
最后/f一/m份/q，/wd重庆/ns江北/s检察院/n移交/vn控告/vn书/n的/ude1函/n。/wj
根据/p前面/f所/usuo讲/v以及/cc《/wkz刑事诉讼法/n》/wky的/ude1规定/n，/wd重庆/ns既/c不/d是/vshi犯罪/vn行为/n地/ude2，/wd又/d不/d是/vshi被告人/n居住地/n，/wd根据/p《/wkz公安/n机关/n办理/v刑事/b案/x件程序/n规定/n》/wky，/wd应当/v移送/v上海市/ns徐汇区/ns公安/n分局/n。/wj
江北区/ns人民检察院/nt移送/v公安局/n是/vshi在/p2010年/m1月/t27日/t，/wd李庄/nr原来/b的/ude1案/x子/ng还/d在/p审判/vn，/wd根据/p最高/a法院/n的/ude1司法/n解释/vn，/wd同/p罪/n应当/v发/v回/qv重/d审/v。/wj
关于/p指定/v管辖/v决定书/n：/wm合同/n诈骗/v案/x与/cc本/n案/x没关系/vl。/wj
对/p身份/n信息/n无/v异议/n。/wj
杨/nr1学林/nz：/wm我/rr非常/d渴望/v看到/v那/rzv份/q控告/vn书/n，/wd但/c到/v现在/t还/d遗憾/a地/ude2没有/v看到/v。/wj
我/rr认为/v这/rzv是/vshi在/p隐匿/v证据/n，/wd交给/v我/rr的/ude1证据/n目录/n中/f的/ude1证据/n4/ng，/wd在/p哪里/rys？/ww
公诉人/n：/wm请/v辩护人/n仔细/ad阅读/v，/wd证据/n分/qt定罪/vi证据/n和/cc在/p案/x证据/n。/wj
我们/rr会/v在/p以后/f的/ude1质证/v中/f一一/m举/ng示/vg。/wj
审判长/n：/wm先/d由/p被告人/n发表/v意见/n，/wd然后/c是/vshi辩护人/n发表/v质证/v意见/n。/wj
李庄/nr：/wm刚/d才/d是/vshi我/rr的/ude1错/n。/wj
我/rr还/d没/d说/v，/wd法警/n给/p拿走/v了/y。/wj
我/rr看/v了/y，/wd我/rr得/v一/m项/q一/m项/q说/v。/wj
龚/nr1某某/r的/ude1立/v案/x登记表/n：/wm与/p我/rr上次/t认定/v的/ude1，/wd是/vshi不/d是/vshi一/m回/qv事/n？/ww
是/vshi包含/v在/p150/m万/m以内/f还是/v以外/f的/ude1？/ww
据/p中/b青/b报/n讲/v，/wd我/rr收/v了/ule245/m万/m，/wd一审/n时/ng认定/v我/rr收/v了/ule150/m万/m。/wj
根据/p刑法/n第224/m条/q关于/p合同/n诈骗罪/n的/ude1四/m项/q规定/n，/wd我/rr一/m项/q也/d不/d符合/v。/wj
另外/c，/wd无论/c收/v了/ule多少/ry万/m？/ww
我/rr都/d开具/v了/ule发票/n，/wd款/n也/d打入/v了/ule律师/n事务所/n账/n上/f。/wj
徐丽军/nr的/ude1立/v案/x登记表/n：/wm是/vshi2010年/m的/ude11月/t份/q，/wd当时/t我/rr的/ude1二审/n还/d没有/d启动/v，/wd正式/ad启动/v是/vshi1月/t19日/t，/wd2月/t2日/t、/wn3日/t开庭/vi。/wj
都/d接到/v我/rr的/ude1重复/vn罪名/n，/wd如果/c是/vshi，/wd我/rr现在/t不/d说/v93年/m的/ude1司法/n解释/vn，/wd我/rr想/v用/p一个/mq老百姓/n的/ude1心理/n向/p法庭/n叙述/vn。/wj
上/f一/m案/x判/v我/rr一年/m半/m，/wd如果/c这个/rz案/x子/ng再/d判/v我/rr几/m年/qt，/wd可想而知/vl。/wj
本/rz案/x的/ude1最高/a刑期/n是/vshi7年/m，/wd按/p此程序/n进行/vx，/wd是/vshi什么/ry结果/n，/wd这样/rzv加大/v了/ule被告人/n的/ude1受罚/vn力度/n。/wj
审判长/n：/wm听/v清/a了/y，/wd其他/rzv观点/n。/wj
李庄/nr：/wm重庆/ns市/n公安局/n依法/d指定/v江北/s公安/n办理/v案/x件/q，/wd无论是/c《/wkz刑事诉讼法/n》/wky还/d是/vshi公安/n机关/n办/v案/x规则/n，/wd好像/v是/vshi第十七/m条/q规定/n，/wd如果/c我/rr没/d记错/n的/ude1话/n。/wj
这里/rzs的/ude1公安/n机关/n不/d存在/v任何/rz的/ude1，/wd什么/ry行为/n地/ude2、/wn犯罪/vn地/n，/wd但/c《/wkz刑事诉讼法/n》/wky第24/m条/q关于/p审判/v地/ude2规定/v很/d明确/a。/wj
发生/v争议/vn怎么办/ryv？/ww
由/p共同/b上级/n协商/vn，/wd再/d由/p共同/b上级/n决定/v。/wj
上海市/ns和/cc重庆市/ns的/ude1共同/b上级/n是/vshi，/wd以/p我/rr的/ude1理解/vn，/wd侦查/v阶段/n应当/v是/vshi由/p公安部/nt，/wd审判/vn阶段/n是/vshi最高人民法院/nt，/wd审查/v起诉/v阶段/n是/vshi最高人民检察院/nt。/wj
我/rr认为/v法律/n应该/v支持/v我/rr这个/rz观点/n。/wj
时间/n太/d长/a，/wd我/rr在/p里面/f什么/ry也/d看不到/v。/wj
关于/p漏/v罪/n的/ude1话/n，/wd罪名/n与/p以前/f的/ude1罪名/n是否/v一样/uyy，/wd发生/v的/ude1时间/n是/vshi在/p原来/b罪/n的/ude1开庭/vi前/f还/d是/vshi后/f等/udeng，/wd都/d有/vyou不/d计/vi相同/a的/ude1规定/n，/wd绝对/d涉及/v今天/t的/ude1案/x子/ng。/wj
希望/v对/p这个/rz解释/v高度/d重视/v。/wj
另/rz处/n，/wd关于/p漏/v罪/n，/wd我/rr刚才/t确实/ad看到/v了/ule移送/v函/n。/wj
但是/c，/wd有/vyou一个/mq特别/d关键/a的/ude1问题/n，/wd就/d是/vshi《/wkz刑事诉讼法/n》/wky第221/m条/q。/wj
公诉人/n：/wm一/m、/wn辩护人/n说/v合同/n诈骗/vn与/cc本/n案/x有/vyou关联性/n，/wd其/rz涉嫌/v的/ude1罪名/n是/vshi两/m个/q，/wd举/v证/n可以/v真实/a反应/vn本/n案/x立/v案/x过程/n，/wd是/vshi程序/n事实/n的/ude1一部分/m；/wf二/m、/wn发/v回/qv重/d审/v的/ude1问题/n。/wj
接到/v徐丽军/nr的/ude1举报/vn，/wd仅/d是/vshi举报/v线索/n，/wd还/d不/d是/vshi明确/a的/ude1犯罪/vn事实/n，/wd这/rzv与/p发现/v不/d能/v划/v等号/n。/wj
要/v成为/v事实/n，/wd必须/d立/v案/x、/wn调查/vn、/wn搜集/v证据/n。/wj
当时/t，/wd收到/v后/f不/d具有/v起诉/v的/ude1条件/n。/wj
也/d不/d具有/v裁判/n的/ude1条件/n，/wd所以/c二审/n没有/d发/v回/qv重/d审/v而/cc判决/vn是/vshi合法/a的/ude1。/wj
三/m、/wn江北/s对本/r案/x有/vyou立/v案/x管辖权/n。/wj
刑事/b诉讼/vn活动/vn以/p立/v案/x为/p中心/n，/wd对应/vi的/ude1侦查/vn机关/n的/ude1侦查/vn权/n，/wd江北/s对本/r案/x有/vyou管辖权/n，/wd所/usuo对应/vi的/ude1公安/n机关/n当然/d具有/v立/v案/x侦查/vn权/n。/wj
李庄/nr在/p侦查/vn阶段/n无论/c犯罪/vn地/ude2还/d是/vshi最初/d受理/v的/ude1公安/n机关/n都/d是/vshi江北/s，/wd合同/n诈骗/vn和/cc辩护人/n妨害/v作证/vi案/x合并/vn侦查/vn并/cc无/v不/d当/v；/wf四/m、/wn关于/p检察院/n移送/v控告/vn书/n的/ude1函/n，/wd公诉人/n并/cc没有/d举/v示/vg这/rzv份/q证据/n。/wj
公诉人/n认为/v，/wd徐丽/nr军/n举报/vn的/ude1犯罪/vn事实/n，/wd是/vshi属于/v公安/n立/v案/x侦查/vn的/ude1犯罪/vn，/wd江北/s移送/v符合/v法律/n规定/n；/wf五/m、/wn辩护人/n所/usuo说/v的/ude1指定/vn管辖/vn决定书/n，/wd无权/vi指定/v管辖/v的/ude1问题/n。/wj
