第二：/m苏/b某/rz笔录/n及/cc辨认/v笔录/n。/wj
本/rz案/x目击/vn证人/n之一/rz。/wj
与/p徐丽军/nr是/vshi母子/n。/wj
第三：/m王/n某/rz证言/n一/m份/q。/wj
第/m四/m；/wf杨/nr1某某/r的/ude1证言/n。/wj
第五：/m诸/rz某某/r证言/n。/wj
审判长/n：/wm李庄/nr有/vyou什么/ry意见/n？/ww
李庄/nr：/wm全/d是/vshi胡说八道/vl！/wt
（/wkz站/n起/q）/wky对不起/v，/wd我/rr要/v克制/v…/ws
…/ws
里面/f有/vyou唯一/b的/ude1一/m句/q实话/n，/wd就是/v徐丽军/nr说/v，/wd我/rr多次/mq向/p她/rr讲解/v什么/ry是/vshi投资/v，/wd什么/ry是/vshi借款/n。/wj
我/rr确实/ad讲/v，/wd有/vyou一点/m要/v说明/v，/wd在/p我/rr讲/v之前/f，/wd她/rr就/d明白/v，/wd在/p第一/m次/qv孟英/nr被/pbei抓/v后/f的/ude1律师/n就/d讲/v过/uguo。/wj
有/vyou录音/vn资料/n提交/v法庭/n了/y，/wd我/rr希望/v播放/v。/wj
这个/rz案/x件/q，/wd在/p江北/s审/v，/wd就/d如同/v在/p审理/v孟/b英/b案/x。/wj
孟/b英/b案/x在/p重庆/ns又/d开庭/vi了/y。/wj
到/p今天/t为止/u，/wd我/rr希望/v公诉人/n，/wd是/vshi投资/v还是/d借款/vi，/wd谁/ry说/v无所谓/vl，/wd《/wkz刑事诉讼法/n》/wky第46/m条/q说/v的/ude1清楚/a，/wd重/a事实/n、/wn重/a证据/n、/wn重/a调查/vn研究/vn，/wd不/d能/v听/v某/rz某某/r怎么/ryv说/v。/wj
2010年/m8月/t22日/t，/wd徐丽军/nr说/v：/wm“/wyz我/rr和/cc我/rr丈夫/n王/nr1某某/r…/ws
…/ws
”/wyy王/nr1某某/r肯定/d不/d是/vshi徐丽军/nr的/ude1丈夫/n。/wj
如果/c有/vyou，/wd拿/v出/vf结婚证/n。/wj
投资/v100/m万/m取回/v17/ns万/m，/wd投资/v能/v取回/v么/y？/ww
我/rr上午/t讲/v过/uguo，/wd投/v进去/vf，/wd由/p股东会/n定/v的/ude1，/wd不/d是/vshi控/v、/wn辩/vg双方/n探讨/v就/d定/v下来/vf的/ude1。/wj
撤出/v都/d要/v有/vyou严格/a程序/n的/ude1。/wj
无法/v调/v取/v，/wd因为/c没有/v。/wj
你/rr找/v一/m万/m个/q事实/n，/wd但/c没有/v这/rzv一个/mq证据/n，/wd也/d突破/v不/d了/ule这个/rz。/wj
三/m、/wn徐丽军/nr多/m次/qv证实/v和/cc她/rr儿子/n，/wd吃饭/vi时/ng有/vyou很多/m人/n，/wd还有/v朱/nr1某某/r的/ude1母亲/n等/udeng，/wd至少/d有/vyou十/m个/q以上/f。/wj
到/p现在/t，/wd找/v过/uguo那些/rz人/n没有/v。/wj
别/vi的/ude1人/n为什么/ryv没/d找/v。/wj
最/d直接/ad是/vshi录音/vi录/v相/ng，/wd我/rr知道/v她/rr出尔反尔/vl。/wj
这/rzv是/vshi第四点/m。/wj
五/m、/wn我/rr从没/d说/v过/uguoOK/x这/rzv两/m字母/n，/wd因为/c我/rr是/vshi学/v俄语/nz的/ude1。/wj
徐丽军/nr说话/vi缺乏/v可信度/n。/wj
徐丽军/nr说/v，/wd我/rr向/p朱/nr1、/wn孟/b两/m家/q说/v，/wd徐丽军/nr来/vf是/vshi冒险/vi，/wd你们/rr应该/v还/d他们/rr钱/n。/wj
徐丽军/nr的确/d是/vshi有/vyou风险/n的/ude1，/wd当年/t举报/v的/ude1是/vshi她/rr，/wd出庭/vi来/vf保孟英/nr也/d是/vshi她/rr，/wd应该/v追究/v徐丽军/nr的/ude1刑事/b责任/n，/wd她/rr肯定/d是/vshi犯罪/vi了/y。/wj
我/rr有/vyou没/d有/vyou罪/n没关系/vl，/wd但/c徐丽军/nr肯定/d是/vshi犯罪/vi了/y。/wj
她/rr说/v，/wd她/rr当年/t吸毒/vi，/wd她/rr不/d清楚/a的/ude1情况/n下/f作证/vi的/ude1。/wj
她/rr是/vshi什么/ry时候/n不/d清楚/a。/wj
我/rr希望/v法庭/n对/p她/rr作/v一个/mq鉴定/v——/wp取/v尿样/n作/v检验/vn。/wj
11月/t13日/t，/wd说/v朱/nr1某某/r的/ude1母亲/n联系/v的/ude1她/rr，/wd的/n的确/d确/d。/wj
我/rr不/d认识/v徐丽军/nr，/wd是/vshi他们/rr家/n说/v能/v说服/v徐丽军/nr来/vf。/wj
徐丽军/nr的确/d既/c冒险/vi又/d帮忙/vi。/wj
思想/n观念/n转变/v是/vshi上海/ns律师/n跟/p我/rr交待/v我/rr知道/v的/ude1。/wj
关于/p3月/t27日/t笔录/n，/wd说/v我/rr教/v给/p她/rr，/wd说/v她/rr和/cc孟英/nr是/vshi干/v姐妹/n，/wd我/rr都/d不/d知道/v什么/ry是/vshi干/v姐妹/n，/wd这/rzv是/vshi东北/s话/n吧/y，/wd我/rr不/d知道/v。/wj
希望/v把/pba他们/rr十几/m年/qt的/ude1关系/n搞/v清楚/a。/wj
王某/nr和/cc朱/nr1家/n家属/n都/d知道/v她们/rr的/ude1关系/n。/wj
我/rr也/d不/d想/v说/v什么/ry。/wj
苏某/nr在/p丰台/ns做/v的/ude1证言/n。/wj
11月/t12日/t，/wd吃饭/vi当晚/t，/wd徐丽军/nr是/vshi挨/v着/uzhe我/rr坐/v，/wd还/d夸/v我/rr水平/n高/a。/wj
罪/n与/p非/b罪/n不/d在/p这些/rz，/wd是/vshi看/v借款/n、/wn看/v投资/vn。/wj
辩论/v时/ng再说/vi。/wj
苏某/nr说/v：/wm“/wyz我/rr以为/v有/vyou个/q三/m方/q协议/n，/wd我/rr妈/n的/ude1钱/n就/d拿/v回来/v。/wj
”/wyy注意/v，/wd这里/rzs没/d提/v爸/n，/wd苏某/nr姓/v苏/b，/wd不/d姓/v王/n。/wj
所以/c徐丽军/nr根本/d是/vshi一派/b胡言/n。/wj
侦查/v机关/n工作/vn不/d扎实/a，/wd没有/d取/v到/v徐丽军/nr与/p王/nr1某某/r的/ude1结婚证/n，/wd结婚证/n涉及/v到/v100/m万/m所有权/n的/ude1问题/n。/wj
审判长/n：/wm被告人/n不要/d重复/v观点/n。/wj
李庄/nr：/wm好/a，/wd如果/c这/rzv协议/n三/m方/q都/d承认/v的/ude1话/n，/wd徐丽军/nr今天/t都/d能/v拿/v到/v钱/n。/wj
说/v投资/vn，/wd血本无归/vl。/wj
侦查/v阶段/n，/wd徐丽军/nr说/v过/uguo本息/n，/wd本息/n和/cc投资/vn是/vshi截然不同/vl的/ude1。/wj
王某/nr的/ude1证言/n，/wd基本/a客观/n，/wd当时/t证明/v很多/m人/n在场/vi。/wj
王某/nr的话/udh，/wd公诉人/n的/ude1总结/vn与/cc王某/nr说/v的/ude1话/n是/vshi有/vyou出入/n的/ude1。/wj
我/rr不/d同意/v这种/r评价/vn。/wj
最/d气/v的/ude1是/vshi徐丽军/nr的/ude1母亲/n，/wd“/wyz我/rr听/v我/rr女儿/n说/v”/wyy。/wj
我/rr也/d可以/v委托/v我/rr的/ude1律师/n找/v我/rr的/ude1母亲/n作/v一/m份/q证言/n，/wd这样/rzv的/ude1证言/n有效/a么/y？/ww
从/p证据/n学/v的/ude1角度/n，/wd直接/a证据/n是/vshi什么/ry？/ww
你/rr这些/rz必须/d与/p直接/a证据/n环环相扣/vl，/wd缺/v一/m个/q都/d不行/a，/wd你/rr缺/v八/m个/q。/wj
最后/f，/wd还有/v诸/rz某某/r的/ude1。/wj
侦查/v机关/n没有/v把/pba他/rr的/ude1身份/n搞/v清楚/a。/wj
他/rr曾经/d是/vshi金汤/n城/n的/ude1供应商/n，/wd开业/vi后/f，/wd他/rr是/vshi金汤/n城/n的/ude1总经理/n或/c副/b总经理/n，/wd管理人员/n。/wj
他/rr是/vshi站/vi在/p徐丽军/nr一边/f，/wd孟英/nr被/pbei取保/vi后/f，/wd诸/rz某某/r就/d倒戈/vi了/y，/wd你们/rr后来/t没/d取/v。/wj
他/rr证明/v没有/d开/v过/uguo股东会/n。/wj
我们/rr一起/d跟/p公安局/n抓捕/v的/ude1。/wj
因为/c跟/p我/rr案/x子/ng无关/v，/wd我/rr不/d多/ad说/v了/y。/wj
焦点/n是/vshi投资/v和/cc借款/vn，/wd看/v证据/n，/wd不/d能/v听/v谁/ry说/v，/wd总结/v：/wm没有/v任何/rz证据/n显示/v是/vshi投资/v不/d是/vshi借款/n。/wj
审判长/n：/wm辩护人/n发表/v质证/v意见/n。/wj
斯伟江/nr：/wm好/a。/wj
我/rr想/v跟/p李庄/nr说/v一/m句/q，/wd为了/p节省资源/n，/wd律师/n能/v说/v的/ude1，/wd你/rr就/d别/d说/v了/y。/wj
第一/m、/wn对/p公诉人/n举/ng证/n的/ude1，/wd徐丽军/nr的/ude1笔录/n，/wd公诉人/n说/v取证/vn程序/n合法/a。/wj
徐丽军/nr的/ude1最/d早/a一/m份/q证言/n是/vshi8月/t22日/t取/v的/ude1。/wj
关于/p取证/vi的/ude1地点/n，/wd后面/f讲/v到/v其他/rzv的/ude1证言/n中/f，/wd作证/vi地点/n是/vshi不/d合法/a的/ude1。/wj
第二点/m、/wn最高人民法院/nt司法/n解释/vn，/wd证人/n应当/v出庭/vi作证/vi，/wd除非/c有/vyou法定/b情形/n。/wj
那么/c，/wd最/d主要/b的/ude1证人/n，/wd为什么/ryv不/d出庭/vi作证/vi？/ww
徐丽军/nr的/ude1证言/n，/wd对/p本/n案/x定罪/vi量刑/vi有/vyou重大/a影响/vn，/wd她/rr应该/v出庭/vi作证/vi。/wj
如果/c她/rr不/d出庭/vi，/wd其/rz证言/n不能/v作为/p本/n案/x定罪/vn证据/n。/wj
第三点/m、/wn可以/v注意/v到/v，/wd所有/b宣读/v的/ude1笔录/n，/wd最/d早/a的/ude1就/d是/vshi8月/t22日/t。/wj
你/rr公诉人/n说/v，/wd你/rr有/vyou管辖权/n，/wd这些/rz证据/n，/wd怎么/ryv来/vf支撑/v前面/f的/ude1。/wj
说话/vi要/v有/vyou依据/n。/wj
第/m四点/m、/wn最/d可笑/a的/ude1是/vshi，/wd侦查/v机关/n问/v徐丽军/nr“/wyz你/rr是否/v清醒/a？/ww
”/wyy答/v：/wm“/wyz是/vshi。/wj
”/wyy这样/rzv的/ude1证据/n，/wd本身/rz就/d表明/v，/wd侦查/v机关/n已经/d觉察/v到/v徐丽军/nr的/ude1精神状态/n不/d佳/a。/wj
