这个/rz录音/vn里面/f恰恰/d是/vshi徐丽军/nr在/p法庭/n上/f作证/vi的/ude1话/n，/wd关于/p借款/n的/ude1表达/vn是/vshi其/rz真实/a意思/n表示/v。/wj
这/rzv份/q录音/vn也/d能/v表明/v，/wd当时/t的/ude1录制/vn者/k也/d没有/d教唆/v她/rr违背/v事实/n、/wn改变/v证言/n。/wj
第二点/m、/wn说/v她/rr到/v上海/ns徐汇区/ns公安局/n曾经/d举报/v孟/b英/b诈骗罪/n，/wd恰恰/d表明/v这/rzv100/m万/m的/ude1所有权/n应该/v是/vshi她/rr的/ude1，/wd而/cc不/d是/vshi金汤/n城/n的/ude1。/wj
从/p她/rr当时/t的/ude1这种/r主观/n心理/n来看/u，/wd她/rr认为/v这个/rz钱/n是/vshi她/rr被/pbei人家/rr骗/v走/v的/ude1，/wd这/rzv与/p2005年/m录音/vn内容/n也/d是/vshi可以/v印证/v的/ude1。/wj
另外/c还/d显示/v出/vf一个/mq问题/n，/wd建议/v公诉人/n回去/v查/v一下/mq。/wj
就/d是/vshi徐丽/nr军/n举报/v孟英/nr2时/ng，/wd有/vyou上海/ns公安/n机关/n的/ude1调查/vn笔录/n。/wj
而/cc现在/t卷宗/n中/f只有/d6/vg份/q徐丽军/nr的/ude1证言/n，/wd都/d是/vshi重庆/ns的/ude1侦查/vn机关/n制作/v的/ude1，/wd其中/rz并/d没有/v关于/p孟/b英/b挪用/vn资金/n案/x的/ude1笔录/n。/wj
这/rzv说明/v，/wd重庆/ns的/ude1侦查/vn机关/n取证/vi的/ude1倾向性/n、/wn选择性/n太/d大/a，/wd不/d利于/v查明/v事实/n。/wj
还有/v，/wd徐丽军/nr为什么/ryv要/v控告/v李/nr1庄/ng？/ww
据称/v是/vshi因为/p李庄/nr没/d帮/v她/rr讨/v回/qv欠款/n，/wd这/rzv说明/v她/rr和/cc李庄/nr之间/f存在/v利害/n关系/n，/wd她/rr对/p李/nr1庄/ng恨之入骨/vl。/wj
这样/rzv的/ude1证人/n，/wd能否/v说/v出/vf实事求是/vl的/ude1话/n，/wd值得/v怀疑/vn。/wj
第/m四/m、/wn关于/p王某/nr的/ude1证言/n。/wj
我/rr想/v强调/v，/wd他/rr说/v他/rr以前/f当/v过/uguo纪检/n干部/n，/wd我/rr想/v他/rr应该/v是/vshi了解/v法律/n的/ude1。/wj
他/rr在/p证言/n中/f称/v也/d没/d听说/v过/uguo徐丽军/nr向/p金汤/n城/n投/v过/uguo资/ng。/wj
如果/c他/rr发现/v李庄教/nr徐丽/nr军/n作伪/vn证/n，/wd作为/v与/p徐丽军/nr相/d熟/a的/ude1人/n，/wd王某/nr肯定/d会/v告诉/v徐丽军/nr，/wd这样/rzv作/v是/vshi不对/a的/ude1，/wd是/vshi犯法/vi的/ude1。/wj
现在/t没有/v这/rzv方面/n的/ude1证词/n。/wj
从/p以上/f可/v发现/v，/wd这/rzv组/q证据/n不但/c没/v法/b证明/n李/nr1庄/ng教唆/v徐丽军/nr，/wd相反/vi为/p李庄/nr作/v了/ule证明/v。/wj
审判长/n：/wm请/v公诉人/n发表/v质证/v意见/n。/wj
公诉人/n：/wm综合/vn被告人/n和/cc辩护人/n意见/n，/wd发表/v如下/vn意见/n：/wm一/m、/wn证据/n搜集/v程序/n是/vshi合法/a的/ude1。/wj
徐丽军/nr的/ude1证言/n是/vshi在/p其/rz家里/s的/ude1作/v的/ude1，/wd取证/vn地点/n也/d是/vshi合法/a的/ude1。/wj
二/m、/wn关于/p辩护人/n提出/v要求/v证人/n出庭/vi。/wj
其实/d最高人民法院/nt关于/p执行/v刑事诉讼法/n的/ude1解释/vn中/f有/vyou规定/n，/wd经过/p当庭/d宣读/v的/ude1证言/n，/wd双方/n质证/v以后/f，/wd能/v作为/v定/v案/x证据/n的/ude1，/wd不/d需要/v证人/n出庭/vi。/wj
不能/v被/pbei合议庭/n采纳/v，/wd才/d要/v出庭/vi。/wj
合议庭/n没/d提出/v质疑/vi，/wd辩护/vi方/d就/d提出/v质疑/vi了/y。/wj
这个/rz问题/n，/wd要/v结合/v本/n案/x，/wd由/p合议庭/n确定/v。/wj
三/m、/wn关于/p李庄/nr及/cc辩护人/n提出/v的/ude1，/wd本/rz案/x的/ude1前提/n，/wd徐丽军/nr投/v到/v金汤/n城/n的/ude1钱/n，/wd是/vshi借款/n还/d是/vshi投资/v，/wd以及/cc与/p王/nr1某某/r之间/f有/vyou没/d有/vyou婚姻/n关系/n，/wd在/p之后/f的/ude1环节/n也/d有/vyou进一步/b证据/n，/wd经过/p上海/ns生效/vi的/ude1判决/vn的/ude1认可/vn。/wj
四/m、/wn关于/p李庄/nr与/p徐丽军/nr接触/v的/ude1场合/n的/ude1其他/rzv证人/n，/wd提到/v有/vyou很多/m人/n，/wd我们/rr搜集/v的/ude1证据/n是否/v全面/a。/wj
为了/p便于/v举/v证/n，/wd我们/rr将/d相关/vi的/ude1证据/n分组/vd进行/vx解释/vn，/wd如/v：/wm孟某/nr与/p闵/nr1某某/r的/ude1证言/n。/wj
李庄/nr认为/v王某/nr的/ude1证言/n是/vshi真实/a的/ude1。/wj
李庄/nr曾经/d在/p孟/b英/b案/x中/f申请/v徐丽/nr军/n出庭/vi，/wd就/d说明/v徐丽军/nr有/vyou这个/rz能力/n证明/v案/x件/q事实/n。/wj
本/rz案/x中/f，/wd一样/ad可以/v出庭/vi，/wd徐丽军/nr有/vyou这个/rz能力/n的/ude1。/wj
李庄/nr对/p徐丽军/nr是/vshi以/p一定/b的/ude1利益/n相/d引诱/v的/ude1。/wj
这个/rz引诱/v没/d实现/v。/wj
作为/p一个/mq律师/n，/wd会/v不/d会/v向/p一个/mq人/n陈述/v，/wd他/rr不/d还/d我/rr还/d，/wd当然/d有/vyou可能/n，/wd因为/c即使/c作出/v这样/rzv的/ude1承诺/vn也/d不/d一定/d兑现/v。/wj
徐丽/nr军/n证言/n的/ude1真实性/n，/wd得到/v了/ule其他/rzv人/n证言/n的/ude1印证/vn。/wj
因此/c，/wd她/rr的/ude1证言/n真实/a、/wn可信/a。/wj
关于/p苏某/nr的/ude1证言/n，/wd苏某/nr是/vshi客观/n如实/vd反映/v了/ule徐丽军/nr与/p李庄/nr之间/f的/ude1对话/vn关系/n。/wj
辩护人/n提到/v，/wd侦查/v机关/n有/vyou选择性/n的/ude1记录/n，/wd关于/p苏某/nr说/v的/ude1小声/vd说/v话/n，/wd徐丽军/nr没/d说/v过/d是/vshi大声/d说/v话/n。/wj
关于/p谈吐/n、/wn言辞/n，/wd辩护/vi方/d不/d能/v凭空/d猜测/v。/wj
关于/p是否/v追究/v徐丽军/nr的/ude1伪证罪/n，/wd与/p今天/t审理/v的/ude1案/x件/q没有/v关系/n。/wj
其/rz是/vshi普通/a主体/n，/wd与/p李/nr1庄/ng特定/b主体/n，/wd是/vshi不/d相/d符合/v的/ude1，/wd也/d不/d是/vshi共同/d犯罪/vi的/ude1。/wj
与/p今天/t审理/v无关/v。/wj
在/p诸/rz某某/r的/ude1证言/n中/f，/wd证明/v李庄/nr曾/d教唆/v其/rz作/v伪证/n，/wd被/pbei拒绝/v了/y。/wj
这/rzv就/d表示/v李庄/nr没有/d教唆/v的/ude1行为/n么/y？/ww
这/rzv更/d印证/v徐丽/nr军/n证言/n的/ude1真实性/n。/wj
即将/d举/v示/vg的/ude1孟英/nr一/m方/q的/ude1证言/n。/wj
公诉人/n补充/v：/wm一/m、/wn李/nr1庄/ng当庭/d陈述/v了/ule与/p徐丽军/nr见面/vi过程/n，/wd解释/v了/ule投资/vn与/cc借款/n的/ude1区别/n。/wj
我们/rr判断/v，/wd是/vshi客观/a的/ude1还是/c有/vyou目的/n，/wd要/v综合/vd全/a案/x来看/v。/wj
刚刚/d公诉人/n的/ude1证据/n中/f，/wd关于/p冒/v风险/n怎么/ryv来/vf认识/v，/wd将/d在/p下面/f举/v示/vg。/wj
二/m、/wn结合/v被告人/n和/cc辩护人/n所/usuo说/v，/wd多/m名/q证人/n的/ude1证言/n效力/vi的/ude1问题/n，/wd或是/c亲属/n关系/n或是/c传来/v的/ude1证据/n。/wj
根据/p法律/n规定/n，/wd他们/rr有/vyou资格/n作证/vi，/wd虽/c有/vyou亲属/n关系/n，/wd是/vshi传来/v证据/n、/wn有/vyou一定/b利害/n关系/n，/wd但/c是否/v低于/v其他/rzv证据/n的/ude1效力/n，/wd要/v综合/vd全/a案/x来看/v。/wj
三/m、/wn辩护人/n提/v的/ude1证人/n出庭/vi的/ude1问题/n，/wd我们/rr没有/d强制/v证人/n出庭/vi的/ude1权利/n。/wj
控/v方/q证人/n不/d到/v庭/ng，/wd不/d影响/v其/rz书面/d提交/v的/ude1证言/n效力/n。/wj
四/m、/wn辩护人/n的/ude1意见/n，/wd有/vyou一/m段/q，/wd这样/rzv的/ude1材料/n可以/v作为/p本/n案/x的/ude1证据/n使用/v，/wd是/vshi移花接木/vl。/wj
五/m、/wn第二/m辩护人/n提出/v，/wd王/nr1某某/r的/ude1证言/n，/wd公诉人/n是/vshi列/v在/p之上/f的/ude1，/wd这/rzv份/q证据/n在/p侦查/v卷/ng里面/f。/wj
不/d能/v因为/p辩护人/n没有/d依法/d查阅/v，/wd就/d认为/v公诉/vn机关/n没有/d复印/v，/wd这/rzv是/vshi不/d合法/a的/ude1。/wj
审判长/n：/wm被告人/n有/vyou新/a的/ude1观点/n么/y？/ww
李庄/nr：/wm全/d是/vshi新/a的/ude1。/wj
徐丽/nr军/n侦查/vn笔录/n里/f，/wd清清楚楚/z地/ude2表明/v自己/rr举报/v我/rr的/ude1目的/n，/wd我/rr没有/d为/v她/rr追/v讨/v回/qv欠款/n。/wj
注意/v，/wd是/vshi欠款/n。/wj
我/rr不/d希望/v这样/rzv。/wj
提醒/v法庭/n注意/v的/ude1是/vshi，/wd传达/v到/v徐丽军/nr本人/rr那/rzv，/wd徐丽军/nr与/p我/rr没有/d代理/v关系/n，/wd我/rr没有/v法定/b的/ude1义务/n为/p她/rr追/v讨/v回/qv欠款/n。/wj
公诉人/n说/v辩护人/n，/wd后面/f很多/m取证/vn地点/n不/d合法/a。/wj
证人/n是否/v能/v出庭/vi？/ww
对/p证人/n证言/n，/wd并/cc不/d是/vshi百分之百/m必须/d要/v出庭/vi，/wd如果/c这个/rz证人/n证言/n的/ude1关乎/vn生死/n、/wn罪/n与/p非/b罪/n、/wn罪/n重/d与/p罪/n轻/a，/wd这么/rz重大/a的/ude1，/wd是/vshi必要/a出庭/vi的/ude1。/wj
