如果/c徐丽军/nr的/ude1证言/n无关紧要/vl，/wd就/d不要/d再/d宣读/v了/y。/wj
我/rr希望/v与/p徐丽/nr军/n面对面/dl，/wd我/rr估计/v我/rr不/d用/v开讲/vi，/wd我/rr用/p眼神/n就/d能/v将/p她/rr击倒/v。/wj
希望/v采取/v一切/rz可以/v采取/v的/ude1办法/n，/wd把/pba徐丽军/nr带/v到/v法庭/n来/vf。/wj
什么/ry叫/vi投资/v、/wn股权/n，/wd非常/d重要/a的/ude1名词/n…/ws
…/ws
审判长/n：/wm被告/n人/n直接/ad阐明/v观点/n。/wj
李庄/nr：/wm非常/d重要/a的/ude1事实/n，/wd徐丽/nr军/n吸毒/vi成/v性/ng。/wj
同时/c，/wd公安/n机关/n也/d接受/v了/ule这个/rz现实/n。/wj
虽然/c说/v法律/n没/d规定/v母子/n不/d能/v共同/d作证/vi，/wd但是/c，/wd也/d没有/v法律/n规定/n，/wd这样/rzv的/ude1证言/n效力/n比/p曾经/d作/v律师/n的/ude1证言/n效力/n大/a。/wj
看/v证据/n、/wn用/v事实/n说话/vi。/wj
教唆/v，/wd今天/t起诉/v我/rr的/ude1是/vshi妨害/v作证/vi罪/n。/wj
另外/c，/wd录音/vn里/f怎么/ryv说/v的/ude1？/ww
你们/rr拿/v东北/s辽宁/ns的/ude1录/ng相/d跟/p我们/rr有/vyou什么/ry关系/n。/wj
因为/p证言/n中/f说/v，/wd我/rr曾/d两/m次/qv教/v她/rr作伪/v证/n。/wj
没有/v了/y。/wj
审判长/n：/wm休庭/v之前/f，/wd法庭/n公布/v一个/mq情况/n。/wj
辩护人/n申请/v本/rz院/n通知/n全部/m证人/n出庭/vi作证/vi，/wd合议庭/n专程/d派/v人/n向/p证人/n送达/v出庭/vi作证/vi的/ude1通知书/n。/wj
证人/n朱/nr1某某/r仍/d在/p关押/v中/f、/wn王/n某某/r无法/v送达/v、/wn戴/v某某/r留/v置/v送达/v，/wd田某/nr没/d表示/v是否/v到/v庭/ng，/wd其余/rz证人/n均/d表示/v不/d愿/v出庭/vi。/wj
审判长/n：/wm休庭/v十分/m钟/n。/wj
十分/m钟/n后/f：/wm审判长/n：/wm继续/v开庭/vi。/wj
辩护人/n发表/v质证/v意见/n。/wj
斯伟江/nr：/wm一/m、/wn关于/p证人/n出庭/vi：/wm公诉人/n说/v我国/n法律/n没/d规定/v证人/n应该/v出庭/vi。/wj
我/rr想/v我们/rr读/v的/ude1是/vshi不同/a国家/n的/ude1法律/n。/wj
当然/d你/rr不/d能/v把/pba证人/n绑架/v来/vf。/wj
你/rr的/ude1证人/n不/d出庭/vi，/wd是/vshi你/rr不/d举/v证/n，/wd对/p你/rr不利/a，/wd不能/v作为/v定/v案/x证据/n。/wj
二/m、/wn关于/p取证/vn地点/n：/wm说/v苏某/nr要求/v去/vf茶楼/n。/wj
他/rr要/v是/vshi要求/v去/vf桑拿/n，/wd你/rr也/d去/vf么/y？/ww
三/m、/wn混/x淆/x了/ule股东/n等/udeng概念/n的/ude1是/vshi对方/n，/wd不/d是/vshi我们/rr。/wj
100/m万/m元/q不/d是/vshi投资/v，/wd上海市/ns徐汇区/ns法院/n的/ude1判决/vn也/d没有/d认定/v是/vshi投资/v，/wd更/d没有/d认定/v是/vshi徐丽军/nr的/ude1资金/n。/wj
四/m、/wn质疑/vn徐丽军/nr的/ude1作证/vi能力/n。/wj
孟/b英/b案/x中/f，/wd恰恰/d是/vshi李庄/nr把/pba徐丽/nr军/n带到/v了/ule庭/ng上/f作证/vi，/wd你们/rr有/vyou没/d有/vyou这样/rzv做/v？/ww
大家/rr会/v相信/v自己/rr的/ude1眼睛/n，/wd你们/rr做/v到/v了/ule么/y？/ww
你们/rr没有/d做到/v，/wd我/rr就/d有/vyou理由/n怀疑/vn。/wj
公安/n问/v了/ule徐丽军/nr是否/v清醒/a？/ww
为什么/ryv没/d有/vyou问/v其他人/r这个/rz问题/n？/ww
任何/rz一个/mq有/vyou医学/n常识/n的/ude1人/n都/d知道/v，/wd而且/c徐丽军/nr的/ude1儿子/n也/d说/v了/y。/wj
大家/rr对/p法律/n负责/v，/wd对/p李庄/nr负责/v么/y？/ww
第二/m公诉人/n说/v的/ude1，/wd我/rr是/vshi移/v花/n接/v朩/x，/wd徐丽军/nr说/v在/p朱/nr1某某/r案/x中/f怎么/ryv说/v的/ude1，/wd我/rr恰恰/d用/v录/ng相/d反驳/v这个/rz。/wj
综合/vn以上/f，/wd我们/rr认为/v这些/rz证言/n远远/d没有/d达到/v证明/v目的/n。/wj
到底/d王/nr1某某/r与/p徐丽军/nr结婚/vi了/y么/y？/ww
离婚/vi了/y么/y？/ww
钱/n是/vshi谁/ry的/ude1？/ww
这/rzv都/d是/vshi需要/v弄/v清楚/a的/ude1事实/n。/wj
杨/nr1学林/nz：/wm我/rr最后/f一/m次/qv强调/v，/wd控/v方/d提交/v的/ude1证据/n目录/n，/wd是/vshi盖/v了/ule红色/n的/ude1公章/n和/cc骑缝/n章/n的/ude1。/wj
这/rzv是/vshi一个/mq证据/n体系/n，/wd是/vshi不/d能/v缺少/v的/ude1。/wj
可是/c你/rr现在/t缺少/v的/ude1有/vyou八/m份/q，/wd虽然/c提交/v了/ule两/m份/q，/wd后面/f还有/v六/m份/q是/vshi没有/v的/ude1。/wj
我/rr是/vshi不/d能/v同意/v公诉人/n的/ude1解释/vn，/wd说/v我/rr没有/d阅卷/vi。/wj
我/rr阅卷/vi了/y，/wd并且/c是/vshi人民法院/nl提供/v给/p我/rr的/ude1。/wj
我/rr对比/v后/f，/wd没有/d找到/v那些/rz证据/n。/wj
我/rr想/v请/v你/rr指/v一/m条/q明/ag路/n，/wd我/rr怎么样/ryv才/d能/v看到/v那些/rz证据/n。/wj
根据/p控/v方/q的/ude1举/ng证/n责任/n，/wd如果/c你/rr不/d提交/v，/wd我/rr认为/v你/rr的/ude1证据/n体系/n是/vshi不/d成立/vi的/ude1。/wj
我/rr也/d有/vyou权/n请求/v法庭/n责令/v公诉人/n提交/v。/wj
公诉人/n：/wm这/rzv是/vshi第四/m次/qv解释/vn，/wd证据/n目录/n载明/v的/ude1是/vshi在/p案/x证据/n，/wd范围/n是/vshi不同/a的/ude1。/wj
审查/v起诉/v阶段/n，/wd开庭/vi十七/m天/qt的/ude1时间/n里/f，/wd辩护人/n首先/d应该/v阅卷/vi。/wj
我/rr要/v强调/v的/ude1一点/m是/vshi，/wd两/m高/a三/m部/q有关/vn证人/n出庭/vi的/ude1规定/n，/wd要求/v关键/a证人/n必须/d出庭/vi，/wd我们/rr提交/v书面/b的/ude1证人/n证言/n材料/n，/wd只有/c无法/v确定/v真实性/n，/wd关键/a证/n人才/n必须/d出庭/vi。/wj
上/f一/m轮/qv质证/v，/wd说/v徐丽军/nr一直/d吸毒/vi，/wd品格/n差/a，/wd对/p证据/n效力/n产生/v影响/vn。/wj
如果/c你们/rr质疑/vi，/wd你们/rr应该/v提供/v相关/vi的/ude1证据/n来/vf证实/v。/wj
徐丽/nr军/n作证/vi能力/n没有/v问题/n，/wd徐丽军/nr的/ude1整个/b陈述/vn是/vshi自然/a的/ude1，/wd是/vshi符合/v常理/n的/ude1。/wj
其/rz作证/vi能力/n不/d存在/v任何/rz问题/n。/wj
你们/rr将/p公安/n机关/n询问/v“/wyz你/rr精神/n是否/v正常/a”/wyy跟/p徐丽军/nr的/ude1精神状态/n联系/v起来/vf，/wd是/vshi不/d正当/a的/ude1。/wj
王/nr1某某/r与/p徐丽军/nr的/ude1关系/n，/wd不/d是/vshi本/n案/x需要/n审查/vn的/ude1。/wj
要/v审查/v100/m万/m的/ude1财产/n关系/n。/wj
审判长/n：/wm被告人/n还有/v什么/ry意见/n？/ww
李庄/nr：/wm第一/m、/wn证据/n目录/n标注/v的/ude1应/v全部/m提交/v，/wd这/rzv是/vshi六/m部委/n规定/n，/wd而且/c是/vshi在/p开庭/vi5日/t前/f，/wd这/rzv是/vshi法定/b的/ude1。/wj
公诉人/n让/v辩护人/n庭/ng后/f查阅/v此/rzs证据/n，/wd要么/c提交/v，/wd要么/c从/p证据/n目录/n里/f划/v掉/v。/wj
第二/m、/wn公诉人/n对/p证人/n必须/d出庭/vi的/ude1问题/n解释/vn，/wd只有/c证人/n证言/n无法/vd确定/v真实性/n的/ude1时候/n，/wd这/rzv句/q话/n是/vshi对/p的/ude1。/wj
但/c经过/p今天/t的/ude1庭审/vn调查/vn，/wd审/v、/wn控/v、/wn辩/vg、/wn被/pbei及/v旁听/v人员/n这/rzv五/m方/q，/wd没有/d相信/v徐丽军/nr这样/rzv人/n的/ude1证言/n是/vshi真实/a可信/a的/ude1。/wj
她/rr是/vshi必须/d出庭/vi的/ude1。/wj
公诉人/n要求/v辩/vg方/ng出示/v徐丽军/nr个人/n品行/n的/ude1证据/n，/wd公诉人/n处/n就/d有/vyou。/wj
第/m四点/m、/wn侦查/vn机关/n询问/v时/ng问/v你/rr正常/a么/y？/ww
是/vshi公安/n工作程序/n的/ude1要求/n么/y？/ww
为什么/ryv其他/rzv人/n的/ude1笔录/n里/f没有/v？/ww
为什么/ryv不/d问/v我/rr？/ww
这/rzv不/d是/vshi法定/b要求/n。/wj
第五点/m、/wn已经/d生效/vi的/ude1判决/vn，/wd就/d不/d能/v提出/v质疑/vn？/ww
审判长/n：/wm辩护人/n有/vyou什么/ry意见/n？/ww
斯伟江/nr：/wm关于/p为什么/ryv没/d问/v其他/rzv人/n？/ww
你/rr的/ude1解释/vn我/rr不能/v接受/v。/wj
这个/rz案/x子/ng我们/rr非常/d怀疑/v侦查/vn机关/n引诱/v证人/n，/wd但/c我/rr没/v证据/n。/wj
这/rzv是/vshi你/rr公诉人/n的/ude1义务/n。/wj
如果/c你/rr不/d能/v证明/v，/wd你/rr提交/v的/ude1证据/n不/d能/v作为/v定/v案/x证据/n。/wj
公诉人/n说/v徐丽军/nr与/p王/nr1某某/r是否/v结婚/vi不/d重要/a，/wd起诉书/n中/f指控/v李/nr1庄/ng引诱/v徐丽军/nr把/pba100/m万/m投资/vn款/n说/v成/v借款/vi，/wd而/cc徐汇区/ns的/ude1民事/b判决/vn认定/v100/m万/m元/q是/vshi王/nr1某某/r的/ude1。/wj
如果/c没有/v关系/n，/wd你/rr的/ude1指控/vn是/vshi不/d成立/vi的/ude1。/wj
