审判长/n：/wm公诉人/n继续/v举/v证/n。/wj
公诉人/n：/wm举/v示/vg第四/m组/q证据/n。/wj
证人/n证言/n：/wm1/a、/wn孟某/nr的/ude1证言/n：/wm12月/t3日/t笔录/n；/wf2011年/m4月/t6日/t笔录/n；/wf2/b、/wn戴/v某某/r的/ude1证言/n；/wf3/n、/wn闵/nr1某某/r的/ude1证言/n：/wm12月/t3日/t证言/n。/wj
4/vi、/wn俞某/nr的/ude1证言/n：/wm孟/b英/b案/x辩护人/n之一/rz。/wj
在/p司法局/n接受/v询问/v。/wj
俞/nr1某/rz证明/v孟英/nr认为/v是/vshi投资/v；/wf5/b张/q某/rz的/ude1证言/n。/wj
举/v示/vg完毕/vi。/wj
证明/v：/wm一/m、/wn还款/vn协议/n书/n是/vshi在/p李庄/nr主持/v及/cc口述/v下/vf完成/v的/ude1；/wf二/m、/wn李庄/nr已经/d审阅/v材料/n，/wd知晓/v是/vshi投资/v款/n。/wj
审判长/n：/wm被告人/n发表/v质证/v意见/n。/wj
李庄/nr：/wm一/m、/wn孟/b某/rz证明/v是/vshi朱/nr1某某/r母亲/n联系/v徐丽军/nr。/wj
徐丽军/nr的确/d是/vshi冒/v着/uzhe风险/n的/ude1，/wd当初/t她/rr诬告/v孟/b英/b的/ude1风险/n。/wj
你们/rr有所/v表示/v这/rzv话/n我/rr说/v过/uguo，/wd人家/rr有/vyou风险/n，/wd你们/rr当然/d得/ude3有所/v表示/v，/wd我/rr多次/mq督促/v孟/nr1家人/n尽快/d还/d徐丽军/nr的/ude1钱/n。/wj
关于/p录音/vn，/wd孟某/nr那/rzv千真万确/vl地/ude2有/vyou，/wd我/rr记得/v她/rr笔录/n里/f说/v，/wd让/v她/rr听/v。/wj
二/m、/wn戴/v某某/r，/wd是/vshi在/p辽宁/ns大厦/n取证/vi，/wd取证/vn地点/n不/d合法/a。/wj
其/rz内容/n是/vshi真实/a的/ude1，/wd谁/ry提/v出来/vf的/ude1写/v还款/vn协议/n，/wd是/vshi徐丽军/nr提出/v好几/m次/qv。/wj
开始/v我/rr不/d愿意/v。/wj
这/rzv是/vshi保护/v徐丽军/nr的/ude1权利/n。/wj
三/m、/wn关于/p闵/nr1某某/r，/wd说/v的/ude1基本/a属实/a，/wd我/rr归纳/v，/wd她/rr写/v的/ude1。/wj
四/m、/wn俞某/nr的/ude1证言/n，/wd举/v证/n地点/n的/ude1问题/n，/wd是/vshi其/rz单位/n的/ude1上级/n，/wd不/d合法/a。/wj
关于/p王/nr1某某/r是/vshi隐/v名/q股东/n身份/n，/wd我/rr对/p其/rz律师/n身份/n质疑/vn。/wj
什么/ry叫/vi隐/v型/n？/ww
与/p实/a名/q股东/n是/vshi什么/ry法律/n关系/n？/ww
虽然/c真实/a法律/n关系/n不/d明确/a，/wd但/c不/d是/vshi投资/v与/p被/pbei投资/v的/ude1关系/n。/wj
我/rr的/ude1辩护/vn观点/n：/wm挪用/v不够/a三/m个/q月/n。/wj
公诉人/n应该/v深思/vi。/wj
孟/b英/b那个/rz判决/vn没有/d采纳/v徐丽军/nr的/ude1证言/n。/wj
最后/f一个/mq、/wn张某/nr的/ude1证言/n也/d是/vshi地点/n问题/n。/wj
跟/p刚才/t观点/n一样/uyy的/ude1。/wj
审判长/n：/wm辩护人/n发表/v质证/v意见/n。/wj
斯伟江/nr：/wm孟某/nr12月/t3日/t的/ude1证言/n，/wd前面/f风险/n这/rzv部分/m我/rr不/d讲/v了/y。/wj
我/rr想/v说/v的/ude1是/vshi，/wd李庄/nr让/v她/rr把/pba钱/n拿/v回来/v，/wd是/vshi符合/v徐汇区/ns法院/n民事/b判决/vn的/ude1，/wd不/d是/vshi投资/vn。/wj
是/vshi徐丽军/nr自己/rr提出/v的/ude1要/v把/pba钱/n拿/v回来/v。/wj
所以/c签/v那个/rz协议/n，/wd不/d能/v证明/v李/nr1庄/ng引诱/v、/wn教唆/v。/wj
与/p判决/v一致/an。/wj
戴/v某某/r的/ude1证言/n：/wm她/rr觉得/v好/a的/ude1律师/n介绍/v给/p孟英/nr。/wj
闵/nr1某某/r证言/n：/wm徐丽军/nr是/vshi可以/v依据/n这/rzv份/q协议/n主张/v权利/n。/wj
俞某/nr的/ude1证言/n：/wm首先/c，/wd侦查/v机关/n是/vshi重庆市/ns公安局/n还是/c江北区/ns公安局/n？/ww
这/rzv两/m个/q局/n是/vshi一个/mq局/n么/y？/ww
江北区/ns办/v案/x，/wd为什么/ryv还/d有/vyou市/n局/qv的/ude1人员/n？/ww
3月/t28日/t晚/tg6点/t52分/t取证/vi，/wd侦查/v已经/d终结/vi，/wd你/rr在/p重庆/ns已经/d侦查/v终结/vi了/y。/wj
为什么/ryv侦查/v终结/vi后/f还要/d继续/v取证/vi？/ww
在/p司法局/n询问/v，/wd这/rzv对/p律师/n形成/v什么样/ryv的/ude1压力/n？/ww
《/wkz刑事诉讼法/n》/wky第129/m条/q规定/n，/wd什么/ry叫/vi侦查/v终结/vi？/ww
犯罪/vn事实/n清楚/a，/wd证据/n确实/ad充分/a。/wj
是否/v是/vshi事实/n不/d清/a？/ww
证据/n不/d充分/a？/ww
才/c要/v侦查/v终结/vi后/f继续/v调查/v？/ww
对/p这/rzv份/q违法/vn证据/n，/wd希望/v法庭/n明确/a。/wj
本/rz案/x从/p侦查/v、/wn到/v起诉/v，/wd再/d到/v审理/v，/wd程序/n屡屡/d违法/vi，/wd漏洞百出/al。/wj
俗话说/vl，/wd强/ad扭/v的/ude1瓜/n不/d甜/a，/wd强/ad管/v的/ude1案/x子/ng，/wd程序/n上千/m疮/n百/m孔/q。/wj
程序/n正义/n犹如/v交通/n规则/n，/wd如果/c今天/t江北区/ns公检法/n可以/v这样/rzv不顾/v交通/n规则/n，/wd把/pba李庄/nr撞/v回/qv监狱/n，/wd明天/t任何/rz一个/mq老百姓/n也/d可以/v被/pbei撞/v进/vf监狱/n，/wd甚至/d包括/v在座/vi各位/rr，/wd谁/ry也/d不/d能/v幸免/vi。/wj
这/rzv里面/f律师/n对/p款项/n性质/n的/ude1认定/vn观点/n不/d一样/uyy，/wd我/rr想/v法律/n人/n的/ude1观点/n不/d同/d是/vshi正常/a的/ude1，/wd要不然/c也/d不用/d分工/vi。/wj
而且/c这/rzv位/q律师/n讲/v到/v隐/v型/k股东/n，/wd这/rzv是/vshi没有/v的/ude1概念/n，/wd应该/v叫/vi隐/v名/q股东/n。/wj
这/rzv份/q证据/n不/d能/v认定/v。/wj
关于/p张某/nr的/ude1证言/n：/wm调查/v时间/n是/vshi3月/t31日/t上午/t，/wd这样/rzv的/ude1证据/n是/vshi完全/a非法/b的/ude1。/wj
如果/c检察/b机关/n认为/v证据/n不足/an，/wd可以/v退回/v补充/vn侦查/vn。/wj
侦查/v机关/n在/p未/d被/pbei退回/v补充/vn侦查/vn的/ude1情况/n下/f，/wd还要/d继续/v调查/vn，/wd是否/v可以/v这样/rzv倒/d推/v，/wd是/vshi因为/p证据/n不/d充分/a。/wj
最后/f两/m份/q证据/n是/vshi完全/ad不/d应该/v作为/v定/v案/x依据/n的/ude1。/wj
这/rzv几/m份/q证据/n能/v证明/v什么/ry？/ww
我/rr觉得/v公诉人/n说/v的/ude1这些/rz话/n，/wd我/rr是/vshi说/v不/d出来/vf的/ude1。/wj
杨/nr1学林/nz：/wm孟某/nr的/ude1证言/n一共/d有/vyou5/b份/q，/wd其中/rz有/vyou三/m份/q是/vshi2010年/m12月/t3日/t一/m天/qt之内/f做/v的/ude1。/wj
在/p第一/m份/q笔录/n中/f，/wd作为/v证明/v教唆/v的/ude1发生/vn，/wd其中/rz只/d有/vyou一/m句/q话/n。/wj
但/c这/rzv只/d是/vshi孟某/nr的/ude1一/m种/q自我/rr判断/v，/wd并/cc不/d是/vshi证明/v客观/a事实/n。/wj
于是/cc侦查/vn人员/n便/d又/d去/vf做/v另外/rz二/m份/q笔录/n，/wd结果/n也/d没有/d获得/v满意/v的/ude1证言/n；/wf后来/t在/p2011年/m3月/t24日/t的/ude1笔录/n中/f，/wd虽然/c侦查/v人员/n一/m个/q劲儿/n地/ude2问/v签/v还款/vn协议/n的/ude1事/n，/wd孟某/nr还是/d说/v我/rr是/vshi不/d清楚/a的/ude1。/wj
侦查/v机关/n又/d问/v在/p上海/ns的/ude1时候/n，/wd李庄/nr有/vyou没/d有/vyou教唆/v？/ww
内容/n是/vshi什么/ry？/ww
这种/r问/v法/n是/vshi有/vyou问题/n的/ude1。/wj
整/m份/q笔录/n，/wd都/d没有/d证明/v李庄/nr有/vyou教唆/v行为/n，/wd无法/v证明/v李庄/nr有/vyou犯罪/vn行为/n。/wj
关于/p戴/v某某/r的/ude1证言/n：/wm看来/v侦查/vn人员/n是/vshi急/v了/y，/wd便/d对/p证人/n进行/vx了/ule陷阱/n式/k的/ude1发问/vi，/wd先/d问/v：/wm“/wyz徐丽军/nr与/p孟英/nr合伙/vd做/v的/ude1生意/n如何/ryv？/ww
”/wyy都/d合伙/vi了/y，/wd这/rzv不/d就/d是/vshi说/v投资/v么/y？/ww
你/rr让/v一个/mq76/m岁/qt的/ude1老太太/n如何/ryv来/vf回答/v这样/rzv的/ude1问题/n？/ww
关于/p闵/nr1某某/r的/ude1证言/n：/wm侦查/v人员/n与/cc对/p戴/v某某/r的/ude1发问/vn方式/n相同/a，/wd属于/v诱导/v式/k。/wj
关于/p上海/ns两/m律师/n的/ude1证言/n：/wm前/f一个/mq是/vshi先/d被/pbei解除/v委托/vn关系/n，/wd然后/c李/nr1庄/ng介入/v孟/b英/b案/x；/wf后/f一个/mq是/vshi李庄先/nr被/pbei解除/v委托/vn关系/n，/wd然后/c他/rr介入/v孟/b英/b案/x。/wj
他们/rr既/c与/p李庄/nr有/vyou职业/n上/f竞争/v的/ude1利害/n关系/n，/wd同时/c他们/rr的/ude1辩护/vn观点/n也/d与/p李/nr1庄/ng不同/a。/wj
因此/c，/wd他们/rr的/ude1不/d利于/v李庄/nr的/ude1证言/n，/wd我/rr认为/v不/d应/v采/v信/n。/wj
审判长/n：/wm公诉人/n有/vyou何/ry意见/n？/ww
公诉人/n：/wm讲/v三点：一/t、/wn李庄/nr及/cc辩护人/n关于/p戴/v某某/r、/wn闵/nr1某某/r证言/n的/ude1搜集/vn程序/n没有/v异议/n，/wd对/p孟某/nr的/ude1证言/n的/ude1内容/n是/vshi认可/vi的/ude1。/wj
