实际上/d可以/v证明/v、/wn独立/ad判断/v出/vf，/wd李庄/nr表达/v的/ude1意思/n是/vshi认可/vi的/ude1。/wj
孟英/nr2的/ude1证言/n有/vyou多/m份/q，/wd其中/rz有/vyou一/m份/q，/wd提/v到/v过/uguo录音/vn录/ng相/d，/wd孟某/nr是/vshi说/v没有/v这/rzv份/q录/ng相/d。/wj
二/m、/wn戴/v某某/r、/wn闵/nr1某某/r证言/n证明/v三/m方/q协议/n是/vshi李庄/nr口述/v下/vf形成/v的/ude1，/wd提请/v注意/v。/wj
三/m、/wn关于/p本/n案/x相关/vn证人/n，/wd俞某/nr、/wn张某/nr两/m位/q律师/n的/ude1证言/n，/wd关于/p取证/vn地点/n问题/n。/wj
公诉人/n认为/v，/wd刑事诉讼法/n的/ude1立法/vn宗旨/n，/wd是/vshi保护/v证人/n证言/n的/ude1真实性/n。/wj
能/v反应/vi出/vf公安/n机关/n取证/vi时/ng，/wd这些/rz证人/n基于/p各/rz方面/n的/ude1原因/n，/wd建议/v公安/n机关/n改变/v地点/n。/wj
因此/c，/wd取证/vi不/d存在/v瑕疵/n。/wj
第二/m个/q理由/n是/vshi，/wd在/p侦查/vn机关/n侦查/v终结/vi，/wd移送/v审查/v时/ng才/d取/v的/ude1证据/n，/wd公诉人/n认为/v检察/b机关/n可以/v要求/v公安/n机关/n补充/vn侦查/vn，/wd审判/vn环节/n仍然/d可以/v要求/n补充/vn调查/vn。/wj
侦查/v终结/vi后/f继续/v调查/v是/vshi有法可依/vl的/ude1。/wj
侦查/v人员/n的/ude1身份/n问题/n。/wj
本/rz案/x由于/p其/rz案/x件/q特殊/a情况/n，/wd由/p江北区/ns侦/vg办/v，/wd抽调/v市/n局/qv人员/n组成/v案/x侦/vg小组/n。/wj
市/n局/n有/vyou宏观/n的/ude1指挥权/n。/wj
对方/n提出/v的/ude1理由/n是/vshi不/d能/v采/v信/n的/ude1。/wj
公诉人/n补充/v：/wm第一点/m、/wn证人/n提到/v李庄/nr提/v出来/vf，/wd要/v给/p徐丽军/nr一/m个/q交待/v，/wd于是/cc签订/v了/ule协议/n。/wj
有/vyou证人/n证言/n相互/d印证/v。/wj
李庄/nr也/d当庭/d陈述/v是/vshi其/rz主持/v下/vf签订/v的/ude1。/wj
也/d将/p其/rz作为/v证据/n提交/v给/v了/ule法庭/n。/wj
其/rz辩护/vn要点/n，/wd主要/d是/vshi辩/vg有/vyou没/d有/vyou三/m个/q月/n内/f依法/d归还/v？/ww
这/rzv是/vshi矛盾/an的/ude1。/wj
第二点/m、/wn孟/b英/b案/x是/vshi判/v三/m缓/vi三/m，/wd说法/n是/vshi不/d成立/vi的/ude1。/wj
挪用/v的/ude1是/vshi50/m万/m，/wd对/p孟/b英/b判/v缓/ad是/vshi考虑/v她/rr家庭/n的/ude1情况/n，/wd以/p判/v三/m缓/vi三/m的/ude1结果/n来/vf质疑/vi，/wd没有/v依据/n。/wj
第三点/m、/wn刑事诉讼法/n条/q，/wd请/v你们/rr查阅/v。/wj
第/m四点/m、/wn说/v两/m名/q律师/n是/vshi利害/n关系人/n，/wd我/rr认为/v对/p两/m名/q律师/n的/ude1证言/n可以/v采/v信/n。/wj
请/v综合/vd全/a案/x综合/vn评判/vn。/wj
审判长/n：/wm被告人/n有/vyou没/d有/vyou新/a的/ude1质证/v意见/n？/ww
李庄/nr：/wm满/a肚子/n都/d是/vshi新/a的/ude1。/wj
我/rr确实/ad头晕/vi。/wj
请/v查/v一下/mq，/wd17/ns万/m与/p民事/b判决/vn书/n的/ude1时间/n先后/d顺序/n。/wj
如果/c民事/b判决/vn先于/v17/ns万/m元/q，/wd说明/v17/ns万/m的/ude1性质/n是/vshi借款/n。/wj
如果/c撤/v17/ns万/m先于/v民事/b判决/vn，/wd说明/v判决/vn的/ude1内容/n是/vshi错误/a的/ude1，/wd你/rr判/v100/m万/m是/vshi错/v的/ude1。/wj
《/wkz刑事诉讼法/n》/wky第129/m条/q规定/n，/wd侦查/v终结/vi，/wd意味着/v证据/n关门/vi。/wj
侦查/v机关/n可以/v取证/vi，/wd但/c必须/d有/vyou检察/b机关/n退回/v的/ude1手续/n。/wj
没有/d退回/v手续/n是/vshi不行/a的/ude1。/wj
三/m方/q协议/n，/wd不/d是/vshi我/rr的/ude1意思/n表示/v，/wd是/vshi我/rr前后/f综合/v三/m方/q，/wd我/rr的/ude1归纳/vn后/f口述/v的/ude1。/wj
公诉人/n还有/v一个/mq观点/n，/wd说/v证据/n地点/n没有/d有/vyou瑕疵/n。/wj
这样/rzv的/ude1话/n，/wd刑事诉讼法/n应/v修改/vn。/wj
斯伟江/nr：/wm首先/d、/wn公诉人/n讲/v到/v“/wyz特殊/a情况/n”/wyy，/wd我/rr想/v问/v特殊/a在/p哪里/rys？/ww
能/v告诉/v我/rr么/y？/ww
说/v市/n局/qv派/v人/n宏观/n指挥/vn，/wd现在/t都/d微观/n具体/ad派/v人/n去/vf查/v了/y，/wd能/v说/v宏观/n么/y？/ww
我们/rr倒/d推/v来/vf看/v，/wd这样/rzv做/v的/ude1目的/n是/vshi什么/ry？/ww
第二/m、/wn俞某/nr、/wn张某/nr的/ude1证据/n问题/n，/wd《/wkz刑事诉讼法/n》/wky第140/m条/q，/wd需要/v补充/vn侦查/vn的/ude1话/n，/wd应/v退回/v公安/n机关/n或是/c自行/d调查/v。/wj
可是/c既/c没有/d退回/v又/d没/d自行/d侦查/v，/wd终结/vi就/d完/vi了/y。/wj
法律/n依据/n在/p哪/ry？/ww
不/d会/v用/v的/ude1是/vshi美国/nsf的/ude1法律/n吧/y。/wj
公诉人/n不要/d对/p基本/a法律/n提出/v创造性/n想法/n。/wj
公安/n机关/n侦查/vn，/wd标准/n不同/a，/wd但/c法律/n有/vyou明确/a规定/n。/wj
一样/a的/ude1八/m个/q字/n。/wj
公诉人/n进行曲/n解/v，/wd辩护人/n没/v的/ude1说/v。/wj
完毕/vi。/wj
审判长/n：/wm公诉人/n继续/v举/v证/n。/wj
公诉人/n：/wm第五/m组/q和/cc第六/m组/q证据/n一/m并举/vi示/vg。/wj
1/a、/wn还款/vn协议/n书/n；/wf2/b、/wn45/m份/q和/cc35/m份/q证据/n目录/n、/wn特快专递/nl详/ag单/ng；/wf3/n、/wn通知/n证人/n出庭/vi申请书/n：/wm证明/v李庄/nr以/p辩护律师/n身份/n申请/v证人/n出庭/vi；/wf4/vi、/wn出庭/vi通知书/n；/wf5/b、/wn孟英/nr的/ude1调查/vn笔录/n一/m份/q；/wf6/vg、/wn刑事/b庭审/vn笔录/n：/wm7月/t30日/t的/ude1庭审/vn笔录/n。/wj
；/wf7/a、/wn刑事/b庭审/vn笔录/n：/wm12月/t29日/t庭审/v笔录/n；/wf8/a、/wn周/nr1某某/r证言/n：/wm否认/v徐/nr1的/ude1证言/n；/wf9/vyou、/wn徐丽军/nr在/p孟/b英/b案/x的/ude1询问/vn笔录/n。/wj
审判长/n：/wm被告人/n发表/v质证/v意见/n。/wj
李庄/nr：/wm关于/p还款/vn协议/n，/wd公诉人/n的/ude1意思/n是/vshi说/v，/wd我/rr进一步/d引诱/v徐丽军/nr。/wj
但/c这/rzv份/q协议/n是/vshi各方/r当事人/n真实/a意思/n表示/v，/wd没有/v公诉人/n所/usuo表达/v的/ude1意思/n。/wj
第二/m、/wn特快专递/nl，/wd我/rr给/v谁/ry寄/v过/uguo特快专递/nl？/ww
字体/n不/d是/vshi我/rr的/ude1，/wd申请/v法庭/n鉴定/vn笔迹/n。/wj
我/rr想/v看/v王/nr1某某/r的/ude1判决书/n。/wj
公诉人/n说/v，/wd我/rr事先/d知道/v判决/v认定/v是/vshi投资/v性质/n。/wj
第一/m这个/rz判决/vn原告/n是/vshi王/nr1某某/r，/wd不/d是/vshi徐丽军/nr，/wd他们/rr是/vshi不/d是/vshi夫妻/n，/wd这/rzv是/vshi重要/a问题/n。/wj
现在/t没有/v任何/rz证据/n显示/v。/wj
这/rzv份/q判决/vn怎么/ryv就/d得出/v的/ude1投资/vn款/n。/wj
明/tg明确/v确/d驳回/v股东/n认定/v的/ude1请求/n。/wj
或/c推断/v得出/v也/d可以/v，/wd但是/c推/v不/d出来/vf的/ude1。/wj
第/m四/m份/q、/wn出庭/vi申请书/n，/wd我/rr申请/v了/ule很多/m证人/n，/wd向/p法庭/n说明/v就/d是/vshi投资/v与/p借款/n的/ude1问题/n，/wd还有/v挪用/v成立/vi不/d成立/vi的/ude1问题/n。/wj
最/d关键/a的/ude1是/vshiZ/x某某/r，/wd到/p现在/t为止/u没有/vZ/x某某/r证言/n，/wd至关重要/bl的/ude1证言/n。/wj
Z/x某某/r清楚/a。/wj
第/m六/m份/q证言/n、/wn徐丽军/nr承认/v她/rr吸毒/vi，/wd公诉/vi机关/n是/vshi不/d是/vshi相信/v，/wd是/vshi全部/m伪证/n，/wd还/d是/vshi部分/n，/wd我/rr不/d知道/v公诉/vn机关/n的/ude1评价/vn。/wj
侦查/v机关/n调查/vn，/wd是否/v被/pbei周/nr1某某/r诱导/v过/uguo。/wj
她/rr说/v她/rr是/vshi吸毒/vi的/ude1。/wj
另外/c，/wd徐汇区/ns法院/n对/p100/m万/m的/ude1判决/vn，/wd王/nr1某某/r不服/v上诉/v了/y，/wd要求/v判定/v股东/n，/wd自己/rr都/d上诉/v，/wd怎么/ryv公诉人/n认定/v是/vshi投资/v呢/y？/ww
公诉人/n说/v一/m句/q话/n，/wd孟英/nr之所以/c被/pbei判/v缓/ad是/vshi考虑/v她家/r实际/n情况/n，/wd也/d请/v依法/d考虑/v我/rr的/ude1实际/a情况/n。/wj
斯伟江/nr：/wm还款/v协议/n，/wd公诉人/n说/v是/vshi证明/v李庄/nr进一步/d引诱/v的/ude1行为/n，/wd是/vshi过度/d解读/v了/y。/wj
通知/n证人/n出庭/vi申请书/n没有/v意见/n。/wj
刑事/b庭审/vn笔录/n中/f，/wd尤其/d是/vshi徐丽/nr军/n出庭/vi作证/vi时/ng陈述/v，/wd当时/t她/rr身体/n冷/a，/wd给/p她/rr拿/v衣服/n的/ude1话/n，/wd这/rzv是/vshi编/v不/d出来/vf的/ude1。/wj
像/p徐丽军/nr说/v的/ude1跳/vi窗/ng自杀/vi这些/rz话/n，/wd别/vi的/ude1证言/n都/d没有/v，/wd这/rzv话/n是/vshi谁/ry说/v的/ude1，/wd一定/d是/vshi本人/rr亲身/d经历/v。/wj
