二/m、/wn证明/v的/ude1问题/n与/cc本/n案/x没/d有/vyou关联性/n，/wd辩护人/n一直/d混/x淆/x了/ule概念/n，/wd股东/n是/vshi经过/p股东/n大会/n同意/v的/ude1，/wd并/cc经/p工商/n认定/v，/wd如果/c投资/v款/n投/v到/v公司/n，/wd就/d是/vshi投资/vn。/wj
这个/rz问题/n不/d应/v纠缠/v。/wj
斯伟江/nr：/wm首先/d、/wn2010年/m2月/t11日公/t安/ag立/v案/x侦查/vn，/wd到/v侦查/v终结/vi，/wd时间/n总长/n是/vshi400/m多/m天/qt。/wj
我/rr承认/v，/wd公诉/vi机关/n用/p5/b天/n时间/n审查/v完毕/vi，/wd你们/rr牛/n。/wj
但/c给/p我们/rr辩护人/n的/ude1时间/n是/vshi多少/ry？/ww
2011年/m4月/t2日/t通知/n，/wd我们/rr也/d申请/v延期/vd开庭/vi。/wj
公诉人/n以/p5天来/nr要求/v我们/rr，/wd我/rr觉得/v于/p情/n于/p理/n于/p法/n不/d公平/a。/wj
另外/c，/wd5/b天/n也/d不/d是/vshi绝对/a限制/vn，/wd法院/n仍旧/d可以/v根据/p具体情况/n认定/v证据/n。/wj
我/rr还/d是/vshi希望/v公诉人/n回答/v，/wd你/rr说/v是/vshi投资/v，/wd投资/v回报/v是/vshi多少/ry？/ww
风险/n多少/ry？/ww
是/vshi投资/v么/y？/ww
李庄/nr：/wm刚才/t公诉人/n说/v，/wd股东/n和/cc投资/vn人/n是/vshi不同/a的/ude1，/wd我/rr赞同/v。/wj
投资/v人/n不/d一定/d是/vshi投/v东/f，/wd但/c股东/n一定/d是/vshi投资/v人/n。/wj
本/rz案/x，/wd不/d说/v王/nr1某某/r与/p徐丽军/nr是/vshi不/d是/vshi夫妻/n，/wd就/d说/v投资/v两/m个/q字/n，/wd资金/n额/n。/wj
有/vyou投资/vn意向/n，/wd没有/d转化/v成/v股份/n或/c股权/n，/wd没有/d经过/p合法/a程序/n。/wj
另外/c，/wd应当/v5日/t内/f提交/v，/wd无论是/c控/v辩/vg双方/n，/wd有/vyou权/n提交/v新/a的/ude1证据/n。/wj
可/v正式/ad申请/v法院/n调/v取/v，/wd可以/v一分/m钟/n之前/f提交/v。/wj
杨/nr1学林/nz：/wm据/p我们/rr了解/v，/wd17/ns万/m元/q与/p民事/b判决/vn的/ude1时间/n顺序/n是/vshi这样/rzv的/ude1。/wj
是/vshi先/d还/d了/ule10/n万/m元/q，/wd然后/c是/vshi法院/n的/ude1民事/b判决/vn，/wd然后/c再/d还/d了/ule7万元/nr。/wj
这/rzv情况/n说明/v了/ule借款/n的/ude1问题/n。/wj
请求/v法庭/n考虑/v这个/rz情况/n。/wj
公诉人/n：/wm在/p此前/t已经/d说/v过/uguo多次/mq了/y，/wd我们/rr审理/v的/ude1是/vshi李/nr1庄/ng辩护人/n妨害/v作证/vi一/m案/x，/wd请/v围绕/v本/n案/x。/wj
第二/m，/wd关于/p判决/vn的/ude1效力/n，/wd请/v你们/rr翻/v一/m翻/v，/wd这个/rz判决/vn已经/d生效/vi了/y。/wj
事实/n可以/v认定/v。/wj
审判长/n：/wm辩护人/n继续/v举/v示/vg证据/n。/wj
斯伟江/nr：/wm第二/m份/q证据/n，/wd是/vshi从/p徐汇区/ns法院/n调/v取/v的/ude1王/nr1某某/r诉/vg金汤/n城/n民事/b纠纷/n的/ude1全部/m材料/n。/wj
起诉书/n：/wm原告/n王/nr1某某/r请求/n依法/d确认/v其/rz在/p金汤/n城/n的/ude1股东/n名/q份/q、/wn出资/vi份额/n，/wd相关/vn登记手续/n。/wj
这个/rz诉讼/vn请求/n，/wd被/pbei法院/n驳回/v了/y。/wj
第二/m份/q是/vshi收据/n，/wd收到/v投入/vn款/n100/m万/m元/q。/wj
同一天/t，/wd又/d一/m份/q投入/vn股金/n100/m万/m的/ude1收条/n。/wj
财务/n章/n是/vshi事/n后/f补/v的/ude1。/wj
对/p投入/vn款/n和/cc股金/n有/vyou不同/a说法/n。/wj
金汤/n城/n的/ude1章程/n明确/ad规定/v，/wd股东/n有/vyou优先/vd购买/v权/n。/wj
法庭/n审理/v笔录/n第一/m次/qv9月/t6日/t下午/t：/wm朱/nr1某某/r说/v我/rr不/d知道/v有/vyou100/m万/m投入/vn，/wd孟英/nr说/v我/rr也/d不/d知道/v。/wj
性质/n不/d清楚/a。/wj
其中/rz也/d讲/v到/v，/wd金汤/n城/n的/ude1股东/n有/vyou十/m多/m个/q，/wd但/c这/rzv里面/f没有/v王/nr1某某/r。/wj
第二/m次/qv笔录/n第三/m页/q，/wd股权/n转让/v也/d不/d成立/vi，/wd财务/n章/n不/d购/vg成/v股权/n转让/vn。/wj
最后/f一/m页/q，/wd100/m万/m不/d符合/v入股/vi形式/n。/wj
代理/vn词/n中/f说/v到/v陈芳英/nr的/ude1财务/n章/q，/wd已/d被/pbei证明/v，/wd根据/p代理人/n了解/v，/wd原告/n的/ude1出资/vi只能/v作为/p借款/n予以/vx返还/vn。/wj
任金生/nr的/ude1观点/n与/p李庄/nr的/ude1观点/n是/vshi一致/a的/ude1。/wj
不要/d歪/v读/v徐汇区/ns法院/n判决/vn书/n。/wj
这/rzv是/vshi第二/m份/q证据/n。/wj
证明/v款项/n确实/ad是/vshi借款/n。/wj
李庄/nr：/wm我/rr补充/v一点/m，/wd陈芳英/nr当时/t是/vshi会计/n，/wdZ/x某某/r是/vshi财务/n总监/n。/wj
Z/x某某/r既/c是/vshi股东/n又/d是/vshi财务/n总监/n，/wd双重/b身份/n。/wj
Z/x某某/r的/ude1发言权/n更/d大/a，/wd陈芳英/nr盖章/vi的/ude1时间/n提前/v了/y，/wd别的/rzv没有/v了/y。/wj
公诉人/n：/wm不/d符合/v证据/n的/ude1三性/n。/wj
辩护人/n举/v示/vg的/ude1是/vshi民事/b案/x件/q王/n某某/r诉/vg金汤/n城/n，/wd请/v合议庭/n综合/vd评判/v，/wd与/p本/n案/x没/d有/vyou关联性/n，/wd不/d应/v作为/p证据/n采/v信/n。/wj
资金/n额/n说明/v100/m万/m就/d是/vshi投资/v款/n。/wj
从/p辩护人/n举/v示/vg的/ude1金汤/n城/n的/ude1收据/n来看/u，/wd一/m张/q写/v的/ude1投入/vn款/n，/wd投入/v股金/n，/wd都/d是/vshi金汤/n城/n的/ude1款项/n，/wd都/d是/vshi挪用/v单位/n的/ude1资金/n。/wj
然后/c李庄/nr为了/p达到/v无罪/vi的/ude1辩护/vn目的/n，/wd引诱/v、/wn教唆/v徐丽军/nr改变/v证言/n，/wd改/v为/p个人/n借款/vi。/wj
主观/n上/f有/vyou犯罪/vn故意/d。/wj
公诉人/n提请/v辩护人/n注意/v，/wd已经/d有/vyou一/m份/q生效/vi的/ude1判决/vn，/wd不/d相关/vi的/ude1，/wd不/d能/v予以/vx出示/v。/wj
审判长/n：/wm被告人/n有/vyou无/v意见/n？/ww
李庄/nr：/wm第一/m、/wn今天/t的/ude1审判/vn与/cc上海/ns孟/b英/b案/x是/vshi紧密/ad相连/vi的/ude1，/wd不/d能/v抛开/v那些/rz。/wj
你/rr还/d证明/v不/d了/ule王/nr1某某/r与/p徐丽军/nr的/ude1关系/n。/wj
第二/m、/wn如果/c我们/rr向/p银行/n存/v了/ule100/m万/m，/wd我/rr手上/s有/vyou银行/n的/ude1存单/n。/wj
这时/rzt发生/v了/ule变化/vn，/wd存单/n就/d是/vshi凭/p证/n，/wd是/vshi债权人/n与/cc债务人/n的/ude1关系/n。/wj
为/p这个/rz争/v了/ule一/m天/qt了/y，/wd我/rr不/d想/v再/d说/v了/y。/wj
我/rr不/d否认/v有/vyou想/v投资/vn的/ude1意向/n，/wd没有/d达到/v她/rr的/ude1愿望/n。/wj
这么/rz简单/a的/ude1问题/n来回/vd说/v。/wj
第二/m个/q问题/n、/wn李庄/nr明知/v还/d怎么样/ryv，/wd还/d教唆/v怎么样/ryv，/wd法律/n关系/n发生/v了/ule变化/vn。/wj
他/rr这/rzv是/vshi什么/ry债/n，/wd肯定/d是/vshi形成/v债权/n债务/n的/ude1关系/n。/wj
不/d要/v我们/rr说/v，/wd找/v一些/mq公司法/n方面/n的/ude1专家/n。/wj
还有/v一个/mq重要/a事实/n，/wd徐丽军/nr的/ude1100/m万/m有/vyou多少/ry入/v了/ule金汤/n城/n的/ude1账面/n？/ww
利用/v职务/n之/uzhi便/ng，/wd必须/d利用/v职务/n。/wj
没有/d利用/v，/wd就/d不/d算/v。/wj
必须/d是/vshi账/n内/f的/ude1。/wj
可/v账/n内/f一分/m不/d少/a。/wj
很/d简单/a一个/mq案/x子/ng。/wj
别的/rzv我/rr不/d说/v了/y。/wj
斯伟江/nr：/wm我/rr也/d觉得/v公诉人/n说/v与/p本/n案/x没/d有/vyou关联性/n，/wd是/vshi另/rz一个/mq案/x子/ng，/wd你们/rr自己/rr调/v取/v的/ude1也/d包含/v了/ule这/rzv份/q判决书/n，/wd怎么/ryv就/d不/d说/v了/y。/wj
不要/d做/v这样/rzv的/ude1自己/rr打/v自己/rr耳光/n的/ude1事/n。/wj
王/nr1某某/r的/ude1诉讼/vn请求/n为什么/ryv被/pbei驳回/v？/ww
就/d像/v你/rr在/p银行/n有/vyou多少/ry钱/n算/v投资/v么/y？/ww
公诉人/n老是/d回避/v这个/rz问题/n。/wj
希望/v你们/rr能/v认真/ad一些/mq，/wd毕竟/d是/vshi代表/n国家/n，/wd不要/d斗气/v。/wj
我/rr的/ude1意思/n，/wd大家/rr用/p平常心/n、/wn客观/n看待/v。/wj
杨/nr1学林/nz：/wm公诉人/n宣读/v的/ude1起诉书/n中/f是/vshi将/p这/rzv100/m万/m作为/p本/n案/x的/ude1涉/vg案/x款项/n的/ude1，/wd现在/t公诉人/n又/d说/v处理/v这/rzv100/m万/m的/ude1民事/b案/x件/q与/p本/n案/x没/d有/vyou关联性/n。/wj
我/rr何尝/d不/d希望/v是/vshi没有/v关系/n的/ude1。/wj
如果/c真/a的/ude1没有/v关系/n，/wd那么/c涉/vg案/x的/ude1100/m万/m就/d不/d存在/v了/y，/wd李庄/nr也/d就/d没/d有/vyou罪/n了/y。/wj
