同时/c，/wd也/d希望/v起/vf到/v警示/vn作用/n…/ws
…/ws
。/wj
李庄/nr：/wm审判长/n，/wd我/rr请求/v休息/v一下/mq。/wj
审判长/n：/wm休庭/v五分/m钟/n后/f继续/v。/wj
五分/m钟/n后/f：/wm审判长/n：/wm继续/v开庭/vi。/wj
要求/v控/v、/wn辩/vg双方/n理性/n平和/a。/wj
公诉人/n：/wm（/wkz继续/v宣读/v公诉/vn词/n…/ws
…/ws
）/wky审判长/n：/wm被告人/n有/vyou没/d有/vyou自我/rr辩护/vi意见/n？/ww
李庄/nr：/wm有/vyou。/wj
我/rr要求/v休庭/v是/vshi因为/p我/rr听/v了/ule公诉人/n刚才/t宣读/v的/ude1公诉/vn词/n，/wd实在/d控制/v不/d住/vi，/wd混/x身/ng发抖/vi。/wj
我/rr对/p公诉/vn词/n深表/v理解/vn。/wj
这样/rzv的/ude1公诉/vn词/n也/d都/d是/vshi千千万万/m的/ude1公诉人/n写/v的/ude1。/wj
执业/v这么/rz多/m年/qt来/f，/wd给/p我/rr印象/n最/d深/a的/ude1，/wd是/vshi深圳/ns罗湖区/ns的/ude1某/rz位/q公诉人/n，/wd他/rr能/v根据/p当天/t的/ude1法庭/n调查/vn情况/n修改/vn公诉/vn意见/n。/wj
质证/v之后/f将/d七/m项/q罪名/n去掉/v其中/rz三/m项/q，/wd表示/v自己/rr审查/v起诉/v不严/a。/wj
这/rzv让/v我/rr终生/d难忘/a。/wj
作为/p律师/n，/wd不/d能/v事先/d按照/p框架/n，/wd法庭/n出现/v什么/ry情况/n都/d是/vshi要/v调整/v的/ude1。/wj
今天/t又/d出现/v了/ule标准格式/n的/ude1公诉/vn词/n，/wd完全/ad不/d顾/v法庭/n审理/v的/ude1情况/n，/wd都/d是/vshi套话/n，/wd不/d体现/v法律/n的/ude1尊严/n。/wj
审判长/n：/wm直接/ad发表/v观点/n。/wj
李庄/nr：/wm说/v心里话/n，/wd实体/n辩护/vi，/wd本/rz不/d想/v讲/v，/wd我/rr想/v配合/v法庭/n尽快/d审理/v。/wj
但是/c我/rr要/v不/d讲/v出来/vf，/wd我/rr怕/v法庭/n笑话/n我/rr曾经/d是/vshi律师/n什么/ry也/d不/d懂/v。/wj
经过/p昨天/t和/cc今天/t的/ude1开庭/vi，/wd所有/b的/ude1事实/n没有/v全部/m展现/v在/p法庭/n；/wf所有/b的/ude1证据/n，/wd也/d没有/d展示/v在/p法庭/n。/wj
这样/rzv的/ude1客观/a现象/n，/wd在座/vi的/ude1各位/rr也/d确定/v下来/vf了/y。/wj
辩/vg方/ng想/v出示/v的/ude1没有/d被/pbei允许/v，/wd连/ulian控/v方/d在/p目录/n里/f的/ude1也/d没有/v被/pbei允许/v展示/v。/wj
客观/a事实/n没有/d搞/v清楚/a，/wd真正/b证据/n没有/d展示/v，/wd怎么/ryv审/v？/ww
怎么/ryv得出/v客观/a的/ude1判决/vn呢/y？/ww
最后/f，/wd我/rr还是/d想/v强调/v一下/mq，/wd我/rr上午/t的/ude1两/m个/q申请/n，/wd关于/p徐丽军/nr在/p这个/rz案/x件/q中/f的/ude1刑事/b诉讼/vn地位/n。/wj
当事人/n的/ude1身份/n，/wd双重/b身份/n，/wd如何/ryv适用/a法律/n。/wj
帮助/v我们/rr的/ude1审判/vn，/wd我/rr不/d想/v说/v她/rr吸毒/vi等/udeng。/wj
但/c她/rr不/d出庭/vi，/wd确实/ad是/vshi遗憾/a。/wj
如果/c不/d给/v徐丽军/nr作/v司法/n鉴定/vn、/wn尿样/n化验/vn，/wd不/d应该/v把/pba她/rr作为/p证人/n、/wn作为/v控告人/n。/wj
如果/c我/rr是/vshi公诉人/n，/wd我/rr会/v这样/rzv做/v。/wj
证人/n证言/n的/ude1效力/n问题/n：/wm经过/p这/rzv两/m天/qt开庭/vi，/wd是/vshi不/d是/vshi像/p公诉人/n说/v的/ude1证据/n确实/ad充分/a，/wd合法/a有效/a？/ww
实际上/d，/wd大家/rr都/d明白/v。/wj
唯一/b的/ude1一/m份/q，/wd以/p我/rr看来/v，/wd所谓/v直接/a证据/n，/wd也/d是/vshi立/v案/x的/ude1依据/n，/wd就是/v徐丽军/nr的/ude1控告/vn。/wj
其他/rzv张/q三/m、/wn李/nr1四/m，/wd没有/v一个/mq人/n来/vf指/v证/n我/rr教/v徐丽/nr军/n作伪/vn证/n。/wj
充其量/d说/v我/rr解释/v了/ule法律/n规定/n，/wd讲解/v了/ule投资/vn和/cc借款/n的/ude1区别/n。/wj
无非/d就是/v这样/rzv。/wj
辩/vg方/ng提交/v的/ude1最/d主要/b的/ude1一/m份/q证据/n，/wd我/rr认为/v这/rzv一/m份/q证据/n可以/v推翻/v控/v方/q一切/rz证据/n，/wd就/d是/vshi2005年/m的/ude1录音/vn。/wj
录音/vn材料/n非常/d清楚/a。/wj
至于/p那/rzv两/m个/q法律/n工作者/n是否/v了解/v孟/b英/b案/x处在/v什么/ry法律/n阶段/n。/wj
也/d没有/v任何/rz相关/vn机关/n规定/n，/wd孟/b英/b案/x在/p侦查/v，/wd不要/d擅自/d取证/vi。/wj
侦查/v阶段/n《/wkz刑事诉讼法/n》/wky又/d规定/v了/y，/wd凡是/d能够/v证明/v事实/n的/ude1都/d是/vshi证据/n。/wj
最高院/n的/ude1证据/n规则/n，/wd公诉人/n管/v它/rr什么/ry时间/n取得/v，/wd程序/n方面/n的/ude1事/n，/wd我/rr认为/v也/d无/v伤/v大雅/n。/wj
所有/b公安/n机关/n，/wd有/vyou很多/m都/d有/vyou瑕疵/n，/wd很多/m刑事/b案/x件/q就/d无法/v搞/v了/y。/wj
但是/c重大/a的/ude1错误/n和/cc瑕疵/n就/d不/d一样/a了/y。/wj
针对/p本/n案/x，/wd到底/d是/vshi不/d是/vshi我/rr教唆/v和/cc引诱/v，/wd关键/n是/vshi我/rr引诱/v的/ude1时间/n与/p徐丽军/nr与/p法律/n服务/vn所/n的/ude1时间/n，/wd相差/v三年/m。/wj
所有/b的/ude1人/n名/q，/wd我/rr都/d不/d认识/v。/wj
她/rr所/usuo作/v的/ude1证言/n的/ude1内容/n，/wd给/p我/rr印象/n特别/d深刻/a。/wj
说/v了/ule一/m系列/q的/ude1话/n，/wd这些/rz话/n不/d是/vshi我/rr能/v编造/v出来/vf的/ude1。/wj
她/rr在/p三年/m前/f就/d这么/rz说/v过/uguo。/wj
不/d是/vshi我/rr编/v的/ude1，/wd而且/c说/v的/ude1是/vshi借款/n。/wj
我/rr不/d可能/v三年/m前/f认识/v她/rr。/wj
这/rzv是/vshi一/m万/m个/q证据/n都/d推翻/v不/d掉/v的/ude1。/wj
另外/rz一个/mq就/d是/vshi本/n案/x的/ude1程序/n问题/n，/wd我/rr跟/p公诉人/n也/d探讨/v过/uguo。/wj
跟/p去年/t一样/uyy，/wd假如/c去年/t我/rr判/v了/ule一年/m半/m，/wd今年/t判/v了/ule七年/m，/wd数/m罪/n并/cc罚/v，/wd可/c不/d是/vshi两/m起/q犯罪/vn。/wj
本/rz案/x是/vshi同一个/b罪名/n。/wj
这个/rz逻辑/n如果/c推广/v，/wd我/rr觉得/v作为/p法律/n人/n，/wd法/n是/vshi铁/n的/ude1，/wd任何人/r不/d能/v随便/ad更改/v。/wj
怎么/ryv来/vf合并/v，/wd这个/rz难题/n怎么/ryv解决/v?/ww
另外/c，/wd说/v一下/mq徐丽军/nr的/ude1公信力/nr的/ude1问题/n。/wj
通过/p大量/m的/ude1证据/n显示/v，/wd举报/v孟/b英/b。/wj
后来/t反悔/vi了/y，/wd现在/t又/d举报/v我/rr。/wj
已经/d完全/ad丧失/v了/ule公信力/nr。/wj
在/p法律/n上/f，/wd两/m次/qv不同/a的/ude1证言/n，/wd总/d有/vyou一/m次/qv是/vshi伪证/n。/wj
徐丽军/nr应/v受到/v法律/n制裁/vn，/wd为什么/ryv逃避/v打击/v？/ww
另外/c还有/v一个/mq证人/n孟英/nr，/wd我/rr曾经/d的/ude1当事人/n。/wj
我/rr也/d恳请/v我/rr的/ude1辩护人/n请/v她/rr出庭/vi，/wd她/rr也/d没有/v来/vf。/wj
这/rzv我/rr也/d左右/v不/d了/y。/wj
这个/rz人/n能够/v接受/v媒体/n的/ude1采访/vn，/wd为什么/ryv不/d能/v到/v法庭/n上/f来/vf。/wj
能/v不能/v对/p那些/rz证人/n，/wd在/p法律/n范围/n内/f多/ad做/v一些/mq工作/vn？/ww
下/vf一个/mq问题/n，/wd我/rr对/p本/n案/x证据/n运用/v的/ude1思考/vn。/wj
周永康/nr说/v过/uguo，/wd对/p任何/rz案/x件/q的/ude1判处/v，/wd运用/v证据/n应当/v排除/v一切/rz合理性/n的/ude1怀疑/vn，/wd只能/v得出/v唯一/b的/ude1结论/n。/wj
这/rzv句/q话/n，/wd给/p我/rr留下/v深刻/a的/ude1印象/n。/wj
我/rr常常/d回味/v这/rzv句/q话/n，/wd任何/rz一个/mq法律/n人/n都/d应该/v遵照/v。/wj
经过/p这/rzv两/m天/qt的/ude1庭审/vn，/wd所有/b在/p法庭/n上/f出示/v的/ude1证据/n，/wd是/vshi不/d是/vshi能/v得/ude3出/vf唯一/b的/ude1结论/n，/wd是/vshi不/d是/vshi都/d排除/v掉/v了/ule合理/ad怀疑/v呢/y？/ww
尤其/d是/vshi徐丽军/nr的/ude1证言/n。/wj
我/rr曾经/d跟/v审判/vn人员/n交流/vn过/uguo。/wj
我/rr到/v现在/t不/d明白/v，/wd我/rr想/v各位/rr都/d不/d明白/v。/wj
要不然/c就/d是/vshi有/vyou更/d大/a的/ude1黑幕/n。/wj
我/rr坚信/v，/wd我/rr有/vyou预感/n，/wd徐丽军/nr还/d是/vshi会/v变化/vn的/ude1。/wj
早/tg早晚/t晚/tg，/wd会/v拿/v着/uzhe借条/n起诉/v孟/b英/b。/wj
另外/c，/wd出示/v的/ude1另外/rz一/m份/q证据/n，/wd在/p公诉人/n的/ude1眼中/s，/wd就/d一锤定音/vl了/y。/wj
就/d是/vshi投资/v款/n，/wd到/p现在/t没有/d搞/v清/tg，/wd围绕/v投资/vn和/cc借款/vn。/wj
这/rzv款/q到底/d是/vshi谁/ry的/ude1？/ww
徐丽/nr军/n到底/d在/p100/m万/m中/f有/vyou多/m大/a的/ude1权利/n？/ww
