如/c是/vshi，/wd如/c以/p立/v案/x时间/n定/v发现/v漏/v罪/n时间/n，/wd变成/v公安/n机关/n可以/v随时/d界定/v发现/v犯罪/vn时间/n。/wj
退/v一/m步/qv讲/v，/wd即使/c依据/p本/rz条/q规定/n，/wd江北/s法院/n有/vyou管辖权/n，/wd也/d不/d意味着/v江北/s公安局/n有/vyou侦查/vn权/n。/wj
不/d能/v倒/vi因为/p果/ng。/wj
法院/n的/ude1是/vshi审判/vn管辖权/n，/wd而/cc公安/n是/vshi立/v案/x侦查/vn管辖权/n。/wj
两者/rzv不同/a。/wj
如果/c李/nr1庄/ng案/x，/wd江北区/ns公安局/n、/wn检察院/n、/wn法院/n能/v管/v，/wd那么/c，/wd徐丽军/nr涉嫌/v构成/v伪证罪/n，/wd谁/ry来/vf管辖/v？/ww
如果/c徐丽军/nr归/v上海/ns管辖/v，/wd上海/ns管辖/v了/ule吗/y？/ww
重庆/ns公安局/n移送/v犯罪/vn线索/n了/y吗/y？/ww
第/m四/m，/wd其他/rzv程序/n严重/ad违法/vi的/ude1事实/n【/wkz服刑/vi地/ude2违法/vi】/wky本/n案/x中/f，/wd李庄/nr在/p2010年/m2月/t9日/t宣判/v后/f，/wd次日/t被/pbei送/v到/v南川/ns监狱/n，/wd蜻蜓点水/vl，/wd手续/n都/d没/d办/v完/vi，/wd就/d回到/v重庆市/ns第二/m看守所/n，/wd根据/p我国/n法律/n规定/n，/wd超过/v1年/m的/ude1有期徒刑/nl应当/v送/v到/v监狱/n。/wj
本/rz案/x李/ng庄/nr1实际/n服刑/vi地/ude2在/p重庆市/ns第二/m看守所/n，/wd根据/p案/x卷/ng在/p2010年/m8月/t之前/f，/wd公安/n机关/n没有/v任何/rz侦查/vn材料/n。/wj
实际上/d是/vshi强行/d把/pba李庄/nr从/p应当/v服刑/vi的/ude1监狱/n放到/v看守所/n服刑/vi，/wd剥夺/v了/ule其/rz在/p环境/n相对/d宽松/a监狱/n服刑/vi的/ude1权利/n。/wj
这/rzv是/vshi严重/ad违法/vi的/ude1。/wj
【/wkz侦查/v期限/n超长/b违法/vn】/wky本/n案/x侦查/vn期限/n长/ad达/v一年/m多/m，/wd中间/f没/d看到/v任何/rz合法/a延长/v法律/n文书/n，/wd江北区/ns公安局/n严重/ad违反/v刑/n诉/vg法/b的/ude1期限/n规定/n。/wj
作为/p法律/n监督/vn机关/n的/ude1检察院/n，/wd对/p此/rzs没有/v任何/rz片言只语/nl的/ude1监督/vn。/wj
法律/n监督/vn职能/n何在/vi？/ww
【/wkz剥夺/v侦查/vn期间/f请/v律师/n的/ude1权利/n】/wky李庄/nr在/p长/ad达/v一年/m多/a的/ude1侦查/vn过程/n中/f，/wd没有/d享受/v接受/v律师/n提供/v法律/n帮助/v的/ude1权利/n。/wj
卷宗/n之中/f，/wd只有/c涉嫌/v合同/n诈骗罪/n的/ude1会见/vn。/wj
李庄/nr在/p本/n案/x中/f，/wd没有/d受到/v法律/n规定/n侦查/vn阶段/n请/v律师/n的/ude1权利/n。/wj
这个/rz违法/vn，/wd检察院/n有/vyou没有/d进行/vx监督/vn？/ww
【/wkz本/n案/x变相/vd不/d公开/ad审理/v】/wky本/n案/x看似/v100/m多/m号/q人/n来/vf旁听/v，/wd但是/c，/wd法官/n对/p家属/n要求/v有/vyou派出所/n证明/v才/d能/v进去/vf，/wd这样/rzv的/ude1要求/n完全/ad没有/v法律/n依据/n，/wd请/v法官/n出示/v法律/n依据/n。/wj
其他/rzv公民/n申请/v旁听/v，/wd也/d被/pbei拒绝/v，/wd而/cc法庭/n上/f，/wd从/p开庭/vi开始/v，/wd第一/m排/q的/ude1座位/n就/d只/d有/vyou两/m个/q法警/n坐/v。/wj
这样/rzv的/ude1审判/vn完全/ad违背/v了/ule公开/a审判/vn的/ude1规定/n。/wj
【/wkz法庭/n不/d接受/v录像/n证据/n违法/vn】/wky辩/vg方/ng提供/v的/ude1李庄/nr和/cc徐丽军/nr的/ude1录像/n，/wd是/vshi为了/p反驳/v控/v方/d提供/v徐丽/nr军/n笔录/n中/f，/wd涉及/v所谓/v李/nr1庄/ng教唆/v其/rz在/p朱立岩/nr死刑/n案/x件/q中/f作/v伪证/n，/wd录像/n显示/v，/wd李庄/nr让/v其/rz客观/n，/wd实事求是/vl，/wd在/p同/p一/m份/q笔录/n中/f，/wd徐丽军/nr会/v诬陷/v李/nr1庄/ng在/p朱立岩/nr案/x件/q作伪/vn证/n，/wd可想而知/vl，/wd徐丽军/nr指控/v李庄/nr在/p孟/b英/b案/x的/ude1伪证/n，/wd是/vshi靠不住/a的/ude1。/wj
这样/rzv的/ude1证据/n是/vshi反驳/v控/v方/q证据/n的/ude1，/wd法庭/n说/v与/p本/n案/x无关/v，/wd显然/ad是/vshi违法/vi的/ude1。/wj
结论/n：/wm一个/mq本来/d就/d无/v管辖权/n的/ude1案/x件/q，/wd非得/d强/a拿/v到/v重庆/ns来/f管辖/v，/wd所以/c，/wd才/d会/v有/vyou拼凑/v，/wd才/d有/vyou强词夺理/vl，/wd千疮百孔/vl。/wj
辩护人/n不/d谈/v有/vyou什么/ry目的/n和/cc动机/n，/wd我们/rr只/d是/vshi强调/v，/wd这样/rzv的/ude1侦查/vn、/wn起诉/v、/wn审判/v一点/m合法性/n都/d没有/v。/wj
合议庭/n做出/v的/ude1任何/rz判决/vn，/wd都/d将/d是/vshi枉/vg法/b裁判/n，/wd为/p历史/n所/usuo耻笑/v，/wd同时/c，/wd也/d必将/d承担/v相应/vi的/ude1法律/n责任/n。/wj
第二/m部分/n：/wm李庄/nr并/cc没有/d引诱/v、/wn教唆/v的/ude1证人/n改变/v证言/n。/wj
实体/n上/f，/wd李庄/nr并/cc无/v引诱/v证人/n改变/v证言/n的/ude1事实/n，/wd公诉/vi机关/n起诉/vn证据/n严重/ad不足/v。/wj
一：/m本/q案/x的/ude1取证/vn程序/n违法/vn和/cc证人/n可信度/n极/d低/a1/a，/wd取证/vn程序/n严重/ad违法/vi【/wkz侦查/v主体/n违法/vn】/wky由于/p本/n案/x重庆市/ns公安局/n、/wn江北/s公安/n分局/n都/d没有/v管辖权/n，/wd侦查/v主体/n全部/m违法/vn。/wj
所/usuo作/v的/ude1侦查/vn笔录/n和/cc取/v的/ude1证据/n全部/m系/n违法/vd无效/vi证据/n。/wj
【/wkz侦查/v何时/ryt终结/vi】/wky本/n案/x的/ude1较/d多/a证据/n系/v2011年/m3月/t28日公/t安/ag侦查/v终结/vi后/f再行/d调查/v取得/v，/wd有/vyou部分/m甚至/c在/p法院/n审判/vn阶段/n取证/vi，/wd这/rzv类/q证据/n没有/v法律/n效力/n。/wj
辩护人/n诧异/a的/ude1是/vshi，/wd公诉/vi机关/n居然/d还/d敢/v拿/v到/v法庭/n上/f来/vf出示/v，/wd如果/c这/rzv可以/v，/wd什么/ry叫/vi侦查/v终结/vi？/ww
有/vyou完/vi没完/vi？/ww
公诉人/n居然/d说/v，/wd依据/p刑事诉讼法/n第140/m条/q第一/m款/q，/wd真是/d令/v人/n大/d跌/v眼镜/n。/wj
【/wkz侦查/v地点/n】/wky本/n案/x证人/n的/ude1侦查/vn地点/n多/ad在/p证人/n家里/s，/wd侦查/v人员/n住/vi的/ude1宾馆/n，/wd茶楼/n，/wd辩护人/n奇怪/v为什么/ryv如此/rzv强势/n的/ude1侦查/vn机关/n如此/rzv迁就/v证人/n，/wd难道/d是/vshi有/vyou求/v于/p证人/n？/ww
我国/n《/wkz刑事诉讼法/n》/wky97/m条/q明文规定/vl，/wd侦查/v人员/n询问/v证人/n，/wd可以/v到/v证人/n的/ude1所在/n单位/n或者/c住处/n进行/vx，/wd必要/a的/ude1时候/n，/wd也/d可以/v通知/n证人/n到/v人民/n检察院/n或者/c公安/n机关/n提供/v证言/n。/wj
侦查/v机关/n如此/rzv在/p茶楼/n，/wd宾馆/n取证/vi，/wd做/v个/q说明/v是/vshi证人/n提出/v的/ude1要求/n，/wd那么/c试问/v证人/n要/v边/k洗/v桑拿/n边/k做/v笔录/n行/vi吗/y？/ww
【/wkz侦查/v人员/n】/wky侦查/v人员/n李/nr1军/n身份/n，/wd一会儿/mq是/vshi江北/s分局/n，/wd一会儿/mq是/vshi重庆市/ns公安局/n。/wj
虽然/c公诉人/n说/v本/n案/x情况/n特殊/a，/wd市/n局/qv宏观/n上/f指导/v，/wd这/rzv已经/d远远/d超出/v宏观/n，/wd已经/d在/p微观/n上/f插手/v了/y，/wd这/rzv是/vshi违法/vi的/ude1。/wj
2/n，/wd证人/n可信度/n极/d低/a。/wj
【/wkz徐丽军/nr不/d是/vshi证人/n而是/c伪证/n主犯/n】/wky如果/c本/d案/x对/p李庄/nr指控/v成立/vi，/wd徐丽军/nr涉嫌/v在/p出庭/vi作证/vi时/ng公开/v进行/vx伪证/n行为/n，/wd触犯/v刑法/n305/m条/q，/wd构成/v伪证罪/n，/wd且/c属于/v主犯/n。/wj
本/rz罪/n不/d对/p其/rz进行/vx逮捕/vn起诉/vn而/cc追究/v李庄/nr，/wd明显/ad系/v恶意/d执法/vi报复/v性/ng执法/vi。/wj
对/p徐/nr1以/p不/d起诉/v换取/v的/ude1证言/n，/wd明显/ad是/vshi胁迫/v证言/n，/wd不/d真实/a证言/n，/wd无效/vi证言/n。/wj
【/wkz主要/b证人/n系/v直系亲属/nl】/wky本/n案/x指控/vn被告人/n李庄/nr涉嫌/v辩护人/n妨害/v作证/vi的/ude1证人/n，/wd主要/d是/vshi举报人/n徐丽军/nr及其/cc家人/n，/wd（/wkz儿子/n苏文龙/nr和/cc母亲/n）/wky，/wd这种/r一家/n人/n本身/rz利害/n关系/n明显/a，/wd其/rz证言/n证据/n效力/n有限/a。/wj
【/wkz证人/n吸毒/vi、/wn反复无常/al】/wky本/n案/x主要/b证人/n和/cc举报人/n徐丽军/nr，/wd吸毒/vi多/m年/qt，/wd四/m次/qv进/vf过/uguo戒毒所/n，/wd在/p公安/n、/wn法院/n、/wn律师/n处/vi的/ude1证言/n多/m处/q反复/vi，/wd在/p上海/ns表演/v多次/mq跳楼/v秀/ag，/wd在/p上海/ns徐汇/ns检察院/n表演/vn跳楼/v秀/ag，/wd其/rz今天/t的/ude1书面/b证言/n根本/d就/d不/d可信/a。/wj
【/wkz证人/n徐丽/nr军/n说谎/vi】/wky辩/vg方/ng提供/v的/ude1录像/n证据/n显示/v，/wd徐丽军/nr在/p本/n案/x笔录/n中/f，/wd说/v李庄/nr在/p朱立岩/nr案/x中/f让/v其/rz做/v为/p证/n，/wd完全/ad是/vshi虚假/a的/ude1。/wj
