5/b、/wn本/n案/x被告人/n讯问/vn笔录/n全部/m为/p非法/b证据/n。/wj
被告人/n李庄/nr于/p2010年/m2月/t9日/t被/pbei重庆市/ns第一/m中级/b人民/n法院/n以/p“/wyz辩护人/n伪造/v证据/n、/wn妨害/v作证/vi罪/n”/wyy终审/n判处/v有期徒刑/nl一年/m零六/m个/q月/n，/wd执行/v期间/f2009年/m12月/t12日/t起/f至/p2011年/m6月/t11日/t止/v。/wj
根据/p《/wkz中华人民共和国/ns刑法/n》/wky第四十六/m条/q之/uzhi规定/n：/wm“/wyz被/pbei判处/v有期徒刑/nl、/wn无期徒刑/nl的/ude1犯罪分子/n，/wd在/p监狱/n或者/c其他/rzv执行/v场所/n执行/v；/wf凡/d有/vyou劳动/vn能力/n的/ude1，/wd都/d应当/v参加/v劳动/vn，/wd接受/v教育/vn和/cc改造/vn。/wj
”/wyy这里/rzs的/ude1“/wyz其他/rzv执行/v场所/n”/wyy，/wd是/vshi指/v《/wkz中华人民共和国/ns监狱法/n》/wky第十五/m条/q第二/m款/q之/uzhi规定/n：/wm“/wyz罪犯/n在/p被/pbei交付/v执行/v刑罚/n前/f，/wd剩余/vn刑期/n在/p一年/m以下/f的/ude1，/wd由/p看守所/n代/vd为/v执行/v。/wj
”/wyy李庄/nr的/ude1剩余/vn刑期/n还有/v将近/d一年/m零四/m个/q月/n，/wd不/d属于/v以上/f应当/v在/p其他/rzv执行/v场所/n服刑/vi的/ude1情况/n，/wd应当/v依法/d在/p监狱/n内/f服刑/vi。/wj
而/cc本/n案/x侦查/vn机关/n违反/v法律/n的/ude1规定/n，/wd在/p将/p李庄/nr送往/v监狱/n正在/d办理/v入/v监/vg手续/n时/ng，/wd即/d将/p其/rz带/v回/v重庆市/ns第二/m看守所/n关押/v。/wj
因此/c，/wd重庆市/ns第二/m看守所/n是/vshi对/p李庄/nr的/ude1违法/vn关押/v地点/n。/wj
鉴于/p公诉/vn机关/n提交/v的/ude1被告人/n李庄/nr的/ude1四/m份/q讯问/vn笔录/n均/d在/p重庆市/ns第二/m看守所/n调取/v，/wd应当/v认为/v其/rz取证/vn地点/n不/d合法/a。/wj
由此/d导致/v该/rz四/m份/q笔录/n为/p非法/b证据/n。/wj
最高人民法院/nt、/wn最高人民检察院/nt、/wn公安部/nt、/wn国家安全部/nt和/cc司法部/n联合/vd制定/v的/ude1《/wkz关于/p办理/v刑事/b案/x件/q排除/v非法/b证据/n若干/m问题/n的/ude1规定/n》/wky第二/m条/q规定/n：/wm“/wyz经/p依法/d确认/v的/ude1非法/b言词/n证据/n，/wd应当/v予以/vx排除/vn，/wd不能/v作为/v定/v案/x的/ude1根据/n。/wj
”/wyy6/vg、/wn侦查/vn机关/n隐匿/v重要/a证据/n。/wj
经过/p我们/rr会见/v李庄/nr得知/v，/wd李庄/nr的/ude1笔记本电脑/n被/pbei扣押/v。/wj
而/cc李庄/nr有/vyou大量/m与/cc本/n案/x有关/vn的/ude1证据/n材料/n存/v于/p该/rz电脑/n中/f，/wd如/c能/v提取/v，/wd将/d有助于/v法庭/n了解/v事实/n真相/n。/wj
我们/rr在/p庭/ng前/f提出/v了/ule关于/p调取/v被/pbei侦查/v机关/n扣押/v的/ude1李/nr1庄/ng笔记本电脑/n的/ude1申请/vn，/wd但是/c法庭/n转告/v我们/rr侦查/v机关/n拒绝/v提供/v。/wj
拒绝/v的/ude1理由/n是/vshi我们/rr没有/d提供/v证据/n清单/n，/wd他们/rr打开/v电脑/n后/f没有/d发现/v与/p本/n案/x有关/vn的/ude1资料/n。/wj
我/rr觉得/v这种/r理由/n十分/m荒唐/a。/wj
这部/r电脑/n是/vshi李庄/nr的/ude1私人/n财产/n，/wd即便/c原/d案/x为/p侦查/v的/ude1需要/n进行/vx扣押/vn，/wd但是/c在/p原/b案/x终审/n判决/vn后/f应该/v还/d给/v李庄/nr。/wj
既然/c这部/r电脑/n并/cc没有/v被/pbei列入/v李庄/nr涉嫌/v本/n案/x的/ude1控/v方/q证据/n和/cc依法/d扣押/v的/ude1物品/n，/wd辩护人/n完全/ad有/vyou权利/n要求/v调/v取/v这部/r电脑/n。/wj
对于/p侦查/vn机关/n拒绝/v提供/v证据/n的/ude1行为/n，/wd我们/rr认为/v是/vshi违法/vi的/ude1。/wj
《/wkz中华人民共和国/ns刑事诉讼法/n》/wky第四十五/m条/q第三/m款/q规定/n：/wm“/wyz凡是/d伪造/v证据/n、/wn隐匿/v证据/n或者/c毁灭/v证据/n的/ude1，/wd无论/c属于/v何方/r，/wd必须/d受/v法律/n追究/v。/wj
”/wyy侦查/v机关/n的/ude1这种/r行为/n属于/v隐匿/v证据/n，/wd我们/rr请求/v法庭/n追究/v其/rz法律/n责任/n。/wj
7/a、/wn证人/n全部/m没有/d出庭/vi作证/vi。/wj
我/rr在/p庭/ng前/f已经/d申请/v法院/n通知/n控/v方/q全部/m十五/m位/q证人/n出庭/vi作证/vi，/wd可是/c一/m位/q也/d没有/v来/vf。/wj
证人/n出庭/vi作证/vi是/vshi原则/n，/wd不/d出庭/vi是/vshi例外/vi。/wj
只有/c当/p其他/rzv证据/n确实/ad充分/a、/wn证人/n不/d出庭/vi并/cc不/d影响/v其/rz书面/b证言/n效力/n、/wn并且/c控/v辩/vg双方/n争议/vn不/d大/a的/ude1情况/n下/f，/wd才/d允许/v证人/n可以/v不/d出庭/vi。/wj
而/cc本/n案/x全部/m是/vshi言词/n证据/n，/wd没有/v其他/rzv形式/n的/ude1证据/n相互/d印证/v。/wj
如果/c证人/n不/d出庭/vi，/wd将/d无法/v印证/v其/rz证言/n的/ude1真实性/n，/wd甚至于/d连/ulian是否/v存在/v某个/rz证人/n都/d无法/v确认/v。/wj
特别/d是/vshi徐丽军/nr，/wd她/rr既/c是/vshi据称/v的/ude1举报/vn人/n，/wd又/d是/vshi主要/b关键/n事实/n的/ude1证人/n。/wj
但是/c她/rr的/ude1举报/vn是否/v发生/v存在/v嫌疑/n，/wd她/rr的/ude1证言/n又/d与/p辩护人/n提交/v的/ude1录音/vn录像/n存在/v矛盾/an。/wj
在/p这种/r情况/n下/f，/wd唯有/v出庭/vi，/wd才/d能/v查清/v。/wj
否则/c，/wd徐丽军/nr的/ude1证言/n无法/vd采/v信/n。/wj
综上所述/c，/wd控/v方/q三/m种/q证据/n中/f的/ude1一/m种/q“/wyz犯罪/vn嫌疑人/n、/wn被告人/n供/vi述/vg和/cc辩解/vi”/wyy应当/v属于/v非法/b证据/n，/wd支撑/v控/v方/q证据/n体系/n的/ude1三/m条/q腿/n只/d剩下/v两/m条/q腿/n了/y。/wj
而/cc所谓/v书/n证/n，/wd其实/d都/d是/vshi一些/mq对/p认定/v犯罪/vn事实/n没有/d直接/a意义/n的/ude1材料/n，/wd如/v李庄/nr的/ude1个人/n身份/n、/wn李庄/nr办理/v孟/b英/b案/x的/ude1手续/n等/udeng材料/n。/wj
这样/rzv一来/c，/wd就/d只/d剩下/v“/wyz证人/n证言/n”/wyy金鸡独立/nl了/y。/wj
然而/c在/p全部/m证人/n证言/n中/f，/wd据称/v亲眼/d看到/v、/wn亲耳/d听到/v所谓/v李/nr1庄/ng“/wyz教唆/v”/wyy徐丽军/nr的/ude1，/wd只有/c徐丽军/nr本人/rr和/cc她/rr儿子/n苏文龙/nr的/ude1证言/n属于/v直接/a证据/n，/wd而/cc其他/rzv人/n的/ude1证言/n无/v一/m是/vshi亲眼/d看到/v、/wn亲耳/d听到/v（/wkz暂/d不/d论/v是/vshi不/d是/vshi真/a的/ude1）/wky，/wd只能/v属于/v间接/b证据/n。/wj
这样/rzv一来/c，/wd就/d只/d剩下/v徐丽军/nr母子/n的/ude1证言/n在/p“/wyz互相/d印证/v”/wyy了/y。/wj
由/p此/rzs我们/rr已经/d可以/v判断/v，/wd控/v方/q的/ude1证据/n极其/d薄弱/a，/wd这/rzv只/q金鸡/n基本/a上/f要/v趴下/vi了/y。/wj
相比之下/vl，/wd辩护人/n提交/v了/ule四/m份/q证据/n：/wm徐丽军/nr的/ude1录音/vn、/wn徐丽军/nr的/ude1录像/n、/wn上海市/ns徐汇区/ns人民法院/nl的/ude1民事/b判决/vn书/n以及/cc金汤/n城/n公司/n的/ude1工商/n档/ng案/x。/wj
虽然/c合议庭/n不/d允许/v提交/v徐丽军/nr的/ude1录像/n，/wd但是/c正/d如/v李/nr1庄/ng刚才/t所/usuo讲/v的/ude1，/wd一/m份/q徐丽军/nr的/ude1录音/vn就/d足/a矣/y。/wj
李庄/nr的/ude1话/n又/d一/m次/qv证明/v了/ule他/rr是/vshi一/m位/q富有/v经验/n的/ude1刑/n辩/vg律师/n，/wd因为/c只/d需要/v这/rzv一/m份/q录音/vn证据/n，/wd就/d足以/d将/d已经/d摇摇欲坠/vl的/ude1控/v方/q证据/n体系/n全部/m击/vg垮/vi。/wj
（/wkz该/rz录音/vn的/ude1详细/a内容/n已经/d宣读/v，/wd不再/d赘述/vi）/wky由此可见/c，/wd控/v方/q证据/n远/ad未/d达到/v“/wyz犯罪/vn事实/n清楚/a，/wd证据/n确实/ad充分/a”/wyy的/ude1定罪/vn标准/n。/wj
三/m、/wn办/v案/x程序/n违法/vn，/wd无/v管辖权/n而/cc违法/vn立/v案/x《/wkz中华人民共和国/ns刑事诉讼法/n》/wky第二十四/m条/q规定/n“/wyz刑事/b案/x件/q由/p犯罪/vn地/n的/ude1人民/n法院/n管辖/vn。/wj
如果/c由/p被告人/n居住地/n的/ude1人民/n法院/n审判/vn更为/d适宜/v的/ude1，/wd可以/v由/p被告人/n居住地/n的/ude1人民/n法院/n管辖/vn。/wj
”/wyy《/wkz公安/n机关/n办理/v刑事/b案/x件程序/n规定/n》/wky第十五/m条/q规定/n：/wm“/wyz刑事/b案/x件/q由/p犯罪/vn地/n的/ude1公安/n机关/n管辖/vn。/wj
如果/c由/p犯罪/vn嫌疑人/n居住地/n的/ude1公安/n机关/n管辖/v更为/d适宜/v的/ude1，/wd可以/v由/p犯罪/vn嫌疑人/n居住地/n的/ude1公安/n机关/n管辖/vn。/wj
”/wyy鉴于/p李庄/nr涉嫌/v的/ude1“/wyz辩护人/n妨害/v作证/vi罪/n”/wyy发生/v在/p上海/ns，/wd因此/c，/wd本/rz案/x无论是/c审判/v管辖/v还是/c侦查/v管辖/v，/wd均/d不/d属于/v重庆市/ns。/wj
（/wkz斯伟江/nr律师/n已经/d对/p此/rzs进行/vx了/ule详细/a的/ude1阐述/vn，/wd我/rr不再/d赘述/vi）/wky四/m、/wn李庄/nr在/p刑事/b辩护/vn工作/vn中/f做到/v了/ule尽职尽责/al侦查/v机关/n采取/v了/ule种种/q不/d光彩/a的/ude1手段/n，/wd一直/d在/p对/p李庄/nr进行/vx抹黑/vi。/wj
