就/d在/p刚才/t，/wd控/v方/d还/d用/v更加/d不堪入耳/vl的/ude1语言/n给/p李庄扣/nr上/vf了/ule“/wyz破坏/v我国/n刑事/b诉讼/vn制度/n”/wyy的/ude1文革/n式/k大帽子/nl。/wj
说实话/vl，/wd我/rr在/p未/d接触/v本/n案/x之前/f也/d从/p某些/rz部门/n和/cc媒体/n获悉/v了/ule李庄/nr的/ude1一些/mq做法/n，/wd对/p李庄/nr的/ude1职业道德/n产生/v过/uguo怀疑/vn。/wj
但是/c当/p我/rr查阅/v了/ule本/n案/x材料/n并且/c三/m次/qv会见/v了/ule李庄/nr之后/f，/wd我/rr觉得/v我/rr受骗/vi了/y。/wj
我/rr认为/v今天/t有/vyou必要/a在/p此/rzs为/v李庄正名/nr：/wm李庄/nr是/vshi一个/mq具有/v职业道德/n的/ude1优秀/a刑事/b辩护/vn律师/n。/wj
仅/d就/d孟/b英/b案/x来说/uls。/wj
李庄/nr接受/v委托/vd担任/v孟英/nr的/ude1辩护人/n后/f，/wd于/p2008年/m5月/t4日/t，/wd李庄/nr立即/d会见/v了/ule孟英/nr，/wd查阅/v案/x件/q材料/n，/wd对/p本/n案/x进行/vx深入/a分析/vn。/wj
依据/p法律/n和/cc事实/n，/wd为/p孟/b英/b拟定/v了/ule无罪/vi辩护/vi的/ude1辩护/vn方/d案/x。/wj
至/p2008年/m7月/t30日/t开庭/vi，/wd李庄/nr数十/m次/qv从/p北京/ns赶到/v上海/ns，/wd先后/d会见/v孟英/nr8/a次/qv，/wd向/p法庭/n提交/v了/ule45/m份/q证据/n，/wd仅/d证人/n就/d达/v23/m名/q之/uzhi多/ng。/wj
戴桂秋/nr在/p2010年/m8月/t24日/t的/ude1笔录/n中/f说/v：/wm“/wyz李庄/nr在/p法庭/n表现/v好/a，/wd跟/p之前/f聘请/v的/ude1律师/n比/p起来/vf敢于/v说话/vi。/wj
”/wyy朱立岩/nr在/p2010年/m9月/t14日/t的/ude1笔录/n中/f也/d对/p李庄/nr的/ude1辩护/vn工作/vn给予/vx了/ule肯定/v：/wm“/wyz李庄/nr的/ude1辩护/vn才/d能/v不错/a，/wd能够/v把/pba我/rr想/v说/v的/ude1话/n都/d说/v出来/vf。/wj
”/wyy我/rr想/v请/v大家/rr思考/v一下/mq，/wd在/p我国/n的/ude1那些/rz头/n上/f顶/v着/uzhe光环/n的/ude1大/a牌/n律师/n中/f，/wd有/vyou谁/ry能够/v做到/v对/p一个/mq只/d收/v五/m万/m元/q的/ude1案/x子/ng如此/rzv认真/a和/cc付出/v？/ww
大家/rr也/d都/d看到/v了/y，/wd在/p本/n案/x的/ude1庭审/vn过程/n中/f，/wd李庄/nr在/p手中/s没有/v任何/rz材料/n的/ude1情况/n下/f，/wd能够/v发表/v详细/a的/ude1质证/v意见/n，/wd而且/c还/d能够/v熟练/a地/ude2引用/v法律/n条文/n，/wd甚至于/d他/rr的/ude1质证/v质量/n有的/rz还/d超过/v了/ule我们/rr两/m位/q辩护人/n。/wj
这/rzv与/p他/rr常年/d累/a月/n的/ude1勤奋/an和/cc积累/v是/vshi分/v不/d开/v的/ude1。/wj
我们/rr无法/v想想/v，/wd具有/v如此/rzv水平/n并且/c同时/c也/d深知/v刑/n辩/vg业务/n风险/n的/ude1一/m位/q资深/b律师/n，/wd会/v去/vf教唆/v证人/n违背/v事实/n改变/v证言/n？/ww
昨天/t，/wd李庄/nr在/p回答/v我/rr的/ude1提问/vn时/ng，/wd已经/d给/v出/vf了/ule答/v案/x：/wm这/rzv是/vshi绝对/d不/d可能/v的/ude1。/wj
而且/c，/wd李庄/nr还/d斩钉截铁/al地/ude2否认/v了/ule他/rr在/p执业/vn中/f有/vyou任何/rz妨害/v作证/vi的/ude1行为/n，/wd而且/c是/vshi在/p所有/b的/ude1经办/vn案/x件/q中/f！/wt
五/m、/wn侦查/vn机关/n的/ude1许多/m做法/n突破/v了/ule法律/n与/cc良心/n的/ude1底线/n办/v案/x机关/n的/ude1职责/n是/vshi通过/p追究/v违法/vn犯罪/vn，/wd依法/d保护/v人民/n群众/n的/ude1人身/n和/cc财产/n安全/an。/wj
如果/c在/p办/v案/x中/f视/vg法律/n于/p儿戏/n，/wd肆意/d玩弄/v法律/n，/wd则/c人民/n群众/n的/ude1信任感/n和/cc安全感/n将/d逐渐/d降低/v。/wj
我/rr感到/v十分/m可笑/a的/ude1是/vshi，/wd刚才/t控/v方/d竟然/d说/v李庄/nr是/vshi在/p玩弄/v法律/n。/wj
事实/n胜/v于/p雄辩/n。/wj
到底/d是/vshi谁/ry在/p玩弄/v法律/n，/wd请/v看/v如下/vn事实/n：/wm1/a、/wn2010年/m2月/t9日/t，/wd李庄/nr被/pbei重庆市/ns第一/m中级/b人民法院/nl终审/n判处/v有期徒刑/nl一年/m六/m个/q月/n。/wj
同日/d接到/v执行/v通知书/n。/wj
第二/m天/qt即/v2月/t10日/t，/wd李庄/nr被/pbei送/v到/v南川/ns监狱/n“/wyz服刑/vi”/wyy。/wj
正在/d办理/v入/v监/vg手续/n时/ng，/wd李庄/nr被/pbei告知/v又/d发现/v了/ule漏/v罪/n，/wd需要/v再/d回/v看守所/n“/wyz配合/v侦查/v办/v案/x”/wyy。/wj
（/wkz见/v2011./m3./m25/m重庆市/ns第二/m看守所/n《/wkz情况/n说明/v》/wky）/wky这个/rz过程/n前后/f五/m个/q小时/n左右/m。/wj
侦查/v机关/n也许/d以/p为/v他们/rr很/d聪明/a，/wd用/p这个/rz办法/n就/d可以/v说/v是/vshi在/p李庄/nr的/ude1“/wyz服刑/vi”/wyy期间/f发现/v了/ule漏/v罪/n，/wd因而/c可以/v适用/a刑事诉讼法/n解释/v第十四/m条/q的/ude1规定/n，/wd由/p原审/n法院/n审理/v。/wj
岂/d不/d知/v卷宗/n材料/n显示/v的/ude1发现/v“/wyz漏/v罪/n”/wyy时间/n并非/v李庄/nr被/pbei送/v到/v监狱/n的/ude1时间/n，/wd而是/c此前/t的/ude11月/t27日/t。/wj
这种/r情况/n恰恰/d不/d能/v适用/vi上述/b司法/n解释/vn。/wj
侦查/v机关/n早/tg不/d说/v发现/v漏/v罪/n，/wd晚/tg不/d说/v发现/v漏/v罪/n，/wd恰恰/d在/p李庄/nr被/pbei送/v到/v监狱/n的/ude1时候/n发出通知/n称/v“/wyz李庄/nr还/d有/vyou余/m罪/n未/d被/pbei追究/v”/wyy。/wj
这/rzv种/q类似/a于/p游戏/n的/ude1办/v案/x，/wd留给/v我们/rr的/ude1印象/n是/vshi拙劣/a的/ude1玩弄/v法律/n的/ude1技巧/n以及/cc对/p被告人/n的/ude1肆意/d欺骗/v。/wj
2/b、/wn合同/n诈骗/v案/x于/p2010年/m2月/t10日/t立/v案/x，/wd此后/t一/m天/qt辩护人/n妨害/v作证/vi案/x立/v案/x。/wj
这/rzv是/vshi因为/p办/v案/x机关/n明知/v其/rz对/p后/f罪/n无/v管辖权/n，/wd而/cc企图/v以/c先/d立/v案/x有/vyou管辖权/n的/ude1来/vf争夺/v其/rz对/p后/f罪/n的/ude1管辖权/n。/wj
严格/a地/ude2说/v不/d存在/v争夺/v，/wd因为/c没有/v其他/rzv地方/n在/p与/p重庆市/ns争夺/v。/wj
这/rzv是/vshi因为/p其他/rzv地方/n并/cc不/d认为/v李庄/nr在/p他们/rr那里/rzs的/ude1行为/n属于/v犯罪/vn，/wd否则/c的话/udh，/wd岂/d不/d是/vshi在/p发生/v这种/r行为/n的/ude12008年/m就/d已经/d在/p那个/rz地方/n立/v案/x侦查/v了/y。/wj
办/v案/x机关/n用/p这种/r办法/n获得/v了/ule管辖权/n后/f，/wd又/d将/p合同/n诈骗罪/n不予/v起诉/v，/wd唯独/d将/p其/rz原本/d没有/v管辖权/n的/ude1罪/n起诉/vn。/wj
这种/r强迫/v审判/vn机关/n对/p本/rz不/d属于/v自己/rr管辖/v的/ude1案/x件/q进行/vx审判/vn的/ude1做法/n，/wd实际上/d是/vshi对/p司法/n机关/n的/ude1绑架/vn行为/n，/wd其/rz内心/n对于/p司法/n的/ude1敬畏/vn感/vg丧失/v殆尽/vi，/wd留存/v的/ude1只是/d对/p司法/n的/ude1嘲弄/vn。/wj
3/n、/wn本/n案/x侦查/vn时间/n从/p2010年/m2月/t17日/t就/d开始/v了/y，/wd至/p2011年/m3月/t28日/t才/d结束/v侦查/vn，/wd时间/n长/ad达/v一年/m零一/m个/q月/n零十一/m天/qt。/wj
从/p检察/b机关/n只/d用/v四/m天/qt就/d审查/v完毕/vi提起/v公诉/vi来看/v，/wd似乎/d证据/n体系/n已经/d相当/d完备/a，/wd无需/v发/v回/qv补充/v侦查/v了/y。/wj
可是/c就/d在/p检察/b机关/n的/ude1审查/vn起诉/vn期间/f，/wd侦查/v机关/n还/d在/p不断/d地/ude2提交/v新/a的/ude1证据/n。/wj
如果/c这种/r做法/n仅仅/d表现/v出/vf侦查/v机关/n的/ude1办/v案/x随意性/n以及/cc对/p检察/b机关/n的/ude1不/d尊重/v，/wd那么/c在/p本/n案/x已经/d起诉/v到/v法院/n后/f，/wd侦查/v机关/n还/d在/p进行/vx新/a的/ude1调查取证/n，/wd那/rzv就是/d明知/v违法/vn而/cc故意/d违法/vi了/y。/wj
如果/c说/v前面/f的/ude1几/m种/q情况/n属于/v侦查/vn机关/n钻/v法律/n空子/n的话/udh，/wd其/rz在/p审判/vn阶段/n还/d源源不断/vl地/ude2调查取证/n并且/c提交/v法庭/n，/wd那/rzv就是/v明目张胆/nl地/ude2挑战/vi司法/n的/ude1权威/n了/y，/wd是/vshi在/p全国/n都/d闻所未闻/vl的/ude1践踏/vn法律/n了/y。/wj
4/vi、/wn李庄/nr被/pbei终审/n宣判/vn后/f，/wd按照/p《/wkz中华人民共和国/ns刑法/n》/wky第四十六/m条/q规定/n，/wd应当/v在/p监狱/n服刑/vi。/wj
这样/rzv李/nr1庄/ng可以/v依法/d享有/v服刑/vn人员/n的/ude1各项/r权利/n，/wd特别/d是/vshi家属/n会见/v的/ude1权利/n。/wj
即便/c是/vshi在/p看守所/n服刑/vi（/wkz当然/d将/d李/nr1庄/ng羁押/v在/p看守所/n服刑/vi也/d是/vshi违法/vi的/ude1）/wky，/wd也/d是/vshi应当/v给予/vx家属/n会见/v权/n的/ude1。/wj
