因为/c使/v一个/mq已决犯/n人/n得到/v家属/n会见/v，/wd是/vshi最/d起码/b的/ude1人道主义/n。/wj
而/cc本/n案/x的/ude1侦查/vn机关/n竟然/d使得/vi李庄/nr在/p终审/n宣判/vn后/f长/v达/v一年/m多/a的/ude1时间/n无法/v与/p家属/n会见/v。/wj
据/p家属/n反映/v，/wd他们/rr是/vshi每/rz半/m月/n就/d写/v一/m封/q信/n给/p李庄/nr的/ude1，/wd而/cc据/p李庄/nr说/v，/wd管教/vn只/d给/p他/rr有/vyou选择性/n地/ude2念/v过/uguo一/m封/q。/wj
这种/r做法/n，/wd既/c违反/v了/ule法律/n，/wd也/d违反/v了/ule人道主义/n。/wj
5/b、/wn李庄/nr在/p被/pbei羁押/v的/ude1长/a达/v一年/m多/a的/ude1时间/n里/f，/wd只/d能/v听到/v对/p他/rr全盘/d否定/v的/ude1声音/n，/wd只/d能/v看到/v对/p他/rr全盘/d否定/v的/ude1材料/n。/wj
而/cc外界/n对/p他/rr的/ude1涉/vg案/x有/vyou争议/vn的/ude1情况/n，/wd特别/d是/vshi律师/n界/k发出/v的/ude1许多/m声援/v的/ude1声音/n，/wd他/rr是/vshi不/d知道/v的/ude1。/wj
侦查/v机关/n以/p欺骗/v来/vf摧毁/v一个/mq被告人/n的/ude1心理/n，/wd已经/d突破/v了/ule良心/n底线/n了/y。/wj
更有甚者/bl，/wd在/p我/rr与/p魏汝久/nr律师/n第一/m次/qv会见/v李庄/nr之后/f，/wd互联网/n上/f出现/v了/ule许多/m对/p我们/rr两/m位/q律师/n的/ude1评论/vn。/wj
这些/rz评论/n大部分/m是/vshi肯定/v我们/rr的/ude1工作/vn，/wd也/d有/vyou一些/mq不同/a看法/n，/wd还/d有/vyou少量/m的/ude1五/m毛/q进行/vx的/ude1谩骂/vn。/wj
侦查/v机关/n竟然/d将/p那些/rz对/p我们/rr谩骂/v的/ude1帖/ng子/ng打印/v出来/vf给/v李庄/nr看/v，/wd而/cc对/p那些/rz肯定/v我们/rr辩护/vi工作/vi的/ude1评论/n却/d只字不提/vl。/wj
后来/t对/p斯伟江/nr律师/n也/d采取/v了/ule这样/rzv的/ude1方式/n。/wj
侦查/v机关/n用/p这种/r类似/v“/wyz下/f三/m烂/a”/wyy的/ude1方式/n在/p被告人/n面前/f诋毁/v其/rz辩护律师/n，/wd我/rr敢/v说/v前无古人/bl，/wd后/f无/v来/vf者/y。/wj
值得一提的是/vl，/wd就/d在/p本次/r开庭/vi的/ude1前/f一/m天/qt我们/rr会见/v时/ng，/wd李庄才/nr最终/d告诉/v我们/rr其/rz自己/rr的/ude1辩护/vn方/d案/x，/wd就/d是/vshi坚决/ad否认/v起诉书/n所/usuo指控/v的/ude1犯罪/vn。/wj
但是/c他/rr在/p说话/vi时/ng是/vshi非常/d小心谨慎/vl的/ude1，/wd生怕/v暴露/v自己/rr的/ude1这/rzv一/m决定/n。/wj
这/rzv充分/ad说明/v，/wd李庄/nr在/p被/pbei羁押/v的/ude1过程/n中/f，/wd受到/v了/ule强大/a的/ude1精神/n压力/n，/wd使/v其/rz不/d敢/v表达/v自己/rr的/ude1真实/a想法/n。/wj
联系/v到/v李庄/nr在/p庭审/v中/f表示/v其/rz从来/d没有/v任何/rz妨害/v作证/vi的/ude1行为/n，/wd我们/rr可以/v认定/v李庄/nr的/ude1真实/a观点/n，/wd那/rzv就是/v他/rr从来/d就/d没/d有/vyou罪/n。/wj
6/vg、/wn围绕/v本/n案/x发生/v了/ule一些/mq奇怪/a的/ude1事情/n，/wd值得/v善良/a的/ude1人们/n深思/vi。/wj
就/d在/p昨晚/t，/wd湖南/ns律师/n杨金柱/nr来到/v重庆/ns准备/v要求/v旁听/v本/n案/x，/wd在/p机场/n竟然/d遭到/v30/m多/m人/n的/ude1围攻/vn。/wj
他们/rr打/v出/vf横幅/n“/wyz打倒/v黑心/n律师/n杨金柱/nr，/wd李庄/nr还/d我/rr130/m万/m元/q”/wyy。/wj
巧合/vi的/ude1是/vshi，/wd在/p本/n案/x开庭/vi前/f的/ude1一/m个/q小时/n，/wd这些/rz人/n又/d来到/v江北/s法院/n门口/s打/v出/vf了/ule“/wyz杨金柱/nr、/wn李庄/nr骗/v我/rr130/m万/m，/wd法院/n不/d审/v不公/a”/wyy的/ude1横幅/n。/wj
这/rzv使/v我/rr立刻/d想到/v了/ule文革/n的/ude1情景/n。/wj
文革/n是/vshi无法无天/vl，/wd现在/t可/v是/vshi社会主义/n法制/n社会/n，/wd这些/rz人/n来/vf到/v法院/n门口/s，/wd是/vshi想/v干扰/vn司法/n吗/y？/ww
这种/r集会/vn和/cc示威/vn活动/vn经过/p哪里/rys批准/v的/ude1？/ww
其实/d，/wd明眼人/n一/m看/v便/d知/v，/wd普通/a老百姓/n是/vshi无法/v做到/v的/ude1。/wj
另外/c，/wd本/rz案/x既然/c是/vshi公开/ad审理/v，/wd为什么/ryv将/d大量/m要求/n旁听/v的/ude1媒体/n记者/n关/v在/p门外/s？/ww
为了/p对/p记者/n严防/v死守/v，/wd竟然/d连/ulian家属/n的/ude1旁听/vn人数/n也/d要/v进行/vx无端/b的/ude1限制/vn。/wj
这/rzv到底/d是/vshi想/v掩盖/v什么/ry呢/y？/ww
尊敬/v的/ude1合议庭/n法官/n们/k，/wd李庄/nr的/ude1所谓/v漏/v罪/n“/wyz辩护人/n妨害/v作证/vi”/wyy案/x，/wd完全/ad是/vshi侦查/v机关/n绑架/v检察/b机关/n和/cc审判/vn机关/n而/cc导演/n的/ude1一/m场/qv闹剧/n，/wd其/rz目的/n是/vshi企图/v在/p2011年/m6月/t11日/t李/nr1庄/ng刑/n满/v后/f继续/v关押/v李/nr1庄/ng。/wj
然而/c事实/n和/cc证据/n已经/d足以/d证明/v李庄/nr是/vshi无罪/vi的/ude1。/wj
真正/d破坏/v我国/n刑事/b诉讼/vn制度/n的/ude1，/wd恰恰/d是/vshi本/n案/x的/ude1侦查/vn机关/n。/wj
我/rr在/p这里/rzs请求/v各位/rr法官/n凭着/p你们/rr对于/p法律/n的/ude1忠诚/an，/wd以/p你们/rr的/ude1良心/n来/vf作出/v经得起/v历史/n检验/v的/ude1裁决/vn。/wj
我/rr衷心/d地/ude2希望/v在/p将来/t的/ude1某/rz一/m天/qt，/wd当/p今天/t在座/vi的/ude1法官/n、/wn检察官/n和/cc辩护律师/n再次/d见面/vi的/ude1时候/n，/wd我们/rr大家/rr都/d能/v说/v这样/rzv一/m句/q话/n：/wm“/wyz当年/t咱们/rr办理/v李/nr1庄/ng案/x，/wd起码/d对得起/v自己/rr的/ude1良心/n了/y”/wyy。/wj
谢谢/v你们/rr！/wt
辩护人/n：/wm北京市/ns首/m信/n律师/n事务所/n杨/nr1学林/nz律师/n2011年/m4月/t20日/t审判长/n：/wm第一/m轮/qv辩论/vn结束/v。/wj
休庭/v一/m小时/n。/wj
一/m小时/n后/f：/wm审判长/n：/wm继续/v开庭/vi，/wd继续/v法庭/n辩论/vn。/wj
上午/t的/ude1第一/m轮/qv辩论/vn当中/f，/wd控/v辩/vg双方/n充分/ad阐明/v了/ule各自/rr的/ude1观点/n。/wj
本/rz庭/ng归纳/v争论/vn焦点/n如下/vi：/wm一/m、/wn李庄/nr有/vyou无/v教唆/v、/wn引诱/v徐丽/nr军/n违背/v事实/n改变/v证言/n的/ude1行为/n；/wf二/m、/wn证人/n徐丽军/nr的/ude1作证/vi能力/n问题/n；/wf三/m、/wn徐丽军/nr夫妇/n在/p金汤/n城/n的/ude1100/m万/m元/q是/vshi投资/v还是/c借款/n；/wf四/m、/wn本/n案/x的/ude1管辖权/n；/wf五/m、/wn本/n案/x的/ude1程序/n问题/n。/wj
请/v控/v辩/vg双方/n围绕/v以上/f焦点/n发表/v第二/m轮/qv辩论/vn意见/n。/wj
公诉/vi方/d发表/v意见/n。/wj
公诉人/n（/wkz第一/m）/wky：/wm在/p上午/t认真/ad听取/v了/ule辩护/vn方/q的/ude1辩论/vn意见/n，/wd归纳/v出/vf争议/v的/ude1焦点/n，/wd有/vyou针对性/n发表/v：/wm第一/m、/wn在/p侦查/vn阶段/n，/wd如果/c涉嫌/v几/m个/q罪名/n，/wd都/d要/v获得/v两/m名/q律师/n的/ude1法律/n帮助/v，/wd那么/c是/vshi不/d是/vshi涉嫌/v十/m个/q罪/n，/wd就/d需要/v二十/m名/q律师/n会见/v，/wd这样/rzv权利/n才/d保证/v么/y？/ww
第二/m、/wn被告人/n权利/n保证/v的/ude1问题/n。/wj
基于/p李庄/nr的/ude1身份/n，/wd根据/p我国/n看守所/n的/ude1规定/n，/wd会见/v家属/n及/cc通信/vn的/ude1权利/n，/wd是/vshi要/v受到/v限制/vn的/ude1，/wd这/rzv并/d不/d违法/vi；/wf第三/m、/wn辩护人/n是/vshi不/d是/vshi没有/d听/v清/tg，/wd关于/p管辖/v的/ude1问题/n，/wd我们/rr说/v，/wd审判/v管辖/v以/p审判/v为/p中心/n，/wd在/p当中/f起/vf着/uzhe重要/a的/ude1作用/n。/wj
本/rz案/x的/ude1程序/n事实/n，/wd合同/n诈骗/vn的/ude1，/wd并/cc案/x侦查/v是/vshi不/d存在/v问题/n的/ude1。/wj
同时/c，/wd接到/v线索/n和/cc立/v案/x之间/f的/ude1关系/n，/wd请/v辩护人/n看/v看法/n条/q。/wj
收到/v举报/vn线索/n后/f是否/v需要/v追究/v刑/n责/ng？/ww
另外/c补充/v一点/m，/wd这/rzv100/m万/m是/vshi投资/v款/n还是/d借款/vi。/wj
民事/b判决/vn书写/v的/ude1很/d清楚/a了/y。/wj
是/vshi徐丽军/nr夫妇/n财产权/n的/ude1问题/n，/wd财产/n共/d有/vyou权/n问题/n，/wd其中/rz有/vyou按/p份/q共有/v和/cc共同/d共有/v。/wj
这个/rz事实/n，/wd大家/rr都/d不/d否认/v。/wj
公诉人/n（/wkz第二/m）/wky：/wm按照/p《/wkz刑事诉讼法/n》/wky第48/m条/q规定/n，/wd徐丽军/nr具备/v证人/n资格/n，/wd其/rz证明/v能力/n不/d容/v质疑/vi。/wj
证人/n证言/n的/ude1价值/n在于/v其/rz感知/vn能力/n、/wn记忆能力/n，/wd语言/n表达能力/n。/wj
徐丽军/nr是/vshi最/d能/v感知/v的/ude1证人/n，/wd在/p孟英/nr一/m案/x中/f，/wd也/d作为/v了/ule李庄/nr所/usuo利用/v的/ude1辩/vg方/ng证人/n作证/vi。/wj
