徐丽军/nr的/ude1感知/vn能力/n、/wn记忆能力/n，/wd语言/n表达能力/n不/d存在/v问题/n。/wj
与/p李庄/nr的/ude1利害/n关系/n，/wd不/d影响/v其/rz证言/n效力/n。/wj
利害/n关系/n是/vshi案/x件/q发展/vn过程/n中/f自然/d形成/v的/ude1。/wj
对于/p孟英/nr2来说/uls，/wd徐丽军/nr改变/v证言/n，/wd既/c有利于/v孟/b英/b，/wd又/d有利于/v徐丽军/nr。/wj
李庄/nr抓住/v这个/rz，/wd引诱/v徐丽军/nr改变/v证言/n。/wj
徐丽军/nr的/ude1证言/n能够/v直接/ad证明/v本/n案/x的/ude1直接/a事实/n。/wj
辩/vg方/ng没有/d充分/a证据/n反映/v出/vf徐丽军/nr有/vyou精神病/n和/cc精神/n障碍/n。/wj
公诉人/n（/wkz第三/m）/wky：/wm我/rr就/p事实/n之/uzhi争/ng发表/v意见/n。/wj
本/rz案/x事实/n争议/vn的/ude1焦点/n，/wd就/d是/vshi李庄/nr有/vyou没/d有/vyou实施/v妨害/v作证/vi的/ude1行为/n。/wj
徐丽军/nr在/p金汤/n城/n的/ude1100/m万/m是/vshi投资/v还是/d借款/vi的/ude1问题/n，/wd民事/b及/cc刑事/b判决/vn已经/d表述/v得/ude3非常/d清楚/a。/wj
对于/p生效/vi判决/v所/usuo确认/v的/ude1，/wd公诉/vi机关/n是/vshi无/v需/v举/v证/n与/cc证明/v的/ude1。/wj
这/rzv认定/v什么/ry事实/n？/ww
那/rzv就是/v徐丽军/nr与/p王/nr1某某/r投入/vn金汤/n城/n的/ude1资/ng金额/n为/p100/m万/m，/wd显然/ad这个/rz认定/v的/ude1事实/n，/wd并/cc不/d是/vshi像/v辩/vg方/ng所/usuo讲/v的/ude1是/vshi个人/n借款/vi。/wj
而且/c这/rzv两/m份/q生效/vn判决/vn和/cc裁定/vn，/wd是/vshi徐汇区/ns法院/n综合/vn的/ude1各种/rz材料/n作出/v的/ude1判决/vn和/cc裁定/vn，/wd这个/rz既定/b事实/n是/vshi不/d容/v否认/v的/ude1。/wj
李庄/nr的/ude1行为/n有/vyou妨害/v作证/vi：/wm一/m、/wn主观/n上/f李庄/nr有/vyou没/d有/vyou直接/a故意/d，/wd是否/v知晓/v是/vshi投资/v款/n，/wd是否/v知晓/v2005年/m的/ude1证言/n是/vshi真实/a的/ude1，/wd判决/v写/v的/ude1很/d清楚/a，/wd证人/n俞某/nr、/wn张某/nr及/cc证据/n目录/n都/d清晰/ad显示/v。/wj
侦查/v机关/n所/usuo做/v的/ude1侦查/vn是/vshi真实/a的/ude1，/wd李庄/nr实施/v了/ule威胁/vn、/wn引诱/v改变/v事实/n的/ude1行为/n。/wj
至少/d在/p三/m个/q时间/n及/cc场合/n进行/vx了/ule引诱/v：/wm第一/m是/vshi在/p徐丽军/nr第一/m次/qv到/v上海/ns，/wd根据/p徐丽军/nr和/cc孟某/nr的/ude1证言/n，/wd引诱/v改变/v；/wf紧接着/c签订/v三/m方/q还款/vn协议/n。/wj
进一步/d证实/v，/wd李庄/nr在/p签订/v还款/vn协议/n的/ude1时候/n向/p徐丽军/nr告知/v，/wd只有/c这样/rzv，/wd才/d可以/v收回/v投资/vn款/n。/wj
第二/m场合/n是/vshi在/p开庭/vi的/ude1前期/f，/wd徐丽军/nr、/wn其/rz儿子/n、/wn王某/nr来到/v上海/ns。/wj
李庄/nr进一步/d讲/v到/v投资/vn与/cc借款/n的/ude1差别/n。/wj
称/v投资/v是/vshi拿/v不/d回/v钱/n的/ude1，/wd直接/ad让/v徐丽军/nr将/p款/n说/v成/v借款/n；/wf第三/m场合/n，/wd在/p开庭/vi前/f，/wd证人/n休息室/n，/wd进一步/d进行/vx了/y，/wd仍然/d按/p之前/f将/d投资/v改/v借款/vi的/ude1说法/n。/wj
上述/b三/m个/q场合/n的/ude1行为/n，/wd直接/ad导致/v实际/a危害/vn后果/n的/ude1产生/vn。/wj
李庄/nr这样/rzv的/ude1行为/n，/wd造成/v了/ule怎么样/ryv的/ude1危害/vn后果/n？/ww
这/rzv是/vshi在/p刑事/b诉讼/vn中/f，/wd李庄/nr必须/d为/v他/rr独立/a的/ude1行为/n负/v责任/n，/wd这/rzv是/vshi李庄/nr精心/ad安排/v、/wn策划/v下/vf完成/v的/ude1，/wd使得/vi法庭/n被迫/d将/d案/x件/q择/v期/qv审理/vn。/wj
评议/v孟/b英/b一/m案/x，/wd产生/v了/ule直接/a影响/vn，/wd审判/vn活动/vn不得不/d进一步/d调查/v。/wj
综合/vn以上/f，/wd李/nr1庄/ng主观/n上/f具有/v故意/d，/wd客观/n上/f有/vyou教唆/v行为/n，/wd产生/v了/ule客观/a损害/vn结果/n。/wj
因此/c公诉/vi机关/n指控/v李庄/nr，/wd是/vshi依法/d进行/vx追究/vn的/ude1。/wj
公诉人/n补充/v：/wm事实/n部分/n。/wj
昨天/t及/cc今天/t李庄/nr都/d承认/v，/wd讲/v了/ule借款/n和/cc投资/vn的/ude1区别/n，/wd这个/rz行为/n是/vshi客观/a描述/vn行为/n，/wd还是/c有/vyou目的/n的/ude1引诱/vn行为/n？/ww
通过/p这么/rz多/a证人/n的/ude1证言/n能够/v证明/v，/wd形式/n上/f是/vshi讲/v区别/n。/wj
实质/n上/f给/v一个/mq好处/n，/wd拿/v回/v这个/rz钱/n。/wj
这个/rz方式/n是/vshi什么/ry？/ww
诱导/v的/ude1方式/n，/wd完全/ad符合/v引诱/v证人/n改变/v证言/n的/ude1情况/n。/wj
发表/v完毕/vi。/wj
审判长/n：/wm被告人/n有/vyou新/a观点/n没有/v？/ww
李庄/nr：/wm我/rr站/vi起来/vf说/v，/wd可以/v么/y？/ww
（/wkz起身/vi）/wky我/rr来/vf按/p一/m、/wn二/m、/wn三/m公诉人/n的/ude1顺序/n谈/v一下/mq看法/n和/cc思考/vn。/wj
第一/m位/q公诉人/n：/wm从/p接受/v控告/v到/v立/v案/x，/wd到/v取证/vi到/v这/rzv两/m天/qt开庭/vi，/wd这/rzv时间/n先后/d顺序/n，/wd大家/rr都/d是/vshi了如指掌/vl。/wj
什么/ry时间/n，/wd是/vshi有/vyou时间/n的/ude1，/wd我/rr突然/ad怀疑/v又/d是/vshi周/nr1某某/r搞/v的/ude1鬼/n。/wj
徐丽军/nr的/ude1签名/vn，/wd我/rr再次/d提/v一个/mq调查/vn阶段/n的/ude1请求/n，/wd对/p签字/vn进行/vx司法/n鉴定/vn。/wj
接到/v举报/vn信/n，/wd公安/n机关/n立/v案/x，/wd用/p一/m控/v的/ude1话/n讲/v，/wd我们/rr是/vshi初/d查/v，/wd没有/d正式/ad立/v案/x。/wj
那么/rz一/m辩/vg说/v的/ude1非常/d清楚/a，/wd可以/v初/f查/v，/wd稍后/d立/v案/x，/wd为什么/ryv在/p8月/t份/q才/d出现/v证据/n？/ww
如果/c控告信/n不是/c证据/n，/wd在/p这么/rz大/a的/ude1时间/n跨度/n内/f没有/v证据/n，/wd还/d是/vshi这/rzv封/q信/n，/wd没有/v其它/rz东西/n就/d可以/v立/v案/x了/vi么/y？/ww
这么/rz说/v，/wd从/p形式逻辑/nl上/f，/wd是/vshi完全/ad站/vi不/d住/vi脚/n的/ude1。/wj
无论/c一/m控/v还是/c二/m控/v、/wn三/m控/v，/wd你/rr每当/p说/v到/v依法/d，/wd必须/d说/v清楚/a依/v的/ude1什么/ry法/n，/wd每/rz一个/mq观点/n必须/d得/ude3有/vyou论据/n。/wj
无论是/c什么/ry论点/n，/wd都/d有/vyou论据/n来/vf支撑/v。/wj
如果/c比/p喊/v得/ude3大/a声/ng，/wd我/rr去年/t的/ude1声音/n比/p今年/t高/a八/m度/qv。/wj
有/vyou理/n不/d在/p声/qv高/a，/wd要/v克制/vn。/wj
在/p司法/n状态/n没有/d发生变化/n的/ude1情况/n下/f，/wd这样/rzv不/d科学/a，/wd起码/d是/vshi不/d规范/a的/ude1。/wj
第二/m个/q观点/n，/wd100/m万/m的/ude1所有权/n的/ude1问题/n，/wd是/vshi按/p份/q共有/v还/d是/vshi共同/d共有/v，/wd是/vshi原始/a取得/v还/d是/vshi继/vg受/v取得/v？/ww
民法/n上/f的/ude1规定/n，/wd律师/n比/p公诉人/n了解/v得/ude3多/a。/wj
还是/c二/m控/v和/cc三/m控/v说/v的/ude1好/a，/wd看/v动机/n、/wn事实/n。/wj
我/rr的/ude1主观/a思想/n还是/c让/v证据/n说话/vi，/wd让/v事实/n说话/vi。/wj
我/rr不/d否认/v控/v、/wn辩/vg、/wn被/pbei这/rzv三/m方/q，/wd所有/b发言/vn应该/v有/vyou论据/n支撑/vn，/wd不要/d喊/v口号/n。/wj
一/m控/v的/ude1第三点/m。/wj
我/rr解释/v过/uguo，/wd我/rr干/v过/uguo的/ude1事/n，/wd我/rr坚决/ad承认/v。/wj
我/rr没/d干/v过/uguo的/ude1，/wd打/v死/v也/d不/d认/v。/wj
什么/ry是/vshi投资/v，/wd什么/ry是/vshi借款/n，/wd后果/n是/vshi什么/ry？/ww
任何/rz一个/mq人/n，/wd你/rr要/v是/vshi干/v律师/n，/wd你/rr面对/v徐丽军/nr，/wd你/rr能/v不/d解释/v？/ww
你/rr为什么/ryv不/d往/p好/a里/f猜测/v呢/y？/ww
律师/n任何/rz场合/n都/d有/vyou义务/n宣传/vn社会主义/n法制/n，/wd为什么/ryv不/d行/vi呢/y？/ww
是否/v教唆/v、/wn引诱/v了/y，/wd还要/d看/v其他/rzv的/ude1证据/n线索/n。/wj
我/rr想/v不/d只/d是/vshi针对/p辩/vg方/ng，/wd作为/v控/v方/d也/d应当/v针对/p这/rzv一/m条款/n。/wj
我/rr的/ude1辩护人/n和/cc我/rr本人/rr，/wd多次/mq申请/v证人/n出庭/vi。/wj
无论是/c哪/ry一/m方/q，/wd只要/c能/v说明/v案/x件/q事实/n真相/n。/wj
侦查/v阶段/n，/wd这些/rz证人/n都/d能/v顺利/a地/ude2找到/v。/wj
怎么/ryv开庭/vi时/ng就/d这个/rz留/v置/v，/wd那个/rz不/d在/v？/ww
这/rzv是/vshi我/rr特别/d纠结/vi的/ude1问题/n。/wj
证人/n是否/v有/vyou作证/vi的/ude1能力/n，/wd是否/v吸毒/vi就/d不/d能/v作证/vi了/y？/ww
