就/p一/m天/qt吸/v一/m吨/q，/wd也/d可以/v作证/vi。/wj
但/c跟/p证言/n的/ude1效力/n，/wd不/d是/vshi一/m回/qv事/n。/wj
不/d能/v说/v她/rr有/vyou作证/vi的/ude1能力/n，/wd就/d说/v证言/n有效/a。/wj
公诉人/n犯/v了/ule形式逻辑/nl偷/v换/v概念/n的/ude1错误/n，/wd这个/rz效力/n怎么/ryv评判/v？/ww
这样/rzv的/ude1证言/n，/wd我们/rr为什么/ryv不/d能/v怀疑/v呢/y？/ww
我/rr有/vyou怀疑/vn权/n。/wj
二/m控/v还/d说/v第三/m个/q观点/n，/wd你/rr李庄/nr也/d在/p上海/ns找/v过/uguo徐丽/nr军/n作证/vi，/wd你/rr找/v她/rr就/d行/vi，/wd我们/rr找/v就/d不行/a呢/y？/ww
我/rr想/v说/v，/wd证人/n证言/n到底/d是/vshi真/d是/vshi假/a，/wd我/rr李庄/nr作为/p辩护人/n没有/d判别/v和/cc认定/v，/wd是/vshi骡子/n是/vshi马/n拉/v出来/vf遛/v遛/v。/wj
面对/v如此/rzv强大/a的/ude1国家机器/nl，/wd律师/n会/v显得/v非常/d渺/ng小/a。/wj
律师/n制度/n体现/v了/ule民主/a、/wn法制/n。/wj
你/rr不/d能/v说/v我/rr破坏/v社会主义/n法制/n。/wj
所以/c说/v，/wd就/d看/v你/rr是/vshi怎么样/ryv的/ude1出发点/n和/cc角度/n。/wj
我/rr并/d没有/d说/v，/wd徐丽军/nr的/ude1证言/n就/d是/vshi真/a的/ude1，/wd让/v法庭/n判断/vn。/wj
上海/ns的/ude1法庭/n没有/d采纳/v徐丽军/nr的/ude1证言/n。/wj
今天/t她/rr又/d指控/v我/rr的/ude1证言/n，/wd谁/ry能/v识/v得/ude3破/a，/wd谁/ry敢/v说/v就是/v千真万确/vl的/ude1？/ww
我/rr相信/v公诉人/n不/d敢/v说/v，/wd反正/d我/rr是/vshi不/d敢/v说/v。/wj
另外/c，/wd三/m控/v说/v的/ude1一/m句/q观点/n又/d令/v我/rr激动/a老/a半/m天/qt。/wj
说/v李庄/nr与/p徐丽军/nr之间/f有/vyou利害/n关系/n，/wd是/vshi自然/d形成/v的/ude1。/wj
我/rr不/d知道/v自然/d是/vshi形式逻辑/nl的/ude1还/d是/vshi客观/a规律/n的/ude1自然/n，/wd这/rzv两/m个/q字/n，/wd份量/nz很/d重/a。/wj
你/rr说/v这/rzv句/q话/n，/wd法律/n后果/n是/vshi什么/ry，/wd我/rr觉得/v你/rr没有/d搞/v明白/an。/wj
暂/d且不说/c语言/n上/f有/vyou什么/ry漏洞/n，/wd自然/a的/ude1利害/n关系/n体现/v在/p何处/rys，/wd直接/ad导致/v产生/v法律/n结果/n，/wd很/d微妙/a的/ude1关系/n。/wj
证言/n的/ude1份量/nz，/wd效力/n是/vshi多/m大/a。/wj
你/rr深思/vi一下/mq，/wd对/p我/rr非常/d有利/a。/wj
三/m控/v还/d说/v一/m个/q专业/n术语/n，/wd我/rr把/pba徐丽军/nr作为/v一个/mq作/v案/x对象/n。/wj
在/p这/rzv是否/v恰当/a？/ww
比如说/vl，/wd我/rr的/ude1辩护人/n妨害/v作证/vi罪/n，/wd我/rr上午/t就/d想/v问/v，/wd说/v我/rr居心叵测/vl，/wd到/v底/f被/pbei妨害/v人/n是/vshi谁/ry？/ww
她/rr首先/d是/vshi证人/n，/wd然后/c是/vshi举报人/n。/wj
任何/rz一个/mq人/n都/d可以/v当/p举报人/n，/wd但/c证人/n则/d不然/v。/wj
证人/n是/vshi密切相关/n的/ude1，/wd证明/v案/x件/q事实/n真相/n的/ude1人/n。/wj
你们/rr迟迟/d不/d敢/v回答/v，/wd她/rr首先/d是/vshi证人/n。/wj
另外/c，/wd徐丽军/nr这个/rz证人/n，/wd她/rr的/ude1证明/vn能力/n的/ude1问题/n。/wj
三/m控/v又/d提出/v一个/mq观点/n，/wd是/vshi什么/ry呢/y？/ww
你们/rr辩/vg方/d有/vyou没/d有/vyou徐丽军/nr有/vyou病/n的/ude1证据/n，/wd你们/rr拿/v不/d出来/vf，/wd她/rr就/d有/vyou作为/v证人/n的/ude1能力/n，/wd证言/n有/vyou就/d效/ng。/wj
我/rr认为/v这/rzv是/vshi荒唐/a的/ude1。/wj
当然/d，/wd证人/n的/ude1证言/n有效/a，/wd起码/d要/v证人/n有/vyou资格/n，/wd有/vyou资格/n起码/d要/v没有/v精神/n上/f的/ude1病/n。/wj
徐丽/nr军/n到底/d有/vyou没/d有/vyou病/n，/wd到底/d有/vyou没/d有/vyou作证/vi的/ude1能力/n？/ww
所以/c说/v，/wd对/p这么/rz一个/mq人/n，/wd是否/v应该/v做/v一下/mq司法/n鉴定/vn，/wd控/v方/d为/v什么/ry就/d阻拦/v呢/y？/ww
一审/n就/d这样/rzv了/y，/wd等到/v二审/n时/ng再/d作/v。/wj
我/rr保留/v意见/n。/wj
申请/v做/v这/rzv两/m个/q鉴定/vn。/wj
审判长/n：/wm辩护人/n还/d有/vyou没/d有/vyou意见/n？/ww
斯伟江/nr：/wm首先/c，/wd我/rr要/v感谢/v审判长/n，/wd给/p李庄/nr的/ude1时间/n是/vshi充分/a的/ude1。/wj
这/rzv是/vshi很/d难/ad做到/v的/ude1。/wj
公诉人/n对/p辩护人/n讲/v到/v的/ude1，/wd很多/m都/d没有/v回应/vn，/wd可能/v也/d是/vshi认可/vi了/y。/wj
关于/p服刑/vi，/wd李庄/nr是/vshi在/p看守所/n服刑/vi，/wd监狱/n的/ude1入/v所/q手续/n都/d没有/d办/v完/vi，/wd就/d被/pbei提/v回去/v了/y。/wj
难道/d在/p监狱/n里/f就/d不/d能/v侦查/v了/ule么/y？/ww
同样/d是/vshi中国共产党/nt领导/n的/ude1机关/n。/wj
以/p审判/v为/p中心/n的/ude1管辖/vn，/wd公安/n机关/n如果/c发现/v犯罪/vn线索/n是/vshi属于/v法院/n管辖/v的/ude1，/wd那么/c，/wd我/rr公安/n机关/n也/d可以/v立/v案/x。/wj
从来/d没有/v这样/rzv的/ude1做法/n。/wj
公诉人/n的/ude1这种/r观点/n，/wd是/vshi没有/v依据/n的/ude1。/wj
这样/rzv的/ude1玩弄/v法律/n，/wd李庄/nr说/v他/rr能/v接受/v，/wd我/rr接受/v不/d了/y。/wj
关于/p并/cc案/x，/wd得/v有/vyou两/m个/q案/x子/ng，/wd你/rr明显/ad是/vshi虚构/v了/ule一个/mq案/x子/ng。/wj
重庆/ns可以/v这样/rzv做/v，/wd上海/ns也/d可以/v，/wd那么/c《/wkz刑事诉讼法/n》/wky的/ude1地域/n管辖/v还/d要/v不/d要/v？/ww
因此/c，/wd不管/c法院/n怎么/ryv判/v，/wd都/d是/vshi违反/v程序/n的/ude1。/wj
唯一/b的/ude1作法/n是/vshi将/p本/n案/x退回/v检察院/n。/wj
真正/d需要/v进行/vx警示/vn教育/vn的/ude1不/d是/vshi李庄/nr，/wd而是/c本/d案/x的/ude1办/v案/x机关/n。/wj
公诉人/n还/d说/v财产/n共有/v，/wd但是/c判决/v中/f明确/ad认定/v100/m万/m元/q资金/n额/n是/vshi王/nr1某某/r的/ude1。/wj
公诉人/n说/v徐丽军/nr与/p王/nr1某某/r共同/d共有/v，/wd依据/n何在/vi？/ww
难道/d徐丽军/nr说/v是/vshi她/rr的/ude1，/wd就是/v么/y？/ww
要/v有/vyou证据/n的/ude1。/wj
这个/rz漏洞/n，/wd你/rr无论如何/dl是/vshi过不去/vi的/ude1。/wj
徐丽军/nr在/p2008年/m时/ng能/v出庭/vi作证/vi，/wd不/d能/v表示/v2010年/m时/ng还/d是/vshi神志/n清楚/a的/ude1。/wj
你/rr要/v证据/n？/ww
控告/v书/n是/vshi她/rr亲笔/d签字/vi的/ude1，/wd这/rzv不/d是/vshi证据/n么/y？/ww
你/rr可以/v说/v，/wd当作/v没/d看见/v。/wj
在/p我/rr眼里/s这/rzv是/vshi过滤/v不/d掉/v的/ude1。/wj
2008年/m徐丽军/nr是/vshi出庭/vi作证/vi的/ude1，/wd你们/rr要/v是/vshi也/d一样/uyy让/v她/rr出庭/vi作证/vi，/wd我们/rr没/v意见/n。/wj
朱/nr1某某/r的/ude1案/x子/ng当中/f，/wd徐丽军/nr说/v李/nr1庄/ng引诱/v其/rz作/v假证/n，/wd但/c我们/rr是/vshi有/vyou录音/vn的/ude1。/wj
既然/c徐丽军/nr对/p朱/nr1某某/r这/rzv部分/m已经/d说谎/vi了/y，/wd另/rz一/m部分/n会/v是/vshi真/a的/ude1么/y？/ww
按/p常理/n推断/v也/d同样/d是/vshi说谎/vi的/ude1。/wj
第二/m公诉人/n说/v的/ude1还/d是/vshi不错/a的/ude1，/wd你/rr说/v到/v三/m个/q场合/n，/wd支撑/v的/ude1证据/n仅/d有/vyou徐丽军/nr母子/n的/ude1证言/n。/wj
审判长/n：/wm另/rz一/m位/q辩护人/n有/vyou没/d有/vyou意见/n？/ww
杨/nr1学林/nz：/wm有/vyou。/wj
关于/p李庄/nr是否/v明知/v是/vshi投资/v款/n而/cc不/d是/vshi借款/n的/ude1问题/n，/wd我们/rr只/d拿/v民事/b判决/vn来/f分析/v。/wj
因为/p民事/b判决/vn中/f确认/v的/ude1是/vshi投入/v的/ude1资金/n额/n，/wd对/p这个/rz判决/vn进行/vx分析/vn的/ude1话/n，/wd要是/c我/rr帮/v徐丽军/nr代理/v去/vf打/v一个/mq股权/n官司/n，/wd她/rr说/v让/v她/rr成为/v股东/n，/wd我/rr觉得/v我/rr是/vshi办/v不/d了/vi的/ude1。/wj
我/rr无论如何/dl是/vshi无法/v将/p其/rz理解/v成/v投资/vn的/ude1。/wj
如果/c这样/rzv理解/v，/wd法官/n会/v笑话/n我/rr，/wd因为/c投入/v的/ude1资金/n额/n与/cc投资/vn完全/ad是/vshi两/m个/q概念/n。/wj
在/p此/rzs，/wd我/rr要/v纠正/v一下/mq公诉/vi方/ng的/ude1一个/mq观点/n，/wd不要/d总是/d让/v我们/rr看法/n条/q、/wn看法/n条/q，/wd我/rr希望/v你们/rr也/d应当/v看法/n条/q、/wn看法/n条/q。/wj
下面/f，/wd我们/rr再/d来/vf看看/v控/v、/wn辩/vg双方/n证据/n体系/n的/ude1力量/n对比/vn。/wj
