第五/m组/q证据/n是/vshi户口簿/n一/m本/q、/wn出生/vn医学/n证明/v一/m份/q，/wd用以/d证明/v原告/n李某/nr平/v因/p本次/r交通事故/n受伤/vi致/v残/a，/wd应/v对/p被/pbei扶养/v人/n吴淼淼/nr承担/v抚养费/n。/wj
第/m六/m组/q证据/n是/vshi事故/n现场/s照片/n三/m张/q，/wd用以/d证明/v当时/t事故/n发生/v后/f原告/n的/ude1踏板/n摩托车/n已/d被/pbei扶/v起/vf。/wj
审/v：/wm由/p被告/n分别/d质证/v？/ww
第一/m被告/n：/wm对/p第一/m组/q证据/n中/b身份证/n、/wn包某/nr平和/a包/n某/rz福/n的/ude1询问/vn笔录/n的/ude1真实性/n、/wn合法性/n、/wn关联性/n均/d没有/v异议/n。/wj
对/p第二/m组/q证据/n中/b道路交通/n事故/n认定书/n的/ude1真实性/n、/wn合法性/n、/wn关联性/n均/d没有/v异议/n；/wf对/p《/wkz道路交通/n事故/n复核/vn申请表/n》/wky、/wn《/wkz道路交通/n事故/n复核/vn结论/n》/wky、/wn《/wkz道路交通/n事故/n证明/v》/wky的/ude1真实性/n、/wn合法性/n、/wn关联性/n均/d没有/v异议/n。/wj
对/p第三/m组/q证据/n中/b事故/n现场/s照片/n的/ude1真实性/n、/wn合法性/n、/wn关联性/n均/d没有/v异议/n；/wf对/p车辆/n痕迹/n司法/n检验报告/n的/ude1真实性/n、/wn合法性/n没有/v异议/n，/wd对/p关联性/n有/vyou异议/n，/wd只/d是/vshi两/m车/n相/d碰撞/v，/wd我/rr骑/v行/vi的/ude1摩托车/n左边/f碰到/v原告/n摩托车/n的/ude1左边/f，/wd原告/n的/ude1摩托车/n前/f灯/n是/vshi脱落/v了/y，/wd我/rr的/ude1摩托车/n前/f灯/n也/d有/vyou损坏/vn；/wf对/p李某/nr平/v、/wn赵美珍/nr、/wn申伟/nr、/wn何更雷/nr的/ude1询问/vn笔录/n的/ude1真实性/n、/wn合法性/n、/wn关联性/n均/d有/vyou异议/n，/wd我/rr只是/d在/p碰撞/vn后/f将/p我/rr骑/v的/ude1摩托车/n扶/v起来/vf了/ule但/c没/d移动/v位置/n，/wd我/rr没/d移动/v原告/n的/ude1摩托车/n。/wj
对/p第四/m组/q证据/n中/f南昌市/ns第三/m医院/n出院/vi记录/v的/ude1真实性/n、/wn合法性/n、/wn关联性/n均/d没有/v异议/n；/wf对/p南昌市/ns洪/ng都/d中医院/n门诊/n收据/n和/cc南昌/ns大学/n第二/m附属/vn医院/n出院/vi记录/v的/ude1门诊/n收据/n、/wn住院费/n发票/n，/wd我/rr不/d知道/v也/d不/d清楚/a；/wf对/p司法/n鉴定/vn意见/n书/n，/wd我/rr不/d知道/v这/rzv份/q鉴定/vn是/vshi怎么/ryv作出/v的/ude1；/wf对/p鉴定/vn费/n发票/n、/wn修/v车费/n发票/n，/wd都/d是/vshi原告/n自己/rr去/vf鉴定/v和/cc修车/v的/ude1，/wd我/rr不/d知道/v。/wj
对/p第五/m组/q证据/n，/wd我/rr看/v不/d懂/v。/wj
对/p第六/m组/q证据/n的/ude1真实性/n、/wn合法性/n和/cc关联性/n均/d没有/v异议/n，/wd原告/n的/ude1摩托车/n位置/n与/p当时/t事发/vi情况/n不符/v，/wd我/rr骑/v行/vi的/ude1摩托车/n位置/n与/p当时/t事发/vi情况/n相符/vi，/wd原告/n本人/rr的/ude1位置/n与/p当时/t事发/vi情况/n相符/vi。/wj
第二/m被告/n：/wm对/p第一/m组/q证据/n中/b身份证/n、/wn包某/nr平和/a包/n某/rz福/n的/ude1询问/vn笔录/n的/ude1真实性/n、/wn合法性/n、/wn关联性/n均/d没有/v异议/n。/wj
对/p第二/m组/q证据/n中/b道路交通/n事故/n认定书/n的/ude1真实性/n、/wn合法性/n、/wn关联性/n均/d没有/v异议/n；/wf对/p《/wkz道路交通/n事故/n复核/vn申请表/n》/wky、/wn《/wkz道路交通/n事故/n复核/vn结论/n》/wky、/wn《/wkz道路交通/n事故/n证明/v》/wky的/ude1真实性/n、/wn合法性/n、/wn关联性/n均/d没有/v异议/n。/wj
对/p第三/m组/q证据/n中/b事故/n现场/s照片/n的/ude1真实性/n、/wn合法性/n、/wn关联性/n均/d没有/v异议/n；/wf对/p车辆/n痕迹/n司法/n检验报告/n的/ude1真实性/n、/wn合法性/n没有/v异议/n，/wd对/p关联性/n有/vyou异议/n，/wd只/d是/vshi两/m车/n相/d碰撞/v，/wd我/rr骑/v行/vi的/ude1摩托车/n左边/f碰到/v原告/n摩托车/n的/ude1左边/f，/wd原告/n的/ude1摩托车/n前/f灯/n是/vshi脱落/v了/y，/wd我/rr的/ude1摩托车/n前/f灯/n也/d有/vyou损坏/vn；/wf对/p李某/nr平/v、/wn赵美珍/nr、/wn申伟/nr、/wn何更雷/nr的/ude1询问/vn笔录/n的/ude1真实性/n、/wn合法性/n、/wn关联性/n均/d有/vyou异议/n，/wd包/v某/rz平/a只是/c在/p碰撞/vn后/f将/d包/v某/rz平/v骑/v的/ude1摩托车/n扶/v起来/vf了/ule但/c没/d移动/v位置/n，/wd包/v某/rz平/v没/v移动/vn原告/n的/ude1摩托车/n。/wj
对/p第四/m组/q证据/n中/f南昌市/ns第三/m医院/n出院/vi记录/v的/ude1真实性/n、/wn合法性/n、/wn关联性/n均/d没有/v异议/n；/wf对/p南昌市/ns洪/ng都/d中医院/n门诊/n收据/n和/cc南昌/ns大学/n第二/m附属/vn医院/n出院/vi记录/v的/ude1门诊/n收据/n、/wn住院费/n发票/n，/wd我/rr不/d知道/v也/d不/d清楚/a；/wf对/p司法/n鉴定/vn意见/n书/n，/wd我/rr不/d知道/v这/rzv份/q鉴定/vn是/vshi怎么/ryv作出/v的/ude1；/wf对/p鉴定/vn费/n发票/n、/wn修/v车费/n发票/n，/wd我/rr不/d知道/v，/wd都/d是/vshi原告/n自己/rr去/vf鉴定/v和/cc修车/v的/ude1。/wj
对/p第五/m组/q证据/n，/wd我/rr看/v不/d懂/v。/wj
对/p第六/m组/q证据/n的/ude1真实性/n、/wn合法性/n和/cc关联性/n均/d没有/v异议/n，/wd原告/n的/ude1摩托车/n位置/n与/p当时/t事发/vi情况/n不符/v，/wd包/v某/rz平/v骑/v行/vi的/ude1摩托车/n位置/n与/p当时/t事发/vi情况/n相符/vi，/wd原告/n本人/rr的/ude1位置/n与/p当时/t事发/vi情况/n相符/vi。/wj
审/v：/wm第一/m、/wn第二/m被告/n，/wd你们/rr是否/v申请/v对/p原告/n的/ude1伤残/vn程度/n、/wn后续/vn治疗费/n、/wn全/d休/v时间/n、/wn营养/n期限/n、/wn护理/vn期限/n进行/vx重新/d鉴定/v？/ww
第一/m、/wn第二/m被告/n：/wm不/d申请/v。/wj
审/v：/wm对/p被告/n未/d提出/v异议/n的/ude1证据/n，/wd合议庭/n予以/vx确认/vn；/wf对/p被告/n提出/v异议/n的/ude1证据/n，/wd合议庭/n暂/d不/d予/vg确认/v，/wd待/vi合议庭/n评议/vn后/f再/d依法/d予以/vx认定/vn。/wj
原告/n继续/v出示/v证据/n？/ww
原告/n：/wm我方/r举/v证/n完毕/vi。/wj
审/v：/wm现在/t由/p被告/n出示/v证据/n。/wj
先/d由/p第一/m被告/n出示/v证据/n？/ww
第一/m被告/n：/wm我/rr方/d的/ude1证据/n就/d是/vshi急救/v费/nr1发票/n一/m份/q、/wn医疗费/n票据/n五/m份/q，/wd用以/d证明/v事发/vi后/f被告/n包/v某/rz平/v垫付/v原告/n李/nr1某/rz平/a急救/vn费/n、/wn医疗费/n共计/v2727/m元/q。/wj
审/v：/wm由/p原告/n和/cc第二/m被告/n质证/v？/ww
原告/n：/wm对/p上述/b证据/n的/ude1真实性/n、/wn合法性/n、/wn关联性/n均/d没有/v异议/n。/wj
第二/m被告/n：/wm对/p上述/b证据/n的/ude1真实性/n、/wn合法性/n、/wn关联性/n均/d没有/v异议/n。/wj
审/v：/wm由于/p原告/n和/cc第二/m被告/n对/p上述/b证据/n均/d未/d提出/v异议/n，/wd合议庭/n对/p上述/b证据/n予以/vx确认/vn。/wj
第一/m被告/n继续/v出示/v证据/n？/ww
第一/m被告/n：/wm我方/r举/v证/n完毕/vi。/wj
审/v：/wm由/p第二/m被告/n出示/v证据/n？/ww
第二/m被告/n：/wm我方/r没有/v证据/n提供/v。/wj
审/v：/wm原/b、/wn被告/n是否/v还/d有/vyou证据/n向/p法庭/n提供/v？/ww
原告/n：/wm没有/v。/wj
第一/m被告/n：/wm没有/v。/wj
第二/m被告/n：/wm没有/v。/wj
审/v：/wm审理/v过程/n中/f，/wd合议庭/n依法/d向/p南昌市/ns公安局/n交通/n管理局/n湾/ng里/f大队/n调/v取/v了/ule道路交通/n事故/n现场/s图/n三/m份/q、/wn道路交通/n事故/n现场/s照片/n十四/m张/q和/cc李某/nr平/v2012年/m9月/t20日/t所/usuo作/v的/ude1询问/vn笔录/n，/wd现在/t由/p原/b、/wn被告/n分别/d质证/v？/ww
原告/n：/wm对/p根据/p李某/nr平/v指/v认/v绘制/v的/ude1道路交通/n事故/n现场/s图/n的/ude1真实性/n、/wn合法性/n和/cc关联性/n均/d没有/v异议/n；/wf对/p根据/p包/v某/rz平/v指/v认/v绘制/v的/ude1道路交通/n事故/n现场/s图/n的/ude1真实性/n、/wn合法性/n和/cc关联性/n均/d有/vyou异议/n，/wd交警/n绘制/v不/d能/v肯定/v事发/vi时/ng刹车/n印/ng，/wd只是/d说/v是/vshi可疑/a的/ude1；/wf对/p根据/p证人/n赵美珍/nr指/v认/v绘制/v的/ude1道路交通/n事故/n现场/s图/n的/ude1真实性/n、/wn合法性/n和/cc关联性/n均/d没有/v异议/n。/wj
对/p十四/m张/q道路交通/n事故/n现场/s照片/n中/f第一/m张/q照片/n的/ude1真实性/n、/wn合法性/n和/cc关联性/n均/d有/vyou异议/n，/wd事发/vi时/ng原告/n的/ude1摩托车/n不/d是/vshi在/p这个/rz位置/n，/wd也/d不/d是/vshi立/v起来/vf的/ude1，/wd恰恰/d证明/v被告/n的/ude1摩托车/n是/vshi移动/v了/ule位置/n的/ude1；/wf对/p第二/m、/wn第三/m、/wn第八/m、/wn第九/m、/wn第十/m、/wn第十一/m、/wn第十二/m、/wn第十三/m、/wn第十四/m张/q照片/n的/ude1真实性/n、/wn合法性/n和/cc关联性/n均/d没有/v异议/n；/wf对/p第四/m、/wn第五/m、/wn第六/m、/wn第七/m张/q照片/n的/ude1真实性/n、/wn合法性/n和/cc关联性/n均/d没有/v异议/n，/wd恰恰/d证明/v被告/n指/v认/v的/ude1位置/n是/vshi原告/n着/uzhe地/n的/ude1位置/n，/wd并非/v碰撞/v发生/v的/ude1位置/n。/wj
