审/v：/wm根据/p《/wkz中华人民共和国/ns民事/b诉讼法/n》/wky的/ude1有关/vn规定/n，/wd本/rz案/x由/p本/rz院/n助理/n审判员/n适用/vi简易/a程序/n独/d任/v审理/v，/wd书记员/n担任/v记录/n。/wj
审/v：/wm根据/p《/wkz中华人民共和国/ns民事/b诉讼法/n》/wky第五十/m条/q、/wn第五十一/m条/q、/wn第五十二/m条/q、/wn第一百零七/m条/q之/uzhi规定/n，/wd民事/b诉讼/vn当事人/n有/vyou以下/f诉讼/vn权利/n和/cc义务/n：/wm（/wkz一/m）/wky有/vyou就/d案/x件/q事实/n进行/vx陈述/vn和/cc申辩/vi的/ude1权利/n；/wf（/wkz二/m）/wky有/vyou委托/vn代理人/n，/wd收集/v、/wn提供/v证据/n、/wn进行/vx辩论/vn，/wd请求/v调解/vn，/wd提起/v上诉/v，/wd申请/v执行/v的/ude1权利/n；/wf（/wkz三/m）/wky原告/n可以/v放弃/v或者/c变更/v诉讼/vn请求/n，/wd被告/n可以/v承认/v、/wn反驳/vn原告/n诉讼/vn请求/n，/wd有/vyou权/n提起/v反诉/vi；/wf（/wkz四/m）/wky双方/n当事人/n必须/d依法/d行使/v诉讼/vn权利/n，/wd遵守/v诉讼/vn秩序/n，/wd未经/d助理/n审判员/n同意/v不得/vi擅自/d发言/vi；/wf（/wkz五/m）/wky原告/n未经/d法庭/n许可/vn中途/d退庭/v的/ude1，/wd可/v按/p撤诉/vi处理/v，/wd被告/n未经/d法庭/n许可/vn中途/d退庭/v的/ude1，/wd可以/v缺席/vd判决/v；/wf（/wkz六/m）/wky双方/n当事人/n有/vyou义务/n自觉/ad履行/v发生/v法律/n效力/vi的/ude1判决/vn、/wn裁定/vn和/cc调解书/n，/wd并/cc按规定/n缴纳/v诉讼/vn费用/n。/wj
审/v：/wm原/b、/wn被告/n对/p诉讼/vn权利/n、/wn义务/n是否/v清楚/a？/ww
原告/n：/wm清楚/a。/wj
被告/n：/wm清楚/a。/wj
审/v：/wm在/p庭审/v过程/n中/f，/wd当事人/n除/p享有/v以上/f诉讼/vn权利/n以外/f，/wd还有/v申请/v审判/vn人员/n及/cc有关/vn人员/n回避/v的/ude1权利/n。/wj
如果/c你们/rr认为/v法庭/n审判/vn人员/n、/wn书记员/n与/cc本/n案/x有/vyou直接/a利害/n关系/n或者/c有/vyou其他/rzv关系/n，/wd可能/v影响/v公正/a审判/vn的/ude1，/wd可以/v提出/v事实/n或/c理由/n申请/v回避/v。/wj
审/v：/wm原告/n是否/v申请/v回避/v？/ww
原告/n：/wm不/d申请/v回避/v。/wj
审/v：/wm被告/n是否/v申请/v回避/v？/ww
被告/n：/wm不/d申请/v回避/v。/wj
审/v：/wm现在/t进行/vx法庭/n调查/vn。/wj
先/d由/p原告/n简要/ad陈述/v起诉/v的/ude1请求/n和/cc理由/n，/wd或者/c宣读/v起诉/v状/ng。/wj
原告/n：/wm（/wkz略/d，/wd详/ag见/v起/vf诉状/n）/wky诉讼/vi请求/v：/wm1./m判/v令/v被告/n赔偿/vn原告/n医疗费/n800/m元/q、/wn误工/vn费/n300/m元/q、/wn营养/n费/v1500/m元/q、/wn精神损失费/n1000/m元/q，/wd共计/v3600/m元/q；/wf2./m由/p被告/n承担/v本/n案/x的/ude1诉讼费/n及/cc原告/n支出/n的/ude1取证/vn费/n等/udeng各项/r费用/n。/wj
审/v：/wm现在/t由/p被告/n针对/p原告/n起诉/vn中/f的/ude1请求/n和/cc理由/n作出/v承认/v或者/c否认/v的/ude1答辩/vn。/wj
被告/n：/wm第一/m，/wd原告/n付/v某/rz娇/a在/p起/vf诉状/n中/f声称/v的/ude1绝大部分/m不/d是/vshi事实/n，/wd其中/rz部分/n是/vshi原告/n付/v某/rz娇/a的/ude1捏造/v而已/y。/wj
第二/m，/wd被告/n没有/d殴打/v原告/n付/v某/rz娇/a，/wd付/v某/rz娇/a的/ude1伤/n完全/ad是/vshi其/rz自己/rr在/p抢/v三/m脚/n毛/nr1铁/n架子/n时/ng自己/rr造成/v的/ude1。/wj
第三/m，/wd被告/n丝毫/m没有/d侵害/v原告/n付/v某/rz娇/a的/ude1健康/a权/n，/wd不/d应/v承担/v任何/rz赔偿/vn责任/n。/wj
（/wkz详/ag见/v答辩/vi状/ng）/wky第四/m，/wd原告/n的/ude1诉讼/vn请求/n没有/v法律/n依据/n。/wj
原告/n的/ude1医疗费/n与/cc被告/n无关/v，/wd原告/n未/d住院/vi，/wd误工/vn费/n和/cc营养/n费/n均/d不/d能/v主张/n，/wd精神损失费/n于/p法/n无/v据/p，/wd诉讼费/n和/cc原告/n取证/vn费/n由/p原告/n承担/v。/wj
审/v：/wm根据/p《/wkz最高人民法院/nt关于/p适用/a简易/a程序/n审理/v民事/b案/x件/q的/ude1规定/n》/wky的/ude1有关/vn规定/n，/wd健康/a权/n纠纷/n案/x件/q开庭/vi时/ng应当/v先行/vd调解/v。/wj
审/v：/wm原/b、/wn被告/n是否/v愿意/v调解/v？/ww
原告/n：/wm愿意/v。/wj
被告/n：/wm愿意/v。/wj
审/v：/wm先/d由/p原告/n发表/v调解/v方/q案/x？/ww
原告/n：/wm我方/r要求/n被告/n赔偿/vn医疗费/n和/cc营养/n费/n，/wd数额/n可以/v协商/vn。/wj
其余/rz费用/n可以/v放弃/v。/wj
审/v：/wm由/p被告/n发表/v调解/vn意见/n？/ww
被告/n：/wm我方/r不/d应/v承担/v医疗费/n，/wd营养/n费/n可以/v适当/ad赔偿/v100/m元/q。/wj
审/v：/wm原告/n是否/v同意/v被告/n上述/b调解/vn意见/n？/ww
原告/n：/wm不/d同意/v。/wj
审/v：/wm鉴于/p双方/n分歧/n较/d大/a，/wd无法/v调解/vn，/wd现在/t继续/v开庭/vi。/wj
由/p原/b、/wn被告/n双方/n举/ng证/n、/wn质证/v。/wj
举/v证/n应/v围绕/v自己/rr的/ude1主张/n进行/vx，/wd按/p顺序/n一一列举/vl，/wd将/p证据/n的/ude1出处/n、/wn证据/n的/ude1名称/n及/cc证明/v目的/n逐一/d表述/v，/wd质证/v时/ng质证/v方/d应/v围绕/v证据/n的/ude1真实性/n、/wn合法性/n、/wn关联性/n及/cc证据/n的/ude1证明/vn力/n大/a小/a简要/ad阐述/v自己/rr的/ude1观点/n。/wj
所有/b证据/n应/v在/p质证/v阶段/n出示/v，/wd否则/c本/rz庭/ng不/d予以/vx认证/vn。/wj
先/d由/p原告/n出示/v证据/n？/ww
原告/n：/wm第一/m组/q证据/n是/vshi处方笺/n二/m份/q、/wn收费/vn收据/n五/m份/q、/wn门诊/n收据/n二/m份/q，/wd用以/d证明/v原告/n付/v某/rz娇/a用/v去/vf医疗费/n706/m元/q。/wj
第二/m组/q证据/n是/vshi人体/n损伤/v检验/v证明/v一/m份/q，/wd用以/d证明/v原告/n的/ude1伤情/n构成/v轻微/ad伤/v甲级/b，/wd诊治/v费用/n为/p800/m元/q。/wj
审/v：/wm由/p被告/n分别/d质证/v？/ww
被告/n：/wm对/p第一/m组/q证据/n的/ude1真实性/n、/wn合法性/n、/wn关联性/n有/vyou异议/n，/wd处方笺/n没有/v医疗/n机构/n盖章/vi，/wd也/d显示/v不/d出/vf是/vshi什么/ry医疗/n机构/n出具/v的/ude1；/wf收费/vn收据/n未/d加/v盖/v诊所/n章/q；/wf原告/n未经/d任何/rz人/n允许/v到/v新建县/ns做/vCT/x，/wd不/d符合规定/n。/wj
对/p第二/m组/q证据/n的/ude1真实性/n、/wn合法性/n、/wn关联性/n均/d有/vyou异议/n，/wd根据/p有关/vn规定/n，/wd公安/n机关/n的/ude1验/v伤/v报告/n不/d能/v作为/p法院/n审理/v民事/b案/x件/q的/ude1证据/n，/wd而/cc应/v由/p法定/b鉴定/vn机构/n进行/vx司法/n鉴定/vn。/wj
审/v：/wm对/p被告/n未/d提出/v异议/n的/ude1证据/n，/wd本庭/nrf予以/vx确认/vn；/wf对/p被告/n提出/v异议/n的/ude1证据/n，/wd本庭/nrf暂/d不/d予/vg确认/v，/wd待/vi本庭/nrf结合/v其他/rzv证据/n并/cc综合/vn整个/b案/x情/n后/f再/d依法/d予以/vx认定/vn。/wj
原告/n继续/v出示/v证据/n？/ww
原告/n：/wm我方/r举/v证/n完毕/vi。/wj
审/v：/wm现在/t由/p被告/n出示/v证据/n？/ww
被告/n：/wm我方/r没有/v书面/b证据/n提供/v，/wd现在/t申请/v证人/n刘金水/nr出庭/vi作证/vi，/wd证明/v原告/n付/v某/rz娇/a在/p起/vf诉状/n中/f声称/v的/ude1不/d是/vshi事实/n，/wd而是/c对/p是非/n的/ude1颠倒/vn。/wj
（/wkz传/v证人/n刘金水/nr出庭/vi）/wky审/v：/wm证人/n姓名/n等/udeng基本/a情况/n？/ww
证人/n：/wm刘金水/nr，/wd男/b，/wd1952年/m6月/t22日/t出生/vi，/wd汉族/nz，/wd江西省/ns南昌市/ns人/n，/wd湾/ng里/f天安/nz檀香/n厂/n职工/n，/wd户籍地/n江西省/ns南昌市/ns湾里区/ns太平镇/ns团/n山村/n何/ry家/q自然村/n2/b号/n，/wd现/tg住/vi江西省/ns南昌市/ns湾里区/ns招贤/v镇/n下/f泽/ag村/n坑/n头/n王/nr1家/n自然村/n。/wj
公民身份/n号码/n：/wm360105195206222517/m。/wj
审/v：/wm依照/p《/wkz中华人民共和国/ns民事/b诉讼法/n》/wky的/ude1有关/vn规定/n，/wd证人/n在/p作证/vi时/ng，/wd应/v客观/a、/wn公正/a地/ude2提供/v证言/n，/wd如/c有意/d歪曲/v事实/n真相/n，/wd提供/v虚假/ad证明/v，/wd将/d追究/v法律/n责任/n，/wd同时/c，/wd证人/n，/wd你/rr有/vyou权/n拒绝/v回答/v与/p本/n案/x无关/v的/ude1提问/vn。/wj
证人/n刘金水/nr，/wd你/rr是否/v清楚/a？/ww
证人/n：/wm清楚/a。/wj
审/v：/wm请/v证人/n宣读/v证人/n出庭/vi作证/vi保证书/n。/wj
证人/n：/wm（/wkz宣读/v证人/n出庭/vi作证/vi保证书/n）/wky审/v：/wm证人/n刘金水/nr，/wd你/rr与/p原告/n之间/f是/vshi什么/ry关系/n？/ww
证人/n：/wm湾/v里/f天安/nz檀香/n厂/n的/ude1同事/n。/wj
