第二/m，/wd原告/n的/ude1损伤/vn后果/n应/v由/p其/rz雇主/n承担/v，/wd原告/n不/d应/v向/p被告/n主张/v赔偿/vn，/wd而/cc应/v向/p厂/n里/f主张/v。/wj
审/v：/wm现在/t由/p原/b、/wn被告/n双方/n作/v最后/f陈述/v。/wj
原告/n：/wm请求/v法庭/n依法/d支持/v原告/n的/ude1诉讼/vn请求/n。/wj
被告/n：/wm请求/v法庭/n依法/d驳回/v原告/n的/ude1全部/m诉讼/vn请求/n。/wj
审/v：/wm根据/p《/wkz中华人民共和国/ns民事/b诉讼法/n》/wky的/ude1有关/vn规定/n，/wd现在/t由/p本庭/nrf主持/v双方/n调解/vn。/wj
原告/n是否/v愿意/v调解/v？/ww
原告/n：/wm愿意/v。/wj
审/v：/wm被告/n是否/v愿意/v调解/vn意见/n？/ww
被告/n：/wm愿意/v。/wj
审/v：/wm原告/n的/ude1调解/vn方/d案/x是否/v有/vyou变更/v？/ww
原告/n：/wm我方/r只/d要求/v被告/n赔偿/vn医疗费/n800/m元/q。/wj
审/v：/wm由/p被告/n发表/v调解/vn意见/n？/ww
被告/n：/wm我方/r只/d同意/v赔偿/vn原告/n营养/n费/v100/m元/q。/wj
审/v：/wm原告/n是否/v同意/v被告/n上述/b调解/vn意见/n？/ww
原告/n：/wm不/d同意/v。/wj
审/v：/wm由于/p原/b、/wn被告/n分歧/n太/d大/a，/wd无法/v调解/vn。/wj
本庭/nr2将/d依法/d裁判/v。/wj
裁判/n前/f，/wd本庭/nrf将/d充分考虑/n各方/r当事人/n的/ude1意见/n。/wj
本/rz案/x另/d定/v日期/n宣判/vn。/wj
现在/t宣布/v休庭/v（/wkz敲击/v法/n槌/ng）/wky。/wj
庭审/v笔录/n原/b、/wn被告/n及/cc诉讼/vn代理人/n阅/vg后/f签字/vi。/wj
书/n：/wm全体/n起立/vi，/wd请/v助理/n审判员/n退庭/v。/wj
书/n：/wm请/v当事人/n和/cc旁听/v人员/n退庭/v。/wj
当事人/n签名/vi：/wm审判/vn人员/n签名/vi：/wm书记员/n：/wm查明/v诉讼/vi参加/v人/n到/v庭/ng情况/n。/wj
原告/n：/wm吴某/nr保/v（/wkz到/v庭/ng）/wky第一/m被告/n：/wm黄某/nr平/v（/wkz到/v庭/ng）/wky诉讼/vn代理人/n：/wm陈某/nr（/wkz到/v庭/ng）/wky第二/m被告/n：/wm过/d某/rz春/tg（/wkz未/d到/v庭/ng）/wky书/n：/wm请/v当事人/n及其/cc诉讼/vn代理人/n入/v庭/ng就/d坐/v。/wj
书/n：/wm请/v肃静/an！/wt
下面/f宣布/v法庭/n纪律/n：/wm根据/p《/wkz中华人民共和国/ns人民法院/nl法庭/n规则/n》/wky的/ude1有关/vn规定/n，/wd下列/b人员/n不得/vi旁听/v开庭/vi：/wm（/wkz一/m）/wky未成年人/n（/wkz经/p法院/n批准/v的/ude1除外/vi）/wky；/wf（/wkz二/m）/wky精神/n病人/n和/cc醉/v酒/n的/ude1人/n；/wf（/wkz三/m）/wky其他/rzv不宜/v旁听/v的/ude1人/n。/wj
当事人/n及其/cc他/rr诉讼/vi参与/v人/n、/wn旁听/v人员/n必须/d遵守/v下列/b纪律/n：/wm1./m未经/d审判长/n许可/vi，/wd不得/vi录音/vi、/wn录像/n和/cc摄影/vn；/wf2./m不得/vi随意/ad走动/vi，/wd未经/d审判长/n许可/vi，/wd不准/v进入/v或/c退出/v审判/vn区/n；/wf3./m未经/d审判长/n许可/vi，/wd不得/vi发言/vi、/wn提问/vn，/wd发言/vn提问/vn时/ng不/d准/a使用/vn侮辱性/n、/wn攻击性/n语言/n；/wf4./m不得/vi鼓掌/vi、/wn喧哗/vi、/wn哄/v闹/v和/cc实施/v其他/rzv妨害/v审判/vn活动/vn的/ude1行为/n；/wf5./m证人/n到/v证人/n室/n听候/v通知/n，/wd不得/vi参加/v旁听/v；/wf6./m所有/b人员/n庭审/v期间/f禁止/v使用/v移动/vn电话/n、/wn传呼机/n、/wn对讲机/n等/udeng通讯/n工具/n；/wf7./n所有/b人员/n庭审/v期间/f禁止/v吸烟/vi。/wj
书/n：/wm全体/n起立/vi！/wt
请/v审判长/n、/wn助理/n审判员/n、/wn人民/n陪审员/n入/v庭/ng就/d坐/v。/wj
审判长/n：/wm请/v坐/v下/vf！/wt
书/n：/wm报告/n审判长/n，/wd参加/v诉讼/vi的/ude1当事人/n已/d入/v庭/ng就/d坐/v，/wd庭审/v准备/vn工作/vn就绪/vi，/wd可以/v开庭/vi。/wj
原告/n：/wm吴/nr1某/rz保/v，/wd男/b，/wd1969年/m12月/t22日/t出生/vi，/wd汉族/nz，/wd江西省/ns抚州市/ns人/n，/wd建筑/n行业/n从业/b人员/n，/wd住/vi江西省/ns南昌市/ns西湖区/ns永/b叔/n路/n12/m号/q3/n单元/n601/m室/n。/wj
公民身份/n号码/n：/wm362501196912222656/m。/wj
第一/m被告/n：/wm黄某/nr平/v，/wd男/b，/wd1970年/m7月/t24日/t出生/vi，/wd汉族/nz，/wd江西省/ns抚州市/ns人/n，/wd农民/n，/wd住/vi江西省/ns抚州市/ns临川区/ns上/f顿/dg渡/v镇/n乐/ng家村/ns桃树/n组/n9/vyou号/q。/wj
公民身份/n号码/n：/wm362501197007245254/m。/wj
诉讼/vn代理人/n：/wm陈某/nr，/wd抚州市/ns临川区/ns民/ng德/b法律/n服务/v所/q法律/n服务/vn工作者/n。/wj
执业/vn证/n号/n：/wm31403081103437/m。/wj
代理/vn权限/n：/wm代/v为/p承认/v、/wn放弃/v、/wn变更/vn诉讼/vn请求/n，/wd进行/vx和解/vn，/wd提起/v反诉/vi或/c上诉/v特别/d授权/v。/wj
审/v：/wm由于/p被告/n过/uguo某/rz春/tg经/p本/rz院/n合法/a传唤/vn，/wd无/v正当/a理由/n拒/vg不/d到/v庭/ng参加/v诉讼/vi，/wd现在/t核实/v其/rz身份/n。/wj
（/wkz核实/v身份/n）/wky第二/m被告/n：/wm过/d某/rz春/tg，/wd男/b，/wd1975年/m12月/t13日/t出生/vi，/wd汉族/nz，/wd江西省/ns抚州市/ns人/n，/wd住/vi江西省/ns抚州市/ns上/f顿/dg渡/v镇/n针/n巷口/s龙/n津/b路/n54/m号/q。/wj
公民身份/n号码/n：/wm362502197512132011/m。/wj
审/v：/wm原告/n对/p被告/n出庭/vi人员/n有/vyou无/v异议/n？/ww
原告/n：/wm没有/v异议/n。/wj
审/v：/wm被告/n对/p原告/n出庭/vi人员/n有/vyou无/v异议/n？/ww
第一/m被告/n：/wm没有/v异议/n。/wj
审/v：/wm经/p审查/vn，/wd原/b、/wn被告/n出庭/vi人员/n符合/v法律/n规定/n，/wd可以/v参加/v本/n案/x诉讼/vn。/wj
审/v：/wm根据/p《/wkz中华人民共和国/ns民事/b诉讼法/n》/wky的/ude1有关/vn规定/n，/wd江西省/ns南昌市/ns湾里区/ns人民法院/nl今天/t在/p此/rzs就/p原告/n吴某/nr保/v诉/vg被告/n黄某/nr平/v、/wn过/vf某/rz春/tg建筑/n设备/n租赁/vn合同/n纠纷/n一/m案/x进行/vx公开/ad审理/v，/wd（/wkz敲击/v法/n槌/ng）/wky现在/t宣布/v开庭/vi。/wj
审/v：/wm根据/p《/wkz中华人民共和国/ns民事/b诉讼法/n》/wky的/ude1有关/vn规定/n，/wd本/rz案/x由/p本/rz院/n审判员/n担任/v审判长/n，/wd与/p助理/n审判员/n、/wn人民/n陪审员/n组成/v合议庭/n进行/vx审理/vn，/wd书记员/n担任/v记录/n。/wj
审/v：/wm根据/p《/wkz中华人民共和国/ns民事/b诉讼法/n》/wky第四十九/m条/q、/wn第五十/m条/q、/wn第五十一/m条/q、/wn第一百一十八/m条/q、/wn第一百四十三/m条/q、/wn第一百四十四/m条/q的/ude1规定/n，/wd民事/b诉讼/vn当事人/n有/vyou以下/f诉讼/vn权利/n和/cc义务/n：/wm（/wkz一/m）/wky有/vyou就/d案/x件/q事实/n进行/vx陈述/vn和/cc申辩/vi的/ude1权利/n；/wf（/wkz二/m）/wky有/vyou委托/vn代理人/n，/wd收集/v、/wn提供/v证据/n、/wn进行/vx辩论/vn，/wd请求/v调解/vn，/wd提起/v上诉/v，/wd申请/v执行/v的/ude1权利/n；/wf（/wkz三/m）/wky原告/n可以/v放弃/v或者/c变更/v诉讼/vn请求/n，/wd被告/n可以/v承认/v、/wn反驳/vn原告/n诉讼/vn请求/n，/wd有/vyou权/n提起/v反诉/vi；/wf（/wkz四/m）/wky双方/n当事人/n必须/d依法/d行使/v诉讼/vn权利/n，/wd遵守/v诉讼/vn秩序/n，/wd未经/d审判长/n同意/v不得/vi擅自/d发言/vi；/wf（/wkz五/m）/wky原告/n未经/d法庭/n许可/vn中途/d退庭/v的/ude1，/wd可/v按/p撤诉/vi处理/v，/wd被告/n未经/d法庭/n许可/vn中途/d退庭/v的/ude1，/wd可以/v缺席/vd判决/v；/wf（/wkz六/m）/wky双方/n当事人/n有/vyou义务/n自觉/ad履行/v发生/v法律/n效力/vi的/ude1判决/vn、/wn裁定/vn和/cc调解书/n，/wd并/cc按规定/n缴纳/v诉讼/vn费用/n。/wj
审/v：/wm原/b、/wn被告/n对/p诉讼/vn权利/n、/wn义务/n是否/v清楚/a？/ww
原告/n：/wm清楚/a。/wj
第一/m被告/n：/wm清楚/a。/wj
审/v：/wm在/p庭审/v过程/n中/f，/wd当事人/n除/p享有/v以上/f诉讼/vn权利/n以外/f，/wd还有/v申请/v审判/vn人员/n及/cc有关/vn人员/n回避/v的/ude1权利/n。/wj
如果/c你们/rr认为/v法庭/n审判/vn人员/n、/wn书记员/n与/cc本/n案/x有/vyou直接/a利害/n关系/n或者/c有/vyou其他/rzv关系/n，/wd可能/v影响/v公正/a审判/vn的/ude1，/wd可以/v提出/v事实/n或/c理由/n申请/v回避/v。/wj
审/v：/wm原告/n是否/v申请/v回避/v？/ww
原告/n：/wm不/d申请/v回避/v。/wj
审/v：/wm被告/n是否/v申请/v回避/v？/ww
第一/m被告/n：/wm不/d申请/v回避/v。/wj
审/v：/wm现在/t进行/vx法庭/n调查/vn。/wj
先/d由/p原告/n简要/ad陈述/v起诉/v的/ude1请求/n和/cc理由/n，/wd或者/c宣读/v起诉/v状/ng。/wj
原告/n：/wm被告/n黄某/nr平/v为了/p履行/v其/rz承揽/v的/ude1位于/v南昌市/ns湾里区/ns保利/nz半/m山/n国际/n项目/n脚手架/n工程/n，/wd于/p2011年/m8月/t7日/t与/p原告/n签订/v了/ule一/m份/q钢管/n扣件/n租赁/vn合同/n。/wj
