约定/v由/p原告/n向/p被告/n黄/nr1某/rz平/a出租/vn钢管/n扣件/n，/wd并/cc约定/vn租金/n于/p每月/r30日/t结/v清/tg，/wd如果/c拖欠/v租金/n，/wd被告/n应/v按/p每日/r所/usuo欠/v租金/n的/ude15‰/m向/p原告/n支付/vn滞纳金/n。/wj
被告/n过/uguo某/rz春/tg对/p该/rz合同/n进行/vx了/ule担保/vn。/wj
合同/n签订/v后/f，/wd原告/n依照/p被告/n黄某/nr平/v的/ude1要求/n向/p其/rz出租/v了/ule钢管/n及/cc扣件/n，/wd经/p结算/vn，/wd被告/n黄某/nr平/v2011年/m应/v向/p原告/n支付/vn租金/n39643/m元/q，/wd2012年/m应/v向/p原告/n支付/vn租金/n132874/m元/q，/wd2013年/m截至/v1月/t31日/t应/v向/p原告/n支付/vn租金/n11285/m元/q，/wd被告/n黄某/nr平/v前后/f共计/v应/v向/p原告/n支付/vn租金/n183802/m元/q，/wd被告/n黄某/nr平/v在/p2011年/m年/qt底/f向/p原告/n支付/v42000/m元/q租金/n后/f，/wd一直/d拒/vg不/d向/p原告/n支付/vn租金/n，/wd现/tg尚/d欠/v原告/n租金/n141802/m元/q，/wd依照/p合同/n约定/vn，/wd被告/n黄某/nr平/v还/d应/v向/p原告/n承担/v50000/m元/q滞纳金/n。/wj
被告/n黄某/nr平/v还/d需/v向/p原告/n返还/v钢管/n109./m059/m吨/q及/cc扣件/n20685/m套/q。/wj
被告/n过/uguo某/rz春/tg对/p被告/n黄/nr1某/rz平/v履行/v合同/n进行/vx了/ule担保/vn，/wd应/v对/p上述/b债务/n向/p原告/n承担/v连带/vn清偿/vn责任/n。/wj
为/p维护/v自身/rr合法/a权益/n，/wd原告/n依法/d提起/v诉讼/vi，/wd请求/v人民法院/nl依法/d支持/v原告/n的/ude1诉/vg请/v。/wj
诉讼/vi请求/v：/wm1./m判/v令/v被告/n黄某/nr平/v向/p原告/n支付/v截至/v2013年/m1月/t31日/t的/ude1钢管/n扣件/n租赁费/n共计/v141802/m元/q及/cc后续/vn租金/n（/wkz依照/p合同/n计算/v）/wky；/wf2./m判/v令/v被告/n黄某/nr平/v向/p原告/n支付/v逾期/vi付款/vi滞纳金/n50000/m元/q；/wf3./m判/v令/v被告/n黄某/nr平/v向/p原告/n返还/v钢管/n109./m059/m吨/q及/cc扣件/n20685/m套/q；/wf4./m判/v令/v被告/n过/uguo某/rz春/tg对/p被告/n黄某/nr平/v的/ude1上述/b两/m项/q债务/n承担/v连带/vn责任/n；/wf5./m本/rz案/x诉讼费/n由/p两/m被告/n承担/v。/wj
我方/r变更/vn后/f的/ude1诉讼/vn请求/n为/v：/wm1./m判/v令/v被告/n黄某/nr平/v向/p原告/n支付/v截至/v2013年/m3月/t25日/t的/ude1钢管/n扣件/n租赁费/n共计/v163187./m2元/nr2及/cc后续/vn租金/n（/wkz依照/p合同/n约定/vd计算/v至/p2013年/m4月/t3日/t）/wky；/wf2./m判/v令/v被告/n黄某/nr平/v向/p原告/n支付/v逾期/vi付款/vi滞纳金/n188873./m7元/nr2（/wkz从/p2012年/m2月/t起/f按/p每日/r所/usuo欠/v租金/n的/ude15‰/m计算/v）/wky；/wf3./m判/v令/v被告/n黄某/nr平/v向/p原告/n返还/v钢管/n109./m059/m吨/q及/cc扣件/n20685/m套/q，/wd如果/c未能/v在/p三日/t内/f如数/d归还/v钢管/n和/cc扣件/n，/wd则/c应/v按/p钢管/n3500/m元/q//w吨/q、/wn扣件/n5/f元/q//w套/q赔偿/vn原告/n；/wf4./m判/v令/v被告/n过/uguo某/rz春/tg对/p被告/n黄某/nr平/v的/ude1上述/b两/m项/q债务/n承担/v连带/vn责任/n；/wf5./m本/rz案/x诉讼费/n由/p两/m被告/n承担/v。/wj
审/v：/wm原告/n，/wd合议庭/n限/v你/rr方/d于/p2013年/m4月/t10日/t前/f补交/v增加/v诉讼/vi请求/v部分/n的/ude1相应/vn案/x件/q受理/v费/n，/wd逾期/vi视为/v放弃/v增加/v诉讼/vn请求/n。/wj
原告/n：/wm好/a。/wj
审/v：/wm现在/t由/p被告/n针对/p原告/n起诉/vn中/f的/ude1请求/n和/cc理由/n作出/v承认/v或者/c否认/v的/ude1答辩/vn。/wj
第一/m被告/n：/wm第一/m，/wd被告/n黄/nr1某/rz平/a认可/vn其/rz与/p原告/n之间/f存在/v钢管/n和/cc扣件/n的/ude1租赁/vn合同/n关系/n。/wj
第二/m，/wd后续/vn租金/n原告/n应予/v明确/a，/wd且/c原告/n主张/v的/ude1滞纳金/n已经/d超过/v租金/n，/wd滞纳金/n明显/a过/uguo高/a，/wd请求/v法庭/n依法/d予以/vx调整/vn。/wj
滞纳金/n应/v参照/v同期/f银行/n利息/n计算/vn。/wj
双方/n的/ude1租赁/vn合同/n期限/n届满/vi后/f，/wd原告/n并/cc未/d提出/v解除/v合同/n，/wd双方/n仍/d在/p履行/v该/rz合同/n，/wd该/rz合同/n已经/d转为/v不/d定期/d租赁/v合同/n，/wd请求/v法庭/n驳回/v第3/m项/q诉讼/vn请求/n。/wj
我/rr方/d对/p原告/n主张/v的/ude1被告/n所/usuo承租/v的/ude1钢管/n和/cc扣件/n数量/n有/vyou异议/n，/wd应/v以/p双方/n实际/ad履行/v的/ude1租赁/vn合同/n载明/v数量/n为/p准/a。/wj
审/v：/wm第二/m被告/n过/uguo某/rz春/tg未/d向/p本/rz院/n提交/v答辩/vi状/ng，/wd也/d未/d提交/v证据/n材料/n。/wj
现在/t继续/v法庭/n调查/vn，/wd由/p原/b、/wn被告/n举/ng证/n、/wn质证/v。/wj
举/v证/n应/v围绕/v自己/rr的/ude1主张/n进行/vx，/wd按/p顺序/n一一列举/vl，/wd将/p证据/n的/ude1出处/n、/wn证据/n的/ude1名称/n及/cc证明/v目的/n逐一/d表述/v，/wd质证/v时/ng质证/v方/d应/v围绕/v证据/n的/ude1真实性/n、/wn合法性/n、/wn关联性/n及/cc证据/n的/ude1证明/vn力/n大/a小/a简要/ad阐述/v自己/rr的/ude1观点/n。/wj
所有/b证据/n应/v在/p质证/v阶段/n出示/v，/wd否则/c合议庭/n不/d予以/vx认证/vn。/wj
先/d由/p原告/n出示/v证据/n？/ww
原告/n：/wm第一/m组/q证据/n是/vshi租赁/v合同/n书/n一/m份/q，/wd用以/d证明/v2011年/m8月/t7日/t原告/n吴某/nr保/v与/p被告/n黄某/nr平/v签订/v书面/b租赁/vn合同/n，/wd约定/v原告/n吴某/nr保/v向/p被告/n黄/nr1某/rz平/a出租/vn钢管/n109./m059/m吨/q、/wn扣件/n20685/m套/q、/wn租金/n的/ude1计算/vn和/cc支付/vn方式/n、/wn租赁/vn期限/n、/wn逾期/vi滞纳金/n的/ude1计算方式/n以及/cc遗失/v赔偿/vn方式/n，/wd被告/n过/uguo某/rz春/tg为/p被告/n黄某/nr平/v的/ude1租赁/vn行为/n提供/v担保/vn，/wd该/rz合同/n第九/m条/q约定/v了/ule合同/n期限/n届满/vi后/f如/v被告/n黄某/nr平/v暂/d不/d归还/v钢管/n和/cc扣件/n的/ude1处理/vn方式/n。/wj
第二/m组/q证据/n是/vshi单据/n六/m份/q，/wd用以/d证明/v被告/n黄某/nr平/v租赁/vn原告/n吴某/nr保/v的/ude1钢管/n为/p109./m059/m吨/q、/wn扣件/n为/v20685/m套/q，/wd以及/cc租金/n的/ude1数额/n。/wj
第三/m组/q证据/n是/vshi租金/n结算/vn单/d三/m份/q，/wd用以/d证明/v被告/n拖欠/v的/ude1租金/n为/p141802/m元/q。/wj
第/m四/m组/q证据/n是/vshi租金/n、/wn滞纳金/n的/ude1计算/vn清单/n一/m份/q，/wd用以/d证明/v根据/p双方/n的/ude1租赁/vn合同/n书/n被告/n实际/ad拖欠/v租金/n和/cc滞纳金/n的/ude1计算方式/n。/wj
审/v：/wm由/p被告/n质证/v？/ww
第一/m被告/n：/wm对/p第一/m组/q证据/n的/ude1真实性/n、/wn合法性/n和/cc关联性/n均/d没有/v异议/n。/wj
对/p第二/m组/q证据/n中/f五/m份/q单据/n的/ude1真实性/n、/wn合法性/n、/wn关联性/n均/d没有/v异议/n，/wd对/p另/rz一/m份/q复印件/n的/ude1数量/n钢管/n10./m5456/m吨/q、/wn扣件/n2002/m套/q有/vyou异议/n，/wd黄某/nr平/v的/ude1签名/vn都/d是/vshi其/rz本人/rr所/usuo签/v，/wd对/p钢管/n和/cc扣件/n的/ude1数量/n没有/v异议/n。/wj
对/p第三/m组/q证据/n的/ude1真实性/n、/wn合法性/n和/cc关联性/n均/d没有/v异议/n。/wj
对/p第四/m组/q证据/n中/b租金/n的/ude1计算/vn没有/v异议/n，/wd对/p滞纳金/n的/ude1计算方法/n有/vyou异议/n，/wd由于/c被告/n所在/n的/ude1项目/n部/q拖欠/v工程/n款/n致使/v拖欠/v原告/n租金/n未/d付/v，/wd应/v根据/p租金/n计付/v银行/n利息/n。/wj
审/v：/wm由于/p第二/m被告/n未/d到/v庭/ng，/wd对/p上述/b证据/n无法/v进行/vx质证/v，/wd合议庭/n对/p上述/b证据/n暂/d不/d予/vg确认/v，/wd待/vi合议庭/n评议/vn后/f再/d依法/d予以/vx认定/vn。/wj
原告/n继续/v出示/v证据/n？/ww
原告/n：/wm我方/r举/v证/n完毕/vi。/wj
审/v：/wm现在/t由/p第一/m被告/n出示/v证据/n？/ww
第一/m被告/n：/wm我方/r没有/v书面/b证据/n提供/v。/wj
审/v：/wm原/b、/wn被告/n是否/v还/d有/vyou证据/n向/p法庭/n提供/v？/ww
原告/n：/wm没有/v。/wj
第一/m被告/n：/wm没有/v。/wj
审/v：/wm原/b、/wn被告/n是否/v需要/v就/d本/d案/x尚未/d查清/v的/ude1事实/n相互/d发问/vi？/ww
原告/n：/wm不/d需要/v。/wj
第一/m被告/n：/wm不/d需要/v。/wj
审/v：/wm原/b、/wn被告/n，/wd合议庭/n现在/t询问/v你们/rr几/m个/q问题/n，/wd请/v如实/vd回答/v。/wj
