审/v：/wm根据/p《/wkz中华人民共和国/ns民事/b诉讼法/n》/wky的/ude1有关/vn规定/n，/wd江西省/ns南昌市/ns湾里区/ns人民法院/nl今天/t在/p此/rzs就/p原告/n周某/nr生/v诉/vg被告/n赵某/nr民/ng、/wn保险公司/n（/wkz以下/f简称/v平安/an财/n险/ng江西/ns分公司/n）/wky机动车/n交通事故/n责任/n纠纷/n一/m案/x进行/vx公开/ad审理/v，/wd（/wkz敲击/v法/n槌/ng）/wky现在/t宣布/v开庭/vi。/wj
审/v：/wm根据/p《/wkz中华人民共和国/ns民事/b诉讼法/n》/wky的/ude1有关/vn规定/n，/wd本/rz案/x由/p本/rz院/n审判员/n担任/v审判长/n，/wd与/p审判员/n、/wn人民/n陪审员/n组成/v合议庭/n进行/vx审理/vn，/wd书记员/n担任/v记录/n。/wj
审/v：/wm根据/p《/wkz中华人民共和国/ns民事/b诉讼法/n》/wky第四十九/m条/q、/wn第五十/m条/q、/wn第五十一/m条/q、/wn第一百一十八/m条/q、/wn第一百四十三/m条/q、/wn第一百四十四/m条/q的/ude1规定/n，/wd民事/b诉讼/vn当事人/n有/vyou以下/f诉讼/vn权利/n和/cc义务/n：/wm（/wkz一/m）/wky有/vyou就/d案/x件/q事实/n进行/vx陈述/vn和/cc申辩/vi的/ude1权利/n；/wf（/wkz二/m）/wky有/vyou委托/vn代理人/n，/wd收集/v、/wn提供/v证据/n、/wn进行/vx辩论/vn，/wd请求/v调解/vn，/wd提起/v上诉/v，/wd申请/v执行/v的/ude1权利/n；/wf（/wkz三/m）/wky原告/n可以/v放弃/v或者/c变更/v诉讼/vn请求/n，/wd被告/n可以/v承认/v、/wn反驳/vn原告/n诉讼/vn请求/n，/wd有/vyou权/n提起/v反诉/vi；/wf（/wkz四/m）/wky双方/n当事人/n必须/d依法/d行使/v诉讼/vn权利/n，/wd遵守/v诉讼/vn秩序/n，/wd未经/d审判长/n同意/v不得/vi擅自/d发言/vi；/wf（/wkz五/m）/wky原告/n未经/d法庭/n许可/vn中途/d退庭/v的/ude1，/wd可/v按/p撤诉/vi处理/v，/wd被告/n未经/d法庭/n许可/vn中途/d退庭/v的/ude1，/wd可以/v缺席/vd判决/v；/wf（/wkz六/m）/wky双方/n当事人/n有/vyou义务/n自觉/ad履行/v发生/v法律/n效力/vi的/ude1判决/vn、/wn裁定/vn和/cc调解书/n，/wd并/cc按规定/n缴纳/v诉讼/vn费用/n。/wj
审/v：/wm原/b、/wn被告/n对/p诉讼/vn权利/n、/wn义务/n是否/v清楚/a？/ww
原告/n：/wm清楚/a。/wj
第一/m被告/n：/wm清楚/a。/wj
第二/m被告/n：/wm清楚/a。/wj
审/v：/wm在/p庭审/v过程/n中/f，/wd当事人/n除/p享有/v以上/f诉讼/vn权利/n以外/f，/wd还有/v申请/v审判/vn人员/n及/cc有关/vn人员/n回避/v的/ude1权利/n。/wj
如果/c你们/rr认为/v法庭/n审判/vn人员/n、/wn书记员/n与/cc本/n案/x有/vyou直接/a利害/n关系/n或者/c有/vyou其他/rzv关系/n，/wd可能/v影响/v公正/a审判/vn的/ude1，/wd可以/v提出/v事实/n或/c理由/n申请/v回避/v。/wj
审/v：/wm原告/n是否/v申请/v回避/v？/ww
原告/n：/wm不/d申请/v回避/v。/wj
审/v：/wm被告/n是否/v申请/v回避/v？/ww
第一/m被告/n：/wm不/d申请/v回避/v。/wj
第二/m被告/n：/wm不/d申请/v回避/v。/wj
审/v：/wm现在/t进行/vx法庭/n调查/vn。/wj
先/d由/p原告/n简要/ad陈述/v起诉/v的/ude1请求/n和/cc理由/n，/wd或者/c宣读/v起诉/v状/ng。/wj
原告/n：/wm2011年/m7月/t16日/t13时/t20分/t许/v，/wd被告/n赵某/nr民/ng驾驶/v赣/bAM7015/x小车/n沿/p省/n店/n公路/n由/p梅岭/ns镇/n向/p罗亭/nrf方向/n行驶/vi至/p狮/ng岗/n村/n路段/n，/wd遇/v原告/n周某/nr生/v驾驶/v摩托车/n由/p罗亭/nrf方向/n向/p梅岭/ns方向/n行驶/vi，/wd双方/n在/p会/v车/n过程/n中/f发生/v碰撞/vn，/wd造成/v原告/n受伤/vi及/cc车辆/n受损/vi的/ude1交通事故/n。/wj
经/p南昌市/ns公安局/n交通/n管理局/n湾/ng里/f大队/n于/p2011年/m7月/t28日/t作出/v的/ude1事故/n认定书/n认定/v：/wm本次/r交通事故/n，/wd被告/n赵某/nr民/ng负/v全部/m责任/n，/wd原告/n周某/nr生/v不/d负/v责任/n。/wj
原告/n受伤/vi后/f先后/d两/m次/qv入院/vn治疗/vn。/wj
后/f经/p江西/ns南昌/ns司法/n鉴定/vn中心/n鉴定/vn，/wd原告/n的/ude1伤残/vn等级/n为/p十/m级/q。/wj
事故/n发生/v后/f，/wd被告/n赵某/nr民/ng虽然/c向/p原告/n支付/v了/ule医疗费/n，/wd但/c未/d支付/v原告/n护理/vn费/n、/wn残疾/n赔偿金/n等/udeng其他/rzv费用/n，/wd原告/n与/cc被告/n赵某/nr民/ng多次/mq协商/v未果/v。/wj
经/p查/v被告/n赵某/nr民/ng驾驶/v的/ude1赣/bAM7015/x小车/n已经/d向/p被告/n平安/an财/n险/ng江西/ns分公司/n投保/vi了/ule交/v强/a险/a等/udeng险种/n，/wd现/tg原告/n为/p维护/v自己/rr合法/a权益/n起诉/vn，/wd请/v法院/n依法/d判决/v维护/v原告/n合法/a权益/n。/wj
诉讼/vi请求/v：/wm1./m判/v令/v被告/n赵某/nr民/ng赔偿/v原告/n周某/nr生/v护理/vn费/n9000/m元/q、/wn住院/vn伙食/n补助费/n3050/m元/q、/wn营养/n费/v2700/m元/q、/wn交通费/n1500/m元/q、/wn残疾/n赔偿金/n34990/m元/q、/wn后续/vn治疗费/n8000/m元/q、/wn精神/n损害/v抚慰/v金/b4000/m元/q、/wn被/pbei扶养/v人/n生活费/n5883./m55/m元/q、/wn残疾/n辅助/vn器具/n费/v560/m元/q、/wn财产/n损失/n600/m元/q、/wn误工/vn费/n17027./m4/n元/q，/wd共计/v人民币/n87310./m95/m元/q；/wf2./m判/v令/v被告/n平安/an财/n险/ng江西/ns分公司/n在/p保险/n责任/n限额/vn范围/n内/f依法/d赔付/v保险金/n；/wf3./m本/rz案/x诉讼/vn费用/n由/p被告/n承担/v。/wj
由于/p2012年度/t江西省/ns城镇/n居民/n人居/n可/v支配/v收入/n为/p19860/m元/q，/wd故/c我方/r当庭/d申请/v变更/v残疾/n赔偿金/n为/p39720/m元/q；/wf由于/c计算错误/n，/wd同时/c将/d被/pbei扶养/v人/n生活费/n变更/v为/p17650./m65/m元/q，/wd故/c总/d赔偿/v费用/n数额/n相应/vd变更/v为/p103808./m05/m元/q。/wj
审/v：/wm由于/p原告/n当庭/d变更/v诉讼/vn请求/n，/wd被告/n是否/v要求/v答辩/vi期/ng、/wn举/v证/n期限/n？/ww
第一/m被告/n：/wm我方/r自愿/vd放弃/v答辩/vi期/ng、/wn举/v证/n期限/n，/wd要求/v继续/v开庭/vi审理/v。/wj
第二/m被告/n：/wm我方/r自愿/vd放弃/v答辩/vi期/ng、/wn举/v证/n期限/n，/wd要求/v继续/v开庭/vi审理/v。/wj
审/v：/wm原告/n，/wd由于/c你/rr方/d变更/v诉讼/vn请求/n，/wd合议庭/n限/v你/rr方/d于/p2013年/m4月/t29日/t前/f补交/v增加/v诉讼/vn标的/n额/n部分/n的/ude1案/x件/q受理/v费/n，/wd逾期/vi视为/v放弃/v增加/v诉讼/vi请求/v标的/n额/n。/wj
原告/n：/wm好/a。/wj
审/v：/wm由于/p被告/n均/d自愿/vd放弃/v答辩/vi期/ng、/wn举/v证/n期限/n，/wd现在/t继续/v开庭/vi。/wj
由/p被告/n针对/p原告/n起诉/vn中/f的/ude1请求/n和/cc理由/n作出/v承认/v或者/c否认/v的/ude1答辩/vn。/wj
第一/m被告/n：/wm本/n案/x事故/n发生/v是/vshi事实/n，/wd我/rr对/p事故/n认定/v没有/v异议/n。/wj
我/rr的/ude1事故/n车辆/n投保/vi了/ule交/v强/a险/a和/cc不/d计/vi免/d赔/v率/k的/ude1商业/n第三/m者/k责任/n保险/n，/wd故/c原告/n的/ude1损失/n包括/v诉讼费/n用/p均/d应/v由/p被告/n平安/an财/n险/ng江西/ns分公司/n承担/v。/wj
原告/n的/ude1残疾/n赔偿金/n、/wn被/pbei扶养/v人/n生活费/n按/p城镇/n标准计算/n依据/n不足/an，/wd应/v按/p农村/n标准计算/n；/wf原告/n主张/v的/ude1部分/n赔偿/vn费用/n过/uguo高/a。/wj
事发/vi后/f我/rr已经/d垫付/v原告/n56441./m2元/nr2，/wd请求/v法庭/n在/p本/n案/x中/f一/m并/cc处理/vn。/wj
第二/m被告/n：/wm第一/m，/wd我方/r根据/p保险合同/n承担/v保险/n理赔/vn责任/n，/wd不/d承担/v侵权/vn责任/n。/wj
第二/m，/wd原告/n的/ude1残疾/n赔偿金/n、/wn被/pbei扶养/v人/n生活费/n按/p城镇/n标准计算/n依据/n不足/an，/wd应/v按/p农村/n标准计算/n。/wj
第三/m，/wd原告/n主张/v的/ude1部分/n赔偿/vn费用/n过/uguo高/a。/wj
第/m四/m，/wd我方/r不/d承担/v诉讼/vn费用/n。/wj
审/v：/wm现在/t继续/v法庭/n调查/vn，/wd由/p原/b、/wn被告/n举/ng证/n、/wn质证/v。/wj
举/v证/n应/v围绕/v自己/rr的/ude1主张/n进行/vx，/wd按/p顺序/n一一列举/vl，/wd将/p证据/n的/ude1出处/n、/wn证据/n的/ude1名称/n及/cc证明/v目的/n逐一/d表述/v，/wd质证/v时/ng质证/v方/d应/v围绕/v证据/n的/ude1真实性/n、/wn合法性/n、/wn关联性/n及/cc证据/n的/ude1证明/vn力/n大/a小/a简要/ad阐述/v自己/rr的/ude1观点/n。/wj
所有/b证据/n应/v在/p质证/v阶段/n出示/v，/wd否则/c合议庭/n不/d予以/vx认证/vn。/wj
先/d由/p原告/n出示/v证据/n？/ww
原告/n：/wm第一/m组/q证据/n是/vshi身份证/n一/m份/q、/wn户口簿/n一/m本/q，/wd用以/d证明/v原告/n周某/nr生/v的/ude1主体/n资格/n以及/cc被/pbei扶养/v人/n周海花/nr的/ude1情况/n。/wj
