对/p李某/nr平/v2012年/m9月/t20日/t所/usuo作/v询问/v笔录/n，/wd只/d对/p2米/nrf的/ude1距离/n有/vyou异议/n，/wd当时/t我/rr跟/p交警/n说/v记/v不/d清楚/a具体/a多/a远/a，/wd应/v以/p指/v认/v距离/n为/p准/a，/wd对/p其他/rzv部分/m的/ude1真实性/n、/wn合法性/n和/cc关联性/n均/d没有/v异议/n。/wj
第一/m被告/n：/wm对/p根据/p李某/nr平/v指/v认/v绘制/v的/ude1道路交通/n事故/n现场/s图/n的/ude1真实性/n、/wn合法性/n和/cc关联性/n均/d有/vyou异议/n，/wd我/rr看/v不/d懂/v；/wf对/p根据/p包/v某/rz平/v指/v认/v绘制/v的/ude1道路交通/n事故/n现场/s图/n的/ude1真实性/n、/wn合法性/n和/cc关联性/n均/d没有/v异议/n；/wf对/p根据/p证人/n赵美珍/nr指/v认/v绘制/v的/ude1道路交通/n事故/n现场/s图/n的/ude1真实性/n、/wn合法性/n和/cc关联性/n均/d有/vyou异议/n，/wd我/rr看/v不/d懂/v。/wj
对/p第一/m、/wn第二/m、/wn第三/m张/q照片/n的/ude1真实性/n、/wn合法性/n和/cc关联性/n均/d没有/v异议/n，/wd原告/n的/ude1摩托车/n位置/n与/p当时/t事发/vi情况/n不符/v，/wd我/rr骑/v行/vi的/ude1摩托车/n位置/n与/p当时/t事发/vi情况/n相符/vi，/wd原告/n本人/rr的/ude1位置/n与/p当时/t事发/vi情况/n相符/vi；/wf对/p第四/m、/wn第五/m、/wn第六/m张/q照片/n的/ude1真实性/n、/wn合法性/n和/cc关联性/n均/d有/vyou异议/n，/wd原告/n所/usuo处/vi位置/n与/cc事发/vi情况/n不符/v；/wf对/p第七/m张/q照片/n的/ude1真实性/n、/wn合法性/n和/cc关联性/n均/d有/vyou异议/n，/wd原告/n所/usuo处/vi位置/n还/d没/d到/v弯/ng处/vi，/wd要/v近/a一点/m；/wf对/p第八/m、/wn第九/m、/wn第十/m、/wn第十一/m、/wn第十二/m、/wn第十三/m、/wn第十四/m张/q照片/n的/ude1真实性/n、/wn合法性/n和/cc关联性/n均/d没有/v异议/n。/wj
对/p李某/nr平/v2012年/m9月/t20日/t所/usuo作/v询问/v笔录/n的/ude1真实性/n、/wn合法性/n和/cc关联性/n均/d没有/v异议/n，/wd原告/n是/vshi靠/v左/f行驶/vi。/wj
第二/m被告/n：/wm对/p根据/p李某/nr平/v指/v认/v绘制/v的/ude1道路交通/n事故/n现场/s图/n的/ude1真实性/n、/wn合法性/n和/cc关联性/n均/d有/vyou异议/n，/wd原告/n的/ude1摩托车/n位置/n不对/a，/wd应该/v是/vshi紧/d挨着/v原告/n的/ude1；/wf对/p根据/p包/v某/rz平/v指/v认/v绘制/v的/ude1道路交通/n事故/n现场/s图/n的/ude1真实性/n、/wn合法性/n和/cc关联性/n均/d没有/v异议/n；/wf对/p根据/p证人/n赵美珍/nr指/v认/v绘制/v的/ude1道路交通/n事故/n现场/s图/n的/ude1真实性/n、/wn合法性/n和/cc关联性/n均/d有/vyou异议/n，/wd原告/n的/ude1摩托车/n位置/n不对/a，/wd应该/v是/vshi紧/d挨着/v原告/n的/ude1。/wj
对/p第一/m、/wn第二/m、/wn第三/m张/q照片/n的/ude1真实性/n、/wn合法性/n和/cc关联性/n均/d没有/v异议/n，/wd原告/n的/ude1摩托车/n位置/n与/p当时/t事发/vi情况/n不符/v，/wd包/v某/rz平/v骑/v行/vi的/ude1摩托车/n位置/n与/p当时/t事发/vi情况/n相符/vi，/wd原告/n本人/rr的/ude1位置/n与/p当时/t事发/vi情况/n相符/vi；/wf对/p第四/m、/wn第五/m、/wn第六/m张/q照片/n的/ude1真实性/n、/wn合法性/n和/cc关联性/n均/d有/vyou异议/n，/wd原告/n所/usuo处/vi位置/n与/cc事发/vi情况/n不符/v；/wf对/p第七/m张/q照片/n的/ude1真实性/n、/wn合法性/n和/cc关联性/n均/d有/vyou异议/n，/wd原告/n所/usuo处/vi位置/n还/d没/d到/v弯/ng处/vi，/wd要/v近/a一点/m；/wf对/p第八/m、/wn第九/m、/wn第十/m、/wn第十一/m、/wn第十二/m、/wn第十三/m、/wn第十四/m张/q照片/n的/ude1真实性/n、/wn合法性/n和/cc关联性/n均/d没有/v异议/n。/wj
对/p李某/nr平/v2012年/m9月/t20日/t所/usuo作/v询问/v笔录/n的/ude1真实性/n、/wn合法性/n和/cc关联性/n均/d没有/v异议/n。/wj
审/v：/wm对/p原/b、/wn被告/n均/d未/d提出/v异议/n的/ude1证据/n，/wd合议庭/n予以/vx确认/vn；/wf对/p原/b、/wn被告/n提出/v异议/n的/ude1证据/n，/wd合议庭/n暂/d不/d予/vg确认/v，/wd待/vi合议庭/n评议/vn后/f再/d依法/d予以/vx认定/vn。/wj
审/v：/wm原/b、/wn被告/n是否/v需要/v就/d本/d案/x尚未/d查清/v的/ude1事实/n相互/d发问/vi？/ww
原告/n：/wm需要/v。/wj
第一/m被告/n：/wm不/d需要/v。/wj
第二/m被告/n：/wm不/d需要/v。/wj
审/v：/wm先/d由/p原告/n发问/vi？/ww
原告/n：/wm第一/m被告/n，/wd你/rr在/p2012年/m9月/t20日/t交警/n对/p你/rr所/usuo作/v询问/v笔录/n是否/v属实/v？/ww
第一/m被告/n：/wm属实/v。/wj
原告/n：/wm第二/m被告/n，/wd你/rr在/p2012年/m11月/t19日/t交警/n对/p你/rr所/usuo作/v询问/v笔录/n是否/v属实/v？/ww
第一/m被告/n：/wm因为/p我/rr不/d会/v写字/vi，/wd是/vshi我/rr找/v老乡/n代/vd签名/vi的/ude1，/wd然后/c自己/rr捺/v手印/n的/ude1。/wj
原告/n：/wm发问/vi完毕/vi。/wj
审/v：/wm原/b、/wn被告/n，/wd合议庭/n现在/t询问/v你们/rr几/m个/q问题/n，/wd请/v如实/vd回答/v。/wj
原告/n：/wm好/a。/wj
第一/m被告/n：/wm好/a。/wj
第二/m被告/n：/wm好/a。/wj
审/v：/wm第一/m被告/n，/wd事发/vi时/ng你/rr是/vshi为/v谁/ry送/v盒饭/n？/ww
第一/m被告/n：/wm我/rr自己/rr。/wj
审/v：/wm事发/vi时/ng福建/ns沙县/ns小吃店/n是/vshi谁/ry开/v的/ude1？/ww
第一/m被告/n：/wm原来/d是/vshi我/rr和/cc包/v某/rz福/n妻子/n合伙/vd开/v的/ude1，/wd每人/r出资/vi一半/m，/wd现在/t已经/d转手/vi给/p别人/rr了/y。/wj
我们/rr也/d是/vshi从/p别人/rr手上/s接/v过/uguo来/f的/ude1，/wd接/v过/uguo来/f后/f并/d没有/d变更/v工商/n登记/vn、/wn税务/n登记/vn等/udeng。/wj
审/v：/wm第二/m被告/n，/wd你/rr和/cc妻子/n的/ude1财产/n是/vshi如何/ryv分配/v的/ude1？/ww
第二/m被告/n：/wm我/rr和/cc我/rr妻子/n是/vshi一家/n人/n，/wd财产/n都/d是/vshi在/p一起/s的/ude1。/wj
他们/rr每月/r分配/vn利润/n后/f，/wd我/rr每月/r领取/v固定/a工资/n2000/m元/q。/wj
审/v：/wm这/rzv家/q店/n究竟/d是/vshi谁/ry开/v的/ude1？/ww
利润/n又/d是/vshi如何/ryv分配/v的/ude1？/ww
第二/m被告/n：/wm实际上/d我们/rr是/vshi两/m家/q合伙/vd开/v的/ude1，/wd我/rr是/vshi给/p我/rr妻子/n王根兰/nr打工/vi，/wd包/v某/rz平/v是/vshi给/p他/rr妹妹/n包俊利/nr打工/vi。/wj
审/v：/wm第二/m被告/n，/wd这家/r福建/ns沙县/ns小吃店/n究竟/d是/vshi哪/ry几/m个/q人/n合伙/vd开/v的/ude1？/ww
第二/m被告/n：/wm2012年/m2月/t份/q是/vshi我/rr妻子/n和/cc包/v某/rz平/a妹妹/n合伙/vd开/v的/ude1，/wd我/rr为/p我/rr妻子/n做事/vi，/wd包/v某/rz平/v是/vshi为/p他/rr妹妹/n做事/vi，/wd2012年/m3月/t18日/t包/v某/rz平/a的/ude1妹妹/n包俊利/nr结婚/vi后/f就/d退出/v合伙/vi，/wd我/rr妻子/n也/d退出/v了/ule合伙/vn，/wd转/v由/p我/rr接受/v合伙/vi，/wd包/v某/rz平/v继续/v和/cc我/rr合伙/vi了/y。/wj
事发/vi时/ng就/d是/vshi我/rr与/p包/v某/rz平/v合伙/vd经营/v这/rzv家/q店/n，/wd但/c这/rzv次/qv事故/n发生/v后/f已经/d全部/m转/vd给/v别人/rr了/y。/wj
审/v：/wm第一/m被告/n，/wd第二/m被告/n以上/f所/usuo述/vg是否/v属实/v？/ww
第一/m被告/n：/wm包某/nr福/n说/v的/ude1都/d是/vshi事实/n。/wj
审/v：/wm第一/m、/wn第二/m被告/n，/wd你们/rr之间/f是/vshi什么/ry关系/n？/ww
第一/m被告/n：/wm我们/rr两/m人/n的/ude1爷爷/n是/vshi兄弟/n，/wd我们/rr是/vshi堂兄弟/n。/wj
第二/m被告/n：/wm我们/rr两/m人/n的/ude1爷爷/n是/vshi兄弟/n，/wd我们/rr是/vshi堂兄弟/n。/wj
审/v：/wm原告/n，/wd你/rr主张/v的/ude1住院费/n医疗费/n中/f是否/v包括/v第一/m被告/n垫付/v的/ude11000/m元/q？/ww
原告/n：/wm不/d包括/v。/wj
审/v：/wm第二/m被告/n，/wd事发/vi时/ng你/rr的/ude1摩托车/n是否/v是/vshi你/rr借/v给/p包/v某/rz平/a的/ude1？/ww
第二/m被告/n：/wm是/vshi我/rr个人/n的/ude1摩托车/n，/wd包/v某/rz平/v当时/t未/d经/p我/rr同意/v就/d骑/v走/v了/y。/wj
审/v：/wm第一/m被告/n，/wd第二/m被告/n以上/f所/usuo述/vg是否/v属实/v？/ww
第一/m被告/n：/wm我/rr自己/rr拿/v了/ule摩托车/n钥匙/n骑/v走/v的/ude1。/wj
审/v：/wm第一/m、/wn第二/m被告/n，/wd平时/t店/n里/f送/v外/f卖/v是否/v也/d是/vshi骑/v这/rzv辆/q摩托车/n？/ww
第一/m被告/n：/wm是/vshi。/wj
