原告/n：/wm陈某/nr欢/vg（/wkz到/v庭/ng）/wky诉讼/vn代理人/n：/wm张某/nr（/wkz到/v庭/ng）/wky被告/n：/wm刘某/nr忠/vg（/wkz到/v庭/ng）/wky被告/n：/wm檀香/n厂/n法定/b代表/n人/n：/wm龚某/nr（/wkz到/v庭/ng）/wky书/n：/wm请/v当事人/n及其/cc诉讼/vn代理人/n入/v庭/ng就/d坐/v。/wj
书/n：/wm请/v肃静/an！/wt
下面/f宣布/v法庭/n纪律/n：/wm根据/p《/wkz中华人民共和国/ns人民法院/nl法庭/n规则/n》/wky的/ude1有关/vn规定/n，/wd下列/b人员/n不得/vi旁听/v开庭/vi：/wm（/wkz一/m）/wky未成年人/n（/wkz经/p法院/n批准/v的/ude1除外/vi）/wky；/wf（/wkz二/m）/wky精神/n病人/n和/cc醉/v酒/n的/ude1人/n；/wf（/wkz三/m）/wky其他/rzv不宜/v旁听/v的/ude1人/n。/wj
当事人/n及其/cc他/rr诉讼/vi参与/v人/n、/wn旁听/v人员/n必须/d遵守/v下列/b纪律/n：/wm1./m未经/d助理/n审判员/n许可/vi，/wd不得/vi录音/vi、/wn录像/n和/cc摄影/vn；/wf2./m不得/vi随意/ad走动/vi，/wd未经/d助理/n审判员/n许可/vi，/wd不准/v进入/v或/c退出/v审判/vn区/n；/wf3./m未经/d助理/n审判员/n许可/vi，/wd不得/vi发言/vi、/wn提问/vn，/wd发言/vn提问/vn时/ng不/d准/a使用/vn侮辱性/n、/wn攻击性/n语言/n；/wf4./m不得/vi鼓掌/vi、/wn喧哗/vi、/wn哄/v闹/v和/cc实施/v其他/rzv妨害/v审判/vn活动/vn的/ude1行为/n；/wf5./m证人/n到/v证人/n室/n听候/v通知/n，/wd不得/vi参加/v旁听/v；/wf6./m所有/b人员/n庭审/v期间/f禁止/v使用/v移动/vn电话/n、/wn传呼机/n、/wn对讲机/n等/udeng通讯/n工具/n；/wf7./n所有/b人员/n庭审/v期间/f禁止/v吸烟/vi。/wj
书/n：/wm全体/n起立/vi！/wt
请/v助理/n审判员/n入/v庭/ng就/d坐/v。/wj
助理/n审判员/n：/wm请/v坐/v下/vf！/wt
书/n：/wm报告/n助理/n审判员/n，/wd参加/v诉讼/vi的/ude1当事人/n已/d入/v庭/ng就/d坐/v，/wd庭审/v准备/vn工作/vn就绪/vi，/wd可以/v开庭/vi。/wj
审/v：/wm现在/t核对/v当事人/n及其/cc诉讼/vn代理人/n的/ude1身份/n。/wj
原告/n：/wm陈/nr1某/rz欢/a，/wd男/b，/wd1952年/m5月/t3日/t出生/vi，/wd汉族/nz，/wd务农/vi，/wd住/vi南昌市/ns新建县/ns望/v城镇/n幸福/a村/n北岸/s陈/nr1家/n自然村/n46/m号/q。/wj
公民身份/n号码/n：/wm360122195209032718/m。/wj
诉讼/vn代理人/n：/wm张某/nr，/wd江西/ns竞平/nr律师/n事务所/n律师/n。/wj
执业/vn证/n号/n：/wm13601199410930073/m。/wj
代理/vn权限/n：/wm代为/v起诉/v、/wn申请/v鉴定/vn，/wd承认/v、/wn变更/vn诉讼/vn请求/n，/wd进行/vx和解/vn等/udeng特别/d授权/v。/wj
第一/m被告/n：/wm刘某/nr忠/vg，/wd男/b，/wd1963年/m9月/t14日/t出生/vi，/wd汉族/nz，/wd务农/vi，/wd住/vi南昌市/ns新建县/ns望/v城镇/n幸福/a村/n家/q莲花/n刘/nr1家/n自然村/n37/m号/q。/wj
公民身份/n号码/n：/wm360122196309142713/m。/wj
第二/m被告/n：/wm檀香/n厂/n，/wd住所/n地/n南昌市/ns湾里区/ns竹山/ns路/n18/nz号/n。/wj
组织/v机构/n代码/n：/wm。/wj
法定/b代表/n人/n：/wm龚某/nr，/wd该/rz檀香/n长/a厂长/n。/wj
审/v：/wm原告/n对/p被告/n出庭/vi人员/n有/vyou无/v异议/n？/ww
原告/n代/v：/wm没有/v异议/n。/wj
审/v：/wm被告/n对/p原告/n出庭/vi人员/n有/vyou无/v异议/n？/ww
第一/m被告/n：/wm没有/v异议/n。/wj
第二/m被告/n代/v：/wm没有/v异议/n。/wj
审/v：/wm经/p审查/vn，/wd原告/n、/wn被告/n出庭/vi人员/n符合/v法律/n规定/n，/wd可以/v参加/v本/n案/x诉讼/vn。/wj
审/v：/wm根据/p《/wkz中华人民共和国/ns民事/b诉讼法/n》/wky的/ude1有关/vn规定/n，/wd江西省/ns南昌市/ns湾里区/ns人民法院/nl今天/t在/p此/rzs就/p原告/n陈某/nr欢/vg诉/vg被告/n刘某/nr忠/vg、/wn檀香/n厂/n提供/v劳务/n者/k受害/vi责任/n纠纷/n一/m案/x进行/vx公开/ad审理/v，/wd（/wkz敲击/v法/n槌/ng）/wky现在/t宣布/v开庭/vi。/wj
审/v：/wm根据/p《/wkz中华人民共和国/ns民事/b诉讼法/n》/wky的/ude1有关/vn规定/n，/wd本/rz案/x由/p本/rz院/n助理/n审判员/n适用/vi简易/a程序/n独/d任/v审理/v，/wd书记员/n担任/v记录/n。/wj
审/v：/wm根据/p《/wkz中华人民共和国/ns民事/b诉讼法/n》/wky第四十九/m条/q、/wn第五十/m条/q、/wn第五十一/m条/q、/wn第一百一十八/m条/q、/wn第一百四十三/m条/q、/wn第一百四十四/m条/q的/ude1规定/n，/wd民事/b诉讼/vn当事人/n有/vyou以下/f诉讼/vn权利/n和/cc义务/n：/wm（/wkz一/m）/wky有/vyou就/d案/x件/q事实/n进行/vx陈述/vn和/cc申辩/vi的/ude1权利/n；/wf（/wkz二/m）/wky有/vyou委托/vn代理人/n，/wd收集/v、/wn提供/v证据/n、/wn进行/vx辩论/vn，/wd请求/v调解/vn，/wd提起/v上诉/v，/wd申请/v执行/v的/ude1权利/n；/wf（/wkz三/m）/wky原告/n可以/v放弃/v或者/c变更/v诉讼/vn请求/n，/wd被告/n可以/v承认/v、/wn反驳/vn原告/n诉讼/vn请求/n，/wd有/vyou权/n提起/v反诉/vi；/wf（/wkz四/m）/wky双方/n当事人/n必须/d依法/d行使/v诉讼/vn权利/n，/wd遵守/v诉讼/vn秩序/n，/wd未经/d审判员/n同意/v不得/vi擅自/d发言/vi；/wf（/wkz五/m）/wky原告/n未经/d法庭/n许可/vn中途/d退庭/v的/ude1，/wd可/v按/p撤诉/vi处理/v，/wd被告/n未经/d法庭/n许可/vn中途/d退庭/v的/ude1，/wd可以/v缺席/vd判决/v；/wf（/wkz六/m）/wky双方/n当事人/n有/vyou义务/n自觉/ad履行/v发生/v法律/n效力/vi的/ude1判决/vn、/wn裁定/vn和/cc调解书/n，/wd并/cc按规定/n缴纳/v诉讼/vn费用/n。/wj
审/v：/wm原/b、/wn被告/n对/p诉讼/vn权利/n、/wn义务/n是否/v清楚/a？/ww
原告/n代/v：/wm清楚/a。/wj
第一/m被告/n：/wm清楚/a。/wj
第二/m被告/n代/v：/wm清楚/a。/wj
审/v：/wm在/p庭审/v过程/n中/f，/wd当事人/n除/p享有/v以上/f诉讼/vn权利/n以外/f，/wd还有/v申请/v审判/vn人员/n及/cc有关/vn人员/n回避/v的/ude1权利/n。/wj
如果/c你们/rr认为/v法庭/n审判/vn人员/n、/wn书记员/n与/cc本/n案/x有/vyou直接/a利害/n关系/n或者/c有/vyou其他/rzv关系/n，/wd可能/v影响/v公正/a审判/vn的/ude1，/wd可以/v提出/v事实/n或/c理由/n申请/v回避/v。/wj
审/v：/wm原告/n是否/v申请/v回避/v？/ww
原告/n代/v：/wm不/d申请/v回避/v。/wj
审/v：/wm被告/n是否/v申请/v回避/v？/ww
第一/m被告/n：/wm不/d申请/v回避/v。/wj
第二/m被告/n代/v：/wm不/d申请/v回避/v。/wj
审/v：/wm本/n案/x在/p第一/m次/qv庭审/vn中/f，/wd因/p原告/n当庭/d变更/v了/ule诉讼/vn请求/n，/wd本/rz院/n应/v两/m被告/n请求/v重新/d指定/v了/ule举/v证/n期/qv、/wn答辩/vn期/qv。/wj
现在/t继续/v开庭/vi。/wj
根据/p《/wkz最高人民法院/nt关于/p适用/a简易/a程序/n审理/v民事/b案/x件/q若干/m问题/n的/ude1规定/n》/wky第十四/m条/q之/uzhi规定/n，/wd本/rz案/x在/p审理/v时/ng应当/v由/p法院/n先行/vd调解/v。/wj
原告/n是否/v同意/v法庭/n进行/vx调解/vn？/ww
原告/n：/wm同意/v。/wj
审/v：/wm被告/n是否/v同意/v法庭/n进行/vx调解/vn？/ww
第一/m、/wn二/m被告/n：/wm同意/v。/wj
审/v：/wm现在/t先/d由/p原告/n提出/v调解/v方/q案/x？/ww
原告/n：/wm要求/v被告/n赔偿/vn医疗费/n、/wn营养/n费/n、/wn残疾/n赔偿金/n等/udeng各项/r损失/n费用/n合计/v52000/m元/q，/wd残疾/n赔偿金/n按/p江西省/ns统计/v数据/n南昌市/ns农民/n年均/v收入/n9730/m元/q计算/vn。/wj
医疗费/n中/f未/d扣除/v新/a农/ng合/v保险/n报销/v部分/n，/wd因/p新/a农/ng合/v保险/n属于/v保险/n法律/n关系/n与/cc本/n案/x侵权/vn关系/n属于/v两/m个/q法律/n关系/n。/wj
审/v：/wm被告/n，/wd是否/v同意/v原告/n提出/v的/ude1调解/vn方/d案/x？/ww
第一/m、/wn二/m被告/n：/wm我方/r不/d同意/v原告/n提出/v的/ude1方/q案/x。/wj
审/v：/wm由于/p两/m被告/n不/d同意/v调解/vn，/wd现在/t继续/v开庭/vi。/wj
审/v：/wm现在/t由/p被告/n针对/p原告/n起诉/vn中/f的/ude1请求/n和/cc理由/n作出/v承认/v或者/c否认/v的/ude1答辩/vn。/wj
先/d由/p第一/m被告/n答辩/vn？/ww
第一/m被告/n：/wm我方/r认为/v原告/n住院/vn天数/n过/uguo长/a，/wd按/p原告/n的/ude1伤残/vn等级/n不/d应该/v住院/vi这么/rz多/m天/qt。/wj
审/v：/wm现在/t由/p第二/m被告/n答辩/vn？/ww
第二/m被告/n代/v：/wm责任/n划分/vn方面/n原告/n明知/v第一/m被告/n没有/v相关/vn资质/n仍/d到/v第一/m被告/n处/vi打工/vi且/c原告/n未/d按/p第一/m被告/n施工/vn要求/n进行/vx施工/vn，/wd其/rz本人/rr应/v承担/v一定/b的/ude1责任/n。/wj
审/v：/wm本/rz院/n于/p2013年/m9月/t6日/t组织/v原/b、/wn被告/n进行/vx庭/ng前/f证据/n交换/v。/wj
原告/n陈某/nr欢/vg向/p本/rz院/n提交/v了/ule以下/f证据/n：/wm第一/m组/q证据/n是/vshi：/wm原告/n身份证/n、/wn户口簿/n、/wn被告/n刘某/nr忠/vg的/ude1人口/n信息/n、/wn被告/n天/qt宁/b檀香/n厂/n的/ude1企业/n信息/n，/wd用以/d证明/v原/b、/wn被告/n主体/n资格/n。/wj
