该/rz证词/n不/d具有/v真实性/n，/wd就/p证人/n所/usuo处/vi的/ude1位置/n是/vshi看不到/v原告/n摔倒/v过程/n的/ude1。/wj
第二/m被告/n代/v：/wm我/rr方/d对/p证人/n证言/n的/ude1真实性/n、/wn合法性/n、/wn关联性/n均/d没有/v异议/n，/wd我/rr也/d不/d在/p现场/s。/wj
审/v：/wm第一/m被告/n，/wd你/rr对/p证人/n证言/n是否/v有/vyou异议/n？/ww
第一/m被告/n：/wm没有/v异议/n。/wj
审/v：/wm第一/m被告/n是否/v还/d有/vyou证据/n向/p法庭/n提供/v？/ww
第一/m被告/n：/wm没有/v。/wj
审/v：/wm根据/p原告/n申请/v，/wd本/rz院/n委托/v江西/ns天/qt剑/n司法/n鉴定/vn中心/n对/p原告/n陈/vg某/rz欢/a伤情/n进行/vx了/ule鉴定/vn，/wd江西/ns天/qt剑/n司法/n鉴定/vn中心/n出具/v了/ule赣/b天/n剑/n司/vg鉴/ng[/wkz2013/m]/wky法医/n鉴/vg字/n第/m（/wkz742/m）/wky号/q司法/n鉴定/vn意见/n书/n，/wd现在/t由/p原/b、/wn被告/n对/p鉴定/vn意见/n书/n进行/vx质证/v？/ww
原告/n：/wm对/p鉴定/vn意见/n书/n的/ude1真实性/n、/wn合法性/n、/wn关联性/n均/d无/v异议/n。/wj
第一/m被告/n：/wm对/p鉴定/vn意见/n书/n的/ude1真实性/n、/wn合法性/n、/wn关联性/n均/d无/v异议/n。/wj
第二/m被告/n代/v：/wm对/p鉴定/vn意见/n书/n的/ude1真实性/n、/wn合法性/n、/wn关联性/n均/d无/v异议/n。/wj
审/v：/wm经/p庭审/v举/v证/n、/wn质证/v，/wd本庭/nrf根据/p诉讼/vn证据/n规则/n的/ude1要求/n，/wd结合/v当事人/n的/ude1质证/v意见/n，/wd对/p双方/n没有/v异议/n的/ude1证据/n的/ude1真实性/n、/wn合法性/n、/wn关联性/n予以/vx确认/vn，/wd有/vyou异议/n的/ude1证据/n暂/d不/d予/vg确认/v，/wd待/vi本庭/nrf结合/v其他/rzv证据/n并/cc综合/vn整个/b案/x情/n后/f再/d依法/d予以/vx认定/vn。/wj
审/v：/wm就/p本/n案/x事实/n，/wd原/b、/wn被告/n可/v有/vyou问题/n需要/v向/p对方/n发问/vi？/ww
原告/n：/wm不/d需要/v。/wj
第一/m被告/n：/wm不/d需要/v。/wj
第二/m被告/n代/v：/wm不/d需要/v。/wj
审/v：/wm本庭/nrf有/vyou几/m个/q问题/n询问/v，/wd请/v如实/vd回答/v。/wj
原告/n：/wm好/a的/ude1。/wj
第一/m被告/n：/wm好/a的/ude1。/wj
第二/m被告/n代/v：/wm好/a的/ude1。/wj
审/v：/wm原告/n，/wd你/rr与/p两/m被告/n之间/f分别/d是/vshi什么/ry关系/n？/ww
原告/n：/wm我/rr与/p第一/m被告/n没什么/vl关系/n，/wd只是/c在/p一起/s做/v事/n时/ng认识/v的/ude1，/wd我/rr是/vshi帮/v第一/m被告/n打工/vi的/ude1。/wj
我/rr是/vshi在/p第二/m被告/n处/n生产/vn车间/n翻修/vn屋面/n。/wj
审/v：/wm你/rr是/vshi什么/ry时候/n到/v第二/m被告/n处/vi打工/vi的/ude1？/ww
原告/n：/wm出事/vi前/f一/m天/qt我/rr在/p南/b堡/ng村/n做事/vi，/wd然后/c接到/v第一/m被告/n的/ude1电话/n叫/vi我/rr去/vf第二/m被告/n处/vi做事/vi，/wd我/rr就/d去/vf了/y。/wj
审/v：/wm你/rr在/p工地/n上/f做/v什么/ry事/n？/ww
原告/n：/wm做/v杂/a工/n。/wj
老板/n叫/vi我/rr做/v什么/ry我/rr就/d做/v什么/ry的/ude1。/wj
审/v：/wm从事/vi杂/a工/n，/wd有/vyou资格/n证/n吗/y？/ww
原告/n：/wm没有/v。/wj
审/v：/wm第一/m被告/n与/p你/rr有/vyou签订/v做事/vi的/ude1合同/n吗/y？/ww
原告/n：/wm没有/v。/wj
审/v：/wm你/rr在/p第二/m被告/n处/vi打工/vi，/wd工资/n是/vshi如何/ryv计算/v的/ude1？/ww
如何/ryv发放/v的/ude1？/ww
原告/n：/wm一/m天/qt130/m元/q，/wd是/vshi第一/m被告/n发/v的/ude1。/wj
审/v：/wm第一/m被告/n，/wd原告/n所/usuo说/v工资/n的/ude1计算/vn和/cc发放/v属实/v吗/y？/ww
第一/m被告/n：/wm属实/v。/wj
审/v：/wm原告/n，/wd你/rr发生/v事故/n后/f，/wd共/d花/v去/vf多少/ry医药费/n？/ww
原告/n：/wm以/p医院/n结/v账单/n为/p准/a。/wj
审/v：/wm原告/n，/wd你/rr受伤/vi后/f，/wd被告/n总共/d给/v了/ule你/rr多少/ry钱/n？/ww
谁/ry给/v的/ude1？/ww
原告/n：/wm一/m共/d给/v了/ule24000/m元/q。/wj
是/vshi第一/m被告/n给/u的/ude1。/wj
审/v：/wm原告/n，/wd你/rr的/ude1收条/n上/f说/v收到/v25000/m元/q，/wd是/vshi怎么/ryv回/v事/n？/ww
原告/n：/wm我/rr受伤/vi后/f，/wd第一/m被告/n送/v我/rr去/vf医院/n花/v了/ule1000/m元/q的/ude1车费/n，/wd故/c我/rr就/d打/v了/ule一/m张/q总/d共/d收到/v25000/m元/q的/ude1收条/n。/wj
审/v：/wm第一/m被告/n，/wd原告/n上述/b收条/n的/ude1事/n，/wd属实/v吗/y？/ww
第一/m被告/n：/wm属实/v。/wj
审/v：/wm原告/n，/wd你/rr在/p住院/vi期间/f由/p谁/ry护理/v？/ww
原告/n：/wm一/m开始/v请/v了/ule一个/mq护/v工/n护理/v了/ule两/m天/qt，/wd每天/r130/m元/q，/wd还要/d管/v吃/v，/wd太/d贵/a，/wd就/d没/d请/v了/y，/wd后来/t就/d请/v叫/vi我/rr的/ude1几/m个/q女儿/n女婿/n轮流/vd来/vf护理/v的/ude1。/wj
审/v:/x你/rr女儿/n女婿/n是/vshi做/v什么/ry的/ude1？/ww
原告/n：/wm都/d是/vshi打工/vi的/ude1。/wj
审/v：/wm你/rr在/p发生/v事故/n前/f在/p家/n还/d种/q地/n吗/y？/ww
原告/n：/wm不/d打工/vi的/ude1时候/n，/wd在家/vi会/v种地/vi。/wj
审/v：/wm你/rr在/p工地/n上/f做/v事/n时/ng，/wd有/vyou采取/v安全/an措施/n吗/y？/ww
原告/n：/wm没有/v任何/rz安全/an措施/n。/wj
审/v：/wm原告/n，/wd你/rr详细/ad说/v下/vf你/rr受伤/vi的/ude1经过/n？/ww
原告/n：/wm我/rr上/f到/v屋顶/n后/f，/wd发现/v需要/v用/p工具/n取/v屋顶/n黄/nr1板/ng上/f的/ude1钉子/n，/wd我/rr就/d下/vf楼梯/n，/wd下来/vf的/ude1时候/n就/d摔倒/v了/y。/wj
审/v：/wm原告/n，/wd上下/n楼梯/n的/ude1梯子/n是/vshi长/a的/ude1，/wd还是/d短/a的/ude1？/ww
原告/n：/wm短/a的/ude1，/wd因/p长/a梯子/n太/d长/a太/d重/a了/y，/wd短/a梯子/n也/d能够/v到/v屋檐/n。/wj
审/v：/wm第一/m被告/n，/wd原告/n所/usuo说/v属实/v吗/y？/ww
第一/m被告/n：/wm不/d是/vshi事实/n，/wd我/rr让/v他们/rr用/p长/a梯子/n，/wd长/a梯子/n虽然/c有/vyou点/qt重/a，/wd但/c有/vyou五六/m个/q人/n在场/vi是/vshi可以/v搬/v的/ude1，/wd是/vshi他们/rr自己/rr觉得/v不/d方便/v要/v用/p短/a的/ude1。/wj
而且/c取/v钉子/n的/ude1工具/n都/d在/p屋顶/n上/f，/wd不/d需要/v下/vf到/v地面/n来/vf拿/v工具/n。/wj
审/v：/wm第一/m被告/n，/wd你/rr给/p工人/n提供/v了/ule哪些/ry安全/an保障/vn措施/n吗/y？/ww
第一/m被告/n：/wm没有/v。/wj
审/v：/wm第一/m被告/n，/wd第二/m被告/n是/vshi怎么/ryv与/p你/rr结算/v工程/n款/n的/ude1？/ww
第一/m被告/n：/wm每/rz平方米/q18元/nr。/wj
审/v：/wm第二/m被告/n，/wd你/rr让/v第一/m被告/n翻修/vn屋面/n，/wd你们/rr之间/f有/vyou签订/v合同/n吗/y？/ww
第二/m被告/n：/wm我/rr不/d太/d清楚/a，/wd翻修/v合同/n是/vshi我/rr父亲/n签/v的/ude1，/wd我/rr没有/d经办/v。/wj
审/v：/wm第一/m被告/n，/wd发生/v事故/n的/ude1地方/n是/vshi在/p第二/m被告/n车间/n吗/y？/ww
第一/m被告/n：/wm是的/vl。/wj
审/v：/wm原告/n，/wd你/rr是/vshi在/p哪/ry摔倒/v的/ude1？/ww
原告/n：/wm我/rr是/vshi在/p天/n宁/ag檀香/n厂/n摔倒/v的/ude1。/wj
审/v：/wm第一/m被告/n，/wd你/rr承包/v工程/n的/ude1材料/n和/cc工人/n费/n是/vshi由/p谁/ry支付/v？/ww
第一/m被告/n：/wm我/rr是/vshi包工/vn包/n料/n的/ude1。/wj
工人/n工资/n是/vshi我/rr发/v的/ude1。/wj
审/v：/wm第一/m被告/n，/wd证人/n刘宣彬/nr与/p你/rr是/vshi堂兄弟/n关系/n吗/y？/ww
第一/m被告/n：/wm是的/vl。/wj
审/v：/wm第一/m被告/n，/wd你/rr组/n施工/vn队/n从事/vi翻修/v工程/n，/wd有/vyou相关/vn资质/n吗/y？/ww
第一/m被告/n：/wm没有/v。/wj
审/v：/wm第二/m被告/n，/wd你/rr将/p工程/n包/v给/p第一/m被告/n时/ng，/wd是否/v知道/v第一/m被告/n有/vyou相关/vn资质/n？/ww
第二/m被告/n：/wm我/rr不/d知道/v第一/m被告/n有/vyou没/d有/vyou相关/vn资质/n。/wj
审/v：/wm法庭/n调查/v结束/v，/wd现在/t进行/vx法庭/n辩论/vn。/wj
先/d由/p原告/n发表/v辩论/vn意见/n？/ww
原告/n代/v：/wm第一/m，/wd关于/p被告/n所/usuo请/v的/ude1证人/n所/usuo作/v证词/n的/ude1法律/n效力/n问题/n，/wd证人/n是/vshi第一/m被告/n的/ude1堂兄弟/n，/wd有/vyou亲属/n关系/n，/wd第一/m被告/n给/p证人/n发/v工资/n，/wd双方/n又/d有/vyou利益/n关系/n。/wj
