当时/t我/rr打/v原告/n的/ude1时候/n，/wd原告/n也/d还/d了/ule手/n，/wd他/rr拿/v的/ude1是/vshi铁棍/n也/d打/v了/ule我/rr几/m下/f，/wd原告/n方/q人/n多/a，/wd打/v完/vi之后/f，/wd我/rr就/d坐/v车/n走/v了/y，/wd一直/d在/p外地/s做/v水果/n生意/n，/wd2011年/m9月/t回来/v之后/f，/wd发现/v原告/n报/v了/ule案/x，/wd我/rr自己/rr就/d去/vf了/ule派出所/n询问/v情况/n。/wj
从事/vi发/v到/p现在/t时间/n已/d过/vf了/ule两年/m，/wd我/rr不/d知道/v你们/rr为什么/ryv还/d会/v受理/v该/v案/x，/wd本/rz案/x已/d过/uguo两年/m的/ude1诉讼/vn时效/n；/wf还有/v原告/n提供/v的/ude1派出所/n的/ude1询问/vn笔录/n都/d是/vshi伪造/v的/ude1，/wd第1/m、/wn2/n页/q是/vshi真实/a的/ude1，/wd第3/m页/q之后/f就/d都/d是/vshi假/a的/ude1，/wd签名/vi是/vshi用/p电脑/n扫描/v下来/vf，/wd然后/c复印/v的/ude1，/wd原告/n连/ulian笔录/n都/d能/v修改/v，/wd说明/v原告/n所/usuo说/v的/ude1话/n或/c提供/v的/ude1任何/rz证据/n都/d不/d能/v生效/vi，/wd对/p原告/n的/ude1赔偿/vn请求/n我/rr要求/v法院/n予以/vx驳回/vn，/wd况且/c在/p那/rzv次/qv打架/vi过程/n中/f我/rr也/d被/pbei打/v了/ule也/d受/v了/ule伤/n。/wj
审/v：/wm现/tg本/rz合议庭/n归纳/v一下/mq双方/n的/ude1争议/vn焦点/n：/wm1/a、/wn本/n案/x是否/v已/d过/uguo诉讼/vn时效/n？/ww
2/b、/wn被告/n邓某/nr林/ng是否/v应当/v承担/v赔偿/vn责任/n？/ww
3/n、/wn被告/n邓某/nr勇/ag是否/v应当/v承担/v赔偿/vn责任/n及/cc责任/n大/a小/a？/ww
审/v：/wm原/b、/wn被告/n对本/r合议庭/n归纳/v的/ude1争议/vn焦点/n是否/v有/vyou异议/n？/ww
原告/n代/v：/wm没有/v异议/n。/wj
第一/m被告/n：/wm没有/v异议/n。/wj
第二/m被告/n：/wm没有/v异议/n。/wj
审/v：/wm现在/t继续/v法庭/n调查/vn，/wd由/p原/b、/wn被告/n举/ng证/n、/wn质证/v。/wj
举/v证/n应/v围绕/v自己/rr的/ude1主张/n进行/vx，/wd按/p顺序/n一一列举/vl，/wd将/p证据/n的/ude1出处/n、/wn证据/n的/ude1名称/n及/cc证明/v目的/n逐一/d表述/v，/wd质证/v时/ng质证/v方/d应/v围绕/v证据/n的/ude1真实性/n、/wn合法性/n、/wn关联性/n及/cc证据/n的/ude1证明/vn力/n大/a小/a简要/ad阐述/v自己/rr的/ude1观点/n。/wj
所有/b证据/n应/v在/p质证/v阶段/n出示/v，/wd否则/c合议庭/n不/d予以/vx认证/vn。/wj
先/d由/p原告/n出示/v证据/n？/ww
原告/n代/v：/wm第一/m组/q证据/n是/vshi原告/n王某/nr安/v的/ude1身份证/n（/wkz复印件/n）/wky一/m份/q、/wn被告/n邓某/nr林/ng、/wn邓某/nr勇/ag的/ude1常住/vn人口/n详细/a信息/n二/m份/q，/wd用以/d证明/v原/b、/wn被告/n诉讼/vn主体/n资格/n适/ag格/ng。/wj
第二/m组/q证据/n是/vshi湾里区/ns招贤/v镇/n派出所/n2011年/m3月/t4日/t对/p王某/nr安/v作/v的/ude1报/n案/x笔录/n、/wn受/v案/x登记表/n、/wn2011年/m3月/t8日/t对/p杨星/nr作/v的/ude1询问/vn笔录/n、/wn2011年/m3月/t4日/t对/p王令良/nr作/v的/ude1询问/vn笔录/n、/wn2011年/m3月/t4日/t对/p王曾宝/nr作/v的/ude1询问/vn笔录/n、/wn2011年/m3月/t8日/t对/p杨才桂/nr作/v的/ude1询问/vn笔录/n、/wn2011年/m9月/t7日/t对/p邓某/nr勇/ag作/v的/ude1询问/vn笔录/n、/wn2013年/m6月/t5日/t对/p邓某/nr林/ng作/v的/ude1询问/vn笔录/n、/wn南昌/ns市/n公安局/n《/wkz人体/n损伤/vn检验/vn证明/n》/wky、/wn南昌/ns市/n公安局/n湾/ng里/f分局/n2013年/m9月/t24日/t出具/v的/ude1《/wkz公安/n行政/n处罚/vn决定书/n》/wky【/wkz湾/ng公/ng（/wkz招/n）/wky决/vg字/n（/wkz2011/m）/wky第0065/m号/q】/wky、/wn【/wkz湾/ng公/ng（/wkz招/n）/wky决/vg字/n（/wkz2013/m）/wky第013/m号/q】/wky，/wd用以/d证明/v邓某/nr勇/ag、/wn邓/nr1某/rz林/ng多次/mq纠集/v10/n多/m个/q人/n干扰/vn施工/vn，/wd2011年/m3月/t4日/t带/v10/n多/m个/q人/n手/n持/v凶器/n干扰/vn工地/n建设/vn，/wd并/cc打/v伤/v原告/n，/wd致/v其/rz损伤/vn程度/n为/v轻微/ad伤/v甲级/b，/wd住院/vi治疗/v11/z天/n；/wf邓某/nr勇/ag、/wn邓某/nr林/ng2011年/m3月/t4日/t带/v10/n多/m个/q人/n手/n持/v凶器/n打/v伤/v原告/n时/ng，/wd原告/n没有/d还手/vi；/wf原告/n到/v工地/n是/vshi镇/n、/wn村/n派/v去/vf的/ude1；/wf王某/nr安/v被/pbei被告/n打/v伤/v多/m处/q，/wd其/rz损失/n程度/n为/v轻微/ad伤/v甲级/b，/wd湾里区/ns公安/n分局/n对/p被告/n邓某/nr林/ng、/wn邓某/nr勇/ag仅/d进行/vx了/ule行政/n处罚/vn；/wf邓/nr1某/rz林/ng到/v案/x时间/n为/p2013年/m6月/t5日/t，/wd之前/f，/wd邓某/nr林/ng一直/d在/p潜逃/vi外/f，/wd因为/p邓/nr1某/rz林/ng未/d到/v案/x，/wd公安/n机关/n不便/an对/p邓某/nr林/ng、/wn邓某/nr勇/ag在/p原告/n损害/vn程度/n上/f作出/v处理/vn。/wj
第三/m组/q证据/n是/vshi南昌市/ns洪/ng都/d中医院/n、/wn南昌市/ns骨伤/n医院/n的/ude1门诊/n病历/n（/wkz复印件/n）/wky、/wn出院/vi记录/v（/wkz复印件/n）/wky、/wn南昌市/ns洪/ng都/d中医院/n的/ude1江西省/ns医院/n住院费/n收据/n一/m张/q（/wkz复印件/n）/wky、/wn南昌市/ns洪/ng都/d中医院/n患者/n费用/n明细/b汇总/vn单/d二/m张/q（/wkz复印件/n）/wky、/wn王令梁/nr2011年/m5月/t2日/t出具/v的/ude1车费/n收条/n和/cc王某/nr安/v被/pbei打/v后/f用/p车/n明细/a，/wd用以/d证明/v原告/n被/pbei被告/n打/v伤/n后/f，/wd在/p南昌市/ns洪/ng都/d中医院/n、/wn南昌市/ns骨伤/n医院/n住院/vi治疗/v11/d天/qt，/wd用/v去/vf医药费/n2734./m8/a元/q；/wf在/p新建/v县/n人民/n医院/n用/v去/vf医药费/n等/udeng1200/m元/q未/d有/vyou收据/n、/wn南昌市/ns第四/m医院/n医药费/n等/udeng费用/n500/m元/q，/wd王某/nr安/v被/pbei打/v后/f其/rz仅/d用于/v打/v王令梁/nr车/n的/ude1车费/n就/d花/v了/ule1200/m元/q。/wj
第/m四/m组/q证据/n是/vshi南昌市/ns湾里区/ns招贤/v镇/n、/wn港/n下/vf村/n2013年/m7月/t14日/t出具/v的/ude1证明/n、/wn王某/nr安/v、/wn周菊/nr女/b的/ude1养猪场/n的/ude1摄像/vn、/wn照片/n，/wd用以/d证明/v原告/n居住地/n为/v湾/ng里/f城区/n规划/n内/f；/wf原告/n受伤/vi前/f为/v港/n下/vf村干部/n，/wd且/c系/v养猪/v专业户/n，/wd经常/d在/p外/f做/v建筑工程/n，/wd其/rz年均/v收入/n10/n万/m元/q以上/f；/wf周菊/nr女/b系/n江西/ns中医药/n大学/n得/ude3月/n楼/n宾馆/n职工/n，/wd且/c家/n有/vyou一个/mq养猪场/n；/wf王某/nr安/v是/vshi经/p镇里/n同意/v，/wd村里/n安排/v到/v港/n下/f还/d建房/vi工地/n做事/vi的/ude1，/wd其/rz行为/n是/vshi职务/n行为/n不/d是/vshi个人/n行为/n。/wj
第五/m组/q证据/n是/vshi江西省/ns中医药/n大学/n2013年/m7月/t15日/t出具/v的/ude1证明/n，/wd用以/d证明/v周菊/nr女/b居住地/n为/v湾/ng里/f城区/n，/wd长期/d居住/v在/p湾里区/ns兴/v湾/ng大道/n招贤/v镇/n还/d建/v小区/n北/f区/n；/wf周菊/nr女/b从/p2006年/m9月/t至/p现在/t一直/d在/p中医药/n大学/n得/ude3月/n楼/n宾馆/n工作/vn。/wj
家里/s还/d有/vyou一个/mq存栏/vi200/m多/m头/q猪/n的/ude1养猪/vn厂/n，/wd月/n均/d收入/v远/ad超/v我省/n我市/r城镇/n在岗/b职工/n平均/a工资/n3304./m25/m元/q标准/n。/wj
审/v：/wm由/p被告/n分别/d质证/v？/ww
第一/m被告/n：/wm先/d由/p第二/m被告/n发表/v意见/n。/wj
第二/m被告/n：/wm对/p第一/m组/q证据/n的/ude1真实性/n、/wn合法性/n、/wn关联性/n均/d无/v异议/n。/wj
对/p第二/m组/q证据/n的/ude1真实性/n、/wn合法性/n、/wn关联性/n均/d有/vyou异议/n（/wkz除/p邓某/nr林/ng的/ude1询问/vn笔录/n外/f）/wky，/wd理由/n是/vshi派出所/n的/ude1公章/n也/d可以/v伪造/v，/wd我/rr不/d是/vshi强/ad揽/v工程/n，/wd我/rr是/vshi事先/d打/v了/ule招呼/v的/ude1，/wd而且/c我/rr不/d是/vshi带/v了/ule十/m多/m个/q人/n，/wd我/rr只/d带/v了/ule五/m个/q人/n去/vf；/wf证人/n杨星/nr的/ude1笔录/n中/f所/usuo说/v都/d是/vshi假/a的/ude1，/wd实际上/d我/rr只/d带/v了/ule一/m次/qv人/n去/vf打架/vi，/wd杨星/nr不/d可能/v认识/v我/rr，/wd我/rr也/d不/d认识/v他/rr；/wf证人/n王令良/nr的/ude1笔录/n中/f所/usuo说/v也/d不/d真实/a的/ude1，/wd我/rr没有/d拿/v鱼叉/n，/wd只/d拿/v了/ule砍刀/n，/wd我/rr没有/d说/v要/v强行/d做/v这个/rz工程/n，/wd只是/d想/v让/v村民/n在/p工地/n上/f做/v点/qt小工/n；/wf证人/n王曾宝/nr的/ude1笔录/n中/f所/usuo说/v的/ude1不/d是/vshi事实/n，/wd我/rr只/d带/v了/ule五/m个/q人/n去/vf，/wd没有/v十五/m个/q人/n，/wd估计/v有/vyou一些/mq是/vshi在/p旁边/f看热闹/vi的/ude1；/wf证人/n杨才桂/nr的/ude1笔录/n中/f所/usuo说/v不/d是/vshi事实/n，/wd我/rr带/v人/n打架/vi只/d去/vf了/ule一/m次/qv，/wd还有/v一/m次/qv是/vshi去/vf商谈/v做/v小/a工/n的/ude1事/n；/wf对/p我/rr的/ude1笔录/n与/p我/rr在/p派出所/n所/usuo做/v的/ude1笔录/n不/d一样/uyy，/wd虽/c笔录/n上/f有/vyou我/rr的/ude1签名/vn，/wd但/c不/d排除/v是/vshi原告/n扫描/v下来/vf再/d复印/v的/ude1，/wd邓某/nr林/ng是/vshi路过/v的/ude1，/wd他/rr没有/d动手/vi；/wf对/p邓某/nr林/ng所/usuo作/v的/ude1询问/vn笔录/n的/ude1真实性/n、/wn合法性/n、/wn关联性/n均/d无/v异议/n。/wj
