南昌市/ns公安局/n《/wkz人体/n损伤/vn检验/vn证明/n》/wky中/f所/usuo述/vg不/d是/vshi事实/n，/wd我/rr只/d打/v了/ule他/rr背部/n，/wd没有/d打/v他/rr大腿/n和/cc手/n；/wf《/wkz公安/n行政/n处罚/vn决定书/n》/wky中/f所/usuo述/vg有/vyou异议/n，/wd就是/v我/rr打/v了/ule原告/n三/m下/f，/wd邓某/nr林/ng没/d打/v原告/n，/wd原告/n受/v了/ule伤/n，/wd我/rr也/d被/pbei打/v也/d受/v了/ule伤/n。/wj
对/p第三/m组/q证据/n的/ude1真实性/n、/wn合法性/n、/wn关联性/n均/d有/vyou异议/n，/wd理由/n是/vshi原告/n哪里/rys受伤/vi了/ule自己/rr都/d说/v不/d出来/vf，/wd依照/p原告/n伤情/n，/wd他/rr不/d可能/v住院/vi那么/rz多/m天/qt，/wd而且/c法医/n鉴定/vn限制/vn医疗费/n在/p800/m元/q以内/f。/wj
对/p第四/m组/q证据/n的/ude1真实性/n、/wn合法性/n、/wn关联性/n均/d有/vyou异议/n，/wd理由/n是/vshi该/rz证明/v是/vshi先/d盖章/vi后/f写/v的/ude1字/n；/wf照片/n和/cc光盘/n是/vshi真实/a的/ude1，/wd但/c不/d能/v证明/v原告/n是/vshi养猪/v专业户/n。/wj
对/p第五/m组/q证据/n的/ude1真实性/n、/wn合法性/n、/wn关联性/n无/v异议/n，/wd但/c我/rr老婆/n也/d在/p那里/rzs做事/vi，/wd但/c工资/n只/d有/vyou几/m百/m元/q一/m个/q月/n。/wj
审/v：/wm现在/t由/p第一/m被告/n发表/v意见/n？/ww
第一/m被告/n：/wm与/p第二/m被告/n的/ude1质证/v意见/n一致/an。/wj
审/v：/wm对/p被告/n未/d提出/v异议/n、/wn本庭/nrf认为/v可以/v认证/vi的/ude1证据/n，/wd本庭/nrf予以/vx确认/vn；/wf对/p被告/n提出/v异议/n的/ude1证据/n，/wd本庭/nrf暂/d不/d予/vg确认/v，/wd待/vi本庭/nrf结合/v其他/rzv证据/n并/cc综合/vn整个/b案/x情/n后/f再/d依法/d予以/vx认定/vn。/wj
原告/n继续/v出示/v证据/n？/ww
原告/n代/v：/wm我方/r举/v证/n完毕/vi。/wj
审/v：/wm现在/t由/p被告/n出示/v证据/n？/ww
先/d由/p第一/m被告/n出示/v证据/n？/ww
第一/m被告/n：/wm没有/v。/wj
审/v：/wm第二/m被告/n出示/v证据/n？/ww
第二/m被告/n：/wm没有/v。/wj
审/v：/wm原/b、/wn被告/n是否/v还/d有/vyou证据/n向/p法庭/n提供/v？/ww
原告/n代/v：/wm没有/v。/wj
第一/m、/wn二/m被告/n：/wm没有/v。/wj
审/v：/wm原/b、/wn被告/n是否/v需要/v就/d本/d案/x尚未/d查清/v的/ude1事实/n相互/d发问/vi？/ww
原告/n代/v：/wm需要/v。/wj
第一/m、/wn二/m被告/n：/wm需要/v。/wj
审/v：/wm先/d由/p原告/n发问/vi？/ww
原告/n代/v：/wm被告/n邓某/nr林/ng，/wd你们/rr叫/vi了/ule十/m多/m个/q人/n去/vf工地/n闹事/vi打/v人/n是/vshi事实/n吗/y？/ww
邓某/nr林/ng：/wm不/d是/vshi事实/n。/wj
原告/n代/v：/wm你/rr能否/v将/d打/v人/n的/ude1情况/n向/p法庭/n陈述/v一下/mq？/ww
邓某/nr林/ng：/wm我/rr没有/d打/v人/n，/wd只是/d路过/v的/ude1。/wj
原告/n代/v:/x你/rr是/vshi什么/ry时候/n到/v派出所/n到/v案/x的/ude1？/ww
邓某/nr林/ng：/wm根本/n就/d不/d叫/vi到/v案/x，/wd我/rr是/vshi被/pbei叫/vi去/vf咨询/v的/ude1，/wd具体/a时间/n不/d记得/v了/y。/wj
原告/n代/v：/wm被告/n邓某/nr勇/ag，/wd你们/rr叫/vi了/ule十/m多/m个/q人/n去/vf工地/n闹事/vi打/v人/n是/vshi事实/n吗/y？/ww
邓某/nr勇/ag：/wm不/d是/vshi事实/n。/wj
原告/n代/v：/wm你/rr能否/v将/p几/m次/qv到/v工地/n闹事/vi打/v人/n的/ude1事/n陈述/v一下/mq？/ww
邓某/nr勇/ag：/wm我/rr第一/m次/qv是/vshi一个/mq人/n到/v工地/n上/f找/v原告/n商谈/v让/v我/rr村/n村民/n做/v小/a工/n的/ude1事/n，/wd原告/n不/d同意/v，/wd我/rr就/d说/v那/rzv你/rr就/d不要/d动工/vi，/wd但是/c他们/rr还/d是/vshi动/v了/ule工/n，/wd第二/m次/qv，/wd我/rr就/d带/v了/ule五/m个/q人/n去/vf就/d发生/v了/ule打架/vi的/ude1事/n。/wj
原告/n代/v：/wm你/rr是/vshi什么/ry时候/n去/vf的/ude1派出所/n？/ww
邓某/nr勇/ag：/wm过/d中秋节/t的/ude1时候/n。/wj
原告/n代/v：/wm有关/vn部门/n做/v了/ule怎样/ryv的/ude1处理/vn？/ww
邓某/nr勇/ag：/wm原告/n提供/v的/ude1材料/n上/f有/vyou，/wd我/rr不/d认识/v字/n，/wd你/rr自己/rr看/v。/wj
审/v：/wm现在/t由/p被告/n方/d发问/vi？/ww
邓某/nr勇/ag：/wm原告/n，/wd你/rr住院/vi是/vshi因/p哪里/rys受伤/vi？/ww
原告/n：/wm病历/n上/f有/vyou。/wj
邓某/nr勇/ag：/wm原告/n，/wd你/rr为什么/ryv在/p事/n隔/v两年/m之后/f才/d来/vf起诉/v？/ww
是/vshi不/d是/vshi等/v你/rr伤/v看/v不/d出来/vf了/ule再/d来/vf起诉/v？/ww
原告/n：/wm因为/p被告/n未/d全部/m到/v案/x，/wd派出所/n一直/d调解/v不/d了/y。/wj
审/v：/wm原/b、/wn被告/n，/wd本/rz庭/ng现在/t询问/v你们/rr几/m个/q问题/n，/wd请/v如实/vd回答/v。/wj
原告/n代/v：/wm好/a。/wj
第一/m、/wn二/m被告/n：/wm好/a。/wj
审/v：/wm原/b、/wn被告/n，/wd你们/rr是/vshi何时/ryt发生/v打架/vi的/ude1事情/n的/ude1？/ww
原告/n：/wm2011年/m3月/t4日/t。/wj
第一/m被告/n：/wm2010年/m3月/t份/q，/wd我/rr是/vshi路过/v的/ude1。/wj
第二/m被告/n：/wm2010年/m3月/t份/q。/wj
审/v：/wm原告/n，/wd你/rr将/d受伤/vi后/f去/vf医院/n就诊/vi经过/v，/wd花费/v详细/ad陈述/v一下/mq？/ww
原告/n：/wm被/pbei打/v的/ude1当天/t下午/t在/p南昌市/ns第四/m医院/n检查/vn，/wd后/f又/d到/v新建县/ns人民/n医院/n拍/v片/q并/cc建议/n我/rr到/v洪/ng都/d中/b医院/n治疗/vn于是/cc我/rr就/d到/v了/ule洪/ng都/d中医院/n住院/vi治疗/v11/d天/qt，/wd总共/d医疗费/n有/vyou4千/m多/m，/wd都/d是/vshi我/rr自己/rr付/v的/ude1。/wj
审/v：/wm原告/n，/wd新建/v县/n人民/n医疗/n住院/vi花费/v多少/ry？/ww
有/vyou发票/n吗/y？/ww
原告/n：/wm花/v了/ule1200/m多/m，/wd发票/n在/p朋友/n那/rzv，/wd朋友/n去/vf香港/ns了/y，/wd所以/c现在/t没/v办法/n提供/v。/wj
审/v：/wm原告/n，/wd你/rr在/p住院/vi期间/f由/p谁/ry护理/v？/ww
原告/n：/wm我/rr老婆/n请假/vi护理/v的/ude1我/rr。/wj
审/v：/wm你/rr老婆/n当时/t在/p哪/ry工作/vn？/ww
能/v提供/v收入/n情况/n证明/v吗/y？/ww
原告/n：/wm她/rr在/p江西省/ns中医药/n大学/n得/ude3月/n楼/n宾馆/n当/p服务员/n，/wd有/vyou工资/n卡/n可以/v证明/v。/wj
审/v：/wm原告/n，/wd两/m被告/n是否/v都/d动手/vi打/v了/ule你/rr？/ww
原告/n：/wm两/m被告/n都/d动手/vi打/v了/ule我/rr，/wd邓某/nr林/ng用/p鱼叉/n、/wn铁棍/n先/d打/v的/ude1我/rr，/wd打/v了/ule我/rr腰部/n、/wn腿/n部/q、/wn手/n部/q、/wn背部/n，/wd邓某/nr勇/ag是/vshi用/p刀背/n砍/v的/ude1。/wj
审/v：/wm原告/n，/wd两/m被告/n去/vf工地/n找/v过/uguo你/rr几/m次/qv？/ww
原告/n：/wm我/rr在/p工地/n上/f没/d看/v过/uguo邓某/nr勇/ag，/wd邓/nr1某/rz林/ng去/vf过/uguo几/m次/qv，/wd但是/c只/d打/v过/uguo一/m次/qv架/v，/wd打架/vi那/rzv次/qv他/rr没有/d跟/p我/rr说/v什么/ry话/n，/wd一/m上/f来/vf就/d打/v我/rr。/wj
审/v：/wm原告/n，/wd证人/n和/cc你/rr是/vshi什么/ry关系/n？/ww
原告/n：/wm两/m个/q姓/n杨/nr1的/ude1是/vshi在/p还/d建/v工地/n上/f开挖/v机/ng的/ude1，/wd他们/rr的/ude1工资/n不/d是/vshi我/rr发/v的/ude1，/wd我/rr只/d是/vshi监督/vn工程/n的/ude1。/wj
审/v：/wm第一/m被告/n，/wd你/rr和/cc邓某/nr勇/ag是/vshi什么/ry关系/n？/ww
第一/m被告/n：/wm没有/v什么/ry关系/n，/wd只/d是/vshi一/m个/q村子/n的/ude1人/n。/wj
审/v：/wm第二/m被告/n，/wd第一/m被告/n所/usuo说/v属实/v吗/y？/ww
第二/m被告/n：/wm属实/v，/wd我/rr是/vshi组长/n，/wd他/rr是/vshi村民/n。/wj
审/v：/wm第一/m被告/n，/wd你/rr为什么/ryv被/pbei公安/n机关/n处罚/vn？/ww
第一/m被告/n：/wm我/rr经常/d在/p港/n下/vf村/n打/v麻将/n，/wd派出所/n的/ude1人/n在/p那/rzv碰到/v我/rr叫/vi我/rr到/v派出所/n了解/v情况/n，/wd到/v派出所/n后/f，/wd他们/rr说/v我/rr在/p现场/s就/d是/vshi不对/a，/wd就/d给/v了/ule我/rr15/m天/qt的/ude1行政/n拘留/vn并/cc罚/v了/ule我/rr500/m元/q就/d将/p我/rr在/p现场/s的/ude1事/n了/ule结/v了/y。/wj
