审/v：/wm两/m被告/n，/wd从/p事发/vi后/f到/v2013年/m6月/t5日/t行政/n机关/n作出/v处罚/vn前/f，/wd你们/rr在/p干/v什么/ry？/ww
第一/m被告/n：/wm我/rr一直/d在/p家/n。/wj
第二/m被告/n：/wm我/rr在/p红/a谷/ng滩/ng一/m家/q超市/n帮/v我/rr爸/n看/v水果/n摊位/n，/wd赚/v不/d到/v钱/n在/p2012年/m3月/t12日/t回到/v湾/ng里/f住/vi。/wj
审/v：/wm第二/m被告/n，/wd你/rr具体/ad打/v了/ule原告/n哪里/rys？/ww
第二/m被告/n：/wm背部/n。/wj
审/v：/wm第一/m被告/n，/wd你/rr去/vf过/uguo工地/n几/m次/qv？/ww
第一/m被告/n：/wm我/rr家/n就/d在/p工地/n边上/f，/wd经常/d路过/v工地/n。/wj
审/v：/wm原告/n，/wd你/rr到/v公安/n报/n案/x后/f，/wd公安/n机关/n是否/v告知/v你/rr立/v案/x？/ww
原告/n：/wm在/p当天/t报/n案/x时/ng就/d已经/d立/v案/x了/vi。/wj
审/v：/wm该/v案/x最终/d是/vshi怎么/ryv结/v案/x的/ude1，/wd告知/v你/rr了/y吗/y？/ww
原告/n：/wm派出所/n没有/d告知/v我/rr是否/v已/d结/v案/x。/wj
审/v：/wm鉴于/p原告/n所/usuo述/vg本/n案/x涉/vg案/x纠纷/n已/d在/p公安/n机关/n立/v案/x，/wd但/c对/p是否/v已/d结/v案/x不/d清楚/a，/wd故/c为/p查清/v本/n案/x事实/n，/wd现在/t宣布/v休庭/v，/wd待/vi合议庭/n到/v公安/n机关/n调取/v相关/vn材料/n后/f再/d另行/d通知/v开庭/vi。/wj
庭审/v笔录/n原/b、/wn被告/n及/cc诉讼/vn代理人/n阅/vg后/f签字/vi。/wj
书/n：/wm全体/n起立/vi，/wd请/v审判长/n、/wn助理/n审判员/n、/wn人民/n陪审员/n退庭/v。/wj
书/n：/wm请/v当事人/n和/cc旁听/v人员/n退庭/v。/wj
当事人/n签名/vi：/wm审判/vn人员/n签名/vi：/wm书记员/n：/wm请/v肃静/an。/wj
现在/t宣布/v法庭/n规则/n，/wd旁听/v人员/n必须/d遵守/v下列/b纪律/n：/wm1/a、/wn未/d经/p法庭/n准许/v，/wd不得/vi录音/vi、/wn录像/n和/cc摄影/vn；/wf2/b、/wn不得/vi随意/ad走动/vi和/cc进入/v审判/vn区/n。/wj
随身/d携带/v的/ude1移动/vn电话/n一律/d关闭/v；/wf3/n、/wn不/d得/ude3发言/vi、/wn提问/vn，/wd对/p法庭/n审判/vn活动/vn如/v有/vyou意见/n可以/v在/p庭审/v结束/v后/f以/p书面/b形式/n向/p本/rz院/n提出/v；/wf4/vi、/wn不/d得/ude3鼓掌/vi、/wn喧哗/vi、/wn哄/v闹/v和/cc实施/v其他/rzv妨害/v审判/vn活动/vn的/ude1行为/n。/wj
对/p违反/v法庭/n纪律/n不/d听/v劝阻/v者/k，/wd法庭/n予以/vx警告/vn、/wn训诫/vn，/wd没/d收录/v（/wkz摄/vg）/wky制/v器材/n，/wd指令/n法警/n强行/d带/v出/vf法庭/n；/wf违反/v法庭/n秩序/n情节/n严重/a的/ude1，/wd依法/d处以/v罚款/n或/c拘留/v；/wf构成/v犯罪/vi的/ude1，/wd依法/d追究/v刑事/b责任/n。/wj
书记员/n：/wm请/v公诉人/n入/v庭/ng；/wf书记员/n：/wm请/v审判长/n、/wn审判员/n、/wn人民/n陪审员/n入/v庭/ng；/wf书记员/n：/wm报告/n审判长/n，/wd开庭/vi前/f的/ude1准备/vn工作/vn已经/d就绪/vi。/wj
审/v：/wm（/wkz敲击/v法/n槌/ng）/wky现在/t开庭/vi。/wj
审/v：/wm传/v被告人/n张贵勋/nr到/v庭/ng。/wj
（/wkz执/v庭/ng法警/n将/p被告/n张贵勋/nr、/wn张贵勋/nr、/wn潘国斌/nr押解/v到/v庭/ng）/wky审/v：/wm查明/v被告人/n身份/n情况/n。/wj
张贵勋/nr：/wm张贵勋/nr，/wd男/b，/wd1963年/m10月/t8日/t生/v，/wd汉族/nz，/wd初中/n文化/n，/wd浙江省/ns海宁/ns县/n人/n，/wd无/v业/ng，/wd户籍/n所在地/n南昌市/ns铁路/n五/m村/n3/n栋/q1/a单元/n101/m室/n，/wd现/tg租/v住/vi南昌市/ns西湖区/ns朝阳/ns小区/n3/n栋/q3/n单元/n101/m室/n。/wj
审/v：/wm被告/n人/n是否/v曾经/d受到/v过/uguo法律/n处分/n？/ww
何时/ryt、/wn何事/r被/pbei何/ry机关/n作/v何/ry种/q法律/n处分/n？/ww
张贵勋/nr：/wm没有/d受/v过/uguo法律/n处分/vn。/wj
审/v：/wm被告/n人/n因/p本/n案/x是否/v被/pbei采取/v强制/vn措施/n？/ww
何时/ryt被/d何/ry机关/n采取/v何种/r强制/vn措施/n？/ww
张贵勋/nr：/wm2012年/m7月/t25日/t被/pbei拘留/v，/wd同年/t8月/t27日/t被/pbei逮捕/v。/wj
审/v：/wm被告/n人/n是否/v收到/v南昌市/ns湾里区/ns人民/n检察院/n的/ude1起诉书/n副本/n？/ww
何时/ryt收到/v的/ude1？/ww
张贵勋/nr：/wm收到/v了/y，/wd2012年/m11月/t15日/t收到/v的/ude1。/wj
审/v：/wm根据/p《/wkz中华人民共和国/ns刑事诉讼法/n》/wky的/ude1有关/vn规定/n，/wd南昌市/ns湾里区/ns人民法院/nl今天/t对/p南昌市/ns湾里区/ns人民检察院/nt提起/v公诉/vi的/ude1被告人/n张贵勋/nr盗窃/v一/m案/x，/wd本/rz院/n依法/d进行/vx公开/ad开庭/vi审理/v，/wd本/rz案/x由/p南昌市/ns湾里区/ns人民法院/nl审判员/n魏丽丽/nr担任/v审判长/n与/cc审判员/n左莉娜/nrf、/wn人民/n陪审员/n李/nr1群/ng组成/v合议庭/n，/wd书记员/n杨玉洁/nr担任/v记录/v，/wd南昌市/ns湾里区/ns人民检察院/nt派/v代理/vn检察员/n谢/v珮/x出庭/vi支持/v公诉/vi。/wj
审/v：/wm依照/p法律/n规定/n，/wd被告人/n在/p法庭/n审理/v过程/n中/f享有/v下列/b诉讼/vn权利/n：/wm（/wkz一/m）/wky有/vyou申请/n回避/v的/ude1权利/n；/wf（/wkz也就是说/vl，/wd你/rr认为/v本/n案/x合议庭/n成员/n、/wn书记员/n和/cc公诉人/n，/wd与/p本/n案/x有/vyou利害/n关系/n可能/v会/v影响/vn本/n案/x的/ude1公正/a审理/vn，/wd你/rr有/vyou正当/a理由/n可/v申请/v回避/v。/wj
）/wky（/wkz二/m）/wky有/vyou提出/v证据/n，/wd申请/v通知/n新/a的/ude1证人/n到/v庭/ng，/wd调/v取/v新/a的/ude1证据/n，/wd重新/d鉴定/v或者/c勘验/v、/wn检查/vn的/ude1权利/n；/wf（/wkz三/m）/wky有/vyou辩护/vn的/ude1权利/n；/wf（/wkz四/m）/wky被告人/n在/p法庭/n辩论/vn终结/vi后/f有/vyou最后/f陈述/v的/ude1权利/n。/wj
审/v：/wm被告人/n张贵勋/nr，/wd上述/b诉讼/vn权利/n听/v清楚/a了/y吗/y？/ww
张贵勋/nr：/wm听/v清楚/a了/y。/wj
审/v：/wm被告/n人/n是否/v申请/v回避/v？/ww
张贵勋/nr：/wm不/d申请/v回避/v。/wj
审/v：/wm被告人/n张贵勋/nr，/wd上述/b诉讼/vn权利/n听/v清楚/a了/y吗/y？/ww
张贵勋/nr：/wm听/v清楚/a了/y。/wj
审/v：/wm被告/n人/n是否/v申请/v回避/v？/ww
张贵勋/nr：/wm不/d申请/v回避/v。/wj
审/v：/wm下面/f开始/v法庭/n调查/vn，/wd首先/c由/p公诉人/n宣读/v起诉书/n。/wj
公/b：/wm宣读/v起诉书/n（/wkz略/d，/wd详/ag见/v起诉书/n）/wky。/wj
审/v：/wm被告人/n张贵勋/nr，/wd刚才/t宣读/v的/ude1起诉书/n听/v清楚/a了/y吗/y？/ww
张贵勋/nr：/wm听/v清/a了/y。/wj
审/v：/wm起诉书/n指控/v你/rr的/ude1犯罪/vn事实/n是否/v属实/v？/ww
张贵勋/nr：/wm我/rr根本/d知/v都/d不/d知道/v，/wd他们/rr十/m多/m年/qt前/f说/v我/rr参加/v了/ule为什么/ryv不/d来/vf抓/v我/rr，/wd我/rr又/d不/d是/vshi潜逃/vi一直/d都/d在/p家里/s。/wj
审/v：/wm现在/t由/p公诉人/n讯问/vn被告人/n。/wj
公/b：/wm被告人/n张贵勋/nr，/wd公诉人/n讯问/v你/rr几/m个/q问题/n，/wd你/rr必须/d如实/d回答/v。/wj
你/rr认识/v起诉书/n中/f的/ude1胡林田/nr、/wn万/m本/q遥/ag等/udeng人/n吗/y？/ww
张贵勋/nr：/wm认识/n。/wj
公/b：/wm怎么/ryv认识/v的/ude1？/ww
张贵勋/nr：/wm农场/n服刑/vi认识/v的/ude1。/wj
公/b：/wm服刑/vi期间/f认识/v？/ww
张贵勋/nr：/wm是/vshi。/wj
公/b：/wm出狱/vi后/f有/vyou没/d有/vyou联系/v？/ww
张贵勋/nr：/wm我/rr是/vshi他们/rr在/p那里/rzs，/wd万/m本/q遥/ag开/v了/ule间/q美容美发店/n。/wj
公/b：/wm出狱/vi后/f有/vyou没/d有/vyou碰到/v过/uguo？/ww
张贵勋/nr：/wm碰到/v了/y。/wj
公/b：/wm有/vyou没/d有/vyou来往/vn？/ww
张贵勋/nr：/wm开/v了/ule个/q美容美发店/n，/wd经常/d在/p那/rzv坐/v。/wj
公/b：/wm万/m本/q遥/ag的/ude1妻子/n你/rr认识/v吗/y？/ww
张贵勋/nr：/wm认识/n。/wj
公/b：/wm你/rr与/p万/m本/q遥/ag、/wn胡林田/nr有/vyou没/d有/vyou个人/n恩怨/n？/ww
张贵勋/nr：/wm为/p这个/rz事情/n，/wd叫/vi我/rr卖/v这个/rz东西/n。/wj
公/b：/wm卖/v什么/ry？/ww
张贵勋/nr：/wm电脑/n，/wd我/rr就/d看/v了/ule一/m眼/q。/wj
公/b：/wm什么/ry电脑/n？/ww
张贵勋/nr：/wm我/rr不/d知道/v。/wj
公/b：/wm哪/ry看到/v电脑/n？/ww
张贵勋/nr：/wm他/rr家里/s，/wd住/vi的/ude1家里/s？/ww
公/b：/wm你/rr和/cc万/m本/q遥/ag的/ude1关系/n还/d比较/d好/a，/wd你/rr会/v去/vf他/rr家里/s？/ww
