4/vi、/wn出示/v西/b价/n鉴/vg字/n[/wkz2004/m]/wky第0177/m号/q江西省/ns涉/vg案/x物品/n价格/n鉴证/n结论/n书/n，/wd公安/n卷/q二/mP199/x-203/m（/wkz略/d）/wky，/wd证实/v经/p鉴定/vn，/wd被盗/v铝合金/n窗/ng价值/n人民币/n21583./m20/m元/q。/wj
第/m六/m起/q盗窃/v湾/ng里/f四/m小/a举/ng证/n：/wm1/a、/wn出示/v南昌市/ns湾/ng里/f四/m小/a的/ude1报/n案/x笔录/n、/wn被盗/vn物品/n清单/n及/cc发票/n、/wn教师/n徐协伯/nr的/ude1陈述/vn，/wd公安/n卷/q二/mP130/x-133/m、/wn140-142/m、/wn145/m（/wkz略/d）/wky，/wd证实/v2002年/m3月/t11日/t7时/t，/wd湾/ng里/f四/m小/a教学楼/n电/n教室/n被盗/vn彩电/n二/m台/q、/wn功放/n一/m台/q、/wn录放机/n一/m台/q、/wn音箱/n一对/mq、/wnVCD/x一/m台/q、/wn麦克风/n两/m对/q。/wj
2/b、/wn出示/v刑事/b照片/n，/wd公安/n卷/q二/mP141/x-150/m（/wkz略/d）/wky，/wd证实/v湾/ng里/f四/m小/a电/n教室/n门/n被/pbei破坏/v发生/v盗窃/v及/cc被盗/vn物品/n丢弃/v在/p湾/ng里/f四/m小/a北侧/f水田/n和/cc现场/s遗留/v的/ude1犯罪/vn工具/n等/udeng事实/n。/wj
3/n、/wn出示/v湾里区/ns第四/m小学/n出具/v的/ude1领/v条/q二/m张/q，/wd公安/n卷/q二/mP143/x-144/m（/wkz略/d）/wky，/wd证实/v2002年/m3月/t11日/t已/d将/d被盗/v步步高/nz功放/n一/m台/q、/wn音箱/n一对/mq、/wn黄海/ns美/b彩电/n一/m台/q、/wn影视/b碟片/n十/m部/q、/wn卡通/n光碟/n一/m套/q、/wn长虹/nz彩电/n一/m台/q、/wn步步/q高/aVCD/x一/m台/q、/wn日立/nz录相机/n一/m台/q、/wn插/v线板/n两/m块/q、/wn遥控器/n四/m只/q、/wn麦克风/n二/m对/p发还/v湾里区/ns第四/m小学/n。/wj
4/vi、/wn宣读/v证人/n胡风生/nr的/ude1证言/n，/wd公安/n卷/q二/mP134/x-135/m（/wkz略/d）/wky，/wd证实/v2002年/m3月/t21日/t晚/tg凌晨/t2点/t半/m左右/m，/wd其/rz遇到/v二/m个/q人/n看到/v二/m人/n用/p一/m块/q布/n包/v起来/vf中间/f用/v棍/ng扛/v一/m台/q电视机/n，/wd有/vyou一个/mqVCD/x，/wd还有/v一个/mq断/v剪/v钳/ng、/wn一/m个/q录放机/n、/wn一/m卷/q塑料袋/n、/wn一/m捆/q绳/ng等/udeng物/ng的/ude1事实/n及/cc经过/v。/wj
5/b、/wn宣读/v同/p案/x犯/v万/m本/q遥/ag的/ude1供/vi述/vg，/wd公安/n卷/q二/mP15/x-48/m（/wkz略/d）/wky，/wd证实/v2002年/m3月/t份/q某/rz天/qt晚上/t12点/t多/m钟/n，/wd其/rz和/cc胡林田/nr、/wn张贵勋/nr、/wn江仁盛/nr四/m个/q到/v湾/ng里/f四/m小/a教学/n二/m楼/n或/c三/m楼/n电/n教室/n，/wd偷/v了/ule彩电/n、/wn功放/n一/m台/q、/wnVCD/x机/ng一/m台/q、/wn音箱/n两/m个/q还有/v一些/mq小/a东西/n的/ude1事实/n及/cc经过/v。/wj
6/vg、/wn被告人/n胡林田/nr的/ude1供/vi述/vg，/wd公安/n卷/q二/mP49/x-71/m（/wkz略/d）/wky，/wd证实/v2002年/m3月/t22/nr份/q左右/m某/rz日/ng晚上/t10点/t多/a，/wd万小平/nr、/wn张贵勋/nr、/wn江仁盛/nr和/cc其/rz四/m人/n一起/s带/v了/ule螺丝刀/n到/v湾里区/ns，/wd在/p快/a进/vf湾/ng里/f的/ude1路/n口子/n上/f，/wd四/m人/n爬/v围墙/n进入/v学校/n，/wd在/p教学楼/n二/m楼/n大厅/n内/f发现/v了/ule二/m台/q彩电/n，/wd还有/v二/m只/q音箱/n，/wd还有/v一/m台/q功/n入/v机/ng，/wd四/m人/n在/p教室/n内/f拆/v下/vf窗户/n上/f的/ude1窗/ng帘布/n扯/v成/v条/q，/wd将/d盗/vg来/vf的/ude1彩电/n、/wn音箱/n等/udeng吊/v到/v学校/n围墙/n外/f。/wj
在/p搬运/v赃物/n时/ng，/wd被/pbei人/n发现/v，/wd四/m人/n丢/v下/vf赃物/n逃离/v现场/s的/ude1事实/n及/cc经过/v。/wj
7/a、/wn出示/v西/b价/n鉴/vg字/n[/wkz2004/m]/wky第0177/m号/q江西省/ns涉/vg案/x物品/n价格/n鉴证/n结论/n书/n，/wd公安/n卷/q二/mP199/x-203/m（/wkz略/d）/wky，/wd证实/v经/p鉴定/vn，/wd被盗/v黄海/ns美/b彩电/n一/m台/q、/wn长虹/nz彩电/n一/m台/q、/wn录放机/n一/m台/q、/wn步步高/nz功放/n一/m台/q、/wn步步高/nz音箱/n一对/mq，/wd共计/v价值/n人民币/n3345/m元/q。/wj
第/m七/m起/q盗窃/v湾/ng里/f一/m中/f举/v证/n：/wm1/a、/wn出示/v湾/ng里/f一/m中/f的/ude1报/n案/x笔录/n及/cc关于/p被盗/v物品/n的/ude1说明/vn，/wd公安/n卷/q二/mP156/x-162/m（/wkz略/d）/wky，/wd证实/v2001年/m3月/t9日/t学校/n微机/n房/n四/m台/q电脑/n被盗/vn，/wd3月/t26日/t铝合金/n窗/ng75/m扇/q被盗/vn。/wj
2/b、/wn出示/v刑事/b照片/n，/wd公安/n卷/q二/mP163/x-170/m（/wkz略/d）/wky，/wd证实/v湾/ng里/f一/m中/f被盗/v的/ude1现场/s情况/n。/wj
3/n、/wn宣读/v同/p案/x犯/v万/m本/q遥/ag的/ude1供/vi述/vg，/wd公安/n卷/q二/mP15/x-48/m（/wkz略/d）/wky，/wd证实/v2001年/m上半年/t某/rz天/qt晚上/t12点/t多/m钟/n，/wd其/rz和/cc张贵勋/nr、/wn胡林田/nr由/p小杨/nr开/v面包车/n送到/v湾/ng里/f一/m中/f，/wd从/p后门/n进入/v湾/ng里/f一/m中/f偷/v了/ule四/m台/q电脑/n、/wn一百/m多/m斤/q铝合金/n，/wd四/m台/q电脑/n卖/v给/p收/v破烂/a的/ude1，/wd一/m共/d卖/v了/ule二百/m元/q钱/n，/wd铝合金/n卖/v了/ule四百/m来/m元/q钱/n，/wd给/v了/ule小杨/nr一百/m来/m元/q，/wd三/m人/n每人/r分/v了/ule一百五十/m多/m元/q的/ude1事实/n及/cc经过/v。/wj
4/vi、/wn宣读/v同/p案/x犯/v胡林田/nr的/ude1供/vi述/vg，/wd公安/n卷/q二/mP49/x-71/m（/wkz略/d）/wky，/wd证实/v2001年/m学生/n放/v寒假/t时候/n晚上/t9点/t多/a，/wd其/rz与/p万小平/nr、/wn张贵勋/nr三/m人/n先后/d二/m次/qv到/v湾/ng里/f一/m所/q学校/n，/wd总共/d盗/vg得/ude3电脑/n四/m台/q和/cc铝合金/n的/ude1事实/n及/cc经过/v。/wj
5/b、/wn出示/v西/b价/n鉴/vg字/n[/wkz2004/m]/wky第0177/m号/q江西省/ns涉/vg案/x物品/n价格/n鉴证/n结论/n书/n，/wd公安/n卷/q二/mP199/x-203/m（/wkz略/d）/wky，/wd证实/v经/p鉴定/vn，/wd被盗/v电脑/n一/m台/q、/wn铝合金/n75/m扇/q，/wd共计/v价值/n人民币/n15290/m元/q。/wj
另外/c，/wd1/a、/wn被告人/n张贵勋/nr承认/v认识/n胡林田/nr和/cc万/m本/q遥/ag，/wd但/c否认/v共同/d盗窃/v的/ude1事实/n。/wj
2/b、/wn出示/v万/m本/q遥/ag2012年/m8月/t20日/t在/p江西省/ns豫/b章/n监狱/n的/ude1笔录/n及/cc辨认/v笔录/n，/wd公安/n卷/q二/mP47/x-48/m、/wn228-230/m(/wkz略/d)/wky，/wd证实/v万/m本/q遥指/v认/v张贵勋/nr、/wn胡林田/nr系/v其/rz同伙/n，/wd在/p公安/n机关/n是/vshi如实/d供/vi述/vg，/wd没有/d诬陷/v张贵勋/nr。/wj
3/n、/wn出示/v胡林田/nr的/ude1辨认/vn笔录/n，/wd公安/n卷/q二/mP225/x-227/m（/wkz略/d）/wky，/wd证实/v其/rz指/v认/v张贵勋/nr系/v其/rz同伙/n。/wj
4/vi、/wn宣读/v证人/n陈桂香/nr的/ude1证言/n，/wd公安/n卷/q二/mP80/x-83/m（/wkz略/d）/wky，/wd证实/v陈桂香/nr系/v万/m本/q遥/ag的/ude1妻子/n，/wd她/rr到/v公安/n机关/n举报/v万/m本/q遥/ag与/p胡林田/nr、/wn张贵勋/nr在/p2000年/m至/p2001年/m期间/f多次/mq共同/d盗窃/v电脑/n、/wn电视/n、/wn铝合金/n窗户/n的/ude1事实/n。/wj
举/v证/n完毕/vi。/wj
审/v：/wm请/v执/v庭/ng法警/n将/p书/n证/n材料/n交由/v被告人/n进行/vx质证/v。/wj
（/wkz执/v庭/ng法警/n将/p书/n证/n材料/n交由/v被告人/n进行/vx质证/v）/wky审/v：/wm被告人/n及/cc辩护人/n对/p上述/b证据/n是否/v有/vyou异议/n？/ww
张贵勋/nr：/wm那/rzv个/q电脑/n一点/m都/d不/d知道/v。/wj
审/v：/wm你/rr参与/v了/ule盗窃/v吗/y？/ww
张贵勋/nr：/wm没有/d参与/v。/wj
审/v：/wm公诉人/n继续/v举/v证/n。/wj
公/b：/wm审判长/n，/wd本/rz案/x的/ude1所有/b证据/n举/ng证/n完毕/vi。/wj
审/v：/wm因/p控/v辩/vg双方/n对/p犯罪/vn事实/n方面/n的/ude1证据/n争议/vn较/d大/a，/wd待/vi休庭/v评议/vn后/f确定/v是否/v采纳/v。/wj
审/v：/wm被告人/n张贵勋/nr是否/v有/vyou证据/n向/p法庭/n提供/v？/ww
