3/n、/wn宣读/v被害人/n邓根生/nr的/ude1陈述/vn，/wd公安/n卷/q二/mP60/x-63/m（/wkz略/d）/wky，/wd证实/v2013年/m1月/t9日/t早晨/t8点/t钟/n到/p晚上/t9点/t30分/t这/rzv段时间/n内/f，/wd其/rz家/n被盗/v了/ule一/m只/q玉/n手镯/n，/wd还有/v一/m本/q钱币/n邮票/n珍藏/v册/q，/wd老/a版/n的/ude110/n元/q、/wn5/b元/q、/wn2/n元/q面额/n的/ude1零/m钱/n，/wd零钱/n总共/d大概/d有/vyou100/m多/m元/q。/wj
4/vi、/wn宣读/v被害人/n杜建阳/nr的/ude1陈述/vn，/wd公安/n卷/q三/mP64/x-66/m（/wkz略/d）/wky，/wd证实/v2013年/m5月/t20日/t早上/t六点/m半/m到/v下午/t六点/m半/m之间/f其/rz家中/s一个/mq电磁炉/n、/wn集邮册/n至少/d五/m册/q、/wn望远镜/n一/m个/q、/wn照相机/n一/m台/q被盗/vn。/wj
5/b、/wn宣读/v被害人/n石志文/nr的/ude1陈述/vn，/wd公安/n卷/q二/mP67/x-69/m（/wkz略/d）/wky，/wd证实/v2013年/m3月/t18日/t6时/t30分/t至/p11时/t30分/t之间/f其/rz放/v在/p宿舍/n里/f的/ude1一/m台/q先科/nz牌/n台/q电/n、/wn二/m台/q小型/b的/ude1音响/n、/wn装/v电脑/n的/ude1包/n以及/cc包/v里面/f的/ude1第四/m套/q人民币/n贰/m角/q人民币/n4/vi张/nr1、/wn壹/m角/q人民币/n4/vi张/q被盗/vn。/wj
5/b、/wn宣读/v被害人/n熊小玲/nr的/ude1陈述/vn，/wd公安/n卷/q二/mP72/x-75/m（/wkz略/d）/wky，/wd证实/v2013年/m3月/t21日/t15时/t许/v，/wd其/rz回到/v租/v住/vi的/ude1地方/n发现/v家中/s被盗/v了/ule4300/m余/m元/q的/ude1现金/n，/wd一/m根/q黄金/n手镯/n、/wn一/m根/q黄金/n项链/n、/wn一/m根/q银/b项链/n和/cc一/m根/q假/a白/b金/b项链/n。/wj
6/vg、/wn宣读/v被害人/n吴能斌/nr的/ude1陈述/vn，/wd公安/n卷/q二/mP78/x-81/m（/wkz略/d）/wky，/wd证实/v2013年/m3月/t31日/t下午/t五点/m左右/m其/rz上/f完/vi班/n之后/f回到/v租/v住/vi的/ude1地方/n，/wd发现/v酷/ag派/v8022/m手机/n不见/v了/y。/wj
7/a、/wn宣读/v被害人/n符录英/nr的/ude1陈述/vn，/wd公安/n卷/q二/mP82/x-84/m（/wkz略/d）/wky，/wd证实/v最近/t这/rzv段时间/n内/f其/rz发现/v三/m楼/n房间/n内/f摆放/v的/ude1一/m瓶/q杏花村/nz白酒/n不/d见/v。/wj
8/a、/wn宣读/v被害人/n陈木根/nr的/ude1陈述/vn，/wd公安/n卷/q二/mP85/x-87/m（/wkz略/d）/wky，/wd证实/v2013年/m5月/t13日/t中午/t12点/t左右/m其/rz回到/v家/q发现/v家中/s被盗/v了/ule近/a1500/m元/q现金/n、/wn四/m个/q农业/n银行/n存折/n、/wn一/m个/q农业/n银行/n贷记/n卡/n和/cc信用社/n存折/n，/wd还有/v一个/mq老/a手机/n。/wj
其/rz到/v银行/n挂失/vi里面/f的/ude1争/vn没有/d少/a。/wj
9/vyou、/wn宣读/v被害人/n李/nr1旦/ng的/ude1陈述/vn，/wd公安/n卷/q二/mP88/x-90/m（/wkz略/d）/wky，/wd证实/v2013年/m5月/t15日/t下午/t16时/t许/v其/rz离开/v家/n只/d并且/c锁/v好/a门/n，/wd大约/d到/v了/ule昨/tg上/f23时/t30分/t左右/m回到/v家/n中/f发现/v屋内/s的/ude1两/m台/q笔记本/n电话/n被盗/v了/y。/wj
10/n、/wn宣读/v被害人/n龚全华/nr的/ude1陈述/vn，/wd公安/n卷/q二/mP94/x-95/m（/wkz略/d）/wky，/wd证实/v2013年/m5月/t16日/t早上/t8点/t钟/n离开/v住处/n到/p下午/t5点/t钟/n回家/vi，/wd发现/v家中/s被盗/v了/ule三/m块/q现洋/n，/wd袁/nr1大头/n那种/r的/ude1，/wd一个/mq玉/n扳/v指/v、/wn三/m枚/q银/b戒指/n。/wj
11/z、/wn宣读/v被害人/n李/nr1和平/n的/ude1陈述/vn，/wd公安/n卷/q二/mP96/x-97/m（/wkz略/d）/wky，/wd证实/v2013年/m5月/t16日/t上午/t9时/t5分/t其/rz回到/v家/q发现/v3000/m元/q现金/n和/cc一/m部/q白色/n的/ude1直/d板/v三星/n片/q手机/n被盗/vn。/wj
12/m、/wn宣读/v被害人/n程/nr1水/n连/v的/ude1陈述/vn，/wd公安/n卷/q二/mP98/x-100/m（/wkz略/d）/wky，/wd证实/v2013年/m5月/t17日/t10时/t30分/t许/v其/rz回家/vi发现/v中/f被盗/v了/ule17000/m元/q左右/m及其/cc一/m张/q二/m代身份证/n和/cc一/m部/q手机/n。/wj
13/n、/wn宣读/v被害人/n张玲华/nr的/ude1陈述/vn，/wd公安/n卷/q三/mP112/x-114/m（/wkz略/d）/wky，/wd证实/v2013年/m5月/t20日/t10时/t10分/t其/rz回到/v家/n中/f发现/v一个/mq钱包/n和/cc钱包/n内/f的/ude1700/m元/q左右/m的/ude1现金/n。/wj
14/m、/wn宣读/v被害人/n付秀华/nr的/ude1陈述/vn，/wd公安/n卷/q三/mP117/x-120/m（/wkz略/d）/wky，/wd证实/v2013年/m5月/t27日/t早上/t9时/t30分/t左右/f，/wd其/rz发现/v家中/s被盗/v了/ule一/m部/q手机/n、/wn一/m个/q霹雳/n玉珠/nr2、/wn一/m根/q18K/x白/b金/b项链/n。/wj
15/m、/wn宣读/v被害人/n黄/a冬/tg苟/ag的/ude1陈述/vn，/wd公安/n卷/q三/mP122/x-124/m（/wkz略/d）/wky，/wd证实/v2013年/m5月/t28日/t上午/t12点/t左右/m其/rz回到/v住处/n发现/v被盗/v了/ule一/m部/q酷/ag派/v黑色/n手机/n，/wd还有/v一个/mq黑色/n的/ude1手提包/n，/wd包里/nr分别/d有/vyou自己/rr的/ude1结婚证/n、/wn就业/vn证/n、/wn社保/vn卡/n、/wn残疾/n证/n、/wn还有/v两/m个/q小孩/n的/ude1身份证/n和/cc残疾/n低/a保证/vn折子/n及/cc100/m多/m元/q现金/n。/wj
16/m、/wn宣读/v被害人/n谌洪彩/nr的/ude1陈述/vn，/wd公安/n卷/q三/mP127/x-128/m（/wkz略/d）/wky，/wd证实/v2013年/m6月/t25日/t其/rz在/p新建县/ns前卫/n路/n的/ude1住处/n被盗/v了/ule两/m部/q手机/n、/wn一/m张/q100/m美元/q和/cc200/m多/m元/q的/ude1现金/n人民币/n。/wj
17/ns、/wn宣读/v被害人/n肖小华/nr的/ude1陈述/vn，/wd公安/n卷/q三/mP129/x-132/m（/wkz略/d）/wky，/wd证实/v2013年/m5月/t31日/t11点/t钟/n其/rz回到/v家里/s发现/v家中/s被盗/v了/ule一/m台/q台式/b电脑/n，/wd包括/v显示器/n、/wn主机/n、/wn键盘/n、/wn音箱/n、/wn摄像/vn头/n，/wd硬币/n200/m多/m元/q。/wj
被害人/n的/ude1陈述/vn均/d与/p本/n案/x被告人/n刘玉安/nr陈述/v的/ude1时间/n地点/n盗窃/vn方式/n、/wn盗/vg得/ude3东西/n一致/an。/wj
18/nz、/wn宣读/v证人/n刘洪/nr的/ude1证言/n，/wd公安/n卷/q三/mP133/x-135/m（/wkz略/d）/wky，/wd证实/v其/rz是/vshi被告人/n刘玉安/nr的/ude1妻子/n，/wd2013年/m5月/t31日/t12点/t多/ad回到/v家/n中/f看见/v租/v住/vi房间/n卧室/n内/f多/m了/ule一/m台/q电脑主机/n及/cc液晶/n显示器/n、/wn键盘/n等/udeng，/wd多/m出/vf了/ule一/m套/q组装/vn电脑/n，/wd刘玉安/nr说/v电脑/n是/vshi买/v的/ude1。/wj
19/m、/wn出示/v搜查/v笔录/n，/wd扣押/v清单/n、/wn刑事/b照片/n，/wd公安/n卷/q三/mP136/x-148/m（/wkz略/d）/wky，/wd证实/v2013年/m6月/t1日/t11时/t许/v，/wd侦查/v人员/n对/p刘玉安/nr租/v住/vi的/ude1南昌市/ns湾里区/ns招贤/v镇/n湾/ng里/f村/n吴溪/nr五/m家/q自然村/n18/nz号/n一/m楼/n北面/f一/m套/q二/m室/n二/m厅/n房间/n搜查/vn、/wn扣押/v的/ude1情况/n以及/cc照片/n。/wj
20/m、/wn出示/v南昌市/ns公安局/n湾/ng里/f分局/n刑事/b侦察/vn大队/n出具/v的/ude1公安局/n发还/v物品/n、/wn文件/n清单/n，/wd公安/n卷/q三/mP14/x-161/m（/wkz略/d）/wky，/wd证实/v笔记本电脑/n、/wn人民币/n纪念册/n、/wnMP4/x已/d于/p2013年/m8月/t9日/t发还/v至/p张桂花/nr；/wf钱币/n邮票/n珍藏/v册/q、/wn玉/n手镯/n已/d于/p2013年/m9月/t8日/t发还/v至/p邓根生/nr；/wf电磁炉/n、/wn毛/nr1主席/n像章/n五/m个/q、/wn中国/ns邮票/n年/qt册/ng五/m册/q、/wn望远镜/n已/d于/p2013年/m9月/t5日/t发还/v至/p杜建阳/nr；/wf便携式/bEVD/x、/wn小/a音响/n已/d到/v2013年/m8月/t9日/t发还/v至/p石志文/nr；/wf黄金/n手镯/n、/wn黄金/n项链/n已/d于/p2013年/m8月/t9日/t发还/v至/p熊晓玲/nr；/wfCOLLPAD/x手机/n已/d于/p2013年/m8月/t9日/t发还/v至/p吴能斌/nr；/wf查/v花/v村/n片/q东/f福/n酒/n十年/m陈/nr1酿/v已/d于/p2013年/m8月/t9日/t发还/v至/p符录英/nr；/wf银元/n三/m块/q已/d于/p2013年/m9月/t6日/t发还/v至/p龚全华/nr；/wf笔记本/n电话/n二/m台/q已/d到/v2013年/m8月/t28日/t发还/v至/p李/nr1旦/ng；/wfNCHY/x手机/n已/d到/v2013年/m8月/t9日/t发还/v至/p付秀华/nr；/wfCOOLPAD/x牌/n手机/n已/d于/p2013年/m8月/t9日/t发还/v至/p黄/a冬/tg苟/ag；/wf康佳/nz牌/n手机/n已/d于/p2013年/m9月/t8日/t发还/v至/p谌洪彩/nr；/wf台式/b电脑主机/n、/wn键盘/n、/wn鼠标/n、/wn音响/n、/wn显示屏/n、/wn视频/n摄像头/n已/d于/p2013年/m8月/t9日/t发还/v至/p肖小华/nr。/wj
