审/v：/wm被告人/n刘玉安/nr及/cc辩护人/n是否/v有/vyou证据/n向/p法庭/n提供/v？/ww
刘玉安/nr：/wm没有/v辩/vg：/wm没有/v。/wj
审/v：/wm下面/f进入/v第二/m阶段/n的/ude1举/ng证/n、/wn质证/v，/wd也/d就/d是/vshi对/p本/n案/x的/ude1量刑/vn事实/n和/cc量刑/vn情节/n方面/n进行/vx举/v证/n质证/v。/wj
公诉人/n在/p提供/v证据/n证明/v被告人/n从重/d或者/c加重/v处罚/vn情节/n的/ude1同时/n，/wd应当/v提供/v证据/n证明/v被告人/n罪/n轻/a、/wn从/p轻/a或者/c免除/v处罚/vn的/ude1情节/n，/wd被告人/n有/vyou权/n提供/v证明/v被告人/n罪/n轻/a、/wn从/p轻/a或者/c免除/v处罚/vn的/ude1情节/n的/ude1证据/n。/wj
现在/t由/p公诉/vn机关/n就/p被告人/n量刑/vn事实/n及/cc量刑/vn情节/n进行/vx举/v证/n。/wj
公/b：/wm1/a、/wn出示/v南昌市/ns公安局/n湾/ng里/f分局/n刑事/b侦察/vn大队/n出具/v的/ude1归/v案/x情况/n说明/v，/wd公安/n卷/q四/mP324/x（/wkz略/d）/wky，/wd证实/v2013年/m6月/t1日/t19时/t许/v，/wd在/p南昌市/ns湾里区/ns招贤/v镇/n湾/ng里/f村/n吴溪/nr王/nr1家/n将/p刘玉安/nr抓获/v。/wj
2/b、/wn出示/v（/wkz2004/m）/wky拱/v刑/n初/f字/n第233/m号/q浙江省/ns杭州市/ns拱墅区/ns人民法院/nl刑事/b判决书/n，/wd公安/n卷/q四/mP323/x-324/m（/wkz略/d）/wky，/wd证实/v2004年/m6月/t24日/t刘玉安/nr因/p犯/v盗窃罪/n，/wd被/pbei判处/v有期徒刑/nl一年/m，/wd并/cc处/n罚金/n2000/m元/q。/wj
3/n、/wn出示/v泗阳县/ns公安局/n城/n西/b派出所/n出具/v的/ude1前科/n证明/v、/wn户籍/n证明/v南昌市/ns公安局/n湾/ng里/f分局/n出具/v的/ude1全国/n违法/vn犯罪/vn人员/n信息/n资源/n库/n，/wd公安/n卷/q四/mP325/x-327/m（/wkz略/d）/wky，/wd证实/v刘玉安/nr于/p2004年/m4月/t2日/t因/p盗窃/v被/pbei判刑/vi；/wf2010年/m7月/t27日/t因/p盗窃/v被/pbei治安/n拘留/v15日/t。/wj
请/v质证/v。/wj
审/v：/wm请/v执/v庭/ng法警/n将/p书/n证/n材料/n交由/v被告人/n进行/vx质证/v。/wj
（/wkz执/v庭/ng法警/n将/p书/n证/n材料/n交由/v被告人/n进行/vx质证/v）/wky审/v：/wm公诉人/n扣押/v的/ude1物品/n都/d在/p哪/ry？/ww
公/b：/wm刚才/t在/p犯罪/vn事实/n中/f一并/d出示/v完毕/vi。/wj
我们/rr这里/rzs只/d有/vyou照片/n，/wd没有/v实物/n。/wj
审/v：/wm如果/c涉及/v家庭/n合法/a的/ude1财产/n我们/rr要/v发还/v，/wd实物/n在/p哪/ry？/ww
公/b：/wm这/rzv要/v问/v公安/n，/wd我们/rr只/d对/p起诉书/n指控/vn的/ude1负责/vn，/wd这些/rz被告人/n也/d承认/v是/vshi失主/n的/ude1，/wd其他/rzv的/ude1在/p案/x卷/ng中/f没有/d显示/v出来/vf。/wj
审/v：/wm扣押/v物品/n清单/n是否/v举/v证/n？/ww
公/b：/wm不/d举/v证/n。/wj
辩/vg：/wm没有/d扣押/v哪/ry来/vf的/ude1发还/v，/wd刚才/t也/d说/v在/p被告人/n家里/s扣押/v了/ule这些/rz物品/n。/wj
公/b：/wm由/p法院/n综合/vd处理/v。/wj
公诉人/n补充/v举/v证/n扣押/v清单/n，/wd公安/n卷/q三/mP141/x-162/m（/wkz略/d）/wky，/wd证实/v公安/n扣押/v物品/n清单/n，/wd请/v质证/v。/wj
审/v：/wm是否/v是/vshi除了/p发还/v的/ude1，/wd都/d是/vshi被告人/n刘玉安/nr的/ude1合法/a财产/n。/wj
公/b：/wm发/v还是/c起诉书/n指控/v认定/v的/ude1，/wd其他/rzv未/d认定/v的/ude1，/wd要/v经/p调查/vn，/wd公诉/vi机关/n在/p这里/rzs不予/v说明/v，/wd公安/n是/vshi扣押/v了/ule一些/mq东西/n，/wd犯罪/vn工具/n、/wn摩托车/n、/wn钢/n凿/v、/wn刀子/n都/d有/vyou相应/vi的/ude1照片/n。/wj
扣押/v清单/n要/v一一/m宣读/v吗/y？/ww
刘玉安/nr：/wm审判长/n，/wd我/rr患/v有/vyou高血压/n需要/v下去/vf吃/v药/n。/wj
审/v：/wm现在/t休庭/v二十分/m钟/n。/wj
将/p被告人/n刘玉安/nr带/v下/vf法庭/n。/wj
（/wkz敲击/v法/n槌/ng）/wky（/wkz二十分/m钟/n后/f）/wky。/wj
书记员/n：/wm请/v大家/rr坐/v好/a。/wj
书记员/n：/wm请/v公诉人/n、/wn辩护人/n入/v庭/ng。/wj
书记员/n：/wm请/v审判长/n、/wn审判/vn长/ad入/v庭/ng。/wj
审/v：/wm（/wkz敲击/v法/n槌/ng）/wky现在/t继续/v开庭/vi。/wj
传/v被告人/n刘玉安/nr到/v庭/ng。/wj
（/wkz执/v庭/ng法警/n将/p被告/n刘玉安/nr押解/v到/v庭/ng）/wky审/v：/wm被告人/n刘玉安/nr，/wd你/rr对/p刚才/t出示/v的/ude1归/v案/x经过/n、/wn前科/n证明/v、/wn判决书/n等/udeng书/n证/n有/vyou异议/n吗/y？/ww
刘玉安/nr：/wm没有/v。/wj
审/v：/wm辩护人/n对/p公诉人/n出示/v的/ude1量刑/vn事实/n、/wn量刑/vn情节/n方面/n的/ude1证据/n是否/v有/vyou异议/n？/ww
辩/vg：/wm没有/v异议/n。/wj
审/v：/wm被告人/n刘玉安/nr及/cc辩护人/n就/d量刑/vi事实/n及/cc量刑/vn情节/n方面/n是否/v有/vyou证据/n向/p法庭/n提供/v？/ww
刘玉安/nr：/wm没有/v。/wj
辩/vg：/wm没有/v。/wj
审/v：/wm公诉人/n出示/v的/ude1扣押/vn清单/n因/p被告人/n及/cc辩护人/n提出/v异议/n，/wd待/vi合议庭/n评议/vn后/f认定/v。/wj
公诉人/n以上/f所/usuo举/v被告人/n供/vi述/vg、/wn被害人/n陈述/v、/wn证人/n证言/n、/wn鉴定/vn意见/n、/wn搜查/v笔录/n、/wn勘验/vn检查/vn笔录/n、/wn发还/v物品/n清单/n、/wn指/v认/v现场/s笔录/n及/cc照片/n、/wn归/v案/x情况/n说明/v、/wn前科/n证明/v、/wn户籍/n证明/v、/wn情况/n说明/v等/udeng证据/n经/p当庭/d质证/v，/wd被告人/n、/wn辩护人/n均/d无/v异议/n，/wd经/p合议庭/n评议/vn，/wd认为/v上述/b证据/n内容/n真实/a、/wn形式/n合法/a，/wd具有/v合法性/n、/wn真实性/n、/wn关联性/n，/wd可以/v作为/p本/n案/x定/v案/x依据/n，/wd本庭/nrf予以/vx当庭/d确认/v。/wj
法庭/n调查/v结束/v，/wd现在/t进行/vx法庭/n辩论/vn。/wj
控/v辩/vg双方/n应/v主要/d围绕/v量刑/vi情节/n及/cc其他/rzv有/vyou争议/vn的/ude1问题/n进行/vx辩论/vn。/wj
先/d由/p公诉人/n发表/v公诉/vn意见/n。/wj
公/b：/wm（/wkz略/d，/wd详/ag见/v公诉/vn词/n）/wky审/v：/wm现在/t由/p被告人/n自行/d辩护/vi。/wj
刘玉安/nr：/wm我/rr所/usuo盗/vg的/ude1赃物/n已经/d全部/m退回/v，/wd肯/v请/v从/p轻/ad处理/v。/wj
我/rr有/vyou严重/a的/ude1高血压/n，/wd承受/v不/d了/y。/wj
辩/vg：/wm被告人/n刘玉安/nr具有/v坦白/a情节/n、/wn悔罪/vi、/wn自愿/vd认罪/vi、/wn退赃/v情节/n，/wd全部/m发还/v被害人/n。/wj
公安/n所/usuo收缴/v物品/n中/f，/wd包含/v被告人/n家庭/n合法/a财物/n，/wd对于/p这/rzv部分/m合法/a财物/n事后/t请/v法庭/n与/cc公诉人/n予以/vx查明/v，/wd并/cc将/p财物/n返还/v给/p被告人/n家属/n。/wj
被告人/n刘玉安/nr社会/n危害/vn较/d小/a，/wd从/p被告人/n每/rz次/qv作/v案/x动机/n，/wd实施/v犯罪/vn行为/n等/udeng情况/n来看/u，/wd其/rz对/p社会/n所/usuo造成/v的/ude1危害/vn相对/d来讲/uls是/vshi较/d小/a的/ude1。/wj
虽/c构成/v盗窃罪/n，/wd但/c被告人/n具有/v本/n案/x的/ude1一/m系列/q的/ude1酌定/v从/p情/n处罚/vn情节/n，/wd结合/v刑法/n以/p惩罚/v为辅/vi，/wd教育/v为主/vi的/ude1原则/n，/wd建议/v法庭/n对/p被告人/n的/ude1量刑/vn时/ng给予/vx从/p轻/a，/wd甚至/d减轻/v处罚/vn考虑/vn。/wj
（/wkz略/d，/wd详/ag见/v辩护/vn意见/n）/wky公/ng：/wm针对/p刘玉安/nr具有/v坦白/a情节/n，/wd公诉人/n认为/v被告人/n刘玉安/nr在/p讯问/v时/ng他/rr有/vyou几/m起/q是/vshi自己/rr不/d予/vg认定/v的/ude1，/wd如/v本/n案/x第14/m、/wn16/m起/q刘玉安/nr不予/v认定/v，/wd所以/c公诉/vi机关/n不予/v认定/v坦白/a，/wd刘玉安/nr交待/v了/ule公安/n去/vf他们/rr家/n扣押/v的/ude1，/wd并/cc不/d是/vshi刘玉安/nr主动/ad退赃/v的/ude1。/wj
发还/v财物/n的/ude1问题/n，/wd公安/n扣押/v的/ude1财产/n中/f，/wd公安/n机关/n在/p网上/s公布/v，/wd对于/p在/p他家/r扣押/v的/ude1物品/n还/d有些/rz失主/n在/p认领/v，/wd如果/c是/vshi他/rr的/ude1合法/a财产/n请/v出示/v相关/vi证明/v。/wj
危害/v小/a的/ude1意见/n，/wd公诉人/n不/d这么/rz认为/v，/wd他/rr盗窃/v多/ad达/v十六/m起/q，/wd现在/t是/vshi予以/vx认定/vn的/ude1，/wd刘玉安/nr有/vyou前科/n劣迹/n，/wd并/cc没有/d悔改/v表现/v，/wd又/d盗窃/v十六/m起/q。/wj
相信/v法庭/n会/v予以/vx认定/vn。/wj
审/v：/wm刚才/t在/p法庭/n辩论/vn中/f，/wd公诉人/n、/wn被告人/n、/wn辩护人/n发表/v了/ule各自/rr的/ude1意见/n，/wd双方/n的/ude1争议/vn焦点/n是/vshi：/wm1/a、/wn是否/v主动/ad退赃/v；/wf2/b、/wn哪些/ry是/vshi合法/a财产/n，/wd哪些/ry是/vshi非法/b财产/n。/wj
