审/v：/wm依照/p法律/n规定/n，/wd被告人/n在/p法庭/n审理/v过程/n中/f享有/v下列/b诉讼/vn权利/n：/wm（/wkz一/m）/wky有/vyou申请/n回避/v的/ude1权利/n；/wf（/wkz也就是说/vl，/wd你/rr认为/v本/n案/x合议庭/n成员/n、/wn书记员/n和/cc公诉人/n，/wd与/p本/n案/x有/vyou利害/n关系/n可能/v会/v影响/vn本/n案/x的/ude1公正/a审理/vn，/wd你/rr有/vyou正当/a理由/n可/v申请/v回避/v。/wj
）/wky（/wkz二/m）/wky有/vyou提出/v证据/n，/wd申请/v通知/n新/a的/ude1证人/n到/v庭/ng，/wd调/v取/v新/a的/ude1证据/n，/wd重新/d鉴定/v或者/c勘验/v、/wn检查/vn的/ude1权利/n；/wf（/wkz三/m）/wky有/vyou辩护/vn的/ude1权利/n；/wf（/wkz四/m）/wky被告人/n在/p法庭/n辩论/vn终结/vi后/f有/vyou最后/f陈述/v的/ude1权利/n。/wj
审/v：/wm被告/n人/n曾毅能/nr，/wd上述/b诉讼/vn权利/n听/v清楚/a了/y吗/y？/ww
曾毅能/nr：/wm听/v清楚/a了/y。/wj
审/v：/wm被告/n人/n是否/v申请/v回避/v？/ww
曾毅能/nr：/wm不/d申请/v回避/v。/wj
审/v：/wm被告人/n龚凤泉/nr，/wd上述/b诉讼/vn权利/n听/v清楚/a了/y吗/y？/ww
龚凤泉/nr：/wm听/v清楚/a了/y。/wj
审/v：/wm被告/n人/n是否/v申请/v回避/v？/ww
龚凤泉/nr：/wm不/d申请/v回避/v。/wj
审/v：/wm下面/f开始/v法庭/n调查/vn，/wd首先/c由/p公诉人/n宣读/v起诉书/n。/wj
公/b：/wm宣读/v起诉书/n（/wkz略/d，/wd详/ag见/v起诉书/n）/wky。/wj
审/v：/wm被告/n人/n曾毅能/nr，/wd对/p起诉书/n指控/vn的/ude1事实/n是否/v有/vyou异议/n？/ww
曾毅能/nr：/wm有些/rz没有/d写/v上/vf。/wj
审/v：/wm被告人/n龚凤泉/nr，/wd起诉书/n指控/vn的/ude1犯罪/vn事实/n是否/v属实/v？/ww
龚凤泉/nr：/wm属实/v。/wj
审/v：/wm你/rr是否/v认罪/vi？/ww
龚凤泉/nr：/wm认罪/vi。/wj
审/v：/wm请/v执/v庭/ng法警/n将/p被告人/n龚凤泉/nr押/v回/qv羁押/vn室/n。/wj
（/wkz执/v庭/ng法警/n将/p被告人/n龚凤泉/nr押/v回/qv羁押/vn室/n。/wj
）/wky审/v：/wm被告/n人/n曾毅能/nr，/wd哪些/ry没/d写/v上/vf？/ww
曾毅能/nr：/wm3月/t27日/t他/rr打电话/vi给/p龚凤泉/nr，/wd约/d我/rr到/v湾/ng里/f搞/v车子/n，/wd我/rr当时/t没/d来/vf，/wd28/m号/q打电话/vi来/f，/wd所有/b材料/n都/d是/vshi龚凤泉/nr写/v的/ude1，/wd偷/v跟/p销赃/vi的/ude1，/wd要/v是/vshi这个/rz车子/n能/v卖/v1300/m我/rr就/d只能/v得/ude3300/m，/wd他们/rr两/m个/q各/rz得/v500/m，/wd我/rr开/v摩托/n也/d不/d会/v开/v，/wd也/d不/d会/v偷/v，/wd他们/rr晚上/t打电话/vi通知/n我/rr，/wd我/rr只/d负责/v望风/v，/wd来/vf了/ule人/n就/d叫/vi不/d要/v搞/v。/wj
审/v：/wm你们/rr之前/f有/vyou没/d有/vyou分工/vn？/ww
曾毅能/nr：/wm有/vyou，/wd他们/rr两/m个/q商量/v的/ude1，/wd一个/mq负责/v偷/v，/wd一个/mq负责/v开/v。/wj
审/v：/wm谁/ry负责/v偷/v？/ww
曾毅能/nr：/wm小/a郑/tg，/wd还/d没有/d抓/v到/v的/ude1。/wj
审/v：/wm龚凤泉/nr负责/v开/v摩托车/n？/ww
曾毅能/nr：/wm对/v。/wj
他们/rr两/m个/q的/ude1钱/n是/vshi一样/a的/ude1，/wd如果/c1300/m我/rr只/d能/v得/ude3300/m上/f，/wd这/rzv上面/f没有/d写/v。/wj
审/v：/wm现在/t由/p公诉人/n讯问/vn被告人/n。/wj
公/b：/wm盗窃/v本/n案/x摩托车/n时/ng你/rr当时/t在/p盗窃/v过程/n中/f你/rr分/v了/ule什么/ry工/n？/ww
曾毅能/nr：/wm他/rr来/vf偷/v，/wd我/rr站/vi在/p旁边/f，/wd他/rr离/v这个/rz地方/n只/d有/vyou五/m到/v十/m米/q的/ude1距离/n。/wj
公/b：/wm你/rr是/vshi怎么/ryv抓获/v归/v案/x的/ude1？/ww
曾毅能/nr：/wm车子/n放在/v龚凤泉/nr家/n，/wd就/d卖/v，/wd也/d不/d知道/v谁/ry告/v了/y，/wd直属/b分局/n的/ude1人/n来/vf抓/v的/ude1。/wj
公/b：/wm怎么/ryv会/v抓/v到/v你/rr？/ww
曾毅能/nr：/wm小/a郑/nr1跟/p他/rr打/v了/ule电话/n叫/vi我/rr过来/vf，/wd说/v四点/m有人/r来/vf买/v车子/n。/wj
公/b：/wm就是/v销赃/vn？/ww
曾毅能/nr：/wm是/vshi。/wj
公/b：/wm销赃/vi时/ng被/pbei抓/v到/v的/ude1？/ww
曾毅能/nr：/wm是/vshi。/wj
公/b：/wm审判长/n，/wd讯问/v完毕/vi。/wj
审/v：/wm请/v执/v庭/ng法警/n将/p被告人/n曾毅/nr能/v押/v回/qv羁押/vn室/n，/wd将/p被告人/n龚凤泉/nr押解/v到/v庭/ng。/wj
（/wkz执/v庭/ng法警/n将/p被告人/n曾毅/nr能/v押/v回/qv羁押/vn室/n，/wd将/p被告人/n龚凤泉/nr押解/v到/v庭/ng。/wj
）/wky审/v：/wm由/p公诉人/n讯问/vn被告人/n。/wj
公/b：/wm当时/t在/p盗窃/v本/n案/x摩托车/n时/ng，/wd是/vshi你/rr将/p车骑/n回/v南昌/ns的/ude1？/ww
龚凤泉/nr：/wm是/vshi。/wj
公/b：/wm当天/t被/pbei抓获/v时/ng，/wd你/rr在/p干/v什么/ry？/ww
龚凤泉/nr：/wm我/rr是/vshi他/rr叫/vi我/rr过来/vf的/ude1。/wj
公/b：/wm谁/ry叫/vi你/rr过/d来/vf？/ww
龚凤泉/nr：/wm就是/v这个/rz老/a曾/d，/wd一下/mq就/d被/pbei抓/v到/v了/y，/wd说/v有人/r要/v，/wd叫/vi我/rr过来/vf，/wd就/d在/p我/rr的/ude1麻将/n馆/ng？/ww
公/b：/wm审判长/n，/wd讯问/v完毕/vi。/wj
审/v：/wm被告人/n龚凤泉/nr，/wd本庭/nrf问/v你/rr几/m个/q问题/n，/wd希望/v你/rr能/v如实/vd回答/v。/wj
你们/rr之前/f是否/v进行/vx分工/vn，/wd谁/ry负责/v偷/v，/wd有/vyou分工/vn吗/y？/ww
龚凤泉/nr：/wm没有/v，/wd我/rr是/vshi在/p国道/n上/f，/wd我/rr去/vf都/d没/v去/vf。/wj
审/v：/wm偷/v车/n时/ng你/rr不/d在/v？/ww
龚凤泉/nr：/wm是/vshi，/wd我/rr不/d在/p，/wd我/rr在/p国道/n上/f，/wd国道/n离/v罗/nr1亭/ng街上/s起码/d有/vyou一二/m公里/q。/wj
审/v：/wm你们/rr是/vshi三/m个/q人/n一起/s去/vf的/ude1吗/y？/ww
龚凤泉/nr：/wm是/vshi，/wd我/rr的/ude1车子/n送/v他们/rr去/vf的/ude1。/wj
审/v：/wm请/v执/v庭/ng法庭/n将/p被告人/n曾毅/nr能/v押解/v到/v庭/ng。/wj
（/wkz执/v庭/ng法庭/n将/p被告人/n曾毅/nr能/v押解/v到/v庭/ng。/wj
）/wky审/v：/wm下面/f进行/vx法庭/n举/ng证/n、/wn质证/v。/wj
先/d由/p公诉人/n就/p起诉书/n指控/vn的/ude1犯罪/vn事实/n向/p法庭/n举/ng证/n。/wj
公诉人/n举/ng证/n时/ng，/wd只/d需/v说明/v证据/n的/ude1来源/n、/wn名称/n、/wn主要/b内容/n、/wn拟/v证明/v的/ude1事实/n及/cc所/usuo在/v卷宗/n的/ude1页码/n。/wj
公/b：/wm一/m物证/n：/wm１/m、/wn出示/v被盗/vn摩托车/n照片/n，/wd公安/n卷/q二/mP27/x（/wkz略/d）/wky，/wd证实/v被盗/v新大洲/nz本田/nz摩托车/n的/ude1相关/vn情况/n。/wj
二/m书/n证/n：/wm1/a、/wn出示/v扣押/v物品/n、/wn文件/n清单/n、/wn扣押/v物品/n、/wn文件/n发还/v凭证/n，/wd公安/n卷/q二/mP24/x-25/m（/wkz略/d）/wky，/wd从/p龚凤泉/nr处/n扣押/v的/ude1新大洲/nz本田/nz摩托车/n已/d发/v还/d至/p周兰寿/nr。/wj
2/b、/wn出示/v情况/n说明/v，/wd公安/n卷/q二/mP41/x（/wkz略/d）/wky，/wd证实/v因/p龚凤泉/nr患有/v高血压/n南昌市/ns第二/m看守所/n不予/v收押/v，/wd南昌市/ns公安局/n直属/b分局/n变更/vn强制/vn措施/n为/v取保/vi候审/vi，/wd龚凤泉/nr供/vi述/vg另/rz一/m在逃/vn嫌疑人/n“/wyz小郑/nr”/wyy为/p郑兴国/nr，/wd南昌市/ns新建县/ns人/n，/wd对/p该/rz人/n的/ude1身份/n信息/n正在/d查证/v，/wd人员/n在/p追捕/v中/f。/wj
3/n、/wn出示/v指/v认/v现场/s照片/n，/wd公安/n卷/q二/mP26/x（/wkz略/d）/wky，/wd证实/v曾毅熊/nr指/v认/v盗窃/v摩托车/n现场/s的/ude1照片/n。/wj
4/vi、/wn出示/v西/b价/n鉴/vg字/n[/wkz2013/m]/wky049/m号/q涉/vg案/x财物/n价格/n鉴定/vn结论/n书/n，/wd公安/n卷/q一/mP25/x-28/m（/wkz略/d）/wky，/wd证实/v经/p鉴定/v新大洲/nz本田/nz摩托车/n（/wkz型号/n：/wmSDH125/x-46B/x）/wky价值/n人民币/n3000/m元/q。/wj
5/b、/wn出示/v南/b新/a派出所/n证明/v，/wd公安/n卷/q二/mP31/x（/wkz略/d）/wky，/wd证实/v龚凤泉/nr与/p龚凤全/nr为/v同/p一/m人/n。/wj
三/m被害人/n陈述/v：/wm宣读/v被害人/n周兰寿/nr的/ude1陈述/vn，/wd公安/n卷/q二/mP21/x-23/m（/wkz略/d）/wky，/wd证实/v2012年/m3月/t27日/t其/rz将/p摩托车/n停放/v在/p湾里区/ns罗/b亭/ng镇/n老/a菜场/n喜洋洋/z批发部/n旁/f的/ude1一/m楼/n楼道/n内/f，/wd第二/m日/qt下午/t的/ude1时候/n其/rz朋友/n刘/nr1盼/v下/vf楼/n去/vf买/v东西/n还/d看见/v了/y，/wd29日/t早上/t刘/nr1盼/v买/v早/a点/qt的/ude1时候/n回来/v说/v摩托车/n不见/v了/ule的/ude1事实/n及/cc经过/v。/wj
