四/m被告人/n供/vi述/vg，/wd1/a、/wn宣读/v被告人/n曾毅能/nr的/ude1供/vi述/vg，/wd公安/n卷/q二/mP3/x-6/m（/wkz略/d）/wky，/wd证实/v2013年/m3月/t28日/t下午/t，/wd其/rz和/cc小/a龚/nr1、/wn小郑/nr在/p铁路/n五/m村/n碰面/vi后/f商量/v好/a晚上/t到/v罗亭/nrf去/vf偷/v车子/n，/wd小龚/nr骑/v其/u的/ude1摩托车/n，/wd其/rz和/cc小/a郑/nr1坐/v在/p后面/f，/wd沿/p105/m国道/n到/v罗亭/nrf。/wj
小龚/nr在/p有/vyou罗/b亭/ng牌子/n的/ude1105/m国道/n旁/f看/v着/uzhe摩托车/n，/wd其/rz和/cc小/a郑/nr1到/v罗/nr1亭/ng街上/s目标/n盗窃/vn，/wd在/p一/m栋/q楼/n下/f看/v到/v一/m辆/q摩托车/n并/cc偷走/v的/ude1事实/n及/cc经过/v。/wj
2/b、/wn宣读/v被告人/n龚凤泉/nr的/ude1供/vi述/vg，/wd公安/n卷/q二/mP11/x-13/m（/wkz略/d）/wky，/wd证实/v2013年/m3月/t28日/t下午/t，/wd其/rz和/cc老曾/nr、/wn小郑/nr子/ng在/p铁路/n五/m村/n碰面/vi，/wd约/d好/a晚上/t11点/t去/vf罗亭/nrf偷/v车子/n。/wj
其/rz骑/v道/qv老/a曾/d的/ude1摩托车/n带/v着/uzhe老/a曾/d和/cc小/a郑子/nr走/v105/m国道/n到/v罗亭/nrf，/wd到/v了/ule后/f其/rz在/p国道/n边上/f看/v着/uzhe摩托车/n，/wd老/a曾/d和/cc小/a郑子/nr到/v罗/nr1亭/ng街上/s去/vf了/y，/wd过/vf了/ule半/m小时/n一/m人/n骑/v一/m辆/q车子/n出来/vf的/ude1事实/n及/cc经过/v。/wj
举/v证/n完毕/vi。/wj
审/v：/wm二/m被告人/n，/wd公诉人/n以上/f所/usuo举/v证据/n是否/v属实/v？/ww
曾毅能/nr：/wm是/vshi这样/rzv的/ude1。/wj
龚凤泉/nr：/wm属实/v。/wj
被告人/n对/p以上/f证据/n是否/v有/vyou异议/n？/ww
曾毅能/nr：/wm属实/v。/wj
龚凤泉/nr：/wm没有/v异议/n。/wj
审/v：/wm下面/f进入/v第二/m阶段/n的/ude1举/ng证/n、/wn质证/v，/wd也/d就/d是/vshi对/p本/n案/x的/ude1量刑/vn事实/n和/cc量刑/vn情节/n方面/n进行/vx举/v证/n质证/v。/wj
公诉人/n在/p提供/v证据/n证明/v被告人/n从重/d或者/c加重/v处罚/vn情节/n的/ude1同时/n，/wd应当/v提供/v证据/n证明/v被告人/n罪/n轻/a、/wn从/p轻/a或者/c免除/v处罚/vn的/ude1情节/n，/wd被告人/n有/vyou权/n提供/v证明/v被告人/n罪/n轻/a、/wn从/p轻/a或者/c免除/v处罚/vn的/ude1情节/n的/ude1证据/n。/wj
被告人/n不/d参与/v量刑/vi庭审/v，/wd不/d影响/v本/n案/x的/ude1审理/vn，/wd本/rz院/n将/d根据/p庭审/v查明/v的/ude1事实/n确定/v被告人/n是否/v有/vyou罪/n以及/cc应当/v判处/v的/ude1刑罚/n被告人/n是否/v参加/v量刑/vi庭审/v？/ww
曾毅能/nr：/wm参加/v。/wj
龚凤泉/nr：/wm参加/v。/wj
审/v：/wm现在/t由/p公诉/vn机关/n就/p被告人/n量刑/vn事实/n及/cc量刑/vn情节/n进行/vx举/v证/n。/wj
公/b：/wm现/tg就/d关于/p被告人/n量刑/vn事实/n和/cc量刑/vn情节/n方面/n的/ude1证据/n向/p法庭/n举/ng证/n。/wj
1/a、/wn出示/v常住/vn人口/n信息/n，/wd公安/n卷/q二/mP28/x-29/m（/wkz略/d）/wky，/wd证实/v被告人/n曾毅能/nr、/wn龚凤泉/nr具有/v完全/ad刑事/b责任/n能力/n。/wj
2/b、/wn出示/v释放/v证明书/n、/wn洪/ng劳教/vn字/n[/wkz2010/m]/wky71/m号/q劳动/vn教养/n决定书/n、/wn（/wkz2001/m）/wky洪/nr1刑/n一/m初/f字/n第136/m号/q南昌市/ns中级/b人民法院/nl刑事/b判决书/n，/wd公安/n卷/q二/m32-40/m（/wkz略/d）/wky，/wd证实/v曾毅能/nr因/p犯/v诈骗罪/n被/pbei判处/v有期徒刑/nl一年/m六/m个/q月/n，/wd于/p2003年/m3月/t12日/t释放/v；/wf2010年/m5月/t7日/t，/wd曾毅能/nr因/p盗窃/v被/pbei收容/v劳动/vn教养/n一年/m六/m个/q月/n；/wf2001年/m龚凤泉/nr因/p犯/v盗窃罪/n被/pbei判处/v有期徒刑/nl十年/m。/wj
3/n、/wn出示/v抓获/v经过/v，/wd公安/n卷/q二/mP1/x（/wkz略/d）/wky，/wd证实/v2013年/m3月/t29日/t下午/t，/wd南昌市/ns公安局/n直属/b分局/n一/m大队/n民警/n在/p南昌市/ns铁路/n五/m村/n铁路/n二/m小/a对面/f的/ude1拆迁房/n附近/f发现/v两/m名/q男子/n好像/v在/p卖/v摩托车/n，/wd于是/cc对/p其/rz进行/vx盘查/vn，/wd盘查/v过程/n中/f，/wd该/rz二/m人/n支支吾吾/z，/wd讲/v不/d出/vf摩托车/n的/ude1来源/n，/wd经/p进一步/d盘问/v，/wd该/rz二/m人/n承认/v摩托车/n是/vshi昨天/t晚上/t在/p湾/ng里/f罗亭/nrf偷/v来/vf的/ude1。/wj
经/p查/v，/wd该/rz二/m人/n分别/d小/a龚凤泉/nr和/cc曾毅/nr能/v。/wj
4/vi、/wn二/m被告人/n认罪/vn态度/n较/d好/a。/wj
举/v证/n完毕/vi。/wj
审/v：/wm请/v执/v庭/ng法警/n将/p书/n证/n材料/n交由/v被告人/n进行/vx质证/v。/wj
（/wkz执/v庭/ng法警/n将/p书/n证/n材料/n交由/v被告人/n进行/vx质证/v）/wky审/v：/wm被告/n人/n曾毅能/nr对/p上述/b证据/n是否/v有/vyou异议/n？/ww
曾毅能/nr：/wm没有/v。/wj
审/v：/wm被告/n人/n曾毅能/nr对/p上述/b证据/n是否/v有/vyou异议/n？/ww
曾毅能/nr：/wm没有/v。/wj
审/v：/wm被告/n人/n曾毅能/nr就/d量刑/vi事实/n及/cc量刑/vn情节/n方面/n是否/v有/vyou证据/n向/p法庭/n提供/v？/ww
曾毅能/nr：/wm没有/v。/wj
审/v：/wm被告人/n龚凤泉/nr对/p上述/b证据/n是否/v有/vyou异议/n？/ww
龚凤泉/nr：/wm没有/v。/wj
审/v：/wm被告人/n龚凤泉/nr就/d量刑/vi事实/n及/cc量刑/vn情节/n方面/n是否/v有/vyou证据/n向/p法庭/n提供/v？/ww
龚凤泉/nr：/wm没有/v。/wj
审/v：/wm公诉人/n、/wn被告人/n以上/f所/usuo举/v证据/n经/p当庭/d质证/v，/wd公诉人/n、/wn被告人/n均/d无/v异议/n，/wd经/p合议庭/n评议/vn，/wd认为/v上述/b证据/n内容/n真实/a、/wn形式/n合法/a，/wd具有/v合法性/n、/wn真实性/n、/wn关联性/n，/wd可以/v作为/p本/n案/x定/v案/x依据/n，/wd本庭/nrf予以/vx当庭/d确认/v。/wj
审/v：/wm法庭/n调查/v结束/v，/wd现在/t进行/vx法庭/n辩论/vn。/wj
控/v辩/vg双方/n应/v主要/d围绕/v量刑/vi情节/n及/cc其他/rzv有/vyou争议/vn的/ude1问题/n进行/vx辩论/vn。/wj
先/d由/p公诉人/n发表/v公诉/vn意见/n。/wj
公/b：/wm龚凤泉/nr不能/v收押/v，/wd希望/v考虑/v缓刑/vi的/ude1问题/n。/wj
（/wkz略/d，/wd详/ag见/v公诉/vn词/n）/wky审/v：/wm现在/t由/p被告人/n自行/d辩护/vi。/wj
曾毅能/nr：/wm没有/v。/wj
龚凤泉/nr：/wm没有/v。/wj
审/v：/wm经过/p刚才/t的/ude1法庭/n辩论/vn，/wd法庭/n充分/ad听取/v了/ule公诉人/n、/wn被告人/n的/ude1意见/n，/wd并/cc已/d记录/v在/p案/x，/wd本庭/nrf认为/v，/wd控/v辩/vg双方/n的/ude1控/v辩/vg观点/n已经/d发表/v明确/a，/wd无需/v继续/v再/d辩论/v，/wd现在/t宣布/v法庭/n辩论/vn结束/v。/wj
下面/f由/p被告人/n向/p法庭/n作/v最后/f陈述/v。/wj
曾毅能/nr：/wm我/rr主要/d说/v我/rr在/p牢/ng里/f基本/a胃/n出/vf血/n，/wd现在/t三四/m个/q月/n，/wd胃/n痛/a了/ule两/m个/q多/a月/n，/wd前段/t时间/n都/d胃/n出/vf血/n，/wd喉咙/n有/vyou痰/n，/wd家/q人/n没有/v上/vf账/n，/wd咳/v得/ude3也/d利害/n，/wd喉咙/n好/a痛/a龚凤泉/nr：/wm感谢/v法院/n，/wd等于/v是/vshi救/v了/ule我/rr，/wd不义之财/nl不/d可/v获/v。/wj
审/v：/wm公诉人/n，/wd刚才/t曾毅能/nr说/v之前/f是/vshi有/vyou分工/vn的/ude1，/wd他/rr负责/v望风/v，/wd对/p区分/v主从/n犯/v是否/v有/vyou意见/n？/ww
公/b：/wm由/p合议庭/n合/vd议/v。/wj
审/v：/wm本/n案/x将/d择/v期/qv宣判/vn，/wd开庭/vi时间/n及/cc地点/n将/d另行/d公告/v，/wd将/p被告人/n曾毅/nr能/v押/v回/qv看守所/n继续/v看押/vn。/wj
现在/t宣布/v休庭/v。/wj
（/wkz敲击/v法/n槌/ng）/wky审判长/n：/wm现在/t核对/v当事人/n、/wn诉讼/vi参与/v人/n基本/a情况/n。/wj
审/v：/wm原告/n姓名/n等/udeng项/q?/ww
原告/n：/wm肖亮/nr,/wd男/b,/wd1967年/m出生/vi，/wd汉族/nz，/wd农民/n，/wd住/vi福建省/ns尤溪县/ns城关/ns镇/n下/vf村村/n53/m号/q。/wj
是/vshi被/pbei继承人/n肖/vg立/v的/ude1次子/n。/wj
审/v：/wm原告/n委托/vn代理人/n的/ude1身份/n及/cc代理/vn权限/n?/ww
委托/v代理人/n：/wm李仁尚/nr，/wd律师/n事务所/n律师/n，/wd代理/v权限/n以/p授权/v委托书/n为/p准/a。/wj
审/v：/wm被告/n一/m姓名/n等/udeng项/q?/ww
被告/n一：/m肖鹏/nr，/wd男/b,/wd1986年/m1月/t13日/t出生/vi，/wd汉族/nz，/wd农民/n，/wd住/vi住/vi福建省/ns尤溪县/ns城关/ns镇/n下/vf村村/n53/m号/q，/wd是/vshi被/pbei继承人/n肖/vg立/v的/ude1孙子/n。/wj
