书/n：/wm全体/n起立/vi！/wt
请/v审判长/n、/wn助理/n审判员/n、/wn人民/n陪审员/n入/v庭/ng就/d坐/v。/wj
审判长/n：/wm请/v坐/v下/vf！/wt
书/n：/wm报告/n审判长/n，/wd参加/v诉讼/vi的/ude1当事人/n已/d入/v庭/ng就/d坐/v，/wd庭审/v准备/vn工作/vn就绪/vi，/wd可以/v开庭/vi。/wj
审/v：/wm现在/t核对/v当事人/n身份/n信息/n。/wj
原告/n：/wm周/nr1某/rz海/n，/wd男/b，/wd2003年/m4月/t4日/t出生/vi，/wd汉族/nz，/wd江西省/ns南昌市/ns人/n，/wd湾/ng里/f五/m小学生/n，/wd住/vi南昌市/ns湾里区/ns招贤/v镇/n夏/tg泽/ng村/n坑/n头/n王/nr1家/n自然村/n20/m号/q。/wj
公民身份/n号码/n：/wm360105200304041617/m。/wj
法定/b代理人/n：/wm周某/nr父/ng（/wkz系/v原告/n周某/nr海之/nr2父/ng）/wky，/wd男/b，/wd1971年/m12月/t19日/t出生/vi，/wd汉族/nz，/wd江西省/ns南昌市/ns人/n，/wd农民/n，/wd住/vi南昌市/ns湾里区/ns招贤/v镇/n夏/tg泽/ng村/n坑/n头/n王/nr1家/n自然村/n20/m号/q。/wj
公民身份/n号码/n：/wm360105197112191616/m。/wj
法定/b代理人/n：/wm周某/nr母/ng（/wkz系/v原告/n周某/nr海之/nr2母/ng）/wky，/wd女/b，/wd1974年/m10月/t11日/t出生/vi，/wd汉族/nz，/wd江西省/ns南昌市/ns人/n，/wd农民/n，/wd住/vi南昌市/ns湾里区/ns招贤/v镇/n夏/tg泽/ng村/n坑/n头/n王/nr1家/n自然村/n20/m号/q。/wj
公民身份/n号码/n：/wm360105197410111629/m。/wj
诉讼/vn代理人/n：/wm胡某/nr，/wd江西/ns巨贤/nr2律师/n事务所/n律师/n。/wj
执业/vn证/n号/n：/wm13601199610423372/m。/wj
代理/vn权限/n：/wm起诉/v、/wn举/v证/n、/wn出庭/vi发言/vi、/wn代/vd递/v代收/v法律/n事务/n文书/n，/wd代/vd为/v调解/vn、/wn和解/vn、/wn承认/v、/wn放弃/v、/wn变更/vn诉讼/vn请求/n等/udeng特别/d授权/v。/wj
第一/m被告/n：/wm王/n某/rz富/a，/wd男/b，/wd1952年/m8月/t11日/t出生/vi，/wd汉族/nz，/wd江西省/ns南昌市/ns人/n，/wd农民/n，/wd住/vi江西省/ns南昌市/ns湾里区/ns招贤/v镇/n夏/tg泽/ng村/n坑/n头/n王/nr1家/n自然村/n40/m号/q。/wj
公民身份/n号码/n：/wm360105195208111618/m。/wj
第二/m被告/n：/wm范某/nr华/ag，/wd女/b，/wd1960年/m6月/t21日/t出生/vi，/wd汉族/nz，/wd江西省/ns南昌市/ns人/n，/wd农民/n，/wd住/vi江西省/ns南昌市/ns湾里区/ns招贤/v镇/n夏/tg泽/ng村/n坑/n头/n王/nr1家/n自然村/n40/m号/q。/wj
公民身份/n号码/n：/wm360105196006211623/m。/wj
第一/m、/wn二/m被告/n诉讼/vn代理人/n：/wm李某/nr昊/nr1，/wd江西/ns添/v翼/ng律师/n事务所/n律师/n。/wj
执业/vn证/n号/n：/wm13601200310660395/m。/wj
代理/vn权限/n：/wm一般/ad授权/v。/wj
第三/m被告/n：/wm旅游/vn公司/n，/wd住所/n地/n南昌市/ns湾里区/ns人民政府/nl一/m楼/n。/wj
组织/v机构/n代码/n：/wm56627793-0/m。/wj
法定/b代表/n人/n：/wm刘某/nr锋/ng，/wd该/rz公司/n董事长/n。/wj
诉讼/vn代理人/n：/wm徐某/nr，/wd女/b，/wd1976年/m12月/t6日/t出生/vi，/wd江西/ns南昌/ns人/n，/wd旅游/vn公司/n副/b总经理/n，/wd住/vi湾里区/ns幸福/a路/n253/m号/q。/wj
公民身份/n号码/n：/wm360121197612061447/m。/wj
代理/vn权限/n：/wm一般/ad授权/v。/wj
审/v：/wm原告/n，/wd你/rr在/p起诉/v时/ng第三/m被告/n名称/n有/vyou误/ng，/wd你/rr是否/v变更/v？/ww
原告/n：/wm我/rr申请/v当庭/d变更/v第三/m被告/n，/wd将/d起/vf诉状/n上/f第三/m被告/n南昌市/ns湾里区/ns梅岭/ns旅游/vn发展/vn有限公司/n变更/v为/p旅游/vn公司/n。/wj
审/v：/wm原/b被告/n，/wd鉴于/p原告/n当庭/d变更/v了/ule第三/m被告/n，/wd你们/rr是否/v需要/v重新/d指定/v举/v证/n期/qv和/cc答辩/vn期/qv？/ww
原告/n：/wm不/d需要/v。/wj
为了/p减轻/v当事人/n诉/vg累/a，/wd请求/v法院/n继续/v开庭/vi。/wj
第一/m、/wn二/m被告/n：/wm不/d需要/v。/wj
为了/p减轻/v当事人/n诉/vg累/a，/wd请求/v法院/n继续/v开庭/vi。/wj
第三/m被告/n：/wm不/d需要/v。/wj
为了/p减轻/v当事人/n诉/vg累/a，/wd请求/v法院/n继续/v开庭/vi。/wj
审/v：/wm鉴于/p原/b被告/n均/d不/d需要/v重新/d指定/v举/v证/n期/qv和/cc答辩/vn期/qv，/wd现在/t继续/v开庭/vi。/wj
审/v：/wm原告/n对/p被告/n出庭/vi人员/n有/vyou无/v异议/n？/ww
原告/n：/wm没有/v异议/n。/wj
审/v：/wm被告/n对/p原告/n出庭/vi人员/n有/vyou无/v异议/n？/ww
第一/m、/wn二/m、/wn三/m被告/n：/wm没有/v异议/n。/wj
审/v：/wm经/p审查/vn，/wd原/b、/wn被告/n出庭/vi人员/n符合/v法律/n规定/n，/wd可以/v参加/v本/n案/x诉讼/vn。/wj
审/v：/wm根据/p《/wkz中华人民共和国/ns民事/b诉讼法/n》/wky的/ude1有关/vn规定/n，/wd江西省/ns南昌市/ns湾里区/ns人民法院/nl今天/t在/p此/rzs就/p原告/n周某/nr海/n诉/vg被告/n王某/nr富/vg、/wn范某/nr华/b、/wn旅游/vn公司/n（/wkz以下/f简称/v梅岭/ns旅游/vn公司/n）/wky饲养/v动物/n损害/vn责任/n纠纷/n一/m案/x进行/vx公开/ad审理/v，/wd（/wkz敲击/v法/n槌/ng）/wky现在/t宣布/v开庭/vi。/wj
审/v：/wm根据/p《/wkz中华人民共和国/ns民事/b诉讼法/n》/wky的/ude1有关/vn规定/n，/wd本/rz案/x由/p本/rz院/n审判员/n担任/v审判长/n，/wd与/p审判员/n、/wn助理/n审判员/n依法/d组成/v合议庭/n进行/vx审理/vn，/wd书记员/n担任/v记录/n。/wj
审/v：/wm根据/p《/wkz中华人民共和国/ns民事/b诉讼法/n》/wky第四十九/m条/q、/wn第五十/m条/q、/wn第五十一/m条/q、/wn第一百一十八/m条/q、/wn第一百四十三/m条/q、/wn第一百四十四/m条/q的/ude1规定/n，/wd民事/b诉讼/vn当事人/n有/vyou以下/f诉讼/vn权利/n和/cc义务/n：/wm（/wkz一/m）/wky有/vyou就/d案/x件/q事实/n进行/vx陈述/vn和/cc申辩/vi的/ude1权利/n；/wf（/wkz二/m）/wky有/vyou委托/vn代理人/n，/wd收集/v、/wn提供/v证据/n、/wn进行/vx辩论/vn，/wd请求/v调解/vn，/wd提起/v上诉/v，/wd申请/v执行/v的/ude1权利/n；/wf（/wkz三/m）/wky原告/n可以/v放弃/v或者/c变更/v诉讼/vn请求/n，/wd被告/n可以/v承认/v、/wn反驳/vn原告/n诉讼/vn请求/n，/wd有/vyou权/n提起/v反诉/vi；/wf（/wkz四/m）/wky双方/n当事人/n必须/d依法/d行使/v诉讼/vn权利/n，/wd遵守/v诉讼/vn秩序/n，/wd未经/d审判长/n同意/v不得/vi擅自/d发言/vi；/wf（/wkz五/m）/wky原告/n未经/d法庭/n许可/vn中途/d退庭/v的/ude1，/wd可/v按/p撤诉/vi处理/v，/wd被告/n未经/d法庭/n许可/vn中途/d退庭/v的/ude1，/wd可以/v缺席/vd判决/v；/wf（/wkz六/m）/wky双方/n当事人/n有/vyou义务/n自觉/ad履行/v发生/v法律/n效力/vi的/ude1判决/vn、/wn裁定/vn和/cc调解书/n，/wd并/cc按规定/n缴纳/v诉讼/vn费用/n。/wj
审/v：/wm原/b、/wn被告/n对/p诉讼/vn权利/n、/wn义务/n是否/v清楚/a？/ww
原告/n：/wm清楚/a。/wj
第一/m、/wn二/m、/wn三/m被告/n：/wm清楚/a。/wj
审/v：/wm在/p庭审/v过程/n中/f，/wd当事人/n除/p享有/v以上/f诉讼/vn权利/n以外/f，/wd还有/v申请/v审判/vn人员/n及/cc有关/vn人员/n回避/v的/ude1权利/n。/wj
如果/c你们/rr认为/v法庭/n审判/vn人员/n、/wn书记员/n与/cc本/n案/x有/vyou直接/a利害/n关系/n或者/c有/vyou其他/rzv关系/n，/wd可能/v影响/v公正/a审判/vn的/ude1，/wd可以/v提出/v事实/n或/c理由/n申请/v回避/v。/wj
审/v：/wm原告/n是否/v申请/v回避/v？/ww
原告/n：/wm不/d申请/v回避/v。/wj
审/v：/wm被告/n是否/v申请/v回避/v？/ww
第一/m、/wn二/m、/wn三/m被告/n：/wm不/d申请/v回避/v。/wj
审/v：/wm现在/t进行/vx法庭/n调查/vn。/wj
先/d由/p原告/n简要/ad陈述/v起诉/v的/ude1请求/n和/cc理由/n，/wd或者/c宣读/v起诉/v状/ng。/wj
原告/n：/wm2012年/m12月/t23日/t，/wd原告/n因/p双休日/t与/p同村/n几/m个/q少年/n到/v第三/m被告/n长春/ns湖/n景区/n草坪/n上/f玩耍/vi，/wd由于/c第一/m、/wn二/m被告/n饲养/v的/ude1马/n无/v人/n看管/v，/wd结果/n原告/n被/pbei马/n的/ude1后腿/n踢/v中/b鼻子/n造成/v粉碎/v性/ng骨折/vi。/wj
原告/n受伤/vi后/f被/pbei送/v往/p江西省/ns儿童/n医院/n抢救/vn治疗/vn和/cc分别/d转院/vi至/p南昌市/ns第二/m医院/n、/wn上海/ns交通/n大学/n医学院/n附属/vn第九/m人民/n医院/n住院/vn治疗/vn，/wd共/d花/v去/vf医疗/n费用/n36439./m05/m元/q，/wd第一/m、/wn二/m被告/n已/d支付/v医疗费/n三/m万/m元/q，/wd之后/f就/d赔偿/v事宜/n协商/vd未果/v。/wj
经/p江西/ns南昌/ns司法/n鉴定/vn中心/n鉴定/vn为/p外伤/n性/ng鼻/ng踏/v陷/vi严重/a畸形/n构成十/v级/q伤残/vn，/wd右眼/n盲/vg四/m级/q以上/f为/v八/m级/q伤残/vn，/wd后续/vn治疗费/n无法/vd预测/v，/wd护理/v、/wn营养/n期限/n均/d为/v30/m天/qt。/wj
原告/n认为/v，/wd第一/m、/wn二/m被告/n作为/p动物/n饲养/vn人/n应当/v承担/v侵权/vn赔偿/vn责任/n，/wd第三/m被告/n作为/p景点/n管理/vn人/n未/d尽/vi到/v管理/vn职责/n，/wd也/d应/v担/v责/ng。/wj
