原/d代/v：/wm念/v代理/vn词/n(/wkz内容/n略/d记/v)/wky审/v：/wm现在/t由/p被告/n方/d发言/vi?/ww
被告/n一：/m被/pbei继承人/n肖/vg立/v被/pbei宣告/v死亡/vi后/f，/wd原告/n肖亮/nr对/p是否/v继承/v遗产/n没有/d明确/ad表示/v，/wd遗产/n已/d实际/a由/p被告/n肖明/nr继承/v，/wd肖/vg明/tg死亡/vi后/f，/wd由/p被告/n肖/vg鹏/ng继承/v肖明/nr的/ude1遗产/n。/wj
自/p此/rzs原告/n肖亮/nr的/ude1权利/n已/d受/v侵犯/v，/wd至/p2004年/m6月/t已/d超/v两年/m时间/n的/ude1诉讼/vn时效/n，/wd原告/n请求/v继承/v肖/vg立/v遗产/n不/d受/v法律/n保护/vn，/wd应/v驳回/v原告/n的/ude1诉讼/vn请求/n。/wj
肖哲/nr得知/v肖立/nr自/p书/n遗嘱/n由/p其/rz继承/v古画/n二/m幅/q和/cc存款/n5/f万/m元/q后/f，/wd即/d提出/v继承/v的/ude1主张/n，/wd并/cc未/d超过/v两/m个/q月/n的/ude1期限/n，/wd其/rz享/vg的/ude1继承权/n，/wd古画/n二/m幅/q和/cc存款/n5/f万/m元/q应/v由/p其/rz继承/v。/wj
被告/n一代/n：/wm念/v代理/vn词/n(/wkz内容/n略/d记/v)/wky被告/n二：/m肖立/nr所/usuo立/v由/p他/rr继承/v古画/n二/m幅/q和/cc存款/n5/f万/m元/q的/ude1遗嘱/n合法/a有效/a，/wd且/c他/rr在/p得知/v有/vyou该/rz遗嘱/n后/f即/d主张/v按/p该/rz继承/v，/wd没有/d超/v两/m个/q月/n时间/n，/wd因此/c他/rr有/vyou继承/vn遗产/n的/ude1权利/n。/wj
被告/n二/m代/q：/wm念/v代理/vn词/n(/wkz内容/n略/d记/v)/wky审/v：/wm双方/n有/vyou无/v新/a的/ude1意见/n?/ww
原告/n：/wm没有/d新/a的/ude1意见/n。/wj
被告/n一：/m没有/d新/a的/ude1意见/n。/wj
被告/n二：/m没有/d新/a的/ude1意见/n。/wj
审/v：/wm法庭/n辨认/v结束/v，/wd由/p当事人/n陈述/v最后/f意见/n?/ww
原告/n：/wm按/p诉讼/vn请求/n。/wj
被/pbei一：/m由/p法院/n依法/d判决/v。/wj
被/pbei二：/m由/p法院/n依法/d进行/vx判决/vn。/wj
审/v：/wm双方/n是否/v同意/v调解/v?/ww
原告/n：/wm不/d同意/v。/wj
被告/n一：/m不/d同意/v。/wj
被告/n二：/m不/d同意/v。/wj
审/v：/wm由于/p双方/n不/d同意/v调解/vn，/wd本庭/nrf不/d组织/v调解/vn。/wj
审/v：/wm现在/t宣布/v休庭/v30分钟/t，/wd合议庭/n对本/r案/x进行/vx评议/vn，/wd15分钟/t后/f继续/v开庭/vi，/wd宣布/v对/p本/n案/x的/ude1载/qt判/v结果/n。/wj
审/v：/wm现在/t宣布/v休庭/v。/wj
书/n：/wm由/p判决/v长/a、/wn审判员/n退庭/v。/wj
书/n：/wm当事人/n和/cc旁听/v人员/n退庭/v。/wj
(/wkz合议庭/n进行/vx评议/vn，/wd略/d记/v)/wky书/n：/wm请/v审判长/n、/wn审判员/n入/v庭/ng。/wj
审/v：/wm继续/v开庭/vi。/wj
本庭/nr2在/p休庭/v期间/f，/wd合议庭/n对本/r案/x进行/vx了/ule认真/a的/ude1评议/vn，/wd对/p本/n案/x的/ude1证据/n、/wn事实/n进行/vx认定/vn，/wd充分考虑/n了/ule原/b被告/n双方/n的/ude1意见/n，/wd已经/d作出/v结论/n，/wd现在/t宣判/v。/wj
(/wkz敲/v法/n槌/ng)/wky书/n：/wm全体/n起立/vi。/wj
审/v：/wm宣读/v判决书/n(/wkz见/v判决书/n，/wd略/d记/v)/wky，/wd判决/v如下/vi：/wm一/m、/wn撤销/v本/rz院/n于/p2001年/m宣告/v被/pbei继承人/n肖/vg立/v死亡/vi的/ude1判决/vn。/wj
二/m、/wn遗产/n120/m平方米/q一/m套/q、/wn存款/n9/vyou万/m元/q由/p原告/n肖亮/nr继承/v。/wj
三/m、/wn遗产/n古画/n三/m幅/q、/wn存款/n9/vyou万/m元/q由/p被告/n肖鹏/nr继承/v。/wj
四/m、/wn遗产/n古画/n二/m幅/q、/wn存款/n5/f万/m元/q由/p被告/n肖哲/nr继承/v。/wj
案/x件/q受理/v费/v6000/m元/q，/wd其他/rzv诉讼费/n用/p3000/m元/q，/wd则/c原告/n肖亮/nr负担/n4000/m元/q，/wd被告/n肖鹏/nr负责/v3000/m元/q、/wn被告/n肖哲/nr负担/n2000/m元/q。/wj
本/rz判决/vn的/ude1判决书/n在/p闭/v庭/ng后/f五日/t送达/v，/wd如/c如/v不/d服/v本/rz判决/vn，/wd可/v在/p判决书/n送达/v之/uzhi日/ng起/vf十五日/t内/f，/wd向本院/nr递交/v上/vf诉状/n，/wd并/cc按/p对方/n当事人/n的/ude1人数/n提出/v副本/n，/wd上诉/v于/p三明市/ns中级/b人民法院/nl。/wj
审判/v完毕/vi。/wj
书记员/n：/wm全体/n坐下/vi。/wj
审判长/n：/wm原告/n对/p判决/v有/vyou何/ry意见/n?/ww
原/b：/wm服从/v判决/vn。/wj
审判长/n：/wm被告/n肖鹏/nr对/p判决/v有/vyou何/ry意见/n?/ww
被/pbei肖鹏/nr：/wm服从/v判决/vn。/wj
审判长/n：/wm被告/n肖哲/nr对/p判决/v有/vyou何/ry意见/n?/ww
被/pbei肖哲/nr：/wm服从/v判决/vn。/wj
审/v：/wm现在/t宣布/v闭/v庭/ng。/wj
(/wkz敲/v法/n槌/ng)/wky书/n：/wm全体/n起立/vi，/wd请/v审判长/n、/wn审判员/n退庭/v。/wj
诉讼/vi参与/v人/n退庭/v。/wj
当事人/n及/cc诉讼/vn参与/vn人/n核对/v笔录/n签字/vn：/wm合议庭/n组成/v人员/n及/cc书记员/n签字/vn：/wm费良玉/nr“/wyz交通/n肇事/vn案/x”/wyy庭审/v记录/v一/m、/wn调查/vn阶段/n公诉人/n宣读/v起诉书/n《/wkz乐清市/ns人民检察院/nt起诉书/n（/wkz乐/a检/ng刑/n诉/vg[/wkz2011/m]/wky73/m号/q）/wky》/wky被告人/n费良玉/nr，/wd男/b，/wd1979年/m8月/t29日/t出生/vi，/wd身份证/n号码/nXXXX/x，/wd汉族/nz，/wd文化/n程度/n初中/n，/wd住/vi安徽省/ns颍上县/ns黄/nr1桥/n镇/n张庄村/ns东海/ns队/n58/m号/q，/wd因/p本/n案/x2010年/m12月/t25日/t被/pbei乐清市/ns公安局/n刑事/b拘留/vn，/wd经/p本/rz院/n批准/v同意/v，/wd2011年/m1月/t4日/t被/pbei依法/d逮捕/v，/wd本/rz案/x由/p乐清市/ns公安局/n侦查/v终结/vi，/wd因/p被告人/n费良玉/nr涉嫌/v交通/n肇事罪/n于/p2011年/m1月/t18日/t向/p本/rz院/n移送/v审查/vn起诉/vn。/wj
本/rz院/n受理/v后/f，/wd依法/d告知/v被告人/n有/vyou权/n委托/vn辩护人/n，/wd告知/v被害人/n近/a亲属/n有/vyou权/n委托/vn诉讼/vn代理人/n，/wd并/cc依法/d讯问/v了/ule被告人/n，/wd审查/v有关/vn案/x卷/q材料/n。/wj
经/p依法/d审查/v查明/v，/wd2010年/m12月/t25日/t上午/t，/wd被告人/n费良玉/nr在/p未/d取得/v机动车/n驾驶/vn资格/n的/ude1情况/n下/f，/wd驾驶/v装载/v石料/n的/ude1皖/bK5B323/x解放/vn牌/n重型/b自/p卸货/vi车/n，/wd荷载/n12405/m公斤/q，/wd超载/v35020/m公斤/q，/wd超载/v率/v282%/m，/wd从/p乐清市/ns虹桥/ns镇/n湾/ng底/f村/n开/v往/p乐清市/ns临/v港/n开发区/n围垦/vn工地/n。/wj
当日/t9:45时/t，/wd车辆/n途经/v虹/n南/b大道/n蒲/nr1岐/ng镇/n寨/ng桥/n村/n路段/n时/ng，/wd遇/v行人/n钱云会/nr，/wd在/p车/n前方/s道路/n右侧/f向/p左/f横穿/v，/wd被告人/n费良玉/nr刹车/n但/c仍/d避让/v不及/vi，/wd车头/n左侧/f将/d钱云会/nr碰/v倒/vi，/wd左/a前轮/n碾压/v其/rz胸/ng颈/ng部/n，/wd致/v钱云会/nr当场/d死亡/vi，/wd撞车/vi后/f被告人/n费良玉/nr指使/v他人/rr顶替/v，/wd企图/v逃避/v法律/n追究/v。/wj
经/p温州/ns市/n公安局/n交警/n支队/n认定/v，/wd该/rz交通事故/n中/f，/wd被告人/n费良玉/nr负/v主要/b责任/n。/wj
经/p法医/n鉴定/vn，/wd被害人/n钱/n云/vg会/v遭/v机动车辆/n碰撞/vn、/wn碾压/v致/v颈/ng部/n、/wn胸部/n重度/b毁损/vn伤/n而/cc死亡/vi。/wj
认定/v上述/b事实/n的/ude1证据/n如下/vi：/wm一/m、/wn物/ng证书/n证/n：/wm110/m接警/v单/b、/wn扣押/v物品/n文件/n清单/n、/wn机动车/n驾驶证/n查询/vn结果/n、/wn称/v重/a单/ng、/wn机动车行驶/n证/n信息/n、/wn调解书/n、/wn户籍/n证明/v等/udeng；/wf二/m、/wn证人/n证言/n：/wm证人/n黄标/nr、/wn高广跃/nr、/wn王立权/nr、/wn薛品芬/nr、/wn陈赛英/nr、/wn黄雪芬/nr等/udeng人/n的/ude1证言/n；/wf三/m、/wn被告人/n费良玉/nr的/ude1供/vi述/vg和/cc辩解/vn；/wf四/m、/wn鉴定/vn意见/n：/wm交通事故/n认定书/n、/wn法医学/n尸体/n检验/vn意见书/n、/wn司法/n鉴定/vn意见/n书/n、/wn电子/n物证/n检验报告/n、/wn法医/n物证/n鉴定书/n；/wf五/m、/wn勘验/vn检查/vn笔录/n、/wn道路交通/n事故/n现场/s勘查/vn笔录/n；/wf六/m、/wn视听/n资料/n。/wj
本/rz院/n认为/v，/wd被告人/n费良玉/nr违反/v交通/n安全/an管理/vn法律法规/n，/wd无/v证/n驾驶/v超载/v车辆/n，/wd因而/c发生/v重大/a事故/n致/v一/m人/n死亡/vi，/wd且/c肇事/vn后/f逃逸/vi，/wd其/rz行为/n触犯/v了/ule《/wkz中华人民共和国/ns刑法/n》/wky第133/m条/q，/wd犯罪/vn事实/n清楚/a，/wd证据/n确实/ad充分/a，/wd依法/d应/v以/p交通/n肇事/vn案/x追究/v其/rz刑事/b责任/n，/wd根据/p《/wkz中华人民共和国/ns刑事诉讼法/n》/wky第141/m条/q之/uzhi规定/n，/wd提起/v公诉/vi，/wd请/v依法/d判处/v。/wj
