法官/n：/wm也/d要/v经过/p我/rr审判长/n的/ude1许可/vn。/wj
诉讼/vn代理人/n：/wm对/p，/wd但是/c也/d要/v合理/a，/wd要/v公正/an。/wj
法官/n：/wm你/rr认为/v审判长/n不/d合理/a、/wn不/d公正/a吗/y？/ww
诉讼/vn代理人/n：/wm对/p，/wd因为/c我/rr有/vyou其他/rzv证据/n证明/v，/wd这个/rz电话/n，/wd在/p他/rr电话/n单/b上/f是/vshi没有/v的/ude1。/wj
法官/n：/wm那/c你/rr等/v一下/mq在/p举/v证/n的/ude1时候/n。/wj
诉讼/vn代理人/n：/wm那/c你/rr为什么/ryv一定/d要/v控制/v我/rr的/ude1发问/vi的/ude1方向/n呢/y？/ww
如果/c我/rr跟/p你/rr完全/a一样/uyy的/ude1话/n那/c我/rr还/d坐/v在/p这里/rzs干/v什么/ry呢/y？/ww
法官/n：/wm你/rr，/wd法庭/n已经/d提醒/v你/rr了/y，/wd多次/mq提醒/v你/rr了/y，/wd问/v没有/d问/v过/uguo的/ude1问题/n…/ws
…/ws
诉讼/vn代理人/n：/wm几/m点/qt钟/n打/v过/uguo电话/n，/wd还/d没/d问/v呢/y。/wj
法官/n：/wm他/rr刚才/t已经/d回答/v公诉人/n了/y。/wj
诉讼/vn代理人/n：/wm他/rr回答/v公诉人/n几/m点/qt钟/n？/ww
费良玉/nr：/wm想/v不/d起来/vf。/wj
法官/n：/wm你/rr看/v你/rr仔细/ad听/v。/wj
所以/c不/d要/v跟/p审判长/n，/wd再次/d提醒/v你/rr，/wd法庭/n补充/v性/ng问题/n你/rr再/d可以/v发问/vi。/wj
诉讼/vn代理人/n：/wm那么/c你/rr除了/p给/v110/m打电话/vi以外/f，/wd还/d给/v黄标/nr打电话/vi，/wd还/d给/v谁/ry打电话/vi？/ww
费良玉/nr：/wm高广跃/nr。/wj
诉讼/vn代理人/n：/wm高广跃/nr是/vshi吧/y？/ww
费良玉/nr：/wm嗯/e。/wj
诉讼/vn代理人/n：/wm高广跃/nr和/cc你/rr是/vshi什么/ry关系/n？/ww
费良玉/nr：/wm老乡/n。/wj
诉讼/vn代理人/n：/wm老乡/n是/vshi吧/y？/ww
费良玉/nr：/wm嗯/e。/wj
诉讼/vn代理人/n：/wm那么/c，/wd事发/vi的/ude1那个/rz时候/n你/rr穿/v的/ude1什么/ry衣服/n？/ww
费良玉/nr：/wm红色/n。/wj
诉讼/vn代理人/n：/wm红色/n的/ude1是/vshi吧/y？/ww
费良玉/nr：/wm嗯/e。/wj
诉讼/vn代理人/n：/wm那么/c，/wd你/rr到/v了/ule交警/n队/n之后/f，/wd你/rr穿/v的/ude1是/vshi什么/ry颜色/n？/ww
费良玉/nr：/wm黑色/n。/wj
诉讼/vn代理人/n：/wm黑色/n？/ww
那/c你/rr是/vshi什么/ry时候/n回去/v换/v的/ude1衣服/n？/ww
费良玉/nr：/wm从/p虹桥/ns交警/n队/n到/v乐清/ns交警/n队/n。/wj
诉讼/vn代理人/n：/wm从/p虹桥/ns交警/n队/n到/v乐清/ns交警/n队/n？/ww
费良玉/nr：/wm对/v。/wj
诉讼/vn代理人/n：/wm这个/rz半路/n上/f？/ww
费良玉/nr：/wm对/v。/wj
诉讼/vn代理人/n：/wm有/vyou没/d有/vyou人/n看到/v你/rr去/vf换/v衣服/n？/ww
费良玉/nr：/wm这个/rz我/rr不/d太/d清楚/a。/wj
诉讼/vn代理人/n：/wm你/rr去/vf换/v衣服/n的/ude1时候/n家里/s有/vyou没/d有/vyou人/n？/ww
费良玉/nr：/wm没有/v。/wj
诉讼/vn代理人/n：/wm那么/c为什么/ryv你/rr一直/d跟/p警察/n交代/v的/ude1时候/n你/rr说/v你/rr一直/d穿/v的/ude1是/vshi黑色/n衣服/n？/ww
费良玉/nr：/wm这个/rz不/d是/vshi我/rr自己/rr说/v的/ude1，/wd他们/rr自己/rr写/v的/ude1，/wd说/v我/rr去/vf的/ude1时候/n是/vshi那个/rz衣服/n。/wj
诉讼/vn代理人/n：/wm是/vshi他们/rr写/v的/ude1，/wd不/d是/vshi你/rr自己/rr交代/v的/ude1？/ww
费良玉/nr：/wm对/v。/wj
诉讼/vn代理人/n：/wm那么/c你/rr说/v你/rr跟/p钱云会/nr的/ude1家属/n签订/v了/ule赔偿/vn协议/n，/wd能/v问/v下/vf你/rr的/ude1钱/n是/vshi从/p哪里/rys来/vf的/ude1吗/y？/ww
因为/p我/rr听说/v你/rr家里/s的/ude1经济/n状况/n不/d是/vshi很/d好/a？/ww
费良玉/nr：/wm这个/rz你/rr应该/v去/vf问/v我/rr的/ude1诉讼/vn代理人/n。/wj
因为/c是/vshi我/rr委托/v他/rr，/wd让/v他/rr去/vf的/ude1。/wj
诉讼/vn代理人/n：/wm好/a的/ude1。/wj
审判长/n，/wd诉讼/vn代理人/n发问/vi完毕/vi。/wj
控/v辩/vg双方/n进行/vx举/v证/n质证/v公诉/vn方向/n法庭/n举/ng证/n质证/v公诉人/n向/p法庭/n出示/v本/n案/x的/ude1证据/n公诉人/n：/wm当庭/d出示/v的/ude1证据/n，/wd经/p本/rz院/n审查/vn均/d由/p公安/n机关/n依法/d制作/v和/cc取得/v，/wd公诉人/n在/p出示/v证据/n过程/n中/f，/wd对/p取证/vn过程/n不再/d一一/m说明/v，/wd如果/c法庭/n对/p某/rz一/m份/q证据/n有/vyou疑问/n，/wd公诉人/n再/d就/d该/v份/q证据/n加以/vx说明/vn。/wj
对/p言词/n证据/n部分/n，/wd公诉人/n将/d对/p主要/b证据/n进行/vx宣读/v，/wd对/p次要/b证据/n概括/v说明/v证言/n内容/n，/wd公诉人/n将/d采用/v分组/vd举/v证/n的/ude1方式/n向/p法庭/n出示/v，/wd全/d案/x证据/n为/p5/b组/n，/wd请/v法庭/n准许/v。/wj
法官/n：/wm准许/v。/wj
公诉人/n向/p法庭/n出示/v第一/m组/q证据/n公诉人/n：/wm公诉人/n将/d向/p法庭/n出示/v第一/m组/q证据/n，/wd主要/d证明/v被告人/n费良玉/nr，/wd即/v肇事/vn司机/n，/wd其/rz驾驶/v皖/bK5B323/x货车/n，/wd于/p2010年/m12月/t25日/t上午/t9时/t45分/t许/v，/wd途径/n蒲/nr1岐/ng镇/n寨/ng桥/n村/n路段/n发生/v事故/n，/wd致/v1/a人/n死亡/vi，/wd事故/n后/f，/wd费良玉/nr让/v同/p车/n乘坐/v的/ude1黄/nr1标/ng顶替/v，/wd在/p民警/n对/p黄标/nr进行/vx询问/vn，/wd并/cc掌握/v费良玉/nr即/d实际/a肇事/vn司机/n的/ude1情况/n下/f，/wd通知/n费良玉/nr到/v案/x。/wj
费良玉/nr到/v案/x后/f，/wd在/p第一/m次/qv讯问/vn过程/n中/f开始/v不/d承认/v自己/rr是/vshi肇事/vn司机/n，/wd后/f承认/v自己/rr是/vshi肇事/vn司机/n并/cc在/p肇事/vn后/f喊/v黄/nr1标/ng顶替/v的/ude1事实/n。/wj
本/rz组/n证据/n包括/v被告人/n费良玉/nr的/ude1供/vi述/vg和/cc辩解/vi，/wd证人/n黄标/nr、/wn黄军/nr、/wn兰明利/nr、/wn高广跃/nr的/ude1证言/n，/wd办/v案/x民警/n出具/v的/ude1办/v案/x经过/n、/wn情况/n说明/v、/wn接/v警/ng单/d以及/cc通话/vn记录/n等/udeng。/wj
第一/m项/q证据/n是/vshi被告人/n费良玉/nr的/ude1供/vi述/vg和/cc辩解/vi。/wj
共/d11/d次/qv供/vi述/vg，/wd在/p卷宗/n第4/m卷/q第2/m条/q52/m页/q，/wd因为/c被告人/n费良玉/nr在/p本/n案/x侦查/vn阶段/n和/cc审查/vn起诉/vn阶段/n，/wd对/p事故/n发生/v的/ude1多次/mq供/vi述/vg内容/n基本一致/n，/wd以及/cc今天/t在/p法庭/n上/f的/ude1供/vi述/vg也/d一致/a，/wd公诉人/n对/p其/rz原/d供/vi述/vg内容/n不再/d宣读/v。/wj
第二/m项/q证据/n是/vshi证人/n黄/nr1标的/n证言/n。/wj
由/p证人/n黄/nr1标/ng当庭/d进行/vx陈述/vn。/wj
请/v法庭/n传/v证人/n黄标/nr到/v庭/ng。/wj
法官/n：/wm传/v证人/n黄标/nr到/v庭/ng。/wj
法官/n：/wm证人/n你/rr叫/vi什么/ry名字/n？/ww
黄标/nr：/wm黄标/nr。/wj
法官/n：/wm什么/ry时候/n出生/vi？/ww
黄标/nr：/wm75年/m，/wd1975年/m1月/t26日/t。/wj
法官/n：/wm什么/ry民族/n？/ww
黄标/nr：/wm汉/tg。/wj
法官/n：/wm什么/ry文化/n程度/n？/ww
黄标/nr：/wm小学/n。/wj
法官/n：/wm你/rr跟/p费良玉/nr是/vshi什么/ry关系/n？/ww
黄标/nr：/wm我们/rr是/vshi同/p村/n。/wj
法官/n：/wm同村/n？/ww
黄标/nr：/wm嗯/e。/wj
法官/n：/wm证人/n黄标/nr，/wd本/rz院/n审理/v费良玉/nr交通/n肇事/vi一/m案/x，/wd根据/p公诉/vn机关/n的/ude1申请/vn，/wd通知/n你/rr出庭/vi作证/vi，/wd你/rr应当/v向/p法庭/n如实/vd提供/v证言/n。/wj
（/wkz黄标/nr在/p保证书/n上/f签字/vi）/wky公诉人/n对/p证人/n进行/vx询问/vn公诉人/n：/wm证人/n黄标/nr，/wd2010年/m12月/t25日/t所/usuo发生/v的/ude1交通事故/n，/wd你/rr知道/v吗/y？/ww
黄标/nr：/wm知道/v。/wj
公诉人/n：/wm你/rr是/vshi怎么/ryv知道/v的/ude1？/ww
黄标/nr：/wm因为/p我/rr当时/t坐/v在/p车子/n的/ude1副/b驾驶/vn的/ude1位置/n。/wj
公诉人/n：/wm你/rr在/p乐清/ns从事/vi什么/ry工作/vn？/ww
黄标/nr：/wm帮/v费良玉/nr打工/vi。/wj
公诉人/n：/wm打/v什么/ry工/n啊/y？/ww
黄标/nr：/wm给/p他/rr开/v车/n。/wj
公诉人/n：/wm那/rzv发生/v事故/n的/ude1时候/n，/wd那个/rz皖/bK5B323/x这个/rz大/a货车/n是/vshi谁/ry开/v的/ude1？/ww
黄标/nr：/wm费良玉/nr。/wj
公诉人/n：/wm那个/rz事故/n发生/v之前/f你/rr有/vyou没/d有/vyou开/v过/uguo这个/rz车/n？/ww
黄标/nr：/wm我/rr开/v过/uguo，/wd开/v过/uguo两/m趟/qv。/wj
公诉人/n：/wm你/rr开/v了/ule这个/rz车/n干/v什么/ry呢/y？/ww
黄标/nr：/wm运/v那个/rz石料/n。/wj
公诉人/n：/wm运/v了/ule两/m趟/qv是/vshi吧/y？/ww
