黄标/nr：/wm嗯/e，/wd对/p对/p，/wd运/v了/ule两/m趟/qv。/wj
公诉人/n：/wm那/rzv费良玉/nr是/vshi什么/ry时候/n接手/v开/v这个/rz车/n？/ww
黄标/nr：/wm他/rr第三/m车/n的/ude1时候/n接手/v的/ude1。/wj
公诉人/n：/wm事故/n发生/v时候/n车上/s有/vyou几/m个/q人/n？/ww
分别/d坐/v在/p什么/ry位置/n？/ww
黄标/nr：/wm就是/v我/rr和/cc费良玉/nr。/wj
费良玉/nr。/wj
公诉人/n：/wm肇事/vi的/ude1时候/n，/wd你/rr跟/p费良玉/nr分别/d穿/v什么/ry衣服/n？/ww
什么/ry颜色/n的/ude1衣服/n？/ww
黄标/nr：/wm我/rr穿/v的/ude1是/vshi咖啡色/n×/m衣/ng，/wd费良玉/nr穿/v的/ude1是/vshi紫红色/n的/ude1袄/x。/wj
公诉人/n：/wm你/rr有/vyou没有/d看清楚/n交通事故/n发生/v的/ude1经过/n？/ww
黄标/nr：/wm当时/t我/rr看/v清/a事故/n发生/v时/ng有/vyou一个/mq人/n，/wd在/p道路/n的/ude1中间/f往/p左侧/f横穿/v马路/n。/wj
公诉人/n：/wm然后/c呢/y？/ww
黄标/nr：/wm然后/c就/d是/vshi，/wd横穿/v马路/n，/wd费良玉/nr往/p这个/rz左边/f打/v方向/n避让/vn。/wj
公诉人/n：/wm有/vyou没/d有/vyou刹车/n？/ww
黄标/nr：/wm刹车/n了/y。/wj
公诉人/n：/wm有/vyou没/d有/vyou鸣笛/vi？/ww
黄标/nr：/wm鸣笛/vi了/y。/wj
公诉人/n：/wm这个/rz人/n撞/v上/vf了/ule吗/y？/ww
黄标/nr：/wm撞/v上/vf了/y。/wj
公诉人/n：/wm撞/v的/ude1什么/ry位置/n？/ww
黄标/nr：/wm在/p他/rr横穿/v马路/n的/ude1这个/rz左侧/f，/wd横穿/v马路/n的/ude1时候/n，/wd这个/rz车轮/n的/ude1左/a前方/f，/wd把/pba人/n碰/v倒/vi在/p地/n。/wj
公诉人/n：/wm这个/rz人/n走路/vi横穿/v马路/n的/ude1时候/n，/wd有/vyou没有/d向/p车辆/n招手/vi、/wn拦/v车/n的/ude1动作/n？/ww
黄标/nr：/wm没有/v。/wj
公诉人/n：/wm在/p你/rr以前/f的/ude1证言/n里面/f，/wd曾经/d有/vyou说/v过/uguo，/wd这个/rz男/b的/ude1，/wd这个/rz行人/n，/wd有/vyou招手/vi拦/v车/n的/ude1动作/n，/wd那/c今天/t说法/n为什么/ryv不/d一致/a？/ww
黄标/nr：/wm因为/p当时/t费良玉/nr跟/p我/rr说/v，/wd说/v他/rr这个/rz招手/vi拦/v车/n，/wd减轻/v车/n的/ude1这个/rz，/wd法律/n的/ude1这个/rz…/ws
…/ws
公诉人/n：/wm你/rr的/ude1意思/n是/vshi说/v，/wd这个/rz拦/v车/n的/ude1动作/n会/v减轻/v什么/ry东西/n？/ww
黄标/nr：/wm会/v减轻/v这个/rz…/ws
…/ws
公诉人/n：/wm减轻/v你/rr的/ude1事故/n责任/n是/vshi吧/y？/ww
黄标/nr：/wm减轻/v事故/n责任/n。/wj
公诉人/n：/wm事故/n之后/f谁/ry先/d下/vf的/ude1车/n？/ww
黄标/nr：/wm费良玉/nr先/d下/vf的/ude1车/n。/wj
公诉人/n：/wm他/rr从/p车/n的/ude1哪/ry一侧/n下/f的/ude1车/n？/ww
黄标/nr：/wm从/p车/n的/ude1右侧/f。/wj
公诉人/n：/wm右边/f，/wd跨过/v你/rr的/ude1这里/rzs吧/y？/ww
黄标/nr：/wm对/v。/wj
公诉人/n：/wm你/rr有/vyou没/d有/vyou下车/vi？/ww
黄标/nr：/wm他/rr下/vf车/n以后/f我/rr下/vf了/ule车/n。/wj
公诉人/n：/wm你/rr看/v到/v什么/ry情况/n？/ww
黄标/nr：/wm当时/t我/rr下/vf车/n的/ude1时候/n，/wd看到/v车子/n的/ude1左/a前轮/n轧/o着/uzhe人/n，/wd横穿/v马路/n那个/rz。/wj
公诉人/n：/wm死/v了/ule没有/v？/ww
黄标/nr：/wm当场/d死亡/vi。/wj
公诉人/n：/wm这个/rz死者/n你/rr是否/v认识/v？/ww
黄标/nr：/wm不/d认识/v。/wj
公诉人/n：/wm你/rr下车/vi看到/v这个/rz情况/n，/wd费良玉/nr在/p什么/ry位置/n？/ww
黄标/nr：/wm费良玉/nr在/p车/n的/ude1后面/f。/wj
公诉人/n：/wm有/vyou没有/d到/v前面/f来/vf？/ww
黄标/nr：/wm后来/t到/v前面/f来/vf了/y。/wj
公诉人/n：/wm你/rr和/cc他/rr说/v什么/ry？/ww
黄标/nr：/wm我/rr叫/vi他/rr赶紧/d报警/vi。/wj
公诉人/n：/wm你/rr是/vshi怎么/ryv离开/v现场/s的/ude1？/ww
黄标/nr：/wm我/rr是/vshi××/m叫/vi他/rr报警/vi的/ude1时候/n，/wd我/rr说/v我/rr打/v个/q电话/n…/ws
…/ws
公诉人/n：/wm你/rr跑/v到/v哪里/rys打电话/vi？/ww
黄标/nr：/wm我/rr是/vshi跑/v到/v那个/rz事故/n现场/s后/f的/ude1小巷/n子/ng。/wj
公诉人/n：/wm你/rr离开/v的/ude1时候/n费良玉/nr在/p哪里/rys？/ww
黄标/nr：/wm我/rr离开/v的/ude1时候/n费良玉/nr还/d在/p现场/s。/wj
公诉人/n：/wm那么/c你/rr刚才/t说/v打电话/vi了/y，/wd打/v的/ude1哪些/ry电话/n？/ww
黄标/nr：/wm我/rr第一/m个/q打/v给/p高广跃/nr的/ude1儿子/n。/wj
他/rr的/ude1电话/n关机/vi，/wd我/rr打/v他/rr的/ude1儿子/n。/wj
打/v给/p他/rr儿子/n就是说/c…/ws
…/ws
公诉人/n：/wm他/rr的/ude1儿子/n是/vshi不/d是/vshi叫/vi高彬/nr啊/y？/ww
黄标/nr：/wm高彬/nr。/wj
我/rr说/v你/rr跟/p你/rr爸爸/n说/v一下/mq，/wd费良玉/nr出事/vi了/y，/wd开/v车/n撞/v了/ule人/n。/wj
公诉人/n：/wm还有/v没有/d打/v给/p别人/rr？/ww
黄标/nr：/wm后来/t打/v给/p我/rr弟弟/n，/wd我/rr叔叔/n。/wj
公诉人/n：/wm叔叔/n叫/vi什么/ry名字/n？/ww
黄标/nr：/wm黄学庆/nr。/wj
公诉人/n：/wm黄学庆/nr是/vshi吧/y？/ww
黄标/nr：/wm对/v。/wj
公诉人/n：/wm那/rzv费良玉/nr有/vyou没/d有/vyou打电话/vi给/p你/rr？/ww
黄标/nr：/wm打/v过/uguo。/wj
公诉人/n：/wm费良玉/nr打电话/vi给/p你/rr说/v什么/ry事/n？/ww
黄标/nr：/wm他/rr就/d是/vshi说/v交通事故/n，/wd他/rr无/v证/n驾驶/v，/wd叫/vi我/rr顶替/v。/wj
公诉人/n：/wm叫/vi你/rr回/v到/v现场/s吗/y？/ww
黄标/nr：/wm叫/vi我/rr回/v到/v现场/s。/wj
公诉人/n：/wm叫/vi你/rr回去/v干/v嘛/y？/ww
黄标/nr：/wm他/rr让/v我/rr帮/v他/rr顶替/v。/wj
公诉人/n：/wm叫/vi你/rr帮/v他/rr顶替/v是/vshi吧/y？/ww
黄标/nr：/wm对/p对/p对/v。/wj
公诉人/n：/wm你/rr当时/t有/vyou没/d有/vyou马上/d答应/v？/ww
黄标/nr：/wm没有/v。/wj
当时/t我/rr没有/d马上/d答应/v。/wj
公诉人/n：/wm那/c你/rr有/vyou没有/d跟/p别人/rr商量/v是否/v给/p费良玉/nr顶替/v这/rzv件/q事情/n？/ww
黄标/nr：/wm我/rr有/vyou说/v过/uguo这个/rz事情/n。/wj
公诉人/n：/wm跟/p谁/ry说/v？/ww
黄标/nr：/wm后来/t我/rr打电话/vi给/p我/rr堂弟/n说/v。/wj
公诉人/n：/wm你/rr堂弟/n叫/vi什么/ry名字/n？/ww
黄标/nr：/wm叫/vi黄军/nr。/wj
公诉人/n：/wm黄军/nr有/vyou什么/ry态度/n？/ww
黄标/nr：/wm他/rr叫/vi我/rr不/d要/v顶替/v。/wj
公诉人/n：/wm还有/v没有/d跟/p别人/rr商量/v过/uguo？/ww
黄标/nr：/wm别人/rr，/wd没有/v。/wj
公诉人/n：/wm你/rr老婆/n有/vyou没/d有/vyou打电话/vi过/uguo来/y？/ww
黄标/nr：/wm我/rr老婆/n是/vshi她/rr自己/rr打电话/vi过来/vf。/wj
公诉人/n：/wm她/rr是/vshi怎么/ryv说/v？/ww
黄标/nr：/wm她/rr叫/vi我/rr不/d要/v顶替/v。/wj
公诉人/n：/wm也/d叫/vi你/rr不要/d替/p他/rr顶/v？/ww
黄标/nr：/wm对/p对/p对/v。/wj
公诉人/n：/wm那/c你/rr后来/t有/vyou没/d有/vyou答应/v替/p费良玉/nr顶/v啊/y？/ww
黄标/nr：/wm我/rr一直/d也/d没有/d明确/a地/ude2答复/v他/rr。/wj
公诉人/n：/wm费良玉/nr是/vshi给/p你/rr打/v过/uguo一/m次/qv，/wd还/d是/vshi打/v过/uguo多/m次/qv电话/n？/ww
黄标/nr：/wm打/v过/uguo好几/m次/qv。/wj
公诉人/n：/wm你/rr没有/d明确/ad答应/v，/wd但是/c有/vyou没/d有/vyou明确/ad拒绝/v啊/y？/ww
黄标/nr：/wm…/ws
…/ws
当时/t腿/n都/d吓/v软/a了/y。/wj
公诉人/n：/wm就是/v你/rr没/d说/v答应/v给/p他/rr顶替/v，/wd也/d没/d不/d说/v不/d不/d答应/v给/p他/rr顶替/v，/wd就/d这个/rz意思/n是/vshi吧/y？/ww
黄标/nr：/wm对/p对/v。/wj
公诉人/n：/wm那/c你/rr是/vshi怎么/ryv去/vf的/ude1交警/n队/n？/ww
黄标/nr：/wm我/rr是/vshi坐/v一/m个/q老乡/n的/ude1车/n过来/vf的/ude1。/wj
公诉人/n：/wm那/c你们/rr是/vshi几/m个/q人/n去/vf交警/n队/n？/ww
黄标/nr：/wm三/m个/q人/n。/wj
公诉人/n：/wm还/d有/vyou谁/ry？/ww
黄标/nr：/wm费良玉/nr。/wj
公诉人/n：/wm那/rzv在/p交警/n队/n的/ude1时候/n，/wd费良玉/nr是/vshi不/d是/vshi，/wd有/vyou没/d有/vyou说/v你/rr是/vshi开车/vi的/ude1？/ww
黄标/nr：/wm呃/y，/wd说/v了/y。/wj
公诉人/n：/wm说/v了/y？/ww
黄标/nr：/wm说/v了/y。/wj
公诉人/n：/wm你/rr有/vyou没/d有/vyou否认/v？/ww
黄标/nr：/wm当时/t我/rr也/d没有/v…/ws
…/ws
公诉人/n：/wm是/vshi默认/v了/ule是/vshi吧/y？/ww
黄标/nr：/wm对/v。/wj
