黄标/nr：/wm没有/v。/wj
诉讼/vn代理人/n：/wm没有/v其他/rzv人/n？/ww
黄标/nr：/wm对/p，/wd没有/v其他/rzv人/n。/wj
诉讼/vn代理人/n：/wm你/rr刚/d给/p法庭/n就/d是/vshi说/v他/rr穿/v的/ude1紫红色/n衣服/n？/ww
黄标/nr：/wm对/p对/p对/v。/wj
诉讼/vn代理人/n：/wm是/vshi什么样/ryv的/ude1衣服/n？/ww
黄标/nr：/wm就是/v紫红色/n的/ude1羽绒/n袄/x。/wj
（/wkz诉讼/vn代理人/n发问/vi完毕/vi）/wky法官/n：/wm被告/n人/n，/wd你/rr对/p证人/n证言/n有/vyou什么/ry异议/n？/ww
费良玉/nr：/wm证人/n证言/n，/wd就/d是/vshi，/wd我/rr到/v案/x的/ude1时间/n里/f，/wd到/v案/x之后/f，/wd我/rr没有/d见/v过/uguo他/rr。/wj
法官/n：/wm你/rr说/v你/rr到/v交警/n队/n之后/f没/d见/v过/uguo他/rr是/vshi吧/y？/ww
费良玉/nr：/wm对/p对/p对/v。/wj
到/p乐清/ns交警/n队/n我/rr就/d没/d见/v过/uguo他/rr。/wj
法官/n：/wm其余/rz的/ude1都/d是/vshi事实/n是/vshi吧/y？/ww
费良玉/nr：/wm对/v。/wj
都/d是/vshi事实/n。/wj
法官/n：/wm辩护人/n对/p证人/n证言/n有/vyou什么/ry疑问/n？/ww
辩护人/n：/wm没有/v。/wj
法官/n：/wm诉讼/vn代理人/n对/p证人/n证言/n有/vyou什么/ry疑问/n？/ww
诉讼/vn代理人/n：/wm有/vyou。/wj
因为/p公诉人/n没有/d宣读/v证人/n证言/n嘛/y，/wd所以/c我/rr是/vshi觉得/v需要/v宣读/v一下/mq这个/rz费良玉/nr的/ude1证据/n。/wj
法官/n：/wm呃/y，/wd证人/n已经/d当庭/d作证/vi了/y，/wd不/d需要/v宣读/v证言/n。/wj
诉讼/vn代理人/n：/wm但是/c我/rr对/p证言/n有/vyou疑/vg议/v。/wj
法官/n：/wm有/vyou疑/vg议/v等/udeng一下/mq做/v辩论/vn的/ude1时候/n再说/vi。/wj
诉讼/vn代理人/n：/wm我/rr觉得/v这/rzv是/vshi质证/v阶段/n，/wd你/rr应该/v允许/v我/rr发问/vi，/wd对/p证人/n证言/n的/ude1异议/n提/v出来/vf。/wj
法官/n：/wm你/rr异议/n可以/v提出/v，/wd请/v不要/d宣读/v。/wj
诉讼/vn代理人/n：/wm对/p，/wd我/rr现在/t就/d提/v啊/y。/wj
法官/n：/wm你/rr有/vyou什么/ry疑/vg议/v你/rr讲/v。/wj
诉讼/vn代理人/n：/wm费良玉/nr在/p2010年/m12月/t25日/t16时/t的/ude1时候/n，/wd向/p公安/n说/v，/wd第2/m页/q。/wj
法官/n：/wm这/rzv是/vshi费良玉/nr的/ude1证言/n，/wd我/rr现在/t问/v你/rr的/ude1是/vshi对/p证人/n的/ude1证言/n有/vyou什么/ry疑/vg议/v。/wj
诉讼/vn代理人/n：/wm两/m个/q疑问/n。/wj
黄标/nr在/p第一/m次/qv回答/v，/wd因为/p第一/m次/qv询问/v的/ude1时候/n往往/d是/vshi最/d真实/a的/ude1，/wd他/rr在/p回答/v证言/n的/ude1时候/n，/wd就/d讲/v到/v受害人/n那个/rz人/n动态/n如何/ryv，/wd说/v他/rr左手/n撑/v伞/n，/wd右手/n在/p扬/vg手/n，/wd这个/rz黄/a标/ng当时/t还/d解释/v了/y，/wd这/rzv是/vshi。/wj
法官/n：/wm你/rr有/vyou疑/vg议/v就/d讲/v出来/vf，/wd不要/d宣读/v了/y，/wd不要/d解释/v。/wj
诉讼/vn代理人/n：/wm就是/v这个/rz事情/n，/wd他/rr，/wd不止/v一/m次/qv对/p公安/n说/v，/wd这/rzv是/vshi一点/m啊/y。/wj
第二点/m，/wd他/rr说/v是/vshi被告/n用/p手机/n报警/vn，/wd今天/t我/rr问/v他/rr说/v报警/vn，/wd他/rr说/v没/d看到/v，/wd这/rzv是/vshi第二/m个/q问题/n，/wd第二/m个/q疑/vg议/v。/wj
第三/m个/q疑/vg议/v呢/y，/wd请/v法庭/n注意/v哦/e，/wd他/rr今天/t的/ude1陈述/vn，/wd可能/v和/cc后面/f的/ude1证据/n会/v有/vyou矛盾/an之/uzhi处/n。/wj
法官/n：/wm等/v一下/mq有/vyou矛盾/an之/uzhi处/n你/rr再/d提/v出来/vf。/wj
诉讼/vn代理人/n：/wm第四/m个/q呢/y，/wd请/v法庭/n注意/v，/wd他/rr是/vshi和/p费良玉/nr是/vshi雇佣/v关系/n，/wd有/vyou一定/b利害/n关系/n。/wj
（/wkz证人/n退庭/v）/wky公诉人/n：/wm公诉人/n对/p诉讼/vn代理人/n疑/vg议/v作出/v回应/vn。/wj
诉讼/vn代理人/n刚刚/d提出/v，/wd证人/n的/ude1第一/m次/qv询问/v往往/d是/vshi最/d真实/a的/ude1，/wd这/rzv只/d是/vshi诉讼/vn代理人/n个人/n揣测/v，/wd并/cc无/v任何/rz依据/n。/wj
另外/c，/wd证人/n所/usuo陈述/v的/ude1一些/mq细节/n，/wd与/p原/b先/d做/v过/uguo的/ude1一些/mq细节/n有所/v矛盾/an，/wd那么/rz证人/n在/p原先/b的/ude1陈述/vn当中/f，/wd都/d做/v了/ule说明/vn和/cc补/v证/n，/wd另外/c当庭/d也/d解释/v了/ule理由/n。/wj
第三/m，/wd诉讼/vn代理人/n提出/v，/wd利害/n关系/n的/ude1证人/n黄标/nr与/p被告人/n费良玉/nr有/vyou利害/n关系/n，/wd但/c是/vshi我国/n刑/n诉/vg法/n明确/ad规定/v了/y，/wd只要/c是/vshi了解/v案/x情/n的/ude1人/n，/wd都/d有/vyou作证/vi的/ude1资格/n，/wd这/rzv并/d不/d影响/v证人/n黄/nr1标/ng当庭/d作证/vi。/wj
现/tg公诉人/n继续/v举/v证/n。/wj
诉讼/vn代理人/n：/wm对/p不/d起/vf我/rr想/v回/qv应/v一下/mq。/wj
法官/n：/wm现在/t不/d是/vshi辩论/vn阶段/n。/wj
诉讼/vn代理人/n：/wm那/rzv既然/c公诉人/n…/ws
…/ws
法官/n：/wm现在/t，/wd现在/t不/d是/vshi辩论/vn阶段/n。/wj
公诉人/n：/wm第三/m项/q证据/n…/ws
…/ws
诉讼/vn代理人/n：/wm请/v帮/v我/rr记录/v下来/vf，/wd我/rr抗议/v这样/rzv剥夺/v我/rr答辩/vi的/ude1权利/n。/wj
法官/n：/wm等/v一下/mq再/d讲/v。/wj
诉讼/vn代理人/n：/wm请/v帮/v我/rr记录/v在/p案/x。/wj
公诉人/n：/wm第三/m项/q证据/n是/vshi证人/n黄军/nr的/ude1证言/n。/wj
在/p补充/v卷/ng中/f第11/m至/p15/m页/q。/wj
证人/n黄军/nr是/vshi黄/nr1标的/n堂弟/n，/wd其/rz证实/v2010年/m12月/t25日/t上午/t，/wd黄标/nr有/vyou打电话/vi给/p黄军/nr，/wd说/v费良玉/nr开/v车/n出/vf了/ule事故/n，/wd让/v黄/nr1标/ng顶替/v，/wd黄军/nr叫/vi黄/nr1标/ng不要/d顶替/v，/wd害怕/v黄/nr1标/ng不/d听/v，/wd又/d打电话/vi给/v黄/nr1标的/n老婆/n兰明利/nr，/wd黄标/nr是/vshi用/p15825696837/m这个/rz号码/n打/v黄军/nr的/ude1电话/n13717487290/m的/ude1。/wj
第/m四/m项/q证据/n是/vshi证人/n兰明利/nr的/ude1证言/n。/wj
在/p补充/v卷/ng的/ude1第16/m至/p19/m页/q。/wj
兰明利/nr是/vshi黄/nr1标的/n妻子/n，/wd其/rz证实/v听/v黄军/nr说/v费良玉/nr开/v车/n出/vf了/ule事故/n，/wd黄标/nr可能/v会/v去/vf帮忙/vi顶替/v的/ude1时候/n，/wd兰明利/nr有/vyou打电话/vi给/p黄标/nr，/wd阻止/v黄/nr1标/v去/vf顶替/v。/wj
兰明利/nr当时/t是/vshi用/p13168570255/m这个/rz号码/n和/cc黄/nr1标的/n15825696837/m这个/rz号码/n联系/v的/ude1。/wj
第五/m项/q证据/n是/vshi证人/n高广跃/nr的/ude1证言/n。/wj
在/p侦查/v卷/ng的/ude1第五/m卷/q第29/m至/p44/m页/q。/wj
高广跃/nr是/vshi运输队/n的/ude1车/n队长/n。/wj
其/rz证实/v2010年/m12月/t25日/t9时/t40分/t许/v，/wd费良玉/nr打/v来/vf电话/n说/v车子/n把/pba人/n轧/o坏/a了/y，/wd高广跃/nr就/d开/v着/uzhe面包车/n到/v现场/s，/wd发现/v费良玉/nr的/ude1车/n前面/f车轮/n下/f压/v着/uzhe个/q人/n，/wd正好/z在/p自己/rr回/v虹/n南/b大道/n的/ude1路上/s碰到/v了/ule黄标/nr，/wd就/d带/v着/uzhe黄标/nr去/vf工地/n。/wj
在/p工地/n的/ude1大/a转盘/n处/vi，/wd费良玉/nr坐/v警车/n过来/vf，/wd费良玉/nr下车/vi上/vf了/ule高广跃/nr的/ude1车/n，/wd是/vshi高广跃/nr开车/vi送/v费良玉/nr和/cc黄标/nr去/vf交警/n队/n的/ude1。/wj
高广跃/nr还/d证实/v，/wd费良玉/nr在/p乐清/ns除了/p高广跃/nr以外/f，/wd就/d没有/v什么/ry人/n了/y，/wd他/rr老婆/n呢/y，/wd是/vshi一/m起/q到/v乐清/ns来/f的/ude1，/wd因为/c怀孕/vi了/y，/wd身体/n不好/a，/wd住/vi在/p虹桥/ns医院/n。/wj
黄标/nr在/p乐清/ns也/d没有/v什么/ry关系/n，/wd是/vshi费良玉/nr的/ude1原先/b的/ude1司机/n走/v了/ule以后/f才/d雇/v的/ude1司机/n。/wj
第/m六/m项/q证据/n是/vshi通话/vi记录/v。/wj
在/p卷宗/n第二/m卷/q第52/m至/p61/m页/q。/wj
该/rz通话/vi记录/v证实/v，/wd费良玉/nr所/usuo使用/v的/ude118655852668/m在/p发生/v事故/n后/f与/p黄标/nr所/usuo使用/v的/ude115825696837/m有/vyou多次/mq联系/vn。/wj
其中/rz，/wd9点/t46时/t27秒/t至/p10点/t17分/t31秒/t为主/vi叫/vi，/wd反映/v出/vf在/p事故/n后/f，/wd多次/mq要求/n黄/nr1标/ng顶替/v而/cc打电话/vi给/v黄/nr1标的/n情况/n。/wj
与/p被告人/n费良玉/nr、/wn证人/n黄/nr1标的/n证言/n相/d印证/v。/wj
黄标/nr所/usuo使/v的/ude115825696837/m在/p发生/v事故/n后/f有/vyou打电话/vi给/p黄军/nr13717487290/m，/wd之后/f，/wd黄军/nr又/d有/vyou打电话/vi给/p黄标/nr，/wd以及/cc黄/nr1标的/n老婆/n兰/ng明/ag利/vg13168570255/m多/m次/qv打电话/vi给/p黄标/nr，/wd上述/b通话/vn信息/n与/p黄标/nr、/wn兰明利/nr、/wn黄军/nr三/m人/n的/ude1言词/n证据/n相/d印证/v。/wj
