第/m七/m项/q证据/n是/vshi乐清市/ns交警/n大队/n民警/n赵顺余/nr、/wn余兵新/nr出具/v的/ude1办/v案/x经过/n。/wj
在/p卷宗/n第二/m卷/q的/ude1第64/m至/p65/m页/q。/wj
证实/v在/p虹桥/ns交警/n支队/n在/p事发/vi之后/f到达/v现场/s时/ng，/wd费良玉/nr说/v自己/rr是/vshi车主/n，/wd并/cc提出/v找/v驾驶员/n黄标/nr。/wj
后来/t，/wd费良玉/nr和/cc黄标/nr一/m起/q到/v交警/n队/n，/wd因/p当时/t费良玉/nr本人/rr指/v称/v黄标/nr是/vshi驾驶员/n，/wd就/d先/d控制/v黄/nr1标/n进行/vx询问/vn。/wj
黄标/nr交代/v了/ule费良玉/nr驾驶/v皖/bK5B323/x重型/b自/p卸货/vi车/n发生/v交通事故/n，/wd事故/n后/f叫/vi黄/nr1标/ng顶替/v的/ude1事实/n。/wj
余兵/nr新/a电话/n通知/n费良玉/nr到/v交警/n队/n接受/v调查/vn。/wj
在/p民警/n询问/v时/ng，/wd费良玉/nr开始/v不/d承认/v，/wd后来/t交代/v了/ule自己/rr驾驶/v皖/bK5B323/x重型/b自/p卸货/vi车/n发生/v交通事故/n并/cc叫/vi黄/nr1标/ng顶替/v的/ude1事实/n。/wj
当日/t，/wd费良玉/nr被/pbei刑/n拘/vg。/wj
第/m八/m项/q证据/n是/vshi乐清市/ns交警/n大队/n民警/n余兵新/nr、/wn赵顺余/nr出具/v的/ude1情况/n说明/v。/wj
在/p卷宗/n第二/m卷/q的/ude173/m页/q。/wj
证实/v，/wd2010年/m12月/t25日/t12点/t59分/t开始/v至/p14点/t1分/t11秒/t，/wd民警/n余兵新/nr、/wn赵顺余/nr用/v黄/nr1标/ng手机/n15825696837/m这个/rz号码/n5/f次/qv同/p费良玉/nr通话/vi，/wd要求/v费良玉/nr到/v交警/n队/n接受/v调查/vn，/wd及/cc核实/vn相关/vn情况/n。/wj
第/m九/m项/q证据/n是/vshi乐清市/ns交警/n大队/n民警/n余兵新/nr、/wn赵顺余/nr出具/v的/ude1情况/n说明/v。/wj
在/p卷宗/n第二/m卷/q的/ude173/m页/q。/wj
证实/v，/wd2010年/m12月/t25日/t12点/t59分/t开始/v至/p14点/t1分/t11秒/t，/wd民警/n用/v黄/nr1标的/n手机/n多次/mq同/p费良玉/nr通话/vi。/wj
第/m十/m项/q证据/n是/vshi接警/v单/ng。/wj
110/m接警/v单/ng。/wj
在/p卷宗/n的/ude1第1/m至/v，/wd呃/y，/wd在/p卷宗/n的/ude1第一/m卷/q第1/m页/q。/wj
证明/v报警时间/n是/vshi2010年/m12月/t25日/t9点/t46分/t45秒/t，/wd报警电话/n是/vshi18655852668/m，/wd报警/vn人/n没有/d说/v名字/n。/wj
（/wkz第三/m项/q至/p第十/m项/q证据/n出示/v完毕/vi）/wky法庭/n质证/v被告人/n质证/v：/wm（/wkz无/v）/wky辩护人/n质证/v：/wm（/wkz无/v）/wky诉讼/vn代理人/n质证/v诉讼/vn代理人/n：/wm最/d主要/b的/ude1是/vshi对/p那/rzv个/q电话记录/n。/wj
请/v法庭/n翻/v到/v第二/m卷/q的/ude1第57/m页/q，/wd费良玉/nr的/ude1电话/n他/rr自己/rr当面/d也/d核实/v过/uguo的/ude1，/wd那么/c这个/rz电话/n，/wd我/rr没有/d看到/v9:46/m之后/f打/v到/v110/m的/ude1电话/n。/wj
然后/c，/wd110/m接警/v单/b上/f写/v的/ude1说/v是/vshi费良玉/nr电话报警/n。/wj
这个/rz是/vshi核对/v不/d起来/vf，/wd所以/c这个/rz请/v公诉人/n或者/c哪/ry一/m位/q解释/v一下/mq。/wj
法官/n：/wm你/rr说/v他/rr的/ude1电话/n，/wd在/p他/rr的/ude1电话记录/n里/f没有/v110/m打/v出/vf的/ude1电话/n是/vshi吧/y？/ww
诉讼/vn代理人/n：/wm对/v。/wj
法官/n：/wm公诉人/n对/p这/rzv一方面/c有/vyou什么/ry解释/v？/ww
公诉人/n：/wm这个/rz110/m接警/v单/ng，/wd这个/rz明确/ad记载/v着/uzhe被告人/n费良玉/nr曾经/d用/v这个/rz手机/n，/wd后面/f2668/m这个/rz手机/n，/wd时间/n是/vshi9点/t46分/t45秒/t，/wd那么/rz被告人/n当庭/d也/d承认/v，/wd也/d是/vshi供/vi述/vg自己/rr打/v了/ule这个/rz电话/n，/wd黄标/nr也/d证实/v被告人/n打电话/vi。/wj
但是/c呢/y，/wd在/p接/v警/ng记录/v我们/rr也/d使用/v了/y，/wd也/d有/vyou显示/v。/wj
但是/c呢/y，/wd公诉人/n认为/v应该/v采/v信/n被告人/n，/wd有利/a被告人/n的/ude1原则/n，/wd采/v信/n这个/rz被告人/n报警/vn这个/rz情况/n。/wj
诉讼/vn代理人/n：/wm审判长/n，/wd我/rr想/v补充/v一点/m。/wj
我/rr的/ude1意思/n所有/b证言/n都/d不如/v机器/n可靠/a，/wd机器/n的/ude1记录/n，/wd既然/c公诉人/n用/p它/rr来/vf证明/v给/p黄标/nr打/v过/uguo电话/n，/wd给/p高广跃/nr打/v过/uguo电话/n，/wd那么/c为什么/ryv这/rzv机器/n上/f证明/v他/rr没有/d给/v110/m打/v过/uguo电话/n，/wd法院/n要/v采用/v证人/n？/ww
应该/v是/vshi物证/n更/d可靠/a。/wj
法官/n：/wm这个/rz，/wd法庭/n已经/d注意/v这/rzv方面/n的/ude1问题/n，/wd就是/v这个/rz问题/n法庭/n曾经/d询问/v过/uguo电信/n部门/n，/wd因为/c他/rr的/ude1电话号码/n是/vshi外地/s的/ude1电话号码/n，/wd在/p往/p本地/rzs打/v110时/t显示/v不/d出来/vf。/wj
请/v公诉人/n继续/v举/v证/n。/wj
公诉人/n向/p法庭/n出示/v第二/m组/q证据/n公诉人/n：/wm公诉人/n现/tg向/p法庭/n出示/v第二/m组/q证据/n，/wd主要/d证明/v交通事故/n发生/v经过/v。/wj
本/rz组/n证据/n由/p监控/vn视频/n及/cc视频/n图像/n采集记录/n、/wn过磅/vi单/ng，/wd证人/n王立权/nr、/wn薛品芬/nr、/wn陈赛英/nr、/wn黄雪芬/nr、/wn王旭旭/nr、/wn王旭乐/nr、/wn孔献良/nr、/wn林金儿/nr的/ude1证言/n，/wd法医/n物证/n鉴定/vn意见/n书/n、/wn上交/v笔录/n、/wn清点/v记录/n、/wn扣押/v物品/n文件/n清单/n及/cc照片/n，/wd电子/n物证/n检验报告/n，/wd情况/n说明/v等/udeng。/wj
第一/m项/q证据/n是/vshi监控/vn视频/n及/cc视频/n图像/n采集记录/n。/wj
在/p卷宗/n第二/m卷/q的/ude128/m页/q。/wj
证明/v，/wd2010年/m12月/t25日/t16时/t10分/t至/p45分/t，/wd侦查/v人员/n在/p乐清市/ns虹桥/ns镇/n山塘/n山/n矿山/n提取/v到/v监控信息/n，/wd在/p该/rz监控信息/n中/f发现/v，/wd发生/v事故/n前/f，/wd肇事/vn车辆/n皖/bK5B323/x解放/vn牌/n重型/b自/p卸货/vi车/n，/wd于/p9时/t37分/t59秒/t经过/p山塘/n山/n矿/n门口/s，/wd于/p2010年/m12月/t25日/t9时/t42分/t09秒/t经过/p华/b一/m村村/q口/n。/wj
法官/n：/wm请/v书记员/n把/pba视频/n拿/v过来/vf。/wj
照片/n。/wj
公诉人/n：/wm第二/m项/q证据/n是/vshi过磅/vi单/d三/m张/q。/wj
在/p卷宗/n第二/m卷/q的/ude141/m到/v43/m页/q。/wj
证明/v，/wd2010年/m12月/t25日/t在/p发生/v事故/n前/f，/wd皖/bK5B323/x解放/vn牌/n自/p卸货/vi车/n处于/v运输/vn石料/n过程/n中/f，/wd并/cc已/d装运/v石料/n两/m趟/qv，/wd在/p第三/m趟/qv运输/vn过程/n中/f发生/v事故/n。/wj
第三/m项/q证据/n是/vshi一/m组/q证人/n证言/n，/wd包括/v证人/n王立权/nr、/wn薛品芬/nr、/wn陈赛英/nr、/wn黄雪芬/nr、/wn王旭旭/nr、/wn王旭乐/nr、/wn孔献良/nr、/wn林金儿/nr等/udeng8/a位/q证人/n的/ude1证言/n。/wj
这/rzv一/m组/q证人/n证言/n证明/v，/wd被害人/n钱/n云/vg会/v发生/v事故/n时/ng，/wd手上/s戴/v有/vyou一/m只/q具/vg摄录/v功能/n的/ude1手表/n，/wd该/rz手表/n为/p发生/v事故/n前/f一/m天/qt，/wd即/v2010年/m12月/t24日/t，/wd王立权/nr通过/p林金儿/nr，/wd从/p林金儿/nr的/ude1朋友/n孔献良/nr处/n取得/v。/wj
事故/n当天/t即/v2010年/m12月/t25日/t早上/t7点/t左右/f，/wd王立权/nr打电话/vi叫/vi钱云会/nr到/v家中/s，/wd在/p家中/s将/p手表/n交给/v了/ule钱云会/nr，/wd并/cc教/v其/rz如何/ryv使用/v。/wj
两/m人/n分开/vi后/f，/wd王立权/nr与/p钱云会/nr还/d在/p8点/t多/d有/vyou过/uguo通话/vi，/wd9点/t多/a，/wd王立权/nr知道/v钱/n云/vg会/v发生/v事故/n，/wd10点/t多/a，/wd王立权/nr赶到/v事故/n现场/s，/wd从/p钱云会/nr手上/s取/v走/v手表/n，/wd后/f王立权/nr将/p手表/n交/ng由/p其/rz儿子/n王旭旭/nr、/wn王旭乐/nr将/p事故/n发生/v的/ude1视频/n复制/v至/pU/x盘/ng，/wd并/cc将/p其/rz手表/n交给/v其/rz妻子/n黄雪芬/nr保管/v，/wd黄雪芬/nr再/d将/p手表/n交给/v邻居/n陈赛英/nr代为/v保管/vn。/wj
陈赛英/nr于/p2011年/m1月/t14日/t要求/n薛品芬/nr陪同/v其/rz一/m起/q将/p手表/n交给/v蒲岐镇/nr边防/n派出所/n，/wd王立权/nr、/wn王旭旭/nr、/wn王旭乐/nr一起/s供/vi述/vg钱/n云/vg会/v交通事故/n发生/v过程/n视频/n内容/n，/wd现/tg当庭/d宣读/v这/rzv一/m组/q证人/n证言/n的/ude1内容/n摘要/n。/wj
第一/m个/q是/vshi证人/n王立权/nr的/ude1证言/n。/wj
在/p卷宗/n第三/m卷/q的/ude1第51/m至/p69/m页/q。/wj
“/wyz钱云会/nr死/v后/f，/wd袁迪贵/nr叫/vi我/rr去/vf现场/s多/d拍/v一些/mq照片/n和/cc录像/n发/v到/v网上/s，/wd把/pba政府/n的/ude1面子/n搞/v掉/v，/wd我/rr听/v后/f就/d到/v钱云会/nr的/ude1尸体/n上/f摘/v下/vf他/rr的/ude1手表/n，/wd戴/v在/p自己/rr的/ude1手上/s，/wd去/vf拍/v事故/n现场/s的/ude1录像/n，/wd拍/v好/a后/f，/wd我/rr把/pba手表/n交/ng给/v小/a儿子/n，/wd让/v他/rr把/pba录像/n拷/vg出来/vf，/wd放在/v一个/mq白色/n的/ude1U/x盘/ng上/f，/wd然后/c把/pba手表/n交给/v了/ule我/rr老婆/n。/wj
