但是/c请/v法庭/n注意/v，/wd所/usuo出示/v的/ude114/m段/q视频/n当中/f，/wd没有/v一/m段/q说/v是/vshi钱云会/nr被/pbei压/v在/p车/n下/f的/ude1场景/n。/wj
你/rr不/d信/v公诉人/n再/d放/v回来/v。/wj
没有/v一个/mq视频/n。/wj
因为/p手表/n是/vshi戴/v在/p钱云会/nr的/ude1手上/s，/wd他/rr拍/v不/d到/v钱云会/nr被/pbei压/v的/ude1情况/n，/wd所以/c王立权/nr的/ude1证言/n当中/f就/d没有/v这个/rz。/wj
他/rr说/v看/v过/uguo，/wd他/rr儿子/n也/d说/v他/rr看/v过/uguo，/wd但是/c他/rr没有/d看/v过/uguo公诉人/n提交/v的/ude1这个/rz第7/m个/q。/wj
接/v下来/vf我/rr讲/v，/wd薛品芬/nr的/ude1证据/n，/wd也/d就是/v公诉人/n说/v陪/v着/uzhe这个/rz，/wd陪/v着/uzhe这个/rz陈/nr1赛/v英/b上交/vn。/wj
请/v法庭/n注意/v一下/mq时间/n，/wd其实/d王立权/nr的/ude1老婆/n，/wd我们/rr先/d讲/v王立权/nr的/ude1老婆/n，/wd黄雪芬/nr的/ude1这个/rz证言/n，/wd王立权/nr的/ude1老婆/n是/vshi2011年/m，/wd根据/p讯问/vn笔录/n，/wd1月/t14日/t凌晨/t5点/t，/wd被/pbei叫/vi到/v公安/n机关/n接受/v讯问/vn，/wd那么/c根据/p我国/n刑/n诉/vg法/n，/wd证人/n一般来说/vl应该/v是/vshi到/v她/rr家里/s去/vf讯问/v，/wd也/d可以/v，/wd实在/d不/d行/vi也/d可以/v叫/vi，/wd但/c应该/v是/vshi在/p合理/a情况/n下/f，/wd你/rr每天/r早上/t5点/t钟/n把/pba人/n带走/v，/wd而且/c带走/v的/ude1不/d是/vshi凌晨/t5点/t，/wd据/p我/rr了解/v是/vshi凌晨/t1点/t，/wd凌晨/t5点/t去/vf问/v一个/mq证人/n，/wd她/rr不/d是/vshi犯罪/vn嫌疑人/n啊/y，/wd犯罪/vn嫌疑人/n你/rr要/v抓/v，/wd是/vshi证人/n啊/y，/wd我们/rr每个/r人/n都/d会/v变成/v证人/n，/wd凌晨/t1点/t把/pba你/rr门/n撬/v开/v，/wd抓走/v证人/n，/wd这/rzv就/d是/vshi做/v笔录/n的/ude1证人/n，/wd所以/c这/rzv段/q证言/n，/wd她/rr做/v的/ude1笔录/n是/vshi凌晨/t5点/t30分/t到/p凌晨/t7点/t多/a，/wd这/rzv是/vshi王立权/nr老婆/n做/v的/ude1证/n。/wj
王立权/nr老婆/n也/d没有/d看到/v被/pbei撞/v的/ude1证据/n，/wd她/rr只/d说/v录像/n里/f我/rr只/d看/v到/v钱云会/nr躺/v在/p车轮/n下面/f，/wd已经/d死/v了/y，/wd有些/rz人/n围/v着/uzhe，/wd没有/v这个/rz录像/n。/wj
不/d信/v公诉人/n可以/v出示/v一/m下/f，/wd有/vyou没/d有/vyou这/rzv段/q录像/n。/wj
王立权/nr老婆/n的/ude1证言/n。/wj
然后/c王/nr1立/v权/n老婆/n在/p14/m号/q早上/t已经/d被/pbei问话/n之后/f，/wd所谓/v陈赛英/nr主动/ad上交/v，/wd才/d出现/v陈赛英/nr。/wj
但是/c我们/rr在/p“/wyz陪同/v陈赛英/nr上交/v”/wyy的/ude1笔录/n当中/f，/wd薛品芬/nr的/ude1笔录/n当中/f，/wd请/v法庭/n注意/v到/v2011年/m1月/t14日/t11点/t20时/t，/wd能/v明显/a地/ude2在/p笔录/n当中/f，/wd我/rr感觉/v是/vshi不/d可能/v是/vshi她/rr自己/rr说/v的/ude1。/wj
说/v手表/n是/vshi什么/ry样子/n的/ude1，/wd答/v：/wm是/vshi不锈钢/n的/ude1表带/n，/wd白色/n表盘/n，/wd表面/n上/f有/vyou“/wyzprofessionalimage/x,/wdwatchvideorecord/x，/wd2010/m…/ws
…/ws
”/wyy一/m个/q妇女/n主任/n，/wd能/v记/v下/vf这么/rz多/a东西/n吗/y…/ws
…/ws
里面/f有/vyou一/m段/q英文/nz，/wd手表/n里面/f英文/nz是/vshi什么样/ryv…/ws
…/ws
所以/c这种/r讯问/vn笔录/n，/wd明显/ad就是/v不/d是/vshi自己/rr说/v的/ude1。/wj
再/d看/v王立权/nr儿子/n的/ude1笔录/n。/wj
所有/b证言/n当中/f，/wd唯一/d承认/v看/v到/v钱云会/nr被/pbei撞/v录像/n的/ude1是/vshi王立权/nr的/ude1儿子/n，/wd但是/c王立权/nr的/ude1儿子/n是/vshi被/pbei以/p…/ws
王立权/nr小/a儿子/n王旭乐/nr是/vshi“/wyz虚构/vn事实/n、/wn扰乱/v公共/b秩序/n”/wyy被/pbei抓/v到/v派出所/n，/wd这/rzv也/d是/vshi在/p凌晨/t，/wd就是/v因为/c他/rr在/p网上/s发/v了/ule帖/ng，/wd公安局/n把/pba他/rr抓/v起来/vf，/wd在/p这种/r情况/n下/f，/wd所/usuo作/v的/ude1证言/n，/wd我们/rr认为/v，/wd也/d是/vshi有/vyou问题/n的/ude1。/wj
他/rr中午/t看/v过/uguo视频/n，/wd到/p晚上/t发/v的/ude1帖/ng，/wd还/d说/v钱云会/nr被/pbei撞/v死/v，/wd请/v看/v第三/m卷/q48/m页/q，/wd他/rr晚上/t9点/t钟/n，/wd他/rr弟弟/n还/d在/p天涯/n上/f发/v了/ule一/m个/q钱云会/nr的/ude1帖/ng，/wd被/pbei撞/v死/a的/ude1这个/rz笔录/n。/wj
然后/c王旭乐/nr，/wd王立权/nr的/ude1两/m个/q儿子/n都/d承认/v，/wd都/d认为/v，/wd他/rr父亲/n，/wd他/rr爸爸/n和/cc他/rr妈妈/n都/d看/v过/uguo这个/rz视频/n，/wd但是/c问题/n在/p王立权/nr和/cc黄雪芬/nr的/ude1证言/n，/wd都/d没有/v这个/rz视频/n，/wd那么/c为什么/ryv他/rr说/v我/rr担心/v我/rr参与/v到/v拍摄/v事件/n，/wd而且/c我/rr弟弟/n还/d在/p网上/s发/v了/ule与/p事实/n不/d合/v的/ude1帖/ng子/ng，/wd我/rr害怕/v我/rr和/cc弟弟/n受到/v处罚/vn，/wd所以/c，/wd他们/rr处在/v一/m种/q极端/n恐惧/an的/ude1情况/n下/f作/v的/ude1这些/rz证言/n。/wj
那么/rz这些/rz证人/n为什么/ryv不/d出庭/vi，/wd接受/v辩护人/n、/wn受害人/n的/ude1质询/vn呢/y？/ww
那/rzv按/p最高/a法院/n规定/v你/rr就/d应该/v出庭/vi啊/y。/wj
所以/c，/wd所有/b这些/rz跟/p录像/n有关/vn的/ude1证据/n都/d存在/v自相矛盾/vl，/wd而且/c存在/v和/cc录像/n不符/v，/wd那么/c，/wd我/rr就/d不/d知道/v，/wd怎么/ryv来/vf认定/v这个/rz录像/n就/d是/vshi当时/t的/ude1录像/n，/wd有/vyou没/d有/vyou人/n篡改/v，/wd有/vyou没/d有/vyou人/n排/v演/v过/uguo？/ww
我/rr不得而知/vl。/wj
但是/c，/wd我/rr是/vshi质疑/vi这个/rz录像/n的/ude1，/wd我/rr也/d认为/v，/wd公安/n机关/n这些/rz检察/b机关/n出示/v的/ude1，/wd公诉人/n出具/v的/ude1证据/n当中/f，/wd取证/vn程序/n存在/v瑕疵/n。/wj
所以/c法庭/n在/p考虑/v的/ude1时候/n，/wd需要/v考虑/v他们/rr的/ude1证明/vn力/n是/vshi有限/a的/ude1。/wj
还有/v对/p电子/n物证/n上面/f记录/v的/ude1这个/rz手表/n的/ude1血渍/n是/vshi钱云会/nr的/ude1，/wd对/p这个/rz电子/n证物/n检查/vn工作/vn记录/n，/wd这个/rz光盘/n，/wd这个/rz我/rr觉得/v还/d是/vshi没/v法/b说明/vn问题/n，/wd因为/c这个/rz之前/f，/wd这个/rz证物/n，/wd按照/p王立权/nr几/m个/q儿子/n说/v，/wd他/rr删/v掉/v，/wd他/rr的/ude1证言/n中/f说/v是/vshi删/v掉/v了/y，/wd所以/c，/wd已经/d污染/v的/ude1情况/n取得/v这些/rz证据/n，/wd那么/c这些/rz证据/n再/d检查/v，/wd我/rr觉得/v，/wd已经/d…/ws
…/ws
公诉人/n：/wm我/rr打断/v一下/mq，/wd审判长/n，/wd诉讼/vn代理人/n提出/v的/ude1内容/n当中/f呢/y，/wd有/vyou很多/m歪曲/v事实/n的/ude1部分/n。/wj
法官/n：/wm继续/v往/p下/f说/v。/wj
诉讼/vn代理人/n：/wm那么/c对于/p这个/rz，/wd怎么样/ryv把/pba这个/rz手表/n买/v来/vf的/ude1，/wd我/rr想/v还/d要/v说/v一点/m，/wd就是/v林金儿/nr，/wd林金儿/nr和/cc王立权/nr都/d说/v到/v，/wd他/rr是/vshi12月/t23/m号/q把/pba手表/n交给/v王立权/nr的/ude1，/wd王立权/nr是/vshi12月/t25/m号/q把/pba手表/n交/ng给/v钱云会/nr的/ude1。/wj
那么/rz这个/rz证言/n，/wd恰恰/d是/vshi和/p这个/rz视频/n是/vshi相/d矛盾/an的/ude1，/wd12月/t23/m号/q钱云会/nr，/wd如果/c这个/rz人/n是/vshi钱云会/nr的/ude1话/n，/wd他/rr出现/v在/p这个/rz视频/n上/f，/wd作/v何/ry解释/v？/ww
我/rr没有/v其他/rzv疑问/n了/y，/wd我/rr希望/v法庭/n再/d播放/v一下/mq这/rzv段/q录像/n，/wd看/v这个/rz人/n是/vshi不/d是/vshi钱云会/nr。/wj
如果/c是/vshi的话/udh，/wd那么/c，/wd请/v公诉人/n解释/v一下/mq，/wd为什么/ryv23/m号/q他/rr又/d拿/v到/v了/ule手表/n，/wd为什么/ryv？/ww
我/rr的/ude1发言/vn完毕/vi。/wj
法官/n：/wm法庭/n认为/v对/p证人/n身份/n的/ude1疑/vg议/ng，/wd公诉人/n对/p证人/n不/d出庭/vi可以/v讲/v一下/mq。/wj
公诉人/n：/wm审判长/n，/wd刚才/t诉讼/vn代理人/n有/vyou几/m点/qt是/vshi对/p事实/n的/ude1歪曲/vn，/wd公诉人/n认为/v有/vyou必要/a在/p庭/ng上/f进行/vx澄清/vn。/wj
诉讼/vn代理人/n刚才/t讲/v，/wd这个/rz王旭乐/nr对/p手表/n内容/n进行/vx删除/v，/wd这/rzv明显/ad是/vshi与/p其/rz证言/n内容/n不/d相符/vi的/ude1，/wd是/vshi诉讼/vn代理人/n对本/r案/x事实/n内容/n任意/d加以/vx歪曲/vn，/wd王旭乐/nr只是/d提到/v对/p手表/n内容/n进行/vx复制/vn以后/f，/wd其/rz只是/d对/p保存/v在/p自己/rr电脑/n里/f的/ude1文件/n进行/vx了/ule删除/v。/wj
