第二/m个/q歪曲/v是/vshi对/p王旭旭/nr证言/n的/ude1歪曲/vn，/wd当/p中/f说/v王旭旭/nr是/vshi在/p一/m种/q恐怖/a的/ude1状态/n下/f作证/vi的/ude1，/wd事实/n并非如此/vl，/wd王旭旭/nr在/p作/v证言/n的/ude1过程/n当中/f是/vshi如实/d向/p侦查/vn人员/n做/v了/ule陈述/v的/ude1，/wd其/rz说/v的/ude1害怕/vn心理/n，/wd是/vshi担心/v的/ude1这样/rzv一个/mq内容/n：/wm是/vshi害怕/v村民/n对/p其/rz将/p这个/rz视频/n交给/v政府/n以后/f，/wd村民/n对/p其/rz报复/vn，/wd阐述/v的/ude1是/vshi这么/rz一个/mq理由/n，/wd故此/c害怕/v，/wd不/d将/p证据/n交给/v政府/n。/wj
对于/p诉讼/vn代理人/n刚才/t提到/v的/ude112月/t23/m号/q的/ude1这个/rz视频/n，/wd是/vshi不/d是/vshi钱云会/nr这个/rz头像/n，/wd我们/rr公诉人/n已经/d经过/v了/ule审查/vn，/wd并/cc经过/v了/ule确认/v，/wd这个/rz人/n并非/v钱/n云/vg会/v，/wd刚才/t在/p法庭/n上/f播放/v的/ude1这/rzv段/q视频/n当中/f，/wd这个/rz头像/n才/d是/vshi钱云会/nr。/wj
对于/p本/n案/x的/ude1证人/n是否/v应当/v，/wd包括/v王立权/nr等/udeng几/m个/q证人/n是否/v应当/v出庭/vi的/ude1这个/rz问题/n，/wd公诉人/n认为/v，/wd根据/p刑/n诉/vg法/b的/ude1规定/n，/wd公诉人/n在/p宣读/v证人/n证言/n的/ude1时候/n，/wd既/c可以/v传唤/vn证人/n，/wd要求/v法庭/n传唤/vn证人/n当庭/d作证/vi，/wd也/d可以/v当庭/d宣读/v其/rz书面/b证言/n，/wd刚才/t公诉人/n出示/v的/ude1书面/b证言/n，/wd取证/vn程序/n合法/a，/wd内容/n上/f与/p公诉人/n出示/v的/ude1其他/rzv证据/n相/d印证/v，/wd对/p犯罪/vn事实/n已经/d能/v充分/ad证实/v，/wd并且/c王立权/nr等/udeng人/n因为/c涉及/v其他/rzv刑事/b案/x件/q，/wd仍/d处于/v侦查/vn阶段/n，/wd不宜/v出庭/vi。/wj
公诉人/n2：/m补充/v一下/mq啊/y，/wd关于/p辩护人/n提出/v的/ude1王立权/nr的/ude1老婆/n黄雪芬/nr在/p凌晨/t5点/t至/p7点/t，/wd找/v她/rr谈话/vi，/wd这/rzv是/vshi因为/c，/wd这个/rz案/x件/q的/ude1手表/n一个/mq重要/a的/ude1物证/n，/wd被/pbei王立权/nr的/ude1老婆/n黄雪芬/nr他们/rr所/usuo隐匿/v，/wd在/p这个/rz时候/n，/wd这个/rz侦查/vn人员/n，/wd在/p这个/rz时候/n找/v黄雪芬/nr谈话/n完全/ad是/vshi必要/a的/ude1。/wj
再/d一个/mq，/wd本/rz案/x的/ude1这个/rz电子/n物证/n，/wd这个/rz辩护人/n说/v的/ude1是/vshi没有/v技术/n部门/n的/ude1检验/vn，/wd这个/rz是/vshi错误/a的/ude1，/wd对/p这个/rz视频/n资料/n的/ude1提取/vn，/wd是/vshi一个/mq严密/a的/ude1、/wn科学/a的/ude1过程/n，/wd已经/d有/vyou专门/b的/ude1物证/n检验/vn部门/n出具/v了/ule报告/n，/wd因此/c这个/rz物证/n，/wd它/rr的/ude1取证/vn，/wd原先/d一直/d是/vshi在/p王立权/nr的/ude1掌/n控/v之下/f，/wd从/p这个/rz被害人/n钱/n云/vg会/v的/ude1手上/s摘/v下/vf这个/rz手表/n以后/f，/wd一直/d是/vshi王立权/nr在/p保管/v的/ude1，/wd后来/t是/vshi藏/v到/v了/ule邻居/n陈赛英/nr的/ude1手上/s，/wd一直/d到/v1月/t14/m号/q由/p公安/n机关/n依法/d予以/vx提取/vn，/wd并/cc进行/vx了/ule鉴定/vn。/wj
这个/rz…/ws
…/ws
没有/v被/pbei污染/v或者/c剪接/v的/ude1情况/n存在/v，/wd所以/c说/v，/wd诉讼/vn代理人/n所/usuo说/v是/vshi没有/v任何/rz依据/n的/ude1。/wj
诉讼/vn代理人/n：/wm法官/n我/rr要/v答辩/vn一下/mq。/wj
法官/n：/wm等/v一下/mq。/wj
对/p证据/n质证/v的/ude1过程/n法庭/n都/d记录/v下来/vf。/wj
诉讼/vn代理人/n：/wm我/rr觉得/v对/p他/rr刚才/t说/v了/y，/wd我/rr就/d要/v回/qv应/v一下/mq，/wd这/rzv都/d是/vshi平等/a的/ude1。/wj
法官/n：/wm已经/d记录/v在/p案/x了/vi。/wj
辩论/v的/ude1时候/n可以/v还/d就/d这个/rz问题/n还/d…/ws
…/ws
诉讼/vn代理人/n：/wm这/rzv是/vshi质证/v阶段/n，/wd他/rr为什么/ryv有/vyou权利/n回应/v我/rr，/wd我/rr也/d可以/v有/vyou权利/n。/wj
法官/n：/wm你/rr不/d是/vshi质证/v了/ule嘛/y。/wj
诉讼/vn代理人/n：/wm对/p啊/y，/wd他/rr举/v证/n完毕/vi了/ule不/d应该/v再/d说话/vi了/y，/wd他/rr如果/c再/d说话/vi了/ule我/rr有/vyou权利/n进行/vx答辩/vn。/wj
请/v给/p我/rr两分/m钟/n时间/n。/wj
法官/n：/wm好/a，/wd可以/v。/wj
诉讼/vn代理人/n：/wm第一/m，/wd公诉人/n说/v12月/t23/m号/q这个/rz头像/n不/d是/vshi钱云会/nr，/wd公诉人/n是/vshi证人/n吗/y？/ww
可以/v再/d放/v一下/mq，/wd这/rzv头像/n到底/d是/vshi不/d是/vshi钱云/nr会/v？/ww
公诉人/n本人/rr来/vf证明/v这个/rz人/n不/d是/vshi钱云/nr会/v？/ww
公诉人/n：/wm审判长/n…/ws
…/ws
诉讼/vn代理人/n：/wm等/v我/rr说/v完/vi。/wj
公诉人/n说/v，/wd刑/n诉/vg法/n说/v证人/n可以/v不/d出庭/vi，/wd但/c最高/a法院/n，/wd我们/rr今天/t在/p法庭/n上/f审/v，/wd总归/d是/vshi要/v根据/p最高/a法/n的/ude1司法/n解释/vn，/wd司法/n解释/v规定/v了/ule四/m种/q情形/n，/wd那/c你/rr说/v你/rr是/vshi哪/ry一/m种/q情形/n不要/d出庭/vi？/ww
你/rr可以/v解释/v，/wd有/vyou机会/n。/wj
证人/n出庭/vi了/ule我们/rr就/d可以/v问/v清楚/a了/y，/wd王旭乐/nr删/v的/ude1是/vshi什么/ry，/wd他/rr害怕/v的/ude1是/vshi什么/ry…/ws
…/ws
这/rzv是/vshi我/rr讲/v的/ude1第一点/m，/wd第二点/m我/rr要/v讲/v，/wd这个/rz第一/m公诉人/n讲/v到/v，/wd这些/rz物证/n是/vshi经过/p检验/v的/ude1，/wd我/rr同意/v经过/p检验/v，/wd但是/c你/rr没有/d经过/p检验/v它/rr有/vyou没/d有/vyou剪辑/vn修改/vn，/wd不/d信/v你/rr可以/v出示/v一/m下/f，/wd公安/n的/ude1所有/b物证/n鉴定/vn都/d只/d是/vshi提取/v，/wd没有/v进行/vx鉴定/vn。/wj
我/rr就是/d想/v问/v你/rr，/wd你/rr凭/p什么/ry说/v这个/rz没有/d剪接/v过/uguo、/wn没有/d修改/v过/uguo？/ww
我们/rr还是/d要/v有/vyou事实/n来/vf说话/vi。/wj
完了/vi，/wd谢谢/v。/wj
法官/n：/wm公诉人/n和/cc诉讼/vn代理人/n质证/v都/d记录/v在/p案/x，/wd就/d不要/d再/d纠缠/v在/p这个/rz问题/n上/f辩论/vn。/wj
公诉人/n向/p法庭/n出示/v第三/m组/q证据/n公诉人/n：/wm审判长/n，/wd公诉人/n将/d出示/v本/n案/x的/ude1第三/m组/q证据/n，/wd主要/d证明/v被告人/n费良玉/nr…/ws
…/ws
法官/n：/wm打断/v一下/mq，/wd主要/b证言/n说/v详细/a一点/m，/wd次要/b证言/n呢/y，/wd就是说/c可以/v概述/vn，/wd短/a一点/m。/wj
公诉人/n：/wm现/tg出示/v第三/m组/q证据/n，/wd主要/d证明/v被告人/n费良玉/nr交通/n肇事/vn致/v一/m人/n死亡/vi并/cc负/v事故/n主要/b责任/n。/wj
第一/m项/q证据/n，/wd是/vshi勘验/vn检查/vn笔录/n，/wd包括/v道路交通/n事故/n现场/s勘查/vn笔录/n及/cc道路交通/n事故/n照片/n、/wn事故/n现场/s图/n。/wj
在/p卷宗/n第二/m卷/q的/ude1第1/m至/p13/n页/q。/wj
证明/v，/wd事故/n地点/n是/vshi乐清市/ns虹/n南/b大道/n蒲/nr1岐/ng镇/n寨/ng桥/n村/n地段/n，/wd道路/n情况/n是/vshi东西/n走向/v，/wd道路/n南侧/f有/vyou建筑施工/n堆积物/n，/wd现场/s死亡/vi1/a人/n，/wd肇事/vn车辆/n为/p皖/bK5B323/x解放/vn牌/n重型/b自/p卸货/vi车/n，/wd有/vyou保险/n标志/n，/wd货车/n正/d前/f有/vyou碰撞/vn痕迹/n，/wd此/rzs痕迹/n在/p保险杠/n上/f，/wd正/d前/f车底/n散热器/n铁/n架/qv上/f有/vyou碰撞/vn痕迹/n…/ws
…/ws
铁丝/n上/f有/vyou碰撞/vn痕迹/n，/wd有/vyou擦/v印/v。/wj
现场/s找到/v证人/n钱成宇/nr，/wd现场/s提取/v到/v尸体/n旁/f雨伞/n一/m把/qv，/wd货车/n头/n东/f尾/ng西/f停/vi在/p道路/n北侧/f，/wd左/a前轮/n在/p道路/n外侧/f泥土/n地上/s，/wd留下/v与/p尸体/n一/m起/q5./m5/b米/n长/ad拖/v印/ng，/wd尸体/n头/n北/f脚/n南/f伏/v在/p道路/n上/f，/wd尸体/n前/f有/vyou泥土/n堆积/vn。/wj
第二/m项/q证据/n，/wd是/vshi物证/n。/wj
雨伞/n一/m把/qv，/wd侦查/v人员/n在/p尸体/n旁/f提取/v的/ude1这/rzv把/qv雨伞/n。/wj
伞/n面/n上/f是/vshi卡通/n图/n案/x，/wd与/p视频/n上/f钱云会/nr所/usuo撑/v的/ude1雨伞/n是/vshi一致/a的/ude1。/wj
第三/m项/q证据/n是/vshi乐清市/ns交通/n警察/n大队/n民警/n赵顺余/nr、/wn余兵/nr新/a、/wn陈/nr1华丰/nz出具/v的/ude1情况/n说明/v，/wd在/p卷宗/n第二/m卷/q的/ude172/m页/q，/wd证明/v在/p事故/n后/f民警/n在/p勘查/vn中/f受到/v群众/n的/ude1干扰/vn，/wd10点/t50分/t结束/v勘查/vn，/wd现场/s冲突/vi平息/vi后/f，/wd下午/t3点/t多/d再/d做/v补充/v拍照/vi。/wj
