第/m七/m项/q证据/n是/vshi证人/n孙自芬/nr的/ude1证言/n，/wd在/p卷宗/n的/ude1第五/m卷/q的/ude187/ns至/p94/m页/q，/wd孙自芬/nr是/vshi费良玉/nr的/ude1妻子/n，/wd其/rz证实/v事故/n发生/v前/f费良玉/nr与/p平时/t表现/v是/vshi一样/a的/ude1，/wd和/cc被/pbei撞/v的/ude1人/n也/d不/d认识/v。/wj
第/m八/m项/q证据/n是/vshi黄学庆/nr的/ude1证言/n，/wd在/p卷宗/n第五/m卷/q的/ude1第92/m至/p94/m页/q，/wd黄学庆/nr即/d是/vshi黄/nr1标的/n叔叔/n，/wd证实/v2010年/m12月/t25日/t上午/t9时/t多/m黄/nr1标/n有/vyou打电话/vi来/vf说/v，/wd费良玉/nr的/ude1车/n出/vf了/ule事故/n的/ude1这个/rz事情/n。/wj
第/m九/m项/q证据/n是/vshi证人/n杨林建/nr的/ude1证言/n，/wd及/cc移动/vn公司/n提供/v的/ude1监控/vn安装/vn记录/n。/wj
证人/n杨林建/nr的/ude1身份/n是/vshi乐清/ns移动/vn公司/n的/ude1工作人员/n。/wj
其中/rz这/rzv几/m个/q证据/n在/p卷宗/n的/ude1第六/m卷/q第29/m至/p34/m页/q、/wn第二/m卷/q的/ude168/m页/q、/wn第二/m卷/q的/ude130/m至/p37/m页/q，/wd证明/v寨/ng桥/n村/n路段/n监控/vn事故/n发生/v时/ng没有/d储存/v，/wd是/vshi因为/p寨/ng桥/n村/n路段/n监控/vn安装/v属/v在建/vn工程/n，/wd移动/vn公司/n受/v蒲岐/nr镇政府/n委托/vn，/wd于/p12月/t21日/t开始/v安装/v，/wd先是/d安装/v高清晰/n的/ude1摄像机/n，/wd再/d因/p视频/n抖动/vn问题/n无法/vd解决/v，/wd又/d换/v成/v了/ule标/v清/a摄像机/n，/wd12月/t25日/t开始/v对/p监控/vn做/v存储工作/n，/wd直到/v12月/t25日/t中午/t12点/t53分/t才/d完成/v，/wd上述/b工作情况/n电脑/n中/f都/d有/vyou日志/n记载/v，/wd该/rz日志/n是/vshi不/d能/v删除/v和/cc更改/v的/ude1，/wd如/v有/vyou删除/v和/cc更改/v，/wd都/d会/v在/p电脑/n中/f留下/v记录/n。/wj
（/wkz第四/m组/q证据/n出示/v完毕/vi）/wky法庭/n质证/v被告人/n质证/v：/wm（/wkz无/v）/wky辩护人/n质证/v：/wm（/wkz无/v）/wky诉讼/vn代理人/n质证/v诉讼/vn代理人/n：/wm主要/d是/vshi针对/p这些/rz证人/n证言/n。/wj
首先/c质证/v保安/b的/ude1证言/n。/wj
根据/p证言/n，/wd吴/nr1浅/a浅/a的/ude1证言/n，/wd2010年/m12月/t28日/t8时/t45分/t作/v的/ude1证言/n，/wd现场/s有/vyou很多/m反光锥/n摆放/v在/p道路/n南侧/f第一/m条/q和/cc第二/m条/q道/n之间/f，/wd在/p施工/vn路段/n都/d有/vyou摆放/v，/wd有/vyou一二/m公里/q长/a的/ude1距离/n，/wd在/p事故/n现场/s前后/f视线/n内/f都/d有/vyou摆放/v。/wj
那么/c，/wd请/v法庭/n看/v现场/s视频/n，/wd我们/rr看/v得/ude3到/v反光锥/n没有/v？/ww
那么/c，/wd我/rr要/v质疑/vn这个/rz视频/n是不是/v案/x发现/v场/qv。/wj
第二/m，/wd这个/rz吴/nr1浅/a浅/a的/ude1证言/n，/wd2011年/m1月/t3/n号/q16点/t20分/t，/wd讲/v到/v，/wd“/wyz后来/t到/p上午/t8时/t来/f380/m名/q保安/b人员/n，/wd乘坐/v四/m辆/q中巴车/n到/v现场/s执勤/vi。/wj
”/wyy那么/c，/wd从/p所有/b的/ude1证据/n当中/f都/d可以/v看到/v，/wd现场/s当天/t其实/d没有/v什么/ry事情/n发生/v，/wd那/rzv为什么/ryv有/vyou380/m名/q保安/n到/v现场/s？/ww
到底/d想/v干/v什么/ry？/ww
然后/c再/d吴/nr1浅/a浅/a的/ude1证言/n当中/f，/wd他/rr看到/v一个/mq村民/n，/wd个子/n高高的/z，/wd打/v着/uzhe伞/n，/wd站/vi在/p事故/n车头/n右侧/f位置/n，/wd在/p那/rzv又/d蹦/v又/d叫/vi。/wj
那么/c，/wd想必/d这个/rz人/n是/vshi钱成宇/nr，/wd所以/c钱成宇/nr作为/v目击/v证人/n是/vshi可以/v的/ude1…/ws
…/ws
证人/n张/q回/v2010年/m12月/t27日/t11时/t多/a的/ude1笔录/n：/wm“/wyz我/rr没有/d看到/v事故/n发生/v的/ude1经过/n，/wd我/rr车上/s的/ude1郑/tg元/q章/n当时/t下/f车/n到/v公路/n对面/f小便/v，/wd看到/v了/ule事故/n发生/v的/ude1经过/n，/wd他/rr回到/v车上/s告诉/v我们/rr前方/s一/m个/q人/n被/pbei撞/v死/v了/y。/wj
”/wyy那么/c，/wd请/v法庭/n可以/v播放/v第7/m段/q视频/n，/wd后面/f被/pbei撞/v了/ule之后/f，/wd是/vshi有/vyou一个/mq人/n跑/v过来/vf的/ude1视频/n，/wd但是/c，/wd据/p我/rr初步/d观察/v，/wd这个/rz人/n是/vshi不/d是/vshi这个/rz？/ww
按照/p钱成宇/nr的/ude1证言/n，/wd他/rr看到/v的/ude1保安/n都/d是/vshi戴/v头盔/n的/ude1，/wd但是/c在/p这/rzv段/q录像/n当中/f我/rr没有/d看到/v这个/rz戴/v头盔/n的/ude1人/n。/wj
郑元章/nr，/wd证人/n证言/n当中/f所谓/v的/ude1第一/m个/q目击/vn证人/n，/wd2010年/m12月/t28/m号/q上午/t11时/t40分/t左右/f，/wd第4/m页/q：/wm“/wyz大/a货车/n停/vi住/vi后/f，/wd从/p左/f前方/f下来/vf一个/mq人/n，/wd我/rr当时/t很/d紧张/a，/wd这个/rz人/n的/ude1特征/n不/d注意/v。/wj
”/wyy那么/rz请/v注意/v，/wd如果/c费良玉/nr是/vshi从/p右边/f下来/vf的/ude1，/wd那么/c对/p他/rr来说/uls，/wd那/rzv就/d不/d是/vshi左/a前方/f，/wd是/vshi右/f前方/f，/wd因为/c他们/rr是/vshi车/n的/ude1屁股/n后面/f。/wj
那么/rz请/v法庭/n可以/v放/v录像/n，/wd如果/c这/rzv段/q录像/n是/vshi真/a的/ude1话/n，/wd保安/b会/v是/vshi在/p车/n的/ude1车尾/n，/wd人/n在/p走/v，/wd那么/c他们/rr看到/v的/ude1左/a前方/f，/wd应该/v是/vshi车子/n的/ude1左侧/f，/wd这/rzv又/d是/vshi这个/rz录像/n和/cc费良玉/nr的/ude1陈述/vn不/d一致/a。/wj
因为/p他/rr是/vshi保安/n所/usuo说/v的/ude1第一/m个/q目击/vn证人/n。/wj
然后/c请/v法庭/n注意/v是/vshi是/vshi，/wd他们/rr提到/v的/ude1是/vshi4/a个/q保安/n，/wd但是/c在/p这个/rz录像/n当中/f可以/v看到/v，/wd是/vshi黑压压/z的/ude1一/m群/q人/n，/wd这/rzv是/vshi，/wd这个/rz法庭/n可以/v有限/a地/ude2播放/v，/wd我/rr可以/v提供/v仔细/ad观看/v。/wj
那么/c，/wd我/rr还/d请/v法庭/n记录/v一下/mq，/wd既然/c公诉人/n提出/v有/vyou利害/n关系/n的/ude1人/n可以/v出庭/vi作证/vi我/rr可以/v认可/vi，/wd但是/c有/vyou利害/n关系/n的/ude1人/n的/ude1证言/n证明/v力/n是/vshi有限/a的/ude1，/wd那么/rz乐清/ns保安/b公司/n，/wd这些/rz人/n都/d是/vshi乐清/ns保安/b公司/n，/wd乐清/ns保安/b公司/n是/vshi谁/ry聘用/v的/ude1呢/y？/ww
是/vshi蒲岐/nr镇政府/n和/cc港口/n管理/vn委员会/n聘请/v的/ude1。/wj
那么/c，/wd蒲岐/nr镇政府/n和/cc钱云会/nr之间/f的/ude1关系/n恐怕/d不/d需要/v我/rr多/d讲/v。/wj
所以/c这些/rz保安/n，/wd而且/c是/vshi，/wd一度/d钱/n成宇/nr指/v称/v可能/v是/vshi疑犯/n之一/rz。/wj
公诉人/n：/wm反对/v。/wj
审判长/n，/wd诉讼/vn代理人/n刚才/t所/usuo指/v的/ude1这些/rz保安/n与/p这个/rz事故/n并/cc无/v任何/rz关系/n，/wd保安/n，/wd刚才/t公诉人/n所/usuo出示/v的/ude1这些/rz证据/n均/d证实/v交通事故/n发生/v的/ude1这个/rz，/wd有/vyou交通事故/n发生/v，/wd就/d证实/v这/rzv一/m项/q内容/n，/wd其/rz内容/n大部分/m与/cc质证/v意见/n无关/v。/wj
法官/n：/wm反对/v有效/a。/wj
诉讼/vn代理人/n，/wd你/rr对/p这/rzv方面/n，/wd主要/d案/x件/q事实/n的/ude1方面/n。/wj
诉讼/vn代理人/n：/wm对/p，/wd我/rr是/vshi评论/n这些/rz证据/n是否/v有效/a，/wd法庭/n的/ude1这个/rz指示/n我/rr听/v懂/v了/y。/wj
我们/rr看/v证人/n孙金绪/nr的/ude1证言/n。/wj
孙金绪/nr，/wd2010年/m12月/t29日/t上午/t作/v的/ude1证/n，/wd这/rzv是/vshi乐清/ns保安/b公司/n保安/b的/ude1证据/n。/wj
问/v你们/rr保安/b公司/n与/p蒲岐/nr镇政府/n是否/v有/vyou劳务/n合同/n，/wd“/wyz没有/v，/wd我们/rr只/d是/vshi有/vyou口头/n协议/n，/wd等/udeng执行/vn任务/n完毕/vi算/v工资/n时/ng，/wd再/d补/v登/v一/m份/q合同/n，/wd以往/t也/d是/vshi这么/rz操作/vn的/ude1。/wj
”/wyy“/wyz21日/t进场/vi施工/vi第一/m天/qt，/wd白天/t是/vshi200/m人/n，/wd上班/vi也/d100/m人/n，/wd下半夜/t60/m人/n。/wj
”/wyy所以/c我们/rr认为/v还是/c有/vyou一定/b利害/n关系/n的/ude1。/wj
公诉人/n：/wm审判长/n，/wd公诉人/n再次/d反对/v。/wj
这个/rz保安/b的/ude1事情/n，/wd当天/t为什么/ryv有/vyou那么/rz多/a保安/n到/v现场/s，/wd与/p本/n案/x是/vshi没有/v关系/n的/ude1。/wj
这么/rz多/a保安/n，/wd完全/ad是/vshi因为/p其他/rzv的/ude1事情/n到/v现场/s的/ude1，/wd什么/ry保护/v施工/vi的/ude1事情/n，/wd跟/p本/n案/x无关/v，/wd与/p交通事故/n的/ude1证据/n，/wd交通事故/n的/ude1发生/vn、/wn经过/p事实/n是/vshi没有/v关系/n的/ude1。/wj
