每天/r40/m多/m单/ng，/wd这/rzv是/vshi快递/v员/q彭/nr1松/ng现在/t的/ude1业务量/n。/wj
与/p4月/t份/q相比/vi，/wd这个/rz工作量/n已经/d增加/v了/ule1/a//w3/n，/wd与/p年初/t相比/vi则/d增加/v了/ule一/m倍/q。/wj
彭松/nr是/vshi凡/d客/ng诚/dg品/v公司/n自/p营/n的/ude1“/wyz如/v风/n达/v”/wyy快递/v的/ude1派/n送/v专员/n，/wd他/rr所在/n的/ude1垡/x头/n站/vi原本/d管辖/v东/f四/m环/q至/p崇文区/ns一带/n，/wd现在/t由于/p单子/n太/d多/a，/wd东/f四/m环/q的/ude1快递/vn员/q业务量/n普遍/ad翻/v倍/q，/wd最近/t公司/n干脆/d把/pba崇文区/ns业务/n独立/v了/ule出去/vf。/wj
彭松/nr告诉/v，/wd自从/p凡/d客/ng诚/dg品/v的/ude1T/x恤/x品类/n“/wyzVT/x”/wyy3月/t底/f抢/v在/p竞争/vn对手/n优衣库/nrfUT/x之前/f一/m周/qt上/f线/n，/wd最/d主要/d增加/v的/ude1货品/n种类/n就/d是/vshiT/x恤/x。/wj
“/wyz每个/r单子/n里/f通常/d都/d有/vyouT/x恤/x，/wd也/d有/vyou别的/rzv东西/n。/wj
”/wyy这/rzv是/vshi一个/mq每年/r成倍/d增长/v的/ude1市场/n。/wj
凡/d客/ng诚/dg品/vCEO/x陈年/n告诉/v《/wkz第一/m财经/n周刊/n》/wky，/wd在/p过去/t一年/m中/f，/wd约/d5000/m万/m件/q品牌/nT/x恤/x流向/n市场/n，/wd还/d不/d算/v北京/ns动物园/n批发/vn市场/n、/wn上海/ns七/m浦/b路/n、/wn广州/ns白马/n市场/n这些/rz低价/n批发/vn市场/n。/wj
这些/rz低价/n批发/vn市场/n考验/vnT/x恤/x成本/n底线/n，/wd30/m元/q以下/fT/x恤/x比比皆是/vl。/wj
为/p各/rz企业/n做/v文化衫/n，/wd也/d为/v独立/ad设计/v厂牌/n制造/vT/x恤/x的/ude1T/x恤/x工场/n创始人/n高健/nr告诉/v《/wkz第一/m财经/n周刊/n》/wky，/wd市场/n所/usuo有/vyouT/x恤/x中/f，/wd30/m元/q以下/fT/x恤/x是/vshi主流/n。/wj
在/p动/v批/q这样/rzv的/ude1市场/n，/wd一/m件/q圆领/nT/x恤/x的/ude1成本/n从/p4/n元/q到/v17/ns元/q不等/vi，/wd而/cc对于/p品牌/nT/x恤/x来说/uls，/wd成本/n带/v在/p15/m元/q至/p30/m元/q。/wj
优衣库/nrf、/wn凡/d客/ng诚/dg品/v和/cc美特/nz斯/b邦威/nrf等/udeng的/ude1T/x恤/x成本/n大致/d就/d在/p这个/rz区间/n。/wj
各/rz路/n人马/n都/d设立/v了/ule雄心勃勃/vl的/ude1销售/vn目标/n：/wm美特/nz斯/b邦威/nrfT/x恤/x品类/nMTee/x刚/d成立/vi的/ude12009年/m销量/n为/p100/m万/m件/q，/wd一年/m后/f这个/rz数字/n变成/v了/ule400/m万/m件/q，/wd今年/t预计/v销售/v会/v达到/v700/m万/m件/q。/wj
优衣库/nrf准备/v让/vUT/x销量/n比/p去年/t翻/v一/m倍/q，/wd凡/d客/ng诚/dg品/v2011年/m准备/v大干一场/vl，/wd完成/v1000/m万/m件/q的/ude1销售/vn目标/n，/wd这个/rz数字/n比/p去年/t的/ude12/n倍/q还/d多/a。/wj
凡/d客/ng已经/d连续/a第二/m年/qt将/d大批/mT/x恤/x定价/n在/p29/m元/q。/wj
按照/p服装/n制造/vn业内人士/n的/ude1估算/vn，/wd如果/c是/vshi全/a棉/ng针织/b材质/n，/wd一/m件/q29/m元/q的/ude1T/x恤/x用料/n大约/d150/m克/q，/wd按照/p70/m元/q//w公斤/q的/ude1价格/n，/wd面料/n成本/n大约/d10/n元/q；/wf胸前/s印花/n如果/c是/vshi常规/n胶印/vn，/wd成本/n大约/d3/vg元/q；/wf基本/a款/n的/ude1工艺简单/n，/wd加工费/n不/d超过/v5/f元/q；/wf另外/c，/wd衣服/n上/f的/ude1各类/r标识/n成本/n大约/d1/a元/q，/wd这样/rzv算/v来/vf，/wd一/m件/q普通/aT/x恤/x的/ude1直接/a成本/n大约/d20/m元/q左右/m。/wj
2010年/m，/wd凡/d客/ngVT/x团队/n最/d开始/v建议/n定价/vi为/p39/m元/q，/wd被/pbeiCEO/x陈年/n否定/v了/y。/wj
他/rr想/v要/v比/p动物园/n更/d便宜/a的/ude1T/x恤/x。/wj
北京/ns动物园/n是/vshi十分/m著/q名/q的/ude1低价/n服装/n批发/vn集散地/n，/wd年轻/a人们/n经常/d背着/v个/q大/a袋子/n去/vf那里/rzs“/wyz打/v货/n”/wyy，/wd就/d因为/p便宜/a款式/n又/d多/a。/wj
“/wyz有/vyou可能/n降/v到/v19/m元/q吗/y？/ww
”/wyy在/p得知/v29/m元/q已经/d接近/v成本/n后/f，/wd陈年才/nr无奈/d妥协/vi。/wj
29/m元/q已经/d几乎/d不/d可能/v赚/v到/v钱/n了/y。/wj
即便/c是/vshi竞争/vn对手/n美特/nz斯/b邦威/nrf也/d对/p《/wkz第一/m财经/n周刊/n》/wky这么/rz肯定/v地/ude2说/v。/wj
为了/p达到/v这个/rz价格/n底限/n，/wd凡/d客/ng提前/vd储存/v了/ule原材料/n以/p应付/v其/rz上涨/vi，/wd并/cc在/p设计/vn费用/n中/f绞尽脑汁/vl做到/v与众不同/vl又/c成本/n尽可能/d低/a，/wd这个/rz解决/v方/q案/x便是/v，/wd本土/n原/d创/vg设计/vn。/wj
这些/rz正/d默默无闻/vl或者/c成名/vi在望/vi的/ude1设计师/n、/wn插/v画师/n和/cc漫画家/n为/v凡/d客/ng设计/v提供/v了/ule总共/d1500/m款/q图/n案/x，/wd覆盖/v了/ule几乎/dVT/x团队/n能够/v想/v得到/v的/ude1年轻人/n各种/rz次/qv文化/n兴趣/n主题/n，/wd包括/v无/v厘/q头/n、/wn小/a清新/a、/wn复古/vi等/udeng。/wj
以/p本土/n新生/n设计/vn力量/n思想/n为/p内容/n的/ude1电子/n杂志/n《/wkzVT/x思想/n力/vg》/wky同时/c推出/v。/wj
为/p尽可能/d客观/a选择/vn消费群/n可能/v喜欢/vi的/ude1图/n案/x，/wd降低/v评审/vn的/ude1主观/a因素/n，/wd凡/d客/ng组成/v了/ule一个/mq由/p生产/vn部门/n、/wn销售/vn规划/n部门/n和/cc营销/vn中心/n三/m个/q部门/n组成/v的/ude1图/n案/x挑选/v团队/n。/wj
“/wyz因为/p贰/m，/wd所以/c贰/m”/wyy、/wn《/wkz这个/rz杀手/n不/d太/d冷/a》/wky里/f小/a女孩/n的/ude1疑问/n“/wyz是否/v人生/n总/d是/vshi如此/rzv艰难/a，/wd还/d是/vshi只/d有/vyou童年/t如此/rzv”/wyy…/ws
…/ws
这些/rz文字/n被/pbei印/v在/pVT/x上/f变成/v了/ule态度/n。/wj
陈年/n几乎/d不/d赚/v钱/n也/d要/v确定/v出/vf29/m元/q的/ude1定价/n首先/d是/vshi为了/p吸引/v对/p价格/n敏感/a的/ude1年轻人/n，/wd例如/v大学生/n，/wd然后/c是/vshi为了/p拉动/v销售量/n，/wd例如/v今年/t高/ad达/v1000/m万/m件/q的/ude1预期/vn。/wj
不过/c事情/n也/d没有/v那么/rz简单/a，/wd这种/r定价/vn方式/n并/cc不/d是/vshi所有/b的/ude1企业/n都/d敢/v用/v的/ude1，/wd凡/d客/ng敢/v用/v是/vshi因为/p它们/rr的/ude1T/x恤/x设计/vn恰好/d走/v的/ude1是/vshi“/wyz简单/a、/wn易于/vd复制/v”/wyy的/ude1路线/n—/wp这/rzv其实/d是/vshi一/m种/q渗透/vn定价/vn策略/n，/wd“/wyz它/rr通常/d有利于/v企业/n长期/d扩大/v销售量/n，/wd比较/d适合/v于/p易/a仿/x制/k、/wn特点/n不/d突出/a、/wn技术简单/n的/ude1产品/n”/wyy。/wj
从/p这个/rz角度看/n，/wd凡/d客/ng的/ude1“/wyz基本/a款/n”/wyyT/x恤/x类产品/n是/vshi适合/v这种/r低价/n策略/n的/ude1。/wj
另一方面/c，/wd凡/d客/ng“/wyz逼近/v成本/n”/wyy的/ude1定价/n其实/d是/vshi服装/nB2C/x的/ude1一/m种/q营销/vn手段/n，/wd这/rzv部分/m定价/n极/d低/a的/ude1产品/n虽然/c赚/v不/d到/v钱/n，/wd但是/c它/rr能/v将/p消费者/n吸引/v到/v凡/d客/ng的/ude1平台/n上/f来/vf，/wd这个/rz平台/n上/f并/d不/d是/vshi所有/b的/ude1商品/n都/d是/vshi29/m元/q，/wd消费者/n们/k在/p这里/rzs拣/v拣选/n选/v，/wd最终/d可能/v购买/v了/ule接近/v200/m元/q的/ude1商品/n，/wd这时候/rzt，/wd如果/c他们/rr发现/v凡/d客/ng的/ude1另/rz一个/mq销售/vn策略/n—/wp200/m元/q免/v运费/n，/wd就/d会/v想到/v：/wm不/d如/v再/d用/v一/m件/qT/x恤/x来/f弥补/v差价/n吧/y，/wd凑/v够/v200/m就/d免/v运费/n了/y—/wp这样一来/dl，/wd29/m元/q的/ude1超低/n定价/n就/d将/p其/rz影响力/n大大/d渗透/v到/v了/ule整个/b凡/d客/ng的/ude1网络/n销售/vn平台/n上/f。/wj
