烧/vi腊/ng饭/n或者/c包子/n涨/vi一/m块/q钱/n在/p某种/rz程度/n上/f是/vshi比/p房子/n每/rz平米/q涨价/vi1000/m块/q更/d令/v人/n难以/d忽略/v的/ude1事情/n。/wj
最近/t，/wd这个/rz麻烦/an演化/vi到/v了/ule严重/a的/ude1程度/n。/wj
联合国/nt粮农/n组织/n（/wkzFAO/x）/wky已经/d就/p粮价/n进一步/d上涨/vi发出警告/n。/wj
他们/rr着重/v对/p中国/ns的/ude1旱情/n表示/v了/ule担忧/v—/wp这个/rz全球/n最/d大/a的/ude1小麦/n生产/vn国/n刚刚/d经历/v了/ule长/a达/v100/m天/qt以上/f的/ude1干旱/a天气/n，/wd以至于/c春节/t假期/t结束/v重新/d开市/vi后/f，/wd郑州/ns商品/n交易/n所/usuo反映/v中国/ns国内/s交易/n的/ude1小麦/n价格/n上涨/vi6./m5%/ns，/wd创下/v历史/n新高/n。/wj
FAO/x官员/n认为/v，/wd连同/p小麦/n、/wn玉米/n、/wn大豆/n在内/u的/ude1谷物/n价格/n这样/rzv长时间/n处于/v高位/n，/wd将/d对/p较/d贫穷/a的/ude1国家/n造成/v冲击/vn。/wj
何止/v是/vshi冲击/v，/wd作为/v“/wyz后/f经济危机/nl”/wyy时代/n最/d令/v人/n无法/vd忍受/v的/ude1一/m种/q通胀/v表现/v，/wd大幅/d上涨/vi的/ude1食品/n价格/n导致/v了/ule突尼斯/nsf政府/n的/ude1下台/vi，/wd也/d引发/v加纳/nsf、/wn阿尔及利亚/nsf、/wn也门/ns和/cc埃及/nsf等/udeng国/n的/ude1抗议/vn。/wj
在/p印度/nsf，/wd人们/n走/v上/vf街头/s抗议/vn洋葱/n价格/n的/ude1攀升/vn。/wj
发达国家/nl也/d警报/n频/ag传/ng。/wj
2月/t份/q，/wd美国/nsf政府/n下调/v了/ule主要/b农作物/n的/ude1储量/n预测/vn，/wd推动/v玉米/n和/cc大豆/n价格/n涨/vi至/p30/m个/q月/n来/vf最高/a水平/n。/wj
美国/nsf农业部/nt表示/v，/wd到/v2011年/m晚/tg些/q时候/n，/wd全球/n植物油/n储量/n需求/n比/p将/d跌/v至/p“/wyz1970年代/t中期/f以来/f的/ude1最低/a水平/n”/wyy。/wj
联合国/nt世界/n粮食/n计划署/n（/wkzWorldFoodProgram/x）/wky的/ude1数据/n显示/v，/wd到/p今年/t1月/t份/q，/wd世界/n食品/n价格/n已经/d超过/v2007年/m到/v2008年/m粮食/n危机/n期间/f的/ude1峰值/n，/wd达到/v创纪录/vi的/ude1高水平/n。/wj
但/c现在/t就/d下/vf结论/n说/v2008年/m的/ude1粮食/n危机/n就/d要/v重演/v，/wd显然/ad还/d为/v时尚/n早/a。/wj
当年/t的/ude1全球/n粮食/n危机/n是/vshi由/p能源/n价格/n上升/vi、/wn生物/n燃料/n需求/n增加/v、/wn美元/n贬值/vi、/wn出口/vn限制/vn、/wn恐慌/an性/ng抢购/v等/udeng综合/vn因素/n导致/v。/wj
反观/v今年/t，/wd小麦/n价格/n上涨/vi是/vshi粮价/n上涨/vi的/ude1导火索/n，/wd它/rr主要/d由/p去年/t夏季/t俄罗斯/nsf的/ude1干旱/an引发/v，/wd尔后/c小麦/n生产/v大/a国/n中/f的/ude1中国/ns和/cc美国/nsf也/d受到/v了/ule不良/a气候/n的/ude1影响/vn。/wj
同时/c，/wd中东/ns局势/n的/ude1动荡/an导致/v该/rz地区/n国家/n囤积/v小麦/n，/wd致使/v全球/n小麦/n库存/n下降/vi。/wj
即便/c如此/rzv,/wd全球/n小麦/n库存/n仍/d较/d2008年/m粮食/n危机/n时/ng的/ude1水准/n高/a40%/m。/wj
由于/c长期/d自给自足/vl和/cc此前/t连续/a七年/m丰收/vi，/wd中国/ns的/ude1旱情/n未必/d会/v对/p本国/rzs和/cc世界/n小麦/n供需/n造成/v很/d大/a影响/vn。/wj
此外/c，/wd美国/nsf的/ude1玉米/n、/wn大豆/n等/udeng粮食作物/nl的/ude1产量/n也/d都/d达到/v了/ule历史/n新高/n。/wj
有/vyou一个/mq观点/n认为/v，/wd除去/v天气/n等/udeng不可抗力/nl的/ude1影响/vn，/wd此次/rz粮价/n的/ude1上涨/vn可能/n还/d源于/v美国/nsf、/wn日本/nsf和/cc欧洲/ns的/ude1低/a利率/n政策/n，/wd投资者/n可/c趁机/d利用/v低廉/a的/ude1融资/vn成本/n投资/vn大米/n、/wn糖/n、/wn棉花/n和/cc石油/n等/udeng大宗/m商品/n，/wd从而/c推动/v了/ule物价/n不断/d攀升/v。/wj
国际/n社会/n正/d开始/v就/d限制/v这种/r投资/vn寻求/v解决办法/n。/wj
巴黎/nsfG20/x峰会/n的/ude1关键/n议程/n之一/rz就是/v通过/p提高/v大宗/m商品/n市场/n透明度/n来/vf应/v对/p世界/n食品/n价格/n的/ude1上涨/vn。/wj
法国/nsf总统/n萨科齐/nrf明确/ad提出/v要/v采取/v限制/vn交易商/n的/ude1持仓/n规模/n、/wn监管/vn场/qv外/f交易/n等/udeng措施/n。/wj
2008年/m“/wyz粮食/n危机/n”/wyy的/ude1教训/n小心/ad加/v息/ng加/v息/ng是/vshi抑制/v通胀/v的/ude1常用/a措施/n，/wd但/c加/v息/ng在/p短期/b内/f通常/d对/p食品/n价格/n的/ude1影响/vn比较/d有限/a，/wd因为/c价格/n一般/uyy都/d是/vshi由/p供给/vn决定/n的/ude1，/wd而/cc迅速/ad提高/v粮食/n产量/n往往/d很/d难/ad实现/v。/wj
避免/v过度/vd调控/v2007年/m和/cc2008年/m出现/v食品/n价格/n恐慌/an时/ng，/wd包括/v印度/nsf、/wn中国/ns和/cc埃及/nsf在内/u的/ude1国家/n纷纷/d限制/v大米/n出口/vn。/wj
然而/c这种/r临时/d囤积/v的/ude1做法/n反而/d对/p全球/n大米/n价格/n急剧/d攀升/v起/vf了/ule火上浇油/vl的/ude1作用/n。/wj
小麦/n价格/n上涨/vi对/p中国/ns影响/v不/d大/a小麦/n储备/vn虽然/c目前/t中国/ns的/ude1干旱/an可能/v导致/v小麦/n减产/vn，/wd但/c中国/ns有/vyou大约/d占/v其/rz年产量/n一半/m的/ude1小麦/n粮食/n储备/vn，/wd在/p2011年/m的/ude1自给/vn率/k仍/d有望/v保持/v在/p95%/m以上/f。/wj
食物/n结构/n中国/ns人/n对/p小麦/n的/ude1需求/n主要/d与/p包子/n和/cc面条/n相关/vi，/wd与/p西方/s相比/vi，/wd这些/rz食品/n对/p小麦/n品质/n的/ude1要求/n通常/d较/d低/a。/wj
小麦/n期货/n价格/n一般/uyy与/p优质/b小麦/n有关/vn，/wd此/rzs类/q小麦/n目前/t供应/v短缺/vi。/wj
而/cc作为/p亚洲/ns人/n的/ude1主食/n，/wd大米/n的/ude1国际/n价格/n上涨/vn幅度/n并/cc没有/v2008年/m那么/rz大/a。/wj
部分/m国家/n调控/vn粮价/n的/ude1措施/n印度/nsf延长/v了/ule食用油/n的/ude1出口/vn禁令/n，/wd还/d与/p其/rz宿敌/n巴基斯坦/nsf达成/v了/ule进口/v1000/m吨/q洋葱/n的/ude1交易/vn，/wd以/p抑制/v遭遇/v洪水/n后/f一/m度/qv暴涨/vi的/ude1洋葱/n价/n?/ww
格/n。/wj
韩国/nsf削减/v奶粉/n和/cc咖啡豆/n的/ude1进口/vn关税/n，/wd并/d辅/vg以/p加/v息/ng、/wn上调/v住房/n供应量/n等/udeng一/m系列/q反/vi通胀/v措施/n。/wj
印尼/ns投资/vn3/n万/m亿/m印尼盾/n(/wkz合/v约/d3./m31亿/m美元/q)/wky帮助/v那些/rz受到/v食品/n价格/n波动影响/n的/ude1居民/n，/wd取消/v食品/n进口/vn关税/n，/wd鼓励/v国民/n种植/vn辣椒/n以/p增加/v其/rz供应量/n。/wj
俄罗斯/nsf2010年/m年底/t禁止/v小麦/n出口/vn。/wj
国内/s粮食/n涨价/vi的/ude1压力/n也/d正/d考验/v着/uzhe央/vg企/ng。/wj
据/p《/wkz中国/ns经营/vn报/n(/wkz微/ag博/vg)/wky》/wky报道/v，/wd近日/t中国/ns四/m大/a粮食/n央/vg企/ng———/wp中/b粮/n、/wn中/f储/vg粮/n、/wn中纺/n集团/n以及/cc华/b粮/n接到/v政府/n指示/n，/wd不/d能/v进入/v市场/n收/v粮/n，/wd以免/c造成/v粮价/n上涨/vi。/wj
为了/p调控/vn粮价/n，/wd国家/n也/d正/d在/p计划/n出台/vi有效/a政策/n。/wj
记者/n独家/d获悉/v，/wd如果/c粮价/n再次/d快速/d上涨/vi，/wd国家/n有/vyou可能/n降低/v粮食/n进口/vn关税/n。/wj
为了/p让/v粮食/n危机/n不/d在/p国内/s重演/v，/wd政府/n和/cc央/vg企/ng正/d严阵以待/vl。/wj
电话/n通知/n实行/v限/v购/vg北方/s旱情/n仍/d在/p持续/vi，/wd粮食/n产量/n有/vyou可能/n下降/vi，/wd但是/c国内/s四/m大/a粮食/n央/vg企/ng却/d迟迟/d不/d见/v动作/n。/wj
