美国/nsf人/n爱/v橄榄球/n，/wd这/rzv是/vshi真理/n；/wf美国/nsf人/n更/d爱/v橄榄球/n比赛/vn直播/vn里/f的/ude1广告/n，/wd这/rzv是/vshi另/rz一个/mq真理/n。/wj
从/p这/rzv一点/m上/f看/v，/wd没什么/vl比/p“/wyz超级/b碗/n”/wyy（/wkzSuperBowl/x）/wky更/d美国/nsf的/ude1了/y。/wj
这个/rzNFL/x（/wkz美/b式/k橄榄球/n大/a联盟/n）/wky年度/n总/b决赛/vn几乎/d成/v了/ule非官方/b的/ude1全国/n节日/n：/wm2010年/m，/wd全/d美/a一共/d有/vyou超过/v一亿/m观众/n收看/v了/ule超级/b碗/n决赛/vn直播/vn。/wj
2009年/m，/wd这个/rz数字/n是/vshi9070/m万/m，/wd这/rzv一年/m超级/b碗/n决赛/vn18/nz岁/qt至/p49/m岁/qt观众/n的/ude1收视率/n达到/v了/ule28./m7％/m，/wd而/cc这个/rz群体/n正是/v美国/nsf广告商/n们/k最/d看重/v的/ude1消费/vn层/qv。/wj
高/a收视率/n像/p强力/n磁铁/n一样/uyy紧紧/d吸引/v住/vi各种/rz公司/n的/ude1目光/n。/wj
除了/p奥运会/n和/cc世界杯/n之外/f，/wd超级/b碗/n是/vshi唯一/d能够/v吸引/v全球/n顶级/b公司/n投放/v广告/n的/ude1赛事/n，/wd单/d就/d百威/nz啤酒/n一/m家/q而言/uls，/wd从/p2001年/m至/p2010年/m间/q就/d累计/v向/p超级/b碗/n直播/v投放/v了/ule2./m35亿/m美元/q的/ude1广告/n。/wj
这样/rzv的/ude1气氛/n之下/f，/wd超级/b碗/n无愧于/v“/wyz全世界/n最/d赚钱/v的/ude1单/d场/qv赛事/n”/wyy之/uzhi称/ng。/wj
2月/t7日/t的/ude1第45/m届/q超级/b碗/n直播/vn中/f，/wd一个/mq30秒/t广告/n位/q的/ude1价格高/n达/v300/m万/m美元/q左右/m，/wd每/rz一个/mq“/wyz滴/v答/v”/wyy即/v告示/n着/uzhe10/n万/m美元/q的/ude1花销/n，/wd即便/c如此/rzv，/wd所有/b广告/n时间/n在/p开赛/vi两/m个/q月/n以前/f就/d已经/d全部/m订/v出/vf。/wj
在/p2009年/m经济危机/nl时/ng，/wd超级/b碗/n直播/vn广告/n收入/n就/d已经/d破/v历年/n纪录/n达到/v2./m61亿/m美元/q。/wj
但/c这/rzv还/d不/d是/vshi全部/m，/wd如果/c广告主/n想/v打败/v角逐/vi同/p一时/t间/f的/ude1对手/n，/wd那么/c还/d需要/v一/m笔/q不/d低于/v500/m万/m美元/q的/ude1竞标/vn费用/n，/wd因为/c比赛/v越/d往/p后/f延/vg，/wd悬念/n空间/n越/d小/a，/wd这/rzv可能/v意味着/v部分/m观众/n的/ude1流失/vn。/wj
超级/b碗/n的/ude1广告/n游戏/n规则/n是/vshi，/wd首先/d得/ude3买/v到/v时间/n，/wd但/c这/rzv只/d是/vshi入场券/n；/wf如果/c想/v要/v自己/rr耗资/v数百/m万/m美元/q制作/vn的/ude1广告/n一鸣惊人/vl，/wd那/rzv就/d得/ude3下/vf足/a功夫/n了/y。/wj
没有/v广告/n会/v重复/vd播放/v，/wd没有/v人/n能/v保证/v观众/n会/v耐心/ad看/v完/vi那/rzv30秒/t，/wd如果/c前/f五秒/t就/d平/v淡/x无/v奇/ag的/ude1话/n。/wj
许多/m广告商/n都/d把/pba超级/b碗/n作为/p自己/rr一年/m广告/n营销/vn主题/n的/ude1开端/n，/wd投放/v的/ude1广告/n也/d从未/d在/p其他/rzv平台/n试/v水/n。/wj
因此/c超级/b碗/n也/d被/pbei称为/v美国/nsf市场/n的/ude1风向标/n。/wj
今年/t的/ude1结果/n似乎/d振奋人心/vl。/wj
33/nr家/n广告商/n，/wd68/m只/q广告/n，/wd汽车/n制造商/n首/m次/qv创下/v了/ule在/p超级/b碗/n广告/n中/f的/ude1出场/vn纪录/n。/wj
由于/p金融/n危机/n，/wd它们/rr中/f有/vyou的/ude1品牌/n已经/d在/p超级/b碗/n消失/vi了/ule两年/m。/wj
广告/n专家/n认为/v，/wd2011/m超级/b碗/n广告/n已经/d走/v出/vf了/ule去年/t的/ude1阴影/n。/wj
美国/nsf品牌/n推广/vn公司/nO/x'/xKeefeBrands/x总裁/n凯利/nrf?/ww
奥基夫/nrf说/v：/wm“/wyz与/p去年/t不同/a，/wd没有/v人/n表现/v疲软/a。/wj
我们/rr已经/d走/v出/vf了/ule经济/n衰退/vi的/ude1萧条/a时期/n，/wd并且/c进入/v了/ule一个/mq非常/d熟悉/v的/ude1阶段/n。/wj
”/wyy而/cc美国/nsf西北/s大学/n凯洛格/nrf管理/v学院/n市场/n营销/vn教授/n蒂姆/nrf?/ww
卡尔金斯/nrf（/wkzTimCalkins/x）/wky则/d表示/v从/p成果/n和/cc特效/n来看/u，/wd这/rzv次/qv的/ude1广告/n都/d投入/v巨大/a：/wm“/wyz只有/c在/p广告主/n对/p经济/n非常/d乐观/a，/wd认为/v能够/v获得良好/n回报/vn的/ude1情况/n下/f才/d会/v投/v钱/n”/wyy。/wj
Anheuser/x-Busch/x投放/v的/ude1百威/nz啤酒/n广告/n是/vshi最/d大/a买家/n，/wd它/rr也/d成为/v今年/t超级/b碗/n购买/v量/n最/d大/a的/ude1啤酒/n品牌/n。/wj
从/pGroupon/x到/vE/x-Trade/x，/wd互联网/n公司/n也/d买/v下/vf了/ule相当/vi一部分/m的/ude1广告/n时间/n。/wj
咨询/vn公司/nMullenandRadian6/x根据/p至少/d30/m万/mTwitter/x用户/n讨论/vn相关/vn广告/n的/ude1次数/n和/cc积极/a程度/n为/p广告/n们/k作/v了/ule排名/vi，/wd两者/rzv综合/vd评分/vi前/f三/m位/q分别/d是/vshi克莱斯勒/nz，/wd多/a力/n多/ad滋/v和/cc大众/n汽车/n。/wj
在/p前/f十/m位/q里/f，/wd摩托罗拉/nz成为/v唯一一/b个/q消费/vn电子/n品牌/n。/wj
这家/r近年/t饱受/v质疑/vi的/ude1公司/n似乎/d希望/v借助/v超级/b碗/n广告/n的/ude1机会/n摇/v身/ng变成/v挑战者/n的/ude1姿态/n。/wj
短短/z15秒/t中/f，/wd一/m名/q男子/n身穿/v灰色/n毛衣/n和/cc黑色/n牛仔裤/n正在/d用/v摩托罗拉/nzXoom/x平板/n电脑阅读/n乔治/nrf?/ww
奥威尔/nrf的/ude1小说/n《/wkz1984/m》/wky，/wd而/cc他/rr周围/f是/vshi数百/m名/q身/ng穿/v白色/n运动衫/n，/wd佩戴/v白色/n耳机/n的/ude1人/n，/wd表情/n麻木/an，/wd步履/n仓促/a。/wj
最后/f他/rr把/pba显示/v着/uzhe一/m束/q鲜花/n的/ude1Xoom/x交给/v一/m名/q年轻/a女子/n，/wd而/cc她/rr露出/v的/ude1表情/n终于/d打破/v这个/rz一成不变/vl的/ude1世界/n。/wj
打破/v苹果/n在/p平板/n机领域/n的/ude1独占/vn地位/n，/wd这/rzv是/vshi摩托罗拉/nz的/ude1宣言/n。/wj
1984年/m，/wd苹果/n公司/n正/d是/vshi借用/v奥威尔/nrf小说/n的/ude1隐喻/vn为/vMacintosh/x作/v宣传/vn，/wd而/cc当年/t被/pbei挑战/vi的/ude1是/vshiIBM/x。/wj
看/v过/uguo那/rzv则/q广告/n的/ude1人/n不/d会/v忘记/v穿/v着/uzhe红色/n背心/n奔/v向/p“/wyz老大哥/n”/wyy讲话/n屏幕/n的/ude1女/b运动员/n，/wd以及/cc那/rzv把/qv掷/v向/p自由/a的/ude1铁锤/n。/wj
只不过/d摩托罗拉/nz比/p苹果/n更为/d迫切/a地/ude2说/v出/vf了/ule这/rzv一点：/t这/rzv则/q广告/n还有/v个/q铺垫/n视频/n，/wd“/wyz2011/m看/v起来/vf太/d像/v1984/m了/y”/wyy…/ws
…/ws
“/wyz一个/mq权威/n、/wn单一/a设计/vn、/wn同/p一/m种/q运作/vn模式/n”/wyy…/ws
…/ws
“/wyz是/vshi时候/n迎接/v自由/a生活/vn了/y！/wt
”/wyy选择/v超级/b碗/n广告/n来/vf扭转/v自己/rr的/ude1品牌/n形象/n，/wd摩托罗拉/nz不/d是/vshi第一/m家/q。/wj
2009年/m，/wd韩国/nsf汽车/n公司/n现代/t的/ude1处境/n比/p摩托罗拉/nz好/a不/d了/ule多少/ry。/wj
当时/t的/ude1美国/nsf市场/n，/wd银行业/n宣告/v失败/vi，/wd刺激/v计划/n尚未/d出炉/v，/wd失业率/n从/p前/f一年/m的/ude14./m8%/m猛/x增至/v8%/m。/wj
而/cc当年/t的/ude1超级/b碗/n广告/n，/wd大多数/m广告/n公司/n依然/d提供/v像/v可口可乐/nz这样/rzv的/ude1甜蜜/a快乐/a式/k广告/n。/wj
