一/m条/q四十/m多/m字/n的/ude1信息/n，/wd让/v中国/ns西部/f最/d富裕/a的/ude1县城/n，/wd险些/d陷入/v混/x乱/a。/wj
7月/t12日/t，/wd一些/mq神/n木/ng市民/n收到/v这样/rzv一/m条/q手机/n短/a信/n：/wm“/wyz神/n木/ng经济/n一落千丈/vl，/wd神/n木/ng人民/n人人/n要账/v，/wd三/m角/q债务/n你/rr拖/v我/rr拖/v，/wd现任/b领导/n要/v跑/v神/n木/ng不得/vi解放/v，/wd定于/v15日/t上午/t10时/t在/p广场/n集会/vn。/wj
”/wyy3/n天/qt后/f，/wd数百/m人/n围/v上/vf了/ule县委/n县政府/n大楼/n，/wd直/d到/v傍晚/t才/d散/v去/vf。/wj
尽管/c4/vi名/ng据称/v是/vshi散布/v谣言/n者/k已/d为/v警方/n控制/vn，/wd政府/n在/p当地/s电视台/n报纸/n也/d刊发/v消息/n澄清/vi事态/n，/wd但/c这/rzv依然/d难以/d安抚/v神/n木/ng人/n脆弱/a的/ude1神经/n：/wm过去/t半/m年/qt，/wd煤炭/n价格/n暴跌/vi，/wd停产/vi企业/n不计其数/vl，/wd老板/n跑/v路/n、/wn自杀/vi传闻/n接连不断/vl，/wd许多/m人/n放/v出去/vf的/ude1钱/n都/d有去无回/vl，/wd数/m代/q人/n积累/v的/ude1财富/n打/v了/ule水漂/n。/wj
深陷/v民间/n借贷/vn困/vn局/n的/ude1神/n木/ng，/wd会/v成为/v下/vf一个/mq鄂尔多斯/nsf吗/y?/ww
煤/n市/n变/v局/qv从/p神/n木/ng市区/s驱车/vi往/p西/f，/wd不过/c四十分/m钟/n，/wd就/d到/v了/ule西/b沟/n乡/n，/wd方圆/n几/m十/m平方公里/q的/ude1土/n塬/x上/f，/wd分布/vi着/uzhe大大小小/z十几/m家/q煤矿/n。/wj
乡村/n柏油路/n上/f的/ude1大/a货车/n碾压/v出/vf的/ude1一/m道道/q车辙/n，/wd记录/v着/uzhe昔日/t的/ude1繁荣/an。/wj
7月/t末/f的/ude1一/m天/qt，/wd大/a圪/x达/v煤矿/n的/ude1两/m层/qv白色/n办公楼/n二十/m多/m间/q办公室/n里/f，/wd大部分/m都/d锁/v上/vf了/ule门/n，/wd只有/c几/m个/q工作人员/n在/p上网/v打盹/vi儿/ng，/wd留守/v看门/vi。/wj
大/a青/a壕/x煤矿/n、/wn碱/n房/n沟/n煤矿/n，/wd这些/rz开采/v了/ule十/m多/m年/qt的/ude1产/v煤/n大户/n一下子/mq安静/a下来/vf。/wj
四十/m出头/vi的/ude1陈斌/nr，/wd经营/v着/uzhe西/b沟/n一/m座/q煤矿/n，/wd他/rr身材/n瘦削/a，/wd嘴/n上/f的/ude1香烟/n一/m根/q接/v一/m根/q，/wd基本/ad没/v断/v过/uguo火/n。/wj
尽管/c厂子/n里/f早/tg就/d不/d出/vf煤/n了/y，/wd但是/c每/rz隔/v几/m天/qt，/wd他/rr还/d是/vshi会/v过/uguo来/f看/v一/m看/v。/wj
陈斌/nr告诉/v记者/n，/wd从/p去年底/t，/wd当地/s大/a部分/n乡镇/n私营/b煤矿/n陆续/d停产/vi，/wd少数/m还/d在/p生产/vn的/ude1几/m家/q，/wd产量/n也/d大/a不/d如/v前/f。/wj
神/n木/ng人/n最/d担心/v的/ude1事情/n还/d是/vshi发生/v了/y。/wj
煤炭/n已经/d不再/d是/vshi抢手货/n，/wd当地/s俗称/v的/ude1三八/m块/q煤/n，/wd2008年/m顶峰/n时/ng一/m吨/q能/v卖/v上/vf800/m多/m元/q，/wd现在/t只/d有/vyou一半/m价/n，/wd仅/d今年/t上半年/t，/wd煤炭/n价格/n就/d跌/v了/ule快/a三分之一/m，/wd可谓/v煤/n灾/n。/wj
在/p陈斌/nr矿/n上/f的/ude1货场/n里/f，/wd几/m个/q小/a山包/n般/uyy的/ude1煤/n堆/q，/wd去年/t起/f就/d堆/v在/p那里/rzs，/wd几/m月/n都/d没/v人/n问津/vi。/wj
原来/b河北/ns、/wn山东/ns的/ude1客户/n现在/t都/d买/v从/p美国/nsf海运/vn的/ude1进口/vn煤/n，/wd到/v岸/n价/n和/cc西/b沟/n坑/n口/q价/n差不离/al。/wj
县里/n的/ude1几/m个/q电厂/n，/wd用/p煤/n也/d不如/v以前/f多/m，/wd今年/t头/n三/m个/q月/n，/wd神/n木/ng全县/n的/ude1火力发电/nl比/p去年/t同期/f少/ad发/v54./m5亿/m度/qv，/wd电厂/n的/ude1库存/vn煤都/n够/v烧/vi好几/m个/q月/n。/wj
上个月/t，/wd好不容易/dl经/p人/n介绍/v卖出/v10/n万/m吨/q，/wd刨/v去/vf给/v介绍人/n20%/m的/ude1提成/vn，/wd陈斌/nr一分/m钱/n也/d没有/d赚/v到/v。/wj
“/wyz煤/n是/vshi越/d放/v越/d不/d值钱/a”/wyy，/wd陈斌/nr说/v，/wd热值/n为/p6100/m大卡/q的/ude1优质/b发电/vn煤/n，/wd放/v上/vf一个/mq月/n，/wd就/d成为/v了/ule5400/m大卡/q，/wd质量/n等级/n一下子/mq就/d下/vf了/ule一个/mq台阶/n。/wj
停产/vi成/v了/ule煤/n老板/n们/k不得已/vl的/ude1选择/vn。/wj
经过/p2010年/m和/cc2012年/m两/m次/qv大/a整合/vn后/f，/wd中央/n省/n市/n三/m级/q国企/n基本/ad垄断/v了/ule神/n木/ng煤炭/n开采/vn，/wd私人/n、/wn乡镇/n煤矿/n尽管/c在/p企业/n数量/n上/f仍/d占/v多数/m，/wd但/c在/p全县/n煤炭/n产量/n总/b盘子/n的/ude1份额/n下滑/vi到/v了/ule11%/m，/wd对于/p神/n木/ng地方/n财政/n而言/uls，/wd仍/d有/vyou明显/a的/ude1影响/vn。/wj
神木县/ns的/ude1统计/vn显示/v，/wd今年/t前/f5/f个/q月/n，/wd该县/r国有/vn煤矿/n产量/n微/ag增/v1%/m左右/m，/wd而/cc非国有/vn煤矿/n产量/n同比/n下降/vi13./m9%/m，/wd但/c同期/f该县/r财政/n总收入/n同比/n却/d减少/v了/ule26%/m多/m。/wj
而/cc今年/t头/n两/m个/q月/n，/wd辖区/n内/f企业/n上缴/v利税/n同比/n减少/v了/ule31%/m。/wj
考虑/v到/v神/n木/ng的/ude1财政/n收入/n八/m成/q以上/f来自/v煤炭/n，/wd由此/d推算/v，/wd实际/ad减产/v情况/n可能/v更为/d严重/a。/wj
而/cc这/rzv也/d是/vshi神木县/ns委/ng书记/n雷/n正西/f最/d不/d愿意/v看到/v的/ude1情况/n。/wj
在/p今年/t4月/t的/ude1一/m次/qv会上/t，/wd雷/n正西/f对/p着/uzhe台下/s的/ude1民营/b企业家/n说/v，/wd未来/t几/m年/qt是/vshi国内/s煤炭/n产能/vn集中/ad释放/v期/qv，/wd煤炭/n资源/n不再/d“/wyz奇/ag货/n可/v居/v”/wyy，/wd这个/rz时候/n如果/c停产/vi观望/v，/wd看似/v“/wyz隔岸观火/vl”/wyy，/wd实/ad则/d自/p断/v活路/n，/wd现在/t手头/n的/ude1煤炭/n资源/n有/vyou可能/n由/p“/wyz活/a宝/n”/wyy变成/v“/wyz死/v宝/n”/wyy。/wj
他/rr要求/v煤/n老板/n们/k“/wyz有/vyou煤/n快/d挖/v，/wd有/vyou水/n快/d流/v，/wd充分/ad释放/v工业/n产能/vn”/wyy。/wj
神木县/ns曾/d规划/v今年/t煤炭/n产量/n再/d增加/v1000/m万/m吨/q。/wj
雷/n正西/f早年/t当/v过/uguo中学/n老师/n，/wd出口/vi成/v章/q，/wd但是/c任凭/v怎样/ryv的/ude1好/a口才/n，/wd也/d难以/d说动/v煤/n老板/n们/k再/d把/pba矿工/n找回/v来/vf，/wd重新/d开工/vi。/wj
借贷/v疯狂/a神/n木/ng的/ude1民间/n借贷/vn，/wd最/d早/a始/vg于/p煤矿/n投资/vn。/wj
从/p多/m位/q当地/s人士/n处/vi了解/v，/wd目前/t仍然/d有/vyou至少/d四/m成/q以上/f的/ude1民间/n借贷/vn资金/n沉淀/vi在/p煤炭/n行业/n。/wj
那/rzv是/vshi在/p2002年/m前后/f，/wd陈斌/nr回忆/v，/wd当时/t，/wd一/m块/q几/m平方公里/q的/ude1矿山/n，/wd中/b标价/n不过/c数百/m万/m，/wd三四/m个/q亲戚/n，/wd一/m人/n凑/v个/q百八十/m万/m入股/vi，/wd事情/n就/d成/v了/y。/wj
