“/wyz邱哥/nr。/wj”/wyy
我/rr用/p手/n指/v在/p地上/s划着/v道道/n，/wd“/wyz能/v问/v你/rr件/q事/n吗/y？/ww”/wyy
他/rr在/p我/rr身边/s坐/v下来/vf：/wm“/wyz别/d客气/a，/wd问/v吧/y。/wj”/wyy
“/wyz你/rr能/v不能/v告诉/v我/rr，/wd如果/c警察/n较真儿/a，/wd他/rr最/d坏/a的/ude1结果/n是/vshi什么/ry？/ww”/wyy
他/rr踌躇/vi一下/mq回答/v：/wm“/wyz可能/v会/v按照/p乌克兰/nsf的/ude1法律/n量刑/vi。/wj”/wyy
我/rr顿时/d觉得/v眼前/s的/ude1阳光/n亮/vi得/ude3刺眼/a，/wd于是/cc垂/v下/vf头/n深深/d埋/v进/vf两/m个/q膝盖/n中间/f。/wj
他/rr碰碰/v我/rr：/wm“/wyz赵玫/nr…/ws…/ws”/wyy
我/rr把/pba身体/n转/vd到/v一边/f，/wd不/d肯/v抬头/vi。/wj
“/wyz你/rr甭/d害怕/v，/wd还/d到/v不/d了/ule这/rzv一/m步/qv。/wj”/wyy
他/rr的/ude1声音/n温和/a许多/m，/wd“/wyz罗茜/nr不/d是/vshi已经/d答应/v帮忙/vi了/y吗/y？/ww”/wyy
“/wyz她/rr也/d能/v影响/vn警察/n吗/y？/ww”/wyy
“/wyz如果/c她/rr不行/a，/wd还有/v东西行/nr啊/y，/wd钱/n，/wd美金/n，/wdMoney/x…/ws…/ws”/wyy
我/rr这/rzv才/d扭头/vi看/v着/uzhe他/rr，/wd咽/v口/q唾沫/n艰难/a地/ude2问/v：/wm“/wyz罗茜/nr和/cc嘉遇/nr…/ws…/ws
他们/rr是/vshi好/a朋友/n？/ww”/wyy
我/rr说/v得/ude3很/d隐晦/a，/wd但/c相信/v邱伟/nr一定/d听/v得/ude3明白/a。/wj
他/rr果然/d笑/v了/ule：/wm“/wyz你/rr想/v哪儿/rys去/vf了/y？/ww
罗茜/nr是/vshi嘉/b遇/v的/ude1师姐/n，/wd他们/rr俩/m一个/mq学校/n出来/vf的/ude1。/wj”/wyy
解释/v得/ude3如此/rzv坦白/a，/wd但/c我/rr一/m个/q字/n都/d不/d相信/v。/wj
要么/c是/vshi邱伟/nr在/p打/v马虎/a眼/n蒙/vi我/rr，/wd要么/c是/vshi他/rr太/d粗心/a。/wj
纯粹/d是/vshi凭着/p女人/n的/ude1直觉/n，/wd我/rr觉得/v他们/rr两/m人/n的/ude1纠葛/n，/wd真/d不/d象/ng邱伟/nr说/v的/ude1，/wd只是/c校友/n那么/rz简单/a。/wj
男/b女/b之间/f一旦/d有/vyou了/ule特殊/a关系/n，/wd在/p人/n前/f肌肤/n相/d触/v，/wd暧昧/a的/ude1感觉/n是/vshi完全/ad不/d一样/uyy的/ude1。/wj
再/d陪/v我/rr闲聊/v一会儿/mq，/wd邱伟/nr还/d有/vyou自己/rr的/ude1生意/n要/v照顾/v，/wd于是/cc扔下/v我/rr走/v了/y。/wj
我/rr一直/d坐/v到/v夕阳/n西/f斜/v，/wd眼看/v着/uzhe罗茜/nr驾驶/v一/m辆/q鲜红/z的/ude1欧/b罗/b巴/b跑车/n潇洒/ad离开/v，/wd才/d磨/v磨蹭/vi蹭/vi站/vi起/vf身/ng，/wd拍拍/v屁股/n后面/f的/ude1土/n，/wd然后/c裤兜/n里/f的/ude1手机/n开始/v响/a。/wj
“/wyz跑/v哪儿/rys去/vf了/y？/ww”/wyy
孙嘉/nr遇/v劈/x头/n就/d问/v。/wj
我/rr小声/d说/v：/wm“/wyz在/p门外/s。/wj”/wyy
“/wyz赶紧/d回来/v，/wd我/rr有/vyou话/n和/cc你/rr说/v。/wj”/wyy
我/rr感觉/v恐惧/an，/wd就/d像/v罪证/n确凿/a的/ude1罪犯/n即将/d听/v到/v法庭/n宣判/v一样/uyy，/wd一/m步/qv一/m蹭/vi进/vf了/ule我们/rr的/ude1卧室/n，/wd离/v他/rr远远地/z站/n着/uzhe。/wj
“/wyz你/rr站/vi那么/c远/ad干/v嘛/y？/ww”/wyy
他/rr扬起/v眉毛/n没/v好气/n的/ude1问/vn。/wj
我/rr再/d往/p前/f蹭/vi两/m步/qv，/wd还是/c不/d肯/v离/v他/rr太/d近/a。/wj
他/rr被/pbei我/rr气/v乐/a了/y，/wd啼笑皆非/vl地/ude2看/v着/uzhe我/rr：/wm“/wyz我/rr又/d不/d打/v你/rr，/wd吓/v成/v那样/rzv至于/p吗/y？/ww
过/d来/vf！/wt”/wyy
我/rr这/rzv才/d走/v到/v床/n前/f。/wj
“/wyz是/vshi不/d是/vshi要/v我/rr请/v你/rr坐下/vi？/ww”/wyy
我/rr机械/n地/ude2坐/v下/vf了/y。/wj
他/rr扳/v过/uguo我/rr的/ude1脸/n，/wd仔细/ad看/v了/ule半天/mq，/wd忽然/d叹/v口/q气/n：/wm“/wyz你/rr不/d是/vshi成心/d的/ude1，/wd也/d不/d是/vshi故意/b的/ude1，/wd对/p吧/y？/ww”/wyy
我/rr重重地/z点头/vi，/wd脑袋/n都/d快/a垂/vd到/v胸前/s去/vf了/y。/wj
他/rr再次/d叹气/vi，/wd手指/n拂/v过/uguo我/rr的/ude1下巴/n和/cc脖子/n，/wd停/vi在/p我/rr肩膀/n上/f：/wm“/wyz我/rr不/d是/vshi埋怨/v你/rr，/wd可/v你/rr总/d这么/rz傻/a，/wd将来/t可/v怎么/ryv办/v哪/ry？/ww”/wyy
我/rr嗫/x嚅/x，/wd声音/n几乎/d闷/v在/p嗓子眼/n里/f：/wm“/wyz对不起/v…/ws…/ws
我/rr也/d不/d想/v这样/rzv…/ws…/ws
我/rr不/d想/v害/v你/rr…/ws…/ws”/wyy
说/v着/uzhe说/v着/uzhe又/d觉得/v实在/d委屈/a，/wd眼泪/n忍不住/v流/v出来/vf，/wd顺着/p脸颊/n流/v到/v下巴/n，/wd再/d一/m滴/q滴/v落/v在/p他/rr的/ude1手/n背/v上/vf。/wj
他/rr无奈/d地/ude2苦笑/vi：/wm“/wyz我/rr又/d没/d骂/v你/rr，/wd哭/v什么/ry呀/y？/ww”/wyy
我/rr情愿/v他/rr劈/x头/n盖/v脸/n骂/v我/rr一/m顿/qv，/wd他/rr越/d这样/rzv我/rr越/d难受/a，/wd眼泪/n流/v得/ude3更/d凶/a，/wd我/rr哽咽/vi得/ude3说/v不/d出/vf话/n。/wj
“/wyz别/d哭/v了/y。/wj”/wyy
他/rr取/v过/uguo纸巾/n为/p我/rr抹/v着/uzhe眼泪/n，/wd“/wyz我/rr和/cc你/rr一般/uyy大/a的/ude1时候/n，/wd干/v过/uguo比/p你/rr更/d傻/a的/ude1事/n。/wj
可是/c玫玫/nr2，/wd你/rr得/v学/v着/uzhe长/a点儿/q心眼/n了/y。/wj
无论/c父母/n还是/c其他/rzv人/n，/wd谁/ry都/d不/d可能/v照顾/v你/rr一辈子/mq，/wd你/rr早晚/d要/v自己/rr面对/v一切/rz。/wj
逢/v人/n只/d说/v三分/m话/n，/wd不可/v抛/v却/d一/m片/q心/n，/wd这/rzv句/q话/n你/rr得/v刻/v在/p心里/s时刻/d提醒/v自己/rr。/wj”/wyy
我/rr泪眼/n婆娑/z地/ude2连连/d点头/vi。/wj
“/wyz自己/rr做/v过/uguo的/ude1事/n，/wd甭管/c对/p错/v，/wd都/d要/v学会/v自己/rr承担/v责任/n，/wd不/d能/v总/d是/vshi逃避/v，/wd听见/v没有/v？/ww”/wyy
“/wyz嗯/e…/ws…/ws
听见/v了/y。/wj”/wyy
“/wyz唉/e，/wd”/wyy他/rr今天/t第三/m次/qv叹气/vi，/wd伸手/vi把/pba我/rr搂/v进/vf怀里/s，/wd“/wyz我/rr怎么/ryv会/v认识/v你/rr这个/rz小/a倒霉/a蛋/n儿/ng啊/y？/ww”/wyy
最后/f一/m句/q话/n让/v我/rr又/d急/v又/d悔/vg，/wd我/rr抱/v着/uzhe他/rr开始/v大/a哭/v。/wj
想起/v这些/rz天/qt的/ude1担惊受怕/vl，/wd想起/v认识/v他/rr八/m个/q月/n来/u的/ude1笑/vn泪/n悲欢/n，/wd满腹/b委屈/vn涌/v上/vf心头/s。/wj
我/rr越/d哭/v越/d心酸/a，/wd几乎/d要/v嚎啕/d。/wj
他/rr没有/d劝/v我/rr，/wd只/d是/vshi紧紧/d搂/v着/uzhe我/rr，/wd由/p着/uzhe我/rr把/pba所有/b的/ude1难过/a倾泻/vi出来/vf，/wd眼泪/n鼻涕/n全/d抹/v在/p他/rr身上/s。/wj
我/rr终于/d哭/v够/v了/y，/wd断断续续/dl停止/v抽噎/v，/wd虽然/c眼泪/n还/d在/p往/p下/f流/v，/wd到底/d想起/v正事/n来/vf：/wm“/wyz邱伟/nr说/v，/wd会/v按/p乌克兰/nsf的/ude1法律/n量刑/vi，/wd那/rzv可/v怎么/ryv办/v？/ww”/wyy
他/rr笑/v着/uzhe捏/v捏/v我/rr的/ude1耳垂/n：/wm“/wyz邱伟/nr吓/v你/rr呢/y，/wd哪儿/rys有/vyou那么/rz背/n呀/y？/ww
真/d要/v那样/rzv，/wd我/rr在/p这儿/rzs的/ude1七八年/m全/a白/a混/x了/vi。/wj”/wyy
“/wyz那/rzv最/d坏/a的/ude1结果/n是/vshi什么/ry？/ww”/wyy
“/wyz最/d坏/a的/ude1结果/n？/ww
大不了/vl从头/d再/d来/vf呗/y。/wj
哎/e，/wd玫玫/nr2我/rr问/v你/rr，/wd如果/c我/rr什么/ry都/d没/v了/y，/wd你/rr不/d会/v把/pba我/rr甩/v了/ule吧/y？/ww”/wyy
我/rr的/ude1心/n安定/an下来/vf，/wd擦/v干净/a眼泪/n回答/v：/wm“/wyz你/rr要/v是/vshi还/d在/p外面/f招惹/v桃花/n，/wd那/rzv就/d难/ad说/v了/y。/wj”/wyy
“/wyz妈/n的/ude1。/wj”/wyy
他/rr连/d笑/v带/v骂/v地/ude2推开/v我/rr，/wd“/wyz你/rr就/d不/d会/v说/v两/m句/q好听/a的/ude1？/ww”/wyy
我/rr歪/v头/n想想/v：/wm“/wyz嗯/e，/wd那/c我/rr就/d跟/v着/uzhe你/rr，/wd你/rr去/vf哪儿/rys我/rr去/vf哪儿/rys，/wd天涯海角/nl都/d跟/v着/uzhe你/rr。/wj”/wyy
“/wyz这/rzv还/d差不多/al。/wj”/wyy