待/vi要/v谦恭/a几/m句/q。/wj
小/a豆子/n正/d给/v小/a石头/n擦/v油彩/n擦/v汗/n，/wd擦/v到/v眉梢/n那/rzv道/qv口子/n，/wd它/rr裂/v了/y。/wj
“/wyz哎/e——/wp”/wyy小/a豆子/n一/m急/a，/wd捧/v过/uguo小/a石头/n的/ude1脸/n，/wd用/p舌尖/n吸吮/v他/rr伤口/n，/wd轻轻/d暖/a暖/a的/ude1，/wd从此/d不/d疼/v…/ws…/ws
可恨/a管家/n吩咐/v：/wm“/wyz老公/n着/uzhe小虞/nr姬/nr1谢/v赏/v去/vf！/wt”/wyy
“/wyz呀/y！/wt
快/a。/wj
快/a！/wt”/wyy
小/a豆子/n鲜艳/a的/ude1红/a唇/ng，/wd方/d沾/v了/ule一/m块/q乌/b迹/ng，/wd来自/v小/a石头/n眉/n间/f伤/v疼/a。/wj
又/d没/v时间/n了/y。/wj
小/a豆子/n抬/v起/vf清澈/a无/v邪/a的/ude1大/a眼睛/n，/wd就/d去/vf了/y。/wj
倪/x老公/n刚/d抽/v过/uguo两/m筒/q，/wd精神/n很/d好/a。/wj
他/rr半/m躺/v在/p鸦片/n烟/n床/n上/f。/wj
寝室/n的/ude1门/n在/p小/a豆子/n身后/f悄然/d关上/v。/wj
乍/d到/v这/rzv奢华/a之/uzhi地/n，/wd如同/v王府/n。/wj
小/a豆子/n不知所措/vl，/wd只见/v紫/a黑色/n书橱/n满/a壁/ng而/cc立/v，/wd“/wyz二十四/m史/ng”/wyy，/wd粉/ag绿色/n的/ude1刻字/vi，/wd十分/m鲜明/a。/wj
一一/m诉说/v前朝/t。/wj
倪/x老公/n把/pba烟/n向/p小/a豆子/n一/m喷/v。/wj
几乎/d呛/vi住/vi，/wd但/c仍/d规/ng规矩/n矩/ng地/n鞠/vg个/q躬/ng。/wj
小/a豆子/n娇/a怯/a地/ude2：/wm“/wyz倪/x老公/n六十/m大/a寿/ng，/wd给/p您/rr贺/vg寿/ng来/vf了/ule——/wp”/wyy老公/n伸出/v纤弱/a枯瘦/a的/ude1手/n止住/v：/wm“/wyz今年/t是/vshi什么/ry年/qt？/ww”/wyy
“/wyz…/ws…/ws
民国/n十九——/t”/wyy他/rr又/d挥手/vd止住/v；/wf“/wyz错/v了/y，/wd是/vshi宣统/nz二十二年/m——/wp大/a清/a宣统/n二十二年/m！/wt”/wyy
倪/x老公/n自/rr管/v自用/vi一/m块/q珍贵/a的/ude1白/a丝绸/n手绢/n擦/v去/vf小/a豆子/n红/a唇/ng上/f的/ude1乌/b迹/ng，/wd然后/c信手/d一/m扔/v，/wd手绢/n无声/vd下坠/v，/wd落/v到/v描/v金/ng红/a牡丹/n的/ude1痰盂/n中/f去/vf。/wj
痰盂/n架/qv在/p紫檀/n木/ng上/f。/wj
他/rr把/pba小/a豆子/n架/qv在/p自己/rr膝/ng上/f。/wj
无限/vd爱怜/v，/wd又/d似/d戏弄/v。/wj
抚/vg脸/n，/wd捏/v屁股/n，/wd像/p娘/n。/wj
腻/v着/uzhe阴阳怪气/al的/ude1嗓音/n：/wm“/wyz晤/vg？/ww
虞姬/nr是/vshi为/v谁/ry死/v的/ude1？/ww”/wyy
“/wyz为/p霸王/n死/v。/wj”/wyy
他/rr满意/v了/y。/wj
也/d因此/c亢奋/a了/y。/wj
鸦片/n的/ude1功效/n来/vf了/y。/wj
“/wyz对/v！/wt
虞姬/nr柔弱/a如/v水/n一/m女/ng，/wd尚/d明/ag大义/n，/wd尽/d精/a忠/ag，/wd自刎/v而/cc死/v，/wd大/a清/tg满/v朝/b文武/n，/wd加/v起来/vf竟/d抵/v不/d过/uguo一个/mq女子/n？/ww”/wyy
他/rr越/d说/v越/d激昂/a，/wd声音/n尖刻/a变调/vl，/wd“/wyz可/v叹/v！/wt
可悲/a！/wt
今儿/t我/rr挑/v了/ule这/rzv出/vf戏码/n儿/ng，/wd就是/v为了/p羞耻/n他们/rr！/wt”/wyy
他/rr的/ude1忠君/nr2爱国/a大道/n，/wd如/v河/n缺/v堤/n，/wd小/a豆子/n在/p他/rr膝/ng上/f，/wd坐/v得/ude3有点/d不/d宁/ag。/wj
“/wyz怎么/ryv啦/y？/ww
小/a美/b人/n？/ww”/wyy
小/a豆子/n怯怯/z道/n：/wm“/wyz想/v——/wp尿/n尿/n。/wj”/wyy
倪/x老公/n向/p那/rzv高贵/a的/ude1痰盂/n示意/v。/wj
小/a豆子/n下地/vi，/wd先/d望/v老公/n一下/mq。/wj
半/m遮/v半/m掩/v地/n，/wd只好/d剥/v裤子/n——/wp他/rr见到/v了/y！/wt
倪/x老公/n见到/v他/rr半/m遮/v半/m掩/v下/f，/wd一/m掠/vi而/cc过/vf，/wd那/rzv完整/a的/ude1生殖器/n！/wt
平凡/a的/ude1、/wn有/vyou着/uzhe各种/rz名称/n的/ude1、/wn每/rz一个/mq男子/n都/d拥有/v的/ude1东西/n。/wj
孩子/n叫/vi它/rr“/wyz鸡/n鸡/n”/wyy、/wn“/wyz牛/n牛/ag”/wyy。/wj
男人/n唤/vg作/v“/wyz那/rzv话/n儿/ng”/wyy、/wn“/wyz棒/ng捶/v”/wyy、/wn“/wyz鸡/n巴/b”/wyy…/ws…/ws
，/wd粗俗/an或/c文雅/a的/ude1称呼/n。/wj
他/rr脸色/n一/m变/v。/wj
他/rr忘记/v一切/rz。/wj
他/rr喂/v违/vg已/d久/a。/wj
他/rr刻意/d避/v忌/v。/wj
艳羡/v惊叹/v百感交集/vl，/wd在/p一个/mq不/d防备/v的/ude1平常/a时刻/n。/wj
倪/x老公/n有点/d失控/vi，/wd下颌/n微/ag抖/vi：/wm“/wyz慢/a！/wt”/wyy
小/a豆子/n一/m怔/vg。/wj
倪/x老公/n取/v过/uguo几/m上/f一个/mq白玉/n碗/q，/wd不知/v哪/ry年/qt，/wd皇上/n随手/d送/v他/rr的/ude1小/a礼物/n。/wj
晶莹剔透/vl，/wd价值连城/vl。/wj
他/rr把/pba它/rr端/v到/v小/a豆子/n身下/n。/wj
生怕/v惊扰/v，/wd无限/vd怜惜/v。/wj
轻/v语/vg：/wm“/wyz来/f，/wd尿/n在/p碗/n里/f头/n吧/y。/wj”/wyy
小/a豆子/n蹩/x不/d住/vi了/y，/wd就/d尿/v尿/n。/wj
淋漓/a、/wn痛快/a、/wn销魂/a。/wj
——/wp倪/x老公/n凝神/vd注视/v。/wj
最/d名贵/a的/ude1古玩/n，/wd也/d比/p不/d上/f最/d平凡/a的/ude1生殖器/n。/wj
他/rr眼中/s有/vyou凄/ag迷/ng老/a泪/n，/wd一/m闪/vi。/wj
自己/rr也/d不/d发觉/v。/wj
或/c隐忍/vi不/d发/v，/wd化作/v一下/mq唏嘘/vi，/wd近乎/v低/a吟/v：/wm“/wyz呀/y——/wp多/m完美/a的/ude1身子/n！/wt”/wyy
小/a豆子/n，/wd目/ng瞪/v、/wn口/n呆/v，/wd整个/b傻/an掉/v了/y…/ws…/ws
迈出/v公公/n府上/n大门/n时/ng，/wd已/d是/vshi第二/m天/qt的/ude1清晨/t。/wj
关/nr1师父/n兴致/n很/d高/a，/wd一/m壁/ng走/v着/uzhe，/wd一/m壁/ng哼/v曲子/n。/wj
徒/ng儿/ng各人/rr脸上/s残留/vn脂粉/n，/wd跟/v在/p他/rr后头/f，/wd说/v着/uzhe昨夜/t风光/n。/wj
“/wyz哗/o，/wd公公/n家门口/n好/a高/a呀/y！/wt”/wyy
“/wyz戏台/n也/d比/p茶馆/n子/ng大多/d了/y。/wj”/wyy
小/a石头/n怀中/n揣/v了/ule好/a些/q偷偷/d捎/v下/f的/ude1糕点/n、/wn酥糖/n，/wd给/p小/a豆子/n看/v：/wm“/wyz嘻/o，/wd捎/v回去/v慢慢/d吃/v，/wd一/m辈子/qt没/d吃/v这么/rz香/n。/wj
来/vf，/wd给/v。/wj”/wyy
见/v得/ude3小/a豆子/n神色/n凄/ag惑/ag。/wj
小/a石头/n毫无/v机心/n，/wd只/d问/v：/wm“/wyz怎么/ryv啦/y？/ww
病/n啦/y？/ww”/wyy
小/a豆子/n不/d答/v。/wj
从/p何/ry说/v起/vf？/ww
自己/rr也/d不/d懂/v，/wd只/d惊骇/a莫名/a。/wj
“/wyz哑巴/n了/y？/ww
说/v呀/y！/wt”/wyy
面对/v小/a石头/n关心/v地/ude2追问/v，/wd他/rr仍/d不/d吭/vi一/m声/qv。/wj
“/wyz小/a豆子/n你/rr有/vyou话/n就/d说/v出来/vf呀/y，/wd什么/ry都/d憋/v在/p心里/s，/wd人家/rr都/d不/d知道/v。/wj”/wyy
走过/v胡同口/s，/wd垃圾堆/n，/wd忽/d闻/v微弱/a哭声/n。/wj
小/a豆子/n转身/vi过去/vf一/m瞧/v，/wd是/vshi个/q布/n包/v。/wj
打开/v布/vg包/v，/wd咦/e？/ww
是/vshi个/q娃娃/n。/wj
全身/n红/a红/a的/ude1，/wd还/d带/v血/n。/wj
头发/n还是/d湿/a的/ude1。/wj
肚子/n上/f绑/v了/ule块/q破/a布/n。/wj
关/nr1师父/n等/udeng也/d过来/vf了/ule：/wm“/wyz哦/e，/wd是/vshi野/b孩子/n，/wd别/d管闲事/vl了/y。/wj”/wyy
他/rr把/pba布/n包/v放/v回/v原/b地/n：/wm“/wyz走/v哇/y！/wt”/wyy
“/wyz师父/n——/wp”/wyy小/a豆子/n忍不住/v泪花/n乱/d转/v，/wd“/wyz我们/rr把/pba她/rr留下/v来/vf吧/y？/ww
是/vshi个/q女/b的/ude1。/wj”/wyy
“/wyz去/vf你/rr妈/n的/ude1，/wd要/v个/q女/b的/ude1干/a嘛/y？/ww”/wyy
关/nr1师父/n强调/v，/wd“/wyz现在/t搭班子/vl根本/d没有/v女/b的/ude1唱/v。/wj
咱们/rr是/vshi泥菩萨/n过/uguo江/n，/wd自身/rr难保/v！/wt”/wyy
小/a豆子/n不/d敢/v再/d提/v，/wd但/c抽搐/vi着/uzhe，/wd呜咽/vi得/ude3师父/n也/d难受/a起来/vf，/wd粗/d声/qv劝慰/v：/wm“/wyz你们/rr有/vyou吃/v有/vyou穿/v，/wd还/d有/vyou机会/n唱戏/vi成/v角儿/n，/wd可/v比/p其他/rzv孩子/n强/a多/a了/y。/wj”/wyy