“/wyz我们/rr要/v这/rzv两/m株/q大/a毒草/n，/wd把/pba丑恶/a的/ude1嘴脸/n暴露/v在/p群众/n脚下/f！/wt”/wyy
小/a楼/n和/cc蝶/ng衣/ng二/m人/n，/wd被/pbei一/m脚/q踢/v至/p跪倒/vi，/wd在/p火堆/n两边/f。/wj
在/p绿/a军装/n，/wd红领巾/n，/wd缠/v了/ule臂章/n的/ude1娃儿/n控制/v下/vf。/wj
暴/ad喝/vg如/v雷/n：/wm“/wyz你/rr先/d说/v！/wt”/wyy
一/m件/q霸王/n的/ude1黑/a蟒/x扎/v靠/v在/p烈焰/n中/f，/wd化为灰烬/vl。/wj
他/rr的/ude1大半生/n过去/vf了/y。/wj
他/rr连/ulian嗓子/n也/d被/pbei打/v坏/a了/y，/wd是/vshi一/m块/q木板/n，/wd横/dg加/v胸前/s，/wd然后/c皮带/n和/cc锤子/n乱/d击/vg./wj./wj./wj./wj./wj./wj
是/vshi那/rzv几/m十/m下/vf子/ng，/wd他/rr再/d也/d唱/v不/d了/y。/wj
“/wyz说/v！/wt”/wyy
红卫兵/nz见/v他/rr呆/v呆滞/a滞/vg，/wd在/p背/n上/f狠/d踢/v一/m记/q。/wj
段/q小/a楼/n，/wd曾/d是/vshi铁铮铮/nr一/m条/q汉子/n呀/y，/wd目下/t就/d这样/rzv，/wd被/pbei小/a娃娃/n诸/rz般/uyy刁难/v羞辱/an。/wj
形势/n比/p人/n强/ng。/wj
他/rr只好/d避重就轻/vl，/wd沙哑/a地道/a：/wm“/wyz程/nr1蝶/ng衣/ng这个/rz人/n，/wd小时/n侯/ng已经/d扭扭捏捏/z，/wd在/p台上/s也/d很/d./wj./wj./wj./wj./wj./wj
妖艳/a。/wj
略为/d造作/v一点/m。/wj”/wyy
蝶/ng衣/ng无奈/d也/d吞吞吐吐/vl：/wm“/wyz段/q小/a楼/n第一/m次/qv开/v脸/n时/ng，/wd就/d舍不得/v把/pba头发/n剃/v光/n，/wd留/v着/uzhe马子/n盖/v，/wd瞻前顾后/vl，/wd态度/n不好/a。/wj”/wyy
首领/n怒斥/v：/wm“/wyz呸/e，/wd揭/v大/a事儿/n！/wt”/wyy
小/a楼/n望望/v蝶/ng衣/ng，/wd他/rr会/v明白/a的/ude1他/rr会/v明白/a的/ude1。/wj
也/d就/d继续/v找/v些/q话/n儿/k说/v了/ule：/wm“/wyz程/nr1蝶/ng衣/ng一贯/d自由/a散漫/a，/wd当/p红/a的/ude1时候/n，/wd天天/d都/d睡/v大/a觉/ng，/wd日/qt上/f三/m竿/ng才/d起来/vf。/wj”/wyy
他们/rr又/d指/v着/uzhe蝶/ng衣/ng：/wm“/wyz你/rr揭/v他/rr疮疤/n去/vf！/wt”/wyy
蝶/ng衣/ng也/d望望/v小/a楼/n，/wd他/rr会/v明白/a的/ude1他/rr会/v明白/a的/ude1。/wj
也/d开口/vi了/y：/wm“/wyz他/rr赌钱/vi，/wd斗/v蛐蛐/n儿/ng，/wd玩物丧志/vl，/wd演戏/vi也/d不/d专心/a，/wd还/d去/vf逛/v窑子/n！/wt”/wyy
一/m记/q铜/n头/q皮带/n劈/x头/n劈/x脑/n打/v下去/vf。/wj
欲/d避/v不/d避/v。/wj
二/m人/n都/d带/v伤/n。/wj
“/wyz这么/rz交代/vn法/n？/ww
你/rr俩/m要不/c划清/v界线/n，/wd我/rr怕/v过/uguo不/d了/ule今儿/t这/rzv门/q！/wt
说/v！/wt”/wyy
小/a楼/n只/d能/v再/d深刻/a一点/m了/y：/wm“/wyz他/rr唱戏/vi的/ude1水/n牌/n，/wd名/q儿/ng要/v比/p人/n大/a，/wd排/v在/p所有/b人/n的/ude1前边/f，/wd仗/n着/uzhe小/a玩意/n，/wd总是/d挑/v班/n，/wd挑肥拣瘦/vl！/wt
孤傲/an离/v群/ng，/wd是/vshi个/q戏/n疯/vi魔/ng，/wd不管/c台下/s人/n什么/ry身分/n，/wd什么/ry阶级/n，/wd都/d给/p他们/rr唱/v！/wt”/wyy
说/v得/ude3颇/d中/f他们/rr意/ng了/y：/wm“/wyz他/rr当/v过/uguo汉奸/n没有/v？/ww
慰劳/v过/uguo国民党/n没有/v？/ww”/wyy
“/wyz./wj./wj./wj./wj./wj./wj”/wyy
“/wyz坦白/v从宽/v，/wd抗拒/v从严/d！/wt”/wyy
“/wyz./wj./wj./wj./wj./wj./wj
他/rr给/p日本/nsf人/n唱/v堂会/n，/wd当/v过/uguo汉奸/n，/wd他/rr给/p国民党/n伤兵/n唱戏/vi，/wd给/p反动派/n头子/n唱戏/vi，/wd给/p资本家/n唱/v给/p地主/n老财/n唱/v给/p太太/n小姐/n唱/v，/wd还给/v大戏/n霸/vg袁世卿/nr唱/v！/wt”/wyy
一/m个/q红卫兵/nz把/pba那/rzv把/qv反革命/n罪证/n的/ude1宝剑/n拿/v出来/vf，/wd在/p他/rr眼前/s一/m扬/vg：/wm“/wyz这/rzv剑/n是/vshi他/rr送/v你/rr吗/y？/ww
是/vshi怎么/ryv来头/n？/ww”/wyy
“/wyz是/vshi------/m是/vshi他/rr给/p大戏/n霸/ng杀/v千/m刀/q袁/nr1四爷/n当/v./wj./wj./wj./wj./wj./wj
当/p相公/n得来/v的/ude1！/wt”/wyy
“/wyz小/a楼/n！/wt”/wyy
一下/mq悚/x然/rz的/ude1尖/ng喊/v，/wd来自/v垂/v手/n侧/vd立/v一旁/f接受/v教育/vn的/ude1黑帮/n家属/n其中/rz一/m个/q，/wd是/vshi菊仙/nr2。/wj
所有/b人/n都/d大吃一惊/vl。/wj
他/rr把/pba蝶/ng衣/ng终生/d不/d愿/v再/d看/v一/m眼/q的/ude1疮疤/n，/wd猛/x力/n一/m揭/v，/wd血污/n狼/n籍/ng。/wj
“/wyz啊/e哈/v！/wt”/wyy
那/rzv小将/n冷笑/vi：/wm“/wyz虞姬/nr的/ude1破/a剑/n，/wd原来/d那么/rz臭/a！/wt”/wyy
他/rr把/pba它/rr一/m扔/v，/wd眼看/d要/v被/pbei烈焰/n吞噬/v了/y。/wj
意外/a地/ude2，/wd蝶/ng衣/ng如/v一/m只/q企图/v冲/v出/vf阴阳/b界/n的/ude1鬼/n，/wd奋不顾身/vl，/wd闯进/v火堆/n，/wd把/pba剑/n夺回/v来/vf，/wd用/p手/n掐/v熄/v烟火/n。/wj
他/rr死命/n抱/v着/uzhe残/a穗/n焦黄/z的/ude1宝剑/n不/d放/v，/wd如/v那/rzv个/q夜晚/n。/wj
只/d有/vyou它/rr，/wd真正/d属于/v自己/rr，/wd一切/rz都/d是/vshi骗局/n！/wt
他/rr目光/n如/v蛇蝎/n，/wd慌乱/an如/v丧家之犬/nl，/wd他/rr石破天惊/al地/ude2狂/d喊/v：/wm“/wyz我/rr揭发/v！/wt”/wyy
他/rr诉冤/v了/ule：/wm“/wyz段/q小/a楼/n！/wt
你/rr枉/dg披/v一/m张/q人/n皮/n！/wt
你/rr无耻/a！/wt
大伙/rr听/v了/y，/wd他/rr的/ude1姘头/n，/wd是/vshi一个/mq臭/a婊子/n，/wd贪图/v他/rr台上/s风光/n，/wd广/ad派/v茶叶/n，/wd邀/v人/n捧场/vi，/wd把/pba他/rr搅/v得/ude3无心/vi唱戏/vi，/wd马虎/an了事/vi。/wj
就/d是/vshi那/rzv破鞋/n，/wd向/p他/rr勾肩搭背/vl，/wd放/v狐狸/n骚/a，/wd迷/v得/ude3他/rr晕头转向/al./wj./wj./wj./wj./wj./wj”/wyy
蝶/ng衣/ng越/d说/v，/wd越是/d斗志昂扬/vl。/wj
他/rr忘记/v了/ule这/rzv是/vshi什么/ry时空/n，/wd什么/ry因由/n，/wd总之/c，/wd这/rzv桩/q旧事/n，/wd他/rr要/v斗/v！/wt
他/rr要/v让/v世上/s的/ude1人/n都/d知道/v：/wm“/wyz那/rzv破鞋/n，/wd她/rr不/d是/vshi真心/n的/ude1！/wt”/wyy
两/m个/q红卫兵/nz马上/d把/pba菊/ng仙/ng架/v来/vf，/wd三/m人/n面面相觑/vl。/wj
蝶/ng衣/ng难以/d遏止/v：/wm“/wyz千/m人/n踩/v万/m人/n踏/v的/ude1脏/a淫/ag妇/ng！/wt
绝/ag子/ng绝/d孙/nr1的/ude1臭/a婊子/n./wj./wj./wj./wj./wj./wj
她/rr不/d是/vshi真心/n的/ude1！/wt”/wyy
“/wyz她/rr是/vshi真心/n的/ude1！/wt”/wyy
小/a楼/n以/p他/rr霸王/n的/ude1气概/n维护/v着/uzhe：/wm“/wyz求/v求/v你们/rr放/v了/ule菊仙/nr2，/wd只要/c肯/v放/v过/uguo我/rr爱/v人/n，/wd我/rr愿意/v受罪/vi！/wt”/wyy
蝶/ng衣/ng听/v得/ude3他/rr道/v“/wyz我/rr爱/v人/n./wj./wj./wj./wj./wj./wj”/wyy
如/c遭/v雷击/vi。/wj
他/rr还是/d要/v她/rr，/wd他/rr还是/d要/v她/rr，/wd他/rr还是/d要/v她/rr。/wj
蝶/ng衣/ng心中/s的/ude1火/n，/wd比/p眼前/s的/ude1火/n更是/d炽烈/a了/y。/wj
他/rr的/ude1瘦/a脸/n变/v黑/a，/wd眼睛/n吐/v着/uzhe仇恨/n的/ude1血/n，/wd头皮/n发麻/vi。/wj
他/rr就/d像/v身/ng陷/vi绝境/n的/ude1困/vi兽/ng，/wd再/d也/d没有/d指望/v，/wd牙齿/n磨/v得/ude3嘎/o吱/o地/ude2响/v，/wd他/rr被/pbei彻底/a的/ude1得罪/vn和/cc遗弃/v了/y！/wt
“/wyz瞧/v！/wt
他/rr真/d肯/v为/p一/m只/q破鞋/n，/wd连/ulian命/n都/d不要/d呢/y！/wt
他/rr还/d以为/v自己/rr是/vshi真/d真正/d正/a的/ude1楚/b霸王/n！/wt
贪图/v威势/n，/wd脱离/v群众/n，/wd横行霸道/vl，/wd又/d是/vshi失败/vi主义/n，/wd资产阶级/n的/ude1遗毒/n./wj./wj./wj./wj./wj./wj”/wyy
小/a楼/n震惊/v了/ule：/wm“/wyz什么/ry话/n？/ww
虞姬/nr这个/rz人/n才/d是/vshi资产阶级/n臭/a小姐/n，/wd国难/n当前/t，/wd不/d去/vf冲锋陷阵/vl，/wd以/p身/ng殉国/vi，/wd反而/d唱/v出/vf靡靡之音/n，/wd还有/v跳舞/vi！/wt”/wyy