新春/t正月/t里/f，/wd正是/v大戏/n锣鼓/n最/d热闹/a的/ude1时分/n，/wd大中小/b戏班/n，/wd都/d忙于/v演出/vn。/wj
如果/c连/ulian这/rzv兴旺/a的/ude1佳节/n也/d乏/a人/n问津/vi，/wd仿/x效/ng观音/n大/a士/ng坐/v莲/ng(/wkz年/n)/wky，/wd那/rzv也/d真是/d华光/nz师傅/n不/d赏/v饭/n吃/v了/y，/wd不如/c及早/d回头/d是/vshi岸/n。/wj
十二/m少/a在/p华叔/nr的/ude1班子/n里/f，/wd只是/d一个/mq新/a扎/v小/a角色/n。/wj
有时/d甚至/d只/d在/p日班/n踏/v踏/v台毯/n而已/y。/wj
在/p太平/a大戏/n院/n，/wd又/d似/vg比/p外头/f铁皮/n架/qv搭/v的/ude1棚子/n要/v好/a得/ude3多/a。/wj
这/rzv冬日/n里/f的/ude1一/m天/qt，/wd十二/m少/a台上/s参演/v《/wkz梁/n祝/v恨/v史/ng》/wky。/wj
不/d是/vshi梁/n，/wd不/d是/vshi祝/v，/wd甚至/c不/d是/vshi士/ng九/m人/n心/n。/wj
后台/n除了/p大/a佬/ng倌/x拥有/v自己/rr的/ude1厢/ng座/ng外/f，/wd一/m干/v人/n等/udeng使用/v公共/b的/ude1镜屏/n脂粉/n，/wd公共/b的/ude1戏/n服/v。/wj
公共/b的/ude1反映/vn，/wd你/rr反映/v我/rr，/wd我/rr反映/v你/rr，/wd不过/c是/vshi苍/ag生/v一角/n。/wj
梁祝/nr的/ude1书/n友/ng之一/rz，/wd没有/v名字/n，/wd不/d是/vshi甲/n乙/Mg丙/Mg，/wd便是/v丁/Mg戊/Mg己/rr。/wj
当/p梁山伯/nr与/p祝英台/nr在/p私塾/n中/f为/v女子/n地位/n而/cc辩/vg，/wd当/p梁山伯/nr发现/v祝/v英/b台/b耳/n上/f穿/v了/ule孔/nr1时/ng，/wd他们/rr的/ude1同窗/n书/n友/ng，/wd便/d在/p旁/f起/vf个/q哄/v。/wj
——/wp这样/rzv，/wd又/d是/vshi一/m出/vf戏/n了/y。/wj
并/d没有/v"/x化/v蝶/ng"/x的/ude1福分/n。/wj
十二/m少/a的/ude1母亲/n来/vf看/v了/y，/wd堂堂/z阔少/n，/wd自食其力/vl？/ww
真是/d丢人现眼/vl。/wj
母亲/n气/n病/n了/y。/wj
父亲/n眼/n看/v不/d成气候/vl，/wd又/d闻/v得/ude3他/rr深/d染/v烟霞/n癖/ng…/ws…/ws
托/v人/n辗转/vd相劝/vi：/wm"/x你/rr才/d二十四/m岁/qt…/ws…/ws"/x
多/m有力/a的/ude1罪证/n！/wt
是的/vl，/wd一个/mq大/a好/a青年/n，/wd二十四/m岁/qt。/wj
戒/v了/ule鸦片/n，/wd与/p烟花/n女子/n分手/vi了/y，/wd回去/v还有/v一家子/n热诚/an的/ude1欢迎/vn，/wd既往不咎/vl，/wd脱胎/vi重/d生/v。/wj
二十四/m岁/qt。/wj
才/c这么/rz年青/a。/wj
往/p前/f瞧/v，/wd一/m片/q锦绣/n。/wj
十二/m少/a对/p着/uzhe这/rzv公共/b的/ude1镜屏/n，/wd背后/f人声鼎沸/vl，/wd喧嚣/vi纷纭/z，/wd一切/rz都/d淡/x出/vf了/y。/wj
他/rr一/m壁/ng落/v妆/ng，/wd抹/v去/vf脂粉/n，/wd细看/v一/m张/q憔悴/a得/ude3不/d成/v人/n样/u的/ude1脸/n，/wd自己/rr都/d认/v不/d出来/vf，/wd那/rzv曾经/d一度/d的/ude1风华/n。/wj
一/m个/q人/n要/v回头/vi，/wd总是/d晓得/v这样/rzv想/v：/wm也/d不/d是/vshi错/v，/wd美丽/a的/ude1日子/n总/d是/vshi短暂/a的/ude1，/wd永远/d在/p心头/s上/f的/ude1。/wj
——/wp不过/c，/wd也/d差不多/al过/d完/vi了/y。/wj
无从/d开口/vi。/wj
在/p十二/m少/a小小的/z居/v停/vi，/wd中环/s摆/v花/v街/n一/m幢/q唐/nr1楼/n的/ude1三/m楼/n，/wd如/c花/v水葱/n似的/uyy手/n，/wd正在/d搓/v着/uzhe面粉/n团/n，/wd她/rr正/d学习/v怎样/ryv弄/v一/m锅/q汤圆/n。/wj
捏/v出/vf一/m小/a粒/q一/m小/a粒/ng的/ude1粉/n团/n，/wd然后/c一/m粒/q粉/n团/n包/v一/m粒/q片/q糖馅/n。/wj
圆/n是/vshi不/d怎么/ryv圆/a，/wd怎么/ryv搓/v都/d不/d圆/a。/wj
有时/d，/wd片/q糖/n的/ude1方/q角/n，/wd竟/d会/v掺/v了/ule出来/vf，/wd于是/cc可以/v预料/v得到/v，/wd不消/v一刻/mq，/wd糖/n在/p沸水/n中/f融/vi了/y，/wd便/d缓缓/d地/ude2漏掉/v，/wd混/x在/p水中/s。/wj
糖/n的/ude1芳/ag踪/ng，/wd杳/ag不/d可/v寻/v，/wd那/rzv汤圆/n，/wd成/v了/ule一个/mq空心/b的/ude1物体/n，/wd在/p水中/s漂/v漾/v。/wj
十二/m少/a刚刚/d开/v了/ule口/n。/wj
如/c花/v听/v了/y，/wd好像/v并/cc不/d真切/a。/wj
她/rr只/d管/v搓/v她/rr的/ude1汤圆/n，/wd一个/mq汤圆/n，/wd来回/vd往返/vi的/ude1，/wd恨不得/d碎/a尸/ng万/m段/q，/wd谁知/c它/rr又/d那么/rz黏/a腻/v，/wd糖/n也/d半/m融/vi了/y，/wd在/p手心/n，/wd一切/rz都/d混/x淆/x，/wd渐渐/d地/ude2变成/v黯/x灰色/n的/ude1白粉/n团/n。/wj
良久/m良久/m。/wj
依旧/z是/vshi一个/mq汤圆/n。/wj
横/dg看/v竖/v看/v，/wd都/d可/v算是/v汤圆/n。/wj
但/c，/wd却/d不/d可以/v吃/v了/y。/wj
煮/v都/d不用/d煮/v，/wd已/d知/v吃/v都/d不必/d吃/v。/wj"/x
振邦/nr2，/wd你/rr不要/d我/rr啦/y？/ww"/x
十二/m少/a霍地/d起来/vf，/wd自身/rr后/f把/pba如/v花/n紧紧/d搂/v住/vi，/wd那么/c紧/a，/wd没命/d地/ude2吻/v她/rr。/wj
好/a好/a的/ude1一/m整/m盘/qv干/v面粉/n被/pbei撞/v翻/v，/wd洒/vi了/ule两/m个/q人/n半身/n。/wj
如/v花/n蓦地/d转/v过/uguo来/f，/wd狠狠/d地/ude2掴/v了/ule他/rr一/m记/q。/wj
狠/a的/ude1只/d是/vshi心/n，/wd但/c因/p挣扎/vi得/ude3不/d如意/a，/wd打/v上/f去/vf力/n道/qv不足/a。/wj
十二/m少/a不/d加/v阻止/v。/wj
如/v花/n把/pba他/rr的/ude1衣衫/n撕/v了/ule又/d扯/v，/wd揉/v成/v残/a团/n。/wj
泪/n落/v如/v雨/n，/wd脸上/s胭脂/n、/wn水粉/n汇/ng成/v红/a流/ng。/wj
两/m个/q人/n，/wd不知/v如何/ryv，/wd化/v成/v一/m堆/q粉/n，/wd化/v成/v不/d像样/a的/ude1汤圆/n。/wj
——/wp但/c，/wd终于/d不/d能/v团圆/vi。/wj
大家/rr都/d十分/m明白/an。/wj
如/c花/v后来/t说/v：/wm"/x来/f，/wd我/rr陪/v你/rr抽/v最后/f一/m盅/q！/wt"/x
又/d补充/v，/wd"/x你/rr回去/v，/wd那/rzv是/vshi应该/v的/ude1。/wj"/x
这/rzv盏/q烟/n灯/n今儿/t特别/d得/ude3暗/a，/wd如/c花/v添/v了/ule点/qt油/n，/wd眼/n看/v它/rr变/v得/ude3闪烁/v饱满/a，/wd才/d为/v十二/m少/ad烧/vi几/m个/q烟/n泡/v，/wd烟/n签/v上/f的/ude1鸦片/n软软/z溶溶/z，/wd险/ng险/ng流/v曳/x。/wj
好好/d通/v一/m通/qv烟枪/n。/wj
如/c花/v吩咐/v：/wm"/x三/m天/qt之后/f，/wd你/rr来/vf倚/v红楼/n找/v我/rr一/m趟/qv。/wj
一切/rz像/v我们/rr初/d会/v的/ude1第一/m天/qt。/wj
穿/v最/d好/a的/ude1衣服/n，/wd带/v最/d好/a的/ude1笑容/n，/wd我们/rr重新/d温习/v一/m遍/qv。/wj
即使/c分手/vi了/y，/wd都/d留/v一/m个/q好/a印象/n。/wj"/x
当/p下/f两/m个/q人/n都/d极力/d避免/v离/v情/n别/d绪/ng，/wd只/d储蓄/v到/v三/m天/qt之后/f。/wj
三月/t八日/t黄昏/t，/wd如/c花/v收拾/v好/a她/rr寨/ng中/f房间/n的/ude1一/m张/q铜/n床/n，/wd那/rzv是/vshi十二/m少/a的/ude1重/a礼/n，/wd备/v了/ule酒菜/n，/wd专心致志/vl等待/v男人/n。/wj
不过/c是/vshi分手/vi，/wd通常/d一/m男/b一/m女/ng，/wd无缘/vi结合/v，/wd便是/v分手/vi，/wd十分/m平常/a。/wj
也/d不/d是/vshi惊/v天/qt动/v的/ude1冤情/n，/wd没有/v排山倒海/bl恨/v意/ng。/wj
如花/nr2仔细/ad思量/v一/m遍/qv，/wd不/d晓得/v败/vi在/p什么/ry手上/s——/wp其实/d，/wd也/d是/vshi晓得/v的/ude1。/wj
她/rr并非/v高手/n，/wd料/v不/d到/v如此/rzv低能/a。/wj
从此/d擦/v身/ng而/cc过/vf，/wd一切/rz擦/v身/ng而/cc过/vf。/wj
她/rr也/d穿/v上/f最/d好/a的/ude1衣服/n，/wd浅/a粉红色/n宽/a身/ng旗袍/n，/wd小/a鸡/n翼/ng袖/ng，/wd领口/n袖口/n襟/ng上/f绲/v了/ule紫/a跟/p桃红/b双/m绲/v条/q。/wj
整个/b人/n，/wd像/p五/m瓣/q的/ude1桃花/n。/wj
然后/c细细/d地/ude2用/v刨花/n胶/n把/pba头发/n拢/v好/a，/wd挑/v了/ule几/m根/q刘海/nr，/wd漫不经心/vl地/ude2洒/vi下/f来/vf，/wd直/d刺/v到/v眼睛/n里/f。/wj
让/v一切/rz还原/vi。/wj