烛/ng火/n亮/vi了/ule些/q，/wd他/rr起身/vi放/v了/ule银针/n，/wd我/rr才/d看/v清/a这/rzv人/n是/vshi在/p笑/v，/wd我/rr手脚/n都/d不/d知道/v该/rz往/p哪里/rys放/v，/wd他/rr却/d还/d在/p笑/v，/wd我/rr一边/d恼火/a地/ude2瞪/v着/uzhe他/rr一边/d想/v，/wd这/rzv就是/v我/rr的/ude1心上/s人/n，/wd可/v他/rr笑/v起来/vf真/d好看/a。/wj
等/v他/rr笑/v够/v了/y，/wd却/d抬/v手/n抚/vg上/vf我/rr眉梢/n，/wd还/d当/v做/v什么/ry事/n都/d没有/d发生/v地/ude2问/v我/rr：/wm“/wyz皱/v着/uzhe眉头/n做/v什么/ry？/ww
看见/v我/rr不/d开心/a么/y？/ww”/wyy
我/rr把/pba头/n转向/vi一边/d：/wm“/wyz可/v你/rr笑话/n我/rr。/wj”/wyy
他/rr好笑/a地/ude2坐/v回去/v，/wd微微/d撑/v着/uzhe头/n：/wm“/wyz我/rr怎么/ryv会/v笑话/n你/rr，/wd这些/rz事情/n若/c是/vshi你/rr样样/q都/d懂/v，/wd我/rr才/d要/v生气/n。/wj”/wyy
我/rr有/vyou点/qt怀疑/v：/wm“/wyz真/a的/ude1？/ww
那/c你/rr今天/t来/f是/vshi来/vf教/v我/rr的/ude1么/y？/ww”/wyy
他/rr摇头/vi笑笑/v：/wm“/wyz长/a这么/rz大/a，/wd我/rr还/d是/vshi头/m一/m回/qv听/v教/v人/n幽会/v这个/rz说法/n。/wj”/wyy
话/n罢/v执/v起/vf桌上/s的/ude1茶壶/n给/p自己/rr倒/vi茶/n：/wm“/wyz除了/p这个/rz，/wd我/rr记得/v早上/t你/rr要/v同/p我/rr认错/vi来着/u，/wd后来/t被/pbei打断/v了/y，/wd怎么/ryv，/wd现在/t想/v起来/vf自己/rr错/v在/p哪儿/rys了/y吗/y？/ww”/wyy
我/rr起身/vi离开/v凳子/n：/wm“/wyz我/rr去/vf洗洗/v睡/v了/y…/ws…/ws
，/wd’/wyy被/pbei他/rr一/m把/pba抓住/v：/wm“/wyz还/d没/d想/v起来/vf？/ww”/wyy
其实/d蹴/x鞠/vg刚/d完/vi我/rr就/d反应/vi过来/vf，/wd那时/rzt躲/v到/v君玮/nr身后/f，/wd立刻/d从/p面前/f走过/v未/d有/vyou丝毫/m停顿/vi的/ude1那/rzv个人/n定然/d不是/v慕/vg言/ng，/wd他/rr不/d可能/v那么/rz快/a，/wd而且/c他/rr和/cc尹/nr1棠/ng一起/s，/wd怎么/ryv也/d该/v是/vshi两/m个/q人/n的/ude1脚步声/n。/wj
若/c是/vshi那样/rzv，/wd我/rr一/m看到/v他/rr就/d躲/v起来/vf一定/d被/pbei他/rr亲眼/d目睹/v，/wd他/rr生气/a的/ude1一定/d是/vshi这/rzv件/q事/n，/wd但/c要/v怎么/ryv解释/v？/ww
怎么/ryv解释/v都/d让/v人/n很/d不好意思/a…/ws…/ws
他/rr果然/d道/v：/wm“/wyz看见/v我/rr为什么/ryv要/v躲/v起来/vf？/ww”/wyy
因/p正/d站/vi在/p他/rr椅子/n跟前/f，/wd习惯性/n地/ude2垂/v头/n，/wd一/m垂/v头/n却/d正好/z碰上/v他/rr微微/d仰/v起/vf的/ude1漆黑/z眼眸/n，/wd我/rr垂死挣扎/vl道/v：/wm“/wyz才/d没有/v…/ws…/ws
，/wd”/wyy他/rr左手/n扣/v着/uzhe椅子/n扶手/n轻轻/d敲/v了/ule两/m下/f，/wd含笑道/nr：/wm“/wyz那/c我/rr来/vf猜猜/v看/v。/wj”/wyy
做出/v沉思/vi的/ude1样子/n来/f，/wd眼睛/n却/d望/v着/uzhe我/rr：/wm“/wyz是/vshi因为/p和/cc我/rr重逢/vi竟然/d没有/d戴/v着/uzhe最/d好看/a的/ude1首饰/n，/wd穿/v着/uzhe最/d好看/a的/ude1衣裳/n，/wd好/a叫/vi我/rr眼前/s一/m亮/a？/ww”/wyy
我/rr震惊/v道/v：/wm“/wyz你/rr怎么/ryv…/ws…/ws”/wyy
话/n到/v一半/m反应/vi过来/vf就/d这么/rz承认/v太/d丢脸/a了/y，/wd赶紧/d道/v，/wd“/wyz才/d没有/v！/wt”/wyy
他/rr眼睛/n里/f却/d仿/x似/d落/v下/vf万/m千/m的/ude1星光/n，/wd良久/m，/wd将/p我/rr拉/v进/vf怀里/s：/wm“/wyz没有/d打扮/v得/ude3漂漂亮亮/z也/d不要紧/vl，/wd还有/v很多/m时间/n，/wd你/rr可以/v慢慢/d打扮/v给/p我/rr看/v。/wj”/wyy
我/rr趴/v在/p他/rr肩膀/n上/f，/wd抽/v了/ule抽/v鼻子/n摇头/vi：/wm“/wyz你/rr没有/d见/v过/uguo我/rr最/d好看/a的/ude1模样/n，/wd我/rr十七/m岁/qt那/rzv时候/n，/wd脸上/s没有/v这/rzv道/qv疤/n，/wd连/ulian父亲/n都/d说/v我/rr是/vshi他/rr最/d好看/a的/ude1一个/mq女儿/n，/wd你/rr要/v是/vshi那/rzv时候/n见到/v我/rr多/d好/a，/wd你/rr要是/c…/ws…/ws”/wyy
可/c再/d也/d不/d可能/v了/y。/wj
这些/rz事情/n总是/d让/v人/n一/m想/v起来/vf就/d伤心/a，/wd我/rr抹/v着/uzhe眼角/n紧紧/d搂/v住/vi他/rr脖子/n，/wd说/v出/vf一/m见面/vi就/d想/v说/v给/p他/rr听/v的/ude1话/n：/wm“/wyz我/rr很/d想/v你/rr。/wj”/wyy
他/rr没有/d说话/vi，/wd却/d更/d紧/a地/ude2抱/v住/vi我/rr，/wd呼吸/v就/d在/p耳/n畔/ng，/wd这/rzv是/vshi我/rr盼望/v了/ule多久/a的/ude1时刻/n。/wj
抬/v眼/n看/v到/v昏黄/z的/ude1烛/ng火/n，/wd就/d像/v茫茫/z孤/ng夜里/t摇曳/vi的/ude1唯一一点/b希望/n，/wd墙壁/n上/f投/v下/f融为一体/vl的/ude1两/m个/q影子/n，/wd仿/x若/v时光/n在/p这/rzv一刻/mq停止/v，/wd再/d也/d不/d会/v有/vyou离别/v和/cc悲伤/an。/wj
——/wp*/x——/wp*/x——/wp*/x——/wp后半夜/t山/n中/f下/vf了/ule场/qv大雨/n，/wd早上/t起来/vf空气/n格外/d清新/a，/wd慕言/nr特地/d过来/vf陪/v我/rr用/p早饭/n，/wd顺便/d带/v了/ule只/q烧鸡/n给/p小黄/nr，/wd小/a黄/a高兴/a得/ude3直/d摇/v尾巴/n，/wd对/p这个/rz新/a爹爹/n的/ude1喜爱/vn之/uzhi情/n溢于言表/vl，/wd看来/v短期/b内/f是/vshi不/d会/v出现/v什么/ry亲/ng子/ng问题/n。/wj
拾掇/v完毕/vi，/wd两/m人/n刚/d出/vf院/n门/n，/wd看/v到/v黄/nr1衣/ng小姑娘/n尹/nr1棠/ng两/m腿/n生/v风/n急/v步/qv而/cc来/vf，/wd跑/v到/v我们/rr跟前/f扶/v着/uzhe腰/n喘/v了/ule两/m口/q气/n，/wd弯/v起/vf眼/n晴天/n真/a地/ude2看/v着/uzhe慕言/nr：/wm“/wyz慕/nr1哥哥/n，/wd今天/t你/rr陪/v小棠/nr赏/v会儿/qt花/v可/v好/a？/ww
孤/ag竹山/ns山路/n崎岖/a，/wd小棠/nr一个/mq人/n出去/vf，/wd找/v不/d着/uzhe回来/v的/ude1路/n可/v怎么/ryv办/v呢/y。/wj”/wyy
我/rr奇/ag道/v：/wm“/wyz怎/ryv可能/v找/v不/d着/uzhe回来/v的/ude1路/n，/wd为/p赏/v佛桑/nrf花公仪/nr斐/b特地/d修/v了/ule条/q青石/n小径/n，/wd你/rr沿着/p那/rzv条/q路/n走/v到/v尽头/f再/d返回/v来/vf就/d可以/v了/y。/wj”/wyy
尹棠/nr2咬/vi了/ule咬/vi嘴唇/n，/wd看上去/v还/d想/v说/v什么/ry却/d一时/t无话可说/vl。/wj
我/rr一边/d推/v着/uzhe慕言/nr让/v他/rr该/v干/v什么/ry干/v什么/ry去/vf一边/d亲切/a地/ude2自告奋勇/vl：/wm“/wyz你/rr慕/nr1哥哥/n他/rr早上/t有/vyou正事/n的/ude1，/wd你/rr君/ng姐姐/n我/rr正/d好/a没/v事/n，/wd要是/c尹/nr1姑娘/n不/d嫌弃/v，/wd就/d由/p君/ng姐姐/n来/vf带/v你/rr赏/v花/n吧/y~/x”/wyy
眼看/v着/uzhe慕言/nr点/v个头/n就要/d离开/v，/wd尹/nr1棠/ng着急/a地/ude2瞪/v我/rr一/m眼/q：/wm“/wyz那/c我/rr嫌弃/v你/rr行/vi不行/a，/wd那/c我/rr不/d想/v走/v那/rzv条/q路/n行/ng不/d行/vi？/ww”/wyy
说话/vi间/f慕言/nr已/d被/pbei我/rr推出/v老远/d，/wd慢悠悠/z打量/v我/rr一/m遍/qv，/wd不置可否/vl笑笑/v顺势/d走/v了/y。/wj
我/rr转/v过/uguo身/ng来/vf认真/a地/ude2看/v着/uzhe尹/nr1棠/ng，/wd点头/vi道/v：/wm“/wyz可以/v啊/y，/wd反正/d我/rr就/d是/vshi随便/ad说/v。/wj”/wyy
话/n罢/v也/d准备/v抬/v脚/n开/v溜/v。/wj
尹棠/nr2踌躇/vi一下/mq狠狠/d跺脚/vi：/wm“/wyz你/rr，/wd你/rr回来/v！/wt”/wyy
我/rr脚步/n没/d停/vi挥/v了/ule挥手/vi：/wm“/wyz你/rr跟/v上来/vf。/wj”/wyy
我/rr的确/d是/vshi想/v散/v个/q步/qv，/wd我/rr也/d的确/d不/d喜欢/vi这/rzv个/q叫/vi尹/nr1棠/ng的/ude1小姑娘/n，/wd她/rr成天/d用/p异样/n目光/n注视/v慕/vg言/ng，/wd我/rr没/d揍/v她/rr一/m顿/qv就/d已经/d很/d可以/v了/y，/wd此时/r此刻/r还/d能/v保持/v涵养/n，/wd因为/c不/d晓得/v真/d揍/v上去/vf是/vshi不/d是/vshi打/v得/ude3赢/v。/wj
此时/r是/vshi个/q好/a时机/n，/wd我/rr准备/v还/d是/vshi采取/v文明/a人/n的/ude1做/v．/w
边/d赏/v赏/v花/n边/k和/p她/rr讲/v道理/n。/wj