/wd主/ag心火/n旺/a，/wd火克金/nr，/wd遇/v金必刚/nr，/wd遇/v水则兴/nr…/ws
…/ws
”/wyy颖园/nr2拿/v出/vf一/m块/q点心/n送/v到/v白/a周/nr1氏/ng前/f：/wp“/wyz妈/n，/wd您/rr尝/v一/m口/q。/wj
”/wyy白周/nr氏/ng不耐烦/a地/n：/wp“/wyz哎呀/e——/wp不/d吃/v不/d吃/v！/wt
”/wyy颖园/nr2为/v难/a地/ude2举/v着/uzhe点心/n僵/ad在/v了/ule那里/rzs。/wj
木/ng木/a地/ude2听到/v吴/nr1瞎子/n还/d在/p说/v“/wyz…/ws
…/ws
要/v火/n克/q水/n浇/v，/wd逢/v煞/ag星/n才/d能够/v发达/a…/ws
…/ws
”/wyy这时/rzt三/m爷/ng白/a颖宇/nr2掀/v帘/ng走/v了/ule进来/vf：/wp“/wyz妈/n！/wt
我/rr回来/v了/y！/wt
大哥/n。/wj
”/wyy颖宇/nr2手中/s也/d提/v了/ule一/m盘/qv点心/n走/v到/v桌前/s。/wj
吴/nr1瞎子/n欠身/v招呼/v：/wp“/wyz三/m爷/ng。/wj
”/wyy白/a周/nr1氏/ng：/wp“/wyz你/rr从/p安国/ns回来/v？/ww
”/wyy“/wyz是/vshi。/wj
”/wyy颖宇/nr2顺手/d拉/v过/uguo方凳/n坐/v到/v白周/nr氏/ng身旁/s，/wd将/p点心/n盒/ng放到/v桌上/s，/wd顺眼/a看到/v了/ule大爷/n的/ude1那/rzv盒/q点心/n，/wd便/d不/d客气/a地/ude2推/v到/v一旁/f，/wd打开/v了/ule自己/rr的/ude1点心/n盒/ng。/wj
白/a周/nr1氏/ng：/wp“/wyz快/d听听/v，/wd老二/n生/v的/ude1那/rzv小子/n命/vg不错/a。/wj
”/wyy颖宇/nr2故意/d拿/v起/vf一/m块/q点心/n尝/v了/ule一/m口/q：/wp“/wyz嗯/e？/ww
什么/ry味儿/n，/wd加/v桂花/n了/y？/ww
有/vyou这么/rz做/v点/qt心/n的/ude1么/y？/ww
妈/n，/wd您/rr尝尝/v。/wj
”/wyy白周/nr氏/ng接过/v点心/n咬/vi了/ule一/m口/q：/wp“/wyz傻/a小子/n，/wd哪/ry是/vshi桂花/n，/wd这/rzv馅/ng里加/ns了/vi蜂蜜/n，/wd你/rr就/d不/d懂/v了/y，/wd这/rzv是/vshi按/p宫里/nr的/ude1做法/n做/v的/ude1。/wj
”/wyy颖宇/nr2恭维/v着/uzhe：/wp“/wyz自然/n老太太/n见/v的/ude1多/a，/wd这/rzv是/vshi兰馨斋/nr的/ude1点心/n，/wd花样/n忒/d多/a，/wd您/rr尝尝/v这/rzv块/q，/wd我/rr是/vshi不/d懂/v。/wj
”/wyy颖园/nr2在/p一旁/f看/v了/ule个/q干瞪眼/vi，/wd从/p自己/rr盒/ng中/f也/d拿/v出/vf了/ule一/m块/q。/wj
白/a周/nr1氏/ng又/d吃/v了/ule一/m口/q：/wp“/wyz这/rzv是/vshi鸡/n油/n做/v的/ude1，/wd拌/v的/ude1是/vshi砂糖/n…/ws
…/ws
”/wyy颖园/nr2忍不住/v地/ude2递/v上/vf自己/rr带来/v的/ude1点心/n：/wp“/wyz妈/n，/wd您/rr尝尝/v我/rr这/rzv块/q…/ws
…/ws
”/wyy白/a周/nr1氏/ng突然/a脸/n一/d变/v：/wp“/wyz不/d吃/v不/d吃/v！/wt
我/rr最/d不/d爱/v吃/v点/qt心/n，/wd拿走/v！/wt
”/wyy颖宇/nr2幸灾乐祸/vl地/ude2望/v着/uzhe，/wd颖园/nr2一/m转身/vi气哼哼/z地/ude2拿/v起/vf点心/n盒子/n向/p门外/s走/v去/vf。/wj
白/a周/nr1氏/ng：/wp“/wyz吴/nr1先生/n你/rr接着/c说/v。/wj
”/wyy颖宇/nr2插话/vi道/v：/wp“/wyz我/rr听说/v那/rzv孩子/n生/v下来/vf不/d哭/v光/d笑/v，/wd这/rzv可/v奇/ag了/y，/wd恐怕/d不/d是/vshi好/a兆头/n。/wj
”/wyy白/a周/nr1氏/ng：/wp“/wyz难道/d还/d是/vshi什么/ry不祥之兆/nl么/y？/ww
”/wyy吴/nr1瞎子/n：/wp“/wyz不/d能/v这么/rz说/v，/wd此/rzs乃/v一生/n衣食/n无/v亏/ng，/wd逢凶化吉/vl之/uzhi兆/ng。/wj
”/wyy白/a周/nr1氏/ng：/wp“/wyz老/a三/m，/wd听见/v了/ule吗/y？/ww
吉兆/n！/wt
”/wyy颖宇/nr2：/wp“/wyz是/vshi是/vshi，/wd吉兆/n。/wj
”/wyy颖园/nr2抱/v着/uzhe点心/n盘子/n站/vi在/p院里/n发愣/vi时/ng，/wd一/m听差/n走/v来/vf：/wp“/wyz大爷/n，/wd柜/ng上/f请/v您/rr过去/vf一/m趟/qv。/wj
”/wyy“/wyz嗯/e！/wt
”/wyy颖园/nr2顺手/d将/p点心/n盘子/n塞/v到/v听差/n手中/s。/wj
“/wyz听/v差/a一/m愣/ag：/wp”/wyy这/rzv…/ws
…/ws
给/p谁/ry呀/y？/ww
“/wyz颖园/nr2一/d瞪眼/v气/n呼吁/v地/n：/wp“/wyz扔/v喽/y！/wt
倒/vi喽/y！/wt
喂/v狗/n去/vf！/wt
”/wyy转身/vi走/v了/ule出去/vf。/wj
听差/n一时/t不知所措/vl，/wd惶恐/a地/n：/wp“/wyz是/vshi是/vshi，/wd喂/v狗/n，/wd喂/v狗/n！/wt
”/wyy詹/nr1王府/n门口/s。/wj
詹/nr1王爷/n下/vf了/ule马车/n，/wd向/p门口/s走/v去/vf，/wd总/d管/v车/n老/a四/m忙/v下/vf阶/ng迎接/v。/wj
詹三/nr爷/ng看/v了/ule看/v门前/s停放/v另/rz一/m辆/q马车/n：/wp“/wyz白家/nr大爷/n来/vf了/y？/ww
”/wyy车/n老/a四：/m“/wyz大/a书/n进/vf宫/ng了/y，/wd是/vshi二/m爷/ng来/vf了/y。/wj
”/wyy詹/nr1、/wn车二人/nr说/v着/uzhe话/n，/wd一/m前/f一/m后/f走/v进/vf门/n去/vf。/wj
狗宝/nr抱/v着/uzhe鞭/n杆儿/n坐/v在/p车上/s望/v着/uzhe王府/n大门/n。/wj
大/a格格/nz房/n外/f厅/n。/wj
颖轩/nr2开/v好/a方子/n，/wd放下/v笔/q，/wd听见/v帘子/n响/v，/wd回头/d见/v是/vshi詹/nr1王爷/n大/a步/qv走/v进/vf，/wd四/m个/q丫头/n跟进/v一/m顺/a边/n侍/vg立/v，/wd便/d也/d忙/v站/vi起来/vf。/wj
詹/nr1王爷/n：/wp“/wyz您/rr就/d是/vshi白/a二/m爷/ng么/y？/ww
”/wyy颖轩/nr2忙/v上/f前/f两/m步/qv请安/v：/wp“/wyz不/d敢/v，/wd颖轩/nr2，/wd王爷/n吉祥/n。/wj
”/wyy詹/nr1王爷/n上前/vi扶/v了/ule一下/mq：/wp“/wyz坐坐/v。/wj
”/wyy二/m人/n刚/d落座/vi，/wd詹/nr1王爷/n便/d问道/vi：/wp“/wyz我们/rr老/a福晋/nrf的/ude1病/n？/ww
”/wyy颖轩/nr2：/wp“/wyz王爷/n放心/v，/wd不过/c偶/d感/vg风寒/n，/wd吃/v了/ule药/n发/v发汗/v就/d好/a了/y。/wj
”/wyy詹/nr1王爷/n：/wp“/wyz每次/r都/d是/vshi大爷/n来/vf…/ws
…/ws
今天/t头/n一/m次/qv见/v您/rr，/wd瞧/v您/rr用/p药/n，/wd果然/c医道/n精明/an，/wd老/a四/m…/ws
…/ws
”/wyy说/v着/uzhe转身/vi命/vg车/n老/a四/m去/vf取/v谢仪/nr，/wd“/wyz二/m爷/ng初次/d来/vf，/wd要/v给/p双/m份儿/q。/wj
”/wyy车/n总管/n应声/vi离去/vi。/wj
颖轩/nr2忙/v起身/vi：/wp“/wyz不/d敢/v不/d敢/v，/wd吃/v了/ule药/n见好/vi才/d算/v数/n。/wj
”/wyy詹/nr1王爷/n：/wp“/wyz大/a格格/nz的/ude1情形/n，/wd您/rr看/v…/ws
…/ws
”/wyy颖轩/nr2：/wp“/wyz提/v起/vf大/a格格/nz的/ude1病/n，/wd我/rr这儿/rzs得/v给/p您/rr道喜/v了/y。/wj
”/wyy詹/nr1王爷/n：/wp“/wyz噢/e？/ww
这/rzv话/n从/p何/ry说/v起/vf？/ww
”/wyy颖轩/nr2：/wp“/wyz大/a格格/nz是/vshi喜/v脉/ng。/wj
”/wyy“/wyz喜/v脉/ng？/ww
”/wyy詹/nr1王爷/n惊讶/a地/ude2望/v着/uzhe额/n轩/ng。/wj
“/wyz不错/a，/wd恭喜/v王爷/n要/v抱/v孙子/n了/y。/wj
”/wyy颖轩/nr2没有/d注意/v詹/nr1王爷/n表情/n已/d起/vf变化/vn，/wd仍/d微笑/vi着/uzhe。/wj
不料/d詹/nr1王爷/n慢慢/d站/vi起/vf，/wd审视/v地/ude2望/v着/uzhe颖轩/nr2，/wd颖轩/nr有些/rz不知所措/vl。/wj
良久/m，/wd詹/nr1王爷/n突然/ad“/wyz哼/e”/wyy了/ule一/m声/qv拂袖而去/vl。/wj
颖轩/nr2不解/v地/ude2望/v着/uzhe，/wd只见/v詹/nr1王爷/n出/vf屋后/s，/wd仆人/n丫头/n们/k也/d相继/d跟/v出/vf了/ule屋/n。/wj
颖轩/nr2莫名其妙/al地/ude2望/v着/uzhe，/wd感觉/n不/d对/p也/d忙/v着/uzhe向/p外/f走/v。/wj
颖轩/nr2走/v到/v门口/s，/wd忽/d见/v四/m个/q丫头/n进/vf门/n将/d果/ng碟/ng尽/vi皆/d撤/v去/vf，/wd又/c鱼/n贯/vg而/cc出/vf。/wj
颖轩/nr2大/d惊/v，/wd忙/ad走/v到/v屋/n外/f，/wd见/v院内/s已/d空无一人/al，/wd更/d感/vg惊慌/a地/ude2望/v着/uzhe四周/s。/wj
白/a宅/ng三/m房/q院/n北/f屋/n。/wj
颖宇/nr2和/cc白/a方/q氏/ng正在/d收拾/v行李/n。/wj
颖宇/nr2坏/v笑/v着/uzhe道/n：/wp“/wyz…/ws
…/ws
你/rr还/d不/d知道/v老太太/n那/rzv脾气/n，/wd越/d叫/vi她/rr吃/v她/rr越/d不/d吃/v，/wd得/v哄/v她/rr才/d行/vi，/wd结果/n把/pba大哥/n气/n得/ude3说/v‘/wyz扔/v喽/y，/wd喂/v狗/n去/vf’/wyy。/wj
