/wyy安福/ns：/wp“/wyz老/a福/n晋/tg欠安/v，/wd请/v大爷/n过去/vf看看/v。/wj
”/wyy赵显庭/nr：/wp“/wyz大爷/n进/vf宫/ng了/y，/wd不/d知道/v什么/ry时候/n回来/v，/wd二/m爷/ng在/v。/wj
”/wyy安福/ns一/m愣/ag：/wp“/wyz二/m爷/ng也/d行/vi，/wd大/a格格/nz近/a些/q日子/n也/d闹病/vi，/wd顺便/d请/v二/m爷/ng也/d给/v看看/v。/wj
”/wyy赵显庭/nr：/wp“/wyz我/rr去/vf回/v一/m声/qv。/wj
”/wyy百/m草/n厅/n后/f场/qv刀/n房/n中/f，/wd七八/m个/q伙计/n在/p切/v药/n，/wd二/m爷/ng白/a颖轩/nr2一身/n伙计/n打扮/v，/wd扎/v着/uzhe围裙/n，/wd正/d在/p教/v两/m个/q小青年/n切片/vi，/wd一/m抬头/vi，/wd看见/v了/ule进来/vf的/ude1赵显庭/nr：/wp“/wyz有事/vi么/y？/ww
”/wyy赵显庭/nr：/wp“/wyz二/m爷/ng，/wd詹/nr1王府/n派/v人/n来/vf请/v您/rr过去/vf一/m趟/qv，/wd说/v老/a福/n晋/tg欠安/v。/wj
”/wyy颖轩/nr2：/wp“/wyz行/ng，/wd叫/vi他们/rr先/d回去/v吧/y。/wj
我/rr随/v后/f就/d到/v。/wj
哎/e？/ww
为什么/ryv不/d请/v大爷/n去/vf？/ww
老福/nr晋/tg只/d信/v大爷/n呀/y！/wt
”/wyy赵显庭/nr：/wp“/wyz您/rr忘/v了/y，/wd大爷/n去/vf宫/ng里/f了/y。/wj
”/wyy紫禁城/n。/wj
神武门/ns口/n。/wj
侍卫/n把守/v，/wd门/n禁/v森严/an。/wj
大爷/n白颖园/nr从/p里面/f远远/d走/v出/vf。/wj
只见/v他/rr掏/v出/vf腰/n牌/n，/wd门卫/n看/v过/uguo后/f又/d递回/v。/wj
颖园/nr2出/vf了/ule门洞/n走向/v自家/rr的/ude1马车/n。/wj
陈/nr1三/m儿/ng吆喝/v着/uzhe，/wd颖园/nr2坐/v在/p车/n前/f，/wd马车/n一路/mq小跑/vi。/wj
额/n园/ng随意/a地/ude2四下/d张望/v，/wd忽然/d发现/v一个/mq老太太/n倒/vi在/p路边/s，/wd旁边/f围/v着/uzhe三四/m个/q行人/n。/wj
颖园/nr2忙/v叫/vi陈三儿/nr勒/v住/vi马/n：/wp“/wyz你/rr瞧瞧/v去/vf，/wd那/rzv老太太/n怎么/ryv了/y？/ww
”/wyy陈三儿/nr：/wp“/wyz嗨/e！/wt
不/d是/vshi饿/v的/ude1就是/v急病/n啦/y，/wd甭管/c他/rr啦/y，/wd走/v咱们/rr的/ude1吧/y。/wj
”/wyy颖园/nr2没/d理/v陈/nr1三/m儿/ng，/wd自己/rr跳/vi下/f车/n向/p老太太/n走/v去/vf。/wj
陈三儿/nr在/p后面/f喊/v道/n：/wp“/wyz大爷/n，/wd这/rzv事儿/n多/a了/y，/wd您/rr管/v不/d过来/vf。/wj
”/wyy额/n园/ng走/v到/v老太太/n跟前/f蹲/v下/vf身/ng，/wd把/pba手/n指/v放到/v老太太/n手腕/n上/f，/wd为/p她/rr号/n起/vf脉/ng来/vf。/wj
陈三儿/nr也/d跟/v了/ule过来/vf。/wj
只/d听/v一/m人道/n：/wp“/wyz怕/v是/vshi不行/a了/y，/wd有/vyou出/vf的/ude1气/n儿/k没/d进/vf的/ude1气/n儿/ng啦/y。/wj
”/wyy另/rz一/m人/n慷慨/a地/n：/wp“/wyz也/d不知/v是/vshi哪/ry家/n的/ude1老太太/n。/wj
”/wyy忽然/d，/wd颖/nr1园/ng回身/vi命令/n陈/nr1三/m儿/ng：/wp“/wyz搭/v车/n上/f去/vf！/wt
”/wyy陈/nr1三/m儿/ng皱/v着/uzhe眉/n：/wp“/wyz我/rr说/v大爷/n，/wd管/v这/rzv闲事/n干什么/vi？/ww
又/c不/d是/vshi咱们/rr…/ws
…/ws
”/wyy颖园/nr2厉声/d地/n：/wp“/wyz快/a点/n！/wt
”/wyy陈三儿/nr忙/v弯腰/vi抱/v起/vf老太太/n…/ws
…/ws
马车/n远/ad去/vf。/wj
百/m草/n厅/n前堂/s。/wj
靠/p窗/ng的/ude1椅子/n上/f，/wd老太太/n已/d醒/v转/v，/wd身旁/s小/a桌上/s摆/v着/uzhe三包/n草药/n。/wj
老太太/n：/wp“/wyz不行/a，/wd这/rzv药/n我/rr不/d能/v拿/v，/wd我/rr这/rzv穷/a老婆子/n吃/v不/d起/vf药/n。/wj
”/wyy赵显庭/nr：/wp“/wyz老太太/n放心/v，/wd我们/rr东家/n有/vyou规矩/n，/wd凡是/d看/v不/d起/vf病/n的/ude1穷人/n，/wd一律/d不/d许/dg收/v钱/n，/wd这/rzv药/n您/rr拿/v着/uzhe。/wj
”/wyy老太太/n惶恐/a地/ude2望/v着/uzhe：/wp“/wyz这/rzv…/ws
…/ws
行/vi吗/y？/ww
”/wyy坐堂/v先生/n：/wp“/wyz先/d吃/v这/rzv三/m剂/q，/wd见/v好不/d见好/vi十/m天/qt以后/f您/rr再/d来/vf一/m趟/qv，/wd可/v千万/m别/d再/d一个/mq人/n儿/k出门/vi儿/ng了/y。/wj
”/wyy老太太/n：/wp“/wyz叫/vi我/rr说/v什么/ry好/a哇/y。/wj
”/wyy门口/s分/v，/wd颖国/nr2将/p一/m锭/q银子/n交给/v陈三儿/nr：/wp“/wyz用/p我/rr的/ude1车把/n老太太/n送/v回/qv家/n去/vf，/wd把/pba这/rzv五两/m银子/n给/p他/rr家里/s人/n，/wd一定/d送/v到/v家/q，/wd千万/m别/d再/d出事/vi。/wj
”/wyy这时/rzt秉宽/nr2跑/v进/vf门/n：/wp“/wyz二/m爷/ng呢/y？/ww
”/wyy颖园/nr2问道/vi：/wp“/wyz什么/ry事儿/n？/ww
”/wyy秉宽/nr2兴奋/v地/n：/wp“/wyz二/m奶奶/n生/v了/y，/wd是/vshi个/q小子/n，/wd请/v二/m爷/ng回去/v看看/v。/wj
”/wyy赵显庭/nr走/v过来/vf：/wp“/wyz刚才/t詹/nr1王府/n来人/n请/v二/m爷/ng过去/vf了/y。/wj
”/wyy詹/nr1王府/n老/a福/n晋/b卧房/n。/wj
颖轩/nr2为/v老/a福/n晋/tg诊/vg完/vi脉/ng起身/vi。/wj
老福/nr晋/vg微笑/vi着/uzhe：/wp“/wyz辛苦/a二/m爷/ng了/y。/wj
”/wyy管家/n安福/ns忙/v向/p外屋/n礼让/vn，/wd二/m人/n先后/d到/v了/ule外屋/n，/wd颖轩/nr2道/v：/wp“/wyz不/d碍/v的/ude1，/wd没什么/vl大/a病/n，/wd吃/v点儿/q‘/wyz清心/a’/wyy就/d行/vi了/y，/wd千万/m少/ad吃/v油腻/a，/wd别/d再/d着凉/vi。/wj
”/wyy安福/ns客气/a道/n：/wp“/wyz请/v二/m爷/ng再/d去/vf看看/v大/a格格/nz，/wd她/rr这些/rz日子/n身子/n骨/ng着实/d不/d太/d好/a。/wj
”/wyy颖轩/nr2一/m愣/dg停/vi了/ule步/n：/wp“/wyz贵/a府/ng格格/nz不是/v同治/n爷/ng的/ude1嫔妃/n么/y？/ww
在/p宫里/nr呀/y。/wj
”/wyy安福/ns道/n：/wp“/wyz那/rzv是/vshi二/m格格/nz。/wj
这/rzv位/q大/a格格/nz从/p蒙古/ns老家/n来京/v刚/d一/m年/qt多/m，/wd您/rr没/d见/v过/uguo。/wj
”/wyy颖轩/nr2随/p安福/ns来到/v大/a格格/nz卧室/n。/wj
大/a丫头/n将/p卧室/n门/n带/v打/v起/vf，/wd安福/ns道/n：/wp“/wyz您/rr先/d请/v，/wd我/rr去/vf看看/v王爷/n回来/v了/ule没有/v。/wj
”/wyy说/v罢/v管/v自/p离去/vi。/wj
领/v轩/ng进/vf卧室/n后来/t到/v床/n前/f，/wd坐/v到/v春凳/n上/f。/wj
大/a格格/nz从/p帐/ng中/f伸出/v了/ule右臂/n，/wd颖轩/nr2一言不发/vl地/ude2号脉/vi。/wj
堂屋/n里/f，/wd大/a丫头/n打/v起/vf门帘/n，/wd四/m个/q小/a丫头/n端/v着/uzhe果/ng碟/ng鱼/n贯/vg而/cc入/v，/wd在/p圆/vg几/m上/f摆/v好/a了/ule四/m干/v四/m鲜/a八/m个/q果/ng碟/ng。/wj
大/a丫头/n又/d将/p笔墨纸砚/n在/p书案/n上/f放/v好/a。/wj
颖轩/nr2聚精会神/al地/ude2号脉/vi，/wd忽然/d惊讶/a地/ude2望/v了/ule一/m眼/q帐/ng中/f，/wd又/d回过/v头/q认真/a地/ude2把/pba脉/ng，/wd面/n露/v微笑/vi。/wj
白/a宅/ng上房/n院/n。/wj
大爷/n颖园/nr2提/v着/uzhe一/m盘/qv点心/n进/vf了/ule院子/n，/wd走/v向/p北/f屋/n时/ng，/wd堂屋/n里/f白/d萌/vg堂/ng的/ude1夫人/n白/a周/nr1氏/ng，/wd正/d坐/v在/p椅子/n上/f听/v算命/vi的/ude1吴/nr1瞎子/n为/p景琦/nr批/v八/m字/n。/wj
颖园/nr2走/v进/vf屋/n，/wd将/p点心/n盒子/n放/v桌上/s。/wj
叫/vi了/ule声/n：/wp“/wyz妈/n。/wj
”/wyy吴/nr1瞎子/n欠身/v道/n：/wp“/wyz大爷/n。/wj
”/wyy白/a周/nr1氏/ng：/wp“/wyz老大/n，/wd我/rr正/d叫/vi吴/nr1先生/n给/p老二/n那/rzv小子/n批/q八字/n呢/y，/wd你/rr也/d听听/v。/wj
”/wyy颖园/nr2：/wp“/wyz是/vshi是/vshi，/wd您/rr先/d吃/v块/q点心/n，/wd我/rr今儿/t特意/d到/v‘/wyz兰馨斋/nr’/wyy给/p您/rr买/v的/ude1。/wj
”/wyy白周/nr氏/ng瞥/v了/ule一/m眼/q：/wp“/wyz不/d吃/v，/wd吴/nr1先生/n你/rr接着/c说/v。/wj
”/wyy颖园/nr2不知/v所以/c地/n望/v着/uzhe白/a周/nr1氏/ng，/wd忙/ad打开/v了/ule点心/n盒子/n。/wj
