/wyy白/a宅/ng上房/n院/n西/b客厅/n。/wj
白萌/nr堂/q脸色/n沉重/ad背/v手/n看/v着/uzhe窗外/s，/wd听/v着/uzhe胡/nr1总管/n的/ude1陈述/vn。/wj
“/wyz我/rr觉得/v二/m节/q的/ude1医术/n虽/c不/d及/cc大爷/n精/a，/wd可/c也/d错/v不/d到/v这个/rz份儿/n上/f。/wj
”/wyy“/wyz那/rzv是/vshi哪儿/rys出/vf了/ule错/n儿/ng呢/y？/ww
”/wyy“/wyz甭管/c他/rr了/y。/wj
”/wyy胡/nr1总管/n接着/c道/v，/wd“/wyz您/rr亲自/d去/vf趟/qv王府/n陪/v个/q礼/n。/wj
这/rzv事儿/n就算/d圆/vg上/vf了/y。/wj
”/wyy白萌/nr堂/ng转/v过/uguo身/ng来/f：/wp“/wyz就/d这么/rz圆/vg上/vf了/y，/wd我/rr死/v不/d瞑目/vi。/wj
我/rr白/d萌/vg堂/ng一辈子/mq不/d做/v糊涂/a事/n！/wt
他/rr砸/v的/ude1不光/c是/vshi车/n和/cc马/n，/wd砸/v的/ude1是/vshi白/a家/n上百/m年/qt的/ude1老/a牌子/n！/wt
北京/ns城里/s已经/d没有/d不/d知道/v的/ude1了/y，/wd白/nr1家/n栽/v给/v了/ule詹/nr1王府/n！/wt
不光/c老二/n以后/f无法/v露面/vi，/wd祖上/n的/ude1脸面/n也/d丢/v尽/vi了/y！/wt
宫里/nr、/wn柜/ng上/f怎么/ryv交代/v！/wt
“/wyz胡/nr1总管/n：/wp“/wyz我/rr看/v还是/c以/p息事宁人/vl为/v好/a！/wt
”/wyy白萌/nr堂/ng：/wp“/wyz先/d把/pba事情/n查/v清楚/v了/ule再说/vi。/wj
”/wyy胡/nr1总管/n：/wp“/wyz查/v清楚/v了/ule又/d能/v怎么样/ryv？/ww
詹/nr1王府/n咱们/rr惹不起/v！/wt
”/wyy白/a萌/vg堂/ng大/a怒/vg：/wp“/wyz我/rr偏/d要/v惹/v！/wt
你/rr别/d说/v了/y！/wt
”/wyy胡/nr1总管/n叹/v了/ule口/q气/n低声/d道/v：/wp“/wyz老爷/n…/ws
…/ws
退/v一/m步/qv海/n阔/a天空/n…/ws
…/ws
”/wyy白萌/nr堂/ng：/wp“/wyz退/v一/m步/qv？/ww
为什么/ryv要/v退/v一/m步/qv？/ww
白/a家/q老/a号/n每/rz进一步/d有/vyou多/m难/a，/wd我/rr凭/p什么/ry要/v退/v一/m步/qv？/ww
他/rr就/d砸/v碎/v了/ule我/rr这/rzv把/qv老/a骨头/n，/wd我/rr也/d不/d能/v退/v！/wt
”/wyy躺/v在/p炕/n上/f筋疲力尽/al的/ude1白文/n氏/ng长叹/vi一/m声/qv：/wp“/wyz唉/e！/wt
我/rr这/rzv是/vshi生/v了/ule个/q什么/ry东西/n？/ww
”/wyy白/a宅/ng花房/n。/wj
一面/d大/a斜坡/n的/ude1玻璃窗/n，/wd阳光/n灿烂/a。/wj
花匠/n金/ng二/m在/p浇/v花/n，/wd花房/n靠/v里/f放/v着/uzhe一个/mq大/a书/n案/ng，/wd两/m个/q听差/n正/d伺候/v老爷/n白/a萌/vg堂/ng作画/vi。/wj
桌/ng首/ng放/v着/uzhe一/m盆/q盛开/v的/ude1含笑/vi。/wj
纸/n上/f画/v的/ude1含笑/vd盛开/v。/wj
白萌/nr堂/ng将/p毛笔/n含/v在/p口中/s咬/vi了/ule咬/vi，/wd持/v笔/n伸/v向/p画纸/n。/wj
笔/n落/v画纸/n，/wd道/v劲/dg有力/a。/wj
花房/n外/f，/wd只见/v雅萍/nr2风风火火/al进/vf了/ule月亮/n门/n来/vf到/v花房/n门前/s，/wd把/pba门/n的/ude1听差/n秉宽/nr2将/p她/rr拦住/v：/wp“/wyz萍/nr1姑奶奶/n，/wd您/rr不/d能/v进去/vf，/wd老爷/n作画/vi，/wd谁/ry都/d不/d能/v进/vf。/wj
”/wyy雅萍/nr2：/wp“/wyz我/rr有/vyou急事/n。/wj
”/wyy秉宽/nr2：/wp“/wyz那/rzv也/d不行/a…/ws
…/ws
揽/v了/ule老爷/n作画/vi，/wd我们/rr得/v挨/v板子/n！/wt
”/wyy“/wyz挨/v板子/n我/rr替/p你/rr！/wt
”/wyy雅萍/nr2推开/v秉/vg宽/a，/wd一/d掀/v草/n帘/ng进/vf了/ule花房/n。/wj
雅萍/nr2走进/v花房/n站/vi定/v：/wp“/wyz爸/n，/wd给/p您/rr道喜/v，/wd您/rr又/d得/v了/ule个/q孙子/n。/wj
”/wyy白萌/nr堂/ng仍/d在/p作画/vi，/wd似/d无/v所/usuo闻/v。/wj
“/wyz爸/n，/wd二/m奶奶/n生/v了/y，/wd是/vshi个/q小子/n！/wt
”/wyy白萌/nr堂/ng突然/ad回身/vi将/p笔/n狠狠/d地/ude2掷/v向/p雅萍/nr2。/wj
雅萍/nr2吓/v一/m跳/vi，/wd忙/v向/p后/f躲/v，/wd笔/n打/v在/p裙子/n上/f，/wd染/v了/ule一/m块/q墨迹/n。/wj
白/a萌/vg堂/ng满嘴/n是/vshi墨/n，/wd气呼呼/z地/n：/wp“/wyz谁/ry叫/vi你/rr进来/vf的/ude1？/ww
！/wt
出去/vf！/wt
”/wyy雅萍/nr2：/wp“/wyz二/m奶奶/n生/v了/ule个/q小子/n。/wj
”/wyy“/wyz生就/v生/v了/ule吧/y！/wt
”/wyy“/wyz听/v我/rr把/pba话/n说/v完/vi了/ule成/v不/d成/v…/ws
…/ws
”/wyy白/a萌/vg堂/ng接过/v听差/n秉宽/nr2递/v上/f的/ude1一/m支/q笔/n，/wd回身/vi冲/v着/uzhe画/n发愣/vi。/wj
雅萍/nr2：/wp“/wyz…/ws
…/ws
这/rzv孩子/n生/v下来/vf不/d会/v哭/v，/wd光/d笑/v。/wj
”/wyy日/b萌/vg堂/ng一/m楞/vg，/wd回头/d疑惑/v地/ude2望/v着/uzhe雅萍/nr2。/wj
雅萍/nr2：/wp“/wyz真/a的/ude1。/wj
”/wyy白萌/nr堂/ng：/wp“/wyz打/v呀/y，/wd照/v屁股/n上/f使劲/vd打/v！/wt
”/wyy雅萍/nr2：/wp“/wyz越/d打/v笑/v得/ude3越/d厉害/a。/wj
”/wyy白萌/nr堂/q认真/a了/y，/wd缓缓/d走/v到/v雅萍/nr2前/f：/wp“/wyz有/vyou这/rzv事/n？/ww
奇/ag了/y。/wj
颖轩/nr2呢/y？/ww
”/wyy秉宽/nr2在/p旁/f应/v道/n：/wp“/wyz二/m爷/ng在/p柜/ng上/f支/q应/v着/uzhe呢/y。/wj
”/wyy白萌/nr堂/ng：/wp“/wyz颖园/nr2呢/y？/ww
”/wyy秉宽/nr2：/wp“/wyz大爷/n去/vf宫/ng里/f太/d医院/n还/d没/d回来/v。/wj
”/wyy白萌/nr堂/ng：/wp“/wyz一个/mq都/d不/d在家/vi？/ww
”/wyy秉宽/nr2：/wp“/wyz三/m爷/ng去/vf安国/ns办/v药/n，/wd喜/v子/ng昨/tg儿/ng先/d回来/v了/y，/wd说/v三/m爷/ng今儿/t一准/d儿/k到/v家/q。/wj
”/wyy白/a萌/vg堂/ng自言自语/nl道/v：/wp“/wyz生/v下来/vf就/d笑/v，/wd有/vyou点/qt意思/n！/wt
奇/ag了/y！/wt
”/wyy白萌/nr堂/ng走/v到/v书案/n前/f，/wd顺手/d拉/v过/uguo一/m张/q宣纸/n，/wd提/v笔/n饱/ad蘸/v浓/a墨/n，/wd在/p纸/n上/f写/v了/ule三/m个/q大字/n：/wp白景琦/nr。/wj
雅萍/nr2：/wp“/wyz行/vi了/y。/wj
我/rr去/vf告诉/v二/m奶奶/n，/wd孩子/n有/vyou了/ule名/q儿/n了/y。/wj
”/wyy白萌/nr堂/ng：/wp“/wyz去/vf柜/ng上/f把/pba颖轩/nr2叫/vi回来/v，/wd看看/v他/rr的/ude1儿子/n。/wj
”/wyy秉/vg宽/a答应/v道/n：/wp“/wyz是/vshi！/wt
”/wyy百/m草/n厅/n。/wj
前/f门外/s一/m条/q喧闹/vi的/ude1商业街/n，/wd路/n两边/f挨/v排/v着/uzhe一间间/m铺面/n。/wj
百/m草/n厅/n三/m开间/n的/ude1门/n睑/n儿/ng，/wd“/wyz百/m草/n厅/n白/nr1家/n老/a号/n”/wyy牌匾/n高悬/v正中/f，/wd门前/s不时/d有人/r进出/vn。/wj
前堂/s里/f，/wd抓药/vi的/ude1、/wn等/udeng药/n的/ude1、/wn买/v丸药/n的/ude1，/wd忙/v而/cc不/d乱/d十分/d肃静/a，/wd敲/v戥/v子/ng声/ng和/cc用/p铜/n杵/ng砸/v药/n声/qv有/vyou节奏/n地/ude2响/v着/uzhe。/wj
靠/p窗/ng的/ude1坐堂/vn先生/n正/d给/v一/m位/q老者/n诊脉/v，/wd说话/vi声音/n都/d很/d低/a。/wj
抓药/vi的/ude1伙计/n正/d看/v着/uzhe一个/mq方子/n，/wd对/p柜台/n外/f等候/v的/ude1中年人/n道/n：/wp“/wyz先生/n，/wd您/rr这/rzv方子/n里/f有/vyou十八/m反/vi，/wd我/rr不/d敢/v抓/v，/wd请/v过/uguo这边/rzs儿/ng来/vf。/wj
”/wyy伙计/n走/v出/vf柜台/n与/cc中年人/n来到/v坐堂/v先生/n前/f，/wd将/p方子/n交给/v坐堂/v先生/n。/wj
坐堂/v先生/n看/v了/ule看/v笑/v道/n：/wp“/wyz这种/r方子/n，/wd敢/v下/vf十八/m反/vi的/ude1药/n，/wd京城/ns里/f只/d有/vyou两/m位/q敢/dg开/v，/wd一/m位/q是/vshi太/b医院/n的/ude1魏/nr1大人/n，/wd一/m位/q是/vshi我们/rr柜/ng上/f的/ude1白/a大爷/n。/wj
”/wyy中年人/n笑/v了/ule：/wp“/wyz您/rr圣/ag明/ag，/wd正是/v魏/nr1大人/n开/v的/ude1方子/n。/wj
”/wyy坐堂/v先生/n对/p伙计/n道/n：/wp“/wyz抓/v吧/y，/wd没/d错/v。/wj
”/wyy门外/s，/wd一/m辆/q马车/n停/vi在/p百/m草/n厅/n门前/s，/wd詹/nr1王府/n管家/n安福/ns下/f车/n走/v进/vf前/f堂/ng。/wj
大/d查/v柜/ng赵显庭/nr忙/v迎/v了/ule上来/vf：/wp“/wyz安/ag爷/ng，/wd府上/n要/v用/p点儿/n什么/ry药/n？/ww
