，/wd紧紧/d地/ude2捏/v住/vi了/ule那个/rz小/a纸/n包/v。/wj
他/rr鼻子/n一/m酸/a，/wd眼睛/n顿时/d被/pbei泪水/n模糊/a了/y…/ws
…/ws
第四/m章/q星期五/t，/wd孙少平/nr请/v了/ule半/m天/qt假/a，/wd来到/v城关/ns粮站/n，/wd拿/v润/v叶姐/nr给/p他/rr的/ude1五十/m斤/q粮/n票/n，/wd按/p粗细/n粮/n比例/n，/wd买/v了/ule二十/m斤/q白面/n和/cc三十/m斤/q玉米面/n。/wj
这/rzv年头/n，/wd五十/m斤/q粮票/n可不/dl是/vshi一个/mq小/a数字/n啊/y！/wt
润叶/nr2姐/n塞/v给/p他/rr的/ude1那个/rz小/a纸/n包/v里/f，/wd还有/v三十/m元/q钱/n，/wd买/v完/vi这些/rz粮/n，/wd还/d剩/v了/ule拾/v元/q，/wd他/rr准备/v拿/v这/rzv钱/n给/p祖母/n买/v点/qt止痛片/n和/cc眼药/n水/n，/wd然后/c再/d给/p自己/rr换/v一点/mq学校/n大灶/n上/f的/ude1菜/n票/n。/wj
他/rr把/pba这些/rz粮食/n从/p粮站/n上/f背/v到/v学校/n，/wd换/v了/ule三十/m斤/q“/wyz亚洲/ns”/wyy票/n和/cc五/m斤/q“/wyz欧洲/ns”/wyy票/n。/wj
另外/rz的/ude1十五/m斤/q白面/n他/rr舍不得/v吃/v，/wd准备/v明天/t带/v回/qv家/n去/vf。/wj
让/v老/a祖母/n和/cc两/m个/q小/a外甥/n吃/v。/wj
三十/m斤/q玉米面/n他/rr已经/d够/v满足/v了/y。/wj
在/p以后/f一/m段/q日子/n里/f，/wd他/rr可以/v间隔/n地/ude2在/p自己/rr的/ude1黑/a“/wyz非洲/nsf”/wyy中/f夹带/v一个/mq金/b黄色/n的/ude1“/wyz亚洲/ns”/wyy。/wj
至于/p那/rzv五/m斤/q“/wyz欧洲/ns”/wyy票/n，/wd他/rr是/vshi留/v着/uzhe等/v哥哥/n来/vf一起/s吃/v的/ude1。/wj
哥哥/n来/vf城里/s，/wd总/d不能/v顿/qv顿/dg饭/n都/d在/p润/v叶/nr1姐/n那里/rzs吃/v；/wf要/v是/vshi亲爱/a的/ude1哥哥/n来/vf学校/n吃饭/vi，/wd他/rr不/d能/v让/v他/rr也/d在/p中学/n的/ude1饭/n场上/s让/v别人/rr冷眼/d相/d看/v…/ws
…/ws
第二/m天/qt中午/t，/wd他/rr先/d到/v街上/s给/v祖母/n买/v好/a了/ule药/n，/wd然后/c就/d把/pba那/rzv一/m小/a袋/q面粉/n提到/v金波/nr的/ude1宿舍/n里/f。/wj
两/m个/q人/n相/d帮/v着/uzhe把/pba它/rr绑/v在/p后/f车座/n的/ude1旁边/f，/wd就/d准备/v一/m起/q相/d跟/v回家/vi了/y。/wj
每/rz到/v这个/rz时候/n，/wd学校/n就/d乱成一团/vl。/wj
乡里/n的/ude1学生/n纷纷/d收拾/v起/vf空/a瘪/a的/ude1干粮/n袋/ng，/wd离/v城/n近/a的/ude1步行/vn，/wd离/v城/n远/a的/ude1骑/v自行车/n，/wd纷纷/d涌/v出/vf了/ule校/ng门口/s。/wj
他们/rr要/v回/qv家/n去/vf度过/v一个/mq舒服/a的/ude1夜晚/t。/wj
在/p家里/s，/wd光景/n好些/m的/ude1人家/n，/wd大人/n们/k总/d要/v给/p回家/vi的/ude1孩子/n做/v两/m顿/qv好吃/a的/ude1，/wd然后/c再/d打/v闹/v一/m口袋/n象/ng样/u的/ude1干粮/n，/wd以便/d下/vf一个/mq星期/n孩子/n在/p大灶/n饭/n外/f有/vyou个/q补充/vn。/wj
这/rzv期间/f，/wd偌大/b的/ude1学校/n里/f就/d象/ng退/v了/ule潮/n的/ude1海滩/n那/rzv般/uyy宁静/a。/wj
到/v了/ule星期天/t下午/t，/wd乡里/n的/ude1学生/n又/d都/d纷纷/d返回/v来/vf，/wd这个/rz世界/n才/d又/d恢复/v了/ule它/rr那/rzv闹哄哄/z的/ude1局面/n…/ws
…/ws
少/a平和/a金波/nr骑/v着/uzhe车子/n出/vf了/ule县城/n，/wd便/d沿着/p向/p西/f的/ude1一/m条/q公路/n，/wd一个/mq带/v着/uzhe一个/mq，/wd往/p家里/s赶/v去/vf。/wj
两/m个/q人/n共同/d骑/v过/uguo好几/m年/qt车子/n，/wd他们/rr一路/mq上/f换/v着/uzhe蹬/v，/wd轻松/a而/cc愉快/a。/wj
从/p县城/n到/v他们/rr村/n有/vyou七十/m华里/q路/n。/wj
这/rzv条/q路/n连接/v着/uzhe黄土/n高原/n两/m个/q地区/n，/wd因此/c公路/n上/f的/ude1汽车/n还是/c比较/d繁多/a的/ude1。/wj
从/p出/vf县城/n起/vf，/wd路面/n比较/d宽阔/a，/wd以后/f就/d越/d走/v越/d狭窄/a。/wj
约/d摸/v到/v五十/m华里/q外/f，/wd川/b道/n完全/ad消失/vi了/y。/wj
西山/ns夹/v峙/vg的/ude1深/a沟/n，/wd刚刚/d能/v摆/v下/vf一/m条/q公路/n。/wj
接着/c，/wd便/d到/v了/ule分水岭/n。/wj
壁立/v的/ude1横断山/ns脉/ng陡然/d间/f堵住/v了/ule南北/f通道/n。/wj
在/p以前/f，/wd公路/n只好/d委屈/a地/ude2从/p这里/rzs盘山/n而/cc上/f，/wd才/d能/v伸/v到/v山/n那/rzv面/q。/wj
前/f几/m年/qt在/p一个/mq山腰/n里/f捅/v开/v了/ule一个/mq豁口/n，/wd才/d把/pba公路/n从/p山顶/n降/v到/v了/ule半山腰/n。/wj
不过/c，/wd山/n两/m面/q公路/n的/ude1坡度/n还是/c很/d长/a很/d陡/a的/ude1。/wj
这里/rzs汽车/n事故/n也/d最/d多/a，/wd公路/n边/k的/ude1排/v水沟/n里/f，/wd常常/d能/v看见/v翻/v倒/vi的/ude1车辆/n——/wp上坡/vi时/ng慢/a得/ude3让/v司机/n心烦/vi，/wd下坡/vi时/ng他们/rr往往/d发疯/vi地/ude2放飞/v车/n，/wd结果/n…/ws
…/ws
上/f这/rzv坡/n时/ng，/wd所有/b的/ude1自行车/n都/d不/d可能/v再/d骑/v了/y。/wj
少/a平和/a金波/nr这时/rzt就/d轮换/v推/v着/uzhe车子/n，/wd两/m个/q人/n都/d累/v得/ude3满头大汗/al。/wj
翻过/v分水岭/n就是/v他们/rr公社/n。/wj
沟/n道/qv仍然/d象山/ns那/rzv面/q一样/uyy狭窄/a。/wj
这/rzv道/qv沟/n十/m来/m个/q村子/n，/wd每个/r村/n相隔/v都/d不/d到/v十/m华里/q，/wd被/pbei一/m条/q小河/n串连/vn起来/vf。/wj
小河/n叫/vi东拉河/nr，/wd就是/v在/p这/rzv分水岭/n下发/v源/ng的/ude1。/wj
下/vf了/ule山/n，/wd过/vf了/ule一个/mq叫/vi下/f山村/n的/ude1村子/n，/wd再/d走/v十/m华里/q路/n，/wd就是/v公社/n所在地/n石/nr1圪节/n村/n了/y。/wj
他们/rr双/m水/n村/n离石/ns圪节/n公社/n也/d是/vshi十/m里/q路/n，/wd中/b间隔/n一个/mq罐子/n村/n——/wp少/ad平/v他/rr姐/n兰花/n就/d出嫁/vi在/p这/rzv村里/n。/wj
少/a平和/a金/b波/n翻过/v分水岭/n，/wd骑/v着/uzhe车/n便/d象/ng风/n一般/uyy从/p大/a坡/n上/f飞/vi下来/vf了/y。/wj
下/vf山村/n一/m闪/vi而/cc过/vf。/wj
接着/c就/d到/v了/ule石/nr1圪节/n公社/n。/wj
公社/n在/p公路/n对面/f，/wd一/m座/q小/a桥/n横跨/v在/p东/f拉/v河/n上/f，/wd把/pba公路/n和/cc镇子/n连结/v起来/vf。/wj
一/m条/q约摸/d五十/m米/q长/a的/ude1破烂/a街道/n，/wd唯一/b的/ude1一/m座/q象/n样/u的/ude1建筑物/n就/d是/vshi供销社/n的/ude1门市部/n。/wj
但/c这/rzv镇子/n在/p周围/f十几/m个/q村庄/n的/ude1老百姓/n眼里/s，/wd就/d是/vshi一个/mq大/a地方/n。/wj
到/p这里/rzs来/vf赶/v一/m回/qv集/vg，/wd值得/v乡里/n的/ude1婆姨/n女子/n们/k隆重/a地/ude2梳洗/v打扮/v一番/mq。/wj
另外/c，/wd这/rzv街上/s的/ude1南/b头/n，/wd还有/v个/q小/a食堂/n。/wj
食堂/n里/f几/m个/q吃/v得/ude3胖乎乎/z的/ude1炊事员/n，/wd在/p本/rz公社/n和/cc公社/n主任/n一样/uyy有/vyou名气/n——/wp生活/vn在/p这/rzv穷乡僻壤/nl的/ude1人们/n，/wd对/p天/n天/qt能/v吃/v肉/n的/ude1人/n多么/d羡慕/v啊/y！/wt
石/nr1圪节/n今天/t不/d遇/v集/vg，/wd因此/c街上/s没什么/vl人/n。/wj
少/a平和/a金波/nr也/d没/d打/v算/v过/uguo桥/n去/vf逛/v一/m逛/v。/wj
前/f两/m年/qt在/p这里/rzs上/f初中/n时/ng，/wd他们/rr常/d爱/v到/v这/rzv条/q街道/n上/f来/vf遛/v达/v。/wj
那时/rzt，/wd这/rzv地方/n在/p他们/rr眼里/s也/d是/vshi大/a地方/n。/wj
可/v现在/t，/wd他们/rr已经/d逛/v过/uguo更/d大/a的/ude1世界/n，/wd这/rzv条/q破败/vi的/ude1街道/n对/p他们/rr来说/uls，/wd已经/d没有/v什么/ry吸引力/n了/y。/wj
只是/c到/v了/ule公社/n前面/f的/ude1中学/n附近/f时/ng，/wd他/rr两/m个/q却/d不约而同/dl地/ude2停/vi住/vi了/ule车子/n。/wj
中学/n也/d在/p河/n对面/f，/wd四/m、/wn五/m间/q教室/n，/wd两/m排/q石/nr1窑洞/n；/wf窑洞/n下面/f，/wd一个/mq小/a土/n操场/n上/f安/v一/m副/q破烂/a的/ude1篮球架/n。/wj
多么/d可爱/a的/ude1地方/n啊/y！/wt
