少平/nr2一下子/mq连/ulian话/n也/d说/v不/d出来/vf了/y。/wj
倒是/d润/v叶/nr1姐/n走/v上/f前来/vi，/wd仍然/d笑/v着/uzhe说/v：/wp“/wyz我/rr让/v润生/nr2叫/vi你/rr到/v我/rr二/m爸/n家/n去/vf，/wd你/rr怎么/ryv不/d来/vf呢/y？/ww
”/wyy“/wyz我/rr…/ws
…/ws
”/wyy他/rr不知/v说/v什么/ry才/d对/v。/wj
润叶/nr2姐/n敏捷/a地/ude2一/m把/pba从/p他/rr手里/s夺/v过/uguo那/rzv两/m个/q黑/a馍/n，/wd问/v：/wp“/wyz哪个/ry是/vshi你/rr的/ude1碗/n？/ww
”/wyy他/rr指/v了/ule指/v自己/rr的/ude1碗/n。/wj
她/rr把/pba馍/n放/v在/p他/rr碗/n里/f，/wd说/v：/wp“/wyz走/v，/wd跟/p我/rr吃饭/vi去/vf！/wt
”/wyy“/wyz我/rr…/ws
…/ws
”/wyy润叶/nr2已经/d过来/vf，/wd扯/v着/uzhe他/rr的/ude1袖口/n拉/v他/rr了/y。/wj
现在/t没/v办法/n拒绝/v了/y，/wd少平/nr2只好/d跟着/v润/v叶/nr1姐/n起身/vi了/y。/wj
他/rr一路/mq相/d跟着/v和/cc润/v叶/nr1姐/n进/vf了/ule县/n革委会/n的/ude1大门/n。/wj
进/vf了/ule大门/n后/f，/wd他/rr两/m只/q眼睛/n紧张/a地/ude2扫视/v着/uzhe这个/rz神圣/a的/ude1地方/n。/wj
县/n革委会/n一/m层层/q窑洞/n沿着/p一个个/m斜坡/n一行/n行/ng排/v上/f去/vf，/wd最/d上面/f蹲/v着/uzhe一/m座/q大礼堂/n，/wd给/p人/n一/m种/q非常/d壮观/a的/ude1景象/n。/wj
在/p晚上/t，/wd要/v是/vshi所有/b的/ude1窑洞/n都/d亮/vi起/vf灯火/n，/wd简直/d就/d象/ng一/m座/q宏伟/a的/ude1大厦/n。/wj
现在/t，/wd少平/nr2看见/v最/d上面/f一/m排/q窑洞/n的/ude1砖墙/n边上/f，/wd润/v生/v探/v出/vf半截/mq身子/n正/d看/v着/uzhe他们/rr往/p上/f走/v。/wj
润/v生/v抽/v着/uzhe纸烟/n，/wd不/d老练/a地/ude2弹/v着/uzhe烟灰/n。/wj
田福堂/nr的/ude1这个/rz宝贝/n儿子/n刚/d一/d进城/vi，/wd就/d把/pba干部/n子弟/n的/ude1派/n势/ng都/d学会/v了/y。/wj
少平/nr2跟/p润/v叶/ng进/vf了/ule她/rr二/m爸/n家/q的/ude1院子/n，/wd润生/nr2走/v过来/vf对/p他/rr说/v：/wp“/wyz我/rr到/v宿舍/n找/v了/ule你/rr两/m回/qv，/wd你/rr到/v哪里/rys去/vf了/y？/ww
”/wyy少平/nr2有点/d不好意思/a，/wd说/v：/wp“/wyz我/rr…/ws
…/ws
去/vf给/v学校/n还/d镢头/n去/vf了/y。/wj
”/wyy他/rr一边/d撒谎/vi，/wd一边/d瞥/v了/ule一/m眼/q这/rzv家/q著名/a人物/n的/ude1院子/n：/wp一共/d四/m孔/q窑洞/n，/wd一个/mq不/d大/a的/ude1独院/n；/wf墙/n那边/rzs看来/v还/d住/vi着/uzhe另外/rz几/m家/q领导/n，/wd格局/n和/cc这/rzv院子/n一模一样/al。/wj
院子/n东边/f有/vyou个/q小/a房/n，/wd旁边/f垒/v一/m堆/q炭/n块/q，/wd显然/ad是/vshi厨房/n。/wj
院子/n西边/f有/vyou个/q小/a坛/ng，/wd一/m位/q穿/v灰/ag毛线/n衣/ng的/ude1人/n正/d拿/v把/pba铁锨/n翻/v土/n。/wj
他/rr以为/v这/rzv就是/d润/v叶/ng她/rr二/m爸/n。/wj
仔细/ad一/d看/v，/wd是/vshi位/q头发/n花白/z的/ude1老/a干部/n，/wd他/rr并/d没/d见/v过/uguo。/wj
他/rr心慌意乱/vl地/ude2跟/v润/v叶/ng进/vf了/ule边上/f的/ude1一/m孔/q窑洞/n。/wj
润生/nr2说/v他/rr要/v去/vf看/v电影/n，/wd和/cc他/rr打/v了/ule个/q照面/vi就/d走/v了/y。/wj
润叶/nr2让/v他/rr坐/v在/p一个/mq方桌/n前/f，/wd接着/c就/d出/vf去/vf为/v他/rr张罗/v饭/n去/vf了/y。/wj
现在/t他/rr一个/mq人/n坐/v在/p这/rzv陌生/a的/ude1地方/n，/wd心/n还/d在/p咚咚/o地/ude2跳/vi着/uzhe。/wj
两/m只/q手/n似乎/d没/v个/q搁/v处/vi，/wd只好/d规/ng规矩/n矩/ng放/v在/p自己/rr的/ude1腿/n膝盖/n上/f。/wj
还/d好/a，/wd这/rzv屋子/n里/f没/v人/n。/wj
他/rr环顾/v四周/f，/wd发现/v这/rzv窑洞/n里/f不/d盘/qv炕/n，/wd放/v着/uzhe一些/mq箱子/n、/wn柜子/n和/cc其它/rz杂物/n。/wj
窑洞/n不/d小/a，/wd留/v出/vf很/d大/a一/m块/q空间/n。/wj
这/rzv张/q方桌/n的/ude1四周/f摆/v着/uzhe一/m圈/qv椅子/n、/wn凳子/n，/wd显然/ad是/vshi专门/d吃饭/vi的/ude1地方/n。/wj
正/d在/p这时/rzt，/wd他/rr听见/v外面/f有/vyou个/q女/b的/ude1和/cc润/v叶/ng说话/vi。/wj
听见/v润/v叶/ng叫/vi这/rzv人/n二/m妈/n，/wd少平/nr2便/d知道/v这/rzv是/vshi田/nr1主任/n的/ude1爱人/n——/wp听说/v她/rr在/p县/n医院/n当/p大夫/n，/wd动手术/vi非常/d能/v行/ng，/wd老百姓/n到/v县/n医院/n治病/vi，/wd都/d抢/v着/uzhe找/v徐/nr1大夫/n。/wj
听见/v徐/nr1大夫/n声音/n很/d大/a地/ude2喊/v着/uzhe说/v：/wp“/wyz爸/n，/wd你/rr怎/ryv不/d穿/v棉衣/n？/ww
小心/ad感冒/vi！/wt
”/wyy又/d听见/v一个/mq老人/n瓮/n声/qv瓮/n气/n地/ude2回答/v说/v：/wp“/wyz我/rr不/d冷/a…/ws
…/ws
”/wyy少平/nr2估计/v这/rzv就是/v他/rr刚才/t在/p院子/n花坛/n边/k看见/v的/ude1那个/rz翻/v土/n的/ude1老头/n——/wp原来/d这/rzv是/vshi田/nr1主任/n的/ude1老丈人/n。/wj
不一会/bl，/wd润/v叶/ng便/d端/v着/uzhe一个/mq大红/b油漆/n盘子/n进来/vf了/y。/wj
他/rr赶忙/d站/vi起来/vf。/wj
润叶/nr2把/pba盘子/n放在/v方桌/n上/f，/wd然后/c把/pba一/m大/a碗/q猪肉/n烩/v粉条/n放/v在/p他/rr面前/f，/wd接着/c又/d把/pba一/m盘/qv雪白/z的/ude1馒头/n也/d放/v在/p了/ule桌子/n上/f。/wj
她/rr亲切/a地/ude2用/v手/n碰/v了/ule碰/v他/rr的/ude1胳膊/n，/wd说/v：/wp“/wyz快/a坐下/vi吃/v！/wt
我们/rr已经/d吃/v过/uguo了/y，/wd你/rr吃/v你/rr的/ude1，/wd我/rr出去/vf刷/v一下/mq碗筷/n。/wj
不要/d怕/v，/wd好好/d吃/v，/wd我/rr知道/v你/rr在/p学校/n吃/v不好/a…/ws
…/ws
”/wyy她/rr拿/v着/uzhe木/a盘/qv出去/vf了/y。/wj
孙少平/nr的/ude1喉/ng眼/n骨/ng剧烈/a地/ude2耸/vg动/v起来/vf。/wj
肉/n菜/n和/cc白/a馍/n的/ude1香味/n使/v他/rr有/vyou些/q眩晕/vi。/wj
他/rr坐/v下来/vf，/wd拿/v起/vf筷子/n，/wd先/d长长/z地/ude2吐/v了/ule一/m口/q气/n。/wj
他/rr什么/ry也/d不/d想/v了/y，/wd闷/v着/uzhe头/n大/a口/q大/a口/n地/ude2吃/v起来/vf，/wd感谢/v润/v叶/nr1姐/n把/pba他/rr一个/mq人/n留/v在/p这里/rzs，/wd否则/c他/rr吃/v这/rzv顿/qv好/a饭/n会/v有/vyou多/m别扭/a！/wt
他/rr把/pba一/m大/a碗/q猪肉/n粉条/n刨/v了/ule个/q净/a光/n，/wd而且/c还/d吞咽/v了/ule五/m个/q馒头/n。/wj
他/rr本来/d还/d可以/v吃/v两/m个/q馒头/n，/wd但/c克制/v住/vi了/y——/wp这/rzv已经/d吃/v得/ude3不/d象话/a了/y！/wt
他/rr放下/v碗筷/n，/wd感到/v肚子/n隐隐/z地/ude2有些/rz不/d舒服/a。/wj
他/rr吃/v得/ude3太/d多/a太/d快/a了/y；/wf他/rr那/rzv消化/v高粱面/n馍/n的/ude1胃口/n，/wd经不住/v这种/r意外/a的/ude1宠爱/v。/wj
他/rr从/p凳子/n上/f立/v起/vf身/ng来/f，/wd在/p脚/n地/ude2上/vf走/v了/ule两/m步/qv。/wj
这时/rzt，/wd润/v叶/nr1姐/n进来/vf了/y，/wd她/rr后边/f还/d跟/v进来/vf一个/mq姑娘/n，/wd对/p他/rr笑/v了/ule笑/v。/wj
润/v叶/nr1姐/n对/p他/rr说/v：/wp“/wyz这/rzv是/vshi晓霞/nr2，/wd我/rr二/m爸/n的/ude1女子/n。/wj
你/rr不/d认识/v？/ww
她/rr也/d是/vshi才/d上/vf高中/n的/ude1。/wj
”/wyy“/wyz你/rr和/cc润生/nr2是/vshi一个/mq班/n的/ude1吧/y？/ww
”/wyy田晓霞/nr大方/a地/ude2问/v他/rr。/wj
“/wyz嗯/e…/ws
…/ws
”/wyy少平/nr2一下子/mq感到/v脸/n象/ng炭火/n一般/ad发/v烫/v。/wj
他/rr首先/d意识/vi到/v的/ude1是/vshi他/rr的/ude1一/m身/q烂/a脏/a衣服/n。/wj
他/rr站/vi在/p这个/rz又/d洋/ag又/d俊/nr1、/wn穿戴/v漂亮/a的/ude1女/b同学/n面前/f，/wd觉得/v自己/rr就/d象/ng一个/mq叫化子/n到/v她家/r门/n上/f讨/v吃/v来/vf了/y。/wj
润/v叶/ng收拾/v他/rr的/ude1碗筷/n，/wd晓霞/nr2热情/a地/ude2给/v地/ude2泡茶/vi。/wj
