/ww
有/vyou，/wd也/d只不过/d是/vshi想/v好/a上/f再/d好/a，/wd那/rzv是/vshi馋/a。/wj
馋/a是/vshi你们/rr这些/rz人/n的/ude1特点/n。/wj
”/wyy我/rr承认/v他/rr说/v得/ude3有些/rz道理/n，/wd禁不住/v问/v他/rr：/wp“/wyz你/rr总/d在/p说/v你们/rr、/wn你们/rr，/wd可/v你/rr是/vshi什么/ry人/n？/ww
”/wyy他/rr迅速/ad看/v着/uzhe其他/rzv地方/n，/wd只是/c不/d看/v我/rr，/wd说/v：/wp“/wyz我/rr当然/d不/d同/p了/y。/wj
我/rr主要/d是/vshi对/p吃/v要求/v得/ude3比较/d实在/a。/wj
唉/e，/wd不/d说/v这些/rz了/y，/wd你/rr真/a的/ude1不/d喜欢/vi下棋/vi？/ww
何以/d解忧/vi？/ww
唯有/v象棋/n。/wj
”/wyy我/rr瞧/v着/uzhe他/rr说/v：/wp“/wyz你/rr有/vyou什么/ry忧/vi？/ww
”/wyy他/rr仍然/d不/d看/v我/rr，/wd“/wyz没有/v什么/ry忧/ng，/wd没有/v。/wj
‘/wyz忧/ng’/wyy这/rzv玩意/n儿/ng，/wd是/vshi他/rr妈/n文人/n的/ude1佐料/n儿/ng。/wj
我们/rr这种/r人/n，/wd没有/v什么/ry忧/ng，/wd顶多/d有些/rz不/d痛快/a。/wj
何以/d解/v不/d痛快/a？/ww
唯有/v象棋/n。/wj
”/wyy我/rr看/v他/rr对/p吃/v很/d感/vg兴趣/n，/wd就/d注意/v他/rr吃/v的/ude1时候/n。/wj
列车/n上/f给/p我们/rr这/rzv几/m节/q知青/n车厢/n送/v饭/n时/ng，/wd他/rr若/v心思/n不/d在/p下棋/vi上/f，/wd就/d稍稍/d有些/rz不安/an。/wj
听/v见/v前面/f大家/rr拿/v吃/v时/ng铝/n盒/ng的/ude1碰撞/vn声/ng，/wd他/rr常常/d闭/v上/vf眼/n，/wd嘴巴/n紧紧/d收/v着/uzhe，/wd倒/d好像/v有/vyou些/q恶心/a。/wj
拿到/v饭后/t，/wd马上/d就/d开始/v吃/v，/wd吃/v得/ude3很/d快/a，/wd喉/ng节/n一/m缩/vi一/m缩/vi的/ude1，/wd脸上/s绷/v满/v了/ule筋/n。/wj
常常/d突然/ad停/vi下来/vf，/wd很/d小心/a地/ude2将/p嘴边/s或/c下巴/n上/f的/ude1饭粒/n儿/ng和/cc汤/n水/n油/n花儿/n用/p整个/b儿/ng食指/n抹/v进/vf嘴里/s。/wj
若/c饭粒/n儿/k落/v在/p衣服/n上/f，/wd就/d马上/d一/d按/v，/wd拈/v进/vf嘴里/s。/wj
若/c一个/mq没/d按住/v，/wd饭粒/n儿/k由/p衣服/n上/f掉/v下/vf地/n，/wd他/rr也/d立刻/d双脚/n不再/d移动/v，/wd转/v了/ule上身/s找/v。/wj
这时候/rzt他/rr若/c碰上/v我/rr的/ude1目光/n，/wd就/d放慢/v速度/n。/wj
吃/v完/vi以后/f，/wd他/rr把/pba两/m只/q筷子/n吮/v净/a，/wd拿/v水/n把/pba饭盒/n冲/v满/a，/wd先/d将/d上面/f一/m层/qv油花/n吸/v净/a，/wd然后/c就/d带/v着/uzhe安全/an到达/v彼岸/n的/ude1神色/n小/a口/q小/a口/n的/ude1呷/v。/wj
有/vyou一/m次/qv，/wd他/rr在/p下棋/vi，/wd左手/n轻轻地/z叩/vg茶几/n。/wj
一/m粒/q干/v缩/vi了/ule的/ude1饭粒/n儿/k也/d轻轻地/z小声/ad跳/vi着/uzhe。/wj
他/rr一下/mq注意/v到/v了/y，/wd就/d迅速/ad将/p那个/rz饭粒/n儿/k放/v进/vf嘴里/s，/wd腮/n上/f立刻/d显出/v筋络/n。/wj
我/rr知道/v这种/r干/v饭粒/n儿/k很/d容易/ad嵌/v到/v槽牙/n里/f，/wd巴/b在/p那儿/rzs，/wd舌头/n是/vshi赶/v它/rr不/d出/vf的/ude1。/wj
果然/c，/wd呆/v了/ule一会儿/mq，/wd他/rr就/d伸手/vi到/v嘴里/s去/vf抠/v。/wj
终于/d嚼/v完/vi，/wd和/p着/uzhe一/m大/a股/n口/q水/n，/wd“/wyz咕/o”/wyy地/n一/m声/qv儿/ng咽下/v去/vf，/wd喉/ng节/n慢慢/d地/ude2移/v下来/vf，/wd眼睛/n里/f有/vyou了/ule泪花/n。/wj
他/rr对/p吃/v是/vshi虔诚/a的/ude1，/wd而且/c很/d精细/a。/wj
有时/d你/rr会/v可怜/v那些/rz饭/n被/pbei他/rr吃/v得/ude3一个/mq渣/n儿/k都/d不/d剩/v，/wd真/d有/vyou点儿/q惨无人道/al。/wj
我/rr在/p火车/n上/f一直/d看/v他/rr下棋/vi，/wd发现/v他/rr同样/d是/vshi精细/a的/ude1，/wd但/c就/d有/vyou气度/n得/ude3多/a。/wj
他/rr常常/d在/p我们/rr还/d根本/d看/v不/d出/vf已/d是/vshi败局/n时/ng就/d开始/v重/a码/q棋子/n，/wd说/v：/wp“/wyz再/d来/vf一/m盘/qv吧/y。/wj
”/wyy有的/rz人/n不/d服输/vi，/wd非/b要/v下/f完/vi，/wd总/d觉得/v被/pbei他/rr那样/rzv暗示/v死刑/n存/v些/q侥幸/a。/wj
他/rr也/d奉陪/v，/wd用/p四五/m步/qv棋/n逼死/v对方/n，/wd说/v：/wp“/wyz非/b要/v听/v‘/wyz将/d’/wyy，/wd有瘾/v？/ww
”/wyy我/rr每/rz看到/v他/rr吃饭/vi，/wd就/d回想/v起/vf杰克/nrf?/ww
伦敦/nsf的/ude1《/wkz热爱/v生命/n》/wky，/wd终于/d在/p一/m次/qv饭后/t他/rr小/a口/n呷/v汤/n时/ng讲/v了/ule这个/rz故事/n。/wj
我/rr因为/c有/vyou过/uguo饥饿/n的/ude1经验/n，/wd所以/c特别/d渲染/v了/ule故事/n中/f的/ude1饥饿/n感觉/n。/wj
他/rr不/d再/d喝/vg汤/n，/wd只是/d把/pba饭盒/n端/v在/p嘴边/s儿/ng，/wd一动不动/dl地/ude2听/v我/rr讲/v。/wj
我/rr讲/v完/vi了/y，/wd他/rr呆/v了/ule许久/m，/wd凝视/v着/uzhe饭盒/n里/f的/ude1水/n，/wd轻轻/d吸/v了/ule一/m口/q，/wd才/c很/d严肃/a地/ude2看/v着/uzhe我/rr说/v：/wp“/wyz这个/rz人/n是/vshi对/p的/ude1。/wj
他/rr当然/d要/v把/pba饼干/n藏/v在/p褥子/n底下/f。/wj
照/p你/rr讲/v，/wd他/rr是/vshi对/p失去/v食物/n发生/v精神/n上/f的/ude1恐惧/an，/wd是/vshi精神病/n？/ww
不/d，/wd他/rr有/vyou道理/n，/wd太/d有/vyou道理/n了/y。/wj
写/v书/n的/ude1人/n怎么/ryv可以/v这么/rz理解/v这个/rz人/n呢/y？/ww
杰/ag…/ws
…/ws
杰/ag什么/ry？/ww
嗯/e，/wd杰克/nrf?/ww
伦敦/nsf，/wd这个/rz小子/n他/rr妈/n真是/d饱/a汉子/n不知/v饿/v汉/tg饥/ag。/wj
”/wyy我/rr马上/d指出/v杰克/nrf?/ww
伦敦/nsf是/vshi一个/mq如何/ryv如何/ryv的/ude1人/n。/wj
他/rr说/v：/wp“/wyz是/vshi呀/y，/wd不管/c怎么样/ryv，/wd像/p你/rr说/v的/ude1，/wd杰克/nrf?/ww
伦敦/nsf后来/t出/vf了/ule名/q，/wd肯定/d不/d愁/v吃/v的/ude1，/wd他/rr当然/d会/v叼/v着/uzhe根/n烟/n，/wd写/v些/q嘲笑/v饥饿/n的/ude1故事/n。/wj
”/wyy我/rr说/v：/wp“/wyz杰克/nrf?/ww
伦敦/nsf丝毫/m也/d没有/d嘲笑/v饥饿/n，/wd他/rr是/vshi…/ws
…/ws
”/wyy他/rr不耐烦/a地/ude2打断/v我/rr说/v：/wp“/wyz怎么/ryv不/d是/vshi嘲笑/v？/ww
把/pba一个/mq特别/d清楚/a饥饿/n是/vshi怎么/ryv回/v事儿/n的/ude1人/n写/v成/v发/v了/ule神经/n，/wd我/rr不/d喜欢/vi。/wj
”/wyy我/rr只好/d苦笑/vi，/wd不再/d说/v什么/ry。/wj
可是/c一/d没/v人/n和/cc他/rr下棋/vi了/y，/wd他/rr就/d又/d问/v我/rr：/wp“/wyz嗯/e？/ww
再/d讲/v个/q吃/v的/ude1故事/n？/ww
其实/d杰克/nrf?/ww
伦敦/nsf那个/rz故事/n挺/d好/a。/wj
”/wyy我/rr有些/rz不/d高兴/a地/ude2说/v：/wp“/wyz那/rzv根本/d不/d是/vshi个/q吃/v的/ude1故事/n，/wd那/rzv是/vshi一个/mq讲/v生命/n的/ude1故事/n。/wj
你/rr不愧为/v棋/n呆子/n。/wj
”/wyy大约/d是/vshi我/rr脸上/s有种/a表情/n，/wd他/rr于是/cc不知/v怎么/ryv办/v才/d好/a。/wj
我/rr心里/s有/vyou一/m种/q东西/n升/v上/f来/vf，/wd我/rr还/d是/vshi喜欢/vi他/rr的/ude1，/wd就/d说/v：/wp“/wyz好/a吧/y，/wd巴尔扎克/nrf的/ude1《/wkz邦/ng斯/Rg舅舅/n》/wky听/v过/uguo吗/y？/ww
”/wyy他/rr摇摇/v头/n。/wj
我/rr就/d又/d好好儿/z描述/v一下/mq邦/ng斯/Rg舅舅/n这个/rz老/a饕/n。/wj
不料/d他/rr听/v完/vi，/wd马上/d就/d说/v：/wp“/wyz这个/rz故事/n不好/a，/wd这/rzv是/vshi一个/mq馋/a的/ude1故事/n，/wd不/d是/vshi吃/v的/ude1故事/n。/wj
邦斯/nrf这个/rz老头儿/n若/c只/d是/vshi吃/v而/cc不/d馋/a，/wd不/d会/v死/v。/wj
我/rr不/d喜欢/vi这个/rz故事/n。/wj
”/wyy他/rr马上/d意识/vi到/v这/rzv最后/f一/m句/q话/n，/wd就/d急忙/d说/v：/wp“/wyz倒/vi也/d不/d是/vshi不/d喜欢/vi。/wj
不过/c洋人/n总和/n咱们/rr不/d一样/uyy，/wd隔/v着/uzhe一/m层/qv。/wj
我/rr给/p你/rr讲/v个/q故事/n吧/y。/wj
”/wyy我/rr马上/d感/vg了/ule兴趣/n：/wp棋/n呆子/n居然/d也/d有/vyou故事/n！/wt
