/wd白/d来/vf一/m世/ng，/wd我/rr看/v你/rr和/cc那/rzv小伙子/n倒/d是/vshi天生/b的/ude1一/m对/q，/wd明/tg个/q一早/t，/wd我/rr就/d把/pba你们/rr一/m起/q烧/vi了/y。/wj
”/wyy老头/n又/d来到/v第三/m张/q尸/ng床/n前/f，/wd掀开/v尸/ng布/n，/wd原来/d是/vshi一个/mq中年/t男人/n。/wj
老头/n嘻/o嘻笑/v道/n：/wp“/wyz我/rr要/v的/ude1就是/v你/rr，/wd你/rr可/v死/v得/ude3冤枉/a。/wj
”/wyy说/v着/uzhe，/wd推/v着/uzhe尸/ng床/n出/vf了/ule停/vi尸/ng间/f，/wd穿过/v走廊/n，/wd向/p火化/v炉/ng走/v去/vf。/wj
来到/v火化/v炉/ng前/f，/wd老头/n打开/v炉门/n，/wd灌/v了/ule点/n炉/ng油/n，/wd按/p动/v机关/n，/wd然后/c就/d来/vf搬/v死尸/n。/wj
“/wyz什么/ry？/ww
！/wt
”/wyy儿子/n惊/v得/ude3睁/v大/a眼睛/n。/wj
“/wyz他/rr给/p抓/v走/v了/y？/ww
”/wyy“/wyz人/n都/d死/v了/y。/wj
”/wyy中年/t妇女/n嘟哝/v着/uzhe，/wd去/vf翻/v儿子/n屋里/s的/ude1抽屉/n。/wj
“/wyz唉/e哟/e，/wd他/rr还/d该/v我/rr100/m元/q钱/n呢/y！/wt
”/wyy“/wyz快/a给/p我/rr找/v照片/n。/wj
”/wyy儿子/n一骨碌/d爬/v起来/vf，/wd打开/v最底层/n抽屉/n，/wd摸/v出/vf了/ule那个/rz女人/n的/ude1照片/n。/wj
这/rzv是/vshi一/m张/q侧/f照/v，/wd那/rzv女人/n一头/mq乌黑/z的/ude1卷发/vn，/wd微/ag呈/v弧形/n的/ude1高/a鼻梁/n，/wd一/m双/q杏核眼/n充满/v了/ule妩媚/a，/wd穿/v一/m条/q时髦/a的/ude1紧身/n裙/ng和/cc一/m双/q白色/n高跟鞋/n。/wj
这时/rzt，/wd又/d有/vyou一/m辆/q汽车/n停/vi在/p院/n门口/s，/wd龙飞/nz从/p车上/s走/v下来/vf，/wd肖克/nrf迎/v上去/vf道/v：/wp“/wyz处长/n，/wd这里/rzs发现/v了/ule那个/rz女人/n的/ude1照片/n。/wj
”/wyy龙飞/nz接/v过/uguo照片/n一/d瞧/v，/wd脑子/n里/f嗡/o的/ude1一/m声/qv，/wd怎么/ryv，/wd难道/d是/vshi她/rr？/ww
！/wt
…/ws
…/ws
14/m年/qt前/f的/ude1往事/n一幕幕/m地/ude2浮现/vi在/p他/rr的/ude1脑际/n…/ws
…/ws
第6/m节/q：/wp金陵/ns魔窟/n之/uzhi谜/ng(/wkz1/m)/wky三/m、/wn金陵/ns魔窟/n之/uzhi谜/ng风雨飘摇/vl的/ude11948年/t秋天/t，/wd南京/ns，/wd这个/rz历尽/v风霜/n的/ude1帝王/n之/uzhi乡/n，/wd在/p人民/n解放军/n隆隆/o的/ude1炮声/n中/f震颤/v。/wj
秦淮河/ns畔/ng失去/v了/ule往日/t的/ude1繁华/a，/wd如今/t显得/v凄清/an。/wj
画船/n、/wn粉/n妓/n不知/v流落/v何处/rys，/wd家家/q闭/v户/ng，/wd楼/n巷/ng一/m空/ng。/wj
只有/c大自然/n仍然/d展现/v着/uzhe它/rr的/ude1美貌/n，/wd红枫/nr、/wn黄栌/n、/wn梧桐/n、/wn白杨/n、/wn银杏/n…/ws
…/ws
紫金山/ns上/f紫红/b、/wn深红/b、/wn橘红/b、/wn橙/b黄/b、/wn古/a铜/n、/wn翠绿/z…/ws
…/ws
中山陵/ns一头/d钻进/v浓浓的/z秋色/n之中/f。/wj
莫/d愁/v湖畔/n的/ude1榆/ng柳/ng，/wd雨花台/ns上/f的/ude1林木/n，/wd呈现/v出/vf各种各样/bl斑斓/z的/ude1色彩/n：/wp青/a的/ude1翡翠/n，/wd绿/a的/ude1碧绿/z，/wd黄/a的/ude1金黄/z，/wd红/a的/ude1鲜红/z，/wd恰似/v蜀锦/n齐/nr1纨/n一般/uyy，/wd簇拥/v着/uzhe画/n栋/q雕/v梁/n，/wd绣/v幕/n珠/ng帘/ng。/wj
中央/n大学/n门口/s。/wj
出现/v一个/mq青年/n学生/n，/wd他/rr身/ng穿/v笔挺/z的/ude1西服/n，/wd系/v着/uzhe一/m条/q花/n领带/n，/wd显得/v潇洒/a英俊/a。/wj
他/rr就/d是/vshi龙飞/nz，/wd当时/t18/m岁/qt，/wd刚/d到/v中央/n大学/n新闻/n系/v报到/vi。/wj
一/m辆/q黑色/n轿车/n戛然而止/vl，/wd车上/s下来/vf一个/mq年轻/a漂亮/a的/ude1女/b学生/n，/wd穿/v着/uzhe黑色/n的/ude1旗袍/n，/wd旗袍/n上/f绣/v满/v了/ule梅花/n，/wd她/rr拎/v着/uzhe一个/mq沉重/a的/ude1黑/a皮箱/n。/wj
她/rr叫/vi白薇/nr。/wj
白薇/nr拎/v着/uzhe皮箱/n走/v来/vf。/wj
白薇/nr问/v：/wp“/wyz同学/n，/wd新闻/n系/v在/p哪儿/rys报到/vi？/ww
”/wyy龙飞/nz说/v：/wp“/wyz我/rr也/d是/vshi新闻/n系/v的/ude1，/wd咱们/rr是/vshi同班/vn同学/n。/wj
”/wyy白薇/nr高兴/a地/ude2说/v：/wp“/wyz太/d好/a了/y。/wj
”/wyy龙飞/nz说/v：/wp“/wyz我/rr帮/v你/rr拿/v，/wd新闻/n系/v在/p二/m楼/n。/wj
你/rr叫/vi什么/ry名字/n？/ww
”/wyy“/wyz白薇/nr。/wj
”/wyy龙飞/nz问/v：/wp“/wyz白色/n的/ude1白/a，/wd微笑/vi的/ude1微/ag？/ww
”/wyy白薇/nr笑/v道/n：/wp“/wyz我/rr可/v不/d爱/v微笑/vi，/wd草字头/n，/wd下面/f一个/mq微笑/vi的/ude1微/ag。/wj
”/wyy龙飞/nz笑/v道/n：/wp“/wyz噢/e，/wd头/n上/f顶/v着/uzhe草/n才/d微笑/vi。/wj
”/wyy白薇/nr问/v：/wp“/wyz你/rr叫/vi什么/ry名字/n？/ww
”/wyy“/wyz龙飞/nz。/wj
”/wyy白薇/nr眉毛/n一/m扬/vg：/wp“/wyz一定/d是/vshi属/v龙/n的/ude1，/wd又/d属/v龙/n，/wd又/d腾飞/vi，/wd这/rzv条/q龙/n够/v狂/a的/ude1。/wj
”/wyy龙飞/nz说/v：/wp“/wyz我/rr是/vshi雨天/n龙/n，/wd不/d能/v腾/v云/vg驾/v雾/n，/wd你/rr是/vshi本地/rzs人/n吗/y？/ww
”/wyy白薇/nr支吾/vi着/uzhe说/v：/wp“/wyz我/rr也/d说/v不/d好/a。/wj
”/wyy“/wyz那/rzv是/vshi江湖/n人/n。/wj
”/wyy白薇/nr问/v：/wp“/wyz你/rr呢/y？/ww
”/wyy龙飞/nz回答/v：/wp“/wyz苏北/ns人/n。/wj
”/wyy两/m个/q人/n来到/v二/m楼/n。/wj
白天/t，/wd教室/n内/f上/vf文学/n课/n。/wj
老师/n正/d在/p讲/v屈原/nr的/ude1《/wkz离骚/nz》/wky。/wj
白薇/nr在/p座位/n上/f埋头/vd看/v《/wkz色情/n间谍/n》/wky。/wj
龙飞/nz坐/v在/p她/rr身后/f座位/n上/f。/wj
老师/n叫/vi道/v：/wp“/wyz白薇/nr。/wj
”/wyy白薇/nr慌乱/an中/f答/v了/ule一/m声/qv“/wyz到/v”/wyy，/wd匆忙/ad站/vi了/ule起来/vf。/wj
同学/n们/k哄堂大笑/vl。/wj
《/wkz色情/n间谍/n》/wky的/ude1书/n落/v在/p地上/s。/wj
“/wyz不/d许/dg动/v！/wt
”/wyy老头/n猛/d听/v一/m声/qv低/a喝/vg，/wd只/d觉/v后/f脖/ng梗/v一阵/mq冰凉/z。/wj
后面/f那/rzv人/n又/d道/v：/wp“/wyz快/a跟/p我/rr走/v！/wt
”/wyy老头/n听/v出/vf是/vshi个/q女人/n的/ude1声音/n，/wd就/d在/p地/n缓缓/d转身/vi的/ude1一刹那/t，/wd他/rr看/v清/v了/ule那/rzv女人/n的/ude1面孔/n，/wd正是/v第二/m张/q尸/ng床/n上/f躺/v着/uzhe的/ude1那个/rz“/wyz女尸/n”/wyy。/wj
老头/n心灰意冷/vl，/wd慢腾腾/z地/n朝外/nz走/v着/uzhe，/wd走/v着/uzhe…/ws
…/ws
忽然/d，/wd老头/n一/d猫腰/v，/wd一个/mq后/f蹬腿/v，/wd蹬/v翻/v了/ule女/b人/n手中/s的/ude1枪/n，/wd然后/c猛虎/n扑/v食/v般/uyy扑/v向/p女人/n。/wj
那/rzv女人/n毫不/d畏惧/v，/wd拼命/d与/p老头/n搏斗/vi。/wj
老头/n仗/n着/uzhe酒/n劲/ag，/wd把/pba女人/n掀翻/v在/p地上/s，/wd然后/c去/vf掏/v怀里/s的/ude1手枪/n。/wj
女人/n一/m翻身/vi，/wd把/pba老头/n掀翻/v在/p身/ng下/f，/wd老头/n的/ude1右腿/n是/vshi条/q假/a腿/n，/wd使/v不/d上/vf劲/n，/wd无声手枪/n又/d掏/v不/d出来/vf，/wd只好/d一声不吭/al地/ude2使/v足/ng全力/d与/p女人/n搏/vg打/v。/wj
女人/n拼命/d地/ude2去/vf拾/v地上/s的/ude1手枪/n。/wj
就/d在/p这时/rzt，/wd老头/n抽出/v右手/n从/p右腿/n根/q处/n摸/v出/vf一/m柄/q匕首/n，/wd狠命/d地/ude2朝/p女人/n臀部/n扎/v去/vf，/wd女人/n惊叫/vi一/m声/qv，/wd软绵绵/z倒下/v了/y。/wj
老头/n迅速/a地/ude2将/p女人/n扔/v到/v火化/v炉/ng内/f，/wd关上/v炉门/n，/wd赶快/d用/p手/n去/vf按/p机关/n。/wj
这时/rzt，/wd老头/n的/ude1手/n被/pbei一/m只/q钳子/n般/uyy的/ude1手/n狠狠/d地/ude2攥/v住/vi了/y，/wd肖克/nrf和/cc殡仪/n场/qv保卫科/n长老/n王/nr1出现/v在/p他/rr面前/f。/wj
老/a王/n喝道/vi：/wp“/wyz向永福/nr，/wd原来/d你/rr是/vshi个/q特务/n！/wt
”/wyy肖克/nrf用/p手铐/n铐/v好/a向永福/nr，/wd然后/c开/v了/ule炉门/n，/wd抱/v出/vf奄奄一息/vl的/ude1南云/nr，/wd原来/b南/b云/n假扮/v女尸/n前来/vi侦察/v敌情/n。/wj
