我们/rr俩/m家人/n都/d不/d在/p这里/rzs，/wd也/d不必/d办/v什么/ry仪式/n了/y。/wj
”/wyy“/wyz我/rr现在/t要/v买/v房子/n，/wd很/d需要/v钱/n。/wj
你/rr能/v不能/v把/pba你/rr手头/n的/ude1钱/n，/wd加/v小/a贝/b的/ude1钱/n，/wd先/d借/v给/p我/rr用/p一/m用/v？/ww
等/v我/rr一/d攒/v到/v就/d还/d给/p你们/rr。/wj
”/wyy海萍/nr2开门见山/vl。/wj
“/wyz你/rr要/v多少/ry？/ww
”/wyy“/wyz最/d少/a2万/m，/wd多/m多/m不/d限/v。/wj
”/wyy“/wyz好/a，/wd我/rr过/vf两/m天/qt给/p你/rr送/v来/vf。/wj
你/rr看/v好/a房子/n了/y吗/y？/ww
”/wyy“/wyz还/d没/v呢/y!/wt
我/rr要/v先/d把/pba钱/n的/ude1问题/n解决/v掉/v。/wj
”/wyy“/wyz太/d好/a了/y!/wt
我/rr又/d有/vyou事情/n干/v了/y!/wt
姐/n!/wt
你/rr要/v看/v房子/n的/ude1话/n，/wd叫/vi着/uzhe我/rr，/wd我/rr陪/v你/rr一起/d去/vf!/wt
”/wyy苏淳/nr的/ude1手/n在/p海萍/nr2身上/s来回/vi游移/vi：/wp“/wyz都/d好/a长/a一/m段/q没/d听/v你/rr提/v房子/n了/y，/wd怎么/ryv突然/ad就/d决定/v了/y？/ww
”/wyy海萍/nr2眼/n望/v楼顶/n的/ude1斜/a木桩/n：/wp“/wyz儿子/n。/wj
儿子/n已经/d不/d认/v得/ude3我/rr了/y，/wd晚上/t翻身/vi起来/vf看见/v是/vshi我/rr躺/v在/p他/rr身边/s，/wd会/v放声/d大/a哭/v，/wd叫/vi姥姥/n。/wj
我/rr对/p他/rr而言/uls，/wd和/cc街上/s的/ude1阿姨/n没什么/vl区别/n。/wj
我/rr再/d不/d把/pba他/rr接/v来/vf，/wd我/rr就/d白/d生/v他/rr了/y。/wj
他/rr在/p我/rr肚子/n里/f装/v了/ule10/m个/q月/n，/wd为/p他/rr我/rr挨/v一/m刀/q，/wd喂奶/vi得/ude3乳腺炎/n，/wd两手/mq肿/vi得/ude3都/d放/v不/d下来/vf，/wd每个/r月/n一/m发/q工资/n就/d往/p老家/n寄/v钱/n。/wj
为/p他/rr我/rr吃/v尽/vi了/ule苦头/n，/wd到头来/d，/wd他/rr却/d和/cc我/rr不/d亲/a，/wd把/pba我/rr当/p外人/n。/wj
这/rzv不/d是/vshi我/rr想/v要/v的/ude1生活/vn。/wj
我/rr要/v趁/p他/rr记忆/n还/d不/d完全/a的/ude1时候/n，/wd把/pba他/rr接/v到/v身边/s，/wd好好/d爱/v他/rr，/wd亲/v他/rr，/wd教育/v他/rr，/wd让/v他/rr觉得/v我/rr是/vshi这个/rz世界/n上/f最/d爱/v他/rr的/ude1人/n。/wj
”/wyy海萍/nr2流泪/vi，/wd一/m偏/a头/n，/wd将/p眼泪/n滴/v在/p丈夫/n的/ude1胳膊/n上/f，/wd然后/c把/pba头/n埋/v进/vf苏淳/nr的/ude1腋下/s。/wj
苏淳/nr抚摸/v着/uzhe妻子/n的/ude1背/n，/wd不再/d说话/vi。/wj
（/wkz3/m）/wky（/wkz待续/vi）/wky（/wkz4/m）/wky周日/t，/wd海藻/n带/v着/uzhe一/m大/a堆/q衣服/n过来/vf。/wj
这/rzv是/vshi姐妹/n俩/m的/ude1约定/vn。/wj
每个/r星期/n见/v一/m次/qv面/n，/wd把/pba俩/m人/n的/ude1衣服/n交换/v一/m遍/qv。/wj
这样/rzv，/wd姐妹/n俩/m就/d不用/d购置/v太/d多/a的/ude1衣服/n，/wd还/d显得/v满/v趁/p头/n的/ude1。/wj
“/wyz姐/n!/wt
你/rr要/v把/pba那/rzv件/q蓝色/n的/ude1烫/a一/m烫/v。/wj
还有/v，/wd上次/t那/rzv件/qESPRIT/x的/ude1，/wd你/rr是/vshi手/n洗/v的/ude1吗/y？/ww
”/wyy海藻/n顺手/d把/pba所有/b的/ude1衣服/n都/d丢/v在/p床/n上/f。/wj
海萍/nr2迅速/ad麻利/a地/ude2收/v进/vf衣橱/n，/wd并且/c将/d要/v置换/vn的/ude1衣服/n一件件/m挂/v在/p窗/ng前/f的/ude1竹竿/n上/f。/wj
“/wyz衣服/n我/rr都/d烫/v过/uguo了/y，/wd你/rr不/d用/v嘱咐/v，/wd我/rr洗/v衣服/n前/f都/d看/v牌子/n的/ude1。/wj
我/rr比/p你/rr仔细/ad多/a了/y。/wj
你/rr的/ude1衣服/n我/rr挂/v这里/rzs，/wd走/v的/ude1时候/n再/d拿/v下来/vf，/wd摊床/n上/f要/v皱/v。/wj
你/rr提/v的/ude1时候/n手/n抬高/v点/qt，/wd那/rzv条/q裙子/n很/d长/a，/wd搞/v不好/ad会/v拖/v地/n。/wj
”/wyy“/wyz姐夫/n呢/y？/ww
”/wyy“/wyz他/rr加班/vi。/wj
”/wyy其实/d海萍/nr2在/p海藻/n来/vf之前/f把/pba丈夫/n支/q走/v了/y。/wj
她/rr怕/v当着/p苏/b淳/ag的/ude1面/n跟/p妹妹/n谈/v钱/n，/wd丈夫/n会/v难堪/a。/wj
“/wyz海藻/n，/wd跟/p你/rr商量/v个/q事/n。/wj
吃/v菜/n!/wt
吃/v菜/n!/wt
”/wyy海萍/nr2把/pba不/d多/a的/ude1几/m只/q红/a虾/n夹/v到/v海藻/n碗/n里/f。/wj
“/wyz什么/ry事/n？/ww
”/wyy“/wyz你/rr手头/n有/vyou多少/ry存款/n？/ww
”/wyy“/wyz我/rr哪/ry有/vyou什么/ry存款/n啊/y？/ww
这/rzv不/d刚/d找到/v工作/vn吗/y？/ww
中间/f一/m歇/v好几/m个/q月/n，/wd吃/v的/ude1都/d是/vshi老/a本/n。/wj
我/rr发现/v，/wd在/p上海/ns这种/r地方/n，/wd要/v想/v存/v起/vf钱/n来/f，/wd比/p登/v天/qt还/d难/a。/wj
”/wyy“/wyz到底/d多少/ry？/ww
你/rr能/v拿/v出来/vf的/ude1？/ww
”/wyy海藻/n仔细/ad想/v了/ule想/v：/wp“/wyz8000/m块/q？/ww
”/wyy“/wyz8000/m块/q你/rr还/d想/v明年/t结婚/vi？/ww
这/rzv转眼/d就/d到/v明年/t了/y!/wt
小贝/nr也/d不/d是/vshi什么/ry有/vyou钱/n人/n，/wd你们/rr靠/v什么/ry买/v房子/n啊/y？/ww
”/wyy“/wyz租/v呗/y!/wt
什么/ry时候/n有/vyou钱/n什么/ry时候/n再/d买/v。/wj
结婚/vi容易/a得/ude3很/d，/wd不/d就是/v领/v张/nr1证/n吗/y？/ww
我们/rr俩/m家人/n都/d不/d在/p这里/rzs，/wd也/d不必/d办/v什么/ry仪式/n了/y。/wj
”/wyy“/wyz我/rr现在/t要/v买/v房子/n，/wd很/d需要/v钱/n。/wj
你/rr能/v不能/v把/pba你/rr手头/n的/ude1钱/n，/wd加/v小/a贝/b的/ude1钱/n，/wd先/d借/v给/p我/rr用/p一/m用/v？/ww
等/v我/rr一/d攒/v到/v就/d还/d给/p你们/rr。/wj
”/wyy海萍/nr2开门见山/vl。/wj
“/wyz你/rr要/v多少/ry？/ww
”/wyy“/wyz最/d少/a2万/m，/wd多/m多/m不/d限/v。/wj
”/wyy“/wyz好/a，/wd我/rr过/vf两/m天/qt给/p你/rr送/v来/vf。/wj
你/rr看/v好/a房子/n了/y吗/y？/ww
”/wyy“/wyz还/d没/v呢/y!/wt
我/rr要/v先/d把/pba钱/n的/ude1问题/n解决/v掉/v。/wj
”/wyy“/wyz太/d好/a了/y!/wt
我/rr又/d有/vyou事情/n干/v了/y!/wt
姐/n!/wt
你/rr要/v看/v房子/n的/ude1话/n，/wd叫/vi着/uzhe我/rr，/wd我/rr陪/v你/rr一起/d去/vf!/wt
”/wyy回来/v的/ude1时候/n，/wd小/a贝/ng已经/d把/pba晚饭/n都/d准备/v妥当/a了/y，/wd两/m菜/n一/m汤/n，/wd有/vyou荤/ng有/vyou素/ag。/wj
小贝/nr是/vshi海藻/n工作/vn的/ude1第一/m个/q单位/n的/ude1同事/n，/wd自从/p俩/m人/n好/a上/f，/wd海藻/n就/d从/p海萍/nr2的/ude1家/n搬/v出/vf来/vf与/p小/a贝/ng同居/vi了/y。/wj
“/wyz省/n房钱/n。/wj
”/wyy这/rzv是/vshi小/a贝/ng对/p海藻/n开玩笑/vi时候/n说/v的/ude1，/wd他/rr解释/v为什么/ryv现在/t同居/vi的/ude1人/n如此/rzv之/uzhi多/ng，/wd“/wyz房租/n太/d贵/a，/wd得/v俩/m人/n摊/ng。/wj
”/wyy“/wyz我/rr的/ude1漂亮/a小/a猪/n!/wt
这个/rz肉丝/n给/p你/rr!/wt
”/wyy小/a贝/b习惯性/n将/p所有/b他/rr认为/v好吃/a的/ude1东西/n都/d往/p海藻/n碗/n里/f丢/v。/wj
他/rr会/v细致/ad到/v拨开/v长长的/z豆芽/n，/wd把/pba左/f躲/v右/f闪/vi藏/v无可/v藏/b的/ude1肉/n星/n全都/d挑/v出/vf来/vf，/wd再/d一点一/m点/qt移/v给/p海藻/n。/wj
海藻/n不/d爱/v吃/v肉/n，/wd或者/c说/v，/wd海藻/n自觉/ad不/d爱/v吃/v肉/n，/wd因为/c小/a贝/ng喜欢/vi。/wj
凡是/d小/a贝/ng喜欢/vi的/ude1，/wd海藻/n自觉/ad就/d不/d爱/v了/y。/wj
两/m人/n配合/v默契/an，/wd从没/d在/p吃/v上/f发生/v过/uguo纠纷/n，/wd他们/rr总是/d恰好/d地/ude2喜欢/vi吃/v对方/n不/d爱/v吃/v的/ude1东西/n，/wd却/d爱/v看/v对方/n都/d爱/v的/ude1电影/n，/wd爱/v一/m起/q拉/v着/uzhe手/n围/v着/uzhe楼/n转圈/vi。/wj
