/wp“/wyz跟/p你/rr说/v了/ule我/rr不/d爱/v吃/v肉/n!/wt
我/rr要/v减肥/vi!/wt
”/wyy海藻/n把/pba肉/n又/d丢/v回/v小/a贝/b的/ude1碗/n里/f。/wj
“/wyz你/rr要/v胖/a点/n!/wt
减/v什么/ry肥/n呀/y!/wt
女/b为/v悦己/nr2者/k容/v!/wt
你/rr多/d胖/a我/rr都/d爱/v你/rr，/wd反正/d我/rr已经/d悦/ag了/y，/wd你/rr就/d不必/d减/v了/y!/wt
”/wyy俩/m人/n就/d为/v那/rzv点点/q肉丝/n在/p筷/ng头/n上/f推/v来/vf推/v去/vf。/wj
搞/v不好/a珍贵/a的/ude1肉丝/n还/d掉/v地上/s。/wj
这时候/rzt，/wd总是/d小/a贝/ng义不容辞/vl地/ude2迅速/ad从/p地上/s捞/v起来/vf塞/v进/vf嘴里/s。/wj
“/wyz哎呀/e!/wt
脏/a不/d脏/a!/wt
掉/v了/ule就/d扔/v了/ule啊/y!/wt
”/wyy“/wyz不/d脏/a!/wt
医学/n小/a常识/n说/v了/y，/wd食物/n掉/v到/v地上/s30秒/t之内/f拣/v起来/vf是/vshi不/d会/v被/pbei污染/v的/ude1。/wj
浪费/v了/ule可惜/a。/wj
”/wyy海藻/n看/v着/uzhe小/a贝/b青春/n洋溢/v的/ude1脸/n和/cc富有/v感染力/n的/ude1笑容/n，/wd还有/v丝丝入扣/al的/ude1体贴/vn，/wd想/v，/wd什么/ry是/vshi幸福/a？/ww
幸福/an就/d是/vshi筷/ng头/n上/f的/ude1肉丝/n。/wj
他/rr心里/s有/vyou你/rr就/d是/vshi幸福/a。/wj
“/wyz哎/e!/wt
小贝/nr，/wd跟/p你/rr商量/v个/q事儿/n。/wj
你/rr手头/n有/vyou多少/ry存款/n？/ww
”/wyy“/wyz6万/m多/m吧/y!/wt
”/wyy“/wyz俄/b滴/v神/n呀/y!/wt
老公/n!/wt
你/rr简直/d太/d伟大/a了/y!/wt
你/rr就/d是/vshi鲁迅/nr笔下/n的/ude1孺子牛/n啊/y!/wt
吃/v草/n挤/v奶/n!/wt
你/rr怎么/ryv存/v的/ude1啊/y？/ww
”/wyy“/wyz因为/c我/rr的/ude1小/a猪/n乖/a嘛/y!/wt
她/rr又/d不/d要/v买/v衣服/n，/wd又/d不/d要/v出去/vf高/a消费/vn，/wd整天/d陪/v我/rr蜗居/v，/wd再/d加上/v我/rr一/d想到/v有/vyou一/m天/qt要/v娶/v小/a猪/n进/vf门/n，/wd就/d如/v有/vyou神/n助/v!/wt
”/wyy小/a贝/ng伸/v出/vf两/m个/q巴掌/n往/p海藻/n面前/f一/m放/v，/wd“/wyz耶/y!/wt
”/wyy俩/m人/n跟/p彩排/v好似/v的/ude1击掌/vi欢呼/v，/wd又/d非常/d非常/d“/wyz贱/a”/wyy地/ude2靠/v在/p一起/s撞/v两/m下/vf屁股/n。/wj
这种/r小/a把/pba戏/n是/vshi小/a贝/b设计/vn的/ude1，/wd每次/r都/d被/pbei海藻/n骂/v作/v“/wyz贱/a”/wyy，/wd但是/c每次/r都/d会/v很/d“/wyz贱/a”/wyy地/ude2去/vf配合/v，/wd然后/c慢慢/d地/ude2乐此不疲/vl。/wj
用/p小/a贝/b的/ude1话/n说/v：/wp“/wyz人/n哪/ry，/wd贱/a贱/a就/d习惯/v了/y。/wj
”/wyy小贝/nr还/d提议/v，/wd应该/v把/pba汉字/nz的/ude1“/wyz渐渐/d地/ude2”/wyy改/v为/v“/wyz贱/a贱/a地/ude2”/wyy，/wd他/rr说/v，/wd我/rr贱/a贱/a地/ude2贱/a贱/a地/ude2爱上/v你/rr。/wj
“/wyz小/a贝/ng，/wd你/rr能/v把/pba钱/n借/v我/rr用/v一下/mq吗/y？/ww
”/wyy“/wyz你/rr无耻/a!/wt
你/rr下流/a!/wt
你/rr可恶/a!/wt
你/rr卑鄙/a!/wt
”/wyy小贝/nr突然/ad把/pba筷子/n往/p桌子/n上/f一/m拍/q，/wd双目/n怒/vg睁/v，/wd手指/n点/qt在/p海藻/n的/ude1鼻尖/n上/f，/wd破口大骂/vl。/wj
海藻/n吓/v得/ude3愣住/vi了/y，/wd一/m句/q话/n都/d不/d敢/v往/p下/f说/v。/wj
“/wyz你/rr的/ude1就是/v我/rr的/ude1，/wd我/rr的/ude1就是/v你/rr的/ude1。/wj
你/rr怎么/ryv可以/v跟/p我/rr提/v借/v字/n？/ww
你/rr应该/v直接/ad说/v‘/wyz小/a贝/ng，/wd把/pba你/rr的/ude1钱/n给/p我/rr!/wt
’/wyy然后/c我/rr就/d匍匐/vi在/p地/n，/wd双手/n奉/v上/f，/wd战战兢兢/dl颤颤巍巍/z地/ude2说/v，/wd‘/wyz拿/v去/vf吧/y，/wd都/d拿/v去/vf吧/y，/wd连/ulian我/rr的/ude1人/n一/m并/cc拿/v去/vf吧/y!/wt
我/rr此生/r此/rzs世/ng都/d是/vshi你/rr的/ude1人/n了/y!/wt
’/wyy”/wyy小贝/nr突然/ad狡黠/a一/m笑/v，/wd将/p头/m伏/q在/p瞠目结舌/al的/ude1海藻/n手上/s，/wd轻轻/d一/d吻/v。/wj
海藻/n破/v惊/vd为/v喜/ng，/wd摇/v着/uzhe身子/n娇/a嗔/n：/wp“/wyz你/rr讨厌/v!/wt
吓/v死/v我/rr了/y!/wt
你/rr个/q猪头/n!/wt
我/rr要/v你/rr好/d看/v!/wt
”/wyy顺手/d抄/v起/vf手边/s的/ude1杯子/n，/wd看/v一/m眼/q，/wd放下/v，/wd回头/d从/p床/n上/f揪/v来/vf枕头/n，/wd劈头盖脸/dl向/p小贝/nrf砸/v过去/vf，/wd俩/m人/n滚/vi做/v一/m团/q。/wj
海藻/n都/d忘记/v自己/rr要/v说/v什么/ry了/y。/wj
苏/b淳/ag泄气/vi地/ude2走/v进/vf门/n。/wj
海萍/nr2正/d在/p公共/b厨/ng房间/n里/f炒菜/vi，/wd看/v老公/n一言不发/vl，/wd招呼/v不/d打/v低头/vi直/d上/vf三/m楼/n，/wd狐/ng疑/vg地/n赶紧/d将/p菜/n炒/v毕/vg，/wd关/v了/ule火/n端/v着/uzhe菜/n尾随/v上/vf楼/n。/wj
“/wyz怎么/ryv不/d高兴/a的/ude1样子/n？/ww
你/rr跟/p你/rr妈/n说/v钱/n的/ude1事情/n了/y？/ww
”/wyy海萍/nr2看/v丈夫/n的/ude1脸色/n。/wj
苏淳/nr点点头/v。/wj
“/wyz她/rr怎么/ryv说/v？/ww
”/wyy“/wyz她/rr没/d说话/vi。/wj
”/wyy“/wyz完/vi啦/y？/ww
你/rr就/d挂/v电话/n啦/y？/ww
你/rr亏得/v在/p单位/n打/v，/wd你/rr要/v是/vshi在/p家/n打/v，/wd那/rzv不/d是/vshi浪费/v电话费/n吗/y？/ww
明天/t再/d去/vf问/v。/wj
一定/d要/v搞/v到/v!/wt
海藻/n那里/rzs我/rr都/d说/v妥/a了/y。/wj
我/rr今天/t晚上/t给/p我/rr妈/n打电话/vi。/wj
”/wyy“/wyz海萍/nr2，/wd我/rr真/a的/ude1很/d难/ad张口/vi。/wj
老人/n存/v点/qt钱/n很/d不/d容易/a。/wj
你/rr要/v知道/v，/wd我们/rr父母/n辈/n那/rzv过/vf的/ude1是/vshi什么/ry日子/n。/wj
年轻/a的/ude1时候/n要/v养老/vn要/v养/v小/a，/wd好不容易/dl把/pba老/a的/ude1都/d送/v走/v了/y，/wd一/m天/qt没/d舒服/a，/wd小/a的/ude1还要/d去/vf刮/v。/wj
这/rzv对/p他们/rr的/ude1一生/n来说/uls公平/ad吗/y？/ww
如果/c在/p他们/rr那个/rz时代/n，/wd我们/rr现在/t是/vshi该/rz给/p老/a的/ude1钱/n。/wj
他们/rr不/d要/v我们/rr负担/n，/wd已经/d很/d好/a了/y。/wj
我们/rr，/wd我们/rr…/ws
…/ws
”/wyy“/wyz收起/v你/rr的/ude1内疚/a心/n吧/y!/wt
又/c不/d是/vshi只/d刮/v你/rr父母/n。/wj
我/rr这边/rzs不/d也/d拿/v刀子/n锥子/n吗/y？/ww
你/rr那/rzv叫/vi快/a刀/n拉/v肉/n，/wd只/d疼/v一下/mq，/wd我/rr这边/rzs，/wd每个/r月/n去/vf割/v一/m块/q，/wd我/rr对/p我/rr父母/n，/wd比/p对/p你/rr父母/n狠/d多/a了/y。/wj
除了/p大刀阔斧/dl地/ude2割/v，/wd还要/d细水长流/vl地/ude2割/v。/wj
我/rr父母/n比/p你/rr父母/n还要/d惨/a。/wj
我/rr说/v什么/ry了/y？/ww
按说/d，/wd你们/rr家/n娶/v媳妇/n，/wd房子/n车子/n什么的/r怎么/ryv都/d该/v你们/rr家/n出/vf吧/y？/ww
现在/t儿子/n都/d出来/vf了/y，/wd我/rr也/d不/d计较/v了/y。/wj
好歹/d就/d一/m次/qv，/wd你/rr快/d去/vf。/wj
”/wyy（/wkz4/m）/wky（/wkz待续/vi）/wky（/wkz5/m）/wky苏/b淳/ag手指/n在/p桌面/n上/f划/v来/vf划/v去/vf，/wd一/m副/b内心/n斗争/vn激烈/a的/ude1样子/n。/wj
海萍/nr2继续/v做/v思想/n工作/vn：/wp“/wyz这/rzv也/d怪/v不/d到/v我们/rr啊/y!/wt
现在/t啃/v老/a族/ng都/d成/v时尚/n了/y。/wj
哪个/ry年轻人/n不/d啃/v？/ww
父母/n存在/v的/ude1价值/n，/wd不/d就/d在/p给/p子女/n贡献/n中/f体现/v吗/y？/ww
你/rr当/p我/rr不/d知道/v他们/rr艰难/a？/ww
人家/n美国/nsf老头儿/n老太太/n一/m退休/vn就/d环游/v世界/n，/wd我们/rr这里/rzs老头儿/n老太太/n到/v退休/v了/ule都/d死活/d赖/v着/uzhe不/d走/v，/wd有/vyou机会/n就/d要/v去/vf反/vi聘/v，/wd他们/rr又/d不/d是/vshi那么/rz想/v干活/vi，/wd那/rzv不/d就/d没/v条件/n吗/y？/ww
但是/c!/wt
但是/c!/wt
条件/n是/vshi怎么/ryv来/vf的/ude1？/ww
那/rzv是/vshi积累/v来/vf的/ude1!/wt
