/wj
佟/nr1志/n斜眼/n看/v大/a庄/ag，/wd说/v：/wp得/v了/ule吧/y，/wd你/rr这/rzv上/f梁/n不/d正/d下/vf梁/n肯定/d也/d斜/a的/ude1，/wd我/rr闺女/n跟着/v你家/r狗/n子/ng那/rzv不/d得/v一辈子/mq眼泪/n洗/v面/n啊/y！/wt
不/d成/v。/wj
大庄/nr急/v了/y，/wd说/v：/wp你/rr这/rzv叫/vi屁话/n，/wd你/rr是/vshi打/v小/a看/v着/uzhe我/rr家/q狗/n子/ng长大/vi的/ude1，/wd我家/r狗/n子/ng那/rzv叫/vi一个/mq仁义/n懂/v事儿/n，/wd咱/rr俩/m优点/n全/d继承/v了/y，/wd一点/mq毛病/n没有/v。/wj
我/rr有/vyou时候/n都/d怀疑/v那/rzv还/d是/vshi我/rr儿子/n吗/y？/ww
别/d谁/ry投/v错/v胎/ng了/y。/wj
佟/nr1志/n嘿嘿/o笑/v着/uzhe，/wd说/v：/wp我/rr看/v你家/r狗/n子/ng也/d不错/a，/wd可/v这/rzv孩子/n的/ude1事/n，/wd家长/n操心/v管/v什么/ry用/v。/wj
大庄/nr说/v：/wp就/p那么/rz一/m说/v呗/y，/wd你/rr说/v你家/r哪个/ry孩子/n配/v得/ude3上/vf咱/rr狗/n子/ng啊/y？/ww
佟志/nr说/v：/wp什么/ry话/n，/wd什么/ry配/v得/ude3上/vf配/v不/d上/f，/wd我/rr告诉/v你/rr吧/y，/wd我/rr家/n三/m个/q千金/n摆/v在/p那儿/rzs，/wd什么/ry好/a男孩/n都/d不在话下/vl，/wd你家/r狗/n子/ng算/v啥/ry呀/y！/wt
大庄/nr说/v：/wp得/v得/ude3得/v，/wd你/rr家/n是/vshi千金/n，/wd我家/r狗/n子/ng算/v啥/ry？/ww
瞧/v你/rr这/rzv态度/n，/wd就是/d看/v不/d起/vf咱/rr工人阶级/n，/wd这/rzv"/wyz文革/n"/wyy两/m年/qt，/wd你/rr这/rzv思想/n怎么/ryv一点/mq也/d没/d改造/v过来/vf啊/y！/wt
佟/nr1志/n吓/v一/m跳/vi，/wd说/v：/wp我/rr可/v没/v这/rzv意思/n啊/y，/wd这/rzv闺女/n嘛/y在/p当/v爹/n眼里/s可/v不/d怎么/ryv看/v怎么/ryv稀罕/v嘛/y。/wj
大庄/nr说/v：/wp淑贞/nr2认/v燕妮/nr2当/p干/v闺女/n，/wd是/vshi真心/d喜欢/vi那/rzv丫头/n。/wj
那/rzv丫头/n挺/d爽朗/a的/ude1，/wd和淑贞/nr一个/mq脾气/n，/wd就/d她/rr吧/y。/wj
要/v舍不得/v，/wd就/d南方/s吧/y，/wd那/rzv孩子/n文静/a秀气/a，/wd看/v着/uzhe就/d稳重/a，/wd将来/t肯定/v心灵手巧/vl。/wj
佟/nr1志/n摇头/vi不/d语/ng。/wj
大庄/nr说/v：/wp你/rr啥/ry意思/n啊/y，/wd大/a的/ude1二/m的/ude1都/d不/d成/v，/wd真/d小气/a！/wt
得/v，/wd不/d考虑/v你们/rr啦/y，/wd我家/r狗/n子/ng条件/n那么/rz好/a，/wd那/rzv小姑娘/n肯定/vn上/f赶/v着/uzhe追/v啊/y！/wt
佟志/nr说/v：/wp咋/ryv不/d考虑/v多多/d呢/y？/ww
大庄/nr说/v：/wp嘁/n，/wd那/rzv小/a泥/n猴/ng，/wd长大/vi以后/f能/v找/v着/uzhe婆家/n就/d烧/vi高/a香/n啦/y。/wj
佟志/nr说/v：/wp去/vf，/wd你/rr就/d没/v安/nr1好心/n你/rr！/wt
俩/m男人/n都/d笑/v了/y…/ws
…/ws
晚上/t睡觉/vi前/f，/wd佟志/nr看/v着/uzhe三/m个/q女儿/n都/d睡/v了/y，/wd就/d拉拉扯扯/vl把/pba文丽/nr往/p床/n上/f按/v。/wj
文/ng丽/ag挣扎/vi着/uzhe说/v：/wp你/rr吃/v什么/ry了/y？/ww
这么/rz来劲/a？/ww
佟志/nr语气/n亢奋/a地/ude2说/v：/wp废/v什么/ry话/n，/wd这/rzv好容易/d好容易/d才/d翘/v了/y。/wj
文丽/nr2说/v：/wp我/rr还/d没/d洗/v呢/y！/wt
佟志/nr说/v：/wp洗/v什么/ry洗/v！/wt
我/rr给/p你/rr洗/v！/wt
文丽/nr2说/v：/wp去/vf你/rr的/ude1！/wt
文/ng丽/ag推开/v佟/nr1志/n，/wd出门/vi了/y。/wj
佟/nr1志/n沮丧/a了/y，/wd拿/v起/vf一/m本书/r百无聊赖/vl看/v着/uzhe，/wd不时/d抬头/vi看门/vi。/wj
文丽进/nr门/n，/wd脸上/s还/d冒/v热气/n。/wj
佟志/nr看/v着/uzhe眼/n发/v直/a，/wd说/v：/wp洗洗/v看/v着/uzhe还/d真/d不/d错/v！/wt
文/ng丽/ag不理/v佟/nr1志/n，/wd上/f得/v床/n来/vf。/wj
佟/nr1志/n扔下/v书/n就要/d搂/v文丽/nr2。/wj
文/ng丽/ag推开/v佟/nr1志/n，/wd说/v：/wp那/rzv书/n从/p哪/ry拿/v回来/v的/ude1？/ww
多/m脏/a啊/y，/wd赶紧/d洗手/vi去/vf。/wj
佟/nr1志/n瞪/v着/uzhe文丽/nr。/wj
文丽/nr2也/d瞪/v着/uzhe佟志/nr。/wj
佟志/nr没/v了/ule兴趣/n，/wd"/wyz啪/o"/wyy的/ude1一/m下/f关/v了/ule灯/n，/wd就/d睡/v了/y，/wd不一会儿/bl，/wd鼾声/n大作/n。/wj
文/ng丽/ag瞪/v着/uzhe眼/n，/wd在/p黑暗/an中/f叹/v口气/n…/ws
…/ws
佟志/nr家/n出/vf了/ule事/n，/wd他/rr的/ude1老父亲/n死/v了/y。/wj
文丽/nr2戴/v着/uzhe黑纱/n在/p文/ng母/ng的/ude1房间/n里/f和/cc母亲/n、/wn两/m个/q姐姐/n边/k织/v着/uzhe毛衣/n，/wd边/d交谈/vi。/wj
文慧/nr2问/v：/wp老头/n死/v了/y，/wd老太太/n怎么办/ryv？/ww
文/ng母/ng看/v着/uzhe文丽/nr，/wd也/d问/v：/wp你/rr跟/p佟志/nr提/v过/uguo这/rzv事儿/n吗/y？/ww
文/ng丽/ag叹气/vi说/v：/wp这/rzv两/m天/qt他/rr还/d没/d缓/a过/uguo劲/n来/f，/wd伤心/a啊/y！/wt
哪/ry敢/v提/v这个/rz。/wj
文/ng母/ng说/v：/wp可/v这/rzv早晚/d是/vshi个/q事儿/n啊/y。/wj
文/ng慧/ag凑近/v文丽/nr2，/wd说/v：/wp你/rr记得/v，/wd你/rr千万/m别提/v这/rzv事儿/n，/wd他/rr要/v提/v就/d找/v个/q茬/qv蒙/vi过去/vf，/wd可/v千万/m别/d冒/v傻气/n，/wd你/rr一/d提/v你/rr就/d算/v上/vf了/ule套/q，/wd出/vf不/d来/vf了/y。/wj
文丽/nr2说/v：/wp妈/n，/wd文慧/nr说/v的/ude1这/rzv叫/vi什么/ry话/n啊/y！/wt
真/d不/d受/v听/v！/wt
文/ng母/ng说/v：/wp慧儿/nr2的/ude1话/n是/vshi不/d受/v听/v，/wd可/v理儿/nrf还/d是/vshi这么/rz个/q理/n儿/ng，/wd娟/ng，/wd你/rr婆婆/n上/f次/qv来/vf几/m天/qt就/d挺/d别扭/a，/wd这/rzv要/v再/d来/vf还/d不/d得/ude3住/vi下/f不/d走/v了/y？/ww
你/rr那/rzv日子/n可/v怎么/ryv过/vf？/ww
文秀/nr2说/v：/wp可是/c佟志/nr是/vshi个/q孝子/n啊/y，/wd这/rzv事/n挺/d难/ad办/v！/wt
文/ng母/ng说/v：/wp婆婆/n能/v不/d来/vf，/wd就/d先/d别/d来/vf吧/y。/wj
再/d过/uguo几/m年/qt，/wd孩子/n大/a了/y，/wd再/d来/vf也/d不/d迟/a啊/y。/wj
文/ng丽/ag想想/v就/p闹心/vn了/y…/ws
…/ws
文丽/nr2不/d知道/v，/wd佟志/nr也/d在/p为/v母亲/n的/ude1事/n发愁/v，/wd他/rr带/v着/uzhe南方/s在/p大/a庄家/n喝酒/vi，/wd而且/c有/vyou点/n喝/vg高/a了/y。/wj
佟志/nr眼睛/n里/f充满/v血丝/n，/wd不/d停/vi地/ude2说/v：/wp你/rr说/v我/rr怎么/ryv就/d没/d回去/v呢/y，/wd我/rr知道/v他/rr住院/vi了/y，/wd我/rr都/d有/vyou预感/n，/wd我/rr右/f眼皮/n一个劲/d地/ude2跳/vi，/wd我/rr为什么/ryv不/d回/v去/vf呢/y！/wt
我/rr一/d想/v这个/rz我/rr头/n都/d要/v炸/v啊/y，/wd我/rr不/d能/v睡觉/vi，/wd一/d睡/v下/f就/d看见/v我/rr爸/n坐/v在/p我们/rr家/n那/rzv把/qv藤椅/n上/f，/wd盯/v着/uzhe我/rr问/v，/wd你/rr为什么/ryv不/d回来/v呀/y？/ww
为什么/ryv不/d让/v我/rr见/v你/rr一/m眼/q啊/y？/ww
大/a庄/nr1不/d知道/v怎么/ryv安慰/v，/wd只得/d陪/v着/uzhe喝酒/vi。/wj
佟志/nr说/v：/wp我/rr妈/n也/d不/d知道/v怎么样/ryv了/y。/wj
一/m说/v到/v奶奶/n，/wd南方/s开始/v流泪/vi了/y。/wj
大庄/nr说/v：/wp回去/v看看/v老太太/n吧/y！/wt
佟志/nr放下/v酒杯/n说/v：/wp看/v什么/ry看/v，/wd看/v一/m眼/q管/v什么/ry用/v？/ww
大庄/nr说/v：/wp我/rr听/v明白/v了/y，/wd原来/d你/rr想/v把/pba老太太/n接/v过/uguo来/f住/vi？/ww
我/rr劝/v你/rr要/v三/m思/v而/cc行/vi。/wj
佟/nr1志/n瞪/v起/vf了/ule眼睛/n，/wd说/v：/wp你/rr什么/ry意思/n？/ww
大庄/nr说/v：/wp我/rr觉得/v你/rr吧/y，/wd别/rz心情/n痛苦/an就/d不管不顾/vl，/wd干/v些/q后患无穷/vl的/ude1事儿/n。/wj
