/ww
你/rr跟/v谁/ry犯不着/v呢/y？/ww
文丽/nr2眼睛/n斜/v了/ule佟/nr1志/n一下/mq，/wd没/d理会/v他/rr，/wd拽/v着/uzhe梅梅/nr往/p外/f走/v。/wj
梅梅/nr却/d抓/v着/uzhe门/n把手/n哭/v着/uzhe不/d松/v手/n，/wd急/ad得/v文丽/nr也/d要/v哭/v了/y。/wj
这时/rzt，/wd就/d听见/v走廊/n上/f响起/v喊声/n：/wp孙/nr1师傅/n来/vf了/y…/ws
…/ws
孙/nr1师傅/n见/v了/ule这个/rz场面/n，/wd冷静/a地/ude2把/pba梅梅拉/nrf进/vf了/ule另/rz一/m间/q屋/n，/wd一边/d招呼/v大/a庄/nr1也/d进去/vf。/wj
一直/d撅/v着/uzhe屁股/n躲/v在/p大/a衣柜/n后面/f的/ude1大/a庄/ag回过/v身/ng，/wd垂/v着/uzhe头/n跟进/v了/ule另/rz一/m间/q屋/n。/wj
孙/nr1师傅/n回头/d喊/v了/ule一/m声/qv：/wp佟子/nr，/wd你/rr劝/v劝/v大/a庄/nr1爱人/n。/wj
没/d想到/v庄嫂/nr却/d将门/n"/wyz啪/o"/wyy的/ude1一/m声/qv关上/v了/y。/wj
不一会儿/bl就/d传出/v了/ule跑/v大风/n似的/uyy哭声/n。/wj
佟/nr1志/n和文/n丽/ag都/d有/vyou点/qt发/v怔/v。/wj
片刻/m，/wd回过/v神/n来/u的/ude1佟/nr1志/n埋怨/v说/v：/wp好端端/z的/ude1婚礼/n，/wd都/d被/pbei神经病/n给/p搅/v了/y！/wt
那/rzv是/vshi姑娘家/n家/q做/v的/ude1事/n吗/y？/ww
文/ng母/ng意识/n到/v什么/ry不对/a，/wd看/v佟志/nr。/wj
佟/nr1志/n掉/v过/vf了/ule脸/n。/wj
文/ng母/ng一/d笑/v说/v：/wp那/rzv就/d在/p这/rzv凑合/v一/m晚上/t吧/y。/wj
文丽/nr2和/cc佟志/nr就/d睡/v在/p文丽/nr以前/f的/ude1房间/n里/f。/wj
那/rzv张/q床/n很/d窄/a。/wj
佟/nr1志/n脱/v了/ule衣服/n搂/v着/uzhe文丽/nr，/wd越来越/d兴奋/a，/wd手/n就/d不/d老实/a了/y。/wj
文/ng丽/ag紧张/a地/ude2闭/v上/vf眼睛/n，/wd不/d敢/v动/v，/wd嘴里/s还/d小声/vd说/v：/wp这/rzv可是/c我/rr家/n啊/y，/wd我/rr爸/n我/rr妈/n就/d在/p旁边/f，/wd我/rr大姐/n也/d住/vi家里/s，/wd我/rr妈/n睡觉/vi可/v轻/a了/y，/wd厨房/n里/f逃/v只/q耗子/n她/rr都/d听/v得/ude3见/v。/wj
佟志/nr不/d说话/vi，/wd往/p文丽/nr身上/s爬/v。/wj
文/ng丽/ag咬咬/v嘴唇/n，/wd也/d想/v了/y，/wd小声/vd说/v：/wp那/rzv你/rr…/ws
…/ws
那/rzv什么/ry你/rr小/a点/qt动静/n。/wj
两/m个/q人/n又/d开始/v了/ule昨晚/t没/d完成/v的/ude1游戏/n。/wj
佟/nr1志/n试/v着/uzhe有所作为/vl。/wj
文丽/nr2大/d瞪/v双/m眼/q，/wd强/ad忍/v着/uzhe。/wj
佟志/nr突然/ad加大/v力度/n。/wj
文丽/nr2不禁/d长/a嚎/vi了/ule一/m声/qv，/wd双手/n猛/d推/v佟志/nr。/wj
佟志/nr不/d防/v，/wd一下子/mq光/n着/uzhe屁股/n摔/v下/vf了/ule床/n。/wj
屋里/s的/ude1两/m条/q长凳/n也/d被/pbei撞/v翻/v了/y。/wj
佟志火/nr从/p心头/s起/vf，/wd爬/v起来/vf一/m脚/q踢/v开/v了/ule那/rzv条/q长凳/n。/wj
"/wyz咣当/o"/wyz一/m声/qv大/a响/a，/wd两/m人/n吓/v得/ude3愣住/vi。/wj
这时/rzt门/n被/pbei推开/v了/y，/wd文/ng母/ng和文/n秀/ag站/vi在/p门口/s。/wj
佟/nr1志/n和文/n丽/ag赶紧/d穿衣/v拉/v被/pbei裹/v身子/n，/wd乱成一团/vl。/wj
文/ng母/ng看/v着/uzhe，/wd和文/n秀/ag交换/v目光/n。/wj
文/ng丽/ag缩/vi在/p床/n上/f，/wd说/v：/wp妈/n，/wd吵/v了/ule你/rr了/y。/wj
赶紧/d睡/v吧/y，/wd我们/rr没事儿/v。/wj
佟/nr1志/n点头/vi如/v捣/v蒜/n，/wd说/v：/wp真/a的/ude1！/wt
没事儿/v，/wd真/d没/v事儿/n。/wj
文/ng母/ng说/v：/wp小佟/nr啊/y，/wd你/rr先/d去/vf堂屋/n吧/y，/wd妈/n跟/p小娟/nr2说/v点/qt事儿/n。/wj
文/ng母/ng和文/n秀/ag看/v着/uzhe佟/nr1志/n出去/vf，/wd关/v上门/vi，/wd看/v着/uzhe文丽/nr忽然/d笑/v了/ule：/wp妈/n以/c为/p咱/rr家/n几/m个/q闺女/n就/d你/rr读书/vi最/d多/a，/wd没/d想到/v，/wd你/rr啥/ry也/d不/d懂/v！/wt
文/ng丽/ag瞪/v一眼/d母亲/n，/wd低/a下头/f脸红/vi了/y。/wj
文/ng母/ng说/v：/wp这/rzv传宗接代/vl的/ude1事/n你/rr怎么/ryv不/d懂/v呢/y？/ww
结婚/vi前/f妈/n就/d想/v跟/p你/rr叨/n咕/o叨/n咕/o，/wd可/v怎么/ryv跟/p你/rr说/v都/d听/v不/d懂/v，/wd现在/t懂/v了/ule吧/y？/ww
文/ng丽/ag摇摇/v头/n。/wj
文/ng母/ng气馁/a了/y，/wd叹气/vi说/v：/wp得/v了/y，/wd秀儿/nr2，/wd你/rr跟/p你/rr妹妹/n说/v吧/y！/wt
文秀/nr2不/d乐意/v了/y，/wd说/v：/wp那/rzv我/rr结婚/vi的/ude1那会儿/rzt也/d没/v人/n跟/p我/rr说/v啊/y，/wd我/rr受/v罪/n受/v大/a发/v了/y。/wj
文/ng母/ng说/v：/wp谁/ry叫/vi你/rr是/vshi老/a大/a，/wd你/rr受/v的/ude1罪/n就是/v你/rr妹妹/n的/ude1福/n！/wt
你/rr说/v说/v。/wj
我/rr走/v了/y。/wj
文/ng秀气/a哼哼/vi看/v着/uzhe母亲/n的/ude1背影/n，/wd说/v：/wp我/rr怎么/ryv就/d那么/rz倒霉/a，/wd当/p老大/n，/wd丁/Mg点儿/q好处/n也/d没有/v！/wt
文秀/nr2又/d看看/v文丽/nr，/wd扑哧/o一/m声/qv就/d乐/a了/y。/wj
文/ng丽/ag傻/a傻/a地/ude2问/v：/wp见/v我/rr难受/a你/rr就/d高兴/a啊/y！/wt
还/d姐姐/n呢/y！/wt
文秀/nr2说/v：/wp你/rr可/v真/d够/v傻/a的/ude1！/wt
得/v了/y，/wd我/rr告诉/v你/rr吧/y，/wd有/vyou你/rr乐/a的/ude1了/y。/wj
文秀/nr2的/ude1法术/n起/vf了/ule作用/n，/wd文丽/nr和/cc佟志/nr连夜/d回/v了/ule筒子楼/n自己/rr的/ude1家/n，/wd用/p文秀/nr2的/ude1话/n说/v，/wd他们/rr连/ulian一/m秒/qt钟/n都/d不/d想/v在/p咱/rr家/n呆/v啦/y。/wj
文秀/nr2说/v对了/vl，/wd佟/nr1志/n和文/n丽/ag回到/v家/q，/wd一/m进/vf门/n就/d脱/v衣服/n上/f床/n，/wd光/v了/ule屁股/n就/d开战/vi了/y。/wj
他们/rr如果/c想到/v会/v在/p一起/s这样/rzv整/m几十/m年/qt，/wd也许/d这/rzv个/q晚上/t就/d会/v少/ad整/v事/n，/wd多/ad睡/v会儿/qt觉/v了/y…/ws
…/ws
佟志/nr的/ude1婚假/n结束/v了/y。/wj
真/d是/vshi人/n逢/v喜事/n精神/n爽/ag，/wd佟志连/nr走/v在/p路上/s都/d吹/v着/uzhe口哨/n。/wj
在/p下班/vi时/ng，/wd佟志/nr对/p大庄/nr说/v：/wp唉/e，/wd一会儿/mq打/v会儿/qt篮球/n去/vf！/wt
大庄/nr说/v：/wp我/rr可/v不/d去/vf，/wd我/rr累/v了/y。/wj
我/rr可/v不/d像/v你/rr，/wd每个/r晚上/t整/v那种/r事/n折腾/v到/v天亮/vi。/wj
佟/nr1志/n得意/a了/y，/wd说/v：/wp嫉妒/v了/ule吧/y？/ww
大/a庄/ag不屑/v地/ude2说/v：/wp嘁/n！/wt
女人/n关/v了/ule灯/n都/d一样/uyy，/wd有/vyou啥/ry可/v嫉妒/v的/ude1！/wt
庄嫂/nr说/v：/wp我/rr去/vf医院/n了/y，/wd看/v那/rzv三/m个/q闺女/n心里/s这/rzv叫/vi一个/mq窝心/a哪/ry，/wd你/rr说/v小/a燕妮/nrf真/d够/v坏/a的/ude1，/wd怎么/ryv那么/c对/p妹妹/n啊/y！/wt
大庄/nr说/v：/wp像/v你/rr！/wt
小/a丫头/n的/ude1脾气/n像/p你/rr！/wt
唉/e！/wt
你/rr和文/n丽/ag不/d打架/vi了/ule比/p啥/ry都/d强/a。/wj
小/a孩子/n打/v打架/vi很/d正常/a，/wd是/vshi一个/mq窝/n的/ude1，/wd你/rr有/vyou什么/ry可/v窝心/a的/ude1？/ww
庄/nr1嫂/ng反常/a地/ude2没/v骂/v大/a庄/ag，/wd却/d说/v：/wp咱/rr整/v俩/m丫头/n咋/ryv样/q？/ww
大/a庄/nr1"/wyz噌/o"/wyy地/ude2坐/v起来/vf，/wd说/v：/wp什么/ry？/ww
你/rr说/v什么/ry？/ww
庄嫂/nr一/d瞪眼/v，/wd说/v：/wp我/rr想/v要/v闺女/n也/d不/d是/vshi一/m天/qt两/m天/qt了/y，/wd我/rr见天/d瞅/v着/uzhe对/p门/n这/rzv三/m个/q闺女/n，/wd一个/mq赛/v一个/mq的/ude1漂亮/a，/wd我/rr嫉妒/v死/v了/y，/wd你/rr给/p我/rr整/v俩/m出来/vf，/wd至少/d也/d得/ude3整/a一个/mq！/wt
大/a庄/nr1一下/mq又/d躺/v下/vf了/y，/wd用/p大/a被子/n蒙/vi了/ule头/n，/wd往/p墙角/n缩/vi，/wd在/p被子/n里/f说/v：/wp你/rr个/q老/a娘儿们/n你/rr糊涂/a了/y，/wd我/rr不/d结扎/v了/ule吗/y？/ww
