阱 。
30 多 年 的 教育 改革 历程 表明 ， 由于 作为 最 大 更 确切 的 表达 或许 是 ： 在 大多数 家长 心目 中 具有 利益 相关 者 的 学生 最 期盼 、 最 享受 的 ， 便 是 自己 的 “ 合法性 ” 的 教育 改革 ， 乃是 不 会 影响 孩子 的 升学 身心 自由 活泼 的 发展 ， 因而 对于 旨在 促进 所有 学 考试 乃至 今后 就业 ， 同时 也 能 促进 孩子 的 发展 的 生 的 发展 ， 并 因此 而 具有 道德 正当 性 的 教育 改革 ， 教育 改革 。
学生 通常 会 几 无 例外 地 普遍 欢迎 。
然而 ， 同样 作家 长 对于 教育 改革 的 要求 未必 全都 合理 ， 但 为 利益 相关 者 的 其他 社会 成员 却 未必 如此 。
这 是 家长 对于 孩子 顺利 通过 升学 考试 、 从而 顺利 就业 因为 ， 对于 其他 社会 成员 来说 ， 学生 身心 的 自由 活 的 这 份 期盼 无可非议 。
而且 ， 这 份 期盼 也 不 应 被 — 26— 教育 改革 领导者 与 组织者 所 忽视 甚至 所 鄙视 。
恰 辑 。
但 “ 人 ” 及 其 “ 实践 ” 的 复杂性 ， 恰恰 在 于 常常 恰 相反 ， 它 是 教育 改革 领导者 与 组织者 有 必要 坦 并 不 遵循 近乎 于 常识 的 “ 浅 白 道理 ” 与 “ 简单 逻 然 面对 并 妥善 应 对 的 一个 现实 。
一方面 ， 升学 考 辑 ” 。
确切 地 说 ， 在 “ 浅 白 道理 ” 与 “ 简单 逻辑 ” 之 ① 从而 成为 试 及 社会 用人 机制 本身 应 不断 改革 ， 外 ， 还 另 有 “ 其他 道理 ” 与 “ 其他 逻辑 ” 。
在 教师 是 引导 学校 教育 教学 工作 在 促进 学生 的 发展 方面 下 否 会 积极 支持 并 参与 教育 改革 的 问题 上 ， 这种 “ 其 工夫 的 一 种 有效 “ 指挥棒 ” ； 另一方面 ， 在 升学 考试 他 道理 ” 便是 ： 教师 也 是 活生生 的 人 ， 他 会 努力 寻 及 社会 用人 机制 本身 也 在 不断 改革 、 逐步 改善 的 求 自己 的 切身利益 。
这里 所 说 的 切身利益 ， 包括 ［ 3 ］ 情况 下 ， 教育 改革 领导者 与 组织者 也 不能 完全 晋升 职称 、 增加 薪 酬 、 获得 奖金 、 争取 荣誉 、 提升 地 不 考虑 改革 是否 会 影响 学生 升学 考试 乃至 今后 就位 、 享受 机会 ， 等等 。
只要 教师 对于 这些 切身利益 业 的 问题 。
这 无论是 从 争取 家长 对 教育 改革 的 支 的 寻求 合理 得当 ， 那 就 天经地义 。
与 之 相应 的 “ 其 持 的 角度 来看 ， 还是 从 拓宽 验证 教育 改革 效果 的 他 逻辑 ” 则 是 ： 对 绝大多数 教师 而言 ， 如果 他们 认 途径 来 看 ， 都 是 必要 的 。
为 教育 改革 不 可能 增加 甚至 有 可能 减 损 自己 的 切 这 意味着 ， 教育 改革 一 方面 必须 促进 所有 学 身 利益 ， 那 就 不 会 积极 支持 并 参与 其中 ， 哪怕 教育 生 的 发展 ， 另一方面 ， 也 应 有助于 、 至少 不 影响 学 改革 具有 道德 正当 性 。
对于 这样 的 “ 道理 ” 与 “ 逻 生 的 升学 考试 乃至 今后 就业 。
当然 ， 有 必要 再次 辑 ” ， 迄今为止 的 教育 改革 实践 同样 也 一再 证明 。
强调 的 是 ， 如果 升学 考试 只是 检测 一些 死记硬背 当然 ， 需要 特别 说明 的 是 ： 第一 ， 笔者 此处 所 的 东西 ， 并 不 能 有效 了解 学生 的 发展 状况 ， 如果 社 说 的 是 教师 对于 教育 改革 的 “ 积极 支持 并 参与 其 会 用人 机制 只 看重 学历 （ 或者 只 看 重 “ 纵向 学历 ” ， 中 ” ， 而 非 “ 消极 同意 乃至 被迫 参加 ” ； 第二 ， 笔者 此 即 学历 层次 ； 或者 既 看重 “ 纵向 学历 ” ， 也 看重 “ 横 处所 说 的 是 “ 绝大多数 教师 ” ， 而 非 “ 所有 教师 ” 。
向 学历 ” ， 即 毕业 学校 ） 的 话 ， 那么 ， 旨在 促进 学生 笔者 并 不 否认 ， 不论 什么 时候 ， 总 会 有 少数 教师 ， 的 发展 的 教育 改革 同 所谓 有助于 学生 升学 考试 乃 他们 全然 不 去 考虑 个人 利益 得失 ， 所 思 所 虑 只是 至今 后 就业 之间 便 存在 着 不可 调和 的 矛盾 ， 期盼 学生 的 发展 。
他们 是 钟情 于 学生 发展 的 爱神 ， 是 教育 改革 既 能 促进 学生 的 发展 ， 又 不 影响 学生 升 教育 的 天使 ， 是 其他 教师 的 楷模 。
然而 ， 万万 不 可 学 考试 乃至 今后 就业 ， 便 纯属 天方夜谭 ； 反之 ， 如 把 教育 改革 成功 的 希望 仅仅 寄托 在 少数 教师 的 无 果 升学 考试 本身 对于 学生 发展 状况 的 检测 功能 不 私 奉献 及其 模范 作用 上 。
从 “ 教师 ” 这 一 要件 来 断 强化 ， 如果 社会 用人 标准 也 在 不断 改善 、 越来越 说 ， 教育 改革 成功 的 最 厚实 的 基础 ， 乃 在于 绝 大多 注重 应聘 者 的 实际 能力 与 精神 面貌 的 话 ， 那么 ， 教 数 教师 的 积极 支持 并 参与 其中 。
这 就 不 得 不 回答 一个 问题 ： 这 “ 绝大多数 教育 改革 与 学生 的 升学 考试 乃至 今后 就业 之间 的 矛盾 便 会 逐步 缩小 ， 便 可 越来越 多 地 体现 出 既 能 促 师 ” 究竟 凭 什么 去 积极 支持 并 参与 教育 改革 呢 ？
进 学生 的 发展 ， 又 不 影响 甚至 有助于 学生 升学 考 笔者 同样 并 不 否认 少数 楷模 教师 对于 绝大多数 教 试 乃至 今后 就业 的 作用 。
这 也 已 为 一些 学校 的 教师 的 引 领 作用 的 重要性 ， 并 不 否认 绝大多数 教师 ［ 4 ］ 育 改革 效果 所 证明 。
应当 向 少数 楷模 教师 学习 ， 从而 更 多 地 具有 爱心 、 其次 ， 作为 利益 相关 者 的 教师 对 教育 改革 也 更 多 地 思考 如何 促进 所有 学生 发展 的 问题 。
但 这 也 只能 是 对于 绝大多数 教师 之 道德 境界 的 一 种 期 未必 会 积极 支持 。
诚然 ， 我们 的 社会 对 教师 的 职业 操守 有 一 系 待 ， 作为 教育 改革 领导者 与 组织者 来说 ， 不能 因为 列 要求 ， 如 《 中小学 教师 职业道德 规范 》 （ 教育部 抱 有 这 一 期待 便 否定 乃至 鄙视 教师 对 其 切身利益 2008年 修订 ） 明确 规定 教师 应 “ 关爱 学生 ” 、 “ 促进 的 合理 寻求 。
事实上 ， 对 绝大多数 教师 而言 ， 如果 学生 全面 发展 ” 。
既然 要 促进 学生 全面 发展 ， 那 就 仅仅 向 其 提出 道德 期待 ， 不 去 关注 与 满足 其 对 切 应 积极 支持 并 参与 旨在 促进 学生 全面 发展 的 教育 身 利益 的 合理 寻求 ， 那么 ， 这样 的 道德 期待 也 很 难 改革 。
