对 这 位 80 岁 的 老人 来说 ， 北京 的 家 总 让 她 十分 留恋 ， 而 每逢 清明 或 亲人 的 忌日 ， 她 都 会 去 到 北京 的 公墓 给 亲人 送 上 问候 。
鲁豫 ： 您 现在 一 年 当中 ， 是 不 是 有 几 个 纪念日 是 一定 要 纪念 他们 的 ？
孙新世 ： 是 的 周 总理 逝世 的 日子 、 邓 妈妈 的 日子 、 姐姐 、 金山 、 哥哥 、 姐姐 …
…
结语 ： 采集 人 ： 周灵 茵 正文 ： 把 一个 思想 评论 杂志 《 读书 》 长期 坚持 下来 ， 读者 越来越 多 （ 从 两三万 到 十三四万 ） ， 靠 的 无非 是 认识 到 自己 的 局限 和 无能 ， 我 非常 欣赏 现在 一个 词 ， 说 这个 人 不 是 知识分子 ， 是 知道 分子 ， 我 觉得 真 是 说 我 了 ， 我 倒 是 都 知道 ， 可 我 不 是 知识分子 “ 万 人 迷 ” 和 “ 便衣 神仙 ” 沈昌文 年 过 七旬 ， 精力 还 是 无限 ， 背 一个 笔记本 电脑 ， 脖子 上 挂 个 U 盘 ， 耳朵 上 塞 个 耳机 ， 连接 MP3 ， 骑 一 破旧 “ 永久 ” ， 穿梭 大街小巷 ， 出入 酒吧 饭局 ， 整日 帮闲 ， 贩卖 资源 ， 口 说 brokenEnglish ， 以 荤 面 素 底 为 幽默 ， 招摇过市 ， 不 以 为 耻 。
人 谓 “ 不良 老年 ” ， 不亦乐乎 ！
看 着 他 笑 得 阳光 灿烂 ， 一览无余 ， 你 不由得 会 想 ： 这 就是 《 读书 》 曾经 十 年 的 主编 ， 三 联 书店 的 总经理 吗 ？
这 就是 出版界 的 灵魂 般 的 人物 ， 读书界 旗帜 性 的 人物 吗 ？
这 就 是 那个 “ 延续 了 一代人 的 精神 梦想 ” 的 可敬 的 思想 作 俑 者 吗 ？
这 分明 是 一个 超级 卡通 ， 超级 好玩 的 老 顽童 的 形象 呢 ！
我 纳闷 导演 为什么 不 去 找 他 做 喜剧 明星 呢 ？
可是 说 他 是 老头 又 是 不 准确 的 ， 他 的 想法 活跃 ， 思路 迅捷 ， 根本 不 亚于 年轻人 呢 。
他 坐 在 你 面前 ， 为人 隐忍 周全 ， 言辞 放肆 坦荡 ， 态度 质朴 谦逊 。
他 一生 在 紧张 和 颠 沛 中 度过 ， 从事 的 是 最 严肃 的 思想 的 传播 事业 ， 但是 他 在 工作 之 余 ， 说 ， 听听 邓丽君 吧 ， 吃 吃 北京 最 好 的 饭馆 吧 ， 泡泡 最 好 的 咖啡馆 吧 。
年轻 的 ， 年老 的 ， 都 是 朋友 ， 他 没有 隔阂 ， 全 无 避讳 。
“ 三 联 ” 编辑部 的 年轻 编辑 ， 私下 里 给 他 一个 雅号 ： 万 人 迷 。
还 告密 说 ， 赫赫 ， 沈公 的 女朋友 可 多 了 ！
他 不但 迷 倒 了 十七 岁 到 七十 岁 的 女性 ， 就 连 男人 都 很 迷 他 呢 。
这 说 的 是 沈公 的 性格 和 接 人 待 物 的 态度 。
忽然 想 ： 这 天上 的 神仙 ， 要 是 穿 了 便装 来到 世间 ， 也 就是 沈公 这 副 笑嘻嘻 、 宠辱不惊 的 样子 吧 。
上海 小 学徒 这 是 一个 好 玩 的 人 ， 而 他 经历 的 ， 是 一个 并 不 好玩 的 时代 。
1931年 ， 沈昌文 出生 于 宁波 。
父亲 是 一个 有 钱 人家 的 子弟 ， 沉湎 于 鸦片 ， 家产 败 光 ， 债台高筑 。
他 去世 的 时候 ， 祖母 母亲 收拾 了 细软 ， 祖母 抱 着 姐姐 ， 母亲 抱 着 3 岁 的 沈昌文 连夜 出逃 ， 从此 在 上海 飘摇 不定 。
13 岁 ， 他 进入 上海 的 首饰 作坊 “ 银 楼 ” 当 学徒 。
学徒 要 抱 孩子 、 买 菜 、 做饭 、 做 手艺 活 。
“ 我 当时 抱 着 老板 3 岁 的 女儿 ， 后来 我 走 的 时候 19 岁 ， 她 9 岁 ， 老板 就 要 把 她 许 给 我 —— 那时 宁波 人 很 讲究 这个 ， 把 特别 年轻 的 女孩子 许 给 人家 。
后来 这 位 小姐 一直 在 上海 ， 我们 是 很 好 的 朋友 ， 我 去 上海 ， 经常 和 朋友 一起 去 看 她 。
” 他 还 常常 侍候 人们 打牌 ， 来往 的 人 特别 多 ， 有 国民党 人 ， 有 土豪劣绅 ， 也 有 地下 共产党员 。
他 就 在 这样 伺候 人 的 生活 中 ， 懂得 人生 的 三昧 。
他 到底 是 天生 乖巧 知趣 ， 深 得 老板 和 顾客 们 的 欢心 。
而 他 生性 爱 读书 ， 用 给 一个 工厂 老板 做 假 账 赚 来 的 钱 做 了 学费 ， 抽 着 空儿 ， 前后 念 了 十几 个 补习 学校 ， 学 过 会计 、 英语 、 世界语 、 无线电 等 ， 最后 一个 学校 是 民 治 新闻 专科学校 。
他 的 最 大 的 愿望 是 做 一个 摄影 记者 ， 自诩 自己 给 影 楼 的 MODEL 拍照 ， 而 他们 的 用 光 又 是 如何 如何 地 讲究 。
他 还 学 过 无线电 的 “ 报务 ” ， “ 就是 ‘ 嘀 嘀嗒 嗒 ’ 的 那个 东西 ” ， 他 的 发报 速度 达到 每 分钟 100 ~ 120 个 code 。
1951年 初 人民 出版社 来 上海 招考 校对 员 。
沈昌文 便 来到 了 北京 。
他 懂得 一些 俄语 ， 翻译 了 一些 苏联 出版 专业 的 书 ， 领导 认为 ， “ 这样 的 人才 是 工人阶级 知识分子 ” ， 不但 被 留下来 ， 而且 在 1954年 ， 从 一 名 校对 提拔 为 社长 秘书 。
“ 我 的 命运 就 全部 改变 了 。
” 1954-1956 年 是 一个 思想 开放 的 时候 。
1957年 “ 反右 ” 开始 了 ， 开放 就 终止 了 。
上 世纪 60 年代 反对 赫鲁晓夫 ， 因为 组织 安排 ， 沈昌文 负责 研究 马克思主义 史 中 的 “ 修正主义 ” ， 可以 去 很多 地方 包括 安全部 查 资料 ， 接受 了 许多 新 的 思潮 ， 如 西方 马克思主义 ， 和 后来 的 后 现代主义 。
“ 我 喜欢 看 外国 书 ， 崇洋媚外 ， 喜欢 做 翻译 书 的 编辑 。
” 60 年代 要 “ 反 资 反 修 ” ， 很多 文革 时期 长大 的 人 ， 都 偷偷 看 这些 “ 资 ” 、 “ 修 ” 的 书 。
因为 政治 上 很 受 信任 ， 沈昌文 被 调 到 一个 叫 “ 中央 宣传 办公室 ” 的 地方 ， 他们 就 翻译 很多 这样 的 “ 灰 皮 书 ” 如 《 新 阶级 》 ， “ 黄 皮 书 ” 如 《 第三 帝国 的 兴亡 》 、 凯鲁亚克 的 《 在 路上 》 。
他 做 了 许多 这样 的 书 给 领导 看 ， 直到 “ 文革 ” 期间 被 下放 。
《 读书 》 10 年 1979年 4月 ， 《 读书 》 创刊 。
