解说 ： 1988年 初 ， 电影 《 红 高粱 》 几乎 在 一 夜 之间 迅速 走红 ， 一举 夺得 了 第38 届 西 柏林 国际 电影节 最佳 影片 金 熊 大奖 ， 成为 中国 第一 个 走 出 国门 并 荣获 国际 A 级 电影节 大奖 的 影片 。
至此 ， 小说 《 红 高粱 》 的 作者 莫言 的 名声 也 随之 达到 了 一个 高 点 。
…
…
解说 ： 继 小说 《 红 高粱 家族 》 后 ， 莫言 又 紧接着 推出 了 两 部 小说 《 欢乐 》 和 《 红 蝗 》 ， 这 两 部 小说 在 当时 的 文坛 引起 了 不 小 争议 ， 用 莫 言 自己 的 话 形容 是 毁誉参半 。
上 世纪 八十 年代 末 ， 中国 文学界 开始 陷入 了 一 种 青黄不接 的 局面 ， 许多 作家 纷纷 弃 笔 从 商 ， 而 此时 ， 正 在 鲁迅 文学院 读 研究生 的 莫言 也 陷入 一 种 前所未有 的 写作 低潮 期 ， 他 几乎 写 不 出 任何 得意 的 文章 。
在 经历 了 一 次 写作 低谷 之后 ， 1992年 ， 莫言 的 长篇小说 《 酒 国 》 问世 ， 小说 洋洋洒洒 十万 ， 而 莫言 却 是 一气呵成 ， 这 让 莫 言 一时 之间 信心 大 增 。
时隔 三 年 ， 1995年 春节 ， 莫言 的 母亲 因 病 去世 ， 而 此时 ， 莫言 开始 想 写 一 部 书 送给 母亲 。
在 完整 的 构思 之后 ， 小说 《 丰 乳 肥 臀 》 问世 。
而 在 出版 之 初 ， 单单 《 丰 乳 肥 臀 》 这 本 小说 的 名字 ， 就 已经 在 文坛 引起 不 小 争议 。
莫言 ： 这 本 书 ， 我 觉着 这个 书名 跟 内容 应该 是 比较 般配 的 ， 因为 当时 出版社 的 编辑 们 对 这个 书名 也 提出 了 一些 异议 、 疑问 ， 就是说 假如 这个 书名 公布 以后 会 不 会 招致 很多 的 批判 。
我 说 宁愿 挨 批判 ， 我 也 不 改 这个 书名 ， 我 相信 能够 耐 着 心 读 完 了 全书 的 读者 ， 他 会 认可 这个 书名 的 。
另外 就 是 说 这个 书 在 出版 以后 很 短 的 时间 内 就 获得 了 这个 什么 大家 文学奖 ， 当时 的 奖金 是 人民币 十万 元 嘛 ， 这 在 当时 1995年 的 时候 应该 是 很 大 的 一 笔 数目 。
鲁豫 ： 那 当时 别人 批 得 那么 厉害 ， 您 觉得 委屈 不 委屈 ？
莫言 ： 当时 我 心里 面 当然 还是 感觉 到 满腹 的 牢骚 ， 委屈 也 说 不 上 ， 就 满腹牢骚 。
鲁豫 ： 在 那个 时候 有 没 有 一些 读者 给 你 写信 ？
莫言 ： 写 的 是 特别 尖酸 刻薄 的 ， 那个 信 有 两 种 ， 一 种 是 非常 地 尖酸 刻薄 ， 甚至 很 多 带 着 人身 攻击 的 这种 东西 ， 包括 一些 公开 发表 的 文章 也 都 在 公开 地 进行 人身 攻击 啊 ， 攻击 我 的 家庭 啊 ， 就 把 我 小说 里 的 人物 跟 我 真实 的 生活 中 的 人物 连 起来 了 ， 把 我 跟 小说 里 的 某个 人物 也 完全 划 等号 了 。
那么 这 种 文学 批评 我 觉得 是 完全 是 一 种 不 讲 道理 的 ， 违背 了 文学 批评 的 基本 规律 的 批评 。
那么 当然 有 一些 信 ， 有 一些 文章 ， 他们 就 很 喜欢 这 本 书 ， 他 说 这 本 书 很 厚重 ， 也 是 真实 的 历史 ， 也 有 很多 的 溢美之词 了 。
有 两 种 截然 相反 的 、 斗 狠 激烈 的 、 调 得 度 很 高 的 意见 。
鲁豫 ： 我 觉得 您 一直 特别 逗 啊 ， 一直 想 离开 农村 ， 但 书 里面 内容 其实 都 是 跟 农村 有关 的 。
您 再 回到 那 个 村 里面 ， 村里 面人 现在 怎么 看 您 ？
莫言 ： 我 现在 回去 以后 ， 我 还是 很 低 调 的 嘛 ， 因为 我 知道 没什么 了不起 的 ， 他们 也 觉得 你 没什么 了不起 。
我们 山东 它 很 怪 ， 是 一个 官本位 很 重 的 地方 ， 包括 我 的 一些 长辈 们 ， 他 先 问 你 你 在 外边 干 嘛 呀 ， 干 到 什么 级别 了 ， 有人 说 是 个 作家 ， 作家 相当 于 一个 什么 级别 ， 我 说 跟 这个 县委 书记 差不多 大 了 。
鲁豫 ： 您 现在 给 自己 定 计划 吗 ， 每年 我 要 写 多少 ， 出 几 本 书 ？
莫言 ： 我 没有 任何 计划 的 。
我 这个 写作 实际上 是 很 懒惰 的 ， 有人 说 我 是 个 高产 作家 ， 多 产 作家 ， 勤奋 的 作家 ， 实际上 这 绝对 是 不对 的 。
我 从 1981年 发表 作品 ， 到 现在 二十五 年 ， 我 出 的 书 也 就 是 二十 本 ， 每年 都 平均 不 上 一 本 书 。
而且 我 的 写作 的 时间 都 是 非常 短促 的 ， 一 部 长篇 ， 像 这个 《 生死 疲劳 》 ， 四十九万 多 字 ， 我 写 四十三 天 。
那 我 现在 累计 的 计算 一下 ， 就是 我 这 二十五 年 来 的 纯粹 的 写作 时间 ， 加 起来 不 会 超过 三 年 的 ， 其它 的 时间 我 都 不 知道 干什么 ， 晃 过去 了 。
鲁豫 ： 每次 新书 出来 之前 会 不 会 紧张 ？
莫言 ： 我 是 一个 不 自信 的 人 ， 我 在 创作 过程 当中 那 是 所向披靡 ， 什么 都 不怕 ， 我 觉得 我 就 是 上帝 ， 我 想 怎么 写 就 怎么 写 ， 写 得 越 狂 、 越野 、 越 大胆 、 越 冲破 清规戒律 越 好 。
但 写 完 以后 ， 我 就 战战兢兢 、 忐忑不安 ， 一点 都 没有 把握 。
我 把 书 送给 别人 ， 就 想 听 到 别人 的 反馈 ， 但是 我 又 不好意思 去 问 人家 ， 一 问 人家 ， 人家 肯定 说 很 好 ， 很 好 ， 是 吧 ？
我 就 等待 着 别人 看 了 以后 ， 真是 按捺不住 地 告诉 我 ， 这 本 书 很 好看 。
每个 人 都 希望 自己 的 孩子 被 别人 夸奖 ， 这种 心理 跟 作家 希望 自己 的 作品 被 别人 喜欢 是 一样 的 。
鲁豫 ： 那 现在 您 就 处于 那个 战战兢兢 的 那个 时候 吧 ？
因为 正是 新书 要 上 来 的 时候 。
莫言 ： 新书 这 两 天 我 得到 了 一些 反馈 ， 还 是 不错 的 。
就 刚才 有 一个 报纸 的 年轻 的 朋友 给 我 发 短 信 说 ， 《 生死 疲劳 》 这 本 书 太 好 看 了 ， 说 肯定 是 2006年 最 好 的 一 本 书 ， 那 我 感觉 到 很 高兴 啦 ， 因为 这 是 一个 年轻 的 朋友 ， 因为 我 写 的 是 农村 ， 农村 的 历史 ， 又 用 了 这种 神 神 鬼 鬼 的 ， 什么 牛马 、 猪 狗 的 视角 ， 六 道 轮回 这种 思想 ， 我 觉得 这种 年轻人 可能 很 难 接受 。
