鲁豫 ： 你 每天 吃 什么 ？
吃 得 很 惨 吧 ？
郭德纲 ： 很 惨 ， 最 惨 的 时候 买 点 面 拿 水 煮 了 ， 煮 成 糨 子 ， 买 点 葱 买 点 酱 ， 就 这么 吃 。
你 说 这 越 没 钱 的 时候 ， 人 这 食欲 是 特别 旺盛 的 。
就 是 有 一 次 真 是 ， 有 好几 天 真身 上 没 钱 了 ， 怎么办 呢 ？
就 喝 水 吧 ， 多 喝 水 ， 闲 着 没 事 就 看 书 ， 那天 饿 得 实在 难受 ， 看 书 吧 ， 能够 转移 一下 （ 注意力 ） 。
一 看 书 介绍 一 家 穷人 ， 这 穷人 出去 要饭 ， 要 一 大 堆 什么 熬 白菜 什么 的 ， 然后 他们 一 块 拿 剩 米饭 烩 ， 哎呀 把 书 啪 我 就 扔 了 ， 太 难 受 了 ！
这个 事 都 经过 ， 这 事 很 多 。
鲁豫 ： 这 一 年 当中 你 没 想 过 要 回家 吗 ？
回 天津 ， 我 不 干 了 。
郭德纲 ： 在 外 来说 报喜 不 报忧 ， 愿意 好 ， 而且 回去 之后 干吗 呀 ？
回去 之后 我 能 做 什么 ？
那会儿 来说 越 惨 的 时候 ， 心 倒 能 踏实 下来 ， 就 想 这 可能 是 以后 的 一 种 资历 ， 咬 住 牙 坚持 着 ， 我 倒 要 看看 日 后 我 能 怎么样 。
东风 常 向 北 ， 北风 也 有 转 南 时 ， 瓦片 尚 有 翻身 日 ， 何况 我 郭德纲 啊 ！
咬 着 牙 坚持 下来 ， 今天 回头 看 看 ， 坚持 是 对 的 。
…
…
解说 ： 在 经历 了 一段段 辛酸 的 尝试 后 ， 郭德纲 终于 鼓 起 勇气 走 上 了 自己 的 道路 。
1996年 他 和 几 位 同样 热爱 相声 的 朋友 搭 起 班子 ， 取名 为 北京 相声 大会 ， 在 剧场 里 开始 说 相声 。
而 这个 时候 郭德纲 所 追求 的 东西 已经 和 刚 到 北京 的 时候 完全 不同 了 。
郭德纲 ： 最 开始 着急 是 没有 人 ， 我 愿意 干 这个 ， 我 得 找 别人 跟 我 一 块 干 。
谁 会 跟 我 一 块 干 ？
这 是 一个 不 挣钱 的 事 。
这个 过程 当中 呢 ， 有的 人 来 过 两 天 就 走 了 ， 也 有 人 因为 不 挣钱 半 途 就 退 掉 了 。
铁 打 的 硬盘 流水 的 兵 ， 走 了 穿 红 的 来 挂 绿 的 ， 但是 也 有人 坚持 下来 。
解说 ： 社团 是 成立 了 ， 名字 也 很 响亮 ， 而 真正 开始 演出 ， 要 把 梦想 变为 现实 的 时候 ， 这 群 年轻人 才 发现 ， 这 远 比 他们 想象 中 的 要 困难 得 多 。
鲁豫 ： 听说 最 开始 每个 月 陪 几千 块 钱 是 很 正常 的 事 。
郭德纲 ： 对 ， 那时 我们 决定 说 把 相声 带回 剧场 吧 ， 因为 我 后来 反复 琢磨 这 事 ， 我 觉得 相声 在 剧场 里面 能 活 ， 而且 会 活 得 很 好 。
但是 这 就 碰到 实际 的 问题 了 ， 尤其 北京 的 观众 朋友 们 那会儿 已经 不 习惯 于 到 剧场 去 听 相声 了 ， 所以 我们 那会儿 比如 在 广德 楼 演出 吧 ， 这 一 下午 可能 就 卖 了 四 张 票 ， 六 张 票 ， 最 惨 的 是 一 张 票 。
鲁豫 ： 真 的 有 过 就 有 对 那 一个 人 说 ？
那 不 是 你 的 相声 段子 啊 ？
郭德纲 ： 一个 人 ， 是 真 事 ， 在 广德 楼 的 时候 。
我 当初 有 这个 规定 ， 我 说 一个 人 来 看 咱们 也 得 演 ， 这 一个 人 日 后 可能 就 变 成十 个 人 ， 但 今天 你 把 这 一个 人 推 出去 ， 你 可能 损失 的 不 是 一个 观众 。
那天 就 来 这么 一 位 ， 前台 也 问 我 ， 后台 也 问 我 ， 开 吗 ？
就 演 不 演 ， 我 说 演 吧 。
开场 的 演员 叫 刑 文昭 ， 说 单口相声 的 老 先生 ， 台上 一 位 台下 一 位 ， 说 着 半截 台 底下 这 手机 还 响 了 ， 台上 就 停 下来 看 着 他 ， 台 底下 这 位 呢 他 也 不好意思 ， 说 对不起 呀 ， 一会儿 就 完 ， 对不起 ， 挂 了 电话 接着 听 相声 。
我 上场 我 就 对 他 说 ， 我 说 你 要 好好 地 听 ， 上 厕所 必须 打招呼 ， 今天 你 要 表现 好 一点 ， 待会儿 打 起来 关 上门 你 跑 不 了 ， 后台 比 你 人 多 。
这 一 说 大伙 都 乐 了 ， 很 可笑 ， 当时 很 辛酸 哪 ！
那 一 后台 人为 前边 一 人 服务 ， 很 难受 。
就 是 说 一个 人 ， 六 个 人 ， 八 个 人 ， 多 长 时间 都 没 卖 满 过 那会儿 ， 好像 最 多 到 顶峰 时期 卖 到 一百 人 ， 那会儿 就 兴奋 得 了 不得了 ， 很 高兴 。
可是 更 多 的 时候 就 是 没有 人 听 ， 下午 场 演出 结束 了 ， 前台 跟 我们 分 账 ， 三七 、 四六分 完 账 之后 呢 ， 这 钱 不够 大伙 吃 盒饭 的 ， 拿 出 钱 来 添 上 给 大伙 吃 盒饭 ， 都 吃 饱 了 没 事 了 吧 ， 上 门口 去 打 着 板 ， 请 观众 。
鲁豫 ： 您 哪 有 钱 往 里 掏 呢 ？
郭德纲 ： 后来 逐渐 的 不 就 是 干 点 别的 吗 ？
包括 我们 到 现在 ， 你 像 我 跟 于谦 ， 我们 都 有 自己 的 文化 公司 ， 我们 也 做 着 戏 呀 ， 做 栏目 呀 。
反正 现在 这边 挣 的 钱 往 这里 边 投 ， 所以 有人 说 你们 为了 名利 ， 这个 是 胡说 。
鲁豫 ： 当时 你 说 哪 段 相声 真 的 把 底下 人 说 哭 过 ， 有 过 吗 ？
郭德纲 ： 有 这么 一 段 ， 叫 《 论 相声 五十 年 之 现状 》 。
当时 是 2005年 的 10月 5 号 ， 我们 搞 了 一个 纪念 相声 开山 祖 “ 穷 不怕 ” 朱绍文 先生 诞辰 176 周年 。
这 位 老 先生 是 相声 的 祖师爷 。
那天 演出 呢 也 上演 了 很多 平时 不 演 的 节目 ， 观众 很 踊跃 ， 其中 有 一 段 就 是 我 和 张文顺 先生 合 说 的 《 论 相声 五十 年 之 现状 》 。
这个 呢 其实 不 太 像 一 段 相声 ， 像 是 个 演讲 ， 其中 也 记述 了 我们 这 十 年 来 的 风雨 历程 ， 怎么 不 容易 。
