来 看看 这 是 谁 ， 哎 ， 这 不 是 一个 人 的 照片 ， 这 上面 写 着 是 “ 2000年 加利福尼亚 二十一 世纪 计算 ” ， 这 是 谁 送给 您 的 ？
厉善麟 ： 这个 是 比尔 ?
盖茨 ， 因为 比尔 ?
盖茨 跟 我 聊天 ， 我们 俩 聊 起来 以后 ， 我 说 你 这 很 有 成就 ， 得 向 你 学习 ， 我 俩 聊聊 ， 因为 我 是 教 应用 数学 的 ， 所以 聊 起来 ， 聊 得 挺 对头 。
鲁豫 ： 当时 比尔 ?
盖茨 来 了 几 个 人 啊 ？
厉善麟 ： 当时 他们 来 的 十七 个 人 。
鲁豫 ： 他们 吃 的 是 多少 钱 一个 人 的 ？
厉善麟 ： 也 是 一百 多 美金 。
鲁豫 ： 就 是 几百 块 钱 一个 人 ？
我们 总 觉得 世界 首富 到 您 这儿 来 ， 应该 吃 您 那 最 贵 的 两千 块 一个 人 的 。
厉善麟 ： 就 甚至于 像 洛克菲勒 这样 的 当时 的 石油 大王 ， 掉 在 桌面 上 一个 ， 他 还 拿手 捡 着 吃 呢 ， 我们 很 难 想象 。
鲁豫 ： 还有 一个 人物 比 比尔 ?
盖茨 还要 重要 ， 我们 来 看看 下面 这个 是 谁 — 克林顿 夫妇 ， 还有 他们 的 女儿 切尔西 ， 他们 是 什么 时候 去 您 那儿 吃 的 ？
厉善麟 ： 就 是 1998年 克林顿 代表团 第一 次 访华 ， 1998年 6月 26 、 27 、 28 这 三 天 在 我们 这儿 订 的 餐 ， 每 一 天 就 是 两 桌 。
当时 我们 就 只 有 两 个 餐厅 ， 两 个 餐厅 只有 两 桌 ， 后来 从 政府 我们 知道 ， 这 是 克林顿 代表团 来 这 订餐 。
鲁豫 ： 那 结果 呢 ？
厉善麟 ： 结果 是 1998年 6月 26 号 ， 他们 从 美国 直 飞 西安 看 兵马俑 ， 27 号 是 贸易 那 组 来 的 人 ， 28 号 克林顿 带 着 最后 一 帮 人 到 这儿 来 吃饭 ， 下午 七点 。
到 下午 七点 了 ， 我 想 他 要 到 我们 这儿 来 吃饭 ， 一定 不 堵车 ， 一定 是 畅通无阻 啊 ， 我 就 六点 半 我 就 出 去 迎接 一下 ， 人家 也 是 一 国家 元首 ， 这 是 个 礼貌 啊 ， 我 也 得 去 接 。
刚 出 去 不 大 一会儿 ， 美国 大使馆 就 说 要 我 接 电话 ， 说 厉 教授 ， 我们 非常 遗憾 ， 也 实在 对不起 ， 留 了 这么些 个 岁月 ， 3月 到 6月 这 三 个 多 月 、 四 个 月 的 时间 了 ， 非常 遗憾 ， 我们 的 克林顿 总统 先生 、 总统 夫人 和 总统 的 女儿 ， 他们 三 个 去 不 了 了 ， 其他 人 还 去 ， 仍然 给 保留 那 两 张 桌子 ， 别 给 取消 。
我 说 那 没 问题 。
鲁豫 ： 他们 为什么 没 来 您 这儿 吃 成 饭 呢 ？
厉善麟 ： 后来 是 听说 江 主席 请 他们 三 个 人 到 他们 家 吃 饭 去 。
鲁豫 ： 那 肯定 是 得 去 。
很 遗憾 ， 但是 别的 人 都 来 了 啊 。
厉善麟 ： 别人 都 来 了 。
所以 他 回国 以后 觉得 很 不好意思 的 ， 就 美国 政府 通知 大使馆 ， 把 兵马俑 那 数码 相机 照 的 相片 放大 以后 印 出来 ， 送给 我 留 纪念 ， 还 写 了 封 感谢信 。
鲁豫 ： 他 自己 签 上 名 了 吗 ？
厉善麟 ： 签 的 名 。
鲁豫 ： 后来 那 克林顿 再 也 没 来 您 这儿 吃 过 饭 呐 ？
厉善麟 ： 没 来 了 。
鲁豫 ： 那 挺 遗憾 ， 他 其实 自己 肯定 更 遗憾 。
厉善麟 ： 后来 他 下台 以后 就 是 小 布什 嘛 。
小 布什 那 时候 ， 这个 美国 大使馆 总领事 到 这儿 来 ， 说 可能 要 访华 十 天 原来 记得 ， 也 可能 要 想到 这儿 吃饭 ， 我 就 一直 没 信 儿 。
后来 不 9 ?
11 事件 出来 了 嘛 ， 这 两 天 就 走 了 ， 也 没 来 了 。
鲁豫 ： 也 没 吃 成 ， 都 挺 遗憾 的 。
我 听 出来 了 ， 不管 是 谁 到 您 这儿 来 吃饭 都 得 是 预约 啊 ？
厉善麟 ： 都 得 预约 。
鲁豫 ： 哪怕 说 小 布什 说 今天 晚上 要 来 ， 您 那儿 满 了 也 不行 ， 也 得 等 着 。
厉善麟 ： 也 得 等 着 ， 所以 他 因为 知道 这个 ， 所以 才 提前 三 个 多 月 订 的 ， 他 怕 订 不 上 。
鲁豫 ： 谢谢 您 ， 您 让 我们 感觉 很 好 ， 就 是 跟 官 大小 钱 多少 都 没有 关系 ， 都 得 提前 预约 。
厉善麟 ： 一视同仁 。
鲁豫 ： 一视同仁 ， 没 错 ， 生意 就 得 这么 做 。
厉 家 菜 今年 是 21 年 ， 但 为什么 会 这么 火 ？
渊源 得 从 再 早 一点 开始 讲 起 ， 厉 家 有 一 本 百年 的 菜谱 ， 要 从 这 本 百年 菜谱 说起 。
解说 ： 说起 厉 家 菜 的 历史 ， 就要 从 厉 家 的 家族 说起 。
今年 86 岁 高龄 的 厉 老是 正宗 的 满族 正 白旗 ， 祖父 曾 在 清朝 同治 和 光绪 年间 任 内务 府 都 统 ， 官 拜 二 品 ， 论 起 职务 相当 于 现在 副 总理 的 级别 。
厉善麟 ： 我 祖父 的 名字 姓 厉 ， 顺 庆 ， 顺 是 孝顺 的 顺 ， 庆祝 的 庆 ， 这个 名字 是 慈禧 太后 赐 的 ， 亲 赐 ， 当时 我 祖父 还是 总管 皇家 衣食住行 ， 衣食住行 ， 主要 还是 食 。
他 怎么 管 法 儿 呢 ？
他 地位 那么 高 ， 他 不 是 要 到 那个 御 膳 房 里 去 ， 不 是 ， 当时 管 这 御 膳 房 的 就 是 光 禄 寺 ， 这个 光 禄 寺 起 什么 作用 ？
就 是 设计 菜谱 ， 写 菜谱 ， 把 光 禄 寺 写 完 这个 东西 要 呈 到 上 边 去 ， 由 两 个 二 品 官 来 审查 这 东西 ， 审查 完 了 以后 签字 、 盖章 ， 带 到 光 禄 寺 ， 光 禄 寺 再 分 到 御 膳 房 ， 再 指导 他们 怎么 做 的 。
我们 当时 住 的 什么 地方 呢 ？
就 是 地 安 门 内 ， 地 安 门 内 就 是 皇城 以内 了 ， 现在 住址 就 是 紧 靠 着 地 安 门 的 满 福 楼 ， 很 有 名 一个 清真 菜馆 ， 满福 楼 旁边 有 个 胡同 ， 叫 慈惠殿 。
解说 ： 因为 职责 所在 ， 久而久之 ， 一些 简单 的 御 膳 的 做法 无意间 被 厉老 的 祖父 厉顺庆 记 在 了 脑海 里 ， 然而 ， 因为 在 朝 为 官 要 严守 国宴 秘方 ， 所以 厉顺庆 并 没有 尝试 过 在 家里 烹制 御 膳 。
