鲁豫 ： 我们 欢迎 蓓蓓 。
很 漂亮 、 很 可爱 的 一个 孩子 啊 ！
蓓蓓 到 北京 来 这 次 就 是 考 北京 的 艺术 类 的 院校 ， 一共 报 了 几 个 学校 ？
于 蓓蓓 ： 我 数 一 下 啊 ， 军艺 、 北 电 、 中 戏 、 国 戏 ， 还有 传媒 ， 五 个 吧 。
鲁豫 ： 这些 学校 你 都 报 的 是 表演 专业 ？
于 蓓蓓 ： 表演 ， 全都 是 表演 。
鲁豫 ： 那么 要 在 多 长 时间 之 内 完成 这么 多 考试 ？
于 蓓蓓 ： 将 近 一个 月 。
鲁豫 ： 需要 像 赶场 一样 的 考 吗 ？
于 蓓蓓 ： 需要 ， 很 需要 ， 那天 就 那样 ， 那 天 上午 是 中 戏 的 三 试 ， 下午 是 国 戏 的 三 试 ， 然后 我 中午 就 来回 跑 。
我 上午 中 戏 ， 正好 是 第三 场 才 考 到 我 ， 将 近 十二点 才 考 完 ， 然后 下午 一点 去 国 戏 ， 在 路上 我 就 赶快 换 衣服 ， 赶快 吃 东西 ， 然后 还 睡 了 一 觉 ， 插 空 也 睡 了 一 觉 ， 然后 跑 到 国 戏 去 考 的 三 试 。
鲁豫 ： 你 第一 次 去 考 的 是 哪个 学校 ？
于 蓓蓓 ： 第一 场 是 北京 电影 学院 ， 初试 是 台词 和 表演 。
鲁豫 ： 你 考 得 好 吗 ？
于 蓓蓓 ： 考 得 还 行 ， 我 觉着 还 行 。
鲁豫 ： 紧张 不 紧张 ？
于 蓓蓓 ： 紧张 ， 因为 我 是 应届 考生 嘛 ， 我 哥哥 上午 去 考 了 ， 哥哥 上午 考 北电 ， 我们 报名 错开 了 报 ， 我 下午 去 考 。
我 上午 在 家 就 特 紧张 ， 因为 我 没有 经历 过 ， 我 就 不 知道 这 一 群 考场 里面 是 什么样 的 人 ， 是 什么样 的 一个 专业 水平 ， 所以 我 就 很 紧张 。
然后 去 了 以后 ， 我们 是 24 个 人 一个 考场 ， 八 个 人 一 组 ， 我 是 第三 组 。
前面 那 一 组 所有 人 念 完 台词 以后 ， 我 就 一点 都 不 紧张 了 ， 我 就 很 有 自信 了 ， 因为 确实 是 什么 人 都 有 ， 初试 的 时候 ， 拿 着 东西 念 的 ， 还有 就 是 念 京剧 念白 的 ， 还有 那 种 声音 特别 特别 小 、 听 不 清楚 的 那 种 。
鲁豫 ： 你 当时 念 的 是 什么 ？
于 蓓蓓 ： 当时 是 《 卖 火柴 的 小 女孩 》 。
鲁豫 ： 你 觉得 你 表演 得 还 不错 ？
于 蓓蓓 ： 我 觉得 只 是 发挥 的 我 的 水平 。
鲁豫 ： 你 家 在 山东 ， 那么 到 北京 来 考试 ， 你 父母 都 要 丢掉 工作 陪 你 到 北京 来 考试 吗 ？
于 蓓蓓 ： 我 爸爸 一直 陪 着 。
鲁豫 ： 我 觉得 当 父母 的 特别 不 容易 ， 蓓蓓 他们 在 考试 的 时候 正是 北京 最 冷 的 时候 ， 2月份 。
那么 蓓蓓 他们 在 里面 考试 ， 家长 ， 像 蓓蓓 的 爸爸 ， 还有 很多 考生 的 家长 ， 在 外面 那么 冷 的 地方 就 一直 等 着 他们 ， 非常 的 不 容易 。
解说 ： 2月 之 初 ， 北京 的 天气 依然 寒冷 ， 很多 学校 特别 给 家长 增设 了 等待 考生 的 教室 。
但是 为了 能够 让 走 出 考场 的 孩子 第一 时间 看到 自己 ， 大多数 的 父母 们 还是 选择 守候 在 学校 门外 。
寒冷 之中 ， 他们 相互 谈论 着 、 咨询 着 。
在 专业 发榜 处 ， 家长 陪 孩子 一起 欢心 落泪 也 竟是 考场 外 的 一 道 特殊 的 风景 。
有 的 家长 明 知道 孩子 可能 暂时 不 具备 这 方面 能力 ， 明 知道 这 是 一 场 注定 没有 结果 的 考试 ， 他们 还 是 甘心情愿 的 陪 孩子 来到 北京 ， 做 子女 的 坚强 后盾 。
…
…
鲁豫 ： 下面 这 位 嘉宾 ， 他 现在 是 一个 挺 好 的 演员 ， 他 是 电影 学院 表演 系 97 级 的 学生 ， 那 个 班 出 了 很多 非常 出色 的 明星 。
但 他 考 北京 电影 学院 的 经历 非常 的 坎坷 ， 虽然 只 考 过 两 次 ， 但是 横跨 了 很多 年 ， 非常 坎坷 的 经历 。
解说 ： 郭晓冬 出生 在 山东 临沂 的 农村 ， 虽然 父母 都 是 以 务农 为 生计 的 纯朴 农民 ， 但 全家人 对 文艺 的 爱好 对 郭晓冬 产生 了 潜移默化 的 影响 。
到 晓 冬 十 多 岁 的 时候 ， 尽管 村子 里 文化 生活 贫乏 ， 尽管 没有 合适 的 机会 发挥 自己 的 文艺 特长 ， 但 种种 因素 都 没有 阻挡 过 晓冬 身上 继续 疯长 的 艺术 细胞 ， 反而 让 他 找到 了 属于 自己 的 一 套 自娱 自乐 的 方式 。
每 到 农闲 的 时候 ， 郭晓冬 家里 肯定 成为 村里 的 表演 基地 ， 青年人 聚 在 一起 自 编 自 演 、 唱歌 跳舞 ， 共度 了 无数 快乐 时光 。
虽然 村民 们 对于 年轻人 的 文艺 热情 给予 了 不务正业 的 评价 ， 但 晓冬 仍然 乐此不疲 ， 而 没 想到 就是 这些 文艺 特长 让 郭晓冬 这个 农村 娃 走 出 了 小 村子 ， 甚至 成为 县城 里 的 一 大 名人 。
郭晓冬 ： 在 我们 老家 那个 地方 ， 有 一个 社会主义 教育 活动 ， 然后 每 个 乡 ， 就是 从 县里 到 乡里 到 村子 里 都 要 成立 这种 宣传队 。
后来 我 就 很 自然 地 成为 我们 村子 的 文艺 骨干 了 ， 到 小品 会演 的 时候 ， 乡里 从事 文化 管理 人 的 几 个 工作 人员 就 说 ， 这 孩子 不错 吧 ， 把 他 要 了 ， 然后 我 就 一下子 从 村子 里 到 乡里 了 。
解说 ： 除了 参加 各种 文艺 活动 ， 郭晓冬 的 另 一 大 爱好 就是 看 文艺 方面 的 书籍 ， 从 村里 的 小 书店 到 单位 的 图书室 ， 特别 是 《 大众 电影 》 是 郭晓冬 的 最 爱 ， 每 出 必 买 。
而 没 想到 就 在 1992年 5月 ， 《 大众 电影 》 一个 很 不起眼 的 角落 里 的 豆腐块 却 从此 改变 了 郭晓冬 的 命运 。
郭晓冬 ： 有 一 次 突然 看到 一 篇 那个 启事 ， 特别 小 的 一个 小 板块 里面 ， 我 记得 特 清楚 好像 是 在 这 一 面 上 写 着 电影 学院 夏令营 ， 交 五百 块 钱 你 就 可以 来 参加 ， 然后 年龄 限制 多少 多少 之内 。
解说 ： 北京 仅仅 半 个 月 的 夏令营 时光 ， 仿佛 为 郭晓冬 打开 了 一 扇 通往 外面 精彩 世界 的 窗口 ， 他 知道 了 什么 是 真正 的 表演 ， 见到 了 热火朝天 的 排练 厅 ， 见到 了 以前 所 有 只 会 出现 在 想象 中 的 场景 ， 以前 遥 不 可 及 的 理想 已经 找到 了 实现 的 途径 ， 那 就是 报考 北京 电影 学院 。
