鲁豫 ： 那 是 霍 克 第一 次 因为 自己 是 个 乙肝 病毒 携带 者 失去 了 一 份 工作 ， 那种 感觉 像 他 自己 说 是 天 会 塌 下来 的 感觉 ， 对 他 家里 边 的 人 、 对 他 来说 都 是 一个 很 大 的 打击 。
但是 霍克 可能 还 不 知道 ， 丢 这 份 工作 只 是 一个 开始 ， 他 以后 因为 这个 原因 还有 一些 失去 工作 的 经历 。
解说 ： 被 这家 公司 开除 之后 ， 给 35 岁 的 霍克 的 生活 带来 了 很 大 的 影响 ， 而 让 他 更 难以 承受 的 是 精神 上 的 伤害 。
是 和 许多 被 辞退 的 员工 一样 忍气吞声 地 吃哑巴亏 ， 还 是 站 出来 讨 个 公道 ， 再三 思索 之后 ， 霍克 终于 选择 了 后者 。
在 做 了 大量 的 准备 工作 和 法律 学习 之后 ， 他 在 2003年 8月 底 将 解雇 他 的 公司 告 上 了 法庭 ， 而 让 他 意想不到 的 不仅仅 是 事情 的 不了了之 ， 这样 一 场 官司 带来 的 麻烦 更 是 让 工作 能力 出色 的 他 屡次 碰壁 。
鲁豫 ： 那 场 官司 本身 没有 什么 结果 ， 然后 因为 打 这 场 官司 还有 一些 什么 负面 的 作用 ， 对 你 个人 来说 ？
霍克 ： 因为 法院 把 我 的 这个 案件 公布 在 网上 ， 这样 一般 地 我 的 未来 雇主 就 通过 网络 查阅 的 方式 查 到 了 我 以前 是 乙肝 病毒 携带 者 ， 而且 为 此 打 过 官司 ， 所以 我 很 多 的 时候 刚刚 跟 新 的 雇主 谈 好 了 ， 面试 已经 通过 了 ， 然后 在 签 合同 的 时候 ， 他们 上网 查询 一下 ， 知道 我 这样 的 经历 之后 ， 就 没有 再 给 我 任何 一个 工作 的 机会 了 。
鲁豫 ： 你 算 过 吗 ， 你 本来 找到 一 份 挺 好 的 工作 ， 他们 因为 各种各样 的 原因 就 不 要 你 了 ， 前后 有 多少 次 ？
霍克 ： 我 前后 有 四 次 这样 的 经历 。
鲁豫 ： 那 你 这样 的 心理 压力 不 是 很 大 ？
每天 好像 要 活 在 一个 挺 虚幻 的 谎言 当中 ， 也 不 敢 跟 任何人 说 ， 那 种 压力 太 大 了 ， 对 不 对 ？
霍克 ： 因为 总 比 人家 有 一 天 拿 着 你 的 标签 ， 说 你 是 一个 乙肝 病毒 携带 者 ， 你 得 滚 ， 总 要 好 一点 ， 多少 挽回 一点 点 自尊 。
鲁豫 ： 其实 有 一个 统计 数字 ， 说 在 乙肝 病毒 携带 者 里面 ， 九分之八 的 人 这 一生 都 不会 犯病 的 ， 根本 没 有 危险 的 ， 只有 九分之一 或者 更 少 的 一些 人 ， 是 因为 自身 的 免疫力 很 差 或者 生活 的 习惯 不 是 很 健康 ， 最后 才 有 可能 发病 。
解说 ： 举世 公认 ， 对于 潜伏 在 携带 者 体内 的 乙肝 病毒 ， 人类 目前 还 没有 十分 有效 的 方法 清除 ， 而 许多 利欲熏心 的 人 为了 挣钱 ， 肆无忌惮 地 夸大 了 乙肝 的 危险性 以及 自己 药物 的 疗效 。
在 这些 虚假 的 广告 中 ， 提到 最 多 的 一个 词 就是 所谓 的 “ 转 阴 ” ， 因为 测试 是否 感染 乙肝 病毒 的 方法 ， 是 一 种 被 称为 “ 两 对 半 ” 的 血液 检测 结果 。
就 好像 能否 上 大学 要 看 高考 成绩 一样 ， 越来越 多 的 企业 和 单位 已经 把 “ 两 对 半 ” 的 检测 结果 作为 是否 录取 的 一个 基本 标准 ， 而 对 乙肝 病毒 的 携带 者 而言 ， 这 是 一 堵 无法 越 逾 的 高墙 。
…
…
结语 ： 采集 人 ： 周灵 茵 正文 ： 鲁豫 ： 今天 我们 要 讲 的 故事 发生 在 一 所 医院 里 ， 这 是 一 所 挺 特殊 的 ， 也 是 一 所 特别 让 人 感动 的 医院 。
在 这 所 医院 ， 人们 可能 见 多 了 生 生死 死 ， 但 恰恰 在 这儿 ， 生命 显得 特别 地 有 光彩 。
下面 我们 就 听 一 听 发生 在 这样 一 所 很 特殊 的 医院 里面 特殊 的 故事 ， 遇到 一些 特殊 的 人 。
解说 ： 北京 松 堂 医院 是 中国 成立 的 第一 所 临终 关怀 医院 ， 在 这 所 医院 里 ， 平均 每天 要 送 走 两 个 人 ， 平均 每个 人 的 住院 周期 为 31 天 ， 最 小 的 病人 是 五 个 月 大 的 小 女孩 。
现年 56 岁 的 李伟 是 这 所 医院 的 创办 人 ， 在 医院 成立 以来 的 19 年 里 ， 他 和 他 的 同事 们 已经 送 走 了 近 17000 人 。
1968年 ， 19 岁 的 李伟 在 响应 知识青年 上山下乡 的 号召 来 到 农村 插队 ， 成为 了 当地 的 一 名 赤脚医生 。
在 他 的 病人 里 ， 有 一 位 患 晚期 肝癌 的 老 知识分子 ， 1957年 被 打 成 右派 ， 文革 期间 又 被 批斗 下放 到 农村 教书 。
临终 前 老人 被 病痛 折磨 得 死去活来 ， 但 只要 神志 清醒 ， 就 紧紧 抓住 李伟 的 手 ， 急切 地 讲述 他 委屈 的 一生 。
李伟 ： 他 说 下 地狱 （ 是 ） 要 坏人 去 的 ， 我 连 人 的 称号 都 没有 ， 他们 都 管 我 叫 牛鬼蛇神 ， 我 到 哪儿 去 呢 。
我 说 全村 的 人 ， 包括 领导 都 知道 你 是 好人 ， 你 放心 ， 一定 到 特别 非常 美好 的 地方 去 。
张 老师 微笑 着 走 了 。
解说 ： 看 着 老人 临终 前 释怀 的 微笑 ， 李伟 从 中 体会 到 了 莫大 的 幸福 ， 一个 梦想 就此 悄悄 地 在 他 心里 萌生 出来 。
1979年 ， 李伟 从 农村 返 城 回到 北京 ， 1982年 ， 国家 开始 允许 社会 力量 办 医院 ， 李伟 决定 要 开办 一 家 自己 的 医院 。
通过 买卖 邮票 他 淘 到 了 第一 桶 金 ， 筹 到 了 开办 医院 的 第一 笔 钱 。
1987年 李伟 和 几 个 朋友 合作 ， 取得 了 民办 医院 的 许可证 ， 而 当时 批 下来 的 却 是 开办 一 家 综合性 的 医院 。
作为 医院 董事 ， 在 李伟 的 再三 要求 下 ， 医院 分 给 他 三 间 病房 六 个 床位 ， 从此 李伟 也 正式 开始 了 他 的 临终 关怀 事业 。
鲁豫 ： 您 的 第一 个 病人 是 谁 ？
李伟 ： 我们 的 一个 邻居 ， 42 岁 ， 乳腺癌 晚期 了 。
当时 她 就 到 各个 大 的 医院 去 扫描 啊 ， 化疗 啊 ， 特别 痛苦 ， 最后 所有 的 亲戚 朋友 能 借 的 钱 都 给 花 掉 了 ， 医生 告诉 她 没有 什么 办法 了 ， 那么 她们 只 能 回家 。
