生活 在 这里 的 猫 狗 大多数 来自 北京市 其它 几 个 高楼 林立 的 城区 ， 它们 中间 的 绝大多数 都 曾经 拥有 过 幸福 的 家庭 和 关爱 它们 的 主人 。
她 叫 张吕萍 ， 是 这家 科普 基地 的 负责人 ， 从小 就 喜欢 小 动物 的 她 一 手 创办 了 这个 基地 ， 俨然 已经 成为 北京 众多 流浪 猫 狗 的 一个 避难所 。
从 1994年 到 今天 为止 的 12 年间 ， 通过 她 的 手 救助 的 流浪 动物 已经 大约 有 一千 只 了 ， 而 这 成百上千 的 流浪 猫 狗 中 的 大部分 ， 却 又 都 是 她 在 非典 肆虐 京城 的 时候 收留 的 。
鲁豫 ： 欢迎 张吕萍 。
我 相信 大家 对 非典 那年 都 有 印象 啊 ， 那 一 年 很 多 养 狗 的 人 自己 特别 害怕 ， 就 把 狗 就 扔 了 ， 用 各种各样 的 方式 就 扔 了 。
那 一 年 你 怎么 办 ？
你 收 了 多少 狗 啊 ？
张吕萍 ： 非典 的 时候 连 猫 带 狗 收 了 185 个 。
鲁豫 ： 对 你 刺激 特别 大 吧 ？
就 是 平常 都 养 狗 的 人 ， 特别 喜欢 狗 的 人 ， 一 到 自己 害怕 ， 全都 不要 了 。
张吕萍 ： 对 。
鲁豫 ： 对 你 刺激 最 深 的 是 什么 事儿 ？
张吕萍 ： 就 是 非常 好 的 小 动物 ， 非常 可爱 的 小 动物 ， 有的 人 养 了 十 年 ， 就 给 它 扔 出来 。
鲁豫 ： 怎么 扔 啊 ？
张吕萍 ： 扔 出来 以后 ， 就 是 它 还 要 回到 家门口 去 蹲 着 ， 主人 端 着 这个 开水 烫 它 。
鲁豫 ： 听 到 这些 用 什么样 的 方式 去 扔 狗 ， 我 觉得 真的 是 挺 令人发指 的 ， 不管 是 用 什么样 的 方式 遗弃 动物 ， 这种 行径 本身 就 已经 是 挺 残酷 ， 挺 惨无人道 的 ， 惨 无 狗 道 应该 说 是 啊 ， 对 小狗 真 的 太 不 公平 了 。
当然 更 多 的 是 人 跟 动物 之间 的 故事 很多 是 充满 爱心 的 ， 吕萍 跟 这些 她 养 的 这些 小 猫 小 狗 之间 有 很多 这样 特别 让 人 感动 的 故事 。
鲁豫 ： 这个 叫 什么 名字 ？
张吕萍 ： 叫 猪 猪 。
鲁豫 ： 估计 挺 胖 的 吧 ？
张吕萍 ： 我们 拣到 的 时候 就 很 胖 ， 现在 是 减肥 了 ， 所以 你 看到 了 它 有 腰身 ， 因为 本身 坐 的 是 残疾 车 ， 很 胖 ， 我 希望 通过 我们 的 治疗 它 还 能 站 起来 ， 如果 体重 很 重 是 没有 希望 站 起来 的 。
这个 车 是 从 美国 做 回来 的 ， 是 一 对 美国 夫妇 送 来 的 。
它 也 特别 聪明 。
鲁豫 ： 但 你 看 它 倒 挺 不在乎 的 啊 ， 它 认为 自己 还 是 挺 健康 的 。
张吕萍 ： 它 觉得 自己 很 幸运 ， 还 打架 呢 ， 特 狂 。
鲁豫 ： 它 腿 怎么 断 的 ， 我 都 不 敢 听 ， 我 觉得 肯定 是 个 特别 惨 的 故事 。
张吕萍 ： 它 是 我 比较 早期 拣到 的 ， 那 是 我 在 门 头 沟 的 时候 ， 《 北京 青年报 》 的 两 个 记者 给 我 打 了 个 电话 。
然后 当时 一 看 呢 ， 当时 医生 都 跟 我 说 给 安乐 了 吧 ， 说 太 严重 ， 因为 从 前肢 的 底下 一直 到 这个 后肢 的 内侧 到 这个 屁股 这 地方 ， 全都 没有 皮 。
哎呀 当时 我 一 看 ， 我 也 思想 斗争 ， 医生 建议 是 给 安乐 ， 就 说 根本 没有 办法 ， 太 痛苦 了 ， 然后 我 就 看 着 它 ， 医生 就 说 你 决定 吧 。
呀 ， 我 就 看 着 它 ， 我 一 看 吧 ， 它 特别 懂 事儿 ， 两 个 眼睛 使劲 看 着 ， 我 就 知道 它 也 不 想 死 ， 它 就 想 ， 你 现在 决定 我 的 生死 ， 你 说 句 话 吧 。
然后 我 想 了 半天 ， 我 就 说 试试 看 ， 因为 它 没有 脏器 的 问题 ， 没有 致命 的 问题 ， 只是 一个 护理 起来 比较 困难 的 问题 。
后来 我们 当时 就 在 医院 ， 它 当时 医院 条件 比较 简陋 ， 就是 有 个 煤气灶 ， 我 就 拿 两 个 大 盆 ， 当时 给 它 烧 了 水 ， 当时 给 它 做 了 一个 就是 这种 清洗 ， 因为 如果 当时 就 做 这 那种 外伤 处理 ， 人家 医生 都 不 给 处理 ， 太 脏 了 ， 太 臭 了 ， 都 没 法 处理 。
后来 洗 完 了 以后 就 给 它 麻醉 了 ， 就 给 它 清理 ， 当时 它 创面 特别 大 ， 特别 可怕 ， 后来 我们 就 一点儿 一点儿 给 它 清理 。
鲁豫 ： 多 长 时间 ？
张吕萍 ： 一个 月 ， 一个 月 就 结痂 了 ， 就 没 什么 问题 了 。
当时 没有 人 支援 我们 这 种 车 ， 我 也 不 知道 有 这种 东西 ， 我们 就 自己 做 了 一 辆 小车 ， 就是 用 木板 ， 然后 用 这种 破 轱辘 给 它 做 了 个 小车 ， 弄 上 棉 垫子 给 它 垫 起来 ， 就 让 它 能够 支撑 起来 ， 这个 伤口 恢复 有 一个 透气 的 地方 ， 就 这样 后来 慢慢 好 了 。
鲁豫 ： 这些 年 吕萍 带 着 她 这些 小 狗 搬 了 很 多 次 家 ， 也 是 经历 了 挺 多 挺 艰难 的 时候 ， 你 算 过 吗 ， 搬 过 多少 次 家 ？
张吕萍 ： 就 是 大大小小 的 六 次 ， 比较 像样 的 搬家 四 次 。
鲁豫 ： 每次 都 是 可能 一个 车队 吧 ， 因为 那么 多 的 小 狗 、 小 动物 跟 着 她 。
解说 ： 从 小 生活 在 一个 军队 干部 家庭 中 的 张吕萍 ， 有着 比 同龄 孩子 更 为 优越 的 生长 环境 。
作为 孩子 中 唯一 的 女性 ， 她 受到 了 家 人 格外 的 爱护 ， 从 当 文艺兵 到 下海 经商 ， 张吕萍 走 的 可谓 是 一帆风顺 。
然而 命运 在 她 36 岁 那 一 年 安排 了 一 场 劫难 ， 她 被 确诊 为 乳腺癌 ， 虽然 在 医生 的 治疗 和 家人 的 呵护 下 ， 她 很快 痊愈 了 ， 可是 人 过 鬼 门 ， 气度 宵 关 ， 在 一向 乐观 的 张吕萍 的 脸上 ， 也 开始 少 有 了 往日 的 笑容 。
就 在 此时 ， 一 只 朋友 送 来 的 宠物 狗 给 正 在 病榻 上 的 她 带来 了 久违 的 欢笑 。
张吕萍 ： 我 觉得 我 看到 这 小 狗 ， 我 就 挺 快乐 的 ， 第一 眼 看 到 它 就 觉得 它 很 逗 ， 因为 它 刚 来 的 时候 很 小 ， 我 以为 它 会 很 怕 这 一 屋子 猫 ， 结果 它 特别 勇敢 ， 而且 一 下 冲 到 厨房 就 叼 了 一 根 儿 葱 ， 给 我 印象 特别 深 ， 它 有 这么 大 ， 这 根 儿 葱 有 这么 长 ， 它 就 很 快 地 把握 住 了 平衡 ， 咬 在 了 这个 不 是 特别 中间 的 地方 ， 因为 葱 那个 绿 的 那 截儿 是 轻 的 ， 白 的 这 截儿 是 重 的 ， 它 就 调整 得 特别 好 ， 就 这个 葱 就 跟 一个 扁担 似的 在 它 嘴 上 含 着 ， 它 就 掌握 得 特别 好 ， 然后 就 满 屋子 跑 ， 就 好像 叼 了 个 猎物 似的 满 屋子 跑 ， 特别 快乐 ， 把 猫 都 给 吓 住 了 。
