国艳莉 ： 对 ， 就 像 我 自己 刚刚 住 下来 的 时候 ， 周围 有 很 少 的 人 的 时候 ， 你 感受 到 的 完全 不 是 那 种 美 了 ， 是 那种 寂静 的 那种 可怕 ， 包括 当地 的 一些 野生 动物 比如说 青蛙 啊 ， 或者 是 一些 大型 的 鸟类 ， 还有 一些 小型 的 兽类 ， 它 发出 一些 声音 ， 因为 那 周围 是 很 静 很 静 的 ， 只有 它们 的 声音 ， 而且 声音 都 很 大 ， 所以 你 会 感到 非常 害怕 。
鲁豫 ： 刚才 我们 在 看 那 个 片子 里面 看到 ， 国艳莉 住 在 一个 挺 奇怪 的 好像 架 在 树上 的 一个 房子 里面 ， 她 到 了 西双版纳 ， 一 开始 住 在 一个 很 破旧 的 可能 离 观察 野 象 很 远 的 一个 地方 ， 那么 她 跟 当地 的 负责人 一直 在 磨 ， 说 希望 能够 住 到 离 观察 点 比较 近 一点 的 地方 。
最后 没 办法 ， 人家 在 树上 有 一个 房子 ， 听 起来 很 别致 ， 很 浪漫 啊 ， 所谓 的 树 屋 ， 但是 条件 其实 特别 地 艰苦 。
国艳莉 ： 今天 两 个 送 我 过来 的 同学 走 了 ， 偌大 的 原始 森林 只 剩下 我 和 保护区 的 三 个 工作 人员 。
天下 着 雨 ， 孤独感 像 永不 停息 的 雨水 一样 逐渐 浸透 了 整个 心 间 。
从 今天 起 ， 我 就要 单独 在 这里 等候 野 象 出现 ， 然后 记录 它们 的 种群 数量 和 生活 习性 。
同 保护区 管理局 联系 后 ， 他们 借 给 我 一 间 建 在野 象 谷 里 的 旧 房子 ， 这里 的 人 称 这 房子 为 树 屋 。
我 那边 只 有 一个 简单 的 卫生间 和 两 张 单人床 ， 它 并 不 是 说 想 的 那 种 特别 温馨 的 那种 小 树 屋 ， 它 主要 是 用 竹子 来 做成 的 ， 因为 也 做 了 很 长 时间 了 ， 所以 其实 看上去 是 很 破旧 的 ， 都 已经 开始 就 破裂 了 ， 甚至 你 能 看到 下边 的 空地 ， 所以 整体 上 感觉 是 很 简陋 ， 一点儿 也 没有 想象 中 的 那 种 温馨 的 感觉 。
这个 小屋 里 边 ， 其实 虫子 对 我 来说 已经 不 是 问题 了 ， 满身 叮 的 这 疙瘩 已经 习以为常 了 ， 可能 最 可怕 的 就 是 那个 屋里 有 老鼠 。
鲁豫 ： 被 它们 吓 哭 过 吗 ？
国艳莉 ： 有 被 它们 吓 着 的 时候 ， 就是 有 一 次 ， 因为 我 的 衣服 就 挂 在 那个 屋子 里 了 ， 包括 穿 的 迷彩服 挂 在 屋子 里 ， 大概 过 了 有 四五 天 的 时间 ， 我 需要 重新 把 这 件 衣服 拿 下来 ， 但 这 四五 天 时间 我 就 没 动 这个 衣服 。
结果 我 拿 下来 一 看 ， 从 那 个 衣服 下边 就 簌簌 跑 出 两 个 小 老鼠 ， 哎呀 ， 我 就 特 吃惊 的 。
然后 我 就 开始 把 那 衣服 打开 ， 全 是 树叶 ， 后来 就 发现 那个 里边 有 四 只 特 小 的 老鼠 ， 就是 在 衣服 里面 做 了 个 窝 。
解说 ： 野象谷 的 生活 是 艰苦 的 ， 不过 比 艰苦 更 可怕 的 是 寂寞 ， 房子 里 没有 电视 ， 没有 网络 ， 没有 收音机 。
看 完 了 自 带 的 书 ， 听 烦 了 自备 的 歌曲 ， 在 没有 预 知 的 等待 中 ， 国艳莉 忍受 着 寂寞 的 煎熬 ， 于是 看 蚂蚁 搬家 ， 蜘蛛 织 网 ， 成 了 国艳莉 闲 来 无 事 的 唯一 消遣 ， 到 了 晚上 则 显得 更加 难 熬 。
入夜 后 ， 偌大 的 原始 森林 变 得 悄无声息 ， 有时 连 树枝 掉落 的 声音 都 能 把 国艳莉 吓 哭 。
…
…
解说 ： 野 象 谷 位于 勐 养 自然保护区 南园 ， 是 西双版纳 令人神往 的 森林 公园 和 观赏 野 象 活动 的 景区 。
公园 所在地 原来 就 有 一个 野 象 经常 出没 、 饮水 的 象 塘 ， 而 国艳莉 所在 的 小 树 屋 下 就 是 一 条 蜿蜒 的 小河 。
因为 树 屋 所 处 的 地方 河水 比较 深 ， 象 会 来 喝 水 ， 并且 这里 人工 还 埋 了 很多 食盐 ， 所以 象 会 相对 经常 地 光顾 ， 小 树 屋 成 了 一个 最 为 理想 的 观测 地点 。
2003年 的 这 半 年 ， 是 国艳莉 对 野 象 渐渐 熟悉 的 一个 过程 。
随着 观测 的 时间 越来越 长 ， 国艳莉 开始 能够 把 每 头 大象 区分 开 来 ， 她 为 这些 体型 庞大 的 朋友 们 取 了 名字 ， 也 渐渐 地 感觉 到 了 它们 身上 的 灵性 。
因为 长 时间 的 观察 ， 国艳莉 也 基本 琢磨 出 了 野 象 的 一些 生活 习性 ， 也 摸索 出 了 自己 的 观察 方式 。
野 象 的 警戒 距离 是 15 米 ， 一般 突破 这个 界线 的 人 ， 都 会 受到 野 象 的 警告 和 攻击 ， 而 国艳莉 已经 可以 在 8 米 左右 的 近 距离 观察 大象 。
国艳莉 ： 所有 的 野生 动物 都 一样 ， 包括 亚洲 象 也 是 这样 的 ， 就是 你 在 观察 的 时候 ， 首先 应该 让 它 没有 这种 恐惧感 ， 所以 肯定 是 很 安静 地 、 逐步 地 在 接触 它 ， 那 我 之所以 能够 到 最后 的 时候 可能 和 象 的 距离 会 越来越 近 一点 ， 主要 是 就 是 在 观察 的 过程 当中 一直 保持 一 种 安静 的 心态 ， 而且 会 小心翼翼 的 ， 不 会 引起 它 的 恐慌 。
解说 ： 可能 是 长 时间 安静 的 观察 ， 友好 和平 的 相处 ， 野 象 也 渐渐 熟悉 了 国艳莉 的 气味 ， 国艳莉 靠 得 越来越 近 。
不过 野 象 毕竟 还 是 野生 动物 ， 在 这种 默契 程度 与日俱增 的 时候 ， 危险 的 情况 也 时常 发生 。
鲁豫 ： 最近 离 那些 野 象 能 有 多 近 ？
国艳莉 ： 我 最近 的 时候 大概 有 六七 米 吧 这样 ， 不能 再 靠近 了 ， 或者 是 最近 最近 的 时候 ， 而且 地理 位置 比较 好 ， 大概 也 就 到 五 米 就 极限 了 。
鲁豫 ： 你 有 把 它们 惹 急 过 的 时候 吗 ？
国艳莉 ： 有 啊 ， 我 会 有 这样 的 时候 ， 因为 我 有时候 可能 是 观察 得 比较 近 ， 但 其他 人 呢 ？
比如 说 我 一个 人 在 距离 五 米 的 时候 的 观察 ， 象 会 没有 反应 ， 我 也 没有 反应 ， 就是 我 仔细 看 着 它 。
但 其他 的 陌生 的 人 过来 ， 走 到 我 旁边 来 ， 可能 会 发出 声音 ， 或者 是 他 没 发出 声音 ， 象 就 会 追 我们 。
