锻炼 取得 好 的 效果 ， 就 一直 持续 了 下去 ， 一下 就 练习 了 四 年 。
虽然 是 业余 的 训练 ， 但是 小时候 的 小鹏 还是 个 比较 会 偷懒 的 运动员 ， 有 一 次 训练 时 他 和 另外 一 名 队友 两 人 在 那 聊天 ， 教练 让 他们 过去 也 不 理 。
突然 间 又 感觉 有 点 饿 了 ， 于是 两 人 偷偷 溜 出 去 买 点 东西 吃 ， 然后 两 人 又 在 外面 打 台球 。
天有不测风云 ， 结果 恰巧 被 父母 路过 发现 。
爸 妈 就 问 他 ， 你 不 是 说来 训练 吗 ？
怎么 在 这里 打 台球 啊 ， 晓 鹏 还嘴 硬 道 ： “ 我们 今天 休息 。
” 爸 妈 又 去 问 教练 ， 教练 说 这 小子 偷懒 ， 跑 出 去 玩 了 ， 结果 被 爸 妈 痛骂 了 一 通 。
尽管 这样 ， 韩晓鹏 还 是 具有 运动 的 天赋 ， 在 教练 眼里 是 个 练 体育 的 好 苗子 。
…
…
鲁豫 ： 韩晓鹏练 的 项目 叫做 自由式 滑雪 空中 技巧 ， 需要 从 很 高 的 台子 上 冲 下 来 ， 在 空中 做 一些 漂亮 的 转身 动作 。
夏天 没有 雪 的 时候 就 在 人工 搭建 台子 上 练习 ， 往 水 里 跳 。
冬天 的 时候 他们 就 要 进 山 ， 去 雪 地 里 真 刀 真 枪 练习 。
自由式 滑雪 空中 技巧 是 借助 陡坡 下滑 的 惯性 在 预先 准备 的 跳台 上 进行 两 次 不同 技巧 跳跃 的 比赛 。
运动员 从 平台 跃起 到 落地 的 空间 内 要 做 各种 空 翻 转体 动作 。
对 年级 尚 小 的 韩晓鹏 来说 ， 刚刚 开始 的 训练 是 十分 艰苦 的 ， 特别 是 在 初来乍到 的 新奇 之后 ， 日复一日 的 训练 似乎 也 变 的 不 是 那么 可爱 了 。
与此同时 ， 做 为 一个 新 成立 的 训练 项目 ， 起步 阶段 同样 艰难 。
当时 ， 滑雪 队 没有 自己 的 新 器材 ， 只能 将 就 着 其他 队 不 要 的 器材 废物 利用 。
相对 于 训练 的 艰苦 和 器材 的 落后 而言 ， 韩晓 鹏 记忆 深刻 的 还有 生活 条件 上 的 窘迫 。
经过 艰苦 的 训练 ， 韩晓鹏 逐步 掌握 了 自由式 滑雪 空中 技巧 的 一些 难度 动作 。
夏天 训练 的 时候 他们 就 从 人工 台上 滑 下 ， 往 水 里 跳 。
一 进入 冬季 ， 他们 就 回到 长白山 ， 去 冰雪 跳台 ， 进行 实际 的 磨练 。
作为 一个 南方 人 ， 到 北方 来 练习 这样 一个 冰雪 项目 他 要 吃 的 苦头 我们 难以 想象 ， 特别 是 当初 韩晓鹏 从 家里 出来 的 时候 才 刚刚 12 岁 ， 这 一点 ， 他 的 家 人 也 做出 了 相当 大 的 牺牲 和 支持 。
韩晓鹏 的 家境 并 不 宽裕 ， 父母 都 是 当地 粮食 系统 的 职工 ， 为了 培养 儿子 ， 这些 年 来 韩晓鹏 的 父亲 韩 波 前前后后 的 花费 超过 了 10万 元 钱 ， 以至于 直到 现在 ， 他们 家 还 背 着 4万 多 元 的 外债 。
五 年 前 ， 韩晓鹏 的 父母 双双 下岗 了 。
虽然 说 这时候 ， 韩晓鹏 已经 到 了 国家队 ， 但 那 时候 他 的 工资 和 奖金 并 不 是 很多 ， 家里 有 时候 还 需要 贴补 他 一些 生活费 。
为了 生计 ， 父亲 韩波 还 借 了 七八万 元 的 外债 ， 买 了 一 辆 旧 的 大 卡车 ， 跑 起 了 长途 运输 。
这些 年 来 ， 父亲 就 是 用 这种 方式 ， 为 儿子 的 成长 默默 付出 着 。
而 韩晓鹏 在 知道 父母 为 他 的 这种 付出 后 ， 就 暗 下决心 ， 一定 要 做 出 点 什么 。
这 之后 ， 更加 刻苦 的 训练 也 让 韩晓鹏 的 成绩 迅速 提高 ， 多次 在 全国 比赛 中 夺得 冠军 ， 于是 2002年 ， 他 向 更 高 的 目标 发起 了 冲击 ， 然而 在 盐湖城 的 第一 次 冬奥会 之 旅 却 成为 了 韩晓鹏 的 痛苦 记忆 ， 他 只 拿 到 了 第24 名 。
而 在 回国 之后 的 一 次 训练 受伤 ， 更 将 韩晓 鹏 推进 了 最 低谷 。
2002 奥运会 之后 ， 韩晓鹏 又 遭到 了 一 次 打击 ， 在 一 次 中 ， 由于 器材 没 布置 好 ， 结果 晓鹏 没有 飞 出 去 ， 直接 把 右 膝关节 两 根 韧带 摔 断 了 。
他 不得不 接受 一 次 手术 ， 这个 手术 让 韩晓 鹏 休息 了 3 个 多 月 。
虽然 遭受 了 比赛 失利 和 身体 受伤 的 打击 ， 但是 韩晓鹏 还是 坚持 下来 了 ， 当初 在 心里 暗 下 的 做 出 点 什么 的 决心 ， 也 慢慢 实现 了 。
虽然 这 次 参加 都灵 冬奥会 别 没有 被 任何人 看好 ， 但是 凭借 自己 出色 一 跳 ， 韩晓鹏 还 是 站 在 了 世界 最 前面 。
韩晓鹏 的 2006 冬奥会 之 行 开始 并 没有 被 外界 看好 ， 虽然 在 预赛 的 时候 他 以 黑马 的 姿态 拿 到 了 第一 的 名次 。
但 他 仍 不 敢 奢望 金牌 ， 因为 中国队 传递 给 他 的 信息 是 ： 那些 世界 强手 实际上 在 预赛 中 都 有 保留 ， 将 高 难度 的 绝活 留 到 了 决赛 ， 韩晓 鹏 到时 只 要 争取 冲 进 前 六 名 就算 完成 任务 。
可能 正是 因为 没有 了 心理 负担 ， 韩晓鹏 完成 了 决赛 场上 最 完美 的 一 跳 ， 赢得 了 金牌 ， 成为 冬奥会 上 一 匹 的 显眼 的 黑马 。
就 在 这 次 冬奥会 决赛 之前 ， 晓鹏 做 了 一个 梦 ， 梦 到 自己 拿 了 冠军 ， 几乎 和 比赛 如出一辙 —— 第一 跳 ， 他 得到 了 130. 53 的 高 分 ， 但是 白俄罗斯 选手 达申斯基 更 高 ： 131. 42分 。
第二 跳 ， 用 难度 系数 仅 为 4. 175 的 动作 ， 韩晓鹏 拿 到 了 120. 24分 。
而 达申斯基 却 在 尝试 难度 为 4. 425 的 动作 时 ， 落地 背部 碰到 雪 面 。
金牌 ， 就 这样 从天而降 。
在 “ 默默无闻 ” 了 多 年 之后 终于 得到 奥运 冠军 的 韩晓鹏 说 ， 自己 想 把 金牌 垫 在 枕头 底下 睡 ， 结果 在 夺得 金牌 那个 晚上 抱 着 金牌 的 晓鹏 却 怎么 睡 也 睡 不 着 。
晓鹏 坦言 一 闭 上 眼睛 脑袋 里 想 的 全 是 夺冠 的 那些 画面 ， 兴奋 了 一 夜 。
如果 说 刘翔 是 “ 栏 上 飞人 ” ， 那么 韩晓鹏 就 是 名副其实 的 “ 雪 上 飞人 ” 。
虽然 他们 飞翔 的 动作 各 有 不同 —— 跨越 或者 翻转 ， 但 他们 飞翔 的 风景 一样 美丽 。
晓鹏 坦言 刘翔 是 自己 的 偶像 。
赛后 外界 评论 都 称 韩晓鹏 为 黑马 ， 不过 韩晓鹏 自己 更 愿意 叫 自己 是 黑马 王子 ， 言辞 充满 了 自信 。
