孩子 小 T 特别 可爱 ， 他 现在 多 大 ？
吴 瑕 ： 两 岁 零八 个 月 。
鲁豫 ： 这 件 事情 前 后 发生 了 有 半 年 的 时间 吗 ？
吴 瑕 ： 120 天 ， 四 个 月 整 。
鲁豫 ： 120 天 ， 四 个 月 ， 从 孩子 突然 不见 的 那 一 天 到 你 把 他 接 回 北京 那 一 天 ？
吴 瑕 ： 对 ， 对 。
鲁豫 ： 这 每 一 天 每 一 天 的 事 你 都 能够 印 在 脑子 里 一样 是 吧 ？
怎么 你 突然 有 一 天 就 发现 孩子 不 见 了 ？
吴 瑕 ： 去年 11月 14 号 那 天 早上 ， 孩子 的 父亲 就 说 他 要 去 另外 一个 地方 开会 ， 然后 要 带 小孩 下 楼 送 他 上车 ， 因为 我们 的 阿姨 、 小孩 的 保姆 跟 他们 一起 去 的 ， 到 楼下 以后 呢 ， 他 父亲 就 是 想 让 保姆 去 麦当劳 给 他 买 咖啡 ， 然后 保姆 从 麦当劳 再 出来 呢 ， 就 找 不到 小孩 也 找 不 到 他 父亲 了 ， 就 打电话 给 我 。
我 就 赶紧 去 找 小孩 的 护照 ， 就 发现 小孩 的 护照 不见 了 ， 再 打电话 给 他 爸爸 ， 手机 就 关 了 。
鲁豫 ： 这 之前 有 任何 的 征兆 吗 ？
吴 瑕 ： 可以 说 一点 征兆 都 没有 ， 但是 之前 我们 两 个 人 有 矛盾 ， 曾经 吵 过 架 ， 但是 在 这 件 事 发生 之前 ， 我们 就 是 属于 一 种 可能 要 合 好 的 状态 ， 大家 都 做出 让步 了 。
在 出事 的 前 一 天 ， 我们 还 全家人 一 块 出去 公园 玩儿 呢 。
鲁豫 ： 他 从来 没有 提 过 要 回 美国 ？
吴 瑕 ： 没有 ， 从来 都 没有 过 。
鲁豫 ： 你们 之前 谈 到 过 离婚 、 分开 这些 话 吗 ？
吴 瑕 ： 离婚 没有 谈 过 ， 就 是 可能 他 爸爸 有 一 次 在 生气 的 情况 下 提 过 一 次 ， 说 实在 要 是 过 不 下去 了 ， 咱们 就 离婚 吧 ， 就 分开 吧 ！
鲁豫 ： 那 谈 到 过 吗 ？
就 假设 式 的 谈 过 ， 说 如果 我们 俩 真 的 过 不 下去 了 孩子 怎么办 ？
吴 瑕 ： 之前 的 每 一 次 说 起来 ， 都 说 我 绝对 不 会 把 小孩 带走 的 ， 每次 跟 我 说 起来 就 是 说 ， 你 是 一个 好 母亲 ， 小孩 应该 留 在 这 跟 你 一 起 。
鲁豫 ： 那 当时 保姆 说 孩子 跟 爸爸 都 不 见 了 ， 你 的 第一 反应 是 什么 ？
吴 瑕 ： 我 第一 反应 就 是 先 去 找 护照 ， 发现 护照 没有 了 ， 两 个 人 的 护照 都 没有 了 ， 我 的 护照 也 没有 了 。
后来 才 知道 他 把 我 的 护照 藏 起来 了 ， 就 是 怕 我 马上 就 追 过去 。
鲁豫 ： 从 孩子 跟 他 爸爸 都 不 见 了 ， 到 他 爸爸 再 跟 你 取得 联系 ， 中间 隔 了 多 长 时间 ？
吴 瑕 ： 他 是 广州 飞 香港 转 飞 ， 从 香港 再 转 飞 美国 ， 他 在 香港 飞机 起飞 之前 打 过 一个 电话 给 我 ， 就 是 很 简单 ， 就是 我 带 ROY 去 美国 了 ， 你 不用 担心 ， 就 这样 ， 就 挂 了 。
鲁豫 ： 当时 接 完 这 个 电话 以后 你 的 反应 是 什么 ？
吴 瑕 ： 我 当时 就 有 点 歇斯底里 了 ， 就 觉得 见 不 着 小孩 了 。
鲁豫 ： 是 嚎啕 大 哭 吗 ？
吴 瑕 ： 对 ， 是 ， 真的 是 嚎啕 大 哭 。
鲁豫 ： 你 为什么 会 觉得 再 也 见 不 到 小孩 了 ？
吴 瑕 ： 就 是 他 在 电话 里 的 这个 语气 就 给 我 感觉 是 ， 否则 不至于 一 句 话 也 不 说 ， 小孩 的 东西 也 没 带 ， 那天 他 穿 着 睡衣 就 把 小孩 带走 了 。
画外音 ： 24 小时 后 蒂姆 打 来 了 电话 ， 电话 里 他 告诉 吴 瑕 ， 他 已经 和 儿子 到 了 美国 得克萨斯州 的 米德兰镇 ， 在 他 的 母亲 家里 。
吴 瑕 ： 他 在 那个 电话 里 的 态度 异常 地 好 ， 然后 就 说 我 要 带 ROY 一起 回家 什么 的 ， 跟 我 讲 的 是 星期一 就 回来 。
结果 我 就 打电话 去 他 妈妈 那儿 ， 到 19 号 我 就 打电话 ， 正好 是 他们 那 的 早晨 可能 才 七点 钟 。
然后 呢 我 就 问 她 ， 当时 我 也 是 使 了 一点 小 计谋 ， 我 也 没 问 她 蒂姆 在 吗 ， 我 就 问 她 ROY 在 吗 ， 我 能 跟 儿子 说 句 话 吗 。
她 就 让 我 跟 儿子 说话 ， 我 就 问 他 ， 我 说 你 爸爸 呢 ， 他 说 爸爸 走 了 ， 爸爸 上班 了 。
这 一 下 我 就 知道 他 爸爸 自己 走 了 ， 儿子 还 在 那儿 呢 。
画外音 ： 果然 ， 2005年 11月 20日 ， 蒂姆 把 不 会 讲 英文 的 小 T 留 在 美国 ， 独自 一 人 回到 中国 ， 要求 吴 瑕 必须 签署 放弃 抚养 权 的 文件 。
吴 瑕 ： 后来 他 回来 以后 就 跟 我 谈 ， 然后 想 让 我 签 那个 同意 书 ， 同意 放弃 抚养 权 。
结果 不 可能 嘛 ， 我 作为 孩子 母亲 ， 你 这个 要求 我 怎么 可能 同意 呢 。
画外音 ： 连续 两 个 晚上 的 交谈 之后 ， 吴 瑕 失望 地 发现 ， 蒂姆 已经 根本 不 可能 会 主动 把 孩子 送 还 给 她 了 。
而 此时 她 想 到 ， 要 用 法律 的 手段 要 回 自己 的 儿子 。
鲁豫 ： 其实 有 法律 有点 鞭长莫及 的 感觉 ， 因为 孩子 在 美国 ， 爸爸 也 在 美国 ， 妈妈 在 中国 ， 那么 第一 步 你 要 找 律师 的 话 可 能 找 身边 的 律师 是 最 简单 的 ， 先 向 周围 的 律师 来 探 探 情况 。
那么 北京 的 律师 、 国内 律师 给 你 的 建议 是 什么 ？
吴 瑕 ： 后来 他 回来 以后 就 跟 我 谈 ， 然后 想 让 我 签 那个 同意 书 ， 同意 放弃 抚养 权 。
结果 不 可能 嘛 ， 我 作为 孩子 母亲 ， 你 这个 要求 我 怎么 可能 同意 呢 。
画外音 ： 连续 两 个 晚上 的 交谈 之后 ， 吴 瑕 失望 地 发现 ， 蒂姆 已经 根本 不 可能 会 主动 把 孩子 送 还 给 她 了 。
