而 此时 她 想 到 ， 要 用 法律 的 手段 要 回 自己 的 儿子 。
鲁豫 ： 其实 有 法律 有点 鞭长莫及 的 感觉 ， 因为 孩子 在 美国 ， 爸爸 也 在 美国 ， 妈妈 在 中国 ， 那么 第一 步 你 要 找 律师 的 话 可 能 找 身边 的 律师 是 最 简单 的 ， 先 向 周围 的 律师 来 探 探 情况 。
那么 北京 的 律师 、 国内 律师 给 你 的 建议 是 什么 ？
罗侠 ： 我 上 线 就 是 这么 教 我 的 呀 。
我 就 找 我 姨妈 去 ， 我 跟 我 姨妈 讲 ， 这个 产品 怎么样 ， 这个 经营 理念 是 一 种 最 先进 的 营销 模式 等 。
我 姨妈 听 都 不 听 了 ， 那个 时候 她 都 是 六七十 岁 的 人 ， 所以 只 听 清楚 了 我 要 要 让 她 掏钱 买 东西 。
鲁豫 ： 最后 她 花 了 多少 钱 ， 买 了 些 什么 ？
罗侠 ： 我 也 不 忍心 啊 。
因为 我 姨妈 很 穷 ， 就 退休 工人 嘛 ， 当时 就 不 到 三百 块 钱 的 退休 工资 。
然后 我 就 说 那 你 就 买 这 瓶 酱油 吧 ， 75 块 钱 。
她 也 不 知道 那 是 干什么 的 ， 然后 说 ， 哦 ， 75 。
然后 就 去 那个 柜子 里面 ， 拿 出 一个 手巾 ， 一 层 一 层 打开 ， 我 看 她 那 一 毛 一 毛 数 给 我 的 时候 ， 心里 边 那个 滋味 可 真 不 好受 。
就 觉得 这么 贵 的 东西 ， 卖 给 我 的 姨妈 ， 这 75 块 钱 ， 可能 我 姨妈 可以 吃 一 年 的 酱油 了 。
鲁豫 ： 那 你 当 时 写 这个 报道 ， 你 可以 慢慢 去 调查 ， 干吗 真 的 要 卖 呢 ？
罗侠 ： 万一 我 通过 一边 报道 很 真实 的 ， 万一 它 真的 是 一 条 发财 的 路 的 话 ， 可以 把 这个 发财 的 路 ， 通过 我 的 那个 赚钱 的 经历 ， 告诉 那些 下岗 工人 ， 那 这些 下岗 工人 有 什么 难 的 呢 ， 有 什么 怕 的 呢 ， 他们 很快 就 可以 发财 了 。
鲁豫 ： 但 罗侠 经过 调查 了解 以后 ， 就 对 这种 模式 有 了 很 深 的 怀疑 。
她 觉得 自己 应该 进入 传销 组织 的 更 深层 ， 了解 更 多 的 内幕 。
画外音 ： 罗 侠 调查 了解 之后 ， 发现 传销 所谓 的 新 的 经营 模式 ， 就是 不 经过 店铺 直接 将 产品 卖 给 消费者 ， 并且 通过 新人 的 加入 ， 形成 上 线 、 下 线 的 隶属 关系 ， 组成 一个 强大 的 网络 。
当时 的 罗侠 有 着 两 张 面孔 ， 一方面 罗 侠 以 高晶 的 身份 渗入 到 传销 组织 中 ， 另一方面 ， 她 以 自己 真实 的 名字 将 非法 传销 的 蛛丝马迹 ， 用 文字 报道 的 形式 刊登 出来 。
但 要 揭露 其中 更 深 的 秘密 ， 罗侠 必须 进入 传销 组织 的 高层 ， 仅仅 是 这个 传销 网络 几十万 人 中 的 普通 一 员 是 远远 不够 的 。
在 这样 强大 的 一个 网络 中 ， 从 一个 刚刚 介入 传销 的 新手 到 成为 传销 最 核心 层 的 成员 ， 至少 要 投资 十 几万 元 。
传销 网络 最 顶层 的 核心 人员 是 来自 广州 的 两 兄弟 ， 他们 开始 渐渐 注意 到 自己 的 组织 里面 ， 一个 叫 高晶 的 姑娘 ， 非常 活跃 。
罗侠 ： 有 一 次 在 分享 会上 ， 这 两 兄弟 要 到 一个 分会场 视察 ， 我 知道 了 就 跑 去 了 ， 看到 他们 在 上面 鼓动 新 加入 网络 的 这些 下 线 ， 能否 到 台上 来 ， 把 你 进入 传销 之后 的 心得 给 大家 分享 。
那个 时候 我 觉得 机会 来 了 ， 我 噌 的 一 下 ， 一个 箭步 就 上去 了 ， 我 就 讲 传销 给 了 我 第二 生命 ， 我 在 传销 里边 找到 了 自己 人生 的 目标 ， 可以 说 一 把 眼泪 一 把 鼻涕 地 说 ， 这 两 兄弟 一下 就 侧 目 了 ， 这 里边 居然 还 有 这种 人才 ， 马上 问 ， 这 是 谁 的 下 线 ， 然后 我 那 位 上 线 也 觉得 很 长 脸 ， 我 这 是 在 劳务 市场 刚刚 招 来 的 。
…
…
结语 ： 采集 人 ： 周灵 茵 正文 ： 鲁豫 ： 作为 一 名 记者 ， 在 她 的 工作 中 ， 追求 的 就 是 第一 现场 有 我 在 。
但 实际 的 采访 过程 中 ， 要 做到 真正 地 进入 新闻 事件 发生 的 第一 现场 ， 与 新闻 事件 的 主人公 面对面 接触 ， 并 不 是 很 容易 的 事情 。
今天 我们 请 来 了 两 位 记者 ， 是 两 个 女性 ， 她们 都 是 在 非常 复杂 、 危险 的 情形 下 出色 地 完成 了 采访 。
画外音 ： 在 重庆 ， 罗侠 是 一个 非常 知名 的 女 记者 。
1997年 她 在 当时 的 《 华西 都市 报 》 一 次 特殊 的 连续 报道 让 她 声名鹊起 。
当时 ， 刚刚 进入 《 华西 都市 报 》 重庆 记者站 的 罗侠 ， 一 次 偶然 的 机会 发现 传销 在 当时 非常 火 ， 于是 便 产生 了 报道 传销 的 想法 。
事实上 ， 准备 开始 报道 传销 的 时候 ， 罗侠 并 不 知道 ， 非法 传销 的 危害 ， 不过 是 把 它 当成 了 一 次 普通 的 新闻 事实 的 采访 。
更 无法 料 想到 ， 日后 自己 需要 应付 的 是 狡猾 的 违法 分子 。
1997年 8月 中旬 的 一 天 ， 没有 经验 的 罗侠 与 往常 一样 ， 身着 职业装 ， 挎 着 公文包 来到 了 重庆 人才 交流 市场 。
于是 ， 对 传销 不明 就里 的 罗侠 在 向 所谓 的 “ 圈 内 人士 ” 的 咨询 后 恍然大悟 。
第二 天 ， 进行 了 一番 “ 洗 心 革 面 ” ， 当 她 再次 来到 人才 交流 市场 时 ， 马 上 引起 了 “ 独立 经销商 ” 的 兴趣 。
鲁豫 ： 现在 我们 都 说 非法 传销 ， 但 在 97年 的 时候 ， 传销 还 没有 跟 违法 等 字眼 划 在 一起 。
你 第一 次 去 ， 是 穿 着 像 今天 这样 的 职业装 是 吗 ？
罗侠 ： 第一 次 ， 我 记得 穿 的 是 西服 吧 ， 拎 着 公务 包 ， 而且 是 高跟鞋 ， 一 看 就 是 一个 很 职业 的 人 。
按照 那些 不 愿意 接纳 我 的 传销 经销商 来说 的话 ， 一 看 就 是 有 文化 的 人 ， 所以 他们 都 不 接纳 我 。
鲁豫 ： 因为 有 文化 的 人 不 好 骗 啊 。
罗侠 ： 应该 是 吧 。
