张惠妹 ： 我 想 要 让 自己 过 一个 比较 跟 现在 的 生活 比较 不 一样 ， 就是说 很 忙碌 的 生活 ， 很多 可以 看到 那 种 不同 的 这种 表演 哪 ， 或者 什么 的 。
这 样子 一 种 生活 ， 那 在 波士顿 大家 都 知道 说是 一个 其实 它 整个 城镇 就 像 一个 学校 ， 因为 有 太 多 的 大学 ， 太 多 的 学校 在 那边 ， 所以 呢 ， 你 在 那个 地方 ， 就 只 能够 上课 ， 放学 。
要不 就 在 草地 上 坐 着 看 书 ， 那个 非常 简单 的 生活 。
那 我 觉得 那个 是 对 我 来说 是 这 几 年 里面 我 第一 次 ， 真正 的 自己 跟 自己 生活 得 这么 彻底 。
张惠妹 ： 我 一 到 我 租 的 这个 房子 里面 呢 ， 它 是 空 的 ， 沙发 ， 床 都 没 的 ， 所以 我 前 几 天 ， 我 是 睡 在 地板 上 的 。
我 就 一边 睡 一边 哭 ， 就 觉得 我 来 这里 干 嘛 。
我 也 不 知道 要 去 哪儿 买 ， 所以 要 问 同学 ， 所以 大概 花 了 大概 四五 天 的 时间 ， 才 把 ， 我 去 租 了 家具 。
租 了 个 床 ， 一 张 床 ， 然后 一个 沙发 ， 然后 一个 柜子 ， 放 衣服 的 柜子 。
就 这 样子 ， 它 连 浴 帘 哪 ， 什么 都 没有 ， 什么 都 没有 。
它 的 玻璃 不 是 很 透明 也 不 是 砂 的 ， 但是 就 是 有 一点 暗 ， 我 就 说 ， 那 可能 应该 看不到 吧 。
我 大概 洗澡 洗 了 第二 第三 天 了 就 一边 洗 啊 ， 就 这样 洗洗 ， 我 就 想 说 外面 下雪 ， 我 看 得 到 雪 在 飘 ， 好 漂亮 。
说 试 看看 外面 看 得 到 看不到 ， 就 这样 贴近 嘛 贴近 窗户 就 这样 ， 贴近 这样 看 ， 然后 一 看 ， 就 看 到 对面 ， 有 个 男 的 就 这样 看 着 我 .
.
.
.
.
.
正文 ： 2002年 8月 3日 晚上 ， 阔别 上海 三 年 之 久 的 张惠妹 重新 站 在 了 八万 人 体育场 的 舞台 上 。
也许 是 要 将 积压 了 三 年 的 激情 都 在 一夜间 释放 ， 张惠妹 在 上海 八万 人 体育场 举行 的 演出 中 投入 了 全部 的 力量 ， 一个 人 在 摄氏 35 度 的 高温 中 又 唱 又 跳 了 整整 三 个 小时 ， 直到 演出 最后 瘫 倒 在 舞台 上 。
张惠妹 ： 我 那个 时候 在 总 彩 的 时候 呢 ， 就是 在 跳 啊 ， 跳 跳 跳 ， 就 穿 球鞋 嘛 ， 我 就 自己 跑 一跑跑 一 跑 ， high 了 ， 就 直接 从 台上 跳 到 另外 一个 音箱 ， 那个 音箱 很 高 ， 我 直接 跳 上 去 。
唱 一 唱 ， 唱 完 之后 再 跳 下 来 。
跳 下 来 的 时候 ， 因为 那 个 地 是 不 平 的 ， 就 拐 了 一下 ， 就 整个 右 脚 就 这样 拐 了 一下 ， 然后 疼 得 我 站 不 起来 。
而且 最 懊恼 的 就 在 那天 晚上 的 ， 晚上 大概 九点十 点 ， 我 的 那个 脚 整个 脚 的 脚踝 ， 就是 脚 的 这个 地方 ， 就是 肿 了 大概 三 倍 大 ， 肿 了 起来 。
然后 我 就 用 那 种 绷带 ， 就是 有 弹性 的 那 种 ， 就是 医学 用 的 那 种 ， 把 它 绕 起来 。
绕 很 紧 ， 结果 那 三 个 小时 ， 没有 人 发现 我 的 脚 是 肿 的 ， 可是 到 最后 那 一刻 的 时候 ， 我 再 也 站 不 住 了 。
我 就 变成 是 左脚 支撑 ， 我 右 脚 已经 是 悬空 的 ， 就是 稍微 点 着 这样 ， 因为 已经 没 力 了 。
然后 唱 完 之后 呢 ， 那个 那个 升降台 往 台下 ， 刚刚 才 降 一点 点 我 就 倒 ， 我 就 倒 下去 .
.
.
.
.
.
.
张惠妹 ： 我 想 要 让 自己 过 一个 比较 跟 现在 的 生活 比较 不 一样 ， 就是说 很 忙碌 的 生活 ， 很多 可以 看到 那 种 不同 的 这种 表演 哪 ， 或者 什么 的 。
这 样子 一 种 生活 ， 那 在 波士顿 大家 都 知道 说是 一个 其实 它 整个 城镇 就 像 一个 学校 ， 因为 有 太 多 的 大学 ， 太 多 的 学校 在 那边 ， 所以 呢 ， 你 在 那个 地方 ， 就 只 能够 上课 ， 放学 。
要不 就 在 草地 上 坐 着 看 书 ， 那个 非常 简单 的 生活 。
那 我 觉得 那个 是 对 我 来说 是 这 几 年 里面 我 第一 次 ， 真正 的 自己 跟 自己 生活 得 这么 彻底 。
张惠妹 ： 我 一 到 我 租 的 这个 房子 里面 呢 ， 它 是 空 的 ， 沙发 ， 床 都 没 的 ， 所以 我 前 几 天 ， 我 是 睡 在 地板 上 的 。
我 就 一边 睡 一边 哭 ， 就 觉得 我 来 这里 干 嘛 。
我 也 不 知道 要 去 哪儿 买 ， 所以 要 问 同学 ， 所以 大概 花 了 大概 四五 天 的 时间 ， 才 把 ， 我 去 租 了 家具 。
租 了 个 床 ， 一 张 床 ， 然后 一个 沙发 ， 然后 一个 柜子 ， 放 衣服 的 柜子 。
就 这 样子 ， 它 连 浴 帘 哪 ， 什么 都 没有 ， 什么 都 没有 。
它 的 玻璃 不 是 很 透明 也 不 是 砂 的 ， 但是 就 是 有 一点 暗 ， 我 就 说 ， 那 可能 应该 看不到 吧 。
我 大概 洗澡 洗 了 第二 第三 天 了 就 一边 洗 啊 ， 就 这样 洗洗 ， 我 就 想 说 外面 下雪 ， 我 看 得 到 雪 在 飘 ， 好 漂亮 。
说 试 看看 外面 看 得 到 看不到 ， 就 这样 贴近 嘛 贴近 窗户 就 这样 ， 贴近 这样 看 ， 然后 一 看 ， 就 看 到 对面 ， 有 个 男 的 就 这样 看 着 我 .
.
.
.
.
.
正文 ： 陈鲁豫 ： 我 相信 我们 每个 人 都 会 有 过 等 电梯 的 经历 ， 等 电梯 特别 烦人 的 ， 一般 电梯 都 来 得 很 慢 而且 那 是 一个 很 尴尬 的 一个 那 几 分钟 或者 十几 秒 钟 ， 周围 很多 人 你 不 知道 该 看 谁 ， 你 不 知道 该 看 哪儿 ， 这个 时候 我们 会 抱怨 一 句 说 ， 电梯 太 慢 了 ， 这样 的 抱怨 每个 人 都 会 有 但是 呢 从中 找到 商机 的 人 不 多 ， 就是 这样 一 句 话 ， 成就 了 一个 财富 传奇 ． 陈鲁豫 ： 江南 春 ， 刚 我们 看到 在 纳斯达克 按 电钮 是 吧 ？
