那 事实上 呢 我 ， 加入 剧组 以后 呢 我们 拍 得 非常 顺利 ， 大家 势 气 很 高昂 ， 那么 所有 的 演员 也 很 也 很 努力 ， 那 我 发觉 这个 戏 真的 是 虽然 是 多灾多难 ， 但是 呢 拍 出 来 的 成绩 ， 就是 没有 辜负 陈逸飞 导演 的 期望 。
如果 他 在 天 有 灵 的 话 啊 他 会 感到 满意 。
就 是 说 我们 终于 我们 所有 的 人 一起 共同 努力 ， 把 这个 戏 拍 好 而且 出来 成绩 不错 。
看 过 的 人 都 说 很 好 的 一 部 电影 。
除了 那个 陈 导演 ， 一贯 最 拿手 的 镜头 啊 ， 色彩 啊 角度 光影 之外 ， 就是说 这个 戏 的 故事 也 特别 强 也 蛮 深受 感动 。
我 知道 有 我们 有 很 电影 局 也好 ， 我们 有些 领导 也好 ， 看 了 这部 电影 评价 非常 高 。
所以 我 觉得 这 是 给 陈逸飞 先生 一 种 安慰 。
他 应该 可以 。
我们 可以 跟 他 讲 一 句 你 没有 失望 ， 你 的 片子 终于 完成 了 。
结语 ： 采集 人 ： 周灵 茵 正文 ： 鲁豫 ： 今天 请 到 的 两 位 嘉宾 对 我 来说 挺 特别 的 ， 他们 俩 都 是 我 特别 好 的 朋友 ， 是 我 工作 中 的 好 朋友 ， 也 是 我 生活 当中 的 好 朋友 。
在 十 年 前 的 3月 31 号 ， 我们 三 个 人 一 起 开始 了 在 香港 的 工作 ， 成为 了 凤凰 卫视 的 元老 级 的 主持人 。
所以 今天 我 把 他们 两 个 人 请 到 现场 ， 想 跟 各位 一起 分享 这 十 年 来 我们 是 怎么样 看 着 彼此 成长 的 ， 我们 在 生活 当中 、 工作 当中 共同 经历 了 一些 什么 。
每 一个 人 都 有 知 的 权利 ， 每 一个 新闻 工作者 都 有 责任 维护 这样 的 权利 。
当 我 全神贯注 坐 在 电脑 前面 接收 来自 世界 各地 的 重要 讯息 时 ， 还 有 深入 分析 每 一个 新闻 事件 时 ， 我 意识 到 我 所 担负 的 任务 是 如何 地 艰巨 ， 但 也 如何 地 值得 骄傲 。
坚持 理想 的 资讯 传播 者 — 窦文涛 。
鲁豫 ： 这 是 我 的 同事 窦文涛 ， 这 是 很 多 年 以前 拍 的 ， 所以 特别 傻 ， 你 看 当时 那个 西装 还 是 双 排 扣 的 ， 我 不 知道 如今 还 有 谁 穿 这样 的 西装 。
这样 ， 我们 有 请 现在 的 窦文涛 ， 比较 帅 的 文涛 。
拥抱 一下 吧 。
窦文涛 ： 来 ， 抱抱 ， 抱抱 ， 抱抱 。
大家 好 ！
鲁豫 ： 看看 你 当年 的 样子 。
窦文涛 ： 当年 这种 双 排 扣 的 西装 我们 叫 它 母 猪肚 嘛 ， 母猪 肚 就 是 双 排 扣 。
鲁豫 ： 这 是 十 年 前 的 你 的 第一 个 那个 宣传 片 吗 ？
窦文涛 ： 对 ， 我 觉得 你们 把 我 这个 声音 是 不 是 给 技术 处理 了 ？
鲁豫 ： 你 当年 声 儿 怎么 那么 别扭 啊 ？
窦文涛 ： 对 ， 我 声音 挺 性感 的 。
鲁豫 ： 有 点 偏 于 阴性 ， 我 觉得 。
窦文涛 ： 对 。
（ 学 ） 每个 人 都 有 知 的 权利 。
鲁豫 ： 我 跟 你 说 ， 今天 他们 会 放 一些 什么 资料 片 我 都 不 太 清楚 ， 我 觉得 很 恐怖 ， 因为 每个 人 以 前 都 是 挺 可怕 的 。
窦文涛 ： 对 对 对 ， 反正 我 是 越 长 越俊 了 ， 大家 说 是 不 是 ？
观众 ： 对 ！
鲁豫 ： 还有 一个 位子 空 着 啊 ， 我们 看看 下 一 位 嘉宾 。
鲁豫 ： 哇 ， 当年 的 戈辉 。
这 是 我们 当年 凤凰 台 的 金童 和 玉女 ， 金童 在 这儿 ， 有点 老 了 。
窦文涛 ： 不 是 ， 你们 俩 是 我 的 两 任 玉女 。
鲁豫 ： 两 任 玉女 ， 谁 比较 靠 前 ？
许戈辉 比较 靠 前 ？
窦文涛 ： 许戈辉 靠 前 ， 对 ， 后来 你 插 了 一 脚 。
鲁豫 ： 如今 我 觉得 许戈辉 每 次 出现 都 头顶 一个 光圈 ， 母 仪 天下 ， 因为 当 了 妈妈 了 现在 。
掌声 有请 许 戈辉 。
你们 俩 先 拥抱 吧 。
窦文涛 ： 抱抱 抱 ， 别 撒手 ， 别 撒手 。
鲁豫 （ 对 许 ） ： 咱 俩 抱抱 ， 抱抱 。
许戈辉 ： 大家 好 ， 大家 好 ！
鲁豫 ： 我 想 说 你们 俩 今天 穿 得 很 情侣 。
许戈辉 ： 我们 两 个 从来 都 是 心 有 灵 犀 ， 不 点 就 通 ， 我们 其实 没有 约定 的 啊 。
窦文涛 ： 现在 说 这个 都 没 用 了 啊 ！
鲁豫 ： 为什么 ？
为什么 ？
任何 时候 都 不 晚 。
窦文涛 ： 任何 时候 都 不 晚 吗 ？
那 我 得 说 老 实话 ， 那 是 十 年 前 ， 我们 就是 到 香港 ， 就 我们 三 个 大陆 小青年 住 一 块 ， 也 不 是 一个 小区 。
鲁豫 ： 谁 跟 你 住 一 块 啊 ？
窦文涛 ： 就 一 人 一 栋 楼 吧 ， 但是 经常 在 一块 吃 、 一 块 住 ， 是 吧 ？
不 是 ， 十二点 以前 ， 她们 俩 就 把 我 赶走 了 。
许戈辉 ： 当时 我 和 鲁豫 是 一 块 住 。
窦文涛 ： 对 ， 好像 你们 俩 也 说 过 ， 就 说 是 等 到 了 某 一 天 突然 发现 ， 咱们 俩 怎么 当初 没 爱 上文 涛 呢 ， 是 吗 ？
鲁豫 ： 对 ， 我 觉得 现在 我们 跟 文涛 在 一起 ， 最 大 的 悲哀 就 在于 啊 ， 这么 多 年 了 一直 关系 非常 好 ， 但 没有 出 任何 的 事 ， 原因 就是 在 他 的 眼里 ， 我们 不 是 女 的 ， 在 我们 的 眼里 ， 他 也 不 是 男 的 。
许戈辉 ： 我 还有 一个 原因 呢 ， 可能 就 是 人家 说 其实 三 角 的 关系 最 稳定 ， 你 看看 我们 三 个 就 是 一个 典型 的 铁三角 组合 。
“ 铁三角 ” 十 年 前 清纯 玉照 窦文涛 ： 实际 ， 我 今天 向 大家 坦白 ， 十 年 前 咱 天天 在 一块 玩 ， 你们 俩 那 我 都 动 过 心思 。
许戈辉 ： 你 少 来 。
鲁豫 ： 真 的 ？
你 要 这么 说 ， 我 内心 感觉 好 了 很多 。
许戈辉 ： 当年 的 话 他 的 话 你 不 能 信 ， 今天 的 话 还 是 不 能 信 的 。
窦文涛 ： 所以 有 些 事 我 就 永远 也 忘 不 了 。
第一 个 个案 就是 这个 戈辉 ， 那 时候 我们 都 主持 《 相聚 凤凰 台 》 嘛 ， 然后 戈辉 的 妈 在 北京 — 我 也 尽 叫 妈 的 ， 对 吧 ？
