那 时候 你 走 的 时候 是 特别 高兴 的 吗 ？
张铁林 ： 我 反正 觉得 挺 新鲜 的 ， 因为 好多 年 已经 不 太 演 电视剧 了 ， 突然 间 有 机会 又 找 我 回去 演戏 我 觉得 挺 好玩儿 的 。
但是 我 没有 觉得 从此以后 就 开始 又 一 次 演戏 了 。
鲁豫 ： 只是 想 去 拍 一 段 戏 回来 还 主持 节目 。
张铁林 ： 对 ， 那 部 戏 完 了 之后 ， 我 的确 又 二 次 回 到 凤凰 卫视 ， 我 在 凤凰 卫视 继续 做 《 相聚 凤凰 台 》 ， 做 得 挺 好 ， 就 在 这个 节骨眼 儿 上 ， 大概 有 半 年 左右 的 时间 ， 又 接 了 一 部 电视剧 ， 这部 电视剧 大概 很多 朋友 看 过 吧 。
鲁豫 ： 就 是 《 还 珠 格格 》 ， 当时 我们 说 是 演 不 靠 谱 的 电视剧 去 了 ， 没 想到 这 部 戏 以后 火 了 。
画外音 ： 张铁林 虽然 做 起 了 凤凰 卫视 的 主持人 ， 但 北京 电影 学院 表演 科班出身 的 他 却 总 摆脱 不 了 演戏 的 诱惑 ， 尤其 是 当 有 一个 好 角色 出现 时 。
1997年 ， 张铁林 在 不惑之年 出演 了 二十四 集 电视 连续剧 《 还 珠 格格 》 ， 他 的 名字 开始 在 内地 不胫而走 ， 几乎 到 了 家喻户晓 的 程度 。
张铁林 ： 我 老 形容 这 《 还 珠 格格 》 里 这 胡子 ， 胡子 不 是 胡子 是 笤帚 ， 你 瞧 这 笤帚 ， 太 不 讲究 了 ， 今天 我 要 演 皇上 绝对 不能 粘 这样 的 胡子 ， 太 难 看 了 ， 多 傻 呀 ， 太 傻 了 。
鲁豫 ： 当时 我们 没有 觉得 你 拍 完 这 部 戏 以后 会 怎么样 。
张铁林 ： 我 自己 都 没 觉得 。
鲁豫 ： 你 当时 的 计划 是 拍 完 这 部 戏 以后 还 回来 接着 主持 节目 ， 是 吧 ？
张铁林 ： 对 ， 我 一点儿 都 没 觉得 我 从 此 之后 就 一发 不可收拾 。
鲁豫 ： 你 当时 请假 请 了 多 长 时间 假 去 拍 这部 戏 ？
张铁林 ： 当时 想 着 走 两三 个 月 ， 没 想到 一 口 气 儿 就 拍 了 五 个 月 。
鲁豫 ： 那 凤凰 就 能够 允许 你 请假 两 个 月 走 五 个 月 ？
张铁林 ： 哎哟 ， 像 我 这样 的 宝贝 那 一定 回去 之后 还要 ， 对 吧 ， 但是 我 主要 是 没有 考虑 到 《 还 珠 格格 》 这种 一 部 戏 ， 拍 得 那么 不 愉快 ， 居然 让 我 这么 红 ， 这 是 我 没 想到 的 。
完 了 以后 火 呀 很多 导演 开始 找 我 演戏 。
鲁豫 ： 然后 你 就 看 不 上 电视 了 这个 时候 。
张铁林 ： 看 不 上 凤凰 卫视 主持人 的 工作 了 。
鲁豫 ： 对 ， 没 错 。
张铁林 ： 别 得罪 人 ， 我 跟 凤凰 卫视 关系 还 是 挺 好 的 。
鲁豫 ： 对 。
就 觉得 电视 不 想 干 了 ， 我 去 拍戏 。
张铁林 ： 也 没有 不 想 干 了 ， 因为 拍 完 了 《 还 珠 格格 》 之后 ， 就 有 很多 电视剧 就 相继 地 就 来 了 ， 而且 拍 电视剧 在 当时 这个 收入 呢 ， 肯定 要 比 做 主持 还是 稍微 会 好 一些 ， 基本 上 仍然 是 个 庸俗 的 人 呐 。
就 这么 一个 状况 ， 然后 就 是 一 发 不可收拾 ， 不断 地 拍 电视剧 ， 越 拍 越 多 ， 后来 拍 了 一个 什么 叫 《 铁 齿 铜 牙 纪晓岚 》 。
鲁豫 ： 当时 好像 我们 之间 也 没有 一个 什么 正式 的 告别 啊 。
没 张铁林 ： 有 正式 的 告别 ， 其实 离开 这个 主持人 的 工作 之后 呢 ， 我 也 没有 特别 多 遗憾 ， 只是 到 最近 几 年 的 某些 瞬间 ， 现在 凤凰 台 特别 地 火 ， 我 有时候 看 凤凰 台 的 节目 的 时候 ， 某些 特定 的 节目 让 我 觉得 其实 做 主持人 这个 工作 ， 还 是 相当 相当 地 有意思 。
比如说 梁 冬 的 节目 ， 我 看见 梁冬我 就 说 我 是 梁冬 的 大 粉条 ， 我 有 很多 粉丝 ， 但是 我 相对 于 梁冬 而言 ， 我 是 他 的 粉条 ， 比 粉丝 还 粗 。
因为 梁冬 啊 给 我 的 感觉 和 印象 ， 他 可以 把 十 个 、 二十 个 、 三十 个 、 五十 个 不 关联 的 事情 连 在 一起 ， 把 它 变 得 非常 地 逻辑 ， 中间 还有 非常 逻辑 的 关系 ， 我 想到 我 这个 年纪 的 人 做 主持人 ， 无论如何 也 做 不 到 这 点 ， 因为 人 到 中年 的 时候 这个 脑垂体 呀 这个 极端 萎缩 。
鲁豫 ： 你 天生 是 个 演员 ， 做 主持 只 是 你 像 票 戏 一样 ， 作为 票友 玩儿 过 那么 一 段 ， 然后 还 回 到 你 该 干 嘛 干 嘛 的 那个 状态 里边 。
张铁林 ： 我 觉得 我 其实 演 电视 也 是 票友 ， 我 做 什么 都 是 票友 。
鲁豫 ： 你 想 气死 人 啊 ， 票友 能 票 成 这样 ， 那 你 让 别人 真 …
…
.
张铁林 ： 你 像 我 现在 有的 时候 还 唱戏 、 还 收藏 、 还 到 学校 去 工作 ， 我 觉得 我 基本上 都 是 票友 。
鲁豫 ： 最近 的 一 次 铁林 做 过 那么 一 次 客串 主持人 ， 是 那年 非典 的 时候 ， 做 了 一个 为 非典 第一线 工作 那些 护士 啊 那些 人 ， 做 了 一 台 晚会 ， 在 太庙 跟 许戈辉 和 老虎 。
（ 张铁琳 视频 回顾 ） 鲁豫 ： 我 觉得 这个 人 演 多 了 皇帝 以后 ， 就 会 在 骨子里 面 多 出 点 儿皇帝 的 劲儿 是不是 ？
张铁林 ： 谢谢 您 的 鼓励 。
鲁豫 ： 而且 那个 背景 ， 你 在 那 太庙 前 ， 那种 感觉 就 是 有 点儿 那 劲儿 是 吧 ？
张铁林 ： 有 点儿 那个 附 体 。
鲁豫 ： 关键 就是 自信 了 ， 那 种 状态 跟 几 年 前 做 节目 完全 不 一样 。
张铁林 ： 其实 我 也 不 知道 ， 那个 画面 顺眼 一点儿 。
十 年 前 太 傻 了 ， 你们 怎么 拿 这种 东西 出来 放 ， 真是 太 丢人 了 。
鲁豫 ： 总 不能 光 放 我 傻 的 吧 ， 也 得 放 点儿 你 傻 的 。
会 不 会 偶尔 还 想 再 试试 再 做 做 电视 节目 什么 的 ， 会 吗 ？
张铁林 ： 我 一般 不 会 这么 想 ， 除非 有 一 天 可能 碰到 哪 一个 机会 ， 梁冬 说 张 哥哥 你 回来 做 一 下 吧 。
那 我 也许 一 高兴 我 就 回去 做 两 天 ， 但是 我 觉得 我 要 能 回去 做 的 话 ， 能 做到 梁冬 的 一 半儿 ， 就 觉得 不错 。
