从此 揭发 四人帮 的 来信 雪片 般 地 飞往 中央 有关 部门 和 新闻 媒体 ， 坚决 要求 清算 四人帮 的 罪行 。
1979年 7月 ， 中共中央 任命 中央 秘书长 、 中宣部 部长 、 中纪委 第三 书记 胡耀邦 为 组长 ， 领导 对 “ 林彪 、 江青 反党 集团 案 ” 的 党内 审查 工作 ， 审理 领导 小组 下设 办公室 ， 挂靠 中纪委 ， 对外 称 “ 中纪委 二 办 ” ， 林彪 反党 集团 案 、 江 青 反党 集团 案 正式 定名 为 “ 两 案 ” 。
1979年 8月 ， 全国 两 案 会议 在 北京 京西 宾馆 举行 ， 正式 拉开 了 “ 两 案 ” 审理 的 大 幕 。
尽管 “ 两 案 ” ” 审理 的 消息 全国 皆 知 ， 但是 当时 身为 华东 政法 学院 法律 系 教师 的 朱华荣 却 没有 想 过 ， 有朝一日 自己 会 与 这个 全国 瞩目 的 案件 发生 某种 联系 ， 他 更 没有 想到 ， 自己 日后 的 身份 居然 是 “ 两 案 ” 律师 辩护 小组 的 辩护律师 。
1980年 9月 下旬 的 一 天 下午 ， 朱华荣 刚刚 回到 学校 ， 就 接到 学校 党委 的 紧急 通知 ， 即刻 动身 前往 北京 参加 “ 两 案 ” 起诉书 的 讨论 。
鲁豫 ： 我们 欢迎 朱华荣 朱老 ， 我 要 先 介绍 一下 朱 老 的 着装 ， 朱老 今天 穿 的 这个 中山装 戴 着 个 帽子 ， 现在 的 人 可能 很 少 穿 了 ， 这个 服装 是 当时 朱 老 出庭 的 时候 ， 1981年 的 时候 吧 ？
出庭 的 时候 穿 的 服装 。
朱华荣 ： 不 一定 出庭 ， 就是 会见 被告 也 穿 这个 。
鲁豫 ： 会见 被告 的 时候 也 穿 这 套 衣服 ？
说明 一点 ， 您 这些 年 的 身材 一直 都 保持 得 跟 当年 是 一样 的 ， 是 吧 ？
朱华荣 ： 差不多 ， 我 原来 胖 了 ， 后来 我 生病 瘦 下来 了 ， 就 正好 穿 穿 。
鲁豫 ： 您 今年 ？
朱华荣 ： 我 今年 78 。
鲁豫 ： 您 今年 78 岁 了 ， 身体 非常 地 好 。
当年 见 那些 被告 啊 ， 特别 法庭 开庭 那些 事情 ， 现在 还 都 历历在目 吧 ？
觉得 很 清楚 记得 。
朱华荣 ： 还 记得 。
鲁豫 ： 接 到 这个 任务 的 时候 到 了 北京 ， 知道 是 一个 什么样 的 任务 ？
具体 是 一个 什么样 的 任务 ？
朱华荣 ： 刚 开始 不 知道 ， 只是 有 重要 的 任务 ， 但是 当时 我 心想 ， 可能 跟 “ 两 案 ” 有关 ， 到 了 北京 知道 我 的 任务 ， 就 是 参加 起诉书 的 讨论 ， 因为 起诉书 当时 中央 很 重视 ， 说 这个 起诉书 是 影响 很 大 ， 影响 世界 的 。
鲁豫 ： 到 什么 时候 跟 您 说 ， 您 不仅 是 要 参与 起诉书 的 ， 比如说 一些 案头 的 工作 呀 ， 还要 做 被告 的 辩护律师 ， 到 什么 时候 跟 您 说 的 ？
朱华荣 ： 当时 起诉书 讨论 快 结束 了 ， 我 又 没有 事情 了 ， 后来 司法部 公正 律师 司 的 司长 王汝琪 同志 她 就 来 了 ， 她 说 ： “ 我们 正在 筹建 “ 两 案 ” 的 律师 组 ， 给 被告 进行 辩护 ， 现在 时间 很 紧迫 ， 你们 参加 起诉书 讨论 ， 了解 了 这些 案情 ， 材料 你们 也 看 过 了 ， 是 不 是 你们 能够 参加 这个 辩护 工作 ？
你们 身份 也 合适 ” 。
我们 也 不 是 审判员 ， 也 不 是 检察员 ， 都 是 学校 的 法学 教师 。
鲁豫 ： 那 您 同意 吗 ？
朱华荣 ： 我 听 了 很 突然 ， 但 也 没 说 是 江青 的 辩护律师 ， 反正 参加 这个 工作 呢 是 很 重要 的 ， 因为 当时 我 离开 学校 的 时候 ， 学校 我 还 有 工作 ， 没 想到 还 有 这么 个 事情 ， 所以 我 就 提 出来 ， 就是 我 学校 还 有 工作 ， 另外 天气 冷 了 ， 我 也 没 带 很多 的 东西 。
鲁豫 ： 您 提出 学校 有 工作 没 带 衣服 ？
就 是 一个 借口 吧 ， 心里 面 真 的 想法 是 什么 ？
朱华荣 ： 当然 心 里面 有 一些 顾虑 。
鲁豫 ： 顾虑 是 什么 呢 ？
朱华荣 ： 现在 说来 也 就是 顾虑 这个 事情 很 重要 ， 怕 自己 胜任 不 了 ， 就 这种 想法 而已 。
鲁豫 ： 会 不 会 顾虑 是 在 那个 时候 ， 可能 全国 人民 都 很 恨 那些 人 ， 如果 你 要 是 给 他们 当 辩护律师 的话 ， 可能 别人 也 会 连 带 着 恨 您 ？
朱华荣 ： 也 有 这些 也 有 点 因素 ， 但是 这个 事情 我们 后来 想 的 很 开 。
鲁豫 ： 那个 时候 朱 老 很 年轻 啊 ， 那年 是 52 岁 。
朱华荣 ： 对 52 岁 。
鲁豫 ： 在 此 之前 一直 从事 刑法 研究 工作 ， 从来 没有 当 过 律师 ， 但是 这 第一 次 当 律师 又 接 了 这么 一个 大 的 案子 ， 不仅 是 全国 ， 甚至 全世界 人 都 很 瞩目 的 案子 ， 越是 瞩目 的 案子 越 是 不 好 办 ， 会 很 棘手 。
…
…
结语 ： 采集 人 ： 周灵 茵 正文 ： 画外音 ： 2005 ， 她 的 梦想 一 夜 成 真 ； 鲜花 与 掌声 之外 ， 她 也 有 着 些许 无奈 ； 《 鲁豫 有 约 》 超女 偶像 李宇春 讲述 她 的 2005 。
鲁豫 ： 我 常常 想 一 年 365 天 ， 一定 有 某 一 天 在 世界 的 某 一个 地方 ， 某 一个 人 的 梦想 会 突然 变成 现实 。
在 2005年 ， 这 一 年 当中 有 几 个 女孩子 ， 她们 在 亿万 观众 面前 实现 了 自己 的 梦想 ， 这 其中 有 一个 人 ， 她 因为 她 的 帅气 ， 她 独特 的 魅力 赢得 了 很多 人 的 喜爱 ， 她 就 是 谁 ？
观众 ： 李宇 春鲁豫 ： 掌声 请 出 李宇春 ， 你 好 。
李宇春 ： 你 好 ， 大家 好 。
鲁豫 ： 请 坐 李宇春 ， 大家 都 是 玉米 是 吧 ？
观众 ： 是 。
鲁豫 ： 是 第一 次 在 电视 以外 这样 的 生活 当中 见到 李宇春 吗 ？
观众 ： 不 是 ！
鲁豫 ： 你 们 一直 跟 着 她 跑 啊 ？
观众 ： 对 。
鲁豫 ： 李宇春 现在 一个 人 有 机会 在 街上 走 一 走 吗 ？
李宇春 ： 没有 。
鲁豫 ： 是 因为 工作 太 忙 还 是 根本 没 办法 走 ？
李宇春 ： 两者 都 有 吧 。
鲁豫 ： 你 试 过 吗 ？
李宇春 ： 不 敢 试 。
鲁豫 ： 想 过 吗 ？
是 不 是 有 时候 很 想念 以前 那样 特别 随便 特别 自在 的 那些 日子 ？
李宇春 ： 怀念 我 的 校园 生活 。
鲁豫 ： 大家 都 这么 说 ， 说 2005年 最 火 的 娱乐 节目 是 什么 ？
