金正大 三年 （ 公元 1226年 ） ， 金朝 政府 在 南阳 西 设置 了 镇平县 ， 大 诗人 元 好 问 被 委任 为 镇 平 首任 县令 。
不料 上任 第二 天 ， 就 遇到 了 一 宗 奇怪 的 卖 地 案 。
这 可是 元 好 问 到 镇平 上任 的 第一 案 ， 也 是 镇平县 历史 上 标准 的 开天辟地 “ 第一 案 ” ！
这天 一大早 ， 就 有 人 前来 告状 。
元 好 问 苦笑 一 声 ， 击鼓 升 堂 。
他 接 过 状纸 一 看 ， 状 纸 上 写道 ： 现有 本县 金 家 庄 村民 金 二 状告 本村 秀才 金 诗书 ， 金 秀才 虽 饱 读 圣贤 之 书 ， 但 不 行 圣贤 之 礼 ， 四体不勤 、 五谷不分 ， 以致 家道 中 落 ， 沦为 赖皮 。
其父 生前 将 村 东 三 亩 三分 地 以 五百两 纹银 卖 给 金 二 ， 但 其 父 死 后 ， 金 诗书 耍赖 就是 不 肯 交割 。
望 大人 明断 是非 ， 替 小民 金 二 作主 云云 。
元 好 问 看 罢 状纸 问 金 二 ， 你 说 金 秀才 父亲 生前 把 地 卖 给 你 ， 可 有 卖 地 契约 ？
金 二 忙不迭 地 回答 有 、 有 ， 说 着 从 怀里 掏 出 卖 地 契约 交给 元 大人 。
元 好 问 看到 契约 上 写 明 卖 地 因由 、 立约 日期 、 方位 面积 、 中 人 证人 一应俱全 ， 连忙 令 衙役 传来 被告 金 诗书 。
秀才 金 诗书 大 品 品 地 来到 县衙 大堂 ， 对 元 县令 轻 施 一 礼 ， 大模大样 地 问 ： “ 不 知 大人 唤 生员 到 此 有 何 见教 ？ ”
元 好 问 刚 说 出 金 二 状告 秀才 的 事 由 ， 金 诗书 就 摇 着 头 辩解 ： “ 非 也 ， 非 也 ， 子虚乌有 、 子虚乌有 ！
夫子 曰 ： ‘ 唯 女子 与 小人 为难 养 也 ！ ’
此 等 下作 小人 之 语 ， 岂 可信 乎 ？ ”
元 好 问 看 着 金 秀才 酸 不 溜 溜 的 作 派 心中 暗笑 ， 令 金 二 的 证人 、 中 人 一 干 人 全部 到 堂 ， 在 衙门 大堂 上 ， 大家 众口一词 ， 都 说 金 二 状纸 上 说 的 是 实情 ， 共同 咬定 是 金 秀才 穷 极 无聊 ， 耍赖 混 帐 。
有人 在 大堂 上 甚至 还 嘲笑 金 秀才 ， 说 他 根本 就 不 知道 自己 这 块 地 在 哪儿 ， 还 想 赖 父亲 的 帐 ！
元 好 问 笑 着 问 金 诗书 ， 他家 的 这 块 地 究竟 在 哪 坡 ？
金 诗书 眼珠 子 翻 了 半天 ， 才 迟迟疑疑 地 说 在 村 南 。
金 诗书 的 拙劣 表演 引来 了 哄堂大笑 ： 众 乡邻 全都 知道 、 状纸 上 也 写 得 明明白白 ， 那 三 亩 三分 地 在 村 东 ， 秀才 却 说 成 了 在 村 南 ， 说明 这 小子 确实 在 信口 胡说 ！
元 好 问 一 拍 惊堂木 喝道 ： “ 大胆 秀才 ， 竟敢 趁 本 官 上任 伊始 ， 欺 本 官 不知 县情 ， 在 大 堂上 糊 弄 本 官 ！
俗话说 ： 好汉 死 在 干 证 手里 ， 人证 物证 俱 在 ， 你 有 何 说 ？
你 是 如何 对 金 二 撒泼 使 刁 、 耍滑 赖账 ？
快 从 实招 来 ！ ”
元 好 问 的 一 声 惊堂木 响 ， 震 跑 了 金 秀才 的 “ 之 乎 者 也 ” ， 他 连忙 “ 噗 通 ” 跪下 ， 大 呼 冤枉 ， 并 结结巴巴 地 道出 了 自己 的 理由 。
金 诗书 说 ， 他 从小 闭 门 读书 ， 中 了 秀才 之后 ， 更 是 “ 两 耳 不 闻 窗外 事 ” ， 从不 下地 干活 ， 全 靠 老父亲 操劳 耕作 养活 他 ， 因此 全然 不知 自家 地 在 何处 。
父亲 年老 体 衰 ， 眼看 不久 于 人世 ， 邻居 金 二 看中 了 秀才 家 的 三 亩 三分 地 ， 老父亲 死活 不 卖 祖宗 留下 的 田产 ， 金 二一 急 ， 就 扬言 要 断 秀才 家 的 车 路 ， 不许 秀才 家 的 车 从 金 二 家 的 地 边 经过 。
因 秀才 家 的 三 亩 三分 地 处在 金 二 家 地 的 包围 之中 ， 这样一来 ， 秀才 家 的 地 就 成 了 “ 闷 葫芦 ” 地 ， 送 不成 粪土 ， 拉 不 成 粮食 ， 老父亲 一 急 ， 活活 气死 了 。
可是 金 秀才 压 根 就 没有 听说 过 父亲 把 地 卖 给 金 二 的 事儿 。
一边 人证 物证 俱 在 ， 一边 大 呼 冤枉 ， 至此 ， 这 宗 卖 地 案 成 了 标准 的 “ 闷 葫芦 案 ” 。
元 好 问 眉头 一 皱 ， 计 上 心 来 ， 他 寻思 自己 既 名 “ 好 问 ” ， 何不 问 上 几 问 ？
于是 他 命 人 把 中 人 、 证人 暂且 带 下 ， 留下 金 二 随随便便 拉家常 。
金 二 见 新 来 的 县太爷 对 自己 非常 客气 ， 也 感到 自己 特有 面子 。
元 好 问 先 与 金 二 扯 东 扯 西 ， 问 些 不 相 干 的 事儿 。
接着 他 和颜悦色 地 问 金 二： “ 交割 地契 那天 你家 可 曾 吃 酒席 ？ ”
金 二 说 置 田 买 地 是 大事 ， 置办 酒席 天经地义 。
元 好 问 又 问 中人 证人 是否 全部 在场 ？
金 二 说 一 个 都 不 少 。
元 好 问 微微 笑 着 说 ， 这 就 对 了 。
于是 ， 元 好 问 命 金 二 暂行 回避 ， 然后 命中 人 、 证人 一个 一个 进来 单独 问话 ， 问 他们 卖 地 那天 自己 在 酒席 宴 上 什么 地方 落 坐 ？
问 他们 每个 人 各自 挨着 谁 坐 ？
不得 有 半点 差 池 。
这些 人 根本 没 想到 元 大 人 会 问 这些 破 事儿 ， 要 串供 已经 来不及 ， 只好 胡诌 一气 。
元 好 问 命 师爷 一一 记录 在 案 。
接着 ， 元 好 问 命令 衙役 搬 来 一 张 八仙桌 ， 周围 放 了 六 把 椅子 ， 让金 二 的 中 人 、 证人 等 六 人 全部 来到 大堂 上 。
这些 人 心里 犯嘀咕 ： 难道 县太爷 今天 要 在 县衙 大堂 上 请客 ？
难道 县太爷 与 金 二 真 有 什么 交情 ？
这 金 二 可 真 是 有 面子 ！
这时 ， 只 听 元 县令 厉声 说道 ： “ 刚才 我 看到 卖 地 契约 上 的 日期 ， 离 今天 不过 五 天 。
众 位 中 人 、 证人 对 那天 的 酒席 宴 上 的 事 ， 也 应该 记 得 非常 清楚 。