从前 ， 有 一个 喜欢 喝酒 的 县 官 ， 一天到晚 脸上 红通通 、 醉醺醺 的 ， 喝 了 酒 他 就 要 捉弄 衙役 ， 拿 他们 寻开心 。
一 天 ， 他 又 喝 得 脸 像 猴子 屁股 ， 走 起 路 来 东倒西歪 。
他 唤 来王甲 与 赵乙 两 位 衙役 ， 限令 他们 三日 之内 将 三 个 人 捉 来 ， 否则 各 打 四十 大板 。
王甲 、 赵乙 问道 ： “ 不 知 老爷 要 缉拿 哪 三 个 人 ? ”
县官 红 着 脸 说 ： “ 一个 ‘ 人 中 人 ’ ， 一个 ‘ 草 中 人 ’ ， 还有 一个 ‘ 像 个 人 ’ 。 ”
王甲 、 赵乙 知道 ， 这 是 昏 官 灌 足 了 黄 汤 在 与 他 俩 过不去 ， 便 合计 说 ： “ 天 无 绝 人 之 路 ， 我 俩 且 到 大街 人 多 的 地方 走走 ， 总 会 有 法子 的 。 ”
两 人 来 到 车 来 人 往 的 大街 上 ， 看见 一个 孕妇 挺 着 大肚子 在 慢慢 行走 。
王甲 对 赵乙 说 ： “ 兄弟 ， 你 看 ， 那 不 是 ‘ 人 中 人 ’ 吗 ? ”
赵乙 一 看 ， 对 呀 ， 大人 肚 里 怀着 个 小 人 ， 正是 “ 人 中 人 ” 。
两 人 不 容 分 说 ， 走 上前 去 ， 将 那 孕妇 带到 县衙 。
第二 天 ， 天下 着 蒙蒙 细雨 。
王甲 与 赵乙 又 来到 大街 上 ， 看见 一个 身披 蓑衣 、 头 戴 斗笠 的 农夫 ， 挑 着 菜 在 沿 街 叫卖 。
王甲 一 拍 赵 乙 肩膀 ： “ 兄弟 ， 快 看 ， 那 不 是 ‘ 草 中 人 ’ 吗 ? ”
赵乙 一 看 ， 是 呀 ， 草 蓑衣 里面 藏 着 一个 人 ， 是 “ 草 中 人 ” 。
两 人 走 上前 ， 又 将 农夫 带到 县衙 。
第三 天 ， 街上 举行 庙会 ， 随着 一 声响 锣 ， 几 个 壮汉 抬 着 一 尊 都 天 菩萨 走 来 了 。
王甲 一 见 ， 便 对 赵乙 说 ： “ 兄弟 ， 那 都 天 菩萨 不 是 ‘ 像 个 人 ’ 吗 ? ”
赵乙 一 想 ， 倒 也 是 ， 泥塑 木 雕 的 身子 ， 看上去 倒 还 真 像 个 人 样子 。
于是 ， 两 人 上 前 ， 将 那 都 天 菩萨 抬 到 县衙 。
县衙 大堂 上 ， 随着 一 声 吆喝 ， 醉醺醺 的 县 老爷 升 了 堂 。
孕妇 与 农夫 一 见 这 怕 人 的 架势 ， 早 吓 得 双 膝 跪下 ， 请求 饶命 ， 唯有 那 都 天 菩萨 直挺挺 地 站 着 一动不动 。
县官 醉眼 蒙 ?
地 见 这 人 好 大 胆子 ， 在 大堂 之上 竟敢 不 下跪 ， 还 咧 嘴 对 他 笑 呢 ， 便 一 拍 惊堂木 ， 喝 道 ： “ 大胆 狂 徒 !
在 本 大 人 面前 为何 不 下跪 ? ”
王甲 连忙 走 上前 ， 附 在 县官 耳边 说 ： “ 禀告 老爷 ， 这 人 喜爱 喝酒 ， 一 喝酒 他 就 下跪 。 ”
县官 一 听 非常 高兴 ： 本 官 贪 爱 这 杯 中 之 物 ， 他 竟 也 与 我 同样 喜好 !
县官 便 命 人 取 来 酒壶 ， 朝 那 都 天 菩萨 口中 灌 去 。
这 一 灌 不要紧 ， 却 将 都 天 菩萨 下巴颏 灌 掉 了 下来 。
县官 见 此 人 喝 了 酒 仍 在 原地 站 着 ， 便 走 下 大堂 ， 近 前 一 看 ： “ 咦 ， 这 人 怎么 没 有 下巴 ? ”
王甲 回答 说 ： “ 老爷 有所 不 知 ， 这 人 不 喝酒 倒 还 像 个 人 ， 喝 了 酒 就 不 像 个 人 了 。 ”
从前 ， 有 一个 喜欢 喝酒 的 县 官 ， 一天到晚 脸上 红通通 、 醉醺醺 的 ， 喝 了 酒 他 就 要 捉弄 衙役 ， 拿 他们 寻开心 。
一 天 ， 他 又 喝 得 脸 像 猴子 屁股 ， 走 起 路 来 东倒西歪 。
他 唤 来王甲 与 赵乙 两 位 衙役 ， 限令 他们 三日 之内 将 三 个 人 捉 来 ， 否则 各 打 四十 大板 。
王甲 、 赵乙 问道 ： “ 不 知 老爷 要 缉拿 哪 三 个 人 ? ”
县官 红 着 脸 说 ： “ 一个 ‘ 人 中 人 ’ ， 一个 ‘ 草 中 人 ’ ， 还有 一个 ‘ 像 个 人 ’ 。 ”
王甲 、 赵乙 知道 ， 这 是 昏 官 灌 足 了 黄 汤 在 与 他 俩 过不去 ， 便 合计 说 ： “ 天 无 绝 人 之 路 ， 我 俩 且 到 大街 人 多 的 地方 走走 ， 总 会 有 法子 的 。 ”
两 人 来 到 车 来 人 往 的 大街 上 ， 看见 一个 孕妇 挺 着 大肚子 在 慢慢 行走 。
王甲 对 赵乙 说 ： “ 兄弟 ， 你 看 ， 那 不 是 ‘ 人 中 人 ’ 吗 ? ”
赵乙 一 看 ， 对 呀 ， 大人 肚 里 怀着 个 小 人 ， 正是 “ 人 中 人 ” 。
两 人 不 容 分 说 ， 走 上前 去 ， 将 那 孕妇 带到 县衙 。
第二 天 ， 天下 着 蒙蒙 细雨 。
王甲 与 赵乙 又 来到 大街 上 ， 看见 一个 身披 蓑衣 、 头 戴 斗笠 的 农夫 ， 挑 着 菜 在 沿 街 叫卖 。
王甲 一 拍 赵 乙 肩膀 ： “ 兄弟 ， 快 看 ， 那 不 是 ‘ 草 中 人 ’ 吗 ? ”
赵乙 一 看 ， 是 呀 ， 草 蓑衣 里面 藏 着 一个 人 ， 是 “ 草 中 人 ” 。
两 人 走 上前 ， 又 将 农夫 带到 县衙 。
第三 天 ， 街上 举行 庙会 ， 随着 一 声响 锣 ， 几 个 壮汉 抬 着 一 尊 都 天 菩萨 走 来 了 。
王甲 一 见 ， 便 对 赵乙 说 ： “ 兄弟 ， 那 都 天 菩萨 不 是 ‘ 像 个 人 ’ 吗 ? ”
赵乙 一 想 ， 倒 也 是 ， 泥塑 木 雕 的 身子 ， 看上去 倒 还 真 像 个 人 样子 。
于是 ， 两 人 上 前 ， 将 那 都 天 菩萨 抬 到 县衙 。
县衙 大堂 上 ， 随着 一 声 吆喝 ， 醉醺醺 的 县 老爷 升 了 堂 。
孕妇 与 农夫 一 见 这 怕 人 的 架势 ， 早 吓 得 双 膝 跪下 ， 请求 饶命 ， 唯有 那 都 天 菩萨 直挺挺 地 站 着 一动不动 。
县官 醉眼 蒙 ?
地 见 这 人 好 大 胆子 ， 在 大堂 之上 竟敢 不 下跪 ， 还 咧 嘴 对 他 笑 呢 ， 便 一 拍 惊堂木 ， 喝 道 ： “ 大胆 狂 徒 !