中国/ns的/ude1自然灾害/nl具有/v以下/f几/m个/q主要/b特点/n：/wm（/wkz一/m）/wky灾害/n种类/n多/a。/wj
中国/ns的/ude1自然灾害/nl主要/d有/vyou气象/n灾害/n、/wn地震/n灾害/n、/wn地质/n灾害/n、/wn海洋/n灾害/n、/wn生物/n灾害/n和/cc森林/n草原/n火灾/n。/wj
除/p现代/t火山/n活动/vn外/f，/wd几乎/d所有/b自然灾害/nl都/d在/p中国/ns出现/v过/uguo。/wj
（/wkz二/m）/wky分布/vn地域/n广/a。/wj
中国/ns各/rz省/n（/wkz自治区/n、/wn直辖市/n）/wky均不同/n程度/n受到/v自然灾害/nl影响/vn，/wd70%/m以上/f的/ude1城市/n、/wn50%/m以上/f的/ude1人口/n分布/vi在/p气象/n、/wn地震/n、/wn地质/n、/wn海洋/n等/udeng自然灾害/nl严重/a的/ude1地区/n。/wj
三分之二/m以上/f的/ude1国土/n面积/n受到/v洪涝/n灾害/n威胁/vn。/wj
东部/f、/wn南部/f沿海/f地区/n以及/cc部分/n内陆/s省份/n经常/d遭受/v热带/n气旋/n侵袭/vn。/wj
东北/s、/wn西北/s、/wn华北/ns等/udeng地区/n旱灾/n频/ag发/v，/wd西南/s、/wn华南/ns等/udeng地/n的/ude1严重/a干旱/a时有发生/vl。/wj
各/rz省/n（/wkz自治区/n、/wn直辖市/n）/wky均/d发生/v过/uguo5/b级/n以上/f的/ude1破坏性/n地震/n。/wj
约/d占/v国土/n面积/n69%/m的/ude1山地/n、/wn高原/n区域/n因/p地质/n构造/n复杂/a，/wd滑坡/vi、/wn泥石流/n、/wn山体/n崩塌/vn等/udeng地质/n灾害/n频繁/ad发生/v。/wj
（/wkz三/m）/wky发生/v频率/n高/a。/wj
中国/ns受/v季风气候/nl影响/v十分/m强烈/a，/wd气象/n灾害/n频繁/a，/wd局地/n性/k或/c区域性/n干旱/a灾害/n几乎/d每年/r都/d会/v出现/v，/wd东部/f沿海/f地区/n平均/a每年/r约/d有/vyou7/a个/q热带/n气旋/n登陆/vi。/wj
中国/ns位于/v欧亚/nrf、/wn太平洋/ns及/cc印度洋/nsf三/m大/a板块/n交汇/v地带/n，/wd新/a构造/n运动/vn活跃/a，/wd地震/n活动/vn十分/m频繁/a，/wd大陆/n地震/n占/v全球/n陆/m地/ude2破坏性/v地震/n的/ude1三分之一/m，/wd是/vshi世界/n上/f大陆/n地震/n最/d多/a的/ude1国家/n。/wj
森林/n和/cc草原/n火灾/n时有发生/vl。/wj
（/wkz四/m）/wky造成/v损失/n重/a。/wj
1990—2008年/m19年/m间/q，/wd平均/v每年/r因/p各类/r自然灾害/nl造成/v约/d3亿/m人次/qv受灾/vn，/wd倒塌/v房屋/n300/m多/m万/m间/q，/wd紧急/ad转移/v安置/vn人口/n900/m多/m万/m人次/qv，/wd直接/a经济损失/n2000/m多/m亿/m元/q人民币/n。/wj
特别/d是/vshi1998年/m发生/v在/p长江/ns、/wn松花江/ns和/cc嫩江/ns流域/n的/ude1特大/b洪涝/n，/wd2006年/m发生/v在/p四川/ns、/wn重庆/ns的/ude1特大/b干旱/an，/wd2007年/m发生/v在/p淮河/ns流域/n的/ude1特大/b洪涝/n，/wd2008年/m发生/v在/p中国/ns南方/s地区/n的/ude1特大/b低温/n雨雪/n冰冻/v灾害/n，/wd以及/cc2008年/m5月/t12日/t发生/v在/p四川/ns、/wn甘肃/ns、/wn陕西/ns等/udeng地/n的/ude1汶川/ns特大/b地震/n灾害/n等/udeng，/wd均/d造成/v重大/a损失/n。/wj
当前/t和/cc今后/t一个/mq时期/n，/wd在/p全球/n气候/n变化/vn背景/n下/f，/wd极端/n天气/n气候/n事件/n发生/v的/ude1几率/n进一步/d增大/v，/wd降水/n分布/vi不/d均/a、/wn气温/n异常/a变化/vn等/udeng因素/n导致/v的/ude1洪涝/n、/wn干旱/a、/wn高温/n热浪/n、/wn低温/n雨雪/n冰冻/v、/wn森林/n草原/n火灾/n、/wn农林/n病虫害/n等/udeng灾害/n可能/v增多/v，/wd出现/v超/h强台风/n、/wn强台风/n以及/cc风暴潮/n等/udeng灾害/n的/ude1可能性/n加大/v，/wd局部/n强/a降雨/vn引发/v的/ude1山洪/n、/wn滑坡/vn和/cc泥石流/n等/udeng地质/n灾害/n防范/vn任务/n更加/d繁重/a。/wj
随着/p地壳/n运动/vn的/ude1变化/vn，/wd地震/n灾害/n的/ude1风险/n有所/v增加/v。/wj
近年来/dl，/wd中国政府/nt在/p《/wkz国家/n综合/vd减灾/v“/wyz十一五/m”/wyy规划/n》/wky等/udeng文件/n中/f明确/ad提出/v“/wyz十一五/m”/wyy期间/f（/wkz2006—2010年/m）/wky及/cc中长期/n国家/n综合/vn减灾/vn战略/n目标/n，/wd即/v：/wm建立/v比较/d完善/v的/ude1减灾/vn工作管理/n体制/n和/cc运行/vn机制/n，/wd灾害/n监测/vn预警/vn、/wn防灾/vn备灾/vn、/wn应急/vn处置/vn、/wn灾害/n救助/vn、/wn恢复/v重建/v能力/n大幅提升/n，/wd公民/n减灾/vn意识/n和/cc技能/n显/v著/uzhe增强/v，/wd人员/n伤亡/vn和/cc自然灾害/nl造成/v的/ude1直接/a经济损失/n明显减少/n。/wj
中国/ns减灾/vn的/ude1主要/b任务/n是/vshi：—/wm加强/v自然灾害/nl风险/n隐患/n和/cc信息/n管理能力/n建设/vn。/wj
全面/ad查明/v重点/n区域/n主要/b自然灾害/nl风险/n隐患/n，/wd基本/ad摸清/v减灾/vn能力/n底数/n，/wd建立/v自然灾害/nl风险/n隐患/n数据库/n，/wd编制/v全国/n灾害/n高/a风险/n区/n及/cc重点/n区域/n灾害/n风险/n图/n。/wj
建立/v自然灾害/nl灾情/n统计/vn体系/n，/wd建成/v国家/n、/wn省/n、/wn市/n、/wn县/n四/m级/q灾情/n上报/vi系统/n，/wd健全/v灾情/n信息/n快/a报/n、/wn核/n报/n工作/vn机制/n和/cc灾害/n信息/n沟通/v、/wn会商/v、/wn通报/v制度/n，/wd建设/vn灾害/n信息/n共享/v及/cc发布/v平台/n，/wd加强/v对/p灾害/n信息/n的/ude1分析/vn、/wn评估/vn和/cc应用/vn。/wj
—/wp加强/v自然灾害/nl监测/vn预警/vn预报/vn能力/n建设/vn。/wj
在/p完善/v现有/vn监测站/n网/n的/ude1基础/n上/f，/wd适当/ad增加/v监测/vn密度/n，/wd建设/vn卫星/n遥感/n灾害/n监测系统/n，/wd构建/v自然灾害/nl立体/b监测/vn体系/n。/wj
推进/vi监测/vn预警/vn基础设施/n的/ude1综合/vd运用/v与/cc集成/vn开发/vn，/wd完善/v灾害/n预警/vn预报/vn决策/vn支持/vn系统/n。/wj
注重/v加强/v频/ag发/v易/ad发/v灾害/n和/cc极端/n天气/n气候/n事件/n的/ude1监测/vn预警/vn预报/vn能力/n建设/vn。/wj
建立/v健全/v灾害/n风险/n预警/vn信息/n发布/v机制/n，/wd充分/ad利用/v各类/r传播方式/n，/wd准确/a、/wn及时/ad发布/v灾害/n预警/vn预报/vn信息/n。/wj
—/wp加强/v自然灾害/nl综合/vn防范/vn防御/vn能力/n建设/vn。/wj
全面/ad落实/v各项/r减灾/vn专项/b规划/n，/wd建设/v好/a各类/r减灾/vn骨干/n工程/n，/wd提高/v大中型/b工业/n基地/n、/wn交通/n干线/n、/wn通信/vn枢纽/n和/cc生命线/n工程/n的/ude1防灾/vn抗灾/vn能力/n。/wj
按照/p土地/n利用/v总体/n规划/vn要求/n和/cc节约/v集约/vd利用/v土地/n原则/n，/wd统筹/vd做好/v农业/n和/cc农村/n减灾/vn、/wn工业/n和/cc城市/n减灾/vn以及/cc重点/n地区/n的/ude1防灾/vn减灾/vn专项/b规划/n编制/vn与/cc减灾/vn工程建设/n，/wd全面/ad提高/v灾害/n综合/vd防御/v能力/n。/wj
—/wp加强/v国家/n自然灾害/nl应急/vn抢险/vn救援/vn能力/n建设/vn。/wj
建立/v健全/v统一/ad指挥/v、/wn综合/vd协调/v、/wn分类管理/n、/wn分级/v负责/v、/wn属地/n管理/vn为主/vi的/ude1灾害/n应急/vn管理/vn体制/n，/wd形成/v协调/v有序/a、/wn运转/vi高效/b的/ude1运行/vn机制/n。/wj
基本/ad形成/v纵向/n到底/vi、/wn横向/n到/v边/k的/ude1自然灾害/nl救助/vn应急/vn预/d案/x体系/n。/wj
加强/v中央/n和/cc地方/n抗灾/vn救灾/vn物资/n储备/vn网络/n建设/vn，/wd提升/v救灾/vn物资/n运输/vn保障/vn能力/n，/wd加强/v各类/r骨干/n抢险/vn救援/vn队伍/n和/cc专业/n救援/vn队伍/n建设/vn，/wd改善/v减灾/vn救灾/vn装备/n。/wj
建立/v完善/v社会/n动员/v机制/n，/wd充分发挥/n民间/n组织/n、/wn基层/n自治/vn组织/n和/cc志愿者/n队伍/n在/p综合/vn减灾/vn工作/vn中/f的/ude1作用/n。/wj
—/wp加强/v流域/n防洪/vn减灾/vn体系/n建设/vn。/wj
坚持/v全面/ad规划/v、/wn统筹兼顾/vl、/wn标本兼治/vl、/wn综合治理/vl的/ude1原则/n，/wd逐步/d建成/v以/p堤防/n为/p基础/n、/wn干/v支流/n控制性/n水利枢纽/nl、/wn蓄/v滞/vg洪/ng区/n、/wn河道/n整治/vn相/d配合/v，/wd结合/v干/v垸/ng行/ng洪/ng、/wn退/v田/n还/d湖/n、/wn水土/n保持/v等/udeng工程/n措施/n及/cc防汛/vn抗旱/vn指挥/vn系统/n和/cc防洪/vn调度管理/n、/wn洪水/n风险管理/n等/udeng非工程/b措施/n建设/vn，/wd构建/v较为/d完善/v的/ude1流域/n防洪/vn减灾/vn体系/n，/wd保障/v流域/n防洪/vn安全/an。/wj
—/wp加强/v巨/ag灾/n综合/vd应/v对/p能力/n建设/vn。/wj
加强/v对/p巨/ag灾/n发生/v机理/n、/wn活动/vn规律/n及/cc次生/b灾害/n相互/b关系/n研究/vn，/wd开展/v重大/a自然/n变异/n模拟/vn和/cc巨/ag灾/n应急/vn仿/x真/a实验/vn。/wj
建立/v健全/v应对/v巨/ag灾/n风险/n的/ude1体制/n、/wn机制/n、/wn政策/n措施/n和/cc应/v对方/n案/x，/wd开展/v应对/v巨/ag灾/n的/ude1演练/vn。/wj
推进/vi农业/n、/wn林业/n保险/n试点/vn，/wd探索/v建立/v适合/v中国/ns国情/n的/ude1巨/ag灾/n保险/n和/cc再/d保险/v体系/n。/wj
加强/v巨/ag灾/n防御/vn工程建设/n。/wj
建立/v亚洲/ns区域/n巨/ag灾/n研究/vn中心/n。/wj
—/wp加强/v城乡/n社区/n减灾/vn能力/n建设/vn。/wj
完善/v城乡/n社区/n灾害/n应急/vn预/d案/x，/wd组织/v社区/n居民/n演练/vn。/wj
