截至/v2004年/m底/f，/wd全国/n有/vyou17/ns个/q省/n（/wkz自治区/n、/wn直辖市/n）/wky查处/v农业/n植物/n新品种/n侵权/vn和/cc假冒/v案/x件/q863/m件/q。/wj
国家/n重视/v和/cc珍惜/v老年人/n的/ude1知识/n、/wn经验/n和/cc技能/n，/wd尊重/v他们/rr的/ude1优良/z品德/n，/wd积极/ad创造条件/n，/wd发挥/v老年人/n的/ude1专长/n和/cc作用/n，/wd鼓励/v和/cc支持/vn老年人/n融入/v社会/n，/wd继续/v参与/v社会/n发展/vn。/wj
《/wkz中华人民共和国/ns老年人/n权益/n保障/vn法/n》/wky设/v专/a章/n保障/vn老年人/n参与/v社会/n发展/vn的/ude1权益/n。/wj
中国/ns颁布/v的/ude1老龄/b事业/n发展/vn计划/n或/c规划/n都/d把/pba鼓励/v老年人/n参与/v社会/n发展/v作为/v重要/a内容/n，/wd并/cc为/v发挥/v离退休/vn高级专家/n和/cc专业/n技术人员/n作用/n制定/v专项/b政策/n。/wj
在/p城镇/n，/wd各级/r政府/n根据/p经济/n、/wn社会/n和/cc科技/n发展/vn需要/n，/wd引导/v老年人/n参与/v教育/vn培训/vn、/wn技术/n咨询/vn、/wn医疗/n卫生/an、/wn科技/n应用/vn开发/vn以及/cc关心/v教育/vn下一代/n等/udeng活动/vn。/wj
在/p农村/n，/wd鼓励/v低龄/n健康/an老年人/n从事/vi种植/v、/wn养殖/vn和/cc加工业/n。/wj
据/p有关/vn统计/vn，/wd在/p老年/t人口/n中/f，/wd城市/n曾/d参加/v社会/n公益/n活动/vn的/ude1老年人/n占/v38./m7%/m，/wd继续/v从事/vi有/vyou收入/n工作/vn的/ude1老年人/n占/v5./m2%/nsf；/wf农村/n老年人/n从事/vi农业/n劳动/vn的/ude1占/v36./m4%/m。/wj
从/p2003年/m起/q，/wd国家/n开始/v组织/v以/p老年/t知识分子/n发挥/v科技/n知识/n和/cc业务/n专长/n援助/vn西部/f地区/n和/cc本地/rzs欠/v发达/a地区/n为/p主要/b内容/n的/ude1“/wyz银/ng龄/ng行动/vi”/wyy，/wd目前/t已/d在/p24/n个/q省/n（/wkz自治区/n、/wn直辖市/n）/wky为/p受/v援/vg地/n群众/n治病/vi20/m多/m万/m人次/qv，/wd培训/v医务/b骨干/n和/cc中小学/n教师/n3./m8/a万/m人/n。/wj
在/p全国/n范围/n内/f实施/v“/wyz爱心/n助/v成长/vi”/wyy志愿/n服务/vn计划/n，/wd以/p健康/a低龄/n老年人/n为/p主体/n组成/v志愿者/n队伍/n，/wd广泛/ad开展/v德育/n行动/vn、/wn宣讲/v行动/vn、/wn监查/n行动/vn、/wn护/v苗/n行动/vn和/cc关爱/vn行动/vn，/wd帮助/v青少年/n解决/v学习/v、/wn生活/vn、/wn心理/n等/udeng问题/n，/wd目前/t该/rz计划/n已/d在/p全国/n100/m多/m个/q城市/n展开/v。/wj
在/p政府/n的/ude1引导/vn和/cc扶持/vn下/f，/wd中国/ns老/a教授/n协会/n、/wn老/a科技/n工作者/n协会/n、/wn老年/t法律/n工作者/n协会/n等/udeng全国性/n老年/t社会/n团体/n已/d发展/v到/v13/n家/q，/wd分会/n遍及/v全国/n各地/rzs。/wj
中国/ns老/a教授/n协会/n和/cc老/a科技/n工作者/n协会/n的/ude1个体/n会员/n数量/n超过/v65/m万/m人/n。/wj
各地/rzs成立/vi了/ule退休/vn工程师/n协会/n、/wn老/a教育工作者/n协会/n、/wn离退休/vn医务/b工作者/n协会/n等/udeng一/m批/q以/p老年/t知识分子/n为/p主体/n的/ude1社会/n团体/n，/wd组织/v老年/t知识分子/n继续/v为/p社会/n经济/n发展/v作/v贡献/n。/wj
各地/rzs重视/v城乡/n基层/n老年/t群众/n组织/n建设/vn，/wd2005年/m底/f，/wd城市/n社区/n和/cc农村/n老年人/n协会/n发展/v到/v31./m7/v万/m个/q，/wd在/p组织/n广大/b老年人/n参与/v基层/n社区/n建设/vn、/wn社会/n公益/n活动/vn和/cc维护/v老年人/n自身/rr权益/n等/udeng方面/n发挥/v了/ule积极/a作用/n。/wj
近年来/dl，/wd国家颁布/n《/wkz城市道路/n和/cc建筑物/n无/v障碍/n设计/vn规范/n》/wky，/wd制定/v《/wkz无/v障碍/n设施/n建设/vn工作/vn“/wyz十五/m”/wyy实施/v方/q案/x》/wky以及/cc《/wkz民用/b机场/n旅客/n航站/n区/n无/v障碍/n设施/n设备/n配置/vn标准/n》/wky、/wn《/wkz铁路/n车站/n及/cc枢纽/n设计/vn规范/n》/wky、/wn《/wkz铁路/n旅客/n车站/n建筑设计/n规范/n》/wky、/wn《/wkz铁路/n站/n场/qv客/ng货运/n设备/n设计/vn规范/n》/wky等/udeng一/m系列/q标准/n规范/v，/wd大中城市/n道路/n、/wn车站/n、/wn机场/n、/wn商场/n、/wn公交/b站点/n、/wn住宅/n居住区/n和/cc其他/rzv公共/b建筑/n的/ude1无/v障碍/n设施/n建设/vn发展/vn较/d快/a，/wd老年人/n安居/vn和/cc参与/v社会/n生活/vn的/ude1设施/n环境/n不断/d改善/v。/wj
开展/v了/ule创建/vn全国/n无/v障碍/n设施/n建设/vn示范/vn城/n（/wkz区/n）/wky活动/vn，/wd北京/ns、/wn上海/ns、/wn天津/ns等/udeng12/m个/q城市/n被/pbei确定/v为/p首/m批/q全国/n无/v障碍/n设施/n建设/vn示范/vn城/n（/wkz区/n）/wky创建/v城市/n。/wj
国家/n尊重/v和/cc保护/vn老年人/n合法/a权益/n，/wd充分/ad运用/v法律/n和/cc道德/n等/udeng手段/n，/wd加强/v老年人/n权益/n保障/vn工作/vn，/wd促进/v老年人/n各项/r合法/a权益/n的/ude1实现/vn。/wj
《/wkz中华人民共和国/ns宪法/n》/wky规定/v：/wm“/wyz中华人民共和国/ns公民/n在/p年老/vi、/wn疾病/n或者/c丧失/v劳动/vn能力/n的/ude1情况/n下/f，/wd有/vyou从/p国家/n和/cc社会/n获得/v物质/n帮助/v的/ude1权利/n”/wyy；/wf“/wyz成年/vn子女/n有/vyou赡养/vn扶助/vn父母/n的/ude1义务/n”/wyy；/wf“/wyz禁止/v虐待/vn老人/n、/wn妇女/n和/cc儿童/n”/wyy。/wj
《/wkz中华人民共和国/ns老年人/n权益/n保障/vn法/n》/wky、/wn《/wkz中华人民共和国/ns民法/n通则/n》/wky、/wn《/wkz中华人民共和国/ns继承法/n》/wky、/wn《/wkz中华人民共和国/ns婚姻法/n》/wky、/wn《/wkz中华人民共和国/ns刑法/n》/wky、/wn《/wkz中华人民共和国/ns治安/n管理/vn处罚/vn法/n》/wky等/udeng基本/a法律/n，/wd都/d明确/v了/ule老年人/n的/ude1权利/n以及/cc侵害/vn老年人/n权利/n应/v承担/v的/ude1法律/n责任/n。/wj
目前/t，/wd全国/n已/d有/vyou30/m个/q省/n（/wkz自治区/n、/wn直辖市/n）/wky制定/v实施/v了/ule保护/vn老年人/n合法/a权益/n的/ude1专项/b地方/n性/ng法规/n。/wj
国家/n在/p社会/n生活/vn中/f充分/ad尊重/v和/cc照顾/vn老年人/n。/wj
2005年/m发布/v的/ude1《/wkz关于/p加强/v老年人/n优待/vn工作/vn的/ude1意见/n》/wky，/wd在/p经济/n供养/vn、/wn医疗/n保健/n、/wn生活/vn服务/vn、/wn文体/n休闲/vn和/cc维权/n服务/vn等/udeng方面/n提出/v了/ule对/p老年人/n实行/v优先/vd优惠/v服务/vn和/cc照顾/v的/ude1要求/n。/wj
目前/t，/wd各省/r（/wkz自治区/n、/wn直辖市/n）/wky都/d制定/v了/ule对/p老年人/n实行/v优待/v的/ude1政策/n，/wd使/v老年人/n充分/ad享受/v到/v社会/n的/ude1尊重/vn和/cc关爱/vn。/wj
人民/n法院/n认真/ad审理/v虐待/vn、/wn遗弃/v、/wn伤害/vn老年人/n的/ude1刑事/b案/x件/q，/wd依法/d制裁/v侵犯/v老年人/n人身/n和/cc财产/n权利/n的/ude1犯罪/vn行为/n。/wj
对/p老年人/n因/p养老/vn、/wn医疗/n等/udeng纠纷/n提起/v的/ude1诉讼/vn，/wd予以/vx优先/vd立/v案/x、/wn优先/vd审理/v和/cc优先/vd执行/v。/wj
部分/m基层/n人民法院/nl设立/v了/ule专门/d处理/v涉/vg老/a民事/b纠纷/n案/x件/q的/ude1“/wyz老年/t法庭/n”/wyy，/wd建立/v了/ule涉/vg老/a案/x件/q陪审员/n制度/n。/wj
最高人民法院/nt制定/v有关/vn司法/n救助/v的/ude1规定/n，/wd对/p贫困/a老年人/n的/ude1诉讼费/n用/p实行/v缓/ad交/v、/wn减/v交/v和/cc免/v交/ng。/wj
2005年/m，/wd3/vg万/m多/m老年人/n获得/v司法/n救助/vn。/wj
公安/n机关/n依法/d严厉/ad打击/v各种/rz侵害/vn老年人/n合法/a权益/n的/ude1违法/vn犯罪活动/n，/wd有力/a保护/vn老年人/n的/ude1人身/n和/cc财产/n安全/an。/wj
司法/n行政/n部门/n积极/ad做好/v老年/t法律/n援助/vn和/cc法律/n服务/vn工作/vn。/wj
各地/rzs法律/n援助/vn和/cc法律/n服务机构/n为/p老年人/n提供/v优先/v或/c优惠/vn服务/vn。/wj
遍布/v城乡/n的/ude1基层/n人民/n调解/vn组织/n在/p调解/v涉/vg老/a纠纷/n、/wn保护/vn老年人/n权益/n方面/n发挥/v了/ule重要/a作用/n。/wj
2001年/m至/p2005年/m，/wd法律/n服务机构/n平均/a每年/r为/p老年人/n提供/v法律/n援助/vn4/ng万/m多/m件/q，/wd代理/v诉讼/vn和/cc非/b诉讼/vn法律/n服务/v40/m多/m万/m件/q，/wd调解/v涉/vg老/a纠纷/n40/m多/m万/m件/q。/wj
各级/r人大/n常委会/n定期/d或/c不/d定期/d开展/v执法/vn检查/vn，/wd推动/v政府/n有关/vn部门/n依法/d履行/v职责/n，/wd落实/v老年人/n的/ude1各项/r合法/a权益/n。/wj
2001年/m至/p2005年/m，/wd全国/n县级/b以上/f人大/n常委会/n开展/v老龄/b法律法规/n的/ude1执法/vn检查/vn达/v3000/m余/m次/qv。/wj
各级/r人民/n政协/n履行/v民主/an监督/vn职能/n，/wd为/p政府/n改进/v老年人/n权益/n保障/vn工作/vn建/v言/vg献策/vi。/wj
2001年/m至/p2005年/m，/wd全国政协/nt委员/n提出/v涉/vg老/ng提/v案/x近/a1000/m件/q。/wj
各级/r政府部门/n加强/v信访/n工作/vn，/wd畅通/a群众/n监督/vn的/ude1渠道/n。/wj
