四/m、/wn管理/vn互联网/n的/ude1基本/a原则/n与/cc实践/v中国/ns坚持/v依法/d管理/v、/wn科学管理/n和/cc有效/a管理/vn互联网/n，/wd努力/ad完善/v法律/n规范/n、/wn行政/n监管/vn、/wn行业/n自律/vi、/wn技术/n保障/vn、/wn公众/n监督/vn和/cc社会/n教育/vn相/d结合/v的/ude1互联网/n管理体系/n。/wj
中国/ns管理/vn互联网/n的/ude1基本/a目标/n是/vshi，/wd促进/v互联网/n的/ude1普遍/a、/wn无/v障碍/n接入/vn和/cc持续/vd健康/ad发展/v，/wd依法/d保障/v公民/n网上/s言论/n自由/an，/wd规范/v互联网信息/n传播/vn秩序/n，/wd推动/v互联网/n积极/ad有效/a应用/vn，/wd创造/v有利于/v公平/ad竞争/v的/ude1市场/n环境/n，/wd保障/v宪法/n和/cc法律/n赋予/v的/ude1公民/n权益/n，/wd保障/v网络/n信息/n安全/an和/cc国家/n安全/an。/wj
中国/ns依法/d管理/v互联网/n。/wj
1994年/m以来/f，/wd中国/ns颁布/v了/ule一/m系列/q与/p互联网/n管理/vn相关/vn的/ude1法律法规/n，/wd主要/d包括/v《/wkz全国/n人民/n代表大会/n常务/b委员会/n关于/p维护/v互联网/n安全/an的/ude1决定/n》/wky、/wn《/wkz中华人民共和国/ns电子签名/n法/n》/wky、/wn《/wkz中华人民共和国/ns电信/n条例/n》/wky、/wn《/wkz互联网信息/n服务管理/n办法/n》/wky、/wn《/wkz中华人民共和国/ns计算机信息/n系统/n安全/an保护/vn条例/n》/wky、/wn《/wkz信息/n网络/n传播/vn权/n保护/vn条例/n》/wky、/wn《/wkz外商/n投资/vn电信/n企业/n管理/vn规定/n》/wky、/wn《/wkz计算机信息/n网络/n国际/n联网/vi安全/an保护/vn管理/vn办法/n》/wky、/wn《/wkz互联网/n新闻/n信息/n服务管理/n规定/n》/wky、/wn《/wkz互联网/n电子公告/n服务管理/n规定/n》/wky等/udeng。/wj
《/wkz中华人民共和国/ns刑法/n》/wky、/wn《/wkz中华人民共和国/ns民法/n通则/n》/wky、/wn《/wkz中华人民共和国/ns著/vi作/v权/n法/b》/wky、/wn《/wkz中华人民共和国/ns未成年人/n保护法/n》/wky、/wn《/wkz中华人民共和国/ns治安/n管理/vn处罚/vn法/n》/wky等/udeng法律/n的/ude1相关/vn条款/n适用/vi于/p互联网/n管理/vn。/wj
中国/ns坚持/v审慎/ad立法/vi、/wn科学/n立法/vn，/wd为/p互联网/n发展/v预留/v空间/n。/wj
相关/vn法律法规/n涉及/v互联网/n基础/n资源/n管理/vn、/wn信息/n传播/vn规范/n、/wn信息/n安全/an保障/vn等/udeng主要/b方面/n，/wd对/p基础/n电信业务/n经营者/n、/wn互联网/n接入/vn服务提供者/n、/wn互联网信息/n服务提供者/n、/wn政府/n管理/vn部门/n及/cc互联网用户/n等/udeng行为/n主体/n的/ude1责任/n与/cc义务/n作出/v了/ule规定/n。/wj
法律/n保障/vn公民/n的/ude1通信/vn自由/an和/cc通信/vn秘密/n，/wd同时/c规定/v，/wd公民/n在/p行使/v自由/an和/cc权利/n的/ude1时候/n，/wd不得/vi损害/v国家/n、/wn社会/n、/wn集体/n的/ude1利益/n和/cc其他/rzv公民/n的/ude1合法/a的/ude1自由/an和/cc权利/n，/wd任何/rz组织/n或/c个人/n不得/vi利用电信网络/n从事/vi危害/v国家/n安全/an、/wn社会/n公共/b利益/n或者/c他人/rr合法/a权益/n的/ude1活动/vn。/wj
政府/n在/p互联网/n管理/vn中/f发挥/v主导/n作用/n。/wj
政府/n有关/vn部门/n根据/p法定/b职责/n，/wd依法/d维护/v公民/n权益/n、/wn公共/b利益/n和/cc国家/n安全/an。/wj
国家/n通信/vn管理/vn部门/n负责/v互联网/n行业/n管理/vn，/wd包括/v对/p中国/ns境内/s互联网/n域名/n、/wnIP/x地址/n等/udeng互联网/n基础/n资源/n的/ude1管理/vn。/wj
依据/n《/wkz互联网信息/n服务管理/n办法/n》/wky，/wd中国/ns对/p经营/v性/ng互联网信息/n服务/vn实行/v许可/vn制度/n，/wd对/p非经营性/b互联网信息/n服务/vn实行/v备/v案/x制度/n。/wj
国家/n新闻/n、/wn出版/v、/wn教育/vn、/wn卫生/an等/udeng部门/n依据/n《/wkz互联网信息/n服务管理/n办法/n》/wky，/wd对/p“/wyz从事/vi新闻/n、/wn出版/v、/wn教育/vn、/wn医疗/n保健/n、/wn药品/n和/cc医疗/n器械/n等/udeng互联网信息/n服务/vn”/wyy实行/v许可/vn制度/n。/wj
公安/n机关/n等/udeng国家/n执法/vn部门/n负责/v互联网/n安全/an监督管理/n，/wd依法/d查处/v打击/v各类/r网络/n违法/vn犯罪活动/n。/wj
积极/ad倡导/v行业/n自律/vn和/cc公众/n监督/vn。/wj
2001年/m5月/t，/wd中国/ns互联网/n协会/n成立/vi，/wd这/rzv是/vshi全国性/n互联网/n行业/n组织/n，/wd其/rz宗旨/n是/vshi服务/v于/p互联网/n行业/n发展/vn、/wn网/n民/ng和/cc政府/n的/ude1决策/vn。/wj
该/rz协会/n先后/d制定/v并/cc发布/v了/ule《/wkz中国/ns互联网/n行业/n自律/vn公约/n》/wky、/wn《/wkz互联网站/n禁止/v传播/v淫秽/a色情/n等/udeng不良/a信息/n自律/vn规范/n》/wky、/wn《/wkz抵制/v恶意/n软件/n自律/vn公约/n》/wky、/wn《/wkz博客/nz服务/vn自律/vn公约/n》/wky、/wn《/wkz反/b网络/n病毒/n自律/vn公约/n》/wky、/wn《/wkz中国/ns互联网/n行业/n版权/n自律/vn宣言/n》/wky等/udeng一/m系列/q自律/vn规范/n，/wd促进/v了/ule互联网/n的/ude1健康/an发展/vn。/wj
中国/ns互联网/n协会/n为/p治理/v垃圾/n邮件/n作出/v了/ule不懈努力/vl，/wd使/v中国/ns的/ude1垃圾/n邮件/n占/v全球/n垃圾/n邮件/n的/ude1比例/n从/p2002年/m的/ude123%/m下降/vi到/v2009年/m的/ude14./m1%/m。/wj
为/p加强/v公众/n对/p互联网服务/n的/ude1监督/vn，/wd2004年/m以来/f，/wd中国/ns先后/d成立/vi了/ule互联网/n违法/vn和/cc不良/a信息/n举报/vn中心/n、/wn网络/n违法/vn犯罪/vn举报/vn网站/n、/wn12321/m网络/n不良/a与/cc垃圾/n信息/n举报/vn受理/vn中心/n、/wn12390/m扫黄打非/vl新闻/n出版/vn版权/n联合/vd举报/v中心/n等/udeng公众/n举报/vn受理/vn机构/n，/wd并/cc于/p2010年/m1月/t发布/v了/ule《/wkz举报/vn互联网/n和/cc手机/n媒体/n淫秽/a色情/n及/cc低俗/a信息/n奖励/vn办法/n》/wky。/wj
中国政府/nt将/d进一步/d支持/v互联网/n行业/n组织/n的/ude1工作/vn，/wd为/p行业/n组织/v发挥/v作用/n提供/v服务/vn，/wd并/cc依法/d保障/v公众/n举报/v网上/s违法/vn信息/n和/cc行为/n的/ude1正当/a权利/n。/wj
主张/v合理/ad运用/v技术手段/n遏制/vn互联网/n上/f违法/vn信息/n传播/vn。/wj
根据/p互联网/n的/ude1特性/n，/wd从/p有效/a管理/vn互联网/n的/ude1实际/n需要/v出发/vi，/wd中国政府/nt主张/v依据/n相关/vn法律法规/n，/wd参照/v国际/n通行/vn做法/n，/wd发挥/v技术手段/n的/ude1防范/vn作用/n，/wd遏制/v违法/vn信息/n对/p国家/n安全/an、/wn社会/n公共/b利益/n和/cc未成年人/n的/ude1危害/vn。/wj
《/wkz全国/n人民/n代表大会/n常务/b委员会/n关于/p维护/v互联网/n安全/an的/ude1决定/n》/wky、/wn《/wkz中华人民共和国/ns电信/n条例/n》/wky、/wn《/wkz互联网信息/n服务管理/n办法/n》/wky、/wn《/wkz计算机信息/n网络/n国际/n联网/vi安全/an保护/vn管理/vn办法/n》/wky等/udeng法律法规/n明确/ad规定/v，/wd严禁/v传播/v含有/v颠覆/v国家/n政权/n、/wn破坏/v国家/n统一/vn、/wn损害/v国家/n荣誉/n和/cc利益/n、/wn煽动/v民族/n仇恨/vn、/wn破坏/v民族/n团结/an、/wn宣扬/v邪教/n以及/cc淫秽/a色情/n、/wn暴力/n、/wn恐怖/an及/cc侵害/v他人/rr合法/a权益/n等/udeng内容/n的/ude1信息/n。/wj
根据/p这些/rz法律法规/n，/wd基础/n电信业务/n经营者/n、/wn互联网信息/n服务提供者/n等/udeng应/v建立/v互联网/n安全/an管理制度/n，/wd采取/v技术措施/n，/wd阻止/v各类/r违法/vn信息/n的/ude1传播/vn。/wj
主张/v加强/v互联网/n法制/n和/cc道德/n教育/vn。/wj
全/a社会/n的/ude1法制/n和/cc道德/n素养/n关系/n互联网环境/n建设/vn。/wj
中国政府/nt支持/v开展/v互联网/n法制/n和/cc道德/n教育/vn工作/vn，/wd鼓励/v各类/r媒体/n和/cc社会/n组织/n积极/ad参与/v，/wd积极/ad推动/v把/pba互联网/n法制/n和/cc道德/n教育/vn纳入/v中小学/n日常/b教学内容/n。/wj
中国政府/nt十分/m重视/v青年/n组织/n、/wn妇女/n组织/n等/udeng在/p提高/v全民/n网络/n素养/n中/f的/ude1作用/n，/wd鼓励/v相关/vn组织/n开展/v有利于/v普及/v互联网/n知识/n和/cc正确/ad使用/v互联网/n的/ude1公益/n活动/vn。/wj
