新/a时期/n中国/ns国防/n的/ude1目标/n和/cc任务/n，/wd主要/d有/vyou以下/f内容/n：——/wp维护/v国家/n主权/n、/wn安全/an、/wn发展/vn利益/n。/wj
防备/v和/cc抵抗/vn侵略/vn，/wd保卫/v领/v陆/nr1、/wn内/f水/n、/wn领海/n、/wn领空/n的/ude1安全/an，/wd维护/v国家/n海洋/n权益/n，/wd维护/v国家/n在/p太空/s、/wn电磁/n、/wn网络/n空间/n的/ude1安全/an利益/n。/wj
反对/v和/cc遏制/v“/wyz台独/n”/wyy，/wd打击/v“/wyz东/f突/d”/wyy、/wn“/wyz藏/v独/a”/wyy等/udeng分裂/vn势力/n，/wd捍卫/v国家/n主权/n和/cc领土/n完整/an。/wj
服从/v服务/v于/p国家/n发展/vn战略/n和/cc安全/an战略/n，/wd维护/v国家/n发展/vn的/ude1重要/a战略/n机遇/n期/qv。/wj
贯彻/v新/a时期/n积极/ad防御/v的/ude1军事/n战略/n方针/n，/wd坚持/v独立自主/vl和/cc全民/n自卫/vn原则/n，/wd加强/v武装力量/nl建设/vn和/cc边防/n、/wn海防/n、/wn空防/n建设/vn，/wd加强/v国家/n战略/n能力/n建设/vn。/wj
中国/ns始终/d奉行/v不/d首先/d使用/v核武器/n的/ude1政策/n，/wd坚持/v自卫/vd防御/v的/ude1核/n战略/n，/wd不/d与/p任何/rz国家/n进行/vx核军备/n竞赛/vn。/wj
中国/ns认为/v，/wd全球/n导弹/n防御/vn计划/n将/d损害/v国际/n战略/n平/an与/cc稳定/an，/wd不/d利于/v国际/n和/cc地区/n安全/an，/wd并/cc对/p核裁军/n进程/n产生/v消极/a影响/vn。/wj
中国/ns主张/n，/wd各方/r均/d不/d应/v在/p海外/s部署/v具有/v战略/n反/vi导/vg能力/n和/cc潜力/n的/ude1反/vi导/vg系统/n或/c开展/v相关/vn国际/n合作/vn。/wj
防/v扩散/v中国/ns坚决/ad反对/v大规模/b杀伤性/n武器/n及/cc其/rz运载/vn工具/n扩散/v，/wd始终/d以/p高度/d负责/v的/ude1态度/n处理/v防/v扩散/v事务/n。/wj
中国/ns认为/v，/wd要/v从/p根源/n上/f防止/v扩散/v，/wd应/v努力/ad营造/v互信/v、/wn合作/vn的/ude1全球/n和/cc地区/n安全/an环境/n，/wd消除/v大规模/b杀伤性/n武器/n扩散/v的/ude1动因/n；/wf应/v坚持/v通过/p政治/n和/cc外交/n手段/n处理/v防/v扩散/v问题/n；/wf应/v切实/ad维护/v和/cc加强/v国际/n防/v扩散/v机制/n的/ude1权威性/n、/wn有效性/n和/cc普遍性/n；/wf应/v确保/v国际/n防/v扩散/v努力/an的/ude1公正性/n和/cc非/b歧视性/n，/wd平/an处理/v防/v扩散/v与/p和平/n利用/v科学技术/n的/ude1关系/n，/wd摒弃/v双重/b标准/n。/wj
中国/ns参加/v了/ule防/v扩散/v领域/n所有/b的/ude1国际/n条约/n和/cc相关/vn国际/n组织/n，/wd支持/v联合国/nt在/p防/v扩散/v领域/n发挥/v应有/v的/ude1作用/n，/wd认真/ad执行/v安理会/n相关/vn决议/n。/wj
中国/ns主张/v通过/p对话/vn协商/vn和平/n解决/v朝鲜/nsf半岛/n核/n问题/n，/wd致力/v于/p通过/p六/m方/q会谈/vn进程/n平/an解决/v各方/r关切/vn，/wd实现/v半岛/n无/v核/n化/k，/wd维护/v半岛/n和/cc东北亚/ns的/ude1和平/n与/cc稳定/an。/wj
中国/ns始终/d从/p大局/n和/cc长远/a出发/vi，/wd积极/ad劝和/vi促/v谈/v，/wd推动/v各方/r通过/p接触/v对话/vi为/v早日/d重/d启/v六/m方/q会谈/vi创造/v条件/n。/wj
中国/ns主张/v通过/p对话/vn和/cc谈判/vn和平/n解决/v伊朗/nsf核/n问题/n，/wd维护/v中东地区/ns的/ude1和平/n与/cc稳定/an。/wj
中国/ns一直/d致力/v于/p劝和/vi促/v谈/v，/wd积极/ad做/v有关/vn各方/r工作/vn。/wj
多次/mq参加/v伊朗/nsf核/n问题/n六/m国/n机制/n外长/n和/cc政治/n总/b司长/n会议/n，/wd以/p建设性/b姿态/n参与/v联合国安理会/nt和/cc国际/n原子能/n机构/n审议/v伊朗/nsf核/n问题/n的/ude1进程/n。/wj
2009年/t以来/f，/wd中国/ns相继/d与/p美国/nsf、/wn俄罗斯/nsf、/wn英国/ns、/wn德国/nsf、/wn巴西/nsf、/wn加拿大/nsf、/wn巴基斯坦/nsf、/wn韩国/nsf、/wn欧盟/n、/wn澳大利亚/nsf、/wn以色列/nsf等/udeng举行/v军控/vn与/cc防/v扩散/v磋商/vn，/wd继续/v加强/v与/cc有关/vn多/a国/n出口/vn管制/vn机制/n的/ude1对话/vn与/cc交流/vn。/wj
与/p“/wyz导弹/n及其/cc技术/n控制/vn制度/n”/wyy开展/v对话/vn并/cc参加/v了/ule其/rz技术/n专家/n外/f联会/n。/wj
在/p东盟/ns地区/n论坛/n框架/n下/f与/cc有关/vn国家/n合办/v防/v扩散/v与/cc裁军/vn会/v间/f会/v，/wd参加/v有关/vn生物/n安全/an和/cc生物/n反/vi恐/vg问题/n的/ude1讨论/vn。/wj
中国/ns高度/d重视/v防/v扩散/v出口/vn管制/vn工作/vn，/wd已/d建立/v起/vf一整套/mq涵盖/v核/n、/wn生物/n、/wn化学/n、/wn导弹/n等/udeng相关/vn敏感/a物/ng项/q和/cc技术/n及/cc所有/b军品/n的/ude1完备/a的/ude1出口/vn管制/vn法规/n体系/n。/wj
中国/ns的/ude1出口/vn管制/vn法规/n采取/v国际/n通行/vi的/ude1许可证/n管理/vn制度/n、/wn最终/b用户/n和/cc最终/b用途/n证明/v制度/n、/wn清单/n控制/vn方法/n、/wn全面/ad控制/v原则/n等/udeng。/wj
2009年/t，/wd商务部/n制定/v《/wkz两用/n物/ng项/q和/cc技术/n出口/vn通用/vn许可/vn管理/vn办法/n》/wky，/wd进一步/d完善/v出口/vn许可证/n管理/vn体系/n。/wj
中国/ns重视/v核/n安全/an问题/n，/wd反对/v核/n恐怖主义/n，/wd采取/v了/ule有效/a的/ude1核/n安全/an措施/n，/wd保持/v着/uzhe良好/a核/n安全/an纪录/n。/wj
中国/ns严格/ad履行/v核/n安全/an国际/n义务/n，/wd积极/ad参与/v国际/n核/n安全/an合作/vn，/wd将/d同/p有关/vn国家/n合作/vn在/p华/b建立/v核/n安全/an示范/vn中心/n。/wj
禁止/v化学/n、/wn生物武器/nl中国/ns认真/ad履行/v《/wkz禁止/v化学武器/nl公约/n》/wky的/ude1各项/r义务/n，/wd建立/v了/ule从/p中央/n到/v地方/n的/ude1各级/r履约/vn机构/n，/wd按时/d完整/ad提交/v各类/r年度/n宣布/v、/wn新/a发现/v日本/nsf遗弃/v在/p华/b化学武器/nl的/ude1后续/vn宣布/v及/cc年度/n国家/n防护/vn方案/n，/wd接待/v了/ule禁/v化武/n组织/v240/m多次/mq现场/s视察/v。/wj
中国/ns与/cc禁/v化武/n组织/n积极/ad开展/v合作/vn，/wd多次/mq联合/vd举办/v禁/v化武/n组织/v视察/v员/q培训班/n以及/cc防护/vn与/cc援助/vn培训班/n，/wd并/cc通过/p该/rz组织/n向/p非洲/nsf缔约国/n提供/v援助/vn。/wj
为/p推动/v日本/nsf履行/v销毁/v日/ng遗/vg化武/n义务/n，/wd中国/ns协助/v日本/nsf进行/vx了/ule150/m次/qv现场/s调查/vn和/cc挖掘/v、/wn回收/vn、/wn鉴别/vn作业/vn，/wd回收/v日/ng遗/vg化武/n近/a5万/m件/q，/wd并/cc于/p2010年/t10月/t在/p南京/ns开始/v销毁/v日/ng遗/vg化武/n。/wj
中国/ns敦促/v日本/nsf加大/v投入/vn，/wd加快/v日/ng遗/vg化武/n处理/vn进程/n。/wj
中国/ns支持/v旨在/v加强/v《/wkz禁止/v生物武器/nl公约/n》/wky有效性/n的/ude1多边/b努力/an，/wd致力/v于/p公约/n的/ude1全面/a、/wn严格/ad履约/vi，/wd建立/v了/ule较/d完备/a的/ude1履约/vn法律/n体系/n，/wd设立/v了/ule国家/n履约/vn联络点/n。/wj
每年/r按时/d向/p公约/n履约/vn支持/vn机构/n提交/v建立/v信任/vn措施/n宣布/v资料/n，/wd参加/v公约/n缔约国/n年会/n、/wn专家/n会/v和/cc相关/vn研讨会/n，/wd加强/v生物/n安全/an和/cc疫情/n监控/vn等/udeng工作/vn，/wd开展/v生物/n领域/n国际/n交流/vn与/cc合作/vn。/wj
防止/v外/f空/v军备/n竞赛/vn中国政府/nt一贯/b主张/n和平/ad利用/v外/f空/ng，/wd反对/v外/f空/v武器/n化/v和/cc外/f空/v军备/n竞赛/vn，/wd认为/v国际/n社会/n谈判/vn缔结/v相关/vn国际/n法律/n文书/n是/vshi防止/v外/f空/v武器/n化/v和/cc外/f空/v军备/n竞赛/vn的/ude1最佳/z途径/n。/wj
2008年/t2月/t，/wd中国/ns与/p俄罗斯/nsf共同/d向/p裁/v谈/v会/v提交/v了/ule“/wyz防止/v在/p外/f空/d放置/v武器/n、/wn对外/vd空/v物体/n使用/v或/c威胁/v使用/v武力/n条约/n”/wyy草案/n。/wj
2009年/t8月/t，/wd中/b俄/b共同/b提交/v工作/vn文件/n，/wd回应/v裁/v谈/v会/v各方/r对/p中/b俄/b外/f空/v条约/n草案/n的/ude1问题/n和/cc评论/vn。/wj
中国/ns希望/v各方/r早日/d就/d这/rzv一/m草案/n展开/v谈判/vn，/wd达成/v新/a的/ude1外/f空/v条约/n。/wj
常规武器/nl军控/v中国/ns严格/ad履行/v《/wkz特定/b常规武器/nl公约/n》/wky及其/cc议定书/n规定/n的/ude1各项/r义务/n，/wd按/p要求/n提交/v公约/n所/usuo附/v《/wkz地雷/n议定书/n》/wky年度/n履约/vn报告/n，/wd积极/ad参加/v集/vg束/q弹药/n问题/n政府/n专家组/n谈判/vn工作/vn。/wj
2010年/t4月/t，/wd中国/ns批准/v公约/n所/usuo附/v《/wkz战争/n遗留/vn爆炸物/n议定书/n》/wky。/wj
2009年/t以来/f，/wd中国/ns继续/v积极/ad参与/v国际/n人道主义/n扫雷/vn援助/vn，/wd为/p阿富汗/nsf、/wn伊拉克/nsf、/wn苏丹/nsf培训/vn扫雷/vn技术/n人员/n，/wd无偿/d向/p埃及/nsf、/wn阿富汗/nsf、/wn伊拉克/nsf、/wn苏丹/nsf和/cc斯里兰卡/nsf捐赠/v扫雷/vn器材/n，/wd向/p秘鲁/ns、/wn埃塞俄比亚/nsf提供/v“/wyz地雷/n受害者/n”/wyy援助/vn。/wj
