环境/n保护/vn与/cc应/v对/p气候/n变化/vn是/vshi全球/n面临/v的/ude1共同/b问题/n。/wj
在/p中非/ns合作/vn论坛/n框架/n下/f，/wd中国/ns与/p非洲/nsf国家/n共同/d召开/v中非/ns环保/n合作/vn会议/n，/wd实施/v中非/ns人力/n资源/n环境/n培训/vn计划/n，/wd成立/vi了/ule联合国/nt环境/n规划署/n中非/ns环境/n中心/n。/wj
中国政府/nt倡议/n建立/v中非/ns应/v对/p气候/n变化/vn伙伴/n关系/n，/wd在/p卫星/n气象/n监测/vn、/wn新/a能源/n开发/v利用/v、/wn沙漠化/vn防治/vn、/wn城市/n环境/n保护/vn等/udeng领域/n加强/v合作/vn。/wj
中国/ns与/p非洲/nsf国家/n就/p气候/n变化/vn国际/n谈判/vn等/udeng问题/n深入/ad交换/v意见/n，/wd维护/v发展中国家/nl的/ude1共同/b利益/n。/wj
中国/ns支持/v非洲/nsf在/p应/v对/p气候/n变化/vn方面/n的/ude1正当/a权利/n，/wd在/p长期/d减/v排/v目标/n等/udeng问题/n上/f最/d大/a限度/n照顾/v非/b方/b关切/vn。/wj
中方/n还/d承诺/v，/wd在/p资金/n问题/n上/f不/d与/p非洲/nsf争/v援助/vn，/wd并/cc将/d结合/v非洲/nsf实际/n需要/v，/wd从/p资金/n、/wn技术/n、/wn能力/n建设/vn等/udeng方面/n提供/v帮助/v。/wj
目前/t，/wd中国/ns已/d与/p部分/n非洲/nsf国家/n开展/v了/ule沼气/n技术/n、/wn水力发电/nl、/wn太阳能/n与/cc风能/n发电/vn等/udeng方面/n的/ude1合作/vn。/wj
七/m、/wn发挥/v中非/ns合作/vn论坛/n引/v领/v作用/n２０００年/t，/wd中国/ns与/p非洲/nsf国家/n共同/d创建/v了/ule中非/ns合作/vn论坛/n。/wj
论坛/n迄今/d召开/v了/ule四/m届/q部长级/b会议/n和/cc一/m届/q峰会/n，/wd建立/v了/ule部长级/b会议/n、/wn高官/n会/v、/wn企业家/n大会/n等/udeng多/m层次/n的/ude1对话/vn与/cc合作/vn机制/n。/wj
在/p中非/ns双方/n共同/d努力/an下/f，/wd中非/ns合作/vn论坛/n成为/v中非/ns集体/n对话/vi的/ude1重要/a平台/n和/cc务实/vn合作/vn的/ude1有效/a机制/n。/wj
中非/ns合作/vn论坛/n增强/v了/ule中非/ns政治/n互信/vn，/wd引/v领/v、/wn带动/v了/ule包括/v经贸/b合作/vn在内/u的/ude1中非/ns合作/vn，/wd不断/d丰富/v中非/ns关系/n内涵/n，/wd提升/v中非/ns关系/n水平/n。/wj
自/p２０００年/t中非/ns合作/vn论坛/n第一/m届/q部长级/b会议/n以来/f，/wd中方/n围绕/v着/uzhe中非/ns发展/v面临/v的/ude1机遇/n和/cc挑战/vn，/wd在/p长期/b合作/vn、/wn相互/d尊重/v、/wn平等/ad协商/v的/ude1基础/n上/f，/wd不断/d出台/vi新/a的/ude1经贸/b举措/n，/wd推动/v中非/ns经贸/b关系/n深入/ad发展/v。/wj
这些/rz经贸/b举措/n契合/v非洲/nsf发展/v需要/v，/wd体现/v了/ule中国政府/nt在/p中非/ns合作/vn上/f的/ude1务实/vn和/cc创新/vn精神/n。/wj
在/p第一/m届/q部长级/b会议/n上/f，/wd中方/n宣布/v减免/v非洲/nsf债务/n、/wn鼓励/v企业/n对/p非/b投资/vn和/cc培训/vn专业/n人才/n等/udeng措施/n。/wj
在/p２００３年/t第二/m届/q部长级/b会议/n上/f，/wd中方/n宣布/v增加/v对/p非/b援助/vn、/wn加强/v人力/n资源/n开发/vn合作/vn、/wn给予/vx与/p中国/ns建交/vi的/ude1非洲/nsf最/d不/d发达国家/nl部分/n输/v华/b产品/n免/v关税/n待遇/n等/udeng措施/n。/wj
在/p２００６年/t中非/ns合作/vn论坛/n北京/ns峰会/n和/cc第三/m届/q部长级/b会议/n上/f，/wd中方/n宣布/v了/ule旨在/v加强/v中非/ns务实/vi合作/vn、/wn支持/v非洲/nsf发展/v的/ude1８/m项/q举措/n，/wd包括/v扩大/v援助/vn规模/n、/wn提供/v优惠/vn性质/n贷款/n、/wn援建/v非洲/nsf联盟/n会议/n中心/n、/wn扩大/v免/v关税/n受惠/vi商品/n范围/n、/wn设立/v中非/ns发展/vn基金/n、/wn建设/vn境外/s经贸/b合作/vn区/n、/wn设立/v农业/n技术/n示范/vn中心/n和/cc疟疾/n防治/vn中心/n等/udeng。/wj
在/p中非/ns双方/n共同/d努力/an下/f，/wd这/rzv８/m项/q举措/n已/d在/p２００９年/t底/f前/f全面/ad落实/v。/wj
在/p２００９年/t举行/v的/ude1中非/ns合作/vn论坛/n第四/m届/q部长级/b会议/n上/f，/wd中方/n又/d宣布/v了/ule８/m项/q新/a举措/n，/wd涉及/v农业/n、/wn环境/n保护/vn、/wn促进/v投资/vn、/wn减免/v债务/n、/wn扩大/v市场/n准入/vn、/wn教育/vn、/wn医疗/n卫生/an等/udeng领域/n，/wd进一步/d突出/ad改善/v非洲/nsf民生/n、/wn加强/v农业/n合作/vn、/wn加大/v人力/n资源/n开发/vn合作/vn、/wn提高/v非洲/nsf自主/vd发展/v能力/n等/udeng内容/n。/wj
这些/rz举措/n，/wd立足/vi于/p帮助/v非洲/nsf国家/n解决/v当前/t的/ude1实际/n困难/an，/wd着眼/vi于/p帮助/v非洲/nsf实现/v可/v持续/vd发展/v，/wd进一步/d巩固/v非洲/nsf经济/n社会/n发展/vn的/ude1基础/n。/wj
中国/ns在/p中非/ns合作/vn论坛/n上/f提出/v的/ude1一/m系列/q经贸/b举措/n，/wd惠及/v所有/b与/p中国/ns建交/vi的/ude1非洲/nsf国家/n，/wd使/v非洲/nsf有关/vn国家/n和/cc人民/n得到/v了/ule实实在在/z的/ude1利益/n。/wj
今后/t，/wd中国政府/nt将/d继续/v本着/p互利/vi共/d赢/v、/wn友好/a协商/vn、/wn务实/vi高效/b的/ude1精神/n，/wd与/p非洲/nsf国家/n共同/d努力/an，/wd加强/v论坛/n框架/n内/f的/ude1经贸/b合作/vn，/wd推动/v中非/ns新型/b战略/n伙伴/n关系/n不断/d向/p深入/ad发展/v。/wj
结束语/n当前/t，/wd国际/n形势/n正/d处于/v大/a变革/vn、/wn大/a调整/vn时期/n，/wd由/p国际/n金融/n危机/n引发/v的/ude1世界/n经济/n衰退/vi仍/d未/d过去/vf，/wd粮食/n安全/an、/wn能源/n供给/vn、/wn气候/n变化/vn、/wn重大/a疾病/n防/v控/v等/udeng全球性/n问题/n日益/d突出/a，/wd世界/n经济/n领域/n的/ude1不/d确定/v因素/n明显/ad增多/v。/wj
中国/ns与/p非洲/nsf各国/rzs同/p属/v发展中国家/nl，/wd既/c面临/v加快/vd发展/v的/ude1难得/a机遇/n，/wd又/d面临/v纷繁/a复杂/a的/ude1全球性/n挑战/vn。/wj
中国/ns与/p非洲/nsf优势/n互补/vi，/wd共同/b利益/n不断/d扩大/v，/wd经贸/b合作/vn前景/n广阔/a。/wj
中国/ns将/d继续/v秉承/v平等互利/vl、/wn共同/b发展/vn的/ude1原则/n，/wd一如既往/vl地/ude2推动/v双边/n及/cc多边/b框架/n下/f的/ude1中非/ns经贸/b往来/vn，/wd拓宽/v合作/vn领域/n，/wd创新/vn合作/vn方式/n，/wd共享/v发展/vn成果/n。/wj
随着/p经济/n全球化/vn的/ude1深入/a发展/vn，/wd通过/p中国/ns与/p非洲/nsf人民/n的/ude1共同/b努力/an，/wd中非/ns经贸/b合作/vn一定/d会/v向/p更/d大/a规模/n、/wn更/d宽/a领域/n和/cc更/d高/a层次/n不断/d发展/v，/wd为/p中非/ns全面/ad合作/v注入/v新/a的/ude1生机/n与/cc活力/n，/wd为/p建设/v一个/mq持久/a和平/n、/wn共同/d繁荣/a的/ude1和谐/a世界/n作出/v更/d大/a贡献/n。/wj
附录/n附录/n１/m中非/ns合作/vn论坛/n北京/ns峰会/n中国/ns承诺/v的/ude1８/m项/q举措/n１./m扩大/v对/p非/b援助/vn规模/n，/wd到/p２００９年/t使/v中国/ns对/p非洲/nsf国家/n的/ude1援助/vn规模/n比/p２００６年/t增加/v１/m倍/q。/wj
２./m３/m年/qt内/f向/p非洲/nsf国家/n提供/v３０亿/m美元/q的/ude1优惠/vn贷款/n和/cc２０亿/m美元/q的/ude1优惠/vn出口/vn买方/n信贷/n。/wj
中华人民共和国/ns国务院/nt新闻/n办公室/n二/m○/w一一年/t十一月/t十六日/t北京/ns前/f?/ww
言/vg贫困/a是/vshi世界/n各国/rzs和/cc国际/n社会/n面临/v的/ude1挑战/vn。/wj
促进/v发展/vn，/wd消除/v贫困/an，/wd实现/v共同/d富裕/a，/wd是/vshi人类/n孜孜以求/bl的/ude1理想/n。/wj
中国/ns是/vshi世界/n上/f人口/n最/d多/a的/ude1发展中国家/nl，/wd发展/v基础/n差/a、/wn底子/n薄/a，/wd不/d平/a现象/n突出/a。/wj
特别/d是/vshi农村/n贫困/a人口/n多/a，/wd解决/v贫困/a问题/n的/ude1难度/n很/d大/a。/wj
中国/ns的/ude1减/v贫/ag，/wd在/p很/d大/a程度/n上/f就/d是/vshi解决/v农村/n的/ude1贫困/a问题/n。/wj
中国政府/nt始终/d将/d减缓/v贫困/an作为/v国家/n发展/vn的/ude1重要/a目标/n和/cc任务/n，/wd坚持/v以/p人/n为/p本/rz，/wd努力/ad使/v经济/n社会/n发展/vn成果/n惠及/v全体/n人民/n。/wj
20/m世纪/n80/m年代/n中期/f以来/f，/wd中国政府/nt开始/v有/vyou组织/n、/wn有/vyou计划/n、/wn大规模/b地/ude2开展/v农村/n扶贫/vn开发/vn，/wd先后/d制定/v实施/v《/wkz国家/n八七/m扶贫/vn攻坚/vn计划/n》/wky(/wkz1994—2000/m年/qt)/wky、/wn《/wkz中国/ns农村/n扶贫/vn开发/vn纲要/n(/wkz2001—2010/m年/qt)/wky》/wky、/wn《/wkz中国/ns农村/n扶贫/vn开发/vn纲要/n(/wkz2011—2020/m年/qt)/wky》/wky等/udeng减/v贫/ag规划/n，/wd使/v扶贫/vi减/v贫/ag成为/v全/a社会/n的/ude1共识/n和/cc行动/vn。/wj
中国/ns的/ude1农村/n扶贫/vn开发/vn，/wd促进/v了/ule社会/n和谐/an稳定/an和/cc公平/a正义/n，/wd推动/v了/ule中国/ns人权/n事业/n的/ude1发展/vn和/cc进步/vn。/wj
减/v贫/ag是/vshi人类/n社会/n的/ude1共同/b事业/n，/wd中国/ns的/ude1扶贫/vn开发/vn是/vshi全球/n减/v贫/ag事业/n的/ude1重要/a组成部分/nl。/wj
