一/m、/wn减缓/v气候/n变化/vn“/wyz十一五/m”/wyy期间/f，/wd中国/ns加快/v转变/vn经济/n发展/vn方式/n，/wd通过/p调整/vn产业/n结构/n和/cc能源/n结构/n、/wn节约/v能源/n提高/v能/v效/ng、/wn增加/v碳/ng汇/v等/udeng多种/m途径/n控制/vn温室/n气体/n排放/vn，/wd取得/v了/ule显著/a成效/n。/wj
(/wkz一/m)/wky优化/v产业/n结构/n改造/vn提升/vn传统/n产业/n。/wj
制定/v和/cc发布/v汽车/n、/wn钢铁/n等/udeng十/m大/a重点/n产业/n调整/vn和/cc振兴/vn规划/n，/wd修订/v《/wkz产业/n结构/n调整/vn指导/vn目录/n》/wky，/wd出台/vi《/wkz关于/p抑制/v部分/m行业/n产能/vn过剩/vn和/cc重复/vn建设/vn引导/vn产业/n健康/ad发展/v的/ude1若干/m意见/n》/wky。/wj
提高/v高耗能/n行业/n准入/vn门槛/n，/wd对/p固定资产/nl投资/vn项目/n进行/vx节能/vn评估/vn和/cc审查/vn，/wd加强/v传统/n产业/n的/ude1技术/n改造/vn和/cc升级/vn，/wd促进/v企业/n兼并/vn重组/vn，/wd调整/v出口/vn退税/vn政策/n，/wd对/p煤炭/n、/wn部分/n有色金属/n、/wn钢坯/n和/cc化肥/n等/udeng产品/n征收/vn出口/vn关税/n，/wd抑制/v高耗能/n、/wn高/a排放/vn和/cc资源性/n产品/n出口/vn。/wj
推动/v可/v再生/vn能源/n和/cc新/a能源/n开发/v利用/v技术/n、/wn智能/n电网/n关键/a技术/n等/udeng领域/n的/ude1技术/n研发/v。/wj
开展/v温室/n气体/n提高/v石油/n采收率/n的/ude1资源/n化/k利用/v及/cc地下/s埋/v存/v、/wn咸/a水层/n封存/vi能力/n评价/vn及/cc安全性/n、/wn新型/b高效/b吸附/vn材料/n的/ude1制备/v筛选/v等/udeng研发/v工作/vn。/wj
在/p“/wyz十一五/m”/wyy科技/n支撑/vn计划/n中/f部署/v气候/n变化/vn影响/vn与/cc适应/v的/ude1关键/n技术/n研究/vn、/wn典型/n脆弱/a区域/n气候/n变化/vn适应/v技术/n示范/vn等/udeng项目/n专题/n，/wd在/p碳/n排放/vn监测/vn方面/n组织/v开展/v嗅/v碳/n卫星/n研究/vn。/wj
通过/p“/wyz863/m”/wyy计划/n和/cc支撑/vn计划/n，/wd设立/v了/ule主要/b农林/n生态/n系统/n固/ag碳/ng减/v排/v技术/n研究/vn与/cc示范/vn、/wn林业/n生态/n建设/vn关键/n技术/n研究/vn与/cc示范/vn、/wn农业/n重大/a气候/n灾害/n监测/vn预警/vn与/cc调控/vn技术/n研究/vn等/udeng项目/n。/wj
实施/v国家/n科技/n支撑/vn计划/n项目/n《/wkz重点/n行业/n节能/vi减/v排/v技术/n评估/vn与/cc应用/vn研究/vn》/wky。/wj
2010年/t国家/n工程/n研究/vn(/wkz技术/n)/wky中心/n、/wn国家/n工程/n实验室/n分别/d达到/v288/m个/q和/cc91/m个/q。/wj
加强/v气候/n变化/vn战略/n和/cc政策/n研究/vn。/wj
围绕/v“/wyz十二五/m”/wyy应/v对/p气候/n变化/vn重点/n任务/n，/wd研究/v应/v对/p气候/n变化/vn的/ude1长远/a战略/n，/wd开展/v中国/ns低/a碳/n发展/vn战略/n、/wn全国/n适应/v气候/n变化/vn总体/n战略/n、/wn碳/n排放/vn交易/vn机制/n、/wn国内外/s应/v对/p气候/n变化/vn相关/vn法律/n法规/n等/udeng研究/vn。/wj
启动/v中国/ns应/v对/p气候/n变化/vn科技/n专项/b行动/vn，/wd总/d投入/v经费/n约/d1./m1亿/m人民币/n，/wd开展/v中国/ns绿色/n发展/vn的/ude1重大/a战略/n及/cc技术/n问题/n等/udeng相关/vn研究/vn。/wj
(/wkz五/m)/wky加强/v教育/vn培训/vn将/p气候/n变化/vn内容/n逐步/d纳入/v国家/n教育/vn体系/n。/wj
中/b、/wn高等院校/n加强/v环境/n和/cc气候/n变化/vn教育/vn，/wd陆续/d建立/v环境/n和/cc气候/n变化/vn相关/vn专业/n，/wd加强/v气候/n变化/vn教育/vn科研/n基地/n建设/vn，/wd为/p培养/v气候/n变化/vn领域/n专业/n人才/n发挥/v了/ule积极/a作用/n。/wj
加强/v对/p领导/n干部/n气候/n变化/vn知识/n的/ude1培训/vn。/wj
通过/p举办/v集体/n学习/v、/wn讲座/n、/wn报告会/n等/udeng形式/n，/wd有效/ad提高/v各级/r领导/n干部/n气候/n变化/vn意识/n和/cc科学/n管理/vn水平/n。/wj
中央政府/n有关/vn部门/n举办/v了/ule气候/n变化/vn、/wn可/v持续/vd发展/v和/cc环境/n管理/vn培训班/n、/wn应/v对/p气候/n变化/vn省级/b决策者/n能力/n建设/vn培训班/n、/wn地方/n政府/n官员/n清洁/a发展/vn机制/n管理/vn能力/n建设/vn培训班/n、/wn适应/v气候/n变化/vn能力/n建设/vn培训/vn研讨班/n、/wn省级/b温室/n气体/n清单/n编制/vn能力/n建设/vn培训班/n等/udeng。/wj
地方/n政府/n也/d积极/ad开展/v了/ule气候/n变化/vn相关/vn培训/vn。/wj
四/m、/wn全/a社会/n参与/v中国/ns积极/ad宣传/v应/v对/p气候/n变化/vn科学/n知识/n，/wd提高/v公众/n的/ude1低/a碳/n发展/vn意识/n，/wd注重/v发挥/v民间/n组织/n、/wn媒体/n等/udeng各/rz方面/n的/ude1积极性/n，/wd采取/v多种/m渠道/n和/cc手段/n引导/v全民/n积极/ad参与/v应/v对/p气候/n变化/vn行动/vn。/wj
(/wkz一/m)/wky政府/n积极/ad引导/v从/p2008年/t开始/v，/wd每年/r编写/v出版/v《/wkz中国/ns应/v对/p气候/n变化/vn的/ude1政策/n与/cc行动/vn》/wky年度/n报告/n，/wd全面/ad介绍/v中国/ns在/p应/v对/p气候/n变化/vn领域/n的/ude1政策/n与/cc进展/vn。/wj
组织/v开展/v“/wyz节能/vn宣传周/n”/wyy系列/n活动/vn，/wd普及/v节能/vi减/v排/v与/p气候/n变化/vn知识/n。/wj
利用/v世界/n环境/n日/b、/wn世界/n气象/n日/b、/wn世界/n地球/n日/b、/wn世界/n海洋/n日/b、/wn世界/n无/v车/n日/b、/wn全国/n防灾/vn减灾/vn日/b、/wn全国/n科普/b日/b等/udeng主题/n日/ng，/wd积极/ad开展/v气候/n变化/vn科普/b宣传/vn。/wj
北京/ns、/wn天津/ns、/wn贵阳/ns等/udeng一些/mq地方/n政府/n通过/p举办/v气候/n变化/vn、/wn节能/vn环保/n等/udeng领域/n的/ude1大型/b国际/n研讨会/n、/wn论坛/n和/cc展览/vn等/udeng活动/vn，/wd加强/v与/p世界/n各国/rzs在/p低/a碳/n发展/vn方面/n的/ude1经验/n交流/vn，/wd增强/v公众/n应/v对/p气候/n变化/vn和/cc节能/vn低/a碳/n的/ude1意识/n。/wj
充分/ad发挥/v报纸/n、/wn广播/vn、/wn电视/n、/wn杂志/n等/udeng传统/n媒体/n和/cc互联网/n、/wn手机/n等/udeng新/a媒体/n的/ude1作用/n，/wd加强/v应/v对/p气候/n变化/vn和/cc节能/vn低/a碳/n的/ude1宣传/vn教育/vn。/wj
(/wkz二/m)/wky民间/n组织/n积极/ad行动/vi中国/ns国土/n经济/n学会/v开展/v低/a碳/n国土/n实验/vn区/n创建/vn活动/vn，/wd中华/nz环保/n联合会/n和/cc中国/ns旅游/vn协会/n在/p48/m家/q旅游/vn景区/n开展/v首/m批/q全国/n低/a碳/n旅游/vn试验区/n试点/vn，/wd中国/ns钢铁/n工业/n协会/n与/p全国总工会/nt组织/v开展/v全国/n重点/n大型/b耗/v能/v钢铁/n生产/vn设备/n节能/vi降耗/v对/p标/v竞赛/vn活动/vn。/wj
中国/ns节能/vn协会/n等/udeng举办/v气候/n变化/vn与/cc低/a碳/n经济/n发展/vn媒体/n高层/n论坛/n。/wj
中国/ns煤炭/n协会/n、/wn中国/ns有色金属/n工业/n协会/n、/wn中国/ns石油/n和/cc化学工业/nl协会/n、/wn中国/ns建筑/n材料/n联合会/n、/wn中国/ns电力/n企业/n联合会/n等/udeng在/p行业/n节能/vn规划/n、/wn节能/vn标准/n的/ude1制定/vn和/cc实施/v、/wn节能/vn技术/n推广/vn、/wn能源/n消费/vn统计/vn、/wn节能/vn宣传/vn培训/vn和/cc信息/n咨询/vn等/udeng方面/n发挥/v了/ule重要/a作用/n。/wj
一些/mq民间/n公益/n组织/n也/d积极/ad开展/v宣传/vn教育/vn活动/vn，/wd提高/v了/ule公众/n应/v对/p气候/n变化/vn意识/n。/wj
(/wkz三/m)/wky新闻/n媒体/n大力/d宣传/v中国/ns媒体/n不断/d加大/v应/v对/p气候/n变化/vn与/cc节能/vn低/a碳/n宣传/v报道/v力度/n。/wj
编写/v并/cc出版/v了/ule一/m系列/q气候/n变化/vn与/cc气象/n灾害/n防御/vn的/ude1科普/b宣传/vn画册/n，/wd制作/v了/ule《/wkz面对/v气候/n变化/vn》/wky、/wn《/wkz变/v暖/a的/ude1地球/n》/wky、/wn《/wkz关注/v气候/n变化/vn》/wky、/wn《/wkz环球/nz同/p此/rzs凉/v热/a》/wky等/udeng影视片/n，/wd及时/ad跟踪/v报道/v全球/n应/v对/p气候/n变化/vn的/ude1热点/n新闻/n，/wd积极/ad介绍/v中国/ns应/v对/p气候/n变化/vn的/ude1政策/n、/wn行动/vn和/cc进展/vn，/wd倡导/v低/a碳/n生活/vn理念/n，/wd增进/v社会/n各界/rz对/p气候/n变化/vn的/ude1了解/vn和/cc认识/n，/wd展示/v中国/ns在/p应/v对/p气候/n变化/vn方面/n付出/v的/ude1努力/an和/cc取得/v的/ude1成就/n。/wj
(/wkz四/m)/wky公众/n广泛/ad参与/v中国/ns公众/n以/p实际/n行动/vn积极/ad应/v对/p气候/n变化/vn，/wd广泛/ad参与/v自备/v购物/vi袋/ng、/wn双面/b使用/vn纸张/n、/wn控制/vn空调/n温度/n、/wn不/d使用/v一次性/b筷子/n、/wn购买/v节能/vn产品/n、/wn低/a碳/n出行/vi、/wn低/a碳/n饮食/n、/wn低/a碳/n居住/v等/udeng节能/vn低/a碳/n活动/vn，/wd从/p日常/b生活/vn衣/ng、/wn食/ng、/wn住/vi、/wn行/ng、/wn用/v等/udeng细微/a之/uzhi处/n，/wd实践/v低/a碳/n生活/vn消费/vn方式/n。/wj
