一/m、/wn中国/ns特色/n社会主义/n法律/n体系/n的/ude1形成/v中国/ns特色/n社会主义/n法律/n体系/n是/vshi在/p中国共产党/nt领导/n下/f，/wd适应/v中国/ns特色/n社会主义/n建设/vn事业/n的/ude1历史/n进程/n而/cc逐步/d形成/v的/ude1。/wj
建国/vi初期/f，/wd中华人民共和国/ns面临/v着/uzhe组建/v和/cc巩固/v新生/n政权/n、/wn恢复/v和/cc发展/vn国民经济/n、/wn实现/v和/cc保障/vn人民/n当家作主/vl的/ude1艰巨/a任务/n。/wj
根据/p政权/n建设/vn的/ude1需要/n，/wd从/p1949年/t到/p1954年/t第一/m届/q全国/n人民/n代表大会/n召开/v前/f，/wd中国/ns颁布/v实施/v了/ule具有/v临时/b宪法/n性质/n的/ude1《/wkz中国人民政治协商会议/nz共同纲领/n》/wky，/wd制定/v了/ule中央/n人民政府/nl组织法/n、/wn工会/n法/b、/wn婚姻/n法/b、/wn土地改革/nl法/n、/wn人民法院/nl暂行/b组织/n条例/n、/wn最高/a人民/n检察署/n暂行/b组织/n条例/n、/wn惩治/v反革命/n条例/n、/wn妨害/v国家/n货币/n治罪/v暂行/b条例/n、/wn惩治/v贪污/v条例/n、/wn全国/n人民/n代表大会/n和/cc地方/n各级/r人民/n代表大会/n选举法/n以及/cc有关/vn地方/n各级/r人民政府/nl和/cc司法/n机关/n的/ude1组织/n、/wn民族/n区域/n自治/vn和/cc公私/n企业/n管理/vn、/wn劳动/vn保护/vn等/udeng一/m系列/q法律/n、/wn法令/n，/wd开启/v了/ule新/a中国/ns民主/a法制/n建设/vn的/ude1历史/n进程/n。/wj
1954年/t，/wd第一/m届/q全国/n人民/n代表大会/n第一/m次/qv会议/n召开/v，/wd通过/v了/ule新/a中国/ns第一/m部/q宪法/n，/wd确立/v了/ule人民/n民主/an和/cc社会主义/n原则/n，/wd确立/v了/ule人民/n代表大会/n的/ude1根本/a政治/n制度/n，/wd规定/v了/ule公民/n的/ude1基本/a权利/n和/cc义务/n，/wd同时/c制定/v了/ule全国/n人民/n代表大会/n组织法/n、/wn国务院/nt组织法/n、/wn地方/n各级/r人民/n代表大会/n和/cc地方/n各级/r人民/n委员会/n组织法/n、/wn人民/n法院/n组织法/n、/wn人民/n检察院/n组织法/n，/wd确立/v了/ule国家/n生活/vn的/ude1基本/a原则/n。/wj
1956年/t，/wd中国共产党/nt第八/m次/qv全国/n代表大会/n提出/v，/wd“/wyz国家/n必须/d根据/p需要/v，/wd逐步/d地/ude2系统/a地/ude2制定/v完备/a的/ude1法律/n”/wyy。/wj
此后/t至/p1966年/t“/wyz文化大革命/nz”/wyy前/f，/wd中国/ns立法/vn机关/n共/d制定/v法律/n、/wn法令/n130/m多/m部/q。/wj
这个/rz时期/n的/ude1民主/a法制/n建设/vn，/wd为/p建设/v中国/ns特色/n社会主义/n法律/n体系/n提供/v了/ule宝贵/a经验/n。/wj
“/wyz文化大革命/nz”/wyy期间/f，/wd中国/ns的/ude1民主/a法制/n建设/vn遭到/v严重/ad破坏/v，/wd立法/vn工作/vn几乎/d陷于/v停顿/vi。/wj
1978年/t，/wd中国共产党/nt十一/m届/q三中全会/n深刻/ad总结/v建国/vi以来/f正反/b两/m方面/n的/ude1经验/n教训/n，/wd作出/v了/ule把/pba党/n和/cc国家/n工作/vn重点/n转移/v到/v经济/n建设/vn上/f来/vf、/wn实行/v改革/v开放/v的/ude1历史性/n决策/vn，/wd并/cc提出/v“/wyz为了/p保障/vn人民/n民主/an，/wd必须/d加强/v社会主义/n法制/n，/wd使/v民主/ad制度化/vi、/wn法律化/vn，/wd使/v这种/r制度/n和/cc法律/n具有/v稳定性/n、/wn连续性/n和/cc极大/a的/ude1权威/n，/wd做到/v有法可依/vl、/wn有法必依/vl、/wn执法必严/vl、/wn违法必究/vl”/wyy。/wj
这次/r会议/n开启/v了/ule中国/ns改革/vn开放/vn和/cc社会主义/n民主/an法制/n建设/vn的/ude1历史/n新/a时期/n。/wj
这个/rz时期/n立法/vn工作/vn的/ude1重点/n是/vshi，/wd恢复/v和/cc重建/vn国家/n秩序/n，/wd实行/v和/cc推进/vi改革/v开放/v。/wj
1979年/t，/wd第五/m届/q全国/n人民/n代表大会/n第二/m次/qv会议/n通过/v了/ule修改/vn宪法/n若干/m规定/n的/ude1决议/n，/wd规定/v县/n和/cc县/n以上/f的/ude1地方/n各级/r人民/n代表大会/n设立/v常务/b委员会/n，/wd将/p县级/b人民/n代表大会/n代表/n改/vd为/v由/p选民/n直接/ad选举/v等/udeng，/wd同时/c制定/v了/ule全国/n人民/n代表大会/n和/cc地方/n各级/r人民/n代表大会/n选举法/n、/wn地方/n各级/r人民/n代表大会/n和/cc地方/n各级/r人民政府/nl组织法/n、/wn人民/n法院/n组织法/n、/wn人民/n检察院/n组织法/n、/wn刑法/n、/wn刑事诉讼法/n、/wn中外合资/nl经营/vn企业/n法/n等/udeng7/m部/q法律/n，/wd拉开/v了/ule新/a时期/n中国/ns大规模/b立法/vn工作/vn的/ude1序幕/n。/wj
1982年/t，/wd适应/v国家/n经济/n、/wn政治/n、/wn文化/n、/wn社会/n生活/vn等/udeng各/rz方面/n发生/v的/ude1巨大/a变化/vn，/wd第五/m届/q全国/n人民/n代表大会/n第五/m次/qv会议/n通过/v了/ule现行/b宪法/n，/wd确立/v了/ule国家/n的/ude1根本/a制度/n、/wn根本/a任务/n和/cc国家/n生活/vn的/ude1基本/a原则/n，/wd为/p新/a时期/n改革/vn开放/vn和/cc社会主义/n现代化/vn建设/vn提供/v了/ule根本/a保障/vn，/wd标志/v着/uzhe中国/ns民主/a法制/n建设/vn进入/v新/a的/ude1历史/n阶段/n。/wj
随着/p改革/v开放/v的/ude1深入/ad推进/vi和/cc经济/n社会/n的/ude1深刻/a变化/vn，/wd中国/ns先后/d于/p1988年/t、/wn1993年/t、/wn1999年/t和/cc2004年/t对/p宪法/n的/ude1部分/n内容/n进行/vx修改/vn，/wd确认/v了/ule非公有制/b经济/n在/p国家/n经济/n中/f的/ude1重要/a地位/n，/wd将/p国家/n“/wyz实行/v社会主义/n市场经济/n”/wyy、/wn“/wyz实行/v依法/d治国/vi，/wd建设/vn社会主义/n法治/n国家/n”/wyy、/wn“/wyz尊重/v和/cc保障/vn人权/n”/wyy、/wn“/wyz公民/n的/ude1合法/a的/ude1私有/vn财产/n不/d受/v侵犯/v”/wyy以及/cc“/wyz中国共产党/nt领导/n的/ude1多/a党/n合作/vn和/cc政治/n协商/vn制度/n将/d长期/d存在/v和/cc发展/vn”/wyy等/udeng内容/n写入/v宪法/n，/wd推动/v了/ule中国/ns经济/n、/wn政治/n、/wn文化/n和/cc社会/n等/udeng各/rz方面/n的/ude1发展/vn和/cc进步/vn。/wj
这个/rz时期/n，/wd适应/v以/p经济/n建设/vn为/p中心/n、/wn推进/vi改革/v开放/v的/ude1需要/n，/wd制定/v了/ule民法/n通则/n、/wn全民/n所有制/n工业/n企业/n法/b、/wn中外/b合作/vn经营/vn企业/n法/b、/wn外资/n企业/n法/b、/wn专利/n法/b、/wn商标法/n、/wn著作权/n法/b、/wn经济/n合同法/n、/wn企业/n破产/vn法/n等/udeng法律/n；/wf贯彻/v落实/v“/wyz一国两制/n”/wyy方针/n，/wd制定/v了/ule香港特别行政区/ns基本法/n、/wn澳门特别行政区/ns基本法/n；/wf加强/v民族/n团结/an，/wd发展/v社会主义/n民主/an，/wd维护/v公民/n合法/a权益/n，/wd制定/v了/ule民族/n区域/n自治法/n、/wn村民/n委员会/n组织法/n、/wn刑事诉讼法/n、/wn民事/b诉讼法/n、/wn行政诉讼法/n等/udeng法律/n；/wf保护/v和/cc改善/vn生活/vn环境/n与/cc生态/n环境/n，/wd制定/v了/ule环境/n保护法/n、/wn水污染/n防治/vn法/n、/wn大气/n污染/vn防治/vn法/n等/udeng法律/n；/wf促进/v教育/vn和/cc文化/n事业/n发展/vn，/wd制定/v了/ule义务教育/nl法/n、/wn文物/n保护法/n等/udeng法律/n。/wj
这个/rz时期/n立法/vn工作/vn取得/v的/ude1突出/a成就/n，/wd为/p中国/ns特色/n社会主义/n法律/n体系/n的/ude1形成/v奠定/v了/ule重要/a基础/n。/wj
1992年/t，/wd中国共产党/nt第十四/m次/qv全国/n代表大会/n作出/v了/ule建立/v社会主义/n市场经济/n体制/n的/ude1重大/a战略/n决策/vn，/wd明确/ad提出/v社会主义/n市场经济/n体制/n的/ude1建立/vn和/cc完善/v必须/d有/vyou完备/a的/ude1法制/n来/vf规范/v和/cc保障/vn。/wj
中国/ns立法/vn机关/n按照/p建立/v社会主义/n市场经济/n体制/n的/ude1要求/n，/wd加快/v经济/n立法/vn，/wd在/p规范/v市场/n主体/n、/wn维护/v市场/n秩序/n、/wn加强/v宏观/n调控/vn、/wn促进/v对外开放/vl等/udeng方面/n，/wd制定/v了/ule公司/n法/b、/wn合伙/vn企业/n法/b、/wn商业/n银行法/n、/wn乡镇企业/n法/b、/wn反/vi不/d正当/a竞争/vn法/n、/wn消费者/n权益/n保护法/n、/wn产品/n质量/n法/b、/wn拍卖/vn法/n、/wn担保/vn法/n、/wn海商法/n、/wn保险法/n、/wn票据/n法/b、/wn城市/n房地产/n管理/vn法/n、/wn广告/n法/b、/wn注册/vn会计师/n法/b、/wn仲裁/vn法/n、/wn审计/vn法/n、/wn预算法/n、/wn中国/ns人民/n银行法/n、/wn对外贸易/nl法/n、/wn劳动法/n等/udeng法律/n。/wj
为/p完善/v刑事/b法律/n，/wd修订/v刑法/n，/wd形成/v了/ule一/m部/q统一/a的/ude1、/wn比较/d完备/a的/ude1刑法/n；/wf修改/v刑事诉讼法/n，/wd完善/v了/ule刑事/b诉讼/vn程序/n；/wf为/p规范/n和/cc监督/vn权力/n的/ude1行使/v，/wd制定/v了/ule行政处罚法/n、/wn国家/n赔偿/vn法/n、/wn法官/n法/b、/wn检察官/n法/b、/wn律师/n法/n等/udeng法律/n；/wf为/p进一步/d加强/v对/p环境/n和/cc资源/n的/ude1保护/vn，/wd制定/v了/ule固体/n废物/n污染/vn环境/n防治/vn法/n等/udeng法律/n，/wd修改/v了/ule矿产/n资源法/n等/udeng法律/n。/wj
1997年/t，/wd随着/p社会主义/n市场经济/n体制/n的/ude1逐步/d建立/v、/wn对外开放/vl水平/n的/ude1不断/d提高/v、/wn民主/a法制/n建设/vn的/ude1深入/ad推进/vi和/cc各项/r事业/n的/ude1全面/ad发展/v，/wd为/v把/pba中国/ns特色/n社会主义/n事业/n全面/ad推向/v21/m世纪/n，/wd中国共产党/nt第十五/m次/qv全国/n代表大会/n提出/v了/ule21/m世纪/n第一/m个/q十/m年/qt国民经济/n和/cc社会/n发展/vn的/ude1远景/n目标/n，/wd确立/v了/ule“/wyz依法/d治国/vi，/wd建设/vn社会主义/n法治/n国家/n”/wyy的/ude1基本/a方略/n，/wd明确/ad提出/v到/p2010年/t形成/v中国/ns特色/n社会主义/n法律/n体系/n。/wj
