六/m、/wn军事/n法制/n中国/ns武装力量/nl遵守/v宪法/n和/cc法律/n，/wd贯彻/v依法/d治军/vi方针/n，/wd加强/v军事/n法制/n建设/vn，/wd保障/v和/cc推动/v国防/n和/cc军队/n建设/vn沿着/p法制化/vn轨道/n前进/vi。/wj
军事/n法规/n体系/n建设/vn制定/v和/cc修改/v一/m批/q重要/a军事/n法律/n法规/n。/wj
两/m年/qt来/f，/wd全国人大常委会/nt审议/v通过/p《/wkz中华人民共和国/ns人民/n武装/vn警察/n法/b》/wky、/wn《/wkz中华人民共和国/ns国防/n动员/v法/b》/wky和/cc新/a修订/vn的/ude1《/wkz中华人民共和国/ns预备役/n军官/n法/b》/wky。/wj
中共中央/nt、/wn中央军委/nt批准/v发布/v新/a修订/vn的/ude1《/wkz中国人民解放军/nt政治/n工作/vn条例/n》/wky。/wj
中央军委/nt发布/v施行/v新/a修订/vn的/ude1《/wkz中国人民解放军/nt内务/n条令/n》/wky、/wn《/wkz中国人民解放军/nt纪律/n条令/n》/wky、/wn《/wkz中国人民解放军/nt队列/n条令/n》/wky和/cc新/a一代/n司令部/n工作/vn条例/n。/wj
经/p中央军委/nt批准/v，/wd总参谋部/n、/wn总政治部/n、/wn总后勤部/n、/wn总装备部/nt发布/v施行/v新/a修订/vn的/ude1《/wkz军队/n基层/n建设/vn纲要/n》/wky，/wd总政治部/n发布/v施行/v《/wkz中国人民解放军/nt思想/n政治/n教育/vn大纲/n》/wky。/wj
国务院/nt、/wn中央军委/nt联合/vd公布/v施行/v《/wkz军服/n管理/vn条例/n》/wky、/wn《/wkz武器/n装备/n质量/n管理/vn条例/n》/wky及/cc新/a修订/vn的/ude1《/wkz中国人民解放军/nt现役/b士兵/n服役/vn条例/n》/wky，/wd各/rz总部/n、/wn军兵种/n、/wn军区/n和/cc武警/n部队/n发布/v施行/v一/m批/q军事/n规章/n。/wj
截至/v2010年/t12月/t，/wd全国人大/nt及其/cc常务/b委员会/n制定/v的/ude1国防/n和/cc军事/n方面/n的/ude1法律/n及/cc有关/vn法律/n问题/n的/ude1决定/n17/m件/q，/wd国务院/nt、/wn中央军委/nt联合/vd制定/v的/ude1军事/n行政/n法规/n97/m件/q，/wd中央军委/nt制定/v的/ude1军事/n法规/n224/m件/q，/wd各/rz总部/n、/wn军兵种/n、/wn军区/n和/cc武警/n部队/n制定/v的/ude1军事/n规章/n3000/m多/m件/q。/wj
开展/v军事/n法律/n法规/n规章/n清理/vn汇编/n工作/vn。/wj
根据/p全国人大常委会/nt工作/vn部署/vn，/wd2008年/t中央军委/nt法制/n机构/n组织/v各/rz总部/n、/wn军兵种/n和/cc武警/n部队/n法制/n工作/vn部门/n开展/v了/ule国防/n、/wn军事/n方面/n法律/n清理/vn工作/vn。/wj
国际/n军事/n竞争/vn依然/d激烈/a。/wj
主要/b国家/n加紧/vd调整/v安全/an和/cc军事/n战略/n，/wd加快/v军事/n改革/vn步伐/n，/wd大力/d发展/v军事/n高新技术/n。/wj
一些/mq大国/n制定/v外层/n空间/n、/wn网络/n和/cc极地/n战略/n，/wd发展/v全球/n快速/d打击/v手段/n，/wd加速/vd反/vi导/vg系统/n建设/vn，/wd增强/v网络/n作战/vn能力/n，/wd抢占/v新/a的/ude1战略/n制高点/n。/wj
部分/n发展中国家/nl保持/v强/a军/n势头/n，/wd推进/vi军队/n现代化/vn。/wj
国际/n军控/vn进程/n有所/v推进/vi，/wd但/c防止/v大规模/b杀伤性/n武器/n扩散/v形势/n错综复杂/vl，/wd维护/v和/cc加强/v国际/n防/v扩散/v机制/n任重道远/vl。/wj
亚太地区/n安全/an形势/n总体/n稳定/an。/wj
亚洲/ns率先/d实现/v经济/n复苏/vi，/wd整体/n崛起/vn态势/n进一步/d巩固/v。/wj
亚洲/ns各国/rzs抓住/v经济/n全球化/vn和/cc区域/n经济/n一体化/vn机遇/n，/wd致力/v于/p促进/v经济/n发展/vn和/cc地区/n稳定/an，/wd利益/n共同体/n和/cc命运/n共同体/n意识/n增强/v；/wf坚持/v多边/b主义/n和/cc开放/v的/ude1地区/n主义/n，/wd积极/ad发展/v与/p域/n内外/f国家/n的/ude1双边/n多边/b合作/vn，/wd努力/ad建设/v具有/v地区/n特色/n的/ude1经济/n与/cc安全/an合作/vn机制/n。/wj
上海/ns合作/vn组织/n在/p促进/v地区/n稳定/an和/cc发展/vn方面/n影响/vn增强/v，/wd东盟/ns共同体/n建设/vn逐步/d推进/vi，/wd中国/ns与/p东盟/ns、/wn东盟/ns与/p中/b日/b韩/b、/wn中/b日/b韩/b等/udeng合作/vn不断/d深化/v，/wd亚/b太/b经济/n合作/vn组织/n继续/v发展/vn。/wj
亚太地区/n安全/an的/ude1复杂性/n、/wn多/a变性/vn趋于/v明显/a。/wj
地区/n热点/n久拖不决/vl，/wd朝鲜/nsf半岛/n形势/n不时/d紧张/a，/wd阿富汗/nsf安全/an形势/n依然/d严峻/a，/wd部分/m国家/n政局/n动荡/an。/wj
民族/n和/cc宗教/n矛盾/an突出/a，/wd领土/n和/cc海洋/n权益/n争端/n时/ng有/vyou升温/vi，/wd恐怖主义/n、/wn分裂主义/n、/wn极端/n主义/n活动/vn猖獗/a。/wj
亚太地区/n战略/n格局/n酝酿/v深刻/a调整/vn，/wd相关/vn大国/n增加/v战略/n投入/vn。/wj
美国/nsf强化/v亚/b太/b军事/n同盟/n体系/n，/wd加大/v介入/v地区/n安全/an事务/n力度/n。/wj
中国/ns仍/d处在/v发展/v的/ude1重要/a战略/n机遇/n期/qv，/wd安全/an环境/n总体/n有利/a。/wj
有效/ad应/v对/p国际/n金融/n危机/n冲击/vn，/wd保持/v经济/n平稳/ad较/d快/a发展/vn，/wd积极/ad维护/v国家/n安全/an和/cc社会/n稳定/an，/wd综合国力/nl迈/v上/vf新/a台阶/n。/wj
加强/v同/p传统/n大国/n和/cc新兴/b大国/n的/ude1协调/vn合作/vn，/wd深化/v同/p周边/n国家/n的/ude1睦邻友好/nl和/cc务实/vn合作/vn，/wd拓展/v同/p广大/b发展中国家/nl的/ude1互利/vn合作/vn，/wd在/p共同/d应对/v全球性/n挑战/vn中/f发挥/v独特/a作用/n。/wj
中国政府/nt制定/v并/cc实施/v新/a形势/n下/f推动/v两岸/n关系/n和平/ad发展/v的/ude1方针/n政策/n，/wd促进/v台/q海/n局势/n保持/v和平/n稳定/an，/wd两岸/n关系/n取得/v重大/a积极/a进展/vn。/wj
两岸/n在/p反对/v“/wyz台独/n”/wyy、/wn坚持/v“/wyz九二/m共识/n”/wyy基础/n上/f增进/v政治/n互信/vn，/wd开展/v对话/vn协商/vn，/wd就/d全面/ad实现/v两岸/n直接/ad双向/d“/wyz三通/n”/wyy、/wn推进/vi经济/n金融/n合作/vn等/udeng达成/v一/m系列/q协议/n。/wj
两岸/n关系/n和平/ad发展/v符合/v两岸/n同胞/n的/ude1利益/n和/cc愿望/n，/wd也/d受到/v国际/n社会/n的/ude1普遍/ad欢迎/v。/wj
中国/ns面临/v的/ude1安全/an挑战/vn更加/d多/m元/q和/cc复杂/a。/wj
中国/ns有/vyou辽阔/a的/ude1国土/n和/cc海域/n，/wd正/d处在/v全面/ad建设/v小康/n社会/n的/ude1关键/n时期/n，/wd维护/v国家/n安全/an任务/n繁重/a。/wj
“/wyz台独/n”/wyy分裂/vn势力/n及/cc其/rz分裂/vn活动/vn仍/d是/vshi两岸/n关系/n和平/ad发展/v的/ude1最/d大/a障碍/n和/cc威胁/vn。/wj
两岸/n关系/n发展/vn还/d面临/v不少/m复杂/a因素/n的/ude1制约/vn。/wj
“/wyz东/f突/d”/wyy、/wn“/wyz藏/v独/a”/wyy分裂/vn势力/n对/p国家/n安全/an和/cc社会/n稳定/an造成/v严重/a危害/vn。/wj
维护/v国家/n领土/n主权/n、/wn海洋/n权益/n压力/n增大/v，/wd恐怖主义/n的/ude1现实/n威胁/vd存在/v，/wd能源/n资源/n、/wn金融/n、/wn信息/n、/wn自然灾害/nl等/udeng非传统/b安全/an问题/n上升/vi。/wj
来自/v外部/f的/ude1疑虑/n、/wn干扰/vn和/cc牵制/v增加/v。/wj
美国/nsf违反/v中/b美/b三/m个/q联合公报/n原则/n，/wd继续/v向/p台湾/ns出售/v武器/n，/wd严重/ad损害/v中/b美/b关系/n和/cc两岸/n关系/n和平/n发展/vn。/wj
2009年/t，/wd组织/v开展/v第五/m次/qv军事/n法规/n军事/n规章/n清理/vn汇编/n工作/vn，/wd共/d清理/v2008年/t底/f以前/f发布/v的/ude1现行/b军事/n法规/n(/wkz含/v规范性/n文件/n)/wky921/m件/q、/wn军事/n规章/n(/wkz含/v规范性/n文件/n)/wky7984/m件/q，/wd废止/v军事/n法规/n(/wkz含/v规范性/n文件/n)/wky65/m件/q、/wn军事/n规章/n(/wkz含/v规范性/n文件/n)/wky1214/m件/q。/wj
编辑/n出版/v《/wkz中华人民共和国/ns军事/n法规/n汇编/n(/wkz2004—2008/m)/wky》/wky、/wn《/wkz中国人民解放军/nt军事/n规章/n汇编/n(/wkz2004—2008/m)/wky》/wky、/wn《/wkz中国/ns人民/n武装/vn警察/n部队/n军事/n规章/n汇编/n(/wkz2004—2008/m)/wky》/wky。/wj
法律/n法规/n实施/v人民/n解放军/n和/cc武警/n部队/n坚持/v依法/d用兵/vi、/wn依法/d行动/vi。/wj
参加/v抢险/vi救灾/vi的/ude1部队/n，/wd严格/ad执行/v《/wkz中华人民共和国/ns突发/vn事件/n应/v对/p法/b》/wky、/wn《/wkz中华人民共和国/ns防震/vn减灾/vn法/n》/wky、/wn《/wkz军队/n参加/v抢险/vn救灾/vn条例/n》/wky等/udeng法律/n法规/n。/wj
执行/v维/vg稳/a处/n突/vg任务/n的/ude1武警/n部队/n，/wd严格/ad执行/v《/wkz中华人民共和国/ns人民/n武装/vn警察/n法/b》/wky等/udeng法律/n法规/n。/wj
赴/v亚丁/nsf湾/ng、/wn索马里/nsf海域/n执行/vn护航/vn任务/n和/cc开展/v海上/s训练/vn的/ude1海军/n舰艇/n编队/n，/wd严格/ad遵守/v《/wkz联合国/nt海洋法/n公约/n》/wky等/udeng国际/n条约/n和/cc中国/ns有关/vn法律/n法规/n。/wj
参加/v中外/b联合/vn军/n演/v的/ude1部队/n，/wd坚持/v在/p双边/n或/c多边/b条约/n的/ude1法律/n框架/n内/f行动/vi，/wd依法/d解决/v演习/vn中/f涉及/v的/ude1法律/n问题/n。/wj
贯彻/v实施/v新/a修订/vn的/ude1共同/b条令/n，/wd把/pba学习/v新/a共同/b条令/n纳入/v教育/vn训练/vn、/wn各类/r培训/vn和/cc检查/vn考核/vn之中/f。/wj
按照/p条令/n条例/n指导/vn和/cc开展/v工作/vn，/wd全面/ad规范/v部队/n战备/vn、/wn训练/vn、/wn工作/vn和/cc生活/vn秩序/n。/wj
