食品/n质量/n安全/an状况/n是/vshi一个/mq国家/n经济/n发展/vn水平/n和/cc人民/n生活/vn质量/n的/ude1重要/a标志/n。/wj
中国政府/nt坚持/v以/p人/n为/p本/rz，/wd高度/d重视/v食品/n安全/an，/wd一直/d把/pba加强/v食品/n质量/n安全/an摆/v在/p重要/a的/ude1位置/n。/wj
多/m年/qt来/f，/wd中国/ns立足/vi从/p源头/n抓/v质量/n的/ude1工作/vn方针/n，/wd建立/v健全/v食品/n安全/an监管/vn体系/n和/cc制度/n，/wd全面/ad加强/v食品/n安全/an立法/vn和/cc标准/n体系/n建设/vn，/wd对/p食品/n实行/v严格/a的/ude1质量/n安全/an监管/vn，/wd积极/ad推行/v食品/n安全/an的/ude1国际交流/n与/cc合作/vn，/wd全/a社会/n的/ude1食品/n安全/an意识/n明显提高/n。/wj
经过/p努力/an，/wd中国/ns食品/n质量/n总体/n水平/n稳步/d提高/v，/wd食品/n安全/an状况/n不断/d改善/v，/wd食品/n生产/vn经营/vn秩序/n显/v著/uzhe好转/vi。/wj
一/m、/wn食品/n生产/vn和/cc质量/n概况/n（/wkz一/m）/wky加工/v食品/n质量/n和/cc安全/an水平/n稳步/d提高/v1．/m食品/n加工业/n快速/d健康/ad发展/v近年来/dl，/wd中国/ns食品/n工业/n持续/vd快速/d健康/a发展/vn，/wd经济效益/n稳步/d提高/v。/wj
按照/p食品/n的/ude1原料/n和/cc加工工艺/n不同/a，/wd食品/n分/qt为/v：/wm粮食/n加工/v品/ng，/wd食用油/n、/wn油脂/n及/cc制品/n，/wd调味品/n，/wd肉制品/n，/wd乳制品/n，/wd饮料/n，/wd方便/v食品/n，/wd饼干/n，/wd罐头/n，/wd冷冻/v饮品/n，/wd速冻/vn食品/n，/wd薯类/n和/cc膨/x化食/v品/ng，/wd糖果/n制品/n（/wkz含/v巧克力/n及/cc制品/n）/wky，/wd茶叶/n，/wd酒类/n，/wd蔬菜/n制品/n，/wd水果/n制品/n，/wd炒货/n食品/n及/cc坚果/n制品/n，/wd蛋/n制品/n，/wd可/c可/v及/cc焙/v烤/v咖啡/n产品/n，/wd食糖/n，/wd水产/n制品/n，/wd淀粉/n及/cc淀粉/n制品/n，/wd糕点/n，/wd豆制品/n，/wd蜂/ng产品/n，/wd特殊/a膳食/n食品/n及/cc其他/rzv食品/n共/d28/m大/a类/n525/m种/q。/wj
目前/t，/wd全国/n共有/v食品/n生产/vn加工/vn企业/n44./m8/a万/m家/q。/wj
其中/rz规模/n以上/f企业/n2./m6/vg万/m家/q，/wd产品/n市场占有率/n为/p72%/m，/wd产量/n和/cc销售/vn收入/n占/v主导/n地位/n；/wf规模/n以下/f、/wn10/n人/n以上/f企业/n6./m9/vyou万/m家/q，/wd产品/n市场占有率/n为/p18./m7%/m；/wf10/n人/n以下/f小/a企业/n小/a作坊/n35./m3/n万/m家/q，/wd产品/n市场占有率/n为/p9./m3%/m（/wkz见/v图1/nrf）/wky。/wj
据/p统计/v，/wd2006年/m全国/n规模/n以上/f食品/n工业/n企业/n实现/v总产值/n21586./m95亿/m元/q人民币/n（/wkz不/d含/v烟草/n）/wky，/wd占/v全国/n工业/n总产值/n的/ude16./m8%/m，/wd同比/n增长/v23./m5%/ns。/wj
其中/rz，/wd粮油/n加工/vn、/wn肉类/n加工/vn、/wn乳制品/n加工/vn等/udeng行业/n的/ude1工业/n增加值/n和/cc利润/n增长率/n均/d超过/v20%/m。/wj
2006年/m，/wd中国/ns食品/n工业/n主要/b产品/n的/ude1产量/n分别/d达到/v：/wm小麦/n粉/ag5193/m万/m吨/q、/wn食用/vn植物油/n1985./m5/b万/m吨/q、/wn鲜/a冷藏/vn冻肉/n1112./m5/b万/m吨/q、/wn乳制品/n1459./m6/vg万/m吨/q、/wn啤酒/n3515./m2/b万/m千/m升/q、/wn软饮料/n4219./m8/a万/m吨/q，/wd同比/n分别/d增长/v28./m2%/nsf、/wn17./m5%/ns、/wn24./m0%/m、/wn23./m5%/ns、/wn14./m7%/m和/cc21./m5%/ns。/wj
2007年/m1月/t至/p6月/t，/wd食品/n工业/n总产值/n累计/v12816./m2亿/m元/q人民币/n，/wd同比/n增长/v29./m9%/m。/wj
啤酒/n、/wn食用油/n、/wn饮料/n、/wn味精/n等/udeng食品/n的/ude1总/b产量/n位居/v世界/n前列/n。/wj
当前/t，/wd中国/ns食品/n工业/n的/ude1发展/vn呈现/v出/vf以下/f特点/n：/wm一/m是/vshi部分/m食品/n企业/n加工技术/n和/cc装备/n接近/v或/c达到/v国际/n领先/vn水平/n。/wj
肉制品/n、/wn乳制品/n、/wn饮料/n、/wn啤酒/n等/udeng行业/n的/ude1大型/b企业/n普遍/ad拥有/v世界/n一流/b水平/n的/ude1生产/vn设备/n和/cc检验设备/n，/wd产品质量/n得到/v了/ule保证/vn。/wj
膜分离/n、/wn物性/n修饰/v、/wn无/v菌/n冷/ad灌装/n、/wn浓缩/v、/wn冷加工/v等/udeng加工/vn关键技术/n的/ude1开发/vn和/cc应用/vn，/wd缩短/v了/ule中国/ns食品/n加工技术/n和/cc装备/n与/cc国际/n先进/a水平/n的/ude1差距/n。/wj
二/m是/vshi企业/n质量/n管理更加/n科学/a规范/n。/wj
共有/v10./m7/v万/m家/q食品/n生产/vn企业/n获得/v质量/n安全/an市场准入/nl资格/n，/wd2675/m家/q食品/n生产/vn企业/n获得/v了/ule危害/vn分析/vn与/cc关键/n控制点/n(/wkzHACCP/x)/wky认证/vn。/wj
三/m是/vshi产品/n结构/n趋于/v优化/v，/wd有效/ad满足/v了/ule消费者/n日益/d增长/v的/ude1多/a层次/n需求/n。/wj
精深/a加工/vn食品/n的/ude1比重/n均/d有/vyou不同/a程度/n的/ude1上升/vn，/wd如/v液体/n乳/vg产量/n占/v到/v乳制品/n总量/n的/ude185%/m以上/f；/wf软饮料/n制造业/n打破/v过去/t一直/d以/p碳酸/n饮料/n为主/vi的/ude1局面/n，/wd形成/v了/ule包装/vn饮用水/n、/wn碳酸/n饮料/n、/wn果/ng蔬/ng饮料/n、/wn茶/n饮料/n等/udeng多元化/vn发展/vn的/ude1态势/n；/wf粮油/n行业/n中/f，/wd特制/b二等/b以上/f的/ude1精制/vn小麦/n粉/ag占/v小/a麦粉/n总产量/n的/ude165%/m；/wf标准/n一/m等/udeng米/n以上/f的/ude1精米/n占/v大米/n总产量/n的/ude188%/m，/wd特等/b大米/n在/p大米/n中/f所/usuo占/v比重/n达到/v33./m9%/m；/wf一/m级/q油/n、/wn二级/b油/n(/wkz分别/d相当/d于/p原/b国家/n标准/n中/f的/ude1色拉油/n和/cc高级/a烹调/vn油/n)/wky在/p食用/vn植物油/n中/f所/usuo占/v比重/n合计/v达到/v58./m5%/ns。/wj
2．/m食品/n质量/n不断/d提高/v一/m是/vshi食品/n总体/n合格率/n稳步/d提升/v。/wj
2006年/m全国/n食品/n国家/n监督/vn抽查/vn合格率/n达到/v77./m9%/m。/wj
2007年/m上半年/t，/wd食品/n专项/b国家/n监督/vn抽查/vn合格率/n达到/v了/ule85./m1%/m。/wj
食品/n质量/n安全/an水平/n保持稳定/n，/wd并/cc呈/v上升/vi态势/n（/wkz见/v图/n２/m）/wky。/wj
二/m是/vshi全国/n各省/r、/wn自治区/n、/wn直辖市/n食品/n质量/n呈/v共同/d提高/v的/ude1格局/n。/wj
2007年/m上半年/t全国/n31/m个/q省/n、/wn自治区/n、/wn直辖市/n食品/n质量/n平均/a合格率/n为/p89./m2%/nsf，/wd其中/rz有/vyou14/m个/q省/n达到/v90%/m以上/f。/wj
三/m是/vshi重点/n行业/n的/ude1食品/n质量/n达到较/n高水平/n。/wj
经过/p对/p食品/n生产/vn加工/vn企业/n的/ude1专项/b整顿/vn，/wd中国/ns28/m大/a类/n525/m种/q食品/n质量/n安全/an水平/n都/d有/vyou不同/a程度/n的/ude1提高/vn，/wd特别/d是/vshi日常/b大量/m消费/vn的/ude1重点/n行业/n的/ude1食品/n质量/n提高/v显/v著/uzhe。/wj
据/p统计/v，/wd中国/ns消费量/n最/d大/a的/ude1前/f10/n类/q食品/n分别/d为/v：/wm食用油/n、/wn油脂/n及/cc制品/n，/wd酒类/n，/wd水产/n制品/n，/wd粮食/n加工/v品/ng，/wd饮料/n，/wd肉制品/n，/wd乳制品/n，/wd调味品/n，/wd淀粉/n及/cc淀粉/n制品/n，/wd食糖/n。/wj
