没 有 二 加 二 最后 就 是 只要 成绩 够 好 ， 然后 过 面试 、 笔试 就 行 了 。
二 加 二 的 名额 不 是 学院 给 的 。
不 是 学院 给 的 ？
是 学 工 部 给 的 。
它 的 要求 是 ， 你 必须 是 必须 是 党员 。
对 啊 ， 你 已经 是 了 。
我 现在 还 不 是 好 吗 ？
我 现在 还 不 是 ， 就 按照 这个 节奏 直接 成 了 党员 那 也 得 大 四 下 啊 。
你 现在 是 预备 党员 ？
积极 分子 。
你 妹妹 怎么 现在 才 是 积极 分子 ？
之前 太 年轻 了 ， 现在 后悔 了 ， 之前 想 入党 当然 没有 想到 。
现在 这样 后悔 了 。
现在 积极分子 还 真 来不及 了 。
真 的 是 来不及 了 。
总之 现在 就 是 那样 ， 一年 搞 定 。
算 了 没有 二 加 二 那 就 直接 直 博 ， 以后 博士 了 然后 去 地方 挂 挂 职 也 挺 好 的 。
我 不 是 去 长兴 做 过 社会 实践 ， 我 知道 福州 那边 有 一个 浙大 博士 挂职 点 ， 然后 经常 会 有 各种各样 的 博士 去 那边 挂 什么 职 的 职 长 助理 ， 就 那个 也 还 不错 。
这 方面 我 挺 知道 。
就 最近 经常 会 有 ， 比如说 前 两 天 上海 晋安区 的 他们 来 招 挂职 干部 ， 要求 就 是 浙大 的 博士 。
对 啊 ， 我 觉得 不错 ， 这个 你 可以 考虑 。
你 以后 想 做 学术 吗 ？
很 想 做 ， 现在 心里 想 的 就 是 越来越 学 霸 最近 。
天 啊 ， 太 可怕 了 ， 你 已经 真正 在 浙大 教书育人 吗 ？
浙大 这 得 看 情况 ， 按照 现在 这个 样子 ， 如果 不 出国 肯定 留 不 下 ， 出国 的 话 那 也 只是 博士 期间 出国 读 两年 再 回来 。
交换 学者 吗 ？
对 啊 。
你 知道 最近 骏军 要 转 专业 了 吗 ？
什么 ？
骏军 要 转 专 了 。
他 也 应该 转 ， 我 觉得 。
为什么 ？
我 觉得 去 了 工高 ， 然后 当 了 学 霸 ， 最后 又 转 到 一个 不 相 干 的 专业 ， 谁 知道 那么 亏 。
我 这个 没 和 他 聊 过 ， 我 听说 他 要 转 来 着 ， 但是 他 转 去 哪儿 ？
金融 。
这 本 闭 了 。
他 说 因为 就业 压力 太 大 。
电气 这个 压力 还 大 ， 那 我们 材料 是 干吗 ？
电气 工资 的 什么 可能 不 是 那么 乐观 的 。
电气 工资 很多 。
然后 他 还 说 他 已经 想 去 什么 出国 ， 再 读 研 读 博 的 ， 然后 反正 就 觉得 一 条 路 走 到 黑 好像 还 不如 转 个 热门 的 金融 啊 什么 的 。
就 金融 没法儿 搞 学术 研究 啊 ， 基本上 都 已经 研究 到 头 了 啊 ， 就 这种 专业 非常适合 工程师 ， 不 适合 科学家 。
对 啊 ， 但是 你 觉得 工程师 最后 就 是 做 数据 分析员 了 ， 然后 就 是 一个 搬 砖 的 职业 。
这个 工程师 是 像 。
电信 的 就是 土木 的 那 几 个 这种 都 特别 的 值钱 ， 随便 考 一个 就 都 可以 来 ， 真 是 有点 想 不 明白 ， 搞 什么 金融 啊 ？
对 啊 ， 都 是 跟 那个 offer ， 好 有 钱 啊 。
一 个个 都 是 土豪 。
它 那 是 什么 地方 来 着 。
星辰控股 。
星辰控股 对 。
工资 好 高 ， 我 也 想 去 ， 让 我 去 吧 。
不 跟 你 闹 了 ， 赶紧 写 去 ， 抓紧 等 你 的 offer ， 然后 写 你 的 毕业 论文 。
哎呀 ， 不要 这么 幸灾乐祸 好 不好 ？
快 来 找 我 玩儿 ， 我 都 快 郁闷 死 了 。
好 。
你 这 周 不 会 又 要 上 党课 吧 ？
这 周五 得 去 那个 什么 党员 实践 活动 ， 周六 普及 团 支 活动 我 是 单 讲 这个 逃 不 掉 。
我 把 我 的 积极 分子 名额 转让 给 你 吧 ， 我 不 想 入党 了 。
那 你 当时 干吗 要 去 准确 那个 ？
没有 啊 ， 我 大 一 上 的 时候 就 是 积极 分子 了 ， 当时 还 年轻 嘛 。
好 吧 。
行 吧 ， 等 你 周六 、 周日 来 了 再 说 吧 。
好 。
明天 有空 的话 ， 我 明天 来 看 你 。
也许 就 明天 还 修 不好 ， 明天 （ 00：17：09 ） 。
好 嘛 ， 那 你 来 吧 ， 我 大概 明天 下午 3点 50分 下 了 课 就 没事儿 了 ， 你 随意 啊 。
好 的 么 ， 我 也 是 3点 50 下课 ， 过去 了 大概 5点 钟 。
好 的 ， 你 过来 我 等 你 。
我 带 你 去 银泰城 买 衣服 。
好 吧 ， 我们 去 银泰城 吃 烤肉 。
反正 请 你 ， 到 时候 再说 。
行 ， 好 。
拜拜 。
好 了 吧 ， 修 你 的 试管 去 吧 ， 拜拜 。
拜拜 。
﻿ 对 啊 ， 你 如果 没有 跳 到 那个 连接 的 话 ， 等 一下 。
你 看 。
那 也 没 出来 啊 。
给 你 帐号 和 密码 。
好 了 这 把 可以 了 ， 就 这 把 。
还 要 自己 输 啊 ？
没有 啊 ， 怎么 没 有 记录 啊 ？
我 从来 没有 用 这个 登 过 。
那 你 用 这个 登 的 ？
那 个 好象 也 没有 。
那 你 怎么 弄 ？
它 会 自己 跳 出来 的 。
我 从来 没有 用 过 这个 。
刷新 一下 ， 设置 关 了 WIFI 重新 来 一 次 。
慢 死 了 。
饭 都 吃 完 了 。
搜 不 到 了 ， 不 看 了 。
气死 我 了 ， 没 了 。
还 挺 好吃 的 ， 不过 我 觉得 他 就 切 完 之后 弄 的 太 碎 了 。
你 下次 可以 叫 他 不要 切 整个 加 进去 。
那个 就 是 烤 面 卷 起来 直接 切 ， 然后 不 炒 直接 吃 。
多 恶心 。
不 恶心 。
直接 用 网页 看 ， 我 觉得 客户端 有 问题 。
我 昨天 没 看 ， 可以 看 一 集 ， 点 一下 ， 刚才 看 第 几 集 ？
忘 了 从 第五 集 开始 吧 。
你 不 是 忘 了 么 。
我 猜 是 第五六 集 。
好 吧 ， 那个 蛋 呢 ？
我 吃 了 。
好吃 吗 ？
就 是 普通 的 鸡蛋 啊 。
放 在 酸辣粉 里 呢 ？
没什么 差别 。
不 会 又 酸 又 辣 吗 ？
没有 。
那个 叔叔 卖 酸辣粉 里面 加 鸡蛋 我 觉得 特别 奇怪 。
