特别 搞 笑 ！
哦 ， 昨天 那个 博士生 还 给 我 发 了 微 信 。
你 的 博士生 ？
那个 博士生 ！
哦 ， 那个 呀 。
。
。
问 我 明天 有 没 有 空 。
他 昨天 发 ， 问 我 明天 有 没 有 空 。
他 说 我 有 点 事 找 你 帮忙 。
我 说 我 全 是 课 ， 他 说 那 改天 。
我 靠 ， 这 人 脸皮 是 有 多 厚 ！
我 要 是 他 ， 我 都 不好意思 再 联系 你 。
嗯 ， 对 呀 ！
各种 奇葩 。
哦 ， 对 了 ， 我 昨天 还 有 一 个 。
。
。
你 一 天 遇 三 个 奇葩 ， 你 这 。
。
。
没有 ， 昨天 我 在 Tim 嘛 ， 然后 ， 然后 我 忘 带 钱 包 了 。
我 看到 了 ， Tim 在 哪里 啊 ？
就 是 在 。
。
。
哦 对 ， 就 新 的 那 一 间 。
你 现在 不 去 北 街 咖啡 了 啊 ？
没有 ， 我 前天 还 在 那儿 ， 我 昨天 去 的 Tim 。
我 昨天 12点 多 ， 就 是 上午 上 完 课 ， 我 12点 多 到 那边 ， 然后 那个 就 。
。
。
北 街 没 开门 嘛 那个 时候 。
其实 那 个 人 知道 我 是 谁 的 。
Tim 的 ？
嗯 ， 因为 那 个 谁 ， 那个 男 的 经常 在 那边 嘛 。
然后 他 就 知道 我 了 ， 然后 就 是 那个 Tim 和 他 老婆 ， 他们 俩 都 认识 我 。
嗯 嗯 好 。
然后 我 发现 我 没有 带 钱包 ， 然后 我 本来 想 ， 那个 ， 因为 我 点 了 50 块 钱 ， 然后 ， 然后 那个 。
。
。
你 那个 照片 上 的 一 排 硬币 是 ？
你 听 我 讲 完 。
我 跟 晶晶 ， 就是 我 一 开始 自己 去 ， 后来 晚上 晶晶 说 她 要 来 ， 她 点 了 杯 番茄 汁 ， 然后 我们 两 个 人 就 总 共 花 了 62 。
那天 她 也 没 钱 了 ， 然后 我 当时 一 看 我 没 钱包 我 就 囧 了 ， 我 就 问 她 有 没 有 钱 ， 她 从 她 钱包 里 掏 出 30 块 钱 ， 然后 说 这 是 我 全部 家当 。
然后 她 拿 出 一个 零 钱包 ， 她 说 我 再 看看 。
然后 我 想 她 零 钱包 肯定 不 够 了 吧 ！
结果 她 真 掏 出来 30 多 块 钱 。
零 钱包 里 有 30 多 块 钱 ？
就 一 块 一 块 的 。
我 靠 ， 我 觉得 很 沉 啊 那 是 ！
对 呀 ， 然后 然后 之前 我 以为 我 俩 都 没 钱 了 嘛 。
我 就 问 这 能 刷 卡 吗 ？
他 说 这 不 方便 ， 这 附近 有 取 钱 的 地方 ， 那个 中国银行 。
然后 我 觉得 ， 那 让 晶晶 帮 我 取 钱 ， 还要 花 手续费 不 太 好 意思 ， 我 说 那 我 就 能 不能 明天 过来 交 ？
他 说 ， 啊 ？
那 我 没有 办法 算账 。
怎么 怎么样 。
。
。
然后 我 之 前来 着 的 时候 ， 那个 谁 在 的 时候 他 都 是 请 我 吃 饼干 啊 什么 什么 的 ， 翻脸 不 认 人 ， 妈 的 ！
然后 然后 我 就 觉得 。
。
。
没有 ， 我 想到 晶晶 零 钱包 里 30 多 块 钱 的 硬币 救 了 我 。
然后 然后 一 系列 的 啊 ， 然后 我们 就 很 囧 的 就 回去 了 ， 回来 的 时候 。
。
。
我 觉得 这个 老板 好 不 会 做 生意 啊 ！
一般 浙大 的 学生 说 我 没 带 钱 ， 他 下次 肯定 是 会 给 送 过来 的 。
对 呀 ！
而且 ， 关键 他 还 认识 我 。
他 知道 我 是 谁 ， 反正 我们 也 不 是 很 熟 ， 也 没 怎么 说 过 话 嘛 。
你 说 他 下次 会 不 会 跟 你 男朋友 讲 这 件 事情 啊 ？
讲 了 无所谓 啊 ！
一般 不 会 啊 。
你们 俩 现在 到底 是 什么 关系 啊 ？
没什么 啊 ！
人家 都 问 你 是 不 是 Adam 的 GF 了 。
没有 ， 关键 是 关键 是 他 只是 想 确认 我 是 不 是 他 想 要 找 的 那个 人 。
哦 。
他 当时 问 我 那 句 话 的 时候 。
。
。
你 可以 给 他 推荐 那个 谁 。
谁 呀 ？
那个 那个 叶志云 ！
叶志云 ！
哈哈 ， 我 也 想 呢 ！
我 想到 她 了 ！
哈哈 ， 我 觉得 那 个 人 是 要 比 那个 德国人 帅 。
她 跟 那个 荷兰 人 还 在 一起 吗 ？
谁 知道 呢 ！
没有 吧 。
Goodweather 都 去 厦门 了 吧 ， 他俩 还 能 在 一起 吗 ？
可是 他俩 不 都 见 过 父母 了 吗 ？
啊 ， 这样 的 啊 ！
我 不 知道 啊 。
然后 呢 ？
然后 然后 ， 那个 ， 就 是 ， 那个 ， 就 就 我 回来 。
。
。
就 是 他 昨天 跟 我 发 的 时候 问 Adam 的 GF ， right ， 我 就 没有 回 。
然后 他 又 发 了 个 christine ， 我 就 写 了 个 yes ， 啊 哈哈 。
我 就 啊 ， 混淆 视听 ， 因为 心理 安慰 一点 ， 哈哈 。
哦 哦 ， 我 懂 了 ， 我 懂 了 。
然后 然后 那个 ， 后来 后来 那个 ， 我 是 昨天 从 tim 回来 ， 然后 在 上 楼 的 时候 刷 微 信 ， 就 碰 到 那个 谁 发 的 那个 ， 给 我 发 的 微 信 ， 然后 就 瞬间 怒火 中 烧 。
我 说 我 这 一天到晚 遇到 的 都 是 些 什么 奇葩 ！
呃 ， 不要 去 北 街 ！
缘起 全 在 北 街 ， 有 没有 ？
北 街 那边 我 已经 。
。
。
以后 就 可以 打 个 广告 ， 要 想 有 艳 遇 ， 请 去 北 街 。
就 是 她 本来 不 是 约 我 两点 钟 吗 ？
她 说 她 会议 提前 结束 了 ， 让 我 过去 。
你 是 外院 这边 ， 还 是 ？
外院 的 呀 ！
我 觉得 这 面 还 是 挺 好吃 的 呀 ！
嗯 。
厕所 好 远 啊 ！
你 吃 的 什么 呀 ？
番茄 牛腩 。
看 起来 不错 ， 你 要 不 要 尝 两 口 片儿川 ？
跟 我 想象 的 不 太 一样 。
你 等 我 。
跟 你 的 面 不 太 一样 是 吗 ？
一样 的 。
一样 的 为什么 叫 片儿川 呢 ？
我 以为 片儿川 是 厚 的 那 种 。
你 一会儿 去 哪儿 啊 ， 吃 完 饭 ？
