然后 她 毕业 ， 她 现在 到 了 智利 ， 好 棒 呀 ！
你 是 不 可能 的 呀 ！
你 还是 有 你 妈妈 约束 你 的 ！
哎 ， 她 妈 之前 也 管 她 ， 后来 管 不 住 ， 就 不 管 了 。
嗯 ， 她 是 小时候 没 跟 爸 妈 在 一起 是 吗 ？
有 啊 ！
那 这种 怎么 会 ？
我 是 觉得 叛逆 到 这种 地步 应该 是 有 原因 的 。
有 什么 ？
有 原因 的 ！
就 是 正常 的 跟 爸 妈 一起 长大 ， 关系 还 不 多 的 话 应该 不 是 这 样子 。
哦 ， 她 ， 她 父母 的 关系 确实 不 是 很 好 。
然后 她 初中 ， 初中 那个 时候 她 父母 老 打架 嘛 ， 她 父母 是 因为 她 才 没有 离 。
她 是 在 ， 在 常州 吧 ！
嗯 ， 常州 人 ， 然后 她 就 觉得 那 地方 。
她 心 很 大 ， 那 地方 很 小 ， 然后 就 容 不 下 她 ， 然后 就 后来 就 在 新加坡 ， 就 说 了 要 出国 读书 嘛 ， 然后 就 去 了 新加坡 ， 在 新加坡 就 。
她 去 了 也 是 去 了 之后 再 自己 找 学校 啊 什么 的 ， 也 没有 正经 读书 ， 然后 待 了 两年 ， 然后 。
。
。
先 去 了 再 找 学校 的 啊 ？
对 呀 ， 她 每次 都 是 这样 ， 然后 ， 就是 想到 什么 就 做 什么 的 那 种 。
然后 在 那边 待 了 两年 ， 觉得 那 地方 就 是 小国 寡民 的 ， 她 不 喜欢 新加坡 ， 她 觉得 新加坡人 就 是 ， 满 脑子 就 是 钱 钱 钱 ， 然后 就 很 反感 ， 然后 就 回国 ， 就是 从 新疆 背包 旅游 ， 从 中国 背包 了 一年 。
那时 她 多 大 ？
高中 吗 ？
十八 。
十八 岁 开始 旅游 的 ， 就 十八 岁 那 一年 旅游 的 。
她 比 你 大 多少 ？
她 比 我 小 ！
那 她 现在 在 读 什么 啊 ？
她 现在 就 是 刚刚 大学 毕业 啊 ！
因为 那边 是 三年 嘛 ， 那边 大学 是 三年 。
然后 她 现在 在 智利 。
好 赞 ！
你 知道 外院 有 个 会 提前 毕业 的 女生 吗 ？
咱们 下 一 级 。
她 跟 我 一个 导师 ， 我 导师 跟 我 说 了 我 才 知道 。
原来 有 这么 神奇 的 ， 我们 也 可以 三年 毕业 啊 ！
没 人 告诉 我 这 事 。
那 你 就 修 不 了 双学位 了 ！
不 要 修 什么 双学位 啦 ！
现在 觉得 双学位 神马 的 可 坑 了 ！
为了 双学位 我 都 不 能 好好 enjoy 我 的 lastyear 了 。
我们 专业 的 ？
啊 ？
什么 意思 ？
是 我们 专业 的 吗 ？
跟 你 一个 导师 。
嗯 ， 也 不 一定 ， 跟 我 一个 导师 也 不 一定 是 英语 的 。
那 我 其实 觉得 没 有 必要 提前 毕业 啦 ！
当然 浙大 的 环境 不 是 很 好 。
我 觉得 如果 能 在 校园 里 多 待 几 年 也 还是 蛮 好 的 。
哼 ， 那 你 可以 在 浙大 毕业 以后 去 国外 读 研 啊 ， 或者 读 PHD 啊 ， 匀 一年 出来 给 PHD 啊 。
我 觉得 小 女孩 还是 很 有 想法 的 。
挺 好吃 的 。
我 也 交流 了 半 年 啊 ！
我 不 后悔 。
哎 ， 我 后悔 ！
我 只 交流 了 六 周 ， 虽然 我 有 艳遇 。
我 准备 在 我 生日 时 写 邮件 给 我 的 德国 男人们 ， 问 他们 我 能 不 能 去 他们 那边 玩 。
哎呀 ， 存 钱 啊 ！
毕业 旅游 ！
我 在 想 我 下 个 学期 要 不 要 去 澳洲 。
去 澳洲 吧 ！
挺 好 的 ， 其实 我 当时 纠结 了 一下 ， 我 是 去 澳洲 呢 还 是 去 欧洲 ， 因为 我 当时 在 澳洲 没有 很 熟 的 朋友 ， 但 我 现在 有 了 很 熟 的 澳大利亚 朋友 ， 我 在 想 要 不 要 去 。
而且 那 个 人 是 澳大利亚 人 ， 他 在 澳大利亚 有 一个 农庄 ， 你 知道 有 多 赞 吗 ！
你 知道 我 在 维也纳 遇到 的 事情 吗 ？
维也纳 ？
不 知道 。
我 没 跟 你 说 过 吗 ？
就 是 遇到 的 那个 澳洲 人 。
哦 哦 ！
你 现在 还 跟 他 有 联系 ？
蛮 久 没 联系 了 ， 不过 回国 后 有 联系 过 。
Whatever 啦 ！
就 是 那个 律师 是 吧 ？
不 是 ， 什么 律师 啊 ！
牙医 ！
哦 ， 牙医 ， 对 ！
他 都 不 一定 。
。
。
他 在 墨尔本 。
他 当时 是 去 欧洲 旅游 是 吗 ？
对 ， 不过 我 不 是 去 看 他 的 。
我 主要 是 看 我 一个 初中 同学 ， 我 初中 同学 在 悉尼 。
你 看 你 有 初中 同学 ， 还 有 你 当时 在 维也纳 遇到 的 那个 人 ， 我 是 就 我 当时 实习 的 时候 带 我 的 那个 人 也 是 澳大利亚 的 ， 墨尔本 的 。
然后 他 就 是 ， 他 在 墨尔本 上班 ， 然后 在 墨尔本 有 个 农场 ， 他 假期 的 时候 就 去 那边 玩 。
我 是 想 。
。
。
我们 往 那边 走 着 吧 ， 我 把 你 送 到 哪儿 。
因为 到 时候 澳洲 签证 可以 直接 去 新西兰 嘛 ！
哦 ， 那 是 的 。
但 我 觉得 你 澳洲 就 可以 玩 很 久 ， 你 东 海岸 ， 中部 还有 西 海岸 。
没有 啊 ， 我 就 打算 很 。
。
就 。
。
再 说 吧 ！
我 同学 是 在 新西兰 南部 都 已经 玩 过 了 嘛 ！
然后 如果 他 有 意向 再 去 。
。
。
哎 ， 现在 就 纯属 YY 。
我 估计 我 下 个 学期 还有 很多 事情 。
哦 ， 你 是 要 下 个 学期 去 呀 ？
别 想 了 孩子 ， 下 个 学期 还有 两 个 毕设 ！
就 关键 是 你 不 知道 学校 里 什么 时候 就 会 有 事 。
然后 我 就 想 ， 去 澳洲 。
。
。
关键 是 你 去 澳洲 ， 有 急事 也 回 不 来 ， 我 决定 下 个 学期 就 在 国内 玩 。
没有 ， 我 觉得 也 还 好 啊 ！
就 是 我 去 一 个 国家 ， 我 不 用 把 它 玩 完 。
不 是 ， 我 的 意思 是 说 你 飞 也 要 飞 好 久 ， 他 万一 临时 有 事 呢 ？
你 一 个 半 会儿 回 不 来 。
去 澳洲 一个 星期 够 了 。
你 还 没 明白 我 的 point 。

