那天 跟 她 一起 吃 完 饭 回来 ， 王卓 说 ， 我 送 你 回来 吧 ！
我 说 好 呀 。
然后 她 男朋友 就 是 ， 她 跟 她 男朋友 一 人 开 了 一 辆 车 ， 我 坐 在 王卓 车上 。
他 俩 尼玛 在 路上 飙 车 ！
7点 ， 好像 是 8点 多 钟 ， 他俩 在 路上 飙 车 ， 我 就 哭 了 ！
就 是 ， 你 知道 从 那 个 哪里 过来 不 是 有 个 隧道 。
哦 ， 我 知道 ， 就是 西湖 底下 那个 ， 西湖 。
。
。
不 不 不 ， 不 是 西湖 隧道 ， 是 那个 。
我们 是 从 ， 是 那个 哪里 啊 ， 拱墅区 那 块 的 吧 。
哎 ， 反正 就 是 有 一 块 没有 人 ， 他 俩 就 刷 的 一 起 停 在 了 一个 信号灯 前面 。
然后 王卓 说 ， 你 看 他 傻逼 吧 ， 让 他 带 个 路 ， 你 看 他 在 前面 唰 的 跑 。
然后 王卓 就 伸 了 这个 指头 ， 就 是 ， 他俩 太 搞笑 了 我 觉得 。
然后 我 有 次 跟 孙浩楠 不 是 出去 嘛 ， 然后 我 跟 孙浩楠 说 ， 我 说 王卓 那天 送 我 回来 ， 她 跟 她 男人 在 飙 车 我 就 无语 了 。
然后 ， 孙浩楠 说 ， 对 ， 他 俩 可 傻逼 了 ！
他 说 有 一 次 ， 他 跟 张晓彤 ， 一 人 坐 在 一 辆 车上 ， 张晓彤 坐 在 王卓 车上 ， 孙浩楠 坐 在 她 男人 车上 ， 他俩 在 飙 车 。
孙浩楠 在 她 男人 车 里 叫 ， 然后 张晓彤 在 王卓 车 里 叫 。
他 俩 真 的 开 的 很 快 ！
有 开 上 两百 吗 ？
没有 开 上 两百 吧 ？
我 当时 是 没有 开 上 ， 因为 我 当时 路上 是 有 车 的 。
孙浩楠 那天 是 说 他们 那 天 吃 夜宵 ， 路上 是 没有 多少 车 的 。
然后 而且 特别 搞笑 。
王卓 是 不 认 路 的 你 知道 的 吧 ， 然后 有 一 次 就 是 他 男人 带路 ， 在 一个 路口 突然 减慢 了 ， 然后 王卓 就 冲 过去 了 ， 超过 去 了 后来 就 找 不到 路 。
原来 是 那个 路口 应该 拐 。
笑 死 我 了 ！
我 原来 就 是 有 一 次 跟 李日升 去 骑马 ， 大二 的 时候 。
嗯 ， 我 去 那边 找 老师 。
然后 ， 就 是 认识 一个 人 嘛 ， 他 原来 是 军队 的 ， 然后 他 也 是 ， 就 是 一个 马 友 。
他 当时 是 送 我 跟 李 日 升 回来 嘛 ， 然后 就 一直 说 他 开 车 都 上 两百 ， 怎么 怎么样 的 。
他 车 其实 很 一般 ， 就 是 马 三 嘛 ， 但 他 里面 的 装备 都 换 掉 了 ， 就是 发动机 什么 的 ， 声音 可好 听 了 ， 然后 他 送 了 我们 一 段 ， 他 开 了 一百七 ， 然后 把 我们 送 过来 。
然后 我 非常 淡 定 的 坐 在 ， 我 假装 淡 定 的 坐 在 后面 ， 哈哈 ！
然后 感觉 如何 啊 ？
哎 ， 两百 相当 于 多少 miles 啊 ？
不 知道 ， 不 会 换 。
就 是 ， 我 当时 在 美国 它 不 是 用 mile 不 是 用 千米 嘛 。
就 是 你 听 着 数 挺 小 的 时候 ， 它 其实 就 已经 很 快 了 ， 然后 。
。
。
是 啊 ， 我 以 前 一直 都 不 理解 为什么 我 以前 坐 我 hostfamily 的 车 ， 然后 就 我 每次 看 那 个 女 的 开 到 六十 嘛 。
然后 我 就 觉得 ， 咦 ， 怎么 这么 快 啊 ！
怎么 跟 我 爸 开 六十 感觉 完全 不 一样 哈 ！
关键 是 这样 ， 你 那 是 六十 是 吧 ？
我 有 次 我 同学 开 到 一百二 ， 就是 我 有 次 从 三 番 去 那个 ， 去 想 去 stanford 的 玩 嘛 。
他 说 去 stanford 要 一 个 小时 。
我 说 ， 啊 ， 这么 久 啊 ， 来不及 呀 。
他 说 ， 那 我们 就 尽量 开 快 一点 嘛 。
但是 它 是 那个 高速 上 超 八十 就 会 被 逮 的 你 知道 吧 ？
嗯 。
然后 我 当时 坐 在 那个 车上 是 什么 感觉 呢 ？
嗯 。
就 是 压 耳 ， 就 是 那个 气压 已经 让 我 觉得 不 舒服 了 。
我 说 怎么 耳朵 这么 难受 啊 ？
然后 他 说 ， 姐 ， 你 没 看到 我 已经 开 到 一百二 了 吗 ？
你 能 不 难受 吗 ！
但是 我 有 一 次 我 打 出租车 啊 ， 那个 出租车 司机 给 我 开 到 一百四 。
那个 出租车 不 是 不 好 嘛 。
飙 到 一百四 ， 他 那个 车 就 是 轻 啊 ， 飘 起来 了 ！
然后 你 就 感觉 很 恐怖 吗 ？
对 ， 我 感觉 压 耳 的 时候 也 觉得 车 在 飘 。
嗯 ， 妈 蛋 ， 吓 死 我 了 。
不过 他 最后 给 我 赶到 了 。
如果 他 最后 不 飙 到 一百四 ， 我 就 赶 不 到 机场 了 。
对 呀 ， 人家 冒 着 生命 危险 给 你 飙 到 一百四 ， 你 还 。
。
。
当时 可 那 个 了 。
当时 我们 下车 之后 ， 李日升 就 说 ， 这 车 坐 的 真 爽 ， 有 我 开车 的 风范 。
然后 他 说 他 一般 都 要 开 到 两百 多 。
你 说 说 一百七 的 时候 啊 ？
啊 ！
然后 下车 之后 ， 李日升 就 说 有 我 开车 的 风范 ， 我 平时 都 要 开 到 两百 多 。
他 那边 是 每 人 是 吧 ？
我 觉得 在 市区 你 一般 开 不 到 这样 。
那 肯定 开 不 到 啊 ！
我 爸 平时 就 开 个 八十 就 完事 儿 了 。
然后 ， 而且 李日升 有 赛车证 。
这 。
。
。
那 你 跟 他 就 行 了 呀 ！
滚 ， 这 可 不 一定 ！
咦 ， 还 真 有 很多 纯 素 的 呢 ！
哎 ， 那 你 上次 是 换 了 个 时间 ， 换 了 个 地方 ， 又 重新 交 的 钱 是 吗 ？
那 是 啊 ， 就 相当 于 。
。
。
再 重 报 一 次 ？
你 再 重 报 一 次 不 又 得 一 个 月 吗 ？
哦 。
我 承认 我 上 次 很 傻逼 ， 但是 ， 那天 是 真 的 是 慌 了 。
其实 跟 昨天 晚上 差不多 。
对 呀 ！
哎 。
没事儿 。
第一 次 真 的 很 慌 。
我 没有 想到 其实 。
我 觉得 啊 ， 你 就 是 太 犹豫 。
