就 是 之前 无论 这个 还是 出国 ， 都 太 犹豫 。
都 太 迟 了 ， 真 都 是 太 迟 了 。
先 点 ！
先 点菜 ！
吆 ， 这么 多 素 的 呀 ！
还 不错 。
还有 纯 芝士 披萨 ， 这 是 什么 玩意 儿 啊 ？
嗯 ， 我 已经 看 的 差不多 了 。
好 呀 ， 那 我 还 是 吃 通心粉 好 了 。
随 你 便 了 。
反正 要 不 我们 点 个 大 的 披萨 ， 可以 分 的 ？
你 能 不能 再 吃 点儿 啊 ？
我 ， 我 不行 的 。
那 就 点 这些 ， 要 个 小 份 披萨 ， 再 要 一 份 饭 。
好 的 呀 ， 我 可以 吃 你 一 块 小 份 披萨 ， 再 分 你 一点 我 的 通心粉 。
我 要 一 个 。
。
。
肉酱 焗 通心粉 好吃 还是 培根 焗 通心粉 好吃 呀 ？
肉酱 。
那 就 肉酱 ， 吃 经典 。
我 要 一 份 蔬菜 炒饭 ， 再 要 一 份 缤纷田园 的 蔬菜 披萨 。
缤田园 是 全 素 的 吧 ？
对 的 。
好 ！
蔬菜 炒饭 也 是 全 素 啊 ？
嗯 ， 对 。
小吃 你 要 不 要 啊 ？
不要 。
好 ， 喝 的 东西 呢 ？
喝 的 ， 有 什么 啊 ？
嗯 ， 苹果 星冰乐 和 巧克力 牛奶 上面 没有 写 。
我 要 ， 柚子 汁 ？
我 看看 啊 ！
热 的 ？
你 还 准备 给 我们 上 冰 的 是 吗 ？
哈 我 其实 想 要 冰 的 ， 你 这么 一 说 ， 我 还 真 是 想 要 冰 的 。
哎 ， 你 这 还 有 冰激凌 没有 啊 ？
立顿 红茶 是 热 的 是 吗 ？
嗯 ， 是 。
现在 没有 。
这个 没有 了 啊 ？
没有 ， 我 说 冰激凌 没有 。
你们 现在 从 冰箱 里 搽 点 冰 出来 不就 完 了 哈 。
冰激凌 这个 天 吃 了 会 感冒 的 我 感觉 。
你 还是 老实 点儿 吧 这 两 天 。
是 ， 是 要 老实 点儿 。
哈哈 。
那 就 要 柚子 茶 吧 ！
嗯 ， 就 柚子 茶 好 了 ， 这个 不怎么 甜 的 吧 ？
有 点 甜 ， 甜 的 。
不 甜 的 有 什么 ？
伯爵 红茶 ？
伯爵 红茶 ， blacktea 。
就 伯爵 红茶 吧 ！
我 想 想 啊 ， 我 要 什么 ？
加多宝 一 罐 吧 ！
其实 我 不 是 很 想 喝 红茶 。
为什么 呢 ？
因为 我 最近 一直 在 喝 那个 大红袍 ， 红茶 ， 呵呵 。
大红袍 ， 喝 大红袍 挺 好 的 ， 我 觉得 挺 好 的 。
我 就 前段 时间 想 养 胃 ， 结果 发现 我 胃 还 是 不好 ， 就 算 了 。
养 胃 你 要 经常 喝 粥 ， 早上 起来 要 去 喝 粥 。
我 就 前段 时间 有 点 密集 面试 嘛 ， 折腾 下 我 就 不 想 吃 东西 。
就 他 每次 都 安排 在 11点 ， 1点 ， 就 那个 时间 你 吃 还是 不 吃 呢 ？
你 起来 吃 ， 再 赶车 。
你 等等 ， 我 看看 啊 。
11点 ， 上海 啊 ？
11点 上海 你 得 7点 钟 就 得 走 啊 ？
不 用 ， 就 8点 钟 就 差不多 。
8点 钟 出门 啊 ？
你 来得及 啊 ？
我 经常 是 ， 8点 钟 来得及 啊 。
哦 ， 不行 。
你 从 出 寝室 到 那边 地点 至少 要 留 四十 分钟 。
那 我 一般 留 三 个 小时 。
嗯 ， 三 个 小时 其实 是 够 的 ， 就 是 怕 。
。
。
嗯 ， 刚刚 好 。
其实 我 不 喜欢 早 到 耶 ， 到 了 还 得 跟 她们 那 帮 人 聊 ， 也 聊 不 出 什么 东西 来 。
跟 谁 聊 啊 ？
就 跟 一起 等 面试 的 人 聊 啊 ！
孙浩楠 特别 喜欢 social 你 知道 吗 ？
去 了 什么 都 聊 ， 哎 。
跟 不 认识 的 人 也 随便 聊 啊 ？
对 呀 ， 就 是 ， “ 你 好 ” ， 就 开始 聊 了 呀 ！
“ 你 是 哪个 学校 的 呀 ？
” 就 开 聊 了 呀 ！
孙浩楠 现在 也 拿 到 很 多 吗 ？
嗯 ， 他 就 拿 到 面试 ， 还 没 拿 到 offer 。
什么 都 没 拿 到 啊 ？
他 面试 什么 都 可以 拿 到 ， 就是 表刷 什么 都 可以 过 的 。
面试 很 难 的 ！
表刷 嘛 。
。
。
哎 ， 刘牧 也 非常 搞笑 。
他 到 底 去 哪里 呀 ？
豆瓣 啊 不 是 。
他 拿 的 是 豆瓣 啊 ！
豆瓣 这个 职位 非常 好 。
一 共 才 六 个 人 做 豆瓣 的 商业化 。
他 做 的 是 策划 吗 ？
类似 于 策划 ， 非常 好 ， 那 个 职位 。
他 多少 钱 啊 ？
一年 。
十几 吧 。
我 觉得 非常 好 呀 ！
以后 就 是 IT 啊 。
他 ， 那 他 为什么 不 给 我们 说 呢 ！
所有 人 都 知道 他 拿 了 offer ， 但 他 就 是 不 告诉 我们 他 拿 的 啥 。
那 是 你们 没 问 吧 ！
怎么 没 问 啊 ！
昨天 晚上 大家 在 群 里 都 说 ， “ 你 再 不 说 就 把 你 踢 出 去 了 ” ， 他 还是 不 说 。
大家 就 不 明白 了 ， 然后 大家 都 纷纷 猜 。
因为 他 面 豆瓣 之前 ， 什么 IT 都 不 懂 嘛 。
然后 ， 关键 是 什么 。
我们 大家 都 怀疑 。
可能 他 自己 不好意思 跟 你们 说 。
不 是 ！
大家 都 怀疑 他 是 不 是 又 argue 回来 了 腾讯 基金 。
腾讯 不是 终面 挂 了 吗 ？
这个 还 能 argue ？
他 不 是 终 面 挂 了 ， 他 之前 一 轮 挂 的 。
挂 终 面 的 是 那个 ， 蕾蕾 啊 。
就 是 他 在 郑蕾 之前 的 一 轮 挂 的 。
哎 ， 终面 挂 了 ， 还 能 argue 回来 的 啊 ？
不 是 啊 ， 因为 他 不 说 嘛 ， 大家 及 以为 他 是 argue 的 。
然后 就 是 都 怀疑 说 他 拿 的 是不是 腾讯 。
你 这 说是 豆瓣 ， 就 确定 是 豆瓣 了 ？
应该 是 豆瓣 。
但是 他 可能 不 愿意 让 人 知道 。
因为 他 面 豆瓣 之前 跟 我 说 过 。
他 问 。
。
。
不 是 ， 你 这 。
。
。
哎 ， 我 觉得 他 可 奇怪 了 。
别人 什么 事儿 他 都 知道 。
对 ， 你 问 别人 。
你 看 我们 把 他 拉 到 群 里 嘛 ！
群 里 大家 就 是 互通有无 的 那种 你 知道 吧 。
