不 能 抄 吗 ？
开卷 考试 就 是 能 抄 呀 ！
哦 ， 开卷 考试 啊 ！
只 抄 就 好 了 ， 关键 是 它 有 案 例 分析 之类 的 ， 但是 这 本 书 我 没有 看 出 有 哪里 是 重点 的 地方 ， 我 怕 分析 案 例 的 时候 分析 不 到 点子 上 去 。
哦 ， 无所谓 啊 ！
啊 好 ， 先 这样 吧 ！
没事儿 ， 明天 一定 能 考 好 了 ！
不用 担心 ！
好好 复习 ！
我 明天 考 完 了 再 准备 面试 。
几 点 考 完 啊 ？
12点 半 。
啊 ， 下午 就 开始 了 ， 下午 就 开始 准备 面试 了 ？
那 不 就 得 开始 了 吗 ？
那 还 有 多久 啊 ？
没 时间 了 ！
大后天 不 就 面 了 嘛 ！
我 就 是 明天 考 完 试 就 先 问 问 他们 那些 人 ， 就是 问问 一 面 的 人 大概 是 谁 啊 ？
都 什么 风格 啊 ？
就 整理 下 准备 去 面 了 。
因为 。
。
。
他 再 面 面 什么 呀 ？
还 是 case ， 还是 案 例 。
耶 ？
没 电 了 吗 这 是 ？
听 得 到 吗 ？
我 这边 有 电 啊 ！
我 这里 快 没 电 了 ， 我 在 按 免提 。
你 怎么 知道 ？
我 发现 我 接 你 电话 这么 浪费 电 呢 ！
你 那个 手机 不行 ， 干 嘛 说是 接 我 电话 的 问题 啊 ！
哦 ， 你 接 别人 电话 就 不 浪费 电 ， 接 我 的 电话 就 是 浪费 电 了 ？
不 是 ！
自从 你 开通 了 那个 什么 啊 ， 原先 我 的 手机 是 一个 星期 充 一 次 ， 现在 我 觉得 三四 天 ， 两三 天 就要 充 一 次 。
原先 不 打电话 啊 ！
现在 咱 俩 要 打电话 啊 ！
嗯 ， 可能 是 ， 可能 是 打电话 的 事儿 。
原来 那个 手机 有 跟 没有 一样 ！
嗯 对 对 对 ， 就 没 用处 啊 ， 我 现在 有 用处 了 ！
得 跟 你 天天 聊天 ！
吆 ， 现在 那么 会 说话 ！
嗯 ， 要 舔 巴 舔 巴 你 呀 ！
以后 你 再 不 理 我 了 ， 你 再 不 给 我 打电话 了 ， 谁 跟 我 聊天 啊 ！
谁 跟 我 吵架 啊 ！
恩 ， 行 ， 就 先 这样 吧 啊 ！
嗯 好 ， 你 好好 学习 啊 ， 再见 ！
你 早点 睡觉 吧 ， 拜拜 ！
喂 ， 宝贝 啊 ！
喂 ？
喂 ， 你 说 。
干 嘛 呢 你 这 是 ？
上课 呀 ！
哦 ， 没事儿 ！
听课 吧 孩子 ！
没事儿 ， 我 已经 出来 了 ， 你 说 吧 ！
没事儿 ， 我 给 你 发信息 你 也 不 回 。
好几 天 没 搭理 我 了 ， 我 寻思 着 你 怎么样 了 。
你 没 给 我 发 信息 啊 。
你 哪里 给 我 发 信息 了 ？
我 怎么 没 给 你 发 啊 ！
我 这 一会儿 。
。
。
我 没 给 你 发 吗 ？
没有 啊 ！
我 给 你 发 了 ： 宝贝 ， 你 在 哪里 啊 ？
没有 啊 ！
我 没 收到 。
哦 ， 行 。
你 上课 吧 ！
没事儿 。
吃饭 了 吗 ？
吃 了 。
嗯 ， 行 ， 好 。
你 今天 晚上 几 点 回去 啊 ？
上网 吗 ？
我 回去 洗 个 澡 。
嗯 ， 上 吧 ！
其实 我 现在 就 带 着 电脑 ， 我 可以 跟 你 上网 ， 但是 我 说 不 了 话 呀 ！
哦 ， 没事儿 没事儿 ， 你 先 上课 吧 。
哦 ， 那个 课 比较 水 。
好 了 ， 好 了 。
嗯 ， 好 吧 ！
哎 ， 我 刚刚 还 跟 一个 朋友 聊天 ， 就 是 原来 我 认为 很 厉害 的 一个 学长 。
他 本来 要 去 申 出国 ， 结果 来不及 了 ， 他 又 临时 决定 找 工作 。
现在 搞 得 特别 被动 。
然后 ， 他 现在 也 觉得 ， 就 是 心理 预期 在 一 再 下降 ， 现在 他 就 说 ， 年薪 六七 万 就 行 了 。
他 啊 ？
嗯 ， 研究生 啊 ！
就 是 他 跟 我 说 浙 大 研究生 特别 不 值钱 ， 如果 他 找 工作 可能 本科 比 研究生 找 的 还 要 好 什么 的 。
然后 ， 又 跟 我 说 了 下 ， 现在 国内 的 券商 也 就 差不多 只能 这个 价 什么 的 。
这 让 我 觉得 ， 嗯 。
。
。
忽然 间 觉得 。
。
。
还有 比 你 差 的 是 吧 ？
很多 比 我 差 的 好 吗 ？
比 我 高 的 没有 几 个 人 我 觉得 。
行 啊 ！
就 是 啊 ！
但是 我 跟 你们 说 的 不 是 这个 问题 嘛 ！
因为 他 也 是 ， 他 是 青岛 的 。
他 爸 妈 就 说 你 现在 的 首要 任务 第一 是 毕业 ， 第二 是 减肥 。
你 找 不 到 工作 可以 先 回 青岛 再说 ， 但 他 自己 觉得 就 这样 可 丢人 ！
他 不 想 这样 。
我 觉得 他 ， 我 就 跟 他 说 ， 爸 妈 的 想法 肯定 跟 我们 不 一样 ， 我 跟 我 爸妈 也 吵 了 好几 架 了 ， 聊 不通 ！
我们 也 有 我们 自己 的 压力 嘛 ！
而且 那个 学长 当年 很 风云 的 好 吧 ？
然后 他 就 说 他 觉得 他 爹 说 的 对 ， “ 你 现在 就 是 怕 丢脸 ！
” 哈哈 。
啊 ？
他 爹 说 ， 你 现在 就 是 怕 丢人 呗 ！
他 说 对 ， 然后 他 说 ， 对 呀 ！
呵呵 。
他 可以 ， 路路 ， 他 现在 还 没 申请 完 呢 是 吧 ， 他 可以 再 申请 呀 ！
可是 好 工作 已经 都 招 完了 ， 你 像 我 跟 你 说 之前 拿 到 offer 的 都 已经 是 很 好 了 ！
他们 现在 没有 拿 到 offer 的 其实 是 有点 麻烦 的 。
不 是 ， 他 不 是 研究生 吗 ？
他 是 研究生 就 不能 再 学 了 是 吗 ？
研究生 再 学 就 是 博士生 了 ， 他 就 说 实在 不 行 我 就 读 个 博士 啊 。
但是 在 国内 读 个 博士 也 。
。
。
哎吆 ！
读 个 博士 ， 我 就 跟 他 说 你 想 好 了 ， 读 个 博士 可 是 未来 的 五年 。
你 完 了 之后 你 到底 是 想 去 工作 还是 想 在 学校 里面 做 这个 faculty 之类 的 。
他 说 ， 他 也 在 想 这个 问题 。
他 怎么 当时 ， 他 就 说 申请 完了 ， 所以 没 申请 上 好 的 单位 啊 ？
