他 当时 没 想 这个 啊 ！
就 说 没 想 找 工作 这 茬 ， 就 是 一直 想 申请 出国 嘛 。
结果 他 GMAT 也 没 怎么 考 好 ， 然后 他 就 ， 呃 。
。
。
反正 就 是 现在 开始 准备 ， 他 就 是 现在 开始 申 。
他 能 赶上 申请 ， 但是 他 来不及 做 准备 ， 而且 他 大学 ， 就 是 近 几 年 没有 实习 。
就 是 近 两年 没有 实习 ， 就 会 被 人家 问 啊 什么 的 。
然后 他 自己 也 觉得 。
。
。
对 呀 ！
关键 他 。
。
。
哎呀 ， 我 觉得 太 恐怖 了 ， 关键 是 他 说 他 投 出 去 五十 个 公司 ， 然后 我 就 震惊 了 。
我 说 五十 个 ？
他 说 对 ， 然后 说 他 收到 的 也 就 一半 吧 。
因为 那 个 学长 挺 胖 的 ， 他 说 那个 银行 还 有 国企 啊 什么 的 就是 要 输 身高 体重 的 ， 他 基本上 输 进去 就 会 挂 掉 。
然后 就 ， 嗯 ， 就 挺 不好 的 。
就 很 纠结 呀 ！
嗯 ， 对 ， 然后 他 这么 一 说 ， 我 就 觉得 ， 五十 份 ， 天 啊 ！
你 有 十 份 吗 ？
你 都 没 投 了 十 份 是 吗 ？
呃 ， 十 份 应该 有 的 吧 ！
行 啊 ， 你 这样 就 行 啊 。
比 上 不足 比 下 有余 。
什么 啊 ， 什么 玩意 儿 ， 你 就 这 点 追求 了 ！
气死 我 了 ！
我 这 两 天 ， 我 跟 你 说 ， 我 挂 贝 恩 那天 失眠 了 ， 晚上 三点 多 钟 才 睡 ， 早上 七点 多 钟 就 起来 了 。
然后 后来 回来 我 就 接连 睡 了 两 天 才 缓 过 来 的 。
然后 ， 我 本来 以为 我 想 明白 了 ， 去 做 创业 ， 然后 跟 张世伟 聊 了 好久 。
因为 他们 不 是 做 了 个 东西 嘛 。
然后 我 发现 他们 做 的 那个 的 商业 模式 里面 就 很难说 在 中国 要 有 一个 人 要 做 什么 东西 。
所以 我 就 很 难 加入 他们 ， 然后 我 创业 的 计划 就 泡汤 了 。
所以 我 想 我 要 不 要 自己 再 做 点 什么 东西 ， 然后 到 时候 申请 啊 什么 的 。
哎 ， 可 纠结 了 。
你 自己 ， 孩子 ， 你 自己 可 不行 。
因为 什么 呢 ， 你 自己 也 没有 什么 社会 经验 ， 再说 ， 你 还 没 出 校门 。
那 个 ， 你 还是 得 。
。
。
没有 啊 ， 这个 主要 是 为了 经历 嘛 。
这个 肯定 不 是 说 我 一个 人 做 嘛 ， 我 肯定 是 找 一 群 人 或者 说是 一个 团队 在 做 。
但是 ， 我 现在 没 哟 什么 具体 的 想法 ， 所以 说 暂时 要 搁浅 嘛 ， 就 看看 再说 咯 ！
反正 我 跟 张世伟 聊 了 嘛 ， 我 说 如果 你们 确定 在 china 这边 做 ， 又 需要 人 的 话 ， 我 说 我 毛遂自荐 一下 ！
因为 现在 没事 什么的 呀 ， 然后 张世伟 说 好 呀 ， 他 说 有 需要 跟 我 联系 啊 之类 的 。
然后 我 觉得 consulting 没有 白 做 ， 最 起码 听 一 个 businessidea 可以 听 得 懂 ， 可以 给 一些 建议 ， 然后 他 觉得 我 说 的 也 挺 有 道理 的 。
然后 ， 嗯 ， 我 觉得 在 美国 的 人 真 的 不 一样 ， 在 美国 的 有 钱 人 还 是 真 的 又 有 理想 。
我 觉得 挺 好 的 ， 真 的 应该 多 多 接触 下 这样 的 人 。
然后 又 觉得 我 还 是 真 的 想 出 国 的 ， 哈哈 ！
在 中国 没什么 好 留恋 的 ！
你 奶奶 看 个 病 ， 离休 的 ， 到 最后 还 上 门诊 拿 不 出 药 来 ， 什么 事儿 啊 ！
啊 ？
什么 意思 啊 ？
你 爸爸 让 你 出国 ， 那个 意思 ， 现在 中国 的 政策 越来越 对 老百姓 不好 了 。
那个 意思 ， 将来 你 还是 。
他 就 觉得 是 外国 在 这些 方面 还 是 比 中国 强 的 。
哎 ， 都 一样 ！
你 在 国外 。
。
。
你 在 中国 ， 你 还 是 中国 公民 呢 ， 你 在 国外 ， 你 什么 医疗 保障 都 没有 。
你 还 什么 ， 你 不 还是 要 靠 自己 嘛 ！
所以 说 ， 这个 东西 。
。
。
不 是 因为 这个 啦 ！
我 是 觉得 出去 看 一 看 ， 多 接触 点 人 ， 多 接触 点 事情 还 是 挺 好 的 。
最 起码 说 ， 生活 还 是 有 梦想 有 追求 的 。
就 不要 总 纠结 在 年薪 是 多少 万 上 ！
这个 是 个 很 烦 的 一 件 事情 。
对 对 对 ， 你 现在 终于 想 开 了 ， 宝贝 ！
不 是 ， 我 本来 就 想 得 开 。
但是 ， 不 是 这个 问题 。
是 你 周围 有 这个 东西 存在 ， 你 就 会 有 压力 的 。
或者 是 说 ， 你 就 说 会 想 ， 也 会 纠结 这个 问题 。
其实 我 主要 纠结 的 不 是 年薪 的 问题 ， 而是 说 ， 就是说 差距 嘛 ！
你 这个 时间 点 跟 别人 拉开 的 差距 ， 我 不 确定 未来 是 不 是 更 难 追 ， 你 知道 吧 ？
这 是 让 我 恐慌 的 一点 。
这个 ， 你 总 有 一 天 这个 差距 会 拉开 的 ， 这个 不好 说 。
你 要 不 你 去 ， 美国 我 觉得 没 什么 好 的 ， 你 要 不 你 去 加拿大 、 英国 也 行 。
美国 那个 治安 太 混乱 你 知道 吧 ， 不 安全 。
英国 ， 英国 地铁 还 爆炸 过 呢 。
伦敦 的 地铁 。
那 个 ， 我 觉得 没 有 什么 好 不好 的 ， 就是 你 自己 适合 哪里 就 是 好 的 。
反正 美国 ， 我 当时 自己 住 的 还是 觉得 挺 舒服 的 ， 就是 待 的 。
所以 这个 都 还 是 很 难 说 的 嘛 ， 将来 我 能 申 到 哪里 还 不好 说 。
然后 ， 我 假期 不 是 想 去 欧洲 看 一 看 嘛 。
我 觉得 美国 我 也 已经 看 过 了 ， 觉得 还 蛮 适合 。
欧洲 我 也 想 走 一 走 ， 可能 就 看 部分 ， 多多少少 了解 一点 。
然后 我 在 想 工作 之后 ， 看 能 不能 交换 到 别的 地方 去 工作 一下 ， 感受 一下 适 不 适合 。
而且 移民 也 不 需要 这么 早 嘛 ！
可以 等 我 老 了 再说 啦 ！
主要 加拿大 ， 我 觉得 太 没有 意思 了 ！
