那 反正 他 闲 着 也 是 闲 着 是 吧 ， 那 他 就 很 有 可能 跟 你 聊聊 。
并且 至少 的话 ， 这样 的 人 不 会 看到 你 在 拍照 ， 你 在 记 价格 什么 的 起 很 大 的 疑心 ， 然后 就 把 你 赶走 了 。
然后 ， 消费者 这 一块儿 ， 我 觉得 你 肯定 是 要 亮 身份 的 ， 不然 的话 ， 就是说 ， 我 就 平白 无故 来 找 你 做 研究 ， 这个 好像 不 是 很 合理 。
这样 的 话 你 是 肯定 要 亮 身份 的 。
然后 ， 还有 的 呢 ， 就是说 像 刚刚 cherry 说 的 这样 ， 你 如果 遇到 正 在 交谈 的 ， 你 也 可以 多 问问 ， 去 讨 点信息 。
我 的 感觉 是 ， 明天 是 周 六 嘛 ， 客户 会 比较 多 。
你 可以 就 听 着 ， 因为 我们 问 的 很多 问题 其实 他们 会 在 对话 中 冒 出 来 的 。
对 的 。
比如 说 “ 这个 多少 钱 啊 ， 我 看重 什么 啊 ， 你 这个 牌子 怎么样 啊 ？
” 嗯 ， 好 。
而且 反正 你 先 听 一 听 ， 你 也 可以 先 知道 谁 比较 愿意 聊 嘛 。
好 。
然后 ， 我们 这边 是 book 了 你 几 天 ？
是 一 天 还 是 两 天 ？
呃 ， 他 跟 我 说 是 一 天 ， 因为 我们 这边 有 半 天 是 在 考试 ， 所以 我 可能 不行 ， 所以 我 周末 是 可以 的 。
然后 我 是 这样 想 的 ， 如果 说 周日 客人 实在 是 太 多 了 ， 我 可能 没有 办法 跟 店员 再 聊 ， 我 可以 周一 再 去 一下 ， 但 我 不 知道 你们 是 不 是 很 急 的 要 output 。
嗯 ， 我 觉得 这边 周日 有 一些 input ， 周 一 再 来 点 应该 没 问题 。
因为 ， 怎么 说 呢 ， cherry 今天 下午 去 做 调研 的 时候 还 是 挺 花 时间 的 ， 因为 我们 其他 人 也 都 没有 去 做 ， 我们 其实 没有 什么 把握 ， 到底 这个 时间 应该 怎么 分配 。
一 个 家具城 大概 要 多久 啊 ？
啊 ？
你 说 什么 ？
就 是 cherry 在 吗 ？
现在 。
在 。
是 这样 的 ， 我 下午 差不多 一个 人 半 小时 ， 我 聊 了 四 个 人 ， 所以 差不多 在 那里 前前后后 两 个 多 小时 。
再 加上 你 找 地方 啊 ， 转转 啊 ， 打车 啊 。
你 要 是 去 的 话 我 觉得 你 可以 前 几 个 店 先 问 写 qualitative 的 东西 ， 问 的 差不多 了 之后 ， 有 一些 你 已经 知道 的 ， 有把握 的 就 不 用 在 重复 问 了 ， 你 就 多 要 些 数字 回来 。
嗯 ， 好 。
那 就 是 那个 我 有 两 个 担心 ， 第一 个 是 你 拍 照片 的 时候 会 不 会 受到 阻挠 啊 ？
你 是 亮 了 身份 之后 拍 ， 还是 亮 身份 之前 就 可以 拍 ？
这个 的话 ， 我们 的 一个 策略 就 是 ， 首先 你 可以 问 他 “ 这个 我 可不可以 拍 张 照 ？
这个 我 要 跟 我 男朋友 商量 一下 ， 然后 看看 买 哪 张 ？
” 之类 的 。
嗯 嗯 好 。
反正 你 就 是 准备 亮 身份 的 话 无所谓 ， 你 要 不 准备 亮 的 话 ， 你 就 说 “ 我 回去 跟 家 人 商量 一下 ” 什么 的 。
这个 我 觉得 应该 可能 还 好 吧 ， 反正 你 试 一下 吧 。
我们 反正 都 不 太 有 经验 。
第二 个 是 关于 价格 的 问题 啊 ， 你 刚刚 说 他 不 是 所有 的 产品 都 放 出来 ， 而且 要 根据 SKU 记 价格 嘛 ， 然后 他 店 里 有 没 有 说 产品 的 介绍 会 发给 你 啊 ？
有的 。
有的 是 吗 ？
上面 有 价 钱 吗 ？
肯定 是 没有 的 。
有 一个 东西 是 这样 的 ， 你 问 一下 他 你们 这里 打 多少 折 。
因为 我 看 下来 是 这样 的 ， 基本上 都 有 折扣 。
就 是 标价 跟 成交价 是 不 一样 的 。
对 。
哦 ， 好 的 。
其实 就是 你 首先 要 问 一下 标价 ， 然后 再 问 一 下 打 多少 折 。
然后 你 再 问 一下 “ 你们 这儿 成交量 最 大 的 大概 在 哪 一个 价位 ？
” 我 可以 问 他 哪个 买 的 最 好 ， 那个 就 是 成交量 最 大 的 价格 。
是的 。
你 可以 问问 “ 有 没 有 打折 促销 活动 ？
有 什么 产品 参加 了 啊 ？
” 之类 的 。
我 是 觉得 你 可以 周六 晚上 把 那 几 个 家具城 的 地址 都 搞搞 ， 看看 哪 一个 路线 近 ， 是 最 方便 的 。
反正 我 觉得 大概 粗粗 的话 ， 你 做 掉 一个 家具城 怎么着 儿 也 要 两三 个 小时 的 样子 。
嗯 。
所以 ， 你 周日 一 天 。
。
。
而且 家具城 就是 从 上午 十点 开 到 下午 五点 嘛 。
基本 上 ， 我 估计 你 周日 也 就 是 两三 家 这样 子 的 一个 情况 。
这个 ， 你 不用 担心 ， 我们 这 边 的 话 ， 你 周日 和 周一 应该 都 还 可以 ， 你 周日 有点 input 进来 ， 然后 周一 有点 input 进来 ， 这个 是 没有 问题 的 。
好 的 。
嗯 ， 好 呀 ！
然后 呢 ， 就 是 还有 我 今天 晚上 的 时候 大概 十点 钟 左右 吧 ， 会 把 我们 这个 整个 的 这个 压缩 包 ， 包括 我们 的 大纲 ， 表格 ， 包括 我们 刚刚 提到 的 这些 再 发邮件 给 到 你 。
还有 就 是 你 看 完 这个 大纲 之后 还有 什么 问题 ， 你 可以 打电话 给 我 和 cherry ， 我 会 把 我们 的 电话号码 都 附上 。
还有 就 是 你 觉得 你 第一 天 去 做 ， 你 觉得 你 会 遇到 什么样 的 问题 你 也 随 时 就 联系 我们 ， 这个 都 没有 问题 。
好 的 ， 这样 我 在 去 之前 再 想 一下 整个 过程 ， 看看 有 什么 问题 我 再 邮件 或者 电话 联系 你们 吧 ！
好 的 呀 ！
好 的 呀 ！
反正 我们 也 会 把 重要 问题 高亮 ， 你 有 任何 问题 都 可以 联系 我们 。
好 呀 ！
非常 感谢 你 ， 让 你 还 没有 入 职 前 就 做 这么 有 challenge 的 活动 。
哈哈 ！
哦 对 对 ， 还有 一点 就 是 ， 听说 他们 那边 买 东西 ， 就 是 吃 不 是 很 方便 ， 所以 你 最 好 带 上 一点 午饭 和 食品 之类 的 。
因为 整个 路程 可能 比较 赶 嘛 ， 尽量 不要 因为 饿 肚子 这个 事情 搞 不好 。
