好 吗 我 有 听说 过 ， 不 知道 这里 怎么样 了 。
您 怎么 进来 的 ？
对 。
我 也 不 知道 ， 而且 这个 可以 直接 接 音响 。
对 ， 但是 真 的 表演 的 时候 就 不 一样 了 那 到 也 是 ， 现在 可以 先 用 这个 。
所以 咱们 中西 结合 。
等 一下 ， 快 点 快 点 ， 拜拜 ， 你 觉得 蓝田 现在 还 开 着 吗 ？
应该 关 了 11点 了 啊 ， 你 也 可以 去 那个 有 一个 原来 那个 奶茶 店 ， 现在 卖 东西 都 是 挺 好吃 的 。
我 就 想 买 饼干 吃 。
好 象是 没 开 。
11点 了 。
1 蒋金乐 老师 采访 者 请 蒋金国 的 儿子 ， 请 他 写 的 。
哦 就 是 请 他 写 的 啊 。
他 的 名字 具体 怎么 写 这个 我们 也 不 清楚 。
这个 对联 写 的 人 呢 ， 是 海协会 写 的 。
原来 国务院 下面 一个 办公室 ， 现在 那个 海基会 。
都 不 是 简单 的 人 。
这个 是 我们 的 村长 。
村长 好 。
海协会 的 副 会长 。
这 是 刘海寿 写 的 ， 刘海寿 知道 嘛 ？
跟 齐白石 齐名 的 ， 齐白石 ， 徐悲鸿 ， 他们 齐名 。
（ 这个 就 是 莫言 写 的 ， 是 麦家 请 他 写 的 。
我们 知道 麦家 前段 时间 还 过来 了 。
对 .
.
这个 是 黄苗子 写 的 。
郁达夫 你们 知道 么 ？
他 是 郁达夫 侄女 的 先生 。
他们 都 是 文化 大家 。
所以 是 专门 请 他们 写 一些 这样 的 。
对 ， 那 就 意义 不 一样 。
这 幅 对联 是 现在 中国 书法家 协会 的 主席 ， 张海 写 的 。
这 副 对联 吗 ？
字 是 他 写 的 ， 内容 是 老 的 。
你 看 上面 写 的 “ 青田学士 西湖 老 ” ， 就是 寓意 过去 的 内容 。
我们 就 是 从青田 到 了 西湖 ， 再 从 西湖 迁 到 这里 ， 它 的 来龙去脉 ， 因为 祠堂 里面 肯定 有 些 匾 就 在 讲 他们 的 来龙去脉 。
我们 以前 这个 地方 叫 赵岭 ， 从 那个 地方 到 了 赵岭 。
绵 就 是 繁衍 下去 。
王冬龄 知道 嘛 ？
他 就 是 在 那 个 篮球场 ， 铺 一个 宣纸 ， 然后 写 逍遥游 。
不过 这个 你们 都 不 关心 （ 笑 ） 。
。
。
。
。
。
面 的 内容 ， 是 二十四孝图 。
二十四 孝 你们 知道 吧 。
我们 这个 祠堂 ， 就是 从 乾隆 那个 时候 开始 ， 雕刻 工艺 他们 已经 做 得 非常 好 了 。
我们 现在 这 代 人 的 努力 ， 就是 保护 好 ， 把 这些 匾 、 楹联 ， 请 这么 多 的 大家 来 写 。
所以 我 觉得 这 是 我们 这 代 人 做 的 比较 好 的 ， 对得起 这个 祠堂 的 、 对得起 祖先 的 一 件 事情 。
而 不 是 我们 随随便便 请 一些 人 去 写 一些 ， 一般 的 东西 就 对不起 .
.
当年 这个 祠堂 就 造 得 一流 的 ， 当年 从 它 的 建筑 是 一流 的 ， 现在 也 要 请 一流 的 名人 、 文化 大家 来 写 。
那个 是 供桌 么 ， 上面 雕 的 是 ？
这 是 供案 。
这个 是 九 个 狮子 有 什么 寓意 么 ？
寓意 “ 九世同堂 ” 。
说明 我们 一代 代 地 繁衍 。
这个 是 莲花 ， “ 一路连科 ” ， 就是 希望 后世 的 子孙 ， 学识 也好 ， 科举 也好 ， 仕途 也好 ， 一路连科 。
这 是 仙鹤 ， 表示 长寿 。
麒麟 表示 吉祥 。
（ 匾 ） “ 幅 ” 表示 “ 福 到 ” ， 是 谐音 ， 我们 这个 民俗 文化 ， 就 是 充分 运用 谐音 ； …
“ 事事 如意 ” 、 “ 九世同堂 ” ， 也 都 是 谐音 ； 那么 这 是 三羊开泰 ， 三 只 羊 ； 麒麟 谐音 吉祥 。
那 这 上面 的 雕刻 是 之前 的 吗 ？
新 做 的 ， 前不久 之前 做 的 ； 东西 原来 就 有 ， 这 就是 新 做 的 ， 以前 的 被 毁 掉 了 。
匾额 文革 都 被 破坏 掉 了 ， 只 剩下 一 块 了 ； 这 块 过 段 时间 再 放 上 去 ， 还 没 完全 修复 好 ， 还有 很多 匾额 我 正在 做 ， 上面 的 字 都 是 我们 现在 一流 的 书法家 的 作品 ， 这 是 沈鹏 的 ； 到 时候 会 一起 再 挂 上 去 。
那 之后 的 祭祀 的 话 还 是 会 在 这边 ？
对 对 。
那 那个 戏台 的 话 之后 还 会 有人 表演 吗 ？
大型 表演 肯定 不行 ， 安全 有 问题 。
讲座 ， 比如 讲座 ， 我 在 上面 做 过 两 次 讲座 ， 我 人 在 上面 ， 下面 的 人 坐 在 下面 听 ， 大型 的 演出 不 太 会 了 。
那 之前 古时候 呢 ？
都 是 在 这边 唱戏 的 。
这边 有 厢房 对 吧 ， 厢房 一 是 女士 坐 ， 有 身份 的 长辈 ， 家族 里 有 身份 的 人 可以 坐 在 里面 去 。
就 好像 西方 的 音乐 大厅 里面 ， 坐 的 包厢 。
下面 现在 一些 老爷爷 坐 的 地方 也 是 厢房 吗 ？
上下 都 是 。
麦家 小 的 时候 ， 我 比 他 大 两 岁 ， 先是 在 下面 ， 一年 级 到 三年 级 ， 然后 四年 级 我 到 了 上面 ， 麦家 是 在 下面 。
就 是 之前 宗祠 也 有 开设 学堂 ？
对 ， 就是 解放初 的 话 ， 另外 公共 的 大 房子 是 不 可能 有 的 ， 所以 很多 村庄 都 把 祠堂 作为 学校 ， 不光 是 我们 这 。
以前 的 话 ， 祠堂 里面 也 会 有 学堂 吗 ？
对 。
这 是 古代 的 传统 吗 ？
不 能 说 是 传统 。
学校 要 比较 好 的 房子 ， 以前 旧社会 你 很 难 找到 一 个 公共 的 建筑 ， 这么 大 的 。
解放 以后 ， 那个 时候 尽可能 让 老百姓 都 念书 ， 房子 没有 ， 就 利用 祠堂 。
那 块 绿色 的 匾额 ？
“ 可以 观 德 ” ， 我们 的 堂 号叫 纯一堂 。
你 看 ， 纯 二 、 三 堂 都 是 误传 ， 就是 纯一 。
为什么 呢 ？
孔子 的 《 礼记 》 里面 有 一 篇 文章 就 讲 到 ， “ 君 臣 有 纯一 之 德 ” ， 就是 君子 与 大臣 同心同德 ， 这样 才 有 可能 办 大事 ， 就 是 可以 观 德 。
那么 我们 在 这个 地方 挂 这 两 块 匾额 ， 就是说 造 祠堂 啊 ， 你 要 搞 清楚 你 的 祖先 ， …
祠堂 造 好 了 之后 ， 我们 后来 的 子孙 ， 一代 代 的 保护 它 ， 就 可以 观 德 。
