所以 这 两 块 匾额 挂 在 一起 是 有 意义 的 ， 就是 你们 整个 家族 的 人 都 一心一意 地 来 保护 祠堂 ， 就 可以 看到 整个 家族 的 德行 好 不好 ， 可以 看到 你们 祖宗 的 积德 积 的 多 不 多 ， 就是 这个 意思 。
从 这 件 事情 上 ， 可以 看到 你们 的 德行 。
那么 我们 祖宗 造 这个 祠堂 ， 费 了 很 大 心力 ， 造 这个 18年 ， 很 艰难 。
所以 就 说 ， 蒋 家 人造 祠堂 ， 可以 观 德 。
通过 我们 家族 造 祠堂 这 件 事情 ， 就 可以 看到 我们 整个 家族 的 德行 。
这里 还有 贾平凹 的 。
…
啥 ？
？
？
？
“ 翰林 ” ， 我们 的 祖先 是 翰林 。
下次 农历 十月 十五 的 时候 这些 就 都 弄 好 了 ， 正在 抓紧 做 这个 事情 ， 把 这个 地方 的 对联 都 挂 上 去 ， 中间 这些 。
…
这 里面 一共 有 十二 块 匾额 ， 戏台 那边 还 要 挂 。
你们 去 多 了 就 知道 ， 像 我们 这么 好 的 戏台 是 很 少见 的 。
我们 这 戏台 非常 漂亮 ， 上面 是 凤凰 ， 下面 是 狮子 ， 非常 漂亮 。
它 几 个 地方 雕 的 内容 大致 有 区别 ， 里面 这个 叫 引堂 ， 祭祖 的 地方 ， 表示 孝 ， 所以 刻 了 二十四 孝 。
那么 这个 厅 ， 就是 希望 是 说 ， 出 人才 出 的 多 ， 所以 上面 有 一些 封神榜 的 故事 ， 包括 高山流水 啊 里面 有 很多 美好 的 故事 。
有些 我 也 看 不 清楚 ， 必须 要 用 照片 拍 下来 才 能 看 。
要 懂 。
因为 我 父亲 小时候 也 是 读书 的 ， 他 会 告诉 我 一些 事情 。
像 其他 有 一些 农民 ， 他 也 不 知道 是 什么 ； 他 会 教 教 我 。
然后 你 看 它 的 每 一个 东西 是 有 寓意 的 。
这个 栏杆 ， 比方 说 ， 你们 有 没有 发现 里面 有 个 符号 ， 希特勒 的 那个 符号 ， “ 万 ” ， 对 ， 为什么 是 万 ？
万 在 中国 文化 里面 是 “ 万 福 ” ， 都 是 有 寓意 在 里面 。
像 这些 门 上 的 线条 是 什么 呢 ？
是 很 抽象 的 龙 ， 老百姓 叫 草龙 。
这 幅 对联 很 有意思 ， 你们 看看 文字 。
（ 对联 内容 ） “ 古 今 来 几许 世家 无非 积德 ， 天地 间 第一 件 事 还 是 读书 ” 。
就 是 一个 是 德行 ， 一个 是 读书 。
对 。
那么 这个 作者 是 清朝 乾隆 …
的 一个 非常 有名 的 文人 ， 相当 于 我们 丞相 ， 是 大学士 ， 董诰 ， 他 是 我们 富阳 人 。
这 幅 对联 非常 好 ， 他 不 是 为 我们 写 的 ， 但 我 认为 这 幅 对联 非常 好 ， 我 就 把 它 移 过来 了 ， 很 有 名 ， 特别 好 。
现在 这里 有 五 幅 对联 ？
到 时候 会 有 八 幅 。
那 像 这些 地方 还 会 不 会 挂 一些 东西 或者 修缮 一下 ？
修缮 就 这样 了 。
家具 可能 会 换换 ， 整洁 一点 。
这里 是 老年会 临时 活动 场所 ？
不 是 ， 就 在 这 ， 以后 就 在 这 。
为什么 呢 ？
因为 一个 房子 一定 要 有 人 ， 有人 气 ， 没有 人 房子 就 很 容易 衰败 。
所以 一直 以来 ， 80年代 开始 就 是 在 这 有 这个 活动 ， 那个 时候 学校 已经 搬 出去 了 。
学校 在 就 不行 的 。
学校 搬 出去 就 变成 老年会 活动中心 了 ， 我 认为 很 好 ， 有 了 人 气 ， 就 能 传承 下去 。
然后 这个 对联 ， 内容 是 我 挑 来 的 。
第一 个 字 你们 肯定 不 认识 。
这 是 “ 乡 ” ， “ 乡音 传 四海 ， 家训 越 长 空 ” 。
就 是 ， 即使 在 其他 地方 …
就 是 说明 我们 蒋 家 的 人 啊 能够 串 天下 ， 能够 出去 ， 传 四海 ， 四海 都 有 蒋 家人 ， 家乡 或者 他们 的 好 消息 ， 都 能 穿越 长空 传回 来 ， 我 认为 这个 意思 放 这 很 好 。
上面 雕 的 是 菩萨 吗 ？
不 是 菩萨 ， 菩萨 是 佛教 ， 你 讲 的 我 懂 ， 农村 说 雕 的 人 都 是 菩萨 。
实际上 这 都 是 故事 ， 这个 人 是 谁 ， 都 是 有 故事 的 。
这个 是 刘海 试 金 传 ， 看 它 手里 拿 着 铜钱 ， …
三国演义 的 故事 。
都 是 有 寓意 的 ， 不 是 想当然 。
所以 就 是 也 给 后代 有 一些 启示 。
其实 造 一 个 房子 就 好像 我们 现在 写 一 本 书 ， 要 把 告诉 你 的 东西 都 雕刻 出来 。
里面 那个 是 什么 东西 ？
这个 叫 “ 藻井 ” 。
为什么 要 这个 东西 ？
因为 以前 唱戏 没有 扩音器 ， 这个 是 让 声音 集中 ， 响 一点 。
很 美 ， 功能 是 为了 声音 的 传播 。
我们 人 在 这边 唱戏 ， 后面 的 人 都 要 能 听到 。
我 不 知道 你们 是 怎么 找 到 这儿 的 ， 作为 一个 祠堂 来说 ， 我们 是 一个 非常 典型 的 宗祠 ， 它 好在 雕刻 一流 ， 保护 一流 ； 现在 我们 把 它 修好 ， 刚才 我 讲 的 我们 请 了 这么 多 文化 大家 名人 ， 帮 我们 提 笔 ， 都 很 难得 。
杭州 博物馆 馆长 到 我们 这 看 ， 他 说 你们 有 这么 好 的 祠堂 。
这个 地方 ， 我们 小 的 时候 是 鹅卵石 ， 后来 破坏 掉 了 。
当时 村民 用 水泥 浇 好 ， 这 次 修 祠堂 呢 我 说 ， 水泥 不 能 用 ， 恢复 鹅卵石 很 麻烦 。
我们 小时候 鹅卵石 是 有 图案 的 ， 这个 图案 没 留 档案 ， 那 我 就 建议 用 老 的 青石板 。
这些 青石板 都 是 几 百年 的 ， 铺 起来 ， 一方面 ， 这 整个 味道 是 协调 的 ， 再 一方面 ， 它 也 很 坚固 。
鹅卵石 容易 破 ， 我们 小时候 鹅卵石 还 基本 是 完整 的 …
70年代 前后 。
那 这么 多 年 过去 了 ， 已经 破 掉 了 。
这次 我 就 建议 用 青石板 铺 起来 ， 你 看 旁边 还 长 草 。
所以 青石板 很 好 ， 地 没有 往 下 挖 ， 我 建议 再 往 下 一点 。
你 看 这 看 不 出来 ， 问题 不 大 ， 你 看 那 两 个 台阶 ， 是 一样 高 的 。
那 蒋 老师 ， 你 那边 有 没 有 关于 祠堂 或是 蒋 氏 宗族 的 资料 ？
有 一点 ， 我 编 了 一 本 书 。
