新 进 模特 吗 ？
这个 好像 是 。
伊萨贝拉 。
对 ， 好象 是 ， 你 打开 ， 就是 他们 出 了 一 个 系列 ， 他们 合 做 的 一 个 系列 。
然后 呢 ？
然后 在 卖 ， 前天 还是 大前天 来着 ， 在 微博 上 找 一下 吧 ， 反正 就 是 抢 的 可 火 了 ， 但是 我 也 没有 觉得 咋 好看 。
你 登 一下 微博 ， 这个 吗 ？
怎么 拼 来着 ？
这个 ？
对 ， 也 没有 怎么 好看 ， 但是 就 是 抢 的 可 火 了 ， 其实 我 也 不 知道 为什么 ， 就是 这个 。
点 开 看看 。
也 没有 觉得 咋 好看 ， 就 是 有的 淘宝 不 到 已经 吵 起来 了 。
拍卖 吗 ？
在 淘宝 搜索 啊 。
你 要 把 这个 弄 完 ？
把 晚饭 买 回来 啊 。
我 说 你 现在 要 把 什么 ？
这个 弄 改 完 。
改 完 了 。
后面 还有 要 改 的 。
你 说 哪 要 改 ？
等 一 会 先 改 改 吧 ， 你 写 的 太 少 了 ， 随便 加 点 。
我 写 的 少 ？
我 说 第二 部分 ， 还有 后面 的 。
第三 部分 你 说 不 用 改 。
我 说 从 第四 部分 后面 不 能 改 的 ， 前面 加 一点 太 少 了 。
你 加 ， 想 吃 甘蔗 ， 想 吃 甘蔗 。
吃 呗 。
吃 甘蔗 。
你 吃 就 在 桌子 上 。
我 突然 想起 一样 很 机智 的 事情 的 ， 我 发现 就 是 之前 不 是 录 着 音 么 ， 然后 那个 不 是 ？
都 可以 用 ， 但是 有 一个 问题 是 ， 那边 老人 说 的 。
我 录 的 那 段 是 普通话 的 。
是 讲 金 乐 那个 ？
那个 可以 。
而且 那个 是 这个 是 音 。
谢谢 ， 阶段性 成果 。
怎么 了 。
我们 并 许多 总结 典型 范 示 ， 这 是 我 一 开始 以 我 的 思路 写 的 。
好 了 。
那 我们 没有 成果 啊 。
现在 就 没有 成果 SOWHAT ， 就 是 已经 就 是 明确 了 我们 最后 一个 实 验方 案 了 ， 并 不 一定 说是 实验 成果 现在 拿 一个 新型 颜料 。
阅读 一 题 ， 阅读 资料 ， 关键 的 一 步 。
什么 ？
没有 我 自己 再 看 。
﻿ 你们 有 看 过 那些 文献 吧 ？
没有 。
我 也 没有 看 。
都 没 看 ， 我们 讨论 什么 。
请 组长 大人 总结 陈词 。
他 的 那个 两 个 能 应用 到 你 的 研究 里面 去 吗 ？
不 能 。
我 觉得 跟 我 的 论文 的 研究 关系 比较 小 ， 的 话 还 有 一点 关系 。
如果 把 它 当成 是 那种 来说 的话 ， 因为 我 要 做 的 是 文革 对 它 的 破坏 ， 然后 之后 怎么 修复 ， 肯定 要 采访 当地人 对于 那段 历史 破坏 的 程度 ， 然后 之后 是 怎么 修复 的 ， 然后 这 就是 通过 当地人 的 话语 来 重构 这个 地方 ， 所以 这种 叙述 方法 我 觉得 还 是 跟 我 的 论文 有 一定 关系 的 。
机智 、 聪明 。
我 就 不 讨论 了 。
我 觉得 那 跟 我 没 有 半 毛 钱 的 关系 。
你 的 论文 题目 不 是 吗 ？
对不起 ， 我 不 是 ， 我 写 的 不 是 说 了 吗 ？
我 想 想 。
我 想 就 是 。
就 是 从 大家 讲 故事 ， 他们 对 发生 在 祠堂 的 一些 故事 的 叙述 然后 来说 一下 ， 就 是 来 看看 就是 这个 是 怎么 被 构成 的 那种 感觉 。
因为 之前 看 老师 在 ， 上 一 次 发 的 那个 论文 就 是 类似 于 这 方法 ， 而且 它 有 一点 差别 。
它 有 一 组 对比 的 ， 但是 我 就是 这 一 次 可能 就 没有 对比 做 。
我 做 的 是 保护 的 ， 跟 这 没 有 半 毛 钱 关系 。
如果 是 的 话 我 要 写 的 是 文化 记忆 的 一 种 体现 ， 跟 有 一点 关系 。
就 是 文化 记忆 的 话 它 也 是 要 通过 在 那个 地方 ， 是 当地 的 记忆 然后 是 跟 地方 是 有 关系 。
我 也 不 知道 怎么 说 ， 去 理解 它 。
所以 我 很 迷盲 。
然后 我 突然 想 的 就 是 错 跟 联系 在 一起 ， 我 想 大 的 就 是 那个 对联 里面 有 三晋 这个 地名 。
三晋 的 话 根据 他 说 的 ， 以及 我 查 到 的 一些 资料 ， 其实 就是 背后 有 一 种 文化 意义 在 ， 就 是 一 种 影视 的 价值 观念 。
所以 我 觉得 如果 把 那 个 （ 00：02：59 英文 ） 应用 到 我 的 研究 里面 去 的 话 ， 也 有 一点 的 作用 。
然后 话语 的 话 就 像 老师 说 的 春秋 笔法 的 那 种 ， 文化 以 叙述 的 方式 吧 ， 也 只能 是 指导 我们 怎么 写 ， 怎么 把 那些 当地 的 一些 说法 转述 出来 ， 其他 我 觉得 我 也 不 清楚 我 有 什么 借鉴 了 。
你 要 写 文化 祭 那 方面 吗 ？
嗯 。
文化 祭 是 有 专业 理论 的 你 看 了 吗 ？
那 到 没有 ， 我 只是 想 通过 直接 分析 ， 以及 当地 人 对 银联 匾额 的 理解 ， 然后 结合 这些 。
那 你 最 好 不 要 用 到 这个 词 ， 就 文化 祭 这个 专业 词语 。
多 大 仇 啊 。
不 是 ， 真 的 ， 学术 严谨 。
culturememory 是 有 定义 的 ， 你 要不然 就 不 要 用 这个 ， 你 就 直接 用 memory 或者 是 peoplesmemoryof 什么 什么 ， 不 要 用 culturememory ， 这 是 有 定义 的 。
确实 文化 祭 这个 词 是 笔格 比较 的 高 。
对 。
怎么 在 一 晚上 之内 看 完 六 篇 文献 ？
我 花 了 20 天 只 看 完 了 一 篇 文献 ， 我 还 没 看 懂 。
就 是 那些 论文 对于 的 叙述 就 是 太 理论 了 你 知道 吗 ？
就 不 知道 要 怎么 把 它 结合 到 我们 具体 的 研究 当中 去 。
是 什么 意思 ？
我们 先 写 的 都 很 清楚 的 。
我 也 不 怎么 清楚 ， 我 只是 把 里面 的 一些 句子 摘 出来 ， 具体 整体 理解 我 根本 就 理解 不 了 。
那 要 不 还 是 明天 讨论 吧 ， 我 接 下来 要 洗澡 了 。
那 就 是 大家 回去 之后 自行 拿 着 文献 谷歌 翻译 一下 ， 起码 知道 他们 在 讲 。
那 不 能 没 办法 ， 完全 不 知道 怎么 讨论 ， 要 不 我们 就 光 来 讨论 其中 一个 词 在 《 辞海 》 里面 是 什么 定义 吧 ， 不 能 我 也 实在 没 想 出 。
