…/ws
男/b刑警/n:/wp你/rr说/v，/wd前/f天/qt上午/t十一点/t至/p十一点/t半/m之间/f，/wd你/rr在/p什么/ry地方/n？/ww
志新/nr2:/wp噢/e，/wd我/rr在/p银河/n公司/n胡总/nr那儿/rzs…/ws
…/ws
玩/v拱/v猪/n…/ws
…/ws
哎哟/e，/wd我/rr那/rzv叫/vi背/v哟/e，/wd那天/r我/rr跟/p您/rr说/v我/rr…/ws
…/ws
男/b刑警/n:/wp在/p那/rzv期间/f，/wd这个/rzBP/x机/ng的/ude1主人/n，/wd在家/vi遭到/v了/ule抢劫/vn志/n新/a:/wp嗯/e？/ww
男/b刑警/n:/wp他/rr本人/rr的/ude1头部/n挨/v了/ule一/m砖头/n女/b刑警/n:/wp又/d挨/v了/ule一/m闷棍/n男/b刑警/n:/wp又/d挨/v了/ule一/m榔头/n女/b刑警/n:/wp又/d挨/v了/ule一/m斧子/n志/n新/a:/wp唉/e唉/e唉/e唉/e，/wd别/d别/d别/d挨/v了/y，/wd那/rzv脑袋/n还/d能/v要么/c…/ws
…/ws
男/b刑警/n:/wp现在/t事主/n，/wd正/d在/p医院/n抢救/vn，/wd而/cc本案/r最/d大/a的/ude1嫌疑犯/n----/wp就/d是/vshi你/rr志/n新/a:/wp凭/p什么/ry呀/y，/wd噢/e，/wd就/d因为/p他/rr这/rzvBP/x机/ng在/p我/rr…/ws
…/ws
男/b刑警/n:/wp说/v吧/y志/vg新/a:/wp看来/v，/wd我/rr不/d坦白/a，/wd这/rzv关/n是/vshi真/d过不去/vi了/y，/wd我/rr真/d为/v我/rr自己/rr所/usuo犯/v的/ude1错误/n深感/v痛心/a男/b刑警/n:/wp先/d别/d忙/v着/uzhe痛心/a呢/y，/wd先/d说/v这/rzvBP/x机/ng的/ude1来路/n志/n新/a:/wp我/rrBP/x机/ng确定/v不/d是/vshi我/rr买/v的/ude1，/wd它/rr是/vshi我/rr昨天/t晚上/t在/p外边/f----/wp捡/v的/ude1！/wt
第11/m集/q无线/b寻踪/vn（/wkz上/f）/wky完/vi第12/m集/q无线/b寻踪/vn(/wkz下/f)/wky简介/n:/wp志新/nr2对/p身/ng犯/v重罪/n的/ude1莉达/nr2还/d存/v有/vyou一/m丝/q幻想/n，/wd在/p莉达/nr2去/vf过/uguo他/rr家/n一/m次/qv后/f，/wd他/rr做出/v了/ule选择/v（/wkz接/v上/vf集/ng，/wd客厅/n）/wky男/b警察/n:/wp捡/v的/ude1？/ww
哈哈/o，/wd我/rr说/v你/rr小子/n手气/n不错/a呀/y，/wd啊/y？/ww
像/p我们/rr这个/rz整天/d大街/n上/f溜达/v怎么/ryv捡/v不/d着/uzhe啊/y？/ww
啊/y？/ww
志新/nr2:/wp那/rzv也/d分/v是/vshi谁/ry，/wd我/rr活/v三十/m来/m岁/qt我/rr这/rzv也/d头/m一/m回/qv男/b警察/n:/wp哈哈哈/o，/wd你/rr还/d挺/d谦虚/a，/wd哪儿/rys捡/v的/ude1？/ww
志新/nr2:/wp啊/e，/wd就是/v在/p我们/rr家/n楼下/s那个/rz石/ng桌/ng底下/f男/b警察/n:/wp什么/ry时间/n？/ww
志新/nr2:/wp大概/d是/vshi，/wd夜里/t一点/mq多/a吧/y我/rr光顾/v捡/v东西/n没/d顾/v上/f看/v表/vg男/b警察/n:/wp现场/s有/vyou目击者/n么/y？/ww
志新/nr2:/wp没有/v，/wd您/rr想/v都/d夜里/t一点/mq多/a了/ule谁/ry还/d跟/v外面/f溜达/v呀/y那/rzv不/d是/vshi有/vyou病/n么/y…/ws
…/ws
男/b警察/n:/wp那/rzv你/rr呢/y？/ww
志新/nr2:/wp我/rr不/d是/vshi出/vf来/vf考虑/v一些/mq问题/n么/y？/ww
您/rr看/v我/rr也/d这个/rz岁数/n了/y，/wd也/d到/v了/ule该/rz有/vyou心事/n的/ude1年龄/n了/y，/wd咱们/rr警民/n一/m家/q，/wd有/vyou什么/ry事儿/n也/d不/d瞒/v您/rr，/wd其实/d我/rr想/v的/ude1也/d都/d是/vshi些/q小/a事儿/n，/wd像/p咱们/rr国家/n这个/rz经济/n过/uguo热/a这个/rz现象/n是/vshi不/d是/vshi该/rz降/v降温/vi了/y，/wd联合国/nt今年/t这个/rz财政/n预算/n是/vshi不/d是/vshi又/d有/vyou缺口/n？/ww
男/b警察/n:/wp什么/ry？/ww
联合国/nt的/ude1事儿/n也/d用/v的/ude1着/uzhe你/rr操心/v？/ww
人家/n联合国/nt有/vyou秘书长/n呢/y！/wt
对/p不/d对/v？/ww
懂/v么/y你/rr？/ww
（/wkz向/p女/b警察/n）/wky是/vshi吧/y，/wd那个/rz那个/rz秘书长/n女/b警察/n：/wp加利/nrf男/b警察/n:/wp啊/y对/p志新/nr2:/wp对/p，/wd小/ad加/v，/wd小/ad加/v，/wd这/rzv二/m年/qt干/v的/ude1不错/a，/wd所以/c说/v对/p他们/rr年轻人/n，/wd咱/rr就/d得/ude3放手/vi…/ws
…/ws
男/b警察/n:/wp得/v得/ude3得/v嘿/e，/wd还/d来劲/a了/ule是/vshi吧/y，/wd你/rr说/v，/wd你/rr捡/v着/uzheBP/x机/ng以后/f，/wd你/rr打算/v怎么办/ryv来/vf着/uzhe当时/t志/n新/a:/wp说/v出来/vf您/rr就/d得/ude3批评/v我/rr，/wd我/rr当时/t想/v吧/y，/wd玩儿/v两/m天/qt再/d给/p失主/n送/v回去/v，/wd您/rr说/v，/wd我/rr这/rzv思想/n觉悟/n跟/p雷锋/nr比/v，/wd我/rr这/rzv差距/n有/vyou多/m大/a啊/y…/ws
…/ws
特别/d是/vshi刚才/t听/v您/rr说/v，/wd失主/n挨/v完/vi闷棍/n还/d在/p医院/n躺/v着/uzhe呢/y，/wd您/rr说/v他/rr现在/t多么/d需要/v这个/rzBP/x机/ng跟/p亲人/n取得/v联系/v，/wd您/rr二/m位/q来/f的/ude1正好/z，/wd您/rr受累/vi，/wd您/rr把/pba这/rzvBP/x机/ng还给/v失主/n，/wd啊/y，/wd跟/p他/rr说/v，/wd别/d谢/v我/rr，/wd要/v谢/nr1就/d谢/v咱们/rr时代/n哺育/v了/ule我/rr这样/rzv的/ude1好/a青年/n…/ws
…/ws
男/b警察/n:/wp呸/e！/wt
还/d美/a的/ude1你/rr了/y，/wd我/rr告诉/v你/rr贾志新/nr，/wd这个/rzBP/x机/ng，/wd就是/v本市/r，/wd近来/d几/m起/q重大/a抢劫/vn案/ng的/ude1线索/n，/wd我们/rr既然/c找到/v了/ule你/rr，/wd就/d不/d会/v轻易/d撒手/vi，/wd你/rr可/v想/v好/a了/ule志新/nr2:/wp那/rzv那/c您/rr得/v给/p我/rr个/q思想/n斗争/vn的/ude1时间/n啊/e…/ws
…/ws
男/b警察/n:/wp行/vi，/wd那/rzv就/d给/p你/rr一/m段/q时间/n，/wd（/wkz从/p女/b警察/n接/v过/uguo纸/n，/wd给/p志新/nr2）/wky，/wd啊/e想/v好/a了/ule打/v这/rzv个/q电话/n找/v我/rr志/n新/a:/wp唉/e唉/e唉/e唉/e男/b警察/n:/wp时间/n不/d多/ad可/v得/ude3抓紧/v啊/y（/wkz起身/vi）/wky志新/nr2:/wp行/vi行/ng行/ng行/ng，/wd唉/e，/wd那/rzvBP/x机/n您/rr还/d我/rr…/ws
…/ws
男/b警察/n:/wp你/rr不/d是/vshi手气/n不错/a么/y？/ww
上/f大街/n上/f再/d捡/v一个/mq，/wd这个/rz没收/v了/ule（/wkz转身/vi走/v）/wky志新/nr2:/wp唉/e不/d拿/v群众/n一针一线/nl那/rzv毛/nr1主席/n…/ws
…/ws
不/d是/vshi我/rr那/rzv意思/n就/d是/vshi您/rr吃/v完/vi饭/n再/d走/v多/m好/a那个/rz晚上/t吃/v饺子/n…/ws
…/ws
（/wkz客厅/n，/wd志新/nr2打电话/vi）/wky志/n新/a:/wp唉/e喂/e，/wd麻烦/an请/v呼/v1315/m，/wd唉/e免/v贵姓/n贾/nr1，/wd啊/y您/rr跟/p她/rr说/v，/wd今晚/t上/f老/a地方/n有/vyou要事/n商谈/vn，/wd您/rr最/d好/a给/p我/rr呼/v个/q十/m遍/qv八/m遍/qv的/ude1…/ws
…/ws
唉/e唉/e唉/e再见/vi再见/vi谢谢/v谢谢/v（/wkz挂/v）/wky傅老/nr:/wp（/wkz拿/v个/q打包/vn棉被/n上/f）/wky唉/e，/wd你/rr还/d没/d让/v人家/rr给/p你/rr带走/v啊/y，/wd和平/ad说/v还/d让/v我/rr给/p你/rr送/v被子/n去/vf呢/y志/vg新/a:/wp什么/ry话/n…/ws
…/ws
这/rzv哪儿/rys的/ude1事儿/n啊/y，/wd人家/rr警察/n同志/n找/v我/rr是/vshi了解/v点儿/q情况/n…/ws
…/ws
（/wkz坐/v）/wky傅老/nr:/wp你/rr可/v越来越/d出息/n了/y啊/y，/wd连/ulian警察/n你/rr都/d给/p我/rr招/v家/n来/vf了/ule志新/nr2:/wp那/rzv也/d得/v分/qt来/f干/v什么/ry（/wkz掏/v烟/n，/wd已/d空/v）/wky傅老/nr:/wp来/f干/v什么/ry？/ww
总/d不/d会/v来/vf请/v你/rr给/p他们/rr上/vf法制/n课/n吧/y，/wd听/v和平/ad说/v，/wd人家/rr是/vshi为/vBP/x机/ng的/ude1事/n，/wd我/rr看/v也/d是/vshi，/wd（/wkz掏/v烟/n）/wky你/rr现在/t穷/a的/ude1，/wd连/ulian碗/q馄饨/n你/rr都/d买/v不/d起/vf，/wd（/wkz志/n新/a欲/d接/v老/a傅/nr1烟/n，/wd失败/vi）/wky你/rr还/d买/vBP/x机/n呢/y你/rr，/wd哼/e，/wd还/d得/ude3说/v人家/rr警察/n同志/n的/ude1觉悟/n高/a，/wd（/wkz志新/nr2又/d欲/d接/v烟/n，/wd又/d失败/vi）/wky一/m眼/q就/d看/v出/vf问题/n来/vf了/y，/wd你/rr说/v昨天/t我/rr怎么/ryv就/d没/d想到/v志新/nr2:/wp爸/n您/rr别/d听/v风/n就/d是/vshi雨/n好/a不好/a？/ww
