…/ws
和平/n:/wp哎呀/e爸/n我/rr都/d快/a四十/m了/ule穿/v不/d了/ule那个/rz啦/y…/ws
…/ws
傅老/nr:/wp不/d是/vshi给/p你/rr买/v地/n，/wd给/p别人/rr地/n和平/n:/wp给/v别/d…/ws
…/ws
噢/e我/rr知道/v了/y，/wd您/rr瞅/v着/uzhe志新/nr2那儿/rzs搞/v上/vf对象/n了/ule您/rr也/d不/d甘心/v想/v就/d着/uzhe这/rzv乱/a劲儿/n呢/y给/p自个儿/rr也/d找/v一/m合适/a的/ude1，/wd多/d大/a岁数/n我/rr帮/v您/rr参谋/n参谋/n啊/e…/ws
…/ws
傅老/nr:/wp二十/m出头/m地/n…/ws
…/ws
（/wkz和平/n:/wp啊/y？/ww
）/wky长/a的/ude1不错/a地/ude2，/wd（/wkz和平/n：/wp哟/y？/ww
）/wky唉/e你/rr想/v到/v哪里/rys去/vf了/ule嘛/y，/wd是/vshi要/v送给/v溜达/v姑娘/n的/ude1见面礼/n…/ws
…/ws
和平/n:/wp您/rr甭/d老/a溜达/v溜达/v的/ude1成/v不/d成/v啊/y？/ww
傅老/nr:/wp（/wkz与/p和平/n）/wky莉达/nr2！/wt
和平/n:/wp唉/e谢谢/v您/rr（/wkz转身/vi）/wky傅老/nr:/wp这个/rz上次/t人家/rr送给/v我/rr两/m个/q那个/rz什么/ry（/wkz志新/nr2上/f）/wky真丝/n地/ude2，/wd我/rr要/v送给/v她/rr就/d送给/v她/rr好/a的/ude1（/wkz看/v信封/n）/wky我/rr这里/rzs好像/v…/ws
…/ws
唉/e？/ww
这个/rz存折/n怎么/ryv没/d有/vyou啦/y？/ww
（/wkz找/v）/wky和平/n你/rr是/vshi不/d是/vshi动/v了/y？/ww
和平/n:/wp我/rr动/v它/rr干/v嘛/y呀/y？/ww
志国/nr2:/wp（/wkz急/v上/f）/wky唉/e和平/n啊/y，/wd你/rr也/d忒/d不/d讲/v信用/n了/ule和平/n:/wp怎么/ryv了/y？/ww
志国/nr2:/wp说/v好/a了/ule这/rzv月工资/n归/v我/rr支配/v，/wd你/rr怎么/ryv又/d都/d拿走/v了/y？/ww
和平/n:/wp谁/ry都/d拿走/v啦/y？/ww
志国/nr2:/wp啊/e没/d都/d拿/v走/v，/wd还/d剩/v一/m毛/q五/m，/wd将/d够/v买/v份/q晚报/n的/ude1和平/n:/wp嘿/e你们/rr可/v真/d够/v可以/v的/ude1啊/y一大早/t上/f起来/vf爸/n说/v我/rr拿/v存折/n了/ule你/rr说/v我/rr拿/v你/rr工资/n了/ule我/rr干/v嘛/y呀/y志/vg国/n:/wp(/wkz把/pba钱包/n扔/v给/p和平/n)/wky不/d是/vshi你/rr看看/v…/ws
…/ws
和平/n:/wp我/rr在/p你们/rr家/n十几/m年/qt我/rr今/tg倒/d成/v贼/n了/ule我/rr给/p你们/rr找/v去/vf（/wkz下/f）/wky志新/nr2:/wp唉/e唉/e甭/d找/v了/y，/wd我/rr知道/v是/vshi怎么/ryv回/v事/n…/ws
…/ws
傅老/nr:/wp怎么/ryv回/v事/n？/ww
闹鬼/vi啦/y？/ww
志新/nr2:/wp没/d错/v，/wd还是/c一/m女/b鬼/n…/ws
…/ws
和平/n:/wp（/wkz在/p外间/n喊/v）/wky志/n国/n，/wd志国/nr2怎么/ryv回/v事/n啊/y我/rr那/rzv耳环/n哪儿/rys去/vf了/ule你/rr是/vshi不/d是/vshi拿/v着/uzhe送别/v的/ude1女/b的/ude1了/y去/vf你/rr？/ww
志国/nr2:/wp我/rr送/v谁/ry了/y我/rr…/ws
…/ws
和平/n：/wp你/rr说/v你/rr送/v谁/ry呀/y…/ws
…/ws
志新/nr2:/wp唉/e唉/e唉/e，/wd我/rr送/v的/ude1我/rr送/v的/ude1，/wd我/rr送给/v莉达/nr2小姐/n了/ule和平/n:/wp嘿/e…/ws
…/ws
不/d是/vshi…/ws
…/ws
你/rr你/rr…/ws
…/ws
你/rr送/v她/rr我/rr没/v意见/n啊/y，/wd你/rr送/v那/rzv溜达/v我/rr告诉/v你/rr…/ws
…/ws
傅老/nr:/wp莉/x----/wp达/v和平/n:/wp你/rr怎么/ryv你/rr也/d得/v经/p我/rr同意/v吧/y你/rr送/v她/rr东西/n…/ws
…/ws
志新/nr2:/wp别/d说/v你/rr没/d同意/v，/wd连/ulian我/rr都/d没/d同意/v（/wkz起身/vi）/wky，/wd我/rr找/v她/rr去/vf啊/y，/wd等/v着/uzhe，/wd我/rr找/v她/rr去/vf！/wt
（/wkz客厅/n打电话/vi）/wky志新/nr2:/wp喂/v，/wd请/v急/ad呼/v1315/m啊/y免/v贵姓/n贾/nr1…/ws
…/ws
啊/e不/d不/d不/d不/d不/d不/d不/d我/rr不/d姓/v贾/nr1我/rr姓/v杨/nr1，/wd啊/e姓/v杨/ng…/ws
…/ws
啊/e不/d是/vshi没/d说/v清楚/a是/vshi我/rr妈/n改嫁/vi以后/f我/rr随/p我/rr妈/n那/rzv姓/v啦/y，/wd啊/y这/rzv您/rr就/d甭/vd管/v了/y…/ws
…/ws
啊/e姓/v杨/nr1，/wd啊/y您/rr就/d说/v，/wd速/ag来/vf燕/ng红/a咖啡/n厅/n取/v火车票/n，/wd…/ws
…/ws
唉/e对/v，/wd…/ws
…/ws
您/rr给/p我/rr呼/v二十/m遍/qv（/wkz挂/v）/wky（/wkz拿/v出/vf张/nr1纸/n,/wd再/d拨/v电话/n,/wd做/v紧急/ad状/vg）/wky喂/v，/wd是/vshi公安局/n刑警队/n嘛/y？/ww
唉/e我/rr找/v段/q师傅/n，/wd不/d是/vshi，/wd我/rr是/vshi小贾/nr…/ws
…/ws
（/wkz燕/ng红/a咖啡/n厅/n，/wd莉达/nr2一/m人/n坐/v等/udeng，/wd志/n新/a上/f）/wky（/wkz猛/d拍/v莉/x达/v肩/n，/wd两/m人/n都/d吓/v一/m跳/q）/wky莉达/nr2:/wp你/rr怎么/ryv来/vf了/y…/ws
…/ws
志新/nr2…/ws
…/ws
志新/nr2:/wp给/p你/rr送/v火车票/n好/a上/f你/rr溜/v啊/y…/ws
…/ws
莉/x达/v:/wp是/vshi你/rr呼/v的/ude1我/rr不/d是/vshi杨子/nr啊/y…/ws
…/ws
志新/nr2:/wp哼/e，/wd我/rr要/v不/d使/v点儿/q招/n儿/k能/v把/pba你/rr请/v出来/vf嘛/y？/ww
（/wkz莉达/nr2看/v周围/f）/wky（/wkz笑/v）/wky唉/e我/rr说/v，/wd你/rr甭/d想/v逃/v的/ude1事儿/n了/y啊/y，/wd在/p学校/n我/rr拿/v过/uguo短跑/n冠军/n，/wd不/d信/v咱/rr俩/m就/d赛赛莉达/nrf:/wp唉/e信/n信/n信/n，/wd我/rr信志新/nr:/wp哼/v…/ws
…/ws
燕红/nr2:/wp（/wkz冷冰/nr）/wky这/rzv位/q先生/n喝/vg点儿/n什么/ry呀/y？/ww
志新/nr2:/wp给/p我/rr来/vf一八/m喜/ng冰/n激/v淋/v，/wd我/rr先/d去/vf去火/v燕红/nr2:/wp这/rzv位/q小姐/n呢/y？/ww
志新/nr2:/wp凉水/n燕红/nr2:/wp凉/v凉/a凉水/n？/ww
志新/nr2:/wp凉水/n！/wt
燕红/nr2:/wp好/a嘞/y，/wd我/rr上/vf后院/n自来水/n管子/nr给/p你/rr接/v去/vf（/wkz哼/v歌/n下/f）/wky志新/nr2:/wp我/rr说/v，/wd咱/rr俩/m聊聊/v吧/y？/ww
莉/x达/v:/wp唉/e，/wd事/n到/p如今/t，/wd我/rr还有/v什么/ry可/v聊/v的/ude1，/wd本来/d打算/v跟/p你/rr借/v点儿/q钱/n，/wd远走高飞/vl出去/vf躲/v两/m天/qt风/n，/wd怕/v你/rr没/v钱/n又/d不好意思/a开口/vi跟/p家里/s要/v，/wd就/d自/p做/v主张/v从/p你们/rr家/n顺/v了/ule点儿/n…/ws
…/ws
这个/rz事先/d没/d请示/v事/n后/f没/d汇报/v，/wd这/rzv是/vshi我/rr组织纪律性/n不/d强/a的/ude1表现/vn，/wd我/rr要/v做/v深刻/a的/ude1反省/vn…/ws
…/ws
志新/nr2:/wp行/a行/n唉/e唉/e唉/e唉/e，/wd咱/rr俩/m时间/n可/c不/d多/a啊/y，/wd有/vyou什么/ry心里话/n，/wd赶紧/d奔/v外/f掏/v，/wd如果/c能/v求得/v我/rr的/ude1谅解/vn，/wd赶明儿/d个/q，/wd逢年过节/bl兴许/d我/rr到/v里边/f看看/v你/rr去/vf莉达/nr2:/wp我/rr明白/v了/y，/wd你好/vl狠心/a啊/y你/rr，/wd我/rr还有/v逃脱/v的/ude1希望/n么/y？/ww
志新/nr2:/wp恐怕/d是/vshi没有/v了/y，/wd您/rr自己/rr回头/d看/v看/v（/wkz两/m刑警/n着/uzhe便衣/n上/f）/wky莉达/nr2:/wp啊/e，/wd你/rr是/vshi说/v我/rr身后/f这/rzv两/m个/q…/ws
…/ws
是/vshi警察/n？/ww
志新/nr2:/wp（/wkz阴阳怪气/al）/wky刑警队/n的/ude1，/wd你/rr要/v能/v跑/v过/uguo他们/rr，/wd你/rr就/d试试/v莉/x达/v:/wp算/v了/ule吧/y我/rr别/d试/v了/y，/wd我/rr要/v有/vyou那/rzv本/q事/n我/rr就/d早/a就/d参加/v七/m运/v会/v参加/v女子/n短跑/n了/y，/wd说不定/vl啊/y这会儿/rzt还/d拿/v两/m块/q金牌/n呢/y…/ws
…/ws
志新/nr2:/wp我/rr说/v啊/y（/wkz莉达/nr2：/wp嗯/e？/ww
）/wky把/pba该/rz说/v的/ude1赶紧/d说/v啊/y，/wd人家/rr警察/n同志/n是/vshi看/v着/uzhe我/rr的/ude1面子/n，/wd才/c给/p你/rr这/rzv最后/f几/m分钟/qt，/wd（/wkz向/p两/m警察/n）/wky可/v不/d敢/v耽误/v人家/rr正/d事儿/n啊/y莉/x达/v:/wp事/n到/p如今/t，/wd我/rr还有/v什么/ry可/v说/v的/ude1，/wd说/v我/rr恨/v你/rr吧/y，/wd我/rr太/d不/d忍/v了/y，/wd说/v我/rr爱/v你/rr吧/y，/wd又/d太/d伪/ag心/n了/y，/wd全/d怪/v我/rr好吃/a懒/a做/v，/wd落/v到/p今天/t这/rzv一/m步/qv，/wd这/rzv进/vf到/v里头/f，/wd懒/a做/v是/vshi懒/a不/d了/y了/y，/wd都/d得/ude3劳动改造/vl，/wd好吃/a这/rzv毛病/n兴许/d可以/v保留/v，/wd唉/e对了/vl，/wd我/rr赶紧/d告诉/v你/rr我/rr愿意/v吃/v什么/ry，/wd等/udeng你/rr以后/f看/v我/rr想/v着/uzhe给/p我/rr带/v志/n新/a:/wp行/vi行/ng行/ng行/ng，/wd说说/v说/v我/rr记/v着/uzhe…/ws
