而且/c这/rzv不/d是/vshi什么/ry彩票/n么/y，/wd这/rzv叫做/v有/vyou奖/n福利/n志/n新/a:/wp听说/v过/uguo听说/v过/uguo，/wd专门/d蒙/vi你们/rr这些/rz老头/n老太太/n的/ude1傅老/nr:/wp不/d会/v吧/y燕红/nr2:/wp傅/nr1伯伯/n，/wd您/rr中/f的/ude1那/rzv是/vshi几/m等/udeng奖/n啊/y？/ww
傅老/nr:/wp八/m等/udeng奖/n（/wkz众人/n：/wp嗨/e）/wky这个/rz奖品/n不/d在/p多少/ry啊/y，/wd主要/d是/vshi我们/rr老/a一/m代/q人/n，/wd对/p社会/n福利/n事业/n的/ude1一/m片/q心意/n嘛/y（/wkz众人/n要/v看/v奖品/n）/wky，/wd这个/rz奖品/n嘛/y，/wd不/d太/d理想/a，/wd不/d看/v也罢/y（/wkz志新/nr2拿/v过/uguo，/wd给/p大家/rr看/v）/wky志新/nr2:/wp哟/e，/wd还是/c金刚砂/n牌/n手纸/n（/wkz众人/n：/wp嗨/e）/wky，/wd说/v您/rr什么/ry好/a…/ws
…/ws
（/wkz和平/n怯生生/z上/f）/wky志国/nr2:/wp哟/e，/wd回来/v啦/y，/wd报纸/n买/v了/ule么/y？/ww
和平/n:/wp买/v了/y…/ws
…/ws
志国/nr2:/wp中/b了/y嘛/y？/ww
和平/n:/wp没/v敢/dg瞅/v…/ws
…/ws
志新/nr2:/wp嗨/e，/wd（/wkz拿/v过/uguo报纸/n）/wky你/rr要/v能/v中奖/vi，/wd我/rr把/pba这/rzv卷/q手纸/n我/rr给/p吃/v了/y…/ws
…/ws
那/c我/rr给/p你/rr念念/v啊/y，/wd头等/b奖/n一/m名/q，/wd三居室/n住房/n一/m套/q和平/n:/wp啊/y？/ww
志新/nr2:/wp别/d紧张/a别/d紧张/a，/wd要是/c朝向/v不好/a交通/n不便/a咱/rr不/d去/vf和平/n:/wp你/rr赶紧/d着/uzhe吧/y（/wkz志国/nr2：/wp快/d说/v快/d说/v）/wky志新/nr2:/wp幸运/a号码/n是/vshi，/wd0608250/m，/wd中/f了/y么/y？/ww
和平/n:/wp0/m…/ws
…/ws
没/d有/vyou志/n新/a:/wp别/d懈/vg气/n啊/y，/wd还有/v二等奖/n，/wd奥运/n银牌/n一样/uyy光荣/a啊/y，/wd这/rzv二等奖/n啊/y是/vshi夏利/nz轿车/n一/m辆/q（/wkz众人/n讨论/v）/wky（/wkz向/p傅老/nr等/udeng）/wky你/rr说/v这/rzv上/f牌子/n特别/d难/a，/wd考/v本子/n就/d更/d难/a了/y，/wd（/wkz和平/n：/wp唉/e唉/e你/rr赶紧/d吧/y）/wky你/rr说/v你/rr不要/d什么/ry他/rr偏/d给/p你/rr什么/ry（/wkz众人/n催/v）/wky，/wd噢噢/o，/wd号码/n号码/n啊/y，/wd嗯/e嗯/e，/wd二等奖/n这/rzv号码/n是/vshi2300763/m，/wd中/f了/y么/y？/ww
和平/n:/wp…/ws
…/ws
没有/v…/ws
…/ws
志新/nr2:/wp重要/a地/ude2在于/v参与/v啊/y，/wd还有/v三等奖/n，/wd三等奖/n，/wd三等奖/n也/d非同小可/vl，/wd香港/ns七日/t游/v（/wkz向/p众人/n）/wky这/rzv还/d真/a麻烦/an，/wd（/wkz压/v过/uguo众人/n声/ng）/wky麻烦/a啦/y，/wd麻烦/an了/y，/wd还/d得/v现/tg学/v广东/ns话/n，/wd你/rr到/v了/ule香港/ns像/p我/rr嫂子/n这/rzv跑/v丢/v了/ule跟/p香港/ns警察/n叔叔/n你/rr饼/n巩/nr1饼/n巩/nr1你/rr说/v不/d清楚/a（/wkz众人/n催/v）/wky，/wd对/p对/p对/p，/wd唉/e三等奖/n这/rzv号码/n是/vshi7006070/m，/wd还/d没/v中/f么/y？/ww
和平/n：/wp中/b了/y…/ws
…/ws
（/wkz众人/n兴奋/an，/wd上前/vi对/v）/wky，/wd（/wkz提高/v音量/n）/wky7006070/m我/rr中/f啦/y！/wt
（/wkz众人/n兴奋/v）/wky燕红/nr2:/wp（/wkz拿/v过/uguo一/m卷/q手纸/n，/wd拍/v志/n新/a）/wky嗨/e嗨/e嗨/e，/wd请/v吧/y，/wd祝/v你/rr好/a胃口/n！/wt
第13/m集/q奖券/n的/ude1诱惑/vn（/wkz上/f）/wky完/vi第14/m集/q奖券/n的/ude1诱惑/vn（/wkz下/f）/wky简介/n：/wp志国/nr2和/cc和平/n为/p香港/ns七日/t游/v积极/ad做/v准备/vn，/wd到/v了/ule兑奖/v处/q满/a不/d是/vshi那么/rz回/v事/n（/wkz和平/n家中/s跟/v广播/vn学习/v广东/ns话/n，/wd傅老/nr上/f）/wky傅老/nr:/wp和平/n啊/y，/wd你/rr这个/rz日本/nsf话/n学/v的/ude1进步/vn很/d快/a嘛/y，/wd啊/e和平/n:/wp（/wkz广东/ns话/n）/wky哇/y有/vyou没有/d搞/v错/v啊/y，/wd这/rzv是/vshi广东/ns话/n，/wd不/d是/vshi日本/nsf话/n啦/y，/wd香港/ns人/n统统/d讲/v这个/rz话/n地/ude2，/wd…/ws
…/ws
你/rr地/ude2明白/v？/ww
傅老/nr:/wp听/v起来/vf还/d是/vshi有/vyou点儿/q耳熟/a，/wd啊/y，/wd这个/rz一九四五年/t抗日战争/nz，/wd啊/y，/wd那会儿/rzt在/p北平/ns沦陷区/n…/ws
…/ws
和平/n:/wp唉/e唉/e唉/e爸/n，/wd您/rr说/v我/rr这/rzv是/vshi不/d是/vshi有/vyou点儿/q像/v侨/ng装/v改扮/v的/ude1女/b地下/s工作者/n？/ww
傅老/nr:/wp不/d像/v，/wd倒/d有/vyou点儿/q像/v那/rzv个/q日本/nsf话/n没有/d学/v好/a的/ude1…/ws
…/ws
满洲/ns歌女/n（/wkz下/f）/wky志国/nr2:/wp（/wkz拿/v一/m摞/q书/n进/vf）/wky啊/y…/ws
…/ws
和平/n:/wp你/rr怎么/ryv才/d回来/v呀/y你/rr？/ww
啊/e等/v你/rr这儿/rzs学/v粤语/nz呢/y我/rr跟/p你/rr说/v啊/y你/rr要/v是/vshi再/d这样/rzv儿/ng让/v带/v家属/n我/rr就/d不/d带/v你/rr去/vf我/rr就/d带/v我/rr妈/n去/vf了/ule啊/y志国/nr2:/wp（/wkz广东/ns话/n）/wky有/vyou没有/d搞/v错/v哟/e！/wt
！/wt
搞/v这么/rz多/m苏/b（/wkz书/n）/wky很/d费/v时间/n的/ude1哩/y…/ws
…/ws
和平/n:/wp哇/o你/rr都/d买/v了/ule什么/ry苏/b（/wkz书/n）/wky噢/e…/ws
…/ws
（/wkz拿/v起/vf书/n）/wky噢/e，/wd香港/ns风情/n地/ude2、/wn香港/ns指南/n地/ude2、/wn香港/ns经济/n、/wn香港/ns旅游/vn、/wn香港/ns帮派/n类/q（/wkz内/f）/wky幕/n、/wn香港/ns小姐/n风采/n？/ww
…/ws
…/ws
香港/ns黑社会/n、/wn香港/ns红灯/n区/n？/ww
？/ww
你/rr什么/ry意思/n啊/y？/ww
志国/nr2:/wp我/rr怕/v到/v那儿/rzs以后/f上/vf坏/a女人/n的/ude1当/v…/ws
…/ws
和平/n:/wp你/rr放心/v，/wd有/vyou我/rr跟/v着/uzhe你/rr呢/y，/wd赶紧/d学/v（/wkz志国/nr2：/wp唉/e）/wky，/wd啊/y，/wd（/wkz拿/v过/uguo一/m本/q书/n，/wd念/v）/wkysumsui/x…/ws
…/ws
志国/nr2:/wp咂/v么/nr1嘴/n…/ws
…/ws
和平/n:/wp谁/ry跟/v你/rr这儿/rzs咂/v么/nr1嘴/n呀/y…/ws
…/ws
sumsui/x…/ws
…/ws
志国/nr2:/wpsum/x…/ws
…/ws
嘴/n、/wn嘴/n…/ws
…/ws
和平/n:/wpmamadei/x…/ws
…/ws
志国/nr2:/wp妈妈/n逮/v…/ws
…/ws
和平/n：/wp别/d骂/v人/n成/v不/d成/v啊/y…/ws
…/ws
志国/nr2：/wp不/d是/vshi，/wd你/rr，/wd我/rr干脆/d…/ws
…/ws
我/rr干脆/d还是/v把/pba英语/nz捡/v起来/vf得/v了/ule（/wkz起/f）/wky总/d比/p学/v这个/rz好学/a点儿/n傅/nr1老/a:/wp（/wkz上/f）/wky我/rr说/v你们/rr两/m个/q啊/y，/wd语言/n关/v要/v过/uguo，/wd其它/rz的/ude1工作/vn也/d不能/v放松/v嘛/y，/wd你们/rr那个/rz出国/vi的/ude1手续/n办/v的/ude1怎么样/ryv啦/y？/ww
和平/n:/wp哎哟/e喂/v（/wkz起/f）/wky我/rr还/d真/d给/v忘/v了/ule嘿/e（/wkz找/v）/wky…/ws
…/ws
傅老/nr:/wp同志/n们/k…/ws
…/ws
啊/y，/wd你们/rr这/rzv次/qv出国/vi，/wd任务/n是/vshi很/d艰巨/a地/ude2，/wd要/v把/pba它/rr当作/v我们/rr家/n，/wd头等/b的/ude1大事/n来/vf抓/v（/wkz坐/v）/wky，/wd你们/rr看看/v是/vshi不/d是/vshi由/p我/rr来/vf亲自/d挂帅/vi，/wd成立/vi一个/mq什么/ry班子/n来/vf…/ws
…/ws
志国/nr2:/wp爸/n您/rr就/d别/d这儿/rzs添/v…/ws
…/ws
您/rr就/p顾问/n一下/mq就/d行/vi啦/y！/wt
傅老/nr:/wp依我看/bl呐/y，/wd首先/d要/v和/cc厂家/n联系/vn志/n国/n:/wp联系/v过/uguo了/y，/wd这个/rz费丽斯/nrf纸厂/n说/v呀/y…/ws
…/ws
傅老/nr:/wp费丽斯/nrf？/ww
（/wkz志国/nr2：/wp啊/e）/wky就/d是/vshi那个/rz金刚砂/n牌/n手纸/n…/ws
…/ws
啊/y（/wkz志国/nr2：/wp啊/e对/v）/wky，/wd我/rr说/v怎么/ryv撕/v起来/vf这么/rz费劲/a呢/y费力/a撕/v嘛/y…/ws
…/ws
志国/nr2:/wp不/d是/vshi他们/rr说/v呀/y这个/rz他们/rr只/d管/v出/vf钱/n，/wd这个/rz中奖/vi的/ude1事儿/n呢/y得/ude3找/v全国/n卫生/an协会/n联系/v啊/y，/wd纸/n协/vg的/ude1同志/n说/v呢/y，/wd他们/rr只/d管/v印/b奖券/n，/wd这个/rz中奖/vi了/ule以后/f呢/y兑奖/v的/ude1事儿/n呢/y，/wd得/v找/v百/m业/ng报社/n…/ws
