燕红/nr2：/wp什么/ry什么/ry您/rr就/d尝尝/v，/wd您/rr这/rzv买/v黄瓜/n呢/y？/ww
两万一/m股/q，/wd您/rr给/p二百/m，/wd你/rr不/d觉/v着/uzhe这/rzv悬殊/a稍微/d大/a了/ule点/n么/y？/ww
和平/n：/wp这/rzv就/d请/v你/rr多/d费心/a啦/y，/wd这/rzv不/d你/rr得/v多/ad帮忙/vi吗/y。/wj
志新/nr2：/wp哎/e哎/e哎/e哎/e哎/e嫂子/n，/wd该/rz干/v嘛/y干/v嘛/y，/wd别/d这儿/rzs现/v了/ule啊/y。/wj
和平/n：/wp嘿/e，/wd我/rr现/v什么/ry了/y我/rr，/wd我/rr花/v钱/n做/v生意/n我/rr现/v什么/ry了/y我/rr。/wj
二百/m块/q钱/n是/vshi假/a，/wd两千/m块/q钱/n是/vshi真/a，/wd我/rr豁出去/vi了/y，/wd两千/m块/q。/wj
燕红/nr2：/wp哟/e，/wd您/rr也/d别/d豁出去/vi，/wd就/d为/v这/rzv两千/m块/q钱/n，/wd呵/e，/wd那/c…/ws
…/ws
那个/rz…/ws
…/ws
要不/c这么着/r吧/y，/wd嫂子/n，/wd我/rr不/d是/vshi入/v了/ule两万/m吗/y，/wd我/rr让/v给/p你/rr两千/m，/wd咱们/rr哪/ry，/wd就/d来/vf个/q内部/f调剂/v，/wd就/d甭/vd惊动/v别人/rr了/y，/wd成/v吗/y？/ww
拿/v钱/n来/vf吧/y。/wj
和平/n：/wp…/ws
…/ws
成/v！/wt
我/rr给/p你/rr上/vf银行/n取/v钱/n去/vf。/wj
（/wkz客厅/n，/wd和平/n与/p志国/nr2）/wky和平/n：/wp我/rr当/v是/vshi这/rzv帮/q人/n做/v生意/n多/m难/a呢/y，/wd早/ad知道/v这么/rz容易/a我/rr早就/d做/v了/y，/wd还/d等/v今儿/t。/wj
志国/nr2：/wp我/rr觉着/v这/rzv事/n悬/ag，/wd听/v你/rr一/d说/v我/rr就/d不/d踏实/a，/wd这/rzv两千/m块/q钱/n对/p咱/rr说/v可不/dl是/vshi小/a数/n，/wd就/d这么/rz哗啦/o一下子/mq让/v人/n拿走/v了/y，/wd那/rzv万一/d要/v…/ws
…/ws
燕红/nr2不/d会/v坑/n咱们/rr吧/y？/ww
和平/n：/wp…/ws
…/ws
不/d会/v吧/y…/ws
…/ws
呵呵/e，/wd她/rr怎么/ryv能/v坑/n咱们/rr呢/y？/ww
她/rr就/d跟/p我/rr亲/v妹妹/n差不多/al，/wd呵呵/o。/wj
燕红/nr2：/wp（/wkz上/f）/wky嫂子/n。/wj
和平/n：/wp哟/e，/wd说/v着/uzhe说/v着/uzhe我/rr亲/v妹妹/n就/d来/vf了/ule嘿/e。/wj
志国/nr2：/wp燕红/nr来/vf了/y！/wt
燕红/nr2：/wp哎哟/e嫂子/n，/wd您/rr可/v别/d这么/rz叫/vi我/rr，/wd回头/d小/a凡/d妹妹/n该/rz吃醋/v了/y。/wj
志国/nr2：/wp燕/ng红/v坐坐/v。/wj
燕红/nr2：/wp哎/e嫂子/n，/wd这/rzv是/vshi我/rr给/p你/rr打的/v收条/n，/wd您/rr拿/v好/a了/y啊/y。/wj
和平/n：/wp嗨/e，/wd都/d是/vshi自/p家/q人/n还/d打/v什么/ry收条/n哇/y这/rzv（/wkz接/v过/vf）/wky，/wd坐/v这儿/rzs。/wj
燕红/nr2：/wp…/ws
…/ws
志国/nr2：/wp坐坐/v燕红/nr2坐/v，/wd燕红/nr2啊/y，/wd跟/p你/rr嫂子/n做/v生意/n呢/y是/vshi吧/y？/ww
好好/d好/a，/wd嗯/e…/ws
…/ws
你/rr那/rzv朋友/n走/v了/ule吗/y？/ww
燕红/nr2：/wp您/rr说/v大/a赔/v呀/y，/wd不/d知道/v他/rr明儿/t几/m点/qt的/ude1飞机/n，/wd您/rr干/v嘛/y呀/y？/ww
志国/nr2：/wp我/rr，/wd我/rr想/v跟/p他/rr见/v个/q面/n儿/ng，/wd好歹/d也/d算/v合伙人/n之一/rz了/y吧/y，/wd是/vshi吧/y，/wd我/rr也/d得/ude3关照/v他/rr几/m句/q呀/y，/wd这/rzv两千/m块/q也/d不/d是/vshi个/q小/a数/n，/wd万一/d有/vyou个/q闪失/n，/wd那/c我/rr倒/d无所谓/vl，/wd你/rr嫂子/n可/c就/d没法/v活/a了/y。/wj
和平/n：/wp唉/e…/ws
…/ws
啊/y？/ww
他/rr比/p我/rr还/d心/n重/a呢/y他/rr。/wj
燕红/nr2：/wp噢/e，/wd哎呀/e，/wd人家/rr大/d赔/v老/a飞/vi四川/ns，/wd轻车熟路/vl的/ude1还/d用/v关照/v吗/y，/wd再说/vi了/ule你们/rr那/rzv股份/n在/p我/rr那/rzv两万/m里头/f呢/y，/wd是/vshi赔/v是/vshi赚/v到/v时候/n咱们/rr单/d算/v，/wd人家/rr根本/d就/d不/d知道/v有/vyou这么/rz回/v事儿/n。/wj
和平/n：/wp嗯/e？/ww
志国/nr2：/wp…/ws
…/ws
拿/v了/ule我们/rr钱/n他/rr还/d不/d知道/v。/wj
噢/e没/v事/n，/wd我/rr是/vshi说/v嗯/e…/ws
…/ws
赚/v不/d赚钱/v无所谓/vl，/wd只要/c能/v把/pba本/rz儿/ng收/v回来/v就/d行/vi了/y，/wd燕红/nr2啊/y，/wd我们/rr可是/c信得过/v你/rr，/wd你/rr能/v保证/v不/d赔本/vi儿/ng吗/y？/ww
燕红/nr2：/wp哟/e，/wd哟/e，/wd呵/e，/wd这/rzv我/rr可/v不/d敢/v保证/v，/wd水果/n这/rzv东西/n它/rr一/m天/qt三/m变/v，/wd你们/rr要/v是/vshi不/d放心/v现在/t撤/v股/n也/d来得及/v，/wd（/wkz志国/nr2和平/n无/v语/vg）/wky…/ws
…/ws
要不/c，/wd你们/rr就/d甭/vd做/v了/y，/wd那/rzv两千/m块/q钱/n我/rr还/d没/d动/v呢/y，/wd我/rr现在/t就/d给/p你们/rr送/v过来/vf。/wj
（/wkz起身/vi要/v走/v）/wky和平/n：/wp哎/e，/wd弄/v好/a了/ule可是/c对/p半儿/m的/ude1利/n，/wd两千/m变/v四千/m。/wj
志国/nr2：/wp哎/e，/wd燕红/nr2啊/y，/wd燕红/nr2。/wj
燕红/nr2：/wp嗯/e？/ww
志国/nr2：/wp反正/d，/wd这/rzv钱/n闲/v着/uzhe也/d是/vshi闲/v着/uzhe，/wd那燕/nr红/a妹妹/n要/v用/v呢/y，/wd就/d拿/v着/uzhe用/v去/vf吧/y。/wj
和平/n：/wp拿/v着/uzhe用/v去/vf吧/y。/wj
燕红/nr2：/wp嗨/e…/ws
…/ws
不/d对/p呀/y，/wd大哥/n，/wd这/rzv不/d是/vshi我/rr跟/p您/rr借/v钱/n，/wd这/rzv是/vshi咱们/rr一/m块/q做/v生意/n…/ws
…/ws
。/wj
志国/nr2：/wp对/p对/p对/p，/wd是/vshi一/m块/q做/v生意/n，/wd反正/d我们/rr知道/v燕/ng红/a妹妹/n一定/d不/d会/v坑/n我们/rr和平/n：/wp那/rzv是/vshi不/d会/v志/n国/n：/wp我/rr跟/p你/rr嫂子/n都/d是/vshi老实巴交/vl的/ude1，/wd这/rzv点/qt钱/n也/d是/vshi我们/rr奔命/vi奔/v来/vf的/ude1，/wd他/rr谁/ry要/v是/vshi忍心/v坑/n我们/rr，/wd他/rr也/d下/f不/d手/n哇/o不/d是/vshi？/ww
和平/n：/wp可/v不/d吗/y，/wd绝对/d下/f不/d去/vf手/n燕红/nr2：/wp…/ws
…/ws
不/d是/vshi大哥/n…/ws
…/ws
您/rr这话/r…/ws
…/ws
您/rr要/v是/vshi这么/rz说/v我/rr可/v得/ude3把/pba话/n说/v头/n里/f，/wd这里/rzs边/d没有/v谁/ry坑/n谁/ry的/ude1志国/nr2：/wp没有/v没有/v…/ws
…/ws
燕红/nr2：/wp到/v时候/n都/d有/vyou发票/n有/vyou单据/n，/wd是/vshi赔/v呢/y是/vshi赚/v咱/rr一/d算/v就/d能/v知道/v。/wj
志国/nr2：/wp不用/d算/v不/d用/v算/v，/wd有/vyou我们/rr知道/v怎么/ryv算/v，/wd燕/ng红/a妹妹/n也/d不/d会/v让/v我们/rr吃亏/v是/vshi吧/y，/wd这/rzv我们/rr心里/s清楚/a着呢/y燕红/nr2：/wp不/d是/vshi，/wd大哥/n您/rr不/d能/v这么/rz说/v。/wj
志国/nr2：/wp燕红/nr啊/y，/wd你/rr家/n有/vyou事/n你/rr忙/v你/rr的/ude1去/vf，/wd我们/rr这儿/rzs…/ws
…/ws
该/rz吃饭/vi了/ule（/wkz推/v燕红/nr2）/wky燕红/nr：/wp万一/d要是/c赔/v了/y，/wd我/rr可/v得/ude3把/pba话/n说/v头/n里/f，/wd它/rr不/d是/vshi那么/rz回/v事儿/n…/ws
…/ws
。/wj
志国/nr2：/wp放心/v放心/v，/wd赔/v不/d了/y，/wd绝/d赔/v不/d了/y，/wd我/rr知道/v你/rr绝/d赔/v不/d了/y，/wd你/rr就/d不/d在/p这儿/rzs吃/v了/ule吧/y，/wd燕红/nr2啊/y…/ws
…/ws
（/wkz推出/v燕红/nr2）/wky（/wkz晚/tg，/wd志/n国/n和平/n屋/n，/wd志/n新/a讲话/n）/wky志新/nr2：/wp哎呀/e，/wd就/d这么/rz点/qt事/n说/v这么/rz半天/mq烦/a不/d烦/v哪/ry，/wd燕红/nr2不/d会/v坑/n你们/rr的/ude1，/wd这/rzv我/rr可以/v担保/vn，/wd就/d你们/rr那/rzv两千/m块/q钱/n还/d好意思/vi往/p外/f拿/v，/wd还/d不够/a给/p人/n塞/b牙缝/n儿/k的/ude1呢/y。/wj
我/rr跟/p你/rr说/v也/d就是/v看/v我/rr的/ude1面子/n，/wd要不然/c燕红/nr2根本/d就/d不/d接/v你们/rr那/rzv钱/n。/wj
志国/nr2：/wp这/rzv就/d行/vi啊/y，/wd她/rr只要/c不/d坑/v我们/rr，/wd赚/v不/d赚钱/v的/ude1，/wd能/v把/pba本/rz儿/ng收/v回来/v就/d行/vi啊/y。/wj
