…/ws
燕红/nr2：/wp（/wkz打断/v）/wky嫌/v我们/rr志/n新/a同时/c交/v着/uzhe好几/m个/q女朋友/n！/wt
怎么/ryv啦/y？/ww
为什么/ryv不/d可以/v脚/n踩/v几/m只/q船/n哪/ry？/ww
志新/nr2：/wp不/d不/d！/wt
我/rr最/d反对/v谈/v恋爱/vi的/ude1时候/n脚/n踩/v几/m只/q船/n！/wt
燕红/nr2：/wp也/d是/vshi，/wd等/udeng结/v了/ule婚/ng以后/f再/d踩/v也/d不/d晚/a呀/y！/wt
志新/nr2：/wp对/p--/wp那/rzv更/d不/d成/v啦/y！/wt
女友/n：/wp（/wkz渐/d怒/vg）/wky贾志新/nr！/wt
你/rr不/d是/vshi一再/d向/p我/rr保证/v你/rr是/vshi个/q感情/n专一/a的/ude1人/n吗/y？/ww
燕红/nr2：/wp是/vshi呀/y，/wd那/rzv没/d错/v！/wt
我们/rr志/n新/a就/d是/vshi有/vyou这个/rz特点/n：/wp别/d看/v交/v的/ude1女朋友/n多/a，/wd跟/v谁/ry都/d是/vshi逢/v场/qv作/v戏/n，/wd（/wkz数/m周/qt后/f。/wj
白天/t。/wj
傅/nr1家/n客厅/n）/wky（/wkz志新/nr2与/p新交/v女友/n马芳芳/nr在/p翻看/v相册/n）/wky志新/nr2：/wp（/wkz为/v芳/ag芳/ag殷勤/a地/ude2讲解/v着/vi）/wky这/rzv是/vshi当年/t我/rr母亲/n，/wd这/rzv是/vshi我/rr父亲/n，/wd我/rr哥/n，/wd我/rr…/ws
…/ws
这/rzv是/vshi…/ws
…/ws
咦/e，/wd她/rr在/p这儿/rzs干/v嘛/y？/ww
（/wkz将/p其中/rz一/m张/q照片/n取出/v）/wky也/d不/d知道/v谁/ry插/v进去/vf的/ude1…/ws
…/ws
对/p啦/y，/wd你/rr看/v，/wd这/rzv是/vshi我/rr妹妹/n--/wp芳芳/nr：/wp（/wkz疑心/v大/a起/q）/wky等等/udeng！/wt
先/d把/pba你/rr刚才/t那/rzv妹妹/n的/ude1照片/n给/p我/rr看/v看/v--/wp志新/nr2：/wp（/wkz不得已/a拿/v出/vf）/wky这/rzv不/d是/vshi…/ws
…/ws
这/rzv没什么/vl好看/a的/ude1…/ws
…/ws
芳芳/nr2：/wp（/wkz审问/v）/wky那/rzv这/rzv是/vshi谁/ry呀/y？/ww
志新/nr2：/wp是/vshi我/rr…/ws
…/ws
谁/ry也/d不/d是/vshi。/wj
街坊/n，/wd同学/n，/wd什/ng麽/x关系/n也/d没有/v。/wj
芳芳/nr2：/wp不/d对/p吧/y？/ww
不/d是/vshi你/rr过去/t的/ude1女/b朋友/n？/ww
志新/nr2：/wp她/rr？/ww
就/p她/rr？/ww
你/rr也/d太/d小/a瞧/v我/rr贾志新/nr了/y吧/y？/ww
谁/ry正/d眼/n儿/k瞧/v过/uguo她/rr呀/y！/wt
又/d干/v又/d瘦/a，/wd一/m脑袋/n黄/nr1毛/n，/wd跟/p苞米/n穗子/n似的/uyy，/wd知道/v我们/rr当年/t管/v她/rr叫/vi什么/ry吗/y--/wp老玉米/n！/wt
甭管/c两/m人/n关系/n走/v到/v多/m深/a，/wd从来/d不/d把/pba感情/n轻易/d投/v进去/vf。/wj
我/rr估摸/v着/uzhe，/wd他/rr打/v生/v下来/vf到/v现在/t一点儿/mq感情/n都/d没/d糟/a践/vg，/wd把/pba最/d好/a的/ude1爱/vn都/d留/v给/p你/rr啦/y！/wt
女友/n：/wp（/wkz质问/v志新/nr2）/wky哼/v，/wd跟/p那些/rz女孩/n都/d有/vyou多/m深/a的/ude1关系/n了/y？/ww
！/wt
志新/nr2：/wp没有/v…/ws
…/ws
燕红/nr2：/wp（/wkz打断/v）/wky没有/d多/a深/a其实/d也/d！/wt
喏/e，/wd就/d是/vshi一个/mq追/v志/n新/d追/v成/v了/ule精神病/n，/wd另/rz一个/mq自杀/vi未遂/vi跳楼/v摔/v成/v了/ule一/m条/q腿/n，/wd还有/v一个/mq一/m年/qt去/vf医院/n做/v了/ule12/m回/qv手术/n…/ws
…/ws
女友/n：/wp（/wkz厉声/d）/wky别/d说/v了/y！/wt
我/rr还/d想/v多/ad活/v几/m年/qt呢/y！/wt
（/wkz背/v起/vf小/a包/n昂然/z离去/vi）/wky志新/nr2：/wp（/wkz急/v）/wky丽丽/nr2你/rr别/d走/v啊/y…/ws
…/ws
（/wkz对/p燕红/nr2）/wky你/rr这/rzv不/d是/vshi给/p我/rr胡编/v么/y！/wt
（/wkz顾不得/v多/ad说/v，/wd追/v下/f）/wky（/wkz燕/ng红/a捧腹大笑/nl）/wky（/wkz燕红/nr2出现/v在/p客厅/n门口/s）/wky燕红/nr2：/wp（/wkz断/v喝/vg一/m声/qv）/wky贾/nr1炕/n！/wt
志新/nr2：/wp（/wkz本能/n地/n）/wky嗳/n！/wt
--/wp嗨/e，/wd你/rr怎么/ryv来/vf了/y…/ws
…/ws
（/wkz急忙/d）/wky我/rr介绍/v一下/mq：/wp马芳芳/nr小姐/n，/wd我/rr朋友/n；/wf这/rzv位/q就是/v…/ws
…/ws
就/d是/vshi…/ws
…/ws
芳芳/nr2：/wp你/rr刚才/t管/v他/rr叫/vi什么/ry？/ww
“/wyz甲亢/n”/wyy？/ww
燕红/nr2：/wp对/p呀/y！/wt
芳芳/nr2：/wp（/wkz大/d惊/v，/wd问志新/nr）/wky这么/rz说/v你/rr得/v过/uguo甲亢/n--/wp就/d是/vshi那/rzv大脖子病/nl？/ww
这/rzv病/n遗传/vn吧/y？/ww
志新/nr2：/wp没有/v没有/v！/wt
我/rr从来/d没/d得/v过/uguo这/rzv病/n！/wt
这/rzv也/d是/vshi我们/rr小时候/t他们/rr给/p我/rr瞎/d起/vf的/ude1外号/n：/wp这/rzv“/wyz甲/Mg”/wyy呢/y是/vshi因为/p我/rr姓/v贾/nr1，/wd“/wyz亢/nr1”/wyy呢/y是/vshi因为/p我/rr经常/d爱/v尿炕/v…/ws
…/ws
（/wkz自知/v失言/vi，/wd转/vd怒斥/v燕红/nr2）/wky我/rr还有/v那么/rz多/a好/a的/ude1外号/n：/wp军长/n、/wn老/a四/m、/wn胡汉三/nr，/wd你/rr怎么/ryv不/d提/v？/ww
燕红/nr2：/wp（/wkz嘻/o嘻笑/v）/wky我/rr怎么/ryv从来/d没/d听说/v过/uguo你/rr叫/vi“/wyz胡汉三/nr”/wyy？/ww
我/rr倒/d记得/v小学/n三/m年级/n的/ude1时候/n管/v你/rr叫/vi过/uguo“/wyz二/m傻子/n”/wyy，/wd因为/c你/rr为了/p争/v先进/a，/wd愣/dg从/p家里/s要/v了/ule一/m毛/nr1钱/n交/v老师/n，/wd说是/v路/n上/f捡/v的/ude1！/wt
志新/nr2：/wp（/wkz不/d服/v地/n）/wky那/rzv也/d比/p你/rr真/d捡/v了/ule一/m毛/nr1不/d交公/vi，/wd买/v两/m根/q冰棍/n吃/v强/a吧/y？/ww
--/wp还/d一/m根/q奶油/n的/ude1，/wd一/m根/q巧克力/n的/ude1，/wd左/f一/m口/q右/f一/m口/q,/wd美/b得/ude3你/rr！/wt
燕红/nr2：/wp（/wkz也/d红/a了/ule脸/n）/wky还/d说/v呢/y，/wd那/rzv巧克力/n的/ude1后来/t我/rr不/d给/p你/rr了/y吗/y？/ww
志新/nr2：/wp那/rzv也/d是/vshi我/rr抢/v着/uzhe“/wyz唆/n溜/ng”/wyy了/ule一/m口/q，/wd你/rr没/v了/ule轍/n才/d给/p我/rr的/ude1…/ws
…/ws
芳芳/nr2：/wp（/wkz酸溜溜/z地/n）/wky我/rr说/v你们/rr二/m位/q等/udeng我/rr走/v了/ule以后/f再/d争/v不/d行/vi吗/y？/ww
燕红/nr2：/wp（/wkz做/v恍然/d状/vg）/wky还是/d小/a马/n说/v的/ude1对/a。/wj
志新/nr2，/wd咱/rr俩/m别/d老/a回忆/v这些/rz不/d愉快/a的/ude1，/wd有/vyou温馨/a的/ude1呀/y！/wt
（/wkz对/p马芳芳/nr）/wky我们/rr志/n新/d打/v小/a老实/a，/wd往/p好/a了/ule说/v是/vshi模范/n儿童/n，/wd说/v白/a了/ule也/d就是/v窝囊废/n，/wd在/p学校/n挨/v了/ule大/a嘴巴/n都/d不/d敢/v哭/v，/wd回/v回/qv还/d得/ude3我/rr给/p他/rr报仇/vi去/vf！/wt
芳芳/nr2：/wp（/wkz更/d酸/a了/y）/wky是/vshi吗/y？/ww
那/c你/rr可/v真/d够/v有/vyou福气/n的/ude1--/wp贾/nr1炕/n！/wt
志新/nr2：/wp（/wkz挂/v不/d住/vi）/wky不/d对/p吧/y，/wd初二/t的/ude1时候/n我/rr打架/vi开/v了/ule瓢/n儿/k记/v不/d记得/v？/ww
为/p谁/ry呀/y？/ww
还/d不/d是/vshi因为/p疤/n痢/n那/rzv帮/v在/p胡同口/s截/v你/rr，/wd我/rr挺身而出/vl才/d挨/v的/ude1那/rzv一/m砖头/n吗/y？/ww
芳芳/nr2：/wp您/rr二/m位/q可/v真/d是/vshi青梅竹马/nl。/wj
燕红/nr2：/wp你/rr甭/d听/v他/rr的/ude1--/wp就/p那么/rz一/m回/qv英雄/n救/v美人/n他/rr能/v记/v一辈子/mq！/wt
志新/nr2：/wp一/m回/qv？/ww
不/d对/p吧/y，/wd打/v上/vf小学/n五/m年级/n开始/v…/ws
…/ws
芳芳/nr2：/wp（/wkz忍无可忍/vl）/wky你们/rr聊/v吧/y!/wt
(/wkz起身/vi离去/vi）/wky志新/nr2：/wp（/wkz随口/d）/wky哎/e不/d送/v…/ws
…/ws
一直/d到/v初三/t，/wd五/m号/q大院/n那/rzv帮/q流氓/n多少/ry次/qv要/v“/wyz拍/v”/wyy你/rr呀/y…/ws
…/ws
（/wkz燕红/nr2微笑/vi示意/v他/rr马芳芳/nr已/d离去/vi）/wky志新/nr2：/wp（/wkz这/rzv才/d发现/v）/wky啊/y，/wd走/v啦/y？/ww
走/v就/d走/v吧/y，/wd没什么/vl，/wd可/v咱/rr俩/m还/d得/v把/pba这/rzv事/n搿/n扯/v搿/n扯/v清楚/a…/ws
…/ws
（/wkz猛/d想起/v）/wky坏/a啦/y，/wd我/rr钱包/n还/d在/p她/rr那儿/rzs哪/y！/wt
（/wkz慌忙/ad追/v下/f)/wky（/wkz燕红/nr2又/d大/a笑/v，/wd笑毕/nr2沉思/vi）/wky（/wkz次日/t。/wj
