基于 单载波 超宽带 的 高速 异 构 无线 体 域 网 无线 体 域 网 （ ｗｉｒｅｌｅｓｓｂｏｄｙａｒｅａｎｅｔｗｏｒｋ  ＷＢＡＮ ） 近年来 在 数字 医疗 健康 监护 领域 受到 关注 ［ １ － ２ ］ 
该 网络 如 图 １ 所 示  采用 无线 手段  通过 佩戴 在 人体 上 的 便携式 传感器 设备  获取 人体 生理 指标  并 通过 无线 网络 实时 传递 到 远 端 进行 医疗 健康 监控 
目前  很多 文献 提出 和 实现 了 面向 低速 健康 医疗 应用 的 无线 体 域 网  例如 文 ［ ３ － ４ ］ 中 所 描述 的 系统  这些 系统 的 突出 特点 是 低速  低功耗 的 无线 网络 
然而  医疗 应用 要求 能够 同时 对 多种 传感器 信息 进行 数据 汇集  从而 达到 对 病人 多 个 生理 指标 的 同时 观测 
这样 对 无线 体 域 网 的 数据 传输能力 提出 了 新 的 要求 
一些 特殊 医疗 应用 领域  例如无线 内窥镜 等  需要 传送 分辨率高 的 图像 数据  需要 无线 网络 能够 支持 近 距离 的 高速 实时 图像 传输 
随着 无线 体 域 网 的 发展  也 有 学者 开始 关注 面向 个人 的 无线 多媒体 应用 领域 ［ ５ － ６ ］ 
这 类 应用 中  需要 在 较短时间 内 完成 大 数据 量 的 文件 传输  要求 网络 能够 支持 高速无线 数据 传输 
无线 体 域 网 节点 本身 属于 便携式设备  需要 满足 低功耗 以 达到 长 续航 时间 的 要求 
节点 佩戴 在 人体 上  需要 降低 对 人体 的 无线电 辐射  要求 发射功率 小 
传统 的 无线 技术 例如蓝 牙  ＷｉＦｉ  ＺＩＧＢＥＥ 等 无法 同时 满足 高速  低功耗  低辐射 的 要求 
而 超宽带 技术 提供 了 一 种 高速  低功耗  低辐射 的 近 距离通信 方式  因 此 非常 适用 于 无线 体 域 网 的 构建 ［ ６ － ８ ］ 
图 １ 无线 体 域 网 示意图  基于 单载波 超宽带 的 高速 异 构 无线 体 域 网 ４１１ 清华大学 提出 了 具有 自主 知识 产权 的 单载波 超宽带 （ ｓｉｎｇｌｅｃａｒｒｉｅｒｕｌｔｒａ － ｗｉｄｅｂａｎｄ  ＳＣ － ＵＷＢ ） 技术体制  该 技术 采用 ５００ＭＨｚ 以上 的 宽频带 进行 无线 通信  物理 层 净荷 速率 可 达 １００Ｍｂ／ｓ 以上  而 发射功率 可 降低 至 － １４ｄＢｍ 
本文 基于 单载波 超宽带 技术 与 ＺＩＧＢＥＥ 技术 结合  构建 了 能够 满足 多种速率 的 异 构 无线 体 域 网  以 更 好 地 满足 医疗 和 非 医疗 应用 
１ 系统 设计 １． １ 需求 分析 面向 高速率 的 无线 体 域 网 应用 需求 可以 分为 两 类  １ ） 大 数据 量 的 文件 传送  ２ ） 高质量 的 音 视频 传输  例如 医疗 应用 中 医学 图像 数据 的 无损 传输 以及 非 医疗 应用 中 实时 通话 和 视频 的 传输 
除了 传输 的 需求  无线 体 域 网 的 加密 和 ＱｏＳ （ ｑｕａｌｉｔｙｏｆｓｅｒｖ － ｉｃｅｓ ） 要求 带来 了 网络 的 额外开销  也 需要 较 高 的 网络 传输速率 
１． ２ 方 案 设计 本文 采用 双 物理 层 混 合结构  设计 了 如 图 ２ 所 示 的 无线 体 域 网 原型 系统 
该 系统 可 适用 于 实时 数据 采集  综合 状态 信息  突发 事件 处理 等 应用 场景 
该 原型 系统 分为 应用 层  数据 融合 层  数据链 路层  物理 层 等 部分 
其中  应用 层 需 处理 如下 几 种 应用 模式  图 ２ 无线 体 域 网 分层 结构 １ ） 周期性 采样 传输 
对于 需要 定期 监测 的 生理 指标  传感器 节点 每 隔 一定 的 时间 进行 周期性 数据 采样  并且 将 生理 信息 通过 合适 的 数据链 路层 和 物理 层传输 到 中心 节点  由 中心 节点 进行 数据 汇集 后 传送 到 远 端 
２ ） 突发性 采样 传输 
在 一些 情况 下 对 一个 或 多 个 数据 进行 紧急 传送 
３ ） 数据 汇聚 传输 
中心 节点 是 重要 的 数据 存储 和 处理 节点  通过 数据 汇聚 降低总体 数据 交换 的 数量  从而 提高 整个 网络 的 性能 
该 网络 拓扑 结构 为 星形 结构  节点 分 为 中心 节点 和 感知 节点 两 类 
感知 节点 完成 感兴趣数据 的 感知  采集  存储 和 发送 功能  中心 节点 完成 网络 管理  数据 汇聚 和 转发 功能 
两 类 节点 都 包括 ＺＩＧＢＥＥ 模块  作为 控制信道 和 低速数据 信道 
高速数据 传输信道 为 单向 信道  其中  感知 节点 包括 超宽带 发端 模块  中心 节点 包括 超宽带 接收 模块 
感知 节点 由 电池 供电  中心 节点 采用 外 接电源 供电  各个 节点均 参与 组 网  相互 通信 和 数据 传输 过程 
感知 节点 执行数 据采集 和 发送  通过 采用 星 型 网络 拓扑 结构  每个 感知 节点 获得 与 其 业务 流 要求 相应 的 网络 带宽  通过 数据 融合 层 根据 速率 选择 合适 的 物理 层 将 数据 发送 到 中心 节点 以 满足 最 大限度 降低网络 功耗 的 目的 
中心 节点 对 收集 到 的 数据 进行 后 处理  并且 转发 给 外 网 
中心 节点 还 承担 着 网络 管理 的 任务  对 感知 节点 的 活动状态 进行 监测  并 处理 感知 节点 的 网络 接入 和 网络 移 除 工作 
无线 网络 拓扑 依赖 于 无线 信道 的 广播 共享 特性  可 供选择 的 网络结构 种类 很多 
无线 体 域 网 中  感知 节点 数量 远 小于 无线 传感器 网络 中 传 感 节点 数量  因而 较 多 采用 可以 动态配置 时 隙 的 星形 网络结构 ［ １ － ７ ］ 
本文 为了 有效 利用高速 物理 层 的 传输能力  减少 控制 开销  采用 了 双 信道 的 星形 网络结构 
