( sezT ) 编码 产物 与 化脓 链球菌 pSM19035 质 粒 上 1 5 的 Zeta 毒素 在 氨基酸 水平 上 有 44% 一致性 
该 基 sezT 和 sezAT 敲 除 突变 株 的 构建 为 去除 89K 毒 力 岛 中 可能 起 稳定 作用 的 因 与 其 上游 的 05SSU0937 基因 ( sezA ) 有 1 个 碱 基 SezAT  从而 获得 89K 毒 力 岛 缺失 突变 株  拟 通 对 的 重叠  即 sezA 的 终止 密码 子 TAA 的 最后 一 过 同源 重组 的 方法 用 壮观 霉 素 抗 性 基因 盒 个 碱 基 A 是 sezT 起始 密码 子 ATG 的 第一 个 A  提 ( SpcR ) 替换 毒素 编码 基因 sezT 或 整个 sezAT 系统 示 这 两 基因 可能 位于 同一 操纵 子 中 
这种 基因 排 编码 基因 
以 敲 除 sezT 为 例 说明 构建 过程 
首 列 特点 与 两 株 肺炎 链球菌 ( TIGR4 和 D39 ) 的 TA 先  以 05ZYH33 基因组 DNA 为 模板  用 引 物 系统 ( SP_1050-SP_1051  GenBankNC_003028 和 LA - UP - D 和 TRA - UP - D 分别 扩 增 sezTSPD_0930-SPD_0931  GenBankCP000410 ) 排列 上下游 同源 臂  并 将 得到 的 下游 同源 臂 LA 和 相似 
上游 同源 臂 TRA 依次 克隆 到 pUC18 载体 的 多 SezT 由 258 个 氨基酸 组成  分子量 为 克隆 位 点 ( EcoR Ⅰ / BamH Ⅰ 和 Pst Ⅰ / Hind Ⅲ ) 上 
29 3kD  是 含 ATP 水解 酶 的 P - loopNTPase ( 又 称 然后 将 扩 增 得到 的 SpcR 基因 ( 模板 为 pSET4s 质 WalkerAmotif ) 超 家族  研究 发现 Zeta 毒素 的 粒 ) 克隆 到 已 构建 好 sezT 上下游 同源 臂 的 pUC18WalkerAmotif 是 发挥 毒性 作用 的 关键 结构 域 [ 5 ] 
载体 的 BamH Ⅰ / Pst Ⅰ 多 克隆 位 点 上  即 为 构建 SezA 为 168 个 氨基酸  分子量 为 19 5kD  属 好 的 敲 除 质 粒 pUCsezT 
构建 针对 整个 SezATHTH - XRE 超 家族  为 一 类 转录 调节 蛋白 家族 
的 敲 除 质 粒 pUCsezAT 方法 相似  区别 是 将 进一步 用 BLASTP 比 对 发现 SezA 和 SezT 均 有 pUCsezT 的 上游 同源 臂 TRA 换 成 针对 sezAT 系 大量 同源 蛋白 存在  其中 与 PezAT ( 由 统 的 同源 臂 TARA ( 由 引 物 TARA - UP - DSP_1050-SP_1051 构成 ) 同源 性 高 
PezAT 是 肺炎 扩 增 ) 
最后 将 构建 好 的 两 个 敲 除 质 粒 分别 电 转 链球菌 TIGR4 上 一 对 II 型 TA 系统  已 被 证实 是 化 05ZYH33 感受 态 细胞  并 涂布 于 含 壮观 霉 素 一 对 有 活性 的 TA 系统  且 PezAT 位于 27kb 大小 的 THY 平板 
挑 取 所有 壮观 霉 素 抗 性 的 转化 子 的 毒 力 岛 上  但 PezAT 对 该 毒 力 岛 的 稳定 作用 尚 用 sezT 内部 检测 引 物 T - UP 进行 PCR 初 筛  可 未 见 报道 [ 5 ] 
同 源 性 蛋白 比 对 如 图 1 所 示  SezAhttp/ im ac cn 微生物学 通报 2012  Vol 39  No 2 与 PezA ( SP_1050 ) 有 81% 的 一致性  相似性 达到 聚 糖 合成 从而 发挥 毒性 作用 [ 11 ] 
这些 结果 揭示 8993%  SezT 与 PezT 有 69% 的 一致性  相似性 为 K 毒 力 岛 上 的 SezAT 可能 与 PezAT 一样  属 同一 86% 
近期 研究 发现 Zeta 毒素 和 PezT 通过 磷酸 家族 的 TA 系统  SezT 为 毒素 蛋白  而 SezA 作为 化 细胞壁 前 体 物质 UNAG 形成 UNAG - 3P  抑制 肽 抗毒素 蛋白 可 拮 抗 SezT 毒素 蛋白 的 作用 
ABC 图 1Fig 1SezAT 的 生物 信息学 分析 BioinformaticalanalysisofSezAT 注  AsezAT 在 05ZYH33 基因组 上 的 定位 示意图 ( 非 比例 )  B 毒素 蛋白 SezT 的 氨基酸 比 对  C 抗毒素 蛋白 SezA 的 氨基酸 比 对  序列 分别 来源于 肺炎 链球菌 TIGR4 ( SP_1050-SP_1051 )  D39 ( SPD_0930-SPD_0931 )  SS205ZYH33 ( 05SSU093705SSU0936 ) 和 化脓 性 链球菌 的 质 粒 pSM19035 ( Epsilon - zeta ) 
NoteAGeneticlocationofthesezATlocusinthechromosomeof05ZYH33 ( notdrawntoscale ) 
BAminoacidsequencealigmentofSezT CAminoacidsequencealigmentofSezA ThesequencesarefromS pneumoniaeTIGR4 ( SP_1050-SP_1051 )  D39 ( SPD_0930-SPD_0931 )  S suis05ZYH33 ( 05SSU0937-05SSU0936 ) andS pyogenesplasmidpSM19035 ( Epsilon - zeta ) 
http/ im ac cn 王敏 等  高 致病 性 2 型 猪 链球菌 毒素 - 抗毒素 系统 SezAT 的 鉴定 与 活性 研究 2 2197 个 基因 可能 为 共 转录 单位 ( 图 2A ) 
为了 验证 预测 SezAT 的 转录 分析 为 验证 sezAT 是否 属 同一 操纵 子 控制 及 其 结果 的 正确性  我们 以 05ZYH33 总 RNA 逆转 录 与 相邻 基因 的 转录 情况  首先 对 sezAT 及 其 两 生成 的 cDNA 为 模板  通过 特 异性 引 物 进行 PCR  侧 基因 进行 生物 信息学 分析 
利用 BDGP 设立 基因组 DNA 做 对照 
结果 如 图 2B 所 示  当 ( http/ fruitfly org html ) 发 以 基因组 DNA 为 模板 时  5 对 引 物 均 扩 增 出 与 理 现在 sezA ( 05SSU0937 ) 上游 106bp 处 有 一个 可能 论 值 大小 相符 的 特异 条 带  而 以 cDNA 为 模板 的 启动 子 区域  利用 Softberry 网 站 ( http/ ( RT - PCR ) 时  仅 有 P3  P5  P7 扩 增 出 条 softberry com phtml ) 上 的 FindTerm 软件 在 带  P1 和 P9 未 见 扩 增 条 带  表明 05SSU0933 
05SSU0934 基因 间 区域 预测 有 转录 05SSU0934 
05SSU0937 这 4 个 基因 是 共 转录 基 终止 子 的 存在  提示 05SSU0934 
05SSU0937 这 4 因  即 sezA 和 sezT 同 属 于 一个 操纵 子 
图 2Fig 2sezAT 及 相邻 基因 的 转录 分析 TranscriptionalanalysisofthesezATlocusanditsflankinggenesofS suis05ZYH33 注  AsezAT 及 其 相邻 基因 ( 非 比例 ) 的 排列 组成  软件 预测 的 启动 子 区域 ( 横 折 箭头 表示 ) 位于 05SSU0938 内部  转录 终止 位 点 ( 茎 环 结构 表示 ) 位于 05SSU0933 
0934 之间  RT - PCR 所 用 的 5 对 引 物 及其 相应 位置 如 图 所 示  PsezAT 表示 05SSU0934 
0937 可能 为 一个 共 转录 单位 
BsezAT 及 其 相邻 基因 的 RT - PCR 分析  左侧 为 05ZYH33 基因组 DNA 模板 的 PCR  右侧 为 以 cDNA 模板 的 RT - PCR NoteAGenomicorganizationofthesezATlocusanditsflankinggenesinS suis05ZYH33 ( notdrawntoscale ) 
Thefoldarrowrepresentsthepredictedpromoterlocatedin05SSU0938  andthestem - loopstructurerepresentspotentialtranscriptionalterminator ThelocationoftheprimerpairsusedinRT - PCRanalysisareindicatedbyinvertedarrowheads PsezATindicates05SSU0934 
0937maybetranscribedasasingleoperon BRT - PCRanalysisofthesezATlocusanditsflankinggenes 05ZYH33genomicDNAandtotalRNAwereanalysedbyPCR ( left ) andRT - PCR ( right )  respectively TheGeneRulerMixDNAladdermarkerisshowninthemiddle ( M ) 
