VandenBergh [ 15 ] 对 基本 微粒 群 ( PSO ) 算法 和 保证 收敛 的 PSO 算法 ( GCPSO ) 进行 了 研究  指出 基本 PSO 算法 不 能 保证 全局 或 局部 收敛  而 GCPSO 则 属于 局部 收敛 
目前 对 粒子 群 算法 收敛 性 的 证明 都 仅 局限 于 证明 算法 是 收敛 的  还 没有 证明 纯粹 的 粒子 群 算法 能 收敛 到 最 优 解 [ 16 ] 
总之  目前 关于 智能 优化 算法 的 全局性 证明 绝大多数 建立 在 运算 时间 ( 次数 ) 无限 长 的 前提 之上  多数 证明 都 强加 了 一些 不 自然 的 约束 条件  如 群体 无限大 
已 接近 最 优 等  尤其 对 解 空间 无限 的 连续 优化 问题  鲜有 关于 有限 步 的 全局 收敛 证明 ( 不 强加 特殊 条件 ) 
大量 的 实验 和 应用 表明 目前 的 优化 算法 在 运行 中 不时 陷入 局部 极 值 
本文 给 出 一 种 新 的 优化 方法 
它 不但 能 逃离 当前 局部 极 小  还 能 有效 地 回避 历史 上 已经 发现 的 多 个 局部 极 小 
同时  由于 实现 了 勘探 与 开采 的 分离  它 减 小 了 代价  提高 了 成功率 
本文 证明 了 它 能 在 有限 计算 次数 内 确定 地 找到 连续函数 的 全局 最 优 
2 球 隙 迁移 原理 定义 1 界 内 间断 点  函数 f ( x ) 在 点 e 有 定义  左 极限 limx → e - 0f ( x ) 与 右 极限 limx → e+0f ( x ) 均 存在 但 不 相等  且 f ( e ) 介于 左右 极限 之间  即 满足 limx → e - 0f ( x ) 
f ( e ) 
limx → e+0f ( x ) 或者 limx → e+0f ( x ) 
f ( e ) 
limx → e - 0f ( x )  则 称 e 为 函数 f ( x ) 的 界 内 间断 点 
多 元 函数 依此类推 
本文 目标  非 随机 的 连续 变量 优化 问题 ( 随机性 问题 与 随 机型 算法 是 不同 的 概念 )  数学 描述 如下  n 维 连续 变量 X= ( x1  x2  
 xn ) ∈ Ω  函数 y=f ( X ) 在 闭 区域 Ω 内 除 界 内 间断 点 外 无 其它 类型 的 间断 点  f 的 数学 表达式 未知  求 f 的 最 小 值 
本文 不 要求 目标 函数 可 导  不 要求 全 域 连续  非 随机 的 连续 或 分段 连续函数 均 满足 以上 要求 
文献 [ 17 ] 附录 中 的 18 个 测试 函数 中 16 个 是 该 类型 ( 另 有 2 个 随 机型 )  应该 说 实际 应用 中 的 非 离散 优化 问题 绝大多数 是 这 类 问题 
定义 2 孤立 极 小 点  设 函数 f 在 点 A 的 邻 域 δ 有 唯一 极 小 值 f ( A )  称 该 邻 域 为 A 的 极 值域 
定义 3 从 极 值域 δ 中 一点 B 出发  做 贪心 搜索  轨迹 必 趋向 极点 A 称 B - A 为 起 - 极 对 
我们 可以 把 局部 极 小 点 A 看做 一个 吸引 子  极 值域 δ 是 吸引 子 A 的 吸引 域 
克服 局部 极 小 的 目的 在于 获取 新 的 局部 极 值  所以 其 实质 就是  使得 搜索 得到 极 小 点 A 之后  再 摆脱 它 
其 难点 在于  当 勘探 和 开采 交织 在 一起 时 ( 见 上 节 )  任何 试图 取得 好 解 ( 比 当前 解 好 ) 的 行为 都 将 被 吸 引子 吸引 住  从而 难以 摆脱 
我们 的 想法 是 首先 将 勘探 与 开采 分为 2 个 相互 独立 的 过程  从而 避免 了 相互 影响  之后 分 而 治 之 
定义 4 球 隙  设 n 维 空间 中 有 k 个 点 围 成 的 一个 唯一 确定 的 超 球 G  这 k 个 点 都 在 球面 上  则 称 球 G 为 一个 球 型 的 空隙 ( 空心 球 )  简称 球 隙 
如 图 1 中  点 5 
6 
7 围 成 球 隙 3 图 1 球 隙 
极 值域 示意图 图 1 中小 圆点 2 
4 
6 表示 局部 极 小 点  每个 极 小 点 有 一个 包围 其 的 极 值域  即 图 中 的 不规则 的 虚线 框 
图 中 用 虚 点 线 画 出 了 3 个 圆  即 球 隙 
图 中 点 1 至 2 的 箭头 表示 从 点 1 出发 做 贪心 搜索  找到 极 小 点 2  因 贪心 法 无法 摆脱 局部 极 小  我们 设想 以 某种 方式 ( 见 下 文 ) 将 搜索 从 2 直接 转移 到 点 3  从 3 进行 局部 搜索  发现 极 小 点 4 图 中 三角形 状 的 点 1 
3 
5 
7 称为  转移 点  
因为 从 点 5 已经 找到 点 6  所以 转移 到 点 7 再 到 6 是 重复 搜索  如果 一直 在 点 6 的 极 值域 搜索 下去  将 是 不断 重复  于是 陷入 局部 极 小 点 6 我们 的 想法 是 在 找到 点 6 后 将 搜索 转移 到 6 的 极 值域 之外  于是 自然 摆脱 了 局部 极 小  同时 不 应 转移 到  老  极 小 点 2 
4 的 极 值域  那样 又 是 重复 ( 即 上 节 的 多 局部 极 小 )  而 应该 转移 到 一个 新 的 极 值域 进行 贪心 搜索  发现 新 的 极 值  如此 不断 转移  不断 找到 新 极 值  当 所有 极 值 都 发现 了  从 中 取 最 好 则 为 全局 极 值 
我们 给 出 以下 启发 式 策略 以 形成 新 转移 点 
启发 式 策略 1 离 已 找到 的 极 小 点 越 远  越 不 容易 落入 其 极 值域 
启发 式 策略 2 离 已 使用 过 的 转移 点 越 远  越 不 容易 落入 老 极 值域  老 转移 点 表明 该 区域 已 被 开采 过 
这种  远离  策略 无需 知道 极 值域 范围 
因为 存在 多 个 点  不 能 远离 一个 却 接近 另 一个  所以 各 点 相互 牵制  其次 还有 边界 的 限制 
注意 到 球 隙 的 中心 恰 符合 以上 要求 
图 1 中 绘 出 了 3 个 球 隙 ( 实际 不止 3 个 )  一般 情况 下 选 最 大 球 隙 的 中心 为 佳  即 以 球 隙 2 中心 的 星 型 点 8 为 下 一个 转移 点  从 该 点 出发 搜索 未知 的 新 极 小 点  之后 由于 点 8 和 新 极 小 点 的 加入  当前 最 大 球 隙 2分 裂 成 若干 小 球 隙  刷新 球 隙 的 大小 排序  下 一 次 搜索 将 迁移 到 其它 较 大 球 隙  称之为 球 隙 迁移 法 
