按照/p筹备/vn委员会/n工作/vn安排/vn，/wd八月/t二十九日/t至/p九月/t二十六日/t期间/f，/wd将/d在/p北京/ns天安门/ns广场/n陆续/d举办/v涉及/v阅兵/vn、/wn群众/n游行/vn、/wn联欢/vn晚会/n等/udeng庆祝/vn活动/vn相关/vn内容/n的/ude1演练/vn活动/vn。/wj
北京市/ns为/p配合/v演练/vn活动/vn将/d采取/v一/m系列/q深入/a细致/a的/ude1服务/vn保障/vn措施/n。/wj
目前/t，/wd国庆/t六十/m周年/q庆祝/vn活动/vn的/ude1各项/r筹备/vn工作/vn正在/d顺利/ad进行/vx。/wj
29./m1月/t8日/t，/wd第三/m批/q创业/vi板/ng公司/n将/d挂牌/vi上市/vi。/wj
此次/rz挂牌/vi的/ude1创业/vn板/ng第三/m批/q6/m家/q公司/n分别/d为/v新宙邦/nr、/wn梅泰诺/nrf、/wn上海/ns凯宝/nr2、/wn九/m洲/ng电气/n、/wn回/v天/qt胶/n业/ng、/wn朗科/nrf科技/n。/wj
第三/m批/q公司/n延续/v了/ule前/f两/m批/q创业/vi板/ng公司/n高/a成长/vn性/n以及/cc创新/vn能力/n强/a的/ude1特征/n，/wd受到/v资金/n热/k捧/v，/wd不仅/c全线/n超/v募/vg且/c超/v募/vg比例/n更/d高/a。/wj
据/p计算/v，/wd6/m家/q公司/n的/ude1平均/a市/n盈/vg率/v约/d为/v78./m1/m倍/q，/wd比/p上/f一/m批/q公司/n83./m6/m倍/q的/ude1发行/vn市/n盈/vg率/v有所/v降低/v。/wj
相比/vi首/m批/q创业/vi板/ng公司/n，/wd第二/m批/q创业/vi板/ng公司/n首日/t炒作/v明显/ad降温/vi，/wd且/c除/p个别/a股票/n外/f，/wd股价/n近期/t普遍/ad出现/v调整/vn。/wj
不过/c，/wd截至/v2009年/t12月/t31日/t，/wd创业/vi板/ng36/m家/q公司/n平均/a市/n盈/vg率/v为/p105./m38/m倍/q，/wd仍/d远/ad高于/v中小/b板/n51./m01/m倍/q的/ude1市/n盈/vg率/v。/wj
多/m名/q业内人士/n指出/v，/wd进入/v2010年/t，/wd随着/p创业/vn板/n持续/vd扩容/v，/wd将/d逐步/d缓解/v创业/vi板/ng股票/n供需/n矛盾/an，/wd该/rz板块/n齐/d涨/vi共/d跌/v的/ude1现象/n将/d逐渐/d减弱/v，/wd创业/vi板/ng股价/n出现/v分化/vn是/vshi必然/b趋势/n。/wj
这种/r趋势/n下/f，/wd如果/c投资者/n盲目/ad加入/v炒/v新/a队伍/n，/wd面临/v的/ude1风险/n会/v进一步/d加大/v。/wj
今后/t，/wd只有/c那些/rz成长/vi性/ng好/a、/wn盈利/vn能力/n强/a的/ude1企业/n才/d会/v受到/v资金/n的/ude1追/v捧/v。/wj
3./m据/p新华社/nt电/n国务院/nt总理/n温家宝/nr7日/t在/p江苏省/ns常州市/ns调研/v时/ng强调/v，/wd目前/t房地产/n市场/n调控/vn仍然/d处在/v关键/a时期/n，/wd调控/vn任务/n还/d很/d艰巨/a。/wj
必须/d坚定不移/vl做/v好/a调控/vn工作/vn，/wd把/pba抑制/v房地产/n投机/vn投资/vn性/ng需求/n作为/v一/m项/q长期/b政策/n。/wj
二/m季度/n全国/n地价/n环/v比/p微升/v7日/t上午/t，/wd温家宝/nr来到/v常州市/ns飞龙/n新/a苑/ng小区/n看望/v居民/n，/wd并/cc与/p省/n、/wn市/n保障/vn性/ng住房/n建设/vn、/wn管理/vn、/wn质量/n监督/vn等/udeng单位/n负责人/n座谈/vn。/wj
温家宝/nr说/v，/wd经过/p多年/mq努力/an，/wd房地产/n市场/n调控/vn取得/v了/ule一定/b成效/n。/wj
值得/v注意/v的/ude1是/vshi，/wd二/m季度/n全国/n主要/b监测/vn城市/n地价/n出现/v环/v比/p微升/v，/wd6月份/t一些/mq城市/n新建/v住宅/n价格/n出现/v环/v比/p上涨/vi，/wd目前/t房地产/n市场/n信息/n比较/d混乱/a，/wd市场/n对/p房价/n走势/n的/ude1预期/vn出现/v一些/mq变化/vn，/wd群众/n普遍/ad担心/v房价/n反弹/vi。/wj
温家宝/nr强调/v，/wd进一步/d做好/v调控/vn工作/vn，/wd要/v把握/v好/a以下/f几/m个/q方面/n：/wp一/m要/v继续/v坚决/ad抑制/v投机/vn投资/vn性/ng需求/n，/wd防止/v变相/vd放松/v购房/vn政策/n，/wd防止/v不/d实/a信息/n炒作/v误导/vn。/wj
要/v把/pba抑制/v房地产/n投机/vn投资/vn性/ng需求/n作为/v一/m项/q长期/b政策/n。/wj
继续/v严格/ad实施/v差别化/vn住房/n信贷/n、/wn税收/n政策/n和/cc住房/n限/v购/vg措施/n。/wj
加强/v市场/n监管/vn，/wd对/p涉及/v违规/vd骗取/v购房/vn资格/n的/ude1开发/vn企业/n、/wn中介/n机构/n和/cc个人/n，/wd要/v严肃/ad查处/v。/wj
制止/v纠正/v地方/n变相/vd放松/v房/n市/n调控/vn对/p有/vyou地方/n出台/vi或/c变相/vd放松/v房地产/n市场/n调控/vn政策/n的/ude1，/wd要/v有/vyou针对性/n地/ude2及时/ad制止/v纠正/v。/wj
同时/c，/wd抓紧/vd研究/v推进/vi房地产/n税收/n制度/n改革/vn，/wd加快/v建立/v健全/v房地产/n市场/n调控/vn的/ude1长效/b机制/n和/cc政策/n体系/n。/wj
要/v毫不动摇/vl地/ude2继续/v推进/vi房地产/n市场/n各项/r调控/vn工作/vn，/wd促进/v房价/n合理/ad回归/v，/wd决不能/v让/v房价/n反弹/vi，/wd造成/v功亏一篑/vl。/wj
二/m要/v采取/v措施/n，/wd积极/ad引导/v和/cc支持/vn房地产/n企业/n调整/vn产品/n结构/n，/wd增加/v普通/a商品房/n供给/vn，/wd满足/v合理/a的/ude1自/rr住/vi性/ng需求/n。/wj
三/m要/v继续/v稳步/d推进/vi保障/v性/ng安居工程/n建设/vn，/wd尽快/d形成/v有效/a供给/vn。/wj
今年/t上半年/t保障/v性/ng住房/n已经/d开工/vi470万/m套/q，/wd基本/ad建成/v260万/m套/q，/wd相关/vn工作/vn正在/d平稳/ad推进/vi。/wj
各/rz地区/n要/v积极/ad拓宽/v筹资/vn渠道/n，/wd加快/v用地/n审批/vn和/cc供应/vn，/wd吸引/v多元/b投资/vn主体/n参与/v建设/vn，/wd确保/v开工/vi和/cc建设/vn任务/n顺利/ad完成/v。/wj
合理/ad确定/v公/ng租房/v租金/n水平/n。/wj
楼市/n分析/v1/m楼市/n回暖/vi但/c不/d会/v大/a涨/vi近期/t，/wd我国/n楼市/n普遍/ad呈/v回暖/vi迹象/n，/wd一二/m线/q城市/n尤为/d明显/a。/wj
深圳/ns出现/v久违/vi的/ude1千/m人/n排队/vd购房/v场面/n，/wd北京/ns6月/t二手/b房/n成交/v创/vg限/v购/vg以来/f新/d高/a，/wd武汉/ns6月/t商品房/n销量/n创/vg20/m个/q月/n以来/f最高/a…/ws
…/ws
我/rr爱/v我/rr家/q房地产/n经济/n公司/n市场/n研究/v部/q经理/n李琛/nr认为/v，/wd受/v央行/n降息/v等/udeng货币/n政策/n刺激/v，/wd以及/cc开发商/n“/wyz以/p价/n换/v量/n”/wyy策略/n吸引/v，/wd自/p住/vi购房/v需求/n正在/d释放/v，/wd支撑/v了/ule本/rz轮/qv成交/v放/v量/n。/wj
楼市/n回暖/vi后/f，/wd“/wyz价/n随/dg量/v涨/vi”/wyy成为/v人们/n普遍/ad担心/v的/ude1问题/n。/wj
中国/ns房地产/n指数/n研究院/n调查/vn数据/n显示/v，/wd今年/t6月/t全国/n100/m个/q城市/n新建/v住宅/n均/ag价/n比/p5月/t上涨/vi0./m05%/m，/wd结束/v了/ule连续/a9/m个/q月/n的/ude1环/n比/p下跌/vi态势/n。/wj
那么/rz未来/t房价/n会/v明显/ad上涨/vi吗/y？/ww
专家/n普遍/ad认为/v，/wd尽管/c近期/t房价/n发生/v波动/vi，/wd短期/b内/f不/d会/v大幅/d上涨/vi。/wj
住房/n和/cc城乡/n建设部/nt政策/n研究/vn中心/n主任/n秦虹/nr否定/v了/ule“/wyz房价/n已经/d出现/v较/d快/a增长/vn”/wyy的/ude1说法/n，/wd并/cc指出/v当前/t政策/n条件/n下/f，/wd为/p卖/v而/cc买/v的/ude1投机性/n需求/n进入/v市场/n的/ude1动力/n不/d大/a，/wd只要/c坚持/v对/p第三/m套房/n不/d贷款/vi，/wd坚持/v把/pba投机/vn买房/v的/ude1杠杆/n去掉/v，/wd剩下/v的/ude1就/d是/vshi合理/a住房/n需求/n。/wj
2/m调控/vn长效/b机制/n亟待/v建立/v本轮/r房地产/n调控/vn政策/n实施/v两/m年/qt来/f，/wd约/d50/m个/q城市/n采取/v了/ule住房/n限/v购/vg措施/n，/wd加之/cc差别化/vn信贷/n政策/n、/wn考核/v问/v责/ng机制/n等/udeng，/wd调控/vn时间/n之/uzhi长/ng、/wn力度/n之/uzhi大/a，/wd前所未有/vl。/wj
专家/n普遍/ad认为/v，/wd这/rzv一/m轮/qv调控/vn是/vshi有效/a的/ude1，/wd但/c也/d应/v尽早/d考虑/v长久/a之/uzhi计/ng。/wj
近/a一时/m期/qv，/wd随着/p楼市/n重新/d回暖/vi，/wd开发商/n借机/d造/v势/ng，/wd投资/v性/ng、/wn投机性/n需求/n蠢蠢欲动/vl，/wd一些/mq地方/n政府/n出现/v了/ule放松/a调控/vn的/ude1倾向/n…/ws
…/ws
很多/m人/n担心/v，/wd本轮/r房地产/n调控/vn政策/n告一段落/vl后/f，/wd很/d可能/v出现/v新/a一/m轮/qv“/wyz炒/v房/n热/a”/wyy。/wj
“/wyz短期/b内/f采取/v行政/n干预/vn措施/n是/vshi不得已而为之/vl，/wd长期/d来/vf看/v，/wd不/d能/v靠/v限/v购/vg来/vf压抑/v需求/n、/wn控制/vn房价/n。/wj
否则/c，/wd行政/n干预/v一/m取消/v，/wd房地产业/n又/d会/v出现/v泡沫/n化/v。/wj
”/wyy财政部/nt财政/n科学/a研究所/n所长/n贾康/nr指出/v，/wd应/v抓紧/vd着手/v建立/v针对/p房地产/n市场/n的/ude1长效/b调控/vn机制/n。/wj
贾康/nr认为/v，/wd长效/b调控/vn机制/n的/ude1核心/n是/vshi“/wyz双轨/b统筹/vn”/wyy——/wp在/p“/wyz保障/v轨/ng”/wyy上/f，/wd政府/n牵头/vd加大/v保障/vn房/n供给/vn，/wd托/v起/vf底/f端/v需求/n；/wf在/p“/wyz市场/n轨/ng”/wyy上/f，/wd由/p开发商/n提供/v商品房/n，/wd满足/v更/d高/a层次/n需求/n，/wd政府/n主要/d管/v规划/n和/cc税收/n等/udeng。/wj
