30./m2009年/t，/wd在/p亚丁/nsf湾/ng海域/n的/ude1索马里/nsf海盗/n活动/vn依然/d猖獗/a。/wj
年初/t以来/f，/wd已/d有/vyou近/a40/m艘/q船/n只/d和/cc500/m多/m名/q船员/n遭/v海盗/n劫持/v。/wj
中国/ns海军/n已/d先后/d有/vyou四/m批/q护航/vn编队/n在/p亚丁/nsf湾/ng海域/n与/cc多/a国/n海上/s力量/n为/p过往/vn船只/n护航/vi。/wj
11月/t6日/t至/p7日/t，/wd由/p中国/ns、/wn俄罗斯/nsf、/wn印度/nsf、/wn欧盟/n海军/n、/wn日本/nsf海上/s自卫队/n、/wn多/a国/n海上/s力量/n等/udeng代表/n参加/v的/ude1亚丁/nsf湾/ng护航/vi国际/n合作/vn协调/ad会/v在/p北京/ns召开/v，/wd讨论/v在/p亚丁/nsf湾/ng海域/n实行/v分/qt区/n护航/vn合作/vn，/wd谋求/v护航/vi国际/n合作/vn的/ude1最佳/z办法/n，/wd加大/v打击/v海盗/n活动/vn力度/n。/wj
31./m2009年/t已/d近/a尾声/n。/wj
翻开/v美国/nsf总统/n奥/b巴马/ns走马上任/vl时/ng提出/v的/ude1变革/vn“/wyz蓝图/n”/wyy，/wd再/d对比/v当前/t进展/vn情况/n，/wd不禁/d想起/v一/m位/q美国/nsf政治学/n教授/n说/v过/uguo的/ude1话/n：/wp“/wyz奥/b巴马/ns是/vshi一/m位/q制定/v高远/a目标/n但/c遭遇/v严酷/a现实/n的/ude1总统/n。/wj
”/wyy至今/d仍/d历历在目/vl的/ude1，/wd是/vshi2008年/t11月/t4日/t晚/tg在/p芝加哥/nsf格兰特/nrf公园/n举行/v的/ude1奥/b巴马/ns选举/v夜/tg集会/vi，/wd人山人海/nl，/wd口/q号声/n震耳欲聋/vl。/wj
在/p媒体/n专区/n，/wd所有/b记者/n的/ude1目光/n聚焦/vn电视/n屏幕/n上/f的/ude1选票/n统计表/n：/wp奥/b巴马/ns拿下/v纽约州/nsf、/wn俄亥俄州/nsf、/wn弗吉尼亚州/nsf、/wn加利福尼亚州/nsf…/ws
…/ws
势不可挡/vl。/wj
大局/n已/d定/v，/wd对手/n麦凯恩/nrf宣布/v失败/vi。/wj
带/v着/uzhe胜利者/n的/ude1喜悦/an，/wd奥/b巴马/ns郑重/ad承诺/v，/wd要/v给/p这个/rz国家/n带来/v人们/n希望/v看到/v的/ude1变革/vn。/wj
话音/n刚/d落/v，/wd彩/ng片/ng、/wn气球/n和/cc横幅/n漫天/z飞扬/vi，/wd支持者/n高呼/v“/wyz奥/b巴马/ns”/wyy名字/n的/ude1声音/n在/p天际/n回荡/vi。/wj
这/rzv一刻/mq，/wd是/vshi奥/b巴马/ns长/ad达/v一/m年/qt半/m时间/n竞选/vn活动/vn的/ude1句/q点/qt，/wd也/d是/vshi美国/nsf少数/m族/q裔/nr1争取/v平等/a权利/n历程/n的/ude1高潮/n。/wj
与/p选举/v夜/tg相比/vi，/wd今年/t1月/t20日/t的/ude1总统/n就职/vn仪式/n少/v了/ule几/m分/qt激情/n，/wd多/v了/ule几/m分/qt期待/v。/wj
金融/n危机/n的/ude1爆发/vn和/cc经济/n衰退/vi的/ude1发生/vn，/wd使/v走/v上/f设/v在/p国会/n山/n的/ude1就职/vn礼/n台/q的/ude1奥/b巴马/ns肩负/v受命/vi于/p危难/n之际/f的/ude1压力/n。/wj
从/p国会/n山/n的/ude1主会场/n放眼/vd望去/v，/wd无数/m的/ude1人/n站/vi在/p冬日/t的/ude1寒风/n中/f，/wd见证/n美国/nsf第一/m位/q非洲/nsf裔/nr1总统/n庄严/ad许/v下/vf誓言/n。/wj
一/m位/q黑人/n妇女/n手/n捂/v着/uzhe嘴/n，/wd脸上/s挂/v着/uzhe激动/a的/ude1泪水/n。/wj
她/rr对/p记者/n说/v，/wd没/d想到/v自己/rr有生之年/n能/v看到/v这/rzv一/m天/qt。/wj
但/c她/rr也/d知道/v，/wd这/rzv只/d是/vshi一个/mq辉煌/a的/ude1开始/vn，/wd接/v下来/vf，/wd奥/b巴马/ns还/d将/d面临/v一/m条/q艰难/a的/ude1执政/vn道路/n。/wj
上任/vi百/m日/qt内/f，/wd奥/b巴马/ns政府/n便/d出台/vi了/ule几/m大/a重要/a决策/vn，/wd如/v一/m份/q7870亿/m美元/q的/ude1经济/n刺激/v计划/n、/wn19/m个/q月/n从/p伊拉克/nsf撤军/vn方案/n、/wn一/m年/qt内/f关闭/v关/nr1塔/n那/rzv摩/b美军/n基地/n和/cc禁止/v虐待/vn囚徒/n等/udeng。/wj
对于/p这些/rz大胆/a的/ude1变革/vn举措/n，/wd人们/n在/p感到/v鼓舞/v的/ude1同时/n，/wd也/d为/v奥/b巴马/ns捏/v了/ule一/m把/pba汗/n，/wd毕竟/d，/wd理想/n与/cc现实/n之间/f的/ude1差距/n，/wd并非/v仅/d凭/p激情/n和/cc魄力/n可以/v跨越/v。/wj
近/a一/m年/qt来/f，/wd在/p国际/n舞台/n上/f，/wd奥/b巴马/ns放/v低/a姿态/n，/wd频频/d伸/v出示/v好/a的/ude1橄榄枝/n，/wd向/p世界/n各国/rzs特别/d是/vshi伊斯兰/nz世界/n表明/v美国/nsf向/p“/wyz多边/b主义/n”/wyy外交/n立场/n转变/vn。/wj
在/p4月/t5日/t、/wn6月/t4日/t和/cc11月/t14日/t，/wd他/rr分别/d在/p布拉格/nsf、/wn开罗/nsf和/cc东京/nsf发表/v主题/n为/v“/wyz无/v核/n世界/n”/wyy、/wn“/wyz改善/v与/p伊斯兰/nsf世界/n关系/n”/wyy和/cc“/wyz亚洲/ns政策/n”/wyy的/ude1演讲/vn，/wd显示/v美国/nsf改善/v自身/rr国际/n形象/n、/wn缓和/v与/p部分/m国家/n原本/d紧张/a的/ude1关系/n的/ude1愿望/n。/wj
目前/t，/wd奥/b巴马/ns政府/n在/p外交/n方面/n的/ude1政策/n转变/v努力/an已/d得到/v国际/n社会/n广泛/ad关注/v，/wd但/c在/p巴/b以/b问题/n、/wn伊朗/nsf核/n问题/n、/wn朝鲜/nsf核/n问题/n以及/cc伊拉克/nsf和/cc阿富汗/nsf战争/n等/udeng热点/n问题/n上/f尚未/d取得/v明显/a进展/vn。/wj
在/p国内/s政策/n方面/n，/wd理想/n与/cc现实/n的/ude1碰撞/vn显得/v尤其/d激烈/a。/wj
大/a规模/n经济/n刺激/v计划/n尽管/c催生/vi了/ule缓慢/a复苏/vn的/ude1迹象/n，/wd却/d未能/v阻止/v失业率/n攀升/v至/p两/m位/q数/n；/wf计划/n在/p一/m年/qt内/f关闭/v关/nr1塔/n那/rzv摩/b监狱/n，/wd到/p如今/t却/d还/d有/vyou200/m名/q左右/m的/ude1囚徒/n等待/v安置/v；/wf承诺/v的/ude1移民/vn政策/n改革/vn尚未/d成/v形/ng；/wf原/b本/n打算/v16/m个/q月/n完成/v的/ude1从/p伊拉克/nsf撤军/vi也/d延长/v到/v了/ule19/m个/q月/n；/wf最初/d只/d计划/v向/p阿富汗/nsf增兵/vi7000/m人/n，/wd最后/f却/d不得不/d增兵/vi3万/m…/ws
…/ws
而/cc围绕/v医疗/n改革/vn法案/n的/ude1较量/vn是/vshi最为/d艰苦/a的/ude1。/wj
从/p今年/t4月/t起/f，/wd以/p奥/b巴马/ns为首/vi的/ude1白宫/n官员/n和/cc以/p佩洛西/nrf为/p代表/n的/ude1国会/n民主党/n人/n就/d展开/v强大/a的/ude1宣传/vn攻势/n，/wd试图/v为/p这/rzv项/q改革/vn措施/n赢得/v两/m党/n共识/n和/cc民众/n支持/vn。/wj
最终/d，/wd参众两院/n通过/p经/p再三/d删改/v的/ude1医/ng改/v法案/n，/wd但/c其/rz过程/n险象环生/vl，/wd为此/d付出/v的/ude1代价/n也/d相当/d昂贵/a——/wp两/m党/n泾渭分明/vl、/wn民主党/n内部/f矛盾/an尖锐/a、/wn其他/rzv内政/n外交/n政策/n受到/v牵制/vn。/wj
执政/vi一/m周年/q之际/f，/wd奥/b巴马/ns将要/d发表/v任/v上/vf第一/m份/q国情/n咨文/n，/wd向/p美国/nsf民众/n和/cc国会/n议员/n呈/v上/vf一/m份/q“/wyz阶段/n考试/vn答卷/n”/wyy。/wj
美国/nsf乔治梅森/nrf大学/n公共/b政策/n学/v教授/n罗泽尔/nrf在/p评价/v奥/b巴马/ns上任/vi以来/f的/ude1执政/vn表现/v时/ng告诉/v记者/n，/wd他/rr认为/v，/wd经济/n刺激/v计划/n和/cc加强/v金融/n监管/vn措施/n以及/cc医/ng改/v法案/n得以/v通过/v是/vshi奥/b巴马/ns最/d大/a的/ude1两/m项/q政绩/n，/wd前者/rzv为/p阻止/v经济/n状况/n继续/v恶化/vi发挥/v了/ule有效/a作用/n，/wd后者/rzv如/v能/v顺利/ad付诸实施/vl，/wd从/p长远/ad看/v有望/v避免/v美国/nsf陷入/v财政/n赤字/n失控/vi的/ude1局面/n。/wj
然而/c，/wd新/a的/ude1一/m年/qt到来/vi后/f，/wd奥/b巴马/ns如果/c不/d能/v在/p解决/v失业/vn和/cc恢复/v经济/n方面/n拿/v出/vf更/d行之有效/vl的/ude1办法/n，/wd就/d难免/v会/v在/p2010年/t的/ude1国会/n中期/f选举/v中/f遭遇/v阻击/v。/wj
32./m美国/nsf宇航局/n11日/t称/v，/wd美国/nsf一/m颗/q通信卫星/n10日/t与/p一/m颗/q俄罗斯/nsf已/d报废/v的/ude1卫星/n在/p太空/s中/f相撞/vi。/wj
据/p美联社/nt11日/t报道/v，/wd美国/nsf和/cc俄罗斯/nsf的/ude1两/m颗/q通信卫星/n10日/t在/p太空/s相撞/vi，/wd产生/v了/ule大量/m太空/s垃圾/n，/wd可能/v会/v对/p国际/n空间站/n造成/v威胁/vn。/wj
美国/nsf国家/n航空/n航天/n局/n（/wkzNASA/x）/wky表示/v，/wd这/rzv是/vshi人类/n历史/n上/f首/m次/qv卫星/n相撞/vi事故/n，/wd地点/n位于/v西伯利亚/nsf上空/s500/m英里/q（/wkz约/d805/m公里/q）/wky。/wj
发生/v相撞/vi的/ude1分别/d是/vshi美国/nsf1997年/t发射/v的/ude1一/m颗/q铱星/n，/wd以及/cc俄罗斯/nsf1993年/t发射/v的/ude1一/m颗/q卫星/n，/wd据/p信/n这/rzv颗/q卫星/n目前/t已经/d不再/d工作/vi。/wj
位于/v休斯顿/nrf的/ude1约翰逊/nrf太空/s中心/n研究/vn轨道/n残骸/n的/ude1专家/n马克/n?/ww
马特尼/nrf说/v，/wd俄罗斯/nsf卫星/n失去/v了/ule控制/vn。/wj
马特尼/nrf说/v，/wd“/wyz我们/rr知道/v这种/r事情/n最终/d会/v发生/v。/wj
