随着/p近日/t美国/nsf国内/s“/wyz中国/ns威胁论/n”/wyy的/ude1再度/d升温/vi，/wd中国/ns在/p这次/r演习/vn中/f扮演/v的/ude1角色/n也/d成为/v美国/nsf媒体/n争论/vn的/ude1焦点/n。/wj
《/wkz华尔街/nsf日报/n》/wky的/ude1文章/n毫无/v根据/n地/ude2渲染/v了/ule中国/ns“/wyz巨大/a的/ude1野心/n”/wyy，/wd并/cc宣称/v“/wyz中国/ns在/p此次/rz军/n演/v中/f所/usuo扮演/v的/ude1角色/n，/wd证明/v了/ule其/rz作战/vn能力/n都/d不/d容/v轻视/v，/wd或许/d有/vyou一/m天/qt中/f国会/n将/p枪口/n指向/v中亚/ns以外/f”/wyy。/wj
美国/nsf媒体/n一方面/c耸人听闻/vl地/ude2渲染/v上/f合/v组织/v对/p美国/nsf的/ude1威胁/vn，/wd另一方面/c又/d对/p上/f合/v组织/n的/ude1合作/vn能力/n表示/v怀疑/vn。/wj
英国/ns《/wkz泰晤士报/n》/wky宣称/v“/wyz盯/v着/uzhe上/f合/v军/n演/v是/vshi浪费/v资源/n”/wyy，/wd认为/v上/f合/v组织/v在/p军事/n合作/vn上/f的/ude1发展/vn不足/v为/v虑/vg，/wd西方/s应该/v把/pba注意力/n集中/ad在/p对/p中亚/ns能源/n的/ude1争夺/vn上/f。/wj
相反/vi，/wd更/d多/a的/ude1媒体/n则/d认为/v中国/ns在/p中亚/ns的/ude1目标/n是/vshi有限/a的/ude1，/wd集中/v在/p反/vi恐/vg等/udeng方面/n。/wj
《/wkz华盛顿/nsf观察/v》/wky甚至/d赞扬/v中国/ns向/p中亚地区/ns植/v入/v了/ule成功/a的/ude1经济/n发展/vn经验/n，/wd为/p中亚/ns扶贫/vi带来/v了/ule异/ag于/p西方/s的/ude1新/a思路/n。/wj
文章/n说/v，/wd在/p实际/a的/ude1较量/vn中/f，/wd中国/ns与/p俄罗斯/nsf展示/v军事/n实力/n的/ude1目的/n不同/a，/wd它/rr似乎/d更/d愿意/v在/p上/f合/v组织/n的/ude1地区/n合作/vn中/f发挥/v“/wyz软/a实力/n”/wyy。/wj
到/p目前/t为止/u，/wd美国/nsf政府/n和/cc军方/n还/d没有/v对/p联合/v军/n演/v发表/v过/uguo直接/a或/c明确/a的/ude1评论/vn。/wj
而/cc许多/m美国/nsf主流/n媒体/n也/d以/p跟踪/v新闻/n事实/n为主/vi，/wd在/p评论/n上/f则/d显得/v比较/d谨慎/a。/wj
44./m范龙佩/nr当选/v对/p华/b气氛/n或/c更/d好/a对外/vn声音/n难/ad统一/v欧盟/n领导人/n19日/t召开/v特别/a峰会/n，/wd一致/ad选举/v比利时/nsf首相/n范龙佩/nr为/p首/m位/q欧洲/ns理事会/n常任/b主席/n当选/v为/p欧盟/n外交/n和/cc安全/an政策/n高级/a代表/n。/wj
对/p此/rzs中国/ns社会/n科学院/n欧洲/ns所/n所长/n助理/n程卫东/nr认为/v，/wd欧盟/n“/wyz总统/n”/wyy象征性/n大于/v实际/a意义/n，/wd范龙佩/nr当选/v不/d会/v对/p欧盟/n外交/n政策/n产出/vn太/d大/a的/ude1影响/vn。/wj
范龙佩/nr当选/v是/vshi各方/r平/a的/ude1结果/n程卫东/nr说/v，/wd范龙佩/nr的/ude1当选/vn并/cc不/d是/vshi个人/n能力/n有/vyou多/m高/a，/wd而是/c其/rz背后/f的/ude1大国/n和/cc小/a国/n之间/f的/ude1利益/n之/uzhi争/ng的/ude1结果/n。/wj
至于/p说/v德/b法/n不/d满/a，/wd那/rzv就/d是/vshi大国/n对/p此/rzs不/d太/d认同/v，/wd如果/c是/vshi一个/mq有/vyou大国/n背景/n的/ude1人/n当选/v，/wd比如说/vl布莱尔/nrf，/wd他/rr能力/n和/cc威望/n都/d很/d高/a，/wd也/d更/d有/vyou优势/n，/wd可以/v利用/v大国/n的/ude1力量/n来/vf推动/v欧盟/n的/ude1各种/rz步调/n的/ude1统一/vn，/wd但是/c小国/n也/d会/v有/vyou情绪/n，/wd小/a国/n一直/d认为/v大国/n在/p操纵/v这个/rz一体化/vn的/ude1进程/n，/wd就/d会/v担心/v整个/b欧盟/n将/d朝/p少数/m大国/n所/usuo预想/v的/ude1方向/n来/vf走/v，/wd这/rzv是/vshi整个/b欧盟/n所/usuo不能/v接受/v的/ude1。/wj
欧盟/n“/wyz总统/n”/wyy象征性/n大于/v实际/a意义/n程卫东/nr表示/v，/wd欧盟/n“/wyz总统/n”/wyy在/p《/wkz里斯本/nsf条约/n》/wky里/f关于/p其/rz职责/n的/ude1表述/vn非常/d简单/a，/wd其/rz职权/n范围/n非常/d有限/a，/wd说/v的/ude1是/vshi在/p他/rr的/ude1职能/n范围/n之内/f代表/v欧盟/n，/wd主要/d是/vshi一些/mq程序/n上/f的/ude1事情/n，/wd以/p前/f由/p轮值/vn主席国/n的/ude1领导人/n来/vf协调/v，/wd现在/t有/vyou一个/mq相对/d固定/a的/ude1人/n来/vf做/v。/wj
这/rzv就/d使得/vi欧盟/n“/wyz总统/n”/wyy能/v做/v事情/n的/ude1多少/ry和/cc大/a小/a与/cc被/pbei选/v人/n能力/n和/cc特点/n关系/n很/d大/a。/wj
范龙佩/nr地位/n和/cc影响力/n并/cc不/d是/vshi太/d强/a，/wd那么/c他/rr处理/v问题/n的/ude1时候/n可能/v更/d为/v中庸/n、/wn中/b规/ng中/f矩/ng，/wd不/d会/v偏离/v条约/n太/d远/a，/wd这样/rzv作为/p首任/b“/wyz总统/n”/wyy也/d是/vshi比较/d好/a理解/vn的/ude1。/wj
欧盟/n“/wyz总统/n”/wyy统一/vn欧盟/n声音/n能力/n有限/a欧盟/n需要/v统一/vn声音/n的/ude1领域/n包括/v，/wd共同/b外交/n与/cc安全/an政策/n领域/n以及/cc除此之外/al的/ude1其他/rzv对外/vn关系/n领域/n。/wj
“/wyz这些/rz领域/n能/v不/d能/v按/p同/p一个/mq声音/n说话/vi，/wd从/p机制/n和/cc可能性/n来/vf看/v也/d是/vshi不/d一样/uyy的/ude1。/wj
”/wyy程卫东/nr说/v。/wj
共同/b外交/n和/cc安全/an政策/n是/vshi政府/n间/f决策/vi，/wd需要/v欧盟/n全体/n成员/n国/n一致/ad表决/v决定/v，/wd主要/b权力/n在/p成员国/n，/wd不/d在/p欧盟/n，/wd因而/c不/d会/v被/pbei欧盟/n“/wyz总统/n”/wyy所/usuo控制/v。/wj
而/cc其他/rzv对外/vn关系/n领域/n比如/v国际/n贸易/vn、/wn人道主义/n、/wn合作/vn发展/vn可能/n会/v带来/v更/d多/a的/ude1统一/vn声音/n。/wj
对/p华/b关系/n气氛/n或/c更/d好/a但/c政策/n影响/v有限/a在/p欧盟/n未来/t对/p华/b关系/n上/f，/wd程卫东/nr表示/v，/wd基于/p范龙佩/nr一直/d以来/f对/p中国/ns的/ude1态度/n都/d很/d好/a，/wd所以/c他/rr上任/vi欧盟/n“/wyz总统/n”/wyy以后/f，/wd应该/v也/d会/v保持/v这/rzv一/m传统/n，/wd而/cc与/p中国/ns关系/n保持/v良好/a的/ude1气氛/n。/wj
但是/c又/d因为/p其/rz职权/n难以/d改变/v政策/n，/wd所以/c从/p他/rr个人/n来讲/uls是/vshi很/d难/a在/p欧盟/n对/p华/b大/a的/ude1政策/n和/cc方向/n上/f产生/v明显/a的/ude1影响/vn。/wj
45./m年终/t岁末/t，/wd尽管/c东盟/ns首脑/n会议/n上/f月/n已/d在/p新加坡/nsf谢幕/vi，/wd但/c展望/v来/vf年/qt，/wd东盟/ns首脑/n会议/n取得/v的/ude1重要/a成果/n之一/rz的/ude1《/wkz东盟/ns宪章/n》/wky和/cc东盟/ns未来/t面临/v的/ude1挑战/vn，/wd却/d是/vshi年末/t人们/n关注/v的/ude1话题/n。/wj
鉴于/p明年/t的/ude1东盟/ns首脑/n会议/n将/d在/p泰国/nsf举办/v，/wd记者/n日前/t就/d《/wkz东盟/ns宪章/n》/wky和/cc东盟/ns未来/t将/d面临/v的/ude1挑战/vn等/udeng问题/n采访/v了/ule泰国/nsf朱拉隆功/nz大学/n亚洲/ns研究所/n东盟/ns问题/n专家/n帕/ng差/a腊/ng卫/v兰/ng女士/n。/wj
对/p东盟/ns峰会/n取得/v的/ude1成果/n，/wd这/rzv位/q女/b学者/n认为/v，/wd在/p过去/t一/m段/q时间/n，/wd一些/mq东盟/ns国家/n遇到/v了/ule一些/mq困难/an和/cc麻烦/an。/wj
会议/n召开/v于/p东盟/ns成立/vi四十/m周年/q之际/f，/wd又/d恰/d逢/v东盟/ns加/v三/m关系/n十/m周年/q以及/cc东盟/ns与/cc欧盟/n关系/n三十/m周年/q，/wd这/rzv使/v本次/r会议/n的/ude1重要性/n更加/d突出/a。/wj
另外/c，/wd因为/c本次/r会议/n的/ude1主要/b议题/n包括/v能源/n、/wn环境/n、/wn气候/n变化/vn以及/cc可/v持续/vd发展/v问题/n等/udeng。/wj
此前/t东盟/ns各国/rzs基本上/d都/d是/vshi独立/a地/ude2处理/v以上/f问题/n，/wd但/c成效/n不尽/b人/n如意/an，/wd这些/rz问题/n一直/d严重/ad困扰/v着/uzhe东盟/ns国家/n。/wj
本次/r会议/n的/ude1召开/v使/v各国/rzs今后/t在/p合作/vd解决/v这些/rz问题/n方面/n有/vyou了/ule更/d多/a法律/n上/f的/ude1联系/vn。/wj
其次/c，/wd《/wkz东盟/ns宪章/n》/wky的/ude1签署/v具有/v重要/a意义/n，/wd使/v东盟/ns成为/v一个/mq可以/v信赖/v的/ude1、/wn稳定/ad前进/vi的/ude1组织/n。/wj
此前/t东盟/ns仅/d是/vshi一个/mq政府/n间/f合作/v的/ude1国家/n群体/n，/wd合作/v上/f具有/v松散/a和/cc自愿/v的/ude1特点/n。/wj
《/wkz东盟/ns宪章/n》/wky的/ude1重要性/n体现/v在/p两/m个/q方面/n：/wp东盟/ns内部/f将/d成为/v一个/mq具有/v法律/n联系/v的/ude1组织/n；/wf东盟/ns在/p国际/n舞台/n上/f取得/v了/ule法人/n地位/n，/wd有/vyou权/n在/p国际/n舞台/n，/wd特别/d是/vshi联合国/nt发表/v东盟/ns的/ude1意见/n和/cc建议/n。/wj
这/rzv是/vshi东盟/ns迈出/v的/ude1非常/d重要/a的/ude1一/m步/qv。/wj
谈及/v东盟/ns目前/t在/p地区/n和/cc国际/n舞台/n上/f的/ude1作用/n，/wd帕/ng差/a腊/ng卫/v兰/ng女士/n说/v，/wd东盟/ns在/p许多/m地区/n和/cc国际台/n舞台/n上/f发挥/v着/uzhe作用/n。/wj
