时间/n：/wp2012-08-10/m>/w2012年/t7月/t30日/t，/wd日本/nsf政府/n召开/v内阁/n会议/n，/wd批准/v了/ule防卫/vn大臣/n森/ag本/n敏/ag提交/v的/ude12012年/t版/n《/wkz防卫/vn白皮书/n》/wky。/wj
这/rzv是/vshi日本/nsf自/p1970年/t以来/f发布/v的/ude1第38/m份/q，/wd也/d是/vshi民主/a党/n执政/vi以来/f发布/v的/ude1第三/m份/q白皮书/n。/wj
同时/c它/rr是/vshi日本/nsf政府/n自/p美国/nsf2012年/t1月/t5日/t宣布/v新/a国防/n战略/n后/f的/ude1第一/m份/q白皮书/n，/wd也/d是/vshi日本/nsf政府/n自/p2010年/t12月/t颁布/v新/a《/wkz防卫/vn计划/n大纲/n》/wky和/cc《/wkz中期/f防卫/vn力量/n发展/vn计划/n》/wky后/f，/wd发布/v的/ude1第二/m份/q白皮书/n。/wj
《/wkz防卫/vn白皮书/n》/wky不仅/c是/vshi介绍/v日本/nsf防务/n政策/n和/cc防卫/vn力量/n建设/vn的/ude1指针/n性/ng文件/n，/wd也/d是/vshi在/p世界/n各国/rzs官方/n出版物/n中/f，/wd被/pbei认为/v是/vshi对/p中国/ns“/wyz国防/n动向/n”/wyy关注/v最/d多/a、/wn渲染/v中国/ns“/wyz军事/n威胁论/n”/wyy最/d多/a的/ude1公开/vn文件/n之一/rz，/wd是/vshi目前/t研究/v日本/nsf防卫/vn政策/n和/cc对/p华/b安全/an政策/n动向/n的/ude1重要/a参考/vn。/wj
日本/nsf的/ude12012年/t版/n《/wkz防卫/vn白皮书/n》/wky主要/d由/p“/wyz周边/n安全/an环境/n”/wyy、/wn“/wyz日本/nsf防卫/vn政策/n和/cc新/a防卫/vn大纲/n”/wyy以及/cc“/wyz防卫/vn对策/n与/cc措施/n”/wyy三/m部分/n构成/v，/wd系统/n地/ude2阐述/v了/ule日本/nsf对/p国际/n形势/n的/ude1判断/vn、/wn现行/b国防/n政策/n、/wn防卫/vn力量/n建设/vn以及/cc军事/n改革/vn等/udeng内容/n。/wj
与/p以往/t相比/vi，/wd2012年/t版/n白皮书/n有/vyou以下/f四点/t尤其/d值得/v关注/vn。/wj
对/p安全/an态势/n判断/v出现/v重大/a转折/vn，/wd传统/n威胁/vn地位/n上升/vi与/p日本/nsf前/f防卫/vn大臣/n北/f泽/ag俊美/a在/p2011年/t版/n白皮书/n所/usuo阐述/v的/ude1“/wyz日本/nsf周边/n安全/an环境/n正在/d发生/v快速/b变化/vn”/wyy论断/vn相比/vi，/wd本届/r防卫/vn大臣/n森/ag本/n敏/ag在/p2012年/t版/n白皮书/n前言/n中/f第一/m句/q就/d写/v道/qv，/wd“/wyz当/p日本/nsf与/cc邻国/n的/ude1经贸/b与/cc文化/n关系/n正在/d不断/d深入/v时/ng，/wd日本/nsf周边/n的/ude1安全/an环境/n却/d在/p变/v得/ude3日益/d严峻/a。/wj
”/wyy另外/c，/wd与/p前/f几/m届/q日本/nsf政府/n颁布/v的/ude1白皮书/n相比/vi，/wd新版/b白皮书/n在/p其/rz第一/m部分/n“/wyz日本/nsf周边/n的/ude1安全/an环境/n”/wyy中/f，/wd史无前例/bl地/ude2对/p各种/rz威胁/vn的/ude1前后/f顺序/n进行/vx了/ule结构性/n调整/vn，/wd将/p亚太地区/n安全/an环境/n(/wkz强调/v传统/n国家/n威胁/vn)/wky前提/n至/p第一/m位/q，/wd而/cc以往/t首先/d强调/v的/ude1国际/n社会/n主要/b安全/an问题/n(/wkz主要/b包括/v各种/rz非传统/b威胁/vn)/wky则/d退/v居/v其次/rzv。/wj
这/rzv显示/v出/vf日本/nsf政府/n对/p其/rz安全/an环境/n的/ude1判断/vn出现/v了/ule重大/a变化/vn，/wd认为/v日本/nsf面临/v严峻/a挑战/vn，/wd而/cc其中/rz的/ude1传统/n国家/n威胁/vn地位/n上升/vi，/wd非传统/b威胁/vn地位/n下降/vi。/wj
由于/c应对/v非传统/b威胁/vn更/d倾向/v于/p采取/v国际/n合作/vn的/ude1方式/n，/wd应/v对/p传统/n威胁/vn通常/d则/d意味着/v对抗/v甚至/d发生/v军事/n冲突/vn，/wd因此/c，/wd新版/b白皮书/n对/p周边/n安全/an形势/n的/ude1判/v读/v可能/v是/vshi日本/nsf防卫/vn政策/n发生/v进一步/d变化/v的/ude1一个/mq危险/a信号/n。/wj
日本/nsf外务/n省/n曾/d在/p解密/vi文件/n《/wkz日本/nsf外交/n的/ude1过失/n》/wky一/m文/ng中/f总结/v道/qv，/wd“/wyz绝不/d应该/v只/d考虑/v条约/n等/udeng文件/n的/ude1字句/n，/wd而/cc忘记/v深层/b的/ude1政治/n意义/n、/wn影响/vn等/udeng根本/a问题/n。/wj
”/wyy同/p理/n，/wd我们/rr也/d不/d应/v仅仅/d只/d看到/v白皮书/n表面/n上/f的/ude1文字/n和/cc逻辑/n结构/n，/wd更/d应该/v深刻/ad研究/v其/rz潜藏/v的/ude1意图/n以及/cc分析/v本届/r日本/nsf政府/n防卫/vn政策/n的/ude1实质/n。/wj
回顾/v自/p1970年/t以来/f历届/b日本/nsf政府/n颁布/v的/ude1《/wkz防卫/vn白皮书/n》/wky，/wd不难/d看出/v日本/nsf防卫/vn政策/n的/ude1发展/vn趋势/n，/wd其/rz防卫/vn目标/n从/p主要/d防范/v俄罗斯/nsf转变/v至/p主要/d防范/v中国/ns，/wd其/rz防卫/vn政策/n从/p“/wyz回归/v亚洲/ns”/wyy政策/n转变/v至/p“/wyz强化/v日/b美/b同盟/n”/wyy，/wd其/rz防卫/vn原则/n从/p“/wyz专守/v防卫/vn”/wyy转变/v至/p“/wyz主动/ad先/d制/v”/wyy，/wd其/rz防卫/vn思想/n从/p“/wyz基本/a防卫/vn”/wyy转变/v至/p“/wyz机动/b防御/vn”/wyy。/wj
如果/c说/v2011年/t版/n《/wkz防卫/vn白皮书/n》/wky反映/v了/ule菅直人/nrj政府/n关于/p“/wyz整军/vn、/wn联/vg美/b、/wn防/v华/b、/wn走/v出去/vf”/wyy的/ude1防务/n战略/n方向/n，/wd那么/c2012年/t版/n白皮书/n则/c为/p实现/v这/rzv一/m目标/n找到/v了/ule一个/mq“/wyz现实/n理由/n”/wyy，/wd为/p日本/nsf进一步/d抛弃/v战后/t制定/v的/ude1“/wyz专守/v防卫/vn”/wyy的/ude1和平/n宪法/n，/wd加速/vi向/p军事/n大国/n迈进/vi提供/v了/ule垫脚石/n。/wj
必须/d引起/v注意/v的/ude1是/vshi，/wd日本/nsf政府/n很/d大/a程度/n上/f把/pba导致/v形势/n严峻/a的/ude1原因/n归于/v中国/ns。/wj
特别/d是/vshi在/p钓鱼岛/ns问题/n上/f，/wd自/p执政党/n民主党/n政权/n放弃/v领土/n问题/n搁置/vi争议/vn的/ude1处置/vn方式/n，/wd转/v而/cc采取/v不/d承认/v论调/n之后/f，/wd中/b日/b两/m国/n关系/n急剧/d下降/vi。/wj
7月/t26日/t，/wd当/v有/vyou议员/n问/v到/v钓鱼岛/ns问题/n时/ng，/wd参加/v国会/n辩论/vn的/ude1日本/nsf首相/n野田佳彦/nr甚至/d表示/v，/wd“/wyz在/p尖/a阁/ng群岛/n(/wkz即/v我/rr钓鱼岛/ns——/wp作者/n注/ng)/wky问题/n上/f，/wd如果/c发现/v周边/n国家/n有/vyou不法/b行为/n，/wd政府/n准备/vn使用/vn自卫队/n。/wj
”/wyy近年来/dl，/wd日本/nsf一直/d在/p大力/d发展/v军备/n，/wd加强/v西南/s诸/rz岛/n军事/n部署/vn，/wd蓄意/d插手/v与其/c无关/v的/ude1南海/ns问题/n，/wd近期/t又/d频频/d制造/v地区/n紧张/a局势/n，/wd这/rzv必须/d引起/v世人/n的/ude1高度/n警惕/an。/wj
继续/v炒作/v中国/ns“/wyz军事/n威胁论/n”/wyy，/wd为/p扩张/vn军备/n寻找/v借口/n今年/t是/vshi中/b日/b建交/vi40/m周年/q，/wd这/rzv理应/v是/vshi一个/mq值得/v纪念/v的/ude1年度/n，/wd但/c两/m国/n之间/f纪念/v气氛/n并/cc不/d浓厚/a，/wd究/vg其/rz原因/n无非/d是/vshi日本/nsf反复/d炒作/v中国/ns军事/n威胁/vn，/wd反复/d强调/v中国/ns军事/n不/d透明/a，/wd反复/d列举/v中国/ns种种/q“/wyz不/d法/b”/wyy海洋/n活动/vn，/wd这/rzv是/vshi日本/nsf为/p其/rz自身/rr扩张/v军备/n寻找/v借口/n的/ude1一贯/b手法/n，/wd也/d是/vshi近/a几/m届/q日本/nsf政府/n《/wkz防卫/vn白皮书/n》/wky涉及/v中国/ns部分/n的/ude1主要/b内容/n。/wj
2012年/t版/n白皮书/n在/p老调重弹/vl之外/f，/wd又/d多/a了/ule一些/mq新/a的/ude1内容/n和/cc方式/n。/wj
其一/rz是/vshi指责/v中国/ns正当/a的/ude1海洋/n活动/vn对/p日/b构成/n威胁/vn。/wj
与/p旧/a版/n白皮书/n不同/a，/wd新版/b白皮书/n增/v列/v了/ule很多/m隶属/v中国/ns海洋/n局/qv的/ude1“/wyz海/n监/vg”/wyy和/cc“/wyz渔政/n”/wyy舰只/n的/ude1活动/vn情况/n，/wd意图/n证明/v“/wyz中国/ns的/ude1海洋/n活动/vn趋于/v活跃/a”/wyy，/wd暗/ad指/v中国/ns“/wyz不/d法/b”/wyy海洋/n活动/vn对/p日本/nsf构成/v了/ule威胁/vn。/wj
可/v问题/n在于/v，/wd这些/rz船只/n并/cc不/d是/vshi军舰/n，/wd中国/ns民用/b船只/n赴/v相关/vn海域/n进行/vx勘测/vn和/cc护/v渔/ng活动/vn完全/ad正当/v，/wd日方/n所谓/v的/ude1“/wyz地区/n和/cc国际/n社会/n感到/v担忧/v”/wyy纯属/v无稽之谈/nl。/wj
其二/rz是/vshi企图/v用/p表格/n的/ude1形式/n来/vf证明/v中国/ns军事/n发展/v对/p日本/nsf构成/v巨大/a威胁/vn。/wj
白皮书/n用/p表格/n的/ude1方式/n对/p中国/ns、/wn日本/nsf、/wn东南亚/nsf和/cc韩国/nsf的/ude1军力/n进行/vx了/ule比较/vn，/wd刻意/d突出/v中国/ns的/ude1强大/a和/cc日本/nsf的/ude1所谓/v“/wyz弱小/a”/wyy。/wj
但/c恰恰/d是/vshi这个/rz表格/n不顾/v各国/rzs国情/n，/wd以/p纯/a数量/n替代/v当代/t军队/n最/d重要/a的/ude1因素/n——/wp质量/n，/wd暴露/v了/ule日本/nsf无中生有/vl、/wn蓄意/d散布/v中国/ns“/wyz军事/n威胁/vn”/wyy、/wn为/v自身/rr扩充/v军备/n寻找/v借口/n的/ude1企图/vn。/wj
