”/wyy巴沙尔/nrf还/d说/v，/wd如果/c他/rr落选/vi总统/n，/wd便/d会/v下/vf台/q，/wd“/wyz我/rr是/vshi为/p国家/n服务/vn的/ude1，/wd我/rr的/ude1国家/n不/d是/vshi为/p我/rr服务/v的/ude1”/wyy。/wj
对于/p阿盟/ns取消/v叙利亚/nsf成员国/n资格/n的/ude1决议/n，/wd巴沙尔/nrf说/v这/rzv为/p西方/s国家/n干涉/v叙利亚/nsf开/v了/ule绿灯/n。/wj
他/rr警告/v说/v，/wd一旦/d对/p叙利亚/nsf发起/v军事/n行动/vn，/wd将/d在/p中东地区/ns引发/v“/wyz地震/n”/wyy。/wj
“/wyz如果/c他们/rr有/vyou逻辑/n、/wn有/vyou理性/n并/cc讲求/v实际/n，/wd就/d不/d会/v这么/rz做/v，/wd因为/c后果/n将/d是/vshi可怕/a的/ude1。/wj
军事/n干涉/v将/d造成/v整个/b地区/n的/ude1不/d稳定/a，/wd所有/b国家/n都/d会/v受到/v影响/vn，/wd”/wyy巴沙尔/nrf说/v。/wj
17./m“/wyz雪龙/nz船/n马上/d准备/v离/v泊/vg。/wj
”/wyy19日/t晚/tg19:55/m分/qt，/wd“/wyz雪龙/nz号/n”/wyy船长/n沈权/nr通过/p船上/s的/ude1广播/vn宣布/v。/wj
19日/t晚/tg20点/t30分/t，/wd经过/p一/m天/qt多/a的/ude1休整/vn和/cc补给/vn，/wd中国/ns第28/m次/qv南极/ns科考/n队/n离开/v澳大利亚/nsf弗里曼特尔/nsf港口/n前往/v南极/ns。/wj
中国/ns第28/m次/qv南极/ns科考队/n雪龙/nz船/n11月/t3日/t从/p天津/ns出发/vi后/f，/wd经过/p14/m天/qt、/wn4800/m海里/q的/ude1航行/vn，/wd于/p11月/t18日/t抵达/v澳大利亚/nsf弗里曼特尔/nsf港/n。/wj
在/p雪/n龙船/n靠/p港/n期间/f，/wd进行/vx了/ule淡水/n、/wn燃油/n和/cc蔬菜/n的/ude1补给/vn。/wj
“/wyz前/f一/m阶段/n的/ude1航次/n，/wd在/p进入/v印度洋/nsf之前/f，/wd整个/b雪/n龙船/n航行/vi还是/c比较/d平稳/a的/ude1。/wj
进入/v印度洋/nsf到/v在/p澳大利亚/nsf弗里曼特尔/nsf锚地/n之前/f，/wd由于/p澳大利亚/nsf西北/s面/n有/vyou一个/mq低压/n系统/n生成/vn，/wd加上/v高压/n系统/n的/ude1配合/vn，/wd在/p印度洋/nsf航行/vi中/f风浪/n较/d大/a。/wj
”/wyy“/wyz雪龙/nz号/n”/wyy船长/n沈权/nr说/v。/wj
“/wyz从/p澳大利亚/nsf弗里曼特尔/nsf港/n到/v南极/ns中山站/n这/rzv一/m航/vg段/ng对/p整个/b考察队/n来说/uls是/vshi最/d重要/a的/ude1一个/mq阶段/n，/wd要/v穿越/v西风/n带/v，/wd将/d在/p浮冰/n区/n航行/vi。/wj
”/wyy沈权/nr说/v，/wd会/v通过/p各种/rz途径/n，/wd收集/v最新/a的/ude1海冰/n资料/n，/wd选择/v最佳/z路径/n，/wd尽可能/d早/ad抵达/v南极/ns中山站/n，/wd为/p后续/vn的/ude1冰/n上/f卸货/vi赢得/v更/d多/a的/ude1时间/n。/wj
“/wyz本/rz航/ng段/ng的/ude1考验/vn还/d来自/v于/p冰上/n卸货/vi，/wd”/wyy沈权/nr说/v，/wd预计/v11月/t底/f可/v到达/v南极/ns，/wd从/p目前/t中山站/n的/ude1情况/n来看/u，/wd天气/n总体/n偏/d暖/a，/wd还/d需/v进一步/d观察/v海冰/n情况/n。/wj
由于/c到达/v南极/ns后/f海冰/n卸货/vi时间/n压/v得/ude3很/d紧/a，/wd需要/v保障/v南极/ns科考/n内陆/s队/n的/ude1按时/d出发/vi，/wd以及/cc大量/m建筑/n材料/n、/wn后勤/n保障/vn物资/n以及/cc科考/n设备/n及时/ad到达/v中山站/n。/wj
18./m利比亚/nsf全国/n过渡/vn委员会/n执行/vn委员会/n主席/n阿卜杜勒/nrf?/ww
凯/ng卜/vg19日/t在/p南部/f城市/n津坦/nrf宣布/v卡/n扎/v菲/b次子/n赛/vn义/ng夫/y?/ww
伊斯兰/nsf?/ww
卡/n扎/v菲/b当天/t在/p利/n南部/f地区/n落网/vi，/wd并/cc承诺/vn赛/vn义/ng夫/ng将/d得到/v公正/a的/ude1审判/vn。/wj
分析/v人士/n认为/v，/wd赛义夫/nrf落网/vi沉重/a打击/v了/ule卡/n扎/v菲/b残余/n势力/n，/wd消除/v了/ule过渡/vi委/ng一/m块/q心病/n，/wd有利于/v过渡/vi委/ng顺利/ad推进/vi政治/n过渡/vn和/cc战后/t重建/v。/wj
但/c如果/c过渡/vi委/ng对/p赛义夫/nrf处置/v不当/a，/wd他/rr或/c将/d成为/v一个/mq“/wyz烫/v手/n山芋/n”/wyy。/wj
利于/v过渡/vi委/ng推进/vi重建/v据/p利比亚/nsf官方/n介绍/v，/wd赛义夫/nrf于/p当地/s时间/n19日/t午时/t左右/m在/p南部/f塞/v卜/vg哈/b地区/n落网/vi，/wd当时/t他/rr与/p几/m名/q随从/n正/d准备/v逃往/v尼日尔/nsf。/wj
当地/s电视台/n画面/n显示/v，/wd赛义夫/nrf头/n戴/nr1灰色/n头巾/n，/wd身着/v阿拉伯/nsf长袍/n，/wd蓄/v着/uzhe胡须/n，/wd与/p以往/t西装革履/nl的/ude1形象/n大相径庭/vl；/wf他/rr右手/n手指/n缠/v着/uzhe厚厚的/z绷带/n，/wd神态/n凝重/z地/ude2斜/ad躺/v在/p一个/mq沙发床/n上/f。/wj
当地/s武装/n发现/v并/cc逮捕/v了/ule赛义夫/nrf，/wd随后/d用/v一/m架/qv运输机/n将/p其/rz空运/v至/p津/b坦/b城/n。/wj
赛义夫/nrf生于/v1972年/t，/wd曾/d被/pbei认为/v最/d有/vyou可能/n成为/v卡扎菲/nrf的/ude1继任/vn者/k，/wd他/rr一直/d代表/v其父/r活跃/v在/p公共/b关系/n和/cc外交/n舞台/n。/wj
今年/t6月/t，/wd国际/n刑事/b法院/n以/p“/wyz涉嫌/v反/vi人类/n罪/n”/wyy为由/vi，/wd对/p赛义夫/nrf签发/v了/ule逮捕令/n。/wj
10月/t20日/t，/wd过渡/vi委/ng武装/v攻占/v苏尔/nrf特/d当天/t抓获/v卡扎菲/nrf，/wd但/c赛义夫/nrf脱逃/vi。/wj
赛义夫/nrf被捕/vi后/f，/wd过渡/vi委/ng执委会/n主席/n凯/ng卜/vg表示/v，/wd这/rzv是/vshi利比亚/nsf的/ude1一个/mq重要/a时刻/n。/wj
他/rr希望/v赛义夫/nrf的/ude1落网/vi能/v为/p处于/v重建/v阶段/n的/ude1利比亚/nsf揭开/v新/a的/ude1一/m页/q，/wd并/cc向/p全体/n利比亚人/nz和/cc国际/n社会/n保证/v赛义夫/nrf及其/cc追随者/n将/d受到/v公正/a审判/vn。/wj
分析/v人士/n认为/v，/wd作为/p卡扎菲/nrf死/v后/f唯一/d留/v在/p利比亚/nsf境内/s的/ude1前/f政权/n核心/n成员/n，/wd赛义夫/nrf是/vshi隐藏/v在/p西部/f和/cc南部/f卡/v扎/v菲/b势力/n的/ude1精神/n支柱/n。/wj
他/rr的/ude1落网/vi从/p短期/b来/f看/v无疑/d会/v为/p利比亚/nsf重建/v之/uzhi路/n扫/v清/a一个/mq障碍/n。/wj
相反/vi，/wd如果/c赛义夫/nrf继续/v在/p逃/v，/wd卡/v扎/v菲/b支持者/n或/c其他/rzv民兵/n武装/vd可能/v打/v着/uzhe他/rr的/ude1旗号/n发动/v袭击/vn，/wd阻碍/v过渡/vi委/ng推进/vi政治/n过渡/vn和/cc战后/t重建/v。/wj
审判/vn地点/n出现/v争议/vn虽然/c凯/ng卜/vg已/d保证/v赛义夫/nrf将/d得到/v公正/a的/ude1审判/vn，/wd但/c对/p审判/vn地点/n的/ude1分歧/n已经/d出现/v。/wj
赛义/nr2夫/ng落网/vi后/f，/wd欧盟/n外交/n与/cc安全/an政策/n高级/a代表/n阿什顿/nrf发表/v声明/n，/wd希望/v利比亚/nsf当局/n全力/d配合/v国际/n刑事/b法院/n，/wd确保/v赛义夫/nrf得到/v公正/a审判/vn。/wj
荷兰/nsf外交大臣/n罗/b森/ag塔/n尔/Rg当天/t也/d呼吁/v利比亚/nsf过渡/vi委/ng将/p赛义夫/nrf交/v与/p国际/n刑事/b法院/n审判/vn。/wj
国际/n刑事/b法院/n的/ude1一/m名/q女/b发言人/n当天/t说/v，/wd法院/n已/d和/cc利比亚/nsf司法部门/n进行/vx了/ule接触/vn，/wd“/wyz希望/v能够/v确保/v赛义夫/nrf被捕/vi之后/f所/usuo面临/v的/ude1相关/vn程序/n都/d符合/v法律/n规范/v”/wyy。/wj
她/rr强调/v，/wd利比亚/nsf当局/n在/p法律/n上/f“/wyz有/vyou义务/n与/cc国际/n刑事/b法院/n合作/vn”/wyy。/wj
另一方面/c，/wd利比亚/nsf过渡/vi委/ng司法部长/n穆罕默德/nrf?/ww
阿拉吉/nrf却/d表示/v希望/v赛义夫/nrf在/p利比亚/nsf境内/s受审/vi。/wj
不过/c分析/v人士/n认为/v，/wd即便/c利比亚/nsf当局/n在/p国内/s审判/v赛义夫/nrf，/wd在/p具体/a城市/n的/ude1选择/vn上/f也/d还/d会/v产生/v争议/vn。/wj
班加西/nrf是/vshi反对派/n的/ude1大本营/n，/wd安保/n条件/n好/a，/wd且/c过渡/vi委/ng多数/m高官/n都/d出自/v班/n加西/nrf；/wf但/c的黎波里/nsf是/vshi首都/n，/wd象征/v意义/n浓厚/a，/wd距/p津/b坦/b也/d较/d近/a。/wj
鉴于/p卡扎菲/nrf死/v前/f曾/d遭/v虐待/vn，/wd加之/cc赛义夫/nrf身份/n敏感/an，/wd过渡/vi委/ng如何/ryv选择/v审判/v赛义夫/nrf地点/n令人/v关注/vn。/wj
会/v否/vg成为/v“/wyz烫/v手/n山芋/n”/wyy如果/c利比亚/nsf过渡/vi委/ng选择/v在/p本国/rzs审判/v赛义夫/nrf，/wd那么/c赛义夫/nrf可能/v成为/v一/m块/q“/wyz烫/v手/n山芋/n”/wyy，/wd长期/d困扰/v过渡/vi委/ng。/wj
首先/c，/wd利比亚/nsf司法/n系统/ad处于/v瘫痪/vi状态/n，/wd现阶段/t没有/d完善/v的/ude1司法/n体系/n支撑/vn审判/vn。/wj
的黎波里/nsf律师/n艾哈迈德/nrf?/ww
穆拉德/nrf告诉/v记者/n，/wd虽然/c过渡/vi委/ng已/d任命/v了/ule司法部长/n，/wd但/c距/p建立/v完善/v的/ude1司法/n系统/n还/d有/vyou很/d长/a的/ude1路/n要/v走/v。/wj
另外/c，/wd利比亚/nsf当前/t混乱/a的/ude1安全/an局势/n是否/v能够/v保证/v审判/v顺利/ad进行/vx也/d是/vshi一个/mq疑问/n。/wj
在/p战争/n中/f大约/d有/vyou1万/m枚/q地空导弹/n下落不明/vl，/wd流散/v的/ude1轻武器/n更是/d不计其数/vl，/wd首都/n的黎波里/nsf街头/s随处可见/vl携带/v枪支/n的/ude1民众/n，/wd这些/rz都/d给/v审判/vn的/ude1安保/n工作/vn提出/v巨大/a挑战/vn。/wj
