贵州/ns电网/n公司/n1./m7万/m名/q干部/n投入/v抗/v冰/n保/v电/n工作/vn，/wd南方/s电网/n公司/n也/d派/v来/vf1600/m名/q“/wyz外援/n”/wyy，/wd让/v居民/n春节/t用/p电/n基本/ad有/vyou保障/vn。/wj
近期/t，/wd本报/rz新闻/n热线/n6774488/m每天/r都/d会/v接到/v不少/m市民/n打/v来/vf的/ude1电话/n，/wd诉说/v雪/n凝/vg天气/n给/p他们/rr生活/vi带来/v的/ude1不便/an，/wd针对/p这种/r情况/n，/wd本报/rz从/p1月/t29日/t起/f推出/v的/ude1防/v滑/v、/wn防寒/vn专题/n报道/v得到/v广大/b市民/n的/ude1认可/vn，/wd觉得/v很/d及时/a。/wj
(/wkz记者/n虞富文/nr李佳懿/nr）/wky22./m据/p安徽省/ns阜阳市/ns政府/n提供/v的/ude1消息/n，/wd阜阳市/ns3月份/t以来/f已/d有/vyou789/m名/q儿童/n感染/v肠道/n病毒/nEV71/x，/wd19/m人/n经/p全力/d抢救/v无效/vi死亡/vi，/wd目前/t仍/d在/p医院/n住院/vn治疗/vn和/cc留/v院/n观察/v204/m例/q。/wj
在/p卫生部/nt和/cc安徽省/ns专家组/n的/ude1参与/vn指导/vn下/f，/wd阜阳市/ns卫生/an部门/n正在/d全面/ad加强/v各项/r医疗/n救治/vn和/cc预防/vn控制/vn工作/vn。/wj
据/p介绍/v，/wd今年/t3月/t上旬/t，/wd阜阳市/ns几/m家/q医院/n陆续/d收治/v了/ule以/p发热/vi伴/v口腔/n、/wn手足/n臀部/n皮疹/n为主/vi的/ude1疾病/n患者/n，/wd少数/m伴有/v脑/n、/wn心/n、/wn肺/n严重/ad损害/v。/wj
经/p卫生部/nt、/wn安徽省/ns和/cc阜阳市/ns专家/n的/ude1流行病/n学/v调查/vn、/wn临床/vn诊断/vn和/cc实验室/n检测/vn，/wd确定/v该病/r为/p肠道/n病毒/nEV71/x感染/vn。/wj
据/p专家/n介绍/v，/wd肠道/n病毒/nEV71/x感染/v主要/d通过/p唾液/n、/wn疱疹/n液/ng、/wn粪便/n污染/vn的/ude1物品/n密切/ad接触/v传播/vn，/wd儿童/n和/cc成人/n都/d可能/v感染/v，/wd5/m岁/qt以下/f儿童/n多/ad发/v，/wd环境/n卫生/an差/a、/wn个人/n卫生/an习惯/n不良/a容易/ad发病/vi，/wd常/d引起/v儿童/n手足/n口/n并/cc病/n毒性/n咽峡炎/n，/wd重症/n患儿/n可/v出现/v肺水肿/n、/wn脑炎/n等/udeng，/wd大部分/m病例/n病情/n较/d轻/a，/wd可/c治愈/v。/wj
少数/m患者/n可/v出现/v心肌炎/n、/wn无/v菌/n性/ng脑膜炎/n和/cc肺水肿/n等/udeng并发症/n，/wd严重/a时/ng可/v危及/v生命/n。/wj
病情/n发生/v后/f，/wd卫生部/nt、/wn安徽省/ns卫生厅/n迅速/ad派出/v专家组/n赴/v阜阳/ns指导/vn调查/vn病因/n，/wd全力/d救治/v患儿/n，/wd全面/ad开展/v防/v控/v工作/vn。/wj
阜阳/ns市委/n、/wn市政府/n成立/vi了/ule防治/vn工作/vn领导/n小组/n，/wd从/p全市/n医疗/n系统/ad调配/v了/ule精干/a的/ude1医疗/n救护/vn人员/n充实/v到/v定点/d救治/v医院/n，/wd调度/v婴幼儿/n呼吸/v机/ng等/udeng相关/vn设备/n，/wd开辟/v了/ule救治/vn绿色/n通道/n。/wj
同时/c，/wd加强/v疾病/n监测/vn，/wd重点/d对/p学校/n、/wn幼儿园/n、/wn村庄/n的/ude1环境/n卫生/an、/wn饮水/n、/wn食品/n卫生/an等/udeng进行/vx治理/vn和/cc检查/vn。/wj
23./m七月/t二十二日/t，/wd北川/nrj擂鼓/vi镇/n阳光/n炽烈/a，/wd将/p远处/s的/ude1大/a山/n和/cc近处/s人们/n的/ude1生活/vn照/v得/ude3清晰/a透亮/vi。/wj
距离/p七月/t七日/t记者/n随/v“/wyz携手/vi共/d建/v——/wp知名/a侨商/n企业家/n四川/ns行/n活动/vn”/wyy亲历/v北川/nrj仅/d半/m月/n，/wd这里/rzs已/d发生/v了/ule巨大/a变化/vn。/wj
七月/t七日/t，/wd记者/n在/p擂鼓/vi镇/n看到/v，/wd板/ng房/n正在/d紧张/ad搭/v建/v，/wd挖土机/n日夜/d工作/vi，/wd黄尘/n漫天/z。/wj
半/m个/q月/n后/f再/d临/v北川/nrj，/wd地震/n带来/v的/ude1创伤/n正/d在/p重建/v家园/n的/ude1过程/n中/f慢慢/d愈合/vi。/wj
虽然/c山体/n仍/d有/vyou滑坡/vi的/ude1伤痕/n，/wd但/c山下/s整齐/a崭新/b的/ude1板/ng房/n，/wd如火如荼/al的/ude1建设/vn场面/n，/wd孩子/n们/k的/ude1笑容/n…/ws
…/ws
就/d如同/v北川/nrj这/rzv座/q县城/n一样/uyy，/wd历/vg生死/n、/wn历/vg轮回/vi，/wd依旧/z彰/ag显出/v新生/n的/ude1“/wyz美/b”/wyy。/wj
在/p不久前/t还/d满/v是/vshi废墟/n的/ude1小道/n边/k，/wd帐篷/n里/f开/v起/vf了/ule小卖部/n，/wd乡亲/n们/k在/p机动/b三轮车/n上/f摆/v起/vf小摊/n，/wd叫卖/vi猪肉/n，/wd还/d有/vyou好几/m家/q理发店/n，/wd这里/rzs就/d像/v是/vshi一个/mq集市/n。/wj
“/wyz胖/a哥/n饭馆/n”/wyy老板/n魏继虎/nr正/d认真/a地/ude2用/v粉笔/n在/p小/a黑板/n上/f写/v着/uzhe“/wyz今日/t菜/n品/ng”/wyy，/wd他/rr说/v：/wp“/wyz已经/d开张/vi十一/m天/qt了/y，/wd每天/r能/v有/vyou几十/m元/q人民币/n的/ude1收入/n，/wd我/rr把/pba利润/n看/v得/ude3很/d淡/a，/wd主要/d是/vshi方便/v大家/rr。/wj
”/wyy魏继虎/nr家/n的/ude1房屋/n已/d成/v废墟/n，/wd以前/f在/p外地/s打工/vi的/ude1他/rr在/p地震/n后/f便/d回到/v家乡/n，/wd他/rr说/v，/wd这样/rzv可以/v照顾/v到/v亲人/n。/wj
一/m顶/q白色/n的/ude1帐篷/n里/f传来/v孩子/n们/k的/ude1歌声/n，/wd记者/n走/v进/vf一/m看/v，/wd志愿者/n正在/d给/p孩子/n们/k上/vf音乐课/n。/wj
教师/n谢亚鹏/nr告诉/v记者/n：/wp“/wyz这/rzv是/vshi我/rr第二/m次/qv来到/v北川/nrj，/wd第一/m次/qv是/vshi在/p五月/t底/f，/wd后来/t因为/p学校/n考试/vn必须/d得/ude3回去/v，/wd但是/c我/rr放/v不/d下/vf灾区/n的/ude1孩子/n和/cc群众/n，/wd暑假/t到/v了/y，/wd我/rr就/d有/vyou时间/n回来/v给/p他们/rr上课/vi。/wj
”/wyy目前/t，/wd这里/rzs有/vyou几十/m名/q来自/v全国/n各地/rzs的/ude1志愿者/n，/wd他们/rr有的/rz刚/d高中/n毕业/v，/wd有的/rz还/d在/p读/v大学/n，/wd这些/rz“/wyz八0/m”/wyy后/f的/ude1年轻人/n正在/d以/p自己/rr的/ude1热情/an和/cc爱心/n实现/v人生/n的/ude1价值/n。/wj
记者/n发现/v，/wd当地/s很多/m灾民/n都/d投入/v了/ule灾/n后/f重建/v工作/vn。/wj
王桂芳/nr找到/v了/ule地震/n后/f第一/m份/q工作/vn——/wp铺/v草坪/n，/wd满/v面/q笑容/n的/ude1她/rr，/wd将/d绿油油/z的/ude1草/n整整齐齐/z地/ude2铺/v在/p斜坡/n上/f，/wd将/p道路/n和/cc板/n房/n映衬/v得/ude3格外/d漂亮/a。/wj
板/ng房/n旁/f，/wd有/vyou村民/n正在/d修/v水泥路/n，/wd每人/r每天/r有/vyou七八十/m元/q的/ude1收入/n，/wd他们/rr对/p现在/t的/ude1工作/vn感到/v满意/v，/wd灾民/n们/k正在/d用/v勤劳/a的/ude1双手/n铺就/v重建/v道路/n，/wd同时/c也/d延伸/v着/uzhe内心/n的/ude1希望/vn。/wj
在/p帐篷/n区/n，/wd很多/m孩童/n正/d在/p帐篷/n图书馆/n里/f看/v书/n，/wd大人/n们/k下/vf着/uzhe象棋/n。/wj
在/p政府/n给/p受灾/vn民众/n搭建/v的/ude1集体/n灶台/n边/k，/wd有/vyou人/n正在/d烧/vi水/n、/wn做饭/vi。/wj
广场/n上/f，/wd慰问团/n正在/d搭/v建/v演出/v的/ude1平台/n，/wd小/a孩子/n们/k吃/v着/uzhe冰淇淋/n，/wd玩/v着/uzhe等待/v节目/n开始/v。/wj
就/d当/p记者/n要/v离开/v北川/nrj时/ng，/wd又/d有/vyou一/m群/q志愿者/n正/d提/v着/uzhe包/v往/p擂鼓/vi镇/n走/v，/wd还有/v人民/n解放军/n扛/v着/uzhe铁锹/n干活/vi归来/vi。/wj
“/wyz全/a中国/ns的/ude1力量/n都/d凝聚/v起来/vf了/y！/wt
”/wyy在/p我/rr身旁/s的/ude1日本/nsf华侨/n说/v，/wd真/d没/d想到/v，/wd地震/n后/f，/wd灾区/n的/ude1变化/vn那么/rz大/a，/wd他们/rr的/ude1乐观/a令人感动/al。/wj
回望/v北川/nrj，/wd这/rzv座/q“/wyz伤/n”/wyy城/n，/wd正/d在/p全世界/n的/ude1爱/vn和/cc帮助/v下/vf每天/r变化/v着/uzhe，/wd走向/v新/a生/v。/wj
24./m全国/n抗震救灾/vl总结/v表彰/vn大会/n今天/t上午/t在/p北京/ns人民大会堂/ns举行/v。/wj
中共中央/nt总书记/n、/wn国家/n主席/n、/wn中央军委/nt主席/n胡锦涛/nr在/p大会/n上/f总结/v了/ule汶川/ns地震/n抗震救灾/vl的/ude1三/m个/q历史/n之/uzhi最/ng，/wd称/v其/rz是/vshi中国/ns历史/n上/f救援/v速度/n最/d快/a、/wn动员/v范围/n最/d广/a、/wn投入/vn力量/n最/d大/a的/ude1抗震救灾/vl斗争/vn，/wd最/d大/a限度/n地/ude2挽救/v了/ule受灾/vn群众/n生命/n，/wd最/d大/a限度/n地/ude2减低/v了/ule灾害/n造成/v的/ude1损失/n。/wj
胡锦涛/nr指出/v，/wd四川/ns汶川/ns特大/b地震/n是/vshi新/a中国/ns成立/vi以来/f破坏性/n最/d强/a、/wn波及/v范围/n最/d广/a、/wn救灾/vn难度/n最/d大/a的/ude1一/m次/qv地震/n，/wd震级/n达/v里氏/n8/m级/q，/wd最/d大/a烈度/n达/v11/m度/qv，/wd余震/n3万/m多/m次/qv，/wd涉及/v四川/ns、/wn甘肃/ns、/wn陕西/ns、/wn重庆/ns等/udeng10/m个/q省/n区/n市/n417/m个/q县/n(/wkz市/n、/wn区/n)/wky、/wn4667/m个/q乡/n(/wkz镇/n)/wky、/wn48810/m个/q村庄/n。/wj
