让 李嘉诚 更 烦恼 的 是 ， 庄静庵 虽然 是 他 的 亲 舅舅 ， 然而 在教 外甥 修表 的 手艺 上 ， 老人 却 执行 着 一成不变 、 按部就班 的 传授 方式 。
每天 早晨 李嘉诚 来到 表 店 以后 ， 首先 要 学 的 并 不 是 如何 修理 钟表 ， 而是 让 他 打扫 店 内 的 卫生 ， 要 开 店 门 、 倒 垃圾 和 倒 脏 水 。
最 好 的 活儿 也 不过 是 让 他 开开 顾客 的 票据 ， 至于 李嘉诚 当初 急于 来 中环 表 店 渴望 学 得 的 修 表 手艺 ， 庄静庵 却 对 他 始终 讳莫如深 。
有时候 李嘉诚 向 他 询问 修 表 的 技术 ， 舅舅 竟然 也 顾 左右 而言 它 。
如此一来 ， 让 李嘉诚 越来越 困惑 ， 他 不 明白 舅舅 为什么 竟 对 自己 的 外甥 守口如瓶 呢 ？
“ 阿诚 ， 你 千 万 不要 急 。 ”
舅舅 有 一 天 终于 对 他 说 ， “ 你 想 学 手艺 ， 这种 心情 舅舅 是 理解 的 。
当初 我 在 潮州 学 修 表 手艺 的 时候 ， 也 象 你 现在 这个 年纪 。
也 总是 想 马上 就 学会 修 表 ， 然后 堂堂正正 地 当 一个 修 表 技师 。
可是 ， 人家 老板 总是 先 要 试 一 试 你 的 忍耐力 ， 才 肯 实实在在 教 你 手艺 的 呀 。 ”
李嘉诚 对 舅舅 铁面无私 的 为人 早 有 体察 。
刚 进 表 店 时 他 也 理解 舅舅 对 自己 的 过于 严厉 ， 甚至 严 于 对待 普通 徒工 。
不过 日子 久 了 ， 李嘉诚 难免 失望 和 不满 。
他 多次 怯怯 地 跟 舅舅 说 ： “ 舅舅 ， 我 毕竟 不 是 与 您 老人家 素不相识 的 徒工 啊 。 ”
每次 舅舅 都会 冷 下 脸 说 ： “ 在 我 这里 没什么 亲疏 之 分 ， 任何人 想 从 我 手上 学 到 修 表 修 钟 的 手艺 ， 都 要 慢慢来 才 行 。
你 要 知道 ， 我 小时候 在 潮州 学艺 的 时候 ， 每天 都 是 天 不 亮 就 起床 ， 进 了 店 里 不但 要 打扫 卫生 ， 还要 给 老板娘 倒 尿盆 呢 。
就 是 开 了 店 门 以后 ， 也 休想 接触 任何 与 钟表 相关 的 事情 。
不 瞒 你 说 ， 我 那时 每天 做 得 最 多 的 ， 就是 给 老板娘 抱 孩子 。
你 想 ， 那种 日子 多 苦 啊 ？
如果 把 你 今天 的 处境 和 我 那 时候 相比 ， 已经 好 多 了 。
阿诚 ， 你 为什么 还 不 知足 呢 ？ ”
李嘉诚 虽然 心中 充满 失意 和 茫然 ， 但 也 很快 适应 了 舅舅 为 自己 限定 的 学艺 条件 。
他 不 气 也 不 恼 ， 每天 仍然 第一 个 来到 中环 表 店 ， 然后 开 店 门 ， 打扫 卫生 和 干 杂活 。
不过 ， 他 已经 懂得 了 “ 学艺 不如 偷 艺 ” 的 道理 。
李嘉诚 是 个 有心 的 孩子 ， 每天 他 做 完 杂活 后 ， 多数 时间 都 悄悄 躲 在 技工 们 视力 不及 的 角落 ， 偷偷 观察 他们 如何 在 桌 案 前 修理 零 件 精细 的 手表 和 挂钟 。
他 一面 偷偷 地 观望 ， 一面 把 技工 们 修 钟表 时 的 所有 细节 暗暗 记 在 心中 。
回到 家里 以后 ， 李嘉诚 再 把 从 舅舅 表 店 里 学 到 和 看到 的 细节 ， 一 笔 笔记 在 小 本子 上 。
久而久之 ， 他 那 小 本 上 就 尽 是 密密麻麻 的 铅笔 字 。
日积月累 ， 一些 修理 钟表 的 技艺 他 也 烂熟 于 心 。
这种 偷 艺 的 日子 大约 过 了 半 年 。
一 天 ， 庄静庵 终于 发 了 话 ， 对 他 说 ： “ 阿诚 ， 这 半 年 来 你 在 店 里 干 得 很 好 。
从 明天 开始 ， 你 就 可以 离开 这个 店 了 ， … … ”
李嘉诚 大吃一惊 ， 忙 问 ： “ 舅舅 ， 你 让 我 到 哪里 去 呀 ？ ”
“ 到 高升 街 的 分店 去 。 ”
“ 让 我 去 分店 ， 为 什么 呀 ？
莫非 我 在 这 店 里 做 得 不好 吗 ？ ”
“ 不 是 ， 正 因为 你 在 这里 老老实实 地 做 ， 所以 我 才 让 你 去 高升 街 那 家 分店 去 学 手艺 呀 。 ”
李嘉诚 松 了 一 口 气 ， 原来 他 在 中环 表 店 的 试用期 已 告 结束 ， 从 现在 开始 已经 有 资格 在 中 南 表 店 正式 学艺 了 。
想起 几 个 月 来 悄悄 偷 学 的 手艺 ， 李嘉 诚心 里 有 种 充实 感 ， 还有 一 股 兴奋 和 冲动 。
“ 我 让 你 到 高升 分店 去 ， 也 有 另 一个 考虑 。 ”
舅舅 的 脸上 仍然 看不到 丝毫 笑纹 ， 他 正色 地 叮嘱 一贯 循规蹈矩 的 外甥 说 ： “ 你家 距离 中环 实在 是 太 远 了 ， 如果 你 到 高升 店 去 上班 ， 你 每天 早晨 就 不用 起 大 早 了 。
不过 我 要 告诉 你 ， 任何 时候 都 不许 偷懒 。
年轻 人学 手艺 ， 就是 要 付出 一番 心血 才 行 的 啊 ！
你 可 懂 舅舅 的 话 ？ ”
“ 我 懂 了 ！ ”
李嘉诚 恭恭敬敬 给 庄静庵 鞠 了 一 躬 。
16 、 年少 位 卑 ， 渴望 出人头地 1945年 8月 的 一 天 ， 当 广播 里 传来 日本 天皇 的 投降 诏书 时 ， 李嘉诚 喜 极 而 泣 。
从前 横行 在 港 九 的 日本 军人 如今 都 丢盔弃甲 、 抱 头 鼠 窜 ， 灰 溜 溜 从 水路 搭 船 逃 回 了 日本 。
那天 下午 ， 久 阴 的 香港 天穹 忽然 露出 久 讳 的 阳光 ， 李嘉诚 独自 跑 到 城外 的 沙 岭 坟 场 去 ， 他 知道 父亲 在世 时 最为 痛恨 的 就 是 日本 军人 ， 他 静静 跪 在 父亲 的 坟 前 ， 说 ： “ 阿爸 ， 当年 您 老人家 的 预言 终于 实现 了 。
当初 您 告诉 我 ， 凡是 穷凶极恶 的 东西 ， 到头来 都 会 受到 报应 的 。
现在 日本 人 果然 得到 报应 了 ， 他们 挂 起 了 白旗 投降 了 。
阿爸 ， 现在 这些 趾高气扬 的 日本 鬼子 都 滚 出 了 香港 ， 也 滚 出 了 中国 。
如果 您 老人家 还 活 着 ， 看看 他们 的 下场 ， 那 该 有 多 好 啊 ？ ”
日本 投降 ， 就 发生 在 李嘉诚 刚 到 高升 分店 不久 。
高升 街 表 店 虽然 是 舅舅 开 的 一 家 分店 ， 在 这里 没 有 极 严 的 等级 观念 。
几 位 师傅 对于 新来 当 学徒 的 李嘉诚 以 礼 相待 ， 只是 由于 庄静庵 有 “ 凡是 新 学徒 不 经 三年 时间 不 能 修 表 ” 的 指令 ， 本来 他 以为 到 高升 店 就 会 成为 一个 地道 的 技工 ， 可 却 被 分配 当 了 一个 推销员 ， 这 让 他 非常 苦闷 。