曾 国 藩 愤 走 衡阳 之后 ， 因为 少 了 许多 不必要 的 应酬 与 牵制 ， 烦恼 也 少 了 许多 ， 在 那里 一心一意 地 训练 他 的 湘 军 。
咸丰 三年 十月 ， 太平 军 西 征 军 围攻 武昌 ， 在 这 千钧一发 的 时刻 ， 正在 衡阳 练兵 的 曾国藩 接到 了 清廷 谕 令 ， “ 赶紧 督 带兵 勇 炮 船 ， 驶 赴 下游 会 剿 ” 。
曾国藩 则 以 “ 保卫 全 楚 之 计 ， 必须 多 备 炮 船 ， 乃 能 堵 剿 兼 施 ” ， 而 舟 师 还 没有 守备 为 理由 ， 借此机会 申请 “ 截留 粤 饷 四 万 馀 两 ， 作为 筹备 炮 船 之 费 ” 。
这里 指 的 “ 船 ” 是 木板 船 ， 由 他 在 衡阳 、 湘潭 所 设 的 两 个 船厂 自 造 ； 而 “ 炮 ” ， 则 是 六百 尊 洋 炮 ， 那 是 两 广 总督 叶名琛 奉命 为 他 先后 买 到 的 。
经过 半 年 的 努力 ， 当时 的 湘军 已经 具有 了 初步 的 规模 ， 水 陆两 师 加 起来 有 一 万 人 之 多 ， 其中 水师 十 营 ， 共有 五千 余 人 ， 前 、 后 、 左 、 右 、 中 有 五 正 营 ， 此外 又 有 五 副 营 ； 陆 师 也 是 五千 余 人 。
水师 中 包括 一 艘 拖 罟 、 一 艘 快 蟹 、 五十 艘 长 龙 、 一百五十 艘 三板 艇 、 一百二十 艘 钓钩 船 、 一百 余 艘 辎重 船 ， 船上 一共 配备 有 五百七十 多 门 炮 。
在 刚刚 开始 创立 的 时候 ， 曾国藩 并 不 知道 筹措 水师 需要 做 哪些 工作 ， 于是 就 四 处 咨询 ， 按照 广东 水师 的 样式 ， 设置 拖 罟 、 快 蟹 、 长龙 等 ， 开始 了 他 的 编 创 工作 。
后来 ， 长沙 有 个 叫 黄冕 的 人 给 曾国藩 提议 道 ： “ 长江 上 下 千 里 ， 港汊 极 多 ， 敌 船 容易 藏匿 。
因此 ， 最 好 每 营 都 添 十 艘 小 战船 ( 即 三板 ) ， 这样 就 便于 在 港汊 中 搜寻 敌 船 。 ”
曾国藩 对 此 非常 赞同 ， 于是 就 开始 对 水师 的 编制 进行 了 如下 的 调整 ： 每 营 配制 快 蟹 一 艘 、 长龙 十 艘 、 三板 十 艘 。
人员 配制 如下 ： 快 蟹 配 二十八 名 桨 工 、 八 名 橹 工 ； 长龙 配 十六 名 桨 工 ， 四 名 橹 公 ； 三板 配 十 名 桨 工 。
正是 这样 的 水师 配制 ， 才 能够 使 曾 国 藩 日后 在 对 太平 军 作战 中 取得 胜利 。
第二 部分 ： 骂名 留 世 岳州 之 役 （ 1 ） 曾国藩 全身心 地 投入 到 了 湘 军 水 陆两 师 的 训练 之中 ， 却 不 曾 想到 ， 在 这个 时候 ， 全国 的 形势 发生 了 一 系列 的 变化 。
1853年 3月 19日 ， 洪秀全 领导 的 太平 军 一举 攻克 南京 ， 将 将军 祥 厚 斩 杀 ， 同时 也 斩 杀 了 两 江 总督 陆 建瀛 等 ， 拥 众 百 万 。
几 十 万 清军 见 此 阵势 ， 不 战 而 败 。
太平 军 定都 南京 一 个 多 月 后 ， 分别 派出 军队 ， 一部分 用于 北伐 ， 另 一 部分 则 进行 西 征 。
西征军 共五 万 人 ， 兵 分两路 ， 于 咸丰 三年 十二月 十六日 将 庐 州 攻克 ， 安徽 巡抚 江忠源 因 不 愿 落入 太平 军 之 手 而 投 水 自尽 ； 咸丰 四年 正月 十五日 ， 西征军 在 黄 州 大败 清军 ， 湖 广 总督 、 曾国藩 的 座 师 吴文 在 这 场 战役 中 死去 。
接着 ， 西征军 又 一举 将 武昌 攻克 ， 并 于 咸丰 四年 正月 再次 进入 湖南 ， 接连 攻占 岳 州 、 宁乡 、 湘阳 等 地 。
太平 军 直接 威胁 着 省会 长沙 的 统治 。
为了 控制 太平 军 势力 的 发展 ， 咸丰 帝 诏 命 曾国藩 立即 调动 他 的 湘军 ， 前往 武昌 ， 从而 缓解 了 军事 上 的 紧张 局势 ： “ 此时 惟 曾 国 藩 统 带 炮 船 兵 勇 迅速 顺流而下 ， 直 抵 武昌 ， 可以 扼 贼 之 吭 。
此举 关系 南北 大局 ， 甚 为 紧要 ， 该 侍郎 应 能 深 悉 紧急 情形 ， 兼程 赴 援 也 。 ”
此时 ， 曾国藩 所 训练 的 水 陆两 师 的 总 人数 共 一 万 人 ， 其中 水师 十 营 ， 前 、 后 、 左 、 右 、 中 为 五 正 营 ， 五 正 营 之外 又 分 五 副 营 ， 各 营 的 带领 营 官 分别 是 褚汝航 、 夏銮 、 胡嘉垣 、 胡作霖 、 成名 标 、 诸殿元 、 杨 载 福 、 彭玉麟 、 邹汉章 、 龙献琛 ， 水师 共 五千 人 ； 陆 勇 亦 五千 馀 人 ， 编 列 字号 ， 将 五百 个 人 编 为 一 营 ， “ 其 非 湘乡 人 各 领 乡 军 者 随 所 统 为 小 营 ” ， 共 十三 营 ， 各 营 的 带领 营 官 分别 是 塔齐布 、 周 凤山 、 朱 孙 诒 、 储玫 躬 、 林源恩 、 邹世琦 、 邹寿璋 、 杨 名声 、 曾国葆 。
褚汝航 是 水路 的 各 营 总统 ， 陆 师 则 统统 接受 塔齐布 的 率领 。
“ 合 以 陆 路 之 长 夫 、 随 丁 ， 水路 之 雇 船 、 水手 ， 粮 台 之 员 弁 、 丁役 ， 统计 全军 约 一 万 七千 人 ” 。
他们 所 准备 的 粮 台 ， 带 米 一 万 二千 石 ， 煤 一 万 八千 斤 ， 盐 四 万 斤 ， 油 三 万 斤 ， 甚至 连 军队 中 所 需 的 器物 ， 打造 这些 器物 所 需 的 工匠 ， 他们 也 一并 带 了 去 。
曾国藩 的 水师 在 这里 特别 值得一提 。
当初 太平 军 进入 湖南 后 ， 沿 湘江 而 下 长江 ， 直接 到达 金陵 ， 沿途 船夫 纷纷 携带 着 船只 加入 了 太平 军 ， 大 江 上 下 ， 遮天蔽日 的 风帆 到处 都 有 太平 军 的 旗号 ， 清军 水兵 还 没 开始 战斗 ， 便 溃 不成 军 。
湖北 巡抚 常 大 淳 颇 有 见地 地 于 咸丰 二年 冬 上 奏 道 ： “ 寇 水陆 攻 武昌 ， 船 炮 充斥 。
闻 湖南 大军 有 广西 炮 船 ， 江南 水师 有 广 艇 炮 船 及 中 小号 炮 船 ， 请 调集 大江 上下游 ， 乃 可 制 遏 贼 势 ， 断 其 粮 运 。 ”
在 这个 时候 ， 曾国藩 和 他 真 是 “ 心 有 戚 戚 焉 ” ， 于 咸丰 三年 十月 二十四日 ， 曾国藩 专门 写 了 一 篇 奏折 《 请 筹备 战船 折 》 道 ： “ 该 匪 以 舟楫 为 巢穴 ， 以 掳掠 为 生涯 ， 千 舸 百 艘 ， 游奕 往来 ， 长江 千 里 ， 任 其 横行 ， 我 兵 无 敢 过 而 问 者 。