卡 门对 钱学森 的 工作 相当 满意 ， 因此 出面 担保 ， 他 会 为 他 的 爱 徒 在 新 成立 的 美国 空军 总司令 部 科学 顾问 委员会 中 争取 位置 。
“ 年 方 36 ， 钱学森 已经 是 一个 无可争议 的 天才 ， 他 的 工作 为 高速空气 动力学 和 喷气 推进 领域 的 进展 提供 了 极大 的 推动力 。
出于 这些 原因 ， 我 提名 他 在 科学 顾问 委员会 中 任职 。 ”
冯 ?
卡门 在 回忆录 中 这样 写道 。
美国 军方 对 钱学森 的 成就 也 同样 印象 深刻 。
1945年 12月 ， 美国 陆 军 航空 部长 亨利 ?
阿诺德 将军 为 钱学森 颁发 了 一 张 官方 嘉奖 状 ， 表彰 他 在 冲压 式 喷气机 和 火箭 性能 等 领域 “ 卓越 而 完备 ” 的 研究 工作 ， 以及 在 动力 和 核能 领域 “ 无价 ” 的 贡献 。
1946年 5月 20日 ， 钱学森 向 《 航空 科学 杂志 》 提交 了 一 篇 题为 《 超 空气动力学 及 稀薄 气体 力学 》 （ Superaerodynamics , MechanicsofRarefiedGases ） 的 论文 。
这 篇 发表 于 当年 12月 的 论文 或许 是 钱学森 在 美国 时 发表 的 最 著 名 的 论文 。
钱学森 所 做 的 ， 便 是 设计 出 了 一整套 全新 的 空气动力学 公式 ， 将 空气 的 分子 结构 和 气体 粒子 之间 的 平均 距离 等 因素 均 考虑 在内 。
这样 ， 他 就 革命性 地 改变 了 空气动力学 家 思考 高空 高速 飞行 的 方式 。
这 篇 论文 获得 极大 关注 并 被 频繁 引用 。
它 奠定 了 钱学森 作为 美国 最 伟大 的 理论 空气动力学 家 的 地位 。
然而 ， 即使 在 这 篇 论文 发表 前 ， 1946年 ， 钱学森 的 母校 麻省 理工学院 已经 决定 向 他 发出 召唤 。
麻省 理工学院 的 航空 系 给 了 钱学森 一个 副教授 的 职位 ， 并 许诺 随后 转为 终身 教职 。
看 起来 ， 钱学森 刚刚 接到 邀请 时 很 犹豫 了 一阵 。
但 最终 ， 钱学森 还 是 接受 了 邀请 。
决定 回到 麻省 理工学院 是 一个 明智 的 选择 。
在 美国 的 学术 体系 中 ， 学院 通常 鼓励 甚至 要求 学者 在 另 一 所 学院 获得 某些 经验 后 再 取得 全 职 教授 的 职位 。
“ 这 是 一个 重要 的 转变 ， ” 加州 理工学院 的 航空学 教授 霍默 ?
乔 ?
斯图尔特 指出 ， “ 如果 想 要 在 自己 的 领域 中 有所 成就 ， 获取 终身 教职 是 极为 重要 的 一 步 。 ”
还有 其他 重要 原因 促使 钱学森 接受来自 麻省 理工学院 的 聘书 。
他 的 朋友 林 家 翘 认为 ， 钱学森 重返 麻省 理工学院 ， 是 为了 让 自己 真正 成为 一 名 火箭 科学家 。
“ 钱学森 很 有 远见 ， 他 明白 ， 要 想 在 火箭 领域 有所 建树 ， 他 必须 掌握 一些 加州 理工学院 之外 的 东西 。
当时 ， 加州 理工学院 与 麻省 理工学院 是 一 种 竞争 关系 。
加州 理工学院 长 于 结构 和 空气动力学 ， 但 在 麻省 理工学院 ， 钱学森 却 能 学 到 更 多 的 关于 仪表 设备 和 控制系统 方面 的 知识 。 ”
林 家 翘 指出 。
1946年 夏天 ， 钱学森 忙 着 打 点 行装 ， 准备 奔赴 新 的 岗位 。
1946年 6月 17日 ， 他 与 冯 ?
卡门 以及 另外 20 多 名 科学 顾问 出席 了 五角大楼 的 第一 场 科学 顾问 委员会 会议 。
到 了 8月 间 ， 他 正式 辞去 在 加州 理工学院 的 职位 ， 整 装 东 去 ， 重返 那 所 10年 前 欢迎 过 他 但 又 拒绝 了 他 的 大学 。
回到 麻省 理工学院 （ 一 ） http: / / www .
gmw .
cn2011 -05-1814:03:58 来源 ： 光明 网 秋风 乍 起 的 9月 ， 钱学森 来到 波士顿 ， 他 在 富人 聚居 的 小镇 纽顿 租下 了 霍巴特 路 5 号 一 栋 带有 殖民 时期 风格 的 红 砖 小 楼 里 的 一 间 公寓 。
这个 街区 十分 安静 ， 街道 两旁 种 着 枫树 、 橡树 和 银杏树 ， 一 片 金黄 深红 的 秋色 。
然而 ， 在 钱学森 的 眼中 ， 绚烂 的 秋日 风景 却 显得 暗 淡 无 光 。
刚 到 东 海岸 ， 他 就 开始 怀念 加利福尼亚 。
在 一个 天堂 般 的 宜 居 之 地 居住 了 10年 之后 ， 他 不得不 再 一 次 让 自己 适应 四季 分明 的 气候 。
“ 昨天 下 了 一 整夜 雨 ， ” 1946年 10月 1日 ， 钱学森 在 一 封 信 中 抱怨 道 ， “ 今天 一下子 就 凉 下来 了 。
我 想 在 帕萨迪纳 ， 天气 一定 还 很 暖和 吧 。 ”
让 人 感觉 冷冰冰 的 还 不 只是 波士顿 的 气候 。
钱学森 还 写道 ： “ 我 还 没 打破 和 房东 太太 之间 的 坚冰 呢 。 ”
作为 一 名 新近 就职 的 教授 ， 钱学森 现在 在 古根海姆 大楼 的 三 层 有 了 一 间 自己 的 办公室 。
办公室 里面 有 三 张 写字台 ， 一 张 会议桌 ， 几 张 绘图 桌 ， 还有 许多 书架 。
从 办公室 的 窗户 望 出去 ， 可以 见到 位于 楼下 的 风洞 和 最 东边 新建 的 斯隆 汽车 引擎 实验室 和 蒸汽 涡轮 实验室 。
再 往 远处 看 ， 便是 化学 工程 大楼 的 办公室 和 实验室 ， 黄色 的 外 墙 砖 和 大 块玻璃 幕墙 十分 显眼 。
目 之 所 及 ， 到处 都 是 战争 期间 仓促 完工 的 四四 方 方 的 混 凝 土 现代 建筑 。
瓦 萨 尔 街 两边 的 新 建筑 包括 一 个 回旋 磁力 加速器 、 一 个 核 研究 机构 和 一 个 发电厂 。
再 往 东 边 去 ， 是 一些 三 层 的 木头 房子 ， 那里 是 新 建成 的 辐射 实验室 。
一 位 建筑 历史学家 这样 写道 ： “ 蜂拥 而 来 的 研究 合同 催生 了 对 房屋 的 空前 需求 ， 建筑 者 无暇 作出 长远 规划 和 考虑 技术 细节 ， 一切 都 是 急就章 。 ”
战争 期间 ， 麻省 理工学院 看 起来 更 像 一个 军事基地 而 非 大学 。
大 讲堂 和 课堂 全都 空空荡荡 。
仍旧 留 在 学校 的 学生 们 必须 接受 军训 。
与此同时 ， 大约 有 2000 名 陆 军 和 海军 军官 来到 麻省 理工学院 学习 超高频 电波 技术 。
战争 的 结束 让 学生 们 重新 又 填 满 了 麻省 理工学院 的 走廊 和 教室 。
与 以前 不同 ， 这些 人 中 有 许多 都 是 年 近 而立之年 的 退伍军人 ， 他们 老成 持重 ， 在 战争 中 经历 过 生 与 死 的 考验 ， 急于 展开 一 段 新 的 职业 生涯 并 成家立业 。
1946年 ， 麻省 理工学院 的 在校 人数 达到 历史 最高 水平 ， 拥有 超过 2000 名 本科生 和 800 余 名 研究生 。
此外 ， 来自 政府 的 研究 经费 大量 涌入 ， 使得 教授 们 不仅 能够 招收 研究生 和 研究 助理 ， 还 可以 招募 许多 工程师 来 这里 进行 博士后 研究 。