这 可是 找 准 了 穴位 ！
太 出彩 了 ！
一 语 捅 出 了 脓血 ！
大方向 有 一 套 ！
所以 王 守信 也好 ， 刘长春 也好 ， 都 要 造反 夺权 ， 而且 要 相互 斗法 。
所以 有 些 掌握 了 权力 之 花 的 人 绝不 松手 松口 ， 而是 要 用 足 用 够 。
文革 中 已经 传出 “ 有 权 不 用 ， 过期 作废 ” 的 鄙陋 下流 的 实话实说 。
尚未 掌 控 这 朵 分外 香艳 诱人 的 花儿 的 人 ， 并且 被 这 朵朵 花儿 压 得 喘 不 过 气 来 或 自 认为 喘 不 过 气 来 的 人 ， 对 掌 花 者 也 就是 分外 仇恨 、 眼馋 、 不 忿 儿 、 气 得 没完没了 地 咽 酸 水 ， 咽 唾沫 ； 也 可能 是 正义 之 火 满 胸膛 ， 叫做 “ 造反 有理 ” 。
所以 出 大大小小 地 掌 （ 权力 之 ） 花 者 的 洋相 的 人 与 文 ， 都 是 “ 大 方向 ” 正确 的 ， 都 会 受到 欢呼 再 欢呼 。
这 是 一 种 我们 比较 独特 的 思维 模式 ： 看 大 方向 ， 大方向 对了 ， 细节 小节 错 也 算 对 ， 大方向 错 了 ， 细节 小节 等等 ， 再 准确 也 没有 用 。
而 权力 的 花朵 ， 对于 任意 的 涂抹 与 攻击 是 会 做 出 反 制 的 。
这样 的 反 制 ， 在 具体 地 打击 了 一些 头 长 反 骨 的 人 与 文 的 同时 ， 客观 上成 全 了 这些 人 与 文 在 某些 难以 了解 真相 的 人 众 中 悲 情 英雄 、 社会 良心 的 形象 。
所以 权力 花朵 的 反 制 越是 厉害 ， 越是 没有 人 敢于 与 乐意 出来 说明 某 一部分 事实 ， 犯不着 ， 谁 管 那个 闲事 去 ？
何况 。
谁 说 出 事实 ， 谁 就 必然 会 被 认为 是 向 花朵 献媚 ， 媚 权 以 求 分 到 残羹 剩 渣 ， 不齿 于 人 于 文 。
我们 这儿 ， 事实 常常 最 不 重要 ， 大道理 大方向 大 舆论 有时候 叫做 人心所向 的 ， 比 事实 重要 得 多 。
你 有 几 个 脑袋 ， 你 敢 试试 吗 ？
不仅 在 我们 这儿 ， 在 西方 发达国家 ， 人们 对于 社会主义 的 共产党 执政 的 中国 当代 文学 的 期待 也 是 大方向 正确 ， 政治 正确 ， 即 符合 西方 意识形态 价值 观念 的 走向 。
有 相当 多 的 人 就是 这样 看 问题 的 ， 你 生活 在 社会主义 国家 却 顺风 顺 水 了 ， 说明 你 大方向 迎合 了 权力 ， 就要 排斥 你 。
你 找 了 麻烦 了 ， 万岁 ， 你 万岁 啦 ！
而且 这里 也 有 一个 前 一 节 讲 到 的 “ 精神 ” 问题 ， 如果 精神 侧重 于 广开言路 、 发扬 民主 、 保护 作家 、 继续 反 “ 左 ” ， 那么 这 一 类 作品 再 怎么 说 也 是 方向 正确 的 ， 符合 精神 的 ， 神人 共 爱 ， 上下 皆 喜 ， 东西 俱 赞 ， 中外 共 吹 … …
你 提出 点 狗屁 质疑 来 ， 管 个 屌 用 ？
如果 精神 侧重 于 反对 错误 倾向 ， 尤其 是 反右 反 资产阶级 自由化 … …
那么 种种 压力 已经 置于 这 位 先生 的 头 上 了 ， 你 再 说 东 说 西 ， 用心 何在 ？
良能 何 忍 ？
但是 ， 如果 我 不 说 就 再 没有 人 说 了 。
你 不 信 吗 ？
而 这些 说法 的 人 是 不 是 受到 什么 压力 的 问题 而是 被 处决 了 的 问题 。
都 说 实事求是 ， 你 敢 实事 吗 ？
你 相信 实事 吗 ？
你 敢 坚持 实事 吗 ？
你 敢 大声 说 出 鹿 不 是 马 吗 ？
（ 如果 大家 已经 认定 那 是 鹿 ， 如果 鹿 与 马 的 大方向 已经 混 同 ） 你 能 不 被 先入为主 的 大 走向 大 方向 的 评价 所 左右 吗 ？
有 许多 私下 的 质疑 ， 我 可以 公布 一 系列 著 名 作家 的 姓名 ， 他们 她们 都 知道 此 公 的 精神状态 、 文章 与 论点 的 根本 靠不住 ， 甚至 给 此 公 起 了 绰号 叫 “ 笨 人 * 老大 ” … …
但是 都 宁可 明哲保身 。
于是 不 可能 也 不 允许 任何人 ， 去 质疑 悲 情 英雄 作品 里 边 的 不 合 事实 、 不合 情理 部分 ， 或者 价值 与 法律 标准 可疑 的 部分 ， 乃至 是 暴露 了 英雄 自己 的 精神 与 价值 缺 失 的 部分 。
我 无意 为 王 守信 说 多少 话 ， 我 没有 调查 研究 ， 我 也 不 是 法学家 。
她 是 贪污 或 其他 问题 应该 有 众多 的 律师 、 法官 、 检察官 与 本人 家属 考察 研究 明晰 。
但是 我 有 怀疑 ， 至少 这 篇 作品 不 可能 对 有 文化 有 见识 有 法律 意识 的 成人 有 说服力 。
至少 这 篇 作品 里 的 传主 绝 无 死 罪 ， 甚至 不 像 坏人 。
我 只是 就事论事 地 谈谈 此 作 斯 人 ， 我 不 明白 为什么 说 出 事实 、 承认 事实 、 实事求是 会 这样 艰难 和 危险 。
你 必须 甘 冒天下之大不韪 ， “ 悍然 ” 公布 你 的 实话 ， 悍然 进行 无私 的 的 也 是 真心 的 评价 。
是的 ， 悍然 ， 像 爆 一 颗 原子弹 一样 ， 我 相信 我 在 此 节 已经 悍然 爆 弹 了 ！
王 守信 已 被 枪决 二十六年 。
没有 任何 人 怀疑 她 被 枪决 的 正义 性 。
铁 案 如 山 ， 报告文学 字字 千 钧 。
我 不 入 地狱 谁 入 地狱 ？
安福 尊 荣 的 显赫 ， 悲 情 万 种 的 精英 ， 心 大志 高 的 名流 ， 一心 救 世 的 天使 ， 谁 还 记得 一 个 死刑犯 贪污犯 的 是非 ？
而 显然 ， 一个 案 犯 的 有 罪 无罪 、 罪 轻 罪 重 、 量刑 标准 ， 不 是 任何 作家 能 独立 完成 判决 的 。
立 案 、 调查 、 起诉 、 庭审 、 抗辩 和 判决 ， 都 不 是 报告 文学所 承当 得 起 的 。
说实话 ， 在 这种 事情 上 情绪化 与 大 言 化 的 文学 的 正面 作用 相当 可疑 。
不管 这 个 作家 天才 也罢 ， 勇敢 也罢 ， 智慧 也罢 ， 道德 完美 也罢 ， 富有 救 世 感 也罢 ， 做 事 做 文 粗疏 或 不 粗疏 也罢 。
人命关天 ， 一 人 ， 却 牵连 到 一 地 、 一些 人 、 地方 、 部队 、 经济 运作 的 方式 与 计划经济 的 弊端 、 还 有 诸多 约定俗成 的 潜 规则 ， 尤其 是 法律 （ 一九七九年 ！
） 的 缺 失 。
文学 的 激情 ， 哪怕 是 天 降 大任 的 使命感 ， 哪怕 还有 献身 精神 背 十字架 的 救 世 情怀 … …