三月 初 ， 曾国荃 更 加强 了 对 南 京城 的 进攻 ， 他 命令 湘 军 在 各 城 修筑 起 坚固 的 石 垒 ， 并 开挖 地道 ， 但 地道 所 起 作用 不 大 ， 大多数 被 太平 军 破坏 。
这时 由于 南京城 久 攻 不 下 ， 清廷 派 李鸿章 前来 合 攻 。
湘军 全力 攻击 ， 守城 的 太平 军 无力 反击 ， 湘军 终于 攻 下 南京城 。
曾 国 藩 至 金陵 后 ， 令 熊登武 把 他 的 尸体 从 坟 里 挖 出 来 给 烧 了 。
他 在 七月 廿八日 的 日记 中 还 有 记载 ： 尸体 被 挖 出来 以后 ， “ 扛 来 一 验 ， 胡须 微 白 可 数 ， 头 秃 无 发 ， 左臂 股 左 膀 尚 有 肉 ， 遍 身 用 黄 缎 绣 龙 包裹 。
验 毕 ， 大雨 约 半 时 许 ” 。
洪天贵 是 继 位 的 幼 天王 ， 在 天 京 被 攻陷 的 当天 夜晚 ， 李秀成 带 着 他 从 城 南 冲 出 重围 。
李秀 成 护 主 心切 ， 让 幼 天王 骑 上 了 自己 的 壮 马 ， 却 不幸 与 大队 伍分 散 ， 一个 人 被 俘虏 。
洪天贵 在 黄文英部 的 保卫 之下 ， 辗转 奔逃 于 安徽 、 浙江 、 江西 ， 最后 还是 在 江西 石城 做 了 俘虏 ， 于 1864年 11月 18日 被 处 死 。
至此 ， 转战 十 余 年 的 湘 军 总算 完成 了 自己 最初 的 使命 。
第 四 部分 ： 天国 瓦解 血洗 南京城 湘 军 进入 南京城 后 ， 对 南京 实行 了 “ 烧 ” 、 “ 杀 ” 、 “ 抢 ” 的 政策 ， 如同 二十 世纪 三十年代 的 南京大屠杀 一样 血洗 南京城 。
首先 对 南京城 进行 焚烧 。
太平 军 大多 依靠 巷战 ， 一 幢 幢 房子 就 成 了 他们 的 据点 ， 湘军 为 对付 太平 军 ， 干脆 把 房子 也 烧 掉 了 。
他们 并且 把 城中 财宝 劫掠一空 。
赵烈文 曾 这样 描述 湘 军 在 南京城 大肆 掳掠 的 情形 ， “ 萧孚 泗 在 伪 天王 府 ， 取出 金银 不 赀 ， 即 纵 火烧 屋 以 灭迹 ” 。
甚至 连 曾国藩 本人 也 认识 到 了 这 一 问题 的 严重性 ， 他 说 ： “ 至 伪 天王 府 一 看 ， 规模 俱 仿 宫殿 之 别 ， 而 焚烧 无 一 存 者 。 ”
大火 在 南京城 一共 烧 了 八 天 ， 如若 没有 六月 二十四日 的 大雨 ， 大火 不 知道 到 何时 得以 平息 。
经过 这 番 大火 ， 南京城 几乎 成 了 一 片 废墟 。
曾国藩 的 女儿 曾纪芬 是 这样 描述 的 ： “ 九月 朔 日 ， 全 眷 赴 宁 ， 初十日 入 督 署 ， 亦 故 英 王府 也 。
方师之 入 城 也 ， 搜捕 余党 ， 悉 焚 其 巢穴 ， 巨厦 多 为 煨 烬 ， 洪秀全 所 居 之 天 王府 更为 无 沦 矣 。
惟 陈玉成 以 先 死 ， 其 府 独 空 ， 遂 未 被 灾 ， 故 暂 以 之 为 督 署 。 ”
湘军 入 城 后 大 肆 屠杀 生灵 百姓 。
曾国藩 在 奏折 中 这样 写道 ： “ 三日 之内 ， 毙 贼 十 余 万 人 ， 秦淮河 尸首 如 麻 。
凡 伪 王 、 伪 王 将 、 天 将 及 大小 酋 目 约 有 三千 余 名 ， 死 于 敌军 之中 者 居 其 半 ， 死 于 城 河 沟渠 及 自焚 者 居 其 半 。 ”
当然 这 里面 包含 有 曾国藩 为 邀 军功 而 虚报 数字 的 可能性 ， 但 也 从 另 一个 方面 说明 了 湘军 确实 杀人 如 麻 。
湘军 在 把 南京城 攻 下 五 天 后 ， 即 六月 二十一日 ， 整个 金陵 城 中 ， “ 尸骸 塞 路 ， 臭 不 可 闻 ” 。
在 二十三日 时 ， “ 精壮 长 毛 除 抗拒 时 被 斩 杀 外 其余 死者 寥寥 ， 大半 为 兵 勇 扛 抬 什物 出 城 ， 或 引 各 勇 挖 窖 ， 得 后 即 行 纵 放 ” 。
“ 其 老 弱 本地 人民 不 能 担 又 无 窑 可 挖 者 ， 尽情 杀死 。
沿 街 死尸 十 之 九 皆 老者 ， 其 幼 孩 未 满 二三 岁 亦 斫 戮 以为 戏 ， 匍匐 道 上 。
妇女 四十 岁 以下 一 人 俱 无 。
老者 无不 受伤 ， 或 十 余 刀 ， 数十 刀 ， 哀号 之 声 达 于 四 远 。
其 乱 如此 ， 可 为 发 指 ” 。
可见 ， 湘军 在 南京城 杀戮 的 很多 都 是 平民 百姓 ， 并且 其中 的 大部分 是 老 、 幼 、 病 、 残 、 孕 者 ， 极其 惨无人道 。
湘军 在 南京城 还 大 肆 强 掳 和 奸淫 妇女 ， 使 妇女 的 身心健康 受到 极大 破坏 。
赵烈文 曾 说 ： “ 妇女 四十 岁 以下 一 人 俱 无 ” ， 可见 湘军 对待 妇女 之 残忍 。
许多 湘 军 将领 都 是 好色 之 徒 ， 总 兵 李臣典 把 南京城 攻 下 一个 月 便 一 命 呜呼 ， 原因 是 “ 恃 气 壮 气盛 ， 不 谨 疾 之 由 ” 。
由此 可以 看出 曾国藩 对于 自己 一手 训练 的 湘军 ， 是 鼓励 他们 纵火 杀人 的 ， 那么 对于 抢劫 呢 ？
他 则 是 默许 的 。
早 在 咸丰 十一年 ， 当 曾国荃 攻破 安庆 ， 运送 了 大量 的 战利品 到 家里 的 时候 ， 曾国藩 就 已经 对 他 不闻不问 了 。
第 四 部分 ： 天国 瓦解 领取 战功 ， 自 愧 故友 六月 二十三日 ， 湖 广 总督 官文 、 陕甘 总督 杨岳斌 、 兵 部 侍郎 彭玉麟 ， 江苏 巡抚 李鸿章 、 浙江 巡抚 曾国荃 等 会 衔 ， 一起 向 朝廷 奏 请 了 攻克 金陵 之 事 。
这 一 爆炸性 消息 ， 使 清廷 内外 都 感到 欣喜 异常 。
捷报 发出 后 才 刚刚 有 六 天 时间 ， 即 六月 二十九日 ， 曾国藩 便 收到 了 朝廷 赏 他 的 太子 少 保 衔 ， 封 一等 侯爵 ， 并且 是 不 更替 的 世袭 制 ； 赏 给 曾国荃 太子 少 保 衔 ， 封 一等 伯爵 。
此外 ， 主将 李鸿章 被 赐予 一等 伯爵 头衔 ， 李臣典 被 授予 一等 子爵 头衔 ， 萧孚 泗 被 封 一等 男爵 ， 彭玉麟 、 杨岳斌 、 鲍超 、 骆秉章 等 ， 均 由 朝廷 赏赐 一等 轻 车 尉 世 职 ， 杨 、 彭 二 人 还 加 太子 少 保 衔 。
一 共有 一百二十 多 名 湘 军 文武 官员 都 得到 加 官 晋爵 。
曾国藩 及其 湘 军 将领 们 个个 都 得到 了 晋升 ， 同时 他们 还 得到 了 太平 军 留下 的 无数 金银财宝 。
借助 无数 中国 人民 的 生命 ， 那些 湘 军 将领 们 实现 了 升官 发财 的 美 梦 。