每 个 学期 ， 当 马云 走 进 教室 ， 站 在 讲台 上 ， 面对 一 张 张 新 面孔 时 ， 他 看到 的 都 是 一 双双 犹如 盯 着 外星人 般 的 眼睛 。
显然 ， 学生 们 被 眼前 这个 有着 拿破仑 般 身材 和 “ 星宿 老 怪 ” 般 长相 ， 与 他们 年龄 相 仿 （ 1988年 毕业 时 ， 马 云 24 岁 ） 的 老师 彻底 陶醉 了 ！
仅仅 有 这些 当然 不 足以 征服 他们 ， 幸运 的 是 ， 上帝 还 赐予 了 马云 一 张 可以 胜任 脱 口 秀 节目 主持人 工作 的 “ 铁 嘴 ” 。
在 当今 中国 ， 要 论 英语 的 舌头 功夫 ， 当 属 疯狂 英语 的 创始人 李阳 ， 而 马云 居然 还 想 PK 李 阳 ， “ 我 研究 过 李阳 的 疯狂 英语 ， 要是 我 加入 进来 ， 风头 会 盖 过 他 ， 我 的 秘籍 是 真 能 叫 人 脱 口 讲 外语 ” 。
高校 的 英语 教学 ， 虽然 没 了 以 应试 教育 为 导向 的 “ 题海战术 ” ， 而且 马云 自己 也 常 说 “ 做 试卷 是 最 没有 能力 的 表现 ” ， 但 真 想 把 这 门 课 上 得 生动 、 充实 ， 却 也 是 对 一个 教师 综合 素质 的 巨大 挑战 。
马云 的 天赋 在 这时 已 经 发挥 得 淋漓尽致 ， 他 不 喜欢 搞 一言堂 式 的 死板 教学 ， 而是 让 学生 都 能 跟 着 一 起 互动 起来 ， 在 一 片 欢歌笑语 中 学 到 知识 ， 更 增长 见识 。
即使 是 给 非 外语 专业 的 学生 上课 ， 马云 也 尽量 采用 全 英文 式 的 教学方式 ， 一 开始 学生 们 还 有 很多 抱怨 ， 渐渐 地 他们 就 开始 迷恋 这种 耳目一新 的 方式 了 。
马 云 后来 的 创业 伙伴 、 “ 十八罗汉 ” 之一 的 韩敏 ， 就 曾 回忆 道 ： “ 当时 马 老师 讲课 从来 不 按 书本 ， 而是 海 阔 天空 的 跟 大家 侃 一些 海外 奇闻 。
而且 当时 同学 们 在 大 一时 就 开始 报考 英语 四 级 ， 完全 就是 为了 马 老师 而 考 的 ， 因为 大家 觉得 考 不 过 就 没 脸 见 他 了 … … ”
另外 ， 与 很多 教师 对 所谓 的 “ 差 生 ” 不屑一顾 截然 相反 ， 马云 对 他们 反而 格外 “ 照顾 ” 。
因为 他 很 清楚 地 记得 ， 当年 读 小学 、 中学 时 ， 就 被 他 的 大多数 老师 当作 一个 无 可 救 药 的 “ 差 生 ” 。
那 种 被 歧视 的 滋味 是 不堪回首 的 ， 别的 老师 他 管 不 着 ， 但 自己 的 学生 一定 要 对 他们 一视同仁 。
令 马云 欣慰 的 是 ， 这些 昔日 的 “ 差 生 ” 经过 他 一番 调教 ， 居然 也 能 纷纷 在 课堂 上 满 口 洋 文 ， 脱口而出 。
所以 ， 现在 马 云 也 经常 说 一 句 让 当今 的 很多 教师 听 着 格外 刺耳 的 尖刻 之 语 ： 没有 弱智 的 学生 ， 只有 无能 的 老师 ！
据说 ， 当时 马 云 常常 会 无意 中 “ 伤害 ” 了 很多 同事 的 自尊 ， 这 是 怎么 一 回 事 呢 ？
原来 ， 马云 在 英语 课 上 经常 会 给 大家 讲 一些 课堂 之外 的 东西 ， 而且 讲 得 栩栩如生 ， 以至于 到 后来 很多 学生 干脆 为了 听 他 的 演讲 而 逃课 （ 其他 老师 的 课 ） 。
如此 以来 ， 当时 很多 同事 都 有些 意见 ， 私下 里 纷纷 调 课 ， 尽量 避开 与 马云 在 同一时 间 上课 。
“ 你 那边 是 门庭若市 、 熙熙攘攘 ， 我们 这里 是 茕 茕 孑立 、 形影 相 吊 ” ， 同事 们 经常 这样 跟 马云 诉苦 。
时至今日 ， 在 国内 互联网 圈 内 ， 马云 的 能 言 就 像 张朝阳 的 时尚 、 陈 天桥 的 稳重 、 王峻涛 的 迷 球 、 王雷雷 的 直爽 一样 出名 。
创办 阿里巴巴 之后 ， 一直 在 国内 土生土长 的 马云 可以 很 轻松 地 在 欧 美 向 海外 用户 作 精彩 演讲 ， “ 水平 丝毫 不 差 于 国内 演讲 ” 。
而 据 马云 自己 的 解释 ： “ 这 两下子 主要 是 当年 教书 的 时候 练 出来 的 ， 现在 上台 从来 不 备 草稿 ， 一 开口 收 都 收 不 住 。 ”
在 大学 教书 期间 ， 马 云 买房 的 趣事 是 值得一提 的 。
那 时候 ， 像 马云 这样 的 穷 教师 ， 并 没有 太 多 闲钱 ， 所以 多数 老师 会 选择 住 在 教师 宿舍 。
而 当时 的 马云 却 出乎 大多数 同事 、 朋友 甚至 家人 的 意外 ， 他 向 自己 的 家人 和 朋友 拼 拼凑 凑 借 了 钱 ， 在 离 学校 不远处 买 下 了 一 套 还 算 比较 大 的 房子 。
在 那个 时候 的 人们 看来 ， 那 无疑 是 一 笔 巨大 的 财富 。
再 过 几 年 ， 随着 教师 福利 的 改善 ， 当 同事 们 都 实现 安居乐业 的 梦想 之后 ， 马云 又 把 原先 那 套 房子 卖 了 ， 在 西湖区 文华 路 买 了 一 套 接近 200 平方米 的 房子 ， 这 就 是 日 后 常 被 人们 提到 的 阿里巴巴 创业 基地 —— 湖畔 花园 。
精明 的 马云 似乎 天生 就 有 种 敏锐 的 商业 嗅觉 ， 在 当时 的 中国 ， 几乎 没有 人 会 有 在 房子 上 “ 做 文章 ” 这种 想法 ， 中国 房地产 市场 的 骤然 升温 也 是 五六 个 年头 之后 ， 而 马云 却 独具慧眼 地 做 了 一 次 不动产 投资 。
若干 年 后 ， 谈 起 当年 的 购房 心得 ， 马云 颇 有 感触 ： “ 如果 要 我 投资 房产 ， 我 不 会 投资 那些 流行 的 房 型 。
比如说 一 室 一 厅 、 两 室 一 厅 。
相反 ， 如果 我 要 投资 ， 我 会 选择 一些 比 现在 流行 面积 大 一点 的 房子 ， 比如 当时 的 湖畔 花园 ， 那 是 比 三 室 一 厅 要 大 一点 的 别墅 ， 这样 我 就 永远 站 在 时代 前面 。
如果 有 机会 ， 我 还 会 把 现在 的 这 套 抛 掉 ， 去 买 个 更 好 的 。 ”
除了 课 上 得 好 并 赢得 学生 的 尊敬 、 同事 的 “ 嫉妒 ” 和 领导 的 欣赏 以外 ， 青年 教师 马云 最 大 的 收获 ， 莫过于 结交 了 一 群 日 后 可以 同甘共苦 、 风雨同舟 的 好友 。
这些 朋友 ， 有 他 的 同事 ， 有 在 夜校 等 地方 认识 的 生意 人 ， 有 崇拜 马 老师 的 学生 。
若干 年 以后 ， 无论是 马云 率 队 北上 ， 还是 杀 回 杭州 ， 总 有 一些 不 离 不 弃 的 伙伴 形影 相 随 ， 比如 昔日 的 同事 、 现任 阿里巴巴 副 总裁 的 彭蕾 ， 昔日 的 学生 周悦红 、 韩敏 、 戴珊 、 蒋芳 等 人 ， 因为 对 这 位 马 老师 的 钦佩 、 崇拜 ， 他们 脑子 一 热 也 跟着 他 一起 闯荡 商界 了 。