基于/pＧＡＭＳ/x的/ude1ＣＣＳ/x源/ng汇/v匹配/vi管网/n优化/vn模型/n为了/p应/v对/p全球/n气候/n变化/vn，/wd世界/n各国/rzs都/d在/p积极/ad调整/v能源/n结构/n、/wn推广/v低碳/n燃料/n、/wn提高/v能源/n利用效率/n，/wd并/cc取得/v了/ule巨大/a进步/vn。/wj
但是/c越来越/d多/a的/ude1研究/vn表明/v，/wd在/p化石/n能源/n利用/v仍/d居/v主导/n地位/n的/ude1情况/n下/f，/wd碳/n捕集/n与/p封存/vi（/wkzＣＣＳ/x）/wky技术/n是/vshi实现/v全球/nＣＯ２/x减/v排/v目标/n的/ude1一/m项/q重要/a技术选择/n。/wj
特别/d是/vshi在/p目前/t核能/n及/cc可/v再生/vn能源/n发展/vn空间/n受到/v限制/vn的/ude1背景/n下/f，/wd这种/r趋势/n更加/d明显/a。/wj
ＣＣＳ/x技术成熟/n后/f，/wdＣＯ２/x排放/v源/ng和/cc封存/vi汇/v间/f的/ude1匹配/vn及/cc运输/vn管网/n设计/vn将/d成为/v大/a规模/n实施/vＣＳ/x项目/n的/ude1关键问题/n。/wj
ＣＣＳ/x源/ng汇/v匹配/vi问题/n是/vshi指/v：/wm针对/p系统/n中/b数量/n众多/m、/wn类型/n各异/z、/wn位置/n分散/a的/ude1排放/vn源/ng和/cc封存/vi汇/ng，/wd综合/vd考虑/v各/rz种/q约束/vn，/wd优化/v选择/vＣＯ２/x排放/v源/ng、/wn封存/vi汇/ng、/wn连接/v两者/rzv的/ude1运输/vn管道/n及/cc相应/vn参数/n，/wd最终/d实现/vＣＯ２/x源/ng与/p汇/v在/p量/n、/wn连续性/n等/udeng方面/n的/ude1最/d优/ag匹配/vi。/wj
ＣＣＳ/x源/ng汇/v匹配/vi本质/n是/vshi混/x合/v整数/n规划/vn问题/n。/wj
管网/n构造方法/n各异/z导致/v管网/n设计/vn方/d案/x不可/v穷举/v及/cc同时/n涉及/v运输/vn距离/n、/wn规模/n、/wn地理/n条件/n、/wn用户/n需求/n等/udeng多种/m因素/n均/d增加/v了/ule该/rz问题/n的/ude1复杂度/n，/wd使/v其/rz求解/vi极为/d困难/an。/wj
近年来/dl，/wd国外/s学者/n开发/v出/vf一/m批/q各具特色/bl的/ude1源/ng汇/v匹配/vi决策/vi支持/v系统/n（/wkzＤＳＳ/x）/wky。/wj
ＧＥＳＴＣＯ/x项目/n率先/d开发/v了/ule欧洲/nsＣＯ２/x排放/v源/ng与/p地质/n封存/vi汇/v之间/f的/ude1匹配/vn方法/n［/wkz１/m］/wky。/wj
其/rz后续/vn项目/n———/wpＧｅｏＣａｐａｃｉｔｙ/x的/ude1决策/vn支持/vn系统/n实现/v了/ule多/m源/ng多/d汇/v之间/f的/ude1匹配/vn［/wkz２/m］/wky。/wj
ＳｉｍＣＣＳ/x［/wkz３/m］/wky模型/n采用/v预/d优化/v思想/n规划/nＣＣＳ/x基础设施/n建设/vn，/wd允许/v管道/n合并/vn与/cc分支/n。/wj
联合/vd研究/v中心/n（/wkzＪＲＣ/x）/wky开发/v出/vfＩｎｆｒａＣＣＳ/x工具/n［/wkz４/m］/wky，/wd用于/v模拟/v欧洲/ns的/ude1ＣＣＳ/x基础设施/n建设/vn。/wj
Ｂｒｅｄｅｒｏｄｅ/x等/udeng开发/v了/uleＭＡＲＫＡＬ/x－/wpＮＬ/x－/wpＵＵ/x模型/n［/wkz５/m］/wky用于/v规划/n荷兰/nsfＣＣＳ/x基础设施/n建设/vn蓝图/n。/wj
此外/c还/d有/vyou美国/nsf西/b海岸/n地区/n碳/n封存/vi项目/n（/wkzＷＥＳＴＣＡＲＢ/x）/wkyＤＳＳ/x、/wn用于/v分析/v美国/nsf管网/n建设/vn的/ude1ＮＥＭＳ/x模型/n、/wn用于/v分析/v德国/nsf与/p英国/nsＣＯ２/x管网/n建设/vn的/ude1ＣＣＴＳＭＯＤ/x模型/n等/udeng。/wj
上述/b模型/n及/cc工具/n主要/d用于/v科研/n，/wd未/d推出/v商业化/vn软件/n，/wd无法/v对/p其/rz成果/n进行/vx直接/ad引进/v及/cc应用/vn。/wj
因此/c亟待/v开发/v出/vf符合中国/n实际/n情况/n，/wd用于/v指导/v中国/ns未来/tＣＣＳ/x项目/n实施/v的/ude1源/ng汇/v匹配/vi决策/vi支持/v系统/n。/wj
国内/s针对/vＣＣＳ/x运输/vn管道/n网络/n的/ude1研究/vn相对/d较/d少/a。/wj
郑重/a等/udeng对/p京/b津/b冀/b地区/n进行/vx了/uleＣＣＳ/x源/ng汇/v匹配/vi研究/v［/wkz６/m－/wp７/m］/wky，/wd但/c模型/n仅/d允许/v源/ng－/wp汇/v直接/ad连接/v，/wd属于/v点对点/n方式/n，/wd不/d是/vshi严格/a意义/n上/f的/ude1管网/n。/wj
清华大学/nt能源/n环境/n经济/n研究所/n开发/v了/uleＣｈｉｎａＣＣＳＤＳＳ/x［/wkz８/m－/wp９/m］/wky（/wkz以下/f简称/v为/vＣｈｉｎａＣＣＳ/x）/wky。/wj
采用/v的/ude1过于/d“/wyz严格/a”/wyy的/ude1源/ng汇/v匹配/vi原则/n导致/v容量/n较/d小/a的/ude1ＣＯ２/x封存/vi汇/v弃/vg之/uzhi不/d用/v；/wf将/p源/ng汇/v匹配/vi问题/n简化/v成/v多/a背包/n问题/n，/wd使用/v贪婪/a算法/n求解/vi，/wd所得/n结果/n偏离/v全局/n最/d优/ag解/v。/wj
为了/p对/p未来/t中国/ns大陆/n实施/vＣＣＳ/x项目/n的/ude1全/a流程/n总/b成本/n进行/vx估算/vn，/wd本文/r开发/v了/ule新/a的/ude1ＣＣＳ/x源/ng汇/v匹配/vi数学/n模型/n，/wd结合/vＧＡＭＳ/x／ＣＰＬＥＸ/x形成/v新/a的/ude1源/ng汇/v匹配/vi模块/n，/wd并/cc利用/v该/rz模块/n对/p原有/vＣｈｉｎａＣＣＳ/x进行/vx改进/vn；/wf使用/v新/a系统/n对/p中国/ns京津/ns冀/b地区/n运输/vn管网/n进行/vx设计/vn，/wd以/p获得不同/n减/vd排/v目标/n下/vf单位/nＣＯ２/x成本/n曲线/n。/wj
１/m改进/v的/ude1ＣｈｉｎａＣＣＳ/x模型/n架构/n本文/r在/p源/ng汇/v匹配/vi建模/n原则/n、/wn建模语言/n及/cc求解/vi器/ng等/udeng方面/n对/p原有/vＣｈｉｎａＣＣＳ/x进行/vx完善/vn。/wj
首先/c，/wd对/p源/ng汇/v匹配/vi原则/n进行/vx了/ule拓展/vn。/wj
原/b模型/n的/ude1建立/v基于/p以下/f３/m条/q假设/n：/wm１/m）/wky成本/n低/a的/ude1封存/vi汇/v具有/v更/d高优先级/n；/wf２/m）/wky一/m个/q排放/v源/ng同/p唯一/b封存/vi汇/v相/d对应/vi；/wf３/m）/wky限定/v最/d小/a埋/v存/v年限/n，/wd或/c称/vＮ/x年/qt规则/n。/wj
构建/v新/a模型/n时/ng，/wd约束/v被/pbei放宽/v至/p：/wm１/m）/wky剔除/v成本/n低/a的/ude1封存/vi汇/v具有/v更/d高优先级/n的/ude1假设/n。/wj
去除/v该/rz贪婪/a算法/n假设/n，/wd可以/v对/p成本/n进行/vx全局/n而/cc非/b局部/n的/ude1优化/vn。/wj
２/m）/wky剔除/v一个/mq排放/v源/ng唯一/d对应/vi一个/mq封存/vi汇/v的/ude1限制/vn。/wj
在/p实际/n油气/n储运/n过程/n中/f，/wd通常/d允许/v一/m个/q排放/v源/ng同时/c与/p几/m个/q封存/vi汇/v相/d连接/v。/wj
３/m）/wkyＣＯ２/x运输/vn管网/n除了/p源/ng汇/v之间/f直接/ad连通/v还/d允许/v间接/ad连通/v。/wj
允许/v源/ng－/wp源/ng、/wn汇/v－/wp汇/v之间/f连接/v，/wd相当/d于/p在/p不/d产生/v额外/b节点/n的/ude1情况/n下/f，/wd实现/v聚类/n；/wf运输/vn管道/n的/ude1规模/n效应/n使得/vi大/d管径/n管道/n成本/n低于/v几/m个/q小/a管径/n管道/n成本/n之和/n。/wj
其次/c，/wd改进/v后/f的/ude1ＣｈｉｎａＣＣＳ/x源/ng汇/v匹配/vi模块/n采用/vＧＡＭＳ/x建模语言/n进行/vx模型/n构建/v，/wd并/cc使用/vＣＰＬＥＸ/x专业/n求解/vi器/ng求/v取/v全局/n最/d优/ag解/v。/wj
改进/v后/f的/ude1ＣｈｉｎａＣＣＳ/x基本/a数据/n流程/n如/v图/n１/m所/usuo示/vg。/wj
ＡｒｃＧＩＳ/x模块/n对/p所在/n地区/n的/ude1地理/n信息/n进行/vx显示/vn，/wd图/n１/m改进型/nＣｈｉｎａＣＣＳ/x模型/n数据流/n程/nr1基于/pＧＡＭＳ/x的/ude1ＣＣＳ/x源/ng汇/v匹配/vi管网/n优化/vn模型/n１１３/m通过/p计算/v获得/v源/ng汇/v间/f成本/n加权/vn距离/n矩阵/n；/wfＥｘｃｅｌ/x作为/p中介/n，/wd将/p数据/n传递/v给/vＧＡＭＳ/x下/f的/ude1混/x合/v整数/n规划模型/n；/wf求解/vi结果/n通过/pＥｘｃｅｌ/x返回/v给/vＡｒｃＧＩＳ/x，/wd对/p管网/n布局/n进行/vx可/v视/vg化显示/n。/wj
２/m源/ng汇/v匹配/vi模型/n实现/v２．/m１/m数学/n建模/n推广/vＣＯ２/x捕集/n封存/vi，/wd有/vyou２/m种/q驱动/vn机制/n；/wf一/m种/q是/vshi设定/vＣＯ２/x减/v排/v目标/n，/wd另/rz一/m种/q是/vshi引入/v碳/n排放/vn许可/vn。/wj
