表/n１/m模型参数/n拟合/n结果/n驱动/vn尺度/n模型参数/n通过/p历史/n资料/n分析/vn，/wd在/p这/rzv一/m历史/n阶段/n，/wd研究/v区域/n处于/v低密度/n连续/ad蔓延/vi的/ude1扩展/vn模式/n，/wd扩展/v速度/n较/d快/a，/wd由于/c规划/v政策/n等/udeng对/p城市/n发展/v估计/v不足/an，/wd规划/n和/cc政策/n的/ude1干预/vn力度/n较/d小/a。/wj
从/p表/n１/m中/f这/rzv时期/n各项/r参数/n来看/u，/wd邻域/n权/n重/a和/cc遗传/vn权/n重/a之和/n达到/v０．/m８/m以上/f，/wd规划/n和/cc政策/n干预/v介于/v０．/m６/m与/p０．/m７/m之间/f，/wd随机/b扰动/vn项/q大于/v１．/m１/m，/wd这些/rz参数/n的/ude1取值/v符合/v该/rz时期/n的/ude1发展/vn特征/n。/wj
１９９５—２００５年/m拟合/n统计/v结果表明/n，/wd整个/b区域/n所有/b用地/n类型/n的/ude1匹配/vi率/vＭＲ/x为/p９３．/m０％/m，/wdＫａｐｐａ/x系数/n为/p０．/m８９６/m，/wd满足/v拟合/n精度/n。/wj
部分/m关键/n参数/n拟合/n结果/n见/v表/vg１/m。/wj
这/rzv一/m阶段/n大连/ns新城区/ns仍/d处于/v低密度/n延续/vn蔓延/vn阶段/n，/wd交通/n和/cc发展/vn核/n的/ude1集聚/vn作用/n已/d比/p前/f一/m阶段/n有所/v提高/v；/wf金州/nz城区/n渐渐/d由/p横向/n扩张/v转为/v纵向/n发展/vn，/wd趋于/v紧凑/a，/wd经济/n开发区/n的/ude1快速/b发展/vn也/d带动/v了/ule居民/n生活/vn、/wn第三/m产业/n的/ude1集聚/vn，/wd因此/c综合/v来/vf看/v这/rzv一时/t期/ng城市/n发展/vn速度/n适中/a；/wf与/p前/f一/m阶段/n相比/vi，/wd规划/n和/cc相关/vn政策/n的/ude1实施/vn力度/n有/vyou了/ule很/d大/a的/ude1提高/vn，/wd规划/v政策/n干预/vn强度/n加大/v。/wj
从/p表/n２/m中/f这/rzv时期/n各项/r参数/n来看/u，/wd邻域/n权/n重/a和/cc遗传/vn权/n重/a之/uzhi和/cc不足/v０．/m７/m，/wd规划/n和/cc政策/n干预/vn均/d在/p０．/m５/m左右/m之间/f，/wd随机/b扰动/vn项/q为/v０．/m９４/m，/wd这些/rz参数/n的/ude1取值/v符合/v该/rz时期/n的/ude1发展/vn特征/n。/wj
表/n２/m预测/vn情景/n参数/n取值/v基于/p对/p以上/f２/m个/q历史/n时期/n的/ude1发展趋势/n分析/v可知/v，/wd在/p２００５年/m到/v２０２０年/m间/q，/wd随着/p用地/n逐渐/d紧张/a，/wd研究/v区域/n将/d逐渐/d结束/v以/p低密度/n延续/v蔓延/vi的/ude1空间/n扩展/v模型/n，/wd转而/c以/p发展/vn核/n或/c发展/v轴/n为/p中心/n的/ude1聚集/vn的/ude1空间/n扩展/v模式/n。/wj
随着/p社会/n经济/n的/ude1发展/vn，/wd规划/v政策/n的/ude1制定/vn更为/d理性/n、/wn更/d趋于/v合理/a。/wj
在/p新/a的/ude1发展/vn时期/n，/wd该/rz区域/n的/ude1规划/vn政策/n干预/vn力度/n不/d应/v低于/v前/f一个/mq发展/vn时期/n，/wd设计/v情景/n时/ng考虑/v２/m类/q规划/n政策/n干预/vn力度/n，/wd即/v政府/n干预/vn强度/n适中/a、/wn政府/n干预/vn强度/n较/d高/a。/wj
对于/p新城区/ns而言/uls，/wd未来/t的/ude1十几/m年/qt内/f是/vshi其/rz发展/vn的/ude1重要/a时期/n。/wj
因此/c，/wd在/p这/rzv一/m发展/vn时期/n，/wd该/rz区域/n城市/n发展/vn速度/n应/v较/d快/a，/wd设计/v情景/n时/ng考虑/v２/m类/q发展/vn速度/n，/wd即/v中/f速/ag发展/v情景/n、/wn快速/b发展/vn情景/n。/wj
中/f速/ag发展/v情景/n下/f，/wd随机/b扰动/vn项/q取/v１．/m０/m，/wd快速/d发展/v情景/n下/f，/wd参考/v１９８６—１９９５年/m发展/vn时期/n，/wd随机/b扰动/vn项/q取/v１．/m１/m。/wj
综合/vn以上/f判断/v，/wd选取/v４/m类/q城市/n未来/t典型/n发展/vn模式/n，/wd构建/v以下/f４/m个/q情景/n：/wm情景/n１/m同心圆/n、/wn组团/vi式/k发展/v模式/n，/wd干预/v强度/n高/a，/wd发展/v速度/n适中/a。/wj
情景/n２/m同心圆/n、/wn组团/vi式/k发展/v模式/n，/wd干预/v强度/n适中/a，/wd发展/v速度/n快/a。/wj
情景/n３/m沿/p主要/b对外/vn交通/n轴线/n带/v扩展/v模式/n，/wd干预/v强度/n高/a，/wd发展/v速度/n适中/a。/wj
情景/n４/m沿/p主要/b对外/vn交通/n轴线/n带/v扩展/v模式/n，/wd干预/v强度/n适中/a，/wd发展/v速度/n快/a。/wj
各/rz情景/n参数/n取值/v见/v表/vg２/m。/wj
２．/m３/m案/x例/n城市/n未来/t发展/v空间分布/n特征/n分析/v结合/v情景/n设计/vn结果/n，/wd针对/p各个/rz预测/vn情景/n，/wd运用/v模型/n模拟/v２００５年/m至/p２０２０年/m大连市/ns新城区/ns的/ude1土地/n利用/v变化情况/n。/wj
结果/n如/v图/n２/m所/usuo示/vg。/wj
图/n２２０２０年/m大连市/ns新城区/ns土地/n利用/v空间/n扩展/v预测/vn结果/n从/p图/n２/m中/f可知/v，/wd情景/n１/m和/cc情景/n２/m沿/p原有/v城市/n集聚/vn区/n扩展/v、/wn新/a增/v用/v地/ude2发展/v较为/d紧凑/a，/wd体现/v这/rzv２/m类/q情景/n遵循/v同心圆/n、/wn组团/vi式/k发展/v模式/n；/wf情景/n３/m和/cc情景/n４/m呈现/v沿/p沈/v大/a高速公路/n拓展/v的/ude1发展/vn形态/n，/wd体现/v这/rzv２/m类/q情景/n遵循/v沿/p主要/b对外/vn交通/n轴线/n带/v扩展/v的/ude1发展/vn模式/n。/wj
从/p表/n３/m可以/v看出/v，/wd情景/n２/m的/ude1用地/n总量/n比/p情景/n１/m多/m这/rzv体现/v了/ule这/rzv２/m类/q情景/n在/p发展/vn速度/n及/cc政府/n干预/vn强度/n的/ude1差异/n：/wm发展/v速度/n越/d快/a，/wd规模/n扩张/vn越/d大/a；/wf政府/n干预/vn越/d弱/a，/wd发展/v约束/vn越/d小/a。/wj
还/d可/v看出/v，/wd情景/n３/m相/d较/d于/p情景/n１/m，/wd情景/n４/m相/d较/d于/p情景/n２/m，/wd城镇/n用/v地/ude2量/v差异/n不/d大/a，/wd但是/c工业/n用/v地/ude2量/v明显/ad较/d大/a，/wd这/rzv是/vshi由于/p交通/n效应/n较/d集聚/v效应/n对/p工业/n发展/vn的/ude1影响/vn更/d积极/a，/wd沿/p主要/b对外/vn交通/n轴线/n带/v扩展/v模式/n更/d有利于/v工业/n的/ude1快速/b发展/vn。/wj
总的来说/c，/wd情景/n预测/vn的/ude1结果/n符合/v模式/n的/ude1设计/vn特征/n，/wd在/p城市/n空间/n管制/vn上/f，/wd需/v关注/v前面/f提及/v的/ude1重点/n发展/vn区域/n，/wd特别/d是/vshi交通/n沿线/f、/wn海岸线/n等/udeng出现/v大量/m工业/n用/p地/n的/ude1区域/n，/wd以及/cc建设/vn用地/n对/p滩涂/n水域/n的/ude1侵占/vn。/wj
３/m结论/n本/rz研究/v以/pＣＡ/x模型/n为/p基础/n，/wd系统/ad构建/v了/ule城市/n土地/n利用/v模拟/vn模型/n，/wd并/cc在/p大连市/ns新城区/ns进行/vx案/x例/n应用/vn。/wj
将/p驱动力/n分为/v宏观/n、/wn中/f观/vg与/p微观/n这/rzv３/m个/q尺度/n，/wd分别/d进行/vx驱动力/n量化/vn并/cc构建/v耦合/vn作用/n函数/n作为/vＣＡ/x转换/vn规则/n。/wj
结合/vＭＣＳ/x和/ccＬＨＳ/x方法/n，/wd提高/v了/ule复杂/a模型参数/n率/k定/v的/ude1效率/n。/wj
对/p１９８６—１９９５年/m、/wn１９９５—２００５年/m这/rzv２/m个/q历史/n时期/n分别/d进行/vx拟合/n，/wd通过/p拟合/n结果/n分析识别/n了/ule模型参数/n与/cc城市/n发展/vn特点/n的/ude1关联性/n，/wd解决/v了/uleＣＡ/x模型参数/n的/ude1时间/n效应/n性/ng。/wj
运用/v该/rz模型/n模拟/v了/ule４/m种/q不同/a发展/vn情景/n下/f２０２０年/m土地/n变化情况/n。/wj
