本文/r对/p城市区域/n路网/n不同/a路段/n交通流/n的/ude1时空/n依赖性/n进行/vx了/ule分析/vn，/wd对/p体现/v空间拓扑/n关系/n的/ude1空间/n权/n重/a矩阵/n进行/vx了/ule改进/vn，/wd在/p此基础/n上/f利用/vＳＴＡＲＩＭＡ/x模型/n对/p北京市/ns某/rz区域/n路网/n的/ude1交通流/n进行/vx了/ule预测/vn。/wj
实验/vn结果表明/n，/wd空间/n权/n重/a矩阵/n的/ude1改进/vn对于/p提高/vＳＴＡＲＩＭＡ/x模型/n的/ude1预测/vn效果/n具有/v一定/b作用/n。/wj
１/m区域/n路网/n交通流/n时空/n依赖性/n分析/vn交通/n路网/n由/p各种/rz道路/n元素/n组成/v，/wd如/v路段/n、/wn交叉口/n等/udeng，/wd以/pｍ/x个/q路口/n和/ccＭ/x个/q路段/n组成/v的/ude1城市区域/n路网/n为/p例/n说明/v基于/p动态分配/n系数/n的/ude1时空/n依赖性/n表达/v模型/n的/ude1构建方法/n。/wj
对于/p区域/n路网/n内/f的/ude1两/m条/q不同/a路段/n，/wd可能/v存在/v两/m种/q情况/n：/wm一/m是/vshi两/m条/q路/n段/q是/vshi邻接/v路段/n，/wd即/v两/m条/q路段/n通过/p一个/mq交叉口/n相连/vi；/wf二/m是/vshi两/m条/q路段/n为/p非/b邻接/v路段/n，/wd即/v两/m条/q路段/n间/f经/p多/m个/q交叉口/n和/cc交叉口/n间/f的/ude1路段/n相连/vi。/wj
下面/f对/p两/m种/q情况/n下/f的/ude1上下游/f路段/n间/f的/ude1时空/n依赖性/n进行/vx分析/vn。/wj
对于/p邻接/v路段/n，/wd由于/c两/m条/q路段/n间/f通过/p交叉口/n相连/vi，/wd上游/f路段/n的/ude1交通流/n在/p交叉口/s处/n重新/d分配/v至/p下游/s路段/n。/wj
因此/c，/wd路网/n内/f邻接/v路段/n交通流/n间/f最/d直接/a的/ude1关系/n表现/v为/p交叉口/n各方/r向上/vi交通流/n的/ude1分配/vn关系/n［/wkz１４/m］/wky，/wd如/c对于/p图/n１/m所/usuo示/vg的/ude1ｎ４/x交叉口/n，/wd各/rz路段/n交通流/n可/v按/p表/n１/m所/usuo示/vg分为/v４/m组/q下游/f路段/n交通流/n以及/cc对应/vi的/ude1上游/f路段/n交通流/n。/wj
非/b邻接/v路段/n交通流/n间/f的/ude1关系/n则/d表现/v为/v上游/f路段/n交通流/n经过/p多/m个/q交叉口/n后/f完成/v多阶/n分配/v后/f扩散/v至/p下游/f非/b邻接/v路段/n。/wj
如/v上游/f路段/n２８/m的/ude1交通流/n经过/pｎ２/x、/wnｎ４/x、/wnｎ７/x三/m个/q交叉口/n完成/v三/m次/qv交通流/n分配/vn后/f，/wd扩散/v至/p其/rz非/b邻接/v下游/f路段/n１/m。/wj
根据/p文/ng［/wkz１４/m］/wky的/ude1分析/vn，/wd路网/n上游/f路段/nｌｉ/x与/p下游/s路段/nｌｉ/x路段/n之间/f的/ude1拓扑/n关系/n可/v分/qt以下/f三/m种/q：/wm１/m）/wky路段/nｌｉ/x与/cc路段/nｌｊ/x之间/f有/vyou且/c仅/d有/vyou一/m条/q通/a路/n，/wd即/v路段/nｌｊ/x是/vshi路段/nｌｉ/x的/ude1ｎ/x阶/ng邻接/v路段/n；/wf２/m）/wky路段/nｌｉ/x与/cc路段/nｌｊ/x间/f有/vyou多/m条/q通/a路/n，/wd即/v路段/nｌｊ/x同时/n是/vshi路段/nｌｉ/x的/ude1多/m个/q阶次/n的/ude1邻接/v路段/n，/wd且/c这些/rz通/v路/n中/f无/v封闭/v环路/n；/wf３/m）/wky路段/nｌｉ/x与/cc路段/nｌｊ/x间/f有/vyou多/m条/q通/a路/n，/wd即/v路段/nｌｊ/x同时/n是/vshi路段/nｌｉ/x的/ude1多/m个/q阶次/n的/ude1邻接/v路段/n，/wd且/c这些/rz通路/n存在/v封闭/v环路/n。/wj
对于/p２/m）/wky和/cc３/m）/wky两/m种/q情况/n，/wd上游/f路段/n与/p下游/s路段/n之间/f存在/v多种/m通/qv路/n，/wd此时/r上下游/f路段/n交通流/n的/ude1分配情况/n也/d可能/v存在/v多/m种/q情况/n。/wj
考虑/v到/v上下游/f路段/n间/f的/ude1通路/n确定/v问题/n其/rz实质/n是/vshi一个/mq路径选择/n问题/n。/wj
而/cc路径选择/n问题/n的/ude1影响/vn因素/n很/d多/a，/wd涉及/v到/v的/ude1因素/n可能/v有/vyou最/d短路径/n、/wn个人/n喜好/an、/wn费用高/n低/a、/wn时间/n长短/n等/udeng。/wj
而/cc本文/r考虑/v的/ude1是/vshi正常/a状态/n即/d尚未/d拥堵/v时/ng路段/n交通流/n的/ude1预测/vn问题/n，/wd此时/r正常/a的/ude1交通/n行为/n是/vshi选择/v最/d短路径/n，/wd即/d对于/p２/m）/wky和/cc３/m）/wky两/m种/q情况/n，/wd驾驶员/n会/v选择/v多/m条/q通/a路/n中/b距离/n（/wkz走/v行/ng时间/n）/wky最/d短/a的/ude1一/m条/q路径/n作为/v行驶/vi路径/n，/wd上游/f路段/nｌｉ/x与/p下游/s路段/nｌｊ/x间/f有/vyou且/c仅/d有/vyou一/m条/q交通流/n分配/v通/v路/n。/wj
假设/v路网/n上游/f路段/nｌｉ/x与/p下游/s路段/nｌｊ/x之间/f存在/v的/ude1通路/n式/k（/wkz１/m）/wky和/cc式/ng（/wkz２/m）/wky都/d是/vshi物质/n守恒定律/n的/ude1具体/a体现/vn，/wd即/v如果/c忽略/v路段/n上/f交通/n吸引/v点/qt吸引/v或/c交通/n发生/v点/qt产生/v的/ude1车流/n及/cc交叉口/n容纳/v的/ude1车流/n，/wd所有/b通过/p上游/f路段/n的/ude1交通流/n，/wd都/d会/v经/p其/rz与/p各/rz下游/n路段/n之间/f的/ude1通/a路/n，/wd逐/vg阶/ng分配/v至/p各/rz下游/n路段/n。/wj
下游/f路段/n所/usuo分配/v的/ude1交通流/n大小/n，/wd取决于/v多阶/n分配/v效果/n的/ude1累积/vn，/wd随着/p分配/v阶数/n的/ude1增加/vn，/wd下游/f路段/n所/usuo分配/v到/v的/ude1交通流/n将/d越来越/d小/a，/wd上下游/f路段/n间/f的/ude1时空/n依赖性/n也/d将/d越来越/d小/a。/wj
根据/p经验/n数据/n，/wd一般来说/vl，/wd对于/p下游/s路段/n而言/uls，/wdｎ/x≤２/m阶/ng的/ude1上游/f邻接/v路段/n与/p其/rz之间/f的/ude1时空/n依赖性/n还/d是/vshi较/d强/a的/ude1，/wd而/ccｎ/x≥３/m阶/ng的/ude1上游/f邻接/v路段/n与/p其/rz之间/f的/ude1时空/n依赖性/n已经/d较/d弱/a，/wd基本/ad可以/v忽略/v。/wj
２时/t空/ng自/p回归/v差/a分/qt移动/v平均/a模型/n时空/n自/rr回归/v差/a分/qt移动/v平均/a模型/nＳＴＡＲＩＭＡ/x是/vshiＰｆｅｉｆｅｒ/x和/ccＤｅｕｔｓｃｈ/x于/p２０/m世纪/n８０年代/t初期/f在/p一/m系列/q论文/n［/wkz１６/m－/wp１８/m］/wky中/f提出/v的/ude1，/wd可以/v视为/v是/vshi结合/v了/ule空间/n属性/n的/ude1ＡＲＩＭＡ/x模型/n［/wkz１１/m］/wky，/wd也/d可以/v视为/v是/vshi向量/n自/rr回归/v差/a分/qt移动/v平均/a模型/n（/wkzｖｅｃｔｏｒａｕｔｏｒｅｇｒｅｓｓｉｖｅｉｎｔｅｇｒａｔｅｄｍｏｖ/x－/wpｉｎｇａｖｅｒａｇｅ/x，/wdＶＡＲＩＭＡ/x）/wky的/ude1一/m种/q特例/n［/wkz１０/m］/wky。/wj
因此/c，/wd其/rz理论/n基础/n仍然/d是/vshi传统/n的/ude1ＡＲＩＭＡ/x时间/n序列/n模型/n。/wj
２．/m１ＡＲＩＭＡ/x模型/nＡＲＩＭＡ/x模型/n的/ude1基本思想/n是/vshi：/wm将/d预测/v对象/n随/p时间/n推移/vn而/cc形成/v的/ude1数据/n序列/n视为/v一个/mq随机/b序列/n，/wd利用/v已/d知/v时间/n序列/n的/ude1过去/t值/n及/cc现在/t值/v的/ude1加权线性/n组合/vi来/vf预测/v时间/n序列/n的/ude1未来/t值/n。/wj
对于/p城市区域/n路网/n的/ude1任何/rz一/m条/q路段/n，/wd其/rz未来/t时段/n的/ude1交通流量/n显然/ad与/p该/rz路段/n现在/t及/cc过去/t时段/n的/ude1交通流量/n有着/v相关/vn关系/n。/wj
因此/c，/wd可以/v使用/vＡＲＩＭＡ/x模型/n来/f进行/vx交通流量/n的/ude1预测/vn。/wj
一般来说/vl，/wdＡＲＩＭＡ/x模型定义/n成/v如下/vn形式/n［/wkz１９/m］/wky：/wm２．/m２ＳＴＡＲＩＭＡ/x模型/nＳＴＡＲＩＭＡ/x模型/n在/pＡＲＩＭＡ/x模型/n基础/n上/f，/wd引入/v了/ule空间/n属性/n，/wd即/d在/p预测/v某/rz路段/n未来/t时段/n的/ude1交通流量/n时/ng，/wd不仅/c考虑/v本/rz路段/n过去/t及/cc现在/t的/ude1交通流量/n，/wd还/d把/pba在/p空间/n上/f与/p该/rz路段/n相连/vi的/ude1其他/rzv路段/n的/ude1过去/t和/cc现在/t时段/n的/ude1交通流量/n对/p目标/n路段/n未来/t交通流量/n的/ude1影响/vn也/d考虑/v在/p内/f，/wd且/c与/p目标/n路段/n距离/n越/d近/a的/ude1路段/n，/wd其/rz对/p目标/n路段/n未来/t时段/n的/ude1交通流量/n影响/vn也/d越/d大/a，/wd并/cc引入/v空间/n权/n重/a矩阵/n来/f定量/vd表达/v这种/r影响/vn。/wj
