(/wkzsezT/x)/wky编码/n产物/n与/cc化脓/vi链球菌/npSM19035/x质/ng粒/ng上/f1./m5/m的/ude1Zeta/x毒素/n在/p氨基酸/n水平/n上/f有/vyou44%/m一致性/n。/wj
该/rz基/ngsezT/x和/ccsezAT/x敲/v除/p突变/vi株/q的/ude1构建/v为/p去除/v89K/x毒/n力/vg岛/n中/f可能/v起/vf稳定/a作用/n的/ude1因/c与/p其/rz上游/f的/ude105SSU0937/x基因/n(/wkzsezA/x)/wky有/vyou1/m个/q碱/n基/ngSezAT/x,/wd从而/c获得/v89K/x毒/n力/vg岛/n缺失/n突变/vn株/q,/wd拟/v通/v对/p的/ude1重叠/vn,/wd即/vsezA/x的/ude1终止/vn密码/n子/ngTAA/x的/ude1最后/f一/d过/uguo同源/vn重组/vn的/ude1方法/n用/p壮观/a霉/n素/dg抗/v性/ng基因/n盒/q个/q碱/n基/ngA/x是/vshisezT/x起始/vn密码/n子/ngATG/x的/ude1第一/m个/qA/x,/wd提/v(/wkzSpcR/x)/wky替换/v毒素/n编码/vn基因/nsezT/x或/c整个/bsezAT/x系统/n示/vg这/rzv两/m基因/n可能/v位于/v同一/b操纵/v子/ng中/f。/wj
这种/r基因/n排/v编码/n基因/n。/wj
以/p敲/v除/psezT/x为/p例/n说明/v构建/v过程/n。/wj
首/m列/q特点/n与/p两/m株/q肺炎/n链球菌/n(/wkzTIGR4/x和/ccD39/x)/wky的/ude1TA/x先/d,/wd以/p05ZYH33/x基因组/nDNA/x为/p模板/n,/wd用/p引/v物/ng系统/n(/wkzSP_1050-SP_1051/url,/wdGenBank:NC_003028/url和/ccLA/x-/wpUP/LA/url-/wpD/x和/ccTRA/x-/wpUP/TRA/url-/wpD/x分别/d扩/vg增/vsezTSPD_0930-SPD_0931/url,/wdGenBank:CP000410/url)/wky排列/v上下游/f同源/vi臂/ng,/wd并/cc将/d得到/v的/ude1下游/f同源/vi臂/ngLA/x和/cc相似/a。/wj
上游/f同源/vi臂/ngTRA/x依次/d克隆/v到/vpUC18/x载体/n的/ude1多/mSezT/x由/p258/m个/q氨基酸/n组成/v,/wd分子量/n为/p克隆/v位/q点/n(/wkzEcoR/xⅠ/m//wBamH/xⅠ/m和/ccPst/xⅠ/m//wHind/xⅢ/m)/wky上/f。/wj
29./m3kD/x,/wd是/vshi含/vATP/x水解/v酶/n的/ude1P/x-/wploopNTPase/x(/wkz又/d称/v然后/c将/d扩/vg增/v得到/v的/ude1SpcR/x基因/n(/wkz模板/n为/vpSET4s/x质/ngWalkerAmotif/x)/wky超/v家族/n,/wd研究/v发现/vZeta/x毒素/n的/ude1粒/q)/wky克隆/v到/v已/d构建/v好/asezT/x上下游/f同源/vi臂/ng的/ude1pUC18WalkerAmotif/x是/vshi发挥/v毒性/n作用/n的/ude1关键/n结构/n域/ng[/wkz5/m]/wky。/wj
载体/n的/ude1BamH/xⅠ/m//wPst/xⅠ/m多/m克隆/v位/q点/qt上/f,/wd即/d为/v构建/vSezA/x为/p168/m个/q氨基酸/n,/wd分子量/n为/p19./m5kD/x,/wd属/v好/a的/ude1敲/v除/p质/ng粒/ngpUC::sezT/url。/wj
构建/v针对/p整个/bSezATHTH/x-/wpXRE/x超/v家族/n,/wd为/p一/m类/q转录/v调节/vn蛋白/n家族/n。/wj
的/ude1敲/v除/p质/ng粒/ngpUC::sezAT/url方法/n相似/a,/wd区别/v是/vshi将/d进一步/d用/vBLASTP/x比/p对/p发现/vSezA/x和/ccSezT/x均/d有/vyoupUC::sezT/url的/ude1上游/f同源/vi臂/ngTRA/x换/v成/v针对/psezAT/x系/n大量/m同源/vn蛋白/n存在/v,/wd其中/rz与/pPezAT/x(/wkz由/p统/vi的/ude1同源/vn臂/nTARA/x(/wkz由/p引/v物/ngTARA/x-/wpUP/TARA/url-/wpDSP_1050-SP_1051/url构成/v)/wky同源/vi性/ng高/a。/wj
PezAT/x是/vshi肺炎/n扩/vg增/v)/wky。/wj
最后/f将/d构建/v好/a的/ude1两/m个/q敲/v除/p质/ng粒/ng分别/d电/n转/v链球菌/nTIGR4/x上/f一/m对/pII/x型/kTA/x系统/n,/wd已/d被/pbei证实/v是/vshi化/v05ZYH33/x感受/v态/ng细胞/n,/wd并/cc涂布/n于/p含/v壮观/a霉/n素/dg一/m对/p有/vyou活性/b的/ude1TA/x系统/n,/wd且/cPezAT/x位于/v27kb/x大小/n的/ude1THY/x平板/n。/wj
挑/v取/v所有/b壮观/a霉/n素/dg抗/v性/ng的/ude1转化/vn子/ng的/ude1毒/n力/vg岛/n上/f,/wd但/cPezAT/x对/p该/rz毒/n力/vg岛/n的/ude1稳定/a作用/n尚/d用/vsezT/x内部/f检测/v引/v物/ngT/x-/wpUP/D/url进行/vxPCR/x初/f筛/v,/wd可/c未/d见/v报道/v[/wkz5/m]/wky。/wj
同/p源/ng性/ng蛋白/n比/p对/p如/v图/n1/m所/usuo示/vg,/wdSezAhttp://journals./urlim./xac./xcn/wswxtbcn196/url微生物学/n通报/v2012/m,/wdVol./x39/m,/wdNo./x2/m与/pPezA/x(/wkzSP_1050/url)/wky有/vyou81%/m的/ude1一致性/n,/wd相似性/n达到/v聚/v糖/n合成/vn从而/c发挥/v毒性/n作用/n[/wkz11/m]/wky。/wj
这些/rz结果/n揭示/v8993%/m;/wfSezT/x与/pPezT/x有/vyou69%/m的/ude1一致性/n,/wd相似性/n为/vK/x毒/n力/vg岛/n上/f的/ude1SezAT/x可能/n与/pPezAT/x一样/uyy,/wd属/v同一/b86%/m。/wj
近期/t研究/v发现/vZeta/x毒素/n和/ccPezT/x通过/p磷酸/n家族/n的/ude1TA/x系统/n,/wdSezT/x为/p毒素/n蛋白/n,/wd而/ccSezA/x作为/v化/v细胞壁/n前/f体/ng物质/nUNAG/x形成/vUNAG/x-/wp3P/x,/wd抑制/v肽/ng抗毒素/n蛋白/n可/v拮/n抗/vSezT/x毒素/n蛋白/n的/ude1作用/n。/wj
ABC/x图/n1Fig./x1SezAT/x的/ude1生物/n信息学/n分析/vBioinformaticalanalysisofSezAT/x注/v:/wpA:sezAT/url在/p05ZYH33/x基因组/n上/f的/ude1定位/vn示意图/n(/wkz非/b比例/n)/wky;/wfB:/url毒素/n蛋白/nSezT/x的/ude1氨基酸/n比/p对/v;/wfC:/url抗毒素/n蛋白/nSezA/x的/ude1氨基酸/n比/p对/p,/wd序列/n分别/d来源于/v肺炎/n链球菌/nTIGR4/x(/wkzSP_1050-SP_1051/url)/wky、/wnD39/x(/wkzSPD_0930-SPD_0931/url)/wky、/wnSS205ZYH33/x(/wkz05SSU093705SSU0936/x)/wky和/cc化脓/vi性/ng链球菌/n的/ude1质/ng粒/ngpSM19035/x(/wkzEpsilon/x-/wpzeta/x)/wky./wj
Note:A:GeneticlocationofthesezATlocusinthechromosomeof05ZYH33/url(/wkznotdrawntoscale/x)/wky./wj
B:AminoacidsequencealigmentofSezT./urlC:AminoacidsequencealigmentofSezA./urlThesequencesarefromS./xpneumoniaeTIGR4/x(/wkzSP_1050-SP_1051/url)/wky,/wdD39/x(/wkzSPD_0930-SPD_0931/url)/wky,/wdS./xsuis05ZYH33/x(/wkz05SSU0937-05SSU0936/x)/wkyandS./xpyogenesplasmidpSM19035/x(/wkzEpsilon/x-/wpzeta/x)/wky./wj
http://journals./urlim./xac./xcn/wswxtbcn/url王敏/nr等/v:/wp高/a致病/vn性/ng2/m型/k猪/n链球菌/n毒素/n-/wp抗毒素/n系统/nSezAT/x的/ude1鉴定/vn与/cc活性/b研究/vn2./m2197/m个/q基因/n可能/v为/v共/d转录/v单位/n(/wkz图/n2A/x)/wky。/wj
为了/p验证/v预测/vSezAT/x的/ude1转录/v分析/v为/p验证/vsezAT/x是否/v属/v同一/b操纵/v子/ng控制/v及/cc其/rz结果/n的/ude1正确性/n,/wd我们/rr以/p05ZYH33/x总/bRNA/x逆转/vi录/v与/cc相邻/vn基因/n的/ude1转录/v情况/n,/wd首先/c对/psezAT/x及/cc其/rz两/m生成/v的/ude1cDNA/x为/p模板/n,/wd通过/p特/ag异性/n引/v物/ng进行/vxPCR/x,/wd侧/v基因/n进行/vx生物/n信息学/n分析/vn。/wj
利用/vBDGP/x设立/v基因组/nDNA/x做/v对照/vn。/wj
结果/n如/v图/n2B/x所/n示/vg,/wd当/v(/wkzhttp://www./urlfruitfly./xorg/seq_tools/promoter./urlhtml/x)/wky发/v以/p基因组/nDNA/x为/p模板/n时/ng,/wd5/m对/p引/v物/ng均/d扩/vg增/v出/vf与/p理/n现在/tsezA/x(/wkz05SSU0937/x)/wky上游/f106bp/x处/n有/vyou一个/mq可能/n论/k值/v大小/n相符/vi的/ude1特异/z条/q带/v,/wd而/cc以/pcDNA/x为/p模板/n的/ude1启动/vn子/ng区域/n,/wd利用/vSoftberry/x网/n站/vi(/wkzhttp://www./url(/wkzRT/x-/wpPCR/x)/wky时/ng,/wd仅/d有/vyouP3/P4/url,/wdP5/P6/url,/wdP7/P8/url扩/vg增/v出/vf条/qsoftberry./xcom/berry./urlphtml/x)/wky上/f的/ude1FindTerm/x软件/n在/p带/v,/wdP1/P2/url和/ccP9/P10/url未/d见/v扩/vg增/v条/q带/v,/wd表明/v05SSU0933/x?/ww
05SSU0934/x基因/n间/f区域/n预测/v有/vyou转录/v05SSU0934/x?/ww
05SSU0937/x这/rzv4/m个/q基因/n是/vshi共/d转录/v基/ng终止/v子/ng的/ude1存在/vn,/wd提示/v05SSU0934/x?/ww
05SSU0937/x这/rzv4/m因/c,/wd即/vsezA/x和/ccsezT/x同/p属/v于/p一个/mq操纵/v子/ng。/wj
图/n2Fig./x2sezAT/x及/cc相邻/vn基因/n的/ude1转录/v分析/vTranscriptionalanalysisofthesezATlocusanditsflankinggenesofS./xsuis05ZYH33/x注/v:/wpA:sezAT/url及/cc其/rz相邻/vn基因/n(/wkz非/b比例/n)/wky的/ude1排列/vn组成/vn,/wd软件/n预测/vn的/ude1启动/vn子/ng区域/n(/wkz横/n折/q箭头/n表示/v)/wky位于/v05SSU0938/x内部/f,/wd转录/v终止/v位/q点/n(/wkz茎/n环/v结构/n表示/v)/wky位于/v05SSU0933/x?/ww
0934/m之间/f,/wdRT/x-/wpPCR/x所/usuo用/v的/ude15/m对/p引/v物/ng及其/cc相应/vn位置/n如/v图/n所/usuo示/vg;/wfPsezAT/x表示/v05SSU0934/x?/ww
0937/m可能/v为/v一个/mq共/d转录/v单位/n./wj
B:sezAT/url及/cc其/rz相邻/vn基因/n的/ude1RT/x-/wpPCR/x分析/vn,/wd左侧/f为/v05ZYH33/x基因组/nDNA/x模板/n的/ude1PCR/x,/wd右侧/f为/v以/pcDNA/x模板/n的/ude1RT/x-/wpPCR./xNote:A:GenomicorganizationofthesezATlocusanditsflankinggenesinS./urlsuis05ZYH33/x(/wkznotdrawntoscale/x)/wky./wj
Thefoldarrowrepresentsthepredictedpromoterlocatedin05SSU0938/x,/wdandthestem/x-/wploopstructurerepresentspotentialtranscriptionalterminator./xThelocationoftheprimerpairsusedinRT/x-/wpPCRanalysisareindicatedbyinvertedarrowheads./xPsezATindicates05SSU0934/x?/ww
0937maybetranscribedasasingleoperon./xB:RT/url-/wpPCRanalysisofthesezATlocusanditsflankinggenes./x05ZYH33genomicDNAandtotalRNAwereanalysedbyPCR/x(/wkzleft/x)/wkyandRT/x-/wpPCR/x(/wkzright/x)/wky,/wdrespectively./xTheGeneRulerMixDNAladdermarkerisshowninthemiddle/x(/wkzM/x)/wky./wj
