此/rzs溶液/n中/fNa2CO3/x浓度/n为/p0．/m40mol/L/url，/wdNaHCO3/x浓度/n为/p0．/m08mol/L/url。/wj
移/v取/v10．/m00mL/x淋洗/v液/ng储备/n液/ng至/p淋洗/v瓶/n中/f，/wd用/v去/vf离子/n水/n稀释/v到/v标/v线/n，/wd摇/v匀/v定/v容/ng至/p1000mL/x得到/vNa2CO3/x为/p4．/m00mmol/L/url，/wdNaHCO3/x为/p0．/m80mmol/L/url的/ude1CO2/x"/wyz3/m体系/n淋洗/v液/ng。/wj
2．/m3．/m2/m配制/v总/b磷/n、/wn总/b氮/n标/v样/ng10．/m00mg/L/url总/b磷/n标准/n储备/vn液/ng由/p磷/n溶液/n标准/n物质/n稀释/v得到/v。/wj
20．/m00mg/L0．/url50/m，/wd2．/m00/m，/wd10．/m0/m，/wd40．/m0mL/x总/b总/b氮/n标准/n储备/vn液/ng由/p硝/n酸根/n成分/n分析/vn标准/n物质/n稀释/v得到/v。/wj
分别/d量/v取/v0．/m10/m，/wd0．/m50/m，/wd2．/m50/m，/wd10．/m0/m，/wd25．/m0/m，/wd50．/m0mL/x，/wd磷/n标准/n储备/vn液/ng和/cc总/b氮/n标准/n储备/vn液/ng用/v去/vf离子/n水/n定/v容/ng至/p100mL/x，/wd即/d可/v得/ude30．/m05/m//w0．/m50/m，/wd0．/m20/m//w2．/m00/m，/wd1．/m00/m//w5．/m00/m，/wd4．/m00/m//w10．/m00mg/L/url的/ude1标/ng样/ng溶液/n。/wj
到/v含/v磷/n//w氮/n量/n为/p0．/m01/m//w0．/m10/m，/wd#/w2．/m3．/m3/m水样/n的/ude1预处理/vn和/cc配制/v实验/vn对比/vn用/v的/ude1水样/n取/v自/p无锡/ns周边/n地区/n的/ude1水样/n监测/vn点/qt，/wd共/d5/m组/q，/wd分别/d是/vshi：/wp12/m#/w硕/ag放/v污水/n厂/n总/d排/v口水/n样/u，/wd3/m#/w沙/n墩/ng港/n桥/n水样/n，/wd4/m#/w江阴/ns华/b士/ng水样/n，/wd5/m#/w华/b庄/nr1水样/n。/wj
水样/n采集/v后/f江阴/ns华西/ns水样/n，/wd静/ad置/v，/wd经/p0．/m45/m!/wt
m/x微/a孔/n滤/v膜/n过滤/v，/wd保存/v于/p洁净/a的/ude1玻璃瓶/n中/f。/wj
可/v放/v入/v冰箱/n中/f保存/v，/wd但/c不得/vi超过/v24h/x。/wj
精确/ad配制/v含/v磷/n量/n10．/m00mg/L/url的/ude1总/b磷/n标准/n溶液/n和/cc含/v氮/n量/n50．/m00mg/L/url的/ude1总/b氮/n标准/n溶液/n。/wj
取/v上述/b0．/m50mL/x总/b磷/n标准/n溶液/n和/cc1mL/x总/b氮/n标准/n溶液/n，/wd定/v容/ng至/p100mL/x，/wd即/v得/ude3含/v磷/n//w氮/n量/n为/p0．/m05/m//w0．/m50mg/L/url的/ude1总/b1．/m00/m//w5．/m00/m，/wd4．/m00/m//w10．/m00mg/L/url的/ude1总/b磷/n、/wn磷/n、/wn总/b氮/n标准/n溶液/n。/wj
同样/b方法/n配制/v含/v磷/n//w氮/n量/n为/p0．/m20/m//w2．/m00/m，/wd总/b氮/n标准/n溶液/n。/wj
2．/m4/m总/b磷/n、/wn总/b氮/n测定/vn原理/n3/m"/wyz采用/v臭氧/n紫外/b协同/vn的/ude1氧化/vn方法/n氧化/vi消解/v水样/n中/f的/ude1各种/rz含/v磷/n、/wn含/v氮/n化合物/n，/wd氧化/vi成/v最高价/n态/ng的/ude1PO4/x"/wyy，/wd和/ccNO3/x再/d用/v优化/v的/ude1离子/n色/ng谱/ng法/n进行/vx检测/vn，/wd得到/v总/b磷/n、/wn总/b氮/n的/ude1含量/n。/wj
测定/v流程/n如/c图解/v1/m所/usuo示/vg。/wj
［/wkz10/m，/wd11/m］/wky：/wp当/vO3/x被/pbei波长/n小/a臭氧/n紫外/b协同/vn作用/n的/ude1高级/a氧化/vn方法/n产生/v羟基/n自由/a基/ng（/wkz·/wOH/x）/wky的/ude1过程/n可/v表述/v为/v于/p310nm/x的/ude1紫外光/n照射/vn作用/n后/f，/wd首先/d产生/v游离/vn氧/n自由/a基/ng（/wkz·/wO/x）/wky与/pH2O2/x，/wd然后/c·/wO/x和/ccH2O2/x再/d与/p水/n反应/vi生成/v具有/v强/a氧化/vn性/ng的/ude1羟基/n自由/a基/ng。/wj
从而/c使/v水/n中/f各种/rz含/v磷/n、/wn含/v氮/n化合物/n，/wd氧化/vi成/v最高价/n态/ng的/ude1正/b磷酸盐/n、/wn硝酸盐/n。/wj
3/m"/wyz"/wyy离子/n色/ng谱/v法/b应用/vn离子/n交换/v的/ude1原理/n，/wd对/p水样/n中/fPO4/x和/ccNO3/x进行/vx定性/vn和/cc定量分析/nl。/wj
氧化/vi消解/v后/f水样/n3/m"/wyz"/wyy基于/pPO4/x和/ccNO3/x对/p分离/vi柱/ng，/wd相对/d其它/rz离子/n的/ude1亲和力/n的/ude1不同/a注入/vNa2CO3/NaHCO3/url淋洗/v液/ng流经/v分离/vi柱/ng，/wd3/m"/wyz"/wyyNa2CO3/NaHCO3/url在/p流经/v抑制/v器/n被/pbei转化/v为/p高/a电/n导/vg的/ude1H3PO4/x和/ccHNO3/x，/wd而/cc彼此/rr分开/vi。/wj
被/pbei分离/vi的/ude1PO4/x和/ccNO33/x"/wyz"/wyy，/wd则/d被/pbei转化/v为/p低/a电/n导/vg的/ude1H2CO4/x。/wj
用/p电/n导/vg检测器/n测量/vnPO4/x和/ccNO3/x与/cc标准/n样品/n比较/vn，/wd根据/p保留/v时间/n定性/vi，/wd峰/ng面积/n定量/n来/vf测定/v水样/n中/b总/b磷/n和/cc总/b氮/n含量/n。/wj
图解/v1Cheme12．/x5/m总/b磷/n、/wn总/b氮/n测定/vn流程图/nFlowchartoftotalphosphorus/x（/wkzTP/x）/wkyandtotalnitrogen/x（/wkzTN/x）/wkydetermination/x水样/n氧化/vi消解/v与/cc分析/vn步骤/n针对/p传统/n的/ude1氧化/vn消解/vn方法/n效率/n低/a、/wn耗/v能/v大/a；/wf单一/a氧化/vn消解/vn技术/n难以/d做到/v有效/ad降解/v各类/r含/v磷/n、/wn含/v氮/n化合物/n的/ude1问题/n。/wj
本/rz研究/v采用/v臭氧/n发生器/n，/wd以/p纯水/n为/p原料/n，/wd在/p低/a电压/n高/a密度/n电流/n状态/n下/f使/v水/n分子/n进行/vx阳离子/n交换/v和/cc质子/n交换/v分离/vi产生/v臭氧/n，/wd不/d需/v任何/rz辅助/vn材料/n和/cc添加剂/n，/wd产出/v的/ude1臭氧/n浓度/n高/a。/wj
以/p紫外/b灯光/n催化/vn光/d触/v、/wn。/wj
，/wd媒/ng降解/v水中/s的/ude1含/v磷/n含/v氮/n化合物/n臭氧/n与/p紫外/b协同/vn作用/n产生/v具有/v强/a氧化/vn能力/n的/ude1羟基/n自由/a基/ng（/wkz·/wOH/x）/wky，/wd把/pba水中/s各类/r含/v磷/n、/wn含/v氮/n化合物/n氧化/vi成/v最高价/n态/ng的/ude1正/b磷酸盐/n和/cc硝酸盐/n。/wj
水样/n的/ude1氧化/vn消解/vn与/cc分析/vn步骤/n为/v：/wp用/p自/rr吸/v式/k微量/b泵/n抽取/v10．/m00mL/x水样/n注入/v石英/n玻璃/n管/v中/f，/wd打开/v臭氧/n发生/v模块/n和/cc紫外/b灯/n，/wd使/v臭氧/n与/p紫外/b协同/vn作用/n氧化/vi消解/v25min/x取出/v。/wj
氧化/vi消解/v后/f的/ude1水样/n含有/v大量/m的/ude1臭氧/n，/wd用/p超声波/n脱/v气/n并/cc静/ad置/v5min/x再/d进/vf样/ng测量/v。/wj
用/p注射器/n把/pba氧化/vi消解/v后/f的/ude1水样/n注入/v离子/n色谱仪/n中/f，/wd分析/v检测/v总/b磷/n和/cc总/b氮/n含量/n。/wj
第3/m期/qv丁明军/nr等/v：/wp水中/s总/b磷/n和/cc总/b氮/n含量/n的/ude1离子/n色/ng谱/ng测定/v法/b383/m结果/n与/cc讨论/v3/m色/ng谱/ng条件/n的/ude1优化/vn3．/m1/m定量/vd环/v体积/n离子/n色谱仪/n定量/vd环/v体积/n决定/v进/vf样/ng量/n，/wd影响/v进入/v系统/n的/ude1样品/n量/n，/wd进而/c影响/v分析/v时/ng的/ude1100/m，/wd500/m和/cc1000/m!/wt
L/x的/ude1定量/vn环/n进行/vx了/ule实/a信号/n强度/n及/cc峰/ng面积/n。/wj
在/p选定/v的/ude1实验/vn条件/n下/f，/wd分别/d对/p体积/n为/p25/m，/wd3．/m1．/m1/m验/v。/wj
结果/n表明/v，/wd定量/vd环/v体积/n逐渐/d增加/v至/p1mL/x，/wd信号/n强度/n增强/v，/wd总/b磷/n和/cc总/b氮/n峰/ng面积/n明显/ad增加/v。/wj
但是/c定量/vd环/v体积/n增大/v，/wd对/p水样/n的/ude1需求量/n也/d增大/v，/wd并且/c在/p进/vf样/ng过程/n中/b阻力/n也/d加大/v，/wd不/d容易/a进/vf样/ng，/wd因此/c选用/v1mL/x定量/n环/v实现/v水样/n中/b总/b氮/n和/cc微量/b总/b磷/n的/ude1检测/vn，/wd提高/v了/ule检测/vn的/ude1灵敏度/n和/cc精确度/n。/wj
3．/m1．/m2/m淋洗/v液/ng浓度/n和/cc抑制/v电流/n的/ude1选择/vn分别/d配制/vNa2CO3/NaHCO3/url体系/n为/p4．/m00/m//w0．/m50/m，/wd4．/m00/m//w0．/m80/m，/wd4．/m50/m//w0．/m80/m和/cc4．/m50/m//w1．/m00mmol/L/url的/ude1系列/n淋洗/v液/ng，/wd流速/n设定/v为/p1．/m00mL/min/url，/wd对/p含有/v总/b磷/n标/v样/u进行/vx分析/vn，/wd考察/v了/ule总/b磷/n的/ude1保留/vn时间/n（/wkzRT/x）/wky、/wn分离/vi度/ng（/wkzRs/x）/wky和/cc峰/ng面积/n（/wkzA/x）/wky值/v，/wd见/v表/vg1/m。/wj
实验/n表明/v，/wd当/p淋洗/v液/ng为/v4．/m00/m//w0．/m50mmol/L/url时/ng，/wd分离/vi效果/n好/a。/wj
