按照 筹备 委员会 工作 安排  八月 二十九日 至 九月 二十六日 期间  将 在 北京 天安门 广场 陆续 举办 涉及 阅兵  群众 游行  联欢 晚会 等 庆祝 活动 相关 内容 的 演练 活动 
北京市 为 配合 演练 活动 将 采取 一 系列 深入 细致 的 服务 保障 措施 
目前  国庆 六十 周年 庆祝 活动 的 各项 筹备 工作 正在 顺利 进行 
29 1月 8日  第三 批 创业 板 公司 将 挂牌 上市 
此次 挂牌 的 创业 板 第三 批 6 家 公司 分别 为 新宙邦  梅泰诺  上海 凯宝  九 洲 电气  回 天 胶 业  朗科 科技 
第三 批 公司 延续 了 前 两 批 创业 板 公司 高 成长 性 以及 创新 能力 强 的 特征  受到 资金 热 捧  不仅 全线 超 募 且 超 募 比例 更 高 
据 计算  6 家 公司 的 平均 市 盈 率 约 为 78 1 倍  比 上 一 批 公司 83 6 倍 的 发行 市 盈 率 有所 降低 
相比 首 批 创业 板 公司  第二 批 创业 板 公司 首日 炒作 明显 降温  且 除 个别 股票 外  股价 近期 普遍 出现 调整 
不过  截至 2009年 12月 31日  创业 板 36 家 公司 平均 市 盈 率 为 105 38 倍  仍 远 高于 中小 板 51 01 倍 的 市 盈 率 
多 名 业内人士 指出  进入 2010年  随着 创业 板 持续 扩容  将 逐步 缓解 创业 板 股票 供需 矛盾  该 板块 齐 涨 共 跌 的 现象 将 逐渐 减弱  创业 板 股价 出现 分化 是 必然 趋势 
这种 趋势 下  如果 投资者 盲目 加入 炒 新 队伍  面临 的 风险 会 进一步 加大 
今后  只有 那些 成长 性 好  盈利 能力 强 的 企业 才 会 受到 资金 的 追 捧 
3 据 新华社 电 国务院 总理 温家宝 7日 在 江苏省 常州市 调研 时 强调  目前 房地产 市场 调控 仍然 处在 关键 时期  调控 任务 还 很 艰巨 
必须 坚定不移 做 好 调控 工作  把 抑制 房地产 投机 投资 性 需求 作为 一 项 长期 政策 
二 季度 全国 地价 环 比 微升 7日 上午  温家宝 来到 常州市 飞龙 新 苑 小区 看望 居民  并 与 省  市 保障 性 住房 建设  管理  质量 监督 等 单位 负责人 座谈 
温家宝 说  经过 多年 努力  房地产 市场 调控 取得 了 一定 成效 
值得 注意 的 是  二 季度 全国 主要 监测 城市 地价 出现 环 比 微升  6月份 一些 城市 新建 住宅 价格 出现 环 比 上涨  目前 房地产 市场 信息 比较 混乱  市场 对 房价 走势 的 预期 出现 一些 变化  群众 普遍 担心 房价 反弹 
温家宝 强调  进一步 做好 调控 工作  要 把握 好 以下 几 个 方面  一 要 继续 坚决 抑制 投机 投资 性 需求  防止 变相 放松 购房 政策  防止 不 实 信息 炒作 误导 
要 把 抑制 房地产 投机 投资 性 需求 作为 一 项 长期 政策 
继续 严格 实施 差别化 住房 信贷  税收 政策 和 住房 限 购 措施 
加强 市场 监管  对 涉及 违规 骗取 购房 资格 的 开发 企业  中介 机构 和 个人  要 严肃 查处 
制止 纠正 地方 变相 放松 房 市 调控 对 有 地方 出台 或 变相 放松 房地产 市场 调控 政策 的  要 有 针对性 地 及时 制止 纠正 
同时  抓紧 研究 推进 房地产 税收 制度 改革  加快 建立 健全 房地产 市场 调控 的 长效 机制 和 政策 体系 
要 毫不动摇 地 继续 推进 房地产 市场 各项 调控 工作  促进 房价 合理 回归  决不能 让 房价 反弹  造成 功亏一篑 
二 要 采取 措施  积极 引导 和 支持 房地产 企业 调整 产品 结构  增加 普通 商品房 供给  满足 合理 的 自 住 性 需求 
三 要 继续 稳步 推进 保障 性 安居工程 建设  尽快 形成 有效 供给 
今年 上半年 保障 性 住房 已经 开工 470万 套  基本 建成 260万 套  相关 工作 正在 平稳 推进 
各 地区 要 积极 拓宽 筹资 渠道  加快 用地 审批 和 供应  吸引 多元 投资 主体 参与 建设  确保 开工 和 建设 任务 顺利 完成 
合理 确定 公 租房 租金 水平 
楼市 分析 1 楼市 回暖 但 不 会 大 涨 近期  我国 楼市 普遍 呈 回暖 迹象  一二 线 城市 尤为 明显 
深圳 出现 久违 的 千 人 排队 购房 场面  北京 6月 二手 房 成交 创 限 购 以来 新 高  武汉 6月 商品房 销量 创 20 个 月 以来 最高 

我 爱 我 家 房地产 经济 公司 市场 研究 部 经理 李琛 认为  受 央行 降息 等 货币 政策 刺激  以及 开发商  以 价 换 量  策略 吸引  自 住 购房 需求 正在 释放  支撑 了 本 轮 成交 放 量 
楼市 回暖 后   价 随 量 涨  成为 人们 普遍 担心 的 问题 
中国 房地产 指数 研究院 调查 数据 显示  今年 6月 全国 100 个 城市 新建 住宅 均 价 比 5月 上涨 0 05%  结束 了 连续 9 个 月 的 环 比 下跌 态势 
那么 未来 房价 会 明显 上涨 吗 
专家 普遍 认为  尽管 近期 房价 发生 波动  短期 内 不 会 大幅 上涨 
住房 和 城乡 建设部 政策 研究 中心 主任 秦虹 否定 了  房价 已经 出现 较 快 增长  的 说法  并 指出 当前 政策 条件 下  为 卖 而 买 的 投机性 需求 进入 市场 的 动力 不 大  只要 坚持 对 第三 套房 不 贷款  坚持 把 投机 买房 的 杠杆 去掉  剩下 的 就 是 合理 住房 需求 
2 调控 长效 机制 亟待 建立 本轮 房地产 调控 政策 实施 两 年 来  约 50 个 城市 采取 了 住房 限 购 措施  加之 差别化 信贷 政策  考核 问 责 机制 等  调控 时间 之 长  力度 之 大  前所未有 
专家 普遍 认为  这 一 轮 调控 是 有效 的  但 也 应 尽早 考虑 长久 之 计 
近 一时 期  随着 楼市 重新 回暖  开发商 借机 造 势  投资 性  投机性 需求 蠢蠢欲动  一些 地方 政府 出现 了 放松 调控 的 倾向 

很多 人 担心  本轮 房地产 调控 政策 告一段落 后  很 可能 出现 新 一 轮  炒 房 热  
 短期 内 采取 行政 干预 措施 是 不得已而为之  长期 来 看  不 能 靠 限 购 来 压抑 需求  控制 房价 
否则  行政 干预 一 取消  房地产业 又 会 出现 泡沫 化 
 财政部 财政 科学 研究所 所长 贾康 指出  应 抓紧 着手 建立 针对 房地产 市场 的 长效 调控 机制 
贾康 认为  长效 调控 机制 的 核心 是  双轨 统筹  —— 在  保障 轨  上  政府 牵头 加大 保障 房 供给  托 起 底 端 需求  在  市场 轨  上  由 开发商 提供 商品房  满足 更 高 层次 需求  政府 主要 管 规划 和 税收 等 
