梁/nr1教授/n说/v：/wp他们/rr有/vyou自己/rr的/ude1侦查/vn和/cc审判/vn机构/n。/wj
白景玉/nr打断/v大家/rr的/ude1讨论/vn，/wd用/p一/m种/q斩钉截铁/al的/ude1语气/n说/v：/wp这个/rz案子/n以后/f别/d再/d说/v了/y。/wj
大家/rr开始/v沉默/an，/wd刁爱青/nr案/ng，/wd也许/d成/v了/ule一个/mq谜/n，/wd永远/d也/d无法/v解开/v。/wj
特/ag案/ng组/n踏/v上/vf了/ule新/a的/ude1征程/n，/wd新/a的/ude1地狱/n之/uzhi旅/n！/wt
吃/v屎/n少妇/n案/ng发生/v在/p寿/ng焘/nr1县/n，/wd地处/v黄河/ns三角洲/n，/wd是/vshi一个/mq国家级/b贫困县/n。/wj
该县/r经济/n落后/a，/wd默默无闻/vl，/wd但是/c县/n刑警/n大队/n却/d有/vyou一个/mq传奇/n人物/n，/wd此人/r姓/v高/a，/wd是/vshi个/q法医/n，/wd他/rr是/vshi国内/s大便/n鉴定/vn研究/vn领域/n的/ude1专家/n，/wd外/f省/n市/n发生/v大案要案/nl需要/v对/p粪便/n进行/vx鉴定/vn的/ude1时候/n，/wd往往/d就/d会/v请/v他/rr出山/vi，/wd几/m年/qt来/f，/wd他/rr曾经/d破获/v过/uguo几/m起名/vi震/vi全国/n的/ude1案子/n。/wj
特/ag案/ng组/n到达/v寿/ng焘/nr1县/n之后/f，/wd受到/v了/ule公安局/n领导/n的/ude1热情/an接待/vn，/wd苏眉/nr觉得/v这个/rz县城/n的/ude1警察/n很/d土气/a，/wd很多/m警察/n都/d穿/v着/uzhe布鞋/n，/wd手机/n还/d弄/v个/q套/q挂/v在/p腰/n间/f，/wd说话/vi粗俗/an，/wd嗓门/n特/ag高/a像/n是/vshi吵架/vi。/wj
梁/nr1教授/n特意/d要求/v县/n刑警队/n的/ude1大便/n专家/n协助/vd工作/vi。/wj
公安局/n领导/n和/cc特/ag案/ng组/n一起/s去/vf了/ule解剖/vn室/n，/wd大便/n专家/n不/d在/p，/wd找/v遍/v了/ule其他/rzv科室/n，/wd此/rzs人/n也/d不见/v踪影/n。/wj
公安局/n领导/n急/v了/y，/wd给/p大便/n专家/n打电话/vi，/wd竟然/d不/d接/v，/wd公安局/n领导/n说/v，/wd此/rzs人/n有点/d持/v才/d自傲/a，/wd先/d吃/v饭/n吧/y，/wd咱们/rr一边/d吃/v饭/n，/wd一边/d谈谈/v案情/n。/wj
大家/rr走/v进/vf公安局/n食堂/n，/wd竟然/d在/p厨房/n里/f发现/v了/ule大便/n专家/n的/ude1身影/n，/wd他/rr把/pba筐/n里/f的/ude1蔬菜/n分门别类/dl码/v放到/v桌子/n上/f，/wd正/d忙/a的/ude1不可开交/al，/wd解剖/v工具/n也/d散落/v在/p桌上/s。/wj
公安局/n领导/n介绍/v说/v，/wd老/a高/a，/wd这/rzv几/m位/q是/vshi特/ag案/ng组/n警员/n，/wd帮/v咱们/rr破案/vi的/ude1。/wj
大便/n专家/n头/n也/d不/d回/v，/wd嘀咕/v道/qv，/wd在/p我/rr眼里/s，/wd就/d是/vshi几/m个/q菜/n鸟/n。/wj
画/v龙/n干咳/vi了/ule两/m声/qv，/wd感觉/v自己/rr有/vyou点/qt发烧/vi，/wd可能/v是/vshi感冒/vi了/y，/wd他/rr看到/v桌上/s放/v着/uzhe一个/mq温度计/n，/wd就/d拿/v起/vf来/vf想/v测量/v一下/mq自己/rr的/ude1体温/n。/wj
大便/n专家/n瞥/v了/ule一/m眼/q说/v，/wd这个/rz温度计/n是/vshi用来/v测量/vn尸体/n温度/n的/ude1，/wd一般/ad是/vshi插入/v尸体/n的/ude1*/w*/w*/w。/wj
大家/rr都/d笑/v起来/vf，/wd画/v龙/n有些/rz尴尬/an，/wd慢慢/d地/ude2将/p温度计/n放下/v。/wj
公安局/n领导/n邀请/v特/ag案/ng组/n先/d吃/v饭/n，/wd同时/c厉声/d要求/v大便/n专家/n放下/v手里/s的/ude1活/n。/wj
吃饭/vi的/ude1时候/n，/wd大便/n专家/n向/p梁/nr1教授/n介绍/v说/v，/wd我/rr已经/d做/v过/uguo试验/vn，/wd用/p显微镜/n进行/vx了/ule纤维/n比/p对/p，/wd我们/rr这个/rz穷/a县城/n的/ude1人/n，/wd不/d会/v拉/v出/vf这么/rz高级/a的/ude1屎/n…/ws
…/ws
苏眉/nr刚/d夹/v起/vf一/m块/q鱼片/n，/wd皱/v着/uzhe眉头/n又/d将/p筷子/n放/v了/ule下来/vf。/wj
公安局/n领导/n告诉/v特/ag案/ng组/n，/wd死者/n身份/n已经/d查明/v，/wd那/rzv遇害/vi少妇/n名叫/v陈露/nr，/wd是/vshi县/n城关/ns镇/n中学/n的/ude1语文/n老师/n，/wd性格/n保守/a内向/a，/wd略/d有/vyou几/m分/qt姿色/n。/wj
大家/rr正/d待/vi举杯/vi，/wd大便/n专家/n又/d详细/a的/ude1讲解/vn了/ule死者/n陈/nr1露/v胃/n内/f的/ude1屎/n的/ude1成分/n，/wd特/ag案/ng组/n四/m人/n只好/d放下/v酒杯/n，/wd仔细/ad倾听/v。/wj
大便/n专家/n说/v：/wp那些/rz大便/n，/wd都/d是/vshi山珍海味/nl啊/y，/wd过/vf了/ule咽喉/n，/wd就/d成/v了/ule大便/n。/wj
检验/v结果/n显示/v，/wd里面/f有/vyou许多/m尚未/d消化/v的/ude1荷兰/nsf大/a老鼠/n肉/n、/wn法国/nsf大/a蜗牛/n肉/n，/wd蔬菜/n有/vyou西/b兰花/n，/wd哦/e，/wd对/p了/y，/wd还/d有/vyou一点/mq点/n豌豆/n苗/n，/wd我们/rr这个/rz破/a县城/n，/wd还/d真/d找/v不到/v能/v做/v得/ude3出/vf这些/rz山珍海味/nl的/ude1高档/b饭店/n来/vf。/wj
包/v斩/v说/v：/wp难道/d，/wd死者/n是/vshi从/p外地/s吃/v的/ude1屎/n？/ww
公安局/n领导/n说/v：/wp会/v不/d会/v是/vshi路过/v的/ude1人/n啊/y，/wd路过/v咱们/rr县/n呢/y，/wd在/p那/rzv茅坑/n里拉/n了/ule一/m坨/q高档/b的/ude1屎/n，/wd凶手/n又/d逼迫/v陈露/nr老师/n吃/v下去/vf。/wj
大便/n专家/n说/v：/wp案/ng发/v现场/s的/ude1茅坑/n里/f，/wd没有/d发现/v这种/r屎/n，/wd总/d不/d可能/v吃/v的/ude1一干二净/al吧/y，/wd我/rr可是/c勘验/v了/ule每/rz一个/mq茅坑/n。/wj
梁/nr1教授/n说/v：/wp为什么/ryv你们/rr会/v认定/v凶手/n逼迫/v死者/n吃/v屎/n呢/y。/wj
公安局/n领导/n说/v：/wp肯定/v是/vshi凶手/n威胁/v她/rr吃/v的/ude1。/wj
梁/nr1教授/n说/v：/wp还有/v一/m种/q可能/n。/wj
公安局/n领导/n说/v：/wp什么/ry？/ww
梁/nr1教授/n说/v：/wp死者/n是/vshi自愿/vd吃/v屎/n…/ws
…/ws
第一/m卷/q吃/v屎/n少妇/n第二/m章/q大便/n专家/n公安局/n领导/n说/v：/wp哈哈/o，/wd谁/ry会/v愿意/v吃/v屎/n啊/y，/wd开/v玩笑/n吧/y。/wj
大便/n专家/n说/v：/wp我/rr就/d尝/v过/uguo一点/mq点/n，/wd出于/v研究/vn的/ude1需要/n…/ws
…/ws
你们/rr，/wd怎么/ryv不/d吃/v菜/n啊/y？/ww
大便/n专家/n开始/v兴致勃勃/dl的/ude1说/v起/vf自己/rr研究/v大便/n的/ude1往事/n，/wd一/m桌/q人/n受/v不/d了/ule这个/rz话题/n，/wd渐渐/d离/v席/qt而/cc去/vf，/wd只/d剩下/v包/v斩/v还/d在/p认真/a的/ude1听/v。/wj
大便/n专家/n说/v中国/ns有/vyou一个/mq村子/n，/wd流行/v饮/v尿/n治病/vi，/wd日本/nsf的/ude1饮食/n文化/n中/f就/d有/vyou大便/n制作/v的/ude1食品/n，/wd比较/d著名/a的/ude1有/vyou“/wyz兔/ng丸/ng肠/n”/wyy和/cc“/wyz金/ng粒/ng餐/ng”/wyy。/wj
兔/ng丸/ng肠/n的/ude1特点/n在于/v原汁原味/al，/wd就是/d取/v下/vf野兔/n的/ude1肠子/n后/f不/d做/v清理/v，/wd保留/v野兔/n肠/n中/f半/m消化/v的/ude1食物/n，/wd粪便/n和/cc消化/v液/ng，/wd直接/ad将/p肉/n糜/nr1灌/ng入/v。/wj
这样/rzv吃/v起来/vf，/wd会/v有/vyou青草/n的/ude1香味/n。/wj
因为/c制作/v工艺/n复杂/a，/wd当地/s只/d有/vyou很/d上档次/vl的/ude1宴席/n才/d会/v上/vf这/rzv道/qv菜/n。/wj
日本/nsf医生/n认为/v，/wd这/rzv道/qv菜/n不但/c口味/n特别/d，/wd而且/c富有/v营养/n，/wd因为/c兔子/n吃/v的/ude1都/d是/vshi绿色/n食品/n，/wd实际/n很/d干净/a。/wj
金/b粒/ng餐/ng就/d是/vshi油/n炸/v美女/n大便/n。/wj
日本/nsf提供/v人体/n盛/a的/ude1高档/b餐厅/n有时/d也/d会/v提供/v金/ng粒/ng餐/ng。/wj
这种/r特殊/a食品/n的/ude1制作/vn过程/n冗长/a而/cc复杂/a，/wd专门/d挑选/v一些/mq美/b少女/n长期/d食用/v选择性/n的/ude1食物/n，/wd例如/v草药/n和/cc水果/n，/wd少女/n每天/r严格/ad按照/p要求/n运动/vn喝/vg水/n吃/v饭/n起居/n。/wj
一个/mq星期/n后/f，/wd由/p专人/n选取/v她们/rr中/f最/d符合/v要求/n的/ude1排泄物/n作为/p原料/n，/wd再/d佐/vg以/p各种/rz名贵/a的/ude1调料/n锅/n蒸/v油/n炸/v，/wd之后/f按照/p严格/a的/ude1工艺/n标准/n进行/vx造型/n，/wd做成/v中药/n丸子/n那样/rzv一/m粒/q一/m粒/q的/ude1形状/n和/cc大小/n，/wd金灿灿/z的/ude1，/wd表面/n要/v看/v起来/vf极其/d光滑/a，/wd也/d有些/rz则/d需要/v按照/p客人/n的/ude1指定/vn做成/v大便/n的/ude1形状/n。/wj
包/v斩/v怯生生/z的/ude1问道/vi：/wp这个/rz，/wd金/ng粒/ng餐/ng，/wd你/rr吃/v过/uguo吗/y？/ww
大便/n专家/n摇摇/v头/n说/v：/wp吃/v不/d起/vf，/wd据说/v，/wd金/ng粒/ng餐/ng号称/v日本/nsf最/d贵/a的/ude1一/m道/qv菜/n，/wd吃/v一/m顿/qv金/b粒/ng餐/ng折合/v人民币/n大约/d30万/m元/q，/wd不/d是/vshi绝对/a的/ude1富豪/n根本/a消费/vn不/d起/vf，/wd还/d需要/vVIP/x会员/n特别/d定制/v。/wj
