2011年 9月 21日  王晶 发布 题为 《 申 科 股份 [ 7 9810 07% 股 吧 研 报 ] 顺利 过 会  海域 创 投 项目 再 有 收获 》 的 研究 报告  报告 称 申 科 股份 发行价 有望 达到 12 元  睿银 持有 申 科 300万 股 的 账面 价值 将 达到 0 36亿 元 
考虑 到 海 越 持有 睿银 22% 的 股权  对应 权益 价值 800万 元 
并且  王晶 预言 海 越 股份 在 创 投 方面 已经 逐步 进入 了 丰收期  从 2008年 开始 所 投 的 38 个 项目 已 有 3 家 上市  与 赞宇  申科 同 时期 入股 的 企业 有 30 几 家  报告 给 出海 越 股份 2011年 净利润 预测 是 5 14亿  与 实际 情况 相差 了 18 倍 之 遥 
不巧 的 是  在 接下来 一个 季度 的 时间 了  海 越 股份 并 没有 退出 所 投 项目  它 的 年 净利润 仅 有 2777万 元 
直到 2012年 1月份  海 越 股份 全资 子公司 浙江 海 越 创业 投资 公司 以 14500万 元 价格 出让 众 泰 控股 3 79% 股权  这笔 收入 迟到 了 很 久 
截至 2012年 8月 16日  王晶 和 张 正 华 再也 没有 更 新 关于 海 越 股份 的 研究 报告 
李 荣耀 裴云鹏 任 静 集体 高估 山西 三维 看 不 透 的 公司 是 个 谜  分析 师 意见 不一  稳健 的 公司 却 被 广泛 押 注  只是 对 利润 预 判  分析 师 还是 有  拔苗助长  的 嫌疑 
据 理财 周报 统计  研 报 净利润 预测 偏差 平均 倍数 排 在 前 20 位 的 分析 师  有 5 位 入 榜 原因 是 对 山西 三维 的 误判  包括 招商 证券 [ 10 010 40% 股 吧 研 报 ] 李 荣耀  山西 证券 [ 0 000 00% 股 吧 研 报 ] 裴云鹏  国泰 君安 任 静 等 
2011年  山西 三维 归属 母公司 净利润 为 7158万 元  比 2010年 下降 3 79%  如果 再 将 时间 往 前 推移  2009年 净利润 为 1064 18万 元 
总的来说  这家 公司 业绩 表现 相对 没什么 大起大落  可 上述 三 名 分析 师 缘何 分别 给 出 相当 于 实际 净利润 5 倍  4 倍  3 倍 的 盈利 预测 
去年  李 荣耀 共 发布 了 关于 山西 三维 的 4 份 研 报  最新 一 份 发表 于 4月份  题为 《 醋酸 价格 继续 上涨  4月 涨幅 达 45% 》 
报告 称 BDO ( 三维 ) 价格 上 调 至 25000 元 / 吨  并且 价差 同步 提升  与 2006年 - 2007年 景气 高 点 时 基本 一致  因而 维持 之前 对 BDO 将 进入 景气 周期 的 判断 
而 裴云鹏 则 在 7月份 的 报告 《 风物 长 宜 放眼 量  行车 坐待 水 云 升 —— 石化 化工 2011年 中期 策略 》 中 表示  原油 价格 上涨 之 势 确定 并且 达到 一定 高度 之后  原油 价格 和 消费 需求 两者 在 生产 链 上 一 上 一 下 的 拉动  使 得 精细 化学品 的 需求量 和 价格 都 有 进一步 发展 的 空间 
建议 关注 DMF  BDO 生产商 江山 化工 [ 8 20-0 12% 股 吧 研 报 ]  山西 三维 等 
这 两 份 报告 分别 给 出 山西 三维 年 净利润 的 预测 为 3 66亿  2 98亿 元  而 2010年 山西 三维 年 净利润 7000 多 万  这么 高 倍数 的 净利润 预测 成 了 空中楼阁 
时间  2012-08-17 > 中国 煤炭 企业 排名 前 三 的 山西焦煤集团 建起 了 生猪 屠宰 基地  世界 500 强 之一 的 山西 煤炭 运销 集团 谋划 着  卖 菜  

今年 以来  受 宏观 经济 增速 回落 影响  套 在 煤炭 大 省 山西 头 上 的  资源 诅咒  不断 缩 紧  部分 企业 巨头 不堪 压力 搞 起  副业  
大 企业  不务正业  的 做法  顿时 引起 舆论 关注 
为此  山西省 政府 8月 10日 下发 通知  要求 12 家 省属 国企 剥离  副业   集中 力量 做 大 做 强 主业 
主 副业 之 争 的 背后  反映 的 其实 是 煤炭 大 省 山西 为 破解  资源 诅咒  所 做出 的 探索 与 思考  是  一 煤 独 大   还是  多 元 发展  
 多 元 发展   又 该 如何 处理 传统 产业 与 新兴 产业 之间 的 关系 
作为 中国 第9 个 国家 综合 配套 改革 试验区  山西 承担 着 探索 中国 资源型 经济 转型 的 重任 
长期以来   一 煤 独 大  一直 是 山西 的 产业 标签 
60年 挖 煤 110亿 吨  挖 煤 产生 的 煤炭 依赖  使 山西 在 肇 始于 2008年 的  金融 海啸  中 遭受 重创 
2009年 初   资源 诅咒  降临 山西  一 季度 地区 生产总值 增长 － 8 1%  成为 中国 有 季度 核算 以来 的 首 个 负 增长 
而 今年 以来  煤炭 价格 持续 走 低  焦化 行业 整体 亏损  在 煤炭 市场 的  黄金 十 年  或 将 终结 之际  山西 经济 却 顶住 了 下行 压力  在 煤炭  电力 工业 利润 增幅 下降  冶金  焦炭 工业 出现 净 亏损 的 条件 下  上半年 地区 生产总值 同比 增长 10 1%  高于 全国 平均 2 3 个 百分点 
 山西 经济 之所以 能 保持 平稳 较 快 发展  新兴 产业 功不可没 
 山西省 统计局 副 局长 翟振新 表示  在 复杂 多变 的 发展 环境 下  山西 资源性 经济 结构 转型 的 成效 得到 显现 
数据 显示  今年 以来  山西 装备 制造  食品  建材 工业 增加值 增速 均 快 于 工业 平均 增速  这 三 大 新兴 产业 对 山西 工业 经济 的 贡献率 超过 12% 
此外  化工  机电  食品 工业 实现 利润 是 传统 电力 工业 的 3 倍 多 
为 避免  资源 诅咒  再次 来 袭  山西 省委 书记 袁 纯 清早 在 两 年 前 就 部署 了  以 煤 为 基  多 元 发展  的 产业 结构 调整 规划  明确 要求 加快 新兴 产业 的 发展 步伐 
至 2011年  山西 新兴 产业 投资 增长 49 9%  建材 和 食品 工业 合计 对 工业 经济 贡献率 已经 超过 焦炭  电力 两 大 传统 行业  先进 装备 制造业 成为 继 煤炭  冶金 之后  拉动 山西 工业 经济 增长 的 第三 大 动力 
随着 新兴 产业 规模 的 不断 扩大  山西  一 煤 独 大  的 产业 格局 正在 发生 改变 
但 山西 部分 官员 仍 态度 谨慎  山西省 政府 发展 研究 中心 主任 李劲民 分析 道  尽管 资源性 经济 转型 发展 的 成果 正在 逐步 显现  但 传统 产业 对 山西 地区 生产总值 的 贡献率 仍 在 70% 以上  煤炭 产业 还 占据 工业 的 半壁江山  经济 转型 的 任务 依旧 严峻 
