据 英国 《 卫 报 》 10月 21日 报道  上个月 伦敦 房屋 平均 要价 单 月 涨幅 超过 5 万 英镑 ( 约 合 人民币 50 万 元 )  英国 财务 大臣 奥斯本 ( GeorgeOsborne ) 的  购房 援助 计划  被 批 无助  不少 人 购房 时 仍 不 得 不 依靠 父母 垫 资 
英国 网络 房地产 代理商 Rightmove 称  10月 伦敦 房屋 要价 由 49 万 英镑 上涨 至 54 万 英镑  房价 增长 超过 10%  而 这 已经 成为 房价 不 稳定 增长 的 标志 
该 网站 还 调侃 到   这 就 意味着 你 买房 必须 要 靠 ‘ 爸 妈 银行 ’ 而 不 是 ‘ 奥斯本 大叔 援助 ’ 
 英国 首相 卡梅伦 7日 表示  政府 已 关注 到 近期 上涨 的 英国 房价 
对 此前 已 饱受 争议 的 贷款 融资 优惠 政策 即  购房 援助 计划   他 认为  此 措施 激活 了 银行 信贷 供应  活跃 了 英国 房地产 市场   该 计划 将 会 继续 进行 下去 
对于  购房 援助 计划  中 最 具 争议 的 第二 部分 条款  即  购房 者 购买 价值 不 超过 60 万 英镑 的 新建 房屋  贷款额 最高 可 达 全部 房价 的 95%  其中 15% 的 借款 由 政府 提供 担保   卡梅伦 解释 称  金融 危机 对 英国 银行业 造成 了 严重 打击  现在 的 按揭 市场 和 10年 前 繁荣 时期 大 不 一样  给 民众 的 购房 需求 造成 困难  对 此 政府 不 能 袖手旁观 
据悉  伦敦 住房 均 价 去年 上涨 2 8%  达到 34 5 万 英镑  逼近 纪录 
对于 数以百万计 的 英国 青年人 而言   爸 妈 银行  是 购买 首 套 住房 的 唯一 指望 
然而  经济 不景气  父母 手头 也 不 宽裕 
价 量 齐 升 的 南京 楼市 让 人 心 惊  一方面 房价 已 连续 上涨 十 多 个 月  另一方面  日 光盘  频 现  买房 要 靠 抢 
难道 楼市 真 的 像 很多 人 看到 的 那样  买房 人 都 觉得 便宜 而 去 抢 房 
日前 有 机构 作出 的 一 份 调查 显示  过半 购房 人 认为  当前 买房  很 吃力   有 15% 的 被 调查者 认为 已经  无法 承受  如今 的 房价 
现代 快 报 记者 马 乐乐 过半 购房 人  很 吃力   你 不 买 自 有 别人 买  如果 你 下次 买 还要 花 更 多 的 钱 
 前 两 天 在 江北 某 楼盘 售 楼 处  一 位 购房 人 这么 摇 头 说 
他 的 想法 颇 具有 代表性  房价 的 逼 空 式 上涨  将 越来越 多 的 购买力 裹挟 进 楼市  促进 楼市 的 火 越 烧 越 旺 
每周 都 会 出现 的 抢 房  或许 并 不 意味 着 人们 真 的 认为 房价 便宜  近日 南京 一 家 网站 作出 的 调查 显示  房价 的 上涨 已经 迫近 人们 的 购买力 极限 
从 家庭 收入 角度看 房价  你 觉得 购房 吃力 吗 
365 网 的 调查 显示  55% 的 购房 人 表示  房价 已经 严重 超出 了 收入  无法 再 承受 房价 上涨  目前 买房  很 吃力   25% 的 买房 人 认为  目前 状态 下  基本上 还 能 供 一 套 房子  15% 的 购房 人 则 表示 无法 承受 当前 的 房价  仅 有 5% 的 买房 人 认为  买房 很 轻松  
这样 残酷 的 比例 说明  楼盘  日光   开发商 轻松 揽 金 的 背后  往往 是 买房 人 痛苦 的 纠结 
事实上  这样 的 比例 与 买房 人 年龄 结构 也 是 分 不 开 的 
调查 显示  外来 人口 占据 买房 人 的 主力军  51 82% 的 买房 性质 为  定居 买房   8 2% 的 需求 为  结婚 买房  
房 市 也 有  马 太 效应  现代 快 报 记者 统计 发现  到 目前 为止  南京 今年 新房 二手 房 的 成交量 已经 达到 了 惊人 的 14 5 万 套 
按照 往年 的 数据 分析  南京 每年 新房 二手 房 的 成交量 大约 在 10 万 套 上 下 较为 合理 
而 今年 才 过 了 9 个 半 月  就 已经 达到 了 正常 年份 的 145%  可以 想象 如果 到 年底 将 会 远远 超出 正常 年份 
究竟 是 什么 人 在 买房 
河 西 一 家 高端 楼盘 的 营销 负责人 说   我 观察 发现  现在 还 在 买 我们 房子 的 人  很多 都 是 5—8年 前 买房 的 人  他们 充分 享受 到 了 之前 房价 上涨 的 实惠  因此 具备 换 房 或 新 购房 的 经济 实力  而 他们 是 房价 上涨 的 获利 者  也 大多 相信 房价 还要 继续 上涨  所以 会 继续 买房 
南京 一 家 地产 研究 机构 人士 表示  随着 投资 人群 的 增加  越来越 多 的 成交量 开始  与 普通 的 刚 需 改善 无关   这 无疑 会 让 人 为 楼市 的 后市 担忧 
 房价 毕竟 还 是 要 与 收入 挂钩 的  当前 入 市 的 买房 人 还 是 需要 多 一 份 谨慎 
 近日  据 国家 统计局 新闻 发言人  综合 司 司长 盛来运 介绍  房价 的 表现 出现 了 分化  一线 城市 房价 涨 得 更 多  二三 线 城市 涨幅 不 是 那么 大  进一步 完善 房地产 调控 的 政策 和 机制 
