第二/m条/q按/p固定资产/nl分类目录/n分类/vd规定/v，/wd仪器/n仪表/n、/wn机电设备/n、/wn电子设备/n、/wn印刷/vn设备/n、/wn医疗/n器械/n、/wn文体/n设备/n、/wn标本/n模型/n（/wkz部分/n）/wky、/wn工具/n量具/n和/cc器皿/n、/wn行政/n办公设备/n等/udeng均/d属/v仪器/n设备/n管理范围/n。/wj
第三/m条/q仪器/n设备/n管理工作/n的/ude1主要/b任务/n是/vshi：/wm对/p仪器/n设备/n的/ude1申请/n、/wn审批/vn、/wn购置/v、/wn验收/vn、/wn使用/v、/wn维护/v、/wn维修/vn、/wn报废/vn、/wn处置/v等/udeng全/a过程/n管理/vn，/wd以/p促进/v仪器/n设备/n的/ude1优化/vn配置/vn，/wd维护/v资产/n的/ude1安全/an、/wn完整/a，/wd充分发挥/n其/rz使用/v效益/n，/wd更/d好/a地/ude2为/v教学/vn、/wn科研/n等/udeng工作/vn服务/vn。/wj
第二/m章/q管理/vn体制/n第四/m条/q按照/p统一/vn领导/n、/wn分级/v负责/v、/wn归口/vd管理/v和/cc管用/a结合/v的/ude1原则/n，/wd仪器/n设备/n管理/vn实行/v校/ng、/wn院/n（/wkz系/n）/wky二/m级管理/n。/wj
第五/m条/q凡/d单价/n人民币/n500/m元/q（/wkz含/v）/wky以上/f的/ude1一般/a设备/n和/cc单价/n人民币/n800/m元/q（/wkz含/v）/wky以上/f的/ude1专用/vn设备/n均/d属于/v学校/n统管/v仪器/n设备/n，/wd单价/n10/n万/m元/q（/wkz含/v）/wky以上/f的/ude1为/p学校/n统管/v贵重/a仪器/n设备/n。/wj
一般/a设备/n单价/n不足/v500/m元/q、/wn专用/vn设备/n单价/n不足/v800/m元/q的/ude1为/p低值/n仪器/n设备/n。/wj
第/m六/m条/q学校/n统管/v仪器/n设备/n由/p财务/n处/vi负责/v资金/n总账/n管理/vn，/wd由/p资产/n设备/n管理处/n按/p固定/a资产/n管理/vn规定/n，/wd负责/v仪器/n设备/n的/ude1归口/vn管理/vn和/cc实物/n总账/n管理/vn。/wj
各/rz院/n（/wkz系/n）/wky等/udeng作为/v二/m级管理/n单位/n，/wd负责/v本/rz单位/n学校/n统管/v仪器/n设备/n和/cc低值/n仪器/n设备/n的/ude1建账/vn管理工作/n。/wj
财务/n独立/a单位/n应/v定期/d分别/d向/p资产/n设备/n管理处/n和/cc财务/n处/vi报送/v本/rz单位/n学校/n统管/v仪器/n设备/n的/ude1实物/n总账/n和/cc资金/n总账/n。/wj
第/m七/m条/q仪器/n设备/n各/rz二/m级管理/n单位/n对/p本/rz单位/n仪器/n设备/n的/ude1使用/vn与/cc管理/vn负有/v直接/ad管理/v责任/n，/wd必须/d有/vyou一/m名/q领导/n分管/v仪器/n设备/n工作/vn，/wd同时/c配备/v具有/v一定/b专业/n知识/n和/cc计算机基础/n、/wn责任心/n强/a的/ude1专职/b或/c兼职/vn管理人员/n，/wd具体/ad负责/v本/rz单位/n的/ude1仪器/n设备/n管理/vn的/ude1日常/b工作/vn。/wj
各/rz单位/n仪器/n设备/n管理人员/n应/v保持/v相对/d稳定/a，/wd工作/vn变动/vn时/ng要/v有/vyou严格/a的/ude1交接/vn手续/n。/wj
第三/m章/q仪器/n设备/n的/ude1购置/v第八/m条/q实行/v仪器/n设备/n购置/v论证/vn、/wn审批/vn制度/n。/wj
凡/d产权/n属于/v学校/n的/ude1仪器/n设备/n，/wd无论/c使用/v何种/r经费/n购置/v，/wd均/d应/v按程序/n进行/vx申报/vn和/cc审批/vn。/wj
第/m九/m条/q使用/vn单位/n配备/v仪器/n设备/n时/ng，/wd应/v依照/p教学/n、/wn科研/n、/wn行政/n办公/vn等/udeng方面/n的/ude1实际/n需要/v，/wd提出/v购置/v计划/n或/c建设/v方/q案/x，/wd经/p项目/n主管/vn单位/n（/wkz或/c经费/n主管/vn部门/n）/wky同意/v,/wd按/p以下/f程序/n报批/v：/wm（/wkz一/m）/wky购置/v单价/n在/p人民币/n5/f万/m元/q以下/f的/ude1一般/a仪器/n设备/n，/wd由/p各/rz单位/n负责/v审批/vn。/wj
（/wkz二/m）/wky购置/v单价/n在/p人民币/n5/f万/m元/q（/wkz含/v）/wky以上/f10/n万/m元/q以下/f的/ude1仪器/n设备/n，/wd由/p项目/n主管/vn单位/n（/wkz或/c经费/n主管/vn单位/n）/wky审批/vn。/wj
（/wkz三/m）/wky购置/v单价/n在/p人民币/n10/n万/m元/q（/wkz含/v）/wky以上/f贵重/a仪器/n设备/n，/wd实行/v分级/v论证/vn制度/n。/wj
单价/n不足/v40/m万/m元/q时/ng，/wd使用/v单位/n（/wkz经/p论证/v后/f）/wky提出/v可行性/n论证/vn报告/n，/wd由/p项目/n主管/vn单位/n（/wkz或/c经费/n主管/vn单位/n）/wky按程序/n组织/v专家/n论证/vn后/f，/wd报/v项目/n主管/vn校长/n审批/vn；/wf单价/n大于/v40/m万/m元/q时/ng，/wd在/p使用/v单位/n及/cc经费/n或/c项目/n主管/vn单位/n调研/vn、/wn论证/v的/ude1基础/n上/f，/wd由/p学校/n组织/v专家/n论证/vn、/wn由/p项目/n主管/vn校长/n审批/vn。/wj
第/m十/m条/q仪器/n设备/n的/ude1购置/v按/p《/wkz中华人民共和国/ns政府/n采购/vn法/n》/wky及/cc陕西省/ns政府/n采购/vn有关/vn规定/n执行/vn。/wj
因/p紧急/a或/c特殊/a需要/n由/p学校/n购置/v的/ude1，/wd应/v有/vyou严格/a的/ude1审批/vn管理程序/n。/wj
第/m十一/m条/q经/p批准/v由/p学校/n执行/v的/ude1采购/vn项目/n，/wd由/p资产/n设备/n管理处/n按/p学校/n有关/vn规定/n负责/v组织/n实施/vn。/wj
第/m十二/m条/q仪器/n设备/n到/v货/n后/f，/wd其/rz验收/vn工作/vn应/v按/p以下/f程序/n进行/vx：/wm（/wkz一/m）/wky购置/v单价/n在/p人民币/n5/f万/m元/q以下/f的/ude1一般/a仪器/n设备/n，/wd由/p使用/v单位/n自行/d组织/v验收/vn。/wj
（/wkz二/m）/wky购置/v单价/n在/p人民币/n5/f万/m元/q（/wkz含/v）/wky以上/f10/n万/m元/q以下/f的/ude1仪器/n设备/n，/wd由/p使用/v单位/n会同/v资产/n设备/n管理处/n共同/d组织/v验收/vn。/wj
（/wkz三/m）/wky购置/v单价/n在/p人民币/n10/n万/m元/q（/wkz含/v）/wky以上/f贵重/a仪器/n设备/n的/ude1验收/vn，/wd在/p使用/v单位/n验收/vn的/ude1基础/n上/f，/wd由/p学校/n组织/n验收/vn。/wj
第/m十三/m条/q仪器/n设备/n验收/v合格/vi后/f，/wd由/p使用/v单位/n填写/v固定资产/nl登记卡/n，/wd到/v资产/n设备/n管理处/n完成/v固定资产/nl建账/vn手续/n后/f，/wd方可/nr在/p财务/n处/vi办理/v财务/n报账/vn手续/n。/wj
第/m四/m章/q仪器/n设备/n的/ude1使用/vn与/cc管理/vn第十四/m条/q仪器/n设备/n使用/v人员/n应/v树立/v资产/n的/ude1安全/an、/wn完整/a意识/n，/wd服从/v单位/n及/cc仪器/n设备/n管理人员/n管理/vn，/wd做好/v仪器/n设备/n的/ude1正确/ad使用/v、/wn维护/v、/wn保养/vn及/cc实验/vn技术/n研发/v工作/vn，/wd最/d大限度/n地/ude2发挥/v其/rz使用/v效益/n。/wj
第/m十五/m条/q仪器/n设备/n使用/v人/n因/p工作/vn变动/vn时/ng，/wd本人/rr和/cc单位/n应/v及时/ad办理/v仪器/n设备/n的/ude1移交/vn手续/n，/wd由/p所在/n单位/n出具/v仪器/n设备/n移交/v完毕/vi的/ude1证明/n后/f方/d可/v办理/v其他/rzv手续/n。/wj
第/m十六/m条/q仪器/n设备/n管理人员/n应/v做好/v本/rz单位/n仪器/n设备/n账/n、/wn物/ng、/wn卡管理/n工作/vn，/wd做到/v账/n、/wn物/ng、/wn卡/n相符/vi；/wf协助/v本/rz单位/n及/cc仪器/n设备/n使用/v人员/n做/v好/a仪器/n设备/n的/ude1保养/vn和/cc维护/v，/wd做好/v防潮/vn、/wn防尘/vn、/wn防火/vn、/wn防震/vn、/wn防锈/vi、/wn防腐蚀/n等/udeng工作/vn，/wd以/p保证/v学校/n资产/n的/ude1完整/an与/cc安全/an。/wj
贵重/a仪器/n设备/n和/cc计量仪器/n设备/n要/v定期/b检测/vn、/wn校验/v、/wn标定/v，/wd确保/v其/rz性能/n和/cc精度/n。/wj
第/m十七/m条/q凡/d产权/n属于/v学校/n的/ude1仪器/n设备/n（/wkz包括/v自制/v仪器/n设备/n）/wky，/wd都/d要/v建账/v、/wn建卡/v，/wd统一/ad编号/vi，/wd不得/vi滞留/v账/n外/f。/wj
第/m十八/m条/q单价/n10/n万/m元/q（/wkz含/v）/wky以上/f贵重/a仪器/n设备/n，/wd实行/v专人/n管理制度/n。/wj
要/v建立/v技术/n档/ng案/x，/wd要/v有/vyou严格/a的/ude1运行/vn操作程序/n和/cc使用/vn运行/vn记录/n。/wj
第/m十九/m条/q各/rz单位/n每年/r要/v进行/vx一/m次/qv仪器/n设备/n清查/vn，/wd保证/v账/n、/wn物/ng、/wn卡/n相符/vi。/wj
发现问题/n，/wd及时/ad整改/vi。/wj
第二十/m条/q仪器/n设备/n的/ude1互相/d借用/v，/wd应/v办理/v借用/v手续/n。/wj
仪器/n设备/n一律/d不得/vi借/v给/p校外/s单位/n或/c个人/n单独/d使用/v。/wj
由于/p协作/vn项目/n需要/v外/f携/v仪器/n设备/n时/ng，/wd携带/v人/n应/v经/p所在/n单位/n主管/vn领导/n同意/v，/wd并/cc办理/v登记手续/n；/wf贵重/a仪器/n设备/n须/d报/v资产/n设备/n管理处/n备/v案/x。/wj
第二十一/m条/q仪器/n设备/n除/p满足/v本校/r教学科研/n需要/v外/f，/wd在/p条件/n允许/v情况/n下/f，/wd鼓励/v开展/v校际/n和/cc跨/v地区/n、/wn跨/v行业/n的/ude1协作/vn共用/b及/cc对外/vn服务/vn，/wd努力/ad提高/v设备/n的/ude1使用/vn效益/n。/wj
