（/wkz2/b）/wky论文/n经/p国家/n新闻/n出版/vn行政/n主管/vn部门/n认可/vi的/ude1专业/n期刊/n和/cc报纸/n公开/ad发表/v，/wd且/c有/vyouCN/x刊号/n，/wd字数/n在/p3000/m字/n以上/f。/wj
收入/n论文集/n者/k，/wd同/p本条/r第/m（/wkz1/a）/wky款/n。/wj
（/wkz3/n）/wky未/d公开/ad出版/v的/ude1研究/vn报告/n须/d有/vyou实际/n采纳/v机构/n的/ude1有效/ad证明/v文件/n。/wj
5/b、/wn申报/vn参评/vn的/ude1学术/n成果/n，/wd必须/d经/p作者/n所在/n单位/n同意/v并/cc推荐/v，/wd并/cc附上/v推荐/v意见/n（/wkz见/v申报/vn书/n）/wky。/wj
不/d接受/v不/d经过/p单位/n推荐/v的/ude1个人/n申报/vn。/wj
二/m、/wn申报/vn截止时间/n：/wm9月/t6日/t。/wj
三/m、/wn申报/vn材料/n凡/d申请/v参加/v国家/n旅游局/nt优秀/a旅游/vn学术/n成果/n评奖/vn者/k，/wd需/v填写/v：/wm1/a、/wn《/wkz国家/n旅游局/nt优秀/a旅游/vn学术/n成果/n评奖/vn申报/vn书/n》/wky（/wkz请/v按/p本/rz年度/n申报/vn书/n格式/n填写/v）/wky一/m式/k7/v份/q（/wkz其中/rz1/a份/q需/v有/vyou作者/n所在/n单位/n的/ude1推荐/vn，/wd领导/n签字/vn和/cc学院/n盖章/vi）/wky，/wdA3/x纸/n双面/b打印/vn，/wd同时/c提交/v电子文档/n。/wj
2/b、/wn参评/vn成果/n（/wkz专/d著/uzhe类/n、/wn教材/n类/q提交/v参评/vn成果/n原件/n6/vg份/q；/wf论文/n类/n、/wn研究/vn报告/n类/q提交/v成果/n原件/n1/a份/q，/wd复印件/n6/vg份/q）/wky。/wj
3/n、/wn证明/v参评/vn成果/n思想/n政治/n水平/n、/wn学术/n价值/n、/wn实际/n应用/vn价值/n、/wn社会/n影响/vn和/cc实际/a效益/n的/ude1佐证/n材料/n各/rz一/m式/k6/vg份/q。/wj
4/vi、/wn汇总表/n纸质/n材料/n和/cc电子文档/n各/rz一/m份/q。/wj
5/b、/wn所有/b申报/vn材料/n概/d不/d退还/v。/wj
联系/v人/n：/wm姜颖/nr电话/n：/wm9130Email：jiangying@nbu.edu.cn/x附件/n1-/m国家/n旅游局/nt优秀/a旅游/vn学术/n成果/n评奖/vn申报/vn书/n./wj
doc/x附件/n2-/m国家/n旅游局/nt优秀/a旅游/vn学术/n成果/n评奖/vn办法/n./wj
doc/x附件/n3-/m汇总表/n./wj
xls/x人文/n社科/n处/vi2012年/m7月/t25日/t各位/rr新任/b教职工/n：/wm为了/p使/v新/a任教/vi职工/n尽快/d熟悉/v学校/n教学/vn、/wn科研/n、/wn管理工作/n政策/n和/cc环境/n，/wd学校/n定于/v8月/t下旬/t举办/v新任/b教职工/n岗/n前/f培训/v系列/n活动/vn，/wd具体/a活动/vn安排/v如下/vi：/wm1．/m2012年/m8月/t27/m–/x29日/t（/wkz住/vi两/m晚/tg）/wky在/p京郊/ns举办/v新任/b教职工/n岗/n前/f培训班/n，/wd请/v2011年/m9月/t后/f到任/vi的/ude1应届/b毕业生/n务必/d按时/d参加/v，/wd欢迎/v2009年/m7月/t1日/t后/f入/v职/ng而/cc未/d参加/v过/uguo岗/n前/f培训/v的/ude1教职工/n（/wkz含/v引进/v和/cc调入/v教师/n）/wky参加/v。/wj
请/v各/rz位/q新任/b教职工/n在/p7月/t6日/t前/f将/p回执/n表/vg以/p电子邮件/n方式/n提交/v到/vzhaopengyun@pku/x./wj
edu/x./wj
cn/x，/wd应届/b毕业生/n如/v有/vyou特殊/a情况/n不/d能/v参加/v培训/vn，/wd请/v向/p学校/n人事部/nt提交/v书面/b请假/vi说明/v，/wd加盖/nrf所在/n单位/n公章/n。/wj
请/v参加/v人员/n带/v上/vf自己/rr的/ude1身份证/n原件/n，/wd以便/d办理/v入住/v手续/n。/wj
另外/c，/wd培训/v安排/v有/vyou分组/vn讨论/vn环节/n，/wd每/rz个/q组/n需要/v召集人/n和/cc记录/v人/n2/n名/q，/wd请/v有/vyou意愿/n的/ude1新/a任教/vi职工/n踊跃/ad报名/vi。/wj
28日/t晚/tg还/d安排/v有/vyou联欢/vn晚会/n，/wd主持人/n和/cc节目/n正在/d征集/v中/f，/wd欢迎/v大家/rr踊跃/ad报名/vi。/wj
2．/m2012年/m8月/t30日/t上午/t举办/v全体/n新任/b教职工/n校园/n定向/b越野/vn活动/vn，/wd具体/ad安排/v开学/vi后/f通知/n，/wd届时/d请/v关注/v校园网/n上/f相关/vn信息/n。/wj
3．/m2012年/m8月/t30日/t、/wn31日/t的/ude1下午/t两点/m，/wd安排/v两/m场/qv校/ng史/ng馆/ng参观/v活动/vn，/wd请/v新任/b教职工/n自行/d选择/v上述/b任/v一时/t间/f携带/v本人/rr工作证/n到校/v史/ng馆/ng前/f签到/vi，/wd集中/ad参观/v。/wj
联系/v人/n：/wm校/ng人事部/nt人才/n办/v（/wkz人事部/nt213/m房间/n）/wky尹海云/nr，/wd62751221/m，/wdrsbyhy@pku/x./wj
edu/x./wj
cn/x赵/nr1鹏/ng沄/x，/wd62756367/m，/wdzhaopengyun@pku/x./wj
edu/x./wj
cn/x附件/n：/wm回执/n表/vg注/v：/wm此/rzs通知/n同时/c在/p北大/n主页/n校内/s信息/n栏/n及/cc人事部/nt主页/n发布/v，/wd回执/n表/n和/cc有关/vn注意/v事项/n也/d请/v在/p上述/b网页/n中下/f载/v。/wj
北京大学/nt人事部/nt2012年/m7月/t4日/t各/rz相关/vn单位/n：/wm根据/p中组部/n《/wkz关于/p2012年/m“/wyz千/m人/n计划/n”/wyy部分/m项目/n申报/vn工作/vn的/ude1通知/n》/wky，/wd现/tg就/d我/rr校/ng2012年/m第二/m批/q“/wyz千/m人/n计划/n”/wyy有关/vn项目/n人选/n申报/vn工作/vn通知/n如下/vi：/wm一/m、/wn总体/n要求/v1．/m各/rz单位/n应/v高度/d重视/v。/wj
实施/v海外/s高层次/n人才/n引进/v计划/n，/wd是/vshi党中央/nt、/wn国务院/nt做出/v的/ude1重大/a战略/n部署/vn，/wd对于/p更/d好/a地/ude2实施/v人才/n强/a国/n战略/n，/wd加快/v建设/vn创/vg新型/b国家/n具有/v重要/a意义/n。/wj
对于/p我校/n更/d好/a地/ude2实施/v人才/n强/ng校/ng战略/n，/wd加快/v世界/n一流/b大学/n建设/vn进程/n具有/v重大/a推动/vn作用/n。/wj
各/rz单位/n应/v抓住/v国家/n实施/v“/wyz千/m人/n计划/n”/wyy的/ude1绝佳/n机会/n，/wd提高/v认识/v，/wd统一/v思想/n，/wd加强/v领导/n，/wd精心/ad组织/v，/wd围绕/v国家/n战略/n需求/n和/cc经济/n社会/n发展/vn需要/n，/wd依托/v国家/n重点/n创新/vn项目/n、/wn重点/n学科/n和/cc重点/n实验室/n及/cc大学/n科技/n园/ng等/udeng重要/a平台/n，/wd采取/v有力/a措施/n，/wd积极/ad物色/v人才/n，/wd切实/ad把/pba海外/s高层次/n人才/n引进/v工作/vn抓紧/vd、/wn抓/v实/a、/wn抓好/v。/wj
2．/m引进/v人才/n要/v与/p学科/n发展/vn相/d结合/v。/wj
根据/p学科/n发展/vn规划/n，/wd重点/d引进/v与/p学校/n学科/n发展/vn相/d契合/v的/ude1高/a层次/n人才/n。/wj
要/v加大/v支持/v力度/n，/wd努力/ad做到/v事业/n引/v人/n，/wd为/p海外/s高层次/n人才/n回国/vi提供/v良好/a的/ude1工作条件/n和/cc生活/vn条件/n，/wd最/d大限度/n地/ude2发挥/v人才/n的/ude1积极性/n和/cc创造性/n。/wj
二/m、/wn人选/n基本/a条件/n1/a、/wn创新/vn人才/n长期/b项目/n人选/n申报/vn条件/n（/wkz1/a）/wky申报/v人/n须/vg2012年/m1月/t16日/t之后/f回国/vi或/c来华/vi工作/vn。/wj
（/wkz2/b）/wky申报/v人/n一般/ad应/v在/p海外/s取得/v博士/n学位/n，/wd不/d超过/v55/m岁/qt；/wf在/p海外/s知名/a高校/n、/wn科研/n院所/n、/wn国际/n知名/a企业/n或/c金融机构/n担任/v正/b教授/n或/c相当/vi职务/n；/wf从事/vi自然科学/n、/wn工程技术/n、/wn经济/n金融/n、/wn管理/vn、/wn国际/n关系/n、/wn法学/n等/udeng领域/n的/ude1研究/vn工作/vn，/wd具有/v世界/n一流/b的/ude1研究/vn水平/n，/wd近/v5年/m在/p重要/a核心/n刊物/n上/f发表/v具有/v重要/a影响/vn的/ude1学术/n论文/n，/wd或/c获得/v国际/n重要/a科技/n奖/n项/q或/c掌握/v重要/a实验/vn技能/n、/wn科学/n工程建设/n关键技术/n。/wj
（/wkz3/n）/wky申报/v人/n在/p年龄/n、/wn学历/n、/wn职务/n、/wn职称/n等/udeng方面/n需/v破格/vi的/ude1，/wd请/v说明/v理由/n。/wj
2/b、/wn创新/vn人才/n短期/b项目/n人选/n申报/vn条件/n（/wkz1/a）/wky申报/v人/n须/d系/v国家/n科技/n、/wn产业/n发展/vn和/cc学科/n建设/vn急需/vn、/wn紧缺/a领域/n的/ude1领/v军人/n才/c或/c学术/n带头人/n。/wj
一般/ad应/v在/p海外/s取得/v博士/n学位/n，/wd不/d超过/v55/m岁/qt；/wf在/p海外/s知名/a高校/n、/wn科研/n院所/n、/wn国际/n知名/a企业/n或/c金融机构/n担任/v正/b教授/n或/c相当/vi职务/n；/wf从事/vi自然科学/n、/wn工程技术/n、/wn经济/n金融/n、/wn管理等领域/n的/ude1研究/vn工作/vn，/wd具有/v世界/n一流/b的/ude1研究/vn水平/n，/wd近/v5年/m在/p重要/a核心/n刊物/n上/f发表/v具有/v重要/a影响/vn的/ude1学术/n论文/n，/wd或/c获得/v国际/n重要/a科技/n奖/n项/q或/c掌握/v重要/a实验/vn技能/n、/wn科学/n工程建设/n关键技术/n。/wj
（/wkz2/b）/wky有/vyou明确/a的/ude1工作/vn目标/n任务/n，/wd能/v做出/v实质性/n贡献/n。/wj
3/n、/wn“/wyz外/f专/d千/m人/n计划/n”/wyy项目/n人选/n申报/vn条件/n（/wkz1/a）/wky申报/v人/n须/vg2012年/m1月/t16日/t之后/f来华/vi工作/vn。/wj
