第/m六/m章/q附则/n第二十/m条/q各/rz单位/n依据/n本/rz实施/v办法/n的/ude1精神/n，/wd结合/v本/rz单位/n的/ude1工作/vn职责/n和/cc实际/a情况/n，/wd制定/v本/rz部门/n校务/n公开/ad实施/v细则/n，/wd报/v校务/n公开/ad领导/v小组/n办公室/n备/v案/x。/wj
第二十一/m条/q校务/n公开/vn工作/vn事/n关/nr1学校/n改革/vn、/wn发展/vn和/cc稳定/a的/ude1大局/n，/wd各/rz单位/n要/v高度/d重视/v将/p其/rz纳入/v本/rz单位/n年度/n工作计划/n，/wd每年/r初/d向/p校务/n公开/ad领导/v小组/n办公室/n报送/v本/rz单位/n的/ude1校务/n公开/ad计划/v及/cc公开/vn目录/n，/wd年末/t报送/v校务/n公开/ad工作/vi总结/v。/wj
学校/n将/p各/rz单位/n和/cc部门/n校务/n公开/ad落实/v情况/n，/wd作为/p单位/n和/cc领导/vn干部/n年终/t考核/v的/ude1重要/a内容/n之一/rz。/wj
第二十二/m条/q本/n实施/v办法/n由/p校务/n公开/ad领导/v小组/n办公室/n负责/v解释/vn。/wj
第二十三/m条/q本/n实施/v办法/n自/p2008年/m月/n日/qt起/f试行/v，/wd原/d《/wkz中国/ns传媒/n大学/n关于/p进一步/d推进/vi校务/n公开/ad工作/vi的/ude1意见/n》/wky自/p本/rz办法/n公布/v之/uzhi日/ng起/vf废止/v。/wj
附/v：/wm1．/m中国/ns传媒/n大学/n校务/n公开/ad领导/v小组/n及/cc其/rz办公室/n成员/n名单/n2．/m中国/ns传媒/n大学/n校务/n公开/ad监督/v小组/n成员/n名单/n3．/m中国/ns传媒/n大学/n校务/n公开/vn目录/n（/wkz试行/v）/wky经/p全国/n哲学/n社会科学/nl规划/n领导/vn小组/n批准/v，/wd2012年度/t国家/n社会/n科学/a基金/n重大/a项目/n（/wkz第三/m批/q）/wky面向/v全国/n公开/ad招标/vi，/wd现/tg将/p有关/vn事项/n公告/n如下/vi。/wj
一/m、/wn招标/vn单位/n全国/n哲学/n社会科学/nl规划/vn办公室/n二/m、/wn招标/vn对象/n主要/d包括/v中央/n和/cc国家有关/n部委/n，/wd教育部/nt直属/b高校/n，/wd省级/b以上/f（/wkz含/v）/wky党校/n、/wn社科院/n、/wn高校/n和/cc重点/n研究/vn基地/n，/wd军队/n系统/n重点/n院校/n和/cc社科/n研究/vn机构/n。/wj
投标/vi要/v以/p单位/n名义/n进行/vx，/wd多/a单位/n联合/vd投标/vi须/d确定/v一个/mq责任/n单位/n。/wj
三/m、/wn招标/vn工作/vn的/ude1指导/vn思想/n高举/v中国/ns特色/n社会主义/n伟大/a旗帜/n，/wd坚持/v以/p邓小平理论/n和/cc“/wyz三/m个/q代表/n”/wyy重要/a思想/n为/p指导/vn，/wd深入/ad贯彻/v落实/v科学/a发展观/n，/wd贯彻/v落实/v党/n的/ude1十七/m届/q六中全会/n精神/n，/wd认真/ad实施/v《/wkz国家/n哲学/n社会科学/nl研究/v“/wyz十二五/m”/wyy规划/n》/wky，/wd坚持/v解放思想/vl，/wd实事求是/vl，/wd与/p时/ng俱/dg进/vf，/wd大力/d推进/vi理论/n创新/vi，/wd建设/vn哲学/n社会科学/nl创新/vn体系/n，/wd发挥/v国家/n社科/n基金/n示范/vn引导/vn作用/n，/wd着力/vd推出/v具有/v重大/a学术/n创新/vn价值/n和/cc文化/n传承/vn意义/n的/ude1标志性/n研究/vn成果/n，/wd为/p推动/v社会主义/n文化/n大/a发展/vn大/a繁荣/an服务/vn。/wj
四/m、/wn招标/vn数量/n和/cc资助/vn强度/n本/rz批/q重大/a项目/n共/d发布/v101/m个/q基础/n类/q招标/vn选题/n，/wd每个/r招标/vn选题/n原则/n上/f只/d确定/v一/m项/q中标/vn课题/n，/wd重大/a考古/vn发掘/vn报告/n视/vg投标/vi和/cc评审/vn情况/n拟/v资助/v5-10/m项/q。/wj
资助/v强度/n根据/p研究/vn的/ude1实际/n需要/v确定/v，/wd一般/ad为/v每/rz项/q60/m万/m-80/m万/m元/q。/wj
对于/p研究/vn周期/n长/a、/wn经费/n投入/v大/a、/wn带有/v工程/n性质/n的/ude1重大/a选题/n，/wd可/c单独/d编制/v经费/n预算/n；/wf如/c获/v中标/vi，/wd将/d根据/p研究/vn进展/vn情况/n和/cc完成/v质量/n，/wd经/p专家/n评估/vn合格/vi后/f予以/vx滚动/vd资助/v。/wj
五/m、/wn投标/vn资格/n要求/n（/wkz一/m）/wky投标/vn责任/n单位/n须/d具备/v下列/b条件/n：/wm1./m在/p相关/vn领域/n具有/v雄厚/a的/ude1研究/vn实力/n和/cc学术/n积累/vn。/wj
2./m设有/v负责/v科研/n管理工作/n的/ude1职能/n部门/n。/wj
3./m能够/v提供/v开展/v重大/a课题/n研究/vn的/ude1良好/a条件/n。/wj
4./m投标/vi重大/a考古/vn发掘/vn报告/n的/ude1单位/n须/d具有/v国务院/nt文物/n行政部门/n批准/v的/ude1田野/n考古/vn团体/n领队/n资格/n。/wj
（/wkz二/m）/wky投标/vi者/k须/d具备/v下列/b条件/n：/wm1./m首席/n专家/n须/d具有/v中华人民共和国/ns国籍/n，/wd具有/v较/d高/a的/ude1政治/n素质/n；/wf在/p相关/vn研究/vn领域/n具有/v深厚/a的/ude1学术/n造诣/n和/cc公认/v的/ude1学术/n成就/n，/wd社会/n责任感/n强/ng，/wd学风/n优良/z；/wf具有/v正/d高级/a专业/n技术/n职务/n或/c局级/b以上/f（/wkz含/v）/wky领导/n职务/n，/wd承担/v实质性/n研究/vn工作/vn并/cc担负/v科研/n组织/n指导/vn职责/n。/wj
首席/n专家/n只/d能/v为/p一/m名/q。/wj
2./m在/p研/v的/ude1国家/n社科/n基金/n重大/a项目/n、/wn马克思主义/n理论/n研究/vn和/cc建设工程/n重大/a项目/n、/wn教育部/nt人文/n社会科学/nl重大/a项目/n、/wn国家/n出版/vn基金/n项目/n以及/cc其他/rzv国家级/b重大/a科研/n项目/n的/ude1课题/n负责人/n，/wd不能/v作为/p首席/n专家/n参加/v本次/r投标/vi。/wj
3./m首席/n专家/n只能/v投标/vi一/m个/q项目/n，/wd且/c不/d能/v作为/v子/ng课题/n负责人/n或/c课题组/n成员/n参与/v本次/r投标/vi的/ude1其他/rzv课题/n。/wj
子/ng课题/n负责人/n只/d能/v参与/v一个/mq投标/vn课题/n，/wd课题组/n成员/n最/d多/ad参与/v两/m个/q投标/vn课题/n。/wj
4./m投标/vi重大/a考古/vn发掘/vn报告/n的/ude1首席/n专家/n须/d具有/v国务院/nt文物/n行政/n部门/n颁发/v的/ude1考古/vn发掘/vn领队/n资质/n证书/n。/wj
六/m、/wn投标/vn课题/n要求/v1./m除/p重大/a考古/vn发掘/vn报告/n外/f，/wd须/d按/p本/n《/wkz公告/n》/wky发布/v的/ude1选题/n研究/vn范围/n（/wkz附/v后/f）/wky投标/vi，/wd自选/vn课题/n不予/v受理/v。/wj
重大/a考古/vn发掘/vn报告/n主要/d资助/v国务院/nt文物/n行政部门/n批准/v的/ude1田野/n考古/vn发掘/vn资料/n的/ude1整理/vn研究/vn、/wn标本/n检测分析/n、/wn考古/vn报告/n出版/v等/udeng，/wd具体/a题目/n自行/d拟定/v。/wj
2./m本次/r投标/vi须/d按照/p新/a修订/vn《/wkz投标/vn书/n》/wky（/wkz2012年/m6月/t版/n）/wky的/ude1规定内容/n和/cc要求/v填写/v申报/vn材料/n，/wd填报/v以前/f版本/n无效/vi；/wf《/wkz投标/vn书/n》/wky文本/n要/v简洁/a、/wn规范/n、/wn清晰/a，/wd不/d加/v附件/n。/wj
3./m投标/vn课题/n要/v突出/a研究/vn重点/n，/wd体现/v有限/a目标/n，/wd课题/n设计/v不宜/v过/uguo于/p宽泛/a，/wd避免/v大/a而/cc全/a，/wd子/ng课题/n数量/n一般/uyy不/d超过/v5/f个/q；/wf大型/b文献/n典籍/n整理/v、/wn丛书/n编纂/v等/udeng规模较/n大/a的/ude1课题/n，/wd可/v根据实际/n需要/v设计/v子/ng课题/n数量/n。/wj
4./m投标/vi者/k要/v熟知/v国内外/s相关/vn领域/n研究/v前沿/s和/cc动态/n，/wd除/p必要/a的/ude1学术/n史/ng梳理/v和/cc综述/n外/f，/wd应/v着重/vd对/p同类/n课题/n研究/vn状况/n和/cc他人/rr研究/v成果/n做出/v分析评价/n，/wd阐明/v选题/n的/ude1价值/n和/cc意义/n。/wj
5./m投标/vi者/k须/d具备/v扎实/a的/ude1研究/vn基础/n和/cc丰富/a的/ude1相关/vn前期/f研究/v成果/n，/wd《/wkz投标/vn书/n》/wky要/v重点/n介绍/v首席/n专家/n近年来/dl在/p相关/vn研究/vn领域/n的/ude1学术/n积累/vn和/cc学术/n贡献/n、/wn同行/n评价/vn和/cc社会/n影响/vn等/udeng方面/n情况/n。/wj
6./m投标/vi者/k要/v树立/v问题/n意识/n和/cc创新/vn意识/n，/wd在/p框架/n设计/vn、/wn研究/vn思路/n、/wn主要/b内容/n、/wn基本/a观点/n、/wn研究/vn方法/n等/udeng方面/n，/wd体现/v投标/vi者/k创新/vi的/ude1学术/n思想/n、/wn独到/a的/ude1学术/n见解/n和/cc可能/v取得/v的/ude1突破/vn。/wj
7./n项目/n完成/v时间/n根据/p研究/vn工作/vn的/ude1实际/n需要/v确定/v，/wd一般/ad应/v在/p5年/m左右/m完成/v，/wd部分/n研究/vn任务/n艰巨/a、/wn规模较/n大/a、/wn周期/n较/d长/a的/ude1课题/n可/c分期/d完成/v，/wd完成/v时限/n不/d做/v统一/ad规定/v。/wj
8./m预期/vn研究/vn成果/n的/ude1规模/n和/cc数量/n应/v科学合理/n，/wd确保/v质量/n和/cc学术/n水准/n，/wd多/m出/vf精品/n力作/n，/wd避免重复/n出版/v；/wf最终/b成果/n为/p大型/b文献/n典籍/n整理/v、/wn多/m卷/q本/n专/d著/uzhe、/wn系列/n丛书/n等/udeng形式/n的/ude1，/wd应/v注意/v编纂/v体例/n的/ude1科学性/n、/wn完整性/n、/wn统一性/n。/wj
七/m、/wn投标/vn纪律/n要求/v1./m投标/vn责任/n单位/n和/cc首席/n专家/n要/v加强/v审查/v把关/vi，/wd严/ad把/pba政治/n方向/n关/n和/cc学术/n质量关/n。/wj
