中共/n江西/ns财经/n大学/n委员会/n2009年/m1月/t15日/t15.2012年/m浙江/ns大学/n新/a上岗/vn辅导员/n培训/vn计划/n一/m、/wn指导/vn思想/n以/p邓小平理论/n和/cc“/wyz三/m个/q代表/n”/wyy重要/a思想/n为/p指导/vn，/wd坚持/v科学/a发展观/n，/wd深入/ad贯彻/v《/wkz中共中央/nt、/wn国务院/nt关于/p进一步/d加强/v和/cc改进/v大学生/n思想/n政治/n教育/vn的/ude1意见/n》/wky，/wd根据/p《/wkz浙江/ns大学/n辅导员/n队伍/n建设/vn规定/n》/wky的/ude1要求/n，/wd切实/ad加强/v辅导员/n队伍/n建设/vn，/wd建立/v和/cc完善/v辅导员/n培训/vn制度/n与/cc体系/n，/wd提高/v辅导员/n的/ude1思想/n政治/n素质/n和/cc业务/n水平/n，/wd努力/ad培养/v“/wyz政治/n强/ng、/wn业务精/n、/wn纪律/n严/a、/wn作风/n正/d”/wyy的/ude1优秀/a辅导员/n。/wj
二/m、/wn培训/vn目标/n帮助/v新任/b辅导员/n认识/v高等教育/nl的/ude1基本/a规律/n，/wd明确/v大学生/n思想/n政治/n教育/vn工作/vn的/ude1意义/n和/cc任务/n，/wd掌握/v从事/vi高校/n学生/n思想/n政治/n工作/vn必备/vn的/ude1专业/n知识/n和/cc技能/n，/wd深入/ad理解/v浙江/ns大学/n的/ude1人才/n培养/v目标/n与/p求是/nz精神/n指导/vn下/f的/ude1育人/vn理念/n，/wd学会/v运用/v相关/vn知识/n分析/vn、/wn解决/v学生/n思想/n教育/vn和/cc管理/vn中/f的/ude1实际/a问题/n。/wj
三/m、/wn培训/vn对象/n（/wkz共/d46/m人/n）/wky1.2012年/m新/a上岗/vi“/wyz2+2/m”/wyy模式/n辅导员/n15/m人/n2.2012年/m新/a上岗/vi的/ude1研究生/n毕业/v辅导员/n17/ns人/n3.2012年/m新/a上岗/vn机关/n兼职/vn辅导员/n14/m人/n（/wkz仅/d参加/v理论/n学习/v）/wky四/m、/wn培训/vn时间/n集中/ad培训/v2012年/m6月/t25日/t—/wp29日/t单独/d培训/v2/n次/qv，/wd2012年/m9-11月/t五/m、/wn培训/vn地点/n1./m理论/n培训/v：/wm紫金/ns港/n校/ng区/n剧场/n心理/n中心/n报告/n厅/n2./m素质/n拓展/v：/wm桐庐/ns向心力/n素/dg拓/v基地/n六/m、/wn培训/vn说明/v新/a上岗/vn辅导员/n培训/vn是/vshi浙江/ns大学/n提高/v辅导员/n思想/n政治/n素质/n和/cc业务/n水平/n的/ude1重要/a内容/n，/wd所有/b辅导员/n无/v特殊/a原因/n必须/d全程/n参加/v。/wj
完成/v所有/b培训/vn项目/n，/wd并/cc考核/v合格/vi后/f，/wd参/vg训/v者/k（/wkz非/b兼职/vn辅导员/n）/wky将/d获得/v“/wyz浙江/ns大学/n新/a上岗/vn辅导员/n培训/vn合格/vn证书/n”/wyy，/wd视/vg同/p于/p参加/v校/ng人事处/n的/ude1新/a上岗/vn教师/n培训/vn。/wj
七/m、/wn培训/vn内容/n1/a、/wn工作/vn理念/n和/cc文化/n建设/vn培训/vn2/n、/wn实/a务/dg培训/v和/cc案/x例/n分析/vn3/n、/wn心理/n健康/an与/cc沟通/v协作/vd培训/v4/ng、/wn教育/vn法规/n和/cc应用/vn写作/v八/m、/wn学习/v资料/n1./m《/wkz中共中央/nt、/wn国务院/nt关于/p进一步/d加强/v和/cc改进/v大学生/n思想/n政治/n教育/vn的/ude1意见/n》/wky2./m《/wkz高校/n辅导员/n理论/n与/cc实/a务/vg》/wky（/wkz言实/nz出版社/n//w主编/v：/wm陈立民/nr）/wky3./m《/wkz中/f共/d浙江/ns大学/n委员会/n浙江/ns大学/n关于/p进一步/d加强/v和/cc改进/v大学生/n思想/n政治/n教育/vn工作/vn的/ude1若干/m意见/n》/wky（/wkz党委/n发/v〔/wkz2010/m〕/wky46/m号/q）/wky4./m辅导员/n队伍/n建设/vn相关/vn条例/n及/cc规定/n5./m心理/n健康/an教育/vn与/cc危机/n干预/vn有关/vn文件/n6./m《/wkz浙江/ns大学/n学生/n手册/n》/wky7．/m《/wkz十年树木/nl百年树人/nl—/wp2011年/m优秀/a辅导员/n访谈/vn》/wky附/v：/wm2012年/m浙江/ns大学/n新/a上岗/vn辅导员/n培训/vn日程表/n浙江/ns大学/n辅导员/n队伍/n建设/vn工作/vn小组/n2012.6/m16./m关于/p2012年度/t“/wyz新/a世纪/n优秀/a人才/n支持/vn计划/n”/wyy预/d申报/v的/ude1通知/n各/rz有关/vn学院/n、/wn老师/n：/wm教育部/nt“/wyz新/a世纪/n优秀/a人才/n支持/vn计划/n”/wyy着眼/vi于/p培养/v、/wn支持/v一/m批/q学术/n基础/n扎实/a、/wn具有/v创新能力/n和/cc突出/a发展潜力/n的/ude1优秀/a青年/n学术/n带头人/n。/wj
根据/p教育部/nt教/v技/ng司/ng[/wkz2012/m]/wky144/m号/q《/wkz关于/p2012年度/t“/wyz新/a世纪/n优秀/a人才/n支持/vn计划/n”/wyy申报/vn工作/vn的/ude1通知/n》/wky精神/n，/wd现/tg将/p教育部/nt2012年度/t“/wyz新/a世纪/n优秀/a人才/n支持/vn计划/n”/wyy申报/vn工作/vn的/ude1有关/vn事项/n通知/n如下/vi：/wm一/m、/wn申报/vn领域/n自然科学/nl领域/n申请者/n须/d按照/p如下/vn领域/n归口/vd申报/v：/wm管理/vn科学/n与/cc工程/n(/wkz含/v工商/n管理/vn)/wky。/wj
哲学/n社会科学/nl类/n按/p以下/f8/a个/q领域/n归口/vd申报/v：/wm1/a、/wn哲学/n、/wn马克思主义/n、/wn思想/n政治/n理论/n教育/vn；/wf2/b、/wn经济学/n；/wf3/n、/wn法学/n；/wf4/vi、/wn政治学/n、/wn社会学/n、/wn民族/n学/v；/wf5/b、/wn教育学/n、/wn心理学/n；/wf6/vg、/wn语言学/n、/wn文学/n、/wn新闻/n传播/vn；/wf7/a、/wn历史学/n；/wf8/a、/wn艺术/n学/v、/wn体育/n学/v。/wj
二/m、/wn申报/vn条件/n1．/m申请者/n须/d符合/v《/wkz“/wyz新/a世纪/n优秀/a人才/n支持/vn计划/n”/wyy实施/v办法/n》/wky（/wkz见/v附件/n一/m）/wky第七/m条/q所/usuo列/v各项/r基本/a条件/n。/wj
申请者/n应/v具有/v副教授/n级/n及/cc以上/f职称/n、/wn具有/v博士/n学位/n。/wj
自然科学/n领域/n应/v为/p1972年/m1月/t1日/t以后/f出生/vi，/wd哲学/n社会科学/nl领域/n应/v为/p1967年/m1月/t1日/t以后/f出生/vi。/wj
2．/m国内/s申请者/n应/v具有/v中国/ns国籍/n，/wd且/c必须/d通过/p人事/n关系/n所在/n单位/n申请/v，/wd不/d接受/v跨/v单位/n申报/vn。/wj
3．/m引进/v海外/s青年/n优秀/a人才/n纳入/v本/rz计划/n一/m并/cc申报/vn。/wj
4．/m坚持/v公开/ad遴选/v，/wd择优/d推荐/v的/ude1原则/n。/wj
加大/v人文/n社会科学/nl领域/n的/ude1申报/vn。/wj
注重/v与/p部门/n、/wn地方/n和/cc学校/n各类/r高层次/n人才/n计划/n的/ude1衔接/vn。/wj
5．/m已/d获得/v“/wyz长江/ns学者/n特聘/vn教授/n”/wyy、/wn“/wyz国家/n杰出/a青年/n科学/a基金/n”/wyy、/wn中科院/n“/wyz百/m人/n计划/n”/wyy资助/v者/k，/wd不得/vi再/d申请/v本/rz计划/n。/wj
三/m、/wn其他/rzv事项/n1．/m本次/r申报/v为/p限额/n申报/vn，/wd经/p我院/n研究/vn，/wd先/d在/p校内/s进行/vx限额/vn预/d申报/v，/wd在/p此基础/n上/f再/d请/v有关/vn专家/n评审/vn决定/n具体/ad申报/v人/n。/wj
预/d申报/v的/ude1名额/n分配/v如下/vi：/wm人文/n学院/n、/wn外语/n学院/n、/wn传媒/n与/cc国际/n文化/n学院/n、/wn经济/n学院/n、/wn教育/vn学院/n、/wn光华/n法学院/n、/wn管理/vn学院/n、/wn公共/b管理/vn学院/n、/wn思想/n政治/n理论/n教学科研/n部/q以及/cc中国/ns农村/n发展/vn研究院/n、/wn中国/ns西部/f发展/v研究院/n各/rz推荐/v１/m位/q申报/vn人/n，/wd预/d申报/v截止时间/n为/p6月/t22日/t，/wd逾期/vi不/d报/v，/wd视为/v自动/d放弃/v。/wj
2．/m每/rz位/q被/pbei推荐/v人/n需/v填写/v《/wkz新/a世纪/n优秀/a人才/n支持/vn计划/n校内/s评审/vn书/n》/wky（/wkz见/v附件/n二/m）/wky一/m式/k5/f份/q和/cc电子版/n1/a份/q，/wd《/wkz配套/a经费/n落实/v情况/n确认/v单/b》/wky（/wkz见/v附件/n三/m）/wky一/m式/k两/m份/q，/wd经/p学院/n有关/vn领导/n或/c来源/n经费/n负责人/n签字/vi，/wd盖章/vi后/f，/wd于/p6月/t22日/t前/f交/v社会科学/nl研究院/n（/wkz紫金/ns港/n校/ng区/n西/f三/mB/x-207A/x室/n）/wky。/wj
3．/m《/wkz新/a世纪/n优秀/a人才/n支持/vn计划/n校内/s评审/vn书/n》/wky中/f需要/v附/v的/ude1相关/vn证明/v材料/n可以/v暂时/d不/d附/v，/wd学校/n将/d根据/p推荐/v人/n情况/n及/cc申报/vn领域/n择优/d统筹/vd遴选/v，/wd确定/v正式/ad申报/v名单/n后/f再/d通知/v相关/vn学院/n填写/v正式/a申请书/n，/wd并/cc附/v相关/vi证明/v材料/n。/wj
联系/v人/n：/wm肖军霞/nr联系/v电话/n：/wm88981068/m邮箱/n：/wmxiaojunxia@zju/x./wj
edu/x./wj
cn/x社会/n学科/n研究/vn院/n2012年/m6月/t5日/t17./m武大/n推行/v大学生/n党建/n“/wyz活力/n创新/vn工程/n”/wyy为/p创建/v充满/v活力/n的/ude1高校/n大学生/n党组织/n，/wd武大/n推行/v“/wyz活力/n创新/vn工程/n”/wyy，/wd该/rz工程/n以/p“/wyz激发/v活力/n?/ww
增强/v凝聚/v”/wyy为/p主题/n，/wd由/p一/m系列/q活动/vn组成/v：/wm健全/v运行/vn机制/n。/wj
科学/n设置/vn大学生/n党组织/n，/wd在/p党员/n规模/n大/a、/wn人数/n较/d多/a的/ude1学院/n成立/vi本科生/n党总支/n、/wn研究生/n党总支/n，/wd每个/r学生/n支部/n人数/n一般/uyy不/d超过/v20/m人/n。/wj
