认真/ad落实/v学校/n“/wyz双/m代/q会/v”/wyy和/cc“/wyz妇代会/n”/wyy精神/n，/wd充分发挥/n工/n、/wn青/a、/wn妇/ng组织/v的/ude1作用/n，/wd开展/v凝/vg心/n聚/v力/n活动/vn。/wj
继续/v支持/v机关/n各类/r协会/n开展/v丰富多彩/vl的/ude1文化/n体育/n活动/vn，/wd进一步/d丰富/a机关/n文化/n生活/vn，/wd提高/v机关干部/n综合/vn素质/n，/wd树立/v良好/a校/ng部/q机关/n形象/n。/wj
15./m坚持/v民生/n优先/vd、/wn服务/v为/v先/d、/wn学生/n在/p先/d，/wd积极/ad做好/v特殊/a师生/n群体/n的/ude1帮扶/vn工作/vn。/wj
充分发挥/n群团/n组织/v在/p联系/v群众/n、/wn服务/vn群众/n、/wn教育/vn群众/n和/cc维护/v群众/n合法/a权益/n，/wd促进/v机关/n文明/a建设/vn等/udeng方面/n的/ude1重要/a作用/n。/wj
继续/v深化/v“/wyz送/v温暖/an、/wn献/v爱心/n”/wyy活动/vn，/wd热情/ad关心/v困难/an职工/n和/cc学生/n，/wd帮助/v解决/v实际/a问题/n。/wj
16．/m切实/ad加强/v机关/n党委/n自身/rr队伍/n建设/vn。/wj
校/ng部/q机关/n党委/n要/v认真/ad履行/v职责/n，/wd强化/v管理/vn和/cc服务/vn，/wd完善/v党组织/n信息库/n建设/vn，/wd认真/ad做好/v党费/n的/ude1收缴/vn、/wn管理/vn和/cc使用/vn工作/vn，/wd做/v好/a发展/vn党员/n和/cc培养/v入党/vi积极分子/nl工作/vn，/wd年/qt内/f组织/v机关/n党支部/n书记/n及/cc支部/n委员/n培训班/n，/wd使/v党支部/n工作/vn成为/v培养/v人才/n、/wn锻炼/vn干部/n的/ude1重要/a平台/n和/cc基地/n，/wd始终/d保持/v机关/n党支部/n的/ude1生机/n和/cc活力/n，/wd切实/ad加强/v校/ng部/q机关/n党/n的/ude1建设/vn。/wj
中共/n吉林/ns大/a学校/n部/q机关/n委员会/n2012年/m4月/t18日/t5月/t17日/t下午/t，/wd学校/n党委/n书记/n蒋述卓/nr召开/v中层/f干部/n会议/n，/wd传达/v广东省/ns第十一/m次/qv党代会/n重要/a精神/n。/wj
会上/t，/wd蒋/nr1书记/n介绍/v了/ule广东省/ns第十一/m次/qv党代会/n的/ude1概况/n，/wd党代会/n报告/n的/ude1起草/vn情况/n和/cc主要/b内容/n，/wd省纪委/n工作/vn报告/n主要/b内容/n和/cc大会/n的/ude1选举/vn情况/n。/wj
他/rr指出/v，/wd贯彻/v落实/v省/n第十一/m次/qv党代会/n精神/n一定/d要/v坚持/v改革/vn开放/vn，/wd紧紧/d围绕/v转型/vn升级/vn、/wn建设/vn幸福/a广东/ns这/rzv一/m中心/n任务/n，/wd发挥/v高校/n为/p地方/n经济/n、/wn社会/n发展/vn服务/vn的/ude1功能/n与/cc作用/n，/wd发挥/v我校/n综合大学/nl多/a学科/n的/ude1优势/n，/wd在/p为/v创新/vi广东/ns发展/vn体制/n、/wn构建/v法制/n环境/n、/wn国际化/vn营/n商/vg环境/n、/wn创新/vn社会/n治理/vn模式/n以及/cc文化/n引/v领/v、/wn文化/n传承/vn与/cc创新/vn等/udeng方面/n作出/v积极/a贡献/n；/wf一定/d要/v树立/v党/n要/v建/v党/n、/wn党/n要/v管/v党/n的/ude1主业/n意识/n，/wd扎实/ad抓好/v创/vg先/d争/v优/ag活动/vn，/wd严格/ad执行/v党/n的/ude1纪律/n，/wd保持/v党/n的/ude1纯洁性/n，/wd遵守/v民主集中制/n，/wd全面/ad推进/vi党/n的/ude1基层/n组织/n建设/vn，/wd开/v好/a学校/n党/n的/ude1第九/m次/qv代表大会/n，/wd为/p学校/n的/ude1改革/vn发展/vn提供/v政治/n核心/n和/cc坚强/a保证/vn；/wf一定/d要/v狠抓/v高等教育/nl质量/n这/rzv一/m关键/n，/wd抓住/v新/a校/ng区/n建设/vn这/rzv一/m发展/vn契机/n，/wd抓住/v协同/vd创新/vi这/rzv一/m发展/vn路径/n，/wd抓住/v人事/n聘任/vn制度/n改革/vn与/cc完善/v的/ude1转型期/n，/wd深入/ad推进/vi“/wyz宁静/a致/v远/a工程/n”/wyy，/wd推动/v各项/r事业/n不断/d发展/v，/wd以/p优异/a成绩/n迎接/v党/n的/ude1十八/m大/a胜利/vd召开/v。/wj
学校/n机关/n部/q处/n、/wn直属/b单位/n正科级/b以上/f领导/v干部/n，/wd各/rz学院/n领导班子/n成员/n、/wn院/n机关/n副/b处级/b干部/n、/wn党总支/n书记/n，/wd离退休/vn工作/vn处/n党委/n及/cc各/rz支部/n书记/n参加/v了/ule会议/n。/wj
华文/nz学院/n、/wn珠海/ns校/ng区/n、/wn深圳/ns旅游/vn学院/n的/ude1领导/vn干部/n通过/p现场/s视频/n转播/v收看/v了/ule会议/n。/wj
根据/p图书馆/n工作/vn需要/n，/wd遵照/p国家/n《/wkz劳动法/n》/wky、/wn《/wkz劳动/vn合同/n法/b》/wky和/cc学校/n有关/vn政策/n精神/n，/wd经/p武汉/ns大学/n人事部/nt批准/v，/wd面向/v社会/n公开/ad招聘/v合同/n用工/vn，/wd具体/a事项/n如下/vi：/wm一/m、/wn招聘/vn条件/n1/a、/wn大学/n专科/n以上/f学历/n；/wf2/b、/wn年龄/n在/p40/m岁/qt以下/f（/wkz1972年/m1月/t1日/t以后/f出生/vi）/wky；/wf3/n、/wn有/vyou较/d好/a的/ude1文字/n处理/vn能力/n和/cc口头/n表达能力/n，/wd具有/v一定/b的/ude1外语/n水平/n，/wd能/v熟练/ad使用/v常用/a的/ude1计算机软件/n；/wf4/vi、/wn身体/n健康/an，/wd能/v吃苦耐劳/vl，/wd工作/vn有/vyou责任心/n；/wf5/b、/wn无/v违法/vn违纪/vn记录/n。/wj
二/m、/wn招聘/vn人数/n7/a人/n三/m、/wn工作/vn职责/n及/cc要求/v1/a、/wn从事/vi图书/n管理/vn的/ude1辅助/vn性/n工作/vn；/wf2/b、/wn全/a职/ng工作/vn，/wd能/v根据/p需要/v值/v晚班/n和/cc周末/t班/n；/wf3/n、/wn完成上/v级/n交/ng办/v的/ude1临时性/b任务/n。/wj
四/m、/wn招聘/vn程序/n1/a、/wn受理/v报名/vi：/wm应聘/vi人员/n需/v提交/v下列/b材料/n：/wm①/wp《/wkz武汉/ns大学/n图书馆/n合同/n用工/vn岗位/n应聘/vi表/vg》/wky②/wp身份证/n原件/n及/cc复印件/n③/wp学历/n证书/n原件/n及/cc复印件/n④/wp计划生育/nl证明/v（/wkz已婚/vi者/k）/wky报名/vi时间/n：/wm即日/t起/f至/p2012年/m6月/t29日/t上午/t11点/t（/wkz双休日/t除外/vi）/wky2/n、/wn资格/n审查/vn。/wj
3/n、/wn笔试/n和/cc面试/vn（/wkz具体/a的/ude1时间/n和/cc地点/n另行/d通知/v）/wky。/wj
4/vi、/wn确定/v聘用/v人员/n。/wj
五/m、/wn聘用/v和/cc待遇/n1/a、/wn图书馆/n在/p确定/v拟/v聘/v人员/n后/f将/d推荐/v其/rz与/p湖北/ns中/f新/a人力/n资源/n开发/vn有限公司/n签订/v劳动/vn合同/n，/wd由/p中/f新/a公司/n以/p劳务/n派遣/v的/ude1形式/n安排/v到/v图书馆/n工作/vn。/wj
2/b、/wn工资/n待遇/n：月/t薪/ng1100/m元/q——/wp1200/m元/q，/wd并/cc按/p国家规定/n为/p个人/n办理/v社会/n保险/n。/wj
六/m、/wn联系/vn方式/n报名/vi地址/n：/wm武汉市/ns武昌区/ns八一/m路/n武汉/ns大学/n图书馆/n党政/n办公室/n（/wkz新馆/nD/x栋/q2/b楼/n233/m号/q）/wky联系人/n：/wm邵/nr1老师/n联系/vn电话/n：/wm68752745/m武汉/ns大学/n图书馆/n二/mO/x一二年/m六月/t十八日/t第一/m章/q总则/n第一/m条/q为/v振兴/v我校/r人文/n社会科学/nl，/wd促进/v学校/n科学研究/n的/ude1持续/vd发展/v，/wd凝练/z学科/n方向/n，/wd培养/v科研/n人才/n，/wd根据/p《/wkz贵州/ns大学/n人文/n社会科学/nl振兴/vn纲要/n》/wky精神/n，/wd特/d设立/v贵州/ns大学/n文科/n重点/n学科/n及/cc特色/n学科/n重大/a科研/n项目/n（/wkz以下/f简称/v文科/n重大/a科研/n项目/n）/wky，/wd并/cc制定/v本/rz办法/n。/wj
第二/m条/q重点/n学科/n是/vshi指/v得到/v上级/n批准/v的/ude1省级/b（/wkz含/v）/wky以上/f重点/n学科/n。/wj
特色/n学科/n是/vshi指/v具有/v硕士/n点/qt且/c有/vyou比较/vn优势/n和/cc自身/rr特色/n的/ude1学科/n。/wj
文科/n重大/a科研/n项目/n应该/v能够/v带动/v学科/n的/ude1发展/vn，/wd立项/vn原则/n是/vshi成熟/a一个/mq支持/v一/m个/q。/wj
第三/m条/q文科/n重大/a科研/n项目/n经费/n纳入/v学校/n财务/n预算/n，/wd由/p学校/n财务/n拨款/vi。/wj
文科/n重大/a科研/n项目/n单/d独立/v帐/ng核算/v，/wd建立/v严格/a的/ude1使用/vn和/cc管理制度/n。/wj
资助/v项目/n和/cc执行/vn情况/n、/wn使用/v效果/n，/wd接受/v学校/n相关/vn管理/vn部门/n和/cc全校/n教职工/n的/ude1监督/vn。/wj
第二/m章/q资助/vn额度/n、/wn资助/v范围/n和/cc申请/v条件/n第四/m条/q文科/n重大/a科研/n项目/n实行/v限额/vd资助/v，/wd各/rz申报/vn单位/n应/v按/p给定/v的/ude1额度/n进行/vx申报/vn。/wj
第五/m条/q每/rz项/q资助/vn经费/n10-15/m万/m元/q。/wj
具体/ad资助/v金额/n根据/p专家/n对/p研究/vn成果/n的/ude1评审/vn而/cc确定/v，/wd优秀/a等级/n15/m万/m元/q，/wd良好/a等级/n12/m万/m元/q，/wd合格/vi等级/n10/n万/m元/q。/wj
第/m六/m条/q文科/n重大/a科研/n项目/n的/ude1项目/n申请人/n条件/n和/cc申请/v项目/n条件/n（/wkz一/m）/wky申请人/n条件/n1．/m55/m岁/qt以下/f的/ude1学校/n在编/vn在岗/vn教师/n和/cc科研人员/n。/wj
2．/m申请/v人/n应该/v是/vshi正/d高/a职称/n获得者/n或者/c是/vshi具有/v博士/n学位/n的/ude1副高/b职称/n获得者/n，/wd具有/v独立/ad进行/vx科学研究/n的/ude1能力/n，/wd能/v作为/p项目/n的/ude1实际/n主持/v者/k并/d担负/v实质性/n的/ude1研究/vn工作/vn，/wd对/p所/usuo申请/v的/ude1项目/n有/vyou一定/b的/ude1研究/vn基础/n和/cc资料/n准备/vn。/wj
