第一/m条/q为/v加强/v高等学校/nl的/ude1防火/vn安全/an工作/vn，/wd预防/v火灾/n和/cc减少/v火灾/n危害/vn，/wd保护/v师生员工/n人身/n、/wn公共/b财产/n和/cc师生员工/n财产/n的/ude1安全/an，/wd根据/p《/wkz中华人民共和国/ns高等教育/nl法/n》/wky、/wn《/wkz中华人民共和国/ns消防/b法/b》/wky和/cc《/wkz北京市/ns消防/b条例/n》/wky，/wd结合/v本市/r高等学校/nl实际/n，/wd制定/v本/rz规定/n。/wj
第二/m条/q本市/r行政区域/n内/f的/ude1各类/r高等学校/nl和/cc驻/v学校/n内/f的/ude1其他/rzv单位/n以及/cc个人/n，/wd均/d应/v遵守/v本/rz规定/n。/wj
第三/m条/q学校/n的/ude1防火/vn安全/an工作/vn贯彻/v“/wyz预防/v为主/vi防/v消/v结合/v”/wyy的/ude1方针/n，/wd坚持/v“/wyz谁/ry主管/vn，/wd谁/ry负责/v”/wyy的/ude1原则/n防火/vn安全/an责任制/n。/wj
第/m四/m条/q学校/n应当/v按照/p《/wkz北京市/ns消防/b条例/n》/wky的/ude1规定/n，/wd建立/v防火/vn安全/an委员会/n，/wd下设/v办公室/n(/wkz以下/f简称/v“/wyz防火/vn办/v”/wyy)/wky，/wd负责/v日常/b管理工作/n。/wj
第五/m条/q学校/n应当/v逐级/d建立/v防火/vn安全/an责任/n制度/n，/wd校长/n为/p学校/n法定/b代表/n人/n，/wd是/vshi学校/n消防/b工作/vn的/ude1第一/m责任人/n，/wd全面/ad负责/v学校/n的/ude1防火/vn安全/an工作/vn；/wf主管/vn校长/n全面/ad负责/v组织/n、/wn协调/v校内/s各/rz单位/n的/ude1防火/vn安全/an工作/vn；/wf校内/s各/rz单位/n的/ude1主管/vn领导/n是/vshi本/rz部门/n防火/vn安全/an工作/vn的/ude1主要/b责任/n人/n；/wf驻/v校内/s其他/rzv单位/n的/ude1主要/b领导/n是/vshi该/rz单位/n防火/vn安全/an工作/vn的/ude1主要/b责任/n人/n；/wf各科/r（/wkz室/n）/wky、/wn各/rz工种/n、/wn各/rz岗位/n的/ude1负责人/n为/p该/rz部门/n的/ude1防火/vn安全/an责任人/n。/wj
第/m六/m条/q学校/n防火/vn办/v对/p学校/n所/usuo辖/v区域/n内/f的/ude1防火/vn安全/an工作/vn实施/vn监督/vn检查/vn，/wd对/p违章/vd违规/v的/ude1单位/n及/cc个人/n，/wd按/p学校/n规定/n进行/vx处理/vn，/wd提出/v“/wyz一/m票/q否决/v”/wyy的/ude1建议/n。/wj
学校/n防火/vn办/v应/v设/v专职/b管理人员/n。/wj
第/m七/m条/q学校/n应/v根据/p防火/vn工作/vn的/ude1需要/n，/wd保证/v消防/b经费/n的/ude1投入/vn，/wd不断/d加强/v消防/b设施/n建设/vn，/wd提高/v装备/n水平/n，/wd整改/vn火灾/n隐患/n，/wd按规定/n维修/v消防/b设施/n、/wn设备/n、/wn器材/n。/wj
防火/vn专项/b经费/n不/d准/a挤占/vn挪用/vn。/wj
第/m八/m条/q预防/vn和/cc扑救/vn火灾/n，/wd是/vshi全校/n师生/n员工/n的/ude1共同/b责任/n。/wj
学校/n宣传/vn、/wn教学/n、/wn学生/n、/wn工会/n、/wn共青团/n等/udeng部门/n，/wd应当/v采取/v多种形式/n，/wd做好/v防火/vn安全/an宣传/vn教育/vn工作/vn，/wd并/cc将/d防火/vi安全/an知识/n纳入/v教学/vn、/wn培训/vn内容/n，/wd提高/v广大/b师生员工/n的/ude1防火/vn安全/an意识/n．/w任何/rz单位/n和/cc师生员工/n都/d有/vyou维护/v消防/b安全/an、/wn保护/v消防/b设施/n、/wn预防/vn火灾/n、/wn报告/n火警/n和/cc参加/v有/vyou组织/n的/ude1灭火/vn工作/vn的/ude1义务/n。/wj
第/m九/m条/q学校/n应当/v履行/v下列/b消防/b安全/an职责/n：/wm（/wkz一/m）/wky落实/v消防/b组织/n，/wd建立/v义务/n消防队/n，/wd定期/d组织/v消防/b业务/n训练/vn，/wd增强/v自/rr防/v自救/vn能力/n；/wf（/wkz二/m）/wky制定/v消防/b安全/an制度/n、/wn安全/an操作/vn规程/n、/wn灭火/vn和/cc应急/vn疏散/vn预/d案/x；/wf建立/v防火/vn档/n案/x；/wf（/wkz三/m）/wky建立/v消防/b安全/an责任制/n，/wd确定/v本/rz单位/n和/cc所属/n各/rz部门/n及/cc其/rz岗位/n的/ude1消防/b安全/an责任人/n，/wd逐级/d签定/v安全/an责任/n书/n；/wf（/wkz四/m）/wky结合/v本/rz单位/n特点/n对/p教职工/n、/wn学生/n进行/vx防火/vn安全/an宣传/vn教育/vn，/wd组织/v防火/vn安全/an知识/n培训/vn；/wf（/wkz五/m）/wky按照/p发生/v火灾/n危险性/n大/a、/wn以及/cc一旦/d发生/v火灾/n可能/v导致/v重大/a人身/n伤亡/vn、/wn重大/a财产/n损失/n、/wn重大/a政治/n影响/vn的/ude1原则/n，/wd确定/v学校/n的/ude1消防/b安全/an重点/n部位/n，/wd报/v公安/n消防/b机构/n审批/vn、/wn备/v案/x；/wf（/wkz六/m）/wky按照/p国家有关/n规定/n，/wd配置/v消防/b设施/n和/cc器材/n，/wd定期/d组织/v检测维修/n，/wd确保/v消防/b设施/n和/cc器材/n完好/a、/wn有效/a；/wf（/wkz七/m）/wky保障/vn防火/vn通道/n、/wn安全/an出口/vn的/ude1畅通/an，/wd设置/v符合国家/n规定/n的/ude1消防/b安全/an疏散/vn标志/n；/wf（/wkz八/m）/wky组织/v防火/vn安全/an检查/vn，/wd及时/ad消除/v火灾/n隐患/n，/wd建立/v检查记录/n。/wj
第/m十/m条/q学生/n宿舍/n的/ude1防火/vn安全/an是/vshi做/v好/a学校/n防火/vn安全/an工作/vn的/ude1重点/n。/wj
宿舍/n的/ude1主管/vn部门/n应当/v加强/v管理/vn，/wd确定/v专人/n负责/v，/wd除/p应当/v履行/v本/rz规定/n第九/m条/q规定/n的/ude1职责/n外/f，/wd还/d应当/v履行/v下列/b职责/n：/wm（/wkz一/m）/wky建立/v有/vyou学生/n参与/v的/ude1义务/n消防/b组织/n，/wd定期/d进行/vx消防/b安全/an知识/n教育/vn，/wd组织/v灭火/vi、/wn自/p防/v自救/vn演练/vn；/wf（/wkz二/m）/wky落实/v防火/vn安全/an责任制/n，/wd宿舍/n管理/vn部门/n要/v同/p学生/n和/cc管理人员/n签定/v安全/an责任/n书/n；/wf（/wkz三/m）/wky必须/d采取措施/n，/wd严格/ad用/v火/n、/wn用/v电管理/n，/wd禁止/v违章/vd使用/v明火/n，/wd禁止/v违章/vd接/v拉/v电线/n，/wd禁止/v超负荷/d用/p电/n；/wf（/wkz四/m）/wky清除/v杂物/n，/wd保障/v疏散/v通道/n、/wn安全/an出口/vn的/ude1畅通/an。/wj
第/m十一/m条/q图书馆/n、/wn计算中心/n、/wn电化教学/n中心/n和/cc担负/v国家/n重点/n科研/n项目/n或/c配备/v有/vyou先进/a精密仪器/n设备/n的/ude1研究所/n、/wn实验室/n以及/cc礼堂/n、/wn文体/n活动/vn场/qv(/wkz馆/ng)/wky等/udeng单位/n，/wd是/vshi学校/n消防/b工作/vn的/ude1重点/n部位/n。/wj
主管/vn部门/n除/p履行/v本/rz规定/n第九/m条/q规定/n的/ude1职责/n外/f，/wd还/d应当/v结合/v本/rz单位/n的/ude1实际/n，/wd制定/v消防/b安全/an职责/n，/wd落实/v防范/v措施/n，/wd保证/v安全/an。/wj
第/m十二/m条/q举办/v大型/b集会/vn、/wn文艺/n、/wn体育/n等/udeng群众性/n活动/vn和/cc展览/vn、/wn展销/vn，/wd主办/v单位/n应当/v确定/v专人/n负责/v防火/vn安全/an工作/vn，/wd制定/v灭火/vn和/cc应急/vn疏散/vn预/d案/x，/wd落实/v安全/an措施/n，/wd并/cc向/p学校/n防火/vn办/v申报/vn，/wd经/p检查/v合格/vi后/f，/wd方/d可/v举办/v。/wj
第/m十三/m条/q学校/n新建/v、/wn改建/v、/wn扩建/vn和/cc装修/vn、/wn装饰/n等/udeng建筑工程/n的/ude1消防/b设计/vn，/wd必须/d严格/ad执行/v国家/n工程建设/n有关/vn消防/b法律/n、/wn法规/n、/wn规章/n和/cc技术规范/n。/wj
学校/n基建/n部门/n应当/v会同/v防火/vn办/v将/p建筑工程/n的/ude1消防/b设计/vn图纸/n及/cc有关/vn资料/n报送/v公安/n消防/b机构/n审核/vn。/wj
未/d经/p审核/v或/c经/p审核/v不/d合格/vi的/ude1，/wd不得/vi施工/vi。/wj
