2013年/m复旦/nz大学/n外国/n留学生/n研究生/n招生/vn简章/n学制/n：/wm中文/nz授课/vn硕士/n学制/n一般/ad为/v3年/m，/wd英文/nz授课/vn硕士/n学制/n为/p2年/m；/wf博士/n学制/n一般/ad为/v3年/m注/v：/wm1/a、/wn硕士/n专业/n目录/n中/f标/v有/vyou“/wyz（/wkz专业/n学位/n）/wky”/wyy字样/n的/ude1专业/n学制/n一般/ad为/v2年/m，/wd医学/n类/q为/v3年/m；/wf2/b、/wn“/wyz中国/ns语言/n文学/n系/v、/wn中国/ns古代/t文学/n研究/vn中心/n”/wyy的/ude1博士/n学制/n为/p4年/m。/wj
申请/v资格/n：/wm硕士/n---/m身体/n健康/a的/ude1外国籍/n公民/n，/wd年龄/n一般/uyy在/p40/m岁/qt以下/f，/wd获得/v与/p中国/ns大学/n学士/n学位/n相当/vi的/ude1学位/n。/wj
博士/n---/m身体/n健康/a的/ude1外国籍/n公民/n，/wd年龄/n一般/uyy在/p45/m岁/qt以下/f，/wd获得/v与/p中国/ns大学/n硕士/n学位/n相当/vi的/ude1学位/n。/wj
申请/v时间/n：/wm全年/n接受/v申请/v。/wj
硕士/n仅/d秋季/t入学/vi，/wd博士/n春季/t、/wn秋季/t均/d可/v入学/vi。/wj
2013年/m秋季/t入学/vi项目/n，/wd申请/v截止日期/n为/p2013年/m3月/t22日/t，/wd2014年/m春季/t入学/vi博士/n项目/n，/wd申请/v截止日期/n为/p2013年/m10月/t31日/t。/wj
超过/v截止日期/n提出/v的/ude1申请/n将/d排/v入/v下/vf一/m阶段/n招生/vn程序/n。/wj
招生/vn专业/n：/wm请/v见/v《/wkz2013年/m复旦/nz大学/n外国/n留学生/n硕士/n研究生/n招生/vn专业/n目录/n》/wky、/wn《/wkz2013年/m复旦/nz大学/n外国/n留学生/n博士/n研究生/n招生/vn专业/n目录/n》/wky（/wkzhttp:/x//w//wiso/x./wj
fudan/x./wj
edu/x./wj
cn/x//wxuewei/x./wj
htm/x）/wky，/wd英语/nz授课/vn硕士/n项目/n请/v见/v具体/a招生/vn简章/n。/wj
注/v：/wm1/a、/wn医学/n类/q专业/n目录/n中/f标/v有/vyou“/wyz专业/n学位/n”/wyy字样/n的/ude1专业/n为/p临床/b方向/n，/wd未/d标/v专业/n为/p科研/n方向/n；/wf2/b、/wn请/v在/p申请表/n中/f填写/v具体/a专业/n研究/vn方向/n；/wf3/n、/wn申请/v博士/n专业/n，/wd请/v务必/d填写/v具体/a导师/n姓名/n。/wj
申请/v程序/n：/wm1./m登录网站/n（/wkzhttp:/x//w//wadmission/x./wj
iso/x./wj
fudan/x./wj
edu/x./wj
cn/x//w）/wky注册/vi并/cc填写/v申请/v表格/n；/wf2./m通过/p审核/v后/f，/wd网上/s支付/v报名/vi费/v800/m元/q人民币/n。/wj
之后/f，/wd不得/vi修改/v报名/vi信息/n。/wj
3./m提交/v以下/f申请/v材料/n（/wkz一/m式/k两/m份/q，/wd每份/r均/d按/p顺序/n排/v好/a）/wky；/wf（/wkz1/a）/wky打印/v网上/s通过/v审核/v的/ude1带有/v条码/n的/ude1申请/vn表格/n，/wd本人/rr签名/vi并/cc粘贴/v照片/n。/wj
（/wkz2/b）/wky经过/p公证/n的/ude1毕业/vn证书/n和/cc学位/n证书/n复印件/n（/wkz应届/b生/v为/p预计/v毕业/v证明/v）/wky。/wj
中/b、/wn英文/nz以外/f文本/n的/ude1证书/n还/d需/v提供/v公证/n过/uguo的/ude1中文/nz或/c英文/nz翻译/n件/q；/wf（/wkz3/n）/wky本科/n或/c硕士/n阶段/n全部/m课程/n的/ude1成绩单/n原件/n或/c经过/p公证/n的/ude1复印件/n。/wj
中/b、/wn英文/nz以外/f文本/n的/ude1成绩单/n还/d需/v提供/v公证/n过/uguo的/ude1中文/nz或/c英文/nz翻译/n件/q；/wf（/wkz4/ng）/wky个人/n陈述/v。/wj
申请/v硕士/n者/k1000/m字/n左右/m，/wd申请/v博士/n者/k1500/m字/n左右/m。/wj
用/p中文/nz（/wkz中文/nz授课/vi）/wky或/c英文/nz（/wkz英文/nz授课/vi）/wky撰写/v。/wj
内容/n应/v包括/v个人/n学习/v、/wn工作/vn经历/n，/wd学术/n研究/vn成果/n，/wd硕士/n或/c博士/n阶段/n的/ude1研究/vn计划/n，/wd毕业/v后/f的/ude1个人/n发展/vn目标/n等/udeng；/wf申请/vID/x网上/s填写/v入学/vn申请表/n预审/vn合格/vn网上/s支付/v报名/vi费/v打印/v入学/vn申请表/n、/wn签字/vn邮寄/vn申请/vn材料/n申请/v完成/vSQ/x!/wt
\/x=/w>/x!/wt
\/x=/w>/x:/x?/ww
Ik/x=/w!/wt
RI:/x（/wkz5/b）/wky发表/v过/uguo的/ude1论文/n目录/n、/wn摘要/n，/wd或者/c其/rz它/rr能够/v证明/v自己/rr研究/v能力/n的/ude1材料/n；/wf（/wkz6/vg）/wky两/m位/q教授/n或/c副教授/n的/ude1推荐/vn信/n，/wd须/d为/v中文/nz或/c英文/nz的/ude1原/b件/q（/wkz要/v有/vyou签名/vn和/cc联系/vn方式/n，/wd密封/v在/p信封/n中/f）/wky（/wkz7/v）/wky护照/n复印件/n（/wkz有效期/n内/f的/ude1普通/a护照/n）/wky；/wf（/wkz8/a）/wky语言/n要求/v：/wm申请/v中文/nz授课/vn项目/n：/wmHSK/x证书/n复印件/n(/wkz2年/m有效期/n内/f)/wky或/c其他/rzv同等/d汉语/nz水平/n证明/v材料/n。/wj
旧/aHSK/x新/aHSK8/x级/n5/b级/n210分/t以上/f申请/v英语/nz授课/vn项目/n：/wm（/wkz非/b英语/nz国家/n申请者/n提供/v）/wky托福/v雅/dg思/v90分/t6./m5分/t以上/f（/wkz9/vyou）/wky报考/v“/wyz临床/vn医疗/n技能/n训练/vn与/cc研究/vn”/wyy方向/n的/ude1硕士生/n，/wd历届/b生/v必须/d提交/v医师/n资格/n证书/n。/wj
?/ww
以上/f申请/v材料/n均/d需/v准备/v一/m式/k两/m份/q并/cc务必/d在/p申请/v截止日期/n之前/f通过/p邮寄/v或/c到/v校/ng将/p文本/n申请/v材料/n送/v至/p外国/n留学生/n工作处/n。/wj
必要/a时/ng，/wd我校/r会/v要求/v申请人/n提交/v指定/v的/ude1补充/vn材料/n。/wj
?/ww
申请/v材料/n不/d全/a者/k不予/v受理/v。/wj
不论/c录取/v与否/u，/wd以上/f材料/n和/cc费用/n一律/d不予/v退还/v。/wj
录取/v：/wm经/p材料/n审核/vn，/wd院/n系/v根据/p申请者/n的/ude1情况/n和/cc专业/n要求/n，/wd采取/v以下/f方式/n考核/v：/wm①/wp免试/v②/wp面试/vi③/wp笔试/n加/v面试/vi★/w具体/a考核/vn方式/n、/wn时间/n等/udeng事项/n请/v直接/ad向/p所/usuo申请/v院/n系/v咨询/vn。/wj
★/w录取/v结果/n将/d于/p6月/t下旬/t在/p外国/n留学生/n工作处/n网站/n上/f公布/v（/wkzhttp:/x//w//wiso/x./wj
fudan/x./wj
edu/x./wj
cn/x）/wky，/wd《/wkz录取/v通知书/n》/wky随后/d寄发/n。/wj
奖学金/n：/wm复旦/nz大学/n为/p外国/n留学生/n新生/n提供/v多种/m奖学金/n。/wj
详情/n请/v查询/v外国/n留学生/n工作处/n网站/n各类/r奖学金/n实施/v细则/n(/wkzhttp:/x//w//wiso/x./wj
fudan/x./wj
edu/x./wj
cn/x//wxuexi/x_/xsh/x./wj
htm/x)/wky注/v：/wm1./m申请/v者/k请/v首先/d作为/v自费/b学生/n在/p（/wkzhttp:/x//w//wadmission/x./wj
iso/x./wj
fudan/x./wj
edu/x./wj
cn/x//w）/wky申请/v。/wj
2./m奖学金/n申请/v材料/n可/v随/p研究生/n申请/v材料/n同时/c递交/v。/wj
3./m奖学金/n申请者/n被/pbei我校/n预/d录取/v后/f，/wd才/d有/vyou资格/n参评/vn奖学金/n。/wj
学费/n（/wkz人民币/n）/wky：/wm硕士/n：/wm文科/n约/d26000/m元/q//w年/n，/wd理科/n约/d30000/m元/q//w年/n，/wd医科/n约/d48000/m元/q//w年/n博士/n：/wm文科/n约/d30000/m元/q//w年/n，/wd理科/n约/d37000/m元/q//w年/n，/wd医科/n约/d54000/m元/q//w年/n英语/nz授课/vn硕士/n项目/n：/wm约/d50000/m元/q-160000/m元/q//w年/n（/wkz不/d含/v与/p国外/s大学/n合作/vn项目/n）/wky复旦/nzMBA：/x总计/v188000/m元/qIMBA：/x总计/v157000/m元/q★/w以上/f内容/n供参考/n，/wd具体/a收费/vn标准/n以/p入学/vi时/ng定价/vi为/p准/a。/wj
