2013年/m7月/t1日/t，/wd“/wyz常/d回家/vi看/v看/v”/wyy作为/p法律/n条文/n生效/vi之/uzhi日/ng，/wd江苏省/ns无锡市/ns北塘区/ns人民法院/nl开庭/vi审理/v了/ule第一/m案/x。/wj
7月/t14日/t，/wd本刊/rz记者/n采访/v了/ule负责/v审理/v这/rzv起/q案/x件/q的/ude1高鑫/nr法官/n，/wd通过/p他/rr了解/v到/v更/d多/a幕后/s故事/n。/wj
2013年/m4月/t5日/t，/wd马文/nrf娟/ng收到/v了/ule一/m封/q快递/vn。/wj
当/p她/rr看到/v快递/v的/ude1发件人/n是/vshi“/wyz无锡市/ns北塘区/ns人民法院/nl”/wyy时/ng，/wd立刻/d蒙/vi了/y。/wj
“/wyz法院/n怎么/ryv会/v给/p我/rr寄信/vi呢/y？/ww
”/wyy带/v着/uzhe“/wyz摊/n上/f大事/n了/y”/wyy的/ude1恐慌/an，/wd她/rr没/d敢/v拆开/v快递/v，/wd而是/c立马/d给/p老公/n朱炳良/nr打电话/vi。/wj
老公/n在/p电话/n里/f安慰/v她/rr：/wm“/wyz咱/rr又/d没/d干/v什么/ry违法/vi的/ude1事/n，/wd你/rr怕/v什么/ry，/wd你/rr要/v不/d敢/v拆/v，/wd等/udeng我/rr下班/vi回来/v再说/vi。/wj
”/wyy朱炳良/nr回家/vi后/f和/cc妻子/n一起/s拆开/v快递/v，/wd才/d知道/v他们/rr被/pbei人/n告/v了/y，/wd原告/n竟是/v马文/nrf娟/ng的/ude1母亲/n储/vg老太/n！/wt
二/m人/n面面相觑/vl，/wd不/d知道/v说/v什么/ry好/a。/wj
起初/t，/wd马文/nrf娟/ng既/c震惊/v、/wn气愤/a又/d难以/d理解/v。/wj
但/c不管怎样/dl，/wd法律/n不/d是/vshi闹着玩/v儿/k的/ude1，/wd马文/nrf娟/ng和/cc丈夫/n在/p法庭/n上/f见到/v了/ule母亲/n。/wj
“/wyz医疗费/n要/v归/v你们/rr管/v，/wd我/rr不/d住/vi你们/rr家/n，/wd在/p外面/f租/v房子/n住/vi，/wd你们/rr要/v给/p我/rr出/vf房租/n。/wj
你们/rr要/v赔偿/v我/rr在/p外面/f住/vi时/ng的/ude1医疗费/n，/wd以后/f要是/c有/vyou条件/n，/wd还要/d解决/v我/rr的/ude1住房/n问题/n。/wj
逢年过节/bl必须/d来/vf看/v我/rr，/wd不然/c像/p我/rr这种/r老太婆/n，/wd死/v了/ule你们/rr都/d不/d知道/v！/wt
”/wyy法庭/n上/f，/wd77/z岁/qt的/ude1储/vg老太/n向/p女儿/n女婿/n提出/v诸多/m要求/n，/wd既/c有/vyou要求/n物质/n保证/v的/ude1医疗费/n和/cc房租/n，/wd也/d有/vyou精神/n需要/v的/ude1“/wyz常/d回家/vi看/v看/v”/wyy。/wj
储/vg老太/n并/cc不/d是/vshi只有/d马文/nrf娟/ng一个/mq女儿/n，/wd她/rr还有/v个/q儿子/n。/wj
但/c老太太/n理直气壮/al：/wm“/wyz女儿/n女婿/n养/v我/rr是/vshi他们/rr的/ude1义务/n，/wd他们/rr没/d尽义务/vi，/wd对/p我/rr不管/c不顾/v，/wd所以/c我/rr才/d告/v他们/rr！/wt
”/wyy原来/b，/wd早/ad在/p2009年/m3月/t，/wd储/vg老太/n与/cc老伴儿/n及/cc一/m对/q儿女/n签订/v了/ule一/m份/q家庭/n协议/n：/wm老/a夫妻/n将/d老/a房子/n卖掉/v，/wd卖/v房钱/n全部/m给/p女儿/n，/wd条件/n是/vshi以后/f老两口/n的/ude1养老/vn送终/vi由/p女儿/n负责/vn。/wj
当时/t，/wd马文/nrf娟/ng和/cc丈夫/n都/d没有/v意见/n，/wd在/p协议/n上/f签/v了/ule字/n，/wd也/d得到/v了/ule6/vg万/m元/q卖/v房款/n。/wj
之后/f，/wd马文/nrf娟/ng将/d二/m老/a接到/v自家/rr的/ude1四/m层/qv楼房/n里/f居住/v。/wj
因为/p二老/n年纪/n大/a了/y，/wd腿脚/n不/d方便/a，/wd把/pba他们/rr安置/v在/p一/m楼/n，/wd自己/rr则/d住/vi在/p四/m楼/n。/wj
住/vi在/p一起/s没/v多久/ryt，/wd二/m老/a和/cc女儿/n女婿/n就/d有/vyou了/ule一些/mq矛盾/an，/wd主要/d因为/p作息/n和/cc饮食/n习惯/n等/udeng不同/a。/wj
二/m老/a决定/n自/rr开/v炉灶/n，/wd不/d跟/p女儿/n女婿/n在/p一/m张/q桌子/n上/f吃饭/vi。/wj
饮食/n分开/vi了/y，/wd但/c马文/nrf娟/ng做/v了/ule好吃/a的/ude1，/wd总/d会/v叫/vi父母/n一起/s来/vf吃/v，/wd一家/n人/n关系/n还/d算/v融洽/a。/wj
2009年/m8月/t，/wd马文/nrf娟/ng的/ude1父亲/n因/p病/n去世/vi，/wd储/vg老太/n与/cc女儿/n女婿/n的/ude1关系/n日趋/d紧张/a。/wj
“/wyz我/rr妈/n爱/v捡/v垃圾/n，/wd空/a瓶子/n、/wn破/v箱子/n、/wn废/ag纸片/n…/ws
…/ws
她/rr都/d当成/v宝贝/n捡/v回来/v，/wd一/m楼/n的/ude1房间/n都/d被/pbei垃圾/n堆满/v了/y。/wj
后来/t，/wd我们/rr下/vf楼/n都/d没/v地/n儿/k下脚/vi，/wd一/m到/v夏天/t，/wd垃圾/n散发/v的/ude1异/ag味儿/n引来/v成群/vi的/ude1蚊子/n和/cc苍蝇/n。/wj
”/wyy马文/nrf娟/ng说/v，/wd为了/p这/rzv事/n她/rr和/cc丈夫/n多次/mq跟/p母亲/n商量/v，/wd希望/v她/rr别/d再/d往/p回/v捡/v垃圾/n了/y。/wj
起初/t，/wd储/vg老太/n嘴/n上/f应/v着/uzhe，/wd但/c过/d不/d了/ule多久/ryt，/wd就/d又/d开始/v捡/v。/wj
有/vyou几/m次/qv马文/nrf娟/ng偷偷/d把/pba储/vg老太/n捡/v回/v的/ude1垃圾/n扔掉/v，/wd储/vg老太/n发现/v后/f便/d跟/p女儿/n女婿/n大/d吵/v一/m架/qv。/wj
捡/v垃圾/n成为/v储/vg老太/n和/cc女儿/n女婿/n矛盾/an频/ng发/v的/ude1主要/b原因/n。/wj
上/f一代/n的/ude1老人/n习惯/v了/ule苦/a日子/n，/wd对/p储/vg老太/n来说/uls，/wd她/rr和/cc老伴/n省吃俭用/vl一辈子/mq，/wd把/pba卖/v老/a房子/n的/ude1钱/n都/d给/v了/ule女儿/n，/wd如今/t自己/rr好心/n捡/v点/qt垃圾/n想/v贴补/v家用/n，/wd女儿/n女婿/n却/d横/dg加/v干涉/v。/wj
他们/rr的/ude1抱怨/vn和/cc阻挠/v让/v储/vg老太/n觉得/v失去/v了/ule自由/a，/wd时间/n一/m长/a，/wd她/rr觉得/v女儿/n拿/v了/ule钱/n后/f忘恩负义/vl，/wd没/d履行/v诺言/n，/wd对/p自己/rr不孝/a。/wj
于是/cc，/wd三天两头/dl找/v女儿/n女婿/n吵架/vi，/wd久而久之/dl，/wd母女/n俩/m的/ude1矛盾/an越/d积/v越/d深/a。/wj
2012年/m8月/t的/ude1一/m天/qt，/wd忍无可忍/vl的/ude1马文/nrf娟/ng大声/d对/p储/vg老太/n说/v：/wm“/wyz你/rr要/v再/d往/p家里/s运/v垃圾/n就/d别/d住/vi这里/rzs了/y！/wt
你/rr看看/v你/rr像/v个/q乞丐/n一样/uyy！/wt
”/wyy这/rzv句/q话/n伤/v透/v了/ule储/vg老太/n的/ude1心/n。/wj
当天/t储/vg老太/n就/d提出/v要/v搬/v出去/vf单/d住/vi，/wd家里/s这么/rz大/a的/ude1楼房/n，/wd老太太/n还要/d搬/v出去/vf住/vi，/wd邻居/n亲戚/n怎么/ryv看/v？/ww
马文/nrf娟/ng夫妇/n不/d同意/v，/wd但/c储/vg老太/n坚持/v搬/v了/ule出去/vf。/wj
2013年/m4月/t，/wd在/p法庭/n上/f，/wd储/vg老太/n对/p高鑫/nr法官/n诉说/v了/ule女儿/n的/ude1不孝/a行为/n。/wj
她/rr搬/v出去/vf后/f，/wd一/m人/n租/v房/n住/vi，/wd因为/c这样/rzv那样/rzv的/ude1原因/n，/wd总是/d过/uguo不/d了/ule多久/ryt就/d要/v搬家/vi，/wd居/v无/v定/v处/vi。/wj
女儿/n女婿/n从没/d管/v过/uguo，/wd后来/t儿子/n把/pba她/rr接/v到/v了/ule自己/rr的/ude1一/m套/q老/a房子/n里/f，/wd让/v她/rr一个/mq人/n单/d住/vi。/wj
儿子/n过/uguo段时间/n会/v去/vf看望/v她/rr，/wd女儿/n女婿/n却/d从未/d看/v过/uguo自己/rr。/wj
