2012年/m12月/t，/wd“/wyz失陪/v族/ng”/wyy的/ude1概念/n一经/d提出/v，/wd不足/v10/n小时/n就/d爆/v红/a网络/n。/wj
所谓/v的/ude1失陪/v族/ng，/wd说/v的/ude1是/vshi很/d少/a时间/n陪伴/v家人/n的/ude1人群/n。/wj
其实/d，/wd“/wyz失陪/v现象/n”/wyy由来已久/vl，/wd在/p婚姻/n中/f，/wd“/wyz失陪/v”/wyy的/ude1以/b男人/n居多/vi。/wj
“/wyz被/pbei失陪/v”/wyy的/ude1妻子/n深受/v其/rz害/ng，/wd在/p不安/a的/ude1夜里/t，/wd碰/v触/v不/d到/v丈夫/n的/ude1温度/n，/wd在/p靠/v一个/mq人/n支撑/v的/ude1家庭/n里/f，/wd她们/rr尤/d显/v孤单/an。/wj
于是/cc，/wd她们/rr哭闹/vi不/d停/vi，/wd抱怨/v不/d断/v，/wd想/v以此/d唤回/v丈夫/n，/wd多/ad陪/v陪/v自己/rr和/cc孩子/n。/wj
而/cc丈夫/n们/k也/d叫苦不迭/vl，/wd为了/p事业/n和/cc家庭/n，/wd自己/rr的/ude1肩膀/n早已/d疲倦/a不堪/v，/wd换/v来/vf的/ude1没有/d理解/v却/d只/d有/vyou抱怨/vn。/wj
于是/cc，/wd妻子/n越/d追/v，/wd丈夫/n越/d逃/v。/wj
丈夫/n越/d逃/v，/wd妻子/n越/d追/v。/wj
然后/c，/wd两/m个/q人/n渐/d行/vi渐/d远/a。/wj
本期/r，/wd我们/rr采访/v了/ule几/m位/q失陪/v的/ude1丈夫/n和/cc被/pbei失陪/v的/ude1妻子/n，/wd和/cc心理/n专家/n一起/s倾听/v他们/rr内心/n最/d真实/a的/ude1想法/n，/wd一起/d探究/v问题/n出/vf在/v了/ule哪儿/rys，/wd男人/n“/wyz失陪/v”/wyy的/ude1原因/n到底/d是/vshi什么/ry？/ww
妻子/n又/d该/v做/v什么/ry，/wd才/d能/v把/pba男人/n拉/v回/qv家庭/n？/ww
说/v到/v失陪/v，/wd就/d不/d得/ude3不/d说/v说/v电影/n《/wkz泰/b》/wky。/wj
片中/s，/wd为了/p事业/n，/wd两/m个/q男人/n不惜/v冷落/vn妻子/n，/wd勾心斗角/vl，/wd事/n不/d断/v。/wj
到头来/d，/wd真正/d被/pbei“/wyz”/wyy到/v的/ude1却/d是/vshi他们/rr的/ude1婚姻/n。/wj
不知/v银幕/n前/f失陪/v的/ude1男/b人们/n，/wd又/d从/p中/f领悟/v到/v了/ule什么/ry？/ww
《/wkz泰/b》/wky教会/v我们/rr的/ude1一/m件/q事/n截至/v2013年/m元旦/t，/wd全世界/n至少/d有/vyou3100/m万/m人次/qv看/v了/ule电影/n《/wkz泰/b》/wky。/wj
剧中/n，/wd徐朗/nr和/cc高博/nr为了/p争夺/v“/wyz油/n霸/ng”/wyy的/ude1授权/vn，/wd使/v尽/vi浑身/n解数/n给/p对方/n下/f绊/v子/ng，/wd事/n百/m出/vf让/v人/n捧腹大笑/nl。/wj
搞/v笑/v之/uzhi余/ng，/wd却/d把/pba很多/m人/n看/v哭/v了/y。/wj
疯狂/a地/ude2执/v著/uzhe于/p事业/n的/ude1徐朗/nr在/p家庭/n中/f缺席/vi4年/m，/wd没/v时间/n陪/v孩子/n去/vf海洋/n馆/ng，/wd没/v时间/n陪/v妻子/n。/wj
妻子/n提出/v离婚/vi，/wd他/rr的/ude1回答/vn竟/d是/vshi，/wd能/v不/d能/v等/udeng我/rr从/p泰国/nsf回来/v再说/vi。/wj
当/p他/rr在/p泰国/nsf经历/v了/ule一/m系列/q荒诞/a事件/n后/f，/wd油/n霸/ng的/ude1专利/n成/v了/ule过眼云烟/nl。/wj
这时/rzt，/wd他/rr想念/v的/ude1只/d有/vyou老婆/n和/cc孩子/n。/wj
电影/n结尾/n，/wd一身/n伤痕/n的/ude1徐朗/nr一/m遍/qv遍/v拨打/v妻子/n安安/nr的/ude1电话/n，/wd哽咽/vi地/ude2说/v：/wm“/wyz安安/nr，/wd我/rr把/pba那个/rz授权/v放弃/v掉/v了/y，/wd我/rr全部/m都/d放弃/v了/y！/wt
安安/nr，/wd对不起/v，/wd我/rr很/d想/v你们/rr，/wd我/rr觉得/v你们/rr很/d重要/a…/ws
…/ws
”/wyy另/rz一个/mq男/b主角/n高博/nr为了/p油/n霸/ng，/wd更/d是/vshi无/v所/usuo不/d用/v其/rz极/ng，/wd将/d怀孕/vi的/ude1妻子/n独自/d扔/v在/p法国/nsf，/wd一路/mq跟踪/v徐朗/nr，/wd只/d为/v拿/v到/v油/n霸/ng的/ude1授权/vn，/wd真是/d机关/n算/v尽/vi。/wj
可/v最后/f呢/y？/ww
因为/p护照/n没/v了/y，/wd只能/v流落/v泰国/nsf街头/s，/wd在/p欢乐/a的/ude1人群/n中/f，/wd备/d显/v落寞/an与/cc孤寂/an。/wj
还/d好/a，/wd他/rr还/d记得/v老婆/n要/v生产/v了/y，/wd打电话/vi询问/v：/wm“/wyz生/v了/y？/ww
男孩/n女孩/n，/wd长/v得/ude3像/d不/d像/v我/rr？/ww
头/n上/f有/vyou没/d有/vyou头发/n…/ws
…/ws
”/wyy放下/v电话/n，/wd他/rr兴奋/v得/ude3把/pba脸/n紧紧/d贴/v在/p电话亭/n的/ude1玻璃/n上/f，/wd哈哈大笑/al！/wt
授权/v和/cc孩子/n的/ude1诞生/vn，/wd哪个/ry更/d让/v人/n幸福/an？/ww
还/d用/v再/d问/v吗/y？/ww
可以/v说/v徐朗/nr和/cc高博/nr就/d是/vshi典型/a的/ude1事业/n型/k失陪/v族/ng。/wj
有人/r曾/d算/v过/uguo一/m笔/q账/n，/wd一/m天/qt24/n个/q小时/n，/wd8/a小时/n在/p睡觉/vi，/wd两/m小时/n在/p吃饭/vi，/wd1/a小时/n在/p穿衣/v洗/v漱/v，/wd10/n小时/n在/p上班/vi，/wd1/a小时/n在/p上下班/v的/ude1路上/s，/wd再/d匀/v出/vf1/a小时/n去/vf娱乐/vi，/wd最后/f就/d只/d剩/v1/a小时/n。/wj
把/pba这/rzv1/a小时/n全都/d留给/v妻子/n尚且/c少/v得/ude3可怜/a，/wd更/d别/d说/v他/rr一心/d扑/v在/p事业/n上/vf了/y！/wt
生活/vn中/f，/wd徐朗/nr和/cc高博/nr这样/rzv的/ude1男人/n无处不在/bl。/wj
做/v销售/vn的/ude1小/a李/nr1，/wd因为/c工作/vn压力/n大/a，/wd下班/vi后/f不/d是/vshi窝/n在/p沙发/n上/f看电视/n，/wd就/d是/vshi抱/v着/uzhe电脑/n打/v游戏/n，/wd常常/d一/m句/q话/n都/d不/d说/v，/wd患/v上/vf了/ule典型/a的/ude1下班/vi沉默/a症/ng。/wj
妻子/n要/v离婚/vi，/wd小李/nr还/d很/d委屈/v：/wm“/wyz工作/vn已经/d很/d辛苦/a了/y，/wd我/rr真/d是/vshi没/v力气/n陪/v。/wj
”/wyy小杨/nr在/p一/m家/q外企/n工作/vn，/wd每天/r就/d像/v高速旋转/n的/ude1陀螺/n，/wd不/d是/vshi加班/vi就/d出差/vi，/wd最高/a记录/n一年/m出差/vi达/v286/m天/qt。/wj
有/vyou一/m次/qv，/wd妻子/n恳求/v他/rr：/wm“/wyz周末/t咱们/rr可以/v一起/s看/v个/q电影/n吗/y？/ww
”/wyy他/rr看/v了/ule一下/mq行程/n本/n后/f回答/v：/wm“/wyz抱歉/a，/wd看/v电影/n得/ude3提前/v一个/mq月/n预约/vn。/wj
”/wyy没/v多久/ryt，/wd妻子/n就/d提前/v“/wyz预约/v”/wyy了/ule小杨/nr。/wj
不过/c，/wd这/rzv次/qv预约/vn的/ude1不/d是/vshi看/v电影/n，/wd是/vshi离婚/vi。/wj
面对/v妻子/n的/ude1离婚/vn要求/n，/wd小杨/nr也/d有苦难言/vl：/wm“/wyz我/rr想/v陪/v，/wd可/v工作/vn性质/n就/d是/vshi忙/a，/wd我/rr也/d没/v办法/n。/wj
”/wyy有/vyou很多/m小/a杨/nr1这样/rzv的/ude1丈夫/n，/wd认为/v自己/rr是/vshi被/pbei生活/vn所/usuo迫/vg，/wd“/wyz生活/vn是/vshi实实在在/z的/ude1，/wd要/v拿/v真/a金/b白银/n说话/vi。/wj
”/wyy也/d有的/rz认为/v：/wm“/wyz男人/n要/v以/p事业/n为重/vi，/wd家庭/n孩子/n都/d是/vshi女人/n的/ude1事/n。/wj
”/wyy认同/v的/ude1男性/n还/d不/d少/a：/wm“/wyz是/vshi啊/y，/wd没/v本事/n的/ude1男人/n，/wd才/c在/p家里/s蹲/v着/uzhe。/wj
