2013年/m5月/t15日/t，/wd第十二/m个/q“/wyz国际/n家庭/n日/ng”/wyy，/wd民政部/nt发布消息/n称/v：/wm中国/ns的/ude1离婚/vn率/k已/d连续/a8年/m递增/vi，/wd仅/d2012年/m一年/m，/wd中国/ns的/ude1离婚/vn夫妻/n就/d高/a达/v238./m8/a万/m对/q。/wj
离婚/vi，/wd是/vshi因为/p不/d爱/v了/ule、/wn不/d幸福/a了/y，/wd一/m如/v当初/t我们/rr是/vshi因为/p相爱/vi和/cc幸福/an才/d结合/v一样/uyy，/wd如今/t我们/rr从/p围城/n里/f走/v出来/vf，/wd同样/d也/d是/vshi为了/p重/d启/v另/rz一/m段/q幸福/a旅程/n。/wj
但是/c离婚/vi后/f，/wd究竟/d有/vyou哪些/ry选择/v呢/y？/ww
有人/r说/v离婚/vi后/f马上/d再婚/vi，/wd是/vshi弥补/v不/d成功/a婚姻/n的/ude1最/d好/a手段/n；/wf也/d有人/r恐惧/a婚姻/n，/wd离婚/vi后/f只/d是/vshi找/v个/q人/n恋爱/vi、/wn同居/vi；/wf更/d有/vyou人/n离婚/vi后/f，/wd选择/v成为/v威胁/v另外/rz一个/mq家庭/n的/ude1“/wyz小/a三/m儿/ng”/wyy；/wf还有/v人/n和/cc以上/f三/m种/q人/n都/d不/d一样/uyy，/wd选择/v和/cc孩子/n相依为命/vl。/wj
每/rz种/q选择/vn背后/f，/wd其实/d都/d反映/v了/ule个人/n对/p爱情/n、/wn婚姻/n的/ude1认知/vn。/wj
当/p认知/v发生/v偏差/n，/wd我们/rr就/d会/v离/v幸福/an越来越/d远/a。/wj
本期/r策划/vn中/f，/wd我们/rr将/d探讨/v离婚/vi之后/f，/wd幸福/a的/ude1N/x种/q选择/vn，/wd看看/v哪/ry种/q才/d是/vshi真正/b的/ude1出路/n，/wd而/cc非/b陷阱/n。/wj
幸福/an选择/v之/uzhi1——/m“/wyz再婚/vi”/wyy？/ww
再婚/vi，/wd对/p很多/m女/b人/n来说/uls是/vshi无法/v回避/v的/ude1选择/vn。/wj
因为/p寂寞/a、/wn家人/n朋友/n给/u的/ude1压力/n，/wd有的/rz人/n把/pba再婚/vi当成/v一/m种/q必须/d。/wj
可/v现实/n中/f太/d多/a仓促/ad再婚/vi、/wn最终/d又/d以/p失败/vi告终/vi的/ude1惨痛/a教训/n。/wj
女人/n要/v怎样/ryv做/v，/wd才/c不/d会/v重/a蹈/vg上/vf一/m段/q婚姻/n的/ude1覆辙/n，/wd从而/c让/v再婚/vi真/a的/ude1幸福/a美满/a？/ww
再婚/vi，/wd是/vshi孤单/a的/ude1终结/vn还/d是/vshi幸福/a的/ude1起点/n？/ww
如果/c说/v离婚/vi是/vshi人生/n中/f很/d可能/v会/v挨/v上/f的/ude1一/m记/q耳光/n的话/udh，/wd那么/c，/wd钟小葵/nr已经/d被/pbei狠狠/d地/ude2扇/v了/ule3/n记/v半/m耳光/n了/y。/wj
彼时/t，/wd这个/rz刚/d满/a30/m岁/qt的/ude1女人/n，/wd正在/d考虑/v将/p第四/m段/q婚姻/n变成/v历史/n。/wj
钟小葵/nr当下/t的/ude1婚姻/n，/wd是/vshi闪电/n般/uyy开始/v的/ude1。/wj
对方/n比/p她/rr小/a8/a岁/qt，/wd高大/a健硕/a，/wd一/m声/qv“/wyz姐姐/n”/wyy就/d把/pba她/rr的/ude1骨头/n叫/vi酥/a了/y。/wj
一直/d号称/v“/wyz爱情/n来/vf了/ule就要/d飞蛾/n扑火/vn”/wyy的/ude1钟小葵/nr火速/d沦陷/vi，/wd两/m人/n很/d快/a同居/vn然后/c领/v了/ule证/n，/wd任/v她/rr的/ude1父母/n和/cc朋友/n怎么/ryv规劝/v，/wd都/d没有/d用/v。/wj
因为/p她/rr觉得/v：/wm这/rzv是/vshi她/rr的/ude1真/a命/n天子/n，/wd他/rr和/cc之前/f的/ude13/n个/q“/wyz前夫/n”/wyy都/d不/d一样/uyy。/wj
但是/c，/wd结婚/vi3/n个/q月/n后/f，/wd丈夫/n发现/v钟小葵/nr有/vyou个/q7/a岁/qt儿子/n。/wj
这个/rz男人/n能/v接受/v钟小葵/nr有/vyou婚史/n，/wd但无法/n相信/v她/rr都/d有/vyou了/ule7/a岁/qt的/ude1儿子/n！/wt
道歉/vi得不到/v原谅/v，/wd钟小葵/nr无/v路/n可/v走/v，/wd想到/v了/ule离婚/vi。/wj
“/wyz离婚/vi对/p我/rr来说/uls如/v家常便饭/nl，/wd我/rr都/d离/v过/uguo3/n次/qv了/ule还/d在乎/v第四/m次/qv吗/y？/ww
”/wyy面对/v质疑/vn和/cc规劝/v，/wd钟小葵/nr说/v，/wd“/wyz离/v了/ule再/d找/v呗/y！/wt
”/wyy全世界/n都/d知道/v，/wd如果/c钟小葵/nr这次/r真/d离/v了/y，/wd她/rr十/m有/vyou八九/m会/v很快/d嫁人/v的/ude1。/wj
尽管/c婚姻/n的/ude1滋味/n无比/z酸/a涩/an，/wd她/rr却/d总是/d奋不顾身/vl地/ude2往/p里/f跳/vi。/wj
21/m岁/qt那年/t，/wd钟小葵/nr嫁/v给/p父亲/n为/p她/rr物色/v的/ude1男人/n。/wj
结婚/vi第三/m年/qt，/wd她/rr和/cc初恋/vn男友/n在/p网上/s情话/n绵绵/z被/pbei老公/n发现/v了/y，/wd她/rr拒/vg不/d认错/vi，/wd对方/n提出/v离婚/vi，/wd她/rr脱口而出/vl：/wm“/wyz好/a啊/y！/wt
”/wyy带/v着/uzhe一/m岁/qt儿子/n离开/v。/wj
钟小葵/nr让/v初恋/vn男友/n写/v了/ule一/m份/q“/wyz发誓/v将/p你/rr的/ude1儿子/n视/vg如/v己/rr出/vf”/wyy的/ude1保证书/n后/f和/cc他/rr结/v了/ule婚/ng。/wj
但是/c半/m年/qt后/f，/wd她/rr发现/v男友/n根本/d没/v把/pba她/rr儿子/n“/wyz视/vg如/v己/rr出/vf”/wyy，/wd两/m人/n大/d吵/v，/wd一直/d不/d同意/v他们/rr结婚/vi的/ude1婆婆/n上门/vd给/v了/ule钟小葵/nr一/m耳光/n。/wj
她/rr哭/v着/uzhe喊/v：/wm“/wyz等/v着/uzhe瞧/v，/wd我/rr一定/d会/v找/v个/q绝世/b好/a男人/n的/ude1！/wt
”/wyy这次/r离婚/vi其实/d挺/d让/v钟小葵/nr受/v刺激/v的/ude1，/wd她/rr开始/v觉得/v儿子/n是/vshi“/wyz拖/v油瓶/n”/wyy，/wd于是/cc把/pba监护权/n移交/v给/v了/ule孩子/n父亲/n。/wj
钟小葵/nr的/ude1第三/m任/qv丈夫/n是/vshi检察官/n，/wd大/a她/rr5/f岁/qt，/wd有/vyou车/n有/vyou房/n，/wd离异/vi，/wd孩子/n归/v前妻/n。/wj
钟小葵/nr对/p这/rzv段/q婚姻/n很/d是/vshi上/f心/n，/wd什么/ry都/d听/v他/rr的/ude1，/wd他/rr不/d让/v跟/p男性/n去/vf吃饭/vi唱歌/vi她/rr就/d不/d去/vf，/wd他/rr让/v她/rr见/v儿子/n她/rr也/d乖乖/d遵命/vi。/wj
但/c这/rzv段/q婚姻/n依然/d惨/a淡/x收场/vi。/wj
丈夫/n出轨/vi被/pbei钟小葵/nr抓/v包/v，/wd他/rr不/d认错/vi，/wd还/d说/v：/wm“/wyz你/rr都/d离婚/vi两/m次/qv了/vi而/cc我/rr只/d一/m次/qv，/wd我/rr去/vf找/v个/q情人/n有/vyou什么/ry错/v？/ww
”/wyy钟小葵/nr那个/rz伤心/a啊/y，/wd脱口而出/vl：/wm“/wyz离婚/vi！/wt
”/wyy对方/n没有/d挽留/v，/wd“/wyz离/v就/d离/v！/wt
”/wyy离婚/vi时/ng丈夫/n“/wyz忠告/n”/wyy：/wm“/wyz就/d你/rr这/rzv性格/n，/wd得/v找/v个/q对/p你/rr百依百顺/vl的/ude1小/a白/a脸/n。/wj
”/wyy于是/cc她/rr真/a的/ude1找/v了/ule个/q小/a她/rr7/v岁/qt的/ude1小/a白/a脸/n，/wd只是/c，/wd这/rzv第四/m段/q婚姻/n刚/d开始/v了/ule3/n个/q月/n，/wd钟小葵/nr又/d过/uguo不/d下去/vf了/y…/ws
…/ws
现实/n生活/vn中/f有/vyou很多/m“/wyz钟小葵/nr”/wyy，/wd她们/rr离不开/v婚姻/n，/wd一/m离婚/vi就/d积极/a地/ude2准备/v再婚/vi。/wj
有的/rz是/vshi因为/p在/p意/b别人/rr的/ude1眼光/n或者/c对抗/v父母/n，/wd但/c实际上/d，/wd她们/rr骨子里/s还/d没/d准备/v好/a再婚/vn，/wd或者/c根本/d不/d适合/v再婚/vi；/wf还/d有些/rz人/n再婚/vi，/wd只是/c为了/p填补/v空虚/a，/wd迫切/ad要/v再/d找/v一个/mq人/n。/wj
