最近/t媒体/n上/f涌现/v出/vf诸多/m“/wyz最/d美/a”/wyy。/wj
就/d在/p清明节/t当天/t，/wd浙江/ns又/d现/tg“/wyz最/d美/b妈妈/n”/wyy。/wj
一/m名/q8/a岁/qt男孩/n爬/v上/vf二/m楼/n围栏/n，/wd眼看/d就要/d掉/v下来/vf了/y，/wd危急/a时刻/n，/wd路过/v的/ude1小学/n教师/n雷秋琴/nr冲/v上/f去/vf接/v住/vi了/ule孩子/n，/wd所/usuo幸/vg两/m人/n无/v大/a碍/vn。/wj
还有/v最/d美/b托举/vn哥/n托/v住/vi被/pbei窗台/n卡住/v的/ude1孩子/n、/wn最/d美/b妈妈/n手/n接/v跌落/vi下来/vf的/ude1孩子/n、/wn最/d美/b孕妇/n勇救/v落水/vn儿童/n…/ws
…/ws
能够/v遇到/v大/a爱/v之/uzhi人/n的/ude1孩子/n是/vshi幸运儿/n。/wj
但/c更/d多/a意外/an，/wd发生/v了/ule就/d是/vshi百分之百/m，/wd结果/d是/vshi孩子/n如/v花/n而/cc逝/vg。/wj
两/m岁/qt女童/n小/a悦/ag悦/ag因/p父母/n忙于/v生意/n，/wd自己/rr在/p车道/n上/f玩耍/vi，/wd相继/d被/pbei两/m车/n碾/ng轧/v；/wf两/m个/q月/n大/a的/ude1男婴/n被/pbei独自/d放/v在/p车/n里/f，/wd随/p车/n被盗/vn，/wd被/pbei杀害/v，/wd埋/v于/p雪/n中/f…/ws
…/ws
我们/rr感恩/vi好/a人/n常/d在/p、/wn痛恨/v不法分子/n冷/a血/n。/wj
同时/c，/wd也/d不得不/d认真/ad思考/v这些/rz事件/n背后/f的/ude1问题/n：/wm孩子/n们/k为何/ryv会/v出现/v如此/rzv多/a的/ude1安全/an问题/n？/ww
出现/v危/ag情/n时/ng，/wd父母/n们/k都/d在/p哪里/rys？/ww
据/p来自/v全球/n儿童/n安全/an组织/n的/ude1数据/n显示/v，/wd全球/n每天/r有/vyou2270/m个/q孩子/n死/v于/p意外/a伤害/vn，/wd中国/ns每年/r有/vyou5/b万/m名/q1/a～/ws
14/m岁/qt的/ude1孩子/n死/v于/p意外/ad伤害/v！/wt
这/rzv是/vshi一/m组/q让/v人/n心情/n沉重/a的/ude1数据/n。/wj
据/p一/m项/q“/wyz儿童/n居家/v安全/an”/wyy调查/v显示/v，/wd儿童/n意外/ad伤害/v事故/n与/cc家长/n不良/a生活/vn习惯/n密切相关/n。/wj
其中/rz，/wd意外/ad伤害/v在/p家庭/n中/b发生率/n最高/a，/wd最/d常见/a的/ude1意外/a伤害/vn主要/d是/vshi：/wm跌伤/v、/wn烧/vi烫伤/vi、/wn高空/s跌落/vi、/wn触电/vi、/wn中毒/vn与/cc窒息/vi。/wj
我们/rr不能/v只/d为/v遇到/v好人/n庆幸/v，/wd也/d不能/v只/d为/v不幸/a的/ude1孩子/n默哀/vi。/wj
本期/r让/v我们/rr一起/d关注/v儿童/n意外/ad伤害/v—/wp这个/rz不/d能/v靠/v侥幸/ad应对/v的/ude1话题/n！/wt
这/rzv是/vshi每个/r父母/n都/d关注/v的/ude1问题/n，/wd却/d也/d是/vshi很多/m父母/n存在/v诸多/m疏忽/vn的/ude1问题/n。/wj
下面/f就/d让/v我们/rr剖析/v儿童/n意外/ad伤害/v发生/v的/ude1起因/n和/cc预防/vn措施/n，/wd和/cc意外/a伤害/vn的/ude1任何/rz小小/z疏忽/v彻底/ad告别/vi！/wt
这/rzv不仅/c是/vshi一个/mq测试/vn，/wd也/d是/vshi一个/mq关于/p儿童/n安全/an的/ude1细节/n性/ng提醒/v！/wt
上面/f所有/b的/ude1条目/n都/d是/vshi你/rr不/d应该/v做/v的/ude1事/n！/wt
你/rr的/ude1选择/vn是/vshi什么/ry？/ww
如果/c你/rr对/p每/rz一个/mq问题/n的/ude1选择/vn都/d是/vshi×/m，/wd那么/c恭喜/v你/rr，/wd你/rr是/vshi警惕性/n比较/d高/a的/ude1父母/n。/wj
如果/c你/rr有/vyou很多/m选项/n画/v了/ule√/m，/wd那/rzv一定/d要/v提高/v警惕/v：/wm原来/d在/p儿童/n安全/an方面/n，/wd还/d有/vyou这么/rz多/a地方/n需要/v注意/v啊/y！/wt
逐一/d认真/ad学习/v吧/y！/wt
每/rz一个/mq“/wyz偶然/a”/wyy的/ude1意外/an，/wd都/d让/v人/n无法/vd承受/v！/wt
但/c很/d多/a伤害/vn是/vshi可以/v预防/v的/ude1，/wd让/v我们/rr跟随/v3/n位/q专家/n进入/v急救/vn现场/s，/wd看看/v生活/vn中/f的/ude1真实/a案/x例/n，/wd通过/p他们/rr的/ude1故事/n警醒/vi自己/rr，/wd并/cc了解/v相应/vi的/ude1解决/vn方/d案/x。/wj
易/ad发/v年龄段/n：/wm1/a岁/qt左右/m危险/a指数/n：/wm★/w★/w★/w★/w★/w我/rr见/v过/uguo的/ude1最/d难忘/a的/ude1一/m幕/q是/vshi：/wm妈妈/n抱/v着/uzhe8/a个/q月/n大/a的/ude1婴儿/n闯进/v急诊室/n，/wd一边/d哭/v一/m边/k喊/v着/uzhe：/wm“/wyz求/v求/v你们/rr救救/v我/rr的/ude1孩子/n啊/y！/wt
”/wyy医护/vn人员/n开始/v紧张/a地/ude2抢救/v。/wj
无奈/an，/wd由于/c窒息/vi时间/n过/uguo长/a，/wd婴儿/n没有/d抢救/v过来/vf，/wd这个/rz妈妈/n也/d哭/v得/ude3晕/vi过去/vf。/wj
原来/b，/wd床/n边/d叠/x放/v了/ule好几/m床/q被子/n，/wd孩子/n睡觉/vi时/ng蹬/v踹/v被子/n，/wd结果/n被子/n倒下/v压/v住/vi了/ule孩子/n，/wd而/cc妈妈/n因为/c睡着/v了/ule没有/d及时/ad发现/v，/wd导致/v悲剧/n发生/v…/ws
…/ws
新生儿/n发生/v意外/ad伤害/v较/d多/a的/ude1就是/d窒息/vi和/cc烫伤/vi，/wd其中/rz，/wd窒息/vi发生/v几率/n最高/a。/wj
遇到/v新生儿/n发生/v窒息/vn事故/n，/wd家长/n应该/v怎么/ryv办/v？/ww
婴儿/n爱/v尽情/d地/ude2用/v口/n探索/vn世界/n。/wj
小/a积木/n、/wn硬币/n、/wn纽扣/n或/c塑料袋/n，/wd都/d有/vyou可能/n成为/v危险物品/n，/wd在/p瞬间/t使/v孩子/n发生/v窒息/vi危险/an。/wj
如果/c孩子/n吞/v吃/v小/a部件或/n呼吸道/n被/pbei阻塞/v而/cc导致无法/n正常/ad呼吸/v，/wd第一/m时间/n采取/v急救/vn措施/n非常/d重要/a。/wj
1./m对/p1/a岁/qt以下/f的/ude1婴儿/n，/wd可以/v让/v他/rr脸/n朝/tg下/f趴/v在/p妈妈/n的/ude1大/a腿/n上/f，/wd注意/v要/v使/v宝宝/n头/n的/ude1水平/n位置/n比/p身体/n更/d低/a些/q。/wj
妈妈/n用/p小拇指/n一侧/f的/ude1手掌/n对准/v宝宝/n两/m个/q肩胛骨/n之间/f的/ude1脊/x椎/x部位/n，/wd连续/ad拍击/v5/f～/ws
8/a次/qv，/wd注意/v拍击/v要/v有/vyou一定/b的/ude1力量/n，/wd但/c不/d要/v用/p力/n过/uguo猛/x。/wj
这样/rzv通常/d会/v帮助/v宝宝/n咳/v出/vf异物/n。/wj
如果/c是/vshi1/a岁/qt以上/f孩子/n，/wd尽量/d让/v他/rr自己/rr咳/v出来/vf。/wj
如果/c孩子/n不/d能/v咳嗽/vi，/wd不/d能/v说话/vi或/c发声/vi，/wd你/rr要/v立刻/d站/vi到/v孩子/n身后/f，/wd进行/vx腹部/n快速/d挤压/v以/p排/v出/vf异物/n。/wj
具体/a方式/n是/vshi：/wm两/m手臂/n从/p背后/f抱/v住/vi孩子/n，/wd一/m只/q手/n握/v拳/qv，/wd大拇指/n朝/tg内/f顶住/v孩子/n肚脐/n以上/f、/wn胸骨/n中间/f的/ude1位置/n，/wd另/rz一/m只/q手/n抓/v住/vi拳头/n，/wd用力/ad往/v上/f挤压/v，/wd直到/v异物/n被/pbei排/v出/vf。/wj
2./m第一时/m间/q拨/v打/v120/m急救/vn电话/n，/wd并/cc找/v家/q人/n或/c邻居/n帮忙/vi。/wj
呼吸道/n异物/n是/vshi非常/d危险/a的/ude1，/wd几/m分钟/qt就/d可以/v导致/v死亡/vi，/wd最佳/z的/ude1抢救/vn时间/n是/vshi在/p6/vg～/ws
10分钟/t，/wd一般/ad超过/v6分钟/t大脑/n就/d会/v受损/vi。/wj
3./m其次/c，/wd要/v保证/v婴儿/n的/ude1气/n道/qv通畅/a，/wd具体/a做法/n就是/v把/pba脖子/n稍微/d往后/t仰/v，/wd从/p肩膀/n下面/f稍微/d垫高/n一点/m或者/c用/p手/n托/v着/uzhe，/wd然后/c进行/vx人工呼吸/nl急救/vn，/wd再/d配合/v做/v胸部/n按压/v。/wj
