选择 火车 ， 就 代表 你 愿意 用 最 从容 的 方式 ， 让 故事 自然而然 在 旅程 中 发生 。
如果 你 成长 在 走 出 火车站 50 米 就 能 摸 到 太平洋 的 地方 ， 也许 你 也 会 像 他 一样 ， 爱上 铁道 旅行 。
刘克襄 是 一 位 自然 控 ， 你 能 从 他 的 文字 读 到 关于 寻找 灭绝 云豹 的 故事 、 土 芒果 的 历史 甚至 环 颈 鸻 （ 一 种 古老 的 候鸟 种群 ） 的 迁徙 路线 。
他 还 是 火车 控 ， 收集 火车票 自然 是 爱好 之一 ， 连 30年 前 的 大陆 火车 旅游 指南 他 都 研究 过 。
采访 中 ， 他 反复 抛 出 火车 理念 ： “ 我 迷恋 于 把 自己 交给 一个 既定 的 行程 ， 不 需要 费心 于 寻找 方向 ， 不 需要 应 对 任何 交通状况 ， 而是 可以 看看 两边 的 事物 ， 观察 其他 的 搭乘 者 。 ”
刘克襄 印象 最 深 的 ， 是 十七八 岁 时 ， 最后 一 次 陪 失明 的 祖父 坐 火车 的 点滴 。
那 次 ， 祖父 选 了 开 得 特别 慢 的 列车 ， 打开 车窗 ， 喝 着 茶 ， 一边 闻 窗外 的 味道 ， 一边 重温 沿 站 的 风景 。
每 经过 一个 地方 ， 便 问 ： 这 是 哪里 ？
有 什么 东西 ？
刘克襄 一路 口述 ： 这 是 一 片 玉米 田 ， 那里 建 了 一 座 化工厂 ， 再 往 前 是 一 条 溪流 ， 最 远 的 地方 ， 还有 一 座 山 。
在 香港 教书 的 日子 里 ， 刘克襄 常 鼓励 学生 从 香港 坐 慢 驶 列车 到 北京 ， 他 的 儿子 也 常 被 灌输 坐 火车 的 好处 。
父子 俩 会 故意 坐 到 某 站 品尝 当地 的 铁道 便当 ， 或 到 郊外 爬山 甚至 到 乡下 买 完 土 菜 再 回家 做饭 。
坐 火车 有 什么 好处 ？
他 说 ： “ 比 起 坐 飞机 ， 搭 火车 是 一 种 逆向 思考 。
因为 一旦 选择 了 火车 ， 就 代表 你 并 不 急 着 赶往 目的地 ， 而是 愿意 用 最 从容 的 方式 ， 让 故事 自然而然 在 旅程 中 发生 。 ”
千禧 年 1月 1日 ， 刘克襄 选 了 在 台湾 没什么 人 去 的 小站 —— 三 貂岭 ， 打算 从 这 乘车 往 另 一个 小 站 —— 菁 桐 。
他 早上 9点 多 便 到 了 三 貂岭 。
意料之中 —— 那 是 一个 非常 空旷 地方 ， 只有 零零星星 的 铁道 服务员 与 途 人 。
当 他 下 车 去 买 开 往 菁 桐 站 的 票 ， 售票员 却说 ， 车票 已 被 前 一 位 年轻人 全 买 了 ， 买 的 还是 刘克襄 最 爱 的 ， 适合 长时间 保留 的 硬 纸票 。
他 看 着 那 位 年轻人 正 准备 坐 火车 回 大 城市 ， 便 上前 询问 ， 发现 那 是 一 位 日本 人 。
年轻人 解释 说 ， “ 三 貂岭 ” 和 “ 菁 桐 ” 这 几 个 汉字 ， 有 一 种 孤独感 。
当 在 地图 里 看 见 这 两 个 站 名 ， 便 想 如果 能 在 千禧 年 ， 在 一个 小 岛 的 小站 享受 这种 孤独 的 流浪 感 ， 是 一 种 很 好 的 记录 。
于是 ， 便 买 了 一 堆 ， 打算 分送 给 朋友 ， 共享 孤独感 。
类似 这种 火车 奇遇 ， 刘克襄 脑 里 存 了 一 堆 。
除了 在 意 铁道 沿途 的 生态 环境 与 土产 风物 ， 刘克襄 也 爱 探究 火 车厢 内 的 设备 。
在 他 看来 ， 如果 台湾 、 日本 、 欧洲 适合 短时间 火车 旅行 ， 那么 美国 和 亚洲 大陆 则 更 适合 坐 奢华 列车 游 。
因为 站 与 站 距离 太 远 ， 火车 设备 越 丰富 ， 体验 越 完美 。
他 理想 中 的 火车 旅行 ， 是 与 亲人 一 起 从 香港 坐 到 北京 ， 或 从 上海 坐 到 乌鲁木齐 。
一 条 从 南 向 北 ， 一 条 由 东向西 ， 可以 分别 用 10 天 ， 慢慢 走 慢慢 看 。
其实 坐 火车 ， 只是 刘克襄 为了 探寻 人文 风土 的 延伸 与 借口 。
好比 他 最 想 沿着 福建 的 小镇 慢 游 。
他 说 ： “ 因为 在 台湾 ， 经常 能 看见 刻 有 “ 来自 福建 ” 的 墓碑 ， 我 很 想 看看 这些 地方 ， 很 想 了解 为什么 这些 地方 的 人 会 跑 到 台湾 ， 窥视 他们 与 台湾 的 关系 。 ”
所有 以 到达 为 目的 的 旅行 都 不 是 好 旅行 。
飞机 上 的 传说 ， 大多 是 美 式 快餐 ： 英雄 瞬间 制服 歹徒 ， 搞 得 血肉 横 飞 ； 或是 ， 空姐 在 头等舱 邂逅 大款 的 “ 一 夜 干 ” 。
故事 再 精彩 ， 都 得 跟 电影 《 盗 梦 空间 》 一样 ， 飞机 落 了 地 后 ， 才 知道 结尾 。
火车 却 不 一样 ， 东方 快车 上 的 谋杀 案 ， 杀人 的 深思熟虑 ， 破 案 的 也 有 时间 来 斗智斗勇 。
火车 上 的 故事 ， 总 能 有 点 曲折 纠缠 的 戏码 ， 而 它 的 中途 停 站 ， 也 能 带 出 故事 的 不同 走向 。
时速 超过 300 公里 的 高铁 ， 在 某种 程度 上 已经 不 算 “ 火车 ” 。
乘客 都 是 未 到 站 便 候 在 车 门口 ， 门 一 开 ， 便 四 散 去 。
它 的 目的 只 是 到达 ， 旅途 中 窗外 的 风景 在 减速 玻璃 里 都 来不及 欣赏 。
我 的 朋友 在 意大利 南部 的 一个 小 火车站 里 有 过 一个 浪漫 故事 ， 那 是 铁路 大 罢工 的 时候 ， 在 久 等 着 不知 何时 到 的 车 时 ， 她 与 对面 站台 上 的 男生 隔 着 铁轨 开始 对话 ， 两 人 随即 去 站 旁 的 小 酒馆 饮酒 等 车 。
换 作 高 铁 ， 这样 浪漫 的 意 式 段子 绝不 会 发生 。
沃尔特 ?
迪士尼 在 曼哈顿 到 好莱坞 的 火车 上 构思 出 了 米老鼠 ， 现在 在 飞机 上 喝 香槟 的 美国 电影 人 再 也 构思 不 出 这么 生命力 常青 的 角色 。
史 上 最 常青 的 科幻 剧 《 神秘 博士 》 在 被 BBC 复活 后 ， 每周 的 剧情 也 由 两 位 编剧 在 从 伦敦 到 威尔士 的 火车 上 构思 出来 ， 由于 路途 足够 长 ， 他俩 又 顺带 构思 出 了 新版 福尔摩斯 剧 《 夏洛克 》 。
但 大多数 人 也许 只 能 像 王尔德 那样 ， 带 本 日记 或 “ 感性 的 读物 ” 上 车 ， 剩下 的 故事 ， 就 由 列车 来 帮 你 填 满 。
这些 内容 或许 是 窗外 的 景色 ， 或许 是 车上 的 人 ， 都 不 是 成员 庞大 且 只能 在 无边 大海 中 行驶 的 游轮 可以 比拟 的 。