《 时代 》 周刊 早 些 年 评论 ： “ 没有 去 过 10CorsoComo 的 米兰 之 行 是 不 完整 的 。 ”
这家 1990年 由 意大利 艺术 画廊 人 及 时尚 杂志 编辑 卡拉 ?
索扎尼 （ CarlaSozzani ） 创办 的 生活 方式 潮 店 ， 一 开始 只有 书店 和 画廊 部分 ， 后来 逐渐 加入 时装 、 设计 品 、 餐饮 及 精品 酒店 ， 但 无论 加上 什么 内容 ， 都 让 人 觉得 那 是 创始人 卡拉 生活 的 一部分 。
这种 比 精品 买 手 店 多 一点 、 比 百货公司 精 一点 的 经营 模式 尤其 受到 在 奢侈 及时 尚 消费 上 新 崛起 的 亚洲 人 的 拥戴 —— 没有 比 这些 新兴 奢侈品 市场 更 有 卡拉 所 称 的 “ 对 时尚 生活 的 好奇心 ” 了 。
更 何况 这 还 源自 意大利人 卡拉 的 “ 慢 购物 ” （ slowshopping ） 概念 ， 有 逛 有 坐 有 交流 有 艺术 ， 对于 还 在 学习 怎么 过 现代 生活 的 亚洲 人 尤其 有 杀伤力 。
10CorsoComo 的 分店 全 开 在 亚洲 ： 与 川 久 保 玲 的 CommedesGarcons 合作 的 东京 店 于 2002年 开张 ； 与 三星 集团 合作 的 首 尔 店 于 2008年 开张 ； 4年 后 ， 又 有 第二 家 10CorsoComo 出现 在 首 尔 ； 今年 9月 ， 上海 店 开张 ， 选址 在 中国 最高 大 上 的 南京 西 路 ， 业主 是 旗 下 收罗 了 中国 各 大 顶级 零售 物业 的 九龙 仓 。
九龙 仓 中国 置业 有限公司 助理 董事 兼 总经理 ( 上海 业务 ） 邵永官 透露 ， 10CorsoComo 所在 的 会德丰 国际 广场 在 建造 中 忍痛 先后 砍 掉 了 商场 和 酒店 两 块 —— 为了 宽敞 舒适 的 使用 感受 。
因此 ， 位于 北 院 、 占地 四 层 的 10CorsoComo 也 是 静 安 商 圈 难得 一 见 空间 与 采光 都 不 紧巴巴 的 购物 场所 。
虽然 平时 不 “ 亲自 ” 购物 ， 邵永官 说 ： “ 我 会 比较 乐意 陪同 太太 在 这里 购物 ， 她 在 里面 slowshopping ， 我 可以 在 其他 区域 喝 杯 咖啡 或者 看看 书 挑 张 唱片 什么 的 ， 不 会 觉得 浪费 时间 。 ”
虽然 分店 一律 沿用 自 米兰 店 起 的 美国 艺术家 KrisRuhs 设计 店铺 的 视觉 ， 也 声称 要 将 原汁原味 的 “ 全球 时尚 生活 圣殿 ” 带入 中国 ， 一 开始 的 10CorsoComo 还 是 装满 了 菲 拉格 慕 、 芬迪 、 阿莱拉 和 Alessi 这些 已经 在 中国 接 上 地气 的 品牌 ， 目的 据说 是 为 让 本地 顾客 “ 慢慢 接受 CorsoComo ” 。
其 独有 品牌 主要 集中 在 家居 设计 领域 ： EclecticbyTomDixon 、 Fornasetti 、 LigneBlanche 等 ， 都 是 以往 只能 在 家居 杂志 的 硬 照 上 看到 的 。
顶楼 画廊 的 首 展 是 10CorsoComo 过往 所有 展览 的 回顾 ， 这 是 把 消费品 位 上升 到 “ 生活 形态 ” 、 让 购物 慢 起来 的 重要 部分 。
有 赫尔 穆特 ?
纽顿 这样 大名鼎鼎 的 名字 吸引 ， 也 有人 直奔 展览 而 来 ， 但 他们 未必 能 像 米兰 的 顾客 那 般 转头 去 店 里 毫不犹豫 买 件 上万 的 衣服 。
首季 过后 ， 据说 店 里 货物 基本 清 空 ， 买 手 着手 开始 引入 更 多 意大利 独立 设计师 作品 ， 下一场 美国 时尚 插画 师 TonyViramontes 的 展 也 将 要 开始 ， 为了 让 中国 新 富 的 生活 品位 “ 慢 ” 下来 ， 10CorsoComo 的 步伐 可 一点 不 慢 。
中国 人 爱 买 奢侈品 不 假 ， 刚 过去 的 十一 黄金 周 ， 平均 每 位 中国 游客 在 英国 购买 了 8000 英镑 的 商品 ， 而 中国 游客 又 最 青睐 打折 的 奢侈品 ， 邻近 伦敦 的 比斯 特 购物 村 （ BicesterVillage ） 便 成 了 必 到 之 地 既然 是 奢侈 购物 ， 在 品牌 选择 上 首先 就 得 突破 。
以往 只 靠 买 手 店 传播 的 设计师 品牌 是 ChicOutletShopping 的 一 大 招牌 。
比斯 特 购物 村 有 TemperleyLondon ， 都 柏林 的 可 尔 代 尔 （ Kildare ） 购物 村 有 AnyaHindmarch ， 西班牙 两 家 购物 村 有 Desigual ， 河谷 （ LaVall é e ） 购物 村 则 走 巴黎 风 ： Sandro 、 Maje 、 Carven 和 最新 的 VanessaBruno 都 不 是 走 寻常 购物 村 路线 的 潮 牌 。
这些 在 买 手 店 里 过 了 两 季 还 坚持 只 打 六 折 的 潮 牌 ， 在 这里 往往 会 以 低 至 四 折 的 价格 出售 上 一 季 的 货物 ， 很多 还 是 全球 仅 此 一 间 折扣 店 。
比姆斯 认为 ， 这些 独特 的 品牌 组合 对于 开始 寻找 自身 独特性 的 中国 游客 有 致命 杀伤力 ， “ 他们 的 涉猎 面 更 广 ， 眼光 也 更 精明 ” 。
低价 并 不 代表 低 水准 的 服务 。
布置 时髦 的 购物 村里 ， 平均 有 60 个 至 140 个 精品 商铺 ， 所有 商铺 都 按照 正 价 零售店 装修 ； 餐厅 也 绝不 只是 用 来 在 血 拼 中 果 腹 ， 布鲁塞尔 、 安特卫普 和 科隆 近郊 的 Maasmechelen 购物 村里 ， 就 有 米其林 大 厨 AlexClevers 的 创意 餐厅 。
每家 购物 村 的 游客 信息 中心 都 提供 媲美 奢华 酒店 的 接待 服务 ， 在 全球 零售 服务业 获奖 无数 ； 其中 更 有 只有 奢侈 百货 会 有 的 —— 私人 导购 。
预定 这 项 服务 的 VIP 不但 可以 享有 私人 司机 接送 ， 还 能 享用 村里 的 贵宾 休息室 、 特殊 折扣 和 免提 购物 ， 导购员 还 会 为 客人 量 身 定做 购物 方 案 —— 当然 是 多 语种 的 。
寻常 的 购物 村 只 为 客人 提供 他们 需要 的 ， 而 ChicOutletShopping 则 更进一步 ， 旨在 告诉 客人 你 需要 什么样 的 品位 。
今年 3月 ， 购物 村 创意 总监 克拉克 ?
爱德华 （ ClarkEdwards ） 创作 了 一 部 风格 独特 的 短片 ， 向 电影 《 偷 天 游戏 》 （ TheThomasCrownAffair ） 致敬 的 同时 ， 融入 该 季 所有 奢侈 配饰 ， 美轮美奂 。
ChicTV 则 是 购物 村 品牌 下 的 时尚 网络 频道 ， 每 有 时装 界 盛事 ， 必 少不了 他们 发布 的 特别 报道 ， 提升 购物 迷 的 眼界 。
最 吸引 人 眼球 的 还有 购物 村 时不时 推出 的 堪 比 时尚 界 盛事 的 “ 非 促销 活动 ” 。
比斯特 每年 便 有 和 英国 时装 协会 独家 合作 的 设计师 联展 ， 今年 联展 上 出现 的 有 NicholasKirkwood 、 PeterPilotto 、 Preen 和 JonathanSaunders 等 ， 绝对 是 一 场 未来 时装 大师 的 普及 课程 ； 河谷 则 定期 有 艺术 展出 ， 目前 进行 的 展览 “ 艺术 的 行业 ” （ MetiersD ’ Art ） 展现 三 个 年轻 艺术家 制作 的 高级 定制 服装 和 帽 饰 。