通过/p喜剧片/n《/wkz疯狂/a的/ude1石头/n》/wky，/wd几乎/d没/v人/n会/v认为/v导演/n宁浩/nr没/d有/vyou才华/n，/wd人们/n大多/d会/v以/p一/m种/q新奇/a和/cc赞美/v的/ude1眼光/n，/wd看待/v这/rzv位/q被/pbei誉为/v可以/v接/v冯小刚/nr班/n的/ude1年轻/a导演/n。/wj
宁浩/nr的确/d是/vshi那种/r拥有/v才华/n且/c藏/v不/d住/vi的/ude1导演/n，/wd戏谑/vi、/wn解/v构/vg、/wn模/ng仿/x、/wn黑色/n幽默/an，/wd在/p他/rr那/rzv都/d成/v了/ule可以/v随时/d下/vf锅/n的/ude1作料/n。/wj
当/p才华/n得以/v印证/v，/wd随时/d可能/v升级/vi为/p野心/n。/wj
而/cc野心/n是/vshi宁浩/nr在/p《/wkz无人区/n》/wky之前/f未曾/d给予/vx我们/rr展示/v过/uguo的/ude1，/wd在/p这部/r历经/v四年/m的/ude1漫长/a修改/vn的/ude1作品/n中/f，/wd即便/c如今/t在/p大/a动手术/vi删减/v剧情/n以及/cc重新/d拍摄/v之后/f，/wd你/rr也/d能/v看出/v这部/r电影/n所/n被/pbei寄予/v的/ude1野心/n胚胎/n。/wj
无人区/n即/d为/v没有/v人性/n的/ude1区域/n，/wd或者/c此/rzs番/qv在/p银幕/n里/f较量/v的/ude1人/n都/d已/d丧失/v了/ule人性/n，/wd这/rzv是/vshi一/m部/q天生/d注定/v黑色/n的/ude1电影/n。/wj
每/rz一个/mq宁/ag浩/ag的/ude1影迷/n，/wd在/p长/ad达/v四年/m的/ude1反复/d期待/v中/f，/wd也/d一定/d对/p这部/r电影/n的/ude1大概/d走向/v和/cc基本/a气氛/n了然/v于/p胸/ng，/wd公路/n片/ng、/wn猎杀/v、/wn残酷/a、/wn对/p决/vg、/wn野蛮/a、/wn西部/f，/wd以及/cc比/p荒漠/n环境/n更/d恶劣/a的/ude1人心/n环境/n…/ws…/ws
显然/a，/wd宁浩/nr要/v用/p一/m部/q较劲/v的/ude1作品/n试图/v去/vf摆脱/v他/rr身上/s那个/rz如同/v烙印/n般/uyy的/ude1喜剧/n标签/n。/wj
“/wyz无人区/n”/wyy是/vshi一个/mq太/d好/a的/ude1意象/n，/wd宁浩/nr有/vyou向/p英/b美/b类型/n片/q导演/n看齐/vi的/ude1野心/n，/wd只/d是/vshi这样/rzv的/ude1题材/n注定/v难过/a审查/vn关/n。/wj
《/wkz无人区/n》/wky涉及/v的/ude1既/c非/b敏感/a政治/n，/wd也/d非/b当下/t社会/n现实/n，/wd而是/c一/m种/q古今中外/n都/d可以/v遇到/v的/ude1人心/n问题/n，/wd在/p恶劣条件/n下/f看/v那些/rz一个个/m变质/vi乃至/c坏死/vi的/ude1人心/n，/wd没有/d比/p这/rzv更/d充满/v黑色/n意境/n的/ude1了/y。/wj
可/v既然/c为/p人性/n的/ude1一/m种/q，/wd又/d为什么/ryv不/d能/v展示/v呢/y?/ww
我/rr的/ude1理解/vn是/vshi，/wd可能/v编导/n初衷/n是/vshi讲述/v一/m群/q跟/p动物/n一样/uyy的/ude1人/n的/ude1故事/n，/wd如同/v片中/s反复/d出现/v的/ude1猴子/n的/ude1寓言/n，/wd这/rzv是/vshi一个/mq无/v人/n的/ude1区域/n里/f发生/v的/ude1故事/n。/wj
即/d为/v“/wyz无人区/n”/wyy，/wd就/d应该/v是/vshi满盘/n皆/d是/vshi坏/a人/n的/ude1故事/n，/wd一个个/m站立/vi行走/vi的/ude1人/n，/wd在/p诱惑/vn、/wn金钱/n、/wn危难/n面前/f人性/n一/m次/qv次/qv倒/vi掉/v，/wd堕入/v无尽/b的/ude1黑暗/an，/wd他们/rr丧失/v人性/n后/f的/ude1嘴脸/n，/wd是/vshi其/rz与/p动物/n归/v为/p一/m群/q的/ude1通行证/n…/ws…/ws
经/p修改/v后/f的/ude1故事/n，/wd角色/n从/p一个/mq只有/c动物/n生活/vn的/ude1无/v人性/n的/ude1野蛮/a区域/n，/wd变成/v一个/mq爱情/n线索/n导致/v的/ude1光明/n尾巴/n。/wj
至此/d，/wd这个/rz电影/n已经/d七零八/m碎/a了/y。/wj
在/p《/wkz无人区/n》/wky的/ude1故事/n中/f，/wd既/c有/vyou宁浩/nr原来/d喜欢/vi的/ude1城市/n得意/a中产阶级/nl形象/n（/wkz徐峥/nr扮演/v的/ude1律师/n）/wky，/wd也/d有/vyou野蛮/a的/ude1悍匪/n和/cc插科打诨/vl的/ude1小/a混/x混/x，/wd跟/p以往/t不同/a的/ude1一点/m是/vshi，/wd宁浩/nr这/rzv次/qv使用/v了/ule女性/n角色/n，/wd且/c还是/v一个/mq妖媚/a的/ude1妓女/n。/wj
宁浩/nr本人/rr承认/v过/uguo的/ude1师从/v昆汀/nrf?/ww
塔伦蒂诺/nrf、/wn盖/v?/ww
里奇/nrf，/wd在/p他们/rr经典/n作品/n中/f都/d是/vshi排斥/v女性/n角色/n，/wd或者/c说/v他们/rr的/ude1故事/n中/f不/d肯/v将/p女性/n这个/rz男性/n对立/vi的/ude1性别/n置于/v故事/n的/ude1叙事/vn中/f。/wj
在/p《/wkz疯狂/a的/ude1石头/n》/wky中/f，/wd宁浩/nr也/d这么/rz做/v了/y，/wd因为/c在/p多/a线索/n叙事/vi的/ude1故事/n中/f，/wd冲突/vi来源于/v利益/n各方/r的/ude1追逐/vn，/wd而/cc没有/v了/ule男/b女/b爱情/n之类/rz的/ude1发展/vn空间/n。/wj
余/m男/b扮演/v的/ude1妓女/n，/wd从/p开始/v就/d没有/v一/m句/q话/n是/vshi真/a的/ude1，/wd不仅/c与/p其/rz演/v对手/n戏/n的/ude1律师/n，/wd连/ulian观众/n都/d可以/v把/pba她/rr的/ude1台词/n视为/v一/m种/q无效/vi，/wd她/rr在/p前/f大半/m段/q一直/d是/vshi这个/rz黑色/n地带/n黑色/n人心/n叙事/vn中/f的/ude1一/m环/q。/wj
故事/n到/v了/ule结尾/n，/wd变成/v律师/n与/cc妓女/n产生/v了/ule莫名其妙/al的/ude1爱情/n，/wd这/rzv虽然/c迎合/v了/ule我们/rr公映/v电影/n中/f的/ude1正面/n、/wn积极/a和/cc向/p善/ag的/ude1价值观/n要求/n，/wd却/d对/p整/m部/q作品/n的/ude1叙事/vn策略/n来说/uls，/wd是/vshi一/m种/q严重/a的/ude1逆/vg反/vi，/wd这种/r逆/vg反/vi造成/v过/vf了/ule观众/n从/p审美/vn角度/n对/p主创/vn产生/v了/ule极度/d的/ude1不满/an。/wj
毫无疑问/dl，/wd这/rzv是/vshi一/m部/q被/pbei人/n为/v严重/ad干扰/v乃至/c造成/v过度/vd伤害/v的/ude1作品/n。/wj
宁浩/nr在/p采访/v中/f也/d数/m次/qv自嘲/vi，/wd自己/rr不/d是/vshi艺术家/n，/wd要/v混/x饭/n吃/v，/wd要/v靠/p电影/n公映/v的/ude1票房/n来/vf养家/vi糊/a口/n。/wj
这/rzv倒/d是/vshi符合/v了/ule宁浩/nr一贯/d嬉皮笑脸/al的/ude1内心/n，/wd他/rr不/d可能/v为/p一/m部/q作品/n强势/n和/cc独断/vi地/ude2不/d肯/v修改/v，/wd沦为/v被/pbei禁/v的/ude1电影/n已经/d不/d是/vshi这/rzv一代/n影/ng人/n所/usuo能/v承受/v的/ude1了/y。/wj
如果/c将/p尺度/n和/cc审美/vn放置/v在/p现有/vn制度/n之下/f，/wd也/d就是/v考察/v宁浩/nr2对/p此/rzs的/ude1应变/vn能力/n，/wd那么/c现有/v公映/v版本/n的/ude1《/wkz无人区/n》/wky可以/v说/v完成/v度/qv不/d高/a，/wd它/rr成/v了/ule满足要求/n而/cc草草/d了事/vi的/ude1作品/n。/wj
所谓/v曲线/n救国/vi这/rzv件/q事/n，/wd宁浩/nr并/cc没有/d掌握/v，/wd在/p制度/n和/cc个人/n诉/vg求/v上/f，/wd宁浩/nr选择/v了/ule符合/v前者/rzv，/wd但/c没有/d很/d好/a地/ude2实现/v后者/rzv，/wd或者/c说/v他/rr已/d无意/v于/p将/d之/uzhi做成/v一/m部/q拐弯抹角/vl斗智斗勇/vl的/ude1作品/n了/y。/wj
冬/tg歇/v前/f，/wd《/wkz傲骨/n贤/ag妻/ng》/wky刚好/d播/v到/v第100/m集/q，/wd在/p“/wyz放大/v招/n”/wyy和/cc“/wyz纪念碑/n”/wyy意义/n共存/vi的/ude1一/m集/q里/f，/wdL/x&/xG/x律师/n事务所/n分/qt崩/v离析/n，/wd男/b主角/nWill/x代表/n的/ude1权/n势派/n和/cc女/b主角/nAlicia/x代表/n的/ude1革命派/n对簿公堂/vl，/wd惆怅/an旧/a欢/ad如/v梦/n，/wd眼前/s相爱/vi相/d杀/v，/wdWill/x这/rzv位/q深受/v女性/n观众/n“/wyz怜爱/v”/wyy的/ude1钻石/n王/nr1老五/n终于/d把/pba自己/rr虐/ag哭/v。/wj
《/wkz傲骨/n贤/ag妻/ng》/wky首播/v于/p2009年/m，/wd开局/vi就/d是/vshi深陷/v丈夫/n性/ng丑闻/n风波/n的/ude1政客/n妻子/n上岗/vi再/d就业/vi。/wj
人物/n的/ude1影射/v意味/n，/wd让/v上/f至/p总统/n下/f至/p州长/n都/d有/vyou人/n躺/v枪/n。/wj
剧组/n为/v避嫌/vi，/wd将/p背景/n移师/v到/v了/ule相对/d清静/a的/ude1芝加哥/nsf。/wj
打/v着/uzhe擦边球/n吸引/v来/vf的/ude1观众/n，/wd逐渐/d被/pbei剧/n集/vg本身/rz的/ude1厚度/n征服/v。/wj
但/c所谓/v不/d破/v不/d立/v，/wd第四/m季/ng收/v视/vg的/ude1走低/v催生/vi了/ule第五/m季/q大/a开/v大/a阖/x，/wd编剧/n把/pba四年/m累积/v的/ude1一切/rz推翻/v。/wj
律/vg政/ng“/wyz玛丽苏/nrf”/wyy（/wkz意/b为/p人/n见/v人/n爱/v的/ude1主角/n，/wd跟/p人气/n角色/n暧昧/a纠缠/vn，/wd剧情/n围/v她/rr而/cc转/v）/wkyAlicia/x重/v拾/m人/n生/v，/wd焕发/v光彩/n后/f，/wd在/p新/a一/m季/q中/f自立/vi门户/n，/wd终于/d踩/v上/vf了/ule老/a东家/n的/ude1肩膀/n。/wj
这个/rz妇女/n当/v自强/vi的/ude1故事/n在/p中国/ns早/a被/pbei奉/v上/vf神坛/n，/wd第五/m季/q更/d是/vshi打破/v美/b剧/n虎头蛇尾/vl的/ude1宿/vg命/n，/wd剧/dg迷/v无/v不/d带/v着/uzhe自豪/a说/v：/wm高端/n—/wp画面/n的/ude1色调/n、/wn构图/vi的/ude1美感/n、/wn剪辑/vn的/ude1巧妙/a、/wn细节/n的/ude1挠/v心/n，/wd连/ulian服装/n的/ude1每/rz一/m丝/q褶皱/n都/d充满/v韵味/n。/wj