在/p一/m篇/q揶揄/v英式/b早餐/n的/ude1文章/n中/f，/wd作者/n写/v道/v：/wm英式/b早餐/n，/wd名字/n都/d足以/d让/v地球/n人/n颤抖/vi—/wp优质/b农副产品/n的/ude1最/d惨/a结局/n。/wj
（/wkz某些/rz）/wky无/v节操/n英/b剧/n，/wd又/d何尝/d不/d是/vshi以/p“/wyz国耻/n”/wyy的/ude1方式/n成就/n“/wyz国粹/n”/wyy呢/y？/ww
全/a亚洲/ns人民/n被/pbei粉红/b泡/n出/vf一身/n软/a媚/ag，/wd亦/d庄/nr1亦/d谐/ag的/ude1BBC/x适时/a地/ude2端/v来/vf名/ng为/v《/wkz9/vyou号/q秘事/n》/wky的/ude1暗黑/b料理/vn，/wd饕/x客/ng们/k打/v了/ule个/q满意/v的/ude1饱嗝/n后/f，/wd立马/d被/pbei强烈/a后劲/n弄/v得/ude3生理/n心理/n皆/d不适/a，/wd差点/d就/d噎/v死/v人/n生/v。/wj
可/c别/d小觑/v这个/rz看似/v摆/v不/d上/vf台/b面/n的/ude1恶/ad搞/v剧/n，/wd它/rr其实/d颇/d具/vg文学/n气质/n，/wd不少/m人/n说/v“/wyz欧/b?/ww
亨利/nrf的/ude1作品/n拍/v成电视/n也许/d就/d是/vshi这/rzv副/b德/b性/ng”/wyy。/wj
短篇小说/nl最/d见/v真/a章/n，/wd如果/c一个/mq单元/n剧/n，/wd以/p20分钟/t左右/m的/ude1片/q长/a，/wd交代/v情节/n同时/c，/wd铺设/v层层/q机关/n，/wd隐藏/v毁/v三/m观/vg的/ude1超大/b信息量/n，/wd还/d能/v在/p结尾/n抖/vi出/vf令/v人/n或/c背/v脊/x飕飕/o、/wn血压/n飙升/v、/wn脑筋/n打结/v的/ude1包袱/n，/wd余味/n中/f嗅/v出/vf风格/n化/v电影/n的/ude1气息/n（/wkz譬如/vEP1/x之/uzhi于/p“/wyz暴风雪/n山庄/n模式/n”/wyy，/wdEP2/x之/uzhi于/p《/wkz两/m杆/q大烟/n枪/n》/wky，/wdEP3/x之/uzhi于/p《/wkz致命/viID/x》/wky）/wky，/wd你/rr就/d不得不/d对/p主创/vn的/ude1大脑/n构造/n感到/v好奇/a了/y。/wj
从/p《/wkz疯/vi城/n记/ng》/wky走/v出来/vf的/ude1黄金/n搭档/nSteve/x和/ccReece/x，/wd肯定/d不/d信/v“/wyz人类/n一/m思考/vn，/wd上帝/n就/d发笑/vi”/wyy一/m说/v。/wj
两/m位/q编剧/n一/m脑/n抽/v，/wd把/pba各/rz路/n神/n佛/n妖孽/n召集/v麾下/n，/wd放/v进/vf变态/n、/wn复仇/vi、/wn变性/vn、/wn猥亵/v、/wn精/ad分/v（/wkz精神/n分裂/vi）/wky的/ude1魔方/n里/f，/wd转/v一/m转/v，/wd编/v出/vf一个/mq个/q让/v上帝/n不停/v打喷嚏/vi的/ude1故事/n。/wj
戳穿/v生活/vn的/ude1遮羞布/n，/wd揭破/v带/v进/vf坟墓/n的/ude1秘密/n，/wd暴露/v人性/n深处/s的/ude1阴/a戾/x，/wd在/p他们/rr的/ude1视野/n内/f，/wd没有/v什么/ry人/n和/cc事/n是/vshi神圣/a不容/v侵犯/v的/ude1：/wm老/a爸/n是/vshi连/ulian儿子/n都/d不/d放过/v的/ude1娈/ng童/ng犯/v，/wd娇/a妻/ng是/vshi条/q异/ag装/v癖/ng的/ude1汉子/n，/wd精/ad分/v教师/n陷/vi溺/vg在/p妄想/v里/f杀人/vi…/ws…/ws
不/d想/v当/p演员/n的/ude1鬼/n才/d不/d是/vshi好/a编剧/n，/wd两/m位/q编剧/n还/d热衷/v在/p自家/rr剧/n里/f以/p各种/rz不/d堪/vg形象/n掺/v一/m脚/q。/wj
同性/b伴侣/n、/wn爆/v头/q笨/a贼/n、/wn精神/n病人/n，/wd从/p涮/v自己/rr到/v涮/v世人/n再/d到/v涮/v上帝/n，/wd像/p恶魔/n毫无/v恻/ag隐/v，/wd像/p顽童/n毫无/v敬畏/v，/wd人物/n和/cc剧情/n越/vg神经/n，/wd神/n剧/dg趋向/v越/d明显/a，/wd谁/ry让/v他们/rr就/d是/vshi这么/rz不/d信/v邪/ag地/n酷/ag呢/y？/ww
《/wkz9/vyou号/q秘事/n》/wky沿袭/v英/b剧/n传统/n：/wm不/d惮/vg于/p以/p最/d坏/a的/ude1恶意/d刺探/v人性/n和/cc生活/vn。/wj
推荐/v的/ude1人/n以/p《/wkz黑/a镜/ng》/wky做/v类比/vi，/wd冠/vi上/f姐妹/n篇/q的/ude1名号/n。/wj
对/p此/rzs，/wd几乎/d可以/v想象/vSteve/x和/ccReece/x嗤之以鼻/vl的/ude1傲/a娇/a模样/n：/wm相对/d于/p气吞山河/vl的/ude1《/wkz黑/a镜/ng》/wky，/wd小/a格局/n的/ude1《/wkz9/vyou号/q秘事/n》/wky恐怕/d要/v敬/v谢/nr1不/d敏/ag。/wj
前者/rzv刷/v的/ude1是/vshi高/a科技/n的/ude1梗/ng，/wd后者/rzv揭发/v的/ude1是/vshi人性/n深处/s的/ude1垢/ng。/wj
别/d对/p《/wkz9/vyou号/q秘事/n》/wky寄/v望/v更/d多/a，/wd除了/p看/v得/ude3过瘾/a，/wd它/rr别/d无/v所/usuo长/v。/wj
但/c艺术/n就/d是/vshi艺术/n，/wd没/d有/vyou义务/d扯/v上/f意识形态/nl和/cc社会/n责任感/n。/wj
况且/c，/wd《/wkz黑/a镜/ng》/wky第二/m季/q已/d明显/ad让/v人/n感到/v形式/n和/cc主题/n对/p戏剧/n本身/rz的/ude1“/wyz挟持/v”/wyy，/wd与其/c端/v着/uzhe公知/n范/nr1儿/ng忧国忧民/vl，/wd倒不如/v看/v两/m个/q慧黠/a玩/v家/q，/wd将/p神笔/n化为/v手术刀/n，/wd解剖/v生活/vn的/ude1“/wyz遗体/n”/wyy，/wd取出/v血淋淋/z的/ude1病灶/n，/wd还/d不/d忘/v像/p烟盒/n上/f“/wyz吸烟/vi有害/a健康/an”/wyy的/ude1字样/n一样/uyy标榜/v：/wm黑色/n幽默/an源自/v于/p对/p生活/vn深深/z的/ude1溺爱/v。/wj
《/wkz9/vyou号/q秘事/n》/wky是/vshi戏剧/n对本/r源/ng的/ude1一/m次/qv回归/v，/wd撇开/v一切/rz非艺术/b因素/n，/wd尽忠/v职守/n地/ude2把/pba戏剧性/n这种/r东西/n玩/v到/v出神入化/al。/wj
人生/n的/ude1变/v奏/v断/v章/q，/wd聚焦/vi在/p九/m号/q门牌/n下/f一个个/m荒诞/an空间/n。/wj
衣柜/n里/f连/ulian呼吸/v都/d是/vshi呈/v堂/q证/n供/vi，/wd戒备/vi森严/a的/ude1豪/ag宅/ng填/v满/a笑料/n和/cc巧合/vn，/wd单身汉/n公寓/n是/vshi真真假假/vl生/v生/v死死的/z灵/a异/ag结/v界/n…/ws…/ws
再/d配/v上/f暗/ad结/v鬼胎/n的/ude1道具/n、/wn突兀/vi的/ude1场景/n切换/vn、/wn诡异/a的/ude1打光/n、/wn神/n叨/x叨/x的/ude1对/p白/a、/wn舞台剧/n式/k的/ude1浮夸/vn表演/vn，/wd每/rz个/q镜头/n都/d被/pbei破/v解/v不/d尽/vi的/ude1伏笔/n和/cc暗喻/v撑/v满/a了/y—/wp它/rr经得起/v一/m看/v再/d看/v，/wd时时/d温故知新/vl，/wd处处/d幡然/d醒悟/vi，/wd没有/v一秒钟/t是/vshi废料/n。/wj
作为/p阅/vg剧/n无数/m的/ude1观众/n，/wd虽然/c从/p第一分/m钟/n就/d预料/v后面/f有/vyou反转/n，/wd但/c只是/d猜中/v形式/n，/wd却/d难/ad猜中/v内容/n。/wj
编剧/n并/cc不/d企图/v征服/v观众/n，/wd而是/c掏/v心窝子/n跟/p他们/rr周旋/vi，/wd明示/v、/wn暗示/v、/wn调戏/v、/wn混/x淆/x、/wn障眼法/n，/wd用/p尽/vi一切/rz手段/n和/cc心机/n，/wd撂下/v开放式/b命题/n，/wd令/v脑/n补/v的/ude1想法/n变成/v鞭子/n，/wd抽打/v思维/n的/ude1陀螺/n，/wd钻/v得/ude3人/n心里/s发毛/v。/wj
用/p同样/d恶/ad搞/v的/ude1调调/n来/vf形容/v该剧/r：/wm一/m幕/q幕/n人/n艰/ag不/d拆/v，/wd在/p不/d明/tg觉/v厉/ag的/ude1细节/n处/n细/ad思/v恐/vg极/ng，/wd但/c因/p各种/rz神/n展开/v和/cc逆转/vn，/wd绝不/d会/v累/a觉/ng不/d爱/v。/wj
第一/m季/ng目前/t还/d在/p更新/v中/f，/wd第二/m季/q已/d早早/d续订/v。/wj
可/v见/v此/rzs剧/n有/vyou它/rr独特/a的/ude1受众/n市场/n，/wd在/p这个/rz磁场/n里/f，/wd观众/n很/d难/ad匀/v出/vf精力/n去/vf掂量/v拍摄/v手法/n、/wn技术手段/n、/wn思想/n主题/n等/udeng问题/n，/wd他们/rr的/ude1全副/b心智/n都/d用/v来/vf猜测/v内情/n，/wd沉浸/vi到/v故事/n的/ude1无数/m种/q可能/n里/f去/vf了/y。/wj
《/wkz她/rr》/wky这种/r文艺/n片/q材质/n、/wn另/rz类/q主题/n的/ude1作品/n，/wd能/v获得/v奥斯卡/nz最佳/z影片/n提名/vn已经/d是/vshi一/m种/q“/wyz赏赐/v”/wyy了/y…/ws…/ws
将/p《/wkz她/rr》/wky这部/r科幻/b电影/n与/p那么/rz多/a商业/n片/q放/v在/p一起/s，/wd它/rr的/ude1优势/n在于/v一个/mq“/wyz念头/n”/wyy的/ude1成功/an，/wd并/cc为此/d塑造/v了/ule一个/mq完整/a的/ude1逻辑/n，/wd跟/p去年/t备受/v好评/n的/ude1英/b剧/n《/wkz黑/a镜子/n》/wky类似/v，/wd用/p简单/a的/ude1形式/n就/d将/d与/p现代人/n息息相关/vl的/ude1一/m种/q现象/n，/wd乃至/c心理/n状况/n表述/v了/ule出来/vf，/wd它/rr甚至/d都/d无/v需/v揭示/v什么/ry了/y，/wd剧中/n人物/n的/ude1情感/n和/cc纠结/vi就是/v你/rr我/rr的/ude1情感/n和/cc纠结/vi。/wj
如果/c奥斯卡/nz有/vyou最佳/z声/n优/ag奖项/n的/ude1话/n，/wd《/wkz她/rr》/wky中/f斯嘉丽/nr?/ww