生命 # 休闲 # 教育 ) ) ) 兼 论 教育 对 休闲 的 排斥 一  生命  需要 休闲 对于 休闲  人们 有 一个 根深蒂固 的 成见  即 认为 休闲 只 是 工作 的 补充  是 第二 性 的  不 具有 独立 的 意义 和 价值 
这种 成见 成 了 人们 深刻 把握 休闲 意义 的 意识 障碍 
我们 现在 必须 澄清 的 是  / 闲暇 并 不 是 为了 工作 的 目的 而 存在    闲暇 也许 可以 提供 给 进一步 工作所需 的 体能 恢复 或 使 心灵 复原 某种 新 的 动力  但是 闲暇 的 意义 并非 由此 得 到 证明 
0 [ 1 ] 那么  休闲 是 为什么 而 存在 的 
我们 用 什么 来 说明 休闲 的 意义 
答 案 是  生命 
休闲 是 为了 生命 而 存在 的  只 能 站 在 生命 的 高度 来 理解 休闲 的 意义 
生命 成长 的 过程 也 是 遭受 各种 磨难 和 考验 的 过程  在 这 一 过程 中 生命 会 慢慢 竖起 自我 保护 的 / 门坎 0 
这 道 门坎 在 保护 生命 不 受 各种 意外 侵害 的 同时  既 可能 阻碍 生命 活力 的 释放  又 可能 将 一些 新奇 的 美好 事物 挡 在 生命 之外 
这样 一来  生命 似乎 结 了 一个 / 坚硬 的 壳 0  不可避免 地 相对 封闭 起来 
而 / 休闲 是 从 文化 环境 和 物质 环境 的 外在 压力 下 解脱 出来 的 一 种 相对 自由 的 生活  它 使 个体 能够 以 自己 所 喜欢 的  本能 地 感到 有 价值 的 方式  在 内心 之 爱 的 驱动 下 行动 0 [ 2 ] 
这 说明 休闲 是 摆脱 压力  不 为 外在 环境 所 累 的 一 种 相对 自由 的 状态  在 这种 状态 下 生命 的 坚 壳 容易 打开  能够 使 生命 与 外界 形成 / 对流 0 
在 这种 状态 下  生命 放下 了 包袱  一定 程度 上 解除 了 警惕 和 防御 机制  在 相对 的 意义 上 实现 了 生命 的 开放 
/ 闲暇 的 态度 不 是 干预  而是 自我 开放  不 是 攫取  而是 释放  把 自己 释放 出 去  达到 忘情 的 地步  好比 安然 入睡 的 境界 
0 [ 3 ] 与 生命 的 开放 相 联系 的 是 生命 的 真实 
休闲 可以 使 生命 的 真实 得以 彰 显 
首先  在 休闲 状态 下 开放 的 生命 / 卸妆 0 了  相对 地 脱 去 了 各种 角色 面具  能够 在 一定 程度 回归 本 己 
一 套 角色 面具 就 是 一 套 思想 和 行为 模式  带 上 角色 面具 的 生命 就 像 在 磨 道 上 拉 磨 的 驴子  不得不 按 固定 的 轨道 思维 和 行动  走 着 走 着  生命 就 可能 不 知道 自己 是 谁 了 
何况 生命 的 角色 面具 不止 一 套 呢 
不 夸张 地 讲  生命 其实 要 在 不同 的 角色 面具 之间 / 赶场 0  活 在 角色 的 丛林 之中  哪 能 不 累  怎 能 保持 生命 的 真实 
在 / 卸妆 0 的 情况 下  我们 才 可以 摸摸 自己 的 脸  感觉 一下 生命 的 体温  倾听 自己 心灵 的 声音  感受 生命 存在 的 活力 
其次  休闲 的 生命 是 与 自己 协调 一致 的 生命 
/ 当 一个 人 和 自己 成为 一体  和 自己 互相 协调 一致 之 时  就是 闲暇 
0 [ 4 ] 休闲 不同 于 懒惰  更 有别于 不 眠 不休 的 工作狂 
懒惰 实际上 是 放弃 自己  放弃 自己 的 尊严 与 责任  不 想 做 自己 
而 不 眠 不休 的 工作 则 是 另外 意义 上 的 懒惰  不 愿意 反省 自己  不 愿意 体会 自己 生命 的 气息  用 拼命 工作 来 逃避 真实 的 自己 
休闲 则 是 摆脱 束缚 之后 的 自由  开放  既 不 放纵  也 不 强求  是 生命 的 返 朴 归 真 
第三  休闲 的 生命 是 整体 的 生命 
现代 技术 的 发展 使 分工 越来越 细致  每个 人 在 社会 机制 中 只 负责 一个 小小的 环节  进而 从 众多 的 领域 / 脱 域 出来 
这 对 我们 的 意义 是 双重 的  一方面 使 我们 得到 解放  将 自己 有限 的 生命 集中 在 少数 的 事情 上  另一方面 又 使 我们 的 生命 碎片 化  透支 生命 的 某种 功能  而 使 生命 的 其他 部分 / 撂荒 0 
高顿达尔 把 休闲 理解 为 / 人 在 破碎 的 文明 中 的 整合 因素 ( synthesizingfactor ) 0 [ 5 ]  即 休闲 使 人 有 机会 表现 出 全部 的 自我 
戈比 认为 可以 从 休闲 的 同义词 娱乐 ( recreation ) 看出 休闲 有 与 宗教 类似 的 整合 功能 ( integrativefunction )  因为 从 构词 上 看  娱乐 可以 理解 为 / 再造 0 ( re -creation )  即 一 种 对 工作 和 劳动 过程 造成 的 身心 磨损 与 老化 的 修复 与 治疗 过程  使 之 恢复  复原  回 到 原 初 的 或 理想 的 状态 
[ 6 ] 确实  功利 的 世界 在 撕裂 生命  而 休闲 则 起 到 了 一 种 拼 合 生命 的 作用  没有 后者  生命 的 碎片 就 会 飘散 
戈比 的 观点 固然 深刻  但 似乎 还 是 着眼 于 与 工作 的 对照 与 补充 
实际上  我们 还 可以 从 积极 的 意义 上 理解 休闲 的 整合 作用 
