论 我国 高 等 医学 教育 的 人文 改革 与 转变 自古以来  教育 始终 都 是 人类 发展 过程 中 最 重要 的 社会 实践 活动 之一 
它  不仅 谋求 社会 经验 的 复制 和 传承  而且 谋求 社会 经验 的 改造 和 发展   旨在  通过 社会 经验 的 传递  使 活动对象 的 生理 和 心理 素质 发生 改变  ［ １ ］ 
作为 教育 活动 重要 组成部分 的 医学 教育   更 是 以 其 特有 的 关怀 人类 生命 本体 的 人文 精神 内涵  为 人类 的 文明 积累 了 巨大 的 精神 财富  ［ ２ ］ 
不可 否认  无论是 从 教育 的 本质 出发  还是 从 医学 教育 的 目标 来 看  人文 精神 都 是 它们 不约而同 的 最后 归宿 
尤其 是 当 现代 医学 由 生物 医学 模式  向 生物 － 心理 － 社会 模式 转变 的 今天  人文 精神 的 重要性 再次 被 凸显 出来 
因此  考察 我国 高 等 医学 教育 现状  指出 其中 的 不足 之 处  为 培养 兼有 精湛 技术 与 良好 人文 素质 的 医学 人才 提供 方法 上 的 参考  就 显得 非常 必要 了 
一 考察 医学 最初 发源 的 历史  我们 不 难 发现 它 始终 是 与 人类 的 生命 活动 相 关联 的  所谓  治病救人   就 是 意味着 将 病人 的 利益 放在 了 首 位  将 对 生命 的 尊重 和 敬畏 看成 了 医学 最 大 的 责任 伦理  在 这 层 意义 上 说 医学 的 本质 是 人学  一点 也 不 为 过 
相应 地 基于 医学 伦理 之上 的 医学 教育 同样 是 以 此 为 内在 原则 的 
但 不可 否认 的 是  随着 现代 生物 医学 模式 的 生成  人 越来越 被 生物 化 了  其 直接 后果 就 是 现代 医学 教育 思维 的 生物 化转变 
可喜 的 是  以 生物 医学 模式 为 核心 的 医学 教育 的 弊端 逐渐 被 人们 所 认识  在 提出 向 生物 － 心理 － 社会 模式转换 的 同时  人们 已经 开始 意识 到 了 人文 精神 对 医学 的 重要性 
譬如  在 上 世纪 末期  美国 的 高等 医学 院校 基本上 都 增添 了 以 人文 社会科学 为 主要 内容 的 课程  其 目的 主要 在于 转变 医学 教育 观念  探寻 新 的 培养 可 持续 发展 的 医学 生 的 路径  以 求 使 他们 获得 在 医学 实践 中 具备 应对 和 解决问题 的 能力 
我国 当代 的 高等 医学 教育 与 西方 发达国家 相比  还 落后 很多  这种 落后 不仅 表现 在 时间 上  更 大程度 上 是 表现 在 教育 理念 上 
尽管  九五  之后  我国 高 等 医学 教育 实现 了 跨越式 的 发展  但是 在 人文 教育 方面  我们 还 落后 很多 
譬如  以 美国 的 高等 医学 教育 标准 为 例   ６０ 个 指标 里 大概 只 有 三分之一 是 我们 传统医学 的 基础 和 临床 的 概念  而 近 三分之二 是 医学 伦理  医学 道德  人际 交流 能力  大 卫生 的 概念  保健  管理  成本  效率  效益 这样 一些 概念 都 引 人 了 医学 教育  ［ ３ ］ 
这 其中 的 差距 是 显而易见 的  笔者 以为  造成 这 一 状况 的 因素 主要 有 以下 两点 
第一 表现 在 学科 建设 上 
众所周知  我国 的 高等院校 相对 来讲 重视 理科 的 发展  对 人文 学科 的 重视 程度 相对 小 一些  这种 倾向 在 高 等 医学 教育 中 表现 得 更为 明显  有 学者 曾 对 此 作 过 统计   从 人文 课 和 临床 专业课 分别 占 总 课时 的 比例 看  前者 仅 占 ８． ８５％  后者 占 ３６． ５７％ 
再 仔细 分析 人文 课 所 包含 的 课程  实际上 以 ‘ 两 课 ’ 为主  其余 文科 类 课程 甚 少 
为 拓宽 学生 知识面 的 任意 选修课  在 ８４ 所 医学 院校 的 教学 计划 中  只有 １７ 所 （ 占 统计 高校 的 ２０． ２％ ） 高校 单列  而 平均 课时 为 ６２ 学时  仅 占 总 课时 的 １． ７１％ 
更为 严竣 的 是 医学 人文 类 课程  医学 心理学  医学 伦理学 在 临床 医学 课程 体系 中 无 地位 可言 
作者 统计 的 ８４ 所 医学院 校 中  ４０ 所 高校 的 教学 计划 中 未 见 医学 心理学 
其余 的 ４４ 所 院校 平均 学时 仅 为 ３０ 学时  至于 医学 伦理学 处境 更 差  ８４ 所 院校 中 ６５ 所 教学 计划 中 未 见  只有 １９ 所 设置  但 平均 学时 仅 为 １６ 学时 
 ［ ４ ］ 之所以 形成 这 一 现状  正是 因为 前 文 所 述 的 生物 医学 模式 的 出现 所 致  换言之  在 高 等 医学 教育 里  人 的 生物 特征 越来越 被 提起  以致 被 无 限度 地 扩大 
人们 一方面 将 科学 从 人文 精神 中 提取 出 来  把 科学 看做 是 与 人文 精神 并列 的 东西  一方面 将 医学 教育 的 内容 固定 在 生物学 的 基础 之上  将 生理学  解剖学  病理学 等 基础 医学 作为 现代 医学 教育 的 主干 课程 
当然  在 生物 医学 的 本意 上  将 人 做出 生物 与 社会 的 区分  并 不 意味着 是 对 人 的 社会 因素 的 主动 忽视  但是 从 现实 的 教育 实践 来 看  这 一 忽视 还 是 最终 形成 了  它 不仅 直接 促成 了 医学 科学 与 社会科学 的 直接 对立  造成 这 两 种 科学 在 医学 生 心目 中 的 位置 的 不同  而且 还 生发 了 学生 们 将 死记硬背 医学 知识 当做 追求 科学 的 片面 认识  从而 失去 了 对 包含 了 人文 关怀 在内 的 科学 精神 的 真正 理解 
