2 适度 性 原则 
做 任何 事情 都 要 讲究 适度 的 原则 
如果 违反 了 这个 原则  好 的 事情 也 会 向 相反 的 方向 转化 
多媒体课件 虽然 有 很 大 的 优点  但 如果 在 课堂教学 中 不 能 把握 适度 的 原则  也 会 影响 到 教学效果 
例如 一 位 大学 语文 教师 在 讲授 郁 达夫 的 《 故都 的 秋 》 这 篇 散文 时  精心 准备 了 图 音 文件  开始 使用 大量 秋天 的 风景 照片 把 学生 带入 了 情境 之中  而且 放 出来 的 一 首 美丽 的 音乐 也 收到 了 很 好 的 效果 
但是 在 分析 这 篇 散文 的 过程 时  照片 却 一直 不 停 在 换 动  音乐 也 一直 在 反复 地 播放  以致 于 学生 不 能 集中 精力 转 到 课文 的 分析 上来 
后来 在 教学 讨论会 上  很多 同事 指出 其 课件 因 没有 遵循 适度 性 的 原则  才 造成 课件 的 辅助 作用 没有 得到 较 好 地 体现 
（ 三 ） 应 采用 的 制作 方法 及 要求 1 制作 的 课件 要 适合 于 多媒体 的 表现  要 与 教学内容 相 吻合  运用 感知  突出 重点 要 结合 学科 特点  针对 具体内容  适当 运用 课件 
对 传统 教学 手段 难以 解决 的 问题  使用 多媒体 辅助 手段 可以 化 难为 易  帮助 学生 理解 有关 内容 
制作 的 课件 要 适合 于 多媒体 的 表现  充分发挥 技术 的 优势  能 有效 地 解决 重点  难点 问题  能 激发 学生 的 学习 兴趣  提高 教 与 学 的 效率 
在 制作 课件 时  要 运用 现代 课堂教学 理论 已 有 的 成果  联系 学生 实际 去 研究 教材  对 教学内容 进行 恰当 处理  精心设计  以 发挥 其 表现力 
教学 重点 是 构成 知识 体系 中 最 重要 的 本质 性 的 教学内容  是否 突出 强化 教学 重点 是 教学 成败 的 关键 
学生 对 直观 形象 的 东西 容易 感知  易于 理解  乐于 接受 
所以 我们 在 教学 中 适当 使用 多媒体教学 来 突出 教学 重点  给 学生 提供 形象 的 感知  这样 可 使 学生 对 教学 重点 留下 深刻 印象 
制作 课件 突出 强化 教学 重点 的 方法 有 两 个  一 是 利用 色彩 反差 强烈 的 文字 方式 把 教学 重点 十分 醒目 地 展示 给 学生 看  以 加深 印象  二 是 利用多媒体 手段 提供 能够 形象 地 反映 教学 重点 的 画面资料  以 帮助 学生 更 好 地 掌握 学习 重点 
2 恰当 选用 素材  声  像  图  文 并 用  设计 的 课件 要 有 较 好 的 表现形式  力求 美观  大方  新颖  适用 
课堂教学 只 靠 老师 单一 讲授 难以 使 学生 产生 情趣  而 多媒体技术 能 声  像  图  文 并 举  可谓 独具 优势 
我们 制作 课件 时  应该 综合 考虑 教学内容  特点  学生 的 实际  恰当  合理 地 选用 素材  组合 呈现 方式  将 文字 信息 转化 为 具体 情景  化 抽象 为 形象 
力求 课件 的 表现形式 美观  大方  新颖  适用  具有 一定 的 表现力 和 感染力  给 学生 提供 良好 的 视觉 美感 
这样 会 很 容易 把 学生 带入 文 中 所 描绘 的 情景 中 去  从而 感受 文 中 的 意境 美 
3 精心 制作 知识面 宽  信息量 大  交互性  灵活性强 的 课件 
这 主要 运用 于 制作 有 确定性 知识 信息 内容 的 课件  如 作家 作品  时代 背景  层次 主题  写作 特色 等  这些 内容 可以 丰富 学生 的 知识  拓宽 他们 的 视野 
而 传统 教学 对 一些 与 现代 相距 时间 长 的 作品  在 向 学生 介绍 时  其 详 略 难以 把握 
有 了 图文并茂 的 多媒体课件  学生 既 可 通过 作者 的 肖像  文字 简介 认识 作家  从而 加深 印象  又 可 了解 作家 作品 风格  还 可 通过 视频 了解 时代 背景  感受 当时 的 时代 氛围 
现代 教学 手段 最 突出 的 特点 是 具有  交互性   这种 交互性 的 特征 可 增强 学生 的 参与 意识  提高 学生 的 主动性 
因此  老师 要 精心 完善 多媒体课件 的 交互 功能  使 其 结构 灵活  使用 方便  学生 可 控制 自己 的 学习 目标  学习 内容  决定 参与 学习 的 程度 
也 可 用 超文本 结构 的 设计 来 增强 课件 使用 的 灵活性  设有  上 一 步   下 一 步  等  方便 不同 程度 的 学生 学习  使 其 随时 可  进入    退出    返回  
4 努力 创建 个性化  趣味性 强 并 富有 较 好 创意 性 的 课件 
做 课件 是 一 种 复杂 的 创造性 劳动  是 教师 在 遵循 规律 的 基础 上  根据 教学内容 和 对象 的 实际 进行 艺术 创造 和 审美 活动 
它 是 教师 综合 素质 的 表现 
因此  为了 激发 学生 的 创新 思维  教师 制作 的 课件 要 具有  个性化  展示 效果  趣味性 的 表现 手法 
因此  我们 在 制作 课件 时 要 认真 思考  通过 什么样 的 形式  怎样 恰当 地 表现 课文 内容 
如何 使 内容 与 技术 巧妙 地 衔接 
怎样 通过 巧妙 的 艺术 手段 突破 教材 的 时空 限制 来 开阔 学生 的 视野 
多媒体 辅助教学 最 忌  该 用 而 不 用  不 该 用 而 无 目的  无 计划 地 滥用  
