最 有 代表性 的 观点 就 是 以 学校 教育 这 一 特殊 而 专门 的 教育 现象 作为 判定 教育学 属性 的 标准  就 无法 适应 广义 教育学 的 属性 
比如  有 学者 认为 教育学 是 关于 学校 教育 规律 的 科学  其 实质 是 一 种 关于 社会 机构 与 组织 的 学问  因此 其 学科 属性 应 归于 社会科学  又 比如  有 学者 看 到 学校 教育 现象 与 其他 社会 现象 （ 政治  经济  文化  科技 等 ） 有着 密切 的 联系  因此  也 将 之 视为 社会科学 
再次  将 教育学 的 研究 方法 作为 判定 教育学 属性 的 标准 
这 一 标准 有 更 大 的 迷惑 性 
研究 方法 不 属于 学科 的 特权  同一 研究 方法 常常 被 不同 的 学科 所 使用  并 与 该 学科 的 研究 对象 相 结合  才 能 使 该 方法 具有 意义 
比如 观察 法  不管 是 自然科学 还是 人文 社会科学  观察 法 均 被 使用  并 在 不同 的 学科 中 有着 不同 的 操作 要领 
研究 方法 是 什么 
正 如 毛泽东 同志 所 指出 的 那样   我们 的 任务 是 过 河  但是 没有 桥 或 没有 船 就 不 能 过 
不 解决 桥 或 船 的 问题  过 河 就 是 一 句 空话 
不 解决 方法 问题  任务 也 只是 瞎说 一 顿  ［ 4 ］ 
研究 方法 实际 就是 如何  过 河  的 问题 
方法 是 要 服从  服务 于 任务 的 
如果 不 了解 任务  而 空谈 方法  那么 必然 是 无的放矢  甚至 南辕北辙 
教育学 的 研究 方法 也 同样 如此  它 要 为 教育学 的 研究 任务 服务  即 为了 有效 地 研究 教育 现象 及其 规律  研究者 可能 采用 不同 的 方法 
将 研究 方法 作为 决定 教育学 学科 性质 的 依据  就 如同 用  船  或  桥  来 界定  此 岸  或  彼岸  的 性质 一样 可笑 
历史 上 实验 教育学 运用 自然科学 的 实验 法研究 教育  故 将 之 归入 自然科学  德国 以 狄尔泰 为 代表 的 精神 科学 教育 学派 主要 以 理解 与 解释 的 方法 研究 教育  故 将 之 归入 精神 科学 或 人文科学  另外  近年来  因 多 采用 社会学  人类学  经济学  实证  研究 方法 来 研究 教育  而 将 之 归入 社会科学 等  均 不 能 正确 分析 教育学 的 学科 属性 
那么  究竟 应当 如何 判定 教育学 学科 的 性质 呢 
判定 教育学 学科 性质 的 最 重要 也 是 唯一 的 标准 就是 教育学 的 研究 对象 
 如果 认为 教育 是 自然 现象  就 会 把 教育学 划归 到 自然科学 中 去  如果 认为 教育 是 社会 现象  就 会 把 教育学 划归 到 社会科学 中 去  如果 认为 教育 既 是 自然 现象  又 是 社会 现象  就 会 把 教育学 看成 是 自然科学 与 社会科学 的 综合  是 一 种 接 缘 性 科学 或 跨 界 科学 
 ［ 5 ］ 确实 如此  一 门 学科 的 研究 对象 是 该 门 学科 区别 于 其他 学科 的 最 重要 的 标志  也 是 判断 本 门 学科 性质 的 最 可靠 的 依据 
教育学 的 研究 对象 这个 问题 看似 简单  但 在 教育学 领域 的 观点 却 人 言 人 殊  莫衷一是 
有人 说 教育学 的 研究 对象 是  教育 问题   有人 说是  教育 活动   有人 说 是 研究  教育 内容 与 方法   有人 说是  学校 教育   有人 说是  教育 现象   有人 说是  教育 规律   有人 说是  教育 过程   甚至 有人 说是  人   等等  热闹非凡 
根据 现在 通行 的 表述  界定 一 门 学科 的 研究 对象  一般 表述 为   ×× 学 是 研究 ×× 现象  揭示 ×× 规律 的 科学  
那么  教育学 应当 是 研究 教育 现象  揭示 教育 规律 的 一 门 科学 
而 问题 的 关键 在于 对  教育 现象  的 理解 却 是 个 老大难 的 问题 
正 如 陈桂生 先生 所 指出 的 那样  教育学 论者 在 教育学 论 著  前言  中 所 声称 的 是 一 回 事  而 在 正文 研究 的 是 另外 一 回 事 
［ 6 ］ 也 正 如 别的 学科 如 人类学 一样   研究 对象 是 一 回 事  对 研究 对象 的 研究 又 是 另 一 回 事 
 ［ 7 ］ 教育学 的 研究 对象 就是  人类 的 一切 教育 现象  
但 为什么 这 一 观点 得不到 普遍 的 认同 和 接受 呢 
原因 有 二 
一 是 受 凯洛 夫 教育学 的 影响 太 深  而 凯洛 夫 教育学 主要 研究 的 对象 是 学校 教育  其 教育 学 理论 构成 主要 是  四 大 块   这个 毋庸 赘言 
二 是 受 历史 上 经典 教育学家 的 影响 太 深 
中国 自 有  崇古  的 传统  凡是 历史 上 著 名 教育学家 所 断定 的 问题 都 是 不易之论  而 实际上 教育学 的 发展 也 因 之 备受 束缚  无论是 为 教育学 开 宗立派 的 夸 美 纽斯  为 教育学 科学化 而 倾心尽力 的 赫尔 巴特  还 是 现代 教育 理论 的 集大成 者 杜威  他们 所 讲 的 教育 主要 还 是 学校 教育  其 研究 的 教育学 属于 学校 教育 学 
因此  很 有 必要 重申 教育学 的 研究 对象 是 人类 一切 教育 现象 的 观点  这 有利于 澄清 教育学 边界 不明  学科 体系 不 完整  学科 性质 不 确定 等 重大 理论 问题 
既然 作为 判定 教育学 学科 性质 的 是 其 研究 对象  而 教育学 的 研究 对象 又 是 人类 一切 教育 现象  那么  十分 有 必要 对 这个 研究 对象 作出 进一步 的 理性 分析 
从 时间 上 来 看  教育 现象 既 包括 历史 上 的 教育 现象  又 包括 现实 中 的 教育 现象 和 未来 的 教育 现象  从 空间 上 来 看  教育 现象 既 包括 中国 的 教育 现象  又 包括 外国 的 教育 现象  既 包括 学校 教育 现象  又 包括 家庭 教育 现象  社会 教育 现象 
如果 从 现在 其他 学科 比如 物理学  社会学  经济学 的 划分  物理 现象 包括 宏观 物理 现象  微观 物理 现象  社会 现象 包括 宏观 社会 现象  微观 社会 现象  经济 现象 包括 宏观 经济 现象  微观 经济 现象  那么 教育 现象 也 应 包括 宏观 教育 现象 和 微观 教育 现象 两 个 层面 
