其次  我们 根据 输出 驱动 假设 理论  将 原来 分开 开设 的 阅读 和 写作 课 进行 合并 
原来 的 阅读 和 写作 课 过于 注重 语言 技能 训练  课程内容 缺乏 思想 的 深度 和 知识 的 广度 
通过 合理配置 各种 教学资源  建构 了 一 系列 适合 学生 综合 发展  用 英语 讲授 的 具有 兼容性 的  读 议 写  人文 通 识 模块 课程 体系 （ 表 １ ） 
表 １．  读 议 写  人文 通 识 模块 课程 体系 １． 读 议 写 （ 一 ） 英语 技能 导 学 与 学习 策略 ２． 读 议 写 （ 二 ） 网络 与 报刊 阅读 ３． 读 议 写 （ 三 ） 古 希腊 罗马 神话 ４． 读 议 写 （ 四 ） 《 圣经 》 ５． 读 议 写 （ 五 ） 英 美 历史 与 文化 ６． 读 议 写 （ 六 ） 中国 文化 经典 导读 ７． 读 议 写 （ 七 ） 西方 哲学 经典 导读 ８． 读 议 写 （ 八 ） 批判性 思维 该 课程 群 涵盖 广阔 的 文  史  哲 领域  是 一个 多 学科 的 课程 组合  与 历史  文学  语言  哲学 等 相关 专业 部分 交叉 互补 
它 将 单一 的 技能型 课程 转变 为 融 技能 发展 与 人文 教育  思维 能力 培养 于 一体 的 综合性 课程 
它 强调 研读 原典  并 基于 这些 原 典 提出 原 创 性 问题 
需要 指出 的 是  这些 人文科学 的 学习 和 研究 并 不 在于 它们 的 实用 价值 和 专业性  其 中心 目的 是 为了 训练 学生 的 智力  发展 学生 的 思维 能力  完善 学生 的 知识 结构  培养 学生 的 原 创 能力 和 探索 知识 的 能力 
正 如 柏拉图 所 说   天 文学 和 地理学 一样  并非 旨在 研究 天空 或 地球 的 实际 状况  而是 我们 用 它 们 来 解决 社会 及 道德 问题  获得 真正 的 科学 知识 和 训练 感官 的 理性 思维 能力  （ Ｍｏｎｒｏｅ１９１４１３７ ） 
 读 议 写  模块 课程 有效 增强 和 拓宽 了 英语 专业 学生 的 中西 文化 底蕴  完善 了 他们 的 知识 构架  提高 了 学生 运用 英语 进行 双向 文化 交流 的 能力 
２． 以 学生 为 主体 的 体验 教学模式 一 提起 人文 教育  国内 高校 普遍 首先 想到 的 是 加开文  史  哲 等 课程  简单 地 寄 希望 于 以 人文 课程 的 增加 提升 学生 的 人文 素养 
但 人文主义 教育观 的 教育 目的 远远 超越 了 单纯 的 知识 传授 和 智力 培养  而 将 其 上升 到 集 知识  能力  人格 于 一体 的 全面 均衡 发展 的 高度 
如果 不 改革 传统 的 灌输 式 教学模式  只 注重 人文 知识 的 机械 传授  而 忽视 学生 主体 自身 的 人文 意义 建构  人文 教育 终 将 成为 一 句 空话 
基于 人文主义 全 人 教育 理念   读 议 写  模块 课程 建立 了 教师 主导  学生 主体 的 体验 教学模式  将  议  和  写  重要 环节 引入 教学 结构 中 
体验 教学模式 让 学生 在 课堂 上 亲身 感知  领悟 知识  并 在 实践 中 加以 运用  从而 使 学生 成为 真正 自由 独立  情 知 合 一  实践 创新 的 完整 的 人 
Ｋｏｌｂ （ １９８４ ） 较 早 提出 体验 式 学习 理论  认为 有效 的 学习 应 从 体验 开始  进而 发表 看法  然后 进行 反思  再 总结 形成 理论  最后 将 理论 应用 于 实践  如 下 图 所 示  他 认为 这种 强调  做 中 学  的 体验 式 学习  能够 将 学习者 掌握 的 知识  潜能 真正 发挥 出来  使 语言 学习 的 过程 转变 成 一 种 创造 运用 语言 的 体验 过程  成为 一 种 栩栩如生 的 互动 体验  是 提高 学习 效率 的 有效 学习 模式 
我们 倡导 的  读    议    写  三结合 模式 与 体验 教学 的 精神 实质 是 吻合 的 
 读 议 写  课程 教学 在 实施 的 过程 中  强调 读 写 结合  聚焦 于 写作 过程  强调 阅读  写作 过程 与 学习者 认知 发展 的 相互作用 
教师 在 围绕 主题 布置  指导 学生 进行 大量 的 课外 阅读 以 保证 足够 的 输入 后  在 课堂 上 运用 情境 式  换位 式  多媒体 法  实践 法 等 体验 教学方式 精心 组织  安排 教学活动  组织 学生 开展 合作  思考  讨论  并 积极 主动 地 提出 问题  回答 问题  使 学生 在  议  的 过程 中 体验 事实  体验 问题  体验 过程  体验 合作  真正 感受 到 知识 与 思想 的 萌生  形成 和 交流 的 过程 
当 学生 通过 最 大程度 的 主体 活动 对 研究 的 主题 内容 有 了 较为 丰富 的 感性认识 之后  再 以  写  的 形式 内 化 相应 的 人文 知识  建构 基于 主体 自身 理解 的 人文 意义  将 课堂 上 的 体验 表达 出来 
这种 教学模式 使 学生 通过 教师 精心 组织 安排 的 活动  参与 到 教学 之中  主动 与 教师 一起 进行 教学活动  使 学生 自始至终 参与 到 知识 形成 的 全 过程 中  让 学生 自己 去 尝试  讨论  合作  自己 去 领受  理解 知识 
在 这样 的 教学模式 里  学生 是 学习 的 主人  教师 的 作用 在于 成为 学生 学习 英语 的 组织者  引导 者 和 合作 者 
体验 教学模式 使 英语 学习 既 有利于 学生 打 好 英语 基础  又 有利于 学生 形成 健全 人格  更 有利于 学生 去 探索  创新 
四  结语 在 全球化 的 趋势 下  英语 这 门 学科 受到 越来越 多 人 的 关注 和 重视 
湖南 师范大学  读 议 写  模块 课程 的 建设 本着 人文 精神 和 人文 关怀  尝试 从 传统 的 纯 技能 训练课 向 学科 基础课 转型  在 技能 训练 中 融入 人文 专业 学习  在 人文 知识 课程 的 教学 中 融入 英语 听  说  读  写  译 的 训练  力图 将 人文 教育 与 语言 训练 相 结合 
这 一 尝试 迎合 了 当今 中国 素质 教育 的 要求  我们 将 继续 探索  实践 和 论证 
中国 传统 学术 的 人文 精神 中国 传统 学术  源远流长  博大精深  一般 集中 在 《 隋 书 
经籍 志 》 中 提出 的 经史子集 四 部 之中  也 是 今人 所 言  国 学  之 主体  其中 蕴涵 着 极 深 的 人文 精神  与 西方 古 希腊 以来 的 学术 重视 知识性 与 工具 性 的 理念 判 然 有别 
