所以 我 问 你 能 不能 把 病毒 格式化 掉 也 
可以 的 吧  不 是 有 病毒 都 格式化 一下 
显示 有 病毒 就 更新 了 吗 
我 已经 上次 格式化 一 次 了  然后 怎么 又 有 
每次 格式化 之后 它 整个 就 没 了  它 内存 其 在 那边  就是 占据 的 那个 东西 还 在 那边  但是 这个 就是 没有 显示 有 文件  文件 占据 的 空间 还 在  这 很 怪 
我 已经 疑 神 疑 鬼 到 怕 那个 手机 正好 是 放 在 下边  就 会 自然 脱 掉 
想 当年 我 对 这个 世界 充满 了 信任  这个 世界 就 把 我 对 这个 世界 的 信任 就 这么 毁  我 现在 对 这个 世界 充满 了 戒备  我 再 也 不 相信 了 
多 好 啊  挺 好 的 
我 知道 不 是 睡觉 的 时候 不 是 有 手机 有 电脑 吗 
我 都 要 手 搭 在 手机  电脑 上 
在 教室 里 是 吧 
不 是  就 在 图书馆 之类 的 
在 图书馆 是的  我 也 这样 
但是 （ 003808 ） 东西 又 很 麻烦  我 就 有时候 手机 放 在 上面  电脑 又 放 在 上面  我们 就是 要 （ 003813 ）  有时候 我 就 把 手机 压 在 书 下面  然后 手 放 在 书 上 
这 会 很 怪  就 觉得 很 难 睡 这 样子 
我 睡觉 我 也 是 这 样子 
所以 一 个 人 姿势 又 比较 （ 003834 ） 
所以 连 上 厕所 都 那个  都 不 敢 
就 是 啊  别人 （ 003837 ） 
其实 在 外 学习 挺 好 的 我 觉得 
一般 没事儿 闲 来 无 事 想 偷 东西 的 人 好像 很 少 
我 总 觉得 （ 003857 ） 
但是 也 不乏 自己 混 进去 （ 003903 ） 
学 姐 我 到 宿舍 里 很多 人 说 有 里面 有 个 吃 人 小孩  你 有 吗 
她 说 这个 学校 没有 
这个 学校 没有 啊 
对  我 就 仔细 看 了 一下 我 之前 没有 仔细 看 的 那 一 段  然后 真 的 觉得 没 有  然后 我 就 想 到底 是 我 自己 看 了 哪 部 小说 
是 你 那 本 小说 里 的 吧 
然后 是 下面 那 一 个 吗 
什么 但是 也 不 可能 啊 
有 可能 
女 3 不 可能 
因为 我 去年 的 时候 就  去年 3月 份 的 时候 就 看 到 那个 小说  那 一 段 的 
就 很 怪 啊 
但是 我 去年 发现 看 的 也 是 《 红高粱 》 啊 
到底 是 哪 部 啊  太 可怕 了 
帮 我 拿 好 吗 
不好 
你 的 笔 呢 
在 书包 里  书包 在 衣服 里  然后 笔 在 笔袋 里 
有 没 有 作文书 之类 的 
让 我 背 几 个 例句 吧  那 我 怎么 办 我 现在 难道 要 背 那个 例卷 么  但是 例卷 的 作文 也 很 恶心  之前 我 觉得 那 个 翻译 很 水  挺 好 翻 
后来 看到 网上 一个 东西 说 他 可以 加 定 中国 的 传统 文化 的 东西  瞬间 觉得 跪 了  很多 词 都 看 不 出来  又 是 讲 节日 的 那 还 好 
中国 的 什么  单 双 号 制  这种 管制 之类 的 
我 口语 问答 不行 
还 可以  作文 还 好  他 会 给 你 例子  这个 翻译 你 看 现在 翻译 变成 整 段 翻译 
我 今天 跟 我 妈 打 了 一个 预防针  虽然 打 了 一个 预防针 但是 还 是 准备 厄运 
你 有 没 有 作文 书 
作文 书 
没有 
我 要 背 几 篇 例文  但是 我 又 不 想 买 那个 作 文书 
你 网上 找 
我 下 几 篇  但是 其实 跟 我 那个 例文 都 差不多 的 
快 上 厕所 
为什么 
因为 厕所 空 下来 了 有 强迫症  需要 把 它 填 满 
你 去 把 厕所 满 吧  你 把 厕所 每 一 平方 厘米 都 得 填 了  好 恶心 啊  你 在 里面 洗澡 啊 
消 消毒  阿姨 会 不 会 给 我们 厕所 消毒 
他 刷 我们 厕所 就 不 错 了 
新闻稿 怎么 写 啊 
你 为什么 问 我 这个 啊 
因为 我们 毛概 要 写 
毛概 还 要 写 新闻稿 
不 是 我们 要 写字 调研 报告 不 是 么  时间  地点  人物 吗 
五 要素 大概 是 这样 吗 
对 
然后 呢 
基本上 平常 开头 你 简单 说 一下 时间  地 点 什么 事情  什么 人 干 了 什么 事情 就 是 这样 
然后 第二 段 可以 写 一些 这个 活动 的 主办 方  和 一些 基本要素 
然后 这个 活动 的 目的  意义  然后 主题 是 什么 之类 的 
然后 第三 段 你 可以 写 一些 学习 过程  然后 再 写 一下 结尾  然后 再 深化 一下 主题 基本 就是 这样 
这个 好象 八股文 啊 
﻿ 轻 一点  你 那个 前 一 个 走 完  下 一个 就 应该 自然 了 
知道 了 
差不多 是 这样 
所以 说 
稍微 好 一点  肢体 上 再 （ 动 ） 一些 
好 一点点  你 第一 步子 时候 特别 对  就是 你 找 第一 步 的 感觉 就 对 了 
知道 了 
瞎 编 的  来 准备 
就 她 那 个 现在 不 习惯 
等 一下 可能 会 站 不 住 
挺 好 的 啊 
还有 一个  她 彻底 这个 样子 了  她 彻底 这样  本来 是 90 度 的 这个 样  那 上去 把 这个 勾  往 外 勾  然后 最后 不 知道 怎么 做 得 特别 奇怪 
是 因为 女生 的 原因 嘛  我 也 不 知道  这 样子 吗 
差不多 的 
然后 往 外 勾  好 丑 啊 
这次 的 特别 好 
这个 角 不要 曲  要 非常 直  把 重心 放在 右腿 
这样 吗 
那 个 手 上去 
这样  他 让 我 坚持 好 几 秒 
挺 好 的 
还是 动作 吗 
有 一 段 最后 一 段  变成 两 个 人 之后 
两 个 人 啊  两 个 人 要 干 嘛 
就 最后 一 段 
我 一直 都 放 不 开  我 开始 是 这样 的  然后 做 着 做 着 突然 转 过 来  这种 要 这么 做 
