前面 很多 类似 的  换 一个 
你们 俩 现在 是 并排 对 吧 
你们 能 不 能 就 这样 转 起来 
应该 可以 
大概 做 一些 动作  就 两 个 人 转 起来 
比如 大概 这样 子 的 
然后 你 再 往 后 转 然后 我 再 过来 
然后 就 正常 走 过来 
然后 手 这样 就 行 
这 样子 摆 在 两 边 
然后 到 最后 一 句 的 时候 这样 
我 突然 觉得 最后 那 一 句 的 话 那 样子  这种 定型 可能 会 
我 是 这样 子 的  你 是 那样 子 的  试 一下 
步伐 岔开 一点 
你 这样 也 是 整个 重心 往 这边 站  不要 这 样子  千 万 不 要 这样  这样 就 不好 了 
你 要 不 要 加 个 手 什么 样子  这边 
可以 吗 
一样 吗 
她 是 怎样  你 是 怎样 
你 这个 有 点 往 前 那 样子  不  不 太 前 了  你 就 这 样子  就 凶 一点  有点 这 样子  走 啊  对 对 
再 往 前 些 
这样 吧 
差不多 
她 说 全场 不要 
她 告诉 我 这样 谢谢 老师 
好好 练 啊 
我 觉得 就 那个 我 觉得 好 难 啊 
你 看 是 这样 的 
我 试 一下 
然后 不 要 往 后 看  就 定 那 
你 往 前  手 再 往 前  这样 
我 再 试 一下  怎样 
就 先 是 这 样子 
对 

我 跟 你 一 起来 
我 自己 来 吧 
走 
你 走 这 一 步 
为什么 我们 不 能 这么 走 
（ 
这样 我 也 没什么 动作 
一 会 再 说  起来 再说 
可是 你 
就 这样 
你 起码 
全校 招 的  感觉 规模 是 不 是 更 大 了 
这样 我 觉得  是 这个 戏 里  他 要 男 的 预备 
什么 意思 
因为 这个 戏 它 戏 和 歌 不 是 分开 的  它 是 一起 的 
它 是 一起 的  就 边 唱  边 演 而且 这个 题材 是 很  它 这个 就 是 换 尊重 的 生活 
（ 你 知道 是 啥 
我 不 知道 
同性恋  然后 生活 在 底层 的 艺术家 
难度 挺 大 
对 角色 要求 很 高  像 今年 的 组 剧 现在 还 不 太 满意  因为 他们 要求 非常高  那个 主编  他 是 一个 满 高贵 的 人  然后 得 艾滋病 的 那 种 
真 难 
主演 我们 是 全校 招 的 
我 本来 觉得 音乐剧 也 挺 难 的  演出 来 那种 感觉 不 容易 
对  但是 如果 你 演出 来 的 话  因为 它 难度 在 那   去年 像 这个 时候 排 得 差不多 了  今年 现在 还 在 排 
所以 这个 戏 啊  今年 是 新 版  所以 难度 很 大 
 注意 脚尖  脚尖 往 下  对 

开头  结尾 那 一 下  冲突 
洗手 
你 回去 好好 琢磨  你 那 个 动作 再 做 一下 
五四三二  听 胸 收腹 
下巴 往 前 伸  不 要 动 
抬高  对  你 往 下 
再说 吧  下 周 周 三 
周 三 
周 三 我 就 要 见 
你 周三 有 没 有 课 
白天 
周 三 没 课 
所以 现在 就 练习 一 个  开头 松  还有 结束 你们 两 个 跳 就 算 了 
那 下次 周三 就 不 练 了 
对  我们 周 三 的 时候 我们 要 考 一 块 了 
就 上 次 就 讨论 到 什么 时候 去 拿 木块 了  然后 我们 发现 （ 003726 听 不 清 ）  要不 周二 中午  周 二 中午 拿 过来 
可以 
我 好象 大家 都  是 吧  对  那 正好 
好象 没 饭 吃 
对  我 第六 节 也 有 课 
我 第六 节 也 有 课  我 可以 不 吃  我 可以 带 
要 不 我 给 你 带 
不行  我 那 课 不 能 迟到 
不行  我 那 课 也 不 能 吃 
要不然 这样  周 三 呢 
周 三 我 第五 节 没 课  我 是 三  四  五  六 
明天 
明天 
我 周 三  三  四 没 课 
预备 开始 
1 ﻿ 喂  最近 过 的 怎么样 啊 
最近 啊  不 一样 啊  就 不 怎么样 啊 
什么 叫 不 怎么样  就 那 次 过 怎么样 
进展 到 几 垒 了  打算 什么 时候 闭 机 啊  什么 时候 见 家长  什么 时候 去 巴拉巴拉 
别 搞 笑 了 
我 给 你 说 一点 正经 的 事情  杜序 都 在 签约 了 
我 知道  就 我 那 天 还 不 是 跟 你 说 来着 吗 
利贝 也 拿 到 offer 了 
利贝 到 哪儿 了 
他 拿 到 的 是 英国 的 offer 
英国 哪儿 
杜伦 你 知道 吗 
不 知道 
英国 现在 综合 排名 第六 吧 
那 挺 好 的 
是 挺 好 的  我 也 想 申请 到  申请 不 到 烦 死 了 
就 一个 毕设  就 把 你 整 成 这样 了  真是 的 
你 帮 我 写 好 不好 
我 实在 写 不 出来 了 
我 今天 已经 对 着 它 看 了 三 天 三 夜  但是 我 还 没有 想 好 我 的 题目 到底 要 定 什么 
我 今天 都 搞 坏 仪器 了 
实验室 有人 在 期待 的  今天 好 忧伤 
贵 不 贵 
有 点 贵  几 十 万 的 样子 
你 把 它 搞 坏 了 
现在 正 一 脸 黑线 的 正 在 修 
所以 呢 
修 得 好 吗 
应该 是 明天 就 修好 了 
没有 搞 得 很 坏  就 老 毛病 而已 
但是 他 一 脸 黑线 
万一 你 修 不好 了 会 不 会 取消 直 博 资格 
我 现在 还 没有 那个 资格 呢  现在 还 没 到 那个 时候 呢 
什么 时候 拿 得 到 
明年 
我 持 不 到 闭 机 了 
这种 东西 对 谈话 的 学生 来说 是 最 低 层次 的 目标 
那 要 不 你 现在 就 闭 机 掉 吧 
行 
好 吧  其实 告诉 你 件 事情 我 没有 在 录音  我 是 在 骗 你 的 
