他 为什么 不 放 绿色 的 蔬菜 放 白菜 啊 
以前 是 放 什么 
绿色 的 不 菜叶 
这 是 什么 
好 了 
楼下 还有 那个 球 的 
大大 
就 是 网球 的 球 
不 是 叫 超 买 （ 音 ） 的 么 
又 可以 看 了 
昨天 是 个 历史性 的 时刻  我 把 专 八 已经 看 完 两 遍 了 
丧心病狂  你 不 是 明年 才 考 吗 
我 今年 考 我 都 没 看 
早 点 背 你 看 可以 开始 放 了 
1 ﻿我 忽然 间 发现 下 学期 事情 好多 呀 
就 是 课 是 一方面  还有 很多 论文 
论文  还有 毕业 论文 
嗯  对 
说 得 好 
那 你 决定 写 什么 了 吗 
没有 啊 
所以 我 才 着急 啊 
那 是 你 自己 选 还是 导师 给 你 选 
关键 我 还 没有 跟 她 


就 是 


接 上 头 
不 是  进一步 沟通 
她 没有 课题 可以 让 你 帮忙 做 吗 
我 导师 是 直接 给 我 了 一 个 课题 
没有  因为 我 自己 之前 本来 有 想 到 几 个  就 是 几 本 书  但 我 知道 要 从 什么 方向 去 弄 你 要 只 写 一 本 书  那 你 得 写 多少  就是 因为 毕业 论文 不 是 要 写 很 多 字 吗 
你 能 写 的 出来 吗 
反正 我 是 不行 的  你 可以 的 
但是 文学 一 本 都 是 从 


它 不 是 说 


那 我 要 是 写 一个 时代 的 话 也 太 大 了 吧 
我 也 不 知道 了 
嗯 哼 


不 开 心 
我 算 了 下  我 冬 学期 课 反正 有 八九 门  然后 考试 只 有 四 门 考试  但是 我 要 考 到 考试 周 最后 一 天 
我 还 没有 看 耶 看 了  你 也 是 最后 一 天  中计 就 在 最后 一 天  你 必然 是 呵呵 呵呵 因为 本来 他们 说 12月 29 号 到 1月 5 号叫 我 去 挑战 极 寒 去 东北 那边 玩  然后 我 算 了 下 1月 5 号 那个 时候 


到 东北 就算 挑战 极 寒 了 
我 那个 时候 


没有  去 漠河 那边  零下 20 多 度 呢 
然后 有 什么 穿 森林  滑雪  泡 温泉 我 还是 蛮 喜欢 的  但是 穿 森林 应该 很 恐怖 
关键 是  我 想 了 下 不 知道 怎么 放假 嘛  1月 5 号 不 正好 是 考试 周 前 一 周 嘛  我 不 是 还有 同 传 那个 课 嘛  很 有 可能 会 考试  就 是 它 经常 是 在 考试 周 前 一 周 考 
哦 
怎么办 
你 自己 掂量 吧 
我 觉得 不 去 了  而且 我 又 怕 冷 
可是 我 好 想 出 去 玩 呀 
那 你 放假 再 去 嘛 
我 零下 二三十 度 的 时候 去 过 一 次 
我们 某个 周末 去 下 宋城千古情 吧 
你 去 看 过 吗 
没有 
那 我们 去 吧 
可以 呀 
还是 有 闺蜜 好 
像 刚 哥 这样 没有 艺术 细胞 的 人  不 要 跟 他 一起 去 看 这种 东西 其实 我 最近 在 做 文化学 研究 嘛  我 发现 杭州 有 好多 东西 可以 玩 呀 
还有 什么 玩 的 
因为 我们 是 做 河 坊 街 嘛  我们 就 查 了 很多 大概 南宋 那段 历史 的 资料 
有 蛮 多 遗址 的  这个 王 的 寝 宫 啊  那个 豪 宅 呀 


哦  中国 第一 豪 宅 就 在 杭州 
在 哪里 啊 
就 是 在 河坊街 


就 


就 


反正 我 也 说 不 清楚 
你 看 了 吗 
能 进 去 吗 
我 没 看 
叫 什么 


哎呀  我 忘记 了 
现在 是 不 是 进 不 去 了 
应该 可以 吧 
先 去 宋城 吧 
我 一直 想 去 宋城  想 找 人 陪 我 
我 觉得 还 挺 好 玩 的  你 说 呢 
可以 啊 
那 我们 在 下 下 个 周末 
下 下 个 周末 
恩 对  下 下 个 周末 或者 下 个 周末 
再 定 吧 
再 定 吧 
我 得 把 最近 这 段时间 排 开 
你 先 把 申请 搞 定 吧 
不 是 在 11月 底 你 就 应该 申 完 了 吗 
哦  申请 是 一 回 事  我 现在 脑袋 最 大 的 是 我 的 毕业 论文 
恩  好  你 先 跟 她 商量  我 觉得 定 了 就 好 了 
我 还 要 自己 在建 语料库 呢 
我 现在 在 到处 录音 
这个 让 我 非常 头疼 
不过 你 导师 在 英国 也 挺 好 的  你 可以 写 个 英国 的 书  可以 让 他 帮 你 找 东西 
我 本来 想 写 《 冰 与 火 之 歌 》 
写 什么 
《 冰 与 火 之 歌 》 哦  没 看 过 
就 是 GameofThrones 的 小说 版 
哦 哦 哦  然后 呢 
就 是 因为 它 那里 蛮 多  相当于 是 故事 是 base 在 重新 了 一个 魔 幻 世界  然后 它 中间 有 


你 确定 吗 
我 觉得 咱们 学校 的 老师 都 很 少 人 研究 中 世纪  顶多 是 近 现代 文学  你 搞 这个 


其实 我 一 开始 想 写 《 飘 》  但是 我 觉得 《 飘 》 都 写 烂 了 
但是 有 很多 文献  你 那 个 根本 找 不到 文献  你 没有 理论 支持 的 话 怎么 能 叫 学术 论文 呢 
因为 卢燕飞 给 我 的 方向 是 文学 翻译  但是 她 是 归 在 文学 那 一 类 的  然后 我 就 想  因为 这个 学期 我 上 金明 的 那个 翻译 课 嘛  要 写 researchproposal  中 英 的 


然后 你 想 刚好 把 它 交 上 去 是 吗 
那 你 要 看 能 不 能 写 成 毕业 论文 啊 
这 是 关键  你 开 题 之后 就 不能 变 了 呀 
对  我 知道 
但 如果 写 莫言 的 话  相对 的 研究 还 是 蛮 多 的 
要 那样 子 的 话 我 就 很 可能 从 翻译 那边 切入 了 
