也 行 吧 
但是 无所谓 啊 
但 我 现在 很 纠结 文学 理论 
你 可以 让 你 导师 帮 你 选 理论  我 经院 那个 就是 这样  我 导师 给 了 我 很 多 理论 文献 
﻿没 接 我 电话 
你 刚刚 说 哪里 有 一个 
我 看到 人人 小站 上 有 一 个 
什么 
就 是 刘诗诗 


王波儿 是 交通 警察  然后 就 开始 追 她 
当时 那会儿 刘诗诗 是 在 一个 taxi 上面  然后 就 告诉 那个 taxi 的 driver 说 我 未婚夫 正在 追 我  你 帮 我 甩掉 他 
然后 后面 王波儿 骑 的 是 个 自行车 好像  不 停 不 停 的 追  后来 就 撞 上 去 了 撞 上 去 了 
反正 是 撞 得 人仰马翻 的  不过 是 在 电影 里面  总 也 不 会 死 
呵呵  他 再 也 不 会 追 的 上 那个 车 了 
我 觉得 那 个 车 里 好 暖和  一 暖和 我 就 想 睡觉 
你们 俩 都 晕车 吗 
我 还 好  刚刚 一直 在 看 手机 


我 先 接 个 水  你们 上 去 吧 
我 好 想 跟 车 一 起 睡 回去 啊 
它 是 开 到 华家池 还是 紫金港 
应该 是 先 开 到 华家池 再 开 到 紫金港 吧 
估计 等 他 真 到 紫金港 我 也 睡 醒 了  哈哈 
你们 先 上 去 吧 
拜拜 与 朋友 八卦 在 微 信 上  他 跟 我 发 了 个 Adam ’ sGF 问号  Adam 是 那个 外国 人 嘛 恩 然后 我 就 很 奇怪  我 估计 应该 是 那个  我 就 加 了  然后 我 就 点 进去 看 发现 就 是 他 
然后 他 就 紧接着 给 我 发 了 一个   Adam ’ sGF  right 
  YouareAdam ’ sGF  right 
 然后 逗号  哦 不  问号  然后 Christine 
我 就 很 奇怪  就 说  Yes  howdidyoufindme 
 然后 他 就 说  IlookedatAdam ’ scontactandfounditwasyou 
 什么 什么 之类 的  然后 我 就 很 奇怪  我 不 知道 他 找 我 干 嘛 
不 要 多 想  只 是 找 你 玩玩 
没有 没有  我 就 很 奇怪 
只 是 觉得 有 缘 而已 
你 听 我 说 后面 的 
什么 
你们 后面 有 故事 啊 
没有  我 没有 多 想 
没有  就是 后面 比较 搞 笑 
嗯 
跟 我 没有 什么 关系 
跟 Adam 有 关系 
不 是  都 没有 关系 
那 好 吧 
我 讲 这 件 事 的 point 在 后面 
然后 就 是 


你 的 铺垫 好 长 
讲 起源 嘛 
然后 我 就 很 奇怪  他 莫名其妙 的 加 我 干 嘛 
我 超 意外  因为 他 不 会 讲 中文 嘛  我 本来 还 以为 他 要 找 我 做 languagepartner  然后  他 就 说  他 就 半 天 才 打 一 句 话  那时 我 都 要 睡 了  然后 我 就 很 不耐烦 
他 不 回 我 嘛  我 就 问 他 怎么样 啊  他 说 挺 好 的  但 是 挺 累 的  你 呢 
我 说 我 也 挺 好 的  我 要 睡 了  意思 就 是 我 不 要 跟 你 讲 了 嘛 
过 了 一会儿  他 又 发 过来 一 条  12点 多  12点 半 以后 了 
然后 过 了 一会儿 他 又 说   IheardyouhavefriendslearningGerman  
然后 我 说 对 呀  那 个 什么 


哦  他 想 当 家教 
啊  不 是 
还 没 猜 到点 


哈哈  可 奇葩 了 
然后 我 当时 就 想 他 可能 是 要 找 languagepartner  我 就 想 把 我 自己 介绍 给 他 
然后 我 就 说  对 对 对   IwaslearningGerman  
他 打 了 个  was 
 然后 我 就 说   almostforget  
我 就 问 他  你 是 想 找 个 languagepartner 吗 
然后 他 就 说  actually  Iwannafindsomeoneinrelationship  
啊 哈哈哈 
长 得 帅 吗 
没有  长 得 一般 
关键  关键 后面 还有 
他 说  他 说  butnothingserious 
然后 他 说  他 曾经 尝试 着 找 几 个 中国 女生  他 说 她们 都 太 serious 了  他 说 他 justwanttohavefun 
然后 他 问 我 有 没 有 认识 这样 的 人 啊 
那 你 直接 给 他 几 个 炮 友 网站  让 他 上 网站 上 不 就 完 了 
然后 我 说  我 擦  这个 德国 男人 找 我 给 他 找 炮 友 
玩 了  他 直接 毁 了 德国 男人 在 我 心中 的 形象 
那个 他 给 我 发 了 之后  我 心里 的 形象 也 毁 了  我 擦 
我 一直 觉得 德国 男人 超 赞 的 
我 就 囧 了 
我 就  我 就 不 知道 怎么 回答  我 就 说  好 吧  我 会 帮 你 看 一 看 的 
然后 我 说  但是 中国 女生 一般 都 还是 比较 serious 的 
然后 他 说  对 呀  这 跟 欧洲 太 不 像 了 
然后  我 说  那 好 吧  那 我 帮 你 看看 
他 就 说  thanks 
然后 我 就 回 了 个 bitte  然后 他 就 跟 我 说  其实 我们 德国 人 在 说 thanks 的 时候 不 怎么 说 bitte 
我 说  那 你们 说 什么 
他 说 有 个 gan 什么 shenne  他 说 他们 说 这个 
然后 我 说 那 我 打算 睡 了  我 当时 本来 就 打算 睡  我 就 是 睡 前 开 了 个 微 信  妈 的 
太 给 力 了 
我 真 是 晚上 睡 前 遇 奇葩 的 经历 
他 长 得 又 不 帅  还 想 找 炮 友  是 很 有 肌肉 的 那种 吗 
哦  我 给 你 看 一下 
是 你 类型  有 人 鱼 线 吗 
哈哈 那 当然 
长相 不 是 我 的 类型 
照片 
让 我 看 看 是 不 是 Germanaverage 
Belowaverage 
我 靠 
他 之前 有 个 泰国 女朋友 
那 不 是 挺 好 的 吗 
我 不 知道 后 来 怎么 地 了 
泰国 女友 不 是 能 满足 他 的 需求 吗 
又 能 relationship 还 能 不 serious 
