嗯  回 寝室 
干 什么 去 
拿 衣服 
啊  你 快递 来 了 啊 
不 是  是 洗 的 衣服 
洗 的 是 什么 意思 啊 
到 楼下 洗衣房 洗 的 
我 四年 都 没 在 洗衣房 里 洗 过 衣服 
这样 的 啊 
我 实在 是 实在 是 懒得 洗 了 
洗 过 一 次 吧 
不 是  我们 寝室 有 洗衣机 
哦  那 很 好 呀 
那 你 现在 跟 她们 两 个 合 用 吗 
恩  而且 她们 俩 个 用 的 比 我 要 勤 
而且 她们 还 把 它 用 坏 了 
这 是 之前 你们 买 的 啊 
嗯 
那 你 不 能 人家 来 了  你 就 说  把 钱 给 我们 什么 的 呀 
大家 觉得 不 是 很 介意 啊  但是 


不 是  因为 我们  本来 我 以前 住 一 楼 的 时候 也 想 买 洗衣机 嘛  但是 后来 我 觉得 就 是 


你 就 不 想 再 在 那边 继续 住 了  所以 你 就 没 买 是 吗 
哦  那 倒 也 不 是  我 那个 时候 还 大一 嘛  然后 我 妈 说 洗衣机 你 要 自己 清理 啊 之类 的 
那个 倒 也 不 能 说 是 我们 合 买 的  王卓 家 说 多 了 个 洗衣机 运 过来 了 嘛  然后 我们 又 给 她 钱  她 不好意思 要  我们 就 当时 就 四 个 人  一 人 出 了  不 是  是 剩下 三 个 人 一 人 出 了 多少 钱  一百 块 钱 好像 是  就 买 了 套 首饰 送 她 了 
哦  那 放 洗手间 里 还 挺 占 地方 的 啊 
嗯  还 行 
你 来 过 我们 寝室 洗手间 吗 
没有 
嗯  反正 洗手 啊  洗 衣服 啊  上 洗手间 啊 都 不 妨碍 的  挺 小 的 一个 洗衣机 
我 还 堆 着 几 件 风衣 要 去 干洗 
嗯 
我 说  我 还 堆 着 几 件 风衣 要 去 干洗 
我 不 想 到 北 街 那 家 干洗店 了 
为 啥 啊 
我 觉得 那 家 不好 
那 你 就 去 翠柏 那个 
翠柏 有 一 家 干洗店 啊 
嗯 
就 是  就 翠柏 那个 洗衣房 是 能 干洗 也 能 缝补 
哦 
为 啥 翠柏 那个 不 好 啊 
我 以前 在 那边 洗 过 一 件 大衣  那个 扣子 给 我 洗 掉 了 
晕 
然后 还有 一 次 我 洗 那个 就 是 那个 正装 


她 没 给 你 缝 上 吗 
没有  后来 我 才 发现 的  那个 扣子 就 没 了 
然后 还有 一 次  就 是 那个  去 那个 什么  就是 我 在 那边 洗 一 件 白 衬衣 嘛  就 是 正装 的 白 衬衣  然后 也 是 没有 给 我 洗 的 很 好 
我 就  就 是  而且 干洗 这 种 东西 就 是 要 用 药水 嘛 
我 就 很 怕 他 用 的 药水 


因为 我 感觉 他 太 便宜 了 
然后 我 觉得 他 用 的 药水 肯定 不 会 好 
嗯 
那 翠柏 不 是 更 便宜 
那 我 也 不 知道  可能 差不多 价 吧 
然后  我 想 找 个 时间  去 找 个 好 一点 的 干洗店  把 我 那些 衣服 都 去 洗 一 遍 
嗯  那 你 就  那 我 不 确定 要 在 哪里 了 耶 
以前 那些 随便 买 买 的 衣服 去 干洗 一下 也 还 好 啦 
我 就 是 那 几 件 稍微 好 点 的 衣服  我 就 不 想 把 它 那个 了 
嗯  那 倒 是 真 的 
心疼 
我 觉得 衬衣 是 无所谓 啦 其实  主要 是 大衣 
你 那 几 件 从 伦敦 买 的 还是 要 好好 洗 
我 觉得 这 面 挺 好吃 的 
那 你 从 寝室 出来 还 去 图书馆 吗 
在 寝室 待 会儿 再 说 吧 
我 可能 直接 去 云门 或者 北街 吧  懒得 走 那么 远 了 
哎  现在 北街 也 没 开门 
嗯 
现在 北街 没 开门 
北 街 几 点 开门 啊 
看 小胖 心情 
不 是 吧 
是 啊 
他 是 不 是 无所谓 的 呀 
对 呀 
所以 他 这个 店 是 盈利 的 吗 
他 说 是 盈利 的  但是 他 说 赚 不 了 几 个 钱  但 也 应该 还 是 盈利 的 
因为 你 不得不 承认 他 那儿 东西 卖 的 还 是 挺 贵 的 
嗯 
而且 我 确实 还 见 过 很多 韩国 人 会 在 他 那里 买 那 种 外带 咖啡 
他 咖啡 确实 做 得 好 
他 在 哪边 开 几 年 了 啊 
那 家 店 好像 很 早 就 有 了  但是 他 来 也 没 几 年 
他 就 是  他 从 别人 手里 过 过来 的 吗 
没有  他 有 一个 合伙人  那个 合伙人 一直 在 这儿 待 着  是 个 搞 房地产 的  然后 四十 多 岁 
然后 他 也 相当 于 就 是 也 出 了 一部分 资 
他 是 哪里 人 啊 
他 是 陕西 的  西安 的 
也 是 浙大 毕业 的 吗 
他 还 没 毕业 呢 
不 是  他 高中 就 没 毕业  没 上 大学  读 完 高中 就 没 读 了  他 比 我 小 
小胖 比 我 小 
他 比 我 小 三 个 月  92年 九月份 的 
我 靠 
看 不 出来 吧 
我 是  我 知道 以后 也 很 震惊 
他 高中 不 读 了  然后 过来 开 店 吗 
没有  他 去 了 很多 地方 
就 是 属于 那 种  到 一 个 城市  生存  再 到 另 一个 城市  生存  那 样子 
他 那 样子 五年 了 
然后 呢 
他 现在 在 浙大 念书 吗 
没有 啊 
那 你 怎么 说 他 还 没 毕业 啊 
他 就 没有 读书 了 嘛 
他 就 不再 读 了  对 吗 
对 
陕西 的 
看来 我 的 人生 故事 好 普通 啊 
嗯  我 觉得 我 现在 遇到 的 人生 故事 最 离奇 的 是 我 在 瑞士 认识 的 那个 墨尔本 的 同学 
她 也 是  她 高中 都 没有 念  但是 她 是 后来 又 自考  考 到 墨尔本 去 了 
