表白 吗 
反正 说 很多 那种 表白 心迹 的话  不 一定 是 纯 表白 嘛  就 讲 故事 啊 神马 的 
不过 他 我 觉得 倒是 确实 经历 过 很多 事情 
毕竟 零五 级 本科  然后 当年 找 工作 没有 找 的 很 好  去 联想 做 销售  后来 又 考研 失败 一年  又 考研 考 到 浙大 
那 他 现在 多 大 了 
他 是 八七年 的  他 本来 上学 就 早  也 没有 大 多少  就 比 正常 的 大 一 岁 吧 
那 他 中间 是 等 了 
等 了 相当 于 


两年 
他 按理说 是 比 我 大 两 岁  中间 又 隔 了 一年  就 相当 于 大 一 岁 
他 那 届 正常 的 年龄 应该 是 八六年 的 
哎  我 也 要 成为 我们 公司 最 年轻 的 小朋友 了 
九零后 嘛 
哦  接 下来 再 招 一 批 不 一定  暑假 的 时候 我 还是 最 年轻 的 
九零后  哎呀  第一 批 九零后 了 
没有  我们 公司 已经 有 一个 九零后 了 
以前 就 有 就 有 九零后 呀 
嗯  上学 早 
九一年 的 
那 是 上学 很 早 了 呀 
哎  就 比 我 大 一年 啊 
哦  像 我们 班  本科班 就 有 九一年 的 
我们 本科班 从 八六年 到 九一年  还有 个 女生 八六年 的  还有 个 女生 九一年 的 
八六年 的 女生 是不是 复读 过 啊 
复读 过 两年 我 觉得 
两年 
因为 八六年  正常 的 人 都 是 八八年  要 是 南方 的 话 八九年 都 有 可能 啊 
至少 复读 两年 
还 不好意思 说  别人 问  她 就 说 是 八八年 的 
因为 我 当时 是 班长 嘛  会 搜集 身份证 号  我 一 看  有 一 天 一 看  我 闲 的 没 事 干 一 看  怎么 八六年 的 
她 身份证 号 这个 生日 不 可能 是 错 的 
我们 班 有 个 最 小 的 九一年 的  一 个 班 年龄 差 五 岁  我 觉得 还 是 很 神 的 
那个 女生 是 北方 的 吧 
南方 的  两 个 都 是 南方 的 
南方 的 也 能 高考 考 两年 
有 可能 啊 
全世界 不 都 可以 
不 是  我 觉得 南方 


南方 这边 你 觉得 考 两年 没 考上 可能 就 去 做 生意 了 吧 
对  我 也 觉得 
我 觉得 gary 明显 不 是 琪琪 是 type 啊 
琪琪 是 type 是 陈 飞 类型 的 
对 呀 
她 跟 陈飞 的 事情 有 没 有 了解 啊 
嗯 
她 跟 陈飞 的 事情 有 没 有 了解 啊 
出 什么 事儿 了 吗 
没 出 什么 事儿 
我 就 是 觉得 出 了 什么 事儿 真的 不 好 收拾 呀 
那 不 就 跟 张磊 跟 周红 一样 了 啊 
哎  张磊 跟 周 红 这个 到底 出 什么 事儿 了 
没 出 什么 事儿 啊 
我 也 举 得 
出 不 了 事儿 
也 没法 出 事儿 
对 对  也 没法 出 事儿 
张磊 原来 这个 女 朋友 


我 觉得 特别 委屈 
关键 她 有 些 想法 也 真是 
你 说 谁 的 想法 啊 
我 说 周和 啊 
她 想法 比较  真的 是 很 幼稚 
怎么 了 啊 
我 觉得 很 多 就 是 跟 张磊  她 理解 不 了 他 
张磊 好像 也 表达 过 类似 的 观点 
这边 说话 能 不能 听见 
对 呀  人家 就 在 隔壁 好 吗 
用 Z 跟 H 代替 吧 
我 觉得 吧  Z 呢  应该 是 两 个 女生 都 喜欢 的  然后 呢  H 呢  我 觉得 是 对 Z 特别 好 
真 的 好 的 无 可 挑剔 我 跟 你 说 
我 如果 H 的 话  我 真 的 说 分手 了  而且 我 会 逼 他 的 
有的 时候 真的 是 委曲求全 
有 一 次 我 看 她 人人网 上 H@Z 一 下 说   我 知道 你 很 忙  但 我 真的 有事 找 你 
 人人 网上 艾特他  我 觉得 这 也 太 过 了 
然后 Z 就 回 她   什么 事儿 啊 
我 今天 都 很 忙 
 回 了 条 状态 说  能 不能 打电话 说 
 Z 回  今天 太 忙 了  就 不 打电话 了 
 我 当时 就 在 想  难道 分 了 
我 觉得 看 着 也 不 像 啊 
我 觉得 这 比较 扯 
而且 就是 他们 两 个 的 沟通 


就 是  有 一 次 我 在 帮 ZMock  因为 他 要 面试 嘛  H 就 过来 说  那个  我 先 骑 你 的 车 走 了 啊 
 Z 说  嗯  行  我 把 钥匙 先 给 你  
嗯  就 是 跟 他 跟 倩 倩 自习 的 时候 完全 不 一样 
哎呀  今天 有 个 很 搞 笑 的 事情 
就 是 H 报名 了 ACES 嘛  周红 本身 也 是 ACES 的  我 就 想  这 以后 要 怎么 弄 呀 
哈哈 
后来  还 好  Z 没有 报 
H 报 了  然后 被 刷 掉 了 
哦 
那 如果 假设 进 了 一个 也 不好 
我 就 在 想 你们 这 是 要 都 进来 是 为 的 什么 呢 
我 就 觉得 很 搞笑 
不 是 
ACES 纳 新 还有 一个  我 这个 细节 我 不 能 跟 你 讲  因为 那 个 人  如果 细节 讲 出来 非常 容易 出 问题 啊 
有 一个 男生 今年 进入 ACES 的  他 曾经 被 里面 的 另 一个 男生 戴 过 绿帽子 
但 他 自己 不 知道  我 很 担心 这个 事情 发 出来 以后 对 ACES 有 巨大 的 影响  但 我 也 没法 说 
不 是 
哈哈  这个 personal 的 东西 会 上升 到 组织 level 啊 
你 这样 一 闹  影响 会 很 大 
如果  他 反正  那个 今年 新 进来 的 男生 完全 蒙 在 鼓 里 
是 谁 啊 
我 想 想 啊 
你 别 想  你 要 是 想 你 很 快 就 知道  但 那个 男 的 你 可能 不 知道 
女 的 我 认识 啊 
女 的 你 可能 也 不 知道 
女 的 你 可能 认识  但是 ACES 里 谁 干 的  你 肯定 能 猜 得到 
