里面 是 谁 干 的 啊 
啊  就 是 谁 是 给 别人 戴 绿帽子 的 
是 个 女 的 吧 
啊 
男 的 呀 
是 男 的 给 


朱涛 啊 
嗯  是 啊 
但是 他 给 别人 戴 绿帽子  然后 被 戴 绿帽子 的 那个 男 的 今年 进 了 ACES 
你 就 不 要 想 了  再 想 就 很 


其实 回去 搜 搜 你 很 快 就 能 知道 了  但是 我 就 觉得 


你 直接 跟 我 说 不 就 完 啦 
我 回去 就 不用 搜 了 
但是 真的 不 能 说  朱涛 不 让 我 说 
我 真 是 觉得 这 事儿 非常 搞笑 
那 个 女 的 是 谁 呀 
很 有 名 
外院 的 吗 
不 是 外院 的  管理学院 的 
那 算 了  美女 啊 
嗯  美女 啊 
管理学院 的 美女 啊 
我们 这 级 的 啊 
我 想 想 是 你们 这 级 的 还是 下 一 级 的 啊 
下 一 级 的 我 就 不 认识 了 
你们 这 一 级 的  很 有 名 
学 什么 人力资源 的 之类 的  还 是 农业 经济 的 
好 吧 
你 先 说 吧 
按 刘牧 说法  这个 有名 程度 就 跟 当年 柴柳 差不多 
跟 谁 
柴柳 啊 
这 是 谁 呀 
柴柳 你 不 知道 吗 
柴柳 也 是 个 传说 很 火 的 浙大 校花 嘛  当年 
浙大 校花 不 应该 在 我 外院 吗 
不 是 王珍 吗 
王珍 哪 能 跟 柴柳 比 啊 
你 有空 去 看 一 看 你 就 知道 了 
那 那个 管院 的 美女 比 得 过 我们 家 王珍 吗 
我 觉得 比 王珍 漂亮 
啥 呀 
照片 
你 回头 把 名字 发 我  我 回去 


还 把 名字 给 你 
我 嘴巴 很 严 的 
哈哈  我 知道 
瑶瑶 也 知道 这 件 事情  朱涛 也 跟 瑶瑶 说 了 
你 让 她 跟 你 泄露 好 了 
我 不 能 做 这个 坏人 
我 突然 想  我 觉得 真 的 很 不好 
我 很 担心 哪 一 天 东窗事发 
那个 男 的 是 脾气 很 爆 的 吗 
不 是 脾气 很 爆 
我 觉得 这个 事情 闹 起来 就 是 很 大  这个 事情 有 个人 添油加醋 写 一 份 什么 天涯 上 一 发  我们 这个 组织 就 出名 了 
怎么 这么 乱 啊 
我 感觉 aisec 都 没有 这么 明显 的 乱 的 事情 
Aisec 是 混 的 
Aisec 是 混 的  大家 都 彼此 接受  是 一 种 生活 方式 
我们 这 是 一个 传统 的 生活 方式 里面 一个 大 家 不 能 接受 的 事情 发生 了 
Aisec 他们 这 是 互相 彼此 都 接受 的  那 他们 随意 了 
太 无 语 了  aisec 
Aisec 和 洪哥 闹 纠纷 的 事情 也 就 没 消息 了 
谁 
洪哥 你 不 知道 嘛 
网上 说 的  你 最近 是 不 是 不 太 上 人人 了 啊 
嗯 
就 是 搞  揭发 aisec 不 是 爱 收 钱 的 事情 嘛 
Aisec 不 是 有 个 公司 吗 
在 北京  就 说 他们 过度 收 钱  然后 就 把 这个 事儿 揭发 一下 
最后 也 没 闹 出 点 名堂 来 
不过 aisec 确实 是 盈利 组织  谁 他 妈 说 他们 是 非盈利 的 啊 
他们 是 盈利 的 
就 说 盈利 的 呀 
而且 他们 这 是 个 公司  不 是 个 组织 
国际 的 aisec 没有 一个 合适 的 组织 管理 下 
就 跟 红十字会 一样  中国 的 红十字会 跟 国外 是 完全 独立 的 
中国 的 aisec 总部 叫  北京 艾赛克 人力 资源 管理公司   专门 做 这个 业务 的 啊 
我 觉得 什么 到 了 中国 都 得 变 点 味儿 
全 都 变 了 
我 现在 觉得 大家 都 好 追求 这种 什么 package 啊 
salary 啊 什么 什么 的 
这个 没 办法  因为 社会 压力 这么 大  你 不 追求 这个  你 能 靠 别的 什么 方法 获取 呢 
你 说 我 是 不 是 就 没 有 前途 了 呢 
你  那 我 也 没 前途  我 操 
我 前 两 天 都 把 自己 降 到 什么 标准 了 
你 这个  比 我 已经 好 很 多 了 啊 
真 的 
我 在 想  不 是  其实 我 之前 没 觉得 怎么样 
我 觉得 还 行 啊  反正 我 是 女生 嘛  我 又 不 买 房  我 就 是 供 自己 出 去 读 个 书 
然后  但 其实 我 也 不 喜欢 男 的 每天 都 想 找 个 
很多 男 的  不 是 每天 都 想  就是 到 了 人生 比较 艰难 的 时刻 会 想 这些 
你 平常 不 想  那个 时候 就 会 想 
不 是  我 觉得 他 可以 想 嘛  就 是  就 不能 以 这个 为 主要 你 知道 吗 
我 那天 看 了 个 故事 你 知道 吗 
什么 故事 啊 
就 是 说 一 对 上海 夫妇  原来 就 是 说 两 个 人 都 在 大 企业 工作  一个 在 那里 啊 
反正 就是 在 上海 的 某个 地方 
他 俩 买 了 个 房 然后 结婚 了  然后 每天 就 是 一个 人 去 一 个 地方 坐 班车  另外 一个 人 去 另 一个 地方 坐 班车  然后 上班 
下班 回来 了  九点十点 了  随便 吃 口 饭  然后 累 了 也 不 想 说话  就 睡 了 
然后 早上 起来 再 早起 去 上班 
然后 就 觉得 这样 的 生活 就 是  就 是 两 个 人 没有 交流  矛盾 越来越 多 
然后 就 莫名其妙 开始 吵架 
然后 后来 这 个 男 的 就 说  我 想 要 结束 这样 的 生活 状态  
但 两 个 人 都 还 不 想 离婚  就 觉得 没 有 必要 离婚 
然后 男 的 就 说  我 决定 出国 读书 了   女 的 就 说  好 
 男 的 就 说  你 可以 趁 我 出国 读书 这 段时间 想 清楚  是 要 继续 走 下去 还 是 我们 就 现在 分 了 
 然后 女 的 就 说  好 
 他们 俩 也 不 想 现在 就 离婚 
男 的 就 辞掉 工作  在家 念书  在 准备 出去 的 那段 时间 就 开始 照顾 家里 了 嘛 
