是 真 搞 笑 啊 
然后 那 个 人 就 是  我 没 想到 他 是 chairman 你 知道 吧  后来 回去 一 搜  尼玛  这么 高 的 职位 
但是 我 觉得 这个 公司 应该 挺 小 的 
他 是 好像 毕业 之后 去 了 德意志银行 
德意志银行 做 什么 
做 投行 啊 
嗯  好像 是 Capitalmarkets 
Capitalmarkets 是 投行  还是 很 了不起 的 
他 是 在 美国 呀 
ABC 呀 
ABC 呀  ABC 那 是  ABC 真 挺 多 我 觉得 
对 的  我 觉得 要 争取 让 我 孩子 变成 ABC 
我 那 次 去 斯坦福 嘛  跟 斯坦福 那边 的 人 要 去 投行 很 容易 啊 
我 觉得 美国 其实 从 哪里 去 投行 都 挺 容易 的 
而且 像 斯坦福 这种 学校 去 投行  你 根本 不 需要 实习 就 直接 
其实 浙 大 也 有 类似 于 这样 的  浙大 那个 去 巴克莱 的 不 是 也 这样  每年 在 信电系 都 招 人 的  有 个 信电系 的 校友 
哦 哦  就是 巴克莱 technology 的 VP 是 吧 
在 上海 
不 是  在 新加坡  他 每年 都 从 巴克莱 往 新加坡 招 人 
不 是  但 他 现在 好像 在 上海 
他 以前 是 在 新加坡 嘛 
所以 信电系 每年 一 个  无论 你 之前 金融 完全 不 懂 也 没关系 
每年 有 一个 名额  系 里 团委 组织 面试  我 真是 笑 死 了 
还 真 有 这样 的 机会 啊 
我 有 个 朋友 说 当时 系 里 送 他 去  他 不 去  他 去 管院 读 研 了 
我 心里 就 想  真是 傻逼 啊 
哈哈  然后 他 说  他 承认 自己 是 傻逼 
笑 死 了  他 说  他 觉得 去 新加坡 工作 什么 的 都 不 靠 谱 
然后 我 想  你 这个 


哎  我 当年 也 拒 了 新加坡 的 巴克莱  是 不 是 也 很 傻逼 
我 是 没 面 终面 
但是 那个 是 operation 嘛  我 觉得 


Operation  哦 
也 翻 不 了 什么 身 啊 
Operation 在 那 边 做 什么 东西 啊 
Riskcontrol 啊 
就 是 别人 的 deal  你 test 一下 啊 
我 觉得 这个 已经  在 今年 来 看  已经 很 难 进 了 
哦  那 我 当时 如果 去 的 话  也 是 今年 的 offer 
就 是 去年 暑假 的 那个 实习 
对 对 对  你 这个 已经 很 难 了 
你 在 国内 的 大 银行 做 这个 风险控制 也 


但 我 确实 不 后悔 这个 决定 啊  当时 我 跟 付 航 聊 过  付航 说  你 如果 能 拿 到 咨询 就 不要 去 了 吧 
 而且  然后 我 现在  就 是 他 当时 跟 我 说 operation 的 钱 其实 跟 我 现在 的 offer 是 一样 的 
然后 是 在 新加坡 还 
其实 我 真的 不 喜欢 新加坡 那个 地方  太 小 了 
新加坡 嘛  是 太 小 了 
而且 这个 社会  我 觉得  都 是 人 都 互相 认识 的 感觉 
而且 我 觉得 从 一个 中国 跳 到 一个 更 小 的 圈子 
也 没有 什么 大 发展  它 跟 香港 不 一样  它 没法 跟 香港 比 啊 
人 还 这么 功利  还有 很多 阿三哥 
嗯  尤其 是 新加坡  偏 印度 的 人 特别 多 
还有 马来人  我 觉得 很 恶心 
嗯  是 
马 来 人  印度人 特别 多 
而且 那边 的 大学生  我 觉得  就 想 我们 这边 一 个 城市 一样  他们 高中生 都 互相 认识 
你 哪个 中学  我 哪个 中学 
我 那 次 去 aces 年会  看到 新加坡 的 那 几 个 人  说  谁 谁 谁 在 中学 可 差 了 
 在 那儿 八卦 彼此 中学 之间 的 事儿  我 想 
彼此 什么 
彼此 中学 间 的 事儿  他们 都 是 大学生 了 
大四 毕业 了 还 在 说 这个  我 觉得 这个 新加坡 得 有 多 小 才 会 有 这样 的 情况 
你 就 光 一个 上海 也 不至于 有 这样 的 情况 啊 
啊  是 
他们 新加坡 好像 相对 好 一点 的 高中 也 就 那么 三 四 家 
这 还 不如 青岛 高中 的 人数 多 呢 
我 就 觉得 
你 又 黑 人家 
走 吧 
我们 往 那边 走 
走走 
我 去 买 个 袜子  然后  你 去 管院 吗 还 
我 在 想 我 是 去 管 院 跟 你 看 会儿 书 再 回来 还 是 直接 回 寝室 
你 干 嘛 
你 在 攒 人品 吗 
那 当然 是 在 攒 人品 了 
哎呀  今天 是 心情 好 
我 觉得 最后 那 几 道 题 我 连 看 都 没有 看  纯属 蒙 的 
可能 我 还 真 是 让 他们 说 中 了  让 新东方 的 人 说 中 了  新东方 有 一 个 


一 开始 我 节奏 没 控制 很 好 嘛  我 到 最后 十几  大概 十二 题 的 时候 只 剩 十几 分钟 了 
我 就 一 分钟 看 一 道 题  根本 脑子 反应 不 过来 
我 就 觉得 不 是 很 行 
新东方 的 人 说 啥 了 啊 
新东方 的 人 说   你 最后 四 五 个 题 不 做 都 没有 关系 
 为 什么 呀 
他 说  因为 你 的 分数 已经 决定 了  不 会 差 十分 的 
 这样 啊 
他 说  他们 的 速度 是 前面 的 是  前 十 道 两分 半 一道  后面 的 一点八 分钟 一道  最后 的 不 看 
我 说 我 之前 就 是 太 罗嗦  磨 了 两 三 次 
绝对 是 运气  我 觉得 我 得 倒 个 霉 
不过 我 前面 倒霉 倒 得 的 也 够 多 了 
别 别  你 别 倒 了 
别 想 太 多  你 前面 倒 得 够 多 了 
我 跟 你 说  我 大学 人生 非常 黑暗 啊 
今天 看到 太阳 了 是 吗 
也 不 是 说 看到 太阳 了 
至少 拨开 一 层 云 是 吧 
因为 其实 生活 没有 本质 变化 
这边  这边 水果 好 吗 
还 行 吧  没 有 本质 差别 
是 没有 本质 差别   我 没有 在 这里 买 过 水果 
你 想 吃 点 什么 
