我 随便 
没 什么 特别 想 吃 的 水果 
要不 就 到 那个 堕落街 门口 
其实 我 觉得 差 不 了 太 多 
吃 不 了 这么 多 
那 我们 就 去 堕落街 门口  他 有 切 好 的 
他 有 切 好 的 呀 
一 半儿 的 那 种 
哎呀 
我 有 一 种 你 今天 神清气爽 的 感觉 
是 啊 
但 仔细 想想 就 是 短时间 拨开 云雾 了 
其实 本质 上 对 我 的 生活 状态 没有 太 大 影响 
人生 总 要 需要 一点点 这样 的 东西  你 就是 要 有 东西 让 你 自信 了 
我 自己 想想  还是 要 申请 
那 当然 了 
忽然 之间 我 觉得 你们 这个 状态 


我 觉得 我 要 是 申请 应该 也 不 晚 吧 
最 起码 我 之前 看 了 一 轮 学校 呀 
对 对  你 看 了 一 轮 学校  你 还 两 个 成绩 都 有  对 吧 
但是 我 成绩 都 不 是 很 好  都 是 属于 那 种 可以 了  但是 不 是 很 好 
都 可以 了 
你 看 要 申 到 什么 学校 了  你 要 申 到 dreamschool 确实 不好 说 
哎  我 每 次 去 面试  总 是 那 我 胖 来说 事儿 
怎么 叫 那 你 胖 来说 事儿 
因为 面试者 会 问 嘛  我 就 说 我 一直 在 减 
不 是 你 应该 拿 数据 说话 呀 
我 没 法 说 啊 
而且 不 问 我 有 什么 优点  问 我 有 什么 缺点 和 劣势  这个 比较 好 回答 了  不用 特别 去 想 
喂  妈妈 
喂  在 哪里 啊 
在 寝室 里 
想念 你 
恶心 死 了 
爸爸 也 是 他 说 他 忘记 了 
老娘 都 忘记 了 
嗯  对 
那 心里 还 有 谁 啊 
不 知道  我 有 我 妈 老娘 是 谁 
你 不 知道 老娘 是 谁 
我 不 知道 老娘 是 谁  我 知道 我 妈 是 谁 
杭州 冷 吗 还 好 不 是 很 冷 
明天 要 降温 
明天 也 就 十 几度 不 会 很 冷 
5 到 10 度 了 
5 到 10 度 那 我 就 穿 羽绒服 
厚 的 有 吗 有 
我 今天 买 了 一 件 新 的 土豪 我们 做 朋友 
你 早点 休息 妈妈 再见 
室友 回来 了 没 没有 他们 回来 了 
1 喂 
喂 
喂  妈妈 
嗯  你 猜 我 在 哪里 
我 不 知道 
我 在 杭州 
你 在 杭州 
我 在 你们 寝室 楼下 
哎呀  好 怕 怕  我 不在 寝室 里 
你 在 哪里 
我 在 外面 玩 
你 在 哪里 玩 
四 处 乱 混 
啊 
四 处 乱 混 
什么 叫 做 四 处 乱 混 
你 还 查岗 我 当然 要 在 外面 四处 乱 混 了 
那 不好  你 不用 担心 我 不 会 跑 到 杭州 去  跑 到 杭州 去 肯定 去 你 那里 
哎呀  吓坏 了  这么 晚 了 剪 头发 啊 
打扮 的 漂漂亮亮 啊 
美 瞎 了  瞎 了 
哈哈哈 本来 就 是 选 的 啊 
你 老爸 这 两 天 都 在 开会 
好 可怜 
你 不 可怜 
我 不 可怜  我 旁边 有 一个 被 男朋友 抛弃 的 人  然后 他 现在 白 了 我 一 眼 
你 也 去 找 一个 
我 自暴自弃 找 不 到 了  好 忧伤 怎么办 
你 有 什么 事 
没 什么 事 那 你 洗 吧 
那 你 早点 休息 啊  乖 
拜拜  妈妈 再见 
1 喂 喂  怎么 了 
你 看到 我 给 你 发 的 两 个 链接 了 吗 
什么 
短信 
链接 
就 是 在 qq 上 给 你 发 过去 的 两 个 链接 
qq 
给 谁 的 qq 啊 
给 你 妈 的 qq 啊 
你 俩 不 是 在 线 上 吗 
啊 
你 妈 下线 了 啊 
下线 了 呀 
那 算 了 吧 
那 改天 吧 
你 等 一会儿  等 一会儿  有 什么 事儿 跟 你 妈 直接 说 就 行 
你 闺女 有事 跟 你 说 
喂  路路 啊 
嗯  我 给 你 发 的 两 个 链接 你 看到 了 没 啊 
你 给 我 发 过来 我 没 看见  我 寻思 着 你 干 嘛 呢 
啊 
你 不 是 问 我 在 哪儿 呢 吗 
我 就 给 你 发 了 两 个 链接  你 没 理 我  你 下线 了 
恩  我 下线 了  我 寻思 着 别 耽误 了 你 学习 呀 
你 爸爸 说   她 可能 学习 呢 
你 别 打扰 她 了 
 我 就 关 了  我 就 下来 了 
我 本来 是 想 学习 中间 去 买 一 件 衣服 
啊 
这 都 几 点 了  还 买 衣服 
就 在 网上 呀 
我 之前 看 好 了 的  就是 没 决定 是 哪 一 件 
啊 
那 明天 吧  明天 吧 
啊  行 
你 现在 在 哪里 呢 
我 在 寝室 啊 
在 寝室 啊 
你 刚才 也 在 寝室 吗 
对 呀  我 一直 在 寝室 呢 
我 刚才 在 寝室 看 书 
哦  我 寻思 着 你 在 教室 里  不 方便 呢  我 就 关 了 
没事儿  我 就 是 害怕 耽误 你 学习 
嗯 嗯 嗯 
你 的 好 消息 我 已经 跟 你 爸爸 说 了  你 爸爸 就 


你 好 好 准备 准备 吧 
你 好 好 准备 准备 吧 
不 是 好 消息 
就 是 还 没 到 最后 一 步 呢 
就 是 啊 
你 还 继续 努力 吧 
再 哆嗦 一下 是 吧 
啊 
再 哆嗦 一下 是 吧 
我 说 再 最后 一 哆嗦 
啊 
哆嗦 哆嗦 吧 
行  没事儿  俺 俩 准备 睡觉 了  你 也 准备 早点 休息 啊 
好  我 明天 考试 
你 明天 考 么 试 啊 
金融 法 
那 还 祝 你 考 个 好 成绩 啊  宝贝 
哎呀  这个 考试 真是 烦 死 了  老师 不 说 重点  这么 厚 的 一 本 书 
看 完 跟 没有 看 一样 
不 能 看 吗 
就 是 开卷 考试 啊 
