还有 什么 科技 文化 月  说实话 挑战 杯 也 跟 这 中 也 有 像 
本科生 的 是 有 一个 挑战 杯  它 那 是 全国 的  然后 在 学校 层面 还有 一个 初选  还 包括 各 个 院 系 比较 小 范围 的 有 学术 层  是 叫 墙报展 
各个 系 自己 有 导师 带领 那 种 （ 001252 英文 ） 形式 的 
像 我 印象 比较 上 好象 是 经济 学院  管理 学院  公关 学院  经济 学院 叫做 青年 论坛  它 不 是 每 单周 还 是 双 周 的 时候 就 有 一个 老师  然后 两 个 博士 就 讲 自己 的 学习 研究 的  公关 也 有  所以 其实 这个 学术 文化 活动 是 有  但是 我 觉得 这个 可能 比较 欠缺 的 呢 应该 是 理工科  文科 的 有 些  特别 是 经管 类 的 还是 说 做 的 比较 （ 好 ）  哪怕 就是 那 个 师 政 部 我 看 他们 都 经常 在 企 划 这种 东西 
他们 也 比较 注重 沟通 交流 
所以 可能 我们 搞 这种 学术 评选 的 话 你 看 他们 人文 社 的 就 率先 就 再 搞 这个  我 觉得 这些 方面 也 已经 有 了  但是 人文 社科 也 可以 一起 搞 
但是 社科院 搞 时候 他 也 没有 想到 理工科 这 块 
社科 一直 在 做 学术 评选 
有的  你 像 网上 
首 届  他们 是 首 届 
是 吧  因为 理工科 的话  我 觉得 知道 出 成果 就 可以 了  出 成果 很多 人 就 盯 在 一个 什么 方面 的  就是说 真正 的 那 项目 
但是 人文 社科 的 拿 项目 也 拿 了  但是 他们 更 注重 的  真正 我 在 学术 启发 上  或者 一些 学术 观点 上 的 一些 东西  所以 他们 做 这个 的话  从 他们 自身 来说 也 更 紧迫  更 需要 
但是 我们 这 块 我 觉得 也 同样 重要 
李 部长 就是 让 我们 更 多 的 围绕 学术 成果 评选 这块 来 参加 这个 活动 
对  因为 这个 我 知道 你 们 拿 出去 以后  跟 你们 研工部 或者 跟 校团委 沟通 的 情况 怎么样  当时 
我 跟 我们 校 团委 的 刘 书记 也 是 沟通 过 几 次 
我们 当时 聚集 的 一个 焦点 是  因为 像 学校 里 其实 学术 评选 的 活动 是 有 一些 的  比如说 本科生 参与 很多 的 挑战杯  普创杯  稍微 有 一点 不 一样  但 也 算是 评选 的 一 种 
至于 刚才 您 说 的 像 这种 青年 教师  如果 我 没 理解 错 应该 是 青年 教师 研讨会  然后 走 进 各个 院 系 那 种  它 又 很 少 对 学生 开放  所以 就 本科生 的 角度 来 讲  我们 对 学术 的 一个 接触 其实 上 是 比较 少 的  可能 资源 就 放 在 那边  但是 我们 没有 这 子 的 意识  或者 说 我们 没有 这样 子 的 想法 要 去 接触 它 
我们 更 关心 的 可能 是 什么 
就业  读 研  好象 学术 离 我们 很 遥远 的 一个 事情 
所以 我们 当时  因为 事先 是 对 去年 张 院士 他们 所 提 的 那个 十 大 学术 进展  我们 先 做 过 一 次 小型 的 调研  然后 我们 当时 觉得  既然 说 把 它 推选 到 一个 评选 的 阶段  而且 又 进入 了 网上 投票  类似 于 这 样子 一个 评选 过程  其实 它 有 一个 很 重要 的 目的 是 希望 推广  推广 学生 对 我们 现在 学校 里面 一个 学术 发展 状况  一个 认识  激发 更 多 的 同学 对于 这 件 事情 的 兴趣  所以 我们 当时 做 这 份 策划 的 时候 也 是 包括 这 样子 一个 推广 里面 在 里面  但是 你 刚刚 提到 说 以 学术 成果 评选 为 核心  我 觉得 也 很 有 道理  是 应该 有 这样 的 一 场 评选  但是 我们 现在 可能 还 是 担心 比如 像 跨 学科  或者 说 跨 领域  或者 说 本科生  研究生  博士生 在 这个 层面 上 如何 进行 一个 公平  而且 同 台 的 一个 竞争  如何 让 工科 的 学生 对 我 认为 社科 的 一个 评选 也 同样 产生 兴趣  这 可能 是 我们 现在 比较 关注 的 一个 东西 
学科 差异 没 问题 的 
专家 评选 可以 综合性 的 
对  因为 我们 这个 评选 出 来 的 话  它 可能 分 很多 领域  不 会 去 比如说 单纯 的 评 文章  或者 是 单纯 的 评 一个 创意 什么 的  它 这些 都 有 的  这 是 一个 
然后 不同 领域 它 可能 也 是 会 分类 的  所以 领域 方面 的 东西 担心 的 话 是 可以 消除 
因为 你 通过 院 系 上 来 的 话  比如说 你 这个 院 系 里面 你 推 选 出来 的 几 个 文章 也好  几 学术 的 创意 也好  或者 是 学术 的 思想 也好  大家 都 会 本 学科 里面 去 评价  而且 学校 里面 这么 多 也 有 一些 是 跨 学科 的  比如说 你 是 搞 机电 的  除了 电器 的 人 在 搞  管 电 的 人 也 搞  甚至 信电 的 人 都 在 搞  化工 的 人 也 在 搞  所以 呢 大家 对 这个 东西 不 会 偏离 太 大  但是 我 觉得 强 是 有 一个 很 重要 的 方面  为什么 去 促进 这个 评选 这个 成果 呢 
就 是 我 今天 我 是 觉得 吃饭 的 时候  回到 碰到  我 就 觉得 浙江 大学 的 老师 讲话 水平 也 越来越 学术 了 
我 就 听到 旁边 的 两 个 人 就 在 聊天 的 时候  他 说 据 学术 调查 某某 东西 是 这样 的 一个 情况  其实 讲 到 这个 的 时候  真正 有 学术 思想 的 人  或者 是 学术 创新 的 时候  大家 都 知道 是 集中 在 年轻 的 这个 阶段  如果 这个 时候 我们 不 搞 一点 活动 把 自己 的 思想 去 激发 出来 的 话 真正 你 等 到 三十 几 岁 的 时候  那 我 觉得 还 是 主要 是 模仿 
可能 严 建风 已经 在 做 研究生 了  很多 这个 导师 没有 多少 创新 的 东西  要 不 是 去 看 了 国外 点 文献  我们 做 这个 方向 吧  要么 是 到 民营 企业  或者 到 哪个 企业 去 看 了 一下  就 回来 说 我 也 这个 东西  然后 研究生 就 捣鼓 出来  就 是 停留 在 这个 更改 环节  所以 我 觉得 搞 这个 学术 沙龙  或者 是 学术 评选 我 觉得 更 多 的 是 真正 如果 能 达到 一 种 理想 的 状态  就 是 大家 来 传播 自己 的 这种 思想  传播 自己 的 学术 观点  这个 我 觉得 可能 会 更 真 一点 
