还 是 什么 
嗯 对  这 款 是 我们 的 主打款  一 万 九千九百二 
有 折扣 吗 
有 有 有  八五 折  打 完 折 是 一 万 五千 多 
这 整 场 都 八五 折 是 吗 
对 对 对 
一 万 九  打 完 折 一 万 八 
不 对 不对  打 完 折 一 万 五千 多 
一 万 五 是 吧 
好 呀  我 看 一下 
那 要 不 你 今天 还 不 打算 买 的 话  就 先 看看  下 个 月 我们 商场 有 个 活动 
哦  我 看见 了  你们 也 参与 吗 
对  现在 嘛  我们 是 打 八五 折  那 到 时候 商场 还有 三 个 点 
相对 来说  到 时候 你 买 的 话 优惠 一些 
三 个 点 
就 大概 是 七 折 是 吗 
对 对 对  我们 是 给 你 折扣  然后 商场 还 会 返 给 你 三 个 点 
下 周 跟 
就 是 下 个 月 开始 嘛 
下 个 月 开始  是 一个 月 吗 
没有 没有 
就 两 周 
三十 号 到 六 号 预售  然后 七 号 到 八 号 呢  是 来 全 额 付清 
全 额 付清 之后 呢  如果 满 三千 还 可以 送 超市 卡  一百 块 钱 的 超市 卡 
你 这个 店 是 他 的 直营店 还是 加盟店 啊 
加盟 
没 区别 的 是 吧 
就 是 经销商 
产品 都 一样 的 是 吗 
对  都 一样 
杭州 经销商 就 一个 是 吗 
对  同一个 
我们 这边 呢  杭州 欧亚达 也 有  那边 是 总店 
哦  那边 是 总店 是 吧 
那 我 要 是 在 这边 买  你 送 过去 的 话  是 怎么 着 
送 过去 的 话  免费 送 的  反正 一个 星期 之内 打电话 给 我们  都 可以 的 
因为 我们 的 货 的 话 就 在 滨江 
哦  你们 的 仓库 在 滨江 
然后 我 要 是 什么 的 话  你们 就 直接 送 到 我家 是 吗 
对 对 对  那 肯定 的 
那 是 放 上 去 还 是 你们 只 负责 送 到 就 不 管 了 啊 
那 肯定 是 帮 你 装 好  安装 好 嘛 
如果 你 是 床架 啊 什么 都 弄 好 了  就 买 我们 床垫 的  我们 就 自己 给 你 放到 床架 里面 
如果 是 在 我们 这里 一次性 一整套 全部 选 了  我们 都 包括 安装 的 
你们 这个 跟 其他 的 那些 牌子 


这个 是 国内 的 牌子 是 吧 
对 的  是 国内 的 牌子 
但是 现在 慕思 3D 呢  是 属于 国际 一线 品牌 的 
嗯  我 也 是 知道 它 在 国内 还 算 比较 不错 的 
行 吧 
那 你们 跟 他们 那些 比 差不多 是 吧 
比 什么 
跟 别人 家 比 吗 
对 
那 是 没 法 比 
就 还是 不 太 好 是 吗 
你 的 意思 是 跟 旁边 的 这些 喜临门 啊 什么 的 比 吗 
嗯 
那 是 我们 慕思 3D 卖 的 是 最 好 的 
床垫 的话  你 去 看  慕思 3D 的 床垫 你 去 看 哦  我们 这 边 的 床垫 非常 好 
因为 喜临门 她们 啊  都 是 本土 品牌 
像 我们 就 是 国际 一线 品牌  它 跟 三一五 协会 啊  什么 都 是 合作 的 
哦  这 样子 啊 
这个 店 是 个 新 店 是 吗 
这个 嘛  这个 市场 本来 也 是 新 的  才 开 两年 
我们 刚好 也 是 进来 两年 
哦  就是 这边 太 偏 了 
交通 也 不 是 很 方便 
其实  到 这边 来 的 话 还 是 挺 多 的 
比如说 海宁  到 我们 这边 也 有  富阳  跑 到 这 边 的 也 有 
哦  你们 在 这个 位置 就是 为了 吸引 那边 的 人 是 吧 
不 是 说 杭州 主城 啊 
那 不 是 说  杭州 的 都 会 过来 呀 
像 临平 也 会 过来 的 啊 
其实 顾客 是 这样 的 对 吧  就是 看 哪里 有 活动 就 去 哪里 了 
嗯  对  我 也 是 看 这里 有 活动 
那 我们 商场 下 个 月 两 周年 庆典 活动  那 其他 商场 是 没有 活动 的 呀  那 你 去 别的 地方 肯定 对 呀 
好 的  那 我 再 看 一下 
你 有 没 有 一 个  就 是 产品 的 
哦 这 是 产品 的 小册子 吗 
嗯  你 拿 这个 吧 
或者 拿 这个 V6 的 也 可以 
或者 我 看 的 那 几 款 床垫 的 给 我 看看 
这 上面 都 有 价格 的 吗 
没有 
那 你 刚刚 给 我 推荐 的 几 款 这 上面 有 吗 
有的 是 没有 介绍 的 
像 这 款 的 话  这 本 上 是 有 的 
像 门口 这 款 868 的  就是 这个 
那个 是 五 万 多 是 吧 
打 完 折 是 四 万 
嗯 对  打 完 折 就 三 万 多 吧 
三 万 多 是 吧 
嗯  你 那 这个 好 了 
你 主要 是 看 床垫  就 拿 这个 吧 
嗯  好 的  上面 有 价格 的 是 吧 
呃  没有 价格 的 
你 如果 要 看 价格 的 话 上 我们 的 官方网站 
就 是 网上 的 价格 是 一样 的 是 吗 
对  价格 是 一样 的  系列 也 是 一样 的 
就 是 比 网站 上 便宜 个 八五 折 是 吧 
嗯 


网站 上 是 原价 还是 折 后 价 
网站 上 是 原价 的 
但是 网上 我们 不 销售 的 
万一 有 销售 的 你 要 注意 了 啊 
我 给 你 找 个 V6 的  床架 也 还是 要 买 的 哦 
你 拿 着 这个 也 看看 
你们 两 个 店 的 床垫 没 差别 是 吧 
就 是 折扣 有 差别 
折扣 平时 也 没 差别  就 是 活动  商场 跟 商场 之间 有 差别 
那 这边 卖 的 好 还是 欧亚达 卖 得 好 呀 
那 肯定 是 欧亚达 咯  他们 那 是 闹市区  当然 卖 得 好 咯 
那 我 再 转转  谢谢 啊 
哎  没事儿 
