对  教育 
你们 小时候 都 会 很 好奇  会 问 妈妈  问 爸爸  这 是 什么  这样 教育 你们 
这样 会 不 会 效果 不 够 啊 
不 能 继承 好  会 忘 的 

实际上 不 会  你 生活 在 这个 家 里面  你 每天 都 看 的 到  不 会 忘 
这 是 祠堂  不 一定 每天 来 喽  我们 以前 是 老 的 宅门  北方 人 是 四合院  一个 台 门 里面  住 在 里面  这 是 家  你 小 的 时候 没 事 好 做  就 在 那 看 嘛  就 会 问 大人 这 是 什么  大人 会 告诉 你  对 吧 
可是 现在 这样 的 家庭 不 是 不 多 了 么 
对 啊  所以 说 时代 在 变化 
为什么 那些 老 房子 现在 没 人 要 住  因为 从 居住 田间 来说  不 能 满足 我们 现代人 的 居住 需求  所以 要 改 
但是 为什么 这么 好 的 东西 没 人 去 做 呢  想 过 没有 
缺乏 了解 
不 是  因为 解放 以后  没有 人 再 这样 造 房子 
因为 共产党 认为 这 是 封建  不 提倡 造 
而且 解放前 能够 建 这样 的 房子 的 人 都 是 地主  富 人 被 打倒 了  所以 没有 人 去 造 
所以 当时 的 人 建 的 都 是 现代 的 房子  你们 可以 看到 一些 六七十年代 造 的 房子  很 简单  一定 文化 没有  都 是 垃圾  现在 都 被 人 铲 倒 了 
但是 老 房子 的 每 一个 构件 都 是 宝贝  那些 房子 是 垃圾  不 是 因为 不好  而是 因为 时代 的 变化 
现在  又 尊重 这个 传统  尊重 历史 了 
有 人 有 保护 的 意识 了  有人 会 买 老 房子  保护 或 改造 一 下  住 在 里面 
那 老师 有 没有 想 过 为什么 现在 又 有 人 有 意识 保护 了 呢 
这个 就是 因为 时代 的 发展 
过去 人们 都 觉得 这 是 垃圾  当作 封建 的 东西 破坏 掉  但是 经过 这 几 十年 以后  终于 明白 了  它 是 我们 宝贵 的 文化  遗产 
终于 有 人 知道 这 是 宝贵 的 遗产  把 它 保护 起来 
因为 人 的 观念 是 在 变 的 
特别 是 在 我们 国家  它 的 政权 是 在 推翻 一个 政权  这 推翻 的 过程 带有 很 大 的 破坏性 
那个 项羽 烧 阿房宫  太 傻 了  这个 房子 留 着 可以 用 的  你 干 嘛 要 去 烧 呢  对 吧  但 他 就 要 烧 
历代 朝廷 的 替换 当中  总 会 有些 破坏  一 把 火 把 你 烧 掉 
其实 把 人 赶走 就 好 了  房子 自己 可以 享用 的 嘛 
所以 现在 的 北京 故宫  是 元朝 的 时候 开始 造 的  到 了 明朝 把 它 造 起来 
清朝 的 人 进来  觉得 这个 房子 很 好 啊  反而 没有 烧 掉 
少数民族 反而 珍惜 这些 东西 
清朝 的 时候 尊重 汉 文化  满族 文化 被 汉 文化 同化 掉 了 
乾隆 康熙 他们 取 名气 都 取 汉名 
他们 很 尊重 我们 这个 文化  他们 知道 这个 是 好 东西 
但是 我们 自己 没有 这样 的 意识  不断 破坏 
现在 有 人 意识 到 了 
现在 作为 政府 在 搞 新 农村 建设 什么  还 在 有些 破坏 
那 您 有 没 有 担心 过  再 过 二十 几 年  大家 对 这些 祠堂 的 记忆 就 消失 了 
这个 我们 不 担心  因为 我们 把 这个 祠堂 这么 漂亮  肯定 会 有 很多 人 来  村里 的 小 孩子 也 会 来  这 本身 就 是 一 种 宣传 
来 的 时候  这个 过程 就 是 传递  就 在 学习 
因为 这么 好 的 东西  我们 不 宣传  你们 都 会 来  本村 的 人 就 会 更 知道 
他们 这些 老人 都 很 关心  都 会 提 建议  他们 都 很 热爱  全村人 都 在 热爱 这个 东西 
一般 老人 会 比较 关心  那么 村里 的 孩子  中年人 呢 
也 会 喜欢  我 女儿 跟 你们 差不多 大  在 法国 留学 
今年 夏天 她 回来  我们 是 在 富阳  她 不 在 这儿  以 前 她 都 没 感觉 的  但是 这 次 回来 也 眼睛 发亮  让 我 给 她 拍照 
因为 这 是 好 东西  好 东西 自然 有 人 会 喜欢 
在 修 的 过程 中  很多 人 会 打电话 给 我  他们 很 关心 
这 就 是 一 种 力量 
他们 也 明白 修 之前 和 之后 是 不 一样 的 
这个 的确 比 其他 地方 做 的 很 好 
这 也 是 很 重要 的 原因 
为什么 我们 这个 祠堂 在 文化大革命 期间 没有 被 破坏 掉 
我们 整个 村子 都 是 蒋 家 的  蒋 家 的 人 听 老人 的 话  不 去 破坏 
我 上 小学 的 时候  比 我 大 的 人 爬 上 去 想 拆 那些 挂 灯笼 的 铜 的 构件 下来  我 也 想 上 去  就 是 动 不 了 而已 嘛 


那 老师 你 有 没 有 一些 推荐 的 资料 呢 
那 你 就 是 去 网上 搜索  另外 有 些 纸质 版 的  电子版 的  我 可以 发给 你们 
那么 我们 用 的 时候 会 注明 出处  这样 可以 吧 
可以 的 那么 谢谢 蒋 老师  麻烦 你 了 
哎  你好  我 问 下 哪里 有 洗手间 啊 
洗手间 啊  就 这个 大楼 过去 这边 
哦  这边 是 吗 
这 栋 大楼 里 没有 吗 
大楼 里 没有 
哦  谢谢 啊 
你 好  我 问 下  这里 有 洗手间 吗 
进去 那边 就 是 
哦 好 
啊 
什么 
进去 那边 就 是 
哦  就是 进去 那边 那个 楼 是 吧 
就 是 那边 不 是 有 个 口子 吗 
从 那 个 口子 进去 就 看到 了 
哦  就 是 它 不 在 外面 是 吗 
对 
嗯 好  谢谢 
﻿鹌鹑 蛋 
我 想 吃 肉 
那个 啊 
这 是 什么 
肉 吧  好恶 心 
没有 肉 吃 
我 看到 了 墨鱼 
我 要 大白菜 
这个 是 什么 
土豆 么 
我 不 想 吃 大白菜 
