我 何必 呢  累 死 了 
本来 多 好 啊  周五  周六  周日  周一  四 天  还有 可以 星期四 晚上 回去 
对 啊 
算 了 
对 啊 
那 就 星期四 是 7  8  9  10 节 都 没 课 了 
本来 可以 这样 子 
但是 我 到 了 就 晚上 了  大 半夜 了 
真是 的 
走 
那 就 晚上 了 
让 我 老 爸 来 接 
大 半夜 从 车站 到 市 区 又 要 半 个 小时  从 市区 到 我家 要 一 个 小时 
讲 什么 啊 
就 讲 了 系列 
看 不 下去 了 
虽然 短 
都 有 会 下 个 月 到 账  钱 到 账 之后 我 要 用 你 的 卡 去 屈臣氏 买 点 东西 
我 以为 你 说 等 你 的 钱 到 账 请 我们 去 吃饭 
现在 没什么  但是 他 就 是 说 下 个 月 25 号 左右  这 是 圣诞 礼物 
它 到 账  然后 这个 月 初 的 话 是 报销 走 那个 流程 
哇塞  你 来 看 
这 是 姿势 摆 的 不错 嘛 
我 有 可能 这 个 星期 就 可以 去 阿里 的 总部 
带 我 去 吧 
土豪  两 个 小时 算 三百 多 有 没有 
淘宝 就是 这种 土豪 
下 次 我 带 你 去 吧  我 看 他 缺 不 缺 人  还有 
你们 去 那边 做 什么 
就 是 帮 他 打电话  因为 他们 总部 经常 会 开会  就是 比如说 开 一个 研讨会 
打 个 电话 就 三百 多 啊 
不 是 啊  也 要 看 你 打 的 成功率 啊 
就 是 比如说 它 双 十一 的 时候 就 有 招 人  就是 招 人 去 打 给 淘宝 卖家  然后 让 它 过 来 开会  就是 叫 它 怎么 筹备 双 十一 这 样子 
现在 的 话  接 下来 不 是 有 双 十二 嘛  它 又 有 
然后 前段 时候 我 打 的 是 让 他 过 来 参加 关于 什么 卖家 中心 的 讨论 嘛 
卖家 
就 是 淘宝 一个 应用 嘛  然后 会 问 有 没 有 用 过  如果 他 用 过 的 话 就 让 他 过来 在 什么 时间  在 什么 地点 让 他 来  对 他 说 问 他 能 不 能 来 这样  如果 能 来 的 话 登记 个人 信息  然后 到 时候 如果 当天 他 没有 来 的 话 那 就 不 算 有效 电话  来 的 话 就 算 有效 电话 
据说 一个 有效 电话 有 五六十 的 样子 
只要 他们 能 来  然后 如果 卖家 给力 一点 的 话 就 比较 好 
太 开心 了 
这些 淘宝 姐姐 非常 的 有趣  淘宝 哥哥 也 很 有趣 
然后 最近 见 的 都 是 淘 宝 姐姐  太 让 我 伤心 了 
我 礼拜二 晚上 是 没有 课 的 
阿里 跟 淘宝 是 什么 关系 
阿里 是 总部 啊  总公司 啊  然后 阿里 上面 不 是 有 淘宝  天猫 之类 的 吗 
珠宝 呢 
珠宝 也 是 啊 
然后 它 在 不同 的 地方 有 不同 的 分工 
我 觉得 你 真 是 太 博学 了 
撞 的 好 重 啊 
为什么 受伤 的 总 是 我 
明天 中午 回 不 回来 
明天 中午 回 啊 
回 那 我 下午 的 书 就 不 带 了  下午 的 书 重 死 了 
上午 上 什么 来 着 
社会 语言学 
刚好 明天 有 毛概 
那么 在 毛概 上面 看 那 个 
一二 节 没 课  是 三四 节 的 课 对 吧 
嗯 
可以 玩 会儿 游戏 看 会儿 书 
书 看看  游戏 玩玩 
然后 看 不 懂 的 记 一下  看 懂 的 得 瑟 一下 
好 烦 啊 
你 知道 淘宝 总部 就 是 淘宝城 那边 太 恐怖 了  就 好多 好多 路  就 是 容易 迷路  就 是 一 整个 都 是 淘宝城 
在 哪里 
就 在 可能 离 鸡西 比较 近 
在 那个 什么 什么 科技园 反正  它 有 好 多 点 
包括 （ 003020 ） 那边 
然后 还有 一 大 块 地方 是  都 是 车  还有 一 大 块 是 仓库  有 一 大 块 广场 一样 的  （ 003031 ） 好像 是 用 来 卖 的  就 整个 在 后面  然后 进去 你 还要 预约  还要 给 一个 通行证 这 子 
通行证 还 有 你 的 个人 帐户 
要 给 你 一 个 个人 帐户 
我 可以 顺便 再 找 一个  我 一个 什么 学长 的  （ 003111 ） 
（ 003245 ） 交 给 你 一个 任务 
我 已经 关 电脑 了 拜拜 
反正 你 明天 要 给 我 一个 PPT 模板 
我 的 模板 都 很 丑  你 可以 变 一下  但是 我 觉得 比 你 的 好 一些 
所以 要 让 你 选  要不然 总 说 我 那 个 坏  混蛋 
你 确实 选 的 很 丑 
你 就 选 一个 全 黑 的 也 可以  选 一个 全 白 的 也 行 
你 就 算 一个 色彩 鲜艳 一点 的  也 不 要 选 上 次 那么 俗 艳 的 
她 要 大红 配 大绿 
对  她 节 就 喜欢 大红 配 大绿 
其实 我 觉得 橘黄色 挺 好 的 
不 是 这样 黄色 
不行  我 不 想 做  明天 晚上 再 做 来得及 吧 
来得及 的  你 知道 至少 你 不 做  你 上去 直接 让 你 讲  你 光 一 个 卖家 就 可以 讲 很多 
这个 要 明天 发 照片  可是 照片 不 在 我 手上 我 该 怎么 跟 他 说 啊 
毛概 总算 写 完 了  好 烦 啊 
（ 003414 ） 如果 你 上 来 帮 我 拿 一 个 那个 
好 
你 （ 003419 ） 
我 至少 要 等到 她 洗 完 
文献 那 不 乱  还是 文献 用 的 差不多 
4-14 的 吧 
那 也 很 冷 啊 
反正 这 几 天 就 是 一直 降温 的 
但 中午 又 热 啊 
（ 003645 ） 
穿 什么 衣服 啊  明天 穿 什么 
啊 
志美 以为 我 说 这 两 天 穿 什么 衣服 啊  就是 不 用 穿 衣服 的  这 两 天 不 用 穿 衣服 的 
格式化 了 也 不 能 把 格式 掉 
干吗 
我 的 U 盘 还 能 用 吗 
能 啊  你 格式化 一下 不 就 又 能 用 了 吗 
