林书豪 是 谁 ？
如果 十几 天 之前 问 这个 问题 ， 除了 篮球 迷 恐怕 没 几 个 人 知道 。
而 如今 ， 这个 刚刚 加入 NBA 两年 、 拿 着 最低 工资 的 “ 临时工 ” ， 却 带领 状态 低迷 的 纽约 尼克 斯 队 连 创 佳绩 ， 登 上 《 时代 》 杂志 封面 ， 成 了 风靡一时 的 明星 ， 而 他 的 华裔 身份 ， 更 让 其 在 海峡 两岸 成 了 炙手可热 的 人物 。
有人 说 ， 林书豪 的 成功 ， 为 华裔 乃至 亚洲 人 正名 ， 表明 除了 姚明 这样 的 大个子 ， 普通 黄种 人 也 可以 在 强手 如云 的 篮球 世界 取得 一席之地 。
甚至 有人 开玩笑 说 ， 又 一 项 非洲 裔 的 专属 特长 被 亚裔 抢走 了 。
有人 说 ， 林书豪 的 成功 ， 更 多 得益 于 他 是 一个 美国 人 。
的确 ， 他 的 中文 不 流利 ， 他 的 思维 是 美国 化 的 ， 就 连怀才 不 遇 、 备 遭 歧视 ， 抓住 机遇 、 一飞冲天 的 个人 经历 ， 都 太 像 传统 美国 英雄主义 电影 里 的 情节 。
一千 个 人 眼中 有 一千 个 哈姆雷特 ， 但是 如果 我们 超出 国籍 、 族 裔 的 视野 ， 放下 这些 外部 环境 的 争论 ， 去 细细 探求 林书豪 的 成功 之 路 ， 就 会 发现 ， 出身 也好 、 国籍 也好 ， 都 不 是 最 重要 的 东西 ， 他 的 成功 ， 首先 得益 于 自身 的 努力 。
人 前 的 风光 ， 源自 背后 的 汗水 。
娴熟 的 运球 ， 精准 的 投篮 ， 都 来自 极端 刻苦 的 训练 。
即便 是 在 联赛 停 摆 、 饭碗 无 着 之 时 ， 他 的 训练 也 没有 中断 。
而 来 大陆 做 活动 时 ， 他 问 得 最 多 的 是 能否 解决 训练 场所 、 条件 如何 、 离 宾馆 多 远 …
…
天分 固然 重要 ， 但是 如果 没有 后天 的 勤奋 ， 一切 自然 无从 谈 起 。
个人 的 成长 ， 与 家庭 也 有 莫大 的 关系 。
林书豪 的 成功 ， 还 得益 于 家庭 的 宽容 和 开明 。
与 一般 家长 不同 ， 林书豪 的 父母 支持 他 的 兴趣 爱好 ， 允许 他 做 自己 最 愿意 做 的 事 。
正是 有 了 这样 的 空间 ， 才 使 他 在 遭遇 逆境 时 少 有 来自 家庭 和 亲友 的 压力 ， 能够 坚持 自己 的 梦想 。
对 ， 还有 梦想 。
正 如 他 自己 所 说 ， “ 不管 你 喜欢 什么 ， 都 要 努力 去 做 、 做 到 最 好 ， 不 一定 只 是 篮球 。
而且 你 要 去 追逐 梦想 ， 不要 别人 告诉 你 能 或者 不 能 ” 。
这 是 一个 非常 朴素 的 道理 。
也许 我们 不能 复制 林书豪 的 成功 ， 但是 他 的 努力 、 他 的 梦想 却 是 每个 人 都 可以 复制 的 。
这 与 一个 人 的 能力 无关 ， 而 仅仅 是 一 种 精神 品质 。
如果 说 林书豪 能够 吸引 华人 的 关注 是 与 其 身份 有关 的 话 ， 那么 为数众多 的 非 华裔 也 对 其 疯狂 追 捧 ， 则 是 从 他 身上 看到 了 个人 价值 得以 实现 的 可能性 。
这 是 一 种 超越 国籍 、 族 裔 的 朴素 情感 和 价值 认同 。
而 对于 当下 的 中国 ， 林书豪 的 成功 则 更 显 意味深长 ： 它 不 应 仅仅 是 篮球 界 的 狂欢 ， 而 更 应 是 教育界 乃至 全 社会 的 镜 鉴 —— 如何 能够 让 年轻人 更加 自由 和 快乐 地 成长 ， 又 如何 能够 让 他们 坚持 梦想 ， 通过 自身 努力 在 社会 中 取得 一席之地 ， 这 是 我们 这个 时代 应该 思考 的 问题 。
10月 21日 ， 新 赛季 CBA 体 测 在 四川 成都 正式 开始 。
一直 以来 ， CBA 体 测 备受 争议 ， 今年 从 10 个 项目 “ 瘦 身 ” 为 4 个 项目 的 体 测 同样 没有 逃脱 这种 “ 命运 ” ， 各种 热 议 不绝于耳 。
在 21日 进行 的 两分 钟 强度 投篮 中 ， 王仕鹏 、 王哲林 、 李 学林 等 多 位 名将 没 能 通过 测试 。
赛后 ， 不少 球员 纷纷 “ 吐 槽 ” ： 有人 认为 “ 一刀切 ” 的 标准 不 合理 ， “ 球场 上 不同 位置 的 球员 ， 有 不同 的 分工 和 责任 ” ， “ 不 可能 每个 人 都 是 投手 ” ； 也 有人 认为 标准 不 科学 ， 因为 “ 投篮 偶然性 比较 大 ” ， “ 希望 在 梦 里 可以 通过 ” …
…
CBA 体 测 标准 是否 合理 、 是否 科学 等 问题 都 有待 商榷 ； 但是 体 测 首日 ， 球员 在 不少 业内人士 认为 “ 难度 并 不 是 很 高 ” 、 “ 只要 正常 训练 就 能 达到 ” 的 两分 钟 强度 投篮 中 的 通过率 不 高 ， 让 我们 不禁 为 球员 的 状态 担心 ， 更 为 CBA 乃至 是 中国 篮球 的 发展 捏 把 汗 。
通过率 低 ， 可能 有 场地 不 适应 、 热身 时间 不足 等 客观 原因 ， 但 更 重要 的 原因 在于 球员 的 基本功 不 过关 和 态度 不 端正 。
众多 球员 在 体 测 上 “ 落 马 ” ， 让 一些 业内人士 很 着急 ， 认为 现在 “ 球员 身体 素质 好 了 ， 基本功 却 变差 了 ” ； 而 当年 因 训练 刻苦 ， “ 匡鲁彬 等 前辈 投 这种 强度 的 投篮 ， 命中率 常年 在 80% 左右 ” 。
职业 联赛 需要 职业 态度 ， 这 不仅 是 对 管理者 、 俱乐部 和 教练 的 要求 ， 更 是 对 球员 的 要求 。
