他/rr没有/v孩子/n，/wd有/vyou一个/mq女仆/n，/wd生活/vn还/d算/v舒适/a。/wj
那个/rz地方/n很/d荒凉/a，/wd在/p北边/f半/m英里/q以外/f，/wd有/vyou几/m座/q别墅/n，/wd是/vshi塔维斯托克镇/nrf的/ude1承包商/n建造/v的/ude1，/wd专/d供/vi病人/n疗养/vn以及/cc其他/rzv愿/v来/vf呼吸/v达/v特/d穆尔/nrf新鲜/a空气/n的/ude1人/n住/vi用/v。/wj
向/p西/f二/m英里/q以外/f就/d是/vshi塔维斯托克镇/nrf，/wd穿过/v荒野/n，/wd大约/d也/d有/vyou二/m英里/q远近/n，/wd有/vyou一个/mq梅普里/nrf通/v马厩/n，/wd是/vshi属于/v巴克/nrf沃特/nrf勋爵/n的/ude1，/wd管理人/n名叫/v赛拉斯/nrf?/ww
布朗/nrf。/wj
荒野/n其他/rzv方向/n则/c异常/d荒凉/a，/wd只有/c少数/m流浪/v的/ude1吉卜赛人/nz散居/v着/uzhe。/wj
这/rzv件/q祸事/n发生/v的/ude1星期一/t晚上/t，/wd基本/a情况/n就/d是/vshi这样/rzv。/wj
“/wyz这/rzv天/qt晚上/t，/wd象/ng平常/a一样/uyy，/wd这些/rz马匹/n经过/p驯/v练/v，/wd刷洗/v，/wd马厩/n在/p九点/t钟/n上/vf了/ule锁/n。/wj
两/m个/q小/a马倌/n到/v斯特雷克/nrf家/n去/vf，/wd在/p厨房/n里/f用/v过/uguo晚饭/n。/wj
第三/m个/q小/a马倌/n内德/nrf?/ww
亨特/nrf留下/v看守/n。/wj
九点/t过/vf几/m分/qt以后/f，/wd女仆/n伊迪/nrf丝/n?/ww
巴克斯特/nrf把/pba内德/nrf的/ude1晚饭/n送到/v马厩/n来/f，/wd这/rzv是/vshi一/m盘/qv咖喱/n羊肉/n。/wj
她/rr没有/d带/v饮料/n，/wd因为/c马厩/n里/f有/vyou自来水/n，/wd按/p规定/n，/wd看/v马/nr1房/n的/ude1人/n在/p值班/vi时/ng，/wd不/d能/v喝/vg别的/rzv饮料/n。/wj
因为/p天/qt很/d黑/a，/wd这/rzv条/q小路/n又/d穿过/v荒野/n，/wd所以/c这个/rz女仆/n带/v着/uzhe一/m盏/q提灯/n。/wj
“/wyz伊迪丝/nrf?/ww
巴克斯特/nrf走/v到/v离/v马厩/n不/d到/v三十/m码/q时/ng，/wd一个/mq人/n从/p暗处/n走/v出来/vf，/wd叫/vi她/rr站住/v。/wj
在/p提灯/n的/ude1黄色/n灯光/n下/f，/wd她/rr看到/v这个/rz人/n穿戴/v得/ude3象/n个/q上流/b社会/n的/ude1人/n，/wd身/ng穿/v一/m套/q灰色/n花呢/n衣服/n，/wd头/n戴/v一/m顶/q呢帽/n，/wd脚/n登/v一/m双带/n绑腿/n的/ude1高/a统/vn靴子/n，/wd手/n拿/v一/m根/q沉重/a的/ude1圆/vg头/n手杖/n。/wj
然而/c给/p她/rr印象/n最/d深/a的/ude1是/vshi，/wd他/rr的/ude1脸色/n过分/ad苍白/a，/wd神情/n紧张/a不安/an。/wj
她/rr想/v，/wd这个/rz人/n的/ude1年龄/n恐怕/d要/v在/p三十/m岁/qt以上/f。/wj
“/wyz&/w#/w39/m;/wf你/rr能/v告诉/v我/rr这/rzv是/vshi什么/ry地方/n吗/y？/ww
&/w#/w39/m;/wf他/rr问道/vi，/wd&/w#/w39/m;/wf要/v不/d是/vshi看到/v你/rr的/ude1灯光/n，/wd我/rr真/d想/v在/p荒野/n里/f过夜/vi了/y。/wj
&/w#/w39/m;/wf“/wyz&/w#/w39/m;/wf你/rr走/v到/v金/b斯/b皮/n兰/ng马厩/n旁边/f了/y。/wj
&/w#/w39/m;/wf女仆/n说/v。/wj
“/wyz啊/y，/wd真/a的/ude1！/wt
真/d好/a运气/n！/wt
&/w#/w39/m;/wf他/rr叫/vi道/v，/wd&/w#/w39/m;/wf我/rr知道/v每天/r晚上/t有/vyou一个/mq小/a马倌/n独自/d一/m人/n睡/v在/p这里/rzs。/wj
或许/d这/rzv就是/v你/rr给/p他/rr送/v的/ude1晚饭/n吧/y。/wj
我/rr相信/v你/rr总/d不/d会/v那么/rz骄傲/an，/wd连/ulian一/m件/q新/a衣服/n的/ude1钱/n也/d不屑/v赚/v吧/y？/ww
&/w#/w39/m;/wf这个/rz人/n从/p背心/n口袋/n里/f掏/v出/vf一/m张/q叠/v起来/vf的/ude1白纸/n片/q，/wd‘/wyz务必/d在/p今天/t晚上/t把/pba这/rzv东西/n送给/v那/rzv个/q孩子/n，/wd那/c你/rr就/d能/v得到/v可以/v买/v一/m件/q最/d漂亮/a的/ude1上衣/n的/ude1钱/n。/wj
&/w#/w39/m;/wf“/wyz他/rr这种/r认真/a的/ude1样子/n，/wd使/v伊迪/nrf丝/n大为/d惊骇/a，/wd赶忙/d从/p他/rr身旁/s跑/v过去/vf，/wd奔/v到/v窗/ng下/f，/wd因为/c她/rr惯/v于/p从/p窗口/s把/pba饭/n递/v过去/vf。/wj
窗户/n已经/d打开/v了/y，/wd亨特/nrf坐/v在/p小/a桌/ng旁边/f。/wj
伊迪丝/nrf刚刚/d开口/vi要/v把/pba发生/v的/ude1事/n告诉/v他/rr，/wd这时/rzt陌生人/n又/d走/v过来/vf。/wj
“/wyz&/w#/w39/m;/wf晚安/v，/wd&/w#/w39/m;/wf陌生人/n从/p窗外/s向/p里/f探望/v着/uzhe说道/v，/wd&/w#/w39/m;/wf我/rr有/vyou话/n同/p你/rr说/v，/wd&/w#/w39/m;/wf姑娘/n发誓/v说/v，/wd在/p他/rr说/v话/n时/ng，/wd她/rr发现/v他/rr手里/s攥/v着/uzhe一/m张/q小/a纸片/n，/wd露出/v一/m角/q来/vf。/wj
“/wyz&/w#/w39/m;/wf你/rr到/v这里/rzs有/vyou什么/ry事/n？/ww
&/w#/w39/m;/wf小/a马倌/n问道/vi。/wj
“/wyz&/w#/w39/m;/wf这/rzv件/q事/n可以/v使/v你/rr口袋/n里/f装/v些/q东西/n，/wd&/w#/w39/m;/wf陌生人/n说道/v，/wd&/w#/w39/m;/wf你们/rr有/vyou两/m骑马/vi参加/v韦塞克斯/nrf杯/ng锦标赛/n，/wd一/m匹/q是/vshi银色/n白/nr1额/n马/n，/wd一/m匹/q是/vshi贝阿德/nrf。/wj
你/rr把/pba可靠/a的/ude1消息/n透露/v给/p我/rr，/wd你/rr不/d会/v吃亏/a的/ude1。/wj
听说/v在/p五/m弗/dg隆/ag距离/n赛马/vi中/f，/wd贝阿德/nrf可以/v超过/v银色/n白/nr1额/n马/n一百/m①/m码/q，/wd你们/rr自己/rr都/d把/pba赌注/n押/v到/v贝阿德/nrf身上/s，/wd这/rzv是/vshi真/a的/ude1吗/y？/ww
&/w#/w39/m;/wf“/wyz&/w#/w39/m;/wf这么/rz说/v，/wd&/w#/w39/m;/wf你/rr是/vshi一个/mq该死/vi的/ude1赛马/vn探子/n了/y！/wt
&/w#/w39/m;/wf这个/rz小/a马倌/n喊/v道/qv，/wd&/w#/w39/m;/wf现在/t我/rr要/v让/v你/rr知道/v，/wd在/p金/b斯/b皮/n兰/ng我们/rr是/vshi怎样/ryv对付/v这些/rz家伙/n的/ude1。/wj
&/w#/w39/m;/wf他/rr跑/v过去/t把/pba狗/n放/v出来/vf。/wj
这个/rz姑娘/n赶紧/d奔/v回/qv家/n去/vf，/wd不/d过/uguo她/rr一/m面/q跑/v，/wd一面/d向/p后/f望/v，/wd她/rr看到/v那/rzv个/q陌生人/n还/d俯身/v向/p窗/ng内/f探望/v。/wj
可是/c，/wd过/vf了/ule一/m分钟/qt，/wd亨特/nrf带/v着/uzhe猎狗/n一同/d跑/v出来/vf时/ng，/wd这个/rz人/n已经/d走/v开/v了/y，/wd尽管/c亨特/nrf带/v着/uzhe狗/n绕/v着/uzhe马厩/n转/v了/ule一/m圈/qv，/wd也/d没有/d发现/v这个/rz人/n的/ude1踪影/n。/wj
”/wyy“/wyz等/udeng一/m等/udeng，/wd”/wyy我/rr问道/vi，/wd”/wyy小/a马倌/n带/v着/uzhe狗/n跑/v出去/vf时/ng，/wd没有/v把/pba门锁/n上/vf吗/y？/ww
”/wyy“/wyz太/d好/a了/y，/wd华生/nr2，/wd太/d好/a了/y！/wt
”/wyy我/rr的/ude1伙伴/n低声/d说/v道/qv，/wd“/wyz我/rr认为/v这/rzv一点/mq非常/d重要/a，/wd所以/c昨天/t特意/d往/p达特穆尔/nrf发/v了/ule一/m封/q电报/n查问/v这/rzv件/q事/n。/wj
小/a马倌/n在/p离开/v以前/f把/pba门锁/n上/vf了/y。/wj
我/rr还/d可以/v补充/v一点/mq，/wd这/rzv扇/q窗户/n小/a得/ude3不/d能/v钻/v进/vf人/n来/vf。/wj
“/wyz亨特/nrf等/udeng那/rzv两/m个/q同伙/n小/a马倌/n回来/v以后/f，/wd便/d派/v人/n去/vf向/p驯/v马/nr1师/ng报信/vn，/wd把/pba发生/v的/ude1事情/n告诉/v他/rr。/wj
斯特雷克/nrf听到/v报告/n以后/f，/wd虽/c不/d知道/v这/rzv里面/f实在/a的/ude1用意/n是/vshi什么/ry，/wd却/d非常/d惊慌/a。/wj
这/rzv件/q事/n使/v他/rr心神不安/al，/wd所以/c，/wd斯特雷克/nrf太太/n在/p半夜/t一点/mq钟/n醒/v来/vf时/ng，/wd发现/v他/rr正在/d穿/v衣服/n。/wj
斯特雷克/nrf对/p他/rr妻子/n的/ude1询问/v回答/v说/v，/wd因为/c他/rr挂念/v这/rzv几/m骑马/vi，/wd所以/c一直/d不/d能/v入睡/vi，/wd他/rr打算/v到/v马厩/n去/vf看看/v它们/rr是/vshi①/m弗隆/nrf：/wp英国/ns长度/n单位/n，/wd等于/v八分之一/m英里/q。/wj
——/wp译者/n注/v否/vg一切/rz正常/a。/wj
斯特雷克/nrf的/ude1妻子/n听到/v雨点/n嘀/n嘀嗒/o嗒/o地/ude2打/v在/p窗上/s，/wd央求/v他/rr留/v在/p家里/s，/wd可是/c他/rr不顾/v妻子/n的/ude1请求/n，/wd披/v上/vf雨衣/n就/d离开/v了/ule家/n。/wj
“/wyz斯特雷克/nrf太太/n早晨/t七点/t钟/n一/m觉/ng醒/v来/vf，/wd发觉/v她/rr丈夫/n还/d没/d回来/v，/wd急忙/d穿/v好/a衣服/n，/wd把/pba女仆/n叫醒/v，/wd一同/d到/v马厩/n去/vf了/y。/wj
