近/a两年/m，/wd有关/vn地铁/n票价/n提升/v的/ude1传言/n持续/vd未/d断/v。/wj
前天/t，/wd首都/n之/uzhi窗/ng网站/n公布/v了/ule北京市人民政府/nt办公厅/n印发/v的/ude1《/wkz进一步/d加强/v轨道交通/n运营/vn安全/an工作/vn方/d案/x的/ude1通知/n》/wky，/wd明确/ad提出/v制定/v高峰/n时/ng段/ng票价/n差别化/vn方/d案/x并/cc择/v机/ng出台/vi，/wd这/rzv意味着/v票价/n增长/vn的/ude1政策/n或/c将/d落/v地/ude2实施/v，/wd2/n元/q通票/n制/k或/c将/d终结/vi。/wj
京华/ns时报/n讯/ng自/p2007年/m北京/ns实行/v公共交通/n低/a票价/n政策/n以来/f，/wd关于/p低/a票价/n是否/v持续/vd就/d一直/d备受/v关注/vn。/wj
2010年/m，/wd市政协/n委员/n陈杰/nr就/d曾/d建议/v提高/v高峰/n时/ng段/ng票价/n。/wj
2011年/m、/wn2012年/m包括/v今年/t上半年/t，/wd有关/vn地铁/n票价/n涨价/vi的/ude1传言/n一直/d未/d断/v。/wj
今年/t12月/t初/f，/wd市/n人大/n城建/n环保/n委/ng提出/v,/wd在/p当前/t财政/n收入/n增幅/n较/d低/a、/wn财政/n支出/vn压力/n较/d大/a的/ude1情况/n下/f，/wd如果/c维持/v这样/rzv的/ude1低/a票价/n和/cc财政/n补贴/vn，/wd负担/n会/v不断/d加重/v,/wd难以/d持续/vi。/wj
为此/bl，/wd建议/v市政府/n科学合理/n安排/v公共交通/n财政/n补贴/vn，/wd调整/v完善/v公共交通/n定价/vn机制/n，/wd在/p体现/v其/rz公益性/n定位/vi的/ude1同时/n，/wd适当/ad体现/v运营/vn成本/n，/wd减/v小/a财政/n压力/n，/wd将/p财政/n投入/vn更/d多/ad用于/v公共交通/n服务体系/n的/ude1提升/vn。/wj
昨天/t，/wd有关/vn票价/n调整/vn的/ude1政策/n终于/d浮/v出/vf水面/n，/wd《/wkz通知/n》/wky提出/v，/wd加快/v票/n制/k研究/v和/cc轨道交通/n运营/vn安全/an立法/vn。/wj
制定/v高峰/n时/ng段/ng票价/n差别化/vn方/d案/x并/cc择/v机/ng出台/vi，/wd通过/p价格/n杠杆/n分散/a高峰/n时段/n客流/n压力/n，/wd降低/v大/a客流/n风险/n。/wj
推进/vi轨道交通/n运营/vn安全/an立法/vn工作/vn。/wj
记者/n从/p相关/vn部门/n了解/v到/v，/wd采用/v分段/vd计费/vi、/wn高峰/n差别化/vn还是/c其他/rzv方式/n，/wd有关/vn关/n部门/n一直/d在/p做/v调研/vn，/wd现在/t确定/v采用/v高峰/n差别化/vn方式/n，/wd但/c具体/ad细化/v方/q案/x还要/d进一步/d完善/v。/wj
1/a高峰/n时/ng段/ng如何/ryv区分/v？/ww
最终/b时间/n还/d需/v研究/vn记者/n从/p交通/n部门/n了解/v到/v，/wd目前/t，/wd大部分/m地铁/n线路/n的/ude1高峰/n时/ng段/ng从/p早/tg7点/t开始/v，/wd9点/t后/f客流/n慢慢/d下降/vi，/wd但/c1/a、/wn4/ng、/wn5/b号/n线/n等/udeng客流量/n大/a的/ude1线路/n7点/t之前/f高峰/n就/d会/v来临/vi。/wj
晚/tg高峰/n一般/uyy从/p5点/t开始/v，/wd但/c像/v四/m惠/ng站/vi从/p下午/t4点/t就/d开始/v限/v流/ng，/wd不同/a线路/n的/ude1高峰/n时/ng段/ng不同/a，/wd最终/b时间/n还要/d再/d研究/v，/wd所有/b线路/n应该/v是/vshi统一时/v间/f。/wj
客流/n少/a的/ude1郊区/s线路/n能否/v不/d涨/vi？/ww
交通/n部门/n表示/v，/wd从/p客流量/n上/f讲/v，/wd目前/t房山/ns、/wn昌平/ns、/wn顺义/ns线/n等/udeng郊区/s线/n客流/n稍/d少/a，/wd发车/vn间隔/n较/d长/a，/wd提高/v票价/n后/f可/v弥补/v缩短/v间隔/vd带来/v的/ude1成本/n。/wj
最终/d是否/v会/v将/p郊区/s线/n与/cc主干线/n进行/vx区分/vn还要/d看/v最终/d方/d案/x。/wj
从/p技术/n上/f讲/v，/wd全/a路网/n实施/v统一/a的/ude1票价/n肯定/d是/vshi最/d容易/ad实现/v的/ude1，/wd不同/a线路/n不/d同方/nz案/x也/d能/v从/p技术/n上/f解决/v，/wd但是/c考虑/v换乘/v等/udeng问题/n，/wd实施/v起来/vf会/v比较/d复杂/a。/wj
2分/t散客/n流/v去/vf哪儿/rys？/ww
公交/b运力/n足够/vd应对/v据/p公交/b集团/n介绍/v，/wd目前/t，/wd本/rz市/n公交/b的/ude1日/b客运量/n能/v达到/v1700/m万/m人次/qv，/wd而/cc实际/n每天/r在/p1300/m万/m人次/qv左右/m。/wj
如果/c地铁/n涨价/vi部分/m客流/n疏散/v至/p公交/b，/wd以/p目前/t的/ude1运力/n足够/vd应/v对/q。/wj
目前/t配备/v的/ude1运力/n是/vshi有/vyou冗余/n的/ude1，/wd主要/d是/vshi应/v对/p一些/mq大型/b活动/vn或者/c地铁/n出现/v故障/n等/udeng突发/vn事件/n时/ng。/wj
相关/vn负责人/n表示/v，/wd在/p早晚/t高峰/n时/ng段/ng，/wd一些/mq公交/b线/n要/v比/p地铁/n宽松/a很多/m，/wd之所以/c都/d挤/v地铁/n主要/d是/vshi担心/v公交/b堵车/vn。/wj
3/n为何/ryv不/d分段/vd计费/vi？/ww
仍/d需/v发展/v公共交通/n北京/ns工业/n大学/n交通/n研究/vn中心/n教授/n陈艳艳/nr认为/v，/wd虽然/c分段/vd计费/vi是/vshi比较/d合理/a的/ude1，/wd但/c北京/ns的/ude1现状/n还是/c要/v大力/d发展/v公共交通/n，/wd=/w现在/t很多/m郊区/s线/n很/d长/a，/wd如果/c按/p距离/n郊区/s上下班/v人群/n的/ude1费用/n会/v很/d高/a，/wd这样/rzv公共交通/n价格低/n的/ude1优势/n不/d明显/a。/wj
能否/v分流/vi看/v涨价/vn幅度/n北京/ns工业/n大学/n交通/n研究/vn中心/n教授/n陈艳艳/nr表示/v，/wd高峰/n时段/n调价/vi就/d是/vshi采用/v经济/n杠杆/n，/wd对/p客流/n进行/vx时间/n和/cc空间/n上/f的/ude1重新/d分配/v。/wj
通过/p提高/v价格/n，/wd对/p那些/rz在/p高峰/n时段/n出行/vi的/ude1非/b通勤/nr的/ude1人群/n进行/vx疏散/vn，/wd将/p其/rz引导/v至/p乘车/vi成本/n低/a的/ude1时间/n出行/vi。/wj
另外/c，/wd目前/t北京/ns地铁/n在/p早晚/t高峰/n时/ng段/ng，/wd多数/m线/n=/w路/n处于/v严重/ad超载/v的/ude1状况/n，/wd这/rzv对/p地铁/n运营/vn安全/an造成/v极大/a的/ude1威胁/vn。/wj
某种/rz程度/n上/f，/wd职能/n部门/n也/d是/vshi想/v通过/p票价/n疏散/v客流/n，/wd提高/v地铁/n安全/an运营/vn度/qv。/wj
不少/m网友/n担心/v，/wd价格/n提高/v了/ule但/c人群/n却/d没有/v被/pbei分流/vi，/wd地铁/n依旧/z拥挤/vi。/wj
陈艳艳/nr对/p此/rzs表示/v，/wd这/rzv要/v看/v地铁/n涨价/vi的/ude1幅度/n，/wd毕竟/d会/v有/vyou乘客/n受/v价格/n影响/vn。/wj
职能/n部门/n应/v先/d进行/vx客流/n分析/vn，/wd通/v勤/a以及/cc非/b通/v勤/a人群/n在/p地铁/n客流/n中/f的/ude1比例/n，/wd之后/f再/d计算/v增长/v多少/ry钱/n能/v将/p部分/m乘客/n合理/ad分流/vi。/wj
交通/n专家/n徐康明/nr表示/v，/wd北京/ns的/ude1低/a票价/n政策/n是/vshi不/d可/v持续/vi的/ude1，/wd调价/vi是/vshi迟早/a的/ude1事情/n，/wd此次/rz政策/n是/vshi个/q突破口/n。/wj
但是/c，/wd涨价/vi的/ude1幅度/n不/d会/v太/d高/a，/wd鼓励/v公共交通/n出行/vi是/vshi大/a前提/n。/wj
解决/v根源/n看/v城市/n规划/vn交通/n专家/n段里仁/nr表示/v，/wd北京市/ns中心/n城区/n功能/n过于/d集中/v，/wd不论是/c金融/n、/wn商业/n，/wd包括/v政府/n单位/n多/ad集中/v于/p这/rzv一/m区域/n，/wd而/cc居住区/n则/c多/ad集中/v于/p城市/n外围/f，/wd这/rzv就/d形成/v了/ule北京/ns这种/r潮汐/n式/k的/ude1巨大/a交通流量/n。/wj
北京/ns地铁/n虽然/c建设/vn速度/n很快/d，/wd但/c新建/v线路/n与/cc原有/vn线路/n之间/f的/ude1客流/n不/d是/vshi互相/d承担/v的/ude1关系/n，/wd而是/c建/v一/m条/q就/d把/pba更/d多/a的/ude1人/n吸引/v到/v地铁/n上来/vf。/wj
所以/c，/wd根本性/n解决问题/n还/d要/v从/p城市/n规划/vn方面/n考量/vi。/wj
还/d有/vyou专家/n认为/v，/wd北京/ns地铁/n多/m条/q线路/n开通/v不久/m就/d已经/d达到/v设计/v最高/a客流/n，/wd表明/v在/p规划/n和/cc设计/vn上/f没/d能/v考虑/v到/v北京/ns城市/n和/cc人口/n发展/v会/v这么/rz快/a。/wj
专家/n表示/v，/wd增加/v客车/n容量/n与/cc列车运行/n的/ude1效率/n都/d是/vshi“/wyz缓/ad挤/v”/wyy办法/n，/wd但/c操作/v起来/vf都/d有/vyou难度/n。/wj
在/p增容/vn方面/n，/wd可/c采取/v增/v大客车/n车厢/n容量/n或/c增加/v列车/n车厢/n数量/n的/ude1办法/n。/wj
据/p介绍/v，/wd一旦/d规划/v确定/v，/wd线路/n的/ude1所有/b设施/n、/wn设备/n则/c都/d是/vshi按/p需/v来/vf建/v，/wd建成/v即/v无法/vd改变/v，/wd因此/c需要/v北京/ns地铁/n在/p建设/vn上/f预留/v出/vf站台/n、/wn轨道/n等/udeng各种/rz空间/n。/wj
昨天/t，/wd由/p市委/n宣传部/n、/wn市/n文联/n举办/v的/ude1北京/ns首/m届/q剧本/n及/cc曲艺/n作品/n推介/v会/v在/p中华/nz世纪/n坛/ng开幕/vi。/wj
经过/p一/m天/qt的/ude1看/v剧本/n大纲/n、/wnPPT/x演示/vn以及/cc交流/vn洽谈/vn，/wd共有/v16/m部/q剧本/n及/cc曲艺/n作品/n签约/vi，/wd另外/c还有/v13/n部/q签订/v了/ule意向书/n，/wd30/m部/q尚/d在/p洽谈/v中/f。/wj
