目前/t，/wd本市/r正在/d开展/v为期/vi一个/mq月/n的/ude1劳动/vn合同/n专项/b执法/vn活动/vn。/wj
执法/vn活动/vn以/p批发/vn零售/vn业/ng、/wn住宿/vn餐饮业/n、/wn制造/vn加工业/n、/wn居民/n服务业/n和/cc建筑业/n为/p重点/n行业/n，/wd以/p私营/b企业/n和/cc用工/vn在/p30/m人/n以下/f的/ude1小型/b企业/n为/p重点/n企业/n，/wd督促/v用人/vn单位/n与/cc劳动者/n签订/v劳动/vn合同/n。/wj
年底/t前/f，/wd北京市/ns国有/vn及/cc国有/vn控股/vn和/cc外商/n投资/vn企业/n劳动/vn合同/n签订/v率/k要/v达到/v95%/m，/wd其他/rzv各类/r企业/n劳动/vn合同/n签订/v率/k要/v达到/v90%/m。/wj
到/p2008年/t，/wd本市/r各类/r企业/n与/cc劳动者/n普遍/ad签订/v劳动/vn合同/n。/wj
市/n总工会/n负责人/n说/v，/wd职工/n是/vshi企业/n的/ude1宝贵/a财富/n，/wd人力/n资源/n的/ude1培养/vn是/vshi需要/v过程/n的/ude1，/wd职工/n的/ude1权益/n依法/d受到/v保护/vn。/wj
企业/n经济性/n裁员/vi要/v受到/v监控/vn，/wd本市/r参加/v失业/vn保险/n的/ude1企业/n只有/c在/p具有/v两/m种/q情况/n之/uzhi一时/t，/wd才/d可以/v实施/v经济性/n裁减/v人员/n：/wp一/m是/vshi濒临/v破产/vi，/wd被/pbei人民/n法院/n宣告/v进入/v法定/b整顿/vn期间/f；/wf二/m是/vshi连续/a3/m年/qt经营/v性/ng亏损/v且/c亏损额/n逐年/d增加/v，/wd资不抵债/vl、/wn80%/m的/ude1职工/n停工/vi待/vi工/n、/wn连续/a6/m个/q月/n无力/vi按/p最低/a生活费/n标准/n支付/vn劳动者/n生活/vn费用/n。/wj
另外/c，/wd有/vyou七/m类/q人/n不/d能/v裁/v：/wp患/v职业病/n或/c因/p工/n负伤/vi丧失/v或/c部分/n丧失/v劳动/vn能力/n的/ude1；/wf患病/vi或/c非/b因/p工/n负伤/vi在/p规定/n的/ude1医疗/n期/qv内/f的/ude1；/wf女工/n在/p孕期/t、/wn产/v期/qv、/wn哺乳期/n内/f的/ude1；/wf男/b职工/n年/qt满/v50/m周岁/q，/wd女/b职工/n年/qt满/v45/m周岁/q的/ude1；/wf残疾/n职工/n；/wf夫妻/n双方/n在/p同一/b企业/n的/ude1，/wd只/d允许/v裁减/v一/m人/n；/wf法律/n、/wn法规/n、/wn规章/n规定/n的/ude1其他/rzv不/d得/ude3裁减/v人员/n。/wj
36./m今天/t,/wd世界/n的/ude1目光/n再次/d聚焦/vi美丽/a的/ude1海滨/s城市/n——/wp大连/ns。/wj
为期/vi三/m天/qt的/ude1世界/n经济/n论坛/n2011年/t新/d领/v军/n者/k年会/n(/wkz夏季/t达沃斯/nsf论坛/n)/wky在/p这里/rzs上演/v思想/n交锋/vi、/wn智慧/n碰撞/vn,/wd来自/v90/m个/q国家/n和/cc地区/n的/ude11600/m多/m名/q代表/n将/d共同/d探讨/v“/wyz关注/v增长/vn质量/n,/wd掌/v控/v经济/n格局/n”/wyy这/rzv一/m主题/n。/wj
当前/t,/wd世界/n经济/n仍/d面临/v挑战/vn:/wp美国/nsf复苏/vi乏力/a,/wd欧元/n区/n债务/n危机/n愈演愈烈/vl,/wd不久/m之前/f的/ude1欧/b美/b股市/n大/d跌/v,/wd西方/s在/p危机/n之前/f大/d繁荣/a时代/n过度/vn杠杆/n化/k的/ude1经济/n增长/vn模式/n遭遇/v了/ule挑战/vn,/wd但/c作为/v后起之秀/nl的/ude1新兴/b市场/n国家/n,/wd也/d未/d能/v提供/v令人信服/al的/ude1新/a模式/n,/wd各国/rzs都/d在/p苦苦/d寻觅/v经济/n转型/vn之/uzhi道/n。/wj
所有/b这些/rz情况/n都/d表明/v,/wd无论/c对/p于/p发达国家/nl还是/v发展中国家/nl而言/uls,/wd寻找/v新/a的/ude1经济/n增长/vn路径/n都/d是/vshi这个/rz时代/n的/ude1重大/a课题/n。/wj
世界/n经济/n的/ude1困境/n都/d指向/v一个/mq方向/n——/wp必须/d对/p既/c有/vyou的/ude1经济/n增长/vn路径/n进行/vx重新/d设定/v。/wj
基于/p此/rzs,/wd将/d“/wyz关注/v增长/vn质量/n,/wd掌/v控/v经济/n格局/n”/wyy作为/p主题/n,/wd并非/v偶然/a。/wj
与会/vn代表/n一致/ad认为/v,/wd现在/t世界/n经济/n的/ude1发展/vn需要/n更加/d关注/v增长/vn质量/n,/wd而/cc不仅仅/d是/vshi增长/v速度/n,/wd在/p经济/n增长/vn的/ude1同时/n,/wd如何/ryv实现/v环保/n、/wn低/a碳/n、/wn更/d少/a的/ude1资源/n和/cc能源/n消耗/vn、/wn减少/v贫困/a、/wn分配/v公平/a等等/udeng都/d是/vshi每个/r国家/n和/cc地区/n的/ude1经济/n决策者/n需要/v认真/ad考虑/v的/ude1问题/n。/wj
世界/n经济/n论坛/n创始人/n兼/v执行主席/nl克劳斯/nrf?/ww
施瓦布/nrf在/p开幕式/n上/f表示/v,/wd当前/t经济/n面临/v的/ude1问题/n不仅/c是/vshi周期性/n,/wd更/d是/vshi结构性/n的/ude1。/wj
“/wyz要/v克服/v全球/n危机/n,/wd需要/v我们/rr具有/v创新/vi性/ng的/ude1全球/n和/cc国家/n战略/n,/wd从而/c才/d能/v推动/v新/a一/m轮/qv经济/n增长/vn和/cc绿色/n增长/vn。/wj
”/wyy为此/d今年/t夏季/t达沃斯/nsf论坛/n从/p会议/n首日/t,/wd就/d毫不犹豫/dl发出/v“/wyz支持/v变革/vn性/ng创新/vi”/wyy的/ude1声音/n,/wd推动/v全球/n经济/n在/p创新/vi中/f重/d回/v生机/n。/wj
如今/t正逢/v中国/ns“/wyz十二五/m”/wyy开局/n之/uzhi年/qt,/wd经济/n发展/vn正/d处在/v新/a的/ude1历史/n阶段/n,/wd而/cc本届/r夏季/t达沃斯/nsf论坛/n“/wyz关注/v增长/vn质量/n,/wd掌/v控/v经济/n格局/n”/wyy的/ude1主题/n,/wd也/d正/d契合/v中国/ns宏观/n经济/n政策/n的/ude1取向/n,/wd特别/d是/vshi“/wyz十二五/m”/wyy规划/n的/ude1核心/n理念/n。/wj
37./m对于/p中原/ns经济区/n应/v如何/ryv发展/v、/wn如何/ryv架构/n，/wd湖北省/ns的/ude1专家/n们/k有/vyou何/ry建议/n？/ww
记者/n为/p此/rzs采访/v了/ule武汉/ns大学/n教授/n伍新木/nr和/cc湖北省/ns社科院/n武汉/ns城市/n圈/qv研究/vn组/n副/b组长/n陈/nr1文科/n。/wj
【/wkz伍/m新/a木/ng】/wky●/w最近/t3/m年/qt综/ng改/v区/n新/a变化/vn从/p中原/ns城市/n群/ng到/v中原/ns经济区/n，/wd河南/ns一直/d在/p寻找/v自己/rr的/ude1定位/vn，/wd并/cc努力/ad成为/v国家/n战略/n“/wyz特区/n”/wyy，/wd武汉/ns大学/n区域/n经济/n发展/vn研究/vn中心/n主任/n、/wn教授/n，/wd武汉/ns城市/n圈/qv课题/n研究/vn首席/n专家/n伍新木/nr认为/v，/wd河南/ns作为/v中部/f一个/mq重要/a的/ude1区域/n，/wd建立/v中原/ns经济区/n是/vshi很/d有/vyou必要/a的/ude1。/wj
伍新木/nr说/v，/wd自/p武汉/ns经济圈/n与/cc长/a株/q潭/n经济圈/n获/v批/q之后/f，/wd最近/t两三/m年/qt国家/n发/v改/v委/ng对/p综/ng改/v试验区/n的/ude1要求/n与/cc关注/v又/d有/vyou了/ule新/a的/ude1变化/vn，/wd策划/v了/ule许多/m改革/vn试验区/n，/wd实现/v国家/n功能/n的/ude1区域/n分工/vn，/wd打破/v区域/n封锁/vn，/wd实现/v区域/n互补/vi，/wd突出/a区域/n互动/vn及/cc区域/n与/cc区域/n之间/f的/ude1互补/vn互动/vn，/wd形成/v新/a的/ude1区域/n均/ad发展/v格局/n。/wj
这/rzv一/m批/q新/a批/q的/ude1试验区/n有/vyou20/m多/m个/q，/wd如/v沈/nr1（/wkz阳/b）/wky大/a（/wkz连/n）/wky经济/n区/n、/wn山东/ns半岛/n经济区/n、/wn环/n渤海湾/ns经济区/n、/wn关中/ns-/wp天水/ns经济区/n、/wn海西/ns经济区/n、/wn大/a深圳/ns都市/n特区/n、/wn珠/ng三/m角/q9/m加/v2/m经济区/n等/udeng。/wj
伍新木/nr分析/v，/wd国家/n在/p这/rzv三/m年/qt之所以/c出现/v变化/vn，/wd最/d主要/b的/ude1意图/n在于/v突破/vn行政区划/n的/ude1禁锢/vn，/wd实现/v经济/n的/ude1互补/vn互动/vn发展/vn，/wd并/cc逐渐/d突破/v经济/n发展/vn中/f的/ude1行政区划/n障碍/n。/wj
伍新木/nr曾经/d来/vf过/uguo河南/ns三/m次/qv，/wd参加/v过/uguo郑/nr1汴/n一体化/vn及/cc洛阳/ns规划/n等/udeng论证会/n，/wd对/p河南/ns还是/c比较/d了解/v的/ude1。/wj
他/rr感觉/v河南/ns这么/rz大/a的/ude1一个/mq经济/n区域/n，/wd应该/v找到/v一个/mq好/a的/ude1题材/n，/wd成为/v国家/n的/ude1一个/mq战略/n经济区/n。/wj
河南/ns有/vyou很多/m可/v选择/v的/ude1，/wd比如/v农业/n现代化/vn题材/n，/wd只要/c上升/vi为/p国家/n战略/n，/wd有/vyou了/ule这个/rz“/wyz帽子/n”/wyy，/wd你/rr想/v做/v的/ude1就/d可以/v有/vyou很/d多/a了/y。/wj
伍新木/nr说/v，/wd河南/ns非常/d需要/v了解/v国家/n第一/m轮/qv改革/vn与/cc第二/m轮/qv改革/vn的/ude1差别/n，/wd并/cc厘/q清/a国家/n现阶段/t发展/v的/ude1重点/n，/wd这/rzv对/p河南/ns申报/v成为/v国家/n战略/n经济区/n非常/d重要/a。/wj
中原/ns经济区/n融合/v度/qv不够/a伍新木/nr认为/v，/wd中原/ns城市/n群/ng和/cc中原/ns经济区/n在/p发展/vn过程/n中/f，/wd如何/ryv实现/v“/wyz五/m个/q一体化/vn”/wyy是/vshi关键/n，/wd这/rzv也/d是/vshi考验/v中原/ns经济区/n发展/vn的/ude1主要/b因素/n。/wj
这/rzv五/m个/q一体化/vn包括/v基础/n设施/n的/ude1一体化/vn，/wd建立/v快速/d便捷/a的/ude1交通/n网络/n是/vshi融/vi城/n的/ude1关键/n因素/n；/wf也/d包括/v市场/n的/ude1一体化/vn，/wd经济/n区/n内/f的/ude1主要/b城市/n市场/n一定/d要/v实现/v一体化/vn；/wf还/d要/v实现/v产业/n布局/n的/ude1一体化/vn，/wd形成/v产业/n的/ude1优势/n互补/vi与/p合理/a布局/n；/wf还/d要/v实现/v城乡/n一体化/vn、/wn资源/n的/ude1合理/ad利用/v和/cc环保/n的/ude1一体化/vn布局/n。/wj
