如/v亚太/b经合/n组织/n、/wn亚/b欧/b会议/n等/udeng，/wd另外/c，/wd东盟/ns还/d与/p欧盟/n、/wn南亚/ns等/udeng地区/n发生/v着/uzhe政治/n和/cc经济/n联系/vn，/wd东盟/ns在/p这些/rz舞台/n均/d发挥/v着/uzhe一定/b作用/n。/wj
东盟/ns努力/ad通过/v这些/rz渠道/n将/p各个/rz地区/n的/ude1政治/n和/cc经济/n联系/v起来/vf，/wd这/rzv是/vshi东盟/ns长期以来/dl努力/ad实行/v的/ude1策略/n。/wj
记者/n问及/v东盟/ns今后/t可能/v会/v面对/v哪些/ry障碍/n和/cc挑战/vn时/ng，/wd这/rzv位/q泰国/nsf学者/n认为/v，/wd一/m是/vshi东盟/ns面临/v的/ude1挑战/vn。/wj
在/p目前/t世界/n的/ude1竞争/vn中/f，/wd人/n的/ude1素质/n日益/d重要/a，/wd世界/n变/v得/ude3越来越/d开放/v和/cc自由/an。/wj
这/rzv是/vshi东盟/ns各国/rzs需要/v跟/v上/vf时代/n步伐/n的/ude1一个/mq重要/a方面/n。/wj
同时/c东盟/ns必须/d处理/v好/a全球/n变/v暖/a等/udeng问题/n，/wd因为/c气候/n变化/vn将/d会/v影响/v到/v每个/r国家/n的/ude1竞争力/n，/wd而/cc东盟/ns在/p这/rzv方面/n尚/d有/vyou较/d大/a弱点/n。/wj
二/m是/vshi东盟/ns将来/t可能/v会/v面临/v合作/vn上/f的/ude1问题/n，/wd因为/c，/wd东盟/ns的/ude1一些/mq新/a成员/n正/d在/p强大/a起来/vf，/wd需要/v在/p东盟/ns内部/f有/vyou更/d多/a的/ude1发言权/n。/wj
因此/c，/wd将来/t的/ude1东盟/ns内部/f有/vyou可能/n出现/v“/wyz派系/n”/wyy问题/n。/wj
另外/c，/wd缅甸/ns问题/n仍/d是/vshi一个/mq令/v人/n担心/v和/cc关注/v的/ude1问题/n。/wj
对/p东盟/ns与/p中国/ns的/ude1关系/n，/wd帕/ng差/a腊/ng卫/v兰/ng说/v，/wd东盟/ns与/p中国/ns关系/n历史/n悠久/a，/wd双方/n之间/f的/ude1联系/vn从/p平民/n百姓/n直至/v国家/n领导/n和/cc国王/n，/wd东盟/ns各国/rzs与/p中国/ns之间/f的/ude1文化/n联系/v十分/d密切/a。/wj
这种/r关系/n具有/v重要/a意义/n，/wd成为/v东盟/ns与/p中国/ns之间/f开展/v合作/vn，/wd实行/v自由/a贸易/vn的/ude1有力/a推进器/n。/wj
她/rr指出/v，/wd过去/t，/wd东盟/ns与/p中国/ns已经/d召开/v多次/mq高峰/n会议/n，/wd每次/r都/d取得/v让/v人/n兴奋/a的/ude1积极/a成果/n。/wj
东盟/ns与/p中国/ns关系/n的/ude1发展/vn对/p东盟/ns来说/uls非常/d重要/a，/wd使/v东盟/ns在/p国际/n社会/n更加/d引人注目/vl。/wj
46./m魅力/n海洋/n?/ww
蓝色/n广东/ns——/wp2012年/t韩国/nsf丽水/ns世博会/n“/wyz广东/ns活动/vn周/nr1”/wyy隆重/ad开幕/vi7月/t5日/t上午/t，/wd在/p一/m片/q喧/ag天/n锣鼓声/n和/cc高/a桩/q醒狮/n载/qt舞/v迎宾/vi的/ude1热烈/a喜庆/vn气氛/n中/f，/wd“/wyz2012年/t韩国/nsf丽水/ns世博会/n中国馆/n广东/ns活动/vn周/nr1”/wyy拉开/v序幕/n。/wj
广东省/ns政府/n副/b秘书长/n刘晓捷/nr、/wn中国/ns贸促会/n秘书长/n徐/nr1沪/b滨/ng、/wn中国馆/n馆长/n赵振格/nr、/wn广东省/ns贸促会/n会长/n陈文杰/nr、/wn韩国/nsf进口/v业/ng协会/n会长/n李/nr1株/ng泰/b等/udeng工商/n机构/n代表/n，/wd共/d80/m余/m位/q中外/b嘉宾/n出席/v开幕式/n。/wj
在/p一/m片/q喧/ag天/n锣鼓声/n和/cc高/a桩/q醒狮/n载/qt舞/v迎宾/vi的/ude1热烈/a喜庆/vn气氛/n中/f，/wd“/wyz2012年/t韩国/nsf丽水/ns世博会/n中国馆/n广东/ns活动/vn周/nr1”/wyy拉开/v序幕/n广东省/ns政府/n副/b秘书长/n刘晓捷/nr在/p致辞/vi中/f表示/v，/wd广东/ns活动/vn周/nr1将/d通过/p展示/v广东省/ns优良/z的/ude1投资/vn环境/n、/wn深厚/a的/ude1文化/n底蕴/n和/cc丰富/a的/ude1旅游/vn资源/n，/wd不断/d扩大/v广东省/ns的/ude1国际/n影响力/n，/wd进一步/d增进/v广东省/ns与/p韩国/nsf等/udeng有关/vn国家/n、/wn地区/n的/ude1交流/vn，/wd加强/v区域/n合作/vn，/wd扩大/v经贸/b往来/vn，/wd促进/v广东省/ns海洋/n经济/n的/ude1快速/b发展/vn。/wj
刘晓捷/nr代表/n广东省/ns政府/n，/wd对/p中国/ns贸促会/n和/cc各国/rzs朋友/n的/ude1大力/d支持/v表示/v衷心/b感谢/vn。/wj
中国/ns贸促会/n徐/nr1沪/b滨/ng秘书长/n在/p致辞/vi时/ng说/v，/wd海洋/n是/vshi全球/n生命/n支持/vn系统/n的/ude1基本/a组成部分/nl，/wd也/d是/vshi环境/n的/ude1重要/a调节器/n和/cc自然/n资源/n的/ude1宝库/n，/wd人类/n的/ude1生存/vn和/cc发展/vn越来越/d依赖/v海洋/n。/wj
21/m世纪/n是/vshi自然/a资源/n保护/vn和/cc可/v持续/vd发展/v的/ude1世纪/n，/wd2012年/t韩国/nsf丽水/ns世博会/n以/p海洋/n为/p主题/n，/wd希望/v能够/v展示/v一个/mq以/p海洋/n和/cc海岸/n为/p引/v领/v的/ude1人类/n与/cc地球/n生态/n系统/n和谐/ad发展/v的/ude1精彩/a范例/n。/wj
广东/ns自古以来/dl临海/ns而/cc立/v，/wd因/p海/n而/cc兴/v，/wd是/vshi中国/ns海上/s“/wyz丝绸之路/nl”/wyy发祥地/n。/wj
如今/t，/wd广东/ns已/d成为/v中国/ns大陆/n与/p东南亚/nsf、/wn中东/ns以及/cc大洋洲/nsf、/wn非洲/nsf、/wn欧洲/ns各国/rzs海上/s航线/n最近/t的/ude1地区/n，/wd是/vshi中国/ns参与/v经济/n全球化/vn的/ude1主体/n区域/n和/cc对外开放/vl的/ude1重要/a窗口/s。/wj
相信/v，/wd广东省/ns通过/p此次/rz参与/v丽水/ns世博会/n中国馆/n的/ude1展览/vn展示/v和/cc活动/vn，/wd将/d进一步/d深刻/ad诠释/v中国/ns地方/n多姿多彩/bl的/ude1海洋/n文明/n，/wd并/cc将/d以/p世博会/n为/p契机/n深化/v与/cc包括/v韩国/nsf在内/u的/ude1世界/n各国/rzs和/cc国际/n组织/n的/ude1交流/vn与/cc合作/vn，/wd进一步/d推动/v广东/ns经济/n、/wn社会/n、/wn科技/n和/cc文化/n的/ude1不断/d向前/vi发展/vn。/wj
本届/r世博会/n广东/ns活动/vn周/nr1主题/n为/v“/wyz魅力/n海洋/n?/ww
蓝色/n广东/ns”/wyy。/wj
活动/vn周/qt期间/f在/p中国馆/n展出/v的/ude1古代/t海上/s丝绸之路/nl广/a船/n模型/n、/wn开平/ns碉/n楼/n模型/n和/cc蓝色/n广东/ns模型/n等/udeng三/m件/q省/n宝/n，/wd既/c涵盖/v了/ule历史/n、/wn现代/t与/p未来/t的/ude1海洋/n生活/vn理念/n，/wd又/d突出/ad展示/v了/ule广东/ns与/p南海/ns的/ude1关联度/n、/wn广东/ns深厚/a悠久/a的/ude1海洋/n文化/n、/wn广东/ns蓝色/n海洋/n发展/vn前景/n以及/cc广东/ns“/wyz人海/n相依/v”/wyy的/ude1情怀/n。/wj
本届/r世博会/n广东/ns活动/vn周/nr1的/ude1最/d大/a亮/a点/n是/vshi将/p经济/n交流/vn与/cc文化/n艺术/n展示/v活动/vn有机/d结合/v、/wn相得益彰/vl。/wj
独具/v岭南/ns特色/n和/cc海洋/n文化/n特征/n的/ude1舞蹈/n《/wkz蚝/n妹/n》/wky、/wn锯/v琴/n演奏/v的/ude1《/wkz大海/n啊/y，/wd故乡/n》/wky、/wn木偶戏/n《/wkz渔/ng女/b戏/n海/n》/wky等/udeng文艺/n节目/n精彩纷呈/vl，/wd大/a吴/nr1泥塑/n、/wn广/a彩/ng瓷/ng等/udeng非/b物质/n文化/n遗产/n现场/s制作/v表演/vn更/d是/vshi赢/v来/vf阵阵/q喝彩/vi，/wd来宾/n还/d纷纷/d在/p青花瓷/n渔民/n画/n前/f驻足/vi观看/v和/cc留影/vi。/wj
广东/ns活动/vn周/nr1开幕式/n结束/v后/f，/wd广东省/ns贸促会/n与/p韩国/nsf进口/v业/ng协会/n等/udeng有关/vn商/vg协会/n组织/n合作/vn，/wd在/p世博园/n区/n内/f的/ude1潮/n府/ng馆/ng举行/v了/ule“/wyz广东/ns—/wp韩国/nsf双边/n企业家/n理事会/n签约/vi仪式/n”/wyy，/wd为/p粤/b韩/b企业家/n搭/v建/v起/vf经贸/b交流/vn合作/vn的/ude1平台/n，/wd进一步/d推动/v双边/n经贸/b往来/vn与/cc合作/vn。/wj
近/a200/m名/q来自/v韩国/nsf和/cc广东/ns的/ude1企业/n及/cc各界/rz代表/n出席/v活动/vn。/wj
47./m3月/t10日/t上午/t，/wd重庆/ns永川市/ns移民/n安置/v点/qt，/wd居民/n们/k正在/d为/v刚/d搬迁/v过来/vf的/ude1奉节县/ns移民/n准备/v可口/a的/ude1饭菜/n。/wj
截至/v今年/t5月/t，/wd重庆市/ns三峡/ns三期/b移民/n工作/vn已/d基本/ad完成/v，/wd搬迁/v安置/vn移民/n21./m2万/m人/n。/wj
在/p三峡/ns大坝/n即将/d全线/n贯通/vi之际/f，/wd中国/ns三峡/ns总公司/n副/b总经理/n曹广晶/nr与/p三峡/ns设计/vn代表/n局/qv局长/n、/wn中国/ns工程院/n院士/n郑守仁/nr在/p右/f岸/n大坝/n坝/n顶/v施工/vn现场/s跟班/vd作业/vi，/wd指挥/v施工/vi。/wj
还有/v10/m天/qt，/wd举世瞩目/bl的/ude1三峡/ns工程/n将/d迎来/v一/m件/q历史性/n的/ude1大事/n：/wp三峡/ns大坝/n将/p全线/n建成/v，/wd右/f岸/n大坝/n大部分/m仓/ng面/n与/p左岸/s大坝/n平/v齐/a，/wd达到/v海拔/n185/m米/q设计/vn高程/n，/wd并/cc与/p左岸/s大坝/n连/ulian为/p一体/n。/wj
2006年/t5月/t20日/t，/wd世界/n上规模/bl最/d大/a的/ude1水利枢纽/nl主体/n工程/n即将/d完工/vi，/wd正式/ad开工/vi12/m年/qt的/ude1三峡/ns大坝/n坝/n顶/q全线/n贯通/vi，/wd比/p原/b计划/n提前/v9/m个/q月/n建成/v。/wj
三峡/ns大坝/n坝/n轴线/n全长/n2309/m米/q，/wd混凝土/n浇筑/vn总量/n1610万/m立方米/q，/wd是/vshi世界/n上/f最/d大/a的/ude1混凝土/n重力/n大坝/n。/wj
