有/vyou业内人士/n分析/v称/v，/wd大/a品牌/n保险企业/n到/v了/ule地方/n，/wd或多或少/d都/d会/v获得/v当地/s政府/n的/ude1优惠/vn扶持/vn，/wd因为/c险/a企/ng建设/vn养老/vn社区/n，/wd能/v带动/v经济/n活跃/a，/wd既/c满足/v了/ule地方/n政府/n招商引资/vl的/ude1需求/n，/wd也/d给/p当地/s解决/v了/ule部分/n就业/vn问题/n，/wd还/d能/v带/v去/vf稳定/a的/ude1税收收入/n。/wj
市场/n质疑/vn富人/n受益/vi“/wyz政府/n要/v办/v的/ude1养老/vn是/vshi普遍/ad服务/v性质/n的/ude1，/wd是/vshi提供/v给/p普通/a消费/vn水平/n的/ude1老年人/n的/ude1。/wj
而/cc地产/n和/cc险/a资/ng等/udeng社会/n资金/n要/v做/v的/ude1，/wd是/vshi高端/n或/c变形/vi的/ude1房地产/n开发/vn。/wj
”/wyy前述/b北京/ns私/ag募/vg人士/n称/v，/wd无论是/c高端/n养老/vn项目/n还/d是/vshi低端/n养老/vn项目/n，/wd面对/v的/ude1政府/n优惠/vn政策/n是/vshi一样/a的/ude1，/wd但/c现实/a的/ude1结果/n就/d是/vshi，/wd地方/n政府/n的/ude1经济/n发展/vn需求/n与/cc险/a企/ng的/ude1逐/vg利/n需求/n，/wd在/p高端/n养老/vn地产/n上/f达成/v了/ule一致/a。/wj
举例/vi而言/uls，/wd一/m款/q与/cc养老/vn地产/n项目/n泰康/nz之/uzhi家/n挂钩/vi的/ude1“/wyz财富/n尊/ag赢/v”/wyy保险/n理财/vn产品/n正/d在/p销售/vn中/f。/wj
泰康/nz之/uzhi家/n销售/vn经理/n称/v：/wm“/wyz这/rzv属于/v高端/n养老/vn社区/n，/wd不/d是/vshi有/vyou钱/n就/d可以/v入/v住/vi，/wd必须/d要/v买/v保险产品/n，/wd才/d有/vyou入住/vn资格/n。/wj
”/wyy该/rz销售/vn经理/n介绍/v说/v，/wd第一/m批/q入/v住/vi的/ude1老年人/n很多/m都/d是/vshi国家/n部委/n退休/vn干部/n以及/cc著/vi名/q演员/n。/wj
知情/vn人士/n表示/v，/wd“/wyz财富/n尊/ag赢/v”/wyy这/rzv款/q产品/n包括/v两/m个/q版本/n：/wm“/wyz定/v制版/vn”/wyy每年/r缴纳/v35/m万/m缴纳/v10年/m或/c一次性/d缴纳/v350/m万/m，/wd赠送/v养老/vn社区/n一/m室/n一/m厅/n免费/vd入住/v；/wf“/wyz自选/vn版/n”/wyy每年/r缴纳/v20/m万/m缴纳/v10年/m或/c一次性/d缴纳/v200/m万/m，/wd赠送/v养老/vn社区/n一/m室/n一/m厅/n免费/vd入/v住/vi。/wj
购买/v定制/n版/n产品/n，/wd老人/n从/p医护/vn到/v公墓/n，/wd全部/m由/p泰康/nz负责/v。/wj
2015年/m才/d能/v入/v住/vi的/ude1养老/vn社区/n，/wd开/v售/v不/d到/v3/n个/q月/n已经/d销售/v过/uguo半/m。/wj
据/p相关/vn负责人/n介绍/v，/wd截至/v9月/t5日/t，/wd泰康/nz之/uzhi家/n第一/m期/qv2000/m套/q住房/n已经/d签/v售/v1300/m多/m套/q。/wj
缴纳/v完/vi第一/m年/qt的/ude135/m万/m或/c20/m万/m之后/f，/wd可以/v签订/v保证/v入住/v合同/n。/wj
“/wyz既然/c是/vshi一/m款/q纯/a商业/n性质/n的/ude1产品/n，/wd为何/ryv不/d按照/p商业/n规则/n运作/vn，/wd而/cc要/v享受/v政府/n财政/n补贴/n、/wn各种/rz低价/n以及/cc各项/r优惠/vn政策/n，/wd这/rzv不/d是/vshi拿/v着/uzhe纳税人/n的/ude1钱/n补贴/vn富人/n吗/y？/ww
”/wyy供职/vi于/p美国/nsf通用/nz电气/n公司/n的/ude1王/nr1先生/n在/p放弃/v购买/v这/rzv款/q产品/n后/f，/wd在/p泰康/nz人寿/n客户/n高端/n推荐/v酒会/n上/f当场/d表达/v了/ule自己/rr的/ude1疑惑/vn。/wj
亚/b太/b城市/n研究会/n房地产/n分会/n会长/n陈宝/nr存在/v接受/v本报/rz记者/n采访/v时/ng称/v，/wd养老/vn地产/n的/ude1建安/t成本/n决定/v了/ule与/p之/uzhi相/ng挂钩/vi的/ude1保险产品/n就/d是/vshi为/p富人/n服务/vn的/ude1，/wd普通/a精/a装修/vn房/n，/wd建筑/n成本/n2000/m～/ws
3000/m元/q//w平方米/q，/wd但是/c养老/vn地产/n往往/d配套/v有/vyou公园/n、/wn健身房/n、/wn医院/n、/wn超市/n等/udeng，/wd如果/c是/vshi开发/v企业/n做/v配套/vn，/wd这/rzv部分/m成本/n都/d计/vi入/v，/wd建安/t成本/n一般/uyy在/p8000/m元/q左右/m//w平方米/q，/wd再/d加上/v楼面/n地价/n，/wd成本/n过/uguo万/m，/wd而且/c接待/v能力/n有限/a。/wj
这些/rz都/d决定/v了/ule与/p之/rz挂钩/vi的/ude1产品/n保费/n高/a企/ng，/wd天然/b属于/v高端/n保险产品/n。/wj
前述/b北京/ns私/ag募/vg人士/n则/c对/p本报/rz称/ng，/wd富/vg人/n得到/v补贴/n，/wd但/c保险企业/n从中/d受益/vi更/d大/a。/wj
“/wyz因为/p各种/rz优惠/vn、/wn补贴/n都/d是/vshi中间/f企业/n或/c机构/n先/d拿/v走/v，/wd是否/v会/v转/v利/n给/p入住/v老人/n以及/cc转/v利/n多少/ry，/wd还/d取决于/v企业/n或/c机构/n。/wj
”/wyy﻿/x中国/ns7月/t持/v美/b债/n总额/n逾/vg1./m27/m万/m亿/m美元/q仍/d为/v美/b最/d大/a债权国/n2013年/m09月/t17日/t23:18/m来源/n：/wm中国/ns新闻网/n作者/n：/wm德永健/nr中/f新/a社/n华盛顿/nsf9月/t17日/t电/n(/wkz记者/n德永健/nr)/wky美国/nsf财政部/nt17日公/t布/n的/ude1初步/b统计/vn数据/n显示/v，/wd今年/t7月/t，/wd中国/ns小幅/d增/v持/v15亿/m美元/q美/b债/n，/wd持有/v总额/n继续/v稳/ad超/v1./m2/b万/m亿/m美元/q大关/n，/wd仍/d为/v美国/nsf最/d大/a债权国/n。/wj
数据/n显示/v，/wd今年/t7月/t，/wd中国/ns持有/v美/b债/n总额/n为/p1./m2773/m万/m亿/m美元/q，/wd较/d6月/t修正/v后/f的/ude11./m2758/m万/m亿/m美元/q增加/v15亿/m美元/q。/wj
今年/t5月/t，/wd中国/ns持有/v美/b债/n总额/n达/v1./m2973/m万/m亿/m美元/q，/wd直/d逼/v1./m3/n万/m亿/m美元/q关口/n，/wd但/c6月/t中国/ns大幅/d减/v持/v215亿/m美元/q美/b债/n，/wd持有/v总额/n回落/vi至/p1./m2758/m万/m亿/m美元/q。/wj
数据/n显示/v，/wd2013年/m前/f7/v个/q月/n，/wd中国/ns持有/v美/b债/n总额/n一直/d稳/ad超/v1./m2/b万/m亿/m美元/q，/wd且/c增/v持/v幅度/n十分/m明显/a。/wj
期间/f除/p1月/t和/cc6月/t分别/d减/v持/v62亿/m和/cc215亿/m美元/q，/wd其余/rz5月/t均/d增/v持/v美元/q，/wd今年/t2月/t、/wn3月/t和/cc4月/t更/d分别/d增/v持/v377亿/m、/wn184亿/m和/cc204亿/m美元/q。/wj
其它/rz主要/d持有/v国/n方面/n，/wd第二/m大/a债权国/n日本/nsf在/p今年/t6月/t减/v持/v203亿/m美元/q美/b债/n后/f，/wd7月/t转而/c大幅/d增/v持/v520亿/m美元/q美/b债/n，/wd持有/v总额/n为/p1./m1354/m万/m亿/m美元/q，/wd创下/v历史/n新高/n。/wj
目前/t与/p中国/ns相差/v1419亿/m美元/q。/wj
总体/n来/vf看/v，/wd今年/t7月/t外国/n主要/b债权人/n持有/v美/b债/n总额/n为/p5./m5901/m万/m亿/m美元/q，/wd较/d前/f一月/t减少/v105亿/m美元/q，/wd这/rzv是/vshi2012年/m全年/n一路/mq上扬/v后/f，/wd外国/n主要/b债权人/n持有/v美/b债/n总额/n连续/a第4/m个/q月/n出现/v回落/vi。/wj
对于/p美/b债/n问题/n，/wd有/vyou市场/n人士/n表示/v，/wd虽然/c一些/mq国家/n抛售/v美/b债/n，/wd但/c预计/v对/p市场/n影响/vn不/d大/a。/wj
考虑/v到/v美国/nsf经济/n持续/vd复苏/vi，/wd为/v美元/q走势/n提供/v支撑/v，/wd投资/v美/b债/n仍/d优于/v买入/v其它/rz国家/n的/ude1债券/n。/wj
对于/p增/v持/v或/c减/v持/v美/b债/n，/wd中国/ns官方/n一再/d强调/v，/wd作为/p全球/n最/d大/a的/ude1国债/n市场/n，/wd美/b债/n市场/n对/p中国/ns来说/uls是/vshi一个/mq重要/a市场/n，/wd不论/c增/v持/v还是/c减/v持/v都/d是/vshi正常/a投资/vn操作/vn，/wd中国/ns会/v根据/p市场/n上/f的/ude1各种/rz变动/vn进行/vx动态优化/n和/cc调整操作/n，/wd外界/n不必/d进行/vx过/uguo多/a的/ude1政治/n化解/v读/v。/wj
美国/nsf默克/nrf公司/n否认/v开价/v500亿/m元/q求购/v中国/ns中药/n方/q2013年/m09月/t18日/t03:25/m来源/n：/wm新/a京/b报/n作者/n：/wm张泉薇/nr：/wm新/a京/b报/n讯/ng（/wkz记者/n张泉薇/nr）/wky9月/t17日/t，/wd一则/c题目/n为/v“/wyz美国/nsf公司/n开价/v500亿/m求购/v我国/n中药/n方/ng”/wyy的/ude1新闻/n出现/v在/p网络/n上/f，/wd经/p人民/n网/n[/wkz0./m34%/m资金/n研/v报/n]/wky转载/v后/f，/wd各/rz大/a网站/n也/d纷纷/d转载/v。/wj
文章/n称/v，/wd美国/nsf默克/nrf公司/n通过/p中间人/n，/wd欲/d以/p500亿/m人民币/n高价/d向/p“/wyz中国/ns金/ng方/ng安徽/ns淮/n硖/x中医/n研究院/n”/wyy求购/v一/m张/q中药/n药方/n。/wj
