 我 为什么 不 想想  真正 诚挚 的 情感 又 怎 会 被 一 堵 磁 墙 隔断 
景物 依然  人事 全 非 
我 沉重 地 跪下  追悔 那 错过 太 多 的 年少 时光 
忽 的  仿佛 是 第六 感官 的 作用  我 感到 一 丝 异样 的 心悸 
而 后  我 缓缓 地 不 太 自信 地 回过 头 —— 呵 
那 云 中 仙子 
还是 雪白 的 衣衫  还是 轻 灵 地 飘荡 在 空中 
只 是  眉宇 间 显得 稳重 与 成熟 了  并 带 着 微 染 的 沧桑 
 我 等 了 你 五 年 

 她 的 语气 轻 而 淡泊  仿佛 叙述 一 件 很 普通 很 容易 很 天经地义 的 事 
我 的 眼泪 立时 就 下来 了   妹妹  对不起 
可 你 不 该 冒险 回来 的  很 危险 
  你 不 也 回来 了 吗 
 她 的 眼睛 依然 明 如 秋水   外面 的 世界 很 大 很 新奇  我 游历 了 半 个 月 
然后  我 回 到 了 这儿 
等 你 
  我 本 以为 见 不 到 你 
  我 认定 你 会 来  不论 几 个 月 几 年 几十 年  总之 你 会 来 
我 不 相信 自己 会 白白 付出  我 相信 你 
 巨大 的 感动 已 将 我 淹没   我 知道 你 的 心  可 我们 错 了  大 错 特 错 了 
  我 什么 都 知道 了 
 她 看 起来 很 平静   这 就 是 命运  对 不 对 
 是的  正是 命运 安排 了 两 颗 永远 不 能 结合 的 心灵 相爱 
这 爱  已 注定 残缺 
这时  一阵 震动 从 远处 传来 
 不 知 又 吸 了 什么 东西 进来 
 她 说   近 来 这里 似乎 特别 活跃  而且  还 在 移动 
 我 想 起来 了  这次 我 是 在 太阳系 附近 被 黑洞 俘获 的  我 心 念 一 动  从 云 堆 上 捡 起 收音 器 
 

全球 紧急 通知  一 来历不明 的 引力 漩涡 正 从 太阳系 侧翼 逼近 地球  情况 危急 

 地球 的 大 限 到 了  那 可 是 数十亿 生灵 啊 
 

据 专家 推断  这 一 现象 和 日前 失踪 的 物理学家 邓峰 有关  其 人 有 过 从 黑洞 生还 的 经历 
此 番 他 受 了 精神 刺激  有 可能 运用 科技 手段 潜入 黑洞 采取 这 一 报复 性 的 疯狂 举动 

 我  啪 ’ 的 一 声 将 收音 器 摔 得 粉碎 
 荒唐 
 我 骂 出 一 句  头部 的 剧痛 令 我 几乎 栽倒 
 当心 身体  你 的 脸色 好 难 看 
 我 苦笑 一 声   我 的 大脑 

总之  我 差不多 算是 废人 了 
  没什么  我 不 在意 的 
 我 专注 地 凝视 着 她 清纯 的 脸庞  真 想 大声 赞美 造物主 的 神奇 
她 有 些 不好意思 地 低 下 头 
 可能   我 凄然 开口   我们 又 要 分别 了 
 我 的 一 只 手 搁 在 旁边 的 共振 解析 波 方 台上 
地球 将 被 吞噬  那么 大 的 行星 掉落 进来 肯定 会 引起 可怕 的 冲击  这儿 已 不 可 久留 
可是  除了 这样 一个 中性 的 混沌 物质 区 外  我 和 她 不 可能 在 任何 地方 再 相见 了  不 可能 
她 惊骇 万分 地 失声 叫 道   你 说 什么 
不 会 的 
 我 心 痛 如 绞   我们  是 无缘 的 

  不  不 会 这么 惨 
 她 声嘶力竭 地 喊 出   我 很 知足  我 就 只 是 看 看 你 啊 

  别 这样 
 我 劝慰 她  尽管 我 已 难于 说话   当 我 是 哥哥 吧 


  可 你 不 是 
  我 爱 你 
——  我 终于 倾吐 出 了 那 句 让 我 死 不 瞑目 的话  任凭 泪水 满脸 滂沱 
这 是 句 何等 神奇 的 话语 啊 
她 的 哭喊 停止 了  两 朵 嫣红 自 她 脸上 飞 起 
 能 听 你 这么 说 我 已 没有 遗憾 
 她 轻轻 闭 眼  语气 虔诚 如同 起誓   我 也 爱 你 
 而 后  她 的 眼 美妙 地 睁 开 来  里面 盛 着 太 多 令 我 永远 铭记 却 又 永远 迷惑 的 东西 
她 开始 奔 向 我  带 着 迷 一样 的 眼神 
我 也 奔 向 她  义无反顾 
她 说 爱 不可 残缺  爱情 应该 有 着 完美 的 历程  我 说 是 的  爱情 是 精神 与 肉体 的 双重 涅 槃  她 说 来 吧  让 我们 在 一起  我 说 我 来 了  和 你 走 到 一起 

就 让 双 耳 轰鸣  就 让 胸膛 窒息  一切 都 不 重要  重要 的 是 完成 爱情 
这 一刻 我 似乎 什么 也 没有 想  但 分明 又 想 了 很多 —— 她  我  地球 
甚至 薇 妮 
我 发觉 我 并 不 那么 僧 恨 世界  世界 水 不 会 太 坏  因为 这 世界 上 有 爱 
场 致力 拂 起 我们 的 头发  剥 去 了 我们 的 衣衫  我们 饱满 而 美丽 的 身体 裸露 出来 
这 是 我们 最 坦荡 最 无 邪 的 一刻 
奔  仿佛 自 洪荒 开始  并 指向 永恒 的 奔 
近 了  临近 了 
我 进出 生命 中 的 最后 一 丝 力气  温柔 而 坚定 地 伸 出 双臂  完成 一 次 辉煌 的 融合 
噢 
光 
明亮 无比 灿烂 无比 的 光 
尾声  最新 消息  不久前 出现 的 引力 漩涡 在 十 分钟 前 突然 发生 内部 爆炸  冲击波 将 其 推 至 数 光年 外  不再 对 地球 构成 威胁 
 另 据 测定  爆炸 迸 泄 物 中 有 快 子 发生 装置 的 残片  故而 可以 断言  此 番 爆炸 是 由 狂人 邓 峰 玩火 自焚 所 致 

