 在 上 要 有 独创性  在 数学 上 要 完美 精致  在 计算机 上 要 玩 得 转  你 就 当 自己 在 做 一个 理论 艺术品 
 我 不由得 说 出 自己 的 担心   一个 完全 甩开 实验 的 东西  在 我们 这里 能 被 接受 吗 
 高波 一 摆 手 说   黑洞 能 被 接受 吗 
在 至今 没 有 其 存在 的 直接 证据 的 情况 下  你 看看 天体 物理 学界 已 把 它 的 理论 发展 到 何等 地步  有 多少 人 靠 它 吃饭 
球状 闪电 至少 是 确实 存在 的 
不要 怕  如果 达到 我 上面 的 要求  论文 还 通 不 过  我 辞职  与 你 一 起 从 这个 大学 滚蛋 
 比 起 张彬  我 觉得 他 在 另 一个 极端 上 又 走 得 太 远 了 —— 我 追求 的 不 是 理论 艺术品 —— 不过  做 高波 的 学生 确实 让 我 感到 愉快 
我 决定 在 开学 前 的 假期 里 回 家乡 一 次  看看 一直 帮助 我 的 老 邻居 门  我 意识 到 以后 可能 很 少 有 机会 回去 了 
火车 到达 泰安 站 时  我 心中 一 动  想起 了 张彬 所 说 的 有 大气 物理学 工作者 在 玉皇 顶 目击 球状 闪电 的话  于是 中途 在 这里 下 了 车  去 登 泰山 
那时 熔化 后 又 凝结 的 两 串 钥匙  它们 现在 也 放 在 我 那 千 里 之外 的 宿舍 中  作为 对 那 种 不可思议 的 能量 的 纪念 
我 坐 了 一会  开始 收拾 东西  这些 东西 是 在 房间 出租 后 准备 寄 存在 别处 或 带走 的 
我 首先 收拾 的 是 父亲 的 那些 水彩画  它们 是 这个 房间 里 为数不多 的 我 真正 想 保留 的 东西 
我 首先 把 墙上 挂 着 的 那 几 幅 取 下 来  接着 取出 放在 柜子 中 的  我 尽可能 地 把 所有 的 画 都 找 出来  把 它们 一起 装 进 纸箱 
最后 看到 书架 的 底层 还有 一 幅  由于 它 画面 朝 下放 着  所以 刚才 没 注意 到 
把 这 幅 画 放 进 箱子 前 我 瞟 了 一 眼 画面  目光 立刻 被 盯 死 在 上面 
这 是 一 幅 风景画  画 的 是 我 家门口 看到 的 景物 
这 周围 的 景色 平淡 乏味  几 懂 灰暗 的 四 层 旧 楼房  几 排 白杨  因 落 满 灰尘 而 显得 没什么 生气 

作为 一 名 三流 业余 画家 的 父亲 是 很 懒 的  他 很 少 外出 写生  只是 乐此不疲 地 画 着 周围 这些 灰蒙蒙 的 景色  还 说 什么 没有 平淡 的 景色  只有 平庸 的 画家 
而 他 就 是 一个 这样 的 画家  这些 平淡 的 景色 经过 他 那 没有 灵气 的 画笔 的 临摹  更 添 了 一 层 呆板  倒 真 是 这 灰暗 的 北方 城市 日常 生活 的 写照 
我 现在 手里 拿 着 的 就是 这样 一 幅 画  与 箱子 里 许多 张 类似 的 画 一样 
没 什么 特别 引 人 之 处 
但 我 注意 到 画 里 有 一 样 东西  那 是 一 座 水塔  与 周围 的 旧 楼 相比 它 的 色彩 稍微 艳丽 了 一些  想 一 朵 高大 的 喇叭花 
这 本来 也 没有 什么 特别 之 处  外面  那 座 水塔 确实 存在  我 抬头 看看 窗外  看到 它 那 高高的 塔 身 在 城市 的 灯光 前 呈 一个 漆黑 的 剪影 
只 是  这 座 水塔 是 在 我 考上 大学 之后 才 建成 的  我 两 年 前 离开 时  塔 身 只 在 脚手架 中 建 了 一半 
我 浑身 颤抖 了 一下  手中 的 画 掉 在 地上 
在 这 盛夏 之 夜  似乎 有 一些 寒气 充满 了 这个 家 
我 把 那 幅 画 塞 进 纸箱  把 箱子 严严实实 地 盖 好  转身 去 收拾 其他 东西 
我 努力 把 注意力 集中 在 正 在 干 的 事 上  但 我 的 思想 仿佛 是 一 根 用 细 丝 悬 吊 着 的 铁 针  而 那个 箱子 是 一 块 强 磁铁  我 可以 努力 将 针 转向 其他 方面  但 只要 这种 努力 一 松懈  针 立刻 又 被 吸 回 了 那个 方向 
外面 下雨 了  雨滴 打 在 窗玻璃 上 发出 轻 响  我 总 觉得 这 响声 是 从 那个 箱子 中发 出来 的 

最后  实在 受不了 了  我 快步 走向 纸箱  把 它 搭 开 来  把 那 幅 画 拿 出来  小心 地 将 画面 朝 下 拿 着 它 走向 卫生间  掏 出 打火机 从 一 角 点燃 了 它 
当 画 烧 到 三分之一 时  我 忍不住 又 将 它 翻 了 过来  画面 上 的 那 座 水塔 更加 栩栩如生  仿佛 要 从 画纸 上 凸现 出来 
我 看 着 火焰 吞没 了 它  画 出 它 的 水彩 被 烧 焦 了  火苗 呈现 一 种 怪异 而 妖艳 的 色彩 
我 把 将要 烧 尽 的 画 扔 进 盥洗 池  看 着 它 烧 完  然后 打开 水龙头  将 灰烬 冲走 
关上 水龙头 后  我 的 目光 落 到 了 盥洗 池 的 地 沿 上  看到 了 刚才 洗 脸 时 没 注意 的 东西 
几 根 头发  很 长 的 头发 
那 是 几 根 头发  有的 全 白  与 池 面 几乎 融为一体  有的 则 白 了 一半  正 是 那些 黑 的 部分 使 我 看到 了 它们 
这 不 可能 是 我 两 年 前 留下 的  我 从来 没有 过 这么 长 的 头发  更 没有 白发 
我 轻轻 拿 起 其中 一 根 半 黑 半 白 的 长发 


拔 一 根 长 七根 

我 将 头发 扔掉  仿佛 它 烫 手 似的 
那 根 头发 在 空气 中 漫漫 飘落  竟 拖 着 一 道 尾 迹  那 尾 迹 是 由 许多 头发 自身 的 转瞬即逝 的 映象 组成  就 好 象 我 的 视觉 暂 留 时间 延长 了 许多 时间 似的 
这 根 头发 并 没有 落 回 地 沿 上  它 只 落 了 一半 的 高度 就 在 半空 中 消失 了 
我 再 看 地 沿 上 其他 头发  它们 也 都 消失 得 无影无踪 了 
