 被子 上 却 连 一 道 焦痕 都 没 留下 
您 能 想象 它 进入 冰箱  瞬间 使 里面 的 所有 冷冻 食品 都 变成 冒 热气 的 熟食  而 冰箱 本身 还 在 不 受 任何 影响 地 运转 
你 能 想象 它 把 你 的 贴身 衬衣 烧 焦  而 您 竟 没有 感觉 
您 说 的 那些 理论 能 解释 这 一切 吗 
  我 说 过 那些 理论 都 不 成立 
 张彬 说  他 没有 止步 
 那么  我们 越 出 大气 物理学 的 范围  您 认为 现今 的 整个 物理学  甚至 整个 科学 能 解释 这 现象 吗 
您 就 丝毫 不 感到 好奇 吗 
看 到 您 这样  我 真 比 见到 球状 闪电 还 吃惊 
 张彬 停下 了 脚步  转 过 身 来 第一 次 正视 我   你 见 过 球状 闪电 
  

我 只是 比喻 
 我 无法 把 内心 最 深 处 的 秘密 告诉 眼前 这个 麻木 的 人  这种 对 大自然 那 深邃 秘密 的 麻木 充斥 着 整个 社会  对 科学 来说 早 就 是 一 中 公害 
如果 这种 人 在 学术界 少 一些  人类 现在 说不定 已 飞抵 人马 座 了 
张彬 说   大气 物理学 是 一 门 很 实用 的 科学  球状 闪电 是 一 种 极其 罕见 的 现象  在 国际 建筑物 防 雷 标准 IEC - 81  以及 我国 1993年 颁布 的 《 建筑物 防 雷 设计 规范 》 中  都 没有 考虑 到 它  所以  在 这 东西 上 花 太 多 的 精力  意义 不 大 
 和 这种 人 真 没 有 什么 太 多 的 话 好 讲  我 谢 过 他 转身 走人 
要 知道  他 能 承认 球状 闪电 的 存在  已经 是 一 大 进步 了 
直到 1963年  科学界 才 正式 认同 这种 闪电 的 存在  这 之前  所有 的 目击 报告 都 被 断定 为 幻觉 
这 一 年 的 一 天  美国 肯特 大学 电磁学 教授 罗格 
杰尼逊 在 纽约 的 一个 机场 亲眼 看到 了 一个 球状 闪电  那个 直径 约 20 厘米 的 火球 穿 墙 进入 一个 机库  穿过 了 机库 中 一 架 飞机 的 机身  又 穿 墙 飞 出 机库 消失 了 
当天 晚上  我 首 次 在 google 主页 上 键 入  balllightning  主题词 搜索  不 抱 太 大 希望  但 搜索 结果 中 的 网页 竟 达 四万 多 个  我 第一 次 感觉 到  自己 准备 为 之 付出 全部 生命 的 东西  全 人类 也 在 关注 着 
又 一个 新 学期 开始 了  炎热 的 夏天 到来 了 
夏天 对 我 的 意义 又 多 了 一 层  雷雨 将 出现  这 使 我 感觉 自己 离 它 更 近 些 
这天 张彬 突然 来 找 我  他 给 我们 上 的 课 在 上 学期 就 已 结束  我 几乎 把 他 忘 了 
他 对 我 说   小陈  我 听说 你 的 父母 都 不 在 了  经济 情况 比较 困难 
今年 暑假  我 有 一个 项目 缺 一个 助手  你 能 来 吗 
 我 问 是 什么 项目 
 是 对 云南省 一 条 设计 中 的 铁路 进行 防 雷 设施 的 参数 论证  另外 还有 一个 目的  在 国家 正在 制定 中 的 新 防 雷 设计 规范 中  计划 把 以前 全国 通用 的 0 
015 的 落 雷 密度 系数 改 为 依 各 地区 的 情况 分别 制定  我们 是 去 做 云南 地区 的 观测 工作 
 我 答应 了 他 
我 的 经济 虽然 不 宽裕  但 还 过得去  答应 去 是 因为 这 是 我 第一 次 有 机会 实际 接触 雷电 研究 
课题组 有 十几 个 人  分为 五 个 小组  分布 在 很 广 的 范围 内  相互之间 相隔 几百 公里 
我 所在 的 这 一 组 除了 司机 和 实验 工  正式 成员 只 有 三 个 人  我  张彬 和 他 的 一个 叫 赵雨 的 研究生 
到达 研究 地域 后  我们 住 在 一个 县级 气象 站里 
第二 天 早上  天气 很 好  将 开始 第一 天 的 野外 作业 
当 我们 从 那 间 当作 临时 仓库 的 小 房 中 向 车上 般 仪器 设备 时  我 问 张彬   张 老师  目前 对 雷电 内部 结构 的 探测 有 什么 好 办法 吗 
 张彬 目光 敏锐 地 看 了 我 一 眼  他 显然 知道 我 在 想 什么   从 目前 国内 工程 建设 的 需要 来 看  对 雷电 的 物理 结构 研究 不 是 首要 任务  当务之急 是 对 它 的 大面积 设计 研究 
 每当 我 的 提问 涉及 到 球状 闪电  哪怕 是 像 这 次 这样 远远地 涉及  他 都 避 而 不 答  看来 这 人 对 没有 实用 价值 的 研究 真是 深恶痛绝 
倒是 赵雨 回答 了 我 的 问题   手段 不 多  目前 闪电 的 电压 都 无法 直接 测定  只能 通过 其 电流 值 来 间接 推算 
至于 研究 雷电 物理 结构 最 常用 的 仪器  就是 这 东西 
 他 指 了 指 仓库 一角 放 着 的 一 堆 管状 物   这 叫 磁钢 记录仪  是 记录 雷电 电流 的 幅 值 和 极性 用 的  它 是 用 具有 较 高 剩磁 的 物质 制造 的  在 它 的 中部 的 导线 接 闪 时  就 可 根据 雷电 电流 产生 的 磁场 在 记录仪 中 形成 的 剩磁  来 计算 雷电 流 的 强度 和 极性 
这 是 60si2mn 型  还有 塑料管 型  刀片 芯 型 和 铁 粉 型 
  我们 这 次 要 用 到 它 吗 
  当然  要 不 带 来 干 什么 
不过 那 要 是 后面 了 
 第一 阶段 的 任务 是 在 观测 区域 安装 雷电 定位 系统  这种 系统 通过 大量 散布 的 雷电 传感器 把 信号 集中 到 计算机 中  可 对 特定 区域 的 落 雷 数量  频度 和 分布 进行 自动 统计 
这 实际上 是 一个 只 会 记 数 和 定位 的 系统  不 涉及 雷电 的 物理 参数  所以 我 不 感 兴趣 
主要 的 工作 是 在 野外 安装 传感器  这 是 一 项 辛苦 活儿 
运气 好 还 可以 把 传感器 装 到 电线杆 或 高压 塔 上  但 大部分 情况 还 要 自己 竖 杆子 
