高校 清理 超期 博士 ， 反映 出 对 博士 教育 质量 的 重视 ， 但是 ， 为何 会 有 如此 众多 的 “ 超期 博士 ” ， 同样 值得 高校 反思 。
“ 急功近利 ” 的 博士 教育 数据 显示 ， 早 在 2008年 ， 我国 具有 博士 授予 权 的 高校 已 超过 310 所 ， 而 美国 只 有 253 所 。
2006年 ， 美国 培养 的 博士 有 5. 1万 人 ， 我国 培养 的 博士 已 达 4. 9万 人 ； 2007年 ， 中国 博士 人数 继续 上升 ， 已 超过 5万 人 。
根据 国家 教育 事业 统计 公报 ， 2010年 ， 我国 招收 博士生 6. 38万 人 ， 在 学 博士生 25. 89万 人 ， 毕业 博士生 4. 90万 人 。
博生 培养 规模 持续 扩大 。
我国 已 超过 美国 成为 世界 上 最 大 的 博士 学位 授予 国家 。
然而 ， 我国 发展 博士 教育 ， 却 并非 培养 高 质量 的 学术 人才 ， 不少 学校 争相 申报 博士 点 、 扩大 博士 招生 规模 ， 是 为了 制造 教育 政绩 、 实现 高校 建设 研究型 大学 的 梦想 。
在 过去 10 年间 ， 高校 博士 点数 、 研究生 培养 规模 、 博士生 在 所有 在校 学生 中 的 比例 ， 是 评价 一 所 高 水平 大学 的 重要 指标 。
为此 ， 一些 大学 想尽 办法 申报 博士 点 ， 认为 博士 点 越 多 ， 办学 水平 就 越 高 。
具体 采取 的 办法 ， 包括 整体 引进 其他 学校 的 团队 ， 大量 聘请 校外 兼职 博导 ， 包装 博士 点 。
这种 做法 ， 直接 带来 三 方面 问题 。
其一 ， 博士 招生 标准 降低 。
众所周知 ， 当 招生 规模 急速 扩大 ， 原来 执行 的 博士 招生 标准 就 会 降低 。
作为 精英 教育 的 博士 教育 ， 必须 坚持 严格 的 门槛 要求 ， 但 这 在 一些 高校 ， 不复存在 。
当 招生 标准 降低 ， 很 自然 地 ， 难以 达到 培养 要求 的 人 就 会 越 多 —— 如果 培养 要求 不 降低 、 并 严格 执行 的 话 .
9. 最近 ， 一 项 上万 人 参与 的 调查 显示 ， 34％ 的 人 后悔 读 大学 ， 51％ 的 人 认为 ， 在 大学 里 没 学 到 有用 的 东西 。
而 感叹 学 无 所 用 的 不仅仅 是 专科 、 本科生 ， 甚至 不乏 硕士 、 博士 。
大学生 为什么 不 能 在 学校 学 到 有用 的 东西 ？
学生 们 四 年 的 时间 不 读书 又 干 什么 去 了 ？
有人 总结 现代 大学生 的 在校 状况 是 ： 30% 的 时间 和 精力 用 来 应付 学校 的 思想 政治 教育 以及 大 堆 无用 的 课程 ， 30% 功夫 用 在 学 英文 、 考级 ， 剩下 40% 大部分 用 来 谈 恋爱 、 社交 、 享受 风 花 雪 月 ， 还 忙 不 过来 。
青春 虚 掷 ， 一 无 所 成 。
四 年 大学 ， 缺少 了 坚实 的 求知 过程 ， 留下 的 只 有 梦幻泡影 ， 如 雾 亦 如 电 。
在 对 大学 持 否定 态度 的 人 看来 ， 现在 的 大学 更 象 “ 围城 ” ， 没 去 过 的 以为 里面 多姿多彩 充满 诱惑 ， 呆 在 里面 的 人 却 索然 无味 如同 嚼 蜡 。
进去 时 满怀 期望 ， 出来 时 什么 也 没 得到 。
也 有人 认为 ： 大学 是 不 是 “ 白 读 ” ， 学校 固然 有 不可 推卸 的 责任 ， 个人 主观 的 努力 却 能 起 到 关键 作用 。
同样 的 土地 ， 同样 播 下 龙 种 ， 有人 收获 了 跳蚤 ， 有 人 却 找 到 了 人生 的 方向 和 意义 。
应该 承认 ， 事情 往往 就 是 这样 ， 人才 和 庸才 都 是 经过 同 一 条 路 走 出来 的 。
是 上 大学 还是 被 大学 上 ， 并非 单一 某种 因素 可以 决定 。
然而 ， 对于 大学 教育 表现 出 的 越来越 多 的 悖论 和 困境 ， 不能不 引起 公众 的 重视 。
大学 价值 被 完全 否定 的 主要 依据 在于 ， 它 对 学生 毕业 后 的 人生 毫无 帮助 。
传统 认为 ， 大学 应该 教 给 学生 安身立命 的 本事 ， 让 他们 有 个 好 前途 。
如果 不 能 带来 可见 的 好处 ， 大学 教育 就 没 有 价值 。
这种 观念 是 从 上 世纪 “ 精英 教育 ” 一路 延续 下来 ， 它 对 教育 的 理解 仅仅 停留 在 工具 理性 的 阶段 ， 可以 说 非常 片面 。
可惜 的 是 ， 国人 大多 持 这样 的 态度 ， 对 大学 价值 的 评价 标准 更 侧重 功用 ， 简单 而 实际 。
但 现代 教育 理论 却 认为 ， 在 一个 实现 了 高等教育 大众化 的 社会 ， 大学 教育 理应 有着 更 丰富 的 人文 内涵 ， 并 不 以 知识 传递 和 技能 训练 为 主要 目的 。
人们 不禁 会 追问 ， 即使 对 大学 教育 的 理解 各 有 不同 ， 即使 学校 理念 不 能 对 每个 学生 发生 影响 ， 但 学生 在 大学 中 学 到 什么 还 是 由 学校 决定 的 ， 为什么 什么 都 没 学 到 仍然 可以 毕业 呢 ？
这 一点 可以 对照 美国 大学 的 情况 。
有人 说 ， 美国 大学 和 中国 大学 都 是 不 成功 的 教育 ， 因为 中国 大学 的 就业率 低 ， 美国 大学 的 毕业 率 低 ， 如此 ， 等等 。
这 是 事实 。
在 美国 想 读 大学 是 很 容易 的 ， 基本上 只要 高中 能 毕业 就 不 成问题 。
可是 仍然 有 很多 美国 人 认为 ， 大学 并 不 是非 读 不可 。
由于 美国 大学 的 门槛 低 ， 也 没 人 把 读 大学 看 得 很 了不起 ， 中途 辍学 的 现象 很 普遍 。
据 统计 ， 大学 新生 头 一 年 申请 辍学 的 比率 达 20% 。
除了 辍学 ， 延迟 毕业 的 更 多 ， 四 年 学制 读 五六年 的 大有人在 。
所以 近 三十 来 美国 大学 的 毕业 率 很 少 高 过 八 成 ， 21 世纪 更 达 六 成 左右 的 新 低 ， 将近 一半 学生 毕 不 了 业 。
毕 不 了 业 怎么办 ？
一直 读 下去 。
理论 上 ， 美国 大学 是 可以 读 一辈子 的 ， 总归 要 各科 合格 拿 够 学分 为止 ， 否则 就 拿 不 到 学位 。
不 知道 美国 学生 会 不 会 认为 大学 白 读 了 ？
简单 地 说 ， 学生 在 学校 能 学 到 什么 ， 怎样 把 好 最后 的 质量关 ， 让 什么样 的 产品 流出 社会 ， 体现 出 大学 对 社会 承担 的 责任 。
美国 大学 的 原则 是 “ 宽 进 严 出 ” ， 他们 的 高等教育 门槛 低 、 姿态 低 ， 毕业 考核 却 很 严格 ， 要 拿 学位 非得 拿 出 成绩 不可 。
而 中国 的 大学生 们 为了 进 大学 都 曾经 吃 尽 苦头 ， 好不容易 才 能 脱颖而出 ， 高考 被 喻 为 “ 最 残酷 的 战场 ” ； 一旦 考上 之后 则 万事大吉 ， 不 思 进取 ， 反正 毕业 考试 容易 过 ， 论文 抄袭 剽窃 也 没 人 理会 ， 这 就是 “ 严进宽 出 ” 。
