20Apr12Blog 叶 永 烈 结缘 电脑 20 年 2012-04-2009:07:53 记得 ， 整整 20 年 前 —— 1992年 ， 那 时候 还 很 少 “ 打的 ” 的 我 ， 忽然 乘坐 一 辆 红色 的 夏利 出租车 回家 ， 从 车 里 小心翼翼 地 捧 出 一 台 花 了 三千 多 元 人民币 买 的 电脑 。
邻居 们 围 了 上来 ， 好奇 地 问 ： 这 是 什么 “ 机器 ” ？
那 时候 还 没有 专用 的 电脑 桌 。
我 把 电脑 安放 在 我 的 书桌 上 。
键盘 呢 ， 就 放 在 拉开 的 抽斗 里 。
这 是 一 台 “ 古老 ” 的 单色 （ 黑白 ） 286 电脑 。
我 还 花 了 七百 多 元 人民币 ， 买 了 一 台 吱吱 作响 的 24 针 老式 色带 打印机 。
就 这样 ， 我 跟 电脑 结缘 。
我 头 一 回 知道 可以 用 电脑 写作 ， 是 在 1982年 10月 。
来自 美国 的 七十 有 五 的 作家 罗伯特 ?
海 因 来 因 跟 我 说 起 ， 他 是 用 “ 机器 ” 写作 ， 我 当时 非常 惊讶 。
他 拿 出 一 张 他 在 书房 用 电脑 写作 的 照片 送给 我 。
不过 ， 当时 我 的 感觉 是 仿佛 离 我 很 远 很 远 ， 好像 发生 在 遥远 的 星球 上 一 样 …
…
没 想到 ， 仅仅 过 了 10 年 ， 上海 市场 上 居然 也 有 台式 电脑 。
刚刚 买 回 电脑 ， 我 兴高采烈 。
可是 ， 这 股 热情 只 维持 了 三 天 。
因为 我 是 用 中文 写作 ， 比 起 美国 作家 来 要 麻烦 得 多 。
英文 是 拼音文字 ， 只有 26 个 字 母 ， 摁 动 那 26 个 字 键 ， 就 能 写作 。
可是 想 把 成千上万 个 方块 汉字 ， 通过 26 个 字 键 输 进 电脑 ， 就 不 那么 容易 了 。
我 没有 学 过 汉语拼音 ， 无法 用 汉语拼音 输入 。
那 台 电脑 在 我 的 书房 里 闲置 了 三 个 月 ， 落 满 灰尘 。
偶然 听说 一 种 “ 表 形 码 ” 可以 按照 字形 输入 ， 我 很 仔细 地 研究 了 说明书 ， 居然 “ 自学成才 ” ， 花 了 一 天 时间 ， 很 吃力 地 用 电脑 写 了 800 字 。
我 继续 努力 ， 电脑 写作 的 速度 很快 就 超过 了 手 写 。
当时 ， 我 的 一 部 50万 字 的 长篇 手 写 了 几 章 ， 就 决定 用 电脑 写 完 。
从 那 以后 ， 我 再 也 不 “ 笔 耕 ” 了 。
在 整理 书房 时 ， 从 一个 铁桶 里 找 出 一 大 堆 用 过 的 金属 圆珠笔芯 ， 从此 留 作 “ 纪念品 ” 。
我 为什么 有 那样 多 的 圆珠笔芯 呢 ？
我 最初 是 用 自来水笔 写作 。
自从 邮寄 时 丢失 了 一 回 稿子 之后 ， 我 就 在 写稿 时 夹 了 一 张 复写纸 ， 以 求 留 一 份 底稿 。
所以 我 至今 保存 了 整整 一 书柜 的 手稿 。
自来水笔 不 便于 复写 ， 我 就 改用 圆珠笔 写 ， 在 稿纸 下 垫 了 玻璃板 。
早年 买 的 是 最 普通 的 竹 杆 圆珠笔 ， 太 不 经 用 了 ， 写 几 天 就要 扔掉 一 支 。
后来 发现 有 一 种 金属 圆珠笔芯 很 粗 ， 书写 质量 也 好 ， 从 1983年 起 就 改 用 这种 圆珠笔 ， 每 根 笔芯 大约 可以 写 6万 字 。
用 完 之后 ， 觉得 那 闪闪 发亮 的 金属 笔芯 丢 了 有 点 可惜 ， 就 随手 丢 进 一个 铁桶 里 。
日积月累 ， 竟然 积 了 满满 一 桶 。
数 了 一下 ， 有 215 支 之 多 。
由于 长期 手 握 圆珠笔 ， 当时 我 的 右手 中指 左侧 磨 起 黄豆 般 大 的 老茧 。
自从 用 上 电脑 ， 告别 了 “ 伏案 写作 ” ， 从此 “ 十 指 打天下 ” ， 写作 变成 像 弹 钢琴 一样 潇洒 。
我 再 也 没有 手稿 ， 而是 用 电脑 软盘 保存 作品 。
我 最初 用 的 是 大饼 一样 大 的 5 寸 软盘 —— 现在 这样 的 软盘 早已 “ 绝迹 ” ， 成 了 “ 文物 ” 。
后来 改用 3. 5 寸 软盘 保存 作品 ， 很快 这种 软盘 也 被 淘汰 。
我 在 电脑 中 安装 了 刻 录 机 ， 改用 光盘 保存 作品 。
这 20 年间 ， 我 随 电脑 技术 的 进步 “ 与 时 俱 进 ” ： 从 “ WPS ” 到 “ Win95 ” 、 “ Win98 ” 、 “ WinXP ” ， 从 单 显 到 彩 显 ， 从 显像管 到 液晶 屏幕 ， 从 24 针 打印机 到 扫描 、 复印 、 传真 、 打印 四 合 一 的 新式 喷墨 打印机 。
最 令 我 高兴 的 是 ， 我 的 胶卷 照相机 升级 为 数码 相机 ， 磁带 录音机 换代 为 数码 录音 笔 ， 并 可以 把 图像 、 声音 输入 电脑 ， 给 我 的 采访 、 写作 带来 莫 大 方便 。
前 些 日子 我 买 了 一个 2000G 的 移动 硬盘 ， 售货 小姐 惊讶 地 问 ， 你 是 干 哪 一 行 的 ， 需要 这么 大 容量 的 移动 硬盘 ？
其实 ， 这 移动 硬盘 就是 我 的 流动 书房 ， 不仅 可以 贮存 所有 文稿 、 录音 、 录像 ， 而且 可以 存放 几十万 张 照片 。
带 着 可以 无线 上网 的 手 提 电脑 ， 带 着 这 移动 硬盘 ， 我 无论 到 哪里 都 消息 灵通 ， 随时 收发 电子 邮件 ， 而且 随时 进入 写作 状态 。
这 20 年 ， 电脑 不仅 改变 了 我 ， 而且 改变 了 整个 世界 。
* 徐静蕾 博客 * 2010-11-1220:46 休假 很快 就 要 结束 ， 据说 北京 已经 很 冷 ， 妈妈 给 我 发 来 牛 牛 小朋友 的 的 照片 ， 还有 我 的 小 猫 们 ， 想 ， 你 ， 们 ， 了 ！
！
！
而 我 ， 已经 找 不 到 各种 感觉 ， 工作 的 感觉 ， 写字 的 感觉 ， 习惯 说话 的 语感 …
…
久违 了 的 悠长 假期 ， 是否 真的 可以 改变 一个 人 。
反正 ， 懒 了 ， 散 了 ， 惰性 了 ， 贪恋 无所事事 的 感觉 了 。
回去 之后 ， 绝对 需要 强大 的 推动力 …
…
* 徐静蕾 博客 * 2010-09-1815:22:05 找乐 之 旅 开始 …
…
就 会 说 不 要 的 乖 侄子 ！
你 又 长大 了 ！
波尔多 时间 今天 ， 本 博 今年 抛头露面 的 工作 将 基本 告一段落 ， 剩下 的 日子 用来 伏案 搞 小 创作 、 日光浴 、 睡觉 、 发呆 。
放空 活动 将 正式 开始 ， 首要 工作 是 放下 过去 所有 的 事情 —— 那个 …
…
主要 是 工作 方面 的 ， 不 是 一般 的 说 ， 真 的 好 累 啊 …
