她 定期 免费 去 检查 身体 、 牙齿 ， 有 病 看病 ， 而 不 需要 依靠 任何 个人 的 捐助 。
她 在 德国 应该 算是 最低 阶层 的 人 了 ， 但 在 我 眼里 ， 她 过 得 有 保障 和 有 尊严 。
常常 在 微 博 中 看见 好心 的 人们 ， 为了 一个 身患 绝症 而 无 钱 医治 的 孩子 积极 地 呼吁 、 转发 、 募捐 ， 心里 一 方面 为 没 钱 治疗 的 孩子 而 痛心 ， 另一方面 ， 冷静 地 思考 一下 ， 觉得 ： 我们 中国 大众 帮助 弱小 是 美德 ， 但 我们 需要 的 是 一个 全民 有 医 保 的 医疗 体制 ， 让 每 一个 有 病人 的 家庭 ， 不再 为 无 钱 治病 而 苦恼 、 犯愁 ， 甚至 铤而走险 。
最近 网上 有 一 条 新闻 ： 一 位 北京 男子 私刻 公章 为 尿毒症 妻子 治病 ， 事发 后 被 判刑 。
这 说明 了 一点 ， 光 靠 募捐 这样 的 方式 ， 不 可能 帮助 到 每 一个 需要 帮助 的 病人 ， 因为 不 是 每 一个 人 都 会 呐喊 ， 不 是 每 一个 人 都 会 引起 关注 和 同情 。
往往 越 是 生活 在 苦难 中 的 人们 ， 他们 越是 能 忍 ， 能 吃苦 挨 痛 。
在 西方 世界 呆 久 了 ， 才 知道 ， 西方人 是 多么 的 娇气 ， 他们 因为 夏天 不够 热 而 抱怨 ， 因为 圣诞节 不 下雪 而 苦恼 ， 而 我们 的 同胞 中 ， 虽然 有 一部分 人 真正 地 富裕 了 ， 衣食 无 忧 ， 过 得 优哉游哉 ； 但 不能 忽略 的 是 ： 还有 为数不少 的 人 ， 他们 生活 在 社会 的 底层 或 边缘 ， 有 病 无 钱 医治 。
这 一 部分 真正 需要 保护 和 保障 的 人群 ， 他们 坚强 地 忍受 着 ， 不 抱怨 ， 在 沉默 与 病痛 中 一 天 天地 捱 ， 在 乐观 与 期盼 中 一步步 走 向 苦难 生命 的 尽头 。
如果 人人 有 医 保 ， 那么 每 一个 不幸 患病 的 人 ， 就 不 会 有 经济 上 的 担忧 ， 就 会 及时 得到 医治 ， 这样 就 能 杜绝 很多 悲剧 的 发生 。
眼下 的 中国 ， 最 需要 医 保 的 是 低收入 的 民众 ， 让 他们 看 得 起 病 ， 能 定期 检查 身体 ， 是 一个 文明 社会 的 担当 和 责任 。
一个 国家 的 GDP 很 重要 ， 一个 国家 的 颜面 很 重要 ， 但 一个 国家 的 人民 能够 看 得 起 病 ， 能够 过 得 有 保障 、 活 得 有 尊严 更加 重要 。
这里 的 “ 我 ” 睡 下铺 ， 但 韩寒在 2006年 11月 10日 发 的 一 篇 简短 博 文 《 睡 在 我 上 铺 的 兄弟 》 说 ： “ 我 在 念书 的 那阵子 也 是 上 铺 ” 。
当然 ， 韩 寒 可以 说 我 这 是 文学 创作 ， 但是 为什么 非 要 在 一 篇 自称 写 自己 的 求医 经历 的 散文 中 ， 把 睡 上铺 说 成 睡 下铺 ？
这 有 什么 必要 吗 ？
文中 说 ： “ 她 看看 卡 ， 认识 我 的 名字 ‘ 韩 寒 ’ ， 却 不 知道 普通话 该 怎么 念 ， 闭 上 眼睛 读 ： ‘ 园 寒 !
’ 西格蒙 ?
弗洛伊德 有 一 本 《 ThePsychopathologyofEverydayLife 》 上 说 ， 故 意念 错 一个 人 的 姓名 就 等于 是 一 场 侮辱 。
我 尚 不 能 确定 她 是否 故意 念 错 ， 所以 不便 发泄 ， 忍 痒 承认 我 是 ‘ 园 寒 ’ 。
” 据 上海 金山 的 网友 说 ， 金 山 话 的确 把 “ 韩 ” 读 成 “ 园 ” 。
在 1999年 的 上海 大 医院 ， 还有 医生 说 不 好 普通话 ， 连 “ 韩 ” 字 都 不 会 念 ？
为什么 念 成 了 “ 园 韩 ” 就 让 韩寒 觉得 是 侮辱 ？
如果 是 把 “ 韩仁均 ” 念 成 “ 猿人 君 ” ， 让 韩仁均 觉得 侮辱 ， 还 可以 理解 。
文中 说 ： “ 我 曾 见 过 一个 刚 从 大学 出来 的 实习 医生 ， 刚 当 医生 的 小姑娘 要面子 ， 写 的 字 横 平 竖 直 ， 笔 笔 遒劲 ， 不慎 写 错 还 用 橡皮 沾 口水 擦 ， …
…
” 在 上 世纪 90 年代 ， 还有 医生 用 橡皮 沾 口水 擦 错字 ？
这 该 是 多 久远 的 事 ？
文中 说 ： “ 我 走 出 外科 ， 听见 内科 一个 医生 在 骂 病人 笨 ， 那 病人 怯生生 地 说 ： ‘ 你们 这里 —— 墙上 不 是 写 着 “ 请 用 —— 谢谢 、 再见 、 对不起 ” …
…
’ ” 在 1999年 的 上海 大 医院 ， 还 在 墙上 贴 礼貌 用语 标语 ？
那 好像 是 80 年代 初 “ 五讲四美 三热爱 ” 运动 时期 的 事 。
对 个别 的 疑点 ， 也许 可以 勉强 辩解 ， 但是 把 这 三 篇 的 所有 疑点 综合 起来 看 ， 是 很 难 否定 这样 的 结论 ： 这 不 是 写 的 一个 高 一 学生 在 1999年 的 上海 大 医院 看 疥疮 的 经历 ， 而是 一个 有 丰富 的 生活 阅历 的 中年人 在 不知不觉 地 回顾 他 看 其他 疾病 的 经历 。
Blog 叶永烈 ： 感受 英国 物价 2012-04-0910:50:362012 年 世界 奥运会 将 在 英国 举行 。
英国 的 物价 如何 ？
到 了 一个 国家 ， 我 理所当然 地 关注 这个 国家 的 物价 。
分析 一个 国家 的 物价 ， 有 两 种 视角 ： 一 是 把 这个 国家 的 物价 跟 中国 相比 ， 这 叫 比价 ； 二 是 把 这个 国家 的 物价 跟 他们 的 收入 相比 ， 再 把 中国 的 物价 跟 中国 人 的 收入 相比 ， 最后 把 两者 相比 ， 这 叫 相对 比较 。
最 通常 也 最 能 直接 感受 的 ， 往往 是 第一 种 视角 。
我 的 一 位 美国 朋友 从 英国 回去 之后 ， 对 我 说 ： “ 英国 的 物价 比 美国 还 贵 ！
” 据 我 所 知 ， 其中 的 原因 除了 英国 物价 本身 这 几 年 连连 上涨 之外 ， 还 在于 美元 对 英镑 贬值 。
这 一 回 我 去 英国 ， 以 一个 中国 人 的 眼光 来 看 英国 的 物价 ， 我 的 感受 是 英国 的 物价 明显 地 比 中国 贵 —— 这 几 年 ， 人民币 连连 升值 ， 人民币 对 英镑 的 汇率 从 前 几 年 的 1 英镑 兑换 15 元 人民币 ， 到 现在 的 1 英镑 兑换 10 元 人民币 。
然而 即便 在 人民币 不 断 升值 的 情况 下 ， 我 仍 感受 到 英国 物价 的 高昂 。
好 在 现在 的 1 英镑 兑换 10 元 人民币 ， 换 算 起来 非常 方便 ， 所以 我 在 列举 英国 物价 时 ， 即便 不 换算 成 人民币 ， 读者 在 英镑 之后 加 一个 “ 0 ” ， 也 就 等于 相应 的 人民币 数值 。
