烤 鹌鹑 蛋 挺 有 新意 的 ， 只是 味道 也 就 那么 回 事 。
这个 玫瑰 酥 ， 我 感觉 很 漂亮 ， 于是 没 忍 住 又 买 了 一个 ， 咬 了 一 口 外面 太 甜 ， 里面 有 点 硬 ， 像 小时候 过年 大家 互相 串门 送 的 糕点 盒 里 的 点心 ， 那 时候 觉得 挺 好吃 的 ， 现在 吃 起来 真 难 吃 ， 于是 咬 了 一 口 扔掉 了 ， 儿子 说 我 真 是 很 浪费 ， 走 一路 吃 一路 扔 一路 。
黑 米糕 和 江 米糕 ， 都 是 粘性 的 食品 吃 多 了 不好 消化 ， 于是 没 买 ， 我 已经 都 吃 撑 着 了 ， 晚上 回去 后 吃 了 几 片 健胃 消食 片 才 算是 好受 些 。
这 是 豌豆黄 ， 也 没 买 ， 只能 看 看 了 。
糯米 糕 也 是 只 拍 了 照 ， 都 是 江米 做 的 ， 味道 估计 都 差不多 。
这种 酱 羊 蹄子 也 有 很 多 家 在 卖 ， 因为 刚 在 平娃 吃 完 烤 羊 蹄子 和 羊 排 、 羊肉串 ， 这个 就 吃 不 进去 了 ， 没 买 ， 平娃 的 烤 羊 蹄 太 硬 了 ， 咬 不 动 ， 羊 排 味道 不错 ， 就 是 太 咸 了 ， 弄 得 我 又 喝 了 一 杯 酸梅汤 ， 一 打嗝 都 有 漾 出来 的 感觉 。
很多 店 里 都 有 冰峰 汽水 ， 看 着 大家 都 喝 我 也 要 了 一 瓶 ， 和 我们 这里 小 店 中 这种 瓶子 的 饮料 味道 差不多 ， 小时候 非常 喜欢 ， 现在 不 喜欢 了 ， 感觉 都 是 色素 和 糖精 ， 还有 各种 香精 兑 出来 的 。
炒 焖 子 曾经 在 90 年代 的 时候 在 我们 的 商业区 的 街 边 摊 上 流行 过 一 段 时间 ， 那 时候 就 不 太 爱 吃 ， 这 次 又 看到 了 ， 感觉 红 红 绿 绿 的 挺 吸引 人 于 是 要 了 一 份 ， 焖 子 里 没什么 味道 ， 口感 还是 一 如 以前 的 不好 ， 我们 几 个 人 每人 吃 了 一 块 就 扔 掉 了 ， 不过 看 这 张 照片 的 时候 觉得 这 小 碗 挺 好看 的 。
这 馅饼 挂 的 牌子 是 新疆 风味 ， 味道 还 不错 ， 在 回民 街上 走 着 就 能 看见 好几 家 ， 估计 味道 都 可以 。
锅贴 ， 朋友 买 了 胡萝卜 和 韭菜 两 种 馅 料 的 ， 平时 我 挺 喜欢 吃 胡萝卜 馅 的 ， 但是 这 次 感觉 超 难吃 ， 韭菜 馅 的 味道 还 凑合 ， 其实 东北 的 包 馅 的 面食 是 种类 最 多 的 ， 也 最 好吃 的 ， 到 了 外地 最 好 就 不 吃 带 馅 的 了 。
还有 很多 卖 八 宝 冰糖 雪梨 的 摊子 ， 估计 应该 味道 不错 ， 最 起码 是 真 材 实 料 的 。
儿子 问 我 不 来 一 杯 ， 我 说 如果 我 有 俩 肚子 就 好 了 。
甜 麦丕茶 ， 我 已经 完全 喝 不 下去 了 ， 不 知道 味道 怎样 ， 感觉 应该 和 醪糟 的 味道 比较 像 ~ ~ ~ 正 在 挥 着 大 锤子 打的 打 糕 ， 里面 放 了 豆沙 或者 枣泥 ， 也 是 吃 不 下去 了 ， 没 买 ， 在 东北 鲜 族 的 打 糕 就 是 这么 打 出来 的 ， 很 好 吃 ， 在 我们 这里 的 鲜 族 饭店 都 有 卖 的 ， 所以 就 不 吃 了 ， 我 还 得 留 着 我 的 小 命 呢 ， 不能 因为 好吃 就 撑 死 了 。
卖 油茶面 的 也 很 多 ， 这个 是 我们 小时候 家里 总 炒 的 ， 为了 饿 的 时候 吃 着 方便 ， 现在 超市 中 都 有 卖 的 ， 反倒 不 爱 吃 了 ， 也 就 看 一 看 吧 ！
这 是 我 逛 城墙 和 书院 街 的 时候 ， 在 白天 里 照 的 一 张 ， 丝糕 ， 看 了 看 ， 那 时候 正好 不 饿 ， 而且 感觉 也 不 太 吸引 我 ， 所以 没 吃 。
高度 的 安全 责任 意识 不 是 口号 ， 而是 把 每个 细节 做 到 极致 的 具体 行动 。
再 进行 一 下 “ 假如 ” ， 假如 太湖 的 游艇 驾驶员 ， 能 坚持 要求 每个 乘客 ， 必须 穿 救生衣 ， 才 能 开 船 ， 并 将 拒绝 穿 救生衣 的 乘客 赶 下船 ， 甚至 报警 ， 事故 或 不 会 发生 ， 因为 安全 意识 能 达到 这个 层次 ， 驾驶员 还 会 冒险 穿越 吗 ？
同时 ， 有 这样 素质 的 驾驶员 ， 整个 景区 还 会 客运 、 货运 船 混 行 吗 ？
而 另 一个 问题 是 ， 每个 游客 ， 是 不 是 也 有 这样 高度 的 安全 意识 ， 会 警觉 其中 的 安全 疏漏 ， 向 安全 监管部门 报警 ？
当然 这 种 安全 意识 ， 是 与 整个 外部 环境 密切 相关 的 ， 就 如 我 的 那 位 朋友 ， 现在 已经 把 警察 、 消防队 、 救护队 出动 ， 当成 是 安全 救护 的 天经地义 ， 习以为常 。
从而 也 对 自己 的 安全 驾驶 ， 特别 当心 —— 哪怕 没有 摄像头 ， 没有 任何人 看见 ， 都 老老实实 遵守 交通 规则 ， 不 超速 ， 带 好 安全带 。
安全 就 这样 变为 自我 意识 和 习惯 。
4Apr12Blog 熊 丙 奇 规则 和 诚信 2012-04-0408:23:48 一 位 朋友 刚 和 家人 去 夏威夷 旅游 归来 ， 她 向 我 说 了 两 件 令 她 一 家 印象 深刻 的 事 。
一 件 事 是 ， 在 夏威夷 海边 看 海龟 时 ， 同 团 的 一个 小朋友 拾 起 海边 的 小 石块 ， 扔 向 海龟 。
旅游团 的 人 ， 都 觉得 好玩 。
这时 ， 一个 在 海边 晒太阳 的 老外 ， 大声 叫喊 ， 说 不 能 向 海龟 扔 石头 。
后来 ， 大家 登上 旅行车 赶 下 一个 景点 。
在 路上 ， 导游 接到 一个 电话 ， 之后 十分 慎重 的 告诉 全 车 人 ： 刚才 警察局 来 电话 ， 说 这个 团 有 一个 小朋友 扔 石块 打 海龟 ， 这 在 当地 是 违法 行为 ， 有 人 向 警察局 举报 了 。
这 让 全 车 人 十分 惊讶 ， 居然 这么 一 件 小事 ， 就 告 到 警察局 ， 而且 ， 还 这么 心细 地 记 下 了 旅游团 的 车牌 。
那个 惹事 的 小朋友 更是 吓坏 了 。
朋友 告诉 我 ， 这 对 这个 小朋友 以及 同 车 人 的 教育 可能 是 一辈子 的 。
还有 一 件 事 是 ， 他们 从 夏威夷 到 加拿大 过 海关 时 ， 她 的 先生 填写 入境 申报 资料 ， 在 是否 随身 携带 动植物 及其 制品 一 栏 中 ， 填 了 一个 “ NO ” 。
