如果 房屋 外 能 直接 看到 非常 高大 的 烟囱 、 锅炉 ， 甚至 是 坟 场 。
这种 房子 会 对 我们 心理 上 产生 一 种 压抑 作用 。
长 时间 的 精神 压抑 可以 造成 机体 的 功能 紊乱 ， 容易 引起 心脑血管 方面 的 疾病 。
以上 这 八 种 房屋 在 朋友 们 选择 楼盘 的 过程 中 非常 的 常见 ， 无论是 从 风水 学 上 讲 ， 还是 以 我们 的 常识 判断 ， 都 是 楼盘 选择 中 的 不良 居 所 ， 很多 朋友 因为 经济 或 其它 的 一些 原因 忽略 了 这些 方面 ， 有 句 话 说 ： 穷人 越 穷 ， 富 人 越 富 ， 应用 在 此 也 未尝 不可 ， 如果 无奈 之 下 选择 了 风水 不好 的 住宅 ， 对 自身 的 损害 是 很 大 的 ， 只 有 好 风水 的 住宅 才 能 给 您 带来 好运 与 吉祥 ， 所以 ， 朋友 选择 住宅 时 要 慎重 对待 ， 对 已经 购买 的 ， 如果 觉得 自己 的 运 势 有 下滑 趋势 ， 就 要 尽快 找 出 原因 ， 进行 调整 ， 为 未来 自身 行 好运 打下 基础 。
官员 、 老板 攻 博 ， 是 近年来 饱受 舆论 诟病 的 大学 向 权势 低头 、 媚俗 现象 。
其 在 招生 、 培养 、 管理 中 都 存在 严重 问题 。
首先 ， 破坏 招生 公平 ， 博士 入学 考 ， 目前 笔试 和 面试 都 由 招生 单位 自主 进行 ， 一些 在职 人员 在 博士 入学 考 中 ， 往往 取得 优异 的 成绩 ， 顺利 入 校 ， 不由 让 人 怀疑 在 入学 中 存在 “ 权 题 交易 ” 和 “ 钱 题 交易 ” 。
近年来 ， 一些 高校 在 博士生 招生 中 ， 试点 博士生 申请 制 ， 并 将 招生 权 全部 赋予 导师 ， 这 是 符合 博士生 培养 规律 的 改革 ， 可 这 一 改革 却 遭到 社会 舆论 反对 。
原因 就是 对 导师 的 学术 声誉 不 放心 。
其次 ， 培养 、 管理 要求 很 松 ， 据 媒体 报道 ， 一些 官员 、 老板 在 被 录取 为 研究生 、 博士生 之后 ， 根本 就 不 出现 在 课堂 上 ， 而 授课 老师 也 视而不见 ， 毫无疑问 ， 如果 学校 按 年限 进行 清理 ， 这些 人 必定 在 被 清理 之 列 。
还有 一些 官员 则 派 自己 的 秘书 帮 自己 上课 、 完成 作业 ， 这 被 称为 “ 真 的 假 文凭 ” 现象 —— 其 被 录取 时 真 的 ， 获得 的 证书 也 是 真 的 ， 但 整个 过程 是 弄虚作假 的 。
这种 现象 显然 比 “ 超期 博士 ” 更 严重 、 更 恶劣 。
“ 超期 博士 ” 在 高校 的 大规模 存在 ， 也 说明 博士 培养 、 管理 的 松懈 。
一个 事实 是 ， 如果 导师 一 周 与 学生 见面 一 次 ， 如果 有 严格 的 过程 管理 ， 这些 达 不到 培养 要求 的 学生 ， 应该 早 已经 被 退学 了 ， 而 不 是 进行 集中 清退 。
有 舆论 分析 ， 清退 “ 超期 博士 ” ， 最 大 的 价值 是 让 大学 反思 招收 在职 人员 。
事实上 ， 近年来 一些 博士生 培养 机构 已经 取消 招生 在职 人员 攻 博 ， 还 有 代表 委员 曾 在 两会 上 提议 ， 限制 官员 在职 攻 博 。
在 笔者 看来 ， 问题 不 在于 攻读 博士 者 的 身份 ， 官员 、 老板 等 在职 人员 是否 攻读 博士 ， 这 是 公民 的 权利 ， 如果 大学 严 把 招生 关 、 培养 关 、 质量关 ， 一 名 在职 人员 能 取得 博士 学位 ， 有 何 不妥 ？
不 能 因为 大学 不 能 严 把 招生 关 ， 不 能 严 把 质量关 ， 就 把 公民 正当 的 权益 也 被 剥夺 掉 。
清退 “ 超期 博士 ” ， 在 笔者 看来 ， 更 大 的 价值 ， 在于 传递 出 学校 重视 博士 教育 质量 、 建立 博士 淘汰制 的 信息 。
这 对于 在 读 博士 和 即将 报考 博士 的 学生 来说 ， 都 是 警醒 。
对 在 读 博士 来说 ， 学校 此举 提醒 他们 ， 如果 在 学校 中 不 安心 学业 ， 是 难以 顺利 拿 到 毕业 证书 、 博士 学位 的 ； 而 对于 以 混 一 张 博士 文凭 为 目的 报考者 来说 ， 则 是 让 他们 放弃 “ 如意算盘 ” 。
对于 官员 、 老板 来 说 ， 面对 大学 的 如此 要求 ， 势必 重新 权衡 自己 报考 博士 的 选择 。
清退 “ 超期 博士 ” ， 只 是 重视 质量 的 开始 我国 高校 对 “ 超期 博士 ” 进行 清退 ， 反映 出 高校 开始 重视 博士 教育 质量 。
但 客观 而言 ， 用 年限 作为 淘汰 的 标准 ， 依旧 十分 粗放 。
在 世界 一流 大学 ， 用 3 、 4 年 完成 博士 学习 的 有 之 ， 用 7 、 8 年 获得 博士 学位 的 亦 有 之 ， 年限 并 不 是 评价 博士 质量 的 依据 。
一个 博士生 选择 的 课题 难度 较 大 ， 花 更 长 时间 完成 博士 论文 ， 是 合情合理 的 。
评价 博士 质量 的 唯一 标准 ， 是 学术 标准 。
11. 先 看 一 条 微 博 : 【 顾云昌 ： 增加 居民 收入 可 让 房价 合理 回归 】 " 以 房地产 拖累 经济 为由 要求 放松 调控 ， 正是 我们 担心 的 。
” 中国 房地产 研究会 副 会长 顾云昌 称 ， 调控 压力 来自 于 人们 将 楼市 与 GDP 捆绑 的 思维 ， “ 一些 人 认为 房价 合理 回归 就是 要 降 房价 ， 其实 还有 一 种 路径 是 增加 居民 收入 ， 使 房价 收入 比 趋于 合理 。
” 我 不得不 说 ， 我们 有些 砖 家 不 是 不要 脸 就 是 太 弱智 。
我们 房价 的 高 企 ， 我们 贫富悬殊 的 拉 大 ， 除了 地方 政府 、 开发商 、 炒家 、 中介 等 利益 集团 的 投机 炒作 外 ， 盲目 的 提升 工资 是 其中 的 另 一个 主要 原因 。
工资 不 是 说 加 就 可以 加 的 ， 它 跟 货币 投放 一样 ， 要 和 国民经济 的 发展 相 适应 。
我们 有 一个 可怕 的 口号 ， 工资 五 年 翻 一番 。
这个 速度 ， 我们 不但 跑 过 了 刘翔 、 跑 过 了 GDP ， 就 不 知道 跑 得 过 跑 不 过 CPI ？
上 段文中 的 “ 我们 ” 是 指 公务员 、 事业 单位 职工 、 国企 员工 等 ， 因为 只有 他们 ， 只要 人 社 部 一声令下 ， 工资 就 立马 涨 了 上去 ， 跑 得 比 兔子 还 快 。
那些 私营 企业 的 职工 ， 特别 是 在 生存 线 上 挣扎 的 中 、 小 、 微 企业 就 另当别论 了 ， 能 活 下去 就 是 万 幸 ， 不 裁 人 就 是 奇迹 ， 加 工资 不 是 太 奢侈 了 ？
