” 特蕾 莎 说 ， 人类 最 大 的 不幸 并非 存在 于 饥饿 和 病 困 ， 而 在于 当 人们 处于 这 境地 时 ， 你 得 伸 出 手 让 他 （ 她 ） 得到 应有 的 尊严 和 归宿 。
她 超越 了 宗教 和 政党 ， 她 并 不 代表 一个 权力 机构 在 施舍 ， 而是 心灵 平等 的 沟通 。
特蕾 莎 修女 老 了 ， 走 了 ， 而 她 建立 于 寺庙 空地 处 的 收容 院 入口处 挂 着 一 块 牌子 上面 ， 永远 写 着 “ 尼尔 玛 ． 刮 德 ” ， 按 孟加拉 语 的 意思 ， 就是 ‘ 静心之 家 ’ 。
好 人 和 榜样 并非 一样 ， 很多 时候 我们 被 救助 得 仍 像 一 条 狗 ， 就算 吃 饱 了 ， 仍 是 一 条 吃 饱 了 的 狗 …
…
不 是 吗 。
不仅 像 雷锋 那样 给予 人们 面包 和 棉裤 ， 更 要 像 特蕾 莎 那样 让 人们 知道 他 有 权利 得到 面包 和 棉裤 ； 不仅 像 雷锋 那样 在 大 雨天 送 母子 回家 ， 更 重要 的 是 像 特蕾 莎 修女 那样 在 苦难 的 日子 给予 人们 尊严 和 归宿 。
普 京 坦然 答道 ： “ 你 首先 提到 了 一 张 神秘 莫 测 的 面孔 ， 而 后 又 提 到 铁 匣子 。
要 知道 铁 匣子 可是 一 种 没有 任何 语言 的 东西 。
每个 人 看到 和 说 出 的 都 是 他们 所 想 看 到 和 所 想 说 的 那 一 部分 ， 也 都 是 不 完整 的 。
俄 国 人民 信任 我 ， 推举 我 为 总统 。
当 我 决心 竞选 总统 时 ， 我 相信 我 可以 改善 俄国 人民 的 生活 ， 使 国家 强大 。
一个 政治家 不 会 去 迎合 所有 的 人 ， 也 不 会 试图 推行 一 种 不 触及 任何人 利益 的 政策 。
如果 这样 ， 我 将 损害 那些 深深 信任 我 的 人民 的 利益 。
” 中国 记者 又 问 ： “ 听说 ， 当 你 当选 为 代总统 后 ， 你 的 夫人 哭 了 整整 一 天 。
因为 作为 总统 ， 你 和 家人 一起 生活 的 时间 将 很 少 。
你 能否 用 些 方法 消除 夫人 的 忧虑 。
” 普京 这么 回答 ： “ 我 夫人 是 幸福 地 哭 了 。
当选 总统 后 ， 我 和 家人 在 一起 的 时间 的确 大大 减少 。
我 不 能 像 往常 一样 见到 我 的 女儿 们 了 。
因为 我 上班 的 时候 ， 她们 正在 睡 ； 我 下班 的 时候 ， 她们 又 睡着 了 。
总之 ， 这 给 个人 生活 带来 了 种种 不便 ， 但 更 为 不便 的 是 与 外界 太 隔绝 ， 一方面 是 太 忙 ， 另一方面 是 安全 的 考虑 ， 生活 的 圈子 太 小 ， 往往 是 一 种 不 真实 的 生活 ， 对 人民 的 愿望 缺乏 足够 的 了解 。
但 我 将 通过 一些 计划 外 的 访问 来 补偿 。
” 普京 的 经历 并 不 复杂 。
普京 的 全 名叫 弗拉基米尔 ?
弗拉基米罗维奇 ?
普京 ， 1952年 10月 7日 ， 出生于 列宁格勒 。
他 的 家庭 很 普通 ， 父亲 是 工厂 门卫 、 钳工 ， 母亲 是 家庭 主妇 。
在 列宁格勒 保卫 战 中 ， 德国 法西斯 夺 去 了 普 京 哥哥 的 生命 。
这样 ， 普京 成 了 父母 惟一 的 儿子 。
1970年 普 京 考入 列宁格勒 大学 法律 系 。
大学 未 毕业 ， 他 就 主动 要求 加入 克格勃 。
这样 ， 他 作为 苏联 国家安全部 官员 ， 曾 很 长 时间 在 原 民主 德国 工作 。
九十 年代 中期 ， 普京 进入 政坛 ， 从 圣彼得堡 市长 助理 一 跃 而 成 第一 副 市长 。
普京 的 大学 毕业 鉴定 中 的 评语 是 ： “ 绝对 诚实 、 正派 、 有 强烈 责任感 。
” 克格勃 上司 在 普京 的 档案 里 评论 说 ， 他 “ 唯一 的 缺点 就是 缺乏 恐惧感 ” 。
叶利钦 第一 次 注意 起 普京 ， 是 在 九十 年代 中期 。
那 一 回 叶利钦 来到 圣彼得堡 ， 公 余 前去 打猎 。
圣彼得堡 市 市长 索布恰克 以及 普京 等 许多 地方 官员 陪同 叶利钦 打猎 。
在 休息 时 ， 从 林间 突然 窜 出 一 头 熊 ， 众人 皆 惊 ， 不知所措 ， 唯有 普京 沉着 地 拿 起 猎枪 ， 一 枪 就 把 熊 打 死 …
…
后来 ， 叶利钦 任命 普京 为 联邦 安全 局 局长 兼 总统 安全 会议 秘书 。
这样 ， 普京 在 总统 身边 工作 ， 开始 接近 权力 中心 。
四十七 岁 的 普 京 接替 年 近 七十 的 叶利钦 成为 俄罗斯 总统 ， 使 人们 不由得 记 起 当年 五十四 岁 的 戈尔巴乔 夫 接替 七十四 岁 高龄 病故 的 契尔年科 一样 ， 使 政坛 一下子 充满 了 活力 。
6. 当年 我 也 是 中国 传统 教育 培养 出来 的 好 孩子 ， 说话 办 事 都 中 规 中 矩 ， 如林 黛 玉 般 不 肯 多 行 一 步 路 ， 不 敢 多 说 一 句 话 ， 唯恐 被 人 耻笑 了 去 。
但 在 英国 待 了 两 年 多 回国 后 ， 朋友 们 说 我 的 行为 方式 、 思维 方式 和 价值观 多 了 些许 “ 西方 风情 ” 。
虽 不能 完全 体会 朋友 话 中 的 褒 甚或 是 贬 ， 但 每当 感慨 岁月 流逝 的 时候 ， 回忆 自己 回国 后 几 年 来 的 工作 和 生活 ， 一点 点 地 过滤 ， 我 真 的 发现 留学 生涯 给 我 留下 了 诸多 的 “ 后遗症 ” 。
我 就 是 话剧 演员 。
刚 回 国 那会儿 ， 我 特别 想 向 家人 和 朋友 展示 “ 我 的 中国 心 ” ， 想 说 一 口 不 掺杂 任何 英语 单词 的 纯正 汉语 。
然而 ， 事与愿违 的 是 ， 我 在 那 段 时间 里 用 汉语 表达 时 常常 感到 “ 力不从心 ” ， 总 觉得 没 有 英语 说 起来 那样 溜 ， 那样 游刃有余 。
究 其 原因 ， 一方面 是 因为 汉语 作为 一 门 语言 ， 终究 逃 不 掉 语言 的 习 得 规律 ， 虽 为 我 的 母语 ， 但 因 几 年 来 很 少 说 ， 再 说 起来 肯定 没有 之前 那么 顺 ； 而 另 一个 原因 在于 ， 英语 国家 的 人 喜欢 使用 丰富 的 肢体 语言 ， 这些 与 语言 相 配合 的 表情 和 手势 可以 让 你 在 表情 达意 时 更 容易 、 更 形象 ， 这 一点 就 与 汉语 的 表达 形式 和 风格 截然不同 。
当年 我 在 国内 上 大学 时 ， 我们 外 教 Adam 的 情景 教学 模式 让 我 记忆犹新 。
有 一 次 ， 他 在 给 同学 们 讲解 一 段 关于 求婚 的 文字 时 ， 居然 在 我们 班 的 一个 女生 面前 单 膝 跪 地 ， 为 我们 表演 起 了 求婚 的 场景 。
