石/ng小/a猛/a微/ag呷/v了/ule一/m小/a口/n，/wd点点/v头/n表示/v许可/vi，/wd服务生/n这/rzv才/d给/v石小猛/nr和/cc沈/nr1冰/n把酒/v倒/vi上/f。/wj
石/ng小/a猛/a煞有介事/dl的/ude1晃动/v着/uzhe杯子/n里/f的/ude1红/a酒/n。/wj
沈/nr1冰/n好奇/a地/n：/wp你/rr这/rzv是/vshi做/v什么/ry？/ww
石/ng小/a猛/d压低/v声音/n：/wp老实/ad说/v，/wd我/rr也/d不/d知道/v这么/rz做/v有/vyou什么/ry意义/n，/wd不过/c我/rr看/v人家/rr有/vyou钱/n人/n喝/vg红/a酒/n都/d兴/v这样/rzv------/wp也许/d只有/c这样/rzv，/wd服务员/n们/k才/d会/v知道/v你/rr是/vshi有/vyou钱/n有/vyou品位/n的/ude1人/n，/wd才/d会/v对/p你/rr更/d尊重/v。/wj
其实/d你/rr说/v我们/rr人/n活/v着/uzhe为/v了/ule什么/ry？/ww
说/v白/a了/y，/wd就是/v为了/p得到/v更/d多/a人/n的/ude1尊重/vn！/wt
”/wyy沈/nr1冰/n有些/rz勉强/a地/ude2笑/v了/ule笑/v：/wp是/vshi吗/y？/ww
也许/d吧/y-----/wp石小猛/nr看/v着/uzhe沈冰/nr：/wp怎么/ryv了/y？/ww
你/rr好像/v不/d太/d高兴/a？/ww
沈/nr1冰/n掩饰/v地/n：/wp没有/v，/wd我/rr只是/d不/d太/d习惯/v这种/r地方/n，/wd不/d太/d习惯/v现在/t的/ude1你/rr------/wp石小猛/nr：/wp你/rr放心/v，/wd在/p你/rr沈/nr1冰面/n前/f，/wd石小猛/nr永远/d都/d是/vshi那个/rz爱/v你/rr的/ude1石小猛/nr，/wd永远/d都/d不/d会/v变/v！/wt
沈冰/nr感动/v地/ude2看/v着/uzhe小/a猛/a。/wj
沈冰/nr突然/ad发现/v小/a猛/a的/ude1外套/n袖口/n已经/d磨/v得/ude3很/d旧/a了/y…/ws
…/ws
四十五/m、/wn特/ag护/v病房/n，/wd内/f，/wd夜/tg程胜恩/nr仍/d在/p昏睡/vn着/vi。/wj
旁边/f的/ude1守护/vn床/n上/f，/wd疯子/n和/cc衣/ng睡/v着/uzhe，/wd林夏/nr坐/v在/p床/n边/k，/wd把/pba头/n靠/v在/p他/rr身上/s也/d睡/v着/uzhe了/y。/wj
一个/mq医生/n走/v进来/vf，/wd检查/v着/uzhe程胜恩/nr的/ude1状况/n。/wj
疯子/n和/cc林夏/nr都/d惊醒/v了/y。/wj
疯子/n：/wp医生/n，/wd他/rr什么/ry时候/n能/v醒/v？/ww
医生/n：/wp“/wyz每个/r人/n体质/n不同/a，/wd时间/n也/d不同/a，/wd过/vf了/ule今晚/t应该/v差不多/al了/y，/wd醒来/vi以后/f可以/v让/v他/rr进/vf一些/mq流食/n，/wd不要/d太/d油腻/a的/ude1。/wj
你们/rr小/a俩/m口/q最/d好/a轮换/v着/uzhe照顾/v，/wd不然/c时间/n一/m长/a你们/rr就/d熬/v不/d住/vi了/y----/wp医生/n走/v出/vf。/wj
林夏/nr笑/v：/wp“/wyz他/rr说/v我们/rr是/vshi什么/ry？/ww
”/wyy疯子/n装傻/vi：/wp“/wyz啊/e…/ws
…/ws
看/v你/rr这/rzv黑/a眼圈/n，/wd都/d不用/d化/v烟/n熏/v妆/vg了/y！/wt
林夏/nr笑笑/v：/wp“/wyz怕/v什么/ry，/wd正/d流行/v呢/y，/wd颜色/n越/d深/d才/d越/vg潮/n啊/y！/wt
疯子/n；/wf你/rr今晚/t又/d不/d去/vf酒吧/n唱歌/vi了/y？/ww
林夏/nr：/wp拜托/v你/rr仁慈/a一点/mq好/a不好/a？/ww
天/n天/qt去/vf酒吧/n卖唱/vi，/wd让/v我/rr趁/p这/rzv机会/n喘/v口/q气/n儿/ng行/ng不/d？/ww
四十六/m、/wn酒吧/n，/wd内/f，/wd夜/tg邵/nr1华阳/ns坐/v在/p酒吧/n的/ude1老/a位置/n上/f。/wj
舞台/n上/f，/wd另/rz一个/mq女/b歌手/n在/p唱/v着/uzhe哀怨/a的/ude1流行歌曲/nl。/wj
邵/nr1华阳/ns对/p一个/mq服务/v生动/a了/ule动/v手/n指/v。/wj
服务生/n快步/d过来/vf：/wp先生/n有/vyou什么/ry需要/v？/ww
邵/nr1华阳/ns：/wp怎么/ryv以前/f的/ude1那个/rz女/b歌手/n连/v着/uzhe两/m天/qt都/d没/v来/vf了/y？/ww
服务生/n：/wp哦/e，/wd她/rr有/vyou点儿/q事/n，/wd请假/vi了/y，/wd这/rzv一/m段/q时间/n可能/v都/d不/d会/v来/vf了/y。/wj
邵/nr1华阳/ns失落/v的/ude1表情/n。/wj
四十七/m、/wn李蒙露/nr家/n，/wd内/f，/wd夜/tg李/nr1蒙/vi露/v穿着/n浴衣/n，/wd擦/v着/uzhe湿漉漉/z的/ude1头发/n，/wd从/p浴室/n中/f走/v出来/vf。/wj
李蒙露/nr突然/ad愣住/vi了/y。/wj
ANDY/x正/d在/p沙发/n上/f翻/v弄/v着/uzhe她/rr的/ude1LV/x手提袋/n。/wj
李蒙露/nr冲/v上去/vf一/m把/pba抢/v回/v自己/rr的/ude1包/n。/wj
李蒙露/nr不/d满/a地/n：/wp你/rr一个/mq大/a老/a爷们/n儿/ng怎么/ryv还/d翻/v女人/n的/ude1东西/n呀/y？/ww
ANDY/x扬/v了/ule扬/vg手中/s打开/v的/ude1女式/b钱包/n，/wd从/p中/f取出/v一/m张/q李蒙露/nr与/p吴/nr1狄/ng的/ude1合影/n：/wp你/rr这么/rz紧张/a是/vshi因为/p它/rr吧/y？/ww
李/nr1蒙/vi露/v软/a了/ule下来/vf，/wd腻/v在/pANDY/x怀里/s：/wp亲爱/a的/ude1，/wd别/d生气/a嘛/y，/wd吴/nr1狄/ng不过/d是/vshi我/rr的/ude1过去/t式/k了/y，/wd你/rr才/d是/vshi我/rr的/ude1现在/t进行/vx时/ng---/wpANDY/x：/wp你/rr不/d是/vshi说/v早/tg就/d把/pba以前/f的/ude1照片/n都/d撕/v了/ule吗/y？/ww
李蒙露/nr：/wp别的/rzv都/d撕/v了/y，/wd就/d只/d剩/v了/ule这么/rz一/m张/q-----/wp哎/e，/wd你/rr别/d那么/rz小气/a嘛/y！/wt
李蒙露/nr一边/d撒/v着/uzhe娇/a，/wd一边/d试图/v去/vf抢/v回/qv照片/n，/wd却/d被/pbeiANDY/x闪/vi过/uguo，/wd没/d能/v成功/an。/wj
ANDY/x：/wp你/rr把/pba我/rrANDY/x当/v什么/ry了/y？/ww
信用卡/n？/ww
想/v刷/o就/d刷/v，/wd想/v透支/vd就/d透支/v？/ww
你/rr最/d好/a记住/v，/wd我/rr给/p你/rr的/ude1信用/n额度/n能/v有/vyou多少/ry完全/ad取决于/v你/rr对/p我/rr的/ude1忠诚/a程度/n！/wt
ANDY/x做/v势/ng欲/d撕/v照片/n。/wj
李蒙露/nr急/v了/ule：/wp哎/e，/wd别/d撕/v-----/wpANDY/x笑/v着/uzhe把/pba照片/n扔/v在/p她/rr身上/s：/wp我/rr不/d会/v那么/c没/v风度/n的/ude1，/wd要/v撕/v也/d该/v是/vshi你/rr自己/rr亲手/d撕/v！/wt
李蒙露/nr拾/v起/vf照片/n，/wd犹豫/a着/uzhe没有/d作/v声/qv。/wj
ANDY/x冷/a冷/a哼/v了/ule一/m声/qv。/wj
（/wkz本/rz集/ng完/vi）/wky沈冰心/nr痛/a地/n：/wp小/a猛/a，/wd别/d再/d说/v这种/r怨天尤人/vl的/ude1话/n了/y，/wd我/rr不/d想/v听/v！/wt
你/rr知/v不/d知道/v，/wd你/rr现在/t这个/rz样子/n让/v我/rr感觉/v很/d陌生/a？/ww
那个/rz勤奋/a踏实/a、/wn坚持/v原则/n的/ude1小/a猛/d到/v哪里/rys去/vf了/y？/ww
石/ng小/a猛/d转脸/d看/v着/uzhe她/rr，/wd眼神/n悲凉/an：/wp你/rr也/d开始/v嫌弃/v我/rr了/y？/ww
沈冰/nr急/v了/ule：/wp小/a猛/a！/wt
你/rr明/d知道/v我/rr不/d是/vshi这个/rz意思/n！/wt
我/rr只是/d不/d想/v看/v你/rr活/v得/ude3这么/rz累/a！/wt
买不起/v房子/n咱们/rr就/d租/v房子/n，/wd工作/vn没/v了/ule咱们/rr就/d再/d找/v一/m份/q工作/vn-----/wp一阵/mq手机/n铃声/n响/v起/vf，/wd打断/v了/ule沈冰/nr的/ude1话/n。/wj
石小猛/nr看/v了/ule一/m眼/q手机/n屏幕/n，/wd想/v都/d没/d想/v就/d挂/v了/y。/wj
十/m、/wn学校/n操场/n，/wd外/f，/wd夜/tg疯子/n坐/v在/p地上/s，/wd缓缓/d放下/v靠/v在/p耳边/s的/ude1手机/n，/wd神情/n沮丧/an。/wj
十一/m、/wn小/a猛/a出租/vn屋/n楼顶/n天/qt台/n，/wd外/f，/wd夜/tg沈/nr1冰/n看/v着/uzhe小/a猛/a：/wp是/vshi疯子/n吧/y？/ww
他/rr一直/d在/p找/v你/rr-----/wp你/rr还/d是/vshi给/p他/rr回/v一个/mq吧/y！/wt
小/a猛/d坚决/a地/n：/wp我/rr再/d也/d没/v他/rr这个/rz朋友/n！/wt
沈/nr1冰/n柔/a声/qv劝解/v：/wp不/d就是/v一/m单/b广告/n吗/y，/wd这么/rz多年/mq的/ude1朋友/n了/y，/wd不至于/d就/d老死不相往来/vl了/y吧/y？/ww
小/a猛/d摇摇/v头/n：/wp有些/rz事/n你/rr不/d明白/v------/wp我/rr从来/d没有/v这么/rz恶心/a过/uguo一个/mq人/n，/wd从来/d没有/v！/wt
沈冰/nr：/wp看来/v，/wd不仅仅/d是/vshi广告/n的/ude1事/n了/y------/wp你们/rr的/ude1矛盾/an由来已久/vl了/y吧/y？/ww
有/vyou他/rr这样/rzv一个/mq有/vyou钱/n人家/rr的/ude1少爷/n做/v朋友/n，/wd你/rr的/ude1压力/n才/d会/v这么/rz大/a吧/y？/ww
小猛/nr2沉默/a了/y，/wd长长/z吁/vg出/vf一/m口/q气/n。/wj
沈冰/nr握/v着/uzhe石小猛/nr的/ude1手/n：/wp“/wyz小/a猛/a，/wd我/rr不/d知道/v你们/rr之间/f究竟/d发生/v了/ule什么/ry，/wd但/c我们/rr不/d要/v被/pbei他/rr影响/v，/wd好/a吗/y？/ww
