十七/m、/wn程锋/nr办公室/n，/wd内/f，/wd日程/n锋/ng对/p着/uzhe手机/n：/wp喂/v，/wd喂/e----/wp程/nr1锋/ng懊恼/v地/ude2放下/v手机/n，/wd烦躁/a地/ude2把/pba面前/f堆积如山/vl的/ude1文件/n推/v到/v了/ule一边/f，/wd瘫/vi倒/vi在/p坐椅/n上/f。/wj
卢蔓佳/nr突然/ad突/vg门/n走/v了/ule进来/vf，/wd激动/a地/n：/wp程锋/nr，/wd你/rr不/d能/v这样/rzv对/p我/rr，/wd我/rr现在/t简直/d无法/v安心/a工作/vn！/wt
程/nr1锋/ng皱眉头/v：/wp私事/n留/v到/v下班/vi以后/f再/d说/v吧/y，/wd你/rr知道/v现在/t是/vshi公司/n的/ude1特殊/a时期/n。/wj
卢蔓佳/nr：/wp“/wyz就/d给/p我/rr一/m分钟/qt给/p我/rr一个/mq解释/vn。/wj
我/rr马上/d投入/v工作/vn。/wj
”/wyy程锋/nr急/v了/ule：/wp“/wyz你/rr怎么/ryv就/d这么/rz轴/n呢/y？/ww
公私/n分明/d你/rr懂/v吗/y？/ww
”/wyy卢蔓佳/nr冷笑/vi：/wp“/wyz公私/n分明/d？/ww
不久/m以前/f，/wd你/rr还/d对/p我/rr又/d是/vshi送/v花/n又/d是/vshi准备/v盒饭/n，/wd甚至/d动用/v了/ule全/a公司/n的/ude1人/n加班/vi就/d为/v了/ule开/v灯/n关灯/vi的/ude1给/p我/rr一个/mq惊喜/a，/wd你/rr别/d告诉/v我/rr你/rr已经/d忘/v了/ule这些/rz。/wj
”/wyy程锋/nr：/wp“/wyz那个/rz时候/n我/rr确实/ad对/p你/rr有/vyou好感/n…/ws
…/ws
”/wyy卢蔓佳/nr：/wp“/wyz有/vyou好感/n？/ww
你/rr到底/d是/vshi真/a的/ude1喜欢/vi过/uguo我/rr，/wd还/d是/vshi只/d是/vshi拿/v我/rr做/v一个/mq赌注/n？/ww
玩/v一/m把/qv？/ww
”/wyy程/nr1锋/ng不耐烦/a地/n：/wp“/wyz你/rr今天/t是/vshi来/vf工作/vi的/ude1还是/d来/vf找/v我/rr吵架/vi的/ude1？/ww
”/wyy卢蔓佳/nr：/wp如果/c你/rr认为/v我/rr干扰/v了/ule你/rr的/ude1工作/vn，/wd你/rr可以/v开除/v我/rr——/wp只要/c你/rr能/v给/p公司/n上/f下/vf一个/mq摆/v得/ude3上/vf台/b面/n的/ude1理由/n！/wt
程/nr1锋/ng语塞/v，/wd顿/qv了/ule顿/qv：/wp我/rr没有/d想/v要/v玩/v你/rr，/wd我/rr当初/t追/v你/rr也/d是/vshi认真/a的/ude1，/wd这/rzv方面/n我/rr一直/d很/dopen/x，/wd不/d是/vshi开放/v，/wd是/vshi坦诚/a。/wj
我/rr不/d愿意/v撒谎/vi，/wd也/d不/d愿意/v拿/v我/rr的/ude1感情/n去/vf玩/v，/wd高兴/a就/d在/p一起/s，/wd不/d高兴/a就/p各自/rr分开/vi，/wd我/rr的/ude1原则/n一直/d这样/rzv。/wj
”/wyy卢蔓佳/nr：/wp“/wyz对/p，/wd你/rr有/vyou你/rr的/ude1原则/n，/wd你/rr的/ude1坦诚/a从来/d没有/d考虑/v过/uguo对/p别人/rr的/ude1伤害/vn！/wt
你/rr知道/v这/rzv件/q事/n一直/d影响/v着/uzhe我/rr！/wt
在/p你/rr之前/f，/wd我/rr没有/v和/cc别的/rzv男人/n谈/v过/uguo恋爱/vn，/wd在/p你/rr之后/f，/wd我/rr也/d没有/v！/wt
”/wyy程锋/nr：/wp那/rzv是/vshi你/rr的/ude1事/n，/wd你/rr不/d会/v幼稚/an到/v要/v我/rr对/p你/rr的/ude1一生/n负责/v吧/y？/ww
卢蔓佳/nr红/v着/uzhe眼/n，/wd尽量/d压抑/v着/uzhe心中/s的/ude1愤怒/a：/wp程锋/nr！/wt
这/rzv就是/v你/rr对/p被/pbei你/rr伤害/v过/uguo的/ude1女人/n的/ude1态度/n吗/y？/ww
程锋/nr：/wp我/rr现在/t已经/d很/d烦/v了/y，/wd拜托/v你/rr不要/d再/d烦/v我/rr了/ule好/a不好/a？/ww
实话/n告诉/v你/rr，/wd我/rr已经/d爱上/v了/ule一个/mq女人/n，/wd是/vshi爱/v你/rr懂/v吗/y？/ww
不/d是/vshi喜欢/vi！/wt
那个/rz女人/n让/v我/rr觉得/v自己/rr以前/f在/p情感/n方面/n根本/d就/d是/vshi个/q白痴/n，/wd一个/mq一无所知/vl的/ude1白痴/n！/wt
而/cc更/d可笑/a的/ude1是/vshi这个/rz白痴/n曾经/d却/d拿/v自己/rr当/p天才/n！/wt
直到/v遇到/v这个/rz女人/n，/wd白痴/n才/d明白/v，/wd自己/rr根本/d不/d是/vshi天才/n，/wd只是/c白痴/n！/wt
”/wyy卢蔓佳/nr咬/vi着/uzhe嘴唇/n：/wp我/rr嫉妒/v那个/rz女人/n，/wd我/rr恨/v你/rr…/ws
…/ws
程锋/nr：/wp如果/c你/rr没/d什么/ry别的/rzv事/n就/d请/v出/vf去/vf吧/y，/wd我/rr现在/t真/a的/ude1很/d烦/v！/wt
卢蔓佳/nr恨/v恨/v地/ude2看/v着/uzhe他/rr：/wp程锋/nr，/wd你/rr这样/rzv对/p我/rr，/wd一定/d会/v后悔/v的/ude1！/wt
卢蔓佳/nr转身/vi离开/v。/wj
十八/m、/wn程锋/nr办公室/n门口/s，/wd内/f，/wd日/b卢蔓佳/nr从/p程锋/nr办公室/n出来/vf，/wd砰/o地/ude2带/v上/vf了/ule门/n，/wd红/v着/uzhe眼圈/n儿/k快步/d离去/vi，/wd险些/d与/p迎面而来/vl的/ude1梁君正/nr撞/v上/vf。/wj
梁君正/nr注意/v到/v了/ule卢蔓佳/nr的/ude1失态/vn：/wp小卢/nr，/wd你/rr怎么/ryv了/y？/ww
卢蔓佳/nr摇/v了/ule摇/v头/n，/wd一行/n眼泪/n夺眶而出/vl，/wd低/a着/uzhe头/n快步/d离去/vi。/wj
梁君正/nr看/v了/ule看/v卢蔓佳/nr的/ude1背影/n，/wd又/d看/v了/ule看/v程锋/nr办公室/n，/wd脸上/s露出/v若有所思/vl的/ude1神情/n。/wj
梁君正/nr想/v了/ule想/v，/wd推开/v了/ule程锋/nr办公室/n的/ude1门/n。/wj
十九/m、/wn程锋/nr办公室/n，/wd内/f，/wd日程/n锋/ng正/d懊丧/vn地/ude2瘫/vi倒/vi在/p椅子/n上/f，/wd看/v着/uzhe梁君正/nr走/v进来/vf，/wd勉强/ad打/v起/vf精神/n坐/v起/vf身/ng来/vf。/wj
梁君正/nr：/wp怎么样/ryv，/wd突然/ad接/v过/uguo这么/rz重/a的/ude1担子/n，/wd不/d太/d习惯/v吧/y？/ww
程/nr1锋/ng苦笑/vi：/wp是/vshi啊/y，/wd头疼/a死/v了/ule-----/wp（/wkz指/v了/ule指/v桌上/s如/v山/n的/ude1公文/n）/wky老程/nr以前/f每天/r都/d要/v处理/v这么/rz多/a事/n？/ww
梁君正/nr：/wp是/vshi啊/y，/wd老大/n不/d是/vshi那么/rz好/a当/v的/ude1，/wd这些/rz年/qt来/f你/rr爸/n一个/mq人/n确实/ad撑/v得/ude3辛苦/a啊/y！/wt
程锋/nr沉默/a了/y。/wj
梁君正/nr：/wp今天/t董事会/n上/f的/ude1事/n，/wd你/rr别/d介意/v，/wd老洪/nr就/d那/rzv脾气/n，/wd仗/n着/uzhe和/p你/rr爸/n一/m起/q同/v过/uguo窗/ng，/wd一起/d扛/v过/uguo枪/n，/wd又/d是/vshi公司/n的/ude1第二/m大/a股东/n，/wd平时/t除了/p你/rr爸/n，/wd他/rr谁/ry都/d不/d放/v在/p眼里/s！/wt
程/nr1锋/ng悻悻/d地/n：/wp是/vshi啊/y，/wd今天/t的/ude1董事会/n简直/d成/v了/ule我/rr的/ude1专场/n批斗/v会/v，/wd还/d从来/d没/v人/n给/p我/rr这么/rz没脸/ad过/vf！/wt
（/wkz感激/v地/n）/wky幸好/d有/vyou梁叔/nr你/rr帮/v着/uzhe我/rr说/v了/ule几/m句/q公道/a话/n，/wd不然/c我/rr真的/d是/vshi恨/v无/v地/ude2缝/v可/v钻/v了/y！/wt
梁君正/nr拍/v了/ule拍/v他/rr的/ude1肩/n：/wp在/p我/rr心里/s，/wd你/rr就/d跟/p我/rr的/ude1亲/a侄子/n一样/uyy，/wd我/rr不/d向/p着/uzhe你/rr向/p着/uzhe谁/ry？/ww
（/wkz遗憾/a地/ude2叹/v了/ule口/q气/n）/wky只是/c我/rr进/vf公司/n的/ude1时间/n晚/tg，/wd资历/n比/p老/a洪/ag浅/a多/a了/y，/wd没/d能/v帮/v上/vf你/rr的/ude1忙/a------/wp老洪/nr也/d真是/d的/ude1，/wd不/d就/d一个/mq年度/n广告/n合约/n吗/y，/wd给/v谁/ry不/d是/vshi给/v，/wd偏偏/d要/v在/p这/rzv事儿/n上/f为难/v你/rr。/wj
我/rr看/v他/rr是/vshi故意/b的/ude1！/wt
程/nr1锋/ng苦笑/vi：/wp我/rr好像/v一直/d都/d不/d招/v他/rr待/vi见/v-----/wp梁君正/nr：/wp没关系/vl，/wd还有/v梁叔/nr我/rr照应/v你/rr呢/y！/wt
你/rr放心/v，/wd我/rr会/v去/vf做/v其他/rzv董事/n的/ude1工作/vn的/ude1-----/wp程锋/nr：/wp恐怕/d来不及/v了/ule-----/wp老/a程/n这会儿/rzt说不定/vl已经/d醒/v了/ule-----/wp他/rr是/vshi不/d会/v同意/v把/pba广告/n给/p胡氏/nr的/ude1！/wt
梁君正/nr：/wp嗨/e，/wd你/rr别/d灰心/a嘛/y，/wd事在人为/vl！/wt
你/rr爸/n的/ude1脾气/n我/rr了解/v，/wd等/udeng他/rr病情/n稳定/an了/y，/wd我/rr去/vf帮/v你/rr劝/v劝/v他/rr，/wd这/rzv事儿/n肯定/d还/d能/v有/vyou转机/n的/ude1-----/wp程/nr1锋/ng感激/v地/ude2看/v着/uzhe笑/v得/ude3和蔼/a的/ude1梁君正/nr。/wj
二十/m、/wn出租车/n上/f，/wd内/f，/wd日/b吴/nr1狄/ng很/d焦急/a的/ude1乘/v出租车/n赶路/vi，/wd不时/d的/ude1看/v表/n。/wj
吴/nr1狄/ng：/wp“/wyz师傅/n，/wd还/d有/vyou没/d有/vyou近/a路/n？/ww
”/wyy司机/n：/wp“/wyz走/v的/ude1就是/v直线/n，/wd有/vyou比/p这/rzv还/d近/a的/ude1？/ww
”/wyy吴/nr1狄/ng只好/d老老实实/z的/ude1呆/v在/p后/f座/q，/wd看/v着/uzhe窗外/s拥堵/v的/ude1二环/ns：/wp“/wyz北京/ns这/rzv以后/f还/d不/d让/v人/n出门/vi了/y？/ww
