沈冰/nr看/v小/a猛/a：/wp咱们/rr要/v不/d要/v去/vf看看/v？/ww
小猛/nr2：/wp过/uguo几/m天/qt再/d去/vf吧/y，/wd我/rr问/v过/uguo疯子/n了/y，/wd他/rr说/v他/rr爸/n是/vshi心脏病/n，/wd得/v静养/v…/ws
…/ws
林夏/nr：/wp对/p对/p对/p，/wd你们/rr不/d用/v去/vf了/y，/wd有/vyou我/rr和/cc疯子/n守/v着/uzhe就/d好/a了/y。/wj
沈冰/nr：/wp呵呵/e，/wd也/d好/a，/wd那/c我们/rr就/d不/d去/vf当/v电灯泡/n了/y！/wt
沈冰/nr和/cc小/a猛/d离去/vi。/wj
林夏/nr看/v着/uzhe二/m人/n手/n挽/v着/uzhe手/n的/ude1背影/n，/wd眼中/s满/d是/vshi羡慕/v。/wj
四十/m、/wn伍/nr1媚/ag办公室/n，/wd内/f，/wd日/b伍/m媚/ag看/v着/uzhe吴/nr1狄/ng：/wp所有/b的/ude1电话/n都/d打/v过/uguo了/y？/ww
吴/nr1狄/ng点点头/v：/wp我/rr嗓子/n都/d哑/v了/y，/wd都/d说/v没有/v-----/wp全/a北京/ns的/ude1高档/b餐厅/n太/d多/a了/y，/wd谁/ry知道/v他们/rr要/v去/vf哪/ry一/m家/q呀/y，/wd咱们/rr还/d是/vshi死/v了/ule那/rzv份儿/q心/n吧/y！/wt
伍/m媚/ag：/wp不行/a！/wt
今晚/t要/v是/vshi让/v他们/rr吃/v了/ule这/rzv顿/qv饭/n，/wd事情/n就/d再/d也/d难以/d挽回/v了/y。/wj
吴/nr1狄/ng：/wp不/d死/v心/n也/d不行/a啊/y，/wd咱们/rr又/d不/d是/vshi克格勃/n-----/wp伍/m媚/ag想/v了/ule想/v：/wp只有/c死/v马/n当/p活/n马/nr1医/ng了/y----/wp吴/nr1狄/ng，/wd你/rr的/ude1驾驶/vn技术/n怎么样/ryv？/ww
四十一/m、/wn银行/n大厦/n楼下/s//w吴/tg狄/ng车上/s，/wd外/f//w内/f，/wd日/b吴/nr1狄/ng和/cc伍/nr1媚/ag坐/v在/pQQ/x车上/s，/wd注视/v着/uzhe楼下/s的/ude1动静/n。/wj
吴/nr1狄/ng：/wp我/rr严重/ad怀疑/v你/rr在/p美国/nsf曾/d受/v雇/v于/p中/b情/n局/n-----/wp伍/m媚/ag：/wp哈哈/o，/wd干/v咱们/rr这/rzv一/m行/q，/wd有时/d可/v不/d就/d跟/p间谍/n一样/a吗/y？/ww
商业/n间谍/n在/p国外/s早/a就/d成为/v一/m种/q专业/n了/y！/wt
吴/nr1狄/ng：/wp不过/c我/rr这/rzv辆/q小/aQQ/x要是/c不/d争气/a，/wd追/v不/d上/vf人家/rr的/ude1豪/ag车/n，/wd你/rr可/v不/d能/v怪/v我/rr。/wj
伍/m媚/ag：/wp在/p这/rzv北京/ns城里/s的/ude1上/f下班/vi时间/n，/wd小/aQQ/x比/p什么/ry豪/ag车/n都/d更/d跑/v得/ude3快/a。/wj
吴/nr1狄/ng：/wp我/rr的/ude1驾驶/vn技术/n还/d凑合/v，/wd可/c万一/d遇上/v红灯/n电子眼/n什么的/r----/wp伍/m媚/ag：/wp今天/t你/rr的/ude1任务/n就是/d紧/d咬/vi着/uzhe他们/rr的/ude1车/n不/d放/v，/wd所有/b的/ude1罚/v单/d全/a由/p公司/n报销/v！/wt
赵/nr1处长/n和/cc汤/n铭/vg说笑/vi着/uzhe从/p楼/n中/f走/v了/ule出来/vf，/wd向/p停/vi在/p楼下/s的/ude1一/m辆/q黑色/n奥迪/nz走/v去/vf。/wj
伍/m媚/ag：/wp他们/rr出来/vf了/y！/wt
现在/t就/d看/v你/rr的/ude1了/y！/wt
吴/nr1狄/ng一/d踩/v油门/n，/wd车子/n驶/vg出/vf。/wj
吴/nr1狄/ng的/ude1小/aQQ/x紧紧/d地/ude2缀/v着/uzhe黑色/n奥迪/nz而/cc去/vf。/wj
四十二/m、/wn餐厅/n过道/n，/wd内/f，/wd夜/tg吴/tg狄/ng心虚/a地/ude2东张西望/vl。/wj
小伍/nr看/v了/ule一/m眼/q他/rr可笑/a的/ude1样子/n：/wp“/wyz你/rr紧张/a什么/ry啊/y？/ww
和/cc特务/n似的/uyy？/ww
”/wyy吴/nr1狄/ng：/wp“/wyz能/v不/d紧张/a吗/y？/ww
我们/rr就/d这样/rzv不/d请/v自/p来/vf了/y，/wd感觉/n和/cc要饭/vi的/ude1有/vyou什么/ry区别/n？/ww
”/wyy小/a伍：/m“/wyz商战/n守则/n第二/m条/q，/wd要/v有/vyou强烈/a的/ude1厚/a黑/a精神/n！/wt
游戏/n重要/a的/ude1是/vshi结果/n，/wd没/v人/n会/v在/p意/b过程/n！/wt
本来/d就/d不/d是/vshi让/v你/rr到/v这儿/rzs蹭/vi吃/v蹭/vi喝/vg的/ude1，/wd而是/c让/v你/rr来/vf打仗/vi的/ude1！/wt
”/wyy小伍/nr正/d说/v着/uzhe，/wd赵/nr1处长/n和/cc汤铭/nr一行/n人/n从/p过道/n的/ude1另/rz一/m头/q走/v了/ule过来/vf。/wj
小伍/nr马上/d拉/v着/uzhe吴/nr1狄/ng迎/v了/ule上去/vf。/wj
赵/nr1处长/n见到/v迎面而来/vl的/ude1小/a伍/nr1和/cc吴/nr1狄/ng稍稍/d有点/d吃惊/a：/wp“/wyz不/d会/v这么/rz巧/a吧/y？/ww
”/wyy小伍/nr也/d表演/v着/uzhe吃惊/a：/wp“/wyz天/n啊/y！/wt
赵/nr1处长/n，/wd我/rr现在/t终于/d明白/v什么/ry叫/vi缘分/n了/y！/wt
我/rr和/cc小/a吴/nr1念叨/v您/rr一/m下午/t了/y，/wd还/d说/v改天/d一定/d要/v请/v您/rr吃饭/vi呢/y…/ws
…/ws
没/d想到/v，/wd居然/d几/m个/q小时/n后/f又/d见面/vi了/y！/wt
”/wyy汤铭/nr别/d有/vyou深意/n地/ude2笑/v看/v着/uzhe小/a伍：伍/m总/d真是/v有心人/n哪/y！/wt
赵/nr1处长/n半/m真/a半/m假/a的/ude1：/wp“/wyz哈哈/o，/wd谁/ry说/v北京/ns大/a的/ude1？/ww
”/wyy小/a伍：/m“/wyz是/vshi啊/y，/wd有/vyou缘/ng千/m里/q来/f相会/vi嘛/y…/ws
…/ws
”/wyy赵/nr1处长/n：/wp“/wyz就/d你们/rr两/m个/q人/n？/ww
”/wyy小/a伍：/m是/vshi啊/y，/wd本来/d没/d约/d到/v您/rr，/wd我们/rr俩/m正/d郁闷/a地/ude2想/v找/v个/q地方/n借/v酒/n浇/v愁/v呢/y，/wd没/d想到/v这/rzv家/q酒楼/n生意/n这么/rz好/a，/wd没/v包间/n了/y----/wp赵/nr1处长/n转脸/d笑/v对/p汤铭/nr：/wp汤总/nr啊/y，/wd你/rr说/v巧/ad不巧/d？/ww
在/p这儿/rzs居然/d碰到/v小/a伍/nr1她们/rr，/wd就/d他们/rr两/m个/q人/n，/wd你/rr不/d介意/v多/m两/m双/q筷子/n吧/y？/ww
汤铭/nr微笑/vi：/wp“/wyz当然/d不/d介意/v，/wd但/c不知/v伍/nr1总/b介/ng不/d介意/v和/cc我们/rr共/d进/vf晚餐/n呢/y？/ww
”/wyy小/a伍：/m“/wyz我/rr有/vyou什么/ry介意/v的/ude1啊/y？/ww
今天/t上午/t听/v赵/nr1处长/n给/p我/rr上课/vi还/d不/d过瘾/a呢/y，/wd正好/z又/d有/vyou机会/n能/v学习/v了/y，/wd不过/c刚刚/d我们/rr没/d找到/v位置/n，/wd就/d打电话/vi定/v了/ule另/rz一/m家/q餐厅/n，/wd一/d会/v再/d打/v个/q电话/n推/v掉/v就/d好/a了/y…/ws
…/ws
”/wyy赵/nr1处长/n很/d高兴/a：/wp“/wyz好好/d好/a，/wd所谓/v相/d请/v不/d如/v偶遇/v啊/y…/ws
…/ws
”/wyy一行/n人/n走/v进/vf包/v房/n。/wj
四十三/m、/wn包/v房/n，/wd内/f，/wd夜/tg汤/n铭/vg热情/a地/ude2招呼/v大家/rr就/d坐/v，/wd一/m幅/q主人家/n的/ude1摆/v头/n。/wj
吴狄如羊/nr入/v狼群/n般/uyy很/d不/d自然/a。/wj
小伍/nr却/d完全/ad没事/vi样/ng谈笑/vi自如/a。/wj
汤铭/nr微笑/vi着/uzhe吩咐/vn服务员/n：/wp突然/ad来/vf了/ule两/m个/q朋友/n，/wd麻烦/an再/d加/v两/m套/q餐具/n！/wt
服务员/n：/wp请/v稍候/vi！/wt
伍/m媚/ag：/wp汤总/nr，/wd今天/t让/v你们/rr华/b科/n破费/v了/y，/wd改/v天/qt我/rr再/d回/v请/v你/rr吧/y！/wt
汤铭/nr：/wp伍/nr1总/d客气/a了/y，/wd平时/t想/v请/v你/rr还/d请/v不/d到/v呢/y！/wt
上班/vi时间/n，/wd你/rr代表/v均/ag雷/n我/rr代表/v华科/nrf，/wd现在/t下/vf了/ule班/n我们/rr就是/v朋友/n！/wt
赵/nr1处长/n：/wp对/p对/p对/p，/wd今晚/t咱们/rr不/d谈/v生意/n，/wd只/d谈/v风月/n！/wt
汤铭/nr笑/v问/v服务员/n：/wp你们/rr这儿/rzs的/ude1大/a闸/n蟹/ng还/d有/vyou没/d有/vyou了/y？/ww
我们/rr只/d预定/v了/ule六/m只/q，/wd麻烦/v你/rr再/d加/v两/m只/q。/wj
赵/nr1处长/n脸上/s的/ude1笑容/n稍微/d有/vyou一点/mq变化/vn。/wj
伍/nr1媚/vg脸上/s露出/v惊讶/a的/ude1表情/n：/wp什么/ry？/ww
你/rr点/v了/ule大/a闸/n蟹/ng呀/y？/ww
汤/n铭/vg不解/v其意/n：/wp“/wyz怎么/ryv，/wd伍/nr1总/b平时/t不/d吃/v蟹/ng吗/y？/ww
俗话说/vl，/wd男/b虾/n女/b蟹/ng，/wd女人/n吃/v蟹/ng好/a呀/y----/wp伍/m媚/ag：/wp实在/d对不起/v，/wd我/rr信佛/v，/wd每逢/v初/f一十五/m都/d不能/v沾/v荤腥/n的/ude1。/wj
汤铭/nr笑/v了/ule：/wp伍总/nr说/v笑/v了/y，/wd哪/ry来/vf的/ude1那么/rz多/a怪/a规矩/n？/ww
