伍/m媚/ag不以为然/vl地/n：/wp商场/n就/d是/vshi战场/n，/wd在/p没有/d分/v出/vf最后/f胜负/n之前/f，/wd每个/r战士/n都会/n负隅顽抗/vl，/wd血战/n到底/d！/wt
吴/nr1狄/ng打量/v了/ule伍/m媚/ag一眼/d：/wp真/d看/v不/d出/vf你/rr还是/v个/q歌/n霸/ng？/ww
伍/m媚/ag故意/d用/v挑逗/vn的/ude1眼神/n看/v着/uzhe他/rr：/wp我/rr的/ude1本事/n你/rr不/d知道/v的/ude1还/d多/a着呢/y！/wt
你/rr要/v不/d要/v试试/v？/ww
吴狄红/nr了/vi脸/n，/wd慌张/a地/ude2转/v过/uguo脸/n去/vf，/wd专注/vi地/ude2开/v着/uzhe车/n。/wj
伍/nr1媚/vg一阵/mq得意/a地/ude2笑/v：/wp最/d喜欢/vi看/v你/rr这种/r表情/n了/y，/wd真是/d太/d有趣/a了/y！/wt
十三/m、/wn酒吧/n外/f停车场/n//w吉/b米/n车上/s，/wd外/f//w内/f，/wd夜/qtANDY/x扶/v着/uzhe大/a醉/v的/ude1李蒙露/nr，/wd与/p吉米/nrf等/udeng人/n一同/d走/v出/vf了/ule酒吧/n。/wj
李/nr1蒙/vi露/v闭/v着眼/vi，/wd无力/vi地/ude2靠/v在/pANDY/x身上/s。/wj
ANDY/x和/cc吉米/nrf交换/v了/ule一个/mq眼色/n，/wd两/m人/n合力/n把/pba李/nr1蒙/vi露/v扶/v到/v了/ule吉米/nrf车/n前/f，/wd吉/b米/n拉开/v副/b驾/v门/n，/wdANDY/x把/v李/nr1蒙/vi露/v放在/v了/ule副/b驾/v位/q上/f，/wd并/cc上/vf了/ule车门/n。/wj
吉/b米/n从/p兜里/s掏/v出/vf一/m把/pba钥匙/n交给/vANDY/x：/wp快/a去/vf吧/y，/wd莎莉/nrf在/p等/v着/uzhe你/rr呢/y！/wt
ANDY/x点点/q头/n，/wd揣/v好/a钥匙/n向/p自己/rr的/ude1车/n走/v去/vf。/wj
吉/b米/n转身/vi上/vf了/ule车/n，/wd发动/v了/ule车/n。/wj
引擎/n的/ude1轰鸣声/n惊醒/v了/ule李蒙露/nr。/wj
李/nr1蒙/vi露/v迷迷糊糊/z地/ude2睁/v开/v了/ule眼/n，/wd茫然/a地/ude2看/v着/uzhe身旁/s的/ude1吉/b米/n。/wj
吉/b米/n笑/v了/ule笑/v，/wd凑/v过/uguo嘴/n去/vf在/p她/rr唇/ng上/f吻/v了/ule一下/mq：/wp露露/nz，/wd你/rr真/d美/a！/wt
李蒙露/nr一/d惊/v，/wd猛/a地/ude2坐/v直/d了/ule身子/n：/wp你/rr是/vshi谁/ry？/ww
吉/b米/n：/wp这么/rz快/a就/d忘/v了/ule我/rr了/y？/ww
刚刚/d我们/rr不/d是/vshi还/d在/p一起/s玩儿/v骰子/n吗/y？/ww
李蒙露/nr清醒/a了/ule一些/mq：/wp你/rr，/wd你/rr是/vshi吉/b米/n？/ww
ANDY/x呢/y？/ww
吉/b米/n指/v了/ule指/v窗外/s：/wp在/p那儿/rzs呢/y！/wt
李/nr1蒙/vi露/v顺着/p他/rr手/n指/v的/ude1方向/n望/v去/vf。/wj
（/wkz主观/n视角/n）/wky隔/v着/uzhe窗子/n，/wd正好/z看到/vANDY/x已/d发动/v了/ule车/n，/wd正/d打/v着/uzhe转弯/vi灯/n离去/vi。/wj
李蒙露/nr急/v了/y，/wd一/m把/pba拉开/v车门/n，/wd摇摇晃晃/z地/ude2追/v了/ule上去/vf：/wpANDY/x，/wd等等/udeng我/rr-----/wpANDY/x的/ude1车/n渐渐/d远/a去/vf。/wj
李/nr1蒙/vi露/v跌倒/vi在/p地/n。/wj
吉/b米/n上/f来/vf扶/v起/vf了/ule她/rr。/wj
李蒙露/nr急切/a地/n：/wp快/a，/wd快/d帮/v我/rr追/v呀/y-----/wp吉米/nrf：/wp别/d追/v了/y，/wd他/rr是/vshi去/vf找/v我/rr女朋友/n莎莉/nrf，/wd咱们/rr就/d别/d去/vf煞风景/vl了/y-----/wp李蒙露/nr愣/vi了/ule一下/mq，/wd意识/n到/v了/ule什么/ry，/wd难以置信/vl地/n：/wp你/rr，/wd你/rr是/vshi说/v-----/wp你们/rr-------/wp吉/b米/n半/m开玩笑/vi半/m认真/a地/n：/wp兄弟/n如/v手足/n，/wd女人/n如/v衣服/n，/wdANDY/x没有/d告诉/v过/uguo你/rr，/wd我们/rr这/rzv帮/q哥们儿/n会/v偶尔/d换换/v衣服/n穿/v？/ww
李蒙露/nr惊/v呆/v了/y，/wd喃喃/o地/n：/wp不/d，/wd不/d可能/v-----/wp李/nr1蒙/vi露/v推开/v吉/b米/n，/wd颤/vi着手/v慌乱/a地/ude2打/v着/uzhe手机/n。/wj
手机/n中/f传来/v接通/v的/ude1长/a音/n，/wd却/d一直/d无/v人/n接/v听/v。/wj
吉/b米/n：/wp别/d打/v了/y，/wd他/rr不/d会/v接/v的/ude1！/wt
咱们/rr也/d找/v个/q地方/nHAPPY/x去/vf吧/y！/wt
李蒙露/nr的/ude1眼泪/n夺眶而出/vl，/wd转身/vi踉踉跄跄/z地/ude2往/p前/f走/v。/wj
吉/b米/n冲/v上去/vf抱/v住/vi了/ule她/rr：/wp别/d跑/v呀/y，/wd甜/a心/n，/wd你/rr今晚/t是/vshi我/rr的/ude1了/y！/wt
李/nr1蒙/vi露/v挣扎/vi着/uzhe，/wd疯狂/a地/ude2踢/v打/v着/uzhe：/wp放手/vi，/wd混蛋/n！/wt
吉/b米/n：/wp你/rr装/v什么/ry纯情/a啊/y？/ww
你/rr跟/v着/uzheANDY/x不/d就是/v为了/p钱/n吗/y？/ww
钱/n我/rr也/d有/vyou啊/y，/wd要/v多少/ry你/rr说/v，/wdANDY/x给/v得/ude3起/vf的/ude1我/rr也/d给/v得/ude3起/vf！/wt
李/nr1蒙/vi露/v努力/ad挣/vi脱身/vi，/wd一/m扬/vg手/n狠狠/d给/v了/ule吉米/nrf一/m耳光/n。/wj
吉/b米/n大/a怒/vg，/wd也/d毫不客气/vl地/ude2还/v了/ule她/rr一/m耳光/n，/wd把/pba她/rr打倒/v在/p地/n。/wj
吉/b米/n冷/a冷/a地/ude2指/v着/uzhe她/rr：/wp要/v出来/vf傍/v男人/n，/wd就/d别/d他/rr妈/n假/a正经/a！/wt
什么/ry玩意/n儿/k！/wt
吉/b米/q忿/n忿/n地/ude2转身/vi上/vf了/ule车/n，/wd跑车/n发出/v一/m声/qv轰鸣/vi扬长而去/vl。/wj
李蒙露/nr伏/v在/p地上/s，/wd失声/vd痛哭/vi。/wj
十四/m、/wn特/ag护/v病房/n，/wd内/f，/wd夜/tg程/nr1胜/v恩/ng半/m躺/v在/p床/n上/f，/wd伤感/a地/ude2出神/vi。/wj
林夏/nr：/wp程/nr1叔叔/n，/wd时候/n不/d早/a了/y，/wd我/rr帮/v你/rr把/pba床/n摇/v下/f来/vf，/wd睡/v了/ule吧/y！/wt
程/nr1胜/v恩/ng摇摇/v头/n：/wp我/rr睡/v不/d着/uzhe。/wj
林夏/nr：/wp您/rr别/d再/d为/v程/nr1锋/ng伤心/a了/y，/wd其实/d-----/wp他/rr心里/s还是/d很/d爱/v你/rr这个/rz爸爸/n的/ude1-----/wp程/nr1胜/v恩/ng苦笑/vi：/wp他/rr至少/d有/vyou十六/m年/qt没有/d叫/vi过/uguo我/rr一/m声/qv爸爸/n了/y-----/wp林夏/nr：/wp您/rr先/d别/d想/v那么/rz多/a了/y，/wd等/udeng养/v好/a了/ule病/n，/wd再/d和/cc他/rr好好/d谈谈/v吧/y-----/wp程胜恩/nr：/wp唉/e，/wd幸亏/d我/rr这/rzv次/qv没/d死/v下去/vf，/wd要是/c我/rr就/d那么/rz眼睛/n一/d闭/v醒/v不/d来/vf了/y，/wd他/rr这/rzv后/f半辈子/mq靠/v谁/ry呢/y？/ww
林夏/nr看/v着/uzhe一/m脸/q忧虑/vn的/ude1程胜恩/nr，/wd不知/v该/rz说/v些/q什么/ry。/wj
林夏/nr的/ude1手机/n响/v了/y。/wj
林夏/nr看/v了/ule一/m眼/q，/wd起身/vi走/v出/vf了/ule病房/n。/wj
十五/m、/wn病房/n外/f走廊/n，/wd内/f，/wd夜/tg林/ng夏/tg在/p走廊/n角落/n里/f接着/v手机/n。/wj
林/n夏/tg焦急/a地/n：/wp哎呀/e，/wd你/rr别/d只顾/v着/uzhe哭/v呀/y-----/wp究竟/d出/vf什么/ry事/n了/y，/wd你/rr快/d说/v呀/y！/wt
十六/m、/wn后/f海/n，/wd外/f，/wd夜/tg李/nr1蒙/vi露/v泪流满面/al、/wn状/ng若/v疯/vi颠/a地/ude2走/v在/p后/f海边/s上/f，/wd对/p着/uzhe手机/n泣不成声/vl：/wp林夏/nr，/wd我/rr真/d后悔/v没有/d听/v你/rr的/ude1话/n！/wt
ANDY/x他/rr不/d是/vshi人/n，/wd不/d是/vshi人/n！/wt
林/n夏/tg焦急/a的/ude1OS/x：/wp究竟/d出/vf什么/ry事/n了/y？/ww
你/rr现在/t在/p哪里/rys-----/wp李蒙露/nr：/wp是/vshi我/rr背叛/v了/ule吴/nr1狄/ng，/wd我/rr再/d也/d没/v脸/n见/v他/rr了/y，/wd你/rr帮/v我/rr向/p他/rr说/v声/qv对不起/v！/wt
你/rr帮/v我/rr告诉/v他/rr，/wd如果/c有/vyou来/f生/v，/wd我/rr一定/d会/v陪/v他/rr白/a头/n到/v老/a！/wt
李蒙露/nr一/m扬/vg手把手/vl机/ng扔/v进/vf了/ule湖/n里/f，/wd放声/d痛哭/vi。/wj
十七/m、/wn病房/n外/f走廊/n，/wd内/f，/wd夜/tg林/ng夏/tg焦急/a地/n：/wp喂/e喂/e，/wd喂/e喂/e------/wp林/n夏/tg拨/v打/v着/uzhe手机/n。/wj
手机/n提示/vn音/n：/wp对不起/v，/wd你/rr所/usuo拨/v打/v的/ude1用户/n无法/vd接通/v-----/wp十八/m、/wn后/f海/n，/wd外/f，/wd夜/tg路人/n纷纷/d侧/v目/ng，/wd神情/n各异/z。/wj
李蒙露/nr却/d对/p周围/f的/ude1一切/rz置/v如/v惘/n顾/v，/wd只是/d疯狂/a地/ude2踉踉跄跄/z地/ude2前行/v着/uzhe。/wj
