伍/m媚/ag掩饰/v地/n：/wp不/d兴奋/v不/d喜悦/a我/rr能/v半夜三更/dl地/ude2把/pba你/rr吵/v起来/vf？/ww
来/vf，/wd为/p我/rr今天/t又/d成功/a地/ude2拿下/v了/ule对手/n干/v一/m杯/q！/wt
俩/m人/n举杯/vi。/wj
四十三/m、/wn天/qt成/v公司/n副/b总经理/n办公室/n，/wd内/f，/wd日/b梁君正/nr坐/v在/p沙发/n上/f，/wd把/pba一/m杯/q水/n递给/v对面/f的/ude1卢蔓佳/nr。/wj
梁君正/nr：/wp小卢/nr，/wd喝/vg杯/ng水/n吧/y！/wt
卢蔓佳/nr接/v过/uguo水/n：/wp谢谢/v！/wt
梁君/nr正/d温和/a地/n：/wp干/v得/ude3好好/z的/ude1，/wd为什么/ryv突然/ad要/v辞职/vi？/ww
卢蔓佳/nr：/wp我/rr-----/wp想/v换/v一个/mq工作/vn环境/n-----/wp梁君正/nr：/wp难道/d天/qt成/v的/ude1工作/vn环境/n不好/a吗/y？/ww
小卢/nr，/wd当初/t是/vshi我/rr把/pba你/rr招/v进/vf天/qt成/v的/ude1，/wd我/rr一直/d很/d看好/v你/rr，/wd也/d很/d倚重/v你/rr，/wd你/rr突然/ad说/v想/v辞职/vi，/wd这/rzv让/v我/rr很/d不/d理解/v，/wd我/rr在/p想/v，/wd是/vshi不/d是/vshi我/rr有/vyou什么/ry地方/n没有/d关照/v到/v你/rr，/wd让/v你/rr受/v了/ule委屈/a？/ww
卢蔓佳/nr：/wp不/d不/d，/wd梁总/nr，/wd您/rr对/p我/rr一直/d都/d很/d关照/v，/wd我/rr非常/d感激/v------/wp我/rr这/rzv次/qv想/v辞职/vi，/wd和/cc您/rr没有/v任何/rz关系/n，/wd完全/ad是/vshi我/rr自己/rr的/ude1原因/n-----/wp梁君正/nr：/wp什么/ry原因/n？/ww
卢蔓佳/nr犹豫/a着/uzhe，/wd沉默/a了/y。/wj
梁君正/nr：/wp小卢/nr，/wd你/rr有/vyou什么/ry苦衷/n都/d说/v出来/vf吧/y，/wd也许/d我/rr能/v帮/v帮/v你/rr！/wt
我/rr和/cc你/rr爸/n也/d算是/v老相识/n了/y，/wd在/p我/rr心里/s，/wd我/rr可/v是/vshi一直/d把/pba你/rr当/p自己/rr的/ude1亲/a侄/n女儿/n在/p看/v啊/e-----/wp卢蔓佳/nr的/ude1眼圈/n儿/ng红/a了/y，/wd缓缓/d摇头/vi：/wp不/d，/wd你/rr帮/v不/d了/ule我/rr，/wd谁/ry都/d帮/v不/d了/ule我/rr------/wp梁君正/nr：/wp其实/d你/rr不/d说/v我/rr也/d大概/d能/v猜/v到/v，/wd是/vshi不/d是/vshi因为/p------/wp程锋/nr？/ww
卢蔓佳/nr依然/d沉默/a，/wd一行/n眼泪/n却/d不/d争气/a地/ude2流/v了/ule下来/vf。/wj
梁君正/nr起身/vi，/wd体贴/v地/ude2从/p纸巾/n盒/ng中/f抽出/v一/m张/q纸巾/n递/v了/ule过去/t：/wp哭/v吧/y-----/wp你/rr的/ude1委屈/vn梁/nr1叔叔/n都/d明白/v，/wd少年/n公子/n负/v恩/ng多/a啊/y------/wp四十四/m、/wn病房/n，/wd内/f，/wd日/b疯子/n走进/v病房/n，/wd发现/v林夏正/nr边/d削/v苹果/n边/k给/p程胜恩/nr讲/v着/uzhe什么/ry。/wj
程胜恩/nr本来/d笑/v的/ude1很/d开心/a，/wd看见/v疯子/n又/d把/pba笑容/n给/p憋/v了/ule回去/v。/wj
程胜恩/nr：/wp你/rr怎么/ryv没/v去/vf公司/n？/ww
疯子/n：/wp我/rr来/vf看看/v你/rr，/wd没什么/vl事儿/n的/ude1话/n就/p马/n上/f去/vf公司/n。/wj
程胜恩/nr：/wp有/vyou什么/ry事/n别/d擅自/d拿/v主意/n，/wd要/v多/a和/cc其他/rzv几/m位/q董事/n商量/v。/wj
他们/rr既/c是/vshi我/rr的/ude1合伙人/n，/wd也/d是/vshi你/rr的/ude1长辈/n----/wp疯子/n有些/rz不耐烦/a地/n：/wp知道/v了/y！/wt
林夏/nr：/wp“/wyz叔叔/n你/rr放心/v吧/y，/wd其实/d程锋/nr他/rr特别/d聪明/a，/wd只要/c用/p点心/n，/wd一定/d能/v把/pba公司/n打/v理/v好/a的/ude1！/wt
”/wyy程胜恩叹/nr了/vi口/q气/n：/wp“/wyz就/d怕/v他/rr的/ude1心/n没/d用/v在/p正道/n上/vf啊/y…/ws
…/ws
”/wyy气氛/n有点/d尴尬/an。/wj
林夏/nr：/wp“/wyz…/ws
…/ws
疯子/n，/wd你/rr给/p我/rr表演/v的/ude1那个/rz魔术/n叔叔/n看/v过/uguo没/v？/ww
”/wyy疯子/n转身/vi欲/d走/v：/wp我/rr该/v去/vf公司/n了/y…/ws
…/ws
林/n夏/tg拉/v住/vi他/rr：/wp急/v什么/ry？/ww
来/f都/d来/vf了/y，/wd陪/v你/rr爸/n坐/v一会儿/mq吧/y！/wt
叔叔/n，/wd疯子/n会/v一个/mq钱币/n魔术/n可/v神/n了/y！/wt
快/d快快/d…/ws
…/ws
林夏/nr拿/v出/vf了/ule硬币/n和/cc一个/mq水/n杯/ng。/wj
疯子/n迫于/v无奈/an，/wd只能/v表演/v一/m次/qv。/wj
程胜恩/nr开始/v有/vyou点/qt不屑/v，/wd可/c看/v了/ule一/m次/qv后/f，/wd像/v个/q孩子/n似的/uyy在/p疯子/n手里/s找/v答案/n…/ws
…/ws
林夏/nr看/v着/uzhe关系/n缓和/v下来/vf的/ude1父子/n俩/m，/wd松/v了/ule一/m口/q气/n。/wj
四十五/m、/wn医院/n门诊/n大厅/n，/wd内/f，/wd日/b药房/n窗口/s递/v出/vf一/m塑料袋/n药/n口/q，/wd李蒙露/nr伸手/vi接/v过/uguo。/wj
李蒙露/nr提/v着/uzhe药/n袋/ng走/v到/v坐/v在/p一旁/f等候/v的/ude1吴/nr1狄/ng身边/s，/wd不/d放心/v地/n：/wp要/v不再/d在/p观察/v室/n多/ad观察/v一/m天/qt？/ww
吴/nr1狄/ng：/wp不/d用/v了/y，/wd一点儿/mq小/a伤/n，/wd回/v家/q养/v两/m天/qt就/d好/a了/y。/wj
俩/m人/n向/p门外/s走/v去/vf。/wj
四十六/m、/wn李蒙露/nr家/n楼下/s//w吴/tg狄/ng车上/s，/wd外/f//w内/f，/wd日/b吴/nr1狄/ng的/ude1QQ/x车/n驶来/v楼下/s停下/v。/wj
李蒙露/nr：/wp上去/vf坐/v会儿/qt？/ww
吴/nr1狄/ng摇摇/v头/n。/wj
李/nr1蒙/vi露/v垂/v下/vf了/ule头/n，/wd没有/d说话/vi，/wd也/d没有/d要/v下/vf车/n的/ude1意思/n。/wj
吴/nr1狄/ng也/d没有/v说话/vi，/wd看/v着/uzhe前方/s的/ude1挡风/vn玻璃/n。/wj
俩/m人/n沉默/a着/uzhe。/wj
李蒙露/nr终于/d鼓足/v勇气/n打破/v沉默/a：/wp吴/nr1狄/ng-----/wp吴/nr1狄/ng：/wp嗯/e-----/wp李蒙露/nr：/wp还/d记得/v5/m年/qt前/f的/ude1情人节/t吗/y？/ww
吴/nr1狄/ng点点头/v。/wj
李蒙露/nr：/wp那天/t，/wd我/rr收到/v了/ule五/m个/q男/b同学/n送/v的/ude1花/n，/wd其中/rz四/m个/q都/d送/v的/ude1是/vshi精心/ad包装/v过/uguo的/ude1玫瑰/n，/wd只/d有/vyou你/rr手里/s拿/v的/ude1是/vshi一/m束/q野花/n。/wj
我/rr同/p寝室/n的/ude1女生/n都/d嘲笑/v你/rr，/wd你/rr很/d不好意思/a，/wd脸/n都/d红/a到/v了/ule脖子/n根/q，/wd可/v你/rr看/v着/uzhe我/rr的/ude1眼神/n却/d特/d坦然/a。/wj
你/rr说/v，/wd你/rr没有/v钱/n给/p我/rr买/v玫瑰/n，/wd只能/v一大早/t跑/v了/ule十几/m公里/q去/vf郊外/s给/v我/rr采/v了/ule一/m束/q野花/n-------/wp这些/rz你/rr都/d还/d记得/v吗/y？/ww
吴/nr1狄/ng点点头/v：/wp后来/t的/ude1四/m个/q情人节/t，/wd我/rr送/v你/rr的/ude1都/d仍然/d是/vshi亲手/d为/v你/rr采/v的/ude1野花/n，/wd你/rr每次/r都/d会/v把/pba它们/rr插/v在/p你/rr的/ude1花瓶/n里/f，/wd直到/v最后/f一/m朵/q枯萎/vi-----/wp但/c今年/t的/ude1情人节/t，/wd你/rr的/ude1花瓶/n里/f插/v的/ude1不再/d是/vshi我/rr送/v的/ude1野花/n，/wd而是/c一/m束/q昂贵/a的/ude1兰/ng色/ng妖/n姬/nr1，/wd我/rr就/d知道/v，/wd你/rr不/d再/d爱/v我/rr了/y-----/wp李蒙露/nr：/wp我/rr不/d是/vshi不/d爱/v你/rr了/y，/wd我/rr只是/d------/wp唉/e，/wd我/rr不/d知道/v还/d能/v说/v什么/ry。/wj
吴/nr1狄/ng，/wd我们/rr重新/d开始/v好/a不好/a？/ww
三/m天/qt以后/f，/wd如果/c你/rr还/d愿意/v和/cc我/rr重新/d开始/v，/wd你/rr就/d再/d送/v我/rr一/m束/q野花/n吧/y！/wt
这/rzv三/m天/qt我/rr哪里/rys也/d不/d去/vf，/wd我/rr会/v一直/d在/p家/n等/v着/uzhe你/rr！/wt
李蒙露/nr说/v完/vi，/wd推开/v车门/n下/vf了/ule车/n。/wj
吴/nr1狄/ng神情/n复杂/a地/ude2目送/v李蒙露/nr的/ude1身影/n消失/vi在/p楼道/n口/q。/wj
四十七/m、/wn幼儿园/n，/wd外/f，/wd日/b沈冰/nr在/p带/v着/uzhe一/m群/q孩子/n做/v老鹰/n抓/v小/a鸡/n的/ude1游戏/n。/wj
楼/n上/f的/ude1园长/n办公室/n外/f的/ude1走廊/n上/f，/wd园长/n和/cc梁君/nr正在/d说/v着/uzhe什么/ry。/wj
梁君正/nr看/v着/uzhe楼下/s和/cc孩子/n们/k打成一片/vl的/ude1沈冰/nr，/wd脸上/s露出/v深思/vi的/ude1神情/n。/wj
四十八/m、/wn特/ag护/v病房/n，/wd内/f，/wd日/b梁君/nr正在/d程/nr1胜/v恩/nr1病床/n前/f坐下/vi：/wp老程/nr，/wd你/rr今天/t的/ude1气色/n好多/m了/y-----/wp程胜恩/nr：/wp这/rzv几/m天/qt公司/n的/ude1情况/n怎么样/ryv？/ww
