…/ws
”/wyy林夏/nr把/pba李梦露/nr拉/v到/v邵/nr1华阳/ns邻近/v的/ude1一/m张/q桌子/n坐下/vi。/wj
林夏/nr：/wp“/wyz你/rr怎么/ryv来/vf了/y？/ww
”/wyy李梦露/nr：/wp“/wyz想/v找/v个/q人/n说/v说话/vi，/wd没/d打扰/v你/rr吧/y…/ws
…/ws
”/wyy林夏/nr：/wp“/wyz是/vshi不/d是/vshi那个/rz亚/b健康/an又/d欺负/v你/rr了/y？/ww
”/wyy李蒙璐/nr：/wp“/wyz欺负/v？/ww
他/rr已经/d失踪/vi快/a一个/mq星期/n了/y。/wj
”/wyy林夏/nr：/wp“/wyz怎么/ryv男人/n都/d一个/mq德行/n？/ww
…/ws
…/ws
那/c你/rr不/d是/vshi更/d好/a，/wd自由/a了/y！/wt
”/wyy李梦露/nr：/wp“/wyz可/v我/rr真/a的/ude1特别/d寂寞/a，/wd夏夏/nr，/wd其实/d我/rr的/ude1朋友/n不/d多/a，/wd你/rr不/d会/v为/v吴/nr1狄/ng的/ude1事儿/n不理/v我/rr了/y吧/y？/ww
”/wyy林夏/nr笑/v着/uzhe摇头/vi：/wp怎么/ryv会/v呢/y？/ww
我/rr虽然/c和/p吴/nr1狄/ng是/vshi生死/n之/uzhi交/ng，/wd但/c也/d和/cc你/rr姐妹/n兼/v同事/n这么/rz久/ng了/y，/wd其实/d每个/r人/n都/d有/vyou选择/v自己/rr生活/vn方式/n的/ude1权利/n不/d是/vshi吗/y？/ww
要/v说/v我/rr这个/rz小/a编辑/n除了/p自己/rr的/ude1情感/n问题/n一塌糊涂/al，/wd别人/rr的/ude1事情/n我/rr还是/d看/v得/ude3很/d清楚/a的/ude1，/wd我/rr不/d会/v怪/v你/rr…/ws
…/ws
呵呵/e…/ws
…/ws
喝/vg什么/ry我/rr请/v你/rr！/wt
”/wyy邵/nr1华阳/ns在/p一旁/f含笑/vd看/v着/uzhe林夏/nr，/wd眼神/n中/f充满/v欣赏/v。/wj
二十一/m、/wn吴/nr1狄/ng公司/n，/wd内/f，/wd日/b吴/nr1狄/ng走/v进/vf公司/n，/wd微微/d一/d怔/v。/wj
（/wkz主观/n视角/n）/wky办公室/n中/f一/m片/q忙碌/a：/wp有/vyou工人/n正在/d用/v一个/mq瑞士/nsf原装/b的/ude1全自动/b咖啡/n机/ng换/v下/vf了/ule原来/b的/ude1自动/b速溶/b咖啡/n机/ng；/wf有/vyou工人/n正/d抬/v着/uzhe加湿器/n、/wn空气/n净化器/n走/v进/vf销售/v主管/vn的/ude1办公室/n；/wf还有/v几/m个/q工人/n抬/v着/uzhe一个/mq健身/vn器材/n往/p办公室/n走/v去/vf。/wj
大伙儿/rr都/d在/p各自/rr整理/v着/uzhe自己/rr的/ude1桌子/n。/wj
吴/nr1狄/ng悄悄/d问/v同事/n：/wp苗苗/nr，/wd什么/ry情况/n？/ww
”/wyy苗苗/nr：/wp“/wyz快/a点/qt收拾/v收拾/v，/wd新/a来/vf的/ude1副/b总/b马上/d到/v了/y。/wj
”/wyy吴/nr1狄/ng：/wp“/wyz不/d是/vshi下/vf周一/t吗/y？/ww
”/wyy苗苗/nr：/wp“/wyz据说/v是/vshi个/q穿/vPrada/x的/ude1女/b魔头/n，/wd工作狂/n人/n，/wd等/udeng不/d到/v下/vf周一/t了/y。/wj
”/wyy吴/nr1狄/ng：/wp“/wyz健身/vn器材/n公司/n也/d给/v报销/v吗/y？/ww
”/wyy八/m、/wn医院/n疗养/vn区/n，/wd外/f，/wd日程/n胜/v恩/ng歉疚/a地/ude2看/v着/uzhe疯子/n：/wp可惜/v那天/t晚上/t我/rr还是/d没/d能/v回家/vi吃/v饭/n----/wp你/rr妈/n就/d在/p那天/t晚上/t--/wp我/rr真/d没/d想到/v，/wd你/rr妈/n的/ude1抑郁症/n会/v那么/rz严重/a-----/wp疯子/n低/a着/uzhe头/n，/wd沉默/v着/uzhe。/wj
程/nr1胜/v恩/ng伤感/a地/n：/wp从/p那/rzv以后/f，/wd你/rr就/d再/d也/d没/d叫/vi过/uguo我/rr一/m声/qv爸爸/n-----/wp九/m、/wn胡氏/nr公司/n，/wd内/f，/wd日/b石/ng小/a猛/d焦虑/a地/ude2看/v着/uzhe手中/s的/ude1手机/n。/wj
阿东/nrf走/v了/ule进来/vf：/wp小/a猛/a，/wd一起/d去/vf喝/vg杯/ng咖啡/n？/ww
石小猛/nr：/wp算/v了/y，/wd我/rr还有/v事儿/n。/wj
阿东/nrf：/wp走/v吧/y，/wd我/rr已经/d向/p公司/n提出/v辞职/vi了/y，/wd以后/f不知/v咱们/rr还/d能/v不能/v再/d见面/vi！/wt
石小猛/nr意外/a地/n：/wp为什么/ryv？/ww
十/m、/wn医院/n疗养/vn区/n，/wd外/f，/wd日程/n胜/v恩/ng和/cc疯子/n相对/d沉默/a着/uzhe。/wj
程胜恩/nr：/wp程锋/nr，/wd我/rr一直/d想/v和/cc你/rr好好/d谈谈/v-----/wp可/v你/rr总是/d一/m幅/q拒/vg我/rr于/p千/m里/q之外/f的/ude1样子/n--/wp疯子/n：/wp过去/t的/ude1事/n已经/d过去/vf了/y，/wd再/d说/v什么/ry都/d没有/d用/v了/ule----/wp程胜恩/nr：/wp可是/c我们/rr还/d活/v着/uzhe，/wd我们/rr的/ude1生活/vn还/d在/p继续/v！/wt
程锋/nr，/wd我/rr承认/v，/wd在/p我/rr年轻/a的/ude1时候/n，/wd我/rr做/v过/uguo很多/m荒唐/a的/ude1事/n，/wd我/rr对不起/v你/rr，/wd对不起/v你/rr妈/n！/wt
可是/c你/rr也/d是/vshi男人/n，/wd你/rr现在/t也/d正/d年轻/a，/wd你/rr也/d做/v过/vf了/ule很多/m荒唐/a的/ude1事/n，/wd你/rr觉得/v你/rr自己/rr是/vshi一个/mq十/m恶/a不/d赦/n的/ude1人/n吗/y？/ww
疯子/n沉默/a了/ule一会儿/mq。/wj
疯子/n：/wp那/rzv不/d一样/uyy，/wd我/rr伤害/v的/ude1只/d是/vshi外/f人/n，/wd你/rr伤害/v的/ude1是/vshi你/rr的/ude1妻子/n和/cc孩子/n！/wt
你/rr毁/v的/ude1是/vshi一个/mq家/n！/wt
而/cc我/rr，/wd如果/c我/rr真的/d爱上/v了/ule一个/mq女人/n，/wd和/cc她/rr成/v了/ule家/n，/wd我/rr就/d永远/d都/d不/d会/v伤害/v她/rr，/wd伤害/v这个/rz家/n！/wt
程胜恩/nr：/wp我/rr知道/v，/wd我/rr犯/v下/f的/ude1罪过/n不可/v饶恕/v，/wd所以/c我/rr已经/d决定/v用/p我/rr的/ude1后/f半辈子/mq来/f赎罪/vi----/wp疯子/n：/wp怎么/ryv赎罪/vi？/ww
程胜恩/nr：/wp用/p我/rr后/f半辈子/mq的/ude1孤独/an，/wd后/f半辈子/mq的/ude1悔恨/vn！/wt
你/rr该/v知道/v，/wd在/p你/rr母亲/n死/v后/f，/wd我/rr就/d再/d也/d没有/v过/uguo别的/rzv女人/n。/wj
疯子/n：/wp那/rzv也/d是/vshi我/rr还/d肯/v姓/v程/nr1、/wn还/d肯/v留/v在/p你/rr身边/s的/ude1原因/n。/wj
程胜恩/nr：/wp可是/c你/rr却/d不/d肯/v再/d叫/vi我/rr一/m声/qv——/wp爸爸/n！/wt
疯子/n又/d沉默/a了/y。/wj
程胜恩/nr：/wp你/rr知道/v我/rr为什么/ryv不/d在/p你/rr母亲/n的/ude1墓碑/n上/f刻字/vi吗/y？/ww
疯子/n摇/v头/n。/wj
程胜恩/nr：/wp那/rzv是/vshi留给/v你/rr来/vf刻/v的/ude1！/wt
等/v我/rr死/v了/y，/wd和/cc你/rr母亲/n合葬/vi之后/f，/wd由/p你/rr来/vf把/pba我们/rr的/ude1名字/n刻/v在/p一起/s！/wt
疯子/n动容/v，/wd神情/n复杂/a地/ude2凝视/v着/uzhe自己/rr的/ude1父亲/n。/wj
程胜恩/nr：/wp你/rr说/v得/ude3对/a，/wd一个/mq男人/n，/wd不管/c年轻/a的/ude1时候/n如何/ryv荒唐/a，/wd如何/ryv年少/a轻狂/a，/wd一旦/d真/d爱上/v了/ule一个/mq女人/n，/wd成/v了/ule家/n，/wd就/d该/v一心一意/dl地/ude2爱护/v她/rr，/wd爱护/v这个/rz家/n！/wt
所以/c，/wd就算/d你/rr今天/t不/d求/v我/rr，/wd我/rr也/d准备/v告诉/v你/rr，/wd我/rr已经/d决定/v把/pba广告/n给/v胡/nr1氏/ng广告/n公司/n了/y-----/wp疯子/n意外/a地/n：/wp为什么/ryv？/ww
程胜恩/nr：/wp因为/p我/rr要/v帮/v你/rr得/v到/v你/rr真/d爱/v的/ude1女人/n，/wd重新/d给/p你/rr一个/mq家/n！/wt
十一/m、/wn咖啡馆/n，/wd内/f，/wd日阿东/nrf笑/v看/v着/uzhe石小猛/nr：/wp小/a猛/a，/wd其实/d咱们/rr俩/m平时/t的/ude1关系/n一直/d都/d不/d咋/ryv的/ude1，/wd可/v这/rzv临走/vi了/y，/wd你/rr却/d是/vshi我/rr惟一/b想/v坐/v下来/vf一/m起/q喝/vg杯/ng咖啡/n聊聊/v天/qt儿/ng的/ude1人/n。/wj
石小猛/nr笑/v了/ule笑/v：/wp是/vshi吗/y？/ww
那/rzv真是/d太/d荣幸/a了/y。/wj
你/rr怎么/ryv突然/ad辞职/vi了/y？/ww
胡哥/nr不/d是/vshi最/d器重/v你/rr吗/y？/ww
阿东/nrf笑/v了/ule笑/v：/wp器重/v？/ww
那/rzv不过/d是/vshi因为/p我/rr对/p他/rr有/vyou用/v罢了/y。/wj
而/cc现在/t他/rr已经/d找到/v了/ule比/p我/rr更/d有/vyou用/v的/ude1人/n了/y。/wj
石小猛/nr：/wp谁/ry？/ww
阿东/nrf：/wp你/rr！/wt
石小猛/nr：/wp我/rr？/ww
我/rr哪/ry比/v得/ude3上/vf你/rr啊/y？/ww
你/rr去年/t一/m年/qt的/ude1业绩/n比/p我/rr过去/vf三/m年/qt的/ude1总和/n还/d多/a。/wj
阿东/nrf：/wp那/rzv又/d怎么样/ryv？/ww
最终/d坐/v上/f销售/v部/q经理/n这个/rz位置/n的/ude1是/vshi你/rr石小猛/nr不/d是/vshi我/rr范小东/nr！/wt
谁/ry叫/vi我/rr没有/v程锋/nr这样/rzv有/vyou钱/n有/vyou势/ng的/ude1太子/n爷/ng做/v哥们儿/n呢/y？/ww
石小猛/nr正在/d搅/v咖啡/n的/ude1手/n猛地/d顿/qv了/ule顿/qv，/wd随后/d又/d若无其事/vl地/ude2继续/v搅动/v：/wp那/rzv没/v办法/n！/wt
