…/ws
你/rr把/pba你/rr的/ude1客人/n啦/y、/wn朋友/n啦/y、/wn朋友/n的/ude1朋友/n啦/y带来/v，/wd反正/d在/p哪里/ryshappy/x都/d是/vshihappy/x啦/y，/wd他们/rr要/v是/vshi喜欢/vi我们/rr这里/rzs的/ude1酒/n和/cc公关/n美女/n呢/y，/wd你/rr就/d有/vyou提成/vi啦/y…/ws
…/ws
”/wyy二十七/m、/wn大街/n，/wd外/f，/wd日/b石/ng小/a猛/d沿着/p人行道/n慢慢/d走/v着/uzhe，/wd神情/n疲倦/an而/cc失落/vn。/wj
石小猛/nr从/p一个/mq报/n亭/ng路过/v，/wd略/d一/d停/vi步/n。/wj
卖/v报/n的/ude1大妈/n看/v了/ule石小猛/nr一/m眼/q，/wd很/d有/vyou经验/n的/ude1递/v过来/vf一/m张/q求职/vn报纸/n：/wp“/wyz找/v工作/vn，/wd看/v这个/rz啦/y！/wt
一/m块/q钱/n一/m份/q。/wj
”/wyy石/ng小/a猛/d苦笑/vi着/uzhe掏/v了/ule一/m块/q钱/n出来/vf，/wd拿/v过/uguo报纸/n。/wj
二十八/m、/wn大街/n，/wd外/f，/wd日/b石小猛/nr用/p报纸/n垫/v着/uzhe坐/v在/p路边/s一/m处/q台阶/n上/f，/wd心事重重/vl地/ude2啃/v着/uzhe一个/mq面包/n。/wj
石/ng小/a猛/a身旁/s不远处/s是/vshi一家/n金店/n，/wd不时/d有/vyou打扮/n入时/a的/ude1美女/n挽/v着/uzhe各式/r有钱/a男人/n的/ude1胳膊/n进进出出/v。/wj
一/m辆/q和/cc疯子/n的/ude1车/n一模一样/al的/ude1宝马/nzX5/x驶/v来/vf停/vi在/p了/ule路边/s。/wj
正/d在/p啃/v面包/n的/ude1石小猛/nr一下子/mq噎住/v了/y。/wj
一个/mq女/b孩子/n从/p金店/n中/f走/v出/vf，/wd向/p奔驰/nz车/n走/v去/vf，/wd那/rzv背影/n极/d像/v沈冰/nr。/wj
石小猛/nr变/v了/ule脸色/n，/wd扔掉/v啃/v了/ule一半/m的/ude1面包/n，/wd快步/d冲/v了/ule过去/t，/wd一/m把/pba拉/v住/vi女孩/n的/ude1胳膊/n：/wp“/wyz沈冰/nr！/wt
”/wyy女孩/n回头/vi，/wd不/d是/vshi沈冰/nr。/wj
石/ng小/a猛/d慌忙/ad松开/v手/n，/wd尴尬/an地/n：/wp对不起/v，/wd我/rr认错/vi人/n了/y！/wt
女孩/n厌恶/vn地/n：/wp神经病/n！/wt
女孩/n上/vf了/ule车/n，/wd宝马/nz车/n往/p前/f驶去/v。/wj
石/ng小/a猛/d失/v魂/n落/v魄/ng地/ude2站/vi在/p原地/n。/wj
二十九/m、/wn天/qt成/v公司/n市场/n部/q，/wd内/f，/wd日/b疯子/n推开/v门/n，/wd来到/v任/v经理/n办公桌/n前/f：/wp任/v经理/n！/wt
任/v经理/n赶紧/d起身/vi：/wp哟/e，/wd是/vshi小程/nr总/d啊/y，/wd今天/t怎么/ryv有空/vi到/v市场/n部/q来/f转转/v…/ws
…/ws
疯子/n：/wp“/wyz公司/n明年/t的/ude1广告/n最后/f给/v谁/ry家/n了/y？/ww
”/wyy任/v经理/n：/wp“/wyz定/v了/ule长城/ns了/y。/wj
就/d等/v程/nr1总/b签字/vn了/y。/wj
”/wyy疯子/n：/wp“/wyz改/v胡氏/nr公司/n。/wj
”/wyy任/v经理/n吃/v了/ule一/m惊/v：/wp“/wyz胡氏/nr公司/n？/ww
不/d会/v吧/y，/wd这家/r公司/n第一/m轮/qv就/d被/pbei淘汰/v了/y。/wj
是/vshi程总/nr的/ude1意思/n？/ww
还是/v----/wp四十三/m、/wn酒吧/n外/f，/wd外/f，/wd夜/tg沈/nr1冰/n：/wp为什么/ryv？/ww
出/vf什么/ry事/n了/y？/ww
四十四/m、/wn毛/nr1坏/a房/n，/wd内/f，/wd夜/tg小/a猛/d忍/v住/vi泪/n：/wp我/rr不/d爱/v你/rr了/y。/wj
我们/rr分手/vi吧/y！/wt
四十五/m、/wn酒吧/n，/wd外/f，/wd夜/tg沈/nr1冰/n愣住/vi了/y，/wd许久/m没有/d说话/vi。/wj
四十六/m、/wn毛/nr1坏/a房/n，/wd内/f，/wd夜/tg石/ng小/a猛/a：/wp真/a的/ude1，/wd我/rr不/d爱/v你/rr了/y，/wd分手/vi吧/y！/wt
石/ng小/a猛/d猛地/d挂/v掉/v电话/n，/wd痛苦/a地/ude2把/pba头/n深深/z的/ude1埋/v在/p双/m腿/n之间/f哭/v了/ule起来/vf。/wj
四十七/m、/wn酒吧/n外/f，/wd外/f，/wd夜/tg沈/nr1冰/n手/n握/v电话/n听/v着/uzhe对方/n挂/v线/n后/f的/ude1忙音/n，/wd如/v雕塑/n般/uyy立/v在/p那里/rzs。/wj
林夏/nr和/cc肥/n四/m不/d放心/v地/ude2跟/v了/ule出来/vf。/wj
林夏/nr：/wp怎么/ryv了/y？/ww
小/a猛/a他/rr和/cc你/rr说/v什么/ry了/y？/ww
沈冰/nr像/v是/vshi梦游/v一般/uyy，/wd喃喃/o地/n：/wp他/rr说/v-----/wp他/rr不/d爱/v我/rr了/y，/wd他/rr要/v和/cc我/rr分手/vi！/wt
林夏/nr惊/v呆/v了/y。/wj
肥/n四/m神情/n复杂/a地/n：/wp我/rr操/v！/wt
沈冰/nr你/rr别/d急/v，/wd小/a猛/a他/rr准/d是/vshi一时/t糊涂/a了/y，/wd我/rr找/v他/rr去/vf！/wt
肥/n四/m掏/v出/vf手机/n走/v到/v一边/d打电话/vi。/wj
林夏/nr安慰/v着/uzhe沈冰/nr：/wp你/rr和/cc小/a猛/a感情/n那么/rz好/a的/ude1，/wd怎么/ryv可能/v说/v分手/vi就/d分手/vi？/ww
他/rr准/d是/vshi一时/t冲动/an说/v的/ude1气/n话/n-----/wp沈/nr1冰/n缓缓/d摇头/vi：/wp不/d，/wd他/rr说/v的/ude1不/d是/vshi气话/n！/wt
他/rr不/d是/vshi一个/mq冲动/a的/ude1人/n------/wp他/rr能/v对/p我/rr说/v出/vf这/rzv句/q话/n，/wd一定/d是/vshi深思熟虑/nl之后/f才/d做/v的/ude1决定/n----/wp林夏/nr：/wp可是/c-----/wp这/rzv没/v道理/n呀/y？/ww
他/rr怎么/ryv可能/v突然/ad就/d不/d爱/v你/rr了/y？/ww
沈冰/nr沉默/an。/wj
肥/n四/m在/p一边/d冲/v着/uzhe手机/n大/d喊/v：/wp石小猛/nr，/wd你/rr在/p哪儿/rys？/ww
你/rr说话/vi呀/y？/ww
你/rr有/vyou种/q就/d说话/vi呀/y----/wp喂/e喂/e！/wt
肥/n四/m气愤/a地/ude2重/v拨/v着/uzhe手机/n。/wj
林夏/nr走/v过去/t：/wp怎么样/ryv？/ww
肥/n四/m听/v着/uzhe手机/n：/wp他/rr关机/vi了/y-----/wp这个/rz混蛋/n！/wt
肥/n四/m突然/ad冲动/a地/ude2招手/vi拦/v下/vf了/ule一/m辆/q出租车/n。/wj
林夏/nr：/wp喂/v，/wd你/rr去/vf哪儿/rys？/ww
你/rr要/v去/vf找/v小/a猛/d也/d得/ude3先/d知道/v地方/n啊/e----/wp肥/n四/m匆匆/z地/ude2上/vf了/ule车/n：/wp我/rr不/d是/vshi去/vf找/v小/a猛/a，/wd我/rr是/vshi去/vf找/v疯子/n----/wp林夏/nr：/wp疯子/n？/ww
这/rzv关/v疯子/n什么/ry事/n啊/y？/ww
死/v胖子/n，/wd这/rzv究竟/d是/vshi怎么/ryv回/v事/n呀/y？/ww
肥/n四：/m你/rr别/d问/v那么/rz多/a了/y-----/wp今天/t所有/b的/ude1人/n都/d他妈的/vl疯/vi了/y！/wt
出租车/n驶/vg开/v了/y。/wj
林夏/nr不/d甘心/v地/ude2追/v了/ule两/m步/qv：/wp喂/v，/wd死/v胖子/n----/wp出租车/n已/d绝/vg尘/ng而/cc去/vf。/wj
四十八/m、/wn病房/n，/wd内/f，/wd夜/tg程胜恩/nr躺/v在/p病床/n上/f，/wd大/d睁/v着/uzhe眼睛/n，/wd辗转/vd难/ad眠/vg。/wj
门/n突然/ad被/pbei推开/v了/y，/wd肥/n四/m喘/v着/uzhe气/n冲/v了/ule进来/vf。/wj
肥/n四/m打量/v着/uzhe病房/n：/wp程锋/nr呢/y？/ww
程胜恩/nr坐/v起/vf身/ng来/f：/wp我/rr也/d在/p找/v他/rr，/wd可/v他/rr一直/d不/d接/v手机/n-----/wp肥/n四：/m我/rr也/d打/v了/y，/wd他/rr也/d没/d接/v---/wp程胜恩/nr：/wp张四明/nr，/wd今天/t上午/t的/ude1事儿/n-----/wp肥/n四/m神情/n复杂/a地/ude2凝视/v着/uzhe他/rr：/wp你/rr赢/v了/y！/wt
吴/nr1狄/ng和/cc李/nr1蒙/vi露/v完/vi了/y！/wt
石小猛/nr和/cc沈冰/nr也/d完/vi了/y！/wt
程胜恩/nr一/m愣/ag：/wp这么/rz快/a？/ww
那/rzv程锋/nr----/wp肥/n四：/m程/q总/b，/wd你/rr真/d厉害/a！/wt
什么/ry都/d在/p你/rr的/ude1算计/vn之中/f！/wt
可是/c你/rr别/d以为/v你/rr这/rzv就是/d在/p为/v程锋/nr好/a！/wt
程锋/nr他/rr也/d完了/vi，/wd你/rr把/pba他/rr给/p毁/v了/y！/wt
你/rr毁/v了/ule你/rr儿子/n的/ude1前/f半辈子/mq不说/c，/wd你/rr还要/d毁/v他/rr的/ude1后/f半辈子/mq！/wt
你/rr将/d来/vf一定/d会/v后悔/v的/ude1！/wt
肥/n四/m说/v完/vi转身/vi就/d走/v。/wj
程胜恩/nr愣/vi了/ule一下/mq，/wd大/a喝/vg：/wp张四明/nr！/wt
肥/n四/m停步/v，/wd回头/d：/wp对/p了/y，/wd我/rr忘/v了/ule告诉/v你/rr了/y，/wd我/rr明天/t就/d会/v向/p公司/n交/ng辞职/vi报告/n！/wt
程/nr1总/b，/wd程锋/nr以前/f除了/p你/rr给/v的/ude1钱/n，/wd就/d只有/c我们/rr这/rzv几/m个/q哥们儿/n了/y！/wt
现在/t，/wd他/rr连/ulian我们/rr这/rzv几/m个/q哥们儿/n也/d没有/v了/y，/wd就/d只/d剩/v了/ule钱/n了/y！/wt
