小/a猛/d回来/v没/v？/ww
肥/n四/m愤愤/d地/n：/wp回来/v了/ule-----/wp你/rr别/d去/vf找/v他/rr了/y，/wd他/rr已经/d不/d是/vshi以前/f的/ude1石小猛/nr了/y！/wt
林/n夏/tg惊讶/a地/n：/wp究竟/d怎么/ryv了/y？/ww
肥/n四/m神情/n复杂/a地/ude2凝视/v着/uzhe林夏/nr，/wd犹豫/a了/ule许久/m，/wd最终/d没有/d说/v出口/vn。/wj
林夏/nr：/wp死/v胖子/n，/wd你/rr快/d说/v呀/y！/wt
你/rr想/v急/ad死/v我/rr呀/y！/wt
肥/n四/m伤感/a地/n：/wp林夏/nr，/wd你/rr是/vshi个/q纯洁/a的/ude1好/a姑娘/n！/wt
有些/rz事/n太/d脏/a了/y，/wd你/rr还是/d不/d知道/v的/ude1好/a！/wt
肥/n四/m绕/v过/uguo林夏/nr身边/s，/wd咚咚/o咚/o地/ude2快步/d下/vf了/ule楼/n。/wj
林/n夏/tg不解/v地/ude2看/v着/uzhe他/rr的/ude1背影/n。/wj
七十四/m、/wn石/ng小/a猛/a出租/vn房门/n外/f，/wd内/f，/wd日/b石/ng小/a猛/d夹/v着/uzhe公文包/n推/v门/n出来/vf。/wj
石小猛/nr锁/v好/a门/n，/wd一/m回/qv头/n，/wd发现/v了/ule楼梯/n口/n的/ude1林夏/nr。/wj
林/n夏/tg上下/f打量/v着/uzhe小/a猛/a：/wp哟/e，/wd你/rr今天/t倒是/d打扮/v得/ude3衣冠楚楚/vl的/ude1----/wp石小猛/nr：/wp想/v说/v什么/ry还是/d想/v骂/v什么/ry，/wd都/d请/v赶快/d，/wd我/rr还/d急/v着/uzhe上班/vi呢/y！/wt
林夏/nr推/v搡/v着/uzhe石小猛/nr：/wp你/rr为什么/ryv和/p沈/nr1冰/n分手/vi，/wd她/rr哪/ry做/v错/v了/y？/ww
还/d是/vshi你/rr有/vyou其他/rzv女人/n了/y？/ww
石/ng小/a猛/d逃避/v着/uzhe林/n夏/tg钉子/n般/uyy的/ude1目光/n：/wp“/wyz都/d不/d是/vshi…/ws
…/ws
”/wyy林夏/nr叫/vi了/ule起来/vf：/wp“/wyz那/rzv是/vshi为什么/ryv？/ww
”/wyy石小猛/nr喊/v了/ule起来/vf：/wp“/wyz因为/c我/rr配/v不/d上/vf她/rr因为/p现在/t不/d能/v给/p她/rr很/d好/a的/ude1生活/vn因为/c离开/v我/rr她/rr一定/d会/v过/vf得/ude3更/d好/a！/wt
行/vi了/y吗/y？/ww
”/wyy林夏/nr：/wp“/wyz都/d什么/ry乱七八糟/al的/ude1啊/y？/ww
你/rr是/vshi不/d是/vshi以/p为/v所有/b女人/n都/d像/v李蒙露/nr一样/uyy？/ww
”/wyy石小猛/nr：/wp不/d是/vshi所有/b女人/n，/wd是/vshi所有/b的/ude1人/n…/ws
…/ws
爱情/n的/ude1花儿/n再/d美/a，/wd也/d要/v扎根/v在/p现实/n中/f。/wj
金钱/n很/d腐败/an，/wd像/p烂泥/n一样/uyy散发/v着/uzhe臭气/n，/wd可/c是/vshi它/rr却/d能/v为/p爱情/n的/ude1花儿/n提供/v养/v份/q。/wj
林夏/nr：/wp别/d为/v自己/rr找/v借口/n了/y！/wt
一/m提/v分手/vi的/ude1理由/n都/d是/vshi为了/p让/v自己/rr心爱/b的/ude1女人/n过/vf得/ude3更/d好/a，/wd这/rzv就是/v你们/rr男人/n的/ude1狗屁/n理由/n！/wt
石/ng小/a猛/a惨然/z一/m笑/v：/wp林夏/nr，/wd你/rr这种/r土生土长/vl的/ude1北京/ns人/n永远/d也/d不/d会/v明白/v我们/rr这种/r北/f漂/v的/ude1！/wt
相信/v我/rr，/wd我/rr如果/c不/d是/vshi没有/d选择/v一定/d不/d会/v这样/rzv做/v！/wt
我/rr现在/t需要/v的/ude1是/vshi轻装/n上阵/vi，/wd把/pba我/rr比/p别人/rr缺少/v的/ude1尽快/d拿/v回来/v！/wt
林/n夏/tg摇摇/v头/n：/wp疯/vi了/y，/wd我/rr看/v你/rr已经/d疯/vi了/y！/wt
石小猛/nr，/wd你/rr放弃/v沈/nr1冰/n这样/rzv的/ude1一个/mq好/a姑娘/n你/rr一定/d会/v后悔/v的/ude1！/wt
沈冰/nr说/v了/y，/wd她/rr知道/v你/rr一定/d是/vshi有/vyou苦衷/n的/ude1，/wd她/rr不/d想/v逼/v问/v你/rr什么/ry。/wj
她/rr在/p等/v你/rr回/v心/n转/v意/ng，/wd你/rr自己/rr看/v着/uzhe办/v吧/y！/wt
林夏/nr转身/vi头/n也/d不/d回/v地/ude2走/v了/y。/wj
石小猛/nr脸上/s的/ude1肌肉/n抽动/v着/uzhe，/wd努力/ad压抑/v着/uzhe心里/s澎湃/vi的/ude1情绪/n。/wj
石/ng小/a猛/d强迫/v自己/rr冷静/ad下来/vf，/wd理/v了/ule理/n领带/n，/wd步履/n坚定/a地/ude2下/vf楼/n而/cc去/vf。/wj
七十五/m、/wn胡氏/nr公司/n楼下/s，/wd外/f，/wd日/b石小猛/nr从/p出租/v车上/s下来/vf，/wd远远地/z朝/b办公楼/n走/v来/vf。/wj
石/ng小/a猛/d仰望/v着/uzhe看/v着/uzhe大楼/n，/wd脸上/s浮/v起/vf一/m丝/q冷笑/vi。/wj
石小猛/nrOS/x：/wp从/p今天/t起/f，/wd我/rr石小猛/nr就是/v再/d世/ng为/p人/n了/y！/wt
七十六/m、/wn天/qt成/v公司/n程锋锋/nr办公室/n，/wd内/f，/wd日程/n锋/ag看/v着/uzhe眼前/s的/ude1辞职/vn申请/n。/wj
肥/n四/m隔/v着/uzhe厚重/a的/ude1红木/n大班/n桌/ng，/wd目光/n冰冷/z地/ude2看/v着/uzhe坐/v在/p桌/ng后/f的/ude1程锋/nr。/wj
程锋/nr抬/v起/vf头/n来/f，/wd为难/v地/ude2看/v着/uzhe肥/n四/m，/wd用/p近乎/v哀求/v的/ude1语气/n：/wp肥/n四/m，/wd你/rr能/v不能/v-----/wp肥/n四/m打断/v他/rr：/wp不/d能/v！/wt
程/nr1锋/ng伤感/a的/ude1：/wp我们/rr是/vshi七/m年/qt的/ude1朋友/n了/y-----/wp你/rr真/d就/d不/d肯/v原谅/v我/rr这/rzv一/m次/qv吗/y？/ww
肥/n四/m红/a了/ule眼圈/n儿/ng：/wp你/rr叫/vi我/rr怎么/ryv原谅/v你/rr？/ww
你/rr以为/v我/rr想/v听/v到/v你/rr和/cc小/a猛/a之间/f的/ude1那些/rz丑事/n儿/ng？/ww
你/rr知/v不/d知道/v我/rr心里/s有/vyou多/m难受/a？/ww
你/rr以/p为/v就/d只/d有/vyou你/rr在/p失去/v吗/y？/ww
程锋/nr的/ude1声音/n也/d哽咽/vi了/y：/wp我/rr知道/v！/wt
你/rr以为/v我/rr心里/s就/d好受/a吗/y？/ww
昨天/t晚上/t，/wd我/rr在/p咱们/rr学校/n的/ude1操场/n上/f坐/v了/ule一/m夜/qt----/wp我/rr多/d想/v回/qv到/v七/m年/qt前/f我们/rr天天/d在/p一起/s打球/vi唱歌/vi的/ude1时候/n啊/e------/wp那个/rz时候/n，/wd我们/rr是/vshi哥们儿/n，/wd也/d是/vshi兄弟/n-----/wp而/cc现在/t-----/wp程锋/nr说/v不/d下去/vf了/y，/wd一行/n眼泪/n流/v了/ule下来/vf。/wj
肥/n四/m也/d流下/v泪/n来/vf。/wj
俩/m个人/n隔/v桌/ng相对/vi，/wd默默/d地/ude2流/v着/uzhe泪/n。/wj
办公室/n的/ude1门/n推开/v了/y，/wd梁君正/nr拿/v着/uzhe一/m叠/q文件/n走/v了/ule进来/vf。/wj
梁君/nr正/d诧异/a地/ude2看/v了/ule看/v屋/n中/f的/ude1情形/n，/wd讪笑/v着/uzhe退/v了/ule出去/vf：/wp对不起/v，/wd我/rr等/v会儿/qt再/d来/vf吧/y！/wt
梁君/nr正/d关上/v了/ule门/n。/wj
肥/n四/m用/p袖子/n擦掉/v脸上/s的/ude1泪/n：/wp疯子/n，/wd别/d哭/v了/y！/wt
这/rzv是/vshi在/p办公室/n，/wd别/d让/v公司/n的/ude1人/n笑话/n你/rr！/wt
程锋/nr：/wp他们/rr爱/v笑/v就/d笑/v吧/y，/wd我/rr本来/d就/d是/vshi一个/mq笑话/n！/wt
大/a笑话/n！/wt
肥/n四：/m看到/v你/rr这样/rzv，/wd我/rr心里/s倒好/n受/v些/q了/y-----/wp疯子/n，/wd你/rr放心/v，/wd我/rr会/v记得/v你/rr过去/t对/p我/rr的/ude1情/n份/q，/wd这/rzv件/q事/n我/rr会/v替/p你/rr保密/vi的/ude1！/wt
你/rr以后/f-----/wp好/a自/p为/v之/uzhi吧/y！/wt
肥/n四/m转身/vi欲/d离开/v。/wj
程锋/nr叫/vi住/vi他/rr：/wp等/v一下/mq-----/wp离开/v天/qt成/v以后/f，/wd你/rr有/vyou什么/ry打算/v？/ww
肥/n四：/m我/rr还/d是/vshi喜欢/vi音乐/n，/wd喜欢/vi唱歌/vi，/wd我/rr准备/v静/a下/vf心/n来/f好好/d往/p这个/rz方向/n发展/v----/wp程/nr1锋/ng伤感/a地/n：/wp想不到/vl咱们/rr草坪/n乐队/n四/m人/n组合/vi，/wd到/v最后/f就/d只/d剩/v了/ule你/rr还/d在/p坚持/v了/ule----/wp祝/v你/rr好运/n！/wt
肥/n四/m红/a着/uzhe眼/n点点头/v：/wp谢谢/v！/wt
再见/vi！/wt
肥/n四/m离去/vi。/wj
程/nr1锋/ng无力/vi地/ude2瘫/vi坐/v在/p了/ule椅/ng上/f。/wj
（/wkz本/rz集/ng完/vi）/wky一/m、/wn胡/nr1氏/ng公司/n胡容强/nr办公室/n，/wd内/f，/wd日/b胡容强/nr看/v着/uzhe手中/s的/ude1合约/n。/wj
石小猛/nr：/wp胡哥/nr你/rr放心/v，/wd这/rzv次/qv不/d会/v有/vyou任何/rz问题/n了/y。/wj
胡容强/nr满意/v地/n：/wp你/rr办事/vi，/wd我/rr放心/v！/wt
石小猛/nr从/p公文包/n中/f拿/v出/vf一/m份儿/q文件/n：/wp这/rzv是/vshi我/rr为/v天/qt成/v做/v的/ude1合作/vn细则/n，/wd程锋/nr已经/d看/v过/uguo了/y，/wd他/rr很/d满意/v，/wd你/rr看看/v要/v是/vshi没/v问题/n的/ude1话/n就/d签字/vi吧/y！/wt
