吴/nr1狄/ng咬咬/v牙/n，/wd也/d捏/v着/uzhe鼻子/n把/pba一/m杯/q生/v蛋清/n喝/vg下/vf了/ule肚/ng。/wj
十三/m、/wn包/v房/n，/wd外/f，/wd夜/tg包间/n里/f，/wd五/m个/q人/n已经/d坐/v在/p餐桌/n边/k等/v着/uzhe了/y。/wj
汤铭/nr，/wd韩/b总/b正/d分别/d坐/v在/p赵/nr1处长/n和/cc欧阳/nr行长/n身旁/s，/wd韩总/nr的/ude1身旁/s坐/v着/uzhe助理/n袁东/nr。/wj
大家/rr都/d注视/v着/uzhe刚刚/d推/v门/n而/cc进/vf的/ude1吴/nr1狄/ng和/cc伍/nr1媚/ag。/wj
伍/m媚/ag笑/v了/ule：/wp看来/v我们/rr迟到/vi了/y！/wt
真是/d不好意思/a，/wd抱歉/a抱歉/a！/wt
等/v一下/mq我/rr自/p罚/v三/m杯/q向/p各位/rr赔罪/vi！/wt
赵/nr1处长/n起身/vi介绍/v：/wp这/rzv位/q就/d是/vshi我们/rr的/ude1欧阳/nr行长/n，/wd这/rzv位/q就/d是/vshi我/rr和/cc您/rr说/v过/uguo的/ude1均/d雷/nr1公司/n的/ude1伍/nr1媚/ag伍/nr1女士/n，/wd这/rzv位/q是/vshi伍/nr1女士/n的/ude1助手/n吴/nr1狄/ng先生/n----/wp伍/m媚/ag落落大方/vl地/n欧阳/nr行长/n握手/vi。/wj
吴/nr1狄/ng也/d笑/v着/uzhe和/cc行长/n握手/vi。/wj
伍/m媚/ag嫣然一笑/vl：/wp“/wyz欧阳/nr行长/n久/ad闻/v您/rr大名/n了/y，/wd您/rr就/d叫/vi我/rr小/a伍/ng吧/y…/ws
…/ws
”/wyy欧阳/nr行长/n微微/d一/d笑/v：/wp好/a！/wt
赵/nr1处长/n又/d介绍/v袁东/nr给/p小/a伍：/m“/wyz这/rzv位/q就是/v欧阳/nr行长/n的/ude1助理/n袁东/nr先生/n…/ws
…/ws
”/wyy伍/m媚/ag带/v着/uzhe吴/nr1狄/ng和/cc袁东/nr握手/vi：/wp您好/nl，/wd袁/nr1先生/n，/wd我们/rr通过/p几/m次/qv电话/n了/y…/ws
…/ws
”/wyy袁东也/nr笑笑/v：/wp“/wyz是/vshi啊/y，/wd今天/t才/d算是/v见/v着/uzhe了/y…/ws
…/ws
”/wyy赵/nr1处长/n对/p站/vi在/p一旁/f的/ude1一/m位/q服务员/n说/v：/wp“/wyz可以/v上/vf菜/n了/y…/ws
…/ws
”/wyy另/rz一个/mq服务员/n开/v了/ule一/m瓶/q五粮液/n，/wd把/pba酒/n倒入/v一个/mq精致/a的/ude1小/a酒壶/n中/f。/wj
小伍/nr起身/vi拿/v起/vf酒壶/n，/wd先/d给/p自己/rr倒/vi了/ule杯/q酒/n：/wp“/wyz今天/t我们/rr迟到/vi了/y，/wd和/cc领导/n第一/m次/qv吃饭/vi就/d迟到/vi实在/d是/vshi太/d不/d应该/v了/y，/wd我/rr先/d自/p罚/v三/m杯/q吧/y。/wj
”/wyy伍/m媚/ag走/v到/v欧阳/nr行长/n面前/f，/wd把/pba他/rr的/ude1杯/ng中/f酒/n也/d倒/d满/a。/wj
赵/nr1处长/n：/wp没/v事/n，/wd我们/rr也/d刚/d到/v，/wd小伍/nr你/rr不必/d这么/rz客气/a嘛/y！/wt
行长/n正/d襟/ng危/ag坐/v，/wd不动声色/vl地/n：/wp就/d是/vshi就/d是/vshi，/wd这/rzv可是/c高度/n白酒/n啊/e----/wp伍/m媚/ag露出/v小孩子/n一样/uyy任性/a的/ude1表情/n：/wp那/rzv可/v不行/a！/wt
我/rr虽然/c身为/v女人/n，/wd但/c也/d不/d能/v耍/v特权/n受/v照顾/v嘛/y！/wt
吴/nr1狄/ng担心/v地/ude2站/vi了/ule起来/vf：/wp这/rzv三/m杯/q罚/v酒/n我/rr来/vf喝/vg吧/y----/wp伍/m媚/ag嗔怪/v地/ude2看/v了/ule他/rr一/m眼/q，/wd语气/n坚定/a，/wd不容置疑/vl：/wp不/d，/wd这/rzv三/m杯/q罚/v酒/n我/rr一定/d要/v亲自/d喝/vg！/wt
这样/rzv才/d能/v表达/v我/rr对/p欧阳/nr行长/n最/d诚挚/a的/ude1歉意/n！/wt
伍/m媚/ag一/m手/n执/v壶/ng，/wd一/m手/n执/v杯/ng，/wd接连/d倒/vi了/ule三/m杯/q酒/n都/d是/vshi仰头/v一/m饮/v而/cc尽/vi，/wd脸上/s神采奕奕/vl，/wd显得/v格外/d势不可挡/vl。/wj
行长/n眼中/s闪/vi过/uguo一/m丝/q欣赏/v之/uzhi意/ng，/wd不由自主/dl站/vi起来/vf，/wd抢/v过/uguo伍/m媚/ag手里/s的/ude1酒杯/n：/wp哈哈/o，/wd早/tg就/d听/v老赵/nr说/v小/a伍/nr1才貌/n双/q全/a女/b中/b豪杰/n，/wd今天/t见面/vi更/d甚/dg闻名/v啊/y…/ws
…/ws
不过/c空腹/n喝酒/vi不能/v太/d急/v，/wd伤/v身/ng！/wt
来/vf来/vf，/wd先/d吃/v点/qt菜/n。/wj
坐/v在/p行长/n左手/n边/k的/ude1赵/nr1处长/n站/vi了/ule起来/vf：/wp小伍/nr，/wd你/rr坐/v这里/rzs，/wd陪/v欧阳/nr行长/n好好/d聊聊/v吧/y！/wt
伍/m媚/ag感激/v地/ude2看/v了/ule赵/nr1处长/n一/m眼/q，/wd和/cc赵/nr1处长/n换/v了/ule位子/n，/wd坐/v到/v了/ule欧阳/nr行长/n身旁/s。/wj
这时/rzt，/wd韩/nr1总和/n袁/nr1东/f交流/v了/ule一个/mq眼神/n，/wd被/pbei伍/nr1媚/ag捕捉/v到/v了/y。/wj
伍/m媚/ag不动声色/vl地/ude2笑/v了/ule笑/v：/wp吴/nr1狄/ng，/wd你/rr也/d迟到/vi了/y！/wt
你/rr的/ude1三/m杯/q罚/v酒/n也/d得/v喝/vg！/wt
行长/n：/wp小伍/nr，/wd我/rr看/v就/d免/v了/ule吧/y，/wd小吴/nr看上去/v文质彬彬/vl的/ude1，/wd一/d看/v就/d是/vshi不/d太/d能/v喝/vg的/ude1-----/wp伍/m媚/ag：/wp能/v不/d能/v喝/vg是/vshi酒量/n问题/n，/wd可/v喝/vg不/d喝/vg就/d是/vshi酒/n品/ng问题/n了/y！/wt
陪/v领导/n吃饭/vi这么/rz重要/a的/ude1事/n都/d迟到/vi了/y，/wd就/d得/ude3认/v罚/v！/wt
吴狄端/nr起/vf酒杯/n：/wp伍总/nr说/v得/ude3是/vshi！/wt
欧阳/nr行长/n，/wd这/rzv三/m杯/q罚/v酒/n我/rr先/d领/v了/y！/wt
吴/nr1狄/ng也/d一连/d倒/vi了/ule三/m杯/q酒/n一/d饮/v而/cc尽/vi。/wj
行长/n：/wp真是/v强将/n手下/s无/v弱/a兵/n啊/y！/wt
服务员/n上/f着/uzhe菜/n。/wj
行长/n：/wp“/wyz嗯/e！/wt
都/d到/v齐/a了/y。/wj
今天/t我/rr代表/v我们/rr银行/n，/wd回/v请/v你们/rr双方/n，/wd一来/c，/wd是/vshi感谢/v你们/rr对/p我们/rr银行/n的/ude1信任/vn和/cc支持/v；/wf二/m来/vf呢/y，/wd是/vshi为了/p联络/v联络/v大伙/rr之间/f的/ude1感情/n。/wj
不管/c最后/f是/vshi谁/ry拿/v到/v了/ule我们/rr银行/n这个/rz案子/n，/wd我们/rr都/d一样/uyy还是/d好/a朋友/n，/wd将来/t合作/v的/ude1机会/n还是/c很/d多/a的/ude1。/wj
今天/t我们/rr只/d谈/v生活/vn不/d谈/v工作/vn！/wt
只/d交流/v感情/n不/d交流/v业务/n。/wj
韩总/nr微笑/vi着/uzhe：/wp对/p对/p对/v！/wt
友谊/n第一/m生意/n第二/m，/wd呵呵/e！/wt
伍/m媚/ag笑吟吟/z地/ude2举杯/vi望/v着/uzhe韩/b总/b：/wp韩总/nr，/wd这/rzv可是/c你/rr说/v的/ude1，/wd那/rzv万一/d将来/t欧阳/nr行长/n选/v了/ule我们/rr均/d雷/nr1公司/n，/wd你/rr可/v不/d许/dg生/v我/rr的/ude1气/n啊/y！/wt
韩总/nr：/wp哈哈/o，/wd伍总/nr真/d会/v说/v笑/v。/wj
伍/m媚/ag：/wp好/a，/wd就/d为了/p咱们/rr的/ude1友谊/n，/wd咱们/rr俩/m单独/d干/v一/m杯/q吧/y！/wt
来/vf，/wd我/rr先/d干/v为/p敬/v！/wt
伍/m媚/ag不由/d分/v说/v一/m仰头/n又/d喝/vg下/vf了/ule一/m杯/q酒/n。/wj
行长/n翘/v起/vf了/ule大拇指/n：/wp小伍/nr真/d乃/v女/b中/b豪杰/n酒/n中/f仙/ng！/wt
吴/nr1狄/ng：/wp我们/rr伍/nr1总/d其实/d酒量/n不怎么/vl样/u的/ude1，/wd就是/v酒/n胆/n儿/ng大/a，/wd酒/n品/ng好/a！/wt
行长/n：/wp酒/n品/ng如/v人/n品/v呀/y！/wt
众人/n的/ude1注意力/n都/d被/pbei伍/nr1媚/ag吸引/v了/ule过去/t，/wd被/pbei冷落/v的/ude1韩总/nr只得/d被动/a地/ude2端/v着/uzhe杯子/n饮/v下/vf。/wj
韩/b总/b给/p汤铭/nr递/v了/ule一个/mq眼色/n。/wj
汤铭/nr站/vi起/vf身/ng来/f端/v着/uzhe酒/n走/v到/v欧阳/nr行长/n身边/s：/wp欧阳/nr行长/n，/wd这/rzv次/qv能/v有/vyou机会/n和/cc贵/a行/ng接触/v、/wn合作/vn，/wd真/d是/vshi本/rz公司/n的/ude1荣幸/a！/wt
来/vf，/wd我/rr敬/v你/rr一/m杯/q，/wd我/rr也/d先/d干/v为/p敬/v！/wt
汤铭/nr用/p杯子/n轻轻/d碰/v了/ule碰/v行长/n面前/f的/ude1杯子/n，/wd把/pba酒/n一/d饮/v而/cc尽/vi。/wj
欧阳/nr行长/n笑/v了/ule笑/v，/wd端/v起/vf酒杯/n来/f慢慢/d饮/v下/vf。/wj
袁/nr1东/f招呼/v着/uzhe大家/rr：/wp来/f来/vf来/vf，/wd大家/rr吃/v菜/n吃/v菜/n----/wp十四/m、/wn酒吧/n，/wd内/f，/wd夜/tg肥/n四/m在/p疯狂/a地/ude2击打/v着/uzhe架子/n鼓/v。/wj
林夏/nr匆匆/d推/v门/n走/v了/ule进来/vf，/wd走/v到/v肥/n四/m身旁/s：/wp胖子/n，/wd你/rr真/d辞职/vi啦/y？/ww
