…/ws
二十六/m、/wn吴/tg魏/tg公寓楼/n下/f//w吴/tg狄/ng车上/s，/wd外/f//w内/f，/wd夜/tg吴/tg狄/ng送/v小/a伍/nr1到/v吴/tg魏/tg的/ude1公寓楼/n下/vf。/wj
小/a伍：/m“/wyz一起/s上/f去/vf吗/y？/ww
”/wyy吴/nr1狄/ng摇头/vi：/wp他/rr找/v的/ude1是/vshi你/rr。/wj
小伍/nr笑笑/v没/d说/v什么/ry，/wd妩媚/a地/ude2走/v下/vf车/n，/wd轻轻/d拍/v了/ule拍/vqq/x示意/v告别/vi。/wj
车/n里/f的/ude1吴/nr1狄/ng静静/nr2看/v着/uzhe小伍/nr的/ude1背影/n，/wd继而/c又/d看/v了/ule看/v吴/tg魏/tg的/ude1窗/ng——/wp吴/nr1狄/ng启动/v汽车/n，/wd倒车/vi，/wd转弯/vi。/wj
二十七/m、/wn酒吧/n，/wd内/f，/wd夜/tg肥/n四/m和/cc那个/rz洋/ag妞/ng坐/v在/p了/ule酒/n桌前/s。/wj
肥/n四/m倒/vi着/uzhe酒/n：/wp我/rr叫/vi张四明/nr，/wd朋友/n们/k都/d叫/vi我/rr肥/v四-----/t你/rr叫/vi什么/ry？/ww
洋/ag妞/ng：/wpalice/x，/wd中国/ns名字/n叫/vi艾梅/nrf，/wd你/rr叫/vi我/rr梅梅/nr吧/y！/wt
肥/n四：/m好/a，/wd梅梅/nr，/wd来/vf，/wd为/p我们/rr刚才/t合奏/v的/ude1一/m曲/q干杯/vi！/wt
俩/m人/n碰杯/vi。/wj
二十八/m、/wn林/ng夏/tg单身/n公寓/n，/wd内/f，/wd夜/tg沈/nr1冰/n看/v着/uzhe屏幕/n，/wd没有/v什么/ry表情/n。/wj
林夏/nr和/cc她/rr两/m人/n靠/v在/p沙发/n上/f。/wj
一/m人/n手里/s一/m听/v饮料/n。/wj
电视/n里/f放/v的/ude1是/vshi林/nr1夏新/nz买/v回来/v的/ude1美/b剧/n《/wkz实习/v医生/n格雷/nrf》/wky。/wj
林夏/nr：/wp这个/rz片子/n告诉/v我们/rr一个/mq道理/n，/wd人/n要/v及时/ad行乐/v。/wj
你/rr真/a的/ude1不/d知道/v，/wd下/vf一/m秒/qt钟/n会/v不/d会/v被/pbei从天而降/vl的/ude1横梁/n砸/v断/v脊柱/n，/wd送/v进/vf手术室/n，/wd然后/c被/pbei宣布/v死亡/vi。/wj
沈冰/nr仿佛/v什么/ry都/d没有/d听到/v。/wj
林夏/nr继续/v道/n：/wp可是/c我/rr就/d是/vshi做/v不/d到/v。/wj
总/d觉得/v幸福/an在/p未来/t的/ude1某/rz一/m天/qt开始/v，/wd现在/t还/d不/d是/vshi时候/n。/wj
沈冰/nr：/wp爱上/v疯子/n这样/rzv的/ude1男人/n，/wd你/rr会/v幸福/a吗/y？/ww
林/n夏/tg点头/vi：/wp我/rr相信/v我/rr终究/d会/v得到/v幸福/a！/wt
要/v有/vyou人/n让/v女人/n投入/v了/ule她/rr的/ude1母性/n，/wd他/rr就/d会/v成为/v这个/rz女人/n的/ude1一/m部分/n。/wj
爱/v他/rr的/ude1爱/vn，/wd疼/v他/rr的/ude1疼/a。/wj
沈/nr1冰/n疑惑/vn的/ude1看/v向/p林夏/nr：/wp什么/ry？/ww
林/n夏/tg幸福/a的/ude1说/v：/wp其实/d疯子/n在/p我/rr眼里/s就/d是/vshi个/q孩子/n，/wd没/d长大/vi的/ude1孩子/n…/ws
…/ws
你们/rr不/d喜欢/vi他/rr是/vshi因为/p你们/rr不/d了解/v他/rr。/wj
在/p我/rr眼里/s，/wd他/rr的/ude1好/a，/wd他/rr的/ude1坏/a，/wd都/d只/d是/vshi一时/t的/ude1孩子/n气/n，/wd我/rr知道/v他/rr的/ude1本质/n是/vshi善良/a的/ude1，/wd总/d有/vyou一/m天/qt，/wd他/rr会/v爱/v我/rr，/wd跟/p我/rr一起/d细水长流/vl。/wj
沈冰/nr：/wp没/d长大/vi的/ude1孩子/n？/ww
没/d长大/vi的/ude1孩子/n可/c不/d会/v伤害/v那么/rz多/a女人/n。/wj
林夏/nr：/wp那/rzv是/vshi因为/p他/rr不/d懂/v爱情/n。/wj
孩子气/n总是/d任性/a的/ude1。/wj
他/rr明白/v了/ule以后/f就/d不/d会/v那么/c做/v了/y。/wj
再说/c他/rr并/d没有/d伤害/v我/rr，/wd所以/c我/rr认定/v他/rr对/p我/rr是/vshi不同/a的/ude1。/wj
他/rr心里/s是/vshi珍惜/v我/rr的/ude1。/wj
沈冰/nr：/wp他/rr这样/rzv还/d没有/d伤害/v你/rr？/ww
林夏/nr：/wp这么/rz说/v吧/y…/ws
…/ws
我/rr跟/p你/rr说/v了/y，/wd你/rr可/v千万/m不/d要/v告诉/v别人/rr啊/y…/ws
…/ws
沈冰/nr：/wp什么/ry啊/y？/ww
林夏/nr：/wp发誓/v。/wj
沈冰/nr举手/vi：/wp发誓/v！/wt
林/n夏/tg羞怯/a的/ude1：/wp我/rr还/d从来/d没有/v过/uguo呢/y。/wj
沈/nr1冰/n惊讶/a的/ude1：/wp你/rr说/v…/ws
…/ws
你/rr还是/v处女/n？/ww
！/wt
林/n夏/tg点头/vi。/wj
沈冰/nr：/wp不/d会/v吧/y…/ws
…/ws
林/n夏/tg得意/a的/ude1：/wp哈哈/o，/wd我/rr是/vshi不/d是/vshi看/v起来/vf身经百战/vl的/ude1样子/n？/ww
——/wp演/v得/ude3像/v吧/y？/ww
都/d被/pbei我/rr骗/v了/ule吧/y！/wt
沈冰/nr：/wp我/rr…/ws
…/ws
我/rr不/d知道/v该/v什么/ry了/y。/wj
我/rr以为/v你/rr和/cc疯子/n…/ws
…/ws
或者/c，/wd说实话/vl，/wd我/rr以为/v你/rr，/wd至少/d在/p这/rzv方面/n，/wd很/d…/ws
…/ws
比较/d率/v性/ng。/wj
林夏/nr：/wp我/rr在/p等/v那/rzv一/m天/qt！/wt
我/rr要/v把/pba我/rr的/ude1第一/m次/qv留给/v疯子/n，/wd这/rzv是/vshi对/p他/rr的/ude1奖赏/n，/wd也/d是/vshi对/p我/rr的/ude1交代/vn。/wj
沈冰/nr：/wp听/v起来/vf像/v是/vshi一个/mq爱情/n电影/n一样/a——/wp为了/p一个/mq男人/n，/wd守/v身/ng如/v玉/n。/wj
程锋/nr他/rr会/v感动/v吗/y？/ww
林夏/nr：/wp我/rr很/d不/d要/v脸/n的/ude1说/v一/m句/q，/wd你/rr不要/d嘲笑/v我/rr啊/y——/wp我/rr觉得/v，/wd这/rzv年头/n，/wd没什么/vl比/p这样/rzv的/ude1爱情/n承诺/vn，/wd更/d让/v人/n感动/a的/ude1了/y。/wj
沈冰/nr不/d说话/vi了/y。/wj
林夏/nr：/wp你/rr是/vshi不/d是/vshi想/v笑/v？/ww
是/vshi不/d是/vshi在/p内心/n里/f笑/v翻/v了/y？/ww
觉得/v我/rr有/vyou点/qt不要脸/a？/ww
沈/nr1冰/n摇头/vi：/wp没有/v。/wj
相反/vi的/ude1，/wd我/rr是/vshi被/pbei你/rr感动/v了/y。/wj
突然/ad觉得/v你/rr对/p疯子/n的/ude1爱/vn，/wd比/p我/rr想/v的/ude1更重/nr2…/ws
…/ws
林夏/nr：/wp爱/v要/v是/vshi真/d能/v用/p秤/n量/n的/ude1话/n，/wd疯子/n会/v看到/v每天/r每天/r我/rr都/d在/p上面/f加码/vi。/wj
沈冰/nr：/wp我/rr现在/t已经/d有/vyou点儿/q不/d敢/v相信/v爱情/n了/y----/wp昨晚/t听到/v小/a猛/d对/p我/rr说/v的/ude1那/rzv句/q话/n，/wd我/rr觉得/v自己/rr轻/v得/ude3都/d随手/d可以/v飘/v走/v----/wp林夏/nr拉/v着/uzhe沈冰/nr进/vf卧室/n：/wp来/m！/wt
沈冰/nr：/wp什么/ry事/n啊/y？/ww
林夏/nr：/wp你/rr信/n不/d信/v命/n？/ww
二十九/m、/wn吴/tg魏/tg家/n，/wd内/f，/wd夜/tg小/a伍/nr1接过/v吴/tg魏/tg递/v过来/vf的/ude1红/a酒/n杯/ng。/wj
小/a伍：/m突然/ad叫/vi我/rr来/vf，/wd就是/v为了/p请/v我/rr喝酒/vi？/ww
吴/tg魏/tg反问/v道/n：/wp难道/d你/rr还/d有/vyou别的/rzv事/n？/ww
小伍/nr笑/v了/ule笑/v：/wp看来/v你/rr一点/mq都/d没有/d变/v，/wd我/rr当然/d有/vyou别的/rzv事/n，/wd你/rr还/d真/a的/ude1认为/v世界/n在/p围/v着/uzhe你/rr转/v？/ww
你/rr耽误/v了/ule我/rr非常/d重要/a的/ude1事/n。/wj
吴/tg魏/tg自得/an地/ude2笑/v着/uzhe：/wp看来/v还/d是/vshi没有/v我/rr重要/a嘛/y。/wj
小/a伍：/m你/rr果然/d是/vshi你/rr！/wt
这么/rz大/a的/ude1打击/vn，/wd我/rr还/d以为/v你/rr至少/d需要/v三五/m天/qt才/d能/v缓/ad得/v过/uguo气/n来/vf呢/y！/wt
吴/tg魏/tg：/wp败/vi了/ule就/d败/vi了/y，/wd再/d赢/v回来/v就/d是/vshi，/wd总/d不/d能/v就/d一直/d趴/v在/p泥泞/n里/f自/d伤/v自/p怜/vg吧/y？/ww
小/a伍：/m看/v来华/vi勇/ag白/ng替/p你/rr担心/v了/y。/wj
吴/tg魏/tg：/wp怎么/ryv，/wd他/rr找/v过/uguo你/rr？/ww
多/m事/n！/wt
小/a伍：/m既然/c你/rr没/v事/n了/y，/wd我/rr陪/v你/rr喝/vg两/m杯/q就/d得/ude3走/v了/y。/wj
吴/tg魏/tg走近/v小/a伍/ng，/wd贴/v到/v小/a伍/nr1的/ude1面前/f，/wd要/v征服/v小/a伍/nr1的/ude1态势/n：/wp干/v嘛/y这么/rz急/v？/ww
你/rr回来/v以后/f我们/rr很/d少/a在/p一起/s吃饭/vi。/wj
我/rr只是/d想/v要/v你/rr把/pba更/d多/a的/ude1时间/n留给/v我/rr。/wj
小伍/nr用/p手指/n尖/a点/qt开/v吴/tg魏/tg的/ude1胸口/n，/wd向/p后/f退/v开/v一/m步/qv：/wp我/rr说/v了/y，/wd我/rr有/vyou很多/m重要/a的/ude1事/n——/wp更/d重要/a的/ude1人/n。/wj
吴/tg魏/tg：/wp没有/v比/p你/rr自己/rr更/d要/v的/ude1人/n，/wd没有/d比/p你/rr自己/rr的/ude1生日/n更/d重要/a的/ude1事/n！/wt
