这个/rz世界/n真/d他/rr妈/n黑暗/an，/wd到处/d都/d是/vshi阴谋/n，/wd到处/d都/d是/vshi陷阱/n，/wd到处/d都/d是/vshi算计/v！/wt
吃亏/a的/ude1永远/d都/d是/vshi我/rr这种/r老实/a人/n！/wt
十三/m、/wn大街/n，/wd外/f，/wd夜/tg一/m辆/q救护车/n闪/vi着/uzhe灯/n、/wn呜呜/o地/ude2鸣叫/v着/uzhe奔/v行/ng在/p大街/n上/f。/wj
十四/m、/wn医院/n，/wd外/f，/wd夜/tg一/m辆/q救护车/n飞速/d开/v来/vf，/wd停/vi在/p了/ule医院/n门口/s。/wj
几/m个/q救护/vn人员/n抬/v着/uzhe担架/n把/pba程胜恩/nr抬/v进/vf急救/vn室/n。/wj
程锋/nr紧紧/d跟/v在/p后面/f。/wj
十五/m、/wn小/a猛/a出租/vn屋/n，/wd内/f，/wd夜/tg小/a猛/a和/cc沈冰/nr坐/v在/p沙发/n上/f。/wj
沈/nr1冰/n震惊/v地/ude2看/v着/uzhe小/a猛/a。/wj
小猛/nr2：------/wp该/v告诉/v你/rr的/ude1我/rr都/d告诉/v你/rr了/y------/wp冰/n，/wd疯子/n什么/ry都/d比/p我/rr强/a，/wd他/rr是/vshi含/v着/uzhe金/b钥匙/n来到/v这个/rz世界/n上/f的/ude1，/wd我/rr就/d算/v再/d努力/an也/d赶/v不/d上/vf他/rr！/wt
我/rr根本/d没有/v和/cc他/rr竞争/v的/ude1勇气/n！/wt
你/rr要/v是/vshi选择/v了/ule他/rr，/wd我/rr也/d不/d会/v怨/v你/rr，/wd只/d会/v祝福/v你/rr------/wp沈冰/nr的/ude1神情/n渐渐/d镇静/a下来/vf，/wd伸手/vi捂住/v了/ule他/rr的/ude1嘴/n，/wd坚定/a地/n：/wp你/rr不用/d说/v了/y！/wt
小/a猛/a，/wd你/rr相信/v我/rr，/wd我/rr的/ude1心里/s只/d有/vyou你/rr！/wt
你/rr放心/v，/wd我/rr明天/t就/d去/vf辞职/vi！/wt
十六/m、/wn医院/n手术室/n外/f走廊/n，/wd内/f，/wd夜/tg林/ng夏/tg和/cc肥/n四/m和/cc吴/nr1狄/ng跑/v着/uzhe冲/v了/ule进来/vf。/wj
他们/rr发现/v了/ule一个/mq人/n孤零零/z坐/v着/uzhe的/ude1疯子/n。/wj
林夏/nr、/wn肥/n四/m、/wn吴/nr1狄/ng：/wp情况/n怎么样/ryv了/y？/ww
疯子/n：/wp“/wyz还/d在/p急救/v…/ws
…/ws
”/wyy林夏/nr：/wp“/wyz你/rr爸/n怎么/ryv会/v突然/ad病/v得/ude3这么/rz严重/a了/y？/ww
吴/nr1狄/ng掏/v电话/n：/wp我/rr通知/v小/a猛/a过来/vf！/wt
疯子/n：/wp别/d叫/vi他们/rr！/wt
千万/m别/d叫/vi！/wt
吴/nr1狄/ng：/wp怎么/ryv了/y？/ww
就/d为了/p一点儿/mq破/a广告/n，/wd你/rr俩/m还/d在/p闹/v啊/y？/ww
疯子/n：/wp你/rr别/d再/d添/v乱/v了/ule行/ng不/d？/ww
我/rr已经/d烦/v死/v了/y！/wt
林夏白/nr了/vi吴/nr1狄/ng一眼/d：/wp小猛/nr2又/d不/d是/vshi医生/n，/wd来/vf了/ule也/d不/d起/vf什么/ry作用/n！/wt
林夏/nr坐/v在/p疯子/n身边/s：/wp“/wyz别/d急/v，/wd你/rr爸/n一定/d没/v事/n的/ude1…/ws
…/ws
”/wyy疯子/n无/v语/ng，/wd望/v着/uzhe手术室/n的/ude1灯/n——/wp“/wyz手术/n中/f”/wyy三/m个/q字/n醒目/a的/ude1亮/a着/uzhe。/wj
十七/m、/wn小/a猛/a出租/vn屋/n，/wd内/f，/wd日/b桌上/s摆放/v着/uzhe早餐/n。/wj
沈冰/nr站/vi在/p窗/ng前/f，/wd帮/v小/a猛打/v着/uzhe领带/n：/wp等/v会儿/qt去/vf公司/n收拾/v东西/n，/wd千万/m别/vi和/cc胡荣/nr强/vg翻脸/v，/wd就/d算是/v辞职/vi，/wd咱们/rr也/d得/ude3精/a精神/n神/n，/wd高高兴兴/z地/n------/wp小/a猛/d勉强/ad笑/v着/uzhe点/n头/q，/wd眼神/n中/f有着/v掩饰/v不/d住/vi的/ude1歉疚/a和/cc伤感/an。/wj
沈冰/nr：/wp从/p今天/t起/f，/wd咱们/rr把/pba过去/t的/ude1事/n全都/d放下/v，/wd轻轻松松/z、/wn开/v开心/a心地/n过/uguo咱们/rr自己/rr的/ude1小日子/n！/wt
小猛/nr2感动/v地/ude2握紧/v了/ule沈冰/nr的/ude1手/n。/wj
十八/m、/wn医院/n手术室/n外/f走廊/n，/wd内/f，/wd日/b“/wyz手术/n中/f”/wyy的/ude1灯/n终于/d灭/v了/y。/wj
眼睛/n充满/v血丝/n的/ude1疯子/n急忙/d站/vi了/ule起来/vf。/wj
趴/v在/p他/rr肩上/s打瞌睡/vi的/ude1林夏/nr也/d起/vf身/ng。/wj
抱/v着/uzhe手/n靠/v着/uzhe墙/n睡/v着/uzhe的/ude1吴/nr1狄/ng和/cc肥/n四/m也/d被/pbei惊醒/v。/wj
手术/n车/n推/v了/ule出来/vf——/wp程/nr1胜/v恩/ng昏睡/vn在/p上面/f。/wj
几/m个/q人/n紧张/a的/ude1围/v过去/t——/wp疯子/n：/wp“/wyz医生/n他/rr怎么样/ryv？/ww
”/wyy护士/n：/wp“/wyz暂时/d没有/v生命/n危险/an了/y…/ws
…/ws
”/wyy一个/mq医生/n疲惫/a的/ude1摘/v下/vf口罩/n：/wp“/wyz谁/ry是/vshi家属/n？/ww
”/wyy疯子/n紧张/a的/ude1：/wp“/wyz我/rr…/ws
…/ws
我/rr是/vshi…/ws
…/ws
”/wyy医生/n：/wp“/wyz你/rr是/vshi他/rr什么/ry人/n？/ww
”/wyy疯子/n：/wp“/wyz儿子/n…/ws
…/ws
”/wyy医生/n：/wp“/wyz他/rr有/vyou心脏病/n史/ng你/rr知道/v吗/y？/ww
”/wyy疯子/n：/wp“/wyz好像/v…/ws
…/ws
知道/v点/qt…/ws
…/ws
”/wyy医生/n不/d满/a的/ude1：/wp“/wyz好像/v知道/v点/n？/ww
真/d不/d知道/v你们/rr这些/rz年轻人/n怎么/ryv做/v子女/n的/ude1？/ww
他/rr这次/r的/ude1情况/n很/d危险/a！/wt
你/rr记住/v，/wd他/rr这样/rzv的/ude1身体/n，/wd以后/f不能/v再/d受/v强烈/ad刺激/v了/y！/wt
”/wyy手术/n车/n被/pbei推/v走/v。/wj
疯子/n终于/d松/v了/ule口/q气/n，/wd险些/d瘫/vi倒/vi。/wj
十九/m、/wn胡氏/nr公司/n楼下/s，/wd外/f，/wd日/b石小猛/nr走/v到/v楼下/s，/wd有些/rz不/d甘心/v地/ude2抬头/vi仰/v看/v着/uzhe面前/f的/ude1大楼/n。/wj
石小猛/nr定/v定/v心神/n，/wd尽量/d平静/a地/ude2走/v了/ule进去/vf。/wj
二十/m、/wn胡氏/nr公司/n，/wd内/f，/wd日/b石小猛/nr推/v门/n进来/vf。/wj
砰/o的/ude1一/m声/qv香槟/n开/v瓶/n声/qv吓/v了/ule小/a猛/a一/m跳/vi。/wj
小/a猛/d愣住/vi了/y。/wj
（/wkz主观/n视角/n）/wky同事/n们/k一个个/m笑脸/n相对/vi，/wd像/v欢迎/vn英雄/n般/uyy用/v香槟/n鲜花/n和/cc掌声/n夹道/n相/d迎/v。/wj
胡容/nr强/vg亲热/a地/ude2走/v过来/vf，/wd给/v了/ule小/a猛/a一个/mq大/a大/a的/ude1拥抱/vn。/wj
胡容强/nr：/wp小/a猛/a，/wd你/rr总/d算/v来/vf了/y！/wt
昨天/t你/rr手机/n关机/vi，/wd没/d联系/v上/vf你/rr。/wj
今天/t是/vshi月末/t，/wd我/rr猜/v你/rr准/d会/v来/vf的/ude1------/wp小/a猛/a：/wp胡总/nr，/wd谢谢/v你们/rr的/ude1欢送/vn，/wd我/rr这/rzv就/d收拾/v东西/n走/v人/n。/wj
胡容强/nr：/wp走/v？/ww
你/rr误会/v了/y，/wd我们/rr这/rzv不/d是/vshi在/p欢送/v你/rr，/wd是/vshi在/p为/v你/rr庆贺/v！/wt
小/a猛/a疑惑/vn地/n：/wp庆贺/v？/ww
胡容强/nr倒/vi了/ule两/m杯/q酒/n，/wd递/v了/ule一/m杯/q给/p小/a猛/a：/wp“/wyz这/rzv第一/m杯/q酒/n，/wd是/vshi祝贺/v小猛/nr2为/p我们/rr公司/n拿/v到/v天/qt成/v集团/n年度/n广告/n大/a单/d！/wt
”/wyy大家/rr鼓/v着/uzhe掌/n，/wd掌声/n中/f胡容强/nr与/p小/a猛/a手中/s的/ude1酒杯/n碰/v了/ule一下/mq，/wd将/d杯/ng中/f酒/n一/d饮/v而/cc尽/vi。/wj
小/a猛/d愣住/vi了/y，/wd端/v着/uzhe酒/n不/d肯/v喝/vg：/wp什么/ry？/ww
你/rr说/v什么/ry？/ww
胡容强/nr：/wp小/a猛/a，/wd多亏/v了/ule你/rr呀/y，/wd天/qt成/v最终/d还是/v把/pba单子/n给/v了/ule咱们/rr公司/n！/wt
小猛/nr2意外/a地/n：/wp胡总/nr-----/wp胡容强/nr：/wp嗨/e，/wd怎么/ryv几/m天/qt不见/v就/d生分/a起来/vf了/y，/wd叫/vi什么/ry胡/nr1总/b，/wd还是/c叫/vi我/rr胡哥/nr吧/y！/wt
来/vf，/wd先/d把/pba酒/n喝/vg了/ule-----/wp小/a猛/d犹豫/a着/uzhe还/d想/v说/v什么/ry，/wd但/c胡容强/nr用/p手/n扶/v着/uzhe他/rr手中/s的/ude1杯子/n，/wd凑/v到/v了/ule他/rr的/ude1唇/ng边/k，/wd他/rr只/d得/v一/m张/q嘴/n把酒/v喝/vg了/ule下去/vf。/wj
小/a猛/d有/vyou点儿/q呛/vi着/uzhe了/y，/wd咳/v着/uzhe：/wp咳/e，/wd咳/e------/wp胡哥/nr，/wd今天/t我/rr来/vf公司/n其实/d-----/wp胡容/nr强/vg打断/v他/rr：/wp其实/d我/rr那天/r说/v的/ude1都/d是/vshi气话/n，/wd我/rr也/d是/vshi恨/v铁/n不/d成/v钢/n嘛/y！/wt
我/rr本来/d是/vshi为了/p激励/v你/rr，/wd可/v有些/rz话/n的确/d是/vshi重/v了/ule些/q，/wd看/v在/p这/rzv三/m年/qt来/f我/rr一直/d都/d很/d照顾/v你/rr的/ude1情/n份/q上/f你/rr就/d别/d和/cc胡/nr1哥/n计较/v了/y。/wj
