调查 结果 中 主要 支出 项 是  子女 教育  日常 生活 消费品 和 农 耕 产品    日常 消费品 很多 很 杂  小 至 指甲 刀  针线  油盐酱醋  大 到 电饭锅  电磁炉  
柳志军 说   最 不 方便 的 是 要 跑 到 镇 上 买 东西  充 话费  来回 车费 要 15 块 钱  还 得 跑 半 天  
商品 库  淘 宝 有 
于是 网 店 协会 找到 淘 宝  在 后台 筛选 出  信誉 度 高  有 返利 的  的 商品   预留 下 网点 工作人员 的 返利  
七月 份  网站 协会 开始 在 两 个 村庄 进行 试点 
选 点 遵循 两 个 原则  交通 不便 的 村庄  人流 最 多 的 小卖 铺 
如果 一个 村庄 的 交通 发达  快递 能 到达  网 店 协会 的 自 建 物流 就 没 有 价值  在 村庄 里 找到 人们 喜欢 聚集 的 小卖 铺  潘君跃 称为  每个 村 的 肯德基 位置  
每个 店 成本 约 一 万 元   配备 电脑  大屏幕  广告牌    明年 二百 多 个 网点 大概 200 多 万 的 投入  
小卖 铺 的 老板 便 是 这个 网点 的 工作人员 
最后 一 公里 的 快递 问题 从 遂昌县 政府 驾车 沿着 县级 公路 到 龙 洋 乡 埠头 洋 村 需要 两 个 半 小时  全程 71
4 公里 —— 这里 是 遂昌县 网 店 协会 为 这个 项目 定下 的 物流 终点  再 往 南 走  便 是 县 道 的 尽头 
60 岁 的 退休 小学 数学 教师 吴继忠 的 商店 就 盖 在 清澈 的 乌溪江 和 狭窄 的 县 公路 之间 
店 前 静静地 坐 着 许多 老人  这 一 次 潘君跃 又 感叹  这里 是 整个 村子 人气 最 旺 的 地方 
此前  吴继忠  从来 没有 摸 过 电脑   他 从 开机 学 起  注册 了 淘 宝 和 支付 宝 账号 
村民 购物 时  吴继忠 用 自己 的 支付 宝 垫付  村民 再 给 他 现金 —— 交易量 大 的 坑 口 村民 李雪 已经 在 网上 被 称为  拜 金 女  
不 用 坐 车 到 镇 里 就 能 充 电话费  这 对 老人 们 是 个 福音 
 15 块 的 来回 车票  充 一百  其实 花 了 115  还 得 跑 半 天  
第一 笔 交易 来自 静坐 人群 中 的 一 位 大爷   如果 真 能 充 就 真 是 做 好事 了  不要 骗人 了 
十 块 钱 能 不能 充 
短 信 有 没 有 提示  
吴继忠 在 淘 宝 上 给 他 充 了 十 块  过 了 一分 钟  短 信 提示 了  大爷 兴奋 地 说   哎哟  真的 能 充 的 额  那 我 再 充 一百 块  
第一 天 只 有 充值  没有 人 下 单 买 东西  
柳志军 等 人 第二 天 也 开车 进来 
一 个 大爷 要 买 一 双 皮鞋  却 担心 质量 不好 不 
于是 大爷 决定 从 十 块 钱 的 小 东西 开始 买 起 —— 一 个 放大镜   他 要 看 农药 瓶子 上 的 说明  
李雪 的 小卖 铺 就 在 坑 口 村 的 广场 旁边  有 活动 的 晚上 会 人声鼎沸 
12月 1日 这 一 天  她 的 姐妹 们 在 他 那里 消费 了 1000 多 块   买 面 油  棉鞋  羽绒 背心  干活 手套  充 话费 
老 的 年轻人 都 买 
她们 一个 看 一个 的  一个 买 了 第二 个 也 买 了  
每 一 个 网点 都 贴 着 一 份 导购 海报  海 报 上 的 商品 都 是 柳志军 从 淘 宝 商品 库 里 筛选 出 来 的 有 返利 的 商品   平均 15% 左右  我们 会 给 网点 工作人员 8%  我们 留下 7%  
柳志军 说   对 村民 来说  我们 是 在 做 服务  对 企业 来说  我们 是 在 做 渠道 
物流 统一 4 块 钱 的 价格  现在 是 赔钱 的  快递公司 成本 我们 现在 是 在 承担 着 的  但 以后 货物 多 了  是 会 赚钱 的  
网 店 协会 总经理 潘东明 在 地图 上 比划 着 从 县城 到 龙洋乡 的 县 道 公路   我们 先 铺 这 条 路 的 物流  网点 以 周边 村庄 为主 
这 条 线 的 物流 成本 是 最低 的 
全国 农村  没有 一个 快递 是 直接 能 到 的 
目前 到 村里 的 物流 只 有 EMS  价格 很 高  一 周 才 送 一 次 
我们 要 解决 村级 最后 一 公里 的 快递 问题  
华东 平 不久前 接到 潘东明 的 电话  说 起 这个 项目 时  还 不 知道 它 的 价值  详细 一 听 才 发现 有利可图 
 我 之前 跟 百 度 合作  我 让 他们 帮 我 把 县级 的 小 网站 提供 给 我  我 在 上面 做 导购 —— 不 是 点 一下 广告 就 给 钱  而是 卖 出去 我 才 给 他们 分成 
我 卖 了 400 多 万  给 了 百 度 120 万 
我们 在 淘 宝 网上 卖 30 多 块  在 上面 卖 88 块 
但 他们 不 懂得 上 淘 宝 买  奇怪 吧  
农村 电 商 畅想  商业 文明 的 红利 根本 没有 到达 农村  
潘东明 感叹   很 多 公共资源 他们 也 不 知道 怎样 得到  
在 潘东明 设计 的 模式 里  这个 称为  赶 街  的 项目 会 成为 农村 的 信息 平台 
柳志军 说  以后 会 在 屏幕 提供 有 价值 的 信息  比如  老年人 养生 讲座  县城 的 用工 信息  农村 青年 婚介 服务  等等  而 茶叶 收购 信息 将 会 直接 影响 到 茶农 的 收入   以前 卖 茶叶 只能 打听 到 邻近 几 个 村 的 价格  我们 要 做到 全县 价格 透明  把 收购 价格 从 最高 到 最低 罗列 出来  让 农民 去 选择  
潘东明 更 希望 这个 物流 通道 做成 以后  遂昌 的 特色 农产品 —— 竹笋  萝卜  土 猪  茶叶 等  能 进入 电 商 渠道  卖 向 城里 —— 只有 城里 才 能 卖 有机 农产品 的 价格 
在 这样 的 设计 下  丽水 市政府 领导 已经 到 遂昌 考察 过  计划 明年 把 丽水市 九 个 县 的 农村 电 商 服务 试点 都 交给 遂昌 网 店 协会 