一个/mq阳光/n很/d好/a的/ude1午后/t，/wd在/p后周/t都城/n开封/ns西北/s的/ude1狸猫/n巷/ng里/f，/wd陈/nr1记/ng治/v玉/n铺/v老板/n酒足饭饱/vl后/f，/wd握/v着/uzhe一/m把/pba小巧/a的/ude1玉/n壶/ng，/wd慢腾腾/z地/ude2朝/p后院/n走/v去/vf。/wj
从/p一个/mq毫无/v背景/n的/ude1下/vf人/n，/wd靠/v着/uzhe自己/rr的/ude1头脑/n，/wd加上/v善于/v察/vg颜/ng观/vg色/ng，/wd仅仅/d十/m来/m年/qt功夫/n，/wd就/d拥有/v一个/mq小/a有/vyou规范/a的/ude1琢/v玉/n坊/ng。/wj
陈/nr1老板/n把/pba自己/rr的/ude1成就/n归功/vi一个/mq阳光/n很/d好/a的/ude1午后/t，/wd在/p后周/t都城/n开封/ns西北/s的/ude1狸猫/n巷/ng里/f，/wd“/wyz陈/nr1记/ng”/wyy治/v玉/n铺/v老板/n酒足饭饱/vl后/f，/wd握/v着/uzhe一/m把/pba小巧/a的/ude1玉/n壶/ng，/wd慢腾腾/z地/ude2朝/p后院/n走/v去/vf。/wj
从/p一个/mq毫无/v背景/n的/ude1下/vf人/n，/wd靠/v着/uzhe自己/rr的/ude1头脑/n，/wd加上/v善于/v察/vg颜/ng观/vg色/ng，/wd仅仅/d十/m来/m年/qt功夫/n，/wd就/d拥有/v一个/mq小/a有/vyou规范/a的/ude1琢/v玉/n坊/ng。/wj
陈/nr1老板/n把/pba自己/rr的/ude1成就/n归功/vi于/p自己/rr独特/a的/ude1眼光/n：/wm快/a，/wd狠/d，/wd准/a。/wj
“/wyz老姜/nr，/wd玉/n佛/n什么/ry时候/n能/v完工/vi啊/y？/ww”/wyy
陈/nr1老板/n终于/d开口/vi了/y。/wj
老/a工匠/n正在/d用/p刻刀/n琢磨/v着/uzhe玉佛/nr2的/ude1脸/n，/wd没/d一点/m反应/vn。/wj
“/wyz跷/v脚/n姜/nr1，/wd东家/n问/v你/rr呢/y。/wj”/wyy
刀/n脸/n汉子/n凑/v了/ule上去/vf。/wj
刻刀/n在/p玉/n佛/n脸部/n平稳/ad游/v走/v，/wd一个/mq慈祥/a饱满/a的/ude1观音/n脸庞/n已经/d清晰可见/vl。/wj
“/wyz不/d懂/v规矩/n哦/e。/wj”/wyy
老/a工匠/n终于/d抬/v起/vf头/n，/wd并/cc没有/d看/v陈/nr1老板/n，/wd而是/c在/p阳光/n下/f端详/v刚/d完工/vi的/ude1作品/n。/wj
陈/nr1老板/n有些/rz尴尬/an，/wd伸手/vi制止/v了/ule想/v冲动/an的/ude1刀/n脸/n汉子/n，/wd嘴角/n依然/d保持/v着/uzhe微笑/vi。/wj
“/wyz等/udeng会/v拿/v一/m壶/q酒/n，/wd一/m块/q好/a肉/n给/p老姜/nr。/wj”/wyy
陈/nr1老板/n朝/b刀/n脸/n汉子/n说/v。/wj
今天/t他/rr心情/n确实/ad不错/a，/wd等/udeng会/v把/pba玉佛/nr2往/p宫/ng里/f一/m送/v，/wd至少/d能/v赚/v好几/m十两/m银子/n。/wj
“/wyz滚/vi，/wd讨饭/vi讨/v到/v家里/s吗/y？/ww
瞎眼/vi了/y吗/y？/ww”/wyy
刀/n脸/n汉子/n终于/d逮/v住/vi发/v飚/x的/ude1机会/n，/wd他/rr甚至/d想/v冲/v上去/vf撸/ng几/m下/f独/d眼/q老头/n。/wj
但/c刀/n脸/n刚/d立马/d觉得/v不/d对/p劲/n，/wd那/rzv独/d眼/q老头/n手里/s两手/mq并/d没有/v讨饭/vi的/ude1碗/n，/wd而是/c分别/d托/v着/uzhe一/m大/a一/m小/a的/ude1两/m个/q鹅卵石/n。/wj
“/wyz候/v管家/n，/wd有/vyou这样/rzv迎/v客/ng的/ude1吗/y？/ww”/wyy
陈/nr1老板/n笑眯眯/z的/ude1叱/x呵/v道/qv，/wd同时/c快速/d地/ude2扫/v了/ule一/m眼/q独/a眼/n老头/n手里/s的/ude1石头/n。/wj
候/v管家/n有些/rz诧异/a，/wd退/v了/ule几/m步/qv，/wd不/d敢/v啃/v声/n了/y。/wj
独/a眼/n老头/n并/cc没有/d在乎/v这/rzv对/p主仆/n的/ude1态度/n，/wd将/p石头/n往/p木/ng凳/ng上/f一/m放/v：/wm看/v货/n吧/y。/wj
陈/nr1老板/n漫不经心/vl的/ude1围/v着/uzhe凳子/n，/wd眼睛/n最后/f落/v在/p大/a的/ude1石头/n上/f。/wj
这/rzv是/vshi一/m块/q外面/f包裹/v着/uzhe秋/tg梨/n色/ng玉/n皮/n的/ude1玉石/n籽/ng料/n，/wd已经/d开/v窗/ng，/wd露出/v指甲/n大小/n的/ude1玉/n髓/x，/wd润/v白/a而/cc不/d反/vi青/a，/wd油脂/n度/qv相当/d高/a。/wj
陈/nr1老板/n把/pba茶壶/n递给/v候/v管家/n，/wd将/p脸/n贴/v着/uzhe石头/n，/wd并/cc用/v厚实/a的/ude1手指/n摩擦/vn石头/n表面/n。/wj
凭着/p经验/n，/wd陈/nr1老板/n断定/v这/rzv应该/v是/vshi和田/ns玉/n籽/ng料/n，/wd并且/c是/vshi上品/n。/wj
陈/nr1老/a板眼/n珠子/n转转/v，/wd抬/v起/vf身体/n，/wd做出/v不屑/v状/ng，/wd刚/d想/v开口/vi贬低/v几/m句/q。/wj
“/wyz我/rr不/d想/v听/v废话/n。/wj”/wyy
独/a眼/n老头/n说/v。/wj
“/wyz那/rzv10/n两/m吧/y！/wt”/wyy
陈/nr1老板/n顾不得/v平常/a报价/vn顺序/n，/wd脱/v口/n说/v。/wj
独/a眼/n老头/n面/n无/v表情/n。/wj
“/wyz50/m，/wd怎么样/ryv？/ww
好/a，/wd翻/v一番/mq…/ws…/ws”/wyy
独/a眼/n老头/n用/p目光/n盯住/v陈/nr1老板/n，/wd陈/nr1老板/n心里/s一/m紧/a：/wm好/a犀利/a的/ude1目光/n啊/y。/wj
于是/cc干笑/v几/m声/qv，/wd嘴巴/n却/d没/d空闲/v：/wm“/wyz300/m，/wd再/d加/v100/m，/wd那/rzv500/m怎么样/ryv？/ww”/wyy
独/a眼/n老头/n还是/c没有/v什么/ry特别/a的/ude1表情/n，/wd等/v陈/nr1老板/n不/d开口/vi了/y，/wd弯/v身/ng拿/v起/vf石头/n，/wd转身/vi朝/p门口/s走/v去/vf。/wj
陈/nr1老板/n急/v了/y，/wd奔走/vi几/m步/qv，/wd用/p肥胖/a的/ude1身体/n堵住/v了/ule独/a眼/n老头/n：/wm“/wyz1000/m两/m！/wt
你/rr放下/v石头/n！/wt”/wyy
陈/nr1老板/n大/d喊/v。/wj
候/v管家/n呆/v呆/v地/ude2看/v着/uzhe眼前/s一切/rz，/wd好像/v在/p听说/v书/n一样/uyy，/wd因为/c东家/n的/ude1全部/m家当/n合计/v起来/vf也/d只/d几/m千两/m。/wj
没/v多久/ryt，/wd陈/nr1老板/n又/d急匆匆/z的/ude1奔/v了/ule回来/v，/wd手里/s多/m了/ule一/m张/q银票/n。/wj
独/a眼/n老头/n接过/v票子/n后/f，/wd看/v也/d没/d看/v，/wd就/d塞/v进/vf袖子/n里/f，/wd来到/v跷/v脚/n姜/nr1跟前/f。/wj
跷/v脚/n姜/nr1的/ude1眼光/n一直/d没有/d离开/v小/a石头/n。/wj
独/a眼/n老头/n拿/v起/vf玉/n观音/n看/v了/ule一下/mq，/wd说/v：/wm“/wyz仅/d用/v一/m把/pba小/a刀/n，/wd就/d能/v雕/vg刻/v如此/rzv逼真/a，/wd这/rzv世间/n几/m人/n而已/y。/wj”/wyy
陈/nr1老板/n得到/v宝贝/n后/f，/wd心情/n大为/d舒畅/a，/wd这时/rzt见/v独/a眼/n老头/n没有/d走/v的/ude1意思/n，/wd也/d乐得/v了解/v一下/mq对方/n的/ude1来历/n。/wj
于是/cc很/d主动/a的/ude1介绍/v起/vf跷/v脚/n姜/n来/vf了/y。/wj
“/wyz你/rr开/v一个/mq价/n吧/y。/wj”/wyy
独/a眼/n老头/n慢/a声/qv说/v。/wj
陈/nr1老板/n饶有/v兴趣/n的/ude1喝/vg着/uzhe茶/n，/wd看/v着/uzhe。/wj
硗/x脚/n姜/nr1仍旧/d不停/v地/ude2转动/v小/a石头/n，/wd目光/n一直/d没/d离开/v它/rr。/wj
“/wyz硗/x脚/n姜/nr1，/wd快/a报价/n哦/e，/wd好/a宝贝/n呢/y。/wj”/wyy
候/v管家/n嘲讽/v道/qv。/wj
“/wyz也/d1000/m两/m吧/y。/wj”/wyy
硗/x脚/n姜/nr1平静/a的/ude1说/v。/wj
“/wyz什么/ry？/ww”/wyy
陈/nr1老板/n叫/vi了/ule起来/vf，/wd手里/s的/ude1茶壶/n“/wyz吧嗒/o”/wyy一/m声/qv砸/v在/p地上/s，/wd摔/v了/ule个/q粉碎/v。/wj
“/wyz但是/c，/wd我/rr买/v不/d起/vf啊/y，/wd老朋友/n。/wj”/wyy
硗/x脚/n姜/nr1可惜/v地/ude2摇摇/v头/n。/wj
“/wyz切/v，/wd真/d老/a糊/a涂/v了/y，/wd可惜/v了/ule我/rr的/ude1茶壶/n了/y。/wj”/wyy
陈/nr1老板/n愤愤/d地/ude2埋怨/v。/wj
独/a眼/n老头/n显然/ad有/vyou些/q生气/n，/wd要/v去/vf拿/v回/qv石头/n。/wj
硗/x脚/n姜/nr1扫视/v了/ule一下/mq周围/f的/ude1工匠/n，/wd最后/f目光/n落/v在/p一个/mq身材/n魁伟/nr2的/ude1年轻/a汉子/n身上/s。/wj
“/wyz不过/c，/wd有人/r买/v得/ude3起/vf，/wd就/d不/d知道/v他/rr愿意/v买/v不/d买/v？/ww”/wyy
陈/nr1老板/n哈哈大笑/al：/wm“/wyz老姜/nr，/wd你们/rr不/d会/v合伙/vd来/vf忽悠/z我/rr吧/y？/ww”/wyy
候/v管家/n也/d叫/vi起来/vf：/wm“/wyz我们/rr东家/n眼光/n毒/n着/uzhe呢/y，/wd没/v人/n能/v在/p他/rr老人家/n面前/f耍/v把戏/n的/ude1。/wj”/wyy
“/wyz你/rr的/ude1机会/n错过/v了/y。/wj
现在/t你/rr也/d买/v不/d起/vf，/wd东/f家/q。/wj”/wyy
硗/x脚/n姜/nr1冷/a冷/a的/ude1说/v。/wj