八百/m里/q水/n泊/vg北岸/s有/vyou两/m座/q山峰/n，/wd北边/f的/ude1叫/vi铁山/nr2，/wd南边/f的/ude1叫/vi银山/nr2。/wj
两/m山/n之间/f有/vyou个/q依/v山/n傍/v湖/n的/ude1村庄/n，/wd它/rr就/d叫/vi石/ng竭/ag村/n。/wj
石/ng竭/ag村/n有/vyou一/m家/q，/wd娘/n四/m个/q过/d活/a，/wd兄弟/n三/m人/n，/wd姓/v阮/nr1，/wd人称/n阮氏/nr三/m雄/ag。/wj
兄弟/n三/m人/n靠/v打鱼/vi为生/vi，/wd自幼/d习武/vi，/wd练就/v一身/n好/a武艺/n，/wd十八/m般/uyy武艺/n样样/q精通/v。/wj
他们/rr水性/n更/d好/a，/wd能/v在/p水/n里/f睁/v着/uzhe眼/n看/v东西/n，/wd在/p水/n内/f可以/v隐藏/v三/m天/qt三/m夜/qt。/wj
他们/rr这/rzv本/q事/n在/p水/n泊/vg八百/m里/q，/wd那/rzv真/d是/vshi无/v人/n不知/v，/wd无/v人/n不/d晓/vg。/wj
他们/rr兄弟/n侠/ng肝/n义/ng胆/n，/wd嫉恶如仇/vl，/wd对/p皇帝/n的/ude1昏庸/an、/wn官府/n的/ude1腐败/an、/wn贪官/n的/ude1横行/vi、/wn渔霸/n的/ude1狠毒/an、/wn社会/n的/ude1黑暗/an恨之入骨/vl。/wj
当时/t流传/v着/uzhe这么/rz一个/mq顺口/ad溜/v：/wm天昏地暗/al帝/ng无/v道/qv，/wd道君/nr2不/d君/ng臣/ng似/vg盗/vg：/wm黎民/n如/v羊/n无/v有/vyou草/n，/wd官府/n手/n举/ng杀/v羊/n刀/n。/wj
他们/rr兄弟/n三/m人/n，/wd专/d好/a结交/v天下/n豪杰/n，/wd路/n见/v不/d平/a，/wd拔/v刀/n相/d助/v，/wd扶/v危/ag济/vg贫/ag，/wd真/d都/d是/vshi顶天立地/vl的/ude1英雄好汉/n。/wj
他们/rr有/vyou许许多多/m的/ude1故事/n在/p梁山/ns各地/rzs流传/v着/uzhe。/wj
阮小/nr二/m卖/v鱼/n救/v女/b的/ude1故事/n就/d是/vshi其中/rz的/ude1一/m个/q。/wj
立地/d太岁/n阮/nr1小/a二/m，/wd二十五六/m岁/qt年纪/n，/wd身高/n八/m尺/q，/wd膀/ng宽/a腰/n圆/vg，/wd四/m方/q大/a脸/n，/wd环/v眼/q剑眉/n，/wd双目/n炯炯有神/vl。/wj
直到/v这个/rz岁数/n还/d没有/d娶/v妻/ng哩/y，/wd吃饭/vi穿衣/v还/d需/v娘/n操心/v。/wj
阮/nr1母/ng五十/m余/m岁/qt，/wd头发/n花白/z，/wd身板/n硬朗/a，/wd撑/v船/n摇/v橹/ng，/wd捕鱼/vi捞/v虾/n，/wd样样/q皆/d通/v。/wj
她/rr一/m共/d生/v了/ule七/m个/q儿子/n，/wd个个/q都/d争/v强/a好胜/a，/wd侠/ng肝/n义/ng胆/n，/wd就是/d见/v不/d了/ule不/d顺眼/a的/ude1事儿/n。/wj
因/p打抱不平/vl，/wd为民除害/vl，/wd一/m次/qv就/d死/v去/vf了/ule兄弟/n四/m个/q，/wd剩下/v了/ule阮小/nr二/m阮/nr1小/a五/m和/cc阮小/nr七/m兄弟/n三/m个/q，/wd这/rzv兄弟/n三/m人/n就/d成/v了/ule阮/nr1母/ng的/ude1挂心/v肉/n。/wj
每次/r入/v湖/n打鱼/vi，/wd她/rr都/d要/v对/p三/m个/q儿子/n再三/d嘱咐/v：/wm"/x遇到/v不平/a事/n，/wd你们/rr要/v少/ad管/v呀/y。/wj
现在/t天昏地暗/al，/wd世道/n不平/an；/wf再/d加/v天灾人祸/nl，/wd逼/v得/ude3人们/n走投无路/al；/wf皇帝/n昏庸/an。/wj
官府/n和/cc富户/n、/wn渔霸/n勾结/v，/wd苛捐杂税/nl稠/a如/v牛毛/n，/wd抓/v不/d完/vi的/ude1差/a，/wd拿/v不/d完/vi的/ude1钱/n。/wj
民不聊生/vl，/wd怨声载道/vl，/wd有/vyou志/n为民除害/vl的/ude1好汉/n们/k，/wd都/d揭/v竿/ng聚/v义/ng。/wj
你们/rr兄弟/n可/c不要/d蛮干/vi，/wd遇/v事儿/n要/v三思而后行/vl。/wj
常言/n说/v得/ude3好/a：/wm'/x留/v得/ude3青山/n在/p，/wd不怕/v没/v柴/n烧/vi'/x，/wd君子/n报仇/vi十年/m不/d晚/tg。/wj
你/rr那/rzv四/m个/q兄弟/n还/d不/d是/vshi不/d听/v为/p娘/n的/ude1话/n送/v的/ude1死/a？/ww
我/rr就/d怕/v你们/rr那种/r火爆/a脾气/n，/wd动不动/d就/d要/v管闲事/vl，/wd你们/rr管/v也/d管/v不/d了/y啊/y！/wt"/x
有时/d，/wd儿子/n们/k打鱼/vi，/wd她/rr也/d要/v跟着/v进/vf湖/n，/wd打鱼/vi到/v湖/n外/f集市/n去/vf卖/v，/wd她/rr一定/d要/v随/p儿子/n们/k前往/v。/wj
一/m天/qt，/wd天/qt还/d没/d亮/vi，/wd阮小/nr二/m撑/v船/n要/v去/vf卖/v鱼/n。/wj
阮/nr1母/ng问/v：/wm"/x小/a二/m，/wd到/v哪/ry去/vf卖/v？/ww"/x
阮小/nr二/m说/v：/wm"/x到/v小/a路口/n集/vg上/f去/vf卖/v。/wj"/x
阮/nr1母/ng说/v：/wm"/x不/d能/v去/vf！/wt"/x
阮小/nr二/m问/v：/wm"/x为什么/ryv？/ww"/x
阮/nr1母/ng说/v：/wm"/x不/d能/v去/vf就/d是/vshi不/d能/v去/vf，/wd别/d问/v了/y。/wj"/x
阮/nr1二/m说/v：/wm"/x你/rr不/d明/tg说/v我/rr就/d非/b去/vf不行/a！/wt
我/rr都/d二十五六/m了/y，/wd还/d能/v像/v十几/m岁/qt时/ng那样/rzv，/wd我们/rr走/v一/m步/qv你/rr跟/p一/m步/qv？/ww"/x
阮小/nr二/m劝/v道/v：/wm"/x娘/n，/wd别提/v那/rzv伤/v，/wd那/rzv仇/n咱们/rr不/d是/vshi报/n了/y吗/y？/ww"/x
阮/nr1母/ng问/v：/wm"/x你/rr知道/v小/a路口/n姓/v潘/nr1的/ude1财主/n是/vshi谁/ry吗/y？/ww
他/rr就/d是/vshi东/f林/nr1寺院/n被/pbei你们/rr杀/v的/ude1那个/rz潘/nr1和尚/n的/ude1哥哥/n。/wj
他/rr称霸/v乡里/n，/wd欺/vg男/b霸/ng女/ng，/wd无恶不作/vl。/wj
你/rr到/v那儿/rzs卖/v鱼/n，/wd他/rr就/d会/v白/d拿/v白/d要/v，/wd你/rr会/v依/v吗/y？/ww
常言/n说/v：/wm好/a敌/ng不过/d劣/ag犬/ng多/a啊/y，/wd要/v是/vshi动/v起/vf手/n来/f，/wd还/d会/v有/vyou你/rr的/ude1好/a果子/n吃/v？/ww"/x"/x
娘/n，/wd这/rzv次/qv路/n远/a你/rr就/d不要/d去/vf了/y，/wd我/rr到/v那儿/rzs卖/v完/vi鱼/n就/d回/v，/wd不/d惹/v是非/n。/wj"/x"/x
不行/a，/wd娘/n跟/p你/rr撑/v船/n去/vf。/wj"/x
阮/nr1母/ng说/v后/f给/v阮小/nr二/m拿/v过/uguo一/m件/q衣服/n，/wd自己/rr也/d拿/v了/ule一/m件/q就/d登/v上/vf了/ule船/n。/wj
阮小/nr二一/m看/v，/wd不/d让/v娘/n跟/v是/vshi不行/a了/y。/wj
阮/nr1母/ng又/d对/p阮小/nr五/m和/cc阮小/nr七/m说/v：/wm"/x小/a五/m、/wn小/a七/m，/wd今天/t你们/rr也/d跟着/v到/v小/a路口/n湖边/s打鱼/vi，/wd出/vf了/ule事/n也/d好/a有/vyou个/q照应/v。/wj"/x
接着/c又/d说/v：/wm"/x小/a二/m，/wd我/rr撑/v船/n，/wd你/rr站/vi在/p船头/s，/wd有/vyou大/a鱼叉/n一/m个/q。/wj"/x
小/a渔船/n拖/v在/p大/a船/n后/f，/wd直奔/v小/a路口/n方向/n去/vf了/y。/wj
船/n行/ng到/v小/a路口/n湖边/s，/wd太阳/n还/d没/d升起/v。/wj
只见/v芦苇/n丛丛/q，/wd雾气腾腾/vl，/wd阮/nr1母/ng想/v：/wm今天/t小/a路口/n逢/v大集/n，/wd为/v啥/ry这样/rzv冷冷清清/z呢/y？/ww
她/rr对/p阮小/nr二/m说/v：/wm"/x小/a二/m，/wd今天/t我/rr看/v着/uzhe咋/ryv不/d对劲/a？/ww"/x
阮小/nr二/m说/v：/wm"/x咋/ryv着/uzhe又/d不/d对劲/a啦/y？/ww"/x
阮/nr1母/ng说/v：/wm"/x逢/v集/vg，/wd芦苇/n丛/ng里/f藏/v着/uzhe几/m只/q空/a船/n，/wd没有/v一/m人/n打鱼/vi，/wd这/rzv是/vshi为/v啥/ry？/ww"/x
阮小/nr二/m不以为然/vl地/ude2说/v：/wm"/x没有/d打鱼/vi的/ude1，/wd咱们/rr的/ude1鱼/n才/d好/a卖/v独/a份/q呀/y！/wt"/x"/x
不行/a！/wt
咱们/rr的/ude1船/n先/d别/d靠岸/vi，/wd等等/udeng再/d…/ws…/ws"/x
没/d等/v她/rr说/v完/vi，/wd只/d听/v湖/n外/f喊声/n大作/v：/wm"/x抓住/v她/rr！/wt
抓住/v她/rr！/wt"/x"/x
不/d能/v让/v她/rr跑/v了/y！/wt"/x"/x
谁/ry抓住/v重重/z有/vyou赏/v！/wt"/x
喊声/n接连不断/vl。/wj
阮小/nr二/m说/v：/wm"/x娘/n！/wt
怎么办/ryv？/ww"/x
阮/nr1母/ng说/v：/wm"/x先/d等等/v！/wt"/x
他们/rr向/p湖/n堤/n望去/v，/wd只见/v一个/mq人/n跌跌撞撞/z向/p湖边/s跑/v来/vf，/wd一头/d扎/v进/vf湖水/n里/f。/wj
阮/nr1母/ng喊/v：/wm"/x小/a二/m，/wd快/a！/wt
快/a快/a去/vf救/v！/wt"/x