老蔡/nr是/vshi兰/b城里/s的/ude1名医/n，/wd不管/c多/d严重/a的/ude1病/n。/wj
经/p他/rr把脉/vi看/v过/uguo，/wd在/p服/v下/vf他/rr亲手/d配/v的/ude1剂/q药/n，/wd都/d能/v药到病除/vl，/wd最/d难得/a的/ude1是/vshi他/rr收费/vi极/d低/a，/wd遇见/v穷苦/a人/n还/d不/d收费/vi，/wd连/ulian药都/n奉送/v。/wj
所以/c他/rr在/p兰/b城里/s的/ude1威望/n极/d高/a，/wd找/v他/rr看病/vi的/ude1人/n极/d多/a。/wj
话说/v兰/ng城里/s有/vyou位/q贫/ag户/ng王/n二/m，/wd他/rr有/vyou一/m女/b年/qt方/f二八/m，/wd生/v的/ude1唇/ng口齿/n白/a，/wd俊俏/a可人/a，/wd求亲/v的/ude1媒婆/n几乎/d踩/v破/v了/ule他家/r的/ude1门槛/n。/wj
王/nr1二/m放出/v话/n来/f，/wd要/v把/pba他/rr家/n这/rzv朵/q鲜花/n，/wd插/v在/p富家/n的/ude1地/n里/f。/wj
一时/t间/f媒婆/n少/v了/ule许多/m，/wd要/v说/v这/rzv城里/s的/ude1富户/n不/d多/a，/wd甘愿/v和/cc他们/rr贫贱/a人家/n结亲/vi几乎/d没有/v。/wj
就/d在/p王/nr1二/m心急如焚/vl的/ude1时候/n，/wd城里/s首富/n刘/nr1员外/n家/q派/v来/vf了/ule媒人/n给/p他/rr家/q公子/n说亲/vi。/wj
王/nr1二/m乐/a坏/a了/y，/wd一/m口/q应/v下/vf这/rzv门/q亲事/n。/wj
谁知/v王/nr1二/m把/pba闺女/n嫁/v过去/t才/d知道/v上当/vi受/v了/ule骗/v，/wd说/v好/a给/v刘/nr1员外/n家/q的/ude1公子/n说亲/vi，/wd实/ad是/vshi嫁/v给/v刘/nr1员外/n做/v偏房/n。/wj
王/nr1二一/m怒/vg之下/f跑/v到/v刘/nr1员外/n家/q闹事/vi，/wd被/pbei刘/nr1员外/n家/q的/ude1狗腿子/n打的/v满身/n是/vshi伤/v。/wj
回家/vi后/f一/m股/q火/n上/f来/vf几乎/d没/v了/ule命/n。/wj
家里人/n把/pba老蔡/nr请/v来/vf为/v他/rr诊治/v，/wd老/a蔡/nr1瞧瞧/v王/nr1二/m那/rzv张/q煞白/z的/ude1脸/n说道/v：/wm“/wyz我/rr先/d给/p他/rr开/v些/q治/v外/f伤/v的/ude1药/n，/wd回头/d在/p送/v你/rr一/m副/b药/n去/vf心里/s的/ude1病根/n。/wj”/wyy
说/v完/vi让/v王/nr1二/m家里人/n跟/p他/rr去/vf取/v药/n。/wj
那天/t夜里/t老/a蔡/nr1遛弯/v的/ude1时候/n，/wd走/v的/ude1远/a了/ule点/qt，/wd一直/d走/v到/v刘/nr1员外/n家/q的/ude1后院/n，/wd他/rr在/p刘/nr1员外/n家/q的/ude1后院/n转悠/vi了/ule半天/mq，/wd看/v了/ule看/v挨着/v他家/r的/ude1水井/n，/wd然后/c背/v着/uzhe手/n回/qv家/n去/vf了/y。/wj
第二/m天/qt刘/nr1员外/n一/m脸/q青色/n的/ude1来/vf找/v老/a蔡/nr1看病/vi，/wd老蔡/nr认真/a的/ude1给/p他/rr把脉/vi之后/f，/wd面/n露/v难色/n，/wd一直/d摇/v头/n。/wj
刘/nr1员外/n一/m瞧/v这/rzv架势/n，/wd以为/v自己/rr得/v了/ule什么/ry不/d治/v的/ude1怪/a病/n。/wj
吓/v得/ude3一身/n冷汗/n，/wd连忙/d问/v：/wm“/wyz我/rr说/v，/wd你/rr不/d是/vshi神医/n吗/y？/ww
摇头/vi算/v什么/ry我/rr的/ude1病/n你/rr不/d能/v治/v吗/y？/ww”/wyy
老蔡/nr摇/v着/uzhe头/n说/v：/wm“/wyz不/d是/vshi不/d能/v治/v，/wd药方/n是/vshi让/v你/rr舍弃/v一/m样/q东西/n怕/v你/rr不/d高兴/a。/wj
但是/c你/rr这/rzv病/n非得/d这/rzv药/n能/v治/v，/wd不/d治/v的/ude1话/n恐怕/d命/vg不久/m矣/y。/wj”/wyy
刘/nr1员外/n急/a的/ude1抓住/v老蔡/nr的/ude1手/n说/v：/wm“/wyz你/rr说/v，/wd只要/c能/v活命/vi我/rr没/d啥/ry舍/v不/d掉/v的/ude1。/wj”/wyy
老蔡/nr在/p刘/nr1员外/n耳/n旁/f低语/vi了/ule一阵/mq，/wd刘/nr1员外/n果然/c脸色/n大/d变/v，/wd支支吾吾/z的/ude1半/m天/qt没/d说/v出/vf话/n来/vf。/wj
老蔡/nr一/m摆手/vi说/v：/wm“/wyz罢了/y，/wd你/rr既然/c舍/v不/d掉/v，/wd就/d快/d回去/v吧/y！/wt”/wyy
刘/nr1员外/n低头/vd思虑/v了/ule一会/m说道/v：/wm“/wyz好/a吧/y！/wt
我/rr舍/v。/wj”/wyy
说/v完/vi就/d回家/vi去/vf了/y。/wj
他/rr回去/v后/f不久/m，/wd就/d看见/v一/m顶/q小/a轿/ng从/p他家/r的/ude1后面/f出来/vf，/wd送/v到/v了/ule王/nr1二/m家/q的/ude1门口/s，/wd王/nr1二/m的/ude1闺女/n从/p轿子/n中/f下来/vf，/wd跑/v回/v了/ule家/n。/wj
王/nr1二一/m见/v闺女/n完/vi璧/ng回到/v了/ule家里/s，/wd喜/v不/d自/p胜/v，/wd病/n一下子/mq就/d好/a了/y。/wj
后来/t人们/n好奇/a老/a蔡/nr1是/vshi和/p刘/nr1员外/n说/v了/ule什么/ry让/v刘/nr1员外/n送还/v了/ule王/nr1二/m的/ude1闺女/n？/ww
其实/d很/d简单/a，/wd老蔡/nr在/p刘/nr1员外/n家/q的/ude1水井/n里/f下/vf了/ule点/qt药/n，/wd这/rzv药/n吃/v了/ule之后/f，/wd男人/n会/v阳痿/v几/m天/qt，/wd对/p身体/n没什么/vl大/d碍/v。/wj
这/rzv刘/nr1员外/n娶/v了/ule新/a小/a妾/n，/wd还/d没/v等/udeng合/v房/n，/wd身子/n就/d不/d中用/a了/y。/wj
只好/d去/vf找/v老/a蔡/nr1医治/v。/wj
老蔡/nr告诉/v他/rr，/wd把/pba新/a妾/n舍去/v，/wd立刻/d就/d好/a。/wj
果然/c他/rr这/rzv一/m剂/q药/n把/pba王/n二/m和/cc刘/nr1员外/n都/d治/v好/a了/y。/wj"/x
后边/f的/ude1几/m条/q船/n像/v飞/vi一般/uyy就/d追/v了/ule上来/vf，/wd猴头/n猴/ng脸/n、/wn猴/ng声/ng猴/ng气/n的/ude1人/n站/vi在/p船头/s喊/v开/v啦/y：/wm"/x前边/f那/rzv船/n，/wd还/d不/d快快/d停下/v，/wd我们/rr奉/v潘/nr1员外/n之/uzhi命/ng，/wd前来/vi追回/v逃跑/v的/ude1七/m太太/n！/wt"/x
另外/rz一个/mq家丁/n喊/v道/v：/wm"/x管家/n喊/v你/rr还/d不/d快快/d停下/v，/wd难道/d你/rr吃/v了/ule熊心/nr，/wd喝/vg了/ule豹子/n胆/n不成/y？/ww"/x
副/b、/wn二/m向/p后/f喊/v道/v：/wm"/x你/rr爷爷/n我/rr是/vshi打鱼/vi的/ude1！/wt。/wj。/wj。/wj'/x
打鱼/vi的/ude1也/d得/ude3停/vi船/n让/v我们/rr搜/v，/wd不然/c要/v你/rr小子/n的/ude1命/n！/wt"/x
这时/rzt，/wd阮小/nr二/m怒火/n满腔/b，/wd捞/v过/uguo鱼叉/n，/wd对准/v追/v来/vf的/ude1潘/nr1家/n管家/n甩/v过/uguo一又，/m只/q听/v猴/ng脸/n管家/n"/x哎呀/e"/x一/m声/qv，/wd栽/v入/v湖/n内/f。/wj
说/v时/ng迟/a，/wd那时/rzt陕/b，/wd只见/v从/p湖/n内/f箭/n一般/ad冲/v出/vf两/m只/q渔船/n，/wd向/p阮小/nr二/m的/ude1船/n划/v来/vf。/wj
阮小/nr二一/m见/v，/wd大声/d喊/v道/v：/wm"/x五/m弟/n，/wd七/m弟/n，/wd快快/d收拾/v潘/nr1霸/ng家/n的/ude1狗腿子/n！/wt"/x
说/v后/f兄弟/n三/m个/q跳/vi进/vf湖/n内/f。/wj
不一会儿/bl，/wd潘/nr1家/n的/ude1船/n，/wd一/m只/q只/d如同/v荡秋千一/vi般/uyy，/wd紧接着/c一/m条/q条/q船/n都/d底/f朝/v了/ule天/qt。/wj
潘/nr1家/n的/ude1家丁/n，/wd一个个/m落入/v水/n内/f。/wj
阮/nr1母/ng喊/v：/wm"/x让/v他们/rr喂/v王八/n去/vf好/a了/y，/wd咱们/rr走/v！/wt"/x
三/m只/q船/n一/m字/n排/v开/v，/wd向/p石/ng竭/ag湖/n驰/vg去/vf。/wj
船/n在/p湖/n内/f行驶/vi着/uzhe，/wd阮/nr1母/ng问/v开/v了/ule这/rzv跳水/vn女子/n的/ude1身世/n。/wj
这/rzv姑娘/n在/p船/n内/f对/p阮/nr1母/ng磕/v开/v了/ule头/n，/wd哭/v得/ude3说/v不/d成/v话/n。/wj
阮母拉起/nr说/v：/wm？/ww
孩子/n，/wd你/rr咋/ryv穿/v一身/n男子/n服装/n？/ww
我们/rr都/d是/vshi受苦/vi人/n，/wd天下/n穷人/n是/vshi一/m家/q啊/y！/wt"/x
姑娘/n才/d哭诉/v着/uzhe说/v出/vf她/rr的/ude1身世/n遭遇/n。/wj
阮/nr1母/ng说/v：/wm"/x我/rr只要/c不/d跟/v着/uzhe你们/rr，/wd你们/rr就/d惹事/vi。/wj
三年/m前/f，/wd你们/rr兄弟/n七/m个/q不/d让/v我/rr知道/v，/wd偷偷/d去/vf东/f林/ng寺/ng…/ws…/ws"/x
阮/nr1母/ng说/v到/v这里/rzs，/wd泪水/n刷刷/o淌/v了/ule下来/vf。/wj
家财/n万贯/m的/ude1李/nr1秀才/n，/wd为了/p考取/v功名/n埋头/vd死/v读书/vi，/wd平日/t里/f学习/v十分/m刻苦/a。/wj
秀才/n娶/v了/ule个/q如花似玉/al的/ude1美女/n为/v妻/ng之后/f，/wd依然/d像/p从前/t一样/uyy，/wd不/d分/v昼夜/n地/ude2闭/v门/n苦/ad读/v，/wd冷落/v了/ule娇滴滴/z的/ude1新娘/n子/ng。/wj