很/d久/a以前/f，/wd有/vyou一年/m腊月/t，/wd有/vyou位/q姓/n张/nr1的/ude1财主/n到/v厢房/n的/ude1佛堂/n上香/v，/wd忽然/d发现/v供桌/n底下/f的/ude1布帘/n在/p瑟瑟/z地/ude2抖动/v着/uzhe，/wd张/nr1财主/n觉得/v有些/rz纳闷/v，/wd定睛/d一/m看/v，/wd原来/d是/vshi布帘/n的/ude1后面/f，/wd有/vyou一/m只/q穿/v着/uzhe破旧/a单/b鞋/n的/ude1人/n脚/n在/p哆嗦/vi。/wj
张/nr1财主/n明白/v了/y，/wd有/vyou小偷/n藏/v在/p里面/f。/wj
他/rr定/v了/ule定神/vi，/wd对/p着/uzhe供桌/n底下/f说道/v：/wm大/a兄弟/n，/wd出/vf来/vf吧/y，/wd里面/f怪/v冷/a的/ude1，/wd咱/rr哥俩/n到/v上房/n喝/vg两/m盅/q去/vf。/wj
躲/v在/p供桌/n底下/f的/ude1小偷/n只好/d出来/vf了/y。/wj
原来/b，/wd这/rzv小偷/n姓/v李/nr1，/wd原本/d是/vshi邻村/n的/ude1一个/mq老实/a本/rz份/q的/ude1庄稼/n汉子/n，/wd只/d因/p老婆/n常年/d生病/vi，/wd家里/s又/d有/vyou一/m大/a堆/q小孩子/n，/wd日子/n过/uguo的/ude1很/d穷/a，/wd常常/d是/vshi吃/v了/ule上/f顿/q愁/v下/f顿/q。/wj
眼/n看/v到/v了/ule大年/n根/n，/wd家里/s又/d揭/v不/d开锅/vi了/y，/wd看/v着/uzhe可怜巴巴/z的/ude1孩子/n们/k，/wd老李/nr咬/vi了/ule咬牙/vi，/wd动/v了/ule邪念/n，/wd就/d想到/v财主/n家/q偷/v点儿/q东西/n，/wd好/a给/p孩子/n老婆/n过年/vi。/wj
趁/p天/qt黑/a，/wd他/rr偷偷/d溜/v进/vf张/nr1财主/n家/q的/ude1院里/n，/wd却/d不/d敢/v进/vf正房/n，/wd一/m转身/vi进/vf了/ule厢房/n，/wd打算/v从/p供桌/n上/f拿/v些/q馒头/n果品/n之类/rz的/ude1供品/n。/wj
不/d成/v想/v，/wd还/d没/d动手/vi，/wd却/d被/pbei张/nr1财主/n发现/v了/y。/wj
这/rzv可/v把/pba老李/nr吓/v得/ude3够呛/vi，/wd浑身/n哆嗦/vi着/uzhe给/v张/nr1财主/n跪下/vi了/y。/wj
张/nr1财主/n赶忙/d弯腰/vi扶/v起/vf他/rr：/wm起来/vf，/wd起来/vf，/wd这/rzv大/a冷/a的/ude1天/qt，/wd你/rr穿/v的/ude1又/d这么/rz单薄/a，/wd咱/rr到/v上房/n喝/vg几/m盅/q，/wd暖和/v暖和/a，/wd边/d吃/v边/k唠/v。/wj
老李/nr只好/d硬着头皮/vl跟随/v张/nr1财主/n来到/v上/vf房/n，/wd张/nr1财主/n把/pba老李/nr请/v到/v炕/n上/f，/wd让/v家里人/n下厨/v，/wd一会/t的/ude1功夫/n，/wd摆/v上/vf一/m桌/q好/a酒/n好/a菜/n款待/v老李/nr。/wj
吃/v完/vi饭/n后/f，/wd张/nr1财主/n又/d让/v家人/n给/p他/rr准备/v了/ule一些/mq米面/n肉/n菜/n，/wd又/d拿/v出/vf一些/mq银子/n，/wd让/v他/rr带/v回/qv家/n去/vf过年/v。/wj
老李/nr带/v着/uzhe一/m肚子/q愧疚/an和/cc感激/v，/wd千恩万谢/v地/n告辞/vi回家/vi了/y。/wj
就/p这样/rzv，/wd老李/nr一/m家/q的/ude1孩子/n老婆/n一起/s过/vf了/ule个/q快快乐乐/z的/ude1好/a年/qt。/wj
大/a年/n一/m过/vf，/wd老李/nr就/d用/v张/nr1财主/n送给/v他/rr的/ude1银子/n做/v本钱/n，/wd做/v起/vf了/ule走村串户/vl的/ude1小/a买卖/vn。/wj
由于/c他/rr老实/a本份/a，/wd货真价实/vl，/wd不/d坑/v不/d骗/v，/wd童叟无欺/vl，/wd买卖/v干/v的/ude1越来越/d红火/a，/wd这样一来/dl，/wd家里/s的/ude1日子/n也/d好/a过/uguo多/m了/y。/wj
也/d有/vyou钱/n给/p老婆/n请/v大夫/n看病/vi吃/v药/n，/wd这/rzv病/n也/d一/m天/qt天/qt好/a起来/vf了/y。/wj
老李/nr的/ude1日子/n好/a过/uguo了/y，/wd他/rr的/ude1心里/s却/d一直/d惦记/v着/uzhe张/nr1财主/n对/p他/rr的/ude1恩德/n，/wd他/rr知道/v，/wd如果/c不/d是/vshi张/q财主/n宽/a宏大/a量/n，/wd乐善好施/vl，/wd他/rr老/a李/nr1一/m家/q也/d不/d是/vshi过/d上/vf好日子/n。/wj
为/p表/v感激/v之/uzhi情/ng，/wd他/rr时常/d买/v些/q时/ng鲜/a果品/n给/v张/nr1财主/n家/n送/v去/vf。/wj
可是/c张/nr1财主/n从来/d不/d收/v，/wd说/v，/wd老李/nr呀/y，/wd你/rr的/ude1心意/n我/rr明白/v，/wd你/rr起早贪黑/dl的/ude1赚/v点/qt钱/n也/d不易/a，/wd我/rr什么/ry都/d不/d缺/v，/wd你/rr好好/d把/pba你/rr自己/rr的/ude1日子/n过/uguo好/a了/ule就/d行/vi了/y。/wj
老李/nr也/d是/vshi个/q知/v恩/n重/v义/n的/ude1人/n，/wd面对/v着/uzhe张/nr1财主/n的/ude1婉言谢绝/vl，/wd他/rr只好/d利用/v每次/r起/vf大/a早/ad赶集/vi前/f的/ude1功夫/n，/wd把/pba礼品/n偷偷/d地/ude2张/v财主/n放/v在/p大门口/s，/wd然后/c悄悄/d地/ude2离去/vi。/wj
常常/d是/vshi张/nr1财主/n的/ude1家人/n早起/vi一/m开门/vi，/wd就/d见/v一/m堆/q时/ng鲜/a果品/n之类/rz的/ude1礼物/n放/v在/p那里/rzs。/wj
这/rzv张/q财主/n一/m猜/v就/d知道/v是/vshi李/nr1老汉/n送/v的/ude1，/wd于是/cc，/wd干脆/d收/v下/vf了/y，/wd可/c转/v过/uguo来/f，/wd他/rr就/d三番五次/dl地/ude2给/v老/a李/nr1捎/v这/rzv捎/v那/rzv，/wd就/d这么/rz着/vi，/wd俩/m人/n的/ude1交情/n越来越/d厚/a。/wj
一年/m很快/d过去/vf了/y，/wd转眼/d又/d到/v了/ule年根/nt腊月/t。/wj
这天/rzt一大早/t，/wd天/qt还/d没/d亮/vi，/wd老李/nr就/d起来/vf了/y。/wj
因为/p今天/t他/rr不光/c要/v去/vf赶集/vi卖/v货/n，/wd他/rr还/d有/vyou一/m件/q在/p他/rr看来/v很/d重要/a的/ude1事儿/n要/v办/v。/wj
前/f些/q日子/n，/wd他/rr托/v在/p关外/s做/v生意/n的/ude1刘/nr1掌柜/n买/v来/vf一/m棵/q贵重/a的/ude1百年/m老/a参/n，/wd他/rr要/v在/p今天/t早上/t悄悄/d地/ude2放/v在/p张/nr1财主/n的/ude1大门/n外/f，/wd算是/v对/p恩人/n的/ude1一个/mq报答/v。/wj
老李/nr推/v着/uzhe独/a轮/qv小/a货车/n，/wd摸/v着/uzhe黑/a儿/ng，/wd来到/v张/nr1财主/n家门/n前/f。/wj
他/rr从/p怀里/s掏/v出/vf裹/v着/uzhe老/a人参/n的/ude1小/a包/n，/wd刚/d想/v往/p大门口/s放/v，/wd猛/x然/rz发现/v：/wm大门/n前/f躺/v着/uzhe一个/mq人/n。/wj
老李/nr吓/v了/ule一/m大/a跳/vi，/wd他/rr揉/v揉/v眼/n，/wd仔细/ad观/vg瞧/v：/wm是/vshi个/q冻死/v在/p外边/f的/ude1叫花子/n。/wj
老李/nr心想/v：/wm谁/ry这么/rz缺德/a呀/y，/wd把/pba个/q死/a人/n放/v到/v恩人/n家/q大门/n上/f，/wd这/rzv不/d明显/a是/vshi要/v坑人/vi吗/y？/ww
这/rzv老李/nr也/d不/d敢/v多/ad想/v，/wd赶紧/d上前/vi儿/ng弯腰/vi背/v起/vf那/rzv具/q死尸/n就/d跑/v，/wd一口气/d跑/v出/vf有/vyou一/m里/q多/a地/ude2，/wd老李/nr实在/d跑/v不/d动/v了/y，/wd才/d把/pba死尸/n给/p扔/v了/y，/wd然后/c又/d赶紧/d折回/v来/vf，/wd把/pba那个/rz装/v着/uzhe百年/m老/a参/n的/ude1袋子/n放/v在/p大门口/s，/wd这/rzv才/d推/v起/vf小/a货车/n赶/v大集/n去/vf了/y。/wj
第二年/m的/ude1大年初一/t，/wd老李/nr来到/v张/nr1财主/n家/q拜年/vi。/wj
一阵/mq寒暄/v之后/f，/wd张/nr1财主/n唠/v起/vf本村/r东头/f有/vyou个/q王/nr1姓/n财主/n家/n年前/nt被/pbei人/n被/pbei人/n在/p大门/n外/f扔/v了/ule个/q冻死/v的/ude1叫花子/n，/wd结果/d摊/v上/vf了/ule人命/n官司/n，/wd爷/ng几/m个/q全/a被/pbei县/n衙门/n抓/v去/vf了/y，/wd连/ulian年/n都/d没/v过/uguo好/a。/wj
这/rzv村里人/n都/d说/v这/rzv是/vshi报应/n，/wd因为/c这/rzv家/q父子/n平日/t欺人太甚/vl，/wd积怨/n太/d多/a。/wj
老李/nr听/v了/y，/wd笑/v了/ule笑/v，/wd也/d没/d说/v啥/ry儿/ng。/wj
又/d过去/vf了/ule有/vyou一个/mq多/a月/n，/wd老李/nr正/d在/p家中/s预备/vn盖/v新房/n，/wd找上门/vi来/vf了/y。/wj
他/rr说/v：/wm“/wyz兄弟/n！/wt
你/rr替/p我/rr免/v了/ule这么/rz大/a灾/n，/wd到/p现在/t你/rr还/d瞒/v着/uzhe我/rr！/wt”/wyy
老李/nr还/d在/p装傻/vi充/v愣/vi：/wm“/wyz我/rr没/d干/v啥/ry事/n呀/y！/wt”/wyy
张/nr1财主/n说/v：/wm“/wyz你/rr还/d不/d说/v实话/n？/ww
我们/rr村/n王/nr1财主/n出事/vn那/rzv天/qt一大早/t，/wd我/rr在/p大门/n外/f捡/v着/vi了/ule一个/mq百年/m老/a参/n的/ude1袋子/n。/wj