从/p前/f有/vyou位/q秀才/n，/wd某/rz天/qt随/p太太/n回/qv娘家/n，/wd向/p岳父/n拜寿/vi，/wd因/p一时/t高兴/a多/m喝/vg了/ule几/m杯/q，/wd当场/d醉/v倒/vi，/wd被/pbei送/v回/qv书房/n休息/vn。/wj
没/v多久/ryt，/wd他/rr的/ude1小姨子/n到/v书房/n拿/v东西/n，/wd见/v姐夫/n睡/v的/ude1枕头/n掉/v地上/s，/wd便/d替/p他/rr捡/v起来/vf，/wd顺手/d扶/v起/vf他/rr的/ude1脖子/n，/wd想/v替/p他/rr枕/v好/a，/wd没/d想到/v秀才/n人/n醉心/v不/d醉/v，/wd一/m见/v机会/n难得/a，/wd便/d拉/v着/uzhe小姨子/n不/d放/v．/w
小姨子/n用力/ad挣脱/v后/f，/wd愤怒/a之/uzhi余/ng，/wd就/d在/p墙上/s题诗/vi以/p泄愤/vn：/wm[/wkz好心/n来/vf扶/v枕/ng，/wd为何/ryv拉/v我/rr衣/v？/ww
若非/c姊/n姊/n面/q，/wd一定/d是/vshi不/d依/v。/wj
该死/vi！/wt
该死/vi！/wt
]/wky秀才/n等/udeng小姨子/n走/v后/f，/wd下/vf床/n一/m看/v，/wd觉得/v很/d不好意思/a，/wd便/d题诗/vi辩白/vn：/wm[/wkz贴心/a来/vf扶/v枕/ng，/wd醉心/v拉/v你/rr衣/ng，/wd只/d当/v是/vshi我/rr妻/ng，/wd不知/v是/vshi小/a姨/n。/wj
失礼/vn！/wt
失礼/vn！/wt
]/wky秀才/n题/n完/vi后/f再/d睡/v，/wd其/rz妻/ng见/v墙上/s诗句/n，/wd不禁/d醋/n火/n中/f烧/vi，/wd也/d题诗/vi一/m首/m：/wm[/wkz有意/d来/vf扶/v枕/ng，/wd有心/v拉/v她/rr衣/ng，/wd墙上/s题/n诗句/n，/wd都/d是/vshi骗人/vi地/n。/wj
彼此/rr！/wt
彼此/rr！/wt
]/wky不久/m，/wd小舅子/n也/d看到/v，/wd不/d觉/v技/ng痒/a，/wd也/d提/v了/ule一/m首/m：/wm[/wkz清心/a来/vf扶/v枕/ng，/wd熏/v心/n拉/v她/rr衣/ng，/wd姊妹/n虽/c一样/a，/wd大/a的/ude1是/vshi你/rr妻/ng。/wj
清醒/a！/wt
清醒/a！/wt
]/wky后来/t被/pbei岳父/n发现/v，/wd不禁/d大/a怒/vg，/wd也/d提/v一/m首/q诗/n，/wd以/p作/v警告/v：/wm[/wkz不/d该/v来/vf扶/v枕/ng，/wd不/d该/v拉/v她/rr衣/ng，/wd两/m个/q都/d有/vyou错/n，/wd下次/t不/d可以/v。/wj
切记/v！/wt
切记/v！/wt
]/wky岳母/n因/c心疼/v女婿/n，/wd只得/d题诗/vi一/m首/q诗/n，/wd来/vf打圆场/vl：/wm[/wkz既/c已/d来/vf扶/v枕/ng，/wd也/d已/d拉/v她/rr衣/ng，/wd姐夫/n戏/n小/a姨/n，/wd本来/d不/d稀奇/a。/wj
别提/v！/wt
别提/v！/wt
]/wky南朝/t梁/n有/vyou个/q著/vi名/ng的/ude1才子/n叫/vi江淹/nr2，/wd他/rr一生/n写/v了/ule不少/m精彩/a的/ude1散文/n、/wn诗歌/n，/wd被/pbei人们/n称为/v「/x才子/n江/nr1郎/ng」/x。/wj
江淹/nr2是/vshi济阳/ns考/v城/n(/wkz今/tg河南省/ns兰考县/ns)/wky人/n，/wd从小/d与/p母/b相依为命/vl。/wj
虽然/c家境/n贫困/an，/wd但/c凭着/p自身/rr的/ude1努力/an，/wd青年/n时代/n的/ude1江/nr1淹/v就/d已/d写/v得/ude3一/m手/n好/a文章/n。/wj
后来/t，/wd江/nr1淹/v的/ude1才/d名/q传/v到/v了/ule南/b朝/b宋建平/nr王刘景素/nr那里/rzs。/wj
刘景素/nr很/d欣赏/v江/nr1淹/v的/ude1才华/n，/wd于是/cc便/d给/v江淹/nr2写信/vi，/wd希望/v江/nr1淹/v能够/v做/v他/rr的/ude1属/v僚/ng。/wj
及/cc后/f江/nr1淹/v去/vf拜访/v刘景素/nr，/wd二/m人/n谈/v得/ude3十分/m投机/vn。/wj
不久/m，/wd刘景素/nr就/d提拔/v江/nr1淹/v做/v了/ule南/b兖州/ns的/ude1官/n。/wj
没/d想到/v此时/r有/vyou个/q叫/vi郭彦文/nr的/ude1县令/n犯/v了/ule罪/n，/wd为了/p开脱/v罪责/n，/wd竟/d诬告/v江/nr1淹/v接受/v过/uguo他/rr的/ude1贿赂/vn，/wd江/n郭/nr1二/m人/n一起/s被/pbei抓/v到/v州府/n的/ude1监狱/n中/f。/wj
江/nr1淹/v自问/vi心中/s无愧/vi，/wd于是/cc便/d在/p狱中/s给/v刘景素/nr写/v了/ule一/m封/q辞/v情/n恳切/a的/ude1长/a信/n，/wd信/n中/f慷慨陈词/vl，/wd抒发/v内心/n委屈/v之/uzhi情/ng，/wd实在/d是/vshi一/m篇/q精美绝伦/al的/ude1好/a文章/n。/wj
刘景素/nr看/v了/ule这/rzv封/q信/n后/f，/wd十分/m感动/a，/wd便/d立刻/d派/v人/n把/pba江/nr1淹/v从/p狱中/s放/v了/ule出来/vf。/wj
出狱/vi后/f，/wd江/nr1淹/v又/d考/v中/f了/ule南/b徐州/ns的/ude1第一/m名/q秀才/n，/wd从此/d才子/n江/nr1淹/v的/ude1名气/n就/d更/d大/a了/y。/wj
后/f萧道/nr成/v灭/v宋立齐/nr，/wd请/v江/nr1淹/v做/v史官/n，/wd专责/n编写/v历史/n。/wj
有/vyou一/m次/qv，/wd襄阳/ns发掘/v出/vf一/m座/q古墓/n，/wd并/cc出土/v了/ule一/m面/q玉镜/nr2和/cc一些/mq竹简/n。/wj
竹简/n上/f刻/v着/uzhe的/ude1古/tg体/ng字/n谁/ry也/d看/v不/d懂/v，/wd人们/n于是/cc便/d把/pba竹简/n拿/v给/v江/nr1淹/v看/v，/wd江/nr1淹/v一/m看/v就/d认出/v竹简/n上/f写/v的/ude1是/vshi周宣/nr王/nr1时候/n的/ude1事情/n。/wj
从此/d，/wd江/nr1淹/v的/ude1名气/n广/ad传/v。/wj
到/p萧衍/nr建立/v梁/tg朝/tg以后/f，/wd拜江淹/nr为/v光禄/nr2大夫/n，/wd即/v皇帝/n的/ude1高级/a顾问/n，/wd后/f又/d被/pbei封/v为/p醴陵/ns侯/ng，/wd并/cc赐/v封地/n。/wj
江淹/nr2当/v了/ule大/a官/n以后/f，/wd过/vf着/uzhe养尊处优/vl的/ude1生活/vn，/wd再/d也/d不/d愿意/v动笔/vi写/v文章/n了/y。/wj
时间/n一/m长/a，/wd才思/n减退/v，/wd有时/d勉强/ad写/v出/vf一点/m东西/n，/wd但/c人们/n读/v了/ule以后/f感到/v十分/m乏味/a。/wj
因此/c，/wd人们/n都/d很/d惋惜/a地/ude2说/v：/wm「/x江郎才尽/vl了/y。/wj
」/x从前/t有/vyou个/q老/a秀才/n，/wd自命不凡/vl，/wd常/d说/v自己/rr知/v天地/n，/wd通/v鬼神/n，/wd谁/ry生/v个/q什么/ry病/n，/wd只要/c他/rr写/v篇/q文章/n跟/p鬼神/n通融/vi一下/mq就/d会/v好/a的/ude1。/wj
他/rr儿子/n是/vshi个/q货/n担/v郎/ng，/wd常年/d在/p外/f，/wd这/rzv老/a混/x蛋/n就/d在/p家里/s爬/v灰/ag。/wj
一日/t，/wd他/rr媳妇/n舂/v米/q用力/a过/uguo猛/x，/wd把/pba她/rr的/ude1尴尬/a地方/n撞/v了/ule一下/mq，/wd顿时/d红肿/vi，/wd疼痛/an难/ad忍/v，/wd她/rr便/d要/v老/a秀才/n写/v篇/q文章/n通融/vi通融/vi，/wd老/a秀才/n欣然/d领/v命/n。/wj
可/v是/vshi怎么/ryv写/v呀/y，/wd直接/ad写/v是/vshi对/p菩萨/n的/ude1大/a不/d敬/v，/wd他/rr搜索枯肠/vl，/wd捻/v断/v几/m茎/n须/vg，/wd正/d为难/v之际/f，/wd听见/v隔壁/s有人/r说话/vi，/wd他/rr灵机一动/vl，/wd一/m挥/v而/cc就/d，/wd写/v成妙文/nr一/m篇/q：/wm媳妇/n舂/v米/q用/p力/n，/wd撞/v坏/a屁股/n隔壁/s。/wj
恳请/v菩萨/n保佑/vn，/wd好/a了/ule大家/rr得益/vi!/wt
清朝/t末年/f，/wd鄂西/ns神农架/ns山上/s有/vyou座/q庙/n。/wj
庙/n里/f有/vyou个/q老/a和尚/n，/wd常常/d对/p前来/vi烧香/vi许愿/vi的/ude1人/n说/v，/wd凡/d给/p神/n佛/n捐/v钱/n的/ude1人/n，/wd都/d可以/v“/wyz消/v灾/n免/v祸/n”/wyy，/wd而/cc那些/rz不/d信/v神/n佛/n的/ude1人/n必将/d遭到/v报应/n。/wj
为了/p宣扬/v他/rr的/ude1迷信/vn说法/n，/wd老/a和尚/n特意/d在/p庙/n门口/s挂/v了/ule一/m副/b对联/n：/wm经/p忏/x可/v超生/vi，/wd人/n敬/v神/n一/m诚/dg有感/v；/wf钱/n才/d能/v通/v冥/ng，/wd神/n应/v人/n万福/nz无穷/z。/wj
老/a和尚/n整天/d装神弄鬼/vl，/wd骗取/v钱财/n。/wj
虽然/c迷惑/v了/ule许多/m无知/a的/ude1人/n，/wd使得/vi寺庙/n香火/n旺盛/a，/wd然而/c有/vyou人/n就是/d不/d信/v他/rr那/rzv一/m套/q。/wj
有/vyou一/m天/qt，/wd一个/mq姓/n张/q的/ude1秀才/n来/vf庙/n里/f烧香/vi，/wd和尚/n要/v他/rr捐/v钱/n捐/v油/n，/wd并/cc表示/v愿意/v为/p他/rr念经/vi消/v罪/n。/wj
张/nr1秀才/n嗤之以鼻/vl，/wd对/p老/a和尚/n说/v：/wm“/wyz照/v你/rr这么/rz说/v，/wd如果/c念经/vi超度/v可以/v使/v人/n死/v而/cc复生/nr2的/ude1话/n，/wd那/rzv阎王/n不/d就/d是/vshi怕/v你/rr这/rzv和尚/n了/y吗/y？/ww
你/rr这样/rzv精通/v佛法/n，/wd难道/d就/d能/v长生不老/vl吗/y？/ww
你/rr说/v菩萨/n保佑/v捐/v了/ule钱/n的/ude1人/n，/wd那/rzv如果/c烧/vi杀/v抢掠/v的/ude1强盗/n把/pba钱财/n送给/v菩萨/n，/wd而/cc菩萨/n保护/v他/rr，/wd这/rzv菩萨/n岂/d不/d是/vshi成/v了/ule昧/v良心/n的/ude1贪官/n了/y吗/y？/ww”/wyy