面对/v盛开/v的/ude1牡丹/n，/wd薛涛/nr不/d着笔/vi眼前/s，/wd却/d从/p去年/t与/p牡丹/n离别/v落/v墨/n，/wd离/v情/n别/d意/b泪/n湿/a红/a笺/ng。/wj
笔锋/n一/m转/v，/wd顺手/d拈/v来/vf宋/nr1玉/n《/wkz高/a唐/tg赋/ng》/wky中/f楚襄/nr2玉/n与/p巫山/ns神女/n梦/n中/f幽会/v的/ude1故事/n，/wd给/p花/n和/cc人/n的/ude1恋情/n抹/v上/vf了/ule一/m层/qv梦幻/n迷离/a的/ude1色彩/n。/wj
又/c江/n陶渊明/nr《/wkz桃花源/ns记/v》/wky中/f武陵/ns渔/ng人/n发现/v桃花/n仙境/n，/wd给/p花/n与/cc人/n笼罩/v上/vf了/ule神仙/n奇遇/n的/ude1面纱/n。/wj
趣/ag典/ng妙/ad用/v，/wd曲折/a淋漓/a。/wj
花/n似/vg香/n传情/vi，/wd人/n以/p信/n见/v著/uzhe；/wf花/v人/n相通/vi，/wd人/n花/v同感/n，/wd尽/d写/v了/ule作者/n与/cc牡丹/n的/ude1依恋/vn之/uzhi情/ng，/wd相思/vi之/uzhi渴/a，/wd爱慕/v之/uzhi深/ng，/wd跃然纸上/vl，/wd见/v触/v笔端/n。/wj
诗/n以/p拟人/n手法/n，/wd情人/n倾诉/v衷肠/n的/ude1口吻/n，/wd把/pba人/n花/n的/ude1感情/n反复/d掂/v掇/x，/wd营造/v成/v情意/n绵绵/z的/ude1意境/n。/wj
构思新颖/n，/wd亲切/a感人/a，/wd实在/d是/vshi别/d有/vyou一番/mq醉/v人/n的/ude1艺术/n魅力/n。/wj
薛涛/nr边/k书/n边/d讼/vg，/wd吟咏/v一/m停/vi，/wd在场/vi的/ude1文人/n雅士/n无不/d拍手/vi叫绝/vi。/wj
韦/nr1皋/ng虽/c是/vshi一/m员/q武将/n，/wd但/c也/d颇/d通/v文墨/n，/wd品味/v此/rzs诗/n，/wd深感/v不同寻常/vl。/wj
随/p起身/vi走/v到/v桌前/s，/wd不/d看/v则/c罢/v，/wd一/m看/v诗/n稿/ng，/wd更/d是/vshi惊讶/a不依/v：/wm只/d见/v诗/n稿/ng字体/n清秀/a，/wd笔力/n峻/ag激/v，/wd颇/d得/v王羲之/nr之/uzhi法/ng，/wd兼有/v卫/ng夫人/n之/uzhi长/ng，/wd不尽/d从/p心底/n生出/v钦/vg慕/ng之/uzhi感/ng。/wj
于是/cc问道/vi：/wm“/wyz姑娘/n才貌/n实/ng非常/d人/n能/v比/v，/wd不知/v姑娘/n祖居/n何处/rys，/wd姓/v什/ng名/q谁/ry？/ww”/wyy
被/pbei韦/nr1皋/ng一/m问/v，/wd不由/d引起/v薛涛/nr一/m阵阵/q心酸/a，/wd于是/cc将/p自己/rr的/ude1身世/n从头至尾/dl向/p这/rzv位/q镇/n蜀/b大人/n倾诉/v了/ule一/m遍/qv。/wj
薛涛/nr原/d是/vshi唐朝/t开国/b名将/n薛仁贵/nr之后/f，/wd中/f唐/tg以后/f，/wd中原/ns大地/n藩/ng镇/n割据/vi，/wd中央/n政权/n大为/d削弱/v，/wd朝廷/n为了/p维护/v实力/n，/wd希望/v将/p四川/ns治理/v成/v可以/v凭据/n的/ude1后方/s，/wd所以/c常常/d选派/v一些/mq可以/v信赖/v的/ude1得力/a将领/n镇守/v四川/ns。/wj
薛涛/nr的/ude1父亲/n薛勋/nr，/wd历来/d克/vg守/v祖训/nr2一心/d报国/vi，/wd可谓/v皇家/n的/ude1心腹/n，/wd所以/c朝廷/n将/p他/rr从/p兵/n部/n主/ag事/n提升/v为/p成都/ns刺史/n，/wd奉/v旨/ng西出/nrj，/wd于是/cc薛勋/nr携/v全家人/n来/vf到/v成都/ns。/wj
当时/t薛涛/nr只/d有/vyou四/m、/wn五/m岁/qt，/wd是/vshi薛/nr1勋/ng唯一/b的/ude1掌上明珠/nl。/wj
薛勋/nr特别/d喜欢/vi自己/rr的/ude1这个/rz小/a女儿/n，/wd不仅/c因为/p她/rr相貌/n俊美/a、/wn聪明伶俐/vl，/wd内/f中/f还有/v另/rz一个/mq因由/n，/wd那/rzv就是/v：/wm从/p薛涛/nr一/m降生/vi就/d给/v这/rzv位/q文武/n全才/n的/ude1父亲/n留下/v了/ule一个/mq极/d不/d寻常/a的/ude1印象/n。/wj
五年/m前/f的/ude1一/m天/qt，/wd薛勋/nr正在/d为/v妇人/n临产/vi而/cc忐忑不安/vl的/ude1时候/n，/wd突然/a婴儿/n坠/v地/n的/ude1呱呱/o哭声/n从/p室内/s传出/v，/wd丫环/n葱葱/z跑/v出来/vf对/p薛勋/nr说/v：/wm“/wyz向/p老爷/n报喜/vi，/wd夫人/n平安/an的/ude1生/v了/ule一/m位/q千/m金/ng。/wj”/wyy
“/wyz啊/y，/wd竟/d是/vshi个/q女孩/n！/wt
声音/n如此/rzv洪亮/a，/wd简直/d如/v海上/s波涛/n，/wd实在/d令/v人/n惊异/v。/wj”/wyy
于是/cc大/a步/qv走/v向/p内/f室/n，/wd对/p妇人/n说/v：/wm“/wyz小女/n问世/vi，/wd哭声/n如/v涛/ng，/wd就/d给/p她/rr取名/v为/v涛/ng，/wd字洪度/nr吧/y！/wt”/wyy
薛/nr1夫人/n也/d十分/m满意/v的/ude1说/v：/wm“/wyz好/a！/wt
好/a！/wt
很/d像/v个/q男孩/n的/ude1名字/n。/wj
只/d可惜/v是/vshi个/q女孩/n家/n！/wt”/wyy
“/wyz女孩/n家/q又/d怎么样/ryv！/wt
龙凤/n皆/d能/v呈/v祥/ag么/y！/wt
听/v她/rr应/v世/ng的/ude1哭声/n，/wd将来/t定/v不/d是/vshi等闲/z之/uzhi人/n。/wj”/wyy
所以/c父亲/n对/p薛涛/nr十分/m钟爱/v，/wd吃/v喝/vg穿戴/n自不必说/dl，/wd从小/d就/d注意/v对/p她/rr进行/vx多/a方面/n的/ude1培养/vn教育/vn。/wj
这/rzv小姑娘/n也/d着实/d聪颖/a过人/vn，/wd不论/c诗词/n歌赋/n还是/c琴/n棋/n书画/n，/wd真/d是/vshi一/m学/v就/d会/v，/wd甚至/c不/d学/v自/rr通/v，/wd因而/c也/d深/a得/ude3左邻右舍/nl的/ude1喜爱/vn与/cc夸赞/v。/wj
然而/c却/d因为/p一/m首/q诗/n引起/v了/ule薛勋/nr对/p女儿/n的/ude1忧虑/vn与/cc担心/v。/wj
一日/t，/wd薛勋/nr又/d在/p辅导/vn女儿/n吟诗/vi，/wd两/m人/n对/p坐/v在/p庭院/n中/f的/ude1一/m棵/q梧桐树/n下/f，/wd父亲/n即景/n生/v情/n，/wd望/v着/uzhe大树/n吟/v了/ule两/m句/q诗/n：/wm庭/ng除/p一/m古桐/nr，/wd耸/vg干/v入/v云/n中/f。/wj
正/d待/vi思索/v下/vf句/q时/ng，/wd坐/v在/p对面/f的/ude1女儿/n却/d立即/d续/v了/ule出来/vf：/wm枝/ng迎/v南北/f鸟/n，/wd叶/ng送/v往/v来/vf风/n。/wj
薛勋/nr一/m听/v，/wd直/d夸/v女儿/n实在/d聪明伶俐/vl、/wn才思敏捷/vl，/wd深感/v辛/nr1慰/vg。/wj
然而/c事/n过/uguo之后/f，/wd薛/nr1勋/ng细细/d品味/v这/rzv两/m句/q诗/n内涵/n，/wd一阵/mq恐惧/an和/cc忧虑/vn骤/d上/vf心头/s：/wm“/wyz枝/ng迎/v南北/f鸟/n，/wd叶/ng送/v往/v来/vf风/n。/wj”/wyy
多么/d令人/v捉摸不定/vl！/wt
多么/d令/v人/n动荡不安/vl呀/y！/wt
竟/d出自/v一个/mq小/a小/a女孩/n之/uzhi口/n…/ws…/ws
唉/e！/wt
难道/d这/rzv里面/f隐喻/v着/uzhe女儿/n的/ude1未来/t吗/y！/wt？/ww
果然/c，/wd薛涛/nr的/ude1一生/n在/p这/rzv两/m句/q诗/n上/f应验/vi了/y。/wj
这/rzv是/vshi后/f话/n。/wj
薛涛/nr也/d底/f确/d没有/v过/vf上/vf多久/ryt父/ng慈母/n爱/v的/ude1日子/n，/wd小小/z年纪/n就/d坠入/v了/ule坎坷/a的/ude1生涯/n。/wj
薛涛/nr六/m岁/qt那年/t，/wd离/v成都/ns不/d远/a的/ude1绵竹/ns县/n发生/v了/ule一/m场/qv兵变/vn，/wd身为/v成都/ns刺史/n的/ude1薛勋/nr自/p当/v出面/vi平息/vi这/rzv场/qv动乱/vi，/wd不/d想/v在/p平叛/vi后/f回程/n的/ude1路上/s，/wd却/d中/v了/ule暗箭/n，/wd回/v府/ng不久/m就/d身亡/vi了/y。/wj
薛勋/nr一生/n，/wd居/v官/n清廉/an，/wd生前/t只/d靠/v薪/ng奉节/ns俭/ag度日/vi，/wd薛勋/nr死/v后/f，/wd撇下/v薛/nr1涛/ng孤儿寡母/n，/wd开始/v靠/v微薄/a的/ude1抚恤金/n还/d勉强/ad度日/vi，/wd随着/p经济/n的/ude1动荡/an，/wd不得不/d变卖/v些/q家产/n衣物/n补贴/vn生活/vn，/wd再/d以后/f就/d无/v以/p为/v计/vi了/y。/wj
薛涛/nr之/uzhi母/ng本/d也/d是/vshi书香/n之/uzhi家/n，/wd为人/v忠厚/a老实/a，/wd丈夫/n在世/vi时/ng虽然/c生活/vi十分/m俭朴/a，/wd却/d也/d从未/d作/v过/uguo大/a难/a，/wd今天/t只/d留下/v自己/rr这个/rz半/m老/a不少/m的/ude1妇人/n，/wd领/v着/uzhe一个/mq不/d成/v年/qt的/ude1女孩/n，/wd实在/d是/vshi时光/n难/ad熬/v，/wd终日/m里/q愁眉不展/vl，/wd泪/n染/v衣襟/n。/wj
一/m个/q本分/a的/ude1妇道/n人家/n，/wd哪里/rys经得起/v这/rzv如此/rzv重大/a地/ude2打击/v，/wd不/d几/m年/qt就/d因/p饥寒交迫/vl而/cc重病/n缠身/v了/y，/wd还/d不/d到/v十/m岁/qt的/ude1薛涛/nr，/wd虽然/c千方百计/dl极力/d挽救/v母亲/n的/ude1生命/n，/wd无奈/d小小/z年纪/n实在/d是/vshi叫/vi天/qt天/qt不/d应/v、/wn叫/vi地/n地/ude2不灵/a，/wd眼睁睁/z的/ude1看/v着/uzhe母亲/n痛苦/a地/ude2离开/v了/ule人世/n。/wj
薛/nr1夫人/n临死/vi时/ng，/wd握/v着/uzhe女儿/n的/ude1小/a手/n断断续续/dl地/ude2说/v：/wm“/wyz涛/ng儿/ng啊/y…/ws…/ws
你/rr、/wn你/rr、/wn你/rr的/ude1命/n太/d苦/a了/y！/wt”/wyy