唐朝 武 则 天 时候  桐柏 乡下 有 一个 李宝太 的 年轻人  整日 和 父亲 给 人 打短工  靠 那 数 得 清 的 几 个 铜板 勉强 维持 生活 
这 一年 中原 大旱  庄稼 不好  爷儿俩 无 钱 无 粮  眼看 就要 饿 死 
一 天  李宝太 在 自家 的 破 茅屋 前 突然 发现 了 一 串 念珠  颗 颗 晶莹  似乎 非 一般 等闲 物品 
他 爹 信佛  就 说 这 是 佛祖 有 眼  赏 给 他 爷儿俩 活命 钱 
李宝太 拿 着 那 串 念珠  对 他 爹 说   爹  这 一定 是 刚才 来 咱 家 化斋 的 那个 小 尼姑 弄 丢 的  咱 把 他 还 给 人家 吧  
他 爹 知道 这 念珠 值钱  说道   娃儿  这 是 佛祖 赏 给 我们 的  那 尼姑 就是 观音 菩萨 转世 啊  
李宝太 见 爹爹 有 贪财 之 心  就 苦口婆心 地 劝  什么 君子 爱 财 取 之 有 道  什么 志 人 不 喝 盗 泉 之 水  他 爹 在 他 的 劝说 下 勉强 同意 归还 念珠  可 说道   你 去 找 那 尼姑  如果 找到 了 我 就 把 它 还 给 人家  如果 找 不 到  那 就是 佛祖 赏 给 我们 的  
李宝太 一 听  高兴 地 追 那个 尼姑 去 了 
他 一 口 气 追 了 二十 多 里  别 说 尼姑  就 是 连 秃子 也 没 看见 一个 
他 失望 地 回到 家  刚 到 门口 却 见 爹爹 浑身 是 血 地 倒 在 地上  胸口 上 还 插 着 一 把 短刀 
 爹  怎么 了  
他 爹 艰难 地 张 着 嘴  气 若 游丝 地 说    
念  
念珠  尼  
尼姑   
话 未 说 完  霍然 闭目  任李宝太 哭 红 了 眼睛  哭 哑 了 嗓子 也 再不 睁 开 
爹爹 临死 前 说 念珠  尼姑  一定 是 那个 丢失 念珠 的 尼姑 来到 自家 门口  跟 爹 发生 口角 才 杀 了 爹爹 的 
李宝太 想 到 这里  就 去 县衙 报 了 官 
县令 一 听 勃然大怒   朗朗 乾坤  正气 浩然  竟然 还 有 如此 歹毒 的 出 家人  
喊 出 全县 所有 衙役  让 他们 在 全县 范围 内 搜捕 化斋 的 小 尼姑 
很快  衙役 们 把 那 小 尼姑 捉拿 归 案 
县令 见 那 小 尼姑 不过 二十 出头  生 得 眉清目秀  唇 红 齿 白  不由得 痴 了  他 问 李宝太   就 是 她 吗  
李宝太 想到 死去 的 爹爹  胸中 怒火 万 丈  上 去 就 打 了 小 尼姑 两 耳光 
小 尼姑 当时 就 嘤嘤 地 哭 了  说   小 施主 凭 什么 打 人  
 凭 什么  就 凭 我 爹 说 的 话  
李宝太 说 完 就 让 县令 主持 公道 
县令 见 案 情 一目了然  有 死者 临死 前 所 说 的 话 和 那 把 短刀 为 证  就 定 了 小 尼姑 的 死罪 
可 那 小 尼姑 在 大 堂上 哭 哭 涕 涕  拒 不 认罪   大 老爷  青 天大 老爷  那 念珠 确实 是 我 丢 的  是 我 山西 妙 味 庵 的 镇 庵之宝  是 俺 师父 让 我 带 到 荆门 巧 意 寺 的 
至于 说 这 位 施主 说 什么 杀人  短刀 我 一概 不 知  
县令 见 她 哭 哭 涕 涕 的  心想  杀 了 人 还 哭 哭 涕 涕 的 装 的 这么 像  说不定 还是 个 杀人 惯犯 呢 
他 把 惊堂木 一 拍   大胆 刁 尼  还 不如 实招 来 
大刑 伺 侯  
诸 般 大刑 用 过  小 尼姑 还是 不 承认 自己 杀 了 人 
县令 想  你 不 承认 也 不行 
就 强行 画押  强行 定罪 
随后 把 小 尼姑 押 入 大牢 
李宝太 谢 过 县令  回到 家 收拾 了 一番 就 去 投奔 邻村 的 姑姑 
她 姑姑 李 大 花 家 有 几 亩 地  姑姑 为人 勤快 能干  按说 日子 应该 过 得 差不多 
可 他 姑夫 苏 本 世 却 游手好闲  喜欢 偷 鸡 摸 狗  吃 喝 嫖 赌  是 一个 不怎么 正派 的 人 
她 姑 见 侄儿 来 了  自 是 欢喜 得 不得了  可 他 姑夫 却 不冷不热  开口 就 问   你 来 看 你 姑 和 你 姑夫  也 没 拿 什么 礼 吧  
李宝太 从小 就 不 喜欢 他 这个 姑夫  这时 听 了 就 说   姑夫  我 身强力壮 给 你们 干 地 里 活 还 行  
苏本世 说   好  你 有 这个 孝心 就 好  
从此  有 李宝太 帮 他 干活  他 就 腾出 更 多 的 时间 到 赌 桌上 混 了 
三 个 月 后 的 一 天 晚上  李宝太 正在 睡觉 忽然 被 人 叫醒 
他 睁 开 眼 一 看  见 是 姑夫 苏 本 世  苏本世 满 脸 是 血  慌慌张张 地 说   好 侄子  我 在 街上 杀 了 人  有 人 看到 了 但 没 看 清  不如 你 替 你 姑夫 我 顶 罪 吧  
原来  苏本世 因为 赌债 跟 赌友 刘 应 虎 闹翻 了 脸  两 人 在 街上 拉拉扯扯 地 动 口角  苏本世 骂 对方 不 够 义气   告诉 你  老子 有的 是 钱  不 就 是 欠 你 两 个 钱 吗  
刘应虎 骂 道   有 钱 你 还 我 呀  就 二百两  
苏本世 一时 语塞  推 了 对方 一下 
哪 知道 刘应虎 也 不 是 好 惹 的  见 他 欠 了 钱 还 这么 理直气壮  大 怒  回 手 还 了 一 把 掌 
两 人 于是 你来我往 地 打 了 起来  后来  苏本世 拿 起 地上 的 一 块 砖 头 把 刘应虎 砸 倒 在 地  他 还 不 解 气  又 朝着 刘 应 虎 的 头 猛 砸 了 十几 下 
等 感到 解气 了  才 发现 刘应虎 的 头 已经 成 了 一个 烂 倭瓜 
过 了 一 段时间  李宝太 发现 小 尼姑 夜里 常常 作恶 梦  在 梦 里 还 悲悲切切 地 哭  哭 得 让 人 心 动弹 
李宝太 是 个 善良 的 人  就 叫醒 她 