嘉庆 年间  江西 湖口县 衙门 有 个 捕 快  名叫 曹福  他 很 善于 缉捕 盗贼 
他 观察 人 的 形迹  常常 能够 发现 一般 人 难以 发现 的 破绽 
有 一年 夏天  他 闲 着 没 事  就 坐 在 县衙 门口 的 大柳树 下面 乘凉  旁边 有 许多 人 围 在 一起 下棋 
曹福 看见 一个 三十 岁 上下 的 男人  身 穿 绸布 衣衫  短袖 青 呢 马褂  脚 上 穿 着 丝 鞋 白 袜  手里 拿 着 折扇  慢 步 走 了 过来  看上去 样子 十分 文雅 
曹福 突然 上前 喝 住 他 
这个 人 非常 惶恐  连忙 拿 出 钱 来 送给 他  拔腿 就 跑 掉 了  曹福 也 不 起 身 去 追赶 
周围 下棋 的 人 都 很 奇怪  问 他 凭 什么 知道 那 个 人 不 是 好人  曹福 说   那 个 人 走 路 时 老 是 低 着 头  常常 斜 着 眼睛 左顾右盼  我 就 知道 他 心中 一定 有鬼  
别人 问 他 为什么 又 不 去 追赶  曹福 笑 着 说   如果 是 经常 偷 东西 的 贼  他 就 一定 不 会 这样 紧张 小心 
我 看 他 的 样子  不过 是 一时 情急 所 为 
只要 他 能够 交出 偷窃 的 钱财  就 不必 深究 他 的 过错  
大家 对 曹福 的 这 番 眼力 和 分析 非常 佩服  纷纷 点头 称赞 
又 一 次  曹福 在 河边 散步  忽然  他 跳 上 一 只 小 船 
这 条 小船 上面 还 没有 人  曹福 在 小 船 上面 坐 了 一会儿  船夫 上 船 后  就 催促 曹 福 上 岸  曹福 说 愿意 和 船夫 同行 
船夫 很 惊讶  就 问 曹福 为什么 
曹福亮 出 捕 快 的 腰 牌  厉声 大 喝   你 这 条 船上 有 赃物  我 要 搜查  
船夫 非常 恼火  就 揭开 舱 板 给 他 看  舱 板 下面 却 空 无 一 物 
船夫 看到 曹福 脸色 有些 惊讶  就 盛气凌人 地 说   你 诬赖 他人  诽谤 良民  这 该 怎么办 呢  
曹福 用 睿智 的 目光 扫 了 船夫 一 眼  又 看 了 看 船舱  语气 坚定 地 说   把 底板 打开  
这 回 船夫 死活 不 肯  曹福 就 用 随手 所 带 的 木 杖 强行 打开  一 看 船舱 底下 尽 是 金银 布匹 
原来 底板下面 这 一 层  是 专门 用来 藏匿 赃物 的 
船夫 见 势 不好  早 瘫软 在 船上  向 曹福 磕头 求饶 
于是  曹福 用 绳索 把 船夫 捆绑 起来  船 靠岸 以后  带 人 收缴 赃物  把 船夫 押送 到 县衙 
一 经 审查  原来 这个 船夫 是 个 长年 盗窃 而 又 老 奸 巨 猾 的 盗贼 
县衙 里 其他 捕 快 问 曹福  是 根据 什么 知道 船 里 有 赃物 的 
曹福 说   我 看见 这 只 船 很 小  但是  风浪 不 能 摇动 它  而且 系 船 的 缆绳  拖 着 小 船 很 沉重  我 知道 这 只 船 上 一定 有 沉重 的 货物 
可是  夹板 上面 却 空空如也  就 说明 夹板 底下 藏 着 的 东西 很 可能 有 问题 
我 再 使用 查问 的 办法  就 揭穿 盗贼 的 真面目 了  
还有 一 次  曹福 去 南昌 看望 他 的 叔叔  傍晚 时分 来到 一 家 旅店  和 众人 同 住 在 一 间 大 房子 里  其中 有 个 贩卖 瓷器 的 客商  地上 堆放 着 几 箱子 陶瓷 器皿 
进 旅店 的 时候  曹福 看见 隔壁 房间 先 有 两 个 客商 住 在 里面  门口 堆放 着 不少 布匹  不久 又 有 八 个 人 抬 了 一 只 大 柜子 走 了 进去  和 两 个 布匹 商住 在 一起 
曹福 就 在 紧 靠 墙壁 的 那 张 床 铺 上 睡 下 
到 了 半夜 时分  天气 很 冷  曹福 一 觉 醒 来  翻 了 个 身  刚 想 舒舒服服 再 睡 下去  突然 觉得 隔壁 房间 似乎 有 什么 动静 
他 轻轻地 钻 出 被窝  把 耳朵 紧贴 隔 墙  仔细 一 听  有 一个 声音 在 哭 着 说   我 所有 的 东西 你们 都 拿 去 吧  只求 各位 高抬贵手  给 我 一些 钱  好 让 我 做 回家 的 路费  
曹福 心里 一 惊  知道 隔壁 有 异常 情况  于是 屏息 细 听 
他 听见 隔壁 嘀嘀 咕咕 的 声音  这时 好像 有 一个 人 答应 了 刚才 那 人 的 请求 
但 突然 又 有 一个 恶狠狠 的 声音 说道   咱们 不 杀 他  一定 会 留下 后患  贻害无穷  
过 了 一会  隔壁 房间 里 恢复 寂静 
曹福 心想 一定 碰上 强盗 了  寻思 一会儿  就 故意 踢 翻 一 箱子 瓷器  惊醒 了 这 间 屋子 里 所有 的 人 
贩卖 瓷器 的 客商 一 看 自己 的 瓷器 被 损坏  就 一边 大 骂 曹福  一边 准备 动手 
曹福 也 故意 和 瓷器 商 争吵 起来  居住 在 同 室 里 的 人们 纷纷 起来 相劝 
喧闹 声 传遍 整个 旅店  店主 和 伙计 都 起来 询问 发生 了 什么 事情 
在 一 片 拥挤 和 嚷嚷 声 里  曹福 乘机 拉 过 店主  一五一十 告诉 了 刚才 隔壁 发生 的 事情 
店主 是 个 侠 肝 义 胆 的 人  他 拍 着 胸脯 向 瓷器 商 担保  第二 天  一定 会 让 曹福 赔偿 损失 的 
曹福 让 店主 秘密 做好 准备 
第二 天  天 刚 蒙蒙亮  隔壁 房间 里 的 那 伙 人 抬 着 大 柜子 就 出来 了  准备 离开 旅店 
店主 一 看 仍旧 是 十 个 人  他 不露声色 地 迎 上 前 去  故意 问道   哎呀  怎么 少 了 两 个 人  
那 十 个 人 一起 回答   我们 住店 时 是 十 个 人  出 店 时 也 是 十 个 人  还 有 问题 吗  
店主 使 了 个 眼色  众人 一拥而上  开始 搜查 这些 人 的 行李 和 大 木箱 
当 人们 打开 木 柜 时  都 惊叫 起来  原来 那 里面 是 两 具 血肉 模 糊 的 尸体  竟 是 那 两 个 布匹 商 
大家 都 非常 气愤  把 他们 押送 到 官府 