人们 一 提起 高苑 县长  大家 都 会 异口同声 的 回答 —— 耳子货 
耳子货 是 傻瓜蛋 的 意思  为什么 会 落 到 高苑 县长 的 头 上  这 话 还 得 从 一 起 杀人 案件 说起 
相传 在 清朝 时期  凤凰村 （ 现在 的 西闸村 ）  所 处 的 位置 是 博兴  桓台  高苑 三 县 的 交汇 处  凤凰村 那 时候 属于 高苑县 管辖 
有 一 天  在 三 县 的 交汇 处  发生 了 一起 命案  一 位 四十 多 岁 的 无 名 男子  被 人 谋杀 了  尸体 就 在 凤凰村 三 县 交汇 的 地方 
那 时候  对于 人命关天 的 大 案  发生 在 哪个 县  如果 破 不 了  轻 则 县长 受到 朝廷 的 训斥  重 则 罢官 回家  永不 录用 
三 个 县 的 县长 接到 了 报案  这 可是 人命关天 的 大事  哪里 敢 有 半点 儿 怠慢  立即 带 着 三 班 衙役 来到 了 案 发 现场 
老百姓 听说 有 人 被 谋杀  也 纷纷 赶来 
凤凰村 的 男女老少 几乎 都 来 了  桓台县  博兴县 的 老百姓 也 来 了 不少  他们 有的 担心 是 自己 的 亲人  或者 是 自己 亲戚 朋友  大多数 人 是 来 看 热闹 的  大家 把 现场 围 了 个 里 三 层  外 三 层 
被害人 上身 赤裸  下身 只 穿 着 一 条 短裤  脚 上 只 穿 着 一 只 鞋子  另 一 只 鞋子 就 在 高苑县 的 地 里  死者 趴 在 那里  也 看 不 出 什么 模样  头部 正好 在 博兴县 境内  身子 正好 趴 在 桓台县 和 高苑县 的 交界处 
受害人 浑身 上下 青 一 块  紫 一块  头部 也 被 打破  流出 的 鲜血 已经 凝固  周围 有 打斗 的 痕迹  到处 都 是 凝固 的 血迹  很 明显  这 就 是 第一 作 案 现场  看来 不 是 仇杀  就是 图 财 害 命 
三 县 的 县长  围 着 死者 看 了 又 看  最后 都 站 在 那里  谁 也 不 动 手 勘察 尸体 
就 这样 沉默 了 好 长 的 时间  博兴县 的 县长 来到 尸体 旁  仔细 地 打量 了 一下 说   来 人  把 尸体 翻 过去  看看 是 什么 模样  让 大家 看 一 看 有 没 有 认识 的  先 找 到 尸源  也 便于 破 案  
县长 一边 说 着  还 用 手 比划 着 高 苑 县 一边 
博兴县 的 衙役 看到 后  心领神会  走 过来 两 个 衙役  抬 着 死者 的 头部  翻 到 了 高苑县 一边 
博兴县 县长  站 在 死者 旁边  仔细 地 看 了 又 看  然后 问 周围 的 人   大家 看 一 看  有 没 有 认识 的  
大家 围 过来  仔细 地 看 了 看  有的 摇头  有的 说   不 认识  从来 没有 见 过 这个 人  
还有 的 看 了 一 眼  悄悄 的 离开  很 显然  大家 都 不 认识 
博兴县 长 看 了 看 高苑 县长 和 桓台县 的 县长 说   二 位 县长  你们 仔细 的 看 一 看  还有 什么 发现  
这时  桓台县 的 师爷  来到 县长 面前  凑 在 县长 的 耳朵 边  悄悄 地 也 不 知道 说 了 什么  桓台县 县长  微微 一 笑  来到 了 尸体 旁边  然后 把 高苑 县长 拉 到 自己 身边  问   高苑 县长  你 有 什么 发现 没有  
高苑 县长 摇 了 摇 头 说   没有  
桓台县 县长 对 手下 的 衙役 们 喊 道   大家 再 翻 过去  看看 还有 什么 新 发现  我 就 不 信 留 不 下 什么 线索  
高苑 县长 听 了 说   对 对 对  一定 会 有 什么 线索  我 来 吧  
说 着  自己 亲手 把 尸体 翻 了 过去 
正好 把 整个 尸体 都 翻 到 了 高苑 县 境内 
博兴县 县长 看 了 哈哈大笑 说   高苑 县长  命案 发生 在 高苑县 境内  希望 你 早日 破 案  抓 到 凶手  为民除害 
也好 上报 朝廷  立功 受奖  
博兴县 长 说 完  一 挥手  挤出 了 人群  带 着 三 班 衙役 走 了 
博兴 的 老百姓 看 了  大 喊 一 声  耶  
也 跟 在 县长 后面 走 了 
桓台县 县长 看 了  也 哈哈大笑 说   高苑 县长  你 看  这 尸体 在 高苑县 境内  就 麻烦 你 了  到 时候 你 用 得 着 我 的 时候  我会 鼎力相助  祝贺 你 立功 受奖  
说 完  一 挥手  也 带 着 三 班 衙役 走 了 
桓台县 来 的 老百姓 看 了  也 一起 高喊   耶  
也 跟 在 县长 后面 走 了 
清朝 末年  青州 城里 开 了 两 家 有名 的 当铺  一 家 名 叫 兴隆 典当  一 家 名 叫 鼎泰 典当 
按理说 这 两 家 当铺 个 做 个 的 生意  井水 不犯 河水  可 偏巧 两 家 当铺 在 大街 两侧 开 了 个 对 门 
原先 此地 只有 鼎泰 一 家 当铺  店 掌柜 叫 万有财  为人 刁钻 歹毒  仗 着 自己 家 大业 大  花钱 勾结 官府  欺行霸市  对待 客人 更 是 肆意 欺诈  可 谁 让 此地 只 有 这么 一 家 大 点 的 当铺 呢 
所以 鼎泰 当铺 倒 也 生意 兴隆 
两年 前 青州 城 来 了 一 位 外地人  名叫 李正明  想 在 此地 安家 立业  偏巧 盘 下 了 鼎泰 当铺 对门 的 一 家 饭馆  开 了 现在 的 兴隆 典当 
李正明 为人 正直  心地 善良  尤其 对待 穷苦 百姓  绝不 刁钻 为难  救济 的 穷人 不计其数 
靠 着 李正明 的 为人  兴隆 典当 两年 来 声名鹊起  每天 门庭若市  直 气 得 对 门 的 万 有 财 吹胡子瞪眼 
这 天 深夜  李正明 正要 打烊  一个 瘦小 的 青年 风风火火 地 赶 了 来  进 门 便 说   家中 有 急事  还 望 掌柜 接济 一下  
李正明 抬头 打量 了 一下 这 个 青年  一身 破 布 麻 衣  怀中 抱 一 精致 的 木箱  一 脸 的 慌乱 