/wj
“/wyz打倒/v反动/a学术/n权威/n叶哲泰/nr!/wt
!/wt
”/wyy“/wyz打倒/v一切/rz反动/a学术/n权威/n!/wt
!/wt
”/wyy“/wyz打倒/v一切/rz反动/a学说/n!/wt
!/wt
”/wyy“/wyz上帝/n是/vshi不/d存在/v的/ude1，/wd一切/rz宗教/n，/wd都/d是/vshi统治阶级/nl编造/v出来/vf的/ude1麻痹/a人民/n的/ude1精神/n工具/n!/wt
”/wyy口号/n平息/vi后/f，/wd那个/rz小/a女孩/n儿/k大声/d说/v。/wj
“/wyz这种/r看法/n是/vshi片面/a的/ude1。/wj
”/wyy叶哲泰/nr平静/a地/ude2说/v。/wj
恼羞成怒/vl的/ude1小/a红卫兵/nz立刻/d做出/v了/ule判断/vn，/wd对于/p眼前/s这个/rz危险/a的/ude1敌人/n，/wd一切/rz语言/n都/d无/v意义/n了/y。/wj
她/rr抡/v起/vf皮带/n冲/v上去/vf，/wd她/rr的/ude1三/m个/q小/a同志/n立刻/d跟/v上/f，/wd叶哲泰/nr的/ude1个子/n很/d高/a，/wd这/rzv四/m个/q十四/m岁/qt的/ude1女孩/n儿/k只/d能/v朝/tg上/f抡/v皮带/n才/d能/v打/v到/v他/rr那/rzv不/d肯/v低下/a的/ude1头/n，/wd在/p开始/v的/ude1几/m下/f打击/v后/f，/wd他/rr头/n上/f能/v起/vf一定/b保护/vn作用/n的/ude1铁/n高帽/n被/pbei打/v掉/v了/y，/wd接/v下来/vf带/v铜/n扣/v的/ude1宽/a皮带/n如/v雨点/n般/uyy打/v在/p他/rr的/ude1头/n上/f和/cc身上/s——/wp他/rr终于/d倒下/v了/y，/wd这/rzv鼓舞/v了/ule小/a红卫兵/nz们/k，/wd她们/rr更加/d投入/v地/ude2继续/v着/uzhe这/rzv“/wyz崇高/a”/wyy的/ude1战斗/vn，/wd她们/rr在/p为/v信念/n而/cc战/ng，/wd为/p理想/n而/cc战/ng，/wd她们/rr为/p历史/n给予/vx自己/rr的/ude1光辉/a使命/n所/usuo陶醉/vi，/wd为/p自己/rr的/ude1英勇/a而/cc自豪/a…/ws
…/ws
“/wyz最高/a指示/n：/wp要文斗/nr不要/d武斗/vi!/wt
”/wyy叶哲泰/nr的/ude1两/m名/q学生/n终于/d下/vf定/v了/ule决心/n，/wd喊/v出/vf了/ule这/rzv句/q话/n，/wd两/m人/n同时/c冲/v过去/vf，/wd拉开/v了/ule已/d处于/v半/m疯狂/a状态/n的/ude1四/m个/q小/a女孩/n儿/ng。/wj
但/c已经/d晚/a了/y，/wd物理学家/n静静地/z躺/v在/p地上/s，/wd半/m睁/v的/ude1双/m眼/q看/v着/uzhe从/p他/rr的/ude1头颅/n上流/n出/vf的/ude1血迹/n，/wd疯狂/a的/ude1会场/n瞬间/t陷入/v了/ule一/m片/q死/v寂/ag，/wd那/rzv条/q血迹/n是/vshi唯一/b在/p动/v的/ude1东西/n，/wd它/rr像/v一/m条/q红/a蛇/n缓慢/a地/ude2蜿蜒/z爬行/vi着/uzhe，/wd到达/v台/q沿/p后/f一滴滴/m地/ude2滴/v在/p下面/f一个/mq空/a箱子/n上/f，/wd发出/v有/vyou节奏/n的/ude1“/wyz哒哒/o”/wyy声/ng，/wd像/v渐/d行/vi渐/d远/a的/ude1脚步/n。/wj
一阵/mq怪/a笑声/n打破/v了/ule寂静/a，/wd这/rzv声音/n是/vshi精神/n已/d彻底/ad崩溃/vi的/ude1绍琳/nr发出/v的/ude1，/wd听/v起来/vf十分/d恐怖/a。/wj
人们/n开始/v离去/vi，/wd最后/f发展/v成/v一/m场/qv大/a溃逃/vi，/wd每个/r人/n想/v都/d尽快/d逃离/v这个/rz地方/n。/wj
会场/n很快/d空/v了/ule下来/vf，/wd只/d剩下/v一个/mq姑娘/n站/vi在/p台下/s。/wj
她/rr是/vshi叶哲泰/nr的/ude1女儿/n叶文洁/nr。/wj
当/p那/rzv四/m个/q女/b孩儿/n施/v暴/ad夺/v去/vf父亲/n生命/n时/ng，/wd她/rr曾/d想/v冲/v上/vf台/n去/vf，/wd但/c身边/s的/ude1两/m名/q老/a校/ng工/n死死/d抓住/v她/rr，/wd并/cc在/p耳边/s低声/d告诉/v她/rr别/d连/ulian自己/rr的/ude1命/n也/d不/d要/v了/y，/wd当时/t会场/n已经/d处于/v彻底/a的/ude1癫狂/a，/wd她/rr的/ude1出现/vn只/d会/v引出/v更/d多/a的/ude1暴徒/n。/wj
她/rr曾/d声嘶力竭/dl地/ude2哭叫/vi，/wd但/c声音/n淹没/v在/p会场/n上/f疯狂/a的/ude1口号/n和/cc助威声/n中/f，/wd当/p一切/rz寂静/a下来/vf时/ng，/wd她/rr自己/rr也/d发/v不/d出/vf任何/rz声音/n了/y，/wd只是/d凝视/v台上/s父亲/n已/d没有/v生命/n的/ude1躯体/n，/wd那/rzv没有/d哭/v出/vf和/cc喊/v出/vf的/ude1东西/n在/p她/rr的/ude1血液/n中/f弥漫/v、/wn溶解/v，/wd将/d伴/v她/rr一生/n。/wj
人群/n散/v去/vf后/f，/wd她/rr站/vi在/p那里/rzs，/wd身体/n和/cc四肢/n仍/d保持/v着/uzhe老/a校/ng工/n抓/v着/uzhe她/rr时/ng的/ude1姿态/n，/wd一动不动/dl，/wd像/p石化/n了/ule一般/a。/wj
过/vf了/ule好久/m，/wd她/rr才/d将/d悬空/vi的/ude1手臂/n放/v下/f来/vf，/wd缓缓/d起身/vi走/v上/f台/q，/wd坐/v在/p父亲/n的/ude1遗体/n边/k，/wd握/v起/vf他/rr的/ude1一/m只/q已/d凉/v下来/vf的/ude1手/n，/wd两/m眼/q失神/vi地/ude2看/v着/uzhe远方/s。/wj
当/p遗体/n要/v被/pbei抬/v走/v时/ng，/wd叶文洁/nr从/p衣袋/n中/f拿/v出/vf一/m样/q东西/n放到/v父亲/n的/ude1那/rzv只/q手中/s，/wd那/rzv是/vshi父亲/n的/ude1烟斗/n。/wj
文洁/nr2默默/d地/ude2离开/v了/ule已经/d空无一人/al一/m片/q狼藉/z的/ude1操场/n，/wd走/v上/f回家/vi的/ude1路/n。/wj
当/p她/rr走/v到/v教工/n宿舍楼/n下/vf时/ng，/wd听到/v了/ule从/p二/m楼/n自家/rr窗口/s传出/v的/ude1一/m阵阵/q痴/a笑声/n，/wd这/rzv声音/n是/vshi那个/rz她/rr曾/d叫做/v妈妈/n的/ude1女人/n发出/v的/ude1。/wj
文洁/nr2默默/d地/ude2转身/vi走/v去/vf，/wd任/v双/m脚/n将/p她/rr带/v向/p别处/rzs。/wj
她/rr最后/f发现/v自己/rr来到/v了/ule阮雯/nr的/ude1家门/n前/f，/wd在/p大学/n四/m年/qt中/f，/wd阮/nr1老师/n一直/d是/vshi她/rr的/ude1班主任/n，/wd也/d是/vshi她/rr最/d亲密/a的/ude1朋友/n。/wj
在/p叶文洁/nr读/v天体/n物理/n专业/n研究生/n的/ude1两/m年/qt里/f，/wd再/d到/v后来/t停课/vi闹革命/vi至/p今/tg，/wd阮/nr1老师/n一直/d是/vshi她/rr除/p父亲/n外/f最/d亲近/v的/ude1人/n。/wj
阮雯/nr曾/d留学/v剑桥/nz，/wd她/rr的/ude1家/n曾/d对/p叶文洁/nr充满/v了/ule吸引力/n，/wd那里/rzs有/vyou许多/m从/p欧洲/ns带/v回来/v的/ude1精致/a的/ude1书籍/n、/wn油画/n和/cc唱片/n，/wd一/m架/qv钢琴/n；/wf还有/v一/m排放/v在/p精致/a小/a木/ng架/v上/f的/ude1欧式/b烟斗/n，/wd父亲/n那/rzv只/d就/d是/vshi她/rr送/v的/ude1，/wd这些/rz烟斗/n有/vyou地中海/nsf石楠/nr根/n的/ude1，/wd有/vyou土耳其/nsf海泡石/n的/ude1，/wd每/rz一个/mq都/d仿佛/d浸透/v了/ule曾/d将/p它们/rr拿/v在/p手中/s和/cc含/v在/p嘴里/s深思/vi的/ude1那/rzv个/q男人/n的/ude1智慧/n，/wd但/c阮雯/nr从/p未/d提/v起/vf过/uguo他/rr。/wj
这个/rz雅致/a温暖/an的/ude1小/a世界/n成为/v文/ng洁/ag逃避/v尘世/n风暴/n的/ude1港湾/n。/wj
但/c那/rzv是/vshi阮雯/nr的/ude1家/n被/pbei抄/v之前/f的/ude1事/n，/wd她/rr在/p运动/n中/f受到/v的/ude1冲击/vn和文/n洁/ag父亲/n一样/uyy重/a，/wd在/p批斗/v会上/t，/wd红卫兵/nz把/pba高跟鞋/n挂到/v她/rr脖子/n上/f，/wd用/p口红/n在/p她/rr的/ude1脸上/s划/v出/vf许多/m道子/n，/wd以/p展示/v她/rr那/rzv腐朽/a的/ude1资产阶级/n生活/vn方式/n。/wj
叶文洁/nr推开/v阮雯/nr的/ude1家门/n，/wd发现/v抄家/vi后/f混乱/a的/ude1房间/n变/v得/ude3整洁/a了/y，/wd那/rzv几/m幅/q被/pbei撕/v的/ude1油画/n又/d贴/v糊/v好/a挂/v在/p墙上/s，/wd歪/v倒/vi的/ude1钢琴/n也/d端正/v地/ude2立/v在/p原/b位/q，/wd虽然/c已/d被/pbei砸/v坏/a不/d能/v弹/v了/y，/wd但/c还是/d擦/v得/ude3很/d干净/a，/wd残存/v的/ude1几/m本/q精装/b书籍/n也/d被/pbei整齐/a地/ude2放/v回/qv书架/n上/f．/w．/w．/w．/w．/w．/w阮雯/nr端坐/vi在/p写字台/n前/f的/ude1那/rzv把/qv转椅/n上/f，/wd安详/a地/ude2闭/v着/uzhe双/m眼/q。/wj
叶文洁/nr站/vi在/p她/rr身边/s，/wd摸摸/v她/rr的/ude1额头/n、/wn脸/n和/cc手/n，/wd都/d是/vshi冰凉/z的/ude1，/wd其实/d文洁/nr在/p进/vf门/n后/f就/d注意/v到/v了/ule写字台/n上/f倒/d放/v着/uzhe的/ude1那个/rz已/d空/a的/ude1安眠药/n瓶/q。/wj
她/rr默默/d地/ude2站/vi了/ule一会儿/mq，/wd转身/vi走/v去/vf，/wd悲伤/an已/d感觉/v不/d到/v了/y，/wd她/rr现在/t就/d像/v一/m台/q盖/v革/vg计数/vi仪/ng，/wd当/p置身/v于/p超量/vi的/ude1辐射/vn中/f时/ng，/wd反而/d不再/d有/vyou任何/rz反应/vn，/wd没有/v声响/n，/wd读/v数/n为/p零/m。/wj
