，/wd进入/v后/f两/m个/q阶段/n的/ude1批判/vn对象/n是/vshi最/d乏味/a的/ude1，/wd只有/c处于/v第一/m阶段/n的/ude1牛鬼蛇神/nl才/d能/v对/p他们/rr那/rzv早已/d过度/d兴奋/a的/ude1神经/n产生/v有效/a的/ude1刺激/vn，/wd如同/v斗牛/vi士/ng手上/s的/ude1红/a布/n，/wd但/c这样/rzv的/ude1对象/n越来越/d少/a了/y，/wd在/p这/rzv所/q大学/n中/f可能/v只/d剩下/v一个/mq，/wd他/rr由于/p自己/rr的/ude1珍稀/a而/cc被/pbei留/v到/v批判/vn大会/n最后/f出场/vi。/wj
叶哲泰/nr从/p文革/n开始/v一直/d活/v到/v了/ule现在/t，/wd并且/c一直/d处于/v第一/m阶段/n，/wd他/rr不/d认罪/vi，/wd不/d自杀/vi，/wd也/d不/d麻木/a。/wj
当/p这/rzv位/q物理学/n教授/n走/v上/f批判/v台/q时/ng，/wd他/rr那/rzv神情/n分明/d在/p说/v：/wp让/v我/rr背负/v的/ude1十字架/n更/d沉重/a一些/mq吧/y!/wt
红卫兵/nz们/k让/v他/rr负担/n的/ude1东西/n确实/ad很/d重/a，/wd但/c不/d是/vshi十字架/n。/wj
别/vi的/ude1批判/vn对象/n戴/v的/ude1高帽子/n都/d是/vshi用/p竹/ng条/q扎/v的/ude1框架/n，/wd而/cc他/rr戴/v的/ude1这/rzv顶/q却/d是/vshi用/p一/m指/v粗/a的/ude1钢筋/n焊/v成/v的/ude1，/wd还有/v他/rr挂/v在/p胸前/s的/ude1那/rzv块/q牌子/n，/wd也/d不/d是/vshi别人/rr挂/v的/ude1木板/n，/wd而是/c从/p实验室/n的/ude1一个/mq烤箱/n上/f拆/v下/f的/ude1铁门/n，/wd上面/f用/p黑色/n醒目/a地/ude2写/v着/uzhe他/rr的/ude1名字/n，/wd并/cc沿/p对角线/n画/v上/vf了/ule一个/mq红色/n的/ude1大/a叉/n。/wj
押送/v叶哲泰/nr上台/vi的/ude1红卫兵/nz比/p别的/rzv批判/v对象/n多/a了/ule一/m倍/q，/wd有/vyou六/m人/n，/wd两/m男/b四/m女/ng。/wj
两/m个/q男/b青年/n步伐/n稳健/a有力/a，/wd一/m副/q成熟/a的/ude1青年/n布尔什维克/nrf形象/n，/wd他们/rr都/d是/vshi物理/n系/v理论/n物理/n专业/n大/a四/m年级/n的/ude1，/wd叶哲泰/nr曾/d是/vshi他们/rr的/ude1老师/n；/wf那/rzv四/m名/q女/b孩子/n要/v年轻/a得/ude3多/a，/wd都/d是/vshi大学/n附/v中/f的/ude1初二/n学生/n，/wd这些/rz穿/v着/uzhe军装/n扎/v着/uzhe武装带/n的/ude1小/a战士/n挟带/v着/uzhe逼/v人/n的/ude1青春/n活力/n，/wd像/p四/m团/q绿色/n的/ude1火焰/n包围/v着/uzhe叶哲泰/nr。/wj
叶哲泰/nr的/ude1出现/v使/v下面/f的/ude1人群/n兴奋/v起来/vf，/wd刚才/t已/d有/vyou些/q乏力/a的/ude1口号/n声/qv又/d像/v新/a一/m轮/qv海潮/n般/uyy重新/d高昂/a起来/vf，/wd淹没/v了/ule一切/rz。/wj
耐心/a地/ude2等/udeng口号/n声/qv平息/vi下去/vf后/f，/wd台上/s两/m名/q男/b红卫兵/nz中/f的/ude1一/m人/n转向/vi批判/v对象/n：/wp“/wyz叶哲泰/nr，/wd你/rr精通/v各种/rz力学/n，/wd应该/v看到/v自己/rr正/d在/p抗拒/v的/ude1这/rzv股/q伟大/a的/ude1合力/n是/vshi多么/d强大/a，/wd顽固/ad下去/vf是/vshi死路一条/nl!/wt
今天/t继续/v上/f次/qv大会/n的/ude1议程/n，/wd废话/n就/d不/d多/ad说/v了/y。/wj
老实/ad回答/v下面/f的/ude1问题/n：/wp在/p六二/m至/p六五/m届/q的/ude1基础课/n中/f，/wd你/rr是/vshi不/d是/vshi擅自/d加入/v了/ule大量/m的/ude1相对论/n内容/n?/ww
!/wt
”/wyy“/wyz相对论/n已经/d成为/v物理学/n的/ude1古典/b理论/n，/wd基础课/n怎么/ryv能/v不/d涉及/v它/rr呢/y?/ww
”/wyy叶哲泰/nr回答/v说/v。/wj
“/wyz你/rr胡说/v!/wt
”/wyy旁边/f的/ude1一/m名/q女/b红卫兵/nz厉声/d说/v，/wd“/wyz爱因斯坦/nrf是/vshi反动/a的/ude1学术/n权威/n，/wd他/rr有/vyou奶/n便是/v娘/n，/wd跑/v去/vf为/v美/b帝国主义/n造/v原子弹/n!/wt
要/v建立/v起/vf革命/vi的/ude1科学/n，/wd就要/d打倒/v以/p相对论/n为/p代表/n的/ude1资产阶级/n理论/n黑/a旗/n!/wt
”/wyy叶哲泰/nr沉默/v着/uzhe，/wd他/rr在/p忍受/v着/uzhe头/n上/f铁/n高帽/n和/cc胸前/s铁板/n带来/v的/ude1痛苦/an，/wd不/d值得/v回应/vn的/ude1问题/n就/d沉默/a了/y。/wj
在/p他/rr身后/f，/wd他/rr的/ude1学生/n也/d微微/d皱/v了/ule一下/mq眉头/n。/wj
说话/vi的/ude1女孩/n儿/ng是/vshi这/rzv四/m个/q中学/n红卫兵/nz中/b天资/n最/d聪颖/a的/ude1一个/mq，/wd并且/c显然/ad有/vyou备/v而/cc来/vf，/wd刚才/t上台/vi前/f还/d看到/v她/rr在/p背/v批判/v稿/ng，/wd但/c要/v对付/v叶哲泰/nr，/wd仅/d凭/p她/rr那/rzv几/m句/q口号/n是/vshi不行/a的/ude1。/wj
他们/rr决定/v亮/vi出/vf今天/t为/p老师/n准备/v的/ude1新/a武器/n，/wd其中/rz的/ude1一/m人/n对/p台下/s挥/v了/ule一下/mq手/n。/wj
叶哲泰/nr的/ude1妻子/n，/wd同/p系/v的/ude1物理学/n教授/n绍琳/nr从/p台下/s的/ude1前/f排/v站/vi起来/vf，/wd走/v上/f台/q。/wj
她/rr身/ng穿/v一/m件/q很/d不/d合体/n的/ude1草绿色/n衣服/n，/wd显然/ad想/v与/p红卫兵/nz的/ude1色彩/n拉/v近/a距离/n，/wd但/c熟悉/v绍琳/nr的/ude1人/n联想/nz到/v以前/f常/d穿/v精致/a旗袍/n讲课/vi的/ude1她/rr，/wd总/d觉得/v别扭/an。/wj
“/wyz叶哲泰/nr!/wt
”/wyy绍琳/nr2指/v着/uzhe丈夫/n喝道/vi，/wd她/rr显然/ad不/d习惯/v于/p这种/r场合/n，/wd尽量/d拔高/v自己/rr的/ude1声音/n，/wd却/d连/ulian其中/rz的/ude1颤抖/vi也/d放大/v了/y，/wd“/wyz你/rr没有/d想到/v我/rr会/v站/vi出来/vf揭发/v你/rr，/wd批判/v你/rr吧/y!/wt
?/ww
是的/vl，/wd我/rr以前/f受/v你/rr欺骗/v，/wd你/rr用/p自己/rr那/rzv反动/a的/ude1世界观/n和/cc科学/n观/vg蒙蔽/v了/ule我/rr!/wt
现在/t我/rr醒悟/vi了/y，/wd在/p革命/vn小将/n的/ude1帮助/vn下/f，/wd我/rr要/v站/vi到/v革命/vn的/ude1一边/f，/wd人民/n的/ude1一边/d!/wt
”/wyy她/rr转向/vi台下/s，/wd“/wyz同志/n们/k、/wn革命/vn小将/n们/k、/wn革命/vn的/ude1教职员工/n们/k，/wd我们/rr应该/v认清/v爱因斯坦/nrf相对论/n的/ude1反动/a本质/n，/wd这种/r本质/n，/wd广义/n相对论/n体现/v得/ude3最/d清楚/a：/wp它/rr提出/v的/ude1静态/n宇宙/n模型/n，/wd否定/v了/ule物质/n的/ude1运动/vn本性/n，/wd是/vshi反/vi辩证法/n的/ude1!/wt
它/rr认为/v宇宙/n有限/a，/wd更/d是/vshi彻头彻尾/dl的/ude1反动/a唯心主义/n…/ws
…/ws
”/wyy听/v着/uzhe妻子/n滔滔不绝/vl的/ude1演讲/vn，/wd叶哲泰/nr苦笑/vi了/ule一下/mq。/wj
琳/nr1，/wd我/rr蒙蔽/v了/ule你/rr?/ww
其实/d你/rr在/p我/rr心中/s倒/vi一直/d是/vshi个/q谜/n。/wj
一/m次/qv，/wd我/rr对/p你/rr父亲/n称赞/v你/rr那/rzv过人/vi的/ude1天资/n——/wp他/rr很/d幸运/a，/wd去/vf得/ude3早/a，/wd躲/v过/vf了/ule这/rzv场/qv灾难/n——/wp老人家/n摇摇/v头/n，/wd说/v我/rr女儿/n不/d可能/v在/p学术/n上/f有/vyou什么/ry建树/n；/wf接着/c，/wd他/rr说/v出/vf了/ule对/p我/rr后/f半生/m很/d重要/a的/ude1一/m句/q话/n：/wp琳琳/nr2太/d聪明/a了/y，/wd可/c是/vshi搞/v基础理论/nl，/wd不/d笨/a不行/a啊/y。/wj
以后/f的/ude1许多/m年/qt里/f，/wd我/rr不断/d悟/vg出/vf这/rzv话/n的/ude1深意/n。/wj
琳/nr1，/wd你/rr真/a的/ude1太/d聪明/a了/y，/wd早/ad在/p几/m年/qt前/f，/wd你/rr就/d嗅/v出/vf了/ule知识界/n的/ude1政治/n风向/n，/wd做出/v了/ule一些/mq超前/a的/ude1举动/n，/wd比如/v你/rr在/p教学/n中/f，/wd把/pba大部分/m物理/n定律/n和/cc参数/n都/d改/v了/ule名字/n，/wd欧姆/q定律/n改/v叫/vi电阻/n定律/n，/wd麦克斯韦/nrf方程/n改名/vi成/v电磁/n方程/n，/wd普朗克/nrf常数/n叫/vi成/v了/ule量子/n常数/n…/ws
…/ws
你/rr对/p学生/n们/k解释/v说/v：/wp所有/b的/ude1科学/n成果/n都/d是/vshi广大/b劳动/vn人民/n智慧/n的/ude1结晶/n，/wd那些/rz资产阶级/n学术/n权威/n不过/c是/vshi窃取/v了/ule这些/rz智慧/n。/wj
但/c即使/c这样/rzv，/wd你/rr仍然/d没有/v被/pbei“/wyz革命/vn主流/n”/wyy所/usuo接纳/v，/wd看看/v现在/t的/ude1你/rr，/wd衣袖/n上/f没有/v“/wyz革命/vn教职员工/n”/wyy都/d戴/v着/uzhe的/ude1红/a袖章/n；/wf你/rr两手空空/vl地/ude2上/vf来/vf，/wd连/ulian一/m本/q语录/n都/d没/v资格/n拿/v…/ws
…/ws
谁/ry让/v你/rr出生/vi在/p旧/a中国/ns那样/rzv一个/mq显赫/a的/ude1家庭/n，/wd你/rr父母/n又/d都/d是/vshi那么/rz著名/a的/ude1学者/n。/wj
