但/c当/p她/rr就/d要/v出/vf门/n时/ng，/wd还是/c回过/v头/n来/vf最后/f看/v了/ule阮雯/nr一/m眼/q，/wd她/rr发现/v阮/nr1老师/n很/d好/a地/ude2上/vf了/ule妆/ng，/wd她/rr抹/v了/ule口红/n，/wd也/d穿/v上/vf了/ule高跟鞋/n。/wj
2．/m寂静/a的/ude1春天/t两/m年/qt以后/f，/wd大兴安岭/ns。/wj
“/wyz顺山/nr2倒/d咧/v——/wp”/wyy随着/p这/rzv声/qv嘹亮/a的/ude1号子/n，/wd一/m棵/q如/v巴特农/nrf神庙/n的/ude1巨柱/nr2般/uyy高大/a的/ude1落叶松/n轰然/d倒下/v，/wd叶文洁/nr感到/v大地/n抖动/v了/ule一下/mq。/wj
她/rr拿/v起/vf斧头/n和/cc短/a锯/n，/wd开始/v从/p巨大/a的/ude1树/n身上/s去掉/v枝/ng丫/ng。/wj
每/rz到/v这时/rzt，/wd她/rr总/d觉得/v自己/rr是/vshi在/p为/v一个/mq巨人/n整理/vn遗体/n。/wj
她/rr甚至/d常常/d有/vyou这样/rzv的/ude1想象/vn：/wp这/rzv巨人/n就/d是/vshi自己/rr的/ude1父亲/n。/wj
两/m年/qt前/f那个/rz凄惨/a的/ude1夜晚/t，/wd她/rr在/p太平间/n为/p父亲/n整理/vn遗容/n时/ng的/ude1感觉/n就/d在/p这时/rzt重现/v。/wj
巨松/nr2上/f那/rzv绽开/v的/ude1树皮/n，/wd似乎/d就/d是/vshi父亲/n躯体/n上/f累累/z的/ude1伤痕/n。/wj
内蒙古/ns生产/vn建设/vn兵团/n的/ude1六/m个/q师/ng四十一/m个/q团/n十/m多/m万/m人/n就/d分布/vi在/p这/rzv辽阔/a的/ude1森林/n和/cc草原/n之间/f。/wj
刚/d从/p城市/n来到/v这/rzv陌生/a的/ude1世界/n时/ng，/wd很多/m兵团/n知青/n都/d怀着/v一个/mq浪漫/a的/ude1期望/vn：/wp当/p苏/b修/v帝国主义/n的/ude1坦克/n集/vg群/ng越过/v中/b蒙/b边境/s时/ng，/wd他们/rr将/d飞快/z地/ude2武装/v起来/vf，/wd用/p自己/rr的/ude1血肉/n构成/v共和国/n的/ude1第一/m道/qv屏障/n。/wj
事实上/bl，/wd这/rzv也/d确实/ad是/vshi兵团/n组建/v时/ng的/ude1战略/n考虑/v之一/rz。/wj
但/c他们/rr渴望/v的/ude1战争/n就/d像/v草原/n天边/s那/rzv跑/v死/v马/n的/ude1远/a山/n，/wd清晰可见/vl，/wd但/c到/v不/d了/ule眼前/t，/wd于是/cc他们/rr只/d有/vyou垦荒/vn、/wn放牧/vi和/cc砍伐/vn。/wj
这些/rz曾/d在/p“/wyz大/a串联/v”/wyy中/f燃烧/v青春/n的/ude1年轻人/n很快/d发现/v，/wd与/p这/rzv广阔/a天地/n相比/vi，/wd内地/s最/d大/a的/ude1城市/n不过/c是/vshi个/q羊圈/n；/wf在/p这/rzv寒冷/a无际/z的/ude1草原/n和/cc森林/n间/f，/wd燃烧/v是/vshi无/v意义/n的/ude1，/wd一/m腔/q热血/n喷/v出/vf来/vf，/wd比/p一/m堆/q牛粪/n凉/a得/ude3更/d快/a，/wd还/d不如/v后者/rzv有/vyou使用/vn价值/n。/wj
但/c燃烧/v是/vshi他们/rr的/ude1命运/n，/wd他们/rr是/vshi燃烧/v的/ude1一代/n。/wj
于是/cc，/wd在/p他们/rr的/ude1油锯/n和/cc电锯/n下/f，/wd大片/n的/ude1林海/n化为/v荒山秃岭/n；/wf在/p他们/rr的/ude1拖拉机/n和/cc康拜因/n(/wkz联合/v收割机/n)/wky下/f，/wd大片/n的/ude1草原/n被/pbei犁/v成/v粮田/n，/wd然后/c变成/v沙漠/n。/wj
叶文洁/nr看到/v的/ude1砍伐/vn只能/v用/p疯狂/a来/vf形容/v，/wd高大/a挺拔/a的/ude1兴安/ns岭/ng落叶松/n、/wn四季/n长青/a的/ude1樟/ng子/ng松/ng、/wn亭亭玉立/vl的/ude1白桦/n、/wn耸/vg入/v云天/n的/ude1山/n杨/nr1、/wn西伯利亚/nsf冷杉/n，/wd以及/cc黑桦/n、/wn柞树/n、/wn山/n榆/ng、/wn水曲柳/n、/wn钻天柳/n、/wn蒙古/ns栎/ng，/wd见/v什么/ry伐/v什么/ry，/wd几百/m把/pba油锯/n如同/v一/m群/q钢铁/n蝗虫/n，/wd她/rr的/ude1连队/n所/usuo过/vf之/uzhi处/n，/wd只/d剩下/v一/m片/q树桩/n。/wj
整理/v好/a的/ude1落叶松/n就要/d被/pbei履带/n拖拉机/n拖/v走/v了/y，/wd在/p树干/n另/rz一/m头/q，/wd叶文洁/nr轻轻/d抚摸/v了/ule一下/mq那/rzv崭新/b的/ude1锯/n断面/n，/wd她/rr常常/d下意识/v地/n这么/rz做/v，/wd总/d觉得/v那/rzv是/vshi一/m处/q巨大/a的/ude1伤口/n，/wd似乎/d能/v感到/v大树/n的/ude1剧痛/n。/wj
她/rr突然/ad看到/v，/wd在/p不远处/s树桩/n的/ude1锯/n断面/n上/f，/wd也/d有/vyou一/m只/q在/p轻轻/d抚摸/v的/ude1手/n，/wd那/rzv手/n传达/v出/vf的/ude1心灵/n的/ude1颤抖/vi，/wd与/p她/rr产生/v了/ule共振/vi。/wj
那/rzv手/n虽然/c很/d白/a皙/n，/wd但/c能够/v看出/v是/vshi属于/v男性/n的/ude1。/wj
叶文洁/nr抬头/vi，/wd看到/v抚摸/v树桩/n的/ude1人/n是/vshi白/a沐/vg霖/nr1，/wd一个/mq戴/v眼镜/n的/ude1瘦弱/a青年/n，/wd他/rr是/vshi兵团/n《/wkz大/a生产/vn报/n》/wky的/ude1记者/n，/wd前/f天/qt刚/d到/v连队/n来/vf采访/v。/wj
叶文洁/nr看/v过/uguo他/rr写/v的/ude1文章/n，/wd文笔/n很/d好/a，/wd其中/rz有/vyou一/m种/q与/p这个/rz粗放/v环境/n很/d不/d协调/a的/ude1纤细/a和/cc敏感/a，/wd令/v她/rr很/d难忘/a。/wj
“/wyz马钢/nr，/wd你/rr过来/vf。/wj
”/wyy白/a沐/vg霖/nr1对/p不远处/s一个/mq小伙子/n喊/v道/qv，/wd那/rzv人/n壮/v得/ude3像/v这/rzv棵/q刚/d被/pbei他/rr伐/v倒/vi的/ude1落叶松/n。/wj
他/rr走/v过来/vf，/wd白/nr1记者/n问道/vi：/wp“/wyz你/rr知道/v这/rzv棵/q树/n多/m大/a年纪/n了/y?/ww
”/wyy“/wyz数/m数/n呗/y。/wj
”/wyy马/nr1钢/n指指/v树桩/n上/f的/ude1年轮/n说/v。/wj
“/wyz我/rr数/v了/y，/wd三百三十/m多/m岁/qt呢/y。/wj
你/rr锯/v倒/vi它/rr用/v了/ule多/m长/a时间/n?/ww
”/wyy“/wyz不/d到/v十/m分钟/qt吧/y，/wd告诉/v你/rr，/wd我/rr是/vshi连/ulian里/f最/d快/a的/ude1油锯/n手/n，/wd我/rr到/v哪个/ry班/n，/wd流动/v红旗/n就/d跟/p我/rr到/v那儿/rzs。/wj
”/wyy马钢/nr看上去/v很/d兴奋/a，/wd让/v白/nr1记者/n注意/v到/v的/ude1人/n都/d这样/rzv，/wd能/v在/p《/wkz大/a生产/vn报/n》/wky的/ude1通讯/n报道/v上/f露/v一下/mq脸/n也/d是/vshi很/d光荣/a的/ude1事/n。/wj
“/wyz三百/m多/m年/qt，/wd十几/m代/q人/n啊/y，/wd它/rr发芽/vi时/ng还/d是/vshi明朝/t呢/y，/wd这/rzv漫长/a的/ude1岁月/n里/f，/wd它/rr经历/v过/uguo多少/ry风雨/n，/wd见/v过/uguo多少/ry事/n。/wj
可/v你/rr几/m分钟/qt就/d把/pba它/rr锯/v倒/vi了/y，/wd你/rr真/d没/d感觉/v到/v什么/ry?/ww
”/wyy“/wyz你/rr想/v让/v我/rr感觉/v到/v什么/ry呢/y?/ww
”/wyy马/nr1钢/n愣/vi了/ule一下/mq，/wd“/wyz不/d就/d一/m棵/q树/n嘛/y，/wd这里/rzs最/d不/d缺/v的/ude1就是/d树/v，/wd比/p它/rr岁数/n长/a的/ude1老/a松/ng多/a的/ude1是/vshi。/wj
”/wyy“/wyz忙/v你/rr的/ude1去/vf吧/y。/wj
”/wyy白/a沐/vg霖/nr1摇摇/v头/n，/wd坐/v在/p树桩/n子/ng上/f轻轻/d叹息/vi了/ule一/m声/qv。/wj
马钢/nr也/d摇摇/v头/n，/wd记者/n没有/d报道/v他/rr的/ude1兴趣/n，/wd令/v他/rr很/d失望/a。/wj
“/wyz知识分子/n毛病/n就/d是/vshi多/a。/wj
”/wyy他/rr说/v的/ude1时候/n还/d瞟/v了/ule一/m眼/q不远处/s的/ude1叶文洁/nr，/wd他/rr的/ude1话/n显然/ad也/d包括/v了/ule她/rr。/wj
大树/n被/pbei拖/v走/v了/y，/wd地面/n上/f的/ude1石块/n和/cc树桩/n划/v开/v了/ule树皮/n，/wd使/v它/rr巨大/a的/ude1身躯/n皮开肉绽/al。/wj
它/rr原来/b所在/n的/ude1位置/n上/f，/wd厚厚的/z落叶/n构成/v的/ude1腐/vg植/v层/qv被/pbei压/v出/vf了/ule一/m条/q长/a沟/n，/wd沟/n里/f很快/d渗出/v了/ule水/n，/wd陈年/b落叶/n使/v水/n呈/v暗/a红色/n，/wd像/p血/n。/wj
“/wyz小/a叶/ng，/wd过来/vf歇歇/v吧/y。/wj
”/wyy白/a沐/vg霖/nr1指指/v大/a树桩/n空/v着/uzhe的/ude1另/rz一边/d对/p叶文洁/nr说/v。/wj
文洁/nr2确实/ad累/v了/y，/wd放下/v工具/n，/wd走/v过来/vf和/cc记者/n背靠背/vi地/ude2坐/v着/uzhe。/wj
沉默/v了/ule好/a一会儿/mq，/wd白/d沐/vg霖/nr1突然/ad说/v：/wp“/wyz我/rr看/v得/ude3出来/vf你/rr的/ude1感觉/n，/wd在/p这里/rzs也/d就/p我们/rr俩/m有/vyou这种/r感觉/n。/wj
”/wyy文洁/nr2仍然/d沉默/a着/uzhe，/wd白/d沐/vg霖/nr1预料/v她/rr不/d会/v回答/v。/wj
叶文洁/nr平时/t沉默寡言/vl，/wd很/d少/a与/cc人/n交流/vn，/wd有些/rz刚/d来/vf的/ude1人/n甚至/d误认为/v她/rr是/vshi哑巴/n。/wj
