我/rr将/d因此/c成名/vi…/ws
…/ws
”/wyy“/wyz成名/vi?/ww
”/wyy她/rr问/v，/wd“/wyz是/vshi不/d是/vshi一/m种/q好看/a的/ude1花/n?/ww
”/wyy我/rr语塞/v，/wd叫/vi我/rr怎么/ryv跟/v这样/rzv一个/mq在/p绝/ag域/ng中/f长大/vi的/ude1女孩/n说/v呢/y?/ww
半晌/m，/wd我/rr终于/d老实/ad答道/v：/wp“/wyz成名/vi不/d是/vshi花/n，/wd也/d不/d好看/a。/wj
”/wyy“/wyz那/c它/rr有/vyou什么/ry好/a?/ww
”/wyy她/rr的/ude1眼睛/n明/tg如/v秋水/n纤尘/n不/d染/v，/wd“/wyz我/rr只/d知道/v花/n是/vshi好/a的/ude1，/wd对/p了/y，/wd还有/v星星/n。/wj
我/rr真/d想/v有/vyou一/m天/qt能够/v出去/vf，/wd看/v更/d多/a的/ude1花/n，/wd看/v更/d多/a的/ude1星星/n。/wj
”/wyy说/v到/v这儿/rzs，/wd她/rr声音/n里/f已/d满/v是/vshi憧憬/v，/wd脸上/s也/d带/v上/vf了/ule淡淡的/z愁/v意/ng。/wj
我/rr一下子/mq被/pbei感动/v了/y，/wd似乎/d，/wd就/d因为/p这/rzv一/m抹/q愁/v意/ng。/wj
想/v想/v看/v，/wd当/p世上/s的/ude1无数/m人/n正/d为了/p名利/n而/cc寝食/n不/d宁/ag、/wn相互/d龌龊/a的/ude1时候/n，/wd却/d有/vyou这么/rz个/q袅/n弱/a的/ude1女孩/n遗/vg世/ng独立/v，/wd为/p花/n和/cc星星/n犯愁/vi。/wj
一/m种/q原本/d潜藏/v极/d深/a的/ude1感受/vn从/p我/rr心里/s温柔/a地/ude2翻腾/vi起来/vf，/wd陌生/a而/cc久违/vi。/wj
不久/m我/rr终于/d发现/v，/wd此刻/r的/ude1感动/vn实在/d太/d傻/a，/wd也/d太/d不/d应该/v。/wj
一/m晃/v便/d是/vshi十/m天/qt(/wkz这里/rzs没有/v日月/n轮回/vi，/wd我/rr是/vshi从/p手表/n上/f知道/v时间/n的/ude1)/wky./wj
白星/nr在/p上/f，/wd我/rr就/d看/v它/rr的/ude1光芒/n四处/d周游/v。/wj
云/n的/ude1苍穹/n、/wn云/n的/ude1大地/n、/wn云/n的/ude1山川/n湖/n海/n，/wd这种/r质地/n硬朗/a的/ude1东西/n盘/qv根/n错/vd节/v，/wd构筑/v了/ule一个/mq奇幻/a瑰丽/z的/ude1世界/n。/wj
大气/n中/b氧/n的/ude1比例/n适中/a，/wd但/c溪泉中/nr的/ude1“/wyz水/n”/wyy却/d有/vyou些/q异样/n，/wd虽然/c也/d五/m色/q无味/a可以/v饮用/v，/wd但/c我/rr却/d敢/v断定/v这/rzv不/d是/vshi水/n，/wd仪表/n测量/vn也/d表明/v它/rr的/ude1性质/n其实/d接近/v于/p那些/rz云/n。/wj
一些/mq紫/a褐色/n的/ude1植物/n在/p向/p光/n处/vi生长/v着/uzhe，/wd这/rzv是/vshi我们/rr食物/n的/ude1来源/n。/wj
的确/d，/wd这/rzv番/qv游历/v让/v我/rr领略/v了/ule无数/m风景/n奇观/n，/wd但/c也/d让/v我/rr彻底/ad失望/a了/y。/wj
我/rr不仅/c没有/d找到/v出去/vf的/ude1办法/n，/wd甚至/d连/ulian这/rzv是/vshi哪儿/rys也/d不/d知道/v。/wj
所有/b的/ude1教科书/n、/wn专著/n甚至/d包括/v志/n异/ag杂志/n中/f都/d找/v不/d着/uzhe这/rzv地方/n的/ude1影子/n，/wd这/rzv地方/n是/vshi不/d该/v有/vyou的/ude1，/wd是/vshi个/q不/d可能/v的/ude1虚无/b之/uzhi境/ng。/wj
可是/c，/wd我/rr知道/v，/wd我/rr却/d不/d是/vshi虚无/b的/ude1，/wd我/rr是/vshi个/q有/vyou骨头/n有/vyou肉/n的/ude1真/a家伙/n！/wt
我/rr要/v出去/vf！/wt
我/rr在/p心中/s狂/d喊/v。/wj
当然/d，/wd顺便/d把/pba仙子/n姑娘/n也/d捎/v上/f，/wd不/d为/v别的/rzv，/wd就/d为/v——/wp花/n和/cc星星/n。/wj
此刻/r，/wd我/rr仙/ng态/ng十足/z赤足/vi蓬/q头/n躺/v在/p云/n堆/v里/f，/wd打开/v收音/v器/ng解闷/v儿/ng。/wj
联/vg耦/n仪/k还/d在/p忠实/a地/ude2工作/vi，/wd要不是/c飞船/n的/ude1前/f半截/mq找/v不/d着/uzhe了/y，/wd我/rr一定/d要/v呐喊/vi一/m声/qv：/wp“/wyz救命/vi啊/y——/wp”/wyy一阵/mq噼啪/o的/ude1噪声/n响/v过/uguo之后/f，/wd我/rr突然/ad听到/v了/ule一个/mq熟悉/v的/ude1声音/n：/wp“/wyz感谢/v大家/rr来/vf航天站/n欢迎/v我/rr，/wd我/rr很/d荣幸/a…/ws
…/ws
”/wyy是/vshi——/wp吴明/nr！/wt
他/rr没/d死/v，/wd而且/c刚/d回/v地球/n！/wt
可/v这/rzv几/m天/qt他/rr在/p哪儿/rys?/ww
噢/e，/wd对/p了/y，/wd这儿/rzs离/v地球/n实在/d太/d远/a了/y，/wd无线电波/n也/d得/ude3走/v些/q日子/n呢/y！/wt
我/rr听到/v的/ude1该/rz是/vshi几/m天/qt前/f的/ude1节目/n了/y。/wj
“/wyz吴/nr1先生/n这/rzv次/qv历险/v不/d是/vshi和/cc同伴/n邓/nr1峰/ng一块儿/d去/vf的/ude1吗/y?/ww
他/rr人/n呢/y?/ww
”/wyy象是/v记者/n在/p采访/v。/wj
“/wyz我们/rr在/p切换/vn速度/n的/ude1时候/n误/d入/v了/ule一个/mq强/a引力/n漩涡/n的/ude1范围/n…/ws
…/ws
”/wyy“/wyz那/rzv一定/d是/vshi碰上/v黑洞/n了/y?/ww
”/wyy另/rz一/m位/q嘶/o声/ng的/ude1记者/n似乎/d很/d在/p行/vi。/wj
“/wyz对/p，/wd当时/t情形/n万分/d危急/a，/wd飞船/n几乎/d被/pbei引力/n撕裂/v…/ws
…/ws
”/wyy“/wyz那/rzv就/d应该/v释放/v加速/vi粒子/n，/wd并/cc甩掉/v一切/rz多余/a的/ude1东西/n呀/y！/wt
”/wyy嘶/o声/ng记者/n再次/d表明/v自己/rr博学/a多/a才/n。/wj
“/wyz可/v是/vshi——/wp”/wyy吴明/nr的/ude1声音/n哽咽/vi了/y，/wd“/wyz我们/rr正/d这样/rzv做/v的/ude1时候/n，/wd我/rr那/rzv同伴/n不/d小心/ad摁/v错/v了/ule键钮/n，/wd竟/d将/p他/rr所在/n的/ude1后舱/n弹射/vn了/ule出去/vf，/wd再/d也/d回/v不/d来/vf了/y…/ws
…/ws
”/wyy我/rr气/v了/ule个/q半死/z！/wt
我/rr明白/v了/y，/wd我/rr是/vshi被/pbei甩掉/v的/ude1！/wt
“/wyz妈/n的/ude1！/wt
”/wyy一/m块/q“/wyz云/n”/wyy被/pbei我/rr奋力/d扔/v出/vf，/wd直溜溜/z飞/vi得/v了/ule无/v踪迹/n。/wj
“/wyz怎么/ryv啦/y?/ww
”/wyy“/wyz滚/vi开/v！/wt
没/v你/rr的/ude1事/n！/wt
滚/vi！/wt
”/wyy我/rr发狂/vi地/ude2吼/vi道/v。/wj
现在/t我/rr真/d想/v大/a吼/vi一/m通/qv，/wd甚至/d盼望/v她/rr能/v发火/vi，/wd陪/v我/rr大/d吵/v一/m场/qv。/wj
我/rr失算/vi了/y。/wj
她/rr听/v了/ule我/rr的/ude1话/n后/f什么/ry也/d没有/d说/v便/d僵/ad住/vi了/y，/wd愣/dg愣/vi地/ude2看/v着/uzhe我/rr，/wd纹丝不动/vl，/wd连/ulian肩膀/n也/d没/d抽搐/vi。/wj
而/cc泪/n，/wd却/d奔流/vi而/cc下/vf。/wj
我/rr吓/v住/vi了/y，/wd我/rr没/d想到/v自己/rr一/m句/q话/n竟/d让/v她/rr这么/rz伤心/a。/wj
“/wyz哎/e，/wd你/rr别/d这样/rzv，/wd别/d哭/v。/wj
”/wyy我/rr一时/t手足无措/al。/wj
以前/f薇/ng妮/ng也/d在/p我/rr面前/f哭/v过/uguo，/wd可/v只要/c我/rr送/v她/rr样/ng首饰/n便/d马上/d风和日丽/vl。/wj
但/c现在/t…/ws
…/ws
“/wyz我/rr…/ws
…/ws
当/p你/rr是/vshi很/d好/a的/ude1人/n…/ws
…/ws
”/wyy她/rr终于/d开口/vi，/wd肩/n也/d开始/v了/ule抽动/v，/wd“/wyz可/v你/rr…/ws
…/ws
”/wyy“/wyz对不起/v，/wd我/rr不/d是/vshi有意/vi的/ude1。/wj
”/wyy我/rr真/d没/d料到/v自己/rr在/p她/rr心中/s是/vshi那么/rz“/wyz崇高/a”/wyy，/wd“/wyz我/rr，/wd我/rr给/p你/rr道歉/vi。/wj
”/wyy她/rr抬/v起/vf眼帘/n，/wd刹那间/t，/wd眼中/s的/ude1濛/n濛/n雾气/n将/p我/rr裹/v得/ude3严严实实/z，/wd令/v我/rr无法/v动弹/vi，/wd：/wp“/wyz不/d用/v了/y，/wd我/rr不/d怪/v你/rr…/ws
…/ws
”/wyy说/v着/uzhe话/n，/wd一/m朵/q明艳/a出/vf尘/ng的/ude1笑容/n在/p她/rr带/v泪/n的/ude1脸上/s漾/v开/v。/wj
我/rr忽然/d觉得/v心中/s没有/v那么/c恼怒/v了/y，/wd她/rr那/rzv象征/v原谅/v的/ude1笑容/n深深/d感染/v了/ule我/rr。/wj
忽然/d，/wd我/rr想起/v一个/mq问题/n，/wd这/rzv几/m天/qt里/f我/rr忙/v着/uzhe探/v奇/ag，/wd没/d顾/v上/f问/v她/rr。/wj
“/wyz喂/e，/wd你/rr是/vshi怎么/ryv到/v这儿/rzs的/ude1?/ww
”/wyy她/rr低/v下/vf头/n，/wd如云/z的/ude1黑发/n遮住/v了/ule她/rr的/ude1半边/n脸孔/n；/wf“/wyz波波/nz告诉/v我/rr，/wd我/rr的/ude1父母/n带/v着/uzhe我/rr进行/vx一/m次/qv考察/vn飞行/vn，/wd结果/d遇/v上/vf了/ule黑洞/n。/wj
”/wyy黑洞/n！/wt
