/wj
他/rr也/d弄/v不/d明白/v自己/rr为什么/ryv要/v当/p银河系/n的/ude1总统/n，/wd除了/p觉得/v这/rzv件/q事/n很/d好/a玩/v之外/f。/wj
他/rr不/d知道/v，/wd这些/rz理由/n之外/f其实/d还/d存在/v着/uzhe更/d好/a的/ude1理由/n，/wd只/d是/vshi它们/rr被/pbei埋藏/v在/p他/rr两/m个/q大/a脑/n中/f的/ude1一/m块/q黑暗/a区域/n里/f，/wd被/pbei锁/v得/ude3死死的/z。/wj
他/rr希望/v能/v把/pba这块/r被/pbei锁/v闭/v的/ude1黑暗/a区域/n清除/v掉/v，/wd因为/c它们/rr不/d时/ng会/v短暂/a地/ude2浮现/vi出/vf来/vf，/wd在/p他/rr的/ude1思想/n中/f那些/rz明亮/a的/ude1、/wn欢快/a的/ude1区域/n里/f投/v下/vf奇怪/v的/ude1念头/n，/wd试图/v使/v他/rr偏离/v他/rr所/usuo认定/v的/ude1人生/n基本/a方向/n，/wd即/v，/wd寻欢作乐/vl。/wj
此刻/r，/wd他/rr的/ude1感觉/n一点儿/mq也/d不/d欢乐/a。/wj
他/rr已经/d用/v完/vi了/ule所有/b耐心/an，/wd还有/v所有/b铅笔/n，/wd他/rr已经/d饥肠辘辘/vl了/y。/wj
“/wyz混蛋/n！/wt
”/wyy他/rr叫/vi道/v。/wj
在/p同/p一刻/mq，/wd福特/nz?/ww
长官/n正/d位于/v半空/s中/f。/wj
不/d是/vshi因为/p飞船/n的/ude1人造/b重力场/n出/vf了/ule什么/ry毛病/n，/wd而是/c他/rr正/d从/p通往/v飞船/n居住区/n的/ude1楼梯/n井/n往/p下/f跳/vi。/wj
这/rzv一/m跳/vi的/ude1落差/n不/d低/a，/wd所以/c他/rr的/ude1落地/vn姿势/n相当/d狼狈/an。/wj
跌/v跌/v绊/ng绊/v地/ude2恢复/v了/ule平/a之后/f，/wd他/rr冲/v进/vf走廊/n，/wd撞/v飞/vi了/ule两/m个/q微型/b服务/vn机器人/n，/wd在/p角落/n里/f来/vf了/ule个/q急/ad转/v，/wd一头/d闯进/v赞/vg福德/nz的/ude1房间/n，/wd开始/v向/p他/rr阐述/v自己/rr的/ude1看法/n。/wj
“/wyz沃/vg贡/ng人/n。/wj
”/wyy他/rr说/v。/wj
而/cc在/p此/rzs之前/f一会儿/mq，/wd阿瑟/nrf?/ww
邓特/nrf刚刚/d走/v出/vf自己/rr的/ude1房间/n，/wd想来/v上/vf一/m杯/q茶/n。/wj
对于/p这个/rz需求/n，/wd他/rr并/d没有/d抱/v很/d乐观/a的/ude1态度/n，/wd因为/c他/rr知道/v，/wd整/m艘/q飞船/n上/f惟一/b的/ude1热饮/n来源/n是/vshi一/m台/q由/p天狼星/n控制/vn系统/n公司/n生产/vn的/ude1弱智/b装置/n。/wj
这/rzv台/q装置/n叫做/v自动/b营养/n饮料/n合成/vn机/ng，/wd他/rr以/p前/f曾经/d见识/v过/uguo。/wj
这/rzv玩意/n儿/k宣称/v它/rr能够/v调配/v出/vf最/d多样化/vi的/ude1饮料/n，/wd以/p适应/v任何/rz一/m位/q使用者/n的/ude1口味/n和/cc新陈代谢/vl情况/n。/wj
然而/c，/wd一旦/d使用/v起来/vf，/wd它/rr却/d总/d是/vshi一成不变/vl地/ude2出来/vf一/m塑料/n杯/ng不/d太/d像/v但/c也/d并非/v完全/ad不/d是/vshi茶/n的/ude1液体/n。/wj
这/rzv次/qv，/wd他/rr决定/v要/v就/p这个/rz问题/n跟/p这/rzv台/q机器/n理论/n一番/mq。/wj
“/wyz茶/n。/wj
”/wyy他/rr说/v。/wj
“/wyz请/v分享/v，/wd请/v享用/v。/wj
”/wyy机器/n回答/v说/v，/wd又/d一/m次/qv提供/v了/ule这样/rzv一/m杯/q令人/v作呕/v的/ude1液体/n。/wj
他/rr把/pba杯子/n扔/v到/v一边/f。/wj
“/wyz请/v分享/v，/wd请/v享用/v。/wj
”/wyy机器/n重复/v了/ule一/m遍/qv，/wd然后/c给/p他/rr来/vf了/ule同样/b的/ude1一/m杯/q。/wj
“/wyz请/v分享/v，/wd请/v享用/v”/wyy是/vshi获得/v了/ule巨大/a成功/a的/ude1天狼星/n控制/vn系统/n公司/n投诉/vn部/n的/ude1格言/n，/wd目前/t它/rr已经/d覆盖/v了/ule三/m颗/q中等/b规模/n行星/n上/f主要/b的/ude1大陆/n群/ng，/wd并且/c是/vshi整个/b公司/n中/f惟/d一一/d个/q近年来/dl实现/v持续/vd赢利/v的/ude1部门/n。/wj
这/rzv句/q格言/n就/d立/v在/p——/wp或者/c应该/v说/v，/wd曾经/d立/v在/p——/wp投诉/v部/q设在/v依兰/ns克/b斯/b星/n上/f的/ude1太空/s港/n旁边/f，/wd字母/n足/d有/vyou三/m英里/q高/a，/wd还/d有/vyou灯光/n照明/n。/wj
不幸/a的/ude1是/vshi，/wd它/rr太/d重/a了/y，/wd以至于/c刚/d立/v起来/vf不久/m就/d导致/v了/ule地面/n塌陷/vi。/wj
这些/rz尺寸/n巨大/a的/ude1字母/n的/ude1一半/m穿透/v了/ule办公室/n，/wd里面/f当时/t有/vyou许多/m富于/v天才/n的/ude1青年/n才俊/nr，/wd都/d是/vshi投诉/v管理/vn人员/n——/wp当然/d，/wd他们/rr都/d死/v掉/v了/y。/wj
地表/n之上/f，/wd这些/rz字母/n的/ude1残存/v部分/n仍然/d保留/v着/uzhe。/wj
它们/rr正好/z构成/v了/ule当地/s语言/n中/f的/ude1一/m句/q话/n，/wd“/wyz把/pba你/rr的/ude1脑袋/n塞/v进/vf猪/n屁股/n里/f吧/y”/wyy。/wj
另外/c，/wd除了/p某些/rz特殊/a的/ude1庆典/n时刻/n，/wd也/d不/d再/d往/p上面/f打/v灯光/n了/y。/wj
阿瑟/nrf已经/d扔/v到/v第六/m杯/q了/y。/wj
“/wyz听/v着/uzhe，/wd你/rr这/rzv机器/n，/wd”/wyy他/rr说/v，/wd“/wyz既然/c你/rr宣称/v能够/v合成/v出/vf现有/v的/ude1任何/rz一/m种/q饮料/n，/wd为什么/ryv却/d总是/d给/p我/rr这种/r玩意/n儿/ng？/ww
这/rzv东西/n根本/d咽/v不/d下去/vf。/wj
”/wyy“/wyz基于/p营养/n和/cc愉悦/a感/vg的/ude1数据/n。/wj
”/wyy机器/n嘟嘟/o地/ude2说/v，/wd“/wyz请/v分享/v，/wd请/v享用/v。/wj
”/wyy“/wyz可/v这/rzv玩意/n儿/ng喝/vg起来/vf糟/a透/a了/y！/wt
”/wyy“/wyz如果/c您/rr已经/d享用/v了/ule这种/r饮料/n带来/v的/ude1美好/a体验/vn，/wd”/wyy机器/n继续/v说/v，/wd“/wyz为什么/ryv不/d和/cc您/rr的/ude1朋友/n们/k分享/v呢/y？/ww
”/wyy“/wyz因为/c，/wd”/wyy阿/b瑟/ng尖酸/a地/ude2说/v，/wd“/wyz我/rr想/v独霸/v它们/rr。/wj
你/rr难道/d不/d能/v试/v着/uzhe理解/v我/rr跟/p你/rr说/v的/ude1话/n吗/y？/ww
这种/r饮料/n…/ws
…/ws
”/wyy“/wyz这种/r饮料/n，/wd”/wyy机器/n甜/a甜/a地/ude2说/v，/wd“/wyz是/vshi为了/p适应/v您/rr对/p营养/n和/cc愉悦/a感/vg的/ude1个人/n需求/n而/cc单独/d调配/v的/ude1。/wj
”/wyy“/wyz噢/e，/wd”/wyy阿瑟/nrf说/v，/wd“/wyz看/v样子/n，/wd我/rr是/vshi个/q认/v准/a了/ule保健/n食谱/n的/ude1受/v虐/ag狂/a，/wd是/vshi吗/y？/ww
”/wyy“/wyz请/v分享/v，/wd请/v享用/v。/wj
”/wyy“/wyz噢/e，/wd给/p我/rr闭/v嘴/n。/wj
”/wyy“/wyz这/rzv就是/v您/rr的/ude1全部/m要求/n吗/y？/ww
”/wyy阿瑟/nrf决定/v放弃/v。/wj
“/wyz是的/vl。/wj
”/wyy他/rr说/v。/wj
不过/c他/rr马上/d认定/v，/wd就/d这样/rzv放弃/v的/ude1话/n实在/a心/n有/vyou不甘/v。/wj
“/wyz不/d，/wd”/wyy他/rr说/v，/wd“/wyz你/rr瞧/v，/wd这/rzv其实/d非常/d非常/d简单/a…/ws
…/ws
我/rr所/usuo要/v的/ude1…/ws
…/ws
只/d是/vshi一/m杯/q茶/n。/wj
你/rr得/v为/p我/rr来/vf上/f一/m杯/q。/wj
请/v保持/v安静/a，/wd听/v我/rr说/v。/wj
”/wyy然后/c，/wd他/rr坐/v了/ule下来/vf。/wj
他/rr给/p自动/b营养/n机/ng讲/v了/ule印度/nsf，/wd讲/v了/ule中国/ns，/wd还/d讲/v了/ule锡兰/nsf。/wj
他/rr讲/v了/ule宽大/a的/ude1叶片/n在/p太阳/n下/f怎么/ryv被/pbei晒/v干/v。/wj
他/rr讲/v了/ule银/n制/k的/ude1茶壶/n。/wj
他/rr讲/v了/ule夏日/t午后/t的/ude1草坪/n。/wj
他/rr还/d告诉/v它/rr应该/v先/d放/v奶/n再/d加/v茶水/n，/wd这样/rzv它/rr就/d不/d会/v被/pbei蒸汽/n烫伤/vi了/y。/wj
他/rr甚至/d还/d讲/v了/ule（/wkz当然/d是/vshi简短/a地/n）/wky东/f印度/nsf公司/n的/ude1历史/n。/wj
“/wyz那么/c，/wd您/rr要/v的/ude1就是/v这种/r东西/n，/wd是/vshi吗/y？/ww
”/wyy他/rr结束/v后/f，/wd自动/b营养/n机/ng问/v。/wj
“/wyz是的/vl，/wd”/wyy阿瑟/nrf说/v，/wd“/wyz我/rr想/v要/v的/ude1就是/v这种/r东西/n。/wj
”/wyy“/wyz您/rr想/v要/v那种/r干/v叶子/n在/p水/n里/f烧/vi开/v的/ude1味道/n？/ww
”/wyy“/wyz嗯/e，/wd是/vshi的/ude1。/wj
不过/c还/d得/ude3加/v奶/n。/wj
”/wyy“/wyz奶牛/n体内/s喷/v出/vf来/vf的/ude1？/ww
”/wyy“/wyz哦/e，/wd从/p某种/rz程度/n上/f，/wd我/rr想/v是的/vl…/ws
…/ws
”/wyy“/wyz合成/v这种/r东西/n，/wd我/rr需要/v帮助/v，/wd”/wyy机器/n简洁/a地/ude2说/v。/wj
欢快/a的/ude1嘟嘟/o声/ng已经/d从/p它/rr声音/n里/f消失/vi得/ude3一干二净/al，wd现在/t，/wd它/rr准备/v动真格的/vl了/y。/wj
“/wyz尽/vi我/rr所/usuo能/v吧/y。/wj
”/wyy阿瑟/nrf说/v。/wj
“/wyz你/rr做/v的/ude1已经/d够/v多/a的/ude1了/y。/wj
”/wyy自动/b营养/n机/ng对/p他/rr说/v。/wj
它/rr呼唤/v飞船/n主控/vn电脑/n。/wj
“/wyz嗨/e，/wd你好/vl！/wt
”/wyy主控/vn电脑/n招呼/v道/qv。/wj
自动/b营养/n机/ng向/p主控/vn电脑/n解释/v了/ule什么/ry叫做/v茶/n。/wj
电脑/n犹豫/a了/ule一下/mq，/wd把/pba逻辑/n电路/n与/p自动/b营养/n机/ng相联/v。/wj
然后/c，/wd它们/rr一起/d陷入/v了/ule可怕/a的/ude1沉默/an。/wj
阿瑟/nrf看/v着/uzhe它们/rr，/wd等待/v了/ule片刻/m，/wd但/c是/vshi什么/ry都/d没有/d发生/v。/wj
他/rr重重地/z砸/v了/ule机器/n一下/mq，/wd还/d是/vshi什么/ry都/d没有/d发生/v。/wj
最后/f，/wd他/rr终于/d放弃/v了/y，/wd悻悻/d地/ude2遛/v达到/v了/ule舰/ng桥/n。/wj
在/p宇宙/n的/ude1广袤/a虚空/a中/f，/wd黄金/n之/uzhi心/n号/q静静地/z飘浮/v着/uzhe，/wd四周/f闪耀/v着/uzhe银河系/n的/ude1数十亿/m个/q光/n点/qt。/wj
而/cc与此同时/c，/wd沃/vg贡/ng飞船/n那/rzv丑陋/a的/ude1黄色/n肿块/n正/d在/p一/m步步/q朝/p它/rr悄然/d逼近/v。/wj
