时间/n：/wp1998/m>/w第一/m节/q回归/v先行者/n知道/v，/wd他/rr现在/t是/vshi全/a宇宙/n中/b惟一/b的/ude1一个/mq人/n了/y。/wj
他/rr是/vshi在/p飞船/n越过/v冥王星/n时/ng知道/v的/ude1，/wd从/p这里/rzs看/v去/vf，/wd太阳/n是/vshi一个/mq暗淡/a的/ude1星星/n，/wd同/p三十/m年/qt前/f他/rr飞/vi出/vf太阳系/n时/ng没有/v两/m样/q。/wj
但/c飞船/n计算机/n刚刚/d进行/vx的/ude1视/vg行/ng差/a测量/vn告诉/v他/rr，/wd冥王星/n的/ude1轨道/n外/f移/v了/ule许多/m，/wd由此/d可以/v计算/v出/vf太阳/n比/p他/rr启程/vi时/ng损失/v了/ule4/m。/wj
74％/m的/ude1质量/n，/wd由此/d又/d可/v推论/vi出/vf另外/rz一个/mq使/v他/rr的/ude1心/n先是/d颤抖/vi然后/c冰冻/v的/ude1结论/n。/wj
那/rzv事/n已经/d发生/v过/uguo了/y。/wj
其实/d，/wd在/p他/rr启程/vi时/ng人类/n已经/d知道/v那/rzv事/n要/v发生/v了/y，/wd通过/p发射/v上万/m个/q穿过/v太阳/n的/ude1探测器/n，/wd天体/n物理学家/n们/k确定/v了/ule太阳/n将要/d发生/v一/m次/qv短暂/a的/ude1能量/n闪烁/v，/wd并/cc损失/n大约/d５％/m的/ude1质量/n。/wj
如果/c太阳/n有/vyou记忆/n，/wd它/rr不/d会/v对/p此/rzs感到/v不安/an，/wd在/p几十亿/m年/qt的/ude1漫长/a生涯/n中/f，/wd它/rr曾/d经历/v过/uguo比/p这/rzv大/a得/ude3多/a的/ude1巨变/vn。/wj
当/p它/rr从/p星云/n的/ude1旋涡/n中/f诞生/vi时/ng，/wd它/rr的/ude1生命/n的/ude1巨变/vn是以/c毫秒/q为/p单位/n的/ude1，/wd在/p那/rzv辉煌/a的/ude1一刻/mq，/wd引力/n的/ude1坍/vi缩/vi使/v核/n聚变/vn的/ude1火焰/n照亮/v星云/n混/v饨/x的/ude1黑暗/a…/ws
…/ws
它/rr知道/v自己/rr的/ude1生命/n是/vshi一个/mq过程/n，/wd尽管/c现在/t处于/v这个/rz过程/n中/f最/d稳定/a的/ude1时期/n，/wd偶然/a的/ude1、/wn小小的/z突变/vi总是/d免不了/v的/ude1，/wd就/d像/v平静/a的/ude1水面/n上/f不时/d有/vyou一个/mq小/a气泡/n浮/v起/vf并/d破裂/vi。/wj
能量/n和/cc质量/n的/ude1损失/n算/v不/d了/ule什么/ry，/wd它/rr还/d是/vshi它/rr，/wd一/m颗/q中/f等/udeng大小/n，/wd视/vg星等/n为/v-/wp26/m。/wj
8/m的/ude1恒星/n。/wj
甚至/c太阳系/n的/ude1其它/rz部分/n也/d不/d会/v受到/v太/d大/a的/ude1影响/vn，/wd水星/n可能/v被/pbei熔化/v，/wd金星/n稠密/a的/ude1大气/n将/d被/pbei剥离/vi，/wd再/d往/p外围/f的/ude1行星/n所/usuo受/v的/ude1影响/vn就/d更/d小/a了/y，/wd火星/n颜色/n可能/v由于/p表面/n的/ude1熔化/v而/cc由/p红/a变/v黑/a，/wd地球/n嘛/y，/wd只不过/d表面/n温度/n升高/v至/p4000/m度/qv，/wd这/rzv可能/v会/v持续/vi１００/m小时/n左右/m，/wd海洋/n肯定/d会/v被/pbei蒸发/vi，/wd各/rz大陆/n表面/n岩石/n也/d会/v熔化/v一/m层/qv，/wd但/c仅/d此/rzs而已/y。/wj
以后/f，/wd太阳/n又/d将/d很快/d恢复/v原状/n，/wd但/c由于/p质量/n的/ude1损失/n，/wd各/rz行星/n的/ude1轨道/n会/v稍微/d后移/vn，/wd这/rzv影响/v就/d更/d小/a了/y，/wd比如/v地球/n，/wd气温/n可能/v稍稍/d下降/vi，/wd平均/ad降/v到/v零下/s110/m度/qv左右/m，/wd这/rzv有助于/v熔化/v的/ude1表面/n重新/d凝结/v，/wd并/cc使/v水/n和/cc大气/n多少/ry保留/v一些/mq。/wj
那时/rzt人们/n常/d谈/v起/vf一个/mq笑话/n，/wd说/v的/ude1是/vshi一个/mq人/n同/p上帝/n的/ude1对话/vn：/wp上帝/n啊/y，/wd一万/m年/qt对/p你/rr是/vshi多么/d短/a啊/y！/wt
上帝/n说/v：/wp就/p一/m秒/qt钟/n。/wj
上帝/n啊/y，/wd一亿/m元/q对/p你/rr是/vshi多么/d少/a啊/y！/wt
上帝/n说/v：/wp就/p一分/t钱/n。/wj
上帝/n啊/y，/wd给/p我/rr一分/t钱/n吧/y！/wt
上帝/n说/v：/wp请/v等/udeng一/m秒/qt钟/n。/wj
现在/t，/wd太阳/n让/v人/n类/q等/v了/ule“/wyz一/m秒/qt钟/n”/wyy：/wp预测/v能量/n闪烁/v的/ude1时间/n是/vshi在/p一万八千/m年/qt之后/f。/wj
这/rzv对/p太阳/n来说/uls确实/d只/d是/vshi一/m秒/qt钟/n，/wd但/c却/d可以/v使/v目前/t活/v在/p地球/n上/f的/ude1人类/n对/p“/wyz一/m秒/qt钟/n”/wyy后/f发生/v的/ude1事/n采取/v一/m种/q超然/a的/ude1态度/n，/wd甚至/d当做/v一/m种/q哲学/n理念/n。/wj
影响/v不/d是/vshi没有/v的/ude1，/wd人类/n文化/n一天天/m变/v得/ude3玩世不恭/vl起来/vf，/wd但/c人类/n至少/d还有/v四五百/m代/q的/ude1时间/n可以/v从容不迫/vl地/ude2想想/v逃生/vi的/ude1办法/n。/wj
两/m个/q世纪/n以后/f，/wd人类/n采取/v了/ule第一/m个/q行动/vn：/wp发射/v了/ule一/m艘/q恒/ag星际/n飞船/n，/wd在/p周围/f100/m光年/qt以内/f寻找/v带有/v可/v移民/vn行星/n的/ude1恒星/n。/wj
飞船/n被/pbei命名/v为/p方舟/n号/q，/wd这/rzv批/q宇航员/n都/d被/pbei称为/v先行者/n。/wj
方舟/nz号/n掠过/v了/ule六十/m颗/q恒星/n，/wd也/d是/vshi掠过/v了/ule六十/m个/q地狱/n。/wj
其中/rz有/vyou一个/mq恒星/n有/vyou一/m颗/q卫星/n，/wd那/rzv是/vshi一/m滴/q直径/n八千/m公里/q的/ude1处于/v白/a炽/ag状态/n的/ude1铁水/n，/wd因/p其/rz系/n液态/n，/wd在/p运行/vi中/f不断/d地/ude2改变/v着/uzhe形状/n…/ws
…/ws
方舟/nz号/n此行/rzv惟一/b的/ude1成果/n，/wd就/d是/vshi进一步/d证明/v了/ule人类/n的/ude1孤独/an。/wj
方舟/nz号/n航行/vi了/ule二十三/m年/qt时间/n，/wd但/c这/rzv是/vshi“/wyz方舟/nz时间/n”/wyy，/wd由于/c飞船/n以/p接近/v光速/n行驶/vi，/wd地球/n时间/n已/d过/vf了/ule两万五千/m年/qt。/wj
本来/d方舟/nz号/n是/vshi可以/v按/p预定/vn时间/n返回/v的/ude1。/wj
由于/c在/p接近/v光速/n时/ng无法/v同/p地球/n通讯/n，/wd必须/d把/pba速度/n降/v至/p光速/n的/ude1一半/m以下/f，/wd这/rzv需要/v消耗/v大量/m的/ude1能量/n和/cc时间/n。/wj
所以/c，/wd方舟/nz号/n一般/uyy每月/r减速/vi一/m次/qv，/wd接收/v地球/n发/v来/vf的/ude1信息/n，/wd而/cc当/p它/rr下/vf一/m次/qv减速/vi时/ng，/wd收到/v的/ude1己/rr是/vshi地球/n一百/m多/m年/qt后/f发出/v的/ude1信息/n了/y。/wj
方舟/nz号/n和/cc地球/n的/ude1时间/n，/wd就/d像/v从/p高/a倍/q瞄准/v镜/ng中/f看/v目标/n一样/uyy，/wd瞄准/v镜/ng稍微/d移动/v一下/mq，/wd镜/ng中/f的/ude1目标/n就/d跨越/v了/ule巨大/a的/ude1距离/n。/wj
方舟/nz号/n收到/v的/ude1最后/f一/m条/q信息/n是/vshi在/p“/wyz方舟/nz时间/n”/wyy自/p启航/vi１３/m年/qt，/wd地球/n时间/n自/p启航/vi一万七千/m年/qt时/ng从/p地球/n发出/v的/ude1，/wd方舟/nz号/n一个/mq月/n后/f再次/d减速/vi，/wd发现/v地球/n方向/n已/d寂静/a无声/vi了/y。/wj
一万/m多/m年/qt前/f对/p太阳/n的/ude1计算/vn可能/n稍/d有/vyou误差/n，/wd在/p方舟/nz号/n这/rzv一个/mq月/n，/wd地球/n这/rzv一百/m多/m年/qt间/f，/wd那/rzv事/n发生/v了/y。/wj
方舟/nz号/n真/d成/v了/ule一/m艘/q方舟/n，/wd但/c已/d是/vshi一/m艘/q只有/c诺亚/nrf一/m人/n的/ude1方舟/n。/wj
其他/rzv的/ude1七/m名/q先行者/n，/wd有/vyou四/m名/q死/v于/p一/m颗/q在/p飞船/n四/m光年/qt处/n突然/ad爆发/v的/ude1新星/n的/ude1辐射/vn，/wd二/m人/n死/v于/p疾病/n，/wd一/m人/n（/wkz是/vshi男人/n）/wky在/p最后/f一/m次/qv减速/vi通讯/n时/ng，/wd听/v着/uzhe地球/n方向/n的/ude1寂静/a开枪/vi自杀/vi了/y。/wj
以后/f，/wd这/rzv惟一/b的/ude1先行者/n曾/d使/v方舟/nz号/n保持/v在/p可/v通讯/n速度/n很/d长/a时间/n，/wd后来/t他/rr把/pba飞船/n加速/vd到/v光速/n，/wd心中/s那/rzv微弱/a的/ude1希望/n之/uzhi火/n又/d使/v他/rr很快/d把/pba速度/n降/v下来/vf聆听/v，/wd由于/c减速/vi越来越/d频繁/a，/wd回归/v的/ude1行程/n拖/v长/a了/y。/wj
寂静/a仍/d持续/vd着/vi。/wj
方舟/nz号/n在/p地球/n时间/n启程/vi二万五千/m年/qt后/f回到/v太阳系/n，/wd比/p预定/vn时间/n晚/a了/ule九千/m年/qt。/wj
第二/m节/q纪念碑/n穿过/v冥王星/n轨道/n后/f，/wd方舟/nz号/n继续/v飞/vi向/p太阳系/n深处/s，/wd对于/p一/m艘/q恒/ag星际/n飞船/n来说/uls，/wd在/p太阳系/n中/f的/ude1航行/vn如同/v海轮/n行驶/vi在/p港湾/n中/f。/wj
