/wd先行者/n曾/d从/p望远镜/n中/f看/v了/ule一/m眼/q木星/n，/wd发现/v这/rzv颗/q大行星/n的/ude1表面/n已/d面目全非/al，/wd大红/b斑/n不见/v了/y，/wd风暴/n纹/ng似乎/d更加/d混乱/a。/wj
他/rr没/d再/d关注/v别的/rzv行星/n，/wd径直/d飞/vi向/p地球/n。/wj
先行者/n用/p颤抖/vi的/ude1手/n按/p动/v了/ule一个/mq按钮/n，/wd高大/a的/ude1舷窗/n的/ude1不/d透明/a金属/n窗帘/n正在/d缓缓/d打开/v。/wj
啊/y，/wd我/rr的/ude1蓝色/n水晶球/n，/wd宇宙/n的/ude1蓝/a眼珠/n，/wd蓝色/n的/ude1天使/n…/ws
…/ws
先行者/n闭/v起/vf双/m眼/q默默/d祈祷/v着/uzhe，/wd过/vf了/ule很/d长/a时间/n，/wd才/d强迫/v自己/rr睁/v开/v双/m眼/q。/wj
他/rr看到/v了/ule一个/mq黑/a白/d相间/v的/ude1地球/n。/wj
黑色/n的/ude1是/vshi熔化/v后/f又/d凝结/v的/ude1岩石/n，/wd那/rzv是/vshi墓碑/n的/ude1黑色/n：/wp白色/n的/ude1是/vshi蒸发/vi后/f又/d冻结/v的/ude1海洋/n，/wd那/rzv是/vshi殓/vg布/n的/ude1白色/n。/wj
方舟/nz号/n进入/v低/a轨道/n，/wd从/p黑色/n的/ude1大陆/n和/cc白色/n的/ude1海洋/n上空/s缓缓/d越/d过/uguo，/wd先行者/n没有/d看到/v任何/rz遗迹/n，/wd一切/rz都/d被/pbei熔化/v了/y，/wd文明/n已/d成/v过眼烟云/nl。/wj
但/c总/d该/v留/v个/q纪念碑/n的/ude1，/wd一/m座/q能耐/n４０００/m度/qv高温/n的/ude1纪念碑/n。/wj
先行者/n正/d这么/rz想/v，/wd纪念碑/n就/d出现/v了/y。/wj
飞船/n收到/v了/ule从/p地面/n发/v上来/vf的/ude1一/m束/q视频/n信号/n，/wd计算机/n把/pba这/rzv信号/n显示/v在/p屏幕/n上/f，/wd先行者/n首先/d看到/v了/ule用/p耐/v高温/n摄像机/n拍/v下/f的/ude1两千/m多/m年/qt前/f的/ude1大/a灾难/n景象/n。/wj
能量/n闪烁/v时/ng，/wd太阳/n并/cc没有/d像/v他/rr想/v像/v的/ude1那样/rzv亮度/n突然/ad增强/v，/wd太阳/n进/vf发出/v的/ude1能量/n主要/d以/p可见光/n之外/f的/ude1辐射/vn传出/v。/wj
他/rr看到/v，/wd蓝色/n的/ude1天空/n突然/ad变成/v地狱/n般/uyy的/ude1红色/n，/wd接着/c又/d变成/v噩梦/n般/uyy的/ude1紫色/n；/wf他/rr看到/v，/wd纪元/n城市/n中/f他/rr熟悉/v的/ude1高/a楼群/n在/p几千/m度/qv的/ude1高温/n中/f先/d是/vshi冒/v出/vf浓烟/n，/wd然后/c像/p火炭/n一样/uyy发出/v暗/a红色/n的/ude1光/n，/wd最后/f像/v蜡/n一样/uyy熔化/v了/ule：/wp灼热/z的/ude1岩浆/n从/p高山/n上流/n下/f，/wd形成/v了/ule一/m道道/q巨大/a的/ude1瀑布/n，/wd无数/m个/q这样/rzv的/ude1瀑布/n又/d汇/v成/v一条条/m发/v着/uzhe红光/nr2的/ude1岩浆/n的/ude1大/a河/n，/wd大地/n上/f火/n流/v的/ude1洪水/n在/p泛滥/vi；/wf原来/d是/vshi大海/n的/ude1地方/n，/wd只有/c蒸汽/n形成/v的/ude1高大/a的/ude1蘑菇云/n，/wd这/rzv形状/n狰狞/a的/ude1云/n山/n下部/f映射/vi着/uzhe岩浆/n的/ude1红色/n，/wd上部/f透出/v天空/n的/ude1紫色/n，/wd在/p急剧/d扩大/v，/wd很快/d一切/rz都/d消失/vi在/p这/rzv蒸汽/n中/f…/ws
…/ws
当/p蒸汽/n散/v去/vf，/wd又/d能/v看到/v景物/n时/ng，/wd已/d是/vshi几/m年/qt以后/f了/y。/wj
这时/rzt，/wd大地/n已/d从/p烧/vi熔/vi状态/n初步/d冷却/v，/wd黑色/n的/ude1波纹/n状/ng岩石/n覆盖/v了/ule一切/rz。/wj
还/d能/v看到/v岩浆/n河流/n，/wd它们/rr在/p大地/n上/f形成/v了/ule错综复杂/vl的/ude1火网/n。/wj
人类/n的/ude1痕迹/n已/d完全/ad消失/vi，/wd文明/ad如/v梦/n一样/uyy无影无踪/al了/y。/wj
又/d过/vf了/ule几/m年/qt，/wd水/n在/p高温/n状态/n下/f离/v解/v成/v的/ude1氢/n氧/n又/d重新/d化合/vi成/v水/n，/wd大暴雨/n从天而降/vl，/wd灼热/z的/ude1大地/n上/f再次/d蒸汽/n弥漫/v，/wd这时/rzt的/ude1世界/n就/d像/v在/p一个/mq大/a蒸锅/n中/f一样/uyy阴暗/a闷热/an和/cc潮湿/an。/wj
暴雨/n连/ulian下/f几十/m年/qt，/wd大地/n被/pbei进一步/d冷却/v，/wd海洋/n渐渐/d恢复/v了/y。/wj
又/d过/vf了/ule上百/m年/qt，/wd因/p海水/n蒸发/vi形成/v的/ude1阴云/n终于/d散/v去/vf，/wd天空/n现出/v蓝色/n，/wd太阳/n再次/d出现/v了/y。/wj
再/d后来/t，/wd由于/c地球/n轨道/n外/f移/v，/wd气温/n急剧/d下降/vi，/wd大海/n完全/ad冻结/v，/wd天空/n万里无云/vl，/wd已/d死去/v的/ude1世界/n在/p严寒/an中/f变/v得/ude3很/d宁静/a了/y。/wj
先行者/n接着/c看到/v了/ule一个/mq城市/n的/ude1图像/n：/wp先/d看/v到/v如林/z的/ude1细长/z的/ude1高/a楼群/n，/wd镜头/n从/p高/a楼群/n上方/f降/v下去/vf，/wd出现/v了/ule一个/mq广场/n，/wd广场/n上/f一/m片/q人海/n。/wj
镜头/n再/d下降/vi，/wd先行者/n看/v到/v所有/b的/ude1人/n都/d在/p仰望/v着/uzhe天空/n。/wj
镜头/n最后/f停/vi在/p广场/n正中/f的/ude1一个/mq平台/n上/f，/wd平台/n上/f站/vi着/uzhe一个/mq漂亮/a姑娘/n，/wd好像/v只有/c十几/m岁/qt，/wd她/rr在/p屏幕/n上/f冲/v着/uzhe先行者/n挥/v挥手/vi，/wd娇滴滴/z地/ude2喊/v：/wp“/wyz喂/e，/wd我们/rr看到/v你/rr了/y，/wd像/v一个/mq飞/vi得/ude3很/d快/a的/ude1星星/n！/wt
你/rr是/vshi方舟/nz一/m号/q？/ww
”/wyy在/p旅途/n的/ude1最后/f几/m年/qt，/wd先行者/n的/ude1大部分/m时间/n是/vshi在/p虚拟/vn现实/n游戏/n中/f度过/v的/ude1。/wj
在/p那个/rz游戏/n中/f，/wd计算机/n接收/v玩/v者/k的/ude1大脑/n信号/n，/wd根据/p玩/v者/rz思维/n构筑/v一个/mq三维/mq画面/n，/wd这/rzv画面/n中/f的/ude1人/n和/cc物/ng还/d可/v根据/p玩/v者/k的/ude1思想/n做出/v有限/a的/ude1活动/vn。/wj
先行者/n曾/d在/p寂寞/an中/f构筑/v过/uguo从/p家庭/n到/v王国/n的/ude1无数/m个/q虚拟/vn世界/n，/wd所以/c现在/t他/rr一/m眼/q就/d看/v出/vf这/rzv是/vshi一/m幅/q这样/rzv的/ude1画面/n。/wj
但/c这个/rz画面/n造/v得/ude3很/d拙劣/a，/wd由于/c大脑/n中/b思维/n的/ude1飘忽/vi性/ng，/wd这种/r由/p想像/v构筑/v的/ude1画面/n总/d有/vyou些/q不对/a的/ude1地方/n，/wd但/c眼前/s这个/rz画面/n中/f的/ude1错误/n太/d多/a了/y：/wp首先/c，/wd当/p镜头/n移/v过/uguo那些/rz摩天大楼/n时/ng，/wd先行者/n看到/v有/vyou很多/m人/n从/p楼顶/n窗子/n中/f钻/v出/vf，/wd径直/d从/p几百/m米/q高/a处/n跳/vi下/f来/vf，/wd经过/p让/v人/n头晕目眩/vl的/ude1下坠/v，/wd这些/rz人/n都/d平安无事/vl地/ude2落/v到/v地上/s；/wf同时/c，/wd地上/s有/vyou许多/m人/n一/m跃/vg而/cc起/vf，/wd像/p会/v轻/a功/n似的/uyy一下/d就/d跃/vg上/vf几/m层/qv楼/n的/ude1高度/n，/wd然后/c他们/rr的/ude1脚/n踏/v上/vf了/ule楼/n壁/ng上/f伸出/v的/ude1一/m小/a块/q踏板/n上/f（/wkz这样/rzv的/ude1踏板/n每/rz隔/v几/m层/qv就/d有/vyou一个/mq，/wd好像/v专门/d为/v此/rzs而/cc设/v）/wky，/wd再/d一/m跃/vg，/wd又/d飞/vi上/f几/m层/qv，/wd就/d这样/rzv一直/d跳/vi到/v楼顶/n，/wd从/p某个/rz窗子/n中/f钻/v进/vf去/vf。/wj
仿佛/v这些/rz摩天大楼/n都/d没有/v门/n和/cc电梯/n，/wd人们/n就/d是/vshi用/p这种/r方式/n进出/v的/ude1。/wj
当/p镜头/n移/v到/v那个/rz广场/n平台/n上/f时/ng，/wd先行者/n看到/v人海/n中/f有/vyou用/p线/n吊/v着/uzhe的/ude1几/m个/q水晶球/n，/wd那/rzv球/n直径/n可能/v有/vyou一/m米/q多/a。/wj
有人/r把/pba手/n伸/v进/vf水晶球/n，/wd很/d轻易/d地/ude2抓/v出/vf水晶球/n的/ude1一/m部分/n，/wd在/p他们/rr的/ude1手/n移/v出/vf后/f晶莹/a的/ude1球体/n立刻/d恢复/v原状/n，/wd而/cc人们/n抓/v到/v手中/s的/ude1那/rzv部分/m立刻/d变成/v了/ule一个/mq小/a水晶球/n，/wd那些/rz人/n就/d把/pba那个/rz透明/a的/ude1小/a球/n扔/v进/vf嘴里/s…/ws
…/ws
