/wd在/p理论/n上/f要/v有/vyou独创性/n，/wd在/p数学/n上/f要/v完美/a精致/a，/wd在/p计算机/n上/f要/v玩/v得/ude3转/v，/wd你/rr就/d当/v自己/rr在/p做/v一个/mq理论/n艺术品/n。/wj
”/wyy我/rr不由得/d说/v出/vf自己/rr的/ude1担心/vn：/wp“/wyz一个/mq完全/ad甩开/v实验/vn的/ude1东西/n，/wd在/p我们/rr这里/rzs能/v被/pbei接受/v吗/y？/ww
”/wyy高波/nr一/d摆/v手/n说/v：/wp“/wyz黑洞/n能/v被/pbei接受/v吗/y？/ww
在/p至今/d没/d有/vyou其/rz存在/v的/ude1直接/a证据/n的/ude1情况/n下/f，/wd你/rr看看/v天体/n物理/n学界/n已/d把/pba它/rr的/ude1理论/n发展/v到/v何等/r地步/n，/wd有/vyou多少/ry人/n靠/p它/rr吃饭/vi？/ww
球状/n闪电/n至少/d是/vshi确实/ad存在/v的/ude1！/wt
不要/d怕/v，/wd如果/c达到/v我/rr上面/f的/ude1要求/n，/wd论文/n还/d通/v不/d过/uguo，/wd我/rr辞职/vi，/wd与/p你/rr一/m起/q从/p这个/rz大学/n滚蛋/vi！/wt
”/wyy比/p起/vf张彬/nr，/wd我/rr觉得/v他/rr在/p另/rz一个/mq极端/n上/f又/d走/v得/ude3太/d远/a了/y——/wp我/rr追求/v的/ude1不/d是/vshi理论/n艺术品/n——/wp不过/c，/wd做/v高波/nr的/ude1学生/n确实/ad让/v我/rr感到/v愉快/a。/wj
我/rr决定/v在/p开学/vi前/f的/ude1假期/t里/f回/v家乡/n一/m次/qv，/wd看看/v一直/d帮助/v我/rr的/ude1老/a邻居/n门/n，/wd我/rr意识/n到/v以后/f可能/v很/d少/a有/vyou机会/n回去/v了/y。/wj
火车/n到达/v泰安/ns站/vi时/ng，/wd我/rr心中/s一/m动/v，/wd想起/v了/ule张彬/nr所/usuo说/v的/ude1有/vyou大气/n物理学/n工作者/n在/p玉皇/nr顶/v目击/v球状/n闪电/n的话/udh，/wd于是/cc中途/d在/p这里/rzs下/vf了/ule车/n，/wd去/vf登/v泰山/ns。/wj
那时/rzt熔化/v后/f又/d凝结/v的/ude1两/m串/q钥匙/n，/wd它们/rr现在/t也/d放/v在/p我/rr那/rzv千/m里/q之外/f的/ude1宿舍/n中/f，/wd作为/v对/p那/rzv种/q不可思议/al的/ude1能量/n的/ude1纪念/vn。/wj
我/rr坐/v了/ule一会/m，/wd开始/v收拾/v东西/n，/wd这些/rz东西/n是/vshi在/p房间/n出租/vn后/f准备/v寄/v存在/v别处/rzs或/c带走/v的/ude1。/wj
我/rr首先/d收拾/v的/ude1是/vshi父亲/n的/ude1那些/rz水彩画/n，/wd它们/rr是/vshi这个/rz房间/n里/f为数不多/vl的/ude1我/rr真正/d想/v保留/v的/ude1东西/n。/wj
我/rr首先/d把/pba墙上/s挂/v着/uzhe的/ude1那/rzv几/m幅/q取/v下/f来/vf，/wd接着/c取出/v放在/v柜子/n中/f的/ude1，/wd我/rr尽可能/d地/ude2把/pba所有/b的/ude1画/n都/d找/v出来/vf，/wd把/pba它们/rr一起/d装/v进/vf纸箱/n。/wj
最后/f看到/v书架/n的/ude1底层/n还有/v一/m幅/q，/wd由于/c它/rr画面/n朝/tg下放/v着/uzhe，/wd所以/c刚才/t没/d注意/v到/v。/wj
把/pba这/rzv幅/q画/n放/v进/vf箱子/n前/f我/rr瞟/v了/ule一/m眼/q画面/n，/wd目光/n立刻/d被/pbei盯/v死/v在/p上面/f。/wj
这/rzv是/vshi一/m幅/q风景画/n，/wd画/v的/ude1是/vshi我/rr家门口/n看到/v的/ude1景物/n。/wj
这/rzv周围/f的/ude1景色/n平淡/a乏味/a，/wd几/m懂/v灰暗/z的/ude1四/m层/qv旧/a楼房/n，/wd几/m排/q白杨/n，/wd因/c落/v满/a灰尘/n而/cc显得/v没什么/vl生气/n…/ws
…/ws
作为/p一/m名/q三流/b业余/b画家/n的/ude1父亲/n是/vshi很/d懒/a的/ude1，/wd他/rr很/d少/ad外出/vi写生/vi，/wd只是/d乐此不疲/vl地/ude2画/v着/uzhe周围/f这些/rz灰蒙蒙/z的/ude1景色/n，/wd还/d说/v什么/ry没有/d平淡/a的/ude1景色/n，/wd只有/c平庸/a的/ude1画家/n。/wj
而/cc他/rr就/d是/vshi一个/mq这样/rzv的/ude1画家/n，/wd这些/rz平淡/a的/ude1景色/n经过/p他/rr那/rzv没有/v灵气/n的/ude1画笔/n的/ude1临摹/v，/wd更/d添/v了/ule一/m层/qv呆板/a，/wd倒/d真/d是/vshi这/rzv灰暗/z的/ude1北方/s城市/n日常/b生活/vn的/ude1写照/n。/wj
我/rr现在/t手里/s拿/v着/uzhe的/ude1就是/v这样/rzv一/m幅/q画/n，/wd与/p箱子/n里/f许多/m张/q类似/a的/ude1画/n一样/uyy。/wj
没/v什么/ry特别/d引/v人/n之/uzhi处/n。/wj
但/c我/rr注意/v到/v画/n里/f有/vyou一/m样/q东西/n，/wd那/rzv是/vshi一/m座/q水塔/n，/wd与/p周围/f的/ude1旧/a楼/n相比/vi它/rr的/ude1色彩/n稍微/d艳丽/a了/ule一些/mq，/wd想/v一/m朵/q高大/a的/ude1喇叭花/n。/wj
这/rzv本来/d也/d没有/v什么/ry特别/d之/uzhi处/n，/wd外面/f，/wd那/rzv座/q水塔/n确实/ad存在/v，/wd我/rr抬头/vi看看/v窗外/s，/wd看到/v它/rr那/rzv高高的/z塔/n身/ng在/p城市/n的/ude1灯光/n前/f呈/v一个/mq漆黑/z的/ude1剪影/n。/wj
只/d是/vshi，/wd这/rzv座/q水塔/n是/vshi在/p我/rr考上/v大学/n之后/f才/d建成/v的/ude1，/wd我/rr两/m年/qt前/f离开/v时/ng，/wd塔/n身/ng只/d在/p脚手架/n中/f建/v了/ule一半/m。/wj
我/rr浑身/n颤抖/vi了/ule一下/mq，/wd手中/s的/ude1画/n掉/v在/p地上/s。/wj
在/p这/rzv盛夏/t之/uzhi夜/tg，/wd似乎/d有/vyou一些/mq寒气/n充满/v了/ule这个/rz家/n。/wj
我/rr把/pba那/rzv幅/q画/n塞/v进/vf纸箱/n，/wd把/pba箱子/n严严实实/z地/ude2盖/v好/a，/wd转身/vi去/vf收拾/v其他/rzv东西/n。/wj
我/rr努力/ad把/pba注意力/n集中/ad在/p正/d在/p干/v的/ude1事/n上/f，/wd但/c我/rr的/ude1思想/n仿佛/d是/vshi一/m根/q用/v细/a丝/n悬/v吊/v着/uzhe的/ude1铁/n针/n，/wd而/cc那个/rz箱子/n是/vshi一/m块/q强/a磁铁/n，/wd我/rr可以/v努力/ad将/p针/n转向/vi其他/rzv方面/n，/wd但/c只要/c这种/r努力/a一/m松懈/an，/wd针/n立刻/d又/d被/pbei吸/v回/v了/ule那个/rz方向/n。/wj
外面/f下雨/vi了/y，/wd雨滴/n打/v在/p窗玻璃/n上/f发出/v轻/ad响/v，/wd我/rr总/d觉得/v这/rzv响声/n是/vshi从/p那个/rz箱子/n中发/nz出来/vf的/ude1…/ws
…/ws
最后/f，/wd实在/d受不了/al了/y，/wd我/rr快步/d走向/v纸箱/n，/wd把/pba它/rr搭/v开/v来/vf，/wd把/pba那/rzv幅/q画/n拿/v出来/vf，/wd小心/a地/ude2将/p画面/n朝/tg下/f拿/v着/uzhe它/rr走向/v卫生间/n，/wd掏/v出/vf打火机/n从/p一/m角/q点燃/v了/ule它/rr。/wj
当/p画/n烧/vi到/v三分之一/m时/ng，/wd我/rr忍不住/v又/d将/p它/rr翻/v了/ule过来/vf，/wd画面/n上/f的/ude1那/rzv座/q水塔/n更加/d栩栩如生/al，/wd仿佛/d要/v从/p画纸/n上/f凸现/v出来/vf。/wj
我/rr看/v着/uzhe火焰/n吞没/v了/ule它/rr，/wd画/v出/vf它/rr的/ude1水彩/n被/pbei烧/vi焦/ng了/y，/wd火苗/n呈现/v一/m种/q怪异/an而/cc妖艳/a的/ude1色彩/n。/wj
我/rr把/pba将要/d烧/vi尽/vi的/ude1画/n扔/v进/vf盥洗/b池/ng，/wd看/v着/uzhe它/rr烧/vi完/vi，/wd然后/c打开/v水龙头/n，/wd将/p灰烬/n冲走/v。/wj
关上/v水龙头/n后/f，/wd我/rr的/ude1目光/n落/v到/v了/ule盥洗/b池/ng的/ude1地/n沿/p上/f，/wd看到/v了/ule刚才/t洗/v脸/n时/ng没/d注意/v的/ude1东西/n。/wj
几/m根/q头发/n，/wd很/d长/a的/ude1头发/n。/wj
那/rzv是/vshi几/m根/q头发/n，/wd有的/rz全/a白/a，/wd与/p池/ng面/n几乎/d融为一体/vl；/wf有的/rz则/d白/a了/ule一半/m，/wd正/d是/vshi那些/rz黑/a的/ude1部分/n使/v我/rr看到/v了/ule它们/rr。/wj
这/rzv不/d可能/v是/vshi我/rr两/m年/qt前/f留下/v的/ude1，/wd我/rr从来/d没有/v过/uguo这么/rz长/a的/ude1头发/n，/wd更/d没有/v白发/n。/wj
我/rr轻轻/d拿/v起/vf其中/rz一/m根/q半/m黑/a半/m白/a的/ude1长发/n。/wj
…/ws
…/ws
拔/v一/m根/q长/a七根/nr2…/ws
…/ws
我/rr将/p头发/n扔掉/v，/wd仿佛/v它/rr烫/v手/n似的/uyy。/wj
那/rzv根/q头发/n在/p空气/n中/f漫漫/z飘落/vi，/wd竟/d拖/v着/uzhe一/m道/qv尾/ng迹/ng，/wd那/rzv尾/q迹/ng是/vshi由/p许多/m头发/n自身/rr的/ude1转瞬即逝/bl的/ude1映象/n组成/v，/wd就/d好/a象/ng我/rr的/ude1视觉/n暂/d留/v时间/n延长/v了/ule许多/m时间/n似的/uyy。/wj
这/rzv根/q头发/n并/cc没有/d落/v回/v地/ude2沿/p上/f，/wd它/rr只/d落/v了/ule一半/m的/ude1高度/n就/d在/p半空/s中/f消失/vi了/y。/wj
我/rr再/d看/v地/ude2沿/p上/f其他/rzv头发/n，/wd它们/rr也/d都/d消失/vi得/ude3无影无踪/al了/y。/wj
