/wd被子/n上/f却/d连/ulian一/m道/qv焦痕/n都/d没/d留下/v！/wt
您/rr能/v想象/v它/rr进入/v冰箱/n，/wd瞬间/t使/v里面/f的/ude1所有/b冷冻/vn食品/n都/d变成/v冒/v热气/n的/ude1熟食/n，/wd而/cc冰箱/n本身/rz还/d在/p不/d受/v任何/rz影响/v地/ude2运转/vi？/ww
你/rr能/v想象/v它/rr把/pba你/rr的/ude1贴身/a衬衣/n烧/vi焦/ng，/wd而/cc您/rr竟/d没有/v感觉/n？/ww
您/rr说/v的/ude1那些/rz理论/n能/v解释/v这/rzv一切/rz吗/y？/ww
”/wyy“/wyz我/rr说/v过/uguo那些/rz理论/n都/d不/d成立/vi。/wj
”/wyy张彬/nr说/v，/wd他/rr没有/d止步/vi。/wj
“/wyz那么/c，/wd我们/rr越/d出/vf大气/n物理学/n的/ude1范围/n，/wd您/rr认为/v现今/t的/ude1整个/b物理学/n，/wd甚至/c整个/b科学/n能/v解释/v这/rzv现象/n吗/y？/ww
您/rr就/d丝毫/m不/d感到/v好奇/a吗/y？/ww
看/v到/v您/rr这样/rzv，/wd我/rr真/d比/p见到/v球状/n闪电/n还/d吃惊/a！/wt
”/wyy张彬/nr停下/v了/ule脚步/n，/wd转/v过/uguo身/ng来/vf第一/m次/qv正视/v我/rr：/wp“/wyz你/rr见/v过/uguo球状/n闪电/n？/ww
”/wyy“/wyz…/ws
…/ws
我/rr只是/d比喻/v。/wj
”/wyy我/rr无法/v把/pba内心/n最/d深/a处/n的/ude1秘密/ad告诉/v眼前/s这个/rz麻木/a的/ude1人/n，/wd这种/r对/p大自然/n那/rzv深邃/a秘密/a的/ude1麻木/a充斥/v着/uzhe整个/b社会/n，/wd对/p科学/n来说/uls早/ad就/d是/vshi一/m中/b公害/n。/wj
如果/c这种/r人/n在/p学术界/n少/a一些/mq，/wd人类/n现在/t说不定/vl已/d飞抵/v人马/n座/q了/y！/wt
张彬/nr说/v：/wp“/wyz大气/n物理学/n是/vshi一/m门/q很/d实用/a的/ude1科学/n，/wd球状/n闪电/n是/vshi一/m种/q极其/d罕见/a的/ude1现象/n，/wd在/p国际/n建筑物/n防/v雷/nr1标准/nIEC/TC/url-/wp81/m，/wd以及/cc我国/n1993年/t颁布/v的/ude1《/wkz建筑物/n防/v雷/n设计/vn规范/n》/wky中/f，/wd都/d没有/d考虑/v到/v它/rr，/wd所以/c，/wd在/p这/rzv东西/n上/f花/v太/d多/a的/ude1精力/n，/wd意义/n不/d大/a。/wj
”/wyy和/cc这种/r人/n真/d没/d有/vyou什么/ry太/d多/a的/ude1话/n好/a讲/v，/wd我/rr谢/v过/uguo他/rr转身/vi走人/vi。/wj
要/v知道/v，/wd他/rr能/v承认/v球状/n闪电/n的/ude1存在/vn，/wd已经/d是/vshi一/m大/a进步/vn了/y！/wt
直到/v1963年/t，/wd科学界/n才/d正式/ad认同/v这种/r闪电/n的/ude1存在/vn，/wd这/rzv之前/f，/wd所有/b的/ude1目击/vn报告/n都/d被/pbei断定/v为/p幻觉/n。/wj
这/rzv一/m年/qt的/ude1一/m天/qt，/wd美国/nsf肯特/nsf大学/n电磁学/n教授/n罗格/nrf./wj
杰尼逊/nrf在/p纽约/nsf的/ude1一个/mq机场/n亲眼/d看到/v了/ule一个/mq球状/n闪电/n，/wd那个/rz直径/n约/d20/m厘米/q的/ude1火球/n穿/v墙/n进入/v一个/mq机库/n，/wd穿过/v了/ule机库/n中/f一/m架/qv飞机/n的/ude1机身/n，/wd又/d穿/v墙/n飞/vi出/vf机库/n消失/vi了/y。/wj
当天/t晚上/t，/wd我/rr首/m次/qv在/pgoogle/x主页/n上/f键/n入/v“/wyzballlightning/x”/wyy主题词/n搜索/vn，/wd不/d抱/v太/d大/a希望/n，/wd但/c搜索/v结果/n中/f的/ude1网页/n竟/d达/v四万/m多/m个/q，/wd我/rr第一/m次/qv感觉/n到/v，/wd自己/rr准备/v为/v之/uzhi付出/v全部/m生命/n的/ude1东西/n，/wd全/a人类/n也/d在/p关注/v着/uzhe。/wj
又/d一个/mq新/a学期/n开始/v了/y，/wd炎热/a的/ude1夏天/t到来/vi了/y。/wj
夏天/t对/p我/rr的/ude1意义/n又/d多/a了/ule一/m层/qv：/wp雷雨/n将/d出现/v，/wd这/rzv使/v我/rr感觉/v自己/rr离/v它/rr更/d近/a些/q。/wj
这天/rzt张彬/nr突然/ad来/vf找/v我/rr，/wd他/rr给/p我们/rr上/f的/ude1课/n在/p上/f学期/n就/d已/d结束/v，/wd我/rr几乎/d把/pba他/rr忘/v了/y。/wj
他/rr对/p我/rr说/v：/wp“/wyz小陈/nr，/wd我/rr听说/v你/rr的/ude1父母/n都/d不/d在/p了/y，/wd经济/n情况/n比较/d困难/an。/wj
今年/t暑假/t，/wd我/rr有/vyou一个/mq项目/n缺/v一个/mq助手/n，/wd你/rr能/v来/vf吗/y？/ww
”/wyy我/rr问/v是/vshi什么/ry项目/n。/wj
“/wyz是/vshi对/p云南省/ns一/m条/q设计/vn中/f的/ude1铁路/n进行/vx防/v雷/nr1设施/n的/ude1参数/n论证/vn，/wd另外/c还有/v一个/mq目的/n：/wp在/p国家/n正在/d制定/v中/f的/ude1新/a防/v雷/n设计/vn规范/n中/f，/wd计划/n把/pba以前/f全国/n通用/nz的/ude10/m。/wj
015/m的/ude1落/v雷/nr1密度/n系数/n改/vd为/v依/p各/rz地区/n的/ude1情况/n分别/d制定/v，/wd我们/rr是/vshi去/vf做/v云南/ns地区/n的/ude1观测/vn工作/vn。/wj
”/wyy我/rr答应/v了/ule他/rr。/wj
我/rr的/ude1经济/n虽然/c不/d宽裕/a，/wd但/c还/d过得去/vi，/wd答应/v去/vf是/vshi因为/p这/rzv是/vshi我/rr第一/m次/qv有/vyou机会/n实际/ad接触/v雷电/n研究/vn。/wj
课题组/n有/vyou十几/m个/q人/n，/wd分为/v五/m个/q小组/n，/wd分布/vi在/p很/d广/a的/ude1范围/n内/f，/wd相互之间/bl相隔/v几百/m公里/q。/wj
我/rr所在/n的/ude1这/rzv一/m组/q除了/p司机/n和/cc实验/vn工/n，/wd正式/a成员/n只/d有/vyou三/m个/q人/n：/wp我/rr、/wn张彬/nr和/cc他/rr的/ude1一个/mq叫/vi赵雨/nr的/ude1研究生/n。/wj
到达/v研究/vn地域/n后/f，/wd我们/rr住/vi在/p一个/mq县级/b气象/n站里/n。/wj
第二/m天/qt早上/t，/wd天气/n很/d好/a，/wd将/d开始/v第一/m天/qt的/ude1野外/s作业/vi。/wj
当/p我们/rr从/p那/rzv间/q当作/v临时/b仓库/n的/ude1小/a房/n中/f向/p车上/s般/uyy仪器/n设备/n时/ng，/wd我/rr问/v张彬/nr：/wp“/wyz张/nr1老师/n，/wd目前/t对/p雷电/n内部/f结构/n的/ude1探测/vn有/vyou什么/ry好/a办法/n吗/y？/ww
”/wyy张彬/nr目光/n敏锐/a地/ude2看/v了/ule我/rr一/m眼/q，/wd他/rr显然/ad知道/v我/rr在/p想/v什么/ry：/wp“/wyz从/p目前/t国内/s工程/n建设/vn的/ude1需要/n来/vf看/v，/wd对/p雷电/n的/ude1物理/n结构/n研究/vn不/d是/vshi首要/b任务/n，/wd当务之急/nl是/vshi对/p它/rr的/ude1大面积/d设计/v研究/vn。/wj
”/wyy每当/p我/rr的/ude1提问/vn涉及/v到/v球状/n闪电/n，/wd哪怕/c是/vshi像/p这/rzv次/qv这样/rzv远远地/z涉及/v，/wd他/rr都/d避/v而/cc不/d答/v，/wd看来/v这/rzv人/n对/p没有/d实用/a价值/n的/ude1研究/vn真是/d深恶痛绝/vl。/wj
倒是/d赵雨/nr回答/v了/ule我/rr的/ude1问题/n：/wp“/wyz手段/n不/d多/a，/wd目前/t闪电/n的/ude1电压/n都/d无法/v直接/ad测定/v，/wd只能/v通过/p其/rz电流/n值/v来/vf间接/d推算/v。/wj
至于/p研究/vn雷电/n物理/n结构/n最/d常用/a的/ude1仪器/n，/wd就是/v这/rzv东西/n。/wj
”/wyy他/rr指/v了/ule指/v仓库/n一角/n放/v着/uzhe的/ude1一/m堆/q管状/n物/ng，/wd“/wyz这/rzv叫/vi磁钢/n记录仪/n，/wd是/vshi记录/v雷电/n电流/n的/ude1幅/q值/n和/cc极性/n用/v的/ude1，/wd它/rr是/vshi用/p具有/v较/d高/a剩磁/n的/ude1物质/n制造/vn的/ude1，/wd在/p它/rr的/ude1中部/f的/ude1导线/n接/v闪/vi时/ng，/wd就/d可/v根据/p雷电/n电流/n产生/v的/ude1磁场/n在/p记录仪/n中/f形成/v的/ude1剩磁/n，/wd来/vf计算/v雷电/n流/v的/ude1强度/n和/cc极性/n。/wj
这/rzv是/vshi60si2mn/x型/k，/wd还有/v塑料管/n型/k、/wn刀片/n芯/ng型/k和/cc铁/n粉/n型/k。/wj
”/wyy“/wyz我们/rr这/rzv次/qv要/v用/p到/v它/rr吗/y？/ww
”/wyy“/wyz当然/d，/wd要/v不/d带/v来/vf干/v什么/ry？/ww
不过/c那/rzv要/v是/vshi后面/f了/y。/wj
”/wyy第一/m阶段/n的/ude1任务/n是/vshi在/p观测/vn区域/n安装/v雷电/n定位/vn系统/n，/wd这种/r系统/n通过/p大量/m散布/v的/ude1雷电/n传感器/n把/pba信号/n集中/ad到/v计算机/n中/f，/wd可/v对/p特定/b区域/n的/ude1落/v雷/nr1数量/n、/wn频度/n和/cc分布/vn进行/vx自动/b统计/vn。/wj
这/rzv实际上/d是/vshi一个/mq只/d会/v记/v数/n和/cc定位/vn的/ude1系统/n，/wd不/d涉及/v雷电/n的/ude1物理/n参数/n，/wd所以/c我/rr不/d感/vg兴趣/n。/wj
主要/b的/ude1工作/vn是/vshi在/p野外/s安装/v传感器/n，/wd这/rzv是/vshi一/m项/q辛苦/a活儿/n。/wj
运气/n好/a还/d可以/v把/pba传感器/n装/v到/v电线杆/n或/c高压/n塔/n上/f，/wd但/c大部分/m情况/n还/d要/v自己/rr竖/v杆子/n。/wj
