“/wyz我们/rr又/d在/p上升/vi了/y吗/y？/ww
”/wyy“/wyz不/d，/wd正/d相反/vi！/wt
我们/rr在/p下降/vi！/wt
”/wyy“/wyz比/p那/rzv还/d要/v糟/a，/wd史密斯/nrf先生/n！/wt
我们/rr正在/d往/p下/f掉/v！/wt
”/wyy“/wyz天/n哪/y！/wt
快/a把/pba压/v仓/ng物/ng扔/v出/vf去/vf吧/y！/wt
”/wyy“/wyz瞧/v！/wt
这/rzv最后/f的/ude1一/m袋/q都/d空/a了/y！/wt
”/wyy“/wyz气球/n上升/vi了/y吗/y？/ww
”/wyy“/wyz没有/v！/wt
”/wyy“/wyz我/rr好象/n听到/v波浪/n冲击/vn的/ude1声音/n！/wt
”/wyy“/wyz吊/v篮/ng下面/f就/d是/vshi海/n！/wt
”/wyy“/wyz离/v我们/rr至多/d不过/d五百/m英尺/q了/y！/wt
”/wyy“/wyz把/pba所有/b占/v分量/n的/ude1东西/n都/d扔/v下去/vf！/wt
…/ws
…/ws
所有/b的/ude1东西/n！/wt
”/wyy这/rzv就/d是/vshi1865年/m3月/t23日/t下午/t四点/m钟/n从/p辽阔/a的/ude1太平洋/ns上空/s传来/v的/ude1喊声/n。/wj
那年/t春分/t前后/f，/wd那/rzv场/qv从/p东/f北方/s吹/v来/vf的/ude1骇/x人/n暴风/n是/vshi令/v人/n难忘/a的/ude1。/wj
从/p3月/t18日/t到/p26日/t，/wd大/a风暴/n片刻/m不停/v地/ude2怒吼/vi着/uzhe。/wj
它/rr从/p北纬/b35/m度斜/n穿/v赤道/n，/wd直到/v南纬/b40/m度/qv，/wd掠过/v了/ule一千八百/m英里/q的/ude1地带/n，/wd给/p美洲/nsf、/wn欧洲/ns和/cc亚洲/ns造成/v了/ule严重/a的/ude1灾害/n。/wj
城市/n被/pbei吹/v毁/v；/wf树木/n被/pbei连/v根/n拨/v起/vf；/wf排山倒海/bl似的/uyy巨浪/n冲/v毁/v了/ule堤岸/n，/wd仅仅/d根据/p已经/d发表/v的/ude1数字/n，/wd一直/d抛/v上/vf陆/m地/n的/ude1船/n就/d有/vyou几/m百/m只/q；/wf有些/rz龙卷风/n经过/v的/ude1地方/n，/wd整个/b都/d变成/v了/ule平地/n；/wf好几/m千/m人/n在/p陆上/s和/cc海里/s丧/vg了/ule命/n；/wf这/rzv就/d是/vshi当时/t疯狂/ad肆虐/v的/ude1暴风/n过去/t以后/f所/usuo留下/v的/ude1罪证/n。/wj
1810年/m10月/t25日/t哈瓦那/nsf和/cc1825年/m7月/t26日/t瓜德罗普/nrf的/ude1灾情/n固然/c可怕/a，/wd但是/c也/d比/p不/d上/vf这/rzv一/m次/qv。/wj
就/d在/p这/rzv陆/m地/n和/cc海洋/n上/f惨遭/v浩劫/n的/ude1时候/n，/wd激荡/v的/ude1高空/s中/f也/d演出/v了/ule同样/d惊心动魄/vl的/ude1悲剧/n。/wj
一/m只/q轻/a气球/n，/wd象/ng被/pbei龙卷风/n带到/v水柱/n顶/ng上/f的/ude1皮球/n一样/uyy，/wd卷/v进/vf了/ule一/m股气流/n的/ude1旋涡/n中/f，/wd它/rr以/p每/rz小时/n九十/m英里/q的/ude1速度/n掠过/v太空/s，/wd仿/x佛/n被/pbei什么/ry空中/s旋涡/n抓住/v了/ule似的/uyy，/wd不/d停/vi地/ude2转/v着/uzhe。/wj
气球/n的/ude1下边/f系/v着/uzhe一/m只/q吊/v篮/ng，/wd里面/f坐/v着/uzhe五/m个/q人/n，/wd由于/c浓雾/n和/cc水汽/n弥漫/v在/p整个/b的/ude1洋面/n上/f，/wd人们/n很/d难/ad看/v得/ude3清楚/a。/wj
也许/d有人/r会/v问/v，/wd这个/rz气球/n——/wp暴风/n的/ude1玩具/n是/vshi从/p哪儿/rys来/vf的/ude1？/ww
它/rr是/vshi从/p地球/n的/ude1哪个/ry角落/n升起/v的/ude1？/ww
当然/d，/wd它/rr是/vshi不/d会/v在/p刮/v暴风/n的/ude1时候/n起飞/vi的/ude1。/wj
但是/c，/wd暴风/n已经/d刮/v了/ule五/m天/qt，/wd并且/c在/p18日/t那天/t就/d已经/d有/vyou了/ule要/v起/vf风暴/n的/ude1征兆/n。/wj
毫无疑问/dl，/wd这个/rz气球/n是/vshi从/p极/d远/a的/ude1地方/n飞来/v的/ude1，/wd因为/c大风/n一/m昼夜/n至少/d要/v把/pba它/rr带走/v两千/m英里/q。/wj
这些/rz迷失/v方向/n的/ude1乘客/n，/wd横竖/d也/d没法/v计算/v他们/rr起航/vi以来/f经历/v了/ule多少/ry路程/n。/wj
奇怪/v的/ude1是/vshi，/wd他们/rr虽然/c在/p这/rzv怒吼/vi的/ude1暴风/n中/f飘荡/v，/wd却/d还是/v平安无事/vl。/wj
他们/rr被/pbei风/n抛/v来/vf抛/v去/vf，/wd吹/v得/ude3团团/d乱/d转/v，/wd却/d丝毫/m不/d觉得/v自己/rr在/p滚动/v，/wd也/d不/d觉得/v怎样/ryv颠簸/vi。/wj
他们/rr的/ude1目光/n没法/d透过/v吊/v篮下/s面的/n浓雾/n。/wj
阴云/n环抱/v着/uzhe他们/rr。/wj
他们/rr分辨/v不/d清/a是/vshi白天/t还/d是/vshi黑夜/n。/wj
当时/t他们/rr悬浮/vi在/p高/a空中/s，/wd周围/f一/m片/q昏暗/a，/wd既/c看/v不/d见/v地上/s的/ude1反/b光/n，/wd也/d听/v不/d到/v地上/s的/ude1人/n声/ng，/wd连/ulian海洋/n的/ude1澎湃/vi声/ng也/d传/v不/d到/v他们/rr的/ude1耳朵/n里/f。/wj
只有/c当/v急骤/ad下降/vi的/ude1时候/n，/wd他们/rr才/d意识/vi到/v会/v有/vyou惨遭/v灭/v顶/v的/ude1危险/an。/wj
他们/rr扔下/v了/ule弹药/n、/wn枪/n枝/ng和/cc粮食/n一些/mq重负/n以后/f，/wd便/d又/d升/v到/v四千五百/m英尺/q高度/n的/ude1空中/s。/wj
飞行/vi的/ude1人们/n一/m发觉/v下面/f是/vshi汪洋大海/nl，/wd就/d觉得/v上面/f的/ude1危险/an总/d比/p下面/f小/a些/q，/wd因此/c毫不犹豫/dl地/ude2连/v他们/rr最/d有/vyou用/v的/ude1东西/n都/d扔掉/v了/y，/wd同时/c他们/rr尽量/d想法/n不/d让/v气球/n漏掉/v一点/m氢气/n，/wd只有/c这种/r氢气/n，/wd才/d是/vshi他们/rr的/ude1命根子/n，/wd才/d能/v把/pba他们/rr悬/v在/p海洋/n上/f。/wj
黑夜/n在/p惊险/a恐怖/an中/f过去/vf了/ule（/wkz如果/c是/vshi胆小/a的/ude1人/n，/wd恐怕/d早已/d吓/v死/v了/ule）/wky。/wj
白昼/n又/d来临/vi了/y。/wj
随着/p白昼/n的/ude1来临/vn，/wd暴风/n也/d逐渐/d和缓/a下来/vf。/wj
从/p3月/t24日/t那/rzv一/m天/qt清晨/t起/f，/wd暴风/n有/vyou了/ule减弱/v的/ude1征象/n。/wj
黎明/t时分/n，/wd一/m片片/q的/ude1轻/a云/n向/p更/d高/a处/n升/v去/vf。/wj
几/m小时/n的/ude1工夫/n，/wd飓风/n已经/d变成/v了/ule“/wyz强风/n”/wyy，/wd这/rzv就/d是/vshi说/v：/wm大气/n流动/vn的/ude1速度/n已经/d减弱/v了/ule一半/m。/wj
这时/rzt虽然/c还/d是/vshi水手/n们/k所/usuo说/v的/ude1“/wyz紧/a帆/n风/n”/wyy，/wd然而/c风势/n毕竟/d减弱/v不/d少/a了/y。/wj
将近/d十一点/m钟/n的/ude1时候/n，/wd下层/f的/ude1空气/n显得/v比较/d明朗/a了/y。/wj
大气/n已经/d发出/v象/ng雷雨/n过后/t常/d有/vyou的/ude1那种/r湿润/a的/ude1气息/n。/wj
暴风/n似乎/d不/d再/d向/p西/f刮/v了/y。/wj
风力/n已经/d显得/v有气无力/al了/y。/wj
它/rr会/v不/d会/v象/ng印度洋/nsf上/f的/ude1台风/n那样/rzv，/wd往往/d说/v停/vi就/d停/vi，/wd一下子/mq就/d烟消云散/vl呢/y？/ww
可是/c，/wd就/d在/p这时候/rzt，/wd气球/n显然/ad又/d在/p慢慢/d地/ude2下降/vi了/y。/wj
看来/v它/rr正在/d逐渐/d瘪/a下去/vf，/wd气囊/n愈/d伸/v愈/d长/a，/wd从/p球形/n变成/v了/ule椭圆形/n。/wj
到/v了/ule中午/t，/wd气球/n离/v海面/n只/d有/vyou两千/m英尺/q了/y。/wj
气囊/n能/v容纳/v五/m万/m立方/q英尺/q气体/n，/wd正/d因为/p它/rr有/vyou这么/rz大容量/n，/wd所以/c它/rr才/d能/v在/p空中/s——/wp或是/c向/p上升/vi得/ude3很/d高/a，/wd或是/c保持/v平行/vn方向/n移动/vn——/wp停留/vi很/d长时间/n。/wj
