/wd坐/v在/p沙发/n上/f，/wd耐心/a地/ude2听/v着/uzhe小/a继/vg来/vf总/d也/d说/v不/d完/vi的/ude1话/n。/wj
而/cc邵/nr1伯伯/n呢/y，/wd则/d咬/vi着/uzhe烟斗/n，/wd倚/v在/p窗户/n上/f，/wd含笑/vi地/ude2望/v着/uzhe她们/rr。/wj
哦/e，/wd二十四/m小时/n！/wt
地球/n仅仅/d自转/vi了/ule一个/mq圈/n儿/ng…/ws
…/ws
“/wyz岳/n…/ws
…/ws
兰/ng，/wd”/wyy她/rr忽然/d听见/v邵子安/nr的/ude1嘎/o哑/v的/ude1、/wn迟疑不决/vl的/ude1声音/n。/wj
“/wyz今天/t上午/t，/wd你/rr干/v什么/ry呢/y？/ww
”/wyy“/wyz我/rr陪/v妈妈/n去/vf看病/vi——/wp她/rr昨晚/t心口/n疼/a。/wj
”/wyy岳兰/nr2机械/n地/ude2回答/v道/qv。/wj
“/wyz那/c你/rr为什么/ryv现在/t不/d陪/v着/uzhe她/rr？/ww
”/wyy邵/nr1子/ng安好/a象/ng恼怒/v了/y。/wj
“/wyz服/v了/ule药/n，/wd上午/t就/d好/a了/y——/wp下午/t她/rr上班/vi去/vf啦/y。/wj
”/wyy邵子安/nr沉重/a地/ude2叹息/vi了/ule一/m声/qv，/wd不/d说话/vi了/y。/wj
岳兰/nr2是/vshi一个/mq聪明/a的/ude1姑娘/n。/wj
她/rr明白/v，/wd邵/nr1伯伯/n为什么/ryv在/p这样/rzv的/ude1时刻/n提出/v一个/mq似乎/d是/vshi不合时宜/dl的/ude1问题/n。/wj
多么/d辛辣/a的/ude1一/m撮/q盐/n撒/v在/p邵子安/nr的/ude1裸露/vn的/ude1心上/s呀/y！/wt
中午/t，/wd岳兰/nr去/vf过/uguo邵/nr1家/n。/wj
找/v小/a继/vg来/vf，/wd邵/nr1婶/n说/v，/wd继/vg来/vf，/wd还有/v继恩/nr2和/cc他/rr的/ude1同学/n钟亚兵/nr，/wd全都/d跟/v霍/nr1工程师/n到/v宇航/n基地/n去/vf了/y。/wj
而/cc现在/t，/wd宇航/n基地/n却/d发现/v了/ule敌情/n！/wt
宇航/n基地/n受到/v威胁/vn，/wd邵/nr1伯伯/n心爱/b的/ude1小/a女儿/n也/d受到/v了/ule威胁/vn。/wj
战斗/vi也许/d已经/d打响/v。/wj
一个/mq十五/m岁/qt的/ude1小姑娘/n正/d卷/v在/p暴风雪/n下/f的/ude1战斗/vn中/f。/wj
对于/p继恩/nr2和/cc亚兵/nr，/wd没有/v什么/ry，/wd他们/rr是/vshi宇航/n城/n长大/vi的/ude1、/wn经过/p锻炼/v的/ude1青年/n。/wj
但是/c继/vg来/vf却/d完全/ad不同/a，/wd她/rr是/vshi看/v惯/v黄浦江/ns上/f的/ude1轮船/n、/wn南京路/ns上/f的/ude1霓虹灯/n的/ude1上海/ns姑娘/n呀/y，/wd她/rr是/vshi一/m株/q长/a在/p江南/ns的/ude1柔弱/a的/ude1小草/nr2…/ws
…/ws
邵子安/nr又/d说话/vi了/y，/wd还是/v嘎/o哑/v的/ude1声音/n，/wd充满/v焦虑/an。/wj
“/wyz岳兰/nr，/wd你/rr看/v，/wd可能/v有/vyou什么样/ryv的/ude1敌情/n呢/y？/ww
”/wyy岳兰/nr2摇/v了/ule摇/v头/n。/wj
“/wyz我/rr想象/v不/d出/vf，/wd那/rzv个/q人/n一点儿/mq也/d没有/d说/v清楚/a。/wj
”/wyy“/wyz他/rr当然/d来不及/v多/ad说/v。/wj
”/wyy邵子安/nr谅解/v地/ude2说/v。/wj
“/wyz再/d说/v，/wd他/rr无非/d是/vshi给/p我/rr报/v个/q讯/ng儿/ng。/wj
岳兰/nr2，/wd你/rr认为/v敌人/n是/vshi针对/p‘/wyz东方/s号/n’/wyy来/f的/ude1吗/y？/ww
”/wyy岳兰/nr2没有/d吱声/v，/wd她/rr在/p思索/vn。/wj
她/rr刚才/t完全/ad把/pba心思/n放在/v继/vg来/vf身上/s了/y。/wj
然而/c，/wd她/rr身旁/s坐/v着/uzhe的/ude1这个/rz木雕/n似的/uyy人/n一门心思/dl想/v的/ude1不/d是/vshi自己/rr的/ude1儿女/n，/wd而是/c比/p儿女/n还/d亲/a的/ude1、/wn等待/v出发/vi的/ude1宇宙/n航船/n“/wyz东方/s号/n”/wyy。/wj
为什么/ryv上午/t她/rr没有/v来/vf？/ww
如果/c来/vf了/y，/wd她/rr就/d会/v跟/p继恩/nr2兄/ng女/ng未/d一块儿/d到/v了/ule2004/m基地/n，/wd此刻/r她/rr早已/d投入/v保卫/v宇航/n基地/n、/wn保卫/v“/wyz东方/s号/n”/wyy的/ude1战斗/vn了/y。/wj
什么样/ryv的/ude1战斗/vn？/ww
她/rr不/d知道/v。/wj
但是/c她/rr怀里/s有/vyou一/m把/pba手枪/n，/wd一/m把/pba激光/n手枪/n，/wd什么样/ryv的/ude1敌人/n都/d经不住/v一发/d激光/n子弹/n。/wj
她/rr是/vshi决不会/v手软/a的/ude1。/wj
车窗/n外/f面/n，/wd暴风雪/n还/d在/p肆虐/v，/wd尽情/d地/ude2蹂躏/v着/uzhe大地/n。/wj
虽然/c是/vshi高速公路/n，/wd虽然/c是/vshi电子/n司机/n，/wd也/d不得不/d减慢/v速度/n了/y。/wj
公路/n上/f是/vshi一个个/m雪团/n在/p翻滚/vi，/wd汽车/n轮/qv于/p经常/d打滑/vi。/wj
车头/n灯/n照耀/v之/uzhi处/n。/wj
是/vshi奇形怪状/bl的/ude1线条/n和/cc图形/n，/wd仿佛/d千军万马/nl在/p厮杀/vi，/wd又/d象是/v冲/v决堤/vi防/v的/ude1滔滔/z的/ude1洪水/n，/wd要/v把/pba整个/b宇宙/n翻转/v过来/vf一样/uyy。/wj
邵子安/nr不安/a地/ude2观察/v着/uzhe车窗/n外/f面/n。/wj
他/rr猛地/d抓住/v了/ule岳兰/nr的/ude1手/n。/wj
“/wyz多/m大/a的/ude1暴风雪/n啊/y！/wt
”/wyy他/rr的/ude1声音/n有点/d异样/a。/wj
“/wyz我/rr在/p宇航/n城/n生活/vn了/ule十六/m年/qt，/wd从来/d没/d见/v过/uguo…/ws
…/ws
”/wyy岳/n兰/ng记忆/n中/f也/d没/d经历/v过/uguo这样/rzv的/ude1大/a风雪/n。/wj
但是/c她/rr不/d理解/v这/rzv有/vyou什么/ry可/v奇怪/a的/ude1，/wd已经/d是/vshi腊月/t了/y，/wd腊月/t里/f戈壁滩/n上/f是/vshi很/d寒冷/a的/ude1。/wj
而且/c，/wd近年来/dl，/wd气候/n总是/d有/vyou点/qt反常/a…/ws
…/ws
“/wyz暴风雪/n，/wd敌情/n，/wd‘/wyz东方/s号/n’/wyy的/ude1计划/n…/ws
…/ws
”/wyy邵子安/nr缓缓/d地/ude2说/v。/wj
“/wyz这/rzv，/wd难道/d是/vshi巧合/vi吗/y？/ww
”/wyy“/wyz‘/wyz东方/s号/n’/wyy？/ww
计划/n？/ww
”/wyy岳/n兰/ng两/m只/q大/a眼睛/n忽闪忽闪/z。/wj
“/wyz哦/e，/wd我/rr忘/v了/y，/wd你/rr还/d不/d知道/v，/wd‘/wyz东方/s号/n’/wyy预定/v下星期/t就/d出发/vi，/wd到/v火星/n去/vf。/wj
”/wyy‘/wyz“/wyz不/d是/vshi刚刚/d在/p上星期/t，/wd’/wyy建设/vn号/n‘/wyz出发/vi了/y？/ww
”/wyy“/wyz这/rzv回/qv是/vshi给/p‘/wyz建设/vn号/n’/wyy上/f的/ude1宇航员/n运送/v给养/n、/wn器材/n和/cc装备/n的/ude1。/wj
哦/e，/wd岳兰/nr，/wd我们/rr要/v在/p火星/n上/f建设/v一个/mq半/m永久性/n的/ude1实验室/n呀/y…/ws
…/ws
”/wyy原来/d这样/rzv！/wt
…/ws
…/ws
半/m年/qt前/f，/wd岳兰/nr曾经/d到/v基地/n参观/v了/ule一/m次/qv。/wj
她/rr惊讶/a地/ude2发现/v，/wd“/wyz东方/s号/n”/wyy适/ag得/v比/p以往/t任何/rz一/m艘/q宇宙/n航船/n都/d大/a得/ude3多/a。/wj
它/rr是/vshi真正/b的/ude1巨人/n：/wp四/m级/q火箭/n耸立/v在/p发射/v场上/s，/wd晴天/n的/ude1时候/n，/wd从/p四十二/m公里/q外/f的/ude1宇航/n城/n就/d看得见/v它/rr的/ude1炮弹/n般/uyy的/ude1尖端/n，/wd恰如/v看到/v遥远/a的/ude1积雪/n的/ude1山峰/n一样/uyy。/wj
“/wyz邵/nr1伯伯/n！/wt
”/wyy岳/n兰/ng失声/vd喊/v起来/vf。/wj
“/wyz什么样/ryv的/ude1敌人/n会/v丧心病狂/al地/ude2破坏/v这个/rz美好/a的/ude1计划/n呀/y？/ww
”/wyy邵子安/nr沉默/v着/uzhe，/wd只/d把/pba右手/n朝/tg北方/f指/v了/ule指/v。/wj
是的/vl，/wd敌人/n总是/d丧心病狂/al的/ude1。/wj
我们/rr要/v在/p大地/n上/f建设/vn花园/n，/wd他们/rr就/d要/v在/p大地/n上/f高/ad筑/v牢/a墙/n和/cc监狱/n；/wf我们/rr要/v在/p太空/s中/f驰骋/v，/wd让/v科学/a的/ude1触须/n伸/v向/p无限/b宇宙/n的/ude1深处/s，/wd他们/rr却/d要/v在/p太空/s中/b装备/n指向/v地球/n的/ude1激光/n大炮/n，/wd要/v摧毁/v人类/n的/ude1文明/n和/cc智慧/n。/wj
一/m头/q熊/n并/cc不/d是/vshi一个/mq人/n，/wd它/rr的/ude1野心/n和/cc欲望/n是/vshi践踏/v别人/rr的/ude1一切/rz美好/a的/ude1事物/n，/wd从而/c把/pba一切/rz攫/n为/p己/rr有/vyou。/wj
岳兰/nr2虽然/c还/d很/d年轻/a。/wj
这个/rz尖锐/a的/ude1真理/n她/rr却/d是/vshi早就/d认识/v了/ule的/ude1。/wj
邵子安/nr想/v的/ude1是/vshi另/rz一/m回/qv事儿/n。/wj
他/rr亲手/d部署/v的/ude1：/wp成百/m枚/q反/vi弹道导弹/n，/wd罩/v住/vi发射/v基地/n方圆/n三十/m公里/q的/ude1激光/n网/n，/wd几十/m部/q自动/d巡逻/vi的/ude1电子/n车/n守卫/v着/uzhe20O4/m基地/n。/wj
什么/ry敌人/n能够/v潜/vg进来/vf？/ww
当然/d，/wd他/rr明白/v，/wd敌人/n也/d有/vyou强大/a的/ude1科学/n武装/vn，/wd决/d不/d亚于/v我们/rr。/wj
战争/n，/wd已经/d不/d完全/ad是/vshi面对面/dl的/ude1射击/vn了/y，/wd而且/c又/d是/vshi科学技术/n的/ude1决战/vn。/wj
