…/ws
…/ws
作为/p总工程师/n，/wd邵子安/nr深深/d感到/v肩上/s的/ude1担子/n有/vyou多么/d重/a。/wj
他/rr当然/d明白/v，/wd在/p二十/m世纪/n七十/m年代/n那会儿/rzt，/wd我国/n和/cc科学/n先进/a的/ude1国家/n相比/vi，/wd整整/d落后/a了/ule四分之一/m个/q世纪/n。/wj
依靠/v一/m条/q正确/a的/ude1领导/vn路线/n，/wd一/m支/q精心/ad培育/v的/ude1科学技术/n大军/n，/wd一/m支/q勤劳/a、/wn勇敢/a、/wn能/v打硬仗/vl的/ude1队伍/n，/wd经过/p几十/m年/qt的/ude1奋战/vn，/wd我们/rr赶上/v来/vf了/y，/wd甚至/d超过/v了/ule他/rr队/n“/wyz东方/s号/n”/wyy的/ude1设计/vn和/cc建造/v就/d是/vshi见证/n。/wj
全世界/n的/ude1报纸/n都/d登载/v过/uguo从/p卫星/n上/f拍/v下/f的/ude1这/rzv艘/q宇宙飞船/nl的/ude1照片/n，/wd称之为/v“/wyz人类/n文明/a的/ude1奇迹/n”/wyy、/wn“/wyz现代化/vn科学技术/n的/ude1骄傲/an”/wyy。/wj
火星/n实验室/n的/ude1计划/n也/d轰动/v了/ule整个/b地球/n，/wd许多/m外国/n科学家/n的/ude1信/n雪片/n似的/uyy飞/vi到/v宇航/n总/b指挥部/n，/wd要求/v参加/v“/wyz开拓/v太阳系/n新/a的/ude1疆土/n”/wyy的/ude1科研/n事业/n。/wj
而/cc北极熊/n则/d咆哮/vi着/uzhe：/wp“/wyz中国/ns人/n要/v占领/v火星/n！/wt
”/wyy是的/vl，/wd他们/rr对于/p我们/rr每/rz迈出/v的/ude1新/a的/ude1一/m步/qv总是/d虎视眈眈/vl的/ude1。/wj
打/v从中/d学生/n时代/n、/wn从/p电视/n中/f看到/v我国/n发射/v第一/m艘/q载人/b月球/n飞船/n起/vf，/wd过去/vf了/ule多少/ry年/qt的/ude1岁月/n哇/y！/wt
…/ws
…/ws
暴风雪/n稍稍/d减弱/v了/ule一点儿/mq。/wj
接近/v2004/m基地/n了/y。/wj
邵子安/nr打开/v了/ule车上/s的/ude1电视/n电话/n，/wd揿/n着/uzhe号码/n，/wd一个/mq又/d一个/mq，/wd没有/v人/n接/v。/wj
最后/f，/wd在/p值班室/n里/f，/wd出现/v了/ule那个/rz报警/vn的/ude1小伙子/n，/wd还是/v象/ng刚才/t那样/rzv，/wd手里/s拿/v一/m玻璃杯/n水/n，/wd怀疑/v地/ude2眯/v着/uzhe眼睛/n问/v：/wp“/wyz谁/ry？/ww
”/wyy邵子安/nr这/rzv才/d记/v起/vf，/wd汽车/n里/f没有/d开/v灯/n，/wd于是/cc他/rr把/pba灯/n打开/v了/y。/wj
电话/n里/f的/ude1小伙子/n高兴/a地/ude2说/v：/wp“/wyz啊/y，/wd邵总/nr！/wt
抓住/v啦/y！/wt
…/ws
…/ws
嗯/e，/wd哎呀/e！/wt
”/wyy玻璃杯/n“/wyz当/v嘟/o”/wyy一/m声/qv落地/vi。/wj
跟着/v，/wd电话/n里/f的/ude1小伙子/n不见/v了/y。/wj
差不多/al与此同时/c，/wd挡风/vn玻璃/n正前方/f猛然/d闪亮/v，/wd就/d象/ng发生/v爆炸/v一样/uyy，/wd浓/a云/n急剧/d膨胀/vi，/wd火光/n中/f清楚/v看见/v，/wd那/rzv只/d异常/d高大/a的/ude1宇宙飞船/nl“/wyz东方/s号/n”/wyy，/wd好/a家/n挣脱/v发射架/n的/ude1束缚/vn一样/uyy，/wd摇晃/v了/ule一下/mq，/wd上升/vi了/y。/wj
这时候/rzt，/wd才/c刚好/d听到/v爆炸声/n，/wd不/d很/d响亮/a，/wd好/a象/ng闷雷/n，/wd沉重/a，/wd压抑/an。/wj
邵子安/nr倒/vi在/p沙发/n上/f，/wd殷/nr1红色/n的/ude1火光/n照亮/v了/ule他/rr的/ude1一/m双/q充满/v了/ule惊讶/a和/cc愤怒/a的/ude1、/wn灼灼/z发光/vi的/ude1眼睛/n。/wj
“/wyz邵/nr1伯伯/n，/wd邵/nr1伯伯/n，/wd邵/nr1伯伯/n！/wt
”/wyy岳/n兰/ng尖/ng声/ng叫/vi起来/vf。/wj
爆炸/v一/m开始/v，/wd汽车/n立时/d刹住/v了/ule车/n——/wp这/rzv是/vshi电子/n司机/n的/ude1急剧/b反应/vn：/wp它/rr在/p判断/n。/wj
等到/v确信/v这/rzv场/qv爆炸/v对于/p小汽车/n本身/rz没/d有/vyou危险/an以后/f，/wd车子/n又/d继续/v前进/vi了/y。/wj
尘土/n，/wd雪片/n，/wd劈头/d盖/v睑/n地/ude2砸/v在/p小汽车/n周围/f。/wj
火光/n已经/d消失/vi。/wj
基地/n的/ude1强大/a的/ude1探照灯/n光柱/n照亮/v了/ule雪花/n飞扬/vi的/ude1发射场/n。/wj
自动/b的/ude1电子/n门卫/n还/d在/p三十/m米/q外/f就/d识别/v出/vf这/rzv部/q小汽车/n和/cc它/rr的/ude1主人/n，/wd于是/cc，/wd大门/n无声/vi地/ude2打开/v了/y，/wd几/m个/q杂乱/a的/ude1脚步声/n奔跑/vi到/v汽车/n跟前/f。/wj
一个/mq三十/m多/m岁/qt的/ude1、/wn高大/a的/ude1汉子/n拉开/v车门/n，/wd扑/v到/v凝/vg然/rz不/d动/v的/ude1邵/nr1子/ng安身/vi上/f，/wd孩子/n似的/uyy流/v着/uzhe泪/n，/wd头发/n凌乱/a，/wd左/a额角/n上/f还/d滴/v着/uzhe血/n。/wj
他/rr的/ude1身上/s全/d教/v雪水/n淋/v通/v了/y；/wf又/d散发/v出/vf烟/n熏/v火/n燎/v的/ude1气息/n。/wj
岳兰/nr2焦灼/a地/ude2问/v：/wp“/wyz霍/nr1工程师/n，/wd怎么/ryv啦/y？/ww
”/wyy车窗/n外/f面/n，/wd一个/mq沉着/a的/ude1声音/n说/v：/wp“/wyz小杨/nr，/wd小/a凌/ng，/wd扶/v住/vi霍/nr1工程师/n，/wd把/pba邵总/nr请/v出来/vf。/wj
到/p休息室/n去/vf。/wj
”/wyy车子/n里面/f，/wd邵子安/nr低/a低/a地/ude2、/wn缓慢/a地/ude2问/v：/wp“/wyz孩子/n们/k呢/y？/ww
”/wyy霍/nr1工程师/n拾/v起/vf被/pbei悲痛/an扭/v歪/a的/ude1脸/n，/wd默不作声/vl地/ude2用/v一/m双/q失神/vi的/ude1眼睛/n望/v着/uzhe风雪/n漫天/z的/ude1夜空/n。/wj
那儿/rzs，/wd一/m艘/q写/v着/uzheDONGFANG/x这/rzv几/m个/q大字/n的/ude1宇宙飞船/nl，/wd正在/d暴风雪/n之上/f，/wd在/p地球/n大气/n圈/qv之上/f，/wd钻/v进/vf宁静/a的/ude1太空/s。/wj
（/wkz二/m）/wky上海/ns小姑娘/n邵继来/nr是/vshi一个/mq真正/b的/ude1上海/ns小姑娘/n。/wj
十五/m年/qt前/f，/wd当/p她/rr来/vf临到/v人世间/n的/ude1时候/n，/wd宇航/n城/n还/d在/p创业/vn阶段/n。/wj
在/p茫茫/z的/ude1沙漠/n瀚海/n上/f，/wd仅/d有/vyou一/m小/a块/q绿洲/n，/wd一/m道/n汩汩/o的/ude1泉水/n带来/v了/ule生机/n。/wj
掘土机/n一面/d清理/v地基/n，/wd一面/d小心翼翼/dl地/ude2保存/v着/uzhe一切/rz绿色/n的/ude1生命/n。/wj
柽/x柳/ng、/wn沙蒿/nr2、/wn沙米/nrf、/wn赤柳/nr2…/ws
…/ws
直升飞机/n把/pba预制/v楼板/n从/p五百/m公里/q以外/f运/v来/vf，/wd直接/ad吊装/v在/p基础/n上/f。/wj
那些/rz年头/n啊/y，/wd生活/vn就/d象/ng在/p战场/n上/f一样/uyy，/wd邵子安/nr就/d象/ng战斗/vn部队/n的/ude1指挥员/n，/wd把/pba年轻/a的/ude1妻子/n、/wn三/m岁/qt的/ude1儿子/n和/cc刚/d生/v下/f的/ude1女儿/n都/d留/v在/p后方/s——/wp“/wyz后勤/n部长/n”/wyy老/a岳母/n那儿/rzs，/wd自己/rr在/p集体/n宿舍/n里/f和/cc混/v身/ng灰土/n的/ude1工人/n挤/v在/p一起/s。/wj
宇航/n飞船/n发射场/n和/cc宇航/n城/n的/ude1修建/vn工程/n进展/vn得/ude3很/d快/a。/wj
三/m年/qt之内/f，/wd沙漠/n远远/d退却/vi了/y。/wj
用/p飞机/n从/p华北/ns平原/n上/f运/v来/vf的/ude1钻天杨/n象/ng一排排/m哨兵/n，/wd捍卫/v着/uzhe新/a生/v的/ude1城市/n。/wj
当年/t的/ude1绿洲/n已经/d改造/v成/v五彩缤纷/vl的/ude1公园/n，/wd一栋栋/m楼房/n就/d象/ng雨/n后/f松/v树林/n里/f的/ude1蘑菇/n那样/rzv，/wd冒/v得/ude3真/d快/a！/wt
家属/n可以/v迁/v来/vf了/ule——/wp后勤/n补给/vn的/ude1运输线/n不/d要/v拉/v得/ude3太/d长/a嘛/y。/wj
再说/vi。/wj
邵子安/nr的/ude1妻子/n杜兰芳/nr是/vshi一个/mq医生/n，/wd宇航/n城/n是/vshi十分/d需要/v医生/n的/ude1。/wj
男/b孩子/n也/d带来/v了/y，/wd宇航/n城/n也/d办/v起/vf了/ule小学/n。/wj
可是/c小姑娘/n呢/y，/wd姥姥/n说/v什么/ry也/d舍不得/v放/v。/wj
于是/cc，/wd牙牙学语/nl的/ude1小/a继来/nr2在/p黄浦江/ns边/d扎/v下/vf了/ule根/n。/wj
继/vg来/vf长/a得/ude3健康/a、/wn活泼/a，/wd而且/c惊人/a的/ude1漂亮/a。/wj
去年/t暑假/t，/wd她/rr头/m一/m次/qv到/v宇航/n城/n来/f，/wd穿着/v上海/ns姥姥/n亲手/d做/v的/ude1朴素/a而/cc又/d时兴/v的/ude1藕/n合/v色/ng连衣裙/n，/wd一/m口/q上海/ns话/n：/wp“/wyz我/rr伲/n”/wyy、/wn“/wyz侬/ng格/ng”/wyy、/wn“/wyz伊拉/nrf”/wyy…/ws
…/ws
就/p象/ng一/m只/q翩翩/z飞/vi到/v戈壁滩/n上/f的/ude1小/a黄鹂/n，/wd她/rr对/p宇航/n城/n的/ude1一切/rz事物/n都/d觉得/v惊奇/an。/wj
就/d拿/v自己/rr的/ude1“/wyz家/n”/wyy来说/uls吧/y，/wd这/rzv是/vshi一/m栋/q宿舍/n大楼/n的/ude1底层/n，/wd宽敞/a，/wd舒适/a，/wd倒/d也/d没什么/vl，/wd上海/ns也/d有/vyou这样/rzv的/ude1房子/n。/wj
可是/c屋里/s却/d有/vyou不少/m教/v人/n啧啧/o不已/vi的/ude1设备/n。/wj
