简直/d可以/v接通/v整个/b世界/n！/wt
真/a的/ude1，/wd如果/c非洲/nsf一/m位/q黑人/n酋长/n或者/c新西兰/nsf一/m位/q毛利/n族/ng巫师/n突然/ad出现/v在/p电话机/n屏幕/n上/f，/wd她/rr也/d不/d会/v感到/v意外/a的/ude1。/wj
再/d看看/v那个/rz普通/a的/ude1厨房/n吧/y，/wd早上/t，/wd妈妈/n把/pba生/v的/ude1西红柿/n、/wn黄瓜/n、/wn扁豆/n、/wn猪肉/n、/wn鸡蛋/n、/wn鲤鱼/n分别/d装/v在/p一/m部/q机器/n上/f的/ude1许多/m抽屉/n里/f，/wd揿/n了/ule几/m下/vf按钮/n。/wj
中午/t，/wd时钟/n一/d打/v十二点/t，/wd机器/n一/m头/q的/ude1食/ng案/ng上/f就/d出现/v了/ule肉/n炒/v扁豆/n、/wn清蒸/vn鲤鱼/n、/wn拌/v黄瓜/n、/wn鸡蛋/n西红柿/n汤/n，/wd当然/d，/wd还有/v热气腾腾/vl的/ude1大米饭/n。/wj
该/rz不/d是/vshi有/vyou一个/mq电子/n机器人/n在/p操持/v家务/n吧/y？/ww
小/a继/vg来/vf想/v。/wj
但是/c她/rr却/d看/v不/d见/v科学/a幻想/n小说/n的/ude1插图/n中/f通常/d见到/v的/ude1那种/r机器人/n，/wd一切/rz都/d是/vshi在/p一/m只/q魔术/n般/uyy的/ude1大/a柜/ng式样/n的/ude1电子/n设备/n里/f进行/vx的/ude1。/wj
最最/d教/v小/a继/vg来/vf着迷/vi的/ude1，/wd还是/c那/rzv在/p远处/s高高/d耸/vg起/vf的/ude1宇/ng亩/q飞船/n的/ude1发射架/n。/wj
去年/t夏天/t，/wd“/wyz东方/s号/n”/wyy刚刚/d建造/v了/ule一半/m，/wd但是/c发射架/n早已/d傲然/d直指/v天空/n。/wj
爸爸/n不/d肯/v带/v继/vg来/vf到/v基地/n去/vf，/wd说是/v那儿/rzs“/wyz谢绝/v参观/v”/wyy，/wd总工程师/n的/ude1女儿/n就/d可以/v例外/vi吗/y？/ww
哥哥/n继恩/nr2却/d不同/a，/wd他/rr是/vshi宇航/n预备/vn学校/n的/ude1学生/n，/wd他/rr有/vyou进出/vn基地/n的/ude1证件/n；/wf而且/c他/rr早就/d被/pbei一个/mq叫/vi“/wyz霍/nr1工程师/n”/wyy的/ude1高个子/n看中/v，/wd经常/d带/v他/rr去/vf基地/n检查/vn工程/n设备/n，/wd试验/v设备/n性能/n，/wd一/m句/q话/n，/wd他/rr干脆/d就/d是/vshi候补/b的/ude1宇航员/n了/y。/wj
小继来/nr抚摸/v着/uzhe哥哥/n这/rzv张/q贴/v有/vyou像片/n的/ude1硬/a纸卡/n——/wp“/wyz出入证/n”/wyy，/wd心里/s羡慕/v死/v了/y。/wj
这个/rz晒/v得/ude3黑/a黑/a、/wn老/a是/vshi憨厚/a地/ude2笑/v着/uzhe的/ude1哥哥/n，/wd将来/t真/d是/vshi要/v飞/vi到/v火星/n上/f去/vf的/ude1？/ww
那/rzv个/q年头/n，/wd宇航/n事业/n已经/d十分/d发达/a。/wj
地球/n上空/s飞驰/vi着/uzhe一千/m多/m颗/q不同/a用途/n的/ude1卫星/n；/wf有/vyou五/m个/q国家/n建立/v了/ule轨道/n空中/s实验室/n；/wf在/p月球/n上/f，/wd有/vyou三/m个/q不同/a国籍/n的/ude1工作/vn站/n。/wj
飞/vi到/v金星/n、/wn火星/n甚至/c木星/n和/cc土星/n的/ude1宇宙/n航船/n，/wd就/d象/ng班机/n一样/uyy，/wd每/rz隔/v一/m年/qt半/m年/qt总/d有/vyou一/m艘/q从/p地球/n上/f起飞/vi。/wj
这些/rz，/wd都/d是/vshi哥哥/n告诉/v小/a继/vg来/vf的/ude1。/wj
今年/t暑假/t，/wd小/a继/vg来/vf没有/d到/v宇航/n城/n来/vf：/wp她/rr到/v北京/ns参加/v夏令营/n去/vf了/ule——/wp这/rzv是/vshi她/rr整个/b少先队/n生活/vn的/ude1最后/f一/m次/qv夏令营/n活动/vn。/wj
但是/c地/n暗自/d决定/v，/wd寒假/t一定/d来/vf。/wj
哥哥/n继恩/nr2写信/vi告诉/v她/rr，/wd“/wyz东方/s号/n”/wyy已经/d建造/v好/a了/y，/wd并且/c暗示/v，/wd可能/v冬天/t就/d发射/v。/wj
这/rzv是/vshi迄今为止/dl我国/n最/d大/a的/ude1一/m艘/q宇宙/n航船/n，/wd这/rzv次/qv发射/vn是/vshi宇航/n史/ng上/f伟大/a的/ude1壮举/n。/wj
论/v规模/n，/wd在/p我国/n，/wd也/d只/d有/vyou20O3/m基地/n上/f有/vyou一/m艘/q正在/d建造/v的/ude1“/wyz团结/a号/n”/wyy也许/d可以/v比拟/v。/wj
怎么/ryv能/v放/v过/uguo这/rzv次/qv机会/n呀/y？/ww
姥姥/n也/d想/v来/vf，/wd但是/c大西北/s天气/n太/d冷/a了/y，/wd怕/v老人家/n不/d适应/v。/wj
这样/rzv，/wd小姑娘/n于/p昨天/t黄昏/t独自/d到达/v了/ule宇航/n城/n。/wj
羽毛/n般/uyy轻盈/a而/cc洁白/z的/ude1雪花/n从/p夜里/t就/d稀稀落落/z地下/s开/v了/y。/wj
早晨/t，/wd撩开/v窗帘/n一/d望/v，/wd大地/n一/m片/q白/a。/wj
上海/ns小姑娘/n没/d见/v过/uguo这么/rz壮丽/a的/ude1雪景/n。/wj
她/rr高兴/a得/ude3一/d拍手/vi，/wd穿/v上/vf兔毛/n大衣/n，/wd跑/v到/v院子/n里/f，/wd先/d在/p雪地/n上/f打/v个/q滚/vi，/wd然后/c双手/n捧/v起/vf湿漉漉/z的/ude1、/wn白/a得/ude3发/v蓝/a的/ude1雪/n，/wd洗/v擦/v脸上/s残存/v着/uzhe的/ude1睡意/n。/wj
不一会儿/bl，/wd她/rr成/v了/ule一个/mq鲜艳/a、/wn容光焕发/vl的/ude1姑娘/n。/wj
她/rr从/p上海/ns带来/v、/wn时刻/n不/d离/v身边/s的/ude1一/m只/q卷/v毛/nr1小/a花/n狗/n——/wp“/wyz花/n豹/ng”/wyy，/wd也/d学/v着/uzhe女主人/n的/ude1样子/n，/wd在/p雪地/n上/f滚/vi了/ule几/m滚/vi。/wj
它/rr出生/vi只/d有/vyou四/m个/q月/n，/wd这/rzv“/wyz一辈子/mq”/wyy还/d没/d见/v过/uguo这种/r奇怪/v的/ude1、/wn凉飕飕/z的/ude1、/wn湿漉漉/z的/ude1、/wn白/a生生的/d玩艺/n儿/ng呢/y！/wt
继/vg来/vf要/v堆/v个/q雪人/n，/wd拿/v来/vf一/m把/pba扫帚/n戳/v在/p那儿/rzs，/wd把/pba大/a团/n大/a团/n积雪/n往/p上/f堆/v，/wd小/a花/n豹/ng却/d老/a在/p捣乱/v。/wj
堆/v着/uzhe堆/v着/uzhe，/wd花/v豹/ng往/p上/f一/m扑/v，/wd雪/n人/n就/d散/v了/ule架/qv。/wj
不管/c继/vg来/vf怎样/ryv呵斥/v，/wd花/v豹/ng毫/d不在乎/v地/ude2快活/a奔跑/vi，/wd在/p雪地/n上/f打滚/v，/wd淘气/a。/wj
爸爸/n到/v总/b指挥部/n开会/vi，/wd妈妈/n到/v医院/n上班/vi了/y。/wj
小/a继/vg来/vf好久/m好久/m，/wd舍不得/v离开/v那/rzv冻/v得/ude3她/rr脸颊/n通红/z通红/z的/ude1院子/n。/wj
雪/n仍然/d在/p下/f着/uzhe，/wd还是/c稀稀落落/z的/ude1。/wj
哥哥/n继恩/nr2也/d放/v了/ule寒假/t，/wd没有/d上学/vi，/wd但是/c有/vyou一个/mq同学/n——/wp钟亚兵/nr，/wd来/vf找/v他/rr，/wd两/m人/n关/v在/p屋子/n里/f，/wd热烈/a地/ude2讨论/v什么/ry。/wj
她/rr多么/d想/v拖/v着/uzhe他们/rr俩/m，/wd说/v：/wp“/wyz多/m新鲜/a的/ude1空气/n！/wt
你们/rr躲/v在/p屋子/n里/f干/v什么/ry？/ww
不/d如/v一/m起/q逛逛/v去/vf。/wj
”/wyy但是/c她/rr不/d敢/v打扰/v哥哥/n。/wj
她/rr叹/v了/ule一/m口/q气/n，/wd想/v去/vf找/v岳/ng兰/ng姊/n，/wd走/v到/v门口/s，/wd又/d站住/v了/ule：/wp哦/e，/wd兔皮/n大衣/n湿/a透/a啦/y！/wt
她/rr又/d叹/v了/ule口/q气/n，/wd进/vf了/ule屋/n，/wd把/pba大衣/n脱/v下/f来/vf，/wd放在/v电热器/n上/f烘/v。/wj
花/n豹/ng也/d一/m身/q湿/a，/wd扑/v到/v她/rr身上/s。/wj
她/rr搂/v着/uzhe小/a狗/n的/ude1脖子/n，/wd说/v：/wp“/wyz等/udeng一些/mq些/q，/wd花/v豹/ng，/wd阿拉/r吃/v点/qt物/ng事/n，/wd再/d出去/vf白/a相/d相/d！/wt
”/wyy（/wkz上海/ns话/n，/wd等/udeng一会儿/mq，/wd花/v豹/ng，/wd我们/rr吃/v点/qt东西/f，/wd再/d出去/vf玩玩/v——/wp书香门第/nl老/a蔡/nr1注/ng）/wky有/vyou人/n敲门/vi，/wd她/rr走/v去/vf开/v门/n。/wj
是/vshi一个/mq很/d高/a的/ude1叔叔/n，/wd一/m见面/vi就/d笑/v了/ule：/wp“/wyz小/a继/vg来/vf，/wd你/rr可/v长/ad成/v个/q大姑娘/n啦/y！/wt
几/m时/ng到/v的/ude1？/ww
”/wyy她/rr愣/vi了/ule一会儿/mq，/wd脑子/n里/f快速/d地/ude2转悠/vi着/uzhe。/wj
这个/rz叔叔/n，/wd怎么/ryv认得/v我/rr的/ude1呢/y？/ww
哦/e，/wd是/vshi了/y，/wd去年/t夏天/t就/d见/v过/uguo，/wd是/vshi什么/ry“/wyz霍/nr1工程师/n”/wyy，/wd干/v是/vshi她/rr现/tg规矩/n矩/ng地/ude2叫/vi了/ule声/n：/wp“/wyz霍/nr1叔叔/n！/wt
”/wyy“/wyz唔/y，/wd认/v出来/vf了/y？/ww
”/wyy霍/nr1工程师/n高兴/a地/ude2说/v，/wd脱/v去/vf了/ule大衣/n，/wd搓/v搓/v手/n，/wd在/p沙发/n上/f坐/v下来/vf。/wj
“/wyz爸爸/n去/vf开会/vi了/y？/ww
”/wyy他/rr忽然/d间/f想起/v了/ule什么/ry。/wj
