这天/rzt，/wd玉皇大帝/n正在/d天庭/n与/p诸/rz神/n议事/vn，/wd忽/d见/v七/m仙女/n披/v头/n散发/v，/wd哭哭啼啼/z地/ude2跑/v了/ule来/vf，/wd大声/d嚷嚷/v着/uzhe让/v父/ng皇/ng为/p她/rr做主/vi，/wd与/p董永/nr离婚/vi。/wj
玉帝/nrf急/ad问/v女儿/n：/wm“/wyz这/rzv是/vshi为何/ryv？/ww
你/rr与/p董永/nr过/d得/ude3不/d是/vshi好/a好/a的/ude1吗/y？/ww
你们/rr当初/t自由/ad恋爱/vi，/wd朕/x看/v董永/nr是/vshi异类/n，/wd不/d同意/v你们/rr的/ude1婚事/n，/wd不/d想/v在/p人间/n留下/v了/ule千古/n骂名/n。/wj
前些年/t，/wd朕/x被/pbei你/rr母/ng后/f逼/v不过/u，/wd不得已/vl才/d准/a了/ule你们/rr的/ude1婚事/n，/wd又/d给/v董永/nr办/v了/ule‘/wyz人/n转/v非/b’/wyy，/wd让/v他/rr入/v了/ule仙/ng籍/ng，/wd不然/c你们/rr还/d不/d是/vshi天/n各/rz一/m方/q，/wd望眼欲穿/al？/ww”/wyy
七/m仙女/n道/v：/wm“/wyz这/rzv话/n没/d错/v，/wd可/v董永/nr只/d知道/v种地/vi浇水/vi，/wd眼见/v人家/rr都/d发/v了/ule大/a财/n，/wd住/vi洋楼/n、/wn坐/v轿车/n、/wn吃/v新鲜/a、/wn玩/v花哨/a，/wd他/rr却/d不/d知道/v学/v门/n手艺/n挣钱/vi，/wd致使/v家里/s一贫如洗/al，/wd连/ulian孩子/n上学/vi的/ude1钱/n，/wd也/d是/vshi我/rr厚/a着/uzhe脸皮/n向/p母/b后/f借/v来/vf的/ude1，/wd我/rr骂/v他/rr没出息/a，/wd他/rr置之不理/vl，/wd说/v急/v了/ule还要/d动手/vi打/v我/rr，/wd您/rr说/v这/rzv还/d有/vyou天理/n吗/y？/ww”/wyy
玉/n帝/ng嘲讽/v道/v：/wm“/wyz当初/t你/rr道/v是/vshi夫妻/n恩爱/a苦/an也/d甜/a，/wd现/tg如今/t却/d怪不得/d别人/rr。/wj”/wyy
他/rr把/pba脸/n一/m沉/v说/v，/wd“/wyz父/ng皇/ng不准/v你/rr与/p董永/nr离婚/vi，/wd你/rr认为/v离婚/vi是/vshi闹着玩/v的/ude1吗/y？/ww
这/rzv要/v是/vshi传出/v去/vf还/d不/d成/v了/ule天/n大/a的/ude1笑话/n！/wt”/wyy
七/m仙女/n一头/d扑/v到/v玉/n帝/ng怀里/s抽/v咽/v着/uzhe：/wm“/wyz过去/t都/d怪/a女儿/n年幼/a无知/an，/wd盲目/ad追求/v…/ws…/ws
不切实际/vl的/ude1爱/vn，/wd铸成/v终身/n大/a错/n，/wd谁知/c受/v穷/a的/ude1滋味/n这样/rzv难/ad熬/v！/wt”/wyy
玉帝/nrf不/d为/v女儿/n的/ude1眼泪/n所/usuo动/v，/wd还要/d训斥/v，/wd不/d想/v在座/vi的/ude1雷/n神/n奏/v道/v：/wm“/wyz玉/n帝/ng且慢/dl怪罪/v七/m仙女/n，/wd想/v这/rzv董永/nr确实/ad不识时务/vl，/wd他/rr登/v了/ule仙/ng籍/ng本该/d感恩戴德/vl，/wd勤奋/a努力/an，/wd要/v七/m仙女/n母子/n过/uguo上/f好日子/n，/wd不料/d他/rr竟/d如此/rzv不/d知/v好歹/d，/wd实在/d可恶/a可恨/a，/wd若依老/nrf夫/ng的/ude1暴躁/a脾气/n早就/d一/m雷/n把/pba他/rr给/v劈/x了/vi。/wj”/wyy
玉帝/nrf沉思/vi片刻/m道/qv：/wm“/wyz爱卿/nr2不/d能/v这样/rzv说/v，/wd有道是/dl清官/n难/ad断/v家务事/n，/wd还是/c先/d深入/ad了解/v一下/mq再/d说/v吧/y。/wj”/wyy
诸/rz神/n见/v玉帝/nrf这样/rzv通情达理/vl，/wd很/d是/vshi感动/v，/wd连声/d说/v：/wm“/wyz吾/rr皇圣明/nr！/wt”/wyy
玉帝/nrf的/ude1女/b秘书/n嫦娥/n插话/vi道/v：/wm“/wyz区区/b小事/n何足挂齿/vl？/ww
七/m妹/n的/ude1事/n不必/d吾/rr皇/ng操心/v，/wd就/d由/p嫦娥/n来/vf办/v好/a啦/y。/wj”/wyy
玉帝/nrf想/v了/ule想/v，/wd觉得/v自己/rr一时/t也/d没/d有/vyou啥/ry好/a办法/n，/wd就/d由/p她/rr去/vf吧/y。/wj
嫦娥/n觉得/v七/m仙女/n这/rzv事/n主要/b病根/n在/p个/q“/wyz穷/a”/wyy字/n上/f，/wd如果/c要/v七/m仙女/n富/vg起来/vf，/wd她/rr也/d就/d不/d会/v要/v死/v要/v活/a地/ude2离婚/vi了/y。/wj
然而/c，/wd怎样/ryv才/d能/v让/v七/m仙女/n一/m夜/tg富/vg起来/vf呢/y？/ww
嫦娥/n忽地/d想起/v皇宫/n凌/vg霄/nr1殿/ng的/ude1修缮/vn工程/n，/wd顿时/d便/d有/vyou了/ule主意/n。/wj
嫦娥/n找/v来/vf董/nr1永/d面授机宜/vl。/wj
只见/v董永/nr一身/n粗布/n麻/n衣/ng，/wd神情/n沮丧/a地/ude2走/v进来/vf，/wd在/p一身/n绫/ng罗/b锦缎/n的/ude1嫦娥/n面前/f好不/d狼狈/an。/wj
嫦娥/n道/v：/wm“/wyz听说/v董/nr1驸马/n最近/t家事/n有些/rz不/d和/vi？/ww”/wyy
董/nr1永/d未曾/d开口/vi先/d自/p落泪/vi道/v：/wm“/wyz还/d不/d是/vshi为/p钱/n的/ude1事/n。/wj”/wyy
嫦娥/n体谅/v地/ude2说/v：/wm“/wyz夫妻/n吵架/vi十有八九/nl为了/p钱/n，/wd你/rr就/d该/v多/m往/p钱/n上/f使/v使/v劲儿/n，/wd要/v老婆/n孩子/n过/uguo上/f好日子/n。/wj”/wyy
董/nr1永/d委屈/a地/ude2说/v：/wm“/wyz谁/ry不/d想/v富/a？/ww
可/v我/rr一个/mq农夫/n，/wd一/m没/d有/vyou特长/n，/wd二/m不/d会/v官场/n上/f的/ude1溜/v须/d拍马/vi、/wn投机/vn钻营/v，/wd只能/v种/q地/ude2锄草/v、/wn挑水/vi浇/v菜/n，/wd哪里/rys能/v生/v个/q外财/n来/vf？/ww”/wyy
嫦娥/n同情/v地/ude2说/v：/wm“/wyz我/rr这里/rzs有/vyou场/qv小/a富贵/a，/wd有心/v要/v帮/v一下/mq驸马/n，/wd不知/v驸马/n感/vg不/d感/vg兴趣/n？/ww”/wyy
董/nr1永/d眼前/s一/m亮/vi，/wd忙/ad催/v嫦娥/n说/v出/vf富贵/a所在/n，/wd并/cc信誓旦旦/vl地/ude2说/v如果/c有/vyou钱/n可/v赚/v，/wd就是/v赴汤蹈火/vl也/d在所不辞/vl。/wj
原来/b，/wd玉/n帝/ng最近/t到/v凡间/s转/v了/ule一/m圈/qv，/wd发现/v这些/rz年/qt凡间/s大兴土木/vl，/wd修建/v了/ule好/a些/q富丽堂皇/al的/ude1高楼大厦/nl，/wd相比/vi起来/vf自家/rr的/ude1皇宫/n倒/d寒酸/a了/ule许多/m，/wd甚至/c连/d富/vg人家/rr的/ude1墓穴/n都/d不如/v，/wd心/n下/f十分/m不/d平/a。/wj
有心/v要/v新建/v一/m座/q皇宫/n，/wd怎/ryv奈/vg耗资/v惊人/a，/wd又/d怕/v一些/mq老/a不/d死/v的/ude1出来/vf作梗/vi，/wd便/d与/p嫦娥/n商量/v出/vf一个/mq变通/vi的/ude1办法/n，/wd把/pba新建/v改/v成/v修缮/vn。/wj
虽说/c是/vshi修缮/v，/wd可/v皇宫/n的/ude1规模/n要/v增加/v好/a几/m倍/q，/wd投资/v巨大/a呀/y。/wj
许多/m建筑/n公司/n听到/v这/rzv一/m消息/n犹如/v蚊子/n嗅到/v血/n，/wd蜂拥而至/vl，/wd各自/rr找/v门路/n、/wn打/v关节/n，/wd要/v把/pba工程/n揽/v到/v手/n，/wd真是/d八仙过海各显神通/vl。/wj
玉帝/nrf为/v示/vg公平/a，/wd弄/v了/ule个/q公开/ad招标/vi，/wd其实/d是/vshi自家/rr暗箱/n操作/vn。/wj
于是/cc嫦娥/n想/v了/ule个/q一/m箭/n双/m雕/vg的/ude1主意/n，/wd把/pba工程/n包/v给/p董永/nr，/wd这样/rzv既/c能/v帮/v七/m仙女/n脱贫/vi，/wd讨好/v玉/n帝/ng，/wd又/d能/v顺风/vi扬帆/vi，/wd借机/d修缮/v一下/mq自家/rr的/ude1月宫/n。/wj
董永从/nr嫦娥/n那里/rzs得了/vi美差/n，/wd连夜/d赶/v回老家/vi董/nr1家村/ns，/wd拉/v起/vf大/a旗/n招工/vn，/wd拼凑/v了/ule个/q“/wyz董/nr1氏/ng建筑/n（/wkz集团/n）/wky总公司/n”/wyy，/wd自/rr任/v董事长/n兼/v总经理/n。/wj
然后/c到/v嫦娥/n那里/rzs模/ng仿/x人家/n建筑/vn公司/n的/ude1投标/vn书/n，/wd搞/v了/ule一个/mq施工/vn方/d案/x，/wd又/d顺理成章/vl地/ude2中/v了/ule标/v。/wj
董永/nr明知/v自家/rr的/ude1“/wyz董氏/nr公司/n”/wyy干/v不/d了/ule这/rzv工程/n，/wd便/d转/v包/v给/p其他/rzv建筑/n公司/n，/wd自己/rr坐/v收/v利钱/n。/wj
奠基/vi这天/rzt，/wd董永/nr在/p嫦娥/n的/ude1授意/vn下/f，/wd邀请/v玉帝和/nr诸/rz神/n亲临/v现场/s剪彩/vi。/wj
在/p一阵/mq“/wyz噼/x里/f啪/o啦/y”/wyy的/ude1鞭炮声/n中/f，/wd工程/n开工/vi了/y，/wd工地/n上/f的/ude1气氛/n好不/d热闹/a！/wt
有/vyou一/m天/qt，/wd玉帝/nrf突然/ad又/d想起/v七/m仙女/n离婚/vi的/ude1事/n，/wd就/d问/v嫦娥/n这/rzv事/n怎么样/ryv了/y，/wd并/cc说/v还是/c不/d离/v的/ude1好/a。/wj。/wj
玉帝/nrf一/m听/v糊/a涂/v了/ule：/wm“/wyz先/d前/f要/v离婚/vi是/vshi你/rr提/v出来/vf的/ude1，/wd董永/nr同意/v不/d是/vshi正/d合/v你/rr心意/n吗/y？/ww
你/rr怎么/ryv又/d不/d高兴/a了/y？/ww”/wyy
七/m仙女/n哭/v道/v：/wm“/wyz先/d前/f是/vshi先前/t，/wd现在/t是/vshi现在/t，/wd现在/t董/nr1永/d挣/vi了/ule大钱/n，/wd我们/rr正/d要/v过/uguo上/f好日子/n，/wd谁/ry还/d想/v离婚/vi？/ww”/wyy