这样/rzv又/d经过/p一/m万/m八千年/m，/wd天/qt升/v得/ude3极/d商/tg极/d高/a，/wd地/n变/v得/ude3极/d厚/a极/d厚/a，/wd盘古/n的/ude1身体/n也/d变/v得/ude3极/d长/a极/d长/a，/wd天/qt和/cc地/n的/ude1距离/n有/vyou九/m万/m里/q之/uzhi遥/ng，/wd盘古/n的/ude1身高/n也/d有/vyou九/m万/m里/q之/uzhi长/ng。/wj
九/m万/m里/q长/a的/ude1盘古/n，/wd屹立/vi在/p相距/vi九/m万/m里/q的/ude1天地/n之/uzhi问/ng，/wd威风凛凛/al。/wj
岿然不动/vl。/wj
又/d是/vshi多少/ry年/qt过去/vf。/wj
天/n和/cc地/n都/d长/a得/ude3很/d结实/a，/wd各自/rr的/ude1位置/n也/d非常/d稳固/a了/y，/wd再/d包/v不用/d担心/v它们/rr会/v合拢/vi在/p一/m，/wd起子/n、/wn屹立/vi在/p天地/n之/uzhi同/v的/ude1盘/qv占/v精力/n也/d耗尽/v他/rr感到/v非常/d的/ude1疲劳/a．/w
就/d躺/v下去/vf，/wd他/rr一/m躺/v下去/vf，/wd便/d精疲力竭/vl地/ude2死去/v了/y，/wd就/d在/p盘古/n死去/v的/ude1刹那间/t，/wd他/rr的/ude1岗/n身/ng突然/ad发生/v奇异/a的/ude1变化/vn：/wm他/rr口中/s呼/v出/vf的/ude1最后/f一/m口/q气/n，/wd化/v成/v了/ule抚育/v子/ng物/ng的/ude1风/n和/cc天空/n中/f的/ude1云/n；/wf他/rr最后/f的/ude1一/m声/qv吼叫/vn变成/v轰隆/o的/ude1雷霆/n；/wf他/rr留恋/v世界/n的/ude1最后/f一一/m缕/q目光/n变成/v了/ule耀眼/a的/ude1闪电/n；/wf他/rr的/ude1两/m段/q眼睛/n升/v一/m-/n子/ng天空/n，/wd左眼/n变成/v，/wd光辉/a夺目/a的/ude1太阳/n，/wd照耀/v着/uzhe白天/t；/wf右眼/n变成/v子/ng美丽/a洁白/z的/ude1月亮/n，/wd照耀/v着/uzhe黑夜/n；/wf他/rr的/ude1手足/n四肢/n和/cc身躯/n变成/v子/ng东/f、/wn西/b、/wn南/b、/wn北/f四边/n力/n和/cc高耸/v人/n云/vg的/ude1五岳/n一一一/m泰/b。/wj
乒/n霍/nr1、/wn恒山/nr2、/wn崇高/a；/wf他/rr周身/n流动/vn的/ude1血液/n变成/v了/ule奔涌/vi不息/vi的/ude1江河/n湖/n海/n；/wf他/rr遍布/v全身/n的/ude1筋脉/n变成/v大地/n上/f纵横交错/vl、/wn四通八达/vl的/ude1道路/n；/wf他/rr全身/n的/ude1肌肉/n变成/v子/ng孕育/v万物/n的/ude1良田/n沃土/n；/wf他/rr的/ude1头发/n和/cc胡须/n飞/vi上/f天空/n。/wj
变成/v了/ule亮品晶/nr的/ude1星辰/n；/wf他/rr的/ude1牙齿/n．/w
骨骼/n和/cc骨髓/n．/w
变成/v，/wd各种/rz闪光/n的/ude1金属/n、/wn坚硬/a的/ude1石头/n、/wn温润/a的/ude1玉石/n、/wn圆/vg亮/a的/ude1珍珠/n；/wf他/rr的/ude1皮肤/n和/cc汗毛/n变成/v覆盖/v天地/n的/ude1花/n革/vg树木/n；/wf就/d连/ulian他/rr的/ude1汗水/n也/d变成/v了/ule滋润/a万物/n的/ude1甘霖/n和/cc雨露/n。/wj
蕊/ng占用/v他/rr全部/m的/ude1精神/n和/cc力量/n创造/v子/ng天/n和/cc地/n，/wd死/v后/f又/d化为/v了/y了/ule万物/n，/wd才/d使/v整个/b世界/n变/v得/ude3丰富多彩/vl，/wd绚/ng两/m多/m姿/ng，/wd无比/z美丽/a。/wj
盘古/nr死/v了/ule之后/f，/wd大地/n上/f出现/v了/ule一/m位/q伟大/a的/ude1女神/n，/wd名叫/v女娲/n。/wj
她/rr有着/v一/m张/q美丽/a的/ude1人/n脸/n，/wd苗条/a的/ude1蛇/n的/ude1身子/n，/wd一/m天/qt能/v变/v七十/m多/m次/qv。/wj
女娲/nr在/p莽莽/z的/ude1天地/n问/v行走/vi着/uzhe、/wn观看/v着/uzhe。/wj
美丽/a的/ude1空中/s，/wd日月星辰/n交相辉映/vl，/wd自云/nr2在/p瓦蓝/z的/ude1天空/n飘忽/vi；/wf广阔/a的/ude1土地/n上/f，/wd山川/n秀丽/a，/wd繁花似锦/bl，/wd虫/n鸟/n争鸣/vi。/wj
和风/n吹拂/v着/uzhe她/rr的/ude1长发/n，/wd细雨/n滋润/v着/uzhe她/rr美玉/n般/uyy的/ude1面颊/n。/wj
女娲/nr感到/v无比/z的/ude1欣慰/an和/cc喜悦/an，/wd可是/c渐渐/d地/ude2，/wd她/rr觉得/v不/d满足/v了/y。/wj
她/rr总/d觉得/v这/rzv大地/n上/f还/d缺少/v点/qt什么/ry，/wd使/v她/rr感到/v寂寞/an和/cc孤独/an。/wj
她/rr要/v给/p这/rzv世界/n再/d添/v点/qt东西/f，/wd让/v整个/b世界/n充满/v生机/n和/cc繁荣/an。/wj
可是/c添/v点/qt什么/ry才/d好/a呢/y?/ww
女娲/nr一边/d走/v着/uzhe一/m边/k想/v着/uzhe，/wd不/d觉/v走/v到/v了/ule黄河/ns边/k，/wd她/rr感到/v有/vyou点/qt疲倦/a了/y，/wd便/d在/p河边/s坐/v了/ule下来/vf。/wj
她/rr一边/d看/v着/uzhe河水/n中/f自己/rr的/ude1倒影/n，/wd一边/d随/v手/n捧/v起/vf一/m把/pba黄土/n不经意/a地/ude2捏/v着/uzhe捏/v着/uzhe。/wj
忽然/d她/rr灵机一动/vl，/wd世间/n什么样/ryv的/ude1生物/n都/d有/vyou了/y，/wd唯独/d没有/d像/v自己/rr一样/uyy的/ude1生物/n这/rzv才/d使/v她/rr感到/v如此/rzv的/ude1孤独/an和/cc寂寞/an。/wj
那么/c，/wd为什么/ryv不/d创造/v一些/mq像/v自己/rr一样/uyy有/vyou生命/n的/ude1东西/n呢/y?/ww
想/v着/uzhe想/v着/uzhe，/wd她/rr便/d将/p手中/s的/ude1黄土/n仿/x照/v自己/rr的/ude1形貌/n捏/v出/vf一个/mq像/v娃娃/n样/u的/ude1小/a东西/n。/wj
她/rr把/pba这/rzv小/a东西/n放/v到/v地上/s，/wd说/v也/d奇怪/v，/wd这/rzv小/a东西/n一/m接触/vn地面/n，/wd居然/d会/v直立/v行走/vi，/wd能/v说话/vi。/wj
他/rr说/v的/ude1第一/m句/q话/n就是/v对/p着/uzhe女娲/n叫/vi"/x妈妈/n"/x。/wj
女娲/nr看/v着/uzhe这/rzv美丽/a聪明/a的/ude1小/a生物/n，/wd又/d听到/v他/rr叫/vi"/x妈妈/n"/x的/ude1喊声/n，/wd真是/d又惊又喜/vl。/wj
她/rr赶忙/d又/d捧/v起/vf泥土/n不停/v地/ude2捏造/v出来/vf。/wj
不一会儿/bl，/wd一/m群/q可爱/a的/ude1小/a娃娃/n就/d出现/v在/p她/rr的/ude1周围/f。/wj
娃娃/n们/k围绕/v着/uzhe女娲/n欢乐/a地/ude2蹦/v着/uzhe、/wn跳/vi着/uzhe、/wn笑/v着/uzhe，/wd"/x妈妈/n、/wn妈妈/n"/x地/n叫/vi个/q不/d停/vi。/wj
女娲/n高兴/a极了/u，/wd开怀/d地/ude2大/d笑/v起来/vf，/wd她/rr再也/d不/d感到/v寂寞/an和/cc孤独/a了/y。/wj
女/b蜗/x给/p这些/rz聪明/a美丽/a的/ude1小/a生命/n起名/vi蚋/x做/v"/x人/n"/x。/wj
人/n就是/d能/v直立/v行走/vi的/ude1意思/n。/wj
女/b蜗/x决定/n让/v充满/v聪明/a智慧/n、/wn能/v说/v活/a，/wd会/v直立/v行走/vi的/ude1"/x人/n"/x做/v世界/n的/ude1主人/n，/wd管理/vn世界/n上/f的/ude1万物/n，/wd为/p让/v人/n充满/v大地/n，/wd女娲/nr不停/v地/ude2揉/v啊/e捏/v啊/y。/wj
可是/c世界/n太/d大/a子/ng，/wd当/p她/rr造/v的/ude1人/n四/m散/v在/p辽阔/a的/ude1大地/n上/f的/ude1时候/n，/wd还是/c少/v得/ude3可怜/a，/wd而/cc她/rr却/d感到/v疲劳/an不堪/v，/wd这时/rzt，/wd她/rr想/v出/vf，/wd一个/mq绝妙/a的/ude1好/a办法/n。/wj
女/b崖/ng上/f扯/v下/vf一/m根野藤/nrf，/wd把/pba野/b骆/nr1伸/v迸/vi黄河/ns里/f，/wd搅/v起/vf黄/nr1泥浆/n，/wd然后/c将/p野藤/nr提起/v用力/ad向/p地面/n一/m挥洒/v，/wd强/ad刻/v，/wd无数/m溅/v落/v在/p地上/s、/wn泥/n点/qt都/d变成/v了/ule欢蹦乱跳/bl的/ude1人/n．/w
用/p这种/r办法/n创造/v人/n，/wd又/d快/a又/d省事/a藤条/n挥/v，/wd就/d有/vyou一/m大/a群/q人/n出现/v．/w
不久/m，/wd大地/n就/d布满/v把/pba人类/n的/ude1踪迹/n。/wj
大地/n上/f布满/v人类/n，/wd可/c是/vshi人类/n是/vshi要/v死/a的/ude1。/wj
怎样/ryv才/d能/v让/v人类/n绵延/vi不/d绝/d地/ude2发展/v下去/vf呢/y?/ww
女娲/nr又/d在/p动脑筋/vi后来/t终于/d给/p她/rr想/v出/vf一个/mq办法/n：/wm就是/v把/pba人类/n分成/vi男女/n，/wd让/v男人/n和/cc女人/n婚配/vn，/wd生儿育女/vl，/wd他们/rr自己/rr担负/v起/vf创造/v后代/n的/ude1责任/n。/wj
从此以后/dl人类/n就/d，/wd一代/n一代/n地/ude2传/v下来/vf，/wd绵延/vi不/d绝/ag，/wd并且/c愈来愈/d多/a。/wj
女娲/nr创造/v了/ule人类/n之后/f，/wd许多/m年/qt平静/ad无/v事/n。/wj
人类/n自由自在/al地/ude2在/p大地/n上/f劳动/vi、/wn生活/vn。/wj
不料/d有/vyou一年/m，/wd天地/n发生/v了/ule可怕/a的/ude1变化/vn，/wd一/m场/qv灾难/n陡然/d降临/vi人间/n。/wj
支撑/v着/uzhe天/n的/ude1东/f、/wn西/b、/wn南/b、/wn北/f四/m边/k的/ude1天/qt柱/ng毁坏/v了/y，/wd造成/v天/qt崩/v地/ude2裂/v。/wj
天/qt，/wd露出/v了/ule一个/mq一个/mq的/ude1大/a窟窿/n，/wd不能/v再/d覆盖/v大地/n；/wf大地/n九州/n--/d冀州/ns、/wn兖州/ns、/wn青州/ns、/wn徐州/ns、/wn扬州/ns、/wn荆州/ns、/wn豫州/nr2、/wn梁州/nr2、/wn雍州/nr2等/udeng地/n的/ude1地面/n断裂/vi，/wd塌陷/vi成/v一/m道/qv一/m道/qv的/ude1深/a壑/ng鸿沟/n。/wj