女娲/nr怕/v补/v好/a后/f的/ude1天/qt还/d会/v坍塌/vi，/wd就/d杀/v了/ule一/m只/q大/a鳌/ng，/wd斩/v下/vf它/rr的/ude1四/m足/ng当作/v天/qt柱/ng撑/v在/p天/qt的/ude1四方/n。/wj
从此/d之后/f，/wd天/n稳稳当当/z地/ude2坐/v在/p四/m根/q结实/a的/ude1天/qt柱/ng上/f，/wd再/d也/d没有/d发生/v坍塌/vi的/ude1事故/n了/ule补/v好/a了/ule天/qt，/wd女娲/n又/d赶到/v冀州/ns，/wd杀死/v那/rzv条/q作恶多端/vl的/ude1黑/a龙/n，/wd逐/vg走/v那些/rz吃/v人/n的/ude1凶/a禽/ng猛/x兽/ng，/wd使/v人类/n不/d雨/vg受到/v禽兽/n的/ude1残害/v。/wj
现在/t就/d要/v治理/v那/rzv浪涛/n滚滚/z的/ude1大/a洪水/n了/y。/wj
女娲/nr走遍/v了/ule神州/n大地/n，/wd把/pba所有/b芦苇/n都/d集中/v起来/vf燃烧/v成/v灰/ag，/wd堆积/v起来/vf，/wd堵塞/v那/rzv滔/vg天/qt的/ude1洪水/n，/wd填平/v了/ule被/pbei洪水/n冲/v开/v的/ude1沟沟壑壑/n。/wj
洪水/n被/pbei止住/v了/y，/wd大地/n又/d恢复/v了/ule原来/b的/ude1面貌/n。/wj
女娲/nr为了/p人类/n的/ude1生活/vn更/d丰富/a更/d愉快/a，/wd又/d创造/v了/ule一/m种/q形状/n像/v凤/nr1鸟/n的/ude1乐器/n--/q笙/n簧/n。/wj
笙/n簧/n用/p葫芦/n做成/v，/wd里面/f插/v上十/m三/m只/q管子/n，/wd吹奏/v起来/vf发现/v悠扬/a悦耳/a的/ude1乐声/n。/wj
她/rr把/pba这/rzv乐器/n送给/v人类/n，/wd教会/v他们/rr演奏/v的/ude1方法/n。/wj
人类/n有/vyou了/ule这/rzv乐器/n为/p伴/v，/wd果然/c生活/vn得/ude3比/p以前/f更加/d愉快/a、/wn欢乐/a了/y。/wj
女娲/n把/pba天地/n修补/v好/a后/f，/wd世界/n上/f又/d相安无事/vl很/d多/m年/qt。/wj
可是/c后来/t，/wd这/rzv宁静/a和平/n的/ude1局面/n被/pbei一/m场/qv可怕/a的/ude1恶战/n破坏/v了/y。/wj
交战/vi的/ude1双方/n一个/mq是/vshi统治/v宇宙/n的/ude1黄帝/n后裔/n天/qt帝/ng颛/x顼/x，/wd一个/mq是/vshi统治/v地上十分/s之/uzhi七/m水域/n的/ude1水/n神/n共/d工/ag。/wj
共/b工/n是/vshi炎帝/nr后裔/n火/n神/n祝融/nr的/ude1儿子/n，/wd生/v着/uzhe人/n的/ude1脸/n，/wd蛇/n的/ude1身子/n．/w
披/v着/uzhe一/m头/q火/n样/u的/ude1红/a发/v，/wd性情/n暴烈/a。/wj
共/b工/n不/d甘心/v屈居/v于/p颛/x顼/x之下/f称/v臣/ng，/wd久/ad想/v抢夺/v天/qt帝/ng的/ude1宝座/n。/wj
共/d工/ag手下/n有/vyou两/m员/q大将/n，/wd一个/mq叫/vi浮游/vi，/wd相/d柳/ng。/wj
那相柳/nr也/d是/vshi人/n面/q蛇/n身/ng，/wd浑身/n青色/n，/wd长/v着/uzhe九/m个/q脑袋/n，/wd同时/c要/v吃/v九/m座/q山/n上/f的/ude1东西/n。/wj
共/d工/ag还有/v一个/mq儿子/n，/wd本事/n不/d大/a，/wd却/d也/d有/vyou和/p他/rr父亲/n一样/uyy的/ude1野心/n。/wj
共/d工/ag和/cc他/rr的/ude1部下/n经过/p一番/mq筹/v谋/v之后/f，/wd就/d率领/v浩浩荡荡/al的/ude1队伍/n，/wd向/p颛/x项/q发动/v了/ule突然/a的/ude1进攻/vn。/wj
颛/x顼/x对/p共/b工/n的/ude1野心/n早/ad有/vyou警惕/an，/wd即刻/d带兵/vi相/d迎/v。/wj
这/rzv场/qv争斗/vi十分/m激烈/a，/wd双方/n都/d把/pba自己/rr的/ude1所有/b兵力/n和/cc智谋/n使/v了/ule出来/vf。/wj
他们/rr从/p天上/s打/v到/v地下/s，/wd又/d从/p地/n下/f打/v到/v西方/s的/ude1不周/a脚下/f。/wj
共/d工/ag掀起/v狂/a波/n恶/ag浪/n，/wd用/p水/n去/vf攻/v颛/x顼/x一/m方/q，/wd颛/x项/q则/d放出/v熊熊/z的/ude1神/n火/n去/vf烧/vi共/d工/ag一/m方/q。/wj
终于/d，/wd共/d工/ag一/m方/q敌/ng不过/d颛/x顼/x，/wd九/m头/q相/d柳/ng被/pbei当场/d烧/vi死/v。/wj
浮游/vi被/pbei烧/vi得/ude3焦头烂额/al，/wd拼死/d冲/v出/vf火/n围/v，/wd忍痛/d逃/v到/v淮/n水/n。/wj
一头/d扎/v进/vf水/n里/f，/wd终/d因/p伤势/n过重/v死/v了/y。/wj
他/rr死/v后/f还/d不/d甘心/v，/wd化/v成/v了/ule一/m头红熊/nr，/wd后来/t跑/v进/vf晋平公/nr的/ude1屋子/n，/wd把/pba晋/b平/v公/ng吓/v得/ude3生/v了/ule一/m场/qv大/a病/n。/wj
共/b工/n本来/d就/d没有/d多/a大/a本事/n的/ude1儿子/n在/p战争/n中/f被/pbei乱/v刀/n砍/v死/v，/wd后/f化为/v厉鬼/n，/wd常/d在/p人间/n作/v崇/ag。/wj
因为/p这/rzv鬼/n怕/v红豆/n，/wd又/d死/v在/p冬天/t，/wd所以/c人们/n常/d在/p冬至/t这天/rzt煮/v红豆/nz粥/n来/vf驱邪/vi。/wj
他/rr一/m见/v红豆/nz粥/n就/d远远/d地/ude2跑/v开/v了/y。/wj
共/d工/ag的/ude1大部分/m人马/n，/wd死/v的/ude1死/a，/wd伤/v的/ude1伤/n。/wj
一向/d高傲/a成/v性/k不可一世/vl的/ude1共/d工/ag，/wd见/v大势已去/vl，/wd不由/d又/d怒/vg又/d恼/v，/wd猛/x地头/s向/p不周/a山/n撞/v去/vf。/wj
只/d听/v得/ude3轰隆隆/o、/wn哗啦啦/o一/m声响/n，/wd不/d剧/dg顿时/d被/pbei撞/v成/v两/m截/q，/wd倒塌/v下来/vf。/wj
不周/a山/n这/rzv一/m倒/vi，/wd使/v整个/b宇宙/n发生/v一/m场/qv大/a的/ude1变动/vn。/wj
原来/d这/rzv不周/a乃是/v西方/s撑/v天/qt的/ude1一/m根/q柱子/n，/wd很/d可能/v就/d是/vshi女娲/n时代/n用/v来/vf撑/v天/qt的/ude1鳌/ng足/a变化/vn而/cc来/vf。/wj
撑/v天/qt柱/ng一/m倒/vi，/wd西/f北方/s的/ude1天/qt失去/v支撑/v，/wd倾斜/vi下来/vf，/wd天空/n的/ude1太阳/n、/wn月亮/n，/wd星辰/n站/vi不/d住/vi脚/n，/wd不由自主/dl地/ude2向/p西/b移动/vn。/wj
这样/rzv就/d成/v子/ng我们/rr今天/t所/usuo见到/v的/ude1"/x月/n星辰/n的/ude1运行/vn。/wj"/x
不周/a山/n倒下/v引起/v子/ng强烈/a的/ude1地震/n，/wd使/v大地/n的/ude1东南/f部分/m沉陷/v下去/vf。/wj
从此/d大/a川/b小河/n的/ude1水/n，/wd总是/d夜/tg不息/vi地/ude2向/p东方/s流/v去/vf，/wd成/v子/ng我们/rr今天/t所/usuo见/v的/ude1海洋/n，/wd颛/x顼/x所/n统治/vn的/ude1宇宙/n．/w
经/p共/b工/n这么/rz一/m折腾/v，/wd虽然/c打破/v了/ule女娲/n时代/n的/ude1宁静/a和平/n，/wd却/d也/d改变/v颛/x顼/x时代/n的/ude1死气沉沉/al。/wj
你/rr看/v，/wd日月星辰/n每天/r从/p东方/s升起/v，/wd向/p西方/s落/v，/wd去/vf而/cc复/dg来/vf。/wj
天气/n分成/vi春/tg、/wn夏/tg、/wn秋/tg、/wn冬/tg，/wd依/v着/uzhe顺/a宇/ng循环/vd不已/vi。/wj
江/nr1、/wn湖/n、/wn河水/n急急忙忙/z地/ude2奔/v向/p东方/s，/wd大海/n则/d敞开/v胸怀/n，/wd容纳/v百/m川/ng汇集/v而/cc来/vf的/ude1水流/n。/wj
世界/n变/v得/ude3又/d奇妙/a又/d生动/a。/wj
至于/p那/rzv被/pbei撞/v倒/vi的/ude1不/d周/qt，/wd原本/d"/x不/d剧/n"/x，/wd只/d因/p被/pbei共/d工/ag撞倒/v后/f、/wn体/n残缺不全/al，/wd人们/n才/c它/rr"/x不周/a"/x的/ude1。/wj
雷公/n在/p高/a高/a的/ude1天空/n飞来/v飞/vi去/vf，/wd一面/d扯/v起/vf闪电/n，/wd炸/v起/vf响/v雷/n，/wd一面/d督促/v风/n伯雨/nr2师/ng刮/v起/vf风/n，/wd下/f起/vf雨/n。/wj
大地/n上/f的/ude1花草/n、/wn树木/n、/wn庄稼/n，/wd池塘/n里/f的/ude1鱼儿/n、/wn青蛙/n，/wd一齐/d张/q大/a了/ule嘴/n，/wd贪婪/a地/ude2吮吸/v着/uzhe凉丝丝/z的/ude1雨水/n，/wd舒心/a极了/u，/wd很快/d就/d长/a高/a、/wn长大/vi了/ule一/m截/q。/wj
雷公/n看看/v雨/n下/f得/ude3差不多/al了/y，/wd再/d下/f就/d要/v涝/vi了/y，/wd就/d命/vg风/n伯雨/nr2师/ng收起/v风雨/n．/w．/w
他/rr自己/rr也/d收起/v雷电/n去/vf休息/v了/y。/wj
大地/n多亏/v有/vyou了/ule雷公/n的/ude1照顾/vn，/wd一年四季/al风调雨顺/vl，/wd庄稼/n年/qt年/qt获得/v丰收/vi。/wj
人们/n并/cc没有/d忘/v了/ule雷公/n，/wd每当/p丰收/vi之后/f，/wd家家/q宰/v猪/n杀/v羊/n，/wd供奉/v雷公/n。/wj
雷公/n满意/v地/ude2享受/v着/uzhe人间/n供奉/v的/ude1美/b昧/v佳肴/n。/wj
这/rzv一年/m，/wd有/vyou一/m个/q村子/n里/f不知/v是/vshi猪/n都/d发病/vi死/v了/y，/wd还是/c别的/rzv原因/n，/wd一律/d用/p狗头/n代替/v猪头/n供奉/v雷公/n。/wj
雷/n公认/v为/p受/v了/ule欺骗/vn，/wd勃然大怒/vl，/wd决定/v向/p人类/n进行/vx报复/vn，/wd他/rr命令/v风/n伯雨/nr2师/ng不准/v再/d刮风/vi下雨/vi。/wj