蚩/b尤/vg兄弟/n铜/n头/q铁/n额/n，/wd人马/n强悍/an；/wf黄帝/nr军队/n神/n勇超人/nr，/wd计谋/n多端/n。/wj
真是/d棋/n逢/v对手/n，/wd直/d杀/v得/ude3天昏地暗/al，/wd难/ad分/v难/ad解/v。/wj
蚩/b尤/d一面/d指挥/v作战/vi，/wd一面/d暗中/d驱动/v千/m万/m只/q虎狼/n冲/v人/n黄帝/nr军队/n猛/x扑/v狂/dg咬/vi。/wj
黄帝/nr一/m见/v，/wd连忙/d放出/v熊/nr1、/wn罴/x、/wn貔/x、/wn貅/x、/wn豸/x区/n等/udeng神/n兽/ng，/wd迎/v住/vi虎狼/n撕/v咬/vi。/wj
经过/p一/m场/qv残酷/a的/ude1兽/ng战/ng，/wd蚩/b尤/d的/ude1虎狼/n被/pbei全部/m咬/vi死/v，/wd黄帝/nr的/ude1神/n兽/ng也/d死伤/v大半/m。/wj
蚩/b尤/d伤心/a得/ude3捶胸顿足/vl，/wd大/a嘴/n一/m张/q，/wd喷/v出/vf团团/d黑/a雾/n，/wd漫天/z铺/v地/n，/wd把/pba黄帝/nr军队/n笼罩/v在/p雾/n中/f。/wj
黄帝/nr军队/n被/pbei困/vi在/p茫茫/z浓雾/n中/f，/wd辨/vg不/d清/a方向/n，/wd认/v不/d出/vf是/vshi敌人/n还是/c自己/rr人/n，/wd完全/ad失去/v了/ule战斗力/n。/wj
蚩/b尤/vg军队/n则/c在/p浓雾/n掩盖/v下/f，/wd冲/v进/vf黄帝/n军队/n猛/x砍/v猛/x杀/v。/wj
只/d听/v一/m片/q惨/a叫声/n，/wd成批/b的/ude1人马/n倒/vi_/x下去/vf。/wj
黄帝/nr发出/v一/m声/qv长啸/v，/wd抛/v出/vf一/m首/q金光/n，/wd在/p自己/rr军队/n周围/f筑/v起/vf一/m道/qv气/n墙/n。/wj
蚩/b尤/vg军队/n再/d向前/vi冲/v时/ng。/wj
像/p碰到/v铜墙铁壁/nl般/uyy被/pbei挡/v了/ule回来/v。/wj
黄帝/nr军队/n暂时/d完全/a了/y，/wd但/c还/d是/vshi无法/v冲/v出/vf浓雾/n。/wj
正当/p黄帝/nr急/v得/ude3无/v法/b的/ude1时候/n，/wd一/m眼/q瞥见/v风/n后/f--/d他/rr手下/s最/d聪明/a的/ude1大臣/n在/p战车/n上/f打/v磕/v睡/v，/wd不由/d怒斥/v道/v：/wm"/x这/rzv是/vshi什么/ry时候/n了/y，/wd你/rr还/d有/vyou心思/n睡觉/vi!/wt"/x
风/n后/f睁/v开/v朦胧/a的/ude1双/m眼/q辩解/vi说/v：/wm"/x我/rr哪/ry是/vshi在/p睡觉/vi，/wd我/rr是/vshi在/p想/v办法/n呀/y!/wt"/x
黄帝/nr说/v：/wm"/x你/rr想/v出/vf了/ule什么/ry办法/n?/ww
快/d说/v出/vf来/vf看看/v行/ng不行/a。/wj"/x
风/n后/f说/v：/wm"/x天上/s的/ude1北斗星/nz能/v依/v着/uzhe时序/n的/ude1不同/a，/wd变换/v方向/n，/wd使/v斗/v柄/ng永远/d指/v着/uzhe北方/s。/wj
我们/rr如果/c能/v造/v出/vf一/m种/q东西/n，/wd不管怎样/dl转动/v永远/d指/v着/uzhe个/q方向/n，/wd不/d就/d解决问题/n子/ng吗/y?/ww"/x
黄帝/nr和/cc诸/rz神/n鬼/n听/v他/rr说/v得/ude3有/vyou理/n，/wd都/d催促/v他/rr赶快/d做/v出来/vf，/wd风/n后/f立即/d运用/v他/rr的/ude1神力/n，/wd做/v一/m?/ww
辆/q车子/n。/wj
车/n上/f站/vi着/uzhe一个/mq铁/n制/k小/a仙人/n，/wd伸出/v手臂/n，/wd指向/v南方/s。/wj
认清/v了/ule南方/s，/wd其它/rz东西/n北/f三/m方/q就/d好/a辨/vg记/ng子/ng．/w
这/rzv辆/q带/v着/uzhe手指/n南方/s的/ude1小/a仙人/n的/ude1车子/n，/wd风/n后/f叫/vi它/rr"/x指南车/n"/x，/wd靠/v着/uzhe指南车/n的/ude1指/v弓/n，/wd黄帝/nr领/v着/uzhe神/n鬼/n犬/ng军/n，/wd终于/d冲/v出/vf大雾/n的/ude1重/a匿/vg|/x．/w
蚩/b尤/d见/v大雾/n困/vi不住/d黄帝/nr大军/n，/wd便/d调/v来/vf魑/x魅/x、/wn神/n光/d鬼/a、/wn魍/x魉/x等/udeng妖魔鬼怪/nl上阵/vi。/wj
魑/x魅/x长/v着/uzhe兽/ng身/ng人脸/n，/wd四/m只/q脚/n。/wj
神/n媲/x也/d是/vshi兽/ng身/ng人脸/n，/wd却/d只/d有/vyou一/m手/n一/m脚/q，/wd走/v起/vf路/n来/vf跳/vi呀/y跳/vi的/ude1，/wd却/d是/vshi飞快/z。/wj
魉/x魉/x像/v个/q三/m岁/qt的/ude1小/a娃娃/n，/wd全身/n黑红/z，/wd披/v着/uzhe人/n长/a又/d黑/a的/ude1美发/vn，/wd长长的/z耳朵/n，/wd红红/nr2的/ude1眼/n情/n。/wj
这/rzv蔓/ng种/v妖怪/n冲/v进/vf黄帝/n的/ude1军队/n，/wd刮/v起/vf阵阵/q阴风/n，/wd掀起/v层层/q迷雾/n，/wd发出/v妖/x声/n怪/a气/n：/wm魑/x魅/x的/ude1声音/n如同/v女子/n的/ude1轻/a歌/n曼/ag吟/v，/wd情/n迷/ng迷/ng，/wd软绵绵/z；/wf神/n媲/x的/ude1声音/n如/c极富/v感染力/n的/ude1长长的/z呵欠/n；/wf魍/x魉/x学/v着/uzhe人/n窃/dg窃/vg细语/n的/ude1声音/n迷惑/an人/n。/wj
黄帝/nr的/ude1二/m兵/n个个/q如同/v灵魂/n出/vf窍/ng，/wd昏昏沉沉/z，/wd痴/ad痴迷/v迷/ng，/wd打/v着/uzhe呵欠/n，/wd飘飘/v忽忽/d，/wd不由自主/dl地/ude2走向/v魑/x魅/x、/wn神魄/n、/wn魍/x魉/x跟前/f被/pbei吃/v掉/v。/wj
黄帝/nr和/cc诸/rz神/n大吃一惊/vl，/wd他们/rr自己/rr也/d直/d觉得/v心烦意乱/vl、/wn神/n昏/tg目/ng迷/ng。/wj
黄帝/nr连忙/d运用/v神力/n，/wd稳定/v自己/rr和/cc渚/x神/n，/wd但/c却/d帮/v不/d上/vf兵/n的/ude1忙/a。/wj
眼看/v着/uzhe士兵/n大/a批/q被/pbei吃/v掉/v，/wd只/d急/v得/ude3四/m张/q脸/n流下/v豆/n大/a的/ude1汗珠/n、/wn正/d置/v黄帝/n焦急/an万分/d的/ude1时候/n，/wd天神/n噢/e诟/x抓/v求/v一个/mq魑/x魅/x。/wj
黄帝/nr立即/d审问/v：/wm"/x快/d说/v你们/rr最/d怕/v什/ng幺/x，/wd否则/c将/p你/rr碎/v尸/ng万/m段/q，/wd受尽/v痛苦/an。/wj"/x
那/rzv魑/x魅/x被/pbei捆/v着/uzhe四肢/n，/wd战战兢兢/dl地/ude2说/v：/wm"/x我/rr、/wn我们/rr最/d怕/v龙/n吟/v"/x声音/n仍/d是/vshi那样/rzv柔媚/an动听/a。/wj
黄帝/nr立即/d命令/v全军/n用/p牛角/n奋力/d吹/v出/vf龙吟/nr之/uzhi声/ng。/wj
牛角/n吹/v出/vf的/ude1龙吟/nr之/uzhi声/ng，/wd深沉/a激越/a，/wd划破/v昏暗/a的/ude1天空/n，/wd在/p四面八方/nl响起/v。/wj
直/d吓/v得/v魑/x魅/x、/wn神/n蜿/x、/wn魍/x魉/x骨/ng酥/a腿/n软/a，/wd瘫/vi倒/vi在/p地/n，/wd动弹/vi不得/vi。/wj
黄帝/nr的/ude1士兵/n顿时/d脑/n清/tg目/ng明/ag，/wd精神/n大/a振/vg，/wd挥舞/v刀/n斧/ng，/wd如/v旋风/n似/u地/ude2冲/v上去/vf，/wd将/p所有/b的/ude1魑/x魅/x、/wn神/n煺/x、/wn魍/x魉/x全部/m杀死/v。/wj
黄帝/nr又/d叫/vi神龙/n应/v龙/n上阵/vi，/wd降/v大雨/n淹/v倒/vi蚩/b尤/vg军队/n。/wj
应/v龙/n展/vg起/vf双/m翅/ng，/wd腾飞/vi空中/s，/wd还/d没/d摆/v出行/vn云/n布/vg雨/n的/ude1架势/n。/wj
蚩/b尤/d请/v来/vf的/ude1风/n伯雨/nr2师/ng已/d抢先/vd刮/v起/vf狂风/n，/wd下/f起/vf暴雨/n，/wd使/v应/v龙/n无法/vd施展/v自己/rr的/ude1本领/n。/wj
狂风暴雨/nl直/d打/v得/ude3黄帝/n的/ude1士兵/n眼/n睁/v不/d开/v，/wd脚/n站/vi不/d稳/a，/wd立即/d溃/vg不成/v军/n。/wj
天女/n旱/a魃/x黄帝/n见/v应/v龙/n不/d抵/v事/n，/wd就/d调/v来/vf自己/rr的/ude1女儿/n魃/x。/wj
魃/x是/vshi旱/a神/n，/wd模样/n极/d丑/a，/wd秃头/n，/wd眼睛/n长/a在/p头/n上/f，/wd空/v着/uzhe青衣/n，/wd住/vi在/p系/v昆山/ns的/ude1共/b工/n之/uzhi台上/s。/wj
魃/x浑身/n散发/v出/vf温度/n极/d高/a的/ude1热量/n，/wd刹/v时间/n风/n停/vi雨/n止/v，/wd烈日当空/vl．/w
阵阵/q热浪/n向/p蚩/b尤/vg军队/n袭/v去/vf，/wd蚩/b尤/vg军队/n如/c置身/v于/p火炉/n之中/f。/wj
黄帝/nr乘机/d指挥/v大军/n掩/v杀/v过去/vf，/wd直/d杀/v得/ude3蚩/b尤/vg军队/n落荒而逃/al，/wd一直/d追/v杀/v了/ule数百/m里/q方才/d收兵/vi。/wj
然而/c可怜/v的/ude1天女/n魃/x，/wd在/p帮助/v父亲/n完成/v驱散/v风雨/n任务/n之后/f，/wd因为/c散发/v的/ude1热量/n过/uguo多/a过/uguo猛/x，/wd神力/n大/d减/v，/wd再/d也/d不/d能/v上/f天/qt了/y。/wj
只/d得/v在/p地上/s游荡/vi来/vf游荡/vi去/vf。/wj
她/rr所到之处/nl滴/v雨/n全/d无/v、/wn赤/ag地/n千/m里/q。/wj
人民/n遭受/v她/rr的/ude1灾害/n，/wd非常/d痛恨/v她/rr，/wd称/v她/rr为/v旱/a魃/x，/wd想/v办法/n驱逐/v她/rr，/wd把/pba她/rr赶来/vi赶/v去/vf。/wj