黄帝/nr和/cc蚩/b尤/d已/d打/v了/ule九/m仗/q，/wd还是/c不/d能/v取胜/vi，/wd心中/s很/d是/vshi烦恼/an。/wj
这/rzv一/m天/qt正/d昏/v昏睡/vn梦/n中/f，/wd忽/d见/v一个/mq人头/n鸟/n身/ng的/ude1仙女/n自/p天/n而/cc降/v，/wd自称/v"/x九天/n玄/a女/b"/x，/wd特/d来/vf帮/v他/rr。/wj
九/m天/qt玄/a女/b秘密/n传授/v给/p黄帝/nr一/m套/q兵法/n之后/f，/wd又/d叫/vi他/rr去/vf采/v像/v昆吾山/nrf的/ude1火/n一样/uyy红/a的/ude1铜/n铸成/v兵器/n。/wj
黄帝/nr醒来/vi，/wd默记/nr2兵法/n，/wd命/vg人/n立即/d采/v来/vf红铜/n，/wd铸成/v宝剑/n。/wj
宝剑/n锋利/a无比/z，/wd削/v铁/n如/v泥/n。/wj
黄帝/nr得了/vi九/m天/qt玄/a女/b传授/v的/ude1兵法/n，/wd又/d得/v了/ule宝剑/n，/wd打/v起/vf仗/n来/f果然/d不/d同/p往常/t，/wd只见/v他/rr威武/a地/ude2站/vi在/p战车/n上/f，/wd随着/p手中/s令旗/n的/ude1摆动/v，/wd军队/n忽/d分/v忽/d合/v，/wd忽东/nr忽/d西/f，/wd忽方/nr忽/d圆/a，/wd变化/v奠/vg测/v，/wd只/d打/v得/ude3蚩/b尤/vg军队/n蒙/b头/n转向/vi，/wd无所适从/vl。/wj
夸/v父/ng族/ng虽然/c勇/d猛/x，/wd究竟/d敌/vg不过/c黄帝/nr的/ude1谋略/n。/wj
黄铜/n做/v的/ude1宝剑/n更是/d锋利/a难/ad挡/v。/wj
畿/x尤/d军队/n彻底/ad被/pbei打败/v，/wd夸/v父/ng族人/n落荒而逃/al，/wd奔/v回/v北方/s自己/rr的/ude1老家/n去/vf。/wj
蚩/b尤/d的/ude1八十一/m个/q兄弟/n顽固/ad抵抗/v，/wd一个/mq个/q做/v了/ule剑/n下/f之/uzhi鬼/n。/wj
最后/f只/d剩下/v蚩/b尤/d一/m人/n，/wd正/d想/v逃走/v，/wd被/pbei应/v龙飞/nz身/ng赶上/v，/wd活活/d擒/v住/vi。/wj
对于/p蚩/b尤/d这个/rz造反/vi的/ude1元凶/n，/wd黄帝/nr当然/d不/d会/v放/v过/uguo他/rr。/wj
为/p防止/v逃跑/v，/wd把/pba他/rr的/ude1手/n和/cc脚/n枷/vg铐/v起来/vf，/wd在/p黎山之/nr丘/ng把/pba他/rr杀/v了/y。/wj
蚩/b尤/d死/v后/f，/wd他/rr身上/s的/ude1枷/vg铐/v被/pbei摘/v下/vf抛/v在/p大/a荒/ng之中/f，/wd沾满/v斑斑/z血迹/n的/ude1枷/vg铐/v，/wd顿时/d化作/v了/ule一/m片/q枫林/n，/wd那/rzv一/m片片/q鲜红/z鲜红/z的/ude1枫叶/n，/wd似/vg在/p诉说/v着/uzhe蚩/b尤/d的/ude1怨恨/vn。/wj
黄帝/nr怕/v蚩/b尤/d死/v后/f还要/d作怪/vi，/wd便/d把/pba他/rr的/ude1身/ng首/m分开/vi：/wm头/n埋/v在/p山东/ns的/ude1寿/ng张/nr1县/n，/wd身子/n埋/v在/p山东/ns的/ude1钜/ng野/b县/n。/wj
寿/ng张/nr1县/n的/ude1坟/n里/f，/wd常常/d冒/v出/vf一/m股/q红色/n的/ude1雾气/n，/wd直/d冲/v云霄/n，/wd仿/x佛/n是/vshi一/m面/q旗帜/n，/wd当地人/n叫/vi它/rr作/v"/x蚩/b尤/vg旗/n"/x?/ww
那/rzv是/vshi因为/p蚩/b尤/d不/d甘心/v自己/rr的/ude1失败/vn，/wd还/d在/p愤恨/vn不已/vi，/wd怨气/n冲天/z哩/y。/wj
喜庆/vi胜利/vi旷日持久/al的/ude1黄帝/nr、/wn蚩尤之/nr战/vg终于/d结束/v。/wj
黄帝/nr亲自/d作/v了/ule一/m部/q乐曲/n叫/vi《/wkz栩/x鼓曲/n》/wky，/wd共/d分/v章/n：/wm一/m名/q"/x霄/nr1震惊/v"/x；/wf二/m名/q"/x猛/x虎/n骇/x"/x；/wf三/m名/q"/x鸷鸟/n击/vg"/x；/wf四/m名/q"/x龙/n媒/ng蹀/x"/x，/wd五/m名/q"/x灵/a夔/nr1吼/vi"/x；/wf六/m名/q"/x雕/vg鹗/ng争/v"/x；/wf七/m名/q"/x壮士/n奋/vg"/x；/wf八/m名/q"/x熊/n罴/x哮/x"/x；/wf九/m名/q"/x石/ng荡/v崖/ng"/x；/wf十/m名/q"/x波/n荡/v壑/ng"/x。/wj
让/v名/q乐师/n演奏/vn，/wd并/cc伴/v以/p歌舞/n，/wd来/vf庆祝/v这/rzv次/qv战争/n的/ude1胜利/vn。/wj
刑/n天/qt原/d是/vshi一个/mq无/v名/q的/ude1巨人/n，/wd因/p和/cc黄帝/nr争/v神/n座/q，/wd被/pbei黄帝/nr砍/v掉/v了/ule脑袋/n，/wd这/rzv才/d叫/vi刑/n天/qt。/wj"/x
刑/n天/n"/x就是/v"/x砍/v头/n"/x的/ude1意思/n。/wj
当/p炎帝/nr还是/d统治/v全/a宇宙/n的/ude1天/qt帝/ng的/ude1时候/n，/wd刑/n天/qt是/vshi炎帝/nr手下/s的/ude1一/m位/q大臣/n。/wj
他/rr生平/n酷爱/v音乐/n，/wd曾为炎/nr帝/ng作/v乐曲/n，/wd作/v诗歌/n《/wkz丰收/vi》/wky，/wd总/b名称/n为/v《/wkz下/f谋/v》/wky，/wd以/p歌颂/v当时/t人民/n幸福/a快乐/a的/ude1生活/vn。/wj
后炎/nr2帝/ng被/pbei黄帝/nr推翻/v，/wd屈/vd居/v到/v南方/s做/v了/ule小/a小/a一/m名/q天/n帝/ng，/wd虽然/c炎/ng帝/ng忍气吞声/vl，/wd不/d敢/v和/cc黄帝/n抗争/vi，/wd但/c他/rr的/ude1子孙/n和/cc手/n下/f却/d不/d服气/vi。/wj
当/p蚩尤举/nr兵/n反抗/v黄帝/nr的/ude1时候/n，/wd刑/n天/qt曾/d想/v去/vf参加/v这/rzv场/qv战争/n，/wd只是/c因为/p炎帝/nr的/ude1坚决/ad阻止/v没有/d成行/vi。/wj
蚩尤/nr和/cc黄帝/n一/m战/vg成败/n，/wd蚩/b尤/d被/pbei杀/v死/v，/wd刑/n天/qt再/d也/d按捺不住/vl他/rr那/rzv颗/q愤怒/a的/ude1心/n，/wd于是/cc偷偷/d地/ude2离/v天/qt南方/f天廷/nr2，/wd径直/d奔/v向/p中央/n天廷/nr2，/wd去/vf和/cc黄帝/nr争/v个/q高低/n。/wj
刑/n天/qt左/f手/n握/v着/uzhe长方形/n的/ude1盾牌/n。/wj
右手/n拿/v着/uzhe一/m柄/q闪光/n的/ude1大/a斧/ng，/wd一路/mq过关/vi斩/v奖/n，/wd夺/v开/v重重/z大门/n，/wd直/d杀/v到/v黄帝/nr的/ude1宫/ng前/f。/wj
黄帝/nr正/d带领/v众/ag大臣/n在/p宫中/s观赏/v仙女/n们/k的/ude1轻歌曼舞/vl，/wd猛/x见/v刑/n天/qt挥舞/v斧/ng杀/v将/d过来/vf，/wd顿时/d大/a怒/vg，/wd拿/v起/vf宝剑/n就/d和/cc刑/n天/qt搏斗/vi起来/vf。/wj
两/m人/n剑/n刺/v斧/ng劈/x，/wd从/p宫内/f杀/v到/v宫/ng外/f，/wd从天廷/nr杀/v到/v凡间/s，/wd直/d杀/v到/v常/nr1羊/n山/n旁/f。/wj
常/nr1羊/n山/n是/vshi炎/ng帝/ng降生/vi的/ude1地方/n，/wd往/p北/f不/d远/a，/wd便是/v黄帝/nr诞生地/n轩辕/nr国/n。/wj
轩辕/nr国/n的/ude1人/n个个/q人脸/n蛇/n身/ng，/wd尾巴/n缠绕/v在/p头顶/n上/f。/wj
两/m个/q仇人/n都/d到/v了/ule自己/rr的/ude1故土/n，/wd因而/c战斗/vi格外/d激烈/a。/wj
刑/n天/qt想/v，/wd世界/n本/d是/vshi炎帝/nr的/ude1．/w
现在/t被/pbei你/rr窃取/v了/y，/wd我/rr一定/d要/v夺/v回/v来/vf。/wj
黄帝/nr想/v，/wd现在/t普/ag天下/n邦/ng安民/v乐/ng，/wd我/rr轩辕/n子孙/n昌盛/an，/wd岂/d容/v他人/rr染指/vi。/wj
于是/cc各/rz人/n都/d使/v出/vf浑身/n力量/n。/wj
恨不得/d能/v将/p对方/n一下/mq杀死/v。/wj
黄帝/nr到底/d是/vshi久经沙场/vl的/ude1老将/n，/wd又/d有/vyou九/m天/qt玄/a女/b传授/v的/ude1兵法/n，/wd便/d比/p刑/n天/qt多/m些/q心眼/n，/wd觑/v个/q破绽/n，/wd一/m剑/n向/p刑/n天/qt的/ude1颈/ng脖/ng砍/v去/vf，/wd只/d听/v"/x咔嚓/o"/x一/m声/qv，/wd刑/n天/qt的/ude1那/rzv颗/q像/v小/a一样/uyy的/ude1巨大/a头颅/n，/wd便/d从/p颈/ng脖/ng上/f滚/vi落/v下来/vf．/w
落/v在/p常/nr1羊/n脚下/f，/wd刑/n天一/n摸/v颈/ng脖/ng上/f没有/v子/ng头颅/n，/wd顿时/d惊慌/a起来/vf，/wd忙/v把/pba斧头/n移/v到/v握/v盾/q的/ude1左手/n，/wd伸出/v右手/n在/p地上/s乱/d摸/v乱/d抓/v。/wj
他/rr要/v寻找/v到/v他/rr那/rzv颗/q不屈/v的/ude1头颅/n，/wd安/v在/p颈/ng脖/ng上/f再/d和/cc黄帝/nr大战/n一番/mq。/wj
他/rr摸/v呀/y摸/v呀/y，/wd周围/f的/ude1大小/n谷/ng被/pbei他/rr摸/v了/ule个/q遍/qv，/wd参天/z的/ude1大树/n，/wd突兀/vi的/ude1岩石/n，/wd在/p他/rr右手/n的/ude1触摸/vn下/f，/wd都/d折断/v了/y，/wd崩塌/vi还是/c没有/d找到/v那/rzv颗/q头颅/n。/wj
他/rr只顾/d向/p远处/s摸/v去/vf，/wd却/d没/d想到/v头颅/n就/d在/p离/v他/rr不/d远/a的/ude1"/x脚下/f。/wj
黄帝/nr怕/v刑/n天真/a的/ude1摸/v到/v头颅/n，/wd恢复原/n身/ng又/d来/vf和/cc他/rr作/v剥/v，/wd连忙/d举起/v手中/s的/ude1宝剑/n向/p常/nr1羊/n!/wt