霄/nr1泽/ng里/f住/vi着/uzhe雷/n神/n，/wd雷/nr1神/n长/v着/uzhe人/n的/ude1头/n，/wd龙/n的/ude1身/ng。/wj
他/rr在/p心情/n好/a的/ude1时候/n，/wd湖水/n平静/an，/wd微波/n不/d起/vf；/wf当/p他/rr发怒/vi的/ude1时候/n，/wd就/d用/p尾巴/n敲/v着/uzhe肚皮/n，/wd发出/v"/x轰隆隆/o"/x的/ude1响声/n，/wd震动/v天地/n，/wd这/rzv就是/d打雷/vi。/wj．/w
这时/rzt，/wd湖面/n腾/v起/vf巨浪/n。/wj
天上/s乌云/n集聚/vn，/wd狂风/n怒吼/vi起来/vf，/wd大雨/n倾/vi盆/n而/cc下/vf。/wj
雷/n泽/ag附近/f地区/n就要/d遭/v水灾/n子/ng。/wj
雷/nr1神/n在/p雷泽/nrf住/vi厌/vg时/ng，/wd会/v到/v天上/s住/vi一阵子/mq。/wj
有时/d也/d会/v幻化/v为/p一/m个/q魁梧/a的/ude1男子/n，/wd到/v岸上/s游动/vi一番/mq。/wj
却/d说/v华/b胥国/nr自/p．/w
-/n个/q美丽/a的/ude1华/b胥/nr1姑娘/n。/wj
这/rzv一/m天/qt，/wd她/rr未/d像/p往常/t那样/rzv在/p天空/n翩翩/z而/cc行/vi，/wd也/d不/d在/p大山/n之间/f往返/vi驰/vg越/d，/wd丽/ag是/vshi对/p那/rzv条/q日夜/d奔腾/vi不息/vi的/ude1雷河/nr发生/v了/ule兴趣/n。/wj
她/rr沿着/p河岸/n一直/d向/p前/f走/v着/uzhe，/wd不知/v走/v。/wj
多/m长/a的/ude1时间/n，/wd也/d不知/v走/v_/x多少/ry里/q路/n，/wd竟然/d走/v到/v了/ule雷河/nr的/ude1发源地/n雷/n泽/ag、/wn雷泽/nr烟波浩渺/vl，/wd岸边/s树林/n郁郁葱葱/al。/wj
树林/n之间/f绿/a草/n如/v茵/ng，/wd红/a花/n似/vg火/n。/wj
在/p一/m棵/q大树/n边/k的/ude1湿地/n上/f，/wd一个/mq其/rz大/a无比/z的/ude1足/a印/b引起/v了/ule华/b胥/nr1姑娘/n的/ude1注意/vn，/wd她/rr跑/v近/a前/f去/vf，/wd围/v着/uzhe这个/rz大足/ns印/v转/v一/m圈/qv，/wd觉得/v又/d奇怪/v．/w
又/d好玩/a，/wd就/d把/pba自己/rr的/ude1脚/n伸/v进/vf去/vf。/wj
谁知/c她/rr的/ude1脚/n一/m踏/v进/vf这个/rz足/ng印/v，/wd就/d产生/v一/m种/q说/v不/d出/vf的/ude1感觉/n，/wd精神/n上/f似乎/d感到/v了/ule一阵/mq激动/a。/wj
原来/d这/rzv足/d印/v正是/v雷/nr1神/n上岸/vi游玩/v时/ng有意/d留下/v的/ude1。/wj
华/b胥/nr1姑娘/n这/rzv一/m踏/v上/f去/vf，/wd两/m足/ng相/d合/v，/wd感应/n相/d生/v。/wj
姑娘/n回去/v不久/m就/d怀孕/vi了/y，/wd生/v下/vf了/ule一个/mq人/n首/m龙身/n的/ude1像/n雷/nr1神/n那样/rzv的/ude1男/b孩子/n，/wd取名/v叫/vi伏羲/nr2。/wj
伏羲/nr2是/vshi霄/nr1神/n和/cc很/d有些/rz仙/ng气/n的/ude1华/b胥/nr1姑娘/n之/uzhi子/ng，/wd所以/c虽/c是/vshi凡人/n，/wd却/d很/d有些/rz神/n性/ng，/wd力量/n和/cc智慧/n都/d超过/v常人/n，/wd能/v做出/v一些/mq常人/n做/v不/d到/v的/ude1事情/n。/wj
比如/v，/wd他/rr能/v缘/n着/uzhe天梯/n，/wd自由/an上/f到/v天廷/nr2，/wd去/vf天宫/n作客/v。/wj
这/rzv天梯/n叫/vi建木/nr2，/wd生长/v于/p西/b南方/s的/ude1都/d广/a之/uzhi野/ng。/wj
都/d广/a之/uzhi野/ng是/vshi一个/mq非常/d美好/a的/ude1地方/n，/wd一年四季/al都/d生长/v着/uzhe庄稼/n，/wd结/v出/vf来/vf的/ude1米/n、/wn麦/ng、/wn豆/n、/wn黍/ng。/wj
洁/ag自如/a玉/n，/wd滑润/a如/v膏/ng脂/x；/wf凤凰/n在/p这里/rzs舞蹈/n，/wd鸾/nr1鸟/n在/p这里/rzs歌唱/vi；/wf草木/n常/d青/a，/wd百花争艳/vl。/wj
更/d有/vyou一/m种/q叫/vi"/x灵寿/ns"/x的/ude1树/n，/wd长/v着/uzhe如/v竹子/n般/uyy的/ude1结/v．/w
可/v做/v老人/n的/ude1手/n仗/n；/wf开/v的/ude1花/n美丽/a芬芳/n，/wd香气/n直达/v天廷/nr2。/wj
这里/rzs是/vshi人/n问/v难得/a的/ude1地上/s乐园/n。/wj
这/rzv地上/s乐园/n的/ude1都/d广/a之/uzhi野/ng位于/v天地/n的/ude1中央/n，/wd位于/v都/d广/a之/uzhi野/ng中央/n的/ude1叫/vi建木/nr2的/ude1天梯/n，/wd便是/v在/p天地/n中央/n的/ude1中央/n了/y。/wj
中午/t时/ng，/wd太阳/n照/v在/p它/rr的/ude1顶/ng上/f，/wd地上/s连/ulian一点/m影子/n也/d没有/v。/wj
建/v木/ng笔直/z笔直/z的/ude1，/wd一直/d升/v到/v天/qt端/ng，/wd没有/v枝/q权/n，/wd只是/c顶端/n长/a一些/mq弯弯曲曲/z的/ude1枝叶/n，/wd交错/vd盘旋/v如/v柄/q伞/n盖/v。/wj
如果/c把/pba它/rr的/ude1树干/n一/m拉/v，/wd树皮/n就/d会/v耷拉/v下来/vf，/wd软软/z绵绵/z，/wd扯/v不/d断/v，/wd挂/v在/p那里/rzs，/wd犹如/v缨子/n、/wn黄/nr1蛇/n一般/uyy。/wj
天上/s的/ude1神仙/n，/wd就/d是/vshi以/p建木/nr2为/p天梯/n，/wd上下/f于/p天地/n之/uzhi问/ng的/ude1。/wj
至于/p凡人/n那/rzv是/vshi上/f不/d去/vf的/ude1，/wd因为/c它/rr太/d直/d太/d高/a了/y。/wj
只/d有/vyou伏羲/nr2是/vshi例外/vi。/wj
伏羲/nr2很/d爱/v他/rr的/ude1国家/n和/cc人民/n，/wd他/rr用/p自己/rr的/ude1力量/n和/cc智慧/n为/p人民/n做/v许多/m有益/a的/ude1事情/n。/wj
他/rr从/p蜘蛛/n结/v网/n受到/v启发/vn，/wd教/v人民/n用/v绳/ng结/v网/n捕鱼/vi；/wf他/rr由/p雷击/vn树木/n引起/v大火/n，/wd烧/vi死/v的/ude1野兽/n味道/n好/a于/p生/v食/ng，/wd叫/vi人民/n改/vd生/v食/ng为/p熟食/n。/wj
过去/t，/wd人们/n捕/v到/v鸟兽/n，/wd虫/n鱼/n，/wd生吞活剥/vl地/ude2吃/v下去/vf，/wd常常/d肚/ng痛/dg闹病/vi。/wj
现在/t伏羲教/nr给/p人们/n各种/rz烧/vi、/wn烤/v、/wn煮/v、/wn蒸/v等/udeng方法/n，/wd做出/v的/ude1食品/n既/c美味可口/vl，/wd又/d能/v增强/v体质/n。/wj
所以/c人们/n又/d尊称/v伏羲/nr2为/v"/x疱/n牺/x"/x或/c"/x炮/n牺/x"/x。/wj
伏羲/nr2对/p人民/n最/d大/a的/ude1贡献/n是/vshi他/rr坐/v在/p方/q台上/s，/wd因/p耳听八方/vl之/uzhi风/ng受到/v启发/vn，/wd画/v下/vf了/ule"/x八卦/n"/xi/x所谓/v"/x八卦/n"/x就是/v用/p八/m种/q符号/n，/wd分别/d代表/v自然界/n的/ude1八/m种/q事物/n。/wj
伏羲/nr2运用/v八卦/n，/wd说明/v八/m种/q事物/n的/ude1性质/n，/wd以及/cc它们/rr相互/d之/uzhi问/ng的/ude1关系/n和/cc变化/vn。/wj
人民/n掌握/v，/wd这些/rz规律/n和/cc道理/n，/wd就/d会/v变/v得/ude3聪明/a和/cc富有/v智慧/n，/wd能/v避开/v各种/rz事物/n有害/a的/ude1一面/n，/wd运用/v它们/rr有利/a的/ude1一面/n，/wd从而/c变/v被动/ad为/v主动/a地/ude2改造/v自然/n和/cc征服/v自然/n。/wj
直到/v今天/t，/wd人们/n还/d从/p八卦/n中/f受到/v启发/v．/w
运用/v八卦/n原理/n去/vf发现/v和/cc掌握/v自然/n和/cc社会/n发展/vn的/ude1规律/n：/wm伏羲/nr2替/p人民/n做/v了/ule许多/m好事/n．/w
天/qt帝/ng就/d派/v他/rr做/v了/ule东方/s的/ude1天/qt帝/ng。/wj
伏羲/nr2运用/v了/ule许多/m贤/ng人才/n士/ng做/v助手/n，/wd农业/n官/n句/q芒/ng就是/v其中/rz一个/mq．/w
句/q芒/ng鸟/n面人/n身/ng，/wd每/rz到/v春天/t，/wd就/d乘着/p两/m条/q龙/n，/wd飞/vi到/v东/f飞/vi到/v西/f地/ude2催促/v人们/n耕种/v还/d会/v拿/v圆规/n，/wd帮/v人们/n丈量/v土地/n，/wd规划/v田亩/n。/wj
他/rr的/ude1名字/n句/q芒/ng就/d是/vshi草木/n五谷/n萌芽/vn之/uzhi意/ng，/wd所以/c又/d称/v他/rr为/p春天/t的/ude1使者/n--/d春/tg神/n。/wj
伏羲/nr2靠/v着/uzhe自己/rr的/ude1智慧/n，/wd和/cc他/rr手下/s的/ude1一/m批/q能/v干/v的/ude1臣子/n密切/ad合作/v，/wd把/pba自己/rr的/ude1国家/n治理/v得/ude3国泰民安/vl，/wd其乐融融/al。/wj
盘古/nr开辟/v天地/n之/uzhi后/f，/wd很/d长/a一一/m段时间/n内/f，/wd天/qt和/cc地/n是/vshi相通/vi的/ude1。/wj
有/vyou许多/m高/a达/v天上/s的/ude1山/n和/cc树/n充当/v天梯/n。/wj
它们/rr是/vshi天/n帝/ng的/ude1"/x下/f都/d"/x昆仑山/ns、/wn华山/ns青/a水/n之/uzhi旁/ng的/ude1肇/nr1、/wn西方/s荒野/n的/ude1登/v葆/vg和/cc都/d广/a之/uzhi野/ng的/ude1建/v木/ng。/wj
天上/s的/ude1神仙/n可以/v沿着/p天梯/n下/f到/v人/n问/v，/wd地上/s的/ude1人/n也/d可以/v沿着/p天梯/n上/f到/v天上/s。/wj
有/vyou了/ule天梯/n的/ude1帮忙/vi，/wd人/n和/cc神仙/n可以/v自由/ad往来/vi。/wj
黄帝/nr手下/s的/ude1大臣/n蚩/b尤/d就/d是/vshi沿着/p天梯/n下/f到/v人/n问/v，/wd煽动/v他/rr那/rzv八十一/m个/q兄弟/n及/cc苗/n民/ng作乱/vi，/wd在/p涿鹿/ns之/uzhi野/ng和/cc黄帝/nr展开/v了/ule一/m场/qv争夺/vn帝位/n的/ude1恶战/n。/wj