羿/nr1从/p昆仑/ns回来/v后/f，/wd精神/n大/a振/vg，/wd差不多/al恢复/v到/v第一/m次/qv下凡/vi除害/v时/ng的/ude1情绪/n。/wj
因为/p嫦娥/n心情/n转/v好/a，/wd不再/d对/p他/rr怨声/n恨/v气/n。/wj
他/rr对/p回/v不/d回/v天廷/nr2并/cc不在乎/v，/wd他/rr觉得/v天廷/nr2的/ude1情形/n并/cc不/d比/p人间/n好/a多少/ry。/wj
只要/c不/d下/vf到/v黑暗/a的/ude1地狱/n，/wd就/d心满意足/vl了/y。/wj
可是/c嫦娥/n并/cc不/d像/v羿/nr1想/v的/ude1那样/rzv简单/a。/wj
有/vyou了/ule不/d死/v药/n后/f她/rr的/ude1心情/n开朗/a了/ule许多/m，/wd和/cc丈夫/n的/ude1关系/n有/vyou了/ule很/d大/a改善/vn。/wj
可是/c内心/n深处/s却/d很/d不/d平静/a。/wj
羿/nr1说/v的/ude1"/x不/d死/v药/n俩/m人/n吃/v了/ule可以/v长生不老/vl，/wd一/m人/n吃/v了/ule可以/v成/v仙/ng升天/vi"/x的/ude1话语/n，/wd常/d在/p她/rr耳际/n萦绕/vi。/wj
每当/p羿/nr1出去/vf打猎/vi，/wd她/rr一/m人/n在/p家/n时/ng，/wd就/d把/pba不/d死/v药/n拿/v出来/vf，/wd瞅/v着/uzhe药/n，/wd思索/v开/v：/wm"/x唉/e，/wd我/rr要/v是/vshi一/m人/n把/pba这/rzv药/n吃/v了/y，/wd就/d可/v重返/v天廷/nr2做/v神仙/n。/wj
可是/c羿/nr1咋/ryv办/v呢/y?/ww
恩爱/a多年/mq的/ude1夫妻/n，/wd怎/ryv能/v丢/v下/vf他/rr一/m人/n在/p凡间/s?/ww"/x
她/rr长/v长叹/vi一/m口/q气/n，/wd把/pba药/n收/v了/ule起来/vf。/wj
可是/c"/x一/m人/n吃/v了/ule可以/v成/v仙/ng"/x的/ude1念头/n却/d总/d像/v毒蛇/n一般/uyy时时/d在/p心中/s盘旋/v。/wj
这/rzv一/m天/qt，/wd努/v兴冲冲/z地/ude2对/p嫦娥/n说/v：/wm"/x明天/t是/vshi个/q好日子/n，/wd你/rr准/v胬/x一下/mq，/wd明天/t我们/rr就/d把/pba药/n分/qt吃/v刑/n巴/b!/wt"/x
嫦娥/n答应/v。/wj
晚上/t。/wj
羿/nr1有事/vi出门/vi去/vf嫦娥/n一/m人/n在/p房/n，/wd她/rr拿/v出/vf了/ule药/n，/wd脑子/n里/f展开/v子/ng激烈/a的/ude1斗争/vn：/wm"/x明天/t就/d要/v分/qt吃/v．/w
虽然/c可以/v长生不老/vl，/wd可是/c回天廷/nr的/ude1希望/n也/d就/d永远/d消失/vi"/x她/rr坐/v在/p窗/ng前/f，/wd手/n托/v下巴/n望/v着/uzhe窗外/s，/wd一/m轮/qv明月/n悬/v在/p幽暗/a的/ude1天际/n．/w
远/a、/wn近/a树/n、/wn村庄/n沐浴/vi在/p银白色/n的/ude1月光/n中/f。/wj
她/rr想起/v在/p天宫/n中/f的/ude1美好/a岁月/n：/wm琼/nr1楼/n玉/n字/n、/wn金银树/nr、/wn奇/ag花香/n草/n、/wn异兽/n珍禽/n、/wn美味/n佳肴/n、/wn轻/a罗/b软/a衫/ng；/wf姐妹/n相约/v，/wd或/c花园/n玩赏/v，/wd或/c天河/n嬉/vg游/ng想/v到/v此/rzs，/wd她/rr恨不得/d立即/d飞/vi阐/vg天廷/nr2。/wj
而/cc要/v飞/vi回/v天/n．/w
二/m只有/c把/pba弭/nr1那/rzv份/q药/n也/d吃/v了/ule才/d行/vi。/wj
但/c那样/rzv岂/d不/d是/vshi太/d自私/a子/ng?/ww
可/c又/d有/vyou什么/ry办法/n呢/y．/w
仙/ng药/n只/d有/vyou一一/m粒/q呀/y。/wj
是/vshi羿/nr1连累/v自/rr已/d成/v凡人/n，/wd他/rr应该/v还/d他/rr一个/mq神仙/n才/d对/p，/wd何况/c他/rr划/v咱/rr已/d还/d有/vyou过/uguo不/d忠/vg行为/n!/wt
是/vshi羿/nr1辜负/v自/rr已/d，/wd她/rr嫦娥/n没有/v什么/ry对不起/v他/rr的/ude1。/wj
就/d是/vshi吃/v了/ule羿/nr1的/ude1那/rzv一一/m份/q药/n也/d不/d为/v过/uguo，/wd羿/nr1愿意/v就/d让/v他/rr一/m人/n在/p人/n问/v做/v凡人/n好/a，/wd她/rr可/v还是/c要/v返回/v天廷/nr2的/ude1。/wj
想/v到/v此/rzs，/wd嫦娥/n便/d不再/d犹豫/a。/wj
她/rr起身/vi倒/vi子/ng一/m杯/q水/n，/wd把/pba药/n拿/v在/p手中/s，/wd一/m抑/vg脖子/n把/pba药/n吞/v下去/vf。/wj
药/n一一/m下/vf肚/ng，/wd嫦娥/n顿觉/v身/ng轻轻/d飘/v起来/vf，/wd双/m脚/n不由自主/dl地/ude2离开/v地面/n，/wd向/p窗外/s飞/vi去/vf。/wj
嫦娥/n越/d飞越/v高/a，/wd离/v自己/rr的/ude1家/n愈来愈/d远/a，/wd蒋/nr1回头/d看/v时/ng，/wd自己/rr所/usuo熟悉/v的/ude1家/n已/d成/v了/ule一个/mq小/a黑/a点子/n，/wd她/rr心/n禁不住/v一一/m阵/qt悲哀/an，/wd挂念/v起/vf相/d守/v多年/mq的/ude1丈夫/n羿/nr1来/f。/wj
可是/c已/d晚/tg，/wd轻风/n托/v着/uzhe她/rr不断/d地/ude2上升/vi，/wd很/d快/d到/v了/ule南天门/ns前/f。/wj
她/rr本/d可/v一/m脚/q跨/v进/vf南天门/ns，/wd就/d能/v过/uguo和/cc过去/vf一一/m样/q的/ude1神仙/n生活/vn。/wj
可是/c她/rr能/v跨/v进/vf去/vf吧/y?/ww
当年/t她/rr是/vshi和/p羿/nr1一同/d被/pbei贬/v下凡/vi问/v的/ude1，/wd如今/t自己/rr一/m人/n回来/v，/wd把/pba羿/nr1孤/ng孤单单/z撇/v在/p界/n，/wd众/ag神/n会/v怎么/ryv看/v呢/y?/ww
他们/rr一一/m定/v会/v嘲笑/v她/rr，/wd瞧不起/v她/rr，/wd说/v她/rr太/d自私/a，/wd那/rzv是/vshi她/rr所/usuo受/v不/d子/ng的/ude1。/wj
想/v到/v这里/rzs，/wd嫦娥/n转/vd回身/vi，/wd向/p那/rzv更/d大/a更/d圆/a的/ude1月亮/n飞/vi去/vf。/wj
嫦娥/n飞/vi到/v了/ule月宫/n，/wd举目/v一/m望/v，/wd大失所望/vl。/wj
月亮/n竟/d是/vshi如此/rzv地/ude2清冷/a，/wd除了/p一/m只/q玉兔/n、/wn一/m只/q蟾蜍/n和/cc一/m棵/q桂/b树/n外/f，/wd什么/ry也/d没有/v。/wj
从此以后/dl，/wd自己/rr就/d得/v一个/mq人/n在/p这/rzv寂寞/a冷清/a的/ude1世界/n里/f住/vi下去/vf了/y。/wj
嫦娥/n后悔/v起来/vf，/wd早/ad知/v这样/rzv冷冷清清/z在/p月宫/n里/f做/v神仙/n，/wd还/d不如/v和/cc羿/nr1恩恩爱爱/z在/p下面/f做/v凡人/n好/a。/wj
她/rr无力/vi地/ude2倚/v程/nr1桂花/n树/n旁/f，/wd晶莹/a的/ude1泪珠/n顺着/p两/m颊/ng滚/vi落/v下来/vf。/wj
直到/v许多/m年/qt后/f，/wd一个/mq仙人/n吴刚/nr因/p犯/v了/ule过错/n，/wd被/pbei贬/v到/v月宫/n中/f砍/v桂花/n树/n。/wj
那桂树/nr随/p砍/v随/dg合/v，/wd吴刚/nr不/d停/vi地/ude2砍/v，/wd桂/b树/n不/d停/vi地/ude2合/v。/wj
吴刚/nr的/ude1到来/vn和/cc"/x砰/o!/wt
砰/o!/wt"/x
的/ude1砍/v树/n声/qv给/p月宫/n增添/v了/ule一些/mq生气/a，/wd多少/ry减轻/v了/ule一点/m嫦娥/n的/ude1寂寞/an。/wj
再说/c那天/t晚上/t，/wd羿/nr1办/v完/vi事/n回到/v家/n后/f，/wd不见/v了/ule妻子/n。/wj
他/rr急忙/d大声/d呼喊/v，/wd四处/d寻找/v，/wd最后/f发现/v存/v仙/ng药/n的/ude1空/a盒子/n放/v在/p桌上/s，/wd旁边/f还有/v喝/vg剩下/v来/vf的/ude1半/m杯/q水/n。/wj
羿/nr1明白/v是/vshi嫦娥/n一/m人/n吃/v仙/ng药/n成/v仙/ng升天/vi去/vf了/y。/wj
他/rr奔/v出门/vi外/f，/wd举/v头/n向/p天上/s望去/v，/wd除了/p一/m轮/qv明亮/a的/ude1圆/vg月/n和/cc一些/mq闪闪/z发光/vi的/ude1星星/n外/f，/wd哪里/rys还有/v嫦娥/n的/ude1影子/n?/ww
羿/nr1禁不住/v失声/vd痛哭/vi起来/vf。/wj
失去/v了/ule嫦娥/n，/wd罗/b孳/x难过/a极了/y。/wj
他/rr的/ude1心绪/n越来越/d坏/a，/wd常常/d喝/vg得/ude3烂/a醉/v，/wd随意/ad打骂/v家人/n。/wj
家/q人/n由/p开始/v同情/v他/rr到/v渐渐/d厌恶/v他/rr，/wd有的/rz受不了/al气/n，/wd索性/d离开/v了/ule羿/nr1。/wj
羿/nr1先是/d让/v逢/v蒙/vi练/v眼睛/n，/wd要/v他/rr躺/v在/p织布机/n下/f，/wd瞪/v着/uzhe眼睛/n，/wd一/m眨/v不/d眨/v地/ude2看/v着/uzhe飞快/z往返/vi的/ude1织梭/n。/wj
直/d练/v到/v拿/v着/uzhe锥子/n对/p着/uzhe他/rr的/ude1眼睛/n。/wj
连/ulian眼皮/n眨/v都/d不/d眨/v一下/mq，/wd算是/v完成/v，/wd第一/m阶段/n学业/n。/wj
羿/nr1教/ng逢/v蒙/b脚步/n如何/ryv站/vi，/wd身子/n如何/ryv侧/v，/wd左手/n如何/ryv端/v弓/n，/wd右手/n如何/ryv拉/v弦/n，/wd眼睛/n如何/ryv瞄准/v，/wd箭/n如何/ryv发出/v一一/m个/q耐/v，/wd已/d、/wn教/v，/wd一个/mq用心/ad学/v很快/d，/wd逢/v蒙/vi掌握/v射箭/vn本领/n，/wd不久/m，/wd就/d能/v像/v羿/nr1样/ng射/v得/ude3箭/n箭/n不/d落空/vi，/wd人们/n再/d提到/v射箭/vi能/v手肘/n，/wd往往/d把/pba逢/v蒙/vi和/cc羿/nr1连/n在/p一起/s，/wd都/d说/v：/wm"/x当今/t善/dg射/v者/k，/wd羿/nr1、/wn逢/v蒙/vi也/y。/wj"/x