相传/v，/wd太阳神/nz炎/ng帝/ng有/vyou一个/mq小/a女儿/n，/wd名叫/v女娃/n，/wd是/vshi他/rr最/d钟爱/v的/ude1女儿/n。/wj
炎/ng帝/ng不仅/c管太阳/n，/wd还/d管/v五谷/n和/cc药材/n。/wj
他/rr事情/n很/d多/a，/wd每/rz天/qt一大早/t就/d要/v去/vf东海/ns，/wd指挥/v太阳/n升起/v，/wd直到/v太阳/n西/f沉/v才/d回家/vi。/wj
炎/ng帝/ng不/d在家/vi时/ng，/wd女娃/n便/d独自/d玩耍/vi，/wd她/rr非常/d想/v让/v父亲/n带/v她/rr出去/vf，/wd到/v东海/ns太阳/n升起/v的/ude1地方/n去/vf看/v一/m看/v。/wj
可是/c父亲/n忙于/v公事/n，/wd总是/d不/d带/v她/rr去/vf。/wj
这/rzv一/m天/qt，/wd女娃/n便/d一个/mq人/n驾/v着/uzhe一/m只/q小/a船/n向/p东海/ns太阳/n升起/v的/ude1地方/n划/v去/vf。/wj
不幸/a的/ude1是/vshi，/wd海上/s起/vf了/ule风暴/n，/wd像/p山/n一样/uyy的/ude1海浪/n把/pba小/a船/n打翻/v了/y，/wd女娃/n被/pbei无情/a的/ude1大海/n吞没/v了/y，/wd永远/d回/v不/d来/vf了/y。/wj
炎/ng帝/ng固然/c痛/dg念/v自己/rr的/ude1女儿/n，/wd但/c却/d不能/v用/p医药/n来/vf使/v她/rr死/v而/cc复生/nr2，/wd也/d只有/c独自/d神/a伤/n嗟叹/v了/y。/wj
女娃/n死/v了/y，/wd她/rr的/ude1精/a魂/n化作/v了/ule一/m只/q小鸟/n，/wd花/v脑袋/n，/wd白/nr1嘴/n壳/ng，/wd红/a脚爪/n，/wd发出/v“/wyz精卫/nr2、/wn精卫/nr2”/wyy的/ude1悲鸣/v，/wd所以/c，/wd人们/n又/d叫/vi此/rzs鸟/n为/v“/wyz精卫/nr2”/wyy。/wj
精/ad卫/v痛恨/v无情/a的/ude1大海/n夺/v去/vf了/ule自己/rr年轻/a的/ude1生命/n，/wd她/rr要/v报仇/vi雪恨/v。/wj
因此/c，/wd她/rr一刻/mq不/d停/vi地/ude2从/p她/rr住/vi的/ude1发/v鸠山/nrj上/f衔/v了/ule一/m粒/q小/a石子/n，/wd或是/c一/m段/q小/a树枝/n，/wd展翅/vi高/a飞/vi，/wd一/m直/d飞/vi到/v东海/ns。/wj
她/rr在/p波涛/n汹涌/a的/ude1海面/n上回/t翔/vg阒/x，/wd悲鸣/v着/uzhe，/wd把/pba石子/n树枝/n投/v下去/vf，/wd想/v把/pba大海/n填平/vn。/wj
大海/n奔腾/vi着/uzhe，/wd咆哮/vi着/uzhe，/wd嘲笑/v她/rr：/wm“/wyz小/a鸟儿/n，/wd算/v了/ule吧/y，/wd你/rr这/rzv工作/vn就/d干/v一百/m万/m年/qt，/wd也/d休想/v把/pba大海/n填平/vn。/wj”/wyy
精卫/nr2在/p高空/s答复/vn大海/n：/wm“/wyz哪怕/c是/vshi干/v上/vf一千/m万/m年/qt，/wd一/m万/m万/m年/qt，/wd干/v到/v宇宙/n的/ude1尽头/f，/wd世界/n的/ude1末日/n，/wd我/rr终/d将/d把/pba你/rr填平/v！/wt”/wyy
“/wyz你/rr为什么/ryv这么/rz恨/v我/rr呢/y？/ww”/wyy
“/wyz因为/c你/rr夺/v去/vf了/ule我/rr年轻/a的/ude1生命/n，/wd你/rr将来/t还/d会/v夺/v去/vf许多/m年轻/a无辜/n的/ude1生命/n。/wj
我/rr要/v永/d无/v休止/vi地/ude2干/v下去/vf，/wd总/d有/vyou一/m天/qt会/v把/pba你/rr填/v成/v平地/n。/wj”/wyy
精/ad卫/v飞翔/v着/uzhe、/wn鸣叫/v着/uzhe，/wd离开/v大海/n，/wd又/d飞/vi回发/n鸠山/nrj去/vf衔/v石子/n和/cc树枝/n。/wj
她/rr衔/v呀/y，/wd扔/v呀/y，/wd成年累月/vl，/wd往复/vd飞翔/v，/wd从不/d停息/vi。/wj
后来/t，/wd精卫/nr2和/cc海燕/n结成/v了/ule夫妻/n，/wd生/v出/vf许多/m小鸟/n，/wd雌/b的/ude1像/n精卫/nr2，/wd雄/ag的/ude1像/p海燕/n。/wj
小精卫/nr和/cc她们/rr的/ude1妈妈/n一样/uyy，/wd也/d去/vf衔/v石/ng填/v海/n。/wj
直到/v今天/t，/wd她们/rr还/d在/p做/v着/uzhe这种/r工作/vn。/wj
人们/n同情/v精/a卫/ng，/wd钦佩/v精卫/nr2，/wd把/pba它/rr叫做/v“/wyz冤/v禽/ng”/wyy、/wn“/wyz誓/vg鸟/n”/wyy、/wn“/wyz志/n鸟/n”/wyy、/wn“/wyz帝/ng女/b雀/ng”/wyy，/wd并/cc在/p东/f海边/s上/f立/v了/ule个/q古迹/n，/wd叫作/v“/wyz精/ad卫/v誓/vg水/n处/n”/wyy。/wj
精/ad卫/v锲而不舍/vl的/ude1精神/n，/wd善良/a的/ude1愿望/n，/wd宏伟/a的/ude1志向/n，/wd受到/v人们/n的/ude1尊敬/vn。/wj
晋代/t诗人/n陶渊明/nr在/p诗/n中/f写道/v：/wm“/wyz精/a卫/ng衔/v微/ag木/ng，/wd将/d以/p填/v沧海/n”/wyy，/wd热烈/ad赞扬/v精/ad卫/v小鸟/n敢于/v向/p大海/n抗争/vi的/ude1悲壮/a战斗/vn精神/n。/wj
后世/n人们/n也/d常常/d以/p“/wyz精卫填海/nl”/wyy比喻/n志士仁人/nl所/usuo从事/vi的/ude1艰巨/a卓越/a的/ude1事业/n。/wj
有/vyou一/m天/qt，/wd大/a龙/n和精卫/nr、/wn小/a太极/n一/m起/q到/v远古/t时代/n去/vf玩/v，/wd居然/d看到/v了/ule传说/n中/f能/v顶住/v上/vf天/n、/wn撑/v开/v天/qt与/p地/n的/ude1「/x不周/a山/n」/x，/wd也/d遇到/v了/ule美丽/a的/ude1女娲/n娘娘/n，/wd甚至/d看到/v女娲/n补/v天/qt的/ude1过程/n…/ws。/wj
那/rzv真/d是/vshi一/m场/qv惊天地/vl而/cc泣/vg鬼神/n的/ude1经历/n，/wd讲/v来/vf都/d令/v人/n鼻/ng酸/n！/wt
天上/s的/ude1大/a神/n女娲/n，/wd用/p泥土/n做成/v泥/n娃娃/n，/wd再/d赋予/v它们/rr生命/n。/wj
从此/d女娲/nr创造/v了/ule人/n，/wd人们/n世世代代/nl繁衍/v生息/vi，/wd过/vf着/uzhe幸福/a的/ude1生活/vn。/wj
然而/c，/wd好景不长/vl。/wj
有/vyou一年/m，/wd火/n神/n祝融/nr和/cc水/n神/n共/d工/ag打/v起/vf仗/n来/vf。/wj
共/b工/n把/pba撑/v天/qt的/ude1柱子/n不周/a山/n撞/v倒/vi了/y，/wd天/qt塌/v下/vf半边/n来/f，/wd砸/v了/ule很多/m窟窿/n，/wd把/pba地/n也/d砸/v裂/v了/y，/wd地上/s的/ude1洪水/n及/cc天河/n的/ude1水/n不/d停/vi的/ude1漏/v下来/vf，/wd造成/v大地/n上/f水患/n、/wn火海/n，/wd真是/d悲惨/a啊/y！/wt
女娲/nr为了/p解救/v人类/n，/wd决定/v采石/vi补/v天/qt，/wd用/p五/m色/ng石/ng把/pba天/n补/v起来/vf，/wd再/d用/v东/f海神/n龟/ng的/ude1四/m只/q脚/n顶住/v苍天/n。/wj
眼看/v着/uzhe补/v天/qt的/ude1大/a功/n就要/d告/v成/v，/wd却/d发现/v五/m色/ng石/ng不/d够/v用/v，/wd大洞/ns还/d没/d补/v好/a，/wd这/rzv可/v怎么/ryv办/v呢/y？/ww
慈悲/a的/ude1女娲/n只好/d牺牲/v自己/rr的/ude1生命/n，/wd用/p身体/n来/vf补/v天上/s的/ude1大/a洞/n，/wd亲眼/d看到/v那/rzv场/qv过程/n，/wd大龙/nr2、/wn精卫/nr2和/cc小/a太极/n，/wd以及/cc所有/b的/ude1泥/n娃娃/n们/k都/d哭/v红/a了/ule眼睛/n！/wt
经过/p几/m次/qv努力/an，/wd女娲/n终于/d补/v好/a了/ule天/qt，/wd天地/n间/f恢复/v了/ule宁静/a，/wd还/d出现/v了/ule五彩/b云霞/n。/wj
一切/rz生物/n又/d都/d生机勃勃/vl地/ude2活/v在/p大地/n上/f。/wj
女娲/nr为/p人类/n和/cc世界/n万物/n的/ude1生存/vn而/cc献身/v，/wd真是/d令/v人/n感动/an。/wj
相传/v后/f羿/nr1生来/d就/d有/vyou射箭/vn的/ude1天才/n，/wd长大/vi后/f更/d是/vshi臂力/n惊人/a，/wd箭/n法/n超群/vi。/wj
原先/b天空/n中/f有/vyou10/n个/q太阳/n，/wd强烈/a的/ude1阳光/n烤/v焦/a了/ule大地/n，/wd庄稼/n枯死/vi了/y，/wd甚至/d连/ulian石头/n都/d快要/d熔化/v了/y，/wd海水/n如同/v开水/n一样/uyy沸腾/vi起来/vf。/wj
人们/n在/p灼热/z的/ude1阳光/n下/f几乎/d喘/v不/d过/uguo气/n来/f，/wd凶狠/a的/ude1毒蛇/n野兽/n乘机/d出来/vf残害/v人类/n。/wj
羿/nr1十分/m同情/v处于/v痛苦/an煎熬/vn的/ude1民众/n，/wd决心/d冒/v着/uzhe生命/n危险/an，/wd为民除害/vl。/wj
这/rzv位/q擅长/v射箭/vi的/ude1好汉/n，/wd选择/v一/m处/q高地/n，/wd张弓/ns搭/v箭/n，/wd对准/v天空/n一/m箭/n射/v去/vf，/wd只/d听/v“/wyz轰隆/o”/wyy一/m声/qv巨响/n，/wd一/m个/q太阳/n被/pbei射/v中/f了/y。/wj
后/f羿/nr1一连/d射/v了/ule9/vyou箭/n，/wd9/vyou个/q太阳/n一个/mq个/q地/ude2掉/v落/v下来/vf。/wj
当/p他/rr还/d想/v再/d射/v时/ng，/wd突然/ad想到/v，/wd如果/c没有/v太阳/n，/wd大地/n将/d一/m片/q黑暗/a，/wd人类/n难以/d生存/vi，/wd便/d留/v下/vf最后/f一/m个/q太阳/n，/wd让/v它/rr造福/v于/p人类/n。/wj
据说/v“/wyz夸/v父/ng”/wyy本/d是/vshi一个/mq巨人/n族/ng的/ude1名称/n，/wd从/p世系/n上/f看/v，/wd夸/v父/ng族人/n原本/d是/vshi大/a神/n后/f土/n传/v下/f的/ude1子孙/n，/wd住/vi在/p遥远/a北方/s一/m座/q名叫/v“/wyz成都/ns载/v天/qt”/wyy的/ude1大山/n上/f。/wj