唐贞 元年 间  前朝 崔相国 病逝  夫人 郑氏 带 女儿 莺莺  侍女 红娘 等  护 相 国 灵柩 回 河北 博陵 （ 今 河北 安平县 ） 安葬  中途 道路 遇 阻  暂住 于 河 中 （ 今 永济 ） 普 救 寺 
一 天  准备 赴 长安 赶考 的 河南 洛阳 书生 张 珙 （ 字君瑞 ）  因 雨 滞留 在 河 中 
在 游 普 救 寺 中 与 莺莺 相遇 
为了 追求 莺莺  张 生 借宿 于 普 救 寺 
一 天 晚上  张生 见 莺莺 正在 园 中 烧香 祷告  隔 墙 的 他 便 趁机 高声 吟诗 一 首 
莺莺 知道 吟诗 者 是 张生  便 回 诗 一 首 
一 去 一 来  以 诗 为 媒  彼此 感情 徒 增 
守 桥 叛 将 孙飞虎 因 贪恋 莺莺 的 美貌  带兵 围住 寺院  要 抢 莺莺 为 妻 
崔 夫人 四处 求救 无 援  便 许诺   谁 有 退兵 计策  就 把 莺莺 嫁 给 谁  
张 生 挺身而出  写信 给 好友 白马 将军 杜 确 
杜 确 救兵 赶到  孙飞虎 兵 败 被 擒 
事 毕  崔 夫人 言 而 无 信  不 肯 把 莺莺 嫁 给 张生  只 许 二 人 以 兄妹 相称 
张生 因此 致病 
红娘 为 张生 出 谋  让 他 月 下 弹琴  莺莺 听 后 十分 感动  深夜 来到 了 张生书斋  与 张 生 私 订 终身 
此 事 被 崔 夫人 觉察  她 怒气 冲天  拷问 红娘  红娘 拒 理 相 争  最后 巧妙 地 说服 了 崔 夫人 
崔 夫人 虽 答应 将 莺莺 许配 给 张生  但 又 逼迫 张 生 立即 上京 考试  如 考 不 中  仍 不 把 女儿 嫁 给 他 
张生 与 莺莺 惜别  上京 应试  中 了 头 名 状元 
然而 崔 夫人 侄儿 郑恒 却 造谣 谎 说  张生 已 做 了 卫 尚书 的 乘 龙 快 婿  逼 崔 夫人 把 莺莺 嫁 给 他 
就 在 这时  张生 回到 普 救 寺  在 白马 将军 的 帮助 下  揭穿 了 郑恒 的 阴谋  与 莺莺 喜 结 连理 
祝贺 
真相大白  郑恒 羞愧 难 言  含 恨 自尽  张生 与 莺莺 终 成 眷属 
博陵 人 崔 护  资质 甚 美  性情 孤 洁 寡 合  应 举 进士 及 第 
清明节 这天  他 一个 人 去 都城 南门 外 郊游  遇到 一 户 庄园  房舍 占地 一 亩 左右  园内 花木 丛生  静 若 无 人 
崔 护 走 上前 去 扣 门  过 了 一会儿  有 位 女子 从 门缝 里 瞧 了 瞧 他  问道   谁 呀  
崔 护 告诉 了 自己 的 姓名  说   我 一 人 出 城 春游  酒后 干渴  特 来 求 点水 喝  
女儿 进去 端 了 一 杯 水 来  打开 门  让 他 进去 坐下 
她 一个 人 靠 着 小 桃树 静静地 立 在 那里  对 客人 有着 极为 深厚 的 情意 
她 姿色 艳丽  神态 妩媚  极 有 风韵 
崔 护 用 话 引逗 她  只是 默默 不 语 
两 人 相互 注视 了 许久  崔 护 起身 告辞 
送 到 门口 后  她 似 有 不 胜 之 情 地 默默 回到 屋里  崔 护 也 不 往 地 顾盼  然后 怅然 而 归 
此后  崔 护 决心 不 再 去 见 她 
到 了 第二 年 清明节  忽然 思念 起 她 来  思念 之 情 无法 控制  于是 直奔 城 南 去 找 她 
到 那里 一 看  门庭 庄园 一如既往  但是 大门 已 上 了 锁 
崔 护 便 在 左边 一 扇 门 上 题诗 道   去年 今日 此 门 中  人 面 桃花 相映 红 
人 面 不 知 何处 去  桃花 依旧 笑 春风  
过 了 几 天  他 突然 来 到 城 南  又 去 寻找 那 位 女子 
听 到 门 内 有 哭 的 声音  扣 门 询问 时  有 位 老父 走 出来 说   你 不 是 崔 护 吗  
答道   正是  
老父 又 哭 着 说   是 您 杀 了 我 的 女儿  
崔 护 又 惊 又 怕  不知 该 怎样 回答 
老父 说   我 女儿 已经 成 年  能 知 书 达 理  尚未 嫁人 
自从 去年 以来  经常 神情 恍惚 若 有所 失 
那天 陪 她 出去 散心  回家 时  见 在 左 边门 扇 上 有 题字  读 完 之后  进 门 她 便 病 了  于是 绝食 数日 便 死 了 
我 老 了  只 有 这么 个 女儿  迟迟 不 嫁 的 原因  就是 想 找 个 可靠 的 君子  借以 寄托 我 的 终身 
如今 她 竟 不幸 去世 
这 不 是 您 害 死 她 的 吗  
说 完 又 扶 着 崔 护 大 哭 
崔 护 也 十分 悲痛  请求 进去 一 哭 亡灵 
死者 仍 安然 躺 在 床 上  崔 护 抬 起 她 的 头 让 其 枕 着 自己 的 腿  哭 着 祷告 道   我 在 这里  我 在 这里   
不一会儿  女儿 睁 开 了 眼睛 
过 了 半天  便 复活 了 
老父 大为 惊喜  便 将 女儿 许 给 了 崔 护 
隋 开 皇 九年 （ 公元 589年  ）  陈国为 隋 所 灭  陈 后 主 叔宝 的 嫔妃  亲戚 都 被 虏 掠 进 宫  其中 有 陈叔宝 的 妹妹 枣 陈 太子 舍人 徐德言 之 妻  也 就是 陈国 的 乐昌 公主 
由于 杨素 破 陈 有功  加之 乐昌 公主 才 色 绝 代  隋文 帝 就 乱 点 鸳鸯  将 乐昌 公主 送 进 杨素中  赐 为 杨素 小 妾 
杨素  字 处 道  在 辅佐 隋 文 帝 杨坚 结束 割据  统一 天下  建立 隋朝 江山 方面 立下 了 汗马功劳 
他 不仅 足智多谋  才华横溢  而且 文武双全  风流 倜 傥 
在 朝野 上下 都 声势 显赫  颇 著 声名 
杨素 既 仰慕 乐昌 公主 的 才华  又 贪图 乐昌 公主 的 美 色  因此 就 更加 宠爱  还 为 乐昌 公主 专门 营造 了 宅院 
原来  乐昌 公主 与 丈夫 徐德言 两 心 相知  情义 深厚 
陈国 将 亡 之际  徐德言 曾 流 着 泪 对 妻子 说   国 已 危 如 累 卵  家 安 岂能 保全  你 我 分离 已 成 必然 