唐寅 字伯虎  与 文征明 和 祝 枝 山 都 是 吴中 的 才子  唐伯虎 尤其 能 文 擅 画  虽然 气度 潇洒 但 有时 也 不拘小节 
无锡 望族 华 学士 之 夫人 率 婢 仆 乘 画舫 来 吴 中 进 香  正巧 遇到 应 文征明 和 祝 枝 山 相 邀 来 游 虎 丘 的 唐伯虎 
这时  唐伯虎 看见 华府 众人 中 有 一 位 风姿 明丽  秀 逸 绝 尘 的 婢女  心中 暗喜  不 自觉 地 尾随 到 一 寺庙 
华府 众人 走 进 殿堂  施礼 拜佛  唐伯虎 也 随着 屈膝 跪 在 那 小 婢女 的 旁边  那 小 婢女 无意 中 将 一 绢 帕 遗 在 地上  被 唐伯虎 拾 得 
当 华府 的 人 来 到 虎 丘 时  唐伯虎 在 一 山石 旁 又 遇到 那 小 婢女  便 将 绢 帕 还 给 她  婢女 拿 着 绢 帕 看 着 这个 书生  嫣然一笑 
文  祝 二 人 在 途中 不见 唐伯虎 的 人影 儿  只得 自行 回去 
当 华府 一行 游 罢 虎 丘 回到 船上 时  唐伯虎 也 雇 来 一 条 小船 相 随 
那 婢女 名叫 秋香  是 华 夫人 最 宠爱 的 婢女 
当 船 行 至 途中 秋 香 出来 倒 水 的 时候  正好 倒 在 唐伯虎 的 身上  秋香 看到 不仅 不 急 反而 在 那里 憨笑 的 唐伯虎  又 为 之 嫣然一笑 
船 到 无锡  华府 的 人 上 了 岸  唐伯虎 也 急忙 追 去  在 华府 门前 秋 香 看见 唐伯虎 还 傻里傻气 地 追 来  又 嫣然一笑 后 走 进 门 去  至此  唐伯虎 已 获得 心中 美 人 的 三 笑 
为 进一步 追求  唐伯虎 不惜 更换 便装 到 华府 应聘 教书 先生  取名 华安  教 华 学士 的 两 个 不 成材 的 儿子 华文 和 华武 读书 写字 
一日  秋香 给 华氏 兄弟 送 茶 点  看见 华安 的 桌上 放 着 一 幅 题 为  一 对 蠢 才  的 画像  便 偷偷 拿 去 交给 了 夫人 
夫人 虽然 大 怒  但 见 画 上 笔致 精妙  实在 难得  又 经过 二 儿媳 实际上 是 唐伯虎 表妹 的 解围  并 提议 以 夫人 为 模特 画 一 幅 观音 像 时  夫人 才 转 怒 为 喜 
这时  唐伯虎 便 借机 提出 要 秋 香 帮 着 磨墨 的 要求  以 进一步 接触 秋 香 
此后  唐伯虎 曾 多次 与 来 香 相约  但 秋香 都 答应 下来 却 不 赴约 
文  祝 二 人 因 探访 久 出 未 归 的 唐伯虎  来到 无锡 华府  祝 枝 山 谎称 华安 是 逃跑 的 家 仆  要 带 他 返家 
唐伯虎 托辞 不 愿 回去  华 学士 也 不 愿 让 他 离开 
就 在 文  祝 二 人 无奈 走 出 华府 时  唐伯虎 追 出来 说明 了 一切  三 人 便 设计 一番  以 迫使 华 学士 答应 在 所有 的 婢女 中 任意 挑选 一 人 为 妻 
经华 夫人 同意 后  华府 的 所有 婢女 集合 起来 供 唐 伯 虎 挑选 
然而  唐伯虎 几乎 看 遍 所有 的 婢女 但 仍 不 作 声  只是 小声 说  既 承 恩典  我 愿 看看 全部 婢女 
夫人 不解 地 问 一旁 的 二 儿媳  二 儿媳 说道 只有 秋 香 一 人 没有 出来  经 夫人 吩咐 后  秋 香 出现  唐伯虎 这 才 满意 
第二 天华 学士 得知 当夜 唐伯虎 与 秋 香 逃跑  便 派 人 到 祝 家 探询  但 听说 华安 在 唐伯虎 家 
当 华 学士 得知 实情 赶到 唐 家 亲眼 看到 唐伯虎 即 是 华安 时  请 出 了 秋香  由此 真相大白  华 学士 开怀大笑  从此 唐华 两 家 认为 亲家  互相 往来 
昆明 金殿  又 名 太和 宫 金殿  铜 瓦 寺  位于 昆明 市区 东 北郊 7 公里 处 的 鸣 凤 山麓  坐 东 向 西  是 云南 著 名 的 道观  中国 重点 保护 文物 
主殿 系 青铜 铸造  熠熠生辉  耀眼 夺目  故 名 之  金殿  
陈 圆圆 ( 1623 ― 1695 )  原 姓 邢  名 沅  字畹芬 
明末清初 江苏 武进 （ 今 常州 ） 人 
幼 从 养母 陈氏  故 改 姓 陈 
陈 圆圆 能歌善舞  色 艺 冠 时  为 苏州 名 妓  响 誉 江南  时 称  江南 八 艳  之一 
图 为  陈 圆圆 （ 想象 图 ） 
崇祯 末年  李自成 的 农民起义 军威 震 朝廷  崇祯 帝 日夜 不安 
外戚 周 奎 欲 给 帝 寻求 绝 色 美女  以 舒 解 皇帝 的 忧虑 之 心  遂 让 田 妃 的 父亲 田畹 下 江南 觅 艳 
田畹 寻 得 苏州 名 姬 陈 圆圆 后  被 其 姿色 醉 迷  遂 私下 占 为 己 有 
不久 李自成 的 队伍 逼近 京师  崇祯 帝 急 召 吴 三 桂 镇 山海关 
田畹 对 农民 起义军 整日 忧心 惶惶  便 设 盛 筵 为 吴 三 桂 饯行  圆圆 率 歌 队 进 厅堂 表演 
其 舞姿  体态 轻盈  飘飘 欲 飞  其 歌声  音质 清丽  恰似 夜莺 啼 鸣 
吴 三 桂 见 后  神驰 心 荡  高兴 得 搂 着 圆圆 陪酒 
酒 过 三 巡警 报 突起  田畹 恐 惶 地上 前 对 吴 曰   寇 至  将 若 何  
吴 三 桂 说   能 以 圆圆 见 赠  吾 首先 保护 君 家 无恙  
未 等 田畹 回答  吴 三 桂 即 带 圆圆 拜 辞 
吴 三 桂 的 家 不 在 北京  其 父 尚未 进 京 供职  一时 无法 迎娶  也 不 便 带 到 烽火连天 的 关外  于是 就 暂 居 在 田弘 遇 家 
图 为  吴 三 桂 与 陈 圆圆 展室 
李自成 打 进 北京 后  吴 三 桂 的 父亲 投降 了 起义军  陈 圆圆 被 李 之 部下 所 掠 
当 吴 三 桂 答应 投降 李自成 时  闻 圆圆 已 被 李之部 将 所 占  冲 冠 大 怒  高 叫  大 丈夫 不 能 自保 其 室 何生 为  
遂 投降 了 清军 与 农民 军 开战 
这 就是 吴梅村 在 《 圆圆 曲 》 中 所 说 的   恸 哭 六 军 俱 缟 素  冲 冠 一 怒 为 红颜  
李 自成 战败 后  将 吴 三 桂 之 父 及 家中 38 口 全部 杀死  然后 弃 京 出走 