面对 盛开 的 牡丹  薛涛 不 着笔 眼前  却 从 去年 与 牡丹 离别 落 墨  离 情 别 意 泪 湿 红 笺 
笔锋 一 转  顺手 拈 来 宋 玉 《 高 唐 赋 》 中 楚襄 玉 与 巫山 神女 梦 中 幽会 的 故事  给 花 和 人 的 恋情 抹 上 了 一 层 梦幻 迷离 的 色彩 
又 江 陶渊明 《 桃花源 记 》 中 武陵 渔 人 发现 桃花 仙境  给 花 与 人 笼罩 上 了 神仙 奇遇 的 面纱 
趣 典 妙 用  曲折 淋漓 
花 似 香 传情  人 以 信 见 著  花 人 相通  人 花 同感  尽 写 了 作者 与 牡丹 的 依恋 之 情  相思 之 渴  爱慕 之 深  跃然纸上  见 触 笔端 
诗 以 拟人 手法  情人 倾诉 衷肠 的 口吻  把 人 花 的 感情 反复 掂 掇  营造 成 情意 绵绵 的 意境 
构思新颖  亲切 感人  实在 是 别 有 一番 醉 人 的 艺术 魅力 
薛涛 边 书 边 讼  吟咏 一 停  在场 的 文人 雅士 无不 拍手 叫绝 
韦 皋 虽 是 一 员 武将  但 也 颇 通 文墨  品味 此 诗  深感 不同寻常 
随 起身 走 到 桌前  不 看 则 罢  一 看 诗 稿  更 是 惊讶 不依  只 见 诗 稿 字体 清秀  笔力 峻 激  颇 得 王羲之 之 法  兼有 卫 夫人 之 长  不尽 从 心底 生出 钦 慕 之 感 
于是 问道   姑娘 才貌 实 非常 人 能 比  不知 姑娘 祖居 何处  姓 什 名 谁  
被 韦 皋 一 问  不由 引起 薛涛 一 阵阵 心酸  于是 将 自己 的 身世 从头至尾 向 这 位 镇 蜀 大人 倾诉 了 一 遍 
薛涛 原 是 唐朝 开国 名将 薛仁贵 之后  中 唐 以后  中原 大地 藩 镇 割据  中央 政权 大为 削弱  朝廷 为了 维护 实力  希望 将 四川 治理 成 可以 凭据 的 后方  所以 常常 选派 一些 可以 信赖 的 得力 将领 镇守 四川 
薛涛 的 父亲 薛勋  历来 克 守 祖训 一心 报国  可谓 皇家 的 心腹  所以 朝廷 将 他 从 兵 部 主 事 提升 为 成都 刺史  奉 旨 西出  于是 薛勋 携 全家人 来 到 成都 
当时 薛涛 只 有 四  五 岁  是 薛 勋 唯一 的 掌上明珠 
薛勋 特别 喜欢 自己 的 这个 小 女儿  不仅 因为 她 相貌 俊美  聪明伶俐  内 中 还有 另 一个 因由  那 就是  从 薛涛 一 降生 就 给 这 位 文武 全才 的 父亲 留下 了 一个 极 不 寻常 的 印象 
五年 前 的 一 天  薛勋 正在 为 妇人 临产 而 忐忑不安 的 时候  突然 婴儿 坠 地 的 呱呱 哭声 从 室内 传出  丫环 葱葱 跑 出来 对 薛勋 说   向 老爷 报喜  夫人 平安 的 生 了 一 位 千 金  
 啊  竟 是 个 女孩 
声音 如此 洪亮  简直 如 海上 波涛  实在 令 人 惊异  
于是 大 步 走 向 内 室  对 妇人 说   小女 问世  哭声 如 涛  就 给 她 取名 为 涛  字洪度 吧  
薛 夫人 也 十分 满意 的 说   好 
好 
很 像 个 男孩 的 名字 
只 可惜 是 个 女孩 家  
 女孩 家 又 怎么样 
龙凤 皆 能 呈 祥 么 
听 她 应 世 的 哭声  将来 定 不 是 等闲 之 人  
所以 父亲 对 薛涛 十分 钟爱  吃 喝 穿戴 自不必说  从小 就 注意 对 她 进行 多 方面 的 培养 教育 
这 小姑娘 也 着实 聪颖 过人  不论 诗词 歌赋 还是 琴 棋 书画  真 是 一 学 就 会  甚至 不 学 自 通  因而 也 深 得 左邻右舍 的 喜爱 与 夸赞 
然而 却 因为 一 首 诗 引起 了 薛勋 对 女儿 的 忧虑 与 担心 
一日  薛勋 又 在 辅导 女儿 吟诗  两 人 对 坐 在 庭院 中 的 一 棵 梧桐树 下  父亲 即景 生 情  望 着 大树 吟 了 两 句 诗  庭 除 一 古桐  耸 干 入 云 中 
正 待 思索 下 句 时  坐 在 对面 的 女儿 却 立即 续 了 出来  枝 迎 南北 鸟  叶 送 往 来 风 
薛勋 一 听  直 夸 女儿 实在 聪明伶俐  才思敏捷  深感 辛 慰 
然而 事 过 之后  薛 勋 细细 品味 这 两 句 诗 内涵  一阵 恐惧 和 忧虑 骤 上 心头   枝 迎 南北 鸟  叶 送 往 来 风  
多么 令人 捉摸不定 
多么 令 人 动荡不安 呀 
竟 出自 一个 小 小 女孩 之 口  
唉 
难道 这 里面 隐喻 着 女儿 的 未来 吗  
果然  薛涛 的 一生 在 这 两 句 诗 上 应验 了 
这 是 后 话 
薛涛 也 底 确 没有 过 上 多久 父 慈母 爱 的 日子  小小 年纪 就 坠入 了 坎坷 的 生涯 
薛涛 六 岁 那年  离 成都 不 远 的 绵竹 县 发生 了 一 场 兵变  身为 成都 刺史 的 薛勋 自 当 出面 平息 这 场 动乱  不 想 在 平叛 后 回程 的 路上  却 中 了 暗箭  回 府 不久 就 身亡 了 
薛勋 一生  居 官 清廉  生前 只 靠 薪 奉节 俭 度日  薛勋 死 后  撇下 薛 涛 孤儿寡母  开始 靠 微薄 的 抚恤金 还 勉强 度日  随着 经济 的 动荡  不得不 变卖 些 家产 衣物 补贴 生活  再 以后 就 无 以 为 计 了 
薛涛 之 母 本 也 是 书香 之 家  为人 忠厚 老实  丈夫 在世 时 虽然 生活 十分 俭朴  却 也 从未 作 过 大 难  今天 只 留下 自己 这个 半 老 不少 的 妇人  领 着 一个 不 成 年 的 女孩  实在 是 时光 难 熬  终日 里 愁眉不展  泪 染 衣襟 
一 个 本分 的 妇道 人家  哪里 经得起 这 如此 重大 地 打击  不 几 年 就 因 饥寒交迫 而 重病 缠身 了  还 不 到 十 岁 的 薛涛  虽然 千方百计 极力 挽救 母亲 的 生命  无奈 小小 年纪 实在 是 叫 天 天 不 应  叫 地 地 不灵  眼睁睁 的 看 着 母亲 痛苦 地 离开 了 人世 
薛 夫人 临死 时  握 着 女儿 的 小 手 断断续续 地 说   涛 儿 啊  
你  你  你 的 命 太 苦 了  