这天 ， 玉皇大帝 正在 天庭 与 诸 神 议事 ， 忽 见 七 仙女 披 头 散发 ， 哭哭啼啼 地 跑 了 来 ， 大声 嚷嚷 着 让 父 皇 为 她 做主 ， 与 董永 离婚 。
玉帝 急 问 女儿 ： “ 这 是 为何 ？
你 与 董永 过 得 不 是 好 好 的 吗 ？
你们 当初 自由 恋爱 ， 朕 看 董永 是 异类 ， 不 同意 你们 的 婚事 ， 不 想 在 人间 留下 了 千古 骂名 。
前些年 ， 朕 被 你 母 后 逼 不过 ， 不得已 才 准 了 你们 的 婚事 ， 又 给 董永 办 了 ‘ 人 转 非 ’ ， 让 他 入 了 仙 籍 ， 不然 你们 还 不 是 天 各 一 方 ， 望眼欲穿 ？ ”
七 仙女 道 ： “ 这 话 没 错 ， 可 董永 只 知道 种地 浇水 ， 眼见 人家 都 发 了 大 财 ， 住 洋楼 、 坐 轿车 、 吃 新鲜 、 玩 花哨 ， 他 却 不 知道 学 门 手艺 挣钱 ， 致使 家里 一贫如洗 ， 连 孩子 上学 的 钱 ， 也 是 我 厚 着 脸皮 向 母 后 借 来 的 ， 我 骂 他 没出息 ， 他 置之不理 ， 说 急 了 还要 动手 打 我 ， 您 说 这 还 有 天理 吗 ？ ”
玉 帝 嘲讽 道 ： “ 当初 你 道 是 夫妻 恩爱 苦 也 甜 ， 现 如今 却 怪不得 别人 。 ”
他 把 脸 一 沉 说 ， “ 父 皇 不准 你 与 董永 离婚 ， 你 认为 离婚 是 闹着玩 的 吗 ？
这 要 是 传出 去 还 不 成 了 天 大 的 笑话 ！ ”
七 仙女 一头 扑 到 玉 帝 怀里 抽 咽 着 ： “ 过去 都 怪 女儿 年幼 无知 ， 盲目 追求 … …
不切实际 的 爱 ， 铸成 终身 大 错 ， 谁知 受 穷 的 滋味 这样 难 熬 ！ ”
玉帝 不 为 女儿 的 眼泪 所 动 ， 还要 训斥 ， 不 想 在座 的 雷 神 奏 道 ： “ 玉 帝 且慢 怪罪 七 仙女 ， 想 这 董永 确实 不识时务 ， 他 登 了 仙 籍 本该 感恩戴德 ， 勤奋 努力 ， 要 七 仙女 母子 过 上 好日子 ， 不料 他 竟 如此 不 知 好歹 ， 实在 可恶 可恨 ， 若依老 夫 的 暴躁 脾气 早就 一 雷 把 他 给 劈 了 。 ”
玉帝 沉思 片刻 道 ： “ 爱卿 不 能 这样 说 ， 有道是 清官 难 断 家务事 ， 还是 先 深入 了解 一下 再 说 吧 。 ”
诸 神 见 玉帝 这样 通情达理 ， 很 是 感动 ， 连声 说 ： “ 吾 皇圣明 ！ ”
玉帝 的 女 秘书 嫦娥 插话 道 ： “ 区区 小事 何足挂齿 ？
七 妹 的 事 不必 吾 皇 操心 ， 就 由 嫦娥 来 办 好 啦 。 ”
玉帝 想 了 想 ， 觉得 自己 一时 也 没 有 啥 好 办法 ， 就 由 她 去 吧 。
嫦娥 觉得 七 仙女 这 事 主要 病根 在 个 “ 穷 ” 字 上 ， 如果 要 七 仙女 富 起来 ， 她 也 就 不 会 要 死 要 活 地 离婚 了 。
然而 ， 怎样 才 能 让 七 仙女 一 夜 富 起来 呢 ？
嫦娥 忽地 想起 皇宫 凌 霄 殿 的 修缮 工程 ， 顿时 便 有 了 主意 。
嫦娥 找 来 董 永 面授机宜 。
只见 董永 一身 粗布 麻 衣 ， 神情 沮丧 地 走 进来 ， 在 一身 绫 罗 锦缎 的 嫦娥 面前 好不 狼狈 。
嫦娥 道 ： “ 听说 董 驸马 最近 家事 有些 不 和 ？ ”
董 永 未曾 开口 先 自 落泪 道 ： “ 还 不 是 为 钱 的 事 。 ”
嫦娥 体谅 地 说 ： “ 夫妻 吵架 十有八九 为了 钱 ， 你 就 该 多 往 钱 上 使 使 劲儿 ， 要 老婆 孩子 过 上 好日子 。 ”
董 永 委屈 地 说 ： “ 谁 不 想 富 ？
可 我 一个 农夫 ， 一 没 有 特长 ， 二 不 会 官场 上 的 溜 须 拍马 、 投机 钻营 ， 只能 种 地 锄草 、 挑水 浇 菜 ， 哪里 能 生 个 外财 来 ？ ”
嫦娥 同情 地 说 ： “ 我 这里 有 场 小 富贵 ， 有心 要 帮 一下 驸马 ， 不知 驸马 感 不 感 兴趣 ？ ”
董 永 眼前 一 亮 ， 忙 催 嫦娥 说 出 富贵 所在 ， 并 信誓旦旦 地 说 如果 有 钱 可 赚 ， 就是 赴汤蹈火 也 在所不辞 。
原来 ， 玉 帝 最近 到 凡间 转 了 一 圈 ， 发现 这些 年 凡间 大兴土木 ， 修建 了 好 些 富丽堂皇 的 高楼大厦 ， 相比 起来 自家 的 皇宫 倒 寒酸 了 许多 ， 甚至 连 富 人家 的 墓穴 都 不如 ， 心 下 十分 不 平衡 。
有心 要 新建 一 座 皇宫 ， 怎 奈 耗资 惊人 ， 又 怕 一些 老 不 死 的 出来 作梗 ， 便 与 嫦娥 商量 出 一个 变通 的 办法 ， 把 新建 改 成 修缮 。
虽说 是 修缮 ， 可 皇宫 的 规模 要 增加 好 几 倍 ， 投资 巨大 呀 。
许多 建筑 公司 听到 这 一 消息 犹如 蚊子 嗅到 血 ， 蜂拥而至 ， 各自 找 门路 、 打 关节 ， 要 把 工程 揽 到 手 ， 真是 八仙过海各显神通 。
玉帝 为 示 公平 ， 弄 了 个 公开 招标 ， 其实 是 自家 暗箱 操作 。
于是 嫦娥 想 了 个 一 箭 双 雕 的 主意 ， 把 工程 包 给 董永 ， 这样 既 能 帮 七 仙女 脱贫 ， 讨好 玉 帝 ， 又 能 顺风 扬帆 ， 借机 修缮 一下 自家 的 月宫 。
董永从 嫦娥 那里 得了 美差 ， 连夜 赶 回老家 董 家村 ， 拉 起 大 旗 招工 ， 拼凑 了 个 “ 董 氏 建筑 （ 集团 ） 总公司 ” ， 自 任 董事长 兼 总经理 。
然后 到 嫦娥 那里 模 仿 人家 建筑 公司 的 投标 书 ， 搞 了 一个 施工 方 案 ， 又 顺理成章 地 中 了 标 。
董永 明知 自家 的 “ 董氏 公司 ” 干 不 了 这 工程 ， 便 转 包 给 其他 建筑 公司 ， 自己 坐 收 利钱 。
奠基 这天 ， 董永 在 嫦娥 的 授意 下 ， 邀请 玉帝和 诸 神 亲临 现场 剪彩 。
在 一阵 “ 噼 里 啪 啦 ” 的 鞭炮声 中 ， 工程 开工 了 ， 工地 上 的 气氛 好不 热闹 ！
有 一 天 ， 玉帝 突然 又 想起 七 仙女 离婚 的 事 ， 就 问 嫦娥 这 事 怎么样 了 ， 并 说 还是 不 离 的 好 。 。
玉帝 一 听 糊 涂 了 ： “ 先 前 要 离婚 是 你 提 出来 的 ， 董永 同意 不 是 正 合 你 心意 吗 ？
你 怎么 又 不 高兴 了 ？ ”
七 仙女 哭 道 ： “ 先 前 是 先前 ， 现在 是 现在 ， 现在 董 永 挣 了 大钱 ， 我们 正 要 过 上 好日子 ， 谁 还 想 离婚 ？ ”