这样 又 经过 一 万 八千年 ， 天 升 得 极 商 极 高 ， 地 变 得 极 厚 极 厚 ， 盘古 的 身体 也 变 得 极 长 极 长 ， 天 和 地 的 距离 有 九 万 里 之 遥 ， 盘古 的 身高 也 有 九 万 里 之 长 。
九 万 里 长 的 盘古 ， 屹立 在 相距 九 万 里 的 天地 之 问 ， 威风凛凛 。
岿然不动 。
又 是 多少 年 过去 。
天 和 地 都 长 得 很 结实 ， 各自 的 位置 也 非常 稳固 了 ， 再 包 不用 担心 它们 会 合拢 在 一 ， 起子 、 屹立 在 天地 之 同 的 盘 占 精力 也 耗尽 他 感到 非常 的 疲劳 ．
就 躺 下去 ， 他 一 躺 下去 ， 便 精疲力竭 地 死去 了 ， 就 在 盘古 死去 的 刹那间 ， 他 的 岗 身 突然 发生 奇异 的 变化 ： 他 口中 呼 出 的 最后 一 口 气 ， 化 成 了 抚育 子 物 的 风 和 天空 中 的 云 ； 他 最后 的 一 声 吼叫 变成 轰隆 的 雷霆 ； 他 留恋 世界 的 最后 一一 缕 目光 变成 了 耀眼 的 闪电 ； 他 的 两 段 眼睛 升 一 - 子 天空 ， 左眼 变成 ， 光辉 夺目 的 太阳 ， 照耀 着 白天 ； 右眼 变成 子 美丽 洁白 的 月亮 ， 照耀 着 黑夜 ； 他 的 手足 四肢 和 身躯 变成 子 东 、 西 、 南 、 北 四边 力 和 高耸 人 云 的 五岳 一一一 泰 。
乒 霍 、 恒山 、 崇高 ； 他 周身 流动 的 血液 变成 了 奔涌 不息 的 江河 湖 海 ； 他 遍布 全身 的 筋脉 变成 大地 上 纵横交错 、 四通八达 的 道路 ； 他 全身 的 肌肉 变成 子 孕育 万物 的 良田 沃土 ； 他 的 头发 和 胡须 飞 上 天空 。
变成 了 亮品晶 的 星辰 ； 他 的 牙齿 ．
骨骼 和 骨髓 ．
变成 ， 各种 闪光 的 金属 、 坚硬 的 石头 、 温润 的 玉石 、 圆 亮 的 珍珠 ； 他 的 皮肤 和 汗毛 变成 覆盖 天地 的 花 革 树木 ； 就 连 他 的 汗水 也 变成 了 滋润 万物 的 甘霖 和 雨露 。
蕊 占用 他 全部 的 精神 和 力量 创造 子 天 和 地 ， 死 后 又 化为 了 了 万物 ， 才 使 整个 世界 变 得 丰富多彩 ， 绚 两 多 姿 ， 无比 美丽 。
盘古 死 了 之后 ， 大地 上 出现 了 一 位 伟大 的 女神 ， 名叫 女娲 。
她 有着 一 张 美丽 的 人 脸 ， 苗条 的 蛇 的 身子 ， 一 天 能 变 七十 多 次 。
女娲 在 莽莽 的 天地 问 行走 着 、 观看 着 。
美丽 的 空中 ， 日月星辰 交相辉映 ， 自云 在 瓦蓝 的 天空 飘忽 ； 广阔 的 土地 上 ， 山川 秀丽 ， 繁花似锦 ， 虫 鸟 争鸣 。
和风 吹拂 着 她 的 长发 ， 细雨 滋润 着 她 美玉 般 的 面颊 。
女娲 感到 无比 的 欣慰 和 喜悦 ， 可是 渐渐 地 ， 她 觉得 不 满足 了 。
她 总 觉得 这 大地 上 还 缺少 点 什么 ， 使 她 感到 寂寞 和 孤独 。
她 要 给 这 世界 再 添 点 东西 ， 让 整个 世界 充满 生机 和 繁荣 。
可是 添 点 什么 才 好 呢 ?
女娲 一边 走 着 一 边 想 着 ， 不 觉 走 到 了 黄河 边 ， 她 感到 有 点 疲倦 了 ， 便 在 河边 坐 了 下来 。
她 一边 看 着 河水 中 自己 的 倒影 ， 一边 随 手 捧 起 一 把 黄土 不经意 地 捏 着 捏 着 。
忽然 她 灵机一动 ， 世间 什么样 的 生物 都 有 了 ， 唯独 没有 像 自己 一样 的 生物 这 才 使 她 感到 如此 的 孤独 和 寂寞 。
那么 ， 为什么 不 创造 一些 像 自己 一样 有 生命 的 东西 呢 ?
想 着 想 着 ， 她 便 将 手中 的 黄土 仿 照 自己 的 形貌 捏 出 一个 像 娃娃 样 的 小 东西 。
她 把 这 小 东西 放 到 地上 ， 说 也 奇怪 ， 这 小 东西 一 接触 地面 ， 居然 会 直立 行走 ， 能 说话 。
他 说 的 第一 句 话 就是 对 着 女娲 叫 " 妈妈 " 。
女娲 看 着 这 美丽 聪明 的 小 生物 ， 又 听到 他 叫 " 妈妈 " 的 喊声 ， 真是 又惊又喜 。
她 赶忙 又 捧 起 泥土 不停 地 捏造 出来 。
不一会儿 ， 一 群 可爱 的 小 娃娃 就 出现 在 她 的 周围 。
娃娃 们 围绕 着 女娲 欢乐 地 蹦 着 、 跳 着 、 笑 着 ， " 妈妈 、 妈妈 " 地 叫 个 不 停 。
女娲 高兴 极了 ， 开怀 地 大 笑 起来 ， 她 再也 不 感到 寂寞 和 孤独 了 。
女 蜗 给 这些 聪明 美丽 的 小 生命 起名 蚋 做 " 人 " 。
人 就是 能 直立 行走 的 意思 。
女 蜗 决定 让 充满 聪明 智慧 、 能 说 活 ， 会 直立 行走 的 " 人 " 做 世界 的 主人 ， 管理 世界 上 的 万物 ， 为 让 人 充满 大地 ， 女娲 不停 地 揉 啊 捏 啊 。
可是 世界 太 大 子 ， 当 她 造 的 人 四 散 在 辽阔 的 大地 上 的 时候 ， 还是 少 得 可怜 ， 而 她 却 感到 疲劳 不堪 ， 这时 ， 她 想 出 ， 一个 绝妙 的 好 办法 。
女 崖 上 扯 下 一 根野藤 ， 把 野 骆 伸 迸 黄河 里 ， 搅 起 黄 泥浆 ， 然后 将 野藤 提起 用力 向 地面 一 挥洒 ， 强 刻 ， 无数 溅 落 在 地上 、 泥 点 都 变成 了 欢蹦乱跳 的 人 ．
用 这种 办法 创造 人 ， 又 快 又 省事 藤条 挥 ， 就 有 一 大 群 人 出现 ．
不久 ， 大地 就 布满 把 人类 的 踪迹 。
大地 上 布满 人类 ， 可 是 人类 是 要 死 的 。
怎样 才 能 让 人类 绵延 不 绝 地 发展 下去 呢 ?
女娲 又 在 动脑筋 后来 终于 给 她 想 出 一个 办法 ： 就是 把 人类 分成 男女 ， 让 男人 和 女人 婚配 ， 生儿育女 ， 他们 自己 担负 起 创造 后代 的 责任 。
从此以后 人类 就 ， 一代 一代 地 传 下来 ， 绵延 不 绝 ， 并且 愈来愈 多 。
女娲 创造 了 人类 之后 ， 许多 年 平静 无 事 。
人类 自由自在 地 在 大地 上 劳动 、 生活 。
不料 有 一年 ， 天地 发生 了 可怕 的 变化 ， 一 场 灾难 陡然 降临 人间 。
支撑 着 天 的 东 、 西 、 南 、 北 四 边 的 天 柱 毁坏 了 ， 造成 天 崩 地 裂 。
天 ， 露出 了 一个 一个 的 大 窟窿 ， 不能 再 覆盖 大地 ； 大地 九州 -- 冀州 、 兖州 、 青州 、 徐州 、 扬州 、 荆州 、 豫州 、 梁州 、 雍州 等 地 的 地面 断裂 ， 塌陷 成 一 道 一 道 的 深 壑 鸿沟 。