霄 泽 里 住 着 雷 神 ， 雷 神 长 着 人 的 头 ， 龙 的 身 。
他 在 心情 好 的 时候 ， 湖水 平静 ， 微波 不 起 ； 当 他 发怒 的 时候 ， 就 用 尾巴 敲 着 肚皮 ， 发出 " 轰隆隆 " 的 响声 ， 震动 天地 ， 这 就是 打雷 。 ．
这时 ， 湖面 腾 起 巨浪 。
天上 乌云 集聚 ， 狂风 怒吼 起来 ， 大雨 倾 盆 而 下 。
雷 泽 附近 地区 就要 遭 水灾 子 。
雷 神 在 雷泽 住 厌 时 ， 会 到 天上 住 一阵子 。
有时 也 会 幻化 为 一 个 魁梧 的 男子 ， 到 岸上 游动 一番 。
却 说 华 胥国 自 ．
- 个 美丽 的 华 胥 姑娘 。
这 一 天 ， 她 未 像 往常 那样 在 天空 翩翩 而 行 ， 也 不 在 大山 之间 往返 驰 越 ， 丽 是 对 那 条 日夜 奔腾 不息 的 雷河 发生 了 兴趣 。
她 沿着 河岸 一直 向 前 走 着 ， 不知 走 。
多 长 的 时间 ， 也 不知 走 _ 多少 里 路 ， 竟然 走 到 了 雷河 的 发源地 雷 泽 、 雷泽 烟波浩渺 ， 岸边 树林 郁郁葱葱 。
树林 之间 绿 草 如 茵 ， 红 花 似 火 。
在 一 棵 大树 边 的 湿地 上 ， 一个 其 大 无比 的 足 印 引起 了 华 胥 姑娘 的 注意 ， 她 跑 近 前 去 ， 围 着 这个 大足 印 转 一 圈 ， 觉得 又 奇怪 ．
又 好玩 ， 就 把 自己 的 脚 伸 进 去 。
谁知 她 的 脚 一 踏 进 这个 足 印 ， 就 产生 一 种 说 不 出 的 感觉 ， 精神 上 似乎 感到 了 一阵 激动 。
原来 这 足 印 正是 雷 神 上岸 游玩 时 有意 留下 的 。
华 胥 姑娘 这 一 踏 上 去 ， 两 足 相 合 ， 感应 相 生 。
姑娘 回去 不久 就 怀孕 了 ， 生 下 了 一个 人 首 龙身 的 像 雷 神 那样 的 男 孩子 ， 取名 叫 伏羲 。
伏羲 是 霄 神 和 很 有些 仙 气 的 华 胥 姑娘 之 子 ， 所以 虽 是 凡人 ， 却 很 有些 神 性 ， 力量 和 智慧 都 超过 常人 ， 能 做出 一些 常人 做 不 到 的 事情 。
比如 ， 他 能 缘 着 天梯 ， 自由 上 到 天廷 ， 去 天宫 作客 。
这 天梯 叫 建木 ， 生长 于 西 南方 的 都 广 之 野 。
都 广 之 野 是 一个 非常 美好 的 地方 ， 一年四季 都 生长 着 庄稼 ， 结 出 来 的 米 、 麦 、 豆 、 黍 。
洁 自如 玉 ， 滑润 如 膏 脂 ； 凤凰 在 这里 舞蹈 ， 鸾 鸟 在 这里 歌唱 ； 草木 常 青 ， 百花争艳 。
更 有 一 种 叫 " 灵寿 " 的 树 ， 长 着 如 竹子 般 的 结 ．
可 做 老人 的 手 仗 ； 开 的 花 美丽 芬芳 ， 香气 直达 天廷 。
这里 是 人 问 难得 的 地上 乐园 。
这 地上 乐园 的 都 广 之 野 位于 天地 的 中央 ， 位于 都 广 之 野 中央 的 叫 建木 的 天梯 ， 便是 在 天地 中央 的 中央 了 。
中午 时 ， 太阳 照 在 它 的 顶 上 ， 地上 连 一点 影子 也 没有 。
建 木 笔直 笔直 的 ， 一直 升 到 天 端 ， 没有 枝 权 ， 只是 顶端 长 一些 弯弯曲曲 的 枝叶 ， 交错 盘旋 如 柄 伞 盖 。
如果 把 它 的 树干 一 拉 ， 树皮 就 会 耷拉 下来 ， 软软 绵绵 ， 扯 不 断 ， 挂 在 那里 ， 犹如 缨子 、 黄 蛇 一般 。
天上 的 神仙 ， 就 是 以 建木 为 天梯 ， 上下 于 天地 之 问 的 。
至于 凡人 那 是 上 不 去 的 ， 因为 它 太 直 太 高 了 。
只 有 伏羲 是 例外 。
伏羲 很 爱 他 的 国家 和 人民 ， 他 用 自己 的 力量 和 智慧 为 人民 做 许多 有益 的 事情 。
他 从 蜘蛛 结 网 受到 启发 ， 教 人民 用 绳 结 网 捕鱼 ； 他 由 雷击 树木 引起 大火 ， 烧 死 的 野兽 味道 好 于 生 食 ， 叫 人民 改 生 食 为 熟食 。
过去 ， 人们 捕 到 鸟兽 ， 虫 鱼 ， 生吞活剥 地 吃 下去 ， 常常 肚 痛 闹病 。
现在 伏羲教 给 人们 各种 烧 、 烤 、 煮 、 蒸 等 方法 ， 做出 的 食品 既 美味可口 ， 又 能 增强 体质 。
所以 人们 又 尊称 伏羲 为 " 疱 牺 " 或 " 炮 牺 " 。
伏羲 对 人民 最 大 的 贡献 是 他 坐 在 方 台上 ， 因 耳听八方 之 风 受到 启发 ， 画 下 了 " 八卦 " i 所谓 " 八卦 " 就是 用 八 种 符号 ， 分别 代表 自然界 的 八 种 事物 。
伏羲 运用 八卦 ， 说明 八 种 事物 的 性质 ， 以及 它们 相互 之 问 的 关系 和 变化 。
人民 掌握 ， 这些 规律 和 道理 ， 就 会 变 得 聪明 和 富有 智慧 ， 能 避开 各种 事物 有害 的 一面 ， 运用 它们 有利 的 一面 ， 从而 变 被动 为 主动 地 改造 自然 和 征服 自然 。
直到 今天 ， 人们 还 从 八卦 中 受到 启发 ．
运用 八卦 原理 去 发现 和 掌握 自然 和 社会 发展 的 规律 ： 伏羲 替 人民 做 了 许多 好事 ．
天 帝 就 派 他 做 了 东方 的 天 帝 。
伏羲 运用 了 许多 贤 人才 士 做 助手 ， 农业 官 句 芒 就是 其中 一个 ．
句 芒 鸟 面人 身 ， 每 到 春天 ， 就 乘着 两 条 龙 ， 飞 到 东 飞 到 西 地 催促 人们 耕种 还 会 拿 圆规 ， 帮 人们 丈量 土地 ， 规划 田亩 。
他 的 名字 句 芒 就 是 草木 五谷 萌芽 之 意 ， 所以 又 称 他 为 春天 的 使者 -- 春 神 。
伏羲 靠 着 自己 的 智慧 ， 和 他 手下 的 一 批 能 干 的 臣子 密切 合作 ， 把 自己 的 国家 治理 得 国泰民安 ， 其乐融融 。
盘古 开辟 天地 之 后 ， 很 长 一一 段时间 内 ， 天 和 地 是 相通 的 。
有 许多 高 达 天上 的 山 和 树 充当 天梯 。
它们 是 天 帝 的 " 下 都 " 昆仑山 、 华山 青 水 之 旁 的 肇 、 西方 荒野 的 登 葆 和 都 广 之 野 的 建 木 。
天上 的 神仙 可以 沿着 天梯 下 到 人 问 ， 地上 的 人 也 可以 沿着 天梯 上 到 天上 。
有 了 天梯 的 帮忙 ， 人 和 神仙 可以 自由 往来 。
黄帝 手下 的 大臣 蚩 尤 就 是 沿着 天梯 下 到 人 问 ， 煽动 他 那 八十一 个 兄弟 及 苗 民 作乱 ， 在 涿鹿 之 野 和 黄帝 展开 了 一 场 争夺 帝位 的 恶战 。