首先/c，/wd不要/d在/p显示器/n上/f堆放/v杂物/n，/wd这样/rzv可能/v会/v影响/vn显示器/n的/ude1正常/a散热/vn，/wd减少/v显示器/n的/ude1使用/vn寿命/n。/wj
在/p移动/vn显示器/n时/ng不要/d忘记/v将/p电源线/n和/cc信号/n电缆/n线/n拔掉/v，/wd而/cc插/v拔/v电源线/n和/cc信号/n电缆/n时/ng，/wd应/v先/d关机/vi，/wd以免/c损坏/v接口/n电路/n的/ude1元器件/n。/wj
同时/c在/p插/v拔/v显示器/n电源线/n或/c信号/n电缆/n时/ng应该/v特别/d注意/v，/wd因/c遇到/v的/ude1大部分/m显示器/n问题/n都/d是/vshi接触/v不良/a或者/c受/v环境/n影响/vn造成/v的/ude1。/wj
如/v显示器/n接触/v不良/a将/d会/v导致/v显示/v颜色/n减少/v或者/c不/d能/v同步/vi。/wj
插头/n的/ude1某个/rz引/v脚/n弯曲/a可能/n会/v导致/v显示器/n重/d则/d不/d能/v显示/v内容/n，/wd轻/v则/c不/d能/v显示/v颜色/n或者/c偏向/v一/m种/q颜色/n，/wd以及/cc有/vyou可能/n导致/v屏幕/n上/f下/vf翻滚/vi。/wj
这种/r问题/n非常/d麻烦/an，/wd因为/c如果/c矫正/v弯曲/a的/ude1引/v脚/n可能/v使得/vi引/v脚/n折断/vn。/wj
再/d有/vyou如果/c显示器/n线缆/n拉/v得/ude3过/d长/a，/wd可能/v使/v显示器/n的/ude1亮度/n减小/v，/wd且/c射线/n不/d能/v聚焦/vi，/wd也/d应/v注意/v。/wj
显示器/n的/ude1图/n象/ng如/v经常/d长/a时间/n不/d变/v，/wd可/v在/p计算机/n上/f安装/v屏幕/n保护/vn程序/n以/p防止/v荧光粉/n的/ude1老化/vn。/wj
如果/c屏幕/n图像/n晃动/v，/wd则/c最/d可能/v原因/n是/vshi外界/n磁场/n的/ude1干扰/vn，/wd如/v变压器/n产生/v的/ude1磁场/n等/udeng。/wj
行频/n过/uguo低/a，/wd电源/n电压/n过/uguo高/a，/wd也/d可能/v会/v使/v屏幕/n突然/ad无/v显示/v，/wd这/rzv是/vshi因为/p显示器/n会/v发生/v高压/n保护/vn。/wj
当/p发生/v高压/n保护/vn后/f，/wd必须/d立刻/d关机/vi，/wd等/v过/uguo几/m分钟/qt电压/n稳定/an后/f再/d开机/vi，/wd才/d能/v重新/d工作/vi。/wj
使用/v中/f在/p调节/vn显示器/n面板/n上/f的/ude1功能/n旋钮/n时/ng，/wd要/v缓慢/a稳妥/a，/wd不可/v猛/d转/v硬/d转/v，/wd以防/v损坏/vn旋钮/n。/wj
如果/c稍许/d降低/v显示器/n屏幕/n显示/v亮度/n（/wkz适当/a）/wky，/wd也/d可以/v减缓/v显像管/n的/ude1灯丝/n和/cc荧光粉/n老化/vi的/ude1速度/n。/wj
另外/c，/wd显示器/n的/ude1电源/n要/v稳定/an，/wd虽然/c显示器/n的/ude1工作/vn电压/n适应/v范围/n比较/d大/a，/wd但/c也/d可能/v由于/c受到/v瞬时/t高压/n冲击/vn而/cc造成/v元件/n损坏/vn，/wd所以/c应/v使用/v带/v保险丝/n的/ude1插座/n。/wj
如/v条件/n许可/vi，/wd最/d好/a配/v一个/mqUPS/x。/wj
总之/c只要/c平时/t爱护/v好/a你/rr的/ude1显示器/n，/wd它/rr就/d会/v努力/an的/ude1为/p你/rr工作/vi的/ude1。/wj
恩/ng，/wd我/rr觉得/v值得/v学习/v啊/y，/wd顶/v你/rr！/wt
这个/rz问题/n很/d有/vyou用/v，/wd不错/a。/wj
好/a的/ude1，/wd顶/v你/rr，/wd收藏/v了/y，/wd嘻/o嘻/o。/wj
*/w百度/nz贴吧/n_newword*/w2012-04-1709:42/m你们/rr给/p老人/n让/v个/q座位/n会/v死/v吗/y？/ww
。/wj
。/wj
。/wj
。/wj
。/wj
。/wj
早上/t从/p老家/n乘/v公共/b汽车/n回/v霸州/ns途中/s上来/vf一/m对/q母女/n老太太/n大概/d60/m多/m岁/qt她/rr女儿/n也/d就/d20/m几/m岁/qt的/ude1样子/n但是/c身体/n挺/d重/a的/ude1老太太/n是/vshi那/rzv种/q典型/a的/ude1小/a老太太/n个/q字/n矮/a矮/a的/ude1在/p颠簸/vi的/ude1路上/s似乎/d都/d站/vi不/d稳/ad当/v我/rr起身/vi给/p老太太/n让/v了/ule个/q座位/n结果/n却/d要/v她/rr女儿/n坐/v百思不得其解/vl后来/t才/d得知/v她/rr女儿/n5/m个/q月/n身孕/n老太太/n依然/d站/vi着/uzhe我/rr在/p其/rz身后/f扶/v着/uzhe她/rr直到/v在/p南关/ns汽车站/n老太太/n站/vi了/ule11/m个/q小时/n也/d没有/d让/v座位/n的/ude1我/rr想/v问问/v你们/rr你们/rr的/ude1屁股/n就/d那么/c金贵/nr吗/y让/v个/q坐/v年轻人/n站/vi站/vi又/d能/v怎么样/ryv呢/y依稀/d记得/v07/m年/qt和/cc妈妈/n去/vf苏州/ns在/p公交/b车上/s4/m个/q人/n给/p我/rr妈妈/n让座/vi那/rzv是/vshi一/m种/q怎样/ryv的/ude1社会/n风气/n和/cc道德/n氛围/n在/p看看/v霸州/ns在/p看看/v咱/rr的/ude1家乡/n竟然/d如此/rzv。/wj
。/wj
。/wj
。/wj
。/wj
。/wj
真/a的/ude1很/d愤怒/a我/rr只/d想/v告诉/v那些/rz坐/v在/p座位/n上/f听/v着/uzhe音乐/n的/ude1年轻人/n们/k你们/rr也/d有/vyou个/q老/a你们/rr的/ude1父母/n也/d会/v出/vf门/n遇到/v没有/v座位/n的/ude1情况/n哎/e这个/rz操/v蛋/n的/ude1社会/n太/d多/ad应该/v做/v的/ude1事/n而/cc没有/v人/n去/vf做/v占/v座/q自己/rr做/v好/a，/wd自己/rr心安/a，/wd就/d好/a我/rr晕/vi7/m哥/n果然/d有/vyou先见之明/nl刚/d说/v完/vi就/d有人/r攻击/v我/rr呵呵/v愤怒/a的/ude1事/n太/d多/a了/ule如果/c你/rr因为/p这样/rzv的/ude1现象/n而/cc生气/n那/rzv都/d生/v不/d完/vi我/rr没有/d不/d给/p人/n让座/vi的/ude1习惯/n，/wd因为/c我/rr妈/n年纪/n挺/d大/a的/ude1，/wd感觉/v老人/n需要/v呵护/v吧/y./wj
*/w百度/nz贴吧/n_newword*/w2012-04-1709:42/m你们/rr给/p老人/n让/v个/q座位/n会/v死/v吗/y？/ww
。/wj
。/wj
。/wj
。/wj
。/wj
。/wj
早上/t从/p老家/n乘/v公共/b汽车/n回/v霸州/ns途中/s上来/vf一/m对/q母女/n老太太/n大概/d60/m多/m岁/qt她/rr女儿/n也/d就/d20/m几/m岁/qt的/ude1样子/n但是/c身体/n挺/d重/a的/ude1老太太/n是/vshi那/rzv种/q典型/a的/ude1小/a老太太/n个/q字/n矮/a矮/a的/ude1在/p颠簸/vi的/ude1路上/s似乎/d都/d站/vi不/d稳/ad当/v我/rr起身/vi给/p老太太/n让/v了/ule个/q座位/n结果/n却/d要/v她/rr女儿/n坐/v百思不得其解/vl后来/t才/d得知/v她/rr女儿/n5/m个/q月/n身孕/n老太太/n依然/d站/vi着/uzhe我/rr在/p其/rz身后/f扶/v着/uzhe她/rr直到/v在/p南关/ns汽车站/n老太太/n站/vi了/ule11/m个/q小时/n也/d没有/d让/v座位/n的/ude1我/rr想/v问问/v你们/rr你们/rr的/ude1屁股/n就/d那么/c金贵/nr吗/y让/v个/q坐/v年轻人/n站/vi站/vi又/d能/v怎么样/ryv呢/y依稀/d记得/v07/m年/qt和/cc妈妈/n去/vf苏州/ns在/p公交/b车上/s4/m个/q人/n给/p我/rr妈妈/n让座/vi那/rzv是/vshi一/m种/q怎样/ryv的/ude1社会/n风气/n和/cc道德/n氛围/n在/p看看/v霸州/ns在/p看看/v咱/rr的/ude1家乡/n竟然/d如此/rzv。/wj
。/wj
。/wj
。/wj
。/wj
。/wj
真/a的/ude1很/d愤怒/a我/rr只/d想/v告诉/v那些/rz坐/v在/p座位/n上/f听/v着/uzhe音乐/n的/ude1年轻人/n们/k你们/rr也/d有/vyou个/q老/a你们/rr的/ude1父母/n也/d会/v出/vf门/n遇到/v没有/v座位/n的/ude1情况/n哎/e这个/rz操/v蛋/n的/ude1社会/n太/d多/ad应该/v做/v的/ude1事/n而/cc没有/v人/n去/vf做/v占/v座/q自己/rr做/v好/a，/wd自己/rr心安/a，/wd就/d好/a我/rr晕/vi7/m哥/n果然/d有/vyou先见之明/nl刚/d说/v完/vi就/d有人/r攻击/v我/rr呵呵/v愤怒/a的/ude1事/n太/d多/a了/ule如果/c你/rr因为/p这样/rzv的/ude1现象/n而/cc生气/n那/rzv都/d生/v不/d完/vi我/rr没有/d不/d给/p人/n让座/vi的/ude1习惯/n，/wd因为/c我/rr妈/n年纪/n挺/d大/a的/ude1，/wd感觉/v老人/n需要/v呵护/v吧/y./wj
6./m招聘/v规划/n、/wn方案/n、/wn程序/n、/wn内容/n等/udeng方面/n的/ude1工作/vn准备/v妥当/a后/f，/wd还要/d检/v视/vg些/q什么/ry呢/y？/ww
其实/d，/wd许多/m情形/n下/f，/wd都/d是/vshi由于/p招聘/v工作/vn人员/n的/ude1把握/vn不/d确切/a，/wd或/c本身/rz具备/v的/ude1素质/n和/cc技巧/n未能/v应对/v招聘/v的/ude1问题/n，/wd从而/c造成/v预期/vn与/cc实际/n上/f的/ude1偏差/n。/wj
因此/c，/wd如何/ryv从/p提升/v招聘/vn工作/vn人员/n的/ude1素质/n入手/vi，/wd从/p表达/v、/wn观察/v、/wn协调/vn和/cc认知/vn等/udeng方面/n进行/vx自我/rr校对/v，/wd并/cc争取/v在/p实/ad操/v学习/v和/cc积累/vn中/f，/wd避免/v可能/v出现/v的/ude1误区/n。/wj
笔者/n认为/v：/wp招聘/v千万/m不/d能/v忽视/v的/ude1问题/n，/wd正是/v对/p招聘/v工作/vn人员/n的/ude1要求/n。/wj
比如/v，/wd素质/n：/wp热情/a公正/a、/wn认真/ad负责/v、/wn诚实/a，/wd表达/v：/wp知识/n和/cc行业/n了解/v及/cc沟通/vn力/n；/wf观察/v：/wp掌握/v适合/v辨别/v的/ude1测试/vn技术/n，/wd协调/v：/wp寻找/v到/v思想/n交流/vn的/ude1着/uzhe陆点/t，/wd认知/v：/wp策略/n方式/n与/cc角色/n的/ude1转换/vn性/ng。/wj
