”/wyy…/ws
[/wkz详细/a]/wky那/rzv时候/n城市/n里/f谁/ry牛气/n？/ww
医生/n、/wn司机/n、/wn猪肉/n佬/ng…/ws
…/ws
改革/v开放/v前/f以及/cc改革/vn开放/vn初期/f的/ude1中国/ns城市/n，/wd机关/n和/cc事业/n单位/n人员/n用/p公费/n医疗/n；/wf企业/n员工/n有/vyou劳保/n；/wf自由职业者/n（/wkz没有/v单位/n的/ude1人/n）/wky自费/b医疗/n。/wj
但是/c匮乏/vi的/ude1医疗/n资源/n除了/p能够/v保证/v一些/mq高干/n随便/ad使用/v外/f，/wd一般/a人/n不/d是/vshi有/vyou纸面/n上/f的/ude1待遇/n就/d可以/v享受/v到/v。/wj
所以/c掌握/v稀缺/a资源/n的/ude1人/n就/d精/a贵/a了/y，/wd当时/t有/vyou社会/n三/m件/q宝/n：/wp医生/n、/wn司机/n、/wn猪肉/n佬/ng。/wj
这/rzv三/m种/q人/n，/wd谁/ry都/d想/v结交/v。/wj
3./m婚前/t恐惧症/n正是/v由于/p上述/b婚前/t婚后/t所/usuo面临/v的/ude1角度/n转换/vn，/wd生活/vn方式/n的/ude1反差/n，/wd致使/v一部分/m人/n即/d将/d步入/v婚姻/n殿堂/n时/ng，/wd对/p自己/rr的/ude1未来/t人生/n状况/n产生/v一/m种/q捉摸不定/vl、/wn莫名其妙/al的/ude1忧虑/vn。/wj
染/v上/f恐/vg婚/ng症/ng的/ude1人/n，/wd会/v对/p未来/t婚姻/n有/vyou一/m种/q恐惧感/n，/wd通常/d“/wyz症状/n”/wyy是/vshi烦躁/a、/wn脾气/n比较/d急/a、/wn爱/v发火/vi，/wd有的/rz人/n会/v沉默寡言/vl，/wd不/d愿/v多/ad说话/vi，/wd进而/c影响/v到/v工作/vn和/cc生活/vn。/wj
婚前/t，/wd你/rr究竟/d恐惧/a什么/ry呢/y？/ww
让/v我们/rr来/vf对症下药/vl，/wd见/v招/v拆/v招/n：/wp一/m、/wn担心/v“/wyz婚姻/n是/vshi爱情/n的/ude1坟墓/n”/wyy。/wj
恐惧/a原因/n：/wp人人/n都/d说/v“/wyz婚姻/n是/vshi爱情/n的/ude1坟墓/n”/wyy，/wd哪怕/c爱情/n再/d美好/a，/wd进入/v婚姻/n就/d没有/v了/ule激情/n和/cc甜蜜/an，/wd只有/c无尽/b的/ude1琐碎/a和/cc烦恼/an。/wj
要是/c不/d结婚/vi就/d没有/v这么/rz多/a麻烦/an事儿/n了/y，/wd可以/v尽情/d享受/v生活/vn，/wd享受/v爱情/n的/ude1滋润/vn…/ws
…/ws
支/q招/n：/wp走/v出/vf婚前/t恐惧症/n，/wd首先/d要/v摆脱/v对/p婚姻/n生活/vn的/ude1幻想/n，/wd不要/d存在/v过/uguo高/a的/ude1期望/vn与/cc奢望/vn，/wd不要/d认为/v爱人/n样样/q都/d好/a，/wd完美无缺/al，/wd蜜月/n真的/d比/p蜜/n还/d甜/a，/wd应该/v清楚/a地/ude2认识/v到/v，/wd新/a家庭/n的/ude1诞生/vn，/wd就/d意味着/v负担/n的/ude1加重/vn，/wd意味着/v双双/m要/v为/p家庭/n尽力/d尽/vi责任/n，/wd尽/vi自己/rr做/v丈夫/n和/cc妻子/n的/ude1责任/n。/wj
须知/n，/wd蜜月/n的/ude1甜美/a是/vshi自己/rr甘心/v为/p爱人/n吃苦/vi受累/vi而/cc赢/v来/vf的/ude1，/wd是/vshi互相/d的/ude1奉献/vn，/wd共同/b的/ude1营造/vn。/wj
要求/v恋人/n们/k在/p婚前/t就要/d有/vyou为/p爱人/n、/wn为/p未来/t的/ude1小家庭/n甘心/v吃苦/vi受累/vi的/ude1决心/n，/wd要/v宽容/vn和/cc谅解/vn爱人/n的/ude1缺点/n。/wj
二/m、/wn包办/v婚姻/n，/wd对/p未来/t老公/n不够/a了解/vn。/wj
恐惧/a原因/n：/wp我/rr和/cc他/rr是/vshi亲戚/n介绍/v认识/v的/ude1，/wd由于/c在/p两/m个/q城市/n工作/vn，/wd我们/rr相识/vi半/m年/qt只/d见/v过/uguo三/m次/qv面/n，/wd家人/n都/d说/v我们/rr年龄/n不/d小/a了/y，/wd催/v着/uzhe我们/rr在/p这个/rz五一/t完婚/v。/wj
可是/c我/rr对/p他/rr还/d不/d了解/v啊/y，/wd他/rr的/ude1生活/vn习惯/n，/wd他/rr的/ude1朋友/n圈/qv，/wd甚至/c他/rr是/vshi不/d是/vshi专/d一/m，/wd原来/d有/vyou没有/d谈/v过/uguo女朋友/n我/rr都/d不/d清楚/a，/wd真是/d无奈/a啊/y，/wd每/rz次/qv一/d想到/v这些/rz就/d头/q大/a，/wd真/d不/d想/v结/v这个/rz婚/ng…/ws
…/ws
支/q招/n：/wp男女/n双方/n需要/v不断/d地/ude2加强/v相互/b之间/f的/ude1了解/vn，/wd加深/v感情/n，/wd这/rzv是/vshi最/d重要/a的/ude1婚前/t心理/n准备/vn。/wj
这项/r准备/v若/c不/d充分/a，/wd其他/rzv准备/v再/d完备/a也/d不/d会/v保障/v婚后/t生活/vi的/ude1美满/a幸福/an，/wd纵然/c是/vshi婚前/t物质/n准备/v应有尽有/vl，/wd亦/d难/a以/p弥补/v心理/n的/ude1损伤/vn，/wd维持/v夫妻/n真挚/a的/ude1恩爱/a。/wj
建议/n你们/rr还/d是/vshi多/ad了解/v一下/mq再/d考虑/v结婚/vi，/wd或者/c婚前/t长/ng谈/v一/m次/qv，/wd尽可能/d多/a的/ude1互相/d了解/v，/wd或许/d可以/v消除/v对/p未来/t婚姻/n的/ude1恐惧感/n。/wj
三/m、/wn担心/v和/cc婆婆/n合不来/v。/wj
恐惧/a原因/n：/wp以后/f就/d要/v和/cc公公/n、/wn婆婆/n住/vi在/p同一/b屋檐/n下/f，/wd各人/rr的/ude1生活/vn习惯/n暴露无遗/vl，/wd相互/d间/f的/ude1摩擦/vn也/d就/d不可避免/vl。/wj
他/rr爸/n妈/n能/v容忍/v我/rr吗/y？/ww
我/rr能/v在/p这个/rz家里/s过/vf得/ude3愉快/a吗/y？/ww
支/q招/n：/wp做/v好/a适应/v新/a生活/vn的/ude1精神/n准备/vn。/wj
婚前/t就/d应/v想/v到/p婚后/t生活/vi的/ude1各个/rz方面/n都/d会/v发生/v显著/a的/ude1变化/vn，/wd不仅/c只/d为/v和/cc爱人/n生活/vn在/p一起/s，/wd还有/v双方/n的/ude1父母/n、/wn兄弟/n、/wn姐妹/n以及/cc亲戚/n朋友/n，/wd要/v学会/v与/p她们/rr和睦相处/vl。/wj
在/p婚前/t乃至/c婚后/t一/m段/q时间/n内/f，/wd应该/v创造/v条件/n去/vf认识/v和/cc熟悉/v那些/rz应该/v认识/v的/ude1人/n，/wd以免/c婚后/t因/p许多/m陌生人/n闯入/v自己/rr的/ude1生活/vn而/cc感到/v紧张/a和/cc引起/v失误/vi，/wd从而/c伤害/v夫妻/n感情/n。/wj
四/m、/wn担心/v家务/n活儿/n干/v不/d完/vi。/wj
恐惧/a原因/n：/wp我/rr是/vshi家里/s的/ude1独生女/n，/wd从小/d父母/n把/pba我/rr视为/v掌上明珠/nl，/wd从来/d没有/d做/v过/uguo家务/n，/wd最/d多/ad整理/v一下/mq自己/rr的/ude1小屋/n什么/ry的/ude1。/wj
可是/c结婚/vi后/f就/d不/d一样/a了/y，/wd要/v学会/v做饭/vi洗/v衣服/n，/wd还要/d拖/v地板/n，/wd清理/v房间/n，/wd光/d是/vshi这/rzv几/m样/q就/d能/v占/v去/vf大半/m的/ude1休息/vn时间/n啊/e…/ws
…/ws
真/d想/v一辈子/mq生活/vn在/p父母/n的/ude1庇/vg阴/ng下/f，/wd这样/rzv就/d不/d会/v头疼/a家务活/n儿/ng了/y。/wj
支/q招/n：/wp每个/r女人/n都/d会/v成为/v主妇/n。/wj
遗憾/a的/ude1是/vshi，/wd“/wyz主妇/n”/wyy目前/t在/p中国/ns并/cc不/d是/vshi一个/mq值得/v骄傲/a的/ude1词/n，/wd因为/c与/p它/rr血脉/n相连/vi的/ude1家务/n，/wd一直/d以来/f都/d被/pbei社会/n和/cc男/b人们/n所/usuo忽视/v甚至/d轻视/v。/wj
我们/rr无法/v让/v男人/n和/cc笑话/n里/f一样/uyy，/wd亲身/d体会/v家务/n劳动/vn的/ude1繁琐/an和/cc辛劳/an，/wd但/c家务/n的/ude1价值/n和/cc其他/rzv任何/rz劳动/vn一样/uyy，/wd是/vshi一个/mq主妇/n尊严/n和/cc价值/n之/uzhi所/usuo系/v，/wd绝不/d能/v轻轻/d一笔带过/vl。/wj
尊重/v家务/n劳动/vn不但/c是/vshi新版/b《/wkz妇女/n权益/n保障/vn法/n》/wky的/ude1突破性/n成果/n，/wd也/d是/vshi男女平等/vl的/ude1根本/a前提/n之一/rz。/wj
五/m、/wn担心/v婚/ng外/f情/n害怕/v离婚/vi。/wj
恐惧/a原因/n：/wp现在/t一/d打开/v报纸/n、/wn网络/n，/wd铺天盖地/vl的/ude1都/d是/vshi出轨/vi啊/y，/wd外遇/n什么的/r，/wd即使/c是/vshi恋爱/vi多年/mq的/ude1爱人/n结婚/vi后/f，/wd也/d会/v出现/v七/m年/qt之/uzhi痒/a，/wd十/m年/qt之/uzhi痒/a什么的/r，/wd让/v人/n心慌/a慌/a。/wj
特别/d是/vshi很多/m单亲/b家庭/n长大/vi的/ude1人/n，/wd特别/d害怕/v结婚/vi后/f又/d离婚/vi，/wd所以/c干脆/d就/d不/d结婚/vi，/wd害怕/v婚姻/n给/p自己/rr再次/d带来/v伤害/vn。/wj
支/q招/n：/wp这种/r恐惧/a一/m是/vshi来源于/v社会/n舆论/n对/p婚姻/n生活/vn的/ude1负面/b“/wyz宣传/v”/wyy，/wd以及/cc一些/mq媒体/n对/p各种/rz婚姻/n问题/n剖析/v过多/d地/ude2“/wyz暴露/v”/wyy了/ule婚姻/n的/ude1阴暗面/n，/wd使/v有/vyou“/wyz结婚/vi意向/n”/wyy的/ude1人/n感到/v一/m种/q无形/b的/ude1压力/n，/wd以致/c产生/v对/p婚后/t生活/vn“/wyz走向/v”/wyy过分/ad忧虑/v和/cc对/p婚姻/n失败/vi的/ude1恐惧/an；/wf另/rz一个/mq原因/n是/vshi，/wd一/m方/q对/p另/rz一/m方/q某/rz方面/n不/d是/vshi很/d满意/v，/wd或/c对/p对方/n某些/rz缺点/n在/p成家/vi后/f能否/v改变/v、/wn自己/rr能/v不能/v适应/v等/udeng心/n存/v疑虑/n。/wj
