赤脚医生/n到底/d是/vshi不/d是/vshi像/p我们/rr看到/v的/ude1一些/mq宣传/vn材料/n里/f说/v的/ude1那样/rzv如/v亲人/n般/uyy体贴/v？/ww
这/rzv要/v分/qt情况/n看待/v。/wj
当时/t的/ude1赤脚医生/n可以/v脱产/vn或者/c半/m脱产/vn，/wd工分/n照样/d有/vyou甚至/d记/v得/ude3比/p常人/n更/d多/a，/wd所以/c除了/p分配/v给/p一些/mq有/vyou文化/n的/ude1知青/n外/f，/wd基本/a被/pbei出身/v贫下中农/n的/ude1农村/n上层/f阶级/n占/v了/ule指标/n。/wj
这些/rz上层/f阶级/n（/wkz红/a五/m类/q）/wky本/d就/d在/p村里/n高人/n一/m头/q，/wd成为/v手中/s掌/n有/vyou一定/b权力/n的/ude1医生/n后/f可能/v更/d傲慢/a。/wj
1966年/t卫生部/nt的/ude1一/m份/q简报/n刊载/v了/ule《/wkz合作医疗/n好处/n多/m》/wky一/m文/ng，/wd指出/v合作医疗/n的/ude1主要/b缺点/n和/cc漏洞/n就/d有/vyou“/wyz部分/n医务/b人员/n缺乏/v全心全意/dl为/p人民/n服务/vn的/ude1思想/n，/wd服务/v态度/n不好/a、/wn医疗/n作风/n不/d正/d”/wyy。/wj
在/p上述/b旅/n美/b作家/n的/ude1回忆/vn中/f，/wd还/d记录/v了/ule另/rz一/m位/q进修/vn赤脚医生/n的/ude1恶劣/a态度/n：/wp“/wyz这/rzv位/q目/ng刚/d识/v丁/o的/ude1农妇/n以/p辱骂/v病人/n及其/cc家属/n为/p其/rz主要/b工作/vn职责/n。/wj
”/wyy在/p遇到/v反抗/v后/f，/wd她/rr一/m声/qv长叹/vi：/wp“/wyz唉/e！/wt
你们/rr这些/rz城里人/n，/wd真是/d太/d狡猾/a了/y！/wt
我/rr真/d是/vshi受/v够/v了/y，/wd受/v够/v了/y！/wt
”/wyy“/wyz她/rr在/p农村/n里/f欺负/v惯/v了/ule百依百顺/vl、/wn任/v人/n作践/v的/ude1农民/n，/wd做梦/vi也/d想不到/vl有人/r竟会/v胆大包天/vl地/ude2起来/vf反抗/v。/wj
”/wyy不可/v否认/v农村/n合作医疗/n和/cc赤脚医生/n为/p改善/v农村/n医疗/n条件/n起/vf到/v了/ule不/d小/a的/ude1作用/n，/wd但/c也/d不宜/v夸大/v。/wj
当时/t群众/n把/pba合作医疗/n称为/v“/wyz群众/n交/v钱/n，/wd干部/n吃/v药/n”/wyy。/wj
此外/c，/wd如果/c那/rzv时候/n的/ude1合作医疗/n真/d那么/rz好/a，/wd为何/ryv在/p80/m年代/n给/v了/ule农民/n自由/an后/f，/wd合作医疗/n便/d很/d快/a土崩瓦解/vl？/ww
…/ws
[/wkz详细/a]/wky两/m大/a原因/n导致/v医生/n态度/n恶劣/a第一/m，/wd在/p基本/ad没有/v市场/n机制/n的/ude1情况/n下/f，/wd医生/n缺乏/v竞争/vn，/wd他们/rr捧/v着/uzhe铁饭碗/n领/v着/uzhe死/a工资/n，/wd不/d需要/v对/p病人/n客气/a。/wj
尤其/d是/vshi在/p医疗/n资源/n匮乏/vi的/ude1情况/n下/f，/wd对/p医疗/n资源/n有/vyou一定/b支配权/n的/ude1医生/n更是/d恃/vg权/n傲慢/an。/wj
4./m八十/m老母/n，/wd盼/v儿/ng祝寿/vi；/wf儿/ng诺/ng十/m年/qt，/wd给/p您/rr拜寿/vi。/wj
可怜/v老母/n，/wd望/v穿/v秋水/n；/wf风烛残年/nl，/wd苦/ad熬/v十/m年/qt。/wj
九十/m老母/n，/wd张灯结彩/vl；/wf终于/d得/ude3来/vf，/wd孝子/n一/d拜/v。/wj
老母/n含泪/vi，/wd儿/ng跪/v不/d起/vf；/wf期间/f十/m年/qt，/wd可/c曾/d探望/v？/ww
现在/t的/ude1演员/n呀/y，/wd人生/n的/ude1自我/rr的/ude1角色/n无/v能力/n表演/v好/a，/wd就/d只有/d靠/v到/v农村/n去/vf表演/v脱衣舞/n来/vf出名/a了/y。/wj
第二/m，/wd当时/t把/pba人/n分为/v红/a五/m类/q（/wkz革命/vn军人/n、/wn革命/vn干部/n、/wn工人/n、/wn贫农/n、/wn下中农/n）/wky、/wn麻/n五/m类/q（/wkz小商贩/n、/wn中/b农/ng、/wn上中农/n、/wn职员/n、/wn自由职业者/n）/wky、/wn黑五类/nz（/wkz地主/n、/wn富农/nr2、/wn反革命/n分子/n、/wn坏分子/n、/wn右派/n分子/n）/wky三/m类/q十五/m等/udeng，/wd文革/n时/ng又/d根据/p路线/n问题/n把/pba人/n分为/v路线/n正确/a的/ude1与/cc路线/n错误/a的/ude1两/m等/udeng。/wj
根据/p这/rzv两/m种/q划分/vn，/wd处于/v低/a等级/n的/ude1人/n本/rz就/d没/v地位/n，/wd再/d加上/v当/v时/ng强调/v斗争/vn性/ng，/wd低/a等级/n的/ude1人/n就/d更/d不/d被/pbei当/v人/n看/v，/wd医生/n对/p这样/rzv的/ude1人/n能/v有/vyou什么/ry好/a态度/n。/wj
而/cc一些/mq赤脚医生/n，/wd既/c是/vshi高/a等级/n（/wkz红/a五/m类/q出身/v）/wky，/wd又/c路线/n正确/a（/wkz赤脚医生/n是/vshi那时/rzt着力/vi宣传/v的/ude1当代/t英雄/n）/wky，/wd一般/a患者/n岂敢/v冒犯/v。/wj
改革/v后/f，/wd伪/ag市场化/v去/vf不/d掉/v医生/n的/ude1牛气/n现在/t的/ude1医/ng患/v关系/n非常/d紧张/a司机/n和/cc猪肉/n佬/ng风光/n不再/d，/wd医生/n依然/z牛/n观察/v当年/t的/ude1社会/n三/m件/q宝/n在/p如今/t的/ude1地位/n变迁/vn，/wd就/d可以/v知道/v哪/ry一/m块/q是/vshi真/a的/ude1市场化/vn了/y，/wd哪/ry一/m块/q还/d保留/v了/ule旧/a体制/n。/wj
改革/v后/f，/wd大部分/m医院/n很/d少/a再/d享受/v财政/n拨款/vi，/wd甚至/c有的/rz医院/n还/d要/v向/p上/f“/wyz纳/v贡/ng”/wyy，/wd但/c这/rzv不/d意味着/v医院/n就/d市场化/v了/y，/wd正/d如/v中/b石油/n、/wn中/b移动/vn们/k也/d不/d是/vshi市场化/v企业/n一样/uyy。/wj
医疗/n服务/vn可/v分为/v医疗/n市场/n服务/vn和/cc医疗/n公益/n服务/vn，/wd前者/rzv应该/v让/v私营/b企业/n搞/v，/wd后者/rzv才/d是/vshi公立/b医院/n的/ude1地盘/n。/wj
但/c如今/t乾坤/n颠倒/v，/wd公立/b医院/n对/p提供/v医疗/n公益/n服务/vn意兴/n阑/ng珊/ng，/wd却/d对/p医疗/n市场/n服务/vn大包大揽/vl，/wd只/d给/p私营/b企业/n吃/v点/qt医疗/n市场/n服务/vn的/ude1残渣/n剩/v羹/ng。/wj
公立/b医院/n能/v做到/v这/rzv一点/mq，/wd盖/v因/p他们/rr和/cc上级/n主管/vn部门/n是/vshi一家/n人/n，/wd这家/r人/n把/pba大部分/m医疗/n市场/n服务/vn划/v入/v自己/rr的/ude1庭院/n，/wd而/cc不/d想/v让/v私营/b力量/n染指/vi。/wj
这/rzv根本/n上/f与/p石油/n领域/n发生/v的/ude1事/n没/d有/vyou不同/a。/wj
这种/r用/p公/b权/n给/p私营/b企业/n设置/vn准入/vn壁垒/n和/cc发展/vn桎梏/n的/ude1做法/n，/wd使得/vi公立/b医院/n一/m家/q独/d大/a，/wd形成/v行政/n垄断/vn。/wj
而/cc与/p行政/n垄断/vn相/d随/v的/ude1往往/d是/vshi低效/n腐败/an、/wn服务/v恶劣/a。/wj
如果/c说/v包括/v铁老大/nl在内/u的/ude1行政/n垄断者/n在/p全民/n紧/d盯/v与/cc责难/vn下/f有所/v收敛/v的话/udh，/wd现在/t对/p公立/b医院/n这样/rzv的/ude1隐性/b行政/n垄断者/n的/ude1监督/vn与/cc问/v责/ng少/v得/ude3可怜/a。/wj
医护/vn人员/n吃回扣/vl触犯/v刑法/n而/cc鲜/ad受/v追究/v的/ude1“/wyz刑/n不/d上/vf大夫/n”/wyy特权/n，/wd就是/v例证/n。/wj
…/ws
[/wkz详细/a]/wky金钱/n对/p冰冷/z的/ude1消解/vn作用/n改革/vn后/f，/wd虽然/c公立/b医院/n整体/n上/f是/vshi行政/n垄断/vn，/wd但/c不同/a的/ude1公立/b医院/n之间/f对/p有/vyou钱/n人/n的/ude1争夺/vn还/d是/vshi形成/v了/ule一定/b的/ude1竞争/vn。/wj
所以/c一些/mq医院/n给/p舍得/v掏钱/vi的/ude1人/n提供/v了/ule特别/a的/ude1服务/vn，/wd比如/v在/p有的/rz医院/n，/wd挂/v昂贵/a的/ude1专家/n号/n并/cc能/v乖乖/n的/ude1听从/v医生/n去/vf指定/v药店/n买/v药/n的/ude1话/n，/wd医生/n还/d是/vshi会/v给/p不少/m笑脸/n的/ude1。/wj
其实/d改革/v前/f，/wd用/p钱/n铺路/vi去/vf抢/v得/ude3一点/mq医疗/n资源/n也/d是/vshi普遍/a现象/n，/wd广西/ns电影/n制片厂/n1983年/t拍摄/v的/ude1电视/n短/a剧/n《/wkz求医/vi》/wky，/wd虽然/c是/vshi歌颂/v医生/n不/d收/v礼/n的/ude1，/wd但/c从/p侧面/f也/d反映/v了/ule那个/rz年代/n给/p医生/n送礼/vi是/vshi风气/n。/wj
只不过/d，/wd改革/v后/f用/p金钱/n铺路/vi的/ude1方式/n和/cc可以/v得到/v的/ude1服务/vn要/v丰富/a多/a了/y。/wj
但是/c相应/vi的/ude1，/wd那些/rz农村/n来/vf城市/n看病/vi，/wd囊中羞涩/al的/ude1农民/n少不了/vl要/v在/p呵斥/v声/ng中/f度过/v。/wj
不可/v否认/v，/wd我们/rr的/ude1社会/n毕竟/d在/p进步/vn，/wd各种/rz进步/vn也/d推动/v了/ule医生/n服务/vn态度/n的/ude1改善/vn。/wj
但/c要/v改变/v人们/n头脑/n中/b医生/n“/wyz脸/n难看/a”/wyy的/ude1印象/n，/wd还/d任重道远/vl。/wj
5./m显示器/n作为/p电脑/n的/ude1重要/a配置/vn之一/rz，/wd是/vshi你/rr与/p电脑/n交流/vn的/ude1唯一/b途径/n，/wd没有/v显示器/n你/rr就/d无法/v使用/v电脑/n。/wj
所以/c爱护/v好/a你/rr的/ude1显示器/n就/d显得/v非常/d重要/a，/wd下面/f我/rr就/d向/p大家/rr说/v说/v如何/ryv爱护/v好/a你/rr的/ude1显示器/n。/wj
