建议/n多/ad看/v一些/mq幸福/a婚姻/n的/ude1报道/n，/wd了解/v外遇/n和/cc出轨/vn只是/c婚姻/n的/ude1小/a部分/n案例/n。/wj
要/v相信/v爱情/n，/wd相信/v婚姻/n，/wd同时/c也/d应该/v多/ad学习/v一下/mq升温/vi爱情/n的/ude1小/a招数/n，/wd只要/c用心/ad经营/v，/wd婚姻/n真/a的/ude1会/n很/d美/a好/a！/wt
六/m、/wn担心/v结婚/vi后/f会/v影响/vn工作/vn和/cc前途/n。/wj
恐惧/a原因/n：/wp谁/ry不/d想/v有/vyou人/n爱/v有人/r疼/a，/wd早/ad点/v结束/v单身/n的/ude1生活/vn啊/y，/wd但/c结婚/vi对/p女/b人/n来说/uls未必/d是/vshi件/q好/a事儿/n。/wj
现在/t工作/vn竞争/vn那么/rz激烈/a，/wd很多/m刚/d毕业/v的/ude1本科/n女生/n都/d找/v不/d到/v工作/vn，/wd更/d别提/v结婚/vi后/f的/ude1女人/n了/y。/wj
一直/d不/d敢/v结婚/vi，/wd是/vshi因为/p害怕/v结婚/vi后/f竞争力/n降低/v，/wd没/d见/v很多/m单位/n招聘/v时/ng直接/ad就/d问/v你/rr“/wyz有/vyou没有/d结婚/vi”/wyy吗/y？/ww
而/cc不少/m女人/n为了/p找/v到/v一/m份/q合意/a的/ude1工作/vn，/wd不得不/d隐/v掉/v自己/rr已婚/vi的/ude1身份/n，/wd成为/v新/a的/ude1都市/n隐/vg婚/ng族/ng…/ws
…/ws
支/q招/n：/wp结婚/vi生/v子/ng是/vshi一个/mq女人/n的/ude1必经/vn阶段/n，/wd如果/c说/v22/m岁/qt的/ude1女子/n是/vshi靠/v一点/mq青春/n和/cc乖巧/a博得/v好感/n的话/udh，/wd一个/mq28/m岁/qt的/ude1女人/n则/d需要/v体现/v稳重/an和/cc能/v干/v。/wj
前/f一阵子/mq有/vyou个/q案例/n，/wd指/v一个/mq30/m岁/qt的/ude1未婚/vn女人/n到/v某/rz公司/n应聘/vi，/wd她/rr的/ude1能力/n和/cc经验/n都/d得到/v了/ule该/rz公司/n的/ude1认可/vn，/wd但/c只/d有/vyou一点/mq，/wd该/rz公司/n对/p她/rr30/m岁/qt还/d未婚/vi表示/v疑惑/vn，/wd担心/v她/rr的/ude1性格/n有/vyou缺陷/n，/wd最后/f还是/d拒绝/v了/ule她/rr。/wj
所以/c说/v，/wd为了/p工作/vn而/cc不/d结婚/vi是/vshi完全/ad没/v必要/a的/ude1，/wd只要/c你/rr不/d是/vshi早婚/vi早/tg育/vg，/wd正常/a的/ude1婚育/vn应该/v是/vshi公司/n和/cc个人/n都/d应该/v考虑/v的/ude1问题/n。/wj
七/m、/wn担心/v婚后/t不/d自由/a。/wj
恐惧/a原因/n：/wp一向/d自由/ad惯/v了/y，/wd真/d要/v我/rr结婚/vi生/v子/ng，/wd规/ng规矩/n矩/ng做/v居家/v女人/n我/rr还/d真/d受不了/al。/wj
未婚/vi时/ng，/wd我/rr可以/v泡/v吧/y，/wd可以/v吸烟/vi，/wd可以/v想/v睡/v多/m晚/tg就/d睡/v多/m晚/tg，/wd可以/v和/cc异性/n网友/n暧昧/a，/wd可以/v叫/vi一/m群/q死党/n来/vf家里/s狂欢/vi…/ws
…/ws
结婚/vi后/f可/v没/v这么/rz自由/a了/y，/wd要/v照顾/v老公/n的/ude1情绪/n，/wd还要/d在乎/v婆婆/n的/ude1脸色/n…/ws
…/ws
支/q招/n：/wp尝试/v承担/v。/wj
在/p步入/v一/m段/q爱情/n生活/vn的/ude1初期/f，/wd单身/n惯/v了/ule的/ude1人/n可能/v会/v有/vyou许多/m的/ude1不/d习惯/v，/wd比如/v讨厌/v二/m人/n天天/d相对/vi，/wd比如/v讨厌/v生活/vn琐事/n，/wd但/c无论如何/dl，/wd都/d不/d要/v轻/vg言/ng放弃/v。/wj
不妨/d为/v自己/rr设定/v一个/mq为期/vi三/m个/q月/n的/ude1时间/n段/q，/wd在/p这/rzv期间/f去/vf尽力/d承担/v自己/rr应/v尽/vi的/ude1那/rzv份/q责任/n，/wd度过/v心理/n适应/v期/qv后/f，/wd你/rr对/p爱情/n与/cc家庭/n的/ude1信心/n，/wd一定/d会/v飞快/z增长/vn。/wj
八/m、/wn担心/v结婚/vi后/f丧失/v魅力/n。/wj
恐惧/a原因/n：/wp我/rr很/d享受/v现在/t被/pbei人/n追/v的/ude1感觉/n，/wd如果/c我/rr一直/d不/d结婚/vi，/wd就/d会/v一直/d有/vyou这些/rz痴情/a男/b追随/v我/rr的/ude1石榴裙/n。/wj
女人/n未婚/vi就/d是/vshi最/d大/a的/ude1资本/n，/wd可以/v尽情/d享受/v男人/n的/ude1疼爱/vn，/wd又/d不必/d像/v家庭/n主妇/n那样/rzv把/pba自己/rr熬/v成/v黄/nr1脸/n婆/ng。/wj
不可/v想像/v，/wd如果/c有/vyou一/m天/qt我/rr结婚/vi了/y，/wd没/v人/n追/v了/y，/wd我/rr还/d向/p谁/ry展示/v自己/rr的/ude1魅力/n？/ww
支/q招/n：/wp结婚/vi不/d意味/v着/uzhe走/v进/vf坟墓/n，/wd结婚/vi后/f的/ude1女人/n也/d可以/v有/vyou自己/rr的/ude1魅力/n和/cc朋友/n圈/qv，/wd当然/d这种/r朋友/n圈/qv并/d不/d是/vshi要/v你/rr和/cc男人/n保持/v暧昧/a，/wd对/p人家/rr的/ude1示/vg爱/v若即若离/vl。/wj
而是/c指/v，/wd你/rr可以/v和/cc男人/n保持/v一/m种/q纯/a友情/n的/ude1关系/n，/wd就/d是/vshi现在/t流行/v的/ude1所谓/v“/wyz蓝/a颜/ng知己/n”/wyy。/wj
每个/r女人/n，/wd骨子里/s头/n大概/d总/d有/vyou这样/rzv一/m种/q情结/n的/ude1，/wd想/v拥有/v个/q蓝/a颜/ng做/v知己/n。/wj
这个/rz蓝/a颜/ng不/d是/vshi丈夫/n，/wd不/d是/vshi情/n人/n，/wd而是/c居住/v在/p她/rr精神/n领域/n里/f的/ude1那/rzv一个/mq，/wd他/rr不/d一定/d英俊/a，/wd但/c一定/d成熟/a，/wd可靠/a，/wd善解人意/al。/wj
女人/n的/ude1梦想/n里/f，/wd便/d总/d期望/v着/uzhe能/v与/p这样/rzv的/ude1男子/n相遇/vi，/wd一旦/d遇/v上/f，/wd她们/rr的/ude1寂寞/an和/cc软弱/a，/wd便/d都/d有/vyou了/ule寄存/v的/ude1地方/n。/wj
九/m、/wn担心/v他/rr（/wkz她/rr）/wky不/d是/vshi自己/rr最/d爱/v的/ude1人/n./wj
恐惧/a原因/n：/wp他/rr是/vshi我/rr的/ude1大学/n同学/n，/wd我们/rr马拉松/n恋爱/vi了/ule八/m年/qt，/wd如今/t家人/n都/d催/v我们/rr结婚/vi，/wd虽然/c看/v起来/vf好像/v水到渠成/vl，/wd但/c我/rr心里/s却/d一直/d高兴/a不/d起来/vf。/wj
因为/p长/a时间/n的/ude1拍/v拖/v，/wd我们/rr已经/d没有/v了/ule心跳/vi的/ude1感觉/n，/wd只/d有/vyou一/m种/q亲人/n般/uyy的/ude1默契/an和/cc温/nr1开水/n般/uyy的/ude1生活/vn。/wj
越/d临近/v结婚/vi，/wd我/rr就/d越/d害怕/v，/wd担心/v他/rr不/d是/vshi我/rr的/ude1最/d爱/v，/wd担心/v他/rr只是/d一个/mq好/a的/ude1结婚/vn对象/n，/wd而/cc不/d会/v为/p我/rr带/v来/vf激情/n…/ws
…/ws
支/q招/n：/wp虽然/c他/rr可能/v不/d是/vshi你/rr最/d爱/v的/ude1那个/rz人/n，/wd但是/c他/rr将/d是/vshi你/rr现在/t和/cc未来/t最/d亲密/a的/ude1人/n！/wt
有些/rz爱情/n永远/d是/vshi远/a观/vg的/ude1好/a，/wd有些/rz甜蜜/a还是/c珍藏/v的/ude1好/a，/wd你/rr最/d爱/v的/ude1人/n也许/d并/d不/d适合/v做/v你/rr的/ude1老公/n。/wj
珍惜/v现在/t，/wd你/rr就/d一定/d是/vshi最/d幸福/a的/ude1新娘/n！/wt
惊天地/vl且/c泣/vg鬼神/n的/ude1好/a帖/ng!/wt
囧/n，/wd马克/n一下/mq。/wj
惊/v现/tg传说/n中/f的/ude1滥/a帖/ng,/wd迅速/ad围观/vi。/wj
说/v的/ude1很/d有/vyou道理/n，/wd很多/m也/d是/vshi我/rr所/usuo担心/v的/ude1，/wd难道/d我/rr得/v了/ule婚前/t恐惧症/n？/ww
这种/r情况/n下/f，/wd还/d能/v指望/v医生/n有/vyou什么/ry好/a态度/n呢/y？/ww
姜昆/nr和/cc李文华/nr的/ude1相声/n《/wkz打针/vi》/wky，/wd对/p那/rzv时候/n医生/n的/ude1恶劣/a态度/n有/vyou生动/a的/ude1刻画/vn。/wj
农村/n合作医疗/n和/cc赤脚医生/n真相/n如果/c说/v城市/n中/f的/ude1医疗/n资源/n已经/d很/d匮乏/vi的/ude1话/n，/wd农村/n就/d更/d糟/a。/wj
1965年/t6月/t26日/t，/wd毛泽东/nr听/v卫生部/nt部长/n钱信忠/nr汇报/v工作/vn时/ng严厉/a地/ude2说/v:/wp“/wyz卫生部/nt只/d给/p全国/n人口/n的/ude115%/m工作/vn，/wd而且/c这/rzv15%/m中/f主要/d是/vshi老爷/n，/wd广大/b农民/n得/ude3不/d到/v医疗/n，/wd一/d无/v医/ng，/wd二/m无/v药/n。/wj
卫生部/nt不/d是/vshi人民/n的/ude1卫生部/nt，/wd改/v成/v城市/n卫生部/nt或/c老爷/n卫生部/nt，/wd或/c城市/n老爷/n卫生部/nt好/a了/y！/wt
”/wyy但是/c毛泽东/nr的/ude1发怒/vi并/cc不/d能/v把/pba财政/n拨款/vi落实/v到/v农村/n，/wd农村/n展开/v了/ule以/p社员/n出资/vi为主/vi的/ude1合作医疗/n。/wj
解决/v了/ule部分/m资金/n问题/n，/wd却/d无法/v解决/v医生/n的/ude1问题/n。/wj
当时/t接受/v过/uguo正规/a医疗/n教育/vn的/ude1医生/n并/cc不/d多/a，/wd文革/n中/f更/d是/vshi把/pba医学/n教育/vn荒废/v了/y，/wd有限/a的/ude1正规/a医生/n集中/ad在/p城市/n，/wd农村/n只/d能/v采用/v选拔/v一/m批/q人/n接受/v短期/b医学/n培训/vn成为/v赤脚医生/n（/wkz赤脚医生/n泛指/vn乡村/n医生/n，/wd有时候/d特指/v这种/r经过/p培训/vn的/ude1乡村/n医生/n）/wky的/ude1办法/n。/wj
