若/c是/vshi房子/n本身/rz有/vyou缺/v角/q，/wd则/c建议/v利用/v装潢/n或/c摆/v些/q开/v运/v物品/n将/d缺/v角/n补/v起/vf，/wd这样/rzv才/d能/v避免/v财运/n不/d顺/v及/cc频频/d漏/v财/n的/ude1情况/n发生/v。/wj
此外/c，/wd在/p阳/ag宅/ng学/v中/f想/v要/v招/v财/n，/wd灯光/n的/ude1运用/vn也/d是/vshi很/d重要/a的/ude1关键/n之一/rz。/wj
客厅/n明亮/a代表/n贵人/n很/d旺/a，/wd所以/c客厅/n的/ude1灯光/n尽量/d不/d要/v用/p日光灯/n或/c用/p白光/nr，/wd最好/d能/v使用/v黄色/n的/ude1灯光/n，/wd也/d就是/v卤素/n灯/n。/wj
卤素/n灯/n不但/c可以/v带/v给/p人/n温暖/an和谐/a的/ude1感觉/n，/wd也/d会/v带来/v很/d旺/a的/ude1人气/n和/cc财/n气/n，/wd因此/c，/wd家里/s的/ude1客厅/n一定/d要/v有/vyou卤素/n灯/n，/wd才/d会/v发大财/vi。/wj
还有/v，/wd如果/c客厅/n有/vyou几/m个/q角落/n是/vshi不/d动/v方/q，/wd那/rzv就是/v你/rr家/n的/ude1财/n位/q，/wd可/v得/ude3好好/d运用/v，/wd建议/n一定/d要/v摆/v座/q灯/n来/vf照亮/v这个/rz财/n位/q。/wj
妥善/a的/ude1运用/vn灯光/n来/vf改善/v住家/n磁场/n，/wd除了/p可以/v让/v空间/n感/vg放大/v，/wd也/d可以/v预防/v小人/n来/vf破坏/v财运/n。/wj
一/m天/qt不/d灌/v就/d好/a象/ng人/n在/p地上/s没有/v影子/n——/wp没/v得/ude3救/v了/y！/wt
幽雅/a的/ude1坐/v着/uzhe七/m彩云/n飘/v过/uguo。/wj
“/wyz我们/rr现在/t的/ude1教育/vn有/vyou个/q误区/n，/wd就/d是/vshi每个/r问题/n非/b要/v有/vyou一个/mq标准/n答案/n，/wd其实/d今天/t的/ude1面试/vn不/d是/vshi一个/mq考试/vn，/wd是/vshi没有/d正确/a答案/n的/ude1。/wj
我们/rr更/d愿意/v把/pba今天/t的/ude1面试/vn作为/v面谈/v来看/u。/wj
”/wyy文科/n面试/vn专家/n解释/v说/v，/wd“/wyz我们/rr不/d会/v因为/p学生/n回答/v不/d出/vf一个/mq问题/n就/d否定/v他/rr。/wj
学生/n可以/v说/v这个/rz问题/n不/d成问题/vl，/wd甚至/d可以/v反问/v专家/n。/wj
我/rr欣赏/v那种/r当/p我/rr一个/mq问题/n问/v出来/vf之后/f，/wd他/rr会/v反问/v你/rr确定/v条件/n的/ude1学生/n。/wj
像/p《/wkz西游记/nz》/wky这/rzv道/qv问题/n，/wd学生/n其实/d有/vyou多种/m回答/v，/wd比如/v他/rr可以/v说/v玉皇大帝/n不/d能/v降服/v孙悟空/nr，/wd要/v请/v如来佛/nr来/vf降服/v，/wd说明/v玉皇大帝/n的/ude1武力/n不如/v如来/n佛祖/n等/udeng。/wj
”/wyy压/v根/n没/v办法/n回答/v各/rz有/vyou各/rz的/ude1说法/n可以/v从/p年龄/n方面/n来/vf比/v：/wp释迦牟尼/nrf佛/n，/wd即/v如来/n佛祖/n，/wd约/d前/f624/m－/wp前/f544/m，/wd一/d说/v前/f564/m－/wp前/f484/m，/wd即/v中国/ns大约/d后周/t春秋/t战国/t时期/n吧/y。/wj
而/cc玉皇大帝/n，/wd太/d古/a洪荒/n时期/n。/wj
这样/rzv一/m比/v，/wd显而易见/bl，/wd是/vshi玉皇大帝/n大/a！/wt
*/w百度/nz贴吧/n_newword*/w2012-02-1608:43/m"/wyz维/ng扬/vg卧龙/n"/wyy西安/ns全民/n学/v英语/nz，/wd创建/v国际/n语言/n环境/n西安/ns晚报/n2月/t14日/t报道/v西安/ns昨日/t出台/vi意见/n规定/n，/wd将/d加强/v国际/n语言/n环境/n建设/vn，/wd到/p2015年/t公务员/n、/wn*/w*/w、/wn出租车/n司机/n都/d能/v用/p英语/nz对话/vn。/wj
根据/p规定/n，/wd40/m岁/qt以下/f的/ude1公务员/n将/d掌握/v英语/nz对话/vi300/m句/q以上/f，/wd可/v用/p英语/nz进行/vx简单/a交流/vn，/wd40/m岁/qt以下/f的/ude1*/w*/w80%/m能/v掌握/v本/rz系统/n英语/nz会话/v100/m句/q西安/ns古城/n一心/d要/v建/v国际化/vn大都市/n，/wd不仅/c城市/n硬件/n上/f在/p上/f，/wd软件/n上/f他们/rr也/d要/v上/f，/wd不/d想/v被/pbei别人/rr说/v光/d有/vyou个/q面子/n没有/v里子/n，/wd地/n标/v建筑/n一个/mq又/d一个/mq，/wd城墙/n装饰/v了/ule一/m遭/qv又/d一/m遭/qv，/wd折腾/v完了/vi物/ng又/d开始/v折腾/v人/n了/y，/wd让/v老百姓/n们/k都/d要/v学/v英语/nz，/wd大人/n要/v学/v小孩/n要/v学/v，/wd坐/v办公室/n的/ude1公务员/n要/v学/v，/wd端/v盘子/n的/ude1服务员/n也/d要/v学/v，/wd开/v出租/v的/ude1司机/n要/v学/v，/wd连/ulian大盖帽/n的/ude1*/w*/w也/d得/ude3学/v，/wd不/d学/v不/d让/v上岗/vi。/wj
西安/ns这么/rz做/v，/wd是/vshi要/v创造/v一个/mq宾至如归/vl的/ude1环境/n，/wd让/v那些/rz外国人/n到/v了/ule西安/ns，/wd还/d以为/v在/p自己/rr国家/n里/f，/wd他们/rr以为/v这样/rzv，/wd就/d是/vshi国际/n大都市/n了/y。/wj
现在/t已经/d是/vshi国际化/vn大都市/n的/ude1纽约/nsf、/wn伦敦/nsf、/wn巴黎/nsf，/wd没有/d听说/v一个/mq城市/n规定/n，/wd所有/b的/ude1人/n都/d得/ude3学/v汉语/nz，/wd不/d学/v不/d给/v上学/vi上岗/vi升/v职/ng的/ude1。/wj
在/p咱/rr中国/ns西安/ns，/wd不/d学/v就/d不/d上/vf行/ng，/wd学/v了/ule通/v不/d过/uguo还/d不行/a。/wj
据/p世界/n奢侈品/n协会/n日前/t发布/v华人/n春节/t海外/s奢侈品/n消费/vn的/ude1监控/vn报告/n显示/v，/wd春节/t期间/f，/wd中国/ns人/n在/p境外/s奢侈品/n消费/vn累计/vd达/v72亿/m美元/q，/wd他/rr创/vg历史/n新高/n，/wd就/d这么/rz大/a的/ude1购买力/n消费/vn能力/n，/wd也/d没有/v任何/rz一个/mq国家/n城市/n给/p中国/ns全部/m汉语/nz接待/v的/ude1待遇/n!/wt
那些/rz外国/n游客/n来/vf到/v西安/ns，/wd一/m年/qt能/v有/vyou这/rzv百分之一/m的/ude1消费/vn能力/n么/y？/ww
我们/rr的/ude1西安/ns政府/n却/d要/v花费/v巨额/b投入/vn来/f给/p他们/rr创造/v一个/mq旅游/vn的/ude1环境/n。/wj
一个/mq国家/n主权/n最为/d明确/a的/ude1象征/n，/wd就/d是/vshi它/rr的/ude1语言/n!/wt
外国人/n来/vf我国/n，/wd应该/v是/vshi让/v他们/rr学习/v汉语/nz，/wd适应/v汉语/nz的/ude1交流/vn环境/n，/wd毕竟/d使用/v汉语/nz达/v世界/n四分之一/m人口/n，/wd我国/n人员/n出国/vi不/d是/vshi都/d要/v学习/v英语/nz或者/c配备/v英语/nz秘书/n么/y？/ww
为何/ryv不/d能/v让/v外国人/n也/d这么/rz做/v？/ww
国际/n大都市/n不/d是/vshi国际/n大/a旅游/vn服务/vn市/n，/wd我们/rr的/ude1西安/ns还/d是/vshi中国/ns国土/n，/wd为何/ryv在/p自己/rr的/ude1地盘/n上/f直/d不/d起/vf腰/n，/wd还要/d折腾/v自己/rr？/ww
8./m又/d是/vshi一/m年/qt“/wyz3/m?/ww
15/m”/wyy。/wj
每年/r一/d到/v这时候/rzt，/wd各种/rz商品/n质量/n问题/n就/d会/v特别/d引/v人/n关注/vn。/wj
去年/t，/wd本报/rz关注/v报道/v了/ule建筑/n部/q品/v行业/n种种/q不/d诚信/a的/ude1行为/n，/wd今年/t，/wd本报/rz以/p“/wyz品质/n”/wyy为/p主题/n，/wd持续/vd在/p“/wyz3/m?/ww
15/m”/wyy期间/f对/p行业/n予以/vx关注/vn。/wj
而/cc建筑/n部/q品/v行业/n的/ude1品牌/n企业/n也/d联合/v起来/vf发出/v“/wyz品质/n宣言/n”/wyy，/wd呼吁/v全/a行业/n将/p消费者/n权益/n放在/v首/m位/q，/wd以/p产品/n质量/n为/p生命线/n，/wd严格/ad把/pba控/v质量/n，/wd为/p市场/n提供/v质量/n过硬/a的/ude1产品/n。/wj
与此同时/c，/wd本报/rz也/d发出/v倡议/n，/wd关注/v产品/n质量/n，/wd不/d应/v只/d是/vshi“/wyz3/m?/ww
15/m”/wyy期间/f的/ude1大事/n，/wd而/cc应/v内/f化为/v企业/n和/cc全/a社会/n的/ude1常态/n工作/vn，/wd毕竟/d，/wd建筑/n部/q品/v质量/n是否/v过关/vi，/wd关系/n到/v我们/rr日常/b居住/vn的/ude1安全/an、/wn便利/an及/cc舒适度/n。/wj
1月/t24日/t，/wd中国消费者协会/nt公布/v了/ule2010年/t全国/n消协/n组织/v受理/v投诉/vn情况/n分析/vn。/wj
分析/v显示/v，/wd在/p投诉/vn问题/n的/ude1类别/n中/f，/wd房屋/n建材/n类/q占/v5./m5%/m，/wd与/p2009年/t的/ude1数据/n持平/vi。/wj
然而/c，/wd从/p各/rz省/n市/n消费者/n协会/n得到/v的/ude1消息/n显示/v，/wd房屋/n质量/n投诉/vn持续/vd增多/v，/wd房屋/n质量/n问题/n再/d成/v焦点/n。/wj
各地/rzs房屋/n质量/n投诉/v多/m根据/p广西/ns消费者/n权益/n保护/vn委员会/n发布/v的/ude12010年/t消费者/n投诉/vn统计/vn，/wd房屋/n质量/n问题/n投诉/vn不/d断/v。/wj
2010年/t广西/ns各级/r消委会/n受理/v的/ude1房屋/n质量/n问题/n投诉/v与/p2009年/t同比/n增加/v159./m46%/m，/wd主要/d涉及/v房屋/n墙体/n开裂/v、/wn墙/n面/n渗漏/vn、/wn窗台/n和/cc阳台/n渗漏/vn等/udeng问题/n。/wj
