这/rzv是/vshi一切/rz痛苦/a的/ude1根源/n。/wj
8/m，/wd我们/rr都/d在/p做梦/vi。/wj
晚上/t做/v的/ude1梦/n是/vshi黑/a梦/n，/wd白天/t做/v的/ude1梦/n是/vshi白梦/nr。/wj
晚上/t的/ude1梦/n很/d容易/ad醒/v过来/vf，/wd但是/c白天/t的/ude1梦/n很/d难/ad醒/v过来/vf。/wj
醒/v过来/vf了/ule就/d叫/vi觉/v者/k，/wd没有/d醒/v过来/vf叫/vi迷/v者/k。/wj
11./m诚信/a今天/t上午/t，/wd我们/rr学习/v了/ule《/wkz打赌/v》/wky这/rzv篇/q课文/n。/wj
课文/n里/f讲/v到/v了/ule我/rr和/cc爸爸/n打赌/v，/wd爸爸/n戒/v了/ule烟/n，/wd而/cc我/rr改掉/v了/ule吃/v零食/n不/d吃饭/vi这个/rz坏/a习惯/n。/wj
最后/f那/rzv句/q话/n特别/d让/v我/rr难忘/v：/wp“/wyz男子汉/n说话/vi，/wd算数/vi！/wt
”/wyy不过/c，/wd这/rzv一/m句/q话/n却/d让/v我/rr觉得/v很/d不安/a，/wd久久/d不/d能/v平静/a下来/vf。/wj
因为/p这/rzv使/v我/rr想起/v了/ule一/m件/q事/n。/wj
那天/t，/wd爸爸/n、/wn妈妈/n、/wn两/m个/q姐姐/n和/cc我/rr一/m家/q人/n在/p吃饭/vi。/wj
突然/a爸爸/n问/v起/vf了/ule我/rr的/ude1学习/vn。/wj
爸爸/n看/v着/uzhe我/rr那/rzv段/q时间/n天/qt天/qt一/m吃/v完/vi饭/n就/d往/p学校/n里/f赶/v，/wd觉得/v很/d奇怪/v。/wj
我/rr告诉/v他/rr自己/rr参加/v了/ule学校/n里/f的/ude1辅导/vn组/n，/wd准备/v参加/v知识/n竞赛/vn呢/y。/wj
爸爸/n听/v了/ule很/d高兴/a的/ude1，/wd就/d说/v：/wp“/wyz要/v是/vshi你/rr能/v在/p比赛/vn中/f获奖/vi的/ude1话/n，/wd我/rr就/d给/p你/rr买/v你/rr一直/d最/d想/v要/v的/ude1自行车/n！/wt
”/wyy我/rr听/v了/ule信心/n十足/z地/ude2说/v：/wp“/wyz那/rzv这个/rz奖品/n我/rr拿/v定/v了/y！/wt
”/wyy过/vf了/ule些/q天/qt，/wd我们/rr比赛/v了/y。/wj
一/m看/v那些/rz题/n，/wd挺/d容易/a的/ude1，/wd我/rr就/d兴/v高/a彩/ng烈/a地/ude2做/v了/ule起来/vf，/wd一边/d做/v，/wd一边/d想/v着/uzhe自己/rr骑/v上/vf了/ule那/rzv辆/q心爱/b的/ude1自行车/n的/ude1威武/a样子/n…/ws
…/ws
过/vf了/ule几/m天/qt，/wd老师/n知道/v比赛/vn结果/n了/y。/wj
她/rr告诉/v我/rr，/wd还/d差/a一分/t我/rr就/d能/v入/v奖/n了/y，/wd让/v我/rr继续/v努力/an。/wj
可/v我/rr听/v了/y，/wd却/d楞/vg了/ule好/a一会儿/mq！/wt
我/rr的/ude1自行车/n泡汤/vi了/y，/wd怎么办/ryv呢/y？/ww
不过/c，/wd幸亏/d爸爸/n天天/d忙/v着/uzhe到/v田里/s种菜/v，/wd到/v市场/n卖/v菜/n，/wd他/rr可/v没/d留意/v我/rr那天/r没精打采/al的/ude1。/wj
两/m个/q姐姐/n也/d顾/v着/uzhe自己/rr的/ude1学习/vn，/wd当然/d也/d没/d多/a大/a留意/vn。/wj
当/p有/vyou一/m天/qt爸爸/n载/v着/uzhe我/rr经过/p商场/n门口/s的/ude1时候/n，/wd他/rr才/d好像/v突然/ad想起/v了/ule什么/ry事/n，/wd说/v：/wp“/wyz嗯/e，/wd前/f些/q天/n你/rr不/d是/vshi说/v比赛/vn吗/y？/ww
结果/n怎么样/ryv了/y？/ww
”/wyy我/rr一/d听/v，/wd犹豫/a了/ule一下/mq，/wd瞟/v了/ule一下/mq商场/n里面/f的/ude1自行车/n，/wd说/v：/wp“/wyz爸爸/n，/wd你/rr早/ad就/d输/v掉/v了/ule一/m辆/q自行车/n给/p我/rr了/y…/ws
…/ws
只不过/d这些/rz天/n我/rr见/v你/rr忙/v，/wd所以/c没/d跟/p你/rr说/v…/ws
…/ws
”/wyy“/wyz这么/rz乖/a？/ww
那/rzv现在/t就/d去/vf买/v吧/y。/wj
”/wyy这/rzv天/qt中午/t，/wd我/rr得到/v了/ule一/m辆/q自行车/n。/wj
我/rr得意洋洋/al地/ude2骑/v着/uzhe它/rr到处/d晃/v，/wd可/c回到/v家/n来/vf看/v到/v两/m个/q姐姐/n不/d大/a相信/v的/ude1眼睛/n时/ng，/wd就/d有/vyou一点/mq抬/v不/d起/vf头/n…/ws
…/ws
就/p这样/rzv，/wd爸爸/n一直/d不/d知道/v我/rr说/v了/ule个/q不易/ad察觉/v的/ude1谎话/n。/wj
我/rr的/ude1自行车/n也/d一直/d骑/v到/v了/ule今天/t。/wj
可是/c，/wd今天/t学/v的/ude1《/wkz打赌/v》/wky却/d让/v我/rr觉得/v放学/vi后/f再/d骑/v自行车/n很/d没劲/a。/wj
回到/v家里/s，/wd大/a姐姐/n和/cc二/m姐姐/n都/d已经/d放学/vi回来/v了/y。/wj
她们/rr正在/d做/v作业/n呢/y。/wj
大/a姐姐/n一/d见/v我/rr回来/v，/wd就/d说/v：/wp“/wyz好/a了/y，/wd你/rr可/v回来/v了/y。/wj
我/rr可/v盼/v你/rr快/a点/qt回来/v呢/y！/wt
”/wyy我/rr奇怪/v地/ude2问/v：/wp“/wyz什么/ry事/n？/ww
”/wyy大/a姐姐/n说/v：/wp“/wyz老师/n让/v我们/rr个人/n或/c合作/v做/v一/m份/q手/n抄报/v，/wd和/cc家人/n合作/vn也/d可以/v，/wd是/vshi关于/p诚信/a的/ude1，/wd让/v我们/rr收集/v一些/mq关于/p诚信/a的/ude1故事/n或/c资料/n。/wj
我/rr想起/v以前/f学/v过/uguo《/wkz小珊迪/nrf》/wky这/rzv篇/q课文/n，/wd小珊迪/nrf就是/v一个/mq讲/v诚信/a的/ude1榜样/n，/wd所以/c得/v找/v你/rr拿/v钥匙/n取出/v那/rzv本/q书/n…/ws
…/ws
”/wyy二/m姐姐/n接着/c说/v：/wp“/wyz还有/v呢/y。/wj
我/rr记得/v《/wkz宋庆龄/nr的/ude1故事/n》/wky里/f讲/v到/v了/ule她/rr小时候/t信守/v诺言/n的/ude1故事/n，/wd所以/c要/v找/v出/vf来/vf看/v一/m看/v。/wj
还有/v不少/m故事/n是/vshi讲/v诚信/a的/ude1，/wd再/d找/v一/m找/v。/wj
——/wp这/rzv是/vshi我/rr答应/v帮/v大/a姐姐/n忙/a的/ude1。/wj
然后/c呢/y，/wd你/rr得/v帮/v大/a姐姐/n写/v一/m篇/q作文/n，/wd也/d是/vshi关于/p讲/v诚信/a的/ude1。/wj
”/wyy非/b曲直/n“/wyz诚信/a诚信/a，/wd越/d怕/v它/rr就/d越/d要/v听/v到/v它/rr！/wt
我/rr还/d在/p想/v《/wkz打赌/v》/wky呢/y，/wd还/d在/p想/v我/rr的/ude1自行车/n呢/y，/wd还/d在/p想/v我/rr该/rz不/d该/v告诉/v爸爸/n呢/y。/wj
”/wyy我/rr心里/s嘀咕/v着/uzhe。/wj
一边/d开/v了/ule房门/n，/wd走/v到/v了/ule书架/n前/f。/wj
书架/n上/f的/ude1书/n一/m本/q又/d一/m本/q，/wd有/vyou那么/rz多/a的/ude1名人/n的/ude1故事/n。/wj
那么/rz多/a的确良/n名人/n，/wd他们/rr都/d是/vshi一些/mq有/vyou道德/n的/ude1、/wn讲/v诚信/a的/ude1人/n，/wd“/wyz他们/rr会/v不/d会/v笑/v我/rr骑/v自行车/n也/d骑/v得/ude3不/d光彩/a呢/y？/ww
还/d让/v我/rr写/v作文/n呢/y，/wd不/d知道/v怎样/ryv写/v！/wt
——/wp可是/c，/wd要是/c我/rr能/v把/pba事情/n说/v出来/vf，/wd爸爸/n也/d一定/d能/v原谅/v我/rr的/ude1。/wj
能/v勇敢/ad承认/v自己/rr的/ude1错误/n，/wd也/d是/vshi讲/v诚信/a的/ude1表现/vn啊/y。/wj
就是/v这样/rzv办/v。/wj
”/wyy写/v诚信/a作文/n要/v有/vyou一/m件/q主要/b的/ude1事/n。/wj
诚信/a是/vshi雨/n，/wd洗涤/v着/uzhe人们/n心灵/n的/ude1尘埃/n。/wj
诚信/a是/vshi雷/n，/wd震撼/v着/uzhe人们/n虚伪/a的/ude1灵魂/n。/wj
我/rr是/vshi一个/mq有名/a的/ude1顽童/n，/wd跟/p人/n打架/vi的/ude1是/vshi我/rr，/wd不/d做/v作业/vi的/ude1是/vshi我/rr，/wd踩/v上/vf课桌/n飞跑/vi的/ude1是/vshi我/rr，/wd把/pba中/b队旗/n拿/v下来/vf玩/v“/wyz斗牛/vi”/wyy的/ude1还/d是/vshi我/rr。/wj
我/rr这么/rz顽皮/a，/wd可是/c同学/n都/d信任/v我/rr，/wd因为/c我/rr非常/d诚实/a,/wd是/vshi我/rr干/v的/ude1事/n我/rr都/d承认/v。/wj
记得/v我/rr读/v三/m年级/n时/ng,/wd妈妈/n每天/r都/d给/p我/rr10/m元/q钱/n，/wd我/rr每天/r除了/p吃/v早餐/n，/wd上学/vi、/wn放学/vi坐/v车/n，/wd中午/t买/v菜/n，/wd买/v学习/v用品/n，/wd零花/v后/f总/d要/v节省/v几/m元/q，/wd然后/c把/pba它/rr存/v起来/vf。/wj
一/m段/q时间/n下来/vf，/wd我/rr已经/d存/v了/ule150/m多/m元/q钱/n了/y。/wj
我/rr把/pba这个/rz秘密/n告诉/v了/ule妈妈/n，/wd妈妈/n高兴/a得/ude3合/v不/d拢/v嘴/n，/wd一个劲/d地/ude2夸/v：/wp“/wyz我/rr的/ude1儿子/n真/d有/vyou出息/n！/wt
”/wyy一/m天/qt，/wd我/rr见/v同学/n买/v了/ule遥控/vn赛车/vn，/wd真/d让/v人/n玩/v得/ude3过瘾/a，/wd我/rr手/n痒痒/a的/ude1，/wd真/d想/v玩/v，/wd可/v那/rzv位/q同学/n不/d肯/v，/wd我/rr心想/v“/wyz真/d小气/a，/wd我/rr又/d不/d是/vshi没/v钱/n的/ude1人/n。/wj
