楼/n主/ag，/wd你/rr的/ude1高尚/a情操/n./wj
太/d让/v人/n感动/v了/y。/wj
北京大学/nt论坛/n没/d白/a来/vf。/wj
几/m头/q雾/n水/n…/ws
，/wd一头/d看/v天津/ns交友/vi，/wd一头/d被/pbei你/rr迷糊/vi。/wj
强/a人/n，/wd佩服/v死/v了/y。/wj
呵呵/e，/wd不错/a啊/y，/wd北京大学/nt论坛/n的/ude1小弟/n支持/v你/rr。/wj
什么/ry啊/y，/wd北京大学/nt论坛/n上/f什么/ry东西/n都/d有/vyou啊/y！/wt
12./m今天/t我们/rr在/p这里/rzs许/v下/vf美好/a的/ude1愿望/n，/wd一/m年/qt的/ude1奋斗/vn努力/an，/wd我们/rr披星戴月/vl，/wd从不/d停息/vi追逐/v梦想/n的/ude1脚步/n。/wj
等/v梦想/n都/d实现/v的/ude1那/rzv一/m天/qt，/wd我们/rr走/v在/p北大/n的/ude1校园/n里/f，/wd漫步/v在/p未名湖/ns畔/ng，/wd再/d回到/v这里/rzs，/wd再/d回味/v这/rzv期间/f的/ude1酸甜苦辣/nl，/wd那/rzv是/vshi怎样/ryv一番/mq滋味/n啊/y、/wn、/wn、/wn、/wn、/wn今天/t我们/rr在/p这里/rzs许/v下/vf美好/a的/ude1愿望/n，/wd一/m年/qt的/ude1奋斗/vn努力/an，/wd我们/rr披星戴月/vl，/wd从不/d停息/vi追逐/v梦想/n的/ude1脚步/n。/wj
等/v梦想/n都/d实现/v的/ude1那/rzv一/m天/qt，/wd我们/rr走/v在/p北大/n的/ude1校园/n里/f，/wd漫步/v在/p未名湖/ns畔/ng，/wd再/d回到/v这里/rzs，/wd再/d回味/v这/rzv期间/f的/ude1酸甜苦辣/nl，/wd那/rzv是/vshi怎样/ryv一番/mq滋味/n啊/y！/wt
一/m首/q考/v研/v诗/n与/p大家/rr共勉/vi：/wp有人/r说/v考/v研/v是/vshi一/m条/q不/d归/v路/n，/wd选择/v它/rr就/d意味着/v选择/v了/ule孤独/a。/wj
匆匆/d追寻/v梦/n的/ude1脚步/n!/wt
披星戴月/vl，/wd风雨无阻/vl!/wt
为了/p前程/n，/wd我们/rr将/p青春/n荒芜/a为了/p理想/n，/wd我们/rr把/pba爱情/n放逐/v有/vyou没/d有/vyou一/m盏/q灯/n，/wd为/p我/rr在/p黑夜/n里/f照亮/v归途/n。/wj
有/vyou没/d有/vyou一/m颗/q心/n，/wd听/v我/rr在/p郁闷/a时/ng将/d烦恼/an倾诉/v。/wj
一次次/m眺望/v远方/s，/wd成功/a的/ude1彼岸/n却/d总/d也/d看/v不/d清楚/a。/wj
一回回/m跌倒/vi爬/v起/vf，/wd咬咬/v牙/n告诉/v自己/rr要/v坚强/a不/d哭/v。/wj
没有/d收获/v不/d需要/v付出/v！/wt
没有/v成功/an不/d经历/v痛苦/an！/wt
听/v吧/y是/vshi谁/ry正/d将/p我们/rr的/ude1心声/n唱/v出/vf./wj
./wj
./wj
./wj
./wj
./wj
不/d到/v最后/f，/wd我/rr决不/d认输/vi！/wt
那/rzv一刻/mq我们/rr为了/p心中/s的/ude1希望/vn而/cc启程/vi。/wj
那/rzv一刻/mq我们/rr为了/p不/d让/v自己/rr失望/a而/cc前/f行/vi。/wj
那/rzv一刻/mq我们/rr将/d用/p自己/rr的/ude1胜利/vn的/ude1欢笑/vn和/cc幸福/a的/ude1泪水/n来/f把/pba那些/rz奋力/d拼搏/vi的/ude1日日夜夜/nl化为/v我们/rr生命/n中/f难忘/v的/ude1永恒/z。/wj
无论/c阳光/n与/cc寒风/n，/wd我们/rr都/d将/d不断/d的/ude1前/f行/vi。/wj
无论/c失败/vi与/cc成功/an，/wd考研/nrf都/d是/vshi不/d悔/vg的/ude1旅程/n非常/d感谢/v，/wd需要/v动力/n。/wj
好/a期待/v！/wt
我/rr的/ude1愿望/n就/p氢气/n球/n，/wd飘/v在/p的/ude1我/rr眼前/s，/wd我/rr不/d敢/v伸手/vi去/vf碰/v它/rr！/wt
怕/v一不小心/dl./wj
./wj
./wj
./wj
./wj
./wj
./wj
是的/vl，/wd是/vshi的/ude1，/wd山重水复/nl又/d一/m村/n啊/y！/wt
在/p蓝天/n下/f，/wd献给/v你/rr，/wd我/rr最/d美/a的/ude1年华/n。/wj
——/wp考/v研/v岁月/n要/v勇/ag做/v炮灰/n，/wd向/p前/f冲/v！/wt
期待/v09/m年/qt相会/vi在/p未名湖/ns畔/ng！/wt
不/d到/v最后/f我/rr决不/d认输/vi只要/c我们/rr不/d抛弃/v、/wn不/d放弃/v信念/n和/cc勇气/n！/wt
我们/rr的/ude1青春/n无悔/v!/wt
我们/rr胜利/vd会师/vi于/p未名湖/ns！/wt
那/c我/rr当/p工兵/n吧/y在/p前面/f为/v你们/rr开路/vi，/wd呵呵/o。/wj
09/m生/v科/n院/n，/wd等/v着/uzhe我/rr！/wt
13./m不论/c你/rr在/p什/ng麽/x时候/n开始/v，/wd重要/a的/ude1是/vshi开始/v之/uzhi後/nr1就/d不/d要/v停止/v。/wj
不论/c你/rr在/p什/ng麽/x时候/n结束/v，/wd重要/a的/ude1是/vshi结束/v之/uzhi後/nr1就/d不要/d悔恨/v，/wd有/vyou理想/n在/p的/ude1地方/n，/wd地狱/n就/d是/vshi天堂/n，/wd有/vyou希望/n在/p的/ude1地方/n，/wd痛苦/an也/d成/v欢乐/an，/wd从/p绝望/a中/f寻找/v希望/v，/wd人生/n终将/d辉煌/a。/wj
开心/a也罢/y，/wd烦恼/an也罢/y。/wj
上班/vi，/wd看/v书/n，/wd工作/vn，/wd看/v书/n，/wd上班/vi。/wj
。/wj
。/wj
。/wj
。/wj
下班/vi！/wt
学习/v中/b工作/vn，/wd工作/vn中/f学习/v！/wt
赞/vg人生/n难得/a几/m回/qv搏/vg，/wd不/d搏/vg会/v后悔/v。/wj
搏/vg了/ule就/d不/d会/v遗憾/a了/y，/wd如果/c全力以赴/vl的/ude1话/n。/wj
一起/d努力/a啊/y！/wt
未名湖/ns畔/ng，/wd博雅/a塔/n旁/f，/wd不/d想/v让/v它/rr永远/d停留/vi在/p梦/n。/wj
为了/p梦想/n的/ude1一/m天/qt，/wd我们/rr必定/d坚持不懈/vl！/wt
一起/s加油/vi！/wt
2014年/t，/wd注定/v是/vshi我/rr人生/n的/ude1转折点/n！/wt
！/wt
喜欢/vi是/vshi一/m种/q坚持/v，/wd在/p意/b是/vshi一/m种/q习惯/n。/wj
为了/p梦想/n的/ude1一/m天/qt./wj
./wj
./wj
./wj
./wj
考/v研/v，/wd我/rr完全/ad不/d需要/v励志/nr2，/wd真/d幸福/a./wj
./wj
./wj
14./m对于/p一个/mq德国/nsf孩子/n而言/uls，/wd他们/rr要/v在/p幼儿园/n里/f度过/v将近/d4000/m个/q小时/n。/wj
在/p这/rzv期间/f，/wd德国/nsf孩子/n都/d学/v到/v了/ule些/q什么/ry呢/y？/ww
3/m年/qt中/f，/wd孩子/n们/k参观/v了/ule警察局/n，/wd学习/v了/ule如何/ryv报警/vi，/wd如何/ryv处理/v遇到/v坏人/n的/ude1情形/n，/wd了解/v警察/n是/vshi用/v来/vf做/v什么/ry的/ude1。/wj
孩子/n们/k参观/v了/ule消防/b警察局/n，/wd跟/p消防/b警察/n们/k一起/d学习/v灭火/vn知识/n、/wn躲避/v火灾/n的/ude1常识/n；/wf参观/v了/ule邮局/n，/wd看看/v一/m封/q信/n是/vshi如何/ryv从/p家里/s到达/v邮局/n，/wd又/d被/pbei投递/v出去/vf的/ude1；/wf参观/v了/ule市政府/n，/wd认识/v市长/n，/wd看看/v这个/rz为/p他们/rr服务/v的/ude1市长/n是/vshi什么/ry样子/n的/ude1。/wj
他们/rr去/vf自由市场/n，/wd拿/v着/uzhe钱/n，/wd学习/v怎样/ryv买/v东西/n，/wd区别/v自由市场/n跟/p商店/n的/ude1不同/a。/wj
他们/rr去/vf花圃/n，/wd参观/v花圃/n的/ude1种植/vn，/wd学习/v分辨/v花草/n植物/n。/wj
他们/rr去/vf看/v马戏/n、/wn儿童/n歌剧/n和/cc魔术/n。/wj
他们/rr参观/v图书馆/n，/wd学会/v了/ule如何/ryv借/v书/n、/wn还/d书/n。/wj
他们/rr去/vf坐/v有轨/b电车/n，/wd学/v会/v记住/v回家/vi的/ude1路线/n。/wj
他们/rr每周/r都/d跟/p老师/n去/vf超市/n买/v东西/n，/wd学习/v付/v钱/n，/wd选择/v货物/n。/wj
樱桃/n收获/n的/ude1时节/n，/wd孩子/n们/k跟/p老师/n去/vf采摘/v樱桃/n。/wj
南瓜/n收获/n的/ude1时节/n，/wd孩子/n们/k跟/p老师/n一起/s做/v南瓜/n汤/n。/wj
圣诞节/t，/wd这/rzv是/vshi最/d激动/a的/ude1日子/n，/wd他们/rr焦急/a地/ude2等待/v圣诞老人/n的/ude1来临/vn以及/cc那/rzv份/q神秘/a的/ude1礼物/n。/wj
圣/ng马丁/nrf节/n，/wd要/v跟/p老师/n一起/s糊/v纸/n灯/n，/wd游街/v来/vf纪念/v这/rzv位/q骑士/n圣人/n…/ws
…/ws
3/m年/qt过去/vf了/y，/wd孩子/n学会/v了/ule自己/rr修理/v玩具/n，/wd自己/rr管理/v时间/n，/wd自己/rr约会/vi，/wd自己/rr制订/v计划/n，/wd自己/rr搭配/v衣服/n，/wd自己/rr整理/v东西/n，/wd自己/rr找/v警察/n，/wd一个/mq6/m岁/qt的/ude1孩子/n，/wd生活/vn能力/n很/d强/a。/wj
15./m有/vyou钱/n也/d不行/a！/wt
为了/p让/v孩子/n考入/v理想/a大学/n，/wd哈尔滨市/ns的/ude1刘/nr1女士/n3/m个/q月/n花费/v了/ule近/a8万/m元/q补课/vi费/v给/p儿子/n补习/vn。/wj
结果/n高考/vn(/wkz微/ag博/vg)/wky成绩/n公布/v，/wd她/rr儿子/n只/d考/v了/ule340/m分/qt。/wj
补习/v：/wp3月/t花/v了/ule近/a8万/m。/wj
刘/nr1女士/n的/ude1儿子/n是/vshi哈尔滨市/ns某/rz重点/n高中/n的/ude1学生/n。/wj
高/a一时/t成绩/n还/d不错/a，/wd后来/t渐渐/d下滑/vi，/wd补习/v前/f在/p学校/n的/ude1模拟/vn考试/vn中/f，/wd儿子/n一般/uyy是/vshi290/m分/qt左右/f的/ude1成绩/n。/wj
今年/t春节/t，/wd马上/d面临/v高考/vi的/ude1儿子/n有/vyou了/ule紧迫感/n，/wd让/v刘/nr1女士/n给/p自己/rr找/v一个/mq补习/v学校/n，/wd想/v“/wyz恶/a”/wyy补/v一下/mq。/wj
