即使/c运动量/n够/v也/d难/ad改变/v。/wj
最新/a研究/vn：/wp每天/r久/ad坐/v三/m小时/n将/d减/v寿/ng两/m年/qt。/wj
《/wkz英国/ns医学/n杂志/n》/wky在/p线/n版/n9日/t发表/v的/ude1另外/rz一/m项/q研究/vn表明/v，/wd就算/d没有/v吸烟/vi等/udeng不良/a嗜好/n，/wd同时/c保持/v良好/a的/ude1运动/vn习惯/n，/wd如果/c每/rz天/n久/ad坐/v三/m个/q小时/n以上/f，/wd则/c减少/v两/m年/qt的/ude1预期/vn寿命/n。/wj
而/cc如果/c每/rz天/qt看/v电视/n超过/v两/m个/q小时/n，/wd问题/n将/d更加/d严重/a，/wd平均/ad将/d减少/v1./m4/m年/qt的/ude1预期/vn寿命/n。/wj
据悉/v，/wd这/rzv份/q报告/n对/p五/m项/q已/d有/vyou研究/vn进行/vx深入/a分析/vn，/wd这/rzv五/m项/q研究/v在/p4/m年/qt到/v14/m年/qt的/ude1时间/n跨度/n内/f对/p16./m7万/m名/q成年人/n进行/vx了/ule调查/vn。/wj
研究/v人员/n发现/v，/wd其中/rz有/vyou27%/m的/ude1死亡/vn案例/n可以/v归咎/vi于/p久/ad坐/v，/wd19%/m的/ude1死亡/vn案例/n与/cc看/v电视/n时间/n太/d长/a有关/vn。/wj
科学家/n还/d发现/v，/wd与/p那些/rz从未/d从事/vi过/uguo需要/n久/ad坐/v工作/vn的/ude1人/n相比/vi，/wd那些/rz坐/v着/uzhe工作/vi10/m年/qt的/ude1人/n，/wd或是/c工作/vn中/f不/d需要/v消耗/v太/d多/a能量/n的/ude1人/n，/wd罹/n患/v结肠/n癌/n的/ude1风险/n高/a出/vf一/m倍/q，/wd罹/n患/v直肠癌/n的/ude1风险/n高/a出/vf44%/m。/wj
尽管/c已经/d有/vyou很多/m研究/v表明/v久/ad坐/v不/d利于/v健康/an，/wd但/c对/p很多/m人/n来说/uls，/wd花/v点/qt时间/n迈开/v双/m腿/n仍然/d非常/d困难/an，/wd尤其/d是/vshi对/p需要/v伏案/vd工作/vi的/ude1人/n来说/uls。/wj
对/p此/rzs，/wd卡兹马兹克/nrf建议/n，/wd人们/n应当/v尽可能/d想/v办法/n站/vi着/uzhe，/wd比如/v站/vi着/uzhe办公/vi。/wj
通常/d来说/uls，/wd如果/c是/vshi在/p打电话/vi的/ude1话/n，/wd你/rr就/d可以/v站/vi着/uzhe讲话/n。/wj
如果/c要/v与/p同事/n沟通/vn，/wd就/d不要/d给/p同一个/b办公室/n的/ude1人/n发/v电子/n邮件/n，/wd而是/c站/vi起来/vf、/wn走/v过去/vf，/wd当面/d跟/p他们/rr讲/v。/wj
不过/c，/wd卡兹马兹克/nrf博士/n补充/v说/v，/wd站立/vi并/cc不/d是/vshi要/v代替/v运动/vn，/wd而/cc只能/v用/v来/vf代替/v久/ad坐/v。/wj
●/w每年/r有/vyou约/d500万/m人/n因/p运动/n不足/v死亡/vi，/wd和/cc吸烟/vi致死/vi的/ude1人数/n相同/a。/wj
●/w马耳他/nsf71./m9%/m的/ude1成年人/n缺乏/v锻炼/vn，/wd位/q列/n全球/n“/wyz懒惰/a国家/n”/wyy之/uzhi首/ng。/wj
●/w老人/n比/p年轻人/n“/wyz懒惰/a”/wyy；/wf女人/n比/p男人/n“/wyz懒惰/a”/wyy，/wd收入/n高/a的/ude1国家/n比/p低收入/n国家/n“/wyz懒惰/a”/wyy。/wj
●/w利比亚/nsf、/wn沙特阿拉伯/nsf的/ude1女人/n最/d“/wyz懒/a”/wyy，/wd英国/ns、/wn日本/nsf男人/n最/d“/wyz懒/a”/wyy。/wj
●/w以/p丹麦/nsf为/p例/n，/wd如果/c人人/n都/d开始/v骑车/vi，/wd每年/r减少/v1./m2万/m死亡/vi人口/n。/wj
17./m自/p今年/t3月份/t以来/f，/wd跳/vi梁/nr1小丑/n菲律宾/nsf总统/n阿基诺/nrf三世/nr，/wd总是/d借助/v美/b帝/ng力量/n的/ude1暗中/d支持/v，/wd在/p中国/ns南沙/ns群岛/n的/ude1黄岩/ns岛/n、/wn中/b业/ng岛/n上/f，/wd频繁/a地/ude2制造/v各种/rz事端/n：/wp昨天/t建/v学校/n，/wd今天/t建/v码头/n；/wf昨天/t派/v渔民/n，/wd今天/t派/v军舰/n；/wf昨天/t请/v美/b帝/ng，/wd今天/t邀/v倭/ng人/n；/wf昨天/t高官/n放/v厥/rr词/n，/wd今天/t疯人/n又/d疯/vi语/ng。/wj
这/rzv接二连三/al的/ude1小/a动作/n，/wd无不/d刺激/v着/uzhe每/rz一个/mq中国/ns人/n的/ude1神经/n，/wd真是/d孰/ry可/v忍/v、/wn孰/ry不可/v忍/v!/wt
针对/p南海/ns日渐/d凸显/v的/ude1紧张/a局势/n和/cc周边/n安全/an形势/n，/wd终于/d在/p今年/t的/ude16月/t21日/t，/wd经/p国务院/nt批准/v，/wd撤销/v了/ule海南省/ns西沙/ns群岛/n、/wn南沙/ns群岛/n、/wn中/b沙/n群岛/n办事处/n，/wd在/p西沙/ns永兴岛/ns设立/v了/ule三/m沙/n地级/b市/n，/wd主要/d管辖/v西沙/ns、/wn中/b沙/n、/wn南沙/ns三/m个/q群岛/n中/f的/ude1200/m多/m个/q岛礁/n和/cc沙滩/n及其/cc200/m多/m万/m平方公里/q的/ude1海域/n。/wj
三/m沙市/ns的/ude1设立/vn标志/n着/uzhe中国/ns对/p南海/ns行政/n管理/vn体制/n的/ude1调整/vn和/cc完善/v。/wj
那么/c，/wd根据/p我国/n地方/n各级/r行政/n机构/n的/ude1配套/vn设置/vn，/wd三/m沙市/ns作为/v一个/mq地级/b市/n，/wd就/d需要/v配套/vd相应/vi的/ude1机构/n设置/vn，/wd即/d配置/v相应/vi的/ude1党/n、/wn政/ng、/wn军/n和/cc行政/n执法/vn部门/n与/cc社会/n团体/n及/cc相关/vn企事业/n单位/n等等/udeng。/wj
按照/p边/k海防/n地区/n的/ude1地级/b市/n而言/uls，/wd就/d需要/v在/p军事/n上/f设立/v警备区/n(/wkz军分区/n)/wky及/cc相应/vi的/ude1若干/m个/q海防/n团/n，/wd加之/cc南海/ns舰队/n及/cc航空兵/n等等/udeng相应/vi的/ude1军兵种/n。/wj
同时/c还/d要/v成立/vi相应/vi的/ude1兵役/n机构/n及/cc人防/n部门/n等等/udeng。/wj
至于/p三/m沙市/ns的/ude1市民/n，/wd主要/d是/vshi在/p南海/ns海域/n作业/vi的/ude1中国/ns渔民/n。/wj
而/cc这些/rz渔民/n既/c可以/v是/vshi海南省/ns的/ude1渔民/n，/wd也/d可以/v挑选/v志愿/vd到/v三/m沙/n的/ude1沿海/f省份/n的/ude1渔民/n，/wd还/d可以/v选取/v内地/s喜欢/vi打/v渔/ng且/c自愿/vd到/v南海/ns的/ude1年轻/a农民/n(/wkz打工者/n)/wky，/wd如此/rzv也/d就/d解决/v了/ule三/m沙市/ns“/wyz有/vyou市/n无/v民/ng”/wyy的/ude1问题/n。/wj
长期以来/dl，/wd中国/ns在/p有/vyou争议/vn的/ude1地区/n与/cc海域/n都/d是/vshi“/wyz搁置/vi争议/vn”/wyy的/ude1，/wd因此/c也/d就/d导致/v没有/d具体/a的/ude1行政/n管理/vn与/cc人员/n活动/vn。/wj
而/cc在/p外交/n领域/n给/p世人/n的/ude1感觉/n一直/d是/vshi比较/d温和/a的/ude1，/wd并且/c那/rzv几/m句/q外交辞令/nl，/wd也/d是/vshi世人/n熟知/v的/ude1，/wd更/d被/pbei西方/s列强/n和/cc无赖/n国家/n嗤之以鼻/vl!/wt
为了/p和平/n的/ude1崛起/vn，/wd中国/ns始终/d采取/v着/uzhe一/m味/ng的/ude1忍让/vi与/p委曲求全/vl，/wd因而/c才/d使得/vi中国/ns周边/n的/ude1某些/rz不/d怀/v好意/n的/ude1国家/n见/v机/ng行事/vi钻空子/vi，/wd并/cc有恃无恐/vl、/wn明目张胆/nl、/wn变本加厉/dl地/ude2占/v我/rr领/v地/ude2、/wn夺/v我/rr岛礁/n并/cc频频/d制造/v事端/n，/wd更/d有/vyou菲/b越/d这/rzv两/m个/q“/wyz鼻/ng屎/n”/wyy国家/n，/wd竟然/d不知/v深浅/n，/wd与/p老/a美/b帝/ng勾/v勾搭/v搭/v、/wn狼狈为奸/vl、/wn沆瀣一气/vl!/wt
为了/p国家/n的/ude1主权/n、/wn领土/n的/ude1完整/an和/cc民族/n的/ude1利益/n，/wd中国/ns人民/n和/cc政府/n终于/d到/v了/ule觉醒/vn与/cc强硬/a的/ude1时候/n了/y，/wd因为/c谁/ry都/d不/d能/v成为/v晚/tg清/tg时期/n的/ude1李鸿章/nr!/wt
谁/ry都/d不/d能/v成为/v千/m人/n指/v、/wn万/m人/n骂/v的/ude1秦/tg桧/ng!/wt
谁/ry都/d不/d能/v成为/v历史/n的/ude1罪人/n!/wt
于是乎/c，/wd千呼万唤/vl的/ude1三/m沙市/ns终于/d设立/v了/y!/wt
于是乎/c，/wd海/n监/vg船/n、/wn巡逻舰/n、/wn核潜艇/n、/wn海/n空/a兵/n、/wn组团/vi渔民/n等等/udeng一/m系列/q的/ude1“/wyz组合/vn拳/n”/wyy终于/d打/v了/ule出来/vf，/wd足以/d彰/ag显/v中国/ns人民/n和/cc政府/n的/ude1决心/n与/cc力量/n!/wt
九州/n风/n认为/v：/wp当/v有/vyou一/m天/qt，/wd三/m沙市/ns无论是/c从/p机构/n设置/vn配套/vn上/f，/wd还是/c人员/n配备/v上/f，/wd乃至/c市民/n的/ude1数量/n上/f，/wd都/d达到/v一定/b数量/n和/cc规模/n的/ude1时候/n，/wd也/d就/d是/vshi该/rz完善/a的/ude1都/d完善/v了/y，/wd该/rz运转/vi的/ude1都/d运转/vi了/y，/wd相信/v到/v那时/rzt也/d正是/v三/m沙市/ns在/p南海/ns发挥/v作用/n的/ude1时候/n。/wj
具体/ad说/v也/d就是/v到/v了/ule该/rz“/wyz捏/v软/a柿子/n”/wyy的/ude1时候/n，/wd常言/n道/n：/wp别/d看/v你/rr目前/t叫/vi得/ude3欢/a，/wd保准/d让/v你/rr日后/t拉/v清单/n!/wt
如此/rzv，/wd方/d能/v让/v某些/rz无赖/n国家/n和/cc强盗/n国家/n有所/v顾忌/n和/cc收敛/v!/wt
一/m夜/qt意/ng银/ng8/m次/qv！/wt
