不要/d嘲笑/v伦/ng家/n嘛/y，/wd伦/ng家/n是/vshi真心/d觉得/v很/d浪漫/a的/ude1。/wj
难道/d说/v我/rr思维/n不/d正常/a。/wj
楼/n主/ag自娱/vi自乐/a，/wd精神/n可嘉/a感觉/n把/pba同一性/n别的/rzv电路/n元件/n焊/v在/p一起/s也好/d浪漫/a，/wd把/pba同一性/n别的/rzv有机/b试剂/n倒/vi在/p一起/s加热/vi也好/y浪漫/a啊/y…/ws
…/ws
*/wCC98/x*/w4/m//w3/m//w20126:11:16PM/x"/wyz俗/a世人/n生/v"/wyy4月/t10日/t早上/t7:30/m的/ude1航班/n，/wd求/v拼/v车/n求/v建议/n！/wt
为了/p折扣/n买/v了/ule大清早/t的/ude1票/n，/wd首先/d征/v人/n拼/v车/n同/p去/vf萧山/ns机场/n，/wdlz/x在/pzjg/x或者/c路过/v众/ag亲/ng有/vyou过/uguo这种/r经历/n或是/c有所/v了解/v，/wd望/v告知/v好/a的/ude1方法/n，/wd应该/v可以/v到/v武林/n门/n去/vf坐/v机场/n大巴/n，/wd但是/c不/d知道/v时间/n来/f不/d来得及/v？/ww
我/rr只/d坐/v大巴/n从/p机场/n到/v过/uguo平/a海路/n，/wd可/c是/vshi这个/rz站点/n可以/v上人/n么/y？/ww
而且/c平/v海路/n到/v机场/n大概/d要/v多久/ryt呢/y？/ww
百度/nz说/v要/v两/m个/q小时/n，/wd映象/n中/f没/v那么/rz久/ng吧/y?/ww
?/ww
?/ww
?/ww
"/wyzkevin0rm/x"/wyz半夜/t4点/t钟/n出发/vi，/wd校/ng门口/s打车/v到/v机场/n大巴/n那儿/rzs，/wd会/v有/vyou很多/m私家/b车/n在/p那儿/rzs的/ude1。/wj
。/wj
。/wj
跟/p人家/rr拼/v一/m量/n就/d好/a了/ule"/wyz云/vg蝶/ng"/wyy武林/n门/n去/vf机场/n的/ude1车子/n是/vshi要/v经过/p平/a海路/n的/ude1，/wd约/d40min/x（/wkz清早/t）/wky*/w88/m*/w工作/vn大/a半/m年/qt，/wd很/d疑惑/v，/wd求/v前辈/n指点/v发/v帖/ng时间/n：/wp2012年/t4月/t17日/t20:25/m去年/t毕业/v参加/v的/ude1工作/vn，/wd在/p深圳/ns一/m家/q安/ag防/v企业/n做/v硬件/n工程师/n，/wd工作/vn一直/d挺/d努力/an，/wd也/d挺/d认真/a。/wj
但是/c现在/t发现/v来/vf公司/n之后/f只/d做/v过/uguo一个/mq很/d小/a的/ude1项目/n，/wd其他/rzv大部分/m时间/n都/d是/vshi一些/mq琐事/n，/wd很/d是/vshi烦心/a，/wd觉得/v成长/vi很/d慢/a。/wj
另一方面/c，/wd在/p工作/vn中/f遇到/v的/ude1一些/mq问题/n，/wd比如/v公司/n的/ude1一些/mq产品/n出/vf问题/n，/wd里面/f的/ude1一些/mq电路/n没有/v几/m个/q老/a员工/n知道/v是/vshi什么/ry原理/n，/wd想/v找/v些/q资料/n结果/n当时/t的/ude1项目/n设计/vn文档/n都/d找/v不/d到/v，/wd总之/c是/vshi觉得/v公司/n没有/d形成/v知识库/n，/wd比较/d混乱/a，/wd直接/ad导致/v学习/v吃力/a，/wd全/d靠/v自己/rr摸索/v。/wj
再者/c，/wd这/rzv半/m年/qt工作/vn下来/vf发现/v自己/rr模拟/v电路/n的/ude1方面/n很/d薄弱/a，/wd想/v补充/v这/rzv方面/n的/ude1知识/n又/d觉得/v很/d繁琐/a，/wd又/d觉得/v以后/f大部分/m都/d集成/v了/ule之类/rz，/wd投入/v值/n不/d值/v。/wj
。/wj
大体/n如此/rzv，/wd想/v做/v一/m段/q时间/n有/vyou几/m个/q能/v拿/v出/vf手/n的/ude1项目/n就/d跳槽/vi。/wj
真心/d很/d迷茫/a，/wd不/d知道/v硬件/n工程师/n这/rzv条/q路/n走/v下去/vf怎样/ryv，/wd嵌入/v式/k呢/y？/ww
请/v版/n上/f前辈/n指点/v迷/v经/ng，/wd非常/d感谢/v！/wt
！/wt
！/wt
小/a公司/n是/vshi这样/rzv的/ude1硬件/n工程师/n也/d是/vshi这样/rzv的/ude1没/v办法/n想/v办法/n自/p我/rr学习/v和/cc提升/v恩/ng，/wd十分/d纠结/vi，/wd说是/v一个/mq优秀/a的/ude1硬件/n工程师/n需要/v具备/v模/ng电/n数/m电/n知识/n，/wdFPGA/x，/wdARM/x，/wd驱动/v等等/udeng，/wd觉得/v路/n好/a长/a，/wd而/cc现在/t又/d停滞不前/vl，/wd没有/v项目/n做/v，/wd总/d觉得/v学/v不/d到/v东西/n。/wj
私/ag以为/v如果/c将/d来/vf你/rr打算/v一直/d做/v硬件/n工程师/n还是/c应该/v找/v机会/n去/vf个/q相对/d大/a的/ude1公司/n因为/c你/rr获取/v的/ude1资源/n要/v好/a的/ude1多/a。/wj
。/wj
培训/vn，/wd厂商/n的/ude1交流/vn，/wd和/ccFAE/x的/ude1互动/vn这个/rz都/d是/vshi小/a公司/n所/usuo没有/v的/ude1而且/c是/vshi两/m条/q路/n2./m亲/ng，/wd想/v免费/vd畅游/v北戴河/ns么/y?/ww
只/d需/v家教/n十/m天/qt，/wd五/m天/qt免费/vd畅游/v北戴河/ns不/d是/vshi梦/n，/wd包/v吃/v住/vi！/wt
包/v路费/n！/wt
不/d胜/v感激/v,/wd天津市/ns,/wd理工科/n,/wd学习/v。/wj
现/tg求/v北大/n、/wn清华/nz在读/b学生/n一/m名/q（/wkz理工科/n）/wky，/wd性别/n：/wp男/b，/wd性格/n开朗/a，/wd学习/v优秀/a。/wj
于/p7./m23/m至/p8./m7日/t来/vf秦皇岛/ns进行/vx家教/vn活动/vn十/m天/qt，/wd课时/n费/n面议/v，/wd我们/rr提供/v往返/vi火车票/n，/wd提供/v吃/v住/vi，/wd并且/c提供/v免费/vi的/ude1秦皇岛/ns五日/t游/v。/wj
本人/rr概况/n：/wp我/rr是/vshi天津市/ns的/ude1一/m名/q学生/n，/wd即/d将/d步入/v高三/n，/wd求知若渴/al，/wd急切/a的/ude1需要/n一/m名/q学习/v优秀/a的/ude1哥哥/n来/vf带/v一/m带/v我/rr，/wd指导/v一下/mq我/rr的/ude1学习/vn，/wd并/cc传授/v一些/mq有/vyou关于/p学习/v的/ude1经验/n、/wn方法/n。/wj
我/rr性格/n开朗/a，/wd接受/v新/a的/ude1事物/n快/a，/wd学习/v中/f游/v，/wd为了/p考上/v一个/mq理想/a的/ude1大学/n想/v拼/v一/m把/qv，/wd希望/v有/vyou合适/a的/ude1人选/n推波助澜/vl，/wd不/d胜/v感激/v！/wt
有意/d者/k联系/v：/wpqq/x：/wp541925481/m。/wj
20./m南昌/ns八一/t广场/npk/x秋水/n广场/n./wj
那儿/rzs人气/n是/vshi最/d旺/a./wj
./wj
./wj
最/d有/vyou发展/vn希望/vn./wj
./wj
./wj
八一/t广场/n吧/y。/wj
秋水/n广场/n不/d知道/v。/wj
单/d论/v广场/n内部/f的/ude1人/n气/n，/wd秋水/n广场/n应该/v更/d多/a。/wj
但/c论/v广场/n周边/n，/wd那/rzv当然/d是/vshi八一/t广场/n人气/n高/a了/y。/wj
一般/ad去/vf八一/t广场/n。/wj
八一/t广场/n和/cc周边/n涵盖/v的/ude1内容/n太/d多/a了/y。/wj
八一/t广场/n周边/n规划/n的/ude1真/d不/d怎样/ryv，/wd还有/v那么/rz多/a破/a楼房/n，/wd还是/c秋水/n广场/n周围/f霸气/an。/wj
纳凉/vi肯定/d是/vshi秋水/n广场/n人/n多/a，/wd八一/t广场/n就/d是/vshi站/vi在/p一/m水泥/n石/ng堆/v里/f，/wd有/vyou没什么/vl风景/n。/wj
肯定/d是/vshi秋水/n广场/n人气/n旺/a了/y，/wd而且/c周围/f高楼大厦/nl，/wd又/d有/vyou亚洲/ns最/d大/a喷泉/n，/wd还有/v赣江/ns的/ude1美景/n，/wd滕王阁/nr就/d在/p对面/f，/wd这/rzv可以/v说是/v南昌/ns最/d精华/n的/ude1地方/n了/y。/wj
我/rr觉得/v是/vshi八一/t广场/n好/a。/wj
我/rr家/n离/v八一/nz广场/n很/d近/a，/wd经常/d去/vf，/wd没/d去/vf过/uguo秋水/n广场/n，/wd太/d偏僻/a了/y。/wj
秋水/n广场/n号称/v有/vyou啥/ry最高/a的/ude1，/wd我/rr不/d知道/v是不是/v噱头/n，/wd反正/d我/rr觉得/v八一/nz广场/n喷泉/n够/v高/a了/y，/wd要/v超过/v这个/rz高度/d不/d可能/v。/wj
说实话/vl,/wd前/f天/qt我/rr带/v了/ule一/m广东/ns的/ude1客户/n第一/m次/qv来/vf我们/rr南昌市/ns合作/vn,/wd老总/n让/v我/rr陪/v陪/v,/wd顺便/d让/v他/rr了解/v一下/mq我们/rr南昌/ns./wj
我/rr带/v他/rr去/vf八一/t广场/n转/v了/ule转/v,/wd他/rr看/v了/ule说/v你们/rr是/vshi英雄/n城/n./wj
了不起/a./wj
但/c市中心/s广场/n作为/v一个/mq省会/n广场/n还要/d升级/vi,/wd我/rr在/p开/v车/n带/v他/rr去/vf了/ule红/a谷/ng滩/ng秋水/n广场/n看/v了/ule看/v,/wd我/rr这/rzv客户/n沉默/a了/ule半天/mq说/v了/ule句/q话/n,/wd真/d羡慕/v你们/rr城市/n有/vyou这么/rz好/a的/ude1资源/n,/wd我/rr对/p你们/rr南昌/ns未来/t的/ude1发展/vn充满/v信心/n./wj
我/rr会/v加强/v与/p你们/rr公司/n的/ude1合作/vn./wj
./wj
./wj
全/a南昌/ns人/n几乎/d都/d知道/v秋水/n广场/n主/ag喷泉/n能/v到/v128/m米/q,/wd只/d有/vyou你/rr不/d知道/v吧/y--/wp还/v噱头/n./wj
真/d无知/a。/wj
这/rzv2/m个/q东西/n没/d啥/ry好/aPK/x的/ude1。/wj
一个/mq有/vyou历史感/n，/wd是/vshi很多/m老/a南昌/ns人/n的/ude1回忆/vn。/wj
一个/mq是/vshi纯/a现代/t的/ude1东西/n。/wj
没有/v去/vf过/uguo秋/tg。/wj
