相对/d于/p中国/ns女性/n，/wd欧/b美/b女性/n的/ude1身材/n往往/d显得/v更/d火暴/a，/wd尤其/d是/vshi乳房/n的/ude1丰满/a程度/n。/wj
这/rzv也许/d都/d可以/v归结/vi于/p种族/n的/ude1差异/n，/wd这/rzv不/d，/wd连/ulian乳腺癌/n这样/rzv的/ude1疾病/n，/wd也/d颇/d具/vg种族/n特色/n——/wp“/wyz中国/ns特色/n”/wyy：/wm绝/d经/p前/f发病/vi占/v多/a，/wd不/d重视/v内分泌/n治疗/vn我国/n女性/n乳腺癌/n发病/vn年龄/n偏/d低/a，/wd从/p30/m岁/qt开始/v便/d有/vyou零星/a发病/vn，/wd高峰/n年龄段/n为/p45/m~/x55/m岁/qt，/wd比/p西方/s女性/n一般/ad要/v早/a10/n~/x15年/m，/wd诊断/v时/ng大约/d有/vyou55%/m病人/n处于/v绝/vg经/p前/f或/c围/v绝经期/t。/wj
而/cc欧/b美/b国家/n70%/m病人/n都/d在/p绝/d经/p后/f发病/vi，/wd中老年/n妇女/n占/v多数/m。/wj
出现/v这种/r“/wyz中国/ns特色/n”/wyy，/wd考虑/v与/p种族/n因素/n有关/vn。/wj
治疗/v上/f，/wd国外/s医生/n都/d非常/d注重/v内分泌/n治疗/vn。/wj
在/p美国/nsf，/wd乳腺癌/n抗肿瘤药物/n费用/n中/f，/wd内分泌/n药物/n费用/n要/v占/v到/v一半/m以上/f。/wj
在/p我国/n，/wd内分泌/n药物/n费用/n只/d占/v4％/m。/wj
而/cc癌症/n发病/vn情况/n与/cc我国/n相似/a的/ude1日本/nsf，/wd其/rz内分泌/n治疗/vn费用/n也/d占/v到/v20%/m~/x30%/m，/wd是/vshi我国/n的/ude15/b~/x6/vg倍/q，/wd相差/v甚/dg远/a。/wj
“/wyz这/rzv主要/d还/d是/vshi传统/n治疗/vn观念/n在/p作怪/vi。/wj
许多/m病人/n，/wd甚至/c有些/rz医生/n，/wd都/d相当/d质疑/vi内分泌/n治疗/vn的/ude1效果/n，/wd认为/v只有/c输液/vi挂/v瓶子/n，/wd伴/v有/vyou严重/a不良/a反应/vn的/ude1化疗/vn才/d算是/v正式/a的/ude1治疗/vn。/wj
而/cc用/p几/m颗/q没有/d不良/a反应/vn的/ude1内分泌/n药片/n治疗/vn，/wd太/d简单/a、/wn太/d轻松/a，/wd反而/d不/d相信/v它/rr的/ude1疗效/n。/wj
”/wyy苏逢锡/nr教授/n解释/v说/v。/wj
“/wyz临床/vn工作/vn中/f，/wd我们/rr也/d常/d碰到/v很多/m乳腺癌/n病人/n，/wd有的/rz用/p药/n吃/v吃/v停停/v，/wd断断续续/dl不/d能/v坚持/v；/wf有的/rz嫌/ng内分泌/n治疗/vn时间/n5年/m太/d长/a，/wd开始/v2/n~/x3年/m非常/d重视/v，/wd后面/f几/m年/qt觉得/v没/d有/vyou问题/n了/y，/wd就/d擅自/d停/vi药/n；/wf更有甚者/bl，/wd一方面/c嫌/v某些/rz内分泌/n治疗/vn药物/n昂贵/a，/wd另一方面/c却/d花/v更/d多/a的/ude1钱/n购买/v疗效/n不/d肯定/v的/ude1抗癌/vn保健品/n，/wd最后/f出现/v复发/vi、/wn转移/v，/wd白白/d耽误/v了/ule病情/n。/wj
”/wyy苏逢锡/nr教授/n深有感触/vl。/wj
应/v对/p策略/n：/wm遵循/v三/m项/q基本/a原则/n，/wd争取/v长期/d无/v病/n生存/vi针对/p发病/vn年龄/n早/a、/wn多数/m病人/n处于/v绝/vg经/p前/f或/c围/v绝经期/t这种/r具有/v“/wyz中国/ns特色/n”/wyy的/ude1乳腺癌/n发病/vn情况/n，/wd苏逢锡/nr教授/n为/p广大/b病人/n总结/v出/vf了/ule治疗/vn时/ng需要/v遵循/v的/ude1三/m项/q基本/a原则/n：/wm原则/n一：/m内分泌/n治疗/v坚持/v5年/m研究/v发现/v，/wd乳腺癌/n细胞/n的/ude1生长/vn与/cc雌激素/n的/ude1不断/d刺激/v有/vyou很/d大/a关系/n，/wd它/rr能/v促进/v肿瘤/n的/ude1生长/vn和/cc扩散/vn。/wj
因此/c，/wd降低/v或/c阻断/v雌激素/n对/p肿瘤/n的/ude1作用/n，/wd就/d能/v有效/ad消退/vi肿瘤/n并/cc减少/v转移/v和/cc复发/vi。/wj
而/cc内分泌/n治疗/vn，/wd就/d是/vshi针对/p激素/n敏感/a型/k的/ude1乳腺癌/n病人/n，/wd通过/p降低/v病人/n体内/s雌激素/n水平/n或/c阻止/v雌激素/n刺激/v肿瘤/n细胞/n，/wd来/vf预防/v肿瘤/n复发/vi的/ude1一/m种/q药物/n治疗/vn手段/n。/wj
“/wyz这种/r激素/n治疗/v敏感/a型/k乳腺癌/n发展/vn相对/d比较/d和/cc缓/vi，/wd在/p某种/rz程度/n上/f是/vshi一/m种/q‘/wyz惰性/n乳腺癌/n’/wyy，/wd但/c在/p术/ng后/f2/n~/x3年/m和/cc5年/m，/wd会/v经历/v两/m个/q复发/vi高峰期/n，/wd因此/c术/ng后/f坚持/v5年/m或/c更/d长时间/n的/ude1内分泌/n治疗/vn，/wd能/v有效/ad抑制/v身体/n里/f的/ude1激素/n对/p肿瘤/n的/ude1作用/n，/wd减少/v肿瘤/n的/ude1复发/vi率/v，/wd显/v著/uzhe提升/v病人/n生存期/t，/wd甚至/d达到/v治愈/v。/wj
”/wyy苏逢锡/nr教授/n介绍/v道/qv。/wj
迄今/d认为/v，/wd乳腺癌/n术/ng后/f最佳/z内分泌/n治疗/v期/qv为/v5年/m，/wd可/c使/v复发/vi率/v和/cc死亡率/n分别/d减少/v50％/m和/cc26％/m，/wd使/v对/p侧/ng乳腺癌/n的/ude1发生率/n降低/v47%/m；/wf而/cc仅/d接受/v2年/m内分泌/n治疗/vn的/ude1病人/n，/wd其/rz肿瘤/n复发/vi的/ude1风险/n仅/d下降/vi28％/m。/wj
原则/n二：/m合理/ad换药/vi内分泌/n治疗/v贵/r在/p坚持/v，/wd但/c在/p治疗/vn过程/n中/f，/wd方/d案/x并非/v一成不变/vl，/wd而是/c需要/v根据/p女性/n绝/vg经/p前后/f体内/s雌激素/n产生/v的/ude1不同/a来源/n，/wd及时/ad合理/a地/ude2更换/v治疗/v方/q案/x。/wj
绝/d经/p前/f女性/n体内/s绝大多数/m雌激素/n来自/v卵巢/n，/wd它/rr也/d是/vshi女性/n“/wyz女人/n味/ng”/wyy的/ude1主要/b来源/n。/wj
而/cc对于/p绝/d经/p后/f的/ude1女性/n来说/uls，/wd卵巢/n不再/d产生/v雌激素/n，/wd身体/n通过/p一/m种/q叫/vi芳/ag香化/v酶/x的/ude1物质/n作用/n于/p其他/rzv激素/n来/vf生成/v雌激素/n。/wj
目前/t，/wd内分泌/n治疗/vn药物/n主要/d有/vyou他/rr莫西芬/nrf和/cc芳/ag香化/v酶/x抑/vg制剂/n两/m大/a类/n。/wj
“/wyz如果/c病人/n刚/d开始/v接受/v内分泌/n治疗/v时/ng还/d未/d绝/vg经/ng，/wd可以/v选择/v使用/v他/rr莫西芬/nrf进行/vx治疗/vn。/wj
它/rr的/ude1作用/n在于/v阻断/v雌激素/n到达/v肿瘤/n细胞/n，/wd减少/v雌激素/n对/p肿瘤/n细胞/n的/ude1刺激/vn。/wj
”/wyy苏逢锡/nr教授/n解释/v说/v。/wj
而/cc在/p治疗/vn过程/n中/f，/wd病人/n一旦/d停/vi经/ng，/wd卵巢/n便/d不再/d产生/v雌激素/n，/wd体内/s雌激素/n的/ude1来源/n变/v得/ude3单一/a可/c控/v，/wd这时/rzt就/d可以/v换/v用/p像/v阿诺/nrf新/a（/wkz依西美坦/nrf）/wky这/rzv类/q具有/v更/d高选择性/n和/cc耐受性/n的/ude1芳香/n化/v酶/x抑/vg制剂/n。/wj
它/rr的/ude1作用/n在于/v通过/p阻断/v芳/ag香化/v酶/x而/cc减少/v雌激素/n的/ude1生成/vn，/wd从/p根本/n上/f切断/v雌激素/n的/ude1生成/vn来源/n。/wj
因此/c，/wd这/rzv类/q药/n在/p阻止/v肿瘤/n进展/vn和/cc缓解/v方面/n疗效/n很/d好/a，/wd是/vshi乳腺癌/n内分泌/n治疗/vn药物/n发展/vn的/ude1趋势/n。/wj
“/wyz我国/n有/vyou超过/v半数/m的/ude1乳腺癌/n病人/n在/p确诊/v时尚/n处于/v绝/vg经/p前/f或/c围/v绝经期/t，/wd这/rzv类/q病人/n势必/d会/v在/p治疗/vn过程/n中/f绝/vg经/ng。/wj
绝/d经/p前/f这/rzv类/q病人/n会/v采用/v他/rr莫西芬/nrf治疗/v，/wd绝/d经/p后/f换成/v芳/ag香化/v酶/x抑/vg制剂/n将/d给/p病人/n带来/v更/d多/a益处/n。/wj
