人/n在/p疲倦/a时/ng，/wd伸/v个/q懒腰/n很/d舒服/a：/wm伸直/v颈/ng部/n、/wn抬高/v双臂/n、/wn呼吸/v扩/vg胸/ng、/wn伸展/v腰部/n、/wn活动/vn关节/n、/wn松散/a脊/x柱/ng的/ude1自我/rr锻炼/v。/wj
伸懒腰/v时/ng，/wd人/n体会/vn自然/d形成/v双手/n上/f举/v、/wn肋骨/n上/f拉/v、/wn胸腔/n扩大/v、/wn深呼吸/n的/ude1姿势/n，/wd使/v膈/x肌/ng活动/vn加强/v，/wd以此/d牵动/v全身/n，/wd并/cc引发/v大部分/m肌肉/n收缩/vn，/wd遂/d将/d瘀/x积/v血液/n赶回/v心脏/n，/wd从而/c加速/vi血液/n循环/vn，/wd以及/cc疏通/v经络/n、/wn活/a血/n化/v瘀/x、/wn调整/vn脏腑/n功能/n，/wd同时/c防止/v腰/n酸/a背/n痛/an。/wj
伸懒腰/v“/wyz花样/n”/wyy很/d多/a。/wj
猫/n式/k懒腰/n即/v双/m膝/ng、/wn双/m手/n跪/v趴/v在/p床/n上/f，/wd双/m肩上/s耸/vg，/wd拱/v背/v缩/vi腹/ng，/wd然后/c双肩/n放松/v，/wd腰部/n下沉/vi使/v脊/x柱/ng凹/a下/f，/wd做/v猫/n伸懒腰/v状/ng。/wj
每/rz个/q动作/n以/p20/m个/q为/v一/m组/q，/wd每/rz次/qv做/v几/m组/q，/wd年老体弱/vl者/k可/v酌情/d处理/v，/wd做/v一/m组/q亦可/vi。/wj
小燕/nr飞/vi即/v早晨/t或/c晚上/t睡/v在/p床/n上/f使/v身体/n呈/v俯卧/vn位/q，/wd双/m下肢/n伸直/v，/wd双/m上肢/n置于/v体/ng侧/ng，/wd掌心/n向上/vi，/wd此时/r腰/n肌/ng、/wn上肢/n肌/ng及/cc下肢/n肌/ng同时/c用/p力/n收缩/vn，/wd尽量/d使/v上/vf胸/ng及/cc下/vf腹部/n离开/v床/n面/q，/wd保持/v10/n~/x15秒/t，/wd然后/c放下/v休息/v片刻/m，/wd连续/ad做/v5/b~/x10/n次/qv。/wj
拱桥/n式/k即/v每天/r早晨/t或/c晚上/t仰卧/v在/p床/n上/f，/wd双/m肘/ng撑/v于/p床/n面/q，/wd双/m膝/ng微/ag屈/v，/wd头/n置于/v枕/v上/f，/wd背部/n肌肉/n以及/cc臀部/n肌肉/n和/cc大腿/n后/f侧/v肌肉/n用力/ad收缩/v，/wd挺胸/vi、/wn抬/v臀/ng，/wd呈/v拱桥/n形/ng，/wd保持/v半/m分钟左右/n，/wd然后/c复原/vi，/wd如此/rzv连续/ad做/v5/b~/x10/n次/qv。/wj
不倒翁/n操/v即/v每天/r早晨/t或/c晚上/t临/v睡/v前/f，/wd仰卧/v在/p硬/a板床/n上/f，/wd两/m腿/n屈膝/vi贴/v腹/ng，/wd双/m手/n抱/v紧/a膝/ng部/n，/wd腰/n背/v肌肉/n放松/v；/wf然后/c两/m腿/n用力/ad下/vf压/v，/wd同时/c低头/vi、/wn含/v胸/ng、/wn团/n身/ng；/wf在/p两/m腿/n下/f压/v的/ude1作用/n下/f，/wd使/v身体/n上部/f尽量/d抬/v起/vf，/wd抬/v到/v一定/b高度/n时/ng，/wd上体/n再/d向/p后/f倾倒/vi还原/vi成/v原来/b姿势/n。/wj
滚动/v幅度/n由小到大/vl，/wd身体/n像/p不倒翁/n一样/uyy反复/d滚动/v。/wj
每天/r在/p床/n上/f做/v2/n~/x3/n组/n，/wd每/rz组/n30/m~/x40/m次/qv。/wj
腰椎/n平/v直/d及/cc后/f凸/ag的/ude1人/n不宜/v如此/rzv锻炼/v，/wd否则/c会/v使/v腰椎/n后/f凸/ag更加/d明显/a而/cc加重/v腰/n背/v疼痛/an。/wj
抻/v拉/v脊/x背/n懒腰/n法/b站/n直/a身体/n，/wd双/m手/n扶/v墙/n身体/n平/an，/wd仰头/v让/v后背/n向/p后/f尽量/d弯曲/a，/wd臀部/n向/p后/f上方/f挺起/v。/wj
或/c背部/n挺直/v，/wd双手/n伸直/v，/wd尽量/d向上/vi举/ng，/wd感觉/v像/v在/p把/pba自己/rr往/p上/f拔/v。/wj
亦/d可/v先/d用/p背部/n正中/f的/ude1脊/x椎骨/n（/wkz即/v督/vg脉/ng）/wky对准/v门/n棱/ng，/wd向/p门框/n上/f轻轻/d挤压/v，/wd并/cc上下/n轻度/d蹭/vi动/v，/wd每分钟/n大约/d做/v20/m下/f，/wd尽量/d把/pba整个/b脊/x柱/ng都/d挤压/v一/m遍/qv。/wj
在/p上下/n蹭/vi动/v时/ng，/wd如/c发现/v一/m处/q特别/d痛/a，/wd可/v在/p此处/s做/v左右/m轻度/d晃动/v，/wd这样/rzv能/v使/v腰/n酸/a背/n痛/a症状/n明显/ad缓解/v。/wj
懒腰/n垫/v枕/v法/n即/v腰/n下/f垫/v5/b~/x10/n厘米/q厚/a的/ude1枕头/n或/c枕巾/n等/udeng，/wd可/c维持/v腰椎/n生理/n前/f凸/ag姿势/n，/wd使/v腰/n背/v肌/ng放松/v，/wd对/p防止/v腰/n酸/a背/n痛/dg大有裨益/vl，/wd但/c腰椎/n前/f凸/ag比较/d明显/a的/ude1人/n不宜/v采用/v。/wj
起床/vi后/f伸懒腰/v在/p睡醒/vi下/f床/n之前/f进行/vx。/wj
躺/v在/p床/n上/f，/wd面向/v天花板/n，/wd轻轻/d伸懒腰/v伸展/v全身/n。/wj
此时/r，/wd双手/n尽量/d贴近/v耳朵/n向上/vi伸/v、/wn膝盖/n微微/d张开/v双/m腿/n伸直/v、/wn手/n指/v与/p脚趾/n尽量/d伸展/v。/wj
集中/v精神/n腹/ng式/k呼吸/v，/wd吸气/v、/wn吐/v气/n2/n次/qv。/wj
以上/f“/wyz花样/n”/wyy防止/v腰/n酸/a背/n痛/an，/wd但/c腰椎/n前/f凸/ag较明显/n的/ude1人/n慎/ag用/v。/wj
加拿大/nsf心理学/n家/q德/n比/v?/ww
莫斯考维茨/nrf教授/n曾/d画/v出/vf“/wyz一/m周/qt工作/vn节律/n图/n”/wyy。/wj
这/rzv位/q著/n名/q学者/n认为/v，/wd从/p周/nr1一/m到/v周/nr1五/m，/wd人/n所/usuo面临/v的/ude1工作/vn压力/n有所不同/vl，/wd最好/d能/v有/vyou针对性/n地/ude2制订/v一/m张/q适合/v自己/rr的/ude1“/wyz一/m周/qt减压/vi时刻表/n”/wyy。/wj
早起/vi最/d重要/a“/wyz星期一/t综合征/n”/wyy带来/v的/ude1厌烦/v、/wn懒惰/a、/wn健忘/a、/wn精力/n不/d集中/v，/wd早已/d为/v人们/n所/usuo熟悉/v。/wj
德国/nsf一/m项/q调查/v显示/v，/wd80%/m的/ude1人/n周一/t起床/vi后/f情绪/n低落/an。/wj
不少/m单位/n把/pba要/v做/v决断/n的/ude1事/n和/cc新/a工作计划/n都/d安排/v在/p这/rzv一/m天/qt，/wd也/d在/p一定/b程度/n上/f加重/v了/ule压力感/n。/wj
对/p此/rzs，/wd要/v想/v不/d让/v自己/rr抗拒/v上班/vi，/wd早起/vi最/d重要/a。/wj
因为/p紧张感/n和/cc时间/n有/vyou很/d大/a关系/n，/wd早起/vi后/f充裕/a的/ude1时间/n不仅/c能/v减少/v焦虑/a感/ng，/wd还/d能/v有空/vi吃/v一/m份/q减压/vi早餐/n，/wd最/d好/a包括/v一/m大/a杯/ng鲜奶/n、/wn鸡蛋/n、/wn牛肉/n、/wn花生酱/n和/cc香蕉/n等/udeng，/wd它们/rr富/vg含/v的/ude1色/n氨酸/n能/v提高/v大脑/n内/f5-/m羟/x色/n胺/n的/ude1水平/n，/wd让/v人/n产生/v一/m种/q满足/v感/vg。/wj
做/v心理/n训练/vn如果/c说/v周一/t还/d处在/v由/p休息/v向/p工作/vn的/ude1过渡/vn时间/n，/wd周/nr1二/m人们/n就/d不得不/d面对/v现实/n，/wd让/v自己/rr彻底/ad沉浸/vi在/p工作/vn之中/f。/wj
英国/ns一/m项/q研究/vn显示/v，/wd周/nr1二/m上午/t10点/t是/vshi一/m周/qt中/f工作/vn压力/n的/ude1最/d大/a峰值/n，/wd人们/n普遍/ad感觉/v焦头烂额/al。/wj
调查/v显示/v，/wd这天/rzt大多数/m人/n会/v放弃/v午休/vi，/wd加紧/vd干活/vi。/wj
