中国/ns有/vyou多少/ry烟民/n？/ww
答/v案/x是/vshi：/wm3./m5亿——/m占/v了/ule全球/n吸烟/vi人口/n的/ude11/a//w3/n！/wt
每年/r，/wd世界/n上/f因/p吸烟/vi而/cc死亡/vi的/ude1人数/n达/v540/m万/m，/wd中国/ns为/p100/m万/m~/x120/m万/m。/wj
中国/ns主要/b死亡/vn疾病/n前/f三/m位/q——/wp心脑血管/n疾病/n、/wn恶性肿瘤/nl和/cc呼吸系统/nl疾病/n，/wd都/d与/p吸烟/vi有关/vn。/wj
世界/n卫生/an组织/n明确/ad定义/v：/wm吸烟/vi是/vshi一/m种/q病/n——/wp慢性/b成/v瘾/n性/ng疾病/n。/wj
问题/n是/vshi，/wd它/rr还/d具有/v“/wyz传染性/n”/wyy——/wp每/rz两/m个/q人/n中/f就/d有/vyou一个/mq交叉感染/n，/wd特别/d是/vshi妇女/n和/cc儿童/n。/wj
而且/c，/wd他们/rr还/d懵/v然/rz不知/v！/wt
“/wyz劝/v人/n戒烟/vi，/wd是/vshi对/p自己/rr负责/v。/wj
”/wyy这/rzv，/wd绝不/d是/vshi一/m句/q空话/n…/ws
…/ws
吸烟/vi危害/v，/wd不/d亚于/v金融/n危机/n？/ww
“/wyz一个/mq烟民/n一生/n吸烟/vi的/ude1烟蒂/n差不多/al可以/v装满/v一/m口/q棺材/n。/wj
”/wyy“/wyz吸烟/vi有害/a健康/a嘛/y，/wd我/rr知道/v。/wj
”/wyy被/pbei问/v到/v对/p吸烟/vi危害/v的/ude1认识/n时/ng，/wd李民/nr（/wkz化名/n）/wky轻松/ad应/v道/qv。/wj
开/v了/ule11年/m出租车/n的/ude1他/rr，/wd已/d有/vyou20年/m烟/n龄/ng。/wj
然而/c，/wd当/p笔者/n问/v到/v吸烟/vi有/vyou哪些/ry危害/v时/ng，/wd他/rr却/d犯难/vi了/y。/wj
“/wyz牙齿/n黄/a…/ws
…/ws
咳嗽/vi…/ws
…/ws
肺/n不好/a…/ws
…/ws
肺癌/n…/ws
…/ws
”/wyy他/rr结巴/a地/ude2答/v。/wj
“/wyz还有/v吗/y？/ww
”/wyy“/wyz不/d知道/v…/ws
…/ws
应该/v还有/v吧/y…/ws
…/ws
”/wyy不/d能/v怪/v李/nr1民/ng无知/a，/wd其实/d，/wd像/p他/rr这样/rzv一知半解/vl的/ude1，/wd大有人在/vl。/wj
毕竟/d，/wd烟草/n燃烧/v产生/v的/ude1烟雾/n中/f含有/v4000/m多/m种/q化学物质/n（/wkz其中/rz250/m多/m种/q是/vshi有毒/vi、/wn有害/a物质/n，/wd40/m多/m种/q具有/v致癌/vi性/ng）/wky，/wd就/d如/v城市/n老/a旧/a而/cc肮脏/a的/ude1下水道/n里/f的/ude1毒物/n一样/uyy多/a。/wj
而/cc吸烟/vi所/usuo能/v引起/v的/ude1疾病/n，/wd十/m个/q手指/n头/n也/d数/v不/d完/vi，/wd除了/p最/d常/d听说/v的/ude1肺癌/n、/wn肺气肿/n、/wn慢性/b支气管炎/n等/udeng呼吸系统/nl疾病/n外/f，/wd常见/a的/ude1还有/v高血压/n、/wn冠心病/n、/wn脑/n卒/ng中/f（/wkz中风/n）/wky、/wn眼睛/n黄斑/n变性/vn、/wn不孕/vi不/d育/vg等/udeng。/wj
人体/n几乎/d所有/b的/ude1组织/n、/wn器官/n和/cc系统/n，/wd都/d可/v受到/v吸烟/vi的/ude1危害/vn。/wj
中国/ns主要/b死亡/vn疾病/n前/f三/m位/q（/wkz心脑血管/n疾病/n、/wn恶性肿瘤/nl和/cc呼吸系统/nl疾病/n）/wky，/wd都/d与/p吸烟/vi密切相关/n。/wj
虽然/c大家/rr都/d谈/v癌/n色/ng变/v，/wd但/c对/p吸烟/vi与/p疾病/n的/ude1模/ng糊/a认识/n，/wd依然/d让/v许多/m人/n对/p“/wyz吸烟/vi有毒/vi”/wyy将信将疑/vl。/wj
另外/c，/wd“/wyz大多数/m烟民/n意识/n上/f并/d没/d有/vyou紧迫感/n”/wyy，/wd吴/nr1平生/n（/wkz南方/s医院/n心/n内科/n主任医师/nl、/wn教授/n，/wd广东省/ns医学会/n心血管/n病/n分会/n副/b主任委员/n）/wky说/v，/wd从/p学会/v吸烟/vi至/p最终/d患病/vi死亡/vi，/wd时间/n一般/uyy也/d有/vyou几/m十年/m，/wd看/v起来/vf，/wd的确/d还/d挺/d“/wyz漫长/a”/wyy的/ude1。/wj
在/p这个/rz“/wyz漫长/a”/wyy的/ude1过程/n中/f，/wd烟民/n在/p吸烟/vi“/wyz进行/vx时/ng”/wyy，/wd是/vshi不/d会/v想到/v吸烟/vi是/vshi如何/ryv危害/v自己/rr和/cc他人/rr的/ude1。/wj
“/wyz当/v摁/v掉/v烟蒂/n时/ng也许/d会/v想/v起来/vf，/wd但/c通常/d又/d会/v安慰/v自己/rr，/wd吸烟/vi的/ude1危害/vn不/d会/v发生/v在/p自己/rr身上/s，/wd下/vf一/m次/qv又/d拿/v起/vf香烟/n。/wj
”/wyy吴/nr1平生/n说道/v。/wj
这样/rzv，/wd不知不觉/dl，/wd一/m个/q月/n十几/m包/q甚至/d几/m十/m包/q烟/n吸/v掉/v了/y，/wd一年/m下来/vf，/wd十几/m条/q甚至/d几/m十/m条/q烟/n吸/v掉/v了/y；/wf一辈子/mq下来/vf，/wd会/v怎样/ryv呢/y？/ww
有/vyou人/n作/v了/ule这么/rz一个/mq计算/v，/wd得出/v的/ude1结论/n是/vshi：/wm一个/mq中等/b吸烟/vn量/n（/wkz1天1/nr包/v烟/n）/wky的/ude1烟民/n，/wd把/pba一生/n（/wkz按/p50年/m烟/n龄/ng计算/v）/wky所/usuo吸/v香烟/n的/ude1烟蒂/n集中/v起来/vf，/wd“/wyz差不多/al可以/v装满/v一/m口/q棺材/n”/wyy；/wf如果/c把/pba他/rr所/usuo吸/v香烟/n的/ude1烟灰/n囤积/v起来/vf，/wd再/d摁/v实/ng，/wd“/wyz差不多/al可以/v装满/v一个/mq骨灰盒/n”/wyy。/wj
这种/r“/wyz吸烟/vi等于/v慢性/b自杀/vi”/wyy的/ude1隐喻/vn，/wd不/d失/v深刻/a。/wj
也/d有人/r把/pba吸烟/vi的/ude1危害/vn比/p做/v“/wyz按揭/vn”/wyy健康/an和/cc生命/n。/wj
而/cc在/p胡/nr1大/a一/m（/wkz北京大学/nt人民/n医院/n心血管/n病/n研究所/n所长/n、/wn心脏/n中心/n主任/n，/wd中华/nz医学会/n心血管/n病/n学分/n会/v主任委员/n，/wd中国/ns医师/n协会/n心/n内科/n医师/n分会/n会长/n，/wd欧/b亚/b科学/n院/n院士/n）/wky看来/v，/wd这种/r说法/n还/d不够/a贴切/a。/wj
“/wyz确切/a地/ude2说/v，/wd不/d是/vshi按揭/vn，/wd而是/c次/qv贷/v危机/n。/wj
”/wyy胡/nr1大/a一/m说/v，/wd“/wyz由于/c膨胀/vi、/wn无/v节制/vn，/wd同时/c不/d考虑/v不良/a后果/n地/ude2按揭/v，/wd致使/v最终/d无法/v偿还/v贷款/n，/wd并/cc引起/v多方面/n的/ude1连锁反应/nl。/wj
这样/rzv的/ude1次/qv贷/v危机/n乃至/c金融/n危机/n，/wd和/cc吸烟/vi的/ude1危害/vn简直/d如出一辙/vl。/wj
”/wyy作为/v著/uzhe名/q的/ude1心血管/n病/n专家/n和/cc健康/an教育/vn家/n，/wd胡/d大/a一/m教授/n始终/d不遗余力/vl地/ude2劝导/v大家/rr零/m吸烟/vi。/wj
不久前/t，/wd他/rr荣获/v“/wyz世界/n华人/n控/v烟/n突出/a贡献/n奖/n”/wyy。/wj
“/wyz我/rr不/d是/vshi专业/n的/ude1控/vn烟/n人士/n，/wd但/c我/rr作为/v一个/mq心血管/n医生/n，/wd对/p吸烟/vi的/ude1危害/vn有/vyou太/d多/a的/ude1了解/vn和/cc感触/n。/wj
”/wyy胡/nr1大/a一/m说/v，/wd即使/c每天/r吸/v1/a~/x5/b支/q烟/n，/wd未来/t患/v心肌/n梗/ng死/v的/ude1危险性/n都会/n剧增/vi四/m成/q。/wj
吸烟/vi量/n越/d大/a，/wd危害/v越/d大/a。/wj
二/m手/q烟/n危害/vn更/d大/a，/wd谣言/n还是/c真知/n？/ww
“/wyz许多/m人/n把/pba厕所/n当成/v吞云吐雾/vl的/ude1圣地/n，/wd结果/n进去/vf的/ude1人/n都/d分得/v一/m杯/q羹/ng。/wj
”/wyy如果/c出/vf一个/mq题目/n：/wm“/wyz吸烟/vi者/k是/vshi如何/ryv谋害/v他人/rr的/ude1？/ww
”/wyy绝大部分/m人/n都/d会/v回答/v：/wm“/wyz二手/b烟/n。/wj
”/wyy但是/c，/wd我们/rr真/a的/ude1了解/v二/m手/q烟/n吗/y？/ww
