乳房/n对于/p婴儿/n的/ude1意义/n，/wd其实/d就是/v最/d早/a最/d好/a最/d迷人/a的/ude1“/wyz奶瓶/n”/wyy。/wj
她/rr闪/vi着/uzhe永恒/z的/ude1母性/n光辉/a，/wd照亮/v婴儿/n甜美/a的/ude1微笑/vn。/wj
你/rr看/v，/wd一/m位/q正在/d哺乳/vi的/ude1母亲/n高举/v“/wyz人体/n最/d早/a的/ude1奶瓶/n”/wyy招牌/n上场/vi了/y…/ws
…/ws
乳房/n宣言/n：/wm人体/n器官/n我/rr最/d迷人/a我/rr有/vyou一个/mq迷人/a的/ude1外表/n，/wd可以/v把/pba男人/n骗/v得/ude3晕头转向/al。/wj
我/rr对于/p每/rz一个/mq女人/n来说/uls都/d是/vshi那么/rz重要/a，/wd象征/v着/uzhe女人/n的/ude1阴柔/a，/wd更/d是/vshi伟大/a母爱/n的/ude1标志/n。/wj
我/rr占据/v了/ule整个/b躯干/n正面/b的/ude1近/a二分之一/m，/wd是/vshi构成/v人体/n柔美/a曲线/n最/d重要/a的/ude1一/m环/q。/wj
起伏/vi的/ude1峰峦/n背后/f是/vshi两/m个/q重要/a的/ude1脏器/n：/wm心/n和/cc肺/n。/wj
挺拔/a圆润/a的/ude1我/rr外/f刚/d而/cc内/f柔/a，/wd真实/a地/ude2展现/v出/vf生命/n的/ude1健康/an、/wn自然/n与/cc活力/n，/wd有/vyou风韵/n也/d有/vyou风情/n，/wd坚强/an而/cc又/d不/d失/v婉约/a，/wd温厚/an而/cc又/d平和/a。/wj
我/rr由/p腺/x体/ng组织/n、/wn支持/vn组织/n以及/cc脂肪/n组织/v组成/v。/wj
我/rr的/ude1脂肪/n组织/n是/vshi人体/n重要/a的/ude1能量/n储备/vn，/wd能/v分泌/v乳汁/n的/ude1只是/d腺/x体/ng组织/v而已/y。/wj
因此/c，/wd一个/mq外观/n上/f看/v起来/vf丰满/a的/ude1我/rr，/wd很/d可能/v是/vshi支持/v组织/n和/cc脂肪/n组织/v占/v了/ule较/d大/a体积/n，/wd腺/x体/ng组织/v反而/d不/d多/a。/wj
民间/n有/vyou皮/n奶子/n和/cc肉/n奶子/n的/ude1说法/n，/wd认为/v同样/b大小/n的/ude1情况/n下/f，/wd肉/n奶子/n产量/n大/a些/q，/wd这/rzv说明/v民间/n也/d认识/v到/v我/rr的/ude1大小/n跟/p产量/n没/d直接/a关系/n。/wj
都/d说/v母乳/n最/d好/a，/wd可/c到/v底/f好/a在/p哪/ry？/ww
母乳/n的/ude1成分/n是/vshi随/p婴儿/n年龄/n的/ude1增长/vn而/cc变化/vn的/ude1：/wm孕/vg后期/t与/p分娩/vi后/f4/vi～/ws
5日/t以内/f的/ude1乳汁/n为/v初/ng乳/ng，/wd5/f～/ws
14日/t为/p过渡期/n乳/ng，/wd14日/t以后/f为/v成熟/a乳/ng，/wd9/vyou个/q月/n后/f则/d为/v晚/tg乳/ng。/wj
其/rz营养/n成分/n与/cc生物/n活性/b成分/n均/d有/vyou显/v著/uzhe的/ude1变化/vn，/wd这/rzv恰好/d可以/v有/vyou针对性/n地/ude2为/v婴儿/n提供/v营养/n和/cc保护/vn。/wj
初/ng乳/ng含有/v特别/d多/a的/ude1抗体/n，/wd有助于/v新生儿/n的/ude1生长/vn发育/vn和/cc抗/v感染/v。/wj
初/ng乳/ng中/f含有/v大量/m的/ude1分泌/vn型/k免疫球蛋白/nIgA/x，/wd此/rzs抗体/n广泛/ad分布/vi于/p胃肠/n道/n、/wn呼吸道/n以及/cc泌/ng尿道/n上/f，/wd是/vshi抵抗/v病原/n的/ude1一线/n抗体/n，/wd不/d需要/v非得/d进入/v血液/n才/d起/vf作用/n。/wj
前/f些/q日子/n盛传/v“/wyz乳粉/n致/v儿童/n性/ng早熟/vi”/wyy，/wd为何/ryv在/p女婴/n身上/s我/rr也/d会/v发育/vn？/ww
这/rzv是/vshi个体/n差异/n造成/v的/ude1。/wj
女孩子/n在/p两/m岁/qt之前/f可以/v间断性/b地/ude2分泌/v雌激素/n，/wd相当于/v正常/a成年/vn女性/n的/ude1雌激素/n的/ude1低/a限/v值/n。/wj
在/p对/p雌激素/n敏感/a的/ude1孩子/n身上/s，/wd我/rr就/d会/v出现/v比较/d明显/a的/ude1发育/vn，/wd这/rzv就是/d所谓/v的/ude1“/wyz微小/a青春期/t”/wyy。/wj
而/cc目前/t市场/n上/f抽检/v的/ude1可疑/a婴幼儿/n乳粉/n，/wd其/rz激素/n含量/n没有/d异常/a。/wj
阿凡/nrf提/v点评/v：/wm母乳/n喂养/v，/wd有益/a母婴/n健康/a几/m年/qt前/f，/wd三/m聚氰胺/n奶粉/n东窗事发/vl，/wd带动/v了/ule“/wyz奶妈/n产业/n”/wyy的/ude1蓬勃/ad发展/v，/wd也/d让/v那些/rz深信/v做/v女人/n“/wyz挺/ag”/wyy好/a的/ude1妈妈/n没/v了/ule逃避/v哺乳/vi的/ude1理由/n。/wj
婴儿/n健康/an，/wd有/vyou赖/v母乳/n喂养/vn。/wj
其实/d，/wd母乳/n喂养/v还/d有益/a于/p母亲/n本人/rr的/ude1健康/an。/wj
哺乳/vi通过/p婴儿/n的/ude1吸吮/v产生/v反射/vn，/wd使/v母体/n内/f产生/v缩/vi宫/ng素/ag，/wd可以/v促进/v乳母/n产后/t子宫/n复原/vi，/wd还/d可/v降低/v乳腺癌/n的/ude1发病/vn危险性/n。/wj
第一/m次/qv生产/vn后/f，/wd哺乳期/n长者/n，/wd乳腺癌/n危险性/n降低/v，/wd哺乳/vi总/b时间/n与/cc乳腺癌/n危险性/n呈/v负/v相关/vi。/wj
那些/rz没有/d特殊/a原因/n，/wd却/d不/d愿意/v给/p孩子/n喂奶/vi的/ude1母亲/n，/wd无形中/d使/v自己/rr罹/x患/v乳腺癌/n的/ude1危险性/n增加/v了/y。/wj
如今/t，/wd乳腺癌/n已经/d成为/v对/p女性/n生命/n威胁/vn最/d严重/a的/ude1疾病/n，/wd居于/v女性/n恶性肿瘤/nl死亡/vi第一/m位/q。/wj
《/wkz中国/ns抗癌/vn协会/n乳腺癌/n诊治/vn指南/n与/cc规范/n（/wkz2007/m版/n）/wky》/wky（/wkz以下/f简称/v《/wkz指南/n》/wky）/wky建议/v40/m岁/qt以下/f的/ude1一般/a妇女/n每/rz1/a～/ws
3年/m进行/vx一/m次/qv乳腺/n检查/vn，/wd40/m～/ws
60/m岁/qt每年/r一/m次/qv，/wd60/m~/x69/m岁/qt每/rz1/a～/ws
2年/m一/m次/qv。/wj
《/wkz指南/n》/wky鼓励/v女性/n每月/r进行/vx一/m次/qv乳腺/n自查/vn，/wd自查/v的/ude1方法/n不/d难/ad掌握/v。/wj
女性/n朋友/n在/p作/v乳腺/n检查/v时/ng，/wd可以/v向/p专业/n医师/n讨教/v乳腺/n自查/vn方法/n，/wd他们/rr有/vyou义务/d传授/v这个/rz方法/n。/wj
不过/c，/wd自查/v只能/v作为/v发现/v肿瘤/n的/ude1一个/mq辅助/vn手段/n，/wd更/d重要/a的/ude1还是/c到/v医院/n接受/v定期检查/n。/wj
现场/s颁奖/vn仪式/n“/wyz有/vyou了/ule好/a身体/n，/wd再/d简单/a的/ude1生活/vn也/d会/v过/vf得/ude3华丽/a；/wf没/v了/ule好/a身体/n，/wd再/d平常/a的/ude1日子/n也/d会/v多/a风/n多/a雨/n；/wf保重/v身体/n，/wd千/m万/m要/v在/p意/ng，/wd就/d算是/v为/p自己/rr，/wd就/d算是/v为/p家里/s…/ws
…/ws
”/wyy叶凡/nr的/ude1新/a歌/n《/wkz保重/v身体/n》/wky刚刚/d录/v完/vi还/d未/d发行/v，/wd她/rr就/d带/v着/uzhe对/p人生/n无比/z的/ude1眷恋/vn离开/v了/ule人世/n——/wp被/pbei乳腺癌/n夺/v走/v了/ule生命/n。/wj
我们/rr把/pba“/wyz人体/n最/d早/a的/ude1奶瓶/n”/wyy桂冠/n献给/v美丽/a的/ude1乳房/n，/wd也/d献给/v我们/rr伟大/a的/ude1母亲/n。/wj
愿/v她们/rr保重/v身体/n，/wd永远/d健康/a、/wn快乐/a！/wt
根据/p描述/v，/wd你/rr女儿/n口腔/n所/usuo患/v的/ude1正是/v新生儿/n时期/n常见/a的/ude1鹅口疮/n。/wj
鹅口疮/n俗称/v“/wyz白/a口/q糊/a”/wyy，/wd中医/n叫/vi“/wyz雪/n口/n症/ng”/wyy，/wd是/vshi由/p白色/n念珠/n菌/n感染/v引起/v的/ude1，/wd属于/v真菌/n的/ude1一/m种/q。/wj
新生儿/n免疫/vn功能/n低下/a，/wd口腔/n黏膜/n又/d娇嫩/a，/wd稍/d有/vyou破损/vi，/wd就/d容易/ad引起/v感染/v。/wj
此外/c，/wd如/v母亲/n乳头/n不/d洁/ag或/c宝宝/n所/usuo用/v奶/n具/vg被/pbei污染/v，/wd尤其/d是/vshi母亲/n本身/rz有/vyou霉菌/n感染/v的/ude1，/wd更/d易/a致病/vn。/wj
