早市/n上/f的/ude1对话/vn星期天/t早上/t，/wd时针/n刚刚/d指向/v7点/t，/wd铜钱/n胡同/n的/ude1小/a广场/n上/f已经/d一/m片/q忙碌/a。/wj
住/vi在/p附近/f的/ude1居民/n，/wd都/d已/d习惯/v每天/r去/vf小/a广场/n上/f的/ude1早市/n买/v菜/n。/wj
这里/rzs的/ude1蔬菜/n瓜果/n既/c新鲜/a又/d便宜/a，/wd特别/d受/v中老年人/n的/ude1喜爱/vn。/wj
祁/nr1大妈/n今天/t起/vf得/ude3格外/d早/a，/wd准备/v好/a购物/vn袋/ng，/wd就/d向/p早市/n“/wyz进发/vi”/wyy了/y。/wj
今天/t是/vshi休息日/n，/wd来/vf早/a市/n的/ude1人/n比/p平时/t多/a，/wd不过/c，/wd眼尖/a的/ude1小贩/n还是/c一/m眼/q就/d看到/v了/ule祁/nr1大妈/n。/wj
“/wyz祁/nr1大妈/n，/wd今天/t够/v早/a的/ude1呀/y！/wt
准备/v买/v点/qt什么/ry呀/y？/ww
”/wyy每天/r都/d见面/vi，/wd小贩/n们/k和/cc祁/nr1大妈/n这样/rzv的/ude1老/a顾客/n已经/d很/d熟悉/v了/y。/wj
“/wyz看/v得/ude3我/rr眼花/vi，/wd真/d不/d知道/v买/v什么/ry好/a喽/y！/wt
”/wyy“/wyz今天/t的/ude1黄豆芽/n特别/d新鲜/a。/wj
吃/v这个/rz能/v降/v血脂/n，/wd越/d吃/v越/d健康/a。/wj
您/rr还/d不/d来/vf点/n？/ww
”/wyy还/d没/d等/v祁/nr1大妈/n搭腔/v，/wd另/rz一个/mq小贩/n远远地/z就/d吆喝/v上/vf了/ule：/wm“/wyz祁/nr1大妈/n，/wd来/vf看看/v我/rr的/ude1白薯/n嘛/y！/wt
电视/n上/f都/d说/v了/y，/wd白薯/n防癌/vn，/wd还/d抗/v衰老/a哪/y！/wt
您/rr多/d买/v点/qt当/p饭/n吃/v，/wd保准/v您/rr今年/t20/m，/wd明年/t18/nz啊/y！/wt
”/wyy人群/n中/f爆发/v出/vf一阵/mq笑声/n。/wj
祁/nr1大妈/n无奈/d地/ude2笑/v笑/v：/wm“/wyz你们/rr两/m个/q小子/n就/d逗/v我/rr吧/y！/wt
我/rr都/d糊/a涂/v了/y。/wj
电视/n上/f今天/t说/v吃/v这个/rz能/v防癌/vn，/wd明天/t又/d说/v吃/v那个/rz能/v防癌/vn。/wj
我/rr一个/mq初中/n文化/n的/ude1老太太/n，/wd都/d不知/v到底/d要/v吃/v哪个/ry了/y！/wt
”/wyy“/wyz嗨/e！/wt
咱们/rr老祖宗/n不/d都/d说/v了/ule嘛/y，/wd‘/wyz生死/n有/vyou命/n，/wd富贵/a在/p天/n’/wyy。/wj
老天爷/n要/v让/v你/rr得/v癌/n，/wd你/rr怎么/ryv防/v都/d没/d用/v！/wt
”/wyy一旁/f的/ude1汪/nr1大爷/n搭腔/v道/qv。/wj
“/wyz话/n说/v回来/v，/wd我/rr现在/t怎么/ryv觉得/v什么/ry东西/n都/d有/vyou可能/n致癌/vi呢/y？/ww
前/f几/m天/qt电视/n上/f还/d说/v发现/v了/ule一/m种/q‘/wyz超级/b病菌/n’/wyy。/wj
听说/v没/v药/n可/v治/v。/wj
吓/v死/v我/rr了/y！/wt
”/wyy对面/f的/ude1毛/nr1大姐/n一/m脸/q担忧/v地/ude2说/v。/wj
“/wyz可/v不/d是/vshi嘛/y！/wt
”/wyy祁/nr1大妈/n提高/v了/ule嗓门/n，/wd“/wyz我/rr可/v是/vshi关注/v健康/a的/ude1人/n。/wj
电视/n里/f的/ude1健康/a节目/n、/wn健康/a新闻/n我/rr天天/d看/v，/wd还/d做/v笔记/n呢/y。/wj
可是/c，/wd怎么/ryv越/d看/v越/d觉得/v心里/s没/v底/f儿/ng了/y呢/y？/ww
”/wyy将近/d一半/m的/ude1癌症/n可以/v预防/v，/wd为什么/ryv我们/rr还/d是/vshi这么/rz悲观/a您/rr是/vshi不/d是/vshi也/d有/vyou和/p祁/nr1大妈/n一样/uyy的/ude1困惑/an？/ww
作为/p一个/mq现代人/n，/wd与其说/c我们/rr生活/vi在/p现实/n世界/n中/f，/wd不如说/c是/vshi生活/vi在/p“/wyz媒体/n世界/n”/wyy中/f。/wj
想/v要/v摆脱/v媒体/n的/ude1影响/vn？/ww
几乎/d不/d可能/v！/wt
今天/t，/wd年轻人/n喜欢/vi通过/p互联网/n来/vf了解/v世界/n。/wj
很/d多/ad像/v祁/nr1大妈/n一样/uyy的/ude1中老年人/n，/wd则/c更/d喜欢/vi通过/p电视/n来/vf得/ude3到/v信息/n——/wp包括/v和/cc健康/an有关/vn的/ude1信息/n。/wj
事实上/bl，/wd早/ad在/p20年/m前/f，/wd西方/s发达国家/nl的/ude1学者/n就/d对/p“/wyz电视/n怎样/ryv影响/v我们/rr的/ude1生活/vn”/wyy这个/rz话题/n产生/v了/ule兴趣/n。/wj
大量/m的/ude1研究/vn发现/v，/wd电视/n传播/vn的/ude1信息/n会/v影响/vn人们/n的/ude1生活/vn态度/n。/wj
今年/t，/wd4/vi位/q分别/d来自/v康奈尔/nrf大学/n、/wn密/ad歇/v根/q大学/n、/wn威斯康星/nz大学/n的/ude1美国/nsf学者/n，/wd把/pba好奇/a的/ude1目光/n投向/v了/ule“/wyz电视/n新闻/n是/vshi不/d是/vshi会/v让/v我们/rr对/p癌症/n预防/v更加/d悲观/a”/wyy这个/rz话题/n。/wj
有趣/a的/ude1是/vshi，/wd他们/rr调查/v发现/v，/wd美国/nsf人/n对/p癌症/n的/ude1困惑/an和/cc上文/n铜钱/n胡同/n早市/n对话/vn中/f中国/ns人/n对/p癌症/n的/ude1迷惘/an很/d相似/a。/wj
早/ad在/p很多/m年/qt前/f，/wd美国/nsf的/ude1科学家/n就/d发现/v，/wd因/p癌症/n而/cc最终/d去世/vi的/ude1病人/n中/f，/wd大约/d30％/m的/ude1人/n有/vyou长期/d吸烟/vi的/ude1不良/a习惯/n，/wd还有/v14％/m~/x20％/m的/ude1人/n体重/n严重/ad超标/vi。/wj
换句话说/c，/wd很多/m人/n得/ude3癌症/n，/wd要/v部分/n“/wyz归功/vi于/p”/wyy他们/rr不/d健康/a的/ude1生活/vn方式/n。/wj
于是/cc，/wd学者/n们/k开始/v大声疾呼/vl：/wm“/wyz大家/rr注意/v啦/y！/wt
科学研究/n表明/v，/wd有/vyou将近/d一半/m的/ude1癌症/n都/d是/vshi可以/v预防/v的/ude1！/wt
”/wyy让/v科学家/n们/k郁闷/a的/ude1是/vshi，/wd尽管/c做/v了/ule大量/m的/ude1工作/vn，/wd很多/m美国/nsf人/n在/p谈/v到/v癌症/n的/ude1时候/n，/wd还/d是/vshi表现/v出/vf了/ule悲观/a、/wn无助/an和/cc困惑/an。/wj
美国/nsf2007年/m的/ude1一/m项/q调查/v发现/v，/wd超过/v1/a//w4/vi的/ude1被/pbei调查对象/n表达/v了/ule和/cc汪/nr1大爷/n同样/b的/ude1观点/n：/wm“/wyz得/v癌症/n几乎/d是/vshi注定/v的/ude1，/wd怎么/ryv防/v都/d没/d用/v。/wj
”/wyy有/vyou将近/d一半/m的/ude1人/n和/cc毛/nr1大姐/n一样/uyy忧虑/v：/wm“/wyz好像/v任何/rz东西/n都/d有/vyou可能/n致癌/vn。/wj
”/wyy还有/v将近/d3/n//w4/vi的/ude1人/n和/cc祁/nr1大妈/n一样/uyy困惑/a：/wm“/wyz健康信息/n铺天盖地/vl，/wd今天/t说/v这个/rz防癌/vn，/wd明天/t又/d说/v那个/rz防癌/vn，/wd我/rr到/v底/f应该/v听/v哪个/ry啊/y？/ww
”/wyy电视/n新闻/n看/v得/ude3越/d多/a，/wd面对/v防癌/v越/d悲观/a于是/cc，/wd4/vi位/q美国/nsf学者/n把/pba目光/n投向/v了/ule电视/n——/wp影响/v人数/n最/d多/a的/ude1现代/t媒体/n。/wj
最后/f，/wd他们/rr发现/v，/wd电视/n新闻/n看/v得/ude3越/d多/a，/wd人们/n在/p面对/v“/wyz癌症/n预防/v”/wyy这个/rz话题/n时/ng，/wd就/d越/d容易/a悲观/a。/wj
原来/b，/wd为了/p吸引/v眼球/n，/wd电视/n新闻/n常常/d过分/ad强调/v新闻/n中/f的/ude1某个/rz“/wyz爆炸点/n”/wyy。/wj
比如/v让/v毛/nr1大姐/n忧虑/v不已/vi的/ude1“/wyz超级/b病菌/n”/wyy，/wd电视/n新闻/n在/p谈/v到/v它/rr的/ude1时候/n，/wd为了/p吸引/v观众/n，/wd会/v更/d多/a地/ude2选取/v如/v“/wyz几乎/d没有/v药物/n可以/v对抗/v‘/wyz超级/b病菌/n’/wyy”/wyy“/wyz目前/t，/wd‘/wyz超级/b病菌/n’/wyy已经/d现身/v多/m个/q国家/n，/wd致/v多/a人/n死亡/vi”/wyy这样/rzv的/ude1惊/v悚/x角度/n。/wj
