瑜/nr1伽/ng包含/v伸展/v、/wn力量/n、/wn耐力/n和/cc强化/v心/n肺/n功能/n等/udeng练习/v。/wj
对于/p女性/n，/wd特别/d是/vshi职业/n女性/n来说/uls，/wd练习/v瑜/nr1伽/ng的确/d有助于/v缓解/v工作/vn压力/n、/wn调节/vn情绪/n、/wn提高/v机体/n免疫/vn力/n。/wj
不过/c，/wd在/p练习/v瑜/nr1伽/ng期间/f，/wd女性/n要/v注意/v“/wyz三/m期/qv”/wyy——/wp1./m月经/n期/qv——/wp静/ad根据/p中/b医学/n的/ude1理论/n，/wd女性/n月经/n期/qv时/ng，/wd气/n血/n处于/v相对/d亏/v虚/a的/ude1状态/n，/wd机体/n可能/v会/v出现/v如/v体/ng倦/a、/wn乏力/a等/udeng正气/n不足/a的/ude1现象/n。/wj
这个/rz时期/n，/wd并/cc不/d适合/v做/v较为/d剧烈/a的/ude1运动/vn，/wd而/cc适宜/v进行/vx相对/d和缓/a的/ude1活动/vn。/wj
瑜/nr1伽/ng包括/v诸多/m类别/n，/wd有些/rz瑜/nr1伽/ng以/p动/v为主/vi，/wd有些/rz则/d以/p静为宜/nr。/wj
当/p女性/n处于/v月经/n期/qv时/ng，/wd应/v尽量/d调整/v自己/rr的/ude1练习/vn方式/n，/wd选择/v相对/d较/d“/wyz安静/a”/wyy的/ude1瑜/nr1伽/ng，/wd或者/c把/pba自己/rr每个/r教程/n之间/f的/ude1间隔/n时间段/n安排/v在/p月经/n期/qv，/wd这样/rzv既/c可以/v不/d破坏/v瑜/nr1伽/ng锻炼/v的/ude1连续性/n，/wd又/d不/d会/v对/p人体/n造成/v损伤/vn。/wj
2./m妊娠期/t——/wp柔/a在/p妊娠/vn过程/n，/wd女性/n可以/v应/v用/p不同/a的/ude1相对/d柔和/a的/ude1瑜/nr1伽/ng运动/vn形式/n，/wd不宜/v进行/vx过/uguo多/m或/c较/d强/a的/ude1腹部/n和/cc腰部/n运动/vn。/wj
在/p这个/rz阶段/n，/wd孕妇/n需要/v明确/a，/wd练习/v瑜/nr1伽/ng的/ude1目的/n是/vshi增强/v体力/n和/cc肌肉/n张力/n，/wd增强/v身体/n的/ude1平/a感/ng，/wd提高/v整个/b肌肉组织/n的/ude1柔韧/a度/ng和/cc灵活度/n，/wd使/v自己/rr的/ude1身心/n达到/v相对/d平和/a的/ude1状态/n，/wd以/p利于/v胎儿/n和/cc自身/rr的/ude1健康/an。/wj
值得/v注意/v的/ude1一点/m是/vshi，/wd没有/d流产/vi史/ng，/wd又/d无/v其他/rzv疾病/n的/ude1准/a妈妈/n，/wd只要/c觉得/v准备/v好/a了/y，/wd就/d可以/v进行/vx一些/mq轻柔/a的/ude1可/c增强/v身体/n力量/n、/wn提高/v肌肉/n柔韧性/n和/cc张力/n的/ude1锻炼/vn；/wf而/cc有/vyou习惯性/n流产/vi史/ng的/ude1孕妇/n，/wd建议/n最/d好/a在/p征求/v专业/n医师/n的/ude1意见/n后/f，/wd再/d考虑/v进行/vx瑜/nr1伽/ng的/ude1练习/vn。/wj
3./m更年期/t——/wp养/v更年期/t女性/n有/vyou以下/f特点/n：月/t经/p不/d调/v、/wn乳房/n下垂/vi、/wn外/f阴/a干燥/a、/wn性欲/n减退/v、/wn潮/n热/a汗/n出/vf、/wn心慌/a心悸/vi、/wn精神/n异常/a、/wn腰/n酸/a背/n痛/an。/wj
这些/rz症状/n与/cc人体/n内/f雌激素/n的/ude1分泌/vn有关/vn。/wj
按/p中/b医学/n的/ude1认识/n，/wd“/wyz月经/n不/d调/v、/wn乳房/n下垂/vi、/wn外/f阴/a干燥/a、/wn性欲/n减退/v”/wyy与/cc肾/n气/n亏/v虚/a有关/vn，/wd“/wyz心悸/vi、/wn精神/n异常/a”/wyy则/d归属/v于/p心神/n失/v养/v。/wj
因此/c，/wd在/p此/rzs生理/n阶段/n，/wd应/v偏/d重/v“/wyz养/v心安/a神/n”/wyy类/n的/ude1瑜/nr1伽/ng。/wj
同时/c，/wd更年期/t女性/n常/d兼/v有/vyou一些/mq慢性/b疾患/n。/wj
如/v有/vyou肠结核/n、/wn胃溃疡/n、/wn疝气/n者/k，/wd不宜/v练习/v眼镜蛇/n式/k的/ude1瑜/nr1伽/ng；/wf有/vyou腰/n膝/ng酸软/a等/udeng骨质/n疏松/a的/ude1女性/n，/wd应/v尽量避免/n练习/v过度/vd伸展/v用力/a的/ude1瑜/nr1伽/ng姿势/n。/wj
若/c出现/v崩/v漏/v、/wn经/p期/qv延长/v、/wn月经/n过/uguo多/m等/udeng症状/n，/wd暂/d不宜/v练习/v过/uguo多/m或/c强度/n过/uguo大/a的/ude1瑜/nr1伽/ng，/wd必要/a时/ng中止/v练习/v。/wj
女性/n练习/v瑜/nr1伽/ng，/wd应/v量力而行/vl，/wd不可/v逞强/vi；/wf动作/n应/v缓慢/a，/wd动静/n结合/v，/wd不可/v骤然/d用力/a；/wf不要/d刻意/d追求/v“/wyz标准/n”/wyy，/wd应/v以/p身体/n舒适/a为/v度/qv。/wj
当/p你/rr伸展/v到/v自己/rr能/v承受/v的/ude1最/d大限度/n时/ng，/wd就/d已/d足够/v，/wd要/v避免/v过度/vd运动/vi造成/v的/ude1伤害/vn。/wj
暖/v身/ng动作/n很/d重要/a在/p开始/v瑜/nr1伽/ng锻炼/v之前/f，/wd先/d步行/vi5分钟/t，/wd或者/c爬/v楼梯/n，/wd让/v全身/n充分/ad活动/v开/v，/wd以/p起/vf到/v暖/ag身/ng作用/n。/wj
活动/vn过程/n要/v循序渐进/vl，/wd避免/v身体/n受到/v惊吓/vn。/wj
练习/v瑜/nr1伽/ng的/ude1时候/n，/wd动作/n宜/ag缓慢/a，/wd充分/ad利用/v丹田/n进行/vx腹部/n深呼吸/n，/wd使/v体内/s供氧/n量/n充足/a，/wd再/d借/v瑜/nr1伽/ng各种/rz不同/a的/ude1姿势/n，/wd伸展/v身体/n的/ude1肌肉/n与/cc韧带/n。/wj
这/rzv对/p训练/vn筋骨/n的/ude1柔软/a度/qv有/vyou相当/d好/a的/ude1效果/n。/wj
尤其/d是/vshi伸展/v脊/x椎/x的/ude1动作/n，/wd能/v刺激/v自律/vn神经/n，/wd促进/v新陈代谢/vl，/wd一/m堂/q课/n下来/vf，/wd往往/d就/d气喘吁吁/al、/wn汗流浃背/al。/wj
练习/v时/ng心情/n尽量/d放松/v，/wd可/c容许/v身体/n有/vyou一点点/m酸痛/a，/wd但/c不/d要/v过度/d用力/a或/c勉强/ad做/v动作/n。/wj
时间/n没有/d特别/d要求/v有些/rz女性/n练习/v瑜/nr1伽/ng，/wd过分/ad强调/v练习/v的/ude1时间/n，/wd如/c强调/v在/p一/m天/qt中/f的/ude1子/ng时/ng、/wn午时/t或者/d戊/Mg时/ng进行/vx练习/vn，/wd搞/v得/ude3自己/rr非常/d疲惫/a。/wj
其实/d，/wd练习/v瑜/nr1伽/ng任何/rz时间/n（/wkz除/v了/ule每/rz餐/ng之后/f）/wky都/d可以/v进行/vx，/wd最佳/z时段/n是/vshi清晨/t4/ng～/ws
6点/t，/wd此时/r大气/n纯净/an、/wn宁静/an，/wd最/d易/ad接纳/v高级/a瑜/nr1伽/ng锻炼/v。/wj
但/c练习/v瑜/nr1伽/ng，/wd关键/n是/vshi要/v遵循/v自己/rr的/ude1作息时间/n，/wd以/p身体/n舒适/a为/v度/qv，/wd当然/d，/wd如果/c能够/v遵照/v固定/a的/ude1时间/n练习/v而/cc不/d影响/v休息/v是/vshi最/d好/a的/ude1。/wj
练习/v期间/f，/wd只有/c安神/vi定/v志/n，/wd排除/v一切/rz杂念/n，/wd全身心/d放松/v地/ude2进入/v瑜/nr1伽/ng的/ude1世界/n，/wd才/d能/v达到/v更/d好/a的/ude1练习/vn效果/n。/wj
练习/v应/v持之以恒/vl，/wd想/v通过/p练习/v瑜/nr1伽/ng一下子/d达到/v某种/rz功利性/n目的/n，/wd是/vshi不/d明智/a的/ude1做法/n。/wj
适当/ad补充/v新鲜/a水果/n对/p任何人/r来说/uls，/wd水果/n都/d是/vshi有/vyou营养/n的/ude1食物/n。/wj
为/p使/v瑜/nr1伽/ng练习/v取得/v良好效果/n，/wd吃/v新鲜/a水果/n，/wd补充/v充分/a的/ude1维生素/nC/x及/cc纤维素/n是/vshi非常/d重要/a的/ude1。/wj
女性/n练/v瑜/nr1伽/ng期间/f，/wd应/v适当/ad增加/v新鲜/a水果/n的/ude1摄入/v，/wd但/c并非/v必须/d吃/v那些/rz昂贵/a的/ude1水果/n，/wd一般/ad常见/a的/ude1水果/n同样/d含有/v丰富/a的/ude1营养/n；/wf尽量/d多/ad吃/v不同/a的/ude1水果/n。/wj
25/m岁/qt左右/f的/ude1女孩子/n聚/v到/v一/m起/q就/d开始/v抱怨/v：/wm“/wyz老/a了/y，/wd眼角/n都/d有/vyou鱼尾纹/n了/y，/wd真是/d岁月不饶人/al啊/y！/wt
