一/m个/q人/n吃/v饭/n本/rz应/v全程/n充满/v泪/n点/qt，/wd但/c突然/ad之间/f，/wd它/rr变成/v了/ule一/m种/q生活/vn方式/n、/wn一/m种/q哲学/n、/wn一/m种/q信仰/n。/wj
一/m个/q人/n吃饭/vi，/wd本/d是/vshi个/q自然/n现象/n。/wj
比如/v武松/nr，/wd一个/mq人/n溜/v达到/v景阳岗/ns吃饭/vi，/wd大/a口/n吃/v肉/n，/wd大/a碗/n喝酒/vi，/wd一/m轮/qv再/d一/m轮/qv，/wd但/c一下/mq喝/vg了/ule十八/m碗/q，/wd惹/v来/vf围观/vi群众/n，/wd造成/v群体/n性/ng事件/n，/wd打/v死/v珍稀/a动物/n就/d不/d应该/v了/y。/wj
更/d甚/dg的/ude1是/vshi宋江/nr，/wd一般/a情况/n都/d是/vshi和/cc兄弟/n一起/s吃饭/vi，/wd偶然/a一/m人/n去/vf浔/ng阳/ag楼/n吃饭/vi就/d出/vf事/n了/y。/wj
他/rr在/p墙上/s写/v一/m首/q反/vi诗/n，/wd被/pbei人/n抓/v个/q正/d着/uzhe，/wd连/ulian翻供/vi余地/n都/d没有/v，/wd不得不/d走/v上/f不/d归/v路/n——/wp一/m顿/qv饭/n改变/v人生/n，/wd太/b戏剧性/n了/y。/wj
一/m个/q人/n吃/v饭/n就/d是/vshi容易/a出/vf事/n：/wm没/v人/n聊天/vi，/wd没/v人/n抢/v肉/n，/wd很/d容易/a惆怅/an起来/vf。/wj
情绪/n一/m泛滥/vi，/wd难免/v就/d成/v了/ule社会/n问题/n。/wj
大/a过年/vi的/ude1一/m人/n吃饭/vi，/wd那/rzv是/vshi没/d买/v到/v火车票/n，/wd回/v不/d了/ule家/n；/wf情人节/t里/f一/m人/n吃饭/vi，/wd那/rzv是/vshi剩/v女/b求/v安慰/an的/ude1节奏/n。/wj
一/m个/q人/n的/ude1饭/n全程/n充满/v泪/n点/qt，/wd所以/c大多数/m人/n不得不/d选择/v速/ag战/ng速决/vi。/wj
而/cc敢于/v宣扬/v一个/mq人/n吃/v饭/n的/ude1，/wd不/d是/vshi恨/v嫁/v了/ule无/v痕/ng的/ude1小/a清新/a，/wd就是/d粗/a得/ude3没/d心眼/n的/ude1武松/n，/wd吃/v是/vshi一/m种/q哲学/n和/cc信仰/vn，/wd一个/mq人/n吃/v饭/n更/d是/vshi一/m种/q人/n皆/d点/v赞/vg的/ude1生活/vn方式/n。/wj
但/c这/rzv一切/rz已/d是/vshi历史/n。/wj
在/p今天/t，/wd一个/mq人/n吃/v饭/n已经/d升华/vi到/v一/m种/q生活/vn方式/n，/wd你/rr既/c可以/v简单/a直接/a地/ude2解决/v温饱/n问题/n，/wd也/d可以/v对/p自己/rr有/vyou更/d严格/a的/ude1要求/n。/wj
几/m年/qt前/f，/wd日/b剧/n《/wkz孤独/a美食家/n》/wky被/pbei小/a清新/a们/k引进/v国内/s：/wm一/m位/q叫/vi五/m郎/ng的/ude1大叔/n在/p屏幕/n里/f吃饭/vi、/wn念叨/v，/wd从头到尾/dl都/d是/vshi一个/mq人/n，/wd三年/m如/v一日/t。/wj
就/d是/vshi他/rr，/wd告诉/v年轻人/n：/wm在/p纷乱/a的/ude1世界/n里/f，/wd哪怕/c一个/mq人/n也/d得/ude3好好/d享受/v美食/n。/wj
任何/rz原因/n都/d不/d能/v干扰/v吃/v，/wd它/rr是/vshi一/m种/q哲学/n和/cc信仰/vn。/wj
因为/p这/rzv信仰/n，/wd爱/v吃/v的/ude1人/n看/v得/ude3饥肠辘辘/vl、/wn热泪盈眶/al，/wd从/p味蕾/n到/v内心/n都/d得到/v升华/vi。/wj
一/m个/q人/n吃饭/vi，/wd再/d也/d不/d是/vshi件/q凄凉/a的/ude1事情/n，/wd它/rr是/vshi隆重/a的/ude1，/wd唯/d美/a的/ude1，/wd纯洁/a的/ude1。/wj
在/p这/rzv位/q大叔/n村上/s龙/n的/ude1带动/vn下/f，/wd日/b韩/b中/b三/m国/n文艺/n人士/n纷纷/d加入/v“/wyz一/m人/n吃/v饭/n”/wyy的/ude1大军/n。/wj
在/p本埠/r的/ude1一/m人/n吃饭/vi推手/n大军/n中/f，/wd@/x一/m人/n食/ng获得/v了/ule最/d多/m点/qt赞/ng。/wj
和/cc村/n上/f大叔/n不同/a的/ude1是/vshi，/wd它/rr让/v大家/rr回家/vi吃/v，/wd每月/r一/m集/q的/ude1视频/n里/f有/vyou最/d简单/a的/ude1皮蛋/n豆腐/n、/wn凉面/n、/wn煲/v仔/ng饭/n和/cc关东/ns煮/v，/wd却/d让/v一个/mq人/n的/ude1饭/n吃/v出/vf了/ule腔调/n。/wj
视频/n末尾/n出现/v的/ude1森/ag女森男/nr能/v烧/vi会/v拗/a，/wd极/d具/vg画面/n感/vg。/wj
一/m人/n食/ng的/ude1风潮/n瞬间/t暴涨/vi，/wd2013年/m年/qt末/f，/wd上海/ns的/ude1蓝色/n联盟/n出租车/n上/f开始/v滚动/vd播放/v搞/v怪/v“/wyz一/m人/n食/ng”/wyy视频/n。/wj
圣诞/t花环/n、/wn草莓/n雪人/n以及/cc西/b兰花/n圣诞树/n，/wd席卷/v了/ule整个/b网络/n，/wd是/vshi为/p“/wyz不/d孤独/a的/ude1食物/n美学/n”/wyy。/wj
小/a清新/a人人/n动手/vi制作/v，/wd拍照/vi，/wd晒/v。/wj
饭/n，/wd可以/v一/m人/n吃/v，/wd点/qt赞/ng，/wd得/v众人/n来/vf。/wj
一/m个/q人/n吃/v饭/n尽/vi可/v按照/p自己/rr的/ude1口味/n来/f，/wd可以/v吃/v得/ude3全心全意/dl，/wd能/v“/wyz领悟/v人生/n的/ude1真谛/n”/wyy。/wj
一/m个/q人/n吃饭/vi，/wd尽/d可/v按照/p自己/rr的/ude1口味/n来/vf。/wj
不/d用/v顾及/v吃/v了/ule葱/n姜/nr1蒜/n遭/v人/n鄙夷/v，/wd无/v人/n依偎/vi，/wd不怕/v刹/v风景/n。/wj
龙虾/n也好/y，/wd猪下水/n也好/y，/wd再/d也/d不用/d装/v，/wd大蒜/n就/p咖啡/n都/d可以/v有/vyou。/wj
“/wyz自由/a”/wyy是/vshi孤独/a的/ude1高尚/a代名词/n。/wj
贾宝玉/nr和/cc他/rr娘/n吃饭/vi，/wd会/v假装/v爱/v吃素/v，/wd一个/mq人/n在/p怡/vg红/a院/n吃/v小灶/n，/wd就/d时不时/d要/v来/vf点/qt好/a的/ude1。/wj
一/m个/q人/n吃/v，/wd还/d可以/v全心全意/dl。/wj
国外/s的/ude1食/ng评/v家/q大都/ns是/vshi一/m人/n前往/v餐厅/n，/wd电影/n《/wkz料理/v鼠/ng王/n》/wky里/f，/wd尖酸/a刻薄/a的/ude1食/ng评/v家/n柯博/nr先生/n（/wkzAntonEgo/x）/wky就/d这样/rzv。/wj
这个/rz长/a得/ude3很/d不/d好看/a的/ude1大叔/n，/wd面对/v一/m盘/qv普罗旺斯/nrf焖/v菜/n，/wd眼泪/n夺眶而出/vl，/wd妈妈/n的/ude1慈祥/a模样/n印/b入/v眼帘/n。/wj
想象/v一下/mq，/wd如果/c两/m人/n同行/n，/wd对面/f还/d是/vshi位/q美/b人/n，/wd大叔/n会/v想起/v妈妈/n才/d怪/a呢/y。/wj
最/d重要/a的/ude1是/vshi，/wd一个/mq人/n吃/v，/wd可以/v“/wyz领悟/v人生/n的/ude1真谛/n”/wyy。/wj
李白/nr一个/mq人/n深夜/t吃饭/vi喝酒/vi，/wd“/wyz举杯/vi邀/v明月/n，/wd对/p影/ng成/v三/m人/n”/wyy。/wj
孤独/a的/ude1五/m郎/ng也/d是/vshi在/p一个/mq人/n吃/v饭/n的/ude1时候/n，/wd发表/v自己/rr对/p人生/n的/ude1种种/q看法/n，/wd那些/rz坚持/v、/wn执/v著/uzhe、/wn追求/vn，/wd在/p饭桌/n上/f表述/v出来/vf才/d显得/v真诚/an。/wj
在/p@/x一/m人/n食/ng的/ude1系列/n视频/n中/f，/wd这种/r情绪/n就/d有/vyou表现/v：/wm各种/rz身份/n的/ude1主人公/n都/d对/p生活/vn相当/d热爱/v，/wd但/c他们/rr不/d说话/vi，/wd也/d不/d唱歌/vi，/wd就/d靠/v一/m勺/q汤/n一/m把/pba盐/n来/vf表现/v。/wj
通过/p虚/d化/v的/ude1大/a光圈/n，/wd观众/n看/v到/v主人公/n的/ude1家/n都/d很/d美/a，/wd小/a而/cc精致/a，/wd容易/a模/ng仿/x，/wd这/rzv是/vshi最/d能/v抓住/v粉丝/n的/ude1心/n的/ude1时刻/n。/wj
@/x一/m人/n食/ng的/ude1粉丝/n，/wd她们/rr才/d不/d需要/v米其林/nz大/a厨/ng的/ude1秘籍/n——/wp光/n调料/n都/d备/v不/d齐/a，/wd就/d那种/r电磁炉/n能/v烧/vi出/vf的/ude1饭菜/n最/d贴心/a。/wj
看/v上/vf两/m遍/qv就/d能/v做/v，/wd做/v得/ude3好/a不好/a那/rzv是/vshi后话/n了/y。/wj
有/vyou一/m集/q介绍/v水/n煮/v鱼/n，/wd主人公/n单/d用/v热/a油/n就/d把/pba鱼片/n给/p烫/v熟/a，/wd当场/d惊/v呆/v了/ule编导/n。/wj
但/c在/p后来/t的/ude1粉丝/n反馈/vn中/f，/wd有/vyou个/q妈妈/n表示/v失败/vi了/y，/wd因为/c她/rr做/v了/ule三/m人/n份/q的/ude1量/n，/wd那/rzv勺/q油/n死活/d没/v把/pba鱼片/n烫/v熟/a。/wj
可见/c，/wd一个/mq人/n的/ude1饭/n还/d得/v一个/mq人/n吃/v，/wd其他/rzv人/n只/d能/v去/vf点/n赞/vg。/wj
一/m个/q人/n吃饭/vi，/wd吃/v什么/ry并/d不/d重要/a，/wd要/v场景/n优美/a打动/v自己/rr和/cc粉丝/n，/wd还/d得/ude3靠/v“/wyz器/ng”/wyy。/wj
至于/p食/v材/ng，/wd网络/n上/f各种/rz清新/a的/ude1铺子/n近来/t风/n生水/n起/vf。/wj