作为 玄 门 日 诵 功课 中 最 重要 的 一 段 经典 ， 《 清静 经 》 （ 全称 《 太 上 老 君 说 常 清静 经 》 ） 字数 不 多 ， 但 概括 面 很 广 ， 既 讲 天地 宇宙 演化 及 形成 ， 也 讲 修行 人 悟 道 参 玄 的 一些 法门 与 途径 ， 无论 对 教 门 中 人 ， 还是 对 芸芸众生 、 善男信女 ， 都 有着 启发 和 度 化 的 作用 。
无论是 《 清静 经 》 还 是 《 道德 经 》 ， 只要 是 与 道教 相关 的 论坛 演讲 ， 都 离 不 开 一个 核心 话题 ， 那 就是 道 。
关于 道 的 注释 有 很多 ， 大致 不外乎 几 点 ： 讲 宇宙 初始 变化 及 形成 ， 讲 自然 变化规律 ， 讲 社会 生活 准则 等 。
笔者 认为 ， 道 ， 就 是 一 种 形而上 的 永恒 客观 存在 。
道 既 包含 万事 万物 ， 又 能 解释 万事 万物 。
大道 本来 就 是 无形 的 ， 所以 你 说 它 是 什么 都 可以 ， 这里 没有 谁 对 谁 错 ， 只 是 各自 的 见解 不同 而已 。
修道 之 人 资质 不同 、 悟性 不一 ， 这 不 重要 ， 重要 的 是 你 对 道 的 见解 一定 得 来自 你 的 生活 经历 和 修道 阅历 ， 否则 就 无从 谈 起 。
《 玄 门 日 诵 功课 经 》 中 说 ： “ 诵 持 万 遍 ， 妙 理 自 明 。 ”
这里 并 不 是 说 诵 一 万 遍 经 你 就 开 悟 得 道 了 ， 经典 当然 一定 要 精 研 熟读 ， 但 生活 中 的 行 持 更为 重要 ， “ 诵 持 万 遍 ” 的 “ 持 ” 就是 身体力行 去 做 。
“ 大道 无 名 ， 长 养 万物 。 ”
这 好像 看似 不通 ， 因为 既然 都 已经 称 大道 了 ， 又 怎么 还 能 说 没有 名 呢 ？
后面 马上 会 讲 到 “ 吾 不知 其 名 ， 强 名曰 道 ” 。
就 是 说 连 道 这个 名字 也 是 勉强 加上 去 的 。
大道 本来 就 只 是 种 形而上 的 客观 存在 ， 所以 无形 、 无 情 、 无 名 。
那 又 怎么 说 能 生养 万物 呢 ？
这里 讲 的 生养 ， 其实 指 的 是 大道 的 一 种 博大 胸怀 。
具备 这种 博大胸怀 的 大道 无须 有名 ， 同样 ， 具备 这种 博大胸怀 的 人 也 不 需要 名 。
就 像 《 南华 经 》 中 讲 的 “ 神 人 无 功 ， 圣人 无名 ” 。
这里 说 的 圣人 就 是 得 道 之 人 。
因为 有 道 之 人 都 是 遵循 道 的 准则 做事 的 ， 当然 也 就 无须 追求 名 了 。
所以 《 道德 经 》 中 也 说 ： “ 是 以 圣人 生 而 不 有 ， 为 而 不 恃 ， 功 成 不 居 。 ”
“ 大道 无形 ， 生育 天地 。
大道 无情 ， 运行 日月 。
大道 无 名 ， 长 养 万物 。
吾 不知 其 名 ， 强 名曰 道 。 ”
这 段 经文 的 意思 就 是 说 ， 道 是 万事 万物 的 总 根源 ， 没有 形状 ， 没有 情欲 ， 没有 名字 ， 但 可以 生育 天地 、 繁衍 万物 ， 可以 运行 日月 、 列 序 星辰 。
这 就是 道 的 伟大 之 处 。
所以 道 包含 万事 万物 ， 也 可以 解释 万事 万物 。
人 能 做到 无形 ， 就 能 忘 其 身 而 身 修 ， 忘 其 形 而 形 存 。
《 道德 经 》 第13 章 中 就 说 ： “ 吾 所以 有 大 患者 为 吾 有 身 ， 及 吾 无 身 ， 吾 有 何 患 。 ”
意思 就 是 说 ， 人 还是 执 著 于 形 ， 这里 讲 的 有 身 就 是 有形 ， 修 行人 做到 忘掉 了 身 ， 也 就 没有 了 形 ， 那么 身边 的 一切 现实 利益 就 都 影响 不 到 了 ， 这样 自然 就 没有 了 一切 烦恼 和 忧患 ， 这 也 就 是 对 《 清静 经 》 中 “ 无形 ” 的 一 种 最 直观 解释 。
人 又 怎样 才 能 做到 像 大道 一样 无情 呢 ？
首先 就 要 正确 理解 无情 在 这里 指 的 是 什么 。
这里 的 无情 其实 是 指 人 无 情欲 、 无 杂念 、 无 一切 妄念 。
通常 人们 一 听到 无情 ， 就 会 想 当然 地 联想 到 无情无义 ， 这样 就 免不了 会 产生 误解 ， 就 像 《 道德 经 》 第5 章 中 所 说 的 “ 圣人 不 仁 ， 以 百姓 为 刍 狗 ” 一样 ， 很多 人 都 会 产生 误解 ， 以为 圣人 就是 要 不 仁 ， 其实 不 是 这样 的 。
修道 有 个 境界 叫 天 人 合一 ， 意思 是 要 修炼 到 人 与 自然 高度 融合 的 境界 ， 也 就是 要 人 效法 天 、 效法 自然 。
修 到 天 人 合一 了 ， 也 就 无所谓 有 情 无情 了 。
这 与 世俗 中 的 情义 无关 ， 是 两 种 概念 。
无情 其实 指 的 是 一 种 修道 境界 ， 也 就是 要 人 做到 无情 欲 、 无 杂念 、 无 一切 妄念 ， 这 是 人 达到 清静 的 一个 重要 前提 。
《 清静 经 》 本来 就 是 以 清静 为 重点 的 ， 所以 正确 理解 无情 非常 重要 。
修道 人 都 知道 淡 泊 名利 、 恬 淡 虚无 ， 这 是 经典 中 常 提到 的 ， 也 是 需要 通过 修炼 才 能 达到 的 。
因为 不 容易 做到 ， 所以 也 就 经常 成为 一 种 形式 和 口号 了 。
喜欢 名 是 人 的 本性 ， 作为 世俗 中 人 一生 中 就 两 个 目标 ， 一个 是 利 ， 另 一个 就 是 名 。
不管 虚名 也好 ， 实 名 也罢 ， 名 对 人 来说 总是 充满 着 巨大 诱惑 的 。
那么 ， 怎样 才 能 做到 像 大道 一样 无名 呢 ？
首先 我们 要 一分 为 二 看 问题 。
一 是 只 讲 自然 ， 不 讲 绝对 ， 这 不 是 偷 换 概念 ， 因为 自然 就 无 绝对 ， 绝对 就 不 自然 。
为什么 要 这样 说 呢 ？
因为 作为 世俗 中 的 人 ， 需要 生存 就 必须 要 去 创造 和 追求 ， 这 就 必然 要 与 名利 相关 。
这 也 是 人 要 体现 自身 价值 的 一个 标准 ， 对 生活 在 现实 中 的 人 ， 这 就 是 自然 的 ， 也 是 正确 的 。
按照 道教 的 思想 ， 符合自然 的 也 就 是 符合 道 的 。
如果 一定 要 让 芸芸众生 都 学 出 家 人 一样 清静 无 为 、 超然 名利 ， 且 不 要 说 社会 将 会 变成 什么 样子 ， 那 也 是 不 符合自然 、 不 符合 道 的 。