基督教 中国化 走过 曲折 的 路 ， 至今 未能 摘掉 “ 洋 教 ” 的 帽子 。
它 面临 的 难点 主要 有 3 个 。
首先 ， 在 政治 层面 上 ， 基督教 与 中 西 关系 相 纠结 。
鸦片战争 以后 ， 基督教 一度 成为 帝国主义 的 侵华 工具 。
当然 也 有 一些 外国 传教士 本着 宗教 救 世 的 宗旨 ， 为 中国 人 做 了 许多 好 亊 。
改革 开放 以来 ， 基督教 因 其 与 西方 现代化 相 联系 而 在 中国 青年 人 心中 的 形象 越来越 正面 化 ， 历史 的 记忆 逐渐 淡 去 。
但 当前 基督教 在 中国 的 文化 传播 又 与 恶意 渗透 相交 织 。
确 有 一 批 敌对 势力 在 利用 基督教 ， 企图 使 中国 基督教 化 ， 进而 改变 中国 独立 发展 的 道路 ， 把 中国 纳入 西方 的 政治 格局 。
美国 《 时代 周刊 》 前 驻 北京 记者站 站长 艾克曼 写 的 《 耶稣 在 北京 》 一 书 ， 就 明确 叫嚣 要 用 “ 基督教 羔羊 ” 征服 “ 中国 龙 ” 。
多 年 来 政界 忧虑 ， 基督教 实行 扩张 性 传教 （ 以 扩大 地盘 为 第一 要务 ） ， 教徒 增长 速度 过 快 ， 而 它 又 是 未 能 很 好 中国化 的 基督教 ， 对 中国 形成 冲击 ， 因 此 提出 抵御 国外 敌对 势力 利用 宗教 对 我国 进行 的 渗透 。
但 论说 的 时候 多 ， 有效 的 对策 少 。
在 政治 层面 ， 基督教 如何 加强 国家 认同 ， 处理 好 爱国 与 爱教 的 关系 ， 消除 灰色 地带 ， 摆脱 外国 势力 的 利用 控制 ， 同时 又 能 使 基督教 成为 中国 对外 平等 交往 、 加强 中 西 人民 友谊 的 渠道 ， 尚未 真正 解决 。
其次 ， 在 文化 层面 上 ， 本来 基督教 与 中国 固有 信仰 传统 的 差距 就 较 大 ， 再 加上 基督 一神教 的 独尊 自大 ， 中国 基督教 的 保守 落后 ， 神学 思想 的 现代 转型 与 中国化 面临 很 大 困难 ， 其 难度 远远 超出 佛教 的 中国化 。
中国 自古 是 多 民族 多 宗教 、 多 神灵 的 国家 ， 它 的 宗教 文化 传统 是 多 元 通 和 模式 ， 较 少 排 它 性 ， 较 多 包容 性 。
外来 宗教 要 中国化 ， 一 是 与 中国 国情 相 结合 ， 做到 爱国 守法 、 庄严 国土 ， 二 是 要 与 中华 仁 和 文化 尤其 是 儒家 、 道家 文化 相 结合 ， 形成 中国化 的 神 学 理论 ， 这 一 条 是 根本 长久 之 道 。
佛教 进入 后 ， 出现 了 中国 化 的 佛教 ， 即 禅宗 ， 并 成为 主流 教派 ， 佛教 从此 成 为 中华 传统 文化 的 有机 组成部分 。
基督 一神教 要 接受 儒 、 道 文化 的 贵 和 精神 比 佛教 困难 ， 必须 突破 原教旨主义 （ 即 基 要 主义 ） 的 束缚 ， 不 垄断 真理 ， 学会 尊重 信仰 的 他 者 ， 做 其他 宗教 的 好 邻居 ， 这 是 中国 基督教 的 责任 。
老一辈 神学家 赵紫宸 、 吴耀宗 、 丁光训 等 人 在 神学 建设 上 的 成就 证明 ， 基督教 神学 与 中华 文化 的 结合 是 能够 做到 的 ， 但 它 要求 中国 基督教 界 对 中华 文化 有 深度 的 了解 。
再次 ， 中国 基督教 界 中青年 神学家 队伍 成长 不 理想 ， 接 不 上 老一辈 的 班 ， 更 难以 发扬光大 。
从 基督教 中国化 的 要求 来说 ， 人才 的 开放 与 高 素质 是 根基 ， 神学 的 更新 与 推进 是 关键 。
中国 社会 科学院 世界 宗教 研究所 段琦 研究员 通过 调研 了解 到 ， 中国 基督教 界 主流 是 保守 的 福音 派 ， 没有 自己 的 、 能 开创 的 神学家 ， 跟不上 国际 基督教 前进 的 步伐 。
上 世纪 中叶 “ 梵 二 会议 ” 以后 ， 天主教 提出 宗教 对话 ， 自由主义 神学家 孔 汉 思 推动 全球 普遍 伦理 建设 。
基督教 也 出现 像 保罗 ?
尼 特 那样 开放 的 神学家 ， 对 基督教 “ 耶稣 以外 无 拯救 ” 的 教条 进行 了 深刻 的 反思 和 批判 ， 主张 各 教 和谐 相处 ， 互相 对话 和 学习 。
中国 的 天主教 和 基督教 在 神学 更新 上 落后 了 ， 比较 封闭 。
教 界 一定 要 开放 ， 多 与 学界 沟通 ， 与 儒学 、 道学 沟通 。
中国 历史 上 有 教 界 与 学界 良性 互动 的 传统 。
柳宗元 、 刘禹锡 、 韩愈 等 儒家 名士 与 佛教 高僧 大德 皆 有 密切 交往 。
全 真 道 与 儒臣 相 得 而 益 彰 ， 许多 全 真 道 碑文 都 是 教 外 学者 或 儒臣 撰写 的 。
中国 基督教 如果 一直 处于 封闭 状态 中 ， 新 一代 优秀 人才 是 难以 成长 的 。
以下 是 我 的 几 点 建议 ： 1 、 进一步 总结 老一辈 神学家 的 理论 成果 。
对 一些 尚 健在 的 老 神学家 ， 如 丁光训 、 陈泽民 、 汪维藩 ， 应 作 抢救 式 研究 ， 因为 他们 年事已高 ， 一生 有 丰富 积累 ， 要 抓紧 整理 他们 的 资料 ， 做 口述 史 ， 还 可 考虑 为 他们 配备 青年 助手 。
他们 是 难得 和 珍贵 的 思想家 ， 教 界 新 的 一代 目前 还 找 不 到 这种 水平 的 人 。
2 、 总结 基层 教会 的 先进 经验 ， 上升 为 理论 。
有 学者 在 做 太原 、 石家庄 天主教 调查 研究 时 ， 发现 基层 教会 早已 在 宗教 生活 中 把 天主教 传统 与 中华 信仰 传统 相 结合 ， 如 祭天 祭祖 、 婚 丧 节庆 ， 都 具有 了 中国 特色 ， 还 用 中国 人 喜闻乐见 的 文艺 形式 ， 如 快板 、 三字经 、 顺口 溜 来 宣讲 教义 ， 内容 多 是 中国 传统 道德 的 忠孝 、 诚信 等 。
据说 这种 现象 在 天主教 教区 所在地 都 有 。
我 想 ， 在 基督教 基层 教 会 也 会 发现 信 众 创造 的 有益 经验 。
我们 对于 宗教界 人士 和 信 众 适应 中国 现代 社会 的 积极性 要 有 充分 估计 。
教 界 上层 要 与 下层 相 结合 ， 中国 化 的 过程 就 会 加速 。
3 、 加强 教 界 与 学界 的 互动 ， 在 神学院 多 开设 学术 文化 课 ， 多 读 一些 中华 文化 经典 如 《 论语 》 、 《 孟子 》 、 《 老子 》 、 《 庄子 》 。
除 请 学者 讲座 ， 还 可 请 海外 自由 派 神学家 及 佛 、 道 、 伊 各 宗教 人士 讲座 或 对话 。
中国 的 基督徒 同时 又 是 中国 人 ， 有 责任 和 义务 熟悉 本国 的 文化 典籍 ， 把 中国 精神 融入 到 神学 中 去 。
这 不仅 是 中国 社会 和谐 、 民族 团结 、 宗教 和睦 的 需要 ， 也 是 基督教 在 中国 真正 能 扎 下 根 来 、 健康 发展 、 被 中国 社会 普遍 认可 的 需要 。