佛 ， 梵 语 佛陀 耶 ， 译 华 言 名 觉 者 ， 含有 自觉 、 觉 他 ， 觉 行 圆满 的 意思 。
自觉 ， 拣 非凡 夫 的 不 觉 ； 觉 他 ， 拣 非 二 乘 圣人 的 自觉 ； 觉 行 圆满 ， 拣 非 菩萨 修 因 ， 觉 行 未 圆满 。
诸 佛 因 中 修行 时 ， 能 运用 般 若 的 智慧 —— 始 觉 智 ， 照见 宇宙 人生 的 原理 —— 本 觉 理 ， 自觉 觉 他 的 功德 妙 行 ， 都 达到 究竟 圆满 的 觉悟 境界 ， 所谓 ： ‘ 三 觉 圆 明 ， 万 德 具 足 ， ’ 彻底 明白 人生 的 意义 ， 回复 本来 具 足 的 真 如 自 性 ， 成为 宇宙 的 大 觉 ， 即 被 称为 佛陀 —— 觉 者 。
所以 佛 字 ， 又 含有 始 觉 ， 本 觉 ， 究竟 觉 的 意义 。
自从 佛 觉悟 宇宙 原理 ， 亲 证 诸 法 本体 之后 ， 即 本 其 先 知觉 后 知 ， 先 觉 觉 后 的 精神 ， 来 入 人间 ， 将 自己 所 发现 的 真理 ， 以及 发现 真理 的 方法 ， 教导 世人 ， 令 见 佛 闻 法 的 人 ， 化 愚 成智 ， 转 迷 为 悟 ， 转 凡 成 圣 ， 最后 觉悟 成 佛 ， 究竟 离 苦 得 乐 ， 给予 众 生 无穷无尽 的 利益 ， 因此 名 为 佛 宝 。
法 ， 梵 语 达 摩 耶 ， 译 华 言 名 为 法 ， 含有 自 性 与 轨 持 的 意思 。
即 是 说 ； 宇宙 间 所有 一切 现象 ， 无论是 有 情 无情 ， 有形 无形 ， 是 精神 ， 是 物质 ， 皆 各 有 其 独特 的 自 性 ， 是 有 一定 的 运作 与 表达 ， 令 人 看 了 有 一定 的 认识 和 理解 。
例如 ： 我们 看见 地 的 坚 性 ， 就 知道 是 地 ； 看见 水 的 湿 性 ， 就 知道 是 水 ； 看见 火 的 暖 性 ， 就 知道 是 火 ； 看见 风 的 动性 ， 就 知道 是 风 等 ， 所以 凡 能 含 持 自 性 ， 轨 生 他 解 的 事物 就 是 法 ， 但 这 只 是 就 宇宙 的 现象 界 而言 。
至于 事物 的 本体 ， 究竟 是 甚么 呢 ？
自古以来 ， 所有 人类 都 不 知道 ， 教育家 不 知道 ， 哲学家 也 不 知道 ， 连 极端 进步 ， 极端 聪明 的 科学家 ， 也 无法 了解 ， 唯有 佛陀 一 人 ， 不但 知道 ， 而且 亲 证 。
因为 佛 能够 运用 高深 而 超人 的 般 若 智慧 ， 既 理解 宇宙 原理 ， 又 亲 证 诸 法 本体 ， 之后 ， 即 将 其 所 发现 的 真理 ， 及其 亲 证 诸 法 本体 的 经验 与 方法 ， 教导 弟子 们 ， 并 鼓励 劝勉 弟子 们 ， 努力 修 学 ， 积极 进取 ， 谋求 拾 回 遗失 已 久 的 佛 性 ， 亲自 体 证 诸 法 的 本体 。
所以 法 ， 在 佛教 言 ， 有 证 法 ， 教 法 、 与 修 法 。
众生 依佛 的 教法 ， 精 勤 修 学 ， 如 法 受 持 ， 终 有 一 天 ， 可以 亲 证 佛 所 证 、 所 说 的 真理 ， 和 佛 一样 ， 成为 宇宙 的 大 觉 ， 究竟 离 苦 得 乐 ， 因此 名 为 法宝 。
僧 ， 梵 语 僧 伽 耶 ， 译 华 言 名 和 合 众 。
是 指 出 家 学 佛的比丘 与 比丘尼 的 团体 而言 。
因为 出 家人 在 同一 信仰 ， 共 一 目标 的 团体 中 ， 过 著 身 和 共 住 ， 口 和 无 诤 ， 见 和 同 解 ， 意 和 共 悦 ， 戒 和 共 修 ， 利 和 同 均 的 清净 生活 ， 三 业 清净 ， 思想 一致 ， 享受 平等 ； 最后 ， 还 可以 共 证 寂 灭 理 ， 所以 名 和 合 众 。
可以 说 ： 僧 就是 出家 修行 ， 住持 佛法 ， 团结 一致 的 集团 ， 他 她们 能够 弘扬 佛法 ， 续 佛 慧 命 ， 作为 我们 的 导师 ， 人间 的 福田 ， 有益 社会 ， 有利 群众 ， 因此 被 称 僧宝 。
皈依 是 甚 么 ？
皈 是 皈 向 、 皈 宿 ， 依 是 依靠 、 依托 ， 依赖 。
如 游子 归 家 ， 依靠 父母 ； 亦 如 浪子 回头 ， 找寻 归宿 ； 亦 如 学生 依托 老师 ， 弟子 依赖 师傅 一样 。
我们 寄生 在业 海 茫茫 的 五 浊 五 世 中 ， 如果 没有 可靠 的 信仰 对象 ， 作为 我们 精神 的 寄托 与 归宿 ， 没有 良师益友 给 我们 依托 和 信赖 ， 难免 依 世 起 倒 ， 随俗 浮沉 ， 或 被 烦恼 的 波浪 冲击 ， 漂流 生死 苦海 ， 无法 靠近 觉 岸 ， 摆脱 六 道 轮回 的 苦恼 。
现在 ， 皈依 三宝 ， 等 如 已经 找寻 到 归宿 ， 前途 有所 依赖 。
印光 大师 说 ： ‘ 归 者 归 投 ， 依 者 依托 ； 如 人 堕 海 ， 忽 有 船 来 ， 即便 趋向 ， 是 归 投 义 ； 上 船 安 坐 ， 是 依托 义 。
三宝 为 船 ， 众 生 归依 ， 即 登 彼岸 。 ’
因为 三 宝 ， 是 黑夜 的 灯塔 ， 苦海 的 慈航 ， 我们 皈依 三宝 ， 等 如 在 无 明 黑夜 中 ， 获得 真理 之 光 的 照耀 ， 亦 如 在 烦恼 波涛 汹涌 的 生死 苦海 中 ， 忽 遇 三宝 的 慈航 ， 若 能 归 投 慈 航 ， 归 向 三 宝 ， 依托 三宝 作为 我们 生命 的 导航 ， 一定 可以 渡过 苦海 ， 登陆 觉 岸 。
又 皈 字 从 白 从 反 ， 白 的 反面 就 是 黑 ， 黑 的 反面 就 是 白 ， 正是 代表 人生 的 两 面 ； 白 表示 智慧 的 光明 ， 黑 表示 愚 痴 的 黑暗 。
众 生 久远 劫 来 ， 长期 被 无 明 烦恼 的 黑暗 ， 障 蔽 自 性 的 智慧 光明 ， 以致 颠倒 行事 ， 随 业 流转 ， 轮 迥 六 道 生死 ， 从 迷 积 迷 ， 无法 走 出 黑暗 ， 奔 向 光明 。
现在 ， 由于 住持 三宝 的 教导 与 接 引 ， 用 清净 的 身心 皈依 三宝 ； 皈依 佛 ， 依靠 佛 宝 的 觉悟 ， 启发 自 性 的 觉悟 ， 从 颠倒 迷惑 中 回头 ， 提高 理智 ， 发 菩 提 心 ， 趣 向 佛 道 ； 皈依 法 ， 依靠 佛 的 法宝 ， 启发 自 性 的 正智 ， 从 邪 知 邪 见 中 回头 ， 提起 正 念 ， 了解 真理 ， 增长 智慧 ； 皈依 僧 ， 依靠 僧宝 的 清净 ， 启发 自 性 的 清净 ， 从 五 浊 恶 世 的 物欲 洪流 中 回头 ， 步 著 诸 佛 菩萨 的 后尘 ， 踏 著 一切 贤 圣 僧 的 足迹 ， 走 上 菩 提 觉 道 ， 奔 投 宝 所 ， 回归 真理 之 邦 ， 以 佛教 的 真理 ， 作为 自己 生命 的 归宿 。