在 末 学 自己 看来 ， 画 佛 是 永远 没有 成功 之 时 的 ， 只不过 限于 纸张 和 颜料 的 耐 度 ， 无法 一直 画 下去 ， 于是 停 笔 了 。
久 来 一直 不 敢 呈 给 许多 殷殷 关怀 的 师友 ， 在 屡屡 垂 问 下 才 只好 硬著头皮 敬奉 。
惟 愿 见闻 欢喜 念佛 ， 同 登 净 域 ， 从来 未曾 想 到 要 叙述 此 中 因缘 ， 及 过程 种种 。
突然 社长 菩萨 慈 言 问 起 ， 对 著 录音机 含泪 敬 答 ， 实在 难以 言 述 点点滴滴 。
因为 合力 的 菩萨 们 不 愿 彰 扬 自己 的 辛劳 ， 末 学 亦 深恐 因 自己 恶 业 罹 病 ， 使 人 退 失 念佛 信 愿 ， 故 在 社长 菩萨 及 一二 旧 识 学长 听 后 ， 就 已 收回 了 此 录音带 。
不料 时 过 一年 ， 竟 收到 莲 心 菩萨 由 其 自 拷 背 中 逐 字 誊 出 的 稿 ， 令 末 学 惭愧 不已 。
这 一些 琐碎 的 言语 ， 实在 汗颜 于 供养 大众 ， 故 接 其 誊 稿 后 实 良久 不 敢 交卷 。
经 几 度 殷切 致 问 ， 只得 斗胆 呈 出 ， 只 想 — 在 漫漫 长夜 里 ， 各 角落 病榻 上 ， 也许 会 有些 苦痛 不 眠 的 人 ， 能 和 末 学 一样 因 信 愿 念佛 而 跨越 忧 恼 ， 满心 欢喜 吧 ！
敬爱 的 学长 们 ， 阿弥陀佛 。
社长 菩萨 慈悲 的 问 起 末 学画 佛 的 因缘 ， 希望 末 学 把 这 因缘 记 下来 。
他 这 一 问 ， 末 学 突然 哽咽 ， 不知 从 何 说起 。
请 原谅 ， 以 末 学 没有 受 过 美术 的 训练 ， 也 没有 修 持 的 功夫 ， 这样 幼稚 的 笔 ， 是 没有 资格 画 佛 的 ， 甚至 连 人 像 都 还 没有 资格 画 。
而 所以 敢 斗胆 的 画 ‘ 阿弥陀佛 ’ ， 是 因为 佛 恩 浩荡 ， 佛 慈 无 涯 ， 佛 心 清净 无比 ， 即使 是 一个 小孩子 ， 诚恳 供养 手里 玩耍 的 一 把 沙子 ； 或 是 一个 一贫如洗 的 老公公 ， 撕下 破 敝 的 衣角 ， 来 供养 佛 ， 佛 都 会 平等 的 接受 它 ， 微笑 的 接受 它 ， 一 如 王侯 的 七 宝 。
也 就 因此 ， 末 学 才 斗胆 的 在 画 纸 上 ， 以 ‘ 不 胜 怀 慕 ’ 的 心情 ， 画 下 了 第一 笔 。
不 是 我 画 佛 ， 是 佛 的 慈悲 让 我 忍不住 ， 不 会 画 也 画 。
在 大藏经 里 ， 有 一 部 佛 说 造像 量度 经 ， 记载 著 当 释迦牟尼佛 将 升 到 忉 利 天 为 母 说法 时 ， 舍利 弗 向 佛 敬礼 ， 而 作 是 言 ： ‘ 世尊 不 住 斯 间 ， 若 有 善人 不胜 怀 慕 ， 思 睹 世 尊 ， 愿 造 容 像 者 ， 则 其 法 如何 为 之 ’ ？
自古 至 今 ， 佛子 们 就 是 如此 充满 著 「 不胜 怀 慕 ’ 的 心 。
一 幅 ‘ 外行 ’ 所 绘 的 佛像 ， 在 专家 大德 看来 ， 是 没有 意义 的 ， 这 只 能 说是 一个 癌 病 病人 突破 身心 疲 苦 的 奋斗 史 ； 是 许多 慈悲 的 菩萨 师友 鼓励 末 学 跨越 生命 辛酸 考验 的 血泪 历程 ； 也 是 沈 汩 在 五 浊 秽 恶 的 心 ， 回首 望 向 净土 的 心路 ； 是 聆听 弥 陀 召唤 的 甜蜜 归途 … …
看得见 的 ， 是 画纸 表面 的 色彩 ； 看 不 见 的 是 背后 许多 慈悲 菩萨 的 提携 支持 ， 挥 汗 流泪 ， 念佛 回 向 。
背 后 不 疲 不 厌 的 奉献 者 ， 是 真正 实践 佛陀 教义 的 画 佛 者 ， 末 学 只 是 被 慈悲 的 光明 牵引 著 登 上 ‘ 椅子 叠 凳子 ’ 的 画 台 罢了 ， 也 只是 做 最 表面 的 工作 罢了 ， 真正 辛苦 吃力 的 事 ， 都 是 别人 代劳 的 ， 我们 共同 的 心愿 是 想 将 此 献给 生命 道 上 一切 痛苦 的 心灵 ， 荆棘 路上 即使 忍不住 眼泪 ， 也 要 望 向 清净 光明 的 西方 ！
此 心 ， 离开 了 阿弥陀佛 ， 便是 纷扰 的 妄想 尘 劳 ； 离开 了 慈悲 ， 将 只 有 哭泣 … … 。
世上 没有 一个 人 能 经常 体 健 又 如意 ， 每 一个 人 在 生命 里 都 会 尝 到 衰 疲 不 支 的 滋味 ， 在 体力 不 支 时 ， 就 得 不 断 鼓 起 愿 力 ， 阿弥陀佛 的 大 愿 ， 点燃 我们 心中 的 愿 火 ， 而 末 学 — 一 个 忍 力 没 有 成就 的 凡夫 ， 即使 每 晨 诵 念 著 「 纵使 身 止 诸 苦 中 ， 如 是 愿心 永不 退 ’ ， 也 会 有 忍不住 眼泪 的 时刻 ； 然而 即使 是 忍不住 眼泪 ， 我 心中 仍 要 诵 念 ： ‘ 假使 身 止 诸 苦 毒 中 ， 我行 精 进 ， 忍 终 不 悔 ’ ， 敞开 胸怀 让 阿弥陀佛 的 欢喜 光 ， 充满 心中 。
想到 无边无际 同 受 苦楚 的 众生 ， 诚 愿 大家 都 回首 仰望 弥 陀 慈 眸 ， 将 痛苦 转为 一 朵朵 供养 佛陀 也 普 供 众 生 的 莲华 ， 把 忧 恼 变成 馥郁 适意 的 曼 陀 罗 。
体会 佛 的 慈悲 ， 实 是 一个 人 生命 中 最 重要 的 事 。
小 的 时候 ， 第一 次 堂 姊 托 堂兄 从 台 大 晨曦 社 请 了 第一 幅 西方 三 圣像 给 我 ， 那时 就 常常 独自 站 在 像 前 合 掌 瞻仰 。
十 多 年 前 ， 第一 次 在 堂 姊 的 家里 ， 看见 忏 公 师父 恭 绘 的 西方 三 圣 ， 当时 还 只 是 黑白 的 照片 ， 但是 那 无限 清净 慈悲 的 佛 眼 ， 就 深深 的 扣住 了 小小的 心灵 。
偶然 走 在 黑暗 的 路上 ， 心里 恐怖 了 ， 那 一 对 佛 眼 ， 就 浮现 在 心中 ， 默默 的 念 著 阿弥陀佛 ， 想 著 那 慈祥 的 容貌 ， 黑暗 恐怖 就 消失 了 。
以后 参加 斋戒 学会 和 打 佛 七 ， 有 几 次 正好 被 安排 在 佛像 前 的 位置 ， 在 礼 佛 中 偶然 仰头 望见 佛 的 慈 眸 ， 就 仿 佛 听见 那 十 劫 不断 的 呼唤 ： ‘ 归来 吧 ！
孩子 ， 归来 吧 ！
孩子 … … ’
， 一 次 又 一 次 ， 忍不住 落下 娑 婆 游子 的 眼泪 。
应 是 佛慈 重 ， 使 我 悲 不 任 … … 。