大学/n语文/n是/vshi中学/n语文/n的/ude1延伸/vn和/cc拓展/v，/wd它/rr与/p中学/n语文/n实质/n上/f只/d是/vshi语文/n教育/vn阶段/n上/f的/ude1划分/vn，/wd而/cc非/b教育/vn目标/n和/cc教育/vn性质/n上/f的/ude1划分/vn，/wd两者/rzv的/ude1基本/a任务/n都/d是/vshi教/v文/ng，/wd终极/n目标/n都/d是/vshi育/vg人/n。/wj
所以/c，/wd当/p中学/n语文/n教学/vn很/d及时/a认真/a地/ude2贯彻/v实施/v语文/n新/a课/n标/ng后/f，/wd大学/n语文/n教学/vn势必/d也/d要/v赶紧/d与/p语文/n新/a课/n标/ng接轨/vi，/wd否则/c教学效果/n就/d要/v远远/d落后/a于/p中学/n语文/n教学/vn。/wj
若/c是/vshi这样/rzv，/wd既/c不/d能/v较/d好/a地/ude2实现/v大学/n语文/n的/ude1教学/vn目标/n，/wd更/d不能/v拓展/v大学生/n的/ude1人文/n素质/n教育/vn。/wj
文章/n立足/vi新/a课/n标/ng下/f开展/v大学/n语文/n多媒体/n辅助教学/n的/ude1层面/n，/wd重点/d探讨/v大学生/n人文/n素质/n教育/vn的/ude1拓展/vn问题/n。/wj
一/m、/wn语文/n新/a课/n标的/n主要/b内容/n特点/n及/cc意义/n语文/n新/a课/n标/ng，/wd是/vshi2001年/m国家/n教育部/nt颁布/v的/ude1一/m项/q新/a的/ude1语文/n教学/vn改革/vn规定/n，/wd全/d称/v《/wkz全日制/n义务教育/nl浯/x文/ng课程/n标准/n（/wkz实验/n稿/ng）/wky》/wky。/wj
纵览/v它/rr的/ude1内容/n，/wd主要/d凸显/v了/ule人文/n、/wn实践/vn、/wn素养/n、/wn对话/vn、/wn自主/vd、/wn合作/vn、/wn探究/v、/wn综合/vn、/wn资源/n、/wn开放/v等/udeng十/m大/a关键词/n。/wj
新/a课/n标/v与/p以往/t的/ude1教学/vn大纲/n相比/vi，/wd以/p全新/b的/ude1理念/n、/wn清晰/a的/ude1目标/n、/wn丰富/a的/ude1内容/n和/cc井然/z的/ude1结构/n实现/v了/ule一/m种质/n的/ude1飞跃/vn，/wd对于/p全面/ad实施/v素质/n教育/vn，/wd提高/v学生/n的/ude1语文/n素养/n有/vyou非同寻常/vl的/ude1意义/n。/wj
二/m、/wn新/a课/n标/ng下/f开展/v大学/n语文/n多媒体/n辅助教学/n的/ude1措施/n我们/rr对待/v大学/n语文/n多媒体/n辅助教学/n的/ude1正确/a做法/n是/vshi：/wm在/p新/a课/n标/ng下/f，/wd采用/v积极/ad可行/a的/ude1措施/n，/wd克服/v弊端/n，/wd科学/ad使用/v多媒体/n这/rzv一/m新/a的/ude1教学/vn手段/n，/wd为/p大学/n语文/n教学服务/n。/wj
（/wkz一/m）/wky应/v采取/v的/ude1策略/n1./m懂/v“/wyz画/n”/wyy如/v金/ng。/wj
语文/n新/a课/n标/ng强调/v“/wyz语文/n教学/vn应/v激发/v学生/n的/ude1学习/vn兴趣/n，/wd注重/v培养/v学生/n自主/vd学习/v的/ude1意识/n和/cc习惯/n，/wd为/p学生/n创设/v良好/a的/ude1自主/vd学习/v情境/n。/wj
尊重/v学生/n的/ude1个性/n差异/n，/wd鼓励/v学生/n选择/v适合/v自己/rr的/ude1学习/vn方式/n”/wyy。/wj
新/a课/n标/ng倡导/v自主/vd学习/v，/wd就是/d要/v让/v学生/n真正/d成为/v学习/v的/ude1主人/n，/wd形成/v自主/vd体验/v、/wn自主/vd探究/v、/wn自我/rr实践/v的/ude1品质/n。/wj
语文/n学习/v需要/v对/p语言/n文字/n进行/vx品味/vn，/wd对/p蕴含/v其中/rz的/ude1感情/n进行/vx体验/vn，/wd不/d能/v过分/ad依赖/v多媒体/n画面/n代替/v学生/n对/p文字/n的/ude1品味/n和/cc领悟/vn。/wj
以/p《/wkz春江花月夜/nz》/wky一/m文/ng为/p例/n，/wd网络/n上/f可/v寻/v的/ude1图片/n不少/m，/wd但/c在/p选择/v时/ng一定/d要/v惜/vg“/wyz画/n”/wyy如/v金/ng，/wd切/d不可/v“/wyz张/q张/q俱/dg到/v”/wyy，/wd否则/c就/d会/v异化/vi成为/v美术/n欣赏课/n。/wj
我们/rr的/ude1一/m位/q大学/n语文/n老师/n在/p教/v这/rzv首/m诗/n时/ng，/wd制作/v的/ude1课件/n仅/d选用/v了/ule一/m幅/q经典/n的/ude1图画/n，/wd用以/d分析/v、/wn鉴赏/vn，/wd取得/v了/ule较/d好/a效果/n。/wj
2./m“/wyz沉默/a”/wyy是/vshi金/ng。/wj
语文/n新/a课/n标/ng指出/v：/wm“/wyz语文/n教学/vn应/v在/p师生/n平等/ad对话/vi的/ude1过程/n中/f进行/vx。/wj
”/wyy它/rr强调/v学生/n在/p学习/v中/f的/ude1主体/n地位/n，/wd学生/n是/vshi学习/v真正/b的/ude1主人/n。/wj
语文/n教学/vn中/f应/v尊重/v学生/n的/ude1情感/n和/cc兴趣/n，/wd充分考虑/n学生/n的/ude1接受/vn能力/n和/cc思维/n方式/n，/wd积极/ad调动/v学生/n的/ude1学习/vn热情/an，/wd满足/v学生/n的/ude1学习/vn欲望/n。/wj
多媒体课件/n常/d以/p“/wyz图/n、/wn文/ng、/wn声/n、/wn像/v”/wyy并/cc茂/a而/cc自豪/an。/wj
许多/m课件/n音乐/n之/uzhi声/ng不绝于耳/vl，/wd一些/mq语文课/n件/q为了/p追求/v作品/n的/ude1完整性/n，/wd不仅/c使/v用/p大量/m的/ude1背景音乐/n，/wd还/d将/p教师/n的/ude1朗读/v乃至/c重点/n部分/n的/ude1讲解/vn全都/d录入/v其中/rz。/wj
殊不知/v，/wd这/rzv既/c造成/v了/ule学生/n听觉/n的/ude1疲劳/an，/wd也/d不/d利于/v师生/n之间/f的/ude1情感/n交流/vn。/wj
因而/c，/wd我们/rr呼吁/v，/wd还/d语文/n课堂/n以/p清静/a，/wd请/v去除/v课件/n中/f不/d必要/a的/ude1音效/n，/wd谨/d记/v“/wyz沉默/a”/wyy是/vshi金/ng。/wj
如/c学习/v《/wkz长/v恨/v歌/vg》/wky这/rzv首/m诗/n，/wd我们/rr的/ude1一/m位/q青年/n教师/n制作/v的/ude1课件/n就/d没有/d使用/v一点儿/mq声音/n效果/n，/wd但/c每/rz幅/q连环/b式/k的/ude1故事/n画面/n都/d伴/v有/vyou教师/n动情/vi的/ude1朗诵/vn和/cc现场/s解说/vn。/wj
这样/rzv就/d激活/v了/ule学生/n的/ude1思维/n火花/n，/wd形成/v了/ule师生/n的/ude1情感/n碰撞/vn。/wj
试想/v，/wd从/p电脑/n里/f发出/v的/ude1声音/n能/v有/vyou如此/rzv效果/n吗/y?/ww
3./m点/n“/wyz石/ng”/wyy成/v金/ng。/wj
语文/n新/a课/n标/ng注重/v以/p人/n为/p本/rz，/wd一切/rz教育/vn教学活动/n都/d应/v以/p学生/n为/p主体/n。/wj
语文/n教/v中/f应/v尊重/v学生/n的/ude1情感/n和/cc兴趣/n，/wd积极/ad调动/v学生/n的/ude1学习/vn热情/an，/wd充分满足/n学生/n的/ude1学习/vn和/cc求知/vn欲望/n。/wj
教师/n在/p语文/n教学/vn过程/n中/f应/v帮助/v学生/n积极/ad学习/v、/wn主动/ad建构/v知识/n，/wd从而/c提高/v课堂/n效率/n，/wd实现/v教学/vn的/ude1最/d优化/v。/wj
多媒体/n辅助/vn语文/n教学/vn的/ude1作用/n，/wd尽/d在/p“/wyz辅助/vn”/wyy二/m字/n中/f，/wd而且/c应/v辅/vg在/p学生/n经验/n的/ude1盲区/n，/wd知识/n的/ude1盲点/n，/wd思维/n的/ude1堵塞/vn处/n，/wd情感/n的/ude1模/ng糊/a处/n。/wj
多媒体课件/n的/ude1使用/vn，/wd要/v坚持/v为/p学生/n的/ude1“/wyz学/v”/wyy服务/vn，/wd起到/v启发/vn、/wn诱导/vn、/wn点拨/vn、/wn开窍/a的/ude1功效/n，/wd追求/v点/qt“/wyz石/ng”/wyy成/v金/b的/ude1境界/n。/wj
以/p穆旦/nrf的/ude1《/wkz赞美/v》/wky为/p例/n，/wd诗/n的/ude1第一/m自然/n段/q，/wd承载/v着/uzhe抗战/vn时期/n祖国/n沉重/a的/ude1历史/n背景/n，/wd如何/ryv让/v学生/n感悟/v到/v其中/rz的/ude1分量/n呢/y?/ww
我们/rr的/ude1一/m位/q老/a教师/n，/wd选择/v一/m幅/q透/v着/uzhe昏暗/a、/wn苍凉/a气氛/n的/ude1日本/nsf侵华/vn照片/n为/p背景/n，/wd悲愤/a地/ude2介绍/v日本/nsf侵略者/n铁蹄/n下/f，/wd祖国/n大地/n的/ude1衰败/vn和/cc人民/n的/ude1苦难/n的/ude1历史/n史实/n。/wj
