也就是说/vl,/wd它/rr不/d按/p学科/n的/ude1边界/n设定/v研究/vn范围/n,/wd不仅/c研究/v过程/n是/vshi跨/v学科/n的/ude1,/wd而且/c还/d会/v产生/v一些/mq边缘/n学科/n、/wn交叉/vn学科/n和/cc新兴/b学科/n。/wj
其实/d,/wd边缘/b学科/n、/wn交叉/vn学科/n和/cc新兴/b学科/n并/cc不/d产生/v于/p学科/n的/ude1研究/vn中/f,/wd而是/c由/p问题/n的/ude1研究/vn的/ude1综合性/n和/cc模/ng糊/a性/ng的/ude1特点/n发展/vn而/cc来/vf的/ude1。/wj
关于/p跨/v学科/n研究/vn,/wd要/v搞/v清楚/a是/vshi学科/n的/ude1研究/vn还/d是/vshi问题/n的/ude1研究/vn,/wd抑或/c两者/rzv并行/vi、/wn结合/v的/ude1问题/n。/wj
强调/vd跨/v学科/n研究/vn,/wd不/d能/v舍弃/v学科/n的/ude1研究/vn,/wd要/v通过/p问题/n的/ude1研究/vn来/f扩大/v和/cc推进/vi学科/n的/ude1研究/vn和/cc跨/v学科/n研究/vn的/ude1路径/n。/wj
第二/m是/vshi跨/v学科/n研究/vn的/ude1过程/n形式/n。/wj
在/p人文/n社会科学/nl具体/a学科/n的/ude1研究/vn上/f,/wd人文/n学科/n较/d多/ad强调/v的/ude1是/vshi个体/n研究/vn,/wd社会科学/nl一直/d以来/f就/d较为/d注重/v团队/n研究/vn,/wd这/rzv是/vshi各自/rr的/ude1学科/n特点/n决定/v的/ude1。/wj
对于/p问题/n的/ude1研究/vn来讲/uls,/wd首先/d面临/v的/ude1问题/n,/wd就是/v人文/n社会科学/nl如何/ryv从/p学科/n个体/n研究/vn的/ude1习惯/n转向/vi团队/n研究/vn的/ude1形式/n。/wj
显然/a,/wd在/p一些/mq以/p问题/n为/p导向/n的/ude1重大/a课题/n的/ude1研究/vn中/f,/wd人文/n学科/n学者/n融合/v的/ude1难度/n较/d大/a,/wd社会科学/nl学者/n的/ude1融合/vn就/d较容易/n些/q。/wj
在/p以/p问题/n为/p导向/n的/ude1研究/vn过程/n中/f,/wd特别/d需要/v关注/v如何/ryv顾及/v人文/n学科/n或者/c个体/n研究/vn的/ude1这种/r特色/n,/wd怎样/ryv对/p社会科学/n固有/b的/ude1团队/n特性/n设计/vn更为/d合理/a的/ude1研究/vn过程/n。/wj
扬/vg学科/n的/ude1研究/vn中/f个体/n研究/vn和/cc团队/n研究/v各自/rr之/uzhi长/ng,/wd避/v学科/n的/ude1研究/vn中/f个体/n研究/vn和/cc团队/n研究/v之/uzhi短/a,/wd形成/v问题/n的/ude1研究/vn的/ude1过程/n形式/n,/wd实在/d是/vshi人文/n社会科学/nl研究/vn方法/n和/cc研究/vn方式/n的/ude1一/m场/qv变革/vn。/wj
第三/m是/vshi研究者/n的/ude1个人/n禀赋/n。/wj
对于/p问题/n的/ude1研究/vn来说/uls,/wd研究者/n兼备/vi科技/n文化/n和/cc社会/n文化/n当然/d是/vshi三十年/m与/p当代/t中国/ns学术/n成长/vi最为/d理想/a的/ude1状态/n。/wj
但是/c,/wd面对/v学科/n越来越/d细化/v、/wn越来越/d细/a分/qt的/ude1现实/n,/wd任何/rz个人/n都/d不/d可能/v成为/v通晓/v科技/n文化/n和/cc社会/n文化/n的/ude1学者/n,/wd也/d不/d可能/v成为/v通晓/v人文/n学科/n和/cc社会科学/nl的/ude1学者/n,/wd甚至/d连/ulian成为/v通晓/v人文/n学科/n或/c社会科学/n所/usuo涵盖/v的/ude1各/rz学科/n的/ude1全才/n学者/n也/d已经/d不/d可能/v了/y。/wj
我们/rr现在/t痛惜/v大师/n的/ude1消失/vi,/wd实际上/d认可/vi的/ude1是/vshi传统意义/n上/f的/ude1大师/n。/wj
传统意义/n上/f的/ude1大师/n是/vshi在/p传统/n学科/n基础/n上/f产生/v的/ude1,/wd那时/rzt的/ude1大师/n广博/a有余/vi而/cc精深/a不足/an。/wj
就/d广博/a而言/uls,/wd传统意义/n上/f的/ude1大师/n在/p数/m个/q学科/n多/d有/vyou建树/n,/wd那/rzv是/vshi建立/v在/p学科/n还/d没有/v细分/vn、/wn划分/v还/d十分/m粗陋/a基础/n上/f的/ude1。/wj
现在/t再/d产生/v这样/rzv的/ude1大师/n几乎/d不/d可能/v了/y。/wj
现在/t的/ude1大师/n也许/d应该/v以/p精深/ad为主/vi,/wd而/cc兼有/v广博/a。/wj
以/p经济学/n为/p例/n,/wd大师/n,/wd在/p他/rr那个/rz年代/n,/wd他/rr既/c懂/v理论/n经济/n也/d懂/v应用/vn经济/n,/wd既/c懂/v财政/n也/d懂/v税收/n,/wd既/c懂/v政府/n经济/n也/d懂/v企业/n经济/n。/wj
但是/c,/wd经济学/n发展/v到/p现在/t,/wd在/p世界/n上/f也许/d找/v不到/v一个/mq可以/v和/cc亚当斯密/nrf这样/rzv通晓/v全部/m经济学/n的/ude1大师/n了/y。/wj
这/rzv不/d是/vshi大师/n消失/vi了/y,/wd而是/c传统意义/n上/f的/ude1大师/n不再/d可能/v产生/v了/y。/wj
正是/v由于/p当代/t学科/n的/ude1发展/vn,/wd就/d不能/v再/d要求/v个/q人/n既/c懂/v自然科学/nl又/d懂/v人文科学/n或/c社会科学/nl,/wd也许/d只/d能/v要求/v个人/n具有/v通/v识/v意义/n上/f的/ude1科技/n文化/n和/cc社会/n文化/n背景/n。/wj
对于/p现代/t学者/n,/wd其/rz学习/v和/cc研究/vn只/d可能/v根据/p学科/n发展/vn和/cc科学研究/n的/ude1学术/n分工/vn,/wd在/p某/rz一个/mq细小/a的/ude1界/n域/ng有所作为/vl。/wj
假如/c要求/v学者/n个人/n在/p广博/a上/f有/vyou突出/a绩效/n,/wd就/d只能/v在/p精深/a上/f作出/v让步/vn,/wd在/p既定/b学科/n的/ude1尖端/n和/cc前沿/s上/f作出/v牺牲/v。/wj
从/p学者/n的/ude1个人/n禀赋/n而言/uls,/wd不能/v要求/v一/m个/q学者/n通晓/v自然科学/nl、/wn人文/n学科/n和/cc社会科学/nl,/wd但/c可以/v要求/v其/rz有/vyou相当/vi的/ude1科学/n素质/n和/cc人文/n素质/n。/wj
针对/p教育/vn的/ude1状况/n,/wd应该/v在/p强调/v学科/n专业/n学习/v研究/vn的/ude1同时/n,/wd注重/v通/v识/v教育/vn。/wj
现在/t的/ude1教育/vn特别/d是/vshi高等教育/nl,/wd学科/n专业/n教育/vn过/uguo强/a,/wd应该/v把/pba专业/n教育/vn和/cc通/v识/v教育/vn有机/d地/ude2结合/v起来/vf。/wj
由此/d产生/v的/ude1现实/n状态/n便/d是/vshi,/wd我们/rr倡导/v的/ude1跨/v学科/n研究/vn,/wd不/d是/vshi建立/v在/p单个/b学者/n个人/n禀赋/n的/ude1多/a学科/n基础/n上/f,/wd而是/c以/p多/m个/q学者/n群/q体性/n禀赋/n的/ude1多/a学科/n和/cc跨/v学科/n为/p基础/n。/wj
只有/c多/m个/q学科/n的/ude1研究者/n的/ude1结合/vn,/wd才/d能/v形成/v跨/v学科/n研究/vn的/ude1知识/n基础/n。/wj
在/p这/rzv意义/n上/f,/wd斯诺/nrf命题/n的/ude1破/a解/v在于/v学者/n的/ude1团队/n资源/n的/ude1优化/vn配置/vn,/wd在于/v科学/ad发展/v中/b团队/n研究/vn取向/n的/ude1蔚然成风/vl。/wj
第/m四/m是/vshi人文/n社会科学/nl研究/vn的/ude1组织/n与/cc管理/vn形式/n。/wj
在/p跨/v学科/n研究/vn中/f,/wd有/vyou两/m个/q导向/n问题/n需要/v解决/v:/x一个/mq是/vshi社会/n导向/n,/wd另/rz一个/mq是/vshi环境/n导向/n。/wj
社会/n导向/n是/vshi指/v,/wd无论/c学科/n的/ude1研究/vn还/d是/vshi问题/n的/ude1研究/vn,/wd既/c要/v讲/v学术/n民主/an,/wd更/d要/v讲/v学术/n自由/an。/wj
我们/rr现在/t学术/n民主/ad运用/v过度/vi,/wd抵消/v甚至/d取消/v了/ule学术/n自由/a的/ude1空间/n。/wj
实际上/d,/wd学术/n民主/an的/ude1适用性/n是/vshi有/vyou限度/n的/ude1。/wj
当下/t体现/v学术/n民主/an的/ude1情况/n很/d多/a,/wd如/c申报/v课题/n要/v通过/p专家/n评审/vn、/wn最后/f投票/vi决定/v,/wd少数/m服从/v多数/m,/wd多数/m专家/n的/ude1票/n决/vg决定/v课题/n立项/vi的/ude1指向/vn。/wj
再/d如/v学术/n成果/n评奖/vn,/wd也/d是/vshi以/p多数/m人/n的/ude1意见/n为/p主导/n。/wj
但是/c过度/vi的/ude1学术/n民主/an,/wd有时/d也/d会/v走向/v它/rr的/ude1反面/n。/wj
无论是/c在/p学科/n的/ude1研究/vn还/d是/vshi在/p问题/n的/ude1研究/vn中/f,/wd更/d不用说/vl跨学科/b的/ude1研究/vn,/wd都/d要/v留/v下/f更/d多/a学术/n自由/a的/ude1空间/n,/wd营造/v良好/a的/ude1学术/n自由/a的/ude1氛围/n。/wj
实际上/d,/wd学术/n自由/an有/vyou其/rz内在/b规定性/n,/wd最/d主要/b的/ude1有/vyou以下/f方面/n。/wj
一/m是/vshi,/wd学术/n自由/an是/vshi以/p宪法/n为/p基础/n和/cc圭臬/n的/ude1自由/an。/wj
二/m是/vshi,/wd学术/n自由/an是/vshi通过/p自己/rr的/ude1诚实/a研究/vn,/wd对/p自己/rr探索/v真理/n结果/n的/ude1自由/ad表达/v,/wd它/rr不同/a于/p一般/a的/ude1言论/n自由/an。/wj
三/m是/vshi,/wd学术/n自由/an中/f包括/v对/p学术/n问题/n进行/vx平等/a的/ude1学术/n讨论/vn,/wd而/cc不/d能/v以/p行政/n的/ude1、/wn政治/n的/ude1或者/c宗法/n的/ude1权力/n来/vf压制/v学术/n的/ude1发展/vn。/wj
学术/n民主/an是/vshi需要/v的/ude1,/wd而/cc学术/n自由/an更/d应该/v成为/v与/cc跨/v学科/n研究/vn并/cc行/vi的/ude1科学研究/n导向/n。/wj
环境/n导向/n主要/d是/vshi指/v,/wd高校/n的/ude1院/n系/v要/v形成/v学科/n的/ude1稳定性/n与/cc团队/n研究/vn的/ude1多样性/n并行/vi的/ude1环境/n。/wj
高校/n应该/v实行/v双轨/b的/ude1研究/vn方式/n:/x一个/mq是/vshi以/p院/n系/v的/ude1学科/n的/ude1研究/vn为/p主体/n的/ude1方式/n;/wf一个/mq是/vshi学校/n内/f跨/v院/n系/v的/ude1以/b问题/n的/ude1研究/vn为/p主体/n的/ude1方式/n。/wj
