不管/c怎么/ryv理解/v，/wd教育/vn活动/vn既/c是/vshi一/m种/q社会/n活动/vn，/wd又/d是/vshi一/m种/q认识/n活动/vn。/wj
作为/p社会/n活动/vn的/ude1教育/vn，/wd是/vshi人类/n所/usuo特有/v的/ude1现象/n，/wd它/rr是/vshi社会/n需要/v的/ude1产物/n，/wd也/d是/vshi受/v社会/n诸/rz因素/n制约/vn的/ude1产物/n。/wj
所以/c，/wd教育学/n当/p属/v社会科学/nl无可置疑/vl。/wj
但/c这/rzv一/m社会/n现象/n之中/f又/d存在/v明显/a的/ude1认识/vn现象/n，/wd即/v教育/vn是/vshi以/p人/n为/p对象/n的/ude1，/wd教育/vn活动/vn是/vshi一/m种/q文化/n活动/vn，/wd也/d是/vshi一/m种/q精神/n活动/vn，/wd教育/vn现象/n中/f存在/v大量/m的/ude1人/n的/ude1认识/vn现象/n和/cc心理/n现象/n。/wj
据此/d，/wd教育学/n还/d属于/v人文科学/n。/wj
事实上/bl，/wd人文科学/n和/cc社会科学/nl总是/d有/vyou千丝万缕/bl的/ude1联系/vn，/wd这/rzv也/d正是/v人们/n常常/d把/pba人文科学/n和/cc社会科学/n相提并论/vl的/ude1根本/a原因/n。/wj
而/cc在/p所有/b的/ude1人文科学/n和/cc社会科学/nl中/f，/wd唯有/v教育学/n因/p其/rz特殊性/n、/wn综合性/n而/cc兼备/vi人文科学/n和/cc社会科学/nl的/ude1特点/n，/wd我们/rr称之为/v“/wyz人文/n社会科学/nl”/wyy。/wj
教育学/n作为/p人文/n社会科学/nl，/wd兼备/vi人文科学/n和/cc社会科学/nl的/ude1双重/b属性/n，/wd犹如/v一/m只/q手/n的/ude1手心/n和/cc手背/n，/wd二者/rzv不可/v分/qt，/wd分开/vi了/ule就/d不/d能/v称之为/v“/wyz手/n”/wyy。/wj
教育/vn现象/n应/v包括/v教育/vn活动/vn现象/n和/cc教育/vn事业/n现象/n两/m大/a类/n。/wj
教育/vn活动/vn现象/n主要/d是/vshi一/m种/q认识/n现象/n、/wn心理/n现象/n，/wd更/d多/a是/vshi人文/n的/ude1现象/n；/wf教育/vn事业/n现象/n是/vshi一/m种/q社会/n的/ude1现象/n。/wj
［/wkz8/a］/wky因此/c，/wd教育学/n研究/vn也/d应/v包括/v两/m个/q层面/n：/wm教育/vn活动/vn现象/n研究/vn（/wkz微观/n教育学/n）/wky与/cc教育/vn事业/n现象/n研究/vn（/wkz宏观/n教育/vn学/v）/wky。/wj
而/cc研究/vn教育/vn事业/n发展/vn现象/n的/ude1教育/vn行政/n、/wn教育/vn管理/vn、/wn教育/vn政策/n、/wn教育/vn规划/n、/wn教育/vn战略/n等/udeng宏观/n教育/vn学/v的/ude1学科/n属性/n更/d倾向/v于/p社会/n科学/n，/wd研究/v微观/n教育/vn活动/vn现象/n的/ude1课堂教学/n、/wn教学方法/n、/wn教师/n专业/n发展/vn、/wn学生/n身心/n、/wn教学/vn评价/vn等/udeng微观/n教育学/n的/ude1学科/n属性/n更/d倾向/v于/p人文科学/n。/wj
由此可见/c，/wd教育学/n是/vshi兼具/v人文科学/n和/cc社会科学/nl特点/n的/ude1人文/n社会科学/nl！/wt
二/m、/wn教育/vn学/v的/ude1学科/n归属/v我们/rr所/usuo讨论/v的/ude1教育/vn与/cc教育学/n是/vshi一个/mq“/wyz教育/vn”/wyy、/wn“/wyz大/a教育/vn学/v”/wyy的/ude1概念/n，/wd这/rzv是/vshi“/wyz知己/n”/wyy问题/n，/wd我们/rr进一步/d讨论/v的/ude1基点/n。/wj
在/p探讨/v教育学/n学科/n归属/vn问题/n之前/f，/wd十分/m有/vyou必要/a对/p它/rr的/ude1“/wyz归属/vn”/wyy对象/n做/v一番/mq分析/vn，/wd这/rzv是/vshi“/wyz知/v彼/rz”/wyy的/ude1问题/n，/wd否则/c就/d有/vyou“/wyz盲人/n瞎/a马/n、/wn夜半/t深/a池/ng”/wyy的/ude1危险/a了/y。/wj
“/wyz科学/n”/wyy这/rzv一/m术语/n本/d是/vshi西方/s的/ude1产物/n，/wd西方/s对/p科学/n的/ude1划分/vn大体/d有/vyou两/m种/q：/wm英/b美/b强调/v三分/m法/n——/wp自然科学/n、/wn社会科学/nl和/cc人文科学/n，/wd而/cc以/p德国/nsf为/p代表/n的/ude1欧/b陆/m强调/v两分/m法/n——/wp自然科学/n和/cc精神/n科学/n。/wj
目前/t，/wd全世界/n比较/vn共识/n并/cc通行/vi的/ude1是/vshi英/b美/b的/ude1三分/m法/n。/wj
［/wkz9/vyou］/wky因此/c，/wd我们/rr主要/d对/p自然科学/n、/wn人文科学/n和/cc社会科学/n进行/vx讨论/vn。/wj
自然科学/n是/vshi研究/v无机/b自然界/n和/cc包括/v人/n的/ude1生物/n属性/n在内/u的/ude1有机/b自然界/n的/ude1各/rz门/n科学/a的/ude1总称/n。/wj
其/rz研究/vn对象/n是/vshi整个/b自然界/n，/wd即/v自然界/n物质/n的/ude1各种/rz类型/n、/wn状态/n、/wn属性/n及/cc运动/vn形式/n。/wj
其/rz研究/vn任务/n在于/v揭示/v自然界/n发生/v的/ude1现象/n和/cc过程/n的/ude1实质/n，/wd进而/c把握/v这些/rz现象/n和/cc过程/n的/ude1规律性/n，/wd并/cc预见/v新/a的/ude1现象/n和/cc过程/n，/wd为/v在/p社会/n实践/vn中/f合理/a而/cc有/vyou目的/n地/ude2利用/v自然界/n的/ude1规律/n开辟/v各种/rz可能/n的/ude1途径/n。/wj
自然科学/n包括/v物理学/n、/wn化学/n、/wn天文学/n、/wn气象学/n等/udeng基础科学/n以及/cc农业/n科学/n、/wn生物学/n、/wn医学/n、/wn材料科学/n等/udeng实用/a科学/n。/wj
自然科学/n是/vshi伴随/v着/uzhe18/nz世纪/n以来/f，/wd物理学/n的/ude1日渐/d成熟/a与/cc生物/n科学/n在/p社会/n上/f的/ude1巨大/a影响/vn而/cc占据/v学界/n显/v著/uzhe位置/n的/ude1。/wj
尽管/c自然科学/nl的/ude1影响/vn是/vshi巨大/a的/ude1，/wd但/c有/vyou一个/mq事实/n抹杀/v不/d了/y：/wm人文科学/n的/ude1本质/n不能/v完全/ad用/v自然科学/nl的/ude1方法/n来/vf研究/v，/wd社会/n历史/n的/ude1经验/n不/d能/v完全/ad通过/v自然科学/nl的/ude1归纳/vn程序/n上升/vi为/p科学/n。/wj
早期/t的/ude1教育/vn学/v著/uzhe作/v中/f虽然/c有/vyou人/n认为/v教育学/n的/ude1属性/n有/vyou自然科学/nl的/ude1一面/n，/wd如/v教育学/n中/f关于/p人/n的/ude1自然存在物/n的/ude1研究/vn，/wd如/v教育/vn生理学/n、/wn教育/vn心理学/n、/wn教学法/n分支/n、/wn教学/vn手段/n分支/n以及/cc学科/n教育学/n等/udeng均/d具有/v自然科学/nl的/ude1性质/n。/wj
但是/c随着/p教育学/n学科/n的/ude1发展/vn，/wd关于/p人/n的/ude1自然/n的/ude1研究/vn已经/d被/pbei公认/v为/p生理学/n、/wn医学/n、/wn心理学/n等/udeng学科/n的/ude1研究/vn对象/n，/wd而/cc这些/rz学科/n今天/t都/d成/v了/ule教育/vn学/v的/ude1基础/n学科/n，/wd所以/c教育学/n非/b自然科学/n属性/n的/ude1结论/n基本上/d不/d存在/v争议/vn了/y。/wj
社会科学/nl是/vshi研究/v各种/rz社会/n现象/n、/wn社会/n运动/vn变化/vn及/cc发展/vn规律/n的/ude1各/rz门/n科学/a的/ude1总称/n。/wj
［/wkz10/n］/wky社会科学/nl的/ude1典型/n学科/n是/vshi社会学/n、/wn经济学/n、/wn法学/n、/wn政治学/n等/udeng。/wj
它们/rr是/vshi伴随/v着/uzhe工商业/n的/ude1发展/vn于/p19/m世纪/n后期/f逐渐/d在/p西方/s发展/v起来/vf的/ude1，/wd按/p时间/n来说/uls，/wd其/rz出现/v并/cc产生/v影响/v要/v比/p人文科学/n和/cc自然科学/n晚/a一些/mq。/wj
而且/c，/wd社会科学/nl的/ude1发展/vn受到/v自然科学/nl的/ude1深刻/a影响/vn。/wj
在/p19/m世纪/n后期/f这些/rz学科/n刚刚/d独立/a的/ude1时候/n，/wd为了/p获得/v成为/v“/wyz科学/n”/wyy的/ude1入门/vn券/ng，/wd这些/rz学科/n甚至/c还/d不/d得/ude3不/d服从/v自然科学/nl的/ude1“/wyz科学/n”/wyy标准/n，/wd并/cc大量/m借用/v自然科学/nl的/ude1方法/n。/wj
20/m世纪/n以后/f，/wd特别/d是/vshi当代/t以来/f，/wd各门/r社会科学/nl逐渐/d形成/v了/ule与/p自己/rr的/ude1独特/a研究/vn对象/n相/d适应/v的/ude1研究/vn方法/n，/wd但/c在/p致力/v于/p探索/v和/cc发现/v支配/v本/rz学科/n研究/vn对象/n的/ude1普遍/a规律/n、/wn获取/v关于/p本/rz学科/n研究/vn对象/n的/ude1本质/n和/cc规律/n的/ude1普遍/a知识/n这/rzv一点/m上/f，/wd却/d没有/v任何/rz变化/vn。/wj
［/wkz11/d］/wky美国/nsf学者/nD/x?/ww
W/x./wj
卡尔霍恩/nrf认为/v：/wm“/wyz社会科学/nl主要/d是/vshi技术/n革命/vn以及/cc随/v之/uzhi发生/v的/ude1社会/n变化/vn的/ude1结果/n。/wj
工业/n革命/vn以前/f的/ude1社会/n并/cc不/d是/vshi没有/v变化/vn，/wd但是/c，/wd技术/n的/ude1兴起/vn使/v这种/r变化/vn迅速/a得/ude3多/a，/wd并且/c打破/v了/ule传统/n的/ude1生活/vn模式/n而/cc又/d没有/d新/a的/ude1模式/n来/vf代替/v。/wj
社会科学/nl的/ude1产生/vn，/wd部分/n的/ude1原因/n就/d是/vshi努力/ad寻求/v这种/r新/a的/ude1模式/n。/wj
”/wyy［/wkz12/m］/wky首先/d是/vshi自然/a法/n与/cc社会/n契约/n论/v思想/n的/ude1产生/vn，/wd导致/v了/ule霍布斯/nrf、/wn洛克/nrf、/wn斯宾诺莎/nrf等/udeng人/n的/ude1学说/n的/ude1形成/vn，/wd同时/c英国/ns的/ude1古典/b经济学/n成为/v一/m门/q独立/a的/ude1学科/n。/wj
随后/d是/vshi维柯/nrf、/wn伏尔泰/nrf、/wn孔多塞/nrf、/wn卢/b梭/ng等/udeng人/n的/ude1理论/n的/ude1出现/vn，/wd使/v历史学/n、/wn法学/n、/wn政治学/n等/udeng社会科学/nl形成/v。/wj
斯诺/nrf命题/n与/cc人文/n社会科学/nl的/ude1跨/v学科/n研究/v一/m、/wn从/p斯诺/nrf命题/n透视/v西方/s文化/n的/ude1分裂/vn和/cc融合/vC/x./wj
P/x./wj
斯诺/nrf是/vshi一/m位/q英国/ns学者/n,/wd他/rr在/p20/m世纪/n50年代/t末/t60年代/t初/f发表/v了/ule一/m系列/q有/vyou影响/vn的/ude1文章/n文/ng中/f提出/v了/ule两/m种/q文化/n,/wd即/d科学/a文化/n(/wkzScientificCulture/x)/wky和/cc学/v文化/n(/wkzLiteraryCulture/x)/wky,/wd分别对应/n于/p我们/rr讲/v的/ude1自然科学/n和/cc人文/n社会科学/nl。/wj
