其次/c，/wd我们/rr根据/p输出/vn驱动/vn假设/n理论/n，/wd将/d原来/d分开/vi开设/v的/ude1阅读/vn和/cc写作/vn课/n进行/vx合并/vn。/wj
原来/b的/ude1阅读/vn和/cc写作/vn课/n过于/d注重/v语言/n技能/n训练/vn，/wd课程内容/n缺乏/v思想/n的/ude1深度/n和/cc知识/n的/ude1广度/n。/wj
通过/p合理配置/n各种/rz教学资源/n，/wd建构/v了/ule一/m系列/q适合/v学生/n综合/vd发展/v、/wn用/v英语/nz讲授/v的/ude1具有/v兼容性/n的/ude1“/wyz读/v议/v写/v”/wyy人文/n通/v识/v模块/n课程/n体系/n（/wkz表/n１/m）/wky。/wj
表/n１．/m“/wyz读/v议/v写/v”/wyy人文/n通/v识/v模块/n课程/n体系/n１．/m读/v议/v写/v（/wkz一/m）/wky英语/nz技能/n导/vg学/v与/cc学习/v策略/n２．/m读/v议/v写/v（/wkz二/m）/wky网络/n与/cc报刊/n阅读/v３．/m读/v议/v写/v（/wkz三/m）/wky古/tg希腊/ns罗马/nsf神话/n４．/m读/v议/v写/v（/wkz四/m）/wky《/wkz圣经/n》/wky５．/m读/v议/v写/v（/wkz五/m）/wky英/b美/b历史/n与/cc文化/n６．/m读/v议/v写/v（/wkz六/m）/wky中国/ns文化/n经典/n导读/v７．/m读/v议/v写/v（/wkz七/m）/wky西方/s哲学/n经典/n导读/v８．/m读/v议/v写/v（/wkz八/m）/wky批判性/n思维/n该/rz课程/n群/ng涵盖/v广阔/a的/ude1文/ng、/wn史/ng、/wn哲/ng领域/n，/wd是/vshi一个/mq多/a学科/n的/ude1课程/n组合/vi，/wd与/p历史/n、/wn文学/n、/wn语言/n、/wn哲学/n等/udeng相关/vn专业/n部分/n交叉/vd互补/vi。/wj
它/rr将/d单一/a的/ude1技能型/b课程/n转变/v为/v融/vi技能/n发展/vn与/cc人文/n教育/vn、/wn思维/n能力/n培养/v于/p一体/n的/ude1综合性/n课程/n。/wj
它/rr强调/v研读/v原典/nr，/wd并/cc基于/p这些/rz原/b典/ng提出/v原/b创/vg性/ng问题/n。/wj
需要/v指出/v的/ude1是/vshi，/wd这些/rz人文科学/n的/ude1学习/vn和/cc研究/vn并/cc不/d在于/v它们/rr的/ude1实用/vn价值/n和/cc专业性/n，/wd其/rz中心/n目的/n是/vshi为了/p训练/vn学生/n的/ude1智力/n，/wd发展/v学生/n的/ude1思维/n能力/n，/wd完善/v学生/n的/ude1知识/n结构/n，/wd培养/v学生/n的/ude1原/b创/vg能力/n和/cc探索/vn知识/n的/ude1能力/n。/wj
正/d如/v柏拉图/nrf所/usuo说/v：/wm“/wyz天/n文学/n和/cc地理学/n一样/uyy，/wd并非/v旨在/v研究/vn天空/n或/c地球/n的/ude1实际/a状况/n，/wd而是/c我们/rr用/p它/rr们/k来/vf解决/v社会/n及/cc道德/n问题/n，/wd获得/v真正/b的/ude1科学/n知识/n和/cc训练/vn感官/n的/ude1理性/n思维/n能力/n”/wyy（/wkzＭｏｎｒｏｅ１９１４：１３７/x）/wky。/wj
“/wyz读/v议/v写/v”/wyy模块/n课程/n有效/ad增强/v和/cc拓宽/v了/ule英语/nz专业/n学生/n的/ude1中西/n文化/n底蕴/n，/wd完善/v了/ule他们/rr的/ude1知识/n构架/n，/wd提高/v了/ule学生/n运用/v英语/nz进行/vx双向/b文化/n交流/vn的/ude1能力/n。/wj
２．/m以/p学生/n为/p主体/n的/ude1体验/vn教学模式/n一/m提起/v人文/n教育/vn，/wd国内/s高校/n普遍/ad首先/d想到/v的/ude1是/vshi加开文/nrf、/wn史/ng、/wn哲/ng等/udeng课程/n，/wd简单/a地/ude2寄/v希望/v于/p以/p人文/n课程/n的/ude1增加/vn提升/vn学生/n的/ude1人文/n素养/n。/wj
但/c人文主义/n教育观/n的/ude1教育/vn目的/n远远/d超越/v了/ule单纯/a的/ude1知识/n传授/v和/cc智力/n培养/v，/wd而/cc将/p其/rz上升/vi到/v集/vg知识/n、/wn能力/n、/wn人格/n于/p一体/n的/ude1全面/ad均/ad发展/v的/ude1高度/n。/wj
如果/c不/d改革/v传统/n的/ude1灌输/vn式/k教学模式/n，/wd只/d注重/v人文/n知识/n的/ude1机械/n传授/v，/wd而/cc忽视/v学生/n主体/n自身/rr的/ude1人文/n意义/n建构/vn，/wd人文/n教育/vn终/d将/d成为/v一/m句/q空话/n。/wj
基于/p人文主义/n全/a人/n教育/vn理念/n，/wd“/wyz读/v议/v写/v”/wyy模块/n课程/n建立/v了/ule教师/n主导/n、/wn学生/n主体/n的/ude1体验/vn教学模式/n，/wd将/d“/wyz议/v”/wyy和/cc“/wyz写/v”/wyy重要/a环节/n引入/v教学/vn结构/n中/f。/wj
体验/v教学模式/n让/v学生/n在/p课堂/n上/f亲身/d感知/v、/wn领悟/v知识/n，/wd并/cc在/p实践/vn中/f加以/vx运用/vn，/wd从而/c使/v学生/n成为/v真正/d自由/a独立/a、/wn情/n知/v合/v一/m、/wn实践/v创新/vi的/ude1完整/a的/ude1人/n。/wj
Ｋｏｌｂ/x（/wkz１９８４/m）/wky较/d早/ad提出/v体验/v式/k学习/v理论/n，/wd认为/v有效/a的/ude1学习/vn应/v从/p体验/v开始/v，/wd进而/c发表/v看法/n，/wd然后/c进行/vx反思/vn，/wd再/d总结/v形成/v理论/n，/wd最后/f将/p理论/n应用/v于/p实践/vn，/wd如/v下/vf图/n所/usuo示/vg：/wm他/rr认为/v这种/r强调/v“/wyz做/v中/f学/v”/wyy的/ude1体验/vn式/k学习/v，/wd能够/v将/p学习者/n掌握/v的/ude1知识/n、/wn潜能/n真正/d发挥/v出来/vf，/wd使/v语言/n学习/v的/ude1过程/n转变/v成/v一/m种/q创造/v运用/v语言/n的/ude1体验/vn过程/n，/wd成为/v一/m种/q栩栩如生/al的/ude1互动/vn体验/vn，/wd是/vshi提高/v学习/v效率/n的/ude1有效/a学习/vn模式/n。/wj
我们/rr倡导/v的/ude1“/wyz读/v”/wyy、/wn“/wyz议/v”/wyy、/wn“/wyz写/v”/wyy三结合/n模式/n与/cc体验/vn教学/vn的/ude1精神/n实质/n是/vshi吻合/vi的/ude1。/wj
“/wyz读/v议/v写/v”/wyy课程/n教学/vn在/p实施/v的/ude1过程/n中/f，/wd强调/vd读/v写/v结合/v，/wd聚焦/vi于/p写作/vn过程/n；/wf强调/vd阅读/v、/wn写作/vn过程/n与/cc学习者/n认知/vn发展/vn的/ude1相互作用/nl。/wj
教师/n在/p围绕/v主题/n布置/v、/wn指导/vn学生/n进行/vx大量/m的/ude1课外/t阅读/v以/p保证/v足够/v的/ude1输入/vn后/f，/wd在/p课堂/n上/f运用/v情境/n式/k、/wn换位/vn式/k、/wn多媒体/n法/b、/wn实践/vn法/n等/udeng体验/vn教学方式/n精心/ad组织/v、/wn安排/v教学活动/n，/wd组织/v学生/n开展/v合作/vn、/wn思考/vn、/wn讨论/vn，/wd并/cc积极/a主动/a地/ude2提出/v问题/n、/wn回答/v问题/n，/wd使/v学生/n在/p“/wyz议/v”/wyy的/ude1过程/n中/f体验/v事实/n、/wn体验/vn问题/n、/wn体验/vn过程/n、/wn体验/vn合作/vn，/wd真正/d感受/v到/v知识/n与/cc思想/n的/ude1萌生/v、/wn形成/v和/cc交流/vn的/ude1过程/n。/wj
当/p学生/n通过/p最/d大程度/n的/ude1主体/n活动/vn对/p研究/vn的/ude1主题/n内容/n有/vyou了/ule较为/d丰富/a的/ude1感性认识/nl之后/f，/wd再/d以/p“/wyz写/v”/wyy的/ude1形式/n内/f化/v相应/vi的/ude1人文/n知识/n，/wd建构/v基于/p主体/n自身/rr理解/v的/ude1人文/n意义/n，/wd将/p课堂/n上/f的/ude1体验/vn表达/v出来/vf。/wj
这种/r教学模式/n使/v学生/n通过/p教师/n精心/ad组织/v安排/v的/ude1活动/vn，/wd参与/v到/v教学/vn之中/f，/wd主动/ad与/p教师/n一起/s进行/vx教学活动/n，/wd使/v学生/n自始至终/dl参与/v到/v知识/n形成/v的/ude1全/a过程/n中/f，/wd让/v学生/n自己/rr去/vf尝试/v、/wn讨论/vn、/wn合作/vn，/wd自己/rr去/vf领受/v、/wn理解/vn知识/n。/wj
在/p这样/rzv的/ude1教学模式/n里/f，/wd学生/n是/vshi学习/v的/ude1主人/n，/wd教师/n的/ude1作用/n在于/v成为/v学生/n学习/v英语/nz的/ude1组织者/n、/wn引导/v者/k和/cc合作/vn者/k。/wj
体验/v教学模式/n使/v英语/nz学习/v既/c有利于/v学生/n打/v好/a英语/nz基础/n，/wd又/d有利于/v学生/n形成/v健全/v人格/n，/wd更/d有利于/v学生/n去/vf探索/v、/wn创新/vi。/wj
四/m、/wn结语/n在/p全球化/vn的/ude1趋势/n下/f，/wd英语/nz这/rzv门/q学科/n受到/v越来越/d多/a人/n的/ude1关注/vn和/cc重视/v。/wj
湖南/ns师范大学/n“/wyz读/v议/v写/v”/wyy模块/n课程/n的/ude1建设/vn本着/p人文/n精神/n和/cc人文/n关怀/vn，/wd尝试/v从/p传统/n的/ude1纯/a技能/n训练课/n向/p学科/n基础课/n转型/vn，/wd在/p技能/n训练/vn中/f融入/v人文/n专业/n学习/v，/wd在/p人文/n知识/n课程/n的/ude1教学/vn中/f融入/v英语/nz听/v、/wn说/v、/wn读/v、/wn写/v、/wn译/v的/ude1训练/vn，/wd力图/v将/p人文/n教育/vn与/cc语言/n训练/vn相/d结合/v。/wj
这/rzv一/m尝试/v迎合/v了/ule当今/t中国/ns素质/n教育/vn的/ude1要求/n，/wd我们/rr将/d继续/v探索/v、/wn实践/vn和/cc论证/vn。/wj
中国/ns传统/n学术/n的/ude1人文/n精神/n中国/ns传统/n学术/n，/wd源远流长/vl，/wd博大精深/vl，/wd一般/ad集中/v在/p《/wkz隋/tg书/n?/ww
经籍/n志/vg》/wky中/f提出/v的/ude1经史子集/nl四/m部/q之中/f，/wd也/d是/vshi今人/n所/usuo言/vg“/wyz国/n学/v”/wyy之/uzhi主体/n，/wd其中/rz蕴涵/v着/uzhe极/d深/a的/ude1人文/n精神/n，/wd与/p西方/s古/a希腊/ns以来/f的/ude1学术/n重视/v知识性/n与/cc工具/n性/k的/ude1理念/n判/v然/rz有别/v。/wj
