帝国主义/n列强/n的/ude1侵略/vn，/wd可能/v导致/v一/m个/q国家/n在/p悲惨/a沉沦/vi中/f亡国/vi灭种/vi，/wd也/d可能/v激发/v这个/rz民族/n在/p危难/n之际/f觉醒/vi和/cc奋/vg起/vf。/wj
80年/m前/f的/ude1九一八/m事变/n，/wd就是/v这样/rzv一个/mq日本/nsf帝国主义/n蓄意/d侵略/v中国/ns的/ude1大/a事件/n，/wd是/vshi日本/nsf妄图/v变/v中国/ns为/p其/rz殖民地/n的/ude1重要/a步骤/n。/wj
短短/z4/a个/q多/a月/n内/f，/wd128/m万/m平方公里/q、/wn相当/d于/p日本/nsf国土/n3./m5/b倍/q的/ude1中国/ns东北/s全部/m沦陷/vi，/wd3000/m多/m万/m东北/s父老乡亲/nl成/v了/ule亡国奴/n。/wj
这/rzv一/m事件/n揭开/v了/ule日本/nsf对/p中国/ns进而/c对/p亚洲/ns及/cc太平洋/ns地区/n全面/ad武装/v侵略/vn的/ude1序幕/n。/wj
令/v侵略者/n想不到/vl的/ude1是/vshi，/wd这/rzv一/m事件/n激起/v了/ule中华民族/n的/ude1抗日/vn怒潮/n，/wd中国/ns人民/n以/p此/rzs为/v起点/n进行/vx了/ule长/a达/v14年/m不屈不挠/vl的/ude1抗日战争/nz，/wd最终/d第一/m次/qv取得/v了/ule近代/t以来/f中国/ns反抗/v外敌/n入侵/v的/ude1民族/n解放战争/nz的/ude1完全/ad胜利/vi。/wj
其/rz根本/a原因/n就/d在于/v，/wd历经/v列强/n蹂躏/vn的/ude1中华民族/n，/wd已经/d在/p日本/nsf帝国主义/n鲸吞/v中国/ns的/ude1嚣张/a野心/n中/f彻底/ad觉醒/vi和/cc顽强/a奋/vg起/vf了/y！/wt
纵观/v近代/t以来/f仁人志士/n救亡图存/nl的/ude1悲壮/a历史/n，/wd这/rzv一/m次/qv中国/ns人民/n的/ude1觉醒/vn和/cc奋起/v，/wd不仅/c标志/v着/uzhe中华民族/n有/vyou信心/n有/vyou能力/n求得/v民族/n独立/an和/cc人民/n解放/vn，/wd更/d意味/v着/uzhe中华民族/n在/p伟大/a复兴/vn征程/n上/f实现/v了/ule全民/n自觉/a的/ude1重大/a转折/vn。/wj
促成/v实现/v这/rzv一/m重大/a历史/n转折/vn的/ude1，/wd正是/v诞生/vi于/p危难/n之际/f的/ude1中国共产党/nt，/wd在/p历史/n的/ude1关键/n时刻/n团结/an凝聚/v了/ule中华民族/n的/ude1智慧/n和/cc力量/n。/wj
这个/rz在/p成立/vi第二/m年/qt就/d提出/v“/wyz打倒/v列强/n，/wd除/p军阀/n”/wyy的/ude1新生力量/nl，/wd在/p九一八/m事变/n发生/v后/f，/wd提出/v“/wyz以/p武装/n民众/n的/ude1民族/n革命/vn战争/n来/vf抵抗/v日本/nsf帝国主义/n的/ude1侵略/vn”/wyy的/ude1抗日救亡/nl主张/v，/wd号召/v全/a民族/n团结/v起来/vf抗日/vi救国/vi，/wd反对/v不/d抵抗/v政策/n。/wj
其后/t，/wd在/p中国共产党/nt倡导/v建立/v的/ude1抗日/vn民族/n统一战线/nl的/ude1旗帜/n下/f，/wd以/p国共/n合作/vd为/v基础/n，/wd中国/ns人民/n同/p凶恶/a的/ude1日本/nsf侵略者/n进行/vx了/ule气壮山河/vl的/ude1斗争/vn。/wj
长城/ns内外/f，/wd大江南北/nl，/wd到处/d燃起/v抗日/vi的/ude1烽火/n。/wj
中国/ns国民党/n和/cc中国共产党/nt领导/n的/ude1抗日/vn军队/n，/wd分别/d担负/v着/uzhe正面/b战场/n和/cc敌后/s战场/n的/ude1作战/vn任务/n，/wd形成/v了/ule共同/d抗击/v日本/nsf侵略者/n的/ude1战略/n态势/n。/wj
全体/n中华/nz儿女/n万众一心/vl、/wn众志成城/vl，/wd各/rz党派/n、/wn各/rz阶层/n同/p仇敌/n忾/x、/wn共/d赴/v国难/n。/wj
最终/d，/wd中国/ns人民/n抗日战争/nz和/cc世界/n反/vi法西斯/nz战争/n以/p中国/ns人民/n和/cc世界/n各国/rzs人民/n的/ude1彻底/a胜利/vd载入/v了/ule史册/n！/wt
审视/v80年/m前/f这/rzv场/qv震惊/v中外/b的/ude1九一八/m事变/n，/wd回/v望/v九一八/m事变/n以来/f中国/ns人民/n抗日战争/nz浴血/vd奋斗/vi的/ude114年/m，/wd上溯/vi1840年/m鸦片战争/nz以来/f中华民族/n在/p实现/v伟大/a复兴/vn征程/n上/f矢志不移/dl的/ude1艰辛/an探索/vn，/wd我们/rr更加/d深刻/a地/ude2认识/v到/v，/wd实现/v中华民族/n伟大/a复兴/vn，/wd必须/d有/vyou能够/v担当/v历史/n使命/n的/ude1坚强/a领导/n，/wd必须/d有/vyou全国/n各族/rz人民/n的/ude1坚定/a团结/an，/wd必须/d以/p国家/n强盛/an和/cc人民/n富裕/an为/v坚实/a基础/n。/wj
历史/n深刻/ad揭示/v，/wd中国共产党/nt的/ude1坚强/a领导/n是/vshi推进/vi中国/ns社会/n变革/vn、/wn发展/vn、/wn进步/vn的/ude1根本/a保证/vn。/wj
自/p诞生/vi之/uzhi日/ng起/f，/wd中国共产党/nt在/p一/m系列/q重大/a历史/n事件/n中/f，/wd始终/d站/vi在/p历史/n和/cc时代/n进步/vn的/ude1潮头/n，/wd带领/v人民/n拯救/v国家/n和/cc民族/n于/p危亡/n之际/f，/wd根本/d改变/v了/ule中国/ns人民/n的/ude1命运/n，/wd根本/d决定/v了/ule中国/ns历史/n的/ude1前进/vn方向/n，/wd迎来/v中华民族/n伟大/a复兴/vn的/ude1光明/n前景/n。/wj
历史/n和/cc人民/n选择/v了/ule中国共产党/nt作为/v救亡图存/nl、/wn富国强/nr民/ng的/ude1坚强/a领导/n，/wd历史/n也/d必将/d证明/v，/wd中国共产党/nt能够/v成为/v实现/v中华民族/n伟大/a复兴/vn的/ude1领导/vn核心/n。/wj
历史/n深刻/ad昭示/v，/wd各族/rz人民/n的/ude1坚定/a团结/an是/vshi中华民族/n走向/v伟大/a复兴/vn的/ude1力量/n源泉/n。/wj
在/p亡国/vi灭种/vi之际/f彻底/ad觉醒/vi，/wd在/p爱国主义/n精神/n感召/vi下/f捐弃/v前嫌/n，/wd在/p14年/m抗日战争/nz中/f空前/a地/ude2团结/v在/p一起/s，/wd中华民族/n焕发/v出/vf巨大/a凝聚力/n和/cc旺盛/a生命力/n，/wd熔铸/v了/ule伟大/a的/ude1民族/n精神/n。/wj
前进/vi的/ude1道路/n上/f，/wd有/vyou中华/nz儿女/n的/ude1坚定/a团结/an，/wd有/vyou民族/n精神/n的/ude1自觉/ad弘扬/v，/wd必定/d形成/v推动/v民族/n伟大/a复兴/vn的/ude1强大/a合力/n。/wj
历史/n深刻/ad警醒/vi，/wd“/wyz落后/a就要/d挨打/vi”/wyy是/vshi古老/a中国/ns弱/a则/d被/pbei辱/vg的/ude1沉痛/a教训/n。/wj
近代/t以来/f的/ude1中国/ns无/v约/d不/d损/vg、/wn无/v战/ng不/d败/vi，/wd善良/a的/ude1中华民族/n被/pbei奴役/v、/wn被/pbei压迫/v，/wd中国/ns人民/n饱受/v侵略/vn和/cc欺凌/vn，/wd根本/a原因/n在于/v国家/n的/ude1落后/a。/wj
今日/t中国/ns取得/v举世瞩目/bl的/ude1现代化/vn建设/vn成就/n，/wd中华民族/n面貌/n发生/v了/ule历史性/n变化/vn，/wd中国/ns人民/n找到/v了/ule实现/v民富国强/nl、/wn实现/v民族/n复兴/vn的/ude1中国/ns特色/n社会主义/n道路/n。/wj
在/p这/rzv条/q道路/n上/f，/wd坚定不移/vl地/ude2抓好/v发展/v这个/rz第一/m要务/n，/wd集中/v力量/n把/pba中国/ns的/ude1实力/n搞/v上去/vf，/wd中华民族/n必将/d以/p富强/a、/wn民主/an、/wn文明/n、/wn和谐/a的/ude1崭新/b面貌/n屹立/vi于/p世界/n东方/s。/wj
80年/m过去/t，/wd国耻/n在/p心/n，/wd重任在肩/nl，/wd目标/n在/p前/f，/wd让/v我们/rr高举/v中国/ns特色/n社会主义/n伟大/a旗帜/n，/wd共/d襄/vg实现/v中华民族/n伟大/a复兴/vn的/ude1盛举/n！/wt
