汉语言文字/n博大精深/vl，/wd是/vshi世界/n上/f历史/n悠久/a、/wn使用/v人数/n最/d多/a的/ude1语言/n文字/n。/wj
在/p尊重/v历史/n文化/n传承/vi的/ude1同时/n，/wd我们/rr应该/v看到/v，/wd对/p人民/n群众/n而言/uls，/wd汉字/nz还/d有些/rz难/ad认/v、/wn难/ad记/v、/wn难/ad写/v、/wn难/ad用/v，/wd纷繁/a复杂/a的/ude1汉语/nz方言/n也/d成为/v建设/vn工业化/vn社会/n的/ude1障碍/n。/wj
因此/c，/wd早/ad在/p新/a中国/ns百废待兴/vl之/uzhi时/ng，/wd党中央/nt、/wn国务院/nt就/d把/pba整理/v和/cc简化/v汉字/nz、/wn推广/vn普通话/n列入/v重要/a的/ude1工作/vn日程/n，/wd国务院/nt于/p１９５６年/m１月/t２８日/t发布/v了/ule《/wkz汉字/nz简化/v方/q案/x》/wky和/cc《/wkz关于/p推广/v普通话/n的/ude1指示/n》/wky。/wj
５０年/m过去/vf了/y，/wd作为/p人民/n生活/vn中/f最/d重要/a的/ude1交际/vn工具/n和/cc信息/n载体/n，/wd普通话/n已经/d成为/v全国/n通用/nz的/ude1中华民族/n共同/d语/ng，/wd简化/v汉字/nz在/p全国/n得到/v空前/a的/ude1普及/vn，/wd中国/ns的/ude1普通话/n和/cc规范汉字/n作为/p联合国/nt的/ude1工作/vn语文/n之一/rz，/wd已/d成为/v中外/b文化/n交流/vn的/ude1重要/a桥梁/n和/cc外国人/n学习/v中文/nz的/ude1首选/vn语言/n文字/n。/wj
简化/v汉字/nz和/cc推广/vn普通话/n，/wd既/c是/vshi生产/v、/wn生活/vn和/cc提高/v人民/n群众/n文化/n素质/n的/ude1实际/n需要/v，/wd也/d是/vshi维护/v中华民族/n大/a团结/a的/ude1政治/n任务/n。/wj
１９８２年/m，/wd“/wyz国家/n推广/vn全国/n通用/nz的/ude1普通话/n”/wyy写/v进/vf了/ule《/wkz中华人民共和国/ns宪法/n》/wky；/wf２０００年/m，/wd《/wkz国家/n通用/nz语言/n文字/n法/b》/wky确立/v了/ule普通话/n和/cc规范汉字/n作为/p我国/n国家/n通用/nz语言/n文字/n的/ude1法律/n地位/n。/wj
各级/r政府/n依法/d在/p机关/n、/wn学校/n、/wn公共/b媒体/n和/cc公共服务/n行业/n全面/ad推行/v国家/n通用/nz语言/n文字/n，/wd取得/v了/ule很/d大/a的/ude1成绩/n。/wj
但/c就/p我国/n经济/n社会/n发展/v对/p语言/n文字/n工作/vn的/ude1要求/n来/vf看/v，/wd普通话/n的/ude1普及/vn程度/n还/d远远/d不够/a，/wd语言/n文字/n社会/n应用/vn的/ude1规范/a水平/n也/d还/d不/d高/a，/wd方言/n隔阂/n和/cc用/p字/n不/d规范/v现象/n仍然/d是/vshi现代化/vn建设/vn中/f的/ude1不/d和谐/a音符/n。/wj
这些/rz不足/v应该/v引起/v我们/rr高度/d重视/v。/wj
营造/v良好/a的/ude1语言/n文字/n环境/n，/wd是/vshi各级/r政府/n义不容辞/vl的/ude1责任/n。/wj
当前/t，/wd语言/n文字/n工作/vn的/ude1格局/n是/vshi以/p城市/n为/p中心/n，/wd以/p学校/n为/p基础/n，/wd以/p党政机关/n为/p龙头/n，/wd以/p广播电视/n和/cc新闻/n出版/v为/p榜样/n，/wd以/p公共服务/n行业/n为/p窗口/s，/wd带动/v全/a社会/n普及/vn普通话/n和/cc实现/v语言/n文字/n规范化/vn。/wj
各级/r政府/n要/v明确/a语言/n文字/n工作/vn的/ude1法治/n意识/n，/wd切实/ad担负/v起/vf推广/v普通话/n、/wn推行/v规范汉字/n的/ude1社会/n责任/n，/wd新闻/n出版/vn、/wn广播/vn影视/b、/wn教育/vn、/wn文化/n、/wn金融/n、/wn铁路/n、/wn民航/n、/wn交通/n、/wn旅游/vn等/udeng各/rz部门/n要/v督促/v本行业/n系统/ad做好/v语言/n文字/n工作/vn。/wj
熟练/ad掌握/v并/cc自觉/ad使用/v国家/n通用/nz语言/n文字/n是/vshi国家/n公务员/n素质/n现代化/vn的/ude1一个/mq标志/n，/wd国家/n公务员/n特别/d是/vshi领导/n干部/n要/v自觉/ad做到/v说/v普通话/n，/wd用/p规范/v字/n，/wd发挥/v语言/n文字/n规范化/vi的/ude1龙头/n作用/n。/wj
在/p推广/v普通话/n和/cc推行/v规范汉字/n工作/vn中/f，/wd要/v坚持/v国家/n一贯/b的/ude1语言/n文字/n法律法规/n和/cc方针/n政策/n，/wd切实/ad保障/v少数民族/n人民/n使用/vn和/cc发展/v本/rz民族/n语言/n文字/n的/ude1自由/an。/wj
对于/p汉族/nz群众/n来说/uls，/wd推广/v普通话/n是/vshi使/v他们/rr在/p掌握/v方言/n的/ude1同时/n也/d掌握/v民族/n共同/d语/ng。/wj
国家机关/nl工作人员/n、/wn教师/n、/wn播音员/n、/wn节目/n主持人/n不/d能/v以/p“/wyz保护/vn方言/n”/wyy为/p借口/n在/p正式/a场合/n随意/ad使用/v方言/n，/wd不/d能/v在/p广播电视/n中/f滥/ad开/v方言/n节目/n。/wj
５０年/m前/f，/wd本报/rz曾/d发表/v《/wkz为/v促进/v汉字/nz改革/vn、/wn推广/vn普通话/n、/wn实现/v汉语/nz规范化/vn而/cc努力/an》/wky的/ude1社论/n，/wd为/p推广/v普通话/n和/cc语言/n文字/n规范化/vn鼓/n与/cc呼/v。/wj
今天/t，/wd本报/rz仍/d将/d一如既往/vl，/wd与/p全国/n人民/n一道/d，/wd为/p推广/v普通话/n和/cc社会/n用字/n规范化/vd继续/v努力/an。/wj
两/m卷/q书/n册/q，/wd一/m部/q照耀/v寰宇/n，/wd一/m部/q晦涩/a无/v光/n；/wf一/m部/q洋溢/v着/uzhe自豪/a，/wd一/m部/q铭刻/v着/uzhe耻辱/n：/wm色彩/n迥异/z的/ude1历史/n几乎/d无/v时/ng不/d在/p撞击/v着/uzhe国人/n的/ude1心灵/n，/wd促使/v人们/n去/vf总结/v、/wn反思/vn。/wj
然而/c，/wd有些/rz人/n把/pba近代/t中国/ns积/v贫/ag积弱/v归咎/vi于/p中国/ns传统/n文化/n之/uzhi保守/an、/wn惰性/n，/wd却/d是/vshi极/d不/d恰当/a的/ude1。/wj
传统/n文化/n作为/v社会存在/nl的/ude1反映/vn，/wd作为/v依附/v在/p经济/n基础/n之上/f的/ude1意识形态/nl，/wd固然/c对/p社会/n现实/n有/vyou反作用力/n，/wd但/c毕竟/d是/vshi第二/m性/ng的/ude1，/wd在/p社会/n发展/vn的/ude1长河/n中/f，/wd不/d可能/v成为/v决定性/n的/ude1因素/n。/wj
认为/v近代/t中国/ns落后/a于/p西方/s文明/n皆/d系/v中国/ns传统/n文化/n之/uzhi故/ng的/ude1说法/n，/wd颠倒/v了/ule作为/v意识形态/nl的/ude1思想/n文化/n和/cc由/p生产力/n、/wn生产/vn方式/n所/usuo决定/v的/ude1经济基础/nl二者/rzv的/ude1关系/n，/wd走/v到/v了/ule“/wyz思想/n文化/n决定/v一切/rz”/wyy的/ude1极端/n，/wd这/rzv不/d是/vshi唯物史观/nl。/wj
最/d基本/a的/ude1历史/n事实/n告诉/v我们/rr：/wm思想/n文化/n从来/d不/d是/vshi游离/vn社会/n而/cc自行/d存在/v的/ude1，/wd也/d不/d可能/v脱离/v生产力/n发展/vn水平/n和/cc生产关系/nl状况/n而/cc自行/d发展/v或/c人/n为/p创造/v。/wj
一/m个/q国家/n、/wn民族/n的/ude1传统/n文化/n，/wd不/d是/vshi某/rz一/m历史/n阶段/n的/ude1特定/b产物/n，/wd不/d是/vshi暂时/b的/ude1社会/n现象/n，/wd而是/c一/m种/q绵绵不绝/al源远流长/vl的/ude1承传/nr2，/wd她/rr在/p漫长/a的/ude1岁月/n中/f被/pbei锤炼/v出来/vf，/wd并/cc在/p自己/rr的/ude1土地/n上/f扎根/v以后/f，/wd既/c有/vyou伴随/v社会/n发展/vn而/cc发展/vn的/ude1一面/n，/wd亦/d有/vyou超越/v历史/n时空/n相对/d稳定/a的/ude1一面/n；/wf虽/c有/vyou时势/n变迁/vn沧海桑田/vl，/wd其/rz基本/a精神/n、/wn体系/n及/cc特色/n都/d不/d可能/v像/p秋天/t的/ude1云/n一样/uyy说/v变/v就/d变/v，/wd否则/c就/d不/d能/v称为/v传统/n文化/n！/wt
在/p同样/b的/ude1文化/n背景/n下/f，/wd我们/rr虽/c有/vyou晚/tg清/tg之/uzhi败/vi，/wd但/c更/d多/a的/ude1是/vshi诸如/v大唐/nz盛世/n那样/rzv的/ude1灿烂/a辉煌/an。/wj
近代/t中国/ns的/ude1沦落/vn是/vshi低下/a的/ude1生产力/n、/wn落后/a的/ude1小农经济/n及/cc其他/rzv因素/n共同/b作用/n的/ude1结果/n，/wd其中/rz不/d排除/v与/p文化/n有关/vn，/wd但/c二者/rzv并非/v主要矛盾/nl。/wj
