一个/mq民族/n的/ude1觉醒/vn，/wd首先/d是/vshi文化/n的/ude1觉醒/vn。/wj
一/m个/q政党/n的/ude1力量/n，/wd很/d大程度/n上/f取决于/v文化/n的/ude1自觉/a。/wj
在/p我国/n进入/v全面/ad建设/v小康/n社会/n的/ude1关键/n时期/n，/wd在/p深化/v改革/vn开放/vn、/wn加快/v转变/vn经济/n发展/vn方式/n的/ude1攻坚/vn时期/n，/wd党/n的/ude1十七/m届/q六中全会/n以/p文化/n改革/vn发展/vn为/p主题/n，/wd吹/v响/v了/ule建设/vn社会主义/n文化/n强国/n的/ude1进军/v号/q。/wj
这/rzv是/vshi事关/v小康/n社会/n建设/vn新/a胜利/vn、/wn事/n关/v中国/ns特色/n社会主义/n事业/n新/a局面/n、/wn事/n关/nr1中华民族/n伟大/a复兴/vn的/ude1一/m次/qv重大/a抉择/vn，/wd是/vshi中国/ns文化/n发展史/n上/f一个/mq重要/a里程碑/n。/wj
全会/n通过/v的/ude1《/wkz中共中央/nt关于/p深化/v文化/n体制/n改革/vn、/wn推动/v社会主义/n文化/n大/a发展/vn大/a繁荣/a若干/m重大/a问题/n的/ude1决定/n》/wky，/wd所/usuo阐明/v的/ude1中国/ns特色/n社会主义/n文化/n发展/vn道路/n，/wd所/usuo确立/v的/ude1建设/vn社会主义/n文化/n强国/n的/ude1战略/n目标/n，/wd标志/v着/uzhe中国/ns共产党人/n对/p文化/n的/ude1认识/n达到/v一个/mq新/a高度/n，/wd中国/ns特色/n社会主义/n事业/n进入/v一个/mq新/a境界/n，/wd中华民族/n复兴/vn之/uzhi旅/ng驶入/v新/a的/ude1航程/n。/wj
文化/n是/vshi政党/n的/ude1精神/n旗帜/n。/wj
深化/v文化/n体制/n改革/vn的/ude1战略/n部署/vn，/wd建设/vn社会主义/n文化/n强国/n的/ude1奋斗/vn目标/n，/wd充分/ad体现/v了/ule我们/rr党/n对/p历史/n使命/n的/ude1深刻/ad把握/v、/wn对/p国内外/s形势/n的/ude1科学/n判断/vn、/wn对/p文化/n建设/vn的/ude1高度/d自觉/a。/wj
从/p国际/n看/v，/wd世界/n在/p大/a发展/vn大/a变革/vn大/a调整/vn，/wd思想/n在/p大/a交流/vn大/a交融/vn大/a交锋/vn，/wd谁/ry占据/v文化/n发展/vn制高点/n、/wn拥有/v强大/a文化/n软/a实力/n，/wd谁/ry就/d能/v在/p激烈/a的/ude1国际/n竞争/vn中/f赢得/v主动/an。/wj
从/p国内/s看/v，/wd重要/a战略/n期/qv与/p改革/vn攻坚/vn期/qv并存/vi，/wd小康/n关键/n期/qv与/p矛盾/an凸显/v期/qv同/p在/p，/wd文化/n作为/p民族/n凝聚力/n、/wn创造力/n的/ude1重要/a源泉/n、/wn综合国力/n竞争/vn的/ude1重要/a因素/n、/wn经济/n社会/n发展/vn的/ude1重要/a支撑/vn，/wd作用/n日益/d广泛/a，/wd影响/v愈加/d深刻/a。/wj
只有/c置于/v国际/n国内/s大/a背景/n下/f考察/v，/wd放眼/v党/n和/cc国家/n全局/n中/f认识/v，/wd才/d能/v深刻/ad认识/v到/v加快/v文化/n改革/vn发展/vn的/ude1重要性/n与/cc紧迫感/n，/wd准确/ad领会/v六中全会/n提出/v建设/vn文化/n强国/n的/ude1深远/a意义/n。/wj
以/p这/rzv次/qv全会/n的/ude1召开/v为/p标志/n，/wd我国/n文化/n改革/vn发展/vn进入/v了/ule一个/mq新/a的/ude1阶段/n。/wj
“/wyz坚持/v中国/ns特色/n社会主义/n文化/n发展/vn道路/n、/wn努力/an建设/vn社会主义/n文化/n强国/n”/wyy的/ude1战略/n思想/n，/wd到/v2020年/m文化/n改革/vn发展/vn的/ude1阶段/n目标/n，/wd为/p我们/rr描绘/v了/ule一/m幅/q文化/n大/a发展/vn大/a繁荣/a的/ude1宏伟/a蓝图/n。/wj
从/p指导/vn思想/n到/v重要/a方针/n，/wd从/p目标/n任务/n到/v政策/n举措/n，/wd全/d会/v作出/v的/ude1推进/vi新/a形势/n下/vf文化/n改革/vn发展/vn的/ude1一/m系列/q战略/n部署/vn，/wd理论/n上/f有/vyou新/a概括/vn，/wd政策/n上/f有/vyou新/a突破/vn，/wd举措/n上/f有/vyou新/a实招/n，/wd具有/v很/d强/a的/ude1政治性/n、/wn战略性/n、/wn指导性/n，/wd是/vshi当前/t和/cc今后/t一个/mq时期/n指导/vn我国/n文化/n发展/vn的/ude1纲领性/n文件/n，/wd必将/d深刻/ad影响/v中国/ns文化/n的/ude1未来/t。/wj
文化/n上/f的/ude1每/rz一个/mq进步/vn，/wd都/d是/vshi推动/v社会/n进步/vn的/ude1重要/a力量/n。/wj
如果/c说/v69年/m前/f的/ude1延安/ns文艺/n座谈会/n，/wd在/p“/wyz文化/n为/v什么/ry人/n服务/vn”/wyy这/rzv一/m重大/a立场/n上/f实现/v理论/n突破/vn，/wd那么/rz十七/m届/q六中全会/n，/wd则/c在/p文化/n改革/vn发展/vn“/wyz该/rz走/v什么/ry路/n”/wyy、/wn“/wyz朝着/p什么样/ryv的/ude1目标/n迈进/vi”/wyy的/ude1战略/n上/f指明/v了/ule方向/n，/wd既/c体现/v了/ule我们/rr党/n高度/n的/ude1文化/n自觉/a，/wd也/d呈现/v了/ule我们/rr党/n高度/n的/ude1文化/n自信/an。/wj
毫无疑问/dl，/wd这些/rz重大/a部署/vn和/cc重要/a成果/n，/wd将/d成为/v推动/v社会主义/n文化/n大/a发展/vn大/a繁荣/a的/ude1强大/a思想/n武器/n、/wn坚持/v和/cc发展/v中国/ns特色/n社会主义/n事业/n的/ude1强大/a精神/n力量/n。/wj
建设/vn社会主义/n文化/n强国/n、/wn实现/v中华/nz文化/n大/a发展/vn大/a繁荣/a的/ude1任务/n，/wd历史性/n地/ude2摆/v在/p了/ule全党/n全国/n面前/f。/wj
只/d有/vyou深刻/a领会/v六中全会/n精神/n，/wd认真/ad贯彻/v会议/n提出/v的/ude1重大/a部署/vn与/cc战略/n目标/n，/wd自觉/ad把/pba文化/n繁荣/an发展/vn作为/v发展/v这/rzv一/m“/wyz第一/m要务/n”/wyy的/ude1重要/a内容/n，/wd作为/p科学/n发展观/n的/ude1基本/a要求/n，/wd才/d能/v在/p新/a的/ude1历史/n起点/n上/f推动/v社会主义/n文化/n大/a发展/vn大/a繁荣/an，/wd夺取/v全面/ad建设/v小康/n社会/n新/a胜利/vn，/wd开创/v中国/ns特色/n社会主义/n事业/n新/a局面/n。/wj
沿着/p中国/ns特色/n社会主义/n文化/n发展/vn道路/n，/wd向着/p文化/n强国/n的/ude1奋斗/vn目标/n，/wd我们/rr坚信/v，/wd中华/nz文化/n的/ude1大/a发展/vn大/a繁荣/an必然/d促进/v中华民族/n的/ude1伟大/a复兴/vn。/wj
中国/ns正/d在/p新/a的/ude1历史/n起点/n上/f向/p着/uzhe新/a的/ude1奋斗/vn目标/n迈进/vi，/wd文化/n的/ude1作用/n更加/d广泛/a而/cc深刻/a。/wj
面对/v更加/d频繁/a的/ude1思想/n文化/n交流/vn交融/vn交锋/vn，/wd如何/ryv提升/v国家/n文化/n软/a实力/n，/wd维护/v好/a国家/n“/wyz文化/n版图/n”/wyy？/ww
面对/v思想/n观念/n的/ude1多样/m多/m元/q多变/z，/wd如何/ryv发挥/v文化/n引/v领/v作用/n，/wd打/v牢/a文化/n发展/vn的/ude1根基/n？/ww
面对/v行进/vi中/f的/ude1“/wyz三/m步/qv走/v”/wyy战略/n，/wd如何/ryv增强/v文化/n建设/vn能力/n，/wd进一步/d推动/v四/m位/q一体/n的/ude1协调/ad发展/v？/ww
面对/v社会主义/n初级/b阶段/n基本/a国情/n和/cc主要矛盾/nl，/wd如何/ryv释放/v文化/n生产力/n，/wd满足/v人民/n精神/n需求/n？/ww
只有/c按照/p全会/n的/ude1部署/vn，/wd更加/d自觉/a、/wn更加/d主动/a地/ude2推动/v文化/n改革/vn发展/vn，/wd才/d能/v回答/v好/a这些/rz问题/n，/wd这/rzv是/vshi建设/v中国/ns特色/n社会主义/n应有/v之/uzhi义/ng，/wd是/vshi推动/v我国/n经济/n社会/n发展/vn的/ude1必然/b要求/n。/wj
全面/ad贯彻/v落实/v这些/rz重大/a举措/n，/wd是/vshi建设/vn社会主义/n文化/n强国/n的/ude1坚实/a基础/n，/wd是/vshi全面/a建设/vn小康/n社会/n的/ude1重要/a保证/vn。/wj
只有/c在/p融入/v贯穿/v上/f下功夫/v，/wd推进/vi社会主义/n核心/n价值/n体系/n建设/vn，/wd才/d能/v巩固/v全党/n全国/n各族/rz人民/n团结/an奋斗/vi的/ude1共同/b思想/n道德/n基础/n；/wf只有/c在/p加强/v引导/v上/f下功夫/v，/wd推动/v文化/n产品/n创作/v繁荣/an发展/vn，/wd才/d能/v为/p人民/n提供/v更/d好/a更/d多/a的/ude1精神/n食粮/n；/wf只有/c在/p完善/v服务体系/n上/f下功夫/v，/wd大力/d发展/v公益性/n文化/n事业/n，/wd才/d能/v保障/vn人民/n基本/a文化/n权益/n；/wf只有/c在/p做/v大/a做/v强/ng上/f下功夫/v，/wd加快/v发展/vn文化/n产业/n，/wd才/d能/v推动/v文化/n产业/n成为/v国民经济/n支柱/n性/ng产业/n；/wf只有/c在/p创新/vn体制/n机制/n上/f下功夫/v，/wd进一步/d深化/v文化/n领域/n改革/vn开放/vn，/wd才/d能/v为/p文化/n繁荣/an发展/vn提供/v强大/a动力/n；/wf只有/c在/p优化/v结构/n、/wn提升/v素质/n上/f下功夫/v，/wd建设/v宏大/a文化/n人才/n队伍/n，/wd才/d能/v为/p文化/n大/a发展/vn大/a繁荣/an提供/v有力/a人才/n支撑/vn。/wj
