N07 男 84 小学 街道 干部 回 ENT08N05 开始 一 天 的 生活 啊 ， 每天 哪 ， 早 起 五点 钟 起床 。
梳洗 完 了 呢 ， 就 出去 了 。
每天 上 哪儿 ？
宣武 公园 。
到 宣武 公园 儿 里头 啊 ， 我 买 了 个 月 票 ， 宣武 公园 。
哎 ， 每天 去 。
这 月票 啊 ， 一一 块 钱 。
每月 一 块 。
一 天 哪 ， 我 去 两 次 。
这 嘿 笑 ， 每天 去 两 次 。
早起 呀 ， 到 那儿 去 呀 就 是 。
这个 宣武 公园 儿 里头 净 是 练 哪 。
男 的 女 的 都 是 ， 净 是 练 的 ， 活动 身体 的 。
我 呀 ， 也 不 跟 他们 活动 。
我 单独 地 啊 ， 也 是 。
瞎 活动 活动 。
哎 。
对于 四肢 是 反正 是 都 活动 活动 吧 反正 有 好处 。
再 活动 完 了 呢 ， 就 出 这个 花园 儿 的 北 门 儿 ， 奔 国 华 商场 那边 儿 。
国 华 商场 那边 儿 是 干 什么 去 ？
那边 儿 有 一 自由市场 ， 卖 菜 的 什么 的 ， 哎 。
我 每天 回来 ， 在 自由市场 那儿 呵 儿 ， 绕 一 弯 儿 ， 带 点儿 菜 ， 回家 来 。
到 家 了 呢 ， 我们 这 老伴儿 呀 ， 看 不 见 ， 双目 失明 。
我 回来 ， 买 到 菜 回来 ， 做 个 什么 ， 洗 ， 做 。
整个 儿 这 一 天 的 生活 ， 嘿 。
整个 儿 的 ， 我 担负 着 3 。
做 完 了 饭 呢 ， 也 ， 我们 俩 吃 完 饭 呢 以后 啊 ， 哎 ， 中午 就 是 ， 她 就 休息 了 。
她 休息 我 怎么样 ？
我 中午 还 出去 ， 还是 活动 去 。
哎 ， 活动 完 喽 ， 回来 ， 该 做 晚饭 啦 ， 啊 。
做 完 晚饭 就 没什么 事儿 了 就 是 。
看看 哪 ， 街坊 有 那 个 电视 ， 看看 电视 。
嗯 ， 时间 也 长 不 了 。
因为 什么 哪 ， 那 精力 就 就 就 什么 了 就 ， 啊 ， 盯 不 住 了 。
反 儿 盯 这个 最 迟 啊 ， 盯 这个 ， 九点 到 十点 ， 就 睡觉 了 。
睡觉 以后 哇 ， 就是 哎 ， 这 一 觉 儿 啊 这 一 觉 儿 就 是 ， 四点 多 钟 五点 钟 ， 就 醒 了 。
每 一 天 的 生活 呀 ， 就 这样 儿 ， 嗯 。
偶尔 地 我 呀 ， 也 是 哎 反 儿 哎 自己 感觉 吧 岁数 儿 大 了 就 是 ， 能够 ， 有 机会 能够 外头 啊 ， 娱 ， 咳 ， 玩儿 会儿 ， 是 啊 ， 心里 痛快 痛快 ， 哎 。
前天 哪 ， 我 就 上 中和 戏院 ， 买 张 京剧 票 。
哎 “ 四郎探母 ” ， 哎 哎 ， 听 着 还 挺 好 ， 老 戏 ， 。
我 我 到 那个 ， 到 戏馆子 ， 我 感 ， 我 到 那儿 看 了 看 哪 ， 感觉 ， 听 这 京剧 的 呀 ， 净 是 老人 。
因为 年轻 的 他 不 不 好看 这 京剧 。
年轻 的 就 好 看看 什么 呀 ， 跳舞 的 了 什么 的 ， 净 这 这 事儿 。
嗯 ， 哎 这 京剧 我 看 着 ， 挺 好 ， 嗯 。
拿 这 一 天 的 生活 ， 哎 ， 看 完 了 京剧 回来 ， 回来 呀 ， 家里 这 ， 我们 老伴儿 瞧 说 ， 好 ， 都 十二点 了 ， 你 才 回来 ， 怎么办 呢 ？
我 说 干脆 咱们 吃 芝麻酱 面 得 了 ， 又 省事 ， 和 芝麻酱 ， 哎 ， 沏 点儿 酱油 皮子 。
我们 俩 正 吃 ， 正 吃 着 呢 ， 啊 ， 我们 二 儿子 来 了 。
我们 那 二 儿子 呀 ， 他 的 老伴儿 死 啦 ， 死 二年 啦 。
新近 哪 ， 哎 ， 结婚 了 。
带 着 这个 ， 带 他 这个 ， 爱人 儿 来 了 ， 嗯 。
到 家 看 了 看 ， 哎 。
我 瞧 还 挺 好 ， 嗯 。
这 位 女 这 位 女 同志 姓 薛 ， 啊 ， 姓 薛 。
这 这个 人 我 看 着 挺 正派 ， 挺 大方 ， 还是 。
还 不 像 一般 的 这个 ， 家庭妇女 啊 那么 那么 什么 ， 嗯 ， 小 挺 小气 的 。
这 挺 好 ， 这 人 ， 嗯 。
在 这儿 ， 我 给 她 买 了 一 瓶 儿 什么 ， 桔 汁 儿 ， 哈 ， 沏 点儿 桔 汁 儿 吧 ， 哎 。
喝 完 了 ， 后 首 儿 给 他们 送 走 了 ， 哎 。
我 看 ， 我 瞧 着 哎 ， 挺 高兴 ， 挺 高兴 。
我 这个 大 小子 呀 ， 在 东郊 住 ， 远 。
快 六十 了 ， 五十九 。
那 大姑娘 啊 ， 在 月坛 ， 有 有 一个 老 姑娘 在 樱 桃园 儿 。
经常 这 老姑娘 啊 ， 偶尔 地 ， 净 来 。
来到 家 来 ， 看看 。
现在 我们 就 老 俩 ， 一八十三 ， 一八十四 。
市场 啊 ， 现在 市场 ， 我 感觉 着 ， 很 活跃 ， 市场 很 活跃 。
市面 儿 啊 ， 也 比 过去 ， 我 感觉 着 好 得 多 。
主要 的 原因 什么 就 是 ， 生活 都 提高 了 。
提高 的 原因 就 是 什么 呀 ？
就 是 过去 呀 有 很多 的 种种 的 限制 ， 现在 没有 限制 啦 。
您 拿 这个 自由市场 ， 啊 ， 做 各种 的 生意 的 ， 都 有 了 。
过去 受 限制 很 大 ， 这儿 不许 摆 ， 那儿 不许 设立 什么 的 。
现在 随便 儿 ， 自 一 不 影响 交通 ， 你 随便 儿 摆 。
各种 的 买卖 ， 都 多 了 。
啧 ， 我 个人 感觉 着 哎 ， 是 市 市面 儿 这 活跃 得 多 。
人民 的 生活 ， 也 都 都 好 啦 。
我 的 个 我 的 生活 呀 ， 我们 这 老 俩 是 一百 块 钱 ， 一百 块 钱 。
我 每月 就 是 哎 ， 一一 不 存 钱 ， 每月 光 。
每月 到 这 月底 哎 ， 这 一百 块 钱 哪 花 得 也 就 剩 个 几 块 了 。
嗯 ， 过 了 这 几 天 哪 ， 过 了 两三 天 哪 ， 哎 ， 单位 又 发 工资 来 ， 又 接 上 了 笑 。
就 这 事儿 ， 挺 好 ， 啊 ， 一点儿 顾虑 没有 ， 嗯 。
我 的 思想 也 没有 什么 现在 什么 ， 咝 ， 攒 点儿 钱 吧 ， 置 点儿 产业 吧 什么 的 ， 我 也 ， 我 也 没 那 种 思想 ， 我 也 不 置 。
