因为 领导 让 去 的 呀 ， 结果 导致 两 个 孩子 犯 错误 ， 那 就 是 个 因素 ， 通过 谈话 感觉 到 了 。
所以 我 觉得 应当 在 这个 咝 ， 教育 上 ， 应当 是 ， 什么样 儿 的 指导 方针 啊 。
那些 东西 适合 哪些 人 看 ， 啊 ； 怎么 带 批判性 的 应该 谁 看 ， 啊 。
就 是 ， 这样 的 话 就 能够 分清 这 好坏 ， 啊 。
这样 儿 的 话 就 不 使 这 小 孩儿 容易 接受 ， 对 他们 是 有 好处 的 。
咝 ， 现在 呢 ， 我 觉得 不 是 这样 儿 ， 这个 恐怕 在 全国 ， 在 北京市 各 中小学 ， 都 有 类似 现象 。
从 教员 上 都 有 这种 意见 ， 啊 ， 当前 吧 ， 有 很多 录像 问题 ， 啊 。
就 是 录像 吧 ， 通过 像 ， 咝 ， 北京 总院 ， 园 恩 寺 影剧院 ， 很多 剧院 我 都 去 看 了 。
放 了 很多 录像 ， 这个 录像 是 公开 卖 票 的 ， 啊 。
不 能 登报 ， 但是 可以 公开 演 ， 可以 公开 就 是 登 这 宣传 广告 。
这样 儿 的 话 你 就 允许 人 看 了 小 孩儿 就要 看 ， 哈 。
这个 大 人 管 孩子 是 有 一定 限度 的 。
他 上班 了 ， 也 不 能 老 看 者 孩子 呀 ， 对 不 对 ？
结果 孩子 看 了 以后 呢 ， 我 觉得 ， 有 ， 是 有 副作用 的 。
咝 ， 到底 是 好坏 ， 我 也 就 看 了 看 ， 看 了 几 部 录像 。
我 觉得 不 是 很 好 的 。
嗯 ， 不 如 把 它 控制 一下 儿 ， 在 哪 一定 的 范围 内 ， 去 来 ， 让 它 宣传 。
可是 现在 有 一个 什么 问题 呀 ， 有 一个 就 是 ， 就 是 钱 的 问题 。
有些 单位 为了 赚钱 ， 知道 嘛 ， 他 就 不 顾 这些 东西 了 ， 啊 。
我 觉得 这些 东西 应当 看到 这个 钱 ， 那个 利 和 弊 的 问题 ， 哈 。
你 光 看到 这个 钱 了 ， 收入 进来 了 ， 啊 。
把 你 就 是 原来 买 这个 录像机 的 钱 赚 回来 了 ， 可是 你 耽误 了 多少 小 孩儿 的 这个 进步 ， 啊 。
这个 不 能 不 承认 。
可是 这个 问题 呀 ， 又 不 是 一下 儿 能 解决 的 ， 啊 。
从 我们 来说 吧 ， 你 只能 是 ， 啧 ， 和 领导 说 说 ， 多 教育 小 孩儿 ， 和 老师 说 说 。
老师 也 表示 无能为力 。
就 跟 我们 说 ， 你 别 看 ， 千 万 别 让 孩子 看 ， 可 是 这个 孩子 毕竟 他 是 腿 在 他 身上 长 着 呢 ， 你 不 能 把 他 拴 上 啊 对 不 对 ？
所以 这样 儿 的话 ， 结果 孩子 他 还 是 去 ， 啊 。
而且 呢 ， 由于 他 看 的 东西 太 多 了 ， 中 的 可以 说 ， 因素 太 大 了 ， 相反 他 倒 觉得 家长 和 老师 说 的 是 错误 的 了 ， 啊 。
所以 这 东西 ， 它 怎么 扭转 这 空气 呢 ， 希望 教育界 好好儿 考虑 考虑 。
我 觉得 这个 一 代 接班人 哪 ， 是 我们 国家 的 这个 ， 也 是 根本 大事 ， 哈 ， 他 的 走 什么 路 的 问题 是 个 大 事儿 。
说 这 是 我 的 一个 看法 。
在 孩子 教育 上 呢 ， 我 只 是 严格 地 管理 ， 啊 。
在 经济 上 控制 他 ， 不 让 他 看 ， 啊 ， 少 给 钱 ， 可是 又 有 一个 不利 之 处 啊 ， 他 会 跟 别人 儿 借 呀 ， 对 不 对 ？
借 了 以后 你 再 还 哪 ， 又 是 个 麻烦 ， 啊 。
说 相反 倒是 还 造 了 造成 很多 这个 ， 啧 ， 很多 很 麻烦 是 哇 。
所以 我 想 呢 ， 就 是 怎么 办 呢 ？
尽量 儿 从 思想 上 教育 ， 也 别 控制 他 。
你 控制 到 时候 儿 也 是 起 副作用 ， 啊 。
所以 结果 现在 就 是 我 觉得 通过 管 了 一 段 呢 ， 孩子 功课 ， 又 恢复 了 以前 的 状况 ， 能够 上去 了 。
但是 周围 的 环境 ， 还是 没 变 。
这样 儿 下去 ， 我 觉得 ， 不 是 一个 孩子 的 问题 ， 啊 ， 我们 一个 新 一代 的 问题 。
希望 是 从 这个 教育 局 ， 教育 方面 儿 啊 ， 好好儿 抓 一 抓 这个 问题 。
恐怕 这 是 每 一个 家长 的 心里话 。
嗯 ， 再 来 就 是 这个 情况 啊 ， 小孩子 嘛 ， 反正 需要 教育 ， 我 感觉 还 行 。
因为 咱们 子女 都 少 ， 是 啊 ， 特别 是 ， 尤其 是 在 部队 工作 的 吧 ， 一般 ， 孩子 也 也 也 不 能 多 生 ， 工作条件 不 允许 。
现在 呢 ， 就 许 只 生 一 个 ， 你 说 你 再 ， 不 给 他 抓紧 ， 再 犯 个 错误 ， 真是 进去 以后 ， 这 大 人 说 实在 ， 从 精神 上 伍 的 ， 都 都 都 受到 这个 严重 的 打击 ， 他 以后 就 没法儿 再 工作 了 ， 啊 。
如果 都 这样 儿 话 怎么办 呢 ？
我们 社会主义 的 事业 谁 干 呢 ？
对 不 对 ？
所以 这 东西 还 应该 是 ， 咝 ， 精神 是 主要 作用 啊 。
精神 不 愉 则 愚 ， 啊 ， 哈 ， 血脉 不 运 则 病 ， 啊 。
精神 上 不 愉快 人 就 愚 ， 愚笨 了 ， 愚笨 以后 你 什么 东西 你 也 干 不好 。
这样 儿 话 就 不 利于 我们 的 事业 ， 不 利于 我们 的 工作 ， 不 利于 建设 四化 。
就 这么 个 情况 。
后来 我 想 呢 ， 这个 事儿 ， 经历 倒 是 挺 多 的 ， 因为 年纪 四十七 了 ， 经历 比较 多 ， 是 啊 。
哦 ， 经过 了 ， 你 瞧 解放 以来 吧 ， 经历 了 很多 运动 。
哦 ， 土改 ， 哦 ， 三 反 五 反 ， 五七年 反右 ， 哦 ， 四 清 ， 文化大革命 ， 啊 。
一直 到 当前 ， 啊 ， 哈 ， 运动 比较 多 ， 而且 自己 吧 ， 就是 在 运动 当中 呢 ， 也 都 是 一 员 干将 。
一些 ， 很多 东西 对 我 还是 感触 很 大 ， 啊 。
哦 ， 觉得 好像 应当 怎么 这个 ， 这个 路 应当 怎么 走 ， 啊 ， 怎么 看 清 这个 ， 这个 这个 方向 ， 啊 ， 是 个 大 问题 ， 啊 。
所以 我 觉得 这 运动 啊 ， 特别 是 对 我 感触 最 大 的 是 文化大革命 ， 啊 。
