有时候 儿 ， 就是 活儿 不 太 多 呢 就 回 来得 早 一些 个 。
嗯 ， 就 那个 什么 ， 参加 娱乐 活动 玩儿 一 玩儿 ， 看看 电影 儿 录 相 什么 的 ， 跳 跳舞 。
有时候 儿 还 ， 晚上 天气 热 ， 有时候 儿 晚上 回来 之后 ， 就 ， 在 路灯 下 玩儿 玩儿 牌 呀 ， 打 打 扑克 儿 。
交通 反正 ， 上 个 礼拜三 ， 我 去 上 动物园 儿 那边 儿 ， 嗯 ， 北 洼 路 去 一 次 ， 这 坐 车 人 反正 是 比较 多 。
一 来 有时候 儿 就 来 一 大 ， 一 大 溜 这 十九 路 车 。
有时候 儿 排 半天 队 ， 人 特别 多 ， 完 了 以后 ， 一 等等 半 个 小时 ， 就 没有 ， 没有 车 。
到 了 那边 儿 ， 倒车 的 时候 儿 呢 ， 人 也 特别 拥挤 ， 且 等 呢 ！
一 等 ， 什么 倒 ， 倒 那个 三百三十四 路 ， 我们 跟 那儿 等 车 就 等 了 那个 什么 ， 二十 多 分钟 。
我 觉着 ， 我们 现在 ， 我们 这 院 儿 里头 有些 个 挺 ， 那 那个 什么 。
有 的 那个 回来 之后 吧 ， 家里 头 的 事儿 也 挺 多 的 ， 对于 孩子 这 方面 儿 教育 挺 差 的 。
所以 对 孩子 影响 也 很 那 什么 。
一 天 净 说三道四 的 呀 ， 东 家 串 西 家 串 的 呀 ， 这些 事儿 也 挺 那 什么 。
嗯 ， 尤其 是 跟 那个 街坊 互相 之间 吵架 。
因为 一点儿 小 事儿 ， 互相 之间 就 骂 起来 了 。
还有 的 …
…
交通 呢 ， 这 方面 儿 哈 。
交通 呢 ， 在 这 方面 儿 ， 我们 一般 的 都 是 走 着 上班 ， 嗯 ， 解 这儿 到 牛街 。
坐 车 的 时间 很 少 。
所以 有时候 儿 就 赶上 挺 多 的 ， 一 溜 ， 有时候 儿 呢 就 没有 车 。
反正 是 在 车站 上 等 着 是 挺 拥挤 的 ， 人 。
等 车 挺 ， 挺 急 的 ， 有的 时候 儿 也 也 磨 烦 。
您 瞧 ， 嗯 ， 时间 全都 浪费 在 路 儿 上 了 。
一 等 车 ， 等 多 长 多 长时间 。
有时候 儿 赶 顺 了 吧 ， 时间 还 好 一点儿 。
越 着急 等 着 上班 ， 越 车 也 不 来 ， 挺起 急 的 。
H01 男 73 小学 工人 满 AJH01 住房 ， 我们 这 是 在 旗 的 呀 ， 是 ， 就 是 三 间 房 。
不管 多少 口 儿 人 ， 一 间 ， 两 间 ， 三 间 房 ， 这 是 公房 ， 就是 那 是 八旗 嘛 ， 是 哇 。
嗯 ， 嗯 我们 是 蓝 旗 ， 有 个 厢 蓝 ， 是 哇 。
厢 红 ， 正 红 ， 厢 白 ， 正 白 ， 嗯 ， 还有 一个 正 红 ， 还有 一个 厢 红旗 就 在 就 在 那个 ， 万 寿山 后头 那儿 。
那边 儿 是 红旗 。
我们 这 厢 ， 厢 蓝 旗 呢 ， 在 蓝靛 厂 的 那边 儿 拉 ， 那边 儿 拉 ， 是 这么 个 事儿 。
我们 是 蓝 旗 ， 就 在 这 此地 。
啊 ， 这 房 啊 ， 就 是 三 间 ， 一 条 脊 ， 这 都 这 都 房子 都 改 了 。
从前 ， 都 是 ， 都 是 一 巷子 一 巷子 的 ， 再不 价 都 是 一 亩 三分 地 ， 这 叫 。
有 个 后院 儿 ， 一直 到 门口 儿 。
那 是 一 亩 三分 地 ， 都 是 ， 尺寸 都 是 一样 的 。
就 这么 个 情况 。
房钱 不 给 ， 哎 ， 不 给 房钱 。
我们 也 吃 俸 ， 那 叫 吃 俸 ， 就 是 拿 钱 粮 。
嗯 ， 大 口 小 口 是 每人 一 斗 米 ， 五十 斤 ， 嗯 。
我 嘛 ， 生活 方面 儿 呢 ， 这 房子 情况 儿 就是 这样 儿 ， 是 公房 ， 就是 阴阳 瓦 的 公房 ， 是 哇 ， 漏 了 ， 坏 了 有 人 修 ， 就 是 国家 的 ， 不 是 国家 的 ， 那 就 是 万 寿山 恐怕 有 个 过去 有 个 ， 也 有 个 管 这 玩艺 儿 的 ， 房子 ， 哎 ， 是 这样 儿 。
房 就 是 这么 个 情况 ， 啊 ， 就 是 三 间 房 ， 啊 。
阴阳 瓦 ， 三 间 房 ， 现在 不 ， 现在 不 是 啦 ， 现在 这 房子 早就 坍塌 早 坏 了 ， 它 ， 怎么 没 有 了 ， 就 。
这 半 间 ， 这 半 间 。
他们 住 那 一 间 半 。
他 住 那 半 间 儿 ， 他 住 那 半 间 ， 这 是 三 间 房子 二 劈 ， 这 是 。
我 住 的 前边 儿 ， 他 住 的 后 半 间 儿 。
是 吧 ， 我 这 不 这 一 间 吗 ?
那边 儿 拉 也 是 一 间 给 劈 开 了 ， 我 住 这边 儿 了 ， 他 住 那 后 半 拉 ， 他 住 一 间 半 。
这 是 三 间 房子 。
这 是 房管 局 的 房子 。
那边 儿 姓 焦 家 ， 那边 儿 拉 他 不 是 此地 人 ， 他 是 外县 人 。
现在 人口 儿少 了 ， 现在 就 我们 老 两口儿 了 。
都 是 有 工作 的 了 。
嗯 ， 有 结婚 的 了 。
姑娘 结婚 了 。
儿 儿子 吗 ， 有 宿舍 了 。
就 我们 老 两口儿 了 ， 现在 就 。
给 我们 小姑 娘儿 看 小 孩儿 呢 ， 在 清华园 儿 那儿 呢 。
身体 呀 ， 身体 都 差不多 。
我们 这 一般 的 岁数 儿 呀 ， 要 我 父亲 死 的 时候 儿 就 是 八十四 。
我 母亲 死 的 是 八十一 。
那 是 ， 我 姐姐 死 的 也 是 八十 ， 也 就 八十 的 边 儿 上 吧 。
我 二 姐 也 是 七十八 死 的 。
到 我 这儿 呢 ， 刚 七十三 ， 看 起来 就 不行 了 ， 跟不上 那 时候 儿 了 ， 不行 了 。
嗯 情况 ， 生活 情况 儿 就 是 这么 个 情况 儿 。
我们 这儿 呀 ， 拿 我 这儿 哈 儿 呀 ， 好 喝 点儿 酒 ， 好 抽 点儿 烟 ， 哎 ， 就 这 提 这 点儿 精神 呢 ！
这 是 人所共知 的 事儿 啊 。
这 生活 情况 儿 吗 ， 是 吧 ， 哎 也 就 这 支持 。
反正 家庭 生活 负担 那 是 没有 。
没有 负担 了 。
我 有 退休费 ， 啊 ， 老伴儿 是 家庭妇女 ， 有 孩子 们 养 ， 供养 着 。
我们 老伴儿 身体 挺 好 ， 她 ， 她 比 我 ， 她 比 我 小 ， 小 一点儿 。
