她 今年 七十一 。
她 身体 好 ， 身体 棒 ， 比 我 棒 ， 吃 得 也 比 我 多 。
她 要 吃 一 ， 吃 一 ， 吃 一 顿 儿 ， 我 得 吃 两 天 。
…
…
她 身体 情况 是 这样 儿 。
姑娘 啊 也 不错 。
这 俩 姑娘 都 不错 ， 身体 都 挺 好 。
我们 那 小姑 娘儿 呢 ， 身体 也 ， 也 可以 倒是 ， 今年 也 快 三十 了 。
她 在 钢 院 教学 ， 当 老师 ， 啊 ， 也 ， 身体 也 挺 好 。
我们 这 孩子 也 是 在 ， 在 这个 二轻 局 开车 ， 那 也 ， 身体 也 挺 好 ， 跟 我 这 个儿 似的 也 。
他 身体 也 不错 。
他 ， 我们 这 ， 这 儿子 呢 ， 在 二轻 局 ， 在 永 定 门外 头 。
那儿 ， 那儿 有 宿舍 。
他们 那儿 给 了 ， 给 了 宿舍 了 。
啊 ， 这个 负担 没有 了 。
我们 这 大姑娘 啊 ， 是 在 北影 。
我们 这 姑爷 是 拍 电影 儿 的 ， 拍片子 的 。
哎 ， 那儿 ， 那儿 有 宿舍 了 。
我们 这 小姑娘 儿 ， 在 清河 ， 红旗 大院 儿 ， 那儿 给 了 宿舍 了 ， 情 ， 这 是 情 ， 宿舍 的 情况 儿 就是 这样 儿 。
有时候 儿 他们 常 来 常 往 ， 到 我 这儿 来 ， 哎 ， 哎 ， 可以 来 一 趟 。
他们 住 一 间 ， 都 是 一 间 的 多 。
我们 这 大姑娘 住 一 间 半 。
我 那 儿子 带 俩 ， 带 俩 孩子 啊 ， 他们 住 一 间 。
他们 ， 也 就 这么 大 一 间 吧 ， 也 就 这么 大 一 间 。
嗯 ， 也 比较 紧张 点儿 。
哦 ， 那个 ， 我们 这儿 很 简单 。
嗯 ， 什么 三 转 儿 六 转 儿 啦 ， 什么 大 吃 八 喝 ， 没有 。
我 儿子 结婚 ， 哎 ， 就 买 了 点儿 糖 ， 买 点儿 烟 ， 连 酒 都 没有 。
就 这 结婚 了 十几 年 了 ， 也 是 。
是 哇 ， 孩子 都 上 中学 了 ， 是 吧 。
那 …
…
还 笑话 我 呢 。
她 说 这 老头子 ， 就 这么 一 儿子 ， 你 不 办 办 。
我 说 办 办 咱 也 没 人 那么 多 亲 ， 亲 的 后 的 ， 咱们 也 不 走 这 玩艺 儿 ， 这 不 好 。
也 在 ， 一来 浪费 ， 咱们 经济条件 儿 也 不 怎么 ， 不 怎么 充足 ， 是 不 是 啊 I 说 买 点儿 糖 ， 对 不 对 ?
喝 点儿 水 ， 这 反正 …
…
解决问题 了 。
我们 那 大姑娘 也 是 这样 儿 。
我 连 一个 箱子 都 没 给 ， 都 没 给 。
哎 ， 就 介绍人 ， 跟 这儿 吃 了 顿 饭 ， 哎 ， 就 把 姑 ， 人 ， 人家 也 没 来 接 ， 我 也 不 让 人 接 。
别 弄 来 个 车 接 ， 这 讨厌 ， 我 也 最 讨厌 那 玩艺 儿 了 ， 是 哇 。
干 嘛 呀 ?
这 是 名 不 其实 。
这 他 妈 跟着 让 人 瞅 着 ， 嗬 ， 他们 家 怎么 怎么 回 事儿 这个 。
哎 ， 介绍 人家 带 着 这 ， 坐 公共汽车 就 给 送 去 了 ， 二 姑娘 呢 ， 倒是 也 是 ， 哎 ， 办 了 两 ， 两 桌 。
因为 什么 ?
她 同学 太 ， 老师 太 多 了 ， 四十 多 个 老师 都 来 了 ， 也 是 没有 吃 ， 没有 吃 。
也 是 买 点儿 糖 ， 买 点儿 烟 哪 ， 沏 点儿 茶 呀 ， 这 摆摆 ， 大家 ， 哎 ， 热闹 热闹 ， 就 解决 了 。
就 这么 个 情况 ， 没有 花钱 。
看法 儿 ， 啧 ， 也 有 点儿 太 悬殊 了 ， 有的是 。
看 有 没 有 的 问题 了 。
我 这儿 ， 刚才 我 介绍 那 情况 儿 。
孩子 ， 我 就 跟 您 说 ， 明儿 结婚 ， 我 就 ， 过去 我 就 有 这么 看法 儿 ； 你 有 多少 钱 ， 也 不行 。
因为 还 完 帐 ， 明儿 还 过 ， 过 生活 呢 ， 是 不 是 ?
不 是 说 借 三百五百 ， 明儿 还 人家 就 还 人家 ， 净 顾 这 ， 这个 脸 呢 ， 好看 了 。
不行 。
对 不 对 ?
我 一 说 ， 头 ， 头 一 个 儿子 结婚 我 说 ， 你 呀 ， 甭 给 我 钱 。
你 挣 四 ， 五 ， 五十 来 块 钱 ， 你 甭 给 我 花 ， 一分 钱 我 都 不 要 。
咱们 家里 ， 你 回家 吃 饭 来 ， 吃 ， 赶上 什么 就 吃 什么 。
你 这 钱 你 攒 着 。
结婚 时候 儿 你 别 跟 我 ， “ 爸爸 ， 管 我 拿 二百 。
” 我 这儿 可 没有 ， 一分 钱 都 没有 ， 我 是 这么 说 。
我们 大姑娘 ， 我 也 这么 说 的 。
她 在 农场 那边 儿 ， 那儿 工作 ， 那 几 年 ， 攒 了 十 ， 攒 了 几 百 ， 啊 。
我 说 ： “ 你 呀 ， 有 什么 就 穿 。
买 皮鞋 也好 ， 你 买 什么 也 好 ， 我 不 管 ， 对 不 对 ?
你 安排 * * * 我 这儿 裤衩 儿 钱 都 没有 。
” 我 就 ， 就 这么 ， 我 就 那么 说 。
我们 那 小姑娘 儿 ， 我 也 这么 说 她 ， 对 不 对 啊 。
她 参 工 ， 参加 工作 也 不少 年 了 。
我 说 你 攒 着 钱 ， 对 不对 。
应用 的 个 个儿 买 ， 对 不对 ， 还 是 这 样子 。
是 你 的 东西 ， 明儿 你 结婚 往 后 ， 啊 ， 完 了 ， 我 嚷嚷 什么 呢 ?
我 这儿 要 什么 ， 有 ， 有 ， 有 房子 住 ， 有 床 睡 就 行 了 吧 ， 是 不 是 ?
在 生活 上 头 没 问题 了 吧 ， 是 不 是 ?
我 就 这么样 儿 考虑 。
要 按 人家 一般 地 咱们 考虑 的 不 是 这样 儿 。
就是说 咱们 还是 没有 钱 。
人 有 的 结婚 ， 摆 个 十 几 桌 ， 二十 桌 ， 这 不 要 钱 哪 ?
净 顾 了 收 人家 暖壶 了 。
明儿 人家 结婚 呢 ， 还 得 给 ， 啊 ， 还 得 给 ， 还 得 给 ， 还 得 * * 给 人 拿 回去 。
礼 嘛 ， 是 不 是 啊 ?
不 能 说 人 结婚 你 捂 着 耳朵 捂 着 眼 没 看见 没 听见 ， 那 就 不 对 了 ， 不好 了 ， 是 不 是 ?
