那 阵 儿 多少 钱 啁 ， 五百 块 钱 吧 换 一 块 钱 。
看 那 家伙 ！
横 我 带 了 一 共 是 二百 块 钱 吧 ， 我 记得 。
完 了 ！
就 吃 这 亏 了 。
住 旅馆 ， 我 顺 打 春 ， 到 汉口 奔 这个 ， 什么 这个 京汉路 啊 ， 坐 京 汉 路 到 北京 来 ， 结果 到 花园 儿 那儿 就 走 ， 这 车 呀 ， 不 通 了 。
就 这 共产党 跟 那个 ， 那个 ， 那个 ， 那 叫 樊城 吧 ， 花园 儿 ， 那 一带 ， 嗬 ， 桥 炸 了 ， 也 不 成 了 ， 把 我 跋 在 那儿 了 。
怎么办 ?
回 也 回 不 来 。
走 ， 往 那么 走走 不 了 。
这 那儿 有 旅馆 住 旅馆 吧 ， 好 ， 晚上 他 妈 查 旅馆 。
你 瞧 这 倒霉 劲儿 ， 我 告诉 你 。
我 带 着 那么 一 个 柳条 儿 包 ， 行李 ， 带 ， 等 ， 带 着 不少 钱 ， 查 旅馆 ， 一 检查 ， 好 ， 现洋 犯 了 法 了 。
他 说 我 是 八路军 探子 ， 好 ， 好 ， 好家伙 !
挨 一 通 儿 打 还 不 说 ， 把 我 弄 走 了 。
蹲 了 一 夜 ， 一 天 一 夜 ， 让 我 当兵 。
他 就 问 我 ， 合 着 给 我 出 主意 ， 问 你 当兵 不当 。
哎哟 ， 我 的 妈 呀 ！
我 说 他妈的 ， 当兵 不当 ， 我 要 不 当 呢 ， 我 心里 说 ， 考虑 问题 呀 ， 不 听 枪毙 !
你 八路军 探子 。
跟 你 这儿 老 说 这个 。
当兵 吧 !
当兵 吧 !
就 是 啊 ， 我 冬天 哪 ， 我 连 给 我 一 双 袜子 ， 连 一 双 袜子 都 没 给 。
全 认 了 - ， 全 吹 了 。
就 跟 这 ， 这么 一 转 ， 转 了 横 有 二年 多 ， 这 是 四六年 的 事儿 了 。
四五年 歹 四六年 ， 四五年 末 ， 可能 是 ， 四五年 四五年 末 。
什么 襄阳 ， 樊城 啊 ， 什么 蔡 县 哪 ， 信阳 呀 ， 驻马店 哪 ， 南阳 啊 ， 这么 转 哪 ， 也 一 ， 我 也 净 想 开小差 儿 跑 ， 跑 不 了 啊 ！
怎么 跑 啊 ?
你 说穿 这 军衣 ， 他 妈 就 混 ， 兵荒马乱 的 ， 逮 着 就 枪毙 了 ！
那 逮 着 就 枪毙 呀 那 玩艺 儿 。
这 是 真 的 ， 逮 着 就 枪毙 ！
哦 呀 ， 嗬 ， 好家伙 ， 跑 ， 晚上 走 ， 你 东南 西北 都 不 知道 ， 往 哪儿 跑 ， 穿着 身 儿 破 军衣 ， 往 哪儿 跑 啊 你 ?
是 吧 ， 没 地 儿 跑 啊 ， 一 瞅 着 你 就 不 灵 啊 ！
哎 ， 就 ， 到 哪儿 了 ?
到 安徽 了 。
淮海战役 呀 那 是 四八年 了 吧 ?
是 四八年 ， 淮海战役 。
好 ， 逮捕 了 ， 被 围 了 ， 被 围 了 。
没有 吃 ， 四十 多 天 都 没有 饭 吃 ， 连 水 都 没有 。
结果 我 带 着 几 个 人 哪 ， 一块儿 私奔 去 了 。
反正 这 点儿 事 ， 不 应该 跟 你 说 ， 说 实在 也 没关系 。
我 那 档 案 上 都 有 ， 都 写 着 呢 。
啧 ， 我 说 咱们 这儿 死 啊 ， 咱们 是 他 妈 冲 出 去 死 ?
我 就 跟 我们 那 几 个 人 在 一 沟 儿 里头 ， 那大 平地 ， 要 落 了 一 炮 殚 ， 不 定 打 着 几 个 呢 !
都 挤 在 那个 荒 堆 —— 那 叫 双飞 集 呀 ， 都 挤 在 那个 地方 儿 了 ， 好几 十 万 人 。
你 就 来 一 炮 殚 ， 他 妈 就 得 ， 就 得 撂 倒 几 个 ， 都 在 那 麦地 里 就 挖 一 小 沟 儿 ， 就 那么 偎 着 ， 飞机 来 了 ， 扔 米 ， 扔 大米 。
几 个 他妈的 ， 让 他们 抢 去 ， 我 负伤 了 ， 负伤 了 。
负伤 怎么办 呢 ?
我 说 咱们 走 出 去 吧 。
说 顺 哪儿 走 啊 ?
说 听 哪儿 喊 呢 ， 哪儿 声音 近 你 就 往 哪儿 跑 ， 就 顺 那儿 出 。
这儿 喊 了 ： “ 交 枪 吧 ， 交 枪 这个 那 ， 优待 你们 啊 ， 绝对 不 杀 。
到 这儿 的 ， 有 ， 有 饭 吃 ， 有 烟 抽 。
” 这个 那个 ， 嗬 ， 一 天 这 天天 儿 喊 哪 ， 那 四面八方 都 喊 ， 这 ， 都 活 了 心 了 。
走 吧 ， 干脆 ！
晚上 啊 ， 就 顶 到 后 夜 了 吧 ， 我们 就 慢慢 儿 爬 ， 还有 一 道 沟 呢 ， 一道 河沟 儿 呢 。
那儿 最 严密 。
我们 一共 是 七 个 。
记 着 是 七 个 ， 是 八 个 是 七 个 ?
我 就 爬 过 河沟 儿 去 了 。
嗬 ， 我们 这 几 个 全 过来 了 ， 倒是 。
刚 一 过来 啊 ， 后边 就 呱唧 起来 了 ， 好家伙 !
呱唧 了 ， 打倒 仨 ， 有 俩 负伤 的 ， 连 我 ， 仨 负伤 的 。
刚 一 ， 就 ， 转 过 一 道 弯 儿 来 ， 就 ， 就 顺 这儿 到 门口 儿 这么样 儿 一 转弯 儿 ， “ 哎 ， 同志 ， 那 欢迎 啊 !
过 来 !
” 立刻 我 就 害怕 了 。
“ 不要紧 ， 咱们 都 是 …
…
” 怎么 怎么 回 事 一 说 。
说 ， 走 呗 ， 吃饭 !
那 ， 那儿 煮 白薯 啊 。
嗬 ， 这 肚子 饿 的 ！
“ 哈 咳 呀 ！
大 * * 的 ， 你 卷 棵 烟 抽 ！
” 那 卷 大炮 啊 ， 那 叫 。
“ 抽 ！
抽 ！
” 嗬 ！
我 说 这 怎么 那么着 ， 别 回 再 杀 咱们 ， 别 这 ， 吃 饱 了 ， 喝 足 了 的 ， 说 “ 放心 ， 不 会 ， 他 造谣 呢 ！
” 怎么 怎么 回 事儿 。
还 真 不 错 ， 吃 饱 了 找 一个 ， 一 人 给 一 床 被卧 ， “ 你们 先 休息 睡觉 ， 知道 你们 没 睡觉 呢 !
” 一 ， 走 了 二 里 多 路 ， 找 一 地方 儿 一 睡觉 。
第二 天 看 都 负伤 的 这个 都 雇 个 牛车 ， 拉 后方 医院 ， 哎 ， 到 医院 去 了 ， 治 了 估摸 —— 我们 那儿 住 了 横 有 四 个 多 月 吧 。
