这 周围 就 加 的 那 篱笆 障子 。
他 慢慢 儿 慢慢 儿 的 啊 ， 就 在 这 院 儿 里头 啊 ， 他 没事儿 闲 了 时候 儿 啦 ， 休息 什么 时候 儿 ， 就 挖 点儿 那个 ， 院 里头 挖 个 大 坑 。
挖 出 来 土 ， 就 打 成 那 土坯 ， 一 块 一 块 打 成 那 土坯 ， 慢慢 儿 慢慢 儿 就 把 这 墙 又 弄 起来 了 。
都 这么 住 惯 了 不 是 ？
就 这么 散 着 也 怪 难受 的 ， 这 又 都 围 起来 了 。
嗯 ， 反正 后来 呢 ， 哎 ， 慢慢 儿 的 呢 ， 这 ， 生活 一 天 天 好 起来 了 ， 也 都 那 什么 了 。
这 又 慢慢 儿 又 ， 又 把 那个 又 都 弄 好 了 ， 都 弄 起来 了 。
这 房子 又 挑 了 一 回 顶子 。
漏 ， 漏 。
他们 那 时候 儿 给 迁移 过 来 吧 ， 他们 那个 包工 。
他们 那 盖 这些 房子 人 儿 是 包 的 。
包 的 工 他 怎么 简单 就 怎么 给 你 弄 ， 反正 一 弄 上 就 算 了 。
他 也 不管 你 是 漏 不 漏 ， 都 不 管 。
漏 得 没法儿 住 。
后来 呢 ， 我们 就 凑合 凑合 啊 ， 凑合 到 六 几 年 。
哎 ， 这 连 ， 我们 家 我 弟弟 ， 我 娘家 弟弟 ， 带 了 几 个 他们 街坊 ， 老街坊 ， 带 了 几 个 人 来 ， 跑 这儿 来 帮工 ， 又 把 我们 这 房 呢 ， 又 挑 一 ， 挑 了 一 回 顶子 。
挑 一 回 顶子 呢 又 ， 又 铺 点儿 油毡 ， 上边 又 铺 上 瓦 ， 也 不 什么 瓦 ， 就 这么 凑合 着 吧 ， 这 几 年 。
这 房子 后来 现在 又 ， 又 ， 又 漏 了 ， 这 二年 又 漏 了 ， 漏 了 呢 ， 想 弄 它 ， 又 不 ， 又 ， 啧 ， 又 不 想 弄 ， 因为 弄 它 又 不 值 。
你 要 弄 了 它 吧 ， 你 不 能 放大 ， 你 不 能 长 高 ， 还 是 这样 儿 。
又 花 好 些 钱 ， 一 弄 。
就 这么 崐 凑合 着 住 得 了 ， 凑合 住 ， 明儿 咱 慢慢 儿 再 勾 抹 勾 抹 ， 拾掇 拾掇 ， 得了 ， 就 这么 凑合 着 得 了 。
也 没 那 什么 。
身体 吗 ， 我 ， 我 ， 我 父亲 那 时候 儿 吧 ， 我 父亲 哪 ， 年轻 时候 儿 呀 ， 受 过 好 多 苦 ， 您 知道 吧 。
我 父亲 年轻 时候 儿 最 ， 那会儿 最 困难 ， 最 苦 了 ， 我 小时候 儿 最 困难 。
我 小 的 时候 儿 吧 ， 我 父亲 没有 是 正经 的 职业 ， 也 没有 地 ， 也 没有 房子 。
我们 租 ， 也 是 串 房檐 儿 住 啊 ， 有时候 儿 住 人家 那个 ， 原先 ， 您 ， 您 也许 懂 也许 不 懂 哈 ， 就 那 时候 儿 ， 嗯 ， 像 人 那 地主 儿 吧 ， 不 是 那个 场院 里头 盖 的 那种 小 土房 啊 ， 就 是 那个 场 房 儿 吧 ， 就 场院 那场 房 儿 吧 ， 我们 就 上 那 地 儿 住 ， 住 人 那 房子 ， 不 是 那 房子 不 是 省 钱 吗 ？
那会儿 我 父亲 没有 正经 职业 。
我 父亲 靠 什么 生活 呢 ， 我们 ？
嗯 ， 我们 五 个 人 儿 ， 姐儿 五 个 ， 连 弟兄 姐儿 五 个 。
我 父亲 就 成 天 靠 着 哈 去 打 点儿 小 ， 打 点 什么 儿 鱼 呀 ， 打 点儿 虾米 呀 ， 哎 ， 靠 ， 靠 这个 。
打 回 来 呢 ， 多 呢 ， 哎 ， 打 着 了 呢 ， 就 是 卖 了 这 点儿 钱 吧 ， 大家 也许 吃 一 顿 啊 ， 什么 ， 嗯 ， 棒子面 儿 窝头 饼子 啦 ， 就 这么 吃 一 顿 。
打 不 着 呢 ， 就 许 ， 就 许 啊 ， 买 斤 棒子面 儿 熬 锅 粥 ， 大家 喝 点儿 粥 就 算 了 。
我们 那 时候 儿 就 靠 这 ， 我 父亲 那 时候 儿 最 困难 了 ， 年轻 。
后来 我 父亲 呢 ， 就是 饥 饱 劳碌 ， 刚 ， 那个 嗯 ， 六十一 岁 就 死 了 。
解放 ， 解放 第二 年 ， 第三 年 就 死 了 。
刚 那会儿 ， 生活 刚 啊 好 起来 ， 他 就 死 了 。
他 有 那 个 什么 ， 那 饥 饱 劳碌 啊 ， 就 死 了 。
我 母亲 呢 ， 血压 高 ， 也 是 年轻 的 时候 儿 反正 她 也 受 这个 ， 也 受苦 ， 跟 那些 孩子 ， 也 吃 不 着 喝 不 着 的 ， 也 受苦 。
她 血压 高 ， 她 呢 ， 嗯 ， 六十九 岁 死 的 。
因为 血压 高 死 的 ， 血压 挺 那 什么 的 。
我们 呢 弟兄 呢 ， 现在 呢 ， 就是 我 姐姐 随 我 母亲 ， 我 姐姐 血压 高 。
她 现在 就 是 ， 哎 ， 这 脑充血 吧 ， 就 犯 了 两 回 了 。
倒是 ， 反正 还 是 就 这么 凑合 着 吧 ， 她 也 不 敢 累 ， 也 不 敢 着急 ， 也 不 敢 生气 的 。
她 比 我 大 几 ， 大 五 岁 ， 今年 七十 ， 七十 ， 七十二 了 吧 ， 比 我 大 五 岁 ， 七十一 是 七十二 ？
七十一 。
哎 不 到 ， 七十 ， 六十九 吧 ， 她 倒是 ， 现在 哎 ， 又 好 了 。
嗯 ， 这 头 年 ， 前年 又 犯 了 一 回 ， 这 又 好 了 。
我 大 弟弟 他 ， 我 大 弟弟 倒 是 身体 不错 。
反正 他 那 孩子 多 吧 ， 也 够 不 好 的 。
他 现在 吧 ， 就 这 ， 这 几 年 就 是 孩子 也 大 点儿 了 ， 他 也 生活 好 点儿 了 。
这 几 年 呢 ， 就 靠 着 什么 呢 ， 文化大革命 啊 ， 那年 啊 ， 嗯 ， 他 呀 ， 连 平常 嗯 ， 孩子 多 累 的 。
再 有 文化大革命 吧 ， 又 斗 他 ， 又 ， 又 批 又 斗 ， 又 什么 的 ， 又 生 ， 他 生气 ， 又 差点儿 给 气 得 神经病 了 。
他 在 那个 玉泉 山 儿 那儿 吧 ， 北 户 村 儿 ， 当 那 什么 呢 ， 那个 砖窑 啊 ， 那 书记 。
他 也 不管 你 是 什么 ， 反正 先 ， 那会儿 不 是 ， 是 头儿 就 得 往 下 拉 你 ， 就 得 斗 你 ， 就 是 那样 儿 。
