其实 问题 什么 都 没有 ， 斗 了 半天 什么 问题 也 没有 。
嗯 ， 反正 那 也 斗 ， 把 他 气 得 要 疯 ， 给 气 得 差点儿 疯 了 。
后来 ， 他 后来 不 干 了 ， 说 什么 也 不 干 了 ， 说 也 不 上班 儿 了 。
我 也 不 干 了 ， 什么 也 不 干 了 ， 不 去 了 。
你 爱 怎么 怎么 治 吧 。
后来 呢 ， 又 ， 调查 完 了 以后 哇 ， 没有 什么 ， 什么 也 没有 ， 那个 ， 连 什么 区 里头 吧 ， 什么 市里 头 吧 ， 就 这么 着 ， 大家 来到 ， 这 领导 又 劝 他 ， 说 你 别 躺 下 不 干 。
说 你 是 一个 党员 吧 ， 你 得 禁 得 住 考验 ， 不 能 躺 下 不 干 ， 你 还 得 起来 ， 还 得 别 ， 别 那 什么 ， 大家 劝 他 那 什么 。
他 呢 ， 就 那年 吧 ， 就是 胃病 。
胃病 不 能 吃 饭 ， 解 那年 以后 不 能 吃 饭 ， 成天 吃 ， 吃 什么 ， 就 ， 喝 点儿 ， 喝 瓶 儿 牛奶 啊 ， 就 是 ， 就 买 这个 蛋糕 啊 ， 吃 两 块 蛋糕 啊 ， 就 吃 这个 当 饭 。
好 多 日子 ， 一年 多 ， 这 他 才 慢慢 儿 慢慢 儿 这 才 缓 过 来 。
这 几 年 ， 我 瞅 这 二年 好 点儿 了 。
我 小 弟弟 倒是 也 没什么 问题 ， 身体 也 挺 好 的 。
他 反正 是 也 ， 倒 是 没有 什么 ， 他 没 什么 病 ， 嗯 。
我 妹妹 就 不行 ， 我 妹妹 是 神经 有 病 。
她 神经 就 是 ， 现在 就 是 那 什么 ， 有 点儿 神经病 。
她 最近 又 犯 了 。
就 接 几 年 就 犯 一 回 ， 她 是 着 点儿 急 吧 ， 她 也 犯 ， 生 点儿 气 她 也 犯 ， 她 有 神经病 ， 瞧 也 没法儿 瞧 ， 治 也 没法儿 治 。
反正 我们 这 是 ， 都 是 ， 就 打 我 ， 我 大 弟弟 ， 我 小 弟弟 ， 我 小 弟弟 以后 ， 解 我 小 弟弟 以后 就 生活 就 好 了 。
那 解放 了 ， 解放 了 ， 他 才 生活 就 好 起来 了 。
我们 那 时候 儿 都 ， 都 受 的 苦 不少 ， 我们 小时候 儿 受 的 苦 都 不 少 ， 最 多 了 。
那 时候 儿 我 父亲 就 是 没有 正经 的 营业 。
嗯 ， 反正 ， 嗯 ， 这 冬天 儿 靠 着 打 点儿 鱼 ， 卖 ， 打 点儿 虾米 什么的 ， 卖 了 生活 。
你 看 夏 景天 儿 吧 ， 哎 ， 就 不 是 有 那 种 什么 草 了 什么 的 ， 什么 。
那 时候 儿 有 ， 养活 那 骆驼 ， 这边 儿 拉 都 养 骆驼 ， 嗯 ， 就 给 人家 打 草 ， 卖 那个 骆驼 ， 养 骆驼 的 。
下雨 ， 说 下 大雨 什么 时候 儿 吧 ， 打 不 着 什么 了 ， 就 打 一点儿 ， 嗬 ， 卖 一点儿 ， 买 点儿 棒子面 儿 熬 点儿 粥 ， 大 ， 大伙儿 喝 点儿 得了 ， 就 这 ， 就 这样 儿 。
反正 那会儿 生活 最 苦 。
啊 ， 我们 就 这 一 个 。
嗯 ， 她 呢 ， 唉 ， 她 小时候 儿 呢 。
反正 她 生 下 那年 吧 ， 嗯 。
解放 了 。
四九年 ， 四九年 解放 的 。
她 生 完 以后 就 解放 了 。
解放 了 呢 ， 嗯 ， 崐 乍 解放 那年 吧 ， 嗯 ， 也 是 困难 。
咱们 这个 解放军 乍 过 来 吧 ， 反正 也 没有 什么 很多 的 钱 。
就 是 说 你 干 什么 工作 吧 ， 就是 发 你 粮食 ， 发 你 小米 儿 。
后来 呢 ， 嗯 ， 她 呢 ， 慢慢 儿 地 ， 嗯 ， 就 ， 反正 这 小 孩儿 吧 ， 先 紧 着 她 呗 。
大 人 呢 ， 就是说 苦 点儿 ， 我们 生活 俩 人 苦 点儿 就 苦 点儿 吧 ， 反正 得 紧 着 她 ， 她 那 什么 吃 得 好 点儿 。
她 呢 ， 她 父亲 那 时候 儿 呢 ， 也 是 就 靠 着 ， 解放 以后 呢 就 是 烧 锅炉 ， 也 还是 烧 锅炉 ， 一月 挣 ， 那会儿 就 说 是 挣 ， 四十 多 块 钱 ， 四十 多 块 钱 。
反正 我们 呢 ， 那 时候 儿 生活 也 俭朴 ， 也 过 得 也 省 。
她 呢 ， 反正 完 了 呢 ， 先 给 她 什么 ， 买 些 个 吃 的 啦 ， 糖 了 什么 的 ， 给 她 预备 下 。
剩下 来 呢 ， 我们 俩 人 呢 ， 吃饭 呢 ， 什么 有 菜 没 菜 的 ， 咸菜 也 成 了 ， 吃 点儿 得 了 。
哎 ， 慢慢 儿 慢慢 儿 地 培养 她 。
后来 呀 ， 她 到 几 岁 ， 反正 到 ， 七 岁 上 的 学 ， 七 岁 上 的 学 。
她 上学 呢 ， 上学 那年 是 ， 七 岁 上 的 学 ， 那会儿 呢 ， 那会儿 还 是 我们 这 老头儿 啊 ， 她 父亲 还 是 烧 锅炉 呢 。
烧 锅炉 啊 ， 他 也 是 ， 挣 一点儿 钱 吧 ， 那 时候 儿 挣 五十 多 块 钱 儿 ， 那会儿 烧锅 炉 挣 五十 多 块 钱 。
五十 多 块 钱 呢 ， 也 够 ， 我们 也 够 。
够 呢 ， 她 上学 呢 ， 后来 呢 ， 哦 ， 我 现在 我 的 脑子 笨 着呢 ， 您 要 让 我 记 什么 事儿 ， 记性 力 特 ， 特 差 。
我 就 是 一 转脸 儿 就 忘 ， 这 事儿 ， 特 忘 事儿 ， 忘 事儿 忘 得 特 厉害 。
嗯 ， 我 想 想 这 是 几 年级 ， 嗯 ， 她 是 上 五年 级 时候 儿 吧 ， 五年 级 时候 儿 ， 就是 我们 这 老头子 啊 ， 去 ， 到 ， 到 什么 地 儿 ？
他 到 什么 ， 嗯 ， 到 新 美 京 上班 儿 ， 上班 儿 去 了 。
上班 儿 去 了 ， 我们 这 姑娘 她 得 了 一个 盲肠炎 了 。
得 盲肠炎 呢 ， 嗯 ， 我 带 她 东 瞧 西 瞧 的 啊 ， 也 没 瞧 出 她 是 什么 病 来 。
后来 呢 ， 嗯 ， 后来 反正 是 说 我 说 呢 ， 是 不 是 她 是 。
她 老 嚷 肚子 疼 ， 肚子 疼 的 中医 瞧 了 也 说 不 上 什么 来 ， 西医 瞧 他 也 说 不 上 什么 来 。
然后 呢 ， 我 说 她 是 不 是 ， 嗯 ， 上学 蹦 了 跳 了 的 ， 也许 是 扭 了 ， 是 碰 了 什么 的 。
