我 这 有时候 儿 早 点儿 晚 点儿 的 ， 家务 事儿 我 干 不 了 什么 。
你 像 这个 做 做饭 伍 的 ， 我 都 ， 都 不 ， 一般 不 管 。
哎 ， 洗 衣服 这 更 ， 更 甭 说 。
现在 全 有 洗衣机 。
反正 那些 有时候 儿 孩子 自个儿 也 能 解决 ， 能够 那 什么 了 。
大个儿 的 也 帮助 能 做 点儿 饭 ， 哎 。
所以 这个 ， 从 经济 上 ， 经济 上 ， 生活 上 都 没 什么 问题 了 。
现在 就 是 一个 时期 有 一 种 想法 儿 反正 。
前段 儿 时间 啊 ， 自己 也 有 什么 ， 现在 自己 呀 ， 还 考虑 着 工作 调动 问题 ， 老 想 上 …
…
那 不 是 区 里 不 是 进 了 这 批 车 ， 办 出租 嘛 ， 我 想 离开 这儿 到 ， 到 出租 去 。
现在 也 是 ， 也 是 ， 岁数 儿 也 差不离 了 ， 找 点儿 轻 省 点儿 的 。
另外 搞 这个 贸易 不 好 搞 。
那个 现在 这个 净 是 骗子 多 。
你 像 咱们 这 是 ， 都 是 政府 机关 办 的 这个 ， 虽然 说 这 不 许 办 这个 可 是 咱们 分开 了 ， 你 单独 核算 ， 单独 核算 ， 可是 你 跟 打交道 就是 那些 人 ， 从 前段 儿 时间 就 是 跟 那 哪儿 房山 的 有 一 笔 ， 一百九十七 万 ， 最后 让 人 给 骗 了 。
这 是 经过 市 中级 人民法院 起诉 的 。
现在 钱 基本上 追 回 来 ， 还有 五 万 ， 没 追 回 来 。
所以 弄 弄 啊 ， 东西 弄 不 来 ， 买卖 办 不 成 ， 就 让 人 给 骗 走 。
在 去 ， 在 今年 的 二三月 份儿 让 ， 二月 份 吧 ， 让 石家庄 ， 进城 ， 骗 了 我们 一二十一 万 ， 哎 ， 到 那儿 打官司 ， 打 了 这么 两 多 月 。
哎 ， 那 东西 倒 弄 回来 了 ， 嗯 汽车 。
所以 这 ， 这 不 ， 不好 搞 。
所以 现在 思想 不 愿意 搞 这个 。
另外 这个 里头 呢 ， 净 是 得 请客 ， 送礼 。
你 ， 你 花 了 钱 吧 ， 虽然 说 这儿 有时候 儿 能 报销 ， 有时候 儿 你 就 不好 报销 。
报销 不 了 你 自个儿 掏 ， 你 掏 不 了 。
你 要 不 你 就 白条 儿 ， 白条 儿 也 不 好 办 。
人家 请 你 吃 ， 你 你 也 是 不好意思 。
所以 这 外边 儿 净 是 吃吃喝喝 。
事儿 办 不 成 不 是 ， 弄 弄 就 ， 就 扔 里头 了 。
这 急 不 定 他 妈 怎么着 呢 。
你 也 不 知道 ， 想不到 的 急 你 都 得 着 。
所以 现在 就 搞 这 行 儿 ， 就是 提 ， 提心吊胆 ， 也 不 好 干 。
这 不 是 我们 ， 嗯 ， 北戴河 玩儿 完 以后 ， 机关干部 全 去 了 。
哦 ， 一个 人 是 五 天 ， 我 开车 拉 着 ， 到 那儿 也 。
这 玩儿 完 以后 就 回来 ， 全 ， 工作 搁 下 ， 整顿 。
现在 我们 正 处于 学习 整顿 阶段 。
还 搞 不 搞 ?
搞 ， 搞 什么 ?
这 两 笔 就 是 ， 二十一 再 加 一百九十七 万 这 家伙 呢 ， 这 ， 这 半 年 急 着 的 ！
收入 没有 ， 急 没 少 着 。
唉 ， 领导 不 满意 ， 自个儿 没 少 受累 ， 弄 的 这么 一 结局 。
光 起诉 费 就 花 多少 ?
这 一百九十七 万 起诉 费 就 是 六千 多 。
那 二十一 万 呢 ， 是 一千 多 。
它 是 百分之一 到 百分之二 ， 提取 你 的 起诉 费 ， 又 请 的 律师 。
反正 这 都 不 是 哪 一个 人 的 责任 。
大伙儿 办 ， 大伙儿 捅 的 漏子 ， 大伙儿 得 那 什么 。
你 这 不 是 小数 儿 啊 。
这 工作 都 ， 都 不好 弄 ， 所以 现在 我 也 ， 不 愿意 搞 这个 了 。
你 说 单独 开车 吧 ， 我 这 岁数 儿 也 四十 了 ， 我 还 开 得 了 几 年 呀 ?
所以 也 ， 现在 正 在 犹豫 着 。
所以 对 工作 上 啊 ， 有 ， 自个儿 也 有些 考虑 。
对 我 爱人 儿 这 工作 啊 ， 我 ， 比较 满意 。
她 离家 近 哪 ， 首先 。
这 ， 我 还 什么 都 甭管 了 。
这 反正 反正 咱们 农村 ， 我 本身 就 是 农村 出身 ， 它 就 本身 就 有 这 男子 大丈夫 ， 这 这 ， 这个 。
虽然 说 当 干部 儿 叼 ， 他 家常 事儿 不 愿意 管 。
洗洗 涮 涮 反正 您 瞧 那 裤子 脏 ， 脏 就 往 那儿 一 扔 。
洗 有 干净 的 ， 等 从 柜子 里 哪 干净 我 就 穿 ， 脏 了 就 ， 就 一 扔 。
有时候 儿 孩子 就 洗洗 ， 一般 地 我们 家里 也 比较 体贴 我 。
嗯 ， 一般 是 ， 哦 ， 不 是 什么 大 的 这个 费劲 的 事儿 啊 ， 体力 劳动 啊 ， 哎 ， 小 的 都 是 她 就 干 了 。
除了 您 像 我 这 有 点儿 大 的 那个 事儿 我 就 处理 就 行 了 ， 因为 也 顾 不 了 。
像 外边 儿 一 天 弄 得 脚丫子 朝 天 似的 忙 得 挺 ， 挺 那 什么 。
这 跑 一 天 ， 从 秦皇岛 开 到 家 十 个 钟头 ， 您 说 到 家 ， 我 还 干 这 干 那个 哪 ?
到 家 就 等 着 吃 了 。
所以 自个儿 就 ， 基本 情况 就 是 这 ， 这么 一个 。
我们 那 位 她 ， 她 ， 她 说 一 说 。
她 也 是 ， 他们 ， 她 是 出生 是 ， 哦 ， 北京 ， 老家 是 新 城 ， 新城县 的 。
我 就 ， 就 这么 一个 情况 。
我 ， 我 这个 是 ， 提干 以后 这 部队 结婚 呀 ， 就 是 ， 就 是 个 ， 这个 搞 对象 啊 ， 得 经过 组织 同意 。
我 是 六八年 回来 探亲 ， 是 我 ， 我 ， 通过 我 舅妈 ， 我 二 舅妈 给 介绍 的 。
我 二 舅妈 跟 我们 家里 他们 ， 嗯 ， 家 啊 ， 挨着 ， 没 多 远 儿 。
可是 那 阵 儿 ， 她 是 在 马 场 小学 教书 的 。
教书 这 完了 ， 喷 ， 看 人 儿 差不离 ， 自个儿 也 拿 不 了 主意 呀 ， 还 得 回去 跟 部队 汇报 去 。
部队 呢 ， 又 来 人 调查 ， 就是 政审 呢 ， 因为 我 是 通讯兵 。
你 看 我 是 高炮 不 是 ， 我 不 ， 我 不管 炮 ， 我 是 电台 。
