老 太监 一 瞧 这 姑娘 好 ， 这 ， 给 这 姑娘 吓 背 过 气 去 了 。
最后 ， 还 是 ， 给 这个 ， 当 了 这个 ， 老 太监 的 小 老婆儿 了 人家 姑娘 。
就 说 那 个 社会 这个 人 与 人 之间 ， 一点儿 ， 甭 说 感情 啊 ， 一点儿 人性 都 没有 。
一点儿 人性 都 没有 。
啊 ， 嗬 ！
那 是 更 了 不得了 ， 哎 ！
交通 啊 ， 洋车 ， 拉 洋车 。
后 首 儿 那个 ， 那 叫 什么 什么 叮 叮 儿 车 ， 是 不 是 啊 ？
叮 叮 儿 车 ， 哎 。
就 是 叮 叮 叮 净 什么 ， 叮 叮 儿 车 ， 哎 有轨 电车 ， 有轨 电车 ， 叫 叮 叮 儿 车 。
这 叮 叮 儿 车 呀 ， 每 这个 车上 的 乘客 有 二十 个 人 哪 ， 得 有 十几 个 人 不 买 票 。
十几 个 人 不 买 票 。
卖 票 的 就是 ， 就 不 敢 过去 卖 去 。
一 瞧 就 是 什么 本地 的 巡 官 ， 哪儿 的 巡警 ， 这儿 的 侦缉 队 ， 啊 5 巡 官 、 巡警 、 侦缉 队 这 都 不 打 票 。
这个 ， 一 天 的 这个 这个 ， 八 个 小时 ， 这 车 收回 去 呀 ， 卖 不 了 几 张 票 。
买 票 的 主 儿 呀 ， 都 是 一般 的 这个 ， 哎 ， 老 老 老老实实 的 人 。
稍微 的 什么 一点儿 都 不 买 票 。
一 个 跟 一个 学 。
卖 票 的 紧 着 一 什么 呀 ， 打 卖 票 的 。
这 交通 。
再说 啊 这个 这个 ， 这 洋车 ， 拉 洋车 ， 那 洋车 那 更 苦 啦 ， 人力车 。
你 看 过 那 个 ， 笑 ， 电影 儿 啦 什么 上头 有 那 个 人 拉 的 人力 车 ， 那 人力车 那个 ， 更 惨 ， 哎 。
拉 着 人 的 ， 啊 ？
拿 着 人 哪 ， 真是 就 当 个 牲口 哇 ， 啊 哎 ， 他 在 上 坐 着 ， 那 人 拉 着 。
9 每天 每天 交 车 份儿 。
这 车 租 出去 呀 ， 是 ， 二 毛 钱 吧 ， 就 这么 比方 吧 。
每 一 天 你 收 收 车 的 时候 儿 ， 必须 得 交 这个 两 毛 钱 。
有的 时候 儿 ， 就 是 ， 拉 不 着 不 交 车 份儿 。
第二 天 ， 头天 你 交 不 了 车 份儿 ， 第二 天 就 不 租 给 你 了 ， 这 车 。
车 就 不 租 你 了 。
有的 时候 儿 就 是 差 几 ， 差点儿 钱 。
跟 这个 ， 熟人 儿 吧 ， 或者 什么 ， 凑合 ， 给 这 车 份儿 交 了 。
车 啊 ， 那 阵 儿 车场 子 ， 租 车 的 呀 ， 有 一个 车场 子 。
这 车 场子 有 这个 十几 个 这 旧 车 。
每天 拉 车 的 ， 去 ， 上 那 车场 子 。
上 这 车 场子 拉 出 车 去 。
一 拉 车 的 带 一 号 坎儿 ， 就 那么 一 坎肩 儿 ， 上头 有 有 那 个 字 ， 有 号码 儿 。
嗯 ， 那个 那个 坎肩 儿 啊 ， 是 公家 ， 说 买卖 。
没有 那 坎肩 儿 你 不 能 拉 车 。
车 场子 怎么 ， 算 ， 还 得 公家 就 卖 的 这 坎肩 儿 得 卖 车场 子 ， 一个 坎肩 儿 是 多少 ， 几 毛 钱 吧 。
你 没 这个 ， 没 这 坎肩 儿 ， 你 不 不 不许 你 拉 车 呀 。
就 说 人 与 人 之间 那 阵 儿 ， 那 份儿 残酷 劲儿 呀 。
人 与 人 之间 的 这个 ， 感情 一点儿 都 没有 。
现在 啊 ， 你 再 看 ， 现在 交通情况 多 好 。
现在 交 交通情况 多 好 哇 ！
您 看看 。
嗯 ， 偶尔 地 感觉 啊 ， 路 窄 点儿 啦 笑 车 多 了 ， 各种 的 车 。
尤其 现在 就 这个 ， 这个 这个 ， 骑 的 这个 这个 摩托车 ， 戴 着 钢盔 的 这个 ， 啊 。
摩 ， 我 一 我 一 瞧 ， 戴 着 那 钢盔 哟 ， 往 脑袋 上 一 戴 ， 我 思 思想 也 是 保守 吧 ， 我 说 这 是 玩儿命 呢 ！
这 是 笑 是 不 是 。
戴 着 钢盔 嘛 ！
真 真 快 。
啊 有的 ， 后 ， 头里 戴 着 钢盔 ， 后头 还 ， 还 挎 着 一个 ， 挎 着 一 女 的 。
有的 是 夫妻 俩 啦 什么 的 ， 是 啊 那 交通 那 份儿 快 劲儿 啊 真 是 ， 玄 ， 嗯 。
D01 男 75 文盲 工人 满 BD01JD05 反正 我 我 啦 ， 就是 呢 ， 小时候 儿 啦 ， 就 是 ， 哎 ， 个个 儿 啊 ， 父母 啊 ， 父亲 哪 ， 那会儿 拉 洋车 ， 哎 ， 拉 洋车 又 ， 做 个 小工 活儿 啊 ， 也 是 那 什么 。
哎 。
我 母亲 啦 ， 那会儿 在家 ， 哎 ， 这 后 首 儿 啦 ， 给 人家 呀 ， 看 过 孩子 呀 ， 哎 ， 是 这么 着 。
我 啦 ， 哎 ， 那会儿 我 小 ， 我 才 七八 岁 儿 ， 八九 岁 ， 那时 侯儿 。
整个 家里 呀 ， 生活 ， 指 着 我 父亲 拉 车 。
那会儿 晃 晃 儿 也 有 挣 得 着 钱 ， 有 挣 不 着 钱 的 时候 儿 。
啊 ， 就是 我 一 那 什么 。
后 首 儿 呢 ， 我 啦 ， 十几 岁 的 时候 儿 呢 ， 也 是 家里 啊 ， 哎 ， 帮 着 家里 啊 ， 哎 ， 抓 那 。
就 是 什么 呀 ？
那会儿 拣 个 煤 核儿 哇 。
就 说 到 新 社会 吧 ， 是 不 是 ， 不 是 那 什么 ， 哎 哎 ， 就 帮 着 呀 ， 在 家里 ， 省 得 买 买 煤 去 了 。
家里 拣 点儿 煤 坯 呢 ， 哎 ， 家里 。
哎 ， 这 后 首 儿 ， 我 大 了 了 ， 也 横 儿 是 供 我 几 年 的 书 几 年 书 ， 个个 儿 啊 ， 也 ， 不用 脑子 ， 个个 儿 啊 ， 也 没 往 那 心里 去 ， 个个 儿 。
这 都 是 按 这个 ∷ ， 现在 新 社会 了 ， 这么 一 说 啦 ， 这 就 个 个儿 呀 ， 笨 ， 个个 儿 ∷ 不 入 脑子 。
为什么 不 入 脑子 ？
你 个 个儿 拿 这 书 哇 ， 不 当 回 事 去 。
这 现在 ， 老 啦 ， 也 懂得 这个 ， 这 社会 的 知识 啊 ， 哎 ， 这 事情 啊 ， 也 都 个 个儿 明白 啦 ， 也 晚 啦 。
