也 就是 我 的 这个 这个 个 ， 个 ， 个 ， 个人 的 愿望 ， 对 吧 。
可是 来讲 呢 ， 这些 人 来讲 ， 我 ， 我 认为 来讲 ， 关键 就 是 为什么 的 问题 。
一 个 人 生活 为什么 ?
他 不 明白 这个 道理 ， 对 吧 。
我们 在 一定 的 这个 这个 这个 有 一定 的 钱 ， 有的 人 就 很 好 ， 对 吧 ， 他 真 确实 他 成 了 万元户 儿 ， 成 了 什么 ， 他 拿 了 一些 钱 资助 一些 这儿 ， 资助 一些 那儿 ， 这样 儿 的 也 有 。
那样 儿 的 世界观 又 不 一样 ， 它 又 不 一样 ， 对 吧 。
不光 是 个体户 儿 的 都 不好 ， 对 不对 ， 都 不好 ， 有 很多 是 好 的 ， 是 吧 。
有 很多 的 是 好 的 。
还有 一些 无 照 商 的 经营 ， 这些 东西 来讲 ， 那 不 前 一 段 儿时 间 在 那个 永 外 火车站 那儿 哈 儿 ， 抢 西瓜 这 事儿 ， 北京市 这样 一 件 事儿 。
对 不 对 ?
你 说 他 是 至于 吗 ?
他 在 抢 那个 西瓜 ， 是 吧 ， 他 就 是 他 不 抢 那个 西瓜 他 就 没 饭 吃 了 吗 ?
很 不至于 的 。
他 吃 得 相当 好 ， 他 为什么 抢 ?
私欲 太 大 ， 就 想 着 什么 就 ， 我 ， 我 不 ， 我 的 不 费 一切 的 这个 这个 劳动力 ， 我 就 能 把 钱 都 赚 到 手 里头 ， 我 就 抢 了 你好 ， 我 就 什么 的 ， 是 不 是 就 是 这个 无法无天 ！
像 这些 东西 来讲 ， 我 认为 国家 就 应该 着手 这个 ， 这个 应该 抓 一 抓 。
为什么 ?
这 是 旧 社会 才 有 这种 东西 ， 连 抢 人 带 ， 就 是 那个 ， 那个 那个 ， 南 霸 天 ， 这 几 霸 天 这些 什么 这 旧社会 的 天桥 儿 这 一 大 堆 这 ， 这些 流氓 ， 地痞 ， 阿飞 们 ， 他们 不 是 就 是 就是 这种 样子 吗 ?
是 哇 ， 想 抢 你 的 就 抢 你 的 ， 想 欺负 你 就 欺负 你 ， 打 你 就 打 你 ， 对 吧 ， 无所顾忌 。
法律 ， 哪儿 有 什么 法律 呢 ?
所以 说 这些 事情 来 讲 呢 ， 我 认为 来讲 呢 ， 就 是 应该 ， 就 是 应该 那 什么 ， 这个 实行 法律 ， 实行 我们 这个 这个 这个 ， 我们 还有 一个 可以 这样 儿 讲 ， 可以 这样 儿 讲 ， 有 一个 无产阶级 专政 ， 对 不 对 ?
应该 加强 无产阶级 专政 ， 四 ， 这个 这个 四 项 原则 ， 对 吧 。
这个 就 应该 该 怎么办 ， 就 得 怎么办 ， 是 吧 ， 还 能 让 他们 逍 之 法 外 ， 是 吧 ， 为所欲为 ?
是 哇 。
人家 个 ， 一个 农民 从 那 个 ， 从 那 个 ， 那个 广州 运 来 的 西瓜 ， 多 辛辛苦苦 弄 来 的 。
人 这儿 有 一个 货位 ， 对 不 对 ?
人家 弄 的 货位 去 卖 ， 你 可以 到 那儿 去 买 去 嘛 ， 对 吧 。
你 到 那儿 可以 去 弄 去 嘛 I 完 了 以后 跟 着 这个 这 什么 ， 这个 这个 火车站 一些 这个 这些 人 啊 ， 正式 职工 啊 ， 对 吧 ， 内外 勾结 ， 完 了 以后 跟 人家 起哄 ， 完 了 愣 抢 ， 开 抢 ， 对 吧 ， 嗯 两 万 ， 两 万 五千 斤 西瓜 ， 完 了 以后 给 人家 抢走 一 万 五 ， 还 剩 一 万 。
嗯 ， 这 是 社会主义 国家 ， 这些 人 就是 这个 这个 这个 这个 丧心病狂 到 这个 地步 。
这 应该 管 了 ， 不管 所以 说 我们 的 社会 风气 不 会 好 ， 对 吧 。
人 不 要 被 钱 给 迷住 了 眼 ， 对 吧 ?
我们 挣 的 钱 是 不 多 。
我 尤其 我们 工人 挣钱 ， 我们 自豪 。
我们 挣 的 是 我们 工作 的 钱 ， 对 吧 ， 我们 给 国家 创造 一定 的 财富 了 ， 对 不 对 ?
我们 所 得 的 我们 钱 ， 我们 能够 生活 ， 我们 心里 就 是 痛快 的 ， 那 我们 能够 维持 我们 生活 嘛 对 不 对 ?
我们 心里 就 是 痛快 的 ， 这 是 我 个人 的 感觉 。
当然 说 ， 钱 少 不 少 ， 确实 不 多 ， 跟 人 比 确实 不 多 ， 一 比 起来 ， 我们 一 聊 就是 这样 儿 ， 所以 在 下面 儿 一 聊 就是 这样 儿 。
你 说 让 我们 扪 心 说话 ， 我 这 钱 就 够 多 的 了 ， 不 实 ， 对 吧 ， 我 还 希望 多 ， 生活 水平 我 还是 还 是 高 的 。
对 不 对 ?
人民 生活 水平 都 提高 ， 我 的 工资 也 照样 儿 长 ， 一样 。
是 不 是 啊 ?
这 是 个 人 讲 的 一点儿 工作 。
这 是 工资 的 ， 这 工资 的 问题 。
现在 雨水 比较 多 点儿 ， 今年 ， 就 是 今年 ， 往年 都 不 是 这样 儿 。
可是 这个 雨水 来讲 呢 ， 就 是 咱们 ， 嗯 ， 我 因为 我 生 在 北京 北京市 ， 长 在 北京市 ， 对 吧 ， 我 就 根本 没 离开 这 ， 这 块儿 地 儿 ， 就 天桥 儿 这 块儿 地方 。
啊 从 小儿 生 ， 降生 就 在 这儿 ， 所以 过去 那会儿 ， 什么 那个 天气 来讲 呢 ， 嗯 解放前 的 天气 ， 冬天 特别 冷 ， 冬天 特别 冷 。
因为 这 也 搭 着 什么 人 呢 ， 这个 这个 ， 这个 饥 饥 饥 ， 这个 这个 这个 不 饱 ， 肚子 不 饱 ， 穿 着 也 特别 单薄 ， 可能 人 。
嗯 ， 过去 哪儿 有 说 ， 这儿 里 外 三 层 ， 有 这 ， 有 那 的 ， 是 不 是 ?
我 小时 就 一个 棉袄 ， 空心 儿 棉袄 ， 对 不 对 ?
还 破 破 拉 撒 ， 对 吧 ， 所以 我 感觉 呢 ， 这 天气 呢 就 是 比较 冷 ， 手脚 都 冻 得 ， 我 的 手 都 冻 得 大 疤 痢 ， 大 口子 ， 对 吧 。
脚 也 冻 了 ， 老是 呢 就 回家 以后 吧 ， 把 那 棉花 啊 ， 那个 旧 棉花 烤 烧 了 ， 烧 成 灰 儿 ， 贴 在 上 头儿 ， 完 了 以后 呢 ， 拿 热水 先 烫 完了 ， 贴 在 上 头儿 。
哎 甚至 呢 ， 有时候 儿 没有 搽 手 油 ， 买 块儿 大油 往 手里 蹭 蹭 ， 拿 火 儿 ， 弄 火 儿 上来 烤 去 ， 这样 儿 来讲 呢 ， 滋润 滋润 那个 皮肤 ， 那 是 小时候 儿 治疗 的 方法 。
