像 这样 儿 的 怎么办 呢 ?
那 他 不 能够 低于 中等 ， 对 吧 不 能 低于 中等 。
确实 不 干 ， 不 干 活儿 的 ， 那 该 惩罚 惩罚 ， 我 还 是 这么 个 意思 ， 对 不 对 啊 ， 社会主义 国家 不 能 养 这个 ， 这个 养 懒汉 ， 不 能 养 寄生虫 ， 是 哇 。
你 捣蛋 ， 你 捣蛋 你 你 不 正经 干活儿 ， 那 就 该 ， 该 轰轰 ， 对 不对 。
我 该 ， 该 教育 教育 。
对 吧 ， 该 批评 批评 。
对 吧 ， 我 该 不 要 你 ， 不 要 你 ， 厂长 应该 有 这个 权力 ， 才 对头 ， 这 是 完全 应该 的 。
我 认为 来讲 工人 绝大部分 是 个 安分守己 ， 勤勤恳恳 工作 的 同志 都 是 。
因为 我 所 有 我 所 有 我 接触 的 这些 人 都 差不多 是 这样 的 ， 对 吧 。
所以 说 呢 ， 嗯 国家 要 长 工资 ， 要 要 涨 价格 ， 对 吧 ， 要 考 ， 希望 要 考虑 到 这个 人民 生活 这个 这个 情况 。
对 吧 ， 不 能够 看到 一点 ， 哎呀 现在 现在 平均 工资 多少 了 ， 不能 光 看 那 一点 。
你 看 ， 不 信 你 把 个体户 儿 平均 不 平均 里头 ， 对 不对 。
对 吧 ， 你 把 这个 “ 倒爷 ” 平均 不 平均 里 头儿 ， 无 照 商贩 平均 不 平均 里 头儿 ， 是 不 是 。
所以 这些 事情 来 讲 呢 ， 确实 是 ， 是 个 问题 ， 对 吧 ， 你 涨 了 价 儿 ， 这些 人 没有 关系 。
你 涨价 ， 我 也 可以 涨价 ， 水涨船高 ， 对 不对 。
你 ， 你 的 一 ， 一 放开 ， 我 这个 个体户 儿 我 这个 钱 都 能 ， 能 ， 我 ， 我 也 涨价 儿 ， 对 吧 。
这样 呢 ， 对 就 出现 这 问题 ， 很 可能 造成 这个 社会 有些 混 乱 ， 很 可能 造成 一些 混 乱 。
T05 男 30 初中 工人 汉 DJT11 我 工作 已经 ， 我 是 七一年 参加 工作 的 ， 十几 年 了 。
我 工作 呢 ， 一 开始 是 ， 不 太 就 是 什么 的 ， 不 太 适 ， 工作 的 那 个 工种 啊 ， 不 太 适应 自己 的 工作 。
后来 通过 自己 的 这个 ， 这 几 年 吧 ， 这 几 年 的 这个 ， 现在 不 是 ， 不 是 ， 不 是 在 改革 吗 ?
这个 ， 厂子 里边 儿 呢 ， 引进 了 几 套 进口设备 。
在 这个 引进 设备 之前 呢 ， 我 就 从事 这个 维修 工作 。
这样 儿 ， 那会儿 维修 工作 啊 ， 就 是 ， 比较 普 ， 普通 的 维修 工 。
现在 说 ， 就是说 ， 引进 了 设备 以后 呢 ， 要求 就 是 说 ， 你 知 ， 你 原来 ， 你 原来 的 知识 话 ， 程度 就 不行 了 ， 你 再 ， 就是 按 以前 的 那个 ， 那个 ， 按 维修 工 的 标准 吧 ， 再 干 那 就 不 适应 了 。
所以 说 自己 ， 就 是 ， 通过 努力 ， 努力 掌握 这 新 的 技术 。
现在 就 是 ， 我 一 人 儿 干 这 引进 维修 的 工作 。
对于 这 项 工作 吧 ， 咱们 说 满意 不 满意 倒是 ， 说 是 那 什么 了 ， 就 不好 说 了 。
因为 这 工作 本身 就是 有 什么 事儿 都 有 人 干 的 ， 是 不 是 ?
这个 ， 总的来说 我 觉得 还 是 ， 我 挺 愿意 干 这 一行 儿 的 ， 啊 。
工作 这么 一 段时间 以后 吧 ， 这个 ， 在 这个 通过 * ， 工作 当中 吧 ， 又 学 到 了 不少 新 东西 。
因为 你 ， 跟 接触 的 国外 的 东西 呀 ， 跟 国内 的 东西 确实 不 一样 。
跟 人家 一 比较 ， 咱们 确实 差距 不 小 。
从 那 个 设备 的 外貌 哇 ， 和 这 里边 儿 的 东西 呀 ， 一 看 哪 确实 是 真 是 差 得 还 不 少 ， 太 远 了 ， 咱们 的 设备 。
确实 需要 改革 。
嗯 ， 我们 那个 ， 这个 ， 厂子 呢 引进 这个 东西 呢 ， 已经 引进 了 ， 就 是 两年 多 了 。
从 开始 ， 像 现在 开始运转 的 情况 看 呢 ， 还 不错 。
但是 也 有 问题 ， 也 不 是 说 那 个 什么 十全十美 的 。
这些 问题 呢 ， 有 ， 有 是 机器 本身 的 ， 也 有 是 厂子 里边 儿 的 这个 ， 这个 自己 属于 消化 吸收 的 问题 ， 哎 ， 都 有 。
总的来说 还 是 不错 。
现在 呀 ， 现在 ， 我们 的 事儿 ， 我 这 工作 就是 这样 儿 ， 没事儿 吧 ， 就 在 这 屋里 跟计算机 这 哈 儿 。
我们 也 是 ， 跟 他们 都 是 一个 爱好 ， 搞 这个 计算机 一些 个 ， 我 主要 搞 硬件 儿 ， 搞 这些 方面 儿 工作 。
没有 事儿 的 时候 儿 ， 那 机器 一 坏 了 我 就 去 修 去 ， 就 这样 儿 不 太 忙 。
因为 你 计算机 一般 的 软件 儿 吧 ， 在 这个 工业 管理方面 可以 用 得 上 的 ， 但是 在 工业 上 的 控制 方面 呢 ， 主要 得 通过 硬件 儿 去 执行 。
搞 ， 搞 单 片 * * ， 因为 工业控制 上 ， 要求 是 小 而 全 。
你 大 而 全 哪 ， 就 有 时 它 用 不 上 。
单板机 有些 功能 吧 ， 就 是 有些 太 多 了 。
功能 太 过剩 。
在 某些 工业 上 控制 上 吧 用 不 了 那么 大量 的 功能 。
使 单片机 最 合适 。
我们 现在 搞 的 单片机 。
单板机 现在 也 ， 也 在 搞 ， 搞 联机 。
它 ， 单板机 搞 联机 用 ， 用 起来 就 比较 是 是 比较 方便 了 。
主要 是 搞 这 方面 的 工作 。
我们 现在 本身 ， 它 这个 机器 引进 的 ， 这个 本身 呢 就 是 计算机控制 的 。
就 是 计算机控制 的 ， 带电脑 的 就是 。
主要 ， 主要 不 是 这个 ， 主要 是 改造 我们 厂 的 其它 设备 。
就 是 说 原有 的 设备 吧 ， 比如说 我们 平板 硫化 机 ， 原来 呢 都 是 手工 操作 ， 就是 各种各样 的 动作 吧 ， 都 是 用 手工 。
通过 我们 这 改进 以后 呢 ， 就是 手工 工作 ， 手工 工作 减少 了 。
另外 ， 人为 的 误差 也 减少 了 。
硫化 时间 呢 ， 对 我们 的 硝酸 行业 是 比较 重要 的 一点儿 。
这样 儿 呢 ， 就是 我们 搞 这个 主要 就是 ， 突破 这个 硫化 时间 ， 靠 人为 因素 影响 的 这个 ， 突破 这 一点 。
