主要 是 从 这 方面 去 搞 。
因为 过去 手工 操作 吧 ， 人工 计算时间 吧 ， 都 比较 不 太 准确 的 。
因为 各种 胶 料 温度 都 在 不断 地 变化 。
所以 你 要 想 适应 这个 变化 吧 ， 你 光 靠 经验 那 是 差 得 ， 差 得 距离 太 大 了 。
所以 出现 的 产品 吧 ， 质量 不 稳定 。
就 是 按 我们 的 术语 来说 ， 一会儿 欠 硫 儿 了 ， 一会儿 就 过 硫 儿 了 。
就 很 难 控制 。
它 时间 相当 短 ， 四五分 钟 的 事儿 ， 也许 延长 半 ， 半 钞 钟 ， 嗯 ， 不 是 ， 那 个 半 分钟 ， 就 过 硫 儿 了 ， 也许 减 个 半 分钟 呢 就 欠 硫 儿 了 。
所以 说 很 难 保证 。
你 不 给 它 一 个 公共 时间 吧 ， 它 又 设法 儿 掌握 。
你 给 它 一 个 公共 时间 吧 ， 但是 对于 各个 胶 料 ， 对于 这 温度 它 是 随着 锅炉房 的 气温 变化 ， 也 是 不断 变化 ， 这会儿 它 就 看 不 出来 了 。
板 温 也 不 一样 。
所以 说 我们 这个 工作环境 就 是 人为 因素 。
我们 搞 的 这 主要 是 减少 人为 因素 的 影响 ， 主要 就是 这 方面 儿 的 工作 。
工作 吧 ， 这儿 是 挺 有意思 的 。
不过 现在 也 有 困难 ， 就 是 一 方 ， 一方面 儿 是 技术方面 的 困难 ， 一方面 经济 方面 的 困难 。
因为 现在 都 是 增产 节约 节 收 ， 是 哇 ?
增产 节支 。
这个 太 多 了 钱 也 没有 ， 单位 现在 是 资金 也 很 紧张 。
另外 一个 技术方面 儿 呢 ， 也 说 实在 的 ， 现在 也 太 什么 ， 也 就 是 书 到 用 时 方 ， 方 恨 少 。
就 是 你 在 用 的 时候 儿 ， 你 就 觉得 你 的 学 的 东西 太 少 了 。
由于 我 文化 水平 又 低 ， 我 初中 毕业 呀 ， 七一年 的 初中 毕业生 ， 到 现在 来说 ， 现在 搞 这 工作 确实 是 ， 就 是 怎么 说 呢 ?
我们 就是 搞 这 工作 到 现在 为 为止 ， 就是说 技术方面 儿 感觉 到 ， 就是说 ， 就 是 说 那 个 什么 吧 ， 很 很 不 成熟 ， 这样 儿 呢 就 需要 学习 。
我们 千方百计 学习 。
因为 现在 吧 ， 咱们 国家 对 这 方面 儿 这个 ， 从 书 上 介绍 ， 我 是 从 从 那 个 什么 吧 ， 各 方面 儿 条件 都 差 。
你 像 买 一些 个 ， 我们 上 外边 儿 去 买 一些 个 硬件 儿 去 ， 这个 硬件 儿 硬件 儿 的 指标 这个 这个 数据 都 很 难 找到 。
你 买 到 这 硬件 儿 以后 ， 你 不 知道 这 硬件 儿 是 什么 东西 。
它 那 里边 儿 结构 是 什么 ， 你 必须 得 了解 ， 你 不 了解 你 轻易 地 用 也 不行 。
所以 说 很 难 找 ， 这 方面 儿 资料 也 很 难 找 ， 也 有 困难 的 。
但是 呢 ， 也 反 是 慢慢 慢慢 克服 ， 通过 实验 ， 不 交 学费 不行 。
交 学费 啊 。
你们 那儿 怎么样 ?
你们 主要 用 计算机教学 ， 主要 是 用 些 软件 儿 方面 吧 ?
硬件 儿 主要 是 教学 硬件 儿 。
咱们 国家 现在 ， 目前 计算机 一些 应用 这么 几 年 吧 ， 就是 从 开始 到 现在 ， 从 有 ， 从无到有 ， 哈 ， 这个 转变 现在 变化 挺 大 的 。
但是 吧 ， 计算机 应用 方面 儿 ， 确实 还 是 存在 着 差距 ， 面 儿 太 窄 ， 一个 软件 儿 的 应用 吧 ， 还 局限性 很 很 很 还 很 大 。
局限性 大 ， 就 是 一些 高等院校 比较 普及 。
一些 个 现在 按 世界 上 那个 那个 那个 计算机 应用 来说 吧 ， 已经 渗透 到 各行各业 。
可是 咱们 国家 呢 ?
还 局 ， 局限 在 那些 个 研究 部门 儿 ， 真正 用 到 下面 很 少 。
而且 计算机 吧 ， 一般 在 咱们 国家 软件 儿 比较 多 ， 硬件 儿 比较 少 。
应用 硬件 儿 比较 少 。
你 像 我们 就 国内 配备 这些 机器 呀 ， 主要 就是 软件 儿 。
硬件 儿 方面 儿 差 ， 没有 。
你 像 我们 ， 去年 吧 上 计算机 计算机 二 厂 去 了 ， 去 了 一 趟 ， 跟 他 那儿 看 了 看 ， 主要 是 跟 他 想 配合 配合 吧 ， 结果 呢 ?
他 那儿 提出 的 那些 个 东西 我们 我们 一 看 ， 不行 ， 根本 就 ， 一个 是 体积 庞大 ， 一个 是 太 复杂 ， 太 复杂 呀 ， 咱们 ， 因为 咱们 比较 对 这 方面 儿 比较 懂 一点儿 ， 咱们 一 看 这个 东西 觉得 就是说 ， 喷 ， 它 那 它 那 功能 太 多 了 ， 哎 过于 繁琐 了 。
它 那 带有 普及型 的 性质 ， 就是 呢 到 哪儿 都 能 用 。
但是 到 我 这个 地方 有些 大 才 小 用 。
我 用 的 功能 用 不 了 那么 多 。
所以 我 想 我 想 要 用 我 这个 功能 吧 ， 就是说 因为 你 那个 东西 吧 ， 就 是 能够 满足 我 的 需要 ， 我 就 我 就 想 要 你 的 东西 ， 可 是 它 满足 不 了 。
它 只 能 超越 你 的 满足 。
相对 地价 钱 就 贵 了 。
一两 万 块 钱 ， 咱们 这 一般 哪儿 那么 多 钱 ?
像 我们 搞 这个 几 百 块 钱 搞 的 这 是 。
这 硬件 儿 部份 ， 再 加上 机器 附属 的 那个 ， 一些 个 ， 一 机器 部分 一共 才 几 千 块 钱 。
真正 我们 硬件 儿 才 花 了 几 百 块 钱 。
相当 便宜 了 。
要 使 他 那个 ， 好家伙 ， 一 套 硬件 儿 就 几 万 块 钱 ， 再 加上 我们 这个 机器设备 改造 ， 那 就 根 ， 根本 拿 不 出 这笔 钱 来 。
改造 是 好 的 ， 但是 你 钱 也 ， 是 吧 ， 也 不 是 那么 方便 。
我 这 是 随便 聊聊 。
从 我 这么 ， 工作 这么 多 年 了 ， 我 感觉 这 工资 制度 确实 是 不 适合 咱们 国家 的 发展 。
从 改革 的 来说 吧 ， 这个 工资 如果 要 不 改革 的 话 ， 确实 是 不行 。
你 各行各业 都 在 改革 ， 你 工资 为什么 不 改革 ?
对 不 对 ?
而且 这 工资 对于 老百姓 来说 还 是 一个 比较 关键性 的 东西 。
因为 老百姓 还 是 ， 现在 还 是 依靠 工资 生活 ， 你 说 是 不 是 ?
一 个 月 你 上 那么 些 天 班 儿 ， 你 再 有 最高 的 觉悟 一分 钱 不 给 你 ， 你 也 生活 不 了 。
