有 几 个 小朋友 哇 ， 哎 ， 老 ， 都 是 老街坊 了 ， 在 那哈儿 啊 ， 哎 ， 哎 ， 就是 一块儿 ， 就 是 学 一 学 呀 。
练 一 练 伍 的 。
后 首 儿 ， 待 了 哎 ， 也 就 是 五六年 吧 ， 六七年 的 时候 儿 ， 后 首 儿 ， 日本 事变 ， 日本 占 天津 时候 儿 ， 那会儿 呢 ， 个个 儿 也 胆 儿 小 ， 后 首 儿 就 不 干 了 ， 就 回来 了 。
回来 ， 就 在 家里 ， 又 干 ， 做 小买卖 儿 ， 哎 ， 这么 着 说 是 还 是 得 ， 还是 得 抓 ， 抓 钱 ， 不 抓 钱 吃 什么 呀 ？
是 不 是 。
哎 ， 跟 我 父亲 ， 哎 ， 我们 就 在 一块 堆 儿 ， 哎 ， 这 后 首 儿 呢 ， 这个 哎 ， 待 几 年 ， 做 ， 又 做 小买卖 儿 ， 回来 就 又 做 小买卖 儿 ， 又 做 买卖 儿 ， 拉 洋车 。
唉 ， 这 后 首 儿 了 ， 哎 ， 这 就 没 什么 事 呀 ， 哎 ， 个个 儿 呀 ， 就 是 ， 那 国 子 监 那儿 的 房子 ， 是 m 刘玉书 的 房 ， 那个 房 ， 人家 要 占 ， 撵 你 搬家 了 。
搬家 搬 那儿 去 了 ， 乍 一 搬 ， 就 搬 到 后 井 儿 去 了 。
打 后 井 儿 呢 ， 我 父亲 呢 ， 他们 就 搬 到 花园 儿 去 了 。
这 打 花园 儿 这 后 首 儿 哇 ， 哎 ， 又 搬 到 箭 厂 儿 ， 我 父亲 。
我们 呢 ， 在 后 井 儿 住 ， 在 呢 ， 后 首 儿 ， 又 搬 到 一块 堆 儿 去 ， 搬 到 ， 也 搬 到 箭 厂 儿 去 了 。
打 箭 厂 儿 呢 ， 这 后 首 儿 ， 就 我们 ， 我们 就 搬 到 这个 城根 儿 这 哈 儿 来 了 ， 就 这么 呢 ， 哎 ， 啊 ， 就 这么 着 ， 哎 ， 就 这么 又 是 做 小买卖 儿 啊 ， 哎 ， 哎 ， 没有 我们 做 买卖 ， 要 没事 啦 ， 再 拉 洋车 去 ， 跟 人 家 做 小工 活儿 ， 就 这么 ， 就 一 辈 儿 辈 儿 地 下去 了 。
这 ， 赶 这 解放 了 ， 这 后 首 儿 啦 ， 哎 ， 再 。
卖 做 小买卖 儿 不行 了 。
这 羊毛衫 厂 啊 ， 招工 人 呢 ， 嗯 ， 我们 去 了 。
去 了 ， 当 炊事员 。
嗯 ， 当 炊事员 哪 ， 在 那儿 干 了 顶 二十年 吧 。
哎 ， 这 后 首 儿 老 了 ， 让 退休 ， 咱们 退休 了 。
这 后 首 儿 呢 ， 在家 呆 了 这 是 ， 哎 ， 这个 个儿 呢 ， 就 是 也 没 事儿 ， 呆 着 的 ， 这 后 首 儿 呢 ， 个个 儿 怎么 再 找 事儿 吧 ， 也 不好 找 哇 ， 但是 我 也 不 爱 去 ， 而且 去 ， 是 不 那 什么 ， 家里 也 离不开 人 儿 。
哎 ， 这 后 首 儿 啦 ， 个个 儿 啊 ， 哎 ， 钉 一 辆 小车 儿 呀 ， 个个 儿 又 拣 点儿 砖头 ， 嘿 ， 哈哈 。
哎 ， 这 现在 呀 ， 也 动 换 不 了 了 。
这 怎么办 呢 ， 个个 儿 啊 ， 哎 ， 也 嫌 累 呀 ， 累 不 了 ， 个个 儿 没事儿 ， 个个 儿 弄 点儿 花 呀 ， 哎 ， 养活 点儿 鱼 呀 ， 哎 ， 这个 个儿 就 那么 ， 哎 ， 就是 消 ， 当 消遣 似的 ， 哎 ， 我 的 话 儿 呢 ， 也 就是 这么点儿 。
这个 过去 的 事情 呢 ， 就 是 这么 经过 的 事儿 。
嗯 ， 家里 情况 呢 ， 就 是 现在 这个 ， 有 几 个 儿子 ， 有 仨 女儿 。
哎 ， 也 都 是 ， 他们 都 有 了 工作 了 。
啊 ， 哦 ， 我们 这个 这 奎义 呢 ， 就 在 呀 焦化 厂 ， 哎 ， 我们 这个 ， 哦 奎安 呢 ， 他 是 呀 ， 打 ， 他 不 是 在 空军 司令部 哇 ， 哎 在 陕西 吧 ， 就 这么 着 ， 哎 ， 这 后 首 儿 呢 ， 转业 了 ， 他 回来 了 ， 在 办事处 ， 哎 ， 我 这 五 儿 呢 ， 不 就是 上 一 趟 东北 ， 这 不 是 回来 啦 ， 他 也 有 病 ， 个个 儿 腰 哇 ， 有 什么 ， 受 了 点儿 什么 毛病 ， 哎 ， 个个 儿 呢 ， 也 是 不 怎么 好 。
这 后 首 儿 ， 要求 回来 了 。
回来 了 ， 哎 ， 这 在 北京 啦 ， 这 是 这个 ， 是 什么 这 地方 儿 来着 ， 他 在 那儿 找 个 工作 ， 就 找 一个 是 ， 那个 ， 百货 的 地方 ， 岁数 也 到 了 ， 也 差不多 快 三十 了 ， 这 不 这么 在 这 哈 儿 。
啊 ， 这 大 女儿 呢 ， 哎 ， 在 这个 印刷厂 。
哦 ， 哎 ， 哦 ， 二 ， 二 女儿 呢 ， 在 这个 景山 服装厂 。
她 那 什么 ， 哎 ， 哦 这个 哎 ， 老姑娘 呢 ， 在 这个 哦 ， 哦 ， 哦 那 哪 哈 儿 ， 哦 ， 这 脑子 真 是 ， 哦 ， 咳 ， 在 那个 和平 里 ， 和平 南街 呀 ， 哎 ， 小小 百灵 寺 儿 那 哈儿 ， 啊 ， 哎 ， 当 服务员 儿 ， 她 那 是 售货员 儿 ， 当 售货员 儿 。
啊 ， 就是 这个 。
我们 家里 的 呢 ， 也 没有 工作 ， 她 也 就 是 ， 哎 ， 在 家里 呢 ， 帮 着 给 做 做饭 呢 ， 看 个 孩子 呀 ， 给 他们 帮 着 ， 哎 ， 就是 这个 ， 家里 这 点儿 这 情况 是 那 什么 。
生活 情况 现在 呀 ， 这 生活 情况 呀 ， 现在 呀 ， 比 过去 强 了 。
怎么 比 过去 强 了 呢 ？
现在 呀 ， 那会儿 呀 ， 指 着 我 一个 人 儿 抓 钱 ， 他们 都 小 ， 都 不 能 挣钱 ， 也 没有 工作 ， 怎么 来 。
这 后 首 儿 哇 ， 就 这 ， 这个 解放 以后 哇 这 都 是 他们 ， 哎 ， 也 安排 了 ， 有 工作 了 。
哎 ， 哎 ， 他们 也 都 能 挣钱 了 ， 是 不 是 ？
哎 ， 哪个 也 全都 出去 了 。
他们 也 在 ， 在 农村 里头 ， 平谷 啊 ， 是 ， 是 哦 ， 那 哪儿 ， 还有 是 是 什么 ， 公社 里头 哇 ， 它 不 是 那会儿 劳动 ， 哎 ， 在 那儿 这 后 首 儿 也 上 来 了 ， 也 都 有 了 工作 ， 有 了 工作 了 。
