 爸爸  对不起 
我 北大 毕业  但 我 没 能 挣 大钱  当 大 官 
 2012年 8月  一 名 北京大学 硕士 研究生 在 论坛 上 发布 的 帖 子  引起 了 无数 网友 的 共鸣 
这 位 北大 研究生  找 了 一 份 月薪 8000 元 的 工作  自己 觉得 没 什么  父亲 却 恼羞成怒  对 他 恶语 相 向 
因为 在 父亲 眼中  北大 毕业生  每年 至少 赚 100 万  当 不 了 省长  至少 也 得 当 个 市长 
一时 间  名校 教育 的 意义  父母 与 子女 的 亲 子 关系  社会 对 高 学历 者 的 期 许 以及 金钱  权力 唯 上 论 的 价值观  被 纳入 大范围 的 讨论 中 
而 我们 通过 大量 观察 和 比 对  发现 这 场 子女 和 父母 都 积极 跟 帖 的 热门 大 讨论 中  望子成龙  望 女 成 凤 的 传统 观念  给 做 儿女 的 带来 了 怎样 的 压力  焦虑 和 不 快  则 是 大家 都 关注 和 纠结 的 话题 
因此  本刊 特意 邀请 了 有 相同 经历 的 4 位 朋友 现身说法 
看看 令 父母 和 子女 都 纠结 的 成  龙  成  凤  话题 背后  到底 有 着 怎样 深 层次 的 原因  两 代 人 又 该 如何 化解 矛盾 

我 爸 的 工作 是 铁饭碗  他 希望 我 也 能 进 一 家 事业 单位  安稳 过 一生 
研究生 毕业 后  我 本来 想 跟 同学 一起 去 深圳 打工  但 我 爸 死活 拦 着 不 让 我 去 
后来 我 顺从 他 的 旨意  去 了 一个 不大不小 的 国企 
这个 单位 的 工资 很  稳定   我 工作 8年  月薪 一直 是 5000 元 
而 当年 去 深圳 打工 的 同学  如今 年薪 已经 30 万 了 
工资 低 还 不 是 根本 原因 
我 自 小 就 生活 在 枯燥 乏味 的 家庭 里  早 厌烦 了 一成不变 的 生活 方式 
现在 的 单位  只要 我 不 想 离开  就 能 一直 干 到 退休 
有 时候 我 坐 在 办公室 里  一 想到 自己 未来 30年 过 的 都 是 这种 日子 就 会 不寒而栗 
有 了 孩子 后  我 开始 不 停 地 问 自己   这 是 你 想 要 的 生活 吗 
 答 案 是   绝对 不 是 
 我 渴望 的 生活 是 自由  随意 的  我 希望 能够 自己 安排 生活  陪伴 宝宝 长大  经常 带 着 老婆 去 外地 度假 
宝宝 4 个 月 大 时  老婆 休 完 产假 上班  我 便 辞职 了 
老婆 倒 是 很 理解 我  她 不 希望 我 在 看似 稳定 的 工作 里 消磨 时光 而 郁郁 寡 欢 
但 我 辞职 却 在 父母 那里 引发 了 轩然大波 
他们 原 以为 我 辞职 是 想 跳槽 到 更 好 的 单位  但 当 我 明确 表示 想 做 一个  全 职 先生   在家 一边 炒股 一边 带 孩子  以后 都 不 会 再 上班 时  他们 都 气 蒙 了 
妈妈 在 床 上 躺 了 半 个 月  爸爸 更 是 急 火攻 心得 了 心脏病 
我 妈 大 哭   你 让 我 怎么 回 老家 啊 
我 辛辛苦苦 供 出 一个 研究生  能 在 北京 工作  这 是 多 光彩 的 事  十 里 八 乡 都 夸 我 有 福气 
现在 你 一个 大 老 爷们 儿  竟然 在家 带 孩子  吃 软 饭  怎么 还 不如 个 聋子 有 出息 
 她 嘴里 的  聋子   是 我 妈 同事 的 儿子 
因为 两 岁 时 发高烧 被 误诊 导致 失聪  初中 毕业 后 就 没 再 上学 
人家 现在 开 服装店  生意 兴隆 得 很 
我 知道 我 妈 想 拿 别人 刺激 我  可是 我 心里 很 平静 
各 人 有 各人 的 活 法  人家 过 得 好 不好 跟 我 有 什么 关系 
我 只要 过 自己 想 过 的 日子 就 行 
自从 我 辞职 后  我 妈 天天 哭  我 爸 每晚 都 找 我  谈心  
目的 只 有 一个  让 我 把 辞职信 要 回来  回去 上班 
为此 他 俩 真是 软硬兼施  使 出 浑身 解数 
只要 我 不 睡觉  就 不厌其烦 地 劝说 我 回去 上班  车 轱 辘 话 说 了 一 遍 又 一 遍 
劝 我 不 成  他们 就 逼 妻子 劝 我  说 她 再 这么 纵容 我  早晚 有 喝西北风 的 一 天  他们 还 偷偷 给 我 同学 打电话  求 人家 来 劝 我 打消 辞职 的 念头 
我 不 胜 其 烦  最后 逼 得 没 办法 了  就 对 他们 说   你们 要 再 这样  我 就 去 跳 楼 
 这 一 招 很 有效  父母 都 被 吓 住 了  再 也 不 敢 提 让 我 去 上班 的 事儿 了 
可 我 心里 很 难 受  我 都 没 想到 自己 会 用  跳 楼  来 威胁 父母 
我 是 不 是 太 恶劣  太 幼稚 了 
但 凡 有 别的 法子  我 也 不 希望 这么 做 
我 爸 妈 现在 不 管 我 了  把 全部 心思 都 投入 到 孙子 身上  根本 懒得 看 我 一 眼 
