曾国藩/nr于/p道光/nz十五年/m入/v京/b参加/v会试/n前/f，/wd在/p家中/s无非/d是/vshi读书/vi习字/vi，/wd读/v“/wyz子/ng曰/vg诗/n云/vg”/wyy，/wd习/vg帖/ng括/vi制艺/n之类/rz，/wd既/c没有/d宽广/a的/ude1眼界/n，/wd又/d没有/d广博/a的/ude1学识/n。/wj
道光/nr十五年/m会试/n报/n罢/y，/wd他/rr暂时/d居住/v在/p京/b师/ng，/wd开始/v涉猎/v诗/n和/cc古文/n，/wd他/rr尤其/d喜欢/vi韩愈/nr的/ude1文章/n；/wf第二年/m会试/n又/d报/v罢/y，/wd他/rr买/v回/v一/m套/q二十三/m史/ng，/wd花/v了/ule一年/m的/ude1时间/n仔细/ad研/v读/v这/rzv套/q书/n。/wj
这/rzv才/d逐渐/d开拓/v了/ule他/rr的/ude1眼界/n和/cc学识/n。/wj
道光/nr十八年/m，/wd曾国藩/nr入/v翰/ng苑/ng后/f，/wd大部分/m时间/n都/d很/d清闲/a，/wd他/rr便/d更加/d发奋/vd学习/v，/wd广泛/ad阅览/v，/wd勤/ad作/v笔记/n，/wd并/cc将/p笔记/n分为/v五/m类/q，/wd分别/d是/vshi“/wyz茶/n馀/ng偶/d谈/v、/wn过/vf隙/ng影/ng、/wn馈/x贫/ng粮/n、/wn诗文/n钞/ng、/wn诗文/n草/n”/wyy，/wd亲自/d做/v手/n录/v和/cc摘记/v；/wf加上/v他/rr在/p京/b都/d有/vyou不少/m良师益友/nl，/wd相互/d间/f切磋/v扶持/v，/wd这样/rzv日复一日/vl的/ude1学习/vn使/v他/rr的/ude1学识/n大/a有/vyou长进/vn。/wj
可以/v说/v，/wd在/p京/b为/p官/n十二年/m，/wd为/p曾国藩/nr成为/v一/m代/q大/a儒/ng奠定/v了/ule坚实/a的/ude1基础/n。/wj
在/p京都/nsf这/rzv段时间/n，/wd曾国藩/nr因为/p日/b课/n是/vshi读书/vi，/wd月/n课/n是/vshi作文/n吟诗/vi，/wd因此/c写/v了/ule许多/m的/ude1诗文/n。/wj
现在/t看来/v，/wd曾国藩/nr集中/v的/ude1作品/n，/wd几乎/d一半/m以上/f的/ude1诗作/n和/cc一/m大/a批/q文章/n都/d写/v于/p这/rzv段时间/n。/wj
这/rzv段/q时期/n，/wd曾国藩/nr也/d有/vyou几/m篇/q文章/n表达/v的/ude1是/vshi他/rr的/ude1文学/n观点/n，/wd道光/nz二十三年/m正月/t的/ude1《/wkz读/v李义/nr山/n诗集/n》/wky、/wn二十四年/m十二月/t的/ude1《/wkz书归震川/nr文集/n后/f》/wky、/wn二十五年/m九月/t的/ude1《/wkz送/v周/qt荇/x农/ng南/f归/v序/n》/wky这/rzv几/m篇/q文章/n正是/v阐述/v了/ule这样/rzv的/ude1观点/n。/wj
《/wkz送/v周/qt荇/x农/ng南/f归/v序/n》/wky对/p自/p汉/tg以来/f的/ude1文学家/n进行/vx了/ule评述/vn，/wd其中/rz对/p清/tg初/f文坛/n的/ude1评述/vn是/vshi：/wm“/wyz康熙/nr、/wn雍正/nr之间/f，/wd魏/nr1禧/ng、/wn汪琬/nr、/wn姜宸/nr英/b、/wn方/ng苞/ng之/uzhi属/ng，/wd号/q为/p古文/n专家/n，/wd而/cc方/d氏/ng最为/d无/v类/q。/wj”/wyy
大概/d这/rzv就/d成为/v他/rr后来/t推崇/v桐城/ns文学/n的/ude1开端/n。/wj
在/p诗/n这/rzv方面/n，/wd曾国藩/nr在/p京都/nsf期间/f写/v了/ule不少/m。/wj
他/rr常常/d检查/v自己/rr写/v诗/n是否/v是/vshi因为/p想/v出人头地/vl、/wn求/v取/v功名/n。/wj
如/v道光/nz二十二年/m十月/t初/t八日/t，/wd他/rr检讨/v自己/rr“/wyz作/v诗/n之/uzhi时/ng，/wd只要/c压倒/v他人/rr，/wd要/v取/v名誉/n，/wd此/rzs岂/d复/dg有/vyou为/p己/rr之/uzhi志/n?/ww”/wyy
十二月/t，/wd又/d对/p自己/rr检讨/v道/qv“/wyz汩/x溺/vg于/p诗句/n之/uzhi小/a技/ng”/wyy,/wd“/wyz多半/d是/vshi要/v人/n说/v好/a。/wj
为/p人/n好/a名/q，/wd可耻/a！/wt
而/cc好/a名/q之/uzhi意/ng，/wd又/d自/p谓/vg比/p他/rr人/n高/a一/m层/qv。/wj
此/rzs名/q心/n之/uzhi症结/n于/p隐/v微/ag者/k深/d也/d。/wj”/wyy
十月/t二十五日/t经过/p深刻/ad反省/v之后/f他/rr说/v：/wm“/wyz好/a作/v诗/n，/wd名/q心/n也/y。/wj”/wyy
十月/t初/t十日/t又/d写道/v：/wm“/wyz今/tg早/tg，/wd名/q心/n大/d动/v，/wd忽/d思/v构/vg一/m巨/ag篇/ng以/p震/vi炫/vg举世/n之/uzhi耳目/n，/wd盗贼/n心术/n，/wd可/v丑/a!/wt”/wyy
十一月/t十六日/t所/usuo作/v的/ude1文章/n是/vshi这样/rzv写/v的/ude1：/wm“/wyz走/v何子敬/nr处/vi，/wd欲/d与/p之/uzhi谈/ng诗/n。/wj
凡/d有/vyou所/usuo作/v，/wd辄/dg自/p适意/a，/wd由于/c读书/vi少/a，/wd见/v理/v浅/a，/wd故/c器/n小/a易/a盈/vg如/v是/vshi，/wd可耻/a之/uzhi至/v!/wt”/wyy
可是/c在/p同一年/b的/ude1十月/t二十六日/t那天/t，/wd他/rr很/d得意/a地/ude2在/p家书中/nr说/v：/wm“/wyz子贞深/nr喜吾诗/nr，/wd故/c吾/rr自/p十月/t来/f已/d作/v诗/n十八/m首/q。/wj”/wyy
十一月/t十七日/t的/ude1家/n书/n中/f他/rr的/ude1得意/a之/uzhi情/n更/d是/vshi暴露无遗/vl：/wm“/wyz近日/t京城/ns诗/n家/q颇/d少/a，/wd故/c余/m亦/d欲/d多/ad做/v几/m首/q。/wj”/wyy
在/p弟弟/n们/k面前/f，/wd他/rr的/ude1求/v名/q思想/n得到/v了/ule最/d充分/a的/ude1表现/vn。/wj
第二/m部分/n：/wm骂名/n留/v世/ng奉/v旨/ng团练/n咸丰/nz二年/m六月/t二十四日/t(/wkz公元/n1852年/m8月/t9日/t)/wky，/wd曾国藩/nr匆匆/d离开/v京城/n南/f下/f，/wd想/v借助/v典/ng试/v江西/ns的/ude1机会/n回家/vi省亲/vi。/wj
十二年/m的/ude1官场/n生活/vn中/f，/wd步步/q高/a升/v、/wn春风得意/vl的/ude1他/rr，/wd也/d多/a了/ule一/m份/q历/vg练/v与/cc深沉/an。/wj
此时/r的/ude1他/rr，/wd“/wyz急于/v科举/n而/cc淡/x于/p仕/n宦/nr1”/wyy，/wd怀着/v渴望/v见/v用/v于/p世/ng而/cc又/d企求/v归隐/v山林/n的/ude1矛盾/an心情/n，/wd登/v上/vf了/ule旅程/n。/wj
他/rr在/p京城/n时/ng难/a得/ude3悠闲/a，/wd此时/r沿途/d观光/vi赏/v景/ng，/wd好不/d惬意/a。/wj
将近/d一/m个/q月/n，/wd即/v七月/t二十五日/t，/wd一行/n人才/n抵达/v安徽/ns太湖县/ns境/ng的/ude1小池/nrj驿/ng。/wj
忽然/d，/wd家/q人/n来/vf报/n，/wd他/rr母亲/n江/nr1氏/ng已然/d撒手/vi人/n寰/ng。/wj
哀痛/a之/uzhi至/ng的/ude1他/rr立即/d脱/v下/vf官服/n，/wd披/v麻/n带孝/vi，/wd经/p黄梅县/ns渡/v江/nr1至/p九/m江/nr1，/wd然后/c逆流/n西/f行/vi。/wj
这时/rzt，/wd太平/a军/n在/p金田/ns村/n起义/vi以后/f，/wd已经/d绕过/v提督/n向/p荣/ag设置/v重兵/n的/ude1桂林/ns，/wd将/d全/a州/n攻克/v，/wd乘/v胜/v进入/v湖南/ns，/wd沿/p路/n行军/vi无往不胜/vl，/wd八月/t攻占/v嘉禾/ns、/wn桂阳/ns、/wn郴州/ns，/wd九月/t十一日/t已经/d驻扎/v在/p长沙/ns城外/s，/wd对/p长沙/ns城/n进行/vx连续/a不/d停/vi的/ude1猛/x攻/v。/wj
曾国藩/nr路过/v武昌/ns时/ng，/wd因/p湖北/ns巡抚/n常/d大/a淳/ag前来/vi吊丧/v，/wd才/d把/pba湖南省/ns城/n的/ude1战况/n告诉/v了/ule他/rr。/wj
于是/cc，/wd他/rr“/wyz抛弃/v行李/n，/wd仅/d携/v一/m仆/ng，/wd匍匐/vi间/f行/vi，/wd经岳州/nr，/wd取道/v湘阴/ns、/wn宁乡/ns，/wd于/p八月/t二十三/m(/wkz10月/t6日/t)/wky抵/v家/n”/wyy，/wd从此/d他/rr的/ude1乡村/n生活/vn便/d开始/v了/y。/wj
仅仅/d过/vf了/ule三/m个/q多/a月/n，/wd正当/v曾/nr1国/n藩/ng暂时/d把/pba母亲/n安置/v在/p居室/n后山/n，/wd“/wyz拟/v另/rz觅/vg葬/vg地/n，/wd稍/d尽/vi孝/ng思/v”/wyy之/uzhi时/ng，/wd十二月/t十三日/t(/wkz公元/n1853年/m1月/t21日/t)/wky，/wd咸丰/nz帝/ng的/ude1寄/v谕/vg由/p巡抚/n张亮基/nr转/v来/vf：/wm“/wyz前任/n丁/nr1忧/ng侍郎/n曾/nr1国/n藩/ng籍/ng隶/ng湘乡/ns，/wd闻/v其/rz在/p籍/ng，/wd其/rz于/p湖南/ns地方/n人情/n自/rr必/d熟悉/v，/wd着/vi该/v抚/vg传/v旨/ng，/wd令/v其/rz帮/v同/p办理/v本省/r团练/n乡民/n、/wn搜查/v土匪/n诸/rz事务/n，/wd伊/Rg必/d尽力/vi，/wd不/d负/v委任/v。/wj”/wyy
接到/v谕旨/n后/f，/wd曾国藩/nr立即/d“/wyz草/n疏/ag恳请/v终/vg制/ng，/wd并/d具/vg呈/v巡抚/n张亮基/nr代/v奏/v，/wd力/n陈/nr1不/d能/v出/vf山之义/nr”/wyy,/wd“/wyz但/c缮/x就/d未/d发/v”/wyy。/wj
十五日/t，/wd曾国藩/nr又/d接到/v张亮基/nr来信/n，/wd被/pbei告知/v武昌/ns于/p十二月/t四日/t已/d被/pbei太平/a军/n攻占/v，/wd他/rr感到/v非常/d震撼/v和/cc惊诧/an。/wj
“/wyz以/p湖北/ns失守/vi，/wd关系/n甚/dg大/a，/wd又/d恐/vg长沙/ns人心惶惶/al，/wd理/v宜/vg出/vf而/cc保护/vn桑梓/n”/wyy。/wj