这/rzv一年/m十月/t中旬/t，/wd巴金/nr和/cc赴/v朝/b访问团/n十几/m个/q作家/n、/wn艺术家/n一同/d回到/v北京/ns。/wj
北京/ns刚/d度过/v热闹/a的/ude1国庆/t三/m周年/q，/wd街头/s节日/n气氛/n还是/c到处/d可见/v，/wd王府井/ns大街/n上/f的/ude1商店/n玻璃/n橱窗/n，/wd仍/d是/vshi五彩缤纷/vl，/wd在/p吸引/v着/uzhe行人/n，/wd就/d连/ulian马路/n上/f的/ude1彩/ng牌楼/n也/d还/d未/d拆/v尽/vi。/wj
气候/n更是/d秋高气爽/vl，/wd满/a街/n一/m片/q晴/vi光/n。/wj
四十九/m岁/qt的/ude1巴金/nr，/wd精神抖擞/vl，/wd充满/v信心/n，/wd兴/v匆匆/z来/vf到/v西/f堂/ng子/ng胡同/n顾/v均/d正/d家里/s，/wd与/p特地/d从/p上海/ns赶来/vi迎接/v他/rr的/ude1萧珊/nr和/cc他们/rr的/ude1七/m岁/qt女儿/n李/nr1小林/nrj会面/vi。/wj
萧珊/nr自从/p与/p巴金/nr结婚/vi后/f，/wd从未/d有/vyou过/uguo这么/rz长/a一/m段时间/n的/ude1别离/v。/wj
虽然/c巴金/nr在/p朝鲜/nsf每/rz隔/v一些/mq日子/n总/d给/p上海/ns家里/s寄信/vi，/wd但/c萧珊/nr总/d无法/v回答/v小林/nrj经常/d吵/v着/uzhe问/v爸爸/n什么/ry时候/n回来/v。/wj
幸而/d这时/rzt小棠/nr2已/d牙牙学语/nl，/wd并/cc开始/v学/v步/qv，/wd不/d像/v喂奶/vi时期/n那样/rzv离/v不/d开/v身/ng；/wf还/d专门/d雇/v了/ule一个/mq叫/vi丁香/n的/ude1保姆/n带领/v小/a棠/ng，/wd有时/d萧/nr1荀/nr1还/d被/pbei邀请/v住/vi到/v霞/ng飞/vi坊/ng来/f，/wd和/cc萧珊/nr作伴/vi睡/v在/p同/p一/m张/q床/n上/f，/wd帮/v着/uzhe照料/v小/a棠/ng和/cc小林/nrj，/wd使/v萧珊/nr有/vyou可能/n也/d有些/rz时间/n努力/ad学习/v俄文/nz，/wd并/cc从事/vi屠格涅夫/nrf作品/n的/ude1翻译/vn工作/vn，/wd同时/c还/d抽空/vi代/v巴金/nr处理/v一些/mq读者/n来信/vi。/wj
当然/d，/wd继母/n虽说/c上/vf了/ule年纪/n，/wd瑞珏/nr2进/vf了/ule平/a明/ag出版社/n做/v会计/n，/wd工作/vn很/d忙/a，/wd但/c她们/rr也/d还/d是/vshi帮/v着/uzhe做/v点/qt家务/n，/wd包括/v看/v小孩/n，/wd这样/rzv萧珊/nr就/d能/v有/vyou机会/n带/v着/uzhe小林/nr来到/v北京/ns迎接/v巴金/nr。/wj
顾均正/nr原/d是/vshi他们/rr在/p霞/ng飞/vi坊/ng的/ude1老/a邻居/n，/wd建国/vi前/f他/rr与/p巴金/nr时/ng相/d过/uguo从/p，/wd巴金/nr有关/p开明/a书店/n的/ude1事/n，/wd常常/d托/v他/rr带/v讯/ng。/wj
不但/c巴金/nr与/p顾均正/nr是/vshi好/a朋友/n，/wd萧珊/nr与/p顾均正/nr夫人/n（/wkz他们/rr叫/vi她/rr“/wyz国/n华嫂/nr”/wyy）/wky也/d十分/m熟悉/v，/wd因为/p萧珊/nr到/v了/ule上海/ns后/f，/wd刚/d碰到/v国民党/n统治/vn下/f的/ude1上海/ns物价/n飞涨/vi时期/n，/wd市/n上/f哪些/ry日用品/n缺货/vi，/wd哪些/ry东西/n急/ad待/vi配/v办/v，/wd她/rr常/d很/d不/d在/p行/ng，/wd这样/rzv，/wd国/n华嫂/nr就/d成/v了/ule她/rr的/ude1家务/n顾问/n。/wj
好在/d萧珊/nr性格/n坦率/a，/wd人缘/n极/d好/a，/wd碰到/v国/n华/ag嫂/ng待人/vi也/d很/d真诚/a，/wd两/m人/n就/d常/d有/vyou来往/vi了/y。/wj
建国/vi后/f，/wd开明/a书店/n迁/v北京/ns，/wd顾均正/nr全家/n随/p社/n迁居/vn，/wd巴金/nr几/m次/qv到/v北京/ns开会/vi，/wd总/d要/v到/v他/rr西/f堂/ng子/ng胡同/n家中/s作客/v。/wj
每次/r巴金/nr回/v上海/ns，/wd总/d把/pba顾均正/nr夫妇/n对/p萧珊/nr的/ude1问候/vn带/v给/p萧珊/nr，/wd还要/v她/rr去/vf北京/ns看/v他们/rr。/wj
萧珊/nr过去/t广州/ns、/wn昆明/ns、/wn桂林/ns、/wn重庆/ns都/d去/vf过/uguo，/wd就是/d没有/v去/vf过/uguo北京/ns，/wd这/rzv次/qv有/vyou这个/rz机会/n，/wd就/d带/v着/uzhe小林/nrj先/d一/m天/qt住/vi在/p顾/v家/q。/wj
国华/nr2嫂/ng看到/v小/a林/ng，/wd想到/v自己/rr两年/m没/d看到/v她/rr，/wd就/d长/a得/ude3了/ule那么/rz高/a，/wd还/d连连/d向/p她/rr喊/v“/wyz顾家/nr姆/x妈/n好/a”/wyy，/wd禁不住/v心里/s高兴/a，/wd忙/ad称赞/v萧珊/nr说/v：/wm“/wyz你/rr真/d有/vyou计划/n，/wd先生/n了/ule个/q女孩/n，/wd隔/v几/m年/qt才/d又/d生/v个/q男孩/n。/wj
看/v你/rr把/pba小林/nr养/v得/ude3多/a好/a。/wj”/wyy
她们/rr谈/v起/vf别/vi后/f两/m家/q的/ude1生活/vn，/wd总/d有/vyou说/v不/d完/vi的/ude1话/n。/wj
巴金/nr本来/d有/vyou更/d多/a时间/n与/cc家人/n团聚/vi，/wd但/c他/rr总是/d摆脱/v不/d了/ule古今中外/nl的/ude1作家/n缘/vg：/wm一/m到/v上海/ns，/wd各种/rz会议/n就/d把/pba他/rr包围/v了/y，/wd不/d是/vshi为/p国际/n作家/n友人/n迎来送往/vl，/wd便/d是/vshi作为/p作家/n代表/n出席/v全市/n性/k的/ude1各种/rz大会/n，/wd如/c纪念/v志愿军/n出国/vi作战/vi二/m周年/q大会/n，/wd上海市/ns三/m届/q一/m次/qv人民/n代表大会/n，/wd全市/n各界/rz悼念/v斯大林/nrf大会/n等等/udeng；/wf至于/p与/p文艺界/n直接/ad有关/v的/ude1活动/vn，/wd那/rzv就/d更/d多/a了/y，/wd如/v华东/ns与/p上海/ns文联/n、/wn文协/nr主持/v的/ude1大小/n会议/n，/wd《/wkz文艺/n月报/n》/wky编辑部/n召开/v的/ude1各种/rz座谈会/n，/wd差不多/al把/pba巴金/nr每天/r的/ude1时间/n都/d排/v满/a。/wj
巴金/nr虽然/c这样/rzv忙/a，/wd在/p晚上/t却/d仍/d抽出/v一定/b时间/n，/wd写/v了/ule不少/m反映/v抗美援朝/n前线/s的/ude1小说/n、/wn散文/n和/cc报告文学/nl。/wj
特别/d值得一提/vl的/ude1是/vshi在/p这个/rz时期/n，/wd他/rr还/d奋力/d重/d译/v了/ule屠格涅夫/nrf的/ude1长篇小说/nl《/wkz父/ng与/p子/ng》/wky，/wd交给/v平/v明/ag出版社/n出版/vn。/wj
至于/p文化/n生活/vn出版社/n的/ude1事情/n，/wd这时/rzt巴金/nr已经/d完全/ad不/d插手/v了/y，/wd他/rr给/p当时/t在/p武汉/ns的/ude1田/n一/m文/ng写信/vi说/v：/wm“/wyz我/rr也/d很/d关心/v文生社/nr，/wd但/c我/rr一个/mq人/n没/d有/vyou力量/n使/v它/rr往/p正常/a的/ude1路/n走/v。/wj…/ws…/ws
我/rr现在/t只/d是/vshi这样/rzv想/v：/wm朗西/nrf拖/v得/ude3下去/vf，/wd就/d让/v他/rr拖/v去/vf。/wj
拖/v不/d下去/vf时/ng，/wd让/v同志/n们/k去/vf弄/v…/ws…/ws
这/rzv是/vshi我们/rr大家/rr的/ude1心血/n。/wj”/wyy
就/d在/p这个/rz时候/n，/wd巴金/nr还/d不/d曾/d忘记/v帮助/v比/p他/rr年轻/a的/ude1一些/mq朋友/n。/wj
当/p他/rr收/v到/p当时/t在/p南京/ns工作/vn的/ude1杨/nr1苡/x一/m部/q译稿/n《/wkz俄罗斯/nsf性格/n》/wky后/f，/wd就/d给/p她/rr看/v了/ule那/rzv八十/m多页/n校样/n，/wd然后/c带/v着/uzhe批评/v的/ude1口吻/n对/p她/rr说/v：/wm“/wyz我/rr觉得/v你/rr译/v得/ude3有/vyou点/qt草率/a，/wd你/rr本来/d可以/v译/v得/ude3好/a一点/m。/wj”/wyy
因此/c，/wd他/rr请/v当时/t在/p平/v明/ag出版社/n工作/vn过/uguo一个/mq时期/n的/ude1汝龙/nr2给/p这/rzv部/q译稿/n作/v了/ule一些/mq改正/v，/wd巴金/nr自己/rr也/d为/v它/rr改动/v了/ule几/m个/q字/n。/wj
隔/v了/ule一个/mq时期/n，/wd已/d金/ng又/d写信/vi给/v杨/nr1苡/x，/wd对/p她/rr说/v：/wm“/wyz你/rr说/v你/rr要/v译/vw/x·/wH/x·/w（/wkz按/p指/v《/wkz呼啸/vi山庄/n》/wky）/wky，/wd我/rr希望/v你/rr好好/d地/ude2工作/vi，/wd不要/d马马虎虎/z地/ude2搞/v一下/mq了事/vi。/wj
你/rr要/v是/vshi认真/a地/ude2严肃/v地/ude2工作/vi，/wd我/rr相信/v你/rr可以/v搞/v得/ude3好/a。/wj
但/c已/d出/vf的/ude1两/m本/q书/n（/wkz按/p指/v《/wkz俄罗斯/nsf性格/n》/wky和/cc《/wkz伟大/a的/ude1时刻/n》/wky）/wky都/d差/a。/wj
我/rr这个/rz意见/n不/d会/v使/v你/rr见怪/v吗/y？/ww”/wyy
也/d就/d在/p这个/rz时期/n，/wd巴金/nr接到/v田/n一/m文/ng寄/v给/p他/rr的/ude1两/m篇/q稿件/n《/wkz老李/nr的/ude1信/n》/wky和/cc《/wkz歌颂/v王崇伦/nr》/wky，/wd要求/v他/rr转/v给/p《/wkz文艺/n月报/n》/wky，/wd因为/p巴金/nr是/vshi这/rzv家/q刊物/n挂/v着/uzhe名/q的/ude1主编/n。/wj
田/n一/m文/ng在/p解放前/t曾/d与/p巴金/nr长期/d在/p文化/n生活/vn出版社/n同事/n，/wd更/d早/a以前/f还/d共同/d有/vyou过/uguo美丽/a的/ude1理想/n，/wd都/d愿/v为/p人类/n谋/v幸福/an，/wd为/p理想/n献身/v，/wd但/c当时/t并/d不/d明确/v那/rzv是/vshi空想/n的/ude1社会主义/n。/wj