老友/n方/d令/v孺/x是/vshi浙江省/ns文联/n主席/n，/wd按理/d她/rr更/d该/v到场/vi，/wd而/cc现在/t却/d影/ng踪/ng全/d无/v。/wj
问/v那些/rz面孔/n陌生/a的/ude1接待/vn者/k，/wd说/v这些/rz作家/n都/d有/vyou问题/n，/wd都/d不/d能/v出来/vf与/p大家/rr一起/d张罗/v工作/vn。/wj
巴金/nr听/v了/y，/wd禁不住/v出/vf了/ule一身/n冷汗/n，/wd什么/ry话/n都/d不/d敢/v进一步/d提出/v来/vf问/v，/wd唯恐/v有/vyou更/d不/d好/a的/ude1消息/n钻/v进/vf自己/rr的/ude1耳朵/n里/f。/wj
亚非/nr2作家/n“/wyz湖/n上/f大/a联欢/vn”/wyy像/v一阵风/nl似的/uyy，/wd在/p人们/n强/ng颜/ng欢笑/vi中/f过去/vf了/y，/wd留/v在/p巴金/nr印象/n中/f只/d有/vyou一个/mq菲律宾/nsf诗人/n，/wd在/p西湖/ns泛舟/v时/ng，/wd对/p他/rr提/v问/v：/wm“/wyz为什么/ryv在/p这样/rzv一个/mq山明水秀/vl的/ude1地方/n，/wd看/v不/d到/v一个/mq作家/n和/cc诗人/n？/ww”/wyy
这/rzv句/q话/n把/pba巴金/nr问/v得/ude3哑/v口/n无言/z。/wj
浙江/ns是/vshi鲁迅/nr的/ude1故乡/n，/wd它/rr不但/c风景/n美丽/an如/v画/n，/wd而且/c还有/v许多/m作家/n和/cc诗人/n的/ude1后代/n。/wj
风景/n地区/n一/m到/v冬天/t不/d免/v草/n枯叶/n落/v，/wd作家/n诗人/n在/p风雪/n严寒/an中/f也/d只能/v一言不发/vl。/wj
不/d是/vshi他们/rr欢喜/v沉默/an，/wd而是/c凛冽/a的/ude1西北风/n把/pba他们/rr吹/v得/v噤/x若/v寒蝉/n。/wj
但是/c我们/rr怎样/ryv向/p这个/rz菲律宾/nsf诗人/n作/v解释/v呢/y？/ww
他/rr终年/d生活/vi在/p三十/m摄氏度/q的/ude1燠/ag热/a气候/n里/f，/wd他/rr懂得/v冬天/t吗/y？/ww
巴金/nr回到/v了/ule上海/ns家里/s。/wj
不过/c一/m个/q多/a月/n时间/n，/wd上海/ns已经/d有/vyou了/ule不少/m变化/vn。/wj
萧珊/nr在/p铜/n厂/n搞/v的/ude1“/wyz四/m清/tg”/wyy已经/d接近/v尾声/n，/wd据说/v“/wyz四/m清/tg”/wyy走/v的/ude1是/vshi“/wyz资产阶级/n路线/n”/wyy，/wd要/v搞/v就/d得/ude3搞/v“/wyz文化大革命/nz”/wyy。/wj
她/rr和/cc工作/vn队/n的/ude1人/n都/d己/rr从/p厂/n里/f撤出/v来/vf，/wd回到/v作协/n参加/v运动/vn。/wj
作家/n协会/n上海/ns分会/n已经/d成立/vi了/ule“/wyz文革/n”/wyy领导/vn小组/n，/wd在/p巴金/nr下/vf飞机/n时/ng，/wd前来/vi迎接/v的/ude1是/vshi除了/p亚非/nr作家/n会议/n的/ude1有关/vn人员/n，/wd还有/v上海/ns作协/n“/wyz文革/n领导/vn小组/n”/wyy的/ude1人/n，/wd他们/rr还/d向/p巴金/nr“/wyz汇报/v”/wyy了/ule工作/vn，/wd说/v除了/p叶以群/nr、/wn孔罗荪/nr靠边/vi外/f，/wd还/d批判/v了/ule王西彦/nr、/wn魏金枝/nr和/cc师/ng陀/ng三/m个/q老/a作家/n。/wj
同时/c还有/v一些/mq大字报/n，/wd“/wyz谈/v到/v你/rr巴/b老/a一九六二年/m那/rzv篇/q《/wkz作家/n的/ude1勇气/n和/cc责任心/n》/wky”/wyy。/wj
巴金/nr知道/v自己/rr在劫难逃/vl，/wd但/c亚非/nr作家/n紧急/a会议/n的/ude1工作/vn还/d在/p进行/vx，/wd送往迎来/vl工作/vn仍/d得/ude3照/d做/v不/d误/v。/wj
八月/t初/f，/wd亚非/nr作家/n常设/b局/n秘书长/n森纳那亚克/nrf夫妇/n到/v上海/ns，/wd巴金/nr还是/d要/v和/cc许/v广平/ns、/wn曹禺/nr、/wn金仲华/nr等/udeng人/n一起/s去/vf机场/n迎接/v。/wj
当晚/t又/d得/ude3去/vf参加/v欢迎/v各国/rzs代表/n的/ude1酒会/n，/wd和/cc第二/m天/qt的/ude1群众/n大会/n。/wj
隔/v天/n亚非/nr作家/n紧急/a会议/n工作/vn结束/v，/wd巴金/nr送/v郭沫若/nr、/wn曹禺/nr等/udeng人/n回/v北京/ns，/wd在/p机场/n大家/rr的/ude1心境/n黯然/z，/wd竟/d不/d知/v今后/t是否/v再/d有/vyou机会/n见面/vi。/wj
特别/d是/vshi巴金/nr和/cc曹禺/nr，/wd几/m十年/m的/ude1友情/n，/wd想不到/vl竟/d有/vyou这么/rz难/a过/uguo的/ude1日子/n：/wm谁/ry也/d保证/v不/d了/ule谁/ry的/ude1安全/an，/wd谁/ry也/d不/d知道/v哪/ry一/m天/qt自己/rr被/pbei作为/v“/wyz犯人/n”/wyy受审/vi，/wd甚至/d家破人亡/al。/wj
飞机/n从/p机场/n起飞/vi，/wd郭沫若/nr、/wn曹禺/nr离开/v了/ule上海/ns，/wd他们/rr走/v了/y，/wd巴金/nr木然/z在/p地面/n上/f站/vi着/uzhe，/wd忽然/d感到/v十分/m孤独/an，/wd觉得/v自己/rr离/v大家/rr十分/m遥远/a，/wd独个儿/d竟/d无/v路/n可/v走/v，/wd不知/v如何/ryv是/vshi好/a。/wj
别人/rr提醒/v他/rr一起/d去/vf搭车/v返/v市区/s，/wd他/rr“/wyz嗯/e”/wyy了/ule一/m声/qv就/d跟/p他们/rr离开/v机场/n，/wd外表/n十分/m镇静/an，/wd内心/n竟/d如/v一/m盆/q滚烫/z的/ude1水/n，/wd沸腾/vi得/ude3满/a脑子/n都/d浮/v起/vf一个/mq个/q问号/n，/wd对/p这个/rz自己/rr曾/d爱/v过/uguo的/ude1人世/n的/ude1问号/n，/wd对/p这个/rz深不可测/vl的/ude1运动/vn的/ude1问号/n。/wj
等/v不/d到/v巴金/nr想/v得/ude3更/d多/a，/wd上海/ns作家/n协会/n就/d来/vf催促/v他/rr回到/v单位/n参加/v运动/vn。/wj
他/rr是/vshi作协/n上海/ns分会/n主席/n，/wd但/c作协/n上海/ns分会/n的/ude1领导权/n却/d属于/v别人/rr。/wj
他们/rr叫/vi他/rr向/p东/f，/wd他/rr无法/v向/p西/f；/wf他们/rr叫/vi他/rr向/p西/f，/wd他/rr也/d无法/v向/p东/f。/wj
现在/t他们/rr把/pba他/rr安排/v在/p创作/vn组/n里/f学习/v，/wd他/rr当然/d二话不说/vl，/wd跟/v着/uzhe大家/rr读/v起/vf“/wyz红宝书/nr”/wyy来/vf。/wj
组/n里/f有的/rz人/n以前/f非常/d尊敬/v巴金/nr，/wd现在/t却/d非常/d冷/a淡/x，/wd看来/v他们/rr已/d与/p巴金/nr“/wyz划清/v界线/n”/wyy了/y，/wd这/rzv使/v巴金/nr心里/s更加/d紧张/a。/wj
他/rr是/vshi在/p八月/t七日/t去/vf报到/vi的/ude1。/wj
到/v了/ule以后/f，/wd只见/v大厅/n上/f挂/v满/v了/ule一/m张/q张/nr1大字报/n。/wj
这些/rz大字报/n好像/v阎罗王/n对/p犯人/n的/ude1判决书/n，/wd不但/c杀气腾腾/vl，/wd而且/c尖酸/a刻薄/an。/wj
写/v大字报/n的/ude1人/n，/wd平时/t写/v作品/n不/d见/v得/ude3在/p刊物/n编辑/n面前/f能够/v顺利/ad过关/vi，/wd现在/t不知/v怎样/ryv，/wd忽然/d融会贯通/vl，/wd才气/n横溢/vi，/wd既/c能/v把/pba张/nr1三/m的/ude1事/n套/q在/p李/nr1四/m头/q上/f，/wd：/wm作协/n机关/n内部/f贴/v巴金/nr的/ude1大字报/n竟/d有/vyou那么/rz多/a，/wd而且/c有的/rz还/d写/v得/ude3那么/rz出人意外/vl地/ude2“/wyz上纲上线/vl”/wyy。/wj
虽然/c她/rr和/cc巴金/nr一样/uyy，/wd看到/v叶以群/nr、/wn孔罗荪/nr靠边/vi，/wd王西彦/nr等/udeng人/n被/pbei批判/v，/wd知道/v巴金/nr也/d必/d在劫难逃/vl，/wd但/c冥/ng冥/ng之中/f总/d还/d存在/v一点/m幻想/n，/wd以为/v巴金/nr平时/t小心谨慎/vl，/wd比较/d注意/v自己/rr的/ude1言行/n，/wd解放后/t积极/ad响应/v各种/rz号召/vn，/wd下/vf部队/n，/wd下/vf农村/n，/wd从/p不/d落/v在/p人/n后/f；/wf即使/c发表/v《/wkz作家/n的/ude1勇气/n和/cc责任心/n》/wky这样/rzv的/ude1言论/n，/wd也/d是/vshi由/p市委/n宣传部/n副/b部长/n陈其/nr五/m多/m次/qv动员/v，/wd归根结蒂/dl，/wd还/d是/vshi响应/v当时/t“/wyz上面/f”/wyy希望/v大家/rr畅所欲言/vl的/ude1号召/vn，/wd他/rr怎么/ryv可能/v是/vshi反对/v共产党/n，/wd反对/v社会主义/n呢/y其实/d，/wd上海/ns作协/n大厅/n里/f的/ude1这/rzv一些/mq戏/n，/wd不过/c是/vshi上海/ns当时/t出现/v的/ude1“/wyz造反/vi”/wyy狂潮/n的/ude1一个/mq小小/z泡沫/n，/wd或者/c说是/v一/m出/vf小小/z丑剧/n，/wd整个/b上海/ns这时/rzt已/d早/a被/pbei康生/nr、/wn陈伯达/nr、/wn江青/nr、/wn张春桥/nr的/ude1“/wyz中央/n文革/n”/wyy小组/n搞/v得/ude3天翻地覆/al。/wj
原来/d整洁/a的/ude1南京路/ns，/wd现在/t通过/p红卫兵/nz的/ude1“/wyz破/v四/m旧/a”/wyy，/wd已经/d变/v得/ude3像/v一个/mq被/pbei市井/n无赖/an蹂躏/vn过/uguo的/ude1少女/n，/wd显得/v衣衫/n凌乱/a，/wd形容/v憔悴/an，/wd一/m夜/qt之间/f，/wd青春/n全部/m销蚀/v，/wd满/a街/n都/d是/vshi混/x乱/d不堪/v的/ude1大字报/n。/wj
原来/d五彩缤纷/vl的/ude1商店/n玻璃/n橱窗/n，/wd现在/t全/d代/v之/uzhi以/p语录/n牌/n与/cc领袖/n像/v。/wj
饭馆/n、/wn饮食店/n服务员/n全部/m“/wyz退居二线/vl”/wyy，/wd端/v茶/ng取/v菜/n送/v饭/n，/wd全/d由/p顾客自己/n动手/vi，/wd弄/v得/ude3每张/n桌子/n都/d杯/ng盘/v狼藉/z，/wd羹/ng汤/n四/m溅/v。/wj
百货店/n经过/p检查/vn，/wd绝大部分/m服装/n已/d搬/v回/qv仓库/n里/f去/vf，/wd因为/c它们/rr都/d被/pbei认为/v是/vshi“/wyz奇装异服/nl”/wyy。/wj