1983年/m的/ude1元宵/n灯节/t。/wj
对/p位于/v广东/ns与/p福建/ns两/m省/n交界处/n的/ude1潮州/ns，/wd是/vshi一个/mq具有/v特殊/a意义/n的/ude1盛大/b节日/n。/wj
这/rzv一/m天/qt清早/t，/wd灰蒙蒙/z的/ude1天空/n就/d飘/v起/vf了/ule细密/a的/ude1雨/n丝/q，/wd正/d所谓/v“/wyz正月/t十五/m云/vg遮/v月/n”/wyy。/wj
然而/c潮州/ns虽然/c不/d见/v瑞雪/n降临/vi，/wd却/d下/f起/vf了/ule纷纷扬扬/dl的/ude1细雨/n。/wj
这时/rzt春节/t的/ude1年/qt味/ng尚未/d消除/v，/wd春雨/n贵/r如/v油/n，/wd朦胧/a的/ude1细雨/n显然/ad为/v古老/a潮州/ns平添/v了/ule喜气/n。/wj
值得/v记/v上/vf一/m笔/q的/ude1是/vshi，/wd就/d在/p这/rzv一/m天/qt，/wd潮州/ns古城/n来/vf了/ule一/m位/q尊贵/a的/ude1客人/n，/wd此人/r前/f一/m天/qt就/d从/p香港/ns启德/nz机场/n搭/v航班/n机/ng抵达/v了/ule广州/ns，/wd今天/t清晨/t才/d得以/v乘车/vi驶/vg进/vf这/rzv座/q弥漫/v节日/n气氛/n的/ude1潮州/ns。/wj
他/rr就/d是/vshi著/vi名/ng香港/ns大/a企业家/n李嘉诚/nr！/wt
出现/v在/p李嘉诚/nr眼前/t的/ude1潮州/ns古城/n宛若/v一/m幅/q浓墨重彩/vl的/ude1水墨画/n。/wj
坐/v在/p驶往/v新城区/ns的/ude1轿车/n上/f，/wd李嘉诚/nr一/m眼/q就/d望见/v了/ule路边/s那/rzv座/q有名/a的/ude1开元/nz护/v国/n禅寺/n，/wd他/rr在/p北/f门/n街/n观/vg海/n寺/ng小学/n读书/vi的/ude1时候/n，/wd这里/rzs便/d是/vshi他/rr每晚/r放学/vi的/ude1归/v家/n之/uzhi路/n。/wj
尤其/d是/vshi那/rzv巍峨/z挺拔/a的/ude1殿阁/nr2，/wd唐代/t保存/v迄今/d的/ude1碧绿/z琉璃瓦/n和/cc古寺/n四周/f蜿蜒/z的/ude1红/a墙/n，/wd都/d让/v暮年/t归/v乡/n的/ude1李嘉诚/nr感到/v亲切/a与/cc动情/vi。/wj
他/rr清楚/a地/ude2记得/v，/wd就/d在/p两年/m前/f的/ude1春天/t，/wd也/d是/vshi飘/v着/uzhe霏霏/z细雨/n的/ude1二月/t，/wd李嘉诚/nr为/p让/v母亲/n李庄碧琴/nr多年/mq的/ude1夙愿/n变成/v现实/n，/wd他/rr决定/v出资/vi二百/m万/m元/q对/p这/rzv座/q可/v与/p北京/ns白云/n观/vg媲美/vi的/ude1开元/nz护/v国/n禅寺/n进行/vx一/m次/qv大修/vn。/wj
庄太/nr夫人/n早年/t在/p潮州/ns生活/vn时/ng，/wd开元/nz护/v国/n禅寺/n就/d是/vshi她/rr逢/v年/qt遇/v节/n进/vf香/n许愿/vi的/ude1佛门/n圣地/n。/wj
自/p庄太/nr夫人/n从/p潮州/ns来/f到/v香港/ns以后/f，/wd她/rr老人家/n无/v时/ng不/d怀念/v这里/rzs早年/t繁盛/a的/ude1香火/n，/wd还有/v那/rzv座/q保留/v美好/a回忆/vn的/ude1古建筑/n——/wp雕/vg梁/nr1画/n栋/q、/wn碧/ng瓦/n参差/a的/ude1观音/n阁/ng。/wj
只/d是/vshi近年/t庄/nr1太/b夫人/n听/v闻/v历经/v数十年/m风雨/n的/ude1侵袭/vn，/wd在/p她/rr心中/s曾/d是/vshi一/m片/q灿烂/a如/v锦/ag的/ude1开元/nz寺/ng古/a建筑群/n，/wd如今/t廊/ng柱/ng殿/ng阁/ng多/d已/d彩釉/n斑驳/z，/wd对/p此/rzs她/rr常情/n难/ad自/p禁地/n发出/v声声/q叹息/vi。/wj
于是/cc，/wd李嘉诚/nr决定/v出资/vi重/d修/v古刹/n。/wj
这/rzv一/m天/qt，/wd当/p李嘉诚/nr重返/v潮州/ns时/ng，/wd儿时/t那/rzv座/q金碧辉煌/al的/ude1寺院/n又/d再/d一/m次/qv重现/v眼前/s。/wj
李嘉诚/nr这/rzv次/qv重返/v潮州/ns，/wd是/vshi自/p1978年/m首/m次/qv从/p香港/ns回/v内地/s参访/v以来/f最/d重要/a的/ude1一/m次/qv旅程/n。/wj
李嘉诚/nr第一/m次/qv回/v内地/s，/wd是/vshi当年/t的/ude19月/t下旬/t，/wd当时/t他/rr和/cc夫人/n庄月明/nr女士/n，/wd应邀/vd来到/v北京/ns参加/v国庆/t29/m周年/q的/ude1庆祝/vn观礼/vn活动/vn。/wj
庆祝/v活动/vn结束/v以后/f，/wd李嘉诚/nr偕/vg夫人/n庄月明/nr就/d飞往/v他/rr的/ude1故乡/n潮州/ns，/wd这/rzv也/d是/vshi阔别/v故乡/n38年/m后/f的/ude1他/rr首/m次/qv返乡/vi。/wj
大约/d在/p1980年/m，/wd也/d是/vshi一个/mq充满/v希望/v的/ude1早春/t，/wd李嘉诚/nr听说/v他/rr潮州/ns虽然/c从/p建国/vi以来/f医疗/n卫生/an事业/n有/vyou了/ule一定/b的/ude1发展/vn，/wd然而/c潮安县/ns、/wn潮州市/ns两/m级/q医院/n的/ude1医疗/n设施/n仍然/d无法/v与/p先进/a地区/n相比/vi，/wd特别/d是/vshi潮州/ns乡间/s缺医少药/nl的/ude1落后/a局面/n，/wd很/d让/v这/rzv位/q热心/a于/p慈善/a事业/n的/ude1香港/ns长/a实/a集团/n主席/n倍感/v忧愁/an。/wj
每当/p从/p家乡/n传来/v因/p医疗/n设备/n的/ude1落后/a而/cc发生/v不/d好/a的/ude1传闻/n时/ng，/wd李嘉诚/nr都/d会/v联想/nz到/v祖父/n早年/t在/p潮州/ns因/p病/n故去/vi的/ude1往事/n。/wj
应该/v为/p家乡/n做/v点/qt什么/ry了/y，/wd他/rr就/d是/vshi在/p这种/r思想/n支配/vn下/f，/wd毅然/d决定/v动用/v长/a实/a慈善/a基金/n的/ude1款项/n，/wd斥资/v2200/m万/m元/q在/p潮州/ns建起/v潮州市/ns和/cc潮安县/ns两/m座/q具有/v现代化/vn设施/n的/ude1医院/n。/wj
当时/t，/wd潮州市/ns和/cc潮安县/ns两/m级/q政府/n是/vshi多么/d希望/v这/rzv位/q投资/vn人/n能够/v在/p百/m忙/v之中/f亲自/d为/v这/rzv两/m所/q医院/n的/ude1落成/vi剪彩/vi呀/y。/wj
可是/c，/wd潮州/ns的/ude1父母官/n们/k根本/d不/d了解/v李嘉诚/nr不/d计/vi名利/n的/ude1为人/n。/wj
早/ad在/p他/rr为/p潮州/ns投/v下/vf第一/m笔/q资金/n兴办/v善事/n时/ng起/f，/wd他/rr就/d叮嘱/v相关/vn人员/n：/wm“/wyz此/rzs事/n不必/d张扬/vi。/wj”/wyy
这/rzv表明/v他/rr出资/vi为/p潮州/ns百姓/n建/v起/vf的/ude1一/m批/q新式/a住宅/n，/wd绝对/d不/d是/vshi为着/p个人/n的/ude1名利/n，/wd而是/c出于/v对/p乡/n梓/ng的/ude1一/m片/q深情/n。/wj
所以/c他/rr早就/d暗暗/d给/p自己/rr制定/v了/ule约法三章/vl：/wm一/m不/d能/v以/p他/rr李氏/nr的/ude1姓名/n为/v出资/vi兴建/v的/ude1项目/n命名/v；/wf二/m不/d能/v亲自/d到/v场/qv为/p自己/rr投资/v的/ude1项目/n剪彩/vi；/wf三/m不/d允许/v他/rr手下/s人/n以/p“/wyz长/a实/a集团/n”/wyy的/ude1名义/n出席/v各种/rz项目/n落成/vi庆典/n和/cc其他/rzv庆祝/v仪式/n。/wj
李嘉诚/nr常常/d用/v这/rzv严格/a的/ude1“/wyz约法三章/vl”/wyy多次/mq婉拒/v来自/v家乡/n潮州/ns的/ude1盛情/n相/d邀/v。/wj
然而/c地方官/n们/k岂能/v在/p没有/v出资人/n到场/vi的/ude1情况/n下/f就/d为/v这/rzv两/m家/q医院/n召开/v庆祝/v仪式/n？/ww
就/p这样/rzv，/wd本来/d一年/m前/f就/d可以/v举行/v的/ude1落成/vn庆祝/vn仪式/n，/wd一直/d推/v到/v了/ule翌年/t的/ude1春天/t。/wj
期间/f潮州/ns的/ude1父母官/n多/m次/qv以/p各种/rz方式/n向/p他/rr发出/v邀请/vn。/wj
李嘉诚/nr也/d数/m次/qv婉拒/v，/wd从/p秋天/t一直/d推迟/v到/v1983年/m的/ude1元宵/n佳节/n。/wj
终于/d，/wd抵挡/v不/d住/vi家乡/n人/n的/ude1一/m片/q热情/an，/wd盛情难却/vl，/wd他/rr破/v了/ule自己/rr的/ude1“/wyz约法三章/vl”/wyy，/wd他/rr来/vf了/y。/wj
李嘉诚/nr又/d来到/v过去/vf魂/n牵/v梦/n绕/v的/ude1面/n线/n巷/ng了/y。/wj
这里/rzs是/vshi潮州/ns北/f门/n街/n的/ude1中心/n，/wd他/rr记/v得/ude3自己/rr少年/n时期/n就/d是/vshi在/p这/rzv条/q铺/v满/a大/a块/q青/a条石/n的/ude1小街/n上/f走/v过来/vf的/ude1。/wj
而/cc小巷/n深处/s那/rzv座/q早已/d破败/vi的/ude1小院/n，/wd如今/t已经/d不/d见/v了/ule踪影/n。/wj
李嘉诚/nr始终/d没有/d忘记/v那个/rz曾经/d给/p他/rr温暖/an也/d给/p他/rr忧愁/a的/ude1家/n。/wj
幽静/a的/ude1院落/n里/f有/vyou一/m棵/q在/p秋天/t结/v满/a硕果/n的/ude1柿子/n树/n，/wd几/m间/q青/a瓦/n参差/a，/wd石墙/n为/v底/f的/ude1北/f屋/n，/wd好象/n仍/d能/v隐隐/z飘/v出/vf他/rr熟悉/v的/ude1读书/vn之/uzhi声/ng：/wm草/n铺/v横/dg野/a六七/m里/q，/wd笛/ng弄/v晚风/n三/m里/q声/n。/wj
归来/vi饱/a饭/n黄昏/t后/f，/wd不/d脱/v蓑衣/n卧/vi月/n明/ag。/wj
那/rzv是/vshi李嘉诚/nr喜欢/vi的/ude1《/wkz千/m家/q诗/n》/wky。/wj
数十年/m来/vf李嘉诚/nr生活/vi在/p繁华/a的/ude1国际/n大都市/n香港/ns，/wd他/rr身/ng处/n冗/ag繁/ag商务/n，/wd奔走/vi于/p世界/n各地/rzs，/wd可以/v说/v得/ude3上/vf日理万机/vl，/wd但是/c，/wd他/rr始终/d不/d能/v淡/x忘/v儿时/t的/ude1往事/n。/wj
尤其/d潮州/ns城内/s北/f门/n街/n，/wd还有/v面/q线/n巷/ng那/rzv座/q栽/v有/vyou桂/b树/n的/ude1幽静/a小院/n，/wd以及/cc祖父/n和/cc前辈/n们/k留/v传/v下来/vf的/ude1老/a屋/n。/wj