李嘉诚/nr遇/v上/vf了/ule障碍/n，/wd他/rr麾下/n几/m位/q技术员/n都/d是/vshi一些/mq没有/d经过/p正规/a学校/n毕业/v的/ude1“/wyz土/n技工/n”/wyy。/wj
虽然/c李嘉诚/nr在/p偿/vg清/a所有/b内/f外债/n、/wn重新/d恢复/v生产/vn以后/f，/wd开始/v注重/v智力/n和/cc技术/n的/ude1投资/vn，/wd并且/c不惜/v财力/n重金/n礼/n聘/v几/m位/q在/p塑胶/n行业/n颇/d有/vyou建树/n的/ude1技术/n工程师/n加盟/v他/rr的/ude1长江/ns厂/n，/wd同时/c也/d对/p生产/vn车间/n的/ude1技术/n骨干/n进行/vx了/ule系统/n的/ude1培训/vn。/wj
然而/c，/wd面对/v着/uzhe生产/vn塑胶/n花/n这样/rzv在/p香港/ns尚无/v先例/n的/ude1尖端/b产品/n，/wd李嘉诚/nr的/ude1技术/n智囊团/n们/k仍然/d显得/v力不从心/vl。/wj
不过/c，/wd李嘉诚/nr是/vshi一个/mq不/d会/v轻易/d服输/vi的/ude1人/n，/wd只要/c认/v准/a了/ule可以/v攀登/v的/ude1新/a目标/n，/wd就/d一定/d会/v不惜/v任何/rz代价/n实现/v他/rr的/ude1计划/n。/wj
“/wyz不/d入/v虎穴/n，/wd焉/ryv得/v虎子/n？/ww”/wyy
李嘉诚/nr在/p四壁/n无/v门/n，/wd求/v计/vi不得/vi的/ude1情况/n下/f，/wd他/rr终于/d做出/v一个/mq大胆/a的/ude1决定/n：/wm到/v意大利/nsf去/vf，/wd到/v米兰/ns去/vf！/wt
因为/p那/rzv册/q画报/n上/f注明/v，/wd米兰/ns不但/c是/vshi意大利/nsf的/ude1第二/m大/a城市/n，/wd同时/c也/d是/vshi该国/r最/d大/a的/ude1工商业/n城市/n。/wj
画/v报/n上/f几/m幅/q塑胶/n花朵/n的/ude1生产/vn厂家/n，/wd就是/v米兰/ns的/ude1维斯/nrf孔/nr1蒂/ng塑胶/n厂/n生产/vn的/ude1最新/a产品/n。/wj
如今/t，/wd当/p李嘉诚/nr真/a的/ude1来到/v这/rzv座/q城市/n时/ng，/wd又/d感到/v了/ule一/m种/q无所适从/vl的/ude1茫然/an。/wj
他/rr发现/v米兰/ns城/n仍然/d保留/v着/uzhe十八/m世纪/n古朴/a的/ude1风貌/n，/wd宽阔/a的/ude1大街/n与/cc狭窄/a小巷/n组成/v了/ule错落有致/vl的/ude1城区/n布局/n，/wd满目疮痍/vl的/ude1古堡/n与/cc新建/v的/ude1巨厦/n大楼/n，/wd构成/v了/ule今/tg古/tg相宜/a的/ude1特殊/a风格/n。/wj
不过/c，/wd那时/rzt心急/a如/v火/n的/ude1李嘉诚/nr哪/ry有/vyou心思/n领略/v这些/rz。/wj
他/rr当时/t的/ude1目标/n就/d是/vshi尽快/d找到/v维斯/nrf孔/nr1蒂/ng塑胶/n厂/n。/wj
李嘉诚/nr以/p香港/ns企业/n老板/n的/ude1身份/n，/wd造访/v了/ule这家/r以/p意大利/nsf古代/t贵族/n维/b斯/b孔蒂/nrf命名/v的/ude1塑胶/n厂/n。/wj
这/rzv果然/d是/vshi一/m座/q气魄/n宏伟/a的/ude1现代化/vn工厂/n。/wj
接待/v他/rr的/ude1是/vshi一/m位/q女/b厂长/n助理/n，/wd两/m人/n以/p英语/nz对话/vi，/wd谈/v得/ude3比较/d投机/v。/wj
特别/d是/vshi李嘉诚/nr那/rzv风度翩翩/vl的/ude1仪表/n与/cc温文尔雅/vl的/ude1谈吐/n，/wd很/d让/v这/rzv位/q厂长/n助理/n愿意/v与/p这/rzv位/q来自/v中国/ns香港/ns的/ude1年轻/a企业家/n交流/vn。/wj
可是/c，/wd李嘉诚/nr没/d想到/v当/p他/rr提出/v要/v购买/v该厂/r生产/vn的/ude1塑胶/n花/v工艺/n与/cc设计/vn图纸/n时/ng，/wd女/b助理/n所/usuo提出/v的/ude1价格/n却/d让/v他/rr惊讶/a得/ude3吐/v了/ule舌头/n。/wj
如果/c依/p他/rr长江/ns厂/n现有/vn的/ude1流动资金/nl去/vf购买/v的/ude1话/n，/wd简直/d就/d是/vshi望尘莫及/vl的/ude1奢/ag想/v。/wj
因为/p几/m百/m万/m美元/q的/ude1价目/n，/wd即便/c李嘉诚/nr把/pba他/rr工厂/n全部/m都/d换成/v美金/n，/wd也/d只/d够/v这笔/r费用/n的/ude1几/m十分之一/m！/wt
如此/rzv惊人/a的/ude1天价/n，/wd让/v李嘉诚/nr自/p感/vg力不从心/vl，/wd于是/cc他/rr只好/d讪/x讪/x地/n告辞/vi了/y。/wj
夜里/t，/wd他/rr下榻/v在/p米兰/ns旧城区/n的/ude1一/m家/q低档/b旅店/n里/f。/wj
他/rr已经/d在/p筹划/v归程/n的/ude1机票/n了/y。/wj
既然/c在/p意大利/nsf无力/vi购买/v到/v价目/n惊人/a的/ude1塑胶/n花/v技术/n，/wd那么/c最/d好/a尽快/d离开/v这/rzv座/q意大利/nsf古城/n，/wd他/rr没有/v心情/n到处/d逛/v一/m逛/v，/wd因为/c他/rr知道/v如果/c继续/v这样/rzv毫无/v成果/n地/ude2在/p意大利/nsf逗留/vi，/wd就/d等于/v浪费/vn金钱/n。/wj
本来/d，/wd再/d过/uguo两/m天/qt就/d有/vyou飞往/v香港/ns的/ude1机票/n，/wd可是/c说来/v也/d怪/a，/wd就/d在/p李嘉诚/nr等候/v购买/v回程/n机票/n的/ude1时候/n，/wd他/rr在/p购票/v窗口/s见到/v了/ule一/m张/q招工/vn广告/n，/wd上/f写/v：/wm招工/vn广告/n本/rz公司/n现/tg缺/v勤杂工/n三/m名/q，/wd供料/n工/n两/m人/n。/wj
凡/d米兰/ns常驻/v人口/n，/wd或者/c外国/n人均/a可/v报名/vi应试/vi。/wj
录用/v者/k试用期/t一/m个/q月/n，/wd转正/vi后/f发给/v所有/b正式/a工人/n应有/v的/ude1劳保/n待遇/n，/wd并/cc增加/v工薪/n…/ws…/ws
李嘉诚/nr初时/t并/d没有/v在/p意/ng，/wd因为/c这/rzv与/p他/rr此行/rzv的/ude1任务/n是/vshi风/n马/nr1牛/n不及/vi的/ude1两/m回/qv事/n，/wd再说/c，/wd他/rr如今/t最/d苦恼/a的/ude1事/n就是/v如何/ryv才/d能/v搞/v到/v生产/vn塑胶/n花/n的/ude1技术/n，/wd为了/p这/rzv一/m目标/n，/wd几/m天/qt来/f他/rr每天/r早晚/d都/d来/vf到/v那/rzv座/q气势/n威严/a的/ude1维斯/nrf孔/nr1蒂/ng塑胶/n厂/n的/ude1大门/n前/f，/wd他/rr在/p这里/rzs徘徊/vi，/wd想/v通过/p非正常/b途径/n进入/v有/vyou人/n看管/v的/ude1厂/n区/n大门/n。/wj
然而/c他/rr的/ude1这种/r想法/n很/d不/d现实/a，/wd别/d说/v他/rr是/vshi个/q外国人/n，/wd即便/c米兰/ns当地人/n也/d休想/v迈进/vi这家/r壁垒/n森严/a的/ude1工厂/n。/wj
在/p这/rzv一/m打算/n落空/vi以后/f，/wd李嘉诚/nr又/d想到/v书店/n和/cc图书馆/n去/vf碰/v运气/n。/wj
然而/c他/rr在/p这些/rz地方/n也/d不/d可能/v得到/v有关/vn生产/vn塑胶/n花/n的/ude1技术资料/n。/wj
在/p当时/t尚未/d解密/vi的/ude1工艺/n资料/n，/wd又/d怎么/ryv能/v轻易/d印/v在/p公开/ad销售/v的/ude1书刊/n上/vf呢/y？/ww
他/rr所/usuo能/v得到/v的/ude1无非/d就/d是/vshi一些/mq塑胶/n花/n的/ude1大幅/b照片/n而已/y。/wj
可是/c，/wd就/d在/p那/rzv张/q招工/vn广告/n上/f，/wd李嘉诚/nr的/ude1余/m光/n忽然/d瞥见/v“/wyz塑胶/n花/n”/wyy三/m字/n！/wt
这/rzv几/m个/q字/n刚刚/d跳/vi进/vf他/rr的/ude1眼帘/n，/wd就/d让/v他/rr浑身/n所有/b细胞/n都/d倾/vi刻/v跳动/vi起来/vf。/wj
在/p那些/rz日子/n里/f，/wd没有/v什么/ry比/p“/wyz塑胶/n花/n”/wyy几/m个/q英文/nz字母/n更/d能/v引起/v他/rr注意/v的/ude1了/y。/wj
这个/rz特殊/a的/ude1英文/nz名词/n，/wd已经/d在/p李嘉诚/nr的/ude1脑际/n活跃/an和/cc飞腾/vi多/m时/ng，/wd只要/c他/rr闭/v上/vf眼睛/n就/d能/v看到/v这/rzv几/m个/q英文/nz字母/n。/wj
招工/vi的/ude1是/vshi一/m家/q名/q叫/vi“/wyz福尔斯/nrf”/wyy的/ude1公司/n，/wd而且/c广告/n上/f注明/v是/vshi“/wyz福尔斯/nrf塑胶/n花/v有限公司/n”/wyy！/wt
李嘉诚/nr早/tg就/d知道/v在/p一个/mq米兰/ns市/n，/wd大大小小/z的/ude1工厂/n有/vyou上百/m家/q，/wd而/cc生产/vn塑胶/n花/n的/ude1只/d有/vyou维斯/nrf孔蒂/nrf一/m家/q。/wj
他/rr不/d明白/v为什么/ryv忽然/d又/d冒/v出/vf一个/mq塑胶/n花/v有限公司/n。/wj
再/d看/v那/rzv招工/vn启示/vn上/f的/ude1要求/n，/wd凡是/d年/qt满/v20/m岁/qt的/ude1本土/n人/n或/c外国/n人均/a可/v报名/vi，/wd再/d看/v工种/n竟是/v勤杂人员/nl和/cc车间/n的/ude1上/f料/v工/n，/wd劳动强度/nl肯定/d很/d大/a，/wd所以/c当地人/n报名/vi者/k不/d多/a。/wj
正/d因为/p如此/rzv才/d允许/v持/v外国/n护照者/n也/d可/v报名/vi。/wj
“/wyz既然/c是/vshi这样/rzv，/wd我/rr为什么/ryv不/d可以/v报名/vi呢/y？/ww”/wyy
李嘉诚/nr的/ude1护照/n签/v明/tg可以/v在/p意大利/nsf境内/s停留/vi三/m个/q月/n时间/n。/wj
当初/t他/rr把/pba时间/n定/v三/m个/q月/n，/wd是/vshi希望/v有/vyou机会/n在/p此/rzs多方/d考察/v，/wd然后/c在/p拿/v到/v一/m份/q完整/a的/ude1塑胶/n花/n生产/vn工艺/n资料/n以后/f，/wd马上/d回/v香港/ns。/wj
如果/c他/rr不/d是/vshi以/p购买/v塑胶/n花/v资料/n的/ude1名义/n，/wd而是/c以/p一/m种/q打工仔/n的/ude1身份/n身临其境/nl地/ude2接触/v意大利/nsf厂家/n的/ude1生产线/n，/wd不/d是/vshi也/d同样/d可以/v学/v到/v他/rr所/usuo需要/v的/ude1技术/n吗/y？/ww
而/cc香港/ns他/rr早已/d经/p安排/v好/a可靠/a的/ude1人员/n在/p主持/v工厂/n，/wd没有/v他/rr在场/vi的/ude1情况/n下/f，/wd香港/ns的/ude1长江/ns厂/n仍然/d可以/v照例/d生产/v旧有/b的/ude1几/m种/q产品/n。/wj