卡/n门对/n钱学森/nr的/ude1工作/vn相当/d满意/v，/wd因此/c出面/vi担保/vn，/wd他/rr会/v为/p他/rr的/ude1爱/vn徒/d在/p新/a成立/vi的/ude1美国/nsf空军/n总司令/n部/q科学/n顾问/n委员会/n中/f争取/v位置/n。/wj
“/wyz年/qt方/f36/m，/wd钱学森/nr已经/d是/vshi一个/mq无可争议/vl的/ude1天才/n，/wd他/rr的/ude1工作/vn为/p高速空气/n动力学/n和/cc喷气/vn推进/vi领域/n的/ude1进展/vn提供/v了/ule极大/a的/ude1推动力/n。/wj
出于/v这些/rz原因/n，/wd我/rr提名/v他/rr在/p科学/n顾问/n委员会/n中/f任职/v。/wj”/wyy
冯/m?/ww
卡门/nrf在/p回忆录/n中/f这样/rzv写道/v。/wj
美国/nsf军方/n对/p钱学森/nr的/ude1成就/n也/d同样/b印象/n深刻/a。/wj
1945年/m12月/t，/wd美国/nsf陆/m军/n航空/n部长/n亨利/nrf?/ww
阿诺德/nrf将军/n为/p钱学森/nr颁发/v了/ule一/m张/q官方/n嘉奖/vn状/ng，/wd表彰/v他/rr在/p冲压/v式/k喷气机/n和/cc火箭/n性能/n等/udeng领域/n“/wyz卓越/a而/cc完备/a”/wyy的/ude1研究/vn工作/vn，/wd以及/cc在/p动力/n和/cc核能/n领域/n“/wyz无价/vi”/wyy的/ude1贡献/n。/wj
1946年/m5月/t20日/t，/wd钱学森/nr向/p《/wkz航空/n科学/a杂志/n》/wky提交/v了/ule一/m篇/q题为/v《/wkz超/v空气动力学/n及/cc稀薄/a气体/n力学/n》/wky（/wkzSuperaerodynamics/x,/wdMechanicsofRarefiedGases/x）/wky的/ude1论文/n。/wj
这/rzv篇/q发表/v于/p当年/t12月/t的/ude1论文/n或许/d是/vshi钱学森/nr在/p美国/nsf时/ng发表/v的/ude1最/d著/uzhe名/q的/ude1论文/n。/wj
钱学森/nr所/usuo做/v的/ude1，/wd便/d是/vshi设计/v出/vf了/ule一整套/mq全新/b的/ude1空气动力学/n公式/n，/wd将/p空气/n的/ude1分子/n结构/n和/cc气体/n粒子/n之间/f的/ude1平均/a距离/n等/udeng因素/n均/d考虑/v在内/u。/wj
这样/rzv，/wd他/rr就/p革命性/n地/ude2改变/v了/ule空气动力学/n家/q思考/v高空/s高速/d飞行/vi的/ude1方式/n。/wj
这/rzv篇/q论文/n获得/v极大/a关注/vn并/cc被/pbei频繁/ad引用/v。/wj
它/rr奠定/v了/ule钱学森/nr作为/p美国/nsf最/d伟大/a的/ude1理论/n空气动力学/n家/q的/ude1地位/n。/wj
然而/c，/wd即使/c在/p这/rzv篇/q论文/n发表/v前/f，/wd1946年/m，/wd钱学森/nr的/ude1母校/n麻省/nz理工学院/n已经/d决定/v向/p他/rr发出/v召唤/vn。/wj
麻省/nz理工学院/n的/ude1航空/n系/v给/v了/ule钱学森/nr一个/mq副教授/n的/ude1职位/n，/wd并/cc许诺/v随后/d转为/v终身/n教职/n。/wj
看/v起来/vf，/wd钱学森/nr刚刚/d接到/v邀请/v时/ng很/d犹豫/a了/ule一阵/mq。/wj
但/c最终/d，/wd钱学森/nr还/d是/vshi接受/v了/ule邀请/vn。/wj
决定/v回到/v麻省/nz理工学院/n是/vshi一个/mq明智/a的/ude1选择/vn。/wj
在/p美国/nsf的/ude1学术/n体系/n中/f，/wd学院/n通常/d鼓励/v甚至/d要求/v学者/n在/p另/rz一/m所/q学院/n获得/v某些/rz经验/n后/f再/d取得/v全/a职/ng教授/n的/ude1职位/n。/wj
“/wyz这/rzv是/vshi一个/mq重要/a的/ude1转变/vn，/wd”/wyy加州/ns理工学院/n的/ude1航空学/n教授/n霍默/nrf?/ww
乔/ag?/ww
斯图尔特/nrf指出/v，/wd“/wyz如果/c想/v要/v在/p自己/rr的/ude1领域/n中/f有所/v成就/n，/wd获取/v终身/n教职/n是/vshi极为/d重要/a的/ude1一/m步/qv。/wj”/wyy
还有/v其他/rzv重要/a原因/n促使/v钱学森/nr接受来自/n麻省/nz理工学院/n的/ude1聘书/n。/wj
他/rr的/ude1朋友/n林/nr1家/n翘/v认为/v，/wd钱学森/nr重返/v麻省/nz理工学院/n，/wd是/vshi为了/p让/v自己/rr真正/d成为/v一/m名/q火箭/n科学家/n。/wj
“/wyz钱学森/nr很/d有/vyou远见/n，/wd他/rr明白/v，/wd要/v想/v在/p火箭/n领域/n有所/v建树/n，/wd他/rr必须/d掌握/v一些/mq加州/ns理工学院/n之外/f的/ude1东西/n。/wj
当时/t，/wd加州/ns理工学院/n与/p麻省/nz理工学院/n是/vshi一/m种/q竞争/vn关系/n。/wj
加州/ns理工学院/n长/a于/p结构/n和/cc空气动力学/n，/wd但/c在/p麻省/nz理工学院/n，/wd钱学森/nr却/d能/v学/v到/v更/d多/a的/ude1关于/p仪表/n设备/n和/cc控制系统/n方面/n的/ude1知识/n。/wj”/wyy
林/nr1家/n翘/v指出/v。/wj
1946年/m夏天/t，/wd钱学森/nr忙/v着/uzhe打/v点/qt行装/n，/wd准备/v奔赴/v新/a的/ude1岗位/n。/wj
1946年/m6月/t17日/t，/wd他/rr与/p冯/m?/ww
卡门/nrf以及/cc另外/rz20/m多/m名/q科学/n顾问/n出席/v了/ule五角大楼/n的/ude1第一/m场/qv科学/n顾问/n委员会/n会议/n。/wj
到/v了/ule8月/t间/f，/wd他/rr正式/ad辞去/v在/p加州/ns理工学院/n的/ude1职位/n，/wd整/v装/v东/f去/vf，/wd重返/v那/rzv所/q10年/m前/f欢迎/v过/uguo他/rr但/c又/d拒绝/v了/ule他/rr的/ude1大学/n。/wj
回到/v麻省/nz理工学院/n（/wkz一/m）/wkyhttp:/x//w//wwww/x./wj
gmw/x./wj
cn2011/x-05-1814:03:58/m来源/n：/wm光明/n网/n秋风/n乍/d起/vf的/ude19月/t，/wd钱学森/nr来到/v波士顿/nsf，/wd他/rr在/p富人/n聚居/vi的/ude1小镇/n纽顿/nrf租下/v了/ule霍巴特/nsf路/n5/b号/n一/m栋/q带有/v殖民/vn时期/n风格/n的/ude1红/a砖/n小/a楼/n里/f的/ude1一/m间/q公寓/n。/wj
这个/rz街区/n十分/m安静/a，/wd街道/n两旁/f种/v着/uzhe枫树/n、/wn橡树/n和/cc银杏树/n，/wd一/m片/q金黄/z深红/b的/ude1秋色/n。/wj
然而/c，/wd在/p钱学森/nr的/ude1眼中/s，/wd绚烂/a的/ude1秋日/t风景/n却/d显得/v暗/a淡/x无/v光/n。/wj
刚/d到/v东/f海岸/n，/wd他/rr就/d开始/v怀念/v加利福尼亚/nsf。/wj
在/p一个/mq天堂/n般/uyy的/ude1宜/ag居/v之/uzhi地/ude2居住/v了/ule10年/m之后/f，/wd他/rr不得不/d再/d一/m次/qv让/v自己/rr适应/v四季/n分明/a的/ude1气候/n。/wj
“/wyz昨天/t下/vf了/ule一/m整夜/d雨/n，/wd”/wyy1946年/m10月/t1日/t，/wd钱学森/nr在/p一/m封/q信/n中/f抱怨/v道/qv，/wd“/wyz今天/t一下子/mq就/d凉/v下来/vf了/y。/wj
我/rr想/v在/p帕萨迪纳/nrf，/wd天气/n一定/d还/d很/d暖和/a吧/y。/wj”/wyy
让/v人/n感觉/n冷冰冰/z的/ude1还/d不/d只是/d波士顿/nsf的/ude1气候/n。/wj
钱学森/nr还/d写道/v：/wm“/wyz我/rr还/d没/d打破/v和/cc房东/n太太/n之间/f的/ude1坚冰/n呢/y。/wj”/wyy
作为/p一/m名/q新近/d就职/vi的/ude1教授/n，/wd钱学森/nr现在/t在/p古根海姆/nrf大楼/n的/ude1三/m层/qv有/vyou了/ule一/m间/q自己/rr的/ude1办公室/n。/wj
办公室/n里面/f有/vyou三/m张/q写字台/n，/wd一/m张/q会议桌/n，/wd几/m张/q绘图/vn桌/ng，/wd还有/v许多/m书架/q。/wj
从/p办公室/n的/ude1窗户/n望/v出去/vf，/wd可以/v见到/v位于/v楼下/s的/ude1风洞/n和/cc最/d东边/f新建/v的/ude1斯隆/nrf汽车/n引擎/n实验室/n和/cc蒸汽/n涡轮/n实验室/n。/wj
再/d往/p远处/s看/v，/wd便是/v化学/n工程/n大楼/n的/ude1办公室/n和/cc实验室/n，/wd黄色/n的/ude1外/f墙/n砖/n和/cc大/a块玻璃/n幕墙/n十分/m显眼/a。/wj
目/ng之/uzhi所/usuo及/v，/wd到处/d都/d是/vshi战争/n期间/f仓促/ad完工/vi的/ude1四四/m方/q方/a的/ude1混/x凝/vg土/n现代/t建筑/n。/wj
瓦/n萨/nr1尔/Rg街/n两边/f的/ude1新/a建筑/n包括/v一/m个/q回旋/vn磁力/n加速器/n、/wn一/m个/q核/n研究/vn机构/n和/cc一/m个/q发电厂/n。/wj
再/d往/p东/f边/d去/vf，/wd是/vshi一些/mq三/m层/qv的/ude1木头/n房子/n，/wd那里/rzs是/vshi新/a建成/v的/ude1辐射/vn实验室/n。/wj
一/m位/q建筑/n历史学家/n这样/rzv写道/v：/wm“/wyz蜂拥/vi而/cc来/vf的/ude1研究/vn合同/n催生/vi了/ule对/p房屋/n的/ude1空前/a需求/n，/wd建筑/n者/k无暇/d作出/v长远/a规划/n和/cc考虑/v技术/n细节/n，/wd一切/rz都/d是/vshi急就章/n。/wj”/wyy
战争/n期间/f，/wd麻省/nz理工学院/n看/v起来/vf更/d像/v一个/mq军事基地/nl而/cc非/b大学/n。/wj
大/a讲堂/n和/cc课堂/n全都/d空空荡荡/z。/wj
仍旧/d留/v在/p学校/n的/ude1学生/n们/k必须/d接受/v军训/vi。/wj
与此同时/c，/wd大约/d有/vyou2000/m名/q陆/m军/n和/cc海军/n军官/n来到/v麻省/nz理工学院/n学习/v超高频/n电波/n技术/n。/wj
战争/n的/ude1结束/v让/v学生/n们/k重新/d又/d填/v满/v了/ule麻省/nz理工学院/n的/ude1走廊/n和/cc教室/n。/wj
与/p以前/f不同/a，/wd这些/rz人/n中/f有/vyou许多/m都/d是/vshi年/qt近/v而立之年/nl的/ude1退伍军人/n，/wd他们/rr老成/a持重/a，/wd在/p战争/n中/f经历/v过/uguo生/v与/cc死/v的/ude1考验/vn，/wd急于/vd展开/v一/m段/q新/a的/ude1职业/n生涯/n并/cc成家立业/vl。/wj
1946年/m，/wd麻省/nz理工学院/n的/ude1在校/vn人数/n达到/v历史/n最高/a水平/n，/wd拥有/v超过/v2000/m名/q本科生/n和/cc800/m余/m名/q研究生/n。/wj
此外/c，/wd来自/v政府/n的/ude1研究/vn经费/n大量/m涌入/v，/wd使得/vi教授/n们/k不仅/c能够/v招收/v研究生/n和/cc研究/vn助理/n，/wd还/d可以/v招募/v许多/m工程师/n来/vf这里/rzs进行/vx博士后/n研究/vn。/wj