喜欢/vi一个/mq词语/n，/wd同船/n共/d渡/v。/wj
每个/r人/n的/ude1一生/n都/d会/v期待/v有/vyou一/m位/q可以/v和/cc自己/rr同船/n共/d渡/v的/ude1人/n。/wj
今生/t所有/b缘分/n都/d是/vshi前世/t修炼/v所得/n，/wd十年/m修/v得/ude3同船/n渡/v，/wd百年/m修/v得/ude3共/d枕/v眠/vg。/wj
所以/c我们/rr应当/v相信/v，/wd今生/t所有/b与/p自己/rr相识/vi的/ude1人/n，/wd前世/t都/d结/v过/uguo深刻/a的/ude1缘/n法/n。/wj
所有/b与/p你/rr我/rr擦/v肩/n的/ude1路/n人/n，/wd前世/t可能/v是/vshi邻居/n，/wd是/vshi茶/n友/ng，/wd甚至/d是/vshi知己/n或/c亲人/n。/wj
而/cc我们/rr今生/t所有/b的/ude1邂逅/v，/wd又/d会/v为/v来/vf生/v的/ude1缘分/n做好/v安排/v。/wj
十六/m岁/qt，/wd多/ad愁/v善/dg感/vg的/ude1林徽/nr因/c，/wd是否/v亦/d会/v有/vyou如此/rzv的/ude1念/v想/v？/ww
希望/v可以/v和/cc某个/rz浪漫/a诗意/n的/ude1男子/n同船/n共/d渡/v，/wd结/v下/vf一/m段/q美好/a的/ude1缘分/n。/wj
自从/p徽/ng因/p随/v父亲/n离开/v中国/ns之后/f，/wd就/d同/p他/rr到/v巴黎/nsf、/wn日内瓦/nsf、/wn罗马/nsf、/wn法兰克福/nsf、/wn柏林/nsf等/udeng地/ude2旅行/vi。/wj
看/v过/vf了/ule法国/nsf巴黎/nsf的/ude1浪漫/a风情/n，/wd去/vf过/uguo历史/n上/f显赫一时/vl的/ude1古/a罗马帝国/n，/wd领略/v过/uguo欧洲/ns城堡/n建筑/n的/ude1艺术/n与/cc华丽/a，/wd徽/ng因/p真切/a地/ude2感受/v到/v世界/n的/ude1宽大/a，/wd她/rr被/pbei异国/n风情/n那些/rz无/v以/p言/ng说/v的/ude1美丽/a彻底/ad征服/v了/y。/wj
原/d以为/v世间/n熙攘/z繁华/a莫/d过/uguo如此/rzv，/wd山/n只/d是/vshi山/n，/wd水/n也/d只/d是/vshi水/n，/wd人/n亦/d只/d是/vshi人/n。/wj
可/v当/p林徽/nr因/p赏/v阅/vg过/uguo各国/rzs不同/a的/ude1风物/n人情/n，/wd参观/v过/uguo风格/n迥异/z的/ude1建筑/n之后/f，/wd她/rr就/d再/d也/d不/d能/v停止/v对/p建筑业/n的/ude1追求/vn。/wj
游览/v各国/rzs，/wd林徽/nr因/p体会/v最/d深/a的/ude1就/d是/vshi建筑/n震撼/vn心灵/n的/ude1力量/n。/wj
一直/d惊叹/v造物主/n是/vshi何等/a的/ude1神奇/a，/wd可以/v将/d自然/a山水/n装扮/v得/ude3那/rzv般/uyy圣洁/a和/cc至/p美/b。/wj
平日/t里/f，/wd我们/rr总/d是/vshi太/d沉迷/vi于/p繁琐/a的/ude1名利/n，/wd而/cc忽略/v了/ule人生/n除了/p浮名/n还/d有/vyou太/d多/a的/ude1美好/a值得/v留恋/v。/wj
比如/v世间/n旖旎/a的/ude1风光/n，/wd万古/n不/d变/v的/ude1青山/n，/wd滔滔/z不尽/v的/ude1江水/n。/wj
这种/r干净/a、/wn这种/r大/a美/ng，/wd成/v了/ule每个/r人/n心中/s至/p高/a的/ude1信仰/vn，/wd搁/v在/p最/d神圣/a的/ude1角落/n，/wd不/d轻易/d与/p人/n言/vg说/v。/wj
后来/t，/wd林徽/nr因/p嫁/v给/v了/ule梁思成/nr，/wd两/m个/q人/n一起/s攻读/v建筑学/n，/wd相濡以沫/vl走过/v风雨/n人生/n。/wj
读/v过/uguo她/rr《/wkz你/rr是/vshi人间/n的/ude1四月/t天/n》/wky的/ude1人/n，/wd或许/d都/d会/v以为/v，/wd林徽/nr因/p应该/v是/vshi个/q诗情/n柔弱/a的/ude1女子/n。/wj
在/p她/rr生命/n中/f，/wd爱情/n应该/v高/a过/uguo事业/n。/wj
然而/c，/wd她/rr竟/d是/vshi一个/mq高/a旷/a女子/n，/wd她/rr执/v着/uzhe于/p事业/n，/wd觉得/v事业/n的/ude1成就/n远/ad比/v小/a儿女/n的/ude1情感/n要/v豁达/an。/wj
所以/c她/rr将/p自己/rr的/ude1一生/n都/d交付/v给/v了/ule事业/n，/wd哪怕/c到/v最后/f病痛/n缠身/v，/wd亦/d不/d曾/d有/vyou过/uguo丝毫/m的/ude1放弃/v。/wj
面对/v感情/n，/wd她/rr却/d多/a了/ule一/m份/q清醒/a。/wj
一九二/m○/w年/n九月/t，/wd林徽/nr因/p以/p优异/a成绩/n考入/vSt/x．/w
Mary/x′sCollege/x（/wkz圣玛莉/nrf学院/n）/wky学习/v。/wj
在/p英国/ns，/wd林徽/nr因/p也/d经常/d加入/v到/v父亲/n的/ude1各种/rz应酬/vn中/f，/wd她/rr以/p女主人/n的/ude1角色/n接待/v许多/m文化/n名流/n，/wd这/rzv对于/p她/rr后来/t的/ude1文字/n创作/vn奠定/v了/ule深厚/a的/ude1基础/n。/wj
她/rr不/d是/vshi普通/a的/ude1小家碧玉/nl，/wd在/p屋里/s翻/v读/v几/m本/q书/n，/wd就/d开始/v闭门造车/vl。/wj
她/rr领略/v过/uguo名山大川/nl，/wd结识/v过/uguo许多/m着/q名/q史/nr1家/n学者/n，/wd所以/c她/rr在/p文坛/n上/f的/ude1起步/vn高于/v其他/rzv女作家/n。/wj
更/d多/a时候/n，/wd林徽/nr因/p喜欢/vi一个/mq人/n待/vi在/p居住/v的/ude1寓所/n，/wd调/v一/m杯/q咖啡/n，/wd偎/vi在/p壁炉/n旁/f，/wd读/v她/rr喜欢/vi的/ude1书/n。/wj
许多/m名/q作家/n的/ude1诗歌/n、/wn小说/n、/wn剧本/n，/wd她/rr都/d一一/m阅览/vn。/wj
伦敦/nsf，/wd这/rzv座/q美丽/a的/ude1雾/n都/d，/wd总会/d飘/v起/vf缠绵/a悱/vg恻/ag的/ude1烟雨/n。/wj
而/cc这/rzv位/q寂寞/a的/ude1诗意/n少女/n，/wd总是/d独自/d守/v着/uzhe窗外/s的/ude1雨/n雾/n，/wd筑/v一/m场/qv又/d一/m场/qv无/v约/d之/uzhi梦/n。/wj
她/rr期待/v在/p这/rzv异国他乡/nl，/wd会/v有/vyou一个/mq多情/a男子/n走/v进/vf她/rr的/ude1生活/vn，/wd与/p她/rr共有/v一/m帘/q幽/ag梦/n。/wj
烟雨/n总/d是/vshi太/d过/uguo撩/v人/n情绪/n，/wd孤独/a的/ude1时候/n，/wd总是/d希望/v生活/vn中/f有/vyou浪漫/a发生/vn。/wj
林徽/nr2因/p希望/v可以/v像/p童话/n里/f所/usuo写/v的/ude1一样/uyy，/wd和/cc喜欢/vi的/ude1人/n围/v着/uzhe壁炉/n喝/vg咖啡/n，/wd闻/v烤/v面包/n的/ude1清香/n，/wd彼此/rr若/c有/vyou若/c无/v地/ude2诉说/v心情/n，/wd岁月/n在/p旋转/vi的/ude1韵律/n中/f缓慢/ad流淌/v。/wj
尽管/c那/rzv个/q人/n还/d没有/d出现/v，/wd但/c聪慧/a的/ude1林徽/nr因/p心里/s有/vyou预感/n，/wd在/p这/rzv座/q美丽/a的/ude1城市/n一定/d有/vyou属于/v她/rr的/ude1故事/n发生/v。/wj
那/rzv一/m场/qv康/nr1桥/n绝/d恋/v邂逅/v伦敦/nsf（/wkz1/a）/wky邂逅/v伦敦/nsf缘分/n真/a的/ude1好/a奇妙/a，/wd并非/v是/vshi中/b了/ule缘分/n这/rzv两/m个/q字/n的/ude1蛊/x，/wd所以/c才/d这样/rzv不厌其烦/al地/ude2谈论/v与/cc诉说/v。/wj
只/d是/vshi每当/p提及/v感情/n，/wd或/c是/vshi谁/ry与/p谁/ry的/ude1相遇/vi，/wd谁/ry又/d与/p谁/ry的/ude1相/d恋/v，/wd总是/d会/v与/p缘分/n纠缠/v不/d清/a。/wj
有/vyou缘/ng的/ude1人/n，/wd无论/c相隔/v千/m万/m之/uzhi遥/ng，/wd终/d会/v聚/v在/p一起/s，/wd携手/vi红尘/n。/wj
无缘/vi的/ude1人/n，/wd纵/c是/vshi近在咫尺/vl，/wd也/d恍如/v陌/ag路/n，/wd无/v份/q相/d牵/v。/wj
但/c也/d有人/r说/v，/wd缘分/n固然/c重要/a，/wd只是/c缘分/n来/vf时/ng也/d要/v用心/ad珍惜/v，/wd否则/c再/d深厚/a的/ude1缘分/n都/d会/v被/pbei消磨/v殆尽/vi，/wd到/v最后/f依旧/z是/vshi陌/ag路/n匆匆/z，/wd谁/ry也/d顾不了/vl谁/ry的/ude1感受/vn。/wj
缘/p深/a缘/ng浅/a，/wd情/n长/a情/n短/a，/wd说/v的/ude1就/d是/vshi如此/rzv。/wj
相爱/vi的/ude1时候/n，/wd总是/d会/v许/dg下/vf郑重/a的/ude1诺言/n，/wd要/v一生/n相/d守/v，/wd不/d离/v不/d弃/vg。/wj
当/p那/rzv份/q感觉/n一旦/d丢失/v，/wd过往/vn生死/n相/d依/v的/ude1爱恋/v，/wd竟/d成/v了/ule想方设法/dl要/v擦/v去/vf的/ude1记忆/n。/wj
不/d是/vshi谁/ry太/d薄情/a，/wd而是/c因为/p人本/n多情/an，/wd多情/a之/uzhi人/n才/d会/v种/q下/f更/d多/a的/ude1前/f因/c，/wd可/v所有/b结果/n也/d只能/v自己/rr承担/v。/wj
许多/m人/n想/v行云流水/nl过/uguo此/rzs一生/n，/wd却/d总是/d风波/n四/m起/q，/wd劲浪/nr2不止/v。/wj
平和/a之/uzhi人/n，/wd纵/c是/vshi经历/n沧海桑田/vl也/d会/v安然无恙/vl。/wj
敏感/a之/uzhi人/n，/wd遭遇/v一点/m风声/n也/d会/v千疮百孔/vl。/wj
命运/n给/p每个/r人/n同等/b的/ude1安排/vn，/wd而/cc选择/v如何/ryv经营/v自己/rr的/ude1生活/vn、/wn酿造/v自己/rr的/ude1情感/n，/wd则/c在于/v自己/rr的/ude1心性/n。/wj
一直/d以来/f都/d觉得/v林徽/nr因/p是/vshi静坐/vi在/p云端/n之上/f的/ude1女子/n，/wd之所以/c这么/rz认为/v，/wd不/d是/vshi因为/p她/rr的/ude1洁净/a，/wd她/rr的/ude1唯/d美/a，/wd而是/c面对/v错综复杂/vl的/ude1感情/n，/wd她/rr始终/d可以/v保持/v一/m种/q平和/a的/ude1姿态/n。/wj