而/cc最/d妙/a的/ude1是/vshi江苏/ns的/ude1陆/m文夫正/nr在/p北京/ns电影/n制片厂/n改/v剧本/n，/wd那/rzv时候/n的/ude1各/rz电影/n厂/n都/d在/p拉/v着/uzhe一/m批/q作家/n改/v本子/n，/wd作家/n们/k藉此/n也/d探/v闲/ad访友/vi一番/mq，/wd算是/v文艺/n复活/vi、/wn作家/n复生/nr2的/ude1一/m景/ng。/wj
他/rr辗转/vd打听/v到/v我/rr在/p北京/ns，/wd便/d与/p他/rr的/ude1妻子/n管毓柔/nr一/m起/q到/v我/rr的/ude1岳母/n家/q崇文区/ns光明/n楼/n找到/v了/ule我/rr。/wj
陆/m文/ng夫/ng比/p我/rr大/a六/m岁/qt，/wd江苏/ns泰兴/ns人/n，/wd他/rr在/p苏州/ns上/f的/ude1中学/n，/wd毕业/v后/f一九四六年/m到/v苏北/ns老区/n上/vf了/ule华东/ns军政/n大学/n，/wd四九年/m随着/p解放军/n的/ude1渡/v江/nr1船只/n过/uguo了/ule江/n，/wd又/d到/v了/ule苏州/ns。/wj
他/rr与/p苏州/ns结下/v了/ule不解之缘/nl，/wd长/v于斯/nrf，/wd写/v于/p斯/Rg，/wd逝/vg于/p斯/Rg，/wd甚至/d获得/v了/ule“/wyz陆/m苏州/ns”/wyy的/ude1美誉/n。/wj
一九五六年/m由/p作协/n编辑/n的/ude1年度/n短篇小说/nl选中/v，/wd我/rr的/ude1《/wkz组织部/n…/ws…/ws
》/wky与/p他/rr的/ude1《/wkz小巷/n深处/s》/wky同/p列/v，/wd我们/rr之间/f有/vyou一/m种/q同/p科/n“/wyz进士/n”/wyy之/uzhi感/ng。/wj
又/d同/p科/n落难/vi。/wj
一九五七年/m，/wd江苏/ns几/m个/q青年/n作家/n要/v办/v“/wyz同仁/n刊物/n”/wyy《/wkz探求/v者/k》/wky，/wd出/vf了/ule一/m期/qv，/wd表示/v要/v好好/d探求/v，/wd定/v为/p反党/vn集团/n事件/n。/wj
陆/m由于/c不/d是/vshi党员/n，/wd没/d戴/v帽子/n，/wd但/c一下子/mq降/v了/ule三/m级/q，/wd这/rzv一/m闷棍/n着实/d不/d轻/a。/wj
我/rr是/vshi戴/v帽子/n没/d降级/vi，/wd他/rr是/vshi狠/d降级/vi不/d戴/v帽子/n，/wd我们/rr的/ude1不同/a遭遇/n表现/v了/ule那个/rz年代/n少有/a的/ude1生活/vn的/ude1多样性/n大跃进/nz以后/f，/wd陆/m文夫/nrf似乎/d稍稍/d活跃/v了/ule那么/rz几/m下/vf子/ng，/wd茅盾/nr还/d评论/v过/uguo他/rr的/ude1作品/n，/wd到/v了/ule六三年/m以后/f，/wd文艺界/n叫做/v搞/v了/ule一下/mq“/wyz假/a整风/vn”/wyy，/wd已经/d假/a得/ude3文/ng夫/ng狼狈/ad不堪/v，/wd干脆/d送/v到/v工厂/n做工/vi去/vf了/y。/wj
一九七八年/m夏/tg，/wd被/pbei封杀/v者/k纷纷/d露头/vi，/wd文夫/nrf也/d不/d例外/vi，/wd我/rr在/p《/wkz人民/n文学/n》/wky上/f读/v了/ule他/rr的/ude1小说/n《/wkz献身/v》/wky，/wd他/rr写/v得/ude3非常/d动情/vi，/wd我/rr读/v得/ude3也/d非常/d感动/v。/wj
我们/rr见面/vi，/wd有/vyou一/m种/q大/a难/ad幸存/v，/wd相濡以沫/vl的/ude1感慨/an，/wd也/d有/vyou一/m种/q天涯/n比邻/n，/wd（/wkz即使/c从不/d见面/vi）/wky相知/v相/d惜/vg的/ude1温热/an。/wj
其实/d我们/rr过去/t并/d无/v私交/n，/wd现今/t一见如故/vl：/wm同/p是/vshi天涯/n沦落/vn人/n，/wd相逢/vi何必/d曾/d相识/vi。/wj
文革/n灾难/n，/wd造成/v了/ule那/rzv几/m年/qt的/ude1前所未有/vl的/ude1作家/n间/f的/ude1团结/an和/cc友谊/n，/wd文人/n相/d轻/a已经/d变成/v了/ule同/p生死/n，/wd共/d患难/v。/wj
却/d原来/d，/wd文学/n如此/rzv脆弱/a，/wd并非/v一旦/d可以/v绝灭/v，/wd作家/n如此/rzv无能/a，/wd也/d非/b雷霆/n——/wp哪怕/c是/vshi反复/d大轰大嗡/bl——/wp可以/v摧毁/v。/wj
他/rr的/ude1好友/n，/wd江苏/ns著/vi名/q作家/n方之同/nr来/f或是/c以后/f也/d来/vf了/y，/wd并/cc建议/n我们/rr一起/d去/vf看望/v一/m次/qv周扬/nr，/wd方/d之/uzhi负责/v去/vf联系/v，/wd从/p方/d之/rz那里/rzs我/rr第一/m次/qv听到/v周扬/nr的/ude1秘书/n谭/nr1小/a邢/nr1的/ude1名字/n，/wd她/rr的/ude1笔名/n则/d被/pbei更/d多/a的/ude1人/n知道/v：/wm绿/a菲/b。/wj
时/ng周扬/nr任/v社会/n科学院/n副/b院长/n，/wd胡乔木/nr是/vshi院长/n，/wd陈荒煤/nr是/vshi文学/n研究所/n所长/n。/wj
当时/t的/ude1一些/mq文艺/n机构/n或者/c已经/d被/pbei解散/v（/wkz如/v文联/n作协/n）/wky，/wd尚未/d恢复/v，/wd或者/c太/d敏感/a，/wd暂时/d不宜/v由/p原来/b的/ude1老/a领导/n“/wyz还/d乡/n”/wyy杀/v回/qv，/wd便/d先/d贮藏/v到/v社会/n科学院/n，/wd也/d是/vshi过渡/vi一/m景/ng。/wj
周扬/nr精神/n很/d好/a，/wd风度/n依然/z，/wd无法/v想/v像/p他/rr是/vshi怎样/ryv度过/v了/ule文革/n一/m难/a，/wd我们/rr的/ude1领导/vn干部/n还/d是/vshi真/d经得住/v折腾/v。/wj
美/b其/rz名/ng就/d叫/vi“/wyz锻炼/v锻炼/v”/wyy。/wj
我们/rr与/p周扬/nr同志/n谈/v得/ude3高兴/a，/wd周扬/nr并/cc关心/v我/rr的/ude1工作/vn，/wd说是/v社科院/n要/v成立/vi民族/n文学/n研究所/n，/wd可以/v把/pba我/rr调/v来/vf。/wj
通过/p文夫我/nr知道/v了/ule张/nr1弦/n的/ude1情况/n，/wd他/rr在/p文革/n中/f在/p马鞍山/ns电影院/n收/v门票/n，/wd怪/d道/v他/rr一/m复出/v便/d写/v了/ule一个/mq由于/p胶片/n翻/v倒/vi造成/v了/ule政治/n冤/v案/x的/ude1故事/n《/wkz记忆/n》/wky。/wj
他/rr正/d在/p争取/v把/pba工作/vn转/vd到/v南京/ns来/f，/wd马鞍山/ns行政区划/n上/f虽/c属/v安徽/ns，/wd实际/ad离/v江苏/ns更/d近/a。/wj
我/rr住/vi在/p岳母/n家/q时期/n，/wd常常/d围绕/v着/uzhe龙潭湖/ns漫步/v。/wj
我/rr非常/d想/v写/v一/m部/q能/v更/d充分/a地/ude2发挥/v我/rr的/ude1精细/a描写/vn与/cc浪漫/a抒情/vn的/ude1特点/n的/ude1作品/n，/wd我/rr要/v写/v一/m篇/q风格/n追逐/v青/a季/ng思/v&/xamp/x;/wf#/x8226/m;/wf艾特玛托夫/nrf的/ude1作品/n。/wj
我/rr要/v用/p全部/m的/ude1心力/n歌唱/vi新疆/ns，/wd歌唱/vi大地/n，/wd歌唱/vi人民/n。/wj
我/rr围/v着/uzhe龙潭湖/ns走/v了/ule一/m圈/qv又/d一/m圈/qv，/wd终于/d构思/v好/a了/ule《/wkz歌/n神/n》/wky。/wj
请/v读/v这/rzv篇/q小说/n：/wm除了/p我/rr正/d在/p恼怒/an，/wd这/rzv初秋/t黄昏/t的/ude1田野/n上/f的/ude1一切/rz，/wd是/vshi多么/d美妙/a而且/c和谐/a！/wt
落日/n给/v温/ag雅/ag地/ude2摆/v动/v着/uzhe的/ude1、/wn道路/n两侧/f的/ude1杨树林/nr的/ude1顶端/n镀/v上/vf了/ule一/m层/qv金辉/nr2，/wd又/d透过/v竞相/d伸展/v的/ude1茂密/a的/ude1枝条/n，/wd婆娑/z摇曳/vi地/ude2飘洒/v到/v汩汩/o流淌/v着/uzhe的/ude1、/wn正在/d为/v播种/vn冬麦/n而/cc备/v墒/ng的/ude1大/a渠/n的/ude1水面/n上/f…/ws…/ws
郁郁/z的/ude1秋/tg草/n之中/f，/wd时而/d抬/v起/vf个把/m山羊/n或者/c毛驴/n的/ude1头颈/n，/wd…/ws…/ws
有/vyou一/m辆/q辆/q载重/vn汽车/n驶过/v，/wd挡风玻璃/n上/f滑/v动/v着/uzhe橙色/n的/ude1、/wn愈来愈/d清晰/ad可/v触/v的/ude1落日/n…/ws…/ws
靠近/v“/wyz家/n”/wyy了/y，/wd乳牛/n们/k撒/v开/v了/ule欢/a，/wd哞哞/o地/ude2叫/vi着/uzhe，/wd拙笨/a而/cc又/d起劲/a地/ude2摇摆/v着/uzhe它们/rr的/ude1肚/ng腹/ng和/cc肥/n臀/ng，/wd趟/qv起/vf了/ule团团/d尘/ng雾/n。/wj…/ws…/ws
大地/n无言/z而/cc变化/vn有/vyou定/v…/ws…/ws
昼/tg和/cc夜/tg、/wn夏和秋/nr、/wn燥/ag和/cc湿/a、/wn暑/ag和/cc寒/ag更迭/vi交替/vi的/ude1时刻/n，/wd空气/n、/wn温度/n、/wn微/ag尘/ng…/ws…/ws
一切/rz都/d在/p升腾/vi和/cc下降/vi，/wd旋转/vi和/cc安歇/v…/ws…/ws
几乎/d再/d找/v不/d到/v我/rr写/v的/ude1别的/rzv小说/n，/wd这样/rzv认真/a地/ude2描写/v风景/n，/wd我/rr是/vshi在/p写/v世界/n，/wd写/v祖国/n，/wd写/v边疆/s，/wd而/cc基本上/d没有/v什么/ry自我/rr表现/v。/wj
接着/c我/rr写/v到/v了/ule维吾尔/nz人民/n的/ude1歌声/n：/wm好像/v在/p一个/mq闷热/a的/ude1夏季/t，/wd树叶/n颤动/vi了/y…/ws…/ws
好像/v一个/mq熟睡/vi的/ude1婴儿/n，/wd梦/n中/f听/v到/v了/ule慈祥/a的/ude1召唤/vn，/wd他/rr慢慢/d地/ude2、/wn慢慢/d地/ude2张开/v了/ule眼睛/n，/wd他/rr第一/m次/qv看到/v了/ule世界/n的/ude1光/n和/cc影/ng，/wd看到/v了/ule俯身/v向/p他/rr微笑/vi的/ude1美丽/a的/ude1母亲/n。/wj…/ws…/ws
一/m声/qv高亢/a的/ude1呼唤/vn，/wd中断/v了/ule连续/a，/wd艾/nr1克/b兰/b穆/b蓦地/d把/pba头/n一/m甩/v，/wd用/p一/m只/q手/n支持/v着/uzhe自己/rr，/wd放下/v弦/n琴/n，/wd面对/v着/uzhe苍茫/z的/ude1天/qt上/f升起/v的/ude1第一/m颗/q星/n，/wd用/p一/m种/q全然/d不同/a的/ude1、/wn天/qt外/f飞来/v般/uyy的/ude1响亮/a的/ude1嗓音/n高唱/v…/ws…/ws