而且/c我/rr想到/v了/ule文革/n中/f学会/v的/ude1一个/mq词/n，/wd站/vi队/n。/wj
站/n队/n，/wd说穿/vi了/ule就/d是/vshi参与/v上面/f的/ude1人事/n斗争/vn，/wd再/d说/v得/ude3点/n就是/d押/v宝/n。/wj
我/rr可/v不/d能/v干/v这个/rz！/wt
不管/c多/d好/a的/ude1人/n，/wd我/rr可/v不/d侍候/v个人/n。/wj
两/m位/q领导/n意见/n不一/vi，/wd你/rr如何/ryv站/vi队/n呢/y？/ww
这/rzv可/v了不得/a啦/y，/wd站/vi好/a了/ule直/d上/vf青云/n，/wd站/vi错/v了/ule就/d变成/v臭/a大粪/n啦/y。/wj
我/rr不/d想/v站/vi队/n，/wd站/vi队/n令/v我/rr想起/v了/ule投靠/v，/wd令/v我/rr想起/v了/ule山头/n、/wn造/v势/ng与/p倚/v众/ag倚/v人/n成/v事/n。/wj
我/rr王某/nr虽然/c身高/n不足/v一/m米/q七/m，/wd工资/n不/d到/v九十/m元/q，/wd作品/n发表/v了/ule的/ude1不足/a三十/m万/m字/n，/wd自信/v还/d能/v实实在在/z地/ude2写/v小说/n，/wd想/v贡献/n出来/vf的/ude1是/vshi好/a小说/n，/wd是/vshi独具/v的/ude1匠心/n，/wd不/d是/vshi大/a轰隆/o的/ude1热度/n，/wd是/vshi描写/v与/cc构思/vn的/ude1准确/a与/cc精微/a，/wd不/d是/vshi站/n队/n的/ude1准确/a与/cc精微/a。/wj
我/rr想起/v了/ule新疆/ns的/ude1郝/nr1关中/ns老夫子/n的/ude1名言/n：/wm“/wyz永远/d不/d把/pba自己/rr绑/v在/p任何/rz个人/n的/ude1战车/n上/f。/wj”/wyy
厉害/a呀/y，/wd郝/nr1老弟/n！/wt
一/m位/q我/rr所/usuo相/d好/a的/ude1诗人/n受/v另/rz一/m位/q其时/r与/p之/uzhi甚/dg相好/n的/ude1特殊/a身份/n的/ude1文学/n人物/n的/ude1委托/vn，/wd特地/d来/vf找/v我/rr，/wd告诉/v我/rr说/v，/wd“/wyz*/x*/x说/v了/y，/wd你/rr刚刚/d从/p新疆/ns回来/v，/wd许多/m事/n不/d知道/v，/wd你/rr要/v多/ad找/v找/vBH/x，/wd他/rr什么/ry都/d了解/v…/ws…/ws”/wyy
我/rr笑/v了/y，/wd这/rzv有点/d“/wyz路线/n交底/vi”/wyy的/ude1味道/n了/y。/wj
我/rr不/d想/v这样/rzv做/v。/wj
我/rr不/d认为/v一个/mq人/n可以/v代表/n真理/n，/wd我/rr追求/v真理/n却/d无意/v效忠/v某人/rr，/wd我/rr不/d认为/v认识论/n艺术/n论/k的/ude1问题/n需要/v人/n身/ng化/v，/wd我/rr认为/v甲/Mg可能/v在/p甲/Mg问题/n上/f接近/v真理/n，/wd而/cc在/p乙/Mg问题/n上/f远离/v了/ule真理/n。/wj
我/rr更/d不/d需要/v依仗/v山头/n伙伴/n或/c人多势众/vl。/wj
当然/d，/wd好/a人/n也/d要/v抓/v人/n事/n，/wd抓/v权/n，/wd一/m个/q好人/n上来/vf，/wd至少/d可以/v顶/ng掉/v一个/mq坏人/n，/wd这样/rzv的/ude1名言/n，/wd确/d是/vshi真理/n，/wd这样/rzv的/ude1真理/n，/wd已经/d震/vi响/v在/p我/rr的/ude1耳边/s。/wj
我/rr并非/v雏儿/n，/wd我/rr并非/v书呆子/n与/cc抓住/v头发/n就/d想/v上/f天/qt，/wd我/rr知道/v有/vyou许多/m会/v是/vshi要/v开/v的/ude1，/wd有/vyou许多/m该/rz说/v的/ude1话/n是/vshi要/v说/v的/ude1，/wd有的/rz领导/n是/vshi可以/v信赖/v的/ude1，/wd而/cc另/rz一些/mq人/n却/d始终/d以/p另/rz类/q眼光/n窥测/v着/uzhe你/rr，/wd你/rr即使/c想/v去/vf信赖/v靠拢/v也/d硬是/d没有/v机会/n。/wj
但是/c我/rr坚信/v文艺/n靠/v的/ude1是/vshi作品/n，/wd是/vshi货色/n，/wd忙于/v开会/vi发言/vi站/vi队/n，/wd拥戴/v张/q三/m，/wd抵制/v李/nr1四/m，/wd对于/p文艺/n本身/rz未必/d那么/c有/vyou意义/n。/wj
好/a人/n应该/v清高/a一些/mq，/wd至少/d是/vshi一/m大/a些/q。/wj
我/rr至少/d向/p一个/mq命运/n与/cc年纪/n接近/v的/ude1同行/n表示/v过/uguo，/wd我/rr愿意/v参与/v文学/n讨论/vn，/wd我/rr会/v同意/v我/rr所/usuo同意/v的/ude1意见/n，/wd争论/v、/wn批驳/v我/rr所/usuo不/d同意/v的/ude1意见/n，/wd然而/c我/rr针对/v的/ude1是/vshi文学/n题目/n，/wd不/d是/vshi某/rz某人/rr，/wd或/c某/rz几/m个/q人/n。/wj
老/a作家/n，/wd老/a领导/n，/wd都/d是/vshi我/rr的/ude1师长/n，/wd我/rr都/d尊敬/v，/wd同行/n们/k，/wd青年/n们/k，/wd我/rr都/d喜爱/v，/wd但/c也/d不/d想/v重点/n拉拢/v谁/ry谁/ry。/wj
我/rr不/d准备/v站/vi队/n。/wj
我/rr也/d并/d不/d喜欢/vi站/vi队/n。/wj
而且/c，/wd一个/mq作家/n整天/d出没/vi在/p炮声/n隆隆/o的/ude1座谈会/n上/f，/wd我/rr觉得/v别扭/an。/wj
我们/rr当中/f是/vshi不/d是/vshi有/vyou不/d以/p写/v作为/p特长/n而/cc以/p站/n队/n与/cc发言/vi为/p特长/n的/ude1同行/n呢/y？/ww
算/v同/p行/vi吗/y？/ww
我/rr早/ad在/p一九七九年/m就/d明确/ad宣示/v过/uguo，/wd我/rr愿/v尊重/v每/rz一/m位/q师长/n，/wd但/c是/vshi绝对/d不/d投靠/v。/wj
我/rr愿/v团结/v每/rz一/m位/q同行/n，/wd但/c是/vshi绝对/d不/d拉拢/v。/wj
我/rr不/d知道/v这个/rz态度/n说明/v了/ule我/rr的/ude1精明/an还/d是/vshi高尚/a，/wd谋略/n还是/c境界/n，/wd心机/n还/d是/vshi真诚/a，/wd穷酸/a还/d是/vshi成熟/a。/wj
反正/d我/rr不/d喜欢/vi跟着/v旁人/rr走/v，/wd不/d喜欢/vi起哄/vi，/wd更/d不/d喜欢/vi仗/n势/ng造/v势/ng造/v舆论/n。/wj
我/rr的/ude1刻薄/a话/n是/vshi，/wd只有/c那些/rz人/n，/wd他们/rr非/b要/v搞/v文学/n不可/v，/wd又/d写/v不/d出/vf小说/n诗歌/n剧本/n散文/n以及/cc真正/b的/ude1文学/n批评/v来/vf了/y，/wd才/d需要/v这样/rzv作/v，/wd才/c只/d得/ude3这样/rzv作/v。/wj
他们/rr是/vshi多么/d咋/ryv唬/v又/d多么/d虚弱/a！/wt
我/rr愿意/v把/pba这些/rz个/q想法/n提交/v给/p广大/b的/ude1读者/n，/wd提交/v给/p历史/n。/wj
从/p个人/n经历/n来说/uls，/wd新/a时期/n以来/f，/wd在/p我/rr回忆/v的/ude1这个/rz时期/n，/wd我/rr是/vshi有所不为/vl，/wd有所/v不/d取/v，/wd有所/v选择/v的/ude1，/wd我/rr并/d不/d感情用事/al，/wd拉拉扯扯/vl，/wd叽叽/o咕咕/o。/wj
相信/v历史/n终/d能/v做出/v评判/vn。/wj
还有/v一/m件/q事/n我/rr绝对/d不/d干/v。/wj
就/d是/vshi不/d与/p同行/n搞/v口舌/n之/uzhi争/ng。/wj
我/rr离开/v北京市/ns文联/n的/ude1时候/n，/wd文联/n的/ude1一/m位/q领导/n宋/tg汎/x同志/n，/wd特别/d提/v出来/vf，/wd王蒙/nr从来/d不/d搞/v以/p眼/n还/d眼/q，/wd以牙还牙/vl。/wj
是的/vl，/wd我/rr也/d常常/d听到/v谁/ry谁/ry在/p什么/ry场合/n说/v了/ule我/rr什么/ry什么的/r传言/n。/wj
文人/n相/d轻/a，/wd那些/rz在/p背后/f说/v我/rr的/ude1人/n多半/d说/v的/ude1不/d是/vshi太/d好/a的/ude1话/n。/wj
但/c我/rr只能/v付诸/v一/m笑/v。/wj
我/rr没有/v那么/c可怜/v那么/rz小气/a。/wj
对/p谁/ry谁/ry的/ude1文学/n作品/n有/vyou看法/n，/wd我会/r光明正大/nl地/ude2写/v文章/n，/wd岂能/v背后/f嚼舌/v头/n？/ww
至于/p旁人/rr说/v自己/rr，/wd则/c属于/v难免/v的/ude1不/d忿/x心理/n，/wd弱者/n心态/n，/wd不/d平则鸣/nr…/ws…/ws
其中/rz也/d有/vyou某些/rz值得/v参考/v的/ude1道理/n，/wd你/rr已经/d在/p许多/m事情/n上/f占/v了/ule先机/n（/wkz例如/v你/rr的/ude1工资/n级别/n）/wky，/wd何不/d让/v心理/n不/d平/a的/ude1人/n说/v点/qt不平/a的/ude1话/n？/ww
我/rr还有/v两/m个/q“/wyz思想/n问题/n”/wyy。/wj
抓/v文学/n是/vshi不/d是/vshi能/v不/d只/d注重/v题材/n，/wd以/p题材/n取胜/vi？/ww
仅/d靠/v题材/n，/wd能/v行/ng之/uzhi久远/z吗/y？/ww
第二/m，/wd把/pba这/rzv两年/m的/ude1文学/n潮流/n命名/v为/v“/wyz现实主义/n”/wyy回归/v，/wd是/vshi不/d是/vshi太/d狭窄/a，/wd乃至/c会/v作茧自缚/vl呢/y？/ww
我/rr不/d完全/ad理解/v茅盾/nr老师/n早年/t关于/p文学史/n上/f贯穿/v着/uzhe现实主义/n与/cc反/vi现实主义/n的/ude1斗争/vn的/ude1提法/n。/wj
我/rr不/d怀疑/v，/wd现实主义/n是/vshi文学/n的/ude1顶梁柱/n，/wd是/vshi最/d基本/a的/ude1、/wn基础/n的/ude1、/wn主体/n的/ude1文学/n丛林/n。/wj
然而/c，/wd一/m根/q柱子/n不/d是/vshi大厦/n，/wd一/m棵/q大树/n也/d还/d不/d就/d是/vshi全部/m森林/n。/wj
屈原/nr、/wn李白/nr与/p雨果/nrf、/wn梅/ng里/f美的/nz浪漫主义/n，/wd王尔德/nrf与/p李商隐/nr、/wn李贺/nr的/ude1的/n某种/rz程度/n上/f的/ude1唯/d美/b主义/n，/wd莎士比亚/nrf、/wn唐宋/nr传奇/n的/ude1古典主义/n，/wd以及/cc什么/ry象征/n主义/n、/wn心理/n分析/vn、/wn神秘/a主义/n、/wn印象/n主义/n…/ws…/ws