特定/b的/ude1时间/n，/wd特定/b的/ude1场合/n，/wd特定/b的/ude1人/n，/wd酿制/v成特定/n的/ude1故事/n。/wj
改变任何/n一个/mq元素/n，/wd这样/rzv的/ude1对话/vn就/d不/d会/v发生/v。/wj
毕竟/d，/wd这样/rzv的/ude1回忆/vn包含/v了/ule令/v人/n温暖/an的/ude1往事/n。/wj
我/rr想起/v了/ule毛/nr1主席/n写/v于/p一九五七年/m的/ude1著/n名/q文字/n：/wm《/wkz事情/n正/d在/p起/vf变化/v》/wky，/wd本来/d要/v给/p我/rr看/v给/p我/rr交/v底/f，/wd却/d终于/d没有/d看/v成/v的/ude1重要/a文件/n。/wj
也许/d到/v了/ule一九七九年/m，/wd事情/n也/d发生/v了/ule一点点/m变化/vn了/y？/ww
当然/d没有/v那么/rz戏剧性/n。/wj
那么/rz大/a的/ude1硬/a的/ude1转弯/vn。/wj
这/rzv段时间/n是/vshi我/rr写/v小说/n的/ude1一个/mq高潮/n。/wj
一九七九年/m秋/tg至/p一九八零年/m春/tg，/wd我/rr写/v了/ule《/wkz悠悠/z寸/q草/n心/n》/wky《/wkz难忘/v难/ad记/v》/wky《/wkz表姐/n》/wky《/wkz说客/n盈/vg门/n》/wky《/wkz海/n的/ude1梦/n》/wky《/wkz风筝/n飘带/n》/wky，/wd还有/v第二/m个/q中/f篇/q《/wkz蝴蝶/n》/wky。/wj
此外/c，/wd我/rr给/v《/wkz光明/n日报/n》/wky《/wkz十月/t》/wky等/udeng还/d写/v了/ule一些/mq长篇大论/nl的/ude1评论/vn。/wj
写作/v是/vshi多么/d快乐/a，/wd多么/d难/ad能/v。/wj
王蒙/nr终于/d又/d拿/v起/vf笔/n来/vf了/y。/wj
其中/rz“/wyz悠/ag”/wyy与/p“/wyz难/a”/wyy两/m篇/q都/d写/v了/ule领导/n干部/n，/wd现在/t则/d叫/vi什么/ry“/wyz官/n场/qv”/wyy小说/n啦/y。/wj
“/wyz难/a”/wyy里/f写/v的/ude1那个/rz风/n派/v加/v马/nr1屁/n精/a，/wd是/vshi有/vyou迹/ng可/v寻/v的/ude1。/wj
聪明/a乖觉/a善于/v演戏/vi的/ude1她/rr利用/v文革/n，/wd把/pba一/m名/q文联/n的/ude1“/wyz走资派/n”/wyy从/p住房/n中/f轰/v了/ule出去/vf，/wd自己/rr接管/v了/ule当时/t认为/v最/d好/a的/ude1房屋/n，/wd获得/v了/ule实惠/an，/wd是/vshi造反/vi得/ude3利/n的/ude1典型/n。/wj
文革/n一/m结束/v，/wd她/rr回/v沿海/f大城市/n走人/vi了/y。/wj
她/rr曾经/d是/vshi一个/mq不/d算/v成功/a的/ude1话剧/n演员/n，/wd演/v戏/n演/v得/ude3并/d不/d见/v佳/a的/ude1人/n，/wd却/d能/v在/p运动/n中/f有/vyou出色/a的/ude1表演/vn。/wj
这样/rzv的/ude1人/n的/ude1存在/vn是/vshi各种/rz政治/n运动/vn一/m划/v火柴/n就/d熊熊/z燃烧/v起来/vf的/ude1根据/p之一/rz，/wd而/cc这样/rzv的/ude1人/n不/d比/p“/wyz四人帮/n”/wyy“/wyz三/m种/q人/n”/wyy（/wkz造反/vi起家/vi者/k，/wd打/v、/wn砸/v、/wn抢/v者/k，/wd也/d不/d还有/v什么/ry什么/ry者/n）/wky，/wd清查/v清理/v清除/v都/d根本/d做/v不/d到/v。/wj
不仅如此/bl，/wd他们/rr她们/rr对于/p那些/rz吃/v过/uguo他们/rr她们/rr的/ude1苦头/n的/ude1领导/vn干部/n来说/uls，/wd是/vshi难于/v割舍/v难于/vd躲避/v难于/v“/wyz清/a君/ng侧/ng”/wyy的/ude1。/wj
如果/c你/rr掌握/v了/ule一定/b的/ude1权力/n，/wd你/rr不/d需要/v几/m个/q围/v着/uzhe您/rr转/v的/ude1人/n吗/y？/ww
包括/v自/rr认为/v确/d是/vshi有所不为/vl的/ude1王蒙/nr在内/u，/wd你/rr敢/v面对/v这样/rzv的/ude1并/cc不/d十分/m清高/a，/wd并/cc不/d能/v完全/ad免/v俗/a的/ude1事实/n吗/y？/ww
回忆/v这个/rz时期/n的/ude1活动/vn时/ng我/rr感到/v次序/n与/cc时间/n不/d太/d清晰/a的/ude1是/vshi我/rr还/d回/v过/uguo一两/m次/qv新疆/ns，/wd具体/a时间/n已经/d说/v不/d清楚/a了/y。/wj
大约/d一九八零年/m初秋/t，/wd一个/mq周末/t我/rr买/v了/ule在/p正义/n路/n原/b团中央/nt礼堂/n放映/v的/ude1电影/n票/n，/wd是/vshi卓别林/nrf主演/v的/ude1《/wkz舞台/n生涯/n》/wky。/wj
这时/rzt收到/v了/ule仍/d在/p新疆/ns读/v大学/n的/ude1儿子/n王山/nr的/ude1信/n，/wd他/rr由于/c碰到/v感情/n生活/vn上/f的/ude1一些/mq问题/n而/cc情绪/n失/vi，/wd使/v我/rr很/d不/d放心/v。/wj
我/rr也/d正/d想/v重/d访/v新疆/ns“/wyz深入/a生活/vn”/wyy，/wd不/d中断/v与/p新疆/ns乡亲/n父老/n的/ude1密切/ad联系/v。/wj
我/rr决定/v，/wd立即/d出发/vi，/wd“/wyz回/v”/wyy新疆/ns。/wj
这/rzv影响/v了/ule我/rr看/v电影/n，/wd观/vg影/ng时/ng我/rr极/d不/d专心/a。/wj
但是/c，/wd我/rr仍然/d难忘/v卓别林/nrf饰演/v的/ude1那个/rz死/v在/p舞台/n上/f的/ude1伟大/a喜剧/n演员/n，/wd和/cc另/rz一个/mq初出茅庐/vl的/ude1女/b演员/n，/wd这个/rz美丽/a的/ude1女/b演员/n首/m次/qv演出/v由于/c紧张/ad失/v了/ule声/ng，/wd老/a演员/n竟然/d给/v了/ule她/rr一个/mq耳光/n才/d挽救/v了/ule演出/vn。/wj
这个/rz情节/n后来/t被/pbei不止/v一个/mq人/n“/wyz窃/vg”/wyy用/v过/uguo。/wj
在/p选定/v情势/n下/f获得/v一/m个/q及时/a的/ude1耳光/n，/wd多么/d幸福/a！/wt
而/cc喜剧/n的/ude1形式/n同样/d可以/v表现/v得/ude3这样/rzv委婉/a，/wd这样/rzv酸楚/a，/wd这样/rzv令/v你/rr笑/v更/d令/v你/rr哭/v，/wd我/rr太/d感动/v了/y。/wj
但是/c从来/d记/v得/ude3很/d清楚/a的/ude1则/d是/vshi我/rr在/p一九七九年/m夏/tg离/v疆/b前/f去/vf过/uguo一/m次/qv伊犁/ns，/wd那时/rzt去/vf伊犁/ns的/ude1公差/n极/d多/a。/wj
应该/v是/vshi春天/t去/vf的/ude1，/wd同/p去/vf的/ude1还有/v维族/nz资深/b编辑/n乌甫尔江/nrf。/wj
我们/rr去/vf了/ule巴彦/ns岱/ng，/wd得知/v房东/n大娘/n赫/q里/f其/rz汗/n已经/d去世/vi。/wj
我们/rr去/vf了/ule新/a源/ng，/wd到/v了/ule新/a源/ng与/p一些/mq少数民族/n干部/n痛饮/v，/wd喝/vg了/ule个/q酩/ng酊/ng大/d醉/v，/wd以至/cc此后/t我/rr根本/d想/v不/d起/vf我/rr到/v底/f去/vf没/v去/vf过/uguo新/a源/ng，/wd此事/r，/wd我/rr于/p一九九零年/m写/v在/p散文/n《/wkz忘却/v的/ude1魅力/n》/wky中/f了/y。/wj
更/d深/a的/ude1印象/n是/vshi关于/p地方/n的/ude1领导/vn干部/n的/ude1。/wj
新疆/ns文革/n中/f有/vyou一个/mq吓/v死/v人/n的/ude1“/wyz要/v案/x”/wyy，/wd三/m位/q地委/n书记/n在/p一起/s悄悄/d地/ude2骂/v江青/nr被/pbei举报/v，/wd被/pbei当做/v“/wyz现行/b反革命/n”/wyy分子/n逮捕/v。/wj
其中/rz一/m位/q死/v了/y，/wd一/m位/q被/pbei批斗/v得/ude3精神/n错乱/an。/wj
另/rz一/m位/q在/p文革/n后/f官/n复原/vi职/ng。/wj
老百姓/n对于/p官/n复原/vi职/ng后/f的/ude1他/rr的/ude1架子/n神气/n与/cc“/wyz待遇/n”/wyy有些/rz说法/n。/wj
我/rr受/v此/rzs启发/v写/v了/ule《/wkz悠悠/z寸/q草/n心/n》/wky。/wj
这/rzv是/vshi一个/mq非常/d敏感/a的/ude1题材/n，/wd我/rr强调/v描写/v了/ule主人公/n，/wd理发师/n唐/nr1师傅/n对于/p一/m位/q领导/n的/ude1同情/vn与/cc关心/v，/wd强调/v了/ule党/n的/ude1领导/vn干部/n与/cc人民/n的/ude1血肉/n联系/vn，/wd在/p此基础/n上/f曲/ng为/v进言/vi，/wd提醒/v领导/n同志/n不要/d忘记/v文革/n的/ude1教训/n，/wd不要/d忘记/v倾听/v来自/v人民/n的/ude1声音/n。/wj
此/rzs作/v获得/v了/ule当年/t的/ude1文学奖/n，/wd《/wkz人民/n文学/n》/wky杂志/n的/ude1老/a主编/n，/wd在/p延安/ns工作/vn过/uguo的/ude1老/a文学工作者/n葛洛/nrf称赞/v它/rr的/ude1“/wyz分寸/n感/vg”/wyy，/wd而/cc冰心/nr则/d说/v，/wd她/rr一/m看/v题目/n，/wd首先/d想到/v的/ude1是/vshi母爱/n主题/n，/wd是/vshi“/wyz慈母/n手中/s线/n，/wd游子/n身/ng上衣/n…/ws…/ws”/wyy
此/rzs作/v在/p一九八五年/m西/f柏林/nsf地平线/n艺术节/n上/f的/ude1王蒙/nr创作/v研讨会/n上/f被/pbei汉学家/n瓦格纳/nrf选取/v作/v他/rr的/ude1论文/n的/ude1题材/n。/wj
他/rr分析/v说/v，/wd理发/vi的/ude1谐音/n是/vshi“/wyz立法/vi”/wyy，/wd而/cc唐/tg姓/v表明/v了/ule王蒙/nr对于/p恢复/v类似/v大唐/nz盛世/n的/ude1黄金/n时代/n的/ude1期盼/vn。/wj
看来/v，/wd中国/ns的/ude1索/vg隐/v派/v，/wd一直/d影响/v到/v欧洲/ns去/vf了/y。/wj
《/wkz说客/n盈/vg门/n》/wky的/ude1产生/vn比较/d特殊/a。/wj
一/m次/qv几/m个/q作者/n在/p一起/s闲聊/v，/wd浩然/z说/v起/vf，/wd一个/mq工厂/n厂长/n，/wd因/p了/ule处理/v一个/mq工人/n的/ude1事/n前/f后/f被/pbei一百/m多/m人/n求情/vi。/wj
我/rr大/d叫/vi：/wm“/wyz浩然/z，/wd你/rr写/v不/d写/v这个/rz题材/n？/ww