这/rzv可是/c找/v准/a了/ule穴位/n！/wt
太/d出彩/v了/y！/wt
一/m语/ng捅/v出/vf了/ule脓血/n！/wt
大方向/n有/vyou一/m套/q！/wt
所以/c王/n守信/a也好/y，/wd刘长春/nr也好/y，/wd都/d要/v造反/vi夺权/vi，/wd而且/c要/v相互/d斗法/vi。/wj
所以/c有/vyou些/q掌握/v了/ule权力/n之/uzhi花/n的/ude1人/n绝不/d松手/vi松口/vi，/wd而是/c要/v用/p足/d用/v够/v。/wj
文革/n中/f已经/d传出/v“/wyz有/vyou权/n不/d用/v，/wd过期/vd作废/v”/wyy的/ude1鄙陋/a下流/a的/ude1实话实说/vl。/wj
尚未/d掌/v控/v这/rzv朵/q分外/d香艳/z诱人/a的/ude1花儿/n的/ude1人/n，/wd并且/c被/pbei这/rzv朵朵/q花儿/n压/v得/ude3喘/v不/d过/uguo气/n来/f或/c自/rr认为/v喘/v不/d过/uguo气/n来/u的/ude1人/n，/wd对/p掌/n花/n者/k也/d就是/v分外/b仇恨/n、/wn眼馋/v、/wn不/d忿/x儿/ng、/wn气/n得/ude3没完没了/vl地/ude2咽/v酸/a水/n，/wd咽/v唾沫/n；/wf也/d可能/v是/vshi正义/n之/uzhi火/n满/a胸膛/n，/wd叫做/v“/wyz造反/vi有理/a”/wyy。/wj
所以/c出/vf大大小小/z地/ude2掌/v（/wkz权力/n之/uzhi）/wky花/n者/k的/ude1洋相/n的/ude1人/n与/p文/ng，/wd都/d是/vshi“/wyz大/a方向/n”/wyy正确/a的/ude1，/wd都/d会/v受到/v欢呼/v再/d欢呼/v。/wj
这/rzv是/vshi一/m种/q我们/rr比较/d独特/a的/ude1思维/n模式/n：/wm看/v大/a方向/n，/wd大方向/n对了/vl，/wd细节/n小节/n错/vd也/d算/v对/p，/wd大方向/n错/v了/y，/wd细节/n小节/n等等/udeng，/wd再/d准确/a也/d没有/d用/v。/wj
而/cc权力/n的/ude1花朵/n，/wd对于/p任意/b的/ude1涂抹/v与/cc攻击/v是/vshi会/v做/v出/vf反/vi制/v的/ude1。/wj
这样/rzv的/ude1反/vi制/ng，/wd在/p具体/a地/ude2打击/v了/ule一些/mq头/n长/ad反/vi骨/ng的/ude1人/n与/p文/ng的/ude1同时/n，/wd客观/n上成/f全/a了/ule这些/rz人/n与/p文/ng在/p某些/rz难以/d了解/v真相/n的/ude1人/n众/ag中/f悲/ag情/n英雄/n、/wn社会/n良心/n的/ude1形象/n。/wj
所以/c权力/n花朵/n的/ude1反/vi制/k越是/d厉害/a，/wd越是/d没有/v人/n敢于/v与/cc乐意/v出来/vf说明/v某/rz一部分/m事实/n，/wd犯不着/v，/wd谁/ry管/v那个/rz闲事/n去/vf？/ww
何况/c。/wj
谁/ry说/v出/vf事实/n，/wd谁/ry就/d必然/d会/v被/pbei认为/v是/vshi向/p花朵/n献媚/v，/wd媚/ag权/n以/p求/v分/qt到/v残羹/n剩/v渣/ng，/wd不齿/vi于/p人/n于/p文/ng。/wj
我们/rr这儿/rzs，/wd事实/n常常/d最/d不/d重要/a，/wd大道理/n大方向/n大/a舆论/n有时候/d叫做/v人心所向/nl的/ude1，/wd比/p事实/n重要/a得/ude3多/a。/wj
你/rr有/vyou几/m个/q脑袋/n，/wd你/rr敢/v试试/v吗/y？/ww
不仅/c在/p我们/rr这儿/rzs，/wd在/p西方/s发达国家/nl，/wd人们/n对于/p社会主义/n的/ude1共产党/n执政/vi的/ude1中国/ns当代/t文学/n的/ude1期待/vn也/d是/vshi大方向/n正确/a，/wd政治/n正确/a，/wd即/d符合/v西方/s意识形态/nl价值/n观念/n的/ude1走向/vn。/wj
有/vyou相当/d多/a的/ude1人/n就是/v这样/rzv看/v问题/n的/ude1，/wd你/rr生活/vi在/p社会主义/n国家/n却/d顺风/vi顺/v水/n了/y，/wd说明/v你/rr大方向/n迎合/v了/ule权力/n，/wd就要/d排斥/v你/rr。/wj
你/rr找/v了/ule麻烦/a了/y，/wd万岁/n，/wd你/rr万岁/n啦/y！/wt
而且/c这里/rzs也/d有/vyou一个/mq前/f一/m节/q讲/v到/v的/ude1“/wyz精神/n”/wyy问题/n，/wd如果/c精神/n侧重/v于/p广开言路/vl、/wn发扬/v民主/an、/wn保护/vn作家/n、/wn继续/v反/vi“/wyz左/a”/wyy，/wd那么/c这/rzv一/m类/q作品/n再/d怎么/ryv说/v也/d是/vshi方向/n正确/a的/ude1，/wd符合/v精神/n的/ude1，/wd神人/n共/d爱/v，/wd上下/f皆/d喜/v，/wd东西/n俱/dg赞/vg，/wd中外/b共/d吹/v…/ws…/ws
你/rr提出/v点/qt狗屁/n质疑/vn来/f，/wd管/v个/q屌/x用/v？/ww
如果/c精神/n侧重/v于/p反对/v错误/a倾向/n，/wd尤其/d是/vshi反右/v反/vi资产阶级/n自由化/vn…/ws…/ws
那么/rz种种/q压力/n已经/d置于/v这/rzv位/q先生/n的/ude1头/n上/vf了/y，/wd你/rr再/d说/v东/f说/v西/f，/wd用心/ad何在/vi？/ww
良能/nr2何/ry忍/v？/ww
但是/c，/wd如果/c我/rr不/d说/v就/d再/d没有/v人/n说/v了/y。/wj
你/rr不/d信/v吗/y？/ww
而/cc这些/rz说法/n的/ude1人/n是/vshi不/d是/vshi受到/v什么/ry压力/n的/ude1问题/n而是/c被/pbei处决/v了/ule的/ude1问题/n。/wj
都/d说/v实事求是/vl，/wd你/rr敢/v实事/n吗/y？/ww
你/rr相信/v实事/n吗/y？/ww
你/rr敢/v坚持/v实事/n吗/y？/ww
你/rr敢/v大声/d说/v出/vf鹿/n不/d是/vshi马/n吗/y？/ww
（/wkz如果/c大家/rr已经/d认定/v那/rzv是/vshi鹿/n，/wd如果/c鹿/n与/cc马/n的/ude1大方向/n已经/d混/x同/v）/wky你/rr能/v不/d被/pbei先入为主/vl的/ude1大/a走向/v大/a方向/n的/ude1评价/vn所/usuo左右/v吗/y？/ww
有/vyou许多/m私下/d的/ude1质疑/vn，/wd我/rr可以/v公布/v一/m系列/n著/uzhe名/q作家/n的/ude1姓名/n，/wd他们/rr她们/rr都/d知道/v此/rzs公/ng的/ude1精神状态/n、/wn文章/n与/cc论点/n的/ude1根本/a靠不住/a，/wd甚至/c给/p此/rzs公/ng起/vf了/ule绰号/n叫/vi“/wyz笨/a人/n*/x老大/n”/wyy…/ws…/ws
但是/c都/d宁可/d明哲保身/vl。/wj
于是/cc不/d可能/v也/d不/d允许/v任何人/r，/wd去/vf质疑/vi悲/ag情/n英雄/n作品/n里/f边/k的/ude1不/d合/v事实/n、/wn不合/v情理/n部分/n，/wd或者/c价值/n与/cc法律/n标准/n可疑/a的/ude1部分/n，/wd乃至/c是/vshi暴露/v了/ule英雄/n自己/rr的/ude1精神/n与/cc价值/n缺/v失/v的/ude1部分/n。/wj
我/rr无意/v为/p王/n守信/an说/v多少/ry话/n，/wd我/rr没有/d调查/v研究/vn，/wd我/rr也/d不/d是/vshi法学家/n。/wj
她/rr是/vshi贪污/v或/c其他/rzv问题/n应该/v有/vyou众多/m的/ude1律师/n、/wn法官/n、/wn检察官/n与/p本人/rr家属/n考察/v研究/v明晰/a。/wj
但是/c我/rr有/vyou怀疑/vn，/wd至少/d这/rzv篇/q作品/n不/d可能/v对/p有/vyou文化/n有/vyou见识/n有/vyou法律/n意识/n的/ude1成人/n有/vyou说服力/n。/wj
至少/d这/rzv篇/q作品/n里/f的/ude1传主/n绝/d无/v死/v罪/n，/wd甚至/c不/d像/v坏人/n。/wj
我/rr只是/d就事论事/vl地/ude2谈谈/v此/rzs作/v斯/Rg人/n，/wd我/rr不/d明白/v为什么/ryv说/v出/vf事实/n、/wn承认/v事实/n、/wn实事求是/vl会/v这样/rzv艰难/a和/cc危险/an。/wj
你/rr必须/d甘/vg冒天下之大不韪/nl，/wd“/wyz悍然/d”/wyy公布/v你/rr的/ude1实话/n，/wd悍然/d进行/vx无私/b的/ude1的/n也/d是/vshi真心/n的/ude1评价/vn。/wj
是的/vl，/wd悍然/d，/wd像/p爆/v一/m颗/q原子弹/n一样/uyy，/wd我/rr相信/v我/rr在/p此/rzs节/n已经/d悍然/d爆/v弹/v了/y！/wt
王/n守信/an已/d被/pbei枪决/v二十六年/m。/wj
没有/v任何/rz人/n怀疑/v她/rr被/pbei枪决/v的/ude1正义/n性/ng。/wj
铁/n案/x如/v山/n，/wd报告文学/nl字字/n千/m钧/q。/wj
我/rr不/d入/v地狱/n谁/ry入/v地狱/n？/ww
安福/ns尊/ag荣/ag的/ude1显赫/a，/wd悲/ag情/n万/m种/q的/ude1精英/n，/wd心/n大志/n高/a的/ude1名流/n，/wd一心/d救/v世/ng的/ude1天使/n，/wd谁/ry还/d记得/v一/m个/q死刑犯/n贪污犯/n的/ude1是非/n？/ww
而/cc显然/a，/wd一个/mq案/x犯/v的/ude1有/vyou罪/n无罪/vi、/wn罪/n轻/a罪/n重/a、/wn量刑/vn标准/n，/wd不/d是/vshi任何/rz作家/n能/v独立/ad完成/v判决/vn的/ude1。/wj
立/v案/x、/wn调查/vn、/wn起诉/v、/wn庭审/v、/wn抗辩/vn和/cc判决/vn，/wd都/d不/d是/vshi报告/n文学所/n承当/v得/ude3起/vf的/ude1。/wj
说实话/vl，/wd在/p这种/r事情/n上/f情绪化/v与/p大/a言/ng化/v的/ude1文学/n的/ude1正面/b作用/n相当/d可疑/a。/wj
不管/c这/rzv个/q作家/n天才/n也罢/y，/wd勇敢/a也罢/y，/wd智慧/n也罢/y，/wd道德/n完美/a也罢/y，/wd富有/v救/v世/ng感/vg也罢/y，/wd做/v事/n做/v文/ng粗疏/a或/c不/d粗疏/a也罢/y。/wj
人命关天/vl，/wd一/m人/n，/wd却/d牵连/v到/v一/m地/ude2、/wn一些/mq人/n、/wn地方/n、/wn部队/n、/wn经济/n运作/vi的/ude1方式/n与/cc计划经济/n的/ude1弊端/n、/wn还/d有/vyou诸多/m约定俗成/vl的/ude1潜/vg规则/n，/wd尤其/d是/vshi法律/n（/wkz一九七九年/m！/wt
）/wky的/ude1缺/v失/v。/wj
文学/n的/ude1激情/n，/wd哪怕/c是/vshi天/qt降/v大任/n的/ude1使命感/n，/wd哪怕/c还有/v献身/v精神/n背/v十字架/n的/ude1救/v世/ng情怀/n…/ws…/ws