他/rr是/vshi在/p住/vi医院/n时/ng读/v了/ule一/m批/q我/rr的/ude1所谓/vn创新/vn作品/n与/cc创作/vn谈/v后/f写/v了/ule信/n和/cc诗/n的/ude1。/wj
“/wyz故国/n”/wyy与/p“/wyz风云/n”/wyy二/m句/q出自/v拙/ag文/ng《/wkz我/rr在/p追求/v什么/ry》/wky，/wd溯/vg流/v得/ude3古/a源/ng云云/udeng，/wd则/c是/vshi由于/p我/rr抵挡/v那时/rzt关于/p我/rr的/ude1“/wyz意识流/n”/wyy“/wyz食/v洋/ag不/d化/v”/wyy的/ude1攻击/vn，/wd以/p屈原/nr、/wn三/m李/nr1等/udeng为/v据/p说明/v这种/r自由/ad开放/v的/ude1文体/n古已有之/vl。/wj
见面/vi的/ude1时候/n他/rr表示/v他/rr不/d满/v于/p“/wyz大观园/ns更/d大/a”/wyy一/m句/q，/wd但是/c再/d没有/d找/v出/vf合适/a的/ude1词/n来/vf。/wj
看来/v，/wd体现/v领导/n身份/n与/cc权威/n导向/n的/ude1诗句/n实在/d不/d好/a写/v。/wj…/ws…/ws
这些/rz事情/n我/rr过去/t写/v过/uguo文章/n，/wd文章/n也/d很/d受/v注意/v，/wd这里/rzs就/d不/d多/a重复/vn了/y。/wj
我/rr的/ude1印象/n是/vshi，/wd他/rr仍然/d是/vshi一/m位/q知识分子/n。/wj
他/rr喜欢/vi读书/vi谈/v书/n，/wd他/rr说话/vi慢条斯理/vl，/wd字斟句酌/vl，/wd记录/v下来/vf更/d像/v是/vshi一/m篇/q文章/n。/wj
他/rr的/ude1样子/n儒雅/z可亲/a，/wd虽然/c其/rz时/ng我/rr已/d听说/v了/ule他/rr老/a的/ude1翻/v覆/vg，/wd与/p有时候/d批/v起/vf人/n来/f极/d严厉/a的/ude1另/rz一面/n。/wj
我/rr问/v他/rr毕加索/nrf的/ude1事/n，/wd因为/c其/rz时/ng刚刚/d出现/v了/ule所谓/v“/wyz风筝/n”/wyy事件/n（/wkz后面/f再/d谈/v）/wky。/wj
他/rr回答/v说/v“/wyz在/p我们/rr这样/rzv的/ude1国家/n里/f，/wd很/d难/ad接受/v毕加索/nrf。/wj”/wyy
分/v为什么/ryv说/v得/ude3这样/rzv客观/n？/ww
莫非/d他/rr也/d知道/v我们/rr的/ude1情况/n我们/rr的/ude1判断/vn也/d只/d是/vshi世上/s的/ude1一/m种/q，/wd（/wkz这/rzv等于/v对于/p多样性/n的/ude1默认/vn）/wky并/cc不/d是/vshi处处/d代表/v绝对真理/nl，/wd如果/c是/vshi“/wyz他们/rr那样/rzv的/ude1国家/n”/wyy呢/y？/ww
也许/d有/vyou另外/rz的/ude1说法/n和/cc标尺/n。/wj
他/rr说/v到/v马恩/nrf的/ude1文艺/n理论/n问题/n，/wd说/v是/vshi马恩/nrf并/cc没有/v对/p文艺/n问题/n作/v过/uguo系统/n的/ude1论述/vn，/wd并/cc笑/v着/uzhe说/v“/wyz我/rr这样/rzv讲/v也许/d会/v被/pbei认为/v是/vshi大逆不道/vl…/ws…/ws”/wyy
却/d原来/d，/wd主管/v意识形态/nl的/ude1高级/a领导/n，/wd也/d有/vyou到/v了/ule嘴边/s留/v三分/m的/ude1话/n。/wj
那时/rzt恰巧/d报刊/n上/f有/vyou一个/mq争论/vn，/wd就/d是/vshi有人/r说/v马恩/nrf对于/p文艺/n问题/n的/ude1论述/vn散见/v于/p一些/mq断/v简/ag残/vg篇/ng，/wd尽管/c他们/rr有/vyou许多/m精辟/a的/ude1重要/a的/ude1见解/n，/wd却/d不/d能/v放/v言/vg什么/ry马克思主义/n文艺学/n。/wj
这种/r论点/n，/wd一/m上/f来/vf就/d受到/v了/ule批评/vn，/wd被/pbei认为/v是/vshi有点/d“/wyz大逆不道/vl”/wyy。/wj
看来/v上述/b“/wyz逆/vg论/ng”/wyy并非/v空穴来风/vl。/wj
他/rr说/v，/wd高尔基/nrf的/ude1代表作/n是/vshi《/wkz克/b里/f&/xamp/x;/wf#/x8226/m;/wf萨木金/nrf的/ude1一生/n》/wky而/cc不/d是/vshi母亲/n，/wd虽然/c后者/rzv受到/v列宁/nrf的/ude1高度/n评价/vn。/wj
后者/rzv，/wd我/rr听/v周/nr1扬/vg多次/mq讲/v过/uguo，/wd说/v是/vshi从/p中/f反映/v了/ule列宁/nrf与/p普列汉诺夫/nrf的/ude1纷/ag歧/ag，/wd证明/v杰出/a的/ude1俄国/ns马克思主义/n理论/n经/p家普/nr2列/v汉/tg其实/d是/vshi机会主义/n者/k。/wj
而/cc《/wkz克/b里/f——/wp》/wky一/m书/n，/wd我/rr完全/ad没有/v敢/dg看/v下去/vf，/wd它/rr那么/rz厚/a，/wd用/v的/ude1是/vshi老/a五/m号/q字/n，/wd我/rr害怕/v我/rr会/v把/pba自己/rr的/ude1眼睛/n读/v瞎/a。/wj
我/rr还有/v一/m个/q印象/n，/wd高级/a干部/n受/v的/ude1限制/vn太/d多/a了/y，/wd影响/v他们/rr摄取/v的/ude1信息/n。/wj
警卫/n，/wd秘书/n，/wd难/ad于/p自由/a行动/vn，/wd难于/v与/p百姓/n接触/vn。/wj
他/rr的/ude1住房/n虽然/c比/p凡人/n的/ude1宽大/a，/wd但/c仍/d嫌/v简单/a朴素/a，/wd四/m墙/n空空/z，/wd连/ulian个/q艺术品/n也/d没有/v。/wj
他/rr的/ude1报架/n上/f挂/v着/uzhe的/ude1报纸/n与/cc刊/vg架/ng上/f摆/v着/uzhe的/ude1刊物/n，/wd远远/d不/d如/v我/rr收到/v的/ude1赠阅/vn报刊/n丰富/a。/wj
他们/rr的/ude1活动/vn天地/n未免/d太/d小/a。/wj
他/rr是/vshi内行/n。/wj
他/rr读/v到/v我/rr的/ude1一/m篇/q文章/n，/wd说/v是/vshi我/rr的/ude1灵感/n我/rr的/ude1题材/n来自/v“/wyz故国/n八千/m里/q，/wd风云/n三十年/m”/wyy（/wkz指/v北京/ns新疆/ns，/wd八千/m里/q路/n云/n和/cc月/n，/wd而/cc从/p我/rr经历/v世事/n至/p今/tg，/wd已经/d过/vf了/ule三十/m多/m个/q年头/n。/wj
）/wky他/rr说/v，/wd不/d能/v每/rz篇/q作品/n都/d这样/rzv写/v，/wd否则/c就/d会/v自我/rr重复/v。/wj
他/rr说/v的/ude1完全/ad对/v。/wj
他/rr的/ude1另/rz一个/mq见解/n也/d极/d精彩/a，/wd他/rr说/v中国/ns的/ude1温庭筠/nr（/wkz他/rr非常/d准确/a地/ude2读/v“/wyz云/n”/wyy而/cc不/d是/vshi像/v一些/mq人/n读/v“/wyz均/d”/wyy）/wky，/wd美国/nsf的/ude1爱伦坡/nr，/wd都/d是/vshi极/d有/vyou风格/n的/ude1，/wd但/c并/d不/d是/vshi大家/rr。/wj
他/rr讲/v的/ude1风格/n问题/n与/p我/rr的/ude1看法/n完全/ad一致/a。/wj
虽然/c他/rr讲/v此/rzs话/n的/ude1目的/n是/vshi教育/v我/rr不/d要/v在/p意识流/n上/f走/v得/ude3太/d远/a太/d偏/a各色/r。/wj
而/cc我/rr，/wd从来/d不/d认为/v所谓/v一/m眼/q就/d能/v看/v出/vf风格/n来/f是/vshi一/m件/q好事/n，/wd一/m眼/q看/v出/vf，/wd只/d能/v证明/v作者/n的/ude1求/v怪/a求异/vn求/v窄/a和/cc自我/rr封闭/v。/wj
我/rr很/d高兴/a后来/t在/p王安忆/nr的/ude1一/m篇/q文章/n中/f读/v到/v她/rr的/ude1观点/n，/wd她/rr说/v，/wd风格/n的/ude1独特性/n是/vshi靠不住/a的/ude1，/wd越是/d独特/a，/wd越/d容易/a被/pbei模/ng仿/x，/wd越/d容易/ad丧失/v你/rr的/ude1独特性/n。/wj
所/usuo见/v略/d同/p也/y。/wj
九二年/m春/tg，/wd我/rr应/v纽约/nsf对/p约翰/nrf大学/n金介甫/nr教授/n之/uzhi邀/vn前/f去/vf参加/v当代/t中国/ns文学/n研讨会/n。/wj
值得一提的是/vl，/wd来自/v台湾/ns的/ude1颜元叔/nr在/p会上/t为/p台湾/ns当局/n不准/v陈映真/nr与会/vi辩护/vi，/wd并/cc在/p吃/v早/a点/qt时/ng对/p我/rr说/v希望/v大陆/n上/f的/ude1朋友/n配合/v一下/mq，/wd陈/nr1是/vshi台独/n。/wj
这/rzv也/d真是/d此一时/nl也/d彼一时/bl也/d，/wd现在/t他们/rr二/m位/q成/v了/ule亲密/a的/ude1反/vi独/d促/v统/vi乃至/c反/vi美/b的/ude1亲密/a战友/n了/y。/wj
第二/m是/vshi在/p会议/n的/ude1最后/f一/m天/qt，/wd由/p一/m位/q从/p湖南/ns出来/vf的/ude1大陆/n学生/n梁/nr1先生/n宣读/v类似/v告/v中国/ns作家/n书/n的/ude1一/m篇/q檄文/n。/wj
梁/nr1先生/n是/vshi先/d在/p湖南/ns当地/s学生/n运动/vn中/f出/vf了/ule点/n麻烦/an，/wd后/f因/p他/rr与/p一/m位/q美国/nsf留学生/n结/v了/ule婚/ng，/wd所以/c较方便/n地/ude2选择/v来到/v了/ule美国/nsf定居/v。/wj
他/rr的/ude1檄文/n中/f罗列/v了/ule中国/ns的/ude1不/d够/v民主/an自由/an的/ude1例证/n，/wd然后/c大声疾呼/vl道/v：/wm“/wyz中国/ns大陆/n的/ude1作家/n们/k，/wd你们/rr到/v哪里/rys去/vf了/y？/ww”/wyy
全场/n听众/n极其/d活跃/a，/wd认为/v会议/n终于/d开/v到/v要/v出彩/v的/ude1时候/n了/y，/wd还/d有人/r提出/v“/wyz听/v王蒙/nr的/ude1…/ws…/ws”/wyy
他们/rr要/v看/v王蒙/nr的/ude1好看/a。/wj
你/rr反对/v民主/a吗/y？/ww
跑/v到/v美国/nsf反对/v民主/an，/wd你/rr只/d能/v暴露/v你/rr的/ude1“/wyz共产党/n”/wyy干部/n面目/n。/wj
你/rr赞成/v民主/a吗/y？/ww
你/rr就/d是/vshi反对/v中国政府/nt，/wd看/v你/rr往/p下/f的/ude1文章/n怎么/ryv做/v！/wt
我/rr笑/v答/v：/wm“/wyz中国/ns的/ude1作家/n在/p中国/ns，/wd我/rr在/p北京/ns，/wd同行/n的/ude1黄秋耘/nr先生/n则/c在/p广州/ns。/wj
我们/rr知道/v我们/rr应该/v做/v什么/ry，/wd可能/v做/v什么/ry，/wd我们/rr正在/d为/p中国/ns的/ude1发展/vn和/cc进步/vn，/wd民主/an与/cc富强/an努力/an。/wj