我/rr在/p常山/ns休息/v了/ule一/m晚/tg，/wd第二/m日/qt至/p衢州/ns，/wd召集/v团级/b以上/f干部/n训话/vi，/wd勉励/v他们/rr努力/ad作战/vi。/wj
会/v二十一/m师/ng来到/v，/wd我/rr将/d二十一/m师/ng及/cc原先/d退/v下/f之/uzhi部队/n由/p江/n之/uzhi左岸/s调/v至/p右/f岸/n，/wd故意/d在/p白天/t行军/vi，/wd让/v孟昭月/nr之/uzhi谍报/n人员/n知道/v，/wd以为/v我/rr之/uzhi重点/n在/p右/f岸/n，/wd孟/b之/uzhi队伍/n果然/c向/p右/f岸/n移动/vn。/wj
行/vi至/p兰溪/ns，/wd我/rr秘密/ad将/p右/f岸/n队伍/n夜间/t秘密/n又/d调/v回/v左岸/s，/wd右/f岸/n仅/d留/v薛岳/nr一/m师/ng及/cc李明扬/nr新编/v之/uzhi独立团/n，/wd命令/v他们/rr若/v敌人/n来/vf攻/v，/wd务必/d死守/v，/wd期/qv牵制/vn敌人/n之/uzhi军队/n。/wj
后来/t孟/nr1虽/c知/v我军/n之/uzhi重点/n转移/vn，/wd已/d来不及/v渡/v江/n，/wd而/cc我军/n已/d向/p桐庐/ns方面/n推进/vi。/wj
二十一/m师/ng虽/c是/vshi新/a成立/vi之/uzhi部队/n，/wd战斗力/n很/d强/a。/wj
我/rr带领/v这/rzv支/q队伍/n在/p桐庐/ns、/wn浪石铺/ns敌/vg前/f渡/v河/n用/p强行军/n连夜/d经/p凤山庙/ns进入/v新登/ns。/wj
孟/nr1之/uzhi总部/n在/p新登/ns连夜/d撤退/vi至/p杭州/ns。/wj
我/rr在/p新登/ns俘虏/n孟/nr1之/uzhi副官/n，/wd令/v其/rz持/v我/rr的/ude1名片/n往/p见/v孟/nr1，/wd孟/nr1知/v杭州/ns难/ad守/v又/d撤/v至/p上海/ns，/wd仅/d此/rzs一/m战/ng，/wd便/d占领/v了/ule杭州/ns。/wj
当/p我/rr在/p衢州/ns时/ng，/wd何/nr1总指挥/n电报/n指示/n，/wd要/v我/rr退守/v仙霞岭/ns之/rz常山/ns、/wn江山/ns，/wd待/p其/rz解决/v周荫人/nr后/f，/wd再/d会师/vi进攻/v，/wd以免/c被/pbei敌/n各个击破/vl。/wj
我/rr奉/v电/n未/d有/vyou决定/n，/wd因为/p南方/s部队/n宜/ag攻/v不/d宜/ag守/v。/wj
攻/v则/d气盛/a，/wd守则/n气馁/a。/wj
不久/m，/wd我/rr又/d奉/v到/v蒋/nr1总司令/n电报/n：/wm“/wyz衢州/ns为/p战略/n要点/n，/wd战/vg守/v由/p兄/ng自决/vi，/wd中/f不/d遥/ag制/ng。/wj”/wyy
何/ry将军/n要/v我/rr退守/v，/wd蒋/nr1总司令/n要/v我/rr自决/vi，/wd我/rr经/p慎重/ad考虑/v后/f，/wd我/rr不/d退/v不/d守/v，/wd采取/v攻势/n。/wj
因/p薛/nr1师/n在/p游埠/ns方面/n牵制/vn敌人/n，/wd使/v我/rr亲自/d督/vg率/v二十一/m师/ng在/p浪石铺/ns敌/vg前/f渡/v河/n成功/an。/wj
杭州/ns顺利/ad克复/v。/wj
我/rr进入/v杭州/ns，/wd老百姓/n箪食壶浆/vl迎接/v革命军/n，/wd如/v有/vyou伤患/n，/wd无不/d妥善/ad招待/v。/wj
孟昭月/nr退回/v上海/ns后/f，/wd张宗昌/nr派/v他/rr的/ude1第八/m军毕庶/nr澄/vi前来/vi援助/vn。/wj
孙传芳/nr打/v电报/n给/v毕/nr1说/v：/wm“/wyz漫山遍野/nl所/usuo发现/v的/ude1民众/n大都/ns是/vshi赤军/n（/wkz指/v革命军/n）/wky之/uzhi便衣/n队/n居多/vi，/wd务必/d小心/a。/wj”/wyy
所谓/v便衣/n队/n实/ad是/vshi散布/v山岭/n之间/f欢迎/v革命军/n之/uzhi老百姓/n。/wj
毕/vg不知/v我们/rr已/d占领/v杭州/ns，/wd兼程/vi赶来/vi，/wd甫/d入/v浙江/ns境内/s即/v被/pbei我军/n击溃/v，/wd逃/v至/p上海/ns。/wj
我/rr攻/v下/vf杭州/ns约/d半/m月/n，/wd何敬之/nr将军/n才/d由/p福建/ns至/p杭州/ns。/wj
我们/rr次/qv一/m步/qv之/uzhi作战/vn目标/n便/d是/vshi上海/ns。/wj
进攻/v上海/ns之前/f，/wd何/ry将军/n在/p杭州/ns召开/v一/m次/qv军事/n会议/n，/wd参加/v人员/n只/d有/vyou我/rr与/p苏俄/n顾问/n蔡/nr1巴/b诺/ng夫/ng及/cc各/rz军/n师长/n。/wj
蔡巴诺夫/nr主张/v杭州/ns由/p少许/m部队/n留守/v，/wd主力/n绕/v长兴/ns、/wn宜兴/ns，/wd出/vf武进/nr（/wkz常州/ns）/wky、/wn吴县/ns（/wkz苏州/ns）/wky、/wn昆山/ns，/wd切断/v京沪/n铁路/n，/wd断绝/v上海/ns之/uzhi外援/n。/wj
我/rr除了/p认为/v蔡巴诺夫/nr之/uzhi意见/n可行/a外/f，/wd还/d主张/v分/qt一/m部分/m力量/n沿/p沪杭/ns铁路/n挺进/v，/wd因为/c革命军/n已/d占领/v嘉兴/ns，/wd正/d准备/v前进/vi。/wj
蔡巴诺夫/nr因为/c听/v闻齐燮元/nr与/p孙传芳/nr相/d战时/t，/wd为了/p渡/v淞江/ns在/p淞江/ns相持/vi数/m月/n，/wd坚决/ad反对/v我/rr之/uzhi意见/n，/wd何/ry将军/n很/d难/ad决定/v，/wd宣布/v暂时/d停/vi会/v，/wd以便/d疏导/v双方/n意见/n。/wj
我/rr面报/v何/nr1将军/n：/wm“/wyz我/rr知道/v淞江/ns之/uzhi障碍/n，/wd已/d令/v铁路局/n准备/vn铁篷车/n，/wd前端/n装置/n俄/b制/v之/uzhi七六二/m山野/n炮/n；/wf敌方/n最/d坚强/a之/uzhi阵地/n，/wd莫如/v淞江/ns三十四/m号/q桥/n之/uzhi桥头堡/n，/wd而/cc此地/s也/d是/vshi我军/n必经/v之/uzhi途/ng。/wj
若/c铁篷车/n能/v抑制/v敌人/n桥头堡/n之/uzhi机枪/n阵地/n，/wd工兵/n即可/v破坏/v敌方/n防守/v之/uzhi铁丝网/n，/wd我军/n前进/vi则/d无/v问题/n。/wj”/wyy
何/nr1将军/n听/v我/rr有/vyou如此/rzv部署/v，/wd始/vg同意/v我/rr之/uzhi意见/n，/wd第一/m军/n之/uzhi第一/m师/ng、/wn第二/m师/ng、/wn二十一/m师/ng及/cc第二十六/m军/n归/v我/rr指挥/v，/wd沿/p沪杭/ns铁路/n前进/vi，/wd第三/m师/ng、/wn十四/m师/ng、/wn十四/m军/n之/uzhi两/m师/ng、/wn十七/m军/n之/uzhi两/m师/ng以及/cc十九/m军/n一/m部分/n由/p何/ry将军/n统率/v出/vf长兴/ns。/wj
杭州/ns则/d由/p陈仪/nr留守/v。/wj
这/rzv一/m计划/n因为/c是/vshi我/rr建议/v的/ude1，/wd我/rr由/p炮兵/n营长/n蒋璧/nr陪同/v坐/v了/ule铁篷车/n亲/ng至/p前方/s督战/vi。/wj
所/usuo幸/vg敌人/n之/uzhi机枪/n掩体/n多/m被/pbei我方/r炮兵/n摧毁/v，/wd工兵/n扫除/v了/ule所有/b铁丝网/n，/wd大军/n顺利/a地/ude2渡过/v淞/ng江/n，/wd占领/v松江/ns城/n，/wd毕庶/nr澄/vi沿/p江/nr1防守/v之/uzhi部队/n，/wd因/p第二/m师/ng刘峙/nr在/p淞/ng江/n下流/s渡/v河/n进攻/vn，/wd毕/vg部/n被/pbei压迫/v入/v上海/ns闸北/ns车站/n。/wj
刘峙/nr乘/v胜/v追/v至/p上海/ns公共/b租界/n，/wd租界/n之/uzhi外国/n士兵/n向/p天空/n放/v枪/n，/wd阻止/v革命军/n前进/vi。/wj
我/rr派员/v告/v之/uzhi租界/n守/v兵/n将领/n：/wm“/wyz于/p今/tg为/p革命军/n#/x#/x#/x军阀/n之/uzhi时期/n，/wd租界/n原/d是/vshi不/d平等/a条约/n之/uzhi产物/n，/wd今/tg姑/d不论/c，/wd如果/c你们/rr阻止/v革命军/n前进/vi，/wd必须/d负一/m切/v后果/n。/wj”/wyy
租界/n之/uzhi守卫/v人员/n见/v我方/r态度/n强硬/a，/wd不/d敢/v再/d横蛮/a阻挠/vn。/wj
毕庶澄/nr退/v入/v闸北/ns，/wd以为/v租界/n之/uzhi外籍/n士兵/n会/v阻止/v革命军/n，/wd所以/c我们/rr到/v闸北/ns时/ng，/wd毕军/nr正在/d做饭/vi。/wj
毕军/nr见/v我军/n至/p仓皇/ad撤退/vi，/wd上海/ns唾/v手/n而/cc得/v。/wj
后来/t毕庶澄/nr因/p作战/vi不力/a被/pbei张宗昌/nr所/usuo枪毙/v。/wj
革命军/n所以/c能/v轻易/d占领/v上海/ns，/wd未/d遭受/v很/d大/a之/uzhi困难/an，/wd与/p钮永建/nr活动/v上海/ns税警/n来/vf降/v有/vyou很/d大/a之/uzhi关系/n。/wj
克复/v上海/ns，/wd蒋/nr1总司令/n任命/v我/rr兼任/v上海/ns警备/n司令/n，/wd革命军/n因/p纪律/n良好/a，/wd故而/c未/d发生/v严重/a之/uzhi外交/n事件/n。/wj
上海/ns是/vshi全国/n商业/n、/wn经济/n中心/n，/wd世界/n列强/n各国/rzs于/p上海/ns多/m有/vyou租界/n；/wf上海/ns也/d是/vshi黑社会/n最/d活跃/v之/uzhi地区/n。/wj
所以/c治理/v上海/ns是/vshi一/m件/q相当/d麻烦/a之/uzhi事/n。/wj
我/rr治军/vi有/vyou两/m项/q特别/d规定/v：/wm第一/m，/wd严禁/v赌博/vi；/wf第二/m，/wd不准/v携带/v便衣/n。/wj
因为/c携带/v便衣/n既/c增加/v行军/vi之/uzhi困难/an，/wd于/p战争/n激烈/a时/ng官兵/n又/d容易/ad换/v便服/n逃亡/vi。/wj
然而/c租界/n政府/n也/d有/vyou特别/d规定/v，/wd凡/d携带/v枪支/n，/wd着/uzhe军服/n者/k进入/v租界/n一律/d禁止/v且/c遭/v扣留/v。/wj
我/rr的/ude1部属/n因/c不谙/v租界/n之/uzhi规定/n，/wd被/pbei租界/n政府/n逮捕/v者/k不/d少/a。/wj
我/rr再/d三/m交涉/v无效/vi，/wd乃/c下令/v驻守/v租界/n边界/n之/rz中国/ns士兵/n，/wd凡/d外籍/n人士/n入/v中国/ns地区/n者/k一律/d扣留/v，/wd以/p作/v报复/vn。/wj