大别山/ns位于/v鄂/b、/wn豫/b、/wn皖/b三/m省/n交界处/n，/wd崇山峻岭/nl，/wd地形/n险要/a。/wj
徐州/ns会战/vi后/f，/wd军事/n委员会/n定/v大别山/ns为/p华中/ns战略/n要点/n，/wd其/rz地/ude2可/v东/f窥/vg津/b浦/b，/wd西/f出/vf平汉/nr，/wd南/f下/vf长江/ns，/wd北袭陇海/nr，/wd战/vg守/v皆宜/n，/wd于/p军事/n上/f甚/dg有/vyou价值/n，/wd故/c军委/n会/v令/v五/m战区/n负责/v筹划/v确保/v。/wj
是/vshi时/ng，/wd五/m战区/n呈请/v以/p第二十一/m集团军/n总司令/n廖磊/nr兼/v安徽省/ns主席/n，/wd省府/n总部/n、/wn省/n党/n部/q均设置/n于/p大别山/ns中心/n之/uzhi立/v煌/ag县/n。/wj
廖/nr1莅/vg立/v煌/ag后/f，/wd即/v积极/ad展开/v建设/v大别山/ns根据地/n，/wd如/c架设/v有/vyou无/v电线/n，/wd开辟/v山/n内/f交通/n等/udeng，/wd并/cc于/p立/v煌/ag设有/v临时/b飞机场/n，/wd以便/d运输/v弹药/n军饷/n。/wj
当时/t飞机/n投掷/v弹/v饷/x皆/d利用/v夜间/t施行/v，/wd因/c需/v飞/vi经/p敌人/n地区/n，/wd白天/t危险/an，/wd有时/d重要/a将领/n之/uzhi来往/vn也/d赖/v此/rzs机场/n。/wj
又/c大别山/ns四面/f为/v敌人/n包围/v，/wd故/c须/d于/p各/rz根据地/n屯粮/v储/vg弹/ng以/p备用/vn。/wj
因/p我/rr对/p此/rzs战区/n较为/d清楚/a，/wd故/c除/p立煌/nr外/f，/wd又/d于/p皖/b东津浦/nr路东之/nr五/m河/n，/wd皖北/ns之/uzhi周/ng家/n口/q，/wd鄂东/ns之/rz麻城/ns，/wd分设/v若干/m游击/b根据地/n，/wd以/p加强/v游击/b力量/n。/wj
凡/d于/p皖/b省/n境内/s之/uzhi游击区/n、/wn各/rz县/n与/p非/b游击区/n之/uzhi安全/an地域/n，/wd县长/n兼/v国民/n兵团/n团长/n，/wd此外/c于/p敌人/n占领区/n，/wd视/vg各县/r需要/n，/wd县长/n又/d有加/dl游击/b司令/n之/uzhi头衔/n者/k。/wj
副/b团长/n为/p军人/n，/wd协助/v县长/n训练/vn国民/n兵团/n。/wj
国民/n兵团/n分/v常备/b兵/n与/p后备/b自卫队/n两/m种/q，/wd凡/d十八/m岁/qt以上/f，/wd四十五/m岁/qt以下/f之/uzhi男子/n，/wd皆/d须/d纳入/v组织/n，/wd接受/v军训/vi，/wd与/p各/rz军/n合作/vn一同/d打游击/vi，/wd以/p打击/v敌人/n，/wd保护/v地方/n政权/n。/wj
此/rzs种/q民众/n组/n训/v办法/n，/wd多/m仿/x自/p广西/ns，/wd当时/t并/cc由/p广西/ns调/v来/vf若干/m干部/n以/p利/n推行/v，/wd惜/vg廖/nr1主席/n于/p二十八年/m冬季/t因/p积/v劳/ng病故/vi（/wkz血压/n高/a）/wky。/wj
抗战/vi初期/f，/wd廖军/nr在/p广西/ns柳州/ns奉命/vd参加/v淞/ng沪/b战事/n，/wd将/d出发/vi时/ng医生/n即/d曾/d劝/v其/rz不可/v操劳/v过度/vi，/wd但/c廖/nr1将军/n以/p抗战/vi乃/v军人/n之/uzhi天职/n，/wd故/c仍/d毅然/d参加/v。/wj
廖原/nr为/v唐/tg生/v智/ag部下/n，/wd平时/t律己/v甚/dg严/a，/wd爱护/v部属/n，/wd忠勇/nr2爱国/a。/wj
作战/vi时常/d身先士卒/vl，/wd奋不顾身/vl，/wd其/rz于/p作战/vi危急/a时/ng，/wd亦/d不/d请/v援兵/n，/wd是/vshi硬汉/n一/m条/q，/wd练兵/vi亦/d佳/a，/wd勤政/n爱/v民/ng，/wd甚/dg得/v皖/b人/n之/uzhi拥戴/vn。/wj
廖/nr1不幸/n病故/vi后/f，/wd中央/n待命/vi五/m战区/n副/b司/ng舍/v长官/n李品仙/nr接/v掌/n省/n主席/n仍/d兼/v二十一/m集团军/n总司令/n职/ng，/wd李/nr1接/v篆/ng后/f，/wd一切/rz措施/n仍/d萧规曹随/vl，/wd按/p原来/b规模/n实行/v。/wj
八年/m抗战/vi中/f，/wd敌人/n虽/c占领/v津/b浦/b路/n两侧/f要点/n与/p长江/ns沿岸/f重要/a据点/n，/wd如/v安庆/ns、/wn芜湖/ns，/wd以/p掩护/v其/rz伪/ag组织/n之/uzhi成立/vi，/wd然/rz安徽/ns其它/rz广大/b县份/n地区/n皆/d在/p安徽省/ns府/ng掌握/v中/f，/wd敌人/n所/usuo占/v仅/d为/v干线/n十/m公里/q内/f外/f，/wd远/a者/k即/d不/d能/v控制/vn。/wj
敌/vg第十一/m军/n司令/n官名/n冢/ng田/n攻/v者/k，/wd率/v高级/a随员/n七八/m人/n乘/v飞机/n飞/vi经/p大别山/ns麓/ng太湖县/ns境/ng之/uzhi张/ng家/n榜/n上空/s，/wd为/p我军/n击落/v，/wd全/a机/ng与/p人员/n皆/d告/v失踪/vi，/wd我/rr并/d俘获/v敌人/n机要/b文件/n缴存/v中央/n。/wj
敌/vg因而/c恼羞成怒/vl，/wd以/p优势/n之/uzhi部队/n分/qt路/n扫荡/v大别山/ns以为/v报复/vn，/wd我军/n以/c高度/d机动/a脱离/v立/v煌/ag区域/n，/wd向/p皖北/ns转/v进/vf或/c疏散/v于/p山区/n。/wj
敌/vg占立煌/nr四五日/t，/wd因/p给养/n困难/an，/wd又/d时/ng遭/v游击队/n之/uzhi袭击/vn，/wd乃/c即/d撤出/v，/wd敌/vg退/v，/wd我军/n又/d回/v，/wd一切/rz仍/d复旧/v观/vg。/wj
抗战/vi八年/m，/wd大别山/ns根据地/n始终/d保持/v，/wd我军/n主力/n依然/d存在/v，/wd牵制/v敌人/n许多/m兵力/n，/wd保持/v皖/b省/n广大/b地区/n之/uzhi政权/n。/wj
敌军/n有/vyou云/n：/wm“/wyz大别山/ns为/p南京/ns之/uzhi盲肠/n。/wj”/wyy
此言/rz诚/dg不/d虚/a也/y。/wj
南京/ns为/v敌/vg伪政府/n所在地/n，/wd安徽/ns与/p之/uzhi交界/vn，/wd随时/d予/vg其/rz威胁/vn，/wd或/c破坏/v津/b浦/b路/n，/wd敌/vg始终/d莫/d奈/vg我/rr何/ry。/wj
以上/f所/usuo述/vg为/p第五/m战区/n游击战/n概略/n。/wj
敌/vg华中/ns方面军/n进/vf占/v我/rr京/b、/wn沪/b、/wn杭/b三角/n地带/n后/f，/wd于民国/nr二十六年/m十二月/t，/wd为/p节约/v兵力/n，/wd以/p调/v往/p其他/rzv战场/n使用/v，/wd乃/c改/v取/v守势/n，/wd以/p富阳/ns、/wn余杭/ns、/wn吴兴/ns、/wn长典/nr2、/wn宣城/ns、/wn芜湖/ns为/p第一/m线/q，/wd扼要/ad构筑/v工事/n，/wd敌/ng所/usuo节余/v兵力/n第一/m股/q渡/v江/nr1至/p安徽/ns滁县/n与/p江北/s之江/ns都/d，/wd敌/vg共/d抽/v二/m师团/n与/p一/m支/q队/n转用/v华北/ns。/wj
三/m战区/n遂/d于/p是/vshi时/ng普遍/ad发动/v游击战/n，/wd阻/vg敌/ng运输/vn，/wd打击/v敌/vg小/a部队/n，/wd以/p困扰/v敌人/n。/wj
民国/n二十七年/m一月/t下旬/t，/wd敌/vg第十三/m师团/n出现/v向/p蚌埠/ns进攻/vn，/wd三/m战区/n为/p牵制/v敌/vg兵力/n起见/u，/wd以/p战区/n主力/n向/p杭州/ns、/wn太湖/ns、/wn宣城/ns、/wn南京/ns、/wn芜湖/ns等/udeng重要/a城市/n附近/f大举/d游击/b，/wd迫/vg敌/ng向/p苏/b、/wn浙/b、/wn皖/b边区/s五/m路/qv进攻/vn，/wd主力/n滞留/v华中/ns，/wd使/v五/m战区/n徐州/ns会战/n容易/a。/wj
民国/n二十七年/m，/wd武汉/ns会战/n时/ng，/wd我/rr三/m战区/n编成/v特种部队/n多组/n，/wd每/rz组/n有/vyou山/n炮兵/n、/wn战/ng防/v炮/n、/wn步兵/n、/wn工兵/n等分/n向/p长江/ns江/n边/k挺进/v，/wd挺进/v各/rz小组/n袭击/v敌/vg运输舰/n与/cc兵舰/n，/wd斩/v获/v颇/d多/a，/wd敌/vg因而/c增兵/vi沿/p江/n，/wd牵制/v敌/vg第一一六/m师团/n，/wd派兵/vi扼守/v沿/p江/nr1重地/n，/wd掩护/v交通/n，/wd减少/v武汉/ns压力/n。/wj
武汉/ns会战/n时/ng，/wd我/rr得/v谍报/n，/wd敌/vg大本营/n曾/d开会/vi检讨/v全盘/b战局/n。/wj
敌/vg因/p陆/m军/n投/v进/vf我/rr战场/n有如/v陷于/v泥/n淖/x，/wd先后/d虽/c已/d动用/v三十/m师团/n（/wkz关东/ns军/n在/p外/f）/wky，/wd然/c仅/d占领/v若干/m重要/a铁道/n沿线/f，/wd此外/c皆/d由/p我/rr游击队/n控制/vn。/wj
敌/vg拟/v以/p武力/n决战/vi之/uzhi意图/n既/c未/d得逞/vi，/wd以/p歼灭战/n取胜/vi之/uzhi信念/n至此/d亦/d完全/ad幻灭/v。/wj
因/p我军/n非/b有/vyou制胜/v把握/v，/wd不/d轻/a与/cc打/v硬/a战/ng，/wd为/p保存/v实力/n，/wd以/p劣势/n装备/n对敌/vn，/wd庶/ng可/v持久/a。/wj
武汉/ns会战/vi后/f，/wd敌/vg于/p东北/s仍/d有/vyou十四/m个/q师团/n，/wd本国/rzs也/d有/vyou七八/m个/q师团/n尚未/d动用/v，/wd但/c敌/vg之/uzhi陆/m军用/b以/p对付/v苏联/ns为主/vi，/wd故/c不/d敢/v再/d增加/v于/p中国/ns战场/n。/wj
敌/vg既/c未/d能/v达到/v武力/n决战/vi之/uzhi效果/n，/wd故/c于/p武汉/ns会战/vi后/f，/wd改变/v战略/n，/wd注意/v扶持/v伪/ag组织/n，/wd以/p华/b制/v华/ag，/wd掠取/v战地/n物资/n，/wd以战养战/vl，/wd作/v持久战/n之/uzhi计/ng，/wd盖/v其/rz积极/a意图/n为/v南/f进/vf。/wj
我方/r则/d采取/v游击战/n，/wd以/p配合/v正规战/n，/wd此关系/n以后/f战局/n甚/dg大/a。/wj