艾伦/nrf，/wd我/rr已经/d思考/v了/ule一/m段时间/n了/y，/wd尽管/c总部/n非常/d支持/v谷歌/nr在/p中国/ns的/ude1工作/vn，/wd我/rr也/d感觉/v到/v这/rzv是/vshi一/m家/q改变/v世界/n的/ude1企业/n。/wj
不过/c，/wd我/rr心中/s还有/v一个/mq理想/n没有/d完成/v。/wj
下/vf一个/mq阶段/n，/wd我/rr想/v专注/vi地/ude2完成/v自己/rr心中/s的/ude1这/rzv件/q事/n。/wj
所以/c，/wd我/rr决定/v离开/v公司/n，/wd我/rr是/vshi来/vf向/p你/rr辞职/vi的/ude1！/wt
啊/y？/ww
是/vshi吗/y？/ww
怎么/ryv了/y？/ww
开/v复/vg，/wd我/rr想/v你/rr知道/v我们/rr是/vshi希望/v你/rr续/v约/d的/ude1。/wj
我们/rr在/p4月/t份/q就/d开会/vi讨论/v了/ule你/rr下/vf一个/mq四年/m的/ude1股票/n合约/n。/wj
四年/m前/f，/wd当时/t为了/p弥补/v你/rr放弃/v微/ag软/a股票/n的/ude1损失/n，/wd我们/rr破/v纪录/n给/p你/rrGoogle/x有史以来/dl最/d高/a数目/n的/ude1股票/n。/wj
这/rzv次/qv我们/rr还/d是/vshi给/p你/rr一样/uyy多/a。/wj
这/rzv代表/n了/ule我们/rr对/p你/rr过去/t工作/vn的/ude1满意/vn和/cc对/p你/rr的/ude1感谢/vn，/wd也/d希望/v你/rr留下来/v和/cc我们/rr一起/s工作/vn。/wj
开/v复/vg，/wd你/rr是/vshi有/vyou什么/ry地方/n不/d满意/v吗/y？/ww
艾伦/nrf明显/ad感觉/v到/v很/d意外/a。/wj
没有/v，/wd真/a的/ude1没有/v。/wj
谷歌/nr是/vshi我/rr所/usuo工作/vi的/ude1公司/n里/f最/d让/v人/n震撼/v的/ude1。/wj
我/rr在/p这里/rzs也/d学/v到/v很多/m。/wj
但是/c坦诚/a地/ude2说/v，/wd我/rr不再/d考虑/v续/v约/d。/wj
本来/d我/rr是/vshi打算/v6月/t就/d和/cc你/rr说/v的/ude1，/wd但是/c你/rr知道/v，/wd当时/t谷/ng歌/n中国/ns忽然/d发生/v了/ule急需/v处理/v的/ude1事情/n，/wd我/rr想/v我/rr在/p那个/rz时候/n一定/d不/d能/v离开/v。/wj
我/rr告诉/v自己/rr，/wd一定/d要/v将/p那/rzv件/q事情/n负责/v地/ude2解决/v之后/f才/d可以/v离开/v。/wj
现在/t，/wd艾伦/nrf，/wd所有/b的/ude1业务/n都/d恢复/v了/ule正常/a，/wd我/rr想/v我/rr可以/v放心/v地/ude2走/v了/y！/wt
艾伦/nrf不再/d像/p平日/t那样/rzv波澜/n不/d惊/v地/ude2微笑/vi。/wj
此时/r，/wd他/rr的/ude1语气/n变/v得/ude3急促/a，/wd开/v复/vg，/wd你/rr先/d听/v我/rr说/v好/a吗/y？/ww
我们/rr最近/t整合/v了/ule欧洲/ns的/ude1团队/n，/wd任命/v了/uleNelsonMattos/x做/v全/a欧洲/ns的/ude1产品/n和/cc工程/n总裁/n。/wj
我们/rr正/d在/p讨论/v，/wd让/v你/rr做/v亚/b太/b区/n的/ude1产品/n和/cc工程/n总裁/n，/wd负责/v日本/nsf、/wn韩国/nsf、/wn印度/nsf、/wn东南亚/nsf、/wn澳洲/ns等/udeng几/m十/m个/q国家/n和/cc地区/n的/ude1产品/n研发/v和/cc市场/n开发/vn。/wj
你/rr再/d考虑/v考虑/v？/ww
谢谢/v你/rr，/wd艾伦/nrf，/wd我/rr真的/d不/d是/vshi来/vf要求/v更/d高/a的/ude1职位/n和/cc更/d高/a的/ude1薪水/n的/ude1。/wj
我/rr非常/d感谢/v公司/n对/p我/rr的/ude1安排/vn，/wd但/c我/rr想/v我/rr已经/d下/vf定/v了/ule决心/n。/wj
谷歌/nr中国/ns现在/t已经/d发展/v到/v一个/mq平稳/a的/ude1阶段/n。/wj
对于/p谷歌/nr，/wd我/rr现在/t已经/d没有/v遗憾/an，/wd但/c我/rr想/v现在/t我/rr的/ude1人生/n还有/v一个/mq缺憾/n没有/d实现/v，/wd我/rr想/v去/vf弥补/v它/rr。/wj
那/rzv就/d是/vshi和/p中国/ns青年/n人/n一起/s打造/v新奇/a的/ude1技术/n奇迹/n，/wd我/rr想/v用/p自己/rr的/ude1主动性/n做/v一个/mq掌/n控/v全局/n的/ude1工作/vn。/wj
我/rr已经/d到/v了/ule这个/rz人生/n阶段/n，/wd再/d不/d去/vf做/v，/wd我/rr真/a的/ude1很/d怕/v来不及/v了/y。/wj
你/rr是/vshi说/v，/wd你/rr想/v自己/rr去/vf做/v创业/vi的/ude1工作/vn吗/y？/ww
自己/rr做/v？/ww
没/d错/v！/wt
艾伦/nrf沉吟/v了/ule一会儿/mq，/wd空气/n里/f一阵/mq沉默/a。/wj
我/rr想/v，/wd他/rr心里/s一定/d在/p说/v：/wm他/rr疯/vi了/y吗/y？/ww
他/rr疯/vi了/y吗/y？/ww
是的/vl，/wd这个/rz举动/n看似/v有些/rz疯狂/a。/wj
但是/c，/wd在/p登/v上/f飞往/v加利福尼亚/nsf的/ude1飞机/n之前/f，/wd我/rr已经/d告诉/v自己/rr，/wd我/rr想/v好/a了/y，/wd不再/d动摇/v。/wj
站/vi起/vf身/ng，/wd我/rr看到/v窗外/s是/vshi一/m眼/q望/v不/d到/v尽头/f的/ude1如/v茵/ng绿/a草/n，/wd一个/mq大/a大/a的/ude1露天/n剧场/n在/p远处/s静静地/z独处/v着/uzhe。/wj
硅谷/ns8月/t的/ude1清晨/t，/wd空气/n竟然/d有/vyou丝/q丝/n的/ude1凉/a意/ng。/wj
此时/r此刻/r的/ude1我/rr，/wd内心/n无比/z轻松/a。/wj
的确/d，/wdGoogle/x是/vshi世界/n上/f最/d大/a的/ude1互联网/n公司/n，/wd也/d是/vshi世界/n上/f最/d具/vg价值/n的/ude1品牌/n。/wj
现在/t，/wd我/rr面对/v的/ude1是/vshi价值/n上千/m万/m美元/q的/ude1股票/n和/cc薪水/n，/wd一个/mq风光/n诱人/a兼具/v辛苦/a的/ude1职位/n，/wd一个/mq被/pbei天才/n们/k包围/v的/ude1工作环境/n。/wj
当/p我/rr尝试/v着/uzhe把/pba离开/v谷歌/nr的/ude1决定/n告诉/v身边/s的/ude1亲人/n时/ng，/wd他们/rr不/d禁/v瞪/v大/a了/ule眼睛/n惊呼/v：/wm什么/ry，/wd你/rr开/v玩笑/n？/ww
世界/n上/f还有/v更/d好/a的/ude1工作/vn吗/y？/ww
是的/vl，/wd这样/rzv的/ude1工作/vn机会/n已经/d千载难逢/vl，/wd那/rzv还/d有/vyou什么/ry能够/v让/v我/rr痛/dg下决心/vi呢/y？/ww
我/rr想/v，/wd那/rzv就/d是/vshi来自/v我/rr内心/n深处/s的/ude1声音/n了/y。/wj
当/p一个/mq微小/a的/ude1火种/n慢慢/d地/ude2在/p心里/s闪烁/v，/wd最终/d蔓延/vi成为/v燃烧/v的/ude1火焰/n；/wf当/p一个/mq并/d不/d清晰/a的/ude1潜意识/n渐渐/d地/ude2野蛮/a生长/vn，/wd成为/v了/ule明确/a的/ude1意志/n；/wf我/rr想/v，/wd这/rzv就是/d作出/v改变/v的/ude1时候/n了/y。/wj
这/rzv和/p我/rr此前/t很/d多/m次/qv的/ude1人生/n经验/n相似/a，/wd每/rz一/m次/qv放弃/v，/wd都/d有/vyou争议/vn，/wd都/d有/vyou挣扎/vi，/wd都/d有/vyou留恋/vn。/wj
但是/c最终/d通过/p理性/n走向/v平静/a，/wd我/rr深刻/a地/ude2知道/v，/wd每/rz一/m次/qv放弃/v与/cc选择/vn，/wd都/d是/vshi舍/v与/cc得/v的/ude1对应/vn。/wj
但/c人们/n只有/c倾听/v内心/n的/ude1声音/n，/wd真正/d做到/v舍弃/v，/wd才/d可能/v让/v自己/rr全力以赴/vl，/wd到达/v心中/s的/ude1下/vf一个/mq理想/a国/n。/wj
随着/p年龄/n的/ude1增长/vn，/wd每/rz一/m次/qv选择/vn的/ude1机会/n成本/n会/v越来越/d大/a。/wj
随/p之/rz对应/vi的/ude1，/wd是/vshi作出/v选择/v时/ng需要/v的/ude1勇气/n越来越/d多/a。/wj
我/rr相信/v，/wd根据/p一般/a人/n的/ude1经验/n，/wd一定/b时间/n之后/f，/wd年龄/n与/cc勇气/n的/ude1增长/vn就/d成/v了/ule反比/n。/wj
因此/c，/wd我/rr坚定/a地/ude2在/p此刻/r作出/v选择/v，/wd生怕/v日/qt后/f再/d没有/v机会/n。/wj
回/v望/v我/rr的/ude1工作/vn经历/n，/wd经过/p苹果/n、/wnSGI/x、/wn微/ag软/a、/wnGoogle/x四/m个/q世界/n顶级/b公司/n的/ude1历/vg练/v，/wd我/rr感觉/v到/v内心/n渐渐/d充满/v了/ule一/m种/q能量/n。/wj
这种/r能量/n让/v我/rr从/p心底/n生发/v出/vf很/d多/a有关/vn产品/n的/ude1奇/ag思/v妙/ad想/v，/wd我/rr的/ude1一些/mq思绪/n常常/d在/p空气/n中/f驰骋/v，/wd却/d又/d被/pbei眼前/s现实/n中/f巨大/a的/ude1工作量/n所/usuo淹没/v。/wj
逐渐/d的/ude1，/wd我/rr希望/v我/rr能/v有/vyou不/d囿/vg于/p眼前/s紧密/a的/ude1日程表/n的/ude1一/m片/q空间/n，/wd能够/v放松/v地/ude2让/v这些/rz奇/ag思/v妙/ad想/v落地/vi生根/vi、/wn发芽/vi，/wd以至于/c给/p人们/n的/ude1生活/vn方式/n带/v去/vf惊喜/a。/wj
不仅如此/bl，/wd我/rr希望/v把/pba所有/b聪明人/n关于/p科技/n的/ude1奇/ag思/v妙/ad想/v集中/ad到/v一个/mq盒子/n里/f，/wd然后/c让/v它们/rr经过/p碰撞/vn，/wd擦/v出/vf火花/n，/wd最终/d经过/p经验/n丰富/a的/ude1导师/n的/ude1指导/vn，/wd形成/v独立/a的/ude1团队/n投入/vn运作/vn。/wj
我/rr的/ude1理想/n是/vshi让/v这个/rz盒子/n成为/v哈利·波特/nrf的/ude1魔法/n书/n，/wd产生/v改变/v世界/n某个/rz细枝末节/nl的/ude1魔力/n。/wj
在/p谷/ng歌/n中国/ns工作期间/n，/wd时常/d有人/r问/v我/rr对/p别的/rzv工作/vn是否/v感/vg兴趣/n？/ww