当时/t陈启迈/nr是/vshi江西/ns巡抚/n。/wj
陈启迈/nr字子皋/nr，/wd他/rr和/cc曾国藩/nr曾/d一/m起/q在/p翰林/n院/n做事/vi。/wj
陈启迈/nr曾经/d做/v过/uguo国史/n馆/ng总/d纂/x、/wn庶/ng常/d馆/ng提/v调/v、/wn江西/ns按/p察/vg使/v、/wn直/d隶/ng和/cc江苏/ns布/n政/ng使/v这些/rz官职/n。/wj
湘军/nr2进入/v江西/ns后/f，/wd虽然/c缓和/v了/ule江西/ns的/ude1局势/n，/wd但/c给/p江西/ns带来/v的/ude1负担/n却/d极为/d沉重/a。/wj
因为/p当时/t湘/b军/n水/n陆两/m师/ng每月/r粮饷/n竟/d达/v九/m万/m两/m银子/n之/uzhi多/ng，/wd而/cc湘军/nr2又/d不/d属/v朝廷/n正式/ad编制/v，/wd军饷/n的/ude1来源/n则/c全部/m由/p地方/n自筹/v。/wj
此前/t湘/b军/n的/ude1粮饷/n由/p湖南省/ns供给/vn，/wd但/c进入/v江西/ns后/f，/wd因为/c交通运输/n不/d便利/a，/wd许多/m支出/n均/d由/p江西/ns地方/n政府/n供给/vn。/wj
陈启迈/nr与/p曾国藩/nr虽然/c从/p关系/n上/f来说/uls是/vshi同乡/n，/wd但/c利益/n不同/a。/wj
作为/p江西/ns巡抚/n的/ude1陈启迈/nr，/wd考虑/v最/d多/a的/ude1是/vshi江西/ns的/ude1地方/n利益/n，/wd而/cc给/p湘军/nr2提供/v军饷/n，/wd会/v损害/v到/v江西/ns的/ude1利益/n。/wj
正是/v由于/c这/rzv一/m不可避免/vl的/ude1原因/n，/wd曾国藩/nr与/p陈启迈/nr两/m人/n不/d断/v产生/v摩擦/vn，/wd直至/v达到/v水火/n不容/v的/ude1地步/n。/wj
曾国藩/nr此时/r所/usuo处/vi的/ude1艰危/a的/ude1环境/n以及/cc所/usuo受/v的/ude1窘/a辱/ng，/wd大多/d都/d来自/v陈启迈/nr，/wd具体说来/c，/wd主要/d有/vyou：/wm曾国藩/nr要/v在/p江西/ns重新/d对/p水师/n加以/vx建设/vn，/wd陈启迈/nr却/d说/v在/p江西省/ns根本/d没有/v建设/vn的/ude1必要/an；/wf曾国藩/nr请/v河南/ns候补/b知府/n刘于浔/nr设立/v船厂/n，/wd陈启迈/nr一会儿/mq写信/vi说/v，/wd要求/v把/pba厂/n内/f的/ude1若干/m船只/n给/p江西/ns，/wd一会儿/mq又/d写信/vi说/v，/wd不再/d需要/v那些/rz船/n了/y。/wj
曾国藩/nr调/v罗/nr1泽/ng南部/f攻/v湖口/ns，/wd陈启迈/nr却/d把/pba他/rr调/v来/vf守卫/v景德镇/ns，/wd旋/vg又/d调/v他/rr西/f往/p义宁/nr，/wd回头/d又/d把/pba他/rr调/v到/v湖口/ns去/vf。/wj
曾国藩/nr无奈/an，/wd只好/d几/m次/qv都/d回信/vi答应/v了/ule他/rr。/wj
当时/t太平/a军/n已/d占领/v义/ng宁/ag，/wd江西/ns官军/n去/vf增援/v，/wd被/pbei太平/a军/n打败/v。/wj
知州/nr2叶济英/nr、/wn粮/n储/vg道/n邓仁坤/nr请求/v罗泽南/nr率/v众/ag援助/v，/wd却/d遭到/v陈启迈/nr的/ude1屡屡/d禁止/v。/wj
事实上/bl，/wd曾国藩/nr与/p陈启迈/nr之间/f冲突/vi的/ude1主要/b内容/n还/d是/vshi军饷/n。/wj
而/cc导致/v曾/d陈/nr1二/m人/n彻底/ad势不两立/vl的/ude1最终/b原因/n，/wd则/c是/vshi因为/p两/m人/n对待/v举人/n彭寿颐/nr的/ude1不同/a态度/n。/wj
彭寿颐/nr是/vshi万载县/ns举人/n，/wd接到/v了/ule朝廷/n允许/v各地/rzs办/v团练/n的/ude1命令/n，/wd他/rr便/d在/p县/n内/f办/v团练/n。/wj
但/c彭寿颐/nr因/p与/p县官/n李/nr1山/n告/v有着/v极/d深/a的/ude1仇怨/n，/wd李/nr1山/n告/v便/d派/v人/n捉拿/v彭寿颐/nr，/wd彭寿颐/nr被/pbei逼/v逃命/v去/vf了/y。/wj
后/f在/p曾/nr1国/n藩/ng幕僚/n刘蓉/nr的/ude1帮助/vn下/f，/wd彭寿颐/nr谒/vg见/v了/ule曾国藩/nr。/wj
曾国藩/nr在/p与/p他/rr长/v谈/v后/f，/wd认为/v他/rr这个/rz人才/n实在/d不可多得/vl，/wd决定/v给/p他/rr用武之地/nl，/wd并/cc把/pba此/rzs事/n通报/vd给/v了/ule陈启迈/nr。/wj
陈启迈/nr表面/n上/f答应/v得/ude3非常/d爽快/a，/wd暗中/d却/d叫/vi按/p察/vg使/v恽光宸/nr捉拿/v彭寿颐/nr。/wj
至此/d，/wd曾国藩/nr对/p陈启迈/nr已经/d无法/v再/d容忍/v，/wd便于/v咸丰/nz五年/m六月/t十一日/t给/p朝廷/n的/ude1奏折/n中/f，/wd参/n劾/x了/vi陈启迈/nr。/wj
到/v了/ule七月/t初/t二日/t，/wd朝廷/n专门/d就/d曾国藩/nr的/ude1奏折/n下/vf了/ule谕旨/n，/wd决定/v将/p陈启迈/nr革职/vi。/wj
曾国藩/nr参/n劾/x陈启迈/nr一/m事/n，/wd虽然/c结果/d是/vshi胜利/vi的/ude1，/wd但是/c他/rr却/d没有/v过/uguo久/a地/ude2享受/v此事/r带/v给/p他/rr的/ude1喜悦/an。/wj
因为/p他/rr在/p此后/t的/ude1江西/ns官场/n更/d难/a活动/vn，/wd处处/d受到/v掣肘/vi。/wj
而/cc咸丰/ns七年/m二月/t曾国藩/nr得知/v父亲/n去世/vi时/ng，/wd不/d待/vi朝廷/n恩/ng准/a，/wd便/d为了/p奔丧/vi而/cc离开/v队伍/n回家/vi了/y，/wd这/rzv也/d正/d说明/v了/ule他/rr与/p江西/ns官场/n的/ude1格格不入/vl。/wj
应该/v说/v，/wd这时/rzt的/ude1曾国藩/nr还是/d不/d很/d精通/v为/p官/n之/uzhi道/n的/ude1，/wd尤其/d是/vshi比/p起/vf后期/f官场/n中/f的/ude1他/rr，/wd所/usuo用/v的/ude1手段/n也/d过于/d简单/a。/wj
第三/m部分/n：/wm官场/n失意/vi南昌/ns城/n死里逃生/vl湘/b军/n自/p九江/ns失败/vi后/f，/wd便/d将/p九江/ns的/ude1防卫/vn撤/v了/ule去/vf，/wd回/v护/v南昌/ns。/wj
咸丰/ns六年/m正月/t初二日/t，/wd太平/a军/n大举/d进攻/v樟树/n镇/n，/wd刘于浔/nr水师/n把/pba他们/rr击退/v了/y。/wj
周/nr1凤山/ns从新/d淦/nr1赶回/v来/vf增援/v樟树/n镇/n，/wd在/p瓦山/nrf遇到/v了/ule太平/a军/n，/wd并/cc将/d太平/a军/n打败/v。/wj
初七日/t，/wd彭玉麟/nr在/p樟树/n镇/n大败/vi太平/a军/n。/wj
二月/t初/t八九日/t，/wd曾国藩/nr听说/v石达开/nr由吉安/nr回到/v了/ule临江/ns，/wd带领/v着/uzhe几/m千/m名/q太平/a军/n，/wd二百/m多/m艘/q战船/n，/wd屯/v踞/vg在/p永泰/nz一带/n。/wj
十一二日/t又/d打听/v到/v，/wd太平/a军/n欲/vg由/p沙湖渡/nr到/v东岸/n，/wd兵/n分/qt三/m路/n来/vf袭击/v清军/n。/wj
永泰/nz、/wn沙/n湖/n距/p樟树/n镇/n都/d只/d有/vyou三四十/m里/q，/wd易/vg进/vf难/ad退/v。/wj
这个/rz地方/n东面/f挨着/v荷/b湖/n大桥/n，/wd前面/f的/ude1新/a淦/nr1县/n又/d是/vshi太平/a军/n的/ude1据点/n，/wd又/d可/v由/p小路/n绕/v到/v丰城/ns，/wd来/vf袭击/v清军/n的/ude1后/f路/n。/wj
曾/nr1国/n藩/ng探听/v到/v在/p横梁/n、/wn荷/b湖/n两边/f，/wd各/rz有/vyou三四千/m名/q太平/a军/n驻守/v。/wj
到/v了/ule十三日/t，/wd太平/a军/n到/v樟树/n镇/n堤/n上/f、/wn河边/s，/wd分两路/n探听/v清军/n的/ude1动向/n。/wj
彭玉麟/nr率/v水兵/n，/wd击退/v了/ule河边/s的/ude1太平/a军/n。/wj
陆/m军/n赶到/v后/f，/wd又/d击退/v了/ule堤/n上/f的/ude1陆/m军/n。/wj
十四日/t卯/ng刻/v，/wd曾国藩/nr派/v四/m成/q的/ude1军队/n驻扎/v在/p大/a桥/n上/f，/wd以/p防守/v荷/b湖/n的/ude1太平/a军/n。/wj
并/d派/v水师/n战船/n驻扎/v在/p临江/ns的/ude1河口/n，/wd以/p防止/v贼船/n下/f窜/vi，/wd影响/v大本营/n的/ude1安全/an。/wj
周/nr1凤山/ns亲自/d率领/v五/m营/n的/ude1陆军/n并/cc让/v水师/n进军/v横梁/n。/wj
黎明/t时分/n，/wd清军/n行/vi过/uguo樟树/n镇/n数/n里/f，/wd到达/v了/ule狗/n颈/ng堤/n，/wd在/p那里/rzs看见/v太平/a军/n兵/n分/qt四/m路/qv，/wd约/d有/vyou五千/m多/m人/n，/wd一路/mq驻扎/v在/p河/n桥/n，/wd一路/mq驻扎/v在/p堤/n左/f，/wd两/m路/qv驻扎/v在/p河边/s沙洲/n，/wd严阵以待/vl。/wj
周/nr1凤山/ns急忙/d调/v来/vf大/a桥/n上/f的/ude1士兵/n，/wd迎击/v左/a路/n，/wd然后/c亲自/d率领/v军队/n，/wd去/vf堵击/v桥/n上/f的/ude1那/rzv路/qv太平/a军/n。/wj
彭玉麟/nr见/v没有/d太平/a军/n的/ude1战船/n出/vf得/ude3河/n来/f，/wd便/d考虑/v到/v河边/s的/ude1那/rzv路/qv太平/a军/n可能/v会/v包抄/v堤/n上/f，/wd使/v陆/m军/n腹背受敌/vl，/wd便/d命令/v水师/n登岸/v一同/d来/vf剿灭/v太平/a军/n，/wd一时/t间/f炮火/n连天/vi。/wj
都/d司/vg毕金科/nr、/wn李新华/nr各自/rr带/v着/uzhe士兵/n，/wd袭击/v了/ule沙洲/n里面/f的/ude1两/m路/qv太平/a军/n。/wj
太平/ns军/n合/vd为/v一/m路/qv，/wd奋勇/d激战/vi，/wd虽/c清军/n多/m次/qv进攻/vn仍/d僵持/vi不/d下/vf，/wd最终/b清军/n大/d胜/v。/wj
十六日/t，/wd石达开/nr率领/v十/m万/m大军/n占据/v了/ule横梁/n、/wn香/n溪/ng一带/n。/wj
周/nr1凤山/ns听说/v了/ule太平/a军/n全面/ad进攻/v的/ude1消息/n，/wd便/d想/v命令/n各/rz营/n军马/n同心协力/vl迎击/v。/wj