第一/m次/qv和/cc企业家/n马云/nr“/wyz零/m距离/n”/wyy接触/vn，/wd还是/c在/p两年/m前/f。/wj
我/rr清晰/a地/ude2记得/v，/wd那/rzv一/m天/qt是/vshi2006年/m7月/t26日/t。/wj
在/p那个/rz酷热/a的/ude1下午/t，/wd我们/rr如约/d来到/v北京市/ns西/f大/d望/v路/n1/a号/n温特莱/nrf中心/n。/wj
这个/rz地方/n，/wd是/vshi阿里巴巴/nz旗/n下/vf公司/n雅/ag虎/n中国/ns的/ude1总部/n。/wj
我们/rr一行/n人/n到/v了/ule以后/f，/wd马云/nr特地/d到/v会议室/n把/pba我们/rr迎/v到/v他/rr自己/rr的/ude1办公室/n。/wj
我们/rr到/v的/ude1时候/n，/wd他/rr还/d没/d来得及/v吃/v完/vi午饭/n，/wd马/nr1云/n迎接/v我们/rr的/ude1时候/n还/d特意/d强调/v，/wd“/wyz我们/rr边/d吃/v边/k聊/v吧/y”/wyy。/wj
有意思/al的/ude1是/vshi，/wd等/udeng马云/nr和/cc我们/rr一起/d进/vf了/ule他/rr办公室/n后/f，/wd马云/nr发现/v放/v在/p办公桌/n上/f刚刚/d吃/v了/ule一点/m的/ude1饭菜/n已经/d被/pbei属下/n收/v走/v了/y。/wj
马云/nr不好意思/vl地/ude2自我/rr解嘲/vi了/ule一下/mq，/wd“/wyz你/rr看/v我们/rr员工/n办事效率/n多/m高/a啊/y”/wyy。/wj
马云/nr就/d这样/rzv饿/v着/uzhe肚子/n同/p我们/rr聊/v。/wj
和/cc马云/nr聊天/vi，/wd非常/d轻松/a，/wd刚/d见面/vi就/d像/v老/a熟人/n一样/uyy，/wd很/d自然/a，/wd很/d亲切/a。/wj
那/rzv次/qv见面/vi，/wd我们/rr一/m聊/v就/d是/vshi一个/mq多/a小时/n。/wj
而/cc马云/nr给/p我们/rr的/ude1名片/n也/d很/d有意思/al，/wd名片/n上/f没有/v任何/rz头衔/n，/wd只有/c简单/a的/ude1几/m个/q字/n——/wp“/wyz阿里巴巴/nz集团/n马云/nr”/wyy，/wd尽管/c谁/ry都/d知道/v他/rr是/vshi阿里巴巴/nz的/ude1“/wyz一/m号/q人物/n”/wyy。/wj
那/rzv一/m次/qv，/wd我们/rr说/v要/v为/p他/rr写/v一/m本/q书/n，/wd马/nr1云/n有些/rz不好意思/a，/wd他/rr说/v自己/rr还/d年轻/a，/wd今后/t的/ude1路/n还/d很/d长/a，/wd还/d谈/v不/d上成/vf功/n，/wd而/cc写/v书/n却/d是/vshi很/d庄严/a的/ude1事情/n，/wd所以/c现在/t还/d没有/v什么/ry好/a写/v。/wj
马云/nr说/v：/wm“/wyz我/rr现在/t倒/d是/vshi犯/v错/vd不/d少/a，/wd也/d做/v了/ule不少/m糗/x事/n，/wd等/udeng将来/t退休/v了/ule或许/d该/v写/v一/m本/q《/wkz阿里巴巴/nz的/ude11001/m个/q错误/n》/wky。/wj”/wyy
我们/rr开玩笑/vi说/v：/wm“/wyz我们/rr想/v把/pba阿里巴巴/nz的/ude1经验/n介绍/v给/p大家/rr，/wd也许/d保存/v这/rzv份/q资料/n对/p您/rr今后/t自己/rr写/v书/n也/d有/vyou个/q参考/v啊/y。/wj”/wyy
我们/rr大家/rr一起/d笑/v了/y…/ws…/ws
时隔/v两/m个/q多/a月/n之后/f，/wd我们/rr再次/d谋/v面/n。/wj
2006年/m9月/t，/wd我/rr应邀/vi参加/v首/m届/q网/n商/vg节/n大会/n。/wj
那天/t下午/t我们/rr乘坐/v的/ude1航班/n飞/vi到/v萧山/ns国际/n机场/n时/ng，/wd已/d是/vshi7点/t30分/t。/wj
一/m下/vf飞机/n，/wd热情/ad好客/a的/ude1“/wyz阿里/ns人/n”/wyy直接/ad把/pba我们/rr带/v到/v湖畔/n居/v茶楼/n参加/v阿里巴巴/nz公司/n茶会/n。/wj
参加/v那/rzv次/qv茶/n叙/b的/ude1主要/d是/vshi一些/mq媒体/n人士/n，/wd还有/v百/m安居/v中国/ns区/n总裁/n、/wn后来/t加盟/v阿里巴巴/nz集团/n并/cc担任/v上市/vn公司/n总裁/n的/ude1卫哲/nr2先生/n，/wd原/b和/cc讯/ng网/n总裁/n、/wn后来/t担任/v过/vf雅/ag虎/n中国/ns总裁/n的/ude1谢文/nr先生/n，/wd易/ad观/vg国际/n总裁/n于扬/nr先生/n等/udeng人/n。/wj
阿里巴巴/nz集团/n高管马云/nr、/wn孙彤/nr宇/ng、/wn金建杭/nr等/udeng来回/n穿梭/vi，/wd与/p嘉宾/n交流/vn。/wj
马云/nr跟/v谁/ry都/d好像/v老朋友/n一样/uyy，/wd很/d诚恳/a、/wn亲切/a、/wn自然/n随和/an，/wd没有/v一点/m架子/n。/wj
他/rr走/v到/v我/rr旁边/f与/p我/rr握手/vi，/wd还/d给/p我/rr介绍/v其他/rzv的/ude1一些/mq朋友/n，/wd然后/c坐/v下来/vf天南地北/dl聊/v了/ule好/a一会儿/mq，/wd临走/vi他/rr双/m手/n抱/v拳/qv很/d抱歉/a地/ude2说/v：/wm“/wyz实在/d不好意思/a，/wd改/v时间/n我们/rr再/d聊/v。/wj”/wyy
那/rzv次/qv来/vf的/ude1客人/n比较/d多/a，/wd作为/p东道主/n，/wd他/rr都/d得/ude3招待/v。/wj
由于/c有/vyou几/m个/q会议/n要/v他/rr亲自/d去/vf主持/v，/wd他/rr只/d得/v提前/vd离开/v茶会/n赶往/v别的/rzv地方/n。/wj
后来/t，/wd我/rr很/d荣幸/a被/pbei中央电视台/nt《/wkz赢/v在/p中国/ns》/wky栏目/n推广/vn组/n聘/v为/p顾问/n，/wd由于/c工作/vn关系/n，/wd我/rr经常/d要/v亲临/v节目录制/n的/ude1现场/s。/wj
马云/nr连续/ad担任/v了/ule两/m个/q赛季/n的/ude1评委/n，/wd我/rr亲眼/d目睹/v了/ule马云/nr这个/rz清瘦/a儒雅/z的/ude1“/wyz创业/vn教父/n”/wyy如何/ryv用/v他/rr充满/v睿智/an、/wn幽默/a、/wn穿透力/n的/ude1谆谆/d教诲/v，/wd令/v所有/b参赛/vn选手/n和/cc电视观众/n折服/v。/wj
在/p那/rzv期间/f，/wd我们/rr和/cc马云/nr也/d有/vyou更/d多/a的/ude1机会/n接触/vn和/cc更/d深刻/a的/ude1了解/vn。/wj
同时/c，/wd马云/nr也/d是/vshi《/wkz中国/ns企业家/n》/wky杂志/n经常/d报道/v的/ude1热点/n人物/n和/cc刘东华/nr社长/n的/ude1好/a朋友/n，/wd每年/r年底/t的/ude1中国/ns企业/n领袖/n年会/n他/rr必然/d到场/vi，/wd我/rr与/p马云/nr也/d经常/d在/p这样/rzv的/ude1机会/n相遇/vi。/wj
中央电视台/nt《/wkz赢/v在/p中国/ns》/wky总/b制片人/n王利芬/nr女士/n曾经/d感慨/v说/v：/wm“/wyz在/p马云/nr身上/s，/wd有/vyou一点/m是/vshi一般/a人/n做/v不/d到/v的/ude1，/wd那/rzv就是/v他/rr没/d有/vyou一点/m虚荣心/n，/wd他/rr不/d怕/v没/v面子/n，/wd能/v十分/m坦然/a地/ude2面对/v自己/rr不/d太/d成功/a的/ude1过去/t，/wd连/ulian自己/rr的/ude1长相/n也/d在/p他/rr自嘲/vi之/uzhi列/n。/wj
这/rzv一点/m对/p一个/mq人/n来说/uls真/d的/ude1并/cc不/d容易/a，/wd而且/c有/vyou许多/m人/n因为/c做/v不/d到/v这/rzv一点/m而/cc将/p自己/rr放大/v或/c架/v了/ule起来/vf，/wd之后/f要/v不断/d地/ude2为/v这个/rz放大/v的/ude1或/c架/v起来/vf的/ude1自我/rr费/v许多/m的/ude1精力/n，/wd要/v演戏/vi。/wj
而/cc马云/nr不/d用/v，/wd他/rr台上/s台下/s都/d是/vshi一个/mq人/n，/wd真实/a地/ude2表达/v自己/rr的/ude1不足/an，/wd也/d真实/a地/ude2表达/v自己/rr的/ude1才华/n。/wj
我/rr很/d难/ad想象/v什么/ry人/n能/v将/d马/nr1云/n忽悠/z起来/vf，/wd也/d很/d难/ad想象/v什么/ry人/n能/v把/pba马云/nr的/ude1自信/an打/v下去/vf让/v他/rr自卑/a。/wj”/wyy
的确/d，/wd马云/nr的/ude1人格/n魅力/n太/d强大/a了/y，/wd他/rr活/v得/ude3轰轰烈烈/al、/wn活/n得/ude3坦坦荡荡/z、/wn活/n得/ude3真实/a自然/n。/wj
除了/p我们/rr出/vf的/ude1几/m本/q书/n，/wd其他/rzv出版社/n也/d出/vf过/uguo一些/mq关于/p马云/nr和/cc阿里巴巴/nz的/ude1书/n，/wd但/c有/vyou许多/m读者/n感到/v，/wd如果/c有/vyou一/m本/q全面/a详细/ad介绍/v马/nr1云/n成长/vn经历/n、/wn创业/vn故事/n和/cc心路/n历程/n的/ude1图书/n，/wd“/wyz那/rzv是/vshi多么/d过瘾/a的/ude1一/m件/q事/n啊/y”/wyy（/wkz读者/n来信/vi的/ude1原话/n）/wky。/wj
那么/rz现在/t这个/rz任务/n就/d由/p我们/rr来/vf完成/v了/y。/wj
相信/v这/rzv是/vshi一/m本/q给/p你/rr带来/v极大/a阅读/vn快感/n的/ude1书/n，/wd你/rr会/v和/cc马云/nr一起/d愁/v一起/s笑/v，/wd一起/d手舞足蹈/al。/wj
我/rr将/d这/rzv本书/r取名/v为/v《/wkz马云/nr正传/n》/wky。/wj
查/v百/m度/qv说/v“/wyz正传/n是/vshi指/v作者/n写/v的/ude1书/n的/ude1主要/b内容/n是/vshi在/p历史/n资料/n中/f有/vyou据/p可/v查/v的/ude1”/wyy。/wj
《/wkz马云/nr正传/n》/wky的/ude1写作/vn态度/n是/vshi严肃/a的/ude1，/wd绝不/d是/vshi戏说/v。/wj
这/rzv是/vshi关于/p马云/nr故事/n的/ude1集大成/b的/ude1一/m本/q书/n，/wd集中/v了/ule几乎/d所有/b马/n云/vg讲/v过/uguo的/ude1、/wn熟悉/v马云/nr的/ude1人/n讲/v过/uguo的/ude1、/wn媒体/n报道/v过/uguo的/ude1所有/b的/ude1故事/n，/wd融会贯通/vl起来/vf，/wd成为/v一/m部/q像/v小说/n般/uyy完整/ad演绎/v的/ude1情节/n生动/a、/wn曲折/a感人/a的/ude1报告文学/nl。/wj
经过/p近/a半/m年/qt近乎/v疯狂/a的/ude1日夜/n创作/vn之后/f，/wd这/rzv本/q书/n终于/d告竣/vi。/wj