从/p懵懂/v少年/n到/v大学/n教师/n我/rr觉得/v影响/v我/rr的/ude1人/n挺/d多/a的/ude1，/wd在/p不同/a阶段/n有/vyou不同/a的/ude1人/n影响/v我/rr：/wm路遥/nr的/ude1《/wkz人生/n》/wky影响/v过/uguo我/rr，/wd金庸/nr的/ude1《/wkz笑/v傲/a江湖/n》/wky影响/v过/uguo我/rr，/wd《/wkz阿甘/nrf正传/n》/wky里面/f简单/a的/ude1阿/b甘/ag影响/v过/uguo我/rr，/wd《/wkz排球/n女将/n》/wky中/f的/ude1小/a鹿/n纯/a子/ng影响/v过/uguo我/rr，/wd还有/v我/rr的/ude1父母/n、/wn我/rr的/ude1老师/n、/wn我/rr的/ude1朋友/n，/wd他们/rr都/d影响/v过/uguo我/rr。/wj
但是/c，/wd我/rr认为/v在/p这个/rz世界/n上/f，/wd没有/v一个/mq人/n能/v完全/ad影响/v你/rr，/wd重要/a的/ude1是/vshi你/rr能/v从/p每/rz一个/mq影响/v过/uguo你/rr的/ude1人/n身上/s找到/v各种/rz机会/n，/wd然后/c不断/d学习/v，/wd从而/c反过来/d影响/v别人/rr。/wj
——/wp马云/nr一/m、/wn少年/n求学/vi梦/n童年/t、/wn少年/n时代/n的/ude1马云/nr，/wd是/vshi一个/mq如/v“/wyz阿甘/nrf”/wyy般/uyy的/ude1孩子/n，/wd简单/ad到/v不/d能/v再/d简单/a，/wd平凡/a到/v不/d能/v再/d平凡/a。/wj
在/p遭受/v冷嘲热讽/vl的/ude1屈辱/n岁月/n，/wd是/vshi那个/rz女/b老师/n的/ude1一番/mq激励/vn，/wd让/v这个/rz数学/n能/v创纪录/vi般/uyy地/ude2考/v出/vf1分/t的/ude1“/wyz差/a生/v”/wyy，/wd摇身一变/vl，/wd成为/v尽人皆知/vl的/ude1英语/nz“/wyz神童/n”/wyy；/wf在/p那个/rz青/a涩/a的/ude1童真/n年代/n，/wd是/vshi《/wkz人生/n》/wky的/ude1启迪/vn，/wd是/vshi《/wkz排球/n女将/n》/wky的/ude1鼓舞/vn，/wd是/vshi“/wyz小鹿/nr纯子/nr2”/wyy永远/d如/v阳光/n般/uyy灿烂/a的/ude1微笑/vn，/wd激发/v了/ule少年/n马云/nr的/ude1坚韧/a斗志/n，/wd在/p那/rzv没有/v硝烟/n的/ude1考场/n上/f，/wd屡/d战/vg屡/d败/vi，/wd屡/d败/vi屡/d战/vg…/ws…/ws./wj
1./m
西子湖畔/ns的/ude1“/wyz好战/a少年/n”/wyy1964年/m9月/t10日/t，/wd杭州/ns美丽/a的/ude1西子湖畔/ns，/wd秋天/t的/ude1影子/n似乎/d已/d来临/vi，/wd柳树/n叶/ng有些/rz泛/v黄/a。/wj
湖畔/n边/k一个/mq普通/a的/ude1家庭/n里/f，/wd喜气洋洋/vl，/wd因为/c他们/rr家/n一/m个/q长/a着/uzhe小/a脑袋/n、/wn小/a眼睛/n的/ude1男童/n呱呱/o坠/v地/n，/wd激动/a的/ude1父母/n为/p他/rr取/v了/ule一个/mq颇为/d淑女/n化/k的/ude1名字/n——/wp马云/nr。/wj
遗憾/a的/ude1是/vshi，/wd这个/rz男孩/n从/p生/v下来/vf的/ude1第一/m天/qt似乎/d就/d不/d如/v父母/n所/usuo愿/v，/wd他/rr不/d像/v父母/n期望/vn的/ude1那/rzv般/uyy安静/a、/wn听话/a、/wn乖巧/a；/wf相反/vi，/wd集中/v于/p他/rr身上/s的/ude1似乎/d是/vshi那些/rz让/v天下/n所有/b父母/n都/d感到/v头疼/a的/ude1“/wyz坏/a毛病/n”/wyy：/wm叛逆/n、/wn倔强/a、/wn逞强/vi、/wn顽皮/a、/wn淘气/a、/wn屡教不改/vl…/ws…/ws
由于/p父亲/n是/vshi一/m家/q戏剧/n协会/n的/ude1负责人/n，/wd幼时/n的/ude1马云/nr，/wd常/d是/vshi一/m包/q瓜子/n、/wn一/m块/q方/ng糕/ng，/wd在/p各个/rz茶馆/n听/v着/uzhe杭州/ns大/a书/n、/wn苏州/ns评弹/n。/wj
茶馆/n，/wd让/v他/rr那/rzv充满/v想象力/n的/ude1翅膀/n越/d长/a越/d有/vyou力/n。/wj
成/v年/qt之后/f，/wd他/rr常/d对/p这/rzv段/q经历/n引/v以为/v豪/ag，/wd“/wyz现在/t我/rr讲/v故事/n的/ude1水平/n比/p很多/m人/n好/a，/wd有/vyou茶馆/n的/ude1功劳/n。/wj”/wyy
时隔/v二十/m多/m年/qt之后/f，/wd那个/rz名/ng震/vi中国/ns互联网/n界/k的/ude1超级/b盛典/n——/wp“/wyz西湖/ns论/v剑/n”/wyy，/wd其/rz创意/n便/d诞生/vi于/p龙井/nz的/ude1一/m家/q茶馆/n里/f。/wj
童年/t的/ude1马云/nr，/wd耳边/s常/d回荡/vi着/uzhe悠扬/a的/ude1琵琶/n声/ng和/cc母亲/n对/p苏州/ns评弹/n的/ude1低/a吟/v浅/ad唱/v，/wd但/c他/rr并/d未/d因/p此/rzs养成/v“/wyz绵软/a”/wyy的/ude1性格/n。/wj
这个/rz少年/n自幼/d便/d“/wyz行/vi侠/ng仗义/a”/wyy，/wd为/p朋友/n“/wyz两肋插刀/vl”/wyy，/wd经常/d帮/v别人/rr打架/vi，/wd也/d打/v了/ule无数/m次/qv的/ude1架/qv，/wd却/d绝/d少/ad为/v自己/rr而/cc战/ng，/wd用/p他/rr自己/rr的/ude1话/n说/v，/wd“/wyz全/d是/vshi为了/p朋友/n，/wd为了/p义气/n”/wyy。/wj
不过/c，/wd也/d有/vyou一/m次/qv是/vshi为/p他/rr自己/rr而/cc战/ng。/wj
确切/a地/ude2说/v，/wd是/vshi为了/p维护/v家人/n的/ude1尊严/n而/cc战/ng。/wj
马云/nr出生/vi在/p上/f个/q世纪/n60年代/t中期/f，/wd他/rr的/ude1幼年/t时代/n，/wd正/d赶上/v了/ule那场/r不堪回首/vl的/ude1十年浩劫/nl——/wp“/wyz文革/n”/wyy。/wj
他/rr的/ude1爷爷/n早年/t曾经/d做/v过/uguo保长/n，/wd后来/t被/pbei划归/v到/v“/wyz黑五类/nz”/wyy中/f，/wd在/p那个/rz动乱/vi的/ude1年代/n，/wd没/d少/a受罪/vn。/wj
有/vyou一/m次/qv，/wd由于/c被/pbei欺/vg太/d甚/Rg，/wd一贯/d忍气吞声/vl的/ude1爷爷/n终于/d忍无可忍/vl地/ude2反击/v了/y。/wj
结果/n，/wd家里/s招/v来/vf一/m群/q红卫兵/nz的/ude1围攻/vn，/wd他们/rr对/p马/nr1爷爷/n大声/d呵斥/v：/wm“/wyz只/d许/v你/rr老老实实/z，/wd不许/d你/rr乱/d说/v乱动/vi！/wt”/wyy
在/p那个/rz动乱/vi的/ude1时代/n，/wd这/rzv句/q话/n是/vshi个/q超级/b经典/n的/ude1“/wyz文革/n”/wyy语录/n。/wj
不幸/a的/ude1是/vshi，/wd就/d在/p红卫兵/nz们/k在/p马云/nr家里/s耀武扬威/vl的/ude1时候/n，/wd很多/m顽皮/a的/ude1孩子/n也/d在/p他/rr家里/s“/wyz观战/vi”/wyy；/wf更/d不幸/a的/ude1是/vshi，/wd马/nr1云/n那个/rz小学/n的/ude1语文/n课本/n里/f，/wd正巧/d有/vyou这/rzv句/q一/m个/q字/n都/d不/d差/a的/ude1原版/n语录/n。/wj
于是/cc，/wd到/v了/ule该/rz学习/v那/rzv篇/q课文/n的/ude1时候/n，/wd马云/nr故意/d逃课/vi不/d去/vf，/wd想/v避/v过/uguo这/rzv一/m“/wyz劫/ng”/wyy。/wj
让/v他/rr始料未及/vl的/ude1是/vshi，/wd他/rr的/ude1语文/n老师/n那/rzv节/q课/n居然/d生病/vi了/y，/wd也/d没/v去/vf上课/vi——/wp真是/d“/wyz心/n有/vyou灵/a犀/ng”/wyy。/wj
真/d是/vshi应/v了/ule那/rzv句/q老话/n：/wm躲/v得/ude3过/vf初一/n，/wd躲/v不/d过/uguo十五/m；/wf跑/v得/ude3了/ule和尚/n，/wd跑/v不/d了/ule庙/n！/wt
等/v到/v马云/nr知道/v那/rzv节/q课/n还/d没/d讲/v时/ng，/wd他/rr要/v再/d逃课/vi也/d来不及/v了/y。/wj
那/rzv节/q异常/a难/ad熬/v的/ude1语文课/n，/wd马云/nr是/vshi硬着头皮/vl坚持/v下来/vf的/ude1。/wj
老师/n在/p台上/s有滋有味/al地/ude2讲/v，/wd他/rr在/p下面/f掐/v着/uzhe手指/n计算时间/n，/wd只/d盼/v着/uzhe赶紧/d下课/vi。/wj
怦怦/o直/d跳/vi的/ude1心/n也/d在/p默默/d祈祷/v：/wm老师/n啊/y，/wd求/v你/rr千/m万/m别/d念/v那/rzv句/q话/n！/wt
到/v了/ule下课/vi铃/ng即将/d敲响/v的/ude1最后/f关头/n，/wd大嗓门/n的/ude1老师/n终于/d还是/v“/wyz成/v全/a”/wyy他/rr了/y：/wm“/wyz只/d许/v你/rr老老实实/z，/wd不许/d你/rr乱/d说/v乱动/vi…/ws…/ws”/wyy
如果/c用/p一/m句/q歌词/n形容/v马/nr1云/n此刻/r的/ude1内心/n感受/vn，/wd那/rzv便/d是/vshi香港/ns巨星/n刘德华/nr那/rzv句/q“/wyz你/rr就/d像/v一个/mq刽子手/n把/pba我/rr出卖/v，/wd我/rr的/ude1心/n仿/x佛/n被/pbei刺刀/n狠狠/d地/ude2宰/v”/wyy。/wj
老师/n那洪亮/nr的/ude1嗓音/n，/wd正是/v如/v刀/n割/v般/uyy狠狠/d扎/v在/p马云/nr的/ude1心坎/n上/f…/ws…/ws
他/rr赶紧/d把/pba头/n低/a下去/vf，/wd恨/v不/d能/v在/p地上/s打/v个/q洞/n钻进/v去/vf。/wj
更/d要/v命/n的/ude1是/vshi，/wd老师/n那洪亮/nr的/ude1话音/n刚刚/d收尾/vi，/wd班/n里/f最/d调皮/a的/ude1那个/rz男/b孩子/n突然/ad扭/v过头/a朝向/v马/nr1云/n，/wd对/p他/rr做/v了/ule一个/mq极/d富/a挑衅性/n的/ude1鬼脸/n。/wj
紧接着/c，/wd在/p那/rzv孩子/n的/ude1“/wyz点/n化/v”/wyy下/f，/wd全班/n同学/n立刻/d“/wyz如梦初醒/vl”/wyy，/wd一边/d看/v着/uzhe马云/nr，/wd一边/d不/d怀/v好意/n地/ude2交头接耳/vl议论/v起来/vf了/y。/wj
到/v最后/f，/wd竟/d有/vyou人/n模/ng仿/x当初/t红卫兵/nz教训/n马/nr1云/n爷爷/n的/ude1口/n气/n，/wd栩栩如生/al地/ude2当众/d表演/v。/wj