…
我 弄 着 玩儿 的 ， 我 就 是 想见 你 ， 想 你 了 …
…
你 抱 我 下 来 ！
太平 张开 双臂 。
武则天 望 着 她 ， 眼眶 居然 有 些 湿润 ， 她 随即 走 上前 ， 抱 住 太平 。
太平 ： （ 紧紧 搂 住 妈妈 的 脖子 ， 耳语 ） 妈妈 ， 我 想 你 。
你 都 三 天 没 来 看 我 了 ， 我 闷 得 慌 ！
武则天 ： 那 你 也 不 能 拿 死 吓唬 人 呀 ？
你 快 把 春 妈妈 吓 死 了 ！
春 被 两 个 人 扶 着 ， 半 坐 在 地上 ， 头 上 敷 着 毛巾 。
嗔怒 地 看 着 武 则 天 肩头 的 太平 ， 太平 冲 着 春 笑 得 像 一 朵 花 ， 一 脸 灿烂 。
武则天 ： 妈妈 本来 今天 要 来 看 你 的 ， 带 你 出门 儿 ！
太平 ： （ 惊喜 ） 去 哪儿 ？
武则天 ： 去 看 哥哥 们 打 马球 ， 下来 让 春 给 你 洗洗 ， 换 身 衣服 ！
太平 雀跃 地 跳 下 ， 拉 住 春 急急 地 走 ： 你们 都 起来 吧 ， 让 你们 受惊 啦 ！
众 纷纷 起身 ， 武则天 背 身 而 立 ， 与 他们 背 对 背 站 着 。
武则天 ： 都 给 我 跪下 ！
众 皆 惊慌 地 重 跪 。
武则天 ： 从今 往 后 ， 把 太平 身边 所有 的 绳子 、 剪子 及 各种 利器 派 专人 肴 管 ， 再 出现 这样 让 人 丧气 的 闪失 ， 即使 是 玩笑 ， 我 也 饶 不 了 你们 ， 听 清 了 ？
众人 ： 听 清 了 ！
武则天 ： 起来 吧 ！
4 ， 马 球场 白天 内 天 旁白 对 皇宫 里 的 男孩子 来讲 ， 球场 犹如 战场 ， 犹如 供 他们 尽情 呈现 勇气 、 智慧 及 必胜 信念 的 舞台 ， 他们 知道 看台 上 一双双 眼睛 正 狡诈 地洞 察 着 自己 一切 优良 的 潜质 ， 知道 自己 未来 的 飞 黄 腾达 很 可能 就 始 于 眼下 球场 上 的 一 次 凯旋 ， 而 在 我 眼里 ， 马 球场 不 谛 是 一个 逃离 乏味 宫廷 生活 的 绝妙 去处 。
因为 至少 我 能 看见 哥哥 们 ， 看见 盛装 的 似曾相识 的 亲戚 们 ， 看见 父母 脸上 少见 的 轻松 表情 。
武则天 拉 着 太平 的 手 穿过 两侧 皇亲国戚 们 虔诚 行礼 的 队列 ， 款款 步 向 看台 ， 一 群 带 着 响 哨 在 空中 盘旋 的 鸽子 吸引 了 太平 的 注意 ， 她 举手 示意 母亲 。
太平 ： 看 ， 母 后 ， 雪白 的 鸽子 ， 多 漂亮 啊 ！
飞 得 真 高 ！
武 则 天 眯 起 眼 ， 注视 着 一 只 鸽子 悠然 地 降落 在 正在 施礼 的 旦 的 肩头 。
武则天 ： 都 平 身 吧 ！
（ 说 罢 坐定 ） 皇上 还 没 到 吗 ？
太监 ： 还 没有 ， 要不 咱们 再 等等 ？
武则天 ： 算 了 ， 告诉 他们 ， 开始 吧 ！
在 后面 备 场 的 贤 正 给 自己 的 队员 们 训话 。
贤 ： 今天 的 赛事 一定 要 赢 ， 你们 知道 胜利 意味着 什么 ！
要 打 得 坚决 ， 果断 ， 不 给 弘 以 喘息 的 机会 ， 气势 上 一定 要 无 压倒 他们 。
我 要 你们 一 出 场 就 把 “ 得胜 ” 二 字 写 在 脸上 ， 明白 了 吗 ？
众人 明白 ！
贤 ： 你 呢 ？
显 ？
显 正 紧张 地 摆弄 腰 间 的 香 囊 ， 背 襟 已 被 汗水 浸湿 了 一块儿 。
显 ： 啊 ？
明 …
?
白 啦 ！
二 哥 ， 你 放心 ！
贤 ： 好 ！
胜败 在此一举 ， 出发 吧 ！
球场 上 弘 的 队伍 早已 列 好 ， 一 色 的 红衣 红 马 。
随着 一阵 张扬 的 喧闹 声 ， 一 队 白衣 白马 的 贤 的 队伍 从 后 场 杀 出 ， 搅 得 尘土 飞扬 。
看台 上 看 客 们 都 半 站 起 身 ， 嘴 中 喷 喷 称 叹 。
看 客 甲 ： 这 二 皇子 果真 气势 非凡 ， 大 有 勇气 之 师 的 风范 ！
看 客 己 ： 是 啊 ！
白衣 白马 ， 气宇 轩昂 ， 英姿 勃发 ， 大唐 真 算是 后继有人 ！
坐 相持 重 的 武则天 听 着 背后 的 议论 ， 嘴角 浮现 出 一 丝 笑意 。
球场 上 双方 队伍 面对 而 立 ， 一 字 排 开 ， 身 处 正 中央 的 贤 和 弘 互相 盯 视 着 对方 的 眼睛 。
贤 ： 大哥 ， 我 今天 赢 定 了 ！
贤 盛气凌人 ， 语气 略带 轻蔑 。
弘 ： 张 而 自持 ， 华 而 有 实 ， 这 才 是 王者 之 师 ， 请 二 弟 切记 ！
弘 显得 冷静 沉着 ， 成竹在胸 。
贤 ： （ 笑 ） 以不变应万变 ， 大哥 永远 老成 持重 ， 真是 佩服 ！
…
…
显 ， 你 先 下 去 吧 ！
贤 的 目光 始终 没有 离开 弘 的 眼睛 。
显 ： （ 吃惊 地 ） 二 哥 ， 我 …
…
贤 下去 ！
显 随即 勒 马 ， 快 快 地 退 下 场 。
弘 ： （ 微笑 ） 临 阵 削 员 ， 我 佩服 二 弟 胆量 ， 那 就 多谢 二 弟 相让 ！
说 罢 挥 杆 击球 ， 二 队 开始 厮杀 ， 球场 立时 尘土 大作 ， 人马 几乎 没 了 影子 。
看台 上 ， 李治 已经 就 位 ， 他 眉头 紧 锁 ， 满 脸 的 不 痛快 。
眼睛 虽 也 追 随着 球场 上 的 战况 ， 却 经常 走神 儿 ， 显得 心不在焉 ， 武 则 天 相反 兴趣 盎然 ， 她 随 着 场上 的 一 来 一 去 ， 来回 转动 着 头颈 ， 有 一 搭 无 一 搭 地 与 李治 聊天 。
武则天 ： 皇上 怎么 来 晚 了 ？
李治 ： 我 来 早 来 晚 有 什么 关系 ， 还 不 是 你 一声令下 ， 球赛 就 开始 了 ！
武则天 ： 哟 ！
皇上 今天 是 有 火 儿 ， 话茬 不对 啊 ！
要 不 咱 让 他们 停 了 ， 重 来 ？
…
…
好球 ！
我 看 这 球赛 八成 贤能 赢 ！
李治 ： 我 能 有 什么 火 地 ？
太平 都 让 你 给 废 了 ， 我 至多 不过 是 个 传令 官 ， 到 时候 盖 个 签 ， 宣 个 旨 而已 。
武则天 ： 您 这 话 可 真 让 我 伤心 ！
（ 武则天 把 头 转 向 李治 ） 忠 为 庶 子 ， 废 庶 立 嫡 ， 名正言顺 ， 相反 则 为 选 嗣 大忌 ， 皇上 不至于 忘 了 当年 您 与 李泰 的 争斗 吧 ？
要 不 是 先 王 最终 的 清明 远虑 ， 您 恐怕 早已 成 了 李泰 的 刀 下 鬼 。
