皇子 们 不 论 听 得 懂 ， 还是 听 不 懂 ， 都 从 上 官 的 话语 中 领略 到 某种 神圣 和 庄严 的 使命感 ， 其中 也 包含 了 几 分 凶险 的 暗示 。
这 是 他们 第一 次 领略 有关 命运 的 教诲 。
上官 仪 ： （ 看看 沉默 了 的 孩子 们 ） 弘 现在 被 立 为 太平 ， 这 仅仅 是 成为 一代明 君 漫漫 路途 的 开始 。
在 你们 到达 君主 龙 位 的 咫尺 之间 并 不 遥远 ， 但 却 充满 了 荆棘 坎坷 ， 刀光血影 。
你 将 面 ！
防 你 一生 最 大 的 两 个 敌人 ： 无条件 的 尊 奉 和 最 深刻 的 仇恨 ， 所 为 皆 因为 你 高贵 的 血统 。
你 甚至 会 悲哀 地 发现 ， 那 仇恨 来源于 你 血统 的 内部 。
这 绝不 会 仅仅 因为 嫉妒 和 愚蠢 的 虚荣 ， 而是 源于 与 你 相同 的 远大 抱负 和 血液 中 流淌 的 同样 的 骄傲 。
弘 的 脸色 越来越 持重 。
上官 仪 ： 你 虽 不 得 不 提前 面对 炎凉 的 世态 ， 但 也 同时 拥有 了 得到 天 授 神权 的 机缘 。
要么 像 太宗 那样 成为 旷 世 明君 ， 要么 像 叔父 李 泰 那样 遗臭万年 ， 上苍 恩 允 了 你们 潜在 的 荣耀 ， 但 也 给予 了 你们 实在 的 苦难 ！
记住 ， 你们 是 可以 被 取代 的 ， 并且 永远 会 成为 革命 和 阴谋 的 靶子 …
…
凌 烟 阁 内 寂静 无 声 ， 所有 人 都 怔 怔 地位 立 ， 禁烟 在 言语 中 仿佛 琉 纳 。
旁白 我 喜欢 上官 仪 ， 喜欢 他 那 颗 硕大 浑圆 的 头颅 ， 那 里面 仿佛 寄存 着 人世间 的 一切 道理 。
就 在 那 一 天 ， 我 似乎 开始 隐约 意识 到 作为 一个 帝国 公主 的 荣耀 以及 与 之 相伴 的 艰难 。
此时 ， 李 治 怒气冲冲 地 赶到 ， 王伏胜 紧 随 其 后 。
李治 ： 太平 ， 你 下来 ， 目 无 尊长 ， 怎么 一点 规矩 都 不 懂 ！
你 知道 你 在 做 什么 吗 ？
那 是 太平 位 ， 尊贵 如 龙 椅 ， 不 是 随便 什么 人 都 可以 坐 的 。
你 下来 ， 罚 背 一百 遍 （ 女 则 ） ， 否则 不 许 回 宫 ！
武则天 不知 何时 出现 在 李治 身后 。
武则天 ： 太平 位 固然 尊贵 ， 但 太平 也 不 是 “ 随便 什么 人 ” ， 她 好歹 也 是 大唐 公主 。
至于 （ 女 则 ） 嘛 ， 我 看 就 免 了 ， 圣上 如果 真 想 让 她 长长 规矩 ， 倒是 有 不少 别的 法子 ！
那 书 只 能 教 她 越 读 越 糊涂 ， 是 吧 ， 老师 ？
李治 ： 皇后 ， 太平 太 过 娇纵 顽 劣 ， 私 坐 太平 位 ， 不论 家法 还是 国 律 ， 都 应 重罚 ， 背 （ 女 则 ） 已然 是 轻 而 又 轻 啦 ！
武 则 天 法律 规矩 都 是 人 定 的 ， 不 破 不 立 ， 这 宫 里 不少 规矩 都 陈 如 腐 谷 。
太平 既然 立 了 ， 旨 也 宣 了 ， 就 没 必要 记 在 孩子 们 头 上 ， 像 这 太平 位 ， 好端端 的 非 在 孩子 中间 显 个 势利 ， 我 看 倒 是 有点 哗众取宠 ！
太平 ， 你 为什么 偏 喜欢 坐 在 那儿 ？
太平 ： 嗯 ， 嗯 ， 它 颜色 好看 ！
武则天 ： 那 就 请 皇上 赐 旨 依 此 再 做 一 把 ！
上官 仪 欲 言 又 止 ， 王伏胜 在 旁 皱 起 眉头 。
武则天 ： 但 我 提醒 太平 ， 还 有 你们 大家 ， 弘 现在 是 太平 ， 是 大唐 未来 的 君主 。
君 臣 有别 ， 自有 纲常 ， 你们 兄弟 应 牢牢 记住 这 一点 ， 尊重 他 ， 尽量 辅佐 他 ， 帮 他 成为 一个 真正 英明 的 人 ！
明白 啦 ？
…
皇上 ， 您 说 呢 ？
李治 ： 皇后 说 得 对 ， 君君臣臣 ， 父 父子 子 ， 这 对 皇家 子弟 来讲 ， 还要 加 个 更 字 ！
（ 稍 顿 ） 既然 公主 喜欢 明 黄 ， 那 就 抓紧 做 一 把 ， 省 得 她 惦念 。
从今 往后 大唐 太平 住 改 为 大 红色 ， 要 红 得 耀眼 ， 要 让 他们 从小 就 知道 天子 至上 的 尊严 ！
说 完 ， 拂袖而去 。
武 则 天 怔 怔 地 站 在 那里 ， 从 丈夫 张扬 的 语气 里 ， 她 敏锐 地 感受 到 了 某种 微妙 的 弦 外 之 音 。
6 牡丹 圆 白天 外景 李 治 怨气 未 消 ， 倒 背 着 手 只管 疾 行 。
突然 他 站 住 ， 侧 目 望 着 园 中 正在 隐蔽 盛开 的 一 簇簇 蔷薇 。
李治 ： 这 牡丹 园 里 怎么 种 了 这么 多 蔷薇 ？
不 知道 牡丹 是 大唐 的 国花 吗 ？
找 人 给 我 拔 了 ！
王伏胜 ： 这 是 皇后 让 人 种 的 ， 并 州 的 种子 ， 长势 特 猛 ， 几 天 的 工夫 就 长 得 满 墙 满 院子 都 是 ！
要不 ， 我 让 人 给 除去 ？
李治 紧 皱 双 眉 ， 沉默 着 离去 。
7． 女 红 坊 白天 内景 武 则 天 拿 起 一 枚 针 ， 送给 太平 。
武则天 ： 这 是 什么 ？
太平 ： 一 根 银针 。
武则天 ： 谁 用 银针 ？
太平 ： 他们 ， 宫女 。
太监 。
武则天 ： 用 针 做 什么 ？
太平 ： 缝 衣 织 被 ， 供 我们 使用 。
武则天 ： 我们 穿 上 她们 缝 的 衣 ， 盖 上 她们 织 的 被 ， 做 什么 ？
太平 ： 做 公主 ， 做 皇帝 ， 做 皇后 ， 做 …
武则天 ： 皇帝 做 什么 ？
皇后 做 什么 ？
太平 ： 皇帝 管理 国家 ， 皇后 辅佐 皇帝 打 理 后宫 。
皇子 吗 ， 嗯 ， 嗯 ， 念书 ， 准备 做 皇帝 。
武则天 ： 说 得 对 ， 你 看 这 宫 里 几千 人 ， 其实 各 有 各 的 事情 做 ， 各 有 各 约 规矩 可 循 ， 宫女 不 能 做 太监 的 事 ， 太监 不 可以 做 大臣 们 的 事 ， 而 大臣 们 永远 代替 不 了 皇帝 拟 旨 。
这 就 好像 一 座 塔 ， 塔 尖儿 上 就 是 皇帝 ， 地位 最 高贵 ， 然后 依 身份 、 地位 依次 往 下 ， 于是 ， 塔座 地 就 越来越 大 ， 皇帝 坐 在 顶 上 才 会 越来越 安全 、 更 稳固 。
每个 人 都 有 自己 的 位置 ， 长势 也 就 有 了 固定 的 方向 ， 一 层 长 歪 了 ， 蹲 就 不 稳 ， 就要 塌 ， 所以 在 这 宫 里 要 立 许多 规矩 ， 每个 人 都 要 依 规矩 行事 。
