太平 傻 傻 地 接 过 诏书 …
…
太平 ： 可 …
我 好 多 字 还 没 学 过 呢 ！
武则天 ： 没关系 ， 不 识 的 字 就 空 过去 ， 好 文章 不 在于 一两 处 晦涩 费解 的 字 词 。
太平 ， 念 吧 ！
太平 ： 诏 …
…
曰 ， 皇后 武 则 天 ， 出身 微 寒 低 …
贱 ， 本 是 商家 之 女 ， 全无淑 什么 风范 ， 深受 商人 见 利 忘 …
…
义 ， 薄信 …
寡 义 之 恶习 什么 染 …
…
野心 勃 然 昭彰 ， 施建成 于 内 宫 ， 搅 …
…
国政 于 朝野 ， 致使 朝 纲 混乱 ， 人心 思 变 …
…
上官 仪 知道 一切 都 完 了 。
太平 稚嫩 的 声音 ， 冗长 的 陈 词 如 一 把 利剑 ， 本 是 为 武则天 准备 的 却 刺 向 了 自己 ， 一切 都 显得 悲壮 而 无奈 。
上官 仪 仰天长叹 。
李治 ： （ 终于 忍不住 ， 大声 呵斥 ） 别 再 念 了 ！
武则天 ： （ 平静 地 ） 念 ， 太平 ！
念 下去 ！
太平 ： （ 害怕 地 ） 伪 临 朝 武氏 ， 性 非 温顺 ， 地 实 寒微 。
掩 袖 工 什么 ， 什么 媚 惑 主 …
…
妈妈 ， 我 不 认识 。
武则天 ： （ 强压 怒火 ） 平 儿 ， 就 念 最后 一 句 吧 ！
太平 ： 神人 之 所 同 嫉 ， 天地 之 所 不容 。
朕 谓 此 书 ， 痛定思痛 ； 忍痛割爱 ， 废 后 悦天 …
…
啊 ！
妈妈 ， 父 皇 真的 要 废 你 ？
武则天 没有 回答 ， 接过 诏书 ， 反复 看 着 。
武则天 ： 文章 果真 写 得 好 ， 不愧 是 一 代 文豪 ！
辛辣 刺骨 ， 意犹未尽 。
上官 大人 看来 是 有 点儿 恨 我 了 ， 皇上 ！
武 则 天 看 着 李治 ， 眼中 有 了 泪水 。
武则天 ： 皇上 ， 您 是 明天 上朝 宣旨 ， 还 是 现在 就算 宣 了 ？
李 治 无地自容 ， 他 愤怒 地 看 着 上官 仪 、 裴贞 ， 痛恨 他们 把 自己 置于 这种 境地 。
李 治 甩 袖 而 去 。
武则天 笑 对 上官 仪 等 。
武则天 ： 上官 大人 还有 什么 事 吗 ？
武 则 天 话音 刚 落 ， 一 队 武装 的 侍卫 已 冲 了 进来 …
…
19． 大明 宫 勤政 形 白天 内景 李 治 与 武 则 天 一 左 一 右 正 襟 危 坐 ， 太平 坐 在 武则天 身后 。
她 透过 帘子 向 下 看 着 ， 目光 — 一 扫 过 群臣 。
今天 的 朝 堂 气氛 森严 ， 无 人 说话 。
寂静 的 大殿 ， 如同 静默 的 反抗 。
突然 ， 太平 的 声音 显得 特别 响亮 。
太平 ： 上官 仪 ？
父 皇 ， 上官 老师 怎么 今天 没 来 ？
李治 的 脸色 一下 变 得 异常 难 看 。
群臣 们 都 心头 一 紧 ， 无 人 敢 正视 此时 的 李治 。
太平 ： （ 轻声 ） 母 后 ， 上官 老师 怎么 了 ， 是 不 是 病 了 ？
我 想 去 看看 他 。
武 则 天 流露 了 一 丝 微笑 ， 马上 严肃 起来 。
武则天 ： （ 声音 沉静 ， 铁 一般 坚决 ） 上官 仪 被 你 父 皇 派 到 很 远 的 地方 去 了 。
太平 ： 为什么 ？
武则天 ： 因为 他 不 听话 ， 我 告诉 过 你 很 多 次 ， 朝廷 是 一个 有 规矩 的 地方 ， 不 该 你 说话 的 时候 ， 你 就 不 许 说话 。
比如 说 现在 ， 你 要 是 再 这样 不 守 规矩 ， 有 一 天 也 会 被 送 到 很 远 的 地方 去 。
太平 被 武 则 天 言语 中 的 寒意 震慑 ， 不 敢 出 声 ， 似懂非懂 地 看 着 面色 威严 的 母亲 。
群臣 依旧 站 在 那儿 ， 望 着 李治 。
李治 ： （ 烦躁 ） 你们 如果 没有 什么 要 议 ， 就 散 朝 ！
旁白 多少 年 后 ， 我 的 敌人 仍 把 上官 仪 的 流放 算 做 我 的 罪过 ， 都 是 因为 那 一 纸 废 后 诏书 。
想 起来 好笑 ， 我 当时 连 字 都 认 不 全 。
母亲 终 没 被 废掉 ， 从 那 以后 ， 父亲 也 就 再 也 没 动 过 那样 的 心思 。
据 你 奶奶 后 来讲 ， 她 一生 由衷 钦佩 两 个 文人 ， 一个 是 上官 仪 ， 另 一个 就 是 后来 的 骆宾 王 。
只 可惜 两 人 都 决意 与 她 作对 。
王 伏 胜 自杀 了 ， 那 年 秋天 ， 韩国 夫人 也 病 死 了 ， 父亲 就 一下子 衰老 了 许多 …
…
大明 宫 词 第五 集 旁白 : 你 从未 见 过弘 ， 我 的 哥哥 ， …
…
很 久 没有 见 他 了 ， 即使 在 梦 里 。
他 是 那样 一个 男人 ， 活 得 隆重 而 典雅 ， 并且 时刻 都 在 动员 一切 热情 来 呈现 一个 帝国 太子 所 应有 的 骄傲 与 风采 。
然而 不知 为什么 ， 我 却 似乎 永远 在 担心 他 会 突然 失声 痛哭 。
因为 我 分明 感到 那 隐蔽 在 他 优雅 眼神 深处 的 一 丝 挥 之 不 去 的 忐忑 与 尴尬 。
弘 是 悲伤 的 ， 他 内心 荡漾 着 一 种 与 生 俱 来 的 类似 秋水 般 深刻 的 孤独 ， 这 观感 源自 一个 女人 天生 的 直觉 。
弘 当 了 太子 ， 终日 履行 着 新 的 身份 所 规定 的 繁忙 。
我们 很 少 再 见面 ， 但 我 想 他 …
…
1． 弘 的 寝 宫 白天 内景 弘 庄重 地 端坐 于 妆 台前 ， 身后 是 举 童 合欢 。
镜子 很 大 ， 可以 全面 地 看见 身后 的 情景 ， 包括 正 后方 半 掩 着 的 门 。
弘 正 襟 危 坐 ， 面 无 表情 ， 合 着 眼睛 ， 静谧 得 仿佛 仍 在 熟睡 。
合欢 正 在 一 侧 静静地 为 他 梳头 ， 口中 含 着 发卡 ， 他 目光 明亮 清澈 ， 专注 地 看 着 自己 长长的 手指 鱼 一样 俏皮 地 出没 于 手中 的 乌发 。
他 不时 地 瞟 一眼 镜 中 的 弘 ， 风情 在 光滑 的 镜面 上 蔓延 。
弘 睁 开 眼睛 ， 望 着 镜 中 合欢 热 辣 的 眼神 ， 目光 有 一 丝 迟疑 。
弘 ： 合欢 ， 帮 我 修修 鬓角 吧 ！
合欢 ： （ 抚摸 着 弘 的 鬓角 ， 眼神 始终 没有 离开 镜子 ） 前 天才 剪 过 ， 今天 就 这么 长 了 ， 而且 长 得 没什么 规矩 ， 荒草 一样 。
弘 ： （ 笑 ） 长 得 确实 欠 规矩 ， 但 也 不至于 像 荒草 ， 我 还 没 那么 老 ！
