薛 母 ： 儿子 ， 告诉 娘 ， 慧娘 在 哪儿 ！
说 出来 我们 共同 想 办法 ， 兴许 还有 辙 ！
薛绍 ： 我 说 …
…
我 说 ， 她 ， 她 就 藏 在 后院 儿 的 阁楼 里 ！
薛 父 ： 什么 ？
在 …
阁楼 里 ？
你 ， 你 ， 你 真 是 胆大包天 ！
14． 洞房 夜晚 内景 屋内 很 静 ， 太平 静谧 地 坐 在 那儿 ， 酒 好像 醒 了 不少 。
太平 ： （ 掀开 盖头 ） 怎么 还 不 来 ？
他们 在 干吗 ？
灯 点 着 呢 吗 ？
春 凭 窗 张望 ， 之后 点头 ！
太平 ： 那 怎么 还 不 过来 ！
生 我 的 气 啦 ！
春 ， 我 刚才 做 错 了 什么 事 ？
春 又 点头 ， 又 摆 手 。
太平 ： 或是 出丑 了 ？
让 人 讨厌 了 ？
春 摆手 。
太平 ： （ 欲 哭 ） 哎呀 ， 你 说话 呀 ， 告诉 我 刚才 吃饭 时 都 做 了 什么 ？
我 …
…
我 怎么 什么 都 想 不 起来 了 ， 太 丢人 啦 ！
我 应该 怎么 办 ？
就 这么 在 这儿 坐 着 等 吗 ？
春 用 哑语 示意 太平 不用 着急 ， 自己 去 外面 察看 。
随即 神色 焦急 地 出 屋 。
15． 腾 房 在 晚 内景 屋 中 一 片 死 寂 ， 各 人 坚持 着 自己 的 态度 ， 仍 处在 僵局 中 。
一个 仆人 跌 撞 闯入 。
仆人 ： （ 气喘吁吁 ） 不 ， 不好 了 ， 慧娘 ， 她 ， 她 要 生 了 。
屋内 顿时 乱 做 一 团 ， 薛绍 欲 往 出 跑 。
薛 父 ： （ 镇定 ） 站住 …
…
不 能 让 慧娘 把 孩子 生 在 家里 ， 孩子 一 哭 就 全 完 了 ！
薛 母 ： （ 瘫 在 椅子 上 ） 造孽 啊 ， 真是 造孽 啊 ！
薛绍 ： 父亲 ， 你 …
们 谁 也 别 管 我 ！
必须 要 让 慧娘 把 孩子 生 下来 ！
说 着 ， 薛绍 向 外 冲 去 。
薛 父 ： （ 沉思 片刻 ） …
…
快 ， 找 一 只 大 箱子 ， 我们 连夜 把 慧娘 送 出 城 ， 从 后门 走 ！
16． 后 门口 夜晚 外景 一 只 大 箱子 被 抬 出 去 ， 薛 母 焦急 地 对 着 慧 娘 低语 。
薛 母 ： 慧娘 ， 坚持 住 ， 出 了 城 就 好 了 ！
千万 别 出 声 儿 ， 忍 着 点儿 ， 太 疼 了 就 咬 住 自己 的 衣襟 ， 多 保重 ！
薛 父 ： 见 着 城 门口 的 侍卫 就 说 去 给 祖父 守陵 ， 箱子 里 放 的 是 陪葬 的 衣物 。
他们 不 会 查 的 。
快 走 吧 ！
薛绍 来不及 多 说 ， 跟随 抬 箱 的 家 佣 上 了 路 。
17 洞房 夜晚 内景 春 进屋 ， 一 脸 的 迷惑 。
她 用 手语 告诉 太平 谁 都 不 在 了 。
太平 霍地 站 起 ， 把 盖头 甩 在 床 上 。
太平 ： 他们 …
…
（ 突然 又 缓和 下来 ， 变 得 柔弱 无助 ） …
， 我 知道 了 ， 春 妈妈 ， 你 回 房 睡 吧 ！
我 在 这儿 等 ， 他 可能 …
…
有 事儿 ， 会 回来 的 ！
太平 重 又 被 上 红 红 的 盖头 ， 在 床沿 上 正 襟 危 坐 ， 好像 成心 与 自己 赌气 。
18． 长安街 头 夜晚 外景 薛 绍 扶 着 箱子 ， 一行 人 行色匆匆 。
薛绍 ： 轻 点 。
（ 低头 对 箱 中 的 慧娘 ） 慧 娘 ， 要 过 城门 了 ， 坚持 住 ， 千万 别 出 声 儿 ！
出 了 城 ， 就 一切 都 好 了 ！
城门 ： 卫士 什么 人 ， 站住 ！
一 队 人 打 着 灯笼 向 马车 谨慎 地 走 来 。
19． 城 门口 夜晚 外景 武 承 嗣 围 着 箱子 转 ， 不时 用 手 敲敲 箱 面 儿 ， 说话 时 依然 一 脸 笑容 。
武承 嗣 ： 驸马 ， 怎么 洞房花烛 夜 倒 想起 给 祖宗 上坟 了 ？
薛绍 ： 这 是 薛 家 的 传统 ， 雷打不动 ， 历经 数 年 了 ， 为 的 是 告慰 祖宗 在天之灵 ， 与 祖父 同 享 孙 儿 新婚 之 橹 ， 以 尽 孝道 ！
武承 嗣 望 着 薛绍 ， 笑 得 含义 叵 测 。
武承 嗣 ： 放行 ！
…
…
驸马 ， 您 走 好 ！
薛绍长 舒 了 一 口 气 。
武承 嗣 ： 今儿 奇 了 ， 先是 皇子 们 深 更 半夜 出 城 打猎 ， 前后 着 脚 驸马 又 要 出 城 给 祖父 上坟 ！
回 宫 ， 我 得 给 皇后 念叨 念叨 ！
20． 山路 在 晚 外景 佣人 抬 着 箱子 狂奔 ， 薛绍 在 一旁 催促 。
薛绍 ： 快 ， 快 点儿 ！
慧娘 ， 就 到 了 ， 你 忍 住 ， 就 到 了 …
…
（ 发现 有 液体 顺着 箱底 的 缝 儿 滴 答 下来 ） 停 ， 停 一下 …
…
（ 薛绍用 手 摸 了 摸 箱底 儿 ， 发现 满 手 血迹 ） …
…
慧娘 ， 慧 娘 你 怎么 了 ， 说话 呀 ！
慧娘 ： （ 微弱 的 声音 ） 孩子 就 要 生 了 ， 我 不 行 了 …
…
薛绍 ： 你 坚持 住 ， 慧娘 ！
马上 就要 到 了 ， 再 坚持 一会儿 …
…
说 着 茫然 四 顾 ， 可 满眼 尽 是 山野 的 荒凉 。
老年 家 拥 公子 ， 从前 面向 左 拐 顺 山路 下去 有 一 家 寺院 ， 我们 先 去 那儿 吧 …
…
薛绍 ： 快 ， 去 寺院 ！
挑 起来 ， 快 走 ！
…
慧娘 ， 你 再 坚持 一会儿 ， 马上 就 到 了 …
一 行人 疾走 如 飞 ， 脚下 留下 一路 断 续 的 血迹 。
21． 洞房 夜晚 内景 太平 顶 着 盖头 歪 在 床 上 睡着 了 。
烛 火 已 燃 至 尽头 ， 烛泪 垂 满 了 蜡台 。
太平 新婚 之 夜 显得 如此 孤寂 。
她 全然 没有 精神 准备 。
22． 寺院 内 的 小屋 夜晚 内 是 一 盏 将 尽 的 油灯 发出 惨淡 的 微光 。
慧娘 躺 在 简陋 的 床 上 。
由于 大量 失血 ， 她 的 脸色 异常 苍白 ， 神志 恍惚 ， 已 处于 弥留 之际 。
薛绍来 到 床 边 ， 坐下 ， 轻轻 地 握住 慧娘 的 手 。
慧娘 感觉 到 了 ， 嘴角 流露 出 游丝 般 的 微笑 。
住持 示意 围 在 床 边 的 众 僧人 离开 。
所有 的 人 轻声 地 出 了 门 。
小 和尚 抱 走 了 被 上 水 浸 红 的 瓦盆 。
薛绍 此时 精神 濒于 崩溃 。
但 他 强迫 自己 镇定 。
