还 净 说 小 张 的 坏 话 ， 说 爸爸 的 坏 话 ， 说 二 叔 小姑 的 坏 话 ， 妈 ， 就 不 说 你 的 坏话 …
…
还 问 我们 班 多少 男生 多少 女生 ， 我 觉得 她 特别 的 —— 庸俗 ！
和平 ： 嘿 ！
庸俗 二 字 是 你 说 的 吗 ？
志国 ： 干吗 不 让 圆圆 说话 呀 ， 有 错误 就 得 批判 ， 有 毒草 就 得 进行 斗争 ， 不 管 她 岁数 有 多 大 ， 资格 有 多 老 ， 地位 有 多 高 ， 舍得 一身 剐 ， 敢 把 皇帝 拉下马 。
和平 ： 你 少 挨 这儿 挑 事 啊 ？
志国 ： 那 是 我 挑 吗 ？
那 是 圆圆 自发 的 反抗 ， 是 不 圆圆 ， 爸爸 坚决 支持 你 的 革命 行动 。
走 ， 买 冰淇淋 去 。
（ 和平 在 屋 ， 敲门声 ） 和平 ： 进来 。
志新 ： 嫂子 。
没 事 ， 咱 家 那 房子 什么 时候 装修 完 啊 ， 要是 缺 人 手 ， 我 带 着 姥姥 帮 着 弄 弄 去 。
和平 ： 不 用 了 ， 谢谢 你 ， 你 的 情 我 领 了 。
志新 ： 我 倒 不 为 别的 ， 我 就 想 吧 赶紧 把 那 房子 装修 完 ， 赶紧 把 那 老太太 给 我 弄 走 ， 我 跟 你 说 ， 我 这 暴 脾气 我 受 不 了 这个 。
真 难 为 您 那 漫长 的 青少年 岁月 是 怎么 熬 过 来 的 …
…
和平 ： 一 咬牙 也 就 过来 了 ， 啊 不 不 ， 我 妈 那 人 哪 从 本质 上 讲 还 是 不错 的 。
志新 ： 我 不 管 她 本质 怎么样 ， 这 现象 我 受不了 ， 嘿 ， 就 没有 她 不 知道 的 事 ， 没有 她 不 打听 的 事 ， 没有 她 不 管 的 事 。
那天 艳红 打电话 找 我 ， 她 接 的 。
把 人 盘问 一 那 叫 底 掉 ， 你 是 谁 呀 ？
你 多 大 了 ？
家 住 哪 ？
人 长 得 什么样 ？
我 怎么 没 见 过 你 啊 ， 你 是 单眼皮 还是 双眼皮 啊 ？
你 管 得 着 吗 这个 ？
和平 ： 我 妈 知道 你 没 对象 啊 ， 那 是 替 你 操心 志 新 ： 得 嘞 ， 我 谢谢 您 了 ， 让 老太太 少 管 点 闲事 ， 没准 还 能 多 活 两 年 。
好 嘛 有 一 爸 还 不够 ， 这 又 来 一 妈 ， 本来 我 是 觉得 咱 爸 是 够 岁数 了 ， 跟 您 这 妈 一 比 ， 咱们 爸 那 就 算是 少言寡语 ， 基本 算 一 特别 沉默 的 人 。
* （ 傅 老 敲门 ） 志国 ： 谁 呀 ？
傅老 ： 我 （ 志国 马上 开门 ） 傅老 ： 和平 ， 怎么 ， 都 歇 着 了 。
志国 ： 没 事 ， 您 坐 您 坐 。
傅老 ： 这个 和平 啊 ， 你 看 你 妈 到 咱们 家 这些 天 ， 也 不 算 短 了 ， 我们 有 没 有 什么 接待 不周 之 处 啊 ？
和平 ： 没有 没有 ， 挺 好 ， 我 妈 就 是 觉得 心里 有 点 过意不去 。
傅老 ： 亲戚 嘛 ， 这 算 不 了 什么 ， 以后 有 时间 ， 让 你 妈 常 来 。
和平 ： 我 妈 没 说 要 走 啊 ， 您 这 可是 送客 的 话 。
傅老 ： 没 说 要 走 啊 ？
啊啊 ， 那 就 再 住 两 天 ， 没 关系 的 。
和平 ： 爸 ， 瞧 您 这 吞吞吐吐 的 ， 你 是 不 是 嫌 我 妈 —— 烦 哪 ？
志国 ： 爸 您 有 什么 话 ， 您 就 直说 。
没 事 ， 您 说 吧 您 ， 您 说 ， 您 说 。
傅老 ： 没有 没有 ， 我 是 说 啊 ， 你 妈 吧 ， 人 挺 好 的 ， 这个 ， 就 是 有点 太 热情 了 ， 别 老 怕 我 一个 人 闷 得 慌 ， 就 来 陪 我 说话 ， 她 这 一 说 啊 ， 我 倒 闷 了 ， 听 着 听 着 我 这 心里 就 犯 堵 ； 这个 早晨 哪 ， 也 别 让 她 起 那么 早 练功 ， 要 练 也 成 ， 到 外面 去 ， 就 她 这个 练 法 啊 ， 人家 知道 的 ， 是 你 妈 练功 呢 ， 知 不 道 的 ， 还 以为 咱们 家 天 天 早晨 宰 牛 呢 。
还有 就 是 晚上 也 不要 让 她 睡 得 那么 早 ， 那天 六点 半 她 就 躺 下 了 ， 闹 得 我 连 新闻 联播 都 没 看成 嘛 。
和平 ： 爸 ， 您 放心 ， 我 一 准儿 跟 我 妈 说 。
我 妈 这 人 呢 ， 她 人 心眼 里 头 特别 尊敬 您 、 崇敬 您 ， 我 跟 她 一 说 ， 她 准 听 ， 您 放心 您 放心 （ 送 老傅 ） ， 我 妈 这 人 ， 她 就 这样 ， 我 跟 她 说 她 准 改 。
您 放心 吧 。
志国 ： 我 呀 也 不 知道 你 真 孝顺 假 孝顺 ， 都 六十 多 岁 的 人 了 ， 非 让 她 改 毛病 。
（ 夜 ， 客厅 ， 老 和 已经 睡 下 ， 和平 上 ） 和平 ： 妈 ， 您 歇 着 呢 。
老 和 ： 和平 啊 ， 妈 没 睡 呢 ， 有事 啊 ？
和平 ： 没有 ， 就 是 来 瞅 瞅 您 ， 哟 ， 盖 着 毛巾被 薄 不 薄 呀 ？
老 和 ： 挺 好 的 挺 好 的 ， 还 是 我 闺女 疼 我 ， 比 你 哥 强 多 了 。
和平 ： 妈 咱 家 那 房子 哪 天 弄 完 哪 ？
我 哥 哪 天 来 接 您 呢 ？
老 和 ： 怎么着 ， 你 妈 给 你 添麻烦 了 ？
和平 ： 瞅 您 说 得 什么 话 您 ， 请 都 请 不 来 您 。
老 和 ： 你 是 那么 说 ， 志国 呢 ？
志国 他们 家 人 呢 ？
和平 ： 他们 家 人 也 天天 都 说 您 ， 说 您 …
…
都 舍不得 您 走 。
老 和 ： 我 说 不 是 ， 人 过 留名 ， 雁 过 留 声 ， 你 妈 呀 走 到 哪 ， 都 不 能 招 人 说 出 二话 。
告 他们 放心 吧 ， 舍不得 我 走 啊 ， 那 我 就 再 多 住 两 天 。
和平 ： 哎 ， 住 就 住 ， 妈 ， 您 以后 您 就 甭管 我们 家 这 乱七八糟 的 事 ， 人 多 事 也 多 ， 你 管 那么 多 事 干 什么 呀 ？
你 有 那 功夫 歇 会儿 ， 多 好 啊 …
