…
和平 : （ 破门而入 ） 圆圆 ， 圆圆 你 怎么 回 事儿 啊 你 ， 三 门 考试 你 都 不 及格 啊 你 ， （ 看到 海报 ） 啊 ？
原来 你 的 学习 一落千丈 就 是 好 这 口 闹 的 ？
说 ， 这 大 头子 是 谁 呀 ？
圆圆 : 他 不 是 大头 ， 他 是 天皇 巨星 张国荣 和平 : 天皇 ？
日本 人 ？
我 记得 上 回来 那 天皇 是 老头儿 啊 怎么 这么 年青 了 ？
圆圆 : 妈 ， 看来 你 也 得 加强 学习 了 ， 连 香港 歌星 张国荣 都 不 知道 是 谁 啊 和平 : 嗯 ， 偶像 ？
崇拜 上 他 了 ？
喜欢 上 他 了 ？
迷恋 上 他 了 你 ？
圆圆 : 妈 ， 你 看 你 想 哪儿 去 了 ？
（ 拉 和平 坐 ） 跟 你 说 ， 其实 根本 就 不 是 什么 崇拜 ， 也 根本 不 是 什么 喜欢 迷恋 ， 其实 很 简单 ， 我 就 是 ---- 爱上 他 了 …
…
和平 : 嗯 ！
（ 猛 起 ） 贾志国 ， 孩子 他 爹 ， 过来 过来 过来 …
…
志国 : 怎么 了 又 闹 耗子 了 又 闹 耗子 了 ？
和平 : 比 闹 耗子 还 厉害 呐 ， 你 闺女 ， 爱上 这 位 了 ！
志国 : 长 的 还 不错 ， 就是 岁数 不大 合适 啊 和平 : 就 是 …
…
啊 去 ！
老贾 同志 我 告诉 你 啊 ， 你们 家 小贾 同志 的 堕落 就 是 由于 你 放松 了 家长 签字 开始 的 ， ( 向 圆圆 ) 身 为 家长 ， 我 有 权 告诉 你 ， 不许 爱 他 ！
志国 : （ 拦 过 和平 ） 不 过 我们 完全 可以 再 加 一个 字儿 ， 把 爱 字儿 ， 变成 爱好 嘛 ， 是 不 是 ？
乖 ？
（ 坐 ） 你 现在 还 没有 成 年 ， 对 你 来说 ， 现在 最 重要 的 是 什么 呀 ？
圆圆 : 香港 的 张国荣 的 亲笔 签名 …
…
志国 : 对 …
…
不 对 ！
是 眼下 的 期末 考试 ， 那 爱好 应该 放在 业余 时间 ， 是 不 是 啊 ？
你 必须 ， 先 搞 好 成绩 ， 搞好 期末 考试 ， 然后 再 搞 张国荣 …
…
搞 他 的 亲笔 签名 ！
我 相信 ， 张国荣 ， 肯定 不 喜欢 那 不 爱 读书 的 歌迷 …
…
和平 : 嗳 …
…
志国 : （ 起身 ， 向 和平 ） 他 大概 就 是 因为 没 好好 学习 ， 到 现在 只 能 靠 卖唱 为生 了 ， 是 不 是 ？
和平 : 嗯 ！
圆圆 : 据 我 所 知 ， 他 是 在 英国 念 的 大学 （ 志国 和平 面面相觑 ） （ 晚饭 前 ， 傅老 在 饭厅 拿 出 酒 ， 先 偷 喝 一 口 ， 再 往 杯 里 倒 ） 和平 : （ 上 ） 唉 唉 唉 唉 唉 ， 爸爸 爸 爸爸 ， 少 倒 嘿 （ 拿 过 酒瓶 ） ， 怎么 那么 不 自觉 呐 您 …
…
傅老 : 啊 这个 ， 怎么 没 有 看见 圆圆 呐 …
…
志国 : （ 上 ） 噢 ， 在 学校 还 没 回来 吧 傅 老 : 这么 晚 了 ， 这 现在 都 几 点 放学 啊 这 现在 这个 学校 和平 : 又 上 晚 自习 了 吧 ， 又 快 期末 考试 了 ， 学校 抓 点儿 紧 也好 ， 就 怕 不 抓 学习 光 抓 钱 ， 这 钱 那 钱 ， 都 收到 （ 戏 味 ） 民国 三十七 年 啦 …
…
（ 门铃 响 ， 志新 领 赵 老师 进 ） 和平 : 洗手 吃饭 …
…
哟 ， 赵 老师 ， 来 快 坐 快 坐 …
…
赵 老师 : 我 今天 来 是 想 问 一 下 ， 贾 圆圆 同学 没 来 上课 有 假条 么 ？
和平 : 有 哇 …
…
啊 啊 ？
她 没 上课 ？
赵 老师 : 没有 啊 ， 贾 圆圆 她 今天 一 天 都 没 在 学校 露面 儿 和平 : 她 没 挨 学校 上 晚 习 啊 ？
赵 老师 : 没有 ， 我们 学校 根本 就 没 开 晚 自习 ， 而且 ， 我们 也 从不 侵占 同学 们 本来 就 是 已经 很 可怜 的 业余 时间 ， 我们 一贯 坚持 党 的 教育 方针 ， 德智体 美 劳 ， 全面 …
…
志国 : 怎么 没 有 晚 自习 ， 那 邻居 王 家 那 扣子 小姑娘 怎么 现在 在 学校 也 还 没 回来 呀 ？
赵 老师 : 噢 ， 你 说 的 是 王佳 同学 吧 ， 我 正 要 去 他们 家 呢 ， 她 今天 也 没 来 （ 众人 吵 做 一 团 ， 赵 老师 拍拍 手 ） 赵 老师 ： 你们 安静 点儿 ， 我们 好好 想 一 想 ， 这 两 个 孩子 ， 可能 会 去 哪儿 呢 ？
和平 : （ 坐 ） 能 上 哪儿 呢 ， 我们 孩子 大清早 的 见天 儿 的 就 奔 学校 ， 我们 寻思 把 孩子 交 给 你们 组织 上 我们 也 就 放心 了 ， 嘿 ， 末了 末了 ， 倒 问 我们 孩子 上 哪儿 姆 们 孩子 上 哪儿 去 了 （ 哽咽 ） 姆 们 哪儿 知道 啊 …
…
（ 哭 ） 赵 老师 : 我 说 你 冷静 点儿 冷静 点儿 ， 坐 下来 分析 一下 ， 想 一 想 她 是 不 是 去 什么 亲戚 朋友 那儿 去 了 ？
（ 众人 摇头 ） 游乐场 ？
电影院 若 被 拐卖 的话 ， 那 就 应该 先 上 北京站 呐 （ 起 ） 志 新 : 别 别 别 别 别 别 别 ， 我 知道 她 上 哪儿 了 （ 众人 问 ） ， 展览馆 ， 今儿 是 张国荣 霸王别姬 首映式 ， 肯定 在 那儿 …
…
（ 跑 下 ， 众人 跟 ， 傅老 起 ， 喝 口 酒 走 下 ） （ 晚 ， 傅老 在 客厅 转 ） 傅老 : 小 张 啊 ， 他们 去 了 有 两 小时 了 吧 …
…
唉 ， 这 人 呐 ？
（ 众 上 押 圆圆 上 ） 志新 : 就 在 展览馆 门口 儿 ， 半大 妞 的 朋友 三四百 …
…
和平 : 会 撒谎 了 你 ， 啊 ？
学会 旷课 了 你 ， 啊 ？
还 了 得 了 你 ， 啊 ？
圆圆 : （ 激动 ） 我 要 张国荣 的 签名 ， 你们 干 嘛 不 让 ， 我 已经 等 了 十二 个 小时 了 ， 就要 有 两 个 张国荣 的 签名 了 …
…
和平 : 你 住嘴 ！
（ 给 圆圆 一 嘴巴 ） 志国 : 现在 ， 你 马上 回 自己 的 房间 ， 好好 反省 反省 （ 圆圆 下 ） （ 和平 捂 手 轻 哭 着 坐 ） 志新 : 第一 次 下毒手 心里 难免 有 点儿 别扭 吧 ， 心 黑手 狠 也 得 有 个 过程 ， 尤其 是 残害 儿童 …
…
傅老 : 唉 志 新 ， 不要 乱 讲 嘛 ， 你 嫂子 现在 心里 也 不好过 …
