…
和平 : 哎呀 爸 我 都 快 四十 了 穿 不 了 那个 啦 …
…
傅老 : 不 是 给 你 买 地 ， 给 别人 地 和平 : 给 别 …
…
噢 我 知道 了 ， 您 瞅 着 志新 那儿 搞 上 对象 了 您 也 不 甘心 想 就 着 这 乱 劲儿 呢 给 自个儿 也 找 一 合适 的 ， 多 大 岁数 我 帮 您 参谋 参谋 啊 …
…
傅老 : 二十 出头 地 …
…
（ 和平 : 啊 ？
） 长 的 不错 地 ， （ 和平 ： 哟 ？
） 唉 你 想 到 哪里 去 了 嘛 ， 是 要 送给 溜达 姑娘 的 见面礼 …
…
和平 : 您 甭 老 溜达 溜达 的 成 不 成 啊 ？
傅老 : （ 与 和平 ） 莉达 ！
和平 : 唉 谢谢 您 （ 转身 ） 傅老 : 这个 上次 人家 送给 我 两 个 那个 什么 （ 志新 上 ） 真丝 地 ， 我 要 送给 她 就 送给 她 好 的 （ 看 信封 ） 我 这里 好像 …
…
唉 ？
这个 存折 怎么 没 有 啦 ？
（ 找 ） 和平 你 是 不 是 动 了 ？
和平 : 我 动 它 干 嘛 呀 ？
志国 : （ 急 上 ） 唉 和平 啊 ， 你 也 忒 不 讲 信用 了 和平 : 怎么 了 ？
志国 : 说 好 了 这 月工资 归 我 支配 ， 你 怎么 又 都 拿走 了 ？
和平 : 谁 都 拿走 啦 ？
志国 : 啊 没 都 拿 走 ， 还 剩 一 毛 五 ， 将 够 买 份 晚报 的 和平 : 嘿 你们 可 真 够 可以 的 啊 一大早 上 起来 爸 说 我 拿 存折 了 你 说 我 拿 你 工资 了 我 干 嘛 呀 志 国 : ( 把 钱包 扔 给 和平 ) 不 是 你 看看 …
…
和平 : 我 在 你们 家 十几 年 我 今 倒 成 贼 了 我 给 你们 找 去 （ 下 ） 志新 : 唉 唉 甭 找 了 ， 我 知道 是 怎么 回 事 …
…
傅老 : 怎么 回 事 ？
闹鬼 啦 ？
志新 : 没 错 ， 还是 一 女 鬼 …
…
和平 : （ 在 外间 喊 ） 志 国 ， 志国 怎么 回 事 啊 我 那 耳环 哪儿 去 了 你 是 不 是 拿 着 送别 的 女 的 了 去 你 ？
志国 : 我 送 谁 了 我 …
…
和平 ： 你 说 你 送 谁 呀 …
…
志新 : 唉 唉 唉 ， 我 送 的 我 送 的 ， 我 送给 莉达 小姐 了 和平 : 嘿 …
…
不 是 …
…
你 你 …
…
你 送 她 我 没 意见 啊 ， 你 送 那 溜达 我 告诉 你 …
…
傅老 : 莉 ---- 达 和平 : 你 怎么 你 也 得 经 我 同意 吧 你 送 她 东西 …
…
志新 : 别 说 你 没 同意 ， 连 我 都 没 同意 （ 起身 ） ， 我 找 她 去 啊 ， 等 着 ， 我 找 她 去 ！
（ 客厅 打电话 ） 志新 : 喂 ， 请 急 呼 1315 啊 免 贵姓 贾 …
…
啊 不 不 不 不 不 不 不 我 不 姓 贾 我 姓 杨 ， 啊 姓 杨 …
…
啊 不 是 没 说 清楚 是 我 妈 改嫁 以后 我 随 我 妈 那 姓 啦 ， 啊 这 您 就 甭 管 了 …
…
啊 姓 杨 ， 啊 您 就 说 ， 速 来 燕 红 咖啡 厅 取 火车票 ， …
…
唉 对 ， …
…
您 给 我 呼 二十 遍 （ 挂 ） （ 拿 出 张 纸 , 再 拨 电话 , 做 紧急 状 ） 喂 ， 是 公安局 刑警队 嘛 ？
唉 我 找 段 师傅 ， 不 是 ， 我 是 小贾 …
…
（ 燕 红 咖啡 厅 ， 莉达 一 人 坐 等 ， 志 新 上 ） （ 猛 拍 莉 达 肩 ， 两 人 都 吓 一 跳 ） 莉达 : 你 怎么 来 了 …
…
志新 …
…
志新 : 给 你 送 火车票 好 上 你 溜 啊 …
…
莉 达 : 是 你 呼 的 我 不 是 杨子 啊 …
…
志新 : 哼 ， 我 要 不 使 点儿 招 儿 能 把 你 请 出来 嘛 ？
（ 莉达 看 周围 ） （ 笑 ） 唉 我 说 ， 你 甭 想 逃 的 事儿 了 啊 ， 在 学校 我 拿 过 短跑 冠军 ， 不 信 咱 俩 就 赛赛莉达 : 唉 信 信 信 ， 我 信志新 : 哼 …
…
燕红 : （ 冷冰 ） 这 位 先生 喝 点儿 什么 呀 ？
志新 : 给 我 来 一八 喜 冰 激 淋 ， 我 先 去 去火 燕红 : 这 位 小姐 呢 ？
志新 : 凉水 燕红 : 凉 凉 凉水 ？
志新 : 凉水 ！
燕红 : 好 嘞 ， 我 上 后院 自来水 管子 给 你 接 去 （ 哼 歌 下 ） 志新 : 我 说 ， 咱 俩 聊聊 吧 ？
莉 达 : 唉 ， 事 到 如今 ， 我 还有 什么 可 聊 的 ， 本来 打算 跟 你 借 点儿 钱 ， 远走高飞 出去 躲 两 天 风 ， 怕 你 没 钱 又 不好意思 开口 跟 家里 要 ， 就 自 做 主张 从 你们 家 顺 了 点儿 …
…
这个 事先 没 请示 事 后 没 汇报 ， 这 是 我 组织纪律性 不 强 的 表现 ， 我 要 做 深刻 的 反省 …
…
志新 : 行 行 唉 唉 唉 唉 ， 咱 俩 时间 可 不 多 啊 ， 有 什么 心里话 ， 赶紧 奔 外 掏 ， 如果 能 求得 我 的 谅解 ， 赶明儿 个 ， 逢年过节 兴许 我 到 里边 看看 你 去 莉达 : 我 明白 了 ， 你好 狠心 啊 你 ， 我 还有 逃脱 的 希望 么 ？
志新 : 恐怕 是 没有 了 ， 您 自己 回头 看 看 （ 两 刑警 着 便衣 上 ） 莉达 : 啊 ， 你 是 说 我 身后 这 两 个 …
…
是 警察 ？
志新 : （ 阴阳怪气 ） 刑警队 的 ， 你 要 能 跑 过 他们 ， 你 就 试试 莉 达 : 算 了 吧 我 别 试 了 ， 我 要 有 那 本 事 我 就 早 就 参加 七 运 会 参加 女子 短跑 了 ， 说不定 啊 这会儿 还 拿 两 块 金牌 呢 …
…
志新 : 我 说 啊 （ 莉达 ： 嗯 ？
） 把 该 说 的 赶紧 说 啊 ， 人家 警察 同志 是 看 着 我 的 面子 ， 才 给 你 这 最后 几 分钟 ， （ 向 两 警察 ） 可 不 敢 耽误 人家 正 事儿 啊 莉 达 : 事 到 如今 ， 我 还有 什么 可 说 的 ， 说 我 恨 你 吧 ， 我 太 不 忍 了 ， 说 我 爱 你 吧 ， 又 太 伪 心 了 ， 全 怪 我 好吃 懒 做 ， 落 到 今天 这 一 步 ， 这 进 到 里头 ， 懒 做 是 懒 不 了 了 ， 都 得 劳动改造 ， 好吃 这 毛病 兴许 可以 保留 ， 唉 对了 ， 我 赶紧 告诉 你 我 愿意 吃 什么 ， 等 你 以后 看 我 想 着 给 我 带 志 新 : 行 行 行 行 ， 说说 说 我 记 着 …
