志新 ： 怎么 说话 呢 这 是 ？
你 买 的 糖 我 就 不 许 尝 一 块 啦 ？
（ 剥 开 一 块 ） 这么 高级 的 糖 …
…
外观 差点儿 …
…
还 挺 硬 ， 得 ， 含 着 吧 。
（ 又 拿 起 装 药 的 杯子 ） 小 凡 ： （ 学 广告 腔 ） 味道 怎么样 啊 ？
志新 ： （ 点 头 ） 好吃 ， 唔 …
…
可能 是 刚 喝 完 药 ， 嘴里 的 苦 劲儿 还 没 过 去 呢 ， 幸亏 吃 糖 了 ， 要 不 还 不 定 苦 成 什么样 儿 呢 …
…
就 这么 着 还 有 点儿 压 不 住 哪 ！
不 对 呀 ， （ 看 手中 的 药 ） 我 这 药 还 一 口 没 喝 哪 …
…
啊 ？
呸 呸 呸 ！
肥皂 ？
！
（ 接 前 场 。
午饭 后 。
傅 家 客厅 ） （ 志新 正在 训斥 小 凡 、 圆圆 ） 志新 ： 打开 国门 的 同时 ， 怎么 把 苍蝇 也 放 进 来 啦 ？
学习 外国 是 好 事儿 ， 学 人家 先进 技术 ， 学 人家 管理 经验 ， 你 不 能 什么 都 学 啊 ！
人家 外国人 还 光 着 身子 在 大街 上 溜达 呢 ， 你们 也 学 ？
愚人节 ， 是 外国人 吃 饱 了 没事儿 干 想 出来 的 馊主意 ， 咱们 连 温饱 问题 都 没 解决 ， 学 那 干 嘛 ？
瞧 弄 我 这 一 嘴 肥皂 沫子 …
…
还 笑 你们 。
小凡 ： 二 哥 别 生气 啦 ， 骗 你 吃 肥皂 总 比 骗 你 在 外头 干 冻 一 个 钟头 强 吧 ？
志新 ： 不要 转移 斗争 大方向 ， 那 是 刘颖 打电话 来 …
…
唔 ， 会 不 会 拿 我 开 涮 哪 ？
小凡 ： 还 用 问 ？
也 不 看看 今儿 是 什么 日子 ？
让 我 说 呀 ， 这 人 还 算 照顾 你 ， 没 让 你 穿着 背心 裤衩 上 外头 罚 站 去 ！
志新 ： 刘颖 绝 干 不 出 这种 缺德事 …
…
是 谁 呢 ？
她 肯定 得 躲 在 附近 偷偷 乐 …
…
（ 击 腿 ） 郑燕红 ！
不 是 她 干 的 我 嗑 死 。
只有 她 知道 我 和 小颖 的 关系 ， 中学 的 时 侯 她 就 想 拆散 我们 ， 今儿 肯定 是 阶级 报复 …
…
我 找 她 算账 去 ！
小凡 ： 别 ， 哥 你 听 我 说 ， 大 “ 愚人节 ” 的 显得 咱 气量 太 小 可 不 行 —— 咱 给 她 来 个 以 其 人 之 道 还 治 其 人 之 身 。
志新 ： 让 她 也 上 一 当 ？
（ 点 头 ） 唔 ， 干 这个 我 拿手 儿 …
…
有 了 ， 咱 给 她 换 房 ！
小凡 ： 换 房 ？
志新 ： 小 凡 ， 圆圆 ， 我 说 ， 你们 写 ， 我 要 不 让 她们 家 挤 破 了 头 算 我 没 能 耐 ！
（ 小凡 、 圆圆 备 好 纸 笔 ） 志新 ： 写 ： “ 换 房 启事 ， 本人 现有 3 居室 住房 1 套 ， 使用 面积 50 平方米 ， 有 双 水 有 双 气 有 电话 ， 因 本人 工作 需要 欲 换 本市 平房 1 套 ， 面积 12 平方米 上下 即可 ， 三环路 以外 优先 考虑 ， 无 煤气 无上 下水 尤 佳 ， 背 阳 露 雨 也 可 商量 。
有意 者 速 来 面谈 ， 联系人 郑燕红 …
…
” （ 当天 傍晚 。
傅 家 客厅 ） （ 志新 在 闲坐 。
小凡 在 接 电话 ） 小 凡 ： …
…
晚 点儿 回来 ？
好 嘞 ， 我们 等 您 吃饭 —— 哎 ， 您 真的 是 我 爸 吗 ？
…
…
爸 我 和 您 开玩笑 。
（ 放下 电话 ， 叹气 ） 这 日子 也 不 分 真假 了 。
（ 和平 气喘 虚 虚 地上 。
门外 一 片 噪 杂 ） 和平 ： （ 整理 衣服 ） 好 嘛 差点儿 没 挤 死 我 。
志新 ： 我 说 什么 来 着 ， 现在 这 公共 交通 是 成 问题 。
和平 ： 公共 交通 倒 没 问题 ， 就 是 咱 这 楼道 交通 受不了 —— 你 大哥 比 我 下班 早 ， 到 现在 还 没 挤 进来 哪 。
（ 志 国 画外音 ： “ 这 位 小姐 你 别 死 拉 着 我 呀 ， 让 别人 看见 算 怎么 回 事儿 ？
这 是 202 ， 201 在 对面 …
…
哦 ， 燕红 啊 ， 快 进来 ！
” 关门 声 。
志国 与 燕 红 狼狈 地上 ） 小 凡 ： 外边 怎么 啦 大哥 ？
志国 ： 不 知道 为什么 好 几十 口子 人 都 要 往 燕红 家里 冲 。
志新 ： 燕红 是 给 你 说 对象 的 吧 ？
燕红 ： （ 拿 着 几 张 “ 换 房 启事 ” ， 哭 腔 ） 你 别 闹 啦 。
也 不 知道 谁 这么 缺德 ， 把 这 玩艺 儿 贴 得 满 大街 都 是 …
…
打 中午 我们 家 就 没 断 了 来 人 ， 如今 那 队伍 都 排 到 院 门口 儿 啦 ！
吓 得 我 爸 都 不 敢 回家 …
…
大姐 您 行 行好 ， 让 我 也 先 在 您 家 躲 躲 得 啦 。
和平 ： （ 拿 过 “ 启事 ” 看 了 看 ） 你们 家 这么 跟 人 换 房 ？
这 不 傻 小子 吗 ？
（ 志新 、 小 凡 大 笑 ） 燕红 ： （ 醒悟 ） 我 一 猜 就是 你们 俩 干 的 ！
（ 追 打 二 人 ） 志新 ： 你 少 来 劲儿 啊 。
你 今儿 上午 骗 我 在 外头 冻 了 一 个 钟头 你 怎么 不 说 啦 ？
燕红 ： 那 我 也 只 骗 你 一 人 啊 ， 你 这 连 我 爸 都 捎 上 啦 。
志新 ： 你 以为 我 爸 就 跑 得 了 吗 ？
—— 等 他 回来 你 瞧 着 ！
* * * * * * * * * * * * * * * * * * * * * * * * * * * * * * * * * * * * * * * * * * * * * * * * * * * * * * * * * * * * * * * * * * * * * * * * * * * * * * * * （ 接 前 场 。
傅 家 餐厅 ） （ 饭菜 上 桌 。
全家人 在 等 傅老 吃饭 ） 志国 ： 我 先 说 下 ， 你们 要 捅 出漏子 来 我 可 不 管 。
志新 ： 没 你 的 事儿 志 国 —— 小 凡 ， 叫 爸 来 吧 。
小凡 ： 爸 您 快 点儿 啊 ， 我们 都 饿 得 受不了 啦 。
