电/n商/vg天然/b地/ude2有着/v线/n下/f体验/v的/ude1需求/n，/wd实体/n店/n也/d不必/d沦为/v“/wyz试衣间/n”/wyy，/wd无论是/c买/v手/n制/k、/wn增加/v餐饮/n和/cc娱乐/vn业态/n还/d是/vshiO2O/x，/wd百货/n业/k生存/vi的/ude1关键/n在于/v是否/v跟/v上/vf了/ule人们/n生活/vn方式/n的/ude1变化/vn。/wj
从/p11月/t10日/t一大早/t算/v起/vf到/v11月/t11日/t24点/t，/wd身为/v银/b泰/b商业/n集团/nCIO/x、/wn银/b泰/b网/nCEO/x的/ude1廖斌/nr只/d睡/v了/ule4/a个/q小时/n。/wj
在/p即将/d过去/vf的/ude1这/rzv一年/m里/q，/wd这/rzv或许/d是/vshi他/rr睡/v得/ude3最/d不/d踏实/a的/ude1一个/mq晚上/t了/y，/wd所/usuo幸/vg结果/n圆满/a。/wj
银泰旗/nr下/f的/ude1购物/vn中心/n数量/n在/p全国/n早/tg就/d突破/v50/m家/q，/wd银/b泰/b网上/s线/n后/f也/d收到/v不错/a的/ude1反响/n，/wd但/c“/wyz双/m十一/m”/wyy是/vshi每个/r实体/n百货/n在/p一年/m当中/f最/d大/a的/ude1考验/vn。/wj
整个/b电/n商/vg行业/n今年/t的/ude1主题/n是/vshiO2O/x。/wj
廖斌/nr的/ude1“/wyz双/m十一/m模式/n”/wyy是/vshi从/p11月/t10日/t下午/t开启/v的/ude1。/wj
早上/t，/wd他/rr从/p北京/ns飞/vi到/v杭州/ns。/wj
天/qt猫/n项目/n工作组/n的/ude1其他/rzv同事/n也/d相继/d到/v齐/a。/wj
没有/v誓师大会/n，/wd没有/v横幅/n标语/n——/wp最/d忙碌/a的/ude1阶段/n其实/d已经/d过去/vf，/wd大家/rr各就各位/vl，/wd开始/v统计/vn用户/n放/v入/v购物/vn车/n里/f的/ude1商品/n种类/n和/cc数量/n，/wd测算/v“/wyz开闸/vi”/wyy后/f可能/v涌入/v的/ude1人流/n和/cc购买/v量/n，/wd然后/c相应/vi地/ude2调配/v带宽/n和/cc商品/n。/wj
到/v了/ule11月/t11日/t零点/m，/wd四五十/m个/q项目/n组/n的/ude1成员/n挤/v在/p一/m间/q办公室/n里/f，/wd六七/m台/q电脑/n一/m字/n排/v开/v，/wd分别/d定格/vi在/p银/b泰/b网网/n页/q、/wn天/qt猫/n后台/n、/wn库存/n、/wn流量/n、/wn通信/vn等/udeng各项/r技术指标/n上/f。/wj
“/wyz眼看/v着/uzhe成交额/n以/p读秒/n的/ude1速度/n更新/vn，/wd心里/s着实/d很/d激动/a。/wj”/wyy
廖斌/nr称/v，/wd只/d花/v了/ule25分钟/t，/wd银/b泰/b天/n猫/n店/n就/d追/v平/v了/ule去年/t“/wyz双/m十一/m”/wyy一整天/t的/ude1成交额/n，/wd所有/b人/n都/d情不自禁/dl地/ude2欢呼/v起来/vf，/wd他/rr也/d没/d忍/v住/vi。/wj
凌晨/t2点/t后/f，/wd增长/v放缓/v，/wd大家/rr都/d散/v了/y，/wd被/pbei要求/v“/wyz去/vf休息/v”/wyy。/wj
廖斌/nr睡/v不/d着/uzhe，/wd先/d打开/v邮箱/n逐一/d回复/v记者/n们/k的/ude1各种/rz问题/n，/wd后/f躺/v在/p床/n上/f自己/rr盘算/v着/uzhe“/wyz以/p目前/t的/ude1形势/n，/wd一/m觉/ng醒/v来/vf会/v冲/v到/v多少/ry”/wyy。/wj
制造/v节日/n，/wd引导/v消费/vn，/wd这/rzv对于/p传统/n百货公司/n并/cc不/d陌生/a，/wd但/c这么/rz大/a的/ude1“/wyz动静/n”/wyy确实/ad是/vshi第一/m次/qv经历/n。/wj
11日/t早上/t8点/t一/m睁/v眼/n，/wd廖斌/nr便/d打电话/vi问/v数据/n，/wd结果/n，/wd比/p他/rr预计/v的/ude1少/a很多/m。/wj
“/wyz11日/t上午/t到/p下午/t两三点/m明显/a不/d是/vshi前/f一/m晚/tg的/ude1节奏/n了/y，/wd虽然/c我们/rr都/d明白/v肯定/v有/vyou起伏/vi，/wd工作时间/n部分/m用户/n可能/v受/v了/ule限制/vn，/wd但/c难免/v心里/s开始/v有/vyou些/q小/a着急/a，/wd开始/v担心/v万一/d没/d实现/v预期/v怎么办/ryv，/wd尤其/d那些/rz卖/v得/ude3不/d怎么/ryv好/a的/ude1品牌/n。/wj”/wyy
廖斌/nr说/v，/wd于是/cc，/wd各个/rz部门/n开始/v做/v调整/vn，/wd重新/d分配带宽/n和/cc网页/n位置/n，/wd傍晚/t的/ude1时候/n又/d集中/ad推/v了/ule一/m拨/q。/wj
直到/v次日/t零点/m，/wd天/qt猫/n成交额/n以/p350./m
19亿/m元/q收/v官/n，/wd银/b泰/b天/n猫/n店/n的/ude1成交额/n达/v3704/m万/m元/q，/wd比/p去年/t增长/v了/ule4./m
4/n倍/q，/wd大家/rr才/d算/v松/v了/ule一/m口/q气/n，/wd“/wyz没有/v任何/rz庆功/vn，/wd只/d是/vshi一下子/mq都/d觉察/v到/v累/a了/y”/wyy。/wj
从/p2009年/m至/p今/tg，/wd这/rzv已/d是/vshi第五/m个/q“/wyz双/m十一/m”/wyy。/wj
这/rzv一/m天/qt除了/p从/p一/m家/q企业/n的/ude1促销/vn活动/vn变为/v了/ule全国/n6亿/m网/n民/ng的/ude1狂欢/vn日/ng，/wd用/p马云/nr的/ude1话/n说/v“/wyz它/rr也/d成/v了/ule整个/b电/n商/vg行业/n每年/r一/m次/qv的/ude1真/a刀/n真/a枪/n的/ude1压力/n测试/vn”/wyy，/wd主题/n曾/d包括/v零售/vn系统/n、/wn物流/n平台/n、/wn金融支付/n，/wd到/v了/ule今年/t是/vshiO2O/x，/wd银泰/nr则/d是/vshi最/d大/a的/ude1一/m块/q试验田/n。/wj
从/p3/n毛/nr1钱/n一/m张/q门票/n到/v电/n商/vg的/ude1“/wyz试衣间/n”/wyy，/wd真正/d应该/v被/pbei质疑/vi的/ude1是/vshi百货/n业/k的/ude1经营/vn模式/n是否/v跟/v上/vf了/ule人们/n生活/vn方式/n的/ude1变化/vn。/wj
今年/t上半年/t，/wd国内/s的/ude1百货/n业/k几乎/d哀/ag鸿/ag一/m片/q：/wm贵友/nz百货/n北京/ns方庄/ns店/n、/wn太平洋/ns百货/n石家庄/ns店/n和/cc成都/ns店/n、/wn伊/b势/ng丹/b百货/n沈/v阳/nr1店/n、/wn百/m盛/v贵阳/ns店/n和/cc石家庄/ns店/n相继/d关门/vi。/wj
这/rzv是/vshi从/p去年/t起/f延续/v至/p今/tg的/ude1实体/n零售业/n最/d坏/a的/ude1日子/n。/wj
许多/m人/n相信/v，/wd电/n商/n是/vshi杀死/v百货/n业/k的/ude1凶手/n，/wd但/c商业/n地产/n界/n资深/b人士/n张家鹏/nr认为/v：/wm“/wyz如果/c将/d回顾/v的/ude1时间/n点/qt放/v得/ude3更/d久远/z一些/mq，/wd我们/rr会/v发现/v，/wd事情/n并/cc没有/v那么/rz简单/a。/wj”/wyy
上/f世纪/n90年代/t前期/f，/wd国内/s的/ude1百货/n商场/n有/vyou过/uguo一/m段/q非常/d辉煌/a的/ude1时光/n。/wj
那时/rzt，/wd百货/n商场/n大多/d位于/v码头/n、/wn交通/n要塞/n、/wn旧城区/n，/wd每/rz到/v周末/t每/rz家/q商场/n门口/s都/d排/v着/uzhe长/a队/n，/wd为了/p控制/v人流量/n个别/a店/n在/p高峰/n时/ng段/ng甚至/d发生/v过/uguo卖/v门票/n的/ude1事件/n——/wp3/n毛/nr1钱/n一/m张/q。/wj
90年代/t末/f，/wd城市/n出现/v大/a规模/n的/ude1动迁/vn潮/n，/wd大量/m的/ude1人口/n往/p郊区/s迁移/v，/wd商业区/n与/cc居住区/n被/pbei剥离/vi，/wd原有/v的/ude1城市/n中心/n被/pbei改变/v，/wd因/p地理/n位置/n而/cc带来/v的/ude1人气/n最终/d随着/p城市/n的/ude1升级/vn改造/vn而/cc没落/vn。/wj
上海/ns第五百/m货/n便/d是/vshi典型/a的/ude1例子/n。/wj
第五百/m货位/n于/p十六/m铺/q码头/n附近/f，/wd那里/rzs曾/d是/vshi上海/ns的/ude1水上/s门户/n，/wd通往/v南通/ns、/wn宁波/ns的/ude1水路/n都/d从此/d开始/v。/wj
除了/p附近/f的/ude1居民/n，/wd由/p十六/m铺/v返回/v周边/n城市/n的/ude1人/n也/d总/d要/v在/p那/rzv家/q店/n买/v了/ule东西/n才/d走/v。/wj
上/f世纪/n90年代/t后/f，/wd陆/m路/qv代替/v了/ule水路/n，/wd附近/f的/ude1居民/n陆续/d搬迁/v，/wd第五百/m货/n最终/d门可罗雀/vl，/wd只好/d关门/vi，/wd将/p房产/n出租/vn。/wj
那个/rz年代/n，/wd百货/n业/k的/ude1对策/n是/vshi建/v分店/n、/wn并购/vn、/wn跨区域/n扩张/vn，/wd一度/d销售额/n有/vyou了/ule戏剧/n化/k的/ude1增长/vn。/wj
然而/c，/wd在/p城镇/n化/k的/ude1过程/n中/f，/wd土地/n价格/n发生/v了/ule翻天覆地/al的/ude1变化/vn，/wd商品/n供应/vn的/ude1种类/n和/cc渠道/n亦/d变/v得/ude3更加/d丰富/a。/wj
“/wyz当/p超市/n、/wn大/a卖/v场/qv、/wn购物/vn中心/n、/wn专卖店/n、/wn便利/a店/n纷纷/d出现/v，/wd百货/n商场/n却/d让/v人/n感觉/n越来越/d无/v趣/ag了/y。/wj”/wyy
张家鹏/nr说/v，/wd真正/d应该/v被/pbei质疑/vi的/ude1是/vshi百货/n业/k的/ude1经营/vn模式/n是否/v跟/v上/vf了/ule人们/n生活/vn方式/n的/ude1变化/vn。/wj
长久/a以来/f，/wd国内/s的/ude1百货/n业/ng本质/n上/f就/d是/vshi个/q“/wyz二房东/n”/wyy——/wp由/p百货/n商场/n向/p商业/n地产/n的/ude1业主/n承租/v场地/n并/cc统一/vn管理/vn，/wd由/p品牌/n陈列/vn销售/vn商品/n，/wd双方/n进行/vx收益/n分成/vi。/wj
以/p女装/n品牌/n淑女/n屋/n为/p例/n，/wd一/m件/q吊/v牌价/n522/m元/q的/ude1上/f装/v，/wd折/vi后/f价/n约/d为/v304/m元/q，/wd百货/n商场/n则/c在/p304/m元/q的/ude1基础/n上/f收取/v约/d为/v30%/m的/ude1佣金/n，/wd约/d90/v元/q。/wj