在/p中国/ns汽车/n市场/n的/ude1诸多/m品牌/n里/f，/wd恐怕/d没有/v哪/ry一个/mq品牌/n会/v像/p红旗/n一样/uyy，/wd让/v车/n企/ng和/cc车主/n都/d如此/rzv纠结/vi。/wj
去年/t4月/t下旬/t，/wd“/wyz红旗/nz”/wyy轿车/n在/p北京/ns高调/n“/wyz复兴/vi”/wyy的/ude1盛大/b场面/n还/d让/v很多/m人/n历历在目/vl，/wd一年/m里/q，/wd“/wyz理想/n之/uzhi车/n”/wyy的/ude1广告/n见/v诸/rz各种/rz媒体/n，/wd作为/vC/x级/q车/n市场/n里/f2013年/m唯一一/b张/q新鲜/a面孔/n，/wd红旗/nH7/x打/v拼/v半/m年/qt，/wd销量/n共计/v2534/m辆/q，/wd在/p最终/b销量/n上/f排名/vi第7/m，/wd如果/c将/p销量/n翻/v倍/q，/wd以/p12/m个/q月/n的/ude1销量/n看/v，/wd甚至/c完全/ad有/vyou可能/n超越/v2013年/m销量/n排名/vi第6/m的/ude1沃尔沃/nzS80L/x（/wkz3735/m辆/q）/wky，/wd这样/rzv的/ude1成绩/n似乎/d也/d算/v差强人意/vl。/wj
但/cC/x级/q车/n市场/n的/ude1残酷/ad在于/v，/wd这/rzv是/vshi一个/mq“/wyz赢/v者/k通/v吃/v”/wyy的/ude1市场/n，/wd销量/n排名/vi第5/m的/ude1凯迪拉克/nrfXTS/x一年/m2/b万/m余/m辆/q的/ude1销量/n“/wyz向/p下/f”/wyy比/p是/vshi沃尔沃/nzS80L/x的/ude15/b倍/q有余/vi，/wd“/wyz向/p上/f”/wyy比/p却/d不/d到/v排名/vi第一/m的/ude1奥迪/nzA6L/x销量/n（/wkz149183/m辆/q）/wky的/ude11/a//w7/v。/wj
红旗/nH7/x之下/f，/wd已经/d是/vshi这个/rz细分/vn市场/n里/f失去/v统计/vn意义/n的/ude1边缘/n车型/n。/wj
数据/n不/d会/v说谎/vi，/wd红旗/nH7/x去年/t的/ude1成绩单/n意味/n着/uzhe自/p去年/t5月/t30日/t正式/ad上市/vi以来/f，/wd这/rzv款/q被/pbei一汽/n寄予/v“/wyz第三/m次/qv复兴/vn”/wyy重任/n的/ude1车型/n，/wd月/n均/ag销量/n不足/v400/m辆/q。/wj
新年伊始/bl，/wd车/n市/n进入/v传统/n的/ude1销售/vn淡/x季/ng，/wd红旗/n的/ude11月/t的/ude1销量/n更/d是/vshi滑/v落/v到/v100/m辆/q。/wj
不断/d滑/v落/v的/ude1销量/n其实/d已经/d宣告/v红旗/n定位/vi“/wyz省部级/b公务/n车/n”/wyy市场/n的/ude1失败/vn，/wd倒/d是/vshi应/v了/ule一汽/n轿车/n销售/vn公司/n总经理/n张晓军/nr的/ude1话/n：/wm“/wyz红旗/n只有/c在/p私人/n市场/n取得/v成功/an，/wd才/d是/vshi真正/b的/ude1成功/an。/wj”/wyy
在/p红旗/nH7/x之前/f，/wd红旗/n从/p上/f世纪/n90年代/t开始/v，/wd经历/v过/uguo两/m次/qv“/wyz复兴/vi”/wyy，/wd一/m次/qv是/vshi以/p当年/t奥迪/nz100/m的/ude1模样/n，/wd一/m次/qv是/vshi以/p丰田/nz皇冠/n的/ude1换/v标/ng。/wj
两/m次/qv“/wyz复兴/vi”/wyy的/ude1结果/n，/wd无/v一/m不/d是/vshi以/p市场/n反应/vn惨/a淡/x收场/vi，/wd“/wyz红旗/nz”/wyy在/p那些/rz心中/s有着/v特殊/a情结/n的/ude1用户/n眼中/s，/wd再/d也/d不复/d“/wyz国/n车/n”/wyy之/uzhi名/ng。/wj
在/p渠道/n建设/vn上/f，/wd一汽/n对/p“/wyz红/a馆/ng”/wyy一掷千金/vl的/ude1豪气/n同样/d让/v观者/n惊叹/v，/wd以/p北京/ns为/p例/n，/wd“/wyz黑底/n红/a字/n”/wyy的/ude1“/wyz红/a馆/ng”/wyy坐落/vi在/p寸土寸金/vl的/ude1金/b宝/n街/n，/wd面积/n600/m平方米/q、/wn投资/v3000/m万/m元/q（/wkz一汽/n承担/v80%/m）/wky，/wd店/n里/f的/ude1墙壁/n上/f挂/v满/v了/ule黑/a白/a历史/n照片/n和/cc象征/n着/uzhe红旗/n标志/n的/ude1向日葵/n油画/n，/wd陈设/v的/ude1瓷器/n都/d是/vshi经/p中央/n美术馆/n认证/vn的/ude1大师/n作品/n，/wd黑色/n大理石/n的/ude1前台/n后面/f，/wd销售/v经理/n使用/v的/ude1电脑/n都/d是/vshi苹果/n品牌/n。/wj
出门/vi右/f转/v，/wd邻居/n则/d是/vshi法拉利/nz、/wn劳斯莱斯/nz这样/rzv售价/n几/m百/m万/m起/q、/wn国内/s年/qt销量/n在/p4/n位/q数/n以下/f的/ude1超/h豪华/a品牌/n—/wp这样/rzv的/ude1店面/n，/wd让/v人/n很/d难/ad想象/v里面/f展示/v的/ude1只/d是/vshi30/m万/m-50/m万/m元/q的/ude1汽车/n。/wj
而/cc那/rzv台/q被/pbei称为/v“/wyz镇/n店/n之/uzhi尊/ng”/wyy的/ude1红旗/nL5/x展/ng车/n，/wd售价/n也/d不过/d100/m多/m万/m。/wj
可以/v说/v，/wd一汽/n打造/v红旗/n品牌/n，/wd在/p“/wyz硬件/n”/wyy上/f已经/d做/v足/a了/ule功夫/n。/wj
但/c“/wyz硬件/n”/wyy越是/d豪/ag奢/ag，/wd则/c越/d让/v人/n担心/v品牌/n内涵/n的/ude1“/wyz软件/n”/wyy跟不上/v。/wj
红旗/n以/p“/wyz官/n”/wyy带/v“/wyz民/ng”/wyy的/ude1思路/n乍/d看/v之下/f非常/d符合/v“/wyz中国/ns国情/n”/wyy，/wd但/c事实/n却/d可能/v证明/v，/wd在/p豪/ag车/n市场/n上/f，/wd只/d有/vyou普遍/a的/ude1用户/n偏好/n，/wd而/cc没有/v中国/ns国情/n—/wp尽管/c“/wyz官/n车/n”/wyy的/ude1身份/n曾经/d让/v奥迪/nz在/p中国/nsC/x级/q车/n市场/n上/f占/v得/ude3先/d机/ng，/wd但/c很/d多/a人/n都/d忽略/v了/ule奥迪/nz本身/rz就/d是/vshi经过/p市场/n考验/vn的/ude1高端/n品牌/n，/wd而/cc“/wyz红旗/nz”/wyy虽然/c生来/d就/d是/vshi“/wyz官/n车/n”/wyy，/wd但/c这/rzv只/q“/wyz堂前燕/nr”/wyy从来/d没有/v在/p市场/n里/f完成/v技术/n和/cc品牌/n的/ude1积累/vn，/wd顶多/d是/vshi沾/v上/vf了/ule政治/n领袖/n的/ude1光环/n，/wd否则/c也/d不/d存在/v1980年代/t全面/ad停产/vi的/ude1历史/n。/wj
“/wyz官/n路/n”/wyy难/ad通/v还/d在于/v，/wd2011年/m“/wyz史/ng上/f最/d严/a”/wyy的/ude1普通/a公务/n车/n“/wyz1818/m（/wkz排/v量/n1./m
8L/x以下/f、/wn价格/n18/nz万/m元/q以下/f）/wky”/wyy标准/n已经/d将/p红旗/n的/ude1公务/n车/n之/uzhi路/n推进/vi了/ule一个/mq极其/d狭窄/a、/wn容量/n有限/a的/ude1细分/vn市场/n，/wd而/cc觊觎/v着/uzhe这/rzv块/q小/a蛋糕/n的/ude1，/wd还有/v二汽/n、/wn上汽/n这样/rzv的/ude1“/wyz兄弟/n”/wyy，/wd在/p红旗/n的/ude1指引/vn下/f，/wd更/d多/a的/ude1“/wyz高端/n公务/n用/p车/n”/wyy成批/d出现/v已经/d是/vshi既定/b事实/n。/wj
更/d让/v人/n隐忧/n的/ude1是/vshi，/wd尽管/c一汽/n在/p这次/r红旗/n品牌/n复兴/vn中/f明确/v了/ule品牌/n的/ude1“/wyz档次/n”/wyy，/wd却/d没有/d进一步/d明确/ad界定/v品牌/n的/ude1内涵/n，/wd一/m句/q空泛/a的/ude1“/wyz理想/n之/uzhi车/n”/wyy，/wd除了/p能/v引起/v过/uguo来/f人/n的/ude1些许/m共鸣/vn，/wd却/d也/d可能/v招/v来/vf年轻/a一代/n人/n的/ude1反感/an—/wp因为/p红旗/nH7/x所有/b的/ude1广告/n中/f所/usuo表现/v出/vf的/ude1“/wyz理想/n”/wyy，/wd都/d是/vshi上/f一代人/n的/ude1价值观/n，/wd车头/n一/m面/q红旗/n，/wd轮毂/n和/cc方向盘/n上/f的/ude1向日葵/n，/wd这些/rz由/p政治/n符号/n转化/vn而/cc来/vf、/wn带/v着/uzhe时代/n烙印/n的/ude1LOGO/x，/wd与/p红旗/n的/ude1竞争/vn对手/n们/k在/p广告宣传/n中/f所/usuo散发/v的/ude1时尚/n、/wn个性/n信息/n相比/vi，/wd已经/d很/d难/ad俘获/v年轻/a用户/n的/ude1心/n。/wj
想/v要/v加盟/v麦当劳/nz，/wd首先/d朱/nr1天华/nz得/v拥有/v至少/d200/m万/m元/q现金/n或/c同/v等/udeng可/v变现/v资产/n，/wd且/c这/rzv200/m万/m元/q不/d可以/v贷款/n。/wj
资料/n显示/v，/wd申请人/n将要/d投入/v的/ude1至少/d200/m万/m元/q资金/n是/vshi申请人/n购买/v一/m家/q成熟/a餐厅/n所/usuo要/v付出/v的/ude1前期/f费用/n，/wd包含/v了/ule购置/v厨房/n设备/n、/wn招牌/n、/wn座位/n、/wn装饰/n，/wd特许/v入门/vn费/n以及/cc保证金/n3/vg部分/m内容/n，/wd并/cc不/d包括/v餐厅/n经营/vn所/usuo需/v的/ude1流动/vn资金/n。/wj
尽管/c这个/rz加盟/v门槛/n已经/d算是/v史/ng上/f最低/a，/wd但是/c麦当劳/nz还/d是/vshi开/v出/vf了/ule一些/mq严/a苛/x的/ude1条件/n。/wj
比如/v，/wd申请人/n必须/d是/vshi个人/n，/wd且/c不/d允许/v合伙/vd投资/v，/wd这样/rzv就/d保证/v了/ule麦当劳/nz特许/vn经营者/n的/ude1个人/n财务/n实力/n，/wd也/d尽量避免/n日后/t因为/c在/p门/n店/n归属/vn上/f而/cc出现/v的/ude1纠纷/n。/wj
而且/c每/rz一个/mq申请人/n，/wd必须/d要/v全/a职/ng参与/v到/v麦当劳/nz门/n店/n的/ude1运营/vn当中/f。/wj
“/wyz投资/n麦当劳/nz不/d是/vshi一个/mq金融/n游戏/n”/wyy，/wd获准/v的/ude1申请/vn人/n，/wd必须/d将/p自己/rr的/ude1热情/an和/cc未来/t，/wd连同/p自己/rr的/ude1资金/n，/wd一/m并/cc献给/v麦当劳/nz。/wj