环境/n箱/ng的/ude1上/f顶/v面/n安装/v有/vyou六/m个/q位移/n传感器/n支架/n，/wd每个/r支架/n上/f配置/v一个/mq通过/p导线/n与/pA/D/url转换器/n相/d连接/v的/ude1位移/n传感器/n。/wj
其/rz型号/n为/vWYD/x，/wd位移/v测试/vn精度/n达到/v万分之三/m，/wd分辨率/n为/p0./m1/m微米/q，/wd可/c确保/v测试/vn结果/n的/ude1精度/n。/wj
位移/v传感器/n将/d接收/v到/v的/ude1位移/n信号/n转换/v成/v电信号/n输出/v到/vA/D/url转换器/n，/wd后者/rzv将/d输入/v的/ude1电信号/n转换/v成/v数字/n信号/n输出/v到/v工业/n控制/vn计算机/n。/wj
环境/n箱底/n面的/n横梁/n固定/v在/p支架/n上/f。/wj
横梁/n上/f用/p螺纹/n紧/d固/dg联接/v件/q安装/v有/vyou六/m个/q称/v重/a传感器/n，/wd型号/n为/vBK/x-/wp5/m系列/q。/wj
称/v重/a传感器/n通过/p导线/n与/pA/D/url转换器/n相/d连接/v。/wj
3/m试验/vn结果/n分析/v3./m1/m收缩/v应变/vn分析/vn图/n2/m为/v以/pt1/x为/p零点/t的/ude124h/x内/f，/wdAB/x两/m组/q试/v件/q应变/vi随/p温度/n、/wn时间/n的/ude1变化/vn。/wj
试/v件/q放/v入/v养生/vn室/n时间/n设/v为/vt0/x，/wd时刻/nt1=t0+9h/x（/wkz8h/x养生/vn+1h/x恒温/n）/wky，/wdt2=t1+24h/x。/wj
图/n中/b应变/vn数据/n为/p每/rz组/n六/m个/q试/v件/q应变/vi的/ude1算术/n平均值/n。/wj
膨胀/vi应变/vi为/v正/d值/v，/wd收缩/v应/v变为/v负值/n。/wj
图/n3/m为/v以/pt2/x为/p零点/t的/ude124h/x内/f，/wdAB/x两/m组/q试/v件/q应变/vi随/p温度/n、/wn时间/n的/ude1变化/vn。/wj
温度/n//w℃/q18./m521./m32426./m829./m532./m33532./m329./m526./m82420021./m318./m5A/x组/n试/v件/qB/x组/n试/v件/q1000-200/m应/v//w--/wp100-300-400-500-600-70002468101214161820222426./m82421./m318./m5t1/x为/p起点/n的/ude1龄/ng期/ng//wh/x图/n2时/t刻/vt1/x为/p起点/n的/ude1试/v件/q应变/vn温度/n//w℃/q18./m560021./m32426./m829./m532./m33532./m329./m5A/x组/n试/v件/qB/x组/n试/v件/q500400200/m应/v//w-/wp3001000-100-200024681012141618202224t2/x为/p起点/n的/ude1龄/ng期/ng//wh/x图/n3时/t刻/vt2/x为/p起点/n的/ude1试/v件/q应变/vi由/p图/n2/m~/w3/m可见/c，/wd第1/m个/q24h/x内/f的/ude1收缩/vn应变/vn大于/v第2/m个/q24h/x，/wd但/c膨胀/vi应变/vi小于/v后者/rzv。/wj
这/rzv是/vshi因为/p随着/p龄/ng期/ng增长/v（/wkz水泥/n水化/v程度/n提高/v）/wky，/wd混凝土/n中/b孔隙/n率/k减小/v，/wd相同/a环境/n温度/n影响/vn下/f混凝土/n的/ude1收缩/vn应变/vn减/v小/a、/wn膨胀/vi应变/vi增大/v。/wj
600A/x组/n试/v件/qB/x组/n试/v件/q606510527526500491400518414333300310300/m收/v收/v100t1+6./x5t1+9t2+6./x52522002002000391378/m///session400A/x组/n试/v件/qB/x组/n试/v件/q483422--500605t2+9/x时间/n//wh/x图/n4/m升温/vi过程/n中/f剧烈/ad收缩/v应变/vn1000t1+13t1+15./x5t2+13/x时间/n//wht2+14./x5/m图/n5/m降温/vn过程/n中/f剧烈/ad收缩/v应变/vi18./m5/m~/w35/m℃/q升温/vn过程/n中/f（/wkz即/v0/m~/w12h/x之间/f）/wky，/wd混凝土/n应变/vn整体/n呈/v膨胀/vi走势/n，/wd但/c出现/v数次/m膨胀/vi收缩/v交替/vn变化/vn，/wd其中/rz有/vyou两/m次/qv剧烈/ad收缩/v的/ude1应变/vn差值/n（/wkz即/v一/m次/qv剧烈/ad收缩/v的/ude1应变/vn变化/vn幅度/n）/wky可/v达/v600×10-6/m以上/f，/wd见/v图/n4/m。/wj
35/m~/w18./m5/m℃/q降温/vn过程/n中/f（/wkz即/v12/m~/w24h/x之间/f）/wky，/wd混凝土/n应变/vn整体/n呈/v收缩/v走势/n，/wd并/cc伴随/v着/uzhe幅度/n较/d小/a的/ude1膨胀/vn收缩/v交替/vi且/c频/ag次/ng较/d高/a，/wd但/c仍/d会/v出现/v较为/d剧烈/a的/ude1收缩/vn，/wd其/rz应变/vn差值/n可/v达/v500×10-6/m以上/f，/wd见/v图/n5/m。/wj
这/rzv主要/d是/vshi因为/p：/wp（/wkz1/m）/wky混凝土/n内部/f温度/n对/p环境/n温度/n的/ude1响应/vn过程/n为/p具有/v一定/d滞后/v性/ng的/ude1热/a传导/vn过程/n。/wj
（/wkz2/m）/wky混凝土/n中/f毛/nr1细/a孔/nr1水/n、/wn吸附/vn水/n、/wn层/n间/f水/n散失/vi引起/v的/ude1干燥/a收缩/vn。/wj
而且/c环境/n温度/n升高/v将/d导致/v混凝土/n干燥/ad收缩/v增大/v。/wj
因为/p温度/n越/d高/a，/wd水泥/n石/ng中/f托勃莫/nrf来/vf石/ng凝/vg胶/n的/ude1层/qv间/f水/n失去/v越/d多/a，/wd水泥/n石/ng收缩/v越/d大/a。/wj
（/wkz3/m）/wky混凝土/n中/f干燥/ad收缩/v与/p温度/n的/ude1扩散/vn速度/n不同/a。/wj
温度/n扩散/v速度/n比/p干/v缩/vi扩散/v要/v快/a大约/d1000/m倍/q。/wj
图/n2/m~/w3/m显示/v，/wd混凝土/n并非/v在/p35/m℃/q（/wkz即/v温度/n最高点/n）/wky膨胀/vi应变/vi达到/v最/d大/a，/wd而是/c在/p最高/a温度/n过后/t约/d1h/x。/wj
在/p膨胀/vi应变/vi达到/v最/d大/a值/n后/f，/wd将/d会/v出现/v降温/vn过程/n中/f的/ude1第一/m次/qv剧烈/a收缩/vn。/wj
混凝土/n内部/f温度/n对/p环境/n温度/n是/vshi具有/v一定/d滞后/v性/ng的/ude1热/a传导/vn响应/vn过程/n。/wj
响应/v过程/n取决于/v两/m个/q方面/n：/wp一/m是/vshi作为/p驱动力/n的/ude1混凝土/n内外/f温差/n或/c温度/n梯度/n；/wf二/m是/vshi表征/n混凝土/n热/a物性/n的/ude1导热/v系数/n或/c导/v温/nr1系数/n的/ude1大小/n。/wj
试验/vn环境/n箱内/s升/v降温/vn速率/n恒定/an，/wd所以/c较/d低/a的/ude1导热/v系数/n导致/v混凝土/n内部/f温度/n对/p环境/n温度/n的/ude1滞后/vn响应/vn。/wj
同时/c应/v注意/v到/v，/wd在/p整个/b试验/vn过程/n中/f，/wd混凝土/n应变/vi增加/v或/c减/v小/a的/ude1变化/vn速率/n大致/d相同/a。/wj
这/rzv是/vshi受到/v试验/vn环境/n箱内/s恒定/an升降/vn温/nr1速率/n的/ude1影响/vn。/wj
出现/v应变/vn变化/vn速率/n不/d相同/a的/ude1原因/n可能/v是/vshi环境/n箱内/s温度/n变化/vn速率/n与/cc混凝土/n中/b温度/n扩散/v速度/n的/ude1差值/n发生/v变化/vn（/wkz水分/n散失/vi等/udeng引起/v）/wky，/wd从而/c混凝土/n内外/f温度/n梯度/n产生/v变化/vn，/wd导致/v应变/vn变化/vn速率/n改变/v。/wj
3./m2/m混凝土/n重量/n变化/vn表/n3/m为/p各/rz阶段/n试/v件/q的/ude1平均/a重量/n。/wj
w0/x为/p试验/v开始/v前/f各组/r试/v件/q重量/n的/ude1平均值/n。/wj
w1/x为/vt1+24h/x时刻/n各组/r试/v件/q重量/n的/ude1平均值/n。/wj
w2/x为/vt2+24h/x时刻/n各组/r试/v件/q重量/n的/ude1平均值/n。/wj
由/p1/m、/wn2/m可知/v，/wd混凝土/n试/v件/q重量/n减/v小/a。/wj
这/rzv是/vshi由于/p混凝土/n中/f的/ude1水/n和/cc环境/n空气/n处于/v某/rz一/m平/a状态/n，/wd如果/c周围/f介质/n空气/n的/ude1湿度/n降低/v或/c温度/n升高/v，/wd混凝土/n就/d会/v发生/v水分/n散失/vi。/wj
存在/v于/p硬化/vn水泥浆/n体/ng中/f的/ude1水/n包括/v毛/nr1细/a孔/nr1水/n、/wn吸附/vn水/n、/wn层/n间/f水/n和/cc化学/n结合/v水/n。/wj
除/p化学/n结合/v水/n存在/v于/p水化/v反应/vi的/ude1水化物/n晶体/n中/f不可/v散失/vi外/f，/wd其余/rz三/m种/q水/n在/p环境/n湿度/n低于/v一/m定/v值/v时/ng都/d可/v散失/vi。/wj
表/n3/m试/v件/q混凝土/n重量/n（/wkzkg/x）/wkyw1/x!/wt
w0w0w1A/x组/n10./m33810./m3040./m03410./m2890./m0150./m049B/x组/n10./m21510./m1780./m03710./m1580./m0200./m0571w2w2/x!/wt
w1/x试/v件/q编号/n212/m表/n4/m为/p两/m组/q混凝土/n试/v件/q的/ude1重量/n变化/vn率/v。/wj
可见/c，/wd随着/p龄/ng期/ng增长/v，/wd重量/n变化/vn率/k减/v小/a。/wj
第1/m个/q24h/x的/ude1混凝土/n重量/n变化/vn率/k大约/d是/vshi第2/m个/q24h/x的/ude1两/m倍/q。/wj
在/p相对湿度/nl较/d大/a或/c湿/a混凝土/n开始/v干燥/a时/ng，/wd混凝土/n重量/n变化/vn由/p毛细管/n水/n散失/vi引起/v；/wf在/p相对湿度/nl较/d小时/n，/wd重量/n变化/vn是/vshi由于/p先后/d散失/vi了/ule吸附/vn水/n和/cc层/n间/f水/n。/wj
毛细管/n水/n与/p固/ag相/ng的/ude1联系/vn力/n很/d小/a，/wd吸附/v水/n、/wn层/n间/f水/n与/cc水泥/n石/ng固/ag相/ng之间/f是/vshi物理/n吸附/vn作用/n。/wj
所以/c随着/p混凝土/n不断/d干燥/a及/cc水分/n散失/vi难度/n增大/v，/wd混凝土/n重量/n变化/vn率/k会/v逐渐/d减/v小/a。/wj
同时/c可/v看到/v，/wdA/x组/n试/v件/q重量/n变化/vn率/k小于/v水/n灰/ag比/p相对/d较/d大/a的/ude1B/x组/n试/v件/q。/wj
