人工/b神经/n网络/n又/d称/v为/p连接/v模型/n，/wd它/rr是/vshi一/m种/q通过/v模/ng仿/x动物/n神经/n网络/n行为/n特征/n，/wd进行/vx分布式/b并行/vn信息/n处理/v的/ude1算法/n数学/n模型/n。/wj
它/rr作为/v一/m门/q新兴/b的/ude1学科/n，/wd近年来/dl得到/v了/ule飞速/d发展/v并/cc被/pbei广泛/ad应用/v于/p各个/rz领域/n，/wd如/v医学/n、/wn机械/n、/wn生物/n、/wn数学/n等/udeng领域/n。/wj
在/p工程建设/n中/f，/wd由于/c建设工程/n的/ude1分/n项/q工程/n数目/n多/a，/wd使得/vi工程造价/n计算/v中/b工程量/n的/ude1计算时间/n长/a，/wd计算方式/n繁琐/an，/wd而且/c容易/ad出现/v误差/n，/wd在/p整个/b工程造价/n估算/v中/f，/wd工程量/n的/ude1计算/vn是/vshi其/rz重/a难点/n。/wj
因此/c，/wd找到/v一/m种/q快速/d精确/a的/ude1估算/vn方法/n进行/vx工程造价/n与/p主要/b工程量/n的/ude1估算/vn，/wd对/p工程造价/n管理/vn而言/uls具有/v非常/d重要/a的/ude1意义/n。/wj
一/m神经/n网络/n在/p工程造价/n计算/vn中/f的/ude1运用/vn建筑工程/n的/ude1工程/n特征/n直接/ad影响/v着/uzhe这/rzv一/m工程/n的/ude1主要/b工程量/n以及/cc工程造价/n，/wd即/v某/rz一/m建设工程/n的/ude1主要/b工程量/n或/c工程造价/n与/p这/rzv一/m工程/n的/ude1特征/n之间/f存在/v着/uzhe某种/rz程度/n上/f的/ude1映射/vi关系/n，/wd如果/c以/pL/x表示/v这/rzv一/m工程/n的/ude1工程/n特征/n，/wd以/pM/x表示/v主要/b工程量/n或/c工程造价/n，/wd那么/c这种/r映射/vi关系/n可以/v表示/v为/v：/wmMappingL/x=/w{/xLi/x|/xi/x=/w1/a,/wd2/n,/wd3/n,/wd…/ws
,/wdn/x}/x→/wM/x。/wj
相对/d于/p其他/rzv估算/v方法/n而言/uls，/wd人工/b神经/n网络/n在/p建设工程/n的/ude1工程造价/n与/p主要/b工程量/n的/ude1估算/vn中/f，/wd具有/v客观性/n强/ng、/wn估算/v精确性/n高/a且/c估算/v速度/n非常/d快/a，/wd此外/c，/wd还/d具有/v提取/v建设工程/n的/ude1特征/n的/ude1优势/n，/wd因此/c，/wd近年来/dl在/p建设工程/n的/ude1工程造价/n与/p主要/b工程量/n的/ude1估算/vn中/f，/wd神经/n网络/n被/pbei广泛/a地/ude2运用/v，/wd并且/c取得/v了/ule巨大/a的/ude1成绩/n。/wj
神经/n网络/n在/p工程造价/n与/p主要/b工程量/n的/ude1估算/vn中/f，/wd主要/d以/p建立/v数学/n模型/n的/ude1方式/n，/wd将/d估算/v出来/vf的/ude1工程造价/n和/cc工程量/n作为/v参考/vn依据/n，/wd并/cc与/p手工/n计算/v的/ude1工程造价/n与/p主要/b工程量/n进行/vx核对/vn，/wd以此/d检验/v手工/d计算结果/n是否/v正确/a，/wd从而/c使/v工程造价/n得到/v有效/a的/ude1控制/vn，/wd避免/v工程量/n索赔/vn的/ude1现象/n出现/v。/wj
但/c随着/p工程/n计价/vn清单/n在/p全国/n的/ude1展开/vn，/wd主要/d针对/p工程造价/n估算/vn，/wd而/cc鲜/a少/a针对/p工程量/n估算/v的/ude1神经/n网络/n估算/vn模型/n已/d不/d能/v满足/v工程量/n清单/n计价/vi快速/d估算/v的/ude1客观/a要求/n。/wj
因此/c，/wd将/p以往/t的/ude1神经/n网络/n估算/vn模型/n进行/vx调整/vn，/wd在/p原有/v模型/n基础上增加/n主要/b工程量/n的/ude1估算/vn，/wd满足/v工程量/n清单/n计价/vi的/ude1估算/vn要求/n，/wd同时/c，/wd考虑/v工程/n硬件/n环境/n与/cc工程/n软件/n环境/n以及/cc工程造价/n指数/n对/p工程造价/n的/ude1影响/vn，/wd以/p提高/v调整/vn后/f神经/n网络/n模型/n的/ude1估算/vn精度/n，/wd预防/v由于/c人工/d估算/v误差/n造成/v的/ude1不/d平/a报价/vn索赔/vn的/ude1情况/n产生/v，/wd从而/c形成/v新/a的/ude1工程造价/n与/p主要/b工程量/n估算/v的/ude1神经/n网络/n估算/vn模型/n——/wpBP/x神经/n网络/n模型/n。/wj
二/mBP/x神经/n网络/n估算/vn模型/n的/ude1建立/v（/wkz一/m）/wkyBP/x人工/b神经/n网络/n模型/n的/ude1选择/vnBP/x(/wkzBackPropagation/x)/wky网络/n，/wd又/d称/v误差/n反向/f传播/v网络/n，/wd它/rr是/vshi各种各样/bl的/ude1神经/n网络/n模型/n中/f应用/v最/d广泛/a的/ude1一/m种/q网络/n。/wj
BP/x网络/n的/ude1网络结构/nl由/p输入/v层/qv、/wn隐/v层/qv（/wkz一般/a有/vyou一/m层/qv隐/v层/qv和/cc多/m层/qv隐/v层/qv两/m种/q）/wky、/wn输出/vn层/n而/cc组成/v的/ude1多/m层/qv网络结构/nl。/wj
其中/rz，/wd同/p一/m层单元/n之间/f不/d会/v相互/d连接/v，/wd各/rz层/qv之间/f则/d采用/v全/a互连接/n，/wd此外/c三/m层/qv的/ude1误差/n反向/f传播/v网络/n还/d可以/v与/p任何/rz比较/d复杂/a的/ude1非线性函数/n接近/v，/wd基于/p此/rzs，/wd本文/r在/p建立/vBP/x网络/n神经/n估算/vn模型/n中/f采用/v三/m层/qv误差/n反向/f传播/v网络/n模型/n建模/n，/wd所/usuo建模型/n结构/n可/v见/v图/n一/m。/wj
（/wkz二/m）/wkyBP/x神经/n网络/n模型参数/n的/ude1确定/vBP/x神经/n网络/n模型/n的/ude1参数/n主要/d分/v为/p模型/n结构参数/n、/wn模型/n节点/n函数/n以及/cc模型/n初时/t权/n值/v三/m种/q参数/n，/wd根据/p各自/rr的/ude1特点/n优势/n确定/vBP/x神经/n网络/n模型参数/n，/wd具体/ad如下/vi：/wm1./mBP/x网络/n模型/n结构参数/n的/ude1确定/vn。/wj
网络结构/nl参数/n的/ude1选取/v直接/ad关系/v到/v网络/n的/ude1收敛/vn速度/n以及/cc网络/n的/ude1表达能力/n，/wd具有/v重要/a的/ude1作用/n。/wj
本文/r主要/d选取/vBP/x网络/n结构/n中/f隐/v层/qv（/wkz一/m层/qv）/wky来建模/nr，/wd同时/c，/wd根据实际/n需要/v确定/v输入/v层/qv神经元/n个数/n和/cc输出/v层/qv的/ude1神经元/n个数/n，/wd隐/v层/qv个数/n则/c按照/p最佳/z逼近/v广义/n多项式/n的/ude1特征/n定理/n（/wkz柯尔莫哥洛/nrf夫/ng定理/n）/wky确定/v为/v2n+1/x(/wkzn/x表示/v输入/vn数据/n的/ude1个数/n)/wky。/wj
2./mBP/x网络/n模型/n节点/n函数/n的/ude1选取/v。/wj
由于/psigmoid/x函数/n是/vshi神经元/n的/ude1非线性函数/n，/wd它/rr包括/v了/ule输入/vn与/cc输出/vn，/wd输入/v输出/v的/ude1神经元/n数量/n与/cc输入/vn输出/vn的/ude1分量/n数量/n相/d对应/vi。/wj
sigmoid/x函数/n的/ude1优点/n在于/v输入/v的/ude1任何/rz数据/n都/d可以/v转化/v成/v（/wkz0/n，/wd+1/m）/wky之间/f的/ude1数值/n，/wd因此/c，/wd在/p本/rz模型/n的/ude1节点/n函数/n选取/v时/ng，/wd以/psigmoid/x函数/nf/x(/wkzx/x)/wky=/w为/p接点/n输出/vn函数/n。/wj
3./mBP/x网络/n模型/n初时/t权/n值/n的/ude1选取/v。/wj
神经元/n阀值/n以及/cc连接/v权/n系数/n的/ude1初始值/n的/ude1选取/v非常/d重要/a，/wd它/rr关系/n着/uzhe网络/n模型/n的/ude1训练/vn时间/n的/ude1大小/n以及/cc收敛/vn速度/n的/ude1大小/n，/wd此外/c还/d关系/v着/uzhe网络/n模型/n是否/v能够/v达到/v最/d小/a。/wj
在/p选取/v本/rz模型/n的/ude1初时/t权/n值/v时/ng采用/v随机/b函数/n之间/f的/ude1随机数/n（/wkz（/wkz-1/m，/wd1/a）/wky之间/f的/ude1随机数/n）/wky进行/vx随机/d选取/v。/wj
（/wkz三/m）/wkyBP/x神经/n网络/n模型/n的/ude1学习/vn算法/nBP/x神经/n网络/n模型/n的/ude1学习/vn算法/n主要/d由/p模式/n顺/vd传播/v、/wn误差/n逆/vg传播/v、/wn记忆/n训练/vn、/wn学习/v收敛/v四/m个/q过程/n组成/v。/wj
其中/rz，/wd输入/v模式/n过程/n也/d即/v模式/n顺/vd传播/v，/wd主要/d由/p输入/v层/qv经由/p中间/f层/qv“/wyz模式/n顺/vd传播/v”/wyy向/p输出/v层/qv的/ude1过程/n；/wf误差/n逆/vg传播/v过程/n，/wd它/rr是/vshi输出/v层/qv将/p网络/n的/ude1实际/n输出/vn与/cc网络/n期望/vn输出/vn之间/f的/ude1误差/n信号/n经由/p中间/f层/qv向/p输入/v层/qv修正/v连接/v权/n的/ude1过程/n；/wf记忆/n训练/vn过程/n，/wd即/v模式/n顺/vd传播/v与/p误差/n逆/vg传播/v两/m个/q过程/n间/f的/ude1反复/d交替/d进行/vx的/ude1网络/n过程/n；/wf学习/v收敛/vn过程/n，/wd它/rr指/v的/ude1是/vshi网络/n的/ude1全局/n误差/n（/wkz网络/n趋向/v收敛/v）/wky向/p极小值/n接近/v的/ude1过程/n。/wj
