为了/p降低/v豆渣/n的/ude1粒/ng径/ng进而/c改善/v其/rz口感/n，/wd罗勇泉/nr等/udeng利用/v酿酒/vn酵母/n对/p豆渣/n和/cc苹果/n渣/ng的/ude1混/v和/cc物/ng进行/vx固态/n发酵/vi，/wd结果/d发现/v混合/vn苹果/n渣/ng的/ude1豆渣/n经/p发酵/vi后/f口感/n得到/v明显/ad改善/v[/wkz14/m]/wky。/wj
有鉴于此/vl，/wd本文/r选用/v传统/n发酵/vn豆酱/n时常/d用/v的/ude1米/q曲霉/n和/cc黑/a曲霉/n对/p新鲜/a豆渣/n进行/vx发酵/vn，/wd研究/v了/ule豆渣/n发酵/vi前后/f渣/n感/vg、/wn口感/n、/wn粒度/n分布/vn以及/cc豆渣/n颗粒/n的/ude1外部/f形态/n的/ude1变化/vn情况/n，/wd并/cc通过/v对/p发酵/vn豆渣/n纤维素/n和/cc半/m纤维素/n酶/n活性/b变化/vn进行/vx研究/vn，/wd探讨/v了/ule豆渣/n发酵/vn口感/n改善/v的/ude1原因/n。/wj
11./m1/m材料/n与/cc方法/n材料/n新鲜/a豆渣/n：/wp由/p北京/ns王/n致/v和/cc食品/n集团/n有限公司/n提供/v，/wd样品/n取/v自/p王/nr1致/v和/cc腐乳/n厂/n生产线/n，/wd含/v水/n率/k为/p82./m13%/m；/wf试验/vn菌种/n：/wp米/n曲霉/n(/wkzAspergillusoryzae3./x951/m)/wky由/p北京市/ns食品/n酿造/vn研究所/n提供/v；/wf黑/a曲霉/n(/wkzAspergillusniger/x)/wky：/wp本/rz实验室/n保藏/v。/wj
1./m2/m仪器/n与/cc设备/nHZQ/x-/wpF160/x型/k恒温/n振荡/vn培养/v箱/q:/wp哈尔滨市/ns东联/nz电子/n技术/n开发/vn有限公司/n；/wfKQ/x-/wp600DE/x型/k数控/n超声波/n清洗/vn器/n：/wp昆山市/ns超声/n仪器/n有/vyou第7/m期/qv李艳芳/nr等/v：/wp黑/a曲霉/n和/cc米/q曲霉/n发酵/vi改善/v豆渣/n口感/n限/v公司/n；/wfGB60003/x-/wp1985/m国家标准/n检验/v筛/v：/wp浙江省/ns虞/nr1市/n春/tg耀/vg仪器/n纱/n筛/v厂/n制造/v；/wfGF20022B/x型/k鼓风/v干燥箱/n：/wp重庆/ns银河/n试验/vn仪器/n有限公司/nSZ×12＋PM10AK/x型/k数码/n显微镜/n：/wp奥林/nrf巴斯/nsf（/wkz日本/nsf）/wky有限公司/nBX5/x型/k数码/n显微镜/n：/wp奥林/nrf巴斯/nsf（/wkz中国/ns）/wky有限公司/n510M-01/x型/k多/a参数/n测定/v仪/ng：/wpThermo./xScientifico./xCo./xLtd./xUSAGL/x-/wp208/m型/k高速/d冷冻/v离心机/n：/wp上海/ns安/ag亭/ng实验/vn仪器厂/nUVMINI/x-/wp1240/m型/k紫外/b分/v光/n光度计/n：/wpSHIMADZU/x，/wdJapan/x。/wj
1./m3/m试验/vn方法/n1./m3./m1/m孢子/n悬浮/vn液/ng制备/v黑/a曲霉/n、/wn米/q曲霉/n孢子/n悬浮/vn液/ng制备/v：/wp首先/d将/d米/q曲霉/n、/wn黑/a曲霉/n分别/d在/p马铃薯/n葡萄糖/n琼脂/n（/wkzPDA/x）/wky斜面/n培养基/n上/f活化/v，/wd然后/c分别/d挑/v取/v活化/v好/a的/ude1菌丝/n接种/vn到/v装有/v麸皮/n培养基/n的/ude1三/m角/q瓶/n上/f进行/vx扩/vg培/v培养/v，/wd活化/v和/cc扩/vg培/v条件/n均/d为/v：/wp温度/n28/m℃/q、/wn时间/n3d/x。/wj
最后/f向/p三/m角/q瓶/n加入/v适量/a的/ude1质量/n分数/n为/p0./m9%/m生理/n盐水/n，/wd振荡/vn后/f，/wd用/p无/v菌/n纱布/n过滤/v，/wd将/p滤液/n收集/v到/v三/m角/q瓶/n中/f并/d用/p质量/n分数/n为/p0./m9%/m的/ude1生理/n盐水/n稀释/vn，/wd制成/v2×107/m～/ws
5×107/m个/q//wmL/x孢子/n悬浮/vn液/ng备/v发酵/vn豆渣/n使用/vn。/wj
1./m3./m2/m发酵/vn豆渣/n制备/v分别/d称/v取/v130g/x新鲜/a豆渣/n于/p1000mL/x的/ude1三/m角/q瓶/n中/f，/wd6/m层/qv纱布/n封口/vi，/wd在/p121/m℃/q高压/n灭菌/vi锅/n内/f蒸/v煮/v20min/x，/wd冷却/v至/p室温/n后/f，/wd分别/d加入/v质量/n分数/n为/p1%/m黑/a曲霉/n、/wn米/q曲霉/n孢子/n悬浮/vn液/ng孢子/n悬浮/vn液/ng，/wd以/p加入/v质量/n分数/n为/p1%/m无/v菌/n水/n的/ude1豆渣/n作为/v对照/v（/wkz未/d发酵/vi豆渣/n）/wky，/wd混/ad匀/v后/f置于/v恒温/n恒/ag湿/a培养/vn箱/ng培养/v10d/x（/wkz培养/v条件/n：/wp28/m℃/q、/wn相对湿度/nl为/v95%/m）/wky，/wd每/rz隔/v24h/x取样/vi1/m次/qv，/wd依次/d得到/v黑/a曲霉/n、/wn米/q曲霉/n发酵/vn豆渣/n和/cc未/d发酵/vi豆渣/n样品/n3/m种/q样品/n。/wj
取样/vi后/f马上/d进行/vx渣/n感/vg、/wn吞咽/v难/a易/a、/wn色泽/n、/wn滋味/n进行/vx感官/n评定/vn，/wd其他/rzv样品/n进行/vx冷冻/vn干燥/an，/wd用以/d进行/vx粒度/n分析/vn、/wn外观/n和/cc显微镜/n观察/v、/wn纤维素/n酶/n活/n和/cc半/m纤维素/n活/a测定/vn。/wj
每个/r处理/v重复/v3/m次/qv，/wd并/cc对/p不同/a培养/vn时间/n的/ude1样品/n进行/vx指标/n测定/vn。/wj
1./m3./m3/m主要/b测定/vn指标/n首先/c对/p3/m种/q发酵/vn豆渣/n样品/n进行/vx渣/n感/vg、/wn吞咽/v难/ad易/ad进行/vx评价/vn、/wn对/p其/rz色泽/n、/wn滋味/n进行/vx描述/vn；/wf其次/c对/p发酵/vi10d/x的/ude13/m种/q样品/n粒度/n分布/vi进行/vx统计/vn、/wn并/d对/p豆渣/n颗粒/n进行/vx外观/n和/cc显微镜/n观察/v；/wf最后/f对/p发酵/vi3d/x、/wn10d/x黑/a曲霉/n和/cc米/q曲霉/n发酵/vn豆渣/n的/ude1纤维素/n酶/n活性/b、/wn半/m纤维素/n酶/n活性/b进行/vx测定/vn。/wj
1./m4/m测定/vn方法/n1./m4./m1/m感官/n品评/vn方法/n感官/n品评/vn方法/n：/wp分别/d取/v豆渣/n样品/n10g/x放/v于/p盘/qv中/f，/wd并/cc随机/b编号/n，/wd选/v20/m名/q（/wkz男女/n各/rz半/m，/wd年龄/n20/m～/ws
28/m岁/qt）/wky本/d研/vTable1/x表/n1/m豆渣/n感官/n评价/vn评分/vn标准/nStandardsofsensoryevaluationforokara/x项目/n评价/vn标准/n渣/ng感/vg总分/n（/wkz100/m分/qt）/wky吞咽/v难/a易/vg强/ng0/m～/ws
20/m难/a下/f咽/v总分/n（/wkz100/m分/qt）/wky0/m～/ws
20/m较/d强/a>/w20/m～/ws
40/m较/d难/a下/f咽/v>/w20/m～/ws
40/m中/f>/w40/m～/ws
60/m勉强/ad下/vf咽/v>/w40/m～/ws
60/m较/d弱/a>/w60/m～/ws
80/m能/v下/vf咽/v>/w60/m～/ws
80/m弱/a>/w80/m～/ws
100/m易/vg下/vf咽/v>/w80/m～/ws
100249/m究/vg室/n经过/p培训/vn的/ude1评价/vn人员/n独立/ad完成/v感官/n品评/vn，/wd分别/d在/p感官/n品评/v室内/s对/p编号/n样品/n的/ude1渣/n感/vg、/wn吞咽/v难/a易/vg单独/b依据/n打分/v标准/n打分/v，/wd并/cc记录/v样品/n的/ude1色泽/n、/wn滋味/n。/wj
具体/a评分/vn标准/n如/v表/vg1/m所/usuo示/vg。/wj
1./m4./m2/m粒度/n分布/vi测定/v豆渣/n样品/n粒度/n分布/vi测定/v采用/v湿/a式/k筛/v分/qt法/n[/wkz15/m]/wky。/wj
分别/d取/v10g/x发酵/vn10d/x后/f豆渣/n的/ude1样品/n,/wd置于/v加/b水/n200mL/x的/ude1三/m角/q瓶/n中/f，/wd随后/d在/p超声波/n清洗/vn器/n中/b超声/n处理/v(/wkz超声/n条件/n：/wp20min/x，/wd50W/x，/wd40kHz/x，/wd水温/n45/m℃/q)/wky促使/v颗粒/n分散/v(/wkz发酵/vn豆渣/n与/cc未/d发酵/vi豆渣/n均/d采用/v该/rz超声/n方式/n处理/vn，/wd超声/n处理/v可能/v造成/v豆渣/n颗粒/n破碎/a的/ude1影响/vn可/v忽略/v)/wky。/wj
将/p超声/n处理/vn后/f的/ude1样品/n放/v于/p恒温/n振荡/vn培养/v箱/ng中/f于/p60/m℃/q、/wn150r/min/url振荡/vn4h/x，/wd使/v豆渣/n颗粒/n均匀/ad分散/v后/f，/wd倒入/v依次/d叠/v好/a的/ude1标准/n套/q筛/v中/f进行/vx筛/v析/vg（/wkz叠/v放/v次序/n由上至下/dl为/v：/wp筛/v孔/nr1直径/n为/p2000/m、/wn900/m、/wn450/m、/wn280/m、/wn200/m、/wn30/mμ/wm/x标准/n检验/v筛/v）/wky，/wd每/rz层/qv标准/n筛/v用/p自来水/n冲洗/v豆渣/n颗粒/n5min/x，/wd依次/d将/d筛/v上/f未/d通过/p豆渣/n颗粒/n分别/d转/v置于/v已经/d编号/vi的/ude1称/vn量/n皿/x中/f，/wd于/p烘箱/n（/wkz105±3/m）/wky℃/q中/f烘干/v24h/x后/f称/v质量/n（/wkz精确/ad至/v0./m0001g/x）/wky，/wd并/cc分别/d计算/v质量/n分数/n（/wkz%/m）/wky，/wd由此/d依次/d求/v出/vf0/m～/ws
30/m、/wn﹥/w30/m～/ws
200/m、/wn﹥/w200/m～/ws
280/m、/wn﹥/w280/m～/ws
450/m、/wn﹥/w450/m～/ws
900/m、/wn﹥/w900/m～/ws
2000/m、/wn﹥/w2000/mμ/wm/x颗粒/n质量/n分数/n（/wkz%/m）/wky。/wj
1./m4./m3/m外观/n形态/n及/cc显微镜/n观察/v分别/d取/v10g/x发酵/vn10d/x的/ude1豆渣/n样品/n,/wd置于/v加/b水/n200mL/x的/ude1三/m角/q瓶/n中/f，/wd随后/d在/p超声波/n清洗/vn器/n中/b超声/n处理/v20min/x。/wj
