高密度/n电/n法/n在/p水文/n地质/n和/cc工程/n地质/n中/f的/ude1应用/vn1/a前言/n80年代/t初/f,/wd日本/nsf地质/n计测/n株式会社/n研究/v成功/a了/ule高密度/n电阻率/n探查/v法/n(/wkz简称/v高密度/n电/n法/b)/wky,/wd并且/c广泛/ad应用/v于/p工程/n地质/n及/cc水文/n地质/n中/f。/wj
在/p日本/nsf,/wd高密度/n电/n法/b主要/b用/v来/vf解决/v如下/vi的/ude1地质/n问题/n:/x火山口/n的/ude1“/wyz基岩/n”/wyy形状/n调查/vn,/wd局部/n地质/n构造/n和/cc空洞/a调查/vn,/wd断层/n构造/n调查/vn,/wd滑坡/vi及/cc地下水/n流/v调查/vn,/wd隧道/n落/v顶/ng预测/v,/wd寻找/v地下水/n等等/udeng。/wj
其中/rz断层/n构造/n调查/vn应用/vn较/d多/a。/wj
1987年/m,/wd我院/n从/p地质/n计测/n株式会社/n引进/v了/ule该项/r方法/n技术/n;/wf1988年/m又/d引进/v了/uleGER/x-300AD/x型/k交/v直流电/n法/b探测仪/n。/wj
多/m年/qt来/f,/wd我院/n使用/v该项/r方法/n技术/n在/p寻找/v地下水/n;/wf探测/v采/v空/a区/n:/x查明/v岩溶/n发育/vn和/cc划分/vn地层/n中/f得到/v了/ule应用/vn,/wd并且/c收到/v了/ule较/d好/a的/ude1地质/n应用/vn效果/n。/wj
近年来/dl,/wd国内/s不少/m单位/n开展/v了/ule该项/r方法/n技术/n,/wd并且/c取得/v了/ule较/d好/a效果/n。/wj
随着/p勘察/vn科学技术/n的/ude1不断/d发展/v和/cc国民经济/n建设/vn的/ude1需要/n,/wd高密度/n电/n法/n做/v为/p一/m种/q新/a的/ude1物探/n方法/n技术/n,/wd一定/d会/v在/p工程/n地质/n和/cc水文/n地质/n以及/cc其它/rz相关/vn领域/n中/f得到/v广泛/ad应用/v。/wj
2/b方法/n概述/v高密度/n电/n法/b本质/n属/v直流/b电阻率/n法/n。/wj
但是/c,/wd实际/n供电电流/n为/p低频/b交流电/n。/wj
其/rz供电/vn频率/n固定/vn不/d变/v,/wd一般/ad选/v在/p20/m～/ws
30Hz/x之间/f。/wj
高密度/n电/n法测/n点/qt密度高/n,/wd点/qt距/p小/a到/v1/a～/ws
2m/x,/wd并/cc具有/v测深/n和/cc剖面/n的/ude1双重/b性能/n。/wj
一般/a情况/n下/f,/wd高密度/n电/n法/b的/ude1信息量/n为/p普通/a电阻率/n法/b的/ude1百/m倍/q以上/f。/wj
因/p高密度/n电/n法/b的/ude1供电/vn频率/n较/d低/a,/wd且/c固定/v不/d变/v,/wd所以/c将/p其/rz视为/v直流/b电阻率/n法/n,/wd遵从/v直流/b电阻率/n法/b的/ude1一般/a原理/n。/wj
2./m1/a测定方法/n高密度/n电/n法/b的/ude1测定方法/n以/p温/nr1奈/vg尔/Rg装置/n为/p例/n说明/v。/wj
改变/v电极/n间距/n为/v2a/x、/wn3a/x?/ww
?/ww
观测/v视/vg电阻率/n,/wd同样/d可/v得/ude3一/m系列/q值/n。/wj
最终/d所/usuo测/v视/vg电阻率/n断面/n为/p一/m倒梯形/n形状/n。/wj
将/p这些/rz视/vg电阻率/n值/v经过/p一/m系列/q数据/n处理/vn,/wd便/d可/v绘制/v成/v视/vg电阻率/n分布/vn断面图/n。/wj
该/rz图/n则/d能/v反映/v出/vf地下/s地层/n分布/vi,/wd地质/n构造/n以及/cc其它/rz地质/n情况/n。/wj
2./m2/b解释方法/n高密度/n电/n法/b的/ude1解释/vn成/v图/n由/p计算机/n完成/v。/wj
为/p提高/v信/n噪/vg比/v,/wd高密度/n电/n法/n必须/d进行/vx如下/vn数据/n处理/v:/x图/n1Fig./x1/ad输入/v原始/a数据/n计算/v视/vg电阻率/n地形/n补正/n处理/v数值/n平滑/an处理/vn垂直/vn或/c水平/n异常/d突出/ad处理/v视/vg电阻率/n等级/n划分/v绘制/v断面图/n结束/v垂直/vd或/c水平/n异常/d突出/a处理/vn,/wd用于/v所/usuo查明/v目的/n体/ng分布/vi状态/n不/d同时/d选择/v进行/vx,/wd如/v目的/n体/ng为/v垂直/vd向/p分布/vi的/ude1断裂/vn构造/n,/wd则/d进行/vx垂直/vn异常/d突出/a处理/vn;/wf如/v目的/n体/ng为/p水平/n分布/vi的/ude1地层/n,/wd则/d进行/vx水平/n异常/d突出/a处理/vn。/wj
一般/a情况/n下/f,/wd将/d视/vg电阻率/n进行/vx5/b个/q等级/n划分/vn。/wj
各个/rz等级/n数值/n处理/v表示/v式/k如下/vi:/x其中/rz,/wdm/x为/v全/d测/v区/n视/vg电阻率/n的/ude1平均值/n;/wf为/p标准偏差/n。/wj
从/p1/a等级/n到/v5/b等级/n由/p低/a至/p高/a,/wd分别/d用/v不同/a的/ude15/b种/q颜色/n表示/v,/wd计算机/n则/c用/p这/rzv5/f种/q颜色/n绘制/v成/v视/vg电阻率/n等级分/n布/vg断面图/n。/wj
该/rz图/n清晰/a、/wn美观/a且/c直观/a性/ng强/ng。/wj
如果/c高密度/n电/n法/b的/ude1仪器/n设备/n都/d用/p计算机控制/n,/wd则/c数据/n的/ude1采集/vn、/wn处理/v、/wn解析/v、/wn成/v图/n均可实现/n自动化/vn。/wj
地质/n计测/n株式会社/n于/p1985年/m研制/v成功/a了/ule电极/n自动/d“/wyz切换/vn装置/n”/wyy,/wd使/v高密度/n电/n法实现/n了/ule全面/a自动化/vn。/wj
3/n工程/n实例/n剖析/vn下面/f仅/d举/v两/m例/q说明/v高密度/n电/n法/n在/p水文/n地质/n和/cc工程/n地质/n中/f的/ude1应用/vn。/wj
这/rzv两/m项/q工程/n皆/d为/v我院/n和/cc地质/n计测/n株式会社/n合作/vd完成/v。/wj
3./m1/a高密度/n电/n法/n寻找/v地下水/n3./m1./m1/a任务/n与/cc目的/n山东省/ns招远县/ns某/rz村/n,/wd地处/v花岗岩/n地区/n,/wd因/p工业/n污染/v严重/a,/wd浅/a层水/n不/d能/v饮用/v。/wj
为/p解决/v饮水/n问题/n,/wd需/v打/v深井/n,/wd提取/v基岩/n裂隙/n水/n。/wj
要求/n单/d井出/nrj水量/nQ/x>/x5m3/x//wh/x,/wd水质/n符合/vTJ20/x-76/m饮用水/n标准/n。/wj
为/p完成/v此/rzs项/q任务/n,/wd采用/v高密度/n电/n法/n。/wj
3./m1./m2/n测/v区/n概况/n测/v区属/b低/a山/n丘陵/n,/wd地层/n简单/a,/wd分布/vi有/vyou第四/m系/n地层/n和/cc玲珑/a花岗岩/n。/wj
第四系/n地层/n岩/ng性/ng以/p粉/n土/n、/wn砂/n、/wn卵石/n为主/vi,/wd厚度/n一般/ad为/v数/m米/q,/wd主要/d分布/vi于/p沟谷/n中/f和/cc山脚下/s。/wj
玲珑/a花岗岩/n在/p测/v区/n普遍/ad分布/vi,/wd且/c大面积/d出/vf露/v,/wd只/d在/p沟谷/n中/f和/cc山脚下/f被/pbei第四/m系/n所/usuo覆盖/v。/wj
测/v区/n内/f无/v断裂/vi构造/v,/wd从/p区域性/n构造/n来看/u,/wd断裂/vi以/pNNE/x向/p为主/vi。/wj
测/v区/n地下/s水位/n推测/v大于/v100m/x。/wj
测/v区/n岩石/n的/ude1电阻率/n大致/d变化/v如下/vi:/x第四/m系/n地层/n一般/ad为/v30/m～/ws
250m/x;/wf风化/vi破碎/v花岗岩/n为/p500/m～/ws
1000m/x;/wf完整/a花岗岩/n大于/v1500m/x。/wj
从/p电性/n上/f来/vf看/v,/wd风化/vi破碎/v花岗岩/n和/cc完整/a花岗岩/n有/vyou一定/b差异/n,/wd地球/n物理/n前提/n基本/ad具备/v。/wj
3./m1./m3/n外/f业/ng工作/vn根据地/n形/ng、/wn地貌/n选择/v较为/d平坦/a的/ude1地方/n大致/d垂直/vNNE/x向/p布置/v两/m条/q测线/n。/wj
测线/n长/a均/d为/v500m/x。/wj
a/x为/v5m/x,/wd点/qt距/p为/v5m/x,/wd一个/mq排列/v使用/v电极/n101/m根/q。/wj
测试/vn深度/n从/p1a/x到/v33a/x。/wj
采用/v温/ag奈/vg尔/Rg装置/n。/wj
电极/n切换/v为/p手工/n操作/vn。/wj
3./m1./m4/ng解释/v推断/v为/p突出/a纵向/n构造/vn裂隙/n的/ude1异常/a,/wd断面图/n进行/vx了/ule垂/v向/p构造/n突出/ad处理/v。/wj
