 白 上房 院 西 客厅 
白萌 堂 脸色 沉重 背 手 看 着 窗外  听 着 胡 总管 的 陈述 
 我 觉得 二 节 的 医术 虽 不 及 大爷 精  可 也 错 不 到 这个 份儿 上 
  那 是 哪儿 出 了 错 儿 呢 
  甭管 他 了 
 胡 总管 接着 道   您 亲自 去 趟 王府 陪 个 礼 
这 事儿 就算 圆 上 了 
 白萌 堂 转 过 身 来   就 这么 圆 上 了  我 死 不 瞑目 
我 白 萌 堂 一辈子 不 做 糊涂 事 
他 砸 的 不光 是 车 和 马  砸 的 是 白 家 上百 年 的 老 牌子 
北京 城里 已经 没有 不 知道 的 了  白 家 栽 给 了 詹 王府 
不光 老二 以后 无法 露面  祖上 的 脸面 也 丢 尽 了 
宫里  柜 上 怎么 交代 
 胡 总管   我 看 还是 以 息事宁人 为 好 
 白萌 堂   先 把 事情 查 清楚 了 再说 
 胡 总管   查 清楚 了 又 能 怎么样 
詹 王府 咱们 惹不起 
 白 萌 堂 大 怒   我 偏 要 惹 
你 别 说 了 
 胡 总管 叹 了 口 气 低声 道   老爷 

退 一 步 海 阔 天空 

 白萌 堂   退 一 步 
为什么 要 退 一 步 
白 家 老 号 每 进一步 有 多 难  我 凭 什么 要 退 一 步 
他 就 砸 碎 了 我 这 把 老 骨头  我 也 不 能 退 
 躺 在 炕 上 筋疲力尽 的 白文 氏 长叹 一 声   唉 
我 这 是 生 了 个 什么 东西 
 白 宅 花房 
一面 大 斜坡 的 玻璃窗  阳光 灿烂 
花匠 金 二 在 浇 花  花房 靠 里 放 着 一个 大 书 案  两 个 听差 正 伺候 老爷 白 萌 堂 作画 
桌 首 放 着 一 盆 盛开 的 含笑 
纸 上 画 的 含笑 盛开 
白萌 堂 将 毛笔 含 在 口中 咬 了 咬  持 笔 伸 向 画纸 
笔 落 画纸  道 劲 有力 
花房 外  只见 雅萍 风风火火 进 了 月亮 门 来 到 花房 门前  把 门 的 听差 秉宽 将 她 拦住   萍 姑奶奶  您 不 能 进去  老爷 作画  谁 都 不 能 进 
 雅萍   我 有 急事 
 秉宽   那 也 不行 

揽 了 老爷 作画  我们 得 挨 板子 
  挨 板子 我 替 你 
 雅萍 推开 秉 宽  一 掀 草 帘 进 了 花房 
雅萍 走进 花房 站 定   爸  给 您 道喜  您 又 得 了 个 孙子 
 白萌 堂 仍 在 作画  似 无 所 闻 
 爸  二 奶奶 生 了  是 个 小子 
 白萌 堂 突然 回身 将 笔 狠狠 地 掷 向 雅萍 
雅萍 吓 一 跳  忙 向 后 躲  笔 打 在 裙子 上  染 了 一 块 墨迹 
白 萌 堂 满嘴 是 墨  气呼呼 地   谁 叫 你 进来 的 

出去 
 雅萍   二 奶奶 生 了 个 小子 
  生就 生 了 吧 
  听 我 把 话 说 完 了 成 不 成 

 白 萌 堂 接过 听差 秉宽 递 上 的 一 支 笔  回身 冲 着 画 发愣 
雅萍   

这 孩子 生 下来 不 会 哭  光 笑 
 日 萌 堂 一 楞  回头 疑惑 地 望 着 雅萍 
雅萍   真 的 
 白萌 堂   打 呀  照 屁股 上 使劲 打 
 雅萍   越 打 笑 得 越 厉害 
 白萌 堂 认真 了  缓缓 走 到 雅萍 前   有 这 事 
奇 了 
颖轩 呢 
 秉宽 在 旁 应 道   二 爷 在 柜 上 支 应 着 呢 
 白萌 堂   颖园 呢 
 秉宽   大爷 去 宫 里 太 医院 还 没 回来 
 白萌 堂   一个 都 不 在家 
 秉宽   三 爷 去 安国 办 药  喜 子 昨 儿 先 回来 了  说 三 爷 今儿 一准 儿 到 家 
 白 萌 堂 自言自语 道   生 下来 就 笑  有 点 意思 
奇 了 
 白萌 堂 走 到 书案 前  顺手 拉 过 一 张 宣纸  提 笔 饱 蘸 浓 墨  在 纸 上 写 了 三 个 大字  白景琦 
雅萍   行 了 
我 去 告诉 二 奶奶  孩子 有 了 名 儿 了 
 白萌 堂   去 柜 上 把 颖轩 叫 回来  看看 他 的 儿子 
 秉 宽 答应 道   是 
 百 草 厅 
前 门外 一 条 喧闹 的 商业街  路 两边 挨 排 着 一间间 铺面 
百 草 厅 三 开间 的 门 睑 儿   百 草 厅 白 家 老 号  牌匾 高悬 正中  门前 不时 有人 进出 
前堂 里  抓药 的  等 药 的  买 丸药 的  忙 而 不 乱 十分 肃静  敲 戥 子 声 和 用 铜 杵 砸 药 声 有 节奏 地 响 着 
靠 窗 的 坐堂 先生 正 给 一 位 老者 诊脉  说话 声音 都 很 低 
抓药 的 伙计 正 看 着 一个 方子  对 柜台 外 等候 的 中年人 道   先生  您 这 方子 里 有 十八 反  我 不 敢 抓  请 过 这边 儿 来 
 伙计 走 出 柜台 与 中年人 来到 坐堂 先生 前  将 方子 交给 坐堂 先生 
坐堂 先生 看 了 看 笑 道   这种 方子  敢 下 十八 反 的 药  京城 里 只 有 两 位 敢 开  一 位 是 太 医院 的 魏 大人  一 位 是 我们 柜 上 的 白 大爷 
 中年人 笑 了   您 圣 明  正是 魏 大人 开 的 方子 
 坐堂 先生 对 伙计 道   抓 吧  没 错 
 门外  一 辆 马车 停 在 百 草 厅 门前  詹 王府 管家 安福 下 车 走 进 前 堂 
大 查 柜 赵显庭 忙 迎 了 上来   安 爷  府上 要 用 点儿 什么 药 
