 紧紧 地 捏 住 了 那个 小 纸 包 
他 鼻子 一 酸  眼睛 顿时 被 泪水 模糊 了 

第四 章 星期五  孙少平 请 了 半 天 假  来到 城关 粮站  拿 润 叶姐 给 他 的 五十 斤 粮 票  按 粗细 粮 比例  买 了 二十 斤 白面 和 三十 斤 玉米面 
这 年头  五十 斤 粮票 可不 是 一个 小 数字 啊 
润叶 姐 塞 给 他 的 那个 小 纸 包 里  还有 三十 元 钱  买 完 这些 粮  还 剩 了 拾 元  他 准备 拿 这 钱 给 祖母 买 点 止痛片 和 眼药 水  然后 再 给 自己 换 一点 学校 大灶 上 的 菜 票 
他 把 这些 粮食 从 粮站 上 背 到 学校  换 了 三十 斤  亚洲  票 和 五 斤  欧洲  票 
另外 的 十五 斤 白面 他 舍不得 吃  准备 明天 带 回 家 去 
让 老 祖母 和 两 个 小 外甥 吃 
三十 斤 玉米面 他 已经 够 满足 了 
在 以后 一 段 日子 里  他 可以 间隔 地 在 自己 的 黑  非洲  中 夹带 一个 金 黄色 的  亚洲  
至于 那 五 斤  欧洲  票  他 是 留 着 等 哥哥 来 一起 吃 的 
哥哥 来 城里  总 不能 顿 顿 饭 都 在 润 叶 姐 那里 吃  要 是 亲爱 的 哥哥 来 学校 吃饭  他 不 能 让 他 也 在 中学 的 饭 场上 让 别人 冷眼 相 看 

第二 天 中午  他 先 到 街上 给 祖母 买 好 了 药  然后 就 把 那 一 小 袋 面粉 提到 金波 的 宿舍 里 
两 个 人 相 帮 着 把 它 绑 在 后 车座 的 旁边  就 准备 一 起 相 跟 回家 了 
每 到 这个 时候  学校 就 乱成一团 
乡里 的 学生 纷纷 收拾 起 空 瘪 的 干粮 袋  离 城 近 的 步行  离 城 远 的 骑 自行车  纷纷 涌 出 了 校 门口 
他们 要 回 家 去 度过 一个 舒服 的 夜晚 
在 家里  光景 好些 的 人家  大人 们 总 要 给 回家 的 孩子 做 两 顿 好吃 的  然后 再 打 闹 一 口袋 象 样 的 干粮  以便 下 一个 星期 孩子 在 大灶 饭 外 有 个 补充 
这 期间  偌大 的 学校 里 就 象 退 了 潮 的 海滩 那 般 宁静 
到 了 星期天 下午  乡里 的 学生 又 都 纷纷 返回 来  这个 世界 才 又 恢复 了 它 那 闹哄哄 的 局面 

少 平和 金波 骑 着 车子 出 了 县城  便 沿着 向 西 的 一 条 公路  一个 带 着 一个  往 家里 赶 去 
两 个 人 共同 骑 过 好几 年 车子  他们 一路 上 换 着 蹬  轻松 而 愉快 
从 县城 到 他们 村 有 七十 华里 路 
这 条 路 连接 着 黄土 高原 两 个 地区  因此 公路 上 的 汽车 还是 比较 繁多 的 
从 出 县城 起  路面 比较 宽阔  以后 就 越 走 越 狭窄 
约 摸 到 五十 华里 外  川 道 完全 消失 了 
西山 夹 峙 的 深 沟  刚刚 能 摆 下 一 条 公路 
接着  便 到 了 分水岭 
壁立 的 横断山 脉 陡然 间 堵住 了 南北 通道 
在 以前  公路 只好 委屈 地 从 这里 盘山 而 上  才 能 伸 到 山 那 面 
前 几 年 在 一个 山腰 里 捅 开 了 一个 豁口  才 把 公路 从 山顶 降 到 了 半山腰 
不过  山 两 面 公路 的 坡度 还是 很 长 很 陡 的 
这里 汽车 事故 也 最 多  公路 边 的 排 水沟 里  常常 能 看见 翻 倒 的 车辆 —— 上坡 时 慢 得 让 司机 心烦  下坡 时 他们 往往 发疯 地 放飞 车  结果 

上 这 坡 时  所有 的 自行车 都 不 可能 再 骑 了 
少 平和 金波 这时 就 轮换 推 着 车子  两 个 人 都 累 得 满头大汗 
翻过 分水岭 就是 他们 公社 
沟 道 仍然 象山 那 面 一样 狭窄 
这 道 沟 十 来 个 村子  每个 村 相隔 都 不 到 十 华里  被 一 条 小河 串连 起来 
小河 叫 东拉河  就是 在 这 分水岭 下发 源 的 
下 了 山  过 了 一个 叫 下 山村 的 村子  再 走 十 华里 路  就是 公社 所在地 石 圪节 村 了 
他们 双 水 村 离石 圪节 公社 也 是 十 里 路  中 间隔 一个 罐子 村 —— 少 平 他 姐 兰花 就 出嫁 在 这 村里 
少 平和 金 波 翻过 分水岭  骑 着 车 便 象 风 一般 从 大 坡 上 飞 下来 了 
下 山村 一 闪 而 过 
接着 就 到 了 石 圪节 公社 
公社 在 公路 对面  一 座 小 桥 横跨 在 东 拉 河 上  把 公路 和 镇子 连结 起来 
一 条 约摸 五十 米 长 的 破烂 街道  唯一 的 一 座 象 样 的 建筑物 就 是 供销社 的 门市部 
但 这 镇子 在 周围 十几 个 村庄 的 老百姓 眼里  就 是 一个 大 地方 
到 这里 来 赶 一 回 集  值得 乡里 的 婆姨 女子 们 隆重 地 梳洗 打扮 一番 
另外  这 街上 的 南 头  还有 个 小 食堂 
食堂 里 几 个 吃 得 胖乎乎 的 炊事员  在 本 公社 和 公社 主任 一样 有 名气 —— 生活 在 这 穷乡僻壤 的 人们  对 天 天 能 吃 肉 的 人 多么 羡慕 啊 
石 圪节 今天 不 遇 集  因此 街上 没什么 人 
少 平和 金波 也 没 打 算 过 桥 去 逛 一 逛 
前 两 年 在 这里 上 初中 时  他们 常 爱 到 这 条 街道 上 来 遛 达 
那时  这 地方 在 他们 眼里 也 是 大 地方 
可 现在  他们 已经 逛 过 更 大 的 世界  这 条 破败 的 街道 对 他们 来说  已经 没有 什么 吸引力 了 
只是 到 了 公社 前面 的 中学 附近 时  他 两 个 却 不约而同 地 停 住 了 车子 
中学 也 在 河 对面  四  五 间 教室  两 排 石 窑洞  窑洞 下面  一个 小 土 操场 上 安 一 副 破烂 的 篮球架 
多么 可爱 的 地方 啊 
