苏眉 负责 去 死者 的 学校 调查 ， 掌握 她 的 社会关系 ， 尤其 是 直系亲属 是否 有 作案 嫌疑 。
包 斩 以 案 发 现场 为 中心 进行 摸 排 ， 公共 厕所 附近 应该 有 一 扇 红色 的 门 ， 需要 重点 查找 。
画 龙 负责 去 车站 调查 10月 3日 午夜 ， 和 死者 一起 下 车 的 乘客 ， 尽可能 列出 名单 。
公安局 领导 负责 筛选 近 一 年 来 县 城区 发生 的 强奸 未遂 案 ， 以及 抢劫 案 ， 调查 那些 有 前科 的 人 是否 再次 犯案 。
公安局 领导 不 解 的 问道 ： 你 怎么 知道 案 发 现场 附近 有 一 扇 红色 的 门 ？
梁 教授 列出 了 此案 的 疑点 ： 死者 胃 内 的 大 便 ， 指 关节 上 的 红色 油漆 ， 死者 体内 的 精液 ， 造成 死者 死亡 的 钝 器 ， 车票 ， 假 的 LV 包 。
衣服 上 沾 了 屎 ， 说明 死者 遇害 前 应该 有 过 挣扎 迹象 ； 指 关节 上 有 红色 油漆 ， 她 可能 呼救 过 ， 使劲 敲 过 某 扇 红色 的 门 ； 那 个 假 的 LV 包 ， 说明 死者 爱慕 虚荣 ， 当然 ， 也 有 可能 是 别人 赠送 的 包 。
大便 专家 说 ： 我 干 点 什么 好 呢 ， 要不 ， 我 列出 个 食谱 吧 ， 把 死者 的 大便 以及 她 胃 内 的 大 便 ， 列出 两 份 详细 清单 ， 然后 ， 我们 按照 这个 食谱 做菜 来 吃 ， 我 觉得 很 有 必要 。
梁 教授 说 ： 呃 ， 这个 …
…
你 只 列出 个 菜 单 就 可以 ， 还有 ， 将 尸体 再次 解剖 检验 一 次 。
大便 专家 说 ： 如果 那 少妇 没 刷牙 的话 ， 我 会 把 她 牙缝 里 的 食物 残渣 找 出来 ， 也 列 个 食谱 。
苏 眉 皱眉 说道 ： 你 还是 写 个 详细 的 尸 检 报告 吧 。
大便 专家 说道 ： 一个 不 懂得 给 死尸 剔牙 的 法医 ， 不 是 一个 好 法医 ！
几 天 后 ， 各方 消息 汇总 到 一起 ， 特 案 组 重新 梳理 了 一下 案情 。
陈露 ， 30 岁 ， 县城 关 镇 中学 语文 老师 ， 离异 独居 ， 孩子 判 给 了 丈夫 。
她 性格 内向 ， 沉默寡言 ， 人际关系 简单 ， 基本上 可以 排除 他人 报复 行凶 的 可能 ， 苏 眉 调查 得知 ， 陈露 曾 和 校长 吵 过 架 ， 陈露学 的 是 英文 专业 ， 校长 却 安排 她 教 语文 。
校长 对 此 的 解释 是 出于 工作 需要 ， 打 乒乓球 的 人 来 管理 足球 ， 医生 也 当 商人 ， 作协 的 职责 不 是 写作 而是 学习 什么 马克思主义 ， 什么 思想 和 理论 ， 一个 学 英语 的 老师 教 语文 ， 也 没 啥 值得 奇怪 的 啊 。
10月 1日 ， 陈露 和 邻居 声称 去 省城 旅游 ， 邻居 和 同事 反映 ， 都 没有 见 过 陈露 的 那个 假 的 LV 包 ， 应该 是 案 发 前 在 省城 购买 。
10月 3日 凌晨 4点 回来 ， 画 龙 在 车站 调查 得知 ， 当时 下 车 的 乘客 只 有 三 人 ， 另外 俩 人 为 一 对 夫妇 ， 下车 后 即 搭乘 电动 三轮 出租车 离开 ， 画 龙 费尽周折 通过 电动 三轮车 司机 找到 了 这 对 夫妇 ， 夫妇 声称 回家 后 就 睡觉 了 ， 当 天 夜里 ， 确实 和 陈露 一起 下车 ， 夫妇 二 人 还 奇怪 为什么 没有 人 来 接 她 。
包 斩 重新 对 案 发 现场 进行 了 仔细 勘验 ， 公共 厕所 附近 确实 有 一 扇 红色 的 铁门 ， 刚 刷 过 油漆 ， 经过 技术 比 对 ， 死者 陈 露 指 关节 上 的 油漆 和 门 上 油漆 相 吻合 ， 这 说明 梁 教授 的 分析 很 正确 ， 陈露 曾经 逃离 过 案 发 现场 ， 敲 过 那 扇 门 求救 ， 然而 ， 那 户 人家 前 些 天 就 搬走 了 ， 公共 厕所 附近 的 居民区 空无一人 ， 这 片 房子 即将 面临 拆迁 ， 案 发 前 就 已经 停水 停电 ， 公厕 也 很 久 没有 环卫 工人 前来 清理 ， 案 发 现场 ， 每 一个 茅坑 里 的 大 便 都 堆积如山 。
包 斩 对 大便 专家 表示 很 钦佩 ， 检验 每 一个 茅坑 ， 分析 那些 大便 ， 绝对 是 一 项 艰难 无比 的 工作 。
可以 想象 到 ， 在 那天 夜里 ， 凶手 尾随 跟踪 一 名 弱 女子 进 了 厕所 ， 她 无力 的 反抗 ， 逃 出 厕所 ， 在 漆黑 的 夜里 奔跑 ， 挨家挨户 的 敲门 求救 ， 然而 ， 那 片 破旧 的 居民区 面临 拆迁 ， 房子 里 空空荡荡 ， 周围 死 寂 一 片 ， 没有 人 开 门 ， 凶手 不 紧 不 慢 的 向 她 走 近 ， 将 其 拖 回 厕所 。
梁 教授 说 ： 那 片 面临 拆迁 的 居民区 ， 至少 有 一 户 人家 没有 搬走 。
公安局 领导 说 ： 不 是 吧 ， 你 怎么 知道 ？
梁 教授 说 ： 最先 发现 尸体 的 那个 人 ， 那个 早晨 起来 倒 痰盂 的 人 。
第一 卷 吃 屎 少妇 第三 章 黎 家 小院 凶杀 现场 附近 的 居民区 死气沉沉 ， 白天 的 街道 上 看 不 到 一个 人 ， 也 看不到 一 条 狗 ， 风 将 墙角 的 塑料袋 吹 上 天空 ， 不远处 ， 火车 进站 鸣笛 的 声音 传来 。
这 是 满 城 繁华 中 的 一 片 荒漠 ， 只 有 一 户 人家 拒绝 搬走 ， 当地 拆迁 部门 将 其 视为 “ 钉子户 ” 。
这 户 人家 姓 黎 ， 房产 是 一个 小院 ， 有 个 老 旧 的 二 层 小 楼 。
院墙 上 写 了 一个 “ 拆 ” 字 ， 红色 的 砖墙 ， 白色 的 字 ， 显得 非常 醒目 。
这个 院子 也 被 称为 黎 家 小院 ， 四世同堂 ， 住 着 7 口 人 。
黎 爸 每天 早晨 买 菜 拉 水 ， 房顶 上 还 插 着 红旗 ， 甚至 准备 了 汽油 ， 打算 长期 对抗 拆迁 。
黎 爸 和 卖 菜 小贩 的 一 段 对话 似乎 能够 说明 一些 问题 ： 菜 贩子 催促 ： 大哥 你 快 点儿 给 钱 行 不 ， 一会儿 城管 来 了 ， 我 这 车 菜 就 全 没 了 。
黎 爸 说道 ： 废话 ， 我 不 想 快 点儿 ？
我 回去 晚 了 没准 房子 都 被 拆 了 。
那天 早晨 ， 黎 爸 和 黎妈 一起 出门 ， 黎 爸 上街 去 买 菜 ， 黎妈 去 附近 的 一个 公共 厕所 倒 痰盂 ， 发现 尸体 的 是 黎妈 。
黎妈 四十 多 岁 ， 虎背 熊 腰 ， 早年 曾 在 火车站 装卸 水泥 ， 简直 和 男 人 一样 强壮 。
