但 雌性 猕猴 中 很 少 有 神经 纤维 投射 到 正中 隆起 ［ 21 ］ 
2009年 Ubuka 实验室 鉴定 了 人类 大脑 中 的 RFRP 肽 和 其 受体  发现 RFRP 神经元 胞 体 主要 分布 在 DMH  其 轴 突 投射 到 视 前 区 的 GnRH 神经元 和 正中 隆起 ［ 14 ］ 
值得 注意 的 是  在 仓鼠 ［ 17 ］  羊 ［ 19-20 ］ 和 灵 长 类 ［ 14 ］ 的 正中 隆起 处 均 观察 到 RFRP 神经元 末梢  但 大鼠 中 没有 ［ 16  19 ］ 
哺乳动物 促 性腺 激素 抑制 激素 的 生殖 内分泌 调节 与 行为 作用 RFRP 神经元 纤维 广泛 地 投射 到 哺乳动物 大脑 的 各个 区域 
在 大鼠 脑 内  RFRP -3 投射 到 下丘脑 各个 核 团  发现 神经 末梢 在 杏仁 核  终 纹 床 核 和 丘 脑室 旁 核 等 处 
在 GnRH 神经元 密集 存在 的 区域 视 前 区  隔 核  布 罗 卡 斜 带 中 也 有 RFRP -3分 布 ［ 16 ］ 
免疫 组 化 双 标 研究 显示  40% ～
80% 的 GnRH 神经元 胞 体 和 RFRP 神经元 纤维 在 DMH 区 紧密连接 
这些 结果 在 灵 长 类 ［ 13 ］  大鼠 ［ 16-17 ］  羊 ［ 22 ］  仓鼠 ［ 17 ］ 和 小 鼠 ［ 23 ］ 的 脑 内 也 被 发现  与 鸟类 中 的 研究 结果 相似 
研究 报道  RFRP 受体 在 大鼠 下丘脑 高度表 达  在 丘脑  中 脑  髓 质  眼 和 睾丸 中度 表达 ［ 10 ］  在 羊 的 视 交叉  视 束 上 核  室 旁 核 和 结节 部 有 分布 ［ 20 ］  在 人类 脊 髓  杏仁 核  尾 状 壳 核  海马  黑 质 和 丘脑 表达 ［ 24 ］ 
此外  RFRP 受体 mRNA 在 大鼠 垂体 中 有 表达  而 在 人类 垂体 中 没有 发现 ［ 25 ］ 
2RFRP 与 生殖 行为 2． 1 对 GnRH 的 调节 生殖 轴 整合 大量 直接 或 间接 神经 化学物质 的 信息 输入 并 调节 动物 的 生殖 过程 
对 鸟类 的 研究 已经 证明  GnIH 可以 通过 GnRH 神经元 上 的 受体 抑制 GnRH 的 释放 ［ 26 ］ 
大量 的 哺乳动物 研究 显示  GnRH 神经元 与 RFRP 神经 纤维 有 紧密 地 连接 ［ 7 ］ 
在 切除 卵巢 的 仓鼠 ( 未 给予 雌激素 处理 ) ［ 17 ］ 和 性腺 完好 的 大鼠 ( 雌雄 ) 中 ［ 16  27 ］  脑室 注射 RFRP -3 降低 了 血浆 促 黄 体 生成素 ( LH ) 的 水平  推测 这 是 RFRP -3 作用 于 GnRH 神经元 的 结果 
Anderson 等 通过 检测 早期 基因 ( c -fos ) 的 方法 发现  在 切除 卵巢 的 大鼠 ( 给予 雌激素 或 孕 酮 ) 中  RFRP -3 减弱 了 GnRH 的 活动  同时 也 减弱 了 前 腹 侧室 旁 核 ( 提供 GnRH 神经元 刺激 信号 输入 的 区域 ) 神经元 的 活动 ［ 27 ］ 
但是  在 此 实验 中 LH 的 释放 并 没有 发生 显 著 的 变化 
电 生理学 研究 显示  在 雄性 和 雌性 小 鼠 的 脑 片 上  RFRP -3 可以 抑制 GnRH 神经元 的 发放 频率  其中 约 43% 的 GnRH 神经元 神经 冲动 释放 频率 减少  9% 的 GnRH 神经元 冲动 的 释放 频率 反而 增加 ［ 28 ］ 
最新 研究 发现  西伯利亚 仓鼠 的 下丘脑 视 前 区 ( GnRH 神经元 细胞体 聚集 区域 ) 存在 RFRP 受体  免疫 荧光 结果显示  GnRH 神经元 上 存在 RFRP 受体 ［ 29 ］ 
这 是 第一 次 在 GnRH 神经元 上 发现 RFRP 受体  提示 RFRP 通过 其 受体 在 中枢 调节 GnRH  最终 调节 生殖 功能  这 对于 全面 阐述 RFRP 在 调节 生殖 方面 的 重要 作用 有着 非常 重大 的 意义 
2． 2 对 垂体 生殖 激素 的 调节 RFRP 在 外 周 作用 于 垂体 
给予 切除 卵巢 的 大鼠 静脉 注射 RFRP -3 对 LH 的 基础 浓度 没有 影响  但 显 著 降低 了 GnRH 刺激 引起 的 LH 释放 ［ 18 ］ 
然而  Murakami 等 却 报道 了 一个 相反 的 结果  给 切除 卵巢 大鼠 静脉 注射 RFRP -3 降低 了 血浆 LH  而 脑室 注射 RFRP -3  LH 的 浓度 和 LH 释放 频率 都 没有 明显变化 ［ 30 ］ 
为了 进一步 解释 说明 在 大鼠 中 存在 的 差异性  最近 Pineda 等 在 大鼠 中 做 了 一个 比较 系统 的 研究 ［ 31 ］  研究者 人工 合成 了 不同 的 RFRP 类似物  包括 2 种 RFRP -1 ( RFRP1 -12  RFRP1 -20 ) 和 2 种 RFRP -3 ( RFRP3 -8  RFRP3 -17 )  利用 脑室 或 静脉 注射 的 方法  研究 它们 对 LH 和 FSH 的 影响 以及 对 体 外 培养 的 垂体 细胞 的 影响 
实验 结果 发现  ① 在 切除 卵巢 的 雌 鼠 中  脑室 注射 RFRP 类似物 后  只 有 RFRP3 -8 ( 含 有 8 个 氨基酸残基 的 RFRP 类似物 ) 可以 抑制 LH 的 释放  而 RFRP3 -17 只有 在 高浓度 时 才 有 明显 抑制 LH 释放 的 作用 
2 种 浓度 的 类似物 对 FSH 的 释放 无 影响 
② 在 成年 雄性 大鼠 ( 性腺 未 切除 ) 中  脑室 注射 RFRP3 -8 明显 抑制 LH  而 FSH 无 变化  而 在 性腺 切除 的 成年 雄性 大鼠 中  实验 结果 相反 
③ 静脉 注射 RFRP3 -8 后  在 30 ～
60min 可 观察 到 LH 的 水平 显 著 下降 
在 60 ～
90min 内 FSH 水平 下降 
④ 在 体 外 培养 的 切除 性腺 的 雄性 大鼠 垂体 细胞 中  LH 释放 RFRP3 -8 呈 剂量 依赖性 降低  而 FSH 没有 显 著 的 变化 
给予 去 卵巢 母 羊 静脉 注射 RFRP -3 后  发现 LH 的 水平 显 著 性 降低  但是 对 垂体 分泌 的 其他 激素 ( 生长激素 和 催 乳 素 ) 没有 任何 影响 ［ 19 ］  在 牛 的 研究 中 也 得到 了 同样 的 结果 ［ 32 ］ 
在 大鼠 ［ 30 ］  羊 ［ 19 ］ 和 牛 ［ 32 ］ 的 原 代 垂体 细胞 实验 中  RFRP -3 没有 减少 LH 基础 水平 的 释放  而是 呈 剂量 依赖性 地 减少 了 GnRH 刺激 引起 的 LH 释放 
还 有 2 个 证据 证明 了 RFRP -3 对 垂体 的 直接 作用 
第一  RFRP -3 消除 了 GnRH 刺 
激 引起 的 促 性腺 细胞 内 钙 的 动员 ［ 19 ］  第二  GnRH 刺激 引起 的 羊 垂体 细胞 LH β mRNA 的 升高 可以 被 RFRP -3 抵消 ［ 33 ］  此外  GnRH 刺激 引起 的 细胞 外 信号 调节 激 酶 的 磷酸 化 ( ERK ) 也 可以 被 RFRP -3 消除 ［ 33 ］ 
