那 男子 知道 雷公 是 要 加害 于 自己 
连忙 把 一 双 儿女 藏 在 屋子 里  然后 把 一个 捉 野兽 的 大 铁笼 放 在 屋檐 下  手 拿 一 杆 铁 叉 站 在 一旁 等 着 
当 雷公 又 俯冲 来 放 雷 的 时候  男子 瞅 准 机会  一 铁 叉 就 把 雷公 叉 进 了 铁笼 里  飞快 盖 上 盖子  扣紧 锁 好  然后 把 铁笼 拖 进 屋子 里  雷公 又 气 又 疼  在 铁笼 里 乱 蹦 乱 跳  发出 一 声声 怒吼 
男子 鄙夷 一 笑  骂 道  " 哈  这 下 叮 给 我 捉住 了  看 你 还 能 再 逞凶 逞 横  "
男子 把 两 个 小孩 叫 来 叮嘱 他们 道  " 在家 好好 看 着 雷公  别 让 它 跑 
千 万 不 能 给 它 水 喝  我 去 买 点 盐 和 香料  回来 把 雷公 杀  腌 着 吃  "
俩 兄妹 看 着 雷公 那 狰狞 样子  很 是 害怕  都 不 敢 靠近 笼子  只 是 远远 地 看 着 
雷公 见 男子 出去  留 两 个 小孩 ．
便 用 起 计 来 
他 一 改 刚才 的 凶狠 ．
装做 很 可怜 很 难 受 的 样子  对 两 个 小孩 说  " 小 兄妹  我 渴 死  给 我 点水 喝 吧  "
小 兄妹 一齐 说  " 不 给  爹爹 临走 时 招呼 过 不 给 你 水 喝  "
雷公 装作 更 可怜 更 难 受 的 样子 说  " 啊  啊 渴 死 我  行 行好  给 我 一 碗 水 吧  半 碗 也 行  "
雷公 呻吟 着 哀求 说  " 救救 我 吧  哪怕 给 我 几 滴 水 也 行 啊 
我 忘 不 了 你们 好处 的  "
妹妹 见 雷公 实在 可怜  就 对 哥哥 说  " 给 他 洒 点 涮 锅 水 吧  "
哥哥 想 了 想  爹 说 不 给 它 水 喝  洒 几 滴 涮 锅 水 也许 不要紧  便 说  " 好 吧  "
妹妹 拿 起 涮 锅 把  蘸 了 一点 涮 锅 水 向 雷公 洒 去  雷公 张大 了 嘴 接着 
一 滴水 进口  雷公 的 伤 好 了  两 滴水 进口  雷公 恢复 了 原来 的 力气  三 滴水 进 肚 后  雷公 精神 大 增  他 一 用劲  " 哗啦啦 " 一 声响  铁笼 被 挣开 了 
雷公 跳 到 地上  对 吓 得 站 在 一旁 动 也 不 敢 动 的 两 个 小孩 说  " 谢谢 你们 了  小 兄妹  "
说 着 他 从 口中 拔 出 一 颗 牙齿 交给 两 个 孩子 说  " 你们 把 它 种 在 地 里  浇 上 水  它 会 发芽  长 大  开 花  结果 
你们 把 果实 摘 下来  挖 去 种子  好好 保藏 着  日后 自有 用处  "
说 完  一 展 双 翅  冲破 屋顶 
飞 上 天 去 了 
男子 买 了 盐 和 香料 回来  一 见 笼子 开 了  屋顶 破 了  雷公 不 在 了  忙 问 两 个 小孩 
当 小孩 说明 情况 之后  那 男子 知道 大祸 要 临头  也 不 去 责怪 小孩  而是 赶紧 开炉 火  准备 铁 料  打 一 只 铁 船 
兄妹 俩 像 玩儿 似 地 把 雷公 牙 种 下  浇 上 水 
很快  雷公 牙 生 出 了 嫩叶  长 高  开花  结 出 一个 又 大 又 漂亮 的 葫芦 
兄妹 俩 欢欢喜喜 地 摘 下 葫芦  挖 出 肉 瓤  两 个 人 爬 了 进去 
真 巧  刚好 容 下 兄妹 俩 
那 男子 见 了 也 觉 稀奇  就 把 葫芦 收 了 起来  赶紧 造船 
第三 天  铁 船 刚 造 好  天 就 变 了 
狂风 呼啸  掀 去 屋顶  撕毁 庄稼  树木  江湖 河流 翻 起 大 浪 
天上 乌云 密布  雷电 在 乌云 中 轰 峒 闪耀  紧接着  倾盆大雨 铺 地 盖 天 而 下  地上 的 水 猛 烈 涨 了 起来 
男子 一 见 
赶忙 将 两 个 小孩 寒 进 葫芦 ．
盖 好 盖子  葫芦 隧 洪水 漂流 颠簸 而 去 
男子 自己 则 跳 上 铁 船  拿 起 铁 叉  撑 起 竹 篙  冲开 洪流  在 茫茫 大 水中 飘荡 
雨 越 下 越 大  水 越 涨 越 高  大地 上 的 一切  全 淹没 在 洪水 之中 ．
人们 根本 来不及 跑  也 无 处 可 跑  全 被 淹 死 在 洪水 中 
整个 世界 上 只 有 躲 在 葫芦 中 的 兄妹 和 铁 船上 的 男子  在 继续 和 洪水 搏斗  雨 还 在 狂暴 地下 着  洪水 竟然 涨 到 子 天 门前  威胁 到 天国 的 安全 
守门 的 天神 一面 把 雷公 拉 进 天 关 起来  一面 喝令 水 神 赶快 退 水 
顷刻 之 闻  风 息 雨 止  涨 满天 地 的 洪水 一落千丈  退 得 干 二 _ 二 净 净  大地 重 又 露 子 出来 
就 在 那 洪水 急速 下落 的 时候  男子 的 铁 船 也 随着 猛 然 跌落 下来  撞 在 坚硬 的 石头 上  被 撞 得 粉碎 可怜 那 男子 ．
一 个 敢于 和 雷公 斗争 的 无 名 战士  也 被 摔 死 
装 着 兄妹 俩 的 葫芦 也 跌落 下来  因为 葫芦 轻  有 弹性  只 在 地上 弹跳 了 几 下  就 完好无损 地 停 在 退 子 水 的 土地 上 
兄妹 俩 早 吓 昏 
他们 醒 来 时  发现 葫芦 不再 漂流  就 打开 盖子 从 葫芦 里 爬 出来 
经过 洪水 劫难 的 大地 上  只 剩下 孤寂 的 小 兄妹  他俩 抱头痛哭 了 一 场  学 着 盖 起子 草棚 安身  收集 残 有 的 种子  耕种 庄稼 养活 自己 
光阴荏苒  这 一 对 小 兄妹 在 苦难 的 生活 中 慢慢 长大  他们 靠 着 自己 的 劳动  却 也 吃 穿 不 愁  只 是 觉得 太 寂寞 了 
妹妹 不 愿意  她 羞 红 了 脸 说  " 我们 是 亲 兄妹 呀  怎么 能 结婚 呢  "
妹妹 拉 着 哥哥 的 手  来到 一 丛 竹子 前 对 哥哥 说  " 我 把 竹子 砍 成 一 节 一 节 的  你 如果 能 把 竹子 接 起来 让 它 成活  我 就 嫁 给 你  "