黄帝 和 蚩 尤 已 打 了 九 仗  还是 不 能 取胜  心中 很 是 烦恼 
这 一 天 正 昏 昏睡 梦 中  忽 见 一个 人头 鸟 身 的 仙女 自 天 而 降  自称 " 九天 玄 女 "  特 来 帮 他 
九 天 玄 女 秘密 传授 给 黄帝 一 套 兵法 之后  又 叫 他 去 采 像 昆吾山 的 火 一样 红 的 铜 铸成 兵器 
黄帝 醒来  默记 兵法  命 人 立即 采 来 红铜  铸成 宝剑 
宝剑 锋利 无比  削 铁 如 泥 
黄帝 得了 九 天 玄 女 传授 的 兵法  又 得 了 宝剑  打 起 仗 来 果然 不 同 往常  只见 他 威武 地 站 在 战车 上  随着 手中 令旗 的 摆动  军队 忽 分 忽 合  忽东 忽 西  忽方 忽 圆  变化 奠 测  只 打 得 蚩 尤 军队 蒙 头 转向  无所适从 
夸 父 族 虽然 勇 猛  究竟 敌 不过 黄帝 的 谋略 
黄铜 做 的 宝剑 更是 锋利 难 挡 
畿 尤 军队 彻底 被 打败  夸 父 族人 落荒而逃  奔 回 北方 自己 的 老家 去 
蚩 尤 的 八十一 个 兄弟 顽固 抵抗  一个 个 做 了 剑 下 之 鬼 
最后 只 剩下 蚩 尤 一 人  正 想 逃走  被 应 龙飞 身 赶上  活活 擒 住 
对于 蚩 尤 这个 造反 的 元凶  黄帝 当然 不 会 放 过 他 
为 防止 逃跑  把 他 的 手 和 脚 枷 铐 起来  在 黎山之 丘 把 他 杀 了 
蚩 尤 死 后  他 身上 的 枷 铐 被 摘 下 抛 在 大 荒 之中  沾满 斑斑 血迹 的 枷 铐  顿时 化作 了 一 片 枫林  那 一 片片 鲜红 鲜红 的 枫叶  似 在 诉说 着 蚩 尤 的 怨恨 
黄帝 怕 蚩 尤 死 后 还要 作怪  便 把 他 的 身 首 分开  头 埋 在 山东 的 寿 张 县  身子 埋 在 山东 的 钜 野 县 
寿 张 县 的 坟 里  常常 冒 出 一 股 红色 的 雾气  直 冲 云霄  仿 佛 是 一 面 旗帜  当地人 叫 它 作 " 蚩 尤 旗 " 
那 是 因为 蚩 尤 不 甘心 自己 的 失败  还 在 愤恨 不已  怨气 冲天 哩 
喜庆 胜利 旷日持久 的 黄帝  蚩尤之 战 终于 结束 
黄帝 亲自 作 了 一 部 乐曲 叫 《 栩 鼓曲 》  共 分 章  一 名 " 霄 震惊 "  二 名 " 猛 虎 骇 "  三 名 " 鸷鸟 击 "  四 名 " 龙 媒 蹀 "  五 名 " 灵 夔 吼 "  六 名 " 雕 鹗 争 "  七 名 " 壮士 奋 "  八 名 " 熊 罴 哮 "  九 名 " 石 荡 崖 "  十 名 " 波 荡 壑 " 
让 名 乐师 演奏  并 伴 以 歌舞  来 庆祝 这 次 战争 的 胜利 
刑 天 原 是 一个 无 名 的 巨人  因 和 黄帝 争 神 座  被 黄帝 砍 掉 了 脑袋  这 才 叫 刑 天  "
刑 天 " 就是 " 砍 头 " 的 意思 
当 炎帝 还是 统治 全 宇宙 的 天 帝 的 时候  刑 天 是 炎帝 手下 的 一 位 大臣 
他 生平 酷爱 音乐  曾为炎 帝 作 乐曲  作 诗歌 《 丰收 》  总 名称 为 《 下 谋 》  以 歌颂 当时 人民 幸福 快乐 的 生活 
后炎 帝 被 黄帝 推翻  屈 居 到 南方 做 了 小 小 一 名 天 帝  虽然 炎 帝 忍气吞声  不 敢 和 黄帝 抗争  但 他 的 子孙 和 手 下 却 不 服气 
当 蚩尤举 兵 反抗 黄帝 的 时候  刑 天 曾 想 去 参加 这 场 战争  只是 因为 炎帝 的 坚决 阻止 没有 成行 
蚩尤 和 黄帝 一 战 成败  蚩 尤 被 杀 死  刑 天 再 也 按捺不住 他 那 颗 愤怒 的 心  于是 偷偷 地 离 天 南方 天廷  径直 奔 向 中央 天廷  去 和 黄帝 争 个 高低 
刑 天 左 手 握 着 长方形 的 盾牌 
右手 拿 着 一 柄 闪光 的 大 斧  一路 过关 斩 奖  夺 开 重重 大门  直 杀 到 黄帝 的 宫 前 
黄帝 正 带领 众 大臣 在 宫中 观赏 仙女 们 的 轻歌曼舞  猛 见 刑 天 挥舞 斧 杀 将 过来  顿时 大 怒  拿 起 宝剑 就 和 刑 天 搏斗 起来 
两 人 剑 刺 斧 劈  从 宫内 杀 到 宫 外  从天廷 杀 到 凡间  直 杀 到 常 羊 山 旁 
常 羊 山 是 炎 帝 降生 的 地方  往 北 不 远  便是 黄帝 诞生地 轩辕 国 
轩辕 国 的 人 个个 人脸 蛇 身  尾巴 缠绕 在 头顶 上 
两 个 仇人 都 到 了 自己 的 故土  因而 战斗 格外 激烈 
刑 天 想  世界 本 是 炎帝 的 ．
现在 被 你 窃取 了  我 一定 要 夺 回 来 
黄帝 想  现在 普 天下 邦 安民 乐  我 轩辕 子孙 昌盛  岂 容 他人 染指 
于是 各 人 都 使 出 浑身 力量 
恨不得 能 将 对方 一下 杀死 
黄帝 到底 是 久经沙场 的 老将  又 有 九 天 玄 女 传授 的 兵法  便 比 刑 天 多 些 心眼  觑 个 破绽  一 剑 向 刑 天 的 颈 脖 砍 去  只 听 " 咔嚓 " 一 声  刑 天 的 那 颗 像 小 一样 的 巨大 头颅  便 从 颈 脖 上 滚 落 下来 ．
落 在 常 羊 脚下  刑 天一 摸 颈 脖 上 没有 子 头颅  顿时 惊慌 起来  忙 把 斧头 移 到 握 盾 的 左手  伸出 右手 在 地上 乱 摸 乱 抓 
他 要 寻找 到 他 那 颗 不屈 的 头颅  安 在 颈 脖 上 再 和 黄帝 大战 一番 
他 摸 呀 摸 呀  周围 的 大小 谷 被 他 摸 了 个 遍  参天 的 大树  突兀 的 岩石  在 他 右手 的 触摸 下  都 折断 了  崩塌 还是 没有 找到 那 颗 头颅 
他 只顾 向 远处 摸 去  却 没 想到 头颅 就 在 离 他 不 远 的 " 脚下 
黄帝 怕 刑 天真 的 摸 到 头颅  恢复原 身 又 来 和 他 作 剥  连忙 举起 手中 的 宝剑 向 常 羊 