羿 从 昆仑 回来 后  精神 大 振  差不多 恢复 到 第一 次 下凡 除害 时 的 情绪 
因为 嫦娥 心情 转 好  不再 对 他 怨声 恨 气 
他 对 回 不 回 天廷 并 不在乎  他 觉得 天廷 的 情形 并 不 比 人间 好 多少 
只要 不 下 到 黑暗 的 地狱  就 心满意足 了 
可是 嫦娥 并 不 像 羿 想 的 那样 简单 
有 了 不 死 药 后 她 的 心情 开朗 了 许多  和 丈夫 的 关系 有 了 很 大 改善 
可是 内心 深处 却 很 不 平静 
羿 说 的 " 不 死 药 俩 人 吃 了 可以 长生不老  一 人 吃 了 可以 成 仙 升天 " 的 话语  常 在 她 耳际 萦绕 
每当 羿 出去 打猎  她 一 人 在 家 时  就 把 不 死 药 拿 出来  瞅 着 药  思索 开  " 唉  我 要 是 一 人 把 这 药 吃 了  就 可 重返 天廷 做 神仙 
可是 羿 咋 办 呢 
恩爱 多年 的 夫妻  怎 能 丢 下 他 一 人 在 凡间  "
她 长 长叹 一 口 气  把 药 收 了 起来 
可是 " 一 人 吃 了 可以 成 仙 " 的 念头 却 总 像 毒蛇 一般 时时 在 心中 盘旋 
这 一 天  努 兴冲冲 地 对 嫦娥 说  " 明天 是 个 好日子  你 准 胬 一下  明天 我们 就 把 药 分 吃 刑 巴  "
嫦娥 答应 
晚上 
羿 有事 出门 去 嫦娥 一 人 在 房  她 拿 出 了 药  脑子 里 展开 子 激烈 的 斗争  " 明天 就 要 分 吃 ．
虽然 可以 长生不老  可是 回天廷 的 希望 也 就 永远 消失 " 她 坐 在 窗 前  手 托 下巴 望 着 窗外  一 轮 明月 悬 在 幽暗 的 天际 ．
远  近 树  村庄 沐浴 在 银白色 的 月光 中 
她 想起 在 天宫 中 的 美好 岁月  琼 楼 玉 字  金银树  奇 花香 草  异兽 珍禽  美味 佳肴  轻 罗 软 衫  姐妹 相约  或 花园 玩赏  或 天河 嬉 游 想 到 此  她 恨不得 立即 飞 阐 天廷 
而 要 飞 回 天 ．
二 只有 把 弭 那 份 药 也 吃 了 才 行 
但 那样 岂 不 是 太 自私 子 
可 又 有 什么 办法 呢 ．
仙 药 只 有 一一 粒 呀 
是 羿 连累 自 已 成 凡人  他 应该 还 他 一个 神仙 才 对  何况 他 划 咱 已 还 有 过 不 忠 行为 
是 羿 辜负 自 已  她 嫦娥 没有 什么 对不起 他 的 
就 是 吃 了 羿 的 那 一一 份 药 也 不 为 过  羿 愿意 就 让 他 一 人 在 人 问 做 凡人 好  她 可 还是 要 返回 天廷 的 
想 到 此  嫦娥 便 不再 犹豫 
她 起身 倒 子 一 杯 水  把 药 拿 在 手中  一 抑 脖子 把 药 吞 下去 
药 一一 下 肚  嫦娥 顿觉 身 轻轻 飘 起来  双 脚 不由自主 地 离开 地面  向 窗外 飞 去 
嫦娥 越 飞越 高  离 自己 的 家 愈来愈 远  蒋 回头 看 时  自己 所 熟悉 的 家 已 成 了 一个 小 黑 点子  她 心 禁不住 一一 阵 悲哀  挂念 起 相 守 多年 的 丈夫 羿 来 
可是 已 晚  轻风 托 着 她 不断 地 上升  很 快 到 了 南天门 前 
她 本 可 一 脚 跨 进 南天门  就 能 过 和 过去 一一 样 的 神仙 生活 
可是 她 能 跨 进 去 吧 
当年 她 是 和 羿 一同 被 贬 下凡 问 的  如今 自己 一 人 回来  把 羿 孤 孤单单 撇 在 界  众 神 会 怎么 看 呢 
他们 一一 定 会 嘲笑 她  瞧不起 她  说 她 太 自私  那 是 她 所 受 不 子 的 
想 到 这里  嫦娥 转 回身  向 那 更 大 更 圆 的 月亮 飞 去 
嫦娥 飞 到 了 月宫  举目 一 望  大失所望 
月亮 竟 是 如此 地 清冷  除了 一 只 玉兔  一 只 蟾蜍 和 一 棵 桂 树 外  什么 也 没有 
从此以后  自己 就 得 一个 人 在 这 寂寞 冷清 的 世界 里 住 下去 了 
嫦娥 后悔 起来  早 知 这样 冷冷清清 在 月宫 里 做 神仙  还 不如 和 羿 恩恩爱爱 在 下面 做 凡人 好 
她 无力 地 倚 程 桂花 树 旁  晶莹 的 泪珠 顺着 两 颊 滚 落 下来 
直到 许多 年 后  一个 仙人 吴刚 因 犯 了 过错  被 贬 到 月宫 中 砍 桂花 树 
那桂树 随 砍 随 合  吴刚 不 停 地 砍  桂 树 不 停 地 合 
吴刚 的 到来 和 " 砰 
砰  "
的 砍 树 声 给 月宫 增添 了 一些 生气  多少 减轻 了 一点 嫦娥 的 寂寞 
再说 那天 晚上  羿 办 完 事 回到 家 后  不见 了 妻子 
他 急忙 大声 呼喊  四处 寻找  最后 发现 存 仙 药 的 空 盒子 放 在 桌上  旁边 还有 喝 剩下 来 的 半 杯 水 
羿 明白 是 嫦娥 一 人 吃 仙 药 成 仙 升天 去 了 
他 奔 出门 外  举 头 向 天上 望去  除了 一 轮 明亮 的 圆 月 和 一些 闪闪 发光 的 星星 外  哪里 还有 嫦娥 的 影子 
羿 禁不住 失声 痛哭 起来 
失去 了 嫦娥  罗 孳 难过 极了 
他 的 心绪 越来越 坏  常常 喝 得 烂 醉  随意 打骂 家人 
家 人 由 开始 同情 他 到 渐渐 厌恶 他  有的 受不了 气  索性 离开 了 羿 
羿 先是 让 逢 蒙 练 眼睛  要 他 躺 在 织布机 下  瞪 着 眼睛  一 眨 不 眨 地 看 着 飞快 往返 的 织梭 
直 练 到 拿 着 锥子 对 着 他 的 眼睛 
连 眼皮 眨 都 不 眨 一下  算是 完成  第一 阶段 学业 
羿 教 逢 蒙 脚步 如何 站  身子 如何 侧  左手 如何 端 弓  右手 如何 拉 弦  眼睛 如何 瞄准  箭 如何 发出 一一 个 耐  已  教  一个 用心 学 很快  逢 蒙 掌握 射箭 本领  不久  就 能 像 羿 样 射 得 箭 箭 不 落空  人们 再 提到 射箭 能 手肘  往往 把 逢 蒙 和 羿 连 在 一起  都 说  " 当今 善 射 者  羿  逢 蒙 也  "