” “ 我 想 …
…
” 突然 ， 看 尸 人 想起 了 什么 ， 他 盯住 张清兆 的 眼睛 ， 问 ： “ 那个 乘客 花 了 多少 钱 ？
” “ 二十一 块 。
” 看 尸 人 似乎 吃 了 一 惊 ： “ 他 给 你 的 是 一百 块 ， 你 给 他 找 了 七十九 块 ， 是 吗 ？
” “ 你 怎么 知道 ？
” 看 尸 人 呆 呆 地 想 了 想 ， 然后 说 ： “ 你 跟 我 来 ！
” 他 站 起来 ， 掏 出 钥匙 打开 停 尸 房 里 间 那 扇 铁门 ， 走 进去 。
张清兆 站 在 那里 没有 动 ， 他 突然 有点 不 敢 进 了 。
看 尸 人 走 着 走 着 ， 感觉 到 他 没有 跟 上来 ， 就 停 住 了 脚步 ， 回过 头 看 了 他 一 眼 ， 说 ： “ 你 进来 呀 ！
” 张 清 兆 低 低 地 说 ： “ 师傅 ， 我 有点 怕 …
…
” 看 尸 人 突然 笑 了 ， 说 ： “ 你 要 是 不 想 看 就 算 了 。
” 张清兆 显然 不 甘心 放弃 ， 他 左右 打量 着 看 尸 人 的 两 只 眼睛 ， 问道 ： “ 你 到 底 让 我 看 什么 ？
” 看 尸 人 说 ： “ 你 进来 看看 不 就 知道 了 吗 ！
” 张 清 兆 咬咬 牙 ， 慢慢 走 了 进去 。
当 他 的 脚 跨 进 停 尸 房 里 间 的 铁门 时 ， 打 了 个 寒噤 ， “ 这 里面 怎么 这么 冷 ？
” “ 放 冷气 了 。
咱们 这个 火葬场 没有 尸体 冷藏 柜 ， 有 隔日 大 殓 的 尸体 ， 就 放 在 这儿 。
” 张清兆 看到 ， 这个 停 尸 房 中间 ， 有 一 条 长长的 过道 ， 两边 是 停放 尸体 的 简易 隔 档 ， 大约 有 三十 个 。
隔 档 里 是 冰冷 的 铁 架子 床 。
这个 房子 太 空旷 了 ， 太 寂静 了 ， 只 有 看 尸 人 的 皮鞋 声 ： “ 咔 ， 咔 ， 咔 ， 咔 …
…
” 外面 是 阴天 ， 窗子 又 小 ， 里面 的 光线 很 暗淡 。
张清兆 好像 走 进 了 某种 不 流动 的 时间 里 。
他 朝 两旁 看 去 ， 多数 的 隔 档 都 是 空 的 ， 他 只 看到 两三 个 尸 床 上 蒙 着 白布 ， 露出 死尸 的 脚丫子 。
他 发现 ， 那些 脚丫子 都 显得 比 正常 人 的 脚 大 许多 。
他 把 头 转 过 来 ， 看 了 看 前面 看 尸 人 的 脚 。
他 的 脚 好像 也 比 正常 人 的 脚 大 许多 。
同时 ， 张清兆 还 发现 了 另外 一个 问题 —— 这个 人 好像 越 走 越 慢 了 。
张清兆 感到 更 冷 了 ， 他 也 慢 了 下来 。
他 忽然 有 了 一 种 预感 —— 这个 穿 雨衣 的 人 接 下来 就 会 走 进 一个 隔 档 ， 慢慢 躺 在 一 张 高高的 尸 床 上 ， 用 蒙 尸 布 盖 上 自己 …
…
张 清 兆 停 住 了 。
他 猛地 转头 看 了 看 。
那 扇 铁门 ， 那 惟一 的 出口 ， 已经 离 他 很 远 了 ， 而且 不 知道 什么 时候 关上 了 。
看 尸 人 回过 头 来 ， 说 ： “ 你 怎么 不 走 了 ？
” 在 这个 阴森 的 停 尸 房 里 ， 张清兆 感到 这个 看 尸 人 的 声音 更 嘶哑 了 。
他 直 直 地 盯 着 他 的 双 眼 ， 突然 说 ： “ 你 为什么 不 脱 掉 雨衣 ？
” 看 尸 人 说 ： “ 你 不 是 也 没 脱 吗 ？
” 张清兆 这 才 意识 到 自己 也 穿 着 雨衣 。
在 对方 的 注视 下 ， 他 又 朝 前 迈步 了 。
看 尸 人 也 转 过 身 ， 继续 走 。
他 果然 走 进 了 一个 隔 档 。
那 里面 躺 着 一 具 死尸 ， 脸 蒙 着 ， 只 露出 两 只 棕色 的 尖头 皮鞋 ， 长长的 。
那 无疑 是 一 双 新 鞋 ， 鞋底 干干净净 ， 没有 一点 尘土 。
看 尸 人 转 过 身 ， 朝 张清兆 招 了 招手 。
张 清 兆 远远地 站 着 ， 双 腿 好像 灌 了 铅 。
看 尸 人 说 ： “ 你 到 跟前 来 。
” 他 吃力 地 朝 前 移 了 两 步 。
看 尸 人 不再 勉强 他 ， 慢慢 掀开 了 那 具 死尸 腰 间 的 白布 。
一 只 苍白 的 手 露 了 出来 。
它 的 血 不 流 了 ， 神经 不 通 了 ， 像 一 截 僵直 的 木头 。
张清兆 看 着 这 只 手 ， 头皮 一下 就 炸 了 —— 它 紧紧 捏 着 几 张 钞票 。
张清兆 仔细 查看 这 几 张 钱 ， 惊 怵 到 了 极点 —— 这些 钱 正是 他 昨夜 找 给 那个 乘客 的 钱 ， 其中 还有 那 张 十 元 的 伪钞 ！
他 的 眼睛 离开 了 死尸 的 手 ， 慢慢 朝 上 移 ， 最后 死死 盯住 了 死尸 脸上 的 白布 …
…
千真万确 ， 就是 这 具 死尸 ， 昨夜 坐 了 他 的 车 ！
他 始终 戴 着 宽大 的 雨衣 帽子 ， 没有 说 一 句 话 。
张清兆 一直 没有 看到 他 的 脸 。
现在 ， 这 张 脸 蒙 在 白布 下面 ， 张清兆 仍然 看 不 见 。
他 紧张 地 对 看 尸 人 使 了 个 眼色 ， 示意 他 赶快 离开 ， 然后 ， 踉踉跄跄 地 退出 隔 档 ， 跑 到 了 外 间 。
看 尸 人 跟 着 他 走 出来 ， 返 身 把 铁门 关 好 ， 锁 上 。
外面 响起 了 雷声 ， 天 更 黑 了 ， 雨 更 大 了 。
张 清 兆 惊惶 地 问 ： “ 这 具 尸体 是 什么 时候 送 进 来 的 ？
” “ 昨天 下午 。
” “ 你 是 什么 时候 发现 他 手里 这些 钱 的 ？
” “ 今天 早上 。
我 数 过 了 ， 是 七十九 块 。
我 还 抽 了 几 下 ， 竟然 抽 不 出来 ， 就 像 夹 在 老虎钳 里 一样 。
我 一直 很 纳闷 ， 因为 昨天 晚上 我 离开 时 还 检查 了 一 遍 尸体 ， 并 没有 发现 这些 钱 。
” “ 这个 停 尸 房 还有 人 能 进来 吗 ？
” “ 只有 我 一个 人 有 钥匙 。
” 张清兆 不 说话 了 ， 他 盯 上 了 看 尸 人 的 雨衣 。
看 尸 人 低头 看 了 看 ， 不解 地 问 ： “ 怎么 了 ？
” 刚才 ， 张清兆 清楚 地 看到 了 那 具 死尸 的 袖子 ， 他 身上 穿 的 不 是 雨衣 ， 而是 一 件 深蓝色 哔叽 上衣 。
