相对 于 中国 女性  欧 美 女性 的 身材 往往 显得 更 火暴  尤其 是 乳房 的 丰满 程度 
这 也许 都 可以 归结 于 种族 的 差异  这 不  连 乳腺癌 这样 的 疾病  也 颇 具 种族 特色 ——  中国 特色   绝 经 前 发病 占 多  不 重视 内分泌 治疗 我国 女性 乳腺癌 发病 年龄 偏 低  从 30 岁 开始 便 有 零星 发病  高峰 年龄段 为 45 ~ 55 岁  比 西方 女性 一般 要 早 10 ~ 15年  诊断 时 大约 有 55% 病人 处于 绝 经 前 或 围 绝经期 
而 欧 美 国家 70% 病人 都 在 绝 经 后 发病  中老年 妇女 占 多数 
出现 这种  中国 特色   考虑 与 种族 因素 有关 
治疗 上  国外 医生 都 非常 注重 内分泌 治疗 
在 美国  乳腺癌 抗肿瘤药物 费用 中  内分泌 药物 费用 要 占 到 一半 以上 
在 我国  内分泌 药物 费用 只 占 4％ 
而 癌症 发病 情况 与 我国 相似 的 日本  其 内分泌 治疗 费用 也 占 到 20% ~ 30%  是 我国 的 5 ~ 6 倍  相差 甚 远 
 这 主要 还 是 传统 治疗 观念 在 作怪 
许多 病人  甚至 有些 医生  都 相当 质疑 内分泌 治疗 的 效果  认为 只有 输液 挂 瓶子  伴 有 严重 不良 反应 的 化疗 才 算是 正式 的 治疗 
而 用 几 颗 没有 不良 反应 的 内分泌 药片 治疗  太 简单  太 轻松  反而 不 相信 它 的 疗效 
 苏逢锡 教授 解释 说 
 临床 工作 中  我们 也 常 碰到 很多 乳腺癌 病人  有的 用 药 吃 吃 停停  断断续续 不 能 坚持  有的 嫌 内分泌 治疗 时间 5年 太 长  开始 2 ~ 3年 非常 重视  后面 几 年 觉得 没 有 问题 了  就 擅自 停 药  更有甚者  一方面 嫌 某些 内分泌 治疗 药物 昂贵  另一方面 却 花 更 多 的 钱 购买 疗效 不 肯定 的 抗癌 保健品  最后 出现 复发  转移  白白 耽误 了 病情 
 苏逢锡 教授 深有感触 
应 对 策略  遵循 三 项 基本 原则  争取 长期 无 病 生存 针对 发病 年龄 早  多数 病人 处于 绝 经 前 或 围 绝经期 这种 具有  中国 特色  的 乳腺癌 发病 情况  苏逢锡 教授 为 广大 病人 总结 出 了 治疗 时 需要 遵循 的 三 项 基本 原则  原则 一 内分泌 治疗 坚持 5年 研究 发现  乳腺癌 细胞 的 生长 与 雌激素 的 不断 刺激 有 很 大 关系  它 能 促进 肿瘤 的 生长 和 扩散 
因此  降低 或 阻断 雌激素 对 肿瘤 的 作用  就 能 有效 消退 肿瘤 并 减少 转移 和 复发 
而 内分泌 治疗  就 是 针对 激素 敏感 型 的 乳腺癌 病人  通过 降低 病人 体内 雌激素 水平 或 阻止 雌激素 刺激 肿瘤 细胞  来 预防 肿瘤 复发 的 一 种 药物 治疗 手段 
 这种 激素 治疗 敏感 型 乳腺癌 发展 相对 比较 和 缓  在 某种 程度 上 是 一 种 ‘ 惰性 乳腺癌 ’  但 在 术 后 2 ~ 3年 和 5年  会 经历 两 个 复发 高峰期  因此 术 后 坚持 5年 或 更 长时间 的 内分泌 治疗  能 有效 抑制 身体 里 的 激素 对 肿瘤 的 作用  减少 肿瘤 的 复发 率  显 著 提升 病人 生存期  甚至 达到 治愈 
 苏逢锡 教授 介绍 道 
迄今 认为  乳腺癌 术 后 最佳 内分泌 治疗 期 为 5年  可 使 复发 率 和 死亡率 分别 减少 50％ 和 26％  使 对 侧 乳腺癌 的 发生率 降低 47%  而 仅 接受 2年 内分泌 治疗 的 病人  其 肿瘤 复发 的 风险 仅 下降 28％ 
原则 二 合理 换药 内分泌 治疗 贵 在 坚持  但 在 治疗 过程 中  方 案 并非 一成不变  而是 需要 根据 女性 绝 经 前后 体内 雌激素 产生 的 不同 来源  及时 合理 地 更换 治疗 方 案 
绝 经 前 女性 体内 绝大多数 雌激素 来自 卵巢  它 也 是 女性  女人 味  的 主要 来源 
而 对于 绝 经 后 的 女性 来说  卵巢 不再 产生 雌激素  身体 通过 一 种 叫 芳 香化 酶 的 物质 作用 于 其他 激素 来 生成 雌激素 
目前  内分泌 治疗 药物 主要 有 他 莫西芬 和 芳 香化 酶 抑 制剂 两 大 类 
 如果 病人 刚 开始 接受 内分泌 治疗 时 还 未 绝 经  可以 选择 使用 他 莫西芬 进行 治疗 
它 的 作用 在于 阻断 雌激素 到达 肿瘤 细胞  减少 雌激素 对 肿瘤 细胞 的 刺激 
 苏逢锡 教授 解释 说 
而 在 治疗 过程 中  病人 一旦 停 经  卵巢 便 不再 产生 雌激素  体内 雌激素 的 来源 变 得 单一 可 控  这时 就 可以 换 用 像 阿诺 新 （ 依西美坦 ） 这 类 具有 更 高选择性 和 耐受性 的 芳香 化 酶 抑 制剂 
它 的 作用 在于 通过 阻断 芳 香化 酶 而 减少 雌激素 的 生成  从 根本 上 切断 雌激素 的 生成 来源 
因此  这 类 药 在 阻止 肿瘤 进展 和 缓解 方面 疗效 很 好  是 乳腺癌 内分泌 治疗 药物 发展 的 趋势 
 我国 有 超过 半数 的 乳腺癌 病人 在 确诊 时尚 处于 绝 经 前 或 围 绝经期  这 类 病人 势必 会 在 治疗 过程 中 绝 经 
绝 经 前 这 类 病人 会 采用 他 莫西芬 治疗  绝 经 后 换成 芳 香化 酶 抑 制剂 将 给 病人 带来 更 多 益处 
