中国 有 多少 烟民 
答 案 是  3 5亿—— 占 了 全球 吸烟 人口 的 1 / 3 
每年  世界 上 因 吸烟 而 死亡 的 人数 达 540 万  中国 为 100 万 ~ 120 万 
中国 主要 死亡 疾病 前 三 位 —— 心脑血管 疾病  恶性肿瘤 和 呼吸系统 疾病  都 与 吸烟 有关 
世界 卫生 组织 明确 定义  吸烟 是 一 种 病 —— 慢性 成 瘾 性 疾病 
问题 是  它 还 具有  传染性  —— 每 两 个 人 中 就 有 一个 交叉感染  特别 是 妇女 和 儿童 
而且  他们 还 懵 然 不知 
 劝 人 戒烟  是 对 自己 负责 
 这  绝不 是 一 句 空话 

吸烟 危害  不 亚于 金融 危机 
 一个 烟民 一生 吸烟 的 烟蒂 差不多 可以 装满 一 口 棺材 
  吸烟 有害 健康 嘛  我 知道 
 被 问 到 对 吸烟 危害 的 认识 时  李民 （ 化名 ） 轻松 应 道 
开 了 11年 出租车 的 他  已 有 20年 烟 龄 
然而  当 笔者 问 到 吸烟 有 哪些 危害 时  他 却 犯难 了 
 牙齿 黄 

咳嗽 

肺 不好 

肺癌 

 他 结巴 地 答 
 还有 吗 
  不 知道 

应该 还有 吧 

 不 能 怪 李 民 无知  其实  像 他 这样 一知半解 的  大有人在 
毕竟  烟草 燃烧 产生 的 烟雾 中 含有 4000 多 种 化学物质 （ 其中 250 多 种 是 有毒  有害 物质  40 多 种 具有 致癌 性 ）  就 如 城市 老 旧 而 肮脏 的 下水道 里 的 毒物 一样 多 
而 吸烟 所 能 引起 的 疾病  十 个 手指 头 也 数 不 完  除了 最 常 听说 的 肺癌  肺气肿  慢性 支气管炎 等 呼吸系统 疾病 外  常见 的 还有 高血压  冠心病  脑 卒 中 （ 中风 ）  眼睛 黄斑 变性  不孕 不 育 等 
人体 几乎 所有 的 组织  器官 和 系统  都 可 受到 吸烟 的 危害 
中国 主要 死亡 疾病 前 三 位 （ 心脑血管 疾病  恶性肿瘤 和 呼吸系统 疾病 ）  都 与 吸烟 密切相关 
虽然 大家 都 谈 癌 色 变  但 对 吸烟 与 疾病 的 模 糊 认识  依然 让 许多 人 对  吸烟 有毒  将信将疑 
另外   大多数 烟民 意识 上 并 没 有 紧迫感   吴 平生 （ 南方 医院 心 内科 主任医师  教授  广东省 医学会 心血管 病 分会 副 主任委员 ） 说  从 学会 吸烟 至 最终 患病 死亡  时间 一般 也 有 几 十年  看 起来  的确 还 挺  漫长  的 
在 这个  漫长  的 过程 中  烟民 在 吸烟  进行 时   是 不 会 想到 吸烟 是 如何 危害 自己 和 他人 的 
 当 摁 掉 烟蒂 时 也许 会 想 起来  但 通常 又 会 安慰 自己  吸烟 的 危害 不 会 发生 在 自己 身上  下 一 次 又 拿 起 香烟 
 吴 平生 说道 
这样  不知不觉  一 个 月 十几 包 甚至 几 十 包 烟 吸 掉 了  一年 下来  十几 条 甚至 几 十 条 烟 吸 掉 了  一辈子 下来  会 怎样 呢 
有 人 作 了 这么 一个 计算  得出 的 结论 是  一个 中等 吸烟 量 （ 1天1 包 烟 ） 的 烟民  把 一生 （ 按 50年 烟 龄 计算 ） 所 吸 香烟 的 烟蒂 集中 起来   差不多 可以 装满 一 口 棺材   如果 把 他 所 吸 香烟 的 烟灰 囤积 起来  再 摁 实   差不多 可以 装满 一个 骨灰盒  
这种  吸烟 等于 慢性 自杀  的 隐喻  不 失 深刻 
也 有人 把 吸烟 的 危害 比 做  按揭  健康 和 生命 
而 在 胡 大 一 （ 北京大学 人民 医院 心血管 病 研究所 所长  心脏 中心 主任  中华 医学会 心血管 病 学分 会 主任委员  中国 医师 协会 心 内科 医师 分会 会长  欧 亚 科学 院 院士 ） 看来  这种 说法 还 不够 贴切 
 确切 地 说  不 是 按揭  而是 次 贷 危机 
 胡 大 一 说   由于 膨胀  无 节制  同时 不 考虑 不良 后果 地 按揭  致使 最终 无法 偿还 贷款  并 引起 多方面 的 连锁反应 
这样 的 次 贷 危机 乃至 金融 危机  和 吸烟 的 危害 简直 如出一辙 
 作为 著 名 的 心血管 病 专家 和 健康 教育 家  胡 大 一 教授 始终 不遗余力 地 劝导 大家 零 吸烟 
不久前  他 荣获  世界 华人 控 烟 突出 贡献 奖  
 我 不 是 专业 的 控 烟 人士  但 我 作为 一个 心血管 医生  对 吸烟 的 危害 有 太 多 的 了解 和 感触 
 胡 大 一 说  即使 每天 吸 1 ~ 5 支 烟  未来 患 心肌 梗 死 的 危险性 都会 剧增 四 成 
吸烟 量 越 大  危害 越 大 
二 手 烟 危害 更 大  谣言 还是 真知 
 许多 人 把 厕所 当成 吞云吐雾 的 圣地  结果 进去 的 人 都 分得 一 杯 羹 
 如果 出 一个 题目   吸烟 者 是 如何 谋害 他人 的 
 绝大部分 人 都 会 回答   二手 烟 
 但是  我们 真 的 了解 二 手 烟 吗 
