瑜 伽 包含 伸展  力量  耐力 和 强化 心 肺 功能 等 练习 
对于 女性  特别 是 职业 女性 来说  练习 瑜 伽 的确 有助于 缓解 工作 压力  调节 情绪  提高 机体 免疫 力 
不过  在 练习 瑜 伽 期间  女性 要 注意  三 期  —— 1 月经 期 —— 静 根据 中 医学 的 理论  女性 月经 期 时  气 血 处于 相对 亏 虚 的 状态  机体 可能 会 出现 如 体 倦  乏力 等 正气 不足 的 现象 
这个 时期  并 不 适合 做 较为 剧烈 的 运动  而 适宜 进行 相对 和缓 的 活动 
瑜 伽 包括 诸多 类别  有些 瑜 伽 以 动 为主  有些 则 以 静为宜 
当 女性 处于 月经 期 时  应 尽量 调整 自己 的 练习 方式  选择 相对 较  安静  的 瑜 伽  或者 把 自己 每个 教程 之间 的 间隔 时间段 安排 在 月经 期  这样 既 可以 不 破坏 瑜 伽 锻炼 的 连续性  又 不 会 对 人体 造成 损伤 
2 妊娠期 —— 柔 在 妊娠 过程  女性 可以 应 用 不同 的 相对 柔和 的 瑜 伽 运动 形式  不宜 进行 过 多 或 较 强 的 腹部 和 腰部 运动 
在 这个 阶段  孕妇 需要 明确  练习 瑜 伽 的 目的 是 增强 体力 和 肌肉 张力  增强 身体 的 平衡 感  提高 整个 肌肉组织 的 柔韧 度 和 灵活度  使 自己 的 身心 达到 相对 平和 的 状态  以 利于 胎儿 和 自身 的 健康 
值得 注意 的 一点 是  没有 流产 史  又 无 其他 疾病 的 准 妈妈  只要 觉得 准备 好 了  就 可以 进行 一些 轻柔 的 可 增强 身体 力量  提高 肌肉 柔韧性 和 张力 的 锻炼  而 有 习惯性 流产 史 的 孕妇  建议 最 好 在 征求 专业 医师 的 意见 后  再 考虑 进行 瑜 伽 的 练习 
3 更年期 —— 养 更年期 女性 有 以下 特点 月 经 不 调  乳房 下垂  外 阴 干燥  性欲 减退  潮 热 汗 出  心慌 心悸  精神 异常  腰 酸 背 痛 
这些 症状 与 人体 内 雌激素 的 分泌 有关 
按 中 医学 的 认识   月经 不 调  乳房 下垂  外 阴 干燥  性欲 减退  与 肾 气 亏 虚 有关   心悸  精神 异常  则 归属 于 心神 失 养 
因此  在 此 生理 阶段  应 偏 重  养 心安 神  类 的 瑜 伽 
同时  更年期 女性 常 兼 有 一些 慢性 疾患 
如 有 肠结核  胃溃疡  疝气 者  不宜 练习 眼镜蛇 式 的 瑜 伽  有 腰 膝 酸软 等 骨质 疏松 的 女性  应 尽量避免 练习 过度 伸展 用力 的 瑜 伽 姿势 
若 出现 崩 漏  经 期 延长  月经 过 多 等 症状  暂 不宜 练习 过 多 或 强度 过 大 的 瑜 伽  必要 时 中止 练习 
女性 练习 瑜 伽  应 量力而行  不可 逞强  动作 应 缓慢  动静 结合  不可 骤然 用力  不要 刻意 追求  标准   应 以 身体 舒适 为 度 
当 你 伸展 到 自己 能 承受 的 最 大限度 时  就 已 足够  要 避免 过度 运动 造成 的 伤害 
暖 身 动作 很 重要 在 开始 瑜 伽 锻炼 之前  先 步行 5分钟  或者 爬 楼梯  让 全身 充分 活动 开  以 起 到 暖 身 作用 
活动 过程 要 循序渐进  避免 身体 受到 惊吓 
练习 瑜 伽 的 时候  动作 宜 缓慢  充分 利用 丹田 进行 腹部 深呼吸  使 体内 供氧 量 充足  再 借 瑜 伽 各种 不同 的 姿势  伸展 身体 的 肌肉 与 韧带 
这 对 训练 筋骨 的 柔软 度 有 相当 好 的 效果 
尤其 是 伸展 脊 椎 的 动作  能 刺激 自律 神经  促进 新陈代谢  一 堂 课 下来  往往 就 气喘吁吁  汗流浃背 
练习 时 心情 尽量 放松  可 容许 身体 有 一点点 酸痛  但 不 要 过度 用力 或 勉强 做 动作 
时间 没有 特别 要求 有些 女性 练习 瑜 伽  过分 强调 练习 的 时间  如 强调 在 一 天 中 的 子 时  午时 或者 戊 时 进行 练习  搞 得 自己 非常 疲惫 
其实  练习 瑜 伽 任何 时间 （ 除 了 每 餐 之后 ） 都 可以 进行  最佳 时段 是 清晨 4 ～
6点  此时 大气 纯净  宁静  最 易 接纳 高级 瑜 伽 锻炼 
但 练习 瑜 伽  关键 是 要 遵循 自己 的 作息时间  以 身体 舒适 为 度  当然  如果 能够 遵照 固定 的 时间 练习 而 不 影响 休息 是 最 好 的 
练习 期间  只有 安神 定 志  排除 一切 杂念  全身心 放松 地 进入 瑜 伽 的 世界  才 能 达到 更 好 的 练习 效果 
练习 应 持之以恒  想 通过 练习 瑜 伽 一下子 达到 某种 功利性 目的  是 不 明智 的 做法 
适当 补充 新鲜 水果 对 任何人 来说  水果 都 是 有 营养 的 食物 
为 使 瑜 伽 练习 取得 良好效果  吃 新鲜 水果  补充 充分 的 维生素 C 及 纤维素 是 非常 重要 的 
女性 练 瑜 伽 期间  应 适当 增加 新鲜 水果 的 摄入  但 并非 必须 吃 那些 昂贵 的 水果  一般 常见 的 水果 同样 含有 丰富 的 营养  尽量 多 吃 不同 的 水果 
25 岁 左右 的 女孩子 聚 到 一 起 就 开始 抱怨   老 了  眼角 都 有 鱼尾纹 了  真是 岁月不饶人 啊 
