上期 文章 谈 到  历史 上 民 资 两 次 进入 银行业  均 以 失败 收场 
目前 第三 次 机遇 来临  民 资 又 将 面临 怎样 的 挑战 
第一  争夺 存款 市场 的 信誉 挑战 
目前  在 存款 市场 上 的 竞争 是 白热化 的 
第二  单一 银行 服务 功能 有限 的 挑战 
刚 发起 成立 银行 之 时  不 可能 有 分支 行  例如 村镇 银行 
但是  企业 需要 结算 
我 调研 过 很多 村镇 银行  普遍 缺乏 结算 功能  以至于 缺乏 竞争力 
第三  股权 和 真实 控制权 的 挑战 
由于 目前 缺少 尊重 财产权 的 文化  加之 很多 股东 并 不 懂得 如何 经营 银行  这 意味着 大 股东 未必 拥有 绝对 的 控制权 
第 四  人才 的 挑战 
众所周知  银行 人力 成本较高 
一个 新 成立 的 民营 银行 需要 雇佣 职业 经理 人 
从 股份制 银行 和 城 商行 挖 人  人力 成本 会 更 高 
上期 文章 谈 到 了 历史 上 的 教训 和 困难  现在 又 谈 到 了 新 的 挑战  只是 想 让 大家 清醒 地 认识 到  历史 是 什么样 的  我们 现在 面临 什么样 的 挑战 
民 资 进入 银行业  需要 政府 和 民 资 同时 做出 努力 
首先  政府 要 改变 监管 理念 
政府 公平 地 对待 各种 所有制 的 投资人  不要 有 歧视 
同时  政府 要 把 好 关  不 诚信 的 人  不 该 进 的 钱 不 能 放 进来 
一旦 符合 这些 条件  政府 应该 一视同仁 
其次  对于 民营 资本 来说  一定 要 端正 投资 理念 
如果 哪个 企业 集团 想 利用 设立 银行 和 办理 金融机构 的 机会  要 为 自己 集团 搭 建 一个 融资 平台  这个 集团 注定 会 失败 
就 像 德隆 系 一样  把 一 个 公共 的 服务机构 变成 为 自己 集团 谋 私利 的 机构  肯定 会 有 关连 交易  挪用 资金 各种 虚假 行为 
对于 金融业 来说  关联 交易 是 非常 忌讳 的 
刚才 提到 的 四 个 挑战  如果 仅 靠 自身 力量  很 难 克服 
如果 民营 资本 能够 走 存量 收购 兼并 之 路  则 能够 提升 发展 起点 
有人 说  为什么 百分百 民 资 的 泰 隆 商业 银行 做 得 那么 好  我 为什么 不 可以 
但是  这家 银行 是 从 城市 信用社 基础 上 发展 起来 的 
在 上 世纪 80年代  老百姓 对 城信 社  像 对 国有 银行 一样 的 信任 
城信 社 也 从未 倒闭 
泰隆 的 网点 和 信誉  均 有 历史 积累 
对于 民营 资本 来说  另 辟 蹊径  错位 竞争  可能 是 较 好 的 选择 
除了 银行  金融领域 仍 有 大量 空间 可以 投资  包括 租赁 公司  消费 金融公司 以及 诸多 的 金融 中介 服务  第三 方 理财 等 
我 个人 真正 看好 的  则 是 互联网 金融 
在 互联网 金融 的 基础 上 嫁接 重 组成 民营 银行  大 有 希望 
金融 的 本质 是 信用 货币 的 创造 和 资金 的 融通  后者 有 三 个 关键 要素  信息  渠道 和 价格 
当 信息 不 对称 时  就 出现 了 信息 的 中介  也 就 是 金融 的 中介 
金融 中介 的 产生 其实 就 是 解决 投资人 和 筹资 人 信息 不 对称 的 问题  搭 建 了 解决 信息 不 对称 的 平台  而且 设计 了 一些 金融产品  构筑 了 渠道  资金 从 盈余 方 流向 欠缺 方 
互联网 金融  是 指 利用 互联网 和 信息 技术 加工 传递 金融信息  办理 金融业务 
不管 是 原有 金融机构 办理  还是 互联网 公司 利用 这些 手段 办理  都 不 影响 事情 的 本质 
事情 的 本质 就 是 利用 互联网 和 信息 技术  解决 信息 问题  构建 渠道  完成 资金 融通 
但是  互联网 难以 解决 基本建设 和 制造业 等 大额 融资 主体 的 个性化 信息 不 对称 问题  因而 还 需要 有 专门 的 信用 中介 机构  比如 银行  券商  财富 管理公司 等 
目前  互联网 金融业务 主要 包括 四 部分  第一  基于 电 商 的 结算  比如 支付 宝  第二  基于 电 商 信息 的 小 微 贷款  比如 阿里 小额 信贷  第三  基于 支付 账户 的 简单 金融产品 销售  比如 余额 宝 
简单 的 货币 基金  可以 通过 网上 买卖  但 比较 复杂 的 基金 则 风险 较 大  第四  投融资 平台 
但 他们 做 的 都 是 小 额 的 个人 业务  且 是 金融 单向 业务  而 非银行 业务 
何谓 银行 
存款  贷款  结算 三者 结合 在 一起 才 是 银行 
小 额 信贷 公司  不 允许 吸收 存款  能够 放 贷款  但 没有 结算 功能 
P2P 和 众 筹 的 红 线  则 是 不 能 吸收 公众 存款 
因此  现在 的 互联网 金融企业 做 了 如 上 四 个 方面 的 金融业务  却 并 不 能 称之为 银行 
尽管如此  基于 第三 方 支付 上 的 互联网 金融服务  仍然 有望 成为 民 资 进入 银行业 的 新 通道 
现在 第三 方 支付 有 了 上亿 的 客户  是 其 优势 所在 
如果 它 有 了 银行 牌照  就 可以 去 吸收 存款  发放 贷款 
而 它 已经 建立 起 支付 结算 的 通道 
所以  在 这 一 起点 起步  会 比 新 成立 民营 银行 要 容易 一些 
