在 向 包括 国王 阿卜杜拉 
本 
阿卜杜勒 -阿齐兹 在内 的 沙特 政要 和 王室 成员 发出 公开信 3 个 月 后  沙特 亲王 阿瓦里德 于 7月 底 在 社交 媒体 推 特 上 公布 了 信件 的 内容 
从 4月 到 5月  阿瓦里德 先后 三 次 写信 呼吁 王室 和 政府 警惕 美国 页岩 气 革命 的 冲击  最 长 的 一 封 信 写 了 14 页  希望 沙特 改变 过于 依赖 石油 的 经济 增长 模式 
这 位 沙特 王室 里 的 亿 万 富翁 用 绿色 墨水 写道   沙特 的 收入 来源 应该 多样化  需要 尽快 确立 一个 清晰 的 蓝图 然后 加以 落实 
 沙特 石油 和 矿产 资源 部 官员 证实  该部 部长 阿里 
纳伊米 收到 了 阿瓦里德 的 来信 
但 迄今为止  王室 和 政府 并 没有 做出 回应 
4月 份 访 美 时  纳伊米 在 位于 华盛顿 的 一 家 美国 智 库 发表 演讲 时 称  沙特 欢迎 美国 增加 石油 产出  稳定 全球 石油 价格 
但 基于 沙特 四 成 的 国内 生产总值 以及 九 成 的 出口 收入 来源 于 石油 产业  美国 页岩 气 革命 所 引发 的 担忧 正 在 加剧  因为 全球 对 沙特 等 OPEC 国家 的 石油 依赖 正 逐渐 下降 
美国 能源部 7月 底 公布 的 数据 显示  美国 已 探明 的 页岩 气 储量 由 320亿 桶 增加 到 580亿 桶  而 在 其 调查 范围 内 的 42 个 国家 的 页岩 气 储量 为 3450亿 桶 
按照 全球 目前 每天 石油 需求量 为 9000 万 桶 计算  这 可以 满足 全世界 超过 10年 的 石油 需求 
阿瓦里德 所 担心 的 是  对于 全球 最 大 的 石油 出口 国 同时 也 是 石油 输出 国 组织 ( OPEC ) 主要 成员国 的 沙特 来说  当 世界 不再 像 过去 数十年 那 般 依赖 中东 的  黑色 黄金   沙特 还 能 靠 什么 吸引 世界 的 关注  并 保持 其 作为 中东 大国 的 显耀 地位 
页岩 气 革命 的 威胁  出于 对 国家 的 热爱   阿瓦里德 选用 绿色 墨水 来 写 公开信 
绿色  是 伊斯兰 世界 最 崇尚 的 颜色  亦 是 沙特 国旗 和 国徽 的 主 色 
现年 58 岁 的 阿瓦里德 亲王  是 国王 阿卜杜拉 的 侄子 
虽然 在 政治 上 没有 实权  但 他 却 是 沙特 乃至 整个 阿拉伯 世界 最 著 名 的 企业家  投资家 之一 
《 阿拉伯 商业 》 杂志 每年 评选 的 阿拉伯 富人 排行榜  阿瓦里德多次登 上 榜首  成为  中东 首富  
美国 《 时代 》 杂志 将 他 誉为 阿拉伯 世界 的  巴菲特  
阿瓦里德 的 投资 领域 十分 广泛  包括 IT 业  酒店业  传媒 业 和 房地产业 等  苹果 公司  摩托罗拉  迪斯尼 还有 很多 欧 美 和 中国 的 酒店  都 有 他 的 股份 
但 或许 是 因为 父亲 曾 因 倡导 政治 改革 遭 政府 驱逐 而 流亡 国外  阿瓦里德 一直 远离 政治  在 投资 上 也 远离 维系 着 国家 和 王室 命运 的 石油 
对于 很 少 卷入 王室 和 政府 纷争 的 阿瓦里德 来说  这 次 选择 在 推 特 上 将 自己 和 政府 的 分歧 公开化  是 他 不 希望 自己 的 呼吁  石沉大海   而 希望 有 更 多 的 沙特 人 来 关注 美国 页岩 革命 带来 的 冲击 和 威胁 
得益 于 高压 水力 压 裂 技术 和 水平 钻探 技术 在 美国 油气 开采业 的 推广  被 称为 非传统 油气田 的 页岩 油气田  一 改 过去 长时间 被 弃 之 一边 的 命运  如今 变 身 油气 宝库 
技术 革新 所 导致 的 页岩 气 变废为宝 的 这 一 进程  被 称为  页岩 气 革命  
 页岩 气 革命 并非 是 指 新 发现 了 油气田  而 主要 归功 于 开采 技术 的 进步 
 美国 能源 信息 署 ( EIA ) 石油 工程师 加里 
朗 在 接受 采访 时 说 
加里 
朗 详细 介绍 了 引发 页岩 气 革命 的 两 种 新 技术   高压 水力 压 裂 技术 可 改善 石油 储层 渗透 性  使得 这些 用 传统技术 难以 开采 的 石油 储层 能 真正 成为 随时 可取 用 的 石油 库存  而 水平 钻探 技术 则 使得 钻机 像 一 根 弯曲 的 吸管  可以 进行 直径 长 达 一 公里 的 水平 钻探  这 让 传统 的 立式 钻探 技术 难以 采掘 的 岩层 间 油气 成为 可 开采 的 资源 
 按照 加里 
朗 提供 的 EIA 稍 早 前 发布 的 数据  美国 目前 已 探明 的 页岩 气 仅次于 俄罗斯  居 世界 第二 位 
对于 一直 怀 揣 着  能源 独立  梦想 的 美国 来说  新 技术 为 梦想 插 上 了 翅膀 
来自 国际 能源 署 ( IEA ) 的 数据 显示  2012年 美国 从 OPEC 成员国 的 石油 进口量 降 至 自 1998年 以来 的 最低值  与 之 形成 鲜明 反差 的 是  美国 自身 的 原油 产量 日增 约 60 万 桶  每天 超过 600 万 桶  创下 15年 来 的 最高 水平 
国际 能源 署 还 预测  全球 对 欧佩克 原油 的 需求 未来 5年 间 将 显 著 下跌 
美国 借助于 页岩 气 革命 逐渐 走向 能源 独立 还 远 不 是 让 阿瓦里德 感到 担忧 的 全部 
2009年 中国 超越 美国 成为 沙特 最 大 的 石油 出口国  而 中国 页岩 气 储量 也 相当 丰富  仅次于 美国 和 俄罗斯 
现在  中国 已 尝试 在 页岩 油气 开采 上 和 美国 进行 技术 合作  尽管 这 才 刚刚 开始 
