历史 深刻 警醒 ， “ 落后 就要 挨打 ” 是 古老 中国 弱 则 被 辱 的 沉痛 教训 。
近代 以来 的 中国 无 约 不 损 、 无 战 不 败 ， 善良 的 中华民族 被 奴役 、 被 压迫 ， 中国 人民 饱受 侵略 和 欺凌 ， 根本 原因 在于 国家 的 落后 。
今日 中国 取得 举世瞩目 的 现代化 建设 成就 ， 中华民族 面貌 发生 了 历史性 变化 ， 中国 人民 找到 了 实现 民富国强 、 实现 民族 复兴 的 中国 特色 社会主义 道路 。
在 这 条 道路 上 ， 坚定不移 地 抓好 发展 这个 第一 要务 ， 集中 力量 把 中国 的 实力 搞 上去 ， 中华民族 必将 以 富强 、 民主 、 文明 、 和谐 的 崭新 面貌 屹立 于 世界 东方 。
80年 过去 ， 国耻 在 心 ， 重任在肩 ， 目标 在 前 ， 让 我们 高举 中国 特色 社会主义 伟大 旗帜 ， 共 襄 实现 中华民族 伟大 复兴 的 盛举 ！
26. 天宫 、 神 舟 顺利 对接 ， 神 舟 八 号 安全 返回 ， 标志 着 天宫 一 号 与 神 舟 八 号 交会 对接 任务 取得 圆满 成功 。
我们 向 参加 此次 飞行 任务 的 广大 科技 工作者 、 干部 职工 和 解放军 指战员 表示 热烈 的 祝贺 ， 向 支持 和 关心 我国 航天 事业 发展 的 全国 各族 人民 表示 衷心 的 感谢 ！
天宫 一 号 与 神 舟 八 号 交会 对接 任务 圆满 成功 ， 表明 我国 空间 交会 对接 技术 取得 重大 突破 ， 我国 空间 技术 发展 实现 重大 跨越 。
这 是 建设 创 新型 国家 的 标志性 成果 ， 是 中国 人民 在 攀登 世界 科技 高峰 征程 上 的 又 一 重大 胜利 ， 对于 增强 我国 经济 实力 、 科技 实力 和 民族 凝聚力 ， 鼓舞 全党 全国 各族 人民 努力 实现 “ 十二五 ” 时期 发展 目标 、 奋力 夺取 全面 建设 小康 社会 新 胜利 ， 具有 重大 而 深远 的 意义 。
这 是 党中央 、 国务院 、 中央军委 科学 决策 和 正确 领导 的 结果 ， 凝结 着 航天 战线 无数 科技 人员 、 干部 职工 、 部队 官兵 的 心血 和 智慧 ， 得到 了 全国 人民 的 大力 支持 。
几 代 航天 人 建立 的 不朽 功勋 ， 祖国 和 人民 不 会 忘记 ！
天宫 一 号 与 神 舟 八 号 交会 对接 任务 的 圆满 成功 ， 是 我国 载人 航天 事业 发展史 上 的 重要 里程碑 。
作为 载人 航天 工程 第二 步 发展 战略 的 关键 一 环 ， 空间 交会 对接 任务 的 技术 要求 高 、 新 技术 采用 多 、 验证 难度 大 ， 对 组织 实施 提出 了 更 高 标准 。
广大 航天 工作者 以 勇 攀 高峰 的 昂扬 斗志 、 严谨 细致 的 科学 作风 、 沉着 冷静 的 良好 心态 、 顾全大局 的 协作 精神 ， 成功 突破 目标 飞行器 研制 、 对接 机构 研制 、 火箭 零 窗口 发射 和 高 精度 入 轨 、 远 距离 导 引 控制 、 近 距离 自 主导 引 交会 、 组合 体 飞行 控制 、 航天器 分离 等 一 系列 关键 技术 ， 胜利 实现 了 “ 准确 进入 轨道 、 精确 交会 对接 、 稳定 组合 运行 、 安全 撤离 返回 ” 的 目标 ， 为 自主 建设 长期 有人 照料 的 空间站 奠定 了 基础 。
天宫 一 号 与 神 舟 八 号 交会 对接 任务 的 圆满 成功 ， 充分 显示 了 科学 发展观 在 创新 实践 中 的 巨大 威力 。
在 任务 的 实施 过程 中 ， 广大 航天 人 自觉 坚持 统筹兼顾 、 全面 协调 ， 把 各 参 研 参建 参 试 单位 之间 的 协同 配合 作为 任务 顺利 实施 的 重要 保证 ， 着力 确保 各 大 系统 、 各个 环节 运转 的 高效 有序 ； 自觉 坚持 人才 强 国 战略 ， 把 人才 培养 作为 任务 实施 的 重要 目标 ， 着力 增强 可 持续 发展 能力 。
天宫 一 号 与 神 舟 八 号 交会 对接 任务 的 实施 过程 充分 说明 ， 提高 自主 创新 能力 ， 建设 创 新型 国家 ， 是 国家 发展 战略 的 核心 和 提高 综合国力 的 关键 。
只有 加快 科技 进步 ， 培养 创新 人才 ， 才 能 促进 经济 社会 又 好 又 快 发展 ， 实现 现代化 建设 目标 ； 才 能 在 世界 高 科技 领域 占有 一席之地 ， 赢得 国际 社会 的 尊重 。
太空 探索 永无止境 ， 改革 发展 任重道远 。
让 我们 紧密 团结 在 以 胡锦涛 同志 为 总书记 的 党中央 周围 ， 高举 中国 特色 社会主义 伟大 旗帜 ， 以 邓小平理论 和 “ 三 个 代表 ” 重要 思想 为 指导 ， 深入 贯彻 落实 科学 发展观 ， 大力 弘扬 “ 两弹一星 ” 精神 和 载人 航天 精神 ， 戒骄戒躁 、 再接再厉 ， 团结 协作 、 创新 进取 ， 为 推动 我国 航天 事业 科学 发展 ， 为 实现 全面 建设 小康 社会 奋斗 目标 、 开创 中国 特色 社会主义 事业 新 局面 作出 新 的 更 大 贡献 ！
27. 在 迎春 花 开 的 季节 ， 我们 迎来 了 “ 三八 ” 国际 劳动 妇女节 。
我们 向 全国 各族 各界 妇女 致以 节日 的 祝贺 ！
“ 妇女 能 顶 半边天 ” 。
新 中国 成立 以来 特别 是 改革 开放 以来 ， 中国 妇女 运动 蓬勃 发展 ， 妇女 事业 不断 进步 ， 妇女 地位 不断 提高 。
广大 妇女 艰苦奋斗 ， 无私奉献 ， 为 促进 我国 的 经济 社会 发展 做出 了 重要 贡献 。
她们 自尊 自信 自立 自强 ， 展示 了 新 的 风貌 ， 做出 了 突出 业绩 ， 赢得 了 全 社会 的 尊重 和 赞誉 。
各级 妇联 组织 围绕 中心 ， 服务 大局 ， 切实 维护 妇女 儿童 合法 权益 ， 团结 广大 妇女 投身 改革 和 建设 实践 。
亿万 妇女 满怀信心 地 朝着 全面 建设 小康 社会 的 宏伟 目标 阔步 前进 。
中国 妇女 运动 的 伟大 实践 告诉 我们 ， 妇女 的 命运 始终 与 国家 和 民族 的 命运 联系 在 一起 ， 妇女 事业 始终 与 国家 的 发展 和 进步 联系 在 一起 。
全面 建设 小康 社会 ， 是 全党 全国 人民 的 奋斗 目标 ， 也 是 时代 赋予 中国 妇女 的 光荣 使命 。
广大 妇女 要 紧跟 时代 步伐 ， 肩负 自己 的 责任 ， 为 全面 建设 小康 社会 不懈 奋斗 。
构建 社会主义 和谐 社会 ， 是 我们 党 从 全面 建设 小康 社会 、 开创 中国 特色 社会主义 事业 新 局面 的 全局 出发 提出 的 一 项 重大 任务 ， 适应 了 我国 改革 发展 进入 关键 时期 的 客观 要求 ， 体现 了 包括 妇女 在内 的 广大 人民 群众 的 根本 利益 和 共同 愿望 。
社会主义 和谐 社会 ， 是 民主 法治 、 公平 正义 、 诚信 友爱 、 充满 活力 、 安定 有序 、 人 与 自然 和谐 相处 的 社会 。
实现 男女平等 ， 是 构建 社会主义 和谐 社会 的 必然 要求 ； 构建 社会主义 和谐 社会 ， 也 为 广大 妇女 施展 才干 提供 了 广阔 舞台 。
妇女 是 构建 社会主义 和谐 社会 的 一 支 重要 力量 。
我们 要 充分 发挥 广大 妇女 在 构建 社会主义 和谐 社会 中 的 独特 作用 ， 也 要 在 妇女 参政 、 就业 、 受 教育 等 方面 创造 更加 良好 的 环境 ， 共同 把 我们 的 社会 建设 得 更加 和谐 更加 美好 。
