在 前进 的 道路 上 ， 大力 弘扬 伟大 抗震救灾 精神 ， 自强不息 、 不断 进取 ， 我们 就 必定 能够 不断 战胜 一切 艰难险阻 ， 创造 出 无愧于 时代 的 辉煌 业绩 。
大力 弘扬 伟大 抗震救灾 精神 ， 就是 要 把 以 人 为 本 、 尊重 科学 的 时代 理念 转化 为 关爱 生命 、 崇尚 理性 的 实际 行动 。
在 抗震救灾 的 全 过程 中 ， “ 人 的 生命 高于 一切 、 重 于 一切 、 大 于 一切 ” 成为 共同 信念 ， 最 大 程度 搜 救 了 被 困 群众 ， 最 快 速度 救治 了 受伤 人员 ， 最 大 力度 安置 了 受灾 群众 。
党中央 科学 指挥 ， 广大 军民 和 各 专业 救援 队伍 坚持 科学 救援 ， 充分 发挥 了 科技 在 抗震救灾 中 的 重要 作用 。
在 治国理政 的 实践 中 ， 大力 弘扬 伟大 抗震救灾 精神 ， 坚持 一切 为了 人民 ， 一切 依靠 人民 ， 全心全意 为 人民 服务 ， 我们 必将 进一步 实现 人 的 全面 发展 ， 让 人民 生活 得 更加 幸福 、 更 有 尊严 。
前不久 ， 甘肃 舟 曲 发生 特大 山洪 泥石流 灾害 。
在 党中央 、 国务院 的 坚强 领导 下 ， 军民 团结一心 ， 顽强 拼搏 ， 与 自然灾害 进行 了 艰苦卓绝 的 斗争 。
我们 深信 ， 玉树 抗震救灾 斗争 的 重大 胜利 ， 必将 激励 各族 干部 群众 经受 各种 考验 ， 战胜 人世 遭遇 的 各种 灾害 。
大力 弘扬 伟大 的 抗震救灾 精神 ， 我们 一定 能够 夺取 全面 建设 小康 社会 新 胜利 ， 不断 开创 中华民族 发展 壮大 的 历史 伟业 。
11. 今天 是 中国 人民 抗日战争 胜利 和 世界 反 法西斯 战争 胜利 65 周年 纪念日 。
这 一 天 ， 是 人类 正义 战胜 邪恶 、 光明 战胜 黑暗 、 进步 战胜 反动 的 纪念日 ， 也 是 值得 中华民族 永远 铭记 的 纪念日 。
发生 在 20 世纪 三四十 年代 的 中国 人民 抗日战争 和 世界 反 法西斯 战争 ， 是 世界 爱好 和平 与 正义 的 国家 和 人民 同 人类 文明 的 凶残 敌人 法西斯 进行 的 一 场 殊死 搏斗 ， 中国 人民 抗日战争 是 世界 反 法西斯 战争 的 重要 组成部分 ， 是 世界 反 法西斯 战争 的 东方 主战场 ； 65年 前 那场 决定 世界 命运 前途 的 伟大 胜利 ， 是 中华民族 自立 于 世界 民族之林 、 走向 伟大 复兴 的 重要 转折点 。
正是 在 抗日战争 胜利 的 基础 上 ， 中国共产党 领导 中国 人民 取得 了 新民主主义革命 的 胜利 ， 建立 了 中华人民共和国 ， 实现 了 中国 历史 上 最 伟大 、 最 深刻 的 社会 变革 。
今天 ， 我们 纪念 这 场 伟大 的 胜利 ， 就是 要 永远 铭记 惨遭 日本 侵略者 杀戮 的 无辜 死难 同胞 ； 永远 铭记 在 抗日战争 中 英勇 战斗 、 为国捐躯 的 烈士 ； 永远 铭记 参加 抗日战争 的 老 战士 、 爱国人士 、 抗日 将领 ； 永远 铭记 为 抗战 胜利 建立 了 功勋 的 海内外 中华 儿女 ； 永远 铭记 支援 和 帮助 了 中国 抗战 的 外国 政府 和 国际 友人 。
铭记 这 段 历史 ， 是 因为 它 的 悲壮 惨烈 与 不屈 抗争 应该 成为 民族 的 集体 记忆 ， 更 是 希望 从中 汲取 智慧 启迪 ， 获得 开创 未来 的 现实 力量 。
中国 人民 抗日战争 的 胜利 ， 充分 证明 了 中国共产党 是 救亡图存 、 实现 民族 解放 的 核心 力量 。
１９３１年 的 “ 九一八 事变 ” 和 １９３７年 的 “ 七七事变 ” ， 把 中华民族 推 到 了 亡国 灭种 的 边缘 。
在 民族 存亡 的 生死 关头 ， 中国共产党 吹 响 了 抗击 外敌 的 第一 声 号角 。
在 那 场 威武 雄壮 的 战争 中 ， 中国共产党 以 自己 的 坚定 意志 和 模范 行动 ， 在 全 民族 抗战 中 发挥 了 中流砥柱 的 作用 。
中国 人民 之所以 创造 了 弱国 战胜 强国 的 伟大 奇迹 ， 最 根本 的 原因 ， 是 中国共产党 代表 全 中国 人民 的 意志 ， 领导 和 推动 了 伟大 的 抗日战争 ， 以 自己 最 富于 牺牲 精神 的 爱国主义 、 不怕 流血 牺牲 的 模范 行动 ， 支撑 起 全民族 救亡图存 的 希望 ， 成为 夺取 抗战 胜利 的 民族 先锋 。
中国 人民 抗日战争 的 胜利 ， 集中 显示 了 爱国主义 和 民族 团结 的 蓬勃 伟力 。
抗日战争 是 一 场 关系 中华民族 生死存亡 的 民族 解放战争 。
在 中国共产党 倡导 建立 的 抗日 民族 统一战线 的 旗帜 下 ， 以 国共 合作 为 基础 ， 一切 不 愿 做 奴隶 的 中华 儿女 毅然 奋起 ， 同 日本 侵略者 进行 了 气壮山河 的 斗争 。
全体 中华 儿女 ， 同 仇敌 忾 ， 共 赴 国难 。
正是 基于 全国 人民 的 团结 奋斗 ， 抗日战争 才 成为 近代 以来 中国 反对 外敌 入侵 第一 次 取得 完全 胜利 的 民族 解放战争 。
抗日战争 烽火 的 洗礼 ， 使 中华民族 焕发 出 旺盛 生命力 、 巨大 凝聚力 和 卓越 创造力 ； 抗日战争 烽火 的 洗礼 ， 更 昭示 一个 团结 起来 的 中华民族 ， 是 任何 列强 都 不 能 征服 的 ， 是 任何 困难 都 难 不 倒 的 。
中国 人民 抗日战争 的 胜利 ， 深刻 揭示 了 自强 是 一个 国家 自立 的 根本 保证 。
战争 是 实力 的 较量 ， 国 与 国 之间 的 战争 ， 更 是 综合国力 的 较量 。
当年 ， 孙中山 先生 痛感 中国 积 贫 积弱 、 任人宰割 的 悲惨 状况 ， 喊 出 了 振兴中华 的 口号 。
日本 军国主义 敢于 悍然 发动 侵华 战争 ， 就是 因为 当时 的 中国 处于 分裂 、 战乱 状态 ， 政治 腐败 ， 经济 落后 。
近代 中国 百年 屈辱 的 教训 和 新 中国 ６０年 建设 发展 的 经验 从 正反 两 个 方面 充分 说明 ， 强大 国力 是 一个 国家 免 受 外来 侵略 和 压迫 ， 并 自立 于 世界 民族之林 的 根本 保证 ， 发展 则 是 实现 国家 强大 、 民族 复兴 的 根本 途径 。
牢记 历史 ， 不 忘 过去 ， 珍爱 和平 ， 开创 未来 。
65年 过去 ， 那 场 战火 遍及 80 多 个 国家 和 地区 、 将 20亿 人口 卷入 其中 的 残酷 战争 ， 给 人类 文明 造成 空前 浩劫 ， 为 子孙后代 留下 极其 沉痛 的 教训 。
世界 反 法西斯 战争 胜利 65年 以来 ， 人类 社会 和 世界 局势 发生 了 巨大 变化 ， 要 和平 、 谋 发展 、 促 合作 成为 世界 各国 人民 的 共同 愿望 。
近代 以来 ， 中国 人民 饱尝 战祸 之 苦痛 ， 深知 和平 之 宝贵 ， 和平 发展 、 永不 称霸 成为 中国 人民 的 坚定 选择 。
前事不忘 ， 后事之师 。
我们 强调 牢记 历史 并 不 是 要 延续 仇恨 ， 而是 要 以史为鉴 、 面向 未来 。
只有 不 忘 过去 、 记取 教训 ， 才 能 避免 历史 悲剧 的 重演 ， 才 能 不 枉 人类 付出 的 巨大 代价 。
今天 ， 中华 大地 上 的 战火 硝烟 早已 散 尽 ， 但 中华民族 的 伟大 复兴 依然 是 未 竟 使命 。
面向 未来 ， 最 大 限度 地 把 全 民族 凝聚 起来 ， 形成 中华民族 自强不息 、 奋勇 前进 的 巨大 力量 ； 高举 中国 特色 社会主义 伟大 旗帜 ， 坚持 以 邓小平理论 和 “ 三 个 代表 ” 重要 思想 为 指导 ， 深入 贯彻 落实 科学 发展观 ， 我们 必将 战胜 一切 艰难险阻 ， 实现 全面 建设 小康 社会 的 战略 目标 ， 进而 实现 中华民族 的 伟大 复兴 。
