明年 农业 农村 发展 大政方针 已 定 ， 任务 非常 艰巨 ， 工作 极为 繁重 。
各级 党委 和 政府 要 站 在 全局 和 战略 的 高度 ， 切实 担负 起 领导 农业 农村 发展 的 责任 ， 确保 力量 不 削弱 、 工作 不 放松 ， 舍得 真 金 白银 ， 拿 出 真 招 实 策 ， 抓住 机遇 ， 乘势 而 上 ， 再 创 “ 十二五 ” 农业 农村 发展 新 辉煌 。
19. 新年伊始 ， 世界 再次 瞩目 中国 。
这次 见证 的 不仅 有 中国 经济 社会 发展 的 新 奇迹 ， 更 有 中国 特色 社会主义 民主 法制 建设 的 新 跨越 。
在 中国共产党 的 正确 领导 下 ， 经过 各 方面 坚持不懈 的 共同 努力 ， 我国 立法 工作 取得 了 举世瞩目 的 巨大 成就 ： 一个 立足 中国 国情 和 实际 、 适应 改革 开放 和 社会主义 现代化 建设 需要 、 集中 体现 党 和 人民 意志 的 ， 以 宪法 为 统帅 ， 以 宪法 相关 法 、 民 法商 法 等 多 个 法律 部门 的 法律 为主 干 ， 由 法律 、 行政 法规 、 地方 性 法规 等 多 个 层次 的 法律 规范 构成 的 中国 特色 社会主义 法律 体系 已经 形成 ， 国家 经济 建设 、 政治 建设 、 文化 建设 、 社会 建设 以及 生态 文明 建设 的 各个 方面 实现 有法可依 。
形成 中国 特色 社会主义 法律 体系 ， 具有 重大 的 现实 意义 和 深远 的 历史 意义 。
坚持 依法 治国 、 建设 社会主义 法治 国家 ， 是 党 领导 人民 治理 国家 的 基本 方略 ， 是 发展 社会主义 市场经济 的 客观 需要 ， 是 社会 文明 进步 的 重要 标志 ， 是 国家 长治久安 的 重要 保障 。
依法 治国 的 前提 是 有法可依 。
中国 特色 社会主义 法律 体系 是 中国 特色 社会主义 永 葆 本色 的 法制 根基 ， 是 中国 特色 社会主义 创新 实践 的 法制 体现 ， 是 中国 特色 社会主义 兴旺发达 的 法制 保障 ， 从 制度 上 、 法律 上 确保 国家 永远 沿着 中国 特色 社会主义 的 正确 方向 奋勇 前进 ， 推动 我国 社会主义 制度 不 断 自我 完善 和 发展 ， 为 建设 富强 民主 文明 和谐 的 社会主义 现代化 国家 、 实现 中华民族 伟大 复兴 奠定 了 坚实 的 法制 基础 。
中国 特色 社会主义 法律 体系 的 形成 ， 是 我国 社会主义 民主 法制 建设史 上 的 重要 里程碑 ， 必将 为 建设 社会主义 法治 国家 提供 有力 保障 ， 为 中国 特色 社会主义 伟大 事业 提供 强大 动力 。
历尽 天华 成 此 景 ， 人间 万事 出 艰辛 。
中国 特色 社会主义 法律 体系 的 形成 ， 是 新 中国 成立 以来 特别 是 改革 开放 30 多 年 来 ， 中国共产党 领导 亿万 人民 发展 社会主义 民主 、 健全 社会主义 法制 取得 的 重大 成果 ， 其 立法 任务 之 重 世 所 罕见 ， 克服 困难 之 多 前所未有 。
从 新 中国 成立 初期 制定 《 共同纲领 》 和 新 中国 第一 部 宪法 ， 为 中国 特色 社会主义 法律 体系 形成 奠定 基石 ， 到 实行 改革 开放 历史性 决策 的 同时 把 加强 社会主义 民主 法制 建设 作为 坚定不移 的 方针 加以 确定 ； 从 党 的 十五大 提出 依法 治国 ， 建设 社会主义 法治 国家 的 基本 方略 ， 提出 形成 中国 特色 社会主义 法律 体系 的 立法 目标 ， 到 十六 大 以来 全面 实施 依法 治国 方略 ， 开创 社会主义 民主 法制 建设 的 新 局面 ， 中国 特色 社会主义 法律 体系 的 形成 ， 凝聚 着 几 代 中央 领导 集体 的 心血 ， 闪耀 着 几 代 立法 工作者 的 智慧 ， 寄托 着 几 代 中国 人 的 期望 。
我们 用 几十 年 的 时间 走过 了 西方 国家 用 了 几百 年 走 完 的 路 ， 形成 了 中国 特色 的 社会主义 法律 体系 ， 经验 弥足珍贵 。
中国 特色 社会主义 法律 体系 的 形成 ， 靠 的 是 我们 在 立法 工作 中 坚持 党 的 领导 ， 服从 服务 于 党 和 国家 工作 大局 ， 使 党 的 主张 经过 法定 程序 成为 国家 意志 ， 成为 全 社会 一体 遵循 的 行为 规范 和 准则 ； 靠 的 是 我们 坚持 以 中国 特色 社会主义 理论 体系 为 指导 ， 以此 统一 思想 认识 、 确定 立法 思路 ； 靠 的 是 我们 始终 坚持 从 中国 国情 和 实际 出发 ， 既 注意 借鉴 国外 的 有益 之 处 ， 又 不 简单 照搬 照抄 ； 靠 的 是 我们 坚持 以 人 为 本 、 立法 为 民 ， 体现 人民 共同 意志 、 保障 人民 当家作主 、 维护 人民 根本 利益 ； 靠 的 是 我们 坚持 维护 社会主义 法制 的 统一 ， 维护 宪法 作为 国家 根本 法 的 权威 地位 ， 坚决 维护 宪法 和 法律 的 尊严 ， 促进 法律 体系 的 科学 和谐 统一 。
中国 特色 社会主义 法律 体系 的 形成 ， 标志 着 我国 立法 工作 站 在 了 新 的 起点 上 。
社会 实践 永无止境 ， 立法 工作 要 不断 推进 。
建设 中国 特色 社会主义 是 一 项 长期 的 历史 任务 ， 实现 党 的 十七 大 提出 的 不断 完善 中国 特色 社会主义 法律 体系 的 要求 也 是 一 项 长期 的 历史 任务 。
立法 任务 依然 艰巨 而 繁重 ， 立法 工作 只能 加强 不能 削弱 。
我们 必须 坚持 以 邓小平理论 和 “ 三 个 代表 ” 重要 思想 为 指导 ， 深入 贯彻 落实 科学 发展观 ， 适应 经济 社会 发展 和 社会主义 民主 法制 建设 的 需要 ， 进一步 加强 立法 工作 ， 创新 立法 工作 思路 ， 完善 立法 工作 机制 ， 加强 立法 工作 机构 和 队伍 建设 ， 不断 提高 立法 工作 的 质量 和 水平 。
要 把 修改 完善 法律 和 制定 配套 法规 摆 在 更加 突出 位置 ， 在 科学 立法 、 民主 立法 方面 迈出 新 步伐 ， 推动 中国 特色 社会主义 法律 体系 的 与 时 俱 进 和 发展 完善 。
法律 的 生命力 在于 实施 。
法律 体系 的 形成 ， 对 法律 的 实施 提出 了 更 高 要求 。
我们 必须 采取 积极 有效 措施 ， 切实 保障 宪法 和 法律 的 有效 实施 ， 坚持 公民 在 法律 面前 一律 平等 ， 维护 宪法 和 法律 的 尊严 与 权威 ； 我们 必须 始终 坚持 依法 行政 和 公正 司法 ， 实现 国家 各项 工作 法治化 ， 维护 社会 公平 正义 ， 切实 保障 人民 的 经济 、 政治 、 文化 和 社会 权益 ； 我们 必须 进一步 增强 全 社会 的 法律 意识 和 法治 观念 ， 让 法治 的 种子 根植 于 广大 人民 心中 ， 形成 人人 学法 守法 用 法 的 社会 氛围 。
形成 中国 特色 社会主义 法律 体系 来之不易 ， 完善 中国 特色 社会主义 法律 体系 任重道远 。
我们 要 在 以 胡锦涛 同志 为 总书记 的 党中央 领导 下 ， 高举 中国 特色 社会主义 理论 伟大 旗帜 ， 坚定不移 地 走 中国 特色 社会主义 发展 道路 ， 在 新 的 历史 起点 上 开拓 进取 ， 在 完善 法律 体系 上 实现 新 进展 ， 在 法律 实施 上 取得 新 成效 ， 为 建设 社会主义 法治 国家 、 全面 建成 小康 社会 作出 新 的 更 大 的 贡献 ！
