中国/ns农村/n住户/n调查/vn年鉴/n等/udeng。/wj
数据/n的/ude1处理/vn:/x本文/r编制/v了/ule1997年/m和/cc2007年/m的/ude1中国/ns城乡/n居民/n收入/n投入/vn产出/vn表/n,/wd考虑/v到/v两/m个/q年份/n投/v人/n产出/vn表/n的/ude1部门/n分类/vd存在/v一定/b差异/n,/wd在/p尽量/d保有/v最/d多/a部门/n的/ude1原则/n之上/f,/wd统一/ad将/p两/m张/q表格/n合并/v为/p33/nr部门/n。/wj
具体/ad编/v表方法/n如下/vi:/x在/p增加值/n部分/n拆分/n出/vf农村/n居民/n收入/n和/cc城镇/n居民/n收入/n两/m行/q。/wj
根据/p现有/vn数据/n,/wd首先/d计算/v农村/n居民/n收入/n部分/n,/wd农村/n居民/n收入/n分/qt为/p工资/n性/ng收入/n!/wt
家庭/n经营/vn性/ng收入/n!/wt
转移/v性/ng收入/n和/cc财产/n性/ng收入/n,/wd其中/rz工资/n性/ng收入/n和/cc家庭/n经营/vn性/ng收入/n占/v农村/n居民/n人均/a纯收入/n的/ude190%/m以上/f,/wd故/c主要/d根据/p这/rzv两/m部分/n进行/vx计算/vn。/wj
具体说来/c是/vshi根据/p乡镇企业/n各/rz行业/n劳动/vn报酬/n对/p各/rz部门/n农村/n居民/n的/ude1工资/n性/ng收入/n进行/vx计算/vn,/wd并/cc根据/p农村/n居民/n纯收入/n构成/v中/f的/ude1各项/r比例/n及其/cc中/b家庭/n经营/vn性/ng收入/n对/p各/rz部门/n农村/n居民/n的/ude1家庭/n经营/vn性/ng收入/n进行/vx计算/vn。/wj
由于/c已/d有/vyou数据/n中/b部门/n分类/vd数/v较/d少/a,/wd还/d需要/v运用/v综合/vn方法/n按照/p一定/b的/ude1比例/n进行/vx拆分/n,/wd并/cc根据/p各项/r总量/n指标/n进行/vx调整/vn,/wd最终/d得到/v各/rz部门/n农村/n居民/n收入/n。/wj
城镇/n居民/n收入/n则/c用/p居民/n总收入/n减去/v农村/n居民/n收入/n得到/v。/wj
4/a结果/n及/cc结果/n分析/v4。/m1/a基本/a因素/n对/p农村/n居民/n收/v人/n的/ude1影响/vn分析/vn结合/v1997年/m与/p2007年/m33/nr部门/n城乡/n居民/n收入/n分配/vn投入/vn产出/vn表/n,/wd根据/p公式/n(/wkz3/n)/wky和/cc(/wkz4/ng)/wky计算/v可/v得/v,/wd2007年/m农村/n居民/n总收入/n较/d1997年/m增加/v了/ule20388亿/m元/q。/wj
表/n1/ad表明/v,/wd这/rzv十年/m间/q拉动/vn农村/n居民/n收入/n增长/vn贡献/n最/d大/a的/ude1为/p各/rz部门/n最终/b需求/n合计/vvF/x,/wd可见/c经济/n的/ude1快速/d发展/v对/p农村/n居民/n收入/n的/ude1提高/v起/vf到/v了/ule很/d重要/a的/ude1作用/n。/wj
根据/p测算/v,/wd最终/b需求/n合计/vvF/x将/d使/v农业/n部门/n农村/n居民/n收入/n增加/v10335亿/m元/q,/wd使/v非农/b部门/n农村/n居民/n收入/n增加/v18668亿/m元/q,/wd其/rz所/usuo带动/v的/ude1非农/b部门/n农村/n居民/n的/ude1收入/n增加/v的/ude1作用/n明显/ad大于/v农业/n部门/n。/wj
技术/n系数/nv/x万/m,/wd即/v完全/ad需要/v系数/n对/p农村/n居民/n收入/n的/ude1提高/vn也/d起/vf到/v了/ule一定/b作用/n,/wd但是/c效果/n很/d小/a,/wd只有/c0。/m07。/m技术/n进步/vn是/vshi促进/v居民/n收入/n提高/v的/ude1重要/a因素/n之一/rz,/wd但/c由于/p我国/n农村/n居民/n大/a都/d属于/v劳动密集型/n部门/n,/wd因此/c其/rz收入/n受/v技术/n进步/vn的/ude1影响/vn相对/d较/d小/a。/wj
农村/n居民/n收入/n系数/n的/ude1变动/vnv/x凡/d"/x对/p农村/n居民/n收入/n的/ude1提高/v起/vf到/v了/ule一定/b的/ude1负/v向/p影响/vn,/wd总共/d使得/vi农村/n居民/n收入/n减少/v10045亿/m元/q,/wd其中/rz农业/n部门/n农村/n居民/n收入/n减少/v2920亿/m元/q,/wd非农/b部门/n减少/v7125亿/m元/q。/wj
1997年/m我国/n各/rz部门/n农村/n居民/n收入/n系数/n的/ude1平均值/n为/p0。/m09/m,/wd到/v2007年/m降低/v为/p0。/m048/m,/wd即/v1997年/m到/v2007年/m我国/n农村/n居民/n收/v人/n占/v总/b产出/vn的/ude1比重/n一直/d在/p减小/v,/wd这/rzv也/d反映/v出/vf,/wd虽然/c我国/n农村/n居民/n收入/n绝对/a量/n一直/d在/p提高/v,/wd但/c其/rz增长/vn速度/n却/d明显/ad低于/vGDP/x增速/n,/wd我国/n农村/n居民/n并/cc没有/v充分/ad享受/v到/v经济/n增长/vn的/ude1果实/n。/wj
4。/m2/b总量/n变动/v对/p农村/n居民/n收/v人/n的/ude1影响/vn由/p前/f部分/m结果/n可知/v,/wd各/rz部门/n最终/b需求/n合计/v的/ude1变动/vn是/vshi促进/v农村/n居民/n收入/n提高/v的/ude1重要/a因素/n,/wd下面/f我们/rr进一步/d计算/v各类/r最终/b需求/n合计/v的/ude1变动/vn对/p农村/n居民/n收入/n的/ude1影响/vn,/wd结果/d见/v表/vg2。/m可以/v看出/v,/wdGDP/x的/ude1八/m个/q组成部分/nl对/p农村/n居民/n收入/n的/ude1提高/vn均/d有/vyou促进/v作用/n。/wj
其中/rz,/wd由于/c在/p城乡/n居民/n收入/n投入/vn产出/vn表/n中/f进口/v用/p负值/n表示/v,/wd故/c在/p表/n2/b中/f虽然/cv/x珠/ngf/x为/p负值/n,/wd但/c实际上/d进口/v总额/n的/ude1增加/v对/p我国/n农村/n居民/n收入/n的/ude1提高/v起/vf到/v了/ule正/d向/p作用/n。/wj
1997年/m到/v2007年/m间/q,/wd促进/v农村/n居民/n收入/n提高/v最/d多/a的/ude1为/p出口/vn总额/n的/ude1增加/vv/x玲/nr1(/wkz12720亿/m元/q)/wky,/wd其次/c为/p城镇/n居民/n消费/vn总量/n的/ude1增加/vv/x巧/a(/wkz12534亿/m元/q)/wky,/wd再次/d是/vshi固定/a资本/n形成/v总额/n的/ude1增加/vvYI/x(/wkz11172亿/m元/q)/wky。/wj
可见/v过去/vf十几/m年/qt,/wd出口/vn和/cc投资/v在/p拉动/v我国/n经济/n快速/d发展/v的/ude1同时/n,/wd也/d较/d大/a的/ude1提高/v了/ule我国/n农村/n居民/n的/ude1收入/n。/wj
消费/v作为/v拉动/v我国/n经济/n增长/vn的/ude1三/m驾/q马车/n之一/rz对/p促进/v我国/n农村/n居民/n收入/n的/ude1提高/vn也/d起/vf到/v了/ule积极/a作用/n,/wd尤其/d是/vshi作为/p消费/vn主力/n的/ude1城镇/n居民/n消费/vn。/wj
消费/vn与/cc居民/n收入/n之间/f存在/v重要/a的/ude1关联性/n,/wd消费/v的/ude1增加/v会/v拉动/v各/rz部门/n产出/vn的/ude1增加/vn,/wd从而/c增加/v居民/n部门/n的/ude1收入/n,/wd居民/n部门/n收入/n的/ude1增加/vn又/d会/v刺激/v其/rz对/p各/rz生产/vn产品/n的/ude1消费/vn,/wd因此/c消费/vn与/cc收入/n之间/f的/ude1良性/b循环/vn关系/n对/p促进/v居民/n收入/n提高/v有/vyou显/v著/uzhe作用/n。/wj
4。/m3/n各项/r最终/b需求/n部门/n结构/n变动/v对/p农村/n居民/n收/v人/n的/ude1影响/vn各项/r最终/b需求/n的/ude1部门/n结构/n是/vshi指/v农村/n居民/n消费/vn!/wt
城镇/n居民/n消费/vn!/wt
政府/n消费/vn!/wt
资本/n形成/v!/wt
出口/vn!/wt
进口/v等/udeng的/ude133/nr个/q部门/n分配比例/n,/wd根据/p两极/n分解/v公式计算/n得到/v的/ude1各项/r最终/b需求/n部门/n结构/n变动/v对/p农村/n居民/n收入/n变动/vn的/ude1影响/vn见/v表/vg3。/m总的来说/c1997年/m到/v2007年/m间/q各项/r最终/b需求/n的/ude1部门/n结构/n变动/v么/yS/x阻碍/v了/ule农村/n居民/n收入/n的/ude1增加/v(/wkz一/m5409亿/m元/q)/wky,/wd为/p农村/n居民/n收/v人/n实际/ad增加/v量/n的/ude1一/m0。/m27/m倍/q。/wj
其中/rz,/wd城镇/n居民/n消费/vn结构/n的/ude1变动/vnvSu/x使得/vi农村/n居民/n收入/n减少/v一/m3119亿/m元/q,/wd占/v整个/b最终/b需求/n部门/n结构/n变动/vvS/x作用/n的/ude1一半/m以上/f,/wd主要/d体现/v在/p农业/n部门/n,/wd除此之外/al,/wd食品/n制造/vn及/cc烟草/n加工业/n及/cc服装/n皮革/n羽绒/n及其/cc制品/n业/k占/v城镇/n居民/n消费/vn比例/n的/ude1变动/vn也/d在/p一定/b程度/n上/f阻碍/v了/ule农村/n居民/n收入/n的/ude1增加/vn。/wj
农村/n居民/n消费/vn结构/n的/ude1变动/vnvSR/x和/cc出口/vn结构/n变动/vvSE/x也/d小/a幅度/n的/ude1阻碍/v了/ule我国/n农村/n居民/n收入/n的/ude1提高/vn。/wj
从/p出口/vn结构/n上/f看/v,/wd依然/d是/vshi农业/n部门/n比例/n变动/vn的/ude1影响/vn最/d大/a,/wd纺织业/n!/wt
服装/n皮革/n羽绒/n及其/cc制品/n业/k!/wt
批发/vn和/cc零售业/n等/udeng部门/n比重/n的/ude1变化/vn也/d对/p农村/n居民/n收入/n的/ude1提高/vn产生/v了/ule不利/a作用/n。/wj
通过/p计算/v发现/v,/wd对/p农村/n居民/n收入/n增长/v产生/v正/d向/p影响/vn的/ude1只/d有/vyou政府/n消费/vn结构/n变动/vv/x命/n,/wd拉动/v农村/n居民/n收入/n提高/v106亿/m元/q,/wd但/c作用/n不/d是/vshi特别/d明显/a,/wd仅/d为/v农村/n居民/n收入/n实际/ad增长/v的/ude10。/m01。/m从/p农业/n与/p非农/b两/m大/a部门/n来/vf看/v,/wd各项/r最终/b需求/n的/ude1部门/n结构/n变动/vvS/x对/p农业/n部门/n农村/n居民/n收入/n的/ude1提高/v起/vf负/v向/p作用/n(/wkz一/m5859亿/m元/q)/wky;/wf对/p非农/b部门/n农村/n居民/n收入/n起/vf正/d向/p拉动/v作用/n(/wkz450亿/m元/q)/wky,/wd可见/c国民经济/n各/rz部门/n中/f对/p农村/n居民/n收入/n影响/vn最/d大/a的/ude1仍然/d是/vshi农业/n部门/n。/wj
