x/x!/wt
,/wd驹/ng全/a0/n,/wd乞/x二/m1/a,/wd2/n,/wd,/wd,/wdn/x,/wdJ/x一/m1/a,/wd2/n,/wd,/wd"/x二。/t若/c一个/mq混/x合/v策略/n(/wkzx/x,/wd功/n任/vXxy/x满足/v下列/b条件/n:/x1/a)/wky二/m1/a(/wkzx/x,/wd夕/tg)/wky全/d"/x1/a(/wkz:/x,/wd,/wd夕/tg)/wky,/wd丫/nv/x!/wt
任/vV/x;/wf2/b)/wky"/x2/n(/wkzx/x,/wd万/m)/wky全/a二/m2/n(/wkzx/x"/x亡/v:/x)/wky,/wdV/x艺/ngj/x任/vT/x。/wj
则/c称/v(/wkz二/m,/wd功/n}/x是/vshi混/x合/v策略/n纳/v什/ng均/a,/wd其中/rz:/x又/dx/x,/wd=/w1/a"/x又/d场/qv二/m1。/m定义/n3/vg设/v审计师/n接受/v被/pbei审计/v对象/n提交/v材料/n的/ude1概率/n为/va/x,/wd被/pbei审计/v对象/n无/v重大/a违规/vn的/ude1概率/n为/p口/n,/wd审计师/n和/cc被/pbei审计/v对象/n的/ude1行为/n组合/vd构成/v博弈/vn策略/n矩阵/n(/wkz见/v表/nl/x)/wky,/wd假定/v审计师/n的/ude1回报/vn为/p0/b三/mNl0/x,/wd表示/v审计师/n接受/v与/cc拒绝/v策略/n总/b的/ude1收益/n差/a;/wf沪/b>/xo/x,/wd表示/v被/pbei审计/v对象/n违规/vn与/cc不/d违规/v策略/n总/b的/ude1收益/n差/a;/wf劝/v>/x0/n,/wd表示/v审计师/n与/cc被/pbei审计师/n总/b收益/n差/a之/uzhi积/v。/wj
基于/p混/x合/v战略/n纳/v什/ng均/a,/wd分别/d求/v审计师/n和/cc被/pbei审计/v对象/n的/ude1期望/vn收益/n,/wd可以/v得到/v审计师/n接受/v概率/na/x和/cc被/pbei审计/v对象/n不/d违规/v概率/n口/q,/wd并/cc出/vf审计师/n和/cc被/pbei审计/v对象/n策略/n概率/nA/x和/cc0。/m1。/m2/n混/x合/v审计/vn博弈/vn的/ude1风险分析/n传统/n的/ude1审计/vn博弈/vn是/vshi通过/p假设/n审计/vn与/cc被/pbei审计/v对象/n的/ude1概率/n,/wd建立/v期望/vn收益/n矩阵/n,/wd从而/c来/vf进行/vx审计/vn策略/n分析/vn,/wd缺乏/v对于/p审计/vn风险/n,/wd包括/v误/d受/v和/cc误/v拒/vg风险/n的/ude1研究/vn与/cc分析/vn,/wd因此/c,/wd缺乏/v审计/vn风险分析/n的/ude1审计/vn博弈/vn策略/n研究/vn的/ude1有效性/n就/d大/a打折扣/vi。/wj
基于/p混/x合/v策略/n纳/v什/ng均/a,/wd建立/v审计师/n和/cc被/pbei审计/v对象/n博弈/vn的/ude1概率矩阵/n,/wd从而/c可以/v度量/v审计/vn风险/n的/ude1变化范围/n!/wt
方向/n及/cc程度/n,/wd有利于/v审计师/n正确/ad分析/v和/cc制定/v策略/n矩阵/n。/wj
推论/vi1/a混/x合/v策略/n纳/v什/ng均/a下/f,/wd审计师/n和/cc被/pbei审计/v对象/n博弈/vn的/ude1概率/n阵/ng为/v:/x从/p该/v混/x合/v战略/n纳/v什/ng均/ad可以/v看出/v,/wd该/rz审计/vn博弈/vn概率矩阵/n共有/v四/m种/q可能/n的/ude1结果/n:/x{/x不/d违规/v,/wd接受/v}/x!/wt
{/x不/d违规/v,/wd拒绝/v}/x!/wt
{/x违规/vn,/wd接受/v}/x!/wt
{/x违规/vn,/wd拒绝/v}/x,/wd其中/rz,/wd{/x不/d违规/v,/wd拒绝/v}/x就/d构成/v了/ule误/v拒/vg风险/n,/wd{/x违规/vn,/wd接受/v}/x构成/v了/ule误/d受/v风险/n。/wj
推论/vn2/n混/x合/v策略/n纳/v什/ng均/a下/f,/wd审计师/n工/n类/q风险/n(/wkz依赖/v不足/v或/c误/v拒/vg风险/n)/wky为/vR/x,/wd11/d类/q风险/n(/wkz过度/d依赖/v或/c误/d受/v风险/n)/wky为/p5。/m其中/rz,/wd0/n(/wkzL:/x一/mLl/x)/wky(/wkz从/p一/m凡/d)/wky时/ng,/wdI/x类/q风险/n大/a于/pn/x类/q风险/n,/wd即/vR/x>/xS/x;/wf当/p(/wkzL4/x一/m玩/v)/wky(/wkz凡/d一/mNl/x)/wkyC/x。/wj
全/a(/wkzN3/x一/mNl/x)/wky,/wd其中/rz,/wd0/n(/wkz凡/d一/mNl/x)/wky。/wj
也就是说/vl,/wd扩展/v审计/vn成本/nC/x越/d高/a,/wd口/n越/d低/a,/wd则/c说明/v被/pbei审计/v对象/n违规/vn倾向/n也/d就/d越/d高/a,/wd其中/rz,/wdc/x>/x0。/m由于/c受/v口/q值域/n的/ude1影响/vn,/wd扩展/v审计/vn成本/nC/x的/ude1作用/n也/d是/vshi相对/vi的/ude1,/wd当/vC/x二/m(/wkzNa/x一/mN:/x)/wky(/wkz1/a一/mw/x)/wky时/ng,/wd口/n"/x一/m"/x,/wdC/x就/d达到/v临界/b状态/n,/wd再/d大/a对/p几/m也/d不/d具有/v影响/v;/wf同样/d,/wdC/x也/d不/d可能/v一味/d下降/vi,/wd当/vC/x。/wj
一/m(/wkz从/p一/m从/vg)/wkyw/x时/ng,/wd风/n=/w1/a,/wdC/x。/wj
就/d达到/v临界/b状态/n,/wdC/x。/wj
再/d小/a对/p风/n也/d不/d具有/v影响/vn。/wj
推论/vi5/f基于/p扩展/v审计/vn博弈/vn混/x合/v策略/n纳/v什/ng均/a,/wd审计师/n和/cc被/pbei审计/v对象/n博弈/vn概率矩阵/n为/v:/x其中/rz,/wd被/pbei审计/v对象/n无/v重大/a违规/vn的/ude1概率/n为/p口/n包括/v口/n"/x和风/n两/m种/q情形/n。/wj
2。/m2/b扩展/vn审计/vn博弈/vn的/ude1审计/vn风险/n与/cc成本/n根据/p扩展/v审计/vn博弈/vn的/ude1策略/n矩阵/n,/wd可以/v得到/v基于/p扩展/v审计/vn的/ude1审计师/n误/d受/v和/cc误/v拒/vg风险/n。/wj
推论/vi6/vg混/x合/v扩展/v策略/n纳/v什/ng均/a下/f,/wd审计师/nI/x类/q风险/n(/wkz依赖/v不足/v或/c误/v拒/vg风险/n)/wky为/vR/x"/x,/wd11/d类/q风险/n(/wkz过度/d依赖/v或/c误/d受/v风险/n)/wky为/vSc/x。/wj
推论/vi8/a混/x合/v扩展/v策略/n纳/v什/ng均/a下/f,/wd基于/p风/n必然/d有/vyou审计师/nI/x类/q风险/nR/x"/xs/x;/wf基于/p成/v必然/d有/vyouI/x类/q风险/nR/x"/x>/xR/x,/wdH/x类/q风险/ns/x"/xSc/x,/wd当/v(/wkzL/x"/x一/m场/qv)/wky+h/x二/m沪/b>/xD/x>/x占/v//w(/wkz1/a一/m句/q时/ng,/wdsD/x叫/vi凡/d一/m从/vg)/wky时/ngs/x公/ng义/ng。/wj
特别/a的/ude1,/wd当/vD/x一/m"/x时/ng,/wd必然/d有/vyou则/dsD/x一/mSc/x,/wdRD/x一/mRc/x;/wf当/vC/x二/m0/n,/wdD/x一/m0时/t,/wd则/dsD/x一/mS/x,/wdRD/x=/wR/x。/wj
说明/v,/wd当/p不/d存在/v利益/n转移/vD/x时/ng,/wd定义/n5/f是/vshi定义/n4/vi的/ude1扩展/vn情形/n,/wd当/p不/d存在/v利益/n转移/vn和/cc扩展/v审计/vn时/ng,/wd定义/n5/f是/vshi定义/n3/n的/ude1扩展/vn情形/n。/wj
通过/p对/p定义/n3/n的/ude1扩展/vn,/wd研究/v扩展/v审计/vn成本/n和/cc利益/n转移/v对/p审计/vn博弈/vn及/cc风险/n的/ude1影响/vn。/wj
推论/vn13/n混/x合/v扩展/v策略/n纳/v什/ng均/a下/f,/wd当/v"/xD/x+h/x二一/m口/qD/x时/ng,/wd必然/d存在/vI/x类/n与/cc11/d类/q风险/n相同/a,/wd即/vR/x"/x一/msD/x。/wj
当/pI/x类/n与/pn/x类/q风险/n相/d同时/c,/wd根据/p口/nD/x和/cc口/n为/v,/wd分别/d可/v以/p求/v到/v:/xC/x=/w钾/n一/m特别/a的/ude1当/vD/x一/m0时/t,/wd就/d变成/v公式/n(/wkz16/m)/wky和/cc(/wkz17/ns)/wky。/wj
4/vi基于/p扩展/v审计/vn的/ude1样本/n与/cc内控/vn风险估计/n基于/p扩展/v审计/vn与/cc传统/n审计/vn博弈/vn在/p审计/vn样本/n与/cc内控/vn风险估计/n的/ude1比较/vn,/wd一方面/c,/wd可以/v了解/v扩展/v审计/vn博弈/vn的/ude1扩展/vn成本/n!/wt
利益/n转移/v对于/p审计/vn抽样/vn和/cc企业/n内部/f控制/v水平/n的/ude1影响/vn状况/n;/wf另一方面/c,/wd有利于/v审计师/n调整/vn审计/vn策略/n,/wd将/d审计/v风险/n控制/v到/v最低/a水平/n。/wj
4。/m1/a基于/p扩展/v审计/vn风险/n的/ude1样本/n估计/v一般/ad认为/v,/wd检查/v风险/n是/vshi审计/vn风险/n的/ude1误/d受/v风险/n"/x它/rr可以/v转换/v为/p可靠性/n因子/n以/p0l/x,/wd利用/v审计/vn博弈/vn模型/n计算/v出/vf的/ude1检查/vn风险/n就/d可/v用/v来/vf确定/v实质性/n测试/vn的/ude1样本/n规模/n。/wj
由于/p不同/a国家/n审计/vn职业/n团体/n所/usuo采用/v的/ude1抽样/vn方法/n不同/a,/wd风险/n因子/n导入/v样本/n量/n的/ude1决定/n就/d有/vyou不同/a的/ude1见解/n。/wj
根据/p美国/nsf注册/vn会计师/n协会/n(/wkzAICPA/x)/wky的/ude1审计/vn判断/vn模型/n,/wd可以/v得到/v变量/n抽样/vi的/ude1样本/n量/nn/x。/wj
