其中/rz,/wdRF/x为/p可靠性/n因子/n,/wdRF/x=/w1/a一/m了/ule>/x0/n,/wdS/x。/wj
为/p误/v受/v风险/n,/wd包括/v传统/n审计/vn博弈/vn的/ude1s/x,/wd以/p扩展/v成本/n为/p基础/nS/x"/x和/cc以/p利益/n转移/v为/p基础/n的/ude1sD/x三/m种/q情形/n,/wd"/x=/w好/aG/x,/wdg/x为/p某/rz项/q认定/v的/ude1可/c容/v误差/n!/wt
。/wj
0/n}/x(/wkz或/c重要性/n水平/n)/wky,/wdG/x为/p总体/n水平/n,/wd00/m,/wdG/x>/x0。/m同样/d,/wd英国/ns审计/vn程序/n委员会/n(/wkzAPC/x)/wky审计/vn指南/n0/b审计/vn抽样/vn0/b中/b货币单位/n抽样/vi的/ude1样本/n量/nn/x其中/rz,/wdTC/x为/p项目/n总体/n金额/n。/wj
经过/p样本/n设计/vn和/cc选取/v后/f,/wd必须/d进行/vx样本/n评价/vn,/wd总体/n实际/a偏差/nMDR/x反映/v了/ule总体/n偏差/n的/ude1上限/n,/wd是/vshi偏差/n性质/n与/cc原因/n分析/vn的/ude1前提/n与/cc基础/n。/wj
通过/p将/p总体/n偏差/n率/k与/p可/v容/v误差率/n进行/vx比较/vn,/wd可以/v判断/v总体/n是否/v满足/v抽样/vi的/ude1精度/n和/cc要求/n,/wd支持/v审计师/n对/p控制/v运行/vn有效性/n的/ude1估计/vn。/wj
MDR/x=/w入/v//w"/x(/wkz28/m)/wky其中/rz,/wd入/v表示/v风险/n系数/n,/wdn/x采用/vAICPA/x或/cAPC/x样本/n量/n公式/n(/wkz26/m)/wky一/m(/wkz27/m)/wky。/wj
4。/m2/n基于/p扩展/v审计/vn风险/n的/ude1内控/vn风险分析/n根据/p误/v受/v风险/n与/p固有/b风险/n!/wt
控制/v风险/n之间/f的/ude1关系/n即/v}/x,/wd在/p确定/v审计/vn人员/n所/usuo愿意/v承担/v的/ude1审计/vn风险/nBR/x水平/n后/f,/wd就/d可以/v推算/v审计/v固有/b风险/nFR/x与/p内部/f控制/v风险/nCR/x水平/n。/wj
其中/rz,/wdBR/x,/wdFR/x,/wdcR/x任/v(/wkz0/n,/wdl/x)/wky,/wd表示/v在/p任务/n现实/a的/ude1内部/f控制/v结构/n中/f,/wd总/d存在/v一定/b程度/n的/ude1固有/b和/cc控制/vn风险/n。/wj
包括/v传统/n审计/vn博弈/vn的/ude1S/x,/wd以/pC/x为/p基础/nsc/x和/cc以/pD/x为/p基础/n的/ude1SD/x三/m种/q情形/n。/wj
由于/c,/wd对于/p低/a风险/n水平/n的/ude1被/pbei审计/v对象/n其/rz误/ng受/v风险/nS/x。/wj
也/d会/v越/d高/a,/wd对于/p高/a风险/n水平/n的/ude1被/pbei审计/v对象/n其/rz误/ng受/v风险/ns/x。/wj
也/d会/v越/d低/a。/wj
因此/c,/wd通过/p误/v受/v风险/n了/ule可以/v判断/v被/pbei审计/v对象/n风险/n水平/nIc/x由于/p审计/vn博弈/vn是/vshi一个/mq动态/n的/ude1过程/n,/wd因此/c误/d受/v风险/n了/ule也/d随着/p各/rz参数/n的/ude1变化/vn而/cc变化/vn,/wd通过/p变化/vn,/wd审计/v人员/n可以/v分析/v被/pbei审计/v对象/n策略/n变化/vn对于/p风险/n的/ude1影响/vn状况/n,/wd了解/v被/pbei审计/v对象/n内部/f控制/v水平/n的/ude1可能/n范围/n,/wd从而/c对/p审计/vn样本/n抽样/vd进行/vx有效/a的/ude1调整/vn。/wj
5/b实例/n分析/v设/v审计师/n接受/v的/ude1概率/n"/x,/wd拒绝/v的/ude1概率/n为/v;/wf,/wd扩展/v审计/vn的/ude1概率/n为/vh/x,/wd扩展/v审计/v接受/v的/ude1概率/n为/p二/m,/wd扩展/v审计/v拒绝/v的/ude1概率/n为/p1/a一二/m,/wd被/pbei审计/v对象/n无/v重大/a违规/vn的/ude1概率/n为/p口/n。/wj
某/rz公司/n审计/vn项目/n中/f,/wd审计师/n的/ude1初始/b回报/vn为/p0/b三/m凡/d移动/vn云/n计算/vn中/f基于/pLBS/x的/ude1个性化/vn服务/vn推荐/vn模型/n随着/p互联网技术/n的/ude1普及/vn和/cc电子商务/n的/ude1迅/ag猛/x发展/vn,/wd互联网/n上/f的/ude1信息/n数量/n呈/v指数/n增强/v,/wd海量信息/n资源/n呈现/v在/p用户/n面前/f,/wd而/cc用户/n真正/d感/vg兴趣/n的/ude1只/d占/v其中/rz很/d少/a的/ude1一部分/m,/wd要/v想/v从中/d找到/v自己/rr感/vg兴趣/n的/ude1资源/n很/d难/a,/wd从而/c出现/v了/ule所谓/v的/ude1//w信息/n泛滥/vn0/n和/p//w信息/n迷失/v0。/m在/p信息/n大/a爆炸/vn的/ude1今天/t,/wd用户/n使用/v搜索引擎/n来/vf搜索/v自己/rr需要/v的/ude1资源/n,/wd然而/c传统/n的/ude1搜索引擎/n并未/d考虑用户/n的/ude1个性化/vn特点/n,/wd反馈/v的/ude1信息量/n李/nr1大/a,/wd且/c很多/m并/cc不/d是/vshi用户/n真正/d感/vg兴趣/n的/ude1,/wd不/d能/v从/p根本/n上/f满足用户/n的/ude1需求/n。/wj
基于/p这样/rzv的/ude1背景/n,/wd个性化/vi推荐/v技术/n七/mj/x而/cc生/v。/wj
目前/t主要/b的/ude1推荐/vn技术/n有/vyou:/x协同/vd过滤/v推荐/v技术/n!/wt
基于/p关联/vn规则/n的/ude1推荐/vn技术/n!/wt
基于/p内容/n的/ude1推荐/vn技术/n和/cc基于/p用户/n统计/vn信息/n的/ude1推荐/vn。/wj
个性化/vi推荐/v技术/n是/vshi建立/v在/p推荐/v技术/n和/cc海量信息/n数据/n挖掘/v理论/n基础/n上/f的/ude1,/wd是/vshi指/v根据/p用户/n的/ude1兴趣/n特征/n,/wd从/p互联网/n的/ude1海量信息/n中/f挖掘/v用户/n可能/v感/vg兴趣/n或/c需要/v的/ude1资源/n,/wd并/cc对/p用户/n作出/v相应/vi的/ude1推荐/vn。/wj
个性化/vi推荐/v技术/n的/ude1引入/v,/wd优化/v了/ule用户/n体验/vn,/wd提升/v了/ule电子商务/n中/b用户/n从/p点击/n到/v购买/v的/ude1转化率/n[/wkzl/x]/wky。/wj
同时/c当/p数据/n量/n很/d大/a,/wd数据/n处理/v变/v的/ude1很/d复杂/a时/ng,/wd传统/n的/ude1服务器/n不/d能/v很/d好/a的/ude1满足要求/n,/wd而/cc云/n计算/v按/p需/v付费/v的/ude1机制/n在/p帮助/v中小企业/n有效/ad控制/v成本/n的/ude1同时/n,/wd能/v向/p他们/rr提供/v最底层/n的/ude1数据/n存储/vn和/cc强大/a的/ude1计算能力/n-/n[/wkzz/x]/wky。/wj
本文/r在/p移动/vn云/n计算/v的/ude1基础/n上/f,/wd建立/v了/ule一个/mq基于/p位置/n的/ude1个性化/vn服务/vn推荐/vn模型/n。/wj
该/rz模型/n包括/v移动/vn客户端/n和/cc云端/n两/m部分/n。/wj
移动/vn客户端/n是/vshi具有/v开源/v操作系统/nl的/ude1Andro/x记/v手机/n,/wd客户端/n可以/v从/p云端/n获取/v当前/t经纬度信息/n和/cc天气/n信息/n,/wd并/cc向/p云端/n分享/v带有/v经纬度/n属性/n的/ude1文字/n!/wt
图片/n和/cc视频/n;/wf云端/n为/p每个/r用户/n分配/v一/m块/q空间/n,/wd通过/p分析/v显/v式/k和/cc隐/v式/k的/ude1用户/n属性/n[/wkzs/x]/wky,/wd结合/v社交/n网络/n和/cc时效性/n,/wd构建/v出/vf用户/n兴趣/n模型/n库/n,/wd并且/c根据/p用户/n兴趣/n模型/n库/n,/wd生成/v用户/n感/vg兴趣/n的/ude1文字/n!/wt
图片/n和/cc视频/n等/udeng资源/n集合/v,/wd反馈/v给/p客户端/n,/wd从而/c实现/v个性化/vi服务/v推/v送/v。/wj
推荐/v技术/n相关/vi研究/v各种/rz推荐/v技术/n的/ude1比较/vnl/x。/wj
1/a推荐/vn技术/n是/vshi个性化/vn服务/vn推荐/vn模型/n中/f最/d重要/a的/ude1部分/n。/wj
常见/a的/ude1推荐/vn技术/n有/vyou协同/vd过滤/v推荐/v技术/n!/wt
基于/p关联/vn规则/n的/ude1推荐/vn技术/n!/wt
基于/p内容/n的/ude1推荐/vn技术/n和/cc基于/p用户/n统计/vn信息/n的/ude1推荐/vn。/wj
协同/vd过滤/v推荐/v技术/n基于/p邻居/n用户/n的/ude1信息/n得到/v目标/n用户/n的/ude1推荐/vn,/wd不/d需要/v用户/n努力/a地/ude2找到/v适合/v自己/rr兴趣/n的/ude1推荐/vn或者/c填写/v一些/mq显示/v信息/n,/wd而是/c系统/n隐/v式/k地/ude2从/p用户/n购买/v模式/n或者/c点击/n行为/n获得/v!/wt
其/rz优点/n是/vshi推荐/v个性化/vi!/wt
自动化/vn程度高/n,/wd是/vshi目前/t研究/v最/d多/a!/wt
最/d成功/a的/ude1个性化/vn推荐/vn技术/n。/wj
基于/p关联/vn规则/n的/ude1推荐/vn技术/n,/wd以/p关联/vn规则/n为/p基础/n,/wd已/d购/vg商品/n作为/p规则/n头/q,/wd推荐/v对象/n作为/p规则/n体/ng,/wd根据/p关联/vn规则/n发现算法/n以及/cc客户/n当前/t的/ude1购买/vn行为/n向/p客户/n产生/v推荐/v。/wj
其/rz优点/n是/vshi能够/v发现新/n兴趣/n点/qt;/wf缺点/n是/vshi关联/vn规则/n抽取/v难/a且/c耗时/vi,/wd个性化/vn程度比较/n低/a。/wj
基于/p内容/n的/ude1推荐/vn技术/n,/wd是/vshi信息/n过滤/v技术/n的/ude1延伸/vn,/wd项目/n或者/c对象/n通过/p相关/vn特征/n的/ude1属性/n来/vf定义/n,/wd系统/n基于/p用户/n评价/vn对象/n的/ude1特征/n学习/v用户/n的/ude1兴趣/n,/wd依据/p用户/n资源/n与/cc待/vi预测/v项目/n的/ude1匹配/vn程度/n进行/vx推荐/vn。/wj
其/rz优点/n是/vshi推荐/v结果/n直观/a,/wd容易/ad解释/v;/wf缺点/n是/vshi存在/v稀疏/a间/q题/n和/cc新/a用户/n间/f题/n,/wd复杂/a属性/n不好/ad处理/v且/c要/v有/vyou足够/v的/ude1数据/n构造/n分类器/n。/wj
