OECD/x脱钩/vi指数/n法/n具有/v广泛/ad影响/v,/wd首先/c,/wd计算/v脱钩/vi率/v,/wd然后/c计算/v脱钩/vi指数/n,/wd其/rz计算公式/n如下/vi:/x其中/rz,/wdEP/x为/p环境压力/n,/wdDF/x为/p驱动/vn因素/n,/wdRatin/x为/v脱钩/vi率/v,/wdt/x为/p报告/n期/qv。/wj
脱/v钩/n指数/nDecouphngfactors/x=/w1/a一/mRatin/x。/wj
脱/v钩/n指数/n的/ude1取值/v范围/n为/v(/wkz一/moo/x,/wdl/x]/wky,/wd当/p脱钩/vi指数/n的/ude1值/n任/v(/wkz一/moo/x,/wd0/b]/wky时/ng便/d可以/v认为/v处于/v非/b脱钩/vi状态/n,/wd而/cc脱钩/vi指数/n钊0/nr2,/wdl/x]/wky时/ng,/wd则/c认为/v在/p分析/v期/qv内/f发生/v了/ule脱钩/vi(/wkz钟太洋/nr,/wd黄贤金/nr,/wd2/un010/m)/wky。/wj
但是/c这种/r方法/n的/ude1测量精度/n不/d高/a,/wd只能/v测出/v脱钩/vi与/cc未/d脱钩/vi,/wd无法/v区分/v绝对/d脱钩/vi和/cc相对/d脱钩/vi,/wd对/p未/d脱钩/vi状态/n无法/v进行/vx继续/v划分/vn。/wj
几/mpio/x脱钩/vi弹性/n指标/n是/vshi几/mpi/x"/x在/p研究/v1970/m一/m2/un001年/m间/q欧洲/ns经济/n发展/vn与/cc碳/n排放/vn之间/f的/ude1关系/n时/ng引入/v的/ude1,/wd他/rr以/p交通/n运输量/n作为/v中间/f变量/n,/wd将/d脱钩/vi弹性/n分解/v为/p运输量/n与/pGDP/x之间/f的/ude1弹性/n和/cc运输量/n与/cc总体/n碳/n排放量/n之间/f的/ude1脱钩/vi弹性/n,/wd将/p两/m式/k相乘/v便/d得到/v一般/uyy的/ude1脱钩/vi弹性/n指标/n计算公式/n,/wd具体/ad如下/vi:/x交通/n的/ude1GDP/x弹性/n=/w交通量/n变化/vn的/ude1百分比/n//wGDP/x变化/vn的/ude1百分/m比/p二二/m氧化/vn碳/n排放量/n的/ude1交通/n弹性/n二二/m氧化/vn碳/n排放量/n变化/vn的/ude1百分比/n//w交通量/n变化/vn的/ude1百分比/n上述/b两/m式/k相乘/v,/wd可以/v得到/v:/x二氧化碳/n排放量/n的/ude1GDP/x弹性/n二二/m氧化/vn碳/n排放量/n变化/vn的/ude1百分比/n//wGDP/x变化/vn的/ude1百分比/n最终/dTaPio/x得到/v了/ule脱钩/vi程度/n的/ude1判断/vn准则/n如/v图/n1/a所/usuo示/vg,/wd这/rzv也/d是/vshi我们/rr后面/f的/ude1脱钩/vi弹性/n的/ude1判断/vn标准/n性/ng帕/ng的/ude1笼/n了/ule偏/a州/n趾/x护/v。/wj
Oj/x。/wj
l/x二/m图/n1/a经济/n增长/vn与/cc交通/n量/n的/ude1祸/n合/v与/p脱钩/vi如/v图/n1/a所/usuo示/vg,/wd强/ad脱钩/vi是/vshi实现/v经济/n低碳/n化/k发展/v的/ude1最/d理想/a状态/n,/wd相应/vi的/ude1强/a负/v脱钩/vi为/v最/d不利/a的/ude1状态/n。/wj
几/mpio/x脱钩/vi指标/n比/pOECD/x脱钩/vi指数/n法/n有/vyou更/d多/a的/ude1有/vyou点/qt,/wd首先/c,/wd肠/npio/x脱钩/vi指标/n的/ude1测量精度/n要/v强/ng于/pOECD/x脱钩/vi指数/n法/n,/wd分为/v强/ng脱钩/vi!/wt
弱/a脱钩/vi!/wt
衰退/vi性/ng脱钩/vi!/wt
强/ad负/v脱钩/vi!/wt
弱/a负/v脱钩/vi!/wt
扩张/v性/ng负/v脱钩/vi以及/cc扩张/v性/ng藕/n合/v和/cc衰退/vi性/ng藕/n合/v;/wf其次/c,/wdOECD/x脱钩/vi指数/n法/n不/d利于/v脱钩/vi状态/n的/ude1判断/vn;/wf最后/f,/wdTaPi/x"/x脱钩/vi指标/n消除/v了/ule量/n纲/n因素/n的/ude1影响/vn。/wj
本文/r采用/v的/ude1是/vshi几/mpio/x脱钩/vi指标/n,/wd对/p其/rz进行/vx因果/n链/ng分解/v,/wd将/p碳/n排放/vn与/cc经济/n增长/vn之间/f的/ude1脱钩/vi弹性/n分解/v为/p两/m组/q,/wd即/v碳/n排放/vn与/cc能源/n消费量/n之间/f的/ude1弹性/n和/cc能源/n消费量/n与/pGDP/x值/n之间/f的/ude1弹性/n。/wj
具体/ad如下/vi:/x式/k中/fE/x为/p能源/n消费/vn总量/n,/wd马/nE/x,/wdGD/x月/n为/p能源/n消费/vn的/ude1GDP/x弹性/n,/wd其/rz与/p能源/n结构/n变化/vn和/cc能源/n效率/n有关/vn;/wf场/qvc/x,/wdE/x)/wky为/p碳/n排放/vn的/ude1能源/n消费/vn弹性/n,/wd因为/c不同/a种类/n能源/n的/ude1碳/n排放/vn系数/n不同/a,/wd所以/c该/rz指标/n主要/d与/p能源/n消费/vn结构/n有关/vn,/wd也/d与/p减/v排/v技术/n!/wt
生态/n效率/n有关/vn(/wkz彭佳雯/nr,/wd2/un011/m)/wky。/wj
风/nc/x,/wdGD/x月/n为/p能源/n碳/ng排放/v的/ude1GDP/x弹性/n。/wj
本文/r对/p能源/n碳/ng排放/v的/ude1测算/vn方法/n采用/v的/ude1是/vshi徐国泉/nr!/wt
刘则渊/nr等/udeng(/wkz2/un006/m)/wky提出/v的/ude1估算/vn公式/n:/x其中/rz,/wdE/x为/p中国/ns一/m次/qv能源/n的/ude1消费/vn总量/n,/wd只/d为/v所/usuo占/v比重/n,/wd这里/rzs的/ude1凡/d的/ude1取值/v见/v下/vf表/n1:/m类/q能源/n的/ude1碳/n排放/vn强度/n,/wd又/d为/v乞/x类/q能源/n在/p总/b能源/n表/vg1/a各类/r能源/n的/ude1碳/n排放/vn系数/n项目/n煤炭/n石油/n天然气/n水电/n!/wt
核电/n基于/p式/k(/wkz5/b)/wky!/wt
(/wkz6/vg)/wky!/wt
(/wkz7/v)/wky和/cc选定/v的/ude1指标/n的/ude1算法/n,/wd整理/v并/cc计算/v相关/vi的/ude1统计/vn数据/n如/v表/vg2/un所/usuo示/vg,/wd并/cc采用/v图/n1/a的/ude1标准/n评价/vn,/wd得到/v表/vg3。/m表/n2/un1999年/m一/m2/un008年/m北京/ns地区/nGDP/x!/wt
能源/n消费/vn总/d且/c及/cc碳/n排放/vn数据/n注/v:/xGDP/x为/v以/p1978年/m不/d变/v价格/n计算/vGDP291/x!/wt
1978/m$/x$/x'/x§30/m'/xT/x$/x§H/x'/x?/ww
2/un期/qv吴振信/nr,/wd等/v:/x北京/ns地区/n经济/n增长/vn与/cc碳/n排放/v脱钩/vi状态/n实证/n研究/vn表/n31999年/m一/m2/un008年/m北京/ns地区/nGDP/x与/cc能源/n碳/ng排放/v脱钩/vi相关/vi指标/n时间/n%vGDP%vE%vC/x马/n尽/viGDP/x)/wky风/nc/x,/wd司/n场/qvcGD/x玛/nr1脱钩/vi状态/n2/un。/wj
2/un结果/n分析/v从/p表/n3/n的/ude1脱钩/vi状态/n的/ude1结果/n我们/rr可以/v看到/v,/wd2/un001年/m和/cc2/un002年/m为/v强/ng脱钩/vi,/wd2/un004年/m为/p扩张/v性/ng藕/n合/v(/wkz增长/v链接/n)/wky,/wd其他/rzv的/ude1年份/n都/d是/vshi弱/a脱钩/vi状态/n,/wd即/v经济/n增长/vn的/ude1同时/n,/wd能源/n碳/ng排放/v也/d在/p增加/v,/wd但/c碳/n排放/v增加/v的/ude1幅度/n要/v小/a于/p经济/n增长/vn的/ude1幅度/n。/wj
例如/v,/wd2/un000年/m碳/n排放/vn的/ude1增量/n为/p3。/m1%/m,/wd小/a于/p经济/n增长/vn量/n的/ude1n/x。/wj
8%。/m总体/n上/f看/v,/wd从/p1999/m一/m2/un008年/m,/wd北京/ns地区/n的/ude1能源/n碳/n排放/vn与/cc经济/n增长/vn都/d属于/v脱钩/vi的/ude1状态/n,/wd这/rzv与/p彭佳雯/nr!/wt
黄贤金/nr等/udeng(/wkz2/un011/m)/wky对/p全国/n整体/n研究/vn的/ude1结果/n是/vshi相/d一致/a的/ude1,/wd他们/rr指出/v,/wd我国/n的/ude1经济/n增长/vn与/cc碳/n排放/v脱钩/vi空间/n格局/n较为/d分散/a,/wd脱/v钩/n程度/n最高/a的/ude1是/vshi华北/ns地区/n的/ude1北京/ns,/wd并/cc认为/v这/rzv可能/v是/vshi由/p干/v发达/a省份/n注重/v能源/n使用/v效率/n,/wd从而/c实现/v了/ule较高程度/n的/ude1脱钩/vi发展/vn。/wj
具体/ad分析/v如下/vi:/x从/p表/n3/vg可以/v看到/v,/wd2/un001年/m和/cc2/un002年/m北京/ns的/ude1能源/n碳/n排放量/n的/ude1变化值/n都/d为/v负值/n,/wd分别/d为/v-1。/m5%/ns和/cc一/m0。/m7%/m,/wd能源/n碳/n排放量/n与/cc经济/n增长/v呈现/v强/ng脱钩/vi,/wd即/d在/p经济/n增长/vn的/ude1同时/n,/wd与/p之/uzhi相关/vn的/ude1能源/n碳/n排放量/n是/vshi下降/vi的/ude1。/wj
我们/rr认为/v其/rz原因/n有/vyou两点:/t首先/c,/wd2/un001年/m是/vshi我国/n申奥/nrf之/uzhi年/qt,/wd为了/p实现/v//w绿色/n奥运/n0/n这/rzv一/m大/a主题/n,/wd北京市/ns政府/n出台/vi了/ule一/m系列/q的/ude1政策/n,/wd包括/v:/x到/v2/un007年/m,/wd北京市/ns天然气/n用量/n将/d增加/v5/f倍/q,/wd市区/s生活/vi全部/m采用/v清洁/a能源/n,/wd在/p奥运/n村/n和/cc比赛/vn场地/n最/d大限度/n使用/v风力/n发电/vi,/wd利用/v地热/n!/wt
太阳/n能/v提供/v热水/n,/wd充分/ad利用/v自然/n采光/vn等/udeng,/wd以/p减少/v能源/n消耗/vn。/wj
这/rzv一/m系列/q的/ude1措施/n都/d为/p北京/ns的/ude1经济/n增长/vn与/cc碳/n排放量/n的/ude1强/a脱钩/vi创造/v了/ule良好/a条件/n。/wj
其次/c,/wd北京市/ns政府/n在/p2/un001年/m出台/vi了/ule5/b北京市人民政府/nt办公厅/n关于/p印发/v北京市/ns能源/n结构/n调整/vn规划/n的/ude1通知/n6/vg,/wd明确/v了/ule北京市/ns能源/n结构/n的/ude1发展/vn计划/n与/cc调整/vn细则/n,/wd为/p北京市/ns之后/f一/m段时间/n的/ude1能源/n调整/v确定/v了/ule指向/v;/wf同时/c也/d是/vshi为/p2/un001/m一/m2/un002年/m北京市/ns的/ude1能源/n碳/n排放/vn与/cc经济/n增长/vn的/ude1强/a脱钩/vi提供/v了/ule政策/n保障/vn。/wj
