训练/vn过程/n中/f,/wd输入/v层/qv和/cc隐/v层/qv通常/d有/vyou多/m个/q神经元/n,/wd设/v输入/v层/qv有/vyou"/x个/q神经元/n,/wd隐/v层/qv有/vyoun/x个/q神经元/n,/wd输入/v信息/n为/v:/x1/a,/wd22/nr,/wd,/wd,/wd:/x"/x,/wd这样/rzv隐/v层/qv每个/r神经元/n都/d接收/v了/ule一定/b权/n重/a的/ude1输入/vn层/qv的/ude1信息/n,/wd则/c第/mj/x个/q隐/v层/qv神经元/n的/ude1输入/vn值/n为/p其/rz中/f见/v图/nJ/x个/q神经元/n的/ude1权/n重/a。/wj
神经/n网络/n拓扑/n结构图/n1ANN/x模型/n的/ude1拓扑/n结构图/n输入/v层/qv到/v隐/v层/qv的/ude1输出/vn信息/n为/v场/qv一/mf/x(/wkz艺/ng"/x-/n,/wd:/x-/n一/m0j/x)/wky,/wdJ/x=/w=/w1/a,/wd2/n,/wd3/n,/wd,/wd(/wkz4/ng)/wkyf/x(/wkzx/x)/wky为/vS/x型/k传递/v函数/n,/wdv/x!/wt
一/m"/x恶/a,/wd其/rz作用/n是/vshi将/d输入/v数据/n映射/vi到/v(/wkz0/n,/wd1/a)/wky范围/n内/f,/wd隽/ng为/v阂/vg值/n#/x输出/v层/qv在/p本文/r预测/vn中/f只/d有/vyou一/m层/qv,/wd其/rz隐/v层/qv到/v输出/v层/qv的/ude1输入/vn值/n为/p其中/rzp/x=/w1/a,/wd2/n,/wd3/n,/wd,/wd,/wdp/x个/q训练/vn样本/n的/ude1计算误差/n一/m箱/q勺/ng一/m勺/q)/wky2/n(/wkz7/v)/wky这里/rzs采用/v梯度/n最/d速/ag下降/vi法/n来/vf求/vE/x的/ude1最/d小/a值/n,/wd通过/p不断/d地/ude2调整/v输入/v层/qv和/cc隐/v层/qv的/ude1权/n值/v来/vf达到/v训练/vn样本/n的/ude1预测/vn最/d优/ag,/wdBP/x神经/n网络/n的/ude1学习/vn算法/n的/ude1具体步骤/n可见/v!/wt
15/m]/wky:/x由于/c对/p混/x合/v时间/n序列/n,/wd无法/v用/p单一/a的/ude1模型/n来/vf拟合/n预测/vn,/wd因为/c丢失/v的/ude1一部分/m信息/n从而/c低估/v残差/n部分/n对/p预测/vn结果/n的/ude1影响/vn,/wd而/cc尝试/v用/p线性/n和/cc非线性/b的/ude1混/x合/v模型/n可以/v某种/rz程度/n上/f弥补/v单一/a模型/n的/ude1缺点/n。/wj
具体/a来说/uls,/wd考虑/v先/d用/p指数/n平滑/a模型/n对/p时间/n序列/n进行/vx预测/vn,/wd提取/v出/vf时间/n序列/n中/f的/ude1线性/n部分/n,/wd再/d对/p线性/n预测/vn的/ude1残差/n进行/vx神经/n网络/n建模/n,/wd并/cc用/v前/f几/m天/qt的/ude1残差/n来/vf预测/v当前/t的/ude1残差/n。/wj
而/cc具体/a神经/n网络/n结构/n用/p时间/n序列/n所/usuo估计/v的/ude1ARIMA/x模型/n的/ude1自/rr回归/v阶数/n来/vf确定/v。/wj
设/v用/p指数/n加权/vi平滑/a模型/n预测/v出/vf的/ude1时间/n序列/n为/vL:/x,/wd则/c这里/rzs时间/n序列/ne:/x是/vshi指数/n加权/vi滑动平均/n模型/n预测/vn的/ude1残差/n,/wd是/vshi一/m列/q非线性/b时间/n序列/n。/wj
再/d用/vBP/x神经/n网络/n对/p残差/n进行/vx训练/vn预测/vn,/wd对/p残差/n部分/n进行/vxARIMA/x建模/n,/wd确定/v自/rr回归/v阶数/np/x,/wd则/c神经/n网络/n的/ude1预测/vn精度/n要/v高/a(/wkz具体/ad见/v下/vf一/m节/q实证/n分析/vn部分/n)/wky。/wj
但是/c用/p这种/r传统/n混/x合/v模型/n的/ude1前提/n假设/n是/vshi时间/n序列/n的/ude1线性/n和/cc非线性/b部分/n是/vshi可/v加/v的/ude1,/wd这样/rzv会/v低估/v了/ule这/rzv两/m个/q部分/n之间/f的/ude1关系/n,/wd有/vyou可能/n是/vshi相乘/v的/ude1关系/n。/wj
而且/c也/d无法/v确定/v线性/n成分/n的/ude1残差/n部分/n就/d一定/d服从/v非线性/b的/ude1模型/n。/wj
基于/p此/rzs,/wd有/vyou必要/a对/pMEA/x模型/n进行/vx改进/vn,/wd并且/c这里/rzs所/usuo提出/v的/ude1新/a的/ude1时间/n序列/n预测/vn模型/n不/d需要/v传统/n混/x合/v模型/n的/ude1假设/n前提/n,/wd也/d能/v保证/v这种/r改进/v的/ude1模型/n(/wkz记/v做/vIEA/x模型/n)/wky既/c能/v比/p单一/a的/ude1指数/n加权/vi滑动平均/n模型/n和/cc神经/n网络/n模型/n好/a,/wd也/d比/pMEA/x模型/n具有/v更/d好/a的/ude1预测/vn精度/n。/wj
由于/p传统/n的/ude1混/x合/v模型/n是/vshi时间/n序列/n线性/n部分/n和/cc非线性/b部分/n的/ude1线性/n叠/x加/v,/wd即/vZt/x=/wL/x,/wd十/mNt/x其中/rzL:/x表示/v时间/n序列/n的/ude1线性/n部分/n,/wdNt/x表示/v时间/n序列/n的/ude1非线性/b部分/n。/wj
L:/x是/vshi用/p指数/n平滑/a模型/n提取/v出来/vf的/ude1,/wd从/p是/vshi经/p指数/n平滑/a模型/n预测/vn之后/f的/ude1残差/n部分/n,/wd用/vBP/x神经/n网络/n处理/vn,/wd其中/rz,/wd神经/n网络/n的/ude1输入/vn阶数/n由/p时间/n序列/n的/ude1AIUMA/x模型/n的/ude1自/rr回归/v阶数/n确定/v,/wd因为/c自/rr回归/v阶数/n一定/b程度/n上/f很/d接近/v的/ude1表示/v了/ule时间/n序列/n的/ude1历史/n数据/n和/cc当前/t数据/n之间/f的/ude1输入/vn输出/vn关系/n。/wj
这里/rzs所/usuo提出/v的/ude1改进/vn指数/n加权/vi滑动平均/n神经/n网络/n模型/n(/wkzIEA/x模型/n)/wky也/d可以/v说是/vMEA/x模型/n的/ude1一/m种/q推广/vn,/wd而/cc认为/v时间/n序列/n的/ude1线性/n部分/n和/cc非线性/b部分/n服从/v某种/rz函数关系/n,/wd即/d及/v=/wf/x(/wkzL/x"/x,/wd从/vg)/wky(/wkz11/d)/wky具体/a的/ude1算法/n过程/n如下/vi:/x第1/m步/qv线性/n建模/n。/wj
首先/c对/p时间/n序列/n进行/vx指数/n平滑/an预测/vn,/wd得到/v预测/vn值/nL/x-/n和/cc残差/n"/x"/x,/wd预测/v值/n是/vshi时间/n序列/n的/ude1线性/n部分/n其中/rz,/wdL:/x是/vshi时刻/nt/x由/p指数/n平滑/a所得/n的/ude1预测/vn值/n,/wd"/x-/n是/vshit/x时刻/n的/ude1线性/n预测/v残差/n。/wj
事实上/bl,/wd"/x:/x不仅仅/d是/vshi非线性/b的/ude1,/wd其中/rz还/d含有/v线性/n的/ude1成分/n,/wd这/rzv就/d不/d是/vshi指数/n平滑/a模型/n所/usuo能/v处理/v的/ude1了/y。/wj
所以/c预测/v值/n和/cc残差/n将/d会/v被/pbei下/f一/m步/qv中/f所/usuo运用/v。/wj
第/m2/n步/qv非线性/b建模/n。/wj
在/p第一/m步/qv的/ude1基础/n上/f进一步/d对/p非线性/b部分/nNt/x进行/vx分解/vn。/wj
因为/c无法/v保证/v由/p指数/n平滑/an预测/vn后/f的/ude1残差/n部分/n就/d刚好/d服从/v非线性/b的/ude1模式/n,/wd残差/n还/d有/vyou可能/n包含/v有/vyou线性/n成分/n,/wd而/cc如果/c残差/n部分/n仍旧/d包含/v线性/n成分/n,/wd那么/rz指数/n平滑/a模型/n的/ude1预测/vn是/vshi不/d充分/a的/ude1;/wf原始/a数据/n中/f也/d有/vyou可能/n存在/v线性/n成分/n,/wd也/d会/v给/vEWMA/x模型/n的/ude1预测/vn造成/v影响/vn,/wd所以/c这里/rzs将/d残差/n部分/n和/cc原始/a数据/n的/ude1非线性/b部分/n提取/v出/vf来/vf,/wd即/vNl/x亡/v表示/v残差/n的/ude1非线性/b部分/n,/wd凡/d"/x表示/v历史/n数据/n的/ude1非线性/b部分/n,/wd而/ccN1/x"/x=/wfl/x(/wkze/x卜/vg1/a,/wde/x卜/vg2/n,/wd,/wd,/wde:/x一/m"/x)/wky,/wd凡/d:/x=/wf2/x(/wkz及/cc一/m1/a,/wd夙/ng一/m2/n,/wd,/wd,/wdZt/x一!/t)/wky(/wkz14/m)/wky其中/rzfl/x,/wd儿/ng是/vshi由/p神经/n网络/n决定/v的/ude1非线性函数/n。/wj
这样/rzv,/wd完整/a的/ude1模型/n可/v表示/v为/vZt/x=/wf/x(/wkzNl/x"/x,/wdL/x亡/vg)/wky,/wd从/p*/x=/wf/x(/wkze/x卜/vg1/a,/wde/x"/x一/m2/n,/wd,/wd,/wdet/x一/m"/x1/a,/wdL:/x,/wdzt/x一/m1/a,/wd及/cc一/m2/n,/wd,/wd,/wd及/cc一二/m1/a)/wky(/wkz15/m)/wkyf/x是/vshi由/p神经/n网络/n决定/v的/ude1非线性函数/n,/wdml/x,/wdnl/x是/vshi由/p神经/n网络/n的/ude1输入/vn结构/n所/usuo决定/v的/ude1阶数/n,/wd当然/d,/wd如果/c序列/n只/d包含/v线性/n结构/n,/wd那么/cn:/x=/w0/n;/wf若/c序列/n只/d包含/v非线性/b结构/n,/wd则/dL/x,/wd会/v被/pbei去掉/v,/wd而/cc只/d用/v其他/rzv剩余/v的/ude1变量/n。/wj
第/m3/n步/qv对于/p输入/v层/qv残差/n非线性/b部分/n的/ude1输入/vn神经元/n个数/n的/ude1确定/vn和/cc历史/n数据/n的/ude1非线性/b部分/n输入/vn神经元/n个数/n的/ude1确定/v(/wkz即/vm/x,/wd,/wd"/x:/x的/ude1确定/v)/wky,/wd这里/rzs利用/v对/p原始/a数据/n的/ude1ARIMA/x建模/n的/ude1阶数/n来/vf确定/v。/wj
