基于/pSDA/x结构/n分解/v的/ude1中国/ns农村/n居民/n1/a引言/n过去/vf十几/m年/qt,/wd我国/n经济/n保持/v了/ule较/d快/a的/ude1增长/vn速度/n,/wd然而/c我国/n居民/n收入/n尤其/d是/vshi农村/n居民/n收入/n增长/vn却/d相对/d缓慢/a,/wd城乡/n居民/n收入/n增速/n均/d明显/ad低于/vGDP/x增速/n,/wd且/c农村/n居民/n人均/a纯收入/n增速/n长期/d落后/a于/p城镇/n居民/n人均/a可/c支配/v收入/n。/wj
改善/v收入/n分配/vn格局/n,/wd提高/v居民/n收入/n,/wd缩小/v城乡/n差距/n已/d成为/v我国/n政府/n//w十二五/m0/n期间/f的/ude1重要/a政策/n导向/n。/wj
如何/ryv提高/v农村/n居民/n收入/n,/wd缩小/v城乡/n居民/n收入/n差距/n一直/d是/vshi社会/n各界/rz关注/v的/ude1焦点/n。/wj
过去/t20年/m的/ude1时间/n里/f我国/n农村/n居民/n家庭/n年/qt人均/a纯收入/n有/vyou了/ule很/d大/a的/ude1提高/vn。/wj
其中/rz,/wd2007年/m我国/n农村/n居民/n家庭/n人均/a纯收入/n为/p4140。/m4/n元/q,/wd比/p1997年/m的/ude12090。/m1/a元/q上涨/vi了/ule2050。/m3/n元/q,/wd增长/v了/ule接近/v一/m倍/q。/wj
经济/n的/ude1发展/vn与/cc农村/n居民/n收/v人/n的/ude1提高/vn存在/v着/uzhe密不可分/vl的/ude1联系/vn。/wj
那么/c,/wd从/p1997年/m到/v2007年/m的/ude1十年/m间/q,/wd在/pGDP/x的/ude1构成/n中/f消费/v!/wt
投资/v!/wt
出口/vn!/wt
以及/cc各/rz部分/n的/ude1结构/n对/p农村/n居民/n收入/n的/ude1提高/vn到/v底/f起/vf到/v了/ule怎样/ryv的/ude1作用/n?/ww
本文/r利用/v结构/n分解/v分析/v(/wkzStruetuxeDeeompositionAnalysis/x,/wdSDA/x)/wky,/wd运用/v投入/vn产出/vn技术/n对/p农村/n居民/n收入/n进行/vx结构/n分解/v,/wd研究/v199/m不/d2007十年/m间/q我国/n农村/n居民/n收入/n增长/vn的/ude1内在/b原因/n。/wj
本文/r编制/v了/ule中国/ns1997年/m!/wt
2007年/m城乡/n居民/n收入/n分配/vn投入/vn产出/vn表/n,/wd根据/p该/rz表/n,/wd将/p农村/n居民/n收入/n的/ude1变动/vn分解/v为/p技术/n!/wt
最终/b需求/n结构/n!/wt
GDP/x等/udeng因素/n的/ude1变动/vn,/wd通过/p对/p比/p两/m个/q年份/n农村/n居民/n收入/n的/ude1变动/vn,/wd找/v出/vf促进/v和/cc削弱/v我国/n农村/n居民/n收入/n增加/v的/ude1关键/n因素/n。/wj
2/b模型/n结构/n分解/v分析/v是/vshi投入/v产出/vn技术/n中/f的/ude1重要/a实证/n研究/vn工具/n之一/rz,/wd其/rz基本思想/n是/vshi将/p经济/n系统/n中/f的/ude1某个/rz因变量/n的/ude1变动/vn分解/v为/v与/p之/uzhi相关/vn的/ude1各/rz独立/a自变量/n变动/vn的/ude1和/cc,/wd进而/c测度/v各/rz自变量/n变动/v对/p因变量/n变动/vn贡献/n的/ude1大小/n。/wj
Rose/x和/ccCasler/x(/wkz1996/m)/wky曾/d对/p结构/n分解/v分析/v作/v过/uguo系统/n综述/n[/wkzll/x,/wdDietzen/x-bacher/x等/udeng进一步/d对/psDA/x做/v了/ule理论/n改进/vl/x//w一/ma/x]/wky。/wj
在/p国内/s,/wd结构/n分解/v分析/v的/ude1研究/vn和/cc应用/vn源于/v陈锡康/nr和/cc郭菊娥/nr(/wkz2000/m)/wky的/ude1介绍/vn和/cc研究/vn。/wj
2。/m1/a结构/n分解/v分析模型/nlsJ/x本文/r在/p一般/ad投入/v产出/vn表/n的/ude1基础/n上/f构建/v出/vf国民经济/n各/rz部门/n的/ude1城乡/n居民/n收入/n分配/vn矩阵/n,/wd编制/v了/ule1997年/m和/cc2007年/m中国/ns城乡/n居民/n收入/n投/v人/n产出/vn表/n在/p开放/v的/ude1静态/n价值/n型/k投入/v产出/vn模型/n中/f,/wd有/vyou行/ng向/p平/a关系式/n:/x艺/ng!/wt
,/wd+fzn+f。/xv/x+/q尸/ng+fl!/x+/vg尸/ng+/vg尸/ng+f。/xM/x+/q尸/ng一/m"/xj/x//w1/a其中/rz,/wdzij/x表示/v第/mJ/x个/q部门/n对/p第/m乞/x个/q部门/n的/ude1直接/a消耗量/n,/wd二!/t表示/v第/m乞/x个/q部门/n的/ude1总/b产出/vn,/wd表示/v农村/n居民/n消费/vn!/wt
尸/ng表示/v城镇/n居民/n消费/vn!/wt
尸/ng表示/v政府/n消费/vn!/wt
fz/x!/wt
表示/v资本/n形成/v!/wt
表示/v库存/n增加/v!/wt
表示/v出口/vn!/wt
严/ad表示/v进口/v!/wt
尸/ng为/v其他/rzv,/wd九/m为/p第/mi/x个/q部门/n的/ude1最终/b需求/n合计/v。/wj
将/p直接/ad消耗/v系数/n矩阵/nA/x二/m(/wkz假/a,/wd)/wky二/m(/wkz句/q//w芍/x)/wky代/v入/v上/f式/k,/wd整理/v可/v得/ude3列/v昂/vg惕/x夫模型/n的/ude1矩阵形式/n如下/vi:/x其中/rz石/ng一/m(/wkzI/x一/mA/x)/wky一/m,/wdX/x二/m(/wkzI/x一/mA/x)/wky一/m,/wdF/x二/m云/nF/x是/vshi完全/ad需要/v系数/n矩阵/n,/wd即/d列/v昂/vg惕/x夫/ng逆/vg矩阵/n,/wdF/x为/p最终/b需求/n列向量/n。/wj
定义/n各/rz部门/n农村/n居民/n收入/n系数/nA/x,/wd如下/vi:/xA/x二/m0/n一/m-/q一/m,/wd)/wky一/m(/wkz可/v//wX/x,/wd)/wky表示/v第/mJ/x个/q部门/n的/ude1农村/n居民/n收入/n占/v第/mJ/x个/q部门/n总/b产出/vn的/ude1比例/n。/wj
从/p而/cc农村/n居民/n收入/n行/ng向量/n可/v表示/v为/vWn/x=/wA/x二/m"/xX/x=/wA/x二/m"/xBF/x(/wkz1/a)/wky其中/rzA/x切/v"/x=/wdiag/x(/wkzA/x二/mn/x)/wky。/wj
为了/p考虑/vGDP/x!/wt
最终/b需求/n组成/v结构/n对/p农村/n居民/n收入/n的/ude1影响/vn,/wd本文/r将/dGDP/x分解/v为/p农村/n居民/n消费/vn!/wt
城镇/n居民/n消费/vn!/wt
政府/n消费/vn!/wt
固定/a资本/n形成/v!/wt
库存/n增加/v!/wt
出口/vn!/wt
进口/v等/udeng。/wj
并/d将/p最终/b需求/n列向量/n分解/v为/v:/xF/x=/wSy/x=/wSHG/x其中/rz,/wds/x二/m(/wkz了/ule气/nfU/x,/wd,/wd,/wd了/uleo/x)/wky为/p最终/b需求/n对/p各/rz部门/n消耗/v的/ude1结构/n矩阵/n,/wd了/uleR/x二/m(/wkz护/v//wr/x)/wky"/x!/wt
,/wd,/wd:/x-U/x,/wdfG/x,/wd//w,/wd-/n//w,/wd-/n//w,/wd-/n//w,/wdf/x"/x依此类推/vl;/wfY/x为/p各类/r最终/b需求/n合计/v列向量/n;/wf00/m最终/b需求/n结构/n对角/n矩阵/n,/wd其/rz元素/n为/p各类/r最终/b需求/n合计/v占/v增加值/n的/ude1比重/n;/wfG/x为/p增加值/n合计/v列向量/n。/wj
进而/c可/v得/v,/wdw/x//w=/w凡/d"/xx/x二/m几/m"/x石/nF/x=/w凡/d"/x石/nsy/x=/w几/m"/x后/fHG/x(/wkz2/b)/wky:/x基于/pSDA/x结构/n分解/v的/ude1中国/ns农村/n居民/n收/v人/n分析/v2。/m2/b结构/n分解/v分析/v为了/p分析/v1997年/m一/m2007年/m十年/m间/q农村/n居民/n收入/n的/ude1变化/vn,/wd假定/v1997年/m为/p基期/n,/wd记/v为/v"/x,/wd2007年/m为/p报告/n期/qv,/wd记/v为/p1。/m则/c根据/p式/k(/wkzl/x)/wky农村/n居民/n收入/n列向量/n对应/vi的/ude1两极/n分解/v公式/n如下/vi:/xvw/x//w=/w衅/x一/m衅/x=/wA/x叨/x"/xIBIFI/x一/mA/x二/m们/koBoFO/x=/wvA/x,/wdBIFI/x+A/x二!/tvBFI/x十/mA/x叨/x00B0vF/x(/wkz3/n)/wky同/p理/n可/v得/v,/wdvW/x性/n=/wvA/x叨/x"/xBoFO/x+A/x叨/x"/xivBFO/x+A!/x"/x1BivF/x(/wkz4/ng)/wky结合/v公式/n(/wkz3/n)/wky和/cc(/wkz4/ng)/wky可以/v计算/v各/rz因素/n变动/v对/p农村/n居民/n收入/n的/ude1作用/n。/wj
例如/v,/wd农村/n居民/n收入/n系数/n的/ude1变动/vnv/x凡/d"/x对/p农村/n居民/n收/v人/n的/ude1影响/vn效应/n可以/v通过/p(/wkzv/x几/m!/wt
瓦/nF0/x+v/x几/m"/x瓦/nFl/x)/wky//w2/n计算/v得到/v。/wj
其他/rzv变动/v效应/n可以/v类似/v计算/v得到/v。/wj
同/p理/n,/wd根据/p式/k(/wkz2/b)/wky农村/n居民/n收入/n列向量/n可以/v做/v如下/vn两极/n分解/v:/x其中/rz,/wd各类/r最终/b需求/n结构/n系数/n矩阵/nS/x!/wt
各项/r最终/b需求/n合计/vY/x以及/ccGDP/x结构/nH/x还/d可以/v进一步/d根据/p农村/n居民/n消费/vn!/wt
城镇/n居民/n消费/vn!/wt
政府/n消费/vn!/wt
固定/a资本/n形成/v!/wt
库存/n增加/v!/wt
出口/vn!/wt
进口/v等/udeng进行/vx分解/vn。/wj
3-/m数据/n来源/n及/cc处理/vIel/x本文/r数据/n来自/v中国/ns国家/n统计局/n国民经济/n核算/v司/nr1编制/n的/ude11997年/m40/m部门/n!/wt
2007年/m42/m部门/n中国/ns投入/v产出/vn表/n,/wd以及/cc相应/vn年份/n的/ude1中国/ns农业/n统计/vn年鉴/n!/wt
中国/ns乡镇企业/n及/cc农产品/n加工/vn工业/n年鉴/n!/wt
