图片/n类别/n!/wt
分享/v时间/n的/ude1重要性/n系数/n(/wkzimPt/x)/wky分别/d是/vshi0。/m4!/m0。/m3!/m0。/m3。/m每/rz一/m张/q图片/n的/ude1用户/n兴趣/n度/qv(/wkzpic/x二/mnterest/x)/wky算法/n如下/vi:/xpie/x二/mnterest/x=/wimptl/x*/xisfriend/x+imptZ/x*/xeategory/x二/mnterest/x+impt3/x*/xeffeetiveness/x先/d从/p云端/n筛选/v出/vf与/p用户/n当前/t经纬度/n相同/a的/ude1图片/n信息/n,/wd得到/v一个/mq初始/b图片/n列表/vi,/wd然后/c对/p初始/b图片/n列表/vi根据/pPicjnterest/x从/p大/a到/v小/a排序/vn,/wd取/v前面/f50/m张/q图片/n作为/p用户/n感/vg兴趣/n的/ude1图片/n列表/vi。/wj
3/n结论/n本文/r采用/v推荐/v技术/n理论/n,/wd结合/v移动/vn云/n计算/vn以及/ccandro/x记/v手/n持设备/n的/ude1特点/n和/cc优势/n,/wd建立/v了/ule用户/n兴趣/n模型/n库/n,/wd提出/v了/ule一/m种/q可行/a的/ude1基干/n地理/n位置/n的/ude1个性化/vn服务/vn推荐/v解决/v方/q案/x。/wj
该/rz方/q案/x的/ude1特点/n是/vshi采用/v归/v一/m化/v思想/n,/wd将/d搭/v建/v用户/n兴趣/n库/n的/ude1各/rz元素/n量化/vn,/wd同时/c结合/v了/ule社交/n网络/n和/cc时效性/n特点/n。/wj
经测试/n,/wd该/rz方/q案/x可以/v为/p用户/n提供/v较为/d准确/a和/cc个性化/vi的/ude1服务/vn。/wj
北京/ns地区/n经济/n增长/vn与/cc碳/n排放/v脱钩/vi状态/n实证/n研究/v1/a引言/n随着/p人类/n经济/n活动/vn的/ude1不断/d扩大/v,/wd人们/n对/p环境/n的/ude1破坏/vn与日俱增/vl,/wd这/rzv导致/v最/d严重/a的/ude1一个/mq后果/n就/d是/vshi大气/n二氧化碳/n浓度/n的/ude1升高/vn以及/cc全球/n气候/n变/v暖/a。/wj
中国/ns的/ude1二氧化碳/n排放量/n位于/v世界/n的/ude1前列/n,/wd为此/bl,/wd我国/n政府/n承诺/v到/v2/un020年/m把/pba碳/n打/v瞰/x强度/n在/p2/un005年/m的/ude1基础/n上/f降低/v40%/m越/vg5%。/m这/rzv一/m承诺/v既/c是/vshi中国/ns作为/p世界/n上/f有/vyou影响/vn大国/n的/ude1责任/n,/wd也/d是/vshi积极/ad应/v对/p国际/n形势/n变化/vn!/wt
掌握/v新/a一/m轮/qv国际/n竞争/v主动/a的/ude1内在/b要求/n。/wj
但是/c,/wd从/p目前/t中国/ns的/ude1发展/vn阶段/n来看/u,/wd二氧化碳/n的/ude1排放量/n的/ude1增长/vn是/vshi必/d不/d可/v免/v的/ude1。/wj
因此/c,/wd研究/v经济/n增长/vn与/cc碳/n排放量/n之间/f的/ude1关系/n和/cc发展趋势/n,/wd显得/v尤为/d重要/a。/wj
经济/n合作/vn与/cc发展/vn组织/n(/wkzOECD/x)/wky为/p探讨/v如何/ryv阻断/v环境/n质量/n损害/vn与/cc经济/n发展/vn之间/f的/ude1关联性/n,/wd测度/v经济/n发展/vn与/cc物质/n消耗/vn投入/vn和/cc生态/n环境/n之间/f的/ude1压力/n状况/n,/wd提出/v了/ule//w脱钩/vi,/wd。/wj
(/wkzdecoupling/x)/wky理论/n,/wd推动/v了/ule国际/n上/f建立/v各类/r经济/n活动/vn//w脱钩/vi指标/n0/b的/ude1理论/n研究/vn。/wj
脱/v钩/n理论/n关注/v的/ude1领域/n有/vyou很多/m,/wd它/rr可以/v用/v来/vf研究/v某些/rz特定/b部门/n产出/vn与/cc其/rz相应/vn环境/n冲击/vn之间/f的/ude1脱钩/vi关系/n,/wd主要/d有/vyou能源/n!/wt
交通/n!/wt
农业/n以及/cc制造业/n等/udeng领域/n的/ude1脱钩/vi分析/v(/wkz钟太洋/nr,/wd黄贤金/nr等/udeng,/wd2/un010/m)/wky。/wj
Tapio/x(/wkz2/un005/m)/wky对/p欧洲/ns1970/m一/m2/un001年/m的/ude1交通/n业/ng经济/n增长/vn与/cc运输量/n!/wt
温室/n气体/n排放/vn之间/f的/ude1脱钩/vi情况/n和/cc芬兰/nsf的/ude1交通/n业/k脱钩/vi情况/n进行/vx了/ule研究/vn,/wd并/cc得出/v了/ule我们/rr常/d用/v来/vf分析/v的/ude1脱钩/vi指标/n分类/vn和/cc评价/vn标准/n。/wj
此外/c,/wd脱/v钩/n理论/n还/d应用/v于/p干预/vn政策/n的/ude1研究/vn方面/n,/wd即/d对/p实现/v脱钩/vi所/usuo能/v采取/v的/ude1政策/n的/ude1讨论/vn。/wj
目前/t,/wd我国/n关于/p脱钩/vi理论/n的/ude1研究/vn主要/d集中/v在/p能源/n!/wt
环境/n方面/n。/wj
赵/nr1一/m平/a!/wt
孙启宏/nr!/wt
段宁/nr(/wkz2/un006/m)/wky根据/p//w脱钩/vi0/n与/p//w复/vg钩/n0/b的/ude1基本思想/n,/wd对/p我国/n经济/n发展/vn与/cc能源/n消费量/n之间/f的/ude1脱钩/vi关系/n进行/vx了/ule实证/n分析/vn,/wd结果显示/n:/x从/p上/f世纪/n80年代/t开始/v,/wd我国/n经济/n增长/vn与/cc能源/n消费/vn一直/d处于/v弱/a脱钩/vi关系/n状态/n,/wd但/c2/un002年/m和/cc2/un003年/m出现/v了/ule扩张/vn性/ng复/vg钩/n的/ude1趋势/n。/wj
彭佳雯/nr!/wt
黄贤金/nr等/udeng(/wkz2/un011/m)/wky从/p时间/n和/cc空间/n的/ude1角度/n研究/v了/ule我国/n经济/n增长/vn与/cc碳/n排放/vn的/ude1脱钩/vi关系/n及/cc程度/n,/wd认为/v从/p全国/n的/ude1层面/n上/f来/vf看/v,/wd1980/m一/m2/un008年/m期间/f,/wd除/p2/un000/m一/m2/un005年/m以外/f,/wd经济/n增长/vn与/cc碳/n排放/v基本/a上/f呈现/v弱/a脱钩/vi状态/n,/wd脱/v钩/n程度/n受/v宏观/n经济/n形势/n和/cc政策/n调控/vn影响/vn,/wd与/p实现/v强/ng脱钩/vi还有/v差距/n,/wd未来/t一定/b时期/n弱/a脱钩/vi发展趋势/n仍/d将/d持续/vi。/wj
孙耀华/nr!/wt
李忠民/nr(/wkz2/un011/m)/wky对/p199/m于/p2/un008年/m各省/r区/n的/ude1碳/n排放/vn与/cc经济/n增长/vn之间/f的/ude1脱钩/vi关系/n进行/vx了/ule研究/vn,/wd认为/v这/rzv10年/m我国/n绝大部分/m省区/n经济/n增长/vn与/cc碳/n抖/vi瞰/x之间/f呈现/v弱/a脱钩/vi状态/n。/wj
李忠民/nr!/wt
庆东瑞/nr(/wkz2/un010/m)/wky利用/vOECD/x脱钩/vi指标/n及/ccTapio/x脱钩/vi弹性/n对/p山西省/ns工业/n经济/n的/ude1增长/vn与/cc二氧化碳/n脱钩/vi关系/n进行/vx了/ule测度/v,/wd发现/v作为/p山西省/ns国民经济/n支柱/n产业/n之一/rz的/ude1工业/n整体/n呈现/vGDP/x与/cc能耗/n投入/vn及/cc二氧化碳/n排放/vn之间/f呈现/v扩张/v连接/v状态/n,/wd远/ad未/d达到/v脱钩/vi状态/n。/wj
这样/rzv的/ude1细化/vn使/v碳/n排放/vn与/cc经济/n增长/vn的/ude1研究/vn更加/d细/ad分化/vi,/wd更加/d具有/v针对性/n。/wj
由/p前/f人/n研究/vn结果/n我们/rr不/d难/ad发现/v,/wd在/p减/v排/v的/ude1国际/n国内/s大/a背景/n下/f,/wd无论是/c从/p时间/n的/ude1角度/n,/wd还是/c从/p不同/a省区/n的/ude1角度/n中国/ns的/ude1经济/n发展/vn与/cc能源/n碳/n排放/vn之间/f基本/ad呈现/v弱/a脱钩/vi的/ude1状态/n,/wd整体/n发展趋势/n良好/a。/wj
而/cc北京/ns作为/p首都/n,/wd其/rz低碳/n发展/v受到/v外界/n的/ude1关注/vn,/wd鉴于/p此/rzs,/wd本文/r采用/v几/mp10/x脱钩/vi弹性/n指标/n对/p北京市/ns1999/m一/m2/un008年/m的/ude1碳/n排放/vn与/cc经济/n发展/vn之间/f的/ude1脱钩/vi关系/n进行/vx研究/vn,/wd分析/v碳/ng排放/v与/p北京/ns经济/n增长/vn之间/f的/ude1脱钩/vi程度/n与/cc状态/n变化/vn原因/n,/wd为/p制定/v合理/a的/ude1减/vd排/v政策/n和/cc措施/n提供/v依据/n。/wj
2/unTapio/x脱钩/vi弹性/n指标/n的/ude1构建/vn及/cc实证/n分析/v根据环境/n库/n涅茨/nrf曲线/n假说/n,/wd经济/n的/ude1增长/vn一般/ad会/v带来/v环境压力/n和/cc资源/n消耗/v的/ude1增加/vn,/wd但/c当/p采取/v一些/mq有效/a的/ude1政策/n和/cc技术/n后/f,/wd可能/v会/v以/c较/d低/a的/ude1环境压力/n和/cc资源/n消耗/v换取/v同样/d!/wt
甚至/c更加/d快速/b的/ude1经济/n增长/vn,/wd这个/rz过程/n被/pbei称为/v脱钩/vi(/wkz彭佳雯/nr!/wt
黄贤金/nr,/wd2/un011/m)/wky。/wj
世界银行/nt的/ude1脱钩/vi概念/n既/c包括/v去/vf物质/n化/k也/d包括/v去/vf污染/v化/v,/wd是/vshi指/v经济/n活动/vn的/ude1环境/n冲击/vn逐步/d减少/v的/ude1过程/n(/wkz钟太洋/nr!/wt
黄贤金/nr,/wd2/un010/m)/wky。/wj
但是/c,/wd目前/t我们/rr大多/d普遍/ad引用/v的/ude1还/d是/vshi我们/rr在/p前言/n中/f所/usuo提/v到/v的/ude1oECD/x所/usuo提出/v的/ude1脱钩/vi概念/n。/wj
oECD/x把/qv脱钩/vi分为/v绝对/d脱钩/vi和/cc相对/d脱钩/vi,/wd其中/rz,/wd绝对/d脱钩/vi是/vshi指/v经济/n发展/vn的/ude1同时/c与/p之/uzhi相关/vn的/ude1环境/n变量/n保持稳定/n或者/c下降/vi的/ude1现象/n,/wd又/d称/v为/v强/ng脱钩/vi;/wf相对/d脱钩/vi则/d定义/v为/p经济/n增长率/n和/cc环境/n变量/n的/ude1变化率/n都/d为/v正值/v但是/c环境/n变量/n的/ude1变化率/n小于/v经济/n增长率/n的/ude1情形/n,/wd又/d称/v其/rz为/v弱/a脱钩/vi。/wj
2/un。/wj
1/a北京/ns地区/n碳/n排放/vn与/cc经济/n增长/v脱钩/vi体系/n构建/v目前/t,/wd脱/v钩/n分析/vn的/ude1基本/a模型/n有/vyou两/m种/q,/wd即/vOECD/x脱钩/vi指标/n构建/v模式/n和/ccTaPio/x脱钩/vi指标/n构建/v模式/n。/wj
