进一步/d,/wdL0/x(/wkzF/x,/wdH/x)/wky还是/d是/vshi数/m域/nK/x上/f以/p(/wkz?/ww
,/wdF/x,/wdP/x)/wky为/v基/ng的/ude1RIP/x-/wp模/ng,/wd其/rz上/f的/ude1L0/x-/wp内/f积/v是/vshi由/pH/x上/f的/ude1内/f积/v?/ww
·/w,/wd·/w?/ww
所/usuo诱导/v的/ude1,/wd仍/d记/v为/v?/ww
·/w,/wd·/w?/ww
。/wj
具体/a地/ude2讲/v,/wd对/p任意/b的/ude1x/x,/wdy∈L0/x(/wkzF/x,/wdH/x)/wky,/wdx0/x,/wdy0/x分别/d为/vx/x,/wdy/x任/v一/m代表/n元/q,/wd我们/rr有/vyou?/ww
x/x,/wdy/x?/ww
=/m?/ww
x0/x,/wdy0/x?/ww
的/ude1等价/vn类/n,/wd而/cc?/ww
x0/x,/wdy0/x?/ww
(/wkzω/w)/wky:/wp=/m?/ww
x0/x(/wkzω/w)/wky,/wdy0/x(/wkzω/w)/wky?/ww
,/wd?/ww
ω/w∈/m?/ww
。/wj
接/v下来/vf,/wd总/b假定/n[/wkza/x,/wdb/x]/wky表示/v一个/mq有限/a的/ude1实/a区间/n,/wd(/wkzS/x,/wd∥/w·/w∥/w)/wky表示/vK/x上/f以/p(/wkz?/ww
,/wdF/x,/wdP/x)/wky为/v基/ng的/ude1完备/aRN/x-/wp模/ng。/wj
令/v{/wL/x(/wkzS/x)/wky=x∈S/x[/wkz∫/m∥/wx/x∥/wdP221/x]/wky2/m}/w?/ww
∥/w·/w∥/w2:L2/x(/wkzS/x)/wky→/w[/wkz0/m,/wd+∞/m)/wky被/pbei定义/v为/v[/wkz∫/m∥/wx/x∥/w2=/m∥/wx/x∥/wdP2/x]/wky12/m,/wd?/ww
x∈L2/x(/wkzS/x)/wky,/wd?/ww
则/c(/wkzL2/x(/wkzS/x)/wky,/wd∥/w·/w∥/w2/m)/wky是/vshi通常/b意义/n下/f的/ude1Banach/x空间/n。/wj
熟知/v,/wd在/p泛/h函/n分析/vn中/f从/p有限/a实/a区间/n到/vBanach/x空间/n的/ude1抽象/a值/n函数/n的/ude1Riemann/x微积分/n[/wkz17/m]/wky已经/d被/pbei建立/v。/wj
基于/p这/rzv一/m事实/n,/wd本/rz节/n的/ude1主要/b目的/n就是/d给/v出/vf从/p有限/a实/a区间/n到/v完备/aRN/x-/wp模/ng的/ude1抽象/a值/n函数/n的/ude1Riemann/x微积分/n。/wj
184/m中国/ns科学/n:/wp数学/n第42/m卷/q第3/m期/qv(/wkzt/x)/wky定义/n2。/m3/m设/vf/x为/v一个/mq从/p[/wkza/x,/wdb/x]/wky到/vS/x的/ude1函数/n。/wj
固定/vt∈/x(/wkza/x,/wdb/x)/wky,/wd如果/climh/x→/w0f/x(/wkzt+h/x)/wky?/ww
f/x存在/v,/wd则/c我/rrhdf/x(/wkzt/x)/wky′/q们/k称/vf/x在/pt/x处/n可/v导/vg,/wd将/d这/rzv一/m极限/n记/ng作/vf/x(/wkzt/x)/wky或/cdt/x,/wd称之为/vf/x在/pt/x处/n的/ude1导数/n。/wj
类似/a地/ude2,/wd我们/rr可以/v定义/nf/x在/pa/x处/n的/ude1右/f导数/n和/ccf/x在/pb/x处/n的/ude1左/a导数/n。/wj
如果/cf/x对/p任意/b的/ude1t∈/x[/wkza/x,/wdb/x]/wky都/d可/v导/vg,/wd我们/rr则/d称/vf/x在/p[/wkza/x,/wdb/x]/wky上/f可/v导/vg。/wj
设/vP=/x{/wx1/x,/wdx2/x,/wd。/wj
。/wj
。/wj
,/wdxk/x,/wd。/wj
。/wj
。/wj
,/wdxn/x}/w是/vshi[/wkza/x,/wdb/x]/wky的/ude1任意/d有限/a划分/vn,/wd即/va=x11/x?/ww
λ/w。/wj
P/xω/w∈/m?/ww
i=1∫b/x进一步/d,/wd称/vI/x为/v[/wkza/x,/wdb/x]/wky上/ff/x的/ude1Riemann/x积分/n,/wd记/v作/vaf/x(/wkzt/x)/wkydt。/x注/v记/v2。/m1/m设/vf/x是/vshi从/p[/wkza/x,/wdb/x]/wky到/vL2/x(/wkzS/x)/wky的/ude1函数/n,/wd如果/cf/x作为/v从/p[/wkza/x,/wdb/x]/wky到/vBanach/x空间/n的/ude1函数/n在/p[/wkza/x,/wdb/x]/wky上/f∫b/x是/vshiRiemann/x可/v积/v的/ude1,/wd此时/r我们/rr称/vf/x按/p∥/w·/w∥/w2/m是/vshiRiemann/x可/v积/v的/ude1,/wd其中/rzRiemann/x积分/n记/ng作/v∥/w·/w∥/w2/m?/ww
af/x(/wkzt/x)/wkydt。/x例子/n2。/m3/m设/v?/ww
=/m[/wkz0/m,/wd1/m]/wky,/wdF=/x由/p[/wkz0/m,/wd1/m]/wky上/f的/ude1所有/bLebesgue/x可/v测/v子集/n生成/v的/ude1σ/w-/wp代数/n,/wdP/x为/vF/x上/f的/ude1Lesbegue/x测度/v。/wj
固定/vt∈/x[/wkz0/m,/wd1/m]/wky,/wd定义/n映射/vif0:/url[/wkz0/m,/wd1/m]/wky→/wL0/x(/wkzF/x,/wdR/x)/wky为/vf0/x(/wkzt/x)/wky(/wkzω/w)/wky=1·I/x(/wkzt/x,/wd1/m]/wky(/wkzω/w)/wky,/wdω/w?/ww
t/x?/ww
ω/w∈/m[/wkz0/m,/wd1/m]/wky,/wd(/wkz1/m)/wky记/vf/x(/wkzt/x)/wky为/vf0/x(/wkzt/x)/wky所/usuo决定/v的/ude1等价/vn类/n。/wj
则/cf/x是/vshi从/p[/wkz0/m,/wd1/m]/wky到/vL0/x(/wkzF/x,/wdR/x)/wky的/ude1连续函数/n,/wd但/cf/x的/ude1值域/n不/d是/vshi几乎/d处处/dˉ/wpL0/x有/vyou界/n的/ude1,/wd即/v∨t∈/x[/wkz0/m,/wd1/m]/wky|/wf/x(/wkzt/x)/wky|/w∈+。/m证明/v因为/p11·I/x(/wkzt/x,/wd1/m]/wky(/wkzω/w)/wky?/ww
ω/w?/ww
t/xω/w?/ww
t0/x?/ww
?/ww
0/m,/wd?/ww
?/ww
?/ww
?/ww
1/m,/wd=/mω/w?/ww
t0/x?/ww
?/ww
?/ww
t/x?/ww
t0/x?/ww
?/ww
,/wd(/wkzω/w?/ww
t/x)/wky·/w(/wkzω/w?/ww
t0/x)/wky|/wf0/x(/wkzt/x)/wky(/wkzω/w)/wky?/ww
f0/x(/wkzt0/x)/wky(/wkzω/w)/wky|/w=·I/x(/wkzt0/x,/wd1/m]/wky(/wkzω/w)/wkyω/wt0∧t/x,/wdt0∧t/x容易/ad发现/vp/x就/d是/vshiaf/x(/wkzt/x)/wkydt/x,/wd因此/cf/x在/p[/wkza/x,/wdb/x]/wky上/f是/vshiRiemann/x可/v积/v的/ude1。/wj
?/ww
下面/f我们/rr给/v出/vf此/rzs类/q抽象/a值/n函数/nRiemann/x积分/n的/ude1两/m个/q重要/a的/ude1性质/n。/wj
定理/n2。/m2/m设/vf/x是/vshi从/p[/wkza/x,/wdb/x]/wky到/vS/x的/ude1连续函数/n且/c满足/v∨t∈/x[/wkza/x,/wdb/x]/wky∥/wf/x(/wkzt/x)/wky∥/w∈L0+。/x则/c我们/rr有/vyou下面/f的/ude1性质/n:/wp∫b∫b/x(/wkz1/m)/wky∥/waf/x(/wkzt/x)/wkydt/x∥/w∥/wf/x(/wkzt/x)/wky∥/wdt/x;/wf∫ta/x(/wkz2/m)/wky设/vg/x(/wkzt/x)/wky=af/x(/wkzs/x)/wkyds/x,/wdatb。/x则/cg/x在/p[/wkza/x,/wdb/x]/wky上/f是/vshi可/v导/vg的/ude1且/c对/p任意/b的/ude1t∈/x[/wkza/x,/wdb/x]/wky有/vyoug′/x(/wkzt/x)/wky=f/x(/wkzt/x)/wky。/wj
∫b/x证明/v(/wkz1/m)/wky因为/p函数/n∥/wf/x(/wkz·/w)/wky∥/w:/wp[/wkza/x,/wdb/x]/wky→/wL0+/x也/d是/vshi连续/a的/ude1,/wd所以/c定理/n2。/m1/m保证/v积分/naf/x(/wkzt/x)/wkydt/x和/cc∫b/x∥/wf/x(/wkzt/x)/wky∥/wdt/x存在/v,/wd则/c由/pRiemann/x积分/n的/ude1定义/n可知/v性质/n(/wkz1/m)/wky成立/vi。/wj
a/x(/wkz2/m)/wky由/p定理/n2。/m1/m可知/v函数/ng:/url[/wkza/x,/wdb/x]/wky→/wS/x有/vyou定义/n。/wj
令/vη/n=∨t∈/x[/wkza/x,/wdb/x]/wky∥/wf/x(/wkzt/x)/wky∥/w,/wd且/c对/p任意/b的/ude1n∈N/x,/wd令/vHn=/x[/wkzn/x?/ww
1/mη/n对/p任意/b的/ude1n/x,/wdm∈N/x,/wd定义/n映/vi则/d{/wGm/x,/wdm/x?/ww
射/vfnm:/url[/wkza/x,/wdb/x]/wky→/wS/x为/v?/ww
?/ww
fnm/x(/wkzt/x)/wky=IGm·fn/x(/wkzt/x)/wky,/wd?/ww
t∈/x[/wkza/x,/wdb/x]/wky。/wj
187/m郭铁信/nr等/v:/wp复/vg完备/a随机/b内/f积/v模/ng上/f的/ude1随机/b酉/ng算子/n群/ng的/ude1Stone/x表示/v定理/n2/m?/ww
?/ww
容易/ad看/v出/vffnm/x(/wkz[/wkza/x,/wdb/x]/wky)/wky?/ww
L/x(/wkzS/x)/wky且/cfnm/x在/p[/wkza/x,/wdb/x]/wky上/f按/p∥/w·/w∥/w2/m是/vshi可/v导/vg的/ude1。/wj
而且/c∥/w·/w∥/w2/m?/ww
此/rzs由/p经典/n的/ude1Newton/x-/wpLeibniz/x公式/n可知/v对/p任意/b的/ude1n/x,/wdm∈N/x,/wd∫b/x?/ww
