  那么 斯特雷克 的 刀伤 又 是 怎么 回 事 呢 
  我们 得出 的 结论 是  在 他 倒 下去 时 自己 划伤 的 
  在 我们 来 这里 的 路上  我 的 朋友 华生 医生 也 是 这样 推测 的 
这样 的 话  情况 就 对 辛普森 不利 了 
  那 是 毫无疑问 的 了 
辛普森 既 没有 刀  又 没有 伤痕 
可是  对 他 不利 的 证据 却 是 非常 确凿 的 
他 对 那 匹 失踪 的 名 驹 非常 注意  又 有 毒害 小 马倌 的 嫌疑  他 还 在 那 晚 暴雨 中 外出  并且 有 一 根 沉重 的 手 仗  他 的 领带 也 在 被害人 手中 
我 想  我们 完全 可以 提出 诉讼 了 
 福尔摩斯 摇 了 摇 头 
韩琛  琛哥  倪坤 被 警方 拘捕 了 
 我 的 弟弟 阿 包 大惊小怪 地 说  兄弟 们 帮 他 取 了 个 花 名  叫  挣 爆   我 也 不 知道 是 什么 意思 
 哦  不 如 我们 冲 出 屯 门  趁机 夺取 倪坤 的 江山  好 吗 
 我 挤眉弄眼 地 说 
挣 爆 大力 点头   好 啊 
尖沙咀 这么 多 夜总会  每晚 去 免费 插 插  爽 死 啦 
 我 笑 着 拍打 挣 爆 的 头 壳   你 傻 得 真 够 可爱 
 挣 爆 居然 一 脸 茫然  低头 看 一 眼 T 恤 上 的 米 奇 老鼠 漫画   为什么 不 成 呀 
和 路 迪斯尼 不 是 说 过 ‘ 如果 你 能 想到  你 就 能 做到 ’ 的 吗 
是 你 这样 跟 兄弟 们 说 的 呀 
 我 凑近 他 耳边 轻声 道   骗人 的 
 我 补充   还有  我 的 好 弟弟  倪坤 不会 有 事 的  没有 人 敢 动 他 分毫  包括 警方 
 挣 爆 傻笑 一下  握 筷子 夹 起 两 粒 烧卖  往 口里 送  一会儿  他 又 皱 起 眉头   但是 这 次 拘捕 行动  你 的 老友 不 是 也 参加 了 吗 
他 会 放过 倪坤 
 我 抿 嘴 一 笑  吸 一 口 烟   志诚 和 我 一样  只不过 是 个 小 小 的 头目 吧 
 黄 Sir 十一 年 前  我 与 阿琛 走 上 了 对立 的 道路 
我 的 高等 程度 会考 成绩 考 得 很 好  可以 顺利 进入 中文 大学  但 我 放弃 了  因为  我 迫不及待 要 加入 警 队 
爸 妈 大力 反对  解释 说 并非 反对 我 当 警察  但是 要 加入 警 队  可以 等 到 大学 毕业 后 才 投考 督察  这样 路 不 是 更 容易 走 吗 
爸爸 其实 说 得 对  但 我 不 愿意 再 等 了 
原因 

我 想 我 是 要 早日 和 阿琛 一 较 高 下 吧 
我 顺利 通过 为期 半 年 的 训练  在 尖沙咀 区 开展 我 的 白 道  而 阿琛  他 早 在 辍学 后 就 加入 了 黑道 
十 年 间 他 在 屯 门 逐鹿  从 一个 无名小卒 跃 升 为 一个 黑帮 小 头目 
为了 取得 今天 的 地位  我 知道 阿琛 付出 不少 
我 已 记 不 起 从 Mary 口中 听 过 多少 次 噩耗  不 是 说 阿琛 被 拉 了 去 坐牢  就 是 说 他 受 了 重伤 命 悬 一 线 
在 最初 几 年  每次 听见 阿琛 入院  我 都 不 能 成 眠  内心 挣扎 着 是否 应该 去 探望 他  但 每 次 到 了 最后  我 都 把 念头 打消 
因为 我 要 阿琛 知道  他 一日 仍 是 黑社会  我 就 一日 不屑 有 他 这个 朋友  他 坐牢 也好 横 尸 街头 也好  全 是 自 作 自 受 
然而 在 这 几 年  我 的 想法 有所 转变 
或许 因为 人 年纪 大 了  或许 是 我 对 黑白 间 千丝万缕 的 关系 了解 深 了  我 开始 把 阿琛 接受 下来 
黑白 必须 并存 —— 这 是 我 当 警察 十 年 的 体会 
我 这样 说  并非 要 向 黑道 让步  黑白 誓 不 两 立  我 对 这 定律 坚信 不 移  一生 也 不会 改变 
我 想 说 的 是  在 现实 世界 里  白 道 也 需要 利用 黑道 中 人 来 维持 黑道 的 秩序 
曾经 有 一个 新 入 行 的 警员 问 我  为何 我们 不 把 那些 众所周知 的 黑帮 老大 拘捕 
最 体面 的 答案 是  法律 讲求 证据  我们 没有 足够 证据 拘捕 他们 
很多 时候  这 其实 并非 真相  真相 是  因为 要 把 黑道 驱逐 出 地球 是 不 可能 的 事  因此  白 道 也 需要 利用 他们 以 夷 制 夷  来 维持 黑道 中 的 秩序 
原因 很 简单  把 一个 地区 的 黑帮 除去 后  另 一 批 便 会 随 之 冒 起  群雄 割据 只 会 令 地区 陷入 更 混乱 的 局面  腥风血雨 
黑白 必须 并存  就是 这个 意思 
就 像 捉 黑白 棋  白方 的 责任 是 要 防止 黑 方 势力 扩张  假若 社会 可以 接受 的 比例 是 九 比 一  那么 白方 就 要 竭力 维持 这个 九 比 一 的 比例  当 黑 方 企图 超越 十分之一 这个 限额  便 把 它 压制 回去  加以 警告  倘若 黑 方 还是 冥顽 不 宁  白 方才 会 大举 拘捕 
这  就是 游戏 规则 
我 不 希望 我 的 好 朋友 加入 黑 方  但 想 深 一 层  这 是 他 的 个人 选择  假若 他 企图 打乱 黑 白 的 秩序  我会 秉公 办理  但 在 私 底下  我 或许 需要 尊重 他 的 个人 选择  我 现在 是 这样 想 
令 我 不 无 欣慰 的 是  从 屯 门 区 的 高级 督察 鲁 Sir 口中 听说  阿琛 是 个 守 秩序 的 黑 分子  他 所以 能够 冒 起  就 因为 盗 亦 有 道  不 滥杀 无辜 
鲁 Sir 还 说  阿琛 采用 了 现代 管理 学 来 运作 帮会 事宜 
［ 奇 书 网 
电子 书 下载 乐园 — wＷw QiＳuu cＯm ］ 我 和 阿琛 恢复 见面  不 经常  但 总算 有 
我  阿琛  Mary  三 个 人 有时 会 到 酒吧 喝 一 杯 
