有时 喝 多 了  难免 会 谈 到 一些 工作 上 的 问题  这 是 一九八六年 四月 某个 夜晚  我 被 倪坤 在 尖沙咀 区 的 势力 扩张 弄 得 头昏脑胀  我 向 阿琛 与 Mary 抱怨 了 两 句  还 打趣 说 假如 尖沙咀 区 有 一 天 由 阿琛  主政   或许 会 比较 好 办 
阿琛 呷 一 口 啤酒  笑 了 笑   别 客气 了 黄 Sir  尖沙咀 区 这么 复杂  不 适合 我 
 Mary 用 棒子 搅 着 杯 中 的 伏特 加  瞟 了 阿琛 一眼   胸无大志 
  谁 说 我 胸无大志 
 阿琛 转头 看 我   黄 Sir  知 不 知道 屯 门 最 兴旺 的 酒楼 是 哪 一 家 
  不 清楚  我 已经 很 久 没 去 过 屯 门 
 我 说 
阿琛 灿烂 地 笑   大 兴 村 对面 的 皇宫 大 酒楼  我 和 兄弟 们 的 停车位 下星期 在 那里 开张 大吉  到 时 记 得 来 喝 一 杯 
 我 笑 着 白 他 一 眼   要 我 带 些 手足 来 越 区 祝贺 你 吗 
  不用 客气 喽 
 阿琛 举起 瓶装 啤酒 
我们 相 视 而 笑  碰 一下 瓶 
韩琛 最 令 人 开心 的 事  大概 就 是 失而复得 吧 
曾经 以为 我 已 失去 志诚 这个 朋友  岂 料 

世事 果然 难 料 
正 如 Mary  我 从来 没 想 过 她 会 放弃 志诚  选择 跟 我 
呵呵  现在 的 我 彷 佛 拥有 一切  这 感觉 很 爽  下星期 停车位 开张  我 的 事业 将 更上一层楼 
我 生肖 属 鸡  七月 二十一日 出生  相 士 帮 我 算命  说 我 命 里 有 霸气  适合 做 偏 门 生意  看来  我 是 选 对 了 路 
Mary 当年 我 选择 阿琛  因为 我 知道 他 愿意 为 我 付出 一切  包括 生命 
十一 年 前 的 那个 晚上  我们 三 个 人 去 看 午夜 场  志诚 与 阿琛 去 买 票  我 在 小巷 买 吃 的 
突然  四 个 流氓 过来 骚扰 我  阿琛 与 志 诚 赶上 来  [ 奇 
书 
网 - 整 
理 ' 提 
供 ] 流氓 不 把 他们 放在眼里  更 变本加厉  对 我 毛手毛脚 
志诚 走 到 旁边 的 电话亭  拿 起 听筒 扬言 要 报警  两 个 流氓 追 上去  把 他 擒 着 拖 倒 到 地上  朝 他 肚皮 猛 踢  志 诚 捧腹 呻吟  阿琛 被 吓 得 发呆 
踩 了 志 诚 两 脚 的 长发 流氓  回来 轻蔑 地 拍打 一下 阿琛 的 头 壳  然后 露出 狰狞 的 笑容 向 我 走 来  我 惊慌 尖叫  嘴巴 随即 就 被 一 只 手 从 后面 掩 住  长发 流氓 伸出 舌头 舔 我 的 面颊  其余 两 人 在 旁边 拍手 大 笑 
突然  阿琛 不顾一切 扑 向 长发 流氓  他 的 体重 不 轻  把 长发 流氓 撞 飞 开  与 他 双双 倒 地  其余 三 人 见状 旋即 围拢 阿琛  拳打脚踢 
阿琛 血流 满 面  长发 流氓 怒 意 不消  骑 在 他 身上 掴 打  志 诚 企图 上前 援救  却 被 其余 两 名 流氓 拦住 
阿琛 奄奄一息  长发 流氓 在 他 脸上 吐 一 口 唾液  然后 再 把 矛头 指向 我 
他 搂抱 我  企图 强 吻 我 
一 声 呼 天 抢 地 的 嘶叫 声响 起  流氓 愣住 了 回头 望 去 
阿琛 不知 什么 时候 站 了 起来  发疯 似 地 怒吼  众 流氓 见状 害怕  不 敢 轻举妄动  阿琛 目不转睛 地 瞪 着 长发 流氓  眼神 中 充满 戾 气  看上去 就 像 要 与 流氓 同归于尽 
长发 流氓 仍然 紧贴 着 我  我 可以 感到 他 的 身躯 在 颤抖  他 身形 高大  肩膀 如 树干 般 粗大  但 他 显然 被 阿琛 吓 怕 了 
流氓 们 装作 意兴 阑 珊 的 样子 离开  阿琛 再也 撑 不 住  虚脱 晕倒 在 地 
那 晚 以后  我 知道 我 该 如何 选择 
我 终于 明白 阿琛 那 令 人 望而生畏 的 眼神 代表 什么 
或许 黄志诚 可以 让 我 生活 无 忧  但 韩琛  他 将 会 是 一个 非 比 寻常 的 人物 
黄 Sir 当年 Mary 决定 选择 阿琛  我 无言以对 
经过 那 晚  我 知道 阿琛比我 更 爱 Mary  为了 Mary 他 甚至 可以 付出 生命  而 我 

我 不 能 
没 想到 停车位 会 弄 到 这个 地步  开张 半 个 月  天天 给 警察 扫荡  一个 兄弟 死 了 
高辉 这 兔崽子  天天 来 我 的 车位 闹事  目的 就是 让 警方 死 盯 着 我 的 场 
我 找 荃 老大 救助  他 好像 置若罔闻  一定 是 有 谁 在 背后 给 高 辉 撑腰  是 谁 呢 
Mary 给 高辉 在 背后 撑腰 的  肯定 就是 荃 老大  我 跟 阿琛 说  他 死 也 不 相信 
阿琛 的 死结 就 是 太 重 情义  经常 将心比心  唉 
荃 老大 所以 不 满阿琛  因为 他 看中 了 我 
记得 在 一 年 多 前  一个 晚上 在 夜总会  荃 老大 借 醉 向 阿琛 提出 要求  要 我 陪 他 一 晚  阿琛 以为 他 在 说 笑  其实 他 对 我 心怀 不轨 已 久  每 次 看 我 的 眼神 都 淫 贱 猥亵  前 几 天 他 还 借故 打电话 给 我  問 我 阿琛 的 事 有 什么 可以 帮忙 
为了 阿琛  我 不惜 牺牲  我 惟一 做 错 的 是 把 事情 拿 出来 和 阿琛 商量 
阿琛 听 罢 给 了 我 一 巴掌  这 是 他 第一 次 向 我 动手  但 我 沒 有 怪 责 阿琛  我 只 怪 自己 愚笨 
我 想  我 和 阿琛 在 屯 门 再 熬 不 了 多久 了 
3 一 天 早晨  我们 一起 用 早餐  福尔摩斯 说道   华生  恐怕 我 只好 去 一 次 了 
  去 一 次 

上 哪儿 
  到达 特 穆尔  去 金斯皮兰 
 我 听 了 并 不 惊奇 
老实 说  我 本来 感到 奇怪 的 是  目前 在 英国 各地 到处 都 在 谈论 着 一 件 离奇 古怪 的 案件  可 是 福尔摩斯 却 没有 过问 
