一 位 在 中国 工作 的 外籍 教师  根据 多年 的 观察 发现  中国 的 很多 父母 省吃俭用  把 所有 的 钱 都 存 起来  甚至 拿 出 自己 的 养老金  看病 的 钱 来 替 儿女 交 学费  找 工作  买房 结婚  照顾 孙子 
这种 爱 的 方式 让 不少  老外  感到 不可思议 
高尔基 说   爱 孩子  这 是 连 母鸡 都 会 的 
 但是  怎样 爱 孩子  却 不 是 每个 家长 都 有 清醒 的 认识 
有 的 家长 忙于 事业  忙 着 赚钱  放弃 了 对 子女 的 养育  小 的 时候 扔 给 爷爷 奶奶  长大 以后 交 给 学校  推 到 社会 
在 他们 看来  人 的 成长 和 成才 是 用 钱 堆 出来 的 
有 的 家长  一 不 怕 苦  二 不 怕 累   放弃 了 自己 的 事业 和 追求  甘于 当 孩子 的  陪读  和  陪练  
实际上  放任 和 包办 这 两 个 极端  都 不 是 真正 爱 孩子 
在 乡村 中  有 多少 个  留守 孩子  可怜巴巴 地 期盼 着 父母 的 疼爱  在 城市 里  有 多少  生活 不 能 自理  的 大学生 抱怨 父母 的 溺爱  还有 多少 个 顽皮 少年  在 父母 粗暴 的  棒 喝  下  走向 违法 犯罪 的 危险 边缘 
舐 犊 之 情 是 为人 父母 的 天性  但 天然 的 父母 却 不 一定 天然 合格  天然 称职 
爱  需要 理性  养育  是 一 门 科学 
前 几 天  中央电视台 报道 了  神童  魏永康 的 独特 经历 
从 小 到 大  母亲 对 魏永康 的 惟一 要求 是 专心 学习 
魏永康 13 岁 考上 大学  17 岁 到 中科院 硕 博 连 读 
然而  由于 生活 中 的 事情 完全 由 母亲 包办  魏永康 不 懂得 如何 跟 周围 的 人 交往  读 研 后  因为 生活 长期 不 能 自理  知识 结构 不 适应 中科院 的 研究 模式  被 学校 劝退 
在 这 位 含辛茹苦  对 孩子 倾注 了 全部 心血 的 母亲 身上  人们 看到 了 母爱 的 伟大  也 看到 了 溺爱 的 害处 
河南 小伙 张尚昀 家境 贫寒  考入 长春 税务 学院 不久  因 母亲 患 重度 脑 部 残疾 生活 陷入 困顿 
为了 珍惜 来之不易 的 学习 机会  他 把 患病 的 母亲 从 农村 老家 背负 到 长春  白天 背 着 母亲 外出 打工 挣钱  为 老母 治病  晚上 守 着 母亲 挑 灯 夜 读  终 以 优异 的 成绩 完成 学业  在 六 个 学期 中 五 次 拿 到 奖学金  以 笔试 第一 名 的 成绩  在 数千 名 考生 中 脱颖而出  被 录用 为 河南省 税务 系统 公务员 
张尚昀  大义 至 孝  的 感人 事迹 不胫而走  在 中原 大地 引起 了 强烈 反响 
河南 省委 书记 徐光春 称赞 他 为  当代 孝子   最近 评 出 的  全国 十佳 孝贤  推 他 为 孝贤 之 首  众多 的 网友 发出 了  生 子 当 如 张尚昀  的 感叹 
《 诗经 》 云   哀 哀 父母  生 我 劬 劳    哀 哀 父母  生 我 劳 瘁 
 在 张尚昀 的 身上  传承 着 一个 孝 字 
母亲 病 重 不 能 自理  张尚昀 脚 蹬 三轮车  千 里 走 单骑  两 送 母亲 往返 于 东北 与 河南  求医 问 药  打工 上学 
这 辆 三轮车 负载 的 不 只是 恪尽 人伦 的 孝道  而且 还 承 荷 着 千百年 来 铸就 的 中华民族 的 传统 美德 
孔子 曰   夫孝  天 之 经 也  地 之 义 也  民 之 行 也 
 在 张尚昀 看来  为人 子 孝敬 父母  是 天经地义 的 法则  是 身体力行 的 义务  孝 就 是 知 恩 感恩  就是 报答 父母 的 生养 之 恩  报答 社会 的 培育 之 恩 
行孝  要 在 点点滴滴 的 日常 生活 中 躬 行  更 要 在 困难 和 挫折 面前 不 丧气  不 悲观 
面对 母亲 被 病魔 击倒  家庭 唯一 的 经济 来源 丧失  九旬 外祖母 还 需 他 赡养 的 严酷 现实  张尚昀 没有 气馁  没有 低头  而是 以 稚嫩 的 肩膀 勇敢 地 挑起 了 生活 的 重担 
他 一边 劳 其 筋骨  勤工俭学  一边 苦 其 心志  发奋 读书 
历经 坎坷  孝心 不 改  历经 磨难  穷且益坚 
张尚昀 吃苦耐劳  乐观 向上 的 优秀 品质  笑 对 人生  直面 苦难 的 人生 态度  锲而不舍  一往无前 的 坚定 信念  谱写 了 一 曲 新 时代 的 孝义 之 歌 
孝 为 德 之 本  百 善 孝 为先 
如果 一个 人 对 自己 的 父母 都 没有 孝敬 之 心  就 很 难 想象 他 会 真心实意 地 关爱 他人  关心 社会  热爱 祖国 
陈毅 元帅 62 岁 时 为 重病 在 床 的 老 母亲 涮洗 尿 裤  孔繁森 两 赴 西藏 前 向 老 母亲 跪 地 辞行 
这些 感人至深 的 懿行  彰 显出 党 的 领导 干部 的 光辉 形象  被 世人 传为佳话 
张尚昀 说 自己 和 这些 前辈 相比  是  一 棵 小 草  
而 这 棵 质朴 的  孝义 之 草   为了 照料 母亲  不惜 休学 返乡  在 病床 前 为 母尽孝  赤子之心 熠熠 闪光 
