在 社会 各界 的 共同 关心 下  在 千家万户 的 热切 期盼 中  全国 教育 工作 会议 胜利 闭幕 了 
这 是 党中央  国务院 在 新 世纪 召开 的 第一 次 全国 教育 大会 
胡锦涛 总书记  温家宝 总理 在 会议 上 发表 的 重要 讲话  对 我国 教育 改革 发展 面临 的 形势  任务 进行 了 深刻 阐述 和 全面 部署  为 我国 教育 改革 发展 指明 了 方向 
这次 会议 回顾 了 新 中国 成立 60 多 年  特别 是 改革 开放 30 多 年 来 我国 教育 改革 发展 取得 的 巨大 成就  总结 了 我国 社会主义 教育 事业 的 发展 规律  对 我国 未来 10年 教育 事业 发展 进行 了 全面 谋划 和 前瞻性 部署 
会议 还 总结 交流 了 教育 工作 经验  分析 了 教育 工作 面临 的 新 情况 新 问题  对 全面 实施 《 国家 中长期 教育 改革 和 发展 规划 纲要 ( 2010—2020 ) 》 ( 简称 《 教育 规划 纲要 》 ) 提出 了 明确 的 要求 
这 对于 动员 全党 全 社会 坚持 优先 发展 教育  推动 教育 事业 科学 发展  建设 人力 资源 强国  办 好 人民 满意 的 教育  确立 了 一个 新 起点  开创 了 一个 新 征程  具有 重大 历史 意义 和 重要 指导 作用 
教育 兴 则 人才 兴  人才 强 则 国家 强 
新 中国 成立 以来  党 和 国家 始终 高度 重视 教育 
经过 60 多 年 特别 是 改革 开放 30 多 年 的 不懈努力  中国 教育 事业 取得 了 举世瞩目 的 伟大 成就  开辟 了 中国 特色 社会主义 教育 发展 道路 
13亿 人口 的 发展 中 大国 实现 了 基本 普及 九年 义务教育 的 世纪 梦想  完成 了 高等教育 大众化 的 伟大 跨越  取得 了 职业 教育 发展 的 重大 突破  教育 公平 不断 推进  教育 质量 稳步 提高  建成 了 世界 最 大 规模 的 教育 体系  保障 了 亿 万 人民 群众 受 教育 的 权利  实现 了 从 人口 大国 到 人力 资源 大国 的 转变 
我国 已 进入 改革 发展 的 关键 期  经济 建设  政治 建设  文化 建设  社会 建设 以及 生态 文明 建设 全面 推进  工业化  信息化  城镇 化  市场化  国际化 深入 发展  人口  资源  环境压力 日益 加大  调整 经济 结构  转变 经济 发展 方式 的 要求 更加 迫切  这些 都 凸显 了 提高 国民 素质  培养 创新 人才 的 重要性 和 紧迫性 
因此  在 经济 社会 发展 中 进一步 调整 教育 战略 布局  转变 教育 发展 方式  不断 深化 教育 思想  教学内容  人才 培养 模式 的 改革  进一步 消除 制约 教育 发展 和 创新 的 体制性  机制 性 障碍  形成 充满 活力  富有 效率  更加 开放  有利于 科学 发展 的 教育 体制 和 机制  是 十分 必要 的 
《 教育 规划 纲要 》 是 我国 未来 10年 教育 改革 发展 的 行动 纲领  从 立足 国内 发展 需要 和 在 激烈 的 国际 竞争 中 赢得 主动 的 战略 考虑  提出 了 我国 教育 改革 发展 的 奋斗 目标 和  优先 发展  育 人 为 本  改革 创新  促进 公平  提高 质量  的 指导 方针  进一步 明确 地 把 教育 摆 在 优先 发展 的 战略 地位 
全面 实施 《 教育 规划 纲要 》  就 要 坚定不移 地 优先 发展 教育  确保 我国 到 2020年 基本 实现 教育 现代化  基本 形成 学习 型 社会  进入 人力 资源 强国 行列  为 本 世纪 中叶 基本 实现 现代化 奠定 更加 坚实 的 基础 
教育 是 国 计  也 是 民生  教育 是 今天  更 是 明天 
未来 我国 教育 事业 的 改革 和 发展  要 深入 贯彻 落实 科学 发展观  坚持 育 人 为 本  以 改革 创新 为 动力  以 促进 公平 为 重点  以 提高 质量 为 核心  推动 教育 事业 在 新 的 历史 起点 上 科学 发展  加快 从 教育 大国 向 教育 强国  从 人力 资源 大国 向 人力 资源 强国 迈进 
推动 教育 事业 的 科学 发展  必须 全面 贯彻 党 的 教育 方针  坚持 教育 为 社会主义 现代化 建设 服务  为 人民 服务  与 生产 劳动 相 结合  培养 德智体 美 全面 发展 的 社会主义 建设者 和 接班人 
贯彻 落实 好 全国 教育 工作 会议 精神  贯彻 落实 好 《 教育 规划 纲要 》  是 各级 党委  政府 的 重大 政治 任务 
要 把 优先 发展 教育 作为 贯彻 科学 发展观 的 基本 要求  正确 处理 教育 发展 与 经济 社会 发展 的 关系  健全 领导 体制 和 决策 机制  以 更 大 的 决心  更 多 的 财力  更 多 的 精力 支持 教育 事业 
教育 振兴  全民 有 责 
实现 教育 改革 和 发展 目标  必须 发挥 人民 群众 的 聪明才智  动员 全 社会 一起 努力  共同 担当 起 培育 下一代 的 责任  要 引导 和 鼓励 社会 各界 更 新 教育观  成才 观  用人 观  支持 教育 改革 创新  形成 既 生动 活泼 又 规范 有序  共同 推动 教育 事业 科学 发展 的 生动 局面 
百年大计  教育 为 本  教育 大计  教师 为 本 
推动 教育 事业 科学 发展  必须 紧紧 依靠 广大 教师 和 教育工作者 
广大 教师 要 增强 教书育人 的 责任感 和 使命感  把 教学 作为 首要 任务  自觉 加强 师德 建设  大力 弘扬 优良 教 风  努力 提高 业务 水平  做 学生 健康 成长 的 指导 者 和 引路 人 
中华民族 的 伟大 复兴  关键 靠 人才  基础 在 教育 
