读 近日 公布 的 《 ２００５年 全国 教育 事业 发展 统计 公报 》  感到 教育 政务 公开 新风 扑面 
教育 本身 是 一个 巨大 的 系统工程  有如 一 首 高 难度 的 协奏曲  只有 演奏 好 各类 教育 协奏曲 中 的  大提琴  小提琴  等 不同 乐器  教育 协奏曲 才 能 发出 和谐  美妙 的 音响 
 城市 小学 的 一 间 教室 相当 于 乡村 的 一 所 学校   基础教育 的 均衡 发展 问题 一直 是 社会 关注 的 焦点 
教育 统计 公报 让 我们 看到 希望 的 曙光 
公报 显示  小学 学龄 人口 逐年 减少  随之而来 的 是 小学 学校 数 相应 减少 
这 是 促进 义务教育 均衡 发展 的 良机  可 利用 小学 学校 布局 的 自然 变化  在 一定 区域 内 合理  均衡 地 配置 一定 区域 内 的 设备  师资 等 教育资源  使 孩子 们 尽可能 享有 质量 接近 的 教育 
德国 能够 制造 顶级 名车  奔驰    宝马   靠 的 不仅仅 是 工程师  更 有 技术 纯熟 的 工人 
国家 富强 需要 大 批 高校 毕业生  同样 需要 掌握 一定 技能  动手 能力 强 的 实用 型 人才 
有 一些 商品  散件 与 国外 别无二致  但 一经 国内 组装 就 有 不少 毛病 
个中 原因 值得 思考 和 重视 
近年来  中等 职业 教育 类 学校 的 毕业生 就业 率 都 高 达 ９５％ 以上  说明 社会 急需 应用型 技能 人才 
因此  加快 中等 职业 教育 发展  地方 政府  家长 和 学生 需要 更新 观念  破除 对 技能型 人才 的 鄙视 
近年来  人们 对 大学 的 规模 和 质量 多 有 议论 
改善 本科生 教学 无疑 是 提高 质量  增强 大学 创新 活力 的 重要 手段 
名 教授 上 讲台  给 本科生 认真 讲课 的 风气 现在 还 不够 普遍  许多 本科生 大学 ４年 听 不 到 自己 系 里 名 教授 的 课 
为什么 我国 大学 培养 的 创新 型 人才 不 多 
的确 值得 反思 
让 人 欣喜 的 是  高校 教学 评估 正 在 推进  今年 起  教育部 将 定期 公布 高校 教学 基本 状态 数据  并 在 网上 公布 高校 自 评 报告 及 专家 考察 评估 意见 
应该 说  注重 教育 质量  不仅 是 高等教育  也 是 包括 基础 教育 和 职业 教育 在 内 所有 教育 的 根本 
惟 其 如此  我国 教育 事业 发展 才 能 步入 更加 健康 的 发展 轨道 
 六一  到来 之际  家长 们 都 在 忙 着 给 孩子 送 点 礼物  诸如 给 孩子 买 漂亮 的 衣服  让 孩子 挑选 喜爱 的 玩具  陪 孩子 尽情 地 玩 上 一 天  等等 
其实  最 好 的 礼物 是 把  童年 的 快乐  还 给 孩子 们 
孩子 的 童年 快乐 吗 
许多 家长 细 一 思 之  也许 觉得 惭愧 
有的 孩子 不 太 开朗  究 其 原因  是 家长 陪 孩子 的 时间 少 了  孩子 接触 大自然 的 机会 少 了  和 其他 小朋友 一 块 玩 的 时候 少 了 
有的 孩子 觉得 紧张 劳累  终究 说来  是 家长 对 孩子 的 期待 太 多  要求 太 高 
如果 我们 的 孩子  从 幼儿园 时期 就 忙 着 念 小学 课程  如果 我们 的 孩子  将 业余 时间 都 用 在 穿梭 于 各种  兴趣 班    特长 班   如果 我们 的 孩子   善于  掌握 各种  知识  和  能力   却 分 不 出 海棠 和 茉莉  听 不 懂 溪水 和 流 泉  不 知道 蚱蜢 怎样 跳  蒲公英 怎样 飞  这样 的 童年 还有 多少 快乐 可言 
童年 的 快乐 与 幸福 对 人 一生 的 健康 成长  特别 是 对 形成 健康 的 个性 和 心理 十分 重要 
快乐 的 童年  不仅 是 儿童 所 应有 的 权利  也 是 儿童 健康 发展 的 需要 
看 着 孩子 稚嫩 的 面孔  我们 更 应 深思  怎样 把  快乐  这个 最 好 的 礼物 还 给 孩子 
春节 期间  在 黑龙江省 密山市 看到 这样 一 幕  一 位 少年 说 要 给 父亲 买 酒  女 店主 回答   请 你 父亲 自己 来 买  我 这里 有 酒 不 卖 少年 郎 
 好 一个  有 酒 不 卖 少年 郎   令 人 赞叹 
针对 未成年人 饮酒 现象 日益 增多 的 现状  去年 年底  商务部 颁布 的 《 酒类 流通 管理 办法 》 明确 规定   酒类 经营者 不得 向 未成年人 出售 酒类 商品  并 应 在 经营 场所 明确 禁 售 标志 
 该 办法 于 2006年 1月 1日 正式 实施  违反 规定 的  由 商务 主管 部门 或 会同 有关 部门 予以 警告  责令 改正  情节 严重 的  处 2000 元 以下 罚款 
然而  仍然 有 很多 商家 对 此 规定 视而不见  我行我素 
减少 未成年人 饮酒 现象  要 做好 几 个 方面 的 工作  一 是 经营 酒类 的 商家 应该  幼 吾 幼 以及 人 之 幼   自觉 遵守 《 酒类 流通 管理 办法 》 
二 是 有关 部门 要 加大 宣传 力度  让 每个 商家 都 了解 这 一 规定 
三 是 对于 明知故犯 的 商家  一定 要 严厉 处罚  以儆效尤 
