从 8月 到 9月 ， 天 慢慢 凉 下来 了 ， 可 反 腐 给 人 的 感觉 却 是 越来越 热 ， 越来越 加大 着 力度 。
这 一 段时间 ， 人们 直接 的 感受 是 与 此 有关 的 庭审 特别 多 ， 从 薄熙来 到 “ 表叔 ” 杨达才 ， 从 铁道部 张 曙光 到 广东 的 “ 房 叔 ” 蔡彬 ， 一个 庭审 接 一个 庭审 ， 将 他们 的 腐败 细节 一一 展现 在 公众 的 面前 。
而 同时 ， 中纪委 、 监察部 也 在 这 段时间 内 开通 了 网站 ， 为 公众 提供 了 更 便捷 的 “ 我 要 举报 ” 的 通道 。
本 周 ， 相关 负责人 更 是 强调 ， 坚决 保护 举报人 ， 进一步 增强 了 人们 参与 反 腐 的 信心 和 勇气 。
反 腐 ， 正 从 让 人 “ 不 想 ” ， 向 让 人 “ 不 敢 ” 和 “ 不 能 ” 的 方向 发展 。
《 新闻 周刊 》 本 周 视点 关注 ， 走向 制度化 的 反 腐 行动 。
2013年 9月 12日 广州市 海珠区 法院 现场 ： 海珠区 法院 第二 审判庭 法官 ： 第一 被告人 蔡彬 犯 受贿罪 ， 判处 有期徒刑 11年 6 个 月 ， 九月 十二日 ， 本 周 四 上午 ， 被 网友 称为 “ 房叔 ” 的 原 广州 城管 局 番禺 分局 政委 蔡彬 涉嫌 受贿罪 一 案 在 广州市 海珠区 法院 一审 宣判 。
被告人 蔡彬 被 判处 有期徒刑 11年 6 个 月 ， 并 处 没收 判决 所 确定 财产 及 非法所得 总额 共计 人民币 335 万 元 。
对 判决 没 意见 但是 我 要 跟 辩护人 商量 一下 是否 上诉 再 商量 一下 再 定 解 说 ： 2012年 十月 八日 有 网友 爆 料 称 ， 56 岁 的 广州市 城市管理 综合 执法 局 番禺 分局 政委 蔡彬 及 其 家庭 成员 名下 ， 拥有 21 处 房产 ， 蔡彬 被 网友 戏称 为 “ 房叔 ” 。
两 天 后 ， 广州 市 纪委 证实 ， 蔡彬 家庭 房 不止 是 曝 出 的 21 套 ， 还 多 出 了 一 套 。
随后 ， “ 房叔 ” 案 进入 司法 程序 。
2013年 7月 26日 广州市 海珠区 法院 同期 ： 公诉人 ： 本 院 认为 被告人 蔡彬 身为 国家 公务 人员 无视 国家 法律 利用 职务 上 的 便利 非法 收 受 他人 财物 ， 为 他人 谋取 利益 解 说 ： 从 网络 爆 料到 “ 房 叔 ” 蔡彬 被 双 规 、 免职 ， 不 到 二十 天 的 时间 ， 这样 的 速度 不 禁 让 人 感叹 网络 监督 的 力度 。
广州 市民 ： 如果 不 是 网上 曝光 的 话 可能 很 多 人 都 不 会 知道 判决 如下 被告人 杨达才 犯 受贿罪 ， 判处 有期徒刑 10年 ， 犯 巨额 财产 来源 不明 罪 ， 判处 有期徒刑 6年 ， 决定执行 有期徒刑 14年 解 说 ： 就 在 上周 ， 被 网友 称为 “ 表哥 ” 的 前 陕西省 安 监 局 局长 杨达才 被 判 14年 ， 没收 财产 529 万 元 。
9月 6日 ， 重庆市 高级 人民法院 对 重庆市 北碚区 原 区委 书记 雷 政 富 案 进行 二审 公开 开庭 审理 。
从 “ 房叔 ” 、 “ 表哥 ” 到 雷政富 不 雅 视频 案 ， 这些 案 件 都 有 一个 共同 特点 就 是 经网络 曝光 ， 社会 关注 度 极 高 。
网络 反 腐 这 几 年 应该 说 发展 的 速度 是 比较 快 的 。
因为 公民 认为 它 比较 便利 ， 能够 及时 地 披露 相关 信息 ， 引起 相关 部门 的 注意 ， 所以 成为 一个 社会 公众 比较 关注 也 比较 容易 使用 的 一些 反 腐 的 方式 解 说 ： 2012年 12月 6日 上午 ， 《 财经 》 杂志 副 主编 罗昌平 在 微 博 向 中纪委 实 名 举报 时任 国家 发 改 委 副 主任 、 国家 能源 局 局长 刘铁男 涉嫌 学历 造假 ， 巨额 骗 贷 ， 对 他人 恐吓 威胁 等 问题 。
今年 5月 12 号 监察部 网站 发布消息 证实 ， “ 时任 国家 发 改 委 副 主任 的 刘铁男 ， 涉嫌 严重 违纪 ， 正 接受 组织 调查 。
” 网络 反 腐 再次 发 力 扳倒 省部级 官员 。
陕西省 社科院 政治 与 法律 研究所 所长 ： 网络 反 腐 目前 在 这个 反 腐 制度 不 是 很 完善 的 情况 下 最 少 它 是 补 漏洞 或者 说 是 显而易见 的 腐败 通过 网络 举报 能够 举报 出来 让 更 多 的 人 来 监督 下 一 步 该 怎么办 解说 ： 从 2008年 网友 发 帖 爆 “ 南京 天价 烟 ” 局长 周久耕 开始 ， 到 2012年 的 “ 表哥 ” 杨达才 、 “ 房 叔 ” 蔡彬 、 到 给 情妇 写 “ 离婚 承诺 书 ” 的 原 山东省 农业 厅 副 厅长 单增德 ， 近年来 越来越 多 的 官员 腐败 案 通过 网络 反映 出来 。
网络 曝光 － － 纪委 介入 － － 查实 处理 “ 已经 成为 腐败 案 件 查处 的 一 条 重要 路径 。
用 爆 料 的 方式 ， 用 披露 公开 的 方式 ， 那么 一旦 公开 才 会 引起 关注 ， 引起 关注 了 才 会 引起 有关 部门 的 调查 解 说 ： 新华网 今年 三月 曾 做 过 一 项 ” 你 最 愿意 用 什么 渠道 参与 反 腐 “ 的 调查 ， 75％ 的 人 选择 用 网络 曝光 ， 而 选择 通过 信访 、 审计 等 官方 渠道 的 不足 10％ 。
音乐 ＋ 监察部 网站 解说 ： 这 是 今年 9月 2日 刚刚 开通 的 中央纪委 监察部 官方网站 ， 虽然 这 是 个 功能完备 的 综合性 门户网站 ， 但 公众 和 舆论 还 是 将 关注 的 目光 投向 了 网络 举报 这 一 项 。
同期 ： 马 怀德 中国 政法 大学 教授 ： 中纪委 监察部 开通 这个 网站 呢 ， 是 希望 走 法制化 ， 规范化 的 道路 ， 是 希望 更 多 的 这种 网络 反 腐 的 消息 ， 能够 直接 进入 举报 的 专区 成为 调查 的 一个 线索 解说 ： 为了 让 网友 更 好 地 了解 中央纪委 监察部 网站 的 建设 和 发展 情况 ， 9月 12日 上午 ， 中央纪委 常委 、 秘书长 崔少鹏 还 进行 了 一 次 在 线 访谈 。
