山 呼 海啸 般 的 欢呼声 中 ， 一身 标志性 人民 装 的 金正恩 走 上 了 朝鲜 纪念 停战 60 周年 阅兵式 观礼台 。
向 群情激奋 的 人群 挥手 过后 ， 朝鲜 的 年轻 领导人 伸出 左手 ， 以 东道主 的 姿态 落落大方 地 邀请 左边 的 中国 国家 副 主席 李源潮 落 座 主席台 。
这 场 于 7月 27日 举行 的 朝鲜 史 上 规模 最 大 的 阅兵式 上 ， 金正恩 没有 发表 讲话 。
他 延续 着 自己 在 公开 场合 的 低调 风格 ， 除了 仪式 性 地 向 游行 方阵 挥手 致意 或 举手 敬礼 ， 就是 时而 同 相邻 的 李源潮 以及 朝鲜 高官 进行 交谈 。
游行 的 方阵 中 一 次 又 一 次 齐声 高喊 金正恩 的 名字 ， 共有 12000 名 军人 参加 的 这 场 盛大 的 阅兵式 ， 不仅 邀请 了 中国 国家 副 主席 李源潮 和 多 国 使节 代表 出席 ， 还 破天荒 地 允许 美国 有线电视 新闻网 ( CNN ) 进行 直播 。
主席台 上 ， 李源潮 与 金正恩 并排 而 站 。
除了 在 空军 直升机 编队 飞过 时 两 人 进行 了 交谈 外 ， CNN 的 直播 画面 中 并 没有 展现 两 人 更 多 的 互动 时刻 。
自 金正恩 2011年 底 成为 朝鲜 最高 领导人 后 ， 李源潮 是 他 在 平壤 迎来 的 最高 级别 的 中国 领导人 。
7月 25日 ， 金正恩 在 平壤 百花园 迎宾馆 会见 了 当日 抵达 朝鲜 访问 并 出席 朝鲜战争 停战 60 周年 纪念 活动 的 李源潮 一行 。
宾馆 的 墙上 ， 还 挂 有 两年 前 出任 中共中央 组织部 部长 的 李源潮 在 访 朝 时 与 当时 朝鲜 最高 领导人 金正 日 会面 的 照片 。
朝鲜 中央电视台 制作 的 关于 李源潮 此 番 自 7月 25日 至 28日 四 天 访 朝 行程 的 专题片 中 ， 回顾 了 两年 前 李源潮 访问 的 经历 ， 当然 ， 借 着 纪念 朝鲜战争 60 周年 之 机 ， 当年 中 朝 军队 并肩作战 以及 中 朝 传统 友谊 成 了 专题片 的 主体 内容 。
朝鲜 人民军 总 政治 局长 崔 龙海 在 阅兵式 上 的 致辞 ， 则 数 次 提 到 中 朝 传统 友谊 与 长期 合作 的 历史 ， 并 感谢 中国 60年 前 的 “ 抗美援朝 ” 。
强调 历史 ， 是 朝鲜 过去 一 周 里 的 各项 纪念 活动 中 的 主体 表达 。
在 有 中国 人民 志愿军 老兵 参加 的 阅兵式 朝鲜 老兵 方阵 中 ， 打 出 了 “ 抗美援朝 、 保家卫国 ” 的 中文 标语 ; 还有 一些 志愿军 老兵 出现 在 观礼台 的 贵宾席 上 ， 阅兵式 结束 以后 ， 金正恩 在 走 过 中国 老兵 所 处 的 席位 时 ， 还 特意 向 李源潮 作 了 介绍 。
出席 朝鲜 祖国 解放战争 纪念馆 新馆 剪彩 仪式 ， 是 7月 27日 金正恩 和 李源潮 一起 参加 的 另 一 场 重要 活动 。
金正恩 亲自 剪彩 ， 然后 同 李源潮 一起 进入 参观 ， 行程 包括 志愿军 馆 。
一 个 被 国际 问题 专家 观察 到 的 明显不同 是 ， 上次 李源潮 在 与 金正日 会见 时 ， 双方 时任 最高 领导人 都 通过 李 源 潮 互 致 问候 ， 而 此 番 李源潮 则 “ 首先 转达 了 习近平 主席 给 金正恩 第一 委员长 的 口信 ” 。
“ 口信 ” 没有 向 外界 明确 内容 。
“ 李源潮 这 次 对 朝鲜 访问 并 不 意味着 中 朝 关系 迎来 了 一个 转折点 。
” 美国 著 名 亚 太 问题 专家 、 卡内基 国际 和平 基金会 副 会长 包道格 对 说 ， “ 虽然 金正恩 特使 崔 龙海 5月 曾 到 北京 试图 传达 平壤 尊重 中国 利益 的 信息 ， 但 北京 仍 需要 借 纪念 停战 60 周年 之 机 向 对方 进一步 明确 和 强调 自己 的 态度 。
” “ 一 是 中国政府 历来 重视 与 朝鲜 的 传统 友谊 与 合作 ， 二 是 中国 希望 为 朝鲜 半岛 局势 的 缓和 做出 切实 的 努力 。
” 中国 外交部 外交 政策 咨询 委员会 委员 、 中国 国际 问题 研究所 所长 曲星 在 接受 采访 时 称 ， 李源潮 此次 访问 朝鲜 并 出席 纪念 《 朝鲜 停战 协定 》 60 周年 活动 有 上述 两 层 意义 。
曲星 还 介绍 ， 中国 的 努力 包括 两 个 方面 ： 既 敦促 朝鲜 适应 国际 社会 的 潮流 ， 在 无 核 化 和 恢复 六 方 会谈 方面 做出 努力 ; 也 希望 韩 美 进行 相 向 而 行 的 努力 ， 做 有利于 半岛 无 核 化 的 事 。
“ 判断 中 朝 关系 下 一 步 走 向 的 关键 并非 是 李源潮 在 朝鲜 的 公开 活动 和 言行 ， 而是 私下 里 双方 高层 谈 了 什么 。
” 美国 布鲁金斯 学会 资深 研究员 、 东北亚 政策 研究 中心 主任 理查德 & m .
i .
ddot ; 布什 对 说 。
朝鲜 今年 2月 进行 核试验 后 ， “ 实现 半岛 无 核 化 、 维护 半岛 的 和平 稳定 、 坚持 通过 对话 来 解决问题 ” 这 三 条 中国 在 解决 朝 核 问题 上 的 基本 立场 虽然 未 变 ， 但 将 “ 实现 半岛 无 核 化 ” 放 到 了 首 位 ， 和 以往 首先 强调 维护 半岛 的 和平 稳定 有所 区别 。
“ 朝鲜 核试验 后 ， 弃 核 成为 缓解 朝鲜 半岛 局势 的 最 关键 因素 ， 因此 中国 更加 明确 和 突出 了 要求 朝鲜 弃 核 的 态度 。
” 曲星 说 。
根据 中 朝 官方 发布 的 消息 ， 李源潮 在 平壤 同 金正恩 会见 时 ， 重申 了 中国 的 三 条 基本 立场 。
金正恩 回应 称 “ 支持 中国 为 重 启 六 方 会谈 所 作 努力 ” ， 但 未 提 无 核 化 问题 。
“ 北京 在 朝 核 问题 上 的 基本 立场 没有 改变 ， 但 更加 在意 平壤 是否 对 其 足够 尊重 ， 这 和 以往 有所不同 。
