奇才 队 当家 球星 阿里纳斯 因为  更衣室 持枪  事件 而 被 禁赛  当 他 复 出 时  球队 中 迎来 了 新秀 状元 沃尔 
阿里纳斯 告诉 我们 他 学 到 了 些 什么 
一切 起 始 于 球队 的 包机 上 
因为 一 场 扑克 赌博  五 张 牌 —— 我们 称之为  boo -ray  的 游戏 
加瓦利斯 
克里坦顿 ( JavarisCrittenton ) 当时 输 了 钱 
另外 两 个 一 起 玩 的 人 正在 说话  他 就 插 了 进去 
我 实在 听 不 下去 了  不等 那 一 把 结束  就 把 手上 的 牌 扔 到 了 桌子 上  告诉 其他 人 说   我 不 玩 了 
我 走 了 
 克里坦顿 一 听 就 说   不行  你 这 可是 耍赖 
按 我家 那边 的 规矩  你 必须 玩 完 这 一 把 
我 的 钱 还 都 在 下面 呢 
 他 和 另 一个 家伙 说 这 把 算 我 失误  桌子 上 总共 有 多少 筹码  我 得 掏 多少 钱 补 上 
 你 得 给 钱   克里坦顿 说   要不然 我们 就 到 外面 去 解决 这 件 事 
 到 外面 解决 
他 说  我们 来 拳打脚踢  干 一 架 
我 就 开始 跟 他 开 玩笑  我 放 了 一些 音乐  迈克尔 
杰克逊 的 
 Youwannabestartin ' something 


 所有 人 大 笑 起来 
他 的 态度 却 是   啊  不  哥们 
我 可 是 认真 的 
你 不 能 随便 开 个 玩笑 就 过去 了 
你 欠 我 的 钱 
 于是  我 又 接着 开始 放 《 BeatIt 》 
在 机场 拿 行李 的 时候  这 件 事 还 没 完 
他 说   我们 是 真 的 得 干 一 架 了 
 我 说   哥们  现 在 外面 在 下雪 
我 脚 上 穿 的 可是 白色 的 LV 
要 是 我们 在 外面 动手 的 时候  我 的 鞋子 掉 进 雪堆 里  可 就 找 不 回来 了 
这样 我 的 脚 会 冻伤 的 
在 我 真的 跟 你 动手 之前  我 会 把 你 的 车子 烧 掉  
他 说   你 要 敢 烧 我 的 车  我 就 拿 枪 射 穿 你 的 膝盖 
 布兰登 
海伍德 ( BrendanHaywood ) 在 旁边 就 劝 他   加瓦利斯  还是 算 了 吧 
你 这样 不 停 地 跟 他 打 嘴 仗  他 只 会 继续 刺激 你 
 球队 接下来 的 一 次 训练  我 到 得 相当 早  然后 有 人 告诉 我 克里坦顿 也 来 了 
等 到 我 看到 他 的 时候  我 灵机一动 
好 哇  我 有 枪 呢 
把 它们 拿 出来  一 支 支 摆 在 椅子 上 
这 就 是 问题 所在  那时 我 非常 不 理智  根本 没有 想 太 多 
话 分 两 头 
我 私人 收藏 有 不少 枪  大概 有 四五百 支 
我 是 从 一个 70 多 岁 的 老头 手上 买 下来 的 
他 花 了 很多 年集 齐 这些 枪 
其中 甚至 还有 一些 一 战 时 用 过 的 枪 
我 把 他 的 整个 收藏 买 了 下来  然后 又 添加 了 一些 其他 的 枪 
我 把 这些 枪 放 在 自己 家里  并 不 需要 什么 许可证 
曾经 有 警察 想 专门 过来  到 我 的 家里 来 看看 它们 
我 家 大门 经过 了 加固  家里 也 装 了 安保 系统 
但是 在 我 的 孩子 出世 以后  我 说 过  我 不能 再 把 这些 枪 放 在 家里 了 
我们 把 几乎 所有 的 枪 都 放 进 了 仓库  我 手上 只 留 了 4 把  一 把 黄金 色 的 沙漠 之 鹰  一 把 史密斯 & 威森 500  一 把 Kimber  还有 一 把 长 弹夹 的 老式 枪 
没 有 一 把 枪 里面 上 了 子弹 
我 把 它们 搁 进 一个 带锁 的 箱子  然后 放 在 旁边 没 人 用 的 那个 储物柜 里 
我 把 那 4 支 枪 放 进 我 的 背包 里  没 人 会 看到 
我 写 了 张 纸条   挑 一 把 
 然后 把 枪 摆 在 一 张 克里坦顿 会 看到 的 椅子 上 
我 走 进 训练 室  再 见到 他 的 时候 
他 很 惊讶 ——  这 是 什么 
什么 意思 
  你 说 过 你 会 射 穿 我 的 膝盖  我 现在 把 枪 拿 给 你 
  我 才 不 要 你 的 呢 
我 有 自己 的 枪 
 他 把 自己 的 枪 拿 出来  把 弹夹 装 了 上去 
这时候  其他 一些 球员 开始 说  天 哪  得 赶紧 离开 这儿 
但是 接下来 克里坦顿 戴 上 耳机  边 听 歌 边 跟着 哼 了 起来 
所以 我 也 把 我 的 枪 收 了 起来 
事情 到此为止 
他 进 了 按摩 浴池 
我 想 我 的 膝盖 反正 也 得 放松 放松  所以 也 就 跟 着 进去 了  还 跟 他 坐 在 一 块 
我们 就 在 那 聊天 
我们 之间 没有 任何 问题  只是 玩笑 有点 开 过 头 了 而已 
正 如 我 告诉 斯特恩 的 一样  在 我 的 生活 里 发生 的 任何 事情  我 总是 会 从 中 找 出 一点 来 开 开玩笑  逗 逗乐 子 
