彭帅 和 谢淑薇 取得 胜利 彭帅 和 谢淑薇 取得 胜利 10月 27日  2013年 WTA 年终 总 决赛 结束 了 双打 冠军 争夺战 
湖南 姑娘 彭帅 和 台湾 女孩 谢淑薇 力克 对手  登 上 了 冠军 领奖台  并 赢得 46 万 美元 奖金  成为 自 1973年 WTA 年终 总 决赛 增加 女双 比赛 以来  首 队 登 顶 的 亚洲 运动员 
这 是 彭帅 与 谢淑薇 合作 以来 拿下 的 第九 个 冠军  她们 也 延续 了 决赛 全 胜 的 骄人 纪录 
也 是 随着 时间 的 变化  我们 两 个 打 到 哪 以后 才 会 去  慢慢 把 这个 梦想 放 的 越来越 大 对于 彭帅 和 谢淑薇 来说  这 场 胜利 可谓 锦上添花 
就 在 3 个 月 前  海峡 组合 刚刚 问鼎 有着  网球 圣殿  之 称 的 温布尔 登 网球 公开赛  获得 双打 冠军  这 是 彭 帅 职业 生涯 中 第一 次 拿 到 大 满贯 冠军  谢淑薇 也 成 了 第一 位 来自 台湾 的 大 满贯 冠军 选手 
而 当 两 个 27 岁 的 同龄人 捧 起 奖杯 时  这些 赞誉 都 变 得 不 那么 重要 了  她们 只 是 两 个 实现 了 儿时 梦想 的 年轻人  享受 着 喜悦 与 快乐 
当时 在 场上 都 懵 了  下 来 我们 互相 问  赢 了 吗  是 真 的 赢 了 吗 
然后 一直 跟 小薇 说  就 不经意 感觉 真 的  不经意 间 就 发生 了 彭帅 和 谢淑薇 都 是 1986年 出生 的  生日 只 相差 4 天 
1998年  谢淑薇 与 彭帅 在 国外 参赛 时 相识  母语 的 亲切感 让 两 个 孩子 成为 好 朋友 
在 那 之后  两 人 就 开始 搭 挡 参赛 
就 一 见面  当时 那个 时候 我 因为 英文 也 不好  他 说 的 英文 也 不好  这 说 的 都 是 母语  都 是 一样 的  我 还是 觉得 找到 一个 特 好 的 朋友 你 知道 吗 她 讲话 就  从小 都 是 小 小声 的  很 可爱  然后 做 事情 也 是 慢吞吞 的  然后 你 就 觉得 这个 人 很 可爱 这个 样子 
然后 再 到 后来 就 是 我 一 去 台湾  他 也 会 来 北京 比赛  然后 就 是 大家 在 一起 玩儿 就 挺 好 的  就是 打球  然后 比赛  然后 他 会 带 我 去 台湾 吃 小吃  我 会 带 他 来 北京 吃 烤鸭 我们 从 小 配 双打  我们 在 欧洲 打 五 战  我们 五 战 都 打 进 决赛  然后 拿下 三 个 冠军 孩子 眼中  永远 在 一起  的 愿望 并 不 是 那么 容易 实现 的  2001年 谢淑薇 走上 职业 网球 之 路  和 彭帅 的 配对 也 就 告一段落 
2年 后  彭帅 也 转入 职业 球员  两 个 女孩 在 自己 的 道路 上 各自 拼搏 着 
2008年 在 美 网 再次 碰面 时  彭帅 已经 进入 了 世界 排名 前 20 位  而 谢淑薇 是 第79 位 
谢淑薇 的 父亲 看到 了 两 个 姑娘 的 默契 和 实力  极力 促成 他们 征战 双打 赛场 
那 我们 不管 是 从 球场 或 试 一下  我们 都 无 话 不 谈  那 也 很 开心  因为 可以 跟 好 朋友 搭档  这 是 一 件 蛮 开心 的 事情 我们 从 青少年 拿 了 很 多 个 青少年 冠军  再 到 配 第一 个 职业 比赛 的  我们 俩 个人 大概 有 七年 的 时间 就 是 中间 完全 俩 个 人 没有 配 在 一起 
两 个 人 的 性格 一个 叛逆  一个 温和  打法 和 战术 都 不 相同  争执 和 摩擦 是 家常便饭  彭帅 与 谢淑薇 在 磕磕绊绊 中 寻找 着 合作 的 平衡 
其实 我们 也 挺 坎 坎坷 坷 的  在 打 好 的 时候  可能 会 有 很 多 开心 的 时候  还有 荣誉 啊  掌声 
可能 轮 到 我们 俩 个人  可能 配合 不好 的 时候 也 确实 会 有 很多 的 新 的 不同 的 问题 出来 可能 也 像 小孩 一样 的  你 要 这样  我 要 这样  没有 说 到 一起 去  结果 谁 都 不 理 谁 了  海峡 组合  在 一年 里 夺得 了 包括 年终 赛  温 网 等 在内 的 多 个 冠军  双打 的 世界 排名 升 至 第二 位  迎来 了 职业 生涯 最 辉煌 的 一 个 赛季 
赛场 之外  彭帅 和 谢淑薇 很 少 有 机会 一起 露面  作为 职业 选手  他们 有 各自 的 训练 和 生活  要 征战 单人 赛  往往 在 双打 比赛 前 才 能 合 练  比赛 结束 又 立刻 各奔东西 
在 单打 赛场 上  彭帅 和 谢淑薇 是 各 据 一端 的 竞争 对手  然而  当 他们 站 在 球网 的 同 一边 时  又 结成 联手 御 敌 的 最佳 搭档 
既 是 对手  也 是 搭档 然后 也 是 伙伴 
她 有 她 的 教练  我 有 我 的 教练  各自 有 各自 的 团队 平时 的 话 大家 打 完 以后  可能 她 去 做 治疗  收操 啊  我 也 做 我 的  很多 时候 在 场上 下来 俩 个 人 就 分开 了 
粉丝 们 把 彭帅 和 谢淑薇 叫做  海峡 组合   两 个 姑娘 自己 也 很 喜欢 这个 名字  但 意外 偶尔 也 会 影响 到 他们 
在 今年 温 网 夺冠 后 的 发布会 上  面对 日本 记者 提出 的  获胜 对 台湾 这个 国家 意味着 什么  这个 问题  彭 帅 忍不住 举手 示意 打断   对不起  我 还 坐 在 这里  我 不能 接受 台湾 是 一个 ‘ 国家 ’ 的 说法 
