太阳 艳丽  满 场 观众  炫 彩 衣衫  辗转 腾挪  逗弄 玩耍  华美 优雅  艰难险阻  最后 一 击  要么 对手 被 抬 出  要么 自己 被 抬 出 
这 是 所有 西班牙 人 心目 中 的 梦幻 场景  他们 所 理解 的 体育 的 最高 境界 
这 是 斗牛  也 是 足球  篮球  手球  网球  赛车  自行车  但 归根结底 还是 斗牛 
因为 任何 比赛 到 了 最后  你 还 是 你  因为 西班牙 人 就 喜欢 这么 玩 

如果 你 仔细 观察 西班牙 人 的 各项 比赛  似乎 全部 跟 斗牛 异曲同工 
以 西班牙 足球 为 例  不管 对手 这 头 公牛 多么 彪 悍  顽强  抑或 超越 智商 地 采取 了 紧缩 防守  等待 反击 的 策略  西班牙 斗牛 士 们 最终 都 能 将 其 击 杀 
不要 再 说 什么 美丽 足球  幻 魔 流派  不要 再 说 什么 克鲁 伊 夫  全 攻 全 守  那样 西班牙 人 都 会 微微 一 笑  心中 浮 起  对 牛 弹琴  四 个 字 
对 他们 来说  足球 只不过 是 一 场 游戏  一 场 拟人 化 的 斗牛 
以前 他们 技术 尚未 能 凌驾 众 生  因此 往往 被 牛斗  被 顶 翻  而 现在 他们 人才济济  技高一筹  可以 从容 地 斗牛  随心所欲  走 完 他们 心中 最 理想 的 标准程序 
一 名 斗牛 士  三 名花 镖 手  两 名 骑马 的 长矛 手  组成 了 一个 完整 的 斗牛 团队  而 在 西班牙 阵 中  比利亚 是 最 好 的 主 斗牛 士  伊涅斯塔  哈维 则 是 最 好 的 花 镖 手  哈维·阿隆索  普约尔 则 是 最 好 的 长矛 手 
西班牙 全队 都 可以 上 来 斗牛 
他们 引逗  他们 长矛 穿刺  他们 上 花 镖  他们 让 对手 满 场 飞奔  让 对手 锐气 渐 挫  血 在 流淌  精疲力竭  让 对手 围绕 着 自己 打转 却 不能 沾 身  他们 将 红 布 直接 抛 向 对手 面 门  诱 起 雷霆 之 怒  就 连 这 一 抛 也 有 一个 美妙 的 名字  贝罗尼卡  
贝罗尼卡 原 是 耶酥 受难 时 为 其 拂 面 的 圣 女 之 名  因 其 动作 的 相似性  所以 命名  等 到 玩 够 了  他们 会 执行 最后 的 刺杀  弯 头 利剑 瞄准 牛 的 颈 部  在 牛 与 人 错 身 而 过 的 一刻  插入 心脏  公牛 应声 倒 地 
然后 他们 抹 去 脸上 的 血  抬头  享受 全场 的 欢呼 
于是  我们 看到  世界杯 第一 场  他们 被 瑞士 奶牛 顶 翻  因为 其 貌似 温顺  实 则 最 凶  而 在 胜 智利 和 洪都拉斯 出线 后  西班牙 人 就 开始 完美 地 玩 起 了 斗牛 
连续 4 个 1 比 0  直到 最后 的 冠军 
邻家 葡萄牙 小牛 倒 在 了 第63 分钟  坚韧 的 巴拉圭 顽 牛 倒 在 了 第83 分钟  大 只 的 德国 公牛 倒 在 了 第73 分钟  美丽 的 荷兰 乳牛 倒 在 了 第116 分钟 
全部 一 击 致命  绝对 不 需要 补 剑 
这 是 足球 的 最 高 段位  也 是 篮球  网球  手球 的 最高 玩 法  更 是 斗牛 的 最高 境界 
但 西班牙 人 心中 除去 斗牛 之外  还有 一个 同样 隐秘 的 情结  奔 牛 
潇潇 雨 歇  石子 街道  白 衫 红 巾  拥挤 人群  牛 儿 冲刺  要么 你 让 牛 只 能 看到 你 的 屁股  要么 牛 会 最终 给 你 一个 推动力  让 你 脱离 地球 引力 
这 似乎 比 斗牛 更加 平等  牛 还有 角  人 的 手中 却 已经 没有 剑  只有 啤酒 和 勇气 

另 一 种 类型 的 体育 隐喻 
当 康塔多 在 比利 牛斯  阿尔 卑 斯 山 攀援 而 上  在 自行车 洪流 中 领 骑  当 阿隆索 在 巴塞罗那  瓦伦西亚 的 赛道 上 脚底 冒烟  轰鸣 而 过  他们 心中 是否 泛 出 了 奔 牛 的 场景 
当 我们 还 在 努力 学习 与 天 斗  与 地 斗  与 人 斗  西班牙 人 只 想 着 与 牛斗  抑或 是 被 牛斗  都 可 
不 是 炫耀  更 不 是 凌辱  而是 交流 
人 与 牛 目光 相对  错 身 而 过 的 那 一瞬间  人 斗牛  牛亦斗 人  众 生平 等  追求 的 只是 肌肉 与 神经 极度 咬合 中  灵魂 出 窍  飞腾 于 空中 的 那种 巅峰 体验 
牛 是 公牛  人 是 汉子  牛 终将 死  人 亦 不 能 永生  但 有 这 一 次 传情 的 怒 目 对视  足 矣 
西班牙 人 就是 这样  他们 最近 胜利 的 时候 很 多  他们 很 享受  但 他们 其实 失败 的 时候 更 多  他们 也 忍 了 
要 和 西班牙 人 玩  就 得 接受 他们 的 哲学 
你 够 华丽  够 大胆  就 可以 斗 他们  他们 丢 盔 卸 甲  满 路 奔逃  也 不 敢 有 丝毫 怨言 
如同 2006年 世界杯 上 的 法国 队  如同 前年 和 以前 的 费德勒  都 做到 了 这 一点  如果 你 粗糙 了  懦弱 了  你 就 要 接受 被 他们 斗 的 命运  所谓 的 反击 机会  只 是 红 布 引逗  在 你 想 喘 口 气 时  已经 一 剑 穿 心  你 也 无话可说 
