郎平 是 真 有 风骨 的 人 郎平 的 人生 就 像 建造 一个 迷宫  绕 来 绕 去  你 不 知道 她 的 下 一 站 在 哪里 
她 的 每 一 次 选择  都 像 打 个 响 指 般 轻 逸 与 快意  除了 1995年 的 那 次 
那 还 是 一个 女排 精神 被 喊 地 山 响 的 时代  突然 女排 自己 不行 了  不但 丢掉 了 亚洲 冠军  在 世锦赛 上 也 只 能 打 到 8 强 
那 一年  我 在 一 所 大学 教书  住 两 个 人 一 间 的 筒子楼 
室友 是 艺术 系 的 一个 愤 青  姓 阮  上 至 省委 书记  下 至 门口 修 自行车 的 大爷  都 被 他 背地里 骂 得 狗 血 淋 头 
唯有 女排  他 只是 痛心疾首  而 不 肯 责骂 
我 俩 平时 话不投机  但 谈 到 女排  却 像 他乡遇故知  每 天 深夜  当 他 从 画室 回来  我们 都 会 激昂 地 讨论 一下 女排 的 问题  从 袁伟民 到 邓若曾 到 李耀先  从 古巴 到 美国 到 苏联  甚至  探 会 微 索 幽 到 后排 进攻 的 新 战术 
有 一 天  他 兴高采烈 地 宣布  郎 平 回来 了 
他 进而 发挥 说  五 连 冠 的 那 批 队员  都 把 名气 当 了 云梯  当官 的 当官  经商 的 经商  将 自己 未来 的 人生 寄放 在 安全区 
唯有 铁 榔头 粪土  权利   天马行空  不同 流 俗 
 这 就 让 我 等 佩服   他 摇头晃脑 地 说 
我 猜想  这 是 他 生平 第一 次  如此 真诚 地 夸 一个 人 
这 殊 为 不易 
我们 都 是 八十年代 末 的  天之骄子   从 上 学 到 上班  新闻界 有 组织 有 节奏 地 推出 各界 模范 人物  洗涤 我们 藏污纳垢 的 心灵  但 这些 人 都 不 入 阮 兄 的 法眼  他 的 口头语 是  别 跟 我 提 他 （ 她 ） 
好像 他 掌握 着 对方  阴 面  的 全部 秘密 
郎平 还 真 给 他 争气  收复 亚洲 失地 自然 不在话下  手 起 刀 落  就 砍 下 了 1996年 奥运会 银牌 和 1998年 世锦赛 亚军 
 两 个 亚军 是 一 个 冠军 的 前奏   他 和 我们 一样  对 2000年 奥运会 女排 重返 世界 之 巅 毫不 怀疑 
突然 一个 晴天霹雳  1999年 3月  郎平 以 健康 理由 辞职 
他 喝 醉 了 酒  红 着 眼 在 我们 住 的 四 层 敲 每 一 扇 门  把 开 门 的 人 都 当 了 国家体委 的 领导  非 要 论 个 短 长 
我 至今 记得 他 一 句 如 诗 的 醉话   在 坚硬 的 现实 面前  再 好 的 身体  也 会 被 撞 出 健康问题 
 没 人 相信  是 郎平 的 健康 出 了 问题  因为 对于  五连冠  的 队员 来说  连 死 都 不怕  还 怕 不 健康 吗 
大概 是 她 的 周边 环境 有 了 麻烦  而 郎平  不 是 那种 愿意 迁就 的 人  只能 一 走 了 之 
那 段时间  阮 老师 总是 给 我 讲 魏晋 艺术 和 魏晋 风度  讲 到 狂 士 们 对 利禄 的 不屑  对 权贵 的 不畏  旷 达 超脱  又 铮铮 铁骨 
他 毕竟 是 搞 艺术 的  从 最 个人化 的 视角  可以 想象 出 一个 广袤 的 空间 
当 郎平 宣布 出走 意大利 后  阮 老师 也 宣布 辞职  去 做 四 海 为 家 的 自由 画家  这 是 一 件 轰动 学校 的 大事 
然后  我们 失去 了 联系 
在 郎平 由 中国 而 意大利  意大利 而 美国  美国 而 土耳其 的 十年 间  我 会 常常 想象  阮 老师 游历 世界 名山大川 的 身影 
8月 的 一 天  一个 深夜 的 电话 把 我 吵 醒  对方 一 句  郎平 又 回来 了   立刻 让 我 想到 他 就 是 阮 老师 
他 现在 是 某市 社会 保障 局 副 局长  副处级  天 知道 这个 愤 青  艺术家  是 怎么 融入 这个 他 曾经 深恶痛绝 的 社会  又 在 行政 系统 艰难 攀 爬 的 
他 敏感 的 察觉 力 还 在  听 出 了 我 态度 中 的 惊异  立刻 解释 说  郎平 不 是 谁 都 能 学 的  她 率 性 放任 的 外表 下  隐藏 着 的 是 过人 的 才识 
然后  他 大 谈 财富 分配  社交 原则  道德 规范  这 都 是 我 毫无 兴趣 的 话题  他 有些 觉得  就 立刻 绕 回 了 郎平 身上  她 是 真 有 风骨 的 人 
有 一 种 说法 是  90 后 有 爹妈  70 后 有 存款  我们 80 后 呢  什么 都 没有 
蝇营狗苟 之中  忽然 间 被 归 了 族群  房 奴 一 族  蚁 族  工薪族  啃 老 族 

还 好 不 是 阶级 是 族  可以 肯定 的 讲 我 是 月光 族  但 这 并 不 妨碍 我 我 对 体育 刊物 的 追逐 
我 看 时下 体育 明星 也 可以 分 族 
 大 神 族  
他们 凭借 自己 超凡 的 天赋  良好 的 形象  出色 的 商业 包装  可以 让 人们 顶 礼 膜 拜  举手投足  都 秒 杀 无数 菲林 
