深秋 的 黎明 像 清纯 的 少女 ， 带 给 人 一 种 沁人肺腑 的 感觉 。
翠柏 青松 仿 佛 被 观音 菩萨 的 圣水 洗 过 ， 露出 鲜 鲜 的 ， 嫩 嫩 的 肌 扶 。
古燕 飞 起床 后 的 第一 件 事情 就 是 充分 享受 这 大自然 的 恩赐 ， 然后 才 是 练拳 练 剑 。
可 她 一大早 醒来 ， 就 发现 这个 早晨 是 一个 与众不同 的 早晨 。
古 家 堡 内 ， 仆人 和 家丁 门 像 往常 一样 都 起 得 很 早 ， 他们 的 表情 却 一个个 反常 的 肃然 ， 有人 低头 走路 ， 有人 面 带 恐慌 ， 与 她 这个 大 小姐 的 称呼 也 多 了 几 分 客气 ， 少 了 几 丝 温情 。
古燕飞 不禁 心中 一 动 ， 这 是 怎么 了 ？
迎面 走 来 了 管家 胡林成 ， 她 问 ： “ 胡 大伯 ， 是 不 是 发生 了 什么 事 ？ ”
胡林成 一 脸 的 忧愁 ， 说道 ： “ 昨晚 神 镖 无敌 王 大 练 被 人 在 卧室 里 杀 了 ， 他 爹 王 一 炮 正 冲 老爷 讨 说法 呢 ！ ”
古燕 飞 惊奇 地 “ 咦 ” 了 一 声 ， 连 她 也 不 相信 ， 竟然 有 人 敢 在 天下第一 堡 内行 凶杀 人 。
他 是 谁 ， 他 为什么 选择 这个 时候 、 这个 地点 杀人 呢 ？
带 着 满腹 的 疑惑 ， 古燕 飞 跨 进 了 会客 大厅 。
满 脸 络 腮 胡 的 王 一 炮 正 怒气冲冲 地 斥 问 古云鹤 ： “ 你 说 ， 你 是 天下第一 高手 ， 有 谁 还 敢 在 你 的 地盘 上 杀人 ？
我 儿子 人 送 外号 神 镖 无敌 ， 凶手 如果 是 庸 手 ， 决 不 能 得逞 的 。 ”
话 中 之 意 凶手 显然 与 古 家 堡 有 莫大 的 关系 了 。
古云鹤 对于 王大练 被 杀 一 事 ， 也 颇 感 内疚 ， 同时 他 也 有 几 分 疑惑 ， 面对 王 一 炮 蛮横 的 斥 问 ， 他 只能 克制 住 天下第一 高手 的 脾气 ， 缓缓 地 说 ： “ 对于 令郎 被害 一 事 ， 老朽 确 有 不可 推卸 的 责任 ， 现在 正在 追查 ， 请 兄 台 宽容 几 日 ， 相信 真相 很快 就 会 大 白 的 。 ”
痛失 爱子 的 王 一 炮 化 悲痛 为 愤怒 ， 把 桌子 一 拍 ， 说道 ： “ 好 ， 我 就 等 你 几 天 ， 如果 找 不 出 凶手 ， 我 看 你 这 天下第一 的 人 能 丢 到 哪儿 去 ？ ”
说 罢 抹 了 一 把 眼角 的 泪水 ， 被 江南 棍 王 袁秀 成 搀 了 出去 。
看到 王 一 炮 一行 离去 ， 古 云 鹤 轻轻地 叹 了 口 气 ， 对 古燕飞 说 ： “ 飞 儿 ， 昨晚 你 睡 得 可 好 ？ ”
古燕飞 点 了 点 头 ， 说道 ： “ 昨晚 半夜 忽然 醒来 ， 听 到 外面 好象 有 沙沙 的 脚步声 ， 我 以为 是 风 吹 树叶 响 ， 就 没 在意 。 ”
古 云 鹤 点点 头 ， 压低 了 声音 说 ： “ 依 我 这 两 天 来 的 观察 ， 他们 几 家 来 提亲 是 假 。 ”
“ 那 他们 是 来 干 什么 的 ？ ”
古 云 鹤 亲昵 地 拍拍 女儿 的 头 说 ： “ 傻 丫头 ， 整天 在 堡 里 ， 江湖 中 人心 险恶 你 是 一点儿 都 不 知道 啊 ！ ”
话锋 一 转 ， “ 他们 多半 是 为了 天下第一 的 名号 。 ”
古燕飞 吃 了 一 惊 ， 以往 从 爹爹 口中 听说 的 江湖 传闻 都 纷纷 飘 至 耳 畔 。
那些 江湖 典故 无 外 是 人心 险恶 ， 争名夺利 ， 尔虞我诈 ， 恩仇 报应 。
难道 说 这 几 家 来 提亲 的 都 是 借此机会 踏入 堡 内 ， 来 与 父亲 争夺 “ 天下第一 ” 名 号 的 吗 ？
如果 是 真 的 ， 那 就 太 可怕 了 。
看 到 女儿 沉思 不 语 ， 古 云 鹤 悄声 吩咐 道 ： “ 飞 儿 ， 从 今晚 起 ， 你 就 在 堡 内 偷偷 巡逻 ， 你 是 女儿 家 ， 不 会 引人注意 。
要 特别 小心 。 ”
嘱托 完 女儿 ， 他 又 长长 地 叹 了 口 气 ： 人 在 江湖 ， 身不由己 啊 。
深秋 的 夜晚 冷 意 颇 浓 ， 一 弯 残月 被 一 阵阵 凉风 驱逐 着 ， 在 天上 的 黑 云 间 孤独 地 穿行 。
古燕飞谨 从 父 命 ， 在 梆 响 三 更 时 ， 穿 好 夜 行 衣 悄悄 摸 到 窗 边 。
打开 窗户 ， 一个 “ 珍珠 倒 卷帘 ” 便 上 了 房顶 ， 然后 她 施展 轻 身 功夫 ， 像 猫 儿 似的 向 古 家 堡 西边 行 去 。
西边 是 客房 ， 来 提亲 的 江湖 人士 都 被 安排 在 那里 。
夜风 还 在 不知 疲倦 地 吹 着 ， 撩 动 树梢 的 影子 在 月光 下 鬼魅 似的 乱 舞 。
一 袋 烟 工夫 ， 古燕飞 已 到 了 西 厢房 的 屋顶 ， 她 攀附 在 一 颗 高大 的 榆树 上 向 下 望 去 。
下面 一 溜 儿 近 十 间 房屋 ， 有 七八 间 竟然 还 亮 着 灯 ， 不时 有 人影 映 在 窗户 纸 上 ， 被 拉 得 变 了 形 ， 像 妖魔鬼怪 似的 。
“ 啊 -- ” 突然 ， 一 声 撕 心 裂 肺 般 地 残 叫 划破 秋夜 的 寂静 ， 像 醺 人 的 臭味 似的 传 得 很 远 很 远 。
残 叫 过 后 ， 西 厢房 里 所有 房间 内 的 灯 仿 佛 被 同时 点 亮 了 ， 紧接着 ， 屋门 大 开 ， 有人 扯 着 嗓子 喊 ： “ 天下第一 高手 古 大侠 ， 快 来 啊 ， 又 出人命 了 ！ ”
古燕飞 心中 一 惊 ， 怕 被 众人 发现 ， 就 趁着 混 乱 又 回到 了 自己 的 住房 内 。
天亮 后 ， 她 一身 女儿 打扮 又 去 了 西 厢房 。
在 那 间 死 了 人 的 屋子 内 ， 看到 王 一 炮 仰 躺 在 椅子 上 ， 眼睛 、 鼻孔 、 嘴巴 都 张 得 大大 的 ， 显然 是 对 死亡 的 来临 感到 十分 的 恐惧 。
可 他 身上 无 伤 无 痕 ， 竟 不知 是 被 人 从 哪里 下 的 手 。
大厅 内 ， 古燕 飞 亲眼 耳闻目睹 了 众人 对 父亲 毫不客气 的 指责 。
江南 棍 王 袁秀成 和 他 的 父亲 大声 嚷 道 ： “ 又 死 人 了 ， 你 这 天下第一 堡 既然 连 客人 的 性命 都 不能 保证 ， 凭 什么 称 天下第一 ？ ”
塞外 雄风 李 安保 和 他 师父 也 喊 ： “ 不 称职 ， 就 把 天下第一 的 名号 让 与 别人 ， 免得 浪费 了 。 ”