民国 初 年 ， 皖 东 全椒县 出 了 兄妹 两 位 武侠 ， 哥哥 叫 邓广义 ， 妹妹 叫 邓广美 。
兄妹 俩 继承 父 业 ， 组织 了 一个 武术 班 ， 在 长江 南北 一带 城镇 卖艺 为生 ， 方圆 数百 里 赫赫有名 。
邓家 兄妹 擅长 攀 “ 尖刀 山 ” 和 马术 等 武术 表演 ， 尤其 是 邓广美 ， 轻 功 十分 了 得 。
一 天 傍晚 ， 兄妹 俩 率领 武术 班 来 到 江南 当涂县 ， 住 进 一 家 饭店 。
因 是 初 到 生地 ， 城里人 还 不 知 邓 家 武术 班 的 英名 ， 为了 宣传 ， 邓广美 对 老板娘 道 ： “ 我们 饿 了 ， 请 你 多 做 几 斤 大饼 ， 弄 几 样 可口 的 汤 、 菜 ， 吃 完 后 我 让 你 用 秤 称 ， 称 出 我 有 多 重 就 付 你 多重 饼 钱 ， 你 看 可 好 ？ ”
老板娘 是 个 热心 开朗 的 人 ， 她 没 多 想 ， 认为 是 江湖 人 说 的 开心 话 ， 便 随口 应 道 ： “ 好 说 ， 好 说 ！
姑娘 请 放心 ， 本 店 价廉物美 ， 从不 坑人 。 ”
于是 ， 她 叫 伙计 们 做 了 五 斤 大饼 和 几 样 汤 菜 送 上 桌 ， 邓家 兄妹 和 徒弟 们 风 卷 残 云 ， 顷刻 一扫而光 。
吃 毕 ， 邓广美 对 老板娘 道 ： “ 本 姑娘 不 失 所 约 ， 请 你 拿 秤 来 称 我 吧 ！ ”
老板娘 笑 道 ： “ 姑娘 是 说 戏言 吧 ， 难道 真 的 要 我 称 你 ？ ”
邓广美 认真 地 道 ： “ 当然 要 称 ， 我 说话 历来 算数 。 ”
“ 那 好 ， 我 就 来 称称 看 。 ”
老板娘 说 着 ， 叫 伙计 取 来 一 杆 大 秤 ， 一 称 不 多 不 少 ， 刚好 四两 重 。
老板娘 惊 得 目瞪口呆 ， 好 一会 才 回 过 神 来 ， 惊异 道 ： “ 奇怪 ， 真 奇怪 ！
一 个 大姑娘 仅 有 四两 ， 就 你 刚才 吃 下 的 饼 和 菜 也 不 止 这 点 重 呀 ， 你 的 体重 哪里 去 了 ？ ”
邓广义 边笑 边 对 老板娘 道 ： “ 店家 请 放心 ， 饼 菜 钱 照 付 ， 我 妹妹 只不过 是 与 你 开 个 玩笑 罢了 。 ”
说 罢 ， 如数 付 了 账 。
攀 过 “ 尖刀 山 ” ， 接着 表演 马术 。
邓广美 骑 在 一 匹 浑身 雪白 的 马背 上 ， 一边 扬鞭 打 马 飞跑 ， 一边 在 马背 上 作 “ 竖 蜻蜓 ” 、 “ 翻 跟斗 ” 、 “ 燕子 扑 水 ” 等 扣人心弦 的 精彩 表演 。
好戏连台 ， 观众 看 得 眼花缭乱 ， 掌声 雷鸣 不息 。
这时 ， 有 几 个 富家 少爷 看 得 动情 ， 将 铜钱 雨点 般 地 扔 去 。
邓广美 一 边 打 马 转圈 跑 ， 一边 “ 倒挂 金 钩 ” ， 采用 “ 马 下 衔 钱 ” 的 招 式 ， 将 落 地 的 钱币 一 枚 一 枚 地 拾 起来 ， 博得 观众 大声 叫绝 。
寇 三两 乐得 挤眉弄眼 地 一阵 狂笑 ： “ 好 个 爽快 的 美人 儿 ， 让 我 来 个 吕 洞 宾 三 戏 白 牡丹 ！ ”
说 着 手 一 扬 ， 银元 像 飞镖 一样 掷 向 邓广美 的 胸前 。
观众 个个 提心吊胆 ， 都 为 邓 广 美 担忧 ， 但 邓广美 不愧 为 女 中 豪杰 ， 一 伸 玉 手 就 接 住 了 。
寇 三两 见 未 扔 着 ， 顺手 又 掏 出 两 块 银元 ， 如 双 箭 射 靶 心 一样 ， 再次 向 她 胸前 双 峰 掷 去 。
邓 广 美 不慌不忙 ， 手 一 伸 ， 又 把 两 块 银元 接 住 。
寇 三两 仍 不 死 心 ， 一下子 掏 出 五 块 大洋 ， 用 两 只 手 左右开弓 地 掷 去 … …
寇 三两 也 不 是 省 油 的 灯 ， 他 也 会 武功 ， 平时 练 铜板 打靶 ， 可 说 弹无虚发 ， 百发百中 。
他 心想 ： 一 人 难 敌 五 手 ， 我 用 五 块 银元 全面 开花 地 扔 去 ， 尽管 你 武艺 好 ， 料 你 也 不 能 全都 接 住 ， 总 会 有 疏漏 被 我 击中 ， 到 时 让 我 美美 地 拥 吻 一下 这 美人 儿 ， 花 几 块 大洋 也 值得 。
但是 ， 寇 三两 的 美梦 泡汤 了 ， 因为 邓广美 自小 就 跟随 父兄 练武 ， 刀枪 棍棒 十八 般 武艺 样样 精通 ， 特别 擅长 射箭 镖 。
寇 三两 第三 次 扔 出 的 五 块 银元 ， 她 仅 伸 了 一 只 手 就 全都 接 住 了 。
邓广美 接 到 这些 “ 赏赐 ” 之后 ， 微微 一 笑 道 ： “ 承蒙 先生 奖赏 ， 如此 破费 ， 盛情难却 ， 小 女子 只好 笑纳 了 。 ”
这 番 俏皮话 ， 气 得 寇 三两 吹胡子瞪眼 睛 ， 龇牙咧嘴 。
可是 ， 有约在先 ， 当 着 众多 观众 面 ， 一 肚子 怒火 也 不便 发作 ， 只好 是 火 烧 乌龟 肚 里 痛 了 。
寇 三两 的 大 徒弟 屠 一 刀 也 是 个 地痞 恶棍 ， 因 他 杀 猪 、 卖 肉 都 是 一 刀 了结 ， 故 得 此外 号 。
他 十分 效忠 寇 三两 ， 见 师父 白白 地 丢掉 八 块 大洋 ， 大为 惋惜 ， 一心 寻机 报复 。
当 邓 广 美 弯腰 拾 地下 零散 钱 时 ， 他 却 突然 伸出 魔 瓜 向 她 胸前 摸 去 。
邓广美 早 有 戒备 ， 未 等 他 手 到 胸前 手指 用力 一 挟 ， 屠 一 刀 的 手掌 就 如 被 钢 钳 钳 住 一样 ， 伸 不 进 拔 不 出 ， 连 人 被 她 拖 着 在 场子 里 转游 好几 圈 。
屠 一 刀 痛 得 哇哇 怪 叫 ， 苦苦 哀求 道 ： “ 姑奶奶 ， 我 的 手快 断 了 ， 求 你 放 过 我 吧 ！ ”
邓广美松 了 手 ， 屠 一 刀 抬 起 手掌 一 看 ， 已 被 夹 出 瘀 血 了 ， 顿时 红肿 起来 。
全场 观众 无不 嘲笑 ， 指责 他 的 流氓 行为 。
寇 三两 怕 激起 民愤 ， 只好 气急败坏 地 拉 着 屠 一 刀 狼狈 不堪 地 溜 走 了 。
邓 广 美 惩罚 了 这 两 个 恶棍 ， 观众 无不 拍手称快 。
原来 ， 寇 三两 是 个 屠夫 ， 因 他 卖 肉 经常 少 三两 ， 故而 人们 送 他 个 外号 叫 “ 寇 （ 扣 ） 三两 。 ”
这个 流氓 头子 心狠 手 毒 ， 动不动 举 刀伤 人 ， 依仗 他 舅舅 在 国民党 县 党 部 当官 的 权势 ， 横 霸 一 方 ， 敲诈勒索 ， 奸淫 民女 ， 无恶不作 ， 人们 都 敢怒不敢言 。