说 起 梁山 青 桃 ， 它 个儿 小 ， 习性 怪 ， 开 花 早 于 杏花 。
这 是 怎么 回 事 ？
有 个 梁山 蜜桃 变 青 桃 的 故事 ， 长期 在 民间 流传 。
北宋 末年 ， 宋江 领导 的 农民 起义军 占据 梁山 ， 杀富济贫 ， 替 天 行 道 ， 人 马越 聚 越 多 。
后来 他 又 率领 梁山 一百 单 八 位 好汉 受 了 招安 。
招安 后 一个 个 被 杀 的 杀 ， 贬 的 贬 ， 也 有 的 重新 上 梁山 聚 义 。
赵宋 王朝 恨 透 了 梁山 义军 ， 命 济州 知府 张叔 夜 派兵 镇 驻 梁 山寨 。
他 还 不 放心 ， 又 命 拆除 梁山 寨 上 的 聚 义 厅 及 左右 军 寨 。
直到 如今 ， 梁山 上 古迹 甚 少 ， 不光 是 张 叔 夜 的 罪过 ， 也 是 封建社会 的 罪证 。
相传 当时 来 梁山 拆除 大寨 的 建筑物 ， 张 叔 夜 特别 积极 ， 别人 拆 了 他 还 不 放心 ， 还 亲自 到 梁山 督查 ， 拆 得 梁山 上房 无 一 间 。
有 一 回 ， 他 怕 百姓 再 建 房舍 纪念 宋江 ， 又 偷偷 带 几 个 亲信 到 了 梁山 。
他 在 梁山 上 正 走 着 ， 离 大寨 不远处 ， 一阵 香气扑鼻 而 来 ， 擦 擦 汗 四下 观望 ， 见 不远处 有 一 片 蜜桃 林 ， 桃 儿 结 得 像 蒜辫 ， 个儿 又 大 ， 如同 苹果 一般 ， 透明 发亮 ， 压弯 了 枝头 。
他 看 后 就 朝 桃 林 走 去 ， 到 那 向 一 看 桃 儿 的 老汉 问道 ： " 这 桃 何 名 ， 为 啥 香味 扑鼻 ？ "
看 桃 林 的 老汉 ， 望望 张 叔 夜 答道 ： " 这 桃 叫 梁山 蜜桃 ， 是 张 青 栽 的 … … "
没 等 老汉 再 往 下 说 ， 张 叔 夜 怒冲冲 说 ： " 胡说 ！
， 张青 乃 反 贼 ， 怎 能 栽 出 这样 好 的 桃树 ？
摘 个 我 尝尝 。 "
老头 想 发火 ， 又 一 看 这 帮子 不是 凡人 ， 大 有 来头 ， 问道 ： " 你 是 何人 ， 高 姓 大名 ？ "
一 跟随 答道 ： " 他 是 济州 知府 张大 老爷 。 "
老汉 忍气吞声 ， 摘 了 一 个 给 他 。
张 叔 夜 吃 后 随口 说道 ： " 好 甜 ， 好 甜 ！ "
眼 转 了 几 转 ， 点点 头 ， 计 上 心 来 。
随即 命令 道 ： " 这 桃 是 甜 ， 原来 是 匪 桃 。
现在 是 官 桃 ， 我 不 品尝 它 不 会 这样 甜 。
从今 往后 这 桃 不准 你 再 说 是 反 贼 张 青 栽种 ， 要 说 是 我 张 叔 夜 栽种 的 。
宋江 、 张青 是 反 贼 ， 明白 吗 ？ "
看 林 老头 说 ： " 我 心里 明白 ！ "
张 叔 夜 点点 头 ， 遂 命 跟随 ： " 你们 让 地方 把 山上 蜜桃 统统 运往 济州 ， 万岁 欲 食 此 桃 ， 老爷 我 要 进贡 ！ "
张 叔 夜 到 梁山 转 了 几 圈 ， 返回 了 济州 不 几 日 ， 数 车 蜜桃 也 就 送 到 了 。
张 叔 夜 非常 高兴 ， 心想 ： 我 晋 上 此 桃 ， 万岁 准 会 龙 颜 大喜 ， 进 京 即 在 眼前 。
蜜桃 受 御 封 ， 世上 胜 蟠桃 啊 。
立即 命令 将 桃 分 篓 装 上 ， 亲 写 奏折 ， 赞美 梁山 蜜桃 胜 仙桃 ， 派 亲信 星夜 呈送 汴京 。
过 不 几 口 ， 圣旨 下 到 济州 ， 宣张叔 夜 速 带 蜜桃 进 京 。
他 接 旨 后 高兴 得 一 夜 没 合眼 ， 选 数百 名 精兵 ， 第二 日 天 没 明 就 起程 进 京 了 。
徽 宗 皇帝 上朝 理事 ， 接到 张 叔 夜 本 折 ， 十分 欢喜 ， 传 旨 京城 四 品 以上 官员 上朝 品尝 蜜桃 。
众 官 上朝 ， 每人 赐 桃 一 个 ， 君臣 共 庆 太平 盛世 。
张 叔 夜 带 着数 篓 蜜桃 放置 殿 角 ， 太监 打开 一 篓 先 呈 徽 宗 一 个 。
徽 宗 闻到 香味 ， 张口 猛 咬 ， 只 听 " 哎呀 " 一 声 ， 咋 回 事儿 ？
徽 宗 被 硌 掉 了 一 颗 大牙 。
满 朝 文武 愕然 ， 真 奇怪 ， 蜜桃 一下子 变成 像 核桃 一样 大小 ， 皮包 核儿 ， 又 小 又 硬 的 青 毛桃 了 ， 再 闻 酸 气 呛 鼻儿 。
越 品尝 越 苦 越 涩 。
再 看 徽 宗 气 得 脸 像 猴子 腚 一样 紫红 。
满 朝 文武 ， 你 看看 我 ， 我 看 看 你 ， 一个个 目瞪口呆 。
张 叔 夜 浑身 发抖 ， 冷汗 像 泉眼 般 冒 了 出来 。
他 急中生智 ： " 禀 万岁 我 主 ， 此 桃 数百 里 呈送 京城 ， 放 在 驿站 ， 也许 有 些 不法之徒 偷 换 ， 待 我 和 高太尉 一同 查看 查看 。 "
徽 宗 说道 ： " 也好 ， 你们 快快 查看 ， 速 速 呈 上好 的 蜜桃 。 "
高 俅 和 张 叔 夜 到 殿 角 查看 所 剩 蜜桃 ， 打开 一 篓 又 一 篓 ， 篓 篓 香气扑鼻 ， 个个 大 而 透明 。
他们 检查 后 ， 命 太监 抬 上 金銮殿 。
张 叔 夜 奏 道 ： " 禀 我 主 万岁 ， 现 将 真 蜜桃 晋 上 。 "
你 说 怪 不 怪 ， 当 徽 宗 看 桃 时 ， 每 篓 的 蜜桃 ， 一个 个 又 都 变成 皮包 核 的 又 青 又 小 的 青 桃 了 ， 满 朝 文武 又 吃 一 惊 。
高 俅 再 看 ， 也 瞠目结舌 ， 两 只 眼珠 转 了 又 转 ， 忙 改口 道 ： " 我 同 张 知府 亲眼 所 见 ， 确 确实 实 是 蜜桃 ， 抬 上 殿 来 又 变 ， 看来 这 是 梁山 匪 性 不 改 ， 桃 儿 都 仇恨 我 主 ， 要 这 桃 儿 有 何益 ？ "
徽 宗 正在 左右为难 之 时 ， 听 高 俅 这么 一 说 ， 更 是 气 上 加 气 ， 咬牙 骂 道 ： " 梁山 贼 寇 反 骨 不 改 ， 仇恨 寡人 ， 桃 儿 也 反 心 不 退 ， 到 梁山 把 它们 统统 刨 光 ， 不准 它们 再 结 蜜桃 ！ "
张 叔 夜 惴惴不安 地 返回 济州 ， 越 想 越 怪 ， 明明 是 个 大 香甜 的 蜜桃 儿 ， 咋 着 变成 又 小 又 苦 的 小 青 桃 了 呢 ？
他 急速 到 梁山 查看 一番 。