鲁山 东面 有 一 个 县 ， 叫 东 县 ， 西面 也 有 一 个 县 ， 叫 西 县 ， 两 县 以 鲁山 为 界 。
东 县 有 一个 劫富济贫 的 侠盗 ， 那里 的 平民 百姓 尊称 他 为 “ 东侠 。 ”
西 县 也 有 个 侠盗 ， 叫 “ 西侠 。 ”
平日 里 ， 都 不 会 见 两 位 大侠 的 踪影 ， 当 有 奸商 、 贪官 的 财物 经过 这 两 个 县 时 ， 侠盗 便 出来 打扰 他们 的 好事 … …
来 无 影 ， 去 无 踪 ， 东 县 和 西 县 县令 的 衙 府上 已 不 知 堆 着 多少 关于 他 俩 的 案 件 了 。
因为 对 两 位 侠盗 底细 毫无 所 知 ， 也 无可奈何 。
只 是 知道 ， 在 半 年 前 ， 这 两 位 侠盗 才 开始 兴 风 起 浪 ， 两 位 县令 才 敢 推测 ， 这 两 人 不 是 本地 人 ！
夏季 一 来 ， 过 不久 便 是 大 小暑 ， 烈日当空 下 ， 东 县 县令 坐 着 抬 轿 向 西 县府 衙 而 去 ， 四 位 轿夫 光 着 膀子 ， 汗水 还是 一 滴 一 滴 向 地面 掉落 而 去 ， 一旁 的 王 师爷 摇 着 羽扇 ， 虽 比 不 过 轿 中 小憩 的 县 老爷 ， 但 比 这 几 个 轿夫 却 好 很多 。
“ 师爷 ， 还有 多久 才 到 西 县 ？ ”
县 老爷 似乎 才 睡醒 ， 声音 中 带 着 几 分 懒散 。
张 县令 坐 轿 在 前 ， 王 师爷 走 在 一侧 ， 那个 箱子 ， 专门 有 一 辆 马车 来 拉 ， 十几 个 武夫 两 人 一 组 ， 分别 包围 着 马车 ， 一行 十几 个 人 浩浩荡荡 的 向 西 县 而 去 。
途经 鲁山 山顶 时 ， 县令 下令 原地 休息 … …
自己 也 下 轿 去 看看 后面 的 箱子 。
县令 走近 拉 箱子 的 马车 前 ， 有 两 个 武夫 便 走 近 “ 老爷 ， 有 什么 需要 ？ ”
， 这 两 人 的 身形 相比 其他 人 要 瘦小 些 ， 身上 的 衣服 也 显得 宽松 。
县令 退后 几 步 ， 对 身旁 其他 大 汗 吼 道 “ 快 把 这 两 个 逆 贼 拿下 ！ ”
带 着 被 捉拿 下 的 其中 一 人 ， 张 县令 往 西 县 赶 去 ， 虽然 逃 掉 一 人 ， 可 也 抓 到 一 个 。
此时 ， 装有 寒 冰 的 箱子 已经 没有 用 ， 张 县令 火 急 火 急 地 向 西 县 而 去 。
张 县令 在 西 县 呆 了 很 多 天 ， 回到 本县 时 ， 家家户户 都 开始 着手 准备 冥 币 了 ， 因为 已经 快 到 ‘ 七月 半 ’ 。
俗 说 ， 每年 的 这个 时候 是 阴间 鬼魂 上 阳 世 的 时候 ， 特别 是 七月 十五 ， 阎王 打开 鬼魂 域 之 门 … …
此时 的 人们 为了 不 让 鬼魂 进屋 ， 便 会 在 家里 烧 很多 的 冥 钱 ， 因为 ， 鬼魂 ‘ 拿 ’ 了 冥 钱 ， 便 不 会 来 打扰 。
而 张 县令 ， 进 了 自己 的 府 衙 后 ， 直接 向 书房 走 去 ， 搬 开 书架 ， 里面 竟然 有 一 石 室 ， 张 县令 拿 起 一 件 外套 穿 上 ， 就 走 进去 。
石 室 与 他 的 书房 大小 相近 ， 正 中间 摆放 着 一 块 晶莹 白 皙 的 玉 ， 有 巴掌 大 ， 张 县令 看 了 眼 这块 玉 ， 不禁 打 起 寒战 … …
“ 血 玉 ， 血 玉 … …
你 终究 还 是 我 的 ！ ”
张 县令 大 笑 起来 … …
“ 阁 老 ， 看 你 怎么 阻止 我 ， 什么 东西 侠盗 ， 只 是 毛 都 还 没 长 齐 的 小 屁 孩 … … ”
一番 自语 过后 ， 张 县令 从 怀中 拿 出 一个 精美 的 小 木箱 ， 用 一 根 棍棒 ， 把 血 玉 弄 进 木箱 … …
“ 李 大人 的 好 东西 真 不少 ！ ”
张 县令 望 了 眼 已 被 一 层 冰 包裹 的 棍棒 ， 再 看看 手中 毫无 异样 的 木箱 。
李 县令 书房 里 ， 在 他 的 对面 捆绑 着 一 人 —— 正是 东侠 ， 逃走 的 是 西侠 。
“ 也 不 问 你 了 ， 反正 你 知道 的 ， 我们 也 知道 了 ， 这 还 多谢 我 珍藏 多年 的 蛊 虫 。
要 不 是 姓 张 的 要 留 下 你 的 命 看 他 是 怎样 血 祭 成功 ， 我 才 懒得 在 这 与 你 废话 。 ”
李 县令 喝 点 茶 后 又 说 道 “ 蛊 虫 的 效果 已经 过 了 ， 想 在 你 这 问 点 什么 出来 ， 也 不 可能 了 。 ”
“ 姓 李 的 ， 你 王 八 ， 你 不 得 好 死 ！ ”
东 侠 愤 力 挣扎 着 ， 身上 的 伤口 又 被 磕碰 出血 。
“ 明天 就 是 七月 十五 了 ， 好好 看 着 … … ”
李 县令 又 带 衙役 出去 了 ， 寻找 西 侠 。
血 玉 是 一 种 通 灵 之 物 ， 每 三年 后 的 七月 十五 的 正 午夜 时 ， 便是 祭祀 它 的 时候 。
还 需要 三 种 血 ： 未经 人事 且 已 成 年 的 男女 血 ， 还有 未 满月 男婴 的 血 。
把 这 三 种 血 均匀 倒 进 一个 碗 里 ， 再 把 血 玉 去 放 进去 —— 血 祭 在 正 午夜 所 吸 给 的 盛 阴 气 与 碗 里 血 所 形成 的 红 雾 能 让 距离 它 最近 的 两 个 人 开通 一 扇 预 知 之 能 ， 这 也 是 众多 人 所 追求 的 ， 当然 ， 如果 有人 幸 得 这种 预 知 之 能 时 ， 天空 便 会 出现 异样 开 而 血 玉 也 会 不翼而飞 。
当年 ， 东西 侠盗 的 师傅 阁 老 便 是 当时 被 抓 去 取 血 的 人 ， 怎 奈 到 了 关键 时期 竟 出现 一 批 早已 埋伏 在 此地 的 人 … …
机缘 巧合 下 ， 阁 老 与 另 一个 人 获得 这种 异能 。
另 一个 人 被 埋伏 的 那 批 人 抓获 ， 逼 他 使用 异能 感觉 出血 玉 的 去 落 ， 还要 感觉 出阁 老 的 下落 … …
阁 老 为了 躲避 被 他们 抓获 ， 也 常常 使用 异能 ， 多次 运用 后 ， 阁 老 发现 这 有 一个 很 大 的 弊端 ， 就 是 ， 每 次 过 后 ， 自己 会 衰老 几 岁 ！
另 一个 人 超 负 力 使用 异能 ， 最终 早早 就 老 死去 。