目前 ， 我们 可以 通过 ATM 机 自助 办理 存取款 、 信用卡 还款 等 业务 ， 避开 常常 需要 长时间 等待 的 银行 柜台 服务 。
不过 ， 要 想 开办 一 张 新 的 银行 卡 ， 却 得 带 着 相关 证件 去 银行 柜台 、 花 上 不少 等候 时间 才 能 办 好 。
在 2013 中国 国际 金融 展 上 ， 可 让 客户自助 完成 借记卡 申请 “ 远程 柜员 系统 ” 吸引 了 不少 人 驻足 。
通过 身份 验证 、 表格 填写 、 拍照 等 9 个 步骤 ， 5 、 6分钟 的 时间 ， 就 能 完成 借记卡 的 申请 步骤 ， 当场 拿 到 卡片 。
在 此 过程 中 ， 用户 可以 在 柜员 的 远程 协助 下 办理业务 ， 更 可以 选择 独自 办理 。
除了 应用 于 银行 网点 的 设备 ， 移动 支付 新 技术 也 在 展览 上 得到 了 充分 的 展示 。
北京 天 诚 盛 业 科技 有限公司 自主 开发 的 “ 手机 银行 刷 脸 通 ” 平台 ， 把 人脸 识别 系统 同 手机 银行 相 结合 。
通过 这 一 平 台 ， 登录 手机 银行 只 要 用 手机 前 置 摄像头 照 张 相 便 可 完成 ， 摆脱 了 输入 密码 的 繁琐 程序 。
该 公司 市场 部 市场 专员 王 先生 介绍 说 ， “ 用 人脸 代替 密码 。
我 只要 输入 我 的 账号 信息 ， 然后 刷 一下 人脸 就 可以 登录 进去 ， 然后 就 可以 进行 相应 的 操作 ， 比如说 查询 账户 啊 ， 转账 啊 ， 进行 一些 网页 交易 啊 等等 。
可能 我 有 好 多 个 手机 银行 ， 有 可能 我 有 好 多 个 密码 ， 不 容易 记住 。
如果 有人 脸 信息 ， 就 方便 了 我们 登录 。
” 其实 ， 人脸 识别 技术 早已 应用 在 生活 中 。
有的 银行 、 小区 装有 人脸 识别 门禁系统 ， 不少 公司 还 使用 了 人脸 识别 考勤机 。
不过 ， 把 人脸 识别 技术 同 手机 银行 软件 结合 起来 ， 世界 上 还 不 多 见 。
“ 人脸 识别 技术 现在 发展 得 比较 成熟 了 ， 但是 在 手机 支付 上 还 算 比较 先进 ， 目前 国外 只有 芬兰 有 过 人脸 支付 的 ， 其他 的 我们 还 没有 听说 ， 所以 算是 比较 先进 的 。
” 此外 ， 在 展览 上 还 能 看到 不少 为 大众 所 熟悉 的 金融 科技 企业 推广 自己 的 产品 ， 这些 科技 创新 将 让 我们 的 生活 更 为 方便 。
这次 神 舟 十 号 航天员 王亚平 在 天宫 一 号 内 以 直播 的 形式 进行 太空 授课 ， 是 中国 的 第一 次 、 世界 的 第二 次 。
据 介绍 ， 这 节 太空 课堂 将 从 上午 10时 04分 开始 ， 全程 约 50分钟 ， 授课 地面 课堂 设 在 位于 北京市 海淀区 的 中国 人民 大学 附属 中学 ， 教室 具备 与 神 舟 十 号 航天员 双向 音 视频 通话 互动 的 功能 。
包括 少数民族 学生 、 进城 务工 人员 随 迁 子女 及 港澳台 地区 学生 代表 在内 的 330 余 名 中小学生 将 一 起 参与 。
与此同时 ， 全国 8 万 余 所 中小学 6000 余 万 名 师生 将 同步 组织 收听 收看 。
广东 汕头市 东方 小学 就是 其中 之一 。
该校 副 校长 林秀玉 在 接受 采访 的 时候 表示 ， 学校 将 组织 高年级 同学 观看 这 节 特殊 的 课堂 ： “ 虽然 我们 东方 小学 这 一 次 没有 办法 和 航天员 直接 互动 ， 但是 我们 可以 利用 这 节 课 ， 让 学生 认真 的 观察 、 思考 、 吸收 太空 支持 。
我们 鼓励 学生 写 观后感 ， 让 他们 把 观 后 的 感受 与 小伙伴 们 分享 ， 激发 孩子 们 探索 太空 奥秘 的 好奇心 ， 在 他们 心里 播 下 他们 探索 自然 ， 探索 奥秘 的 种子 。
” 今天 也 是 “ 太空 迷 的 节日 ” 。
赵洋 是 一 位 科技 工作者 ， 也 是 一 位 科普 作家 。
对于 中国 人 第一 次 在 太空 实时 向 地面 的 学生 和 太空 爱好者 进行 这样 的 科普 活动 ， 他 充满 期待 。
赵洋 认为 ， 这 节 太空 课堂 看 点 颇 多 。
他 说 ： “ 我 想 最 主要 的 还是 两 个 ， 一个 是 太空 环境 本身 的 神秘 ， 吸引 我们 去 看 太空 都 会 有 哪些 奇妙 的 现象 ， 二 呢 是 由 中国 人 来 向 我们 阐释 这些 现象 。
不 是 美国 人 、 俄国 人 ， 是 我们 自己 人 ， 这样 更 有 亲和力 。
” 女 航天员 王亚平 究竟 会 在 这个 神秘 的 课堂 给 我们 讲授 哪些 知识 呢 ？
此前 ， 中国 载人 航天 工程 网 已 面向 全国 青少年 举办 了 名 为 “ 我 问 航天员 ” 的 问题 征集 活动 。
记者 了解 到 ， 目前 征集 到 的 问题 涉及 各个 方面 ， 比如 ： 在 太空 中 怎样 称 体重 ？
在 太空 中 如何 区别 方位 ？
航天员 在 失重 状态 下 怎么 上 厕所 ？
水 在 太空 中 如何 流动 ？
科普 作家 赵洋 也 向 记者 提出 了 自己 的 猜想 ： “ 我 想 她 主要 会 讲 一些 运动学 方面 的 知识 ， 特别 是 牛顿 一 、 二 、 三 定律 ， 像 作用力 和 反作用力 。
另外 我 觉得 在 失重 环境 下 ， 物体 四 处 不 受 力 ， 是 比较 适合 演示 两 个 守恒定律 的 。
我 认为 航天员 可能 会 利用 一些 教具 ， 甚至 是 人体 本身 来 向 我们 演示 。
还有 一个 我 觉得 有 可能 会 演示 的 就是 太空 中 的 燃烧 现象 。
” 到底 哪些 问题 能 最终 入选 ， 我们 还要 等待 今天 授课 时 才 能 揭晓 。
