每/rz根/q铜/n柱/ng间距/n两/m米/q左右/m，/wd围/v成/v一个/mq环形/n，/wd如果/c爬/v到/v一半/m失手/vd掉/v下来/vf，/wd几乎/d是/vshi抓/v不/d到/v另外/rz一/m根/q铜/n柱/ng的/ude1。/wj
戴/v好/a手套/n，/wd各自/rr选/v了/ule一/m根/q铜/n柱/ng开始/v向/p上/f爬/v。/wj
这些/rz铜/n柱/ng设计/v无比/z精巧/a，/wd刚好/d一个/mq成人/n双手/n可以/v合抱/v，/wd但/c想/v双手/n交叉/vd抱/v紧/a柱子/n却/d不/d行/vi。/wj
虽然/c有/vyou虹/n毛/nr1手套/n和/cc鞋子/n，/wd但是/c爬/v起来/vf依旧/z吃力/a万分/d，/wd中段/s铜锈/n少/a的/ude1地方/n，/wd手套/n受/v力/n不均/a，/wd稍/d有/vyou松动/vn便/d向/p下滑/vi去/vf，/wd九/m个/q人/n大多/d是/vshi爬/v五/m米/q便/d下滑/vi三/m米/q，/wd一时间/t你/rr上/vf我/rr下/f，/wd看/v起来/vf颇/d滑稽/a可笑/a。/wj
倒/d是/vshi多/m吉/ag，/wd身材/n矮小/a，/wd体重/n轻/a，/wd学会/v使用/v虹/n毛/nr1手套/n后/f越/d爬/v越/d顺手/a，/wd爬/v着/uzhe爬/v着/uzhe便/d高/a出/vf众人/n，/wd朝/b铜/n柱/ng更/d高/a处/n去/vf了/y。/wj
张立/nr欣喜/a道/n：/wp"/wyz有/vyou了/y，/wd叫/vi多吉/nrf爬/v到/v顶端/n后/f把/pba安全/an绳/ng抛/v下/f来/vf。/wj
"/wyz巴桑/nrf道/v：/wp"/wyz长度/n不够/a。/wj
"/wyz张立道/nr：/wp"/wyz我们/rr可以/v爬/v到/v一半/m再/d攀/v绳/ng而/cc上/vf啊/y，/wd总/d比/p爬/v这个/rz强/a吧/y。/wj
"/wyz亚/b拉/b法师/n道/n：/wp"/wyz恐怕/d没/v这么/rz简单/a吧/y。/wj
这/rzv是/vshi训练场/n，/wd肯定/d对/p作弊/vi的/ude1人/n有所/v惩罚/vn，/wd最/d好/a还是/c老老实实/z地/ude2爬/v上/f去/vf。/wj
"/wyz只/d听/v多吉/nrf在/p上面/f喊/v：/wp"/wyz我/rr看到/v啦/y，/wd我/rr看到/v光/n了/y，/wd是/vshi出口/vn！/wt
"/wyz张立/nr在/p下面/f叫/vi：/wp"/wyz好样/a的/ude1多/m吉/b！/wt
上去/vf后/f找/v一个/mq结实/a的/ude1地方/n系/v好/a安全/an绳/ng，/wd给/p我们/rr抛/v下/f来/vf。/wj
"/wyz反正/d多/a吉/ag快/d爬/v到/v顶端/n了/y，/wd岳阳/ns和/cc张/q立/v索性/d找/v了/ule处/n稍/d粗糙/a的/ude1地方/n停/vi下来/vf，/wd唐敏/nr爬/v了/ule一会儿/mq，/wd也/d停/vi下来/vf休息/v。/wj
虽说/c是/vshi休息/v，/wd要/v附着/v在/p铜/n柱/ng上/f也/d颇为/d吃力/a。/wj
过/vf了/ule一会儿/mq，/wd方新/nr教授/n也/d不/d得/ude3不/d停/vi下来/vf休息/v，/wd只有/c卓木强/nr巴/b、/wn巴桑/nrf、/wn亚拉/nrf法师/n和/cc吕竞/nr男/b四/m人/n还/d在/p爬/v五/m米/q滑/v三/m米/q地/ude2坚持/v着/uzhe。/wj
又/d过/vf了/ule许久/m，/wd卓木强/nr巴/b和/cc巴桑/nrf同时/d停/vi下来/vf休息/v，/wd上面/f还是/d没/d有/vyou声音/n，/wd岳阳/ns他们/rr和/cc卓木强/nr巴/b等/udeng也/d已/d有/vyou二十/m来/m米/q差距/n，/wd多/m吉/b消失/vi在/p黑暗/an中/f已经/d很/d长/a时间/n了/y。/wj
岳阳/ns等/udeng不/d及/v了/y，/wd大声/d问道/vi：/wp"/wyz多/m吉/ag，/wd你/rr爬/v到/v哪里/rys去/vf了/y？/ww
怎么/ryv不/d说话/vi？/ww
"/wyz停/vi了/ule停/vi，/wd只/d听/v多/m吉/ag吃力/a地/ude2答道/v：/wp"/wyz我/rr…/ws
…/ws
我/rr…/ws
…/ws
上面/f很/d难/ad爬/v，/wd这/rzv柱子/n，/wd这/rzv柱子/n不/d是/vshi直/a的/ude1。/wj
"/wyz听/v声音/n，/wd好像/v还/d是/vshi在/p刚才/t那里/rzs。/wj
张立道/nr：/wp"/wyz怎么/ryv回/v事/n？/ww
"/wyz只/d听/v亚拉/nrf法师/n道/n：/wp"/wyz我/rr看见/v你/rr啦/y，/wd多/m吉/ag。/wj
咿/n？/ww
奇怪/v，/wd上面/f的/ude1形状/n果然/c不/d同/v，/wd糟/a了/y，/wd这个/rz…/ws
…/ws
这个/rz可/v怎么/ryv爬/v？/ww
"/wyz方新/nr2教授/n问道/vi：/wp"/wyz到底/d怎么/ryv啦/y？/ww
亚/b拉/b法师/n？/ww
"/wyz亚/b拉/b法师/n道/n：/wp"/wyz这个/rz，/wd这个/rz上面/f的/ude1柱子/n像/p蛇/n一样/uyy弯曲/a变形/vi了/y，/wd我/rr都/d不/d知道/v该/v怎么/ryv说/v，/wd你们/rr自己/rr上/f来/vf看看/v就/d知道/v了/y。/wj
"/wyz原来/b，/wd亚拉/nrf法师/n看见/v，/wd柱子/n的/ude1上端/n并/cc不/d是/vshi笔直/z到底/vi，/wd有的/rz左/a弯/ng，/wd有的/rz右/f偏/a，/wd有的/rz先/d向/p左/a曲/n然后/c朝/p右/f拐/v，/wd还/d有的/rz像/v麻花/n一样/uyy盘/v曲/ng上/f拧/v，/wd每/rz一/m根/q铜/n柱/ng的/ude1上端/s竟然/d都/d不/d相同/a，/wd而/cc从/p下面/f是/vshi根本/d看/v不/d见/v上面/f的/ude1结构/n的/ude1。/wj
多吉/nrf正/d匍匐/vi在/p一/m根/q像/v过/uguo山/n车/n一样/uyy的/ude1圆圈/n顶部/f，/wd他/rr要/v先/d下滑/vi然后/c再/d向/p上/f继续/v攀/v爬/v，/wd显得/v颇为/d吃力/a。/wj
而/cc亚拉/nrf法师/n自己/rr的/ude1铜/n柱/ng上面/f出现/v了/ule一个/mq橄榄/n形/ng的/ude1膨/n出/vf，/wd铜/n柱/ng突然/ad增/v粗/a，/wd自己/rr就/d无法/v抱/v住/vi铜/n柱/ng，/wd只/d能/v像/p壁虎/n一样/uyy贴/v在/p那/rzv橄榄球/n上面/f，/wd要是/c松/v滑/a的/ude1话/n，/wd那/rzv就/d…/ws
…/ws
亚/b拉/b法师/n再/d看/v旁边/f，/wd好像/v是/vshi卓木/nrf强/vg巴/b的/ude1柱子/n，/wd眼球/n突出/a，/wd更加/d不知所措/vl。/wj
卓木/nrf强/vg巴/b那/rzv根/q柱子/n上端/f，/wd中间/f竟然/d平展/a开来/v，/wd像/p一/m面/q铜锣/n倒扣/v在/p铜/n柱/ng上/f，/wd截断/v了/ule向上/vi攀/v爬/v的/ude1去路/n，/wd就算/d卓/ag木/ng强/a巴/b身体/n再/d长/a，/wd也/d无法/v离开/v铜/n柱/ng攀/v住/vi铜锣/n的/ude1边缘/n，/wd这/rzv根本/d就/d无法/v爬/v。/wj
一/m听/v多/m吉/ag都/d爬/v不/d上去/vf，/wd张立大/nr惊/v，/wd咒骂/v起来/vf：/wp"/wyz王八/n羔子/n，/wd当/p我/rr是/vshi武林/n至/p尊/ag啊/y，/wd这样/rzv考/v我/rr！/wt
"/wyz吕竞/nr男/b暗/a道/n：/wp"/wyz才/d第六/m座/q塔/n就/d已经/d是/vshi这样/rzv的/ude1难度/n，/wd再/d往/p下/f又/d将/d如何/ryv，/wd天/qt哪/y！/wt
我们/rr的/ude1实力/n本/rz不/d足以/d通过/p这里/rzs的/ude1，/wd只/d是/vshi没/d想到/v借助/v现代/t高/a科技/n也/d不/d能/v通过/p这里/rzs！/wt
"/wyz巴桑/nrf道/v：/wp"/wyz奇怪/v了/y，/wd本/rz那/rzv伙/q人/n是/vshi怎么/ryv爬/v上/f去/vf的/ude1？/ww
"/wyz吕竞男/nr道/v：/wp"/wyz刚才/t抵达/v倒悬/v塔/b的/ude1时候/n你/rr没有/d注意/v到/v吗/y，/wd他们/rr将/d两百/m多/m米/q的/ude1安全/an绳/ng抛/v射/v过/uguo大/a峡谷/n，/wd肯定/d有/vyou磁力/n炮/n一/m类/q的/ude1强力/n发射/vn装置/n，/wd只/d须/d将/p一百/m米/q长/a的/ude1钩/n绳/ng射/v入/v顶板/n，/wd他们/rr就/d可以/v很/d轻易/d地/ude2爬/v上/f去/vf了/y，/wd可是/c我们/rr没有/v这样/rzv的/ude1设备/n。/wj
飞/vi索/vg的/ude1最/d远/a安全/an射程/n仅/d为/v二十五/m米/q。/wj
"/wyz这时/rzt，/wd多吉/nrf已经/d通过/v最/d难/a过/uguo的/ude1坳/n口/q，/wd开始/v继续/v往/p上/f爬/v了/y。/wj
可是/c亚拉/nrf法师/n发现/v多/m吉/ag继续/v往/p上/f也/d是/vshi极/d难/a，/wd他/rr上面/f的/ude1铜/n柱/ng也/d开始/v逐渐/d增/v粗/a，/wd像/p喇叭/n一样/uyy，/wd法师/n暗暗/d给/v多/m吉/b鼓劲/vi。/wj
这时/rzt，/wd吕竞男/nr也/d爬/v至/p与/p亚拉/nrf法师/n相同/a的/ude1高度/n，/wd她/rr的/ude1上方/f是/vshi增/v粗/d变/v大/a的/ude1方/d型/k铜/n柱/ng，/wd难度/n也/d是/vshi极/d高/a，/wd因为/p吕竞男/nr只能/v贴/v着/uzhe方柱/n的/ude1一/m条/q边/k向/p上/f爬/v，/wd或者/c像/p壁虎/n贴/v在/p玻璃/n上/f。/wj
吕竞男/nr看/v着/uzhe四周/s道/n：/wp"/wyz咿/n？/ww
原来/d从/p边/n壁/ng也/d能/v向/p上/f爬/v的/ude1。/wj
"/wyz这/rzv塔/n的/ude1内/f壁/ng和/cc他们/rr想象/v中/f的/ude1不同/a，/wd果真/d修成/v了/ule一个/mq直立/v蛋/n形/ng，/wd边/d壁/ng的/ude1上端/s渐渐/d缩小/v，/wd最后/f也/d是/vshi通向/v头顶/n正中/f的/ude1出口/vn。/wj
亚/b拉/b法师/n道/n：/wp"/wyz嗯/e，/wd不过/c边/d壁/ng比/p铜/n柱/ng更/d难/a啊/y。/wj
