你/rr想想/v，/wd刚/d开始/v的/ude1时候/n是/vshi斜坡/n，/wd随后/d弧度/n越来越/d大/a，/wd到/v了/ule中间/f就/d与/p地面/n垂直/vn，/wd而/cc到/v了/ule上部/f则/d完全/ad是/vshi悬空/vi的/ude1，/wd没有/v抓手/n的/ude1地方/n，/wd根本/d就/d无法/v攀/v爬/v到/v那个/rz洞口/n，/wd而且/c边/d壁/ng肯定/v有/vyou机关/n，/wd难度/n比/p这/rzv铜/n柱/ng大多/d了/y。/wj
嘿/e，/wd多/m吉/ag，/wd好样/a的/ude1！/wt
"/wyz多吉/nrf已经/d爬/v了/ule出去/vf，/wd张立/nr等/udeng在/p下面/f听见/v亚拉/nrf法师/n的/ude1声音/n，/wd大声/d道/v：/wp"/wyz多吉/nrf、/wn多吉/nrf，/wd你/rr上去/vf了/ule吗/y？/ww
放/v绳子/n，/wd把/pba绳子/n放/v下来/vf。/wj
"/wyz多/m吉/ag含糊/a地/ude2应/v了/ule一/m声/qv，/wd整个/b蛋壳/n内/f嗡嗡/o作响/v，/wd听/v不/d真切/a。/wj
亚/b拉/b法师/n距/p洞口/n最近/t，/wd听到/v咔/o的/ude1一/m声/qv，/wd然后/c头/n上/f传来/v了/ule"/wyz噗/o噗/o噗/o"/wyy的/ude1声音/n，/wd他/rr大声/d问道/vi：/wp"/wyz多/m吉/ag，/wd你/rr在/p干/v什么/ry？/ww
你/rr碰到/v什么/ry了/y？/ww
"/wyz多/m吉/b探头/vn道/n：/wp"/wyz没有/v啊/y，/wd我/rr在/p系/v绳子/n啊/y，/wd很快/d就/d好/a了/y。/wj
"/wyz但是/c法师/n明显/ad感到/v不/d对/p了/y，/wd黑暗/an中/f，/wd好像/v有/vyou什么/ry东西/n正/d朝/p自己/rr而/cc来/vf，/wd模模糊糊/z看/v不/d清楚/a，/wd但是/c…/ws
…/ws
好像/v是/vshi什么/ry怪兽/n的/ude1触手/n一般/uyy，/wd它/rr缓缓/d地/ude2、/wn蠕蠕/z地下/s来/vf了/y。/wj
亚/b拉/b法师/n没有/d闻/v到/v什么/ry气味/n，/wd想/v用/p探照灯/n看/v一/m看/v，/wd双手/n却/d腾/v不/d出来/vf，/wd而/cc烛/ng帽/ng的/ude1光亮/n又/d不够/a，/wd在/p黑暗/an中/f等待/v，/wd那种/r听见/v自己/rr心跳/vi的/ude1等待/vn是/vshi一/m种/q对/p意志/n的/ude1考验/vn。/wj
直到/v那/rzv东西/n到/v法师/n面前/f他/rr才/d发现/v，/wd不/d是/vshi什么/ry怪兽/n的/ude1触手/n，/wd而是/c一/m种/q奇怪/a的/ude1液体/n，/wd没/d有/vyou味道/n，/wd正/d贴/v着/uzhe铜/n柱/ng慢慢/d地/ude2滑/v下/f来/vf。/wj
不仅/c自己/rr的/ude1铜/n柱/ng有/vyou，/wd别的/rzv铜/n柱/ng也/d有/vyou。/wj
法师/n伸出/v一/m根/q指头/n碰/v了/ule碰/v那/rzv液体/n，/wd感觉/v手套/n外面/f滑腻/a而/cc微/ag黏/a，/wd亚拉/nrf法师/n大声/d叫/vi了/ule出来/vf：/wp"/wyz油/n，/wd是/vshi油/n，/wd上面/f开始/v喷/v油/n出来/vf了/y！/wt
多/m吉/ag，/wd绳子/n系/v好/a没有/v，/wd快/a点/n！/wt
"/wyz这时/rzt的/ude1情况/n是/vshi，/wd张立/nr和/cc岳阳/ns分别/d爬/v到/v十三四/m米/q高/a的/ude1位置/n，/wd唐敏/nr在/p二十五/m米/q附近/f停/vi着/uzhe，/wd方新/nr教授/n在/p三十三/m米/q左右/m，/wd卓木强/nr巴/b和/cc巴桑/nrf都/d停留/vi在/p四十一二/m米/q的/ude1位置/n，/wd吕竞男/nr和/cc亚拉/nrf法师/n则/d接近/v五十/m米/q，/wd距离/p洞口/n只/d有/vyou约/d十/m米/q，/wd但是/c都/d已经/d寸步难行/vl。/wj
亚/b拉/b法师/n的/ude1左手/n已经/d无法/v附/v在/p铜/n柱/ng上/f，/wd而/cc不断/d浸/v下/f的/ude1油/n已经/d抵达/v他/rr右手/n位置/n。/wj
张/nr1立/v喃喃/o道/v：/wp"/wyz油/n？/ww
是/vshi油/n？/ww
什么/ry！/wt
是/vshi油/n！/wt
靠/v，/wd这/rzv柱子/n还/d不够/a光滑/a吗/y？/ww
竟然/d浇/v下/vf油/n来/vf。/wj
"/wyz岳阳/ns兀自/d愣/dg道/v：/wp"/wyz什么/ry油/n？/ww
"/wyz张立/nr只/d差/a跺脚/vi大/a跳/vi了/y，/wd急/ad道/v：/wp"/wyz是/vshi油/n啊/y，/wd润滑油/n！/wt
上面/f流/v油/n下来/vf了/y！/wt
"/wyz岳阳/ns大/d惊/v：/wp"/wyz有/vyou没/d有/vyou这么/rz夸张/vi，/wd我们/rr还/d怎么/ryv上/vf得/ude3去/vf？/ww
"/wyz这时/rzt，/wd多/m吉/ag抛/v下/vf一/m捆/q绳子/n道/n：/wp"/wyz绳子/n来/vf啦/y。/wj
"/wyz亚/b拉/b法师/n的/ude1右手/n刚巧/d松动/vi，/wd再/d也/d攀/v不/d稳/a铜/n柱/ng，/wd看/v准/h绳子/n抛/v下/f的/ude1方向/n，/wd反/vi手/n一/m掌/n击/vg在/p铜/n柱/ng上/f，/wd跟/v着/uzhe一/m蹬/v，/wd准确/a地/ude2抓住/v了/ule绳子/n。/wj
绳子/n一/d沉/v，/wd上头/f又是/c咔/o的/ude1一/m声/qv，/wd接着/c轰/v的/ude1一/m声/qv，/wd看来/v这/rzv座/q倒/vi塔/b的/ude1底/f门/n关上/v了/y。/wj
吕竞/nr男/b那边/rzs也/d已经/d坚持/v不/d住/vi了/y，/wd但是/c她/rr距离/p绳索/n很/d远/a，/wd也/d不/d能/v像/v亚拉/nrf法师/n这样/rzv一/m跃/vg而/cc就/d。/wj
吕竞男/nr看/v准/h方向/n，/wd双/m腿/n一/d蹬/v，/wd反/vi身/ng扑/v向/p另/rz一/m根/q铜/n柱/ng，/wd下坠/v十/m米/q左右/m，/wd总算/d抱/v住/vi了/ule卓木强/nr巴/b所在/n的/ude1铜/n柱/ng，/wd跟着/v又/d下滑/vi了/ule约/d十/m米/q，/wd距离/n卓木/nrf强/vg巴/b有/vyou十五/m米/q远/a。/wj
卓木强/nr巴/b所在/n铜/n柱/ng顶/v上/f是/vshi一/m面/q铜锣/n结构/n，/wd反而/d让/v油/n沿着/p铜锣/n边缘/n滴/v落/v，/wd没有/d沿/p铜/n柱/ng滑/v下/f，/wd暂时/d是/vshi安全/a的/ude1。/wj
而/cc巴/b桑/ng那边/rzs则/d不同/a，/wd油/n的/ude1下滑/vn速度/n加快/v，/wd很快/d就要/d侵入/v巴/b桑/ng所在/n的/ude1位置/n了/y。/wj
巴桑/nrf看/v了/ule看/v自己/rr和/cc绳索/n的/ude1距离/n，/wd狠狠/d心/n，/wd也/d横/dg空/a掠/vi起/vf，/wd抓住/v绳索/n后/f又/d下滑/vi了/ule几/m米/q，/wd总算/d稳住/v了/ule身体/n。/wj
跟着/v出口/vn外面/f又/d是/vshi"/wyz嗒/o"/wyy的/ude1一/m声/qv，/wd所有/b的/ude1人/n都/d屏住/v呼吸/v，/wd就/d好像/v碰/v倒/vi了/ule一/m颗/q鱼雷/n，/wd那/rzv颗/q鱼雷/n正/d朝/p墙角/n滚动/vn，/wd随时/d都/d有/vyou引爆/v的/ude1危险/an。/wj
亚/b拉/b法师/n已经/d接近/v出口/vn边缘/n，/wd眼看/d就/d要/v爬/v出/vf洞口/n了/y。/wj
而/cc方新/nr教授/n也/d面临/v着/uzhe手脚/n被/pbei油/n浸/v的/ude1危险/an，/wd方新/nr教授/n不/d能/v像/v吕竞男/nr那样/rzv跃/vg到/v卓木/nrf强/vg巴/b的/ude1铜/n柱/ng上/f还/d稳稳地/z抓住/v光滑/a的/ude1铜/n柱/ng，/wd也/d够/v不/d到/v绳索/n，/wd只能/v下滑/vi，/wd油/n浸/v的/ude1速度/n毕竟/d较/d慢/a，/wd他/rr滑/v至/p与/p唐敏/nr、/wn吕竞男/nr等/udeng高/a的/ude1位置/n停/vi了/ule下来/vf。/wj
唐敏/nr能/v抓住/v绳子/n，/wd但是/c安全/an绳/ng的/ude1负重/vd有限/a，/wd而且/c多/a吉/ag刚/d练习/v打结/v没/d多/a长/a时间/n，/wd随时/d有/vyou滑/v结/v的/ude1危险/an，/wd那/rzv时候/n一/m条/q绳/ng上/f的/ude1人/n全部/m得/v掉/v下去/vf，/wd所以/c亚拉/nrf法师/n爬/v上/f去/vf之前/f，/wd她/rr不/d敢/v贸然/d抓/v绳/ng。/wj
张立/nr和/cc岳阳/ns就/d比较/d惨/a，/wd他们/rr距离/p绳子/n末端/s还/d有/vyou好几/m米/q距离/n，/wd这时/rzt正/d拼命/d向/p上/f爬/v，/wd不过/c大多数/m时候/n爬/v多/m高/a就/d滑落/v多少/ry。/wj
亚/b拉/b法师/n爬/v出/vf出口/vi，/wd迅速/ad抛/v下/vf另/rz一/m根/q安全/an绳/ng，/wd刚好/d垂/v至/p卓木强/nr巴/b和/cc方新/nr教授/n中间/f。/wj
方新/nr2教授/n不能/v再/d等/v了/y，/wd赶紧/d先/d抓住/v了/ule绳子/n，/wd油/n顺着/p铜/n柱/ng就/d从/p教授/n身边/s滑/v了/ule下去/vf。/wj
这边/rzs唐敏/nr也/d抓住/v了/ule绳子/n，/wd巴桑/nrf开始/v向/p上/f爬/v，/wd岳阳/ns张/q立正/vi眼巴巴/z地/ude2看/v着/uzhe还/d有/vyou两三/m米/q远/a的/ude1绳/ng尾/ng，/wd不过/c已经/d能/v看见/v油/n了/y。/wj
可是/c，/wd紧接着/c，/wd一/m幅/q令/v人/n战/vg栗/ng的/ude1画面/n跳/vi进/vf了/ule巴桑/nrf的/ude1记忆/n里/f，/wd那/rzv是/vshi无数/m白/a森森/nr的/ude1人/n的/ude1手/n和/cc脚/n，/wd它们/rr伸/v向/p天空/n，/wd在/p不断/d地/ude2蠕动/vi，/wd好像/v一/m条/q多/a足/a的/ude1肉/n虫/n，/wd那些/rz手/n和/cc脚/n都/d在/p不断/d地/ude2蠕动/vi，/wd那/rzv确实/d是/vshi人/n的/ude1手臂/n和/cc脚/n啊/y！/wt
