岳阳/ns脱/v掉/v手套/n，/wd双/m手/n紧紧/d握住/v了/ule卓木/nrf强/vg巴/b手臂/n。/wj
卓木/nrf强/vg巴/b松开/v抓/v背包/n的/ude1手/n，/wd两/m人/n手上/s使/v力/n，/wd就/d像/v空中/s抛/v物/ng一样/uyy，/wd将/p岳阳/ns抛/v得/ude3上升/vi一/m段/q，/wd然后/c同时/d松手/vi，/wd岳阳/ns抓住/v了/ule卓木/nrf强/vg巴/b的/ude1腰带/n，/wd而/cc卓木强/nr巴/b也/d抓住/v了/ule岳阳/ns的/ude1腰带/n，/wd然后/c岳阳/ns再/d抓/v着/uzhe绳索/n爬/v了/ule上去/vf，/wd卓木/nrf强/vg巴/b倒/vi旋/vg回来/v。/wj
刚/d爬/v至/p一半/m，/wd只/d听/v鸣/vg声/ng大作/v，/wd整个/b内部/f蛋壳/n好像/v裂开/v一般/uyy，/wd露出/v许多/m缝隙/n，/wd不用/d想/v也/d知道/v不/d是/vshi什么/ry好事/n。/wj
吕竞男/nr和/cc卓木强/nr巴/b在/p下面/f紧跟着/d张/q立/v岳阳/ns，/wd四/m人/n用尽/v力气/n地/ude2往/p上/f爬/v。/wj
上头/f的/ude1方新/nr教授/n等/udeng人/n也/d开始/v拉/v绳子/n。/wj
还/d未/d到/v顶点/n时/ng，/wd就/d听到/v"/wyz哧/o"/wyy的/ude1一/m声/qv，/wd好像/v箭/n矢/ng一样/uyy的/ude1东西/n急速/z地/ude2破/v空/a而/cc出/vf。/wj
跟/p着/uzhe这/rzv种/q声音/n越来越/d多/a，/wd声音/n的/ude1末端/n则/d是/vshi"/wyz嘣/o"/wyy的/ude1一/m声/qv，/wd好像/v弹/v断/v的/ude1琴弦/n，/wd慌乱/an间/f不/d及/cc细看/v，/wd只/d想/v着/uzhe爬/v出/vf去/vf再说/vi。/wj
好不容易/dl爬/v上/f出口/vi，/wd张立/nr就/d迫不及待/dl地/ude2叫/vi了/ule起来/vf：/wp"/wyz哎哟/e，/wd哎哟/e，/wd我/rr被/pbei打/v中/f了/y。/wj
"/wyz跟着/v岳阳/ns也/d坐/v在/p地上/s，/wd卓木强/nr巴/b和/cc吕竞男/nr没/d吭声/vi，/wd但/c面上/s表情/n也/d不/d好看/a。/wj
很/d明显/a，/wd背包/n被/pbei刺/v得/ude3最/d多/a，/wd张立/nr被/pbei刺/v中/f了/ule左/a肩/n，/wd伤口/n并/cc不/d大/a，/wd但是/c是/vshi菱形/n的/ude1，/wd血/n流/v不/d止/v，/wd涂/v药/n上/f绷带/n压迫/vn后/f才/d好/a些/q。/wj
岳阳/ns的/ude1脸/n划伤/v了/y，/wd大腿/n被/pbei蹭/vi掉/v一/m大/a块/q皮/n，/wd也/d进行/vx了/ule简单/a的/ude1医疗/n。/wj
卓木/nrf强/vg巴/b伤/n在/p臀部/n，/wd好在/d皮/n糙/a肉/n厚/a，/wd走路/vi并/cc无/v大/a碍/vn。/wj
吕竞男/nr自己/rr说/v仅/d是/vshi擦伤/v，/wd但/c卓木强/nr巴/b觉得/v她/rr肯定/d伤/v了/ule哪里/rys，/wd只是/c不/d说/v。/wj
"/wyz昌/b巴/b！/wt
昌/b巴/b！/wt
"/wyz卓木/nrf强/vg巴/b连/n叫/vi两/m声/qv，/wd昌/ag巴/b才/d回过/v头/n来/f，/wd警告/v道/n：/wp"/wyz我/rr一直/d以为/v，/wd蛇/n山/n就/d是/vshi蛇/n山/n，/wd这里/rzs什么/ry都/d没有/v。/wj
可是/c如今/t看来/v，/wd老人/n们/k说/v得/ude3不错/a，/wd蛇/n山里/s有/vyou古格王/nrf的/ude1珍宝/n，/wd黑/a猫/n皇后/n是/vshi不/d允许/v任何人/r触/v碰/v那些/rz珍宝/n的/ude1，/wd她/rr会/v诅咒/v所有/b想/v要/v靠/v近/a的/ude1人/n，/wd你们/rr要/v小心/a。/wj
"/wyz卓木/nrf强/vg巴/b愣/vi了/ule片刻/m，/wd才/d道/v：/wp"/wyz谢谢/v你/rr。/wj
"/wyz在/p昌/b巴/b回头/vi的/ude1瞬间/t，/wd他/rr感到/v有/vyou一/m丝/q熟悉/v，/wd那种/r目光/n，/wd竟然/d和/cc自己/rr的/ude1父亲/n有些/rz相似/a，/wd那/rzv是/vshi一/m种/q充满/v睿智/an，/wd仿佛/d可以/v洞察/v一切/rz的/ude1目光/n，/wd但/c他/rr很快/d否定/v了/ule自己/rr这种/r想法/n。/wj
卓木/nrf强/vg巴/b他们/rr来到/v洞窟/n内/f，/wd这/rzv确实/d是/vshi一个/mq光秃秃/z的/ude1洞窟/n，/wd什么/ry都/d没有/v，/wd只是/c如今/t，/wd在/p洞窟/n内/f，/wd被/pbei人/n为/p挖/v开/v一个/mq大/a洞/n，/wd黑黝黝/z的/ude1深/a不/d见/v底/f，/wd从/p土质/n来/vf看/v刚/d被/pbei挖/v开/v不久/m。/wj
找到/v洞口/n后/f，/wd昌/ag巴/b将/p岳阳/ns送/v到/v上山/vi的/ude1路口处/n，/wd随后/d岳阳/ns与/p吕竞男/nr等/udeng人/n同时/c抵达/v。/wj
"/wyz怎么/ryv了/y，/wd敏敏/nr？/ww
"/wyz卓木/nrf强/vg巴/b一/m眼/q就/d发现/v唐敏/nr的/ude1脸色/n有些/rz难/ad看/v。/wj
吕竞男/nr道/v：/wp"/wyz刚才/t在/p半/m道/qv上/f，/wd她/rr突然/ad有/vyou些/q脸色/n发/v白/a，/wd不过/c，/wd似乎/d已经/d没/v事/n了/y。/wj
"/wyz唐敏道/nr：/wp"/wyz我/rr很/d好/a，/wd没/v事/n，/wd可能/v是/vshi爬山/vi时/ng跑/v得/ude3太/d快/a了/y。/wj
"/wyz吕竞男/nr道/v：/wp"/wyz那/c我们/rr就/d下/f去/vf吧/y，/wd我/rr先/d去/vf侦察/v，/wd你们/rr跟/v在/p后面/f，/wd一个/mq一个/mq来/vf。/wj
"/wyz吕竞男/nr系/v上/vf绳索/n，/wd缓缓/d下坠/v。/wj
方新/nr2教授/n看/v着/uzhe卓木/nrf强/vg巴/b道/n：/wp"/wyz你/rr似乎/d还/d有/vyou什么/ry疑惑/v？/ww
"/wyz卓木/nrf强/vg巴/b道/n：/wp"/wyz刚才/t昌/b巴/b说/v，/wd这里/rzs是/vshi古格王/nrf的/ude1宝库/n，/wd里面/f有/vyou黑/a猫/n皇后/n的/ude1诅咒/v。/wj
我/rr记得/v我们/rr查/v资料/n的/ude1时候/n，/wd没有/d查/v到/v黑/a猫/n皇后/n的/ude1故事/n啊/y。/wj
"/wyz方新/nr2教授/n想/v了/ule想/v，/wd询问/v张立/nr他们/rr道/v：/wp"/wyz你们/rr知道/v黑/a猫/n皇后/n的/ude1故事/n吗/y？/ww
"/wyz张/nr1立/v甩头/vn，/wd岳阳道/ns：/wp"/wyz我/rr只/d知道/v黑/a猫/n警长/n的/ude1故事/n。/wj
"/wyz方新/nr2教授/n道/n：/wp"/wyz在/p民间/n流传/v的/ude1神话/n故事/n多如牛毛/vl，/wd我们/rr不/d可能/v每/rz一个/mq都/d查/v得/ude3到/v。/wj
"/wyz亚/b拉/b法师/n道/n：/wp"/wyz不用/d太/d过/uguo忧虑/vn，/wd从/p我们/rr先前/t观察/v到/v的/ude1洞窟/n壁画/n和/cc吕竞男/nr掌握/v的/ude1专家/n资料/n来看/u，/wd这个/rz遗址/n，/wd肯定/v远远地/z早/a于/p古格/nrf王朝/n。/wj
现今/t的/ude1牧民/n都/d是/vshi移居/v者/k，/wd他们/rr一定/d是/vshi将/p他们/rr听说/v的/ude1一些/mq古/a格/b王朝/n的/ude1故事/n强加/vi在/p了/ule这/rzv处/q遗迹/n上面/f。/wj
"/wyz吕竞男/nr表示/v底部/f安全/an，/wd巴桑/nrf也/d下去/vf了/y。/wj
亚/b拉/b法师/n道/n：/wp"/wyz黑/a猫/n皇后/n的/ude1故事/n我/rr知道/v一些/mq，/wd说/v是/vshi古格/nrf王朝/n覆灭/vi前/f，/wd古格王/nrf决心/n与/cc敌人/n同归于尽/vl，/wd却/d不/d忍/v牺牲/v自己/rr心爱/b的/ude1皇后/n，/wd于是召/nr来/vf了/ule巫师/n，/wd将/p皇后/n变成/v了/ule黑/a猫/n，/wd希望/v她/rr在/p敌人/n破/v城/n前/f逃离/v古/a格/n。/wj
但/c皇后/n变成/v黑/a猫/n后/f，/wd却/d不/d愿/v离去/vi，/wd国王/n忍/v着/uzhe心/n痛/an，/wd抚摸/v着/uzhe黑/a猫/n道/n：/wp'/wyz今后/t，/wd谁/ry得到/v黑/a猫/n，/wd谁/ry就/d是/vshi古格/nrf的/ude1主人/n。/wj
'/wyz古/a格/n灭亡/vi后/f，/wd黑/a猫/n皇后/n活/v了/ule下来/vf，/wd它/rr以/p黑/a猫/n的/ude1形态/n守护/v着/uzhe古格/nrf王/nr1遗留/v下来/vf的/ude1所有/b珍宝/n，/wd任何/rz想/v要/v盗/vg宝/n的/ude1人/n，/wd都/d会/v受到/v黑/a猫/n皇后/n的/ude1诅咒/v，/wd至少/d其中/rz的/ude1一个/mq版本/n应该/v是/vshi这样/rzv。/wj
"/wyz听/v故事/n的/ude1人/n姑且/d一/d听/v，/wd感觉/v这个/rz故事/n和/cc他们/rr一点/mq关系/n都/d没有/v，/wd唯有/v卓木/nrf强/vg巴/b不/d这样/rzv认为/v。/wj
岳阳/ns等/udeng人/n没有/d见/v过/uguo美洲/nsf的/ude1巨石阵/n，/wd对/p他们/rr而言/uls，/wd这/rzv几/m根/q高高/d耸立/v的/ude1巨大/a石柱/n除了/p给/v整/m幅/q画面/n增加/v一些/mq沧桑/n美/b之外/f没有/v任何/rz意义/n，/wd但是/c这个/rz巨石阵/n带/v给/p卓木/nrf强/vg巴/b的/ude1感觉/n却/d完全/ad不同/a。/wj
那/rzv巨石/n耸立/v的/ude1形式/n，/wd环绕/v的/ude1形状/n，/wd和/cc美洲/nsf丛林/n里/f库/n库/n尔/Rg族/ng先祖/n安息/vi的/ude1那/rzv处/q巨石阵/n，/wd几乎/d是/vshi一模一样/al，/wd若非/c这/rzv四周/f是/vshi嶙峋/z的/ude1土/n林/ng，/wd卓木/nrf强/vg巴/b简直/d要/v以/p为/v自己/rr又/d回到/v了/ule美洲/nsf丛林/n。/wj
"/wyz这个/rz，/wd很/d重要/a吗/y？/ww
"/wyz岳阳/ns问道/vi。/wj
卓木/nrf强/vg巴/b道/n：/wp"/wyz不/d知道/v，/wd我们/rr过去/t看看/v吧/y。/wj
