是/vshi…/ws
…/ws
"/wyz卓木强/nr巴也道/nr：/wp"/wyz是/vshi反射/v，/wd利用/v象/ng泉/ng河/n的/ude1河面/n进行/vx光/a的/ude1反射/vn。/wj
"/wyz[/wkz倒悬/v空/ng寺/ng二/m]/wky岳阳/ns补充/v道/n：/wp"/wyz观察/v者/k的/ude1位置/n和/cc巨石阵/n的/ude1整体/n形状/n有关/vn，/wd必须/d是/vshi站/vi在/p一个/mq特定/b的/ude1位置/n，/wd然后/c顺着/p阳光/n反射/vn的/ude1方向/n。/wj
"/wyz张立道/nr：/wp"/wyz那么/c当/p金色/n的/ude1光芒/n照/v在/p祖先/n的/ude1安息/vn之/uzhi地/n，/wd指/v的/ude1是/vshi黎明/t，/wd现在/t却/d是/vshi黄昏/t，/wd怎么办/ryv？/ww
"/wyz岳阳道/ns：/wp"/wyz我们/rr不/d一定/d要/v等到/v黎明/t，/wd既然/c巨石阵/n和/cc纳南塔/nrf之间/f有/vyou联系/vn，/wd那么/c只/d要/v知道/v阳光/n的/ude1照射/vn角度/n和/cc观察/v者/k的/ude1方位/n，/wd同样/d可以/v找到/v。/wj
"/wyz巴/b桑/ng皱眉/vi，/wd张/q立/v不解/v道/n：/wp"/wyz这/rzv是/vshi怎么/ryv回/v事/n？/ww
"/wyz岳阳/ns也/d放下/v背包/n，/wd道/v：/wp"/wyz强/a巴/b少爷/n的/ude1直觉/n很/d强/a啊/y，/wd这/rzv附近/f不/d可能/v有/vyou太/d多/a游人/n经过/v，/wd而且/c科考队/n也/d不/d在/p，/wd那些/rz巨石/n可不/dl是/vshi两三/m个/q人/n就/d可以/v抬/v动/v的/ude1，/wd显然/ad这样/rzv做/v的/ude1人/n有所/v目的/n。/wj
"/wyz张立/nr明白/v过来/vf，/wd道/v：/wp"/wyz你/rr是/vshi说/v，/wd有/vyou可能/n是/vshi莫金/nrf他们/rr干/v的/ude1？/ww
"/wyz岳阳/ns来到/v卓木/nrf强/vg巴/b旁边/f，/wd看/v着/uzhe巨石/n留/v在/p地上/s的/ude1压/v痕/ng。/wj
这些/rz痕迹/n表示/v昌/ag巴/b没有/d说谎/vi，/wd有些/rz原本/d倒/vi在/p地上/s的/ude1巨石/n被/pbei人/n移动/vn了/y，/wd在/p巨石/n痕迹/n的/ude1旁边/f，/wd还有/v圆形/n支架/n的/ude1压/v痕/ng，/wd岳阳道/ns：/wp"/wyz是/vshi千斤顶/n，/wd他们/rr为什么/ryv要/v动/v这些/rz石头/n？/ww
"/wyz卓木/nrf强/vg巴/b一/m面/q从/p背包/n里/f取出/v装备/n，/wd一面/d道/v：/wp"/wyz肯定/v有/vyou某种/rz联系/vn，/wd我们/rr需要/v向/p吕竞男/nr汇报/v一下/mq。/wj
岳阳/ns，/wd你/rr去/vf看看/v究竟/d有/vyou多少/ry巨石/n被/pbei移动/v，/wd是否/v能/v找/v到/v哪/ry一/m块/q放/v到/v哪里/rys去/vf了/y。/wj
张立/nr，/wd你/rr去/vf协助/v岳阳/ns，/wd看看/v能/v不/d能/v发现/v对方/n动用/v了/ule什么/ry工具/n，/wd以及/cc其他/rzv的/ude1什么/ry痕迹/n。/wj
巴/b桑/ng警戒/vn，/wd你/rr和/cc昌/b巴/b将/p羊群/n赶到/v远/a一点/mq的/ude1地方/n，/wd将/p这里/rzs空/v出来/vf，/wd好/a吗/y，/wd昌/ag巴/b…/ws
…/ws
"/wyz话音/n未/d落/v，/wd吕竞男/nr就/d发/v来/vf了/ule通讯/n信息/n：/wp"/wyz怎么/ryv回/v事/n？/ww
快/a十五/m分钟/qt了/y，/wd你们/rr还/d没/d到/v？/ww
"/wyz卓木/nrf强/vg巴/b道/n：/wp"/wyz我们/rr有/vyou了/ule新/a的/ude1发现/vn，/wd或许/d，/wd我们/rr找到/v一/m处/q莫金/nrf到/v过/uguo的/ude1地方/n。/wj
在/p象/ng泉/ng河边/s有/vyou一个/mq巨石阵/n，/wd在/p今天/t早/a些/q时候/n它们/rr被/pbei人为/d地/ude2移动/v过/uguo，/wd现在/t我们/rr还/d不/d知道/v它们/rr和/cc入口/n究竟/d有/vyou什么/ry联系/vn。/wj
"/wyz吕竞男/nr道/v：/wp"/wyz你们/rr需要/v什么/ry？/ww
"/wyz卓木/nrf强/vg巴/b道/n：/wp"/wyz让/v我/rr和/cc导师/n通话/vi，/wd我们/rr需要/v他/rr电脑/n里/f的/ude1资料/n。/wj
"/wyz片刻/m，/wd只/d听/v方新/nr教授/n道/n：/wp"/wyz听说/v你们/rr有/vyou新/a的/ude1发现/v？/ww
"/wyz卓木/nrf强/vg巴/b道/n：/wp"/wyz是的/vl，/wd导师/n，/wd你/rr帮/v我/rr查/v一下/mq斯/b贝多仁/nrf，/wd看/v能/v找到/v什么/ry，/wd这/rzv是/vshi我们/rr做/v功课/n时/ng没有/d查/v过/uguo的/ude1。/wj
"/wyz方新/nr2教授/n道/n：/wp"/wyz斯贝多仁/nrf？/ww
只/d有/vyou四/m个/q字/n吗/y？/ww
这样/rzv电脑/n搜索/v起来/vf会/v有/vyou很多/m结果/n的/ude1。/wj
"/wyz只/d听/v亚拉/nrf法师/n在/p一旁/f道/v：/wp"/wyz是/vshi宇宙/n之/uzhi碑/n，/wd象雄/nr2王朝/n或者/c在/p象雄/nr2王朝/n之前/f留下/v的/ude1远古/t遗迹/n。/wj
你/rr可以/v搜索/v阿里/ns的/ude1巨石阵/n，/wd这样/rzv容易/ad找/v到/v一些/mq。/wj
"/wyz很快/d听/v方新/nr教授/n道/n：/wp"/wyz找到/v了/y，/wd斯贝多仁/nrf，/wd是/vshi当地/s牧民/n的/ude1称呼/n，/wd斯贝/nrf就/d是/vshi古老/a得/ude3被/pbei遗忘/v的/ude1意思/n，/wd专家/n将/p全名/n翻译/v为/p宇宙/n之/uzhi碑/n。/wj
"/wyz卓木/nrf强/vg巴/b道/n：/wp"/wyz做/v什么/ry用/v的/ude1？/ww
"/wyz方新/nr2教授/n停顿/vi了/ule一下/mq，/wd似乎/d在/p向/p亚拉/nrf法师/n咨询/vn，/wd然后/c道/v：/wp"/wyz等/udeng一下/mq，/wd电脑/n在/p搜索/vn。/wj
"/wyz显然/a亚/b拉/b法师/n也/d不/d能/v确定/v。/wj
方新/nr2教授/n道/n：/wp"/wyz强巴拉/nrf，/wd这个/rz巨石阵/n，/wd和/cc我们/rr要/v查/v的/ude1入口/n关系/n重要/a吗/y？/ww
"/wyz卓木/nrf强/vg巴/b道/n：/wp"/wyz我/rr不/d知道/v。/wj
但是/c这个/rz巨石阵/n，/wd和/cc我们/rr在/p美洲/nsf丛林/n中/f见/v过/uguo的/ude1那个/rz，/wd无论是/c从/p外形/n还是/c样式/n，/wd几乎/d完全/ad相同/a，/wd这/rzv绝不/d是/vshi巧合/vi。/wj
"/wyz这/rzv是/vshi，/wd随着/p昌/b巴/b声声/n吆喝/v，/wd羊群/n很快/d被/pbei驱散/v了/y。/wj
卓木/nrf强/vg巴/b道/n：/wp"/wyz昌/b巴/b，/wd你/rr知道/v这些/rz斯/b贝多仁/nrf是/vshi做/v什么/ry用/v的/ude1吗/y？/ww
"/wyz昌/b巴/b道/n：/wp"/wyz我们/rr只/d知道/v它/rr很/d古老/a，/wd别的/rzv就/d不/d清楚/a了/y。/wj
"/wyz他/rr摸/v了/ule摸/v左/a耳/n的/ude1吊/v坠/v，/wd突然/ad道/v，/wd"/wyz好像/v，/wd几/m年/qt前/f也/d有/vyou科考队/n的/ude1专家/n来/vf过/uguo，/wd他们/rr有的/rz说/v是/vshi原来/d居住/v在/p这/rzv附近/f的/ude1国王/n的/ude1墓葬/n。/wj
"/wyz卓木/nrf强/vg巴/b道/n：/wp"/wyz听/v到/v了/ule吗/y，/wd导师/n？/ww
我们/rr现在/t去/vf河/n中/f，/wd进行/vx阳光/n入射角/n测量/vn，/wd张立/nr将/d在/p石柱/ns上/f安装/v信号/n发射器/n。/wj
教官/n请/v让/v直升机/n从/p空中/s接受/v信号/n，/wd航/ng拍/v巨石阵/n，/wd将/p巨石阵/n的/ude1形状/n和/cc结构/n发送/v到/v导师/n的/ude1电脑/n上/f。/wj
我们/rr需要/v分析/v它/rr的/ude1构成/n，/wd找/v出/vf观察/v者/k的/ude1位置/n。/wj
"/wyz五/m分钟/qt后/f，/wd卓木/nrf强/vg巴/b他们/rr得出/v结论/n，/wd阳光/n入射角/n度/qv为/v15/m度/qv46分/t，/wd方新/nr教授/n的/ude1电脑/n分析/v出/vf整个/b巨石阵/n为/p蛋/n形/ng结构/n，/wd大头/n朝/tg土林/nrf，/wd小/a头/n是/vshi对/p着/uzhe象/ng泉/ng河/n的/ude1，/wd观察/v者/k最/d有/vyou可能/n的/ude1位置/n就/d是/vshi蛋/n形/ng结构/n两边/f相交/vi形成/v的/ude1夹角/n。/wj
岳阳/ns带/v着/uzhe信号/n器/ng，/wd在/p方新/nr教授/n的/ude1协调/vn下/f一/m步/qv一/m步/qv朝/p观察/v者/k的/ude1位置/n移动/vn，/wd走/v到/v观察/v者/k的/ude1位置/n，/wd卓木强/nr巴/b和/cc张立/nr分别/d用/p水平仪/n和/cc角度/n尺/q为/p岳阳/ns搭/v建/v了/ule一个/mq仰角/n15/m度/qv46分/t的/ude1观察/vn平台/n。/wj
岳阳/ns顺着/p观察/v平台/n的/ude1斜面/n往/p上/f看/v，/wd视线/n直接/ad透过/v一/m根/q矮/a的/ude1石柱/n，/wd还有/v一/m根/q高/a的/ude1石柱/n，/wd两/m点/qt连/ulian成/v一/m线/q，/wd最后/f目光/n锁定/v在/p那/rzv数千/m洞窟/n中/f的/ude1一个/mq。/wj
"/wyz找到/v了/y！/wt
"/wyz岳阳/ns抑制/v住/vi内心/n的/ude1激动/a，/wd尽量/d平静/a地/ude2道/v。/wj
同时/c他/rr惊愕/a地/ude2发现/v，/wd当/p他/rr站/vi在/p这/rzv一/m位置/n，/wd呈/v固定/a仰角/n时/ng，/wd竟然/d只/d能/v看到/v那/rzv一个/mq洞窟/n，/wd其余/rz的/ude1洞窟/n全都/d消失/vi了/y，/wd但是/c稍/d一/m后/f仰/v或是/c侧/v视/vg，/wd其余/rz的/ude1洞窟/n马/n上/f出现/v在/p视野/n之中/f，/wd一切/rz就/d像/v幻觉/n。/wj
昌/b巴/b好奇/a道/n：/wp"/wyz你们/rr在/p做/v什么/ry？/ww
在/p测量/vn蛇/n山/n吗/y？/ww
"/wyz卓木/nrf强/vg巴/b道/n：/wp"/wyz是的/vl，/wd我们/rr要/v走/v了/y，/wd非常/d感谢/v你/rr，/wd昌/ag巴/b。/wj
