"/wyz亚/b拉/b法师/n眼神/n一/m厉/ag，/wd暗/ad道/v：/wp"/wyz小姑娘/n好/a敏锐/a的/ude1洞察力/n。/wj
"/wyz卓木/nrf强/vg巴/b道/n：/wp"/wyz咿/n？/ww
敏敏/nr2这样/rzv一/m说/v，/wd还/d真/d有点/d像/v呢/y。/wj
"/wyz岳阳道/ns：/wp"/wyz那么/c中间/f漆黑/z一/m团/q的/ude1是/vshi什么/ry，/wd就是/v身躯/n吗/y？/ww
"/wyz大家/rr寻思/v而/cc观/vg，/wd竟然/d越/d看/v越/d像/v，/wd斑斑/z光/n点/qt隐约/z勾勒/v出/vf一/m尊/q有/vyou几/m只/q手臂/n的/ude1人形/n。/wj
巴桑/nrf道/v：/wp"/wyz如果/c这/rzv真是/d一/m尊/q佛像/n的话/udh，/wd那/rzv未免/d也/d太/d大/a了/y。/wj
"/wyz亚/b拉/b法师/n心/n道/n：/wp"/wyz未/d见世面/vi的/ude1人/n知道/v什么/ry！/wt
镇压/v幽/ag冥/ng地/n府/ng的/ude1摩/b醯/n首/m罗/b大/a神/n，/wd脚/n踏/v黄泉/n，/wd头/m顶/q苍天/n，/wd身高/n万/m仞/q，/wd岂/d是/vshi尔/Rg辈/n所/usuo见识/v过/uguo的/ude1。/wj
"/wyz方新/nr2教授/n问/v岳阳道/ns：/wp"/wyz你/rr见/v过/uguo最/d大/a的/ude1石/nr1佛像/n有/vyou多/m大/a？/ww
"/wyz2./m第四/m章/q：/wp幽灵/n楼道/n叶/ng凡/d离开/v师范大学/n的/ude1时候/n，/wd天/qt已经/d完全/ad黑/a了/ule下来/vf，/wd道路/n两边/f的/ude1路灯/n发出/v幽暗/a的/ude1光线/n，/wd投射/v在/p他/rr那/rzv张/q布满/v疑惑/v的/ude1脸上/s，/wd隐约/z可以/v看见/v那/rzv副/q黑/a边/k眼镜/n反射/v出/vf诡异/a的/ude1幽/ag光/n。/wj
初冬/t的/ude1晚上/t很/d冷/a，/wd不断/d有/vyou刺骨/z的/ude1寒风/n钻进/v衣领/n，/wd他/rr裹/v紧/a了/ule大衣/n，/wd但/c仍然/d无法/v阻挡/v冷风/n的/ude1侵袭/vn。/wj
他/rr甚至/d可以/v看见/v呼/v出/vf的/ude1气体/n迅速/ad凝结/v成/v雾/n状/ng，/wd慢慢/d地/ude2挂/v在/p衣领/n上/f、/wn镜片/n上/f，/wd他/rr的/ude1视线/n也/d被/pbei挂/v满/a雾气/n的/ude1镜片/n变/v得/ude3模糊/a起来/vf。/wj
为什么/ryv死者/n会/v被/pbei戒指/n上/f那些/rz文字/n吓/v死/v呢/y？/ww
他/rr忽然/d想起/v大学/n时代/n看到/v的/ude1一些/mq关于/p文字/n诅咒/v的/ude1说法/n，/wd难道/d戒指/n被/pbei诅咒/v过/uguo吗/y？/ww
他/rr立刻/d否定/v了/ule这个/rz想法/n，/wd自己/rr是/vshi一个/mq无神论/n者/k，/wd从/p不/d相信/v所谓/v的/ude1鬼神/n，/wd更加/d不/d相信/v诅咒/v这样/rzv的/ude1歪理/n邪说/n，/wd但/c是/vshi那些/rz文字/n实在/d是/vshi让/v人/n迷惑/an，/wd无法/v猜/v出/vf它们/rr的/ude1真正/b含义/n。/wj
“/wyz难道/d那/rzv间/q房子/n有/vyou什么/ry玄机/n？/ww
”/wyy叶凡/nr不/d知道/v自己/rr为什么/ryv会/v有/vyou这种/r想法/n，/wd直觉/n让/v他/rr做/v了/ule一个/mq决定/n，/wd到/v那/rzv间/q刚刚/d死/v过人/vi的/ude1房子/n里/f去/vf看看/v。/wj
半/m个/q小时/n后/f，/wd叶凡/nr来到/v了/ule新/a世纪/n小区/n，/wd六/m号/q楼/n屹立/vi在/p寒冷/a的/ude1冬夜/n中/f，/wd显得/v异常/d静谧/a，/wd他/rr往/p503/m室/n的/ude1窗户/n看/v了/ule一/m眼/q，/wd发现/v房间/n的/ude1灯/n居然/d是/vshi亮/vi着/uzhe的/ude1。/wj
“/wyz谁/ry在/p房子/n里/f？/ww
”/wyy叶凡/nr的/ude1心/n抽动/v了/ule一下/mq，/wd这个/rz时候/n房子/n里/f不/d应该/v有/vyou人/n呀/y！/wt
虽然/c心里/s也/d有些/rz害怕/v，/wd但/c他/rr还/d是/vshi快/a步/qv走/v进/vf了/ule楼道/n。/wj
漆黑/z的/ude1楼道/n内/f异常/d安静/a，/wd仿佛/d这里/rzs并/d不/d是/vshi楼道/n，/wd而是/c幽深/a恐怖/a的/ude1洞穴/n一般/uyy。/wj
叶凡/nr的/ude1鼻翼/n轻轻/d抽动/v了/ule一下/mq，/wd他/rr似乎/d嗅到/v一/m股/q奇怪/a的/ude1幽香/n，/wd这种/r香味/n绝对/d不/d是/vshi空气/n清新/a剂/q的/ude1味道/n，/wd而是/c女人/n身上/s的/ude1香水/n味/ng。/wj
叶凡/nr心中/s暗想/v：/wp“/wyz难道/d我/rr的/ude1面前/f正/d站/vi着/uzhe一个/mq漂亮/a端庄/a的/ude1女人/n？/ww
”/wyy他/rr干咳/vi了/ule一/m声/qv，/wd昏黄/z的/ude1声/qv控/v灯/n照亮/v了/ule身/ng前/f的/ude1一/m排/q台阶/n，/wd但/c却/d没有/d看到/v想像/v中/f的/ude1那个/rz美丽/a女人/n。/wj
他/rr用力/a地/ude2抽动/v了/ule一下/mq鼻翼/n，/wd但/c刚才/t的/ude1香水/n味/ng却/d消失/vi了/y。/wj
叶/nr1凡/d疑惑/v地/ude2摇摇/v头/n，/wd寂静/a的/ude1楼道/n内/f，/wd只有/c他/rr的/ude1皮鞋/n与/cc地面/n摩擦/vn发出/v的/ude1清脆/a声音/n，/wd久久/d地/ude2回荡/vi在/p狭窄/a的/ude1楼道/n内/f。/wj
清脆/a的/ude1声音/n仿佛/d是/vshi被/pbei某种/rz看/v不/d见/v的/ude1神秘/a物质/n扭曲/vi了/y，/wd显得/v异常/d诡异/a。/wj
叶/nr1凡/d胆子/n很/d大/a，/wd但/c一/d想起/v上午/t在/p这里/rzs见到/v的/ude1那/rzv具/q男/b尸/ng，/wd那/rzv双/q死/v不/d瞑目/vi、/wn充满/v恐惧/a的/ude1眼睛/n，/wd不由得/d心跳/vi加快/v，/wd呼吸/v急促/a。/wj
他/rr壮/v着/uzhe胆子/n继续/v前行/v，/wd很快/d来到/v了/ule503/m室/n的/ude1门外/s，/wd但/c他/rr却/d发现/v房门/n已经/d贴/v上/vf了/ule封条/n。/wj
“/wyz怎么/ryv可能/v，/wd刚才/t明明/d看到/v房间/n的/ude1灯/n是/vshi亮/vi着/uzhe的/ude1，/wd现在/t怎么/ryv会/v…/ws
…/ws
”/wyy叶/nr1凡/d百思不得其解/vl，/wd他/rr想/v透过/v猫眼/n观察/v一下/mq房间/n内/f是否/v亮/vi着/uzhe灯/n，/wd俯/vg下身/n向/p房间/n内/f看/v去/vf，/wd却/d什么/ry都/d看/v不/d见/v。/wj
房间/n内/f肯定/d没有/d亮/a灯/n，/wd否则/c至少/d可以/v看见/v一/m丝/q光亮/n呀/y！/wt
突然/a，/wd一阵/mq女人/n的/ude1呻吟/vn声/qv从/p身后/f传来/v。/wj
诡异/a的/ude1呻吟/vn声/n仿佛/d直接/ad刺/v入/v了/ule他/rr的/ude1大脑皮层/nl，/wd叶/ng凡/d惊恐/a地/ude2转/v过/uguo身/ng，/wd但/c声/qv控/v灯/n在/p这/rzv一刹那/t却/d熄灭/v了/y，/wd楼道/n陷入/v了/ule无边/z的/ude1黑暗/an中/f。/wj
叶凡/nr被/pbei突然/ad发生/v的/ude1一切/rz吓/v懵/ag了/y，/wd额头/n也/d渗出/v了/ule一/m层/qv冷汗/n，/wd他/rr握紧/v了/ule拳头/n，/wd颤抖/vi着/uzhe声音/n喊/v道/n：/wp“/wyz是/vshi…/ws
…/ws
是/vshi谁/ry？/ww
”/wyy声/ng控/v灯/n突然/ad亮/vi了/y，/wd与此同时/c，/wd诡异/a的/ude1呻吟/vn声/n也/d消失/vi了/y，/wd就/d像/v从未/d出现/v过/uguo一样/uyy，/wd楼道/n内/f一/m片/q死/v寂/ag。/wj
但/c刚才/t那个/rz女人/n的/ude1呻吟/vn声/n依然/d在/p他/rr脑海/n里/f回荡/vi着/uzhe，/wd在/p心中/s唤起/v一/m阵阵/q阴冷/a的/ude1感觉/n。/wj
他/rr的/ude1心脏/n就/d像/v是/vshi快/a频率/n击打/v的/ude1鼓锤/n一般/uyy，/wd不断/d敲击/v着/uzhe胸腔/n，/wd它/rr似乎/d想/v要/v冲/v出/vf身体/n一般/uyy。/wj
他/rr将/p手臂/n放/v在/p胸前/s，/wd希望/v可以/v让/v心跳/vi尽快/d平静/a下来/vf。/wj
“/wyz刚才/t那个/rz呻吟/vn声/n是/vshi谁/ry发出/v的/ude1？/ww
”/wyy叶凡/nr擦/v了/ule擦/v额头/n的/ude1汗珠/n，/wd回忆/v着/uzhe刚才/t发生/v的/ude1一/m幕/q，/wd立刻/d做出/v一个/mq决定/n，/wd离开/v这里/rzs。/wj
叶凡/nr借/v着/uzhe昏暗/a的/ude1灯光/n，/wd快速/d向/p楼下/s跑/v去/vf。/wj
当/p他/rr跑/v到/v三/m楼/n的/ude1时候/n，/wd突然/ad发现/v前面/f有/vyou一个/mq漂亮/a女/b孩儿/n的/ude1背影/n，/wd一/m件/q雪白/z的/ude1貂皮/n大衣/n包裹/n着/uzhe修长/a的/ude1身体/n，/wd一头/d乌黑/z的/ude1秀发/n自然/n地/ude2披/v在/p身后/f，/wd一/m双/q纯/a白/a的/ude1靴子/n随着/p主人/n的/ude1节奏/n，/wd轻轻地/z敲打/v着/uzhe地面/n，/wd发出/v细微/a而/cc清脆/a的/ude1声音/n。/wj
叶/nr1凡/d盯/v着/uzhe眼前/s这个/rz美丽/a的/ude1背影/n，/wd不由自主/dl地/ude2放慢/v了/ule脚步/n，/wd似乎/d完全/ad忘记/v了/ule刚才/t的/ude1恐惧/an。/wj
他/rr平时/t在/p工作/vn中/f经常/d接触/v到/v各类/r美女/n，/wd自己/rr也/d不/d是/vshi什么/ry好色/a之/uzhi徒/ng，/wd但/c却/d对/p这个/rz美丽/a的/ude1背影/n异常/d留恋/v，/wd感觉/v这个/rz背影/n看/v起来/vf很/d熟悉/v，/wd但/c却/d怎么/ryv也/d想/v不/d起来/vf究竟/d像/v谁/ry。/wj
那个/rz美丽/a的/ude1背影/n似乎/d并/d没有/d发现/v身后/f正/d有/vyou一/m双/q眼睛/n在/p偷窥/v她/rr，/wd仍然/d缓缓/d地/ude2向/p楼下/s走/v去/vf。/wj
