几十/m秒/qt钟/n后/f，/wd单元/n门/n打开/v了/y，/wd女/b孩儿/n的/ude1背影/n消失/vi在/p楼道/n内/f。/wj
叶/nr1凡/d犹豫/a了/ule一会儿/mq，/wd走/v出/vf了/ule楼道/n。/wj
冰冷/z的/ude1气流/n扑面而来/vl，/wd让/v他/rr的/ude1头脑/n立刻/d清醒/a了/ule许多/m，/wd他/rr快速/d在/p周围/f环视/v了/ule一/m圈/qv，/wd小区/n内/f的/ude1光线/n非常/d暗/a，/wd但/c至少/d可以/v看/v清/tg五十/m米/q以内/f的/ude1事物/n，/wd而/cc此刻/r寒冷/a的/ude1冬夜/n里/f根本/d没有/v那/rzv个/q女/b孩儿/n的/ude1身影/n，/wd仿佛/d突然/a人间/n蒸发/vi一般/uyy。/wj
恐惧/an伴/v着/uzhe寒风/n再次/d袭/v上/vf心头/s，/wd他/rr打/v了/ule一个/mq冷/a颤/vi，/wd再次/d环视/v了/ule一/m圈/qv，/wd刚才/t那个/rz女/b孩儿/n怎么/ryv不/d见/v了/y？/ww
以/p她/rr的/ude1速度/n不/d可能/v在/p十几/m秒/qt钟/n内/f就/d看/v不/d见/v踪影/n呀/y！/wt
“/wyz她/rr是/vshi幽灵/n？/ww
刚才/t我/rr听到/v的/ude1呻吟/vn声/n难道/d是/vshi她/rr发出/v的/ude1吗/y？/ww
”/wyy叶凡/nr身体/n剧烈/ad颤抖/vi了/ule一下/mq，/wd心中/s暗想/v：/wp“/wyz不/d，/wd那个/rz背影/n好/a熟悉/v，/wd会/v是/vshi我/rr的/ude1朋友/n吗/y？/ww
但/c我/rr却/d为什么/ryv想/v不/d起来/vf是/vshi谁/ry呢/y？/ww
”/wyy正/d在/p这时/rzt，/wd一阵/mq响亮/a的/ude1音乐/n刺/v入耳/a膜/n。/wj
他/rr猛地/d从/p思索/v中/f回过/v神/n来/f，/wd拿/v出/vf电话/n按/p下/vf了/ule接/v听/v键/n：/wp“/wyz您好/nl。/wj
”/wyy一个/mq浑厚/a的/ude1声音/n传来/v：/wp“/wyz我/rr是/vshi朱骏/nr，/wd明天/t的/ude1时间/n改/v一/m下/f，/wd我/rr上午/t有/vyou一个/mq重要/a的/ude1会议/n。/wj
”/wyy“/wyz什么/ry时间/n改/v一下/mq？/ww
”/wyy朱骏/nr沉默/v了/ule一下/mq，/wd道/v：/wp“/wyz我们/rr说/v好/a明天/t上午/t到/v精神病院/n去/vf探访/v一/m位/q患者/n，/wd你/rr忘记/v了/ule吗/y？/ww
”/wyy叶/nr1凡/d尴尬/a地/ude2笑/v了/ule笑/v，/wd道/v：/wp“/wyz看/v我/rr这/rzv记性/n，/wd改/v成/v什么/ry时间/n？/ww
”/wyy“/wyz你/rr明天/t等/v我/rr电话/n吧/y！/wt
开/v完/vi会/v我/rr就/d联系/v你/rr。/wj
”/wyy叶凡/nr忽然/d想到/v了/ule什么/ry，/wd抬头/vd看/v了/ule一/m眼/q503/m室/n，/wd发现/v窗户/n内/f一/m片/q漆黑/z。/wj
难道/d第一/m次/qv看/v错/v了/y，/wd灯光/n根本/d就/d没/d亮/vi？/ww
朱骏/nr发现/v他/rr很/d久/ad没有/v回话/vi，/wd便/d问道/vi：/wp“/wyz叶凡/nr你/rr怎么/ryv了/y？/ww
”/wyy“/wyz没/v…/ws
…/ws
没什么/vl，/wd明天/t我/rr等/v你/rr电话/n吧/y！/wt
”/wyy“/wyz好/a的/ude1，/wd那/c你/rr早点/d休息/v吧/y！/wt
”/wyy叶/nr1凡/d挂/v断/v了/ule电话/n，/wd刚刚/d发生/v的/ude1一切/rz是/vshi怎么/ryv回/v事/n？/ww
那些/rz诡异/a的/ude1声音/n究竟/d是/vshi谁/ry发出/v的/ude1？/ww
美丽/a的/ude1背影/n怎么/ryv会/v突然/ad出现/v又/c鬼魅/n一般/ad消失/vi了/y呢/y？/ww
难道/d都/d是/vshi幻觉/n？/ww
怎么/ryv可能/v，/wd刚才/t那个/rz美丽/a的/ude1背影/n就/d走/v在/p自己/rr的/ude1前面/f，/wd真是/d太/d奇怪/v了/y。/wj
叶凡/nr又/d看/v了/ule一/m眼/q503/m室/n，/wd窗/ng内/f还/d是/vshi漆黑/z一/m片/q，/wd仿佛/d那/rzv是/vshi一个/mq深/a不/d见/v底/f幽/ag洞/n，/wd藏/v着/uzhe许多/m未知/vn的/ude1秘密/n，/wd同时/c也/d藏/v着/uzhe许多/m恐怖/a的/ude1幽灵/n。/wj
叶/nr1凡/d长长/z地/ude2吐/v出/vf一/m口/q气/n，/wd轻声/vd说/v道/n：/wp“/wyz再见/vi——/wp幽灵/n楼道/n。/wj
”/wyy作者/n题/n外/f话/n：/wp声/n控/v灯/n突然/ad亮/vi了/y，/wd与此同时/c，/wd诡异/a的/ude1呻吟/vn声/n也/d消失/vi了/y，/wd就/d像/v从未/d出现/v过/uguo一样/uyy，/wd楼道/n内/f一/m片/q死/v寂/ag。/wj
但/c刚才/t那个/rz女人/n的/ude1呻吟/vn声/n依然/d在/p他/rr脑海/n里/f回荡/vi着/uzhe，/wd在/p心中/s唤起/v一/m阵阵/q阴冷/a的/ude1感觉/n。/wj
第五/m章/q：/wp朝鲜/nsf劳工/n（/wkz1/m）/wky叶凡/nr被/pbei一阵/mq杂乱/a的/ude1闹/a铃声/n吵/v醒/v，/wd他/rr伸/v了/ule一个/mq懒腰/n，/wd缓缓/d睁/v开/v眼睛/n，/wd一/m夜/qt没/d有/vyou睡/v好/a。/wj
清晨/t的/ude1第一/m缕/q阳光/n透过/v窗帘/n细小/a的/ude1缝隙/n刺/v入眼/a中/f，/wd他/rr眯/v着/uzhe眼睛/n看/v了/ule一/m眼/q墙上/s的/ude1挂钟/n，/wd指针/n显示/v清晨/t六点三十/m分/qt。/wj
叶凡/nr穿/v好/a衣裤/n，/wd简单/a的/ude1吃/v了/ule点/qt面包/n、/wn牛奶/n，/wd等待/v朱骏/nr的/ude1电话/n。/wj
他/rr拿/v出/vf戒指/n，/wd放/v在/p手/n心里/s，/wd一/m股/q冰凉/z滑腻/a的/ude1感觉/n穿过/v手心/n的/ude1皮肤/n，/wd随着/p血液/n蔓延/vi至/p全身/n，/wd与此同时/c，/wd他/rr听到/v了/ule一阵/mq轻微/a而/cc凄凉/a的/ude1呻吟/vn声/n。/wj
“/wyz它/rr是/vshi有/vyou生命/n的/ude1。/wj
”/wyy叶凡/nr忽然/d想起/v来/vf朱/nr1警官/n的/ude1话/n，/wd打/v了/ule一个/mq冷/a颤/vi，/wd紧张/a地/ude2凝视/v着/uzhe戒指/n，/wd仿佛/d这/rzv并/d不/d是/vshi一/m枚/q戒指/n，/wd而是/c一个/mq幽灵/n。/wj
叶/nr1凡/d轻轻地/z抚摸/v了/ule一下/mq戒指/n，/wd就/d在/p手/n指/v触摸/v到/v戒指/n的/ude1一瞬间/t，/wd呻吟/vi声/ng消失/vi了/y。/wj
“/wyz一定/d是/vshi幻觉/n。/wj
”/wyy叶/nr1凡/d吐/v出/vf一/m口/q气/n，/wd把/pba戒指/n戴/v在/p左手/n的/ude1中/f指/v上/f，/wd并/cc安慰/v自己/rr不/d要/v胡/nr1思/v乱/d想/v。/wj
焦急/a地/ude2等待/v了/ule好久/m，/wd他/rr突然/ad有/vyou一个/mq想法/n，/wd与其/c这样/rzv等/v着/uzhe，/wd还/d不如/v先行/vi一/m步/qv，/wd去/vf暗中/d探访/v一下/mq那位/r神秘/a的/ude1精神/n病/n患者/n，/wd也许/d会/v有/vyou意想不到/vl的/ude1效果/n。/wj
叶凡/nr离开/v房间/n，/wd打/v了/ule一/m辆/q出租车/n，/wd二十/m分钟/qt后/f，/wd出租车/n停/vi在/p了/ule松花江/ns碑林/n公园/n附近/f。/wj
（/wkz松花江/ns碑林/n公园/n是/vshi抗日战争/nz胜利/vi后/f，/wd锦城/ns政府/n为了/p哀悼/vn战争/n中/f死去/v的/ude1烈士/n而/cc修建/v的/ude1。/wj
碑林/n公园/n总面积/n二十万/m平方米/q，/wd北/f临/v松花江/ns，/wd集/vg仿古/vn建筑/n、/wn历代/n书法/n名家/n石刻/n、/wn抗日/vn英雄/n雕像/n和/cc墓碑/n、/wn现代/t园林/n园艺/n等/udeng人文/n景观/n为/p一体/n的/ude1国家/n3A/x级/q特色/n公园/n。/wj
）/wky司机/n用力/a地/ude2敲/v了/ule一下/mq方向盘/n，/wd咒骂/v道/n：/wp“/wyz该死/vi的/ude1雪/n，/wd堵住/v了/ule前面/f的/ude1路/n。/wj
”/wyy叶凡/nr向/p车窗/n外/f看/v了/ule一/m眼/q，/wd发现/v前方/s路面/n上/f的/ude1积雪/n足足/d有/vyou半/m米/q多/a深/a，/wd汽车/n根本/d过不去/vi，/wd也许/d是/vshi昨晚/t的/ude1风雪/n太/d大/a了/y，/wd将/d周围/f的/ude1雪/n吹/v到/v路面/n上/f，/wd导致/v这/rzv条/q路/n的/ude1积雪/n非常/d多/a。/wj
司机/n转/v过/uguo头/n，/wd歉意/n地/ude2说/v：/wp“/wyz对不起/v，/wd路面/n的/ude1积雪/n太/d厚/a了/y，/wd我/rr只能/v将/p您/rr送/v到/v这里/rzs了/y。/wj
你/rr可以/v从/p碑林/n公园/n穿/v过去/vf，/wd左/f转/v五百/m米/q就/d可以/v到达/v精神病院/n了/y。/wj
”/wyy叶凡/nr无奈/d只好/d下车/vi，/wd他/rr走/v进/vf碑林/n公园/n，/wd穿过/v一/m片/q桦/nr1树林/n，/wd映入眼帘/vl的/ude1是/vshi一排排/m刻/v有/vyou历代/n名家/n书法/n的/ude1石碑/n和/cc一座座/m宏伟/a的/ude1古建筑/n。/wj
他/rr一边/d走/v，/wd一边/d欣赏/v书法/n和/cc雕刻/n，/wd遇到/v经典/n的/ude1石刻/n，/wd他/rr便/d用/p相机/n拍/v下来/vf。/wj
叶凡/nr登/v上/vf一/m座/q三/m层/qv的/ude1古建筑/n，/wd眺望/v远处/s的/ude1松花江/ns。/wj
看/v着/uzhe身边/s一排排/m刻/v有/vyou抗日/vn烈士/n名字/n的/ude1石碑/n，/wd联想/nz到/v他们/rr英勇/ad无畏/vi的/ude1精神/n，/wd有/vyou一/m种/q莫名/b的/ude1激动/a，/wd随着/p血液/n在/p全身/n弥漫/v，/wd雾/n障/ng一般/a。/wj
忽然/d，/wd叶凡/nr发现/v前方/s不远处/s有/vyou一个/mq女人/n的/ude1石质/n雕像/n，/wd雕像/n的/ude1下方/f还/d刻/v着/uzhe一/m段/q文字/n。/wj
