我/rr也/d试图/v和/cc他/rr沟通/v，/wd但/c他/rr却/d从来/d没/v和/cc我/rr说/v过/uguo一/m句/q话/n。/wj
”/wyy朱/nr1骏/ng皱/v紧/a眉头/n听/v完/vi医生/n的/ude1讲述/vn，/wd问道/vi：/wp“/wyz朴志军/nr是/vshi朝鲜/nsf人/n，/wd为什么/ryv要/v在/p中国/ns进行/vx治疗/vn呢/y？/ww
”/wyy医生/n说道/v：/wp“/wyz1939年/t日本/nsf军队/n开始/v在/p乌尔古力山/nrf修建/v神秘/a工事/n，/wd由于/c建筑/n规模/n庞大/a，/wd建筑/n工人/n紧缺/a，/wd日军/n便/d从/p朝鲜/nsf运送/v来/vf数万/m名/q劳工/n，/wd朴志军/nr就是/v其中/rz之一/rz。/wj
朝鲜/nsf劳工/n在/p日军/n的/ude1严密/ad看管/v下/vf修筑/v工事/n，/wd生活/vn条件/n十分/d恶劣/a，/wd大多数/m劳工/n被/pbei饥饿/n、/wn寒冷/a、/wn疾病/n夺取/v了/ule生命/n，/wd当/p工程/n完成/v后/f，/wd日军/n为了/p防止/v泄密/vi，/wd就/d将/p那些/rz幸存/v下来/vf的/ude1劳工/n秘密/ad枪决/v。/wj
朴志军/nr能够/v在/p日本/nsf人/n的/ude1枪口/n下/f侥幸/ad存活/vi下来/vf绝对/d是/vshi一个/mq奇迹/n，/wd但/c他/rr从未/d向/p任何人/r提/v起/vf自己/rr是/vshi如何/ryv从/p日本/nsf人/n枪口/n下/f逃/v出来/vf的/ude1。/wj
”/wyy“/wyz原来/d是/vshi这样/rzv，/wd他/rr是/vshi一/m名/q朝鲜/nsf劳工/n。/wj
”/wyy朱骏/nr看/v了/ule看/v叶凡/nr，/wd说道/v：/wp“/wyz时间/n不/d早/a了/y，/wd我们/rr去/vf看望/v一下/mq他/rr吧/y！/wt
”/wyy医生/n嘱咐/v道/n：/wp“/wyz患者/n的/ude1情绪/n极/d不/d稳定/a，/wd你们/rr询问/v他/rr的/ude1时候/n，/wd一定/d要/v注意/v说话/vi的/ude1方式/n，/wd千万/m不/d要/v刺激/v到/v他/rr。/wj
”/wyy医生/n说/v完/vi，/wd带/v着/uzhe他们/rr向/p病房/n走/v去/vf。/wj
穿过/v一/m条/q幽暗/a的/ude1长廊/n，/wd他们/rr来到/v一/m座/q三/m层/qv小/a楼/n前/f，/wd这/rzv是/vshi一/m座/q上/f个/q世纪/n七十/m年代/n的/ude1老/a房子/n，/wd几十/m年/qt的/ude1风雨/n磨砺/vn，/wd令/v其/rz原本/n白色/n的/ude1楼/n面/n布满/v了/ule斑驳/z的/ude1伤痕/n，/wd楼房/n的/ude1每/rz层/n有/vyou十几/m扇/q窗户/n，/wd每/rz扇/q窗/ng都/d被/pbei手指/n粗细/n的/ude1铁/n条/q密封/vn的/ude1严严实实/z的/ude1。/wj
医生/n指/v着/uzhe一/m扇/q锈迹/n斑斑/z、/wn极为/d厚重/a的/ude1大/a铁门/n说/v：/wp“/wyz这里/rzs住/vi着/uzhe的/ude1都/d是/vshi病情/n非常/d严重/a的/ude1患者/n，/wd他们/rr经常/d会/v有/vyou自杀/vi的/ude1倾向/n，/wd院方/n为了/p他们/rr的/ude1安全/an负责/vn，/wd将/p整/m栋/q房子/n密封/v起来/vf。/wj
”/wyy他们/rr紧跟着/d中年/t医生/n，/wd走/v进/vf这/rzv座/q老/a房子/n，/wd走廊/n内/f的/ude1光线/n有些/rz昏暗/a，/wd空气/n中/f弥漫/v着/uzhe消毒/vn水/n的/ude1味道/n，/wd偶尔/d还/d会/v听到/v一些/mq奇怪/a的/ude1声音/n。/wj
医生/n一边/d走/v，/wd一边/d压低/v声音/n说/v：/wp“/wyz有些/rz患者/n经常/d会/v发出/v狂喜/vi的/ude1笑声/n或者/c悲痛/a的/ude1哭声/n，/wd你们/rr第一/m次/qv来/vf这里/rzs可能/v会/v感到/v有些/rz不/d适应/v。/wj
”/wyy拐/v过/uguo一个/mq九十/m度/qv的/ude1直角/n弯/ng，/wd中年/t医生/n停/vi住/vi脚步/n，/wd指/v着/uzhe103/m病房/n说/v：/wp“/wyz朴志军/nr就/d住/vi在/p这个/rz病房/n。/wj
”/wyy朱/nr1骏/ng点点/v头/n，/wd示意/v医生/n打开/v房门/n。/wj
吱/o嘎/o——/wp吱/o嘎/o——/wp一连串/al的/ude1声音/n过后/t，/wd门/n开/v了/y。/wj
这/rzv是/vshi一个/mq狭小/a的/ude1空间/n，/wd只/d摆放/v着/uzhe一/m张/q单人床/n和/cc一个/mq木质/n衣柜/n，/wd灰白色/n的/ude1窗帘/n遮住/v了/ule窗外/s射/v进/vf来/vf的/ude1光线/n，/wd屋里/s显得/v异常/d幽暗/a。/wj
一/m位/q风烛残年/nl的/ude1老人/n静静地/z坐/v在/p床/n边/k，/wd瘦弱/a的/ude1身体/n犹如/v枯槁/a一般/uyy，/wd但/c肩膀/n却/d异常/a地/ude2宽厚/a，/wd看/v得/ude3出/vf他/rr年轻/a的/ude1时候/n身体/n一定/d非常/d强壮/a，/wd他/rr蓬乱/a花白/z的/ude1头发/n犹如/v一/m堆/q枯草/n，/wd瘦长/z的/ude1脸上/s长/a满/a老年斑/n，/wd上/vf眼/n微微/d下垂/vi，/wd眼角/n边/k布满/v了/ule皱纹/n，/wd眼神/n呆滞/a地/ude2盯/v着/uzhe自己/rr的/ude1手指/n。/wj
突然/ad看到/v几/m个/q人/n进来/vf，/wd老人/n原本/d呆滞/a的/ude1眼神/n变/v得/ude3紧张/a起来/vf，/wd左手/n偷偷/d地/ude2伸/v进/vf衣服/n里/f，/wd身体/n缩/vi成/v一/m团/q，/wd颤抖/vi着/uzhe声音/n说/v：/wp“/wyz不/d…/ws
…/ws
不/d…/ws
…/ws
”/wyy3./m第二/m章/q杀/v人墙/n常言/n道/n：/wp风/n高/ad放火/vi时/ng、/wn月/n黑/a杀人/vn夜/tg。/wj
自古/d就/d是/vshi蟊/n贼/dg出没/vi的/ude1好/a时辰/n。/wj
此刻/r的/ude1时辰/n还/d没/d到/v黄昏/t，/wd天/qt已经/d象/ng一个/mq黑漆漆/z的/ude1锅/n底/f，/wd扣/v在/p杨/nr1家/n祠堂/n的/ude1上空/s，/wd远处/s不时/d传来/v低沉/a的/ude1轰隆轰隆/o的/ude1雷声/n，/wd天/qt就/d象/ng快要/d塌/v下来/vf一样/uyy，/wd让/v每/rz一个/mq杨庄/nr的/ude1人/n都/d心惊胆颤/al，/wd上/vf了/ule年纪/n的/ude1老人/n就/d说/v：/wp这/rzv是/vshi天/n在/p哭/v，/wd杨庄/nr要/v出事/vi了/y…/ws
。/wj
。/wj
！/wt
三十/m年代/n的/ude1燕山/ns脚下/f，/wd杨/nr1庄/ng无论如何/dl算/v不/d上/vf一个/mq起/vf眼/n的/ude1村子/n，/wd村/n前/f是/vshi一连串/al缓缓/d起伏/vi的/ude1山坡/n；/wf村/n后/f背/v靠/v着/uzhe燕山/ns的/ude1一个/mq山峰/n，/wd自古/d相传/v叫做/v守/v山/n，/wd因/p何/ry得名/v倒是/d不得而知/vl；/wf村子/n左右/m都/d是/vshi一/m片/q良田/n沃野/n。/wj
在/p这个/rz普通/a得/ude3不能/v再/d普通/a的/ude1庄子/nr上/f，/wd杨/nr1姓/n是/vshi第一/m大/a姓/n，/wd而/cc杨/nr1家/n祠堂/n则/d是/vshi庄子/nr上/f最/d大/a的/ude1一/m幢/q建筑/n。/wj
祠堂/n起初/d并/d不/d叫/vi祠堂/n，/wd村/n上/f一些/mq老人/n直到/v现在/t，/wd还是/c把/pba它/rr叫做/v杨/nr1家/n大院/n。/wj
听/v老人/n们/k讲/v，/wd清代/t嘉庆/t年间/n，/wd山/n匪/dg为/v患/v，/wd在/p一/m次/qv清军/n平叛/vi的/ude1战斗/vn中/f，/wd杨庄/nr被/pbei溃败/v的/ude1散兵/n和/cc山/n匪/dg反复/d洗劫/v，/wd十/m室/n九/m空/ng，/wd家家/q戴孝/v，/wd户户/q哀/ag声/ng，/wd最/d惨/a的/ude1就是/v杨/nr1家/n最/d大/a的/ude1杨/nr1老爷子/n家/q，/wd全家/n老幼/n妇孺/n，/wd无/v一/m幸免/vi，/wd全部/m惨死/vi于/p刀兵/n之下/f。/wj
战乱/n过去/t后/f，/wd杨/nr1家/n大院/n里/f怨气/n冲天/z，/wd夜/tg夜/tg哭声/n不/d断/v。/wj
庄/nr1上人/n个个/q心/n惊/v，/wd无奈/d之下/f，/wd经过/p杨/nr1氏族/n人/n一致/ad同意/v，/wd把/pba杨/nr1家/n大院/n改/vd成/v了/ule杨/nr1氏/ng祠堂/n，/wd单独/d摆/v上/vf了/ule杨/nr1老爷子/n一/m家/q的/ude1灵牌/n，/wd春秋/t致/v祭/v，/wd香火/n不/d断/v，/wd同时/c也/d作为/v庄子/nr上/f杨/nr1姓/n祭祀/vn的/ude1场所/n，/wd自此/d杨/nr1家/n大院/n的/ude1怨气/n才/d慢慢/d消散/v，/wd杨/nr1老爷子/n一/m家/q也/d逐渐/d被/pbei一代代/m的/ude1人/n所/usuo淡忘/v。/wj
以往/t这/rzv时辰/n还/d满/v庄/nr1乱/d窜/vi的/ude1闲/a汉/b们/k，/wd一/m个个/q都/d不/d见/v了/ule踪影/n，/wd村口/s闲/v磨牙/v的/ude1人群/n，/wd很/d早/a就/d已经/d纷纷/d作鸟兽散/vl，/wd人人/n心里/s都/d被/pbei乌黑/z乌黑/z的/ude1天色/n压抑/v着/uzhe，/wd沉甸甸/z的/ude1难受/a。/wj
暴雨/n还/d没有/d落/v下来/vf，/wd不时/d有/vyou大树/n样/u的/ude1闪电/n撕开/v夜幕/n，/wd然后/c是/vshi霹雳/n一/m声/qv巨/ag震/ng，/wd象/ng在/p耳边/s炸/v响/a，/wd让/v每/rz一个/mq人/n都/d竖起/v耳朵/n，/wd紧张/a万分/d，/wd除了/p此刻/r正在/d杨/nr1家/n祠堂/n外/f等候/v的/ude1两/m个/q人/n，/wd这/rzv两/m个/q人/n都/d不/d姓/v杨/nr1，/wd是/vshi外姓/n人/n迁/v来/vf的/ude1，/wd绰号/n大/a歪/a牙/n和/cc瘸子/n李/nr1，/wd一贯/d游手好闲/vl，/wd胆大妄为/vl，/wd本来/b名字/n反而/d没有/v人/n还/d记得/v了/y。/wj
对于/p大/a歪/a牙/n和/cc瘸子/n李/nr1来说/uls，/wd今天/t的/ude1天气/n简直/d是/vshi老/a天/n有/vyou眼/n，/wd两/m个/q人/n臭味/n相投/vi，/wd整日/d喝酒/vi赌博/vi，/wd早已/d口袋/n空空/z，/wd不约而同/dl瞄/v上/vf了/ule巍峨/z壮观/a的/ude1杨/nr1家祠/n堂/ng，/wd一拍即合/vl，/wd经常/d偷偷/d溜/v进去/vf摸/v一/m把/qv。/wj
