细雨/n逐渐/d的/ude1飘/v下来/vf，/wd剑/n上/f光华/n被/pbei雨点/n冲刷/v的/ude1一/m闪/vi一/m闪/vi，/wd几乎/d同时/c，/wd整个/b地面/n猛/a的/ude1一/m抖/vi，/wd在/p照壁/n墙/n沉/v下去/vf的/ude1地方/n，/wd出现/v了/ule一个/mq黑黝黝/z的/ude1大/a坑/n，/wd一/m股/q巨大/a的/ude1吸力/n拉扯/vi着/uzhe杨世勇/nr一/m群/q人/n直/d往/p里面/f滑/v过去/vf，/wd情急/a之下/f，/wd有/vyou几/m个/q身上/s带/v着/uzhe黑/a公鸡/n头/n、/wn黑/a驴/n蹄子/n的/ude1，/wd拿/v出来/vf拼命/d扔/v进/vf大/a洞/n中/f，/wd也/d丝毫/m没有/d让/v吸力/n减小/v一点/mq。/wj
一个/mq接/v一个/mq，/wd一/m群/q人/n相继/d跌进/v了/ule洞/n中/f，/wd黑暗/an中/f，/wd黑剑/nr发出/v的/ude1红/a光/n又/d明亮/a了/ule许多/m，/wd大伙/rr一起/d顺着/p沙/n壁/ng滑/v落/v，/wd隐约/z中/f，/wd下面/f一/m块/q巨大/a的/ude1白/a石板/n上/f镶嵌/v有/vyou四/m张/q人脸/n，/wd在/p红/a光/n下/vf狰狞/a的/ude1往/p上/f望/v着/uzhe，/wd双/m眼/q圆/vg睁/v，/wd嘴巴/n张/q的/ude1很/d开/v，/wd整个/b面孔/n都/d被/pbei一/m层/qv半/m透明/a纱/n帛/ng覆盖/v着/uzhe。/wj
杨世勇/nr手中/s的/ude1剑/n很/d准/a的/ude1刺/n进/vf了/ule一/m张/q人脸/n的/ude1口中/s，/wd嘎嘎/o吱吱/o的/ude1声音/n响/v过/uguo后/f，/wd白/nr1石板/n上面/f镶嵌/v的/ude1其余/rz三/m张/q人脸/n居然/d从/p石板/n里/f升/v了/ule起来/vf，/wd原来/d是/vshi三/m个/q人/n笔直/z站立/vi着/uzhe，/wd双手/n放/v在/p身后/f，/wd头发/n被/pbei使劲/vi往后/t拉扯/vi到/v垂直/vd于/p地面/n，/wd人脸/n变/v的/ude1平平/z的/ude1仰望/v天空/n，/wd口中/s被/pbei一/m颗/q粗大/a的/ude1青铜/n钉/v直/d贯/vg到底/vi，/wd真/d难/ad想象/v死/a的/ude1时候/n有/vyou多/m痛苦/an！/wt
大伙/rr都/d呆/v住/vi了/y，/wd坐/v在/p白/a石板/n上/f不/d知道/v怎么/ryv办/v好/a，/wd有/vyou人/n开始/v抽/v抽搭/v搭/v的/ude1哭/v了/y，/wd杨世勇/nr站/vi起来/vf说/v：/wp“/wyz大伙/rr不要/d怕/v，/wd事/n已/d至此/d，/wd想/v啥/ry都/d没有/d用/v，/wd我/rr已经/d看/v过/uguo了/y，/wd和/cc这/rzv把/qv剑/n埋/v在/p一起/s的/ude1小册子/n上面/f说/v，/wd我们/rr村/n下面/f埋藏/v着/uzhe一/m座/q大/a墓/n，/wd就是/v我们/rr现在/t所在/n的/ude1地方/n，/wd战国/t时燕国/nr国王/n的/ude1墓穴/n。/wj
”/wyy“/wyz国王/n墓/n？/ww
”/wyy族长/n也/d瞪/v大/a了/ule眼睛/n。/wj
“/wyz有/vyou没/d有/vyou说/v里面/f藏/v了/ule啥/ry东西/n？/ww
”/wyy“/wyz藏/b的/ude1啥/ry没有/d说/v，/wd倒是/d说/v有/vyou一个/mq守护/v之/uzhi神/n在/p墓穴/n外边/f，/wd会/v杀人/vi还/d会/v吸/v干/v血肉/n！/wt
”/wyy杨世勇/nr拔/v出/vf手中/s的/ude1剑/n：/wp“/wyz还/d说/v这/rzv把/qv剑/n是/vshi荆轲/nr送给/v燕王/n的/ude1留念/vi，/wd除了/p可以/v镇压/v墓穴/n的/ude1守护/vn之/uzhi神/n，/wd还/d是/vshi进入/v燕王/n墓/n的/ude1必须/d的/ude1东西/n。/wj
”/wyy毕竟/d是/vshi村里/n的/ude1老实巴交/vl的/ude1农民/n，/wd听/v杨世勇/nr这么/rz一/m说/v，/wd大伙/rr又/d高兴/a起来/vf，/wd长/v这么/rz大/a，/wd还/d没有/v谁/ry见/v过/uguo多/m大/a的/ude1大/a官/n，/wd听说/v脚下/f就/d是/vshi一/m位/q古代/t君王/n，/wd都/d兴奋/a的/ude1摩拳擦掌/vl，/wd急于/vd打开/v来/vf瞧瞧/v。/wj
红/a光/n笼罩/v的/ude1黑暗/an中/f，/wd有/vyou人/n大/a叫/vi：/wp“/wyz哈哈/o，/wd这里/rzs好/a大/a一/m块/q玉石/n！/wt
快/a来/vf帮忙/vi挖/v啊/y”/wyy叫嚷/v的/ude1人/n叫/vi杨金福/nr，/wd五/m大/a三/m粗/a的/ude1一/m条/q汉子/n，/wd听说/v出/vf了/ule玉器/n，/wd立刻/d跑/v过去/vf几/m个/q人/n帮手/n，/wd又/d拉/v又/d拽/v，/wd还/d有/vyou用/p手里/s拿/v的/ude1锄头/n往/p外/f撬/v的/ude1，/wd忙乱/a中/f，/wd白/nr1石板/n一/m声/qv大/a震/vi，/wd裂开/v两/m尺/q宽/a的/ude1一/m条/q大/a缝/n，/wd几/m个/q挖/v玉/n的/ude1汉子/n突然/ad被/pbei血/n红色/n的/ude1肉/n线/n紧紧/d缠绕/v起来/vf。/wj
凄厉/a的/ude1惨/a叫声/n立刻/d响彻/v耳边/s，/wd几/m个/q被/pbei缠绕/v的/ude1大汉/n拼命/vi的/ude1往/p外/f挣脱/v，/wd魁梧/a的/ude1身躯/n越/d挣扎/vi越/d小/a，/wd没/d等/v杨世勇/nr跑/v过去/t用/p黑/a剑/n解救/vn，/wd杨金福/nr几/m个/q人/n就/d变成/v了/ule没有/v血肉/n的/ude1干/v尸/ng，/wd蜷缩/vi成/v孩童/n模样/n，/wd再/d也/d不/d动/v！/wt
恐怖/a的/ude1感觉/n立刻/d传染/v到/v每个/r人/n心里/s，/wd族长/n大声/d说/v：/wp“/wyz从/p现在/t起/f，/wd发现/v什么/ry都/d不许/d乱动/vi，/wd大家/rr聚/v到/v世勇/nr2身边/s，/wd我们/rr一定/d会/v出去/vf的/ude1！/wt
”/wyy杨世勇/nr心里/s苦笑/vi一/m声/qv，/wd其实/d自己/rr什么/ry把握/v都/d没有/v。/wj
顺着/p白/a石板/n裂开/v的/ude1缝隙/n往/p下/f看/v去/vf，/wd隐约/z见到/v一/m块/q石碑/n横/dg躺/v在/p地上/s，/wd上面/f影影绰绰/al刻/v了/ule不少/m字/n，/wd族长/n读/v过/uguo几/m年/qt私塾/n，/wd略/d通/v文墨/n，/wd杨世勇/nr叫/vi过/uguo族长/n，/wd让/v他/rr仔细/ad辨认/v一下/mq，/wd看/v写/v的/ude1是/vshi什么/ry。/wj
族长/n费力/a的/ude1辨认/v好久/m，/wd读/v出/vf一/m段/q，/wd说/v其他/rzv实在/d看/v不/d清楚/a了/y。/wj
“/wyz…/ws
…/ws
…/ws
沙/nr1壃/n蠤/n，/wd肉身/n沙/n衣/ng，/wd以/p玉/n为/v足/ng，/wd无/v目/ng无/v首/m，/wd不论/c日月/n，/wd沙/n衣/ng中/f辄/dg出/vf肉/n线/n，/wd细/ad若/v游丝/n，/wd中/f其/rz肉/n线/n者/k则/c血肉/n立/v尽/vi，/wd人/n为/v之/uzhi饮/ng。/wj
以/p其/rz拱/ng卫/v王/nr1墓/n，/wd犯/v者/k尽/d摧/vg之/uzhi…/ws
…/ws
…/ws
”/wyy没/v几/m个/q人/n听/v的/ude1懂/v这/rzv段/q话/n，/wd族长/n也/d说/v不/d清楚/a沙/n壃/n蠤/n究竟/d是/vshi什么/ry东西/n，/wd只/d琢磨/v的/ude1出/vf这里/rzs有/vyou个/q怪物/n，/wd很/d厉害/a，/wd埋伏/v在/p沙里/nrf，/wd没有/v脑袋/n没有/v眼睛/n，/wd能/v用/p肉/n线/n吸/v干/v人/n的/ude1血肉/n，/wd或许/d是/vshi地/n龙/nr1蚯蚓/n一/m类/q的/ude1虫子/n吧/y！/wt
王/nr1墓/n宝藏/n的/ude1诱惑/vn抵消/v不/d了/ule死亡/vi的/ude1恐惧/an，/wd大多数/m村民/n都/d想/v着/uzhe快/a点/qt回/v到/v地面/n，/wd带/v上/vf老婆/n孩子/n远/ad走/v他乡/rzs，/wd不明不白/al的/ude1变成/v几/m具/vg干/v尸/ng死/v在/p这里/rzs，/wd实在/a心/n有/vyou不甘/v。/wj
杨世勇/nr可/v不/d怕/v，/wd拿/v着/uzhe黑剑/nr执意/d向/p族长/n要求/v下去/vf白/a石板/n后面/f瞧瞧/v，/wd万一/d弄/v点/qt黄金/n美玉/n的/ude1陪葬/vi品/v上来/vf，/wd也/d不至于/d再/d过/uguo穷/a日子/n了/y。/wj
这个/rz沙/n壃/n蠤/n既然/c是/vshi被/pbei燕王/n抓/v来/vf守卫/v王/nr1墓/n的/ude1，/wd也/d就/d说明/v不/d是/vshi无敌/vi的/ude1，/wd自然/d有/vyou克制/v它/rr的/ude1东西/n在/p墓/n里/f，/wd要不然/c，/wd哪里/rys还/d会/v有/vyou杨/nr1庄/ng存在/v呢/y？/ww
听/v杨世勇/nr这么/rz一/m说/v，/wd族长/n也/d心/n动/v了/y，/wd有/vyou道理/n！/wt
说不定/vl这/rzv把/pba黑剑/nr就/d是/vshi斩/v妖/n除/p魔/ag的/ude1神/n兵/n利器/n！/wt
说/v干/v就/d干/v！/wt
族长/n、/wn杨世勇/nr和/cc另外/rz两/m个/q自告奋勇/vl的/ude1村民/n，/wd收集/v齐/d黑/a公鸡/n头/n、/wn黑/a驴/n蹄子/n还有/v锄头/n，/wd顺着/p裂缝/n往/p下/f爬/v去/vf，/wd其余/rz几/m个/q人/n留/v在/p上面/f死活/d不/d愿意/v下去/vf，/wd族长/n再三/d叮嘱/v他们/rr不要/d乱/d动/v，/wd那个/rz沙/n壃/n蠤/n好/a象/ng不/d是/vshi主动/ad攻击/v人/n的/ude1，/wd一旦/d有/vyou什么/ry问题/n就/d跳/vi下/f裂缝/n来/vf！/wt
没有/v了/ule阳光/n，/wd墓穴/n里/f黑糊糊/z的/ude1，/wd杨世勇/nr手里/s的/ude1宝剑/n发出/v的/ude1荧荧/z红光/nz，/wd只能/v照见/v周围/f不/d大/a的/ude1一/m小/a块/q区域/n，/wd四/m个/q人/n摸摸索索/z的/ude1下去/vf，/wd都/d站/vi在/p了/ule那个/rz平/v放/v的/ude1石碑/n上/f，/wd四周/f望望/v，/wd这/rzv是/vshi不/d大/a的/ude1一个/mq小/a房间/n，/wd四面/f墙上/s有/vyou四/m个/q黑糊糊/z的/ude1洞口/n向/p四/m个/q方向/n伸展/v，/wd一模一样/al的/ude1都/d是/vshi些/q白/a石板/n，/wd镶嵌/v着/uzhe整个/b墓穴/n和/cc洞口/n，/wd一点/mq沙/n粒/ng都/d没有/v，/wd空气/n中/f很/d潮湿/a，/wd腐烂/vi的/ude1味道/n伴随/v着/uzhe阵阵/q凉风/n扑鼻/vi而/cc来/vf。/wj
