收/v拾/m残局/n花/v了/ule大半/m夜/qt的/ude1时间/n，/wd把/pba所有/b的/ude1尸体/n都/d扔下/v海/n之/uzhi后/f，/wd我/rr已经/d疲/a累/a得/ude3麻木/a了/y。/wj
这种/r麻木/a更/d多/a是/vshi来自/v心里/s的/ude1。/wj
说实话/vl，/wd我/rr很/d诧异/a自己/rr这么/rz快/a就/d能/v接受/v这样/rzv的/ude1现实/n，/wd做出/v这些/rz事情/n后/f依然/d如此/rzv平静/a。/wj
杀/v第一/m个/q人/n时/ng，/wd我/rr以为/v自己/rr会/v崩溃/vi，/wd会/v发抖/vi。/wj
曾/d在/p药铺/n给/p那些/rz泉州/ns城里/s的/ude1游侠/n治病/vi的/ude1时候/n，/wd听/v过/uguo有人/r吹嘘/v自己/rr第一/m次/qv杀人/vi的/ude1感受/vn，/wd他/rr形容/v那/rzv是/vshi一/m种/q地狱/n般/uyy的/ude1磨练/vn，/wd会/v不由自主/dl地/ude2发抖/vi，/wd甚至/c还/d会/v恶心/a呕吐/vi。/wj
“/wyz但/c杀/v过人/vi后/f，/wd就/d再/d也/d不/d一样/a了/y。/wj
”/wyy我/rr到/v现在/t都/d记得/v他/rr说/v这/rzv句/q话/n时/ng的/ude1得意/an和/cc狠/d戾/x眼神/n。/wj
我/rr做梦/vi也/d没有/d想到/v自己/rr有/vyou一/m天/qt也/d会/v杀人/vi，/wd既/c没有/d新/a仇/n，/wd也/d没有/v宿怨/n，/wd而且/c还/d是/vshi那/rzv种/q没有/d反抗/v能力/n的/ude1人/n。/wj
身体/n内/f没有/v任何/rz激烈/a的/ude1情绪/n来/vf阻止/v我/rr这样/rzv做/v，/wd直到/v现在/t我/rr也/d觉得/v自己/rr做/v的/ude1没/d错/v。/wj
我/rr想/v，/wd这/rzv是/vshi因为/p我/rr知道/v，/wd我/rr必须/d这样/rzv做/v。/wj
因为/p我/rr想/v活/v下去/vf。/wj
蛟/ng爷/ng又/d喊/v我/rr过去/t，/wd看样子/v阿娣/nr2的/ude1状况/n好像/v有/vyou些/q不妙/a，/wd她/rr躺/v在/p蛟/ng爷/ng的/ude1怀里/s说/v起/vf了/ule胡话/n，/wd我/rr赶紧/d拿出/v银针/n，/wd想/v像/p以往/t那样/rzv让/v她/rr安静/a下来/vf。/wj
但/c这/rzv次/qv她/rr却/d仍然/d在/p迷/v糊/a中/f不/d停/vi的/ude1扭动/v喊叫/v，/wd也许/d是/vshi之前/f的/ude1血腥/z一/m幕/q对/p她/rr的/ude1刺激/vn太/d大/a了/ule一/m。/wj
我/rr心急如焚/vl，/wd一边/d注意/v着/uzhe别/d让/v银针/n断/v在/p阿娣/nr2身体/n里/f，/wd一边/d嘴里/s说/v着/uzhe好话/n哄/v她/rr。/wj
挨/v了/ule几/m分钟/qt，/wd她/rr才/d没有/d继续/v呻吟/vi，/wd好似/v睡/v了/ule过去/t，/wd我/rr已经/d累/a的/ude1满头大汗/al。/wj
蛟/ng爷/ng紧紧/d把/pba阿娣/nr2搂/v住/vi，/wd那种/r无能为力/vl的/ude1沮丧/an之下/f，/wd能/v看/v得/ude3出/vf他/rr对/p这个/rz女儿/n其实/d是/vshi有/vyou多么/d的/ude1疼爱/vn。/wj
我/rr看/v向/p远处/s，/wd刚才/t小小的/z一些/mq骚动/vi过后/t，/wd深夜/t的/ude1海面/n已经/d无/v风/n而/cc动/v，/wd掀起/v了/ule轻微/a的/ude1皱褶/n。/wj
我/rr长/v出/vf一/m口/q气/n，/wd真切/a的/ude1感觉/n到/v为什么/ryv淘/v海/n客/ng会/v说/v阿娣/nr2就是/v一个/mq炸药/n桶/q。/wj
之后/f的/ude1日子/n，/wd这/rzv姑娘/n会/v是/vshi一个/mq最/d大/a的/ude1麻烦/an。/wj
收/v拾/m妥当/a后/f，/wd我/rr躺/v了/ule下来/vf，/wd周围/f的/ude1呼吸/vn声/qv沉重/a，/wd不时/d伴随/v着/uzhe几/m声/qv打鼾/vi声/ng，/wd我/rr不/d知道/v时间/n，/wd但/c看/v着/uzhe墨色/n浓重/a的/ude1天空/n，/wd大概/d天/qt也/d快/a亮/a了/y。/wj
今夜/t真正/d能/v睡/v着/uzhe的/ude1人/n应该/v不/d多/a，/wd这些/rz鼾声/n是/vshi蛟/ng爷/ng发出/v来/vf的/ude1，/wd但/c我/rr觉得/v，/wd他/rr这个/rz枭雄/n一样/uyy的/ude1人物/n自从/p船/n毁/v后/f就/d显得/v心事重重/vl，/wd他/rr的/ude1鼾声/n，/wd很/d可能/v是/vshi装/v出来/vf让/v其他人/r安心/a的/ude1。/wj
睡梦/n中/f的/ude1蛟/ng爷/ng，/wd看上去/v比/p平常/a苍老/a憔悴/a很多/m，/wd就/d像/v一个/mq普通/a的/ude1中年/t渔民/n，/wd一/m脸/q坦然/a安详/a。/wj
看样子/v并/cc没有/v被/pbei良心/n折磨/vn，/wd叹/v了/ule一/m口/q气/n，/wd我/rr开始/v想/v一个/mq最/d要命/vi的/ude1问题/n，/wd它/rr摆/v在/p我/rr的/ude1眼前/s，/wd让/v人/n无法/vd回避/v，/wd那/rzv就/d是/vshi，/wd接/v下来/vf，/wd我/rr和/cc七/m哥/n该/v怎么办/ryv？/ww
船/n失去/v了/ule动力/n，/wd我们/rr接下来/vl的/ude1行驶/vn方向/n，/wd都/d要/v靠/p老天爷/n来/vf决定/v，/wd运气/n好/a的/ude1话/n，/wd我们/rr也许/d还/d有/vyou机会/n飘/v回/v陆/m地/n，/wd运气/n不好/a的/ude1话/n，/wd我们/rr也许/d会/v飘/v进/vf大洋/n深处/s，/wd永远/d靠/v不/d了/ule岸/n了/y。/wj
我/rr不/d会/v打/v渔/ng，/wd也/d不够/a强壮/a，/wd唯一/d会/v的/ude1只是/d一些/mq医术/n，/wd也许/d在/p船上/s还/d会/v有些/rz用/v，/wd总体/n说来/uls不/d太/d妙/a。/wj
想/v到/v这里/rzs我/rr几乎/d一筹莫展/vl，/wd已经/d没法/v继续/v思考/v下去/vf，/wd看来/v只能/v紧/d靠/v这/rzv蛟/ng爷/ng这/rzv颗/q大树/n，/wd靠/p他/rr的/ude1经验/n，/wd才/d可能/v有/vyou些/q活/n下来/vf的/ude1希望/vn。/wj
当夜/t我/rr带/v着/uzhe这种/r焦虑/an睡/v了/ule过去/t，/wd我/rr不/d知道/v自己/rr能/v不/d能/v抗/v下来/vf，/wd但/c我/rr必须/d去/vf抗/v。/wj
只/d是/vshi没有/d想到/v，/wd麻烦/an竟/d是/vshi来/vf的/ude1如此/rzv之/uzhi快/a。/wj
第二/m天/qt等/v我/rr朦胧/a地/ude2醒/v转/v，/wd第一/m时间/n就/d觉得/v气氛/n有些/rz不对/a，/wd昏暗/a的/ude1船舱/n里/f点/v起/vf了/ule火把/n，/wd所有/b人/n的/ude1脸色/n都/d很/d奇怪/v。/wj
我/rr心里/s正在/d盘算/v这/rzv一/m觉/ng睡/v了/ule多久/ryt，/wd怎么/ryv天/n还/d没有/v亮/vi，/wd又/d看见/v全叔和/nr黑/a皮/n蔡/nr1都/d老老实实/z的/ude1坐/v在/p周围/f，/wd眼神/n中/f没有/v了/ule之前/f的/ude1那种/r跋扈/a，/wd取而代之/vl的/ude1是/vshi恐惧/an。/wj
我/rr扫/v过去/vf，/wd发现/v七/m哥/n，/wd甚至/d蛟/ng爷/ng的/ude1眼中/s都/d是/vshi深深/a的/ude1困惑/an和/cc担忧/vn。/wj
也许/d“/wyz倒霉/a”/wyy，/wd真/d是/vshi一/m种/q永远/d都/d不/d会/v错过/v的/ude1运气/n。/wj
就/d在/p小分队/n决定/v逃/v入/v野人/n山/n之际/f，/wd阿/b脆/a在/p电台/n中/f收/v听到/v了/ule最后/f一/m条/q消息/n——/wp从/p印度洋/nsf登陆/vi的/ude1热带/n风/n团/n“/wyz浮屠/n”/wyy，/wd正/d逐渐/d北/f移/v，/wd前锋/n已经/d逼近/v了/ule“/wyz野人/n山/n”/wyy，/wd其/rz规模/n之/uzhi剧烈/an，/wd来势/n之/uzhi凶/ng猛/x，/wd为/p近/a三十年/m来/f所/usuo罕见/a。/wj
司马/nr1灰/n等/udeng人/n在/p缅甸/ns作战/vi多/m年/qt，/wd曾/d不/d止/v一/m次/qv地/ude2见识/v过/uguo热带/n风/n团/n带/v了/ule的/ude1灾难/n性/ng后果/n，/wd他们/rr很/d清楚/a这个/rz消息/n意味着/v什么/ry。/wj
原始/a丛林/n中/f危机四伏/vl，/wd比起/v鳄鱼/n和/cc巨蟒/n来/f，/wd更/d多/a的/ude1威胁/vn来自/v于/p各种各样/bl的/ude1毒蛇/n、/wn毒虫/n；/wf而/cc在/p深山/n密林/n中/f行军/vi，/wd也/d是/vshi一/m件/q十分/m困难/a的/ude1事情/n，/wd几乎/d每/rz一/m步/qv都/d要/v用/p砍刀/n“/wyz伐/v山/n取道/v”/wyy才/d能/v通过/v。/wj
基于/p这些/rz原因/n，/wd水路/n就/d成/v了/ule最为/d快捷/z有效/a，/wd也/d是/vshi最为/d安全/a的/ude1途径/n。/wj
但是/c随着/p热带/n风/n团/n的/ude1侵袭/vn，/wd必定/d会/v使/v山洪/n泛滥/vi，/wd不仅/c无法/v利用/v纵横交错/vl的/ude1河网/n，/wd而且/c山/n中/f的/ude1低洼/a沟壑/n地带/n，/wd也/d会/v遭受/v突如其来/bl的/ude1洪水/n冲击/vn，/wd变/v得/ude3异常/a危险/an。/wj
“/wyz野人/n山/n”/wyy并/cc不/d是/vshi一/m座/q山峰/n，/wd而是/c一/m片/q山脉/n的/ude1统称/vn。/wj
数亿年/m前/f，/wd这里/rzs曾经/d是/vshi地壳/n能量/n集中/ad释放/v、/wn构造/n活动/vn频繁/a强烈/a的/ude1危险/a区域/n。/wj
作为/p喜玛拉雅/nz远古/t造/v山/n运动/vn的/ude1产物/n，/wd它/rr西/f临/v依/v落/v瓦/n底/f江/nr1，/wd北/f接/v高黎贡/nr，/wd南/f控/v勃/ag固/ag大/a平原/n，/wd形/ng同/p一个/mq沉睡/vi的/ude1巨人/n，/wd横/dg恒/ag在/p“/wyz缅/b、/wn僚/ng、/wn中/b”/wyy三/m国/n之间/f。/wj
缅/b共/b游击队/n被/pbei困/vi在/p了/ule沼泽/n和/cc原始/a丛林/n交界/vi的/ude1狭长/z地带/n，/wd只/d有/vyou向/p北/f穿越/v“/wyz野人/n山/n”/wyy，/wd才/d能够/v接近/v中国/ns边境/s。/wj
