明朝/t嘉靖/nz年间/n，/wd荒村/n有/vyou一/m对/q年轻/a夫妇/n，/wd妻子/n的/ude1名字/n叫/vi胭脂/n。/wj
当时/t常/d有/vyou日本/nsf倭寇/n出没/vi，/wd胭脂/n的/ude1丈夫/n被/pbei强/ad征/v入/v军队/n，/wd被迫/d到/v外/f省/n与/cc倭寇/n打仗/vi。/wj
丈夫/n在/p临行/vi前/f与/p胭脂/n约定/v：/wm三年/m后/f的/ude1重阳节/t，/wd他/rr一定/d会/v回到/v家/n中/f与/p她/rr相会/vi，/wd如果/c届时/d不/d能/v相会/vi，/wd两/m人/n就/d在/p重阳/t之/uzhi夜/tg一同/d殉情/vi赴/v死/v。/wj
三年/m后/f的/ude1重阳节/t将近/d，/wd远方/s的/ude1丈夫/n依旧/z杳无音信/vl。/wj
胭脂/n每日/r都/d等/v在/p村口/s，/wd有/vyou天/qt遇到/v一个/mq游/v方/q的/ude1托/v钵/ng僧/ng，/wd僧人/n赠予/v她/rr一/m支/q笛子/n，/wd吩咐/v她/rr在/p重阳/t之/uzhi夜/tg吹/v响/a笛子/n，/wd丈夫/n就/d会/v如约/d归来/vi。/wj
重阳/t之/uzhi夜/tg，/wd胭脂/n吹/v响/v了/ule那/rzv支/q笛子/n，/wd当/p一/m曲/q忧伤/a的/ude1笛/n声/qv终了/vi，/wd丈夫/n竟/d真/a的/ude1回到/v了/ule家门口/n。/wj
她/rr欣喜/a万分/d地/ude2为/v丈夫/n脱/v去/vf甲/n衣/ng，/wd温柔/a地/ude2服侍/v丈夫/n睡/v下/vf。/wj
在/p他们/rr一同/d度过/v几/m个/q幸福/a的/ude1夜晚/t之后/f，/wd丈夫/n突然/ad失踪/vi了/y。/wj
不久/m，/wd胭脂/n听说/v她/rr的/ude1丈夫/n竟/d早已/d在/p重阳/t之/uzhi夜/tg战死/v。/wj
原来/b，/wd重阳节/t那/rzv晚/tg，/wd她/rr丈夫/n在/p千/m里/q之外/f征战/vi，/wd故意/d冲/v在/p队伍/n最/d前头/f，/wd被/pbei敌人/n乱/a箭/n射/v死/v。/wj
他/rr名为/v战死/v，/wd实为/v殉情/vi，/wd以/p死亡/vi履行/v了/ule与/p妻子/n的/ude1约定/vn。/wj
他/rr的/ude1魂魄/n飞越/v千山万水/nl，/wd只/d为/v返回/v故乡/n荒村/n。/wj
而/cc此刻/r胭脂/n正好/z吹/v响/v神秘/a的/ude1笛子/n，/wd悠扬/a的/ude1笛/n声/qv正好/z指引/v了/ule丈夫/n的/ude1幽灵/n回家/vi。/wj
当天/t晚上/t，/wd我/rr一/m整夜/d都/d在/p想/v这个/rz故事/n，/wd实在/d睡/v不/d着/uzhe觉/v。/wj
到/v了/ule后半夜/t，/wd我/rr索性/d走/v出/vf房间/n，/wd发现/v隔壁/s房间/n里/f竟/d透/v出/vf一/m线/q烛光/n。/wj
强/ad忍/v着/uzhe恐惧/an，/wd我/rr偷偷/d地/ude2向/p隔壁/s窗户/n里/f看/v去/vf——/wp古老/a的/ude1梳妆台/n上/f点/v着/uzhe一/m支/q蜡烛/n，/wd幽暗/a的/ude1烛光/n照亮/v了/ule一个/mq穿/v着/uzhe白衣/n的/ude1女子/n，/wd但/c我/rr无法/v看到/v她/rr的/ude1脸/n，/wd只/d看到/v她/rr正/d梳/v着/uzhe一/m头/q乌黑/z的/ude1长发/n。/wj
我/rr立刻/d想起/v一/m部/q经典/n恐怖片/n中/f的/ude1画面/n，/wd慌忙/ad逃/v回到/v自己/rr的/ude1房间/n里/f。/wj
这/rzv就是/v我/rr在/p荒村/n的/ude1第一/m夜/qt。/wj
第二/m天/qt，/wd小/a枝/ng带/v着/uzhe我/rr到/v荒村/n四周/f看/v了/ule看/v，/wd这里/rzs果然/d是/vshi穷山恶水/nl，/wd荒凉/a的/ude1山峦/n和/cc黑色/n的/ude1大海/n，/wd使/v我/rr想起/v了/ule《/wkz牙买加/nsf客栈/n》/wky。/wj
小/a枝/ng总/d是/vshi那种/r表情/n，/wd似乎/d永远/d都/d没有/d开心/a的/ude1时候/n，/wd呆/v呆/v地/ude2望/v着/uzhe大海/n出神/vi。/wj
看/v着/uzhe她/rr凝视/v大海/n的/ude1样子/n，/wd忽然/d产生/v了/ule某种/rz冲动/an，/wd但/c我/rr还是/d强/a忍/v住/vi了/y。/wj
下午/t在/p小/a枝/ng的/ude1房间/n里/f，/wd我/rr看到/v写字台/n上/f放/v着/uzhe一个/mq相/d框/vi，/wd里面/f镶/v着/uzhe一/m张小枝/nr的/ude1黑白照片/n，/wd照片/n里/f的/ude1她/rr很/d迷人/a，/wd只是/c眼神/n有/vyou几/m分/qt淡/x淡/x的/ude1忧郁/an。/wj
可/v小/a枝/ng却/d说/v这/rzv张/q照片/n里/f的/ude1人/n早/tg就/d死/v了/y。/wj
原来/d这/rzv是/vshi小枝/nr2妈妈/n的/ude1照片/n，/wd她们/rr母女/n俩/m长/a得/ude3实在/d太/d像/v了/y。/wj
小/a枝/ng很/d小/a的/ude1时候/n，/wd她/rr的/ude1妈妈/n就/d生病/vi去世/vi了/y，/wd就/d病/v死/v在/p我/rr现在/t住/vi的/ude1那/rzv栋/q楼/n上/f。/wj
父亲/n一个/mq人/n把/pba她/rr带/v大/a。/wj
她/rr只/d能/v从/p照片/n上/f看到/v妈妈/n的/ude1样子/n。/wj
在/p这/rzv天/qt晚上/t的/ude1十二点/m钟/n，/wd我/rr忽然/d听到/v一阵/mq笛/n声/ng，/wd似乎/d是/vshi从/p后面/f的/ude1山上/s传来/v的/ude1。/wj
黑夜/n中/f的/ude1笛/n声/qv让/v我/rr心惊肉跳/al，/wd我/rr急忙/d跑/v出/vf进士/n第/m，/wd循/vg着/uzhe笛/n声/qv找到/v了/ule山上/s的/ude1吹/v笛/n者/k。/wj
原来/d吹/v笛子/n的/ude1人/n是/vshi小/a枝/ng的/ude1父亲/n——/wp欧阳/nr先生/n。/wj
半夜/t里/f跑/v到/v山上/s吹/v笛子/n，/wd这种/r怪异/a的/ude1行为/n令/v我/rr很/d好奇/a，/wd而/cc他/rr手上/s的/ude1笛子/n也/d非常/d特别/a，/wd据说/v已/d有/vyou几/m百年/m历史/n了/y。/wj
想必/d这/rzv支/q笛子/n一定/d是/vshi有/vyou故事/n的/ude1，/wd果然/c，/wd欧阳/nr先生/n告诉/v我/rr，/wd这/rzv支/q笛子/n就是/v当年/t胭脂/n吹/v过/uguo的/ude1神秘/a笛子/n，/wd而/cc胭脂/n的/ude1故事/n还/d有/vyou另/rz一/m个/q版本/n——/wp几/m百年/m前/f的/ude1荒村/n，/wd胭脂/n在/p重阳/t之/uzhi夜/tg吹/v响/v这/rzv支/q笛子/n，/wd与/p丈夫/n的/ude1鬼魂/n相聚/v。/wj
三/m个/q月/n后/f，/wd她/rr发现自己/n已经/d有/vyou孕/ng在/p身/ng。/wj
这/rzv是/vshi一个/mq奇迹/n。/wj
她/rr腹/ng中/f怀/v的/ude1那/rzv个/q孩子/n，/wd正是/v战死/v沙场/n的/ude1丈夫/n魂兮归来/vl后/f播/v下/f的/ude1种子/n。/wj
荒村/n人/n开始/v怀疑/v她/rr红/a杏/ng出/vf墙/n，/wd但/c胭脂/n坚持/v自己/rr是/vshi清白/a的/ude1，/wd为了/p保住/v腹/ng中/f的/ude1孩子/n，/wd胭脂/n受/v尽/vi了/ule苦难/n，/wd怀胎/vi十月/t，/wd终于/d把/pba儿子/n生/v了/ule下来/vf。/wj
胭脂/n一个/mq人/n将/p孩子/n带/v大/a，/wd母子/n受/v尽/vi了/ule歧视/vn和/cc侮辱/vn。/wj
十几/m年/qt后/f，/wd胭脂/n终/d因/p操劳/v过度/vi而/cc死/v，/wd但/c她/rr的/ude1儿子/n读书/vi极为/d用功/a，/wd后来/t金榜题名/nl成为/v天子/n门生/n。/wj
胭脂/n的/ude1事迹/n传/v到/v了/ule皇帝/n耳/n中/f，/wd皇帝/n也/d为/v这个/rz故事/n所/usuo感动/v，/wd御/vg赐/v贞节/n牌坊/ns一块/s，/wd以/p表彰/vn胭脂/n的/ude1德行/n。/wj
原来/b村口/s的/ude1贞节/n牌坊/ns就是/v给/p胭脂/n的/ude1，/wd进士/n第/m也/d是/vshi胭脂/n的/ude1儿子/n所/usuo建/v，/wd欧阳/nr先生/n和/cc小/a枝/ng都/d是/vshi胭脂/n的/ude1后代/n——/wp幽灵/n的/ude1后代/n？/ww
我/rr吓/v得/ude3跑/v回/qv到/v了/ule进士/n第/m里/q。/wj
在/p进士/n第/m的/ude1院子/n里/f，/wd我/rr竟然/d发现/v小/a枝/q穿着/n一身/n白衣/n，/wd正/d孤独/a地/ude2徘徊/vi在/p月光/n下/vf。/wj
