魔/ag障/ng摧/vg宝/n疆/ng不/d定/v，/wd道光/nr透/v体/ng一/m觉/ng兴/v。/wj
德/n善/ag云天/n血色/n里/f，/wd体/ng碎/a心/n绽/vg胭脂/n凝/vg。/wj
面/n卷/q风尘/n八方/nz动/v，/wd英魂/n俱/dg散/v未/d留名/vi。/wj
来/vf日/b南/b天/n台上/s遇/v，/wd牵引/v玉龙/ns请/v君/ng行/vi。/wj
民国/n初/f年/qt，/wd军阀/n割据/vi，/wd外/f强/a窥/vg扰/v，/wd灾祸/n四起/vi，/wd民不聊生/vl。/wj
众多/m厚道/a良民/n迫于/v生计/n铤而走险/vl，/wd取/v偏/a门/n捞/v财/n，/wd更/d有/vyou许多/m祖上/n有/vyou旁门左道/nl之/uzhi能/ng、/wn奇/ag工/ag秘/ng技/ng之/uzhi术/ng或/c强/ad取巧/v夺/v之/uzhi手段/n的/ude1，/wd都/d从新/d拾掇/v起来/vf。/wj
使/v得/ude3好好/d一/m个/q世界/n变/v得/ude3处处/d险恶/a，/wd步步/q危机/n。/wj
这/rzv年/qt，/wd又/d是/vshi秋/tg尽/vi时节/n，/wd天气/n已/d十分/m寒冷/an，/wd在/p盛产/v水蜜桃/n的/ude1无锡/ns阳/nr1山地/n界/k，/wd有/vyou一/m山丘/n旁/f，/wd孤零零/z座落/v着/uzhe一/m宅/ng。/wj
说/v起来/vf很/d是/vshi奇怪/v，/wd本来/d靠山/v建房/vi从/p风水/n学/v上/f来说/uls，/wd不管/c是/vshi山前/s山/n后山/n左/f山/n右/f，/wd都/d是/vshi吉瑞/nrf之/uzhi局/n，/wd但是/c不/d能/v在/p枯/ag穷/vg相/ng的/ude1山峦/n旁/f，/wd何/ry为/v枯/ag穷/a相/d？/ww
山/n上/f没有/d高大/a翠绿/z树木/n，/wd土/n石/ng暴露/v，/wd怪石/n嶙峋/z，/wd并/d有/vyou断/v崖/ng峭壁/n。/wj
而/cc此/rzs宅/ng正/d背/v靠/v北/f向/p峭壁/n，/wd在/p江南/ns，/wd房屋/n背/v山/n朝/tg北/f非常少/n见/v，/wd而且/c山/n也/d非/b润泽/vn之/uzhi山/n，/wd山上/s權/n木/ng丛生/vi，/wd草/n黄/nr1叶/ng枯/vi，/wd整个/b崖壁/n没/d有/vyou一/m枝/q绿荫/n落脚/vi，/wd黄/nr1茫茫/z一/m片/q，/wd连/ulian石/ng色/ng的/ude1深浅/n变化/vn都/d很/d难/ad看出/v。/wj
倒/d是/vshi在/p宅子/n的/ude1东西/n两侧/f，/wd各/rz有/vyou绿/a幽幽/z两/m片/q林子/n，/wd东面/f是/vshi竹林/n，/wd西面/f是/vshi松林/n。/wj
一般来说/vl，/wd此地/s房屋/n多/ad为/v青/a瓦/n白/nr1墙/n，/wd或是/c绿/a瓦/n红/a墙/n；/wf而/cc此/rzs宅/ng却/d是/vshi少见/a的/ude1黄/nr1瓦/n黄/nr1墙/n，/wd几乎/d与/p山/n壁/ng混/x为/p一/m色/ng，/wd再/d由于/p山丘/n的/ude1阴影/n覆盖/vn和/cc两/m片/q林/ng子/ng的/ude1抱/v绕/v，/wd以及/cc屋/n前/f十/m几/m棵/q桃树/n的/ude1遮掩/vn，/wd从/p远处/s很/d难/a一下/mq就/d发现/v它/rr的/ude1存在/vn。/wj
特别/d在/p夜里/t，/wd宅子/n会/v有/vyou几/m个/q窗户/n整夜/d都/d亮/vi着/uzhe微弱/a飘忽/vi的/ude1灯光/n，/wd但是/c当地/s的/ude1桃/n农/ng们/k发现/v，/wd夜里/t循/vg着/uzhe灯光/n，/wd怎么/ryv都/d走/v不/d到/v房子/n那里/rzs，/wd他们/rr都/d管/v它/rr叫/vi“/wyz鬼/n障/ng房/n”/wyy；/wf所以/c，/wd虽然/c宅子/n的/ude1主人/n和/cc他/rr的/ude1家人/n都/d很/d热情/an很/d好客/a，/wd但/c当地/s的/ude1人/n一般/uyy不/d会/v去/vf打扰/v，/wd夜里/t更/d不/d会/v去/vf也/d无法/v前/f去/vf。/wj
这/rzv一日/t，/wd已/d是/vshi二/m更/d时分/n，/wd秋/tg霜/n暗/ad降/v，/wd虽然/c没什么/vl风/n，/wd却/d是/vshi异常/d寒冷/a。/wj
宅子/n的/ude1主人/n鲁承宗/nr坐/v在/p二/m进/vf院/n的/ude1书房/n，/wd对/p着/uzhe洋/ag油灯/n细看/v着/uzhe一/m张/q发/v黄/nr1未/d裱/v的/ude1字画/n。/wj
鲁承宗/nr已然/d年近花甲/vl之/uzhi龄/ng，/wd但/c依然/z身板/n挺直/v，/wd面色/n红润/a，/wd二/m目/q放/v光/n，/wd一/m双/q大/a手/n骨骼/n粗壮/a，/wd肌/ng筋/n毕/vg露/ng，/wd怎么/ryv看/v都/d不/d应该/v是/vshi一/m双/q摆弄/v字画/n的/ude1手/n。/wj
这时/rzt门环/n一/m响/q，/wd鲁承宗/nr随手/d将/p字画/n翻盖/v过来/vf，/wd抬头/vd看/v去/vf，/wd原来/d是/vshi管家/n鲁/b联/vg走/v了/ule进来/vf，/wd给/p鲁承/nr祖端/nr2上/f一/m把/pba紫砂壶/n。/wj
“/wyz老爷/n，/wd该/rz歇/v了/y，/wd这/rzv东西/n不/d是/vshi一两/m天/qt能/v看/v出来/vf的/ude1，/wd要么/c早/ad叫/vi人/n掏/v完/vi啦/y，/wd怎么/ryv也/d流/v不/d到/v我们/rr家/n呀/y。/wj
”/wyy“/wyz是/vshi呀/y，/wd可/c就是/v心里/s老/a放/v不/d下/vf”/wyy鲁承宗/nr抬头/vi看/v了/ule一/m眼/q书房/n中/f挂/v的/ude1“/wyz藏宝/nr2布瑞/nrf”/wyy的/ude1堂/q匾/n，/wd轻/ad叹/v一/m口/q气/n：/wm“/wyz是/vshi吉/b是/vshi祸/n很难说/vl呀/y，/wd要么/c明天/t你/rr和/cc秦/nr1先生/n也/d一起/d来/vf看看/v，/wd说不定/vl能/v瞧/v出/vf点/qt端倪/n。/wj
”/wyy“/wyz行/ng，/wd明天/t一早/t我/rr就/d叫/vi秦/nr1先生/n一/m起/q过来/vf。/wj
”/wyy“/wyz那/c你/rr就/d早点/d休息/v吧/y，/wd这/rzv两/m天/qt辛苦/v你们/rr啦/y，/wd五/m侯/ng的/ude1伤/n怎么样/ryv，/wd他/rr和/cc柳儿/nrf都/d睡/v了/ule吗/y？/ww
。/wj
”/wyy“/wyz睡/v了/y，/wd秦/nr1先生/n给/p五/m侯/ng用/v了/ule点/qt药/n，/wd没什么/vl大/d碍/v。/wj
那/c我/rr也/d先/d去/vf歇/v了/y。/wj
”/wyy鲁承宗/nr点点/v头/n，/wd于是/cc鲁/b联/vg退/v了/ule出去/vf，/wd把/pba门/n带/v好/a，/wd然后/c摆弄/v了/ule几/m下/vf门环/n。/wj
夜/tg更/d深/a了/y，/wd依然/d无/v风/n，/wd院中/n很/d静/a很/d静/a，/wd就/d连/ulian平时/t前/f道/v房/n里/f鲁/b联/vg和/cc五/m侯/ng的/ude1鼾声/n也/d没/d响起/v。/wj
天/qt也/d更/d冷/a了/y，/wd仿/x佛/n都/d可以/v听到/v霜降/t的/ude1声音/n，/wd“/wyz沙沙沙/o，/wd沙沙沙/o”/wyy。/wj
埋头/vd看/v画/n的/ude1鲁承宗/nr忽然/d感觉/v出/vf一点/m异样/n，/wd那/rzv沙沙/o声/ng越来越/d清晰/a，/wd从/p院子/n里/f慢慢/d向/p书房/n靠近/v，/wd他/rr没有/d抬头/vi，/wd因为/c眼睛/n的/ude1余/m光/n已然/d可以/v清楚/a的/ude1看到/v一个/mq高大/a的/ude1黑影/n渐渐/d在/p书房/n的/ude1花/n格/b门/n上/f伸展/v；/wf一/m丝/q彻骨/z的/ude1寒意/n象/ng刀子/n似的/uyy从/p他/rr的/ude1脊/x椎/x划/v向/p天/qt灵/ng，/wd两/m肋/n处/vi一/m下/f绷/v得/ude3很/d紧/d很/d紧/a，/wd使/v他/rr感到/v酸痛/a和/cc僵硬/a。/wj
他/rr依然/d没/d抬头/vi，/wd虽然/c那/rzv身影/n越来越/d近/a、/wn越来越/d高/a，/wd已/d非/b一个/mq正常人/n的/ude1高度/n；/wf他/rr还是/d没/d抬头/vi，/wd不/d，/wd连/ulian眼皮/n都/d未/d动/v，/wd就/d连/ulian呼吸/v都/d好象/n停止/v了/y，/wd只是/d把/pba手中/s的/ude1紫砂壶/n被/pbei握/v得/ude3更/d紧/a，/wd握/v壶/ng的/ude1手背/n青筋/n全/d鼓/v了/ule起来/vf，/wd而且/c微微的/z在/p跳动/vi。/wj
