高 铁 要 和 民航 竞争 服务  这些 方面 能 行 吗 
显然   铁老大  在 服务 上 需要 改进 的 地方 有 很多 
比如说  现在 的 网络 购 票  有些 细节 就 需要 改进  比如  丢 了 车票 补票 时 还 要 付 全 款 等  就 引起 了 民众 的 质疑  而 机票 补票 显然 不 需要  还 比如  没有 二 代 身份证 的 国人 以及 外国人  能否 更 方便 购 票  也 是 需要 改进 的 问题 
实际上  唯有 靠 市场 的 自由 竞争 才 能 及时 满足 丰富多彩 的 需求  而 依靠 行政 命令 总是 效率 很 低 的  改进 起来 也 是 很 慢 的 
现在  京 沪 高 铁 已经 一 条 腿 迈进 了 市场 里边  另 一 条 腿 也 终将 迈进 市场 
铁路 市场 的 垄断 需要 解决  但是  当下 最 急迫 的 却 是 推进 政企 分开  行政 放权  给 与 高铁 公司 以及 一 线 的 运营 单位 更 大 的 经营 自主权 
现在  京 沪 高 铁 每天 需要 2630万 元 收入 才 能 偿还 贷款  偿债 压力 等 不 起  唯有 让 高铁 更 贴近 市场  飞行   才 符合 百姓 的 利益  高铁 也 才 有 前途 
时间  2011-08-10 >  天价  拖 车费 之所以 会 成为 问题  是 由于 这个 市场 没有 开放  只要 各地 不再  指定  救援 公司  市场 真正 开放  那  天价  拖 车费 也 就 自然 会 消失 
据 新华社 报道  日前  上海市 物价局  上海市 城乡 建设 和 交通 委员会 和 上海市 交通 运输 和 港口 管理局 联合 发布 通知  进一步 规范 清 障 施 救 牵引 服务 收费 行为  用 明确 合理 的 收费 标准  杜绝 没谱 的  天价  拖车 费 
根据 这个 新 规定  ５ 公里 （ 含 ） 以内 拖车  按 次 收费  超 ５ 公里 部分  按 实际 公里数 加收 超 基本 公里 费 
以 一 辆 小型 车 来说  在 地面 道路 每 次 为 ２５０ 元  在 高架桥  高速 等 每 次 为 ３００ 元  超过 ５ 公里 后  每 公里 加收 １０ 元 
最 多 不得 超过 1500 元 
早 在 去年  国家 发 改 委 就 和 交通 运输 部 联合 发布 通知  要求 规范 高速公路 车辆 救援 服务 收费 有关 问题 
这个 通知 提出  各地  要 在 充分 调研 和 成本 监 审 的 基础 上  统一 规范 收费 项目  并 按照 适当 弥补 成本 原则 合理 制定 收费 标准 
 但是  在 实际 的 操作 过程 中   天价 收费  是 屡见不鲜 
今年 5月  央 视 曾 报道 发生 在 北京 怀柔 的 一 起  天价  拖 车费 事件 
救援 公司 拖车 41 公里  收费 5000 多 元 
这家 救援 公司 是 怀柔 交管 部门 指定 的 唯一 的 汽车 救援 公司  至于 怎么 收费   是 根据 企业 各自 情况 自己 制定 的  
既然 是  指定 的 唯一 的   又 怎么 可能 是  市场 定价  
去年 4月  《 中国 青年报 》 还 曾 报道  河南 西峡 280 余 名 货车 车主 和 司机 联名 上书 商洛市 市委 书记  要求 调查 其 境内  拖车 如 打劫  的 乱 象 
而 商洛 的 那 家 施 救 公司  也 是 当地 交警  指定 的 唯一 的  
 天价  拖 车费 事件 在 各地 多 有 发生  根据 有关 媒体 的 调查  几乎 所有 的 拖车 公司  都 和 交通 运输 管理 部门 之间 存在 着 千丝万缕 的 关系  有些 地方 甚至 就 是 由 交管 部门 直接 出面 清理 
 天价  拖 车费 之所以 会 成为 问题  就 是 由于 这个 市场 往往 是 和 相关 政府 管理 部门 有着 紧密 联系  不 开放  导致 了 畸 高 的 费用 
按照 各地 惯例  目前 高速公路 拖车 公司 都 以 招标 或者 委托 的 方式 产生  属于 行政性 垄断 的  独家 生意  
高速 公路 拖车 业务  都 是 除 此 一 家  别 无 他 店  由此 也 就 形成 了 各种  天价  的 拖车 费  而 相关 当事人 也 只 能够 自 认 倒霉 
上海 限定 拖车 费 价格  在 一定 程度 上 可以 防止  天价  的 出现  但 要 让 拖车 收费 真正 降 下来  最 为 根本 的 还 是 打破 垄断  引入 竞争  让 这个 市场 有 更 多 的 供应商 
只有 通过 竞争  才 能够 在 降低 价格 的 基础 上 提升 服务 
否则  限价 规定  很 可能 还 会 变成 对 拖车 服务 市场 的 一 种 变相 保护 ——— 因为 价格 固定 了  那么 有关 机构 就 会 游说 权力 部门 不再 发放 新 的 营运 许可  最终 受损 的 还 是 消费者 
其实  发 改 委 和 交通 运输 部 去年 下发 的 通知 还 有 规定   在 不 影响 高速公路 正常 运行 的 情况 下  当事人 也 可以 选择 社会 救援 机构 实施 救助  任何 单位 和 个人 不得 强制 指定 救援 机构  也 不得 妨碍 和 阻止 当事人 委托 的 救援 机构 进场 服务 
 只要 各地 不再  指定  救援 公司  市场 真正 开放  那  天价  拖 车费 也 就 自然 会 消失 
时间  2011-08-16 > 舆论 期待 司法 机关 能够 取代 行政 机关  对 涉 讼 的 政府 信息 是否 属于  国家 秘密  进行 司法 审查 
而  规定  将 如何 促进 政府 信息 公开  还 有待 个案 的 检验 
8月 13日  最高 法院 对外 正式 公布 了 《 最高人民法院 关于 审理 政府 信息 公开 行政 案件 若干 问题 的 规定 》 （ 下 称  规定  ） 
该 解释 共有 13 个 条文  出台 目的 是 要  全面 规范 人民法院 审理 政府 信息 公开 行政 案件 中 遇到 的 有关 问题  
据 《 人民 法院 报 》 报道  这部 司法 解释 的 出台 背景  是 由于 政府 信息 公开 行政 案件 是 一 种 新型 案件  直接 的 法律 依据 不 多  也 非常 原则  导致 近年来 各级 人民法院 在 受理  审理  判决 等 各个 环节 经常 面临 无 规则 可 依  标准 难 统一 等 问题  迫切 需要 最高 法院 制定 司法 解释 予以 指导 和 规范 
为此  经过 近 三 年 的 深入 调研  反复 修改 和 广泛 征求 意见  最高人民法院 颁布 了 这部 司法 解释 
但 从  规定  出台 的 时间表 上 看  显得 十分 不 寻常 
2008年 5月 1日  《 政府 信息 公开 条例 》 （ 下 称  条例  ） 正式 实施  2009年 11月 2日  最高 法院 公布 了  规定  的  征求 意见 稿   2010年 12月 13日  最高 法院 审判 委员会 通过 了 现在 的 这 份  规定  
