与 前 几 个 赛季 不同 的 是 ， 常规 赛 结束 后 中国 篮协 确认 将 不再 聘请 外籍 裁判 执法 ， 而是 全部 使用 国内 裁判 执法 。
之所以 打破 沿用 9年 的 老 规矩 ， 官方 给 出 的 解释 是 ： 一 来 洋 裁判 水平 未必 比 国内 裁判 高 ； 二 来 ， 要 给 本土 裁判 更 多 信任 。
后来 有 媒体 爆 料 称 ， “ 真正 的 原因 是 洋 裁判 执法 都 是 一 锤子 买卖 ， 收 钱 更 狠 。 ”
想 来 也 是 ， 外籍 裁判 拿 的 是 美元 ， 控制 的 是 大 场面 ， 这样一来 俱乐部 的 公关 费 支出 一下子 就 会 飙升 好 几 倍 。
但 换 回 本土 裁判 ， 为何 CBA 公平 的 执法 环境 不但 没有 改善 ， 反而 更加 恶劣 ？
一方面 是 由于 裁判 队伍 本身 与 篮协 不 存在 隶属 关系有关 ， 并 不 像 NBA 那样 隶属 于 同 一个 组织 ， 而是 各 有 各 的 身份 ， 比如 大学 教授 、 体育 局 官员 等 ， 也就是说 ， 即便 没有 了 CBA 这块 兼职 ， 他们 也 不会 像 NBA 裁判 那样 陷入 失业 危机 。
对 此 ， 国内 篮球 专家 徐济 成就 曾 多次 表示 ： “ CBA 最 业余 的 地方 就 是 裁判 ” ， 因为 “ 隶属 关系 和 利益 点 都 不 一样 ， 篮协 从 根 上 就 没法 管 裁判 ” 。
另外 一方面 ， 则 是 中国 篮协 在 “ 黑 哨 问题 ” 表现 出 的 软弱 态度 ， 他们 不 想 、 更 不 敢 将 黑 哨 推向 司法 程序 。
裁判 这个 小圈子 与 很多 体育 项目 一样 ， 篮球 裁判 在 赛场 拥有 极大 的 权力 ， 他们 在 关键 时刻 的 判罚 往往 直接 影响 着 比赛 最终 的 结果 。
在 监管 缺失 、 职业 操守 丧失 的 情况 下 ， 权力 就 意味着 金钱 和 财富 。
可见 ， 如今 的 CBA 裁判 与 当年 中国 足球 超级 联赛 的 裁判 们 一样 ， 那 可 是 一个 极大 的 肥缺 。
用 “ 哨子 一 响 ， 黄金 万 两 ” 来 形容 ， 应该 也 不 算 过分 。
以 55 岁 的 国际级 裁判 吴敏 华为 例 。
官方 曾 对 他 的 执法 特点 给 出 高度 评价 ， 如此 “ 国宝级 ” 的 裁判 应该 是 中国 CBA 之 福 啊 ！
然而 ， 如此 “ 优秀 裁判 ” 的 吴敏华 却 亲手 导演 了 许许多多 的 问题 比赛 ： 今年 他 亲手 导演 了 “ 7分钟 内 3 次 改判 ” 的 闹剧 ， 去年 他 亲手 “ 策划 ” 了 青岛 风波 ， 被 麦蒂 称为 “ 瞎 老鼠 ” ， 被 外界 质疑 有 参与 赌球 之 嫌 ； 4年 前 曾 被 球队 领导 质疑 “ 眼睛 瞎 了 吗 ” ； 7年 前 更 有 被 山东 球迷 攻击 的 经历 … …
有 业内人士 告诉 记者 ： “ CBA 裁判 是 肥缺 ， 这 是 众人 皆 知 的 ， 裁判 就 是 球场 上 的 法官 。
你 看看 现在 执法 CBA 的 主 裁 ， 绝大多数 都 是 大学 体育 学院 的 院长 、 副 院长 ， 都 是 硕士生 导师 的 教授级 人物 。
他们 好不容易 获得 执法 CBA 的 机会 ， 谁 愿意 将 这个 肥缺 拱手 相让 呢 ？ ”
言外之意 ， CBA 裁判 并 不 缺 人才 和 好 苗子 ， 只 是 那些 所谓 的 权威 专家 不 愿意 放手 而已 。
在 CBA 执法 的 裁判 当中 ， 有 近 90% 都 是 来自 高校 或 体育 局 官员 ， 而且 裁判 是 个 极为 特殊 的 群体 ， 很多 热爱 篮球 裁判 的 大学生 如果 想 成长 为 出色 的 CBA 裁判 ， 最 大 的 障碍 并非 是 能力 ， 而是 没有 “ 门路 ” 。
因为 多 年 来 ， 篮球 裁判 界 有 这样 的 一个 传统 ， 要 想 学习 吹 哨 主要 靠 师傅 的 传帮带 ， 因此 这 也 逐渐 形成 一个 个 小圈子 、 小 团体 —— 一 个 裁判 带 出 几 个 徒弟 ， 每个 徒弟 之后 也 会 带 学生 ， 如此 代代相传 ， 裁判 界 可谓 “ 派系 林立 ” 。
一 位 裁判 曾 私下 里 透露 ： “ 现在 一些 老 裁判 都 带 出 了 一 批 门生 ， 形成 很多 利益 团体 。 ”
正 因为 裁判 界 师徒 相传 裙带关系 密切 ， 平时 内部 竞争 虽然 激烈 ， 但 涉及 整个 裁判 圈 的 事 ， 则 是 枪口 一致 对外 ， 因为 裁判 们 都 很 “ 抱 团 ” ， 得罪 一 人 几乎 意味着 得罪 一 群 ， 各 球队 对 裁判 也 是 轻易 不 敢 招惹 。
一 位 CBA 老总 曾经 这样 表示 ： “ 每次 我们 打 主场 ， 来 了 跟 我们 关系 好 的 裁判 ， 要 好好 招待 ， 来 了 跟 我们 关系 不 好 的 ， 更 要 好好 招待 。 ”
一些 球队 有 时 对 裁判 判罚 不满 ， 顶多 在 比赛 场上 吵 几 句 ， 很 少 有人 会 真 的 投诉 裁判 ， 就是 因为 怕 被 裁判 “ 报复 ” 。
近 十年 来 ， 随着 CBA 联赛 越来越 火爆 ， CBA 裁判 的 身份 也 是 越来越 光 鲜 ， 成为 各 大 俱乐部 的 上宾 。
这样 一来 ， 一些 裁判员 的 黑色 收入 越来越 多 ， 问题 比赛 也 越来越 多 。
篮协 更 多 的 时候 都 睁 只 眼 闭 只 眼 ， 实在 说不过去 的 才 给予 停赛 处罚 。
而 对 打零工 的 兼职 裁判 来说 ， 停 赛 处罚 根本 没有 威慑力 ， 顶多 是 让 他们 损失 了 一点 额外 收入 而已 。
对 联赛 的 伤害 非但 没有 停止 ， 或许 还 会 变本加厉 。
对于 此类 改变 赛 果 的 重大 错判 、 漏 判 ， 篮协 始终 不 愿 介入 调查 ， 究竟 是 属于 一般 的 “ 工作 疏忽 ” ， 还 是 有意 为 之 的 包庇 ？
如今 ， CBA 裁判 的 黑 哨 ， 不由 让 人 想起 中国 足球 。
2002年 ， 当 黑 哨 在 中国 足球 职业 联赛 的 赛场 上 猖獗 横行 之 时 ， 明眼人 都 一 眼 就 能 看 出来 。
但是 ， 年复一年 ， 黑 哨 不止 。
如果 你 要 声讨 ， 足协 一 句 “ 拿 证据 来 ” 便 会 让 你 哑 口 无言 ！
而且 对于 裁判 的 处罚 ， 篮协 与 中国足协 一样 ， 长期 都 是 遵循 “ 内部 处罚 ” 的 原则 。
“ 宽松 ” 的 执法 环境 和 “ 低廉 ” 的 处罚 代价 都 让 裁判 在 面对 巨额 金钱 诱惑 时 难免 心 动 ， 为什么 不 呢 ？
反正 没 人 管 ， 即使 做 得 太 过 火 了 也 只是 “ 内部 处罚 ” 。
陆 俊 在 被捕 后 接受 记者 采访 时 曾 说 过 ： “ 我 也 在 总结 ， 觉得 就 是 人 的 贪婪 。
吹 完 比赛 大家 挺 高兴 的 ， 给 点 钱 ， 没 觉得 违法 。