一/m位/q在/p中国/ns工作/vn的/ude1外籍/n教师/n，/wd根据/p多年/mq的/ude1观察/vn发现/v，/wd中国/ns的/ude1很多/m父母/n省吃俭用/vl，/wd把/pba所有/b的/ude1钱/n都/d存/v起来/vf，/wd甚至/d拿/v出/vf自己/rr的/ude1养老金/n、/wn看病/vi的/ude1钱/n来/f替/p儿女/n交/v学费/n、/wn找/v工作/vn、/wn买房/v结婚/vi、/wn照顾/v孙子/n。/wj
这种/r爱/v的/ude1方式/n让/v不少/m“/wyz老外/n”/wyy感到/v不可思议/al。/wj
高尔基/nrf说/v：/wm“/wyz爱/v孩子/n，/wd这/rzv是/vshi连/ulian母鸡/n都/d会/v的/ude1。/wj
”/wyy但是/c，/wd怎样/ryv爱/v孩子/n，/wd却/d不/d是/vshi每个/r家长/n都/d有/vyou清醒/a的/ude1认识/n。/wj
有/vyou的/ude1家长/n忙于/v事业/n、/wn忙/v着/uzhe赚钱/v，/wd放弃/v了/ule对/p子女/n的/ude1养育/vn，/wd小/a的/ude1时候/n扔/v给/p爷爷/n奶奶/n，/wd长大/vi以后/f交/v给/p学校/n、/wn推/v到/v社会/n。/wj
在/p他们/rr看来/v，/wd人/n的/ude1成长/vn和/cc成才/vn是/vshi用/p钱/n堆/v出来/vf的/ude1。/wj
有/vyou的/ude1家长/n“/wyz一/m不/d怕/v苦/an、/wn二/m不/d怕/v累/a”/wyy，/wd放弃/v了/ule自己/rr的/ude1事业/n和/cc追求/vn，/wd甘于/v当/p孩子/n的/ude1“/wyz陪读/vi”/wyy和/cc“/wyz陪练/vn”/wyy。/wj
实际上/d，/wd放任/v和/cc包办/v这/rzv两/m个/q极端/n，/wd都/d不/d是/vshi真正/d爱/v孩子/n。/wj
在/p乡村/n中/f，/wd有/vyou多少/ry个/q“/wyz留守/v孩子/n”/wyy可怜巴巴/z地/ude2期盼/v着/uzhe父母/n的/ude1疼爱/vn；/wf在/p城市/n里/f，/wd有/vyou多少/ry“/wyz生活/vn不/d能/v自理/vi”/wyy的/ude1大学生/n抱怨/v父母/n的/ude1溺爱/v；/wf还有/v多少/ry个/q顽皮/a少年/n，/wd在/p父母/n粗暴/a的/ude1“/wyz棒/ng喝/vg”/wyy下/f，/wd走向/v违法/vd犯罪/vi的/ude1危险/a边缘/n。/wj
舐/vg犊/ng之/uzhi情/n是/vshi为人/n父母/n的/ude1天性/n，/wd但/c天然/b的/ude1父母/n却/d不/d一定/b天然/b合格/vi、/wn天然/b称职/a。/wj
爱/v，/wd需要/v理性/n；/wf养育/v，/wd是/vshi一/m门/q科学/n。/wj
前/f几/m天/qt，/wd中央电视台/nt报道/v了/ule“/wyz神童/n”/wyy魏永康/nr的/ude1独特/a经历/n。/wj
从/p小/a到/v大/a，/wd母亲/n对/p魏永康/nr的/ude1惟一/b要求/n是/vshi专心/ad学习/v。/wj
魏永康/nr13/d岁/qt考上/v大学/n，/wd17/ns岁/qt到/v中科院/n硕/ag博/ag连/d读/v。/wj
然而/c，/wd由于/c生活/vn中/f的/ude1事情/n完全/ad由/p母亲/n包办/v，/wd魏永康/nr不/d懂得/v如何/ryv跟/v周围/f的/ude1人/n交往/vn；/wf读/v研/v后/f，/wd因为/c生活/vn长期/d不/d能/v自理/vi，/wd知识/n结构/n不/d适应/v中科院/n的/ude1研究/vn模式/n，/wd被/pbei学校/n劝退/vi。/wj
在/p这/rzv位/q含辛茹苦/vl、/wn对/p孩子/n倾注/v了/ule全部/m心血/n的/ude1母亲/n身上/s，/wd人们/n看到/v了/ule母爱/n的/ude1伟大/a，/wd也/d看到/v了/ule溺爱/v的/ude1害处/n。/wj
河南/ns小伙/n张尚昀/nr家境/n贫寒/a，/wd考入/v长春/ns税务/n学院/n不久/m，/wd因/p母亲/n患/v重度/b脑/n部/q残疾/n生活/vn陷入/v困顿/an。/wj
为了/p珍惜/v来之不易/vl的/ude1学习/vn机会/n，/wd他/rr把/pba患病/vi的/ude1母亲/n从/p农村/n老家/n背负/v到/v长春/ns，/wd白天/t背/v着/uzhe母亲/n外出/vi打工/vi挣钱/vi，/wd为/p老母/n治病/vi，/wd晚上/t守/v着/uzhe母亲/n挑/v灯/n夜/tg读/v，/wd终/d以/p优异/a的/ude1成绩/n完成/v学业/n，/wd在/p六/m个/q学期/n中/f五/m次/qv拿/v到/v奖学金/n，/wd以/p笔试/n第一/m名/q的/ude1成绩/n，/wd在/p数千/m名/q考生/n中/f脱颖而出/vl，/wd被/pbei录用/v为/p河南省/ns税务/n系统/n公务员/n。/wj
张尚昀/nr“/wyz大义/n至/p孝/ng”/wyy的/ude1感人/a事迹/n不胫而走/vl，/wd在/p中原/ns大地/n引起/v了/ule强烈/a反响/n。/wj
河南/ns省委/n书记/n徐光春/nr称赞/v他/rr为/v“/wyz当代/t孝子/n”/wyy；/wf最近/t评/v出/vf的/ude1“/wyz全国/n十佳/n孝贤/nr2”/wyy推/v他/rr为/p孝贤/nr2之/uzhi首/ng；/wf众多/m的/ude1网友/n发出/v了/ule“/wyz生/v子/ng当/v如/v张尚昀/nr”/wyy的/ude1感叹/vn。/wj
《/wkz诗经/n》/wky云/n：/wm“/wyz哀/ag哀/ag父母/n，/wd生/v我/rr劬/x劳/ng”/wyy，/wd“/wyz哀/ag哀/ag父母/n，/wd生/v我/rr劳/v瘁/vg。/wj
”/wyy在/p张尚昀/nr的/ude1身上/s，/wd传承/vi着/uzhe一个/mq孝/ng字/n。/wj
母亲/n病/n重/d不/d能/v自理/vi，/wd张尚昀/nr脚/n蹬/v三轮车/n，/wd千/m里/q走/v单骑/n，/wd两/m送/v母亲/n往返/vi于/p东北/s与/p河南/ns，/wd求医/vi问/v药/n，/wd打工/vi上学/vi。/wj
这/rzv辆/q三轮车/n负载/n的/ude1不/d只是/d恪尽/v人伦/n的/ude1孝道/n，/wd而且/c还/d承/vg荷/vg着/uzhe千百年/m来/vf铸就/v的/ude1中华民族/n的/ude1传统/n美德/n。/wj
孔子/nr曰/vg：/wm“/wyz夫孝/nr2，/wd天/qt之/uzhi经/ng也/d，/wd地/n之/uzhi义/ng也/d，/wd民/ng之/uzhi行/ng也/d。/wj
”/wyy在/p张尚昀/nr看来/v，/wd为人/n子/ng孝敬/v父母/n，/wd是/vshi天经地义/bl的/ude1法则/n，/wd是/vshi身体力行/vl的/ude1义务/n；/wf孝/ng就/d是/vshi知/v恩/ng感恩/vi，/wd就是/d报答/v父母/n的/ude1生养/vn之/uzhi恩/ng，/wd报答/v社会/n的/ude1培育/vn之/uzhi恩/ng。/wj
行孝/nr2，/wd要/v在/p点点滴滴/nl的/ude1日常/b生活/vn中/f躬/vg行/ng，/wd更/d要/v在/p困难/an和/cc挫折/n面前/f不/d丧气/a、/wn不/d悲观/a。/wj
面对/v母亲/n被/pbei病魔/n击倒/v、/wn家庭/n唯一/b的/ude1经济/n来源/n丧失/v，/wd九旬/m外祖母/n还/d需/v他/rr赡养/v的/ude1严酷/a现实/n，/wd张尚昀/nr没有/d气馁/a，/wd没有/d低头/vi，/wd而是/c以/p稚嫩/a的/ude1肩膀/n勇敢/a地/ude2挑起/v了/ule生活/vn的/ude1重担/n。/wj
他/rr一边/d劳/v其/rz筋骨/n，/wd勤工俭学/vl，/wd一边/d苦/a其/rz心志/n，/wd发奋/vd读书/vi。/wj
历经/v坎坷/an，/wd孝心/n不/d改/v，/wd历经/v磨难/n，/wd穷且益坚/nr。/wj
张尚昀/nr吃苦耐劳/vl、/wn乐观/a向上/vi的/ude1优秀/a品质/n，/wd笑/v对/p人生/n、/wn直面/v苦难/n的/ude1人生/n态度/n，/wd锲而不舍/vl、/wn一往无前/al的/ude1坚定/a信念/n，/wd谱写/v了/ule一/m曲/q新/a时代/n的/ude1孝义/ns之/uzhi歌/n。/wj
孝/ng为/p德/n之/uzhi本/n，/wd百/m善/ag孝/ng为先/v。/wj
如果/c一个/mq人/n对/p自己/rr的/ude1父母/n都/d没有/d孝敬/v之/uzhi心/n，/wd就/d很/d难/ad想象/v他/rr会/v真心实意/dl地/ude2关爱/v他人/rr、/wn关心/v社会/n、/wn热爱/v祖国/n。/wj
陈毅/nr元帅/n62/m岁/qt时/ng为/p重病/n在/p床/n的/ude1老/a母亲/n涮洗/v尿/n裤/ng，/wd孔繁森/nr两/m赴/v西藏/ns前/f向/p老/a母亲/n跪/v地/ude2辞行/vi。/wj
这些/rz感人至深/vl的/ude1懿行/nr2，/wd彰/ag显出/v党/n的/ude1领导/vn干部/n的/ude1光辉/a形象/n，/wd被/pbei世人/n传为佳话/vl。/wj
张尚昀/nr说/v自己/rr和/cc这些/rz前辈/n相比/vi，/wd是/vshi“/wyz一/m棵/q小/a草/n”/wyy。/wj
而/cc这/rzv棵/q质朴/a的/ude1“/wyz孝义/ns之/uzhi草/n”/wyy，/wd为了/p照料/v母亲/n，/wd不惜/v休学/v返乡/vi，/wd在/p病床/n前/f为/v母尽孝/nr，/wd赤子之心/nl熠熠/z闪光/n。/wj
