对/p绝大多数/m考生/n而言/uls，/wd高考/vi依然/d是/vshi守/v住/vi教育/v公平/a的/ude1最/d重要/a的/ude1底线/n，/wd依然/d是/vshi普通/a家庭/n孩子/n改变/v命运/n的/ude1最/d大/a希望/n高考/vi来/vf了/y。/wj
连/ulian空气/n中/f都/d仿/x佛/n弥漫/v着/uzhe紧张/a期待/vn的/ude1气息/n。/wj
安徽/ns六安/ns一/m所/q中学/n万/m名/q考生/n集体/n赴考/v，/wd送/v者/k如/v堵/v。/wj
从/p图片/n上/f看/v，/wd车/n内/f车/n外/f目光/n粘连/vi，/wd交织/v着/uzhe渴望/v、/wn紧张/a、/wn担忧/v、/wn不/d舍/v等/udeng复杂/a情绪/n。/wj
这/rzv两/m天/qt，/wd类似/v情形/n在/p全国/n各地/rzs触/v目/ng可/v及/cc。/wj
高考/vi日/ng，/wd从来/d都/d是/vshi一年/m中/f最/d让/v人/n揪心/a的/ude1时刻/n——/wp不独/c是/vshi考生/n及/cc家长/n，/wd全/a社会/n都/d在/p激动/a甚至/d焦灼/a。/wj
不论/c什么/ry新闻/n，/wd但/c涉/vg“/wyz高考/vi”/wyy必/d火/a。/wj
高考/vn移民/n、/wn异地/n高考/vn、/wn高考/vi加/v分/qt、/wn高考/vn作弊/vn…/ws
…/ws
任何/rz一个/mq关于/p高考/vi的/ude1政策/n或事件/n，/wd都/d会/v牵动/v全/a社会/n最/d敏感/a的/ude1那/rzv根/q神经/n。/wj
一/m位/q中国/ns教授/n曾经/d问/v他/rr的/ude1美国/nsf学生/n：/wm你/rr知道/v对/p中国/ns家庭/n来说/uls，/wd最为/d重大/a、/wn牵扯/v全家/n心态/n和/cc投资/vn决策/n的/ude1事件/n是/vshi什么/ry——/wp是/vshi孩子/n的/ude1升学/vn。/wj
美国/nsf学生/n迷惑不解/vl。/wj
他们/rr当然/d不/d懂/v，/wd中国/ns高考/vi，/wd至少/d有/vyou三/m层/qv重大/a含义/n：/wm第一/m，/wd这/rzv可能/v是/vshi一个/mq孩子/n决定/v他/rr的/ude1人生/n命运/n走向/v、/wn人生/n高度/n和/cc广度/n的/ude1重要/a时刻/n；/wf第二/m，/wd这/rzv是/vshi一个/mq普通/a家庭/n改变/v命运/n且/c受到/v集体/n鼓励/v的/ude1机会/n；/wf第三/m，/wd这/rzv也/d是/vshi从/p国家/n层面/n调整/v各/rz阶层/n利益/n格局/n的/ude1公平/a竞争/vn时刻/n。/wj
用/p这样/rzv的/ude1心情/n再/d看/v高考/vn新闻/n，/wd送/v考/v也罢/y，/wd考/v前/f宣誓/vi也罢/y，/wd交警/n全体/n出动/v为/p考生/n保障/v也罢/y，/wd固然/c常/d被/pbei诟病/n是/vshi过度/d紧张/a，/wd但是/c，/wd从/p全/a社会/n对/p高考/vi的/ude1这种/r尊重/v与/cc爱护/vn，/wd我们/rr能/v读/v出/vf的/ude1，/wd是/vshi对/p合理/ad追求/v美好/a人生/n的/ude1体谅/v，/wd是/vshi对/p通过/p教育/vn改变/v命运/n的/ude1敬重/vn，/wd更/d是/vshi对/p成为/v打通/v各/rz群体/n上升/vi通道/n的/ude1高考/vn体制/n的/ude1保护/vn。/wj
如今/t，/wd成才/vi路径/n多/m元/q，/wd但/c高考/vi仍然/d是/vshi国家/n筛选/vn人才/n的/ude1重要/a渠道/n。/wj
高考/vi之所以/c被/pbei高度/d重视/v，/wd盖/v因/p它/rr是/vshi社会/n阶层/n、/wn社会/n利益/n的/ude1一/m次重新/n分配/v。/wj
分数/n面前/f人人/n平等/a，/wd一语道破/vl了/ule高考/vn的/ude1重大/a价值/n。/wj
一/m考/v定/v终身/n的/ude1高考/vn模式/n，/wd正在/d修正/v之中/f。/wj
有/vyou从/p国家/n层面/n推动/v教育/vn公平/a的/ude1，/wd像/p今年/t起/vf国家/n已/d决定/v提高/v重点/n大学/n的/ude1农村/n子弟/n比例/n，/wd让/v“/wyz寒门/n”/wyy有/vyou机会/n出/vf“/wyz贵子/nr2”/wyy；/wf有/vyou从/p体制/n内/f有序/ad推动/v，/wd像/p高校/n保送/v与/p自主/vd招生/vi比例/n逐年/d扩大/v，/wd在/p一些/mq名校/n已/d超过/v一半/m，/wd所谓/v“/wyz高考/vn状元/n”/wyy因此/c已/d不再/d有/vyou炒作/v必要/an；/wf有/vyou类似/a南方/s科技/n大学/n试图/v绕/v开/v高考/vi的/ude1教改/vn实验/n；/wf还有/v自发/d进行/vx的/ude1“/wyz用/p脚/n投票/vi”/wyy，/wd不少/m学生/n放弃/v高考/vi，/wd选择/v本科/n留学/vn。/wj
更/d值得/v关注/v的/ude1，/wd是/vshi一些/mq因/p高校/n学费/n高昂/a且/c就业/vi艰难/an而/cc弃/vg考/v的/ude1困难/an家庭/n…/ws
…/ws
这/rzv种种/q围绕/v高考/vi展开/v的/ude1新/a迹象/n，/wd让/v我们/rr亦/d喜/v亦/d忧/vi。/wj
现在/t，/wd中国/ns教育/vn最/d需要/v的/ude1不仅仅/d是/vshi钱/n——/wp尽管/c我们/rr仍然/d希望/v，/wd在/p教育/vn经费/n占/vGDP/x的/ude1比重/n终/d达/v4%/m的/ude1基础/n上/f，/wd更/d向/p世界/n平均/a水平/n4./m9%/m靠拢/v——/wp更/d重要/a的/ude1，/wd是/vshi改革/v的/ude1思路/n和/cc勇气/n。/wj
教育/v公平/an，/wd是/vshi起点/n的/ude1公平/a，/wd也/d是/vshi机会/n的/ude1公平/a，/wd规则/n的/ude1公平/a，/wd要/v让/v高考/vn制度/n体现/v这样/rzv的/ude1目标/n：/wm公平/ad取/v士/ng、/wn鼓励/v寒门/n学子/n通过/p努力/ad改变/v命运/n、/wn合理/a调节/vn社会/n阶层/n有序/a流动/vn、/wn为/v国家/n民族/n补充/vn源源/d不/d绝/ag的/ude1正/b能量/n。/wj
基于/p此/rzs，/wd至少/d在/p目前/t，/wd对/p绝大多数/m考生/n而言/uls，/wd高考/vi依然/d是/vshi守/v住/vi教育/v公平/a的/ude1最/d重要/a的/ude1底线/n，/wd依然/d是/vshi普通/a家庭/n孩子/n改变/v命运/n的/ude1最/d大/a希望/vn。/wj
从/p这个/rz意义/n上/f说/v，/wd在/p今天/t，/wd高考/vi依然/d有/vyou捍卫/v的/ude1必要/an。/wj
所以/c，/wd不必/d把/pba焦点/n放在/v消弭/v全/a社会/n的/ude1高考/vn焦虑/an症/ng上/f，/wd更/d艰难/a的/ude1改变/vn在于/v彰/ag显/v社会/n公平/a：/wm无论是/c白领/b、/wn蓝领/b，/wd还是/c农民/n、/wn公务员/n，/wd都/d能/v受到/v尊重/v，/wd都/d能/v充分/ad表达/v自己/rr，/wd都/d有/vyou实现/v幸福/a的/ude1同等/b机会/n——/wp到/v了/ule那个/rz时候/n，/wd面对/v高考/vi，/wd任/v谁/ry都/d会/v有/vyou平常心/n了/y。/wj
现在/t，/wd我们/rr且/c以/p公平/a的/ude1名义/n，/wd向/p高考/vi致敬/vi，/wd为/p考生/n祝福/v！/wt
教育家/n说/v过/uguo，/wd教育/v公平/an是/vshi实现/v社会/n公正/a的/ude1最/d伟大/a的/ude1工具/n。/wj
解决/v好/a农村/n学生/n上/f重点/n高校/n比例/n偏/d低/a的/ude1问题/n，/wd既/c是/vshi保障/v他们/rr的/ude1受/v教育/vn权/n乃至/c平等/a就业/vn权/n，/wd也/d是/vshi促进/v社会/n公平/a正义/n的/ude1现实/n课题/n。/wj
然而/c，/wd用/p好/a教育/vn公平/a这个/rz“/wyz伟大/a工具/n”/wyy，/wd并非/v仅/d有/vyou良好/a的/ude1愿望/n就/d行/vi，/wd还/d必须/d有/vyou脚踏实地/vl的/ude1科学/n设计/vn。/wj
作为/p国家/n的/ude1基本/a教育/vn政策/n，/wd促进/v教育/vn公平/an是/vshi一/m项/q艰巨/a、/wn复杂/a、/wn长期/b的/ude1任务/n，/wd不/d可能/v一蹴而就/vl，/wd也/d不能/v脱离/v中国/ns国情/n，/wd忽视/v教育/vn改革/vn和/cc发展/vn的/ude1实际/n。/wj
事实上/bl，/wd哪怕/c农村/n学生/n进入/v知名/a大学/n的/ude1比例/n只/d提高/v一/m个/q百分点/m，/wd对于/p参加/v高考/vi的/ude1数百/m万/m农村/n学生/n来说/uls，/wd就/d意味着/v多/a了/ule数千/m个/q进入/v中国/ns知名/a大学/n的/ude1机会/n，/wd殊/d为/v不易/a。/wj
尤其/d要/v看到/v，/wd目前/t我国/n高等教育/nl规模/n虽/c位居/v世界/n第一/m，/wd但/c与/p庞大/a的/ude1人口/n基数/n和/cc人民/n对/p高等教育/nl的/ude1迫切/a需求/n比/v，/wd优质/b资源/n的/ude1供给/vn依然/d严重/a不足/an。/wj
