楼 主  你 的 高尚 情操 
太 让 人 感动 了 
北京大学 论坛 没 白 来 
几 头 雾 水 
 一头 看 天津 交友  一头 被 你 迷糊 
强 人  佩服 死 了 
呵呵  不错 啊  北京大学 论坛 的 小弟 支持 你 
什么 啊  北京大学 论坛 上 什么 东西 都 有 啊 
12 今天 我们 在 这里 许 下 美好 的 愿望  一 年 的 奋斗 努力  我们 披星戴月  从不 停息 追逐 梦想 的 脚步 
等 梦想 都 实现 的 那 一 天  我们 走 在 北大 的 校园 里  漫步 在 未名湖 畔  再 回到 这里  再 回味 这 期间 的 酸甜苦辣  那 是 怎样 一番 滋味 啊      今天 我们 在 这里 许 下 美好 的 愿望  一 年 的 奋斗 努力  我们 披星戴月  从不 停息 追逐 梦想 的 脚步 
等 梦想 都 实现 的 那 一 天  我们 走 在 北大 的 校园 里  漫步 在 未名湖 畔  再 回到 这里  再 回味 这 期间 的 酸甜苦辣  那 是 怎样 一番 滋味 啊 
一 首 考 研 诗 与 大家 共勉  有人 说 考 研 是 一 条 不 归 路  选择 它 就 意味着 选择 了 孤独 
匆匆 追寻 梦 的 脚步 
披星戴月  风雨无阻 
为了 前程  我们 将 青春 荒芜 为了 理想  我们 把 爱情 放逐 有 没 有 一 盏 灯  为 我 在 黑夜 里 照亮 归途 
有 没 有 一 颗 心  听 我 在 郁闷 时 将 烦恼 倾诉 
一次次 眺望 远方  成功 的 彼岸 却 总 也 看 不 清楚 
一回回 跌倒 爬 起  咬咬 牙 告诉 自己 要 坚强 不 哭 
没有 收获 不 需要 付出 
没有 成功 不 经历 痛苦 
听 吧 是 谁 正 将 我们 的 心声 唱 出 





不 到 最后  我 决不 认输 
那 一刻 我们 为了 心中 的 希望 而 启程 
那 一刻 我们 为了 不 让 自己 失望 而 前 行 
那 一刻 我们 将 用 自己 的 胜利 的 欢笑 和 幸福 的 泪水 来 把 那些 奋力 拼搏 的 日日夜夜 化为 我们 生命 中 难忘 的 永恒 
无论 阳光 与 寒风  我们 都 将 不断 的 前 行 
无论 失败 与 成功  考研 都 是 不 悔 的 旅程 非常 感谢  需要 动力 
好 期待 
我 的 愿望 就 氢气 球  飘 在 的 我 眼前  我 不 敢 伸手 去 碰 它 
怕 一不小心 






是的  是 的  山重水复 又 一 村 啊 
在 蓝天 下  献给 你  我 最 美 的 年华 
—— 考 研 岁月 要 勇 做 炮灰  向 前 冲 
期待 09 年 相会 在 未名湖 畔 
不 到 最后 我 决不 认输 只要 我们 不 抛弃  不 放弃 信念 和 勇气 
我们 的 青春 无悔 
我们 胜利 会师 于 未名湖 
那 我 当 工兵 吧 在 前面 为 你们 开路  呵呵 
09 生 科 院  等 着 我 
13 不论 你 在 什 麽 时候 开始  重要 的 是 开始 之 後 就 不 要 停止 
不论 你 在 什 麽 时候 结束  重要 的 是 结束 之 後 就 不要 悔恨  有 理想 在 的 地方  地狱 就 是 天堂  有 希望 在 的 地方  痛苦 也 成 欢乐  从 绝望 中 寻找 希望  人生 终将 辉煌 
开心 也罢  烦恼 也罢 
上班  看 书  工作  看 书  上班 




下班 
学习 中 工作  工作 中 学习 
赞 人生 难得 几 回 搏  不 搏 会 后悔 
搏 了 就 不 会 遗憾 了  如果 全力以赴 的 话 
一起 努力 啊 
未名湖 畔  博雅 塔 旁  不 想 让 它 永远 停留 在 梦 
为了 梦想 的 一 天  我们 必定 坚持不懈 
一起 加油 
2014年  注定 是 我 人生 的 转折点 

喜欢 是 一 种 坚持  在 意 是 一 种 习惯 
为了 梦想 的 一 天 




考 研  我 完全 不 需要 励志  真 幸福 


14 对于 一个 德国 孩子 而言  他们 要 在 幼儿园 里 度过 将近 4000 个 小时 
在 这 期间  德国 孩子 都 学 到 了 些 什么 呢 
3 年 中  孩子 们 参观 了 警察局  学习 了 如何 报警  如何 处理 遇到 坏人 的 情形  了解 警察 是 用 来 做 什么 的 
孩子 们 参观 了 消防 警察局  跟 消防 警察 们 一起 学习 灭火 知识  躲避 火灾 的 常识  参观 了 邮局  看看 一 封 信 是 如何 从 家里 到达 邮局  又 被 投递 出去 的  参观 了 市政府  认识 市长  看看 这个 为 他们 服务 的 市长 是 什么 样子 的 
他们 去 自由市场  拿 着 钱  学习 怎样 买 东西  区别 自由市场 跟 商店 的 不同 
他们 去 花圃  参观 花圃 的 种植  学习 分辨 花草 植物 
他们 去 看 马戏  儿童 歌剧 和 魔术 
他们 参观 图书馆  学会 了 如何 借 书  还 书 
他们 去 坐 有轨 电车  学 会 记住 回家 的 路线 
他们 每周 都 跟 老师 去 超市 买 东西  学习 付 钱  选择 货物 
樱桃 收获 的 时节  孩子 们 跟 老师 去 采摘 樱桃 
南瓜 收获 的 时节  孩子 们 跟 老师 一起 做 南瓜 汤 
圣诞节  这 是 最 激动 的 日子  他们 焦急 地 等待 圣诞老人 的 来临 以及 那 份 神秘 的 礼物 
圣 马丁 节  要 跟 老师 一起 糊 纸 灯  游街 来 纪念 这 位 骑士 圣人 

3 年 过去 了  孩子 学会 了 自己 修理 玩具  自己 管理 时间  自己 约会  自己 制订 计划  自己 搭配 衣服  自己 整理 东西  自己 找 警察  一个 6 岁 的 孩子  生活 能力 很 强 
15 有 钱 也 不行 
为了 让 孩子 考入 理想 大学  哈尔滨市 的 刘 女士 3 个 月 花费 了 近 8万 元 补课 费 给 儿子 补习 
结果 高考 ( 微 博 ) 成绩 公布  她 儿子 只 考 了 340 分 
补习  3月 花 了 近 8万 
刘 女士 的 儿子 是 哈尔滨市 某 重点 高中 的 学生 
高 一时 成绩 还 不错  后来 渐渐 下滑  补习 前 在 学校 的 模拟 考试 中  儿子 一般 是 290 分 左右 的 成绩 
今年 春节  马上 面临 高考 的 儿子 有 了 紧迫感  让 刘 女士 给 自己 找 一个 补习 学校  想  恶  补 一下 
