
黄岩 岛 是 它 的 专属  和 三 沙 扯 不 上 的 
收音 10 次 
何日 才 能 让 菲 越 拉 清单 
应 加强 管理 三 沙市 
早 就 该 成立 
中国 强硬 了 美国 焉 了  中国 人民 乐 了 希拉里 眼皮 耷拉 了  菲律宾 变 乖 了 
大陆 政府 要 强  硬 起来 
[ 自信 
勇气 
对 人类 热忱 ]  所 激发 出来 的 每 一个 人 都 有 的 潜能  连 美国 都 能 搞 惦  菲  越  日 有 何 搞 不 惦 
就 算 他们 超越 一流 的 美国 也 能 搞 惦  遇 强 俞强 
你 说 是 你 的  你 就 应该 把 该 管 的 都 管 起来  搁置 祖产  老 当 甩手掌柜 算 怎么 一 回 事 
三 沙 建 市  这 步 棋 走 对了 
外交辞令 
南海 问题 不 大  解决 叙利亚 危机 宜 早 不宜 迟  否则 或 将 成为 引发 世界 战争 的 导火索 
我 志愿 到 三 沙 成立 旅游 公司  重点 项目 是 三 沙 三日 豪华 游  望 大家 支持 
是 中国 慌 了  不 是 菲律宾 慌 了 
菲律宾 有 什么 好 慌 呢 
它 已经 占 到 便宜 了 
慌忙 成立 三 沙市 
成立 了 又 能 怎么样 
被 侵占 了 的 海岛 依然 被 侵占  被盗 取 了 的 石油 依然 被盗 取  还 要 你 不要 动武 
满盘 绋 输 
要 大胆 地 搁置  搁置 争议  
要 理直气壮 地 呐喊  主 权属 我  
是 到 了 该 亮 剑 的 时候 了 
什么 慌 
什么 慌忙 
越 怕 的 事 越 去 做  一 做 勇气 就 练 出来 了 
做 惯 了  能力 也 练 到 了  遇到 这 事 属 小儿科 而已 
敢于 面对  敢于 迎接 挑战 
关于 强化 国防 建设  发展 边疆 经济 
组建 三 沙 城管 纵队  吓 死 菲 痞 
扬威 
18 江苏 刚才 地震 了  2012年 7月 20日 2016 分 
扬州  泰州  淮安 等 地 都 有 震感 
南京 也 有 人 发 帖 
赶紧 跑 吧 哥们 
苏州 这边 没 感觉 
啪啪 啪啪 啪啪 
听 同学 说 了  貌似 不 是 很 严重 
隔壁 的 在 啪 啪啪 
应该 不 会 火 
我们 盐城 这 也 有 感觉 到 
此 贴 必 沉 啊 
此 帖 必 沉 了 
我 是 射阳 的 也 感觉 到 了 地震 
兴化 震感 强烈  三 楼 的 床 都 晃动 起来  我们 小区 的 人 在 楼下 避 了 半 个 钟头 
末日 审判 已经 来临 
我 这 没 感觉 啊  连云港 的 
扬州 人 怒 刷 存在 感 
真 的 吗 
快 说 是 几 级 啊 
就 没 一个 高 人 吗 
4 9 级  震中 扬州 
实在 不 行  换 苏伟 
不好意思  刚才 我 放 了 个 P 
沭阳 也 有  刚 打电话 回家 
天启 已 被 打开  lucifer 
看来 2012 末日 真 的 要 来 了 
擦    我 在 泰州 怎么 一点 感觉 都 没有 


盐城 建湖 表示 无 压力  有 宝塔 
4． 9 级别 
不 会 死 人 
楼 主 没 死 塞 
正 耍 英雄 联盟  有 个人 突然 说 地震 了  原来 是 你们 那 
淡 定  淡 定  来 晚 了 
我 昨天 就 在 泰州  我 感觉 到 了 
还 好 我 回来 了 
还 是 武汉 好 
我 想 问 下  地震局 的 二 逼 闷 在 干吗 
小震  正常 的 啦 
现在 信息 畅通  一 惊 一 乍 滴 
震 吧 震 吧  下回 把 地震局 震 塌 
妈 的 又 地震 了  地震局 死 哪 去 了 
最近 真 多 地震 



19 在 北京 赢得 2008年 奥运会 主办 权 后  国际 大都市 伦敦 战胜 了 纽约 巴黎 等 强劲 对手  获得 了 举办 2012年 夏季 奥运会 的 权利 
每年 的 奥运 时刻  你 是否 都 有些 记忆犹新 de 回忆 
是 为 国家队 欢呼  还是 奋战 在 自己 人生 的 关键 时期 
是 在 北京 看 比赛 还 是 在 亚特兰大  希腊 或是 伦敦 
人生 就 是 一 场 旅行  一个 人 的 比赛  众人 的 狂欢 
沙发 
板凳 
记得 当时 还 在 读 高 二  所以 开幕式 没 怎么 看 到 
奖 奥运 门票  还是 开幕式  而且 前排 座位 
嗯  很 好  很 强大 
路过 


前 排 
记得 那 一 年  我 刚刚 步入 社会 
（ 毕业 咯 ） 记得 那 个 月  每日 关注 的 排行榜 
（ 金牌榜 ） 记得 那 一 天  视觉 带来 冲击 的 晚上 
（ 开幕式 ） 




















时间 过 得 好 快 啊  转眼 四 年 就 过去 了 
期待 中国 的 奥运 军团 带 给 我们 惊喜  也 希望 刘翔能 回到 奥运 赛场  带 给 我们 飞 一样 的 感觉 
又 是 一 届 奥运会 啊 
四 年 又 过去 了 
前 几 天 又 重温 了 一下 北京 奥运 开幕式  真的 回味 不 穷 


顶 






可惜 那时 拍摄 水平 太 低 了  浪费 了 大 好 机会 
错过 了 啊 
那年 还 不 大 会 使用 相机  还是 在 去 北京 的 火车 上 学习 相机 使用 方法 的 
* CC98 * 4 / 20 / 2012121853PM 我 大 工科 多 浪漫 啊 看 了 一 上午 装配 图  突然 好 感动 啊  想想 看  那么 多 独立 的 零件 被 组装 起来  谁 也 不 能 替代 谁  但 是 谁 也 离不开 谁 
就 这么 组成 一个 整体 发挥 各自 的 作用  是 一 件 多 浪漫 的 事 啊 
好 吧  其实 也 可以 理解 为 lz 要 苦 逼 的 画 各种 大 图 自我 安慰 一下 
居然 还 有人 点名 不 要 我 大 工科 女 
伦 家 真 的 觉得 装配 图 神 马 的 很 有 爱 嘛 
伦 家 才 不 会 告诉 你 伦 家 的 电话 是 多少 捏  你们 都 素 坏人 
" imash " 哦 lz 你 先 分清 每个 零件 的 性别 我们 再 来 讨论 这个 问题 吧 同 戳 中 


