“ 邱哥 。 ”
我 用 手 指 在 地上 划着 道道 ， “ 能 问 你 件 事 吗 ？ ”
他 在 我 身边 坐 下来 ： “ 别 客气 ， 问 吧 。 ”
“ 你 能 不能 告诉 我 ， 如果 警察 较真儿 ， 他 最 坏 的 结果 是 什么 ？ ”
他 踌躇 一下 回答 ： “ 可能 会 按照 乌克兰 的 法律 量刑 。 ”
我 顿时 觉得 眼前 的 阳光 亮 得 刺眼 ， 于是 垂 下 头 深深 埋 进 两 个 膝盖 中间 。
他 碰碰 我 ： “ 赵玫 … … ”
我 把 身体 转 到 一边 ， 不 肯 抬头 。
“ 你 甭 害怕 ， 还 到 不 了 这 一 步 。 ”
他 的 声音 温和 许多 ， “ 罗茜 不 是 已经 答应 帮忙 了 吗 ？ ”
“ 她 也 能 影响 警察 吗 ？ ”
“ 如果 她 不行 ， 还有 东西行 啊 ， 钱 ， 美金 ， Money … … ”
我 这 才 扭头 看 着 他 ， 咽 口 唾沫 艰难 地 问 ： “ 罗茜 和 嘉遇 … …
他们 是 好 朋友 ？ ”
我 说 得 很 隐晦 ， 但 相信 邱伟 一定 听 得 明白 。
他 果然 笑 了 ： “ 你 想 哪儿 去 了 ？
罗茜 是 嘉 遇 的 师姐 ， 他们 俩 一个 学校 出来 的 。 ”
解释 得 如此 坦白 ， 但 我 一 个 字 都 不 相信 。
要么 是 邱伟 在 打 马虎 眼 蒙 我 ， 要么 是 他 太 粗心 。
纯粹 是 凭着 女人 的 直觉 ， 我 觉得 他们 两 人 的 纠葛 ， 真 不 象 邱伟 说 的 ， 只是 校友 那么 简单 。
男 女 之间 一旦 有 了 特殊 关系 ， 在 人 前 肌肤 相 触 ， 暧昧 的 感觉 是 完全 不 一样 的 。
再 陪 我 闲聊 一会儿 ， 邱伟 还 有 自己 的 生意 要 照顾 ， 于是 扔下 我 走 了 。
我 一直 坐 到 夕阳 西 斜 ， 眼看 着 罗茜 驾驶 一 辆 鲜红 的 欧 罗 巴 跑车 潇洒 离开 ， 才 磨 磨蹭 蹭 站 起 身 ， 拍拍 屁股 后面 的 土 ， 然后 裤兜 里 的 手机 开始 响 。
“ 跑 哪儿 去 了 ？ ”
孙嘉 遇 劈 头 就 问 。
我 小声 说 ： “ 在 门外 。 ”
“ 赶紧 回来 ， 我 有 话 和 你 说 。 ”
我 感觉 恐惧 ， 就 像 罪证 确凿 的 罪犯 即将 听 到 法庭 宣判 一样 ， 一 步 一 蹭 进 了 我们 的 卧室 ， 离 他 远远地 站 着 。
“ 你 站 那么 远 干 嘛 ？ ”
他 扬起 眉毛 没 好气 的 问 。
我 再 往 前 蹭 两 步 ， 还是 不 肯 离 他 太 近 。
他 被 我 气 乐 了 ， 啼笑皆非 地 看 着 我 ： “ 我 又 不 打 你 ， 吓 成 那样 至于 吗 ？
过 来 ！ ”
我 这 才 走 到 床 前 。
“ 是 不 是 要 我 请 你 坐下 ？ ”
我 机械 地 坐 下 了 。
他 扳 过 我 的 脸 ， 仔细 看 了 半天 ， 忽然 叹 口 气 ： “ 你 不 是 成心 的 ， 也 不 是 故意 的 ， 对 吧 ？ ”
我 重重地 点头 ， 脑袋 都 快 垂 到 胸前 去 了 。
他 再次 叹气 ， 手指 拂 过 我 的 下巴 和 脖子 ， 停 在 我 肩膀 上 ： “ 我 不 是 埋怨 你 ， 可 你 总 这么 傻 ， 将来 可 怎么 办 哪 ？ ”
我 嗫 嚅 ， 声音 几乎 闷 在 嗓子眼 里 ： “ 对不起 … …
我 也 不 想 这样 … …
我 不 想 害 你 … … ”
说 着 说 着 又 觉得 实在 委屈 ， 眼泪 忍不住 流 出来 ， 顺着 脸颊 流 到 下巴 ， 再 一 滴 滴 落 在 他 的 手 背 上 。
他 无奈 地 苦笑 ： “ 我 又 没 骂 你 ， 哭 什么 呀 ？ ”
我 情愿 他 劈 头 盖 脸 骂 我 一 顿 ， 他 越 这样 我 越 难受 ， 眼泪 流 得 更 凶 ， 我 哽咽 得 说 不 出 话 。
“ 别 哭 了 。 ”
他 取 过 纸巾 为 我 抹 着 眼泪 ， “ 我 和 你 一般 大 的 时候 ， 干 过 比 你 更 傻 的 事 。
可是 玫玫 ， 你 得 学 着 长 点儿 心眼 了 。
无论 父母 还是 其他 人 ， 谁 都 不 可能 照顾 你 一辈子 ， 你 早晚 要 自己 面对 一切 。
逢 人 只 说 三分 话 ， 不可 抛 却 一 片 心 ， 这 句 话 你 得 刻 在 心里 时刻 提醒 自己 。 ”
我 泪眼 婆娑 地 连连 点头 。
“ 自己 做 过 的 事 ， 甭管 对 错 ， 都 要 学会 自己 承担 责任 ， 不 能 总 是 逃避 ， 听见 没有 ？ ”
“ 嗯 … …
听见 了 。 ”
“ 唉 ， ” 他 今天 第三 次 叹气 ， 伸手 把 我 搂 进 怀里 ， “ 我 怎么 会 认识 你 这个 小 倒霉 蛋 儿 啊 ？ ”
最后 一 句 话 让 我 又 急 又 悔 ， 我 抱 着 他 开始 大 哭 。
想起 这些 天 的 担惊受怕 ， 想起 认识 他 八 个 月 来 的 笑 泪 悲欢 ， 满腹 委屈 涌 上 心头 。
我 越 哭 越 心酸 ， 几乎 要 嚎啕 。
他 没有 劝 我 ， 只 是 紧紧 搂 着 我 ， 由 着 我 把 所有 的 难过 倾泻 出来 ， 眼泪 鼻涕 全 抹 在 他 身上 。
我 终于 哭 够 了 ， 断断续续 停止 抽噎 ， 虽然 眼泪 还 在 往 下 流 ， 到底 想起 正事 来 ： “ 邱伟 说 ， 会 按 乌克兰 的 法律 量刑 ， 那 可 怎么 办 ？ ”
他 笑 着 捏 捏 我 的 耳垂 ： “ 邱伟 吓 你 呢 ， 哪儿 有 那么 背 呀 ？
真 要 那样 ， 我 在 这儿 的 七八年 全 白 混 了 。 ”
“ 那 最 坏 的 结果 是 什么 ？ ”
“ 最 坏 的 结果 ？
大不了 从头 再 来 呗 。
哎 ， 玫玫 我 问 你 ， 如果 我 什么 都 没 了 ， 你 不 会 把 我 甩 了 吧 ？ ”
我 的 心 安定 下来 ， 擦 干净 眼泪 回答 ： “ 你 要 是 还 在 外面 招惹 桃花 ， 那 就 难 说 了 。 ”
“ 妈 的 。 ”
他 连 笑 带 骂 地 推开 我 ， “ 你 就 不 会 说 两 句 好听 的 ？ ”
我 歪 头 想想 ： “ 嗯 ， 那 我 就 跟 着 你 ， 你 去 哪儿 我 去 哪儿 ， 天涯海角 都 跟 着 你 。 ”
“ 这 还 差不多 。 ”