待 要 谦恭 几 句 。
小 豆子 正 给 小 石头 擦 油彩 擦 汗 ， 擦 到 眉梢 那 道 口子 ， 它 裂 了 。
“ 哎 —— ” 小 豆子 一 急 ， 捧 过 小 石头 的 脸 ， 用 舌尖 吸吮 他 伤口 ， 轻轻 暖 暖 的 ， 从此 不 疼 … …
可恨 管家 吩咐 ： “ 老公 着 小虞 姬 谢 赏 去 ！ ”
“ 呀 ！
快 。
快 ！ ”
小 豆子 鲜艳 的 红 唇 ， 方 沾 了 一 块 乌 迹 ， 来自 小 石头 眉 间 伤 疼 。
又 没 时间 了 。
小 豆子 抬 起 清澈 无 邪 的 大 眼睛 ， 就 去 了 。
倪 老公 刚 抽 过 两 筒 ， 精神 很 好 。
他 半 躺 在 鸦片 烟 床 上 。
寝室 的 门 在 小 豆子 身后 悄然 关上 。
乍 到 这 奢华 之 地 ， 如同 王府 。
小 豆子 不知所措 ， 只见 紫 黑色 书橱 满 壁 而 立 ， “ 二十四 史 ” ， 粉 绿色 的 刻字 ， 十分 鲜明 。
一一 诉说 前朝 。
倪 老公 把 烟 向 小 豆子 一 喷 。
几乎 呛 住 ， 但 仍 规 规矩 矩 地 鞠 个 躬 。
小 豆子 娇 怯 地 ： “ 倪 老公 六十 大 寿 ， 给 您 贺 寿 来 了 —— ” 老公 伸出 纤弱 枯瘦 的 手 止住 ： “ 今年 是 什么 年 ？ ”
“ … …
民国 十九—— ” 他 又 挥手 止住 ； “ 错 了 ， 是 宣统 二十二年 —— 大 清 宣统 二十二年 ！ ”
倪 老公 自 管 自用 一 块 珍贵 的 白 丝绸 手绢 擦 去 小 豆子 红 唇 上 的 乌 迹 ， 然后 信手 一 扔 ， 手绢 无声 下坠 ， 落 到 描 金 红 牡丹 的 痰盂 中 去 。
痰盂 架 在 紫檀 木 上 。
他 把 小 豆子 架 在 自己 膝 上 。
无限 爱怜 ， 又 似 戏弄 。
抚 脸 ， 捏 屁股 ， 像 娘 。
腻 着 阴阳怪气 的 嗓音 ： “ 晤 ？
虞姬 是 为 谁 死 的 ？ ”
“ 为 霸王 死 。 ”
他 满意 了 。
也 因此 亢奋 了 。
鸦片 的 功效 来 了 。
“ 对 ！
虞姬 柔弱 如 水 一 女 ， 尚 明 大义 ， 尽 精 忠 ， 自刎 而 死 ， 大 清 满 朝 文武 ， 加 起来 竟 抵 不 过 一个 女子 ？ ”
他 越 说 越 激昂 ， 声音 尖刻 变调 ， “ 可 叹 ！
可悲 ！
今儿 我 挑 了 这 出 戏码 儿 ， 就是 为了 羞耻 他们 ！ ”
他 的 忠君 爱国 大道 ， 如 河 缺 堤 ， 小 豆子 在 他 膝 上 ， 坐 得 有点 不 宁 。
“ 怎么 啦 ？
小 美 人 ？ ”
小 豆子 怯怯 道 ： “ 想 —— 尿 尿 。 ”
倪 老公 向 那 高贵 的 痰盂 示意 。
小 豆子 下地 ， 先 望 老公 一下 。
半 遮 半 掩 地 ， 只好 剥 裤子 —— 他 见到 了 ！
倪 老公 见到 他 半 遮 半 掩 下 ， 一 掠 而 过 ， 那 完整 的 生殖器 ！
平凡 的 、 有 着 各种 名称 的 、 每 一个 男子 都 拥有 的 东西 。
孩子 叫 它 “ 鸡 鸡 ” 、 “ 牛 牛 ” 。
男人 唤 作 “ 那 话 儿 ” 、 “ 棒 捶 ” 、 “ 鸡 巴 ” … …
， 粗俗 或 文雅 的 称呼 。
他 脸色 一 变 。
他 忘记 一切 。
他 喂 违 已 久 。
他 刻意 避 忌 。
艳羡 惊叹 百感交集 ， 在 一个 不 防备 的 平常 时刻 。
倪 老公 有点 失控 ， 下颌 微 抖 ： “ 慢 ！ ”
小 豆子 一 怔 。
倪 老公 取 过 几 上 一个 白玉 碗 ， 不知 哪 年 ， 皇上 随手 送 他 的 小 礼物 。
晶莹剔透 ， 价值连城 。
他 把 它 端 到 小 豆子 身下 。
生怕 惊扰 ， 无限 怜惜 。
轻 语 ： “ 来 ， 尿 在 碗 里 头 吧 。 ”
小 豆子 蹩 不 住 了 ， 就 尿 尿 。
淋漓 、 痛快 、 销魂 。
—— 倪 老公 凝神 注视 。
最 名贵 的 古玩 ， 也 比 不 上 最 平凡 的 生殖器 。
他 眼中 有 凄 迷 老 泪 ， 一 闪 。
自己 也 不 发觉 。
或 隐忍 不 发 ， 化作 一下 唏嘘 ， 近乎 低 吟 ： “ 呀 —— 多 完美 的 身子 ！ ”
小 豆子 ， 目 瞪 、 口 呆 ， 整个 傻 掉 了 … …
迈出 公公 府上 大门 时 ， 已 是 第二 天 的 清晨 。
关 师父 兴致 很 高 ， 一 壁 走 着 ， 一 壁 哼 曲子 。
徒 儿 各人 脸上 残留 脂粉 ， 跟 在 他 后头 ， 说 着 昨夜 风光 。
“ 哗 ， 公公 家门口 好 高 呀 ！ ”
“ 戏台 也 比 茶馆 子 大多 了 。 ”
小 石头 怀中 揣 了 好 些 偷偷 捎 下 的 糕点 、 酥糖 ， 给 小 豆子 看 ： “ 嘻 ， 捎 回去 慢慢 吃 ， 一 辈子 没 吃 这么 香 。
来 ， 给 。 ”
见 得 小 豆子 神色 凄 惑 。
小 石头 毫无 机心 ， 只 问 ： “ 怎么 啦 ？
病 啦 ？ ”
小 豆子 不 答 。
从 何 说 起 ？
自己 也 不 懂 ， 只 惊骇 莫名 。
“ 哑巴 了 ？
说 呀 ！ ”
面对 小 石头 关心 地 追问 ， 他 仍 不 吭 一 声 。
“ 小 豆子 你 有 话 就 说 出来 呀 ， 什么 都 憋 在 心里 ， 人家 都 不 知道 。 ”
走过 胡同口 ， 垃圾堆 ， 忽 闻 微弱 哭声 。
小 豆子 转身 过去 一 瞧 ， 是 个 布 包 。
打开 布 包 ， 咦 ？
是 个 娃娃 。
全身 红 红 的 ， 还 带 血 。
头发 还是 湿 的 。
肚子 上 绑 了 块 破 布 。
关 师父 等 也 过来 了 ： “ 哦 ， 是 野 孩子 ， 别 管闲事 了 。 ”
他 把 布 包 放 回 原 地 ： “ 走 哇 ！ ”
“ 师父 —— ” 小 豆子 忍不住 泪花 乱 转 ， “ 我们 把 她 留下 来 吧 ？
是 个 女 的 。 ”
“ 去 你 妈 的 ， 要 个 女 的 干 嘛 ？ ”
关 师父 强调 ， “ 现在 搭班子 根本 没有 女 的 唱 。
咱们 是 泥菩萨 过 江 ， 自身 难保 ！ ”
小 豆子 不 敢 再 提 ， 但 抽搐 着 ， 呜咽 得 师父 也 难受 起来 ， 粗 声 劝慰 ： “ 你们 有 吃 有 穿 ， 还 有 机会 唱戏 成 角儿 ， 可 比 其他 孩子 强 多 了 。 ”