我 没 想到 小 蓝 会 松手 ， 我 本来 以为 他 拼死 都 要 拦 着 我 ， 但 他 却 松 了 手 ， 在 我 最 没有 防备 的 时候 。
其实 也 不 能 这么 说 ， 说 么 说 容易 造成 歧义 ， 我 只是 还 没 准备 好 ， 但 他 似乎 总是 快 我 一 步 。
没 准备 好 的 结果 就 是 劲头 使 得 太 大 ， 在 神志 清醒 的 状态 下 也 无法 将 力 道 重新 控制 ， 以至于 他 一 放手 ， 我 就 沿着 柳 萋 萋 跌倒 的 路线 直 直 栽 下去 。
只 听 他 在 后面 喊 了 声 阿 拂 ， 我 已经 身 轻 如 燕 地 飙 出山 崖 快速 坠落 。
我 想起 师父 生前 同 我 和 君 玮 讲学 ， 说 起 十 公斤 的 铁 球 和 一 公斤 的 铁 球 放在 同等 高度 使 其 坠落 ， 结果 两 球 同时 触 地 。
我 看 着 随之 跳 下 来 的 小 蓝 ， 觉得 简直 令 人 惆怅 ， 根据 铁 球 定律 ， 他 这样 怎么 可能 赶上 我 从而 拉 住 我 呢 ？
他 为什么 就 不 能 在 崖 边 助跑 一下 得到 一个 加速度 呢 ？
其实 ， 若 体内 鲛 珠 没有 摔 碎 ， 我 就 不 会 死 ， 或者 说 再 死 也 死 不 到 哪里 去 ， 所以 从 崖 上 坠 下 才 无 半点 惶恐 。
而 小 蓝 这样 凡 身 肉 胎 ， 能 有 此 种 胆 色 跳 下 万 丈 高 崖 ， 真 是 有 精神 分裂 的 人 才 能 做出 ， 这 不 是 自 寻 死路 么 ？
想到 此处 ， 放 鲛 珠 的 地方 突然 动 了 两 动 ， 一时 间 陡然 惶恐 。
我 张嘴 想 喊 个 什么 ， 嗓子 却 像 被 狠狠 卡住 ， 半点 声音 也 不能 出 。
眼前 只 有 一 片 茫茫 白色 ， 那 白色 漫 进 我 的 眼睛 ， 漫 进 我 的 心胸 。
身体 就 在 此时 被 稳 稳 托 住 。
软 剑 划 过 冰块 ， 发出 一阵 刺耳 嘶 鸣 ， 小 蓝 右手 握住 插 在 冰 壁 上 的 剑 柄 ， 左手 紧紧 抱 住 我 ， 侧 脸 抵住 我 的 额头 。
我们 吊 在 半空 中 半 天 没 动 ， 半晌 ， 他 的 声音 从 头 上 慢悠悠 传来 ： “ 君 姑娘 好 胆 色 ， 命 悬 一线 之 时 ， 还 能 镇定 如 斯 ， 寻常 姑娘 们 这时候 不 都 吓 得 浑身 发抖 么 ？ ”
我 说 ： “ 我 也 发抖 ， 只是 默默 地 在 内心 发 着 抖 。 ”
为了 增加 可信度 ， 还 用 双手 搂 住 他 的 脖子 。
这 真 是 一个 高 难度 动作 ， 我 听到 软 剑 刺 啦 一 声 ， 小 蓝 蹬 住 冰 壁 借 力 ， 抱 着 我 鹞子 一般 往 上 一 腾 ， 其间 有 三 次 在 冰 壁 上 借 力 ， 风声 在 我 耳边 吹 过 ， 他 的 衣袖 像 晴好 时 天边 浮云 。
还 没 反应 过来 我们 已 重返 地面 ， 我 被 他 几 腾 几 挪 的 晃 得 头晕 ， 蹲 在 悬崖 边上 揉 脑袋 ， 他 却 像 个 没事儿 人 ， 伸手 将 我 拉 得 离 悬崖 边远 些 ， 不知 想 到 什么 ， 抚 额 道 ： “ 你 也 知道 这 是 个 幻境 ， 在 幻境 中 误杀 一个 幻影 ， 却 打算 一 命 抵 一 命 地 把 自己 赔 进去 ， 不 知道 该 说 你 傻 还是 实 诚 。 ”
我 想 这 真是 天 大 的 误会 ， 但 也 不好 解释 ， 因 鲛 珠 续 命 之 事 着实 不足 为 外人 道 ， 既然如此 ， 不如 就 让 这个 美好 的 误会 继续 美好 下去 。
我 仍然 蹲 着 揉 脑袋 。
他 也 蹲 下 来 ： “ 怎么 了 ? ”
我 实在 不好意思 说 自己 被 晃 了 几 下 就 头 犯 晕 ， 只好 道 ： “ 没什么 ， 就是 被 这么 一 吓 ， 肚子 有点 饿 了 。 ”
他 说 ： “ 还有 烙饼 ？
那 吃 点儿 烙饼 吧 。 ”
我 突然 想起 一 件 重要 事情 ， 忙 拉 住 他 ： “ 你 是 怎么 打破 铁 球 定律 追 到 我 的 啊 ？ ”
他 抬头 ： “ 那 是 什么 ？ ”
我 说 ： “ 这个 事 说来话长 ， 其实 就是 … … ”
他 打断 我 ： “ 先 吃 饼 吧 ， 吃 完 再说 。 ”
于是 我们 开始 吃 饼 。
但 吃 完 后 已 不 记得 刚才 要 说 什么 。
我们 在 山 中 逗留 两日 ， 因 小 蓝 觉得 时机 难得 ， 平时 很 少 来 黎 姜 两 国 边境 溜 达 ， 既然 来 了 ， 至少 要 熟悉 熟悉 周边 地形 ， 才 显得 不虚此行 。
这 是 军事家 的 思维 。
如果 此次 是 君玮 陪同 ， 就 会 要求 我们 立刻 出山 找 个 客栈 宅 两 天 ， 方便 他 进行 文学 创作 。
这 是 小说家 的 思维 。
我 跟 着 小 蓝 勘探 地形 ， 那些 复杂 地段 无论 走 多少 遍 都 头晕 ， 他 却 能 毫不 含 糊 地 立 刻画 出 地形图 。
我 看 着 他 ， 觉得 世界 上 没 什么 东西 是 他 不 会 的 。
但 只 维持 半 刻 就 推翻 这个 想法 ， 我 突然 想起 他 不 会 生 娃 。
两日 后 ， 晴好 天色 再度 落 雨 ， 卡 着 七年 前 这 一 夜 沈 岸 醒来 的 时辰 ， 我 和 小 蓝 撑 着 伞 一路 慢悠悠 晃 到 医 馆 。
此行 只 为 看看 沈 岸 醒 来 时 见 着 宋 凝 会 有 什么 反应 。
我 其实 心中 惶惶 ， 不知 用 职业 操守 同 自己 打 的 这个 赌 ， 到底 会 输 还 是 会 赢 。
他们 的 缘分 隔 着 国 仇家 恨 ， 我 不知 沈 岸 是否 同 我 一样 ， 国 仇 和 私情 公私 分明 。
夜阑人静 ， 我 轻手轻脚 凑 到 医 馆 雕 花 的 木 窗外 ， 点 开 细 薄 窗纸 ， 观察 室内 景致 。
小蓝 一 把 将 我 拉开 ， 拖 到 僻静 处 ： “ 你 这 是 偷窥 吧 ？ ”
我 挣开 他 的 手 ： “ 哪里 就 是 偷窥 了 ， 你 不要 把 我 说 得 这么 龌龊 ， 只是 偷偷 地 窥 一 窥 么 。 ”
小蓝 操 手 看 着 我 。
我 摸 了 摸 鼻子 ： “ 你 要 不 要 也 来 偷偷 地 窥 一 窥 ， 独 窥 窥 不如 众 窥 窥 ， 一起 窥 吧 ？ ”
小 蓝 无力 揉 了 揉 额角 ： “ 你 一个 人 窥 吧 ， 小心 点 ， 屋里 两 个 的 身手 都 是 首屈一指 的 ， 惊动 了 他们 你 就 倒霉 了 。 ”