烛 火 亮 了 些 ， 他 起身 放 了 银针 ， 我 才 看 清 这 人 是 在 笑 ， 我 手脚 都 不 知道 该 往 哪里 放 ， 他 却 还 在 笑 ， 我 一边 恼火 地 瞪 着 他 一边 想 ， 这 就是 我 的 心上 人 ， 可 他 笑 起来 真 好看 。
等 他 笑 够 了 ， 却 抬 手 抚 上 我 眉梢 ， 还 当 做 什么 事 都 没有 发生 地 问 我 ： “ 皱 着 眉头 做 什么 ？
看见 我 不 开心 么 ？ ”
我 把 头 转向 一边 ： “ 可 你 笑话 我 。 ”
他 好笑 地 坐 回去 ， 微微 撑 着 头 ： “ 我 怎么 会 笑话 你 ， 这些 事情 若 是 你 样样 都 懂 ， 我 才 要 生气 。 ”
我 有 点 怀疑 ： “ 真 的 ？
那 你 今天 来 是 来 教 我 的 么 ？ ”
他 摇头 笑笑 ： “ 长 这么 大 ， 我 还 是 头 一 回 听 教 人 幽会 这个 说法 。 ”
话 罢 执 起 桌上 的 茶壶 给 自己 倒 茶 ： “ 除了 这个 ， 我 记得 早上 你 要 同 我 认错 来着 ， 后来 被 打断 了 ， 怎么 ， 现在 想 起来 自己 错 在 哪儿 了 吗 ？ ”
我 起身 离开 凳子 ： “ 我 去 洗洗 睡 了 … …
， ’ 被 他 一 把 抓住 ： “ 还 没 想 起来 ？ ”
其实 蹴 鞠 刚 完 我 就 反应 过来 ， 那时 躲 到 君玮 身后 ， 立刻 从 面前 走过 未 有 丝毫 停顿 的 那 个人 定然 不是 慕 言 ， 他 不 可能 那么 快 ， 而且 他 和 尹 棠 一起 ， 怎么 也 该 是 两 个 人 的 脚步声 。
若 是 那样 ， 我 一 看到 他 就 躲 起来 一定 被 他 亲眼 目睹 ， 他 生气 的 一定 是 这 件 事 ， 但 要 怎么 解释 ？
怎么 解释 都 让 人 很 不好意思 … …
他 果然 道 ： “ 看见 我 为什么 要 躲 起来 ？ ”
因 正 站 在 他 椅子 跟前 ， 习惯性 地 垂 头 ， 一 垂 头 却 正好 碰上 他 微微 仰 起 的 漆黑 眼眸 ， 我 垂死挣扎 道 ： “ 才 没有 … …
， ” 他 左手 扣 着 椅子 扶手 轻轻 敲 了 两 下 ， 含笑道 ： “ 那 我 来 猜猜 看 。 ”
做出 沉思 的 样子 来 ， 眼睛 却 望 着 我 ： “ 是 因为 和 我 重逢 竟然 没有 戴 着 最 好看 的 首饰 ， 穿 着 最 好看 的 衣裳 ， 好 叫 我 眼前 一 亮 ？ ”
我 震惊 道 ： “ 你 怎么 … … ”
话 到 一半 反应 过来 就 这么 承认 太 丢脸 了 ， 赶紧 道 ， “ 才 没有 ！ ”
他 眼睛 里 却 仿 似 落 下 万 千 的 星光 ， 良久 ， 将 我 拉 进 怀里 ： “ 没有 打扮 得 漂漂亮亮 也 不要紧 ， 还有 很多 时间 ， 你 可以 慢慢 打扮 给 我 看 。 ”
我 趴 在 他 肩膀 上 ， 抽 了 抽 鼻子 摇头 ： “ 你 没有 见 过 我 最 好看 的 模样 ， 我 十七 岁 那 时候 ， 脸上 没有 这 道 疤 ， 连 父亲 都 说 我 是 他 最 好看 的 一个 女儿 ， 你 要 是 那 时候 见到 我 多 好 ， 你 要是 … … ”
可 再 也 不 可能 了 。
这些 事情 总是 让 人 一 想 起来 就 伤心 ， 我 抹 着 眼角 紧紧 搂 住 他 脖子 ， 说 出 一 见面 就 想 说 给 他 听 的 话 ： “ 我 很 想 你 。 ”
他 没有 说话 ， 却 更 紧 地 抱 住 我 ， 呼吸 就 在 耳 畔 ， 这 是 我 盼望 了 多久 的 时刻 。
抬 眼 看 到 昏黄 的 烛 火 ， 就 像 茫茫 孤 夜里 摇曳 的 唯一一点 希望 ， 墙壁 上 投 下 融为一体 的 两 个 影子 ， 仿 若 时光 在 这 一刻 停止 ， 再 也 不 会 有 离别 和 悲伤 。
—— * —— * —— * —— 后半夜 山 中 下 了 场 大雨 ， 早上 起来 空气 格外 清新 ， 慕言 特地 过来 陪 我 用 早饭 ， 顺便 带 了 只 烧鸡 给 小黄 ， 小 黄 高兴 得 直 摇 尾巴 ， 对 这个 新 爹爹 的 喜爱 之 情 溢于言表 ， 看来 短期 内 是 不 会 出现 什么 亲 子 问题 。
拾掇 完毕 ， 两 人 刚 出 院 门 ， 看 到 黄 衣 小姑娘 尹 棠 两 腿 生 风 急 步 而 来 ， 跑 到 我们 跟前 扶 着 腰 喘 了 两 口 气 ， 弯 起 眼 晴天 真 地 看 着 慕言 ： “ 慕 哥哥 ， 今天 你 陪 小棠 赏 会儿 花 可 好 ？
孤 竹山 山路 崎岖 ， 小棠 一个 人 出去 ， 找 不 着 回来 的 路 可 怎么 办 呢 。 ”
我 奇 道 ： “ 怎 可能 找 不 着 回来 的 路 ， 为 赏 佛桑 花公仪 斐 特地 修 了 条 青石 小径 ， 你 沿着 那 条 路 走 到 尽头 再 返回 来 就 可以 了 。 ”
尹棠 咬 了 咬 嘴唇 ， 看上去 还 想 说 什么 却 一时 无话可说 。
我 一边 推 着 慕言 让 他 该 干 什么 干 什么 去 一边 亲切 地 自告奋勇 ： “ 你 慕 哥哥 他 早上 有 正事 的 ， 你 君 姐姐 我 正 好 没 事 ， 要是 尹 姑娘 不 嫌弃 ， 就 由 君 姐姐 来 带 你 赏 花 吧 ~ ”
眼看 着 慕言 点 个头 就要 离开 ， 尹 棠 着急 地 瞪 我 一 眼 ： “ 那 我 嫌弃 你 行 不行 ， 那 我 不 想 走 那 条 路 行 不 行 ？ ”
说话 间 慕言 已 被 我 推出 老远 ， 慢悠悠 打量 我 一 遍 ， 不置可否 笑笑 顺势 走 了 。
我 转 过 身 来 认真 地 看 着 尹 棠 ， 点头 道 ： “ 可以 啊 ， 反正 我 就 是 随便 说 。 ”
话 罢 也 准备 抬 脚 开 溜 。
尹棠 踌躇 一下 狠狠 跺脚 ： “ 你 ， 你 回来 ！ ”
我 脚步 没 停 挥 了 挥手 ： “ 你 跟 上来 。 ”
我 的确 是 想 散 个 步 ， 我 也 的确 不 喜欢 这 个 叫 尹 棠 的 小姑娘 ， 她 成天 用 异样 目光 注视 慕 言 ， 我 没 揍 她 一 顿 就 已经 很 可以 了 ， 此时 此刻 还 能 保持 涵养 ， 因为 不 晓得 真 揍 上去 是 不 是 打 得 赢 。
此时 是 个 好 时机 ， 我 准备 还 是 采取 文明 人 的 做 ．
边 赏 赏 花 边 和 她 讲 道理 。