 主 心火 旺 ， 火克金 ， 遇 金必刚 ， 遇 水则兴 …
…
” 颖园 拿 出 一 块 点心 送 到 白 周 氏 前 ： “ 妈 ， 您 尝 一 口 。
” 白周 氏 不耐烦 地 ： “ 哎呀 —— 不 吃 不 吃 ！
” 颖园 为 难 地 举 着 点心 僵 在 了 那里 。
木 木 地 听到 吴 瞎子 还 在 说 “ …
…
要 火 克 水 浇 ， 逢 煞 星 才 能够 发达 …
…
” 这时 三 爷 白 颖宇 掀 帘 走 了 进来 ： “ 妈 ！
我 回来 了 ！
大哥 。
” 颖宇 手中 也 提 了 一 盘 点心 走 到 桌前 。
吴 瞎子 欠身 招呼 ： “ 三 爷 。
” 白 周 氏 ： “ 你 从 安国 回来 ？
” “ 是 。
” 颖宇 顺手 拉 过 方凳 坐 到 白周 氏 身旁 ， 将 点心 盒 放到 桌上 ， 顺眼 看到 了 大爷 的 那 盒 点心 ， 便 不 客气 地 推 到 一旁 ， 打开 了 自己 的 点心 盒 。
白 周 氏 ： “ 快 听听 ， 老二 生 的 那 小子 命 不错 。
” 颖宇 故意 拿 起 一 块 点心 尝 了 一 口 ： “ 嗯 ？
什么 味儿 ， 加 桂花 了 ？
有 这么 做 点 心 的 么 ？
妈 ， 您 尝尝 。
” 白周 氏 接过 点心 咬 了 一 口 ： “ 傻 小子 ， 哪 是 桂花 ， 这 馅 里加 了 蜂蜜 ， 你 就 不 懂 了 ， 这 是 按 宫里 的 做法 做 的 。
” 颖宇 恭维 着 ： “ 自然 老太太 见 的 多 ， 这 是 兰馨斋 的 点心 ， 花样 忒 多 ， 您 尝尝 这 块 ， 我 是 不 懂 。
” 颖园 在 一旁 看 了 个 干瞪眼 ， 从 自己 盒 中 也 拿 出 了 一 块 。
白 周 氏 又 吃 了 一 口 ： “ 这 是 鸡 油 做 的 ， 拌 的 是 砂糖 …
…
” 颖园 忍不住 地 递 上 自己 带来 的 点心 ： “ 妈 ， 您 尝尝 我 这 块 …
…
” 白 周 氏 突然 脸 一 变 ： “ 不 吃 不 吃 ！
我 最 不 爱 吃 点 心 ， 拿走 ！
” 颖宇 幸灾乐祸 地 望 着 ， 颖园 一 转身 气哼哼 地 拿 起 点心 盒子 向 门外 走 去 。
白 周 氏 ： “ 吴 先生 你 接着 说 。
” 颖宇 插话 道 ： “ 我 听说 那 孩子 生 下来 不 哭 光 笑 ， 这 可 奇 了 ， 恐怕 不 是 好 兆头 。
” 白 周 氏 ： “ 难道 还 是 什么 不祥之兆 么 ？
” 吴 瞎子 ： “ 不 能 这么 说 ， 此 乃 一生 衣食 无 亏 ， 逢凶化吉 之 兆 。
” 白 周 氏 ： “ 老 三 ， 听见 了 吗 ？
吉兆 ！
” 颖宇 ： “ 是 是 ， 吉兆 。
” 颖园 抱 着 点心 盘子 站 在 院里 发愣 时 ， 一 听差 走 来 ： “ 大爷 ， 柜 上 请 您 过去 一 趟 。
” “ 嗯 ！
” 颖园 顺手 将 点心 盘子 塞 到 听差 手中 。
“ 听 差 一 愣 ： ” 这 …
…
给 谁 呀 ？
“ 颖园 一 瞪眼 气 呼吁 地 ： “ 扔 喽 ！
倒 喽 ！
喂 狗 去 ！
” 转身 走 了 出去 。
听差 一时 不知所措 ， 惶恐 地 ： “ 是 是 ， 喂 狗 ， 喂 狗 ！
” 詹 王府 门口 。
詹 王爷 下 了 马车 ， 向 门口 走 去 ， 总 管 车 老 四 忙 下 阶 迎接 。
詹三 爷 看 了 看 门前 停放 另 一 辆 马车 ： “ 白家 大爷 来 了 ？
” 车 老 四： “ 大 书 进 宫 了 ， 是 二 爷 来 了 。
” 詹 、 车二人 说 着 话 ， 一 前 一 后 走 进 门 去 。
狗宝 抱 着 鞭 杆儿 坐 在 车上 望 着 王府 大门 。
大 格格 房 外 厅 。
颖轩 开 好 方子 ， 放下 笔 ， 听见 帘子 响 ， 回头 见 是 詹 王爷 大 步 走 进 ， 四 个 丫头 跟进 一 顺 边 侍 立 ， 便 也 忙 站 起来 。
詹 王爷 ： “ 您 就 是 白 二 爷 么 ？
” 颖轩 忙 上 前 两 步 请安 ： “ 不 敢 ， 颖轩 ， 王爷 吉祥 。
” 詹 王爷 上前 扶 了 一下 ： “ 坐坐 。
” 二 人 刚 落座 ， 詹 王爷 便 问道 ： “ 我们 老 福晋 的 病 ？
” 颖轩 ： “ 王爷 放心 ， 不过 偶 感 风寒 ， 吃 了 药 发 发汗 就 好 了 。
” 詹 王爷 ： “ 每次 都 是 大爷 来 …
…
今天 头 一 次 见 您 ， 瞧 您 用 药 ， 果然 医道 精明 ， 老 四 …
…
” 说 着 转身 命 车 老 四 去 取 谢仪 ， “ 二 爷 初次 来 ， 要 给 双 份儿 。
” 车 总管 应声 离去 。
颖轩 忙 起身 ： “ 不 敢 不 敢 ， 吃 了 药 见好 才 算 数 。
” 詹 王爷 ： “ 大 格格 的 情形 ， 您 看 …
…
” 颖轩 ： “ 提 起 大 格格 的 病 ， 我 这儿 得 给 您 道喜 了 。
” 詹 王爷 ： “ 噢 ？
这 话 从 何 说 起 ？
” 颖轩 ： “ 大 格格 是 喜 脉 。
” “ 喜 脉 ？
” 詹 王爷 惊讶 地 望 着 额 轩 。
“ 不错 ， 恭喜 王爷 要 抱 孙子 了 。
” 颖轩 没有 注意 詹 王爷 表情 已 起 变化 ， 仍 微笑 着 。
不料 詹 王爷 慢慢 站 起 ， 审视 地 望 着 颖轩 ， 颖轩 有些 不知所措 。
良久 ， 詹 王爷 突然 “ 哼 ” 了 一 声 拂袖而去 。
颖轩 不解 地 望 着 ， 只见 詹 王爷 出 屋后 ， 仆人 丫头 们 也 相继 跟 出 了 屋 。
颖轩 莫名其妙 地 望 着 ， 感觉 不 对 也 忙 着 向 外 走 。
颖轩 走 到 门口 ， 忽 见 四 个 丫头 进 门 将 果 碟 尽 皆 撤 去 ， 又 鱼 贯 而 出 。
颖轩 大 惊 ， 忙 走 到 屋 外 ， 见 院内 已 空无一人 ， 更 感 惊慌 地 望 着 四周 。
白 宅 三 房 院 北 屋 。
颖宇 和 白 方 氏 正在 收拾 行李 。
颖宇 坏 笑 着 道 ： “ …
…
你 还 不 知道 老太太 那 脾气 ， 越 叫 她 吃 她 越 不 吃 ， 得 哄 她 才 行 ， 结果 把 大哥 气 得 说 ‘ 扔 喽 ， 喂 狗 去 ’ 。
