少平 一下子 连 话 也 说 不 出来 了 。
倒是 润 叶 姐 走 上 前来 ， 仍然 笑 着 说 ： “ 我 让 润生 叫 你 到 我 二 爸 家 去 ， 你 怎么 不 来 呢 ？
” “ 我 …
…
” 他 不知 说 什么 才 对 。
润叶 姐 敏捷 地 一 把 从 他 手里 夺 过 那 两 个 黑 馍 ， 问 ： “ 哪个 是 你 的 碗 ？
” 他 指 了 指 自己 的 碗 。
她 把 馍 放 在 他 碗 里 ， 说 ： “ 走 ， 跟 我 吃饭 去 ！
” “ 我 …
…
” 润叶 已经 过来 ， 扯 着 他 的 袖口 拉 他 了 。
现在 没 办法 拒绝 了 ， 少平 只好 跟着 润 叶 姐 起身 了 。
他 一路 相 跟着 和 润 叶 姐 进 了 县 革委会 的 大门 。
进 了 大门 后 ， 他 两 只 眼睛 紧张 地 扫视 着 这个 神圣 的 地方 。
县 革委会 一 层层 窑洞 沿着 一个个 斜坡 一行 行 排 上 去 ， 最 上面 蹲 着 一 座 大礼堂 ， 给 人 一 种 非常 壮观 的 景象 。
在 晚上 ， 要 是 所有 的 窑洞 都 亮 起 灯火 ， 简直 就 象 一 座 宏伟 的 大厦 。
现在 ， 少平 看见 最 上面 一 排 窑洞 的 砖墙 边上 ， 润 生 探 出 半截 身子 正 看 着 他们 往 上 走 。
润 生 抽 着 纸烟 ， 不 老练 地 弹 着 烟灰 。
田福堂 的 这个 宝贝 儿子 刚 一 进城 ， 就 把 干部 子弟 的 派 势 都 学会 了 。
少平 跟 润 叶 进 了 她 二 爸 家 的 院子 ， 润生 走 过来 对 他 说 ： “ 我 到 宿舍 找 了 你 两 回 ， 你 到 哪里 去 了 ？
” 少平 有点 不好意思 ， 说 ： “ 我 …
…
去 给 学校 还 镢头 去 了 。
” 他 一边 撒谎 ， 一边 瞥 了 一 眼 这 家 著名 人物 的 院子 ： 一共 四 孔 窑洞 ， 一个 不 大 的 独院 ； 墙 那边 看来 还 住 着 另外 几 家 领导 ， 格局 和 这 院子 一模一样 。
院子 东边 有 个 小 房 ， 旁边 垒 一 堆 炭 块 ， 显然 是 厨房 。
院子 西边 有 个 小 坛 ， 一 位 穿 灰 毛线 衣 的 人 正 拿 把 铁锨 翻 土 。
他 以为 这 就是 润 叶 她 二 爸 。
仔细 一 看 ， 是 位 头发 花白 的 老 干部 ， 他 并 没 见 过 。
他 心慌意乱 地 跟 润 叶 进 了 边上 的 一 孔 窑洞 。
润生 说 他 要 去 看 电影 ， 和 他 打 了 个 照面 就 走 了 。
润叶 让 他 坐 在 一个 方桌 前 ， 接着 就 出 去 为 他 张罗 饭 去 了 。
现在 他 一个 人 坐 在 这 陌生 的 地方 ， 心 还 在 咚咚 地 跳 着 。
两 只 手 似乎 没 个 搁 处 ， 只好 规 规矩 矩 放 在 自己 的 腿 膝盖 上 。
还 好 ， 这 屋子 里 没 人 。
他 环顾 四周 ， 发现 这 窑洞 里 不 盘 炕 ， 放 着 一些 箱子 、 柜子 和 其它 杂物 。
窑洞 不 小 ， 留 出 很 大 一 块 空间 。
这 张 方桌 的 四周 摆 着 一 圈 椅子 、 凳子 ， 显然 是 专门 吃饭 的 地方 。
正 在 这时 ， 他 听见 外面 有 个 女 的 和 润 叶 说话 。
听见 润 叶 叫 这 人 二 妈 ， 少平 便 知道 这 是 田 主任 的 爱人 —— 听说 她 在 县 医院 当 大夫 ， 动手术 非常 能 行 ， 老百姓 到 县 医院 治病 ， 都 抢 着 找 徐 大夫 。
听见 徐 大夫 声音 很 大 地 喊 着 说 ： “ 爸 ， 你 怎 不 穿 棉衣 ？
小心 感冒 ！
” 又 听见 一个 老人 瓮 声 瓮 气 地 回答 说 ： “ 我 不 冷 …
…
” 少平 估计 这 就是 他 刚才 在 院子 花坛 边 看见 的 那个 翻 土 的 老头 —— 原来 这 是 田 主任 的 老丈人 。
不一会 ， 润 叶 便 端 着 一个 大红 油漆 盘子 进来 了 。
他 赶忙 站 起来 。
润叶 把 盘子 放在 方桌 上 ， 然后 把 一 大 碗 猪肉 烩 粉条 放 在 他 面前 ， 接着 又 把 一 盘 雪白 的 馒头 也 放 在 了 桌子 上 。
她 亲切 地 用 手 碰 了 碰 他 的 胳膊 ， 说 ： “ 快 坐下 吃 ！
我们 已经 吃 过 了 ， 你 吃 你 的 ， 我 出去 刷 一下 碗筷 。
不要 怕 ， 好好 吃 ， 我 知道 你 在 学校 吃 不好 …
…
” 她 拿 着 木 盘 出去 了 。
孙少平 的 喉 眼 骨 剧烈 地 耸 动 起来 。
肉 菜 和 白 馍 的 香味 使 他 有 些 眩晕 。
他 坐 下来 ， 拿 起 筷子 ， 先 长长 地 吐 了 一 口 气 。
他 什么 也 不 想 了 ， 闷 着 头 大 口 大 口 地 吃 起来 ， 感谢 润 叶 姐 把 他 一个 人 留 在 这里 ， 否则 他 吃 这 顿 好 饭 会 有 多 别扭 ！
他 把 一 大 碗 猪肉 粉条 刨 了 个 净 光 ， 而且 还 吞咽 了 五 个 馒头 。
他 本来 还 可以 吃 两 个 馒头 ， 但 克制 住 了 —— 这 已经 吃 得 不 象话 了 ！
他 放下 碗筷 ， 感到 肚子 隐隐 地 有些 不 舒服 。
他 吃 得 太 多 太 快 了 ； 他 那 消化 高粱面 馍 的 胃口 ， 经不住 这种 意外 的 宠爱 。
他 从 凳子 上 立 起 身 来 ， 在 脚 地 上 走 了 两 步 。
这时 ， 润 叶 姐 进来 了 ， 她 后边 还 跟 进来 一个 姑娘 ， 对 他 笑 了 笑 。
润 叶 姐 对 他 说 ： “ 这 是 晓霞 ， 我 二 爸 的 女子 。
你 不 认识 ？
她 也 是 才 上 高中 的 。
” “ 你 和 润生 是 一个 班 的 吧 ？
” 田晓霞 大方 地 问 他 。
“ 嗯 …
…
” 少平 一下子 感到 脸 象 炭火 一般 发 烫 。
他 首先 意识 到 的 是 他 的 一 身 烂 脏 衣服 。
他 站 在 这个 又 洋 又 俊 、 穿戴 漂亮 的 女 同学 面前 ， 觉得 自己 就 象 一个 叫化子 到 她家 门 上 讨 吃 来 了 。
润 叶 收拾 他 的 碗筷 ， 晓霞 热情 地 给 地 泡茶 。
