 呆子 说 ： “ 那 我 要 做 你 的 徒弟 ？
” 名手 只好 请 呆子 开路 ， 事 后 对 自己 的 儿子 说 ： “ 你 这 同学 倨 傲 不 逊 ， 棋 品 连着 人品 ， 照 这样 下去 ， 棋 品 必 劣 。
” 又 举 了 一些 最新 指示 ， 说 若 能 好好 学习 ， 棋锋 必 健 。
后来 呆子 认识 了 一个 捡 烂 纸 的 老头儿 ， 被 老头儿 连 杀 三 天 而 仅 赢 一 盘 。
呆子 就 执意 要 替 老头儿 去 撕 大字 报纸 ， 不要 老头儿 劳动 。
不料 有 一 天 撕 了 某 造反 团 刚 贴 的 “ 檄文 ” ， 被 人 拿 获 ， 又 被 这 造反 团 栽 诬 于 对立 派 ， 说 对方 “ 施 阴谋 ， 弄 诡计 ” ， 必 讨 之 ， 而且 是 可 忍 ， 孰 不可 忍 ！
对立 派 又 阴 使 人 偷 出 呆子 ， 用 了 呆子 的 名义 ， 对 先前 的 造反 团 反 戈 一 击 。
一时 呆子 的 大名 “ 王 一生 ” 贴 得 满 街 都 是 ， 许多 外省 来 取经 的 革命 战士 许久 才 明白 王 一生 原来 是 个 棋 呆子 ， 就 有 人 请 了 去 外省 会 一些 江湖 名 手 。
交手 之后 ， 各 有 胜负 ， 不过 呆子 的 棋 据说 是 越 下 越 精 了 。
只 可惜 全国 忙于 革命 ， 否则 呆子 不知 会 有 什么 造就 。
这时 我 旁边 的 人 也 明白 对手 是 王 一生 ， 连 说 不 下 了 。
王 一生 便 很 沮丧 。
我 说 ： “ 你 妹妹 来 送 你 ， 你 也 不 知道 和 家里人 说 说话 儿 ， 倒 拉 着 我 下棋 ！
” 王 一生 看 着 我 说 ： “ 你 哪儿 知道 我们 这些 人 是 怎么 回 事儿 ？
你们 这些 人 好 日子 过 惯 了 ， 世上 不 明白 的 事儿 多 着呢 ！
你家 父母 大约 是 舍不得 你 走 了 ？
” 我 怔 了 怔 ， 看 着 手 说 ： “ 哪儿 来 父母 ， 都 死 球 了 。
” 我 的 同学 就 添油加醋 地 叙 了 我 一番 ， 我 有些 不耐烦 ， 说 ： “ 我家 死 人 ， 你 倒 有 了 故事 了 。
” 王 一生 想 了 想 ， 对 我 说 ： “ 那 你 这 两 年 靠 什么 活 着 ？
” 我 说 ： “ 混 一 天 算 一 天 。
” 王 一生 就 看 定 了 我 问 ： “ 怎么 混 ？
” 我 不 答 。
呆 了 一会儿 ， 王 一生 叹 一 声 ， 说 ： “ 混 可 不易 。
一 天 不 吃饭 ， 棋路 都 乱 。
不管 怎么 说 ， 你 父母 在 时 ， 你家 日子 还 好 过 。
” 我 不 服气 ， 说 ： “ 你 父母 在 ， 当然 要 说 风凉话 。
” 我 的 同学 见 话不投机 ， 就 岔开 说 ： “ 呆子 ， 这里 没有 你 的 对手 ， 走 ， 和 我们 打牌 去 吧 。
” 呆子 笑 一 笑 ， 说 ： “ 牌 算 什么 ， 瞌睡 着 也 能 赢 你们 。
” 我 旁边 儿 的 人 说 ： “ 据说 你 下棋 可以 不 吃饭 ？
” 我 说 ： “ 人 一 迷 上 什么 ， 吃饭 倒 是 不 重要 的 事 。
大约 能 干 出 什么 事儿 的 人 ， 总 免不了 有 这种 傻事 。
” 王 一生 想 一 想 ， 又 摇摇 头 ， 说 ： “ 我 可 不 是 这样 。
” 说 完 就 去 看 窗外 。
一路 下去 ， 慢慢 我 发觉 我 和 王 一生 之间 ， 既 开始 有 互相 的 信任 和 基于 经验 的 同情 ， 又 有 各自 的 疑问 。
他 总是 问 我 与 他 认识 之前 是 怎么 生活 的 ， 尤其 是 父母 死 后 的 两 年 是 怎么 混 的 。
我 大略 地 告诉 他 ， 可 他 又 特别 在 一些 细节 上 详细 地 打听 ， 主要 是 关于 吃 。
例如 讲 到 有 一 次 我 一 天 没有 吃 到 东西 ， 他 就 问 ： “ 一点儿 都 没 吃 到 吗 ？
” 我 说 ： “ 一点儿 也 没有 。
” 他 又 问 ： “ 那 你 后来 吃 到 东西 是 在 什么 时候 ？
” 我 说 ： “ 后来 碰到 一个 同学 ， 他 要 用 书 包装 很多 东西 ， 就 把 书包 翻 倒 过来 腾 干净 ， 里面 有 一个 干 馒头 ， 掉 在 地上 就 碎 了 。
我 一边 儿 和 他 说 话 ， 一边 儿 就 把 这些 碎 馒头 吃 下去 。
不过 ， 说 老 实话 ， 干 烧饼 比 干 馒头 解饱 得 多 ， 而且 顶 时候 儿 。
” 他 同意 我 关于 干 烧饼 的 见解 ， 可 马上 又 问 ： “ 我 是 说 ， 你 吃 到 这个 干 馒头 的 时候 是 几 点 ？
过 了 当天 夜里 十二点 吗 ？
” 我 说 ： “ 噢 ， 不 。
是 晚 上十 点 吧 。
” 他 又 问 ： “ 那 第二 天 你 吃 了 什么 ？
” 我 有 点儿 不耐烦 。
讲 老 实话 ， 我 不 太 愿意 复述 这些 事情 ， 尤其 是 细节 。
我 觉得 这些 事情 总 在 腐蚀 我 ， 它们 与 我 以前 对 生活 的 认识 太 不 合辙 ， 总 好像 是 在 嘲笑 我 的 理想 。
我 说 ： “ 当天 晚上 我 睡 在 那个 同学 家 。
第二 天 早上 ， 同学 买 了 两 个 油饼 ， 我 吃 了 一个 。
上午 我 随 他 去 跑 一些 事 ， 中午 他 请 我 在 街上 吃 。
晚上 嘛 ， 我 不好意思 再 在 他 那儿 吃 ， 可 另 一个 同学 来 了 ， 知道 我 没什么 着落 ， 硬 拉 了 我 去 他家 ， 当然 吃 得 还 可以 。
怎么样 ？
还有 什么 不 清楚 ？
” 他 笑 了 ， 说 ： “ 你 才 不 是 你 刚才 说 的 什么 ‘ 一 天 没 吃 东西 ’ 。
你 十二点 以前 吃 了 一个 馒头 ， 没有 超过 二十四 小时 。
更 何况 第二 天 你 的 伙食 水平 不 低 ， 平均 下来 ， 你 两 天 的 热量 还是 可以 的 。
” 我 说 ： “ 你 恐怕 还是 有 些 呆 ！
要 知道 ， 人 吃饭 ， 不但 是 肚子 的 需要 ， 而且 是 一 种 精神 需要 。
不 知道 下 一 顿 在 什么 地方 ， 人 就 特别 想 到 吃 ， 而且 ， 饿 得 快 。
” 他 说 ： “ 你家 道 尚 好 的 时候 ， 有 这种 精神 压力 吗 ？
