
有 ， 也 只不过 是 想 好 上 再 好 ， 那 是 馋 。
馋 是 你们 这些 人 的 特点 。
” 我 承认 他 说 得 有些 道理 ， 禁不住 问 他 ： “ 你 总 在 说 你们 、 你们 ， 可 你 是 什么 人 ？
” 他 迅速 看 着 其他 地方 ， 只是 不 看 我 ， 说 ： “ 我 当然 不 同 了 。
我 主要 是 对 吃 要求 得 比较 实在 。
唉 ， 不 说 这些 了 ， 你 真 的 不 喜欢 下棋 ？
何以 解忧 ？
唯有 象棋 。
” 我 瞧 着 他 说 ： “ 你 有 什么 忧 ？
” 他 仍然 不 看 我 ， “ 没有 什么 忧 ， 没有 。
‘ 忧 ’ 这 玩意 儿 ， 是 他 妈 文人 的 佐料 儿 。
我们 这种 人 ， 没有 什么 忧 ， 顶多 有些 不 痛快 。
何以 解 不 痛快 ？
唯有 象棋 。
” 我 看 他 对 吃 很 感 兴趣 ， 就 注意 他 吃 的 时候 。
列车 上 给 我们 这 几 节 知青 车厢 送 饭 时 ， 他 若 心思 不 在 下棋 上 ， 就 稍稍 有些 不安 。
听 见 前面 大家 拿 吃 时 铝 盒 的 碰撞 声 ， 他 常常 闭 上 眼 ， 嘴巴 紧紧 收 着 ， 倒 好像 有 些 恶心 。
拿到 饭后 ， 马上 就 开始 吃 ， 吃 得 很 快 ， 喉 节 一 缩 一 缩 的 ， 脸上 绷 满 了 筋 。
常常 突然 停 下来 ， 很 小心 地 将 嘴边 或 下巴 上 的 饭粒 儿 和 汤 水 油 花儿 用 整个 儿 食指 抹 进 嘴里 。
若 饭粒 儿 落 在 衣服 上 ， 就 马上 一 按 ， 拈 进 嘴里 。
若 一个 没 按住 ， 饭粒 儿 由 衣服 上 掉 下 地 ， 他 也 立刻 双脚 不再 移动 ， 转 了 上身 找 。
这时候 他 若 碰上 我 的 目光 ， 就 放慢 速度 。
吃 完 以后 ， 他 把 两 只 筷子 吮 净 ， 拿 水 把 饭盒 冲 满 ， 先 将 上面 一 层 油花 吸 净 ， 然后 就 带 着 安全 到达 彼岸 的 神色 小 口 小 口 的 呷 。
有 一 次 ， 他 在 下棋 ， 左手 轻轻地 叩 茶几 。
一 粒 干 缩 了 的 饭粒 儿 也 轻轻地 小声 跳 着 。
他 一下 注意 到 了 ， 就 迅速 将 那个 饭粒 儿 放 进 嘴里 ， 腮 上 立刻 显出 筋络 。
我 知道 这种 干 饭粒 儿 很 容易 嵌 到 槽牙 里 ， 巴 在 那儿 ， 舌头 是 赶 它 不 出 的 。
果然 ， 呆 了 一会儿 ， 他 就 伸手 到 嘴里 去 抠 。
终于 嚼 完 ， 和 着 一 大 股 口 水 ， “ 咕 ” 地 一 声 儿 咽下 去 ， 喉 节 慢慢 地 移 下来 ， 眼睛 里 有 了 泪花 。
他 对 吃 是 虔诚 的 ， 而且 很 精细 。
有时 你 会 可怜 那些 饭 被 他 吃 得 一个 渣 儿 都 不 剩 ， 真 有 点儿 惨无人道 。
我 在 火车 上 一直 看 他 下棋 ， 发现 他 同样 是 精细 的 ， 但 就 有 气度 得 多 。
他 常常 在 我们 还 根本 看 不 出 已 是 败局 时 就 开始 重 码 棋子 ， 说 ： “ 再 来 一 盘 吧 。
” 有的 人 不 服输 ， 非 要 下 完 ， 总 觉得 被 他 那样 暗示 死刑 存 些 侥幸 。
他 也 奉陪 ， 用 四五 步 棋 逼死 对方 ， 说 ： “ 非 要 听 ‘ 将 ’ ， 有瘾 ？
” 我 每 看到 他 吃饭 ， 就 回想 起 杰克 ?
伦敦 的 《 热爱 生命 》 ， 终于 在 一 次 饭后 他 小 口 呷 汤 时 讲 了 这个 故事 。
我 因为 有 过 饥饿 的 经验 ， 所以 特别 渲染 了 故事 中 的 饥饿 感觉 。
他 不 再 喝 汤 ， 只是 把 饭盒 端 在 嘴边 儿 ， 一动不动 地 听 我 讲 。
我 讲 完 了 ， 他 呆 了 许久 ， 凝视 着 饭盒 里 的 水 ， 轻轻 吸 了 一 口 ， 才 很 严肃 地 看 着 我 说 ： “ 这个 人 是 对 的 。
他 当然 要 把 饼干 藏 在 褥子 底下 。
照 你 讲 ， 他 是 对 失去 食物 发生 精神 上 的 恐惧 ， 是 精神病 ？
不 ， 他 有 道理 ， 太 有 道理 了 。
写 书 的 人 怎么 可以 这么 理解 这个 人 呢 ？
杰 …
…
杰 什么 ？
嗯 ， 杰克 ?
伦敦 ， 这个 小子 他 妈 真是 饱 汉子 不知 饿 汉 饥 。
” 我 马上 指出 杰克 ?
伦敦 是 一个 如何 如何 的 人 。
他 说 ： “ 是 呀 ， 不管 怎么样 ， 像 你 说 的 ， 杰克 ?
伦敦 后来 出 了 名 ， 肯定 不 愁 吃 的 ， 他 当然 会 叼 着 根 烟 ， 写 些 嘲笑 饥饿 的 故事 。
” 我 说 ： “ 杰克 ?
伦敦 丝毫 也 没有 嘲笑 饥饿 ， 他 是 …
…
” 他 不耐烦 地 打断 我 说 ： “ 怎么 不 是 嘲笑 ？
把 一个 特别 清楚 饥饿 是 怎么 回 事儿 的 人 写 成 发 了 神经 ， 我 不 喜欢 。
” 我 只好 苦笑 ， 不再 说 什么 。
可是 一 没 人 和 他 下棋 了 ， 他 就 又 问 我 ： “ 嗯 ？
再 讲 个 吃 的 故事 ？
其实 杰克 ?
伦敦 那个 故事 挺 好 。
” 我 有些 不 高兴 地 说 ： “ 那 根本 不 是 个 吃 的 故事 ， 那 是 一个 讲 生命 的 故事 。
你 不愧为 棋 呆子 。
” 大约 是 我 脸上 有种 表情 ， 他 于是 不知 怎么 办 才 好 。
我 心里 有 一 种 东西 升 上 来 ， 我 还 是 喜欢 他 的 ， 就 说 ： “ 好 吧 ， 巴尔扎克 的 《 邦 斯 舅舅 》 听 过 吗 ？
” 他 摇摇 头 。
我 就 又 好好儿 描述 一下 邦 斯 舅舅 这个 老 饕 。
不料 他 听 完 ， 马上 就 说 ： “ 这个 故事 不好 ， 这 是 一个 馋 的 故事 ， 不 是 吃 的 故事 。
邦斯 这个 老头儿 若 只 是 吃 而 不 馋 ， 不 会 死 。
我 不 喜欢 这个 故事 。
” 他 马上 意识 到 这 最后 一 句 话 ， 就 急忙 说 ： “ 倒 也 不 是 不 喜欢 。
不过 洋人 总和 咱们 不 一样 ， 隔 着 一 层 。
我 给 你 讲 个 故事 吧 。
” 我 马上 感 了 兴趣 ： 棋 呆子 居然 也 有 故事 ！
