
车 开 了 一会儿 ， 车厢 开始 平静 下来 。
有 水 送 过来 ， 大家 就 掏 出 缸子 要 水 。
我 旁边 的 人 打 了 水 ， 说 ： “ 谁 的 棋 ？
收 了 放 缸子 。
” 他 很 可怜 的 样子 ， 问 ： “ 下棋 吗 ？
” 要 放 缸 的 人 说 ： “ 反正 没意思 ， 来 一 盘 吧 。
” 他 就 很 高兴 ， 连忙 码 好 棋子 。
对 手 说 ： “ 这 横 着 算 怎么 回 事儿 ？
没法儿 看 。
” 他 搓 着 手 说 ： “ 凑合 了 ， 平常 看 棋 的 时候 ， 棋盘 不 等于 是 横 着 的 ？
你 先 走 。
” 对手 很 老练 地 拿 起 棋子 儿 ， 嘴里 叫 着 ： “ 当头炮 。
” 他 跟 着 跳 上 马 。
对手 马上 把 他 的 卒 吃 了 ， 他 也 立刻 用 马 吃 了 对方 的 炮 。
我 看 这 种 简单 的 开局 没有 大 意思 ， 又 实在 对 象棋 不 感 兴趣 ， 就 转 了 头 。
这时 一个 同学 走 过来 ， 像 在 找 什么 人 ， 一 眼 望 到 我 ， 就 说 ： “ 来 来 来 ， 四 缺 一 ， 就 差 你 了 。
” 我 知道 他们 是 在 打牌 ， 就 摇摇 头 。
同学 走 到 我们 这 一 格 ， 正 待 伸手 拉 我 ， 忽然 大 叫 ： “ 棋 呆子 ， 你 怎么 在 这儿 ？
你 妹妹 刚才 把 你 找 苦 了 ， 我 说 没 见 啊 。
没 想到 你 在 我们 学校 这 节 车厢 里 ， 气 儿 都 不 吭 一 声 。
你 瞧 你 瞧 ， 又 下 上 了 。
” 棋 呆子 红 了 脸 ， 没 好气 地 说 ： “ 你 管 天 管 地 ， 还 管 我 下棋 ？
走 ， 该 你 走 了 。
” 就 又 催促 我 身边 的 对手 。
我 这时 听 出 点 音 儿 来 ， 就 问 同学 ： “ 他 就 是 王 一生 ？
” 同学 睁 了 眼 ， 说 ： “ 你 不 认识 他 ？
唉 呀 ， 你 白 活 了 。
你 不 知道 棋 呆子 ？
” 我 说 ： “ 我 知道 棋 呆子 就是 王 一生 ， 可 不 知道 王 一生 就 是 他 。
” 说 着 ， 就 仔细 看 着 这个 精瘦 的 学生 。
王 一生 勉强 笑 一 笑 ， 只 看 着 棋盘 。
王 一生 简直 大名鼎鼎 。
我们 学校 与 旁边 几 个 中学 常常 有 学生 之间 的 象棋 厮杀 ， 后来 拚 出 几 个 高手 。
几 个 高手 之间 常 摆擂台 ， 渐渐 地 ， 几乎 每 次 冠军 就 都 是 王 一生 了 。
我 因为 不 喜欢 象棋 ， 也 就 不 去 关心 什么 象棋 冠军 ， 但 王 一生 的 大名 ， 却 常 被 班 上 几 个 棋 篓子 供 在 嘴 上 ， 我 也 就 对 其 事迹 略 闻 一二 ， 知道 王 一生 外号 棋 呆子 ， 棋 下 得 神 不用 说 ， 而且 在 他们 学校 那 一 年级 里 数理 成绩 总是 前 数 名 。
我 想 棋 下 得 好 而且 有 个 数学 脑子 ， 这 很 合情 理 ， 可 我 又 不 信 人们 说 的 那些 王 一生 的 呆 事 ， 觉得 不过 是 大家 寻 逸闻 鄙 事 ， 以 快 言论 罢了 。
后来 运动 起来 ， 忽然 有 一 天 大家 传说 棋 呆子 在 串连 时 犯 了 事儿 ， 被 人 押 回 学校 了 。
我 对 棋 呆子 能 出去 串连 表示 怀疑 ， 因为 以前 大家 对 他 的 描述 说明 他 不 可能 解决 串连 时 的 吃 喝 问题 。
可 大家 说 呆子 确实 去 串连 了 ， 因为 老 下棋 ， 被 人 瞄 中 ， 就 同 他 各处 走 ， 常常 送 他 一点儿 钱 ， 他 也 不 问 ， 只是 收 下 。
后来 才 知道 ， 每 到 一 处 ， 呆子 必要 挤 地头 看 下棋 。
看 上 一 盘 ， 必要 把 输家 挤 开 ， 与 赢 家 杀 一 盘 。
初时 大家 见 他 其貌不扬 ， 不 与 他 下 。
他 执意 要 杀 ， 于是 就 杀 。
几 步 下来 ， 对方 出 了 小 汗 ， 嘴 却 不 软 。
呆子 也 不 说话 ， 只是 出手 极 快 ， 像 是 连 想 都 不 想 。
待 到 对方 终于 闭 了 嘴 ， 连 一 圈 儿 观 棋 的 人 也 要 慢慢 思索 棋路 而 不再 支 招 儿 的 时候 ， 与 呆子 同行 的 人 就 开始 摸 包 儿 。
大家 正 看 得 紧张 ， 哪里 想到 钱包 已经 易 主 ？
待 三 盘 下来 ， 众人 都 摸 头 。
这时 呆子 倒 成 了 棋 主 ， 连 问 可 有 谁 还 要 杀 ？
有 那 不 服 的 ， 就 坐 下来 杀 ， 最后 仍 是 无 一 盘 得 利 。
后来 常常 是 众人 齐 做 一 方 ， 七嘴八舌 与 呆子 对手 。
呆子 也 不 忙 ， 反倒 促 众人 快 走 ， 因为 师傅 多 了 ， 常 为 一 步 棋 如何 走 自家 争吵 起来 。
就 这样 ， 在 一 处 呆子 可以 连 杀 上 一 天 。
后来 有 那 观 棋 的 人 发觉 钱包 丢 了 ， 闹 嚷 起来 。
慢慢 有 几 个 有 心计 的 人 暗中 观察 ， 看见 有 人 掏 包 ， 也 不 响 ， 之后 见 那 人 晚上 来 邀 呆子 走 ， 就 发 一 声 喊 ， 将 扒手 与 呆子 一齐 绑 了 ， 由 造反 队 审 。
呆子 糊糊 涂 涂 ， 只 说 别人 常 给 他 钱 ， 大约 是 可怜 他 ， 也 不知 钱 如何 来 ， 自己 只 是 喜欢 下棋 。
审 主 看 他 呆 像 ， 就 命 人 押 了 回来 ， 一时 各 校 传 为 逸事 。
后来 听说 呆子 认为 外省 马路 棋手 高手 不 多 ， 不 能 长 进 ， 就 托 人 找 城里 名手 近战 。
有 个 同学 就 带 他 去 见 自己 的 父亲 ， 据说 是 国内 名 手 。
名手 见 了 呆子 ， 也 不 多 说 ， 只 摆 一 副 据说 是 宋 时 留下 的 残局 ， 要 呆子 走 。
呆子 看 了 半晌 ， 一五一十 道 来 ， 替 古人 赢 了 。
名手 很 惊讶 ， 要 收 呆子 为 徒 。
不料 呆子 却 问 ： “ 这 残局 你 可 走 通 了 ？
” 名手 没 反应 过来 ， 就 说 ： “ 还 未 通 。
