 白 一 世 ， 我 看 你 和 那 小伙子 倒 是 天生 的 一 对 ， 明 个 一早 ， 我 就 把 你们 一 起 烧 了 。
” 老头 又 来到 第三 张 尸 床 前 ， 掀开 尸 布 ， 原来 是 一个 中年 男人 。
老头 嘻 嘻笑 道 ： “ 我 要 的 就是 你 ， 你 可 死 得 冤枉 。
” 说 着 ， 推 着 尸 床 出 了 停 尸 间 ， 穿过 走廊 ， 向 火化 炉 走 去 。
来到 火化 炉 前 ， 老头 打开 炉门 ， 灌 了 点 炉 油 ， 按 动 机关 ， 然后 就 来 搬 死尸 。
“ 什么 ？
！
” 儿子 惊 得 睁 大 眼睛 。
“ 他 给 抓 走 了 ？
” “ 人 都 死 了 。
” 中年 妇女 嘟哝 着 ， 去 翻 儿子 屋里 的 抽屉 。
“ 唉 哟 ， 他 还 该 我 100 元 钱 呢 ！
” “ 快 给 我 找 照片 。
” 儿子 一骨碌 爬 起来 ， 打开 最底层 抽屉 ， 摸 出 了 那个 女人 的 照片 。
这 是 一 张 侧 照 ， 那 女人 一头 乌黑 的 卷发 ， 微 呈 弧形 的 高 鼻梁 ， 一 双 杏核眼 充满 了 妩媚 ， 穿 一 条 时髦 的 紧身 裙 和 一 双 白色 高跟鞋 。
这时 ， 又 有 一 辆 汽车 停 在 院 门口 ， 龙飞 从 车上 走 下来 ， 肖克 迎 上去 道 ： “ 处长 ， 这里 发现 了 那个 女人 的 照片 。
” 龙飞 接 过 照片 一 瞧 ， 脑子 里 嗡 的 一 声 ， 怎么 ， 难道 是 她 ？
！
…
…
14 年 前 的 往事 一幕幕 地 浮现 在 他 的 脑际 …
…
第6 节 ： 金陵 魔窟 之 谜 ( 1 ) 三 、 金陵 魔窟 之 谜 风雨飘摇 的 1948年 秋天 ， 南京 ， 这个 历尽 风霜 的 帝王 之 乡 ， 在 人民 解放军 隆隆 的 炮声 中 震颤 。
秦淮河 畔 失去 了 往日 的 繁华 ， 如今 显得 凄清 。
画船 、 粉 妓 不知 流落 何处 ， 家家 闭 户 ， 楼 巷 一 空 。
只有 大自然 仍然 展现 着 它 的 美貌 ， 红枫 、 黄栌 、 梧桐 、 白杨 、 银杏 …
…
紫金山 上 紫红 、 深红 、 橘红 、 橙 黄 、 古 铜 、 翠绿 …
…
中山陵 一头 钻进 浓浓的 秋色 之中 。
莫 愁 湖畔 的 榆 柳 ， 雨花台 上 的 林木 ， 呈现 出 各种各样 斑斓 的 色彩 ： 青 的 翡翠 ， 绿 的 碧绿 ， 黄 的 金黄 ， 红 的 鲜红 ， 恰似 蜀锦 齐 纨 一般 ， 簇拥 着 画 栋 雕 梁 ， 绣 幕 珠 帘 。
中央 大学 门口 。
出现 一个 青年 学生 ， 他 身 穿 笔挺 的 西服 ， 系 着 一 条 花 领带 ， 显得 潇洒 英俊 。
他 就 是 龙飞 ， 当时 18 岁 ， 刚 到 中央 大学 新闻 系 报到 。
一 辆 黑色 轿车 戛然而止 ， 车上 下来 一个 年轻 漂亮 的 女 学生 ， 穿 着 黑色 的 旗袍 ， 旗袍 上 绣 满 了 梅花 ， 她 拎 着 一个 沉重 的 黑 皮箱 。
她 叫 白薇 。
白薇 拎 着 皮箱 走 来 。
白薇 问 ： “ 同学 ， 新闻 系 在 哪儿 报到 ？
” 龙飞 说 ： “ 我 也 是 新闻 系 的 ， 咱们 是 同班 同学 。
” 白薇 高兴 地 说 ： “ 太 好 了 。
” 龙飞 说 ： “ 我 帮 你 拿 ， 新闻 系 在 二 楼 。
你 叫 什么 名字 ？
” “ 白薇 。
” 龙飞 问 ： “ 白色 的 白 ， 微笑 的 微 ？
” 白薇 笑 道 ： “ 我 可 不 爱 微笑 ， 草字头 ， 下面 一个 微笑 的 微 。
” 龙飞 笑 道 ： “ 噢 ， 头 上 顶 着 草 才 微笑 。
” 白薇 问 ： “ 你 叫 什么 名字 ？
” “ 龙飞 。
” 白薇 眉毛 一 扬 ： “ 一定 是 属 龙 的 ， 又 属 龙 ， 又 腾飞 ， 这 条 龙 够 狂 的 。
” 龙飞 说 ： “ 我 是 雨天 龙 ， 不 能 腾 云 驾 雾 ， 你 是 本地 人 吗 ？
” 白薇 支吾 着 说 ： “ 我 也 说 不 好 。
” “ 那 是 江湖 人 。
” 白薇 问 ： “ 你 呢 ？
” 龙飞 回答 ： “ 苏北 人 。
” 两 个 人 来到 二 楼 。
白天 ， 教室 内 上 文学 课 。
老师 正 在 讲 屈原 的 《 离骚 》 。
白薇 在 座位 上 埋头 看 《 色情 间谍 》 。
龙飞 坐 在 她 身后 座位 上 。
老师 叫 道 ： “ 白薇 。
” 白薇 慌乱 中 答 了 一 声 “ 到 ” ， 匆忙 站 了 起来 。
同学 们 哄堂大笑 。
《 色情 间谍 》 的 书 落 在 地上 。
“ 不 许 动 ！
” 老头 猛 听 一 声 低 喝 ， 只 觉 后 脖 梗 一阵 冰凉 。
后面 那 人 又 道 ： “ 快 跟 我 走 ！
” 老头 听 出 是 个 女人 的 声音 ， 就 在 地 缓缓 转身 的 一刹那 ， 他 看 清 了 那 女人 的 面孔 ， 正是 第二 张 尸 床 上 躺 着 的 那个 “ 女尸 ” 。
老头 心灰意冷 ， 慢腾腾 地 朝外 走 着 ， 走 着 …
…
忽然 ， 老头 一 猫腰 ， 一个 后 蹬腿 ， 蹬 翻 了 女 人 手中 的 枪 ， 然后 猛虎 扑 食 般 扑 向 女人 。
那 女人 毫不 畏惧 ， 拼命 与 老头 搏斗 。
老头 仗 着 酒 劲 ， 把 女人 掀翻 在 地上 ， 然后 去 掏 怀里 的 手枪 。
女人 一 翻身 ， 把 老头 掀翻 在 身 下 ， 老头 的 右腿 是 条 假 腿 ， 使 不 上 劲 ， 无声手枪 又 掏 不 出来 ， 只好 一声不吭 地 使 足 全力 与 女人 搏 打 。
女人 拼命 地 去 拾 地上 的 手枪 。
就 在 这时 ， 老头 抽出 右手 从 右腿 根 处 摸 出 一 柄 匕首 ， 狠命 地 朝 女人 臀部 扎 去 ， 女人 惊叫 一 声 ， 软绵绵 倒下 了 。
老头 迅速 地 将 女人 扔 到 火化 炉 内 ， 关上 炉门 ， 赶快 用 手 去 按 机关 。
这时 ， 老头 的 手 被 一 只 钳子 般 的 手 狠狠 地 攥 住 了 ， 肖克 和 殡仪 场 保卫科 长老 王 出现 在 他 面前 。
老 王 喝道 ： “ 向永福 ， 原来 你 是 个 特务 ！
” 肖克 用 手铐 铐 好 向永福 ， 然后 开 了 炉门 ， 抱 出 奄奄一息 的 南云 ， 原来 南 云 假扮 女尸 前来 侦察 敌情 。
