 来自 他 从 失败 中 踉跄 地 站 起来 的 那 一 瞬间 。
” 第10 节 ： 金陵 魔窟 之 谜 ( 5 ) 白薇 幽幽 地 说 ： “ 这 段 话 还 真 有点 男子汉 的 味道 ， 像 男人 身上 那种 浓烈 的 烟草 味道 。
” 龙飞 ： “ 白薇 ， 我 总 觉得 你 身上 有 一 种 忧郁 的 气质 。
我 觉得 你 有 着 充裕 的 物质 生活 ， 你 的 生活 自由自在 ， 你 有 什么 忧愁 呢 ？
” 白薇 幽幽 地 说 ： “ 我 孤独 。
” 龙飞 ： “ 忧愁 ， 说到底 是 人 的 患得患失 的 本性 的 自然 流露 。
没有 得到 的 ， 担心 得不到 ； 已经 得到 的 ， 又 怕 再 失去 ， 于是 就 贯穿 了 人生 。
正 如 《 诗经 》 上 所 云 ： ‘ 心 之 忧 危 ， 若 蹈 虎尾 ， 涉 于 春秋 ’ 。
一个 人 如果 不 能 从 忧愁 的 蛛 丝 中 解脱 ， 不但 难以 有 大 的 成就 ， 而且 也 不 能 享受 人生 的 真正 快乐 。
与 其 为 泼 出去 的 水 惋惜 ， 不 如 再 提 一 桶 水 。
人生 不满 百 ， 愁 一 愁 ， 白 了 头 ； 笑 一 笑 ， 十 年 少 。
” 白薇 侧 着 身子 ， 仔细 地 谛听 着 。
龙飞 以为 来 了 生 人 ， 警觉 地 望 着 四方 。
白薇 ： “ 我 听到 了 水 的 声音 ， 龙飞 ， 你 听 ， 但愿 不 是 幻觉 。
” 龙飞 努力 使 自己 静 下 来 ， 他 也 仔细 地 谛听 着 。
果然 是 水 的 声音 ， 流水 淙淙 。
白薇 惊喜 地 说 ： “ 可能 是 一 条 河 ， 一 条 大河 ， 奔流 不息 的 大 河 。
” 龙飞 ： “ 奇怪 ， 白天 怎么 没有 看到 ？
” 两 个 人 蹑手蹑脚 地下 了 车 ， 朝 水 响 的 地方 摸 去 。
白薇 走 得 挺 快 ， 很快 就 把 龙飞 甩 在 后面 。
走 了 没有 三四 里 地 ， 走 上 一个 高 坡 ， 白薇 站 在 高 坡 上 叫 道 ： “ 啊 ， 真是 一 条 大河 ！
” 龙飞 紧 跑 几 步 ， 也 奔 上 高坡 ， 只见 眼前 出现 一 条 银光 粼粼 的 大 河 ， 缓缓 地 流 着 ， 对岸 有 一 片 密密匝匝 的 树影 ， 皎 皎 月 下 ， 河 中 映出 树 的 倒影 。
旁边 有 一 座 石桥 。
白薇 欢快 地 跳 下 河堤 ， 龙飞 也 随 她 下 了 河堤 。
白薇 由衷 地 说 ： “ 这 河水 多 清凉 ， 我 要 下去 游泳 ， 洗 一 洗 身上 的 秽 气 。
” 龙飞 ： “ 这 河水 看样子 挺 深 ， 下去 有 危险 。
再说 水 太 凉 。
” 白薇 咯咯 地 笑 道 ： “ 你 还 不 知道 吧 ， 我 是 冬泳 冠军 ， 曾经 横渡 玄武湖 。
龙飞 ， 你 背 过 脸 去 不许 偷看 。
” 龙飞 顺从 地 将 身子 背 转 ， 望 着 石桥 。
这 石桥 显然 也 是 有 历史 的 ， 饱经 车辆 驴 马 的 践踏 ， 灰蒙蒙 的 一 片 。
“ 龙飞 ， 好 了 。
” 白薇 已 “ 扑通 ” 跳 进 水 中 ， 浪花 飞溅 。
龙飞 见地 上 狼藉 着 她 的 衣裤 、 鞋子 。
白薇 像 一 尾 小 白鱼 尽情 地 在 水中 翻腾 、 穿梭 。
白薇 游泳 的 姿势 确实 很 优美 ， 两 只 雪白 的 手臂 似 两 只 白 桨 ， 有 节奏 地 划 动 着 。
她 乌黑 的 头发 披 洒 在 水中 ， 像 一 朵 黑色 的 睡莲 。
白薇 跳跃 着 ， 脸上 都 是 水珠 ； 她 在 水中 盘旋 着 ， 两 只 水银 葫芦 一 起 一 伏 。
龙飞 看 怔 了 ， 这 仿佛 是 美人 出浴 图 。
人生 如此 美好 ， 她 真是 精 雕 玉 琢 的 精品 。
龙飞 怕 她 有 闪失 ， 于是 脱 掉 衣服 ， 只 穿 一 条 内裤 ， 也 跳 入 水中 。
平滑 的 河水 不 像 他 想象 的 冰冷 ， 反而 有 些 温暖 ， 暖 暖 的 水流 滋润 着 他 的 肌肤 ， 使 他 产生 一 种 异样 舒服 的 感觉 。
离 河岸 的 地方 ， 水 并 不 深 ， 脚底 能 踩 着 一些 碎石 ， 有点 扎 脚 。
龙飞 向 白薇 游 去 ， 刚 游 了 六七 米 ， 便 觉得 得 跃入 一个 深渊 ， 脚 踩 不 着 底 ， 水流 湍急 ， 浮荡 着 一些 摇摇欲坠 的 水涡 。
这些 墨绿 的 水草 摇 拂 着 他 的 身体 ， 他 的 脸 ， 痒痒 的 ， 松松 的 。
白薇 忘情 地 嬉 游 ， 奋力 向 远方 游 去 。
一 群 亮晶晶 的 东西 涌 了 过来 。
龙飞 仔细 一 看 ， 原来 是 一 群 鲫鱼 ； 它们 成群结队 ， 很快 游 走 了 。
又 有 一 只 小 精灵 游 了 过来 ， 龙飞 抓住 它 ， 原来 是 一 只 墨绿色 的 青蛙 。
它 鼓 着 两 只 眼睛 ， 露出 白乎乎 的 肚皮 。
龙飞 放 掉 青蛙 ， 放眼 朝 前 望 去 ， 白薇 没 了 踪影 。
他 有点 慌 了 ， 大 叫 ： “ 白薇 ！
白薇 ！
” 白薇 没有 应声 。
龙飞 的 两 只 脚 先是 颤抖 ， 紧接着 全身 起 了 一 层 鸡皮疙瘩 。
他 奋力 往 前 游 去 ； 游 着 ， 游 着 ， 忽 觉 右腿 被 一 双 柔软 的 手 抱 住 了 。
他 感觉 是 白薇 的 手 ， 温温 的 ， 软软 的 。
龙飞 向 下 摸 去 ， 摸 着 一个 绒 绒 的 东西 ， 再 一 伸手 ， 手 滑 掉 了 。
他 再 一 次 下滑 ， 拦腰 抱 住 了 一个 小鸟 般 柔软 的 身体 ， 体温 尚 存 ， 微微 颤抖 着 。
第3 节 ： 海滩 女尸 ( 2 ) “ 问 得 好 。
” 梁一民 局长 满意 地 望 着 这个 高 身量 ， 大 眼睛 ， 深 栗色 头发 的 小伙子 。
然后 又 把 脸 转向 36 岁 的 龙飞 ， 问道 ： “ 小龙 ， 听听 你 的 意见 。
” 龙飞 一直 陷入 深深 的 沉思 中 ， 如今 听 老 局长 点 他 的 将 ， 腼腆 地 笑 了 笑 ， 说 ： “ 我 看 还 不 是 一般 的 奸污 ， 哪里 有 这么 顺利 的 强奸 ， 一定 是 先 把 女人 砸 死 ， 然后 奸 尸 …
…
’ ” “ 奸 尸 ？
！
” 几 个 公安人员 异口同声 。
“ 对 ！
” 龙飞 肯定 地 点点头 。
“ 而且 从 死者 身上 遗留 的 污物 来看 ， 已经 超出 了 一个 男人 的 容量…
…
