
佟 斜眼 看 大 庄 ， 说 ： 得 了 吧 ， 你 这 上 梁 不 正 下 梁 肯定 也 斜 的 ， 我 闺女 跟着 你家 狗 子 那 不 得 一辈子 眼泪 洗 面 啊 ！
不 成 。
大庄 急 了 ， 说 ： 你 这 叫 屁话 ， 你 是 打 小 看 着 我 家 狗 子 长大 的 ， 我家 狗 子 那 叫 一个 仁义 懂 事儿 ， 咱 俩 优点 全 继承 了 ， 一点 毛病 没有 。
我 有 时候 都 怀疑 那 还 是 我 儿子 吗 ？
别 谁 投 错 胎 了 。
佟 志 嘿嘿 笑 着 ， 说 ： 我 看 你家 狗 子 也 不错 ， 可 这 孩子 的 事 ， 家长 操心 管 什么 用 。
大庄 说 ： 就 那么 一 说 呗 ， 你 说 你家 哪个 孩子 配 得 上 咱 狗 子 啊 ？
佟志 说 ： 什么 话 ， 什么 配 得 上 配 不 上 ， 我 告诉 你 吧 ， 我 家 三 个 千金 摆 在 那儿 ， 什么 好 男孩 都 不在话下 ， 你家 狗 子 算 啥 呀 ！
大庄 说 ： 得 得 得 ， 你 家 是 千金 ， 我家 狗 子 算 啥 ？
瞧 你 这 态度 ， 就是 看 不 起 咱 工人阶级 ， 这 " 文革 " 两 年 ， 你 这 思想 怎么 一点 也 没 改造 过来 啊 ！
佟 志 吓 一 跳 ， 说 ： 我 可 没 这 意思 啊 ， 这 闺女 嘛 在 当 爹 眼里 可 不 怎么 看 怎么 稀罕 嘛 。
大庄 说 ： 淑贞 认 燕妮 当 干 闺女 ， 是 真心 喜欢 那 丫头 。
那 丫头 挺 爽朗 的 ， 和淑贞 一个 脾气 ， 就 她 吧 。
要 舍不得 ， 就 南方 吧 ， 那 孩子 文静 秀气 ， 看 着 就 稳重 ， 将来 肯定 心灵手巧 。
佟 志 摇头 不 语 。
大庄 说 ： 你 啥 意思 啊 ， 大 的 二 的 都 不 成 ， 真 小气 ！
得 ， 不 考虑 你们 啦 ， 我家 狗 子 条件 那么 好 ， 那 小姑娘 肯定 上 赶 着 追 啊 ！
佟志 说 ： 咋 不 考虑 多多 呢 ？
大庄 说 ： 嘁 ， 那 小 泥 猴 ， 长大 以后 能 找 着 婆家 就 烧 高 香 啦 。
佟志 说 ： 去 ， 你 就 没 安 好心 你 ！
俩 男人 都 笑 了 …
…
晚上 睡觉 前 ， 佟志 看 着 三 个 女儿 都 睡 了 ， 就 拉拉扯扯 把 文丽 往 床 上 按 。
文 丽 挣扎 着 说 ： 你 吃 什么 了 ？
这么 来劲 ？
佟志 语气 亢奋 地 说 ： 废 什么 话 ， 这 好容易 好容易 才 翘 了 。
文丽 说 ： 我 还 没 洗 呢 ！
佟志 说 ： 洗 什么 洗 ！
我 给 你 洗 ！
文丽 说 ： 去 你 的 ！
文 丽 推开 佟 志 ， 出门 了 。
佟 志 沮丧 了 ， 拿 起 一 本书 百无聊赖 看 着 ， 不时 抬头 看门 。
文丽进 门 ， 脸上 还 冒 热气 。
佟志 看 着 眼 发 直 ， 说 ： 洗洗 看 着 还 真 不 错 ！
文 丽 不理 佟 志 ， 上 得 床 来 。
佟 志 扔下 书 就要 搂 文丽 。
文 丽 推开 佟 志 ， 说 ： 那 书 从 哪 拿 回来 的 ？
多 脏 啊 ， 赶紧 洗手 去 。
佟 志 瞪 着 文丽 。
文丽 也 瞪 着 佟志 。
佟志 没 了 兴趣 ， " 啪 " 的 一 下 关 了 灯 ， 就 睡 了 ， 不一会儿 ， 鼾声 大作 。
文 丽 瞪 着 眼 ， 在 黑暗 中 叹 口气 …
…
佟志 家 出 了 事 ， 他 的 老父亲 死 了 。
文丽 戴 着 黑纱 在 文 母 的 房间 里 和 母亲 、 两 个 姐姐 边 织 着 毛衣 ， 边 交谈 。
文慧 问 ： 老头 死 了 ， 老太太 怎么办 ？
文 母 看 着 文丽 ， 也 问 ： 你 跟 佟志 提 过 这 事儿 吗 ？
文 丽 叹气 说 ： 这 两 天 他 还 没 缓 过 劲 来 ， 伤心 啊 ！
哪 敢 提 这个 。
文 母 说 ： 可 这 早晚 是 个 事儿 啊 。
文 慧 凑近 文丽 ， 说 ： 你 记得 ， 你 千万 别提 这 事儿 ， 他 要 提 就 找 个 茬 蒙 过去 ， 可 千万 别 冒 傻气 ， 你 一 提 你 就 算 上 了 套 ， 出 不 来 了 。
文丽 说 ： 妈 ， 文慧 说 的 这 叫 什么 话 啊 ！
真 不 受 听 ！
文 母 说 ： 慧儿 的 话 是 不 受 听 ， 可 理儿 还 是 这么 个 理 儿 ， 娟 ， 你 婆婆 上 次 来 几 天 就 挺 别扭 ， 这 要 再 来 还 不 得 住 下 不 走 了 ？
你 那 日子 可 怎么 过 ？
文秀 说 ： 可是 佟志 是 个 孝子 啊 ， 这 事 挺 难 办 ！
文 母 说 ： 婆婆 能 不 来 ， 就 先 别 来 吧 。
再 过 几 年 ， 孩子 大 了 ， 再 来 也 不 迟 啊 。
文 丽 想想 就 闹心 了 …
…
文丽 不 知道 ， 佟志 也 在 为 母亲 的 事 发愁 ， 他 带 着 南方 在 大 庄家 喝酒 ， 而且 有 点 喝 高 了 。
佟志 眼睛 里 充满 血丝 ， 不 停 地 说 ： 你 说 我 怎么 就 没 回去 呢 ， 我 知道 他 住院 了 ， 我 都 有 预感 ， 我 右 眼皮 一个劲 地 跳 ， 我 为什么 不 回 去 呢 ！
我 一 想 这个 我 头 都 要 炸 啊 ， 我 不 能 睡觉 ， 一 睡 下 就 看见 我 爸 坐 在 我们 家 那 把 藤椅 上 ， 盯 着 我 问 ， 你 为什么 不 回来 呀 ？
为什么 不 让 我 见 你 一 眼 啊 ？
大 庄 不 知道 怎么 安慰 ， 只得 陪 着 喝酒 。
佟志 说 ： 我 妈 也 不 知道 怎么样 了 。
一 说 到 奶奶 ， 南方 开始 流泪 了 。
大庄 说 ： 回去 看看 老太太 吧 ！
佟志 放下 酒杯 说 ： 看 什么 看 ， 看 一 眼 管 什么 用 ？
大庄 说 ： 我 听 明白 了 ， 原来 你 想 把 老太太 接 过 来 住 ？
我 劝 你 要 三 思 而 行 。
佟 志 瞪 起 了 眼睛 ， 说 ： 你 什么 意思 ？
大庄 说 ： 我 觉得 你 吧 ， 别 心情 痛苦 就 不管不顾 ， 干 些 后患无穷 的 事儿 。
