好像 已经 全 了 
明天 会话 课  你们 女生 定 一个 大家 能 一起 的 时间 吧 
这样 也 方便 些  大家 准备 些 材料 就 可以 在 群 里 聊聊 天  然后 说说 观点 
应该 就 能 不 会 像 之前 的 那样 大 段 文字 会话 了 
大家 晚上 好  今天 文明 会话 课 预定 在 周六 晚上 在 群 里 讨论  话题 是 中 俄 文化 特点 之类 的  我 觉得 只要 是 这 方面 的 都 可以 
之前 给 我 发 了 材料 的 要是 没有 保存 我 可以 给 你 发 回去  还有 周六 实在 参加 不 了 的  是 实在 



可以 给 我 发 材料 讨论 完 后 我 再 弄  具体 就 六点 半 左右 吃 完 饭 后 吧  尽量 赶早  大家 全 了 就 讨论 
打扰 了 
ok 
恩  这样 好 省事 啊 
哈 喽 
呵 呵 
冒 个 泡 
我 在 
1 
大家 说 说 俄罗斯 文化 吧 
五 个 人 吗 
好 的 
要 不 等 她们 一会 
我 让 我们 寝室 他们 班 的 问 看看 
同学 给 打电话 了  就 上 了  好像 
好 的 
好 的 
要 不 先 开始 吧 
让 大家 一直 这么 等 着 我 都 过意不去 了 
结束 了  我 给 她们 开头 插 些 就 好 
ok 
开始 啦 
说 起 俄罗斯  我 觉得 这个 国家 还 是 很 有意思 的 
我 最 深 的 印象 可能 是 他们 热爱 阅读 的 习惯 
大 三 的 暑假 我 遇到 了 一 位 俄罗斯 外 教  当然 她 是 我 的 英语 外 教  她 既 会 俄语 又 会 英语 
说 起 看 书  她 眼睛 里 都 放 着 光芒 
她 说  她  包括 很多 俄罗斯人 闲暇 时 的 娱乐 就是 看 书  简直 就 是 如饥似渴 地 阅读 着 优秀 书籍 
对于 俄语  她 像 《 洛丽塔 》 的 作者 纳博科夫 一样  认为 俄语 是 世界 上 最 温柔 的 语言 
我 觉得  大多数 中国 人 都 还 是 很 热爱 中文 的  尽管 我 是 英语 专业 学生  我 依然 觉得 母语 中文 是 世界 上 最 奇妙  最 灵动 的 语言 
但 对于 阅读 优秀 书籍 这 一 习惯  我们 还是 应该 要 向 俄罗斯 人 学习 的 
在 中国  地铁 中  公交 车上  我们 看到 更 多 的 是 人们 手 捧 触 屏 手机  刷 刷刷 地 浏览 着 娱乐 性质 的 文本  对于 网络 文学 我们 如数家珍  谈到 四书五经 我们 就 成 了 哑巴  当然 这 其中 也 包括 我 在内 
一直 有 老师 对 我们 说 这样 的 情况  当 外国人 问 我们 中国 人 四书五经 里 到底 告诉 了 我们 什么  我们 支支吾吾  无言以对 
这 是 很 可悲 的 
尤其 是 我们 学 外语 的  只 有 先 做 好 中国 人  才 能 更 好 地 学好 外国语 
这 是 立场 问题  我们 要 先 定义 好 自己  才 能 定义 他 者 
一个 没有 文化 根源 的 人 就 跟 浮萍 一样  无 根 地 漂泊 着 
大家 晚上 好 
今天 我们 要 讨论 的 是 关于 中 俄 文化 的 差异  话题 不 限  大家 有 什么 想法 都 可以 哦 






嗯  我 同意 陈彦 的 观点 
中国 需要 俄罗斯 的 市场 和 原材料  俄罗斯 本国 有 丰富 的 自然资源 （ 石油 和 天然气 ）  而且 本国 并 不 重视 基本 生活 物质 的 生产  所以 中国 廉价 的 商品 很 容易 打入 俄罗斯 市场  中国 需要 俄罗斯 的 军火 和 技术  虽然 俄罗斯 军工 实力 没有 以前 那么 强 了  但 不可 否认  在 西方 国家 对 中国 进行 军事 技术 封锁 的 情况 下  俄罗斯 的 军火 和 技术 是 最 好 的 选择  中国 和 俄罗斯 在 政治 上 是 好 伙伴  因为 这样 可以 很 好 的 抵御 来自 以 美国 为首 的 西方 正 营 的 压制  使 各自 在 国际 舞台 上 都 有 更 高 的 话语 权 
这样 看来  在 这 三点 上  俄罗斯 也 需要 中国 
我 对 俄罗斯 文化 最初 的 影响 起源 于 《 钢铁 是 怎样 炼 成 的 》 
还有 大 列 吧 面包 
你们 太 神速 了 



恩  那 在 东北 很 流行 的 
我们 还是 一点 点 说 吧 
我 觉得  确实 俄罗斯 在 东北 地区 的 影响 很 大 
是的 啊 
没 事  我 后期 整理  大家 闲话 也 可以 说 
刚刚 陈彦 所 说 的  俄罗斯 爱 阅读 的 例子  确实 有 听 过 
俄罗斯 在 很多 文化 文学 领域 都 是 先驱者 
现在 国内 相当 一部分 青少年 受 西方 影响 很 深  可谓  言 必 称 西方   现在 大家 对 俄罗斯 文化 不 感冒 啊 
他们 有 很多 有名 的 作家  在 世界 上 产生 了 很 大 的 影响 
果戈里 （ 1819 ～
1852 ） 
俄国 19 世纪 前 半 叶 最 优秀 的 讽刺 作家  讽刺 文学 流派 的 开拓者  批判 现实主义 文学 的 奠基人 
契柯夫  （ l860 ～
1904 ） 
19 世纪末 俄国 伟大 的 批判 现实主义 作家  情趣 隽永  文笔 犀利 的 幽默 讽刺 大师  短篇小说 的 巨匠  著名 剧作家 
其 剧作 含有 浓郁 的 抒情 味 和 丰富 的 潜台词  令 人 回味无穷  剧本 故事 虽 取材 于 日常 生活  情节 朴素  进展 平稳  但 却 富有 深刻 象征 意义 
恩  契科 夫 很多 人 都 知道 
是 啊  还有 托尔斯泰  陀 思 妥 耶 夫 斯 基 
俄罗斯 的 名字 也 很 有趣 
中国 （ К и т а й  俄语 简称  音 意 约 同  契丹  ） 对 俄 国 的 称呼 是 通过 较 早 接触 俄国 人 的 蒙古人 学 来 的 
在 蒙古 语 中 很 少 有 以 R 辅音 开头 的 词 
所以 借用 其他 语言 以 R 开头 的 词 时  都 要 加上 相应 的 元音 
俄罗斯 在 俄语 中 是 Р о с с и я  蒙古 语音 译 为 OROS  第一 个 音节 为 O 
汉语 通过 蒙古 语 间接 音译 时 就 译 为 俄罗斯 
还有 列夫 
托尔斯泰 
俄罗斯 文化 特点  东西 文化 的 中间 性 及 兼容 性 
对 的  地理 上 俄国 也 是 横跨 亚 欧 的 吧 
俄国 领土 的 重要 部分 在 欧洲  但 最 大 的 部分 在 亚洲  俄国 的 少数民族 不 是 斯拉夫 语系 的 
