贵妃 跟 吴 老师 一样 注重 文本 啊  值得 夸奖 
没有 历史 记载  有 网络 链 接 可以 不 
问题 是 人们 为什么 会 把 道路 和 理解 人世间 万物 的  道  联系 起来  这 其中 的 意义 产生 值得 玩味 
那 也 要 有 渊源 追溯 吧 
道  不 是 那个 意思 吧 
 道 可 道  是 说  言 可言  
嗯 
我 对 这个 追溯 比较 迷茫  估计 就是 你 说 的 要 忠实 文本  找 一些 资料 
其实 古文 也好  西方 引 过来 的 词语 也好  就是 因为 使用者 从来 不 去 追溯 其 渊源 
只要 大家 用 了  我 就 用  于是 就 导致 了 词语 的 滥用  进而 导致 了 一 系列 的 语言 问题 
中国 文化 这么 长  留下来 的 资料 许许多多  即使 是 中文 系 的 也 未必 看 过 每个 文献  还是 有 很 大 挖掘 空间 哈 
导致 的 不 是 语言 问题  是 社会 问题 
打断 一下  这 周五 的 cda 上 不 上课 啊 

那 也 要 有 渊源 追溯 吧 
 道  不 是 那个 意思 吧 
 道 可 道  是 说  言 可言  ------- 在 论语 里道 和 仁 其实 可以 划 等号  仁 可是 goodness  good  也 可以 是 道  theway 
不 上课 
真 的 吗 
确定 
你 导师 亲口 说 的 
嗯 
我 错 了  没 好好 听 他 讲话 
哈哈  静静 
太 好 了 
行 了  言归正传 啊 
我 只 希望 那 这个 事情 尽快 解决 了 
讨论 自己 不 能 理解 的 东西  太 痛苦 了 
就 我 没 听 到  嗳  罪过 罪过 
我 听到 了 关键 的 内容  仅 此 而已 
哈哈 
October8  ReadingWeek ( noclass ) 
丽燕 犯 了 翻译 对等 的 错误 
中国 的 很多 词语 是 不 能 直接 翻译 对等 的 
中国 话语 的 诠释 传统 就是 用 言说 去 牵引 不可 言 说 的 内容  以  不 言  言说 丰富 内容 
公共 邮箱 里 的  哈哈  这 下 大大 滴 放宽 心 了 
我 也 不 乐于 讨论 自 已 不 能 理解 的 东东 
我 也 是 
嗯  贵妃 说 得 是 
又 让 我 想起 老师 说 的 微 言 大义 
例如  通过 杀 / 弑 等 词 来 表明 态度 
是 用  言 说  去 牵引  不可 言 说  的 内容  以  不 言  言说 丰富 内容 
那 到底 是  言  还是  不 言  呢 
其实 叙述 本身 也 是 带有 主观 色彩 的 
们 做 的 只 是 尽量 做到 不 带 judgement  无限 接近 于 本 真 而 不 可 到达 
所以 我 觉得 吴 老师 对 叙述 和 文本 的 重视 是 他 学术 里面 非常 重要 的 核心 
微 言 大义 
真 的  几 个 字 就 让 我 意会 到 了 中国 话语 的 博大精深 
用 极 少 的 字 去 表达 无限 的 意思  自然 回味无穷 
静静  要 言 的 
社会 由 语言 构成 呀  但是 我们  言  的话  势必 会 带来 曲解 呢 
学 了 这 门 课  其实 对 中国 传统 话语 也 有 了 更 深刻 的 体会 的 
想不到 短短 几 个 字 就 可以 将 感情 色彩  事件 描述 的 那么 生动 
恩  说 得 对 呢  回味无穷  道理 弥漫 在 四周  意义 却 是 自己 体会 
那 岂 不 是 
有时候  一 开口 就 错  
哈哈   一 开口 就 错  这个 说法 也 值得 玩味 呢 
不 是 叙述 和 文本  而是 领悟 
语言 本身 就 是 文化  所以 有时候 语言 本身 的 意义 也 需要 领悟 
此 中 有 真意  欲 辨 已 忘 言 
所以 又 跟 文化 有关 了 嘛 
精辟 
不同 文化 的 人 对 同一 文本 的 领悟 自然 不同 
静静 完全 被 吴 老师 沦陷 了  哈哈 
不同 文化 的 人 对 同一 文本 的 领悟 自然 不 同 --------- 所以 世世代代 人们 的 叙述 就 变 得 尤其 重要  在 卷帙浩繁 中 总 能 找到 核心 的 东西  而 那个 就 是 文化 的 内核 
老师 的 重点 是 东西方 话语 的 不同  及 西方 对 东方 的 影响 即 改变 
东方 是 无言 的 意会  而 西方 是 表征 
但是 随着 现代 西方 的 文化 入侵  中国 人 不再 能 用 禅师 的 方式 去 理解 中国 传统 文化 气质 
我 对 《 封建 名 实 析 义 —— 评 冯天瑜 《 封建 考 论 》 比较 有 感触  通过 这 篇 文章 了解 到  封建  这个 在 课本  书籍 和 言论 中 使用 频率 极 高 的 词语 竟然 存在 历史性 的 误解 
贵妃 是 说 出 了 我们 现在 急需 恢复 一 种 属于 中国 特色 的  能 体现 中国 传统 文化 话语 方式 的  焦虑  

你们 跑题 了  好 不好 
咱们 讨论 的 不 是 文化 的 不同  而是 话语 理解 方式 或 阐释 的 不同 
 封建  这个 词 本意 是  " 封 邦 建国 " ‘ 封 土建 藩 "  封爵 建 藩 
潇潇 可以 具体 说 一下 吗 
对  封建 这个 词 已经 带 上 了 形容 中国 文化 迂腐 的 标签 了 
偶 也 是  第一 次 看 的 时候 有 种 长 了 大 见识 的 感觉 
同感 

中国 话语 现在 就 是 西方 话语 的 变 种 形式  完全 失去 了 传统 色彩 
现在 像 这样  奴隶社会    封建社会    资本主义 社会  只 是 适应 人们 对 知识 ( 话语 ) 的 追求 
知识 是 首要 的  历史 只 是 为 知识 做 注脚 
我们 现在 想 到 的 封建 肯定 是 消极 意味 更 多 
我们 的 意识 中 已经 对 封建 有 了 成见  即 stereotype 
对 呀 
" 封 邦 建国 "  封 土建 藩 "  封爵 建 藩 
秦汉 以 降 至 晚 清 的 中国 传统 文献  基本上 沿用 这个 意义 
近 百年 中国 社会 流行 的 " 封建 概念 与 中国 传统 的 " 封建 概念 在 意义 上 发生 了 根本性 的 转变 
不再 延续 中国 古典 文献 中 的 " 封建 概念 
与 之 保持 贯通 ’ 而且 
这个 被 赋予 新 义 的 " 封建 概念 被 强行 对 应 于 表示 欧洲 中世纪 社会 特征 的 
