没有 
亏 死 了 
只有 50 的 



舍不得 孩子 讨 不 到 狼 
唉 
今天 我 见 他 了 
他 说 有 办法 helpme 
 ） 估计 就 这么 简单  我 就 留下 来 了 
但是 也 不 知道 是 不 是 真 的 
不过  ms 他 还 挺 坚决 的 感觉 
我 说  hardformetofindajobhere 
他 就 说  Idontthinkso  icanhelpyou 
我 看 他 说 的 挺 认真 的 
希望 不要 骗 我 吧 
应该 不 会 骗 你 吧 
但是 得 看 是 什么 工作 了 
如果 你 喜欢 的 话 就 干 呗 
开 能源 公司 的 
在 差 也 查 不 到 哪里 去 
而且 随便 怎么 也 有 2万 一月 吧 
什么 喜 不 喜欢 啊 
能 给 我 就 不 错 了 
哈哈哈 
晕 
那 就 上 吧 
但是  我 的 心 还是 悬 吊 吊 的 
我 这么 菜 
干 什么 呢 
呵呵 呵 
吊 个 毛 啊 
反正 就 算 不 成功  你 又 不 会 少 一 根 头发 
你 真 豁达 
就 算 掉 头发  也 是 你 掉 啊  我 当然 很 豁达 
滚 
但是  我 是 你 主人 啊 
呵呵 呵 
哈 哈哈哈 
你 先 做 好 你 的 瑞典 男 宠 再说 
晕 
明天 记得 起床 啊 
9点 半 到 啊 
直接 去 21 楼下 吧 
21 楼 再 哪 
我 忘 了 
还是 先 来 找 你 吧 
那 行 吧 
9点 半 到 我 楼下 短 我  or 电 我 
一 小时 102 啊  记住 了 
我 这里 的 下载 速度 
额 
反正 是 很 快 
太 牛 逼 了 
好 吧 
1m 了 
我 一共 给 你 多少 钱 啊 
您 好  我 现在 有 事 不 在  一 会 再 和 您 联系 
两 瓶 香水 加 50 咯 
935 
帐 号 
给 我 
935  对 吧 
885  你 后天 给 李柱 
快  快 
干 嘛 啊 



我 换 内裤 
你 打 完 飞机 了 啊 
卡 号 
帐 号 
卡 号 是 不 是 人 口号 
我 转 帐 给 你 
账号 
935 
应该 是 
8703233232 
935  对 不 对 啊 
对 的 
别 转 没 了 
好 了  去 看看 啊 
您 好  我 现在 有 事 不 在  一 会 再 和 您 联系 
ok 
您 好  我 现在 有 事 不 在  一 会 再 和 您 联系 
恩 
这么 快 就 收到 了 啊 
真 神奇 
没 呢 
我 去 看看 
额 
浪费 我 屏幕 
OK 了 
 您好  我 现在 有 事 不 在  一 会 再 和 您 联系 
对 了  这 两 天 相机 能 借 我 用 下 不 
我 想 去 拍 雪 
我 明天 就 要 用 
下午 我 要 去 他家 
去 拍 他家 
我们 要 在 外面 玩  然后 去 他家 
晕 
我 拍 他家 干 嘛 / 以为 你 想 留 作 纪念 么 
不行 不行 你 越 说 越 不 对 劲 
我 感觉 好 怪 啊 
你 哪 天 不 用 相机 啊 
周四 吧 
那 你 什么 时候 还 我 
周五 晚上  行 不 
周六 下午 前 
都 可以 
那 就 OK 了 
行  那 就 白天 你 给 我 香水 的 时候  我 把 相机 给 你 
在 哪里 交易 啊 
什么 时候 交易 啊 
kungshama 地铁站 好 了 
后 天 早上 给 你 啊 
我 不 知道 明天 在 不 在 他家 过夜 
好 啊  好 啊 
后 天 早上  我 就 不 知道 在 不 在家 
我 强烈 支持 
哎呀 
你 不要 乱 想 啦 
真 的 
额 
你 越 说 我 越 觉得 乱 
你 知道 阿桑奇 是 怎么 成 被告 的 吗 
本来 就 不 是 那么 回 事  被 你 说 得 我 心里 有 阴影 
额 
真 的 假 的 
什么 东西 啊 
那 我 不 说 了 
感觉 我 像 是 肉体 换 工作 
哈哈哈 
阿桑奇 就是 因为 晚上 在 瑞典 人 家里 过夜  于是 就 被告 了 
呵 呵 
呵 呵 
如果 你 早上 不 在家 
中午 也 可以 
不 知道 啊 
那 不 是 我 和 他 的 艳照 就 被 你 看到 了 啊 
阿桑奇 就是 因为 晚上 在 瑞典 人 家里 过夜 于是 就 被告  是 什么 啊 


你 知道 阿桑奇 是 谁 吧 
不 知道 
那 就 算 了 
明天 见 哈 
 维 基 解密  网站 创始人  朱利安·阿桑奇 
恩  继续 百度 
现在 逛 街 去 哪里 逛 东西 比较 多 啊 
就 是 中心 啊 
中心 那么 多 地方  具体 点 
就 是 那 一 条 街 啊 
哦 
然后 重 考 的话  哪里 注册 的 
就 发 信息 给 老师 吧 
发 邮件 给 老师 申请 
是 呀 你 的 课程 简介 上 已经 写 了 啊 
发 信 给 谁 
谁 
谁 
我 瞅 瞅 去 
你 明天 早上 急 着 要 香水 不 
您 发送 了 一个 窗口 抖动 
是的 
很 急 


怎么 了 啊 
明天 早上 要 去 逛逛 
什么 意思 啊 
和 同学 一起 逛 街  看 手机 
那 什么 时候 给 我 啊 
不 急 的 话  24 号 一起 给 你 带 过 来 啊 
急 的 话  要么 你 去 拿 好 了 
他 明天 貌似 9 40 靠岸 
不行  我 明天 就 要 
在 哪里 拿 
就 他 回来 的 时候  让 他 打电话 给 你  然后 你 在 lappis 的 地铁站 等 他 
好 的 
然后  你 打算 怎么 和 他 说 
总 不能 说 我 骗 他 吧 
我 就 说 帮 你 拿 吧 
那 他 什么 时候 到 university 地铁站 
不 知道 的 
让 他 下船 的 时候  先 打 个 电话 给 你 
你 给 他 说 啊 
你 不 能 下午 去 逛 街 啊 / 恩  我 明早 打电话 给 他 
早 上 和 同学  下午 和 徐方 
好 吧 
你们 去 kiruna 怎么 住 的 
