你 说 咋 办 呢 
吃 完  然后 在 出去 
我们 都 是 这样 的 
我 晕  好 吧  还 好 romapass 坐 车 不 花钱 
是的  那个 挺 划算 的 
去 斗 兽 场  和 那个 美术馆  我 忘 了 名字 了 
要 预约 的 
斗 兽 场 也 要 预约 
最 贵 的 两 张 门票 
你 什么 时候 走 
伯格 赛 美术馆 是 吧 
14 号 走 
斗 兽 场 不 用 
好像 是 
 ） 离 斗 兽 场 很 远 的 那个 地方 
我 知道 的 
嗯  嗯 
里面 有 阿波罗 和 达芙妮 
好像 吧 
是的  就 是 那个 
去 之前 还 要 重 考  真是  不 经历 风雨  不 能 见 彩虹  啊 
没 事 啦  加油 
我 现在 毕 设 还 没 着落 呢 
都 没 人 管 
急 啥  把 瑞典语 学会 了  再 做 好 了 
哈哈 
你 那些 照片 怎么样 了 
什么 照片 
不 知道 怎么 转 jpeg 
还是 不 知道 
都 传 不 上 qq 
都 是 我 的 错 
找 个 时间 我 帮 你 弄 吧 
没 事  没 事 
回来 了 啊 
行 
到 时 在 联系 吧 
这个 周末 
我 马上 要 出 去 吃饭 了 
 ） 好 
在 么 
才 回来 
下 学期 再 借用 下 你 的 书 吧  我 后 天 又 要 上课 了 
行 呀 
我 现在 都 没 开始 论文  老师 从来 都 不 回 邮件 
我 要 疯 了 
你 吧 你们 路 的 老师 的 邮箱 给 我 呢 
michal 
你 看看 他们 的 网页  我 不 知道 你们 现在 路 的 是 什么 老师 
我 看看 
我们 这 学期 没有 路 
就 是 rock 和 bridge 两 门 课 
我 想 问 下  你们 结构 动力学 和 road 第二 学期 的 课 要 买 书 吗 
不 用 
都 是 发 可见 
课 件 
Rock 和 bridge 的 书 是 必须 的 吗 
不 是 吧  我 觉得 
我 明天 就 来 拿 书 吧  顺便 理发 成 不 
好 的 啊 
顺便 帮 我 也 剪 吧 
哈哈哈 
顺便 叫 上佳 慧 吧 
恩  你 也 一直 都 没 剪 头发 吧 
好  我 问 问 他 
是 呀 
你 给 我 剪 的 头发  我 都 快 伤心 死 了 




这次 保证 不再 失手 
well 
意大利 怎么样 啊 
真 漂亮 啊 
没有 白 去 
因为 我们 去 的 是 淡季  所以 都 没有 排队 
现在 冷 冷 的 
夏天 去 才 更 好 
而且 每天 都 是 晴天 
呵 呵 
不 冷 啊 
那 是 当然 啊 
我 就 穿 那 件 薄薄的 外套 
不过 我 被 意大利 的 地铁 门 给 夹 了 一下  好 痛 
在 罗马 
晕 
你 和 谁 去 的 啊 
我们 班 的 两 个 人 
呵呵 
那 明天 下午 过来 吗 
可以 啊 
什么 时候 啊 
1点 到 你 那里 好 了 
佳慧 呢 
他 还 没 回 我 
我 再 短 信 问问 他 
同学  你 发给 我 了  神经病 


按 错 了 
谁 让 你们 都 是 L 开头 
总是 发送 失败 
我 手机 没 钱 了 
那 就 等等 他 上网 吧 
我 的 也 是 base 了 
哎  我 一 趟 意大利 把 话费 都 用 完 了 
是 呀  在 外国 有点 贵 
对 了  不行 啊 
我 明天 要 去 SFI 报名 
下午 1点 
不过  很快 就 回来 了 
到 时 联系 吧 
好 的 
你 下午 去 报名  那 几 点 回来 呢 
1点 去 
不 知道 啥 时候 回来 
我 正 想 跟 你 说 呢 
要 不 周末 吧 
不行 
我 明天 要 用 书 了 
这样 啊 ----- 那 就 我 回来 给 你 电话 吧 
我 估计 3点 半 能 搞 定 吧 
好 的 
是的 
说不定 更 早  嘿嘿 
在 么 


我 周一 就 回国 了 


撒 
 ） 爽 咯 
是 呀 
回去 吃香 的 喝 辣 的 
3 个 星期 
多 带 些 好吃 的 来 
我 就 带 火 锅底 料 吧 
而且 也 转 暖 了 所以 就 不 知道 待 什么 了 
那 就 帮 我 带 榨菜 吧  哈哈 
晕 
华夏  不 贵 的 
开玩笑 呢 
好 好玩 就 是 啦 
我 现在 也 不 缺 啥 
就 缺 女人  帮 你 带 一个 回来 吧 
你 真 了解 我 
额 
复活节 你们 什么 时候 放 
看看 课表 
一起 去 英国 吧 
好像 15 号 开始 吧 
你 看看 你 课表 
15 到 25 
我 更 想 去 希腊 诶 
3月 去 鬼 希腊 啊 
什么 都 没有 


4月 啊 
都 快 5月 了 
怎么 会 没有 东西 
是 4月 啊 
我 晕 
也 行 
不 错 


你 不 也 没 去 过 么 
一起 去 吧 
去 希腊 吧 
O 耶 
很 贵 啊 
10 号 便宜 
那个 机票 
顺便 去 malta 
我 没 意见 
呵 呵 
你 去 北极 有 没有 看到 极光 啊 
没 



囧 了 
你 做 了 什么 事 
这么 败 人品 
almir draganovic@byv kth se 
记得  千万 记 得 跟 他 联系 啊 


看到 信息  就 给 他 发 邮件 
谢谢 啦 
发 邮件 了 吧 
( 本 消息 由 您 的 好友 通过 手机 QQ 发送  体验 手机 QQ 请 登录  http/ qq com ) 发 了  他 本来 说 今天 上去 去  可是 我 相机 还 没 拿 到 
所以 和 他 约 了 周四 10点 在 他 办公室 
好 的  谢谢 了 啊 
给 我 带 好吃 的 来 谢 我  哈哈 
呵呵  我 到 家 了 
你 到 北京 转 的 吗 
挺 快 的 
是 呀 
能 过年 了  我 只 有 羡慕 的 份 
呵呵 
你 也 可以 回来 啊 
等 明年 吧 
你 机票 定 的 那么 急  会 贵 不 
