在 这 俄罗斯 就 像 一个 巨大 的 文化 钟摆  不断 地 在 东西方 文化 之间 来回 摇摆 
也 因 此 形成 了 俄罗斯 文化  中间 性  和  兼容 性  的 特点 
这 对 欧洲 的 天然气 管道 的 建设 也 有 直接 影响 
中国 和 俄国 之间 是 很 大 规模 的 合作 
若 是 将 这 条 管道 切断  中国 将 会 陷入 极大 困境 之中 是的 
中国 主张 建立 和谐 社会 与 和谐 世界  华夏 文明 有 极 强 的 包容 性  对 外来 文化 相当 厚道 
俄国 地 跨 欧 亚 两 洲  但 看 不 起 亚洲 人 
在 俄语 中   亚洲 人  的 转义 就是  野蛮 人  
俄罗斯 人 素来 以  最 亚洲 化 的 欧洲 人  而 自卑  又 以  最 欧洲 化 的 亚洲 人  而 自傲 
中国 人 随 和  有 很 强 的 从 众 心理 
从 积极 意义 上  像 孟子 所 说   大舜 有 大 焉  善 与 人 同   但 中国 人 往往 从 消极 意义 上 从 众   枪 打 出 头 鸟    出头 的 椽子 先 烂  
那年 冬天  欧洲 很多 人 因为 没有 天然气 等 资源 供应  冻 得 瑟瑟 发抖 啊 
俄罗斯 在 这 一 方面 还 是 掌握 着 很多 话语 权 的 
中国 的 天然气 和 俄罗斯 有 很多 合作 
看来 中 俄 文化 之间 差异 很 大 啊 
但 因为 俄罗斯 有 丰富 的 天然 暖气 
他们 享有 定价 权 
我们 在 谈判 时 非常 的 被动 
的确  我 突然 觉得 对 自然资源 要 保护 啊  就 像 我们 国家 对 稀土 的 出口 也 开始 限制 了  这 是 为了 我们 的 子孙后代 做 准备 啊 
资源 确乎 还 是 得 和 国力 相 结合  如 伊拉克 等 地  资源 反倒 成 了 灾难 之 源 
怀璧 有 罪 
对 啊  这 很 重要 啊 
燕 文说 的 是 啊 
是的  俄罗斯 军备 之 强大 连 美国 都 不 敢 轻易 动 之 
那 是 
但是  当初 美国 不 是 还是 把 苏联 解体 了 吗 
他 内部 也 有 问题 吧 
那 是 内外 因 共同 的 结果 呀 
那 要 追溯 到 赫鲁晓夫 当政 时期 
而且 意识形态 变 了  军事 实力 还 在 啊 
他 主张 亲 美 的 
军事 实力 也 不 如 从 前 了 
恩  是 的 啊 
以前 可以 和 美国 叫 板  现在 也 就是 美国 不 敢 轻易 动 他 
俄罗斯 的 军火 买卖 非常 红火 
其实 也 不 能 片面 强调 军事  穷 兵 黩武  忽略 经济 发展 也 不 是 明智之举 
恩  是 的 啊 
但是  没有 军事 实力  就 不 能 保证 能够 发展 经历 
要 软硬兼施 才 行 
经济 
说 的 对 
包 包 说 的 也 对 
就 像 伊拉克 
其实  俄罗斯 文化 还是 主 和 的  军事 只 为 自保  不 求 伤 人 
是的 
俄罗斯 也 加入 了 很多 经济 组织  租金 各国 贸易 发展 
如  亚 太 经合 组织 
恩  是 的 啊 
恩  目前 他们 也 在 积蓄 实力 的 过程 当中 
促进 
前 阵子 好像 叙利亚 问题  就 中国 和 俄罗斯 投 了 否决 票 
现在 形势 不 不同 了  全球 一体化  不 敢 轻举妄动 啊 
中 俄 立场 还是 比较 一致 啊 
其实 我 认为  都 是 为了 各自 国家 的 利益 吧 
国际 政坛  没有 永远 的 朋友 
也 不 见 得 是 为 公平 正义 啊 
只有 永远 的 利益 
恩  全球 话语 还 是 多元化 比较 好  至少 大家 能 保持 相对 的 和平 
嗯  赞同 
互相 牵制 
不 知道 我们 这些 学 外语 的 人 可以 为 国家 做 些 什么 
间谍 
好 主意 
女性 可以 更 多 地 参与 到 政治 活动 中 
翻译 作品 
纵观 国际 政坛  有 多少 女性 
恐怕 是 屈指可数 
但是  社会 环境 好像 比较 排斥 女性 搞 政治 
女性 本身 就 不 太 适合 政治 吧 
恩  像 吴仪 这样 的 女性  毕竟 还 是 比较 少 得 啊 
错 
错 
错 
恩  女性 还 是 不错 的 
男人 固然 有 男人 的 优势  女人 的 优势 也 不可 替代 





IMF 新 上任 的 总裁 是 法国 前 女 财政部长 
燕 文说 的 对 
女性 往往 为 了 家庭 不 去 搞 政治  她们 有 能力 的 
还是 有 很多 以柔克刚 的 女性 的  比如说  德国 的 默克尔 
美国 国务卿 赖斯 
试问  有 多少 男人 的 魄力 可 与 其 相 媲美 
还有 美国 的 国务卿 
但是  在 很多 需要 决断 的 事情 上  女性 容易 摇摆不定  虽然 女性 考虑 问题 比较 周全 
大家 速度 好 快  我 快 跟不上 了 
思维 活跃 
我们 好像 跑题 了 
她 本身 的 性格 比较 男性化 了 
谁 来 拉 回 我们 
俄罗斯 有 什么 女性 政治家 吗 
换 回 文学 吧 
莫非 他们 是 男 权 主义 
所以  这 也 说明 我们 对 俄 不 了解 啊 
对 啊  真是 惭愧 
应该 拉 个 俄语 的 进来 的 


但是 我们 有 我们 的 理解 
大家 继续 
中 俄 之间 有着 悠久 的 文化 交往 的 传统  这种 交往 甚至 在 古罗斯 最 早 的 史诗 《 伊 戈 尔 远征 记 》 中 已经 萌芽 
13 世纪 以后  成吉思汗 及其 后代 的 南 下 西 征  使 中 俄 之间 有 了 进一步 交往 的 可能 
此后  中 俄 两 国 更 是 相互 关注 
记得 建国 初期  大家 对 俄 国 是 很 关注 的 
俄罗斯 性别 歧视 严重  女性 政治家 很 少 
那 是 是 苏联 吧 
更正  那时 
恩  是 的 啊 
突然 想 起来  关于 俄罗斯 的  苦难 情结   我 补充 一 下  在 俄罗斯 人 看来  似乎 只 有 像 普罗米修斯 那样  通过 苦难  人们 才 能 无限 接近 真理 
这 很 可能 和 他们 的 东正教 的 宗教 影响 很 有 关系 
我们 中国 人 在 这 方面 和 俄罗斯 还 是 有些 共 通 之 处 的 
虽然 我们 还 没有 达到  热爱  苦难 的 程度  但 我们 也 没有 特别 排斥 苦难 —— 我们 并非 极端 的 享乐主义 者  也 非 极端 的 理性 主义 者 
