不 是  晚上 的 班 人 已经 满 了 
哦  那 我 就 两 点 半 了 
那 明天 你们 交 钱 不 

熊 静 明天 下午 要 练习 spss  说 不 去 了 
再 强调 一下  明天 瑜 伽 班 咱们 都 不 去 啦 
明天 下午 上 第一 次 课 
恩  恩 
明天 的 那 一 次 咱们 只能 调 到 下 周 的 周二 或 周四 啦 
什么 时候 交费 啊 
我 中午 回 
刚才 瑜 伽 班 的 貌似 催 我 来 着 
我 也 不 知道 
谁 有 朱 的 号码 
给 我 一下 
紧急 
wo 
好 的 
告诉 我 呗 
我 现在 跟 她 住 在 一起  今天 移动 手机 忘记 带 回来 了 
15092038780 
好 的 
不 知道 变 了 没 
通 了 
呵呵 
她 没 接 
哦  再 打 
哎 
我 这 丢 三 落 四 的 习惯 怎么 就 改 了 
哈哈 
你 不 住 你 姨 家 了 啊 
顾 不 上 
这么 好 啊 
你们 询 盘 是 不 是 特别 多 啊 
你 都 负责 什么 呀 
不过 网上 说  用 那 个 好  开发 客户 什么 的  我 也 不 太 清楚 
跟 老 客户  开发 新 客户 
挺 多 的 
医疗 器械 行业 就 这样 吧 
但是 回复 了  也 有 很多 没 下 文 的 一百 个 里面 能 逮 住 一个 也 好 啊 
目前 我 还 没 逮 住 
哈哈 
哈哈 
惟一 开发 几 个 还是 展 会 的 
展 会 还 是 不错 的 
我 得 想 办法 快 点 接 个 单 
可 不 可以 给 我 看 看 你 阿里巴巴 的 网站 
我们 公司 的 
是的 
可以  有 机会 的 话 
主要 是 福建  浙江  广东 那边 做 外贸 网 店 的 用 
等 到 新 公司  看看 吧 
北方 做 外贸 网 店 的 不 多 
就 是 
北方  还 是 落后 啊 
木 有 办法 
北方 的 还 是 喜欢 TT 
大姐 在 哪里 
在 寿光 
你们 公司 是 轮胎 吗 
嗯 
我 同事 说  不错 行业 啊 
准备 下班  走 人 
明儿 见 
（ 回复 ） 张 宝宝 ( 565480052 ) 17512 吃饭 是 你 
姐妹 们  回去 请 阅读 吴宗杰 老师 的 五 篇 PDF 文档 和 09 级 的 讨论 文稿 （ 我会 传到 共享 ）  我们 初步 定 在 10 6 号 晚上 在 QQ 上 就 第一 节 课 的 内容 进行 讨论 
重点 阅读 pdf 中 的 中 西 话语 权势 关系 的 语言 哲学 探 源 
届时 每个 人 就 吴宗杰 老师 的 课程 的 感触 和 思考 进行 发言  其他 同学 适当 评论 等 
发言 完毕 后 就 我们 阅读 的 材料 中 的 内容 提出 自己 的 疑问 和 见解 
我们 的 重心 在于 发现 问题 并 提出 解决 方法 
大家 也 可以 提前 将 自己 的 感触 发 上来  这样 大家 可以 提前 进行 思考 
谢谢 大家 了 
鞠躬 
有 啥 其他 问题 咱们 再 讨论 
好 的 
辛苦 了 哈 
0k 
恩  好 的 
三 克 油 
这 门 课 太 难 了  大家 尽力 吧 
嘿嘿 大家 节日 玩 的 开心 哦 
看 这 名字 就 觉得 很 复杂 
就 是 的 
不过 那 篇 我 说 重点 看 的 ｐｄｆ 是 真 的 写 得 好 
很 有意思 
小白  你 别 那么 肉麻 
私 聊 私 聊 我们 这些 电灯泡 都 在 发光 哪 
姐妹 们 在 线 了 么 
在 的 大家 举 个 手 吧 
还 在 看 第一 篇 
好像 人 不 多哈 
恩  我 短 线 下 问问 看 
刚 看 完  没 感受 
感受 很多 
无法 用 语言 表达 
要么 改 明天 
嘿嘿 
《 西 话语 权势 关系 的 语言 哲学 探 源 — 话语 学 的 文化 研究 视角 》 感受 很多  无法 用 语言 表达 
静静 
这 话 好  写 上 讨论 稿 去 
静静 高度 归纳 了 吴 老师 的 精髓 啊 
这 是 记录 真实 的 行为 
道 可 道 非常 道 
很 批判 
言 不 可 说 
就 是 啊 
我 说 真 的  把 这 句 话 写 上 去 
同感 
感觉 混乱 了 
没 法 说 
好 了  那 我们 开始 讨论 吧 
我 再 去 叫 叫 他们 
啊 
我 先 把 我 的 感触 发 上来 
欢迎 大家 对 我 的 bullshit 进行 发言 
言 不 可言 
首先 我 来 谈谈 上 吴 老师 课 的 感触 
收获 有 如下 几 点 
第一  我 开始 重新 思考 语言 的 作用 
在 批判 话语 分析 这 门 课 中  我们 曾经 学 到 了 福柯 的 观点  即 话语 （ discourse ） 构成 了 社会 
那 座 山 之所以 在 那里  是 因为 有  山  这个 词 来 描述 它 
这个 抽象 的 观点 是否 正确 暂且 不论 
可以 肯定 的 是  语言 对 社会 发展 起 着 至关重要 的 指引 和 表述 作用 
在 吴 老师 的 论文 《 中 西 话语 权势 关系 的 语言 哲学 探 源 — 话语 学 的 文化 研究 视角 》 一 文 中  读 到 很多 严重 的 社会 问题 是 由 语言 导致 的 
这 不 禁 让 我 想到 语言 对 思维 的 绑架 和 对 认知 的 误导 
一  由于 大量 西方 词汇 的 流入 和 中国 受众 盲目 的 崇洋媚外  使得 一些 本身 不 存在 或 存在 但 不 明显 的 社会 问题 一触即发 
我 能 想到 的 有 同性恋  暴力  性  等 
当代 社会 的 性 泛滥 和 严重 的 社会 暴力 很 大 程度 是 受到 了 西方 词汇 的 煽动  二  就是 词汇 内涵 的 扭曲 或 认知 匮乏 导致 了 一个 模拟 的 无 实质 内涵 的 西方 社会 
正 如 吴 老师 在 文 中 写道 的   于是 借助于 根本 无法 忠实 反映 事物 的 语言  我们 想象 了 一个 西方 世界  并 通过 这样 一 种 语言 实践 吧 幻想 转化 为 真实 的 社会 现实  而且 相信 这 就是 我们 从 西方 学 来 的  
试问  中国 人 现在 崇尚 的 圣诞节  万 圣 节  感恩节  有 谁 知道 他们 的 真正 内涵 
圣诞节 俨然 已经 成为 了 购物 和 浪漫 的 代名词  又 有 多少 人 知道 它 在 西方 的 宗教 内涵 
