" 掩盖 了 中 西 社会 结构 间 存在 的 巨大 差异 
那 咱们 怎么 避免 这 种 偏见 呢 
追 源 
看 事实 
不 带 任何 偏见 地 展现 事实 
晕  那 段 话 是 我 复制 的 pdf 文件  传 上去 变成 这个 样子 了 
这 就 是 西方 表征 词语 对 咱们 造成 的 污染 
其实 词语 本身 是 没 有 价值 褒贬 的  中国 的 社会 也 没有 被 一刀两断 的 分 为什么 什么 社会  只 是 历史  没有 哪个 比 哪个 更 低俗 
还有 就 是 如果 失落 了 这个 词语  当 我们 再 想 提及 一些  封建  的 东西 时  应该 用 什么样 的 语言 呢 
贵妃 言 之 有 理 
嗯  只 有 差异 没 有 差距  呵呵 
对 的  中国 文化 也 没有 好 与 坏 的 本质 
如果 有  只 是 人们 以 西方 文化 作为 参照 一点 点 地 从 排 他 的 形式 中 建构 出来 的 
放 在 特定 的 历史 时期 总 会 带 上 一定 的 褒贬 色彩 
其实 封建 这个 词 就 本意 来说 应该 是 中性 的 吧 
我 的 愚 见 
丹丹 指 的  失落  是 什么 意思 
 失落  应该 是 对 语言 意义 的 颠覆 吧 
我们 不 是 说 它 放 在 哪个 时期  而是 这些 一刀两断 的 时期 划分 词语 是 西方 文化 的 产物 
只 是 我们 照搬 到 中国 文化 中  才 是 中国 文化 带 上 了 原 不 该 有 的 文化 色彩 
金秀 同学 明白 了 吗 
颠覆 是 曲解 和 误解  还 是 完全 是 南辕北辙 的 逆 反 
就 像 七月 流 火 总 会 被 人 认为 是 形容 天气 很 热 的 词 一样 
就 这个 词 本身 来说   封建  （ 封邦 建国  原本 是 指 秦代 以前 的 神 会 形式  像 周代 的 分封 诸侯  后来 被 后人 误用 
首先 是 被 谁 误用 的 
我 看看 哈 
提到 封建  我 的 感性认识 是 专制 
至于 分封 诸侯  其实 还 有 权利 相互 抗衡 和 制约 的 东西 在 里面 
姐姐 们  要不 咱们 明天 在 讨论 吧 
我 发现 没 读 论文 的 话 就 容易 跑题  而且 不知所云 
明天 大家 吧  文章 都 看看  至少 明白 中心 是 什么  然后 搜集 些 资料 观点 怎么样 
其实 丹丹 一 开始 就 很 切题 的  后来 被 我们 几 个 跑 偏 了 哈 
我 觉得 咱们 的 讨论 时 东 一 耙 西 一 耙  完全 没有 中心 点  而且 好像 大家 也 不 太 清楚 吴 老师 的 中心 论点 是 什么 
不过 讨论 的 乐趣 也 是 在 前面 有 人 引 线  后面 大家 自由 发挥 的 哈 
快 把 我们 拉 回 正道 
我们 需要 一个 论点  而 不 是 泛泛而谈 
知道 啦 
至少 要 大家 都 看 过 文章  才 能 明白 讨论 的 是 什么  也 才 能 插 上 话 啊 
丹丹 还 在 不 
" 封建  概念 使用 上 的 这种 变化 始 自 20 世纪 初 的 新文化 运动 
日本 受 中国 文化 的 影响 
是 在 中国 传统 意义 上 使用 封建 概念 ’ 由于 日本 幕府 体制 下 的 封建 制度 与 中世纪 西欧 的 feudualism 酷似  日本 以 封建 制度 或 封建主义 对应 feudualism  较 成功 地 实现 了 东 西方 现代 学术 语汇 的 对接  游 学 日本 的 陈独秀 将 日本 人 作为 前 现代 标签 的 封建 制度 移 来  贴 在 了 秦代 以至 清末 的 中国 社会 之 上 形成 封建 = 前 近代 = 落后 + 反动 的 公式 
原来 如此 
确实  五四 以来 我们 的 很多 新词 都 是 从 日本 拿 来  日本 从 西欧 拿 来 
丹丹  你 给 大家 定 其中 一 篇 文章 作为 讨论 主题  其他 文章 要 读  因为 那 是 辅助 参考  不 读 也 不 懂 
潇潇 说 的 是 词汇 迁移 现象 却 没有 分析 出 现象 下 的 本质 
恩  我 说 了 呀 
我 说 那 篇 中 西 的 啥 是 主要 的 
可 现在 讨论 主题 到底 是 什么 
对 的  五四时 期 的 文人 大都 留学 日本  受 日本 当时 中国 文坛 受 日本 人 呢 影响 较 大 
嗯  嗯 
呵呵  如果 说 本质 的 话 呢  就是 外来语 对 中国 原有 语 的 影响 
讨论 的 主题 大概 就 是  一 语言 对 社会 问题 的 影响  二 西方 文化 霸权 
其实 大家 又 何必 被 吴 老师 局限 呢 
同感 
xu  你 不 理 我  啊 
Sorry 
对  大家 先 说 啥 就 说 啥 吧  但是 主要 么 就 是 讲讲 和 文明 对话 有关 的 东西 
我们 这样 的 讨论 很 真实 
没有 被 吴 老师 的  外来 话语  所 影响 
原汁原味 
如果 世界 不 表征 对象  如果 比喻 意义 不再 试图 象征性 的 表征 事物  会 当 如何 
如果 思想 的 目的 不 是 为了 得出 抽象 结论  如果 语言 不再 试图 下 一个 定义 而是 尝试 去 反映 环境  会 当 如何 
如果 演说 世界 的 目的 不 是 为了 得出 真理  会 当 如何 
这 就 是 中国 传统 话语 阐释  与 西方 话语 理论 的 不同 
静静 说 得 对  原汁原味 哈 
我们 就 是 富阳 的 东 坞 村 
你们 继续 扯 吧 
我 下 了  明天 我 会 交 一 份 论文 给 丹丹 
先 拜 了 
实在 讨论 不 出 什么 了 
恩  好 
尽快 给 我 哦 
大家 有 话 的 话 就 发言  没 的话  要 不 没 人 回去 写 段 感言 吧 
在 这里 确实 很 凌乱  没 啥 大 内容 
大家 说 呢 
不过  刚才 短暂 的 发言 大多 还 是 很 有意思 
到 时候 真 打 到 讨论 稿 里 去 
但是  最 好 有 几 段 较 长 的 发言 的 
大家 说 呢 
同意 
大家 畅所欲言 的 说 一下  也 是 不错 的 
那 明晚 之前  最 晚 明晚 之前  大家 把 自己 的 感触 发给 我 吧 
我 整理 下  然后 大家 再 看 下  最后 传 上 去 吧 
或者  我 把 文稿 传到 共享 
嗯  好 的 呢 
我 加紧 
每个 人 把 自己 的 加 进去 后 再 传 到 共享 
大家 看 哪个 比较 好 
你 整理 吧  相信 你 的 
