全 州 县 公安局 户政科 工作 人员  20 块 钱 工本费  像 你们 在 乡下 的 话  要 邮寄 的 话 15 块 钱  还有 10 块 钱 的 照相 费 
记者  那 一 共 得 交 给 您 什么 钱 
全 州 县 公安局 户政科 工作 人员  45 块 钱 
村民 5 他们 说 多少 钱 我们 就 得 交 多少 钱  说 是 100 块 钱 我们 也 要 办 的 啊  没有 身份证 没有 办法 出去 办事  出去 一 定 得 要 身份证 的 
演播室 主持人 方静  办理 第二 代 居民 身份证  国家 对 怎么 收费 做 了 明确 的 规定  公安部 也 三令五申  要求 各地 严格 执行 国家 规定 的 收费 标准 
公安部 还 根据 各地 群众 举报 的 情况  不 间断 地 派出 检查组 到 各地 明察暗访  严肃 查处 借 办 第二 代 身份 正 搭 车 乱 收费 的 单位 和 个人 
25 块 钱 有些 人 可能 觉得 数目 还 不 大  可是 对 收入 不 高 的 农村 居民  尤其 是 人口 多 的 家庭 来说  这 也 是 一个 不 小 的 负担 
即使 交 得 起 这 45 块 钱  作为 政府部门 的 收费 项目  一分 钱 也 不 能 多 收  更 不能 以 强制 提供 服务 的 方式 乱 收费 
好  感谢 您 这 期 的 《 焦点 访谈 》  并 欢迎 您 给 我们 提供 更 多 的 新闻 线索  再见 
结语  采集 人  王宗华 今年 是 红军 长征 胜利 七十 周年  全国 各地 都 在 以 各种 方式 表示 纪念 
不久前  《 焦点 访谈 》 记者 加入 到 由 中央电视台 组织 的  我 的 长征  活动 中  与 队员 们 共同 体验 长征  纪念 长征 
采访 中 记者 发现   我 的 长征  队员 们 在 重 走 长征 路 过程 中  思想 得到 了 净化  意志 得到 了 磨炼  他们 用 亲历 者 的 感受 和 发现 诠释 伟大 的 长征 精神 
 我 的 长征  是 中央电视台 举行 的 大型 电视 活动  活动 征集 了 25 名 志愿者  以 重 走 长征 路 的 形式 纪念 长征 
这 支 队伍 从 今年 5月 从 江西 瑞金 出发  途经 江西  湖南  广西  四川  贵州 等 地  按照 当年 长征 行走 的 路线  如今 已 走 了 半 年  徒步 行程 达到 5000 多 公里 
队员 们 在 挑战 体能 极限 的 同时  也 在 用 自己 的 眼睛 和 心灵 去 感悟 长征 
在 半 年 的 长征 途中  队伍 每 经过 长征 遗迹  重要 会议 旧址 以及 红军 烈士墓 地 都 要 与 当地 群众 一起 重温 和 缅怀 红军 当年 的 革命 事迹 
队员 们 在 了解 长征 那段 艰苦卓绝 的 历程 之后  历史 和 祖国 在 他们 心目 中 变 得 更加 生动 
五千 多 公里 的 路途 让 队员 们 收获 很 多 
他们 认识 到 今天 的 幸福 生活 与 革命 先烈 的 伟大 付出 密不可分  认识 到 长征 精神 包括 坚持  信仰  团结  宽容 等 许多 内容 
长征 给予 了 这些 队员 们 平时 难以 得到 的 体验 
队员 们 希望 有 更 多 的 中国 人 能 亲身 感受 伟大 的 长征 
演播室 主持人 翟树杰  各位 观众  大家 好 
最近  长征 成 了 很多 人 的 热门 话题  人们 用 各种 方式 来 追忆 长征  了解 长征  感悟 长征 
参加 中央电视台  我 的 长征  大型 活动 的 队员 们 则 是 用 自己 的 双 脚  踏 着 当年 红军 的 足迹 再 走 长征 路 
前 些 天 我 到 贵州 采访 了 他们  并 同 队员 们 共同 行走 了 三 天  谈 起 走过 的 路  队员 们 感受 很多 
翟树杰 记者  我们 这个 长征 队伍 沿途 走过 了 四千 多 公里 的 路  中间 不乏 很多 欢迎 的 群众  不乏 很多 鼓励 的 目光 和 鼓励 的 话语 
但是 更 多 的 时间  他们 是 这样 默默 地 走 着  大家 往 前面 看 
解说   我 的 长征  是 中央电视台 举行 的 大型 电视 活动  活动 征集 了 20 几 名 志愿者 以  重 走 长征 路  的 形式 纪念 长征 
这 支 队伍 今年 5月 1日 从 江西 瑞金 出发  途径 江西  湖南  广西  四川  贵州 等 地  按照 当年 长征 的 路线  现 已 行走 了 六 个 多 月  徒步 行程 达到 五千 公里 
这 一路 走 来  他们 一方面 超越 了 自己 体能 的 极限  感受 当年 红军 的 艰难  另一方面 所到之处  他们 也 在 用 自己 的 心灵 和 眼睛 去 感悟 长征 
路昶 全 是 一 名 大学生  队伍 刚 出发 不久 路昶 全 就 受伤 了  队 里 找 了 一 匹 马 来  而 他 却 怎么 也 不 愿意 上马  他 说 他 要 走 一个 小 兵 的 长征 
路昶 全  我 的 长征  队员  因为 平时 我们 在 电影 上 看到 的 有 很多 是 形容 首长 的  对 吧 
那些 伟人 的  很 少 有 从 一个 小 兵 的 视觉 来 看待 这 件 事情  所以 我 就 想 体验 一下 
解说  路昶 全 咬牙 坚持 了 下来  继续 着 他 小 兵 的 长征 
在 五 个 多 月 的 长征 途中  队伍 每 经过 长征 遗迹  会议 旧址 以及 红军 墓 都 要 进行 祭奠 
路昶 全  我 站 在 那儿 就 有 一 种 莫名其妙 想 流泪 的 冲动  一 条 不 宽 的 河  但是 当年 的 烈士  那么 多 红军 战士 把 生命 都 留 在 那个 地方  永远 回 不 了 家 了 
解说  湘江 战役 是 红军 长征 历史 上 最为 惨烈 的 一 仗 
1934年 11月  国民党 在 湘江 沿岸 设立 了 第四 道 封锁线  经过 10 余 天 的 激烈 战斗  红军 渡过 了 湘江  突破 了 第四 道 封锁线 
但是 也 付出 了 惨重 的 代价  中央 红军 及其 军委 两 纵队 由 8 6万 人 锐减 到 3万 人 
路昶 全  我 是 从 福建 宁化 出发 的  那 也 是 一个 革命 老区  那个 地方 的 人  就是说 老乡 们  乡亲 们 对 红军 的 感情 也 非常 的 深刻 
当时 我们 出发 前  老乡 们 就 对 我们 说  你们 过 湘江 的 时候 一定 要 帮 我们 祭奠 一下   因为 当时 在 宁化 出发 的 时候  有 1万 多 人  就 有 好 几千 人 都 死 在 那个 地方 了  非常 非常 惨 
