在 万顺 华 公司 的 饲料厂  记者 发现 用于 加工 饲料 的 设备 蒙 着 厚厚的 灰  显然 是 许久 没有 使用 了 
该厂 工作 人员 也 表示  这里 的 饲料 生产 已 经 停 两 年 了 
此外 记者 还 发现  最近 的 领 料 单 仅 是 2005年 的  而 没有 今年 的 领 料 单 
记者 将 此事 向 长春市 工商局 绿 园 分局 进行 了 举报 
虽然 当地 工商局 对 陈 化 粮 的 入库 及 饲料 的 出 库 负有 监管 职责  但 他们 却 对 此 拒绝 做出 解释 
陈 化 粮 究竟 是 如何 逃脱 监管 的 
谁 又 该 对 此 负责 
此事 关乎 广大 消费者 的 健康  希望 有关 部门 能 彻底 查清 此事 
结语  采集 人  王宗华 《 伟大 壮举 光辉 历程 —— 纪念 中国 工农红军 长征 胜利 70 周年 》 主题 展览  自 10月 16日 开展 以来 吸引 了 众多 观众 前来 参观 
截至 11月 11日  在 短短 27 天 内 共 有 100 多 万 人次 前来 参观  平均 每天 大约 有 4万 名 观众  其中 大部分 都 是 自发 而 来 的 
红军 用 鲜血 和 生命 铸就 的 长征 精神 穿越 时空  无论 时代 发生 什么样 的 变化   长征 波  的 辐射 作用 都 难以 消逝  70 多 年 后 的 今天  它 同样 在 激励 着 这个 时代 的 人们 
在 展览 大厅 记者 看到  来 参观 的 既 有 青少年 也 有 年迈 的 老红军  大家 被 长征 故事  长征 精神 感动 着  鼓舞 着 
其中 不少 人 已经 不 是 第一 次 来 参观  他们 还 把 这些 展品 拍 下来 准备 作为 宝贵 的 资料 留给 后人 
据 统计  截至 11月 11日  观众 留言 已经 达到 4万 条  平均 每 25 个 参观者 当中 有 一 人 会 写 下 留言 
记者 在 现场 还 遇到 了 不少 知名人士 
被 誉为  当代 产业工人 杰出 代表  的 青岛港 工人 许振超 也 在 参观 现场 
他 表示 他们 十分 需要 长征 精神 的 激励  需要 这种 不怕牺牲  不怕 任何 困难 的 信仰  努力 把 码头 建设 好 
著名 跳水 运动员 郭晶晶 说  他们 将 更加 吃苦耐劳 加强 训练 为 国 争光 
全国 十 大 杰出 法官 宋 鱼水 表示  要 学习 红军 密切 联系 百姓  去 感受 他们 的 疾苦  要 积极 去 教育  帮助  爱护 群众 
长征 精神 既 是 中国 的 也 是 世界 的 
记者 注意 到  还有 不少 外籍 人士 来 此 参观  他们 表示  他们 对 长征 所 表现 出 的 团结  克服 一切 困难  自我 牺牲 的 精神 十分 敬佩  这 一 段 历史 令 人 难忘 
结语  采集 人  王宗华 2006年 9月 以来  中央电视台 科教 频道 讲述 了 很多 感人 故事  它们 构成 了 《 讲述 · 文明 中国 》 系列 节目 
这 50 多 个 故事 都 发生 在 创建 文明 城市 的 过程 中  他们 表现 出 了 人 与 人 之间 深切 关怀 和 真挚 情感 
今天 《 焦点 访谈 》 要 讲述 的 是 一个 发生 在 青岛 的 故事 
今年 5月 13日  三 位 青岛 市民 突然 被 大 风 吹 起来 的 大型 游戏 气垫 床 砸 伤 
被 砸 伤 的 三 人 分别 是 退休 的 李苹  范庆芳 女士  还有 一 位 是 叫 朱文玉 的 男子 
事发 后  他们 都 被 送 进 了 医院 
其中 朱文玉 被 鼓风机 砸 中  处于 昏迷 状态 
这 场 事故 让 每月 退休金 仅 千 余 元 的 范庆芳 和 李 苹 增加 了 一 大 笔 开支  身体 饱受 折磨  而 最 让 她们 难以 接受 的 是  气垫 床 主人 杨小辉 始终 没有 露面 
其实  事发 后 杨小辉 一直 在 找 她们 俩  但是 始终 没有 联系 上  他 一直 在 照看 朱文 玉 
两 位 老人 没 想到 的 是  为了 救治 朱文 玉  杨小辉 已经 借 了 四千 块 钱  家中 所剩无几 
更 令 人 想不到 的 是  他 还有 一个 身 患 重病 的 三 岁 女儿  急需 一二十万 元 治疗费 
尽管如此  杨小辉 仍然 决定 停止 女儿 的 治疗  而 将 治疗费 送给 三 位 伤者 
得知 这 一 事情 后  大家 决定 停止 治疗  并 拿 出 一些 退休金 资助 杨小辉 一 家 
故事 还 没 结束  就 在 这时  已经 停止 治疗 的 小 杨帆 病情 突然 加重 
李苹  范庆芳 听到 这个 消息 后  向 自己 所在 的 老年 大学 反映 了 一下  结果 得到 大家 的 热烈 响应  人们 纷纷 慷慨解囊 
青岛 媒体 也 将 这 段 感人 故事 公 之 于 众  结果 更 多 的 青岛 市民 向 小杨 帆 伸出 了 援助 之 手 
截至 目前  社会 各界 已 为 小杨 帆 捐款 9万 多 元  使 她 的 治疗 得以 继续  而 援助 小 杨帆 的 行动 仍 在 继续 中 
其实 在 我们 身边  像 这样 真挚 感人 的 故事 每天 都 在 发生 着 
这些 故事 演绎 着 一个 城市 的 形象  是 一个 文明 城市 的 精神 财富 
它 体现 着 社会 文明 的 发展 和 人 与 人 之间 的 和谐  而 这种 发展 与 和谐 正是 我们 建设 和谐 社会 的 基础 
结语  采集 人  王宗华 人体 体内 藏 毒  由于 隐蔽性 强  一直 以来 都 是 各国 禁毒 工作 的 一个 难题 
广州 海关 在 最近 短短 两 个 多 月 时间 里  连续 查获 33 起 人体 藏 毒 案  平均 不 到 两 天 就 查获 一 起  为 建国 以来 罕见 
广州 白云 机场 是 国内 最 为 繁忙 的 空港 之一  也 是 我 海关 关员 和 缉私 警察 同 境外 贩毒 集团 较量 的 主要 战场 之一 
通过 行李 夹 藏  鞋底 藏 毒 等 方式 进行 毒品 走私 在 这里 时常 遇到 
境外 贩毒 集团 在 我 海关 关员 加大 打击 力度 的 同时  开始 频繁 利用 人体 藏 毒 这 一 隐蔽 形式 走私 毒品  而且 愈演愈烈 
从 9月 4日 以来  在 2 个 来 月 的 时间 内  广州 海关 接连 查获 毒品 走私 案件 53 宗  缴获 各类 毒品 61 1 公斤  抓获 犯罪 嫌疑人 55 人  涉及 人体 藏 毒  快件 寄 毒 和 行李 夹 藏  其中 在 白云 国际 机场 口岸 连续 查获 33 宗  涉及 毒品 海洛因 27 3 公斤 的 人体 藏 毒 案件 
据 了解  抓获 的 三十 多 名 犯罪 嫌疑人 全 是 外籍 人士 
这些 人体 携 毒 者 被 境外 贩毒 集团 雇佣  年龄 集中 在 20 到 40 岁 之间 
