在 协和 医院 治疗 期间  为了 学习 先进 的 医疗 经验  她 还 一边 治病  一边 主动 去 学习 和 总结 
也许 是 乔淑萍 对于 医生 这 份 职业 的 挚爱 感动 了 上苍  经过 七 个 月 的 治疗  乔淑萍 最终 战胜 了 死神  回到 了 她 的 患者 中间 
乔淑萍 认为  这些 经历  使 她 更加 热爱 生活  同时 对 医生 这个 职业 有 了 更 深 的 理解 和 感悟  她 说  能 做 一个 好 医生  是 她 一生 的 追求 
结语  采集 人  王宗华 10月 10日 下午  昆明市 滇池 管理局 执法 大队 接到 群众 举报  在 滇池 福 保 湾 一带 水域 发现 有 大量 油污 漂浮 在 水面 上 
接到 举报 后  执法 人员 迅速 赶往 现场 
初步 判断  污染 面积 达 100 多 亩 
生态 仍 很 脆弱 的 滇池 遭到 了 有史以来 发现 的 最 大 规模 的 废油 污染 
在 相关 部门 对 滇池 水体 进行 严密 监测 的 同时  执法 人员 也 迅速 锁定 了 污染源  一 艘 正在 滇池 挖 取 淤泥 的 治污 船 
记者 在 船上 看到  还有 大量 油水 混合物 瘀 积 在 船底 
此外  执法 人员 还 发现  在 船 甲板 上 也 有 大量 油污  机器 上 多 处 部位 漏 油 的 情况 严重 
据 了解  这 艘 船 所属 单位 为 中 海 工程 建设 总局 
调查 发现  该 船 已经 使用 了 20 多 年  设备 老 旧  没有 安装 油水 分离器 等 必要 设备  存在 多 处 污染 水体 的 隐患  已经 不 能 保证 正常 运转 
这样 的 一 艘 船 为什么 不 进行 维修 还要 继续 使用 呢 
施工 单位 解释  因为 其他 船只 都 在 外地  为了 赶 工期  这 艘 船 只能 边 修理 边 施工 
在 昆明市 海事 局 记者 了解 到  这 艘 挖 泥 船 在 2002年 11月 已经 申报 停 用 
按照 相关 规定  重新 起用 这 条 船  应该 先 到 昆明市 海事 局 进行 船舶 质量 检验  然后 才 能 办理 施工 许可证 
有关 部门 解释  因为 工期 短  工作 不 仔细   有所 疏忽   才 给 办理 了 有关 证明 
此外  滇池 管理局 表示  在 施工 阶段  由于 工作 人员  疏忽   也 没有 有效 进行 日常 监管  致使 污染 事件 发生 
目前  有关 部门 已 将 该 船 拖 离 作业 水域  并 作出 了 相应 处罚 
结语  采集 人  王宗华 11月 21日  黑龙江省 哈尔滨 双城市 一 辆 满载 小学生 的  送 子 车   在 营运 途中 发生 坠 桥 翻车 事故  目前 已 造成 8 名 小学生 不幸 死亡  39 人 受伤  其中 7 人 重伤 
当天 6时 40分  一 辆 车 牌号 为 黑 A12628 的 客车  载 50 名 学生 和 一 名 成年人 从 周家镇 东跃村 苏 家 窝棚 出发 前往 周家镇 中心 小学  在 途经 一 座 小 桥 右 转 时 翻 下 桥  掉 入 结冰 的 河内 
事故 发生 后  伤者 被 送 往 就近 的 医院  目前  除 一 人 外  其他 伤者 基本 脱离 生命 危险 
经 确认  这 辆 客车 核定 载 员 为 26 人  超载 近 一 倍 
双城市 交通局 副 局长 刘金录 称  该车 没有 道路 运输 许可证 和 车辆 营运 证  属于 黑车 
记者 调查 发现  这 辆 车 不仅 不 具备 客运 资格  而且 已经 连续 6 年 没有 进行 过 年检  肇事 司机 也 不 具备 驾驶 客车 的 资格 
家长 表示  由于 路 远  每天 接送 孩子 上下学 不 现实  此外  学校 无法 提供 校 车  也 没有 住宿 条件  于是 共同 租用 这 辆 车 接送 孩子 上下学 
据 了解  东跃村 这些 孩子 所 面临 的 情况 在 双城市 并 不 少 见  当地 出现 了 许多 这样 负责 接送 孩子 上下学 的  送 子 车  
为了 防止 类似 悲剧 再次 上演  哈尔滨市 政府 在 事发 当天 即 出台 文件  要求 交通 和 公安 部门 严厉 打击 非法 营运  并 在 全市 范围 内 进行 排 查  规范  送 子 车  
结语  采集 人  王宗华 近 几 年  内蒙古自治区 鄂尔多斯市 在 生态 保护  经济 发展 和 城市 建设 等 方面 注重 可 持续 发展  积极 探索 人 与 自然 和谐 相处 的 发展 之 路 
前些年  由于 过度 放牧  鄂尔多斯市 的 生态 环境 逐年 恶化  百姓 生活 水平 停滞不前 
为了 彻底 改变 这 一 状况  鄂尔多斯市 痛 下决心  在 实行 以 草 定 畜 政策 的 同时  还 大力 推广 规模化 圈养 
经过 五六年 的 努力  不仅 草场 植被 恢复 了  牲畜 头数 也 大量 增加  牧民 生活 水平 大幅 提高 
此外  鄂尔多斯 还 在 自然 条件 恶劣 的 地方 实施 生态 移民 战略  将 有 条件 的 农牧民 分期 分批 转移 到 城镇 
经过 多年 摸索  鄂尔多斯市 引种 了 适宜 当地 生存 的 先锋 树种 —— 沙棘  在 一些 干旱 硬 梁 地区 和 半 荒漠化 沙地 种植 柠 条 和 沙柳  对 沙漠 采取 林木 锁边  分割 控制 等 办法  使 当地 生态 环境 恶化 的 趋势 得到 彻底 控制  并 形成 局部 好转 的 局面 
在 经济 发展 过程 中  鄂尔多斯 提出 了 高 起点  高 科技  高 产业链  高 附加值  高度 节能 环保 的 总体 发展 思路  着力 推进 循环 经济  一 批 新型 的 工业 园区 应运而生  为了 满足 城市 发展 的 需要  在 离 老 城 20 公里 的 荒地 上 规划 建设 新 城  新 城 的 规划 也 体现 了 尊重 自然  保护 生态 的 发展 理念 
结语  采集 人  王宗华 11月 19日  第九 届 北京 国际 汽车 展览会 在 北京 国际 展览 中心 开幕 
采访 中 记者 了解 到  在 这 一 届 展 会上  国内 厂商 推出 的 一 系列 拥有 自主 知识 产权 的 新 车  概念 车 表现 不俗  吸引 了 许多 人 的 目光 
记者 注意 到  本次 车 展 上 的 国产 品牌 首发 新 车 一 改 过去 简单 抄袭 模仿 的 特点  大多 采用 了 国内外 最 先进 的 技术 
在 展 会上  长城 汽车 公司 推出 的 长城 赛 羚 房 车 引起 了 经过 它 旁边 的 观众 的 注意 
记者 看到  该 款 车 不仅 设计 紧凑  而且 车 内 日用 家具  家电 一应俱全  非常 适合 休闲 旅游 
东风汽车公司 推出 的 轿 跑车 采用 了 许多 先进 制造 技术  并且 具有 自主 知识 产权  许多 业内人士 给予 了 很 高 评价 
