57年 后  我们 得知 《 红岩 》 小说 的 作者 之一 罗广斌 在 创作 小说 之前  还 给 党组织 写 过 另外 一 份 关于 狱中 情形 的 秘密 报告 
这 份 报告 是 根据 他 在 狱中 的 亲身 经历 和 狱中 部分 同志 讨论 形成 的 
在 尘 封 了 57年 之后  这 份 报告 和 另外 一 批 关于 《 红岩 》 历史 的 珍贵 档案 一同 被 解密 
1949年  邱时春 只 有 17 岁  还 是 重庆市 树人 中学 的 一个 女生  在 11月 27日 的 那个 恐怖 的 夜里  她 和 宿舍 里 的 所有 女 同学 根本 无法 入睡  在 不远处 的 歌 乐山 急骤 的 枪声 整整 响 了 一 夜 
邱时春 重庆市 二十九 中 红岩 英烈 班 首届 班主任 / 大屠杀 见证 者  听见 那个 炮 呀  枪 呀  真 的 可怕  有的 女 同学 就 用 被子 把 耳朵 堵住 
他们 告诉 我  说 墙上 站 满 了 兵  国民党 的 兵  谁 要 出 去 就 给 你 一 枪  就 完 了 
当时 的 邱时春 不 会 知道  那时 在 歌 乐山 下 正在 进行 着 一 场 惨绝人寰 的 屠杀  那里 发生 的 事情 将 彻底 影响 她 的 一生 
邱时春  又 害怕 又 紧张  我 就 说 这些 人 怎么 这么 狠  你 要 看 了  凡是 有 一点儿 良心 的 人  都 受不了  它 整个 遍 山 都 是 尸体  这 一 堆 那 一 块 尸体  尸体 又 看 不 见 完整 的 人  满山遍野 的 人  爹 呀  妈 呀 就 找  儿子 呀  孩子 呀 地 找 人  怎么 找 
到 哪儿 去 找 
57年 前  邱时春 只 有 17 岁  这 一 天 在 歌 乐山 的 经历 决定 了 她 一生 的 选择 
邱时春  所以 我 当时 就 下 决心  就 在 这 现场 我 自己 就 这么 想  那 时候 才 十几 岁  我 说 如果 我 将来 要 是 教书 的 话  我 一定 要 让 我 的 学生 们 永远 记住 他们 
在 重庆 西郊 歌 乐山 下  每年 就 会 进行 一 次 祭奠  来 悼念 57年 前 为 这个 城市  为 这个 国家 死难 的 人们 
与 往年 不同 的 是  今年 的 纪念 活动 增加 了 一 项 新 的 内容  重庆市 红岩 连 县 和 重庆市 档案馆 携手 将 一 批 尘封 57年 的 秘密 档案 公 之 于 众  其中 最 重要 的 一 份 是 小说 《 红岩 》 的 作者 罗广斌 同志 在 脱 难 后 撰写 的 狱中 情况 报告 
这 份 报告 详实 记录 了 当年 关押 在 集中营 里 的 烈士 们 鲜为人知 的 斗争 经历 
厉 华 重庆 红岩 革命 纪念馆 馆长 / 重庆 歌 乐山 革命 纪念馆 馆长  用 历史 的 真实 面目 告诉 人们  假如 没有 烈士  假如 没有 战士  假如 没有 流血  假如 没有 牺牲  今天 会 是 怎么样  那么 这 几 个 人 在 那个 年代 里 为 他们 所 做出 的 一 种 努力 奋斗  它 不 是 一 种 感性 的 冲动  也 不 是 一 种  随意 的 一 种 热血 沸腾  而是 他们 理性 上 的 一 种 认识 和 获得 
如今 的 渣滓 洞 集中营 旧址 已经 成为 红色 旅游 的 圣地  57年 前  关押 在 集中营 里 的 难友 们 大多 经受 过 这些 刑具 的 折磨 
罗广斌 的 狱中 报告 中 写 到   江竹筠 受刑 昏死 三 次  杨 虞 裳 失明 月 余  李青林 腿 折 残废  他们 的 表现 是 每 位 被捕 的 同志 所 共同 景仰 的  江 曾 说  毒刑 拷打 是 太 小 的 考验 
 在 烈士 刘 国 鋕 慷慨 赴 死 39 年 以后  他 的 哥哥 刘国琪 回 到 重庆 祭奠 弟弟 的 时候  曾经 向 纪念馆 的 厉华 馆长 描述 了 当时 营救 的 情景 
厉华  刘国琪 讲 他 两 次 回 重庆 来 营救 他 弟弟 的 情况  而且 讲 到 两 次 他 最后 一 次 送给 （ 特务 ） 徐远 举 空白 支票 让 他 任 填 数目  而 他 弟弟 所 讲 的 话  他 说 我 记忆犹新  他 说 我 弟弟 当时 就 说  要 释放 只 能 无 条件  而 当时 他 准备 好 一 份 向 敌人 投降 的 书  只要 他 签 个 字 就 可以 出去  而 他 弟弟 说  要 释放 必须 无条件  在 这种 生 与 死 的 一 种 抉择 之间  刘 国 鋕 想 的 是 什么  我 当时 问 刘国琪  我 说 当时 他 除了 说 这 句 话 以外  还 说 了 什么 没有  他 说 他 一 句 话 没 说  只 是 看 着 我 两 行 热泪  摇 头  坚决 不 投降  后来 他 说 我 跪 在 地上 求 他  你 不要 这么 死心 眼  出去 以后 只要 有 命 在  你 搞 什么 都 可以  你 命 没有 了  什么 都 搞 不 成  但是 他 说 我 清楚 地 记得  我 弟弟 仰 着 头 流 着 热泪  坚定 地 摇 头 
1949年 11月 27日 夜晚  当 刽子手 开始 呼喊 刘 国 鋕 的 名字  烈士 平静 地 说   不 忙  等 老子 做 首 诗 
 那个 时候  羸弱 苍白 的 刘 国 鋕 在 走向 刑场 之前 吟诵 了 这 首 诗   人民 解放 了  人民 胜利 了  我们 没有 玷污 党 的 荣誉  我们 死 而 无愧 
 罗广斌 的 狱中 报告 中 写道   每 一个 人 临死 都 是 倔强 的  没有 求饶  国歌 和 口号 一直 不 停 地 在 枪声 弹 雨 下 响 着  牢狱 锻炼 的 每个 同志  党员 和非 党员 成为 坚强 的 战士 
 刘 和平 重庆 歌 乐山 革命 纪念馆 编 研 部 部长  他们 是 在 政治 上 选择 了 共产主义 这个 理想 以后  他们 就 为 之 去 奋斗  就是 牺牲 生命 他们 不 愿意 叛党  不 愿意 脱离 党  就是 因为 他们 有 一 种 责任感  我 觉得 是 这样  这 是 最 重要 的 
杨世元 四川省 党委 史 研究室 研究员  这个 讲 起来  用 鲁迅 先生 的 话 来 讲  倒 不 说 红岩 精神  我们 从古到今 都 有 为民请命 的 人  舍身 求 法 的 人  拼命 硬干 的 人  这 就是 我们 国家 的 脊梁 
罗广斌 报告 的 最后 一 章 是 狱中 意见  这 是 狱中 同志 们 留给 党  留给 新生 的 国家 的 最后 遗嘱 
