镇 政府 工作 人员 表示  他们 在 组织 相关 部门 进行 检查 时 并 没有 发现 掺 加工业 色素 和 雕 白 块 现象 
据 了解  城头 镇 目前 有 这样 的 小 作坊 100 多 家  生产 的 豆制品 主要 销 往 安徽  广东  福建 等 地 
[ 详细 内容 ] 演播室 主持人 方静  元旦 春节 就 要 到 了  食品 安全 越发 成为 人们 关注 的 焦点 
山东省 枣庄市 的 城头 镇 盛产 豆制品  几 年 前 我们 《 焦点 访谈 》 的 记者 曾经 到 那里 采访  当地 的 加工厂 不仅 卫生 条件 不 堪 入 目  还 往 豆 粉 中 掺 滑石粉  甚至 添加 工业 色素  所 看到 的 情景 所谓 触目惊心  您 看 我 身后 的 画面 就是 当年 记者 看到 的 情景 
前不久  又 有 观众 向 我们 反映  几 年 过 后  这个 地方 还 在 违法 生产 对 人体 有害 的 豆制品  我们 的 记者 再次 来到 了 山东 枣庄市 的 城头 镇 
来到 城头 镇  记者 就 看到 一 片 一 片 黄色 的 东西  晾 满 了 家家户户 的 房前 屋后  连 公路 两侧 都 被 占 满 了  车 来 人 往 好不 热闹 
您 别 以为 这 是 晒 的 粮食  记者 一 了解 原来 这 就是 城头 镇 加工 的 人们 直接 食用 的 豆制品  当地人 叫 做 豆腐 丝  为了 让 豆腐 丝 干 得 快 一些  作坊 的 工人 都 习惯 用 脚 直接 在 里面 趟 来 趟 去 
记者  趟 什么 意思 
为什么 要 趟 啊 
作坊 老板  趟 趟 就 让 它 晾干 
记者  这么 晾干 
作坊 老板  晾 匀 开 它 
记者  用 脚 趟 着 晾 
作坊 老板  方便 
记者  方便 
记者 到 各 家 作坊 看到 的 几乎 都 是 相同 的 情况  宽敞 点儿 的 地方 都 晾 着 豆制品  几乎 没有 下 脚 的 地方  要 想 进 门  就 只能 从 上面 踩 过去 
进屋 一 看 更 是 糟糕  到处 都 是 黑糊糊 的  机器 上 油迹 斑斑  加工 出来 的 豆腐皮 连 张 纸 也 不 垫 堆 在 地上  再 直接 拖 到 另 一 台 机器 上 切 丝 
还 没 来得及 深入 调查  眼前 这样 的 情景 记者 已经 十分 震惊  难道 几 年 前 非法 加工 豆制品 的 情况 一点儿 都 没有 得到 整改 吗 
在 和 一 位 作坊 老板 攀谈 的 过程 中  记者 了解 大 这样 的 情况 
作坊 老板  当时 我们 城头 镇 被 曝光 的 时候  我 还 没 到 这边 来 呢 
记者  也 知道 
作坊 老板  嗯  也 知道 
记者  跟 以前 一样 
作坊 老板  嗯  跟 以前 一样  比 以前 量 还 大 了  比 曝光 以前 还 厉害 呢 
记者  为什么 
作坊 老板  曝光 曝 地 全国 都 知道 了  有名 了  全国 各地 都 来  全国 各地 都 到 这儿 来 订货 
记者  做 广告 
作坊 老板  做 广告  等于 做 广告  全国 各地 都 来 
元旦 春节 就 要 到 了  食品 市场 的 卫生 安全 越发 成为 人们 关注 的 焦点  而 眼前 这样 的 情景  实在 是 让 人 放心 不 下 
卫生 条件 差 是 一 方面  最 让 记者 担心 的 是 这些 豆制品 中 是否 仍 掺 加 了 滑石粉  工业 色素 等 对 人体 有害 的 物质 
在 记者 走访 的 过程 中 发现  可能 是 因为 几 年 前 被 曝光 的 原因  有些 作坊 里 的 人 警惕性 还是 很 高 
记者  这个 加 不 加 在 里面 
加 不 加 到 这 里面 啊 
作坊 工人  我 不 知道  我 刚 来  不 知道 加不加  我 今天 才 过来 的 
真实 的 情况 究竟 是 什么 呢 
在 记者 逐 家 查访 的 过程 中  发现 和 面的 搅拌机 是 问题 的 关键 
通常 在 搅拌机 的 旁边 都 放 着 一些 桶 桶 罐 罐  几乎 所有 的 作坊 在 和 面 的 时候 都 会 倒入 这些 黄色 的 液体 
同时  记者 也 观察 到  在 每家 每户 门前 晾晒 的 豆制品 的 颜色 也 是 各 有 不同  有的是 嫩黄色 很 鲜亮  有 黄色  暗 黄色  还有 褐色 等 
作坊 蜡版  你 要 黄 的 就 给 你 打 黄 的  你 要 暗 白 就 给 打 暗 白 
当地 经营户 1 这个 想 打 什么 色 就 打 什么 色  红色 也 能 给 你 打 出来 
颜色 添加剂 在 食品 中 的 使用 国家 有 十分 严格 的 规定  工业 色素 禁止 用 做 食品 添加剂  那么  作坊 里 的 人 所 说 的 这种 黄 又 是 哪 一 种 呢 
当地 经营户 1 你 看 那 种 颜色 吧  放 的 是 工业 黄 并 不 是 食用 黄 
记者  不 是 食用 黄 
当地 经营户 1 对  一般 很 少 
记者  那 放 食用 黄 就 完 了  干 嘛 非 放 工业 黄 
当地 经营户 1 食用 黄 多少 钱 一 斤  工业 黄 才 七 块 多 钱 一 斤  食用 黄 几十 块 钱 一 斤  食用 黄 还 需要 放 得 多 
当地 经营户 2 那种 颜色 有毒 
记者  那 颜色 有毒 
当地 经营户 1 那 是 工业 用 的 
记者  自己 吃 哪 种 
作坊 工人  自己 吃 还 是 吃 这个  什么 都 不 掺 的  什么 不 掺 好吃  加 了 色素 那 素 的 肯定 不 好吃 
记者  有毒 吗 这 色素  有毒 吗 
作坊 工人  有 的 放 那种 不 好 那 种 
记者  什么 东西 加 在 里面 
作坊 工人  加 黄 啊  增白剂 啦  乱七八糟 的 
作坊 老板  方圆 三百 里  二百 里 不 要 鲜亮  不要 太 黄 的 
记者  那 为 啥 
作坊 老板  老百姓 一 看见 这个 黄色 的  就 知道 掺 了 假 了 
看来 他们 自己 也 知道  这种 所谓 的 黄 根本 就 是 不 能 往 食物 当中 添加  尽管 如此  只要 有 生意  你 要 什么样 的  他们 就 能 按照 你 的 要求 做 成 什么 颜色  为了 降低 成本 甚至 不惜 使用 会 对 人体 造成 严重 危害 的 工业 色素 
而 至于 这样 做 出来 的 豆制品 吃 了 会 不 会 对 身体 造成 严重 的 危害  就是 他们 根本 不 关心 的 事儿 了 
