难道 就 没有 部门 制止 吗 
土法 炼油 者  如果 管  那 早 就 没有 了  还 敢 干 这么 多 年  早 没有 了 
县 一级 的 环保  技术 监督 局 来 之后  得 给 三千两千 都 行  他 来 了  你 就 当 募捐 
他 钱 拿走 了  你 就 干 
解说  非法 炼油 者 的 说法 是 一 面 之 词  但是 在 静海县 中 旺 镇  土法 炼油 公开 的 存在 却 是 事实 
根据 国家 规定  质量 技术 监督  环保  公安  工商 等 部门 和 当地 政府 有 查处 土法 炼油 的 职责 
那么 对 中 旺 镇 这些 土法 炼油 点  静海县 的 有关 管理 部门 是否 知道 呢 
记者 首先 来到 静海县 质量 技术 监督 局 了解 情况 
但是 没有 想到  天津市 质 监 局 办公室 的 一 位 姓 张 的 主任 却 打 来 电话 告诉 记者  根据 他们 内部 的 规定  没有 上级 的 同意  静海县 质 监 局 不 能 向 记者 介绍 情况 
记者  我 想 问 一 下  这块 有 没 有 土法 小 炼油 
电话 采访 —— 天津市 质量 技术 监督 局 办公室 主任  现在 我 不好 说  接受 采访 的 问题 都 得 跟 总局 说  我 不 是 再三 给 你 说 过 了 吗 
记者  这 很 好 回答  有 就 有  有 就 有  没有 就 没有 
天津市 质量 技术 监督 局 办公室 主任  你 说 回答  我 回答 完 以后  我 违反 规定  明白 吗 
天津市 静海县 质量 技术 监督 局 科长  不 让 我们 接受 采访  我们 说 与 不 说 都 不好  对 吧 
说 得 好 与 不好  市 局 对 我们 都 有 （ 意见 ） 
有 这么 一个 规定  你 说 我们 接受 采访  不管 你 说 得 对 也好  不对 也好  上面 对 你 都 有 （ 意见 ） 
解说  记者 没有 想到  静海县 有 没 有 非法 小 炼油 这样 一个 简单 的 问题  竟然 让 质量 技术 监督 门 感到 了 为难 
质量 技术 监督 部门 是 这样 的 态度  那么 静海县 环保 部门 和 工商 部门 呢 
伍学起 天津市 静海县 环保局 副 局长  作为 我们 环保 部门  我们 只能 做 污染 治理  或者 说 你 没有 办 环保 手续  只能 做 这 方面 
如果 从 源头  或者 从 卖方 市场 给 它 卡住  这个 行业 就 不 会 存在 了 
我 觉得 在 处理 小 炼油 行业 当中  环保 确实 是 处于 比较 次要 的 地位 
记者 赵永勤  有 没 有 小 炼油 几 年 都 没有 被 查处 的 现象 
粱 佐友 天津市 工商行政管理局 静海 分局 局长  客观 地 说  不 排除 在 跟 河北 交界 的 地方 也许 有 
记者  出现 这种 情况  对 工商 部门 来说  是 不 是 管理 不 到位 
粱 佐友  这个 词 好像 也 不 能 这么 说 
你 要 说 不 到位 的 话  因为 我们 基本上 是 依法 行政 的  发现 了 就 查  没有 发现 了 也 很难说  社会 上 这么 多 造 假 的  你 说 有 一个 造 假 的 就 找 我们  那 很难说  那 我们 冤枉 死 了  我们 不 知道 啊 
解说  质量 技术 监督 部门 不 愿意 接受 记者 的 采访  环保 部门 和 工商局 又 都 认为 在 查处 土法 炼油 上  手段 有限 
其实  土法 炼油 是 国家 严令禁止 的  质 监  环保 和 工商 都 应该 依法 进行 查处  但 令 人 遗憾 的 是  这里 的 小 炼油 却 屡禁不止 
据 了解  中 旺 镇 镇政府 也 有 专门 查处 非法 小 炼油 的 工作组  工作组 组长 就 是 镇 人大 主席团 主席 刘晨 
他 告诉 记者  只有 中 旺 镇 蔡 庄子 村 和 河北省 交界处 的 河堤 旁 才 有 土法 炼油 点  这里 属于  三 不 管  地带  查处 有 难度 
刘晨 天津市 静海县 中 旺 镇 人大 主席团 主席  蔡庄 这个 村 是 中 旺 镇 最 边缘 的 一个 村子  你们 可能 没 到 过 
你 要 到 过 之后  从 这儿 一直 到 西南 子 牙 河 河堤 上  光 走 土路 就要 走 四五 华里 的 土路 
记者  那 就 是 说 站 在 路边 上  能 看见 那个 炼油 的 炉子 吗 
刘晨  应该 说  站 在 路边 看 不 天 见 他 的 炉子 
记者  看 不 见 
刘晨  对 
你 只 能 说 我们 掌握 情况  估计 这个 炉子 在 哪儿  专门 找 这个 炉子 
解说  实际上  蔡 庄子 村 离 镇政府 很 近  骑 自行车 也 就 20 分钟 左右 
在 记者 的 要求 下  刘晨 主席 带 记者 来到 了 建 在 大 堤 旁 的 小 炼油 点 
虽然 刘晨 主席 说  十 多 天 前 他 在 这里 查处 过  但是 当 记者 指 着 一 处 早 就 建 好 的 土 炼油 炉 问 他 时  他 却说 以前 没 见 过 
刘晨  当时 我们 来 看  没有 这个 大 炉子 
记者  那 就 说 你们 一边 在 检查  他 一边 在 扩大 规模 
刘晨  当时 只是 有 几 个 小 炉子 
这 都 是 新 装 的 
记者  这 都 是 新 装 的 
刘晨  新 装 的 
记者  那 你们 一边 在 检查  他们 一边 在 扩大 规模 
解说  记者 了解 到  中 旺 镇 的 蔡 庄子 村 还有 其它 近 20 座 土 炼油 炉  最近 的 一 处 土 炼油 点 离 镇政府 还 不 到 五 公里  站 在 公路 旁 就 可以 清楚 地 看见 小 炼油 炉 的 烟囱  而且 这个 小 炼油 点 的 规模 也 不 小 
记者 在 现场 看到  已经 炼 好 的 柴油 就 有 七八十 吨 
记者  我 来 看 一 看 这个 柴油  我 来 看看 装满 了 没有 
这 是 满满 的 一 罐子 柴油  这个 大 罐子 估计 要 装 四五十 吨 
解说  但是 虽然 离 镇政府 这么 近  这些 小 炼油 点 却 可以 平安无事 长 时间 地 存在  没有 得到 查处 
在 采访 的 时候  记者 还 发现 小 炼油 点 的 旁边 都 有 几 个 装 炼油 原料 的 大 土炕 
据 知情 的 村民 们 说  这些 用 来 炼油 的 原料 一般 都 是 来历不明 的 原油  一个 大 坑 里 能 装 几十 吨 原油 
