比如说 德 普  其实 它 的 产品 的 价格 在 中国  相对 我们 国产 的 试剂 来说 是 要 贵 很多  那 它 最后 要 选择 用 这种 贿赂 的 办法  它 就 把 它 的 价格 劣势 变成 优势 
主持人  有 这样 的 一 种 说法  说 跨国公司 在 华 的 商业 贿赂  完全 是 跨国公司 在 中国 为了 适应 中国 的 特色  为了 适应 中国 的 国情 而 出现 的 
程 宝库  情况 也 还 不 是 这样 的 
实际上 早 在 中国 改革 开放 之前  1977年 美国 国会 就 发表 了 一个 调查 报告  这个 调查 报告 表明  就 是 400 多 家 美国 跨国公司 承认 曾经 在 海外 行贿 外国 的 公职 人员  贿赂 的 金额 高 达 30 多 亿 美元 
这个 报告 在 美国 民众 中 引起 轩然大波  因此 也 促成 美国 出台 了 《 海外 反 腐败 法 》 
跨国公司 商业 贿赂 的 一个 特点  就 是 它 往往 通过 中间人  所谓 的 顾问  代理人 和 合作 伙伴  或者 是 中方 子公司 的 负责人 来 行贿  这些 人 某种 意义 上 就 被 媒体 称为  洋 买办   他们 拿 着 跨国公司 支付 的 高额 的 佣金  这些 人 很 有 能量 在 市场 上 活动  因此 能 为 跨国公司 拿 到 项目 
主持人  为了 达到 行贿 的 目的  应该 说 跨国公司 一 方 也 是 绞尽脑汁 
如此这般 地 绞尽脑汁  究竟 他们 能够 收到 多 大 的 回报 
程 宝库  举 一个 例子  2006年 10月  美国 司法部 公布 了 史尼索 公司 在 中国 和 韩国 行贿 的 一个 案件 
在 该案 中  史尼索 公司 在 过去 的 五 年 里 行贿 180 多 万 美元  因此 它 拿 到 的 合同 是 超过 5亿 美元  因此 取得 的 收益 是 6千 多 万 美元  其中 史尼索 公司 对 中国 国有 企业 行贿 是 20万 美元  因此 拿 到 的 合同 是 9千万 美元  收取 的 利润 是 600 多 万 美元  也就是说 它 行贿 的 收益 超过 30 倍 
自 20 世纪 90 年代 以来  国际 社会 通过 了 一 系列 法律 文件  加强 对 反 商业 贿赂 领域 的 国际 法律 合作  如 联合国 的 《 联合国 反 腐败 公约 》  《 反对 国际 商业 交易 中 的 贪污 贿赂 行为 的 宣言 》  经济 合作 与 发展 组织 的 《 禁止 在 国际 商业 交易 中 贿赂 外国 公职 人员 公约 》  国际 商会 的 《 打击 国际 商业 交易 中 勒索 和 贿赂 的 行为 准则 》  美洲 国家 组织 的 《 反 腐败 公约 》  欧洲 理事会 的 《 反 腐败 国家 集团 公约 》 等 
主持人  在 商业 贿赂 中  我们 看到 行贿 方  受贿 方 都 得到 了 巨大 的 经济 利益 
那么  损害 的 究竟 是 谁 的 利益 呢 
程 宝库  受 损害 的 应该 是 竞争 对手  消费者 还 有 政府 的 利益  竞争 对手 在 中国 跨国公司 的 竞争 对手 主要 就是 中国 的 民族 企业 
民族 企业 同 跨国公司 竞争  本来 不 占 优势  这样 跨国公司 通过 商业 贿赂 的 手段  对 民族 企业 的 发展 形成 很 大 的 打 压  民族 企业 往往 即使 在 产品 有 竞争力 的 情况 下  也 被 挤出 市场 
民族 企业 的 自主 研发 和 创新 能力 因此 受到 削弱  消费者 买 单 主要 就 是 消费者 他 要 承担 商业 贿赂 所 增加 的 成本  政府 则 要 承受 商业 贿赂 所 造成 的 市场 秩序 破坏  以及 所 导致 的 腐败 风险 
比如  国内 某 知名 企业 通过 自主 研发  其 产品 性能 已经 达到 国际 先进 水平 
可是 在 销售 中  却 屡 遭 败绩 
程 宝库  它 的 垃圾 发电 项目  通过 自己 的 研发  拥有 自主 的 知识 产权  它 的 发电 设备 应该 说 同 跨国公司 的 设备 在 技术 指标 上 不相上下  而 它 的 价格 只 是 跨国公司 同样 设备 的 一半  甚至 更 低  但是 在 国内 竞标 的 过程 中  一些 地方 政府 在 采购 垃圾 发电 设备 的 时候  不 是 站 在 民族 企业 的 立场 上  而是 替 跨国公司 的 设备 千方百计 来 说话 
任建明  所以 跨国公司 如果 用 这样 的 一个 竞争 手段  我们 民族 企业 花 了 很多 的 钱 去 研发  有 自主 的 知识 产权  那么 它 有 大量 的 投入  它 需要 将来 能够 获得 市场 机会  来 使 它 的 投入 成本 能够 得到 回报  这样 我们 的 投入 就 是 打 水漂 了 
后面 根本 也 就 没有 资金 再 来 研发  再 来 在 市场 上 占有 市场 
可能 因此  我们 的 民族 工业  民族 企业 就 会 垮台 
主持人  两 位 刚才 谈 的 是 商业 贿赂 造成 的 危害 
实际上 应该 说 我们 国家 为了 治理 商业 贿赂  也 是 出台 了 相当 多 的 一些 法律 和 法规 
为什么 有 这么 多 的 法律  法规  有 这么 严厉 的 惩罚  在 这样 的 前提 下  仍然 会 有 那么 多 人 不 断 去 碰 这个 底线 
程 宝库  这个 主要 是 一 方面  就是说 这么 多 人 去 碰 这个 底线  主要 是 因为 商业 贿赂 巨大 的 利益 诱惑 
同时  我们 国家 法律 虽然 有些 条款 规定 得 很 严厉  但是 作为 一个 法律 体系  还是 有 很多 的 不 完善 之 处  也就是说 有 漏洞 
任建明  德普 公司 这个 案例 被 曝光 以后  我们 国内 其实 人们 都 非常 地 吃惊  这样 的 公司 在 中国 行贿 11 年  数额 有 160 多 万 美元  行贿 我们 中国 若干 个 大 医院  美国 的 司法 机关 已经 都 认定  为什么 我们 中国 没有 采取 措施 
可能 社会  公众  媒体  大家 都 非常 地 不 理解  这个 就 是 我们 具体 的 法律 制度 上 的 一个 困境 
就 是 我们 的 法律 规定  像 这种 单位 行贿 它 的 起 刑 点  就 是 可以 适用 作为 刑事犯罪 （ 案值 ） 是 20万 元  这个 企业 它 就 通过 分散 贿赂  如果 你 找 不 到 最 足够 的 证据  不 能够 加总 起来 超过 20万  就 不 能 使用 我们 的 刑法  就 使 它 这种 行贿 行为 不 能 受到 处罚 
我们 只能 用 行政 的 手段  用 我们 《 反 不 正当 竞争 法 》  《 反 不 正当 竞争 法 》 的 追 诉 期 又 是 两 年  所以 最后 我们 就 在 实际 的 执法 过程 中 间 碰到 这样 的 困难 
所以 我 想 可能 针对 这个 情况  修改 我们 的 法律  完善 我们 的 制度 可能 还 是 当务之急 
