比如  我们 大家 知道 的 演员 吴若甫 被 绑架 案件  由于 三 名 主犯 持枪 绑架 吴若甫  王某 等 人  并 将 王 某 杀害 
北京市 第一 人民法院 依法 对 三 名 主犯 做出 死刑 的 判决 后  其中 的 两 名 主犯 提起 上诉  北京市 高级 人民法院 进行 了 二审 开庭 审理  又 经过 了 死刑 核 审 程序 后 最终 维持 了 一审 的 死刑 判决 
高 铭 暄 中国 人民 大学 法学院 教授  二审 法院 再审 这个 案子  本身 是 一个 诉讼 的 审 级  在 审 级 里面 既 是 上诉 审  又 是 你 来 复核  把 上诉 审 和 复核 审 合而为一 了 
多 年 来  各地 法院 根据 授权 严格 履行 职责  为 维护 社会 稳定 做出 了 历史性 贡献  但 这 一 做法 在 司法 实践 中 却 可能 会 带来 一些 问题 
高 铭 暄  因为 你 核准 的 机关 多 了  不 像 最高人民法院 是 一个 统一 的 标准  现在 有 三十 多 个 单位 （ 法院 ）  宽 严 的 标准 掌握 的 不 完全 一样 的 话  它 就 有 一个 问题  也许 这个 案子 在 你 那 个 省 就 不 会 判处 死刑  在 这个 省 就 判 了 
最高 人员 法院 统一 行使 死刑 案件 核准 权 后  死刑 的 二审 程序 和 核准 程序 将 彻底 分开 
延续 了 二十 多 年 由 地方 高级 人民法院 对 死刑 案件 进行 核准 的 做法 就 将 成为 历史  法学 专家 和 法律 界 人士 对 这 一 变化 给予 了 充分 肯定 
陈光中 中国 政法 大学 刑事 法律 研究 中心 主任  死刑 核准 权 上 收 是 体现 了 我们 尊重 和 保障 人权 的 很 重要 的 一个 体现 
另外 方面 使 我们 依法 治国  构建 和谐 社会 这 方面  我 觉得 体现 得 也 是 比较 充分 的 
高 铭 暄  也 就 是 更加 慎重  标准 来 讲 会 更加 统一  从 程序 来讲 可以 更加 公正  从 我们 刑事 政策 来讲 更 好 贯彻 少 杀  慎 杀 的 政策 
记者  我 所在 的 这个 地方 就 是 最高人民法院 的 刑事 审判庭  为了 处理 好 死刑 核准 权 收回 后 各地 报送 的 死刑 审核 案件  最高人民法院 把 刑事 审判庭 从 原来 的 两 个 增加 到 了 现在 的 五 个  并 从 全国 选调 了 一 批 富有 经验 的 刑事 审判 人员 充实 到 这 五 个 刑事 审判庭 来 开展 这项 工作 
湖北省 高级人民法院 刑事 审判 一 庭 庭长 王志辉 在 他 20 多 年 的 法官 生涯 中  审核 过 几百 件 案子 
2006年 对 王志辉 来说 非同寻常  因为 经过 严格 考核  他 被 选调 到 最高人民法院 的 刑事 审判 二 庭 工作  再 过 几 天  他 就 将 和 同事 们 一起 具体 负责 死刑 案件 的 复核 工作  老百姓 们 最为 关心 的 是  当 明年 第一 桩 死刑 案件 送达 后  这些 掌握 着 生杀予夺 大权 的 生死 判官 们 该 如何 来 决定 被告 的 生 与 死 
会 怎样 来 断案 呢 
王志辉 最高人民法院 刑事 审判 第二 庭 审判长  （ 案子 ） 到 了 惩办 法官 手上  承办 人 阅卷  提审 报告  合 式 主要 证据 是 一个 审查 过程  合议庭 一般 由 三 名 审判员 组成  对 案件 事实  证据  适用 法律  审判 程序 等 等 各个 方面 进行 评议  看 原判 定罪 是 不 是 准确  是 不 是 应当 核准 死刑  这 又 是 一 道 关 
疑难 案件 还 有 可能 要 经过 审判长 会议  或者 说 由 院 领导  主管 院长 提交 到 院 审判 委员会 进行 讨论  每 一个 环节 都 很 重要  少 了 哪 一 环 都 不行 
从 明年 起  惩办 法官 需要 提 讯 被告人  并 当面 听取 被告人 的 意见  因此 对 工作 的 要求 会 更 细致 和 更 缜密 
死刑 案件 人命关天  法官 们 表示 对 每 一 起 案件 都 要 慎之又慎  如果 一旦 在 核准 案件 的 过程 中  发现 一审  二审 环节 存在 疑点 和 问题  他们 会 怎样 来 处置 呢 
王志辉  如果 说 这个 案件 事实 证据 存在 问题  程序 有 违法 的 情况  或者 定罪  量刑 不 适当  我们 就 会 决定 不 核准  撤销 审 或者 二审 判决  发 回 重 审 
在 外界 看来  死刑 核准 权 收回 最高人民法院 以后  似乎 地方 高级 人民法院 的 工作量 应该 减少  压力 也 应该 减轻  但 事实 并非如此  作为 统一 行使 死刑 案件 核准 权 的 配套 措施  从 2006年 的 7月 1 号 起  所有 的 死刑 二审 案件 都 要求 要 全部 开庭 审理 
张军  那么 统一 要求 必须 开庭 审理 以后  因为 被告人 都 是 羁押 在 中级 法院  甚至 是 基层 法院 所在地 的 看守所  那么 地方 高级 法院 就要 到 地方 去 开庭 
像 在 新疆  内蒙 这样 一些 地域 比较 辽阔 的 地区  法官 们 的 工作 强度 会 比 以往 大为 增加 
对 此  记者 电话 采访 了 新疆维吾尔自治区 高级人民法院 刑事 审判 二 庭 庭长 洪流 
洪流 新疆维吾尔自治区 高级人民法院 刑事 审判 第二 庭 庭长  对 我们 地方 高级 法院 来说  应该 说 压力 更 大  责任 更 大  工作 投入 的 人力 物力 和 精力 应该 更 多 一些  现在 我们 办 一个 案件 所 投入 的 工作量 要 比 过去 的 两 个 案子  三 个 案子 还 多  开庭 审理 更 讲究 公正  公开 
付出 再 多 的 辛苦  承受 再 多 的 压力  法官 们 都 无怨无悔  因为 他们 深知 一审 是 基础  二审 是 关键  而 最高人民法院 的 核准 是 最后 的 把关  所有 的 付出 和 努力 都 是 为了 确保 死刑 案件 的 质量  确保 做到 万无一失 
最高人民法院 统一 行使 死刑 案件 的 核准 权  普通 民众 在 肯定 此举 彰 显 程序 正义 的 同时  也 存在 这样 的 一些 担心  今后 死刑 案件 的 数量 会 不 会 有所 减少 
对 分裂 分子 的 震慑 作用 会 不 会 有所 减轻 呢 
张军  老百姓 有 这样 的 担心 是 完全 可以 理解 的  但是 最高人民法院 统一 行使 死刑 案件 核准 权  会 一如既往 的 保持 严惩 严重 刑事犯罪  严打 的 力度  对 严重 危害 社会 治安 的 犯罪 适用 死刑 仍然 是 毫不 手软  确保 社会 治安 的 稳定 
同时  我们 也 要 贯彻 宽严 相 济 的 刑事 政策  由 法定 从 轻 减轻 处罚 情节 的  要 依法 体现 政策  能 不 适用 死刑 立即 执行 的  尽量 不 去 适用 
