俄罗斯/nsf：/wm非/b我/rr莫/d属/v的/ude1北极/n普/ag京/b说/v过/uguo：/wm“/wyz俄罗斯/nsf的/ude1领土/n虽然/c很/d大/a，/wd但/c没有/v一/m寸/q是/vshi多余/a的/ude1。/wj”/wyy
而/cc对于/p北极/n，/wd早/ad在/p上/f个/q世纪/n20年代/t俄国/ns大革命/n时期/n，/wd俄国/ns即/d自称/v拥有/v北极/ns区/n的/ude1主权/n。/wj
苏联/ns在/p北极/ns冰盖/n上/f建立/v了/ule考察/v站/vi，/wd称/v北极/ns冰盖/n是/vshi苏联/ns领土/n不可分割/vl的/ude1一部分/m。/wj
苏联/ns的/ude1各种/rz地图/n上/f均/d标注/v这/rzv一/m海区/n为/p苏联/ns专属/b经济区/n。/wj
苏联/ns解体/vi后/f，/wd它/rr又/d被/pbei标注/v为/p俄罗斯/nsf专属/b经济区/n。/wj
这种/r状况/n一直/d持续/vd到/v1997年/m俄/b缔结/v《/wkz联合国/nt海洋法/n公约/n》/wky为止/u。/wj
根据/p公约/n，/wd俄罗斯/nsf的/ude1大陆架/n被/pbei缩小/v到/v了/ule200/m海里/q范围/n内/f。/wj
俄罗斯/nsf岂能/v甘心/v？/ww
经过/p一番/mq准备/vn，/wd2001年/m底/f，/wd俄罗斯/nsf向/p大陆架/n界限/n委员会/n提交/v了/ule申请/n，/wd要求/v确认/v包括/v北极点/n在内/u的/ude1120/m万/m平方/q千米/m的/ude1海底/n，/wd属于/v俄罗斯/nsf的/ude1大陆架/n延伸/vn部分/n。/wj
俄罗斯/nsf的/ude1理由/n是/vshi：/wm北冰洋/nsf中/b主要/b海底/n地貌/n——/wp罗蒙诺索/nrf夫/ng海岭/n是/vshi俄罗斯/nsf北部/f地区/n大陆架/n的/ude1自然/n延伸/vn，/wd但/c委员会/n以/p俄罗斯/nsf提供/v的/ude1调查/vn材料/n和/cc数据/n不足/v予以/vx驳回/vn。/wj
但/c俄罗斯/nsf没有/d放弃/v这/rzv一/m努力/an，/wd近年来/dl俄罗斯/nsf北极/n考察/v的/ude1主要/b任务/n之一/rz就是/v为了/p证明/v北冰洋/nsf水下/s绵延/vi近/v2000千/m米/q的/ude1罗蒙诺索/nrf夫/ng海岭/n是/vshi俄罗斯/nsf西伯利亚/nsf北部/f地区/n大陆架/n的/ude1自然/n延伸/vn，/wd属于/v俄罗斯/nsf的/ude1大陆架/n。/wj
如果/c俄方/n这/rzv一/m主张/n成立/vi，/wd就/d意味着/v包括/v北极点/n在内/u，/wd从/p科拉半岛/nsf到/v楚/nr1科/n奇/ag半岛/n围/v成/v的/ude1120/m万/m平方/q千米/m的/ude1三/m角/q海区/n将/d成为/v俄罗斯/nsf的/ude1辖区/n，/wd这/rzv一/m片/q海域/n相当/d于/p法国/nsf、/wn德国/nsf与/p意大利/nsf三/m国/n领土/n之和/n。/wj
据/p估计/v，/wd这/rzv一/m区域/n的/ude1石油/n储量/n可能/v有/vyou90亿/m至/p100亿/m吨/q，/wd价值/n不可估量/vl。/wj
俄罗斯/nsf还/d将/d因此/c与/p丹麦/nsf的/ude1格陵兰岛/nsf、/wn加拿大/nsf，/wd或许/d还/d有/vyou美国/nsf的/ude1水下/s管辖区/n处于/v“/wyz接壤/vi”/wyy关系/n。/wj
2007年/m8月/t2日/t，/wd俄罗斯/nsf科考/n队员/n在/p北极点/n海底/n罗蒙诺索/nrf夫/ng海岭/n插/v上/vf了/ule一/m面/q钛/n合金/n制造/vn的/ude1俄罗斯/nsf国旗/n，/wd引爆/v北极/ns争夺战/n。/wj
紧接着/c《/wkz俄罗斯/nsf报/n》/wky在/p3日/t发表/v文章/n，/wd题目/n是/vshi《/wkz划分/v北极/n是/vshi再次/d瓜分/v世界/n的/ude1开始/v》/wky。/wj
文章/n摘要/vd如下/vi：/wm俄罗斯/nsf科考/n队员/n2日/t在/p北极点/n海底/n插/v上/vf了/ule一/m面/q钛/n合金/n制造/vn的/ude1俄罗斯/nsf国旗/n。/wj
俄罗斯/nsf外长/n拉夫罗夫/nrf强调/v指出/v：/wm“/wyz俄罗斯/nsf此次/rz北极/ns科考/n的/ude1目的/n不/d是/vshi明确/v俄罗斯/nsf的/ude1主权/n，/wd而是/c证明/v俄罗斯/nsf的/ude1大陆架/n向/p北极/ns延伸/v。/wj”/wyy
自从/p俄罗斯/nsf在/p北极点/n下/f插/v旗/n开始/v，/wd俄罗斯/nsf显然/ad加快/v了/ule抢夺/v北极/ns的/ude1步伐/n，/wd而/cc看/v到/v俄罗斯/nsf此举/rzv之后/f，/wd美国/nsf、/wn加拿大/nsf、/wn冰岛/nsf、/wn挪威/nsf、/wn瑞典/nsf、/wn芬兰/nsf和/cc丹麦/nsf密切/ad关注/v俄罗斯/nsf的/ude1北极/n科考/n工作/vn。/wj
这些/rz国家/n表示/v，/wd根据/p国际法/n，/wd它们/rr同样/d有/vyou机会/n和/cc可能性/n要求/v得到/v属于/v自己/rr的/ude1一/m块/q北极/n土地/n。/wj
或许/d这/rzv正是/v俄罗斯/nsf的/ude1目的/n，/wd引起/v周边/n所有/b国家/n对/p北极/n赤裸裸/z的/ude1主权/n级别/n的/ude1要求/n，/wd最终/d就算/d自己/rr无法/v独霸/v北极/n，/wd凭借/p自己/rr在/p北冰洋/nsf边上/f漫长/a的/ude1陆地/n线/n，/wd俄罗斯/nsf至少/d也/d将/d获得/v半/m个/q北极/n的/ude1所有权/n。/wj
除了/p科学/n考察/vn活动/vn，/wd早/ad在/p苏联/ns时期/n，/wd北极/ns就/d是/vshi苏军/n核潜艇/n极为/d重要/a的/ude1“/wyz发射/vn基地/n”/wyy。/wj
现在/t，/wd俄/b海军/n的/ude1核动力/n破冰船/n和/cc远程/b轰炸机/n也/d经常/d现身/v北极/n。/wj
尤其/d是/vshi在/p核动力/n破冰船/n领域/n，/wd俄罗斯/nsf优势/n明显/a。/wj
在/p战略/n层面/n，/wd早/ad在/p2008年/m，/wd俄/b政府/n就/d制定/v了/ule《/wkz截至/v2020年/m及/cc之后/f俄罗斯/nsf联邦/n北极/ns地区/n国家/n政策/n》/wky，/wd旨在/v维持/v俄罗斯/nsf“/wyz北极/n领导/vn国家/n”/wyy的/ude1地位/n。/wj
面对/v加拿大/nsf要/v抢/v北极点/n，/wd俄/b总统/n普/ag京/b责成/v俄/b国防部/n2014年/m完成/v北极/ns地区/n的/ude1部队/n组建/v和/cc基础设施/n部署/vn工作/vn。/wj
俄/b军事/n专家/n认为/v，/wd北极/ns对/p俄/b来说/uls已经/d成为/v仅次于/v高加索/ns的/ude1第二/m大/a威胁/vn。/wj
但/c俄罗斯/nsf抢占/v北极/ns领土/n的/ude1计划/n将/d远/a比/p攫取/v西伯利亚/nsf要/v更加/d艰难/a，/wd因为/c世界/n上/f唯一/b的/ude1那/rzv个/q超级大国/n，/wd也/d有/vyou一/m块/q领土/n被/pbei划/v进/vf了/ule北极圈/n，/wd要/v想/v它/rr不/d插足/v，/wd那/rzv是/vshi笑谈/n。/wj
不/d知道/v俄罗斯/nsf领导人/n心中/s是/vshi不/d是/vshi相当/d恼恨/v于/p沙皇/n亚历山大/nrf二/m世/ng，/wd如果/c不/d是/vshi他/rr，/wd现在/t阿拉斯加/nsf还是/v俄国/ns的/ude1领土/n，/wd北极圈/n之/uzhi争/ng也/d就/d没有/v美国/nsf的/ude1餐盘/n了/y，/wd外号/n北极熊/n的/ude1俄国/ns独霸/v北极/n将/d真正/d不/d是/vshi梦想/n！/wt
美国/nsf：/wm缔造/v新/a冷战/n时代/n作为/p当今/t世界/n的/ude1唯一/b超级大国/n，/wd也/d是/vshi北极/ns国家/n的/ude1美国/nsf，/wd其/rz政策/n取向/n显然/ad将/d很/d大程度/n地/ude2影响/v北极/ns争夺战/n的/ude1结局/n。/wj
因为/p美国/nsf阿拉斯加/nsf跟/p罗蒙诺索/nrf夫/ng海岭/n不/d“/wyz接壤/vi”/wyy，/wd瓜分/v北极海/nsf底/f似乎/d与/p美国/nsf没有/v干系/n。/wj
但/c在/p这/rzv场/qv热火朝天/al的/ude1海岭/n争夺战/n中/f，/wd美国/nsf不/d甘于/v做/v一个/mq旁观者/n，/wd它/rr积极/ad推动/v北极/ns地区/n国际/n共管/v，/wd避免/v落/v在/p其他/rzv国家/n控制/vn之下/f。/wj
但/c同时/n美国/nsf也/d没有/d放弃/v扩张/vn大陆架/n的/ude1希望/vn，/wd把/pba目光/n瞄准/v了/ule楚科/nr2奇海/nr2和/cc波弗特海/nsf。/wj
在/p过去/t的/ude13年/m间/q曾/d先后/d2/b次/qv向/p楚/b科/n奇/ag海/n以北/f派遣/v勘察/vn队/n，/wd实地/d探/v考/v美国/nsf的/ude1权利/n及其/cc海域/n的/ude1范围/n。/wj
美国/nsf科学家/n依靠/v高/a科技/n装备/n，/wd积极/ad开展/v海底/n勘查/vn作业/vn。/wj
2003年/m美国/nsf向/p一些/mq国际/n石油/n公司/n拍卖/vn北极/n的/ude1天然气/n开采/vn权/n，/wd暗示/v美国/nsf的/ude1北极/n权利/n。/wj
俄罗斯/nsf考察队/n插/v旗/n后/f，/wd美国/nsf政府/n对/p其/rz冷嘲热讽/vl。/wj
但/c令/v美国/nsf尴尬/a的/ude1是/vshi美国/nsf尚未/d加入/v《/wkz联合国/nt海洋法/n公约/n》/wky（/wkz以下/f简称/v《/wkz公约/n》/wky）/wky，/wd也/d不/d是/vshi国际/n海底/n管理局/n的/ude1成员国/n。/wj
到/p目前/t为止/u，/wd《/wkz公约/n》/wky是/vshi对/p北极/ns权利/n主张/v的/ude1重要/a法律/n依据/n。/wj
为/p防止/v在/p瓜分/v北极/ns的/ude1盛宴/n中/f落/v伍/m，/wd布什/nrf政府/n曾经/d敦促/v国会/n批准/v美国/nsf加入/v《/wkz公约/n》/wky，/wd以便/d在/p北极/n丰富/a的/ude1石油/n资源/n争夺战/n中/f争/v得/ude3先机/n。/wj
如果/c参院/n批准/v，/wd美国/nsf就/d能/v加入/v该/rz公约/n所/usuo设置/v的/ude1委员会/n，/wd从而/c对/p俄罗斯/nsf的/ude1主张/n享有/v表决权/n。/wj
俄罗斯/nsf的/ude1“/wyz插/v旗/n”/wyy行动/vn无疑/d加剧/v了/ule美国/nsf与/p俄罗斯/nsf对/p北极/ns主权/n的/ude1争夺/vn，/wd激发/v美国人/nz急起直追/vl。/wj
2007年/m8月/t17日/t美国/nsf随即/d派出/v“/wyz希利/nrf”/wyy号/n重型/b破冰船/n进入/v北极/n，/wd进行/vx海底/n地图/n绘制/v工作/vn，/wd为/p美国/nsf政府/n在/p北极/ns的/ude1主权/n诉/vg求/v寻找/v依据/n。/wj
同时/c，/wd俄罗斯/nsf插/v旗/n之后/f，/wd美国/nsf在/p阿拉斯加/nsf部署/v了/ule更为/d先进/a的/ude1武器/n，/wd如/v第一/m批/q导弹/n防御/vn系统/n的/ude1拦截/vn导弹/n，/wd最/d先进/a的/ude1F/x-22/m“/wyz猛/x禽/ng”/wyy战斗机/n等/udeng。/wj
同时/c，/wd美国/nsf还/d通过/p北约/nt对/p俄罗斯/nsf在/p北极/ns的/ude1活动/vn进行/vx监视/vn。/wj
俄/b媒体/n称/v，/wd俄/b科考队/n几乎/d“/wyz次次/q”/wyy都/d遭到/v北约/nt侦察机/n的/ude1跟踪/vn。/wj