数/m万/m名/q示威者/n层层/q围堵/vn包括/v总理府/n在内/u的/ude1多/m个/q政府/n要/v地/n，/wd大肆/d占领/v财政部/nt、/wn外交部/nt等/udeng数/m个/q国家/n要害/n部门/n，/wd试图/v致/v瘫/vi政府/n，/wd发起/v“/wyz最后/f一/m搏/vg”/wyy，/wd泰国/nsf政府/n再次/d“/wyz停/vi摆/v”/wyy…/ws…/ws
以上/f一/m幕/q是/vshi11月/t25日/t起/f发生/v在/p泰国/nsf首都/n曼谷/nsf街头/s示威/vi的/ude1实况/n。/wj
三年/m前/f那/rzv满/d是/vshi子弹/n和/cc鲜血/n的/ude1街头/s政治/n对/p决/vg留下/v的/ude1伤痕/n还/d未/d痊愈/vi，/wd泰国/nsf人民/n又/d迎来/v了/ule新/a一/m轮/qv街头/s政治/n暴力/n。/wj
泰国/nsf政局/n再/d一/m次/qv徘徊/vi在/p民主/a的/ude1路口/n。/wj
随着/p泰国/nsf国王/n普密蓬/nrf批准/v解散/v国会/n下议院/n，/wd并/cc宣布/v于/p明年/t２月/t２日/t举行/v全国/n大选/vn，/wd执政/vi仅/d两年/m多/a的/ude1英拉/nrf政府/n因此/c转为/v“/wyz留守/v”/wyy。/wj
红/a黄/nr1街/n闹/v频频/d示威/vi的/ude1因由/n，/wd是/vshi执政党/n为/p泰/b党/n8月/t发起/v的/ude1特赦/vn法/n案/x，/wd法/n案/x的/ude1主要/b内容/n是/vshi特赦/v曾/d因/p参与/v政治/n集会/vn而/cc被/pbei法律/n制裁/vn的/ude1民众/n，/wd从而/c进一步/d推动/v国内/s和解/vn。/wj
法/n案/x出台/vi后/f，/wd旋即/d引发/v了/ule反对党/n的/ude1强烈/a不满/an。/wj
反对派/n认为/v此法/r案/x意图/n是/vshi为/p总理/n英拉/nrf的/ude1胞兄/n、/wn长期/d流亡/v在/p外/f的/ude1前/f总理/n他/rr信/v铺平/v无罪/vi回国/vi的/ude1道路/n。/wj
虽然/c国会/n上议院/n11月/t初/f被迫/d否决/v了/ule此/rzs“/wyz和解/vi议/v案/x”/wyy，/wd但/c反对派/n不肯/v作罢/vi，/wd争议/vn矛头/n直指/v总理/n英拉/nrf。/wj
在/p国会/n下议院/n否决/v了/ule针对/p英/b拉/b的/ude1不/d信任/v案/x后/f，/wd以/p前/f副/b总理/n素/dg贴/v为首/vi的/ude1示威者/n一发/d不可/v收/v，/wd组织/v发起/v了/ule自/p2010年/m以来/f最/d大/a规模/n的/ude1反/b政府/n示威/vn游行/vn。/wj
而/cc他/rr信/v的/ude1追随者/n也/d严阵以待/vl，/wd约/d5/f万/m名/q“/wyz红/a衫/ng军/n”/wyy连夜/d聚集/v在/p曼谷/nsf郊区/s的/ude1足球场/n，/wd发誓/v效忠/v英/b拉/v和/cc他/rr信/n，/wd直至/v反对派/n收兵/vi。/wj
从/p他/rr信/v2001年/m上台/vi，/wd到/v2006年/m因/p军事/n政变/vi下台/vi，/wd再/d到/v他/rr信/v的/ude1支持者/n卷土重来/vl，/wd泰国/nsf政局/n的/ude1更迭/vn陷入/v了/ule一个/mq周期性/n的/ude1怪圈/n。/wj
不/d是/vshi红/a衫/ng军/n压倒/v黄/nr1衫/ng军/n，/wd就/d是/vshi黄/nr1衫/ng军/n压倒/v红/a衫/ng军/n。/wj
当/p“/wyz街/n闹/v”/wyy成为/v了/ule家常便饭/nl，/wd反/vi政府/n人群/n都/d打/v着/uzhe“/wyz人民/n民主/an”/wyy的/ude1旗号/n，/wd用/p一/m种/q畸形/n暴力/n的/ude1政治/n手段/n推翻/v现政府/n。/wj
在/p红/a黄/a两/m派/q眼中/s，/wd泰国/nsf宪法/n犹如/v一纸空文/nl，/wd暴力/n示威/vn反倒/d更加/d快速/d和/cc高效/b。/wj
矛盾/an直接/ad投射/v到/v“/wyz美女/n总理/n”/wyy英拉/nrf身上/s，/wd法新社/nt援引/v分析/vn人士/n的/ude1话/n称/v，/wd“/wyz英拉/nrf的/ude1选择/vn已经/d十分/m地/ude2有限/a”/wyy。/wj
大规模/b的/ude1动荡/an成为/v总理/n英拉/nrf执政/vi以来/f的/ude1最/d大/a考验/vn，/wd她/rr将/d面临/v其/rz哥哥/n造就/v的/ude1政治/n产物/n——/wp无法/v弥合/v的/ude1社会/n分裂/vi与/p无尽/b的/ude1政党/n残杀/vn。/wj
他/rr信/v雾/n霾/x不/d散/v他/rr信/n始终/d是/vshi泰国/nsf无法/v绕/v过/uguo的/ude1话题/n，/wd不管/c是/vshi对/p泰国/nsf体制/n还/d是/vshi对/p英/b拉/v。/wj
来自/v资产阶级/n的/ude1他/rr信/v上任/vi后/f推行/v平民/n政策/n，/wd其/rz执政/vn基础/n也/d由/p原先/b的/ude1城市/n精英/n阶层/n转移/v为/v以/p农村/n人口/n为主/vi的/ude1草根/n人群/n，/wd但/c他/rr倡导/v的/ude1民粹主义/n政策/n不仅/c没/d能/v弥合/v泰国/nsf城乡/n鸿沟/n，/wd又/d因为/p动/v了/ule泰国/nsf特权/n阶层/n的/ude1利益/n奶酪/n而/cc招致/v精英/n阶层/n的/ude1敌对/a。/wj
自/p他/rr信/v时代/n以来/f，/wd泰国/nsf政坛/n的/ude1“/wyz红/a黄/a”/wyy两/m派/q势力/n水火/n不容/v，/wd无论/c哪/ry方/d暂/d处/vi上风/n，/wd都/d难免/v遭到/v其他/rzv派别/n的/ude1抵制/vn和/cc暴力/n反对/v。/wj
素/dg贴/v在/p集会/vi宣讲/v时/ng的/ude1一番话/n点/qt出/vf了/ule泰国/nsf政局/n无尽/b动荡/an的/ude1根源/n：/wm“/wyz为/v实现/v民主/an，/wd必须/d彻底/ad清除/v‘/wyz他/rr信/v政权/n’/wyy。/wj”/wyy
即便/c流亡/v在/p外/f，/wd他/rr信/v的/ude1势力/n和/cc影响力/n也/d从未/d真正/d离开/v过/uguo泰国/nsf政坛/n。/wj
而/cc对于/p他/rr的/ude1妹妹/n英拉/nrf而言/uls，/wd哥哥/n他/rr信/v的/ude1光芒/n始终/d笼罩/v，/wd“/wyz他/rr信/v傀儡/n”/wyy的/ude1称号/n也/d成为/v她/rr的/ude1政治/n软/a肋/n。/wj
英/b拉/v以柔克刚/vl持续/vi一/m个/q多/a月/n的/ude1反/b政府/n示威/vn活动/vn，/wd尚未/d出现/v大/a规模/n骚乱/vn和/cc流血/vn冲突/vn事件/n，/wd得益/vi于/p英拉强/nr打/v柔情/n牌/n的/ude1姿态/n。/wj
不同/a于/p阿/b披/v实/ng当年/t的/ude1强硬/a手腕/n，/wd英拉/nrf此次/rz采取/v了/ule以柔克刚/vl的/ude1手腕/n，/wd赢得/v不少/m同情/v分/qt。/wj
比如/v她/rr宣称/v坚决/ad不/d动用/v武力/n对待/v示威者/n；/wf反对派/n要/v占领/v政府部门/n，/wd她/rr下令/v让/v这些/rz部门/n主动/ad开门/vi迎/v客/ng；/wf要求/v她/rr的/ude1支持者/n“/wyz红/a衫/ng军/n”/wyy停止/v对峙/vi游行/vi,/wd以免/c引发/v更/d大/a混/x乱/d；/wf请求/v放/v过/uguo自己/rr10/n岁/qt的/ude1儿子/n，/wd要/v示威者/n冲/v着/uzhe她/rr来/vf。/wj
面对/v示威/vn人群/n的/ude1攻势/n英/b拉/v不/d断/v退让/vi，/wd并/cc一再/d呼吁/v愿意/v通过/p对话/vi寻求/v国家/n和平/n之/uzhi路/n。/wj
其实/d英/b拉/b的/ude1退让/vn并/cc不/d是/vshi软弱/a的/ude1体现/vn，/wd而/cc恰恰/d体现/v了/ule其/rz出/vf招/v的/ude1准确/a谨慎/a与/cc老练/an。/wj
解散/v国会/n，/wd提前/vd举行/v全国/n大选/vi的/ude1承诺/vn与/cc做法/n不仅/c避免/v了/ule暴力/n冲突/vn可能/n引发/v的/ude1流血/vn与/cc伤亡/vn，/wd更/d为/v自己/rr的/ude1为/p泰/b党/n赢得/v了/ule再次/d获胜/vi的/ude1机会/n。/wj
凭借/p着/uzhe草根/n阶层/n的/ude1人数/n优势/n，/wd为/p泰/b党/n获得/v大选/vi应该/v悬念/n不/d大/a，/wd加上/v执政/vi以来/f的/ude1不俗/a政绩/n，/wd英拉/nrf也/d是/vshi底气/n十足/z，/wd所以/c提前/vd大选/vi对/p目前/t泰国/nsf的/ude1政局/n变化/vn影响/vn不/d大/a。/wj
而/cc这/rzv也/d正是/v反对派/n的/ude1雷区/n。/wj
为了/p解决/v此/rzs困境/n，/wd反对派/n要求/v英/b拉/v把/pba权力/n直接/ad交给/v一个/mq由/p精英/n中/f产/v阶层/n组成/v的/ude1“/wyz人民/n议会/n”/wyy，/wd由/p这/rzv一/m“/wyz立法/vn机构/n”/wyy实施/v政治/n改革/vn，/wd以便/d实现/v“/wyz真正/b的/ude1民主/an”/wyy。/wj
这/rzv一/m主张/n遭到/v了/ule泰国/nsf各界/rz人士/n的/ude1反对/vn，/wd人们/n也/d普遍/ad认为/v这/rzv会/v是/vshi泰国/nsf民主/a的/ude1倒退/vn，/wd甚至/d有/vyou将/p国家/n引/v向/p“/wyz法西斯化/v”/wyy独裁/a道路/n的/ude1危险/an。/wj
据/p民/ng调/v显示/v，/wd78%/m的/ude1泰国/nsf民众/n支持/v英拉/nrf解散/v国会/n、/wn提前/vd大选/vi的/ude1决定/n，/wd认为/v此举/rzv有助于/v缓解/v目前/t紧张/a局势/n。/wj
除此之外/al，/wd反对派/n想/v要/v迫使/vi英拉/nrf政府/n下台/vi只能/v依靠/v军方/n力量/n。/wj
可是/c泰国/nsf陆军/n总司令/n巴育/nr拒绝/v了/ule此次/rz反/vi政府/n集会/vn领导人/n素/dg贴/v的/ude1会面/vn邀请/vn，/wd他/rr表示/v，/wd现在/t与/p素/dg贴/v会面/vi将/d被/pbei视为/v军方/n站/vi在/p反对派/n一/m方/q，/wd这/rzv对/p整个/b国家/n目前/t的/ude1安全/an局势/n来说/uls是/vshi非常/d危险/a的/ude1，/wd军方/n必须/d表明/v中/f立/v立场/n。/wj
加上/v英/b拉/v做出/v的/ude1种种/q求和/vn举措/n，/wd使得/vi军方/n更/d无由/d介入/v这/rzv场/qv红/a黄/a之/uzhi争/ng。/wj
对于/p英拉/nrf能否/v转危为安/vl我们/rr大/d可/v不必/d过于/d担忧/v，/wd但是/c对于/p泰国/nsf的/ude1政治/n派别/n而言/uls，/wd追求/v各自/rr政党/n执政/vi的/ude1形/ng远远/d比不上/vl解决/v社会/n阶层/n斗争/vn的/ude1实/a。/wj
正/d如/v彭博社/nr的/ude1评论/vn文章/n所/usuo说/v：/wm“/wyz可惜/a的/ude1是/vshi，/wd泰国/nsf的/ude1政治/n势力/n更/d注重/v互相/d残杀/v与/p政治/n争吵/vi，/wd他/rr信/v时代/n早已/d注意/v到/v的/ude1危机/n已/d被/pbei甩/v到/v脑/n后/f。/wj”/wyy