所以/c我/rr问/v你/rr能/v不能/v把/pba病毒/n格式化/v掉/v也/y？/ww
可以/v的/ude1吧/y，/wd不/d是/vshi有/vyou病毒/n都/d格式化/v一下/mq？/ww
显示/v有/vyou病毒/n就/d更新/v了/ule吗/y？/ww
我/rr已经/d上次/t格式化/v一/m次/qv了/y，/wd然后/c怎么/ryv又/d有/vyou？/ww
每次/r格式化/v之后/f它/rr整个/b就/d没/v了/y，/wd它/rr内存/n其/rz在/p那边/rzs，/wd就是/d占据/v的/ude1那个/rz东西/n还/d在/p那边/rzs，/wd但是/c这个/rz就是/d没有/d显示/v有/vyou文件/n，/wd文件/n占据/v的/ude1空间/n还/d在/p，/wd这/rzv很/d怪/a。/wj
我/rr已经/d疑/vg神/n疑/vg鬼/n到/v怕/v那个/rz手机/n正好/z是/vshi放/v在/p下边/f，/wd就/d会/v自然/d脱/v掉/v。/wj
想/v当年/t我/rr对/p这个/rz世界/n充满/v了/ule信任/vn，/wd这个/rz世界/n就/d把/pba我/rr对/p这个/rz世界/n的/ude1信任/vn就/d这么/rz毁/v，/wd我/rr现在/t对/p这个/rz世界/n充满/v了/ule戒备/vi，/wd我/rr再/d也/d不/d相信/v了/y。/wj
多/m好/a啊/y，/wd挺/d好/a的/ude1。/wj
我/rr知道/v不/d是/vshi睡觉/vi的/ude1时候/n不/d是/vshi有/vyou手机/n有/vyou电脑/n吗/y？/ww
我/rr都/d要/v手/n搭/v在/p手机/n、/wn电脑/n上/f。/wj
在/p教室/n里/f是/vshi吧/y？/ww
不/d是/vshi，/wd就/d在/p图书馆/n之类/rz的/ude1。/wj
在/p图书馆/n是的/vl，/wd我/rr也/d这样/rzv。/wj
但是/c（/wkz00：38：08/m）/wky东西/n又/d很/d麻烦/an，/wd我/rr就/d有时候/d手机/n放/v在/p上面/f，/wd电脑/n又/d放/v在/p上面/f，/wd我们/rr就是/d要/v（/wkz00：38：13/m）/wky，/wd有时候/d我/rr就/d把/pba手机/n压/v在/p书/n下面/f，/wd然后/c手/n放/v在/p书/n上/f。/wj
这/rzv会/v很/d怪/a，/wd就/d觉得/v很/d难/ad睡/v这/rzv样子/n。/wj
我/rr睡觉/vi我/rr也/d是/vshi这/rzv样子/n。/wj
所以/c一/m个/q人/n姿势/n又/d比较/d（/wkz00：38：34/m）/wky。/wj
所以/c连/ulian上/f厕所/n都/d那个/rz，/wd都/d不/d敢/v。/wj
就/d是/vshi啊/y，/wd别人/rr（/wkz00：38：37/m）/wky。/wj
其实/d在/p外/f学习/v挺/d好/a的/ude1我/rr觉得/v。/wj
一般/ad没事儿/v闲/v来/vf无/v事/n想/v偷/v东西/n的/ude1人/n好像/v很/d少/a。/wj
我/rr总/d觉得/v（/wkz00：38：57/m）/wky。/wj
但是/c也/d不乏/v自己/rr混/v进去/vf（/wkz00：39：03/m）/wky。/wj
学/v姐/n我/rr到/v宿舍/n里/f很多/m人/n说/v有/vyou里面/f有/vyou个/q吃/v人/n小孩/n，/wd你/rr有/vyou吗/y？/ww
她/rr说/v这个/rz学校/n没有/v。/wj
这个/rz学校/n没有/v啊/y。/wj
对/p，/wd我/rr就/d仔细/ad看/v了/ule一下/mq我/rr之前/f没有/v仔细/ad看/v的/ude1那/rzv一/m段/q，/wd然后/c真/a的/ude1觉得/v没/d有/vyou，/wd然后/c我/rr就/d想/v到底/d是/vshi我/rr自己/rr看/v了/ule哪/ry部/q小说/n。/wj
是/vshi你/rr那/rzv本/q小说/n里/f的/ude1吧/y？/ww
然后/c是/vshi下面/f那/rzv一/m个/q吗/y？/ww
什么/ry但是/c也/d不/d可能/v啊/y。/wj
有/vyou可能/n。/wj
女/b3：/m不/d可能/v。/wj
因为/p我/rr去年/t的/ude1时候/n就/d，/wd去年/t3月/t份/q的/ude1时候/n就/d看/v到/v那个/rz小说/n，/wd那/rzv一/m段/q的/ude1。/wj
就/d很/d怪/a啊/y。/wj
但是/c我/rr去年/t发现/v看/v的/ude1也/d是/vshi《/wkz红高粱/nz》/wky啊/y。/wj
到底/d是/vshi哪/ry部/n啊/y，/wd太/d可怕/a了/y。/wj
帮/v我/rr拿/v好/a吗/y？/ww
不好/a。/wj
你/rr的/ude1笔/n呢/y？/ww
在/p书包/n里/f，/wd书包/n在/p衣服/n里/f，/wd然后/c笔/n在/p笔袋/n里/f。/wj
有/vyou没/d有/vyou作文书/n之类/rz的/ude1？/ww
让/v我/rr背/v几/m个/q例句/n吧/y，/wd那/c我/rr怎么/ryv办/v我/rr现在/t难道/d要/v背/v那个/rz例卷/n么/y，/wd但是/c例卷/n的/ude1作文/n也/d很/d恶心/a，/wd之前/f我/rr觉得/v那/rzv个/q翻译/n很/d水/n，/wd挺/d好/a翻/v。/wj
后来/t看到/v网上/s一个/mq东西/n说/v他/rr可以/v加/v定/v中国/ns的/ude1传统/n文化/n的/ude1东西/n，/wd瞬间/t觉得/v跪/v了/y，/wd很多/m词/n都/d看/v不/d出来/vf，/wd又/d是/vshi讲/v节日/n的/ude1那/rzv还/d好/a。/wj
中国/ns的/ude1什么/ry，/wd单/d双/m号/q制/v，/wd这种/r管制/vn之类/rz的/ude1。/wj
我/rr口语/n问答/vn不行/a。/wj
还/d可以/v，/wd作文/n还/d好/a，/wd他/rr会/v给/p你/rr例子/n，/wd这个/rz翻译/n你/rr看/v现在/t翻译/v变成/v整/m段/q翻译/n。/wj
我/rr今天/t跟/p我/rr妈/n打/v了/ule一个/mq预防针/n，/wd虽然/c打/v了/ule一个/mq预防针/n但是/c还/d是/vshi准备/v厄运/n。/wj
你/rr有/vyou没/d有/vyou作文/n书/n？/ww
作文/n书/n？/ww
没有/v。/wj
我/rr要/v背/v几/m篇/q例文/n，/wd但是/c我/rr又/d不/d想/v买/v那个/rz作/v文书/n。/wj
你/rr网上/s找/v。/wj
我/rr下/vf几/m篇/q，/wd但是/c其实/d跟/p我/rr那个/rz例文/n都/d差不多/al的/ude1。/wj
快/a上/vf厕所/n。/wj
为什么/ryv？/ww
因为/p厕所/n空/v下来/vf了/ule有/vyou强迫症/n，/wd需要/v把/pba它/rr填/v满/a。/wj
你/rr去/vf把/pba厕所/n满/a吧/y，/wd你/rr把/pba厕所/n每/rz一/m平方/q厘米/q都/d得/ude3填/v了/y，/wd好/a恶心/a啊/y，/wd你/rr在/p里面/f洗澡/vi啊/y。/wj
消/v消毒/vi，/wd阿姨/n会/v不/d会/v给/p我们/rr厕所/n消毒/vn？/ww
他/rr刷/v我们/rr厕所/n就/d不/d错/v了/y。/wj
新闻稿/n怎么/ryv写/v啊/y？/ww
你/rr为什么/ryv问/v我/rr这个/rz啊/y？/ww
因为/p我们/rr毛概/nz要/n写/v。/wj
毛概/nz还/d要/v写/v新闻稿/n？/ww
不/d是/vshi我们/rr要/v写字/vn调研/vn报告/n不/d是/vshi么/y，/wd时间/n、/wn地点/n、/wn人物/n吗/y？/ww
五/m要素/n大概/d是/vshi这样/rzv吗/y？/ww
对/v。/wj
然后/c呢/y？/ww
基本上/d平常/a开头/n你/rr简单/ad说/v一下/mq时间/n、/wn地/n点/qt什么/ry事情/n，/wd什么/ry人/n干/v了/ule什么/ry事情/n就/d是/vshi这样/rzv。/wj
然后/c第二/m段/q可以/v写/v一些/mq这个/rz活动/vn的/ude1主办/vn方/ng，/wd和/cc一些/mq基本要素/n。/wj
然后/c这个/rz活动/vn的/ude1目的/n、/wn意义/n，/wd然后/c主题/n是/vshi什么/ry之类/rz的/ude1。/wj
然后/c第三/m段/q你/rr可以/v写/v一些/mq学习/v过程/n，/wd然后/c再/d写/v一下/mq结尾/n，/wd然后/c再/d深化/v一下/mq主题/n基本/ad就是/v这样/rzv。/wj
这个/rz好象/n八股文/n啊/y。/wj
﻿/x轻/a一点/m，/wd你/rr那个/rz前/f一/m个/q走/v完/vi，/wd下/vf一个/mq就/d应该/v自然/n了/y。/wj
知道/v了/y。/wj
差不多/al是/vshi这样/rzv。/wj
所以/c说/v。/wj
稍微/d好/a一点/m，/wd肢体/n上/f再/d（/wkz动/v）/wky一些/mq。/wj
好/a一点点/m，/wd你/rr第一/m步子/n时候/n特别/d对/p，/wd就是/v你/rr找/v第一/m步/qv的/ude1感觉/n就/d对/p了/y。/wj
知道/v了/y。/wj
瞎/d编/v的/ude1，/wd来/vf准备/v。/wj
就/p她/rr那/rzv个/q现在/t不/d习惯/v。/wj
等/v一下/mq可能/v会/v站/vi不/d住/vi。/wj
挺/d好/a的/ude1啊/y。/wj
还有/v一个/mq，/wd她/rr彻底/ad这个/rz样子/n了/y，/wd她/rr彻底/ad这样/rzv，/wd本来/d是/vshi90/v度/qv的/ude1这个/rz样/ng，/wd那/rzv上去/vf把/pba这个/rz勾/ng，/wd往/p外/f勾/v，/wd然后/c最后/f不/d知道/v怎么/ryv做/v得/ude3特别/d奇怪/v。/wj
是/vshi因为/p女生/n的/ude1原因/n嘛/y，/wd我/rr也/d不/d知道/v，/wd这/rzv样子/n吗/y？/ww
差不多/d的/ude1。/wj
然后/c往/p外/f勾/v，/wd好/a丑/a啊/y。/wj
这次/r的/ude1特别/d好/a。/wj
这个/rz角/n不要/d曲/ng，/wd要/v非常/d直/a，/wd把/pba重心/n放在/v右腿/n。/wj
这样/rzv吗/y。/wj
那/rzv个/q手/n上去/vf。/wj
这样/rzv，/wd他/rr让/v我/rr坚持/v好/a几/m秒/qt。/wj
挺/d好/a的/ude1。/wj
还是/c动作/n吗/y？/ww
有/vyou一/m段/q最后/f一/m段/q，/wd变成/v两/m个/q人/n之后/f。/wj
两/m个/q人/n啊/y，/wd两/m个/q人/n要/v干/v嘛/y。/wj
就/p最后/f一/m段/q。/wj
我/rr一直/d都/d放/v不/d开/v，/wd我/rr开始/v是/vshi这样/rzv的/ude1，/wd然后/c做/v着/uzhe做/v着/uzhe突然/ad转/v过/uguo来/f，/wd这种/r要/v这么/rz做/v。/wj
