我/rr相信/v她/rr做/v得/ude3会/v很/d好/a，/wd对/p啊/y，/wd就/p重心/n有/vyou一个/mq移/v重心/n的/ude1过程/n。/wj
为什么/ryv做/v得/ude3没有/d这么/rz挺/vi。/wj
我/rr也/d想/v问/v你/rr。/wj
我们/rr看/v一下/mq，/wd你/rr打开/v，/wd就/d有/vyou点/qt女生/n这/rzv样子/n，/wd稍微/d打开/v一点/m。/wj
端/v起来/vf，/wd并/v久/a一点/m，/wd再/d走/v下/vf一/m步/qv，/wd转/v过去/vf。/wj
就/d是/vshi（/wkz。/wj
哪个/ry人/n？/ww
后面/f的/ude1就是/v，/wd王/nr1夫人/n死/v了/ule之后/f，/wd开始/v在/p那/rzv躺/v着/uzhe，/wd躺/v着/uzhe戴/v面具/n之后/f她/rr就/d起来/vf了/y，/wd然后/c我们/rr俩/m就/d开始/v背/n对/v背/n的/ude1，/wd我们/rr原来/d想/v是/vshi背/n对/v背/n的/ude1。/wj
有/vyou两/m个/q版本/n，/wd用/v哪个/ry？/ww
后边/f不/d知道/v该/v怎么/ryv办/v了/y。/wj
现在/t又/d累/a了/y了/y吗/y？/ww
现在/t不/d算/v转圈/vi那个/rz。/wj
不/d算/v转圈/vi那个/rz，/wd那/rzv也/d是/vshi。/wj
我/rr觉得/v转/v。/wj
不/d知道/v怎么/ryv办/v了/y，/wd四/m个/q八/m拍/q。/wj
从/p它/rr起来/vf开始/v，/wd这样/rzv现在/t是/vshi四/m个/q八/m拍/q，/wd从/p它/rr起来/vf开始/v，/wd一直/d到/v结束/v，/wd所以/c有/vyou四/m个/q八/m拍/q。/wj
要/v不/d你们/rr两/m个/q就/d读/vi一/m遍/qv。/wj
好/a有/vyou气势/n，/wd很/d好/a，/wd然后/c个/q八/m拍/q，/wd这个/rz读/v一/m遍/qv，/wd一/m开始/v读/v一/m遍/qv就/d这样/rzv。/wj
要/v不/d这样/rzv子/ng的/ude1，/wd的/ude1那种/r？/ww
前/f后/f可以/v吗/y？/ww
就/p一个/mq人/n这/rzv样子/n，/wd然后/c往/p后/f，/wd这/rzv样子/n。/wj
你/rr往/p前/f，/wd我/rr往/p后/f。/wj
动作/n大概/d是/vshi然后/c（/wkz，/wd一下/mq自己/rr，/wd一二三/m，/wd不/d是/vshi，/wd你/rr这/rzv样子/n，/wd一二三四/m，/wd踩/v一下/mq，/wd一二三四/m，/wd步/qv里/f反/vi过来/vf了/y，/wd你/rr是/vshi你/rr。/wj
一二三四/m，/wd一/m是/vshi踩/v着/uzhe的/ude1。/wj
又/d错/v了/y。/wj
我/rr觉得/v这/rzv次/qv开场/vi挺/d好/a的/ude1。/wj
一般/a两/m个/q人/n这样/rzv做/v就/d起/vf。/wj
然后/c很/d费力/a，/wd起/vf很/d费力/a。/wj
会/v有/vyou互动/vn。/wj
手/n打开/v，/wd这样/rzv好/a别扭/an。/wj
我/rr往/p这/rzv面/q。/wj
没有/v，/wd都/d往/p中间/f。/wj
然后/c这样/rzv。/wj
转动/v。/wj
这样/rzv。/wj
不/d是/vshi不/d是/vshi。/wj
不/d是/vshi转/v，/wd不/d是/vshi转/v，/wd就/d第一/m版/n，/wd第一/m版/n。/wj
然后/c我们/rr两/m个/q转/v过/vf来/vf了/y。/wj
然后/c就/d是/vshi我/rr（/wkz00：12：11/m）/wky，/wd然后/c这样/rzv。/wj
挺/d好/a的/ude1啊/y。/wj
尤其/d是/vshi后/f三/m句/q台词/n我们/rr一起/d说/v的/ude1。/wj
这/rzv三/m句/q是/vshi比较/d轰动/v气势/n的/ude1。/wj
是/vshi这样/rzv吗/y？/ww
不/d是/vshi这样/rzv，/wd是/vshi那个/rz，/wd就是/v手/n抓/v住/vi。/wj
这/rzv样子/n吗/y？/ww
你/rr的/ude1头/n靠/v下/vf。/wj
或者/c你们/rr不/d用/v就/d做/v一个/mq过程/n。/wj
其实/d最/d简单/a的/ude1就是/v，/wd你/rr到/v后/f三/m句/q的/ude1时候/n，/wd我/rr从/p你/rr身后/f到/v你/rr旁边/f。/wj
然后/c呢/y？/ww
然后/c我们/rr两/m个/q并排/d了/y。/wj
你们/rr三/m句/q都/d这样/rzv。/wj
对/v。/wj
然后/c做/v一个/mq高/a低/a。/wj
不然/c的话/udh，/wd我们/rr过来/vf以后/f，/wd就是/v那/rzv句/q。/wj
你/rr这个/rz旁边/f就/d怎么/ryv怎么样/ryv。/wj
对/v。/wj
然后/c做/v一些/mq妖怪/n的/ude1动作/n，/wd女巫/n的/ude1动作/n，/wd然后/c（/wkz00：13：57/m）/wky往/p那边/rzs，/wd大概/d是/vshi这样/rzv高/a。/wj
然后/c低/a这样/rzv的/ude1。/wj
这/rzv我们/rr是/vshi（/wkz摆动/v）/wky的/ude1明天/t。/wj
我/rr正/d想/v着/uzhe这个/rz动作/n。/wj
对/p啊/y，/wd就/d这/rzv样子/n，/wd做/v一个/mq什么/ry呢/y，/wd然后/c对/p，/wd你/rr往/p那边/rzs一个/mq东西/n，/wd然后/c再/d两/m个/q人/n做/v就/d行/vi了/y。/wj
嗯/e。/wj
那/rzv就是/v我/rr过来/vf一/m次/qv，/wd她/rr低/v下去/vf，/wd她/rr可以/v站/vi上/f来/vf，/wd我/rr再/d低/a下来/vf。/wj
这/rzv三/m句/q一直/d这样/rzv怪/d怪/a的/ude1，/wd一个/mq下来/vf一个/mq上/f，/wd然后/c再/d两/m个/q人/n背/v对/p着/uzhe。/wj
气/n场站/n在/p那/rzv，/wd对/p对/p，/wd不要/d这/rzv样子/n。/wj
你/rr俩/m是/vshi什么/ry关系/n？/ww
我们/rr是/vshi同事/n关系/n。/wj
你/rr是/vshi巫魔/n。/wj
那/rzv就/d对/p在/p一起/s感觉/n就/d尊重/v神圣/a的/ude1地面/n那/rzv样子/n，/wd这/rzv样子/n就/d结束/v了/y。/wj
试/v一下/mq，/wd你们/rr换/v得/ude3自然/d一点/m。/wj
我们/rr转/v一下/mq。/wj
不/d，/wd无/v翘/v臀/ng，/wd生/v蹲/v。/wj
先/d试/v一下/mq。/wj
你/rr的/ude1手/n呢/y。/wj
不/d是/vshi当初/tcome/x，/wd有/vyou一个/mq推/v的/ude1动作/n嘛/y，/wd现在/t不/d推/v了/ule嘛/y。/wj
你/rr刚才/t特别/d像/v那/rzv种/q，/wd就/d这/rzv样子/n，/wd或者/c就/p骑士/n一点/m。/wj
就/p这样/rzv。/wj
这样/rzv就/d要/v扶/v一下/mq。/wj
不/d要/v扶/v。/wj
可是/c我/rr以前/f没有/v这样/rzv扭/v过/uguo。/wj
你/rr扭/v得/ude3不够/a，/wd你/rr也/d不够/a，/wd我/rr说/v的/ude1是/vshi身体/n要/v翘/v腿/n，/wd你/rr就/d直接/a这/rzv样子/n，/wd你/rr说/v这/rzv准备/v。/wj
你/rr这样/rzv的/ude1，/wd这样/rzv的/ude1。/wj
往/p前/f倾/vi，/wd往/p前/f倾/vi，/wd身体/n超过/v，/wd身体/n要/v倾向/n。/wj
这样/rzv吗/y？/ww
你/rr俩/m试试/v看/v。/wj
把/pba身体/n放慢/v一点/m。/wj
这样/rzv。/wj
对/p，/wd是/vshi这个/rz样子/n，/wd身体/n往/p这边/rzs。/wj
够/v了/ule吧/y，/wd手/n这样/rzv伸/v上去/vf，/wd（/wkz。/wj
要/v不/d你/rr就/d直接/ad跟/v她/rr一样/uyy，/wd那/c你/rr这边/rzs也/d很/d，/wd还是/c很/d别扭/a。/wj
你/rr通过/pyes/x，/wd直接/ad这/rzv样子/n。/wj
就是/v这样/rzv。/wj
好/a。/wj
你/rr是/vshi固定/a的/ude1这/rzv样子/n，/wd然后/c这样/rzv，/wd的/ude1那/rzv种/q，/wd就/d直接/ad往/p这边/rzs推/v出去/vf。/wj
然后/c是/vshi往/p这边/rzs。/wj
你/rr手上/s有/vyou动作/n吗/y？/ww
我/rr手/n就/d是/vshi这样/rzv。/wj
、/wn就/d是/vshi很/d自然/a的/ude1就/d这样/rzv。/wj
不/d对/p不/d对/a，/wd她/rr不/d用/v转/v了/y。/wj
我/rr不/d转/v了/y。/wj
其实/d也/d蛮/d好/a，/wd你/rr觉得/v难受/a的话/udh，/wd你/rr转/v过/uguo来/f的/ude1时候/n，/wd你/rr这个/rz脚跟/n着/uzhe过来/vf。/wj
那/c我们/rr就/d停/vi在/p这里/rzs，/wd然后/c一起/d出来/vf。/wj
我们/rr到/v时候/n这/rzv一/m句/q还有/v共/d的/ude1一/m句/q，/wd这时候/rzt我们/rr是/vshi停/vi在/p这/rzv说/v，/wd还是/c有/vyou点/n变化/vn。/wj
共同/b的/ude1一/m句/q，/wd停/vi着/uzhe说/v，/wd两/m个/q人/n都/d朝着/p前边/f。/wj
还有/v一个/mq这个/rz是/vshi我们/rr要/v留下来/v，/wd我/rr说/v开始/v，/wd她/rr那边/rzs。/wj
这时候/rzt可以/v出/vf来/vf了/y，/wd就/d是/vshi最后/f讲/v完/vi一/m起/q的/ude1一/m句/q话/n，/wd然后/c就/d这样/rzv上/f前/f一/m步/qv，/wd你/rr在/p哪/ry边/d，/wd你/rr在/p后面/f，/wd你/rr就/d一直/d这样/rzv是/vshi吧/y？/ww
对/p，/wd然后/c我/rr就/d这样/rzv转/v。/wj
然后/c她/rr上/f前/f一/m步/qv之后/f，/wd然后/c你/rr也/d这/rzv样子/n，/wd就/d上/vf前/f一/m步/qv，/wd你们/rr要/v说/v四/m遍/qv吗/y？/ww
四/m遍/qv。/wj
那/rzv就/d在/p这/rzv，/wd然后/c把/pba气势/n轰/o高/a了/ule一/m个/q，/wd这/rzv边/d再/d另/rz一个/mq，/wd然后/c一/m个/q，/wd一/m个/q，/wd就/d这样/rzv，/wd一个/mq一个/mq的/ude1。/wj
我/rr试/v一下/mq。/wj
。/wj
然后/c我/rr就/d说/v。/wj
然后/c呢/y？/ww
就/d是/vshi最后/f那/rzv三/m句/q，/wd这/rzv是/vshi第一/m句/q，/wd然后/c第二/m句/q，/wd然后/c第三/m句/q。/wj
