前面/f很多/m类似/a的/ude1，/wd换/v一个/mq。/wj
你们/rr俩/m现在/t是/vshi并排/d对/p吧/y。/wj
你们/rr能/v不/d能/v就/d这样/rzv转/v起来/vf。/wj
应该/v可以/v。/wj
大概/d做/v一些/mq动作/n，/wd就/d两/m个/q人/n转/v起来/vf。/wj
比如/v大概/d这样/rzv子/ng的/ude1。/wj
然后/c你/rr再/d往/p后/f转/v然后/c我/rr再/d过来/vf。/wj
然后/c就/d正常/ad走/v过来/vf。/wj
然后/c手/n这样/rzv就/d行/vi。/wj
这/rzv样子/n摆/v在/p两/m边/k。/wj
然后/c到/v最后/f一/m句/q的/ude1时候/n这样/rzv。/wj
我/rr突然/ad觉得/v最后/f那/rzv一/m句/q的/ude1话/n那/rzv样子/n，/wd这种/r定型/vn可能/n会/v。/wj
我/rr是/vshi这样/rzv子/ng的/ude1，/wd你/rr是/vshi那样/rzv子/ng的/ude1，/wd试/v一下/mq。/wj
步伐/n岔开/v一点/m。/wj
你/rr这样/rzv也/d是/vshi整个/b重心/n往/p这边/rzs站/vi，/wd不要/d这/rzv样子/n，/wd千/m万/m不/d要/v这样/rzv，/wd这样/rzv就/d不好/a了/y。/wj
你/rr要/v不/d要/v加/v个/q手/n什么/ry样子/n，/wd这边/rzs。/wj
可以/v吗/y？/ww
一样/a吗/y？/ww
她/rr是/vshi怎样/ryv，/wd你/rr是/vshi怎样/ryv。/wj
你/rr这个/rz有/vyou点/n往/p前/f那/rzv样子/n，/wd不/d，/wd不/d太/d前/f了/y，/wd你/rr就/d这/rzv样子/n，/wd就/d凶/a一点/m，/wd有点/d这/rzv样子/n，/wd走/v啊/y，/wd对/p对/v。/wj
再/d往/p前/f些/q。/wj
这样/rzv吧/y。/wj
差不多/al。/wj
她/rr说/v全场/n不要/d。/wj
她/rr告诉/v我/rr这样/rzv谢谢/v老师/n。/wj
好好/d练/v啊/y。/wj
我/rr觉得/v就/p那个/rz我/rr觉得/v好/a难/a啊/y。/wj
你/rr看/v是/vshi这样/rzv的/ude1。/wj
我/rr试/v一下/mq。/wj
然后/d,不/d要/v往/p后/f看/v，/wd就/d定/v那/rzv。/wj
你/rr往/p前/f，/wd手/n再/d往/p前/f，/wd这样/rzv。/wj
我/rr再/d试/v一下/mq，/wd怎样/ryv？/ww
就/d先/d是/vshi这/rzv样子/n。/wj
对/v。/wj
。/wj
我/rr跟/p你/rr一/m起来/vf。/wj
我/rr自己/rr来/vf吧/y。/wj
走/v。/wj
你/rr走/v这/rzv一/m步/qv。/wj
为什么/ryv我们/rr不/d能/v这么/rz走/v。/wj
（/wkz。/wj
这样/rzv我/rr也/d没什么/vl动作/n。/wj
一/m会/v再/d说/v，/wd起来/vf再说/vi。/wj
可是/c你/rr。/wj
就/p这样/rzv。/wj
你/rr起码/d。/wj
全校/n招/v的/ude1，/wd感觉/v规模/n是/vshi不/d是/vshi更/d大/a了/y。/wj
这样/rzv我/rr觉得/v，/wd是/vshi这个/rz戏/n里/f，/wd他/rr要/v男/b的/ude1预备/vn。/wj
什么/ry意思/n？/ww
因为/p这个/rz戏/n它/rr戏/n和/cc歌/n不/d是/vshi分开/vi的/ude1，/wd它/rr是/vshi一起/s的/ude1。/wj
它/rr是/vshi一起/s的/ude1，/wd就/d边/d唱/v，/wd边/d演/v而且/c这个/rz题材/n是/vshi很/d，/wd它/rr这个/rz就/d是/vshi换/v尊重/v的/ude1生活/vn。/wj
（/wkz你/rr知道/v是/vshi啥/ry？/ww
我/rr不/d知道/v。/wj
同性恋/vi，/wd然后/c生活/vi在/p底层/n的/ude1艺术家/n。/wj
难度/n挺/d大/a。/wj
对/p角色/n要求/n很/d高/a，/wd像/p今年/t的/ude1组/n剧/n现在/t还/d不/d太/d满意/v，/wd因为/c他们/rr要求/v非常高/n，/wd那个/rz主编/n，/wd他/rr是/vshi一个/mq满/a高贵/a的/ude1人/n，/wd然后/c得/v艾滋病/n的/ude1那/rzv种/q。/wj
真/d难/a。/wj
主演/v我们/rr是/vshi全校/n招/v的/ude1。/wj
我/rr本来/d觉得/v音乐剧/n也/d挺/d难/a的/ude1，/wd演出/v来/vf那种/r感觉/n不/d容易/a。/wj
对/p，/wd但是/c如果/c你/rr演出/v来/vf的/ude1话/n，/wd因为/c它/rr难度/n在/p那/rzv，/wd，/wd去年/t像/p这个/rz时候/n排/v得/ude3差不多/al了/y，/wd今年/t现在/t还/d在/p排/v。/wj
所以/c这个/rz戏/n啊/y，/wd今年/t是/vshi新/a版/n，/wd所以/c难度/n很/d大/a。/wj
，/wd注意/v脚尖/n，/wd脚尖/n往/p下/f，/wd对/v。/wj
。/wj
开头/n、/wn结尾/n那/rzv一/m下/f，/wd冲突/vn。/wj
洗手/vi。/wj
你/rr回去/v好好/d琢磨/v，/wd你/rr那/rzv个/q动作/n再/d做/v一下/mq。/wj
五四三二/m，/wd听/v胸/ng收腹/v。/wj
下巴/n往/p前/f伸/v，/wd不/d要/v动/v。/wj
抬高/v，/wd对/p，/wd你/rr往/p下/f。/wj
再说/vi吧/y，/wd下/f周/nr1周/ng三/m。/wj
周/nr1三/m。/wj
周/nr1三/m我/rr就/d要/v见/v。/wj
你/rr周三/t有/vyou没/d有/vyou课/n？/ww
白天/t。/wj
周/nr1三/m没/v课/n。/wj
所以/c现在/t就/d练习/v一/m个/q，/wd开头/n松/ng，/wd还有/v结束/v你们/rr两/m个/q跳/vi就/d算/v了/y。/wj
那/rzv下次/t周三/t就/d不/d练/v了/y？/ww
对/p，/wd我们/rr周/nr1三/m的/ude1时候/n我们/rr要/v考/v一/m块/q了/y。/wj
就/p上/f次/qv就/d讨论/v到/v什么/ry时候/n去/vf拿/v木块/n了/y，/wd然后/c我们/rr发现/v（/wkz00：37：26/m听/v不/d清/a）/wky，/wd要不/c周二/t中午/t，/wd周/nr1二/m中午/t拿/v过来/vf。/wj
可以/v。/wj
我/rr好象/n大家/rr都/d，/wd是/vshi吧/y，/wd对/p，/wd那/rzv正好/z。/wj
好象/n没/v饭/n吃/v。/wj
对/p，/wd我/rr第六/m节/q也/d有/vyou课/n。/wj
我/rr第六/m节/q也/d有/vyou课/n，/wd我/rr可以/v不/d吃/v，/wd我/rr可以/v带/v。/wj
要/v不/d我/rr给/p你/rr带/v。/wj
不行/a，/wd我/rr那/rzv课/n不/d能/v迟到/vi。/wj
不行/a，/wd我/rr那/rzv课/n也/d不/d能/v吃/v。/wj
要不然/c这样/rzv，/wd周/nr1三/m呢/y？/ww
周/nr1三/m我/rr第五/m节/q没/v课/n，/wd我/rr是/vshi三/m、/wn四/m、/wn五/m、/wn六/m。/wj
明天/t？/ww
明天/t。/wj
我/rr周/nr1三/m，/wd三/m、/wn四/m没/v课/n。/wj
预备/vn开始/v。/wj
1/a﻿/x喂/v，/wd最近/t过/vf的/ude1怎么样/ryv啊/y？/ww
最近/t啊/y，/wd不/d一样/a啊/y，/wd就/d不/d怎么样/ryv啊/y。/wj
什么/ry叫/vi不/d怎么样/ryv，/wd就/d那/rzv次/qv过/d怎么样/ryv？/ww
进展/vi到/v几/m垒/v了/y，/wd打算/v什么/ry时候/n闭/v机/ng啊/y，/wd什么/ry时候/n见/v家长/n，/wd什么/ry时候/n去/vf巴拉巴拉/nrf。/wj
别/d搞/v笑/v了/y。/wj
我/rr给/p你/rr说/v一点/m正经/a的/ude1事情/n，/wd杜序/nr都/d在/p签约/vi了/y。/wj
我/rr知道/v，/wd就/d我/rr那/rzv天/qt还/d不/d是/vshi跟/p你/rr说/v来着/u吗/y？/ww
利贝/nr也/d拿/v到/voffer/x了/vi。/wj
利贝/nr到/v哪儿/rys了/y？/ww
他/rr拿/v到/v的/ude1是/vshi英国/ns的/ude1offer/x。/wj
英国/ns哪儿/rys？/ww
杜伦/nrf你/rr知道/v吗/y？/ww
不/d知道/v。/wj
英国/ns现在/t综合/vd排名/vi第六/m吧/y。/wj
那/rzv挺/d好/a的/ude1。/wj
是/vshi挺/d好/a的/ude1，/wd我/rr也/d想/v申请/v到/v，/wd申请/v不/d到/v烦/v死/v了/y。/wj
就/p一个/mq毕设/b，/wd就/d把/pba你/rr整/v成/d这样/rzv了/y，/wd真是/d的/ude1。/wj
你/rr帮/v我/rr写/v好/a不好/a？/ww
我/rr实在/d写/v不/d出来/vf了/y。/wj
我/rr今天/t已经/d对/p着/uzhe它/rr看/v了/ule三/m天/qt三/m夜/qt，/wd但是/c我/rr还/d没有/d想/v好/a我/rr的/ude1题目/n到底/d要/v定/v什么/ry。/wj
我/rr今天/t都/d搞/v坏/a仪器/n了/y。/wj
实验室/n有人/r在/p期待/v的/ude1，/wd今天/t好/a忧伤/an。/wj
贵/r不/d贵/a？/ww
有/vyou点/qt贵/a，/wd几/m十/m万/m的/ude1样子/n。/wj
你/rr把/pba它/rr搞/v坏/a了/y。/wj
现在/t正/d一/m脸/q黑线/n的/ude1正/d在/p修/v。/wj
所以/c呢/y？/ww
修/v得/ude3好/a吗/y？/ww
应该/v是/vshi明天/t就/d修好/vi了/y。/wj
没有/d搞/v得/ude3很/d坏/a，/wd就/d老/a毛病/n而已/y。/wj
但是/c他/rr一/m脸/q黑线/n。/wj
万一/c你/rr修/v不好/a了/ule会/v不/d会/v取消/v直/d博/ag资格/n？/ww
我/rr现在/t还/d没有/v那个/rz资格/n呢/y，/wd现在/t还/d没/d到/v那个/rz时候/n呢/y。/wj
什么/ry时候/n拿/v得/ude3到/v？/ww
明年/t。/wj
我/rr持/v不/d到/v闭/v机/ng了/y。/wj
这种/r东西/n对/p谈话/vi的/ude1学生/n来说/uls是/vshi最/d低/a层次/n的/ude1目标/n。/wj
那/rzv要/v不/d你/rr现在/t就/d闭/v机/ng掉/v吧/y。/wj
行/vi。/wj
好/a吧/y，/wd其实/d告诉/v你/rr件/q事情/n我/rr没有/d在/p录音/vn，/wd我/rr是/vshi在/p骗/v你/rr的/ude1。/wj
