我/rr知道/v你/rr不/d是/vshi产品/n搞/v一个/mq软件/n吗/y？/ww
你/rr不要/d拆穿/v真/d烦人/a。/wj
怎么/ryv办/v拿/v不/d到/voffer/x了/vi，/wd好/a烦人/a。/wj
作为/p未来/t的/ude1博士/n你/rr发/v我/rr一个/mq吧/y。/wj
你/rr来/vf帮/v我/rr擦/v试管/n吧/y。/wj
好/a，/wd求/v擦/v试管/n，/wd求/v试管/n擦/v。/wj
最近/t我/rr知道/v了/ule一个/mq惊/v天大/nz八卦/n。/wj
虽然/c我/rr还/d不/d知道/v对象/n到底/d是/vshi谁/ry，/wd不过/c那个/rz八卦/n是/vshi利贝/nrf告诉/v我/rr的/ude1，/wd关于/p祥瑞/nr的/ude1八卦/n。/wj
祥瑞/nr你/rr确定/v他/rr不/d是/vshi弯/a的/ude1？/ww
这个/rz问题/n问/v的/ude1好/a。/wj
我/rr在/p路上/s碰到/v三四/m次/qv都/d是/vshi一个/mq男生/n在/p带/v着/uzhe他/rr，/wd就/d是/vshi不同/a的/ude1男生/n带/v着/uzhe他/rr骑车/vi。/wj
废话/n，/wd玉泉/nz有/vyou女/n孩子/n吗/y？/ww
当然/d有/vyou啊/y。/wj
有/vyou啊/y？/ww
我/rr怎么/ryv没/d看见/v？/ww
有/vyou啊/y，/wd而且/c很/d多/a啊/y。/wj
我/rr觉得/v这样/rzv的/ude1男生/n在/p男生/n里/f正常/a。/wj
那/rzv好/a吧/y，/wd很/d正常/a。/wj
但是/c我/rr每次/r梦/n到/v他/rr，/wd基本/ad都/d会/v这样/rzv。/wj
你/rr等/v着/uzhe吧/y，/wd利贝/nrf说/v到/v时候/n让/v我们/rr准备/v一个/mq学文/nr终生/m八卦/n成就/n奖/n的/ude1奖杯/n给/p你/rr。/wj
他/rr等/v祥瑞/nr拿/v到/voffer/x就/d准备/v把/pba那个/rz抱/v出来/vf。/wj
好/a吧/y。/wj
祥瑞/nr现在/t不/d是/vshi。/wj
也/d有/vyou可能/n是/vshi吧/y？/ww
一切/rz皆/d有/vyou可能/n，/wd只要/c这/rzv样子/n祥瑞/nr觉得/v很/d猛/x的/ude1。/wj
嗯/e。/wj
他们/rr都/d有/vyouoffer/x了/vi，/wd就/d我/rr没有/voffer/x。/wj
不/d着急/a，/wd大/d不/d了/ule一/m狠心/a我/rr还有/v一年/m呢/y。/wj
不要/d，/wd跟/p你/rr一/m起/q毕业/v的/ude1话/n到/v时候/n升/v的/ude1学校/n还/d是/vshi太/d差/a，/wd就/d显得/v很/d丢人/a，/wd现在/t我/rr就/d可以/v说/v是/vshi因为/p我/rr三年/m毕业/v，/wd所以/c垃圾/n了/ule我/rr自己/rr。/wj
对/v。/wj
是/vshi学校/n很/d看/v成绩/n的/ude1。/wj
怎么/ryv现在/t都/d申/vg不/d到/v好/a学校/n，/wd好/a烦燥/a。/wj
上/f个/q学期/n好/a伤/n。/wj
就/d是/vshi一个/mq学期/n把/pba绩点/n往/p下/f拖/v了/ule0./m15/m，/wd均/d绩/ng好/a忧伤/an。/wj
我/rr均/d绩/ng往/p上升/vi了/ule0./m15/m。/wj
实际上/d,上/f个/q学期/n80分/t，/wd就是/v期末/t考试/vi80分/t对/p我/rr来说/uls已经/d是/vshi难得/a的/ude1高/a分/n了/y。/wj
怎么/ryv还/d能/v这么/rz低/a。/wj
没事儿/v，/wd你/rr都/d是/vshi博士/n不要/d在意/v这种/r小/a事儿/n。/wj
好/a可怕/a，/wd那/rzv以后/f人家/n如果/c叫/vi你/rr./wj
刘/nr1你/rr都/d会/v给/p人家/rr纠正/v成/vD/x成/vdoctor/x刘/nr1吗/y？/ww
对/p啊/y。/wj
天/qt啊/y，/wd好/a丧心病狂/al，/wd已经/d看到/v你/rr都/d要/v绕/v开/v走/v了/y。/wj
真/a的/ude1。/wj
就/d最/d可能/v大龄/b女生/n来说/uls为了/p把/pba那个/rz头衔/n从/p改称/vs/x改称/v，/wd人家/rr读/v博士后/n就/d可以/v叫/vidoctor/x了/vi，/wd然后/c就/d不/d像/v是/vshiMrs/x那么/rz大/a年龄/n还/d没/d嫁/v出去/vf。/wj
你/rr看/v女生/n就/d有/vyou动力/n了/ule好/a不好/a？/ww
那/c你/rr妹子/n呢/y？/ww
妹子/n要/v跟/p你/rr一/m起/q读/v博/n吗/y？/ww
不/d。/wj
她/rr要/v考/v研/v的/ude1。/wj
她/rr考/v研/v。/wj
天/qt啊/y，/wd都/d要/v考/v研/v了/y，/wd一/m讲/v考/v研/v我/rr就/d好/a忧伤/an。/wj
有/vyou什么/ry好/a忧伤/an的/ude1？/ww
你/rr又/d不/d要/v，/wd和/cc我们/rr一起/s本科生/n，/wd和/cc我们/rr一起/s学士/n，/wd很/d棒/a嘛/y。/wj
要是/c我/rr今年/t申/v不/d到/v学校/n，/wd我/rr到/v时候/n就/d要/v穿/v着/uzhe那/rzv种/q工装/n，/wd有/vyou可能/n是/vshi什么/ry邮递员/n服/v，/wd或者/c清洁/a阿姨/n服/v然后/c来/vf跟/v你/rr一/m起/q拍照/vi好/a嘛/y。/wj
邮递员/n啊/y，/wd就/d比如说/vl顺风/nz他/rr前/f两/m天/qt来/f招聘/v，/wd然后/c就/d是/vshi说/v他们/rr月薪/n可以/v达到/v三/m万/m多/m，/wd正/d忙/a的/ude1时候/n。/wj
对/p啊/y，/wd就是/d到/v那个/rz时候/n，/wd或者/c你/rr就/d捧/v着/uzhe一/m张/q我/rr的/ude1黑白/b灵/ng照/v来/vf跟/v你/rr一起/s合影/vi。/wj
本来/d就/d是/vshi啊/y，/wd怎么/ryv半/m申请/n不/d到/v，/wd好/a忧伤/an，/wd快/d安慰/v我/rr一下/mq。/wj
我/rr觉得/v申请/v期/qv不/d是/vshi还有/v挺/d长/a的/ude1吗/y？/ww
绝大多数/m人/n都/d已经/d到/voffer/x了/vi，/wd就/d我/rr什么/ry都/d没有/v。/wj
你/rr要/v想/v你/rr还/d有/vyou一年/m。/wj
不要/d。/wj
我/rr不要/d再/d晚/tg一年/m毕业/v。/wj
就/p三年/m。/wj
问题/n是/vshi在/p学校/n里/f没有/v事情/n干/v。/wj
是/vshi，/wd那/rzv除非/c你/rr再/d学/v一/m个/q专业/n。/wj
对/p啊/y，/wd但是/c又/d没/v什么/ry意思/n。/wj
的确/d。/wj
我/rr本来/d下/vf学期/n就/d没事儿/v干/v，/wd我/rr下/vf学期/n只/d有/vyou四/m个/q学/v分/qt，/wd加上/v毕业/v论文/n才/c15分/t。/wj
那/rzv也/d没/v事/n还/d有/vyou挺/d长/a的/ude1时间/n嘛/y，/wd着/vi什么/ry急/v啊/y，/wd前/f两/m天/qt你/rr说/v什么/ry没/d投/v简历/n是/vshi怎么/ryv回/v事儿/n？/ww
那/rzv是/vshi我/rr前/f前/f两/m天/qt才/d把/pba所有/b的/ude1资料/n都/d统计/v了/y。/wj
前/f两/m天/qt，/wd哪儿/rys有/vyou那么/rz块/q。/wj
现在/t很多/m学校/n都/d发/v完/vi了/ule好/a吧/y。/wj
我/rr之前/f自己/rr这样/rzv拖拖拉拉/z就/d拖/v晚/a了/ule好/a吧/y。/wj
雅思/nrf由/p要/v重/d考/v好/a吗/y？/ww
我/rr又/d要/v忧伤/an。/wj
哎/e，/wd说/v出来/vf都/d是/vshi雷/n你/rr是/vshi不/d是/vshi还/d在/p修/v仪器/n？/ww
不/d是/vshi，/wd我/rr现在/t回/v寝/vg了/y，/wd就/d刚刚/d回来/v。/wj
好/a吧/y。/wj
最近/t诸事/r不/d顺/a。/wj
你/rr诸事/r不/d顺/v还/d是/vshi我/rr诸事/r不/d顺/v？/ww
你/rr在/p30/m号/q帮/v我/rr写/v完/vi一/m篇/q论文/n。/wj
都/d诸事/r不/d顺/a。/wj
快/d摸摸/v我/rr的/ude1狗头/n以/p示/vg安慰/an。/wj
摸/v摸/v摸/v。/wj
算/v了/y，/wd你/rr还/d是/vshi去/vf跟/v你/rr的/ude1妹子/n亲/ad亲/v我/rr我/rr去/vf吧/y，/wd你/rr这个/rz没有/d爱/v的/ude1男人/n。/wj
就/p上周/t周六/t，/wd然后/c就/d开/v一/m下/f你/rr的/ude1状态/n，/wd就/d拼/v了/ule命/n的/ude1在/p搞/v仪器/n。/wj
我/rr这/rzv周/qt去/vf找/v高中/n同学/n玩/v的/ude1都/d没有/v时间/n，/wd要/v在/p图书馆/n里/f写/v毕业/v论文/n。/wj
那/rzv就/d先/d把/pba这/rzv茬/qv搞/v玩/v嘛/y。/wj
不行/a，/wd你/rr快/d来/vf找/v我/rr玩儿/v，/wd我/rr已经/d快/a郁闷/a死/v了/y。/wj
好好/d。/wj
一/m群/q老/a男人/n，/wd反正/d在/p实验室/n也/d没有/v事情/n干/v，/wd快/a点/n过/uguo来/f找/v我/rr。/wj
很/d忙/a的/ude1好/a不好/a。/wj
你/rr除了/p修/v仪器/n还有/v什么/ry事情/n干/v？/ww
这/rzv周/qt有/vyou那/rzv个/q什么/ry党员/n培训/vn活动/vn，/wd这个/rz逃/v不/d掉/v。/wj
你/rr要/v入党/vi啊/y？/ww
你/rr要/v拿/v二/m加/v二/m吗/y？/ww
不/d，/wd我/rr只是/d要/v入党/vi。/wj
那/c你/rr不/d拿/v二/m加/v二/m。/wj
我/rr觉得/v二/m加/v二/m不错/a，/wd你/rr可以/v边/k读/v博/ag，/wd边/d当/v你/rr的/ude1辅导员/n刘/nr1老师/n。/wj
二/m加/v二/m如今/t的/ude1情况/n我/rr是/vshi肯定/d拿/v不/d到/v了/y。/wj
为什么/ryv？/ww
我/rr看/v了/ule一下/mq就/d他们/rr去年/t的/ude1二/m加/v二/m的/ude1名单/n，/wd反正/d那/rzv帮/q人/n比/p一/m下/f，/wd然后/c再/d跟/p我/rr自己/rr比/p一/m下/f，/wd我/rr觉得/v算/v了/y，/wd拿/v不/d到/v的/ude1这个/rz。/wj
