也/d行/vi吧/y！/wt
但是/c无所谓/vl啊/y！/wt
但/c我/rr现在/t很/d纠结/vi文学/n理论/n。/wj
你/rr可以/v让/v你/rr导师/n帮/v你/rr选/v理论/n，/wd我/rr经院/n那个/rz就是/v这样/rzv，/wd我/rr导师/n给/v了/ule我/rr很/d多/a理论/n文献/n。/wj
﻿没/d接/v我/rr电话/n！/wt
你/rr刚刚/d说/v哪里/rys有/vyou一个/mq？/ww
我/rr看到/v人人/n小站/n上/f有/vyou一/m个/q。/wj
什么/ry？/ww
就/d是/vshi刘诗诗/nr。/wj
。/wj
。/wj
王波儿/nr是/vshi交通/n警察/n，/wd然后/c就/d开始/v追/v她/rr。/wj
当时/t那会儿/rzt刘诗诗/nr是/vshi在/p一个/mqtaxi/x上面/f，/wd然后/c就/d告诉/v那个/rztaxi/x的/ude1driver/x说/v我/rr未婚夫/n正在/d追/v我/rr，/wd你/rr帮/v我/rr甩掉/v他/rr。/wj
然后/c后面/f王波儿/nr骑/v的/ude1是/vshi个/q自行车/n好像/v，/wd不/d停/vi不/d停/vi的/ude1追/v，/wd后来/t就/d撞/v上/f去/vf了/ule撞/v上/f去/vf了/y？/ww
反正/d是/vshi撞/v得/ude3人仰马翻/al的/ude1，/wd不过/c是/vshi在/p电影/n里面/f，/wd总/d也/d不/d会/v死/v。/wj
呵呵/e，/wd他/rr再/d也/d不/d会/v追/v的/ude1上/f那个/rz车/n了/y！/wt
我/rr觉得/v那/rzv个/q车/n里/f好/a暖和/a，/wd一/m暖和/a我/rr就/d想/v睡觉/vi。/wj
你们/rr俩/m都/d晕车/v吗/y？/ww
我/rr还/d好/a，/wd刚刚/d一直/d在/p看/v手机/n。/wj
。/wj
。/wj
我/rr先/d接/v个/q水/n，/wd你们/rr上/f去/vf吧/y！/wt
我/rr好/d想/v跟/p车/n一/m起/q睡/v回去/v啊/y！/wt
它/rr是/vshi开/v到/v华家池/nr还是/v紫金港/nr？/ww
应该/v是/vshi先/d开/v到/v华家池/nr再/d开/v到/v紫金港/nr吧/y！/wt
估计/v等/udeng他/rr真/d到/v紫金港/nr我/rr也/d睡/v醒/v了/y，/wd哈哈/o！/wt
你们/rr先/d上/f去/vf吧/y！/wt
拜拜/v与/p朋友/n八卦/n在/p微/ag信/n上/f，/wd他/rr跟/p我/rr发/v了/ule个/qAdam/x’/wyysGF/x问号/n，/wdAdam/x是/vshi那个/rz外国/n人/n嘛/y恩/ng然后/c我/rr就/d很/d奇怪/v，/wd我/rr估计/v应该/v是/vshi那个/rz，/wd我/rr就/d加/v了/y，/wd然后/c我/rr就/d点/qt进去/vf看/v发现/v就/d是/vshi他/rr。/wj
然后/c他/rr就/d紧接着/c给/p我/rr发/v了/ule一个/mq：/wm“/wyzAdam/x’/wyysGF/x,/wdright/x？/ww
”/wyy“/wyzYouareAdam/x’/wyysGF/x,/wdright/x?/ww
”/wyy然后/c逗号/n，/wd哦/e不/d，/wd问号/n，/wd然后/cChristine/x。/wj
我/rr就/d很/d奇怪/v，/wd就/d说/v“/wyzYes/x,/wdhowdidyoufindme/x?/ww
”/wyy然后/c他/rr就/d说/v“/wyzIlookedatAdam/x’/wyyscontactandfounditwasyou/x./wj
”/wyy什么/ry什么/ry之类/rz的/ude1，/wd然后/c我/rr就/d很/d奇怪/v，/wd我/rr不/d知道/v他/rr找/v我/rr干/v嘛/y。/wj
不/d要/v多/ad想/v，/wd只/d是/vshi找/v你/rr玩玩/v。/wj
没有/d没有/v，/wd我/rr就/d很/d奇怪/v！/wt
只/d是/vshi觉得/v有/vyou缘/n而已/y。/wj
你/rr听/v我/rr说/v后面/f的/ude1！/wt
什么/ry？/ww
你们/rr后面/f有/vyou故事/n啊/y？/ww
没有/v，/wd我/rr没有/d多/ad想/v！/wt
没有/v，/wd就是/v后面/f比较/d搞/v笑/v！/wt
嗯/e。/wj
跟/p我/rr没有/v什么/ry关系/n。/wj
跟/pAdam/x有/vyou关系/n？/ww
不/d是/vshi，/wd都/d没有/v关系/n。/wj
那/rzv好/a吧/y！/wt
我/rr讲/v这/rzv件/q事/n的/ude1point/x在/p后面/f。/wj
然后/c就/d是/vshi。/wj
。/wj
。/wj
你/rr的/ude1铺垫/n好/a长/a！/wt
讲/v起源/n嘛/y！/wt
然后/c我/rr就/d很/d奇怪/v，/wd他/rr莫名其妙/al的/ude1加/v我/rr干/v嘛/y？/ww
我/rr超/v意外/an，/wd因为/c他/rr不/d会/v讲/v中文/nz嘛/y，/wd我/rr本来/d还/d以为/v他/rr要/v找/v我/rr做/vlanguagepartner/x，/wd然后/c，/wd他/rr就/d说/v，/wd他/rr就/d半/m天/qt才/d打/v一/m句/q话/n，/wd那时/rzt我/rr都/d要/v睡/v了/y，/wd然后/c我/rr就/d很/d不耐烦/a。/wj
他/rr不/d回/v我/rr嘛/y，/wd我/rr就/d问/v他/rr怎么样/ryv啊/y，/wd他/rr说/v挺/d好/a的/ude1，/wd但/c是/vshi挺/d累/a的/ude1，/wd你/rr呢/y？/ww
我/rr说/v我/rr也/d挺/d好/a的/ude1，/wd我/rr要/v睡/v了/y，/wd意思/n就/d是/vshi我/rr不/d要/v跟/p你/rr讲/v了/ule嘛/y。/wj
过/vf了/ule一会儿/mq，/wd他/rr又/d发/v过来/vf一/m条/q，/wd12点/t多/a，/wd12点/t半/m以后/f了/y。/wj
然后/c过/vf了/ule一会儿/mq他/rr又/d说/v，/wd“/wyzIheardyouhavefriendslearningGerman/x”/wyy。/wj
然后/c我/rr说/v对/p呀/y，/wd那/rzv个/q什么/ry。/wj
。/wj
。/wj
哦/e，/wd他/rr想/v当/p家教/n！/wt
啊/y，/wd不/d是/vshi！/wt
还/d没/d猜/v到点/vi。/wj
。/wj
。/wj
哈哈/o，/wd可/v奇葩/n了/y！/wt
然后/c我/rr当时/t就/d想/v他/rr可能/v是/vshi要/v找/vlanguagepartner/x，/wd我/rr就/d想/v把/pba我/rr自己/rr介绍/v给/p他/rr。/wj
然后/c我/rr就/d说/v，/wd对/p对/p对/p，/wd“/wyzIwaslearningGerman/x”/wyy。/wj
他/rr打/v了/ule个/q“/wyzwas/x?/ww
”/wyy然后/c我/rr就/d说/v，/wd“/wyzalmostforget/x”/wyy。/wj
我/rr就/d问/v他/rr，/wd你/rr是/vshi想/v找/v个/qlanguagepartner/x吗/y？/ww
然后/c他/rr就/d说/v“/wyzactually/x,/wdIwannafindsomeoneinrelationship/x”/wyy。/wj
啊/y哈哈哈/o！/wt
长/a得/ude3帅/ng吗/y？/ww
没有/v，/wd长/v得/ude3一般/a。/wj
关键/n，/wd关键/n后面/f还有/v。/wj
他/rr说/v，/wd他/rr说/v，/wdbutnothingserious/x。/wj
然后/c他/rr说/v，/wd他/rr曾经/d尝试/v着/uzhe找/v几/m个/q中国/ns女生/n，/wd他/rr说/v她们/rr都/d太/dserious/x了/vi，/wd他/rr说/v他/rrjustwanttohavefun/x。/wj
然后/c他/rr问/v我/rr有/vyou没/d有/vyou认识/n这样/rzv的/ude1人/n啊/y？/ww
那/c你/rr直接/ad给/v他/rr几/m个/q炮/n友/ag网站/n，/wd让/v他/rr上/vf网站/n上/f不/d就/d完/v了/y。/wj
然后/c我/rr说/v，/wd我/rr擦/v，/wd这个/rz德国/nsf男人/n找/v我/rr给/p他/rr找/v炮/n友/ag。/wj
玩/v了/y，/wd他/rr直接/ad毁/v了/ule德国/nsf男人/n在/p我/rr心中/s的/ude1形象/n！/wt
那个/rz他/rr给/p我/rr发/v了/ule之后/f，/wd我/rr心里/s的/ude1形象/n也/d毁/v了/y，/wd我/rr擦/v！/wt
我/rr一直/d觉得/v德国/nsf男人/n超/h赞/b的/ude1！/wt
我/rr就/d囧/x了/vi。/wj
我/rr就/d，/wd我/rr就/d不/d知道/v怎么/ryv回答/v，/wd我/rr就/d说/v，/wd好/a吧/y，/wd我/rr会/v帮/v你/rr看/v一/m看/v的/ude1。/wj
然后/c我/rr说/v，/wd但是/c中国/ns女生/n一般/uyy都/d还是/d比较/dserious/x的/ude1。/wj
然后/c他/rr说/v，/wd对/p呀/y，/wd这/rzv跟/p欧洲/ns太/d不/d像/v了/y。/wj
然后/c，/wd我/rr说/v，/wd那/rzv好/a吧/y，/wd那/c我/rr帮/v你/rr看看/v。/wj
他/rr就/d说/v，/wdthanks/x。/wj
然后/c我/rr就/d回/v了/ule个/qbitte/x，/wd然后/c他/rr就/d跟/p我/rr说/v，/wd其实/d我们/rr德国/nsf人/n在/p说/vthanks/x的/ude1时候/n不/d怎么/ryv说/vbitte/x。/wj
我/rr说/v，/wd那/c你们/rr说/v什么/ry？/ww
他/rr说/v有/vyou个/qgan/x什么/ryshenne/x，/wd他/rr说/v他们/rr说/v这个/rz。/wj
然后/c我/rr说/v那/rzv我/rr打算/v睡/v了/y，/wd我/rr当时/t本来/d就/d打算/v睡/v，/wd我/rr就/d是/vshi睡/v前/f开/v了/ule个/q微/ag信/n，/wd妈/n的/ude1！/wt
太/d给/p力/n了/y！/wt
我/rr真/d是/vshi晚上/t睡/v前/f遇/v奇葩/n的/ude1经历/n。/wj
他/rr长/v得/ude3又/d不/d帅/nr1，/wd还/d想/v找/v炮/n友/ng，/wd是/vshi很/d有/vyou肌肉/n的/ude1那种/r吗/y？/ww
哦/e，/wd我/rr给/p你/rr看/v一下/mq。/wj
是/vshi你/rr类型/n，/wd有/v人/n鱼/n线/n吗/y？/ww
哈哈/o那/rzv当然/d。/wj
长相/n不/d是/vshi我/rr的/ude1类型/n。/wj
照片/n！/wt
让/v我/rr看/v看/v是/vshi不/d是/vshiGermanaverage/x。/wj
Belowaverage/x。/wj
我/rr靠/v！/wt
他/rr之前/f有/vyou个/q泰国/nsf女朋友/n。/wj
那/rzv不/d是/vshi挺/d好/a的/ude1吗/y？/ww
我/rr不/d知道/v后/f来/vf怎么/ryv地/n了/y。/wj
泰国/nsf女友/n不/d是/vshi能/v满足/v他/rr的/ude1需求/n吗/y？/ww
又/d能/vrelationship/x还/d能/v不/dserious/x。/wj
