特别/d搞/v笑/v！/wt
哦/e，/wd昨天/t那个/rz博士生/n还/d给/p我/rr发/v了/ule微/ag信/n。/wj
你/rr的/ude1博士生/n？/ww
那个/rz博士生/n！/wt
哦/e，/wd那个/rz呀/y。/wj
。/wj
。/wj
问/v我/rr明天/t有/vyou没/d有/vyou空/a。/wj
他/rr昨天/t发/v，/wd问/v我/rr明天/t有/vyou没/d有/vyou空/a。/wj
他/rr说/v我/rr有/vyou点/qt事/n找/v你/rr帮忙/vi。/wj
我/rr说/v我/rr全/d是/vshi课/n，/wd他/rr说/v那/rzv改天/d。/wj
我/rr靠/v，/wd这/rzv人/n脸皮/n是/vshi有/vyou多/m厚/a！/wt
我/rr要/v是/vshi他/rr，/wd我/rr都/d不好意思/a再/d联系/v你/rr。/wj
嗯/e，/wd对/p呀/y！/wt
各种/rz奇葩/n。/wj
哦/e，/wd对/p了/y，/wd我/rr昨天/t还/d有/vyou一/m个/q。/wj
。/wj
。/wj
你/rr一/m天/qt遇/v三/m个/q奇葩/n，/wd你/rr这/rzv。/wj
。/wj
。/wj
没有/v，/wd昨天/t我/rr在/pTim/x嘛/y，/wd然后/c，/wd然后/c我/rr忘/v带/v钱/n包/v了/y。/wj
我/rr看到/v了/y，/wdTim/x在/p哪里/rys啊/y？/ww
就/d是/vshi在/v。/wj
。/wj
。/wj
哦/e对/v，/wd就/d新/a的/ude1那/rzv一/m间/q。/wj
你/rr现在/t不/d去/vf北/f街/n咖啡/n了/y啊/y？/ww
没有/v，/wd我/rr前天/t还/d在/p那儿/rzs，/wd我/rr昨天/t去/vf的/ude1Tim/x。/wj
我/rr昨天/t12点/t多/a，/wd就/d是/vshi上午/t上/f完/vi课/n，/wd我/rr12点/t多/ad到/v那边/rzs，/wd然后/c那个/rz就/d。/wj
。/wj
。/wj
北/f街/n没/d开门/vi嘛/y那个/rz时候/n。/wj
其实/d那/rzv个/q人/n知道/v我/rr是/vshi谁/ry的/ude1。/wj
Tim/x的/ude1？/ww
嗯/e，/wd因为/c那/rzv个/q谁/ry，/wd那个/rz男/b的/ude1经常/d在/p那边/rzs嘛/y。/wj
然后/c他/rr就/d知道/v我/rr了/y，/wd然后/c就/d是/vshi那个/rzTim/x和/cc他/rr老婆/n，/wd他们/rr俩/m都/d认识/v我/rr。/wj
嗯/e嗯/e好/a。/wj
然后/c我/rr发现/v我/rr没有/d带/v钱包/n，/wd然后/c我/rr本来/d想/v，/wd那个/rz，/wd因为/c我/rr点/v了/ule50/m块/q钱/n，/wd然后/c，/wd然后/c那个/rz。/wj
。/wj
。/wj
你/rr那个/rz照片/n上/f的/ude1一/m排/q硬币/n是/vshi？/ww
你/rr听/v我/rr讲/v完/vi。/wj
我/rr跟/p晶晶/nr，/wd就是/v我/rr一/m开始/v自己/rr去/vf，/wd后来/t晚上/t晶晶/nr说/v她/rr要/v来/vf，/wd她/rr点/v了/ule杯/q番茄/n汁/ng，/wd然后/c我们/rr两/m个/q人/n就/d总/d共/d花/v了/ule62/m。/wj
那天/t她/rr也/d没/v钱/n了/y，/wd然后/c我/rr当时/t一/m看/v我/rr没/v钱包/n我/rr就/d囧/x了/vi，/wd我/rr就/d问/v她/rr有/vyou没/d有/vyou钱/n，/wd她/rr从/p她/rr钱包/n里/f掏/v出/vf30/m块/q钱/n，/wd然后/c说/v这/rzv是/vshi我/rr全部/m家当/n。/wj
然后/c她/rr拿/v出/vf一个/mq零/m钱包/n，/wd她/rr说/v我/rr再/d看看/v。/wj
然后/c我/rr想/v她/rr零/m钱包/n肯定/d不/d够/v了/ule吧/y！/wt
结果/n她/rr真/d掏/v出来/vf30/m多/m块/q钱/n。/wj
零/m钱包/n里/f有/vyou30/m多/m块/q钱/n？/ww
就/p一/m块/q一/m块/q的/ude1。/wj
我/rr靠/v，/wd我/rr觉得/v很/d沉/v啊/y那/rzv是/vshi！/wt
对/p呀/y，/wd然后/c然后/c之前/f我/rr以为/v我/rr俩/m都/d没/v钱/n了/y嘛/y。/wj
我/rr就/d问/v这/rzv能/v刷/o卡/v吗/y？/ww
他/rr说/v这/rzv不/d方便/a，/wd这/rzv附近/f有/vyou取/v钱/n的/ude1地方/n，/wd那个/rz中国银行/nt。/wj
然后/c我/rr觉得/v，/wd那/rzv让/v晶晶/nr帮/v我/rr取/v钱/n，/wd还要/d花/v手续费/n不/d太/d好/a意思/n，/wd我/rr说/v那/rzv我/rr就/d能/v不能/v明天/t过来/vf交/v？/ww
他/rr说/v，/wd啊/y？/ww
那/c我/rr没有/v办法/n算账/vi。/wj
怎么/ryv怎么样/ryv。/wj
。/wj
。/wj
然后/c我/rr之/rz前来/vi着/uzhe的/ude1时候/n，/wd那个/rz谁/ry在/v的/ude1时候/n他/rr都/d是/vshi请/v我/rr吃/v饼干/n啊/e什么/ry什么/ry的/ude1，/wd翻脸/v不/d认/v人/n，/wd妈/n的/ude1！/wt
然后/c然后/c我/rr就/d觉得/v。/wj
。/wj
。/wj
没有/v，/wd我/rr想到/v晶晶/nr零/m钱包/n里/f30/m多/m块/q钱/n的/ude1硬币/n救/v了/ule我/rr。/wj
然后/c然后/c一/m系列/q的/ude1啊/y，/wd然后/c我们/rr就/d很/d囧/x的/ude1就/d回去/v了/y，/wd回来/v的/ude1时候/n。/wj
。/wj
。/wj
我/rr觉得/v这个/rz老板/n好/a不/d会/v做/v生意/n啊/y！/wt
一般/a浙大/n的/ude1学生/n说/v我/rr没/d带/v钱/n，/wd他/rr下次/t肯定/d是/vshi会/v给/p送/v过来/vf的/ude1。/wj
对/p呀/y！/wt
而且/c，/wd关键/n他/rr还/d认识/v我/rr。/wj
他/rr知道/v我/rr是/vshi谁/ry，/wd反正/d我们/rr也/d不/d是/vshi很/d熟/a，/wd也/d没/v怎么/ryv说/v过/uguo话/n嘛/y。/wj
你/rr说/v他/rr下次/t会/v不/d会/v跟/p你/rr男朋友/n讲/v这/rzv件/q事情/n啊/y？/ww
讲/v了/ule无所谓/vl啊/y！/wt
一般/ad不/d会/v啊/y。/wj
你们/rr俩/m现在/t到底/d是/vshi什么/ry关系/n啊/y？/ww
没什么/vl啊/y！/wt
人家/rr都/d问/v你/rr是/vshi不/d是/vshiAdam/x的/ude1GF/x了/vi。/wj
没有/v，/wd关键/n是/vshi关键/n是/vshi他/rr只是/d想/v确认/v我/rr是/vshi不/d是/vshi他/rr想/v要/v找/v的/ude1那个/rz人/n。/wj
哦/e。/wj
他/rr当时/t问/v我/rr那/rzv句/q话/n的/ude1时候/n。/wj
。/wj
。/wj
你/rr可以/v给/p他/rr推荐/v那个/rz谁/ry。/wj
谁/ry呀/y？/ww
那个/rz那个/rz叶志云/nr！/wt
叶志云/nr！/wt
哈哈/o，/wd我/rr也/d想/v呢/y！/wt
我/rr想到/v她/rr了/y！/wt
哈哈/o，/wd我/rr觉得/v那/rzv个/q人/n是/vshi要/v比/p那个/rz德国人/nz帅/ng。/wj
她/rr跟/p那个/rz荷兰/nsf人/n还/d在/p一起/s吗/y？/ww
谁/ry知道/v呢/y！/wt
没有/v吧/y。/wj
Goodweather/x都/d去/vf厦门/ns了/y吧/y，/wd他俩/r还/d能/v在/p一起/s吗/y？/ww
可是/c他俩/r不/d都/d见/v过/uguo父母/n了/y吗/y？/ww
啊/y，/wd这样/rzv的/ude1啊/y！/wt
我/rr不/d知道/v啊/y。/wj
然后/c呢/y？/ww
然后/d然后/d，/wd那个/rz，/wd就/d是/vshi，/wd那个/rz，/wd就/d就/p我/rr回来/v。/wj
。/wj
。/wj
就/d是/vshi他/rr昨天/t跟/p我/rr发/v的/ude1时候/n问/vAdam/x的/ude1GF/x，/wdright/x，/wd我/rr就/d没有/d回/v。/wj
然后/c他/rr又/d发/v了/ule个/qchristine/x，/wd我/rr就/d写/v了/ule个/qyes/x，/wd啊/y哈哈/o。/wj
我/rr就/d啊/y，/wd混淆/v视听/n，/wd因为/c心理/n安慰/v一点/m，/wd哈哈/o。/wj
哦/e哦/e，/wd我/rr懂/v了/y，/wd我/rr懂/v了/y。/wj
然后/c然后/c那个/rz，/wd后来/t后来/t那个/rz，/wd我/rr是/vshi昨天/t从/ptim/x回来/v，/wd然后/c在/p上/f楼/n的/ude1时候/n刷/v微/ag信/n，/wd就/d碰/v到/v那个/rz谁/ry发/v的/ude1那个/rz，/wd给/p我/rr发/v的/ude1微/ag信/n，/wd然后/c就/p瞬间/t怒火/n中/f烧/vi。/wj
我/rr说/v我/rr这/rzv一天到晚/dl遇到/v的/ude1都/d是/vshi些/q什么/ry奇葩/n！/wt
呃/y，/wd不要/d去/vf北/f街/n！/wt
缘起/n全/d在/p北/f街/n，/wd有/vyou没有/d？/ww
北/f街/n那边/rzs我/rr已经/d。/wj
。/wj
。/wj
以后/f就/d可以/v打/v个/q广告/n，/wd要/v想/v有/vyou艳/a遇/v，/wd请/v去/vf北/f街/n。/wj
就/d是/vshi她/rr本来/d不/d是/vshi约/d我/rr两点/m钟/n吗/y？/ww
她/rr说/v她/rr会议/n提前/vd结束/v了/y，/wd让/v我/rr过去/vf。/wj
你/rr是/vshi外院/n这边/rzs，/wd还/d是/vshi？/ww
外院/n的/ude1呀/y！/wt
我/rr觉得/v这/rzv面/n还/d是/vshi挺/d好吃/a的/ude1呀/y！/wt
嗯/e。/wj
厕所/n好/d远/a啊/y！/wt
你/rr吃/v的/ude1什么/ry呀/y？/ww
番茄/n牛腩/n。/wj
看/v起来/vf不错/a，/wd你/rr要/v不/d要/v尝/v两/m口/q片儿川/n？/ww
跟/p我/rr想象/v的/ude1不/d太/d一样/uyy。/wj
你/rr等/v我/rr。/wj
跟/p你/rr的/ude1面/n不/d太/d一样/uyy是/vshi吗/y？/ww
一样/a的/ude1。/wj
一样/a的/ude1为什么/ryv叫/vi片儿川/n呢/y？/ww
我/rr以为/v片儿川/n是/vshi厚/a的/ude1那/rzv种/q。/wj
你/rr一会儿/d去/vf哪儿/rys啊/y，/wd吃/v完/vi饭/n？/ww
