然后/c她/rr毕业/v，/wd她/rr现在/t到/v了/ule智利/nsf，/wd好/d棒/a呀/y！/wt
你/rr是/vshi不/d可能/v的/ude1呀/y！/wt
你/rr还是/d有/vyou你/rr妈妈/n约束/v你/rr的/ude1！/wt
哎/e，/wd她/rr妈/n之前/t也/d管/v她/rr，/wd后来/t管/v不/d住/vi，/wd就/d不/d管/v了/y。/wj
嗯/e，/wd她/rr是/vshi小时候/t没/d跟/p爸/n妈/n在/p一起/d是/vshi吗/y？/ww
有/vyou啊/y！/wt
那/rzv这种/r怎么/ryv会/v？/ww
我/rr是/vshi觉得/v叛逆/a到/v这种/r地步/n应该/v是/vshi有/vyou原因/n的/ude1。/wj
有/vyou什么/ry？/ww
有/vyou原因/n的/ude1！/wt
就/d是/vshi正常/a的/ude1跟/p爸/n妈/n一起/s长大/vi，/wd关系/n还/d不/d多/a的/ude1话/n应该/v不/d是/vshi这/rzv样子/n。/wj
哦/e，/wd她/rr，/wd她/rr父母/n的/ude1关系/n确实/ad不/d是/vshi很/d好/a。/wj
然后/c她/rr初中/n，/wd初中/n那个/rz时候/n她/rr父母/n老/d打架/vi嘛/y，/wd她/rr父母/n是/vshi因为/p她/rr才/d没有/d离/v。/wj
她/rr是/vshi在/p，/wd在/p常州/ns吧/y！/wt
嗯/e，/wd常州/ns人/n，/wd然后/c她/rr就/d觉得/v那/rzv地方/n。/wj
她/rr心/n很/d大/a，/wd那/rzv地方/n很/d小/a，/wd然后/c就/d容/v不/d下/vf她/rr，/wd然后/c就/d后来/t就/d在/p新加坡/nsf，/wd就/d说/v了/ule要/v出国/vi读书/vi嘛/y，/wd然后/c就/d去/vf了/ule新加坡/nsf，/wd在/p新加坡/nsf就/d。/wj
她/rr去/vf了/ule也/d是/vshi去/vf了/ule之后/f再/d自己/rr找/v学校/n啊/e什么/ry的/ude1，/wd也/d没有/v正经/ad读书/vi，/wd然后/c待/vi了/ule两年/mq，/wd然后/c。/wj
。/wj
。/wj
先/d去/vf了/ule再/d找/v学校/n的/ude1啊/y？/ww
对/a呀/y，/wd她/rr每次/r都/d是/vshi这样/rzv，/wd然后/c，/wd就是/d想到/v什么/ry就/d做/v什么/ry的/ude1那/rzv种/q。/wj
然后/c在/p那边/rzs待/vi了/ule两年/m，/wd觉得/v那/rzv地方/n就/d是/vshi小国/n寡民/n的/ude1，/wd她/rr不/d喜欢/vi新加坡/nsf，/wd她/rr觉得/v新加坡人/nz就/d是/vshi，/wd满/a脑子/n就/d是/vshi钱/n钱/n钱/n，/wd然后/c就/d很/d反感/v，/wd然后/c就/d回国/vi，/wd就是/v从/p新疆/ns背包/v旅游/v，/wd从/p中国/ns背包/v了/ule一年/m。/wj
那时/rzt她/rr多/d大/a？/ww
高中/n吗/y？/ww
十八/m。/wj
十八/m岁/qt开始/v旅游/vi的/ude1，/wd就/d十八/m岁/qt那/rzv一年/m旅游/v的/ude1。/wj
她/rr比/p你/rr大/a多少/ry？/ww
她/rr比/p我/rr小/a！/wt
那/c她/rr现在/t在/p读/v什么/ry啊/y？/ww
她/rr现在/t就/d是/vshi刚刚/d大学/n毕业/v啊/y！/wt
因为/p那边/rzs是/vshi三年/m嘛/y，/wd那边/rzs大学/n是/vshi三年/m。/wj
然后/c她/rr现在/t在/p智利/nsf。/wj
好/d赞/a！/wt
你/rr知道/v外院/n有/vyou个/q会/v提前/vd毕业/v的/ude1女生/n吗/y？/ww
咱们/rr下/vf一/m级/q。/wj
她/rr跟/p我/rr一个/mq导师/n，/wd我/rr导师/n跟/p我/rr说/v了/ule我/rr才/d知道/v。/wj
原来/d有/vyou这么/rz神奇/a的/ude1，/wd我们/rr也/d可以/v三年/m毕业/v啊/y！/wt
没/v人/n告诉/v我/rr这/rzv事/n。/wj
那/c你/rr就/d修/v不/d了/ule双学位/n了/y！/wt
不/d要/v修/v什么/ry双学位/n啦/y！/wt
现在/t觉得/v双学位/n神马/rz的/ude1可/d坑/a了/y！/wt
为了/p双学位/n我/rr都/d不/d能/v好好/denjoy/x我/rr的/ude1lastyear/x了/vi。/wj
我们/rr专业/n的/ude1？/ww
啊/y？/ww
什么/ry意思/n？/ww
是/vshi我们/rr专业/n的/ude1吗/y？/ww
跟/p你/rr一个/mq导师/n。/wj
嗯/e，/wd也/d不/d一定/d，/wd跟/p我/rr一个/mq导师/n也/d不/d一定/d是/vshi英语/nz的/ude1。/wj
那/c我/rr其实/d觉得/v没/d有/vyou必要/a提前/vd毕业/v啦/y！/wt
当然/d浙大/n的/ude1环境/n不/d是/vshi很/d好/a。/wj
我/rr觉得/v如果/c能/v在/p校园/n里/f多/ad待/vi几/m年/qt也/d还是/d蛮/d好/a的/ude1。/wj
哼/e，/wd那/c你/rr可以/v在/p浙大/n毕业/vn以后/t去/vf国外/s读/v研/n啊/y，/wd或者/c读/vPHD/x啊/y，/wd匀/v一年/m出来/vf给/vPHD/x啊/y。/wj
我/rr觉得/v小/a女孩/n还是/c很/d有/vyou想法/n的/ude1。/wj
挺/d好吃/a的/ude1。/wj
我/rr也/d交流/v了/ule半/m年/qt啊/y！/wt
我/rr不/d后悔/v。/wj
哎/e，/wd我/rr后悔/v！/wt
我/rr只/d交流/v了/ule六/m周/qt，/wd虽然/c我/rr有/vyou艳遇/n。/wj
我/rr准备/v在/p我/rr生日/n时/ng写/v邮件/n给/p我/rr的/ude1德国/nsf男人们/n，/wd问/v他们/rr我/rr能/v不/d能/v去/vf他们/rr那边/rzs玩/v。/wj
哎呀/e，/wd存/v钱/n啊/y！/wt
毕业/v旅游/vn！/wt
我/rr在/p想/v我/rr下/a个/q学期/n要/v不/d要/v去/vf澳洲/ns。/wj
去/vf澳洲/ns吧/y！/wt
挺/d好/a的/ude1，/wd其实/d我/rr当时/t纠结/vi了/ule一下/mq，/wd我/rr是/vshi去/vf澳洲/ns呢/y还/d是/vshi去/vf欧洲/ns，/wd因为/c我/rr当时/t在/p澳洲/ns没有/d很/d熟/a的/ude1朋友/n，/wd但/c我/rr现在/t有/vyou了/ule很/d熟/a的/ude1澳大利亚/nsf朋友/n，/wd我/rr在/p想/v要/v不/d要/v去/vf。/wj
而且/c那/rzv个/q人/n是/vshi澳大利亚/nsf人/n，/wd他/rr在/p澳大利亚/nsf有/vyou一个/mq农庄/n，/wd你/rr知道/v有/vyou多/d赞/a吗/y！/wt
你/rr知道/v我/rr在/p维也纳/nsf遇到/v的/ude1事情/n吗/y？/ww
维也纳/nsf？/ww
不/d知道/v。/wj
我/rr没/d跟/p你/rr说/v过/uguo吗/y？/ww
就/d是/vshi遇到/v的/ude1那个/rz澳洲/ns人/n。/wj
哦/e哦/e！/wt
你/rr现在/t还/d跟/p他/rr有/vyou联系/v？/ww
蛮/d久/a没/d联系/v了/y，/wd不过/c回国/vi后/t有/vyou联系/v过/uguo。/wj
Whatever/x啦/y！/wt
就/d是/vshi那个/rz律师/n是/vshi吧/y？/ww
不/d是/vshi，/wd什么/ry律师/n啊/y！/wt
牙医/n！/wt
哦/e，/wd牙医/n，/wd对/a！/wt
他/rr都/d不/d一定/d。/wj
。/wj
。/wj
他/rr在/p墨尔本/nsf。/wj
他/rr当时/t是/vshi去/vf欧洲/ns旅游/vn是/vshi吗/y？/ww
对/p，/wd不过/c我/rr不/d是/vshi去/vf看/v他/rr的/ude1。/wj
我/rr主要/d是/vshi看/v我/rr一个/mq初中/n同学/n，/wd我/rr初中/n同学/n在/p悉尼/ns。/wj
你/rr看/v你/rr有/vyou初中/n同学/n，/wd还/d有/vyou你/rr当时/t在/p维也纳/nsf遇到/v的/ude1那个/rz人/n，/wd我/rr是/vshi就/p我/rr当时/t实习/v的/ude1时候/n带/v我/rr的/ude1那个/rz人/n也/d是/vshi澳大利亚/nsf的/ude1，/wd墨尔本/nsf的/ude1。/wj
然后/c他/rr就/d是/vshi，/wd他/rr在/p墨尔本/nsf上班/vi，/wd然后/c在/p墨尔本/nsf有/vyou个/q农场/n，/wd他/rr假期/t的/ude1时候/n就/d去/vf那边/rzs玩/v。/wj
我/rr是/vshi想/v。/wj
。/wj
。/wj
我们/rr往/p那边/rzs走/v着/uzhe吧/y，/wd我/rr把/pba你/rr送/v到/v哪儿/rys。/wj
因为/c到/v时候/n澳洲/ns签证/n可以/v直接/ad去/vf新西兰/ns嘛/y！/wt
哦/e，/wd那/rzv是/vshi的/ude1。/wj
但/c我/rr觉得/v你/rr澳洲/ns就/d可以/v玩/v很/d久/a，/wd你/rr东/f海岸/n，/wd中部/f还有/v西/f海岸/n。/wj
没有/v啊/y，/wd我/rr就/d打算/v很/d。/wj
。/wj
就/d。/wj
。/wj
再/d说/vi吧/y！/wt
我/rr同学/n是/vshi在/p新西兰/nsf南部/f都/d已经/d玩/v过/uguo了/y嘛/y！/wt
然后/c如果/c他/rr有/vyou意向/n再/d去/vf。/wj
。/wj
。/wj
哎/e，/wd现在/t就/d纯属/vYY/x。/wj
我/rr估计/v我/rr下/f个/q学期/n还有/v很多/m事情/n。/wj
哦/e，/wd你/rr是/vshi要/v下/vf个/q学期/n去/vf呀/y？/ww
别/d想/v了/ule孩子/n，/wd下/f个/q学期/n还有/v两/m个/q毕设/n！/wt
就/p关键/n是/vshi你/rr不/d知道/v学校/n里/f什么/ry时候/n就/d会/v有/vyou事/n。/wj
然后/c我/rr就/d想/v，/wd去/vf澳洲/ns。/wj
。/wj
。/wj
关键/n是/vshi你/rr去/vf澳洲/ns，/wd有/vyou急事/n也/d回/v不/d来/vf，/wd我/rr决定/v下/vf个/q学期/n就/d在/p国内/s玩/v。/wj
没有/v，/wd我/rr觉得/v也/d还/d好/a啊/y！/wt
就/d是/vshi我/rr去/vf一/m个/q国家/n，/wd我/rr不/d用/v把/pba它/rr玩/v完/vi。/wj
不/d是/vshi，/wd我/rr的/ude1意思/n是/vshi说/v你/rr飞/vi也/d要/v飞/vi好/d久/a，/wd他/rr万一/d临时/d有/vyou事/n呢/y？/ww
你/rr一/m个/q半/m会儿/qt回/v不/d来/vf。/wj
去/vf澳洲/ns一个/mq星期/n够/v了/y。/wj
你/rr还/d没/d明白/v我/rr的/ude1point/x。/wj

