比如说/vl啊/y，/wd我们/rr这/rzv周五/t专/d八/m考试/vn，/wd周二/t才/d知道/v，/wd那/c你/rr这/rzv怎么/ryv知道/v，/wd就/d是/vshi。/wj
。/wj
。/wj
再/d说/vi吧/y!/wt
反正/d下/vf个/q学期/n还/d远/a着/uzhe呢/y，/wd我/rr现在/t也/d没有/v什么/ry计划/n，/wd然后/c反正/d我/rr现在/t就/d是/vshi，/wd我/rr的/ude1plan/x就/d是/vshi，/wd因为/c我/rr同学/n一直/d想/v去/vf新西兰/ns自驾游/v，/wd新西兰/nsf南部/f那/rzv块/q是/vshi指环王/nz的/ude1外景/n地/ude2，/wd然后/c。/wj
。/wj
。/wj
哦/e哦/e哦/e，/wd你/rr好像/v跟/p我/rr说/v过/uguo一/m次/qv。/wj
对/p，/wd然后/c那个/rz如果/c，/wd而且/c他/rr表哥/n表嫂/n都/d在/p新西兰/nsf，/wd他/rr表哥/n在/pcreditSuisse/x，/wd他/rr表嫂/n在/p高盛/nr，/wd都/d在/p新西兰/nsf。/wj
然后/c那个/rz我/rr就/d想/v如果/c我们/rr可以/v去/vf新西兰/ns的/ude1话/n，/wd我/rr去/vf澳洲/ns先/d找/v他/rr，/wd然后/c我们/rr一起/d去/vf新西兰/ns，/wd在/p那边/rzs自驾/v的/ude1话/n就/d挺/d好/a。/wj
我/rr也/d觉得/v挺/d好/a。/wj
不/d是/vshi你/rr下/f个/q学期/n还/d要/v学/v驾照/n吗/y？/ww
看/v吧/y，/wd应该/v学/v，/wd哎呀/e，/wd我/rr想/v学/v的/ude1东西/n好/d多/a。/wj
可/v我/rr觉得/v应该/v学/v啊/y！/wt
你/rr要/v出国/vi，/wd你/rr不/d学/v驾照/n啊/y！/wt
我/rr知道/v啊/y，/wd但是/c哎/e，/wd不/d知道/v，/wd好/a烦/a啊/y！/wt
我/rr想/v学/v，/wd我们/rr到/v时候/n一/m起/q学/v吧/y，/wd如果/c学/v的/ude1话/n。/wj
可以/v啊/y！/wt
可以/v的/ude1！/wt
其实/d我/rr不/d喜欢/vi开/v车/n。/wj
我/rr喜欢/vi，/wd我/rr觉得/v开车/vi挺/d爽/ag，/wd我/rr不/d喜欢/vi坐/v在/p后面/f。/wj
我/rr自从/p有/vyou一/m次/qv坐/v在/p后面/f亲眼/d看到/v车/n撞/v了/ule之后/t，/wd我/rr就/d特别/d讨厌/v开车/vi。/wj
哦/e，/wd我/rr就/d想/v有/vyou机会/n自己/rr买/v车/n，/wd就/d买/v个/qSUV/x。/wj
SUV/x？/ww
就/d是/vshi那个/rz大/a的/ude1那/rz种/q！/wt
我/rr知道/vSUV/x是/vshi什么/ry，/wd我/rr做/v过/uguo车/n的/ude1case/x。/wj
那/c你/rr刚刚/d问/v什么/ry？/ww
我/rr，/wdSUV/x有/vyou很多/m中/q牌子/n，/wd我/rr以为/v你/rr会/v说/v一个/mq牌子/n，/wd结果/n我/rr听到/v的/ude1是/vshi一个/mq车型/n，/wd我/rr就/d那个/rz就/d是/vshi顿/v了/ule一下/mq。/wj
牌子/n，/wd其实/d我/rr还/d没有/d想/v好/a，/wd再/d说/v吧/y！/wt
嗯/e，/wd你/rr只/d有/vyou不/d说/v路虎/nz我/rr就/d不/d会/v吓/v死/v。/wj
我/rr觉得/v男人/n开/v路虎/nz还是/c很/d够/v味道/n的/ude1。/wj
但/c我/rr觉得/v在/p国内/s开/v路虎/nz就/d是/vshi傻逼/n！/wt
恩/ng呵呵/e，/wd我/rr知道/v你/rr说/v的/ude1是/vshi谁/ry。/wj
哦/e，/wd李日升/nr不/d开/v路虎/nz的/ude1。/wj
那/rzv是/vshi人家/rr在/p内蒙/ns啊/y，/wd在/p内蒙/ns开/v路虎/nz不/d算/v傻逼/n啊/y。/wj
在/p内蒙/ns还/d可以/v呀/y，/wd你/rr说/v在/p杭州/ns开/v个/q路虎/nz不/d算/v傻逼/n嘛/y！/wt
但是/c人家/rr买/v个/q路虎/nz可能/v是/vshi为了/v。/wj
。/wj
。/wj
装逼/vl！/wt
对/p，/wd但是/c人家/rr可能/v也许/d是/vshi为了/p买/v个/q路虎/nz能/v开/v车/n去/vf西藏/ns玩/v啊/y。/wj
但是/c你/rr平时/t停/vi在/p杭州大厦/ns能/v干/v啥/ry呀/y！/wt
呵呵/e，/wd那个/rz才/d装逼/vl呢/y。/wj
那个/rz我/rr见/v过/uguo。/wj
就/d是/vshi你/rr平时/t停/vi在/p。/wj
。/wj
。/wj
哎/e哎/e，/wd你/rr那个/rz是/vshi电动/b的/ude1吗/y？/ww
是/vshi你/rr站/vi上去/vf就/d可以/v动/v的/ude1吗/y？/ww
不/d知道/v。/wj
不/d是/vshi，/wd我/rr现在/t特别/d需要/v一个/mq代步/a工具/n，/wd就/d感觉/v每天/r走/v的/ude1跟/p要/v死/v了/ule一样/uyy。/wj
我/rr觉得/v，/wd平时/t在/p市区/s开/v个/q路虎/nz，/wd然后/c把/pba它/rr停/vi在/p杭州大厦/ns的/ude1就是/d装逼/vl，/wd而且/c很/d傻比/n。/wj
好/a吧/y，/wd你/rr还/d经常/d去/vf杭州大厦/ns吗/y？/ww
就/p以前/t吧/y！/wt
我/rr记得/v有/vyou一年/m我/rr去/vf的/ude1时候/n，/wd在/p楼下/s看到/v停/vi着/uzhe一/m排/q的/ude1宝马/nzX5/x，/wd然后/c一年/m后/t我/rr又/d去/vf杭州大厦/ns，/wd全部/m换/v成/v了/ule一/m排/q的/ude112年/b新款/b的/ude1路虎/nz。/wj
我/rr想/v尼玛/nl杭州人/nz真是/d装逼/vl。/wj
哈哈/o，/wd土豪/n！/wt
那/rzv东西/n它/rr又/d吃/v油/n，/wd就/d是/vshi平时/t市区/s这个/rz路/n的/ude1话/n。/wj
而且/c杭州/ns这个/rz路/n的/ude1话/n，/wd基本上/d是/vshi唰/o一下/d停/vi，/wd唰/o一下/d停/vi。/wj
喏/e，/wd这/rzv就是/v宝马/nzX5/x，/wd就是/v那/rzv一年/m全/d都/d是/vshi。/wj
就/d是/vshi开/v跑车/n，/wd你/rr还/d买/v个/q敞篷/a的/ude1，/wd你/rr在/p杭州/ns把/pba那个/rz敞篷/n全/d打开/v，/wd尼玛/nr1吸/v的/ude1都/d是/vshi尾气/n。/wj
然后/c呢/y，/wd你/rr开/v路虎/nz，/wd路虎/nr是/vshi好/a车/n，/wd可是/c你/rr又/d不/d去/vf越野/v是/vshi吧/y？/ww
路虎/nz好/a是/vshi他/rr的/ude1升降地盘/n好/a呀/y，/wd你/rr开/v他/rr去/vf越野/vi不/d觉得/v颠/a。/wj
杭州/ns这/rzv真/d是/vshi，/wd我/rr都/d懒得/v吐槽/vl这些/rz土豪/n。/wj
我/rr觉得/v土豪/n开/v跑车/n才/d搞笑/a呢/y！/wt
就/d是/vshi南山路/s那边/rzs你/rr去/vf吃饭/vi经常/d听到/v土豪/n开/v跑车/n，/wd刷/o一/m声/qv，/wd有/vyou刷/o一/m声/qv，/wd就/d特别/d搞笑/a，/wd就/d是/vshi开/v不/d起来/vf。/wj
对/p呀/y，/wd就/d是/vshi特别/d搞笑/a。/wj
而且/c杭州/ns路面/n交通/n你/rr不/d觉得/v吗/y？/ww
就/d是/vshi时时刻刻/dl，/wd无时无刻/dl不/d在/p堵/v！/wt
我/rr跟/p你/rr说/v，/wd我/rr又/d一/m次/qv就/d是/vshi，/wd哪/ry一/m天/qt，/wd我/rr去/vf城站/s，/wd就/d是/vshi10点/t钟/n，/wd早上/t10点/t钟/n为什么/ryv会/v堵车/v呢/y！/wt
早/a高峰/n也/d应该/v过/uguo了/y，/wd中午/t还/d没/d到/v。/wj
然后/c出门/vi我/rr打/v车/n，/wd跟/p师傅/n说/v我/rr赶/v时间/n，/wd然后/c师傅/n就/d走/v了/ule城西/b银泰/nz那边/rzs那/rzv条/q路/n。/wj
那/rzv条/q道/n按理说/vl是/vshi不/d应该/v堵/v的/ude1你/rr知道/v吧/y！/wt
然后/c还是/d堵住/v了/y。/wj
过去/t一/m看/v有/vyou两/m个/q，/wd反正/d是/vshi两/m个/q车/n追尾/v了/y。/wj
反正/d我/rr就是/d没/d有/vyou一/m次/qv畅通/ad出门/vi，/wd让/v我/rr心情/n很/d愉快/a的/ude1时候/n。/wj
我/rr上/a次/qv就/d是/vshi，/wd我/rr跟/p小胖/n吃/v完/vi夜宵/n走/v回来/v的/ude1那/rzv次/qv。/wj
大概/d凌晨/t三点/m钟/n了/y，/wd我们/rr快/d走/v到/v了/y。/wj
嗯/e。/wj
然后/c呢/y，/wd从/p杭州/ns印象城/nz那边/rzs呼啸/vi而/cc过/vf一/m辆/q，/wd就/p晚上/t没有/v车/n嘛/y，/wd呼啸/vi而/cc过/vf一/m辆/q绿色/n的/ude1玛莎拉蒂/nz，/wd哦/e不/d是/vshi，/wd兰博基尼/nz。/wj
绿色/n的/ude1兰博基尼/nz？/ww
嗯/e，/wd可/d帅/a了/y！/wt
什么/ry绿/a啊/y？/ww
嗯/e，/wd稍微/d深/a一点/m的/ude1绿/an。/wj
就/d是/vshi墨绿/b是/vshi吗/y？/ww
哦/e不/d是/vshi墨绿/b，/wd就是/d稍微/d深/a一点/m的/ude1绿色/n。/wj
我/rr觉得/v绿色/n不/d好看/a呀/y！/wt
可/v骚/a了/y。/wj
就是/v这种/r绿/a吗/y？/ww
没有/d没有/v，/wd不/d是/vshi这种/r。/wj
我/rr也/d很/d难/ad形容/v，/wd反正/d就/d。/wj
。/wj
。/wj
那/rzv不/d觉得/v很/d恐怖/a吗/y？/ww
晚上/t，/wd绿色/n！/wt
像/p幽灵/n一样/uyy。/wj
对/a呀/y！/wt
就/d像/v幽灵/n啊/y！/wt
有/vyou点儿/q。/wj
因为/c因为/c我/rr不/d是/vshi很/d懂/v车/n嘛/y，/wd然后/c当时/t那个/rz车/n是/vshi从/p我/rr的/ude1后面/f过去/vf的/ude1，/wd然后/c小胖/n一/m听/v那/rzv个/q发动机/n，/wd他/rr说/v，/wd啊/y，/wd兰博基尼/nz！/wt
然后/c，/wd然后/c就/d看到/v一/m辆/q兰博基尼/nz飞/vi过去/vf。/wj
哦/e，/wd你/rr知道/v王卓/nr2不/d是/vshi开/v了/ule一/m辆/q奔驰/vi嘛/y，/wd奔驰超跑/nz。/wj
然后/c她/rr男朋友/n开/v了/ule一/m辆/q保时捷/nzSUV/x。/wj
