那天/r跟/p她/rr一起/d吃/v完/vi饭/n回来/v，/wd王卓/nr2说/v，/wd我/rr送/v你/rr回来/v吧/y！/wt
我/rr说/v好/a呀/y。/wj
然后/c她/rr男朋友/n就/d是/vshi，/wd她/rr跟/p她/rr男朋友/n一/m人/n开/v了/ule一/m辆/q车/n，/wd我/rr坐/v在/p王卓/nr2车上/s。/wj
他/rr俩/m尼玛/n1在/p路上/s飙/v车/n！/wt
7点/t，/wd好像/v是/vshi8点/t多/m钟/qt，/wd他俩/r在/p路上/s飙/v车/n，/wd我/rr就/d哭/v了/y！/wt
就/d是/vshi，/wd你/rr知道/v从/p那/rzv个/q哪里/rys过来/vf不/d是/vshi有/vyou个/q隧道/n。/wj
哦/e，/wd我/rr知道/v，/wd就是/v西湖/ns底下/f那个/rz，/wd西湖/ns。/wj
。/wj
。/wj
不/d不/d不/d，/wd不/d是/vshi西湖/ns隧道/n，/wd是/vshi那个/rz。/wj
我们/rr是/vshi从/p，/wd是/vshi那个/rz哪里/rys啊/y，/wd拱墅区/ns那/rzv块/q的/ude1吧/y。/wj
哎/e，/wd反正/d就/d是/vshi有/vyou一/m块/q没有/v人/n，/wd他/rr俩/m就/d刷/o的/ude1一/m起/q停/vi在/p了/ule一个/mq信号灯/n前面/f。/wj
然后/c王卓/nr2说/v，/wd你/rr看/v他/rr傻逼/nl吧/y，/wd让/v他/rr带/v个/q路/n，/wd你/rr看/v他/rr在/p前面/f唰/o的/ude1跑/v。/wj
然后/c王卓/nr2就/d伸/v了/ule这个/rz指头/n，/wd就/d是/vshi，/wd他俩/r太/d搞笑/a了/ule我/rr觉得/v。/wj
然后/c我/rr有/vyou次/qv跟/p孙浩楠/nr2不/d是/vshi出去/vf嘛/y，/wd然后/c我/rr跟/p孙浩楠/nr2说/v，/wd我/rr说/v王卓/nr2那天/r送/v我/rr回来/v，/wd她/rr跟/p她/rr男人/n在/p飙/v车/n我/rr就/d无语/vl了/y。/wj
然后/c，/wd孙浩楠/nr2说/v，/wd对/p，/wd他/rr俩/m可/d傻逼/n了/y！/wt
他/rr说/v有/vyou一/m次/qv，/wd他/rr跟/p张晓彤/nr2，/wd一/m人/n坐/v在/p一/m辆/q车上/s，/wd张晓彤/nr2坐/v在/p王卓/nr2车上/s，/wd孙浩楠/nr坐/v在/p她/rr男人/n车上/s，/wd他俩/r在/p飙/v车/n。/wj
孙浩楠/nr2在/p她/rr男人/n车/n里/f叫/vi，/wd然后/c张晓彤/nr2在/p王卓/nr2车/n里/f叫/vi。/wj
他/rr俩/m真/a的/ude1开/v的/ude1很/d快/a！/wt
有/vyou开/v上/vf两百/m吗/y？/ww
没有/d开/v上/vf两百/m吧/y？/ww
我/rr当时/t是/vshi没有/d开/v上/f，/wd因为/c我/rr当时/t路上/s是/vshi有/vyou车/n的/ude1。/wj
孙浩楠/nr2那天/t是/vshi说/v他们/rr那/rzv天/qt吃/v夜宵/n，/wd路上/s是/vshi没有/v多少/ry车/n的/ude1。/wj
然后/c而且/c特别/d搞笑/a。/wj
王卓/nr2是/vshi不/d认/v路/n的/ude1你/rr知道/v的/ude1吧/y，/wd然后/c有/vyou一/m次/qv就/d是/vshi他/rr男人/n带路/vi，/wd在/p一个/mq路口/n突然/ad减慢/v了/y，/wd然后/c王卓/nr2就/d冲/v过去/vf了/y，/wd超过/v去/vf了/ule后来/t就/d找/v不到/v路/n。/wj
原来/d是/vshi那个/rz路口/n应该/v拐/v。/wj
笑/v死/v我/rr了/y！/wt
我/rr原来/d就/d是/vshi有/vyou一/m次/qv跟/p李日升/nr2去/vf骑马/vi，/wd大二/n的/ude1时候/n。/wj
嗯/e，/wd我/rr去/vf那边/rzs找/v老师/n。/wj
然后/c，/wd就/d是/vshi认识/v一个/mq人/n嘛/y，/wd他/rr原来/d是/vshi军队/n的/ude1，/wd然后/c他/rr也/d是/vshi，/wd就/d是/vshi一个/mq马/n友/ag。/wj
他/rr当时/t是/vshi送/v我/rr跟/v李/nr1日/ng升/v回来/v嘛/y，/wd然后/c就/d一直/d说/v他/rr开/v车/n都/d上/vf两百/m，/wd怎么/ryv怎么样/ryv的/ude1。/wj
他/rr车/n其实/d很/d一般/a，/wd就/d是/vshi马/n三/m嘛/y，/wd但/c他/rr里面/f的/ude1装备/n都/d换/v掉/v了/y，/wd就是/v发动机/n什么/ry的/ude1，/wd声音/n可好/d听/v了/y，/wd然后/c他/rr送/v了/ule我们/rr一/m段/q，/wd他/rr开/v了/ule一百七/m，/wd然后/c把/pba我们/rr送/v过来/vf。/wj
然后/c我/rr非常/d淡/x定/v的/ude1坐/v在/p，/wd我/rr假装/v淡/x定/v的/ude1坐/v在/p后面/f，/wd哈哈/o！/wt
然后/c感觉/v如何/ryv啊/y？/ww
哎/e，/wd两百/m相当/d于/p多少/rymiles/x啊/y？/ww
不/d知道/v，/wd不/d会/v换/v。/wj
就/d是/vshi，/wd我/rr当时/t在/p美国/nsf它/rr不/d是/vshi用/pmile/x不/d是/vshi用/p千米/m嘛/y。/wj
就/d是/vshi你/rr听/v着/uzhe数/n挺/d小/a的/ude1时候/n，/wd它/rr其实/d就/d已经/d很/d快/a了/y，/wd然后/c。/wj
。/wj
。/wj
是/vshi啊/y，/wd我/rr以/p前/f一直/d都/d不/d理解/v为什么/ryv我/rr以前/f坐/v我/rrhostfamily/x的/ude1车/n，/wd然后/c就/p我/rr每次/r看/v那/rzv个/q女/b的/ude1开/v到/v六十/m嘛/y。/wj
然后/c我/rr就/d觉得/v，/wd咦/e，/wd怎么/ryv这么/rz快/a啊/y！/wt
怎么/ryv跟/p我/rr爸/n开/v六十/m感觉/n完全/ad不/d一样/a哈/b！/wt
关键/n是/vshi这样/rzv，/wd你/rr那/rzv是/vshi六十/m是/vshi吧/y？/ww
我/rr有/vyou次/qv我/rr同学/n开/v到/v一百二/m，/wd就是/v我/rr有/vyou次/qv从/p三/m番/qv去/vf那个/rz，/wd去/vf想/v去/vfstanford/x的/ude1玩/v嘛/y。/wj
他/rr说/v去/vfstanford/x要/v一/m个/q小时/n。/wj
我/rr说/v，/wd啊/y，/wd这么/rz久/ng啊/y，/wd来不及/v呀/y。/wj
他/rr说/v，/wd那/c我们/rr就/d尽量/d开/v快/a一点/m嘛/y。/wj
但是/c它/rr是/vshi那个/rz高速/b上/f超/v八十/m就/d会/v被/pbei逮/v的/ude1你/rr知道/v吧/y？/ww
嗯/e。/wj
然后/c我/rr当时/t坐/v在/p那个/rz车上/s是/vshi什么/ry感觉/n呢/y？/ww
嗯/e。/wj
就/d是/vshi压/v耳/y，/wd就/d是/vshi那个/rz气压/n已经/d让/v我/rr觉得/v不/d舒服/a了/y。/wj
我/rr说/v怎么/ryv耳朵/n这么/rz难受/a啊/y？/ww
然后/c他/rr说/v，/wd姐/n，/wd你/rr没/d看到/v我/rr已经/d开/v到/v一百二/m了/y吗/y？/ww
你/rr能/v不/d难受/a吗/y！/wt
但是/c我/rr有/vyou一/m次/qv我/rr打/v出租车/n啊/y，/wd那个/rz出租车/n司机/n给/p我/rr开/v到/v一百四/m。/wj
那个/rz出租车/n不/d是/vshi不/d好/a嘛/y。/wj
飙/v到/v一百四/m，/wd他/rr那个/rz车/n就/d是/vshi轻/a啊/y，/wd飘/v起来/vf了/y！/wt
然后/c你/rr就/d感觉/v很/d恐怖/a吗/y？/ww
对/p，/wd我/rr感觉/v压/v耳/n的/ude1时候/n也/d觉得/v车/n在/p飘/v。/wj
嗯/e，/wd妈/n蛋/n，/wd吓/v死/v我/rr了/y。/wj
不过/c他/rr最后/f给/p我/rr赶到/v了/y。/wj
如果/c他/rr最后/f不/d飙/v到/v一百四/m，/wd我/rr就/d赶/v不/d到/v机场/n了/y。/wj
对/a呀/y，/wd人家/rr冒/v着/uzhe生命/n危险/an给/v你/rr飙/v到/v一百四/m，/wd你/rr还/d。/wj
。/wj
。/wj
当时/t可/v那/rzv个/q了/y。/wj
当时/t我们/rr下车/vi之后/f，/wd李日升/nr2就/d说/v，/wd这/rzv车/n坐/v的/ude1真/d爽/a，/wd有/vyou我/rr开车/vi的/ude1风范/n。/wj
然后/c他/rr说/v他/rr一般/ad都/d要/v开/v到/v两百/m多/m。/wj
你/rr说/v说/v一百七/m的/ude1时候/n啊/y？/ww
啊/y！/wt
然后/c下车/vi之后/f，/wd李日升/nr2就/d说/v有/vyou我/rr开车/vi的/ude1风范/n，/wd我/rr平时/t都/d要/v开/v到/v两百/m多/m。/wj
他/rr那边/rzs是/vshi每/rz人/n是/vshi吧/y？/ww
我/rr觉得/v在/p市区/s你/rr一般/ad开/v不/d到/v这样/rzv。/wj
那/rzv肯定/d开/v不/d到/v啊/y！/wt
我/rr爸/n平时/t就/d开/v个/q八十/m就/d完事/vi儿/ng了/y。/wj
然后/c，/wd而且/c李日升/nr2有/vyou赛车证/n。/wj
这/rzv。/wj
。/wj
。/wj
那/c你/rr跟/p他/rr就/d行/vi了/y呀/y！/wt
滚/vi，/wd这/rzv可/v不/d一定/d！/wt
咦/e，/wd还/d真/d有/vyou很多/m纯/a素/ag的/ude1呢/y！/wt
哎/e，/wd那/c你/rr上次/t是/vshi换/v了/ule个/q时间/n，/wd换/v了/ule个/q地方/n，/wd又/d重新/d交/v的/ude1钱/n是/vshi吗/y？/ww
那/rzv是/vshi啊/y，/wd就/d相当/vi于/p。/wj
。/wj
。/wj
再/d重/a报/n一/m次/qv？/ww
你/rr再/d重/a报/n一/m次/qv不/d又/d得/v一/m个/q月/n吗/y？/ww
哦/e。/wj
我/rr承认/v我/rr上/f次/qv很/d傻逼/an，/wd但是/c，/wd那天/r是/vshi真/a的/ude1是/vshi慌/a了/y。/wj
其实/d跟/p昨天/t晚上/t差不多/al。/wj
对/p呀/y！/wt
哎/e。/wj
没事儿/vl。/wj
第一/m次/qv真/a的/ude1很/d慌/a。/wj
我/rr没有/d想到/v其实/d。/wj
我/rr觉得/v啊/y，/wd你/rr就/d是/vshi太/d犹豫/a。/wj
