我/rr是/vshi因为/p这/rzv段时间/n胃/n不好/a，/wd我/rr就/d一直/d在/p吃/v食堂/n。/wj
我/rr要/v哭/v了/y。/wj
瑶瑶/nr回来/v我/rr说/v“/wyz一起/s吃饭/vi吧/y？/ww
”/wyy。/wj
瑶瑶/nr说/v“/wyz吃/v食堂/n吧/y！/wt
”/wyy我/rr就/d哭/v了/y。/wj
食堂/n里面/f有/vyou一些/mq其实/d还/d挺/d好吃/a的/ude1。/wj
但是/c没有/v芝士/nr呀/y！/wt
食堂/n我/rr看/v看/v什么/ry东西/n有/vyou芝士/nr啊/y？/ww
什么/ry东西/n都/d没有/v。/wj
芝士/nr的/ude1话/n，/wd你/rr可以/v买/v那/rzv种/q。/wj
。/wj
芝士/nr蛋糕/n是/vshi吧/y？/ww
我/rr那天/r在/pstarbucks/x买/v了/ule一/m个/q，/wd但是/c很/d早/a之前/f了/y。/wj
芝士/nr蛋糕/n，/wd就/d是/vshi有点/d生活大爆炸/nz里面/f的/ude1那个/rz叫/vi什么/ry“/wyz奶酪/n工厂/n”/wyy吧/y？/ww
cheesecasefactory/x，/wd那个/rz店/n在/p国内/s也/d有/vyou，/wd超/v好吃/a！/wt
我/rr吃/v过/uguo最/d好吃/a的/ude1芝士/nr蛋糕/n是/vshi我/rr一个/mq加拿大/nsf朋友/n做/v的/ude1，/wd特别/d好吃/a。/wj
芝士/nr2，/wd我/rr以前/f就/d怎么/ryv做/v呢/y？/ww
我/rr以前/f在/p香港/ns实习/v的/ude1时候/n，/wd中午/t要/v带/v饭/n。/wj
你/rr在/p哪儿/rys？/ww
KP/x吗/y？/ww
嗯/e，/wdKP/x。/wj
中午/t要/v带/v饭/n。/wj
为/p啥/ry呀/y？/ww
因为/p大家/rr不/d出/vf去/vf吃饭/vi，/wd你/rr自己/rr出/vf去/vf吃饭/vi很/d傻/a比/n。/wj
那/c你/rr不/d出/vf去/vf吃饭/vi又/d不/d可能/v自己/rr做饭/vi，/wd我/rr只/d能/v买/v三明治/n或者/c便当/a，/wd我/rr觉得/v很/d傻逼/a。/wj
但是/c我/rr买/v了/ule三明治/n或者/c便当/a，/wd又/d买/v了/ule一个/mq芝士/nr。/wj
这/rzv是/vshi什么/ry？/ww
通心粉/n啊/y？/ww
嗯/e。/wj
然后/c把/pba芝士/nr铺/v在/p饭/n上/f铺/v一/m层/qv，/wd拿/v微波炉/n一/m热/k就/d变成/v这/rzv样子/n，/wd变成/v焗饭/n了/y。/wj
真/a的/ude1吗/y？/ww
芝士/nr就是/v那/rzv种/q一/m片/q一/m片/q的/ude1芝士/nr2，/wd铺/v两/m层/qv，/wd它/rr就/d变成/v焗饭/n了/y。/wj
微波炉/n，/wd你/rr可以/v试/v一下/mq。/wj
嗯/e，/wd我/rr也/d觉得/v我/rr要/v去/vf试/v一下/mq。/wj
我/rr一直/d不/d知道/v这个/rz东西/n是/vshi怎么/ryv做/v出来/vf的/ude1，/wd我/rr以为/v要/v用/p烤箱/n才/d能/v做出/v来/vf呢/y。/wj
其实/d很/d容易/a，/wd因为/c高温/n一下子/mq就/d融化/vi了/y嘛/y。/wj
我/rr是/vshi在/p美国/nsf的/ude1时候/n才/d吃/v厌/vg的/ude1。/wj
他/rr还/d有/vyou味道/n很/d大/a的/ude1芝士/nr。/wj
那/rzv是/vshi奶酪/n。/wj
芝士/nr2还/d好/a。/wj
在/p美国/nsf吃饭/vi我/rr觉得/v很/d难/a过/uguo的/ude1。/wj
还/d好/a吧/y。/wj
自己/rr做/v呀/y！/wt
我/rr在/p那边/rzs时间/n没有/v那么/rz长/ng，/wd没有/v自己/rr做/v。/wj
我/rr也/d没有/v自己/rr做/v。/wj
但是/c很/d好/a吃/v，/wd我们/rr吃/v的/ude1是/vshi自助餐/n呀/y！/wt
我/rr在/p美国/nsf吃/v的/ude1东西/n不/d少/a，/wd但是/c我/rr觉得/v身材/n会/v好/a。/wj
就/d是/vshi我/rr会/v每天/r吃/v那/rzv种/q，/wd比如说/vl鸡胸肉/n啊/y，/wd早上/t吃/v煎蛋/n啊/e什么/ry的/ude1。/wj
然后/c去/vf健身/vi。/wj
嗯/e，/wd多/ad吃/v蛋白/n还/d不错/a。/wj
就/d不/d要/v吃/v油炸食品/n，/wd我/rr觉得/v那边/rzs太/d多/a了/y。/wj
我/rr从来/d不/d吃/v汉堡/n。/wj
我/rr只有/c在/p出去/vf的/ude1时候/n才/d吃/v汉堡/nsf。/wj
汉堡/n确实/ad要/v比/p这/rzv边/k的/ude1好吃/a很多/m。/wj
嗯/e，/wd还/d好/a，/wd差不多/al。/wj
我/rr觉得/v汉堡/n好吃/a很多/m。/wj
他/rr很多/m很/d奇怪/v的/ude1吃/v的/ude1。/wj
我/rr在/p那边/rzs还/d吃/v了/ule很多/m中餐/n。/wj
中餐/n很/d贵/a，/wd那边/rzs。/wj
是/vshi很/d贵/a啊/y！/wt
那边/rzs中餐/n超/h好吃/a。/wj
他们/rr说/v那/rzv都/d是/vshi当年/t从/p大陆/n逃/v出/vf去/vf的/ude1顶级/b厨师/n，/wd被/pbei政治/n迫害/v了/ule什么/ry的/ude1。/wj
我/rr吃/v过/uguo他们/rr那个/rz十三/m刀/q一/m顿/qv的/ude1那个/rz中餐/n。/wj
十三/m刀/q一/m顿/qv其实/d已经/d算/v便宜/a的/ude1了/y。/wj
但是/c在/p美国/ns，/wd我们/rr那个/rz自助/n，/wd就是/v西餐/n啊/y，/wd才/d八/m刀/q。/wj
才/c八/m刀/q？/ww
就/d是/vshi专门/b连锁店/n的/ude1那种/r吗/y？/ww
学校/n里/f的/ude1自助/b餐厅/n。/wj
啊/y，/wd学校/n里/f的/ude1确实/ad是/vshi便宜/a啊/y。/wj
在/p外面/f吃/v其实/d也/d没有/d很/d贵/a呀/y。/wj
一/m顿/qv吃/v十几/m刀/q其实/d是/vshi挺/d正常/a的/ude1呀/y！/wt
因为/p你/rr要/v到/v正规/a餐厅/n去/vf吃/v，/wd一/m道/qv菜/n也/d要/v几/m刀/q呀/y。/wj
我们/rr在/p那边/rzs都/d是/vshi吃/v类似/v于/p麦当劳/nz的/ude1东西/n。/wj
在/p学校/n里/f不/d吃/v自助/n吃/v别的/rzv食堂/n也/d挺/d贵/a呀/y！/wt
一/m个/q三明治/n也/d要/v五/m刀/q啊/y。/wj
那/rzv也/d饱/a了/y呀/y！/wt
Subway/x里/f有/vyou很/d傻/a比/n的/ude1三明治/n也/d要/v五/m刀/q呀/y。/wj
其实/dsubway/x美国/ns和/cc中国/ns的/ude1价格/n差不多/al的/ude1呀/y！/wt
是的/vl呀/y！/wt
汉堡/n也/d是/vshi差不多/al的/ude1。/wj
啊/y，/wd是/vshi！/wt
甚至/c美国/ns还/d便宜/a点/qt我/rr觉得/v。/wj
我/rr当时/t在/p美国/ns都/d傻/a了/y，/wd他们/rr那个/rz派/n可/d便宜/a了/y。/wj
就/d是/vshi零点七五/m刀/q，/wd就/d是/vshi七十五/m美分/q。/wj
他/rr那个/rz还有/v很多/m汉堡/nsf卖/v零点九九/m的/ude1。/wj
在/p麦当劳/nz里面/f，/wd就/d一/m层/qv的/ude1那/rzv种/q，/wd两/m个/q面包/n一/m夹/v的/ude1那种/r就/d是/vshi零点九九/m刀/q。/wj
两/m刀/q的/ude1话/n就/d可以/v买/v一个/mq巨无霸/nz了/y。/wj
还有/v很多/m普通/a的/ude1那种/r汉堡/nsf。/wj
巨无霸/nz没/v这么/rz便宜/a吧/y？/ww
两/m刀/q不/d可能/v吧/y？/ww
不/d是/vshi在/p麦当劳/nz啊/y！/wt
我/rr记得/v我们/rr当时/t最/d疯狂/a的/ude1是/vshi，/wd去/vf哪里/rys玩/v完/vi回来/v，/wd饿/v的/ude1要/v死/v，/wd我们/rr就/d在/p那个/rzRaphs/x买/v了/ule两/m只/q大烤鸡/n，/wd然后/c买/v了/ule就/d这么/rz大/a的/ude1一/m条/q生/v的/ude1三文鱼/n。/wj
你/rr能/v想象/v吗/y？/ww
纯生/nr2吃/v啊/y？/ww
纯生/nr2吃/v！/wt
我/rr想/v我们/rr那/rzv一/m帮/q禽兽/n饿/vd到/v什么/ry样子/n了/y！/wt
然后/c买/v了/ule好几/m大/a包/n薯片/n还有/v面包/n。/wj
然后/c开始/v撕/v烤鸡/n，/wd然后/c吃/v三文鱼/n。/wj
拿/v出/vf刀/n，/wd就是/v我们/rr有/vyou随身/d带/v的/ude1防身/vi的/ude1那种/r瑞士/nsf军刀/n。/wj
哈哈/o！/wt
那/rzv很/d壮观/a的/ude1！/wt
其实/d我/rr真的/d觉得/v拿/v那边/rzs的/ude1收入/n在/p那边/rzs过/d生活/vi真/a的/ude1很/d容易/a的/ude1。/wj
因为/p他们/rr吃/v的/ude1饭/n真/a的/ude1。/wj
。/wj
。/wj
假设/v一/m美元/q和/cc一/m人民币/n的/ude1实际/a购买力/n一样/uyy的/ude1话/n，/wd那/rzv活/v得/ude3很/d滋润/a的/ude1啊/y！/wt
但是/c我/rr觉得/v不/d包括/v那些/rzibanker/x，/wd他们/rr吃/v的/ude1东西/n还/d是/vshi很/d贵/a的/ude1呀/y！/wt
那/c我/rr说/v的/ude1是/vshi普通人/n呀/y！/wt
那/rzv是/vshi，/wd你/rr像/v在/p洛杉矶/nsf，/wd他们/rr在/p比弗利山庄/nz吃/v东西/n都/d是/vshi很/d贵/a的/ude1。/wj
那/rzv是/vshi全/a美/ns最/d贵/a的/ude1地方/n之一/rz，/wd你/rr不/d能/v跟/p那边/rzs比/v。/wj
那/rzv地方/n都/d是/vshi什么/ry人/n在/p那边/rzs啊/y！/wt
那/c你/rroffice/x就/d在/p那边/rzs怎么办/ryv啊/y？/ww
那/c你/rr就/d每天/r自己/rr带/v饭/n，/wd用/p微波炉/n。/wj
他们/rr中午/t没/v时间/n的/ude1。/wj
我/rr朋友/n说/v他们/rr每天/r最/d早/a十二点/m出/vf办公室/n。/wj
每天/r早上/t八点/t，/wd八点半/t上班/vi。/wj
什么/ry公司/n啊/y？/ww
麦格理/nrf。/wj
哦/e。/wj
哎呀/e，/wd其实/d我/rr觉得/v，/wd不过/c确实/ad在/p美国/nsf做/v码农/nl的/ude1收入/n还/d是/vshi不错/a的/ude1，/wd比/p国内/s码农/nl幸福/a多/a了/y。/wj
但/c一年/m也/d就/d十/m万/m多/m刀/n出头/n。/wj
开/v的/ude1车/n住/vi的/ude1房子/n都/d很/d好/a，/wd而且/c在/p湾区/s住/vi的/ude1房子/n。/wj
