所以/c要/v嫁/v码农/nl啊/y！/wt
快/d帮/v我/rr介绍/v。/wj
码农/nl多/a的/ude1很/d呀/y！/wt
但是/c码农/nl进/vf不/d到/v呀/y！/wt
我/rr想/v想/v啊/y！/wt
但是/c也/d不要/d太/d那个/rz。/wj
我/rr知道/v一个/mq还/d不错/a的/ude1，/wd但是/c已经/d有/vyou主/n了/y。/wj
想/v当年/t我/rr在/p大学/n第一/m个/q男朋友/n就/d是/vshi码农/nl。/wj
这个/rz。/wj
。/wj
。/wj
反正/d。/wj
。/wj
。/wj
他/rr当时/t。/wj
。/wj
。/wj
哎/e，/wd我/rr也/d就/d这么/rz说/v说/v。/wj
是/vshi因为/p我/rr现在/t寂寞/a了/y。/wj
哈哈/o！/wt
我/rr觉得/v这个/rz比/p我/rr原来/d吃/v的/ude1那个/rz好吃/a！/wt
我/rr吃/v饱/a了/y。/wj
肉酱/n的/ude1是/vshi吧/y？/ww
那/c他/rr跟/p妹子/n不/d是/vshi必/d分/v了/ule啊/y？/ww
谁/ry呀/y？/ww
刘牧/nr2啊/y？/ww
嗯/e。/wj
那/rzv也/d不/d一定/d，/wd去/vf豆瓣/nz在/p北京/ns的/ude1话/n。/wj
跑/v北京/ns开/v个/q分公司/n不/d就/d完/vi啦/y？/ww
哈哈/o屌炸天/al啊/y！/wt
我们/rr当时/t就/d跟/p他/rr说/v“/wyz找/v什么/ry工作/vn啊/y是/vshi吧/y？/ww
”/wyy这个/rz，/wd刘牧/nr2想法/n不/d一样/uyy的/ude1啊/y。/wj
开玩笑/vi的/ude1啦/y！/wt
我/rr知道/v啊/y！/wt
但是/c刘牧/nr2，/wd我/rr跟/p他/rr具体/a倒是/d聊/v过/uguo这个/rz事情/n，/wd他/rr说/v“/wyz嗯/e，/wd走/v一/m步/qv看/v一/m步/qv”/wyy。/wj
我/rr觉得/v他/rr没有/d很/d长远/a的/ude1预期/vn吧/y！/wt
对/p他/rr妹子/n啊/y？/ww
嗯/e。/wj
他/rr对/p上/f一个/mq妹子/n有/vyou长远/a预期/vn吗/y？/ww
上/f一个/mq多少/ry年/qt之前/f了/y，/wd两三年/m之前/f了/y。/wj
没有/v。/wj
两年/m吧/y？/ww
一年/m。/wj
一年/m多/m了/y吧/y！/wt
嗯/e，/wd差不多/al。/wj
刘牧/nr2从此/d之后/f开始/v健身/vi了/y，/wd妈/n的/ude1！/wt
效果/n是/vshi卓然/a啊/y！/wt
为什么/ryv？/ww
因为/p他/rr妹子/n吗/y？/ww
不/d是/vshi，/wd是/vshi那个/rz时候/n他/rr闲/v下来/vf以后/f，/wd他/rr自己/rr重新/d思考/v了/ule一下/mq就/d开始/v学/v健身/vn。/wj
所以/c他/rr后来/t那个/rz什么/ryLSAT/x考/v这么/rz高/a也/d是/vshi有/vyou道理/n的/ude1。/wj
也/d就/d从/p那个/rz时候/n他/rr开始/v很/d明显/a的/ude1跨/v领域/n，/wd今天/t在/p计算机/n学/v，/wd明天/t在/p法学院/n啊/y，/wd后天/t在/p什么/ry金融/n，/wd又/d做/v并购/vn，/wd又/d做/v设计/v啊/y，/wd又/d学/v编程/vi，/wd还/d搞/v文艺/n我/rr操/v，/wd真的/d是/vshi！/wt
没有/v妹子/n可以/v搞/v很多/m事/n。/wj
哈哈/o，/wd就是/d不/d去/vf上课/vi。/wj
我/rr觉得/v他/rr很/d多/a方面/n还/d真/d是/vshi很/d神奇/a。/wj
他/rr也/d是/vshi山东/ns的/ude1嘛/y，/wd我/rr觉得/v想/v不/d清楚/a是/vshi为什么/ryv这/rzv样子/n。/wj
而且/c我/rr觉得/v他/rr的/ude1性格/n不/d像/v是/vshi山东/ns人/n的/ude1性格/n。/wj
是/vshi啊/y，/wd像/p南方/s人/n。/wj
有些/rz事情/n喜欢/vi藏/v着/uzhe掖/v着/uzhe嘛/y。/wj
而且/c我/rr觉得/v不/d是/vshi很/d地道/a反正/d。/wj
他/rr有/vyou些/q时候/n想/v一些/mq事情/n功利性/n非常/d强/a，/wd有的/rz时候/n有/vyou点/n过/uguo了/y，/wd我/rr觉得/v。/wj
太/d明显/a了/y，/wd很多/m事情/n自己/rr准备/v就/d好/a了/y。/wj
功利性/n很/d强/a，/wd我/rr说/v过/uguo他/rr一/m次/qv。/wj
我/rr觉得/v，/wd人/n各/rz有/vyou志/n吧/y！/wt
我/rr从/p上海/ns回来/v之后/f发现/v我/rr瘦/a了/ule很多/m。/wj
就/d是/vshi最近/t吗/y？/ww
就/d是/vshi连/v着/uzhe面/v了/ule两/m周/qt试/v之后/f，/wd上/f称/v，/wd就/d是/vshi冬天/t了/y，/wd加/v了/ule衣服/n，/wd发现/v比/p我/rr之前/f上/f称/v还/d瘦/a。/wj
连续/a两/m周/qt啊/y？/ww
中间/f没有/d休息/v时间/n啊/y？/ww
有/vyou啊/y！/wt
但是/c停/vi一/m停/vi再/d去/vf。/wj
你/rr中间/f还/d有/v实习/v吗/y？/ww
没/d实习/v。/wj
就/d是/vshi常年/d住/vi在/p上海/ns？/ww
不/d住/vi上海/ns，/wd来回/vd跑/v。/wj
来回/vd跑/v那/rzv真是/d累/a，/wd很/d辛苦/a的/ude1啊/y！/wt
就/d是/vshi来回/vd跑/v所以/c吃/v不/d好/a东西/n。/wj
真/a的/ude1是/vshi很/d难/a啊/y！/wt
我/rr这/rzv也/d是/vshi这/rzv两/m天/qt吃/v的/ude1正规/a的/ude1一/m次/qv饭/n。/wj
因为/p去/vf上海/ns，/wd有/vyou一/m次/qv有/vyou个/q基金/n跟/p我/rr说/v一点半/r面试/vi，/wd我/rr到/v楼/n下/vf了/y，/wd他/rr跟/p我/rr打电话/vi说/v改/v到/p明天/t。/wj
我/rr就/d说/v这/rzv不/d是/vshi扯淡/vl嘛/y！/wt
但/c我/rr也/d没/d说/v什么/ry，/wd就/d改/v到/v第二/m天/qt，/wd刚好/d我/rr第二/m天/qt也/d没/v事儿/n。/wj
要/v是/vshi第二/m天/qt有/vyou事儿/n还/d得/ude3改/v到/v第三/m天/qt。/wj
我/rr去/vf了/ule以后/f在/p他们/rr会议室/n里/f，/wd他们/rr说/v今天/t大/a领导/n来/vf开会/vi。/wj
我/rr又/d在/p那边/rzs等/v了/ule将近/d一/m个/q小时/n。/wj
我/rr觉得/v他妈的/vl就是/v在/p扯淡/vl。/wj
后来/t呢/y？/ww
你/rr不/d是/vshi说/v面/n完/vi了/y？/ww
有/vyou消息/n吗/y？/ww
没/v消息/n了/y。/wj
我/rr觉得/v我/rr答/v得/ude3都/d挺/d好/a的/ude1啊/y！/wt
他们/rr也/d没/d问/v出/vf什么/ry难/a的/ude1方面/n，/wd可能/v是/vshi其他/rzv方面/n吧/y！/wt
招/n不/d招/v人/n的/ude1呀/y？/ww
应该/v是/vshi招/v人/n的/ude1。/wj
你/rr感觉/v面/n得/ude3怎么样/ryv啊/y？/ww
还/d可以/v。/wj
GARY/x怎么样/ryv啊/y？/ww
他/rr，/wd没有/v一个/mq完全/ad确定/v，/wd但/c有/vyou好几/m个/q都/d逼近/v确定/v了/y。/wj
券商/n吗/y？/ww
呃/y，/wd有/vyou一个/mq券商/n，/wd有/vyou一个/mq信托/b。/wj
他/rr其实/d能/v到手/vi的/ude1还/d蛮/d多/a的/ude1，/wd六/m七/m个/q。/wj
还有/v个/q银行/n，/wd他/rr有/vyou个/q银行/n也/d是/vshi进/vf也/d蛮/d稳/a的/ude1。/wj
他/rr暑假/t是/vshi在/p银行间交易协会/nz，/wd是/vshi管/v银行/n最高/a的/ude1那个/rz监管部门/n实习/vn的/ude1。/wj
那边/rzs那个/rz大领导/n其实/d可以/v推荐/v他/rr到/v很/d好/a很/d好/a的/ude1大/a银行/n或者/c大/a券商/n总部/n。/wj
而且/c券商/n很/d喜欢/vi这种/r你/rr可能/v认识/n里面/f的/ude1人/n，/wd到/v时候/n可以/v帮/v他们/rr。/wj
而且/c他/rr是/vshi理工科/n背景/n。/wj
券商/n也/d非常/d喜欢/vi这/rzv一/m天/qt。/wj
他/rr就/d是/vshi情/n路/n坎坷/a是/vshi吧/y？/ww
哈/b他/rr就是/v那/rzv一/m次/qv坎坷/a，/wd后面/f还有/v吗/y？/ww
哪/ry一/m次/qv？/ww
那/rzv一/m次/qv还/d没/d完/vi呢/y！/wt
还/d没/d完/vi？/ww
还/d没/d完/vi？/ww
哪/ry一/m次/qv啊/y？/ww
啊/y，/wd琪琪/nr2啊/y！/wt
不/d早就/d多少/ry亿年/m前/f的/ude1事情/n了/y吗/y？/ww
对/p啊/y，/wd我/rr觉得/v他/rr还/d没/d放弃/v呢/y！/wt
没/d放弃/v有/vyou行动/vn吗/y？/ww
有/vyou啊/y！/wt
最近/t啊/y？/ww
不/d是/vshi，/wd反正/d就是/v琪琪/nr2。/wj
那/rzv一/m次/qv是/vshi不/d是/vshi我们/rr吃/v饭/n的/ude1时候/n他/rr还/d有/vyou表现/v啊/y？/ww
嗯/e。/wj
刘牧/nr都/d跟/p我/rr说/v了/y，/wd那/rzv一/m次/qv。/wj
无/v语/vg了/ule我/rr都/d。/wj
很/d明显/a啊/y？/ww
如果/c不/d知道/v的/ude1人/n能/v看/v的/ude1出来/vf吗/y？/ww
那/rzv当然/d了/y，/wd不然/c他/rr干/v嘛/y加入/v我们/rr，/wd跟/p我们/rr一起/s吃饭/vi呢/y？/ww
我/rr觉得/v。/wj
。/wj
。/wj
当时/t顼哥/nr特别/d什么/ry的/ude1问/v我/rr，/wd“/wyz为什么/ryv给/v力哥/nr也/d一起/d去/vf啊/y？/ww
”/wyy我/rr说/v“/wyz因为/p琪琪/nr2吧/y！/wt
”/wyy他/rr说/v“/wyz嗯/e？/ww
”/wyy我/rr说/v“/wyz他/rr可能/v帮/v琪琪/nr2拿/v行李/n吧/y！/wt
”/wyy我/rr觉得/v还/d没/d放弃/v。/wj
琪琪/nr2说/v“/wyz我/rr都/d跟/p他/rr说/v过/uguo很/d多/m次/qv了/y。/wj
”/wyy我/rr知道/v，/wd这/rzv说/v了/ule很/d多/m次/qv我/rr也/d知道/v。/wj
他/rr经常/d写/v邮件/n给/p琪琪/nr2。/wj
