表白/v吗/y？/ww
反正/d说/v很多/m那种/r表白/v心迹/n的话/udh，/wd不/d一定/d是/vshi纯/ad表白/v嘛/y，/wd就/d讲/v故事/n啊/e神马/nl的/ude1。/wj
不过/c他/rr我/rr觉得/v倒是/d确实/ad经历/v过/uguo很多/m事情/n。/wj
毕竟/d零五/m级/q本科/n，/wd然后/c当年/t找/v工作/vn没有/d找/v的/ude1很/d好/a，/wd去/vf联想/vi做/v销售/vn，/wd后来/t又/d考研/v失败/vi一年/m，/wd又/d考研/v考/v到/v浙大/n。/wj
那/c他/rr现在/t多/m大/a了/y？/ww
他/rr是/vshi八七年/m的/ude1，/wd他/rr本来/d上学/vi就/d早/a，/wd也/d没有/d大/a多少/ry，/wd就/d比/p正常/a的/ude1大/a一/m岁/qt吧/y。/wj
那/c他/rr中间/f是/vshi等/v了/y？/ww
等/v了/ule相当/d于/p。/wj
。/wj
。/wj
两年/m？/ww
他/rr按理说/vl是/vshi比/p我/rr大/a两/m岁/qt，/wd中间/f又/d隔/v了/ule一年/m，/wd就/d相当/d于/p大/a一/m岁/qt。/wj
他/rr那/rzv届/q正常/a的/ude1年龄/n应该/v是/vshi八六年/m的/ude1。/wj
哎/e，/wd我/rr也/d要/v成为/v我们/rr公司/n最/d年轻/a的/ude1小朋友/n了/y。/wj
九零后/nl嘛/y。/wj
哦/e，/wd接/v下来/vf再/d招/v一/m批/q不/d一定/d，/wd暑假/t的/ude1时候/n我/rr还是/d最/d年轻/a的/ude1。/wj
九零后/nl，/wd哎呀/e，/wd第一/m批/q九零后/nl了/y。/wj
没有/v，/wd我们/rr公司/n已经/d有/vyou一个/mq九零后/nl了/y。/wj
以前/f就/d有/vyou就/d有/vyou九零后/nl呀/y？/ww
嗯/e，/wd上学/vi早/a。/wj
九一年/m的/ude1。/wj
那/rzv是/vshi上学/vi很/d早/a了/y呀/y！/wt
哎/e，/wd就/d比/p我/rr大/a一年/m啊/y。/wj
哦/e，/wd像/p我们/rr班/n，/wd本科班/n就/d有/vyou九一年/m的/ude1。/wj
我们/rr本科班/n从/p八六年/m到/v九一年/m，/wd还有/v个/q女生/n八六年/m的/ude1，/wd还有/v个/q女生/n九一年/m的/ude1。/wj
八六年/m的/ude1女生/n是不是/v复读/v过/uguo啊/y？/ww
复读/v过/uguo两年/m我/rr觉得/v。/wj
两年/m？/ww
因为/p八六年/m，/wd正常/a的/ude1人/n都/d是/vshi八八年/m，/wd要/v是/vshi南方/s的/ude1话/n八九年/m都/d有/vyou可能/n啊/y。/wj
至少/d复读/v两年/m。/wj
还/d不好意思/a说/v，/wd别人/rr问/v，/wd她/rr就/d说/v是/vshi八八年/m的/ude1。/wj
因为/p我/rr当时/t是/vshi班长/n嘛/y，/wd会/v搜集/v身份证/n号/q，/wd我/rr一/m看/v，/wd有/vyou一/m天/qt一/m看/v，/wd我/rr闲/v的/ude1没/v事/n干/v一/m看/v，/wd怎么/ryv八六年/m的/ude1？/ww
她/rr身份证/n号/n这个/rz生日/n不/d可能/v是/vshi错/v的/ude1。/wj
我们/rr班/n有/vyou个/q最/d小/a的/ude1九一年/m的/ude1，/wd一/m个/q班/n年龄/n差/a五/m岁/qt，/wd我/rr觉得/v还/d是/vshi很/d神/a的/ude1！/wt
那个/rz女生/n是/vshi北方/s的/ude1吧/y？/ww
南方/s的/ude1，/wd两/m个/q都/d是/vshi南方/s的/ude1。/wj
南方/s的/ude1也/d能/v高考/vi考/v两年/m？/ww
有/vyou可能/n啊/y！/wt
全世界/n不/d都/d可以/v。/wj
不/d是/vshi，/wd我/rr觉得/v南方/s。/wj
。/wj
。/wj
南方/s这边/rzs你/rr觉得/v考/v两年/m没/d考上/v可能/v就/d去/vf做/v生意/n了/y吧/y！/wt
对/p，/wd我/rr也/d觉得/v。/wj
我/rr觉得/vgary/x明显/a不/d是/vshi琪琪/nr2是/vshitype/x啊/y。/wj
琪琪/nr2是/vshitype/x是/vshi陈/nr2飞/vi类型/n的/ude1。/wj
对/p呀/y！/wt
她/rr跟/p陈飞/nr2的/ude1事情/n有/vyou没/d有/vyou了解/v啊/y？/ww
嗯/e？/ww
她/rr跟/p陈飞/nr2的/ude1事情/n有/vyou没/d有/vyou了解/v啊/y？/ww
出/vf什么/ry事儿/n了/y吗/y？/ww
没/v出/vf什么/ry事儿/n。/wj
我/rr就/d是/vshi觉得/v出/vf了/ule什么/ry事儿/n真的/d不/d好/a收拾/v呀/y！/wt
那/rzv不/d就/d跟/v张磊/nr2跟/p周红/nr2一样/a了/y啊/y？/ww
哎/e，/wd张磊/nr跟/v周/nr1红/v这个/rz到底/d出/vf什么/ry事儿/n了/y？/ww
没/v出/vf什么/ry事儿/n啊/y！/wt
我/rr也/d举/v得/v。/wj
出/vf不/d了/ule事儿/n。/wj
也/d没法/v出/vf事儿/n。/wj
对/p对/p，/wd也/d没法/v出/vf事儿/n。/wj
张磊/nr2原来/d这个/rz女/b朋友/n。/wj
。/wj
。/wj
我/rr觉得/v特别/d委屈/a。/wj
关键/n她/rr有/vyou些/q想法/n也/d真是/d。/wj
你/rr说/v谁/ry的/ude1想法/n啊/y？/ww
我/rr说/v周和/nr2啊/y！/wt
她/rr想法/n比较/vn，/wd真的/d是/vshi很/d幼稚/a。/wj
怎么/ryv了/y啊/y？/ww
我/rr觉得/v很/d多/a就/d是/vshi跟/p张磊/nr2，/wd她/rr理解/v不/d了/ule他/rr。/wj
张磊/nr好像/v也/d表达/v过/uguo类似/a的/ude1观点/n。/wj
这边/rzs说话/vi能/v不能/v听见/v。/wj
对/p呀/y，/wd人家/rr就/d在/p隔壁/s好/a吗/y？/ww
用/pZ/x跟/vH/x代替/v吧/y！/wt
我/rr觉得/v吧/y，/wdZ/x呢/y，/wd应该/v是/vshi两/m个/q女生/n都/d喜欢/vi的/ude1，/wd然后/c呢/y，/wdH/x呢/y，/wd我/rr觉得/v是/vshi对/pZ/x特别/d好/a。/wj
真/a的/ude1好/a的/ude1无/v可/v挑剔/v我/rr跟/p你/rr说/v。/wj
我/rr如果/cH/x的/ude1话/n，/wd我/rr真/a的/ude1说/v分手/vi了/y，/wd而且/c我/rr会/v逼/v他/rr的/ude1。/wj
有的/rz时候/n真的/d是/vshi委曲求全/vl。/wj
有/vyou一/m次/qv我/rr看/v她/rr人人网/nz上/sH@Z/x一/m下/f说/v，/wd“/wyz我/rr知道/v你/rr很/d忙/a，/wd但/c我/rr真的/d有事/vi找/v你/rr。/wj
”/wyy人人/n网上/s艾特他/nrf，/wd我/rr觉得/v这/rzv也/d太/d过/uguo了/y。/wj
然后/cZ/x就/d回/v她/rr，/wd“/wyz什么/ry事儿/n啊/y？/ww
我/rr今天/t都/d很/d忙/a。/wj
”/wyy回/v了/ule条/q状态/n说/v“/wyz能/v不能/v打电话/vi说/v？/ww
”/wyyZ/x回/v“/wyz今天/t太/d忙/v了/y，/wd就/d不/d打电话/vi了/y。/wj
”/wyy我/rr当时/t就/d在/p想/v，/wd难道/d分/v了/y？/ww
我/rr觉得/v看/v着/uzhe也/d不/d像/v啊/y！/wt
我/rr觉得/v这/rzv比较/d扯/v。/wj
而且/c就是/v他们/rr两/m个/q的/ude1沟通/vn。/wj
。/wj
。/wj
就/d是/vshi，/wd有/vyou一/m次/qv我/rr在/p帮/vZMock/x，/wd因为/c他/rr要/v面试/vi嘛/y，/wdH/x就/d过来/vf说/v“/wyz那个/rz，/wd我/rr先/d骑/v你/rr的/ude1车/n走/v了/ule啊/y？/ww
”/wyyZ/x说/v“/wyz嗯/e，/wd行/ng，/wd我/rr把/pba钥匙/n先/d给/p你/rr”/wyy。/wj
嗯/e，/wd就/d是/vshi跟/p他/rr跟/p倩/v倩/nr1自习/v的/ude1时候/n完全/ad不/d一样/uyy。/wj
哎呀/e，/wd今天/t有/vyou个/q很/d搞/v笑/v的/ude1事情/n。/wj
就/d是/vshiH/x报名/vi了/uleACES/x嘛/y，/wd周红/nr2本身/rz也/d是/vshiACES/x的/ude1，/wd我/rr就/d想/v，/wd这/rzv以后/f要/v怎么/ryv弄/v呀/y？/ww
哈哈/o。/wj
后来/t，/wd还/d好/a，/wdZ/x没有/v报/n。/wj
H/x报/n了/y，/wd然后/c被/pbei刷/v掉/v了/y。/wj
哦/e。/wj
那/rzv如果/c假设/v进/vf了/ule一个/mq也/d不好/a。/wj
我/rr就/d在/p想/v你们/rr这/rzv是/vshi要/v都/d进来/vf是/vshi为/v的/ude1什么/ry呢/y？/ww
我/rr就/d觉得/v很/d搞笑/a。/wj
不/d是/vshi。/wj
ACES/x纳/v新/n还有/v一个/mq，/wd我/rr这个/rz细节/n我/rr不/d能/v跟/p你/rr讲/v，/wd因为/c那/rzv个/q人/n，/wd如果/c细节/n讲/v出来/vf非常/d容易/a出/vf问题/n啊/y。/wj
有/vyou一个/mq男生/n今年/t进入/vACES/x的/ude1，/wd他/rr曾经/d被/pbei里面/f的/ude1另/rz一个/mq男生/n戴/v过/uguo绿帽子/n。/wj
但/c他/rr自己/rr不/d知道/v，/wd我/rr很/d担心/v这个/rz事情/n发/v出来/vf以后/f对/pACES/x有/vyou巨大/a的/ude1影响/vn，/wd但/c我/rr也/d没法/v说/v。/wj
不/d是/vshi。/wj
哈哈/o，/wd这个/rzpersonal/x的/ude1东西/n会/v上升/vi到/v组织/nlevel/x啊/y？/ww
你/rr这样/rzv一/m闹/v，/wd影响/v会/v很/d大/a。/wj
如果/c，/wd他/rr反正/d，/wd那个/rz今年/t新/a进来/vf的/ude1男生/n完全/ad蒙/vi在/p鼓/ng里/f。/wj
是/vshi谁/ry啊/y？/ww
我/rr想/v想/v啊/y？/ww
你/rr别/d想/v，/wd你/rr要/v是/vshi想/v你/rr很/d快/a就/d知道/v，/wd但/c那个/rz男/b的/ude1你/rr可能/v不/d知道/v。/wj
女/b的/ude1我/rr认识/v啊/y？/ww
女/b的/ude1你/rr可能/v也/d不/d知道/v。/wj
女/b的/ude1你/rr可能/v认识/v，/wd但是/cACES/x里/f谁/ry干/v的/ude1，/wd你/rr肯定/d能/v猜/v得到/v。/wj
