里面/f是/vshi谁/ry干/v的/ude1啊/y？/ww
啊/y，/wd就/d是/vshi谁/ry是/vshi给/p别人/rr戴/v绿帽子/n的/ude1。/wj
是/vshi个/q女/b的/ude1吧/y？/ww
啊/y？/ww
男/b的/ude1呀/y！/wt
是/vshi男/b的/ude1给/u。/wj
。/wj
。/wj
朱涛/nr啊/y？/ww
嗯/e，/wd是/vshi啊/y！/wt
但是/c他/rr给/p别人/rr戴/v绿帽子/n，/wd然后/c被/pbei戴/v绿帽子/n的/ude1那个/rz男/b的/ude1今年/t进/vf了/uleACES/x。/wj
你/rr就/d不/d要/v想/v了/y，/wd再/d想/v就/d很/d。/wj
。/wj
。/wj
其实/d回去/v搜/v搜/v你/rr很/d快/a就/d能/v知道/v了/y，/wd但是/c我/rr就/d觉得/v。/wj
。/wj
。/wj
你/rr直接/ad跟/v我/rr说/v不/d就/d完/vi啦/y？/ww
我/rr回去/v就/d不用/d搜/v了/y。/wj
但是/c真的/d不/d能/v说/v，/wd朱涛/nr不/d让/v我/rr说/v。/wj
我/rr真/d是/vshi觉得/v这/rzv事儿/n非常/d搞笑/a。/wj
那/rzv个/q女/b的/ude1是/vshi谁/ry呀/y？/ww
很/d有/vyou名/q。/wj
外院/n的/ude1吗/y？/ww
不/d是/vshi外院/n的/ude1，/wd管理学院/n的/ude1。/wj
那/rzv算/v了/y，/wd美女/n啊/y？/ww
嗯/e，/wd美女/n啊/y！/wt
管理学院/n的/ude1美女/n啊/y？/ww
我们/rr这/rzv级/q的/ude1啊/y？/ww
我/rr想/v想/v是/vshi你们/rr这/rzv级/q的/ude1还是/d下/vf一/m级/q的/ude1啊/y？/ww
下/vf一/m级/q的/ude1我/rr就/d不/d认识/v了/y。/wj
你们/rr这/rzv一/m级/q的/ude1，/wd很/d有/vyou名/q。/wj
学/v什么/ry人力资源/n的/ude1之类/rz的/ude1，/wd还/d是/vshi农业/n经济/n的/ude1。/wj
好/a吧/y。/wj
你/rr先/d说/v吧/y。/wj
按/p刘牧/nr2说法/n，/wd这个/rz有名/a程度/n就/d跟/p当年/t柴柳/nr2差不多/al。/wj
跟/p谁/ry？/ww
柴柳/nr2啊/y。/wj
这/rzv是/vshi谁/ry呀/y？/ww
柴柳/nr2你/rr不/d知道/v吗/y？/ww
柴柳/nr2也/d是/vshi个/q传说/n很/d火/a的/ude1浙大/n校花/n嘛/y，/wd当年/t。/wj
浙大/n校花/n不/d应该/v在/p我/rr外院/n吗/y？/ww
不/d是/vshi王珍/nr2吗/y？/ww
王珍/nr2哪/ry能/v跟/p柴柳/nr2比/p啊/y！/wt
你/rr有空/vi去/vf看/v一/m看/v你/rr就/d知道/v了/y。/wj
那/rzv那个/rz管院/n的/ude1美女/n比/p得/v过/uguo我们/rr家/n王珍/nr2吗/y？/ww
我/rr觉得/v比/p王珍/nr2漂亮/a！/wt
啥/ry呀/y！/wt
照片/n？/ww
你/rr回头/d把/pba名字/n发/v我/rr，/wd我/rr回去/v。/wj
。/wj
。/wj
还/d把/pba名字/n给/p你/rr！/wt
我/rr嘴巴/n很/d严/a的/ude1！/wt
哈哈/o，/wd我/rr知道/v。/wj
瑶瑶/nr2也/d知道/v这/rzv件/q事情/n，/wd朱涛/nr2也/d跟/v瑶瑶/nr2说/v了/y。/wj
你/rr让/v她/rr跟/p你/rr泄露/v好/a了/y。/wj
我/rr不/d能/v做/v这个/rz坏人/n。/wj
我/rr突然/ad想/v，/wd我/rr觉得/v真/a的/ude1很/d不好/a。/wj
我/rr很/d担心/v哪/ry一/m天/qt东窗事发/vl。/wj
那个/rz男/b的/ude1是/vshi脾气/n很/d爆/a的/ude1吗/y？/ww
不/d是/vshi脾气/n很/d爆/a。/wj
我/rr觉得/v这个/rz事情/n闹/v起来/vf就/d是/vshi很/d大/a，/wd这个/rz事情/n有/vyou个人/n添油加醋/vl写/v一/m份/q什么/ry天涯/n上/f一/m发/q，/wd我们/rr这个/rz组织/n就/d出名/a了/y。/wj
怎么/ryv这么/rz乱/a啊/y？/ww
我/rr感觉/vaisec/x都/d没有/v这么/rz明显/a的/ude1乱/a的/ude1事情/n。/wj
Aisec/x是/vshi混/x的/ude1。/wj
Aisec/x是/vshi混/x的/ude1，/wd大家/rr都/d彼此/rr接受/v，/wd是/vshi一/m种/q生活/vn方式/n。/wj
我们/rr这/rzv是/vshi一个/mq传统/n的/ude1生活/vn方式/n里面/f一个/mq大/a家/n不/d能/v接受/v的/ude1事情/n发生/v了/y。/wj
Aisec/x他们/rr这/rzv是/vshi互相/d彼此/rr都/d接受/v的/ude1，/wd那/c他们/rr随意/a了/y。/wj
太/d无/v语/ng了/y，/wdaisec/x。/wj
Aisec/x和/cc洪哥/nr闹/v纠纷/n的/ude1事情/n也/d就/d没/v消息/n了/y。/wj
谁/ry？/ww
洪哥/nr你/rr不/d知道/v嘛/y？/ww
网上/s说/v的/ude1，/wd你/rr最近/t是/vshi不/d是/vshi不/d太/d上/vf人人/nz了/y啊/y？/ww
嗯/e。/wj
就/d是/vshi搞/v，/wd揭发/vaisec/x不/d是/vshi爱/v收/v钱/n的/ude1事情/n嘛/y。/wj
Aisec/x不/d是/vshi有/vyou个/q公司/n吗/y？/ww
在/p北京/ns，/wd就/d说/v他们/rr过度/d收/v钱/n，/wd然后/c就/d把/pba这个/rz事儿/n揭发/v一下/mq。/wj
最后/f也/d没/d闹/v出/vf点/qt名堂/n来/vf。/wj
不过/caisec/x确实/ad是/vshi盈利/b组织/v，/wd谁/ry他/rr妈/n说/v他们/rr是/vshi非盈利/b的/ude1啊/y？/ww
他们/rr是/vshi盈利/b的/ude1。/wj
就/d说/v盈利/b的/ude1呀/y！/wt
而且/c他们/rr这/rzv是/vshi个/q公司/n，/wd不/d是/vshi个/q组织/n。/wj
国际/n的/ude1aisec/x没有/v一个/mq合适/a的/ude1组织/n管理/vn下/f。/wj
就/d跟/v红十字会/nl一样/uyy，/wd中国/ns的/ude1红十字会/nl跟/p国外/s是/vshi完全/ad独立/v的/ude1。/wj
中国/ns的/ude1aisec/x总部/n叫/vi“/wyz北京/ns艾赛克/nz人力/n资源/n管理公司/n”/wyy，/wd专门/d做/v这个/rz业务/n的/ude1啊/y！/wt
我/rr觉得/v什么/ry到/v了/ule中国/ns都/d得/ude3变/v点/qt味儿/n！/wt
全/d都/d变/v了/y。/wj
我/rr现在/t觉得/v大家/rr都/d好/a追求/vn这种/r什么/rypackage/x啊/y！/wt
salary/x啊/e什么/ry什么/ry的/ude1。/wj
这个/rz没/v办法/n，/wd因为/c社会/n压力/n这么/rz大/a，/wd你/rr不/d追求/v这个/rz，/wd你/rr能/v靠/v别的/rzv什么/ry方法/n获取/v呢/y！/wt
你/rr说/v我/rr是/vshi不/d是/vshi就/d没/d有/vyou前途/n了/y呢/y？/ww
你/rr，/wd那/c我/rr也/d没/v前途/n，/wd我/rr操/v！/wt
我/rr前/f两/m天/qt都/d把/pba自己/rr降/v到/v什么/ry标准/n了/y。/wj
你/rr这个/rz，/wd比/p我/rr已经/d好/a很/d多/a了/y啊/y！/wt
真/a的/ude1！/wt
我/rr在/p想/v，/wd不/d是/vshi，/wd其实/d我/rr之前/f没/d觉得/v怎么样/ryv。/wj
我/rr觉得/v还/d行/vi啊/y，/wd反正/d我/rr是/vshi女生/n嘛/y，/wd我/rr又/d不/d买/v房/n，/wd我/rr就/d是/vshi供/vi自己/rr出/vf去/vf读/v个/q书/n。/wj
然后/c，/wd但/c其实/d我/rr也/d不/d喜欢/vi男/b的/ude1每天/r都/d想/v找/v个/q。/wj
很多/m男/b的/ude1，/wd不/d是/vshi每天/r都/d想/v，/wd就是/d到/v了/ule人生/n比较/d艰难/a的/ude1时刻/n会/v想/v这些/rz。/wj
你/rr平常/a不/d想/v，/wd那个/rz时候/n就/d会/v想/v。/wj
不/d是/vshi，/wd我/rr觉得/v他/rr可以/v想/v嘛/y，/wd就/d是/vshi，/wd就/d不能/v以/p这个/rz为/p主要/b你/rr知道/v吗/y？/ww
我/rr那天/r看/v了/ule个/q故事/n你/rr知道/v吗/y？/ww
什么/ry故事/n啊/y？/ww
就/d是/vshi说/v一/m对/p上海/ns夫妇/n，/wd原来/d就/d是/vshi说/v两/m个/q人/n都/d在/p大/a企业/n工作/vn，/wd一个/mq在/p那里/rzs啊/y。/wj
反正/d就是/v在/p上海/ns的/ude1某个/rz地方/n。/wj
他/rr俩/m买/v了/ule个/q房/n然后/c结婚/vi了/y，/wd然后/c每天/r就/d是/vshi一个/mq人/n去/vf一/m个/q地方/n坐/v班车/n，/wd另外/c一个/mq人/n去/vf另/rz一个/mq地方/n坐/v班车/n，/wd然后/c上班/vi。/wj
下班/vi回来/v了/y，/wd九点十点/t了/y，/wd随便/ad吃/v口/q饭/n，/wd然后/c累/v了/ule也/d不/d想/v说话/vi，/wd就/d睡/v了/y。/wj
然后/c早上/t起来/vf再/d早起/vi去/vf上班/vi。/wj
然后/c就/d觉得/v这样/rzv的/ude1生活/vn就/d是/vshi，/wd就/d是/vshi两/m个/q人/n没有/d交流/v，/wd矛盾/an越来越/d多/a。/wj
然后/c就/d莫名其妙/al开始/v吵架/vi。/wj
然后/c后来/t这/rzv个/q男/b的/ude1就/d说/v“/wyz我/rr想/v要/v结束/v这样/rzv的/ude1生活/vn状态/n”/wyy。/wj
但/c两/m个/q人/n都/d还/d不/d想/v离婚/vi，/wd就/d觉得/v没/d有/vyou必要/a离婚/vn。/wj
然后/c男/b的/ude1就/d说/v“/wyz我/rr决定/v出国/vi读书/vi了/y”/wyy，/wd女/b的/ude1就/d说/v“/wyz好/a。/wj
”/wyy男/b的/ude1就/d说/v“/wyz你/rr可以/v趁/p我/rr出国/vi读书/vi这/rzv段时间/n想/v清楚/a，/wd是/vshi要/v继续/v走/v下去/vf还/d是/vshi我们/rr就/p现在/t分/v了/y。/wj
”/wyy然后/c女/b的/ude1就/d说/v“/wyz好/a。/wj
”/wyy他们/rr俩/m也/d不/d想/v现在/t就/d离婚/vi。/wj
男/b的/ude1就/d辞掉/v工作/vn，/wd在家/vi念书/vi，/wd在/p准备/v出去/vf的/ude1那段/r时间/n就/d开始/v照顾/v家里/s了/y嘛/y。/wj
