就/d是/vshi早上/t帮/v那个/rz女/b的/ude1做/v好/a早饭/n，/wd把/pba她/rr送/v到/v公司/n然后/c再/d回来/v。/wj
然后/c就/d享受/v了/ule一/m段/q挺/d温馨/a的/ude1时光/n嘛/y。/wj
后来/t那个/rz男/b的/ude1就/d走/v了/y，/wd就/d出国/vi了/y。/wj
那/rzv个/q女/b的/ude1就/d觉得/v忽然/d间/f特别/d想念/v他/rr，/wd就/d下定决心/vl要/v陪读/vi。/wj
然后/c她/rr当时/t就/d是/vshi也/d不/d会/v做饭/vi呀/y，/wd也/d不/d会/v什么/ry，/wd就/d还/d是/vshi也/d出去/vf陪读/vi了/y。/wj
当时/t呢/y，/wd他们/rr在/p上海/ns还/d供/vi着/uzhe房贷/n。/wj
然后/c他们/rr两/m个/q就/d在/p美国/nsf生活/vn的/ude1非常/d艰难/a。/wj
后来/t就/d阴差阳错/dl就/d发现/v，/wd美国/nsf那边/rzs人/n特别/d喜欢/vi吃/v，/wd因为/c省钱/v嘛/y，/wd那个/rz女/b的/ude1做/v的/ude1那个/rz盒饭/n，/wd便当/n。/wj
然后/c后来/t就/d以/p这个/rz为生/vi，/wd就/d五/m刀/q卖/v个/q便当/n，/wd然后/c她/rr就/d开始/v做/v这个/rz东西/n。/wj
后来/t生活/vn也/d好/a了/y，/wd那个/rz女/b的/ude1也/d去/vf读/v了/ule个/q硕士/n。/wj
反正/d后来/t就/d是/vshi在/p那/rzv段时间/n男/b的/ude1工作/vn，/wd女/b的/ude1读/v硕士/n，/wd他俩/r还/d会/v偶尔/d办/v个/q那个/rz什么/ry自助/b的/ude1餐馆/n，/wd每人/r十五/m刀/q，/wd进去/vf吃/v一/m顿/qv。/wj
反正/d就/d是/vshi最后/f他们/rr攒/v了/ule十/m万/m美金/q，/wd然后/c就/d准备/v回国/vi了/y。/wj
回国/vi呢/y，/wd其实/d两/m个/q人/n也/d都/d可以/v去/vf外企/n，/wd也/d都/d不错/a。/wj
就是/v想/v说/v，/wd要/v不/d要/v回/qv到/v原来/d那/rzv种/q生活/vn状态/n？/ww
然后/c两/m个/q人/n决定/v就/d是/vshi说/v，/wd其实/d那个/rz时候/n他们/rr也/d有/vyou做/v点/qt小/a生意/n了/y，/wd就是说/c加工/v点/qt宝石/n，/wd然后/c卖/v出去/vf。/wj
然后/c他们/rr就/d回来/v，/wd把/pba上海/ns的/ude1房子/n卖/v了/y，/wd在/p杭州/ns买/v了/ule一个/mq也/d挺/d好/a的/ude1房子/n，/wd在/p武林门/ns开/v了/ule一/m家/q专门/d卖/v外国/n首饰/n啊/y，/wd宝石/n的/ude1那种/r店/n，/wd那种/r小/a精品店/n。/wj
然后/c两/m个/q人/n的/ude1那/rzv十/m万/m美金/n呢/y，/wd也/d不/d动/v，/wd就/d是/vshi每年/r出去/vf旅行/vi，/wd然后/c过/d得/ude3生活/vi也/d很/d愉快/a。/wj
但是/c这样/rzv，/wd相当/d于/p有/vyou很多/m不/d确定/v因素/n咯/y！/wt
他们/rr要/v考虑/v，/wd在/p这边/rzs如果/c走/v错/v什么/ry的/ude1，/wd就/d被/pbei完全/ad冲垮/v了/ule呀/y！/wt
很多/m人/n现在/t都/d是/vshi怕/v这种/r不/d确定/v因素/n，/wd那/c你/rr说/v为什么/ryvCFA/x，/wdCPA/x，/wd司法/n考试/vn全/a报/n，/wd有/vyou必要/a吗/y？/ww
不/d是/vshi，/wd我/rr就/d是/vshi觉得/v。/wj
。/wj
。/wj
这些/rz人/n绝对/d都/d是/vshi因为/p焦虑/a去/vf考/v的/ude1，/wd而/cc不/d是/vshi觉得/v这些/rz东西/n有/vyou用/v去/vf考/v的/ude1。/wj
或者/c这种/r就是/v因为/c觉得/v别人/rr有/vyou，/wd自己/rr没有/v，/wd确实/ad也/d是/vshi吃亏/a。/wj
像/v是/vshiCPA/x我/rr觉得/v没有/v去/vf考/v，/wd非常/d吃亏/a。/wj
因为/p你/rr像/p会计/n，/wd我/rr原来/d以/p为/v会计/n有/vyouCPA/x是/vshi件/q比较/d拔高/a的/ude1事情/n，/wd现在/t发现/v有/vyou是/vshi件/q很/d普通/a的/ude1事情/n。/wj
我/rr经常/d就/d被/pbei问/v，/wd“/wyz你/rr怎么/ryv不/d去/vf考/v呀/y？/ww
还是/c没/d考/v出来/vf？/ww
”/wyy这个/rz东西/n没法/d说/v。/wj
有时候/d一些/mq很/d差/a的/ude1学校/n，/wd比如说/vl那种/r普通/a财经/n大学/n的/ude1，/wd都/d有/vyouCPA/x。/wj
我/rr觉得/v我们/rr就/d太/d恃/vg才/d放/v旷/a了/y。/wj
就/d是/vshi，/wd人家/rr就/d觉得/v，/wd我/rr比/p不/d过/uguo浙/b大/a的/ude1，/wd我/rr就/d去/vf考/v个/qCPA/x。/wj
你/rr这/rzv就/d觉得/vCPA/x没用/vi吧/y？/ww
而且/c我/rr跟/p你/rr说/v，/wd我/rr对/p就业/vi的/ude1情况/n很/d低估/v，/wd本来/d我/rr觉得/v，/wd不/d出国/vi了/ule随便/ad找/v个/q行研/n干干/v。/wj
现在/t哪/ry能/v去/vf行研/n啊/y！/wt
我/rr现在/t唯一/d争取/v到/v的/ude1一个/mq行/vi研/v的/ude1机会/n让/v我/rr每周/r去/vf实习/v五/m天/qt，/wd实习/v半/m年/qt，/wd然后/c根据/p我/rr表现/v决定/v是否/v留用/vi。/wj
这/rzv不/d跟/p中/b金/b一样/a吗/y？/ww
本土/n很多/m都/d这样/rzv啊/y！/wt
但是/c他/rr最后/f，/wd他/rr是/vshi说/v你/rr有/vyou实习生/n的/ude1名义/n。/wj
中金/nz好歹/d也/d是/vshi先/d签/v再/d说/v吧/y？/ww
不/d是/vshi吧/y！/wt
先/d实习/v再/d弄/v啊/y？/ww
肯定/d是/vshi先/d实习/v再/d签/v啊/y！/wt
那/c你/rr最/d后/f没/d签/v，/wd你/rr一/m周/qt五/m天/qt实习/v也/d没有/v时间/n找/v别的/rzv工作/vn怎么办/ryv呀/y？/ww
所以/c说/v就/d很/d坑/v爹/n啊/y！/wt
而且/c他/rr挺/d晚/a的/ude1呀/y！/wt
啊/y！/wt
挺/d晚/a呀/y！/wt
我/rr刚刚/d想/v说/v，/wd你/rr知/v不/d知道/v有些/rz人/n是/vshi被/pbei公司/n给/voffer/x了/vi，/wd去/vf公司/n之前/f被/pbei裁/v的/ude1呀/y？/ww
知道/v呀/y！/wt
这样/rzv的/ude1人/n他/rr最后/f怎么办/ryv呢/y？/ww
我/rr觉得/v。/wj
。/wj
。/wj
呵呵/o。/wj
。/wj
。/wj
很/d麻烦/an，/wd到/p七八月份/t了/y那/rzv时候/n。/wj
你/rr现在/t已经/d看到/v比/p你/rr惨/a的/ude1人/n了/y呀/y！/wt
我/rr知道/v，/wd我/rr这/rzv。/wj
。/wj
。/wj
我/rr看到/v的/ude1比/p我/rr惨/a的/ude1人/n多/a了/ule去/vf了/y！/wt
哈哈/o！/wt
我/rr这/rzv两/m天/qt就/d在/v。/wj
。/wj
。/wj
百/m度/qv贴/v吧/y很/d神奇/a！/wt
我/rr最近/t就/d在/p上/v百度/nz焦虑症/ng吧/y。/wj
不/d是/vshi，/wd你/rr一/m说/v百度/qv贴/v吧/y我/rr想起/v一/m件/q事情/n来/vf。/wj
那天/r有人/r问/v我/rr说/v瑶瑶/nr2他/rr男朋友/n叫/vi什么/ry。/wj
张/nr1公子/n来/u的/ude1时候/n不/d是/vshi他/rr俩/m的/ude1照片/n被/pbei传/v了/ule嘛/y！/wt
西区/ns那/rzv张/q，/wd然后/c他们/rr有人/r问/v我/rr他/rr男朋友/n叫/vi什么/ry。/wj
我/rr就/p当时/t，/wd不/d是/vshi有/vyou百度/nz那个/rz框/n嘛/y，/wd我/rr就/d把/pba他/rr名字/n打/v在/p那儿/rzs。/wj
尼玛/nl，/wd我/rr刚/d打/v完/vi“/wyz张雪健/nr2”/wyy，/wd出来/vf“/wyz张雪健/nr2与/p瑶瑶/nr2贴/v吧/y”/wyy！/wt
就/d是/vshi自动/d检索/v你/rr知道/v吧/y？/ww
就/d是/vshi跳/vi出来/vf的/ude1。/wj
啊/e啊/e！/wt
就/d是/vshi很多/m人/n弄/v过/uguo这个/rz东西/n了/ule是/vshi吧/y。/wj
不/d知道/v，/wd我/rr没/d仔细/ad看/v，/wd我/rr当时/t就/d在/p想/v，/wd这个/rz真是/d太/d黑/a了/y！/wt
是/vshi，/wd张雪健/nr2非常/dfamous/x，/wd就/d这个/rz贴/v吧/y。/wj
。/wj
。/wj
你/rr知道/v他/rr俩/m在/p一起/s黑/a了/ule我/rr很/d多/m次/qv吗/y？/ww
黑/a你/rr？/ww
干/v嘛/y黑/a你/rr啊/y？/ww
不/d是/vshi，/wd他/rr俩/m可/v神奇/a了/y！/wt
瑶瑶/nr2回来/v跟/p我/rr讲/v，/wd说/v，/wd那天/r说/v什么/ry来/vf着/uzhe的/ude1时候/n。/wj
瑶瑶/nr问/v张雪健/nr2：/wm“/wyz你/rr说/vXXX/x会/v不/d会/v最后/f找/v个/q外国人/n呢/y？/ww
”/wyy然后/c我/rr说/v“/wyz你/rr俩/m无聊/a吧/y？/ww
你们/rr为什么/ryv要/v谈论/v我/rr！/wt
”/wyy他们/rr俩/m黑/a过/uguo很多/m人/n，/wd包括/v把/pba陈跃飞/nr2也/d黑/a的/ude1不行/a了/y。/wj
把/pba谁/ry？/ww
陈跃飞/nr2。/wj
谁/ry呀/y？/ww
陈跃飞/nr你/rr不/d知道/v啊/y？/ww
哦/e，/wd我/rr知道/v。/wj
陈跃飞/nr2嘛/y，/wd因为/c说话/vi喜欢/vi加/v重音/n加/v嗲/ag，/wd张雪健/nr2很/d反感/v。/wj
就/d编/v了/ule很多/m黑/a的/ude1东西/n。/wj
陈跃飞/nr2都/d被/pbei黑/a死/v了/y。/wj
为什么/ryv他/rr会/v认识/n陈跃飞/nr2呢/y？/ww
哎呀/e，/wd瑶瑶/nr2就/d是/vshi，/wd张雪健/nr2来/vf了/ule嘛/y。/wj
周围/f朋友/n都/d见/v一/m圈/qv。/wj
