陈跃飞/nr2肯定/d要/v见/v的/ude1呀/y！/wt
哦/e，/wd好/a吧/y！/wt
陈跃飞/nr2现在/t怎么样/ryv啊/y？/ww
就/dGE/x了/vi吗/y？/ww
我/rr不/d知道/v，/wd我/rr上次/t见/v她/rr是/vshi一个/mq月/n之前/t了/y。/wj
我/rr觉得/v她/rr挺/d适合/v当/p会计/n的/ude1，/wd她/rr是/vshi我/rr见/v过/uguo的/ude1最/d适合/v当/p会计/n的/ude1人/n。/wj
真/a的/ude1，/wd按/p她/rr的/ude1弄/v法/n，/wd我/rr觉得/v她/rr适合/v当/p会计/n。/wj
她/rr其实/d对/p金融/n不/d感兴趣/vl的/ude1。/wj
哦/e。/wj
她/rr适合/v当/p会计/n，/wd她/rr就/d喜欢/vi非常/d严整/a。/wj
因为/p陈跃飞/nr2这个/rz人/n非常/d喜欢/vi规矩/n。/wj
她/rr较真儿/a，/wd你/rr知道/v吧/y？/ww
这/rzv可能/v是/vshi家庭/n教育/vn的/ude1缘故/n。/wj
这个/rz人/n这个/rz脾气/n上/f很/d正直/a的/ude1感觉/n。/wj
嗯/e，/wd是/vshi的/ude1，/wd我/rr觉得/v是/vshi的/ude1！/wt
我/rr觉得/v真/d是/vshi非常少/n见/v，/wd因为/c我/rr觉得/v有些/rz东西/n可有可无/vl，/wd她/rr就是/d不/d管/v什么/ry标准/n都/d弄/v得/ude3非常/d正/a的/ude1那/rzv种/q。/wj
我/rr觉得/v还/d挺/d好/a的/ude1，/wd但/c是/vshi非常适合/n商业/n银行/n，/wd纯/a商业/n银行/n。/wj
比如说/vlGE/x不行/a，/wd你/rr让/v她/rr去/vf投行/n、 花旗/nz、/wn汇丰/nz、/wn渣打/nz还是/d都/d可以/v的/ude1。/wj
挺/d好/a的/ude1。/wj
GE/x我/rr觉得/v她/rr适合/v去/vf做/v审计/v啊/y。/wj
她/rr是/vshi少有/a的/ude1觉得/v做/v审计/vn很/d快乐/a的/ude1人/n。/wj
我/rr觉得/v做/v审计/v怎么/ryv会/v快乐/a呢/y？/ww
嗯/e哈哈/o！/wt
你/rr跟/p我/rr当年/t的/ude1反应/vn是/vshi一样/a的/ude1！/wt
审计/vn，/wd我/rr擦/v，/wd烦/v得/ude3要/v死/v！/wt
我/rr就/d帮/v人/n复印/v东西/n，/wd弄/v完/vi你/rr妈/n，/wd我/rr按/p计算器/n再/d按/p一/m天/qt去/vf核对/v。/wj
我/rr真/d就/d按/p计算器/n一/m天/qt。/wj
我/rr问/v“/wyz为什么/ryv不/d用/vexcel/x？/ww
”/wyy他/rr说/v“/wyz是/vshi习惯/n，/wd没有/v人/n用/vexcel/x。/wj
”/wyy因为/c按/p计算器/n我/rr要/v五/m个/q五/m个/q算/v嘛/y，/wd因为/c按/p完/vi我/rr怕/v加/v错/v。/wj
我/rr寻思/v着/uzhe，/wdexcel/x不/d就/d输/v一/m遍/qv就/d完/vi了/y！/wt
就/d是/vshi我/rr之前/f不/d是/vshi在/pKP/x实习/v吗/y？/ww
我/rr就/d觉得/v这/rzv人/n都/d是/vshi，/wd就是/v我/rr觉得/v不/d够/v聪明/a呀/y！/wt
就/d是/vshi！/wt
就/d是/vshi特别/d搞/v笑/v。/wj
就/d是/vshi当时/t跟/p我/rr一起/d实习/v的/ude1有/vyou个/q人/n在/p那里/rzs，/wd我/rr其实/d觉得/v那/rzv个/q工作/vn很/d无聊/a，/wd都/d是/vshi写/v重复性/n工作/vn，/wd然后/c我/rr其实/d不/d想/v做/v的/ude1，/wd就/d是/vshi他/rr给/p我/rr的/ude1那些/rz东西/n嘛/y，/wd我/rr可以/v很快/d做/v完/vi的/ude1，/wd但/c我/rr还是/d在/p那边/rzs装/v着/uzhe我/rr还/d在/p做/v东西/n。/wj
磨洋工/vi！/wt
没有/v，/wd就是/d其实/d电脑/n放在/v那边/rzs，/wd我/rr在/p看/vcasebook/x你/rr知道/v吧/y！/wt
但是/c她/rr也/d不/d知道/v我/rr在/p看/vcasebook/x还/d是/vshi对/p东西/n对/p吧/y？/ww
而且/c我们/rr那边/rzs是/vshi实习生/n坐/v一/m排/q嘛/y，/wd我/rr特意/d挑/v了/ule倒数/v第二/m个/q位置/n，/wd我/rr觉得/v前面/f那么/rz多/a人/n，/wd你/rr随便/ad找/v，/wd找/v到/v最后/f才/d能/v找/v得/ude3到/v我/rr对/p吧/y。/wj
然后/c我/rr旁边/f那个/rz妹子/n就/d特别/d认真/a的/ude1那/rzv种/q，/wd她/rr就/d不/d停/vi在/p那/rzv边卡/n数/n。/wj
你/rr知道/v“/wyz卡/n”/wyy？/ww
哦/o对/p对/p，/wdcasting/x！/wt
它/rr是/vshicasting/x还/d是/vshicalculate/x？/ww
反正/d我们/rr那边/rzs都/d叫/vicasting/x。/wj
哦/e哦/e。/wj
那/rzv可能/v就/d是/vshicasting/x。/wj
就/d反正/d就是/v在/p那/rzv边卡/n数/n，/wd结果/n她/rr就/d一直/d在/p按/v，/wd我/rr觉得/v按/p了/ule得/v有/vyou半/m个/q小时/n。/wj
只/d是/vshi那么/rz一/m小/a条/q，/wd我/rr觉得/v不/d是/vshi很/d长/a，/wd大概/d十几/m行/q吧/y！/wt
然后/c她/rr后来/t。/wj
。/wj
。/wj
这/rzv都/d算/v不/d对/p啊/y？/ww
她/rr后来/t就/d拍/v了/ule我/rr下/f，/wd说/v“/wyz我/rr不/d知道/v为什么/ryv，/wd我/rr算/v了/ule好几/m遍/qv都/d不/d对/p，/wd大概/d就/d是/vshi有/vyou一半/m是/vshi点零四/m，/wd有/vyou一半/m是/vshi点零二/m。/wj
”/wyy我/rr就/d扫/v了/ule一/m眼/q那些/rz数/n，/wd就/d觉得/v这/rzv怎么/ryv也/d出/vf不/d来/vf零点零二/m的/ude1差别/n你/rr知道/v吧/y。/wj
然后/c我/rr说/v“/wyz应该/v不/d会/v有/vyou零点零二/m的/ude1差别/n。/wj
”/wyy她/rr就/d说/v“/wyz你/rr帮/v我/rr看/v一下/mq吧/y！/wt
”/wyy然后/c我/rr就/d卡/v了/ule一下/mq说是/v点/qt零四/m。/wj
然后/c她/rr说/v，/wd“/wyz你/rr能/v再/d帮/v我/rr卡/v一/m遍/qv吗/y？/ww
”/wyy呵呵/e，/wd然后/c我/rr就/d很/d无奈/a。/wj
她/rr说/v“/wyz我/rr真/a的/ude1卡/n出来/vf好几/m次/qv是/vshi零二/m。/wj
”/wyy我/rr说/v“/wyz哦/e，/wd好/a吧/y。/wj
”/wyy然后/c我/rr就/d又/d卡/v了/ule一/m遍/qv，/wd我/rr说/v“/wyz还是/v零四/m呀/y！/wt
”/wyy然后/c她/rr说/v“/wyz哦/e，/wd行/vi呀/y！/wt
”/wyy就/p这样/rzv了/y。/wj
一/m个/q东西/n，/wd你/rr说/v你/rr卡/v半/m个/q小时/n你/rr。/wj
。/wj
。/wj
你/rr说/v她/rr用/vexcel/x不/d就/d完/vi了/y？/ww
而且/c他/rr好多/m没有/d用/v电子化/vn，/wd都/d是/vshi用/p人工/b手/n去/vf。/wj
而且/c我/rr觉得/v那/rzv个/q明明/d是/vshi打/v出来/vf的/ude1，/wd你/rr粘/v出来/vf放/v到/vexcel/x不/d就/d完/vi啦/y。/wj
你/rr打印/v的/ude1出来/vf说明/v以前/f是/vshi用/p电子/n稿/ng的/ude1，/wd不管/c是/vshi不/d是/vshiexcel/x的/ude1format/x。/wj
你/rr总是/d可以/v复制/v黏/a贴/v到/vexcel/x里/f的/ude1对/p不/d对/p啊/y？/ww
打印/v出来/vf的/ude1是/vshi纸张/n你/rr怎么/ryv复制/v黏/a贴/v啊/y？/ww
不/d是/vshi，/wd你/rr打印/v的/ude1出来/vf，/wd我/rr的/ude1感觉/n是/vshi有/vyou个/q文档/n。/wj
哦/e，/wd有/vyou个/q文档/n能/v找/v得/ude3到/v。/wj
嗯/e，/wd对/p的/ude1。/wj
而且/c就算/d找/v不/d到/v，/wd就/d那么/rz几/m个/q数/n，/wd你/rr输/v一/m遍/qv在/p电脑/n里/f也/d是/vshi可以/v的/ude1啊/y！/wt
然后/c还/d有/vyou特别/d搞笑/a就/d是/vshi，/wd有/vyou一/m次/qv一/m个/qB/x-level/x的/ude1人/n，/wd让/v我/rr就/d是/vshi说/v让/v我/rr去/vf算/v一下/mq所有/b账户/n的/ude1应/v收/v账/n款/q总额/n。/wj
然后/c那/rzv个/q大概/d是/vshi有/vyou四/m家/q子公司/n，/wd然后/c下面/f还有/v往来/vn账户/n嘛/y，/wd然后/c对应/vi每/rz一个/mq往来/vn公司/n都/d有/vyou一个/mq应/v收/v账/n款/n和/cc应/v付账/vi款/n嘛/y。/wj
然后/c，/wd然后/c旁边/f那/rzv个/q人/n是/vshi个/qA2/x吧/y，/wd他/rr直接/ad递给/v我/rr了/ule一个/mq计算器/n。/wj
我/rr想/v，/wd我/rr操/v，/wd这/rzv要/v按/p到/v什么/ry时候/n啊/y？/ww
我/rr说/v“/wyz我/rr用/vexcel/x试试/v。/wj
”/wyy他/rr说/v“/wyz那样/rzv会/v容易/ad出错/vi。/wj
”/wyy我/rr说/v“/wyz我/rr先/d做/v一/m遍/qv然后/c再/d用/p计算器/n检查/v吧/y！/wt
”/wyy我/rr又/d不好意思/a跟/p他/rr说/v我/rr不/d想/v用/p计算器/n啊/y。/wj
然后/c我/rr就/d说/v“/wyz我/rr用/vV/x-LOOKUP/x找/v一下/mq。/wj
”/wyy主要/d是/vshi你/rr用/vVLOOKUP/x找/vAP/x，/wd再/d看/v它/rr应该/v是/vshi加/v还是/c减/v不/d就/d完/vi了/y？/ww
然后/c，/wd我/rr就/d想/v这/rzv要/v是/vshi用/p计算器/n要/v按/p到/v什么/ry时候/n啊/y！/wt
就/d是/vshi它/rr是/vshi一/m排/qsheet/x啊/y！/wt
哎/e，/wd我/rr就/d觉得/v，/wd我/rr旁边/f那/rzv个/q人/n，/wd他/rr就/d是/vshi特别/d勤奋/a！/wt
