我/rr随便/a！/wt
没/v什么/ry特别/d想/v吃/v的/ude1水果/n。/wj
要不/c就/d到/v那个/rz堕落街/ns门口/s？/ww
其实/d我/rr觉得/v差/a不/d了/ule太/d多/a。/wj
吃/v不/d了/ule这么/rz多/a。/wj
那/c我们/rr就/d去/vf堕落街/ns门口/s，/wd他/rr有/vyou切/d好/a的/ude1。/wj
他/rr有/vyou切/d好/a的/ude1呀/y？/ww
一/m半儿/m的/ude1那/rzv种/q。/wj
哎呀/e。/wj
我/rr有/vyou一/m种/q你/rr今天/t神清气爽/al的/ude1感觉/n。/wj
是/vshi啊/y！/wt
但/c仔细/ad想想/v就/d是/vshi短时间/n拨开/v云雾/n了/y。/wj
其实/d本质/n上/f对/p我/rr的/ude1生活/vn状态/n没有/d太/d大/a影响/vn。/wj
人生/n总/d要/v需要/v一点点/m这样/rzv的/ude1东西/n，/wd你/rr就是/d要/v有/vyou东西/n让/v你/rr自信/v了/y。/wj
我/rr自己/rr想想/v，/wd还是/c要/v申请/v。/wj
那/rzv当然/d了/y！/wt
忽然/d之间/f我/rr觉得/v你们/rr这个/rz状态/n。/wj
。/wj
。/wj
我/rr觉得/v我/rr要/v是/vshi申请/v应该/v也/d不/d晚/a吧/y！/wt
最/d起码/d我/rr之前/f看/v了/ule一/m轮/qv学校/n呀/y！/wt
对/p对/p，/wd你/rr看/v了/ule一/m轮/qv学校/n，/wd你/rr还/d两/m个/q成绩/n都/d有/vyou，/wd对/p吧/y。/wj
但是/c我/rr成绩/n都/d不/d是/vshi很/d好/a，/wd都/d是/vshi属于/v那/rzv种/q可以/v了/y，/wd但是/c不/d是/vshi很/d好/a。/wj
都/d可以/v了/y！/wt
你/rr看/v要/v申/vg到/v什么/ry学校/n了/y，/wd你/rr要/v申/vg到/vdreamschool/x确实/ad不好/ad说/v。/wj
哎/e，/wd我/rr每/rz次/qv去/vf面试/vi，/wd总/d是/vshi那/rzv我/rr胖/a来说/uls事儿/n。/wj
怎么/ryv叫/vi那/c你/rr胖/a来说/uls事儿/n？/ww
因为/p面试者/n会/v问/v嘛/y，/wd我/rr就/d说/v我/rr一直/d在/p减/v。/wj
不/d是/vshi你/rr应该/v拿/v数据/n说话/vi呀/y！/wt
我/rr没/v法/n说/v啊/y！/wt
而且/c不/d问/v我/rr有/vyou什么/ry优点/n，/wd问/v我/rr有/vyou什么/ry缺点/n和/cc劣势/n，/wd这个/rz比较/d好/a回答/v了/y，/wd不用/d特别/d去/vf想/v。/wj
喂/e，/wd妈妈/n。/wj
喂/e，/wd在/p哪里/rys啊/y？/ww
在/p寝室/n里/f。/wj
想念/v你/rr。/wj
恶心/a死/v了/y。/wj
爸爸/n也/d是/vshi他/rr说/v他/rr忘记/v了/y。/wj
老娘/n都/d忘记/v了/y。/wj
嗯/e，/wd对/v。/wj
那/rzv心里/s还/d有/vyou谁/ry啊/y？/ww
不/d知道/v，/wd我/rr有/vyou我/rr妈/n老娘/n是/vshi谁/ry？/ww
你/rr不/d知道/v老娘/n是/vshi谁/ry。/wj
我/rr不/d知道/v老娘/n是/vshi谁/ry，/wd我/rr知道/v我/rr妈/n是/vshi谁/ry。/wj
杭州/ns冷/a吗/y还/d好/a不/d是/vshi很/d冷/a。/wj
明天/t要/v降温/vi。/wj
明天/t也/d就/d十/m几度/mq不/d会/v很/d冷/a。/wj
5/f到/v10/n度/qv了/y。/wj
5/f到/v10/n度/qv那/c我/rr就/d穿/v羽绒服/n。/wj
厚/a的/ude1有/vyou吗/y有/vyou。/wj
我/rr今天/t买/v了/ule一/m件/q新/a的/ude1土豪/n我们/rr做/v朋友/n。/wj
你/rr早点/d休息/v妈妈/n再见/vi。/wj
室友/n回来/v了/ule没/d没有/v他们/rr回来/v了/y。/wj
1/a喂/v。/wj
喂/v。/wj
喂/e，/wd妈妈/n。/wj
嗯/e，/wd你/rr猜/v我/rr在/p哪里/rys？/ww
我/rr不/d知道/v。/wj
我/rr在/p杭州/ns。/wj
你/rr在/p杭州/ns？/ww
我/rr在/p你们/rr寝室/n楼下/s。/wj
哎呀/e，/wd好/d怕/v怕/v，/wd我/rr不在/d寝室/n里/f。/wj
你/rr在/p哪里/rys？/ww
我/rr在/p外面/f玩/v。/wj
你/rr在/p哪里/rys玩/v？/ww
四/m处/q乱/d混/x。/wj
啊/y？/ww
四/m处/q乱/d混/x。/wj
什么/ry叫/vi做/v四/m处/q乱/d混/x？/ww
你/rr还/d查岗/n我/rr当然/d要/v在/p外面/f四处/q乱/d混/x了/vi。/wj
那/rzv不好/a，/wd你/rr不用/d担心/v我/rr不/d会/v跑/v到/v杭州/ns去/vf，/wd跑/v到/v杭州/ns去/vf肯定/v去/vf你/rr那里/rzs。/wj
哎呀/e，/wd吓坏/v了/y，/wd这么/rz晚/a了/ule剪/v头发/n啊/y。/wj
打扮/v的/ude1漂漂亮亮/z啊/y。/wj
美/b瞎/v了/y，/wd瞎/v了/y。/wj
哈哈哈/o本来/d就/d是/vshi选/v的/ude1啊/y。/wj
你/rr老爸/n这/rzv两/m天/qt都/d在/p开会/vi。/wj
好/a可怜/a。/wj
你/rr不/d可怜/v？/ww
我/rr不/d可怜/v，/wd我/rr旁边/f有/vyou一个/mq被/pbei男朋友/n抛弃/v的/ude1人/n，/wd然后/c他/rr现在/t白/v了/ule我/rr一/m眼/q。/wj
你/rr也/d去/vf找/v一个/mq。/wj
我/rr自暴自弃/vl找/v不/d到/v了/y，/wd好/a忧伤/a怎么办/ryv？/ww
你/rr有/vyou什么/ry事/n？/ww
没/v什么/ry事/n那/c你/rr洗/v吧/y。/wj
那/c你/rr早点/d休息/v啊/y，/wd乖/a。/wj
拜拜/v，/wd妈妈/n再见/vi。/wj
1/a喂/e喂/e，/wd怎么/ryv了/y？/ww
你/rr看到/v我/rr给/p你/rr发/v的/ude1两/m个/q链接/n了/ule吗/y？/ww
什么/ry？/ww
短信/n？/ww
链接/n！/wt
就/d是/vshi在/pqq/x上/f给/p你/rr发/v过去/vf的/ude1两/m个/q链接/n！/wt
qq/x？/ww
给/p谁/ry的/ude1qq/x啊/y？/ww
给/p你/rr妈/n的/ude1qq/x啊/y？/ww
你/rr俩/m不/d是/vshi在/p线/n上/vf吗/y？/ww
啊/y？/ww
你/rr妈/n下线/v了/y啊/y！/wt
下线/v了/y呀/y！/wt
那/rzv算/v了/ule吧/y！/wt
那/rzv改天/d吧/y！/wt
你/rr等/v一会儿/mq，/wd等/udeng一会儿/mq，/wd有/vyou什么/ry事儿/n跟/p你/rr妈/n直接/ad说/v就/d行/vi。/wj
你/rr闺女/n有事/vi跟/p你/rr说/v！/wt
喂/e，/wd路路/nr2啊/y！/wt
嗯/e，/wd我/rr给/p你/rr发/v的/ude1两/m个/q链接/n你/rr看到/v了/ule没/d啊/y？/ww
你/rr给/p我/rr发/v过来/vf我/rr没/d看见/v，/wd我/rr寻思/v着/uzhe你/rr干/v嘛/ry呢/y？/ww
啊/y？/ww
你/rr不/d是/vshi问/v我/rr在/p哪儿/rys呢/y吗/y？/ww
我/rr就/d给/p你/rr发/v了/ule两/m个/q链接/n，/wd你/rr没/d理/v我/rr，/wd你/rr下线/v了/y？/ww
恩/ng，/wd我/rr下线/v了/y，/wd我/rr寻思/v着/uzhe别/d耽误/v了/ule你/rr学习/v呀/y！/wt
你/rr爸爸/n说/v：/wm“/wyz她/rr可能/v学习/v呢/y！/wt
你/rr别/d打扰/v她/rr了/y！/wt
”/wyy我/rr就/d关/v了/y，/wd我/rr就/d下来/vf了/y。/wj
我/rr本来/d是/vshi想/v学习/v中间/f去/vf买/v一/m件/q衣服/n。/wj
啊/y？/ww
这/rzv都/d几/m点/qt了/y，/wd还/d买/v衣服/n？/ww
就/d在/p网上/s呀/y！/wt
我/rr之前/f看/v好/a了/ule的/ude1，/wd就是/d没/d决定/v是/vshi哪/ry一/m件/q。/wj
啊/y。/wj
那/rzv明天/t吧/y，/wd明天/t吧/y！/wt
啊/y，/wd行/vi！/wt
你/rr现在/t在/p哪里/rys呢/y？/ww
我/rr在/p寝室/n啊/y！/wt
在/p寝室/n啊/y？/ww
你/rr刚才/t也/d在/p寝室/n吗/y？/ww
对/p呀/y，/wd我/rr一直/d在/p寝室/n呢/y！/wt
我/rr刚才/t在/p寝室/n看/v书/n。/wj
哦/e，/wd我/rr寻思/v着/uzhe你/rr在/p教室/n里/f，/wd不/d方便/a呢/y，/wd我/rr就/d关/v了/y。/wj
没事儿/v，/wd我/rr就/d是/vshi害怕/v耽误/v你/rr学习/v。/wj
嗯/e嗯/e嗯/e。/wj
你/rr的/ude1好/a消息/n我/rr已经/d跟/p你/rr爸爸/n说/v了/y，/wd你/rr爸爸/n就/d。/wj
。/wj
。/wj
你/rr好/a好/a准备/vn准备/v吧/y！/wt
你/rr好/a好/a准备/vn准备/v吧/y！/wt
不/d是/vshi好/a消息/n！/wt
就/d是/vshi还/d没/d到/v最后/f一/m步/qv呢/y！/wt
就/d是/vshi啊/y！/wt
你/rr还/d继续/v努力/an吧/y！/wt
再/d哆嗦/vi一下/mq是/vshi吧/y？/ww
啊/y？/ww
再/d哆嗦/vi一下/mq是/vshi吧/y！/wt
我/rr说/v再/d最后/f一/m哆嗦/vi！/wt
啊/y！/wt
哆嗦/vi哆嗦/vi吧/y！/wt
行/ng，/wd没事儿/v，/wd俺/rr俩/m准备/v睡觉/vi了/y，/wd你/rr也/d准备/v早点/d休息/v啊/y！/wt
好/a，/wd我/rr明天/t考试/vi。/wj
你/rr明天/t考/v么/ry试/v啊/y？/ww
金融/n法/n。/wj
那/rzv还/d祝/v你/rr考/v个/q好/a成绩/n啊/y，/wd宝贝/n。/wj
哎呀/e，/wd这个/rz考试/vn真是/d烦/v死/v了/y，/wd老师/n不/d说/v重点/n，/wd这么/rz厚/a的/ude1一/m本/q书/n！/wt
看/v完/vi跟/p没有/d看/v一样/uyy。/wj
不/d能/v看/v吗/y？/ww
就/d是/vshi开卷/vi考试/vi啊/y？/ww
