哎/e，/wd命运/n啊/y！/wt
行/vi啊/y，/wd命运/n还/d是/vshi极/d少数/m的/ude1，/wd还是/c要/v努力/ad去/vf争取/v的/ude1。/wj
是/vshi吧/y？/ww
我/rr那/rzv天/qt还/d跟/v张世伟/nr聊/v这个/rz问题/n。/wj
我们/rr都/d觉得/v山东/ns人/n都/d特别/d保守/a传统/n，/wd经常/d谈/v这个/rz吃苦/vi啊/y，/wd奋斗/vi啊/y，/wd生活/vn过/uguo的/ude1很/d苦/ad逼/v，/wd但是/c生活/vi没有/v梦想/n和/cc激情/n这/rzv样子/n。/wj
张世伟/nr还/d读/v研/v吗/y？/ww
他/rr工作/vi呀/y！/wt
他/rr拿/v到/v了/ule投行/nz的/ude1offer/x了/y！/wt
你/rr两/m个/q还/d挺/d聊/v得/ude3来/vf呢/y？/ww
嗯/e，/wd就/d还/d比较/d聊/v得/ude3来/vf。/wj
可能/v是/vshi一/m个/q领域/n的/ude1人/n的/ude1问题/n，/wd就/d我们/rr俩/m聊/v得/ude3都/d是/vshi很/d严肃/a的/ude1话题/n，/wd没有/d很/d私人/n的/ude1东西/n。/wj
他/rr，/wd不/d是/vshi，/wd他/rr还/d回/v中国/ns吗/y？/ww
回/v，/wd他/rr一月/t份/q回/v。/wj
他/rr还/d问/v我/rr什么/ry时候/n放假/vi，/wd我/rr说/v我/rr20/m号/q放假/vi，/wd他/rr说/v他/rr19/m号/q回/v美国/nsf。/wj
我/rr说/v我/rr看看/v吧/y，/wd我/rr不/d知道/v一月/t初/f会/v不/d会/v回/v济南/ns。/wj
因为/c付/v泽/ng她/rr不/d是/vshi也/d一月/t份/q回来/v嘛/y，/wd她/rr还/d说/v要/v我/rr回去/v啊/e什么/ry的/ude1，/wd她/rr不/d是/vshi说/v给/p我/rr带/vIpad/x嘛/y！/wt
然后/c我/rr说/v行/vi啊/y！/wt
她/rr说/v那/rzv你/rr回来/v正好/z给/v你/rr过/vf生日/n啊/y！/wt
我/rr说/v行/vi啊/y。/wj
然后/c张世伟/nr还/d说/v他/rr一月/t份/q也/d可能/v来/vf杭州/ns。/wj
那/rzv就/d都/d看看/v再说/vi呗/y！/wt
嗯/e嗯/e。/wj
他/rr去/vf杭州/ns找/v你/rr玩/v啊/y？/ww
不/d是/vshi，/wd他/rr来/vf是/vshi做/v事情/n，/wd他/rr不/d是/vshi有/vyou那个/rz创业/vn项目/n嘛/y。/wj
他/rr反正/d要/v来/vf杭州/ns做/v点/qt事情/n，/wd他/rr反正/d要/v过来/vf嘛/y，/wd那/rzv就/d一起/s吃饭/vi坐/v下来/vf聊聊/v呗/y！/wt
不/d是/vshi，/wd你/rr俩/m个/q多/a长时间/n没/d见面/vi了/y啊/y？/ww
一年/m？/ww
一年/m半/m。/wj
不/d是/vshi那/rzv一/m次/qv？/ww
那/rzv一/m次/qv不/d是/vshi，/wd是/vshi某个/rz假期/t的/ude1时候/n见/v过/uguo一/m面/q。/wj
但/c那/rzv也/d是/vshi一年/m或者/c一年/m半/m之前/f了/y吧/y！/wt
哦/e，/wd行/vi啊/y，/wd多/a和/cc他/rr聊聊/v，/wd聊聊/v国外/s的/ude1国情/n啊/y！/wt
我/rr觉得/v，/wd我/rr还是/d很/d了解/v国外/s的/ude1，/wd很多/m人/n跟/p我/rr聊/v国外/s呀/y！/wt
但是/c，/wd越来越/d向往/v，/wd怎么办/ryv啊/y？/ww
谁/ry啊/y？/ww
我/rr啊/y！/wt
我/rr说/v越/d聊/v越/d向往/v啊/y！/wt
你/rr说/v你/rr越来越/d想/v出国/vi了/y啊/y？/ww
嗯/e，/wd我/rr觉得/v现在/t太/d平淡/a了/vi，/wd过/vf了/ule一年/m多/m一样/uyy的/ude1生活/vn。/wj
生活/vn需要/n点/qt新/a的/ude1东西/n。/wj
哎/e，/wd那/c他/rr爸/n妈/n是/vshi干什么/vi的/ude1呀/y？/ww
他/rr爸/n是/vshi教授/n啊/y。/wj
山大/nz的/ude1吗/y？/ww
山大/nz还/d是/vshi山师/nz的/ude1。/wj
已经/d很/d牛逼/a了/ule好/a吗/y！/wt
哎/e吆/v，/wd他/rr爸/n妈/n都/d是/vshi教授/n吗/y？/ww
好像/v是/vshi的/ude1吧/y！/wt
当时/t他/rr出国/vi也/d不/d是/vshi考/v出去/vf的/ude1吧/y？/ww
他/rr是/vshi的/ude1呀/y！/wt
啊/y？/ww
他/rr是/vshi自己/rr考/v还/d是/vshi拿/v钱/n出去/vf的/ude1呀/y？/ww
自己/rr考/v，/wd但/c他/rr有/vyou奖学金/n的/ude1！/wt
但是/c好像/v，/wd我/rr忘记/v了/y，/wd好像/v不/d是/vshi全/a奖/n，/wd但是/c有/vyou奖学金/n。/wj
他/rr高/a几/m走/v的/ude1呀/y？/ww
高/a二/m走/v的/ude1吗/y？/ww
高/a三/m啊/y！/wt
高/a三/m走/v的/ude1，/wd哦/e！/wt
他/rr不/d是/vshi高/a三/m本来/d要/v去/vf新加坡/ns，/wd后来/t也/d没/v去/vf，/wd去/vf了/ule美国/nsf。/wj
原先/d你/rr俩/m在/p一/m个/q班/n里/f吗/y？/ww
不/d在/p一/m个/q班/n，/wd就/d认识/v而已/y。/wj
哦/e，/wd行/vi啊/y！/wt
这/rzv孩子/n我/rr估计/v将来/t也/d回/v不/d来/vf了/ule是/vshi吧/y？/ww
我/rr觉得/v他/rr还是/d有/vyou可能/n回来/v的/ude1，/wd就是/d看/v他/rr在/p美国/nsf发展/v的/ude1怎么样/ryv了/y吧/y！/wt
其实/d我/rr个人/n觉得/v，/wd对于/p中国/ns人/n来说/uls啊/y，/wd就/d是/vshi那种/r你/rr从/p高中/n能/v出去/vf，/wd在/p外面/f工作/vi一/m段时间/n，/wd回国/vi发展潜力/n还/d是/vshi蛮/d大/a的/ude1。/wj
其实/d，/wd未来/t发展/v很/d多/a机会/n还是/c在/p中国/ns吧/y。/wj
我/rr给/p举/v个/q例子/n啊/y，/wd我/rr实习/v的/ude1时候/n有/vyou个/q老板/n，/wd就/d是/vshi他/rr算是/v我/rr实习/v的/ude1导师/n。/wj
他/rr就/d说/v美国/nsf生/v的/ude1中国/ns人/n，/wd但/c我/rr觉得/v他/rr应该/v是/vshi第二/m代/q或者/c第三/m代/q了/y，/wd就/d是/vshi家里/s已经/d在/p美国/nsf呆/v了/ule很/d久/a了/y。/wj
从/p美国/nsf出生/vi，/wd在/p美国/nsf长大/vi，/wd会/v中文/nz，/wd在/p美国/nsf念书/vi。/wj
他/rr进/vf了/ule公司/n之后/f，/wd就/d有/vyou机会/n可以/v交换/v到/v这/rzv边/k的/ude1office/x嘛/y，/wd然后/c他/rr就/d过来/vf了/y。/wj
。/wj
。/wj
我/rr手机/n要/v没/v电/n了/y。/wj
我/rr的/ude1也/d要/v没/v电/n了/y。/wj
你/rr手机/n挺/d好/a的/ude1。/wj
然后/c他/rr就/d申请/v调/v到/v这边/rzs来/vf了/y，/wd然后/c他/rr就/d升/v的/ude1特别/d快/a。/wj
他/rr是/vshi公司/n升/v的/ude1最/d快/a的/ude1manager/x。/wj
机会/n还是/c在/p中国/ns啊/y，/wd他/rr在/p美国/nsf就/d不/d一定/d有/vyou这个/rz优势/n啊/y。/wj
他/rr做/v了/ule几/m年/qt了/y啊/y？/ww
他/rr，/wd七年/m？/ww
具体/a的/ude1我/rr不/d太/d清楚/a。/wj
他/rr很/d年轻/a啊/y！/wt
他/rr应该/v，/wd反正/d看/v着/uzhe就/d刚刚/d三十/m出头/vi。/wj
反正/d他/rr是/vshi从/p美国/nsf洛杉矶/nsf办公室/n调/v到/v这/rzv边/k的/ude1。/wj
然后/c还有/v很多/m人/n，/wd比如说/vl从/p伦敦/nsf啊/y也/d往/p这边/rzs走/v。/wj
那/c他们/rr是/vshi觉得/v到/v中国/ns来/f是/vshi发展/v快/a啊/y还/d是/vshi压力/n小/a啊/y？/ww
发展/v快/a，/wd我/rr觉得/v是/vshi。/wj
压力/n小/a？/ww
压力/n，/wd我/rr不好/ad说/v。/wj
但是/c肯定/d是/vshi比/p别人/rr快/a的/ude1，/wd因为/c他/rr比/p别人/rr有/vyou优势/n。/wj
接触/v的/ude1国外/s的/ude1教育/vn嘛/y，/wd又/d会/v中文/nz，/wd而且/c很/d多/a这种/r外企/n嘛/y，/wd他/rr是/vshi国外/s的/ude1老板/n，/wd所以/c你/rr可以/v升/v的/ude1更/d快/a一点/m。/wj
嗯/e。/wj
你/rr到/v寝室/n了/y吗/y？/ww
我/rr到/v寝室/n了/y。/wj
咦/e，/wd我/rr的/ude1耳机/n呢/y？/ww
怎么/ryv了/y？/ww
没事儿/v，/wd我/rr找/v不/d到/v我/rr的/ude1耳机/n了/y。/wj
嗯/e，/wd那/c你/rr挂/v了/ule吧/y！/wt
好好/d找/v。/wj
行/v，/wd那/c我/rr一会儿/mq上/f个/q网/n吧/y！/wt
嗯/e，/wd你/rr多/d喝/vg点水/n，/wd宝贝/n。/wj
啊/y？/ww
不/d是/vshi吧/y？/ww
你/rr耳机/n掉/v哪里/rys了/y？/ww
我/rr没/d拿/v出来/vf啊/y！/wt
完了/vi，/wd不/d会/v又/d掉/v了/ule吧/y？/ww
你/rr上课/vi的/ude1哪里/rys啊/y？/ww
嗯/e，/wd应该/v不/d会/v没/v了/ule吧/y。/wj
好/d讨厌/a啊/y！/wt
耳机/n就/d是/vshi上网/v用/v的/ude1那个/rz吗/y？/ww
听/v音乐/n啊/y，/wd上网/v啊/y，/wd讲/v电话/n啊/e都/d用/v那/rzv个/q。/wj
还/d能/v配/v一/m个/q吗/y？/ww
能/v啊/y，/wd但是/c还/d要/v从/p网上/s买/v，/wd嫌/v麻烦/an。/wj
那个/rz多少/ry钱/n一个/mq啊/y？/ww
那/rzv倒/d是/vshi不/d贵/a的/ude1，/wd几/m十/m块/q一/m个/q吧/y。/wj
那/c你/rr再/d找/v找/v看/v吧/y！/wt
