那/rzv也/d有/vyou一些/mq人/n是/vshi从/pfurnituremall/x里/f体验/v过/uguo了/y，/wd他/rr知道/v网上/s其实/d也/d有/vyou这家/r网/n店/n。/wj
那/c他/rr就/d会/v回去/v看/v说/v，/wd这家/r网/n店/n的/ude1价格/n会/v不/d会/v便宜/a一点/m，/wd如果/c便宜/a的/ude1话/n我/rr就/d从/p网上/s买/v。/wj
那/rzv还/d有/vyou，/wd就/d是/vshi，/wd还有/v一些/mq什么/ry情况/n啊/y？/ww
还有/v一些/mq情况/n呢/y，/wd就/d是/vshi他/rr可能/v永远/d都/d不/d会/v从/p网/n店/n上/f买/v，/wd他/rr觉得/v可能/v网/n店/n上/f我/rr没有/d体验/v过/uguo，/wd也/d不/d可能/v买/v这种/r东西/n。/wj
或者/c有/vyou一些/mq人/n，/wd已经/d跑/v过/uguo很多/m家具城/n了/y，/wd也/d对/p一些/mq品牌/n有/vyou了解/v了/y，/wd说/v“/wyz我/rr就/d想/v买/v这个/rz。/wj
”/wyy但是/c呢/y，/wd我/rr就是/d想/v看看/v这个/rz牌子/n网上/s有/vyou没/d有/vyou买/v，/wd有/vyou没/d有/vyou打折/vn。/wj
如果/c看到/v差不多/al的/ude1东西/n，/wd网上/s便宜/a了/y，/wd你/rr会/v在/p网上/s下/f单/d吗/y？/ww
还是/c说/v“/wyz嗯/e，/wd怎么/ryv着儿/n我/rr都/d不/d放心/v，/wd我/rr还是/d要/v眼见为实/vl。/wj
然后/c躺/v下/f来/vf，/wd心里/s有/vyou个/q把握/v才/d会/v下/vf单/ng，/wd因为/c毕竟/d是/vshi万/m把/pba块/q钱/n的/ude1东西/n。/wj
”/wyy哪/ry一/m种/q情况/n毕竟/d多/a？/ww
还有/v就/d是/vshi，/wd如果/c他们/rr说/v不/d会/v去/vf网上/s购买/v，/wd那/c他们/rr的/ude1顾虑/n是/vshi什么/ry啊/y？/ww
是/vshi说/v怕/v售/v后/f啊/y？/ww
还是/c物流/n啊/e什么/ry的/ude1？/ww
嗯/e，/wd好/a。/wj
好/a呀/y！/wt
这个/rz就/d是/vshi主要/b的/ude1要/v问/v的/ude1一些/mq重点/n。/wj
就/d是/vshi说/v一方面/c你/rr要/v看/v，/wd另一方面/c呢/y你/rr要/v跟/p这/rzv两/m类/q人/n聊/v，/wd然后/c呢/y，/wd你/rr要/v拍照/vi。/wj
拍照/vi有/vyou一些/mq要求/n吗/y？/ww
还/d是/vshi怎么样/ryv？/ww
如果/c你/rr看到/v有/vyou什么/ry外/f墙体/n的/ude1广告/n，/wd比如说/vl你/rr去/vf月/n星/n，/wd还/d没/v进/vf门前/s，/wd她/rr那边/rzs就/d已经/d有/vyou大幅/b的/ude1广告/n了/y，/wd你/rr就/d把/pba它/rr拍/v下来/vf。/wj
然后/c呢/y，/wd如果/c那个/rz，/wd店面/n有/vyou什么/ry特别/a的/ude1地方/n，/wd刚刚/d讲/v了/y，/wd舒/vg达/v店面/n门口/s放/v着/uzhe两/m只/q小/a羊/n，/wd这个/rz就/d是/vshi与众不同/vl的/ude1地方/n。/wj
可能/v你/rr过去/t看见/v慕思凯/nr奇/ag那边/rzs有/vyou个/q老爷爷/n坐/v在/p那里/rzs，/wd像/v肯德基/nz一样/uyy的/ude1那/rzv种/q标志/n，/wd这个/rz也/d是/vshi很/d特别/a的/ude1。/wj
诸如此类/bl，/wd如果/c你/rr看/v到/v有些/rz很/d特别/a的/ude1地方/n，/wd你/rr也/d给/p他/rr拍/v下来/vf。/wj
然后/c呢/y，/wd嗯/e，/wd然后/c你/rr尽量/d就/d是/vshi进/vf门/n之前/f的/ude1整体/n感觉/n，/wd包括/v门面/n和/cclogo/x也/d拍/v一/m个/q，/wd因为/c想/v看/v一下/mq比如说/vl，/wd作为/v一个/mq消费者/n，/wd你/rr还/d没/v进/vf门/n之前/f你/rr想/v不/d想/v进/vf门/n。/wj
就/p这个/rz感觉/n。/wj
店面/n装饰/n的/ude1有/vyou没/d有/vyou吸引力/n，/wd就是/v这样/rzv。/wj
那/c我们/rr这个/rz每/rz一个/mqfurnituremall/x的/ude1这个/rzquota/x是/vshi多少/ry？/ww
就/d是/vshi你/rr要/v跟/v多少/ry人/n聊/v？/ww
嗯/e，/wd我们/rr希望/v每/rz一个/mq家具城/n，/wd你/rr能/v聊/v一/m到/v两/m个/q店员/n和/cc两/m个/q消费者/n。/wj
‘/wyz每个/r家具城/n里/f？/ww
对/v。/wj
好/a的/ude1。/wj
所以/c你/rr逛/v，/wd比如说/vl杭州/ns逛/v四/m个/q家具城/n，/wd你/rr就/d要/v聊/v四/m个/q店员/n，/wd四/m个/q消费者/n。/wj
嗯/e，/wd等/v着/uzhe，/wd就/d是/vshi说/v每/rz一个/mq家具城/n聊/v一/m到/v两/m个/q店员/n和/cc一/m到/v两/m个/q消费者/n。/wj
这/rzv，/wd我/rr就是/d想/v问/v，/wd这/rzv一/m到/v两/m个/q店员/n和/cc一/m到/v两/m个/q消费者/n，/wd他们/rr两/m个/q必须/d对应/vi的/ude1是/vshi同/p一/m个/q品牌/n下面/f的/ude1店/n吗/y？/ww
不/d需要/v，/wd不/d一定/d。/wj
哦/e，/wd但是/c这个/rz，/wd一定/d要/v是/vshi，/wd比如说/vl你/rr采访/v这个/rz消费者/n，/wd不/d能/v说/v你/rr在/p楼梯/n里/f找/v一个/mq人/n来/vf采访/v，/wd而是/c说/v一定/d要/v去/vf。/wj
你/rr比如说/vl你/rr去/vf逛/v舒/ag达/v的/ude1店/n了/y，/wd然后/c你/rr看到/v有/vyou消费者/n在/p逛/v舒达/n的/ude1店/n了/y，/wd然后/c你/rr让/v这样/rzv的/ude1消费者/n，/wd你/rr去/vf进行/vx访谈/vn。/wj
你/rr明白/v吗/y？/ww
嗯/e，/wd我/rr懂/v，/wd就/d是/vshi潜在/b顾客/n。/wj
对/p对/p对/p，/wd嗯/e，/wd包括/v店员/n的话/udh，/wd也/d是/vshi要/v在/p我们/rr那些/rz品牌/n里面/f找/v两/m个/q店员/n来/vf聊/v一下/mq。/wj
嗯/e，/wd好/a的/ude1。/wj
好/a，/wd那/c我们/rr也/d把/pba情况/n给/p你/rr说/v一下/mq吧/y。/wj
像/p这样/rzv的/ude1家具城/n，/wd周末/t不/d知道/v是/vshi什么/ry情况/n，/wd反正/d周一/t到/v周/nr1五/m人/n是/vshi很/d少/a的/ude1。/wj
这个/rz呢/y，/wd一个/mq好处/n就/d是/vshi说/v你/rr可以/v跟/p店员/n有/vyou比较/d多/a的/ude1时间/n聊/v，/wd那/rzv一/m个/q坏处/n呢/y就/d是/vshi说/v你/rr可能/v比较/d难/ad找/v到/v这个/rz消费者/n。/wj
嗯/e。/wj
嗯/e，/wd还有/v呢/y，/wd就是/v我们/rr做/v这个/rz访谈/vn都/d是/vshi可以/v付费/v的/ude1，/wd是/vshi五十/m块/q钱/n一个/mq。/wj
然后/c这种/r访谈/vn嘛/y，/wd你/rr就/d控制/v一下/mq时间/n，/wd反正/d半/m个/q小时/n之内/f，/wd二三十/m分钟/q结束/v。/wj
需要/v半/m个/q小时/n吗/y？/ww
嗯/e，/wd差不多/al。/wj
反正/d二三十分/m钟/n结束/v，/wd你/rr就/d付给/v人家/rr五十/m块/q钱/n。/wj
好/a的/ude1，/wd嗯/e。/wj
还有/v就/d是/vshi说/v，/wd你/rr要/v进去/vf，/wd尤其/d因为/p你/rr要/v跟/p店员/n聊/v嘛/y。/wj
反正/d就/d是/vshi，/wd我/rr不/d知道/v你/rr的/ude1经验/n是/vshi怎么样/ryv，/wd你/rr有/vyou进去/vf你/rr就/d明说/v是/vshi我们/rr公司/n的/ude1吗/y？/ww
还/d是/vshi怎么样/ryv？/ww
嗯/e，/wd关于/p我们/rr是/vshi谁/ry，/wd我/rr这样/rzv子/ng的/ude1，/wd我/rr今天/t上午/tshow/x身份/n了/y。/wj
就/d是/vshi我/rr都/dshow/x身份/n了/y，/wd但是/c我/rr觉得/v我/rr把/pba我/rr的/ude1身份/n有/vyou一半/m是/vshi模/ng糊/a化/k的/ude1。/wj
我/rr觉得/v这个/rz要/v看/v情况/n，/wd就是/v我/rr刚/d开始/v的/ude1时候/n访问/v了/ule一个/mq人/n，/wd是/vshi客户/n。/wj
但是/c因为/p我/rr是/vshi跟/p他/rr在/p走廊/n里/f碰到/v的/ude1，/wd最后/f我/rr就/d跟/p他/rr亮/vi了/ule身份/n，/wd我/rr说/v我/rr是/vshi来/vf做/v调研/vn的/ude1。/wj
然后/c开始/v问/v了/y，/wd他/rr态度/n很/d好/a。/wj
但是/c那个/rz店员/n呢/y，/wd刚好/d他/rr在/p店/n里面/f，/wd然后/c一个/mq客人/n都/d没有/v，/wd刚好/d他/rr空/v着/uzhe，/wd我/rr进去/vf也/d亮/a身份/n了/y，/wd但是/c我/rr进/vf另外/rz一个/mq店/n的/ude1时候/n，/wd店员/n跟/p客人/n正/d在/p激烈/a的/ude1交谈/vi着/uzhe。/wj
我/rr就/d直接/ad进去/vf他们/rr的/ude1对话/vn了/y。/wj
对/p，/wd这个/rz，/wd就是/v这个/rz的/ude1话/n你/rr就/d随机应变/vl吧/y。/wj
反正/d你/rr也/d有/vyou过/uguo这样/rzv的/ude1经验/n嘛/y。/wj
我/rr相信/v你/rr也/d可以/v的/ude1。/wj
反正/d我们/rr之前/f，/wd我们/rr之前/f也/d做/v过/uguo床垫/n项目/n，/wd他们/rr之前/f的/ude1经验/n也/d是/vshi这样/rzv。/wj
就/d是/vshi说/v你/rr如果/c看/v店员/n比较/d闲/v，/wd他/rr比较/d有/vyou时间/n的/ude1话/n，/wd你/rr就/d直接/ad跟/v他/rr亮/vi明/ag身份/n，/wd你/rr其实/d就/d是/vshi来/vf做/v这个/rz研究/vn的/ude1，/wd你/rr想/v跟/p他/rr聊聊/v，/wd然后/c你/rr也/d可以/v付费/v，/wd然后/c也/d不/d会/v耽误/v他/rr太/d长时间/n。/wj
