喝/vg点水/n啊/y，/wd宝贝/n。/wj
你/rr去/vf上课/vi的/ude1时候/n再/d问问/v人家/n！/wt
好/a，/wd那/c我/rr挂/v了/ule啊/y！/wt
嗯/e，/wd挂/v了/ule吧/y！/wt
拜拜/v。/wj
拜拜/v。/wj
﻿我/rr觉得/v这个/rz比较/d空/a，/wd这个/rz专业/n。/wj
国际/n关系/n，/wd国际/n关系/n这/rzv方面/n。/wj
这个/rz跟/p经贸/b没/v啥/ry关系/n吧/y，/wd这/rzv跟/p外交/n什么/ry，/wddiplomatics/x。/wj
其实/d我/rr觉得/v跟/p英语/nz专业/n学习/v的/ude1东西/n可能/v关系/n都/d不/d大/a。/wj
diplomatics/x很/d好/a的/ude1。/wj
而且/c我/rr自己/rr对/p这个/rz比较/d感/vg兴趣/n。/wj
利兹/nsf有/vyou没/d有/vyou这个/rz专业/n？/ww
我/rr没有/d了解/v过/uguo。/wj
同传/v好像/v，/wd同传/v你/rr感/vg兴趣/n吗/y？/ww
我/rr是/vshi学/v英语/nz的/ude1，/wd我/rr翻译/v，/wd不/d是/vshi特别/d深/a，/wd相/d我们/rr这/rzv一/m届/q的/ude1话/n有/vyou专门/b的/ude1英语/nz专业/n和/cc翻译/vn专业/n。/wj
它/rr大学/n同传/v很/d好/a的/ude1。/wj
因为/p我/rr去/vf过/uguo那里/rzs，/wd那个/rz时候/n，/wd怎么/ryv来/vf着/uzhe，/wd它/rr有/vyou一个/mq专门/b的/ude1同传/v专业/n，/wd是/vshi跟/p欧盟/n有关/vn的/ude1，/wd它/rr那些/rz教师/n都/d是/vshi欧盟/n的/ude1资深/b翻译/n过/uguo，/wd就/d简/ag建制/n的/ude1。/wj
我/rr听/v我/rr室友/n说/v过/uguo，/wd他/rr是/vshi学/v翻译/n的/ude1。/wj
是的/vl。/wj
他/rr说/v欧盟/n那些/rz翻译官/n之类/rz的/ude1，/wd就/d像/v我们/rr学院/n那个/rz朱晓宇/nr老师/n，/wd他/rr以前/f就/d是/vshi。/wj
他/rr做/v过/uguo，/wd他/rr去/vf过/uguo欧盟/n，/wd他/rr培训/v了/ule三/m个/q月/n。/wj
他/rr那个/rz时候/n比较/d早/a。/wj
他/rr很/d早/a，/wd他/rr去/vf的/ude1时候/n可能/v只/d有/vyou，/wd他/rr有/vyou可能/n是/vshi零/m几/m年/qt，/wd肯定/d是/vshi2009年/m之前/f，/wd我/rr去/vf的/ude1时候/n，/wd已经/d去/vf做/v过/uguo同传/v了/y。/wj
有/vyou三/m个/q，/wd一个/mq朱小玉/nr，/wd一个/mq（/wkz高微/nr）/wky，/wd还有/v一个/mq谁/ry，/wd反正/d是/vshi三/m个/q。/wj
外交/n不/d知道/v，/wd大学/n里/f有/vyou没/d有/vyou，/wd你/rr可以/v去/vf查/v一下/mq，/wd因为/c它/rr里面/f有/vyou几/m个/q文科/n专业/n，/wd那/c你/rr现在/t是/vshi申请/v什么样/ryv的/ude1专业/n？/ww
学校/n，/wd因为/c要/v拉开/v差距/n，/wd现在/t冲/v的/ude1是/vshi伦敦/nsf政/ng经/ng，/wd伦敦/nsf政治/n经济/n学院/n，/wd那个/rz比较/d难/a，/wd还有/v伦敦/nsf大学/n也/d在/p申/vg，/wd另外/c再/d申/vg那个/rz，/wd就/d希望/v比较/d有/vyou安全感/n的/ude1一点/m的/ude1像/n爱丁堡/nsf也/d在/p申/vg。/wj
爱丁堡/nsf很/d好/a的/ude1。/wj
爱丁堡/nsf很/d好/a。/wj
就/d是/vshi说/v它/rr的/ude1排名/vn上/f稍微/d差/a一点/m，/wd它/rr学校/n是/vshi好/a学校/n的/ude1。/wj
就/p你/rr申请/v的/ude1那/rzv个/q专业/n差/a，/wd整个/b学校/n非常/d好/a。/wj
我/rr到/v爱丁堡/nsf去/vf玩/v的/ude1时候/n，/wd经过/p爱丁堡/nsf大学/n的/ude1法律/n学院/n、/wn医学院/n，/wd非常/d漂亮/a，/wd很/d古老/a，/wd达尔文/nrf就/d在/p那边/rzs。/wj
医学院/n学习/vn。/wj
我/rr到/v时候/n也/d写/v论文/n，/wd写/v不/d出来/vf。/wj
他们/rr去/vf过/uguo，/wd我/rr在/p电视/n上/f看/v过/uguo达尔文/nrf在/p这边/rzs写/v。/wj
达尔文/nrf的/ude1外祖父/n也/d在/p那个/rz学校/n过/uguo的/ude1。/wj
我/rr记得/v他/rr以前/f学/v的/ude1是/vshi神学/n。/wj
不/d，/wd他/rr是/vshi学/v医学/n，/wd他/rr是/vshi这/rzv样子/n，/wd他/rr去/vf了/y，/wd去/vf了/ule之后/f他/rr就/d发现/v那个/rz解剖学/n讲/v的/ude1居然/d是/vshi他/rr爷爷/n时候/n用/v过/uguo的/ude1，/wd这/rzv下/f子/ng他/rr就/d彻底/ad反感/v了/y，/wd怎么/ryv一成不变/vl，/wd他/rr爷爷/n时候/n的/ude1东西/n怎么/ryv现在/t还/d用/v，/wd那个/rz手术/n机械/n也/d不好/a，/wd他/rr就/d不/d要/v读/v了/y。/wj
他/rr不/d要/v读/v了/y，/wd他/rr的/ude1父亲/n大概/d给/p他/rr转/v到/v剑桥/nsf大学/n，/wd他/rr开始/v学/v神学/n。/wj
他/rr在/p爱丁堡/nsf大学/n，/wd还有/v曼彻斯特/nsf，/wd曼彻斯特/nsf大学/n没有/v爱丁堡/nsf有名/a。/wj
我/rr在/p利兹/nsf，/wd利兹/nsf离/v曼彻斯特/nsf很/d近/a，/wd一个/mq多/a小时/n，/wd我/rr回来/v就是/d到/v曼彻斯特/nsf坐/v火车/n的/ude1，/wd曼彻斯特/nsf再/d飞/vi回来/v。/wj
曼彻斯特/nsf就是/v你/rr去/vf的/ude1话/n，/wd一个/mq曼彻斯特/nsf，/wd一个/mq伦敦/nsf最/d方便/a，/wd因为/c就/d是/vshi东航/n什么/ry的/ude1，/wd爱丁堡/nsf的/ude1话/n就/d要/v转机/n了/y。/wj
曼彻斯特/nsf方便/v，/wd回家/vi方便/an。/wj
像/p你们/rr到/v上海/ns浦东/ns。/wj
然后/c动车/n回来/v，/wd很/d方便/a。/wj
曼彻斯特/nsf最/d方便/a，/wd曼彻斯特/nsf、/wn伦敦/nsf这/rzv两/m个/q地方/n最/d方便/a，/wd别的/rzv地方/n要/v转/v。/wj
学校/n如果/c好/a的/ude1话/n，/wd要是/c转/v一/m转/v也/d行/vi。/wj
但是/c你/rr转来转去/vl，/wd很/d烦/a的/ude1，/wd托/v着/uzhe行李/n，/wd这个/rz满/a不/d方便/a的/ude1，/wd出门/vi什么/ry的/ude1，/wd它/rr这个/rz预约/vn就/d好/a，/wd不/d像/v我们/rr这样/rzv。/wj
我/rr准备/v像/p英国/ns当地/s人/n，/wd骑/v自行车/n。/wj
骑/v自行车/n，/wd曼彻斯特/nsf叫/vi慢/a城/n，/wd慢/a城/n，/wd伦敦/nsf可能/v好/a骑/v，/wd其实/d利兹/nsf的话/udh，/wd有些/rz有/vyou山坡/n，/wd比较/d难/ad骑/v。/wj
骑/v自行车/n可以/v，/wd在/p英国/ns开车/vi不行/a的/ude1，/wd很/d贵/a的/ude1。/wj
不/d会/v开/v。/wj
那/c你/rr可以/v学学/v啊/y。/wj
拿到/v驾照/n了/ule我/rr开/v得/ude3不好/a，/wd我/rr妈/n不/d让/v我/rr上/f论/v。/wj
慢慢/d开/v。/wj
但是/c在/p英国/ns比较/d难/ad开/v，/wd它/rr左手/n开/v的/ude1，/wd得/v反应/vn反应/vn，/wd英国/ns得/v反应/vn反应/vn。/wj
那个/rz教练/n问/v呢/y，/wd你/rr几/m岁/qt，/wd那/rzv个/q人/n说/v他/rr40/m岁/qt，/wd40/m岁/qt太/d老/a了/ule不/d要/v了/y，/wd年轻/a的/ude1学学/v有意思/al，/wd教练/n不/d肯/v教/ng，/wd很/d难/ad学/v。/wj
像/p你们/rr这种/r小姑娘/n学学/v容易/a的/ude1。/wj
就/d是/vshi排名/vi的/ude1的话/udh，/wd伦敦/nsf学院/n像/p这些/rz都/d比较/d好/a，/wd像/p伦敦/nsf学院/n，/wd爱丁堡/nsf还/d算/v差/a，/wd在/p伦敦/nsf区/n的/ude1话/n，/wd这/rzv还/d算/v满/a好/a的/ude1。/wj
那个/rz我/rr就/d放弃/v了/y，/wd不/d可能/v。/wj
那年/t在/p中国/ns也/d招/v这么/rz点/qt人/n，/wd特别/a国际/n关系/n这/rzv块/q竞争/vn挺/d激烈/a的/ude1。/wj
你/rr去/vf读/v什么/ry的/ude1，/wd一年/m还是/c两年/m，/wd还/d是/vshi读/v那个/rz呢/y？/ww
可能/v是/vshiMPA/x，/wdMPA/x或者/c是/vshiMSC/x，/wd就/d一年/m的/ude1那/rzv种/q。/wj
一年/m的/ude1就是/v，/wd不/d知道/v现在/t英国/ns的/ude1政策/n是/vshi什么样/ryv，/wd我/rr当时/t在/p英国/ns的/ude1政策/n，/wd你/rr读/v一年/m以后/f，/wd可以/v在/p英国/ns滞留/v两年/m，/wd然后/c给/p你/rr找/v工作/vn，/wd现在/t不/d知道/v有/vyou多/m长时间/n可以/v滞留/v。/wj
没关系/vl，/wd到/v时候/n再/d看/v。/wj
当时/t比较/d好/a，/wd就/d是/vshi一年/m读/v完/vi之后/f，/wd还/d可以/v给/p你/rr一个/mq滞留/v时间/n，/wd你/rr可以/v再/d找/v工作/vn。/wj
现在/t的/ude1话/n，/wd一般/ad就/d是/vshi滞留/v的话/udh，/wd你/rr得/v出去/vf打工/vi什么/ry的/ude1，/wd到/v超市/n打工/vi或者/c商店/n打工/vi，/wd可以/v维持/v生活/vn的/ude1，/wd房间/n合/vd租/v啊/e什么/ry的/ude1都/d可以/v的/ude1，/wd但/c好像/v这个/rz政策/n取消/v了/y。/wj
它/rr学费/n也/d可能/v贵/a一点/m了/y，/wd有/vyou没/d有/vyou涨/vi一点/m。/wj
我/rr不/d知道/v以前/f的/ude1情况/n怎么样/ryv。/wj
我/rr女儿/n2010年/m升/q的/ude1，/wd她/rr是/vshi被/pbei利兹/nsf大学/n录取/v的/ude1。/wj
我/rr也/d在/p申申/nr。/wj
利兹/nsf是/vshi个/q小/a地方/n，/wd但是/c威廉/nrf王子/n他/rr看到/v王妃/n。/wj
看/v在/p王室/n的/ude1份/q上进/a的/ude1。/wj
他们/rr说/v不光/c是/vshi皇室/n，/wd美国/nsf一些/mq贵族/n什么/ry的/ude1，/wd有/vyou钱/n人/n都/d到/v那里/rzs，/wd虽然/c那/rzv是/vshi个/q小/a地方/n，/wd本来/d也/d是/vshi一年/m的/ude1，/wd后来/t没/d去/vf，/wd学费/n也/d满/a贵/a的/ude1。/wj
