（/wkz00：08：54/m）/wky是/vshi个/q好/a大学/n，/wd但是/c那/rzv地方/n小/a，/wd气/n侯/ng也/d不/d太/d好/a，/wd因为/c它/rr是/vshi苏格兰/nsf，/wd苏格兰/nsf的/ude1气/n侯/ng很/d不好/a，/wd经常/d下/vf雨/n。/wj
而且/c冷/a。/wj
冷/a，/wd它/rr是/vshi湿/a，/wd他们/rr苏格兰/nsf人/n穿/v裙子/n，/wd不/d穿/v裤子/n。/wj
还有/v一个/mq伦敦/nsf，/wd不/d是/vshi，/wdUCO/x。/wj
伦敦/nsf大学/n学院/n伦敦/nsf大学/n学院/n挺/d好/a的/ude1。/wj
那个/rz前/f五/m。/wj
那个/rz伦敦/nsf学院/n好/a，/wd伦敦/nsf的/ude1都/d不错/a。/wj
伦敦/nsf还/d好评/n，/wd我/rr之前/f有/vyou同学/n申/vg到/v那/rzv。/wj
伦敦/nsf还/d不错/a，/wd爱丁堡/nsf那个/rz地方/n主要/d是/vshi气/n侯/ng不好/a，/wd物价/n是/vshi便宜/a的/ude1。/wj
他们/rr说/v是/vshi这样/rzv子/ng的/ude1，/wd因为/c我/rr去/vf的/ude1时候/n，/wd去/vf了/ule半/m年/qt就/d回来/v了/y，/wd一个/mq奖学金/n去/vf的/ude1。/wj
中文/nz就/d是/vshi世界/n大学/n联盟/n吧/y，/wd它/rr跟/p我们/rr还/d算/v是/vshi合作/v的/ude1一个/mq关系/n。/wj
但是/c通常/d来讲/uls这个/rz费用/n自己/rr出/vf，/wd自己/rr出/vf。/wj
我/rr去/vf了/ule半/m年/qt在/p那个/rz地方/n，/wd然后/c在/p那/rzv呆/v了/y，/wd有/vyou一个/mq博/b后/f在/p那/rzv呆/v了/ule五年/m，/wd他/rr告诉/v我/rr，/wd英国/ns的/ude1物价/n越/d往/p南越贵/nr。/wj
那/rzv个/q在/p中间/f，/wd还/d可以/v，/wd慢/a城/n可能/v是/vshi大/a城市/n，/wd虽然/c北/f一点/m，/wd但是/c物价/n也/d不/d贵/a，/wd还/d可以/v，/wd慢/a城/n，/wd但是/c苏格兰/nsf物价/n是/vshi便宜/a的/ude1，/wd不/d太/d好/a控制/vn。/wj
我/rr在/p飞机/n上/f碰到/v一个/mq一个/mq职员/n，/wd是/vshi斯里兰卡/nsf的/ude1，/wd他/rr告诉/v我/rr的/ude1，/wd利兹/nsf比较/d好/a，/wd慢/a城/n那边/rzs有/vyou个/q小/a山/n，/wd把/pba那个/rz雨水/n挡住/v，/wd在/p慢/a城/n以北/f，/wd在/p利兹/nsf以北/f气/n侯/ng都/d不好/a，/wd比较/d阴冷/a，/wd在/p兹南/nrf就/d好/a了/y，/wd伦敦/nsf在/p南边/f，/wd所以/c那边/rzs的/ude1气/n侯/ng比较/d好/a，/wd因为/c湿/a冷/a是/vshi很/d难/ad受/v的/ude1，/wd很/d不/d舒服/a。/wj
而且/c苏格兰/nsf天/n黑/a得/ude3很/d早/a，/wd三四点/m天/qt就/d黑/a了/y，/wd不/d大/a喜欢/vi那/rzv。/wj
在/p爱丁堡/nsf有/vyou个/q教授/n，/wd不/d过/uguo不/d是/vshi一个/mq很/d有名/a的/ude1大学/n，/wd马特/nrf大学/n，/wd不/d是/vshi很/d有名/a的/ude1大学/n及/cc排名/vi排/v不/d到/v，/wd但是/c也/d是/vshi排/v前/f五六十/m名/q的/ude1大学/n，/wd他/rr太太/n那/rzv时候/n我们/rr出去/vf告诉/v我们/rr，/wd到/p冬天/t得/v忧郁/a症/k的/ude1人/n很/d多/a，/wd因为/p下午/t三点/m钟/n以后/f没/v太阳/n，/wd天/qt黑/a得/ude3很/d早/a，/wd阴冷/an，/wd有些/rz人/n得/ude3忧郁/a症/ng了/y。/wj
总/b的/ude1来讲/vi，/wd伦敦/nsf附近/f比较/d好/a，/wd而且/c又/d是/vshi它/rr的/ude1活动/vn也/d特别/d多/a。/wj
对/p，/wd夜生活/n丰富/a。/wj
对/p，/wd比如说/vl哈/b姆/x王妃/n，/wd那个/rz威廉/nrf王子/n大/a婚/ng等等/udeng，/wd这种/r热闹/a的/ude1场合/n，/wd这种/r活动/vn很/d多/a。/wj
苏格兰/nsf那边/rzs很/d安静/a，/wd但/c苏格兰/nsf北面/f的/ude1人/n好像/v跟/p我们/rr这里/rzs一样/uyy，/wd北方/s的/ude1人/n好像/v比较/d纯朴/a、/wn厚道/a，/wd基本/ad是/vshi这/rzv样子/n。/wj
1/a/x把/pba这个/rz活动/vn转/v过/uguo来/f，/wd或者/c把/pba这个/rz活动/vn分解/v开/v来/vf了/y，/wd用/p其他/rzv活动/vn代替/v，/wd就是/v把/pba这/rzv文化/n氛围/n建设/vn好/a，/wd或者/c是/vshi带动/v运用/v起来/vf就/d行/vi，/wd所以/c我们/rr想/v了/ule以下/f几/m个/q活动/n，/wd一个/mq是/vshi学术/n好/a声音/n的/ude1话/n，/wd主要/d是/vshi我/rr跟/v博会/nr当时/t提/v出来/vf，/wd因为/p付静/nr找/v我们/rr聊天/vi的/ude1时候/n，/wd他/rr说/v非常/d看重/v博士/n论述/vn学术/n这/rzv块/q，/wd我们/rr对于/p表达/v能够/v的/ude1锻炼/vn，/wd所以/c我们/rr想/v把/pba学术/n成果/n这/rzv块/q，/wd就是/d不/d是/vshi特别/d看重/v，/wd我们/rr更/d看重/v他/rr对于/p他们/rr学术/n成果/n的/ude1表达/vn以及/cc展现/vn，/wd所以/c我们/rr做/v一个/mq学术/n类似/v是/vshi个/q演讲/vn的/ude1一个/mq比赛/vn。/wj
后面/f还有/v一个/mq其实/d上次/t讲/v过/uguo了/y，/wd是/vshi一些/mq必须性/n的/ude1活动/vn。/wj
第三/m个/q活动/vn是/vshi关于/p浙江/ns大学/n年度/n十/m大/a学术/n进展/vn，/wd这/rzv是/vshi我们/rr考虑/v的/ude1，/wd我们/rr可以/v直接/ad把/pba去年/t教学/vn成就/n十/m大/a学术/n进展/vn，/wd把/pba他们/rr尽/d引/v到/v我们/rr这个/rz活动/vn来/f，/wd然后/c他们/rr一些/mq东西/n可以/v给/p我们/rr讲/v一/m讲/v。/wj
然后/c可能/v的话/udh，/wd跟/p去年/t活动/vn有/vyou点/n联系/vn。/wj
最后/f一个/mq决赛/vn的/ude1话/n，/wd还有/v决赛/vn，/wd我们/rr的/ude1重点/n就/d是/vshi在/p一个/mq学术/n好/a声音/n，/wd还/d有/vyou对于/p去年/t十/m大/a学术/n进展/vn做/v一个/mq类似/a演讲/vn或/c报告会/n这样/rzv的/ude1一/m件/q事/n。/wj
主要/b的/ude1话/n我们/rr重点/d是/vshi想/v从/p各个/rz院/n系/v基层/n，/wd从/p院/n系/v的/ude1层面/n去/vf把/pba这个/rz活动/vn开/v起来/vf，/wd就/d是/vshi每个/r院/n系/v都/d参与/v到/v前面/f这个/rz学术/n好/a声音/n，/wd包括/v其他/rzv活动/vn这/rzv里面/f，/wd一/m步/qv一/m步/qv推行/v到校/v层面/n然后/c定级/vi，/wd进行/vx一/m个/q综合/vn评比/vn。/wj
你们/rr其他/rzv同事/n也/d参与/v这个/rz，/wd起草/v这个/rz方案/n的/ude1？/ww
对/p，/wd易周/nr他/rr也/d一起/d参与/v的/ude1。/wj
那/rzv当时/t你们/rr学生会/n这块/r有/vyou什么/ry想法/n呢/y？/ww
是/vshi这样/rzv子/ng的/ude1，/wd首先/c关于/p我们/rr这/rzv次/qv分析比赛/n型/k这么/rz一个/mq学术/n好/a声音/n的/ude1活动/vn，/wd我们/rr当时/t在/p构想/vn的/ude1时候/n，/wd就是/d想/v到/v即使/c是/vshi我们/rr将/p本科生/n和/cc研/n博/n生/n分/v组/n开/v来/vf，/wd但是/c不同/a的/ude1学科/n之间/f还/d是/vshi很/d难/ad形成/v一个/mq比较/d合理/a的/ude1对比/vn，/wd所以/c我们/rr想/v的/ude1是/vshi我们/rr更/d多/a的/ude1是/vshi比/p拼/v大家/rr的/ude1一个/mq想法/n，/wd或者/c说/v一/m个/q成果/n的/ude1雏形/n，/wd也/d就/d是/vshi一个/mqdemo/x的/ude1比/p拼/v，/wd并/cc不/d是/vshi评选/v最终/b的/ude1一个/mq结果/n，/wd这/rzv样子/n可能/v无论是/c从/p吸引/v同学/n的/ude1们/k参与/v上/f来讲/uls，/wd还/d是/vshi最后/f来/vf评价/v一个/mq可行性/n来讲/uls都/d会/v更加/d合适/a一点/m，/wd而/cc自/p语/vg那个/rz十/m大/a学术/n进展/vn的/ude1讲座/n完全/ad是/vshi因为/p我们/rr也/d了解/v张/nr1院士/n之前/f做/v那个/rz十/m大/a学术/n评选/vn，/wd就是/d希望/v能/v把/pba这些/rz比较/d阳春白雪/nl，/wd就/d普通/a同学/n们/k可能/v一/m跨/v学科/n，/wd或者/c说/v年级/n一/m低/a就/d不/d太/d会/v想/v去/vf知道/v一些/mq东西/n，/wd而/cc更/d多/a的/ude1向/p大家/rr有/vyou一个/mq更/d好/a的/ude1宣传/vn契机/n，/wd也/d是/vshi谈/v到/v他/rr当时/t做/v那个/rz活动/vn，/wd一个/mq初衷/n就/d是/vshi真正/d让/v学术/n为/v更/d多/a人/n所/usuo感/vg兴趣/n，/wd所/usuo了解/v。/wj
所以/c我们/rr想/v说/v把/pba之前/f他/rr评选/v出/vf来/vf一个/mq结果/n，/wd结合/v到/v这/rzv里面/f也/d是/vshi一个/mq挺/d好/a的/ude1偿/vg试/v。/wj
这样/rzv的/ude1，/wd看/v了/ule这个/rz东西/n我/rr觉得/v也/d挺/d好/a的/ude1，/wd就是/v从/p形式/n上/vf吧/y比较/d贴近/v于/p青年/n，/wd也/d包括/v现代/t的/ude1社会/n上/f有些/rz文化/n的/ude1一些/mq形式/n也/d这样/rzv。/wj
但是/c就是说/c刚才/t建辉/nr2也/d讲/v到/v这个/rz东西/n，/wd当然/d张/nr1院士/n就/d提/v出来/vf是/vshi不/d是/vshi搞/v一些/mq学术/n活动/vn的/ude1评选/vn，/wd或者/c是/vshi学术/n的/ude1一些/mq活动/vn，/wd因为/c我/rr想/v是/vshi这样/rzv的/ude1，/wd能/v不能/v社科/n的/ude1已经/d在/p做/v这个/rz的/ude1一个/mq评选/vn的/ude1一个/mq工作/vn呢/y，/wd但是/c他们/rr可能/v是/vshi从/p一/m个/q层面/n上/f来/vf推动/v这个/rz学术/n的/ude1发展/vn，/wd或者/c是/vshi学术/n的/ude1活动/vn。/wj
