另外/rz一个/mq理工科/n的/ude1，/wd我/rr觉得/v就/d按照/p张/nr1院士/n的/ude1思想/n其实/d也/d可以/v搞/v那个/rz。/wj
因为/c毕竟/d来说/vi大家/rr营造/v一个/mq氛围/n还/d是/vshi需要/v的/ude1。/wj
为什么/ryv呢/y？/ww
在/p我们/rr学校/n里面/f应该/v说/v成/v片/ng、/wn成/v块/q的/ude1学术/n活动/vn是/vshi比较/d少/a的/ude1，/wd我们/rr读/v研究生/n的/ude1话/n大部分/m是/vshi局限/vi于/p导师/n这个/rz课题组/n下面/f的/ude1科研/n活动/vn，/wd走/v出/vf这个/rz研究所/n，/wd走/v出/vf课题组/n，/wd走/v到/v研究所/n，/wd走/v到/v院/n系/v层面/n的/ude1学术/n活动/vn是/vshi非常/d少/a的/ude1，/wd当然/d也/d可能/v存在/v一些/mq客观/a的/ude1原因/n，/wd比如说/vl学科/n的/ude1差异/n，/wd研究/v方向/n的/ude1差异/n。/wj
但/c我/rr想/v这/rzv可能/v不/d是/vshi说/v我们/rr不/d去/vf办/v，/wd或者/c是/vshi没有/v去/vf培育/v一/m种/q连/v成/v片/q块/q学术/n文化/n的/ude1一/m种/q障碍/n，/wd因为/c可能/v大家/rr也/d去/vf交流/v过/uguo，/wd或者/c也/d去/vf相关/vi的/ude1高校/n，/wd包括/v国内外/s的/ude1高校/n交流/vn过/uguo，/wd其他人/r家/n最/d重要/a的/ude1学术/n活动/vn是/vshi学生/n自发/b课程/n活动/vn的/ude1比较/d多/a。/wj
s我们/rr在/p科技/n组/n来/vf面/n做/v这些/rz学术/n活动/vn的/ude1话/n很多/m都/d是/vshi以/p老师/n的/ude1课题/n而/cc做/v的/ude1，/wd基本上/d是/vshi差不多/al课题/n之外/f而/cc做/v的/ude1事情/n是/vshi非常/d少/a的/ude1，/wd这个/rz就/d是/vshi阻碍/v了/ule我们/rr真正/d的/ude1学术/n成型/vi。/wj
因为/p我们/rr所有/b的/ude1研究/vn都/d带有/v很/d强/a的/ude1方向性/n和/cc目的性/n，/wd所以/c很/d容易/a框架/n在/p一定/b的/ude1局限/vn范围/n内/f。/wj
我/rr想/v如果/c是/vshi我们/rr真正/d有/vyou很多/m这样/rzv的/ude1活动/vn，/wd那/rzv可能/v会/v推动/v同学/n在/p了解/v自己/rr本/rz领域/n里面/f，/wd或者/c本/rz导师/n课题/n研究/vn方向/n的/ude1基础/n上/f可能/v去/vf思考/v，/wd或者/c是/vshi通过/p这个/rz活动/vn实现/v一个/mq跨/v领域/n的/ude1一个/mq了解/v了/ule以后/f的/ude1一/m种/q思考/vn、/wn创新/vi。/wj
所以/c我/rr觉得/v这个/rz应该/v，/wd当时/t任/nr1书记/n专业/n是/vshi提/v了/ule这个/rz思想/n，/wd可能/v不/d是/vshi单纯/a的/ude1就是说/c搞/v一个/mq学术/n评选/vn，/wd他/rr是/vshi希望/v大家/rr通过/p跨学科/b的/ude1一/m种/q了解/v，/wd能/v不/d能/v增加/v这个/rz创新/vn。/wj
因为/p现在/t我们/rr就/d是/vshi说/v本科生/n嘛/y我们/rr都/d是/vshi经过/p本科/n教学/vn的/ude1过程/n，/wd本科生/n太/d放/v就/d是/vshi所有/b的/ude1东西/n拉/v的/ude1太/d快/d学/v的/ude1太/d浅/a，/wd一/m到/v研究生/n教学/n呢/y又/d太/d专/a，/wd即便/c上/f除了/p导师/n做/v的/ude1这个/rz方向/n以外/f，/wd其他/rzv方向/n是/vshi很/d少/a设计/vn的/ude1，/wd所以/c这/rzv才/d导致/v我们/rr，/wd如果/c是/vshi说/v问/v为什么/ryv我们/rr培养/v不/d是/vshi什么/ry科学家/n的/ude1话/n，/wd我/rr认为/v问题/n就/d出现/v在/p这个/rz问题/n上/f。/wj
其实/d我们/rr课本/n教学/n这块/r除了/p加强/v人文/n的/ude1一/m种/q素养/n，/wd人文/n的/ude1一/m种/q关怀/vn的/ude1一/m种/q品质/n的/ude1塑造/vn以外/f，/wd其/rz是/vshi专业/n知识/n也/d应该/v加强/v，/wd但/c我们/rr恰恰相反/c，/wd本科/n的/ude1时候/n学/v的/ude1专业/n知识/n太/d浅/a，/wd所以/c这个/rz研究生/n本来/d应该/v在/p本科/n上/f学习/v，/wd领域/n里面/f都/d是/vshi形成/v比较/d多/a的/ude1一/m种/q知识/n阶层/n以后/f的/ude1这个/rz专/a呢/y可能/v会/v更/d好/a，/wd但是/c我们/rr没有/v这个/rz过程/n，/wd所以/c我们/rr学/v机械/n的/ude1人/n现在/t搞/v真正/b的/ude1机构设计/n的/ude1人/n都/d比较/d少/a了/y，/wd动不动/d就/d是/vshi什么/ry计算机/n法则/n，/wd搞/v什么/ry计算机/n什么/ry的/ude1。/wj
他/rr自己/rr设计/v的/ude1这些/rz机构/n能/v不/d能/v就/d是/vshi按照/p你/rr这个/rz图纸/n去/vf加工/v出来/vf，/wd都/d不/d见/v得/ude3能/v运行/vi。/wj
所以/c这个/rz我/rr是/vshi觉得/v可能/v对/p我们/rr人才/n培养/v也/d是/vshi不利/a的/ude1，/wd所以/c我/rr是/vshi觉得/v是/vshi不/d是/vshi这/rzv次/qv学术/n的/ude1活动/vn还/d是/vshi回归/v到/v张/nr1院士/n给/p任/nr1书记/n当初/t提/v的/ude1一个/mq要求/n，/wd就是说/c通过/p学术/n的/ude1评选/vn，/wd因为/c评/v的/ude1过程/n大家/rr在/p讲/v，/wd讲/v自己/rr的/ude1这个/rz东西/n，/wd一个/mq是/vshi口头/n的/ude1讲/v，/wd一个/mq是/vshi书面/a的/ude1讲/v。/wj
书面/a的/ude1讲/v就是说/c文字/n的/ude1展示/v自己/rr的/ude1科研/n成果/n，/wd本身/rz就是/v这个/rz科普/b能力/n、/wn文字/n表达能力/n的/ude1一个/mq推广/v，/wd一个/mq提升/vn。/wj
如果/c是/vshi我们/rr现场/s讲/v自己/rr的/ude1学术/n成果/n，/wd或者/c学术/n思想/n的/ude1话/n，/wd本身/rz是/vshi语言/n上/f来/vf提升/v的/ude1问题/n，/wd所以/c我/rr就/d觉得/v还/d是/vshi回归/v到/v这/rzv两/m个/q，/wd一/m还是/c以/p学术/n评选/vn，/wd围绕/v这个/rz东西/n做/v一些/mq活动/vn，/wd当然/d也/d包括/v你/rr说/v的/ude1这些/rz学术/n沙龙/nrf，/wd这个/rz挺/d好/a的/ude1，/wd比如说/vl你/rr评/v出/vf来/vf了/ule以后/f，/wd每/rz个/q院/n系/v可以/v固定/a的/ude1时间/n，/wd甚至/d可以/v策划/v好/a，/wd现/tg在/p各个/rz校/ng区/n里面/f都/d有/vyou这个/rz咖啡吧/n了/y，/wd而且/c这/rzv是/vshi任/v涉及/v当时/t给/v了/ule一百万/m让/v几/m校/ng区/n做/v咖啡吧/n，/wd如果/c有/vyou这样/rzv的/ude1学术/n活动/vn，/wd可能/v学校/n里面/f提供/v一些/mq支持/v，/wd比如说/vl你/rr场记/n免费/vi，/wd你/rr提/v一点/m咖啡/n这种/r支持/vn，/wd那/c我/rr觉得/v学校/n里面/f也/d肯定/v没什么/vl问题/n的/ude1，/wd这样/rzv就/d是/vshi说/v通过/p这些/rz活动/vn，/wd在/p这个/rz各个/rz校/ng区/n里面/f也/d把/pba一/m种/q学术/n活动带/n起来/vf。/wj
比如说/vl一些/mq校/ng区/n，/wd分/v科/n有/vyou那么/rz多/a，/wd比如说/vl单周/n礼拜一/t是/vshi机械/n，/wd单周/n礼拜二/t是/vshi化工/n，/wd这/rzv你/rr可以/v排/v一/m个/q系列/n，/wd但是/c这/rzv也/d不/d见/v得/ude3好/a，/wd就是/v把/pba人家/rr的/ude1都/d好象/n搬/v成/v这个/rz学术/n这/rzv一/m块/q，/wd但是/c可以/v去/vf跟/v人家/rr沟通/v，/wd比如说/vl单周/n我/rr一/m、/wn三/m、/wn五/m，/wd双/m周/qt的/ude1是/vshi二/m、/wn四/m，/wd兼顾/v到/v人家/rr经常/d的/ude1经营/vn，/wd也/d坚固/a到/v这个/rz活动/vn。/wj
其实/d我/rr想/v想/v做/v这个/rz咖啡吧/n的话/udh绝对/d不/d上/f为了/p让/v同学/n更/d好/a的/ude1，/wd更/d方便/a的/ude1喝/vg咖啡/n吧/y。/wj
他/rr肯定/d是/vshi为了/p大家/rr可能/v有/vyou一个/mq聚集/vn，/wd有/vyou一个/mq交流/vn，/wd而且/c最/d重要/a的/ude1是/vshi有/vyou一个/mq学术/n交流/vn的/ude1一个/mq机会/n，/wd所以/c我/rr觉得/v是/vshi不/d是/vshi把/pba这些/rz东西/n再/d重新/d的/ude1，/wd你们/rr这些/rz东西/n都/d挺/d好/a的/ude1，/wd我/rr觉得/v形式/n上/f，/wd一/m讲/v到/v这个/rz好/a声音/n的/ude1话/n，/wd可能/v大家/rr，/wd年轻人/n马上/d就/d能/v东/f起来/vf，/wd但是/c我/rr觉得/v是/vshi不/d是/vshi这些/rz具体/a的/ude1一些/mq东西/n的/ude1话/n，/wd还/d是/vshi围绕/v学术/n成果/n，/wd学术/n的/ude1这种/r文化/n活动/vn氛围/n营造/v这/rzv方面/n来/vf做/v。/wj
对/p，/wd这些/rz可以/v作为/p整个/b活动/vn里面/f一个/mq一个/mq的/ude1模块/n，/wd比如说/vl学术/n评选/vn的/ude1话/n，/wd那/rzv接下来/c他/rr学术/n成果/n评选/vn总/d要/v有/vyou一个/mq自己/rr的/ude1推广/vn、/wn宣传/vn的/ude1过程/n，/wd有/vyou一个/mq拉/v票/n的/ude1过程/n，/wd拉/v票/n的/ude1过程/n比如说/vl他/rr可以/v利用/v这种/r学术/n好/a声音/n，/wd我们/rr每个/r人/n三/m分钟/n的/ude1演讲/vn来/f吸引/v观众/n，/wd吸引/v评审/vn。/wj
现在/t学校/n类似/v于/p这样/rzv的/ude1科研/n的/ude1这种/r竞赛/vn活动/vn还/d是/vshi蛮/d多/a的/ude1，/wd不/d知道/v你/rr有/vyou没/d有/vyou关注/vn或/c梳理/v一下/mq，/wd好象/n有/vyou一些/mq科技/n文化/n节/n很多/m院/n系/v有/vyou，/wd还/d有/vyou科研/n论文/n报告会/n。/wj
