所以/c我/rr在/p想/v人家/rr30/m岁/qt搞/v出/vf这么/rz多/a科研/n成果/n，/wd最后/f升/v上/vf教授/n的/ude1，/wd2003年/m，/wd我/rr觉得/v像/p我们/rr很多/m人/n的/ude1话/n，/wd浙大/n的/ude1那些/rz学生/n，/wd特别/d是/vshi这些/rz本科生/n其实/d是/vshi更/d需要/v这样/rzv的/ude1，/wd但是/c我们/rr本科生/n太/d注重/v这个/rz眼前/t了/y。/wj
所以/c我/rr是/vshi觉得/v是/vshi不/d是/vshi这/rzv方面/n真/a的/ude1如果/c能够/v搞/v起来/vf的/ude1话/n，/wd我/rr觉得/v挺/d有/vyou意义/n的/ude1。/wj
我们/rr现在/t主要/d一个/mq问题/n就是/v本科生/n、/wn研究生/n和/cc博士生/n这/rzv三/m块/q比如说/vl评级/vn人/n帮/v他/rr看/v一下/mq稿/n吗/y。/wj
还有/v一个/mq就/d是/vshi本科生/n实际上/d有/vyou很多/m类似/a的/ude1这种/r评选/vn活动/vn，/wd比如说/vl挑战杯/n，/wd还/d有/vyou类似/a于/p（/wkz00：27：30/m）/wky的/ude1国/n创/vg这/rzv东西/n。/wj
男/b3：/m其实/d挑战杯/n说/v起来/vf还/d是/vshi挺/d伤心/a的/ude1，/wd我/rr在/p那里/rzs也/d待/vi过/uguo几/m年/qt，/wd挑战杯/n就/d变成/v了/ule导师/n的/ude1科研/n成果/n的/ude1另外/rz一/m种/q表述/vn，/wd这个/rz已经/d完全/ad失去/v意义/n了/y，/wd不/d能/v说/v完全/ad失去/v意义/n了/y，/wd我/rr这个/rz人/n说话/vi有时候/d有点/d过分/a，/wd但是/c确/d是/vshi这个/rz形式/n上/f已经/d是/vshi功利/n化/v的/ude1在/p引导/v这种/r行为/n。/wj
所以/c我/rr讲/v到/v已/d有/vyou的/ude1一些/mq活动/vn的/ude1话/n，/wd我/rr觉得/v可以/v整合/vn，/wd怎么/ryv来/vf做/v的/ude1话/n，/wd我/rr觉得/v不/d能/v做成/v这种/r挑战杯/n的/ude1这个/rz形式/n，/wd我/rr觉得/v可以/v不同/p层面/n的/ude1讲/v，/wd本科生/n的/ude1话/n可以/v更/d有/vyou挑战性/n的/ude1提出/v一些/mq自己/rr的/ude1真正/b的/ude1学术/n思想/n，/wd研究生/n可以/v偏重/v于/p更/d多/a实践/vn上/f的/ude1这种/r方式/n、/wn方法/n的/ude1讨论/vn。/wj
这个/rz觉得/v也/d跟/p我们/rr结合/v比较/d紧/a，/wd因为/c本科生/n他/rr了解/v的/ude1就是/v一个/mq学术/n的/ude1基本/a的/ude1概括/vn，/wd但是/c如果/c有/vyou些/q学生/n他/rr能/v很/d敏感/a的/ude1感觉/n到/v这些/rz学术/n的/ude1不见得/d或者/c是/vshi有/vyou哪些/ry需要/v补充/v的/ude1，/wd或者/c哪些/ry运用/v上/f需要/v要/v某/rz一/m领域/n方面/n的/ude1才/d是/vshi正确/a的/ude1东西/n，/wd可能/v本科生/n会/v更/d敏感/a，/wd但是/c研究生/n呢/y因为/c他/rr已经/d在/p做/v这种/r实践/vn的/ude1工程项目/n了/y，/wd那/rzv就/d很/d多/a方法/n了/y，/wd还有/v工程设计/n的/ude1这个/rz实践/vn的/ude1过程/n怎么/ryv每/rz一个/mq环节/n完善/v的/ude1问题/n，/wd包括/v这些/rz设施/n的/ude1一些/mq效果/n的/ude1问题/n。/wj
然后/c到/v了/ule博士/n的/ude1话/n更/d强调/v一/m种/q支撑/vn体系/n的/ude1一/m种/q学术/n思想/n，/wd一/m种/q东西/n。/wj
所以/c这个/rz我/rr觉得/v同时/c可以/v进行/vx，/wd比如说/vl一个/mq学院/n，/wd或者/c是/vshi一个/mq学院/n院/n系/n单位/n它/rr可以/v同时/n进行/vx的/ude1，/wd本科生/n、/wn研究生/n本来/d就/d分/v三/m类/q吗/y，/wd然后/c推出/v一/m同/v的/ude1科研/n，/wd比如说/vl你/rr每/rz个/q院/n系/v里面/f能/v推出/v两三/m个/q，/wd就是/v本科/n三/m个/q，/wd研究生/n三/m个/q，/wd博士生/n三/m个/q，/wd那/rzv就/d可以/v了/y。/wj
而且/c要/v这个/rz呢/y全部/m不/d要/v拿/v导师/n的/ude1东西/n来/vf。/wj
我/rr觉得/v拿/v导师/n的/ude1东西/n的/ude1那/rzv就/d已经/d是/vshi欺负/v你/rr了/y。/wj
这个/rz我/rr觉得/v在/p研究生/n博士生/n层面/n很/d难/ad避免/v这/rzv一/m类型/n的/ude1东西/n。/wj
所以/c呢/y我/rr觉得/v一个/mq呢/y评/v学术/n成果/n，/wd我/rr觉得/v是/vshi不/d是/vshi更/d多/a的/ude1偏/d正/d于/p创意/n这/rzv一/m块/q。/wj
就/d是/vshi不要/d去/vf跟/v这/rzv个/q什么/ry东西/n论文/n这/rzv一/m块/q呀/y这个/rz结合/v的/ude1太/d紧/a，/wd但是/c论文/n可以/v，/wd我/rr觉得/v也/d可以/v，/wd但是/c中国/ns的/ude1论文/n有/vyou几/m个/q有/vyou用/v呢/y？/ww
这个/rz我们/rr都/d知道/v的/ude1这个/rz情况/n，/wd所以/c在/p很多/m人/n发/v论文/n是/vshi为/p发/v而/cc发/v，/wd所以/c呢/y这个/rz也/d不/d能/v就/d说/v我们/rr没有/d好/a的/ude1论文/n了/y，/wd但/c这样/rzv的/ude1比较/d少/a，/wd我/rr觉得/v一/m种/q氛围/n文化/n的/ude1氛围/n呀/y，/wd还/d真/a的/ude1是/vshi在/p宣传/vn思想/n，/wd一/m种/q是/vshi学术/n观点/n，/wd一/m种/q是/vshi学术/n创造/v，/wd这个/rz方面/n学术/n创意/n这/rzv方面/n可能/v会/v更/d好/a。/wj
所以/c呢/y我/rr当时/t最/d理想/a的/ude1想法/n，/wd当然/d任/nr1书记/n跟/v张/nr1院士/n说/v的/ude1，/wd我/rr觉得/v如果/c我们/rr学校/n里边/f在/p理工科/n里面/f能够/v掀起/v一/m股/q对/p这种/r现有/vn的/ude1这个/rz学术/n的/ude1一些/mq这个/rz思考/vn，/wd然后/c能够/v思考/v完/vi了/ule也/d能/v晋升/v到/v这/rzv一/m批判/v这/rzv一/m块/q呀/y，/wd让/v我/rr再/d创新/vi。/wj
其中/rz有/vyou这么/rz一个/mq三/m个/q环节/n的/ude1话/n那/rzv就/d非常/d好/a了/y。/wj
一/m个/q在/p能/v任意/d发表/v对/p自己/rr所/q，/wd自己/rr做/v的/ude1了解/vn过/uguo的/ude1这个/rz理论/n的/ude1一些/mq思考/v这样/rzv，/wd然后/c后面/f的/ude1话/n那/rzv就/d是/vshi说/v一个/mq争议/vn，/wd你/rr总是/d觉得/v这个/rz理论/n是否/v还有/v需要/v完善/v的/ude1地方/n，/wd那么/rz第三/m个/q就/d提出/v自己/rr的/ude1观点/n有/vyou个/q创新/vi的/ude1问题/n。/wj
如果/c能/v按照/p这/rzv三/m个/q步骤/n来/vf做/v的/ude1话/n，/wd我/rr觉得/v还/d是/vshi做/v的/ude1。/wj
在/p跟/p导师/n接触/vn也/d不/d是/vshi非常/d的/ude1就是说/c紧密/a。/wj
因为/p你/rr很/d多/a你/rr只/d要/v跟/p导师/n结合/v在/p一起/s就/d很/d烦/v啦/y，/wd我/rr自己/rr也/d读/v研究生/n的/ude1时候/n我/rr也/d知道/v这/rzv一/m块/q，/wd你/rr说/v把/pba很多/m的/ude1都/d是/vshi导师/n的/ude1一些/mq观点/n，/wd或者/c你/rr不/d能/v说是/v导师/n的/ude1观点/n的/ude1话/n也/d是/vshi在/p他/rr的/ude1课题组/n里面/f，/wd大家/rr就/d是/vshi太/d局限/vi了/y，/wd很/d难/a有/vyou创新/vi的/ude1内容/n，/wd或者/c你们/rr的/ude1想法/n？/ww
如果/c李/nr1部长/n希望/v我们/rr最终/d形成/v的/ude1这个/rz，/wd我们/rr可以/v去/vf看/v一下/mq，/wd具体/ad去/vf策划/v一下/mq，/wd然后/c我/rr想/v在/p下/f周/nr1给/p你们/rr一/m个/q具体/a的/ude1答案/n。/wj
也/d行/vi，/wd你们/rr回去/v了/ule就/d是/vshi说/v在/p思考/v一下/mq，/wd然后/c跟/p自己/rr的/ude1这个/rz分管/v的/ude1这个/rz领导/n汇报/v一下/mq这个/rz。/wj
之前/f跟/p我们/rr的/ude1书记/n跟/p员工部/n的/ude1也/d都/d聊/v完了/vi，/wd刘/nr1书记/n的/ude1话/n已经/d，/wd他/rr之前/f给/p他/rr看/v了/ule我们/rr这个/rz策划/vn，/wd他/rr的/ude1意思/n就/d是/vshi具体/a什么/ry形式/n他/rr就/d没有/v意见/n，/wd他/rr希望/v我们/rr把/pba这个/rz东西/n细化/v起来/vf，/wd包括/v可能/v郭/nr1老师/n意思/n就/d是/vshi先/d跟/p团委/n的/ude1这种/r先/d敲定/v好/a，/wd再/d给/p他/rr某/rz方面/n具体/ad阐述/v一下/mq。/wj
就/d是/vshi我/rr是/vshi真/a的/ude1是/vshi觉得/v，/wd就是说/c学校/n里面/f这/rzv一/m块/q呢/y真的/d是/vshi很/d重要/a。/wj
这个/rz不/d做/v这/rzv一/m块/q的/ude1话/n他/rr我们/rr的/ude1这个/rz学校/n就/d是/vshi，/wd就/d像/v浙大/n这/rzv类/q学校/n都/d能/v入围/v，/wd再/d加上/v这/rzv个/q专业/n技术/n学院/n的/ude1这种/r模式/n呀/y真的/d是/vshi很/d宝贵/a的/ude1，/wd而且/c我们/rr能/v入/v围/v专业/n技术/n学院/n呢/y更/d可怕/a的/ude1是/vshi什么/ry？/ww
我们/rr还/d没有/v技术/n，/wd你/rr说/v我们/rr这个/rz我/rr学/v机械/n的/ude1，/wd有/vyou多少/ry人/n会/v搞/v这个/rz数控/n机床/n的/ude1真正/b的/ude1去/vf加工/v呢/y？/ww
没/v几/m个/q学生/n，/wd就/d真/a的/ude1还/d不如/v那些/rz真正/d读/v这些/rz技校/n的/ude1人/n。/wj
但/c我们/rr呢/y是/vshi素质/n很/d很/d好/a的/ude1，/wd但/c我们/rr这个/rz教育/vn模式/n呢/y把/pba我们/rr桎梏/v在/p这个/rz环境/n里/f，/wd所以/c这/rzv就是/v。/wj
