其实/d我/rr觉得/v这个/rz我们/rr的/ude1说/v的/ude1难/ad听/v点/qt也/d可以/v抗争/vi一下/mq目前/t的/ude1这个/rz培养/v模式/n，/wd真的/d是/vshi。/wj
你/rr去/vf看/v你/rr说/v我们/rr是/vshi，/wd为什么/ryv我们/rr这些/rz人/n，/wd刚才/t我/rr跟/p他/rr开/v玩笑/n我们/rr有/vyou点儿/q浪费/v了/ule这个/rz东西/n呢/y？/ww
真/a的/ude1我们/rr自己/rr的/ude1学生/n，/wd你/rr说/v你/rr到/v工床/n上/f你/rr去/vf操作/v，/wd你/rr比/p不/d过/uguo那些/rz真正/b的/ude1操作/vn工/n，/wd但/c我们/rr为什么/ryv比/p他/rr快/a呢/y？/ww
是/vshi因为/p我们/rr本身/rz素质/n比较/d好/a，/wd真正/d你/rr让/v我/rr去/vf接触/v这个/rz数控/n机床/n这个/rz加工/vn编程/vn或者/c干什么/vi的/ude1时候/n，/wd我/rr很/d快/a的/ude1经过/p这个/rz培训/vn又/d熟悉/v起来/vf，/wd所以/c呢/y我/rr好象/n等/v了/ule一点/m所谓/v的/ude1这个/rz本科/n的/ude1这个/rz基础/n的/ude1这个/rz理论/n教育/vn或者/c做/v了/ule一点/m工程师/n建议/n，/wd我/rr好象/n比/p这些/rz这个/rz专业/n技术/n学校/n的/ude1人/n毕业/v出来/vf可能/v发挥/v的/ude1更/d好/a。/wj
那/rzv还/d让/v我们/rr读/v大学/n干吗/v？/ww
这/rzv我们/rr如果/c有/vyou基本/a的/ude1素质/n，/wd我们/rr跟/p他/rr一起/d去/vf读书/vi技工/n学校/n的/ude1话/n，/wd我们/rr也/d给/p他/rr做/v的/ude1更/d好/a，/wd说不定/vl我们/rr这个/rz技术/n也/d会/v比/p他/rr更/d好/a。/wj
我/rr个人/n认为/v是/vshi这样/rzv，/wd我/rr对/p中国/ns的/ude1这个/rz教育/vn体制/n其实/d是/vshi内心/n的/ude1讲/v是/vshi比较/d失望/a的/ude1，/wd但是/c我/rr觉得/v不/d是/vshi，/wd也/d失望/a的/ude1话/n不/d能/v说/v不/d去/vf改变/v。/wj
活动/vn可以/v做/v一些/mq导向/n，/wd就是/v我们/rr希望/v是/vshi原/d创/vg性/ng的/ude1创新性/n的/ude1，/wd而且/c我们/rr在/p评/v的/ude1时候/n可以/v从/p奖项/n上面/f设计/v上面/f做/v一些/mq导向/n这样/rzv的/ude1，/wd比如说/vl你/rr可以/v设置/v置疑奖/n，/wd本来/d是/vshi名字/n比较/d直白/a，/wd置疑奖/n或者/c说/v是/vshi他/rr这个/rz成果/n是/vshi倾向/n于/p应用型/b的/ude1应用/vn奖/n，/wd哪怕/c他/rr真/a的/ude1就是/v基础理论/nl研究/vn方面/n的/ude1，/wd那么/c我们/rr也/d可以/v比如/v设计/vn技术/n理论/n方面/n的/ude1奖项/n。/wj
也/d有/vyou可能/n上海/ns的/ude1成果/n，/wd就/d像/v你/rr讲/v的/ude1，/wd根据/p各个/rz学科/n或者/c各种/rz偏/d重/d不/d一样/uyy是/vshi会/v五花/n八/m类/q的/ude1这/rzv样子/n。/wj
他/rr这/rzv大概/d创业/vi点/n是/vshi这样/rzv。/wj
这样/rzv那个/rz比如说/vl他/rr应用/v领域/n的/ude1拓展/vn，/wd他/rr在/p这个/rz应用/v这个/rz效果/n的/ude1这个/rz提升/v，/wd这个/rz设施/n方法/n的/ude1东西/n，/wd他/rr只要/c能/v表示/v出来/vf，/wd那/rzv这/rzv本身/rz也/d就/d是/vshi一个/mq过程/n了/y，/wd而且/c这个/rz人/n。/wj
这个/rz活动/vn也/d可以/v嵌入/v到/v里面/f去/vf，/wd三/m分钟/n类似/v于/p这样/rzv的/ude1。/wj
这个/rz呢/y也/d不/d是/vshi我们/rr开发部/n的/ude1建议/n，/wd我/rr觉得/v是/vshi任/nl1书记/n跟/v张/nr1院士/n的/ude1这个/rz初步/b的/ude1，/wd因为/c他/rr跟/p我们/rr沟通/v过/uguo嘛/y。/wj
那/rzv沟通/v过/uguo这样/rzv的/ude1想法/n，/wd我们/rr觉得/v就是说/c还是/d回归/v到/v他们/rr的/ude1原来/b的/ude1这些/rz想法/n的/ude1，/wd毕竟/d是/vshi可能/v你们/rr去/vf查查/v张/nr1院士/n的/ude1背景/n，/wd你/rr也/d知道/v他/rr这个/rz是/vshi相当/d有/vyou个性/n的/ude1。/wj
本来/d他/rr也/d不/d会/v来/vf浙大/n，/wd但/c原来/d北方/s大/d是/vshi常务/b副/b校长/n，/wd他/rr本来/d是/vshi当/p校长/n的/ude1，/wd他/rr之所以/c最后/f能/v选择/v浙大/n，/wd没有/v去/vf选择/v上交大/n的/ude1，/wd他/rr当时/t浙大/n跟/p上交大/n都/d是/vshi包括/v正科大/n都/d出/vf了/ule比较/d优厚/a的/ude1条件/n去/vf吸引/v他/rr这样/rzv，/wd我/rr想/v他/rr这么/rz一个/mq，/wd那天/r你/rr也/d看到/v他/rr作为/v一个/mq年/qt长/a，/wd这个/rz年纪/n这么/rz大/a的/ude1一个/mq老/a的/ude1老师/n以后/f还/d有/vyou这么/rz有/vyou激情/n的/ude1来/vf做/v这/rzv件/q事情/n的/ude1话/n，/wd我/rr觉得/v也/d是/vshi对/p我们/rr也/d是/vshi一/m种/q释放/v，/wd甚至/c也/d是/vshi一/m种/q引领/v。/wj
如果/c学校/n里面/f的/ude1这些/rz院士/n这些/rz教授/n都/d像/v他/rr这样/rzv的/ude1话/n那/c我/rr觉得/v我们/rr学生/n会/v不/d会/v更/d好/a一些/mq，/wd但是/c他/rr也/d知道/v为什么/ryv要/v开展/v活动/vn？/ww
他/rr也/d意识/vi到/v要/v改变/v的/ude1这个/rz东西/n的/ude1力量/n单/d靠/v他/rr是/vshi不够/a的/ude1，/wd所以/c他/rr想/v依托/v学生/n的/ude1这个/rz群众组织/nl，/wd学生/n的/ude1这个/rz组织/n来/vf自下而上/al的/ude1推动/v这个/rz东西/n，/wd如果/c这个/rz东西/n做/v起来/vf以后/f，/wd那/rzv老师/n的/ude1这个/rz交流/vn就/d是/vshi自然而然/al的/ude1就/d有/vyou了/y。/wj
现在/t你/rr说/v这么/rz一个/mq，/wd你/rr说/v出/vf了/ule课题组/n的/ude1以外/f，/wd有/vyou多少/ry个/q老师/n什么/ry跨/v学科/n，/wd真正/b的/ude1在/p跨/v学科/n商量/v什么/ry东西/n呀/y。/wj
都/d是/vshi什么/ry是/vshi说/v的/ude1难/ad听/v一点/m，/wd这/rzv辈子/qt就/d是/vshi申报/v项目/n的/ude1时候/n把/pba你/rr的/ude1成果/n拿/v过来/vf，/wd作为/p我们/rr好象/d是/v跨/v领域/n的/ude1有/vyou个/q合作/vn，/wd申报/v项目/n最/d多/a就/d是/vshi我/rr说/v的/ude1再/d直白/a一点/m就/d是/vshi分/v钱/n的/ude1时候/n还/d有/vyou个/q过程/n，/wd你/rr说/v真正/b的/ude1如果/c你们/rr搞/v起来/vf这个/rz活动/vn来/f，/wd你们/rr回去/v比如说/vl你/rr有/vyou了/ule这个/rz跨/v学科/n，/wd接触/v了/ule这个/rz跨学科/b的/ude1这个/rz思维/n，/wd你/rr回到/v课题组/n里面/f，/wd也许/d你/rr提/v出来/vf的/ude1方案/n就/d是/vshi跨/v学科/n的/ude1一/m种/q简洁/a方/q案/x，/wd然后/c这个/rz反馈/v回来/v触动/v这个/rz导师/n，/wd可能/v能/v接受/v这个/rz东西/n，/wd或者/c他/rr也/d是/vshi进一步/b的/ude1推动/v了/ule这个/rz跨/v学科/n。/wj
因为/p现在/t从/p导师/n这/rzv一方面/c推动/v这个/rz跨学科/b我/rr觉得/v挺/d难/a的/ude1，/wd如果/c学生/n已经/d能/v跨学科/b了/y，/wd如果/c是/vshi研究生/n的/ude1话/n，/wd那/c你/rr回到/v课题组/n里面/f做/v什么/ry事情/n，/wd是/vshi不/d是/vshi，/wd你/rr很多/m事情/n其实/d导师/n的/ude1事情/n都/d是/vshi研究生/n做/v的/ude1嘛/y，/wd那/c你/rr用/v的/ude1跨/v学科/n的/ude1领域/n的/ude1思维/n来/vf做/v这/rzv件/q事情/n的/ude1话/n，/wd那/rzv就/d会/v触动/v导师/n这/rzv一/m块/q来/f，/wd之间/f的/ude1这个/rz跨学科/b交流/vn这/rzv一/m块/q。/wj
那/rzv交/v大/a的/ude1优势/n比较/d就/d来/vf综合性/n大学/n嘛/y。/wj
你/rr知道/v很多/m学生/n报考/v交大/n就是/v因为/p这边/rzs专业/n门类/n很/d齐全/a，/wd哪怕/c上课/vi的/ude1话/n都/d可以/v跨/v大/a类/n去/vf听课/vi。/wj
这/rzv本来/d就/d是/vshi我们/rr的/ude1优势/n。/wj
那/rzv这样/rzv的/ude1话/n还/d是/vshi按照/p那个/rz学术/n的/ude1，/wd就/d是/vshi刚刚/d我们/rr那个/rz，/wd应该/v说/v是/vshi我们/rr上次/t那个/rz座谈会/n的/ude1，/wd座谈会/n其实/d那/rzv次/qv提/v出来/vf的/ude1思维/n应该/v是/vshi那样/rzv的/ude1，/wd但是/c后来/t看到/v你/rr这个/rz好象/n就/d是/vshi，/wd你/rr倾向/v于/p一个/mq科研/n锻炼/vn的/ude1形式/n了/y，/wd是/vshi吧/y。/wj
应该/v说/v还/d是/vshi按照/p我们/rr上次/t的/ude1那个/rz会/v，/wd我们/rr的/ude1那/rzv个/q组/n旨/ng我们/rr还是/d在/p，/wd再/d策划/v策划/vn。/wj
所以/c再/d讲/v一个/mq例子/n就/d是/vshi说/v我/rr刚才/t跟/p那个/rz同学/n讲/v的/ude1比较/d重/a一点/m啦/y。/wj
我/rr有/vyou一个/mq机械/n系/v的/ude1这个/rz学生/n，/wd我/rr当/p班主任/n的/ude1时候/n就/d是/vshi提示/v就/d是/vshi跟/p那个/rz郭定仪/nr老师/n，/wd有些/rz当/p班级/n任/v刚才/t我/rr说/v的/ude1那个/rz30/m岁/qt升/v教授/n的/ude1那个/rz人/n。/wj
当时/t我/rr有/vyou个/q机械/n系/v的/ude1一/m位/q学生/n，/wd进来/vf以后/f不/d喜欢/vi机械/n，/wd他/rr想/v读/v法学/n，/wd然后/c我/rr就/d跟/p他/rr说/v，/wd当时/t呢/y他/rr很/d痛苦/an，/wd不/d像/v我们/rr这样/rzv，/wd能够/v什么/ry跨/v专业/n什么/ry的/ude1，/wd那/rzv时候/n要/v成绩/n很/d好/a才/d能/v转/v专业/n。/wj
