本身/rz你/rr不/d喜欢/vi吧/y那/c你/rr怎么/ryv能/v转/v这个/rz专业/n。/wj
对/a，/wd是/vshi。/wj
有些/rz个/q同学/n经常/d还/d游/v走/v在/p这个/rz及格/vn线/n边缘/n，/wd然后/c我/rr就/d跟/p他/rr说/v你/rr还是/v就是说/c，/wd你/rr接受/v这个/rz现实/n，/wd就是/v你/rr把/pba这个/rz机械/n方面/n的/ude1课程/n都/d给/p我/rr搞/v成/v60分/t以上/f能/v及格/vi，/wd然后/c呢/y拿/v到/v学位/n证/n，/wd毕业/v证/n，/wd然后/c我/rr带/v你/rr呢/y就是说/c去/vf旁听/v那个/rz法学院/n的/ude1课/n，/wd然后/c他/rr要/v考/v北大/n嘛/y，/wd我/rr说/v你/rr对/p到/v北大/n的/ude1这个/rz考/ng研/v的/ude1这个/rz专业课/n要求/n，/wd你/rr就/d去/vf复习/v，/wd结果/n我/rr那/rzv两/m个/q学生/n呀/y，/wd接/v对子/n靠/p北大/n研究生/n的/ude1人/n，/wd真/a的/ude1都/d考上/v了/y，/wd而且/c一/m毕业/v都/d考上/v了/y。/wj
所以/c我/rr是/vshi觉得/v就/d是/vshi为什么/ryv我/rr是/vshi觉得/v这个/rz，/wd我们/rr很多/m同学/n呀/y，/wd就/d是/vshi对/p自己/rr的/ude1一些/mq规划/n，/wd或者/c一些/mq东西/n缺乏/v有/vyou这个/rz东西/n，/wd所以/c我们/rr有/vyou很多/m同学/n没有/v自己/rr的/ude1发展/vn规划/n，/wd比如说/vl你/rr真/a的/ude1想/v去/vf读/v法学/n，/wd像/p现在/t是/vshi很/d容易/a，/wd如果/c你/rr真/a的/ude1想/v，/wd我/rr是/vshi鼓励/v我/rr的/ude1当时/t同学/n，/wd你/rr如果/c是/vshi不/d喜欢/vi本/rz专业/n，/wd那/rzv时候/n的/ude1话/n那/c你/rr就/d把/pba自己/rr的/ude1本/rz专业/n作为/v一个/mq基本/a的/ude1东西/n，/wd作为/v一个/mq打/v好/a一个/mq学位/n，/wd因为/p中国/ns现实/n的/ude1情况/n下/f没/v办法/n嘛/y，/wd然后/c你/rr在/p主修/v。/wj
甚至/c我/rr都/d说/v你/rr可以/v不/d要/v，/wd现在/t浙大/n的/ude1哪怕/c一个/mq老师/n会/v点名/v说/v你/rr不/d是/vshi我/rr本/rz专业/n的/ude1，/wd你/rr不/d能/v来/vf听/v我们/rr的/ude1课/n，/wd这/rzv都/d可以/v的/ude1，/wd甚至/c你/rr就/d是/vshi进入/v问/v这个/rz老师/n，/wd下/vf了/ule课/n去/vf问/v几/m个/q问题/n，/wd他/rr都/d有/vyou时候/n老师/n都/d会/v问/v你/rr，/wd是/vshi这样/rzv，/wd那/rzv很多/m同学/n的/ude1，/wd你/rr能/v学/v到/v很多/m东西/n，/wd但/c我们/rr很多/m同学/n真/a的/ude1太/d局限/vi于/p这个/rz本科生/n的/ude1这个/rzGP/x。/wj
我/rr同时/d有/vyou一/m次/qv非常/b气氛/n的/ude1是/vshi在/p路上/s，/wd有/vyou一个/mq人/n讨论/v两/m个/q问题/n，/wd他/rr说/v我/rr是/vshi多/ad会/v一点时/t间/f放/v在/p这个/rz，/wd就/d是/vshi思想/n道德/n修养/n与/cc法律/n基础/n这/rzv门/q课程/n呢/y？/ww
还/d是/vshi多/ad放/v一点时/t间/f在/p微积分/n上/f？/ww
然后/c有/vyou一个/mq女生/n，/wd到/p现在/t我/rr都/d记得/v，/wd应该/v稍微/d多/m分/qt一点时/t间/f在/p这个/rz思想/n道德/n修养/n与/cc法律/n基础/n上/f，/wd为什么/ryv呢/y？/ww
他/rr说/v这/rzv门/q课/n呀/y，/wd我/rr只要/c稍微/d加/v点/qt努力/an的/ude1话/n，/wd我/rr这个/rz分值/n马上/d高/a起来/vf，/wd我/rr再/d加/v点时间/n更/d多/a的/ude1在/p微积分/n的/ude1课程/n提高/v不/d了/y。/wj
那/c我/rr觉得/v这个/rz学生/n就/d变成/v讨论/v这样/rzv的/ude1问题/n了/ule以后/f，/wd那/c你/rr说/v这/rzv是/vshi我们/rr浙大/n学生/n呀/y，/wd很/d悲哀/an真的/d是/vshi很/d悲哀/an。/wj
所以/c我/rr是/vshi觉得/v这些/rz东西/n的/ude1话/n，/wd肯定/v你们/rr在/p同学/n里面/f碰到/v的/ude1这些/rz问题/n比/p我们/rr更/d熟悉/v，/wd因为/c我/rr听到/v的/ude1就/d真的/d是/vshi最/d片/q怕/v的/ude1一些/mq同学/n的/ude1一些/mq情况/n不/d了解/v，/wd真/a的/ude1我们/rr也/d不/d太/d了解/v学生/n的/ude1这个/rz情况/n，/wd但/c我们/rr看到/v，/wd我们/rr大学/n存在/v的/ude1一些/mq问题/n。/wj
所以/c呢/y搞/v这些/rz活动/vn的/ude1话/n，/wd我/rr觉得/v不/d是/vshi说/v专业/n是/vshi要/v好/a，/wd也/d是/vshi任/v书记/n要/v好/a，/wd是/vshi真/a的/ude1是/vshi我们/rr发自/v于/p内心/n，/wd我们/rr这种/r大学/n是/vshi要/v好/a。/wj
那/rzv如果/c是/vshi这样/rzv的/ude1话/n你们/rr回去/v再/d商量/v商量/v，/wd看看/v是/vshi不/d是/vshi把/pba这个/rz两/m方面/n结合/v好/a，/wd还/d是/vshi围绕/v一个/mq学术/n评选/v呀/y，/wd这个/rz学术/n的/ude1动力/n的/ude1营造/v来/vf开展/v这个/rz活动/vn，/wd可能/v更/d好/a。/wj
昨天/t商量/v了/ule一个/mq那个/rz就是/v给/p大家/rr发/v问题/n然后/c收集/v问题/n在/p公布/v答/v案/x那个/rz，/wd那个/rz要/v不/d要/v跟/p他们/rr讲/v一下/mq。/wj
其实/d我/rr觉得/v这个/rz东西/n本身/rz我们/rr也/d是/vshi互相/d学习/v的/ude1一个/mq过程/n。/wj
可能/v我们/rr这个/rz策划/v更/d多/a还/d是/vshi偏向/n于/p一些/mq活动/vn性质/n，/wd因为/c我们/rr更/d多/ad考虑/v的/ude1是/vshi学生/n。/wj
从/p另外/rz一个/mq途径/n来/vf营造/v这个/rz氛围/n。/wj
我们/rr呢/y就是/d想/v从/p学术/n到/v学术/n来/vf推动/v，/wd你们/rr是/vshi从/p外围/f来/vf推动/v这个/rz东西/n。/wj
绕/v了/ule一个/mq圈/n。/wj
绕/v了/ule一下/mq。/wj
也/d不用/d怕/v学科/n交叉/vn，/wd也/d不用/d怕/v。/wj
不/d用/v的/ude1，/wd所有/b的/ude1问题/n我/rr是/vshi觉得/v你/rr这个/rz思考/vn的/ude1对/p，/wd但是/c你/rr可以/v拿/v出来/vf。/wj
比如/v说/v我/rr要/v举办/v这个/rz活动/vn，/wd我/rr碰到/v哪些/ry问题/n？/ww
我们/rr可以/v先/d这个/rz张/q院士/n请教/v一下/mq嘛/y。/wj
他/rr那边/rzs的/ude1资源/n丰富/a的/ude1。/wj
对/v。/wj
那个/rz学术/n委员会/n肯定/d会/v涉及/v到/v方方面面/n学科/n的/ude1，/wd专家/n这/rzv方面/n肯定/v张/nr1院士/n到/v时候/n这边/rzs应该/v是/vshi没有/v问题/n的/ude1。/wj
那/rzv要/v不/d我们/rr在/p回去/v就/p今天/t交流/v的/ude1一些/mq内容/n再/d重新/d整理/v一下/mq。/wj
好/a的/ude1好/a的/ude1。/wj
下/f周/nr1再/d跟/v几/m位/q老师/n重新/d说/v一下/mq。/wj
谢谢/v呀/y。/wj
应该/v应该/v的/ude1。/wj
1/a﻿那/rzv那/rzv款/q三千/m的/ude1在/p哪里/rys啊/y？/ww
那/rzv款/q三千/m的/ude1就是/v这/rzv款/q，/wd这/rzv款/q床/n硬/a嘛/y，/wd像/p有些/rz老人/n啊/y，/wd就/d喜欢/vi硬/a的/ude1。/wj
这/rzv款/q呢/y，/wd老年人/n比较/d喜欢/vi，/wd而且/c价位/n也/d适中/a。/wj
我们/rr呢/y，/wd为什么/ryv说/v按照/p人体/n工程学/n来/vf设计/v呢/y？/ww
就/d是/vshi他/rr是/vshi专/d为/v青少年/n设计/vn的/ude1。/wj
哪/rzv哪/rzv款/q比较/d适合/v我们/rr这个/rz年纪/n呢/y？/ww
你们/rr睡/v的话/udh，/wd像/p这/rzv款/q也/d可以/v啊/y！/wt
还有/v我/rr刚才/t给/p你/rr推荐/v的/ude1368/m。/wj
但是/c你/rr如果/c想/v高端/n一点/m啊/y，/wd那个/rz舒适度/n再/d那个/rz一点/m，/wd可以/v选择/v我们/rr的/ude1580./m这/rzv款/q是/vshi乳胶/n的/ude1是/vshi吧/y？/ww
对/v。/wj
这/rzv款/q多少/ry钱/n啊/y？/ww
这/rzv款/q八千七/m。/wj
你/rr如果/c想/v走/v高端/n一点/m的/ude1哦/o，/wd那/c你/rr就/d可以/v选/v乳胶/n。/wj
卖/v的/ude1最/d好/a的/ude1是/vshi哪/ry款/n啊/y？/ww
卖/v的/ude1最/d好/a呀/y。/wj
我们/rr这/rzv边/k的/ude1话/n，/wd其实/d每/rz一/m款/q走/v的/ude1都/d挺/d好/a的/ude1。/wj
因为/p每/rz一个/mq顾客/n需要/v是/vshi不/d一样/uyy的/ude1啊/y。/wj
有时候/d越/d好/a的/ude1不/d一定/d适合/v你/rr。/wj
你/rr可以/v试/v一下/mq。/wj
我/rr这样/rzv光/d坐/v，/wd又/d不/d是/vshi睡/v也/d感觉/v不/d出来/vf呀/y。/wj
你/rr平常/a在/p家/n是/vshi睡/v软/a的/ude1还/d是/vshi硬/a的/ude1？/ww
我/rr现在/t睡/v的/ude1吧/y，/wd是/vshi偏/d这个/rz硬度/n的/ude1。/wj
哦/e，/wd偏/d这个/rz硬度/n的/ude1。/wj
但/c我/rr其实/d不/d知道/v睡/v软/a的/ude1会/n怎么样/ryv啊/y。/wj
但是/c我们/rr的/ude13D/x床垫/n呢/y，/wd是/vshi不/d挑/v人/n睡/v，/wd不管/c你/rr睡/v软/a的/ude1还/d是/vshi睡/v硬/a的/ude1，/wd都/d可以/v。/wj
这/rzv块/q是/vshi买/v的/ude1最/d火/a的/ude1吗/y？/ww
