还/d是/vshi什么/ry？/ww
嗯/e对/v，/wd这/rzv款/q是/vshi我们/rr的/ude1主打款/n，/wd一/m万/m九千九百二/m。/wj
有/vyou折扣/n吗/y？/ww
有/vyou有/vyou有/vyou，/wd八五/m折/q，/wd打/v完/vi折/vi是/vshi一/m万/m五千/m多/m。/wj
这/rzv整/m场/qv都/d八五/m折/q是/vshi吗/y？/ww
对/p对/p对/v。/wj
一/m万/m九/m，/wd打/v完/vi折/vi一/m万/m八/m？/ww
不/d对/p不对/a，/wd打/v完/vi折/vi一/m万/m五千/m多/m。/wj
一/m万/m五/m是/vshi吧/y？/ww
好/a呀/y，/wd我/rr看/v一下/mq。/wj
那/rzv要/v不/d你/rr今天/t还/d不/d打算/v买/v的/ude1话/n，/wd就/d先/d看看/v，/wd下/f个/q月/n我们/rr商场/n有/vyou个/q活动/vn。/wj
哦/e，/wd我/rr看见/v了/y，/wd你们/rr也/d参与/v吗/y？/ww
对/p，/wd现在/t嘛/y，/wd我们/rr是/vshi打/v八五/m折/q，/wd那/rzv到/v时候/n商场/n还有/v三/m个/q点/qt。/wj
相对/d来说/uls，/wd到/v时候/n你/rr买/v的/ude1话/n优惠/vn一些/mq。/wj
三/m个/q点/n？/ww
就/d大概/d是/vshi七/m折/q是/vshi吗/y？/ww
对/p对/p对/p，/wd我们/rr是/vshi给/p你/rr折扣/n，/wd然后/c商场/n还/d会/v返/v给/p你/rr三/m个/q点/qt。/wj
下/f周/nr1跟/v？/ww
就/d是/vshi下/f个/q月/n开始/v嘛/y。/wj
下/f个/q月/n开始/v，/wd是/vshi一个/mq月/n吗/y？/ww
没有/d没有/v。/wj
就/p两/m周/qt？/ww
三十/m号/q到/v六/m号/q预售/vn，/wd然后/c七/m号/q到/v八/m号/q呢/y，/wd是/vshi来/vf全/a额/n付清/v。/wj
全/a额/n付清/v之后/f呢/y，/wd如果/c满/v三千/m还/d可以/v送/v超市/n卡/n，/wd一百/m块/q钱/n的/ude1超市/n卡/n。/wj
你/rr这个/rz店/n是/vshi他/rr的/ude1直营店/n还是/c加盟店/n啊/y？/ww
加盟/v。/wj
没/d区别/v的/ude1是/vshi吧/y？/ww
就/d是/vshi经销商/n。/wj
产品/n都/d一样/uyy的/ude1是/vshi吗/y？/ww
对/p，/wd都/d一样/uyy。/wj
杭州/ns经销商/n就/d一个/mq是/vshi吗/y？/ww
对/p，/wd同一个/b。/wj
我们/rr这边/rzs呢/y，/wd杭州/n欧亚达/n也/d有/vyou，/wd那边/rzs是/vshi总店/n。/wj
哦/e，/wd那边/rzs是/vshi总店/n是/vshi吧/y？/ww
那/c我/rr要/v是/vshi在/p这边/rzs买/v，/wd你/rr送/v过去/vf的/ude1话/n，/wd是/vshi怎么/ryv着/vi？/ww
送/v过去/vf的/ude1话/n，/wd免费/vd送/v的/ude1，/wd反正/d一个/mq星期/n之内/f打电话/vi给/p我们/rr，/wd都/d可以/v的/ude1。/wj
因为/p我们/rr的/ude1货/n的/ude1话/n就/d在/p滨江/n。/wj
哦/e，/wd你们/rr的/ude1仓库/n在/p滨江/n？/ww
然后/c我/rr要/v是/vshi什么/ry的/ude1话/n，/wd你们/rr就/d直接/ad送/v到/v我家/n是/vshi吗/y？/ww
对/p对/p对/p，/wd那/rzv肯定/v的/ude1。/wj
那/rzv是/vshi放/v上/f去/vf还/d是/vshi你们/rr只/d负责/v送/v到/v就/d不/d管/v了/ule啊/y？/ww
那/rzv肯定/d是/vshi帮/v你/rr装/v好/a，/wd安装/v好/a嘛/y。/wj
如果/c你/rr是/vshi床架/n啊/e什么/ry都/d弄/v好/a了/y，/wd就/d买/v我们/rr床垫/n的/ude1，/wd我们/rr就/d自己/rr给/p你/rr放到/v床架/n里面/f。/wj
如果/c是/vshi在/p我们/rr这里/rzs一次性/d一整套/mq全部/m选/v了/y，/wd我们/rr都/d包括/v安装/v的/ude1。/wj
你们/rr这个/rz跟/p其他/rzv的/ude1那些/rz牌子/n。/wj
。/wj
。/wj
这个/rz是/vshi国内/s的/ude1牌子/n是/vshi吧/y？/ww
对/p的/ude1，/wd是/vshi国内/s的/ude1牌子/n。/wj
但是/c现在/t慕思/nz3D/x呢/y，/wd是/vshi属于/v国际/n一线/n品牌/n的/ude1！/wt
嗯/e，/wd我/rr也/d是/vshi知道/v它/rr在/p国内/s还/d算/v比较/d不错/a的/ude1。/wj
行/vi吧/y。/wj
那/c你们/rr跟/p他们/rr那些/rz比/p差不多/al是/vshi吧/y？/ww
比/p什么/ry？/ww
跟/p别人/rr家/n比/p吗/y？/ww
对/v。/wj
那/rzv是/vshi没/v法/b比/n！/wt
就/d还是/d不/d太/d好/a是/vshi吗/y？/ww
你/rr的/ude1意思/n是/vshi跟/p旁边/f的/ude1这些/rz喜临门/vi啊/y什么/ry的/ude1比/p吗/y？/ww
嗯/e。/wj
那/rzv是/vshi我们/rr慕思/nz3D/x卖/v的/ude1是/vshi最/d好/a的/ude1。/wj
床垫/n的话/udh，/wd你/rr去/vf看/v，/wd慕思/nz3D/x的/ude1床垫/n你/rr去/vf看/v哦/e，/wd我们/rr这/rzv边/k的/ude1床垫/n非常/d好/a。/wj
因为/p喜临门/vi她们/rr啊/y，/wd都/d是/vshi本土/n品牌/n。/wj
像/p我们/rr就/d是/vshi国际/n一线/n品牌/n，/wd它/rr跟/p三一五/m协会/n啊/y，/wd什么/ry都/d是/vshi合作/v的/ude1。/wj
哦/e，/wd这/rzv样子/n啊/y。/wj
这个/rz店/n是/vshi个/q新/a店/n是/vshi吗/y？/ww
这个/rz嘛/y，/wd这个/rz市场/n本来/d也/d是/vshi新/a的/ude1，/wd才/d开/v两年/m。/wj
我们/rr刚好/d也/d是/vshi进来/vf两年/m。/wj
哦/e，/wd就是/v这边/rzs太/d偏/a了/y！/wt
交通/n也/d不/d是/vshi很/d方便/a。/wj
其实/d，/wd到/v这边/rzs来/vf的/ude1话/n还/d是/vshi挺/d多/a的/ude1。/wj
比如说/vl海宁/ns，/wd到/v我们/rr这边/rzs也/d有/vyou，/wd富阳/ns，/wd跑/v到/v这/rzv边/k的/ude1也/d有/vyou。/wj
哦/e，/wd你们/rr在/p这个/rz位置/n就是/v为了/p吸引/v那边/rzs的/ude1人/n是/vshi吧/y？/ww
不/d是/vshi说/v杭州/ns主城/n啊/y。/wj
那/rzv不/d是/vshi说/v，/wd杭州/ns的/ude1都/d会/v过来/vf呀/y。/wj
像/p临平/nr2也/d会/v过来/vf的/ude1啊/y！/wt
其实/d顾客/n是/vshi这样/rzv的/ude1对/p吧/y，/wd就是/d看/v哪里/rys有/vyou活动/vn就/d去/vf哪里/rys了/y。/wj
嗯/e，/wd对/p，/wd我/rr也/d是/vshi看/v这里/rzs有/vyou活动/vn。/wj
那/c我们/rr商场/n下/f个/q月/n两/m周年/q庆典/n活动/vn，/wd那/rzv其他/rzv商场/n是/vshi没有/v活动/vn的/ude1呀/y，/wd那/c你/rr去/vf别的/rzv地方/n肯定/d对/p呀/y。/wj
好/a的/ude1，/wd那/c我/rr再/d看/v一下/mq。/wj
你/rr有/vyou没/d有/vyou一/m个/q，/wd就/d是/vshi产品/n的/ude1。/wj
哦/e这/rzv是/vshi产品/n的/ude1小册子/n吗/y？/ww
嗯/e，/wd你/rr拿/v这个/rz吧/y！/wt
或者/c拿/v这个/rzV6/x的/ude1也/d可以/v。/wj
或者/c我/rr看/v的/ude1那/ry几/m款/q床垫/n的/ude1给/p我/rr看看/v。/wj
这/rzv上面/f都/d有/vyou价格/n的/ude1吗/y？/ww
没有/v。/wj
那/c你/rr刚刚/d给/p我/rr推荐/v的/ude1几/m款/q这/rzv上面/f有/vyou吗/y？/ww
有的/rz是/vshi没有/d介绍/v的/ude1。/wj
像/p这/rzv款/q的/ude1话/n，/wd这/rzv本/q上/f是/vshi有/vyou的/ude1。/wj
像/p门口/s这/rzv款/q868/m的/ude1，/wd就是/v这个/rz。/wj
那个/rz是/vshi五/m万/m多/m是/vshi吧/y？/ww
打/v完/vi折/vi是/vshi四/m万/m？/ww
嗯/e对/v，/wd打/v完/vi折/vi就/d三/m万/m多/m吧/y。/wj
三/m万/m多/m是/vshi吧/y？/ww
嗯/e，/wd你/rr那/rzv这个/rz好/a了/y。/wj
你/rr主要/d是/vshi看/v床垫/n，/wd就/d拿/v这个/rz吧/y！/wt
嗯/e，/wd好/a的/ude1，/wd上面/f有/vyou价格/n的/ude1是/vshi吧/y？/ww
呃/y，/wd没有/v价格/n的/ude1。/wj
你/rr如果/c要/v看/v价格/n的/ude1话/n上/v我们/rr的/ude1官方网站/n。/wj
就/d是/vshi网上/s的/ude1价格/n是/vshi一样/a的/ude1是/vshi吗/y？/ww
对/p，/wd价格/n是/vshi一样/a的/ude1，/wd系列/n也/d是/vshi一样/a的/ude1。/wj
就/d是/vshi比/p网站/n上/f便宜/a个/q八五/m折/q是/vshi吧/y？/ww
嗯/e。/wj
。/wj
。/wj
网站/n上/f是/vshi原价/n还是/d折/vi后/f价/n？/ww
网站/n上/f是/vshi原价/n的/ude1。/wj
但是/c网上/s我们/rr不/d销售/v的/ude1。/wj
万一/d有/vyou销售/vn的/ude1你/rr要/v注意/v了/ule啊/y！/wt
我/rr给/p你/rr找/v个/qV6/x的/ude1，/wd床架/n也/d还是/d要/v买/v的/ude1哦/o！/wt
你/rr拿/v着/uzhe这个/rz也/d看看/v。/wj
你们/rr两/m个/q店/n的/ude1床垫/n没/v差别/n是/vshi吧/y？/ww
就/d是/vshi折扣/n有/vyou差别/n？/ww
折扣/n平时/t也/d没/v差别/n，/wd就/d是/vshi活动/vn，/wd商场/n跟/p商场/n之间/f有/vyou差别/n。/wj
那/rzv这边/rzs卖/v的/ude1好/a还是/c欧亚达/nrf卖/v得/ude3好/a呀/y？/ww
那/rzv肯定/d是/vshi欧亚达/n咯/y，/wd他们/rr那/rzv是/vshi闹市区/n，/wd当然/d卖/v得/ude3好/a咯/y./wj
那/c我/rr再/d转转/v，/wd谢谢/v啊/y！/wt
哎/e，/wd没事儿/v。/wj
