那/rzv反正/d他/rr闲/v着/uzhe也/d是/vshi闲/v着/uzhe是/vshi吧/y，/wd那/c他/rr就/d很/d有/vyou可能/n跟/p你/rr聊聊/v。/wj
并且/c至少/d的话/udh，/wd这样/rzv的/ude1人/n不/d会/v看到/v你/rr在/p拍照/vi，/wd你/rr在/p记/v价格/n什么/ry的/ude1起/vf很/d大/a的/ude1疑心/v，/wd然后/c就/d把/pba你/rr赶走/v了/y。/wj
然后/c，/wd消费者/n这/rzv一块儿/d，/wd我/rr觉得/v你/rr肯定/d是/vshi要/v亮/v身份/n的/ude1，/wd不然/c的话/udh，/wd就是说/c，/wd我/rr就/d平白/a无故/d来/vf找/v你/rr做/v研究/vn，/wd这个/rz好像/v不/d是/vshi很/d合理/a。/wj
这样/rzv的/ude1话/n你/rr是/vshi肯定/d要/v亮/a身份/n的/ude1。/wj
然后/c，/wd还有/v的/ude1呢/y，/wd就是说/c像/v刚刚/dcherry/x说/v的/ude1这样/rzv，/wd你/rr如果/c遇到/v正/d在/p交谈/vi的/ude1，/wd你/rr也/d可以/v多/ad问问/v，/wd去/vf讨/v点信息/n。/wj
我/rr的/ude1感觉/n是/vshi，/wd明天/t是/vshi周/nr1六/m嘛/y，/wd客户/n会/v比较/d多/a。/wj
你/rr可以/v就/d听/v着/uzhe，/wd因为/c我们/rr问/v的/ude1很多/m问题/n其实/d他们/rr会/v在/p对话/vi中/f冒/v出/vf来/vf的/ude1。/wj
对/p的/ude1。/wj
比如/v说/v“/wyz这个/rz多少/ry钱/n啊/y，/wd我/rr看重/v什么/ry啊/y，/wd你/rr这个/rz牌子/n怎么样/ryv啊/y？/ww
”/wyy嗯/e，/wd好/a。/wj
而且/c反正/d你/rr先/d听/v一/m听/v，/wd你/rr也/d可以/v先/d知道/v谁/ry比较/d愿意/v聊/v嘛/y。/wj
好/a。/wj
然后/c，/wd我们/rr这边/rzs是/vshibook/x了/ule你/rr几/m天/qt？/ww
是/vshi一/m天/qt还/d是/vshi两/m天/qt？/ww
呃/y，/wd他/rr跟/p我/rr说/v是/vshi一/m天/qt，/wd因为/c我们/rr这边/rzs有/vyou半/m天/qt是/vshi在/p考试/vn，/wd所以/c我/rr可能/v不行/a，/wd所以/c我/rr周末/t是/vshi可以/v的/ude1。/wj
然后/c我/rr是/vshi这样/rzv想/v的/ude1，/wd如果/c说/v周日/t客人/n实在/d是/vshi太/d多/a了/y，/wd我/rr可能/v没有/v办法/n跟/p店员/n再/d聊/v，/wd我/rr可以/v周一/t再/d去/vf一下/mq，/wd但/c我/rr不/d知道/v你们/rr是/vshi不/d是/vshi很/d急/a的/ude1要/voutput/x。/wj
嗯/e，/wd我/rr觉得/v这边/rzs周日/t有/vyou一些/mqinput/x，/wd周/nr1一/m再/d来/vf点/qt应该/v没/v问题/n。/wj
因为/c，/wd怎么/ryv说/v呢/y，/wdcherry/x今天/t下午/t去/vf做/v调研/vn的/ude1时候/n还/d是/vshi挺/d花/v时间/n的/ude1，/wd因为/c我们/rr其他/rzv人/n也/d都/d没有/v去/vf做/v，/wd我们/rr其实/d没有/v什么/ry把握/v，/wd到底/d这个/rz时间/n应该/v怎么/ryv分配/v。/wj
一/m个/q家具城/n大概/d要/v多久/ryt啊/y？/ww
啊/y？/ww
你/rr说/v什么/ry？/ww
就/d是/vshicherry/x在/p吗/y？/ww
现在/t。/wj
在/v。/wj
是/vshi这样/rzv的/ude1，/wd我/rr下午/t差不多/al一个/mq人/n半/m小时/n，/wd我/rr聊/v了/ule四/m个/q人/n，/wd所以/c差不多/al在/p那里/rzs前前后后/dl两/m个/q多/a小时/n。/wj
再/d加上/v你/rr找/v地方/n啊/y，/wd转转/v啊/y，/wd打车/v啊/y。/wj
你/rr要/v是/vshi去/vf的/ude1话/n我/rr觉得/v你/rr可以/v前/f几/m个/q店/n先/d问/v写/vqualitative/x的/ude1东西/n，/wd问/v的/ude1差不多/al了/y之后/f，/wd有/vyou一些/mq你/rr已经/d知道/v的/ude1，/wd有把握/vl的/ude1就/d不/d用/v在/p重复/vd问/v了/y，/wd你/rr就/d多/ad要/v些/q数字/n回来/v。/wj
嗯/e，/wd好/a。/wj
那/rzv就/d是/vshi那个/rz我/rr有/vyou两/m个/q担心/v，/wd第一/m个/q是/vshi你/rr拍/v照片/n的/ude1时候/n会/v不/d会/v受到/v阻挠/v啊/y？/ww
你/rr是/vshi亮/vi了/ule身份/n之后/f拍/v，/wd还是/d亮/a身份/n之前/f就/d可以/v拍/v？/ww
这个/rz的话/udh，/wd我们/rr的/ude1一个/mq策略/n就/d是/vshi，/wd首先/c你/rr可以/v问/v他/rr“/wyz这个/rz我/rr可不可以/v拍/v张/q照/v？/ww
这个/rz我/rr要/v跟/p我/rr男朋友/n商量/v一下/mq，/wd然后/c看看/v买/v哪/ry张/q？/ww
”/wyy之类/rz的/ude1。/wj
嗯/e嗯/e好/a。/wj
反正/d你/rr就/d是/vshi准备/v亮/a身份/n的/ude1话/n无所谓/vl，/wd你/rr要/v不/d准备/v亮/vi的/ude1话/n，/wd你/rr就/d说/v“/wyz我/rr回去/v跟/v家/q人/n商量/v一下/mq”/wyy什么/ry的/ude1。/wj
这个/rz我/rr觉得/v应该/v可能/v还/d好/a吧/y，/wd反正/d你/rr试/v一下/mq吧/y。/wj
我们/rr反正/d都/d不/d太/d有/vyou经验/n。/wj
第二/m个/q是/vshi关于/p价格/n的/ude1问题/n啊/y，/wd你/rr刚刚/d说/v他/rr不/d是/vshi所有/b的/ude1产品/n都/d放/v出来/vf，/wd而且/c要/v根据/pSKU/x记/v价格/n嘛/y，/wd然后/c他/rr店/n里/f有/vyou没/d有/vyou说/v产品/n的/ude1介绍/vn会/v发给/v你/rr啊/y？/ww
有的/rz。/wj
有的/rz是/vshi吗/y？/ww
上面/f有/vyou价/n钱/n吗/y？/ww
肯定/d是/vshi没有/v的/ude1。/wj
有/vyou一个/mq东西/n是/vshi这样/rzv的/ude1，/wd你/rr问/v一下/mq他/rr你们/rr这里/rzs打/v多少/ry折/vi。/wj
因为/p我/rr看/v下来/vf是/vshi这样/rzv的/ude1，/wd基本上/d都/d有/vyou折扣/n。/wj
就/d是/vshi标价/v跟/p成交价/n是/vshi不/d一样/uyy的/ude1。/wj
对/v。/wj
哦/e，/wd好/a的/ude1。/wj
其实/d就是/v你/rr首先/d要/v问/v一下/mq标价/n，/wd然后/c再/d问/v一/m下/f打/v多少/ry折/vi。/wj
然后/c你/rr再/d问/v一下/mq“/wyz你们/rr这儿/rzs成交量/n最/d大/a的/ude1大概/d在/p哪/ry一个/mq价位/n？/ww
”/wyy我/rr可以/v问/v他/rr哪个/ry买/v的/ude1最/d好/a，/wd那个/rz就/d是/vshi成交量/n最/d大/a的/ude1价格/n。/wj
是的/vl。/wj
你/rr可以/v问问/v“/wyz有/vyou没/d有/vyou打折/vn促销/vn活动/vn？/ww
有/vyou什么/ry产品/n参加/v了/ule啊/y？/ww
”/wyy之类/rz的/ude1。/wj
我/rr是/vshi觉得/v你/rr可以/v周六/t晚上/t把/pba那/rzv几/m个/q家具城/n的/ude1地址/n都/d搞搞/v，/wd看看/v哪/ry一个/mq路线/n近/a，/wd是/vshi最/d方便/a的/ude1。/wj
反正/d我/rr觉得/v大概/d粗粗/d的话/udh，/wd你/rr做/v掉/v一个/mq家具城/n怎么着/ryv儿/ng也/d要/v两三/m个/q小时/n的/ude1样子/n。/wj
嗯/e。/wj
所以/c，/wd你/rr周日/t一/m天/qt。/wj
。/wj
。/wj
而且/c家具城/n就是/v从/p上午/t十点/m开/v到/p下午/t五点/m嘛/y。/wj
基本/a上/f，/wd我/rr估计/v你/rr周日/t也/d就/d是/vshi两三/m家/q这样/rzv子/ng的/ude1一个/mq情况/n。/wj
这个/rz，/wd你/rr不用/d担心/v，/wd我们/rr这/rzv边/k的/ude1话/n，/wd你/rr周日/t和/cc周一/t应该/v都/d还/d可以/v，/wd你/rr周日/t有点/dinput/x进来/vf，/wd然后/c周一/t有点/dinput/x进来/vf，/wd这个/rz是/vshi没有/v问题/n的/ude1。/wj
好/a的/ude1。/wj
嗯/e，/wd好/a呀/y！/wt
然后/c呢/y，/wd就/d是/vshi还有/v我/rr今天/t晚上/t的/ude1时候/n大概/d十点/m钟/n左右/m吧/y，/wd会/v把/pba我们/rr这个/rz整个/b的/ude1这个/rz压缩/v包/v，/wd包括/v我们/rr的/ude1大纲/n，/wd表格/n，/wd包括/v我们/rr刚刚/d提到/v的/ude1这些/rz再/d发邮件/n给/p到/v你/rr。/wj
还有/v就/d是/vshi你/rr看/v完/vi这个/rz大纲/n之后/f还有/v什么/ry问题/n，/wd你/rr可以/v打电话/vi给/p我/rr和/cccherry/x，/wd我/rr会/v把/pba我们/rr的/ude1电话号码/n都/d附上/v。/wj
还有/v就/d是/vshi你/rr觉得/v你/rr第一/m天/qt去/vf做/v，/wd你/rr觉得/v你/rr会/v遇到/v什么样/ryv的/ude1问题/n你/rr也/d随/v时/ng就/d联系/v我们/rr，/wd这个/rz都/d没有/v问题/n。/wj
好/a的/ude1，/wd这样/rzv我/rr在/p去/vf之前/f再/d想/v一下/mq整个/b过程/n，/wd看看/v有/vyou什么/ry问题/n我/rr再/d邮件/n或者/c电话/n联系/v你们/rr吧/y！/wt
好/a的/ude1呀/y！/wt
好/a的/ude1呀/y！/wt
反正/d我们/rr也/d会/v把/pba重要/a问题/n高亮/v，/wd你/rr有/vyou任何/rz问题/n都/d可以/v联系/v我们/rr。/wj
好/a呀/y！/wt
非常/d感谢/v你/rr，/wd让/v你/rr还/d没有/d入/v职/ng前/f就/d做/v这么/rz有/vyouchallenge/x的/ude1活动/vn。/wj
哈哈/o！/wt
哦/o对/p对/p，/wd还有/v一点/m就/d是/vshi，/wd听说/v他们/rr那边/rzs买/v东西/n，/wd就/d是/vshi吃/v不/d是/vshi很/d方便/a，/wd所以/c你/rr最/d好/a带/v上/vf一点/m午饭/n和/cc食品/n之类/rz的/ude1。/wj
因为/p整个/b路程/n可能/v比较/d赶/v嘛/y，/wd尽量/d不要/d因为/p饿/v肚子/n这个/rz事情/n搞/v不好/a。/wj
