那/c我/rr如果/c买/v的/ude1话/n，/wd你们/rr都/d可以/v给/p我/rr免费/vd送/v到/v家/n吗/y？/ww
对/p的/ude1，/wd免费/vi的/ude1！/wt
那/rzv安装/v也/y？/ww
安装/v也/d是/vshi免费/vi的/ude1。/wj
我们/rr就/d是/vshi式样/n比较/d多/a，/wd像/v是/vshi软/a的/ude1硬/a的/ude1我们/rr都/d有/vyou的/ude1！/wt
你/rr这边/rzs是/vshi有/vyou九/m，/wd十/m款/q是/vshi吗/y？/ww
对/p的/ude1。/wj
您/rr贵姓/n？/ww
我/rr姓/vX/x。/wj
您/rr电话/n留/v一/m个/q吧/y，/wd反正/d您/rr也/d不/d急/v着/uzhe要/v，/wd我/rr这边/rzs一/m有/vyou折扣/n就/d联系/v您/rr。/wj
好/a，/wd那/c你/rr这边/rzs有/vyou什么/ry小册子/n给/p我/rr看看/v吗/y？/ww
给/p您/rr。/wj
你们/rr就/d是/vshi一年/m店庆/v的/ude1时候/n吗/y？/ww
店庆/v啊/y我们/rr就/d是/vshi年底/t，/wd折扣/n的/ude1力度/n很/d大/a。/wj
就/d是/vshi跟/p商场/n一起/d是/vshi吗/y？/ww
对/p，/wd我们/rr感恩节/t商场/n有/vyou个/q活动/vn。/wj
这个/rz折扣/n也/d出来/vf了/y，/wd六五/m折/q。/wj
六五/m折/q？/ww
这么/rz大/a？/ww
对/p，/wd就/d在/p这个/rz周末/t。/wj
这个/rz卡/n是/vshi？/ww
这个/rz卡/n是/vshi送/v您/rr的/ude1。/wj
这个/rz卡/n啊/y，/wd不管/c您/rr在/p哪个/ry门/n店/n里/f买/v床垫/n或者/c是/vshi床具/n，/wd打/v完/vi折/vi之后/f还/d可以/v再/d减/v五百/m块/q。/wj
您/rr明白/v了/ule吧/y？/ww
明白/v了/y！/wt
这个/rz卡/n呢/y是/vshi送/v您/rr的/ude1，/wd但是/c前提/n呢/y是/vshi要/v留下/v您/rr的/ude1联系/vn方式/n，/wd因为/c他们/rr活动/vn的/ude1时候/n会/v联系/v您/rr的/ude1。/wj
那/c您/rr电话/n留/v一/m个/q吧/y。/wj
嗯/e，/wd好/a呀/y。/wj
那/rzv有空/vi的/ude1时候/n您/rr带/v着/uzhe家人/n来/vf试/v一下/mq，/wd软/a硬/a舒适度/n什么的/r。/wj
我/rr给/p您/rr一/m份/q资料/n，/wd您/rr可以/v到/v网上/s去/vf看/v一下/mq。/wj
金可儿/nr这个/rz牌子/n还是/c口碑/n比较/d好/a的/ude1。/wj
你/rr这个/rz店/n比/p别的/rzv店/n展示/v的/ude1多/m一点/m是/vshi吧/y？/ww
其他/rzv像/p欧亚达/nrf啊/y，/wd红星/n啊/e都/d没有/v你们/rr的/ude1牌子/n了/ule是/vshi吧/y？/ww
嗯/e，/wd我/rr刚刚/d说/v了/y，/wd杭州/ns就/d三/m家/q店/n，/wd一个/mq是/vshi我们/rr，/wd还有/v一个/mq滨/ng江/nr1大都会/n，/wd还有/v一个/mq在/p城/n西/f那个/rz新/a时代/n。/wj
所有/b的/ude1展厅/n呢/y，/wd就/d是/vshi三/m个/q展厅/n里/f我们/rr这个/rz展厅/n比较/d大/a了/ule就是说/c，/wd展示/v出/vf的/ude1床垫/n也/d是/vshi比较/d多/a。/wj
行/ng，/wd那/rzv谢谢/v啊/y！/wt
这/rzv是/vshi您/rr的/ude1联系/vn方式/n是/vshi吧/y？/ww
对/p，/wd这/rzv是/vshi我/rr的/ude1联系/vn方式/n。/wj
等/v您/rr有/vyou空/a的/ude1时候/n去/vf网上/n看看/v，/wd再/d来/vf我们/rr店/n里/f。/wj
好/a的/ude1，/wd我/rr要/v来/vf就/d来/vf这个/rz吧/y！/wt
其他/rzv两/m个/q都/d太/d远/a了/y。/wj
对/p，/wd我们/rr这里/rzs停车/vi什么/ry的/ude1也/d很/d方便/a。/wj
好/a，/wd那/rzv谢谢/v，/wd再见/vi。/wj
哎/e，/wd再见/vi！/wt
这/rzv款/q是/vshi袜子/n吗/y？/ww
对/p，/wd这/rzv是/vshi最新/a的/ude1踩/v脚/n袜/ng。/wj
这个/rz比/p那个/rz好看/a我/rr觉得/v。/wj
哎/e对/v。/wj
就/p这/rzv一/m种/q吗/y？/ww
还有/v其他/rzv的/ude1吗/y？/ww
不怎么/vl漏风/vi的/ude1？/ww
这种/r它/rr不怎么/vl漏风/vi的/ude1，/wd这/rzv款/q是/vshi羊绒/n的/ude1。/wj
现在/t穿/v正好/z，/wd过/d段时间/n可能/v要/v加/v一下/mq。/wj
哦/e哦/e哦/e，/wd你/rr说/v现在/t单/d穿/v这/rzv一/m条/q就/d行/vi了/y啊/y？/ww
过/vf段时间/n可能/v要/v再/d加/v一/m条/q？/ww
哎/e对/v。/wj
呵呵/e，/wd我/rr现在/t就/d已经/d穿/v了/ule两/m天/qt。/wj
我/rr看看/v。/wj
那/c你/rr拿/v九分/m的/ude1好/a了/y。/wj
有/vyou没/d有/vyou灰色/n的/ude1呀/y？/ww
深灰色/n的/ude1好像/v，/wd没有/v了/y。/wj
这个/rz是/vshi比/p那个/rz要/v厚/a吗/y？/ww
嗯/e，/wd要/v厚/a。/wj
这个/rz是/vshi比较/d柔软/a的/ude1。/wj
这个/rz没有/v灰/ag的/ude1了/y？/ww
我/rr记得/v我/rr去年/t在/p你/rr这里/rzs买/v了/ule一/m条/q深灰/b的/ude1，/wd但是/c我/rr找/v不/d到/v了/y。/wj
深灰/b的/ude1好像/v只有/c带/v花/n的/ude1有/vyou了/y。/wj
单色/b的/ude1我们/rr也/d卖/v的/ude1挺/d好/a的/ude1。/wj
这/rzv都/d是/vshi线/n的/ude1吗/y？/ww
哎/e，/wd而且/c这个/rz地方/n很/d容易/ad踩/v上去/vf。/wj
踩/v上/f去/vf我/rr就/d觉得/v穿/v靴子/n很/d不/d舒服/a，/wd那个/rz地方/n总是/d凉/a凉/a的/ude1。/wj
这个/rz不/d会/v的/ude1，/wd这个/rz是/vshi绑/v上去/vf的/ude1。/wj
这个/rz多少/ry钱/n？/ww
这个/rz二十五/m块/q，/wd跟/p那个/rz是/vshi一样/a的/ude1。/wj
长/a短/a没/d有/vyou区别/n是/vshi吧/y？/ww
嗯/e，/wd均码/n的/ude1。/wj
能/v不能/v便宜/a五/m块/q钱/n？/ww
这个/rz价格/n真的/d是/vshi不/d贵/a的/ude1，/wd我们/rr都/d是/vshi原价/n的/ude1。/wj
这种/r是/vshi好/a的/ude1是/vshi吗/y？/ww
对/p呀/y！/wt
这种/r是/vshi会/v暖和/a吗/y？/ww
嗯/e，/wd这种/r暖和/a。/wj
这个/rz多少/ry钱/n？/ww
这个/rz二十五/m块/q。/wj
那/c你/rr这个/rz要/v搭/v。/wj
。/wj
。/wj
哦/e，/wd我/rr有/vyou深色/b的/ude1外衣/n的/ude1，/wd这/rzv两/m个/q倒/d是/vshi搭/v起来/vf都/d好/a的/ude1。/wj
我/rr看看/v啊/y！/wt
嗯/e，/wd好/a。/wj
这个/rz是/vshi黑色/n的/ude1是/vshi吧/y？/ww
嗯/e，/wd还是/d斜/a条纹/n的/ude1，/wd穿/v上/f显/v瘦/a的/ude1。/wj
嗯/e？/ww
斜/a条纹/n显/v瘦/a吗/y？/ww
对/p呀/y，/wd斜/v条纹/n显/v瘦/a的/ude1。/wj
这/rzv两/m个/q哪个/ry好看/a啊/y？/ww
这/rzv两/m个/q啊/y？/ww
我/rr比较/d喜欢/vi这个/rz颜色/n。/wj
我/rr能/v打开/v看/v一/m看/v吗/y？/ww
可以/v啊/y！/wt
这个/rz会/v不/d会/v显/v胖/a啊/y？/ww
当然/d不/d会/v显/v胖/a啊/y！/wt
主要/d我/rr不/d知道/v白色/n在/p这里/rzs是/vshi什么/ry效果/n。/wj
这/rzv是/vshi你/rr的/ude1吗/y？/ww
手机/n是/vshi不/d是/vshi你/rr的/ude1啊/y？/ww
哦/e，/wd是/vshi我/rr的/ude1。/wj
拿/v好/a，/wd别/d忘记/v了/y！/wt
好/a的/ude1，/wd那/rzv就/d拿/v这个/rz吧/y！/wt
哎/e，/wd我/rr喜欢/vi这个/rz颜色/n，/wd可/c是/vshi这个/rz没有/v灰色/n的/ude1了/y。/wj
哎/e，/wd没有/v了/y。/wj
真/a的/ude1没有/v灰色/n了/y啊/y？/ww
嗯/e，/wd都/d卖/v完/vi了/y。/wj
哎/e，/wd鹏哥/nr，/wd帮/v我/rr做/v个/q决定/n！/wt
哎/e，/wd我/rr应该/v叫/vi瑶瑶/nr来/vf的/ude1。/wj
这/rzv两/m个/q哪儿/rys好/a？/ww
这个/rz。/wj
好/a，/wd就/d这个/rz了/y。/wj
多少/ry钱/n？/ww
二十五/m。/wj
你/rr不/d给/v便宜/a点/n？/ww
我/rr常/d来/vf买/v的/ude1。/wj
收/v你/rr二十三/m好/a了/y。/wj
你们/rr也/d不/d说/v办/v个/q会员卡/n什么/ry的/ude1。/wj
嗯/e，/wd呵呵/e，/wd怪/v麻烦/an的/ude1。/wj
你/rr就/d弄/v个/q卡片/n，/wd上面/f画/v上/vf格子/n就/d行/vi啊/y！/wt
好/a，/wd给/p您/rr。/wj
谢谢/v，/wd拜拜/v！/wt
再见/vi。/wj
﻿/x10点/t50/m了/ule回去/v洗洗/v睡/v了/y，/wd买/v包/v饼干/n吃/v没/d吃/v晚饭/n好/a饿/v啊/y。/wj
我/rr买/v了/ule一/m箱/q金丝肉松饼/n，/wd我/rr现在/t都/d吃/v恶心/a了/y。/wj
其实/d我/rr觉得/v不/d好吃/a啊/y。/wj
我/rr挺/d喜欢/vi吃/v的/ude1，/wd我/rr去/vf的/ude1时候/n也/d是/vshi带/v了/ule一/m堆/q回来/v，/wd不过/c我/rr自己/rr不/d是/vshi很/d喜欢/vi吃/v。/wj
不过/c挺/d好吃/a的/ude1不/d过/uguo太/d贵/a了/y。/wj
我/rr就/d带/v四/m、/wn五/m盒/q回来/v。/wj
这个/rz店/n买/v几/m盒/q，/wd然后/c那/rz家/q店/n买/v几/m盒/q，/wd买/v的/ude1超/h多/a然后/c送/v了/ule人/n，/wd然后/c自己/rr吃/v。/wj
