好/a吗/y我/rr有/vyou听说/v过/uguo，/wd不/d知道/v这里/rzs怎么样/ryv了/y。/wj
您/rr怎么/ryv进来/vf的/ude1？/ww
对/v。/wj
我/rr也/d不/d知道/v，/wd而且/c这个/rz可以/v直接/ad接/v音响/n。/wj
对/p，/wd但是/c真/a的/ude1表演/vn的/ude1时候/n就/d不/d一样/a了/ule那/rzv到/v也/d是/vshi，/wd现在/t可以/v先/d用/v这个/rz。/wj
所以/c咱们/rr中西/n结合/v。/wj
等/v一下/mq，/wd快/a点/qt快/a点/qt，/wd拜拜/v，/wd你/rr觉得/v蓝田/ns现在/t还/d开/v着/uzhe吗/y？/ww
应该/v关/v了/ule11点/t了/y啊/y，/wd你/rr也/d可以/v去/vf那个/rz有/vyou一个/mq原来/d那个/rz奶茶/n店/n，/wd现在/t卖/v东西/n都/d是/vshi挺/d好吃/a的/ude1。/wj
我/rr就/d想/v买/v饼干/n吃/v。/wj
好/a象是/v没/d开/v。/wj
11点/t了/y。/wj
1/a蒋金乐/nr老师/n采访/v者/k请/v蒋金国/nr的/ude1儿子/n，/wd请/v他/rr写/v的/ude1。/wj
哦/e就/d是/vshi请/v他/rr写/v的/ude1啊/y。/wj
他/rr的/ude1名字/n具体/a怎么/ryv写/v这个/rz我们/rr也/d不/d清楚/a。/wj
这个/rz对联/n写/v的/ude1人/n呢/y，/wd是/vshi海协会/n写/v的/ude1。/wj
原来/b国务院/nt下面/f一个/mq办公室/n，/wd现在/t那个/rz海基会/n。/wj
都/d不/d是/vshi简单/a的/ude1人/n。/wj
这个/rz是/vshi我们/rr的/ude1村长/n。/wj
村长/n好/a。/wj
海协会/n的/ude1副/b会长/n。/wj
这/rzv是/vshi刘海寿/nr写/v的/ude1，/wd刘海寿/nr知道/v嘛/y？/ww
跟/p齐白石/nr齐名/vi的/ude1，/wd齐白石/nr，/wd徐悲鸿/nr，/wd他们/rr齐名/vi。/wj
（/wkz这个/rz就/d是/vshi莫言/nr写/v的/ude1，/wd是/vshi麦家/nr请/v他/rr写/v的/ude1。/wj
我们/rr知道/v麦家/nr前段/t时间/n还/d过来/vf了/y。/wj
对/v./wj
./wj
这个/rz是/vshi黄苗子/nr写/v的/ude1。/wj
郁达夫/nr你们/rr知道/v么/y？/ww
他/rr是/vshi郁达夫/nr侄女/n的/ude1先生/n。/wj
他们/rr都/d是/vshi文化/n大家/rr。/wj
所以/c是/vshi专门/d请/v他们/rr写/v一些/mq这样/rzv的/ude1。/wj
对/p，/wd那/rzv就/p意义/n不/d一样/uyy。/wj
这/rzv幅/q对联/n是/vshi现在/t中国/ns书法家/n协会/n的/ude1主席/n，/wd张海/nr写/v的/ude1。/wj
这/rzv副/b对联/n吗/y？/ww
字/n是/vshi他/rr写/v的/ude1，/wd内容/n是/vshi老/a的/ude1。/wj
你/rr看/v上面/f写/v的/ude1“/wyz青田学士/nz西湖/ns老/a”/wyy，/wd就是/v寓意/n过去/vf的/ude1内容/n。/wj
我们/rr就/d是/vshi从青田/nr到/v了/ule西湖/ns，/wd再/d从/p西湖/ns迁/v到/v这里/rzs，/wd它/rr的/ude1来龙去脉/nl，/wd因为/c祠堂/n里面/f肯定/v有/vyou些/q匾/n就/d在/p讲/v他们/rr的/ude1来龙去脉/nl。/wj
我们/rr以前/f这个/rz地方/n叫/vi赵岭/nr，/wd从/p那个/rz地方/n到/v了/ule赵岭/nr。/wj
绵/vg就/d是/vshi繁衍/v下去/vf。/wj
王冬龄/nr知道/v嘛/y？/ww
他/rr就/d是/vshi在/p那/rzv个/q篮球场/n，/wd铺/v一个/mq宣纸/n，/wd然后/c写/v逍遥游/nz。/wj
不过/c这个/rz你们/rr都/d不/d关心/v（/wkz笑/v）/wky。/wj
。/wj
。/wj
。/wj
。/wj
。/wj
面/n的/ude1内容/n，/wd是/vshi二十四孝图/nz。/wj
二十四/m孝/ng你们/rr知道/v吧/y。/wj
我们/rr这个/rz祠堂/n，/wd就是/v从/p乾隆/nz那个/rz时候/n开始/v，/wd雕刻/v工艺/n他们/rr已经/d做/v得/ude3非常/d好/a了/y。/wj
我们/rr现在/t这/rzv代/q人/n的/ude1努力/an，/wd就是/d保护/v好/a，/wd把/pba这些/rz匾/n、/wn楹联/n，/wd请/v这么/rz多/a的/ude1大家/rr来/vf写/v。/wj
所以/c我/rr觉得/v这/rzv是/vshi我们/rr这/rzv代/q人/n做/v的/ude1比较/d好/a的/ude1，/wd对得起/v这个/rz祠堂/n的/ude1、/wn对得起/v祖先/n的/ude1一/m件/q事情/n。/wj
而/cc不/d是/vshi我们/rr随随便便/z请/v一些/mq人/n去/vf写/v一些/mq，/wd一般/a的/ude1东西/n就/d对不起/v./wj
./wj
当年/t这个/rz祠堂/n就/d造/v得/ude3一流/b的/ude1，/wd当年/t从/p它/rr的/ude1建筑/n是/vshi一流/b的/ude1，/wd现在/t也/d要/v请/v一流/b的/ude1名人/n、/wn文化/n大家/rr来/vf写/v。/wj
那个/rz是/vshi供桌/n么/y，/wd上面/f雕/vg的/ude1是/vshi？/ww
这/rzv是/vshi供案/n。/wj
这个/rz是/vshi九/m个/q狮子/n有/vyou什么/ry寓意/n么/y？/ww
寓意/n“/wyz九世同堂/nz”/wyy。/wj
说明/v我们/rr一代/n代/n地/ude2繁衍/v。/wj
这个/rz是/vshi莲花/n，/wd“/wyz一路连科/nz”/wyy，/wd就是/d希望/v后世/n的/ude1子孙/n，/wd学识/n也好/y，/wd科举/n也好/y，/wd仕途/n也好/y，/wd一路连科/nz。/wj
这/rzv是/vshi仙鹤/n，/wd表示/v长寿/an。/wj
麒麟/ns表示/v吉祥/n。/wj
（/wkz匾/n）/wky“/wyz幅/ng”/wyy表示/v“/wyz福/n到/v”/wyy，/wd是/vshi谐音/n，/wd我们/rr这个/rz民俗/n文化/n，/wd就/d是/vshi充分/ad运用/v谐音/n；/wf…/ws
“/wyz事事/n如意/a”/wyy、/wn“/wyz九世同堂/nz”/wyy，/wd也/d都/d是/vshi谐音/n；/wf那么/c这/rzv是/vshi三羊开泰/nz，/wd三/m只/q羊/n；/wf麒麟/n谐音/n吉祥/n。/wj
那/rzv这/rzv上面/f的/ude1雕刻/v是/vshi之前/f的/ude1吗/y？/ww
新/d做/v的/ude1，/wd前不久/t之前/f做/v的/ude1；/wf东西/n原来/d就/d有/vyou，/wd这/rzv就是/d新/a做/v的/ude1，/wd以前/f的/ude1被/pbei毁/v掉/v了/y。/wj
匾额/n文革/n都/d被/pbei破坏/v掉/v了/y，/wd只/d剩下/v一/m块/q了/y；/wf这/rzv块/q过/vf段/q时间/n再/d放/v上/f去/vf，/wd还/d没/v完全/ad修复/v好/a，/wd还有/v很多/m匾额/n我/rr正在/d做/v，/wd上面/f的/ude1字/n都/d是/vshi我们/rr现在/t一流/b的/ude1书法家/n的/ude1作品/n，/wd这/rzv是/vshi沈鹏/nr的/ude1；/wf到/p时候/n会/v一起/s再/d挂/v上/f去/vf。/wj
那/rzv之后/f的/ude1祭祀/vn的/ude1话/n还/d是/vshi会/v在/p这边/rzs？/ww
对/p对/v。/wj
那/rzv那个/rz戏台/n的/ude1话/n之后/f还/d会/v有人/r表演/vn吗/y？/ww
大型/b表演/vn肯定/d不行/a，/wd安全/an有/vyou问题/n。/wj
讲座/n，/wd比如/v讲座/n，/wd我/rr在/p上面/f做/v过/uguo两/m次/qv讲座/n，/wd我/rr人/n在/p上面/f，/wd下面/f的/ude1人/n坐/v在/p下面/f听/v，/wd大型/b的/ude1演出/vn不/d太/d会/v了/y。/wj
那/rzv之前/f古时候/t呢/y？/ww
都/d是/vshi在/p这边/rzs唱戏/vi的/ude1。/wj
这边/rzs有/vyou厢房/n对/a吧/y，/wd厢房/n一/m是/vshi女士/n坐/v，/wd有/vyou身份/n的/ude1长辈/n，/wd家族/n里/f有/vyou身份/n的/ude1人/n可以/v坐/v在/p里面/f去/vf。/wj
就/d好像/v西方/s的/ude1音乐/n大厅/n里面/f，/wd坐/v的/ude1包厢/n。/wj
下面/f现在/t一些/mq老爷爷/n坐/v的/ude1地方/n也/d是/vshi厢房/n吗/y？/ww
上下/n都/d是/vshi。/wj
麦家/nr小/a的/ude1时候/n，/wd我/rr比/p他/rr大/a两/m岁/qt，/wd先是/d在/p下面/f，/wd一年/m级/q到/v三年/m级/q，/wd然后/c四年/m级/q我/rr到/v了/ule上面/f，/wd麦家/nr是/vshi在/p下面/f。/wj
就/d是/vshi之前/f宗祠/n也/d有/vyou开设/v学堂/n？/ww
对/p，/wd就是/v解放初/t的/ude1话/n，/wd另外/c公共/b的/ude1大/a房子/n是/vshi不/d可能/v有/vyou的/ude1，/wd所以/c很多/m村庄/n都/d把/pba祠堂/n作为/p学校/n，/wd不光/c是/vshi我们/rr这/rzv。/wj
以前/f的/ude1话/n，/wd祠堂/n里面/f也/d会/v有/vyou学堂/n吗/y？/ww
对/v。/wj
这/rzv是/vshi古代/t的/ude1传统/n吗/y？/ww
不/d能/v说/v是/vshi传统/n。/wj
学校/n要/v比较/d好/a的/ude1房子/n，/wd以前/f旧社会/n你/rr很/d难/ad找到/v一/m个/q公共/b的/ude1建筑/n，/wd这么/rz大/a的/ude1。/wj
解放/v以后/f，/wd那个/rz时候/n尽可能/d让/v老百姓/n都/d念书/vi，/wd房子/n没有/v，/wd就/d利用/v祠堂/n。/wj
那/rzv块/q绿色/n的/ude1匾额/n？/ww
“/wyz可以/v观/vg德/n”/wyy，/wd我们/rr的/ude1堂/ng号叫/v纯一堂/nz。/wj
你/rr看/v，/wd纯/a二/m、/wn三/m堂/q都/d是/vshi误传/v，/wd就是/d纯一/nz。/wj
为什么/ryv呢/y？/ww
孔子/nr的/ude1《/wkz礼记/nz》/wky里面/f有/vyou一/m篇/q文章/n就/d讲/v到/v，/wd“/wyz君/n臣/n有/vyou纯一/a之/uzhi德/n”/wyy，/wd就是/v君子/n与/cc大臣/n同心同德/dl，/wd这样/rzv才/d有/vyou可能/n办/v大事/n，/wd就/d是/vshi可以/v观/vg德/n。/wj
那么/c我们/rr在/p这个/rz地方/n挂/v这/rzv两/m块/q匾额/n，/wd就是说/c造/v祠堂/n啊/y，/wd你/rr要/v搞/v清楚/a你/rr的/ude1祖先/n，/wd…/ws
祠堂/n造/v好/a了/ule之后/f，/wd我们/rr后来/t的/ude1子孙/n，/wd一代/n代/q的/ude1保护/vn它/rr，/wd就/d可以/v观/vg德/n。/wj
