这/rzv是/vshi我们/rr来/vf之前/f找/v的/ude1一些/mq资料/n，/wd觉得/v应该/v挺/d有/vyou文化/n底蕴/n和/cc文化/n遗产/n的/ude1感觉/n。/wj
嗯/e，/wd这个/rz记者/n就/d是/vshi看到/v我/rr了/y，/wd来/vf之前/f跟/p我/rr约/d好/a了/ule要/v写/v这个/rz东西/n。/wj
我们/rr是/vshi到/v了/ule这边/rzs，/wd村委会/n告诉/v我们/rr您/rr的/ude1联系/vn方式/n。/wj
牛腿/n是/vshi不/d是/vshi就/d是/vshi上面/f那个/rz？/ww
老百姓/n叫/vi牛腿/n。/wj
这个/rz词/n很/d形象/a，/wd一/m是/vshi造型/n很/d像/v，/wd你/rr看/v，/wd大/a的/ude1那个/rz，/wd第二/m意思/n表达/v的/ude1也/d比较/d好/a。/wj
牛/n腿/n是/vshi不/d是/vshi很/d有/vyou力量/n，/wd那/rzv这个/rz东西/n它/rr的/ude1功能/n，/wd就是/v力量/n支撑/vn，/wd它/rr的/ude1学/v名叫/v“/wyz撑拱/n”/wyy，/wd它/rr最初/d，/wd你/rr过/d来/vf看/v，/wd为什么/ryv要/v有/vyou这个/rz东西/n？/ww
这/rzv房子/n都/d是/vshi木头/n的/ude1，/wd木头/n是/vshi不/d是/vshi怕/v雨/n，/wd如果/c它/rr的/ude1柱子/n是/vshi在/p屋檐/n下/f来/vf的/ude1，/wd是/vshi不/d是/vshi这个/rz雨/n要/v把/pba这个/rz柱子/n弄/v湿/a，/wd它/rr的/ude1寿命/n就/d不/d长/a，/wd让/v它/rr往/p里/f躲/v一下/mq，/wd雨/n就/d淋/v不/d到/v，/wd它/rr的/ude1寿命/n就/d长/a了/y。/wj
那么/rz怎么/ryv让/v它/rr淋/v不/d到/v？/ww
上面/f的/ude1屋檐/n是/vshi不/d是/vshi向/p外/f挑/v？/ww
那么/rz屋檐/n向/p外/f挑/v就/d要/v想/v办法/n，/wd那么/c这个/rz牛腿/n就/d是/vshi把/pba上面/f的/ude1木头/n横/v着/uzhe出来/vf，/wd那么/rz屋檐/n就/d可以/v横/v着/uzhe出来/vf，/wd所以/c说/v最初/d很/d简单/a，/wd就/d是/vshi一/m根/q木头/n这个/rz牛腿/n，/wd一/m根/q木头/n撑/v出来/vf，/wd最/d早/a的/ude1房子/n就/d是/vshi这么/rz简单/a。/wj
那么/rz后来/t，/wd到/p元朝/t后期/t，/wd这些/rz人/n就/d想/v这个/rz地方/n可以/v做/v个/q花/n，/wd这样/rzv的/ude1话/n好看/a，/wd所以/c花/v慢慢/d从/p简单/ad到/v复杂/a。/wj
最初/b的/ude1花/n像/p壶嘴/n，/wd弯/v一下/mq，/wd然后/c慢慢/d发展/v，/wd变成/v这样/rzv，/wd非常/d华丽/a，/wd这/rzv就是/v木雕/n的/ude1发展/vn过程/n。/wj
所以/c为什么/ryv要/v用/p牛腿/n，/wd就/d首先/d这个/rz功能/n，/wd然后/c再/d美化/v，/wd我们/rr就是/v这样/rzv。/wj
最/d开始/v满足/v功能/n，/wd满足/v功能/n以后/f，/wd再/d考虑/v美/b的/ude1和/cc文化/n的/ude1，/wd赋予/v文化/n进去/vf，/wd包括/v这些/rz柱子/n，/wd你/rr看/v下面/f石墩/n，/wd形态/n，/wd很/d漂亮/a，/wd包括/v下面/f这个/rz底/n柱/ng，/wd非常/d漂亮/a。/wj
之前/f的/ude1话/n也/d是/vshi慢慢/d发展/v过来/vf的/ude1吧/y？/ww
对/v。/wj
为什么/ryv要/v用/p石头/n？/ww
还/d是/vshi怕/v雨/n，/wd不要/d让/v木头/n着/uzhe地/n。/wj
你们/rr应该/v记得/v河坊街/ns去年/t坍/vi了/ule一个/mq东西/n，/wd这个/rz设计/vn的/ude1人/n肯定/d是/vshi年轻人/n不/d懂/v，/wd一个/mq农民/n都/d知道/v，/wd上面/f的/ude1木头/n下面/f是/vshi石头/n，/wd把/pba木头/n钻/v在/p石头/n里面/f，/wd木头/n它/rr雨水/n是/vshi要/v积/v起来/vf的/ude1，/wd里面/f在/p烂/a，/wd所以/c说/v他/rr没有/v生活/vn经验/n。/wj
我们/rr这/rzv边/k的/ude1农民/n都/d知道/v不/d能/v这么/rz做/v。/wj
你/rr看/v它/rr这个/rz地方/n是/vshi平/a的/ude1，/wd不/d可能/v积水/n，/wd然后/c呢/y，/wd就/d像/v怎么样/ryv做/v得/ude3美/a，/wd这/rzv就是/v其中/rz一个/mq造型/n，/wd最/d多/ad就是/v这种/r，/wd还有/v很多/m其他/rzv不同/a的/ude1。/wj
有些/rz会/v有/vyou雕/vg，/wd这个/rz没有/v，/wd但/c也/d很/d美/a。/wj
它/rr首先/d从/p功能/n上/f考虑/v为什么/ryv要/v这么/rz做/v。/wj
第二/m个/q就/d是/vshi美/a，/wd美/b就/d包含/v了/ule他/rr的/ude1文化/n的/ude1意义/n。/wj
它/rr肯定/d是/vshi这/rzv两/m方面/n都/d做/v好/a了/ule才/d是/vshi好/a。/wj
这/rzv建筑/n的/ude1学问/n就是/v这样/rzv。/wj
如果/c你们/rr去/vf收藏/v一些/mq老/a家具/n，/wd就/d能/v更加/d体会/v到/v我/rr说/v的/ude1功能/n和/cc美/a，/wd他/rr结合/v得/ude3非常/d好/a。/wj
比方/v说/v你们/rr是/vshi读书/vi人/n，/wd十年/m寒窗/n，/wd意思/n你们/rr肯定/d知道/v，/wd但是/c有/vyou的/ude1工匠/n在/p做/v的/ude1时候/n，/wd就/d能/v把/pba这个/rz寒窗/n做/v出来/vf。/wj
那/c你们/rr想/v他/rr怎么/ryv做/v的/ude1？/ww
我/rr记得/v我/rr去/vf过/uguo一个/mq祠堂/n，/wd那个/rz窗户/n是/vshi石/ng窗/ng，/wd不/d是/vshi全/a封闭/vn的/ude1，/wd有/vyou风雨/n会/v进来/vf./wj
./wj
./wj
不/d是/vshi，/wd窗/ng肯定/d是/vshi要/v通透/a的/ude1，/wd不然/c他/rr就/d不/d是/vshi窗/ng的/ude1作用/n。/wj
他/rr的/ude1寒窗/n是/vshi什么/ry意思/n呢/y，/wd他/rr的/ude1格子/n是/vshi冰/n裂纹/n，/wd冰/n裂纹/n知道/v么/y？/ww
一/m块/q冰/n打破/v了/y，/wd裂开/v的/ude1纹路/n。/wj
鸟巢/n的/ude1外壳/n就/d是/vshi冰/n裂纹/n，/wd冰/n打破/v了/y，/wd裂/v不/d可能/v是/vshi有/vyou规则/n的/ude1，/wd所以/c那个/rz就/d是/vshi斜/a的/ude1纹路/n。/wj
然后/c在/p冰/n裂纹/n里面/f雕/vg一/m朵/q梅花/n，/wd“/wyz梅花/n香/a自/p苦寒/a来/vf”/wyy。/wj
他/rr就/d把/pba寒窗/n这个/rz意思/n那么/c富有/v诗意/n地/ude2把/pba它/rr表达/v出来/vf，/wd太/d伟大/a了/y。/wj
就是/v你们/rr要/v读/v懂/v他/rr./wj
./wj
./wj
我/rr有/vyou一个/mq老/a东西/n的/ude1博物馆/n，/wd里面/f收集/v的/ude1就是/v这样/rzv一些/mq东西/n./wj
./wj
./wj
（/wkz指/v着/uzhe戏台/n牛腿/n上/f的/ude1狮子/n）/wky为什么/ryv我们/rr喜欢/vi放/v狮子/n？/ww
狮/ng，/wd首先/d是/vshi一个/mq很/d威武/a的/ude1，/wd镇/v邪/n。/wj
另外/c，/wd狮/ng谐音/v事/n，/wd事事/n如意/an。/wj
所以/c一般/a老/a的/ude1台门/n，/wd会/v放/v一对/mq石/n狮子/n，/wd一对/mq梅花鹿/n。/wj
为什么/ryv要/v梅花鹿/n呢/y？/ww
因为/p谐音/n“/wyz福禄寿/nz”/wyy的/ude1“/wyz禄/ng”/wyy。/wj
所以/c你/rr会/v发现/v我们/rr的/ude1文化/n，/wd尤其/d是/vshi清朝/t的/ude1文化/n，/wd民俗/n文化/n，/wd与/p民间/n智慧/n、/wn跟/v一些/mq传统/n文化/n结合/v的/ude1很/d好/a。/wj
为什么/ryv匾幅/n啊/y？/ww
也/d是/vshi因为/p谐音/n“/wyz福/n”/wyy。/wj
其实/d现在/t象/v我们/rr年轻/a的/ude1一/m辈/q都/d不/d太/d了解/v。/wj
我/rr以前/f也/d不/d了解/v，/wd后来/t是/vshi我/rr父亲/n告诉/v我/rr，/wd不过/c他/rr也/d不/d是/vshi了解/v特别/d多/a，/wd他/rr把/pba他/rr看到/v的/ude1东西/n告诉/v给/p我/rr。/wj
后来/t我/rr在/p收藏/v的/ude1过程/n中/f，/wd边/d收藏/v边/k学习/v，/wd要/v解读/v藏品/n的/ude1信息/n，/wd这/rzv也/d是/vshi一/m门/q学问/n。/wj
这个/rz以后/f你们/rr如果/c以后/f有/vyou机会/n接触/v到/v的/ude1话/n，/wd古人/n太/d厉害/a了/y。/wj
其实/d鸟巢/n它/rr的/ude1灵感/n就/d来自/v冰/n裂纹/n。/wj
中国结/nz知道/v吧/y，/wd老/a的/ude1木雕/n里面/f很多/m。/wj
水立方/nz，/wd它/rr的/ude1外形/n他们/rr讲/v的/ude1像/p水/n分子/n的/ude1结构/n，/wd它/rr有/vyou个/q图形/n在/p里面/f的/ude1，/wd实际上/d非常/d象/v我们/rr老/a房子/n门窗/n的/ude1龟背格/nz，/wd像/p蜂窝状/n的/ude1。/wj
为什么/ryv要/v弄/v个/q龟/n呢/y？/ww
因为/p乌龟/n长寿/a啊/y。/wj
然后/c它/rr不/d是/vshi有/vyou空隙/n吗/y，/wd做/v窗户/n的话/udh，/wd乌龟/n纹路/n采光/vn很/d好/a。/wj
这/rzv就是/v我们/rr之前/f说/v的/ude1功能/n。/wj
最/d简单/a的/ude1门窗/n就是/d横竖/d，/wd后来/t人们/n觉得/v太/d简单/a，/wd能/v想/v出/vf更/d好看/a的/ude1，/wd又/d漂亮/a，/wd又/d有/vyou文化/n，/wd所以/c门窗/n本身/rz就/d是/vshi一/m门/q学问/n。/wj
我/rr以后/f想/v要/v专门/d出/vf一/m本/q书/n，/wd把/pba我/rr收藏/v的/ude1这些/rz东西/n，/wd照片/n拍/v好/a，/wd把/pba它/rr注解/v出来/vf，/wd是/vshi什么/ry内容/n，/wd什么/ry意思/n，/wd把/pba它/rr解读/v好/a。/wj
那么/c如果/c老一辈/n希望/v把/pba这些/rz知识/n传递/v，/wd会/v用/v什么样/ryv的/ude1方法/n呢/y？/ww
