对/p，/wd教育/vn。/wj
你们/rr小时候/t都/d会/v很/d好奇/a，/wd会/v问/v妈妈/n，/wd问/v爸爸/n，/wd这/rzv是/vshi什么/ry，/wd这样/rzv教育/v你们/rr。/wj
这样/rzv会/v不/d会/v效果/n不/d够/v啊/y？/ww
不/d能/v继承/v好/a，/wd会/v忘/v的/ude1./wj
./wj
实际上/d不/d会/v，/wd你/rr生活/vi在/p这个/rz家/n里面/f，/wd你/rr每天/r都/d看/v的/ude1到/v，/wd不/d会/v忘/v。/wj
这/rzv是/vshi祠堂/n，/wd不/d一定/d每天/r来/vf喽/y，/wd我们/rr以前/f是/vshi老/a的/ude1宅门/n，/wd北方/s人/n是/vshi四合院/n，/wd一个/mq台/b门/n里面/f，/wd住/vi在/p里面/f，/wd这/rzv是/vshi家/q，/wd你/rr小/a的/ude1时候/n没/v事/n好/a做/v，/wd就/d在/p那/rzv看/v嘛/y，/wd就/d会/v问/v大人/n这/rzv是/vshi什么/ry，/wd大人/n会/v告诉/v你/rr，/wd对/p吧/y。/wj
可是/c现在/t这样/rzv的/ude1家庭/n不/d是/vshi不/d多/a了/y么/y。/wj
对/a啊/y，/wd所以/c说/v时代/n在/p变化/vn。/wj
为什么/ryv那些/rz老/a房子/n现在/t没/v人/n要/v住/vi，/wd因为/c从/p居住/v田间/s来说/uls，/wd不/d能/v满足/v我们/rr现代人/n的/ude1居住/vn需求/n，/wd所以/c要/v改/v。/wj
但是/c为什么/ryv这么/rz好/a的/ude1东西/n没/v人/n去/vf做/v呢/y，/wd想/v过/uguo没有/v？/ww
缺乏/v了解/v？/ww
不/d是/vshi，/wd因为/c解放/v以后/f，/wd没有/v人/n再/d这样/rzv造/v房子/n。/wj
因为/p共产党/n认为/v这/rzv是/vshi封建/a，/wd不/d提倡/v造/v。/wj
而且/c解放前/t能够/v建/v这样/rzv的/ude1房子/n的/ude1人/n都/d是/vshi地主/n，/wd富/vg人/n被/pbei打倒/v了/y，/wd所以/c没有/v人/n去/vf造/v。/wj
所以/c当时/t的/ude1人/n建/v的/ude1都/d是/vshi现代/t的/ude1房子/n，/wd你们/rr可以/v看到/v一些/mq六七十年代/t造/v的/ude1房子/n，/wd很/d简单/a，/wd一定/b文化/n没有/v，/wd都/d是/vshi垃圾/n，/wd现在/t都/d被/pbei人/n铲/v倒/vi了/y。/wj
但是/c老/a房子/n的/ude1每/rz一个/mq构件/n都/d是/vshi宝贝/n，/wd那些/rz房子/n是/vshi垃圾/n，/wd不/d是/vshi因为/p不好/a，/wd而是/c因为/p时代/n的/ude1变化/vn。/wj
现在/t，/wd又/d尊重/v这个/rz传统/n，/wd尊重/v历史/n了/y。/wj
有/vyou人/n有/vyou保护/vn的/ude1意识/n了/y，/wd有人/r会/v买/v老/a房子/n，/wd保护/v或/c改造/v一/m下/f，/wd住/vi在/p里面/f。/wj
那/rzv老师/n有/vyou没有/d想/v过/uguo为什么/ryv现在/t又/d有/vyou人/n有/vyou意识/n保护/v了/ule呢/y？/ww
这个/rz就是/v因为/p时代/n的/ude1发展/vn。/wj
过去/t人们/n都/d觉得/v这/rzv是/vshi垃圾/n，/wd当作/v封建/a的/ude1东西/n破坏/v掉/v，/wd但是/c经过/p这/rzv几/m十年/m以后/f，/wd终于/d明白/v了/y，/wd它/rr是/vshi我们/rr宝贵/a的/ude1文化/n，/wd遗产/n。/wj
终于/d有/vyou人/n知道/v这/rzv是/vshi宝贵/a的/ude1遗产/n，/wd把/pba它/rr保护/v起来/vf。/wj
因为/p人/n的/ude1观念/n是/vshi在/p变/v的/ude1。/wj
特别/d是/vshi在/p我们/rr国家/n，/wd它/rr的/ude1政权/n是/vshi在/p推翻/v一个/mq政权/n，/wd这/rzv推翻/v的/ude1过程/n带有/v很/d大/a的/ude1破坏性/n。/wj
那个/rz项羽/nr烧/vi阿房宫/nz，/wd太/d傻/a了/y，/wd这个/rz房子/n留/v着/uzhe可以/v用/v的/ude1，/wd你/rr干/v嘛/y要/v去/vf烧/vi呢/y，/wd对/p吧/y，/wd但/c他/rr就/d要/v烧/vi。/wj
历代/n朝廷/n的/ude1替换/v当中/f，/wd总/d会/v有些/rz破坏/vn，/wd一/m把/pba火/n把/pba你/rr烧/vi掉/v。/wj
其实/d把/pba人/n赶走/v就/d好/a了/y，/wd房子/n自己/rr可以/v享用/v的/ude1嘛/y。/wj
所以/c现在/t的/ude1北京/ns故宫/ns，/wd是/vshi元朝/t的/ude1时候/n开始/v造/v的/ude1，/wd到/v了/ule明朝/t把/pba它/rr造/v起来/vf。/wj
清朝/t的/ude1人/n进来/vf，/wd觉得/v这个/rz房子/n很/d好/a啊/y，/wd反而/d没有/v烧/vi掉/v。/wj
少数民族/n反而/d珍惜/v这些/rz东西/n。/wj
清朝/t的/ude1时候/n尊重/v汉/tg文化/n，/wd满族/n文化/n被/pbei汉/b文化/n同化/vi掉/v了/y。/wj
乾隆/nr康熙/nr他们/rr取/v名气/n都/d取/v汉名/n。/wj
他们/rr很/d尊重/v我们/rr这个/rz文化/n，/wd他们/rr知道/v这个/rz是/vshi好/a东西/n。/wj
但是/c我们/rr自己/rr没有/v这样/rzv的/ude1意识/n，/wd不断/d破坏/v。/wj
现在/t有/vyou人/n意识/n到/v了/y。/wj
现在/t作为/p政府/n在/p搞/v新/a农村/n建设/vn什么/ry，/wd还/d在/p有些/rz破坏/vn。/wj
那/c您/rr有/vyou没/d有/vyou担心/v过/uguo，/wd再/d过/uguo二十/m几/m年/qt，/wd大家/rr对/p这些/rz祠堂/n的/ude1记忆/n就/d消失/vi了/y。/wj
这个/rz我们/rr不/d担心/v，/wd因为/c我们/rr把/pba这个/rz祠堂/n这么/rz漂亮/a，/wd肯定/d会/v有/vyou很多/m人/n来/f，/wd村里/n的/ude1小/a孩子/n也/d会/v来/vf，/wd这/rzv本身/rz就/d是/vshi一/m种/q宣传/vn。/wj
来/u的/ude1时候/n，/wd这个/rz过程/n就/d是/vshi传递/v，/wd就/d在/p学习/v。/wj
因为/p这么/rz好/a的/ude1东西/n，/wd我们/rr不/d宣传/v，/wd你们/rr都/d会/v来/vf，/wd本村/r的/ude1人/n就/d会/v更/d知道/v。/wj
他们/rr这些/rz老人/n都/d很/d关心/v，/wd都/d会/v提/v建议/n，/wd他们/rr都/d很/d热爱/v，/wd全村人/n都/d在/p热爱/v这个/rz东西/n。/wj
一般/a老人/n会/v比较/d关心/v，/wd那么/rz村里/n的/ude1孩子/n、/wn中年人/n呢/y？/ww
也/d会/v喜欢/vi，/wd我/rr女儿/n跟/p你们/rr差不多/al大/a，/wd在/p法国/nsf留学/v。/wj
今年/t夏天/t她/rr回来/v，/wd我们/rr是/vshi在/p富阳/ns，/wd她/rr不/d在/p这儿/rzs，/wd以/p前/f她/rr都/d没/d感觉/v的/ude1，/wd但是/c这/rzv次/qv回来/v也/d眼睛/n发亮/vi，/wd让/v我/rr给/p她/rr拍照/vi。/wj
因为/p这/rzv是/vshi好/a东西/n，/wd好/a东西/n自然/d有/vyou人/n会/v喜欢/vi。/wj
在/p修/v的/ude1过程/n中/f，/wd很多/m人/n会/v打电话/vi给/p我/rr，/wd他们/rr很/d关心/v。/wj
这/rzv就/d是/vshi一/m种/q力量/n。/wj
他们/rr也/d明白/v修/v之前/f和/cc之后/f是/vshi不/d一样/uyy的/ude1。/wj
这个/rz的确/d比/p其他/rzv地方/n做/v的/ude1很/d好/a。/wj
这/rzv也/d是/vshi很/d重要/a的/ude1原因/n。/wj
为什么/ryv我们/rr这个/rz祠堂/n在/p文化大革命/nz期间/f没有/v被/pbei破坏/v掉/v？/ww
我们/rr整个/b村子/n都/d是/vshi蒋/nr1家/n的/ude1，/wd蒋/nr1家/n的/ude1人/n听/v老人/n的/ude1话/n，/wd不/d去/vf破坏/v。/wj
我/rr上/vf小学/n的/ude1时候/n，/wd比/p我/rr大/a的/ude1人/n爬/v上/f去/vf想/v拆/v那些/rz挂/v灯笼/n的/ude1铜/n的/ude1构件/n下来/vf，/wd我/rr也/d想/v上/f去/vf，/wd就/d是/vshi动/v不/d了/y而已/y嘛/y./wj
./wj
./wj
那/rzv老师/n你/rr有/vyou没/d有/vyou一些/mq推荐/v的/ude1资料/n呢/y？/ww
那/c你/rr就/d是/vshi去/vf网上/s搜索/vn，/wd另外/c有/vyou些/q纸质/n版/n的/ude1，/wd电子版/n的/ude1，/wd我/rr可以/v发给/v你们/rr。/wj
那么/c我们/rr用/v的/ude1时候/n会/v注明/v出处/n，/wd这样/rzv可以/v吧/y。/wj
可以/v的/ude1那么/c谢谢/v蒋/nr1老师/n，/wd麻烦/v你/rr了/y。/wj
哎/e，/wd你好/vl，/wd我/rr问/v下/f哪里/rys有/vyou洗手间/n啊/y？/ww
洗手间/n啊/y，/wd就/d这个/rz大楼/n过去/vf这边/rzs。/wj
哦/e，/wd这边/rzs是/vshi吗/y？/ww
这/rzv栋/q大楼/n里/f没有/v吗/y？/ww
大楼/n里/f没有/v。/wj
哦/e，/wd谢谢/v啊/y！/wt
你/rr好/a，/wd我/rr问/v下/f，/wd这里/rzs有/vyou洗手间/n吗/y？/ww
进去/vf那边/rzs就/d是/vshi。/wj
哦/e好/a。/wj
啊/y？/ww
什么/ry？/ww
进去/vf那边/rzs就/d是/vshi。/wj
哦/e，/wd就是/v进去/vf那边/rzs那个/rz楼/n是/vshi吧/y？/ww
就/d是/vshi那边/rzs不/d是/vshi有/vyou个/q口子/n吗/y？/ww
从/p那/rzv个/q口子/n进去/vf就/d看到/v了/y。/wj
哦/e，/wd就/d是/vshi它/rr不/d在/p外面/f是/vshi吗/y？/ww
对/v。/wj
嗯/e好/a，/wd谢谢/v！/wt
﻿鹌鹑/n蛋/n。/wj
我/rr想/v吃/v肉/n。/wj
那个/rz啊/y？/ww
这/rzv是/vshi什么/ry？/ww
肉/n吧/y，/wd好恶/n心/n。/wj
没有/v肉/n吃/v。/wj
我/rr看到/v了/ule墨鱼/n。/wj
我/rr要/v大白菜/n。/wj
这个/rz是/vshi什么/ry？/ww
土豆/n么/y。/wj
我/rr不/d想/v吃/v大白菜/n。/wj
