新/a进/vf模特/n吗/y？/ww
这个/rz好像/d是/vshi。/wj
伊萨贝拉/nrf。/wj
对/p，/wd好象/d是/vshi，/wd你/rr打开/v，/wd就是/v他们/rr出/vf了/ule一/m个/q系列/n，/wd他们/rr合/v做/v的/ude1一/m个/q系列/n。/wj
然后/c呢/y？/ww
然后/c在/p卖/v，/wd前天/t还是/v大前天/t来着/u，/wd在/p微博/n上/f找/v一下/mq吧/y，/wd反正/d就/d是/vshi抢/v的/ude1可/v火/n了/y，/wd但是/c我/rr也/d没有/d觉得/v咋/ryv好看/a。/wj
你/rr登/v一下/mq微博/n，/wd这个/rz吗/y？/ww
怎么/ryv拼/v来着/y？/ww
这个/rz？/ww
对/p，/wd也/d没有/v怎么/ryv好看/a，/wd但是/c就/d是/vshi抢/v的/ude1可/v火/n了/y，/wd其实/d我/rr也/d不/d知道/v为什么/ryv，/wd就是/v这个/rz。/wj
点/qt开/v看看/v。/wj
也/d没有/d觉得/v咋/ryv好看/a，/wd就/d是/vshi有的/rz淘宝/v不/d到/v已经/d吵/v起来/vf了/y。/wj
拍卖/v吗/y？/ww
在/p淘宝/n搜索/v啊/y。/wj
你/rr要/v把/pba这个/rz弄/v完/vi？/ww
把/pba晚饭/n买/v回来/v啊/y。/wj
我/rr说/v你/rr现在/t要/v把/pba什么/ry？/ww
这个/rz弄/v改/v完/vi。/wj
改/v完/vi了/y。/wj
后面/f还有/v要/v改/v的/ude1。/wj
你/rr说/v哪/ry要/v改/v？/ww
等/v一/m会/v先/d改/v改/v吧/y，/wd你/rr写/v的/ude1太/d少/a了/y，/wd随便/ad加/v点/qt。/wj
我/rr写/v的/ude1少/a？/ww
我/rr说/v第二/m部分/n，/wd还有/v后面/f的/ude1。/wj
第三/m部分/n你/rr说/v不/d用/v改/v。/wj
我/rr说/v从/p第四/m部分/n后面/f不/d能/v改/v的/ude1，/wd前面/f加/v一点/m太/d少/a了/y。/wj
你/rr加/v，/wd想/v吃/v甘蔗/n，/wd想/v吃/v甘蔗/n。/wj
吃/v呗/y。/wj
吃/v甘蔗/n。/wj
你/rr吃/v就/d在/p桌子/n上/f。/wj
我/rr突然/ad想起/v一样/uyy很/d机智/a的/ude1事情/n的/ude1，/wd我/rr发现/v就/d是/vshi之前/f不/d是/vshi录/v着/uzhe音/n么/y，/wd然后/c那个/rz不/d是/vshi？/ww
都/d可以/v用/v，/wd但是/c有/vyou一个/mq问题/n是/vshi，/wd那边/rzs老人/n说/v的/ude1。/wj
我/rr录/v的/ude1那/rzv段/q是/vshi普通话/n的/ude1。/wj
是/vshi讲/v金/ng乐/v那个/rz？/ww
那个/rz可以/v。/wj
而且/c那个/rz是/vshi这个/rz是/vshi音/n。/wj
谢谢/v，/wd阶段性/n成果/n。/wj
怎么/ryv了/y。/wj
我们/rr并/d许多/m总结/v典型/n范/nr1示/vg，/wd这/rzv是/vshi我/rr一/m开始/v以/p我/rr的/ude1思路/n写/v的/ude1。/wj
好/a了/y。/wj
那/c我们/rr没有/v成果/n啊/y。/wj
现在/t就/d没有/v成果/nSOWHAT/x，/wd就/d是/vshi已经/d就/d是/vshi明确/v了/ule我们/rr最后/f一个/mq实/a验方/n案/x了/vi，/wd并/cc不/d一定/d说是/v实验/vn成果/n现在/t拿/v一个/mq新型/b颜料/n。/wj
阅读/v一/m题/n，/wd阅读/v资料/n，/wd关键/a的/ude1一/m步/qv。/wj
什么/ry？/ww
没有/v我/rr自己/rr再/d看/v。/wj
﻿/x你们/rr有/vyou看/v过/uguo那些/rz文献/n吧/y？/ww
没有/v。/wj
我/rr也/d没有/d看/v。/wj
都/d没/d看/v，/wd我们/rr讨论/v什么/ry。/wj
请/v组长/n大人/n总结/v陈词/n。/wj
他/rr的/ude1那个/rz两/m个/q能/v应用/v到/v你/rr的/ude1研究/vn里面/f去/vf吗/y？/ww
不/d能/v。/wj
我/rr觉得/v跟/p我/rr的/ude1论文/n的/ude1研究/vn关系/n比较/d小/a，/wd的/ude1话/n还/d有/vyou一点/m关系/n。/wj
如果/c把/pba它/rr当成/v是/vshi那种/r来说/vi的话/udh，/wd因为/c我/rr要/v做/v的/ude1是/vshi文革/n对/p它/rr的/ude1破坏/vn，/wd然后/c之后/f怎么/ryv修复/v，/wd肯定/d要/v采访/v当地人/n对于/p那段/r历史/n破坏/v的/ude1程度/n，/wd然后/c之后/f是/vshi怎么/ryv修复/v的/ude1，/wd然后/c这/rzv就是/d通过/p当地人/n的/ude1话语/n来/vf重构/v这个/rz地方/n，/wd所以/c这种/r叙述/vn方法/n我/rr觉得/v还/d是/vshi跟/p我/rr的/ude1论文/n有/vyou一定/b关系/n的/ude1。/wj
机智/a、/wn聪明/a。/wj
我/rr就/d不/d讨论/v了/y。/wj
我/rr觉得/v那/rzv跟/p我/rr没/d有/vyou半/m毛/q钱/n的/ude1关系/n。/wj
你/rr的/ude1论文/n题目/n不/d是/vshi吗/y？/ww
对不起/v，/wd我/rr不/d是/vshi，/wd我/rr写/v的/ude1不/d是/vshi说/v了/ule吗/y？/ww
我/rr想/v想/v。/wj
我/rr想/v就/d是/vshi。/wj
就/d是/vshi从/p大家/rr讲/v故事/n，/wd他们/rr对/p发生/v在/p祠堂/n的/ude1一些/mq故事/n的/ude1叙述/vn然后/c来说/vi一下/mq，/wd就/d是/vshi来/vf看看/v就是/v这个/rz是/vshi怎么/ryv被/pbei构成/v的/ude1那种/r感觉/n。/wj
因为/p之前/f看/v老师/n在/p，/wd上/f一/m次/qv发/v的/ude1那个/rz论文/n就/d是/vshi类似/v于/p这/rzv方法/n，/wd而且/c它/rr有/vyou一点/m差别/n。/wj
它/rr有/vyou一/m组/q对比/vn的/ude1，/wd但是/c我/rr就是/v这/rzv一/m次/qv可能/v就/d没有/v对比/vn做/v。/wj
我/rr做/v的/ude1是/vshi保护/v的/ude1，/wd跟/p这/rzv没/d有/vyou半/m毛/q钱/n关系/n。/wj
如果/c是/vshi的/ude1话/n我/rr要/v写/v的/ude1是/vshi文化/n记忆/n的/ude1一/m种/q体现/v，/wd跟/v有/vyou一点/m关系/n。/wj
就/d是/vshi文化/n记忆/n的/ude1话/n它/rr也/d是/vshi要/v通过/p在/p那个/rz地方/n，/wd是/vshi当地/s的/ude1记忆/n然后/c是/vshi跟/p地方/n是/vshi有/vyou关系/n。/wj
我/rr也/d不/d知道/v怎么/ryv说/v，/wd去/vf理解/v它/rr。/wj
所以/c我/rr很/d迷盲/v。/wj
然后/c我/rr突然/ad想/v的/ude1就/d是/vshi错/v跟/p联系/v在/p一起/s，/wd我/rr想/v大/a的/ude1就/d是/vshi那个/rz对联/n里面/f有/vyou三晋/ns这个/rz地名/n。/wj
三晋/n的/ude1话/n根据/p他/rr说/v的/ude1，/wd以及/cc我/rr查/v到/v的/ude1一些/mq资料/n，/wd其实/d就是/v背后/f有/vyou一/m种/q文化/n意义/n在/p，/wd就/d是/vshi一/m种/q影视/b的/ude1价值/n观念/n。/wj
所以/c我/rr觉得/v如果/c把/pba那/rzv个/q（/wkz00：02：59/m英文/nz）/wky应用/v到/v我/rr的/ude1研究/vn里面/f去/vf的/ude1话/n，/wd也/d有/vyou一点/m的/ude1作用/n。/wj
然后/c话语/n的/ude1话/n就/d像/v老师/n说/v的/ude1春秋/n笔法/n的/ude1那/rzv种/q，/wd文化/n以/p叙述/v的/ude1方式/n吧/y，/wd也/d只能/v是/vshi指导/v我们/rr怎么/ryv写/v，/wd怎么/ryv把/pba那些/rz当地/s的/ude1一些/mq说法/n转述/v出来/vf，/wd其他/rzv我/rr觉得/v我/rr也/d不/d清楚/v我/rr有/vyou什么/ry借鉴/v了/y。/wj
你/rr要/v写/v文化/n祭/v那/rzv方面/n吗/y？/ww
嗯/e。/wj
文化/n祭/v是/vshi有/vyou专业/n理论/n的/ude1你/rr看/v了/ule吗/y？/ww
那/rzv到/v没有/v，/wd我/rr只是/d想/v通过/p直接/ad分析/v，/wd以及/cc当地/s人/n对/p银联/n匾额/n的/ude1理解/vn，/wd然后/c结合/v这些/rz。/wj
那/c你/rr最/d好/a不/d要/v用/p到/v这个/rz词/n，/wd就/p文化/n祭/v这个/rz专业/n词语/n。/wj
多/m大/a仇/n啊/y。/wj
不/d是/vshi，/wd真/a的/ude1，/wd学术/n严谨/a。/wj
culturememory/x是/vshi有/vyou定义/n的/ude1，/wd你/rr要不然/c就/d不/d要/v用/p这个/rz，/wd你/rr就/d直接/ad用/vmemory/x或者/c是/vshipeoplesmemoryof/x什么/ry什么/ry，/wd不/d要/v用/vculturememory/x，/wd这/rzv是/vshi有/vyou定义/n的/ude1。/wj
确实/a文化/n祭/v这个/rz词/n是/vshi笔格/n比较/vn的/ude1高/a。/wj
对/v。/wj
怎么/ryv在/p一/m晚上/t之内/f看/v完/vi六/m篇/q文献/n？/ww
我/rr花/v了/ule20/m天/qt只/d看/v完/vi了/ule一/m篇/q文献/n，/wd我/rr还/d没/d看/v懂/v。/wj
就/d是/vshi那些/rz论文/n对于/p的/ude1叙述/vn就/d是/vshi太/b理论/n了/ule你/rr知道/v吗/y？/ww
就/d不/d知道/v要/v怎么/ryv把/pba它/rr结合/v到/v我们/rr具体/a的/ude1研究/vn当中/f去/vf。/wj
是/vshi什么/ry意思/n？/ww
我们/rr先/d写/v的/ude1都/d很/d清楚/a的/ude1。/wj
我/rr也/d不/d怎么/ryv清楚/v，/wd我/rr只是/d把/pba里面/f的/ude1一些/mq句子/n摘/v出来/vf，/wd具体/a整体/n理解/v我/rr根本/d就/d理解/v不/d了/y。/wj
那/rzv要/v不/d还/d是/vshi明天/t讨论/v吧/y，/wd我/rr接/v下来/vf要/v洗澡/vi了/y。/wj
那/rzv就/d是/vshi大家/rr回去/v之后/f自行/d拿/v着/uzhe文献/n谷歌/nz翻译/v一下/mq，/wd起码/d知道/v他们/rr在/p讲/v。/wj
那/rzv不/d能/v没/v办法/n，/wd完全/ad不/d知道/v怎么/ryv讨论/v，/wd要/v不/d我们/rr就/d光/v来/vf讨论/v其中/rz一个/mq词/n在/p《/wkz辞海/n》/wky里面/f是/vshi什么/ry定义/n吧/y，/wd不/d能/v我/rr也/d实在/d没/d想/v出/vf。/wj
