每 根 铜 柱 间距 两 米 左右 ， 围 成 一个 环形 ， 如果 爬 到 一半 失手 掉 下来 ， 几乎 是 抓 不 到 另外 一 根 铜 柱 的 。
戴 好 手套 ， 各自 选 了 一 根 铜 柱 开始 向 上 爬 。
这些 铜 柱 设计 无比 精巧 ， 刚好 一个 成人 双手 可以 合抱 ， 但 想 双手 交叉 抱 紧 柱子 却 不 行 。
虽然 有 虹 毛 手套 和 鞋子 ， 但是 爬 起来 依旧 吃力 万分 ， 中段 铜锈 少 的 地方 ， 手套 受 力 不均 ， 稍 有 松动 便 向 下滑 去 ， 九 个 人 大多 是 爬 五 米 便 下滑 三 米 ， 一时间 你 上 我 下 ， 看 起来 颇 滑稽 可笑 。
倒 是 多 吉 ， 身材 矮小 ， 体重 轻 ， 学会 使用 虹 毛 手套 后 越 爬 越 顺手 ， 爬 着 爬 着 便 高 出 众人 ， 朝 铜 柱 更 高 处 去 了 。
张立 欣喜 道 ： " 有 了 ， 叫 多吉 爬 到 顶端 后 把 安全 绳 抛 下 来 。
" 巴桑 道 ： " 长度 不够 。
" 张立道 ： " 我们 可以 爬 到 一半 再 攀 绳 而 上 啊 ， 总 比 爬 这个 强 吧 。
" 亚 拉 法师 道 ： " 恐怕 没 这么 简单 吧 。
这 是 训练场 ， 肯定 对 作弊 的 人 有所 惩罚 ， 最 好 还是 老老实实 地 爬 上 去 。
" 只 听 多吉 在 上面 喊 ： " 我 看到 啦 ， 我 看到 光 了 ， 是 出口 ！
" 张立 在 下面 叫 ： " 好样 的 多 吉 ！
上去 后 找 一个 结实 的 地方 系 好 安全 绳 ， 给 我们 抛 下 来 。
" 反正 多 吉 快 爬 到 顶端 了 ， 岳阳 和 张 立 索性 找 了 处 稍 粗糙 的 地方 停 下来 ， 唐敏 爬 了 一会儿 ， 也 停 下来 休息 。
虽说 是 休息 ， 要 附着 在 铜 柱 上 也 颇为 吃力 。
过 了 一会儿 ， 方新 教授 也 不 得 不 停 下来 休息 ， 只有 卓木强 巴 、 巴桑 、 亚拉 法师 和 吕竞 男 四 人 还 在 爬 五 米 滑 三 米 地 坚持 着 。
又 过 了 许久 ， 卓木强 巴 和 巴桑 同时 停 下来 休息 ， 上面 还是 没 有 声音 ， 岳阳 他们 和 卓木强 巴 等 也 已 有 二十 来 米 差距 ， 多 吉 消失 在 黑暗 中 已经 很 长 时间 了 。
岳阳 等 不 及 了 ， 大声 问道 ： " 多 吉 ， 你 爬 到 哪里 去 了 ？
怎么 不 说话 ？
" 停 了 停 ， 只 听 多 吉 吃力 地 答道 ： " 我 …
…
我 …
…
上面 很 难 爬 ， 这 柱子 ， 这 柱子 不 是 直 的 。
" 听 声音 ， 好像 还 是 在 刚才 那里 。
张立道 ： " 怎么 回 事 ？
" 只 听 亚拉 法师 道 ： " 我 看见 你 啦 ， 多 吉 。
咿 ？
奇怪 ， 上面 的 形状 果然 不 同 ， 糟 了 ， 这个 …
…
这个 可 怎么 爬 ？
" 方新 教授 问道 ： " 到底 怎么 啦 ？
亚 拉 法师 ？
" 亚 拉 法师 道 ： " 这个 ， 这个 上面 的 柱子 像 蛇 一样 弯曲 变形 了 ， 我 都 不 知道 该 怎么 说 ， 你们 自己 上 来 看看 就 知道 了 。
" 原来 ， 亚拉 法师 看见 ， 柱子 的 上端 并 不 是 笔直 到底 ， 有的 左 弯 ， 有的 右 偏 ， 有的 先 向 左 曲 然后 朝 右 拐 ， 还 有的 像 麻花 一样 盘 曲 上 拧 ， 每 一 根 铜 柱 的 上端 竟然 都 不 相同 ， 而 从 下面 是 根本 看 不 见 上面 的 结构 的 。
多吉 正 匍匐 在 一 根 像 过 山 车 一样 的 圆圈 顶部 ， 他 要 先 下滑 然后 再 向 上 继续 攀 爬 ， 显得 颇为 吃力 。
而 亚拉 法师 自己 的 铜 柱 上面 出现 了 一个 橄榄 形 的 膨 出 ， 铜 柱 突然 增 粗 ， 自己 就 无法 抱 住 铜 柱 ， 只 能 像 壁虎 一样 贴 在 那 橄榄球 上面 ， 要是 松 滑 的 话 ， 那 就 …
…
亚 拉 法师 再 看 旁边 ， 好像 是 卓木 强 巴 的 柱子 ， 眼球 突出 ， 更加 不知所措 。
卓木 强 巴 那 根 柱子 上端 ， 中间 竟然 平展 开来 ， 像 一 面 铜锣 倒扣 在 铜 柱 上 ， 截断 了 向上 攀 爬 的 去路 ， 就算 卓 木 强 巴 身体 再 长 ， 也 无法 离开 铜 柱 攀 住 铜锣 的 边缘 ， 这 根本 就 无法 爬 。
一 听 多 吉 都 爬 不 上去 ， 张立大 惊 ， 咒骂 起来 ： " 王八 羔子 ， 当 我 是 武林 至 尊 啊 ， 这样 考 我 ！
" 吕竞 男 暗 道 ： " 才 第六 座 塔 就 已经 是 这样 的 难度 ， 再 往 下 又 将 如何 ， 天 哪 ！
我们 的 实力 本 不 足以 通过 这里 的 ， 只 是 没 想到 借助 现代 高 科技 也 不 能 通过 这里 ！
" 巴桑 道 ： " 奇怪 了 ， 本 那 伙 人 是 怎么 爬 上 去 的 ？
" 吕竞男 道 ： " 刚才 抵达 倒悬 塔 的 时候 你 没有 注意 到 吗 ， 他们 将 两百 多 米 的 安全 绳 抛 射 过 大 峡谷 ， 肯定 有 磁力 炮 一 类 的 强力 发射 装置 ， 只 须 将 一百 米 长 的 钩 绳 射 入 顶板 ， 他们 就 可以 很 轻易 地 爬 上 去 了 ， 可是 我们 没有 这样 的 设备 。
飞 索 的 最 远 安全 射程 仅 为 二十五 米 。
" 这时 ， 多吉 已经 通过 最 难 过 的 坳 口 ， 开始 继续 往 上 爬 了 。
可是 亚拉 法师 发现 多 吉 继续 往 上 也 是 极 难 ， 他 上面 的 铜 柱 也 开始 逐渐 增 粗 ， 像 喇叭 一样 ， 法师 暗暗 给 多 吉 鼓劲 。
这时 ， 吕竞男 也 爬 至 与 亚拉 法师 相同 的 高度 ， 她 的 上方 是 增 粗 变 大 的 方 型 铜 柱 ， 难度 也 是 极 高 ， 因为 吕竞男 只能 贴 着 方柱 的 一 条 边 向 上 爬 ， 或者 像 壁虎 贴 在 玻璃 上 。
吕竞男 看 着 四周 道 ： " 咿 ？
原来 从 边 壁 也 能 向 上 爬 的 。
" 这 塔 的 内 壁 和 他们 想象 中 的 不同 ， 果真 修成 了 一个 直立 蛋 形 ， 边 壁 的 上端 渐渐 缩小 ， 最后 也 是 通向 头顶 正中 的 出口 。
亚 拉 法师 道 ： " 嗯 ， 不过 边 壁 比 铜 柱 更 难 啊 。
