我 正 在 盘算 着 抓 几 条 落 单 的 蝎子 蜈蚣 回去 泡 酒 喝 ， 突然 怪异 的 “ 磔 磔 ” 恐怖 怪 笑声 又 从 我们 背后 响 起来 。
还 没 等 我 回头 拿手 电 去 照 ， 就 被 一 双 大 手 紧紧 地 摁 在 了 土堆 上 。
紧接着 ， 仿佛 有人 响应 一般 ， 无数 个 “ 磔 磔 ” 的 怪 笑声 从 四周 响 起来 。
我 就 感觉 一阵 阴风 刮 过 ， 好多 东西 “ 扑 啦 啦 ” 落 到 了 地上 。
好 多 东西 竟然 是 贴 着 我 的 头顶 飞 了 过去 ， 过 了 大约 有 十 分钟 左右 ， “ 磔 磔 ” 的 声音 没有 了 ， 那些 “ 扑 啦 啦 ” 飞翔 的 声音 也 渐渐 少 了 ， 倒是 另外 一 种 奇怪 的 声音 响 了 起来 。
趁 老 苗 不 注意 ， 我 飞快 地 换 了 姿势 ， 从而 看 了 一 副 令 人 惊异 的 场面 。
一 群 体形 巨大 、 毛 翅 油亮 的 乌鸦 正在 飞快 地 啄食 着 这些 四散 奔逃 的 毒虫 ， 不时 有 “ 磔 磔 ” 的 欢 叫声 出现 。
原来 这种 体形 巨大 的 乌鸦 与 平时 乌鸦 叫声 不 一样 ， 又 是 在 夜里 ， 透 出 几 分 诡异 和 凄厉 ， 所以 我 听 了 才 感觉 犹如 鬼 哭 一般 难 听 。
很 显然 老 钟 和 老 苗 刚才 的 紧张 不 是 因为 这些 乌鸦 的 声音 ， 而是 这些 毒虫 。
想必 他们 也 没有 见 过 如此 盛大 的 毒虫 聚集 的 场面 。
倒 是 那些 乌鸦 ， 似乎 早 有 准备 ， 聚集 在 一起 来 一 顿 盛大 的 聚餐 。
很 奇怪 的 是 毒虫 竟然 全然 不顾 乌鸦 的 威胁 ， 一点 也 没有 退缩 回 洞 的 意思 ， 反而 不管不顾 地 一 直 往 外 涌 ， 仿佛 后面 有 什么 更 可怕 的 东西 在 追赶 。
我 憋 住 了 好奇 ， 一直 盯 着 这些 毒虫 ， 看看 老 钟 看看 老 苗 。
老苗 似乎 知道 我 在 想 些 什么 ， 轻轻 地 说 ： “ 是 百 毒虫 养 穴 ， 这个 墓穴 来 得 不 简单 ， 不仅 墓室 壁 里 镶嵌 了 墓 虫 ， 而且 只要 打开 墓道 ， 里面 藏 的 虫 饵 一样 可以 聚 养 大量 的 毒虫 ， 盗墓 贼 能 躲 过 第一 层 墓 虫 进 了 墓道 ， 一样 要 死 在 铺天盖地 聚集 来 的 毒虫 嘴里 ， 可 奇怪 的 是 …
…
” 老 苗 说道 这里 摇摇 头 ， 似乎 有些 不 解 的 样子 。
“ 是 不 是 因为 这些 毒虫 都 纷纷 涌 出来 的 缘故 ， 这些 乌鸦 才 聚集 在 这里 ？
” 我 问 。
“ 万物 相生相克 ， 有 一 生 必 有 一 灭 。
这些 乌鸦 叫 墓 鸦 ， 体形 巨大 ， 生性 凶悍 ， 平时 不 群 飞 ， 正是 毒虫 的 天敌 ， 但是 今天 显然 是 为了 这些 毒虫 而 来 ， 看来 ， 万物 生灵 冥 冥 中 自 有 其 神奇 所在 。
” 老 苗 出神 地 说 。
说话 间 ， 那 支 乌鸦 大军 已经 把 地上 奔跑 的 毒虫 吃 得 差不多 了 ， 而 幸免 于 难 的 昆虫 也 逃逸 得 无影无踪 ， 洞口 突然 静 了 下来 ， 那些 乌鸦 仿佛 也 得到 号令 一般 “ 哗啦啦 ” 一起 飞 向 了 天空 ， 盛宴 就 这样 结束 了 。
四周 一下子 又 空旷 起来 ， 好似 刚才 什么 事情 都 没有 发生 过 ， 只 留下 了 凌乱 不堪 的 坟地 。
老苗 看 了 看 天 ， 轻声 对 老钟 说 ： “ 时间 不 等 人 了 啊 ！
” 然后 和 老钟 又 一 次 来到 了 那个 洞口 。
老钟 把 紧紧 抓 在 身边 的 铁 笼子 拉开 了 一 道 小 口 ， 嘴里 含 着 那个 铜 哨 ， 吹 了 一 长 一 短 ， 那 只 墓 獾 飞快 地 从 笼子 里 钻 出来 ， 瞪 着 小 黑 眼睛 看 着 老钟 ， 只见 老 钟 一 示意 ， 它 便 飞快 地 钻进 了 那个 洞口 。
我们 就 这样 一 声 不 响 地 蹲 守 在 洞口 处 ， 实在 是 静 得 有 点 瘆 人 ， 忍不住 咳嗽 两 声 把 我 心里 的 疑问 道 了 出来 ： “ 那些 毒虫 既然 是 虫 饵 招 来 的 ， 干吗 不 好好 地 待 在 墓穴 里 ， 突然 跑 出来 ？
” 老苗 和 老钟 听 了 这 话 后 都 是 一 怔 ， 他俩 由于 太 急切 救人 ， 这 最 简单 的 一点 反而 给 忘记 了 。
老钟 的 本意 是 利用 墓 獾 受伤 以后 的 动物 本能 来 找 到 战国 金 尸 的 解 药 ， 也就是说 让 战国 金 尸 伤 了 墓 獾 之后 利用 墓 獾 本能 来 寻找 解毒 的 草药 。
好 多 动物 都 有 这样 的 本能 ， 就 像 有些 狗 食物中毒 以后 会 自己 寻找 一些 可以 呕吐 的 草 来 吃 一样 ， 这 是 大自然 赐予 动物 的 神奇 技能 。
我 听 完 他 的 计划 有 点 目瞪口呆 。
这 也 太 儿戏 了 ， 把 一 条 人命 就 这样 寄托 在 一个 不 知道 胜算 几 分 的 动物 身上 ， 万一 要是 墓 獾 找 不到 解 药 ， 也 像 上 一 只 墓 獾 一样 死 在 九 笑 菇 的 毒性 里 ， 那 小 聂 岂 不 是 要 牺牲 在 我们 这个 大胆 的 举动 里 ？
1 、 第四 章 百 毒虫 养 穴 ( 6 ) 老钟 说 也 不 是 没 想到 这 一点 ， 在 出发 之前 就 已经 联系 省 人民 医院 和 省 考古 研究所 的 专家 了 ， 估计 现在 他们 已经 正在 紧张 抢救 ， 而 我们 此行 就是 要 为 小 聂 装 上 双重 保险 。
而且 这种 奇 毒 在 没有 找到 对 症 药物 以前 很 难 根除 ， 所以 我们 才 必须 来 这个 古墓 一 趟 。
听 完 这些 我 沉默 了 ， 心里 七 上 八 下 的 ， 老钟 的 意思 是 将来 我 要 接替 小聂 的 位置 ， 可 是 仅仅 才 接触 了 三 天 就 发生 了 这么 多 惊心动魄 的 事情 ， 而且 我 的 前任 现在 死 生 不 明 ， 我们 所 处 的 位置 又 危机 重重 ， 自 问 我 自己 除了 被 老 钟 半 真 半 假 之间 流露 出 几 分 阴阳 眼 的 天分 ， 其他 的 简直 一点 忙 都 帮 不 上 ， 现在 的 感觉 是 既 新奇 又 有 几 分 害怕 。
时间 一分 一秒 地 过去 ， 夜 也 越来越 凉 了 。
老苗 还是 雕塑 一般 蹲 在 那里 一动不动 ， 而 老钟 则 不断 地 抚弄 手里 的 铜 哨 ， 看 得 出来 他 十分 紧张 。
