杨世勇 想来 想 去 想 不通 ： 这个 女子 弯腰 要 干什么 ？
墙 的 左 下 角 究竟 有 什么 ？
是 不 是 天上 的 神人 启示 我 这里 有 什么 宝贝 ？
那天 不怕 地 不 怕 、 打破 砂锅 问 到 底 的 性格 占 了 上风 ， 强 脾气 一 冲 ， 回去 拿 了 把 撅 头 就 来 挖 ， 沿着 清代 装束 女子 手 指 的 方向 使 劲 往 下 挖 ， 好 在 这个 恐怖 的 禁地 ， 这 雷雨 交加 的 时辰 是 万万 没有 人 会 敢 来 的 。
挖 了 将近 一个 时辰 ， 薄薄的 一 层 土 下面 全 是 沙子 ， 已经 下去 了 一 米 多 深 ， 还是 一无所获 ， 杨世勇 心想 ； 再 挖 最后 三 下 ， 再 没有 东西 就 收拾 家伙 回家 ！
第一 下 ， 挖 上来 的 都 是 沙子 ， 里面 有 一 堆 白花花 蠕动 的 虫子 ， 第二 下 ， 撅 头 上 沾 上 一些 黏 黏糊 糊 的 东西 ， 雨水 都 冲 不 掉 ， 第三 下 ， 撅 头 被 一个 巨大 的 吸力 吸 住 ， 再 也 抽 不 出来 ， 杨世勇 一发 狠 ， 一 使劲 ， 差点 连 自己 也 给 吸 了 进去 ！
杨世勇 顿时 不 敢 再 挖 ， 撅 头 也 不 要 了 ， 爬 上 来 呼哧呼哧 直 喘气 ， 干脆 白天 多 叫 几 个 人 ， 一起 再 来 挖 吧 ！
费劲 的 把 挖 出 来 的 土 和 沙子 填 回去 ， 杨世勇 累 的 一 动 也 不 想 动 ， 蹲 在 坑 边 瞧瞧 天 ， 快要 亮 了 ， 雨 却 没有 停 的 意思 ， 又 是 一个 霹雳 电闪 ， 杨世勇 揉 揉 眼睛 ， 简直 不 敢 相信 ， 原来 墙上 的 清代 装束 女子 的 手里 不 是 空空 的 ， 而是 拿 着 一个 …
…
…
。
第三 章 黑 剑 闪电 持续 的 时间 很 长 ， 杨世勇 瞧 的 明白 ， 清 装 女子 手里 是 一个 长长的 四方 盒子 ， 正在 费力 的 往 墙角 下面 的 地 上 插 ， 再 拼命 想 瞧 清楚 点 ， 可惜 影子 已经 到 了 地面 ， 盒子 里 是 什么 实在 不得而知 。
天 慢慢 的 放 亮 了 ， 杨世勇 不 想 再 耽搁 ， 草草 的 在 墙上 作 了 个 记号 ， 疲惫 的 回家 倒 头 就 睡 。
而 此时 的 村子 里 ， 却 象 开 了 锅 一样 的 沸腾 ， 许多 男人 女人 都 拿 着 锄头 棍棒 ， 吵 吵嚷 嚷 着 要 去 祠堂 拆 了 那 堵 墙 ， 因为 许多 人 夜里 都 听到 了 奇怪 的 声音 ， 是 祠堂 里 一 阵阵 的 咯咯 咯 、 呵 呵呵 鬼 笑声 。
常言 道 ： 赤 衣 凶 ， 笑 面 尸 ， 鬼 笑 莫如 听 鬼 哭 。
就 是 说 遇到 死尸 穿 大 红色 ， 没 杂色 的 丧服 ， 或是 死人 脸上 带笑 ， 都 是 大 凶 之 兆 ， 因为 鬼 哭 在 很多 地方 都 有 ， 有人 会 把 狼 嚎 误 当 做鬼 哭 ， 那 倒 也 无妨 ， 最 怕 的 就 是 听 见鬼 的 笑声 ， 只有 厉鬼 凶 鬼 才 会 发笑 。
当 很多 人 都 听到 鬼笑 时 ， 往往 那个 地方 要 出 一些 大 的 灾祸 ， 加上 最近 两 个 外姓 人 的 死 状 极 惨 ， 人们 认定 了 是 祠堂 里 的 照壁 墙 在 作怪 ！
不 到 午时 ， 祠堂 里 已经 聚集 了 大部分 的 村 汉 ， 听从 年老 的 族长 吩咐 ， 到 午时 阳气 最 旺 的 时候 ， 一起 动手 ， 拆 了 这 大 墙 ， 还 有些 女人 准备 了 许多 秽 物 ， 包括 黑狗 血 、 黑 公鸡 头 、 黑 驴 蹄子 ， 一旦 有 什么 异物 ， 管 他 神仙 还是 鬼 ， 都 照 死 里 打 ！
真 是 人 靠 群 胆 ， 众人 的 七嘴八舌 中 ， 午时 很 快 到 了 。
等 到 被 吵 醒 的 杨世勇 匆匆 赶来 时 ， 在 族长 的 指挥 下 ， 照壁 墙 的 顶 檐 已经 撬 了 下来 ， 众人 才 发现 ， 墙 的 里面 是 空 的 ， 只不过 墙壁 很 厚 ， 结实 的 临清 砖 砌 了 三 层 ， 杨世勇 不 着急 了 ， 反正 事 已 至此 ， 拆 吧 ！
拿 了 一 根 钢钎 ， 杨世勇 按照 早上 做 的 记号 ， 用 力 的 往 里 凿 ， 果然 ， 砖 后面 是 空 的 ， 和 自己 想 的 一样 ， 伸手 进去 ， 左 掏 右 摸 ， 一个 长 方 匣子 给 拽 了 出来 ， 古色古香 的 ， 匣子 外面 黑黝黝 的 ， 刻 着 黑色 的 不 到 头 三角 云 纹 ， 沉甸甸 的 不 知道 是 哪 朝 哪 代 的 古物 。
村民 一 见 挖 出 了 古物 ， 兴趣 来 了 ， 围 上来 你 摸 一下 ， 我 摸 一下 ， 也 没 捣鼓 出 打开 匣子 的 机关 在 哪 ， 族长 还是 见多识广 ， 过来 仔细 一 看 ： “ 不错 ， 我 小时 侯 见 过 这种 三角 云 纹 ， 以前 村里 也 挖 出 来 过 ， 全都 给 官 家 收 走 了 ， 听讲 是 战国 时候 燕国 国王 的 东西 呢 ！
” 一 听 是 国王 的 东西 ， 杨世勇 也 来劲 了 ， 拿 起 匣子 使劲 晃 晃 ， 叮当 做 响 ， 里面 是 金属 的 东西 ， 很 沉 ， 找 了 个 细 的 凿子 ， 一点 点 的 撬 ， 砰 的 的 一 声 ， 匣子 一分 两 半 ， 里面 跌 出来 把 黑黝黝 的 古剑 ， 还 有 本 羊皮 的 小册子 。
仔细 端详 黑色 战国 古 剑 的 剑 身 ， 隐隐 的 有 红色 液体 在 流动 ， 好 象 剑 身 里 藏 着 什么 东西 一样 ， 村民 们 害怕 了 ， 别 是 什么 妖物 吧 ！
回想 起 地 上 那 瘸子 李 空空 的 人 皮 ， 有的 人 已经 不寒而栗 ， 开始 往 人群 后 缩 去 。
伴随 着 黑 剑 上 的 液体 流动 的 越来越 快 ， 耳边 也 越来越 清晰 的 听到 嗡嗡 的 杂 声 ， 杨世勇 不再 迟疑 ， 一 把 抓起 小册子 塞 进 怀里 ， 拉 着 还 在 发 怔 的 几 个 村民 ， 使 劲 往 后 退 去 ， 嗡嗡 声 越来越 响 ， 剑 身上 冲 起 了 几 缕 细小 的 水珠 ， 有 生命力 一般 时 聚 时 散 ， 最后 一颗颗 迸裂 ， 散 出 好 大 一 片 红色 水 雾 ， 笼 在 大伙 的 头 上 。
水 雾 越来越 浓 ， 诡异 的 颜色 沾 在 裸露 的 手臂 上 ， 擦 也 擦 不 掉 ， 流光溢彩 琥珀 壳 样 的 圆润 好看 ， 杨世勇 躲 在 人群 后 ， 没有 象 其他人 一样 目瞪口呆 的 傻 看 ， 而是 掏 出 羊皮 的 小册子 仔细 来看 ， 还 好 ， 写 的 不 是 那么 文言 ， 是 有点 白话 的 的 一个 仓促 记录 ， 大致 意思 是 说 ： 杨庄 从古到今 都 严守 着 一个 秘密 ， 就是 庄子 下面 埋藏 着 古燕国 国王 的 大 墓 ， 这个 燕国 国王 就 是 委托 荆轲 刺 秦 的 那位 国王 。
