明朝 嘉靖 年间 ， 荒村 有 一 对 年轻 夫妇 ， 妻子 的 名字 叫 胭脂 。
当时 常 有 日本 倭寇 出没 ， 胭脂 的 丈夫 被 强 征 入 军队 ， 被迫 到 外 省 与 倭寇 打仗 。
丈夫 在 临行 前 与 胭脂 约定 ： 三年 后 的 重阳节 ， 他 一定 会 回到 家 中 与 她 相会 ， 如果 届时 不 能 相会 ， 两 人 就 在 重阳 之 夜 一同 殉情 赴 死 。
三年 后 的 重阳节 将近 ， 远方 的 丈夫 依旧 杳无音信 。
胭脂 每日 都 等 在 村口 ， 有 天 遇到 一个 游 方 的 托 钵 僧 ， 僧人 赠予 她 一 支 笛子 ， 吩咐 她 在 重阳 之 夜 吹 响 笛子 ， 丈夫 就 会 如约 归来 。
重阳 之 夜 ， 胭脂 吹 响 了 那 支 笛子 ， 当 一 曲 忧伤 的 笛 声 终了 ， 丈夫 竟 真 的 回到 了 家门口 。
她 欣喜 万分 地 为 丈夫 脱 去 甲 衣 ， 温柔 地 服侍 丈夫 睡 下 。
在 他们 一同 度过 几 个 幸福 的 夜晚 之后 ， 丈夫 突然 失踪 了 。
不久 ， 胭脂 听说 她 的 丈夫 竟 早已 在 重阳 之 夜 战死 。
原来 ， 重阳节 那 晚 ， 她 丈夫 在 千 里 之外 征战 ， 故意 冲 在 队伍 最 前头 ， 被 敌人 乱 箭 射 死 。
他 名为 战死 ， 实为 殉情 ， 以 死亡 履行 了 与 妻子 的 约定 。
他 的 魂魄 飞越 千山万水 ， 只 为 返回 故乡 荒村 。
而 此刻 胭脂 正好 吹 响 神秘 的 笛子 ， 悠扬 的 笛 声 正好 指引 了 丈夫 的 幽灵 回家 。
当天 晚上 ， 我 一 整夜 都 在 想 这个 故事 ， 实在 睡 不 着 觉 。
到 了 后半夜 ， 我 索性 走 出 房间 ， 发现 隔壁 房间 里 竟 透 出 一 线 烛光 。
强 忍 着 恐惧 ， 我 偷偷 地 向 隔壁 窗户 里 看 去 —— 古老 的 梳妆台 上 点 着 一 支 蜡烛 ， 幽暗 的 烛光 照亮 了 一个 穿 着 白衣 的 女子 ， 但 我 无法 看到 她 的 脸 ， 只 看到 她 正 梳 着 一 头 乌黑 的 长发 。
我 立刻 想起 一 部 经典 恐怖片 中 的 画面 ， 慌忙 逃 回到 自己 的 房间 里 。
这 就是 我 在 荒村 的 第一 夜 。
第二 天 ， 小 枝 带 着 我 到 荒村 四周 看 了 看 ， 这里 果然 是 穷山恶水 ， 荒凉 的 山峦 和 黑色 的 大海 ， 使 我 想起 了 《 牙买加 客栈 》 。
小 枝 总 是 那种 表情 ， 似乎 永远 都 没有 开心 的 时候 ， 呆 呆 地 望 着 大海 出神 。
看 着 她 凝视 大海 的 样子 ， 忽然 产生 了 某种 冲动 ， 但 我 还是 强 忍 住 了 。
下午 在 小 枝 的 房间 里 ， 我 看到 写字台 上 放 着 一个 相 框 ， 里面 镶 着 一 张小枝 的 黑白照片 ， 照片 里 的 她 很 迷人 ， 只是 眼神 有 几 分 淡 淡 的 忧郁 。
可 小 枝 却 说 这 张 照片 里 的 人 早 就 死 了 。
原来 这 是 小枝 妈妈 的 照片 ， 她们 母女 俩 长 得 实在 太 像 了 。
小 枝 很 小 的 时候 ， 她 的 妈妈 就 生病 去世 了 ， 就 病 死 在 我 现在 住 的 那 栋 楼 上 。
父亲 一个 人 把 她 带 大 。
她 只 能 从 照片 上 看到 妈妈 的 样子 。
在 这 天 晚上 的 十二点 钟 ， 我 忽然 听到 一阵 笛 声 ， 似乎 是 从 后面 的 山上 传来 的 。
黑夜 中 的 笛 声 让 我 心惊肉跳 ， 我 急忙 跑 出 进士 第 ， 循 着 笛 声 找到 了 山上 的 吹 笛 者 。
原来 吹 笛子 的 人 是 小 枝 的 父亲 —— 欧阳 先生 。
半夜 里 跑 到 山上 吹 笛子 ， 这种 怪异 的 行为 令 我 很 好奇 ， 而 他 手上 的 笛子 也 非常 特别 ， 据说 已 有 几 百年 历史 了 。
想必 这 支 笛子 一定 是 有 故事 的 ， 果然 ， 欧阳 先生 告诉 我 ， 这 支 笛子 就是 当年 胭脂 吹 过 的 神秘 笛子 ， 而 胭脂 的 故事 还 有 另 一 个 版本 —— 几 百年 前 的 荒村 ， 胭脂 在 重阳 之 夜 吹 响 这 支 笛子 ， 与 丈夫 的 鬼魂 相聚 。
三 个 月 后 ， 她 发现自己 已经 有 孕 在 身 。
这 是 一个 奇迹 。
她 腹 中 怀 的 那 个 孩子 ， 正是 战死 沙场 的 丈夫 魂兮归来 后 播 下 的 种子 。
荒村 人 开始 怀疑 她 红 杏 出 墙 ， 但 胭脂 坚持 自己 是 清白 的 ， 为了 保住 腹 中 的 孩子 ， 胭脂 受 尽 了 苦难 ， 怀胎 十月 ， 终于 把 儿子 生 了 下来 。
胭脂 一个 人 将 孩子 带 大 ， 母子 受 尽 了 歧视 和 侮辱 。
十几 年 后 ， 胭脂 终 因 操劳 过度 而 死 ， 但 她 的 儿子 读书 极为 用功 ， 后来 金榜题名 成为 天子 门生 。
胭脂 的 事迹 传 到 了 皇帝 耳 中 ， 皇帝 也 为 这个 故事 所 感动 ， 御 赐 贞节 牌坊 一块 ， 以 表彰 胭脂 的 德行 。
原来 村口 的 贞节 牌坊 就是 给 胭脂 的 ， 进士 第 也 是 胭脂 的 儿子 所 建 ， 欧阳 先生 和 小 枝 都 是 胭脂 的 后代 —— 幽灵 的 后代 ？
我 吓 得 跑 回 到 了 进士 第 里 。
在 进士 第 的 院子 里 ， 我 竟然 发现 小 枝 穿着 一身 白衣 ， 正 孤独 地 徘徊 在 月光 下 。
