大千世界 无奇不有 ， 这 句 话 在 此 之前 常常 听 人 说 起 。
可是 往往 当 离奇 的 事情 落 到 自己 身上 的 时候 却 又 开始 怀疑 这 句 话 的 真实性 。
当 我 听 完 “ 爷爷 ” 的 故事 之后 ， 我 完全 愣住 了 ， 好 一会儿 才 恍若 隔 世 般 地 从 故事 之中 清醒 过来 。
之所以 在 爷爷 两 字 上面 加 一个 引号 ， 是 因为 他 并 不 是 我 的 亲 爷爷 ， 或者 说 我 与 他 没有 血缘 关系 。
只 是 从 我 父亲 开始 便 因为 一些 原因 改 成 了 他 的 姓氏 ， 就 连 我 的 名字 潘 沐 洋 也 是 他 给 取 的 。
在 我 的 印象 中 爷爷 一直 是 个 神秘 的 人 ， 无论 冬 夏 他 始终 都 穿 着 一 件 黑色 的 已经 破 得 露出 棉花 的 棉袄 ， 蓬头垢面 ， 眼神 缥缈 ， 喜悦 的 表情 似乎 永远 不 属于 他 那 张 脸 。
他 住 在 村子 最 里面 的 一 间 小 草 房 里 ， 与 其他 的 人家 隔 出 几 百 米 。
院子 不 大 ， 却 养 着 数 只 羽毛 光 鲜 的 公鸡 。
村子 里 的 人 极 少 与 他 来往 ， 但 是 非常 敬重 他 。
最 主要 的 原因 是 因为 他 有 一 手 看 阴 宅 的 绝 活儿 。
他 的 规矩 颇 多 ， 非 有 缘 人 即便 施 以 重金 亦 不为所动 。
我 小时候 曾经 在 老家 陪 着 这 位 爷爷 待 过 一 段时间 ， 但是 那段 记忆 却 是 不堪回首 的 。
后来 一直 在 外 求学 ， 便 再 也 没有 他 的 音讯 ， 也许 是 因为 并非 亲 爷爷 的 缘故 ， 在 亲 爷爷 过世 之后 便 觉得 在 老家 已经 再 无 亲人 ， 便 也 不再 关心 老家 。
直到 2008年 的 秋天 ， 那 时候 正 赶上 金融 危机 ， 而 我 却 不幸 地 离职 了 。
正当 我 窝 在 家中 四 处 投 简历 无 果 的 时候 ， 父亲 忽然 打 来 了 电话 。
电话 里 父亲 忽然 提到 了 爷爷 ， 这 才 让 我 想起 了 那 位 老人 。
父亲 在 电话 里 告诉 我 ： 爷爷 得了 肺癌 ， 发现 的 时候 已经 是 晚期 了 ， 医院 下 了 病危 通知单 ， 如果 我 没有 太 多 的 事情 的 话 ， 过 几 天 就 和 他 回去 看看 爷爷 。
关于 我 小时候 的 那 件 事 ， 实际上 老人 一直 对 我 心 存 内疚 ， 说 完 父亲 挂断 了 电话 。
放下 电话 ， 我 看 了 看 我 左手 的 手腕 ， 手腕 处 依然 清晰 地 留 着 两 块 细小 的 伤疤 。
毕竟 人 已经 老 了 ， 我 想 我 也 应该 回去 看看 他 了 。
想 到 这里 我 给 父亲 回 了 个 电话 ， 我 告诉 父亲 他 回 老家 的 时候 顺便 接 上 我 。
三 天 之后 ， 父亲 开 车 来 接 我 。
我 和 父亲 也 有 半 年 多 未 见 了 ， 半 年 的 时间 已经 使 年 过 五十 的 父亲 显得 苍老 了 很多 。
其实 我 并非 不 愿意 回家 看望 他们 ， 只是 因为 我 手腕 上 的 伤 。
因为 前 几 天 下 过 一 场 秋雨 的 缘故 ， 下 了 高速 之后 ， 车子 一直 在 泥泞 的 山路 上 颠簸 ， 我 和 父亲 一直 沉默 不 语 。
或许 是 这种 气氛 太 过 压抑 ， 父亲 欲 言 又 止 地 说道 ： “ 沐 洋 ， 你 …
…
最近 还 好 吗 ？
” 我 当然 知道 父亲 话 里 的 意思 ， 他 的 所谓 好 吗 是 指 我 手腕 上 的 伤口 。
我 勉强 从 嘴角 里 挤出 几 丝 微笑 说道 ： “ 好 多 了 ， 已经 有 几 个 月 没有 发 作 过 了 。
” 接着 车 里 又 是 一阵 沉默 ， 过 了 一会儿 ， 父亲 递给 我 一 支 烟 ， 自 顾 自 地 点 上 大 口 地 吸 了 一 口 ， 放慢 了 车速 说道 ： “ 你 心里 是 不 是 一直 在 责怪 他 ？
” 父亲 的 话 让 我 心头 一 颤 ， 恨 一个 人 最 深 的 程度 也许 就 是 完全 将 这个 人 遗忘 掉 吧 。
我 没有 说话 ， 抽 了 一 口 烟 然后 将 头 扭 向 车 外 ， 车 外 是 一 条 绵亘 的 高山 。
“ 其实 他 一直 在 想 办法 弥补 。
” 父亲 淡 淡 地 说道 。
我 不置可否 地 从 鼻孔 中 “ 哼 ” 了 一 声 ， 然后 继续 注视 着 窗外 ， 泪水 顺着 眼眶 流 了 出来 。
“ 爸 ， 关于 他 ， 你 知道 多少 ？
” 我 忽然 问道 ， 父亲 的 身体 也 是 微微 一 颤 ， 其实 我 知道 父亲 甚至 我 的 亲 爷爷 对 他 的 了解 都 少 得 可怜 ， 没 人 知道 他 是 从 什么 地方 来 的 ， 听 别人 说 他 来 的 时候 正好 是 一年 的 秋季 ， 他 便 是 穿 着 那 件 黑色 的 棉袄 ， 身无长物 ， 只 有 一个 黑色 的 小 盒子 ， 那 盒子 有 手掌 大小 ， 挂 在 腰 间 。
他 来到 这里 便 留 了 下来 。
“ 沐 洋 …
…
其实 很多 事情 你 不 知道 ！
” 父亲 叹 了 口 气 说 ， “ 这些 话 如果 我 告诉 你 的 话 ， 你 一定 会 觉得 是 天方夜谭 ， 但 确实 是 真 的 。
” “ 呵呵 。
” 我 笑 得 有些 轻蔑 ， 不 相信 这个 世界 上 会 有 什么 事情 会 让 我 觉得 是 天方夜谭 。
