2010年/m第三/m届/q世界/n大专/n华语/nz辩论/vn表演赛/n---/m王者/n之/uzhi约/ng（/wkz2010年/m7月/t25日/t）/wky辩/vg题/n：/wm正方/n：/wm生命/n的/ude1可悲/a在于/v它/rr不/d能/v重/v来/vf反方/n：/wm生命/n的/ude1可喜/a在于/v它/rr不/d能/v重/v来/vf【/wkz正方/n辩/vg手/n】/wky一/m辩/vg：/wm胡/nr1渐/d彪/q；/wf二/m辩/vg：/wm黄聪涵/nr；/wf三/m辩/vg：/wm陈思渊/nr；/wf四/m辩/vg：/wm路/n一/m鸣/vg；/wf【/wkz反方/n辩/vg手/n】/wky一/m辩/vg：/wm黄/nr1执/v中/f；/wf二/m辩/vg：/wm梁佑诚/nr；/wf三/m辩/vg：/wm凌国文/nr；/wf四/m辩/vg：/wm马薇薇/nr；/wf【/wkz正方/n立论/vi】/wky胡/nr1渐/d彪/q：/wm原来/b第一/m次/qv当/v主辩/vn也/d会/v紧张/a的/ude1。/wj
其实/d我/rr也/d还/d很/d年轻/a，/wd真/a的/ude1还/d很/d年轻/a，/wd30/m多/m年/qt的/ude1人生/n经验/n，/wd但是/c允许/v我/rr用/p这么/rz一点点/m有限/a的/ude1阅历/n和/cc认识/v来/vf谈谈/v今天/t的/ude1辩/vg题/n。/wj
其实/d生命/n本来/d就/d是/vshi有/vyou悲/ag有/vyou喜/ng，/wd悲喜/n交集/v----/m那/rzv今天/t我们/rr要/v谈/v的/ude1是/vshi什么/ry？/ww
----/m我们/rr要/v谈/v的/ude1就是/v，/wd生命/n中/f的/ude1悲/ag和/cc喜/v到底/d是/vshi不/d是/vshi由/p生命/n不/d可/v重/v来/vf这个/rz既定/b的/ude1事实/n留下/v的/ude1烙印/n。/wj
而/cc我们/rr认为/v生命/n的/ude1可悲/a在于/v它/rr不/d能/v重/v来/vf，/wd因为/c起码/d我们/rr发现/v，/wd它/rr造成/v了/ule人生/n的/ude1三/m大/a可悲/a：/wm第一/m，/wd它/rr造成/v了/ule因为/p失去/v而/cc不能/v再/d拥有/v的/ude1痛惜/vn之/uzhi情/n。/wj
看看/v我们/rr的/ude1岁月/n，/wd时间/n过去/t就/d过去/vf了/y，/wd青春/n没有/v了/ule就/d没有/v了/y。/wj
所以/c我们/rr才/d会/v有/vyou，/wd“/wyz黑发/n不知/v勤/ad学/v早/a，/wd白/a首/m方/q悔/vg读书/vi迟/a”/wyy的/ude1悲/ag情/n；/wf也/d也/d因为/p生命/n不/d能/v重/v来/vf，/wd亲情/n过去/vf了/ule就/d过去/vf了/y，/wd所以/c我们/rr才/d会/v有/vyou“/wyz树欲静而风不止/nl，/wd子/ng欲/d养/v而/cc亲/v不/d在/p”/wyy悲愁/a；/wf也/d因为/p生命/n不/d能/v重/v来/vf，/wd所以/c我们/rr才/d会/v发现/v，/wd当/p情人/n过去/vf了/ule就/d过去/vf了/y，/wd你/rr想/v再/d追/v回/v来/vf的/ude1时候/n你/rr得/v不/d到/v了/y，/wd所以/c刘/nr1若/v英才/n会/v说/v，/wd“/wyz后来/t我/rr终于/d学会/v了/ule怎么/ryv去/vf爱/v，/wd只/d可惜/v你/rr早已/d消失/vi在/p人/n海/n”/wyy！/wt
第二/m，/wd我们/rr发觉/v生命/n不/d可以/v重/v来/vf也/d带来/v了/ule另/rz一/m外/f种/v悲/ag情/n，/wd那/rzv就/d是/vshi犯/v错过/v后/f无法/v再/d回头/vi的/ude1悔恨/vn之/uzhi心/n。/wj
有/vyou一/m位/q叫/vi杨伟光/nr的/ude1朋友/n在/p新加坡/nsf因为/p贩毒/vn被/pbei抓/v了/y，/wd一/m失足/vi造成/v的/ude1是/vshi千/m古/tg之/uzhi恨/v！/wt
我们/rr更/d看到/v，/wd德国/nsf老兵/n们/k过去/t犯下/v屠杀/vn的/ude1错误/n，/wd纵使/c他/rr懊悔/v了/y，/wd但是/c人/n死/v不/d能/v复/dg生/v啊/y！/wt
这/rzv一个/mq遗恨/vi就/d只/d能/v成为/v他/rr生命/n中/f漫长/a节日/n中/b天/n天/qt要/v煎熬/vi的/ude1苦处/n！/wt
第三/m，/wd我们/rr也/d发觉/v，/wd它/rr带来/v的/ude1可悲/a也/d在于/v因为/c失败/vi过/uguo后/f没有/v机会/n再/d去/vf尝试/v的/ude1懊恼/vn之/uzhi心/n。/wj
各位/rr，/wd诸葛亮/nr“/wyz出师/vi未/d捷/ag身/ng先/d死/v”/wyy，/wd结果/n怎么样/ryv？/ww
没有/v机会/n尝试/vn的/ude1结果/n就/d只能/v是/vshi“/wyz长/a使/v英雄/n泪/n满/a襟/ng”/wyy。/wj
台下/s有/vyou很多/m辩/vg手/n，/wd有/vyou一些/mq辩/vg手/n甚至/d是/vshi他们/rr可能/v没有/v机会/n再/d参加/v大专/n辩论/vn赛/vn了/y，/wd为什么/ryv在/p下/f台/q的/ude1那/rzv一刻/mq，/wd为什么/ryv在/p败北/vi的/ude1那/rzv一刻/mq会/v泪/n流/v不止/v？/ww
我/rr也/d是/vshi过来人/n，/wd因为/c你/rr知道/v，/wd机会/n，/wd没有/v了/y！/wt
各位/rr，/wd我们/rr今天/t告诉/v大家/rr，/wd生命/n不/d能/v重/v来/vf带来/v可悲/a，/wd我们/rr并/d不/d是/vshi要/v传达/v一个/mq什么/ry错误/a的/ude1讯息/n。/wj
我/rr有/vyou两点/m希望/v大家/rr能够/v明白/v：/wm第一/m，/wd我们/rr今天/t说/v生命/n的/ude1可悲/a在于/v它/rr不/d能/v重/v来/vf，/wd我们/rr并/d不/d是/vshi主张/v要/v让/v我们/rr追求/v要/v让/v生命/n能够/v重/v来/vf。/wj
各位/rr，/wd你/rr要/v知道/v，/wd我们/rr今天/t说/v，/wd它/rr不/d能/v重/v来/vf，/wd我们/rr认同/v它/rr造成/v的/ude1可悲/a，/wd不/d代表/v我们/rr今天/t就/d要/v反过来/d要/v我们/rr说/v，/wd诶/e，/wd让/v我们/rr一起/d来/vf追求/v这/rzv不/d现实/a，/wd让/v我们/rr一起/d来/vf追求/v这个/rz不/d可能/v发生/v的/ude1事情/n来/vf扭转/v-----/m不/d是/vshi的/ude1！/wt
而/cc纵使/c生命/n它/rr能/v重/v来/vf，/wd可能/v会/v带来/v混/x乱/a，/wd也/d不/d代表/v今天/t生命/n不/d能/v重/v来/vf没有/v对/p我们/rr的/ude1人生/n留下/v的/ude1痛苦/an印迹/n！/wt
其次/c，/wd我们/rr更/d希望/v大家/rr能够/v了解/v，/wd生命/n不/d可/v重/v来/vf带来/v可悲/a，/wd不/d代表/v我们/rr今天/t认为/v整个/b人生/n都/d是/vshi可悲/a的/ude1。/wj
我们/rr今天/t只不过/d是/vshi希望/v大家/rr能够/v明白/an，/wd纵使/c生命/n中/f因为/c不/d可/v重/v来/vf留下/v的/ude1可悲/a的/ude1印迹/n，/wd但是/c我们/rr今天/t，/wd并/cc不/d是/vshi要/v拥抱/v整个/b可悲/a。/wj
而/cc是/vshi希望/v能够/v让/v我们/rr，/wd争取/v现在/t我们/rr生活/vi中/f能够/v拥有/v的/ude1！/wt
你/rr我/rr今天/t所/usuo能够/v去/vf创造/v的/ude1！/wt
在/p你/rr身边/s还/d跟/p你/rr坐/v在/p一起/s的/ude1战友/n们/k，/wd珍惜/v这/rzv一切/rz，/wd珍惜/v你/rr的/ude1家人/n，/wd珍惜/v这/rzv一切/rz的/ude1可喜/a，/wd我们/rr用/p价值/n的/ude1平常心/n来/vf看待/v，/wd那/rzv这个/rz辩/vg题/n才/d有/vyou意义/n！/wt
生命/n不/d能/v重/v来/vf带来/v最/d大/a的/ude1可悲/a就/d在于/v，/wd刚才/t我/rr这么/rz紧张/a的/ude1表现/vn，/wd过/vf了/ule这/rzv一/m场/qv，/wd可能/v下/vf一/m次/qv就/d没有/v机会/n再/d扳回/v来/vf了/y！/wt
所以/c，/wd以上/f我/rr就/d用/v三/m个/q论点/n、/wn两/m个/q澄清/vi，/wd再/d加上/v刚刚/d说/v的/ude1这个/rz价值/n来/vf论证/v我方/r命题/n！/wt
谢谢/v！/wt
【/wkz反方/n四/m辩/vg法庭/n式/k盘问/v】/wky反方/n---/m马薇薇/nr：/wm非常/d感谢/v渐/d彪/q兄/ng今日/t给/p我们/rr带来/v了/ule两/m个/q可喜/a之/uzhi处/n：/wm就/d是/vshi，/wd第一/m，/wd我/rr来到/v这里/rzs尽管/c说/v看到/v后生可畏/vl，/wd内心/n感觉/n有/vyou点/qt压力/n，/wd但是/c居然/d发现自己/n比/p渐/d彪/q兄/ng更加/d年轻/a略/d感/vg可喜/a；/wf第二/m个/q可喜/a在于/v，/wd渐/d彪/q兄/ng说/v万一/c今天/t表现/v不/d好/a，/wd留下/v遗憾/a可悲/a，/wd那么/c站/vi在/p反/vi方/ng的/ude1我们/rr未免/d心头/s窃/vg喜/ng。/wj
好/a，/wd我/rr想/v请问/v渐/d彪/q兄/ng一个/mq问题/n，/wd那/rzv就是/v生命/n是/vshi不/d是/vshi充满/v了/ule很多/m由于/c不/d能/v挽回/v而/cc痛苦/an和/cc悲惨/a的/ude1事情/n？/ww
正方/n---/m胡/nr1渐/d彪/q：/wme/x，/wd是/vshi的/ude1，/wd这/rzv就是/v我/rr刚才/t的/ude1稿件/n论述/vn。/wj
反方/n---/m马薇薇/nr：/wm好/a，/wd那么/c当/p你/rr能够/v回到/v去/vf过去/t挽回/v某/rz一/m件/q事情/n的/ude1时候/n，/wd那么/c，/wd这个/rz时候/n这个/rz问题/n能/v不/d能/v得到/v解决/v？/ww
正方/n---/m胡/nr1渐/d彪/q：/wme/x，/wd我/rr不/d回答/v假设/n性/ng问题/n，/wd而且/c我们/rr今天/t不/d是/vshi论述/v可以/v重/v来/vf到/v底/f好/a还是/c不/d好/a。/wj
反方/n---/m马薇薇/nr：/wm对方/n提出/v说/v在/p辩论/vn中/f不/d能/v回答/v假设/n性/ng问题/n，/wd而/cc在场/vi的/ude1各位/rr都/d知道/v，/wd辩论/v本身/rz就/d是/vshi充满/v假设/n和/cc推理/vn的/ude1，/wd如果/c只/d有/vyou事实/n，/wd我们/rr何须/d辩论/v，/wd只/d须/d上/f来/vf展示/v自己/rr的/ude1身材/n就/d好/a了/y。/wj
