袁/nr1丁/ng：/wm我方/r已经/d说/v了/y，/wd连/v"/x贪/v"/x字/n下面/f都/d有/vyou个/q"/x贝/b"/x字/n，/wd那/rzv不/d是/vshi表示/v对/p钱/n的/ude1贪欲/n吗/y？/ww
（/wkz掌声/n）/wky（/wkz对方/n同学/n请/v你/rr告诉/v我们/rr，/wd马来西亚/nsf的/ude1球员/n为什么/ryv要/v把/pba球/n往/p自己/rr的/ude1球门/n里/f踢/v？/ww
对方/n同学/n恐怕/d不/d是/vshi不/d知道/v，/wd那/rzv是/vshi因为/p赌球/n，/wd赌球/n是/vshi为了/p什么/ry？/ww
为了/p钱/n！/wt
）/wky胡/nr1渐/d彪/q：/wm有/vyou一个/mq"/x贝/b"/x字/n，/wd就是/v为了/p钱/n。/wj
那/c我们/rr今天/t"/x辩论/vn员/n"/x的/ude1"/x员/q"/x字/n下面/f也/d有/vyou一个/mq"/x贝/b"/x字/n，/wd你/rr是/vshi说/v我们/rr大家/rr都/d是/vshi贪/v钱/n的/ude1人/n喽/y？/ww
（/wkz掌声/n）/wky余磊/nr：/wm首先/d告诉/v对方/n同学/n，/wd在/p中文/nz的/ude1语言/n当中/f，/wd目前/t的/ude1文字/n当中/f没有/v一个/mq"/x贝/b"/x字/n。/wj
还/d要/v告诉/v对方/n同学/n，/wd对方/n同学/n说/v，/wd今天/t的/ude1奖杯/n有/vyou10000/m块/q钱/n，/wd我们/rr会/v不/d会/v去/vf贪/v呢/y？/ww
我们/rr不/d会/v，/wd因为/c我们/rr受/v过/uguo教育/vn。/wj
而且/c还要/d提醒/v对方/n同学/n，/wd在/p这种/r情况/n下/f根本/d就/d没有/d恶/a的/ude1存在/vn。/wj
没有/d恶/a的/ude1存在/vn，/wd对方/n同学/n还/d要/v讨论/v恶/ag之/uzhi源/ng，/wd是/vshi不/d是/vshi叫作/v"/x没有/v牙齿/n的/ude1老太太/n嚼/v牛筋/n--/d白费/v口舌/n"/x呢/y？/ww
（/wkz掌声/n）/wky陈锦添/nr：/wm对方/n说/v到/v教育/vn，/wd我/rr倒/d想/v问/v对方/n一个/mq问题/n，/wd今天/t你/rr教育/v，/wd是/vshi教育/vn人/n，/wd还/d是/vshi教育/vn钱/n呢/y？/ww
（/wkz笑声/n）/wky周玄毅/nr：/wm对方/n同学/n，/wd您/rr的/ude1四/m辩/vg告诉/v大家/rr说/v，/wd我方/r不/d谈/v逻辑/n，/wd光/d谈/v事实/n。/wj
可是/c事实/n您/rr一/m个/q都/d没有/d解决/v呀/y！/wt
您/rr不/d愿意/v说/v赌博/vi的/ude1问题/n，/wd那/rzv好/a，/wd我们/rr就/d谈谈/v毒品/n犯罪/vn。/wj
请问/v您/rr，/wd毒品/n犯罪/vn背后/f的/ude1推动/vn力量/n究竟/d是/vshi什么/ry？/ww
陈/nr1政/ng鞃/x：/wm如果/c要/v谈/v事实/n的/ude1话/n，/wd我/rr想/v人类/n最/d悲剧/n的/ude1一个/mq事实/n就是/v在/p南京大屠杀/nz的/ude1时候/n。/wj
请问/v南京大屠杀/nz的/ude1时候/n，/wd日本/nsf人/n蹂躏/v我们/rr的/ude1中华/nz女性/n的/ude1时候/n，/wd他/rr是/vshi为了/p钱/n而/cc这/rzv样子/n做/v的/ude1吗/y？/ww
（/wkz掌声/n）/wky余磊/nr：/wm按照/p对方/n辩/vg友/ng的/ude1观点/n，/wd日本/nsf人/n侵略/v亚洲/ns各国/rzs，/wd为/v的/ude1不/d是/vshi经济/n利益/n，/wd为/v的/ude1是/vshi建立/v"/x大/a东亚/ns共/d荣/ag圈/n"/x。/wj
这样/rzv的/ude1借口/n，/wd我们/rr能/v接受/v吗/y？/ww
（/wkz掌声/n）/wky陈勋亮/nr：/wm对方/n辩/vg友/ng别/vi，/wd对方/n辩/vg友/ng别/d忙/v着/uzhe扣帽子/vi。/wj
如果/c经济/n发展/vn就/d是/vshi万恶/n之/uzhi源/ng的/ude1话/n，/wd那/rzv新加坡/nsf经济/n蓬勃/ad发展/v，/wd不/d是/vshi可/v把/pba恶/a源/ng给/p堆/v得/ude3越来越/d多/a了/y吗/y？/ww
对方/n辩/vg友/ng，/wd请/v你/rr回答/v我方/r的/ude1一个/mq例子/n吧/y，/wd如果/c钱/n是/vshi万恶/n之/uzhi源/ng，/wd那/rzv到底/d钱/n跟/p东京/nsf的/ude1杀/v林/nr1毒气/n案/x件/q有/vyou什么/ry关系/n呢/y？/ww
周玄毅/nr：/wm经济/n发展/v新加坡/nsf的确/d做/v得/ude3很/d好/a。/wj
可是/c日本/nsf的/ude1经济/n发展/v比/p新加坡/nsf做/v得/ude3更/d好/a啊/y！/wt
他/rr还/d不/d是/vshi一/m阔/a脸/n就/d变/v说/v，/wd反正/d我/rr现在/t有/vyou钱/n了/y，/wd我/rr根本/d就/d不/d承认/v我/rr侵略/v了/ule东南亚/nsf各国/rzs啊/y！/wt
（/wkz掌声/n）/wky（/wkz陈锦添/nr：日/t本/rz侵略/vn，/wd经济/n发展/vn，/wd是/vshi不/d是/vshi恶/a呢/y？/ww
蒋舸/nr：/wm我方/r刚才/t已经/d说/v得/ude3很/d清楚/a了/y。/wj
关于/p日本/nsf的/ude1问题/n，/wd那/rzv日本/nsf现在/t还/d给/v了/ule慰安妇/n一点/m钱/n，/wd就/d说/v他们/rr是/vshi自/rr相/d情愿/v。/wj
那么/rz对方/n辩/vg友/ng，/wd有/vyou一点/m钱/n就/d敢于/v把/pba自己/rr的/ude1恶/a都/d否认/v了/y，/wd恶/ag而/cc不/d自/p知/v，/wd恶/a莫大/n焉/y。/wj
）/wky胡/nr1渐/d彪/q：/wm对方/n辩/vg友/ng说/v到/v日本/nsf人/n篡改/v历史/n，/wd我/rr就/d一/m肚子/q气/n。/wj
我/rr想/v请问/v，/wd这种/r不/d顾/v事实/n，/wd掩盖/v历史/n的/ude1现象/n，/wd这种/r恶/a是/vshi钱/n带来/v的/ude1吗/y？/ww
（/wkz掌声/n）/wky余磊/nr：/wm钱/n多/a，/wd这/rzv叫/vi钱/n多/ad烧/vi得/ude3慌/a，/wd冲/v昏/v了/ule头脑/n啊/y！/wt
对方/n同学/n，/wd毒品/n的/ude1问题/n，/wd请/v您/rr告诉/v大家/rr，/wd是/vshi什么/ry让/v毒/n犯/v舍得/v一身/n剐/v，/wd敢/v把/pba毒品/n扶/v上/vf马/n？/ww
（/wkz陈/nr1政/ng鞃/x：/wm如果/c说/v钱/n多/ad冲/v昏/v了/ule头脑/n，/wd我/rr再/d问/v对方/n一个/mq现实/a的/ude1例子/n，/wd那/rzv日本/nsf人/n在/p砍/v杀/v一个/mq人/n头/n的/ude1时候/n，/wd他/rr得到/v多少/ry报酬/n呢/y？/ww
他/rr在/p强奸/v一个/mq少女/n的/ude1时候/n，/wd他/rr得到/v多少/ry佣金/n呢/y？/ww
你/rr告诉/v大家/rr，/wd是/vshi野性/n，/wd是/vshi兽性/n，/wd还/d是/vshi钱/n呢/y？/ww
袁/nr1丁/ng：/wm按照/p对方/n同学/n的/ude1说法/n，/wd是/vshi不/d是/vshi说/v他/rr砍/v了/ule一个/mq脑袋/n，/wd得到/v了/ule一些/mq钱/n，/wd这个/rz恶/a就/d不/d叫/vi恶/a了/y？/ww
日本/nsf人/n可/v是/vshi这么/rz说/v的/ude1，/wd他/rr说/v我/rr愿意/v赔钱/vi，/wd只要/c你/rr不/d再/d要/v我/rr道歉/vi了/y。/wj
陈勋亮/nr：/wm请/v你们/rr看/v，/wd）/wky其实/d对方/n辩/vg友/ng来/f来去/vi去/vf还/d是/vshi谈/v一个/mq例子/n，/wd就是/d贪/v钱/n的/ude1例子/n。/wj
请问/v，/wd今天/t我们/rr贪/v的/ude1就/d只/d有/vyou钱/n吗/y？/ww
我方/r问/v了/y，/wd色情/n的/ude1罪恶/n是不是/v万恶/n之/uzhi源/ng？/ww
我/rr想/v请问/v对方/n辩/vg友/ng，/wd到底/d强奸/v是不是/v万恶/n包括/v在/p内/f呢/y？/ww
余磊/nr：/wm中国/ns人/n说/v"/x万恶/n淫/ag为首/vi"/x。/wj
但是/c现在/t有/vyou了/ule钱/n可以/v大/a摇/v大/a摆/v出入/v红灯/n区/n，/wd还/d认为/v是/vshi风流/a快活/a。/wj
对方/n同学/n，/wd把/pba不道德/a的/ude1变成/v（/wkz时间/n警示/vn）/wky道德/n的/ude1，/wd把/pba不/d合法/a的/ude1变成/v合法/a的/ude1，/wd还/d不/d能/v说明/v是/vshi万恶/n之/uzhi源/ng吗/y？/ww
（/wkz掌声/n）/wky胡/nr1渐/d彪/q：/wm说/v到/v"/x万恶/n淫/ag为首/vi"/x，/wd就/d要/v让/v我/rr想到/v性/ng侵犯/v。/wj
美国/nsf根据/p调查/vn，/wd每/rz三/m位/q妇女/n就/d有/vyou一/m位/q曾经/d面对/v过/uguo性/ng侵犯/v的/ude1这种/r侵扰/vn。/wj
请问/v各位/rr，/wd这/rzv和/cc钱/n有/vyou什么/ry关系/n呀/y？/ww
袁/nr1丁/ng：/wm可是/c我/rr也/d知道/v，/wd美国/nsf现在/t每/rz两分/m钟/n就/d有/vyou一/m次/qv抢劫/v案/x，/wd每/rz三分/m钟/n就/d有/vyou一/m次/qv盗窃/v案/x哪/y！/wt
（/wkz掌声/n）/wky陈勋亮/nr：/wm所以/c对方/n辩/vg友/ng说/v得/ude3好/a啊/y，/wd又/d有/vyou抢劫/v案/x，/wd又/d有/vyou强奸/v案/x。/wj
为什么/ryv今天/t你/rr的/ude1万恶/n之/uzhi源/ng导致/v部分/n的/ude1恶/a呢/y？/ww
部分/n的/ude1恶/ad等于/v万恶/n吗/y？/ww
请/v你/rr论述/v一下/mq吧/y。/wj
（/wkz掌声/n）/wky余磊/nr：/wm很/d简单/a嘛/y，/wd对方/n同学/n"/x万/m"/x字/n概念/n界定/vn错误/n。/wj
我方/r已经/d重申/v过/uguo四/m遍/qv了/y呀/y！/wt
胡/nr1渐/d彪/q：/wm对/p呀/y，/wd这个/rz界定/v本身/rz就是/d不/d看/v原/b典/ng。/wj
请问/v你/rr知/v不/d知道/v，/wd这/rzv句/q话/n原/b典/ng是/vshi来自/v《/wkz提摩太/nrf》/wky第六/m章/q第十/m节/q呢/y？/ww
