（/wkz长时间/n热烈/a掌声/n）/wky谢谢/v，/wd谢谢/v，/wd感谢/v你们/rr的/ude1全/a情/n参与/v。/wj
好/a，/wd各位/rr观众/n，/wd现在/t让/v我们/rr有/vyou请/v2001年/m国际/n大专/n辩论会/n冠军/n队伍/n--/d马来亚/nsf大学/n队/n的/ude1领队/n和/cc辩论/vn代表/n。/wj
（/wkz长时间/n热烈/a掌声/n、/wn欢呼声/n）/wky（/wkz音乐/n止/v）/wky2001/m国际/n大专/n辩论会/n辩/vg词/n?/ww
（/wkz半决赛/n第二/m场/qv）/wky正方/n温莎/nsf大学/n：/wm个人/n利益/n和/cc群体/n利益/n可以/v两全/vi反方/n马来西亚/nsf大学/n：/wm个人/n利益/n和/cc群体/n利益/n不/d可以/v两全/vi主持人/n：/wm各/rz位/q来宾/n，/wd各位/rr观众/n，/wd欢迎/v观赏/v由/p新加坡/nsf新/a传媒/n集团/n，/wd和/cc中国/ns中央电视台/nt联合/vd主办/v的/ude12001年/m国际/n大专/n辩论会/n半决赛/n第二/m场/qv，/wd感谢/v各位/rr的/ude1光临/vn。/wj
今天/t的/ude1优胜/vn队伍/n将/d进入/v大/a决赛/vn，/wd同/p中国/ns武汉/ns大学/n队/n碰头/vi，/wd争夺/v冠军/n宝座/n。/wj
那/rzv马上/d给/p您/rr介绍/v今天/t的/ude1参赛/vn双方/n，/wd首先/d坐/v在/p我/rr右手/n边/k的/ude1是/vshi来自/v加拿大/nsf温莎/nsf大学/n队/n，/wd他们/rr的/ude1四/m位/q辩/vg手/n分别/d是/vshi一/m辩解/vi意/ng，/wd电脑/n科学/ad系/v三年/m级/q；/wf二/m辩/vg纪宝娟/nr，/wd教育/v系/v说是/v研究所/n；/wf三/m辩/vg叶斌/nr，/wd化学系/n硕士/n研究生/n；/wf四/m辩/vg王筱青/nr，/wd工商/n管理/vn硕士/n二年/m级/q。/wj
那/rzv坐/v在/p我/rr左手/n边/k的/ude1是/vshi反方/n马来亚/nsf大学/n队/n，/wd他们/rr的/ude1四/m位/q队员/n分别/d是/vshi一/m辩/vg陈锦添/nr，/wd土木/n工程/n系/v二年/m级/q，/wd二/m辩/vg陈勋亮/nr，/wd电器/n工程/n系/v二年/m级/q，/wd三/m辩/vg陈政弘/nr电器/n工程/n系/v三年/m级/q，/wd和/cc四/m辩/vg胡/nr1渐/d彪/q，/wd中文/nz系/v四年/m级/q。/wj
今天/t的/ude1评判/vn团/n成员/n共有/v五/m位/q，/wd我/rr来/vf一一/m的/ude1给/p你们/rr介绍/v，/wd他们/rr是/vshi徐廷芳/nr律师/n，/wd徐/nr1律师/n是/vshi本届/r大会/n的/ude1常驻/vn评判/vn之一/rz；/wf教育工作者/n赵令茂/nr先生/n，/wd赵/nr1先生/n也/d是/vshi大会/n的/ude1常驻/vn评判/vn，/wd他/rr也/d曾经/d是/vshi新加坡/nsf大专/n辩论会/n的/ude1最佳/z辩论/v员/q；/wf时事/n评论家/n钟志邦/nr博士/n；/wf教育/vn及/cc历史/n学者/n魏维贤/nr博士/n，/wd以及/cc专栏/n作家/n罗伊菲/nrf女士/n。/wj
各位/rr观众/n，/wd今天/t的/ude1这/rzv场/qv比赛/vn作为/v正方/n温莎/nsf大学/n队/n的/ude1辩论/vn立场/n是/vshi，/wd个人/n利益/n和/cc群体/n利益/n可以/v两/m全/a，/wd而/cc作为/v反方/n马来亚/nsf大学/n队/n的/ude1辩论/vn立场/n是/vshi，/wd个人/n利益/n和/cc群体/n利益/n不/d可以/v两/m全/a。/wj
好/a，/wd现在/t我/rr宣布/v2001年/m国际/n大专/n辩论会/n半决赛/n第二/m场/qv正式/ad开始/v。/wj
首先/c我们/rr有请/vi正方/n的/ude1一/m辩解/vi意/b同学/n发言/vi，/wd时间/n是/vshi三分/m钟/n。/wj
解/v意/ng：/wm谢谢/v主席/n，/wd对方/n辩/vg友/ng，/wd各位/rr评审/v，/wd朋友/n们/k，/wd大家/rr好/a！/wt
无论/c我们/rr承认/v与否/u，/wd我们/rr都/d会/v发现/v，/wd人/n的/ude1行为/n背后/f隐藏/v着/uzhe一个/mq最/d本质/n的/ude1东西/n——/wp利益/n，/wd人/n的/ude1一生/n在/p不/d停/vi的/ude1奋斗/vn以/p获得/v利益/n，/wd社会/n也/d因此/c得到/v了/ule整体/n的/ude1发展/vn和/cc进步/vn，/wd这/rzv恰好/d证明/v了/ule我方/r今天/t所/usuo坚持/v的/ude1观点/n，/wd个人/n利益/n、/wn群体/n利益/n可以/v两/m全/a。/wj
首先/c让/v我们/rr对/p今天/t的/ude1命题/n进行/vx一下/mq仔细/a的/ude1分析/vn，/wd利益/n，/wd是/vshi人们/n的/ude1欲望/n和/cc需求/n的/ude1满足/an。/wj
群体/n是/vshi许多/m个/q人/n组成/v的/ude1整体/n，/wd群体/n利益/n则/d反映/v着/uzhe群体/n中/f大多数成/m员/q的/ude1个人/n利益/n，/wd两/m全/a，/wd说/v的/ude1是/vshi双方/n的/ude1利益/n都/d可以/v得到/v保全/v，/wd这里/rzs并/d不/d是/vshi说/v双方/n的/ude1利益/n都/d要/v完美/a无穷/z，/wd也/d并/d不/d是/vshi说/v要/v同时/c实现/v，/wd而是/c一/m种/q过程/n和/cc趋势/n，/wd可以/v是/vshi一/m种/q或然性/n，/wd代表/n着/uzhe或许/d可能/v，/wd并/cc不/d是/vshi说/v在/p任何/rz时间/n，/wd任何/rz地点/n，/wd任何/rz条件/n下/f都/d曾经/d也/d必然/d是/vshi如此/rzv的/ude1，/wd其次/c，/wd利益/n是/vshi多/a层次/n的/ude1，/wd它/rr有/vyou大/a有/vyou小/a，/wd请问/v对方/n辩/vg友/ng，/wd如果/c一个/mq人/n他/rr为了/p获得/v大/a的/ude1利益/n，/wd而/cc放弃/v小/a的/ude1利益/n，/wd你们/rr能/v说/v他/rr没有/d得到/v利益/n吗/y？/ww
利益/n有的/rz是/vshi低层次/n的/ude1，/wd有的/rz是/vshi高/a层次/n的/ude1。/wj
请问/v对方/n辩/vg友/ng，/wd如果/c一个/mq人/n为了/p理想/n和/cc信念/n的/ude1实现/vn，/wd而/cc在/p其它/rz方面/n忍受/v一些/mq痛苦/an，/wd你/rr能/v断定/v他/rr能够/v获得更高/n层次/n的/ude1利益/n吗/y？/ww
最后/f，/wd人/n之所以/c为/p人/n，/wd是/vshi因为/p人/n是/vshi有/vyou社会性/n的/ude1，/wd任何/rz一个/mq个人/n都/d是/vshi社会/n群体/n的/ude1一/m员/q，/wd个人/n利益/n的/ude1实现/vn从来/d离不开/v社会/n群体/n的/ude1保障/vn，/wd违反/v法律/n，/wd违反/v道德/n，/wd假公济私/vl，/wd损公肥私/vl，/wd在/p有些/rz人/n看来/v，/wd也许/d暂时/d可以/v获得/v一/m己/rr之/uzhi利/ng，/wd但/c是/vshi这样/rzv的/ude1人/n，/wd这样/rzv的/ude1行为/n终/d将/d受到/v群体/n的/ude1唾弃/vn和/cc法律/n的/ude1制裁/vn，/wd到头来/d是/vshi得不偿失/vl，/wd损害/v群体/n利益/n，/wd最终/d是/vshi损害/v了/ule个/q人/n更/d多/a的/ude1利益/n，/wd只能/v说/v个人/n利益/n和/cc群体/n利益/n两/m不/d全/a，/wd不/d过/uguo对方/n辩/vg友/ng，/wd两/m不/d全/d可/v无法/vd证实/v你们/rr今天/t所/usuo说/v的/ude1不可/v以/p两/m全/a啊/y。/wj
综/ng上/f，/wd我方/r认为/v，/wd个人/n利益/n、/wn群体/n利益/n可以/v两/m全/a，/wd下面/f我/rr倒/d想/v洗耳恭听/vl对方/n辩/vg友/ng如何/ryv告诉/v我们/rr，/wd如果/c个人/n利益/n，/wd群体/n利益/n不/d可以/v两全/vi的话/udh，/wd我们/rr的/ude1社会/n又/d是/vshi如何/ryv发展/v到/p今天/t的/ude1呢/y？/ww
谢谢/v！/wt
主持人/n：/wm谢谢/v解/v意/b同学/n，/wd下/f来/vf我们/rr请/v反方/n一/m辩/vg陈锦添/nr同学/n表明/v立场/n，/wd时间/n是/vshi三分/m钟/n。/wj
请/v！/wt
陈锦添/nr：/wm谢谢/v蔡/nr1萦/vg，/wd大家/rr好/a！/wt
对方/n告诉/v我们/rr，/wd只要/c个人/n不/d断/v的/ude1奋斗/vn，/wd社会/n就/d会/v进步/vn，/wd那/rzv为什么/ryv今天/t苏哈托/nrf越是/d奋斗/vi，/wd印尼/ns却/d越/d不/d进步/vi呢/y？/ww
对方/n今天/t又/d告诉/v我们/rr，/wd两/m全/a并/cc不/d等于/v完整/ad无/v缺/v。/wj
可是/c根据/p辞海/n的/ude1解释/vn，/wd全/d是/vshi完美/a齐备/a，/wd而/cc郑旋/nr说/v，/wd全/d无暇/d病/v者/k，/wd道/qv又/d说/v无愧/vi却/d也/d，/wd这/rzv怎么/ryv又/d不/d是/vshi完美/a无穷/z呢/y？/ww
因此/c对方/n今天/t如果/c要/v论证/v两全/vi的话/udh，/wd那/rzv就/d必须/d告诉/v我们/rr，/wd两者/rzv在/p追求/v的/ude1过程/n中/f，/wd完全/ad不/d会/v阻碍/v和/cc损害/v到/v另/rz一/m者/k的/ude1发展/vn，/wd显然/a对方/n没有/d做到/v这/rzv一点/m。/wj
今天/t我们/rr说/v，/wd个人/n利益/n是/vshi个人/n欲望/n的/ude1满足/an，/wd是/vshi个人/n自我/rr要求/v的/ude1一/m种/q享受/v，/wd个人/n利益/n包括/v了/ule个人/n生活/vn的/ude1方方面面/n，/wd大/d至/p名誉/n地位/n，/wd权利/n财富/n，/wd小/a至/p吃喝玩乐/vl，/wd衣食住行/nl等等/udeng。/wj
而/cc群体/n利益/n，/wd则/c是/vshi整个/b群体/n发展/vn和/cc延续/v的/ude1有利/a条件/n，/wd群体/n利益/n综合/v了/ule大多数/m人/n的/ude1需要/n和/cc意愿/n，/wd所以/c还/d是/vshi相对/vi的/ude1客观/n和/cc一致性/n的/ude1。/wj
今天/t辩/vg题/n里面/f的/ude1可以/v，/wd不/d像/v对方/n所/usuo说/v的/ude1仅仅/d是/vshi一/m种/q逻辑/n上/f的/ude1可以/v，/wd今天/t的/ude1可以/v是/vshi一/m种/q现实/n中/f的/ude1能力/n上/f的/ude1考量/vi，/wd所以/c对方/n要/v说/v可以/v的话/udh，/wd就/d必须/d向/p我们/rr可/v论证/vn，/wd两者/rzv的/ude1追求/vn如何/ryv可以/v解决/v它/rr在/p本质/n上/f的/ude1矛盾/an和/cc在/p实践/vn上/f的/ude1冲突/vn，/wd而/cc不/d是/vshi空/d说/v可以/v就/d可以/v了/y。/wj
