正方/n---/m胡/nr1渐/d彪/q：/wm那/c我/rr这/rzv样子/n回答/v好/a了/y，/wd我/rr不/d回答/v你/rr提/v的/ude1问题/n，/wd因为/c辩/vg题/n谈/v的/ude1是/vshi不/d能/v重/v来/vf是/vshi不/d是/vshi留下/v悲痛/an，/wd不/d是/vshi能够/v重/v来/vf会/v怎么样/ryv？/ww
反方/n---/m马薇薇/nr：/wm事物/n都/d是/vshi一分为二/vl的/ude1，/wd不/d看/v黑/a我们/rr怎么/ryv知道/v白/a，/wd对方/n辩/vg友/ng？/ww
正方/n---/m胡/nr1渐/d彪/q：/wm对/p，/wd所以/c我们/rr就要/d针对性/n的/ude1来/vf谈/v，/wd不/d能/v重/v来/vf是/vshi不/d是/vshi留下/v了/ule无法/d挽回/v的/ude1懊恼/vn和/cc悔恨/v。/wj
反方/n---/m马薇薇/nr：/wm但/c问题/n是/vshi这样/rzv子/ng的/ude1，/wd我们/rr如果/c可以/v通过/p重/v来/vf挽回/v这种/r痛苦/an，/wd那么/c，/wd不可/v重/v来/vf就/d是/vshi痛苦/a的/ude1根源/n，/wd对/p不/d对/v？/ww
但是/c如果/c重/v来/vf了/ule之后/f依然/d无法/v挽回/v这种/r痛苦/an，/wd是/vshi不/d是/vshi就/d论证/v了/ule不可/v重/v来/vf并/d不/d是/vshi生命/n痛苦/an的/ude1根源/n呢/y？/ww
正方/n---/m胡/nr1渐/d彪/q：/wm不对/a，/wd因为/c你/rr今天/t能够/v重/v来/vf也/d不/d一定/d能够/v挽回/v，/wd所以/c我们/rr说/v，/wd你/rr这个/rz推断/v只/d是/vshi纯粹/b假设/n，/wd而且/c结果/n双方/n都/d不/d能/v论证/v！/wt
所以/c没有/d必要/a循环/vn。/wj
反方/n---/m马薇薇/nr：/wm对/p，/wd就是/v因为/c能够/v重/v来/vf这种/r痛苦/an依然/d不/d可/v挽回/v，/wd所以/c我们/rr生命/n的/ude1痛苦/a之/uzhi处/n并/cc不/d在于/v不/d可/v重/v来/vf，/wd而/cc在于/v欲望/n。/wj
谢谢/v！/wt
【/wkz反方/n立论/vi】/wky黄/nr1执/v中/f：/wm在座/vi各位/rr大家/rr好/a！/wt
e/x…/ws
谢谢/v！/wt
在座/vi各位/rr大家/rr好/a！/wt
我/rr方/d的/ude1观点/n其实/d很/d简单/a，/wd我/rr简单/a的/ude1叙述/vn几/m句/q话/n就/d好/a了/y。/wj
首先/c我/rr知道/v刚才/t对方/n老兄/n说/v为什么/ryv不/d能/v重/v来/vf是/vshi一/m件/q可悲/a的/ude1事情/n，/wd大概/d有/vyou三点/m，/wd如果/c我/rr没有/d记错/n：/wm一个/mq是/vshi因为/p失去/v而/cc不能/v再/d拥有/v的/ude1悲/ag情/n；/wf第二/m个/q是/vshi犯/v错/v之后/f就/d不能/v再/d回头/vi；/wf第三/m个/q是/vshi失败/vi之后/f你/rr没有/v机会/n再/d尝试/v。/wj
所以/c生命/n的/ude1可悲/a就是/v这些/rz机会/n都/d没有/v了/y！/wt
所以/c很/d难过/a！/wt
那/rzv其实/d我/rr对于/p以上/f的/ude1这/rzv几/m点/qt，/wd我方/r的/ude1看法/n只/d有/vyou一/m个/q，/wd就/d是/vshi什么/ry----/m你/rr看/v不/d开/v。/wj
这个/rz世界/n上/f的/ude1所有/b道理/n其实/d都/d是/vshi很/d简单/a的/ude1，/wd两/m句/q话/n----/m第一/m句/q话/n，/wd一个/mq人/n看/v不/d开/v，/wd不管/c他/rr活/v多少/ry次/qv，/wd不管/c他/rr怎么/ryv活/v，/wd他/rr都/d是/vshi痛苦/a的/ude1！/wt
一/m个/q人/n如果/c看/v开/v了/y，/wd不管/c他/rr怎么/ryv活/v，/wd就算/d他/rr只/d活/v一/m次/qv，/wd甚至/d活/a的/ude1很/d短/a的/ude1那/rzv一/m次/qv，/wd他/rr都/d可以/v是/vshi幸福/a的/ude1！/wt
所以/c，/wd这个/rz今天/t的/ude1重点/n就/d在于/v，/wd人/n要/v怎么样/ryv才/d能/v看/v开/v？/ww
有/vyou一点/m很/d微妙/a：/wm就是/v人/n恰恰/d好/a都/d是/vshi在/p认知/v而且/c认同/v生命/n不/d能/v重/v来/vf之后/f，/wd他/rr才/d会/v看/v得/ude3开/v！/wt
为什么/ryv？/ww
因为/p人/n很/d贱/a，/wd你/rr知道/v吗/y？/ww
人/n很/d贱/a，/wd就是/v简而言之/vl，/wd如果/c你/rr认为/v生命/n是/vshi可以/v重/v来/vf的/ude1，/wd或者/c是/vshi你/rr希望/v生命/n是/vshi可以/v重/v来/vf的/ude1，/wd哪怕/c你/rr只/d是/vshi期盼/v你/rr的/ude1生命/n可以/v重/v来/vf，/wd或者/c是/vshi你/rr认同/v生命/n希望/v能/v重/v来/vf的/ude1这个/rz观点/n------/m你/rr就/d不/d会/v想/v要/v改变/v自己/rr，/wd你/rr心里/s的/ude1那个/rz结/v就/d越来越/d深/a！/wt
只有/c当/p你/rr彻头彻尾/dl了解/v到/v，/wd人生/n只/d有/vyou一/m次/qv，/wd过/vf了/ule就/d过/uguo了/y！/wt
成/v也好/y、/wn败/vi也/d好/a、/wn错/v也好/y、/wn对/p也好/d-----/m都/d过去/vf，/wd活/v在/p当/v下/f，/wd把握/v自己/rr嘛/y！/wt
对/p不/d对/v？/ww
那/rzv只/d有/vyou你/rr认同/v了/ule这/rzv一点/m，/wd你/rr看/v得/ude3开/v，/wd你/rr放/v得/ude3下/vf，/wd你/rr才/d会/v是/vshi幸福/a的/ude1！/wt
否则/c，/wd坦白/v说/v，/wd你/rr这个/rz生命/n都/d是/vshi痛苦/a的/ude1，/wd活/v多久/ryt都/d是/vshi痛苦/a的/ude1！/wt
活/n什么样/ryv的/ude1形式/n都/d是/vshi痛苦/a的/ude1！/wt
那/c我/rr的/ude1困扰/vn就/d是/vshi，/wd由于/c我们/rr的/ude1观点/n很/d简单/a，/wd讲/v到/v这里/rzs其实/d差不多/al讲/v完/vi了/y。/wj
不过/c没有/v关系/n，/wd我们/rr可以/v延伸/v讲/v这个/rz概念/n，/wd因为/c这/rzv不/d是/vshi我们/rr为了/p打/v辩论/vn而/cc提出/v来/vf的/ude1看法/n。/wj
有/vyou没/d有/vyou别人/rr提出/v同样/b的/ude1看法/n？/ww
有/vyou啊/y！/wt
佛教/nz里头/f为什么/ryv认为/v人世/n是/vshi痛苦/a的/ude1？/ww
-----/m爱/v、/wn欲/vg、/wn贪/v、/wn嗔/x、/wn痴/a！/wt
对/p不/d对/v？/ww
来自/v于/p这些/rz，/wd只要/c你/rr心中/s有/vyou执/v念/v，/wd你/rr就/d会/v痛苦/an！/wt
那/rzv这个/rz痛苦/an就算/d你/rr轮回/vi多少/ry次/qv都/d是/vshi痛苦/a！/wt
反而/d什么样/ryv是/vshi不/d痛苦/a？/ww
跳出/v轮回/vi外/f，/wd不/d在/p五/m行/q中/f你/rr就/d不/d痛苦/a！/wt
所以/c对方/n辩/vg友/ng，/wd你/rr刚才/t那/rzv三点/m你/rr看/v开/v了/ule都/d没/v事/n，/wd你/rr看/v不/d开/v统统/d都/d有/vyou事/n，/wd越/d看/v不/d开/v永远/d都/d有/vyou事/n！/wt
所以/c，/wd老天爷/n很/d帮忙/vi，/wd他/rr让/v我们/rr年轻/a的/ude1时候/n试/v着/uzhe去/vf改变/v世界/n，/wd可是/c你/rr年纪/n大/a了/y，/wd已经/d无法/v改变/v世界/n的/ude1时候/n，/wd老天爷/n给/p你/rr一/m个/q机制/n，/wd让/v你/rr有/vyou机会/n改变/v自己/rr！/wt
外在/b的/ude1你/rr改变/v不/d了/y，/wd你/rr可以/v改变/v自己/rr，/wd你/rr生命/n中/f有/vyou追求/vn不/d到/v的/ude1，/wd可是/c你/rr可以/v接受/v它/rr，/wd你/rr生命/n中/f有/vyou想/v拿/v，/wd却/d拿/v不/d到/v的/ude1，/wd你/rr可以/v试/v着/uzhe放/v下/vf它/rr！/wt
你/rr生命/n中/f有/vyou被/pbei人家/rr亏待/v的/ude1，/wd你/rr可以/v原谅/v他/rr！/wt
重点/n在/p自己/rr！/wt
你/rr只要/c自己/rr能够/v改变/v，/wd什么/ry都/d没/v事/n！/wt
可是/c你/rr为什么/ryv能/v改变/v自己/rr，/wd还是/c前面/f所/usuo讲/v的/ude1，/wd我/rr已经/d说/v过/uguo了/y！/wt
我/rr现在/t讲/v的/ude1都/d是/vshi同/p一个/mq概念/n。/wj
就/d是/vshi，/wd当/p你/rr认知/v、/wn清楚/a的/ude1认知/vn，/wd而且/c认同/v，/wd生命/n不但/c不/d能/v重/v来/vf，/wd而且/c不/d该/v重/v来/vf的/ude1时候/n，/wd你/rr才/d会/v改变/v自己/rr，/wd否则/c每/rz一个/mq人/n临终/vi前/f都/d是/vshi痛苦/a的/ude1！/wt
所以/c今天/t这个/rz辩论/vn比赛/vn，/wd我/rr坦白/v讲/v，/wd我们/rr的/ude1观念/n也/d就/d是/vshi很/d简单/a，/wd生命/n的/ude1可喜/a之/uzhi处/n就/d是/vshi在于/v老天爷/n让/v我们/rr只/d活/v一/m次/qv！/wt
所有/b的/ude1痛苦/an不用/d再/d经历/v，/wd所有/b的/ude1安息/vn就/d真的/d是/vshi安息/vi了/y！/wt
由于/c都/d只/d有/vyou这/rzv一/m次/qv，/wd由于/c都/d只/d有/vyou这/rzv一生/n，/wd所以/c呢/y，/wd你/rr不/d会/v在/p最后/f汲/v汲/v营营/o，/wd你/rr会/v最后/f想/v办法/n调试/v自己/rr！/wt
基督教/nz的/ude1看法/n就/d是/vshi，/wd世界/n上/f不/d会/v给/p你/rr公道/a，/wd人世/n之间/f充满/v背叛/v，/wd所有/b的/ude1善意/n不/d会/v得到/v回报/vn，/wd它/rr只/d承诺/v你/rr什么/ry----/m最后/f的/ude1审判/vn！/wt
什么/ry时候/n审判/vn？/ww
死/v了/ule以后/f审判/v，/wd所以/c坦白/v说/v，/wd各种/rz宗教/n都/d是/vshi要/v告诉/v你/rr要/v看/v得/ude3开/v，/wd那/rzv坦白/v说/v由于/c我/rr看到/v很/d开/v，/wd所以/c后面/f的/ude1时间/n我/rr不/d太/d计较/v，/wd我/rr的/ude1申/vg论/ng到/v此/rzs结束/v。/wj
