一/m、/wn社会/n的/ude1形成/v提高/v了/ule个人/n的/ude1回应/vn挑战/vn的/ude1能力/n，/wd可是/c在/p同时/n，/wd它/rr却/d要求/v每/rz一个/mq人/n付出/v局部/n的/ude1自由/an和/cc决定权/n，/wd我方/r没有/d说/v过/uguo个/q人/n不/d应该/v为/v了/ule整个/b群体/n的/ude1利益/n而/cc牺牲/v自己/rr局部/n的/ude1自由/a权利/n，/wd可/c是/vshi自然/d有所/v牺牲/v，/wd那/rzv还/d是/vshi全/a的/ude1概念/n吗/y。/wj
今天/t我们/rr固然/c能/v看到/v很多/m国家/n国泰民安/vl，/wd就/d像/p今天/t新加坡/ns一样/uyy，/wd可是/c在/p我们/rr享受/v着/uzhe安居乐业/vl这/rzv幸福/a的/ude1当头/vi，/wd千/m万/m不要/d忘/v了/ule许多/m人/n正/d在/p默默/z的/ude1耕耘/vn，/wd默默/d的/ude1奉献/vn和/cc牺牲/vn，/wd新加坡/nsf的/ude1安全/an正是/v因为/c很/d多/a有/vyou为/v的/ude1青年/n牺牲/v他们/rr两年/m的/ude1时间/n去/vf国民/n服役/vi，/wd而/cc得/v来/vf的/ude1安全/an啊/y。/wj
而/cc我们/rr知道/v，/wd今天/t新加坡/nsf能/v有/vyou如此/rzv的/ude1繁荣/an，/wd也/d正是/v因为/p李光耀/nr先生/n，/wd牺牲/v了/ule他/rr几/m十年/m的/ude1精神/n，/wd几/m十年/m跟/v家/q人/n能够/v共享/v天/qt伦/ng的/ude1这种/r时间/n，/wd如果/c对方/n说/v可以/v两全/vi的话/udh，/wd是/vshi不/d是/vshi说/v他们/rr的/ude1牺牲/vn都/d是/vshi多此一举/vl的/ude1呢/y？/ww
谢谢/v！/wt
主持人/n：/wm谢谢/v陈锦添/nr同学/n。/wj
下/f来/vf我们/rr请/v正方/n二/m辩/vg纪宝娟/nr同学/n进一步/d阐述/v正方/n的/ude1观点/n，/wd时间/n是/vshi三分/m钟/n，/wd请/v！/wt
纪宝娟/nr：/wm谢谢/v主席/n，/wd各位/rr好/a！/wt
对方/n辩/vg友/ng片面/a的/ude1夸大/v了/ule个人/n利益/n和/cc群体/n利益/n之间/f的/ude1矛盾/an，/wd而/cc有意/vi的/ude1掩饰/v了/ule个人/n利益/n和/cc群体/n利益/n之间/f相互/d依存/vi、/wn相互/d转换/v的/ude1关系/n。/wj
中国/ns古代/t的/ude1哲学家/n荀子/nr曾经/d说/v过/uguo，/wd人生/n而/cc不/d能/v无/v群/ng，/wd这就是说/c，/wd在/p这个/rz世界/n上/f，/wd没有/d离开/v群体/n的/ude1个人/n，/wd而/cc离开/v了/ule群体/n利益/n，/wd个人/n利益/n又/d何/ry从/p谈/v起/vf呢/y？/ww
例如/v我们/rr身/ng处/vi的/ude1这个/rz美丽/a的/ude1国家/n新加坡/nsf，/wd每个/r人/n都/d兢兢业业/vl努力/a的/ude1工作/vn，/wd整个/b国家/n的/ude1综合/vn国立/b增强/v了/y，/wd而/cc每个/r人/n的/ude1生活/vn水平/n也/d随之/d提高/v了/y，/wd对方/n辩/vg友/ng能够/v否认/v，/wd这个/rz例证/n就是/d证明/v了/y，/wd在/p群体/n利益/n保全/v的/ude1情况/n下/f，/wd个人/n利益/n也/d同时/d获得/v了/ule吗/y？/ww
难道/d您/rr能/v说/v，/wd我们/rr新加坡/nsf获得/v了/ule他们/rr的/ude1群体/n利益/n，/wd从而/c损害/v了/ule每个/r公民/n的/ude1个人/n利益/n吗/y？/ww
同时/c新加坡/nsf的/ude1政府/n尊重/v每个/r公民/n的/ude1个人/n利益/n，/wd极大/a的/ude1调动/v了/ule他们/rr的/ude1积极性/n，/wd从而/c使/v整个/b国家/n的/ude1利益/n得到/v了/ule进一步/b的/ude1发展/vn，/wd您/rr能/v说/v我们/rr的/ude1每个/r公民/n获得/v了/ule他们/rr的/ude1个人/n利益/n，/wd是/vshi损害/v了/ule整个/b国家/n的/ude1群体/n利益/n吗/y？/ww
我们/rr说/v新加坡/nsf国富民强/vl，/wd民富国强/nl，/wd这/rzv又/d一/m次/qv证明/v了/ule我/rr方/d的/ude1观点/n，/wd个人/n利益/n和/cc群体/n利益/n可以/v两/m全/a，/wd我方/r一/m辩/vg已经/d说明/v，/wd这里/rzs的/ude1可以/v两全/vi并/cc不/d是/vshi说/v，/wd两者/rzv在/p任何/rz时间/n，/wd任何/rz地点/n，/wd任何/rz条件/n下/f都/d能/v达到/v两/m全/a的/ude1，/wd比如说/vl人/n可以/v游泳/vn，/wd但是/c以/p我/rr为/p例/n，/wd如果/c说/v我/rr由于/c对/p于/p水/n的/ude1天生/d畏惧/v，/wd到/p现在/t还/d没有/d享受/v到/v在/p水中/s嬉戏/vi的/ude1乐趣/n，/wd你/rr就/d因为/p我/rr不/d能/v游泳/vn这/rzv一个/mq特例/n，/wd而/cc否认/v人/n可以/v游泳/vn这/rzv一/m事实/n吗/y？/ww
同/p理/n，/wd我们/rr说/v，/wd个人/n利益/n和/cc群体/n利益/n可以/v两/m全/a，/wd是/vshi说/v两者/rzv在/p大多数/m的/ude1情况/n下/f，/wd经过/p调和/vi能够/v达到/v两/m全/a的/ude1境界/n。/wj
而/cc我/rr相信/v，/wd对方/n辩/vg友/ng在/p接下来/vl的/ude1辩论/vn中/f，/wd会/v给/p我们/rr举出/v一些/mq两者/rzv不/d能够/v两/m全/a的/ude1特例/n，/wd但是/c我/rr要/v遗憾/a的/ude1指出/v，/wd特例/n就是/v特例/n，/wd因此/c它/rr不/d能够/v否认/v我方/r个人/n利益/n和/cc群体/n利益/n可以/v两全/vi这/rzv一/m不/d争/v的/ude1事实/n，/wd谢谢/v各位/rr！/wt
主持人/n：/wm谢谢/v纪宝娟/nr同学/n，/wd下面/f我们/rr来/vf听听/v反方/n的/ude1二/m辩/vg陈勋亮/nr同学/n是/vshi如何/ryv反驳/v的/ude1，/wd时间/n是/vshi三分/m钟/n，/wd请/v！/wt
陈勋亮/nr：/wm谢谢/v各位/rr，/wd谢谢/v主席/n，/wd其实/d对方/n辩/vg友/ng不/d猜/v对了/vl，/wd她/rr说/v我们/rr今天/t会/v提/v很多/m本质/n上/f的/ude1矛盾/an。/wj
但是/c对方/n辩/vg友/ng最/d大/a的/ude1错误/n就/d是/vshi谈/v可以/v，/wd他/rr没有/d谈/v可以/v两/m全/a。/wj
我方/r刚才/t一/m辩/vg明明白白/z告诉/v大家/rr，/wd郑旋/nr就/d说/v，/wd全/d是/vshi无暇/d病/v则/c也/d，/wd如果/c对方/n辩/vg友/ng只/d是/vshi谈/v没有/v矛盾/an的/ude1地方/n，/wd这/rzv是/vshi全/a的/ude1概念/n吗/y，/wd显然/a对方/n辩/vg友/ng有点/d离题/v之/uzhi嫌/ng。/wj
第二/m、/wn对方/n辩/vg友/ng的/ude1一二/m辩/vg告诉/v我们/rr，/wd新加坡/nsf很多/m很/d好/a的/ude1例子/n，/wd但是/c我/rr方/d一/m辩/vg也/d同时/d说/v了/y，/wd不要/d忘记/v，/wd新加坡/nsf有/vyou如今/t经济/n蓬勃/a的/ude1发展/vn，/wd是/vshi因为/p李光耀/nr做出/v伟大/a的/ude1牺牲/vn，/wd这/rzv不/d是/vshi证明/v不/d能/v两/m全/a的/ude1概念/n吗/y？/ww
我方/r不/d是/vshi悲观/a，/wd但是/c要/v告诉/v大家/rr，/wd为了/p群体/n的/ude1利益/n，/wd个人/n要/v做出/v局部/n的/ude1让步/vn，/wd而/cc对方/n辩/vg友/ng，/wd二/m辩/vg其实/d要/v阐述/v我们/rr一点/m而已/y，/wd就/d是/vshi个人/n与/cc群体/n有着/v密不可分/vl的/ude1关系/n，/wd但/c是/vshi密不可分/vl的/ude1关系/n就/d代表/v是/vshi两/m全/a的/ude1吗/y，/wd对方/n辩/vg友/ng显然/ad没有/v论证/vn，/wd而/cc接下来/vl请/v让/v我/rr从/p宏观/n的/ude1角度/n，/wd论证/v出/vf个/q人/n与/cc群体/n利益/n其实/d有/vyou本质/n上/f的/ude1矛盾/an，/wd还/d有/vyou实践/vn上/f的/ude1冲突/vn。/wj
从/p社会/n的/ude1构成/n而言/uls，/wd我们/rr看到/v人/n与/cc人/n之间/f其实/d总/d会/v有/vyou利益/n上/f的/ude1矛盾/an，/wd因此/c到/v个人/n走向/v社会/n的/ude1时候/n，/wd个人/n就/d必须/d依/v循/vg于/p群体/n大部分/m人/n的/ude1意愿/n，/wd而/cc把/pba局部/n的/ude1个人/n权益/n给/v度/qv让/v出来/vf，/wd这/rzv也/d就/d是/vshi法国/nsf哲学家/n“/wyz如/v说/v”/wyy所/usuo说/v的/ude1，/wd国/n与/cc法/n的/ude1形成/vn，/wd是/vshi基于/p权利/n的/ude1度/qv让/v，/wd如果/c是/vshi可以/v两全/vi的话/udh，/wd何必/d把/pba权利/n给/v度/qv让出/v来/vf呢/y？/ww
如果/c需要/v度/qv让/v的话/udh，/wd那/rzv是/vshi不/d是/vshi两/m全/a就/d不/d能/v依据/n现实/n了/y呢/y？/ww
纵然/c现实/n不/d完全/ad是/vshi没有/d激烈/a的/ude1流血/vn冲突/vn，/wd但是/c乍/d看/v之下/f的/ude1和平/n，/wd难道/d就/d没有/v结构性/n和/cc恒/ag常/d性/k的/ude1矛盾/an了/y吗/y？/ww
第二/m、/wn从/p社会/n的/ude1运作/vn而言/uls，/wd社会/n的/ude1运作/vn是/vshi需要/v资源/n的/ude1，/wd资源/n是/vshi有限/a的/ude1，/wd资源/n是/vshi给/p个人/n的/ude1独享/n还/d是/vshi给/p群体/n的/ude1共享/vn，/wd这/rzv不/d是/vshi出现/v矛盾/an了/y吗/y？/ww
城市/n要/v发展/vn，/wd要/v开辟/v土地/n，/wd砍伐/v森林/n，/wd那/rzv原/d住/vi民/ng在/p森林/n里面/f可/v怎么样/ryv呢/y？/ww
他们/rr的/ude1利益/n是/vshi不/d是/vshi要/v妥协/vi呢/y？/ww
如果/c要/v妥协/vi的/ude1话/n，/wd这/rzv还是/d两/m全/a吗/y？/ww
第三/m、/wn从/p社会/n的/ude1发言/vn而言/uls，/wd整个/b历史/n的/ude1前进/vn总/d少不了/vl一些/mq烈士/n做出/v伟大/a的/ude1牺牲/vn，/wd这种/r牺牲/vn小我/n，/wd完成/v大/a我/rr的/ude1精神/n，/wd对方/n没有/d说/v是/vshi可以/v两/m全/a，/wd是/vshi不/d是/vshi说/v这些/rz为/p人/n都/d是/vshi白白/d给/v牺牲/v了/ule呢/y。/wj
