那/rzv曼德拉/nrf，/wd为了/p废除/v种族/n隔离/vn政策/n，/wd而/cc牺牲/v了/ule自己/rr。/wj
27年/m的/ude1个人/n自由/an，/wd对方/n没有/d说/v是/vshi可以/v两/m全/a，/wd那/rzv是/vshi不/d是/vshi说/v这/rzv27年/m里/q的/ude1牢狱/n生活/vn，/wd其实/d是/vshi他/rr的/ude1个人/n利益/n呢/y，/wd还是/c对方/n辩/vg友/ng急需/v要/v告诉/v我/rr，/wd他/rr对/p个人/n利益/n还有/v群体/n利益/n的/ude1两/m全/a之/uzhi道/n的/ude1了解/vn，/wd不如/v对方/n辩/vg友/ng来/vf得/ude3更/d透彻/a呢/y？/ww
谢谢/v各位/rr！/wt
主持人/n：/wm谢谢/v陈勋亮/nr同学/n，/wd下/f来/vf我们/rr请/v正方/n的/ude1三/m辩/vg叶斌/nr同学/n，/wd对/p正方/n的/ude1观点/n做/v进一步/b的/ude1补充/vn，/wd时间/n是/vshi三分/m钟/n，/wd请/v！/wt
叶斌/nr：/wm谢谢/v，/wd大家/rr好/a，/wd首先/c我们/rr这个/rz课题/n中/f的/ude1个人/n是/vshi指/v广泛/a意义/n上/f的/ude1个人/n，/wd而/cc不/d是/vshi某/rz一个/mq人/n，/wd对方/n一/m辩/vg却/d用/v苏哈托/nrf的/ude1个/q例/n来/vf否认/v我方/r的/ude1观点/n，/wd那么/c是/vshi不/d是/vshi我们/rr今天/t的/ude1辩/vg题/n应该/v改/v成/v苏哈托/nrf和/cc群体/n利益/n不/d可以/v两全/vi呢/y？/ww
请/v对方/n不/d要/v篡改/v命题/n，/wd确实/ad我/rr承认/v对方/n辩/vg友/ng的/ude1陈/nr1词/n十分/m的/ude1精彩/a，/wd但是/c我/rr始终/d无法/v理解/v他们/rr讨论/v的/ude1个人/n利益/n，/wd他们/rr所/usuo讨论/v的/ude1个人/n利益/n是/vshi什么/ry，/wd是/vshi这个/rz要/v有/vyou，/wd那个/rz也/d要/v全/a，/wd鱼/n也/d要/v吃/v，/wd熊掌/n也/d要/v要/v，/wd可以/v说/v左手/n一/m条/q鱼/n，/wd右手/n一/m只/q熊掌/n，/wd请问/v这种/r个人/n利益/n如何/ryv体现/v呢/y，/wd他/rr可以/v实现/v吗/y，/wd我们/rr知道/v有/vyou得/ude3有/vyou失/v，/wd有/vyou付出/v才/d会/v有所/v获得/v，/wd按照/p对方/n辩/vg友/ng的/ude1观点/n，/wd如果/c我方/r现在/t这/rzv场/qv比赛/vn，/wd我/rr个人/n倒/d是/vshi失去/v利益/n了/y，/wd因为/c我/rr付出/v了/ule时间/n和/cc精力/n，/wd所以/c说/v对方/n辩/vg友/ng讨论/v的/ude1不/d是/vshi个人/n利益/n，/wd他们/rr讨论/v的/ude1是/vshi不劳而获/vl。/wj
其次/c，/wd全/a，/wd我/rr同意/v对方/n的/ude1观点/n，/wd全/d是/vshi完美无缺/al的/ude1意思/n，/wd但/c我/rr不/d能/v同意/v他/rr的/ude1辩/vg题/n中/f的/ude1意义/n，/wd如果/c我们/rr这样/rzv讨论/v的/ude1话/n，/wd我们/rr将/d首先/d问/v，/wd这个/rz世界/n上/f有/vyou没/d有/vyou完美无缺/al的/ude1东西/n，/wd一/m个/q都/d不/d会/v有/vyou，/wd何况/c是/vshi两/m个/q呢/y，/wd还要/d两全/vi呢/y？/ww
对/p不对/a，/wd所以/c请/v对方/n不/d要/v擅自/d篡改/v这样/rzv的/ude1命题/n，/wd对于/p李光耀/nr先生/n而言/uls，/wd他/rr可能/v觉得/v精神/n和/cc理想/a的/ude1追求/vn更/d高/a于/p物质/n的/ude1追求/vn，/wd所以/c说/v这/rzv点/qt恰恰/d可以/v证明/v，/wd我方/r的/ude1观点/n，/wd当/v一个/mq人/n追求/v更/d高/a层次/n更/d高/a的/ude1利益/n之/uzhi时/ng，/wd也/d实现/v了/ule群体/n的/ude1利益/n，/wd两者/rzv是/vshi可以/v两/m全/a的/ude1。/wj
最后/f个人/n利益/n和/cc群体/n利益/n虽然/c是/vshi一/m对/p矛盾/an，/wd但是/c不/d是/vshi永恒/z不可/v调和/vi的/ude1矛盾/an，/wd两者/rzv不/d像/v水火/n不/d能/v相容/vi，/wd生死/n不/d能/v并存/vi一样/uyy，/wd是/vshi你中有我/nl，/wd我/rr中/f有/vyou你/rr，/wd相互/d包含/v，/wd相互/d促进/v，/wd群体/n利益/n在/p本质/n上/f，/wd就/d是/vshi大多数/m，/wd个体/n利益/n的/ude1体现/vn，/wd在/p现实/n中/f，/wd两者/rzv可以/v两/m全/a，/wd在/p逻辑/n上/f两/m者/k也/d可以/v两/m全/a，/wd人类/n社会/n历史/n进步/vn就/d证明/v了/ule这/rzv一点/m，/wd谢谢/v！/wt
主持人/n：/wm谢谢/v叶斌/nr同学/n。/wj
下/f来/vf我们/rr请/v反方/n的/ude1三/m辩/vg陈政弘/nr同学/n发言/vi，/wd时间/n是/vshi三分/m钟/n，/wd请/v！/wt
陈政弘/nr：/wm谢谢/v大家/rr，/wd首先/d要/v澄清/vi一点/m，/wd我方/r说/v的/ude1两/m全/a，/wd绝对/d不/d是/vshi十全十美/vl，/wd或者/c是/vshi不劳而获/vl，/wd我方/r说/v的/ude1两/m全/a，/wd是/vshi根据/p辞海/n所/usuo说/v的/ude1完整/a保全/vn，/wd对方/n说/v一/m则/q大/a，/wd一/m则/c可以/v小/a，/wd这/rzv也/d叫/vi两/m全/a，/wd那/rzv苏哈托/nrf…/ws
…/ws
科力莎/nrf的/ude1信念/n是/vshi要/v造福/v人群/n，/wd他/rr自己/rr本身/rz就/d说/v到/v，/wd我/rr不/d在/p为/v自己/rr，/wd我/rr志/n在/p救/v世/ng，/wd请问/v他/rr信念/n志/n在/p救/v世/ng说/v，/wd你/rr告诉/v他/rr，/wd他/rr是/vshi为了/p个人/n的/ude1利益/n而/cc这/rzv样子/n做/v的/ude1吗/y？/ww
第三/m、/wn对方/n告诉/v我们/rr，/wd个人/n利益/n必定/d是/vshi正面/b的/ude1，/wd必定/d是/vshi正确/a的/ude1，/wd而/cc那些/rz坏/a的/ude1例子/n他/rr说/v，/wd这/rzv是/vshi特/ag例子/n然后/c他/rr说/v我们/rr不/d看/v，/wd命名/v有/vyou坏/a的/ude1例子/n，/wd他/rr不/d看/v，/wd然后/c他/rr说/v这/rzv是/vshi两/m全/a，/wd这/rzv样子/n毫无/v现实/a的/ude1逻辑/n吗/y，/wd对方/n观点/n跟/p现实/n本身/rz就/d不/d两全/vi了/y吗/y？/ww
我们/rr说/v如果/c说/v坏/a的/ude1例子/n不/d是/vshi个人/n利益/n的/ude1话/n，/wd那/rzv孔/q老夫子/n为什么/ryv要/v说/v，/wd小人/n予以/vx利/n，/wd君子/n予以/vx义/ng呢/y，/wd为什么/ryv我们/rr说/v自私自利/vl，/wd唯利是图/vl呢/y，/wd可见/c小人/n的/ude1利/n也/d是/vshi个人/n利益/n的/ude1一/m种/q啊/y。/wj
接/v下来/vf让/v我/rr从/p微观/n的/ude1层面/n向/p大家/rr论证/v，/wd个人/n的/ude1自私/a本性/n和/cc价值/n多/m元/q，/wd更/d激化/v了/ule个人/n利益/n和/cc群体/n利益/n的/ude1矛盾/an和/cc冲突/vn，/wd第一/m、/wn个人/n是/vshi以/p利己/vi为主/vi，/wd群体/n则/c以/p共/d益/dg为重/vi，/wd荀子/nr就/d说/v到/v，/wd人/n之/uzhi性/ng生/v而/cc好/a利/n，/wd“/wyz把/pba基里根/nrf”/wyy说/v到/v所谓/v的/ude1道德/n法律/n是/vshi不/d可能/v完全/ad控制/v人/n的/ude1欲望/n的/ude1。/wj
第二/m、/wn我们/rr现在/t知道/v，/wd个人/n是/vshi价值/n的/ude1多元/b取向/n，/wd群体/n却/d要求/v意志/n的/ude1价值/n标准/n。/wj
我们/rr常常/d说/v，/wd一/m种/q米/n养/v百/m种/q人/n，/wd每/rz种/q人/n都/d有/vyou自己/rr价值/n标准/n和/cc生活/vn模式/n，/wd当/v一个/mq人/n的/ude1价值/n取向/n和/cc大部分/m人/n不同/a，/wd甚至/c相/d违背/v的/ude1时候/n，/wd他/rr能/v说/v他/rr的/ude1个人/n利益/n能够/v保全/v吗/y，/wd如果/c强势/n了/ule主流/n文化/n，/wd真/a的/ude1能够/v暴露/v和/cc接纳/v这些/rz个人/n利益/n的/ude1话/n，/wd就/d请/v对方/n告诉/v我们/rr一些/mq现实/a的/ude1历史/n吧/y。/wj
请问/v大家/rr，/wd在/p回教/n国/n的/ude1社会/n中/f，/wd为什么/ryv某些/rz个人/n非/b回教徒/n就/d得/ude3牺牲/v掉/v他/rr喝酒/vi和/cc吃/v猪肉/n的/ude1权利/n呢/y？/ww
为什么/ryv在/p保守/a的/ude1东方/s社会/n中/f，/wd同性恋/vi到/p现在/t还/d没有/d得到/v一个/mq法律/n上/f的/ude1认同/vn，/wd为什么/ryv在/p一些/mq集权/vi的/ude1政治/n统治/vn国家/n，/wd个人/n的/ude1权利/n总是/d受到/v无理/a的/ude1限制/vn，/wd包括/v言论/n和/cc自由/a呢/y？/ww
这样/rzv多/a的/ude1为什么/ryv，/wd对方/n能够/v告诉/v我/rr，/wd这/rzv是/vshi一个/mq特殊/a例子/n不/d看/v，/wd就/d告诉/v我/rr这/rzv是/vshi两/m全/a的/ude1吗/y？/ww
回/v到/v现实/n吧/y，/wd如果/c人人/n都/d能够/v是/vshi一致/a的/ude1价值/n标准/n，/wd人人/n都/d能/v控制/vn欲望/n，/wd对方/n才/d可以/v说/v这/rzv可以/v两全/vi了/y，/wd谢谢/v！/wt
主持人/n：/wm谢谢/v陈政弘/nr同学/n，/wd那么/c听/v过/vf了/ule双方/n前/f三/m位/q代表/n的/ude1发言/vn，/wd我们/rr暂时/d休息/v一下/mq，/wd稍候/vi回来/v马上/d要/v进行/vx的/ude1是/vshi自由/a辩论/vn，/wd我们/rr回头/d见/v。/wj
各位/rr观众/n，/wd欢迎/v回/qv到/v2001年/m国际/n大专/n辩论会/n半决赛/n第二/m场/qv，/wd刚刚/d通过/p前/f六/m位/q辩/vg手/n的/ude1发言/vn呢/y我们/rr可以/v看得出/v，/wd双方/n都/d是/vshi有/vyou备/v而/cc来/vf的/ude1，/wd那么/c接下来/vl要/v进行/vx的/ude1自由/a辩论/vn这个/rz阶段/n，/wd更/d是/vshi要/v着重/vd考验/v辩/vg手/n们/k应变/vi的/ude1素质/n，/wd双方/n都/d有/vyou四分/m钟/n的/ude1发言/vn时间/n，/wd必须/d交替/vi发言/vi，/wd我们/rr先/d从/p正方/n开始/v，/wd请/v！/wt
