王筱青/nr：/wm我/rr想/v首先/d提醒/v对方/n辩/vg友/ng，/wd我们/rr今天/t所/usuo谈/v的/ude1利益/n一定/d是/vshi符合/v社会/n功德/n的/ude1利益/n，/wd那/c您/rr谈/v到/v的/ude1小偷/n和/cc窃贼/n利益/n，/wd自然/d不/d在/p我们/rr今天/t所/usuo讨论/v的/ude1范围/n之内/f，/wd那/rzv对方/n同学/n把/pba李光耀/nr先生/n和/cc苏哈托/nrf同日而语/vl，/wd来/vf证明/v今天/t的/ude1话题/n，/wd显然/ad不妥/a，/wd我/rr想/v首先/d请问/v对方/n同学/n，/wd人/n为什么/ryv要/v群居/vi？/ww
胡/nr1渐/d彪/q：/wm先/d回/v到/v对方/n辩/vg友/ng刚才/t所/usuo说/v的/ude1，/wd个人/n利益/n必然/d要/v是/vshi善/ag的/ude1，/wd但是/c刚才/t对方/n一/m辩/vg明明/d告诉/v我们/rr，/wd个人/n利益/n指/v的/ude1是/vshi一/m种/q欲望/n和/cc需求/n上/f的/ude1满足/an，/wd请问/v一下/mq，/wd欲望/n和/cc需求/n上/f的/ude1满足/an，/wd就/d必然/d一定/d要/v是/vshi善/ag的/ude1才/d行/vi吗/y？/ww
解/v意/ng：/wm请/v对方/n辩/vg友/ng不要/d回避/v我方/r的/ude1问题/n，/wd人/n，/wd个人/n利益/n的/ude1实现/vn从来/d离不开/v群体/n的/ude1保障/vn，/wd我/rr想/v再/d请问/v对方/n辩/vg友/ng，/wd从/p原始社会/nl到/v现在/t，/wd我们/rr的/ude1人/n进步/vn了/y吗/y，/wd我们/rr的/ude1社会/n发展/v了/ule吗/y？/ww
陈勋亮/nr：/wm当然/d进步/vi了/y，/wd因为/c我们/rr知道/v，/wd群体/n利益/n凌驾/v于/p个人/n利益/n，/wd为了/p群体/n利益/n，/wd我们/rr要/v牺牲/v小我/n，/wd完成/v大/a我/rr。/wj
叶斌/nr：/wm对方/n一直/d在/p牺牲/v小我/n，/wd完成/v大/a我/rr，/wd请问/v这个/rz大/a我/rr是/vshi不/d是/vshi我/rr啊/y，/wd难道/d我/rr就/d不/d是/vshi个/q人/n了/y吗/y？/ww
其次/c我们/rr知道/v社会/n最/d基本/a的/ude1组成部分/nl是/vshi群体/n，/wd而是/c家庭/n，/wd你/rr一/m生/v下来/vf就/d归属/v于/p这个/rz家庭/n，/wd那么/c你/rr和/cc你/rr家庭/n这个/rz群体/n利益/n不/d两全/vi吗/y，/wd是/vshi你/rr损害/v了/ule你/rr的/ude1家庭/n还/d是/vshi你/rr的/ude1家庭/n损害/v了/ule你/rr呢/y？/ww
陈政弘/nr：/wm如果/c说/v大/a我/rr也/d是/vshi我/rr，/wd小/a我/rr也/d是/vshi我/rr，/wd究竟/d对方/n是/vshi如何/ryv划分/v个人/n利益/n和/cc群体/n利益/n的/ude1呢/y？/ww
王筱青/nr：/wm就/d让/v我们/rr以/p家庭/n为/p例/n，/wd当年/t你们/rr的/ude1父母/n为/v了/ule送/v你们/rr今日/t上/f大学/n，/wd节衣缩食/vl，/wd你/rr认为/v他们/rr昨日/t的/ude1节衣缩食/vl，/wd与/p你们/rr今天/t所/usuo获得/v的/ude1教育/vn机会/n相比/vi，/wd是/vshi群体/n利益/n的/ude1丧失/vn还/d是/vshi个人/n利益/n的/ude1丧失/v呢/y？/ww
胡/nr1渐/d彪/q：/wm刚才/t小我/n大我/n的/ude1例子/n，/wd却/d没有/d告诉/v我们/rr，/wd小/a我/rr就/d等同/vi于/p大/a我/rr，/wd那/c我/rr告诉/v大家/rr，/wd把/pba小我/n等同/vi于/p大/a我/rr，/wd把/pba大我/n等同/vi于/p小/a我/rr，/wd最/d好/a的/ude1人/n是/vshi谁/ry呢/y？/ww
这个/rz典范/n叫做/v苏哈托/nrf，/wd苏哈托/nrf把/pba群体/n的/ude1国库/n当做/v自己/rr的/ude1私/ag库/n，/wd可以/v两全/vi了/y。/wj
解/v意/ng：/wm我/rr想/v请问/v对方/n辩/vg友/ng，/wd今天/t你/rr来/vf参加/v辩论/vn赛/vn，/wd你/rr个人/n的/ude1利益/n和/cc你/rr辩论/v队/n的/ude1集体/n的/ude1利益/n，/wd难道/d不/d是/vshi两/m全/a的/ude1吗/y？/ww
陈政弘/nr：/wm其实/d对方/n有所/v不/d知/v，/wd其实/d我/rr个人/n利益/n是/vshi最/d想/v到/v四/m辩/vg这个/rz位置/n，/wd但是/c为了/p群体/n的/ude1考量/vi，/wd我/rr被迫/d坐/v在/p三/m辩/vg这个/rz位置/n，/wd你/rr说/v两全/vi吗/y？/ww
纪宝娟/nr：/wm我/rr很/d遗憾/a对方/n辩/vg友/ng会/v有/vyou这种/r感觉/n，/wd而/cc我方/r四/m位/q辩/vg手/n都/d是/vshi认为/v只要/c为了/p群体/n利益/n，/wd都/d是/vshi大家/rr的/ude1配合/vn是/vshi最/d重要/a的/ude1，/wd而/cc我/rr要/v请问/v对方/n辩/vg友/ng，/wd如果/c你们/rr这个/rz队/n获得/v了/ule最终/b的/ude1胜利/vn，/wd而/cc你们/rr每个/r辩/vg友/ng表现/v又/d优秀/a，/wd你们/rr的/ude1个人/n利益/n和/cc群体/n利益/n有/vyou矛盾/an吗/y？/ww
陈政弘/nr：/wm当然/d了/y，/wd为了/p整体/n的/ude1胜利/vn，/wd我/rr被/pbei逼/v做出/v局部/n的/ude1让步/vn跟/v妥协/vi，/wd这/rzv还是/d一/m种/q不/d牺牲/v，/wd不/d两/m全/a的/ude1一/m种/q情况/n啊/y。/wj
叶斌/nr：/wm大我/n小我/n的/ude1问题/n，/wd我/rr首先/d想/v，/wd大/a我/rr这种/r理想/n的/ude1实现/vn，/wd我们/rr讲/v理想/a的/ude1实现/vn，/wd精神/n的/ude1实现/vn也/d是/vshi一/m种/q利益/n的/ude1实现/vn，/wd你/rr可以/v否认/v吗/y，/wd我/rr还/d认为/v，/wd大/a我/rr实现/v最/d好/a的/ude1例子/n，/wd正是/v新加坡/nsf的/ude1李光耀/nr先生/n，/wd他/rr牺牲/v了/ule自己/rr个人/n利益/n，/wd同时/c实现/v了/ule自己/rr的/ude1精神/n利益/n，/wd也/d实现/v了/ule整个/b新加坡/nsf共同/b的/ude1利益/n，/wd那么/c我/rr想/v请问/v对方/n辩/vg友/ng另外/c一个/mq问题/n，/wd在/p新加坡/nsf公共场所/n不/d可以/v吸烟/vi，/wd难道/d你/rr认为/v这/rzv是/vshi损害/v了/ule吸烟/vi者/rz个人/n的/ude1利益/n吗/y？/ww
陈锦添/nr：/wm对方/n刚才/t一/m辩/vg就/d告诉/v我们/rr，/wd今天/t个人/n利益/n是/vshi一/m种/q欲望/n的/ude1满足/an，/wd现在/t三/m辩/vg又/d告诉/v我们/rr，/wd是/vshi理想/n上/f的/ude1达到/v，/wd请问/v理想/n和/cc欲望/n是/vshi等同/vi的/ude1吗/y？/ww
王筱青/nr：/wm你/rr为什么/ryv不/d回答/v我方/r三/m辩/vg关于/p吸烟/vi者/k的/ude1问题/n，/wd让/v我/rr来/vf告诉/v你/rr，/wd在/p我方/r看来/v，/wd在/p新加坡/nsf的/ude1吸烟/vn者/k，/wd他/rr由于/p被/pbei禁止/v吸烟/vi，/wd但/c实际上/d是/vshi他/rr个人/n利益/n的/ude1获得/v，/wd因为/c他/rr免除/v了/ule个/q人/n受/v罚款/vi利益/n的/ude1损失/n，/wd免除/v了/ule受到/v法律/n制裁/vn的/ude1个人/n利益/n的/ude1损失/n，/wd同时/c他/rr获得/v了/ule个人/n的/ude1健康/an，/wd保持/v了/ule公众/n的/ude1利益/n，/wd个人/n利益/n和/cc群体/n利益/n不/d可以/v两/m全/a，/wd从/p何/ry而/cc谈/v起/vf呢/y？/ww
陈勋亮/nr：/wm我/rr想/v请问/v各位/rr，/wd如果/c今天/t吸烟/vi是/vshi一个/mq两/m全/a的/ude1例子/n，/wd为什么/ryv今天/t在/p这里/rzs，/wd我们/rr不/d准/a大家/rr吸烟/vi呢/y，/wd如果/c一个/mq人/n吸烟/vi的/ude1话/n，/wd那/c我们/rr全部/m人/n都/d变成/v烟民/n了/y，/wd所以/c我们/rr才/d说/v为了/p群体/n的/ude1利益/n，/wd你/rr得/v牺牲/v你/rr吸烟/vi的/ude1个人/n利益/n啊/y。/wj
解/v意/ng：/wm难道/d吸烟/vi是/vshi对/p你/rr个人/n最终/d有/vyou利益/n吗/y，/wd吸烟/vi损害/v健康/a人人/n都/d知道/v啊/y。/wj
另外/c我/rr想/v请问/v对方/n辩/vg友/ng，/wd人/n要/v做/v一个/mq高尚/a的/ude1人/n，/wd那么/c你/rr觉得/v为了/p获得高/n层次/n的/ude1需要/n，/wd你/rr放弃/v了/ule低层次/n的/ude1一些/mq东西/n，/wd请问/v那/rzv不/d是/vshi获得更高/n的/ude1利益/n吗/y？/ww
陈政弘/nr：/wm对于/p烟民/n来说/uls，/wd健康/ad对/p他/rr或许/d不/d是/vshi那么/rz重要/a，/wd但是/c他/rr认为/v，/wd饭后/t一/m根/q烟/n，/wd快乐/a似/vg神仙/n，/wd这/rzv才/d是/vshi他/rr最/d大/a的/ude1个人/n利益/n啊/y。/wj
纪宝娟/nr：/wm而/cc我方/r认为/v，/wd放弃/v低层次/n利益/n，/wd获得高/n层次/n利益/n才/d是/vshi最/d重要/a的/ude1，/wd陶渊/nr明早/t有/vyou不/d为/v五/m斗/q米/n折腰/vi之/uzhi说/ng，/wd他/rr放弃/v一些/mq低层次/n的/ude1物质/n利益/n，/wd获得更高/n的/ude1利益/n难道/d不/d是/vshi获利/v吗/y，/wd我/rr请问/v对方/n，/wd人人/n现在/t纳税/vi，/wd难道/d是/vshi对/p个人/n利益/n的/ude1一/m种/q损失/n吗/y？/ww
胡/nr1渐/d彪/q：/wm如果/c真/a的/ude1是/vshi两/m全/a的/ude1话/n，/wd那么/c应该/v即/v短期/b的/ude1利益/n不/d用/p损失/n，/wd理想/a的/ude1利益/n也/d不用/d损失/v才/d对/p啊/y，/wd为了/p群体/n的/ude1利益/n，/wd那/c我/rr这/rzv方面/n的/ude1享受/vn被迫/d损失/v，/wd还/d叫/vi全/a吗/y？/ww
叶斌/nr：/wm对方/n辩/vg友/ng谈/v到/v了/y，/wd说/v欲望/n和/cc精神/n理想/n是/vshi不同/a的/ude1，/wd孟子/nr说/v，/wd生/v我/rr所/usuo欲/vg也/d，/wd义/ng以/p我/rr所/usuo予/vg也/d，/wd这/rzv就是/v欲望/n，/wd甚至/c这种/r欲望/n比/p生命/n的/ude1欲望/n更/d高/a，/wd所/usuo大于/v有/vyou甚/dg予/vg甚者/n，/wd故/c不/d为/v苟/ag得/v也/y，/wd对方/n如何/ryv解释/v呢/y？/ww
