那么/c我们/rr知道/v，/wd放弃/v暂时/b的/ude1，/wd获得/v长远/a的/ude1利益/n，/wd难道/d不/d是/vshi一/m种/q获利/v吗/y？/ww
胡/nr1渐/d彪/q：/wm对方/n辩/vg友/ng没有/d看到/v下/vf一/m句/q孟子/nr说/v，/wd益/vg我/rr所/usuo欲/vg也/d，/wd利/n我/rr所/usuo欲/vg也/d，/wd下/vf一/m句/q是/vshi两/m者/k不/d可/v得/ude3兼/v，/wd请/v对方/n辩/vg友/ng解释/v一下/mq，/wd什么/ry叫/vi两者/rzv不/d可/v得/ude3兼/v呢/y？/ww
解/v意/ng：/wm这/rzv也/d就是/v我方/r所/usuo说/v的/ude1，/wd为了/p高/a层次/n利益/n去/vf放弃/v低层次/n的/ude1利益/n啊/y，/wd难道/d对方/n辩/vg友/ng刚才/t跟/p我们/rr说/v，/wd全/d一定/d要/v十全十美/vl，/wd我/rr想/v举/v这么/rz一个/mq例子/n，/wd如果/c有/vyou两/m个/q苹果/n两/m个/q人/n分/qt，/wd对方/n是/vshi不/d是/vshi认为/v，/wd一定/d要/v每个/r人/n都/d拿/v到/v两/m个/q苹果/n才/d是/vshi两/m全/a呢/y，/wd这/rzv可能/v吗/y？/ww
陈勋亮/nr：/wm对方/n辩/vg友/ng还是/d说/v高/a层次/n的/ude1利益/n，/wd那/c我/rr就/d谈/v马丁路德金/nrf吧/y，/wd马丁路德金/nrf也/d其实/d为了/p高/a层次/n的/ude1利益/n，/wd他/rr为/p美国/nsf黑人/n征求/v群体/n的/ude1利益/n，/wd那/c他/rr个人/n的/ude1命运/n都/d给/v断送/v了/y，/wd这/rzv是/vshi两/m全/a的/ude1概念/n吗/y？/ww
叶斌/nr：/wm对方/n辩/vg友/ng谈/v到/v了/y，/wd放弃/v底层/n利益/n。/wj
主持人/n：/wm对不起/v，/wd正方/n时间/n到/v。/wj
张/q逊/ag亮/vi：/wm我方/r提/v了/ule伟人/n的/ude1例子/n，/wd伟人/n是/vshi为了/p群体/n而/cc牺牲/vn小我/n，/wd我们/rr也/d提/v了/ule二/m人/n的/ude1例子/n，/wd二/m人/n是/vshi为了/p自己/rr而/cc牺牲/vn群体/n，/wd两者/rzv都/d不/d是/vshi两/m全/a。/wj
陈政弘/nr：/wm看来/v马丁路德金/nrf即使/c知道/v自己/rr的/ude1生命/n受到/v威胁/vn，/wd他/rr也/d不顾一切/nl，/wd为了/p群体/n的/ude1利益/n，/wd如此/rzv牺牲/v小我/n，/wd成全/v大我/n的/ude1精神/n，/wd对方/n说/v这/rzv是/vshi为了/p个人/n利益/n啊/y。/wj
胡/nr1渐/d彪/q：/wm如果/c是/vshi个人/n利益/n群体/n利益/n能够/v两全/vi的话/udh，/wd黄花岗/ns72/m烈士/n何必/d断头/v颅/ng，/wd洒/vi热血/n保护/vn国家/n呢/y，/wd头/n是/vshi不/d用/v断/v的/ude1，/wd他们/rr智力/n不够/a吗/y？/ww
陈锦添/nr：/wm就/d回答/v生活/vn中/f的/ude1例子/n吧/y，/wd如果/c真/a的/ude1不/d用/v妥协/vi就/d能/v两全/vi的话/udh，/wd在座/vi的/ude1各位/rr为什么/ryv要/v关掉/v你/rr的/ude1手提/b电话/n呢/y？/ww
陈勋亮/nr：/wm对/p了/y，/wd我方/r四/m位/q辩论/vn员/ng其实/d非常/d喜欢/vi吃香/a口/q胶/n，/wd但是/c来到/v了/ule新加坡/nsf，/wd为了/p全体/n新加坡/nsf的/ude1利益/n，/wd我们/rr还/d得/ude3放弃/v个人/n利益/n，/wd这/rzv显然/ad是/vshi不/d能/v两全/vi吗/y？/ww
陈政弘/nr：/wm不但/c如此/rzv，/wd在/p许多/m宗教/n集团/n的/ude1国家/n，/wd在/p非/b回教/n国/n，/wd个人/n利益/n如果/c你/rr是非/n回教徒/n的话/udh，/wd你/rr也/d被/pbei逼/v牺牲/v掉/v你/rr喝酒/vi和/cc吃/v猪肉/n的/ude1权利/n，/wd连/ulian吃/v什么/ry东西/n都/d不/d能够/v自己/rr控制/v，/wd你/rr告诉/v我/rr个人/n利益/n得到/v保全/v啊/y。/wj
胡/nr1渐/d彪/q：/wm对方/n辩/vg友/ng不/d爱/v谈/v特例/n，/wd那/rzv就/d谈/v普遍/a一点/m的/ude1吧/y，/wd我们/rr知道/v每/rz一个/mq国家/n都/d有/vyou土地/n征用/v的/ude1管理/vn，/wd为了/p要/v发展/v纵使/c我/rr爱/v我/rr的/ude1家园/n，/wd也/d要/v被迫/d把/pba它/rr度/v让/v出来/vf，/wd什么/ry叫做/v度/qv让/v呢/y？/ww
陈锦添/nr：/wm还/d不/d止/v土地/n征用/v呢/y，/wd我们/rr知道/v国家/n发展/vn，/wd不但/c要/v建/v路/n，/wd还/d要/v建/v水坝/n，/wd那么/c建/v水坝/n的/ude1时候/n，/wd原/d著/uzhe民/ng的/ude1利益/n到底/d是/vshi不/d是/vshi要/v做出/v局部/n的/ude1妥协/vn呢/y？/ww
陈勋亮/nr：/wm对/p了/y，/wd而且/c我们/rr还/d看到/v，/wd陈家庚/nr也/d是/vshi毁/v家/n兴学/vi，/wd我方/r就/d不/d明白/v了/y，/wd到底/d毁/v家/n兴学/vi是/vshi个/q两/m全/a的/ude1概念/n吗/y？/ww
陈政弘/nr：/wm而且/c我们/rr看到/v，/wd陈/nr1六/m史/ng在/p办/v教育/vn，/wd如果/c说/v个人/n利益/n在/p办/v教育/vn的/ude1时候/n不/d用/v受到/v丝毫/m牺牲/v的/ude1话/n，/wd为什么/ryv他/rr还/d要/v毁/v家/n兴学/vi这样/rzv子/ng的/ude1精神/n呢/y？/ww
胡/nr1渐/d彪/q：/wm如果/c真/a的/ude1是/vshi可以/v两/m全/a，/wd何必/d毁/v家/n兴学/vi，/wd是/vshi不/d是/vshi陈家庚/nr，/wd陈/nr1六/m史/ng嫌/v自己/rr的/ude1屋子/n太/d多/a了/y，/wd要/v毁/v一/m毁/v呢/y？/ww
陈锦添/nr：/wm我们/rr谈/v到/v价值/n多/m元/q，/wd很多/m事情/n我们/rr不/d能/v说/v他/rr到底/d是/vshi道德/n还/d是/vshi不道德/a，/wd就/d像/v同性恋/vi，/wd到底/d是/vshi善/dg还是/v恶/ag，/wd我们/rr也/d不/d晓得/v。/wj
可是/c价值/n多/m元/q，/wd当/p我/rr的/ude1价值观/n与/cc主流/n思想/n不同/a的/ude1时候/n，/wd我/rr是否/v要/v做出/v局部/n的/ude1妥协/vn呢/y？/ww
主持人/n：/wm好/a，/wd谢谢/v，/wd时间/n到/v。/wj
好/a，/wd那么/c欣赏/v过/vf了/ule双方/n辩/vg手/n的/ude1自由/a辩论/vn，/wd我们/rr暂时/d来/vf喘/v口/q气/n，/wd思考/v一下/mq，/wd观众/n朋友/n，/wd我们/rr稍候/vi见/v。/wj
好/a，/wd欢迎/v各位/rr回到/v辩论会/n的/ude1现场/s，/wd现在/t我们/rr首先/d请/v反方/n的/ude1四/m辩/vg胡/nr1渐/d彪/q同学/n做/v总结/v陈述/v，/wd时间/n是/vshi四分/m钟/n，/wd请/v！/wt
胡/nr1渐/d彪/q：/wm谢谢/v，/wd先/d指出/v对方/n辩/vg友/ng整个/b立论/vn架构/n推论/vi的/ude1错误/n之/uzhi处/n，/wd对方/n辩/vg友/ng整个/b立论/vn架构/n是/vshi建立/v在/p四/m个/q要点/n之上/f。/wj
第一/m、/wn他/rr告诉/v我们/rr今天/t全/a并/cc不/d是/vshi一个/mq完美/a齐备/a的/ude1概念/n，/wd但是/c辞海/n明明/d就/d告诉/v我们/rr，/wd全/d是/vshi指/v完美/a齐备/a，/wd是/vshi指/v没有/d例外/vi的/ude1，/wd为什么/ryv对方/n辩/vg友/ng的/ude1全/a是/vshi和/cc辞海/n是/vshi背道而驰/vl呢/y？/ww
就/d算/v对方/n辩/vg友/ng不/d喜欢/vi辞海/n，/wd那/c我们/rr也/d知道/v，/wd汉学家/n郑旋/nr也/d说/v，/wd全/d是/vshi指/v无暇/d病/v者/k，/wd到底/vi对方/n四/m辩/vg待会儿/d给/p我们/rr解释/v一下/mq，/wd什么/ry叫做/v无暇/d病/v者/k呢/y。/wj
对方/n辩/vg友/ng第二/m个/q理论/n的/ude1根据/n是/vshi在于/v他/rr告诉/v我们/rr，/wd坏/a的/ude1个人/n利益/n那个/rz不/d叫做/v个人/n利益/n，/wd但是/c对方/n一/m辩/vg又/d告诉/v我们/rr，/wd个人/n利益/n包括/v的/ude1是/vshi欲望/n和/cc需求/n上/f的/ude1满足/an，/wd为什么/ryv个人/n的/ude1欲望/n和/cc需求/n上/f的/ude1满足/an，/wd就/d必然/d是/vshi善/ag的/ude1呢/y，/wd那/rzv坏/a的/ude1欲望/n和/cc需求/n上/f的/ude1满足/an，/wd还/d算/v不/d算/v是/vshi个人/n利益/n呢/y，/wd第三/m、/wn对方/n辩/vg友/ng告诉/v我们/rr，/wd今天/t小我/n其实/d是/vshi可以/v等同/vi于/p大/a我/rr的/ude1，/wd如果/c这时候/rzt满足/v了/ule大/a我/rr的/ude1群体/n利益/n，/wd那/c我/rr个人/n其实/d也/d是/vshi满足/v了/ule小/a我/rr，/wd如果/c真/a的/ude1是/vshi这个/rz样子/n的话/udh，/wd那/c我/rr告诉/v大家/rr，/wd今天/t曼德拉/nrf坐牢/vi27年/m，/wd为了/p南非/nsf，/wd其实/d是/vshi为了/p自己/rr的/ude1个人/n利益/n，/wd今天/t德/n丽/ag莎/ng修女/n贡献/n她们/rr，/wd浪费/v自己/rr一生/n的/ude1青春/n时光/n，/wd其实/d她/rr是/vshi自私自利/vl，/wd我们/rr更/d看到/v林觉民/nr的/ude1“/wyz与/p妻/ng书/n”/wyy与/p“/wyz七/m珏/ng别/d书/n”/wyy，/wd为了/p国家/n与/cc爱情/n分离/vi，/wd其实/d他/rr还/d是/vshi为了/p个人/n利益/n，/wd或许/d他/rr是/vshi不/d喜欢/vi他/rr的/ude1老婆/n吧/y。/wj
对方/n立论/vi的/ude1第四/m个/q根据/p点/n是/vshi告诉/v我们/rr，/wd今天/t个人/n利益/n和/cc群体/n利益/n是/vshi有/vyou重/a叠/x性/ng，/wd有/vyou重/a叠/x性/k又/d怎么样/ryv，/wd我们/rr姑且/d承认/v有/vyou重/a叠/x性/ng，/wd也/d不/d代表/v两者/rzv之间/f没有/v矛盾/an性/ng，/wd如果/c之间/f有/vyou矛盾/an性/ng要/v被迫/d一/m者/k要/v做出/v牺牲/v的/ude1话/n，/wd为什么/ryv这个/rz还/d叫/vi两全/vi呢/y？/ww
