一/m个/q人/n如果/c预期/v他/rr三分/m钟/n完成/v一/m个/q问题/n，/wd结果/n他/rr花/v了/ule八分/m钟/n的/ude1时间/n，/wd下/vf一/m次/qv他/rr就/d会/v做/v八分/m钟/n的/ude1准备/vn。/wj
第三/m，/wd我们/rr认为/v，/wd逆境/n有助于/v刺激/v我们/rr的/ude1潜能/n，/wd在/p路上/s我们/rr有/vyou风险/n，/wd有/vyou了/ule挑战/vn，/wd我们/rr才/d会/v激发/v出/vf我们/rr原来/d自己/rr也/d想/v像/v不/d到/v的/ude1这种/r能力/n。/wj
在/p心理学/n上/f来/vf看/v，/wd孩童/n在/p学习/v的/ude1过程/n当中/f，/wd如果/c老师/n对/p他/rr在/p高于/v预估/v的/ude1能力/n上/f挑战/vi，/wd发展/v的/ude1结果/n是/vshi更/d美好/a的/ude1。/wj
我/rr相信/v在座/vi每/rz位/q都/d看/v过/uguo《/wkz西游记/nz》/wky，/wd熟悉/v《/wkz西游记/nz》/wky的/ude1人/n都/d知道/v，/wd西天/n取经/vi其实/d最/d重要/a的/ude1不/d是/vshi取经/vi的/ude1结果/n，/wd而是/c这/rzv一路/mq上/f克服/v了/ule困难/a的/ude1这种/r过程/n。/wj
所以/c我们/rr说/v，/wd天/qt将/d降/v大任/n于/p斯/b人/n也/y。/wj
谢谢/v大家/rr！/wt
盘问/v反方/n盘问/v正方/n庄智凯/nr：/wm对方/n辩/vg友/ng您好/nl，/wd下面/f我们/rr来/vf玩/v一个/mq游戏/n，/wd这个/rz游戏/n很/d简单/a，/wd就/d是/vshi现在/t我们/rr桌上/s，/wd上面/f有/vyou三/m个/q杯子/n，/wd请/v您/rr猜/v一下/mq，/wd哪个/ry杯子/n里面/f，/wd我们/rr有/vyou放/v喉/ng糖/n。/wj
马薇薇/nr：/wm这个/rz真/d猜/v不/d出来/vf。/wj
是/vshi不/d是/vshi有/vyou放/v喉/ng糖/n的/ude1就是/v顺境/n，/wd没有/d放/v喉/ng糖/n的/ude1就是/v逆境/n呢/y？/ww
庄智凯/nr：/wm对方/n辩/vg友/ng，/wd你/rr先/d猜猜/v看/v就/d知道/v了/y，/wd你/rr随便/ad猜/v，/wd猜/v错/vd还/d可以/v再/d猜/v一/m次/qv也/d没关系/vl。/wj
马薇薇/nr：/wm那/c我/rr猜/v三/m个/q里面/f都/d有/vyou行/ng不行/a啊/y？/ww
庄智凯/nr：/wm可以/v呀/y，/wd对方/n辩/vg友/ng。/wj
我们/rr先/d看/v，/wd对方/n辩/vg友/ng这/rzv里面/f有/vyou喉/ng糖/n对/p不对/a。/wj
马薇薇/nr：/wm嗯/e。/wj
庄智凯/nr：/wm那/c您/rr如果/c猜/v对/p这个/rz时候/n，/wd想/v请问/v您/rr，/wd如果/c你/rr没有/v机会/n再/d猜/v下/vf一/m次/qv的/ude1时候/n，/wd你/rr如何/ryv证明/v这/rzv两/m个/q里面/f有/vyou没/d有/vyou喉/ng糖/n呢/y？/ww
马薇薇/nr：/wm我/rr为什么/ryv一定/d要/v证明/v这/rzv两/m个/q里面/f有/vyou没/d有/vyou喉/ng糖/n呢/y？/ww
我/rr觉得/v人/n活/v着/uzhe，/wd如果/c真/a的/ude1有/vyou糖/n吃/v，/wd然后/c过/d得/ude3比较/d好/a，/wd自己/rr能/v获得/v发展/vn，/wd就/d已经/d够/v了/y。/wj
不/d需要/v去/vf尝试/v很/d多/m条/q错误/a的/ude1途径/n，/wd没有/v困难/an创造/v困难/an也/d要/v去/vf上/f，/wd你/rr说/v是/vshi不/d是/vshi呢/y？/ww
庄智凯/nr：/wm对方/n辩/vg友/ng，/wd我/rr想/v要/v告诉/v您/rr的/ude1是/vshi，/wd如果/c说/v今天/t您/rr猜/v对了/vl，/wd这/rzv两/m个/q杯子/n里面/f到底/d放/v了/ule什么/ry东西/n，/wd您/rr就/d永远/d都/d不/d会/v知道/v了/ule吧/y？/ww
马薇薇/nr：/wm可/v是/vshi人生/n不/d是/vshi一/m场/qv猜谜/vi游戏/vi，/wd在/p这里/rzs，/wd我/rr猜/v对了/vl喉/ng糖/n有/vyou糖/n吃/v，/wd猜/v错/v了/ule喉/ng糖/n没/v糖/n吃/v，/wd很/d简单/a，/wd损失/n并/cc不/d大/a。/wj
可是/c有的/rz时候/n，/wd往往/d是/vshi对/p我/rr一生/n都/d非常/d有/vyou影响/vn重大/a的/ude1选择/vn，/wd如果/c我/rr选/v错/v了/y，/wd可能/v真的/d是/vshi追悔莫及/vl了/y。/wj
所以/c能/v走/v正确/a的/ude1路/n的/ude1时候/n，/wd我们/rr还是/d不/d要/v往/p弯路/n上/f走/v。/wj
庄智凯/nr：/wm对方/n辩/vg友/ng，/wd今天/t你/rr来/vf参加/v国际/n大专/n辩论会/n，/wd如果/c说/v今天/t你/rr遇到/v都/d是/vshi实力/n非常/d强/a的/ude1队伍/n，/wd而/cc他们/rr的/ude1实力/n都/d超出/v您/rr方/d所/usuo预期/v的/ude1实力/n，/wd这时候/rzt，/wd下次/t您/rr再/d参加/v这/rzv场/qv比赛/vn的/ude1时候/n，/wd您/rr会/v不/d会/v更/d充分/a的/ude1准备/vn，/wd更/d认真/a的/ude1准备/vn，/wd因为/c担心/v会/v遇到/v更/d强/a的/ude1对手/n？/ww
马薇薇/nr：/wm可是/c无论/c我/rr的/ude1对手/n多么/d强/a，/wd都/d有/vyou我/rr的/ude1教练/n、/wn队友/n，/wd还有/v场下/s的/ude1观众/n支持/v着/uzhe我/rr，/wd我/rr觉得/v这/rzv是/vshi我/rr发展/v的/ude1顺境/n，/wd在/p这种/r顺境/n之中/f，/wd无论/c遇到/v多么/d强/a的/ude1对手/n，/wd我/rr都/d会/v迎难而上/vl，/wd取得/v成功/a的/ude1，/wd谢谢/v你/rr。/wj
庄智凯/nr：/wm对方/n辩/vg友/ng意思/n是/vshi说/v，/wd下次/t遇到/v更/d强/a的/ude1对手/n，/wd您/rr方/d就/d不/d打算/v更/d认真/a地/ude2准备/v，/wd因为/c觉得/v现在/t这个/rz程度/n就/d可以/v打败/v更/d强/a的/ude1对手/n的/ude1吗/y？/ww
马薇薇/nr：/wm不/d，/wd就算/d您/rr是/vshi我/rr的/ude1对手/n，/wd您/rr也/d不/d是/vshi我/rr的/ude1困境/n，/wd我/rr觉得/v您/rr是/vshi我/rr成长/vi中/f的/ude1动力/n，/wd您/rr的/ude1关心/vn和/cc鼓励/v，/wd我/rr都/d非常/d感谢/v。/wj
庄智凯/nr：/wm谢谢/v您/rr。/wj
正方/n盘问/v反方/n黄磊/nr：/wm好/a，/wd我们/rr也/d谈/v一些/mq小/a道具/n，/wd刚才/t在/p场上/s，/wd有人/r为/p我们/rr擂鼓/vi助威/vi，/wd但是/c有时候/d打/v辩论/vn，/wd可能/v是/vshi孑然/nr一身/n，/wd形单影只/vl，/wd哪/ry一/m种/q更/d有利于/v您/rr的/ude1发挥/v呢/y？/ww
黄靖文/nr：/wm对方/n辩/vg友/ng，/wd只要/c肯/v为/p我们/rr加油/vi鼓励/v，/wd那/rzv就是/d好/a的/ude1了/y。/wj
黄磊/nr：/wm是/vshi呀/y，/wd所以/c刚才/t有人/r为/p我们/rr助威/vi，/wd更/d有利于/v我们/rr的/ude1发挥/vn，/wd否则/c冷冷清清/z，/wd可/c不/d利于/v我们/rr的/ude1成长/vn。/wj
第二/m个/q问题/n，/wd您/rr桌子/n上/f放/v的/ude1应该/v是/vshi方便面/n的/ude1盒子/n吧/y，/wd方便面/n可以/v解饱/v和/cc方便面/n能够/v有利于/v人/n的/ude1身体/n健康/an，/wd是/vshi不/d是/vshi一个/mq概念/n呢/y？/ww
黄靖文/nr：/wm对方/n辩/vg友/ng，/wd方便面/n它/rr是/vshi一/m种/q食物/n，/wd我/rr实在/d不/d清楚/a，/wd这个/rz问题/n跟/p顺/a逆境/n有/vyou什么样/ryv的/ude1关系/n呀/y？/ww
黄磊/nr：/wm其实/d呀/y，/wd这/rzv只/d是/vshi一个/mq简单/a的/ude1类比/vi。/wj
在/p逆境/n中/f，/wd人/n是/vshi可以/v解饱/v，/wd也/d可以/v满足/v基本/a的/ude1需求/n，/wd但是/c它/rr和/cc有利于/v人/n的/ude1成长/vn，/wd是/vshi不/d是/vshi两/m个/q概念/n呢/y？/ww
黄靖文/nr：/wm对方/n辩/vg友/ng，/wd天/qt将/d降/v大任/n于/p斯/b人/n也/y，/wd正/d因为/p这/rzv样子/n，/wd苦/v其/rz心志/n，/wd我们/rr才/d能够/v更加/d的/ude1成功/an，/wd正/d因为/p我们/rr失败/vi过/uguo，/wd正/d因为/p我们/rr遭遇/v过/uguo逆境/n，/wd我们/rr才/d知道/v，/wd我们/rr更/d应该/v上去/vf，/wd更/d应该/v努力/an，/wd更/d应该/v迈向/v人/n的/ude1成长/vn啊/y。/wj
黄磊/nr：/wm如何/ryv是/vshi降/v大任/n于/p斯/b人/n呢/y？/ww
可/v要/v先/d饿/v你/rr，/wd再/d空乏/v你/rr哟/y，/wd要/v劳/v你/rr哟/y，/wd才/d能/v把/pba责任/n给/p您/rr。/wj
但是/c我们/rr每个/r人/n的/ude1成长/vn，/wd是/vshi不/d是/vshi这样/rzv的/ude1经历/n呢/y？/ww
再/d问/v对方/n辩/vg友/ng，/wd刚才/t上场/vi的/ude1时候/n，/wd有人/r为/p我们/rr每个/r人/n送/v了/ule一/m瓶/q水/n，/wd让/v我们/rr上场/vi前/f润/v喉/ng，/wd这/rzv可谓/v是/vshi对/p我们/rr的/ude1帮助/vn吧/y，/wd这/rzv是/vshi不/d是/vshi更/d有利/a的/ude1呢/y？/ww
黄靖文/nr：/wm我/rr当然/d要/v非常/d感谢/v刚刚/d送/v水/n给/p我们/rr的/ude1这/rzv位/q先生/n，/wd他/rr的确/d让/v我们/rr润/v润/v喉/ng。/wj
再者/c对方/n辩/vg友/ng，/wd刚刚/d所谓/v顺境/n可以/v饱/a食/ng，/wd然而/c对方/n辩/vg友/ng，/wd当/p我们/rr饿/v的/ude1时候/n，/wd我们/rr才/d会/v知道/v，/wd原来/d非洲/nsf的/ude1难民/n他们/rr是/vshi这样/rzv的/ude1饥饿/n，/wd当/p我们/rr有/vyou能力/n的/ude1时候/n，/wd我们/rr才/d会/v因为/c我们/rr在/p饥饿/n的/ude1时候/n，/wd遭遇/v过/uguo这样/rzv的/ude1逆境/n，/wd我们/rr才/d可以/v帮助/v这些/rz人/n，/wd才/d可以/v使/v我们/rr人生/n更加/d地/ude2成长/vi，/wd不/d是/vshi吗/y？/ww
