【/wkz正方/n四/m辩/vg法庭/n式/k盘问/v】/wky正方/n---/m路/n一/m鸣/vg：/wm执/v中/f你/rr刚才/t说/v你/rr看/v开/v了/y，/wd是/vshi吧/y？/ww
反方/n---/m黄/nr1执/v中/f：/wm对/p，/wd大致/d上/f是/vshi这样/rzv。/wj
正方/n---/m路/n一/m鸣/vg：/wm看/v开/v了/ule的/ude1人/n会/v怎么/ryv在乎/v荣誉/n？/ww
反方/n---/m黄/nr1执/v中/f：/wm看/v开/v的/ude1人/n认为/v，/wd荣辱/n这/rzv件/q事情/n都/d是/vshi一时/t的/ude1，/wd只要/c自己/rr心安理得/vl就/d好/a，/wd能够/v接受/v就/d好/a，/wd这种/r东西/n不/d用/v强求/v。/wj
正方/n---/m路/n一/m鸣/vg：/wm那/rzv为什么/ryv刚才/t在/p你/rr的/ude1论证/vn当中/f，/wd看/v不/d开/v的/ude1人/n都/d是/vshi因为/p失败/vi和/cc不可/v挽回/v造成/v的/ude1？/ww
所以/c他/rr必须/d看/v开/v，/wd而/cc那些/rz曾经/d因为/p胜利/vn和/cc荣耀/an带来/v的/ude1看/v得/ude3开/v，/wd就/d不/d说/v了/ule呢/y？/ww
反方/n---/m黄/nr1执/v中/f：/wm不/d，/wd刚好/d也/d是/vshi同样/b的/ude1道理/n。/wj
我们/rr认为/v即使/c是/vshi为了/p胜利/vn和/cc荣耀/an的/ude1执/v着/uzhe，/wd也/d是/vshi要/v看/v开/v的/ude1，/wd不然/c的话/udh，/wd你/rr赢/v了/ule不/d够/v还/d想/v再/d赢/v，/wd那/c你/rr这个/rz生命/n到/v了/ule最后/f的/ude1时候/n会/v因为/c不/d能/v再/d赢/v而/cc痛苦/an，/wd所以/c都/d要/v看/v开/v。/wj
正方/n---/m路/n一/m鸣/vg：/wm所以/c，/wd只要/c赢/v了/ule再/d想/v再/d赢/v一/m次/qv就/d算/v看/v不/d开/v，/wd是/vshi吗/y？/ww
反方/n---/m黄/nr1执/v中/f：/wm对/p，/wd如果/c你/rr认为/v生命/n不/d能/v重/v来/vf的/ude1痛苦/an是/vshi来自/v于/p你/rr某些/rz?/ww
?/ww
?/ww
正方/n---/m路/n一/m鸣/vg：/wm请/v正面/d回答/v我/rr的/ude1问题/n。/wj
反方/n---/m黄/nr1执/v中/f：/wm对/p，/wd所以/c其实/d意思/n是/vshi一样/a的/ude1，/wd就/d是/vshi赢/v了/ule如果/c你/rr还/d想/v再/d赢/v，/wd当然/d我们/rr这/rzv只/d是/vshi程度/n的/ude1差异/n，/wd就/d是/vshi一/m种/q看/v不/d开/v，/wd最后/f放/v不/d下/vf。/wj
正方/n---/m路/n一/m鸣/vg：/wm就/d是/vshi如果/c即便/c是/vshi美好/a的/ude1事物/n，/wd你/rr想/v再/d体验/v一/m遍/qv也/d算/v看/v不/d开/v。/wj
就/d会/v因此/c而/cc?/ww
?/ww
?/ww
反方/n---/m黄/nr1执/v中/f：/wm这/rzv就/d是/vshi爱/v、/wn欲/vg、/wn贪/v、/wn嗔/x、/wn痴/a里头/f的/ude1爱/vn，/wd有/vyou眷恋/vn就/d有/vyou痛苦/an。/wj
正方/n---/m路/n一/m鸣/vg：/wm好/a，/wd现场/s里/f有/vyou多少/ry同学/n知道/v黄/nr1执/v中/b老师/n的/ude1女朋友/n这/rzv两/m天/qt在/p大马/n？/ww
反方/n---/m黄/nr1执/v中/f：/wm那/rzv现在/t现场/s有/vyou多少/ry人/n能够/v了解/v到/v我们/rr俩/m其实/d是/vshi常常/d吵架/vi的/ude1----/m这/rzv都/d是/vshi有/vyou痛苦/a的/ude1。/wj
而/cc我/rr是/vshi因为/p在/p这/rzv方面/n看/v不/d开/v，/wd因为/c她/rr看/v不/d开/v。/wj
我/rr得/v自保/vi。/wj
正方/n---/m路/n一/m鸣/vg：/wm你/rr觉得/v吵架/vi的/ude1过程/n是/vshi痛苦/a的/ude1还是/d可喜/a的/ude1？/ww
反方/n---/m黄/nr1执/v中/f：/wm吵架/vi的/ude1过程/n在/p我/rr没/d看/v开/v之前/f真的/d是/vshi蛮/d痛苦/a的/ude1。/wj
正方/n---/m路/n一/m鸣/vg：/wm你/rr到/v底/f看/v开/v没/d看/v开/v？/ww
反方/n---/m黄/nr1执/v中/f：/wm坦白/v说/v，/wd在/p这/rzv点/qt上/f我/rr修/v为/v还/d浅/a，/wd有/vyou一点/m没/d看/v开/v，/wd所以/c被/pbei你/rr问/v得/ude3很/d痛苦/an。/wj
【/wkz正方/n二/m辩驳/vi论/v】/wky黄/a聪/ag涵/vg：/wm其实/d我/rr觉得/v今天/t站/vi在/p这里/rzs辩论/v，/wd我/rr觉得/v我/rr作为/v一个/mq可能/n比较/d资/ng浅/a的/ude1辩/vg手/n，/wd跟/p对方/n的/ude1执/v中/f辩/vg神/n有/vyou一/m段距离/n，/wd什么样/ryv的/ude1一/m段距离/n呢/y？/ww
是/vshi一/m段/q看/v开/v和/cc看/v不/d开/v的/ude1距离/n。/wj
对方/n告诉/v我们/rr，/wd今天/t我们/rr人/n如果/c我们/rr看/v开/v了/y，/wd那/rzv其实/d生命/n有/vyou没/d有/vyou重/a来/vf它/rr其实/d也/d不/d重要/a，/wd都/d是/vshi可喜/a的/ude1。/wj
如果/c按照/p这种/r推断/v下去/vf，/wd其实/d我/rr想/v问/v对方/n二/m辩/vg，/wd世界/n上/f还有/v什么/ry东西/n是/vshi可悲/a的/ude1呢/y？/ww
您/rr在/p否定/v这个/rz世界/n上/f的/ude1悲/ag甜酸苦辣/n吗/y？/ww
所以/c我们/rr说/v战争/n看/v开/v了/y，/wd战争/n不/d可悲/a；/wf人/n死/v看/v开/v了/y，/wd人/n死/v不/d可悲/a；/wf疾病/n看/v开/v了/y，/wd疾病/n不/d可悲/a；/wf我们/rr今天/t说/v在/p四川/ns地震/n中/f这么/rz大/a的/ude1一个/mq灾难/n我/rr看/v开/v了/y，/wd灾难/n其实/d也/d不/d可悲/a-----/m那/c我们/rr今天/t要/v在/p这个/rz现实/n的/ude1土壤/n上/f讨论/v些/q什么/ry？/ww
是/vshi圣人/n佛/n界/k的/ude1一/m种/q讨论/v吗/y？/ww
所以/c，/wd可能/v反方/n的/ude1主辩/vn他/rr是/vshi辩/vg神/n，/wd是/vshi已/d在/p神坛/n上/f的/ude1人/n，/wd他们/rr神坛/n上/f的/ude1人/n有/vyou不/d一样/uyy的/ude1对/p这个/rz甜酸苦辣/n界定/v?/ww
?/ww
?/ww
所以/c我们/rr为什么/ryv会/v说/v，/wd今天/t我们/rr谈/v这个/rz辩/vg题/n，/wd生命/n的/ude1可悲/a在于/v不/d能/v重/v来/vf：/wm第一/m我们/rr要/v从/p人之常情/nl去/vf看/v。/wj
如果/c今天/t脱离/v了/ule人之常情/nl来/f讨论/v我/rr想/v这个/rz辩论/vn其实/d没什么/vl意义/n！/wt
所以/c回/v到/p今天/t这个/rz现实/n的/ude1土壤/n上/f我们/rr发现/v为什么/ryv在于/v很/d可悲/a------/m刚刚/d宣布/v了/ule冠军/n队伍/n，/wd只有/c一/m个/q冠军/n。/wj
31/m支/q队伍/n远渡重洋/vl而/cc来/vf，/wd千里迢迢/dl，/wd可是/c都/d失败/vi了/y，/wd回去/v了/y，/wd不能/v再/d重/d试/v了/ule-----/m对方/n可以/v告诉/v我们/rr，/wd他们/rr心里/s真/a的/ude1没有/v那么/rz一点点/m的/ude1痛惜/vn和/cc惋惜/a吗/y？/ww
那/rzv叫/vi可喜/a吗/y？/ww
那/rzv不/d叫/vi可喜/a！/wt
我们/rr再/d说/v人之常情/nl是/vshi什么/ry？/ww
是/vshi-----/m你/rr的/ude1父亲/n可能/v过世/v了/y，/wd你/rr来不及/v孝顺/v他/rr。/wj
有/vyou一/m句/q话/n说/v“/wyz子/ng欲/d养/v而/cc亲/v不/d待/vi”/wyy对方/n告诉/v我们/rr要/v怎么样/ryv在/p一个/mq最低/a欲望/n的/ude1情况/n底下/f你/rr可以/v在/p你/rr父亲/n过世/v的/ude1时候/n还/d不/d悲伤/a而且/c你/rr还要/d可能/v办/v庆祝会/n-----/m我/rr觉得/v这/rzv不/d太/d可行/a！/wt
对/v！/wt
所以/c这/rzv不/d是/vshi欲望/n高低/n的/ude1问题/n，/wd这/rzv是/vshi人之常情/nl的/ude1问题/n，/wd人之常情/nl就/d是/vshi在于/v说/v----/m我们/rr错过/v了/ule我们/rr会/v悔恨/v！/wt
我们/rr失去/v了/ule我们/rr会/v痛苦/an！/wt
------/m有/vyou没/d有/vyou欲望/n都/d一样/a！/wt
第二/m个/q，/wd我们/rr不/d谈/v人之常情/nl，/wd我们/rr谈/v既定/b事实/n。/wj
其实/d很多/m东西/n不/d能/v重/v来/vf也/d是/vshi很/d可悲/a的/ude1！/wt
例如/v说/v“/wyz墨西哥湾/n漏油/n事件/n”/wyy，/wd我/rr不管/c你/rr主观/n到底/d有/vyou没/d有/vyou多少/ry的/ude1欲望/n，/wd可是/c油/n漏/v了/y，/wd鱼/n死/v了/y，/wd这个/rz珊瑚礁/n没/v了/y！/wt
-----/m这个/rz既定/b事实/n不/d可悲/a吗/y？/ww
所以/c我/rr觉得/v大家/rr在/p这里/rzs想/v的/ude1一个/mq东西/n就/d是/vshi，/wd生命/n的/ude1可悲/a在于/v不/d能/v重/v来/vf，/wd我方/r不/d是/vshi说/v你/rr的/ude1人生/n注定/v悲观/a，/wd而是/c说/v我们/rr人生/n有/vyou很多/m可喜/a的/ude1东西/n，/wd它/rr跟/p重/v来/vf不/d重/v来/vf没有/v关系/n。/wj
所以/c，/wd你/rr有/vyou善良/a，/wd你/rr有/vyou爱/vn，/wd其实/d你/rr的/ude1生命/n一样/uyy还是/d可以/v很/d美/a好/a！/wt
【/wkz反方/n二/m辩驳/vi论/v】/wky梁佑诚/nr：/wm谢谢/v国/n伟/ag，/wd问候/v在场/vi各位/rr！/wt
那/rzv，/wd刚才/t对方/n辩/vg友/ng跟/p我们/rr说/v啊/y，/wd如果/c我方/r今天/t以/p“/wyz看/v开/v”/wyy、/wn与/p“/wyz看/v不/d开/v”/wyy来/f论证/v今天/t的/ude1立场/n，/wd那/rzv世界/n上/f什么/ry东西/n是/vshi可悲/a的/ude1呢/y？/ww
