所以/c呢/y，/wd我们/rr知道/v，/wd不管/c是/vshi科学家/n也好/y，/wd先烈/n也好/y，/wd他们/rr对于/p其他/rzv的/ude1人/n，/wd其他/rzv的/ude1百姓/n，/wd或者/c是/vshi其他/rzv的/ude1民众/n，/wd他/rr怀/v的/ude1心意/n其实/d跟/p父母/n一样/uyy的/ude1，/wd我/rr希望/v我/rr的/ude1所作所为/nl，/wd能够/v让/v大家/rr更/d快乐/a，/wd更/d幸福/a。/wj
可是/c成长/vi，/wd我们/rr不/d希望/v你们/rr以此/d为/v满足/v啊/y，/wd你们/rr要/v去/vf寻找/v你们/rr人生/n的/ude1逆境/n，/wd你们/rr才/d能/v更/d成长/vi啊/y，/wd谢谢/v大家/rr！/wt
自由/ad辩论/v张/nr1君/ng（/wkz正方/n）/wky：/wm请问/v人们/n去/vf救助/v战乱/n饥荒/n地区/n的/ude1孩子/n，/wd是/vshi不/d是/vshi为了/p让/v他们/rr摆脱/v逆境/n，/wd更/d好/a的/ude1成长/vn呢/y？/ww
黄靖雯/nr（/wkz反方/n）/wky：/wm对方/n辩/vg友/ng，/wd人们/n救助/v荒乱/a之中/f的/ude1孩子/n，/wd他们/rr是/vshi为了/p一/m份/q怜悯/vn，/wd一/m份/q爱/vn。/wj
对方/n辩/vg友/ng，/wd我/rr想/v要/v请/v问/v你/rr，/wd如果/c在/p顺境/n当中/f可以/v让/v人/n成长/vi的/ude1话/n，/wd军队/n何必/d行军/vi，/wd僧侣/n何必/r苦行/n呢/y？/ww
薛乐/nr：/wm为什么/ryv我们/rr要/v付出/v我们/rr的/ude1关爱/vn呢/y，/wd不/d正是/v因为/c看到/v他们/rr身/ng处/n逆境/n，/wd不/d利于/v他们/rr的/ude1成长/vn，/wd我们/rr才/d要/v付出/v关爱/v吗/y，/wd如果/c逆境/n更/d有利于/v他们/rr的/ude1成长/vn的/ude1话/n，/wd我们/rr应该/v对/p他们/rr表示/v羡慕/v，/wd让/v大家/rr都/d去/vf贫困/a山区/n，/wd更/d有利于/v大家/rr的/ude1成长/vn吗/y？/ww
黄/nr1执/v中/f：/wm对方/n辩/vg友/ng，/wd非洲/nsf饥民/n饿/vd到/v快/a生死/n关头/n了/y，/wd你/rr对/p他/rr表示/v羡慕/v，/wd这/rzv是/vshi不对/a的/ude1。/wj
我们/rr去/vf拯救/v他们/rr，/wd去/vf帮助/v他们/rr，/wd属于/v怜悯/v，/wd对方/n辩/vg友/ng怎么/ryv可以/v相提并论/vl。/wj
马薇薇/nr：/wm如果/c我们/rr的/ude1怜悯/vn却/d阻碍/v了/ule他们/rr在/p逆境/n中/f成长/vi的/ude1话/n，/wd这/rzv不/d是/vshi一/m种/q道德/n的/ude1虚伪/a吗/y？/ww
至于/p僧侣/n的/ude1问题/n，/wd印度/nsf的/ude1苦行僧/n，/wd可是/c能/v七/m天/qt七/m夜/tg在/p坟墓/n里/f不/d吃/v不/d喝/vg，/wd他/rr成长/vi好/a了/y，/wd难道/d咱们/rr成长/vi，/wd也/d要/v不/d吃/v不/d喝/vg修道/v成/v佛/n吗/y？/ww
梁佑诚/nr：/wm对方/n辩/vg友/ng，/wd您/rr告诉/v大家/rr说/v，/wd今天/t如果/c我们/rr有/vyou选择/vn的/ude1时候/n，/wd我们/rr当然/d不/d会/v选择/v逆境/n，/wd但是/c问题/n是/vshi，/wd您/rr刚才/t告诉/v大家/rr很多/m人/n生/v的/ude1哲理/n，/wd请问/v人生/n何时/ryt有/vyou选择/v呢/y？/ww
黄磊/nr：/wm其实/d人生/n何时/ryt有/vyou选择/vn，/wd对方/n辩/vg友/ng已经/d给/p我们/rr选择/v，/wd他/rr要/v故意/d去/vf尝试/v错误/a的/ude1道路/n，/wd以/p验证/v道路/n的/ude1错误/n。/wj
我/rr想/v请问/v您/rr了/y，/wd有/vyou良师/n为/p我们/rr传道授业/vl解惑/vi，/wd和/cc自己/rr盲目/ad摸索/v，/wd哪/ry一个/mq更/d有利于/v您/rr的/ude1成长/vn？/ww
庄智凯/nr：/wm对方/n辩/vg友/ng，/wd这里/rzs有/vyou100/m位/q名人/n的/ude1故事/n，/wd他们/rr统统/d都/d在/p逆境/n中/f成长/vi，/wd如果/c按照/p您/rr说/v的/ude1，/wd他们/rr的/ude1故事/n内容/n应该/v写/v的/ude1是/vshi他/rr成长/vi生/v在/p一个/mq富裕/a的/ude1家庭/n，/wd躺/v在/p那里/rzs他/rr就/d成长/vi了/y吧/y？/ww
黄磊/nr：/wm这里/rzs有/vyou200/m万/m的/ude1观众/n告诉/v我们/rr，/wd顺境/n中/f有/vyou一个/mq更/d好/a的/ude1环境/n成长/vi，/wd又/d说明/v什么/ry？/ww
黄/nr1执/v中/f：/wm对方/n辩/vg友/ng，/wd我们/rr已经/d说/v过/uguo了/y，/wd我们/rr一般/a人/n，/wd我们/rr不/d忍心/v他/rr承受/v逆境/n，/wd我们/rr一般/a人/n也/d只/d会/v选择/v顺境/n。/wj
可是/c伟人/n之所以/c成/v伟人/n，/wd是/vshi因为/p他/rr做/v选择/v的/ude1时候/n，/wd他/rr愿意/v挑/v难/a的/ude1路/n来/vf走/v，/wd我/rr没有/v这样/rzv的/ude1自信/an，/wd所以/c我/rr不/d会/v成为/v印度/nsf的/ude1苦行僧/n啊/y。/wj
薛乐/nr：/wm对方/n三/m号/q辩/vg手/n告诉/v大家/rr，/wd其实/d我们/rr可以/v选择/v我们/rr的/ude1人生/n道路/n，/wd可是/c对方/n一/m号/q辩/vg手/n刚才/t又/d告诉/v大家/rr，/wd其实/d人生/n没有/d选择/v，/wd本来/d就/d是/vshi命/n定/v的/ude1，/wd是/vshi不/d是/vshi要/v告诉/v大家/rr，/wd原来/d龙生龙/nr，/wd凤生凤/nr，/wd老鼠/n生/v儿/k会/v打/v洞/n呢/y？/ww
梁佑诚/nr：/wm其实/d我方/r只是/d想/v告诉/v对方/n辩/vg友/ng，/wd对方/n辩/vg友/ng一直/d告诉/v大家/rr，/wd人生/n是/vshi那个/rz选择/v是/vshi可以/v选择/v好/a和/cc坏/a的/ude1，/wd但是/c他们/rr告诉/v大家/rr，/wd我们/rr今天/t谈/v的/ude1是/vshi人生/n还/d是/vshi谈/v逆境/n和/cc顺境/n呢/y？/ww
顺境/n逆境/n如果/c是/vshi可以/v由/p自己/rr选择/v的/ude1，/wd有/vyou谁/ry愿意/v走/v出/vf街上/s，/wd被/pbei大/d砸/v牌/n砸/v下来/vf砸/v死/a的/ude1呢/y？/ww
没有/v人/n会/v做/v这样/rzv的/ude1选择/vn，/wd这/rzv证明/v什么/ry？/ww
当/p逆境/n和/cc顺境/n基于/p我们/rr什么/ry条件/n的/ude1时候/n，/wd我们/rr必须/d从/p当/v中/f寻找/v我们/rr成长/vi的/ude1元素/n到底/d来自/v哪里/rys，/wd对方/n辩/vg友/ng。/wj
马薇薇/nr：/wm非常/d感谢/v对方/n辩/vg友/ng，/wd难道/d您/rr告诉/v我们/rr说/v，/wd有/vyou选择/vn就/d等于/v逆境/n了/y吗/y？/ww
刚才/t我们/rr抽签/vi的/ude1时候/n，/wd有/vyou选择/v吧/y，/wd难道/d一/m抽签/vi，/wd我们/rr双方/n就/d一起/d进入/v逆境/n了/y吗/y？/ww
庄智凯/nr：/wm对方/n辩/vg友/ng，/wd您/rr方/d一直/d说/v的/ude1顺境/n，/wd其实/d是/vshi得到/v别人/rr的/ude1帮忙/vi，/wd不/d是/vshi顺境/n这个/rz人/n成长/vi，/wd他/rr只是/d获得/v别人/rr的/ude1帮忙/vi。/wj
请问/v这样/rzv他/rr为什么/ryv可以/v成长/vi呢/y？/ww
黄磊/nr：/wm谁/ry在/p比较/d更/d有利/a的/ude1成长/vn，/wd是/vshi我们/rr双方/n共同/b的/ude1比较/vn。/wj
有/vyou朋友/n为/p您/rr两肋插刀/vl，/wd可谓/v是/vshi顺境/n吧/y，/wd但/c有/vyou朋友/n插/v您/rr两/m刀/q，/wd可谓/v是/vshi逆境/n吧/y，/wd请/v比较/d一下/mq。/wj
黄/nr1执/v中/f：/wm有/vyou朋友/n为/p我/rr两肋插刀/vl，/wd我/rr以后/f知道/v相信/v朋友/n，/wd可/c是/vshi不/d是/vshi所有/b朋友/n都/d值得/v相信/v，/wd我/rr非得/d哪/ry一/m天/qt被/pbei人家/rr插/v两/m刀/q之后/f，/wd我/rr才/d知道/v谁/ry可信/a，/wd谁/ry不/d可信/a，/wd我/rr成长/vi。/wj
马薇薇/nr：/wm那/rzv对方/n辩/vg友/ng，/wd您/rr为了/p验证/v谁/ry可信/a，/wd谁/ry不/d可信/a，/wd是/vshi不/d是/vshi就/d要/v每天/r都/d挨/v上/vf好几/m刀/q呢/y？/ww
黄/nr1执/v中/f：/wm对方/n辩/vg友/ng，/wd不对/a，/wd我们/rr要/v讲/v的/ude1是/vshi，/wd如果/c人/n永远/d都/d不/d被/pbei朋友/n插/v上/vf两/m刀/q，/wd他/rr就/d会/v盲从/v地/ude2相信/v所有/b的/ude1朋友/n，/wd这样/rzv的/ude1人/n只/d是/vshi蠢/a木/ng牛马/n，/wd怎么/ryv会/v成长/vi？/ww
张君/nr：/wm人/n如果/c被/pbei插/v上/vf两/m刀/q的话/udh，/wd都/d死/v了/y，/wd您/rr还/d何/ry谈/v成长/vi呢/y，/wd请问/v一个/mq好汉/n三/m个/q帮/v和/cc众/n叛/x亲/ng离/v，/wd哪个/ry更/d有利于/v人/n的/ude1成长/vn呢/y？/ww
梁佑诚/nr：/wm刚才/t对方/n辩/vg友/ng的/ude1四/m辩/vg不/d是/vshi告诉/v我们/rr，/wd他们/rr谈/v的/ude1不/d是/vshi谈/v死/a的/ude1绝境/n，/wd现在/t正/d方/a的/ude1一/m辩/vg现在/t告诉/v我们/rr说/v，/wd他/rr都/d已经/d死/v了/y，/wd那/rzv怎么/ryv谈/v成长/vi呢/y？/ww
薛乐/nr：/wm好/a吧/y，/wd我们/rr说/v如果/c插/v上/vf两/m刀/q不/d死/v，/wd身/ng患/v重伤/n，/wd是/vshi不/d是/vshi对方/n辩/vg友/ng认为/v就/d更/d有利于/v我们/rr的/ude1成长/vn呢/y？/ww
请教/v对方/n辩/vg友/ng了/y，/wd如果/c逆境/n更/d有利于/v我们/rr的/ude1成长/vn的/ude1话/n，/wd孟/b母/b三/m迁/v说明/v了/ule一个/mq什么/ry道理/n呢/y？/ww
