梁佑诚/nr：/wm那/rzv对方/n辩/vg友/ng的/ude1意思/n是/vshi说/v，/wd如果/c我们/rr今天/t不/d谈/v插/v刀/n的话/udh，/wd那/rzv在/p顺境/n当中/f，/wd我们/rr所有/b的/ude1朋友/n每天/r陪/v着/uzhe我们/rr花天酒地/vl，/wd这/rzv就是/v你/rr方/d所谓/v的/ude1成长/vn吗/y？/ww
这/rzv是/vshi你/rr方/d所/usuo谈/v的/ude1归/v谬/ng的/ude1方法/n，/wd我方/r要/v强调/v的/ude1是/vshi，/wd这种/r态度/n我方/r不/d太/d认同/v。/wj
黄磊/nr：/wm为什么/ryv孟/nr1母/ng要/v三/m迁/v，/wd要/v躲开/v赌场/n，/wd要/v躲开/v土匪/n所/usuo聚集/v的/ude1地方/n，/wd按照/p对方/n观点/n，/wd这/rzv都/d是/vshi更/d有利于/v人/n成长/vi的/ude1环境/n啊/y。/wj
黄/nr1执/v中/f：/wm我/rr解释/v给/p对方/n辩/vg友/ng听/v吧/y，/wd孟/b母/b第一/m次/qv迁/v的/ude1时候/n不/d晓得/v环境/n对/p孟子/nr会/v影响/v那么/rz大/a，/wd发觉/v孟子/nr学人/n家/q在/p那边/rzs玩/v不/d正经/a的/ude1把戏/n，/wd才/d二/m迁/v，/wd才/d三/m迁/v，/wd是/vshi因为/p每/rz次/qv都/d搬/v错/v房/n，/wd孟/nr1母/ng才/d知道/v，/wd环境/n对/p孩子/n影响/vn很/d大/a。/wj
马薇薇/nr：/wm那么/rz孟/b母/b第一/m次/qv发现自己/n搬/v错/v房/n的/ude1时候/n，/wd就/d应该/v很/d后悔/v，/wd原来/b赌场/n是/vshi个/q逆境/n，/wd我们/rr应该/v搬/v回去/v，/wd让/v孟子/nr在/p赌场/n里面/f好好/d成长/vi，/wd那/rzv不/d成/v了/ule千/m王/n之/uzhi王/n了/y吗/y？/ww
庄智凯/nr：/wm对方/n辩/vg友/ng，/wd孟/nr1母/ng就是/v因为/p三/m迁/v之后/f，/wd她/rr越来越/d成长/vi了/y。/wj
想/v请问/v对方/n辩/vg友/ng，/wd如果/c要/v顺境/n，/wd《/wkz西游记/nz》/wky的/ude1唐/nr1三藏/n，/wd他/rr只/d要/v坐/v飞机/n去/vf取经/vi，/wd不/d是/vshi更/d快/a吗/y？/ww
薛乐/nr：/wm我方/r不/d是/vshi告诉/v大家/rr了/y吗/y，/wd孙悟空/nr是/vshi72/m变/v，/wd我们/rr可是/c肉体/n凡/d胎/ng啊/y，/wd如果/c让/v我们/rr去/vf面对/v妖魔鬼怪/nl，/wd恐怕/d我们/rr是/vshi在劫难逃/vl了/y。/wj
请教/v对方/n辩/vg友/ng了/y，/wd今天/t古代/t的/ude1社会/n，/wd讲究/v男/b尊/vg女/b卑/ag，/wd现代/t的/ude1社会/n呢/y，/wd却/d是/vshi妇女/n能/v顶/v半边天/n，/wd何者/n更/d有利于/v我们/rr的/ude1成长/vn啊/y。/wj
黄/nr1执/v中/f：/wm对方/n辩/vg友/ng，/wd我们/rr还是/d先/d聊/v一下/mq刚刚/d没/d聊/v完/vi《/wkz西游记/nz》/wky的/ude1问题/n，/wd如果/c我们/rr今天/t讲/v的/ude1是/vshi一/m开始/v，/wd如来佛/nr这/rzv本/q经书/n，/wd不/d要/v你/rr来/vf取/v了/y，/wd我/rr做/v一个/mq祥云/nr2，/wd跑/v过去/vf，/wdE/x-mail/x给/p你/rr唐/nr1三藏/n，/wd那/rzv唐/nr1三藏/n是不是/v更/d顺利/a，/wd他/rr成长/vi就/d更/d大/a了/y吗/y？/ww
马薇薇/nr：/wm那/rzv问题/n是/vshi人生/n不/d是/vshi每/rz一/m次/qv都/d是/vshi取经/vi，/wd我们/rr也/d不/d是/vshi每/rz一个/mq人/n都/d是/vshi孙/nr1猴子/n，/wd虽然/c我/rr也/d很/d羡慕/v他/rr，/wd请问/v妇女/n缠/v小脚/n和/cc今天/t我们/rr妇女/n能/v顶/v半边天/n，/wd哪个/ry更/d有利/a妇女/n的/ude1成长/vn呢/y？/ww
黄/nr1执/v中/f：/wm如果/c妇女/n以前/f没有/d缠/v过/uguo小/a脚/n，/wd妇女/n怎么/ryv会/v知道/v她/rr的/ude1地位/n是/vshi不/d平等/a的/ude1，/wd由于/c有/vyou压抑/an，/wd所以/c反弹/vi才/d会/v更/d厉害/a啊/y。/wj
黄磊/nr：/wm衣食/n足/a而/cc知/v荣辱/n，/wd在/p逆境/n中/f，/wd人们/n怎么/ryv提高/v自己/rr的/ude1道德/n情操/n和/cc艺术/n修/v为/v呢/y？/ww
总结/v陈/nr1词/n反方/n世/ng新/a大学/n队/n黄/nr1执/v中/f：/wm大家/rr好/a，/wd对方/n辩/vg友/ng刚刚/d最后/f一/m句/q话/n是/vshi“/wyz衣食/n足/a而/cc知/v荣辱/n”/wyy，/wd可是/c我们/rr要/v想/v想/v看/v，/wd如果/c我们/rr从/p小/a到/v大/a，/wd衣食/n总是/d足/a的/ude1，/wd我们/rr怎么/ryv知道/v，/wd荣辱/n这种/r事情/n会/v在/p衣食/n不足/a的/ude1时候/n消失/vi呢/y？/ww
我们/rr是/vshi不/d是/vshi就/d因为/p我们/rr历经/v过/uguo战乱/n，/wd饱尝/v过/uguo饥饿/n，/wd看到/v道德/n往往/d要/v借/v由/p物质/n的/ude1一些/mq基础/n上/f才/d会/v出现/v，/wd所以/c我们/rr清醒/ad到/v了/y，/wd哦/e，/wd原来/d不足/a的/ude1时候/n，/wd可能/v就/d没/d有/vyou道德/n，/wd所以/c我们/rr要/v小心/a，/wd我们/rr智慧/n就/d增长/v了/y。/wj
对方/n辩/vg友/ng，/wd我们/rr今天/t聊/v过/uguo几/m个/q问题/n，/wd我们/rr今天/t谈/v到/v，/wd唐/nr1三藏/n去/vf取经/vi，/wd对方/n辩/vg友/ng一直/d在/p谈/v孙/nr1猴子/n，/wd可是/c我们/rr要/v了解/v，/wd孙悟空/nr为什么/ryv能/v有/vyou72/m变/v？/ww
他/rr不/d也/d是/vshi被/pbei太/d上/vf老/a君/ng关/v在/p那个/rz炼丹/v里头/f，/wd练/v了/ule半天/mq，/wd才/d成/v火眼金睛/nl吗/y，/wd他/rr不/d也/d是/vshi去/vf求/v仙/ng求/v佛/n才学/n到/v的/ude172/m变/v。/wj
孙/nr1猴子/n当初/t蹦/v出/vf来/vf的/ude1时候/n，/wd他/rr就/d自满/a自/p足/a，/wd他/rr到/v现在/t为止/u，/wd还/d是/vshi水/n帘/ng洞/n的/ude1一个/mq小/a猴王/nz而已/y，/wd怎么/ryv会/v成/v佛/n成/v仙/ng呢/y？/ww
所以/c我们/rr要/v知道/v，/wd不管/c是/vshi对/p谁/ry，/wd逆境/n对/p我们/rr而言/uls，/wd都/d是/vshi有/vyou成长/vi的/ude1。/wj
对方/n辩/vg友/ng认为/v，/wd这/rzv场/qv比赛/vn是/vshi一/m种/q什么样/ryv的/ude1对/p决/vg呢/y，/wd他/rr认为/v逆境/n是/vshi面对/v问题/n，/wd面对/v困难/an，/wd可是/c只有/c顺境/n才/d能/v克服/v问题/n，/wd解决/v困难/an，/wd因此/c他们/rr，/wd比/p我们/rr价值/n上/f是/vshi更/d高/a的/ude1。/wj
可是/c仔细/ad想想/v可能/v又/d不/d对/p了/y，/wd什么/ry叫/vi做/v在/p顺境/n当中/f能够/v解决问题/n，/wd那/rzv是/vshi人家/rr帮/v你/rr解决问题/n呀/y！/wt
我/rr在/p顺境/n当中/f，/wd父母/n帮/v我/rr解决/v衣食/n问题/n，/wd老师/n帮/v我/rr解决/v课业/n问题/n，/wd同学/n帮/v我/rr抄/v笔记/n，/wd解决/v了/ule可能/v会/v被/pbei老师/n点/qt到/v名/q的/ude1问题/n。/wj
在/p这样/rzv的/ude1顺境/n当中/f，/wd我/rr问题/n是/vshi解决/v了/y，/wd可是/c我/rr的/ude1解决/vn吗/y，/wd我/rr这个/rz人/n有/vyou成长/vi吗/y？/ww
我/rr也许/d学历/n越来越/d高/a，/wd可能/v我/rr的/ude1地位/n越来越/d高/a，/wd可是/c我/rr还/d是/vshi我/rr，/wd一/m拉开/v你/rr的/ude1衣服/n跟/p学历/n，/wd你/rr还是/v一/m只/q猴子/n呀/y！/wt
所以/c我们/rr今天/t要/v做/v的/ude1是/vshi要/v了解/v，/wd真正/d能够/v在/p逆境/n当中/f成长/vi的/ude1动机/n是因为/c逆境/n当中/f勇于/v面对/v问题/n，/wd在/p面对/v问题/n当中/f，/wd你/rr由于/c没有/v顺境/n了/y，/wd没有/v贵人/n了/y，/wd没有/v机/ng运/v了/y，/wd你/rr能够/v有/vyou的/ude1什么/ry呢/y，/wd两/m双/q拳头/n，/wd两/m只/q脚/n，/wd你/rr要/v自己/rr打/v出/vf一/m片/q天/qt，/wd在/p这种/r过程/n当中/f，/wd你/rr如果/c成功/a了/ule是/vshi你/rr的/ude1成功/an，/wd失败/vi了/y，/wd好歹/d你/rr奋斗/vi过/uguo一/m次/qv嘛/y，/wd这样/rzv的/ude1人生/n，/wd不/d是/vshi比/p遇到/v贵人/n更/d值得/v我们/rr欣赏/v吗/y？/ww
这样/rzv的/ude1人生/n不/d是/vshi不/d管/v成/v，/wd不管/c败/vi，/wd好歹/d轰轰烈烈/al吗/y？/ww
如果/c今天/t我们/rr在/p帝王/n家/q，/wd从小/d养/v于/p深/a宫/nr1富人/n之/uzhi手/n，/wd就/d算/v有/vyou多/m大/a基业/n，/wd这边/rzs有/vyou诸葛亮/nr帮忙/vi，/wd那边/rzs有/vyou刘伯温/nr妙算/n，/wd底下/f这些/rz一/m列/q开/v来/vf，/wd都/d是/vshi岳飞/nr，/wd要不然/c就/d是/vshi韩信/nr的/ude1，/wd这样/rzv当/p皇帝/n，/wd你/rr有/vyou成长/vi吗/y？/ww
我/rr不/d知道/v啊/y。/wj
所以/c我们/rr要/v了解/v，/wd逆境/n让/v人/n的/ude1本质/n成长/vi了/y，/wd让/v我们/rr的/ude1历/vg练/v成长/vi了/y，/wd让/v我们/rr心智/n坚韧/a了/y，/wd让/v我们/rr看/v的/ude1东西/n，/wd跟/p顺境/n家/q的/ude1小/a孩子/n看/v的/ude1不/d一样/uyy。/wj
