他们/rr看/v得/ude3到/v光鲜/nr2的/ude1门面/n，/wd我们/rr看/v得/ude3到/v厕所/n，/wd他们/rr看/v得/ude3到/v锦衣/n玉/n食/ng，/wd我们/rr看/v得/ude3到/v馊/a水桶/n。/wj
这样/rzv眼界/n的/ude1不同/a，/wd难道/d不/d是/vshi一/m种/q成长/vi，/wd难道/d不/d是/vshi我们/rr所/usuo希望/v我们/rr的/ude1小孩子/n能够/v偶尔/d试/v一下/mq的/ude1成长/vn吗/y？/ww
父母亲/n是/vshi父母亲/n，/wd成长/vi却/d是/vshi希望/v小孩子/n自己/rr去/vf历/d练/v，/wd这/rzv两者/rzv是/vshi不/d一样/uyy的/ude1，/wd谢谢/v！/wt
正方/n中山大学/nt队/n薛乐/nr：/wm对方/n刚才/t最后/f一/m句/q话/n说/v，/wd父母亲/n是/vshi父母亲/n，/wd但/c成长/vi还是/c自己/rr的/ude1成长/vn。/wj
但是/c有/vyou没/d有/vyou一个/mq父母亲/n不/d希望/v自己/rr的/ude1孩子/n更/d好/a地/ude2成长/vi呢/y？/ww
对方/n今天/t其实/d要/v告诉/v大家/rr，/wd天下/n的/ude1父母/n说/v，/wd如果/c你/rr让/v你/rr的/ude1孩子/n幸福/a的/ude1话/n，/wd那么/c你/rr错/v了/y，/wd因为/c你/rr如果/c不/d忍心/v看到/v你/rr的/ude1孩子/n受苦/vi，/wd那/rzv是/vshi不/d让/v他/rr成长/vi。/wj
如果/c一个/mq老师/n不/d对/p一个/mq学生/n，/wd苛刻/a地/ude2要求/v的/ude1话/n，/wd那么/c你/rr错/v了/y，/wd因为/c如果/c你/rr不/d对/p他/rr苛刻/a地/ude2要求/v的/ude1话/n，/wd这个/rz孩子/n就/d没有/v办法/n成长/vi。/wj
所以/c今天/t如果/c在座/vi的/ude1各位/rr，/wd是/vshi身/q处/n名校/n，/wd受/v过/uguo良好/a的/ude1教育/vn的/ude1话/n，/wd那么/c对不起/v，/wd您/rr没有/d成长/vi。/wj
对方/n又/d告诉/v我们/rr《/wkz西游记/nz》/wky的/ude1故事/n，/wd我们/rr非常/d的/ude1感动/vn，/wd但是/c《/wkz西游记/nz》/wky到底/d是/vshi有利于/v孙悟空/nr的/ude1成长/vn呢/y，/wd还/d是/vshi有利于/v我们/rr在座/vi普普通通/z的/ude1人/n成长/vi呢/y？/ww
孙悟空/nr压/v500年/m可以/v练就/v不/d坏/a金/ng身/ng，/wd可是/c如果/c您/rr被/pbei压/v了/ule500年/m，/wd恐怕/d也/d很/d难/a泰山/ns压/v顶/ng不/d弯腰/vi吧/y？/ww
孙悟空/nr在/p炼丹/v炉/ng里头/f，/wd可以/v练/v得/ude3火眼金睛/nl，/wd可是/c如果/c我/rr在/p炼丹/v炉/ng里头/f，/wd恐怕/d就/d要/v变成/v北京/ns烤鸭/n了/y。/wj
所以/c其实/d今天/t对方/n辩/vg友/ng告诉/v我们/rr的/ude1有/vyou两点/m，/wd第一点/m，/wd他/rr告诉/v我们/rr说/v，/wd其实/d您/rr在/p逆境/n当中/f，/wd要/v付出/v更/d多/a的/ude1努力/an，/wd顺境/n中/f，/wd也许/d只/d付出/v了/ule三分/m，/wd逆境/n中/f，/wd你/rr也许/d付出/v了/ule八分/m，/wd所以/c三分/m努力/ad叫/vi顺境/n，/wd八分/m努力/ad叫/vi逆境/n。/wj
可是/c有/vyou没/d有/vyou人/n在/p逆境/n当中/f，/wd意志/n消沉/a，/wd借/v酒/n消愁/v呢/y？/ww
不/d是/vshi有/vyou一/m句/q话/n叫/vi“/wyz举杯/vi消愁/v愁/v更/d愁/v”/wyy嘛/y，/wd我/rr没有/d付出/v努力/an，/wd是/vshi不/d是/vshi因为/p因此/c我们/rr就/d没有/v身处/s逆境/n了/y呢/y？/ww
如果/c我们/rr有/vyou人/n在/p顺境/n中/f珍惜/v我们/rr现有/v的/ude1资源/n，/wd加倍/d地/ude2努力/a，/wd付出/v十二分/m的/ude1努力/an，/wd是/vshi不/d是/vshi在/p对方/n眼中/s，/wd因为/c我们/rr有/vyou了/ule这些/rz良好/a的/ude1资源/n，/wd父母/n的/ude1关爱/vn，/wd因而/c即便/c我们/rr如何/ryv的/ude1努力/an，/wd我们/rr依然/d身处/s逆境/n呢/y？/ww
第二点/m，/wd对方/n辩/vg友/ng其实/d要/v告诉/v我们/rr的/ude1是/vshi说/v，/wd如果/c您/rr在/p逆境/n过程/n中/f，/wd能够/v激励/v您/rr的/ude1潜能/n，/wd所以/c我们/rr当/p看到/v一个/mq盲人/n要/v过/uguo马路/n的/ude1时候/n，/wd不/d应该/v去/vf帮助/v他/rr，/wd因为/c您/rr应该/v告诉/v他/rr，/wd黑暗/a的/ude1世界/n更/d有利于/v您/rr激发/v您/rr的/ude1潜能/n，/wd可是/c我们/rr如何/ryv能/v忍心/v呢/y？/ww
如果/c我们/rr看到/v处于/v战乱/n和/cc饥荒/n中/f的/ude1儿童/n的/ude1时候/n，/wd对方/n辩/vg友/ng也/d应该/v告诉/v大家/rr，/wd我们/rr不/d应该/v对/p他们/rr施/v以/p援/vg手/n，/wd因为/c我们/rr何尝/d忍/v心/n，/wd对/p他们/rr的/ude1帮助/vn让/v他们/rr转/v逆/vg为/p顺/a，/wd从而/c失去/v了/ule成长/vi的/ude1动力/n呢/y？/ww
所以/c今天/t对方/n辩/vg友/ng可以/v高呼/v说/v，/wd有/vyou许许多多/m伟大/a的/ude1人物/n，/wd他们/rr在/p逆境/n中/f成长/vi了/y，/wd没/d错/v，/wd他们/rr成长/vi得/ude3非常/d好/a，/wd但是/c我们/rr为什么/ryv对/p他们/rr心怀/v敬佩/v呢/y，/wd不/d正是/v因为/c他们/rr身/ng处/n逆境/n，/wd这样/rzv如此/rzv不/d利于/v我们/rr生存/vi的/ude1环境/n，/wd却/d能够/v创造/v出/vf生命/n的/ude1奇迹/n吗/y？/ww
但是/c我们/rr今天/t应该/v谈/v的/ude1是/vshi普普通通/z的/ude1老百姓/n嘛/y，/wd你/rr可以/v高呼/v逆境/n如何/ryv获取/v历/vg练/v，/wd但/c您/rr有/vyou什么/ry权利/n，/wd让/v我们/rr不/d去/vf追求/v幸福/a的/ude1生活/vn呢/y，/wd如果/c逆境/n让/v我们/rr有/vyou了/ule动力/n，/wd那/rzv是/vshi因为/p我们/rr顺境/n还/d拥有/v阳光/n，/wd谢谢/v！/wt
嘉宾/n点评/v杨振宁/nr（/wkz著/uzhe名/q学者/n，/wd诺贝尔/nrf物理/n奖/n获得者/n）/wky：/wm我/rr很/d高兴/a今天/t参加/v这个/rz辩论会/n。/wj
我/rr发现/v这个/rz题目/n选/v得/ude3很/d好/a，/wd因为/p两/m方面/n都/d可以/v有/vyou很/d有/vyou力量/n的/ude1材料/n可以/v讨论/vn。/wj
那么/c我/rr发现/v中山大学/nt跟/p世新/nr2大学/n的/ude18/a位/q也/d都/d是/vshi很/d有/vyou口才/n的/ude1。/wj
我/rr问/v我/rr自己/rr，/wd说/v是/vshi今天/t这个/rz辩论/vn的/ude1题目/n很/d有意思/al啊/y！/wt
假如/c要/v我/rr参加/v，/wd我/rr愿意/v参加/v哪/ry一面/n呢/y？/ww
这/rzv并/d不/d代表/v我/rr觉得/v你们/rr两/m方面/n哪/ry一方面/c讲/v的/ude1更/d成功/a。/wj
我/rr自己/rr想/v：/wm我/rr会/v参加/v逆境/n这/rzv一/m面/q。/wj
也/d可以/v说/v或者/c是/vshi可以/v这样/rzv讲/v，/wd从/p我/rr自己/rr的/ude1经验/n讲/v起来/vf，/wd逆境/n对/p我/rr的/ude1意义/n恐怕/d还要/d更/d大/a一点/m。/wj
逆境/n对于/p我/rr是/vshi什么/ry影响/v呢/y？/ww
有/vyou非常/d好/a的/ude1影响/vn。/wj
为什么/ryv呢/y？/ww
因为/c不/d受到/v纷扰/v，/wd对于/p应该/v做/v的/ude1事情/n，/wd应该/v念/v的/ude1书/n，/wd能够/v专心/a。/wj
今天/t我/rr跟/p美国/nsf的/ude1很多/m的/ude1年轻/a小孩/n接触/vn，/wd我/rr在/p大学/n教书/vi，/wd大学/n一年/m级/q的/ude1同学/n很多/m。/wj
他们/rr最/d大/a的/ude1一个/mq困难/a啊/y，/wd是/vshi他们/rr不/d能够/v集中/v。/wj
我/rr感觉/v到/v，/wd他们/rr不/d知道/v他们/rr将来/t是/vshi要/v做/v什么/ry事情/n？/ww
能够/v使得/vi他们/rr了解/v到/v：/wm世界/n不/d是/vshi一切/rz都/d是/vshi顺境/n，/wd这/rzv不/d是/vshi一个/mq很/d容易/a的/ude1事情/n。/wj
相反/vi，/wd在/p逆境/n之下/f，/wd年轻人/n容易/ad了解/v到/v什么/ry东西/n真正/d是/vshi有/vyou意义/n的/ude1，/wd什么/ry东西/n不/d是/vshi有/vyou意义/n的/ude1。/wj
我/rr个人/n的/ude1经历/n我/rr想/v了/ule想/v，/wd我/rr也/d经过/p逆境/n，/wd也/d经过/p顺境/n。/wj
所以/c假如/c我/rr要/v做/v一个/mq结论/n的/ude1话/n，/wd我/rr想/v顺境/n有/vyou顺境/n的/ude1好处/n，/wd逆境/n有/vyou逆境/n的/ude1好处/n。/wj
每/rz一个/mq年轻/a的/ude1人/n，/wd不管/c他/rr是/vshi在/p顺境/n，/wd还是/c在/p逆境/n，/wd如果/c他/rr能够/v抓/v住/vi当时/t的/ude1优点/n，/wd能够/v充分/ad利用/v的/ude1话/n，/wd那么/c我/rr想/v他/rr是/vshi两/m方面/n都/d得到/v好处/n了/y。/wj
假如/c我/rr要/v有/vyou一点点/m意见/n的/ude1话/n，/wd我/rr觉得/v平均/a大家/rr恐怕/d讲/v得/ude3太/d快/a一点/m。/wj
我/rr猜想/v你们/rr因为/c要/v辩论/vn，/wd所以/c有/vyou点/qt着急/a，/wd所以/c赶快/d要/v讲/v出来/vf。/wj
可是/c我/rr自己/rr觉得/v，/wd慢慢/d地/ude2讲/v出来/vf，/wd有时候/d这个/rz效率/n还要/d更/d大/a一点/m。/wj
总而言之/c，/wd我/rr很/d高兴/a今天/t看见/v了/ule这么/rz多/a的/ude1年轻人/n，/wd看见/v了/ule非常/d有/vyou辩才/n的/ude1一些/mq年轻人/n的/ude1反驳/vn的/ude1本领/n。/wj
我/rr觉得/v这个/rz节目/n办/v得/ude3很/d好/a。/wj
比赛/vn结果/n正方/n中山大学/nt队/n：/wm931分/t反方/n世/ng新/a大学/n队/n：/wm930分/t正方/n中山大学/nt队/n获胜/vi世/ng新/a大学/n队/n黄/nr1执/v中/f获得/v2003/m国际/n大专/n辩论会/nA/x组/n“/wyz最佳/z辩/vg手/n”/wyy称号/n；/wf中山大学/nt队/n获得/v2003/m国际/n大专/n辩论会/nA/x组/n冠军/n。/wj
