反方/n：/wm对方/n辩/vg友/ng，/wd险/ng是/vshi客观/n存在/v的/ude1，/wd你/rr又/d玩/v的/ude1时候/n还/d可以/v拿/v学生证/n打/v个/q半/m折/q，/wd险/ad可以/v打/v半/m折/q吗/y？/ww
第/m四/m关/n总结/v陈/nr1词/n反方/n：/wm首先/d指出/v对方/n辩/vg友/ng所/usuo犯/v的/ude1逻辑/n错误/n，/wd第一/m对/p方便/an又/d说/v，/wd凡是/d有/vyou价值/n的/ude1就/d应该/v鼓励/v，/wd这/rzv是/vshi一个/mq显然/a的/ude1错误/n。/wj
第二/m，/wd对方/n辩/vg友/ng都/d充满/v着/uzhe理想/a主义/n的/ude1色彩/n，/wd用/p很多/m宽泛/a的/ude1语言/n来/vf给/v我们/rr一个/mq看/v是/vshi合理/a的/ude1解释/vn，/wd却/d没有/v给/p我们/rr一/m条/q切切实实/z的/ude1符合/v我们/rr大学生/n自己/rr的/ude1探险/vn之/uzhi路/n，/wd这/rzv相当/d于/p给/p我们/rr建立/v了/ule一/m座/q美丽/a的/ude1空中/s花园/n，/wd却/d不/d给/p我们/rr一个/mq登/v天/qt之/uzhi梯/ng。/wj
今天/t我们/rr来说/uls大学生/n探险/vn不/d应该/v鼓励/v，/wd并/cc不/d是/vshi因为/p我们/rr是/vshi保守/a的/ude1卫道士/n，/wd因为/c我们/rr同/p一样/a有/vyou火/n一样/uyy的/ude1青春/n花/n一样/uyy的/ude1年华/n。/wj
我们/rr同样/d追求/v这种/r探险/vn精神/n，/wd我们/rr同样/d希望/v今天/t在/p大学/n校园/n里/f，/wd我们/rr能够/v激情/n燃烧/v，/wd青春/n岁月/n，/wd将来/t有朝一日/dl能够/v为/p国家/n承担/v栋梁之材/nl。/wj
我们/rr说/v大学生/n探险/vn不/d应该/v鼓励/v，/wd绝非/v因为/c我们/rr保守/a，/wd而是/c因为/c让/v我们/rr看到/v险/ng就/d在/p那里/rzs，/wd而/cc不仅仅/d是/vshi说/v山/n就/d在/p那里/rzs，/wd所以/c我们/rr不/d鼓励/v并/cc不/d表示/v反对/v，/wd更/d不/d表示/v禁止/v。/wj
而是/c说/v我们/rr应该/v客观/a的/ude1对待/v这/rzv件/q事物/n。/wj
谢谢/v反方/n：/wm我/rr来/vf回答/v刚才/t对方/n辩/vg友/ng提到/v的/ude1可行性/n的/ude1问题/n，/wd我们/rr说/v对方/n同学/n今天/t似乎/d有/vyou将/d探险/vi不断/d拔高/v不断/d窄/a花/n的/ude1情况/n下/f，/wd这/rzv似乎/d在/p他们/rr的/ude1脑子/n里/f面/n就/d只有/d登/v珠穆朗玛峰/ns才/d叫做/v探险/vn，/wd我们/rr说/v今天/t如果/c我们/rr有/vyou能力/n的/ude1话/n，/wd我们/rr可以/v先/d登/v陕西/ns太白/ns峰/ng，/wd这个/rz适合/v探险/vn得/ude3人/n是/vshi不/d是/vshi多/a了/ule一些/mq呢/y。/wj
对方/n同学/n还/d说/v不/d鼓励/v不/d代表/v禁止/v，/wd这/rzv点/qt我方/r同意/v，/wd但是/c这种/r不/d鼓励/v不/d禁止/v的/ude1隐藏/v的/ude1难道/d不/d是/vshi放任自流/vl的/ude1实质/n吗/y？/ww
原本/d认识/v到/v探险/vn之/uzhi利/n的/ude1同学/n继续/v成为/v孤独/a的/ude1勇士/n，/wd因为/c不/d鼓励/v，/wd原本/d没有/d认识/v到/v探险/vn之/uzhi利/n的/ude1同学/n，/wd都/d继续/v安/ag坐/v于/p教室/n之内/f，/wd向/p对方/n同学/n说/v的/ude1，/wd成为/v四体不勤/vl的/ude1表面/n书生/n，/wd同样/d因为/c不/d鼓励/v大学生/n只能/v眼睁睁/z的/ude1看/v着/uzhe这个/rz地球/n上/f的/ude1同龄人/n，/wd一/m次/qv次/a的/ude1攀登/vn，/wd一/m次/qv次/a的/ude1欢呼/vn，/wd而/cc内心/n却/d又/d刚刚/d开始/v的/ude1那/rzv一点点/m的/ude1羡慕/vn，/wd到/v最后/f面/n的/ude1完全/a麻木/a，/wd对方/n同学/n您/rr的/ude1观点/n能/v让/v我/rr放/v信服/v吗/y？/ww
我/rr方/d的/ude1观点/n是/vshi大学生/n探险/vi应该/v鼓励/v，/wd谢谢/v主席/n：/wm我们/rr曾经/d把/pba大学/n校园/n比喻/n成/v学生/n的/ude1象牙塔/n，/wd大学/n外面/f的/ude1围城/n里面/f给/p同学/n围/v出/vf了/ule一/m片/q非常/d自由/a自我/rr的/ude1天地/n。/wj
可是/c当/p我/rr和/cc一个/mq去/vf德国/nsf留学/v的/ude1同学/n交流/vn之后/f，/wd他/rr告诉/v我/rr，/wd他/rr在/p德国/nsf上/f大学/n的/ude1时候/n，/wd他/rr的/ude1学校/n根本/d就/d没有/v围墙/n。/wj
这/rzv让/v我/rr在/p惊诧/a之/uzhi余/ng也/d不由得/d联想/vi起/vf几/m个/q问题/n，/wd那/rzv就是/v我们/rr大学/n的/ude1围墙/n里/f究竟/d围住/v了/ule什么/ry？/ww
以及/cc我们/rr大学/n究竟/d该/v不/d该/v有/vyou围墙/n？/ww
下面/f就/d把/pba这个/rz问题/n送给/v现场/s的/ude1双方/n辩/vg手/n。/wj
我们/rr经过/p赛前/t的/ude1抽签/vn，/wd重庆/ns大学/n做/v为/p正方/n他们/rr的/ude1观点/n是/vshi大学/n应该/v有/vyou围墙/n。/wj
反方/n电子/n科技/n大学/n的/ude1同学/n他们/rr的/ude1观点/n是/vshi大学/n不/d应该/v有/vyou围墙/n。/wj
同样/d我们/rr本次/r比赛/vn分为/v四/m个/q环节/n，/wd每个/r环节/n单独/b记分/vn。/wj
以/p总分/n决出/v哪/ry只/q队伍/n可以/v进入/v下/vf一/m轮/qv的/ude1比赛/vn。/wj
好/a，/wd现在/t双方/n队员/n已经/d准备/v好/a了/y，/wd我们/rr首先/d进入/v第一/m个/q环节/n——/wp知己知彼/vl?/ww
?/ww
?/ww
主持人/n：/wm在/p知己知彼/vl这个/rz环节/n，/wd双方/n各/rz有/vyou一分/m钟/n的/ude1时间/n来/vf猜测/v对方/n的/ude1立论/vn。/wj
并且/c有/vyou三分/m钟/n的/ude1时间/n来/f进行/vx本/rz方/ng的/ude1立论/vn陈/nr1词/n。/wj
从/p正方/n开始/v?/ww
?/ww
?/ww
正方/n三/m辩/vg：/wm谢谢/v主持人/n。/wj
凡事/n皆/d有/vyou利弊/n，/wd围墙/n也/d不/d例外/vi。/wj
今天/t对方/n观点/n是/vshi大学/n不/d应有/v围墙/n，/wd就/d势必/d列举/v大量/m的/ude1围墙/n之/uzhi弊/ng，/wd以/p论证/v其/rz观点/n。/wj
因此/c我/rr方/d将/d从/p以下/f几/m个/q方面/n展开/v猜测/v：/wm第一/m，/wd围墙/n对内/d是/vshi过分/a的/ude1束缚/vn。/wj
大学生/n两/m耳/n不/d闻/v窗外/s事/n，/wd一心/d只/d读/v圣贤/n书/n。/wj
难以/d满足/v社会/n发展/vn的/ude1需要/n。/wj
从而/c难以/d实现/v学习/v书本/n知识/n与/cc投身/v社会/n实践/vn的/ude1统一/vn。/wj
第二/m，/wd大学/n对外/vn是/vshi阻碍/v排斥/v作用/n。/wj
大学/n与/cc外界/n的/ude1隔离/vn，/wd产生/v了/ule大学/n与/cc社会/n心理/n上/f的/ude1隔离/vn。/wj
这样/rzv的/ude1隔离/vn不/d利于/v大学/n文化/n的/ude1养成/vn与/cc文化/n互动/vn的/ude1统一/vn。/wj
第三/m，/wd国外/s不少/m著/q名/q大学/n都/d没有/v砖瓦/n垒/v成/v的/ude1围墙/n，/wd对方/n从而/c在/p趋势/n上/f论证/v围墙/n不/d应/v存在/v。/wj
综/ng上/f，/wd对方/n的/ude1攻击/vn，/wd我方/r将/d针对/p其/rz攻击/v展开/v我方/r的/ude1防守/vn反击/vn。/wj
希望/v今天/t的/ude1比赛/vn能够/v精彩/a纷/ag成/v，/wd谢谢/v。/wj
?/ww
?/ww
?/ww
主持人/n：/wm同样/d我们/rr邀请/v反方/n任意/d辩/vg手/n在/p一分/m钟/n时间/n之内/f来/vf猜测/v正方/n的/ude1理论/n，/wd请/v。/wj
?/ww
?/ww
?/ww
反方/n二/m辩/vg：/wm谢谢/v?/ww
各位/rr好/a。/wj
今天/t对方/n应该/v基于/p高等教育/nl的/ude1发展/vn理念/n对/p大学/n是否/v应当/v有/vyou围墙/n作出/v一个/mq肯定/a的/ude1价值/n判断/vn。/wj
现代化/vn大学/n发展/vn的/ude1趋势/n要求/v开放/v和/cc自由/an，/wd因此/c可能/v会/v对/p对方/n的/ude1论/ng定/v产生/v一定/b的/ude1不利/a。/wj
因此/c对方/n可能/v会/v以/p现存/v的/ude1比较/vn传统/n大学/n为/p对象/n，/wd在/p逻辑/n上/f突出/a围墙/n的/ude1有用/a性/ng，/wd泛/ag化/v大学/n围墙/n的/ude1功能/n，/wd强调/v客观/a环境/n的/ude1要求/n，/wd提出/v四/m个/q论点/n：/wm第一/m，/wd传统/n的/ude1教学/vn理念/n认为/v大学/n应该/v是/vshi独善其身/vl的/ude1象牙塔/n。/wj
对方/n可能/v会/v认为/v围墙/n的/ude1界定/vn功能/n会/v保/v一/m方/q净土/n，/wd创造/v一个/mq精英/n教育/vn的/ude1世外桃源/nl。/wj
第二/m，/wd在/p现阶段/t，/wd尤其/d是/vshi中国/ns，/wd围墙/n还/d被/pbei大多数/m人/n认为/v是/vshi一/m种/q有效/a的/ude1而且/c廉价/a的/ude1安全/an保护/vn工具/n。/wj
大学/n因/p其/rz重要/a的/ude1社会/n地位/n自然/d应当/v受到/v围墙/n的/ude1保护/vn。/wj
第三/m，/wd鉴于/p纷繁/a复杂/a的/ude1社会/n环境/n，/wd大学/n?/ww
特别/d是/vshi大学生/n的/ude1管理/vn还/d应当/v由/p大学/n来/vf实施/v。/wj
因此/c围墙/n协助/vd实现/v管理/vn，/wd甚至/d成为/v过滤器/n的/ude1功能/n不可或缺/al。/wj
第/m四/m，/wd对方/n会/v否认/v围墙/n所/usuo代表/v的/ude1封闭/vn理念/n，/wd同时/c认为/v围墙/n不/d会/v影响/vn开放/vn。/wj
利用/v传统/n潜意识/n对/p围墙/n的/ude1归属感/n和/cc依赖/v感/vg支撑/v自己/rr的/ude1观点/n。/wj
谢谢/v2/b楼/n主持人/n：/wm下面/f我们/rr请/v正方/n的/ude1任意/b选手/n进行/vx立论/vn陈/nr1词/n?/ww
