时间/n三分/m钟/n?/ww
请/v?/ww
正方/n一/m辩/vg：/wm谢谢/v主持人/n?/ww
大家/rr好/a?/ww
从古到今/dl拆/v墙/n与/cc建/v墙/n都/d与/p人类/n文化/n生活/vn息息相关/vl。/wj
而/cc大学/n是否/v应该/v有/vyou围墙/n不仅/c是/vshi关系/n学校/n安全/an需要/v的/ude1社会/n问题/n，/wd更/d是/vshi关乎/v大学/n精神/n重建/v的/ude1历史/n命题/n。/wj
所以/c大学/n是/vshi指/v培育/v人才/n、/wn研究/vn学术/n的/ude1地方/n。/wj
而/cc围墙/n则/d是/vshi只/d能/v起/vf到/v保护/vn和/cc防御/vn作用/n的/ude1有机/b系统/n。/wj
它/rr不仅/c包括/v用/p砖石/n、/wn河流/n、/wn树木/n、/wn电子仪器/n等/udeng构筑/v在/p大学/n周围/f的/ude1有/vyou型/ng围墙/n，/wd还/d包括/v为/p抵御/v外界/n不良/a思想/n浸染/vn学术/n所/usuo建立/v的/ude1坚强/a信念/n以及/cc为/v守护/v大学/n精神/n所/usuo形成/v的/ude1大学/n的/ude1规章制度/nl。/wj
这些/rz都/d形成/v了/ule无形/b的/ude1围墙/n。/wj
我方/r认为/v大学/n应该/v有/vyou围墙/n，/wd其/rz标准/n是/vshi看/v修筑/v围墙/n是否/v更/d有利于/v维系/v学校/n秩序/n、/wn守护/v大学/n精神/n、/wn以及/cc实现/v大学/n目标/n。/wj
首先/c，/wd大学/n围墙/n更/d有利于/v维系/v学校/n秩序/n。/wj
一方面/c，/wd有形/b的/ude1围墙/n是/vshi区别/n学校/n与/cc社会/n的/ude1重要/a标志/n。/wj
它/rr确保/v师生/n有/vyou相对/d安全/a的/ude1环境/n和/cc宁静/a的/ude1治学/vn天地/n。/wj
而/cc另一方面/c，/wd大学/n的/ude1各种/rz规章制度/nl所/usuo构成/v的/ude1无形/b围墙/n更/d能/v保证/v学校/n工作/vn的/ude1有序性/n、/wn学术/n研究/vn的/ude1畅通/a性/ng，/wd从而/c促进/v学校/n健康/an发展/vn。/wj
其次/c，/wd大学/n围墙/n更/d有利于/v守护/v大学/n精神/n。/wj
真理/n之上/f，/wd学术/n独立/an，/wd从来/d都/d是/vshi大学/n精神/n之/uzhi核心/n。/wj
然而/c随着/p商业/n大潮/n席卷/v而/cc来/vf，/wd学术/n独立性/n受到/v了/ule外界/n的/ude1严重/a干扰/vn。/wj
对/p真理/n的/ude1孜孜以求/bl遭到/v了/ule学术/n腐败/an的/ude1猛/x烈/a冲击/vn。/wj
因此/c，/wd主动/ad抵御/v外界/n不良/a思想/n入侵/v的/ude1信念/n犹如/v无形/b的/ude1围墙/n，/wd它/rr为/p大学/n精神/n穿/v上/vf了/ule免疫/vn的/ude1外衣/n，/wd使/v其/rz在/p纷繁/a复杂/a的/ude1环境/n中/f免/d受/v干扰/v?/ww
屹立/vi不/d倒/vi。/wj
再次/c，/wd大学/n围墙/n更/d有利于/v实现/v大学/n目标/n，/wd即/d培养/v人才/n科学研究/n服务/vn社会/n。/wj
如果/c围墙/n倒/d掉/v了/y，/wd人才/n培养/v的/ude1功利性/n、/wn学术/n研究/vn的/ude1浮躁/a性/ng将/d严重/ad阻碍/v大学/n目标/n的/ude1实现/vn。/wj
所以/c更/d应/v修筑/v无形/b的/ude1精神/n之/uzhi墙/n，/wd将/d浮躁/a功利/n?/ww
器物/n化/v思想/n挡/v在/p校园/n之外/f，/wd重/d归/v大学/n教育/vn?/ww
修身/vi齐家/v?/ww
治国/vi平/a天下/n之/uzhi本质/n。/wj
最后/f，/wd大学/n围墙/n作为/p有机/b的/ude1保护/vn和/cc防御/vn体系/n并/cc不/d是/vshi故步自封/vl束缚/vn发展/vn，/wd因为/c它/rr有/vyou门/n有/vyou窗/ng。/wj
通过/p门/n师生/n自由/ad进出/v，/wd学术/n纵横捭阖/nl，/wd所以/c我们/rr说/v打开/v门窗/n引入/v精华/n，/wd修筑/v围墙/n挡住/v糟粕/n。/wj
惟有/v这样/rzv，/wd大学/n才/d能/v正确/a的/ude1发展/vn。/wj
老子/nr曰/vg?/ww
服务/v芸芸/z?/ww
各/rz归/v其/rz根/n。/wj
扎根/v大学/n精神/n，/wd回归/v大学/n之/uzhi本/n，/wd大学/n应该/v有/vyou围墙/n，/wd谢谢/v大家/rr?/ww
主持人/n：/wm好/a，/wd感谢/v正方/n的/ude1一/m号/q选手/n。/wj
下面/f我们/rr请/v反方/n派出/v任意/d辩/vg手/n在/p三分/m钟/n之内/f进行/vx立论/vn陈/nr1词/n?/ww
请/v?/ww
反方/n一/m辩/vg：/wm谢谢/v主持人/n?/ww
大家/rr好/a?/ww
听/v完/vi对方/n立论/vi，/wd敬请/v在座/vi各位/rr思考/v几/m个/q问题/n。/wj
第一/m，/wd规章制度/nl能/v泛/ag化/v成/v围墙/n吗/y？/ww
第二/m，/wd围墙/n是/vshi一/m种/q有效/a的/ude1管理工具/n吗/y？/ww
第三/m，/wd围墙/n真的/d是/vshi一/m种/q廉价/a高效/b的/ude1安全/an保护/vn工具/n吗/y？/ww
这些/rz问题/n，/wd我/rr将/d在/p立论/vi时/ng一一/m作/v答/v。/wj
本题/n是/vshi一个/mq全称/n价值/n判断/vn。/wj
而/cc价值/n一定/d是/vshi主体/n需要/v与/p课题/n有用/a性/ng的/ude1统一/vn。/wj
因此/c判断/v大学/n应/v不/d应该/v有/vyou围墙/n应该/v从/p大学/n是否/v需要/v围墙/n以及/cc围墙/n是否/v满足/v大学/n有用/a性/ng两/m个/q层面/n加以/vx考虑/vn。/wj
我方/r认为/v大学/n不/d应该/v有/vyou围墙/n。/wj
第一/m，/wd就/p主体/n需要/v而言/uls，/wd大学/n的/ude1本质/n、/wn功能/n、/wn发展/vn规律/n决定/v了/ule大学/n不/d需要/v围墙/n。/wj
大学/n是/vshi培养/v人才/n进行/vx科研/n的/ude1高等教育/nl组织/n，/wd现在/t大学/n的/ude1发展/vn规律/n要求/v大学/n与/cc社会/n必须/d保持高度/n融合/v，/wd而/cc围墙/n是/vshi通过/p隔离/vd环绕/v阻挡/v形成/v封闭/v空间/n来/f进行/vx界定/vn隔离/vn和/cc保护/vn。/wj
大学/n围墙/n不/d是/vshi生来/d就/d有/vyou也/d不/d会/v永远/d存在/v。/wj
在/p中国/ns，/wd大学/n围墙/n作为/p历史/n上/f限制/v封锁/v画地为牢/vl与/cc孤芳自赏/vl教育/vn理念/n的/ude1体现/vn必/d与/p现代/t社会/n开放/vn交流/vn融合/vn的/ude1时代/n精神/n格格不入/vl。/wj
木/ng被/pbei围/v则/c成/v困/vi，/wd人/n被/pbei围/v就/d成/v了/ule囚/vg，/wd站/vi在/p传统/n的/ude1思维/n方式/n思考/v现在/t，/wd以/p中国/ns的/ude1局部/n代/q世界/n的/ude1整体/n能/v得/ude3出/vf正确/a的/ude1结论/n吗/y？/ww
第二/m，/wd就/p课题/n有用/a性/n而言/uls，/wd秦/nr1砖/n汉/tg瓦/n的/ude1时代/n已经/d过去/vf，/wd大学/n围墙/n原有/vn功能/n正在/d弱化/v，/wd而/cc副/b面/n作用/n却/d在/p增加/v。/wj
仅/d以/p保护/v为/p例/n，/wd刚才/t对方/n辩/vg友/ng谈/v到/v了/ule围墙/n的/ude1保护/vn功能/n，/wd可/v真/a的/ude1那么/rz有效/a吗/y？/ww
现代/t国家/n有/vyou没/d有/vyou围墙/n，/wd现代/t城市/n有/vyou没/d有/vyou围墙/n，/wd难道/d大学/n周围/f就/d一定/d是/vshi治安/n环境/n最/d混/x乱/a的/ude1地方/n吗/y？/ww
难道/d大学/n一定/d要/v画/n个/q圈/n把/pba自己/rr围/v起来/vf才/d能/v保护/v安全/an吗/y？/ww
要/v解决/v治安/n问题/n，/wd应该/v从/p加强/v学生/n管理/vn、/wn加强/v学生/n安全/an意识/n与/cc整治/vn周边/n环境/n这个/rz根本/n上/f入手/vi。/wj
修筑/v一道/d防/v君子/n不/d防/v小人/n的/ude1围墙/n，/wd只/d会/v由于/c满足/v了/ule心理/n安全感/n疏于/v防范/v而/cc带来/v更/d多/a的/ude1治安/n死角/n。/wj
大学/n不/d是/vshi围墙/n里/f的/ude1大学/n，/wd有人/r问/v我/rr，/wd为何/ryv对/p大海/n如此/rzv执/v着/uzhe，/wd我/rr说/v河/n有/vyou岸/n而/cc海/n无边/z。/wj
英国/ns思想家/n怀特/nrf海/n说/v大学/n学生/n应该/v站/vi起来/vf四面/f了/ule望/v，/wd大学/n不/d应该/v有/vyou围墙/n。/wj
谢谢/v?/ww
主持人/n：/wm在/p第一/m关/n知己知彼/vl的/ude1比赛/vn之后/f，/wd我们/rr请/v九/m位/q评委/n老师/n对/p两/m队/q的/ude1表现/vn进行/vx打分/vn。/wj
每/rz位/q老师/n可/v给/v出/vf的/ude1最高分/n数/m是/vshi30分/t，/wd请/v。/wj
现在/t第一/m关/n评分/vn结果/n已经/d出来/vf了/y，/wd让/v我们/rr看/v一下/mq正方/n在/p本轮/r的/ude1表现/vn如何/ryv?/ww
正方/n现在/t的/ude1得分/n是/vshi178分/t。/wj
下面/f让/v我们/rr来/vf看/v一下/mq九/m位/q评委/n老师/n为/p反方/n打/v出/vf的/ude1分数/n?/ww
反方/n先/d在/p的/ude1总/b得/ude3分/d是/vshi195分/t?/ww
马上/d进入/v第二/m轮/qv防守/vn反击/vn?/ww
在/p防守/v反击/v这个/rz环节/n每/rz对/p都/d有/vyou一分/m半/m钟/n的/ude1时间/n针对/p刚才/t对方/n的/ude1立论/vn进行/vx反驳/vn，/wd同时/c也/d有/vyou一分/m半/m钟/n的/ude1时间/n针对/p对方/n的/ude1反驳/vn进行/vx再/d一/m次/qv反驳/vn。/wj
我们/rr首先/d有请/vi反方/n的/ude1任意/d辩/vg手/n针对/p正方/n的/ude1立论/vn进行/vx反驳/vn，/wd时间/n一分/m半/m钟/n?/ww
有/vyou请/v?/ww
反方/n三/m辩/vg：/wm谢谢/v主席/n?/ww
各位/rr好/a?/ww
对方/n辩/vg友/ng今天/t告诉/v我们/rr大学/n围墙/n在/p维护/v学校/n秩序/n、/wn维护/v大学/n独立/a精神/n以及/cc实现/v大学/n目标/n方面/n有/vyou不可/v替代/v的/ude1作用/n。/wj
但是/c对方/n辩/vg友/ng今天/t显然/ad未能/v论证/vn大学/n应该/v有/vyou围墙/n这/rzv一/m全称/n价值/n判断/vn。/wj
