我们/rr要/v打破/v思想/n上/f的/ude1围墙/n，/wd让/v大家/rr更/d好/a地/ude2走/v多元化/vn的/ude1道路/n。/wj
对方/n又/d在/p告诉/v我们/rr说/v，/wd我们/rr的/ude1围墙/n是/vshi无形/b的/ude1。/wj
无形/b的/ude1东西/n是/vshi围墙/n吗/y？/ww
我们/rr照/v这样/rzv理解/v的/ude1话/n，/wd那/c我们/rr今天/t什么/ry都/d是/vshi围墙/n了/y。/wj
对方/n重庆/ns大学/n和/cc我们/rr学校/n的/ude1法学院/n是不是/v都/d应该/v改/v名叫/v围墙/n学院/n呢/y？/ww
是/vshi不/d是/vshi我们/rr都/d应该/v去/vf建筑/n系/v上/f学/v呢/y？/ww
而且/c对方/n又/d告诉/v我们/rr说/v我们/rr今天/t应该/v看到/v自身/rr环境/n的/ude1恶劣/a，/wd但是/c我们/rr要/v对/p自己/rr有/vyou信心/n嘛/y。/wj
斯坦福/nrf都/d可以/v没有/v围墙/n，/wd为什么/ryv电子/n科技/n大学/n不/d可以/v呢/y？/ww
谢谢/v4/ng楼/n主持人/n：/wm经过/p非常/d精彩/a的/ude1第二/m轮/qv防守/vn反击/vn之后/f，/wd我们/rr请/v九/m位/q评委/n老师/n为/p两/m支/q队伍/n的/ude1表现/vn进行/vx打分/vn。/wj
每/rz位/q老师/n可以/v打/v出/vf的/ude1最高分/n数/m是/vshi30分/t。/wj
现在/t评委/n评/v出/vf的/ude1分数/n已经/d揭晓/vi了/y。/wj
我们/rr看/v一下/mq正方/n的/ude1得分/n是/vshi360分/t。/wj
下面/f我们/rr看/v一下/mq反方/n在/p防守/v反击/v这/rzv一/m关/n究竟/d得到/v了/ule多少/ry分/qt，/wd请/v看/v?/ww
现在/t反方/n的/ude1总/b得/ude3分/d是/vshi383分/t。/wj
好/a?/ww
大家/rr一起/d进入/v第三/m关/n短兵相接/vl?/ww
我们/rr所/usuo说/v的/ude1这个/rz第三/m关/n短兵相接/vl其实/d就是/v我们/rr普通/a意义/n上/f的/ude1自由/a辩论/vn环节/n。/wj
双方/n各/rz有/vyou四分/m钟/n的/ude1时间/n陈述/v本/rz方/ng的/ude1观点/n。/wj
从/p正方/n开始/v?/ww
准备/v好/a了/y吗/y？/ww
四分/m钟/n计时/vi开始/v?/ww
正方/n四/m辩/vg：/wm对方/n辩/vg友/ng告诉/v我们/rr大学/n有/vyou围墙/n就/d是/vshi画地为牢/vl，/wd原来/d我们/rr八/m位/q都/d是/vshi穿着/n囚衣/n在/p这里/rzs搞/v辩论/v呢/y。/wj
中/b南/b大学/n1995年/m几/m公里/q的/ude1围墙/n修建/v之后/f校园/n交通事故/n下降/vi百分之九/m十/m以上/f。/wj
对方/n辩/vg友/ng这样/rzv的/ude1围墙/n要/v还/d是/vshi不要/d呢/y？/ww
?/ww
反方/n二/m辩/vg：/wm那么/rz湖南/ns大学/n没有/v围墙/n公共汽车/n可以/v在/p校园/n里/f穿行/vi是/vshi不/d是/vshi每天/r事故/n不断/d呢/y？/ww
康耐尔/nr大学/n、/wn加州/ns大学/n等/udeng一流/b的/ude1现代化/vn大学/n都/d具备/v开放/v融合/v共事/vi的/ude1特征/n。/wj
请问/v开放/v融合/v是/vshi不/d是/vshi建设/vn现代化/vn一流/b大学/n的/ude1必然/b要求/n和/cc趋势/n？/ww
?/ww
正方/n二/m辩/vg：/wm那/rzv对方/n辩/vg友/ng不/d知道/v湖南/ns大学/n自打/p修/v了/ule围墙/n之后/f校内/s交通事故/n减少/v了/ule百分之九/m十/m以上/f，/wd请问/v对方/n辩/vg友/ng对/p此/rzs有/vyou何/ry解释/v？/ww
?/ww
反方/n一/m辩/vg：/wm减少/v九十/m以上/f是/vshi因为/p以前/f很/d本/d就/d没有/v去/vf治理/v。/wj
为什么/ryv我们/rr不/d不要/d围墙/n直接/ad从/p很/d本/d上/vf治理/v，/wd把/pba交通事故/n减少/v到/v零/m呢/y？/ww
对方/n辩/vg友/ng没有/d正面/d回答/v实际上/d已经/d承认/v了/ule一流/b大学/n的/ude1特征/n就/d是/vshi开放/v交流/vn与/cc融合/vn，/wd那么/c我们/rr现代/t大学/n的/ude1发展/vn要/v不/d要/v本着/p开放/v交流/vn融合/vn的/ude1原则/n进行/vx呢/y？/ww
?/ww
正方/n三/m辩/vg：/wm那/c我/rr想/v请问/v对方/n辩/vg友/ng了/y，/wd开放/v交流/vn融合/vn是/vshi不/d是/vshi一定/d要/v和/cc保护/vn分别/d来/vf看/v对立/vi起来/vf呢/y？/ww
对方/n辩/vg友/ng今天/t开放/v地/ude2走/v到/v这里/rzs来/vf辩论/v是/vshi不/d是/vshi冲破/v了/ule围墙/n才/d来到/v北京/ns的/ude1呢/y？/ww
?/ww
反方/n三/m辩/vg：/wm我们/rr承认/v这/rzv一点/m，/wd当然/d就/d是/vshi冲破/v了/ule围墙/n。/wj
对方/n辩/vg友/ng既然/c已经/d承认/v了/ule开放/vn交流/vn才/d是/vshi现代/t大学/n应该/v追求/v的/ude1目标/n，/wd那/c我/rr请问/v您/rr了/y，/wd围墙/n是/vshi和/cc封闭/v还/d是/vshi开放/v连/ulian在/p一起/s呢/y？/ww
秦始皇/nr当年/t建/v长城/ns是/vshi为了/p加强/v对外/vd开放/v还是/c对/p内/f保卫/v呢/y？/ww
?/ww
正方/n一/m辩/vg：/wm对方/n这样/rzv无非/d是/vshi想/v证明/v有/vyou了/ule围墙/n我们/rr就/d束缚/v在/p里边/f了/y。/wj
可是/c我们/rr说/v可以/v开/v门/n开/v窗/ng嘛/y。/wj
就/d好比/v打/v个/q比方/n说/v今天/t我/rr穿/v衣服/n可以/v开/v扣子/n，/wd但/c对方/n辩/vg友/ng一/m说/v到/v开/v扣子/n就/d脱/v掉/v衣服/n这/rzv肯定/d不/d可能/v嘛/y?/ww
不/d对/p吧/y?/ww
所以/c说/v?/ww
反方/n二/m辩/vg：/wm对方/n同学/n说/v得/ude3好/a我们/rr要/v打开/v门/n，/wd可是/c对方/n辩/vg友/ng今天/t到/v底/f论证/v大学/n应该/v有/vyou门/n呢/y还/d是/vshi大学/n应该/v有/vyou围墙/n呢/y？/ww
偷/v换/v概念/n嘛/y。/wj
所以/c我们/rr说/v对方/n有/vyou两点/m，/wd第一点/m是/vshi他/rr不/d否认/v一流/b大学/n要/v开放/v。/wj
第二点/m他/rr没/v法/n解决/v开放/v与/p围墙/n存在/v的/ude1矛盾/an。/wj
所以/c我们/rr说/v大学/n不/d应该/v有/vyou围墙/n。/wj
斯坦福/nrf大学/n没有/v围墙/n，/wd斯坦福/nrf大学/n的/ude1校训/n是/vshi让/v自由/a之/uzhi风/n劲/ag吹/v。/wj
请/v告诉/v大家/rr让/v这/rzv股/q自由/a之/uzhi风/ng吹/v得/ude3更/d劲/ag，/wd没有/v大学/n的/ude1斯坦福/nrf是不是/v应当/v变成/v有/vyou围墙/n的/ude1斯坦福/nrf。/wj
?/ww
正方/n：/wm围墙/n它/rr是/vshi封闭/v而/cc不/d是/vshi保护/v吗/y？/ww
其实/d今天/t偷/v换/v概念/n的/ude1正是/v对方/n辩/vg友/ng。/wj
你们/rr口口声声/dl论述/v的/ude1无非/d是/vshi要/v在/p围墙/n上/f开/v门/n开/v窗/ng，/wd可是/c开/v了/ule门/n开/v了/ule窗/ng就/d等于/v不/d需要/v围墙/n的/ude1保护/vn作用/n了/y吗/y？/ww
?/ww
反方/n三/m辩/vg：/wm开/v门/n开/v窗/ng现代/t大学/n应该/v越加/d开放/v。/wj
这/rzv门/q是/vshi不/d是/vshi应该/v开/v得/ude3越/d大/a是/vshi不/d是/vshi应该/v开/v得/ude3越/d多/a呢/y？/ww
如果/c门/n开/v得/ude3越/d大/a越/d多/a围墙/n是/vshi不/d是/vshi也/d就/d不/d存在/v了/ule呢/y？/ww
对方/n辩/vg友/ng您/rr既然/c已经/d承认/v了/ule自由/a是/vshi现代/t大学/n应该/v秉承/v的/ude1理念/n，/wd那/c我/rr想/v请问/v您/rr了/y，/wd围墙/n所/usuo代表/v的/ude1封闭/vn管理模式/n能否/v适应/v自由/ad开放/v的/ude1要求/n呢/y？/ww
?/ww
正方/n三/m辩/vg：/wm今天/t对方/n说/v围墙/n代表/n了/ule封闭/vd压制/v，/wd那/c今天/t在/p孔子/nr眼里/s猛/x虎/n代表/n了/ule苛政/n，/wd您/rr是/vshi不/d是/vshi就/d要/v把/pba老虎/n都/d杀/v绝/ag呢/y？/ww
所以/c我们/rr眼光/n还要/d向/p前/f看/v。/wj
?/ww
反方/n二/m辩/vg：/wm孔子/nr也/d说/v了/ule君子/n周/nr1而/cc不/d比/v?/ww
小/a人/n比/p而/cc不/d周/qt。/wj
大学/n里/f到底/d是/vshi君子/n多/ad还是/v小/a人/n多/a呢/y？/ww
?/ww
正方/n四/m辩/vg：/wm对方/n辩/vg友/ng说/v不/d是/vshi围墙/n抓/v坏人/n，/wd其实/d是/vshi警察/n抓/v坏人/n。/wj
但是/c当/p一/m颗/q子弹/n飞来/v的/ude1时候/n是/vshi防弹衣/n挡住/v子弹/n还/d是/vshi你/rr的/ude1法律/n观念/n挡住/v子弹/n呢/y？/ww
?/ww
反方/n二/m辩/vg：/wm我们/rr当然/d的/ude1意思/n是/vshi让/v这个/rz子弹/n不要/d射/v出/vf来/vf嘛/y。/wj
对方/n现在/t已经/d承认/v了/ule围墙/n所/usuo代表/v的/ude1封闭/vn理念/n与/cc大学/n开放/v的/ude1精神/n格格不入/vl。/wj
而/cc对方/n如果/c不/d能/v证明/v围墙/n对于/p大学/n有用/a的/ude1话/n就/d无法/v论证/v自己/rr的/ude1观点/n，/wd请/v对方/n予以/vx证明/vn。/wj
正方/n四/m辩/vg：/wm对方/n辩/vg友/ng说/v今天/t大学/n有/vyou了/ule围墙/n就/d是/vshi束缚/vn。/wj
可是/c贵/a校/ng也/d有/vyou围墙/n不/d也/d走/v出/vf了/uleemlf/x的/ude1副/b总裁/n万明坚/nr与/p网页/n创始/vn人丁/n磊/nr1。/wj
他们/rr是/vshi如何/ryv被/pbei你们/rr束缚/v的/ude1呢/y？/ww
?/ww
反方/n一/m辩/vg：/wm如果/c我们/rr打破/v围墙/n，/wd我们/rr学校/n就/d更/d能够/v向/p世界/n一流/b大学/n的/ude1目标/n奋进/vi。/wj
