只要/c大学/n围墙/n仍/d是/vshi一/m种/q有效/a的/ude1保护/vn形式/n则/c我们/rr就/d需要/v大学/n围墙/n。/wj
再/d来/vf看/v余/m老师/n问/v的/ude1第二/m个/q问题/n，/wd他/rr问/v的/ude1其实/d是/vshi一个/mq内因/n与/cc外因/n的/ude1关系/n。/wj
我们/rr说/v大学/n的/ude1规章/n制度/n是/vshi一/m堵/q无形/b的/ude1围墙/n。/wj
为什么/ryv?/ww
那/rzv是/vshi因为/p只有/c规章制度/nl制定/v出来/vf之后/f，/wd内/f化/v到/v我们/rr每个/r人/n的/ude1心里/s形成/v我们/rr内心/n对/p大学/n精神/n的/ude1一/m种/q守护/vn。/wj
那/rzv才/d是/vshi一/m堵/q真正/b的/ude1大学/n围墙/n。/wj
大学/n之/uzhi道/n在/p明民德/nr?/ww
在/p亲/ng民/ng?/ww
在/p止/v于/p至/v善/ag。/wj
大学/n固然/c具有/v服务/vn社会/n与/cc引/v领/v社会/n的/ude1职能/n。/wj
但是/c如果/c大学/n之/uzhi道/n不/d以/p明民德/nr为/p基础/n，/wd它/rr必然/d不/d能/v勤/ad以为/v学/v?/ww
治/v以为/v道/qv保持/v大学/n自身/rr作为/v一个/mq文化/n机构/n的/ude1本性/n。/wj
这样/rzv大学/n谈/v何/ry服务/vn社会/n与/cc引/v领/v社会/n呢/y？/ww
大学/n曰/vg：/wm知/v之/uzhi而/cc后/f有/vyou定/v?/ww
定/v而/cc后/f能/v静/a?/ww
静/a而/cc后/f能/v安/ryv?/ww
安/ag而/cc后/f能/v律/vg?/ww
律/vg而后/d能/v得/v。/wj
大学/n有/vyou围墙/n方/d能/v知/v之/uzhi后/f有所/v得/v。/wj
今天/t大学/n围墙/n许/v你/rr我/rr一/m方/q净土/n，/wd明天/t这方/r净土/n许/v你/rr我/rr一个/mq未来/t?/ww
谢谢/v?/ww
主持人/n：/wm感谢/v双方/n辩/vg手/n?/ww
主席/n：/wm现如今/t，/wd孩子/n和/cc家长/n中间/f经常/d会/v出现/v一/m种/q怪圈/n：/wm家长/n插/v着/uzhe腰/n，/wd横/v眉/n竖/v目地/n看/v着/uzhe孩子/n，/wd一边/d看/v一/m边/k想/v，/wd这个/rz想/v不好/ad说/v，/wd我/rr唱/v一下/mq：/wm“/wyz怎么/ryv忍心/v怪/v你/rr犯/v了/ule错/n，/wd是/vshi我/rr给/p你/rr自由/a过/uguo了/ule火/n。/wj
”/wyy这时候/rzt孩子/n非常/d不/d甘心/v，/wd不/d情愿/v地/ude2瞥/v着/uzhe眼/n看/v着/uzhe家长/n，/wd心里/s唱/v：/wm“/wyz其实/d你/rr不/d懂/v我/rr的/ude1心/n。/wj
”/wyy这种/r情况/n的/ude1出现/vn究竟/d是/vshi源于/v何处/rys呢/y？/ww
是/vshi不/d是/vshi源于/v我们/rr经常/d说/v的/ude1那/rzv两/m个/q字/n——/wp“/wyz代沟/n”/wyy呢/y？/ww
这个/rz代沟/n的/ude1存在/vn又/d会/v不/d会/v影响/v到/v对/p子女/n的/ude1教育/vn？/ww
这/rzv就/d引出/v了/ule今天/t的/ude1辩/vg题/n：/wm正方/n——/wp代沟/n不/d影响/v子女/n教育/vn，/wd反方/n——/wp代沟/n不利于/v子女/n教育/vn。/wj
正方/n四/m辩/vg：/wm谢谢/v主持人/n，/wd大家/rr好/a，/wd今天/t反方/n的/ude1观点/n认为/v代沟/n不利于/v子女/n教育/vn，/wd我方/r冒昧/a地/ude2揣测/v，/wd对方/n将/d从/p五/m个/q方面/n来/f进行/vx论述/vn其一/rz，/wd将/p代沟/n理解/v为/v由于/p代际/n之间/f的/ude1差异/n，/wd而/cc必然/n所/usuo导致/v的/ude1一/m种/q排斥/v和/cc冲突/vn，/wd其/rz二/m，/wd代沟/n造成/v了/ule父母/n的/ude1权威/n丧失/v，/wd父母/n的/ude1教育/vn作用/n，/wd不/d能/v很/d好/a地/ude2发挥/v，/wd第三/m，/wd为/p沟通/v不便/an而/cc大/a诉苦/vi水/n，/wd认为/v代沟/n阻碍/v了/ule沟通/vn，/wd使得/vi子女/n教育/vn产生/v了/ule不利/a，/wd第四/m，/wd代沟/n的/ude1存在/vn，/wd阻碍/v了/ule传统/n的/ude1文化/n，/wd主流/n意识形态/nl的/ude1传承/vn和/cc发扬/v，/wd其/rz五/m，/wd大/d谈/v代沟/n造成/v的/ude1教育/vn失败/vi的/ude1危害/vn，/wd如/v孩子/n缺乏/v良好/a的/ude1行为/n习惯/n，/wd最终/d沾染/v上/vf了/ule一些/mq社会/n的/ude1不良/a习气/n，/wd将/p所有/b的/ude1这些/rz危害/vn，/wd归罪/vi二/m代/q沟/n，/wd除了/p以/p上/f几/m点/qt，/wd不知/v对方/n还/d有/vyou何/ry高见/n还/d请/v多多/d指教/v，/wd谢谢/v反方/n一/m辩/vg：/wm刚才/t主持人/n描述/vn的/ude1那样/rzv一个/mq场景/n，/wd相信/v我们/rr都/d经历/v过/uguo，/wd所以/c对于/p我们/rr一般/a人/n来说/uls，/wd代沟/n不/d影响/v子女/n教育/vn，/wd多少/ry是/vshi有/vyou悖/vg常理/n的/ude1所以/c我方/r认为/v今天/t对方/n辩/vg友/ng有/vyou可能/n试图/v通过/p辩/vg题/n的/ude1一些/mq技巧/n上/f的/ude1处理/vn来/f论证/v他方/n的/ude1观点/n，/wd首先/d影响/v人/n包括/v积极/ad影响/v和/cc消极/a的/ude1影响/vn，/wd但/c对方/n辩/vg友/ng有/vyou可能/n直接/ad将/d不/d影响/v等同/vi于/p没/d有/vyou消极/a影响/vn，/wd并且/c将/p代沟/n定义/n为/p代际/n之间/f的/ude1差异/n而已/y，/wd认为/v并/cc异/ag是/vshi中性/n的/ude1，/wd所以/c不/d影响/v，/wd而/cc把/pba所有/b的/ude1负面/b因素/n都/d归咎/vi于/p教育/vn方式/n的/ude1不/d合理/a，/wd和/cc其他/rzv教育/vn环节/n和/cc失误/vn，/wd其次/c子女/n教育/vn其实/d也/d包括/v宏观/n和/cc微观/n两/m个/q层面/n，/wd但/c对方/n辩/vg友/ng也/d有/vyou可能/n直接/ad忽略/v了/ule个体/n影响/vn。/wj
忽略/v了/ule总/b全体/n上/f的/ude1影响/vn，/wd直接/ad论证/v最终/b的/ude1效果/n没有/d影响/v，/wd认为/v虽然/c代沟/n存在/v，/wd但是/c子女/n依旧/z成长/vi，/wd家庭/n依旧/z和睦/a，/wd社会/n依旧/z发展/vn，/wd好/a了/y，/wd以上/f便是/v我方/r的/ude1猜测/vn，/wd希望/v也/d能/v听到/v对方/n一些/mq新/a的/ude1思路/n，/wd谢谢/v正方/n一/m辩/vg：/wm主持人/n，/wd大家/rr好/a，/wd正如/v我方/r所/usuo料/v，/wd刚才/t对方/n辩/vg友/ng在/p猜测/v我方/r的/ude1立论/vn中/f，/wd正是/v误解/v了/ule代沟/n的/ude1含义/n，/wd这/rzv不赖/a对方/n辩/vg友/ng，/wd因为/p通常/b人们/n一/m提到/v代沟/n，/wd便/d会/v想到/v因/p成长/vn背景/n，/wd生活/vn阅历/n，/wd和/cc所/usuo扮演/v的/ude1角色/n不同/a，/wd而/cc造成/v的/ude1两/m代/q，/wd在/p看待/v事物/n，/wd处理/v问题/n的/ude1差异/n，/wd矛盾/an甚至/d冲突/vi，/wd因为/c对待/v代沟/n，/wd多半/d是/vshi消极/a的/ude1，/wd正/d如/v对方/n辩/vg友/ng坚持/v的/ude1，/wd代沟/n不利/a二/m子女/n教育/vn一样/uyy，/wd正是/v印证/v了/ule这样/rzv的/ude1观点/n，/wd然而/c我方/r认为/v代沟/n并非/v不/d利于/v子女/n教育/vn，/wd所以/c我方/r坚持/v代沟/n不/d影响/v子女/n教育/vn，/wd首先/c，/wd方义/nr的/ude1说/v代沟/n不仅/c表现/v在/p家庭/n内部/f间/f的/ude1代际/n差异/n，/wd而且/c它/rr映衬/v着/uzhe时代/n的/ude1变迁/vn，/wd以/p农业/n文明/n为/p基础/n的/ude1封建社会/nl及/cc数十年/m如/v一/m代子承/nr父/ng业/ng，/wd代际/n之间/f的/ude1差异/n微乎其微/vl，/wd而/cc现今/t的/ude1中国/ns，/wd一百年/m的/ude1历史/n沧桑/n，/wd代际/n间/f的/ude1差异/n日渐/d凸显/v，/wd且/c呈周期/n式/k缩短/v，/wd代沟/n所/usuo反映/v出来/vf的/ude1两/m代/q人/n之间/f的/ude1差异/n，/wd乃是/v子女/n教育/vn中/f的/ude1积极/a因素/n，/wd试想/v如果/c子女/n与/cc父母/n完全/ad相同/a了/y，/wd那么/rz孩子/n又/d能/v从/p父母/n那里/rzs学/v到/v什么/ry呢/y，/wd孩子/n心智/n成长/vi，/wd又/d怎么/ryv可能/v丰富/a，/wd怎么/ryv可能/v得到/v开拓/v呢/y，/wd反过来/d看/v，/wd年轻/a一代/n对/v等/udeng新/a事物/n的/ude1驾轻就熟/vl，/wd可以/v对/p老/a一代/n人/n，/wd进行/vx反哺/vn教育/vn，/wd从而/c实现/v共同/b的/ude1进步/vn与/cc提高/v，/wd第三/m，/wd代沟/n所/usuo中/v反映/v出来/vf的/ude1子女/n与/cc父母/n的/ude1差异/n，/wd不/d应/v简单/a地/ude2看作/v是/vshi一/m种/q叛逆/n，/wd因为/c它/rr昭示/v着/uzhe年轻/a一代/n独立性/n，/wd自主性/n，/wd创造性/n的/ude1萌芽/vn，/wd这/rzv中间/f蕴藏/v着/uzhe多少/ry难能可贵/vl的/ude1需要/n我们/rr精心/ad呵护/v的/ude1东西/n呀/y，/wd当然/d，/wd如果/c对/p代沟/n处理/v得/ude3不好/a将/d可能/v激化/v其中/rz的/ude1矛盾/an与/cc差异/n，/wd因而/c将/d对/p子女/n的/ude1教育/vn产生/v不利/a影响/vn，/wd第四/m，/wd人们/n之所以/c对/p代沟/n持/v一/m种/q消极/a的/ude1认识/n。/wj
是/vshi因为/p父母/n把/pba对待/v子女/n教育/vn中/f的/ude1失败/vi归结/vi为/p代沟/n所/usuo造成/v的/ude1，/wd其实/d不/d利于/v子女/n教育/vn的/ude1因素/n有/vyou很多/m，/wd诸如/v父母/n的/ude1教育/vn理念/n，/wd教育/vn手段/n，/wd和/cc教育/vn方法/n不/d当/v等等/udeng，/wd总之/c我方/r认为/v代沟/n是/vshi一/m种/q客观/a现象/n，/wd它/rr本身/rz无所谓/vl有利/a或/c是/vshi不/d利于/v而是/c要/v看/v我们/rr用/v什么样/ryv的/ude1方法/n什么样/ryv的/ude1手段/n去/vf看待/v它/rr，/wd使/v它/rr成为/v教育/vn子女/n的/ude1有利/a因素/n，/wd所以/c综上所述/c，/wd我方/r的/ude1观点/n是/vshi，/wd代沟/n不/d影响/v子女/n教育/vn，/wd谢谢/v反方/n一/m辩/vg：/wm听/v了/ule对方/n的/ude1立论/vn，/wd我们/rr发现/v对方/n正/d如/v我方/r所/usuo猜测/v的/ude1那样/rzv，/wd把/pba代沟/n的/ude1负面影响/n都/d归结/vi于/p教育/vn方式/n，/wd教育/vn理念/n的/ude1错误/n，/wd其实/d我/rr想/v在/p坐/v的/ude1各位/rr也许/d都/d曾经/d因为/p父母/n与/cc子女/n之间/f横亘/v的/ude1那/rzv条/q代沟/n，/wd而/cc使/v得/ude3自己/rr大/d伤脑筋/vi，/wd而/cc我们/rr现/tg以/p对/p代沟/n的/ude1理解/vn，/wd又/d是/vshi方方面面/n的/ude1，/wd但是/c究/vg其/rz核心/n，/wd当/p代沟/n进入/v到/v了/ule子女/n教育/vn的/ude1领域/n，/wd则/c体现/v为/p不同/a代/q人/n之间/f，/wd价值/n观念/n，/wd行为/n取向/n，/wd和/cc思维/n方式/n的/ude1互不/d认同/v，/wd和/cc缺乏/v理解/v，/wd而/cc代沟/n今天/t之所以/c会/v成为/v我们/rr共同/d关注/v的/ude1话题/n，/wd恰恰/d是/vshi因为/p它/rr正/d困扰/v着/uzhe许多/m正/d在/p培养/v着/uzhe青少年/n子女/n的/ude1家庭/n，/wd所以/c以下/f我们/rr关注/v的/ude1话题/n就/d必将/d把/pba焦点/n集中/ad于/p，/wd父母/n对/p青少年/n子女/n之间/f的/ude1这种/r教育/vn关系/n，/wd我方/r认为/v代沟/n不利于/v子女/n的/ude1教育/vn，/wd是/vshi因为/p代沟/n一旦/d进入/v子女/n教育/vn的/ude1环节/n，/wd必然/d动摇/v甚至/d是/vshi摧毁/v了/ule子女/n教育/vn的/ude1三/m大/a前提/n，/wd我们/rr先/d看/v前提/n一/m，/wd教育/vn目标/n的/ude1正确/a选择/vn，/wd天下/n的/ude1父母/n都/d有/vyou自己/rr的/ude1期望/vn和/cc价值观/n，/wd而/cc天上/s的/ude1子女/n也/d有/vyou自己/rr的/ude1理想/n，/wd和/cc对/p未来/t的/ude1憧憬/vn，/wd但是/c当/p孩子/n想/v要/v走/v的/ude1路/n和/cc父母/n想/v要/v走/v的/ude1路/n不/d一样/uyy的/ude1时候/n，/wd一个/mq想/v往/p左/f走/v，/wd一个/mq想/v往/p右/f走/v，/wd这个/rz时候/n，/wd不仅/c孩子/n无所适从/vl，/wd而且/c父母/n也/d彷徨/vi无/v措/vg，/wd而且/c父母/n由于/c生活/vn阅历/n的/ude1增加/vn，/wd越来越/d现实/a了/y，/wd他们/rr不/d想/v孩子/n多/m走弯路/vl，/wd但是/c孩子/n却/d依旧/z固守/v于/p自己/rr理想/a的/ude1世界/n。/wj
