这个/rz本来/d就是/v生命/n的/ude1可悲/a之/uzhi处/n！/wt
人生/n中/f我们/rr在场/vi每/rz一个/mq人/n，/wd有/vyou谁/ry没有/d失败/vi过/uguo？/ww
有/vyou谁/ry没有/d失恋/vi过/uguo？/ww
有/vyou谁/ry没有/d受挫/vi过/uguo呢/y？/ww
所以/c对方/n辩/vg友/ng他/rr是/vshi错/v把/pba这个/rz生命/n的/ude1可悲/a来/vf论证/v说/v，/wd生命/n不/d能/v重/v来/vf是/vshi可悲/a的/ude1----/m虽然/c大家/rr很/d熟/a，/wd但是/c我/rr还是/d要/v说/v一/m说/v，/wd就是/d偷/v换/v概念/n的/ude1！/wt
那/rzv，/wd我们/rr为什么/ryv说/v，/wd生命/n我们/rr为什么/ryv说/v他/rr假设/v说/v，/wd到底/d如果/c，/wd对方/n在/p没有/d假设/v说/v生命/n重/v来/vf就/d一定/d会/v更/d好/a的/ude1情况/n下/f，/wd如何/ryv够/v论证/v说/v，/wd生命/n不/d能/v重/v来/vf就/d一定/d是/vshi可悲/a的/ude1呢/y？/ww
我们/rr假设/v一下/mq，/wd如果/c生命/n能够/v重/a来/f有/vyou三/m个/q结果/n吧/y，/wd我们/rr用/v在/p刚/ag才思/n渊/ng的/ude1那个/rz结果/n：/wm第一/m个/q结果/n是/vshi更/d好/a的/ude1结果/n，/wd第一/m个/q结果/n是/vshi更/d好/a的/ude1结果/n说/v，/wd他/rr可以/v跟/p他/rr的/ude1女朋友/n重新/d在/p一起/s。/wj
可是/c各位/rr想/v一/m想/v，/wd如果/c说/v这个/rz女孩子/n可以/v重新/d跟/p他/rr在/p一起/s，/wd那么/c如果/c说/v这个/rz女孩子/n本身/rz还有/v另外/rz一个/mqB/x君/ng也/d喜欢/vi她/rr，/wd被/pbei思渊/nr2抢/v了/ule回去/v，/wd那么/c那/rzv个/q人/n他/rr想/v不/d想/v也/d要/v重/v来/vf多/m一/m遍/qv？/ww
那么/c如果/c说/v再/d重/v来/vf多/m一/m遍/qv，/wd这个/rz女孩子/n被/pbeiB/x君/ng抢/v了/ule回去/v，/wd那么/c思渊/nr2要/v不/d要/v又/d重/v来/vf多/m一/m遍/qv呢/y？/ww
一/m遍/qv又/d一/m遍/qv，/wd人生/n这个/rz轮回/vn是/vshi多么/d的/ude1痛苦/a啊/y！/wt
第二/m种/q结果/n可能/v是/vshi更/d坏/a的/ude1结果/n，/wd就是/v这个/rz女生/n还是/c没有/d选择/v思渊/nr2，/wd你/rr看/v，/wd痛苦/a一/m次/qv已经/d够/v了/y，/wd失恋/vi一/m次/qv已经/d够/v了/y，/wd失恋/vi一/m次/qv再/d要/v失恋/vi多/m第二/m次/qv，/wd这个/rz可能/n是/vshi有点/d特别/a的/ude1自虐/vi的/ude1倾向/n。/wj
第三/m种/q比较/d可悲/a的/ude1结果/n就/d是/vshi呢/y-----/m保持/v原状/n，/wd没有/d改变/v！/wt
那/rzv，/wd保持/v原状/n没有/d改变/v的/ude1话/n呢/y，/wd生命/n你/rr要/v它/rr再/d重/v来/vf干/v嘛/y呢/y？/ww
不断/d的/ude1重复/vn的/ude1干/a嘛/y呢/y？/ww
所以/c刚才/t一/m鸣/vg讲/v的/ude1好/a啊/y，/wd我们/rr要/v往/p前/f看/v，/wd那么/rz99年/m那场/r大专/n辩论会/n，/wd渐/d彪/q输/v了/ule给/p路/n一/m鸣/vg没关系/vl，/wd如果/c说/v还是/c坚持/v往/p回/v看/v的/ude1话/n呢/y，/wd渐/d彪/q他/rr的/ude1人生/n中/f就/d只/d有/vyou一/m个/q男人/n叫做/v路/n一/m鸣/vg，/wd一/m鸣/vg的/ude1人生/n中/f也/d只/d有/vyou一个/mq胡/d渐/d彪/q。/wj
所/usuo幸/vg，/wd大家/rr都/d看/v开/v了/y！/wt
谢谢/v！/wt
【/wkz自由/a辩论/vn】/wky正方/n---/m路/n一/m鸣/vg：/wm反方/n三/m辩/vg你/rr说/v错/v了/y，/wd我/rr生命/n中/f不/d止/v只有/c胡/nr1渐/d彪/q。/wj
我/rr想/v请问/v黄/nr1执/v中/f，/wd你/rr为什么/ryv要/v找/v女朋友/n呢/y？/ww
反方/n---/m黄/nr1执/v中/f：/wm所以/c坦白/v说/v，/wd我们/rr讲/v人/n的/ude1开/v得/ude3开/v看/v不/d开/v这/rzv件/q事情/n就/d是/vshi一/m件/q看/v不/d开/v。/wj
所以/c，/wd我们/rr今天/t来/f打/v辩论/vn也/d是/vshi都/d是/vshi有/vyou一点/m看/v不/d开/v，/wd所以/c我们/rr比赛/v才/d会/v有/vyou输赢/n的/ude1痛苦/an！/wt
你/rr看/v，/wd所有/b看/v不/d开/v的/ude1都/d有/vyou痛苦/an，/wd看/v开/v了/ule都/d没/v痛苦/an。/wj
正方/n---/m胡/nr1渐/d彪/q：/wm如果/c根本/d是/vshi看/v得/ude3开/v，/wd那/rzv喜/v悲/ag本来/d就/p一体/n，/wd那/c你/rr的/ude1可喜/a在/p哪里/rys呢/y？/ww
反方/n---/m马薇薇/nr：/wm看/v得/ude3开/v也/d不/d等于/v喜/v悲/ag一体/n，/wd我们/rr说/v不/d悲/ag不/d喜/v、/wn不/d泯/vg不/d灭/v。/wj
正方/n---/m黄聪涵/nr：/wm说/v得/ude3好/a，/wd说/v得/ude3好/a，/wd是/vshi不/d悲/ag不/d喜/v，/wd那么/c你/rr的/ude1可喜/a在/p哪里/rys呢/y？/ww
反方/n---/m马薇薇/nr：/wm这个/rz时候/n就/d已经/d不/d是/vshi在/p探讨/v我/rr个人/n的/ude1问题/n，/wd我们/rr是/vshi在/p探讨/v劝/v大家/rr大多/d看/v不/d开/v的/ude1人/n应该/v这样/rzv做/v。/wj
正方/n---/m胡/nr1渐/d彪/q：/wm所以/c对方/n对方/n说/v的/ude1是/vshi，/wd他/rr固然/c有/vyou可悲/a，/wd不/d过/uguo他们/rr选择性/n看/v开/v我们/rr提/v出来/vf的/ude1可悲/a；/wf他们/rr也/d有/vyou可喜/a，/wd不/d过/uguo他们/rr却/d选择性/n保留/v那些/rz可喜/a，/wd他们/rr不/d要/v看/v开/v-----/m你/rr这个/rz看/v得/ude3开/v、/wn看/v不/d开/v未免/d有点/d双边/n论证/v呢/y？/ww
反方/n---/m马薇薇/nr：/wm其实/d悲喜/n本身/rz就/d是/vshi主观/a的/ude1行为/n。/wj
上/f天/qt赋予/v我们/rr的/ude1，/wd无论是/c痛苦/a、/wn灾难/n、/wn亦/d或/c幸福/a，/wd哪/ry由/p得/v我们/rr选择/v，/wd我们/rr脆弱/a的/ude1人类/n能/v做/v的/ude1就是/d尽可能/d的/ude1选择/vn自己/rr的/ude1心态/n。/wj
正方/n---/m陈思渊/nr：/wm对方/n辩/vg友/ng，/wd那/rzv如果/c喜/v悲/ag真的/d是/vshi自己/rr主观/a的/ude1感受/vn的/ude1时候/n，/wd那/rzv我方/r也/d可以/v判断/v，/wd凡是/d看/v开/v的/ude1人/n真/d可悲/a，/wd竟然/d一点/m竞争/vn心/n都/d没有/v！/wt
反方/n---/m黄/nr1执/v中/f：/wm今天/t我们/rr要/v强调/v一下/mq，/wd我们/rr已经/d说/v过/uguo了/y，/wd这个/rz题目/n我们/rr讨论/v的/ude1可喜/a不/d是/vshi开/vparty/x的/ude1那种/r喜/v，/wd佛祖/n拈/v花/n微笑/vi，/wd认清/v到/v生命/n的/ude1本质/n，/wd因而/c感受/v到/v平稳/a、/wn安宁/a-----/m这/rzv就/d是/vshi一/m种/q喜/v。/wj
正方/n---/m路/n一/m鸣/vg：/wm佛祖/n如果/c那么/rz开心/a的/ude1可喜/a，/wd他/rr还/d有/vyou资格/n做/v佛祖/n吗/y？/ww
对不起/v，/wd对方/n刚才/t描述/v的/ude1所有/b的/ude1状态/n，/wd那个/rz叫/vi悟/vg，/wd不/d叫/vi喜/v！/wt
反方/n---/m马薇薇/nr：/wm对/p佛祖/n的/ude1不/d开/v心/n不/d源自/v于/p他/rr自身/rr的/ude1执/v着/uzhe，/wd而是/c他/rr替/p普/ag罗/b大众/n而/cc感到/v苦/an，/wd而/cc他/rr为什么/ryv感到/v苦/an，/wd因为/c人类/n欲望/n永不/d断绝/v，/wd而/cc不/d在于/v生命/n不/d可/v重/v来/vf。/wj
正方/n---/m黄聪涵/nr：/wm对/p，/wd所以/c他/rr断绝/v了/ule欲望/n他/rr只能/v叫做/v悟/vg，/wd他/rr也/d叫/vi做/v不/d悲/ag不/d喜/v----/m那/rzv如果/c是/vshi不/d悲/ag不/d喜/vd就是/v您/rr方/q立场/n也/d不能/v成立/vi，/wd我方/r立场/n也/d不能/v成立/vi，/wd那/rzv双方/n一起/s看/v开/v，/wd是/vshi这样/rzv子/ng吗/y？/ww
反方/n---/m凌国文/nr：/wm我/rr其实/d不/d是/vshi佛教徒/n哦/e，/wd那/c我/rr谈谈/v人生/n。/wj
刚才/t对方/n也/d提到/v生命/n中/f有/vyou失败/vi啊/y，/wd挫败/v啊/y，/wd懊恼/v啊/y，/wd那/rzv这些/rz生命/n中/f不/d能/v挽回/v的/ude1事实/n，/wd请问/v呢/y，/wd它/rr是/vshi不/d能/v挽回/v的/ude1苦/a呢/y还/d是/vshi生命/n本身/rz的/ude1苦/a呢/y？/ww
正方/n---/m胡/nr1渐/d彪/q：/wm因为/c不/d能/v挽回/v，/wd所以/c就/d形成/v我/rr终生/d之/uzhi恨/v！/wt
请问/v你/rr，/wd终生/m之/uzhi恨/v算/v不/d算/v可悲/a？/ww
反方/n---/m马薇薇/nr：/wm算/v。/wj
正方/n---/m胡/nr1渐/d彪/q：/wm谢谢/v你/rr，/wd你/rr已经/d承认/v了/ule终生/m之/uzhi恨/v算是/v一/m种/q可悲/a。/wj
我/rr还/d没有/d说/v完/vi。/wj
第二/m，/wd我/rr想/v问/v你/rr，/wd造成/v的/ude1错误/n无法/vd弥补/v，/wd这种/r懊恼/v又/d算/v不/d算/v一/m种/q可悲/a呢/y？/ww
