但是/c我/rr想/v请问/v对方/n同学/n，/wd你们/rr真/a的/ude1认为/v这些/rz人/n是/vshi英雄/n吗/y？/ww
第二/m，/wd从/p失败/vi的/ude1方面/n看/v，/wd如果/c失败/vi了/ule就/d不/d是/vshi英雄/n，/wd我们/rr又/d可以/v得出/v结论/n。/wj
荆轲/nr不再/d是/vshi英雄/n，/wd因为/c他/rr舍身/d入/v秦/tg的/ude1两/m大/a目标/n：/wm刺杀/v嬴/ng政/ng和/cc逼/v秦/tg议和/vi均/d以/p失败/vi告终/vi。/wj
布鲁诺/nrf也/d不再/d是/vshi英雄/n，/wd因为/c他/rr既/c未/d能/v说服/v当时/t的/ude1民众/n相信/v日/b心/n说/v，/wd也/d没/d能/v逃脱/v宗教/n裁判/n所/q的/ude1追捕/vn。/wj
中山/ns先生/n自/p辛亥革命/nz之后/f就/d更/d称/v不/d上/vf一个/mq英雄/n了/y，/wd二/m次/qv革命/vn失败/vn，/wd护国运动/n失败/vi，/wd护法/v运动/vn还/d是/vshi失败/vi，/wd总理/n遗嘱/n不/d是/vshi也/d说/v：/wm“/wyz革命/vn尚未/d成功/a，/wd同志/n仍/d须/d努力/a”/wyy吗/y？/ww
但是/c我/rr还要/d请问/v对方/n同学/n，/wd他们/rr真的/d不/d是/vshi英雄/n吗/y？/ww
第三/m，/wd把/pba成败/n综合/vd起来/vf看/v，/wd成败/n作为/v相对/vi的/ude1概念/n总是/d存在/v于/p一定/b的/ude1竞争/vn之中/f的/ude1，/wd竞争/v一/m方/q的/ude1成/v，/wd就/d意味着/v另/rz一/m方/q的/ude1败/vi。/wj
于是/cc我们/rr可以/v得出/v第三/m个/q结论/n，/wd任何/rz竞争/vn的/ude1结果/n都/d是/vshi一/m方/q英雄/n，/wd一/m方/q狗熊/n。/wj
那么/rz荷马/nrf笔下/n的/ude1特洛伊/nrf战争/n，/wd金戈铁马/nl十年/m鏖战/vi，/wd难道/d希腊/ns联军/n主将/n阿/b喀/b琉/x斯/b是/vshi英雄/n，/wd失败/vi的/ude1特洛伊/nrf军/n主将/n赫克托尔/nrf就/d不/d是/vshi英雄/n吗/y？/ww
那么/rz楚汉/nr相/d争/v逐鹿/v中原/ns，/wd难道/d开创/v了/ule大汉/n王朝/n的/ude1刘邦/nr是/vshi英雄/n，/wd乌江/ns自刎/v的/ude1西楚/t霸王/n就/d不/d是/vshi英雄/n吗/y？/ww
那么/rz魏/nr1蜀/b吴/nr1三国/nz鼎立/vi，/wd豪杰/n辈出/vi，/wd难道/d仅仅/d因为/p最后/f三/m家/q归/v晋/tg，/wd就/d只有/d司马氏/nrf才/d是/vshi真/a英雄/n吗/y？/ww
那/rzv后/f人/n又/d何/ry来/vf的/ude1“/wyz天下/n英雄/n谁/ry敌手/n，/wd曹刘生子/nr当/p如/v孙仲谋/nr”/wyy的/ude1感叹/vn呢/y？/ww
可见/c，/wd按照/p对方/n同学/n的/ude1观点/n，/wd以/p成败/n论/v英雄/n，/wd其/rz结果/n只能/v是/vshi假/a英雄/n大行其道/vl，/wd真/a英雄/n纷纷/d落/v马/n，/wd分明/d是/vshi英雄/n相/d惜/vg棋/n逢/v对手/n，/wd偏偏/d也/d要/v分/qt出/vf个/q成/v王/nr1败/vi寇/ng。/wj
这样/rzv的/ude1标准/n可取/a不/d可取/a，/wd在座/vi各位/rr自有/b公论/n。/wj
正方/n三/m辩/vg发言/vi：/wm付欣/nr：/wm谢谢/v主席/n，/wd大家/rr好/a。/wj
首先/c我/rr有/vyou两点/m想/v向/p对方/n辩/vg友/ng指出/v：/wm第一/m，/wd对方/n辩/vg友/ng解读/v成败/n英雄/n论/ng，/wd依旧/z知识/n只/d见/v其/rz表/n，/wd未/d见/v其/rz里/f，/wd看到/v成败/n二/m字/n，/wd便/d要/v用/v来/vf评定/v天下/n英雄/n，/wd而/cc对/p其/rz背后/f所/usuo倡/vg扬/vg的/ude1追求/vn成功/a的/ude1价值/n取向/n却/d视而不见/vl。/wj
我们/rr还/d有/vyou句/q话/n叫做/v：/wm“/wyz千/m里/q送/v鹅毛/n，/wd礼/n轻/a情意/n重/a”/wyy，/wd难道/d最/d方/d辩/vg友/ng真/d要/v身体力行/vl，/wd见/v人/n就/d拔/v一/m根/q鹅毛/n吗/y？/ww
第二/m，/wd对方/n辩/vg友/ng认为/v一旦/d倡/vg扬/vg了/ule追求/v成功/a的/ude1价值观/n，/wd功利主义/nl便/d会/v大行其道/vl。/wj
但/c我/rr不知/v我方/r哪/ry位/q辩/vg手/n说/v我们/rr不要/d真善美/n这些/rz价值观/n呢/y？/ww
人类/n的/ude1行为/n一向/d是/vshi多种/m价值观/n共同/b作用/n的/ude1结果/n，/wd我们/rr新加坡/nsf鼓励/v孝道/n，/wd可是/c我们/rr新加坡/nsf的/ude1男孩子/n并/cc没有/v因此/c而/cc不/d去/vf当兵/vi啊/y。/wj
下面/f，/wd我/rr将/d从/p三/m个/q方面/n进一步/d阐述/v以/p成败/n论/v英雄/n这种/r价值观/n的/ude1可取/a性/ng。/wj
第一/m，/wd当/p我们/rr从/p价值观/n的/ude1角度/n来/vf审视/v以/p成败/n论/v英雄/n这/rzv句/q话/n时/ng，/wd成功/a的/ude1含义/n就/d被/pbei扩大/v了/y。/wj
因为/p这时/rzt，/wd成功/an还/d包含/v有/vyou追求/v成功/a的/ude1价值/n取向/n，/wd它/rr不/d是/vshi简简单单/z的/ude1个人/n目的/n的/ude1实现/vn，/wd还/d包括/v对/p社会/n的/ude1积极/a意义/n。/wj
第二/m，/wd倡导/v以/p成败/n论/v英雄/n这种/r价值观/n能够/v破旧立新/vl，/wd用/p一/m种/q更加/d公平/a、/wn客观/a的/ude1观念/n去/vf评价/v人/n。/wj
过去/t，/wd有的/rz人/n论/v英雄/n，/wd看/v的/ude1是/vshi出身/v：/wm老子/n英雄/n儿/ng好汉/n，/wd老子/n反动/a儿/n混/x蛋/n―/x―/x这样/rzv的/ude1价值观/n都/d曾经/d风行一时/vl。/wj
从/p传统/n的/ude1眼光/n看/v，/wd有些/rz人/n永远/d也/d成/v不/d了/ule英雄/n，/wd但是/c他/rr只/d要/v追求/v成功/an，/wd他/rr就/d是/vshi我们/rr这个/rz时代/n所/usuo需要/v的/ude1英雄/n。/wj
第三/m，/wd以/p成败/n论/v英雄/n这种/r价值观/n的/ude1可取/a性/ng还/d体现/v在/p它/rr对于/p失败者/n特殊/a的/ude1意义/n。/wj
吴作栋/nr总理/n说/v：/wm“/wyz我们/rr的/ude1社会/n应该/v给/p失败者/n一个/mq再次/d成功/a的/ude1机会/n。/wj
”/wyy我/rr想/v请问/v在座/vi的/ude1各位/rr，/wd谁/ry没有/d尝/v到/v过/uguo失败/vi的/ude1滋味/n？/ww
但是/c因为/p这样/rzv，/wd我们/rr就/d放弃/v追求/v成功/a了/y吗/y？/ww
追求/v成功/a的/ude1价值观/n正/d是/vshi让/v我们/rr不要/d唾弃/v失败者/n，/wd而是/c要/v鼓励/v他/rr继续/v追求/v成功/an。/wj
对方/n的/ude1四/m位/q辩/vg友/ng，/wd也许/d真的/d是/vshi视/vg成败/n如/v浮云/n，/wd但是/c你们/rr为什么/ryv非/b要/v对/p那些/rz有/vyou上进心/n的/ude1人/n说/v“/wyz是非/n成败/n转头/v空/ng”/wyy呢/y？/ww
失败/vi并/cc不/d可怕/a，/wd可怕/a的/ude1是/vshi一个/mq人/n连/ulian追求/v成功/a的/ude1勇气/n都/d没有/v了/y。/wj
安于/v平/v淡/x也/d并/d不/d可怕/a，/wd可怕/a的/ude1是/vshi我们/rr整个/b社会/n都/d安于/v平/v淡/x，/wd不再/d追求/v成功/an。/wj
一/m个/q不再/d追求/v成功/a的/ude1英雄/n世界/n，/wd是/vshi一个/mq虚伪/a的/ude1世界/n。/wj
谢谢/v。/wj
反方/n三/m辩/vg发言/vi：/wm余磊/nr：/wm首先/d看/v一下/mq对方/n同学/n的/ude1逻辑/n，/wd对方/n同学/n说/v，/wd今天/t他们/rr只要/c举出/v一点点/m的/ude1可/c取/v之/uzhi处/n，/wd他们/rr就/d等于/v可取/a，/wd而/cc我方/r举出/v再/d多/a的/ude1不/d可取/a之/uzhi处/n，/wd也/d不/d叫/vi做/v不/d可取/a，/wd这/rzv是/vshi不/d是/vshi叫做/v“/wyz只/d许/nr1州/n官/n放火/vi，/wd不许/d百姓/n点灯/vi”/wyy呢/y？/ww
如果/c对方/n同学/n今天/t一定/d要/v我方/r说/v，/wd有/vyou没/d有/vyou一点点/m的/ude1可/c取/v之/uzhi处/n，/wd我/rr说/v有/vyou，/wd在/p哪里/rys？/ww
这/rzv就/d可以/v让/v大家/rr认识/v到/v以/p成败/n论/v英雄/n这种/r观点/n来/vf论/v英雄/n是/vshi危害/v是/vshi多么/d大/a呀/y。/wj
再/d来/vf看看/v对方/n同学/n的/ude1论证/vn方式/n。/wj
对方/n同学/n的/ude1论证/vn有/vyou两/m条/q。/wj
首先/c，/wd如果/c没有/v成功/ad就是/v不/d成功/a，/wd因此/c就/d应该/v以/p成败/n来/vf论/v英雄/n。/wj
让/v我们/rr想/v一下/mq，/wd如果/c英雄/n不/d吃饭/vi的/ude1话/n，/wd英雄/n就要/d变成/v鬼/n雄/ag。/wj
那/c我们/rr是/vshi不/d是/vshi可以/v以/p饭量/n来/vf论/v英雄/n，/wd看/v谁/ry吃/v得/ude3多/a，/wd谁/ry就/d是/vshi英雄/n呢/y？/ww
对方/n同学/n还/d告诉/v大家/rr，/wd要/v追求/v成功/an，/wd鼓励/v成功/an。/wj
但是/c，/wd鼓励/v成功/an、/wn追求/v成功/an就/d意味着/v要/v用/p成败/n来/vf论/v英雄/n吗/y？/ww
我们/rr这个/rz社会/n还/d要/v鼓励/v大家/rr去/vf致富/vi，/wd去/vf发财/vi，/wd但是/c能/v不能/v用/p贫富/n来/vf论/v英雄/n呢/y？/ww
如果/c可以/v的话/udh，/wd王勃/nr为什么/ryv还要/d说/v“/wyz穷且益坚/nr，/wd不/d坠/v青云/n之/uzhi志/n”/wyy呢/y？/ww
其实/d，/wd今天/t对方/n同学/n所有/b的/ude1问题/n都/d出/vf在/p他们/rr对/p审/v题/n没有/d清楚/a。/wj
什么/ry叫做/v以/p成败/n论/v英雄/n，/wd就是说/c一个/mq人/n成功/a了/ule就/d是/vshi英雄/n，/wd失败/vi了/ule便/d不/d是/vshi英雄/n。/wj
