夸/v父/ng的/ude1问题/n对方/n同学/n不/d回答/v，/wd岳飞/nr的/ude1问题/n对方/n同学/n又/d不/d回答/v，/wd文天祥/nr起兵/vn以来/f，/wd一/m败/vi于/p兴国/vi，/wd二/m败/vi于/p安平/ns，/wd三/m败/vi于/p海风/n，/wd连/ulian自杀/vi都/d没有/v成功/an，/wd为什么/ryv他/rr还/d是/vshi一个/mq英雄/n呢/y？/ww
吴天/nr：/wm对方/n辩/vg友/ng以为/v今天/t的/ude1辩/vg题/n就/d是/vshi多/ad举/v几/m个/q例子/n谁/ry就/d能/v赢/v吗/y？/ww
其实/d我们/rr今天/t看到/v的/ude1是/vshi时代/n的/ude1命题/n要/v有/vyou时代/n的/ude1意义/n。/wj
请/v您/rr继续/v论证/v作为/v一/m种/q价值观/n，/wd它/rr为什么/ryv不/d可取/a？/ww
蒋舸/nr：/wm对方/n辩/vg友/ng当然/d不/d是/vshi多/ad举/v几/m个/q例子/n就/d能/v赢/v。/wj
但是/c如果/c一个/mq事例/n都/d没有/v的/ude1话/n，/wd你/rr怎么/ryv能/v让/v大家/rr信服/v你/rr的/ude1观点/n呢/y？/ww
陈晓欢/nr：/wm可/v是/vshi时代/n的/ude1命题/n要/v有/vyou时代/n的/ude1意义/n，/wd以/p成败/n论/v英雄/n已经/d不仅仅/d是/vshi一/m种/q衡量/v方法/n，/wd更/d是/vshi一/m种/q价值/n判断/vn，/wd请问/v以/p成败/n论/v英雄/n来/vf鼓励/v成功/an，/wd为什么/ryv不/d可取/a呢/y？/ww
余磊/nr：/wm对方/n辩/vg友/ng的/ude1意思/n大概/d还/d是/vshi取/v其/rz精华/n去/vf其/rz糟粕/n，/wd怕/v就/d怕/v糟粕/n太/d多/a，/wd对方/n辩/vg友/ng取/v来/vf取/v去/vf取/v不/d完/vi呐/y。/wj
郑子豪/nr：/wm对方/n辩/vg友/ng今天/t的/ude1逻辑/n其实/d更/d好/a笑/v，/wd他们/rr说/v考/v第一/m可取/a，/wd但是/c考/v第一/m并/cc不/d可取/a，/wd唉/e，/wd真是/d可怜/v天下/n父母/n心/n啊/y。/wj
余磊/nr：/wm请/v对方/n同学/n告诉/v大家/rr，/wd岳飞/nr和文/n天/n祥/ag的/ude1例子/n到底/d如何/ryv解释/v，/wd为什么/ryv失败/vi了/y，/wd大家/rr还/d认为/v他们/rr是/vshi大/a英雄/n？/ww
付欣/nr：/wm我/rr想/v请问/v对方/n辩/vg友/ng，/wd岳飞/nr和文/n天/n祥/ag的/ude1身上/s，/wd究竟/d有/vyou没/d有/vyou追求/v成功/a的/ude1价值/n取向/n？/ww
他/rr不/d是/vshi英雄/n吗/y？/ww
袁/nr1丁/ng：/wm追求/v成功/an就/d等于/v成功/a吗/y？/ww
每/rz一个/mq非洲/nsf的/ude1饥民/n都/d要/v追求/v吃饭/vi，/wd是/vshi不/d是/vshi追求/v了/ule吃饭/vi就/d等于/v吃/v到/v饭/n了/y呢/y？/ww
那/rzv每/rz个/q非洲/nsf饥民/n的/ude1肚子/n可/c都/d是/vshi饱/a的/ude1了/y呀/y。/wj
吴天/nr：/wm对方/n辩/vg友/ng今天/t错误/n的/ude1理解/vn命题/n，/wd是/vshi因为/p他们/rr只/d翻/v《/wkz现代/t汉语/nz词典/n》/wky，/wd那/rzv里面/f只/d有/vyou成败/n与/cc英雄/n，/wd没有/d以/p成败/n论/v英雄/n。/wj
要/v找到/v这/rzv六/m个/q字/n，/wd请/v去/vf翻/v一/m翻/v《/wkz哲学/n大/a辞典/n》/wky吧/y。/wj
周玄毅/nr：/wm我们/rr要/v告诉/v对方/n辩/vg友/ng的/ude1是/vshi，/wd我们/rr翻/v的/ude1并/cc不/d是/vshi《/wkz现代/t汉语/nz词典/n》/wky，/wd我们/rr翻/v的/ude1是/vshi《/wkz现代/t汉语/nz大/a辞典/n》/wky，/wd一共/d有/vyou２７/m条/q成/v与/p败/vi的/ude1解释/vn，/wd没有/v一/m条/q有/vyou这样/rzv的/ude1判断/vn，/wd没有/v一/m条/q符合/v对方/n辩/vg友/ng的/ude1解释/vn啊/y。/wj
陈晓欢/nr：/wm所以/c说/v对方/n辩/vg友/ng没有/d翻/v《/wkz哲学/n大/a辞典/n》/wky嘛/y。/wj
袁/nr1丁/ng：/wm再/d请教/v对方/n同学/n，/wd诸葛亮/nr出师/vi未/d捷/ag身/ng先/d死/v，/wd他/rr是/vshi不/d是/vshi个/q英雄/n？/ww
郑子豪/nr：/wm那/c我/rr想/v请问/v对方/n同学/n，/wd像/p岳飞/nr这样/rzv的/ude1人/n，/wd它/rr体现/v出/vf了/ule追求/v成功/a的/ude1价值/n取向/n，/wd我们/rr称/v不/d称/v他/rr为/p英雄/n呢/y？/ww
余磊/nr：/wm谁/ry都/d不能/v否认/v岳飞/nr，/wd文天祥/nr，/wd诸葛亮/nr最后/f失败/vi了/y，/wd对方/n同学/n说/v他们/rr成功/a了/y，/wd这/rzv真是/d“/wyz说/v你/rr成/v你/rr就/d成/v不/d成/v也/d成/v，/wd说/v不/d败/vi就/d不/d败/vi败/vi也/d不/d败/vi”/wyy，/wd对方/n同学/n这样/rzv的/ude1观点/n我/rr只能/v说/v，/wd不/d可取/a啊/y。/wj
付欣/nr：/wm我方/r已经/d多次/mq说/v了/y，/wd只要/c他/rr身上/s有/vyou追求/v成功/a的/ude1价值/n取向/n，/wd就是/v我们/rr这个/rz社会/n所/usuo需要/v的/ude1英雄/n。/wj
对方/n辩/vg友/ng可以/v自己/rr判断/v，/wd五六十亿/m人/n，/wd你/rr随便/ad点/v一个/mq名/ng，/wd我/rr哪/ry能/v都/d认识/v啊/y。/wj
周玄毅/nr：/wm当年/t在/p战场/n之上/f，/wd诸葛亮/nr和/cc司马懿都/nr在/p追求/v成功/an，/wd结果/n一/m成/q一/m败/vi，/wd一/m败/vi一/m成/q，/wd请问/v对方/n辩/vg友/ng为什么/ryv诸葛亮/nr都/d认为/v司马懿/nr是/vshi个/q英雄/n呢/y？/ww
吴天/nr：/wm今天/t我们/rr论证/v的/ude1难道/d只/d是/vshi一个/mq简单/a的/ude1事实/n判断/vn，/wd一个/mq评定/vn英雄/n的/ude1方法/n吗/y？/ww
这个/rz问题/n古人/n都/d对/p此/rzs争论不休/vl，/wd难道/d对方/n辩/vg友/ng想/v上演/v李白/nr与/p东/f周/nr1列国/n的/ude1狮城/n版/n舌战/v吗/y？/ww
蒋舸/nr：/wm对方/n辩/vg友/ng要/v讨论/vn价值/n的/ude1问题/n当然/d先/d要/v看/v事实/n，/wd中国/ns的/ude1问题/n您/rr都/d不/d回答/v，/wd那么/c拿破仑/nrf和/cc惠灵顿/nsf当时/t在/p欧洲/ns打/v得/ude3不可开交/al，/wd一/m成/q一/m败/vi，/wd到底/d谁/ry是/vshi英雄/n，/wd谁/ry不/d是/vshi英雄/n呢/y？/ww
吴天/nr：/wm为什么/ryv我们/rr不/d回答/v，/wd因为/p今天/t这/rzv本来/d就/d不/d是/vshi一个/mq事实/n判断/vn，/wd而是/c一个/mq价值/n判断/vn。/wj
对方/n辩/vg友/ng为什么/ryv总是/d粗浅/a的/ude1理解/vn一/m句/q俗语/n呢/y？/ww
我们/rr还有/v一/m句/q话/n，/wd叫/vi“/wyz谋事/vi在/p人/n，/wd成/v事/n在/p天/n”/wyy，/wd难道/d就/d是/vshi让/v大家/rr什么/ry事/n都/d别/d做/v，/wd就/d等/v着/uzhe天上/s吧/y叽/o吧/y叽/o掉/v馅儿饼/n吗/y？/ww
余磊/nr：/wm对/p啊/y，/wd成/v事/n在/p天/qt，/wd可见/c，/wd一个/mq英雄/n是/vshi一个/mq再/d大/a的/ude1英雄/n，/wd成功/ad失败/vi他/rr自己/rr都/d不/d能/v把握/v，/wd恰恰/d说明/v我方/r观点/n，/wd不/d以/p成败/n论/v英雄/n嘛/y。/wj
陈晓欢/nr：/wm可是/c论/v英雄/n有/vyou很多/m衡量/v标准/n，/wd有/vyou其他/rzv的/ude1衡量/vn标准/n就/d能/v否定/v以/p成败/n论/v英雄/n吗/y？/ww
袁/nr1丁/ng：/wm对方/n同学/n今天/t告诉/v我/rr他们/rr是/vshi价值/n判断/v不/d是/vshi事实/n判断/vn，/wd这/rzv好比/v告诉/v我/rr这/rzv件/q衣服/n多/m好/a啊/y，/wd不过/c事实上/bl他/rr不/d能/v穿/v。/wj
子豪/nr2：/wm我们/rr今天/t要/v倡导/v的/ude1是/vshi追求/v成功/a的/ude1价值/n取向/n，/wd因为/c以/p成败/n论/v英雄/n鼓励/v人们/n追求/v成功/an，/wd为什么/ryv对方/n辩/vg友/ng就/d说/v鼓励/v人们/n追求/v成功/an不/d可取/a呢/y？/ww
付欣/nr：/wm对方/n辩/vg友/ng只/d是/vshi只/d见/v其/rz表/n，/wd不/d见/v其/rz里/q。/wj
只/d看/v字面/n意思/n，/wd看不到/v他/rr的/ude1价值/n取向/n，/wd有/vyou句/q话/n叫做/v雪中送炭/vl，/wd要/v这么/rz说/v这/rzv句/q话/n在/p新加坡/nsf根本/n用不着/bl，/wd因为/p新加坡/nsf根本/n不/d下/vf雪/n。/wj
但是/c…/ws
…/ws
谢谢/v。/wj
反方/n总结/v陈/nr1词/n：/wm周玄毅/nr：/wm今天/t我们/rr一/m开始/v想/v谈/v逻辑/n问题/n。/wj
对方/n辩/vg友/ng说/v以/p成败/n论/v英雄/n怎么/ryv会/v只/d是/vshi一个/mq逻辑/n问题/n呢/y？/ww
我方/r谈/v事实/n判断/vn，/wd对方/n同学/n说/v，/wd以/p成败/n论/v英雄/n怎么/ryv会/v只/d是/vshi一个/mq事实/n判断/v呢/y？/ww
那么/c我/rr真/d不/d知道/v，/wd我们/rr今天/t该/rz谈/v什么/ry好/a了/y。/wj
对方/n同学/n告诉/v大家/rr说/v，/wd要/v看到/v成败/n背后/f那些/rz精神/n的/ude1东西/n。/wj
原来/b对方/n辩/vg友/ng心中/s的/ude1成败/n论/v英雄/n，/wd就是/d看/v成败/n背后/f的/ude1东西/n来/vf论/v英雄/n。/wj
那么/c我/rr今天/t和/cc对方/n辩/vg友/ng辩论/v的/ude1时候/n对方/n辩/vg友/ng是/vshi不/d是/vshi要/v告诉/v我/rr说/v，/wd是/vshi我/rr背后/f这/rzv把/qv椅子/n在/p和/cc对方/n辩/vg友/ng在/p进行/vx辩论/vn呢/y？/ww
