我们/rr从/p个人/n看/v，/wd有/vyou衣/ng食/v之/uzhi困/ng但/c仍然/d坚持/v其/rz品德/n修养/n的/ude1例子/n，/wd实在/d是/vshi不胜枚举/vl。/wj
孔/nr1老夫子/n的/ude1好/a学生/n颜/ng回/v，/wd他/rr只/d有/vyou一/m箪/x食/ng，/wd一/m瓢/q饮/v，/wd不/d仍然/d“/wyz言忠信/nr、/wn行笃敬/nr”/wyy吗/y？/ww
杜甫/nr的/ude1茅屋/n为/p秋风/n所/usuo破/v的/ude1时候/n，/wd他/rr还是/d想/v着/uzhe“/wyz安/v得/ude3广厦/n千/m万/m间/q，/wd大/a庇/vg天下/n寒士/n俱/dg欢颜/n”/wyy吗/y？/ww
说/v到/v政府/n，/wd新加坡/nsf也/d曾经/d筚路蓝缕/nl。/wj
李光耀/nr先生/n就/d告诫/v国人/n：/wm我们/rr一无所有/vl，/wd除了/p我们/rr自己/rr。/wj
他/rr强调/v道德/n是/vshi使/v竞争力/n胜人一筹/vl的/ude1重要/a因素/n。/wj
试想/v，/wd如果/c没/v政府/n倡导/v美德/n，/wd新加坡/ns哪里/rys有/vyou今天/t的/ude1繁荣昌盛/vl、/wn国富民强/vl呢/y？/ww
第三/m，/wd所谓/v必要条件/nl，/wd从/p逻辑/n上/f看/v，/wd也/d就是/v“/wyz有/vyou之/rz不/d必然/d，/wd天/qt之/uzhi必/d不/d然/rz”/wyy的/ude1意思/n。/wj
因此/c，/wd对于/p今天/t的/ude1辩/vg题/n，/wd我方/r只/d需/v论证/v没有/v温饱/n也/d能/v谈/v道德/n。/wj
而/cc对方/n要/v论证/v的/ude1是/vshi，/wd没有/v温饱/n，/wd就/d绝对/d不/d能/v谈/v道德/n。/wj
而/cc这/rzv一点/m对方/n一/m辩/vg恰恰/d没有/v自圆其说/vl。/wj
雨果/nrf说/v过/uguo，/wd“/wyz善良/a的/ude1道德/n是/vshi社会/n的/ude1基础/n。/wj
”/wyy道德/n是/vshi石/ng，/wd敲/v出/vf希望/v之/uzhi火/n；/wf道德/n是/vshi火/n，/wd点燃/v生命/n之/uzhi灯/n；/wf道德/n是/vshi灯/n，/wd照亮/v人类/n之/uzhi路/n；/wf道德/n是/vshi路/n，/wd引/v我们/rr走向/v灿烂/a的/ude1明天/t。/wj
以上/f我/rr主要/d从/p逻辑/n上/f阐发/v了/ule我/rr方/d的/ude1观点/n。/wj
接下来/vl我方/r辩/vg友/ng还/d将/d从/p理论/n、/wn事实/n、/wn价值/n三/m方面/n进一步/d阐述/v我方/r观点/n。/wj
谢谢/v各位/rr。/wj
（/wkz长时间/n掌声/n）/wky主席/n：/wm谢谢/v姜/n丰/ag同学/n。/wj
接/v下来/vf我们/rr再/d听听/v正方/n第二/m位/q代表/n孙学军/nr同学/n的/ude1发言/vn，/wd时间/n也/d是/vshi三分/m钟/n。/wj
（/wkz掌声/n）/wky孙学军/nr：/wm对方/n同学/n刚才/t说/v，/wd温饱/n比/p道德/n更/d重要/a。/wj
她/rr还/d说/v，/wd人/n活/v着/uzhe不仅仅/d是/vshi为了/p吃饭/vi。/wj
但/c我们/rr大家/rr都/d知道/v，/wd不/d吃饭/vi，/wd我们/rr怎么/ryv活/v着/uzhe？/ww
不/d活/v着/uzhe，/wd我们/rr怎么/ryv谈/v道德/n？/ww
所以/c从/p这个/rz意义/n上/f说/v，/wd温饱/n是/vshi谈/v道德/n的/ude1必要条件/nl。/wj
温饱/n和/cc道德/n这个/rz问题/n是/vshi不/d能/v简单化/vi的/ude1问题/n。/wj
这/rzv不仅/c包括/v达到/v温饱/n后/f谈/v道德/n的/ude1问题/n，/wd它/rr还/d包括/v在/p达到/v温饱/n之前/f、/wn处在/v温饱/n的/ude1不同/a层次/n上/f谈/v道德/n。/wj
在/p达到/v温饱/n后/f谈/v道德/n是/vshi天经地义/bl、/wn不言自明/vl的/ude1事实/n。/wj
但/c在/p温饱/n前/f，/wd如何/ryv处理/v好/a温饱/n与/cc道德/n之间/f的/ude1关系/n，/wd如何/ryv处理/v好/a经济/n建设/vn与/cc道德/n建设/vn之间/f的/ude1关系/n，/wd这/rzv才/d是/vshi我们/rr今天/t要/v谈/v的/ude1问题/n，/wd也/d是/vshi人们/n所/usuo关注/v的/ude1问题/n。/wj
而/cc对方/n恰恰/d忽略/v了/ule这个/rz问题/n。/wj
大家/rr都/d知道/v，/wd温饱/n是/vshi人类/n生存/vi最/d基本/a最/d必需/vi的/ude1条件/n。/wj
人类/n社会/n要/v繁衍/v、/wn要/v发展/vn，/wd它/rr必须/d有/vyou足够/v的/ude1经济/n实力/n来/vf维持/v人民/n的/ude1生存/vn。/wj
所以/c我们/rr讲/v道德/n的/ude1时候/n，/wd不能/v脱离/v人民/n的/ude1温饱/n。/wj
对方/n似乎/d在/p讲/v，/wd一个/mq社会/n只要/c有/vyou了/ule道德/n，/wd经济/n社会/n自然而然/al就/d会/v上去/vf，/wd只要/c有/vyou道德/n，/wd大家/rr的/ude1肚子/n就/d填/v饱/a了/y。/wj
这/rzv很/d可笑/a。/wj
这/rzv是/vshi一个/mq天真/a的/ude1幻想/n。/wj
我方/r承认/v道德/n对于/p一个/mq社会/n的/ude1重要性/n。/wj
但/c我们/rr更/d深切/a地/ude2体会/v到/v温饱/n对于/p每/rz一个/mq人/n与/p每/rz一个/mq社会/n要/v生存/vi的/ude1不可或缺/al的/ude1重要性/n。/wj
所以/c我们/rr提出/v，/wd谈/v道德/n不/d能/v与/p温饱/n相/d脱离/v。/wj
建设/v一个/mq国家/n就/d像/v培养/v一个/mq孩子/n。/wj
我们/rr都/d知道/v教育/vn孩子/n的/ude1重要性/n，/wd要/v教育/vn孩子/n遵守/v社会/n道德/n规范/v，/wd要/v教育/vn孩子/n好好/d做人/vi。/wj
但是/c，/wd如果/c我们/rr不/d给/p孩子/n吃/v饭/n，/wd是/vshi会/v出现/v一个/mq什么样/ryv的/ude1后果/n呢/y？/ww
我们/rr在/p教育/vn孩子/n吃/v饭/n，/wd是/vshi会/v出现/v一个/mq什么样/ryv的/ude1后果/n呢/y？/ww
我们/rr在/p教育/vn孩子/n的/ude1同时/n，/wd如果/c不/d对/p他/rr进行/vx教育/vn，/wd那么/c我们/rr作为/p父母/n的/ude1过失/n就/d不/d是/vshi更/d大/a了/y吗/y？/ww
从/p现实/n看/v，/wd一个/mq国家/n只要/c坚持/v道德/n与/cc温饱/n不可/v分割/v，/wd才/d有/vyou可能/n取得/v成功/an。/wj
对方/n从/p中国/ns大陆/n来/f，/wd对/p中国/ns十几/m年/qt来/f的/ude1经济/n变化/vn所/usuo取得/v的/ude1成绩/n，/wd一定/d是/vshi感触/n颇/d深/a。/wj
世界/n上/f对/p这个/rz问题/n很/d是/vshi有目共睹/vl。/wj
这些/rz成绩/n都/d是/vshi在/p中国/ns政府/n坚持/v精神文明/n和/cc物质文明/n两手抓/vl的/ude1情况/n下/f所/usuo取得/v的/ude1。/wj
如果/c中国政府/nt还/d像/p过去/t一样/uyy，/wd像/p文革/n时期/n一样/uyy，/wd只顾/v道德/n建设/vn，/wd而/cc不/d讲/v经济/n的/ude1话/n，/wd那么/c我们/rr就/d很/d难/ad想象/v中国/ns会/v取得/v现在/t这样/rzv的/ude1成绩/n。/wj
谢谢/v大家/rr。/wj
（/wkz掌声/n）/wky主席/n：/wm谢谢/v孙学军/nr同学/n。/wj
接/v下来/vf我们/rr请/v反方/n第二/m位/q代表/n季翔/nr同学/n发言/vi。/wj
时间/n三分/m钟/n。/wj
（/wkz掌声/n）/wky季翔/nr：/wm谢谢/v主席/n，/wd各位/rr好/a！/wt
吃饭/vi是/vshi为了/p活/v着/uzhe，/wd但是/c人/n活/v着/uzhe就/d是/vshi为了/p吃饭/vi吗/y？/ww
我/rr再次/d提醒/v对方/n辩/vg友/ng，/wd你们/rr今天/t所/usuo要/v论证/v的/ude1是/vshi没有/v温饱/n就/d绝对/d不/d能/v谈/v道德/n。/wj
不管/c这种/r道德/n是/vshi保证/v温饱/n的/ude1道德/n还/d是/vshi保证/v不/d了/ule温饱/n的/ude1道德/n。/wj
既然/c对方/n还/d没有/v从/p逻辑/n上/f理解/v我方/r观点/n，/wd我/rr就/d进一步/d从/p理论/n上/f进行/vx阐述/vn。/wj
第一/m，/wd道德/n是/vshi随着/p人类/n的/ude1诞生/vn而/cc出现/v的/ude1。/wj
有/vyou了/ule理性/n的/ude1人/n，/wd有/vyou了/ule人际关系/n，/wd就/d有/vyou了/ule道德/n规范/v。/wj
所以/c，/wd不管/c人类/n处/vi在/p哪/ry一个/mq阶段/n上/f，/wd谈/v道德/n不仅/c是/vshi可能/v的/ude1，/wd而且/c是/vshi应该/v的/ude1。/wj
《/wkz礼/n记/v?/ww
礼/n运/v篇/q》/wky中/f记载/v的/ude1“/wyz老/a有所/v终/vg，/wd壮/v有所/v用/v，/wd幼/ag有/vyou所长/n，/wd鳏寡孤独/nl废/v疾/ag者/k皆/d有所/v养/v”/wyy不/d正是/v中国/ns远古/t时代/n道德/n状况/n的/ude1生动/a写照/n。/wj
而/cc《/wkz圣经/n?/ww
旧约/n》/wky里/f亚当/nrf和/cc夏娃/nrf偷/v食/ng禁/v果/ng和/cc原罪/n的/ude1传说/n，/wd不/d也/d表明/v了/ule道德/n的/ude1最/d早/a起源/n吗/y？/ww
有关/p贫困/a中/b人们/n谈/v道德/n的/ude1文化学/n和/cc人类学/n的/ude1证据/n在/p大/a英/b博物馆/n里/f是/vshi汗牛充栋/vl的/ude1。/wj
想必/d对方/n对/p此/rzs也/d了如指掌/vl吧/y。/wj
第二/m，/wd从/p本质/n上/f看/v，/wd道德/n是/vshi一个/mq社会/n历史/n范畴/n。/wj
尽管/c在/p温饱/n的/ude1情况/n下/f可能/v给/p谈/v道德/n提供/v一些/mq方便/a，/wd但/c这/rzv绝不/d是/vshi必要条件/nl。/wj
在/p不同/a的/ude1历史/n阶段/n和/cc文化/n背景/n下/vf人们/n都/d在/p谈/v道德/n。/wj
达尔文/nrf在/p其/rz环球/n旅行/vi中/f发现/v，/wd南非/nsf的/ude1布希曼/nrf人/n，/wd即使/c快/d饿/v死/v了/y，/wd也/d不会/v独吞/v发现/v的/ude1一/m条/q小/a鱼/n，/wd而是/c要/v与/p族人/n分享/v。/wj
他们/rr有/vyou温饱/n吗/y？/ww
没有/v。/wj
他们/rr谈/v道德/n吗/y？/ww
当然/d谈/v。/wj
