反方/n---/m马薇薇/nr：/wm也/d算/v，/wd但是/c请问/v这/rzv两点/m可以/v通过/p生命/n轮回/vi来/vf弥补/v吗/y？/ww
如果/c可以/v，/wd那么/c它/rr就/d是/vshi人生/n痛苦/an的/ude1根源/n，/wd如果/c不/d可以/v，/wd那/c它/rr就/d不/d是/vshi生命/n痛苦/an的/ude1根源/n----/m这样/rzv说/v对/p吗/y，/wd对方/n辩/vg友/ng？/ww
正方/n---/m路/n一/m鸣/vg：/wm不/d对/v！/wt
我们/rr从来/d就/d没有/d说/v过/uguo生命/n轮回/vi的/ude1概念/n，/wd我们/rr没有/v宗教/n情结/n。/wj
恰恰/d是/vshi，/wd我/rr要/v告诉/v对方/n三/m辩/vg的/ude1是/vshi，/wd生命/n的/ude1不可/v重/v来/vf就/d是/vshi生命/n的/ude1本质/n特质/n之一/rz。/wj
因为/c不/d可/v重/v来/vf，/wd所以/c过去/t的/ude1失误/vn，/wd你/rr没有/v办法/n再/d修补/v了/y，/wd这/rzv就是/d可悲/a的/ude1地方/n。/wj
反方/n---/m凌国文/nr：/wm也/d正是/v因为/c不/d可/v重/v来/vf，/wd所以/c说/v这个/rz不可/v重/v来/vf的/ude1痛苦/a呢/y，/wd尝试/v一/m次/qv就/d好/a了/y，/wd不要/d再/d重/v来/vf，/wd所以/c说/v是/vshi可喜/a呀/y！/wt
正方/n---/m路/n一/m鸣/vg：/wm如果/c为了/p回避/v痛苦/an而/cc不/d要/v生命/n再/d有/vyou一/m次/qv重/v来/vf的/ude1机会/n，/wd对方/n辩/vg友/ng，/wd你/rr到/v底/f看/v开/v了/ule还是/d没/d看/v开/v啊/y？/ww
！/wt
反方/n---/m黄/nr1执/v中/f：/wm所以/c要/v讲/v清楚/a，/wd刚好/d是/vshi因为/p生命/n不/d能/v重/v来/vf，/wd你/rr才/d会/v让/v自己/rr看/v开/v，/wd所以/c我们/rr说/v生命/n可喜/a之/uzhi处/n就/d在于/v它/rr没有/v一个/mq可以/v重/v来/vf的/ude1机会/n，/wd所以/c人/n到/v老/a来/vf都/d会/v强迫/v自己/rr看/v开/v，/wd看/v开/v本来/d就/d不/d是/vshi天上/s掉/v下来/vf的/ude1。/wj
正方/n---/m黄聪涵/nr：/wm所以/c本身/rz，/wd看/v开/v的/ude1是/vshi可喜/a，/wd可是/c对方/n还是/c没/d告诉/v我们/rr生命/n不/d能/v重/v来/vf的/ude1可喜/a到底/d在/p哪里/rys？/ww
四川/ns大/a地震/n的/ude1生命/n不/d重/v来/vf了/y，/wd它/rr可喜/a了/y吗/y？/ww
反方/n---/m梁佑诚/nr：/wm终于/d到/v我/rr讲话/vi了/y。/wj
对方/n辩/vg友/ng，/wd其实/d刚才/t你们/rr谈/v的/ude1只是/d在/p论证/vn生命/n不/d能/v重/v来/vf它/rr本身/rz不/d带来任何/n可喜/a和/cc可悲/a，/wd你/rr方/d只/d证明/v了/ule生命/n的/ude1本质/n是/vshi可悲/a的/ude1。/wj
正方/n---/m胡/nr1渐/d彪/q：/wm错/v，/wd请/v你/rr听/v清楚/a，/wd因为/c生命/n不/d能/v重/v来/vf，/wd你/rr造成/v的/ude1既定/b损失/n没有/v办法/n被/pbei修改/v所/usuo带来/v的/ude1终生/m懊悔/v-----/m所以/c我/rr才/d问/v你/rr，/wd它/rr所/usuo带来/v的/ude1终生/m懊悔/v叫/vi不/d叫/vi可悲/a？/ww
反方/n---/m马薇薇/nr：/wm这种/r终生/d懊悔/v并/cc不/d是/vshi因为/p生命/n不/d可/v重/a来/f所/usuo导致/v的/ude1，/wd是/vshi因为/p人类/n的/ude1欲/d求/v永远/d无法/v满足/v所/usuo导致/v的/ude1，/wd让/v你/rr轮回/vi一千/m万/m遍/qv，/wd你/rr都/d会/v有/vyou新/a的/ude1欲/d求/v，/wd所以/c你/rr永远/d痛苦/an，/wd所以/c生命/n的/ude1可悲/a是/vshi在于/v欲/d求/v，/wd不/d在于/v不/d可/v重/v来/vf。/wj
正方/n---/m路/n一/m鸣/vg：/wm我/rr相信/v人/n的/ude1欲/d求/v一部分/m可能/n无法/vd满足/v，/wd但/c一部分/m很/d容易/ad满足/v。/wj
但/c我/rr现在/t有/vyou一个/mq欲/d求/v，/wd我/rr希望/v那些/rz遭受/v印尼/ns海啸/n的/ude1人/n，/wd那些/rz20/m万/m生命/n能够/v重/v来/vf一/m次/qv，/wd我/rr希望/v汶川/ns大/a地震/n里边/f我们/rr的/ude1同胞/n还/d能/v活/v在/p我们/rr中间/f，/wd可/v这个/rz要求/n能/v实现/v吗/y？/ww
请/v问/v我/rr的/ude1要求/n过分/ad不/d过分/a？/ww
反方/n---/m黄/nr1执/v中/f：/wm世间/n永远/d都/d有/vyou大/a灾难/n，/wd佛家/nz教/v你/rr在/p大/a灾难/n当中/f看/v开/v好像/v很/d残酷/a，/wd可是/c佛家/nz的/ude1大/a慈悲/a都/d是/vshi源自/v大/a残酷/a，/wd因为/c你/rr看/v不/d开/v，/wd你/rr就/d永远/d痛苦/an，/wd苦/a的/ude1不/d是/vshi外/f物/ng，/wd是/vshi人/n的/ude1心/n，/wd人/n不/d改/v，/wd永远/d苦/a。/wj
正方/n---/m胡/nr1渐/d彪/q：/wm为什么/ryv我们/rr说/v这个/rz不可/v重/v来/vf的/ude1生命/n是/vshi值得/v佛家/nz的/ude1佛/n或者/c是/vshi菩萨/n来/f悲/vg悯/x呢/y？/ww
对方/n辩/vg友/ng你/rr告诉/v我/rr，/wd今天/t佛/n之所以/c可以/v看/v得/ude3开/v，/wd他/rr超脱/v，/wd他/rr当然/d就/d不/d在/p我们/rr今天/t辩/vg题/n所/usuo谈/v的/ude1生命/n里头/f，/wd所以/c对方/n辩/vg友/ng言/ng下/f之/uzhi意/ng转/v了/ule个/q圈/n还是/c在/p告诉/v我们/rr：/wm哎呀/e！/wt
你们/rr这些/rz无法/v超脱/a的/ude1，/wd面对/v生命/n不/d可/v重/v来/vf的/ude1众/ag生/v们/k，/wd你们/rr还/d是/vshi可悲/a的/ude1。/wj
反方/n---/m马薇薇/nr：/wm这个/rz时候/n其实/d我们/rr不/d是/vshi说/v佛家/nz自己/rr能/v看/v开/v，/wd他/rr是/vshi劝导/v众人/n要/v看/v开/v，/wd就/d比如说/vl对方/n四/m辩/vg举/ng的/ude1那/rzv个/q例子/n，/wd你/rr说/v您/rr这个/rz时候/n为了/p这个/rz海啸/n或是/c地震/n死去/v的/ude1人/n痛苦/an，/wd应/v不/d应该/v？/ww
应该/v！/wt
你/rr希望/v重/v来/vf拯救/v他们/rr，/wd应/v不/d应该/v？/ww
应该/v！/wt
但是/c对方/n辩/vg友/ng，/wd如果/c你/rr能够/v无限/b次/qv重/v来/vf，/wd今天/t救/v得/ude3了/ule地震/n，/wd明天/t救/v得了/vi海啸/n，/wd后天/t你/rr还/d能/v救/v车祸/n-----/m你/rr在/p不断/d的/ude1疲于奔命/vl，/wd人/n，/wd被/pbei你/rr救/v的/ude1人/n也/d永远/d生活/vi在/p惶惑/an之中/f，/wd因为/c总/d有/vyou你/rr救/v不/d了/vi的/ude1时候/n，/wd就/d算是/v慈悲/a的/ude1欲/d求/v、/wn高尚/a的/ude1欲/d求/v也/d是/vshi欲/d求/v，/wd它/rr也/d有/vyou无/v法/n被/pbei满足/v的/ude1那/rzv一/m天/qt。/wj
正方/n---/m陈思渊/nr：/wm可是/c对方/n辩/vg友/ng，/wd您/rr刚才/t前面/f说/v的/ude1那/rzv一/m大/a段/q应该/v是/vshi说/v佛家/nz佛学/n劝/v人/n看/v开/v，/wd自己/rr应该/v不/d会/v看/v不/d开/v了/ule----/m好/a，/wd应该/v也/d是/vshi看/v开/v的/ude1。/wj
可是/c，/wd我方/r的/ude1论证/vn正/d是/vshi如此/rzv，/wd如果/c整个/b事情/n都/d看/v开/v了/y，/wd那/c他/rr还有/v什么/ry好/a高兴/a的/ude1？/ww
那/c您/rr方/d的/ude1高兴/a是/vshi告诉/v大家/rr，/wd应该/v看/v开/v了/y，/wd所以/c高兴/a。/wj
自己/rr看/v开/v了/y，/wd自己/rr无/v喜/vd无/v悲/ag，/wd那/rzv但是/c谁/ry很/d高兴/a？/ww
您/rr方/d还是/d没有/d告诉/v大家/rr您/rr方/d的/ude1可喜/a之/uzhi处/n到底/d在/p哪里/rys？/ww
反方/n---/m黄/nr1执/v中/f：/wm看/v开/v了/ule以后/f，/wd生/v啊/y，/wd死/v啊/y，/wd悲/ag啊/y，/wd欢/a啊/y，/wd离/v啊/y，/wd合/v啊/e就/d可以/v很/d平静/a的/ude1面对/v，/wd对方/n辩/vg友/ng你/rr怎么/ryv讲/v的/ude1喜/vd一定/d是/vshi大/a高兴/a，/wd大/d鼓掌/vi，/wd放/v鞭炮/n那种/r才/d叫做/v喜/v？/ww
难道/d人生/n的/ude1平静/a安稳/an，/wd没有/d忧郁/a烦闷/a----/m这/rzv难道/d不/d是/vshi喜/v吗/y？/ww
正方/n---/m黄聪涵/nr：/wm对方/n辩/vg友/ng，/wd那/rzv是/vshi一/m种/q不/d悲/ag不/d喜/v的/ude1状态/n，/wd你/rr的/ude1喜/vd至少/d也/d要/v有/vyou那么/rz一点点/m的/ude1兴奋/a之/uzhi情/n吧/y？/ww
所以/c对方/n今天/t一直/d告诉/v我们/rr说/v我们/rr应该/v怎么样/ryv应该/v怎么样/ryv，/wd其实/d我方/r也/d不/d反对/v你/rr应该/v怎么样/ryv，/wd那/c我们/rr探讨/v的/ude1是/vshi事实/n，/wd既定/b事实/n的/ude1命题/n，/wd到底/d不/d能/v重/v来/vf的/ude1可喜/a在/p哪里/rys？/ww
对方/n好像/v还/d没有/d交待/v。/wj
反方/n---/m黄/nr1执/v中/f：/wm那/rzv如果/c要/v再/d讲/v另/rz一/m种/q可喜/a也/d是/vshi有/vyou，/wd道家/n讲/v什么/ry？/ww
