这/rzv显然/ad又/d是/vshi荒谬/a的/ude1。/wj
对方/n犯/v的/ude1第三/m个/q错误/n就/d是/vshi：/wm“/wyz避/v实/ng就/d虚/a”/wyy，/wd对方/n始终/d告诉/v我们/rr温饱/n能够/v给/p谈/v道德/n提供/v更/d好/a的/ude1条件/n，/wd但是/c没有/d说/v不/d温饱/n的/ude1情况/n下/f绝对/d不/d能/v谈/v道德/n。/wj
对方/n犯/v的/ude1第四/m个/q错误/n就/d是/vshi：/wm“/wyz指/v鹿/n为/p马/n”/wyy，/wd把/pba谈/v道德/n与/cc谈/v道德/n的/ude1效果/n混/x为/p一/m谈/v。/wj
对方/n今天/t的/ude1论点/n可谓/v是/vshi云山雾罩/vl，/wd让/v我们/rr一/m头/q雾/n水/n，/wd不知所云/vl。/wj
相反/vi，/wd今天/t我们/rr已经/d从/p逻辑/n、/wn理论/n、/wn事实上/bl论证/v了/y，/wd只要/c基于/p理性/n的/ude1人类/n存在/v就/d能够/v谈/v道德/n。/wj
下面/f我/rr主要/d从/p价值/n层面/n论述/v我方/r的/ude1立场/n。/wj
第一/m，/wd谈/v道德/n是/vshi基于/p理性/n的/ude1人/n。/wj
只要/c人类/n存在/v着/uzhe，/wd就/d能够/v谈/v道德/n。/wj
“/wyz富贵/a不/d能/v淫/ag，/wd威武/a不/d能/v屈/v，/wd贫贱/a不/d能/v移/v。/wj
”/wyy人类/n之所以/c不同/a于/p动物/n的/ude1一个/mq重要/a的/ude1标志/n就/d是/vshi人/n能够/v基于/p自身/rr的/ude1理性/n而/cc谈/v道德/n。/wj
孔子/nr说/v：/wm“/wyz不/d义/ng而/cc富/a且/c贵/a，/wd于/p我/rr如/v浮云/n”/wyy，/wd不/d以/p温饱/n为/p基本/a前提/n而/cc谈/v道德/n，/wd恰恰/d显示/v了/ule人类/n理性/n的/ude1伟大/a和/cc崇高/a。/wj
第二/m，/wd谈/v道德/n是/vshi基于/p社会/n整体/n发展/vn的/ude1价值/n选择/vn。/wj
人类/n如果/c想/v求得/v生存/vn和/cc发展/vn就/d要/v谈/v道德/n。/wj
否则/c必然/d导致/v人类/n历史/n生活/vn的/ude1毁灭/vn。/wj
群体/n统一/a的/ude1行动/vn是/vshi社会/n生存/vi下去/vf的/ude1基本/a方式/n。/wj
而/cc统一/a的/ude1行动/vn是/vshi要/v以/p谈/v道德/n为/p前提/n。/wj
只有/c在/p社会/n生活/vn中/f谈/v道德/n，/wd才/d能/v保证/v社会/n的/ude1相对/b的/ude1稳定/an和/cc有序/a，/wd才/d能/v赋予/v整体/n人类/n活动/vn的/ude1价值/n内涵/n。/wj
这/rzv是/vshi谈/v道德/n被/pbei历史/n和/cc经验/n证明/v了/ule的/ude1社会/n意义/n。/wj
第三/m，/wd谈/v道德/n是/vshi基于/p人们/n摆脱/v贫困/a的/ude1热望/vn。/wj
我们/rr今天/t在/p这里/rzs不仅/c要/v谈/v道德/n的/ude1理念/n，/wd更/d要/v谈/v在/p现实/n社会/n当中/f的/ude1人类/n该/rz何去何从/vl。/wj
环顾/v当今/t的/ude1世界/n，/wd衣不蔽体/vl，/wd食不果腹/vl的/ude1人们/n成千上万/vl，/wd他们/rr怎么办/ryv？/ww
不/d谈/v道德/n了/y吗/y？/ww
对方/n能够/v设想/v一下/mq，/wd在/p纷争/n四/m起/q的/ude1社会/n条件/n下/f，/wd丧失/v人伦/n能够/v促成/v繁荣富强/vl吗/y？/ww
相互/d残杀/v的/ude1鲜血/n能够/v浇灌/v出/vf温饱/n的/ude1果实/n吗/y？/ww
显然/ad不/d能/v。/wj
“/wyz宝剑/n锋/ng从/p磨砺/v出/vf，/wd梅花/n香/n自/p苦寒/a来/vf”/wyy。/wj
越/d是/vshi贫困/a向/p人类/n发出/v强烈/ad挑战/vi的/ude1时候/n，/wd就/d更/d要/v谈/v道德/n。/wj
（/wkz嘟/o）/wky第四/m，/wd当/p人类/n迈向/v未来/t世纪/n的/ude1时候/n，/wd更/d要/v基于/p人/n的/ude1理性/n来/vf谈/v道德/n。/wj
当今/t的/ude1世界/n，/wd环境/n、/wn人口/n、/wn饥饿/n、/wn战争/n等等/udeng的/ude1问题/n都/d存在/v于/p贫困/a的/ude1国家/n和/cc地区/n当中/f，/wd他们/rr不/d谈/v道德/n了/y吗/y？/ww
不/d谈/v的/ude1话/n会/v给/p人类/n带来/v什么样/ryv的/ude1命运/n呢/y？/ww
从/p罗尔斯/nrf到/v唐君毅/nr，/wd又/d有/vyou哪个/ry伦理学/n家/q不/d告诉/v我们/rr要/v呼唤/v人/n的/ude1道德/n感/vg与/p责任感/n呢/y？/ww
我们/rr、/wn你们/rr和/cc他们/rr难道/d还/d要/v让/v自己/rr的/ude1心智/n像/p风/n、/wn像/v雨/n，/wd以/c对/p道德/n的/ude1沉默/a来/vf拯救/v这个/rz越发/d脆弱/a的/ude1星球/n吗/y？/ww
谈/v到/v这里/rzs，/wd我/rr不由得/d想起/v一百/m多/m年/qt前/f生活/vi在/p哥尼斯/nrf堡/ng的/ude1一/m位/q叫/vi康德/nrf的/ude1老人/n说/v过/uguo的/ude1一/m句/q话/n：/wm“/wyz这个/rz世界/n唯有/v两/m样/q东西/n能/v让/v我们/rr的/ude1心灵/n感到/v深深/z的/ude1震撼/vn，/wd一/m是/vshi我们/rr头/m顶/q上/f灿烂/a的/ude1星空/n，/wd一/m是/vshi我们/rr内心/n崇高/a的/ude1道德/n法则/n！/wt
”/wyy谢谢/v各位/rr！/wt
（/wkz长时间/n掌声/n）/wky主席/n：/wm谢谢/v蒋昌建/nr同学/n的/ude1总结/vn陈/nr1词/n。/wj
最后/f我们/rr请/v正方/n第四/m位/q代表/n季麟扬/nr同学/n总结/v陈/nr1词/n，/wd时间/n也/d是/vshi４分钟/t。/wj
（/wkz掌声/n）/wky季麟扬/nr：/wm主席/n、/wn各位/rr评审/v教师/n、/wn对方/n辩/vg友/ng以及/cc各/rz位/q观众/n朋友/n，/wd大家/rr好/a！/wt
我/rr想/v对方/n一再/d地/ude2提到/v在/p饥寒/n的/ude1时候/n也/d能/v谈/v道德/n。/wj
但是/c请/v注意/v在/p这个/rz时候/n，/wd您/rr所/usuo谈/v的/ude1道德/n不/d能够/v帮/v人/n马上/d解除/v饥寒/n，/wd您/rr还/d能够/v谈/v这个/rz道德/n吗/y？/ww
您/rr现在/t肚子/n饿/v了/y，/wd您/rr还/d可以/v坐/v在/p这边/rzs继续/v谈/v，/wd那/rzv是/vshi因为/p您/rr已经/d吃/v过/uguo晚饭/n了/y。/wj
晚饭/n没/d吃/v也/d没关系/vl，/wd下/vf餐/ng还有/v得/ude3吃/v，/wd这/rzv不/d叫/vi饥寒/n哪/y！/wt
这/rzv您/rr还/d是/vshi有/vyou温饱/n的/ude1。/wj
如果/c您/rr已经/d三年/m五年/m长期/d处于/v饥寒/n之下/f，/wd今天/t您/rr哪/ry有/vyou这个/rz身份/n、/wn地位/n和/cc心情/n坐/v在/p这个/rz台上/s跟/v我们/rr大/d谈/v道德/n呢/y？/ww
无论/c道德/n是/vshi判断/v是非/n善恶/n的/ude1标准/n，/wd或者/c是/vshi社会/n大多数/m人/n所/usuo接受/v的/ude1行为/n准则/n，/wd今天/t我们/rr要/v谈/v道德/n必须/d承认/v在/p人类/n生存/vi的/ude1条件/n下/f谈/v才/d有/vyou意义/n，/wd而/cc人类/n求/v生存/vi最/d基本/a最/d起码/b的/ude1需要/n是/vshi什么/ry？/ww
就/d是/vshi温饱/n。/wj
温饱/n确实/ad是/vshi人类/n为/p求/v个体/n的/ude1生存/vn，/wd为/p延续/v种族/n的/ude1生命/n而/cc最/d基本/a的/ude1需要/n。/wj
更/d重要/a的/ude1是/vshi我们/rr看/v温饱/n的/ude1时候/n，/wd必须/d了解/v温饱/n是/vshi一/m种/q连续/a的/ude1变量/n。/wj
也就是说/vl，/wd从/p三/m餐/qv不济/a到/v丰衣足食/vl之间/f，/wd有/vyou许多/m层次/n的/ude1温饱/n。/wj
对方/n同学/n借助于/v简单/a的/ude1二分/m法/n，/wd将/p天下/n人/n分/qt为/v有/vyou温饱/n、/wn没/v温饱/n；/wf有/vyou道德/n、/wn没/v道德/n。/wj
这么/rz简单/a的/ude1分/qt法/n怎么/ryv能/v把/pba道德/n和/cc温饱/n的/ude1关系/n讲/v清楚/a呢/y？/ww
所以/c我们/rr建议/v，/wd要/v检验/vn道德/n和/cc温饱/n的/ude1关系/n就/d必须/d了解/v道德/n与/cc温饱/n是/vshi一个/mq连续/a的/ude1变量/n。/wj
我们/rr必须/d看/v他们/rr相互/d之间/f变化/v的/ude1趋势/n以及/cc相对/vi的/ude1关系/n。/wj
我方/r刚才/t已经/d充分/ad论证/v了/y。/wj
我们/rr社会/n要/v谈/v道德/n就是/d要/v使/v一/m项/q道德/n能够/v在/p社会/n上/f推行/v成功/an，/wd道德/n不/d能/v实现/v光/d谈/v有/vyou什么/ry用/v呢/y？/ww
您/rr饥饿/n的/ude1时候/n很/d想/v谈/v道德/n，/wd但是/c您/rr做/v不/d到/v啊/y。/wj
那么/rz这个/rz时候/n，/wd我方/r的/ude1论点/n主要/d可以/v从/p以下/f四/m个/q方面/n来说/uls。/wj
第一/m，/wd我们/rr从/p逻辑关系/n看/v，/wd人/n的/ude1温饱/n需求/n是/vshi与/p生/v俱/dg来/vf的/ude1，/wd一个/mq小/a娃娃/n刚/d生/v下来/vf，/wd他/rr就/d想/v吃/v想/v要/v有/vyou温暖/an，/wd但是/c人/n的/ude1道德/n是/vshi人类/n社会/n形成/v之后/f才/d产生/v的/ude1，/wd而/cc道德/n的/ude1目的/n呢/y，/wd也/d是/vshi为了/p维持/v这个/rz社会/n的/ude1和谐/an，/wd所以/c如果/c人/n都/d不/d在/p了/y，/wd那/rzv还/d怎么/ryv谈/v道德/n呢/y？/ww
所以/c谈/v道德/n就/d不能/v离开/v温饱/n这个/rz前提/n。/wj
第二/m，/wd从/p政府/n施政/b的/ude1角度/n来看/u，/wd我们/rr认为/v道德/n建设/vn当然/d是/vshi重要/a的/ude1，/wd也/d唯/d是/vshi因为/p我们/rr要/v把/pba道德/n建设/vn建筑/n在/p坚固/a的/ude1磐石/n之上/f，/wd所以/c我们/rr主张/v道德/n的/ude1提倡/v必须/d与/p经济/n建设/vn双管齐下/vl才/d能/v相得益彰/vl，/wd否则/c只是/d一厢情愿/vl地/ude2希望/v三/m餐/qv不济/a，/wd衣衫/n褴褛/z的/ude1人民/n表现/v出/vf高尚/a的/ude1道德/n，/wd恐怕/d不切实际/vl。/wj
