今晚/t半决赛/n第二/m场/qv的/ude1优胜/vn队/n将/d会/v进入/v大/a决赛/vn，/wd与/p昨晚/t的/ude1优胜/vn队伍——/n台湾/ns大学/n队/n决/vg一/m雌雄/n。/wj
那/rzv今晚/t哪个/ry队伍/n会/v获得/v评判/vn团/n的/ude1青睐/vn呢/y？/ww
让/v他们/rr先/d在/p口舌/n上/f比/p个/q高下/n吧/y。/wj
今晚/t对垒/vi的/ude1两/m支/q队伍/n是/vshi悉尼/ns大学/n和/cc复旦/nz大学/n。/wj
现在/t给/p您/rr介绍/v双方/n的/ude1辩论/vn代表/n。/wj
在/p我/rr右手/n的/ude1是/vshi正方/n悉尼/ns大学/n的/ude1代表/n。/wj
第一/m位/q是/vshi：/wm李耀华/nr，/wd文学/n院/n三年/m级/q；/wf第二/m位/q陈慧/nr，/wd政府/n及/cc公共/b管理/vn系/n硕士/n班/n一年/m级/q；/wf第三/m位/q蔡美龄/nr，/wd文学/n院/n三年/m级/q；/wf第/m四/m位/q朱/nr1天/n飙/x，/wd政府/n及/cc公共/b管理/vn系/n荣誉/n班/n学生/n。/wj
在/p我/rr左手/n的/ude1是/vshi反方/n复旦/nz大学/n的/ude1代表/n。/wj
第一/m位/q是/vshi姜丰/nr，/wd中文/nz系/v中国/ns语言/n文学/n研究生/n二年/m级/q；/wf第二/m位/q是/vshi季翔/nr，/wd法律/n系/v二年/m级/q；/wf第三/m位/q是/vshi严嘉/nr，/wd法律/n系/v四年/m级/q；/wf第/m四/m位/q是/vshi蒋昌建/nr，/wd国际/n政治/n系/v硕士/n班/n三年/m级/q。/wj
今晚/t的/ude1评判/vn团/n代表/n共/d有/vyou五/m位/q，/wd他们/rr是/vshi：/wm许廷芳/nr律师/n，/wd许/nr1先生/n是/vshi新加坡/nsf广播/n局/qv董事/n；/wf第二/m位/q是/vshi郭宝昆/nr先生/n，/wd他/rr是/vshi实践/v表演/vn艺术/n中心/n艺术/n总监/n；/wf第三/m位/q是/vshi李廉风/nr女士/n，/wd李/nr1女士/n是/vshi华/b贸/vg国际/n私人/n有限公司/n副/b主席/n；/wf第/m四/m位/q是/vshi李廷辉/nr博士/n，/wd李/nr1博士/n是/vshi前/f东亚/ns哲学/n研究所/n中国/ns部/q主任/n；/wf第五/m位/q是/vshi周清海/nr博士/n，/wd周/nr1博士/n是/vshi国立/b教育/vn学院/n高级/a讲师/n。/wj
今晚/t的/ude1辩/vg题/n是/vshi：/wm艾滋病/n是/vshi医学/n问题/n，/wd不/d是/vshi社会/n问题/n。/wj
反方/n的/ude1立场/n是/vshi艾滋病/n是/vshi社会/n问题/n，/wd不/d是/vshi医学/n问题/n。/wj
双方/n的/ude1立场/n由/p抽签/vn决定/n的/ude1。/wj
现在/t我/rr宣布/v１９９３年/m国际/n大专/n辩论会/n半决赛/n第二/m场/qv正式/ad开始/v。/wj
先/d请/v正方/n第一/m位/q代表/n李耀华/nr同学/n表明/v立场/n和/cc发言/vn，/wd时间/n三分/m钟/n。/wj
（/wkz掌声/n）/wky李耀华/nr：/wm大家/rr好/a！/wt
艾滋病/n是/vshi２０/m世纪/n的/ude1不治之症/nl。/wj
人类/n从古到今/dl都/d面临/v着/uzhe疾病/n的/ude1威胁/vn，/wd并/cc会/v引起/v死亡/vi，/wd医学/n就/d是/vshi因/p此/rzs产生/v的/ude1，/wd它/rr可以/v治疗/vn疾病/n。/wj
如/c不/d可以/v治/v的/ude1话/n，/wd它/rr可以/v用/p医疗/n的/ude1方法/n来/vf预防/v。/wj
艾滋病/n就是/v这样/rzv的/ude1疾病/n，/wd它/rr造成/v的/ude1影响/vn，/wd从/p根本/n上/f说/v就是/v从/p医学/n问题/n上/f产生/v的/ude1。/wj
什么/ry是/vshi艾滋病/n呢/y？/ww
艾滋病/n是/vshi英文/nzＡＩＤＳ/x的/ude1译音/n。/wj
它/rr的/ude1意思/n是/vshi先天/n免疫/vn缺乏/v综合症/n的/ude1简称/n。/wj
美国/nsf公共/b卫生/an机构/n给/p艾滋病/n下/f的/ude1定义/n是/vshi一/m种/q严重/a的/ude1综合症/n，/wd其/rz特点/n是/vshi先天/n免疫性/n受到/v特殊/a损害/vn而/cc造成/v的/ude1。/wj
艾滋病/n的/ude1病人/n易/ad患/v其它/rz多种多样/bl罕见/a的/ude1疾病/n，/wd而/cc这些/rz疾病/n一般/uyy不/d会/v发生/v在/p免疫系统/n未/d受/v损害/v的/ude1人/n身上/s，/wd即使/c发生/v也/d不会/v改变/v问题/n的/ude1，/wd也/d不/d会/v有/vyou致命/vn问题/n的/ude1。/wj
对于/p这些/rz医学/n常识/n，/wd对方/n能/v说/v它/rr不/d是/vshi一个/mq医学/n问题/n吗/y？/ww
问题/n是/vshi需要/v研究/vn讨论/vn并/cc加以/vx解决/vn的/ude1疑难/n。/wj
在/p这个/rz解决/v的/ude1前提/n下/f，/wd对方/n一定/d要/v解释/v艾滋病/n不用/d研究/v加以/vx解决/vn，/wd而是/c从/p社会/n角度/n解决/v的/ude1问题/n。/wj
而/cc社会/n问题/n，/wd根据/p《/wkz中华/nz百科全书/n》/wky的/ude1定义/n是/vshi多数/m人/n视为/v违背/v社会/n规范/a的/ude1一/m种/q行为/n。/wj
尽管/c此/rzs病/n对/p社会/n有/vyou影响/vn，/wd就/d像/v所有/b的/ude1流行性/b绝症/n一样/uyy，/wd例如/v以前/f的/ude1肺结核/n，/wd对/p社会/n有/vyou很/d大/a的/ude1影响/vn。/wj
但/c从/p根本/n上/f你/rr能/v说/v它/rr是/vshi社会/n问题/n吗/y？/ww
艾滋病/n也/d是/vshi同样/b的/ude1，/wd无论是/c从/p它/rr的/ude1起源/n、/wn传播/vn、/wn还/d是/vshi治疗/v的/ude1角度/n来/vf看/v都/d是/vshi跟/p医学/n分/qt不/d开/v的/ude1。/wj
在/p它/rr的/ude1起源/n地/ude2非洲/nsf，/wd虽然/c它/rr的/ude1由来/n有/vyou一定/b的/ude1争论/vn性/ng，/wd但/c我们/rr不/d能/v不/d承认/v两点：/t第一/m在/p当时/t的/ude1非洲/nsf缺乏/v医疗/n防护/vn知识/n；/wf第二/m它/rr缺乏/v治疗/vn设备/n，/wd这/rzv就是/v医学/n问题/n。/wj
在/p传播/vn方面/n，/wd它/rr是/vshi因为/p病/n的/ude1型/n态/ng通过/p不同/a的/ude1途径/n造成/v的/ude1。/wj
但/c这种/r途径/n并/cc不/d是/vshi问题/n的/ude1原因/n，/wd而是/c一/m种/q影响/vn的/ude1方法/n。/wj
只有/c医学/n的/ude1治疗/vn和/cc预防/v才/d能/v解决/v。/wj
这/rzv不/d又/d回到/v了/ule医学/n问题/n上/vf了/ule吗/y？/ww
每年/r在/p非洲/nsf都/d有/vyou２０/m万/m人/n得/ude3艾滋病/n，/wd难道/d你/rr能/v认为/v他们/rr不/d要/v用/p药/n，/wd只/d要/v改变/v思想/n、/wn社会/n观念/n或者/c是/vshi宗教/n信仰/vn，/wd那/c他们/rr就/d可以/v得救/vi了/y吗/y？/ww
不/d能/v！/wt
问题/n在/p医学/n上/f，/wd只有/c医学/n才/d能/v治疗/vn艾滋病/n。/wj
（/wkz掌声/n）/wky主席/n：/wm谢谢/v李耀华/nr同学/n，/wd接/v下来/vf请/v反方/n第一/m位/q代表/n姜丰/nr同学/n表明/v立场/n和/cc发言/vn，/wd时间/n也/d是/vshi３分钟/t。/wj
（/wkz掌声/n）/wky姜丰/nr：/wm大家/rr好/a！/wt
人类/n从古到今/dl都/d有/vyou一/m种/q思维/n定势/n，/wd似乎/d有/vyou了/ule病/n就/d是/vshi医学/n问题/n，/wd对方/n辩/vg友/ng的/ude1立论/vn，/wd我/rr想/v也/d是/vshi受/v了/ule这/rzv种/q偏见/n的/ude1影响/vn。/wj
要/v知道/v医学/n问题/n这个/rz狭小/a的/ude1概念/n是/vshi装/v不/d下/vf艾滋病/n这个/rz“/wyz世纪/n恶魔/n”/wyy的/ude1。/wj
对方/n辩/vg友/ng请/v千/m万/m不要/d让/v大象/n在/p茶杯/n里/f洗澡/vi。/wj
我方/r认为/v，/wd艾滋病/n给/p人类/n带来/v了/ule严重/a危害/vn，/wd远远/d超出/v了/ule医学/n范围/n。/wj
艾滋病/n是/vshi在/p社会/n中/f发生/v、/wn发展/vn的/ude1，/wd必须/d用/p社会/n系统工程/nl加以/vx解决/vn，/wd因而/c是/vshi社会/n问题/n。/wj
首先/c，/wd判断/v一个/mq问题/n的/ude1基本/a标准/n，/wd就是/d看/v问题/n在/p什么/ry领域/n内/f发生/v、/wn发展/vn、/wn并/d加以/vx解决/vn。/wj
所谓/v社会/n问题/n，/wd就/d是/vshi公认/v足以/d危害/v文明/a价值/n的/ude1情景/n。/wj
而/cc艾滋病/n的/ude1发生/vn和/cc发展/vn与/cc同性恋/vn、/wn吸毒/vi、/wn性/n滥/ad交/v、/wn管理/vn行为/n不/d当/v等/udeng社会/n行为/n密切相关/n。/wj
是/vshi社会/n生活/vn方式/n管理/vn不当/a，/wd还有/v观念/n、/wn人生/n价值/n等等/udeng变异/n的/ude1结果/n。/wj
一/m句/q话/n是/vshi社会/n机体/n综合症/n的/ude1结果/n。/wj
现在/t艾滋病/n已经/d波及/v到/v１７３/m个/q国家/n和/cc地区/n，/wd分号/n比/p麦当劳/nz还要/d多/a。/wj
这/rzv难道/d不/d是/vshi社会/n问题/n吗/y？/ww
第二/m，/wd艾滋病/n有/vyou其/rz特殊性/n。/wj
这/rzv就/d是/vshi它/rr的/ude1传染性/n、/wn致命/vi性/ng和/cc社会/n危害性/n。/wj
得/v了/ule艾滋病/n不/d会/v像/p相思病/n那么/rz浪漫/a的/ude1，/wd相思病/n只/d是/vshi两/m个/q人/n的/ude1事/n，/wd而/cc艾滋病/n却/d涉及/v到/v成千上万/vl的/ude1人/n，/wd强/ad传/v性/ng使/v个体/n的/ude1疾病/n上升/vi为/p社会/n公害/n，/wd即使/c洁身自好/vl也/d难免/v万无一失/vl。/wj
以前/f艾滋病/n患者/n已经/d到/v了/ule２５０/m万/m，/wd感染者/n达到/v１４００/m万/m。/wj
而/cc到/v２０００年/m，/wd单/b患者/n就/d达到/v１４００/m万/m，/wd感染者/n将/d达到/v５０００/m万/m—/wp１亿/m。/wj
当/p这个/rz社会/n人人自危/al谈/v艾滋病/n色/ng变/v的/ude1时候/n，/wd对方/n辩/vg友/ng你/rr还/d能/v坦然/a地/ude2说/v这/rzv是/vshi一个/mq医学/n问题/n吗/y？/ww
