正方/nr2就/d反问/v了/ule：/wm人类/n谈/v道德/n谈/v了/ule几/m千年/m，/wd难道/d战争/n就/d因/p此/rzs消失/vi了/y吗/y？/ww
这个/rz问题/n问/v得/ude3很/d有/vyou力/n。/wj
再/d问/v当/p医学/n能够/v解决/v艾滋病/n，/wd还有/v社会/n问题/n吗/y？/ww
当然/d这/rzv是/vshi反方/n可以/v反驳/v的/ude1。/wj
因为/p医学/n解决/v了/ule艾滋病/n，/wd医疗/n了/ule艾滋病/n，/wd如果/c社会/n问题/n没/d解决/v的/ude1话/n，/wd艾滋病/n还/d是/vshi存在/v。/wj
反方/n没有/d接近/v这/rzv一/m论点/n。/wj
比较/d接近/v的/ude1一个/mq论点/n是/vshi，/wd反方/n所/usuo提/v到/v的/ude1是/vshi治标/vi不/d治本/vi，/wd医学/n是/vshi治标/vi不/d治本/vi，/wd但是/c没有/d进一步/d发挥/v，/wd没有/d乘/v胜/v追击/vn。/wj
评判/v团/n认为/v正方/n或许/d可以/v举出/v很多/m实际/a的/ude1例子/n，/wd比如说/vl疟疾/n，/wd小儿麻痹症/n，/wd都/d说明/v了/ule如果/c有/vyou好/a的/ude1医疗/n方法/n，/wd是/vshi可以/v解决问题/n的/ude1，/wd所以/c是/vshi个/q医学/n问题/n，/wd当然/d这/rzv也/d可以/v引起/v反方/n的/ude1反驳/vn。/wj
所以/c我们/rr觉得/v在/p内容/n上/f接近/v平分秋色/vl，/wd旗鼓相当/vl。/wj
有/vyou边界/n的/ude1冲突/vn，/wd而/cc没有/d上升/vi为/p全面/a的/ude1战争/n。/wj
双方/n各自/rr守/v着/uzhe自己/rr的/ude1成分/n多/a，/wd攻击/v对方/n的/ude1少/a。/wj
现在/t我/rr来/vf谈/v辩论/vn技术方面/n。/wj
在/p反应/vn上/f，/wd我们/rr觉得/v反方/n相当/d迅速/a。/wj
举/v个/q例子/n：/wm小/a女孩/n患/v了/ule艾滋病/n，/wd你/rr能/v对/p她/rr进行/vx性/n教育/vn吗/y？/ww
他/rr的/ude1反驳/vn是/vshi对/p妈妈/n进行/vx性/n教育/vn。/wj
这样/rzv的/ude1反应/vn是/vshi很/d迅速/a的/ude1。/wj
在/p语言/n上/f，/wd反方/n的/ude1语言/n都/d相当/d恰当/a和/cc准确/a。/wj
也/d很/d能够/v把/pba诗词/n和/cc论点/n结合/v在/p一起/s。/wj
比如/v“/wyz此/rzs恨/v绵绵/z无/v绝/ag期/ng”/wyy，/wd又/d如/v“/wyz千/m山/n鸟/n飞/dg绝/ag，/wd万/m径/ng人/n踪/ng灭/v”/wyy，/wd再/d加/v论点/n，/wd再/d来/vf持续/vi第三/m句/q。/wj
这些/rz都/d是/vshi引证/v的/ude1很/d恰当/a，/wd如果/c过度/d运用/v就/d会/v流/v于/p浮华/an。/wj
词句/n运用/v那/rzv就/d小心/ad调整/v了/y。/wj
“/wyz沉/v舟/n侧/ng畔/ng千/m帆/n过/uguo，/wd病/n树/n前头/f万/m木/ng春/tg”/wyy，/wd但/c在/p实际/n内容/n上/f攻击力/n比较/d虚弱/a。/wj
不过/c也/d因为/p词句/n运用/v恰当/a，/wd所以/c层次分明/n，/wd条理/n分明/a，/wd论点/n清晰/a，/wd词锋/n也/d比较/d锐利/a。/wj
在/p态度/n上/f，/wd我们/rr觉得/v反方/n攻势/n相当/d猛/x烈/a，/wd一/m环扣/n一/m环/q。/wj
不过/c能/v在/p得/v理/n不/d饶/v人/n的/ude1大势/n之中/f，/wd气势/n之中/f，/wd再/d加以/vx谦和/a之/uzhi风/ng，/wd我/rr想/v会/v更加/d完整/a。/wj
正方/n平均/ad在/p态度/n上/f相当/d缓和/v，/wd有/vyou几/m位/q的/ude1表现/vn是/vshi处变不惊/vl，/wd能够/v在/p压力/n之下/f，/wd冷静/a的/ude1反思/vn对方/n的/ude1观点/n，/wd加以/vx反驳/vn。/wj
正方/n的/ude1第一/m位/q是/vshi一个/mq典型/a的/ude1例子/n。/wj
自由/a辩论/vn相当/d精彩/a，/wd双方/n有/vyou很多/m地方/n有来有往/vl，/wd短兵相接/vl，/wd正面/d交锋/vi。/wj
比如说/vl，/wd如果/c艾滋病/n能够/v靠/p医学/n治疗/vn，/wd那/rzv不/d就/d没有/v社会/n问题/n了/y吗/y？/ww
马上/d反驳/v：/wm如果/c可以/v的话/udh，/wd巴黎/nsf也/d可以/v装/v在/p一个/mq瓶子/n里/f了/y，/wd可是/c正方/n马上/d反驳/v：/wm正是/v因为/c如果/c，/wd人类/n才/d上/vf了/ule月球/n啊/y！/wt
这样/rzv的/ude1一/m来/vf一/m住/vi，/wd例子/n很多/m，/wd不再/d一一/m叙述/v了/y。/wj
反/vi方/d有/vyou个/q技术/n，/wd评判/v团/n也/d观察/v到/v了/y，/wd似乎/d有/vyou它/rr的/ude1威力/n，/wd那/rzv就是/v反方/n利用/v一些/mq问题/n时/ng，/wd明明/d知道/v问题/n的/ude1答/v案/x，/wd却/d只/d问/v问题/n不/d给/v答/v案/x。/wj
比如/v艾滋病/n日/qt的/ude1口号/n是/vshi什么/ry，/wd等/v着/uzhe你/rr掉/v进来/vf。/wj
正方/n也/d不/d弱/a，/wd正方/n第四/m位/q就/d紧/d抓/v住/vi一个/mq论点/n，/wd千百/m人/n有/vyou心脏病/n，/wd难道/d心脏病/n就/d是/vshi个/q社会/n问题/n吗/y？/ww
反方/n也/d一直/d回答/v不/d出/vf这个/rz问题/n。/wj
所以/c我们/rr觉得/v今天/t晚上/t的/ude1辩论/vn相当/d精彩/a，/wd双方/n的/ude1表现/vn都/d不错/a。/wj
以/p个人/n表现/vn，/wd反方/n整体/n的/ude1表现/vn都/d相当/d优异/a。/wj
尤其/d是/vshi第四/m位/q和/cc第三/m位/q，/wd都/d相当/vi的/ude1突出/a。/wj
正方/n呢/y，/wd第一/m位/q的/ude1表现/vn也/d不错/a。/wj
谈/v到/v这里/rzs我/rr就/d必须/d把/pba今天/t的/ude1评/v决/vg交给/v主席/n宣布/v，/wd谢谢/v各位/rr！/wt
（/wkz掌声/n）/wky主席/n：/wm谢谢/v许/nr1先生/n给/p我们/rr所/usuo作/v的/ude1分析/vn。/wj
在/p宣布/v这个/rz判决/vn之前/f，/wd让/v我/rr预告/v这个/rz星期天/t晚上/t，/wd我们/rr的/ude1国际/n大专/n辩论会/n将/d进入/v最/d高潮/n，/wd就/d是/vshi当天/t晚上/t的/ude1大/a决赛/vn将/d是/vshi由/p台湾/ns大学/n对垒/vi今晚/t的/ude1优胜/vn队伍/n。/wj
辩/vg题/n是/vshi：/wm人性/n本/n善/ag。/wj
评判/v团/n经过/p慎重/ad考虑/v之后/f，/wd以/p大多数/m票/q同意/v，/wd获胜/vi的/ude1一/m方/q是/vshi：/wm反方/n复旦/nz大学/n队/n。/wj
（/wkz掌声/n）/wky首/m届/q国际/n华语/nz大专/n辩论会/n决赛/vn辩/vg词/n实录/n辩/vg题/n：/wm《/wkz人性/n本/rz善/ng》/wky正方/n：/wm台湾/ns大学/n队/n反方/n：/wm复旦/nz大学/n队/n主席/n：/wm黎学平/nr时间/n：/wm１９９３年/m８月/t２９日/t下午/t主席/n：/wm观众/n朋友/n，/wd欢迎/v光临/v１９９３年/m国际/n大专/n辩论会/n大/a决赛/vn。/wj
这个/rz国际/n大专/n辩论会/n是/vshi由/p新加坡/nsf广播电视局/nt和/cc中国/ns中央电视台/nt联合/vd举办/v的/ude1。/wj
过去/t的/ude1一个/mq星期/n，/wd辩论会/n的/ude1八/m支/q队伍/n经过/p四/m场/qv初赛/vi，/wd二/m场/qv半决赛/n之后/f，/wd其中/rz的/ude1六/m支/q队伍/n淘汰/v了/y。/wj
今天/t进入/v大/a决赛/vn的/ude1两/m支/q队伍/n可/v说是/v辩论/vn经验/n丰富/a的/ude1精英/n，/wd他们/rr肯定/d会/v在/p今天/t的/ude1比赛/vn中/f大展/n辩才/n，/wd给/p大家/rr带来/v场/qv“/wyz劲/n”/wyy的/ude1（/wkz比赛/v）/wky，/wd让/v大家/rr大/d饱/a耳福/n。/wj
今天/t我们/rr非常/d荣幸/a地/ude2邀请/v到/v新加坡/nsf副/b总理/n李显龙/nr准将/n出席/v我们/rr的/ude1大/a决赛/vn（/wkz掌声/n）/wky。/wj
国际/n大专/n辩论会/n的/ude1冠军/n队/n将/d获得/v一/m万/m元/q的/ude1现金/n奖/n，/wd亚/b军队/n可/v获得/v五千/m元/q。/wj
另外/c，/wd我们/rr也/d将/d在/p过去/t几/m场/qv和/p今天/t的/ude1辩论/vn群英会/n中/f选出/v一/m位/q最佳/z辩论/v员/ng，/wd他/rr可以/v获得/v二千/m元/q的/ude1现金/n奖励/vn。/wj
现在/t向/p您/rr介绍/v参加/v今天/t大/a决赛/vn的/ude1两/m支/q队伍/n，/wd台湾/ns大学/n和/cc复旦/nz大学/n。/wj
在/p我/rr右手/n边/k的/ude1是/vshi正方/n台湾/ns大学/n的/ude1代表/n，/wd第一/m位/q是/vshi吴淑燕/nr，/wd政治/n系/v二年/m级/q；/wf第二/m位/q是/vshi蔡仲达/nr，/wd会计/n系/v二年/m级/q；/wf第三/m位/q是/vshi许金龙/nr，/wd政治/n系/v二年/m级/q；/wf第/m四/m位/q是/vshi王信国/nr，/wd哲学系/n二年/m级/q（/wkz掌声/n）/wky。/wj
在/p我/rr左手/n边/k的/ude1是/vshi反方/n复旦/nz大学/n的/ude1代表/n：/wm第一/m位/q是/vshi姜丰/nr，/wd中文/nz系/v中国/ns语言/n文学/n研究生/n二年/m级/q；/wf第二/m位/q是/vshi季翔/nr，/wd法律/n系/v二年/m级/q；/wf第三/m位/q是/vshi严嘉/nr，/wd法律/n系/v四年/m级/q；/wf第/m四/m位/q是/vshi蒋昌建/nr，/wd国际/n政治/n系/v硕士/n班/n三年/m级/q（/wkz掌声/n）/wky。/wj
今天/t我们/rr的/ude1评判/vn团/n阵容/n也/d特别/d强大/a。/wj
五/m人/n评判/vn团/n是/vshi由/p本地/rzs和/cc海外/s专业/n人士/n组成/v的/ude1。/wj
他们/rr是/vshi：/wm郭振羽/nr教授/n，/wd他/rr是/vshi南洋/ns理/n工/ag大学/n传播/vn学院/n院长/n（/wkz掌声/n）/wky第二/m位/q是/vshi吴德耀/nr教授/n，/wd他/rr是/vshi前/f东亚/ns哲学/n研究所/n所长/n（/wkz掌声/n）/wky第三/m位/q是/vshi查良镛/nr先生/n，/wd他/rr是/vshi香港/ns《/wkz明/tg报/n》/wky创办/v人/n，/wd也/d是/vshi著/vi名/q武侠小说/n家/q，/wd笔名/n金庸/nr2（/wkz掌声/n）/wky第四/m位/q是/vshi杜维明/nr教授/n，/wd他/rr是/vshi美国/nsf哈佛/ns大学/n东方/s语言/n及/cc文明/n学/v系/v教授/n（/wkz掌声/n）/wky第五/m位/q是/vshi许廷芳/nr律师/n，/wd他/rr是/vshi新加坡/nsf广播/n局/qv董事/n（/wkz掌声/n）/wky。/wj
