（/wkz掌声/n、/wn笑声/n）/wky第三/m，/wd尽管/c我们/rr承认/v人性/n本/rz恶/a，/wd（/wkz时间/n警示/vn）/wky但/c并/d不/d意味/v着/uzhe人类/n前途/n一/m片/q黑暗/a，/wd人/n之所以/c成为/v宇宙/n之/uzhi精华/n、/wn万物/n之/uzhi灵/ng长/a，/wd并/cc不/d因为/p他/rr白/a壁/ng无瑕/z，/wd完美无缺/al，/wd而/cc在于/v能/v有/vyou认识/n自己/rr的/ude1勇气/n，/wd承认/v人性/n本/rz恶/a；/wf人/n有/vyou判断/vn是非/n的/ude1理性/n，/wd能够/v扬/vg善/ag弃/vg恶/a。/wj
为了/p矫治/vn本/rz恶/a的/ude1人性/n，/wd人们/n不仅/c制定/v法律/n以/p平息/vi暴力/n、/wn规范/a道德/n以/p减少/v争斗/vn、/wn设立/v政府/n以/p处罚/vn叛逆/vn，/wd而且/c倡导/v坚贞/a以/p反对/v意/ng乱/d行/vi迷/ng、/wn编写/v童话/n去/vf诅咒/v忘恩负义/vl（/wkz掌声/n）/wky。/wj
真/d可谓/v苦心孤诣/vl、/wn殚精竭虑/vl。/wj
而/cc对方/n辩/vg友/ng却/d坚持/v人性/n本/rz善/ng，/wd言/vg下/vf之/uzhi意/ng人类/n所有/b的/ude1道德/n教/v化/k都/d是/vshi多此一举/vl了/y！/wt
心/n痛/a之/uzhi余/ng我/rr不禁/d请问/v对方/n辩/vg友/ng，/wd如果/c人性/n本/rz善/ng，/wd那么/c我们/rr要/v道德/n法律/n、/wn交通/n规则/n干/v什么/ry呢/y？/ww
如果/c人性/n本/rz善/ng的/ude1话/n，/wd个人/n修养/n、/wn社会/n教/v化/k还/d有/vyou存在/v的/ude1必要/a吗/y？/ww
（/wkz时间/n到/v）/wky谢谢/v！/wt
（/wkz长时间/n掌声/n）/wky主席/n：/wm谢谢/v季翔/nr2同学/n，/wd接/v下来/vf我们/rr请/v正方/n第三/m位/q代表/n许金龙/nr同学/n发言/vi，/wd时间/n三分/m钟/n。/wj
（/wkz掌声/n）/wky许金龙/nr：/wm孔/nr1老夫子/n孜孜不倦/vl，/wd因为/c他/rr是/vshi个/q勤于/v灌溉/v善/ag根/n的/ude1人/n。/wj
对方/n辩/vg友/ng，/wd大家/rr好/a！/wt
我/rr想/v请问/v对方/n辩/vg友/ng，/wd今天/t提出/v了/ule这么/rz多/a，/wd如果/c说/v人性/n真的/d是/vshi本/rz恶/a的/ude1，/wd我们/rr来/vf请问/v下面/f几/m个/q问题/n：/wm如果/c说/v呀/y，/wd驯兽师/n可以/v改变/v狮子/n的/ude1本性/n的话/udh，/wd那么/c我们/rr想/v想/v看/v，/wd我们/rr可以/v教/v狮子/n敬礼/vi，/wd也/d可以/v教/v狮子/n行善/vi吗/y？/ww
我/rr再/d想/v请问/v对方/n辩/vg友/ng，/wd如果/c说/v今天/t是/vshi人性/n本/rz恶/a的/ude1话/n，/wd对方/n辩/vg友/ng说/v的/ude1种种/q教育/vn，/wd那/rzv可能/v实行/v吗/y？/ww
谁/ry会/v信任/v谁/ry，/wd由/p哪/ry一个/mq性/n善/ag的/ude1人/n来/vf教/v，/wd还是/v性/ng恶/a的/ude1人/n来/vf教/v呢/y？/ww
如果/c说/v性/ng恶/a的/ude1人/n来/vf教/v的/ude1话/n，/wd那/rzv谁/ry会/v服/v谁/ry呢/y？/ww
他/rr教/v的/ude1凭/p什么/ry就/d是/vshi善/ag的/ude1呢/y？/ww
今天/t对方/n辩/vg友/ng最/d根本/a的/ude1关键/a的/ude1矛盾/an错误/n就/d在于/v说/v，/wd他/rr相信/v人性/n本/rz恶/a，/wd但/c本/rz恶/a的/ude1人/n会/v摒弃/v恶/a的/ude1价值/n吗/y？/ww
本/rz恶/a的/ude1人/n会/v喜欢/vi恶/a吧/y，/wd他/rr讨厌/v的/ude1是/vshi什么/ry呢/y？/ww
讨厌/v的/ude1是/vshi某/rz一个/mq人/n加/v在/p他/rr身上/s的/ude1恶行/n。/wj
所以/c说/v，/wd本/rz恶/a的/ude1人/n应当/v是/vshi非常/d快乐/a地/ude2去/vf行/ng恶/a才/c对/p，/wd他/rr最/d讨厌/v、/wn难/a过/uguo的/ude1是/vshi别人/rr的/ude1恶/ad加/v在/p他/rr身上/s才/d对/v。/wj
所以/c说/v，/wd今天/t对方/n辩/vg友/ng在/p这样/rzv的/ude1错误/n矛盾/an之下/f，/wd怎么/ryv能/v告诉/v我们/rr说/v，/wd人性/n本/rz恶/a的/ude1，/wd但/c人/n又/d会/v摒弃/v恶/a的/ude1价值/n呢/y？/ww
既然/c人性/n本/rz恶/a，/wd人/n就/d会/v欢欢喜喜/z地/ude2接受/v恶/a的/ude1价值/n。/wj
接/v下来/vf我们/rr再/d来/vf看/v对方/n辩/vg友/ng今天/t说/v的/ude1什么/ry？/ww
对方/n辩/vg友/ng，/wd今天/t说/v啊/y，/wd人性/n有/vyou两/m层/qv，/wd一/m种/q是/vshi自然/a属性/n，/wd是/vshi天性/n，/wd再/d一/m种/q是/vshi社会/n属性/n，/wd那/rzv种/q是/vshi后天/n的/ude1。/wj
自然/n属性/n就是说/c人/n的/ude1天性/n就/d跟/p动物/n一样/uyy，/wd有/vyou欲望/n的/ude1本能/n。/wj
对/p了/y，/wd对方/n辩/vg友/ng说/v得/ude3好/a，/wd自然/n属性/n，/wd人/n就/d只/d有/vyou自然/a属性/n，/wd本能/n的/ude1欲望/n而已/y吗/y？/ww
那/rzv人/n跟/p动物/n有/vyou什么/ry差别/n呢/y？/ww
跟/p狮子/n老虎/n又/d有/vyou什么/ry差别/n呢/y？/ww
对方/n辩/vg友/ng，/wd请/v您/rr待会儿/d要/v解释/v给/p大家/rr听/v。/wj
（/wkz笑声/n）/wky那么/c再/d说/v到/v人/n的/ude1社会/n属性/n，/wd我/rr就/d不/d懂/v了/y，/wd人/n的/ude1社会/n属性/n，/wd为什么/ryv就/d是/vshi后天/n的/ude1，/wd不/d是/vshi本性/n？/ww
人/n的/ude1社会/n属性/n就是说/c人/n可以/v被/pbei教/v，/wd人/n有/vyou善/ag根/n，/wd人/n有/vyou善/ag端/ng，/wd那/rzv这/rzv不/d就是/v人/n的/ude1本性/n了/y？/ww
对方/n辩/vg友/ng，/wd如果/c说/v今天/t本性/n可以/v移/v来/vf移/v去/vf，/wd从/p恶/ad换/v到/v善/ag，/wd从/p善/dg换/v到/v恶/ag，/wd那/c我/rr想/v请问/v，/wd本来/d的/ude1性/ng到底/d是/vshi什么/ry？/ww
（/wkz鼓掌/vi）/wky如果/c对方/n辩/vg友/ng说/v今天/t坚信/v，/wd历史/n演进/vn过程/n当中/f都/d是/vshi往/p恶/a的/ude1方向/n移动/vn的/ude1话/n，/wd我方/r今天/t没有/v话/n说/v。/wj
今天/t就/d在于/v说/v，/wd整个/b历史/n过程/n都/d是/vshi往/p善/ag的/ude1去/vf移动/vn，/wd所以/c我们/rr相信/v，/wd对方/n辩/vg友/ng也/d相信/v，/wd该/rz往/p善/ag的/ude1方向/n去/vf移动/vn，/wd可/c是/vshi谁/ry会/v相信/v，/wd社会/n该/rz往/p善/ag的/ude1方向/n去/vf移动/v呢/y？/ww
是/vshi那些/rz本/q恶/a的/ude1人/n吗/y？/ww
如果/c说/v对方/n辩/vg友/ng真/a的/ude1坚信/v本/rz恶/a的/ude1话/n，/wd那/c我/rr就要/d称赞/v对方/n辩/vg友/ng一/m句/q：/wm你/rr是/vshi泯灭/v天性/n，/wd没有/v天良/nr2的/ude1人/n了/y！/wt
（/wkz笑声/n、/wn掌声/n）/wky因为/p那/rzv就是/v您/rr顺/v性/ng而/cc为/v，/wd顺乎/v自然/n，/wd应/v乎/u天理/n，/wd顺乎/v人心/n了/y吗/y？/ww
所以/c，/wd我们/rr再/d来/vf想/v想/v看/v，/wd如果/c说/v我们/rr建立/v起来/vf一个/mq本/d恶/a的/ude1世界/n的/ude1话/n，/wd我们/rr的/ude1社会/n会/v是/vshi怎么样/ryv？/ww
相信/v我/rr，/wd我们/rr在/p这里/rzs谈/v，/wd不/d是/vshi谈/v输赢/n，/wd是/vshi谈/v真理/n。/wj
如果/c说/v人性/n本/rz恶/a，/wd我们/rr彼此/rr无法/v信任/vn。/wj
你/rr坐/v在/p那里/rzs，/wd我/rr坐/v在/p这里/rzs，/wd我们/rr彼此/rr有/vyou什么样/ryv的/ude1语言/n可以/v进行/vx沟通/vn。/wj
因为/p你/rr会/v怀疑/v我/rr，/wd我会/r猜忌/v你/rr，/wd如果/c没有/v本/rz，/wd如果/c没有/d善良/a的/ude1端/ng行/ng，/wd没有/d善良/a种子/n，/wd我们/rr怎么/ryv在/p这里/rzs进行/vx流畅/a的/ude1沟通/vn呢/y？/ww
在/p这里/rzs，/wd我方/r要/v一再/d地/ude2强调/v的/ude1是/vshi说/v，/wd今天/t对方/n辩/vg友/ng，/wd如果/c今天/t（/wkz时间/n到/v）/wky相信/v人性/n本/rz恶/a的/ude1话/n，/wd就/d不/d会/v有/vyou我们/rr这/rzv群/q和善/a的/ude1人群/n了/y。/wj
（/wkz掌声/n）/wky主席/n：/wm接下来/c我们/rr听听/v反方/n第三/m位/q代表/n严嘉/nr同学/n怎么/ryv反驳/v，/wd时间/n三分/m钟/n。/wj
（/wkz掌声/n）/wky严嘉/nr：/wm谢谢/v主席/n，/wd各位/rr好/a！/wt
对方/n一/m辩/vg说/v，/wd有的/rz人/n是/vshi“/wyz放下/v屠刀/n，/wd立/v地/ude2成/v佛/n”/wyy的/ude1，/wd这/rzv不错/a，/wd但/c我/rr请问/v，/wd如果/c人/n都/d是/vshi本/n善/ag的/ude1话/n，/wd谁/ry会/v拿/v起/vf屠刀/n呢/y？/ww
（/wkz掌声/n）/wky第二/m，/wd对方/n二/m辩/vg说/v，/wd人/n一/m教/v一/m学/v就/d能够/v会/v善/ag，/wd那/c我们/rr看到/v好多/m人/n他们/rr做/v恶/a事/n的/ude1时候/n，/wd是/vshi不/d要/v教/ng，/wd不/d要/v学/v，/wd就/d会/v去/vf做/v的/ude1。/wj
