（/wkz笑声/n、/wn掌声/n）/wky我们/rr再/d看到/v，/wd对方/n辩/vg友/ng认为/v恶/ag都/d是/vshi外因/n，/wd但/c我/rr请问/v，/wd如果/c鸡蛋/n没有/d缝/v的话/udh，/wd苍蝇/n会/v去/vf叮/v它/rr吗/y？/ww
所以/c，/wd还/d是/vshi它/rr有/vyou内因/n在/p起/vf作用/n的/ude1。/wj
至于/p说/v到/v，/wd善端/nr2是/vshi从/p哪儿/rys来/vf的/ude1？/ww
我/rr告诉/v对方/n辩/vg友/ng，/wd如果/c人/n人/n皆/d自私/a的/ude1话/n，/wd那么/rz人人/n都/d不/d能/v自私/an。/wj
因此/c制约/v、/wn权/v中/f产生/v节制/vn，/wd这/rzv就是/d最/d早/a的/ude1善源/nr2。/wj
至于/p后天/t的/ude1教/ng化/v，/wd它/rr自然而然/al形成/v了/y。/wj
对方/n辩/vg友/ng不要/d对/p历史/n事实/n视而不见/vl。/wj
好/a，/wd下面/f我/rr从/p现实/n和/cc历史/n的/ude1层面/n进一步/d阐述/v我方/r观点/n。/wj
第一/m，/wd人类/n在/p诞生/vi之/uzhi初/ng，/wd就/d已经/d把/pba本/rz恶/a的/ude1人性/n充分/a地/ude2显示/v出来/vf。/wj
人类学/n研究/v表明/v，/wd周口店/ns猿人/n就/d已经/d懂得/v用/p火/n来/f把/pba同类/n的/ude1头骨/n烤/v着/uzhe吃/v，/wd这种/r生/v猛/x烧烤/vn，/wd是/vshi何等/d凶残/a啊/y！/wt
而/cc《/wkz人类/n的/ude1起源/n》/wky一/m书/n中/f告诉/v我们/rr，/wd当/v一个/mq土/n人/n的/ude1小孩/n不/d小心/a，/wd把/pba一/m筐/q海胆/n掉/v进/vf海里/s的/ude1时候/n，/wd土/b人/n竟/d把/pba他/rr活活/d地/ude2摔/v死/v在/p石/ng崖/ng上/f。/wj
面对/v着/uzhe原始/a人/n这种/r凶残/a的/ude1天性/n，/wd对方/n辩/vg友/ng，/wd难道/d还/d告诉/v我们/rr，/wd人性/n本/n善/ag吗/y？/ww
第二/m，/wd正是/v由于/p人性/n本/rz恶/a的/ude1存在/vn，/wd所以/c，/wd在/p人类/n社会/n沧海桑田/vl的/ude1演进/vn过程/n之中/f，/wd教/v化/k才/d显得/v尤其/d重要/a，/wd而且/c也/d相当/d艰巨/a。/wj
“/wyz十年/m树木/n，/wd百年树人/nl”/wyy，/wd我方/r从来/d不/d否认/v，/wd通过/p后/f天/qt的/ude1教/ng化/v和/cc修养/n，/wd人/n是/vshi可以/v对/p他/rr的/ude1人性/n加以改变/n，/wd甚至/d形成/v伟大/a的/ude1人格/n的/ude1。/wj
但是/c，/wd正/d因为/c有/vyou本/rz恶/a的/ude1人性/n存在/v，/wd所以/c，/wd我们/rr要/v知道/v，/wd学好/v三年/m，/wd学/v坏/a三/m天/qt，/wd（/wkz时间/n警示/vn）/wky“/wyz病/n来/vf如/v山/n倒/vi，/wd病/n去/vf如/v抽丝/vi”/wyy呀/y。/wj
请/v大家/rr想/v一/m想/v，/wd看/v暴力/n片/q，/wd色情/n片/q，/wd是/vshi从来/d没有/v什么/ry公开/a的/ude1倡导/vn和/cc鼓励/v的/ude1，/wd但/c为什么/ryv总/d有/vyou那么/rz多/a人/n要/v趋之若鹜/vl呢/y？/ww
（/wkz笑声/n、/wn掌声/n）/wky第三/m，/wd认识/v到/v人性/n本/rz恶/a，/wd其实/d并/d不/d是/vshi人类/n的/ude1羞耻/n。/wj
真正/d应该/v反省/v的/ude1，/wd是/vshi面对/v着/uzhe真理/n，/wd却/d不/d敢/v去/vf正视/v它/rr。/wj
其实/d，/wd人类/n社会/n演进/vn的/ude1过程/n，/wd从/p某种/rz意义/n上/f也/d就是/v人/n的/ude1尊严/n这种/r虚假/a的/ude1虚荣/a被/pbei不断/d剥/v去/vf的/ude1过程/n。/wj
我们/rr看到/v在/p神学/n灵光/nz笼罩/v之下/f，/wd人类/n曾经/d是/vshi相当/vi的/ude1夜郎自大/vl。/wj
但是/c，/wd哥白尼/nrf的/ude1日/b心/n说/v，/wd抹/v去/vf了/ule人/n在/p宇宙/n中/f的/ude1中心/n地位/n；/wf达尔文/nrf的/ude1进化论/n揭示/v人/n与/cc动物/n之间/f必然/n的/ude1内在/b联系/vn；/wf而/cc弗洛伊德/nrf则/d披露/v了/ule在/p理性/n的/ude1冰山/n尖/ng之下/f，/wd人/n的/ude1巨大/a的/ude1本能/n的/ude1冲动/an与/cc欲望/n。/wj
今天/t，/wd我们/rr也/d只有/c真正/d地/ude2认识/v到/v人性/n本/rz恶/a这/rzv一/m基础/n，/wd（/wkz时间/n到/v）/wky才/d能/v做到/v抑/vg恶/ag扬/vg善/ag。/wj
谢谢/v！/wt
（/wkz掌声/n）/wky主席/n：/wm谢谢/v严嘉/nr同学/n，/wd听/v过/uguo双方/n代表/n对/p善恶/n的/ude1陈/nr1辞/ng。/wj
现在/t是/vshi他们/rr大展/v辩才/n的/ude1时候/n。/wj
在/p自由/ad辩论/v开始/v之前/f先/d提醒/v双方/n代表/n，/wd你们/rr每队/r各/rz有/vyou四分/m钟/n发言/vn时间/n，/wd正方/n同学/n必须/d先/d发言/vi。/wj
好/a，/wd现在/t自由/ad辩论/v开始/v！/wt
（/wkz掌声/n）/wky王信国/nr：/wm我/rr想/v首先/d请问/v对方/n辩/vg友/ng，/wd既然/c人性/n本/rz恶/a，/wd世界/n上/f为什么/ryv会/v有/vyou善/ag行/ng的/ude1发生/v？/ww
蒋昌建/nr：/wm我/rr方/d一/m辩/vg已经/d解释/v了/y。/wj
我/rr倒/d想/v请问/v对方/n辩/vg友/ng，/wd在/p评选/vn模范/n丈夫/n时/ng，/wd你/rr能/v告诉/v我/rr，/wd这个/rz模范/n丈夫/n本性/n是/vshi好/a的/ude1，/wd就是/d经不起/v美/b色/n的/ude1诱惑/vn吧/y？/ww
（/wkz笑声/n、/wn掌声/n）/wky许金龙/nr：/wm对方/n辩/vg友/ng，/wd他/rr要/v有/vyou人/n勤/ad加/v于/p灌溉/vn，/wd我/rr想/v请问/v对方/n辩/vg友/ng，/wd请/v您/rr正面/d回答/v我/rr，/wd您/rr喜/v不/d喜欢/vi杀人/vi放火/vi？/ww
（/wkz笑声/n）/wky季翔/nr：/wm我/rr当然/d不/d喜欢/vi，/wd因为/c我/rr受/v过/vf了/ule教/v化/v。/wj
但/c我/rr并/d不/d以/p我/rr的/ude1人性/n本/rz恶/ad为/v耻辱/n。/wj
我/rr想/v请问/v对方/n，/wd你们/rr的/ude1善/dg花/v是/vshi如何/ryv结出/v恶果/n的/ude1？/ww
（/wkz掌声/n）/wky吴淑燕/nr：/wm我/rr想/v先/d请问/v对方/n同学/n，/wd您/rr的/ude1教育/vn能够/v使/v你/rr一辈子/mq不/d流露/v本性/n吗/y？/ww
如果/c您/rr不/d小心/ad流露/v本性/n，/wd那/c我们/rr大家/rr可/v要/v遭殃/vi了/y。/wj
严嘉/nr：/wm所以/c我/rr要/v不断/d地/ude2注意/v修身/vi自己/rr呀/y！/wt
曾/d子/ng为什么/ryv说/v：/wm“/wyz吾日三省吾身/nl”/wyy呢/y？/ww
所以/c，/wd我/rr再次/d想/v请问/v对方/n辩/vg友/ng，/wd你们/rr说/v内因/n没有/v的/ude1话/n，/wd那/rzv恶/a花/n为什么/ryv会/v从/p善/ag果/ng里/f产生/v呢/y？/ww
王信国/nr：/wm我/rr来/vf告诉/v大家/rr为什么/ryv会/v有/vyou，/wd这/rzv是/vshi因为/p教育/vn跟/p环境/n的/ude1影响/vn吗/y！/wt
我/rr倒/d请/v对方/n辩/vg友/ng直接/ad回答/v我们/rr问题/n嘛/y，/wd到底/vi人世间/n为什么/ryv会/v有/vyou善/ag行/ng的/ude1发生/vn，/wd请/v你/rr告诉/v大家/rr。/wj
姜丰/nr：/wm我方/r明明/d回答/v过/uguo了/y，/wd为什么/ryv对方/n辩/vg友/ng就/d是/vshi对/p此/rzs听而不闻/vl呢/y？/ww
到底/d是/vshi没/d听见/v，/wd还是/c没/d听/v懂/v啊/y？/ww
（/wkz笑声/n、/wn掌声/n）/wky许金龙/nr：/wm你/rr有/vyou本事/n再说/vi一/m遍/qv，/wd为什么/ryv我们/rr听/v了/y，/wd从来/d没有/d听/v懂/v过/uguo呢/y？/ww
我/rr想/v请问/v对方/n辩/vg友/ng，/wd您/rr说/v荀子/nr说/v性/ng恶/a，/wd但是/c所有/b的/ude1学者/n都/d知道/v荀子/nr是/vshi无/v善/dg无/v恶/ad说/v。/wj
蒋昌建/nr：/wm我/rr第三/m次/qv请问/v对方/n辩/vg友/ng，/wd善/dg花/v如何/ryv开/v出/vf恶果/n呢/y？/ww
第一/m个/q所谓/v恶/a的/ude1老师/n从/p哪/ry来/vf呢/y？/ww
吴淑燕/nr：/wm我/rr倒/d想/v请问/v对方/n同学/n了/y，/wd如果/c人性/n本/rz恶/a，/wd是/vshi谁/ry第一/m个/q教导/vn人性/n要/v本/n善/ag的/ude1？/ww
这/rzv第一/m个/q到底/d为什么/ryv会/v自我/rr觉醒/vi？/ww
季翔/nr：/wm我/rr方/d三/m辩/vg早就/d解释/v过/uguo了/y，/wd我/rr想/v第四/m次/qv请问/v对方/n辩/vg友/ng，/wd善/dg花/v是/vshi如何/ryv结出/v恶果/n的/ude1？/ww
王信国/nr：/wm我/rr再/d说/v一/m次/qv，/wd善/dg花/v为什么/ryv结出/v恶果/n，/wd有/vyou善/ag端/ng，/wd但/c是/vshi因为/p后天/t的/ude1环境/n跟/p教育/vn的/ude1影响/vn，/wd使/v他/rr作出/v恶行/n。/wj
对方/n辩/vg友/ng应该/v听/v清楚/a了/y吧/y？/ww
我/rr再/d想/v请问/v对方/n辩/vg友/ng，/wd今天/t泰丽莎/nrf修女/n的/ude1行为/n，/wd世界/n上/f盛行/v好/a的/ude1行为/n，/wd为什么/ryv她/rr会/v做出/v善/ag行/ng呢/y？/ww
季翔/nr：/wm如果/c恶/a都/d是/vshi由/p外部/f环境/n造成/v的/ude1，/wd那/rzv外部/f环境/n中/f的/ude1恶/a又/d是/vshi从/p何而来/nr的/ude1呢/y？/ww
蔡仲达/nr：/wm对方/n辩/vg友/ng，/wd请/v你们/rr不要/d回避/v问题/n，/wd台湾/ns的/ude1正严/nr法师/n救济/n安徽/ns的/ude1大/a水/n，/wd按/p你们/rr的/ude1推论/vn不/d就是/v泯灭/v人性/n吗/y？/ww
