睡/v吧/y。/wj
”/wyy他/rr一边/d说/v一边/d关/v了/ule灯/n，/wd脱/v了/ule衣服/n，/wd在/p王涓/nr身边/s躺/v下/f来/vf。/wj
王涓/nr却/d精神/n了/y，/wd她/rr说/v：/wp“/wyz刚才/t，/wd我/rr做/v了/ule一个/mq吓人/a的/ude1梦/n…/ws
…/ws
”/wyy张清兆/nr打/v了/ule个/q冷战/n，/wd问/v：/wp“/wyz什么/ry梦/n？/ww
”/wyy“/wyz我/rr梦见/v你/rr回来/v了/y，/wd穿/v着/uzhe一/m件/q灰色/n的/ude1雨衣/n，/wd还/d戴/v着/uzhe雨帽/n，/wd靠/v着/uzhe门板/n低头/vd站/vi着/uzhe，/wd我/rr怎么/ryv叫/vi你/rr你/rr都/d不/d抬头/vi…/ws
…/ws
”/wyy张/q清/a兆/ng陡然/d一/d惊/v。/wj
静/a了/ule一会儿/mq，/wd王涓/nr说/v：/wp“/wyz你/rr怎么/ryv不/d说话/vi？/ww
”/wyy张清兆/nr实在/d忍不住/v了/y，/wd他/rr转/v过/uguo身/ng，/wd在/p幽暗/a的/ude1夜色/n中/f望/v着/uzhe王涓/nr，/wd说/v：/wp“/wyz我/rr，/wd我/rr今天/t也/d遇到/v了/ule一/m件/q怪事/n…/ws
…/ws
”/wyy接着/c，/wd他/rr就/d把/pba刚才/t的/ude1事/n讲/v了/ule一/m遍/qv。/wj
王涓/nr的/ude1声音/n都/d变/v了/ule：/wp“/wyz今天/t怎么/ryv这么/rz邪气/n？/ww
”/wyy“/wyz我/rr也/d不/d知道/v。/wj
”/wyy张/q清/tg兆/vg话音/n未/d落/v，/wd电话/n突然/ad响/v了/y。/wj
他/rr和/cc王涓/nr紧张/a地/ude2对视/vi了/ule一下/mq，/wd都/d没有/d动/v。/wj
电话/n响/v了/ule两/m声/qv就/d断/v了/y。/wj
王涓/nr突然/ad问/v：/wp“/wyz你/rr以前/f是不是/v…/ws
…/ws
撞/v过/uguo人/n？/ww
”/wyy“/wyz没有/v。/wj
”/wyy“/wyz真/a的/ude1没有/v？/ww
”/wyy“/wyz真/a的/ude1没有/v。/wj
”/wyy“/wyz明天/t，/wd咱们/rr得/v找/v个/q阴阳/b先生/n驱/vg驱邪/vi。/wj
”/wyy“/wyz没用/vi。/wj
”/wyy“/wyz试试/v呗/y！/wt
你/rr天天/d在/p外面/f开车/vi，/wd万一/d出/vf点/qt事/n…/ws
…/ws
”/wyy电话/n又/d响/v了/y。/wj
这/rzv次/qv，/wd张/q清/a兆/ng抖/vi了/ule一下/mq。/wj
为了/p方便/v用/p车/n，/wd附近/f的/ude1邻居/n都/d有/vyou张清兆/nr家/n的/ude1电话/n，/wd因此/c，/wd张清兆/nr不/d能/v确定/v是/vshi不/d是/vshi来/vf生意/n了/y。/wj
他/rr爬/v起来/vf，/wd一下/mq就/d把/pba话筒/n抓/v在/p手里/s：/wp“/wyz喂/v？/ww
”/wyy里面/f只/d有/vyou电流/n的/ude1“/wyz咝/o咝/o”/wyy声/ng，/wd没有/v人/n说话/vi。/wj
张清兆/nr听/v了/ule一会儿/mq，/wd怔/v怔/v地/ude2把/pba电话/n放下/v了/y。/wj
王涓/nr小声/vd问/v：/wp“/wyz谁/ry？/ww
”/wyy张清兆/nr说/v：/wp“/wyz没有/v人/n说话/vi。/wj
”/wyy“/wyz闹鬼/vi了/y！/wt
”/wyy王涓/nr一边/d说/v一边/d费力/a地/ude2坐/v起来/vf，/wd靠/v在/p床/n头/n上/f，/wd“/wyz你/rr快/d想/v想/v办法/n啊/y！/wt
”/wyy“/wyz我/rr想/v把/pba这/rzv一百/m块/q钱/n…/ws
…/ws
扔掉/v。/wj
”/wyy王涓/nr想/v了/ule想/v，/wd说/v：/wp“/wyz那/rzv可/v不行/a，/wd你/rr跑/v了/ule一/m天/qt还/d没/d拉/v到/v一百/m块/q钱/n呢/y，/wd扔掉/v的话/udh，/wd连/ulian油/n钱/n都/d搭/v进去/vf了/y。/wj
”/wyy“/wyz那/c你/rr说/v怎么办/ryv？/ww
”/wyy“/wyz挺/d过/uguo今夜/t，/wd明天/t你/rr到/v银行/n去/vf换/v一/m张/q。/wj
”/wyy“/wyz…/ws
…/ws
好/a吧/y。/wj
”/wyy又/d等/v了/ule一会儿/mq，/wd电话/n没有/d再/d响/v，/wd两/m个/q人/n重新/d躺/v好/a，/wd轻轻/d搂/v在/p一起/s，/wd要/v睡/v了/y。/wj
外面/f的/ude1风/n越/d刮/v越/d大/a，/wd吹/v得/ude3窗户/n“/wyz啪啪/o”/wyy山/n响/v，/wd好像/v什么/ry东西/n急切/a地/ude2要/v进来/vf，/wd又/d好像/v什么/ry东西/n急切/a地/ude2想/v出去/vf。/wj
“/wyz假如/c…/ws
…/ws
”/wyy王涓/nr刚/d想/v张清兆/nr把/pba它/rr掏/v出来/vf，/wd在/p灯光/n下/vf仔细/a地/ude2看/v，/wd没有/v一点/mq毛病/n。/wj
他/rr松/v了/ule一/m口/q气/n，/wd又/d把/pba它/rr装/v进/vf了/ule口袋/n。/wj
王涓/nr醒/v了/y，/wd她/rr迷迷糊糊/z地/ude2说/v：/wp“/wyz回来/v了/y？/ww
”/wyy“/wyz回来/v了/y。/wj
”/wyy她/rr的/ude1眼睛/n睁/v大/a了/ule一些/mq，/wd盯住/v张清兆/nr，/wd问道/vi：/wp“/wyz你/rr怎么/ryv了/y？/ww
”/wyy张/q清/a兆/ng反问/v道/n：/wp“/wyz我/rr怎么/ryv了/y？/ww
”/wyy“/wyz你/rr的/ude1脸色/n太/d难/ad看/v了/y！/wt
”/wyy张清兆/nr走/v到/v镜子/n前/f看/v了/ule看/v，/wd果然/c，/wd他/rr脸色/n灰白/z，/wd双/m眼/q猩红/z。/wj
他/rr转/v过/uguo身/ng来/f，/wd小声/vd说/v：/wp“/wyz没事儿/v，/wd可能/v是/vshi缺/v觉/ng。/wj
睡/v吧/y。/wj
”/wyy他/rr一边/d说/v一边/d关/v了/ule灯/n，/wd脱/v了/ule衣服/n，/wd在/p王涓/nr身边/s躺/v下/f来/vf。/wj
王涓/nr却/d精神/n了/y，/wd她/rr说/v：/wp“/wyz刚才/t，/wd我/rr做/v了/ule一个/mq吓人/a的/ude1梦/n…/ws
…/ws
”/wyy张清兆/nr打/v了/ule个/q冷战/n，/wd问/v：/wp“/wyz什么/ry梦/n？/ww
”/wyy“/wyz我/rr梦见/v你/rr回来/v了/y，/wd穿/v着/uzhe一/m件/q灰色/n的/ude1雨衣/n，/wd还/d戴/v着/uzhe雨帽/n，/wd靠/v着/uzhe门板/n低头/vd站/vi着/uzhe，/wd我/rr怎么/ryv叫/vi你/rr你/rr都/d不/d抬头/vi…/ws
…/ws
”/wyy张/q清/a兆/ng陡然/d一/d惊/v。/wj
静/a了/ule一会儿/mq，/wd王涓/nr说/v：/wp“/wyz你/rr怎么/ryv不/d说话/vi？/ww
”/wyy张清兆/nr实在/d忍不住/v了/y，/wd他/rr转/v过/uguo身/ng，/wd在/p幽暗/a的/ude1夜色/n中/f望/v着/uzhe王涓/nr，/wd说/v：/wp“/wyz我/rr，/wd我/rr今天/t也/d遇到/v了/ule一/m件/q怪事/n…/ws
…/ws
”/wyy接着/c，/wd他/rr就/d把/pba刚才/t的/ude1事/n讲/v了/ule一/m遍/qv。/wj
王涓/nr的/ude1声音/n都/d变/v了/ule：/wp“/wyz今天/t怎么/ryv这么/rz邪气/n？/ww
”/wyy“/wyz我/rr也/d不/d知道/v。/wj
”/wyy张/q清/tg兆/vg话音/n未/d落/v，/wd电话/n突然/ad响/v了/y。/wj
他/rr和/cc王涓/nr紧张/a地/ude2对视/vi了/ule一下/mq，/wd都/d没有/d动/v。/wj
电话/n响/v了/ule两/m声/qv就/d断/v了/y。/wj
王涓/nr突然/ad问/v：/wp“/wyz你/rr以前/f是不是/v…/ws
…/ws
撞/v过/uguo人/n？/ww
”/wyy“/wyz没有/v。/wj
”/wyy“/wyz真/a的/ude1没有/v？/ww
”/wyy“/wyz真/a的/ude1没有/v。/wj
”/wyy“/wyz明天/t，/wd咱们/rr得/v找/v个/q阴阳/b先生/n驱/vg驱邪/vi。/wj
”/wyy“/wyz没用/vi。/wj
”/wyy“/wyz试试/v呗/y！/wt
你/rr天天/d在/p外面/f开车/vi，/wd万一/d出/vf点/qt事/n…/ws
…/ws
”/wyy电话/n又/d响/v了/y。/wj
这/rzv次/qv，/wd张/q清/a兆/ng抖/vi了/ule一下/mq。/wj
为了/p方便/v用/p车/n，/wd附近/f的/ude1邻居/n都/d有/vyou张清兆/nr家/n的/ude1电话/n，/wd因此/c，/wd张清兆/nr不/d能/v确定/v是/vshi不/d是/vshi来/vf生意/n了/y。/wj
他/rr爬/v起来/vf，/wd一下/mq就/d把/pba话筒/n抓/v在/p手里/s：/wp“/wyz喂/v？/ww
”/wyy里面/f只/d有/vyou电流/n的/ude1“/wyz咝/o咝/o”/wyy声/ng，/wd没有/v人/n说话/vi。/wj
张清兆/nr听/v了/ule一会儿/mq，/wd怔/v怔/v地/ude2把/pba电话/n放下/v了/y。/wj
王涓/nr小声/vd问/v：/wp“/wyz谁/ry？/ww
”/wyy张清兆/nr说/v：/wp“/wyz没有/v人/n说话/vi。/wj
”/wyy“/wyz闹鬼/vi了/y！/wt
”/wyy王涓/nr一边/d说/v一边/d费力/a地/ude2坐/v起来/vf，/wd靠/v在/p床/n头/n上/f，/wd“/wyz你/rr快/d想/v想/v办法/n啊/y！/wt
”/wyy“/wyz我/rr想/v把/pba这/rzv一百/m块/q钱/n…/ws
…/ws
扔掉/v。/wj
”/wyy王涓/nr想/v了/ule想/v，/wd说/v：/wp“/wyz那/rzv可/v不行/a，/wd你/rr跑/v了/ule一/m天/qt还/d没/d拉/v到/v一百/m块/q钱/n呢/y，/wd扔掉/v的话/udh，/wd连/ulian油/n钱/n都/d搭/v进去/vf了/y。/wj
”/wyy“/wyz那/c你/rr说/v怎么办/ryv？/ww
”/wyy“/wyz挺/d过/uguo今夜/t，/wd明天/t你/rr到/v银行/n去/vf换/v一/m张/q。/wj
”/wyy“/wyz…/ws
…/ws
好/a吧/y。/wj
”/wyy又/d等/v了/ule一会儿/mq，/wd电话/n没有/d再/d响/v，/wd两/m个/q人/n重新/d躺/v好/a，/wd轻轻/d搂/v在/p一起/s，/wd要/v睡/v了/y。/wj
