”/wyy“/wyz我/rr想/v…/ws
…/ws
”/wyy突然/a，/wd看/v尸/ng人/n想起/v了/ule什么/ry，/wd他/rr盯住/v张清兆/nr的/ude1眼睛/n，/wd问/v：/wp“/wyz那个/rz乘客/n花/v了/ule多少/ry钱/n？/ww
”/wyy“/wyz二十一/m块/q。/wj
”/wyy看/v尸/ng人/n似乎/d吃/v了/ule一/m惊/v：/wp“/wyz他/rr给/p你/rr的/ude1是/vshi一百/m块/q，/wd你/rr给/p他/rr找/v了/ule七十九/m块/q，/wd是/vshi吗/y？/ww
”/wyy“/wyz你/rr怎么/ryv知道/v？/ww
”/wyy看/v尸/ng人/n呆/v呆/v地/ude2想/v了/ule想/v，/wd然后/c说/v：/wp“/wyz你/rr跟/p我/rr来/vf！/wt
”/wyy他/rr站/vi起来/vf，/wd掏/v出/vf钥匙/n打开/v停/vi尸/ng房/n里/f间/f那/rzv扇/q铁门/n，/wd走/v进去/vf。/wj
张清兆/nr站/vi在/p那里/rzs没有/d动/v，/wd他/rr突然/ad有点/d不/d敢/v进/vf了/y。/wj
看/v尸/ng人/n走/v着/uzhe走/v着/uzhe，/wd感觉/v到/v他/rr没有/d跟/v上来/vf，/wd就/d停/vi住/vi了/ule脚步/n，/wd回过/v头/n看/v了/ule他/rr一/m眼/q，/wd说/v：/wp“/wyz你/rr进来/vf呀/y！/wt
”/wyy张/q清/tg兆/vg低/a低/a地/ude2说/v：/wp“/wyz师傅/n，/wd我/rr有点/d怕/v…/ws
…/ws
”/wyy看/v尸/ng人/n突然/ad笑/v了/y，/wd说/v：/wp“/wyz你/rr要/v是/vshi不/d想/v看/v就/d算/v了/y。/wj
”/wyy张清兆/nr显然/ad不/d甘心/v放弃/v，/wd他/rr左右/m打量/v着/uzhe看/v尸/ng人/n的/ude1两/m只/q眼睛/n，/wd问道/vi：/wp“/wyz你/rr到/v底/f让/v我/rr看/v什么/ry？/ww
”/wyy看/v尸/ng人/n说/v：/wp“/wyz你/rr进来/vf看看/v不/d就/d知道/v了/ule吗/y！/wt
”/wyy张/q清/a兆/ng咬咬/v牙/n，/wd慢慢/d走/v了/ule进去/vf。/wj
当/p他/rr的/ude1脚/n跨/v进/vf停/vi尸/ng房/n里/f间/f的/ude1铁门/n时/ng，/wd打/v了/ule个/q寒噤/n，/wd“/wyz这/rzv里面/f怎么/ryv这么/rz冷/a？/ww
”/wyy“/wyz放/v冷气/n了/y。/wj
咱们/rr这个/rz火葬场/n没有/v尸体/n冷藏/vn柜/ng，/wd有/vyou隔日/d大/a殓/vg的/ude1尸体/n，/wd就/d放/v在/p这儿/rzs。/wj
”/wyy张清兆/nr看到/v，/wd这个/rz停/vi尸/ng房/n中间/f，/wd有/vyou一/m条/q长长的/z过道/n，/wd两边/f是/vshi停放/v尸体/n的/ude1简易/a隔/v档/ng，/wd大约/d有/vyou三十/m个/q。/wj
隔/v档/ng里/f是/vshi冰冷/z的/ude1铁/n架子/n床/n。/wj
这个/rz房子/n太/d空旷/a了/y，/wd太/d寂静/a了/y，/wd只/d有/vyou看/v尸/ng人/n的/ude1皮鞋/n声/n：/wp“/wyz咔/o，/wd咔/o，/wd咔/o，/wd咔/o…/ws
…/ws
”/wyy外面/f是/vshi阴天/n，/wd窗子/n又/d小/a，/wd里面/f的/ude1光线/n很/d暗淡/a。/wj
张清兆/nr好像/v走/v进/vf了/ule某种/rz不/d流动/v的/ude1时间/n里/f。/wj
他/rr朝/p两旁/f看/v去/vf，/wd多数/m的/ude1隔/v档/ng都/d是/vshi空/a的/ude1，/wd他/rr只/d看到/v两三/m个/q尸/ng床/n上/f蒙/vi着/uzhe白布/n，/wd露出/v死尸/n的/ude1脚丫子/n。/wj
他/rr发现/v，/wd那些/rz脚丫子/n都/d显得/v比/p正常/a人/n的/ude1脚/n大/a许多/m。/wj
他/rr把/pba头/n转/v过/uguo来/f，/wd看/v了/ule看/v前面/f看/v尸/ng人/n的/ude1脚/n。/wj
他/rr的/ude1脚/n好像/v也/d比/p正常/a人/n的/ude1脚/n大/a许多/m。/wj
同时/c，/wd张清兆/nr还/d发现/v了/ule另外/rz一个/mq问题/n——/wp这个/rz人/n好像/v越/d走/v越/d慢/a了/y。/wj
张清兆/nr感到/v更/d冷/a了/y，/wd他/rr也/d慢/a了/ule下来/vf。/wj
他/rr忽然/d有/vyou了/ule一/m种/q预感/n——/wp这个/rz穿/v雨衣/n的/ude1人/n接/v下来/vf就/d会/v走/v进/vf一个/mq隔/v档/ng，/wd慢慢/d躺/v在/p一/m张/q高高的/z尸/ng床/n上/f，/wd用/p蒙/b尸/ng布/vg盖/v上/vf自己/rr…/ws
…/ws
张/q清/a兆/ng停/vi住/vi了/y。/wj
他/rr猛地/d转头/v看/v了/ule看/v。/wj
那/rzv扇/q铁门/n，/wd那/rzv惟一/b的/ude1出口/vn，/wd已经/d离/v他/rr很/d远/a了/y，/wd而且/c不/d知道/v什么/ry时候/n关上/v了/y。/wj
看/v尸/ng人/n回过/v头/n来/f，/wd说/v：/wp“/wyz你/rr怎么/ryv不/d走/v了/y？/ww
”/wyy在/p这个/rz阴森/a的/ude1停/vi尸/ng房/n里/f，/wd张清兆/nr感到/v这个/rz看/v尸/ng人/n的/ude1声音/n更/d嘶哑/a了/y。/wj
他/rr直/d直/d地/ude2盯/v着/uzhe他/rr的/ude1双/m眼/q，/wd突然/ad说/v：/wp“/wyz你/rr为什么/ryv不/d脱/v掉/v雨衣/n？/ww
”/wyy看/v尸/ng人/n说/v：/wp“/wyz你/rr不/d是/vshi也/d没/d脱/v吗/y？/ww
”/wyy张清兆/nr这/rzv才/d意识/vi到/v自己/rr也/d穿/v着/uzhe雨衣/n。/wj
在/p对方/n的/ude1注视/vn下/f，/wd他/rr又/d朝/tg前/f迈步/vi了/y。/wj
看/v尸/ng人/n也/d转/v过/uguo身/ng，/wd继续/v走/v。/wj
他/rr果然/d走/v进/vf了/ule一个/mq隔/v档/ng。/wj
那/rzv里面/f躺/v着/uzhe一/m具/q死尸/n，/wd脸/n蒙/vi着/uzhe，/wd只/d露出/v两/m只/q棕色/n的/ude1尖头/n皮鞋/n，/wd长长的/z。/wj
那/rzv无疑/d是/vshi一/m双/q新/a鞋/n，/wd鞋底/n干干净净/z，/wd没有/v一点/mq尘土/n。/wj
看/v尸/ng人/n转/v过/uguo身/ng，/wd朝/p张清兆/nr招/v了/ule招手/vi。/wj
张/q清/tg兆/vg远远地/z站/n着/uzhe，/wd双/m腿/n好像/v灌/v了/ule铅/n。/wj
看/v尸/ng人/n说/v：/wp“/wyz你/rr到/v跟前/f来/vf。/wj
”/wyy他/rr吃力/a地/ude2朝/v前/f移/v了/ule两/m步/qv。/wj
看/v尸/ng人/n不再/d勉强/v他/rr，/wd慢慢/d掀开/v了/ule那/rzv具/q死尸/n腰/n间/f的/ude1白布/n。/wj
一/m只/q苍白/a的/ude1手/n露/v了/ule出来/vf。/wj
它/rr的/ude1血/n不/d流/v了/y，/wd神经/n不/d通/v了/y，/wd像/p一/m截/q僵直/z的/ude1木头/n。/wj
张清兆/nr看/v着/uzhe这/rzv只/q手/n，/wd头皮/n一下/mq就/d炸/v了/ule——/wp它/rr紧紧/d捏/v着/uzhe几/m张/q钞票/n。/wj
张清兆/nr仔细/ad查看/v这/rzv几/m张/q钱/n，/wd惊/v怵/ag到/v了/ule极点/n——/wp这些/rz钱/n正是/v他/rr昨夜/t找/v给/p那个/rz乘客/n的/ude1钱/n，/wd其中/rz还有/v那/rzv张/q十/m元/q的/ude1伪钞/n！/wt
他/rr的/ude1眼睛/n离开/v了/ule死尸/n的/ude1手/n，/wd慢慢/d朝/tg上/f移/v，/wd最后/f死死/d盯住/v了/ule死尸/n脸上/s的/ude1白布/n…/ws
…/ws
千真万确/vl，/wd就是/v这/rzv具/q死尸/n，/wd昨夜/t坐/v了/ule他/rr的/ude1车/n！/wt
他/rr始终/d戴/v着/uzhe宽大/a的/ude1雨衣/n帽子/n，/wd没有/d说/v一/m句/q话/n。/wj
张清兆/nr一直/d没有/d看到/v他/rr的/ude1脸/n。/wj
现在/t，/wd这/rzv张/q脸/n蒙/vi在/p白布/n下面/f，/wd张清兆/nr仍然/d看/v不/d见/v。/wj
他/rr紧张/a地/ude2对/p看/v尸/ng人/n使/v了/ule个/q眼色/n，/wd示意/v他/rr赶快/d离开/v，/wd然后/c，/wd踉踉跄跄/z地/ude2退出/v隔/v档/ng，/wd跑/v到/v了/ule外/f间/f。/wj
看/v尸/ng人/n跟/v着/uzhe他/rr走/v出来/vf，/wd返/v身/ng把/pba铁门/n关/v好/a，/wd锁/v上/vf。/wj
外面/f响起/v了/ule雷声/n，/wd天/qt更/d黑/a了/y，/wd雨/n更/d大/a了/y。/wj
张/q清/tg兆/vg惊惶/a地/ude2问/v：/wp“/wyz这/rzv具/q尸体/n是/vshi什么/ry时候/n送/v进/vf来/vf的/ude1？/ww
”/wyy“/wyz昨天/t下午/t。/wj
”/wyy“/wyz你/rr是/vshi什么/ry时候/n发现/v他/rr手里/s这些/rz钱/n的/ude1？/ww
”/wyy“/wyz今天/t早上/t。/wj
我/rr数/v过/uguo了/y，/wd是/vshi七十九/m块/q。/wj
我/rr还/d抽/v了/ule几/m下/f，/wd竟然/d抽/v不/d出来/vf，/wd就/d像/v夹/v在/p老虎钳/n里/f一样/uyy。/wj
我/rr一直/d很/d纳闷/v，/wd因为/p昨天/t晚上/t我/rr离开/v时/ng还/d检查/v了/ule一/m遍/qv尸体/n，/wd并/cc没有/d发现/v这些/rz钱/n。/wj
”/wyy“/wyz这个/rz停/vi尸/ng房/n还有/v人/n能/v进来/vf吗/y？/ww
”/wyy“/wyz只有/c我/rr一个/mq人/n有/vyou钥匙/n。/wj
”/wyy张清兆/nr不/d说话/vi了/y，/wd他/rr盯/v上/vf了/ule看/v尸/ng人/n的/ude1雨衣/n。/wj
看/v尸/ng人/n低头/vd看/v了/ule看/v，/wd不解/v地/ude2问/v：/wp“/wyz怎么/ryv了/y？/ww
”/wyy刚才/t，/wd张清兆/nr清楚/a地/ude2看到/v了/ule那/rzv具/q死尸/n的/ude1袖子/n，/wd他/rr身上/s穿/v的/ude1不/d是/vshi雨衣/n，/wd而是/c一/m件/q深蓝色/n哔叽/n上衣/n。/wj
