10月 20日 下午  2013 全国 重点 网络 媒体 江苏 红色 旅游 行 活动 新闻 发布会 暨 2013年 网 民 最 喜爱 的 江苏 春季 赏 花 胜地 颁奖 活动 在 南京 举行 
此次 江苏 红色 旅游 推广 活动 由 江苏省 旅游局 和 新华 报 业 传媒 集团 联合 举办  中国 江苏 网 独家 承办 
来自 江苏 省委 宣传部  省 旅游局 和 省内 部分 旅游 景区 的 嘉宾  以及 全国 45 家 主流 媒体 记者 共计 百 余 人 参加 了 此次 江苏 红色 旅游 推广 活动 的 新闻 发布会 
据 了解  活动 将 从 20日 在 南京 正式 启动  25日 在 徐州 结束  历时 6 天 
来自 中央 新闻 网站  著 名 商业 门户  省级 主流 新闻网 站 和 省内 重点 传统 媒体 的 近 50 名 记者 将 沿途 经过 南京  镇江  泰州  南通  盐城  淮安  宿迁 和 徐州 8 个 市  考察 采访 众多 经典 红色 旅游 景区  如 南京 雨花台  镇江 茅山 新四军 纪念馆 淮安 周恩来 故居 和 纪念馆 等 
通过 网 媒 记者 的 采风 和 报道  必 充分 展示 全省 红色 旅游 资源 和 提高 全省 红色 旅游 品牌  助推 美好 江苏 欢乐 游 活动 再 上 台阶 
据 江苏省 旅游局 信息 中心 主任 周晓平 介绍  江苏 红色 旅游 发展 迅 猛  江苏 全省 分布 近 300 处 红色 旅游点 
统计 显示  江苏 已经 有 二十 多 家 红色 旅游 景区 进入 全国 红色 旅游 经典 景区 名录  全省 红色 旅游 景区 年 接待 游客 突破 5千 万 人次  红色 旅游 已经 成为 江苏 推广 旅游 品牌 和 吸引 广大 游客 重要 部分 
江苏 红色 旅游 资源  不仅 是 极其 珍贵 的 文化 遗产  也 是 进行 生动 的 革命 传统 教育 的 不可 替代 的 教材  不仅 是 具有 多种 功能 和 价值 的 旅游 资源  也 是 具有 中国 特色 的 专题 旅游 资源 
从 2008年 起  江苏 各地 一 大 批 红色 旅游 景区 免费 开放 以来  不仅 游客 成倍 增长  还 推动 了 整个 旅游 产业 和 其他 服务业 的 大力 发展 
作为 江苏 重点 打造 的 一部分 旅游 资源  红色 旅游 已经 成为 全省 旅游 一 支 靓 丽 的 鲜花  将 在 火红 的 旅游 大潮 中 越 开 越 艳 
启动 仪式 上  还 公布 了 2013年 网 民 最 喜爱 的 江苏 春季 赏 花 胜地 具体 获奖 名单 
 最 具 潜力 赏 花 胜 境    名花 胜 境    十 大 赏 花 胜地  在 发布会 上 也 依次 揭晓 
刚刚 过去 的 这个 国庆  黄金 周   乐山 旅游 又 一 次 迎来 了 游客 高峰 
据 统计  全市 共 接待 中外 游客 244 55 万 人次  实现 旅游 总收入 22 46亿 元  同比 分别 增长 16 54% 和 23 04%  旅游 接待 人次  旅游 综合 收入 均 创下 历史 新高 
是 什么 在 吸引 游客 纷至沓来 
在 世界 自然 与 文化 遗产 峨眉山 - 乐山 大佛 景区  人们 凌晨 4点 就 起床 登 车 奔 金 顶 去 看 被 誉为  秀 绝 天下  的 云海 日出  不 远 万 里 而 来 只 为 下 九 曲 栈道 一 睹 世界 最 大 石刻 弥勒佛 坐像 的 尊容 
 黄金 周  期间  峨眉山 单日 接待 量 逾 4 5 万 人次  乐山 大佛 单日 接待 量 逾 5 1 万 人次  双双 刷新 景区 历史 纪录 
除了 享誉 世界 的  双 遗   乐山市 内 其他 景区 景点 也 受到 热 捧 
在 沙 湾 郭沫若 故居  人们 探访 绥 山 山 馆 寻找 一代 文豪 成长 的 足迹  在 犍 为 嘉 阳 矿山 公园  人们 乘坐 着 有  工业革命 活化石  之 称 的 小 火车 下 矿井 体验 煤矿 的 开采  在 峨边 黑竹 沟  人们 背上 行囊 穿越 丛林 探寻  中国 百慕大  的 神秘  在 马 边 大风 顶  人们 徜徉 高山 草甸 期待 与 国宝 大熊猫 的 偶遇 

值得一提的是  在 更 早 前 的 今年 9月 23日 和 24日  出席 第十二 届 世界 华 商 大会 的 部分 嘉宾  也 前往 领略 了 峨眉山 - 乐山 大佛 的 非凡 魅力  使得 乐山 成为 本届 华 商 大会 与会 嘉宾 考察 的 四川 唯一二 级 城市 
大佛 的 雄伟  峨眉 的 秀美  给 常年 在 外 参观 考察 的 华商 代表 们 留下 了 深刻 印象 
马来西亚 常青 集团 董事局 主席 张晓卿 说   一 到 乐山 就 像 进入 了 天然 氧 吧 
  乐山市 内 有 国家级 旅游 资源 30 余 处  已 建成 国家 A 级 旅游 景区 17 家  其中  5A 级 景区 2 处  4A 级 景区 6 处 
 双 遗产 所在地  处处 皆 是 风景  大自然 的 鬼斧神工 雕 饰 出 钟灵 毓秀  历代 先贤 则 赋予 了 这 一 方 山水 文化 的 灵魂 
但 资源 并 不 等于 资金 和 客源  抱 着 金 碗 讨饭 的 例子 很多  如何 才 能 既 保护 好 又 利用 好 资源 
回首 乐山 旅游 的 历程  创新 驱动 是 发展 的 关键 
作为 全国 首 批 对外 开放 城市   乐 善 至 美  创新 力 行  的 乐山 人 不乏  敢 为 天下 先  的 气魄 
在 峨眉山  全 山上 下 开始 了 上 档 升级 的 热潮  在 金 顶 新建 的 四面 十方 普 贤 像 成为 峨眉山 新 的 标志 
在 乐山 大佛  先后 进行 了 7 次 大规模 的 维修 保护  新建 的 嘉定 坊 街区 被 国内外 游客 誉为 现代 乐山 版 的  清明上河图  
在 市内 其他 景区  景点 开发  基础设施 和 配套 工程建设 同样 如火如荼 
 肯德基 冰块 门  事件 让 自制 冰块 的 监管 空白 问题 成为 消费者 关注 的 焦点 
值得 注意 的 是  除了 部分 餐饮 企业 自制 的 食用 冰块  还 有 众多 制 冰 企业 生产 的 食用 冰 在 市面 上 流通 
行业 数据 显示  北京 夏季 食用 冰 流通 市场 的 总产值 大约 5亿 ～
8亿 元  但 全 北京 有 正规 资质 的 食用 冰 制造 企业 只有 6 家  市场 上 超过 80% 的 食用 冰 都 是 没有 资质 工厂 生产 的  黑冰  
制 冰 行业 人士 透露  一 包 5kg 的 食用 冰块 市场 一般 卖 10 元  正规 厂家 低于 6 元 出售 肯定 赔钱  但  黑冰  一 包 的 成本 不 会 超过 3 元 
大量  黑冰  的 存在 搅乱 了 市场  正规 制 冰 厂 很多 濒临 破产 
北京 仅 6 家 正规 食用 冰 厂 餐饮 企业 的 自制 冰块 只是 食用 冰 市场 的  冰山 一 角   目前 市场 上 还 流通 着 大量 由 制 冰 厂 生产 的 食用 冰块 
