中国 餐饮业 在 经受 市场 寒 霜 冲击 的 同时  还 遭受 着  四 高 一 低  巨大 成本 的 压力  利润率 平均 水平 已经 不 足 5% 
目前 餐饮 行业 企业 税费 种类 多 达 40 项 左右  合计 占 营业额 的 8—13% 不等  其中 营业税 的 现行 标准 就 高 达 5% 
而 这 一 困 局 有望 得到 解决 
日前  在 商务部  国际 饭店 与 餐馆 协会 支持  中国 饭店 协会 主办 的 2013 中国 餐饮业 年会 上  商务部 服务 贸易 与 商贸 服务业 司 副 巡视员 王惠英 在 会上 透露  商务部 正 会同 有关 部门 推动 降低 大众化 餐饮 营业税 征收 标准  力争 降 至 3%  并 降低 呼声 较 大 的 刷 卡 费率 
其实  餐饮业 的 税费 重 早已 困扰 整个 行业 多 年  据 不 完全 统计  目前 餐饮 行业 各种 税费 有 40 多 项  不同 地域 企业 缴纳 情况 不同 
多数 企业 涉及 营业税  房产 税  土地 使用税  水利 基金  治安 联防 费  人防 建设 费 等 大部分 税费  个别 企业 另 有 文化 事业 建设 费  卫生防疫 检测 费 等 
而 这些 年  企业 呼声 最 大 的 就是 营业税  物价 调节税 和 银行 刷 卡 手续费 等 
中国 饭店 协会 负责人 表示  餐饮 企业 一方面 受到 能源  人力  物业 和 原材料 成本 居高不下 而 利润率 低 的  四 高 一 低  的 困扰  一方面 又 受到 限制 三 公 消费 等 市场 不景气 的 冲击  利润率 平均 水平 已经 不 足 5% 
另外 餐饮业 银行 卡 刷 卡 手续费 率 虽然 已经 由 2% 下调 至 1 25%  但 还是 在 奢侈 消费 序列 中  和 消费 珠宝  房子  汽车 是 一 个 类别  这 不 符合 餐饮业 的 现状 
商务部 服务 贸易 与 商贸 服务业 司 副 巡视员 王惠英 表示  商务部 对 此高度 关注  正 会同 有关 部门 降低 大众化 餐饮 营业税 征收 标准  力争 降 至 3%  从 民生 类 的 早餐 等 餐饮 企业 减 征 营业税  规范 中央 厨房 和 连锁 门店 重复 征税 的 问题  降低 银行 卡 刷 卡 费  将 民生 餐饮 按照 0 38% 刷 卡 费率 执行  其他 的 按 0 78 的 刷 卡 费率 执行  价格 调节 基金 等 也 进行 调整  财政部 已经 开始 启动 
另外  针对 餐饮业 当前 发展 困境  商务部 将 以 推进 大众化 餐饮 为 突破口  推进 餐饮业 的 转型 升级  并 将 于 年内 出台 推动 大众化 餐饮 发展 指导 意见  向 大众化 餐饮 企业  为 大众化 餐饮 发展 提供 动力  争取 在 最 短 的 时间  实施 早餐 工程 的 基础 上  在 全国 同步 建成 大众化 餐饮 服务网络  满足 餐饮 需求 
记者 获悉  商务部 推动 大众化 餐饮 发展 指导 意见 中 将 包括 十一 个 方面 措施  一 是 加强 法规 标准 建设  规范市场 秩序 
健全 大众化 餐饮 路 型  维护 消费者 和 餐饮 企业经营者 各方 的 合法 权益  加大 标准 的 推广 力度  提升 标准化 水平  在 有 条件 的 地区 建立 餐饮业 标准化 培训  示范 中心 
二 是 合理布局  科学 编制 大众化 网点 规划 
鼓励 运用 总体 规划  在 城市 规划 中 明确 开发 建设  总 建筑面积 用于 生活  其中 包括 大众化 餐饮  将 社区 和 人口 流动 中 大众化 网点 建设 和 改造 纳入 城市 公共 设施 建设  提高 大众化 餐饮 网点 配套 建设  完善 网点 的 开展 建设  明确 就近 同类 设施  鼓励 大家 把 餐饮 企业 在 网点 布局 上 注重 社区  办公 区  商 圈 等 区域 
三 是 创新 发展 的 模式  构建 大众化 餐饮 服务体系 
进 社区  进 学校  进 医院 等  采取 政府 扶持  社区 参与  专业化 服务 相 结合 的 方式  推动 社会 餐饮 有序 健康 发展  推动 美食 街区 的 发展  做好 引导 工作  开放 机关 食堂  创新 发展 模式 加快 发展 老年 餐饮  学生 餐饮  病人 理疗 餐饮  商务 快餐  满足 不同 层次 大众化 餐饮 需求  创新 服务方式 鼓励 发展 外 派 送 餐  提供 半成品 等 服务  加快 品牌 餐饮 企业  与 网络 平台 的 联系  实现 线 上  线 下 融合 
第 四 是 早餐 工程 
支持 龙头 企业 创新  支持 龙头 企业 新建 改建 中央 厨房  逐步 完善 早餐 供应 网络  在 保证 早餐 供应 的 基础 上 积极 向 中式  大众化 餐饮 发展  引导 龙头 企业 等 各种 方式 整合 网点 资源  加快 加强 与 连锁 超市 的 对接  有效 满足 覆盖面  满足 大众化 餐饮 需求 
五 是 发展 健康 餐饮 
提高 人民 生活 品质  随着 人民 餐饮 观念 的 成熟  对 餐饮 产品 的 要求 质量 高  已经 不 满足 于 吃 饱  而是 要求 吃 好  既 要 符合 营养 又 要 获得 美感  这 就 要求 加强 餐饮业 营养 培训 和 提高  提高 餐饮 营养 的 知识 水平  通过 宣传 健康 知识 和 搭配 营养 菜肴 赢得 市场  鼓励 健康 营养 餐饮 的 发展 
六 是 发展 连锁 经营  培育 大众化 餐饮 品牌 
着力 培育 一 批 跨区域 全国 的 餐饮 企业  有利 企业 建立 生产 基地 和 采购 基地  发展 龙头 企业 的 带头 作用  打造 具有 品牌 影响力 和 市场 规模 的 指明 餐饮 企业  引导 带领 全国 餐饮 向 规范化  产业化 和 现代化 方向 发展 
七 加强 制度 创新 
鼓励 大众化 餐饮 企业 改造 传统 生产  生产 设备 改进 工业  实现 生产 过程 标准化  系统化  简单化  积极 引进 先进 设备  实现 生产 设备 专业化  鼓励 信息化 管理系统  完善 管理流程  增加 管理能力  实现 网点 信息化 
