虽然/c他/rr是/vshi范姜轲/nr的/ude1朋友/n，/wd但/c这样/rzv的/ude1目光/n也/d属/v无/v礼/n。/wj
她/rr忍不住/v朝/tg旁边/f的/ude1范姜轲/nr靠/v去/vf，/wd希望/v他/rr的/ude1身影/n能/v微微/d挡/v一/m挡/v自己/rr。/wj
范姜轲/nr正/d欣赏/v着/uzhe歌舞/n，/wd见/v她/rr犹如/v一/m只/q小/a羊/n般/uyy朝/p怀里/s钻/v，/wd倒是/d稀奇/a了/y。/wj
平日/t在/p府/ng内/f也/d不/d见/v她/rr如此/rzv热络/v，/wd“/wyz冷/a了/y？/ww
”/wyy她/rr尴尬/a地/ude2摇摇/v头/n，/wd又/d坐/v直/d了/ule身子/n。/wj
他/rr觉得/v奇怪/v，/wd见/v她/rr低/v着/uzhe头/n也/d没/d察觉/v出/vf什么/ry来/vf，/wd微微/d抬/v起/vf头/n，/wd撞/v见/v了/ule正前方/f尚/d江/nr1投/v来/vf的/ude1目光/n，/wd那/rzv眼神/n里/f竟/d藏/v了/ule些/q妒忌/v。/wj
他/rr心/n一/m沉/v，/wd尚江/nr已经/d拿/v起/vf杯子/n朝/p他/rr点点/v头/n，/wd示意/v地/ude2喝/vg了/y。/wj
他/rr也/d不/d便/d说/v什么/ry，/wd举起/v杯子/n也/d喝/vg了/y，/wd但/c身子/n也/d微微/d朝外/nz侧/f靠/v了/ule些/q，/wd挡/v去/vf了/ule她/rr可以/v撞见/v尚/d江/nr1视线/n的/ude1目光/n。/wj
苏/b千/m雪/n心里/s明白/v，/wd不远处/s的/ude1尚/d江/nr1一定/d对/p自己/rr动/v了/ule心思/n。/wj
她/rr倒/d不/d自/p恋/v地/ude2觉得/v自己/rr有/vyou多/m美丽/a迷人/a，/wd若/c她/rr有/vyou倾/vn城/n倾/vi国/n之/uzhi姿/ng，/wd身边/s的/ude1两/m个/q极品/n男子/n也/d不/d会/v爱/v着/uzhe别人/rr了/y。/wj
莫非/d他/rr是/vshi想/v报复/v？/ww
以/p尚/d江/nr1宠爱/v尚/d怜/vg星/n的/ude1程度/n，/wd为了/p妹妹/n，/wd也/d不/d是/vshi不/d可能/v。/wj
但/c他/rr又/d能/v做/v什么/ry呢/y？/ww
她/rr就/d不/d信/v他/rr有/vyou那个/rz胆子/n敢/v对/p自己/rr不利/a。/wj
歌舞/n进行/vx一/m段落/n，/wd贺/vg兰西/ns叫/vi去/vf了/ule范姜轲/nr关于/p某些/rz国事/n的/ude1商讨/vn，/wd她/rr一个/mq人/n独自/d坐/v着/uzhe也/d觉得/v无聊/a，/wd不禁/d起身/vi走走/v。/wj
众人/n也/d有的/rz离/v席/qt有的/rz依旧/z坐/v着/uzhe。/wj
江/nr1府/ng也/d算是/v大/a户/q人家/n，/wd亭台楼榭/nl无/v一/m不/d全/a。/wj
园子/n里/f茂密/a的/ude1丛林/n也/d有着/v别样/a的/ude1风采/n，/wd她/rr见到/v府/ng里/f也/d种/v满/v了/ule桂花/n，/wd看来/v都/d是/vshi爱国/a之/uzhi人/n啊/y。/wj
“/wyz轲/x哥哥/n。/wj
”/wyy一/m声/qv娇柔/a的/ude1低/a叹/v，/wd幽然/z响/v在/p耳/n侧/ng。/wj
苏/b千/m雪/n停下/v脚步/n，/wd循/vg着/uzhe声音/n朝/tg前方/f看/v去/vf。/wj
是/vshi一/m座/q凉亭/n，/wd月光/n之下/f也/d照/v得/ude3见/v两/m个/q清晰/a的/ude1人/n影/ng。/wj
尚/d怜/vg星/n依偎/vi在/p范姜轲/nr的/ude1怀里/s，/wd低/a低/a啜泣/v：/wm“/wyz轲/x哥哥/n，/wd我/rr很/d想/v你/rr…/ws
…/ws
”/wyy此/rzs声/ng，/wd幽怨/n哀伤/an。/wj
那/rzv满/a脸/n的/ude1梨花/n泪/n，/wd更/d是/vshi惹/v人/n怜惜/v。/wj
范姜轲/nr只是/d任由/v着/uzhe她/rr轻/ad拥/v自己/rr，/wd那/rzv神色/n也/d是/vshi一/m抹/q无奈/an。/wj
“/wyz轲/x哥哥/n，/wd只要/c能/v跟/v着/uzhe你/rr，/wd我/rr可以/v不/d要求/v名分/n的/ude1。/wj
”/wyy她/rr有/vyou多/m爱/v眼前/s的/ude1男子/n啊/y，/wd只有/c她/rr自己/rr知道/v。/wj
尚/d怜/vg星/n抬/v起/vf头/n，/wd直视/v着/uzhe他/rr，/wd“/wyz轲/x哥哥/n，/wd你/rr就/d收/v了/ule我/rr吧/y。/wj
”/wyy这/rzv是/vshi什么/ry意思/n？/ww
收/v她/rr做/v小/a妾/n？/ww
她/rr没/d忘记/v自己/rr是/vshi将军/n府/ng的/ude1夫人/n吧/y？/ww
苏/b千/m雪/n只/d是/vshi站/n着/uzhe，/wd没有/v出/vf声/ng上/f前/f。/wj
其实/d在/p心底/n深处/s，/wd她/rr也/d是/vshi无尽/b的/ude1自责/vn与/cc愧疚/an。/wj
若/c不/d是/vshi她/rr，/wd尚/d怜/vg星/n也/d不/d会/v与/p爱人/n拆散/v，/wd嫁/v给/p自己/rr不/d爱/v的/ude1男子/n或许/d真/a的/ude1很/d痛苦/an。/wj
“/wyz怜/vg星/n。/wj
”/wyy范姜轲/nr低/a低/a地道/a，/wd“/wyz此生/r是/vshi我/rr负/v了/ule你/rr，/wd但/c我/rr也/d不/d可能/v委屈/v了/ule你/rr，/wd让/v你/rr…/ws
…/ws
”/wyy“/wyz不要/d说/v了/y！/wt
”/wyy尚/d怜/vg星/n知道/v他/rr要/v说/v什么/ry，/wd更/d是/vshi泣不成声/vl，/wd难道/d…/ws
…/ws
难道/d…/ws
…/ws
她/rr还/d比/p不/d上/vf一个/mq苏/b千/m雪/n吗/y？/ww
她/rr扬/vg起/vf头/n，/wd亲吻/v上/f范姜轲/nr的/ude1唇/ng，/wd“/wyz轲/x哥哥/n，/wd你/rr要/v答应/v我/rr绝对/d不/d要/v爱上/v那个/rz女人/n，/wd如果/c哪/ry日/qt她/rr要/v是/vshi死/v了/y，/wd我/rr一定/d会/v继续/v陪/v在/p你/rr身边/s…/ws
…/ws
”/wyy不/d是/vshi吧/y，/wd居然/d还/d诅咒/v她/rr死/v。/wj
苏/b千/m雪/n的/ude1心/n，/wd一/m片/q凄凉/a。/wj
她/rr没有/d当场/d打断/v就/d已经/d很/d有/vyou风度/n了/y。/wj
却/d没/d想到/v尚/d怜/vg星/n边/k亲吻/v边/k诅咒/v她/rr：/wm“/wyz我/rr真/d希望/v那个/rz女人/n睡觉/vi被/pbei梦/n噎/v死/v，/wd出门/vi被/pbei马车/n撞/v死/v，/wd吃饭/vi被/pbei米粒/n呛/vi死/v，/wd最好/d遇上/v强盗/n…/ws
…/ws
”/wyy范姜轲/nr任由/v她/rr亲吻/v着/uzhe，/wd却/d越/d听/v越/d皱眉头/v，/wd刚/d要/v出/vf声/ng，/wd便/d听见/v身后/f有/vyou人/n道/v：/wm“/wyz范/nr1姜/n兄/ng你/rr在/p哪里/rys？/ww
”/wyy他们/rr两/m人/n刹那/t分开/vi，/wd范姜轲/nr转头/v看到/v了/ule十/m步/qv之/uzhi遥/ag的/ude1苏/b千/m雪/n和尚/n江/nr1。/wj
“/wyz苏/b夫人/n，/wd你/rr怎/ryv在/p此/rzs？/ww
”/wyy尚江朝苏/nr千/m雪/n微笑/vi。/wj
苏/b千/m雪/n云/n淡/x风/n轻/a地/ude2道/v：/wm“/wyz与/p尚/nr1公子/n一样/uyy，/wd趁着/p明月/n出来/vf透/v透气/vi。/wj
”/wyy他/rr一定/d也/d是/vshi听到/v了/ule尚/d怜/vg星/n的/ude1诅咒/v，/wd怕/v她/rr忍不住/v，/wd所以/c先/d出/vf声/n吧/y。/wj
唇/ng角/ng勾/v起/vf一/m丝/q淡/x笑/v，/wd嘲讽/v的/ude1神色/n直接/ad落入/v范姜轲/nr的/ude1眼底/n。/wj
他/rr狼狈/ad地/ude2撇/v过/uguo脸/n去/vf，/wd竟然/d有/vyou一/m种/q被/pbei抓/v奸/ng的/ude1感觉/n。/wj
“/wyz怜/vg星/n，/wd母亲/n找/v你/rr，/wd看样子/v很/d急/v，/wd快/d去/vf。/wj
”/wyy尚江/nr对/p自己/rr的/ude1妹妹/n道/qv，/wd语气/n有着/v不/d怒/vg而/cc威/ng的/ude1气势/n。/wj
“/wyz哥哥/n…/ws
…/ws
”/wyy尚/d怜/vg星/n有些/rz气恼/a，/wd但/c也/d不得不/d乖乖/d地/ude2走/v下/vf台阶/n。/wj
苏/b千/m雪/n淡/x淡/x一/m笑/v，/wd“/wyz表嫂/n。/wj
