进/vf宫/ng那天/t的/ude1情景/n，/wd对/p周/nr1夏/ng潋/x来说/uls，/wd恍如/v昨日/t。/wj
她/rr还/d记得/v，/wd那时/rzt有/vyou一/m条/q长长的/z大/a红/a地毯/n从/p玄武/nr门/n铺展/v开来/v，/wd一直/d到/v她/rr的/ude1栖/vg云/vg宫/ng门口/s，/wd彷/x佛/n是/vshi一/m条/q通天/vi的/ude1快捷方式/n。/wj
人们/n都/d说/v，/wd周/nr1丞相/n的/ude1女儿/n不/d知/v交/v了/ule什么/ry好运/n，/wd竟/d一/m入/v宫/ng便/d被/pbei封/v为/v“/wyz贵妃/n”/wyy，/wd这/rzv在/p夏/tg楚国/ns史无前例/bl。/wj
更/d让/v人/n嫉妒/v的/ude1是/vshi，/wd睦/ag帝/ng赵/nr1阕/q宇/ng还/d另/d给/v了/ule她/rr一个/mq封号/n－/wp－/wp“/wyz俪/x”/wyy，/wd取/v“/wyz伉俪/n”/wyy之/uzhi意/ng。/wj
这/rzv让/v皇后/n闻/v之/uzhi色/ng变/v－/wp－/wp就/d好像/v，/wd他/rr认定/v了/ule她/rr是/vshi他/rr今生/t唯一/b的/ude1妻/ng。/wj
封/v妃/ng大典/n那/rzv日/qt，/wd连/ulian染病/vi卧/vi于/p床榻/n的/ude1肃/vg太/d妃/ng都/d扶/v车/n遥/ag观/vg。/wj
听/v闻/v，/wd肃/vg太/d妃/ng的/ude1口里/s含/v糊/a地/ude2念/v着/uzhe一/m句/q话/n，/wd说/v的/ude1究竟/d是/vshi什么/ry，/wd众说纷纭/vl，/wd有人/r说是/v“/wyz红颜/n祸水/n”/wyy，/wd有人/r说是/v“/wyz红颜/n薄命/z”/wyy。/wj
无论如何/dl，/wd都/d像/v一/m种/q不祥/z的/ude1预言/n，/wd肃/vg太/d妃/ng是/vshi季/q涟/x族/ng女子/n，/wd年轻/a时/ng善/ag使/v一些/mq巫/ng蛊/x之/uzhi术/ng，/wd因此/c，/wd这话/r格外/d令人/v胆战心惊/vl，/wd生怕/v哪/ry天/qt便/d成/v了/ule真/a。/wj
果然/c没/v过/uguo半/m年/qt，/wd那些/rz曾经/d嫉妒/v她/rr的/ude1人/n，/wd就/d眉开眼笑/al了/y。/wj
就/d像/v入/v宫/ng那/rzv日/qt一般/a，/wd此刻/r，/wd周/nr1夏/ng潋/x面前/f依旧/z是/vshi一/m条/q红色/n的/ude1路径/n，/wd然而/c，/wd这/rzv次/qv并非/v是/vshi大/a红/a地毯/n，/wd只是/c落花/n混/x合/v着/uzhe凋零/vi的/ude1枫叶/n。/wj
这/rzv次/qv，/wd这/rzv路径/n也/d不再/d通往/v栖/vg云/vg宫/ng，/wd而是/c通向/v冷宫/n。/wj
周/nr1丞相/n因/c涉及/v贺/vg将军/n谋反/v一/m案/x，/wd而/cc遭/v削/v职/ng流放/v，/wd满门/n受累/vi，/wd就算/d周/nr1夏/ng潋/x身为/v贵妃/n，/wd亦/d不/d能/v幸免/vi。/wj
然而/c不知/v为何/ryv，/wd她/rr此刻/r心情/n却/d格外/d轻松/a，/wd彷/x佛/n之前/f压/v在/p头顶/n的/ude1压力/n荡然无存/vl。/wj
过去/t那些/rz嫉妒/v与/cc审视/v的/ude1目光/n、/wn那些/rz背/n着/uzhe她/rr的/ude1窃/dg窃/vg私语/vi与/p莫名/b讪笑/v，/wd都/d让/v她/rr有如/v芒刺在背/vl，/wd如今/t，/wd她/rr终于/d可以/v好好/d享受/v这/rzv秋日/t的/ude1美景/n。/wj
看/v着/uzhe明/a透/a的/ude1阳光/n从/p云端/n直/d照/v下/f来/vf，/wd她/rr感觉/v惬意/a舒心/a。/wj
待/vi在/p冷宫/n也/d有/vyou段/q时日/n了/y，/wd周/nr1夏/ng潋/x觉得/v，/wd冷宫/n并/cc没有/v人们/n传说/n的/ude1那/rzv般/uyy可怕/a，/wd至少/d所谓/v的/ude1蛛网/n积尘/n她/rr没/d看见/v，/wd院子/n里/f的/ude1落花/n、/wn枫/ng红/a多/a了/ule些/q，/wd倒/d有/vyou些/q凄美/a，/wd别/d样/u新鲜/a。/wj
站/vi在/p一/m株/q树/n下/f，/wd她/rr忽然/d想起/v，/wd之前/f与/p睦/ag帝/ng赵/nr1阕/q宇/ng的/ude1一个/mq约定/vn。/wj
“/wyz过/vf几/m天/qt就/d是/vshi‘/wyz寒露/t’/wyy了/y吧/y？/ww
”/wyy她/rr问/v打扫/v的/ude1宫/ng妇/ng。/wj
这里/rzs的/ude1宫/ng妇/ng并/cc不/d常常/d出现/v，/wd不/d像/v她/rr在/p栖云/nr2宫/ng时/ng见到/v的/ude1那/rzv般/uyy勤快/a。/wj
不过/c，/wd隔三差五/vl的/ude1也/d会/v拿/v着/uzhe扫/v具/vg立/v在/p院中/n，/wd依旧/z称呼/n她/rr为/v“/wyz娘娘/n”/wyy。/wj
“/wyz是的/vl，/wd娘娘/n。/wj
”/wyy宫/nr1妇/ng欠/v了/ule欠身/v，/wd态度/n有些/rz冷/a淡/x。/wj
“/wyz寒露/t之/uzhi日/ng，/wd能/v看/v到/v北/f芒/ng星/n吗/y？/ww
”/wyy周/nr1夏/ng潋/x又/d问/v。/wj
“/wyz这个/rz奴婢/n就/d不/d清楚/a了/y。/wj
”/wyy宫/nr1妇/ng答/v。/wj
“/wyz皇上/n说/v，/wd寒露/t之/uzhi日/ng能/v看/v到/v北/f芒/ng星/n－/wp－/wp他/rr不/d会/v骗/v我/rr的/ude1。/wj
”/wyy她/rr微笑/vi着/uzhe，/wd彷/x佛/n被/pbei勾/v起/vf了/ule什么/ry温暖/an的/ude1记忆/n。/wj
“/wyz既然/c皇上/n这样/rzv说/v了/y，/wd那/rzv自然/d是/vshi不/d会/v错/v的/ude1。/wj
”/wyy宫/nr1妇/ng回应/v。/wj
“/wyz到/v那天/r，/wd这/rzv院子/n得/ude3打扫/v得/ude3干净/a些/q。/wj
”/wyy周/nr1夏/ng潋/x忽然/d道/v，/wd“/wyz皇上/n说/v，/wd要/v陪/v我/rr一起/d看/v星星/n的/ude1。/wj
”/wyy宫/nr1妇/ng猛/x地/n抬头/vi，/wd看/v了/ule她/rr一/m眼/q，/wd眼神/n彷/x佛/n在/p看/v一个/mq疯子/n。/wj
“/wyz怎么/ryv了/y？/ww
”/wyy周/nr1夏/ng潋/x有些/rz不/d解/v。/wj
“/wyz娘娘/n忘/v了/y，/wd这里/rzs是/vshi冷宫/n。/wj
”/wyy宫/nr1妇/ng再度/d欠/v了/ule欠身/v，/wd继续/v低头/vd打扫/v，/wd干脆利落/dl地/ude2结束/v了/ule这/rzv番/qv在/p她/rr听/v来/vf颇为/d无聊/a的/ude1对话/vn。/wj
周/nr1夏/ng潋/x却/d立/v在/p原地/n，/wd久久/d不/d能/v回/qv神/n。/wj
原来/b，/wd这/rzv就是/v冷宫/n与/cc栖云/nr2宫/ng的/ude1区别/n。/wj
在/p栖/vg云/vg宫/ng的/ude1时候/n，/wd她/rr随时/d能/v见到/v赵/nr1阕/q宇/ng，/wd甚至/c，/wd就算/d她/rr避/v不/d见面/vi，/wd他/rr还/d是/vshi会/v出现/v在/p她/rr眼前/s。/wj
但/c在/p这里/rzs，/wd在/p这/rzv冷宫/n之中/f，/wd他/rr的/ude1出现/vn却/d是/vshi世上/s最最/d怪诞/a荒唐/a之/uzhi事/n，/wd连/ulian一个/mq宫/ng妇/ng都/d知道/v。/wj
她/rr怎么/ryv还/d能/v指望/v一切/rz如/v前/f？/ww
她/rr，/wd真/d傻/a。/wj
第/m1/a章/n(/wkz1/a)/wky从/p小/a到/v大/a，/wd周/nr1夏/ng潋/x一直/d觉得/v自己/rr很/d傻/a。/wj
见/v过/uguo她/rr的/ude1人/n都/d说/v她/rr徒/d有/vyou美貌/n，/wd脑袋/n空空/z。/wj
这种/r说法/n，/wd起初/d只/d在/p亲朋好友/nl之间/f流传/v，/wd最后/f却/d蔓延/vi至/p整个/b京城/n，/wd人人/n都/d知道/v周/nr1丞相/n家/q的/ude1大/a小姐/n是/vshi个/q美丽/a的/ude1草包/n。/wj
她/rr的/ude1妹妹/n周秋霁/nr是/vshi天生/b的/ude1才/d女/ng，/wd七/m岁/qt会/v作/v诗/n，/wd十/m岁/qt出口/vi成/v章/q，/wd随随便便/z说/v几/m句/q话/n就/d能/v把/pba她/rr比/p下去/vf。/wj
另/rz一个/mq妹妹/n周/tg冬/tg痕/ng是/vshi习武/vi的/ude1天才/n，/wd五/m岁/qt便/d被/pbei退隐/v江湖/n的/ude1某/rz位/q世/ng外/f高/a人/n看中/v，/wd带/v往/p非常/d神秘/a的/ude1地方/n学习/v绝世/b武功/n，/wd每年/r回家/vi一/m、/wn两/m次/qv，/wd冬天/t时/ng，/wd戴/v着/uzhe白色/n的/ude1面纱/n站/vi在/p雪/n地/n里/f，/wd轻轻/d一/m跃/vg就/d能/v摘/v到/v枝头/n上/f的/ude1红梅/n，/wd姿态/n若/v仙/ng。/wj
