 够/v派头/n，/wd也/d够交情/v！/wt
你/rr到/v哪里/rys去/vf？/ww
王孝城/nr问/v。/wj
买/v香烟/n！/wt
小罗/nr扬/vg了/ule扬/vg那/rzv张/q钞票/n，/wd又/d大声/d嚷/v着/uzhe说/v：/wp今天/t晚上/t，/wd请/v全/a宿舍/n吃/v担担面/n消夜/n！/wt
天/n哪/ry，/wd王孝城/nr望/v着/uzhe他/rr的/ude1背影/n说/v：/wp四/m大/a皆/d空/a，/wd没/v办法/n，/wd只能/v四/m大/a皆/d空/v！/wt
何慕/nr天/n跨/v进/vf了/ule沙/n坪坝/n镇/n口/n上/f那/rzv家/q小/a茶馆/n，/wd在/p靠/v窗/ng的/ude1角落/n里/f，/wd他/rr的/ude1老/a位子/n上/f坐/v了/ule下来/vf。/wj
茶馆/n的/ude1小/a伙计/n不/d待/vi吩咐/v，/wd就/d依照/p何慕天/nr的/ude1习惯/n，/wd送/v上/vf一/m壶/q白/d干/v，/wd一/m盘/qv卤菜/n，/wd和/cc一/m碟/q花生/n。/wj
何慕天/nr靠/v进/vf椅子/n里/f，/wd慢慢/d的/ude1斟/v上/vf一/m杯/q酒/n，/wd寥/nr1落/v的/ude1啜/vg着/uzhe。/wj
窗子/n外面/f，/wd可以/v看见/v青石板/n的/ude1小路/n，/wd路边/s是/vshi平/v伸/v出/vf去/vf的/ude1绿色/n草坪/n，/wd一直/d延/vg展/ng到/v嘉陵江/ns畔/ng。/wj
江边/nr的/ude1路/n并/cc不/d平整/a，/wd曲折/a凹凸/n，/wd沿着/p河岸/n，/wd疏/vg疏落/z落/v的/ude1有些/rz白杨/n，/wd也/d有些/rz柳树/n。/wj
柳条/n长长的/z飘/v着/uzhe，/wd在/p初秋/t的/ude1晚风/n中/f摇曳/vi。/wj
正文/n第六/m章晚霞/nr正/d在/p天边/s燃烧/v，/wd一/m层/qv又/d一/m层/qv的/ude1红/a云/n重重/z堆积/v，/wd落日/n圆/vg而/cc大/a，/wd迅速/a的/ude1从/p半空/s向/p地平线/n坠落/v。/wj
[/wkz万/m*/w书/n*/w楼/n]/wky何慕天/nr用/p手/n支/vi着/uzhe下巴/n，/wd静静的/z凝视/v着/uzhe窗外/s的/ude1景致/n，/wd凝视/v着/uzhe那/rzv晚霞/n由/p鲜红/z变为/v绛紫/b，/wd凝视/v着/uzhe那/rzv落日/n一分/t一/m厘/q的/ude1被/pbei地平线/n所/usuo吞噬/v，/wd直至/v完全/ad隐没/vi。/wj
天色/n暗淡/a下来/vf了/y，/wd苍茫/z的/ude1暮色/n缓慢/a而/cc从容/a的/ude1在/p草地/n上/f、/wn柳条/n间/f散布/v开/v来/vf。/wj
何慕天/nr重新/d斟/v满/v了/ule杯子/n，/wd略微/d烦躁/a的/ude1啜/vg了/ule一/m口/q，/wd下/vf意识/n的/ude1看看/v腕/ng表/n：/wp差/v一刻/mq六点/t！/wt
今天/t她/rr迟/a了/y，/wd为/v什/ng幺/nr1？/ww
或者/c，/wd她/rr取消/v了/ule今天/t的/ude1定时/d散步/vi？/ww
仰/v靠/v在/p椅子/n里/f，/wd他/rr阖/w了/y阖/w眼睛/n，/wd酒/n使/v他/rr心头/s热烘烘/z的/ude1，/wd血管/n里/f奔流/vi的/ude1血液/n似乎/d比/p往日/t更加/d迅速/a。/wj
我/rr是/vshi怎/ryv幺/nr1回/v事/n？/ww
中/f了/ule邪/a吗/y？/ww
他/rr喃喃/o的/ude1，/wd无声/vi的/ude1自问/vn了/ule一/m句/q，/wd睁/v开/v眼睛/n，/wd又/d情不自禁/dl的/ude1对/p窗外/s的/ude1小路/n望去/v，/wd空空/z的/ude1石板/n上/f，/wd盛/v着/uzhe逐渐/d加/v浓/a的/ude1暮色/n，/wd除此之外/al，/wd别/d无/v所有/vi。/wj
一/m声/qv叹息/vi，/wd他/rr干/v了/ule杯子/n，/wd再/d斟/v一/m杯/q。/wj
期待/v的/ude1情绪/n使/v他/rr烦躁/a不安/an，/wd每/rz一个/mq毛孔/n里/f似乎/d都/d有/vyou小/a虫子/n在/p钻/v动/v，/wd令/v人/n无法/v平静/a。/wj
酒/n，/wd徒然/d的/ude1让/v情绪/n更加/d紧张/a和/cc不/d耐/v，/wd心头/s的/ude1火/n仿佛/d燃烧/v得/ude3更/d厉害/a了/y。/wj
我/rr是/vshi怎/ryv幺/nr1回/v事/n？/ww
再/d自问/vi了/ule一/m句/q，/wd蹙/vg起/vf眉头/n，/wd他/rr又/d干/v了/ule一/m杯/q酒/n。/wj
抬/v起/vf眼睛/n来/f，/wd他/rr不/d经/p心/n的/ude1对/p窗外/s一/m扫/v，/wd忽然/d间/f，/wd所有/b的/ude1神经细胞/nl都/d振作/v了/y。/wj
梦竹/nr2正/d缓缓/d的/ude1沿着/p石板/n小路/n走/v过去/vf，/wd她/rr穿/v著/vg件/q白色/n小/a碎/a花/n的/ude1洋装/n，/wd戴/v着/uzhe顶/v宽/a边/k的/ude1大/a草帽/n，/wd步履/n袅娜/z轻盈/a，/wd从容不迫/vl的/ude1，/wd不慌不忙/vl的/ude1走/v着/uzhe。/wj
距离/p茶馆/n不/d远/a的/ude1地方/n，/wd她/rr似乎/d略微/d停顿/vi了/ule一下/mq，/wd接着/c，/wd就/d把/pba那/rzv顶/q大/a草帽/n解/v了/ule下来/vf，/wd拿/v在/p手上/s，/wd乌黑/z的/ude1发辫/n垂/v在/p胸前/s，/wd末梢/n扎/v着/uzhe水/n红色/n的/ude1绸/ng结/v。/wj
一/m只/q小/a粉蝶/n儿/ng，/wd这/rzv是/vshi大家/rr给/p她/rr取/v的/ude1外号/n。/wj
是的/vl，/wd这/rzv是/vshi只/d小/a粉蝶/n儿/ng，/wd有/vyou那/rzv份/q翩跹/z的/ude1姿态/n，/wd更/d有/vyou那/rzv份/q雅致/a和/cc妩媚/an。/wj
何慕天/nr的/ude1酒杯/n停/vi在/p唇/ng边/k，/wd眼睛/n朦胧/a的/ude1盯/v着/uzhe窗外/s那/rzv移动/v着/uzhe的/ude1小巧/a人影/n。/wj
那/rzv摆动/v的/ude1裙/ng幅/ng，/wd那/rzv忽而/d放/v在/p身/ng前/f，/wd忽而/d放/v在/p身后/f的/ude1大/a草帽/n，/wd那/rzv时常/d摔/v动/v的/ude1辫/ng梢/ng，/wd那/rzv款/q娜/x的/ude1举止/n，/wd这/rzv一切/rz加/v起来/vf，/wd衬/v着/uzhe暮霭/n和/cc垂/v杨/nr1，/wd是/vshi一/m幅/q动人/a的/ude1图画/n。/wj
他/rr呆/v呆/v的/ude1凝视/v着/uzhe，/wd用/p全/a心灵/n去/vf捕捉/v这/rzv份/q神奇/a的/ude1、/wn令/v人/n迷惑/an的/ude1美/an。/wj
梦竹/nr2向/p嘉陵江/ns边/d走/v去/vf，/wd站/vi在/p一/m棵/q垂/v杨/nr1之下/f，/wd立定/v了/y，/wd仰/v首/m看/v了/ule看/v正/d由/p绛紫/b、/wn深红/b、/wn转为/v黑暗/a的/ude1云朵/n，/wd一/m只/q手/n拉/v住/vi柳条/n，/wd她/rr四面/f望望/v，/wd似乎/d在/p以/p她/rr那/rzv易于/v感受/v的/ude1心境/n，/wd领略/v着/uzhe大自然/n间/f的/ude1美/a，/wd领略/v着/uzhe日/b与/p夜/tg交会/v时/ng那/rzv神秘/a的/ude1一瞬/t。/wj
把/pba辫子/n拂/v向/p脑/n后/f，/wd她/rr不经意/a的/ude1回眸/vi了/ule小/a茶馆/n一/m眼/q。/wj
当然/d，/wd她/rr不/d会/v发现/v躲/v在/p那/rzv茶馆/n里/f凝视/v着/uzhe她/rr的/ude1何慕天/nr。/wj
掉/v回头/vi，/wd她/rr的/ude1注意力/n被/pbei嘉陵江/ns吸引/v过去/vf了/y，/wd可能/v水面/n有/vyou什/ng幺/nr1东西/n让/v她/rr感到/v了/ule兴趣/n，/wd她/rr伫立/v良久/m，/wd就/d向/p前/f走/v去/vf，/wd岸边/s有/vyou石级/n可以/v下/vf到/v水边/s。/wj
每天/r早晨/t，/wd这/rzv石级/n上/f是/vshi妇/ng人们/n洗衣/vi聚集/v之/uzhi所/n，/wd捣/v衣/ng之/uzhi声/ng杂/v着/uzhe笑语/n，/wd老远/d都/d可/v听到/v。/wj
现在/t，/wd水边/s一定/d是/vshi空无一人/al的/ude1，/wd但/c她/rr沿着/p石级/n走/v了/ule下去/vf，/wd那/rzv高高的/z河堤/n遮住/v了/ule她/rr，/wd他/rr看/v不/d见/v她/rr了/y。/wj
他/rr轻/ad吐/v了/ule口/q气/n，/wd才/d发现/v一直/d停/vi在/p嘴边/s的/ude1酒杯/n，/wd下/vf意识/n的/ude1啜/vg了/ule一/m口/q，/wd他/rr放下/v杯子/n，/wd抬/v起/vf眼睛/n，/wd正好/z看到/v梦/n竹/ng那/rzv黑色/n的/ude1头/n，/wd一步步/m的/ude1从/p河堤/n后/f升/v了/ule上来/vf。/wj
用/p手/n托/v住/vi下巴/n，/wd他/rr定/v定/v的/ude1凝视/v着/uzhe，/wd虽然/c隔/v着/uzhe那/rzv幺远/nr的/ude1距离/n，/wd他/rr仍/d可/v看出/v她/rr手中/s握/v着/uzhe一/m朵/q新/a采撷/v的/ude1小/a蓝/a花/n。/wj
她/rr步/v上/vf石级/n，/wd倚/v在/p柳树/n上/f，/wd十分/d闲暇/n而/cc又/d十分/d悠然/a自在/a的/ude1，/wd把/pba那/rzv朵/q花/n送/v到/v鼻/ng端/v去/vf轻/ad嗅/v。/wj
他/rr无法/v看/v清/v她/rr的/ude1面目/n，/wd但/c他/rr脑/n中/f已/d勾/v划/v出/vf她/rr的/ude1神态/n：/wp那舒朗/nrf的/ude1两/m道/qv眉毛/n，/wd那/rzv含/v着/uzhe笑意/n的/ude1大/a眼睛/n，/wd和/cc若有所思/vl的/ude1神情/n…/ws
…/ws
接着/c，/wd她/rr的/ude1腰肢/n微微/d一/m旋/vg，/wd裙子/n摆/v了/ule摆/v，/wd大/a草帽/n系/v于/p脑/n后/f，/wd又/d开始/v沿着/p石板/n小路/n向前/vi走/v去/vf。/wj
