 她/rr大胆/a的/ude1迎接/v着/uzhe何慕/nr天/n逼视/v过来/vf的/ude1目光/n，/wd勇敢/a的/ude1回/v视/vg着/uzhe他/rr。/wj
然后/c，/wd她/rr把/pba两/m条/q小辫子/n往/p脑/n后/f一/m摔/v，/wd用/v种/q挑战/vn似的/uyy口/q气/n说/v：/wp我/rr不/d喜欢/vi感伤/an味/ng太/d重/a的/ude1诗词/n，/wd何必/d一定/d要/v-/wp为/v赋/ng新词/n-/wp而/cc-/wp强/ad说/v愁/v-/wp呢/y？/ww
既然/c世界/n是/vshi美/b的/ude1，/wd就/d应该/v承认/v它/rr美/a，/wd是/vshi不/d是/vshi？/ww
她/rr用/p手指/n指/v窗外/s，/wd那儿/rzs未/d干/v的/ude1雨珠/nr2仍然/d在/p青草/n上/f闪耀/v，/wd一对/mq粉蝶/n在/p短/a篱/n边/k追逐/v。/wj
她/rr望/v着/uzhe，/wd亮晶晶/z的/ude1眼睛/n里/f含/v着/uzhe笑意/n，/wd仰/v了/ule仰头/n，/wd她/rr用/p清脆/a的/ude1声音/n念/v出/vf四/m句/q话/n：/wp雨/n余/m芳草/n润/an，/wd风/n定/v落/v花香/n，/wd时/ng见/v双/m飞/vi蝶/ng，/wd翩/ag翻/v绕/v短/a墙/n。/wj
念/v完/vi，/wd她/rr看看/v何慕天/nr，/wd嫣然一笑/vl，/wd说/v：/wp我/rr胡诌/v的/ude1，/wd别/d笑/v哦/e！/wt
特宝/nr2把/pba眼镜/n取/v下/f来/vf，/wd仔细/ad看/v了/ule梦/n竹/ng一/m眼/q，/wd又/d把/pba眼镜/n戴/v上/f，/wd摇头晃脑/vl，/wd仄/n仄/n平平/z的/ude1审核/vn梦/n竹/ng的/ude1诗/n错/v了/ule格式/n没有/v，/wd接着/c就/d一/d拍桌子/vi，/wd对/p何慕天/nr大/d叫/vi：/wp小何/nr，/wd咱们/rr的/ude1中国/ns文学/n系/v，/wd惭愧/a！/wt
何慕天/nr不/d说话/vi，/wd只/d深深/a的/ude1凝视/v着/uzhe梦/n竹/ng，/wd好/a长/a一/m段/q时间/n，/wd他/rr才/d垂/v下/vf眼睛/n，/wd注视/v着/uzhe酒杯/n里/f的/ude1液体/n。/wj
他/rr的/ude1脸色/n更加/d苍白/a，/wd酒/n似乎/d无法/v染/v红/a他/rr的/ude1面颊/n，/wd那/rzv对/p黑眼珠/n迷蒙/a得/ude3奇怪/a。/wj
从/p他/rr的/ude1神情/n看/v，/wd他/rr似乎/d突然/a的/ude1萧索/z了/ule起来/vf，/wd显得/v那样/rzv的/ude1无精打采/vl，/wd从/p这/rzv一刻/mq起/vf，/wd一直/d到/v他们/rr的/ude1欢聚/vi结束/v，/wd他/rr没有/d再/d讲/v过/uguo一/m句/q话/n。/wj
聚会/vi结束/v时/ng，/wd已经/d是/vshi明月/n初/f升/v的/ude1时候/n，/wd小罗/nr跑/v去/vf结/v了/ule帐/ng，/wd把/pba整个/b公费/n口袋/n倾倒/vi在/p柜台/n上/f，/wd还/d差/v了/ule好几/m块/q钱/n，/wd小/a罗/b笑嘻嘻/z的/ude1说/v：/wp欠/v了/y，/wd你/rr记/v帐/ng吧/y，/wd下次/t还/d！/wt
王孝城/nr走/v上前/vi去/vf，/wd把/pba差/a的/ude1额数/n补足/v了/y。/wj
然后/c和/p大家/rr走/v出/vf茶馆/n，/wd一行/n人/n仍然/d嘻嘻哈哈/z的/ude1谈/v不/d完/vi，/wd中/f大/a的/ude1学生/n需要/v渡/v江/nr1回/v校/ng，/wd小罗/nr、/wn杨明远/nr和/cc王孝城/nr则/d可/v直接/ad回/v艺专/n，/wd大家/rr在/p茶馆/n门口/s分/v了/ule手/n，/wd梦/n竹/ng既然/c住/vi在/p沙坪/ns坝/n，/wd当然/d由/p中/f大/a的/ude1负责/vn送/v回/qv家/n。/wj
小罗/nr等/udeng正/d要/v走/v，/wd何慕天/nr把/pba小/a罗/b喊/v住/vi了/y：/wp有/vyou你/rr一/m封/q信/n。/wj
他/rr递/v了/ule一个/mq信封/n给/p小罗/nr，/wd就/d返/v身/ng和/cc中/f大/a的/ude1学生/n坐/v上/vf了/ule渡船/n。/wj
梦竹/nr2站/vi在/p船舷/n边/k，/wd风/n把/pba她/rr额/n前/f的/ude1短发/n吹/v得/ude3飘/v飞/vi不已/vi，/wd水中/s，/wd一/m弯/q明月/n在/p摇晃/v动荡/an。/wj
她/rr注视/v着/uzhe水/n，/wd却/d从/p眼角/n偷偷/d的/ude1望/v着/uzhe何慕天/nr，/wd后者/rzv正/d斜/ad靠/v在/p船头/s，/wd寥/nr1落/v而/cc寂寞/a的/ude1仰视/v着/uzhe天上/s，/wd有/vyou份/q淡淡的/z抑郁/a。/wj
她/rr下意识/v的/ude1抬头/vd看看/v天/qt，/wd除了/p一/m弯/q孤/ag月/n，/wd和/cc几/m点/qt疏/vg疏落/z落/v的/ude1星光/n之外/f，/wd天上/s什/ng幺/nr1都/d没有/v。/wj
船/n里/f胖子/n吴/nr1在/p唱/v着/uzhe京戏/n，/wd哼哼/vi唧唧/o的/ude1，/wd特宝/nr2还/d在/p平平/z仄/n仄/n，/wd念念/v有/vyou辞/ng的/ude1作/v他/rr那/rzv首/m没/d完成/v的/ude1诗/n，/wd萧燕/nr在/p轻/ad唱/v着/uzhe燕双飞/nr。/wj
船/n抵/v了/ule岸/n，/wd大家/rr下/vf了/ule船/n，/wd胖子/n吴/nr1说/v：/wp李/nr1小姐/n，/wd和/cc我们/rr一起/s再/d玩玩/v吧/y，/wd散/v散步/vi如何/ryv？/ww
不/d，/wd不行/a了/y，/wd我/rr必须/d马上/d回去/v，/wd已经/d太/d晚/a了/y！/wt
梦竹/nr2说/v着/uzhe，/wd飘/v了/ule何慕天/nr一/m眼/q，/wd何慕/nr天/n漠然/z的/ude1看/v着/uzhe嘉陵江/ns，/wd似乎/d根本/d没有/d听到/v梦竹/nr2的/ude1话/n。/wj
那/rzv幺/nr1，/wd我/rr送/v你/rr回去/v。/wj
胖子/n吴/nr1说/v。/wj
不/d，/wd不/d，/wd不/d用/v了/y，/wd梦竹/nr2说/v，/wd失望/ad使/v她/rr的/ude1心脏/n绞/v紧/a：/wp镇/n里/f的/ude1路/n很/d好/a走/v，/wd我/rr可以/v自己/rr回去/v！/wt
她/rr再/d悄悄的/z扫/v了/ule何慕天/nr一/m眼/q，/wd后者/rzv正/d全/a神/n集中/a的/ude1望/v着/uzhe岸边/s的/ude1草丛/n，/wd草丛/n里/f，/wd无数/m的/ude1萤火虫/n在/p闪烁/v。/wj
那/rzv幺/nr1，/wd我们/rr就/d真/d不/d送/v了/y，/wd胖子/n吴/nr1洒脱/a的/ude1说/v：/wp再见/vi！/wt
下星期/t希望/v再/d一/m起/q玩/v！/wt
再见/vi，/wd梦竹/nr2挥/v挥手/vi，/wd孤独/a的/ude1向/p镇上/n走/v去/vf，/wd心底/n惘然/z若/c失/v。/wj
萤火虫/n在/p她/rr脚下/f前前后后/dl的/ude1绕/v着/uzhe。/wj
萤火虫/n，/wd萤火虫/n就/d那/rzv幺/nr1好看/a吗/y？/ww
她/rr咬/vi住/vi嘴唇/n，/wd心底/n空洞/n而/cc迷茫/an，/wd孤寂/an和/cc失意/a的/ude1感觉/n混合/v了/ule夜色/n，/wd对/p她/rr重重叠叠/z的/ude1包围/vn过来/vf。/wj
小罗/nr和明远/nr等/udeng回到/v宿舍/n。/wj
小罗/nr往/p空/a床/n上/f一/m躺/v，/wd拆开/v了/ule何慕/nr天/n递给/v他/rr的/ude1信封/n。/wj
一/m张/q大额/b的/ude1钞票/n落/v了/ule下来/vf，/wd数额/n和/cc他/rr付出/v的/ude1差不多/al，/wd他/rr愕然/a的/ude1跳/vi了/ule起来/vf，/wd愤怒/a的/ude1说/v：/wp什/ng幺/nr1话/n？/ww
以为/v我/rr小/a罗/b请/v不/d起/vf客/ng吗/y？/ww
可是/c，/wd接着/c，/wd一/m张/q信笺/n也/d落/v下来/vf，/wd他/rr拾/v起/vf一/m看/v，/wd上面/f潦草/a的/ude1写/v着/uzhe几/m句/q话/n：/wp相信/v我们/rr都/d同样/d漠视/v金钱/n，/wd假若/c能/v用/p金钱/n买/v来/vf快乐/a，/wd相信/v我们/rr都/d不/d会/v吝啬/a区区/z的/ude1几/m块/q钱/n。/wj
可是/c，/wd钱/n对/p我/rr的/ude1意义/n和/cc你/rr的/ude1意义/n又/d不/d太/d相同/a，/wd我/rr从来/d不/d虞/ng匮乏/vi，/wd但/c却/d能/v了解/v连/ulian买/v一/m支/q-/wp艺专/n牌/n香烟/n-/wp的/ude1钱/n都/d没有/v时/ng是/vshi何/ry滋味/n，/wd假若/c你/rr看/v得/ude3起/vf我/rr，/wd像/p我/rr对/p你/rr的/ude1欣赏/vn同样/d深厚/a，/wd那/rzv幺/nr1请/v让/v我/rr付/v这/rzv次/qv的/ude1茶/n酒/n之/uzhi资/ng。/wj
我/rr冒昧/a的/ude1把/pba钱/n这样/rzv给/p你/rr，/wd因为/c我/rr把/pba你/rr当作/v知己/n，/wd相信/v你/rr必定/d能/v了解/v，/wd而/cc不/d会/v以/p我/rr的/ude1行为/n为/v忤/ag。/wj
慕天小/nr罗/b抬/v起/vf头/n来/f，/wd把/pba信笺/n给/p王孝城/nr和/cc杨明远/nr看/v，/wd一面/d用/p手/n枕/v着/uzhe头/n，/wd瞪/v着/uzhe天花板/n凝思/vi。/wj
王孝城/nr看/v完/vi后/f，/wd叹/v了/ule口/q气/n说/v：/wp这/rzv是/vshi一个/mq有心人/n，/wd我/rr欣赏/v他/rr！/wt
杨明/nr远/ad哼/v了/ule一/m声/qv，/wd向/p窗口/s走/v去/vf，/wd一面/d说/v：/wp阔/a公子/n的/ude1作风/n，/wd反正/d他/rr有/vyou钱/n，/wd怎样/ryv做/v出来/vf都/d漂亮/a！/wt
你/rr对/p他/rr有/vyou成/v见/v，/wd王孝城/nr说/v：/wp我/rr看/v得/ude3出来/vf，/wd你/rr不/d知道/v看/v他什/nrf幺/nr1地方/n不/d顺眼/a！/wt
才/c没有/v呢/y，/wd只/d觉得/v他/rr有点/d怪里怪气/al。/wj
明远/nr2说/v。/wj
无论如何/dl，/wd小罗/nr从/p床/n上/f跳/vi了/ule起来/vf，/wd向/p/门外/s走/v去/vf，wd同时/c高兴/a的/ude1说/v：/wp我/rr喜欢/vi这个/rz何慕天/nr！/wt
