。/wj
”/wyy她/rr说/v，/wd凝视/v着/uzhe他/rr。/wj
“/wyz我/rr在/p美国/nsf学/v的/ude1是/vshi教育/vn，/wd当/v了/ule五/m年/qt的/ude1小学/n老师/n。/wj
”/wyy“/wyz你/rr可以/v改行/vi学/v写作/vn，/wd你/rr仿佛/d在/p搜寻/v故事/n！/wt
你/rr探访/v一/m座/q废墟/n，/wd你/rr发现/v了/ule一个/mq瞎子/n，/wd你/rr希望/v从/p他/rr身上/s找/v出/vf故事/n，/wd然后/c去/vf写/v一/m本/q简/ag爱/v，/wd咆哮/vi山庄/n，/wd或/c是/vshi蝴蝶/n梦/n。/wj
”/wyy他/rr冷/a冷/a的/ude1说/v，/wd声音/n里/f带/v点/qt讽刺/v味道/n。/wj
“/wyz哼/e！/wt
”/wyy方/q丝/n萦/vg不由自主/dl的/ude1哼/v了/ule一/m声/qv。/wj
“/wyz你/rr错/v了/y，/wd柏/ng先生/n，/wd我/rr对/p你/rr的/ude1故事/n不/d感/vg兴趣/n。/wj
”/wyy“/wyz是/vshi吗/y？/ww
”/wyy方/q丝/n萦/vg不再/d说话/vi了/y，/wd他们/rr沉默/a的/ude1走/v了/ule一/m大/a段/q路/n。/wj
然后/c，/wd方/q丝/n萦/vg看到/v了/ule那/rzv所/q小学校/n，/wd成群/vi的/ude1孩子/n正/d三三两两/al的/ude1从/p校/ng门口/s涌/v出来/vf。/wj
这/rzv所/q学校/n位于/v一个/mq小镇/n市/n的/ude1顶端/n，/wd门口/s的/ude1牌子/n是/vshi：/wp“/wyz正/b心/n国民/n小学/n”/wyy显然/a，/wd他们/rr来/vf晚/a了/y，/wd孩子/n们/k已经/d放学/vi了/y，/wd大部分/m的/ude1孩子/n都/d往/p镇/n里面/f跑/v，/wd也/d有/vyou一两/m个/q是/vshi往/p他们/rr来/vf的/ude1方向/n走/v的/ude1。/wj
他们/rr站/vi住/vi了/y，/wd方/q丝/n萦/vg仔细/ad看/v着/uzhe那些/rz孩子/n，/wd穿/v着/uzhe白/a衬衫/n、/wn蓝/a短裤/n或/c蓝/a裙子/n，/wd这些/rz孩子/n们/k嘁嘁喳喳/o的/ude1像/p一/m群/q小鸟/n，/wd彼此/rr追逐/v着/uzhe，/wd嬉戏/vi着/uzhe，/wd打/v打闹/vi闹/v…/ws
…/ws
这/rzv是/vshi多么/d活泼/a而/cc喜悦/a的/ude1一/m群/q！/wt
“/wyz他们/rr已经/d放学/vi了/y。/wj
”/wyy那/rzv盲人/n说/v。/wj
“/wyz是的/vl，/wd”/wyy方/q丝/n萦/vg的/ude1呼吸/vn有些/rz急促/a，/wd她/rr急于/v想/v见到/v这/rzv男人/n的/ude1女儿/n是/vshi怎样/ryv一个/mq孩子/n。/wj
“/wyz你/rr的/ude1女儿/n可能/v已经/d回家/vi了/y。/wj
”/wyy“/wyz可能/n。/wj
”/wyy那/rzv男人/n说/v，/wd并/cc不/d怎么/ryv在意/v。/wj
“/wyz她/rr高/a吗/y？/ww
矮/a吗/y？/ww
漂亮/a吗/y？/ww
”/wyy方/q丝/n萦/vg热心/a而/cc迫切/a的/ude1在/p孩子/n中/f搜寻/v着/uzhe。/wj
“/wyz她/rr是/vshi什么/ry样子/n的/ude1？/ww
”/wyy“/wyz我/rr还/d希望/v有/vyou人/n告诉/v我/rr她/rr是/vshi什么/ry样子/n的/ude1呢/y！/wt
”/wyy那/rzv男人/n喃喃/o的/ude1说/v。/wj
“/wyz啊/e！/wt
”/wyy方/q丝/n萦/vg惊异/v的/ude1看/v着/uzhe他/rr。/wj
“/wyz你/rr竟然/d不/d知道/v…/ws
…/ws
啊/y！/wt
”/wyy一/m股/q怜恤/v而/cc怆/n恻/ag的/ude1情绪/n从/p她/rr胸口/n涌/v了/ule上来/vf。/wj
是的/vl，/wd他/rr是/vshi瞎子/n！/wt
他/rr不/d知道/v自己/rr的/ude1女儿/n长/a得/ude3什么/ry样子/n！/wt
但是/c…/ws
…/ws
他/rr瞎/v了/ule很多/m年/qt了/y吗/y？/ww
“/wyz我/rr要/v回去/v了/y，/wd她/rr一定/d早/ad到/v家/n了/y。/wj
”/wyy那/rzv男人/n转/v过/vf了/ule身子/n。/wj
“/wyz哦/e，/wd等等/v！/wt
”/wyy方/q丝/n萦/vg喊/v着/uzhe，/wd因为/c，/wd她/rr一/m眼/q看/v到/v校/ng门口/s有/vyou个/q小/a女孩/n，/wd正/d一个/mq人/n孤独/a的/ude1走/v出/vf校门/n，/wd那/rzv是/vshi个/q瘦/a瘦小/a小/a而/cc苍白/a稚/ng弱/a的/ude1小/a东西/n，/wd梳/v着/uzhe长长的/z发辫/n，/wd带/v着/uzhe一/m脸/q早熟/vi的/ude1寥/nr1落/v。/wj
是/vshi这/rzv孩子/n吗/y？/ww
她/rr的/ude1心/n跳/vi着/uzhe，/wd相信/v自己/rr的/ude1判断/vn，/wd是/vshi这/rzv孩子/n！/wt
一定/b的/ude1！/wt
那/rzv孩子/n长/a得/ude3多/d像/v她/rr父亲/n，/wd她/rr从/p没/d看/v过/uguo这样/rzv酷似/v的/ude1相像/a！/wt
浓眉大眼/al和/cc挺直/v的/ude1鼻梁/n，/wd连/ulian那/rzv股/q忧郁/a的/ude1神情/n都/d是/vshi她/rr父亲/n的/ude1再版/vn。/wj
“/wyz我/rr看到/v你/rr的/ude1孩子/n了/y！/wt
”/wyy她/rr喘息/vi的/ude1说/v。/wj
“/wyz她/rr果然/d是/vshi个/q漂亮/a的/ude1孩子/n！/wt
”/wyy“/wyz你/rr怎/ryv能/v断定/v…/ws
…/ws
”/wyy那/rzv父亲/n的/ude1话/n还/d没/d说/v完/vi，/wd就/d被/pbei孩子/n的/ude1一/m声/qv惊呼/v所/usuo打断/v了/y。/wj
那/rzv女孩/n已经/d发现/v了/ule他们/rr，/wd她/rr喊/v了/ule一/m声/qv，/wd就/d狂奔/vi着/uzhe跑/v了/ule过来/vf，/wd一面/d喘/v着/uzhe气/n喊/v：/wp“/wyz爸爸/n！/wt
爸爸/n！/wt
”/wyy她/rr一下子/d冲/v到/v了/ule父亲/n的/ude1身边/s，/wd用/p她/rr的/ude1两/m只/q小/a手/n紧紧/d的/ude1抓/v住/vi她/rr父亲/n那/rzv只/d没有/d拿/v手杖/n的/ude1手/n，/wd她/rr的/ude1眼睛/n大/a而/cc明亮/a，/wd带/v着/uzhe一/m种/q狂喜/vn和/cc受宠若惊/vl的/ude1神情/n，/wd仰视/v着/uzhe她/rr的/ude1父亲/n。/wj
她/rr那/rzv苍白/a的/ude1小/a脸/n现在/t红润/a了/y，/wd被/pbei喜悦/an和/cc激动/a所/usuo染/v红/a了/y。/wj
她/rr的/ude1呼吸/vn急迫/a而/cc短促/a。/wj
“/wyz爸爸/n！/wt
你/rr来/vf接/v我/rr吗/y？/ww
是/vshi吗/y？/ww
爸爸/n！/wt
”/wyy她/rr嚷/v着/uzhe，/wd环绕/v在/p她/rr父亲/n的/ude1膝下/n。/wj
她/rr是/vshi多么/d瘦小/a呵/y！/wt
十/m岁/qt？/ww
她/rr看来/v不足/v六/m岁/qt，/wd像/v株/q风/n吹/v一/m吹/v就/d会/v折断/v的/ude1小/a草/n。/wj
那/rzv苍白/a的/ude1皮肤/n几乎/d是/vshi半/m透明/a的/ude1，/wd这/rzv是/vshi个/q多/a脆弱/a的/ude1小/a生命/n呀/y！/wt
“/wyz我/rr出来/vf散步/vi，/wd顺便/d来/vf看看/v你/rr放学/vi没有/v。/wj
”/wyy那/rzv父亲/n说/v，/wd并/cc没有/v被/pbei女儿/n那/rzv份/q狂喜/vn所/usuo感染/v，/wd他/rr的/ude1声调/n是/vshi平平淡淡/z的/ude1。/wj
这/rzv平淡/a几乎/d触怒/v了/ule方/q丝/n萦/vg。/wj
你/rr竟/d看/v不/d出/vf你/rr的/ude1女儿/n是/vshi多么/d爱/v你/rr吗/y？/ww
傻瓜/n！/wt
你/rr竟/d不/d知道/v她/rr那/rzv小/a心灵/n在/p怎样/ryv渴望/v着/uzhe爱/v吗/y？/ww
傻瓜/n！/wt
你/rr可/v曾/d好好/d照顾/v过/uguo这/rzv孩子/n吗/y？/ww
残酷/a的/ude1父亲/n哪/y！/wt
如果/c你/rr“/wyz看/v”/wyy不/d见/v，/wd你/rr最/d起码/d感觉/v得到/v呵/e！/wt
“/wyz哦/e，/wd爸爸/n！/wt
”/wyy那/rzv孩子/n没有/d因/p父亲/n的/ude1平淡/an而/cc失望/an，/wd她/rr仰视/v着/uzhe父亲/n的/ude1那/rzv对/p眸子/n里/f闪耀/v着/uzhe单纯/a的/ude1信赖/vn和/cc崇拜/vn，/wd除了/p信赖/v与/cc崇拜/vn之外/f，/wd还有/v层/qv薄薄的/z敬畏/v。/wj
她/rr悄悄的/z把/pba面颊/n倚/v在/p父亲/n的/ude1手/n背/v上/f，/wd激动/a的/ude1说/v：/wp“/wyz你/rr一个/mq人/n走/v来/vf的/ude1吗/y？/ww
亚珠/nr2和/cc老尤/nr没有/d陪/v你/rr吗/y？/ww
”/wyy“/wyz那/rzv位/q阿姨/n陪/v我/rr走/v来/vf的/ude1，/wd你/rr去/vf谢谢/v她/rr去/vf！/wt
”/wyy那/rzv盲人/n准确/a的/ude1指出/v她/rr所/usuo站/vi的/ude1位置/n。/wj
那/rzv小/a女孩/n转/v过/uguo脸/n来/f对/p着/uzhe她/rr，/wd一时间/t，/wd方/q丝/n萦/vg竟/d有/vyou把/pba她/rr揽/v进/vf怀里/s来/vf的/ude1冲动/an，/wd多/d美丽/a的/ude1小/a东西/n！/wt
多/m惹/v人/n疼爱/v的/ude1小/a东西/n！/wt
她/rr是/vshi愿意/v牺牲/v世上/s一切/rz，/wd来/vf博得/v这样/rzv一个/mq小/a东西/n的/ude1笑靥/n的/ude1。/wj
“/wyz噢/e，/wd阿姨/n，/wd谢谢/v你/rr！/wt
”/wyy那/rzv孩子/n对/p她/rr微微/d弯腰/vi，/wd但/c她/rr舍不得/v离开/v父亲/n的/ude1身边/s，/wd她/rr的/ude1小/a手/n仍然/d紧紧/d的/ude1攥/v住/vi她/rr父亲/n的/ude1手/n。/wj
只/d这样/rzv马马虎虎/z的/ude1交代/v了/ule一/m句/q，/wd她/rr就/d把/pba她/rr那/rzv张/q被/pbei喜悦/an燃烧/v得/ude3发亮/vi的/ude1小/a脸/n又/d转向/vi了/ule父亲/n，/wd兴高采烈/al的/ude1说/v：/wp“/wyz我/rr搀/v你/rr回去/v！/wt
爸爸/n！/wt
你/rr要/v走/v小心/a一点/mq，/wd当心/v你/rr脚/n边/k，/wd那儿/rzs有/vyou个/q坑/n哪/y！/wt
”/wyy“/wyz好/a，/wd你/rr带/v着/uzhe我/rr走/v吧/y，/wd亭亭/nr。/wj
”/wyy那/rzv父亲/n让/v女儿/n搀/v住/vi他/rr的/ude1手/n，/wd但是/c，/wd显然/a的/ude1，/wd他/rr这/rzv只是/d为了/p抚慰/v那/rzv孩子/n而已/y，/wd他/rr并/d不/d真/a的/ude1需要/n帮助/vn。/wj
“/wyz我们/rr回去/v吧/y！/wt
天/qt不/d早/a了/y。/wj
”/wyy“/wyz再见/vi！/wt
阿姨/n！/wt
”/wyy那/rzv孩子/n没/d忘记/v对/p她/rr抛/v下/vf一/m句/q再见/vi，/wd然后/c，/wd她/rr搀/v着/uzhe父亲/n的/ude1手/n，/wd向/p那/rzv条/q宽/a宽/a的/ude1泥土/n路上/s走/v去/vf了/y。/wj
方/q丝/n萦/vg目送/v着/uzhe这/rzv父女/n二/m人/n的/ude1背影/n。/wj
暮色/n已经/d苍茫/z的/ude1笼罩/v了/ule下来/vf，/wd那/rzv两/m人/n的/ude1身影/n像/v是/vshi走/v在/p一/m层/qv浓雾/n里/f，/wd飘浮/v而/cc虚幻/n。/wj
在/p这/rzv一刹那/t，/wd方/q丝/n萦/vg心头/s竟/d涌/v上/vf了/ule一/m股/q莫名其妙/al的/ude1酸楚/an，/wd她/rr有/vyou种/q强烈/a的/ude1、/wn被/pbei遗弃/v似的/uyy感觉/v。/wj
眼看/v着/uzhe那/rzv父女/n二/m人/n的/ude1身子/n小/a了/y，/wd远/a了/y，/wd被/pbei暮色/n所/usuo吞噬/v了/y…/ws
…/ws
她/rr呆/v呆/v的/ude1伫立/v着/uzhe，/wd不/d能/v移动/vn，/wd眼眶/n却/d逐渐/d的/ude1湿润/a了/y。/wj
