。/wj
”/wyy“/wyz熟悉/v？/ww
！/wt
岂止/v熟悉/v？/ww
这/rzv是/vshi我/rr的/ude1地方/n！/wt
我/rr的/ude1房子/n，/wd我/rr的/ude1花园/n，/wd我/rr的/ude1家/n。/wj
”/wyy“/wyz哦/e！/wt
”/wyy方/q丝/n萦/vg瞪视/v着/uzhe他/rr。/wj
“/wyz那么/c，/wd你/rr失去/v了/ule很多/m的/ude1东西/n了/y？/ww
”/wyy“/wyz一个/mq世界/n。/wj
”/wyy他/rr低声/d的/ude1说/v，/wd几乎/d只有/c他/rr自己/rr听/v得/ude3到/v。/wj
“/wyz怎样/ryv失火/vi的/ude1？/ww
”/wyy方/q丝/n萦/vg掩饰/v不/d住/vi自己/rr的/ude1好奇/an和/cc关切/vn。/wj
不/d等/v回答/v，/wd她/rr又/d急切/a的/ude1问/v：/wp“/wyz有人/r葬身/v火/n窟/ng吗/y？/ww
”/wyy“/wyz不/d，/wd没有/v。/wj
”/wyy“/wyz那/rzv还/d好/a。/wj
”/wyy她/rr吐/v出/vf一/m口/q气/n来/vf。/wj
“/wyz花园/n和/cc房屋/n是/vshi可以/v重建/v的/ude1。/wj
”/wyy“/wyz重建/v！/wt
”/wyy他/rr打/v鼻子/n里/f哼/v了/ule一/m声/qv。/wj
“/wyz没有/v人/n能/v重建/v含/v烟/n山庄/n，/wd再/d也/d没有/v人/n了/y！/wt
除非/c…/ws
…/ws
”/wyy他/rr咽/v住/vi了/y，/wd把/pba头/n转/v向/p天空/n，/wd突然/ad醒悟/vi似的/uyy说/v：/wp“/wyz天气/n不/d早/a了/y，/wd是/vshi吗/y？/ww
”/wyy“/wyz是的/vl，/wd太阳/n都/d已经/d下/vf山/n了/y。/wj
”/wyy“/wyz那/rzv——/wp我/rr得/v走/v了/y。/wj
”/wyy他/rr匆忙/a的/ude1说/v，/wd探索/v的/ude1用/p手杖/n去/vf碰/v触/v那/rzv遍/qv是/vshi杂草/n碎石/n的/ude1地面/n，/wd这/rzv份/q无助/a深深/z的/ude1引起/v了/ule方/q丝/n萦/vg的/ude1怜悯/vn，/wd她/rr本能/n的/ude1扶/v住/vi了/ule他/rr。/wj
“/wyz你/rr住/vi在/p什么/ry地方/n？/ww
”/wyy她/rr问/v。/wj
“/wyz就/d在/p附近/f，/wd几/m步/qv路/n而已/y。/wj
”/wyy“/wyz那么/c，/wd我/rr送/v你/rr回去/v，/wd反正/d我/rr没/v事/n。/wj
”/wyy“/wyz不/d！/wt
”/wyy他/rr很/d快/a的/ude1说/v，/wd几乎/d是/vshi恼怒/v的/ude1。/wj
“/wyz我/rr可以/v自己/rr走/v，/wd我/rr对/p这儿/rzs熟悉/v得/ude3像/v自己/rr的/ude1手指/n！/wt
而且/c，/wd我/rr还/d不/d要/v回/v去/vf呢/y！/wt
我/rr要/v去/vf接/v我/rr的/ude1女儿/n。/wj
”/wyy“/wyz女儿/n！/wt
”/wyy方/q丝/n萦/vg顿/dg了/ule顿/qv，/wd紧紧/d的/ude1盯/v着/uzhe面前/f这个/rz男人/n。/wj
“/wyz你/rr有/vyou个/q女儿/n吗/y？/ww
多/m大/a了/y？/ww
她/rr在/p什么/ry地方/n？/ww
你/rr要/v到/v那里/rzs去/vf接/v她/rr？/ww
”/wyy那/rzv男人/n的/ude1眉峰/n很/d快/a的/ude1锁/n在/p一起/s。/wj
“/wyz这/rzv关/v你/rr什么/ry事/n吗/y？/ww
”/wyy他/rr率直/a的/ude1说/v：/wp“/wyz你/rr倒/d是/vshi很/d喜欢/vi管闲事/vl的/ude1呵/y！/wt
”/wyy方/q丝/n萦/vg的/ude1脸/n蓦/n的/ude1胀/a红/a了/y。/wj
她/rr掉头/vi望/v向/p天际/n，/wd太阳/n已经/d沉/v落/v了/y，/wd最后/f的/ude1一/m抹/q彩霞/n还/d挂/v在/p远/a山/n的/ude1顶端/n，/wd留下/v一/m笔/q淡淡的/z嫣红/b。/wj
“/wyz我/rr只是/d随便/ad问问/v，/wd”/wyy她/rr轻轻/z的/ude1说/v。/wj
“/wyz我/rr说/v过/uguo，/wd我/rr在/p这儿/rzs没有/v朋友/n，/wd所以/c，/wd我/rr…/ws
…/ws
”/wyy她/rr没有/d讲/v完/vi她/rr的/ude1话/n，/wd但是/c，/wd那/rzv男人/n显然/ad已/d经/p了解/v了/ule她/rr那/rzv份/q孤寂/an，/wd因为/c，/wd他/rr眉峰/n的/ude1结/v放开/v了/y，/wd一个/mq近乎/v温柔/a的/ude1表情/n浮/v上/vf了/ule他/rr的/ude1嘴角/n，/wd这/rzv表情/n缓和/v了/ule他/rr面部/n僵直/z的/ude1肌肉/n，/wd使/v他/rr看/v起来/vf和煦/a而/cc慈祥/a。/wj
“/wyz我/rr抱歉/a。/wj
”/wyy他/rr匆促/a的/ude1说/v。/wj
“/wyz我/rr的/ude1脾气/n一直/d很/d坏/a。/wj
”/wyy为了/p弥补/v他/rr刚才/t的/ude1失礼/vn，/wd他/rr又/d自动/b的/ude1答复/vn了/ule方/q丝/n萦/vg的/ude1问题/n。/wj
“/wyz我/rr女儿/n今年/t十/m岁/qt，/wd就/d在/p这儿/rzs的/ude1国民/n小学/n读书/vi，/wd平常/a她/rr都/d自己/rr走/v回家/vi，/wd今天/t我/rr既然/c出来/vf了/y，/wd就/d不妨/v去/vf接/v接/v她/rr。/wj
”/wyy“/wyz我/rr送/v你/rr去/vf，/wd好/a吗/y？/ww
”/wyy方/q丝/n萦/vg热切/a的/ude1说/v。/wj
“/wyz我/rr没有/v事/n，/wd一点/mq事/n都/d没有/v。/wj
”/wyy“/wyz如果/c你/rr高兴/a。/wj
”/wyy那/rzv男人/n说/v，/wd声调/n却/d是/vshi淡漠/a的/ude1，/wd不/d太/d热中/v的/ude1。/wj
方/q丝/n萦/vg看/v了/ule他/rr一/m眼/q，/wd她/rr知道/v，/wd他/rr一定/d以为/v碰到/v了/ule个/q最/d无聊/a的/ude1人/n，/wd一个/mq无所事事/vl而/cc又/d爱/v管闲事/vl的/ude1人/n！/wt
但/c，/wd她/rr并/d不在乎/v他/rr的/ude1看法/n。/wj
望/v着/uzhe他/rr，/wd她/rr说/v：/wp“/wyz注意/v，/wd你/rr前面/f有/vyou一/m堆/q石头/n，/wd你/rr最/d好/a从/p这边/rzs走/v！/wt
”/wyy她/rr搀扶/v了/ule他/rr一下/mq。/wj
“/wyz我/rr搀/v你/rr走/v，/wd好/a吗/y？/ww
”/wyy“/wyz不用/d！/wt
”/wyy他/rr大声/d说/v。/wj
方/q丝/n萦/vg不再/d说话/vi了/y，/wd他们/rr绕/v出/vf了/ule那/rzv堆/q废墟/n。/wj
一经/d走/v到/v花园/n里/f，/wd没有/v那些/rz绊/ng脚/n的/ude1木头/n和/cc石块/n，/wd那/rzv男人/n的/ude1脚步/n就/d快/a了/ule起来/vf。/wj
方/q丝/n萦/vg发现/v他/rr确实/ad对/p这儿/rzs很/d熟悉/v，/wd而且/c，/wd她/rr这/rzv时/ng才/d发现/v她/rr刚才/t忽略/v了/ule的/ude1地方/n，/wd这/rzv花园/n中间/f有/vyou条/q水泥路/n，/wd却/d并/d没有/v被/pbei杂草/n所/usuo盘/v据/p，/wd显然/ad是/vshi因为/p常/d有/vyou人/n走/v的/ude1关系/n。/wj
那么/c，/wd他/rr是/vshi真/a的/ude1常/d到/v这/rzv废墟/n中/f来/vf了/y？/ww
一个/mq失明/vi的/ude1男人/n，/wd经常/d到/v一/m堆/q废墟/n里/f来/vf做/v什么/ry？/ww
是/vshi凭吊/v过去/vf？/ww
还是/c找寻/v过去/vf？/ww
她/rr不/d禁/v悄悄的/z，/wd也/d是/vshi深深/a的/ude1，/wd研究/v着/uzhe旁边/f这个/rz男人/n的/ude1脸谱/n。/wj
现在/t，/wd那/rzv男人/n专注/vi的/ude1走/v着/uzhe路/n，/wd似乎/d根本/d忘记/v了/ule她/rr的/ude1存在/vn，/wd那/rzv张/q脸/n是/vshi忧郁/a、/wn冷漠/a、/wn严肃/a，/wd而/cc莫测高深/vl的/ude1。/wj
沿着/p那/rzv条/q大/a路/n，/wd他们/rr走/v了/ule没有/d多/a远/a，/wd方/q丝/n萦/vg就/d看/v到/v路边/s有/vyou栋/q相当/d豪华/a的/ude1花园/n洋房/n，/wd两/m扇/q大大/a的/ude1红/a门/n，/wd高高/z的/ude1围墙/n，/wd修剪/v得/ude3像/v一个/mq个/q小/a亭子/n似的/uyy榕树/n从/p围墙/n顶端/n露/v了/ule出来/vf。/wj
围墙/n里/f有/vyou栋/q两/m层/qv楼/n的/ude1建筑/n，/wd外/f壁/ng上/f贴/v着/uzhe讲究/a的/ude1花砖/n，/wd有/vyou美丽/a的/ude1壁灯/n，/wd和/cc别致/a的/ude1圆形/n窗子/n。/wj
那/rzv围墙/n的/ude1红/a门/n上/f挂/v着/uzhe一/m块/q黑/a底/f金/b字/n的/ude1牌子/n，/wd是/vshi：/wp“/wyz柏/ng宅/ng”/wyy方/q丝/n萦/vg再/d看/v了/ule一/m眼/q身边/s的/ude1男人/n。/wj
“/wyz这/rzv路边/s的/ude1大/a房子/n是/vshi你/rr的/ude1家/n吗/y？/ww
柏/ng先生/n？/ww
”/wyy她/rr问/v。/wj
那/rzv男人/n惊/vd跳/vi了/ule一下/mq。/wj
“/wyz你/rr怎么/ryv知道/v我/rr姓/v柏/ng？/ww
”/wyy他/rr迅速/a的/ude1问/vn。/wj
“/wyz这/rzv很/d简单/a，/wd你/rr说/v你/rr的/ude1家/n就/d在/p附近/f，/wd这/rzv栋/q房子/n是/vshi附近/f唯一/d考究/a的/ude1建筑/n，/wd从/p你/rr的/ude1服饰/n看来/v，/wd你/rr应该/v是/vshi栋/q考究/a住宅/n的/ude1主人/n。/wj
而/cc这/rzv房子/n的/ude1大门/n上/f，/wd挂/v着/uzhe‘/wyz柏/ng宅/ng’/wyy的/ude1牌子/n。/wj
”/wyy“/wyz唔/y，/wd”/wyy那/rzv人/n放松/v了/ule面部/n的/ude1肌肉/n。/wj
“/wyz你/rr的/ude1联想/nz力/n倒/vi很/d丰富/a。/wj
你/rr做/v什么/ry的/ude1？/ww
一个/mq作家/n？/ww
