"/x“/wyz好/a啦/y好/a啦/y，/wd别/d把/pba我们/rr的/ude1夕/tg颜/ng当/p罪犯/n来/vf审/v啦/y，/wd反正/d洛/b云/n是/vshi个/q好/a男孩/n，/wd如果/c有/vyou机会/n发展/vn也/d不错/a啊/y！/wt
”/wyy夏/tg凉/v拍/v了/ule拍/v夕/tg颜/ng的/ude1肩膀/n，/wd唉/e，/wd夕/tg颜/ng你/rr这/rzv点/qt心思/n我们/rr怎么/ryv会/v看/v不/d出来/vf，/wd只/d是/vshi你/rr不/d想/v说/v我们/rr也/d不/d再/d问/v。/wj
甜蜜/a的/ude1秘密/n啊/y，/wd夕/tg颜/ng还/d真/d是/vshi小/a女孩/n。/wj
夏/tg凉/v突然/ad开始/v怀念/v她/rr的/ude1初恋/vn了/y，/wd那/rzv时候/n的/ude1自己/rr，/wd好像/v也/d是/vshi这样/rzv，/wd曾经/d那/rzv个/q可爱/a的/ude1男生/n还/d说/v“/wyznokiss/x,/wdnoanother/x,/wdjustonehandisenough/x”/wyy，/wd可惜/v那个/rz岁月/n，/wd已经/d离/v她/rr很/d远/a了/y。/wj
"/x“/wyz好/a吧/y，/wd就/d放/v过/uguo你/rr这/rzv一/m次/qv！/wt
”/wyy小山/nr2把/pba吃/v完/vi的/ude1雪糕/n筒/ng扔掉/v，/wd抬头/vi却/d看见/v远处/s走过/v的/ude1聿哲/nr2，/wd她/rr连忙/d喊/v了/ule过去/t：/wm“/wyz聿哲/nr2！/wt
”/wyy聿哲/nr2听到/v有人/r喊/v他/rr的/ude1名字/n，/wd转头/v望/v向/p这边/rzs，/wd他/rr面/n无/v表情/n地/ude2看/v了/ule小/a山/n一/m眼/q，/wd再/d看/v向/p她/rr身边/s的/ude1夕/tg颜/ng，/wd眼中/s闪/vi过/vf了/ule什么/ry，/wd可惜/v太/d远/a了/y，/wd她们/rr都/d没/d注意/v。/wj
然后/c他/rr继续/v往/p前/f走/v，/wd脚步/n丝毫/m没有/d减慢/v。/wj
“/wyz聿哲/nr2怎么/ryv了/y，/wd平时/t他/rr虽然/c酷/ag酷/ag的/ude1，/wd但/c不至于/d无礼/ad到/v这个/rz地步/n的/ude1啊/y？/ww
”/wyy小/a山/n疑惑/v地/ude2看/v向/p夕/tg颜/ng和/cc夏/tg凉/a。/wj
这时候/rzt，/wd夕/tg颜/ng的/ude1手机/n响/v了/y，/wd她/rr拿/v起/vf一/m看/v，/wd是/vshi洛云/nrf的/ude1短讯/n：/wm中午/t一起/s吃饭/vi好/a吗/y？/ww
有/vyou事/n跟/p你/rr说/v。/wj
夕/tg颜/ng不好意思/a地/ude2瞄/v了/ule瞄/v身旁/s两/m只/q“/wyz长颈鹿/n”/wyy，/wd也/d知道/v她们/rr看见/v了/y，/wd只好/d说/v：/wm“/wyz要不/c，/wd我们/rr一起/d去/vf吃饭/vi吧/y，/wd人/n多/m点/qt热闹/a点/qt。/wj
”/wyy“/wyz不要/d啦/y，/wd我们/rr才/d不/d要/v当/p电灯泡/n呢/y！/wt
”/wyy小山/n装作/v生气/a地/ude2转/v过/uguo身/ng。/wj
“/wyz不要/d生气/a啦/y，/wd要/v不/d我/rr买/v肯德基/nz外带/n全家/n桶/q回来/v请/v你们/rr吃/v啊/y！/wt
”/wyy夕/tg颜/ng讨好/v地/ude2说/v。/wj
“/wyz真/a的/ude1？/ww
太/d好/a了/y，/wd我/rr好久/m没/d有/vyou吃/v炸鸡/n腿/n了/y，/wd你/rr别/d耍赖/v啊/y！/wt
”/wyy小山/nr2兴奋/v地/ude2说/v，/wd真是/d塞/v翁/ng失/v马/n，/wd焉知非/nr福/n，/wd嘻/o嘻/o。/wj
“/wyz夏/tg凉/a，/wd那/c你/rr呢/y？/ww
”/wyy“/wyz行/vi了/y，/wd我/rr也/d吃/v炸鸡/n腿/n好/a了/y，/wd快/d去/vf吧/y，/wd音乐/n系/v快/a下/vf课/n的/ude1了/y。/wj
”/wyy夏/tg凉/v体贴/v地/ude2说/v。/wj
“/wyz对不起/v哦/e，/wd那/c我/rr先/d走/v啦/y！/wt
”/wyy夕/tg颜/ng说/v完/vi连忙/d向/p教学楼/n那边/rzs跑/v去/vf，/wd留下/v的/ude1夏/tg凉/v和/cc小/a山/n对/p望/v一/m眼/q，/wd心想/v夕/tg颜/ng真/d是/vshi个/q笨/a笨/a的/ude1小/a女孩/n。/wj
夕/tg颜/ng赶到/v的/ude1时候/n，/wd洛云/nrf已经/d在/p楼下/s等/v她/rr了/y。/wj
因为/c是/vshi跑步/vi过来/vf的/ude1关系/n，/wd夕/tg颜/ng双手/n撑/v着/uzhe膝盖/n弯腰/vi喘/v着/uzhe气/n，/wd洛云/nrf便/d微笑/vi着/uzhe抚/vg了/ule抚/vg她/rr的/ude1背/n，/wd帮/v她/rr顺顺/v气/n。/wj
夕/tg颜/ng突然/ad感觉/v到/v一/m只/q微/ag凉/a的/ude1大/a手/n划/v过/uguo脊/x梁/n，/wd条件反射/nl地/ude2直/v起/vf腰/n往/p后/f退/v，/wd抬头/vi恰恰/d看到/v洛/b云/n眼中/s一瞬间/t的/ude1失落/vn。/wj
“/wyz我/rr、/wn我/rr很/d怕/v别人/rr碰/v我/rr的/ude1背/n，/wd怕/v痒/a。/wj
”/wyy夕/tg颜/ng连忙/d解释/v道/qv，/wd脸上/s微微/d泛/v红/a。/wj
“/wyz哦/e，/wd没关系/vl，/wd我们/rr去/vf吃饭/vi吧/y！/wt
”/wyy洛/b云/n又/d扬/vg起/vf了/ule平时/t优雅/a的/ude1微笑/vn，/wd仿/x佛/n刚刚/d的/ude1失落/vn只/d是/vshi一/m场/qv海市蜃楼/nl。/wj
夕/tg颜/ng乖乖/d地/ude2跟/v在/p他/rr后面/f，/wd心中/s回荡/vi着/uzhe的/ude1，/wd却/d是/vshi刚刚/d背/v上/f的/ude1温软/a和/cc微/ag凉/ng，/wd她/rr觉得/v那/rzv应该/v是/vshi很/d亲密/a的/ude1动作/n，/wd虽然/c和/cc洛云/nrf只/d是/vshi朋友/n，/wd但/c自己/rr却/d并/d不/d排斥/v，/wd甚至/d有/vyou点/qt后悔/v刚刚/d的/ude1后退/vn。/wj
她/rr究竟/d是/vshi不/d是/vshi喜欢/vi上/f洛/b云/n了/y？/ww
“/wyz想/v什么/ry想/v呆/v了/y？/ww
”/wyy洛/b云/n在/p夕/tg颜/ng的/ude1眼前/s晃/v了/ule晃/v手/n，/wd“/wyz要/v吃/v什么/ry？/ww
”/wyy“/wyz啊/y，/wd对不起/v，/wd我/rr、/wn我/rr要/v炒面/n和/cc奶茶/n。/wj
”/wyy夕/tg颜/ng这/rzv才/d回/v过/uguo神/n来/f，/wd发现自己/n已经/d在/p餐厅/n了/y，/wd连忙/d有点/d懊恼/v地/ude2回答/v。/wj
洛/b云/n点/v了/ule餐/ng，/wd把/pba餐/ng牌/n还/d给/v站/vi在/p他/rr旁边/f，/wd正/d痴痴/z地/ude2看/v着/uzhe他/rr的/ude1女/b服务员/n。/wj
“/wyz先生/n还/d要/v点/qt什么/ry吗/y，/wd今天/t我们/rr餐厅/n的/ude1水果/n很/d新鲜/a，/wd要/v不/d要/v来/vf个/q沙拉/n？/ww
”/wyy那个/rz美丽/a的/ude1服务员/n怎么/ryv舍得/v离开/v，/wd好久/m没/d见/v过/uguo这么/rz优雅/a澄/b净/a的/ude1贵/a公子/n，/wd虽然/c他/rr对面/f的/ude1女生/n挺/d有/vyou特色/n的/ude1，/wd但/c绝对/d没有/v自己/rr漂亮/a。/wj
“/wyz呃/y，/wd夕/tg颜/ng你/rr要/v吗/y？/ww
”/wyy见/v夕/tg颜/ng摇/v了/ule摇/v头/n，/wd洛云/nrf便/d有/vyou礼/n地/ude2回/v了/ule服务员/n一个/mq微笑/vi，/wd“/wyz不/d用/v了/y，/wd谢谢/v，/wd你们/rr这里/rzs的/ude1服务/vn态度/n很/d好/a。/wj
”/wyy洛/b云/n虽然/c不/d喜欢/vi他/rr的/ude1家庭/n，/wd但/c家族/n的/ude1修养/n教育/vn早已/d成为/v他/rr的/ude1习惯/n，/wd一/m举手/vi一/m投/v足/ng皆/d是/vshi风度/n。/wj
听到/v贵/a公子/n这么/rz说/v，/wd那/rzv女/b服务员/n也/d不好意思/a再/d纠缠/v着/uzhe他/rr，/wd只好/d依依不舍/vl地/ude2往/p柜台/n走/v去/vf。/wj
看到/v她/rr走/v开/v，/wd夕/tg颜/ng顿时/d觉得/v心情/n好/a了/ule不少/m，/wd虽然/c她/rr喜欢/vi吃/v水果/n，/wd但/c她/rr却/d不/d喜欢/vi那/rzv服务员/n看/v着/uzhe洛云/nrf的/ude1眼神/n，/wd怪/d怪/a的/ude1，/wd让/v她/rr觉得/v好/a郁闷/a，/wd现在/t终于/d走/v了/y。/wj
