沈/v浪/n没有/v预警/vn地/ude2停下/v脚步/n，/wd害/v她/rr撞/v上/vf他/rr健/ag背/v，/wd“/wyz喂/e，/wd你/rr干/v嘛/y突/vg来/vf停/vi下来/vf！/wt
”/wyy“/wyz你/rr刚/d叫/vi我/rr什么/ry？/ww
”/wyy“/wyz大叔/n啊/y。/wj
”/wyy“/wyz下次/t不准/v再/d叫/vi我/rr大叔/n了/y。/wj
”/wyy“/wyz那/rzv要/v叫/vi什么/ry？/ww
”/wyy她/rr嘟/o嘴/n。/wj
“/wyz你/rr可以/v叫/vi我/rr沈/v浪/n。/wj
”/wyy“/wyz沈/v浪/n，/wd我/rr不/d要/v去/vf吃饭/vi。/wj
”/wyy现在/t，/wd她/rr想/v要/v回去/v睡觉/vi了/y。/wj
“/wyz跟/p我/rr走/v。/wj
”/wyy“/wyz去/vf哪里/rys？/ww
”/wyy“/wyz到/v了/ule你/rr就/d知道/v。/wj
”/wyy到/v了/y？/ww
到/v哪里/rys啊/y？/ww
半/m小时/n后/f，/wd答/v案/x揭晓/vi了/y。/wj
沈/v浪/n竟然/d带/v她/rr到/v个/q叫/vi办公室/n的/ude1地方/n，/wd这里/rzs应该/v是/vshi人家/rr的/ude1公司/n吧/y。/wj
“/wyz沈/v浪/n，/wd你/rr终于/d来/vf了/y。/wj
”/wyy一个/mq比/p沈/v浪/n还/d上年纪/vi的/ude1中年/t叔叔/n笑/v著/uzhe打招呼/vi。/wj
“/wyz电脑/n在/p哪里/rys？/ww
”/wyy会客室/n里/f，/wd沈/v浪/n一/m副/q公事公办/vl，/wd毫无/v笑容/n地/ude2看/v著/uzhe眼前/s两/m个/q公司/n人员/n。/wj
一/m名/q男/b员工/n起身/vi，/wd指/v著/uzhe另/rz一/m头/q的/ude1隔间/n，/wd“/wyz请/v这边/rzs走/v。/wj
”/wyy“/wyz沈/v浪/n，/wd这/rzv位/q小姐/n是/vshi？/ww
”/wyy那/rzv中年/t叔叔/n再/d开口/vi，/wd毕竟/d电脑/n里/f的/ude1程式/n是/vshi公司/n机密/n，/wd身/ng为/p公司/n资讯/n部/q经理/n，/wd自然/d是/vshi要/v小心/ad为重/vi。/wj
“/wyz我/rr的/ude1人/n。/wj
”/wyy简单/a厄/b要/v的/ude1三/m个/q字/n，/wd马上/d将/p她/rr的/ude1身份/n道/qv出/vf，/wd连带/v的/ude1将/p经理/n及/cc男/b员工/n的/ude1目光/n集中/ad在/p她/rr身上/s。/wj
江/nr1水流/n头/m一/m次/qv有/vyou想/v拿/v东西/n砸/v人/n的/ude1念头/n，/wd桌上/s的/ude1烟灰缸/n落入/v她/rr眼底/n，/wd她/rr想/v要/v拿/v它/rr砸/v向/p沈/v浪/n的/ude1脑袋/n。/wj
当/p沈/v浪/n开始工作/n时/ng，/wd双手/n叉腰/vi地/ude2问/v著/uzhe：/wm“/wyz沈/v浪/n，/wd我/rr为什么/ryv要/v跟/p你/rr来/vf这里/rzs？/ww
她/rr自己/rr工作/vi了/ule一整天/t，/wd虽然/c不/d是/vshi很/d累/a，/wd但/c下班/vi后/f就/d是/vshi她/rr的/ude1自由/a时间/n，/wd为什么/ryv要/v来/vf这里/rzs跟/v他/rr浪费/v宝贵/a的/ude1有限/a青春/n。/wj
“/wyz我/rr想/v找/v人/n作伴/vi。/wj
”/wyy“/wyz你/rr…/ws
…/ws
！/wt
”/wyy她/rr气闷/a，/wd他/rr想/v找/v人/n作伴/vi关/v她/rr什么/ry事/n？/ww
“/wyz坐下/vi，/wd你/rr站/vi在/p那里/rzs会/v影响/v我/rr工作/vi。/wj
”/wyy“/wyz我/rr影响/v你/rr工作/vn？/ww
很/d好/a，/wd本/rz姑娘/n最/d好/a说话/vi了/y，/wd你/rr自己/rr慢慢/d忙/a，/wd我/rr走/v了/y，/wd再见/vi！/wt
”/wyy才/c走/v到/v一半/m，/wd发现/v身后/f的/ude1人/n竟/d没有/d喊/v她/rr，/wd江/nr1水流/n回/qv瞪/v一/m眼/q，/wd“/wyz我/rr真/a的/ude1要/v走/v了/y！/wt
”/wyy沈/v浪/n还是/c没有/v出/vf声/ng，/wd继续/v盯/v著/uzhe电脑/n，/wd“/wyz你/rr不/d是/vshi爱/v跟/p我/rr唱反调/v，/wd我/rr要/v你/rr别/d走/v，/wd你/rr偏/d要/v走/v？/ww
”/wyy他/rr头/n都/d没/d抬/v。/wj
毕竟/d是/vshi黄毛丫头/nl，/wd道/v行/ng还/d浅/a，/wd与/p一个/mq三十/m岁/qt的/ude1男人/n相比/vi，/wd还是/d嫩/a得/ude3发/v涩/an。/wj
“/wyz你/rr！/wt
”/wyy“/wyz去/vf帮/v我/rr泡/v杯/ng茶/n。/wj
”/wyy“/wyz刚/d那/rzv经理/n不/d是/vshi说/v了/y，/wd有/vyou什么/ry需要/v，/wd可以/v请/v公司/n人员/n帮忙/vi。/wj
”/wyy“/wyz我/rr不/d接受/v陌生人/n的/ude1好/a意/ng。/wj
”/wyy这个/rz男人/n，/wd规矩/n一/m堆/q，/wd江/nr1水流/n深深/d吸/v了/ule口/q空气/n，/wd“/wyz不要/d！/wt
”/wyy“/wyz那/rzv就/d乖乖/d坐/v著/uzhe，/wd等/udeng我/rr工作/vi结束/v再/d带/v你/rr去/vf吃饭/vi。/wj
”/wyy江/nr1水流/n来到/v他/rr身边/s，/wd学/v他/rr盯/v著/uzhe电脑/n萤/x幕/n瞧/v，/wd只见/v一/m堆/q英/b文字/n出现/v，/wd颜色/n不同/a，/wd她/rr好奇/a的/ude1问/v：/wm“/wyz这/rzv是/vshi什么/ry？/ww
”/wyy“/wyz程式/n！/wt
”/wyy“/wyz你/rr为什么/ryv要/v看/v这些/rz东西/n？/ww
”/wyy瞧/v他/rr的/ude1手指/n流畅/a地/ude2在/p键盘/n上/f敲打/v，/wd文字/n一/m变/v，/wd颜色/n也/d变/v，/wd她/rr看/v得/ude3入迷/a。/wj
“/wyz修改/v程式/n。/wj
”/wyy江/nr1水流/n这/rzv才/d想起/v，/wd他/rr曾/d提/v过/uguo自己/rr是/vshi电脑程式/n设计/vn人员/n，/wd也/d就是/v俗称/v的/ude1电脑/n工程师/n。/wj
“/wyz好玩/a吗/y？/ww
”/wyy“/wyz无聊/a。/wj
”/wyy一/m把/pba冷水/n直/d由/p她/rr头/n上/f泼/v下/f，/wd江/nr1水流/n踱/v离开/v他/rr身边/s。/wj
“/wyz去/vf哪里/rys？/ww
”/wyy“/wyz随便/ad逛逛/v！/wt
”/wyy江/nr1水流/n的/ude1魅力/n果真/d无法/v挡/v，/wd十八/m岁/qt芳龄/n，/wd正值/v豆蔻年华/nl的/ude1美/b少女/n，/wd勾/v起/vf了/ule年轻/a男子/n的/ude1心/n。/wj
一/m离开/v沈/v浪/n的/ude1视线/n，/wd她/rr才/d走/v到/v办公室/n，/wd即/d有/vyou位/q好心/n的/ude1男/b员工/n递/v了/ule茶水/n过来/vf，/wd亲切/a和/cc善/ag的/ude1服务/vn教/v她/rr回/v了/ule一/m笑/v，/wd那/rzv模样/n动人/a，/wd看/v得/ude3男/b员工/n几乎/d著迷/vi。/wj
半/m个/q小时/n后/f，/wd公司/n下班/vi时间/n，/wd几/m名/q男/b员工/n自愿/vd留下/v陪/v她/rr，/wd这/rzv也/d是/vshi沈/v浪/n离开/v电脑/n室/n所/usuo见/v的/ude1情景/n。/wj
江/nr1水流/n被/pbei几/m个/q男/b员工/n包围/v，/wd几/m个/q人/n不知/v讲/v些/q什么/ry，/wd惹/v得/ude3她/rr笑声/n频频/z。/wj
倏地/d，/wd一个/mq尖/a眼/n的/ude1男/b员工/n发现/v沈/v浪/n，/wd“/wyz沈/v先生/n，/wd请问/v有/vyou什么/ry需要/v吗/y？/ww
”/wyy“/wyz茶水/n间/f在/p哪里/rys？/ww
”/wyy“/wyz你/rr要/v喝茶/vi还是/v咖啡/n吗/y？/ww
我/rr可以/v帮/v你/rr代劳/vi。/wj
”/wyy那/rzv名/q男/b员工/n客气/a地/ude2说/v著/uzhe，/wd不过/c沈/v浪/n只是/d以/p笑/v代/v过/uguo。/wj
“/wyz不用/d麻烦/an，/wd我/rr自己/rr来/vf。/wj
”/wyy江/nr1水流/n见/v他/rr走/v进/vf茶水/n间/f，/wd不/d觉/v问/v：/wm“/wyz你们/rr为什么/ryv那么/rz怕/v他/rr？/ww
”/wyy“/wyz因为/c他/rr是/vshi沈/v浪/n。/wj
”/wyy沈/v浪/n？/ww
那/rzv又/d如何/ryv？/ww
“/wyz他/rr很/d厉害/a，/wd在/p电脑/n界/k少/v有人/r没/d听/v过/uguo他/rr的/ude1名声/n。/wj
