两/m人/n和/cc媒人/n来到/v大厅/n，/wd放眼/vd望去/v，/wd大概/d只/d有/vyou三/m、/wn四/m个/q位子/n上/f独自/d坐/v着/uzhe一/m个/q男人/n，/wd其中/rz两/m个/q桌上/s有/vyou笔/q电/n还有/v其他/rzv文件/n，/wd似乎/d正在/d办公/vi，/wd另外/c两/m个/q在/p玩/v手机/n，/wd其中/rz一个/mq桌上/s有/vyou朵/q香槟/n色/ng玫瑰花/n。/wj
“/wyz应该/v就/d是/vshi他/rr了/y。/wj
”/wyy夏/tg蕊/ng琪/ng开始/v仔细/ad打量/v对方/n，/wd在/p这种/r高级/a餐厅/n，/wd虽然/c西装/n笔挺/z不/d是/vshi什么/ry怪事/n，/wd不过/c整套/b西装/n上身/s，/wd难免/vd让/v人/n有/vyou些/q距离感/n。/wj
由于/p距离/n有/vyou点/qt远/a，/wd看/v不/d清楚/a对方/n的/ude1长相/n，/wd不过/c五官/n端正/v，/wd身材/n壮/v硕/ag，/wd至少/d外表/n及格/vi了/y…/ws
…/ws
呃/y，/wd应该/v是/vshi比/p及格/vi高/a出/vf很/d多/a。/wj
“/wyz还/d不错/a啦/y！/wt
虽然/c穿/v得/ude3有/vyou点/qt正式/a，/wd不过/c应该/v满/a正常/a的/ude1。/wj
”/wyy夏/tg蕊/ng琪/ng转身/vi面向/v姐姐/n。/wj
“/wyz等/udeng一下/mq就/d照/v我/rr教/v你/rr的/ude1，/wd加油/vi！/wt
”/wyy“/wyz咦/e，/wd你/rr不/d跟/p我/rr一起/d去/vf吗/y？/ww
”/wyy夏/tg蕊/ng琳/nr1对/p什么/ry都/d很/d有/vyou信心/n，/wd但/c一/m说/v到/v感情/n，/wd也/d不/d知道/v是/vshi怎么/ryv回/v事/n，/wd老/d是/vshi跟/p人/n接错/n线/n，/wd经过/p多次/mq经验/n后/f，/wd老实/ad说/v她/rr对于/p感情/n世界/n有/vyou点/n无所适从/vl。/wj
“/wyz我/rr长/v那么/rz美/ng，/wd要是/c等/v一下/mq对方/n看/v上/vf我/rr怎么/ryv办/v？/ww
”/wyy她/rr绝不/d是/vshi臭/a屁/n，/wd而是/c这种/r情形/n常/d发生/v。/wj
“/wyz好/a啦/y好/a啦/y，/wd你/rr放心/v，/wd你/rr今天/t超/v美/b的/ude1，/wd只要/c你/rr乖乖/d的/ude1照/p我/rr说/v的/ude1做/v，/wd那个/rz男/b人/n包/v准/h爱/vn死/v你/rr。/wj
”/wyy再/d怎么/ryv说/v两/m人/n可是/c亲姐妹/n，/wd眉宇/n间/f还是/d有/vyou几/m分/qt神似/a，/wd何况/c姐姐/n本来/d就/d挺/d清秀/a的/ude1，/wd打扮/v起来/vf更/d是/vshi韵味/n十足/z——/wp只要/c她/rr不/d开口/vi，/wd绝对/d成为/v众人/n的/ude1焦点/n。/wj
“/wyz好/a了/y，/wd快/d去/vf吧/y！/wt
”/wyy她/rr将/d一/m朵/q香槟/n色/ng玫瑰花/n塞/v到/v姐姐/n手上/s，/wd推/v了/ule她/rr一/m把/qv。/wj
夏/tg蕊/ng琳/nr1吸/v了/ule口/q气/n，/wd好/a吧/y！/wt
反正/d横竖/d都/d是/vshi一/m死/v…/ws
…/ws
呃/y，/wd不/d是/vshi，/wd反正/d又/d不/d是/vshi没/d被/pbei打枪/vi过/uguo，/wd如果/c到/v最后/f真/a的/ude1一/m言/ng不/d合/v，/wd最/d多/ad掉头/vi走人/vi。/wj
走/v到/v男人/n身边/s，/wd但/c他/rr似乎/d没有/d发现/v，/wd她/rr只好/d主动/ad出/vf声/ng。/wj
“/wyz你/rr好/a，/wd我/rr是/vshi夏/tg蕊/ng琳/nr1。/wj
”/wyy她/rr微微/d笑/v开/v，/wd边/d晃/v着手/v上/f的/ude1玫瑰花/n，/wd再/d看/v一/m眼/q桌上/s的/ude1玫瑰花/n。/wj
“/wyz你/rr好/a。/wj
”/wyy关于/p骞/ng抬头/vi，/wd也/d报/v以/p一/m个/q亲切/a的/ude1笑容/n，/wd随即/d他/rr收起/v手上/s的/ude1智慧/n型/k手机/n，/wd绅士/n地/ude2请/v她/rr入座/vi。/wj
“/wyz夏/tg小姐/n请/v坐/v。/wj
”/wyy喔/o，/wd真/d帅/nr1！/wt
夏/tg蕊/ng琳/nr1自/p认/v不/d是/vshi外貌/n协会/n，/wd可/c是/vshi她/rr必须/d老实/ad说/v，/wd他/rr的/ude1外表/n的确/d为/v他/rr添加/v许多/m分数/n。/wj
除去/v身材/n壮/v硕/ag不说/c，/wd他/rr抬/v起/vf头/n的/ude1一瞬间/t，/wd她/rr便/d被/pbei他/rr刚毅/a的/ude1眼神/n吸引/v住/vi。/wj
他/rr给/p人/n的/ude1第一/m印象/n就/d是/vshi干净/a，/wd简单/a俐/x落/v的/ude1短发/n给/p人/n干练/a的/ude1感觉/n，/wd而/cc不/d是/vshi像/v一般/uyy的/ude1男人/n给/p人/n邋遢/a、/wn不修边幅/vl的/ude1印象/n。/wj
好/a吧/y，/wd第一/m印象/n是/vshi满分/n，/wd那/rzv接下来/c她/rr要/v好好/d把握/v。/wj
寻找/v姐夫/n教/v战/vg守则/n第七/m条/q：/wm体贴/v对方/n的/ude1用心/n。/wj
“/wyz不好意思/vl，/wd你/rr等/v很/d久/a了/y吗/y？/ww
”/wyy“/wyz不/d，/wd是/vshi我/rr早/ad到/v了/y，/wd夏/tg小姐/n不用/d在意/v。/wj
”/wyy关于/p骞/ng一/m顿/qv。/wj
“/wyz倒/d是/vshi廖/nr1小姐/n本人/rr呢/y？/ww
她/rr没有/d跟/p你/rr一起/d来/vf？/ww
”/wyy她/rr指/v了/ule一旁/s。/wj
“/wyz有/vyou，/wd她/rr和/cc我/rr妹妹/n在/p一起/s。/wj
”/wyy他/rr朝/p她/rr指/v的/ude1方向/n看/v一/m眼/q，/wd马上/d又/d将/p眼神/n转/vd回/v她/rr身上/s。/wj
“/wyz你/rr和/cc家人/n一起/s过/d来/vf？/ww
怎么/ryv不/d一起/d过/uguo来/y？/ww
”/wyy呆/v喔/o！/wt
因为/p她们/rr要/v给/p我们/rr多/m一点/m独处/v的/ude1机会/n啊/y！/wt
这/rzv句/q话/n都/d到/v牙缝/n了/y，/wd却/d被/pbei她/rr硬/d生/v生/v吞/v了/ule回去/v。/wj
因为/c寻找/v姐夫/n教/v战/vg守则/n第十三/m条/q：/wm不要/d随便/ad把/pba内心/n的/ude1话/n说/v出口/vn。/wj
寻找/v姐夫/n教/v战/vg守则/n第十八/m条/q：/wm不/d知道/v该/v怎么/ryv回答/v，/wd就/d改变/v话题/n。/wj
“/wyz这里/rzs有/vyou点/qt闷/v，/wd我们/rr出/vf去/vf走/v走/v吧/y！/wt
”/wyy啊/y，/wd惨/a了/y，/wd她/rr居然/d忘/v了/ule第四/m条/q：/wm将/p主导/n权/n交给/v男方/n！/wt
不过/c，/wd她/rr实在/d是/vshi快/d闷/v坏/a了/y，/wd而且/c，/wd小小的/z凸/ag槌/ng应该/v不至于/d破坏/v她/rr的/ude1优雅/a形象/n吧/y！/wt
关于/p骞/ng愣/vi了/ule一下/mq，/wd他/rr看/v向/p大厅/n墙上/s那/rzv面/q大大/a的/ude1时钟/n，/wd皱/v了/ule皱眉/vi。/wj
虽然/c要/v离开/v这么/rz明显/ad可以/v看见/v时间/n的/ude1目标/n有/vyou点/qt可惜/v，/wd不过/c，/wd哥哥/n们/k一心/d为/v他/rr打/v造/v的/ude1把/pba妹/n守则/n第三/m条/q：/wm不/d要/v拒绝/v美/b女/b的/ude1邀/vn约/d，/wd他/rr背/v了/ule一/m整/m晚/tg，/wd可/c不/d能/v忘/v了/y。/wj
“/wyz好/a。/wj
”/wyy他/rr一向/d认为/v，/wd会/v来/vf相亲/vi的/ude1女孩子/n应该/v都/d是/vshi内向/a害羞/a、/wn工作/vn单纯/a，/wd没有/v和/cc异性/n相处/vi的/ude1机会/n，/wd且/c快/d过/vf了/ule适/ag婚/ng年纪/n，/wd才/d会/v以/p相亲/vi的/ude1方式/n认识/v对象/n。/wj
不过/c，/wd眼前/s这个/rz夏/tg蕊/ng琳/nr1好像/v和/cc他/rr想/v的/ude1不/d太/d一样/uyy。/wj
第一/m，/wd她/rr还/d很/d年轻/a，/wd第二/m，/wd她/rr很/d漂亮/a，/wd第三/m…/ws
…/ws
嗯/e，/wd他/rr也/d说/v不/d上来/vf，/wd总/d觉得/v像/p她/rr这样/rzv的/ude1女孩子/n不/d太/d需要/v相亲/vi。/wj
