靳/nr1狂/a的/ude1耳朵/n很/d灵/a，/wd他/rr一/m转/v头/n，/wd颜夏/nr就/d把/pba门/n关上/v了/y。/wj
过/vf了/ule一会儿/mq，/wd颜夏/nr又/d把/pba门/n打开/v一点点/m。/wj
“/wyz害怕/v我/rr，/wd就/d不/d要/v开/v门/n。/wj
”/wyy靳/nr1狂/a的/ude1声音/n特别/d温柔/a，/wd低/ad哑/v中/f似乎/d透/v着/uzhe浓浓的/z哀伤/an。/wj
这/rzv一/m次/qv，/wd颜夏/nr没有/d关门/vi。/wj
她/rr透过/v门缝/n，/wd静静地/z瞅/v着/uzhe他/rr。/wj
靳/nr1狂笑/vi了/ule笑/v，/wd“/wyz不用/d管/v我/rr，/wd这/rzv点/qt雨/n不/d算/v什么/ry。/wj
”/wyy颜夏/nr心里/s酸/a酸/a的/ude1。/wj
忽然/d，/wd靳/nr1狂/d发现/v她/rr还/d穿/v着/uzhe那/rzv身/q湿/a衣服/n，/wd有些/rz着急/a地/ude2说/v：/wm“/wyz你/rr怎么/ryv还/d不/d换/v衣服/n？/ww
生病/vi怎么办/ryv？/ww
”/wyy他/rr可怕/a吗/y？/ww
颜/ng夏/tg偷偷/d地/ude2问/v自己/rr。/wj
他/rr很/d关心/v她/rr，/wd也/d没/d欺负/v过/uguo他/rr，/wd她/rr为什么/ryv要/v怕/v他/rr？/ww
他/rr都/d变成/v落汤鸡/n了/y，/wd还/d说/v不/d算/v什么/ry…/ws
…/ws
颜夏/nr靠/v着/uzhe墙/n，/wd把/pba门/n打开/v。/wj
靳/nr1狂/d站/vi起来/vf，/wd却/d不/d急/v着/uzhe进去/vf。/wj
他/rr凝视/v着/uzhe她/rr的/ude1眼睛/n，/wd轻轻/z地/ude2问/v：/wm“/wyz你/rr确定/v…/ws
…/ws
让/v我/rr进去/vf？/ww
”/wyy颜/ng夏/tg点头/vi。/wj
“/wyz你/rr不怕/v我/rr了/y？/ww
”/wyy摇/v头/n。/wj
“/wyz不要/d勉强/v。/wj
”/wyy颜/ng夏/tg不解/v地/ude2眨/v眨眼/vi。/wj
靳/nr1狂/d释然/z而/cc笑/v。/wj
他/rr忘/v了/y，/wd现在/t的/ude1她/rr会/v直接/ad表达/v自己/rr的/ude1喜/ag恶/ag，/wd绝不/d会/v勉强/v什么/ry。/wj
靳/nr1狂/d走/v进去/vf，/wd把/pba门/n关上/v，/wd“/wyz我们/rr都/d去/vf洗澡/vi好/a不好/a？/ww
”/wyy颜/ng夏/tg点头/vi。/wj
“/wyz乖/a。/wj
”/wyy靳/nr1狂/d想/v抬/v手/n摸摸/v她/rr的/ude1头/n，/wd却/d在/p半路/n顿/dg住/vi。/wj
颜夏/nr像/v是/vshi看穿/v他/rr的/ude1心思/n，/wd拉/v过/uguo他/rr的/ude1手/n放/v在/p自己/rr头/m顶/q，/wd甜/a甜/a一/m笑/v。/wj
向/p他/rr说明/v…/ws
…/ws
她/rr不怕/v他/rr？/ww
靳/nr1狂/a眼底/n浮现/vi一/m抹/q复杂/a的/ude1疼/a惜/vg。/wj
颜夏/nr找/v好/a替换/v的/ude1干净/a衣服/n，/wd把/pba洗澡/vi用/v的/ude1浴巾/n，/wd浴/vg袍/ng放/v在/p一起/s，/wd抱/v起来/vf，/wd往/p靳/nr1狂/a的/ude1房间/n走/v去/vf。/wj
靳/nr1狂/a的/ude1房门/n没/d关/v，/wd颜/ng夏/tg悄悄/d走/v进去/vf。/wj
浴室/n里/f传出/v哗哗/o的/ude1水声/n，/wd半透明/n的/ude1玻璃门/n，/wd映出/v一个/mq模/ng糊/a的/ude1影子/n。/wj
水声/n突然/ad断/v了/y。/wj
浴室/n的/ude1门/n“/wyz哗啦/o”/wyy一/m声/qv敞开/v。/wj
靳/nr1狂/d阴郁/a的/ude1脸色/n，/wd在/p见到/v颜夏/nr时/ng转为/v茫然/an。/wj
颜夏/nr被/pbei他/rr吓/v了/ule一/m跳/vi，/wd愣/dg愣/vi地/ude2看/v着/uzhe他/rr。/wj
靳/nr1狂/d只/d在/p腰/n上/f围/v了/ule一/m条/q白色/n浴巾/n，/wd精壮/a的/ude1体魄/n散发/v着/uzhe刚/d猛/x的/ude1气息/n。/wj
“/wyz颜夏/nr？/ww
你/rr…/ws
…/ws
”/wyy怎么/ryv过/d来/vf了/y？/ww
靳/nr1狂/d瞥见/v她/rr手上/s的/ude1东西/n，/wd恍然大悟/vl，/wd“/wyz你/rr要/v在/p这里/rzs洗澡/vi？/ww
”/wyy颜夏/nr点点头/v。/wj
靳/nr1狂/d虽/c有/vyou迷惑/an，/wd却/d没/d说/v什么/ry，/wd“/wyz你/rr等/v一下/mq。/wj
”/wyy他/rr走/v进去/vf，/wd拿/v浴/vg袍/ng披/v上/vf。/wj
回过/v头/n，/wd发现/v颜夏/nr已经/d走/v进来/vf。/wj
颜夏/nr把/pba衣服/n放在/v衣架/n上/f，/wd然后/c拉/v好/a门/n。/wj
靳/nr1狂/d愣/vi了/ule一下/mq，/wd“/wyz那个/rz…/ws
…/ws
我/rr帮/v你/rr放水/v？/ww
”/wyy颜夏/nr又/d点头/vi。/wj
靳/nr1狂/d觉得/v哪里/rys不对/a劲/n，/wd但是/c又/d不/d敢/v多/ad想/v。/wj
她/rr现在/t只/d有/vyou四五/m岁/qt的/ude1智商/n，/wd应该/v不/d懂/v诱惑/vn、/wn献身/v那/rzv一/m套/q吧/y？/ww
靳/nr1狂/d专心/a地/ude2放/v水/n，/wd试/v了/ule试/v水温/n，/wd回过/v身/ng，/wd“/wyz水/n有点/d…/ws
…/ws
热/n…/ws
…/ws
”/wyy靳/nr1狂/a的/ude1话音/n消失/vi了/y。/wj
颜/ng夏/tg连衣裙/n的/ude1拉链/n已经/d拉开/v，/wd她/rr背/v对/p靳/nr1狂/a，/wd露出/v一/m大/a片/q雪白/z的/ude1肌肤/n——/wp这/rzv就是/v他/rr消音/v的/ude1原因/n。/wj
靳/nr1狂/d发呆/vi的/ude1工夫/n，/wd颜夏/nr已经/d把/pba裙子/n脱/v下/f来/vf，/wd接着/c解开/v内衣/n的/ude1搭扣/n。/wj
靳/nr1狂/a的/ude1第一/m反应/vn就/d是/vshi捂住/v眼睛/n，/wd“/wyz那/rzv个/q什么/ry…/ws
…/ws
我/rr先/d出去/vf了/y…/ws
…/ws
”/wyy他/rr摸/v着/uzhe黑/a往/p外/f移动/vn。/wj
一/m只/q小/a手/n揪/v住/vi他/rr的/ude1衣/ng摆/v。/wj
靳/nr1狂/a的/ude1心/n咯/y噔/x一/m沉/v。/wj
他/rr脑子/n里/f只/d剩下/v四/m个/q字/n——/wp大难临头/vl！/wt
颜/ng夏天/t真/d地/ude2扯/v扯/v他/rr的/ude1衣服/n，/wd指指/v自己/rr，/wd指指/v浴缸/n。/wj
嗯/e，/wd意思/n简洁明了/al，/wd可是/c，/wd这/rzv事儿/n有点/d…/ws
…/ws
靳/nr1狂/d尽量/d保持/v视线/n向上/vi，/wd琢磨/v着/uzhe怎么/ryv打消/v她/rr荒唐/a的/ude1念头/n，/wd“/wyz颜夏/nr，/wd这个/rz…/ws
…/ws
我/rr已经/d洗/v完了/vi，/wd你/rr自己/rr洗/v吧/y。/wj
”/wyy颜/ng夏/tg摇头/vi，/wd摇/v了/ule三/m遍/qv。/wj
真是/d非人/b的/ude1折磨/vn啊/y！/wt
一/m起/q洗澡/vi，/wd多么/d诱人/a的/ude1建议/n，/wd但是/c这个/rz建议/n由/p一个/mq心志/n四五/m岁/qt的/ude1女人/n提/v出来/vf…/ws
…/ws
靳/nr1狂/d悔恨/v得/ude3想/v去/vf撞/v墙/n。/wj
颜夏/nr见/v他/rr不/d答应/v，/wd嘟/o起/vf小/a嘴/n，/wd不/d高兴/a了/y。/wj
靳/nr1狂/d看/v着/uzhe她/rr的/ude1表情/n，/wd着实/d为难/a。/wj
小孩子/n是不是/v洗澡/vi都/d要/v人/n陪/v？/ww
拒绝/v她/rr太/d不人道/a了/y…/ws
…/ws
可是/c，/wd不/d拒绝/v她/rr，/wd对/p他/rr太/d不人道/a！/wt
毕竟/d，/wd对/p他/rr来说/uls，/wd颜夏/nr就/d是/vshi颜夏/nr，/wd是/vshi他/rr朝思暮想/vl，/wd想/v要/v侵犯/v…/ws
…/ws
呃/y，/wd想/v要/v拥抱/v的/ude1女人/n。/wj
再说/c，/wd不/d经/p正牌/b颜/ng夏/tg同意/v，/wd就/d随便/ad偷看/v她/rr洗澡/vi…/ws
…/ws
会/v被/pbei杀/v掉/v的/ude1！/wt
颜/ng夏/tg不管/c他/rr答/v不/d答应/v，/wd抱/v住/vi他/rr的/ude1胳膊/n就/d往/p里面/f拖/v。/wj
“/wyz哎/e，/wd颜夏/nr，/wd等等/udeng，/wd这样/rzv不行/a…/ws
…/ws
”/wyy靳/nr1狂/d像/v个/q纯情/a小/a男生/n似的/uyy跟/v她/rr拉拉扯扯/vl，/wd还/d不/d敢/v低头/vi乱/d看/v。/wj
