/wd明儿/t仔细/ad揭/v你/rr的/ude1皮/n！/wt
”/wyy小/a双/m还是/c不/d做/v声/qv。/wj
赵/nr1嬷嬷/n又/d道/v：/wp“/wyz你/rr别/d以为/v还是/c从/p前/f住/vi的/ude1深/a堂/q大院/n哪/ry，/wd由/p得/v你/rr疯/vi疯颠颠/z！/wt
这儿/rzs可是/c挤/v鼻子/n挤/v眼睛/n的/ude1，/wd什么/ry事/n瞒/v得/ude3了/ule人/n？/ww
趁早/d别/d讨/v打/v！/wt
”/wyy屋里/s顿时/d鸦雀无声/vl。/wj
赵/nr1嬷嬷/n害眼/v，/wd枕头/n里/f塞/v着/uzhe菊花/n叶子/n，/wd据说/v是/vshi使/v人/n眼目/n清凉/a的/ude1。/wj
她/rr欠/v起/vf头/n来/vf按/v了/ule一/m按/p髻/n上/f横/dg绾/v的/ude1银/b簪/n，/wd略/d一/d转/v侧/ng，/wd菊叶/nr2便/d沙沙/o作/v响/a。/wj
赵/nr1嬷嬷/n翻/v了/ule了/vi身/ng，/wd吱吱/o格格/nz牵动/v了/ule全身/n的/ude1骨节/n，/wd她/rr唉/e了/ule一/m声道/n：/wp“/wyz你们/rr懂得/v什么/ry！/wt
”/wyy小/a双/m与/p凤/ng箫/ng依旧/z不/d敢/v接/v嘴/n。/wj
久久/d没有/v人/n开口/vi，/wd也/d就/d一个/mq个/q的/ude1朦胧/a睡/v去/vf了/y。/wj
天/qt就/d快/a亮/a了/y。/wj
那/rzv扁/a扁/a的/ude1下/vf弦月/n，/wd低/a一点/mq，/wd低/a一点/mq，/wd大/a一点/mq，/wd像/p赤金/n的/ude1脸盆/n，/wd沉/v了/ule下去/vf。/wj
天/n是/vshi森/ag冷/a的/ude1蟹/ng壳/ng青/a，/wd天底下/s黑/a粜/v什么/ry了不得/a的/ude1心事/n，/wd要/v抽/v这个/rz解闷/v儿/ng？/ww
“/wyz玳/n珍兰仙/nr手/n挽/v手/n一同/d上楼/vi，/wd各人/rr后面/f跟着/v贴身/a丫鬟/n，/wd来到/v老太太/n卧室/n隔壁/s的/ude1一/m间/q小小的/z起/vf坐/v间/f里/f。/wj
老太太/n的/ude1丫头/n榴/ng喜迎/v了/ule出来/vf，/wd低声/d道/v：/wp“/wyz还/d没/d醒/v呢/y。/wj
”/wyy玳/n珍/ag抬头/vi望/v了/ule望/v挂钟/n，/wd笑/v道/n：/wp“/wyz今儿/t老太太/n也/d晚/a了/y。/wj
”/wyy榴/ng喜/vd道/v：/wp“/wyz前/f两/m天/qt说是/v马路/n上/f人声/n太/d杂/a，/wd睡/v不/d稳/a。/wj
这/rzv现在/t想/v是/vshi惯/v了/y，/wd今儿/t补足/v了/ule一/m觉/ng。/wj
”/wyy紫榆/nr2百龄/nr2小/a圆桌/n上/f铺/v着/uzhe红/a毡/ng条/q，/wd二/m小姐/n姜云泽/nr一边/d坐/v着/uzhe，/wd正/d拿/v着/uzhe小/a钳子/n磕/v核桃/n呢/y，/wd因/c丢/v下/vf了/ule站/n起来/vf相见/vi。/wj
玳/n珍/ag把手/n搭/v在/p云/n泽/ag肩上/s，/wd笑/v道/n：/wp“/wyz还是/v云/vg妹妹/n孝心/n，/wd老太太/n昨/tg儿/ng一时/t高兴/a，/wd叫做/v糖/n核桃/n，/wd你/rr就/d记住/v了/y。/wj
”/wyy兰/ng仙/ng玳/n珍/ag便/d围/v着/uzhe桌子/n坐下/vi了/y，/wd帮/v着/uzhe剥/v核桃/n衣/ng子/ng。/wj
云泽/nr2手/n酸/a了/y，/wd放下/v了/ule钳子/n，/wd兰仙/nr接/v了/ule过来/vf。/wj
玳/n珍/ag道/n：/wp“/wyz当心/v你/rr那/rzv水葱/n似的/uyy指甲/n，/wd养/v得/ude3这么/rz长/a了/y，/wd断/v了/ule怪/a可惜/a的/ude1！/wt
”/wyy云泽道/nr：/wp“/wyz叫/vi人/n去/vf拿/v金/b指甲/n套子/n去/vf。/wj
”/wyy兰仙/nr2笑/v道/n：/wp“/wyz有/vyou这些/rz麻烦/a的/ude1，/wd倒不如/v叫/vi他们/rr拿/v到/v厨房/n里/f去/vf剥/v了/y！/wt
”/wyy众人/n低声/d说/v笑/v着/uzhe，/wd榴/ng喜/vd打/v起/vf帘子/n，/wd报道/v：/wp“/wyz二/m奶奶/n来/vf了/y。/wj
”/wyy兰仙/nr2云泽/nr2起身/vi让/v坐/v，/wd那/rzv曹/nr1七/m巧/a且/c不/d坐下/vi，/wd一/m只/q手/n撑/v着/uzhe门/n，/wd一/m只/q手/n撑/v了/ule腰/n，/wd窄窄/a的/ude1袖口/n里/f垂/v下/vf一/m条/q雪青/b洋/ag绉/n手帕/n，/wd身上/s穿/v着/uzhe银/b红/a衫/ng子/ng，/wd葱白/n线香/n滚/vi，/wd雪青/b闪/vi蓝/a如意/a小脚/n裤子/n，/wd瘦/a骨/ng脸/n儿/ng，/wd朱/nr1口/n细/a牙/n，/wd三/m角/q眼/n，/wd小山/n眉/n，/wd四/m下/qt里/f一/m看/v，/wd笑/v道/n：/wp“/wyz人/n都/d齐/a了/y。/wj
今儿/t想必/d我/rr又/d晚/a了/y！/wt
怎/ryv怪/v我/rr不/d迟到/vi——/wp摸/v着/uzhe黑/a梳/v的/ude1头/n！/wt
谁/ry教/v我/rr的/ude1窗户/n冲/v着/uzhe后/f院子/n呢/y？/ww
单单/d就/d派/v了/ule那么/rz间/q房/n给/p我/rr，/wd横竖/d我们/rr那/rzv位/q眼/n看/v是/vshi活/v不/d长/a的/ude1，/wd我们/rr净/d等/v着/uzhe做/v孤儿/n寡妇/n了/y——/wp不/d欺负/v我们/rr，/wd欺负/v谁/ry？/ww
”/wyy玳/n珍/ag淡淡的/z并不/d接口/v，/wd兰仙/nr笑/v道/n：/wp“/wyz二嫂/nr住/vi惯/v了/ule北京/ns的/ude1屋子/n，/wd怪不得/d嫌/v这儿/rzs憋闷/a得/ude3慌/a。/wj
”/wyy云泽道/nr：/wp“/wyz大哥/n当初/t找/v房子/n的/ude1时候/n，/wd原/d该/v找/v个/q宽敞/a些/q的/ude1，/wd不过/c上海/ns像/v这样/rzv的/ude1，/wd只怕/d也/d算/v敞亮/a的/ude1了/y。/wj
”/wyy兰仙道/nr：/wp“/wyz可/v不/d是/vshi！/wt
家里人/n实在/d多/a，/wd挤/v是/vshi挤/v了/ule点/n——/wp”/wyy七/m巧/ad挽/v起/vf袖口/n，/wd把/pba手帕/n子/ng掖/v在/p翡翠/n镯子/n里/f，/wd瞟/v了/ule兰仙一/nr眼/n，/wd笑/v道/n：/wp“/wyz三/m妹妹/n原来/d也/d嫌/v人/n太/d多/a了/y。/wj
连/ulian我们/rr都/d嫌/v人/n多/a，/wd像/p你们/rr没/d满月/vi的/ude1自然/n更/d嫌/v人/n多/a了/y！/wt
”/wyy兰仙/nr2听/v了/ule这/rzv话/n，/wd还/d没有/v怎么/ryv，/wd玳/n珍/ag先/d红/a了/ule脸/n，/wd道/v：/wp“/wyz玩/v是/vshi玩/v，/wd笑/v是/vshi笑/v，/wd也/d得/ude3有/vyou个/q分寸/n，/wd三/m妹妹/n新/a来/vf乍/d到/v的/ude1，/wd你/rr让/v她/rr想/v着/uzhe咱们/rr是/vshi什么样/ryv的/ude1人家/n？/ww
”/wyy七/m巧/ad扯/v起/vf手绢/n子/ng的/ude1一角/n遮住/v了/ule嘴唇/n道/n：/wp“/wyz知道/v你们/rr都/d是/vshi清/a门/n净/a户/ng的/ude1小姐/n，/wd你/rr倒/d跟/p我/rr换/v一/m换/v试试/v，/wd只怕/v你/rr一/m晚上/t也/d过/uguo不/d惯/v。/wj
”/wyy玳/n珍/ag啐/v道/n：/wp“/wyz不/d跟/p你/rr说/v了/y，/wd越/d说/v你/rr越/d上/vf头/n上/f脸/n的/ude1。/wj
”/wyy七/m巧/ad索性/d上前/vi拉/v住/vi玳/n珍/ag的/ude1袖子/n道/n：/wp“/wyz我/rr可以/v赌/v得/ude3咒/v——/wp这/rzv三/m年/qt里/f头/n我/rr可以/v赌/v得/ude3咒/v！/wt
你/rr敢/v赌/v么/y？/ww
”/wyy玳/n珍/ag也/d撑/v不/d住/vi噗嗤/o一/m笑/v，/wd咕哝/v了/ule一/m句/q道/n：/wp“/wyz怎么/ryv你/rr孩子/n也/d有/vyou了/ule两/m个/q？/ww
”/wyy七巧道/nr：/wp“/wyz真/a的/ude1，/wd连/ulian我/rr也/d不/d知道/v这/rzv孩子/n是/vshi怎么/ryv生/v出来/vf的/ude1！/wt
越/d想/v越/d不/d明白/v！/wt
”/wyy玳/n珍/ag摇手/n道/n：/wp“/wyz够/v了/y，/wd够/v了/y，/wd少/ad说/v两/m句/q罢/y。/wj
就/d算/v你/rr拿/v三/m妹妹/n当/p自己/rr人/n，/wd没什么/vl避讳/v，/wd现/tg放/v着/uzhe云/n妹妹/n在/p这儿/rzs呢/y，/wd待会儿/d老太太/n跟/v着/uzhe一/m告诉/v，/wd管/v叫/vi你/rr吃/v不/d了/ule兜/vi着/uzhe走/v！/wt
”/wyy云泽/nr2早/a远远地/z走开/vi了/y，/wd背/v着/uzhe手/n站/vi在/p阳台/n上/f，/wd撮/q尖/a了/ule嘴/n逗/v芙蓉/n鸟/n。/wj
姜/nr1家/n住/vi的/ude1虽然/c是/vshi早期/t的/ude1最/d新式/a洋房/n，/wd堆/v花/v红/a砖/n大/a柱/ng支/vi着/uzhe巍峨/z的/ude1拱门/n，/wd楼上/s的/ude1阳台/n却/d是/vshi木板/n铺/v的/ude1地/n。/wj
黄杨/n木/ng阑/ng干/v里面/f，/wd放/v着/uzhe一/m溜/q大/a篾/n篓子/n，/wd晾/v着/uzhe笋干/n。/wj
敝/r旧/a的/ude1太阳/n弥漫/v在/p空气/n里/f像/v金/b的/ude1灰尘/n，/wd微微/d呛/vi人/n的/ude1金/b灰/n，/wd揉/v进/vf眼睛/n里/f去/vf，/wd昏/tg昏/tg的/ude1。/wj
街上/s小贩/n遥遥/z摇/v着/uzhe拨浪鼓/n，/wd那/rzv瞢/n腾/o的/ude1“/wyz不/d楞/vg登/v…/ws
…/ws
