/wd绕/v到/v兰/ng仙/ng椅子/n背后/f，/wd两手/mq兜/vi在/p兰仙/nr脖子/n上/f，/wd把/pba脸/n凑/v了/ule下去/vf，/wd笑/v道/n：/wp”/wyy这么/rz一个/mq人才/n出众/a的/ude1新/a娘子/n！/wt
三/m弟/n你/rr还/d没/d谢谢/v我/rr哪/y！/wt
要/v不/d是/vshi我/rr催/v着/uzhe他们/rr早早/d替/p你/rr办/v了/ule这/rzv件/q事/n，/wd这/rzv一/m耽搁/vi，/wd等/udeng打/v完/vi了/ule仗/n，/wd指不定/d要/v十/m年/qt八/m年/qt呢/y！/wt
可/c不/d把/pba你/rr急/v坏/a了/y！/wt
“/wyz兰仙/nr生平/n最/d大/a的/ude1憾事/n便是/v出阁/v的/ude1日子/n正/d赶/v着/uzhe非常/b时期/n，/wd潦草/a成/v了/ule家/n，/wd诸事/r都/d欠/v齐全/a，/wd因/p此/rzs一/d听见/v这/rzv不/d入/v耳/n的/ude1话/n，/wd她/rr那/rzv小/a长/a挂/v子/ng脸/n便/d往/v下/vf一/m沉/v。/wj
季泽/nr2望/v了/ule兰仙一/nr眼/n，/wd微笑/vi道/v：/wp”/wyy二嫂/nr，/wd自古/d好心/n没有/d好/a报/n，/wd谁/ry都/d不/d承/vg你/rr的/ude1情/n！/wt
“/wyz七巧道/nr：/wp”/wyy不/d承情/v也罢/y！/wt
我/rr也/d惯/v了/y。/wj
我/rr进/vf了/ule你/rr姜/nr1家/n的/ude1门/n，/wd别的/rzv不/d说/v，/wd单/d只/d守/v着/uzhe你/rr二/m哥/n这些/rz年/qt，/wd衣/ng不解/v带/v的/ude1服侍/v他/rr，/wd也/d就/d是/vshi个/q有功/vi无/v过/uguo的/ude1人/n——/wp谁/ry见/v我/rr的/ude1情/n来/vf？/ww
谁/ry有/vyou半点/mq好处/n到/v我/rr头/n上/f？/ww
“/wyz季泽/nr笑/v道/n：/wp”/wyy你/rr一/d开口/vi就/d是/vshi满/a肚子/n的/ude1牢骚/n！/wt
“/wyz七/m巧/a长长/z地/ude2吁/vg了/ule一/m口/q气/n，/wd只管/d拨弄/v兰/ng仙/ng衣襟/n上/f扣/v着/uzhe的/ude1金/b三/m事儿/n和/cc钥匙/n。/wj
半晌/m，/wd忽/d道/v：/wp”/wyy总算/d你/rr这/rzv一个/mq来/vf月/n没/d出去/vf胡闹/vi过/uguo。/wj
真/d亏/v了/ule新/a娘子/n留住/v了/ule你/rr。/wj
旁人/rr跪下/vi地/ude2来/vf求/v你/rr也/d留/v你/rr不/d住/vi！/wt
“/wyz季泽/nr笑/v道/n：/wp”/wyy是/vshi吗/y？/ww
嫂子/n并/cc没有/d留/v过/uguo我/rr，/wd怎/ryv见/v得/ude3留/v不/d住/vi？/ww
“/wyz一/m面/q笑/v，/wd一/d面向/v兰/ng仙/ng使/v了/ule个/q眼色/n。/wj
七/m巧/ad笑/v得/ude3直/d不/d起/vf腰/n道/n：/wp”/wyy三/m妹妹/n，/wd你/rr也/d不/d管管/v他/rr！/wt
这么/rz个/q猴儿/n崽子/n，/wd我/rr眼/n看/v他/rr长/v大/a的/ude1，/wd他/rr倒/d占/v起/vf我/rr的/ude1便宜/a来/vf了/y！/wt
“/wyz她/rr嘴里/s说/v笑/v着/uzhe，/wd心里/s发/v烦/a，/wd一/m双/q手/n也/d不/d肯/v闲/v着/uzhe，/wd把/pba兰/ng仙/ng揣/v着/uzhe捏/v着/uzhe，/wd捶/v着/uzhe打/v着/uzhe。/wj
恨不得/d把/pba她/rr挤/v得/ude3走/v了/ule样/ng才/d好/a。/wj
兰/ng仙/ng纵然/c有/vyou涵养/n，/wd也/d忍不住/v要/v恼/v了/y，/wd一/m性急/a，/wd磕/v核桃/n使/v差/a了/ule劲/n，/wd把/pba那/rzv二/m寸/q多/a长/a的/ude1指甲/n齐/nr1根/n折断/vn。/wj
七/m巧/a哟/y了/ule一/m声道/n：/wp“/wyz快/d拿/v剪刀/n来/vf修/v一/m修/v。/wj
我/rr记得/v这/rzv屋里/s有/vyou一/m把/pba小/a剪子/n的/ude1。/wj
”/wyy便/d唤/vg：/wp“/wyz小/a双/m！/wt
榴/ng喜/v！/wt
来/vf人/n哪/y！/wt
”/wyy兰仙立/nr起/vf身/ng来/f道/v：/wp“/wyz二/m嫂/ng不用/d费事/a，/wd我/rr上/vf我/rr屋里/s铰/v去/vf。/wj
”/wyy便/d抽身/v出去/vf。/wj
七/m巧/ad就/d在/p兰仙/nr的/ude1椅子/n上/f坐/v下/vf了/y，/wd一/m手/n托/v着/uzhe腮/n，/wd抬高/v了/ule眉毛/n，/wd斜/ad瞅/v着/uzhe季泽道/nr：/wp“/wyz她/rr跟/p我/rr生/v了/ule气/n么/y？/ww
”/wyy季泽/nr2笑/v道/n：/wp“/wyz她/rr干吗/v生/v你/rr的/ude1气/n？/ww
”/wyy七巧道/nr：/wp“/wyz我/rr正/d要/v问/v呀/y——/wp我/rr难道说/d错/v了/ule话/n不/d成/v？/ww
留/v你/rr在/p家/n倒/vi不/d好/a？/ww
她/rr倒/d愿意/v你/rr上/f外头/f逛/v去/vf？/ww
”/wyy季泽/nr2笑/v道/n：/wp“/wyz这/rzv一家子/n从/p大哥/n大嫂/n起/vf，/wd齐/v了/ule心/n管教/vn我/rr，/wd无非/d是/vshi怕/v我/rr花/v了/ule公/ng帐/ng上/f的/ude1钱/n罢了/y。/wj
”/wyy七巧道/nr：/wp“/wyz阿弥陀佛/n，/wd我/rr保不定/d别人/rr不安/a着/uzhe这个/rz心/n，/wd我/rr可/v不/d那么/c想/v。/wj
你/rr就/d是/vshi闹/v了/ule亏空/n，/wd押/v了/ule房子/n卖/v了/ule田/n，/wd我/rr若/c皱/v一/m皱眉头/v，/wd我/rr也/d不/d是/vshi你/rr二/m嫂/ng了/y。/wj
谁/ry叫/vi咱们/rr是/vshi骨肉/n至亲/n呢/y？/ww
我/rr不过/d是/vshi要/v你/rr当心/v你/rr的/ude1身子/n。/wj
”/wyy季/ng泽/ag嗤/vg的/ude1一/m笑/v道/n：/wp“/wyz我/rr当心/v我/rr的/ude1身子/n，/wd要/v你/rr操心/v？/ww
”/wyy七/m巧/ad颤/vi声道/n：/wp“/wyz一个/mq人/n，/wd身子/n第一/m要/v紧/a。/wj
你/rr瞧/v你/rr二/m哥/n弄/v的/ude1那样/rzv儿/ng，/wd还/d成/v个/q人/n吗/y？/ww
还/d能/v拿/v他/rr当/v个/q人/n看/v？/ww
”/wyy季/nr1泽/ng正色/d道/v：/wp“/wyz二/m哥/n比/p不/d得/ude3我/rr，/wd他/rr一下/mq地/n就/d是/vshi那样/rzv儿/ng，/wd并/cc不/d是/vshi自己/rr作践/v的/ude1。/wj
他/rr是/vshi个/q可怜/a的/ude1人/n，/wd一切/rz全/a仗/n二/m嫂/ng照/v护/v他/rr了/y。/wj
”/wyy七/m巧/a直挺挺/z的/ude1站/n了/ule起来/vf，/wd两/m手/n扶/v着/uzhe桌子/n，/wd垂/v着眼/vi皮/n，/wd脸庞/n的/ude1下/vf半/m部/q抖/vi得/ude3像/v嘴里/s含/v着/uzhe滚烫/z的/ude1蜡烛/n油/n似的/uyy，/wd用/p尖/a细/a的/ude1声音/n逼/v出/vf两/m句/q话/n道/n：/wp“/wyz你/rr去/vf挨着/v你/rr二/m哥/n坐坐/v！/wt
你/rr去/vf挨着/v你/rr二/m哥/n坐坐/v！/wt
”/wyy她/rr试/v着/uzhe在/p季泽/nr身边/s坐下/vi，/wd只/d搭/v着/uzhe他/rr的/ude1椅子/n的/ude1一角/n，/wd她/rr将/p手/n贴/v在/p他/rr腿/n上/f，/wd道/v：/wp“/wyz你/rr碰/v过/uguo他/rr的/ude1肉/n没有/v？/ww
是/vshi软/a的/ude1、/wn重/a的/ude1，/wd就/d像/v人/n的/ude1脚/n有时/d发/v了/ule麻/n，/wd摸/v上去/vf那/rzv感觉/n…/ws
…/ws
”/wyy季泽/nr2脸上/s也/d变/v了/ule色/ng，/wd然而/c他/rr仍旧/d轻佻/a地/ude2笑/v了/ule一/m声/qv，/wd俯/vg下/vf腰/n，/wd伸手/vi去/vf捏/v她/rr的/ude1脚/n道/n：/wp“/wyz倒/vi要/v瞧瞧/v你/rr的/ude1脚/n现在/t麻/n不/d麻/a！/wt
”/wyy七巧道/nr：/wp“/wyz天/n哪/ry，/wd你/rr没/d挨着/v他/rr的/ude1肉/n，/wd你/rr不/d知道/v没/v病/n的/ude1身子/n是/vshi多/m好/a的/ude1…/ws
…/ws
多/m好/a的/ude1…/ws
…/ws
”/wyy她/rr顺着/p椅子/n溜/v下去/vf，/wd蹲/v在/p地上/s，/wd脸/n枕/v着/uzhe袖子/n，/wd听/v不/d见/v她/rr哭/v，/wd只/d看见/v发髻/n上/f插/v的/ude1风凉/a针/n，/wd针/n头/n上/f的/ude1一/m粒/q钻石/n的/ude1光/n，/wd闪闪/z掣/v动/v着/uzhe。/wj
发髻/n的/ude1心子/n里/f扎/v着/uzhe一/m小/a截/q粉红/b丝线/n，/wd反映/v在/p金刚钻/n微/ag红/a的/ude1光焰/n里/f。/wj
她/rr的/ude1背影/n一/d挫/v一/m挫/ng，/wd俯/vg伏/v了/ule下去/vf。/wj
她/rr不/d像/v在/p哭/v，/wd简直/d像/v在/p翻/v肠/n搅/v胃/n地/ude2呕吐/vi。/wj
季泽/nr2先是/d愣住/vi了/y，/wd随后/d就/d立/v起来/vf道/v：/wp“/wyz我/rr走/v。/wj
我/rr走/v就是了/y。/wj
你/rr不/d怕/v人/n，/wd我/rr还/d怕/v人/n呢/y。/wj
也/d得/ude3给/v二/m哥/n留/v点/qt面子/n！/wt
”/wyy七/m巧/ad扶/v着/uzhe椅子/n站/vi了/ule起来/vf，/wd呜咽/vi道/v：/wp“/wyz我/rr走/v。/wj
”/wyy她/rr扯/v着/uzhe衫/ng袖/ng里/f的/ude1手帕/n子/ng锬/n人/n，/wd哪/ry禁/v得/ude3你/rr挑/v眼/n儿/ng？/ww
