/wj
包车/v叮/v叮/v地/ude2跑/v过/uguo，/wd偶尔/d也/d有/vyou一/m辆/q汽车/n叭/o叭/o叫/vi两/m声/qv。/wj
七/m巧/a自己/rr也/d知道/v这/rzv屋子/n里/f的/ude1人/n都/d瞧不起/v她/rr，/wd因此/c和/cc新/a来/vf的/ude1人/n分外/d亲热/a些/q，/wd倚/v在/p兰仙/nr的/ude1椅背/n上/f问长问短/vl，/wd携/v着/uzhe兰仙/nr的/ude1手/n左/f看/v右/f看/v,/wd夸赞/v了/ule一/m回/qv她/rr的/ude1指甲/n，/wd又/d道/v：/wp“/wyz我/rr去年/t小拇指/n上/f养/v的/ude1比/p这个/rz足足/d还/d长/a半/m寸/q呢/y，/wd掐/v花/n给/p弄/v断/v了/y。/wj
”/wyy兰仙/nr2早/ad看穿/v了/ule七/m巧/a的/ude1为人/n和/cc她/rr在/p姜/nr1家/n的/ude1地位/n，/wd微笑/vi尽管/c微笑/vi着/uzhe，/wd也/d不大/d答理/v她/rr。/wj
七/m巧/ad自觉/ad无/v趣/ng，/wd踅/vi到/v阳台/n上/f来/vf，/wd拎/v起/vf云泽/nr2的/ude1辫/ng梢/ng来/f抖/vi了/ule一/m抖/vi，/wd搭讪/v着/uzhe笑/v道/n：/wp“/wyz哟/e！/wt
小姐/n的/ude1头发/n怎么/ryv这样/rzv稀/a朗朗/z的/ude1？/ww
去年/t还/d是/vshi乌油油/z的/ude1一/m头/q好/a头发/n，/wd该/rz掉/v了/ule不少/m罢/y？/ww
”/wyy云/n泽/ag闪/vi过/uguo身/ng去/vf护/v着/uzhe辫子/n，/wd笑/v道/n：/wp“/wyz我/rr掉/v两/m根/q头发/n，/wd也/d要/v你/rr管/v！/wt
”/wyy七/m巧/ad只顾/v端详/v她/rr，/wd叫/vi道/v：/wp“/wyz大嫂/n你/rr来/vf看看/v，/wd云/vg姐姐/n的确/d瘦/a多/a了/y，/wd小姐/n莫不是/d有/vyou了/ule心事/n了/y？/ww
”/wyy云/vg泽/ng啪/o的/ude1一/m声/qv打/v掉/v了/ule她/rr的/ude1手/n，/wd恨/v道/n：/wp“/wyz你/rr今儿个/t真的/d发/v了/ule疯/vi了/y！/wt
平日/t还/d不够/a讨/v人/n嫌/ng的/ude1？/ww
”/wyy七/m巧/ad把/pba两/m手/n筒/ng在/p袖子/n里/f，/wd笑嘻嘻/z地道/a：/wp“/wyz小姐/n脾气/n好/a大/a！/wt
”/wyy玳/n珍/ag探/v出/vf头/n来/vf道/v：/wp“/wyz云/vg妹妹/n，/wd老太太/n起来/vf了/y。/wj
”/wyy众人/n连忙/d扯/v扯/v衣襟/n，/wd摸摸/v鬓/ng脚/n，/wd打/v帘子/n进/vf隔壁/s房/n里/f去/vf，/wd请/v了/ule安/ag，/wd伺候/v老太太/n吃/v早饭/n。/wj
婆子/nr们/k端/v着/uzhe托盘/n从/p起/vf坐/v间/f里/f穿/v了/ule过去/t，/wd里面/f的/ude1丫头/n接过/v碗/n碟/ng，/wd婆子/nr们/k依旧/z退/v到/v外/f间/f来/vf守候/v着/uzhe。/wj
里面/f静悄悄/z的/ude1，/wd难得/ad有/vyou人/n说/v句/q把/pba话/n，/wd只/d听见/v银/b筷子/n头/n上/f的/ude1细/a银/b链条/n响/a。/wj
兰仙/nr2坐/v着/uzhe磕/v核桃/n，/wd玳/n珍/ag和/cc云泽/nr2便/d顺着/p脚/n走/v到/v阳台/n上/f来/vf，/wd虽/c不/d是/vshi存心/d偷听/v正房/n里/f的/ude1谈话/vn，/wd老太太/n上/vf了/ule年纪/n，/wd有点/d聋/vi，/wd喉咙/n特别/d高/a些/q，/wd有意无意/dl之间/f不免/d有/vyou好/a些/q话/n吹/v到/v阳台/n上/f的/ude1人/n的/ude1耳朵/n里/f来/vf。/wj
云泽/nr2把/pba脸/n气/n得/ude3雪白/z，/wd先是/d握紧/v了/ule拳头/n，/wd又/d把/pba两/m只/q手/n使劲/vi一/m撒/v，/wd便/d向/p走廊/n的/ude1另/rz一/m头/q跑/v去/vf。/wj
跑/v了/ule两/m步/qv，/wd又/d站住/v了/y，/wd身子/n向前/vi伛/v偻/x着/vi，/wd捧/v着/uzhe脸/n呜呜/o哭/v了/ule起来/vf。/wj
玳/n珍/ag赶上/v去/vf扶/v着/uzhe劝/v道/n：/wp“/wyz妹妹/n快/d别/d这么着/r！/wt
快/d别/d这么着/r！/wt
不/d犯/v着/uzhe跟/p她/rr这样/rzv的/ude1人/n计较/v！/wt
谁/ry拿/v她/rr的/ude1话/n当/v桩/q事/n！/wt
”/wyy云/n泽/ag甩开/v了/ule她/rr，/wd一/m径/ng往/p自己/rr屋里/s奔/v去/vf。/wj
玳/n珍/ag回到/v起/vf坐/v间/f里/f来/vf，/wd一/m拍手/vi道/v：/wp“/wyz这/rzv可/d闯/v出/vf祸/n来/vf了/y！/wt
”/wyy兰仙/nr2忙/v道/n：/wp“/wyz怎么/ryv了/y？/ww
”/wyy玳/n珍/ag道/n：/wp“/wyz你/rr二/m嫂/ng去/vf告诉/v了/ule老太太/n，/wd说/v女/b大/a不/d中/f留/v，/wd让/v老太太/n写信/vi给/v彭/nr1家/n，/wd叫/vi他们/rr早早/d把/pba云/n妹妹/n娶/v过去/vf罢/y。/wj
你/rr瞧/v，/wd这/rzv算/v什么/ry话/n！/wt
”/wyy兰仙/nr2也/d怔/v了/ule一/m怔/vg道/n：/wp“/wyz女/b家/n说/v出/vf这种/r话/n来/f，/wd可/c不/d是/vshi自己/rr打/v脸/n么/y？/ww
”/wyy玳/n珍/ag道/n：/wp“/wyz姜/nr1家/n没/v面子/n，/wd还/d是/vshi一时/t的/ude1事/n，/wd云/vg妹妹/n将来/t嫁/v了/ule过去/t，/wd叫/vi人家/n怎么/ryv瞧得起/v她/rr？/ww
她/rr这/rzv一辈子/mq还要/d做/v人/n呢/y！/wt
”/wyy兰仙道/nr：/wp“/wyz老太太/n是/vshi明白人/n，/wd不/d见/v得/ude3跟/v那/rzv一/m位/q一样/uyy的/ude1见识/n。/wj
”/wyy玳/n珍/ag道/n：/wp“/wyz老太太/n起先/d自然/d是/vshi不/d爱/v听/v，/wd说/v咱们/rr家/n的/ude1孩子/n，/wd决不/d会/v生/v这样/rzv的/ude1心/n。/wj
她/rr就/d说/v：/wp”/wyy哟/e！/wt
您/rr不/d知道/v现在/t的/ude1女孩子/n跟/p您/rr从前/t做/v女孩子/n时候/n的/ude1女孩子/n，/wd哪儿/rys能够/v打/v比/p呀/y？/ww
时/ng世/ng变/v了/y，/wd人/n也/d变/v了/y，/wd要/v不/d怎么/ryv天/qt下/f大/d乱/a呢/y？/ww
‘/wyz你/rr知道/v，/wd年岁/n大/a的/ude1人/n就/d爱/v听/v这/rzv一/m套/q，/wd说/v得/ude3老太太/n也/d有/vyou点/n疑/vg疑惑/v惑/vg起来/vf。/wj
“/wyz兰仙叹/nr道/v：/wp”/wyy好端端/z怎么/ryv想/v起来/vf的/ude1，/wd造/v这样/rzv的/ude1谣言/n！/wt
“/wyz玳/n珍/ag两/m肘/ng支/vi在/p桌子/n上/f，/wd伸/v着/uzhe小指/n剔/v眉毛/n，/wd沉吟/v了/ule一会/m，/wd嗤/vg的/ude1一/m笑/v道/n：/wp”/wyy她/rr自己/rr以为/v她/rr是/vshi特别/a的/ude1体贴/vn云/vg妹妹/n呢/y！/wt
要/v她/rr这样/rzv体贴/v我/rr，/wd我/rr可/v受不了/al！/wt
“/wyz兰仙/nr拉/v了/ule她/rr一/m把/pba道/n：/wp”/wyy你/rr听/v——/wp不/d能/v是/vshi云/vg妹妹/n罢/y？/ww
“/wyz后/f房/n似乎/d有/vyou人/n在/p那里/rzs大/d放/v悲/ag声/ng，/wd蹬/v得/ude3铜/n床/n柱子/n一/m片/q响/a。/wj
嘈嘈杂杂/z还有/v人/n在/p那里/rzs解劝/v，/wd只是/d劝/v不/d住/vi。/wj
玳/n珍/ag站/vi起/vf身/ng来/f道/v：/wp”/wyy我/rr去/vf看看/v。/wj
别/d瞧/v这/rzv位/q小姐/n好性/n儿/ng，/wd逼/v急/v了/ule她/rr，/wd也/d不/d是/vshi好/a惹/v的/ude1。/wj
“/wyz玳/n珍/ag出去/vf了/y，/wd那/rzv姜三/nr爷姜季泽/nr却/d一路/mq打/v着/uzhe呵欠/n进来/vf了/y。/wj
季泽/nr2是/vshi个/q结实/a小伙子/n，/wd偏/d于/p胖/a的/ude1一/m方面/n，/wd脑/n后/f拖/v一/m根/q三/m脱/v油松/n大/a辫/ng，/wd生/v得/ude3天/n圆/vg地方/n，/wd鲜红/z的/ude1腮颊/n，/wd往/p下坠/v着/uzhe一点/mq，/wd有/vyou湿/a眉毛/n，/wd水汪汪/z的/ude1黑/a眼睛/n里/f永远/d透/v着/uzhe三分/t不耐烦/a，/wd穿/v一/m件/q竹/ng根/n青/a窄/a袖/ng长袍/n，/wd酱紫/b芝麻/n地/ude2一/m字/n襟/ng珠/ng扣/v小/a坎肩/n，/wd问/v兰仙道/nr：/wp”/wyy谁/ry在/p里头/f嘁嘁喳喳/o跟/v老太太/n说话/vi？/ww
“/wyz兰仙道/nr：/wp”/wyy二/m嫂/ng。/wj
“/wyz季/ng泽/ag抿/v着/uzhe嘴/n摇摇/v头/n。/wj
兰仙/nr2笑/v道/n：/wp”/wyy你/rr也/d怕/v了/ule她/rr？/ww
“/wyz季泽/nr一/m声/qv儿/ng不/d言语/vi，/wd拖/v过/uguo一/m把/pba椅子/n，/wd将/p椅背/n抵/v着/uzhe桌面/n，/wd把/pba袍子/n高高的/z一/m撩/v，/wd骑/v着/uzhe椅子/n坐/v了/ule下来/vf，/wd下巴/n搁/v在/p椅背/n上/f，/wd手里/s只管/d把/pba核桃仁/n一个/mq一个/mq拈/v来/vf吃/v。/wj
兰/ng仙/ng睨/vg了/ule他/rr一/m眼/q道/n：/wp”/wyy人家/rr剥/v了/ule这/rzv一/m晌午/t，/wd是/vshi专诚/d孝敬/v你/rr的/ude1么/y？/ww
