”/wyy父亲/n举起/v了/ule锄头/n。/wj
“/wyz尸/ng气/n有/vyou颜色/n么/y？/ww
”/wyy寒生/nr2问/v。/wj
“/wyz有/vyou，/wd但是/c一般/a人/n看不到/v的/ude1。/wj
”/wyy父亲/n回答/v。/wj
“/wyz都/d是/vshi什么/ry颜色/n？/ww
”/wyy寒生/nr2饶有/v兴趣/n的/ude1追问/v。/wj
“/wyz嗯/e，/wd一般/ad是/vshi淡/a灰色/n，/wd也/d有/vyou黑色/n的/ude1，/wd像/p浓烟/n一样/uyy，/wd很/d邪/a门/n，/wd最/d可怕/a的/ude1是/vshi红色/n的/ude1尸/ng气/n，/wd沾/v上/f就/d没/d救/v了/y。/wj
”/wyy父亲/n说/v。/wj
寒生/nr2听/v罢/y，/wd心中/s顿/dg生/v惧/vi意/ng。/wj
?/ww
竹林/n里/f雾气/n沼/ng沼/ng，/wd一/m团团/q的/ude1伊蚊/n煽动/v着/uzhe翅膀/n，/wd虎视眈眈/vl的/ude1盯/v着/uzhe这/rzv两/m个/q热血/n的/ude1人类/n，/wd寒/ag生/v不由/d得/ude3打/v了/ule个/q哆嗦/vi，/wd这种/r蚊子/n咬/vi人/n无声无息/vl，/wd叮/v的/ude1包/n不/d大/a，/wd但是/c奇/ag痒/a，/wd你/rr恨/v不/d能/v把/pba那/rzv块/q肉/n都/d抠/v出去/vf。/wj
父亲/n一锄锄/m的/ude1掘/v着/uzhe土/n，/wd额头/n上/f冒/v出/vf汗珠/n，/wd寒生/nr2递/v过/uguo毛巾/n，/wd顺手/d抢/v过/uguo锄头/n干/v了/ule起来/vf，/wd毕竟/d是/vshi年轻人/n，/wd体力/n壮/a，/wd速度/n明显/ad快/a了/ule许多/m。/wj
父亲/n坐/v到/v了/ule一边/f，/wd抽/v起/vf了/ule烟/n，/wd香烟/n味儿/n弥散/v开来/v，/wd蚊子/n群/ng退回/v到/v了/ule竹林/n里/f。/wj
寒生/nr2用/p力/n的/ude1刨/v着/uzhe，/wd四周/f已经/d堆/v起/vf了/ule高高的/z土/n，/wd就/d在/p这时/rzt，/wd突然/ad手下/s感觉/n有/vyou异/ag，/wd“/wyz咚/o”/wyy的/ude1一/m声/qv，/wd锄头/n一/d沉/v，/wd手腕/n翻转/v用力/a，/wd竟/d硬/a生生的/d扯/v出/vf一/m块/q黑/a褐色/n的/ude1木板/n来/vf。/wj
“/wyz有/vyou黑/a气/n，/wd躲开/v！/wt
”/wyy身后/f一/m声/qv暴/n喝/vg，/wd父亲/n凌空/vd跃/vg下/f，/wd一手/d扯/v住/vi寒生/nr2将/p他/rr推/v了/ule上去/vf。/wj
寒/ag生/v回头/d望/v去/vf，/wd只见/v父亲/n身体/n摇晃/v了/ule几/m下/f，/wd一/m只/q手/n从/p怀里/s摸/v出/vf了/ule个/q药丸/n塞入/v了/ule口中/s，/wd原来/b父亲/n已/d有/vyou准备/vn。/wj
寒/ag生/v躲/v在/p圈/n外/f，/wd仔细/ad瞧/v着/uzhe坑/n内/f，/wd自己/rr却/d是/vshi什么/ry也/d看/v不/d见/v。/wj
父亲/n继续/v清理/v着/uzhe浮土/n，/wd然后/c用/p力/n撬/v开/v棺材/n盖/v，/wd随即/d跳/vi了/ule上来/vf，/wd张/v着/uzhe嘴/n大/a口/n的/ude1喘息/vi着/uzhe。/wj
“/wyz老爹/n，/wd我/rr看/v不/d到/v黑/a气/n呀/y。/wj
”/wyy寒/ag生/v搀扶/v住/vi了/ule父亲/n。/wj
“/wyz当然/d，/wd你/rr还/d没/d学/v过/vf堪/vg与/p观/vg气/n之/uzhi法/ng，/wd自然/d看/v不/d见/v了/y。/wj
”/wyy父亲/n说道/v。/wj
寒/ag生/v踮/v起脚/v，/wd向/p土坑/n内/f看/v。/wj
“/wyz等等/udeng尸/ng气/n散/v了/ule再/d下去/vf。/wj
”/wyy父亲/n又/d点/qt起/vf了/ule一/m支/q烟/n。/wj
“/wyz老爹/n，/wd曾祖/n的/ude1棺材/n里/f怎么/ryv会/v冒/v黑/a气/n呢/y？/ww
”/wyy寒生/nr2不/d解/v的/ude1问/vn。/wj
父亲/n叹/v了/ule口/q气/n，/wd说道/v：/wp“/wyz你/rr曾祖/n也/d是/vshi个/q郎中/n，/wd大概/d是/vshi怕/v有/vyou人/n盗墓/vi，/wd里面/f放/v了/ule蟾蜍/n曼/ag陀/ng粉/n。/wj
”/wyy“/wyz蟾蜍/n曼/ag陀/ng粉/n？/ww
这/rzv东西/n也/d能/v产生/v有毒/vi的/ude1尸/ng气/n？/ww
”/wyy寒/ag生/v问道/vi。/wj
“/wyz这/rzv味/q药/n只是/d有/vyou麻醉/vn的/ude1功效/n，/wd一旦/d结合/v了/ule尸体/n分解/v时/ng的/ude1腐败/an气体/n，/wd便/d会/v产生/v剧毒/n的/ude1黑色/n尸/ng气/n。/wj
”/wyy父亲/n解释/v道/qv。/wj
“/wyz那么/c最/d厉害/a的/ude1红/a尸/ng气/n呢/y，/wd是/vshi怎么/ryv出来/vf的/ude1？/ww
”/wyy寒生/nr2感到/v越来越/d刺激/v。/wj
“/wyz老爹/n悬/ag壶/ng一/m世/ng，/wd至今/d还/d没有/d遇见/v过/uguo。/wj
”/wyy父亲/n说道/v。/wj
此刻/r辰/ng时/ng中/f，/wd一/m缕/q阳光/n斜/ad斜/v的/ude1射/v下来/vf，/wd照/vd到/v了/ule土坑/n里/f。/wj
父亲/n跳/vi了/ule起来/vf，/wd抓起/v雨伞/n，/wd站/vi在/p土堆/n上/f，/wd把/pba雨伞/n撑/v开/v遮住/v了/ule阳光/n。/wj
“/wyz先/d人/n的/ude1骨/ng殖/n见/v不/d得/ude3太/d阳光/nz的/ude1，/wd寒生/nr2，/wd尸/ng气/n已经/d散/v尽/vi，/wd你/rr下去/vf替/p曾祖/n敛/vg骨/ng吧/y。/wj
”/wyy父亲/n鼓励/v寒/ag生/v道/qv。/wj
寒生/nr2拿/v起/vf一/m条/q布/n袋/ng，/wd壮/v着/uzhe胆子/n跳/vi下/vf了/ule坑/n。/wj
?/ww
一/m副/q完整/a的/ude1骨架/n，/wd呈/v黄/b褐/b颜色/n，/wd不过/c姿势/n却/d是/vshi十分/d的/ude1怪异/an，/wd那/rzv具/q尸骨/n是/vshi头/n向/p下/f爬/v着/uzhe的/ude1，/wd脊背/n朝/b天/n。/wj
怎么/ryv会/v这样/rzv？/ww
当地/s从来/d都/d没有/v这种/r风俗/n啊/y。/wj
寒/ag生/v皱/v了/ule皱眉头/v，/wd目光/n扫视/v了/ule下/vf棺/ng内/f，/wd也/d没有/d发现/v任何/rz的/ude1随/dg葬/vg物品/n，/wd棺材/n底部/f有/vyou一些/mq极/d细/a的/ude1尘土/n，/wd掩埋/v了/ule部分/m骨/ng殖/n。/wj
他/rr嘟囔/v了/ule声/ng，/wd蹲/v下/vf开始/v敛/vg骨/ng，/wd平生/n第一/m次/qv钻进/v了/ule棺材/n里/f，/wd心里/s慌/a慌/a的/ude1，/wd忐忑不安/vl。/wj
骨/ng殖/n一根根/m的/ude1装/v进/vf了/ule布/n口袋/n，/wd骨骼/n之间/f的/ude1筋/n膜/n早已/d消失/vi了/y，/wd所以/c连接/v处/n都/d是/vshi分离/vi的/ude1，/wd拣/v起来/vf很/d容易/a，/wd最后/f捧/v起/vf骷髅/n头/q，/wd小心翼翼/dl的/ude1塞/v进/vf口袋/n里/f。/wj
“/wyz老爹/n，/wd拣/v完/vi了/y。/wj
”/wyy寒生/nr2喊/v道/qv。/wj
江南/ns的/ude1晚秋/t，/wd天气/n变化无常/vl，/wd刚才/t还/d有/vyou阳光/n照/v下/f来/vf，/wd此刻/r却/d是/vshi乌云/n蔽/vg日/ng，/wd哗哗/o下/ng起/vf雨/n来/vf了/y。/wj
“/wyz寒生/nr2，/wd辰/ng时/ng已/d过/uguo，/wd我们/rr回去/v。/wj
”/wyy父亲/n看/v了/ule看/v铅灰色/n的/ude1天空/n，/wd摇摇/v头/n说道/v。/wj
“/wyz那/rzv其他/rzv的/ude1墓/n怎么办/ryv？/ww
”/wyy寒生/nr2问/v。/wj
“/wyz再/d找/v吉日/n吧/y。/wj
”/wyy父亲/n拉/v住/vi寒生/nr2的/ude1手/n，/wd拖/v了/ule上来/vf。/wj
父子/n两/m人/n照/v原/b路/n返回/v，/wd等/udeng赶回/v村/n东家/n门口/s时/ng，/wd浑身/n衣裳/n都/d已经/d湿/a透/a了/y。/wj
草屋/n前/f的/ude1大/a香樟/n树/n下/f，/wd站/vi着/uzhe几/m个/q人/n，/wd焦急/a的/ude1四处/d张望/v，/wd一/d见/v寒/ag生父/n子/ng，/wd赶忙/d迎/v上/f前来/vi。/wj
“/wyz朱/nr1医生/n，/wd我家/r婆娘/n就要/d生产/v了/y，/wd麻烦/v您/rr赶紧/d跑/v一/m趟/qv。/wj
”/wyy那/rzv为首/vi的/ude1中年/t男子/n焦急/a地/ude2说道/v。/wj
“/wyz好/a，/wd我/rr收/v拾一/m下/f就/d去/vf。/wj
”/wyy父亲/n进屋/vi去/vf取/v药/n箱/q。/wj
“/wyz寒生/nr2，/wd今天/t不/d一定/d赶/v得/ude3回来/v，/wd你/rr在/p戌时/nr2把/pba遗骨/n清点/v一下/mq，/wd然后/c用/p白布/n条/q扎/v紧/d放在/v西屋/s壁龛/n上/f，/wd记住/v点/qt上/f三/m炷/q香/a。/wj
”/wyy父亲/n背/v起/vf药箱/n，/wd叮嘱/v寒/ag生/v道/qv。/wj
“/wyz知道/v啦/y，/wd老爹/n早/ad去/vf早/ad回/v。/wj
”/wyy寒/ag生/v应声/vi答道/v，/wd走/v进/vf西屋/s放下/v布/vg口袋/n。/wj
他/rr知道/v，/wd接生/vi不同/a于/p看病/vi，/wd有时/d产妇/n折腾/v一两/m天/qt还/d生/v不/d下来/vf，/wd父亲/n就/d得/v在/p那里/rzs随时/d看/v着/uzhe，/wd今晚/t肯定/d又/d得/ude3自己/rr独自/d吃饭/vi了/y。/wj
晚上/t掌灯/vn时/ng，/wd寒生/nr2自己/rr胡乱/d扒拉/v两/m口/q饭/n，/wd看看/v时钟/n已经/d七点/t，/wd戌时/nr2到/v了/y，/wd他/rr来到/v西屋/s壁龛/n前/f，/wd取/v下/f布/vg口袋/n，/wd开始/v遵照/p父亲/n的/ude1嘱咐/v在/p油灯/n下/f清点/v骨/ng殖/n。/wj
自幼/d就/d跟/v着/uzhe父亲/n行医/vi，/wd十/m多/m年/qt的/ude1耳闻/vn目/ng染/v，/wd寒生/nr2对/p人体/n并/cc不/d陌生/a，/wd他/rr知道/v人体/n大大小小/z有/vyou204/m块/q骨头/n，/wd但是/c听说/v外国/n洋人/n有/vyou206/m块/q，/wd他们/rr的/ude1第五/m脚趾/n骨/ng比/p我们/rr多/m一/m块/q，/wd不过/c父亲/n也/d没/d见/v过/uguo。/wj
