“/wyz175/m，/wd176/m，/wd177/m…/ws
…/ws
”/wyy寒/ag生/v口中/s念叨/v着/uzhe，/wd咦/e，/wd怎么/ryv没/v啦/y？/ww
他/rr倒/d过/uguo袋子/n，/wd里面/f空空如也/vl，/wd一/m根/q也/d没有/v了/y。/wj
缺/v失/v了/ule哪些/ry呢/y？/ww
一共/d少/v了/ule27/m块/q，/wd他/rr想/v了/ule想/v，/wd干脆/d摆/v起/vf来/vf看/v。/wj
说/v干/v就/d干/v，/wd寒生/nr2将/p所有/b的/ude1骨头/n按/p人体/n的/ude1顺序/n拼/v了/ule起来/vf，/wd戌/ng时/ng尾/ng，/wd当/p钟声/n敲打/v九点/t钟/n时/ng，/wd人体/n骨骼/n拼接/v完成/v了/y。/wj
曾祖/n的/ude1骨架/n安静/a的/ude1躺/v在/p了/ule西屋/s的/ude1地上/s，/wd唯独/d缺少/v了/ule一/m支/q右/f手掌/n…/ws
…/ws
。/wj
第二/m章/q金/b井/n术/ng寒/ag生/v望/v了/ule望/v窗外/s，/wd雨/n已/d经/p停/vi了/y，/wd云/vg缝/n中/f可见/v寥寥/z星辰/n，/wd月光/n散射/vi，/wd山间/s一/m片/q朦胧/a。/wj
缺/v失/v的/ude1手/n骨/ng一定/d还/d在/p棺/ng底/f的/ude1尘土/n之中/f，/wd只/d怪/v自己/rr当时/t粗心大意/vl，/wd曾祖/n啊/y，/wd不/d是/vshi我/rr对/p先人/n有意/d不/d敬/v，/wd而是/c…/ws
…/ws
不行/a，/wd我/rr要/v去/vf把/pba它们/rr取/v回来/v。/wj
寒生/nr2想到/v这儿/rzs，/wd站/vi起/vf身/ng来/f，/wd取出/v手电筒/n，/wd另/d拿/v了/ule只/d布/vg袋子/n，/wd扛/v着/uzhe铁锹/n出门/vi。/wj
村里/n的/ude1人家/n早/tg已经/d拴/v上/vf了/ule门/n，/wd由于/c村庄/n还/d未/d通电/vi，/wd为了/p节省/v灯油/n，/wd村民/n们/k一般/a的/ude1都/d是/vshi吃/v罢/v了/ule晚饭/n，/wd早早/d的/ude1上/f床/n休息/v去/vf了/y。/wj
山/n间/f的/ude1小路/n崎岖/a不平/an，/wd月光/n时隐时现/vl，/wd竹林/n中/f时不时/d地/ude2传/v出/vf“/wyz咔/o咔/o”/wyy的/ude1响动/v，/wd寒声/nr2知道/v，/wd那/rzv是/vshi毛竹/n拔节/vi的/ude1声音/n。/wj
学/v医/ng的/ude1人/n一般/uyy是/vshi不/d大/a信/n鬼/n神灵/n异/ag的/ude1，/wd但/c是/vshi一个/mq人/n行走/vi在/p黑漆漆/z的/ude1竹林/n中间/f，/wd心里/s头/n还是/c发/v怵/ag，/wd寒/ag生/v此刻/r真/a的/ude1开始/v后悔/v了/y。/wj
他/rr把/pba电筒/n光柱/n晃动/v着/uzhe射/v向/p林/ng梢/ng间/f，/wd赫然/z发现/v好多/m乌鸦/n蹲/v在/p竹/ng枝/ng上/f，/wd睁/v着/uzhe红色/n而/cc邪恶/a的/ude1小/a眼睛/n盯/v着/uzhe他/rr，/wd他/rr赶紧/d快/a行/ng几/m步/qv，/wd不/d敢/v回头/d看/v。/wj
总算/d出/vf了/ule竹林/n，/wd白天/t挖/v开/v的/ude1墓穴/n还/d在/p那儿/rzs，/wd土堆/n曾/d被/pbei雨水/n冲刷/v过/uguo，/wd留/v有/vyou几/m道/qv小/a水沟/n。/wj
寒/ag生/v蹑手蹑脚/z的/ude1走近/v土坑/n，/wd月亮/n此时/r又/d隐/v入/v了/ule厚厚的/z云层/n里/f，/wd天地/n间/f骤然/d暗淡/a了/ule下来/vf。/wj
手电筒/n的/ude1光线/n很/d微弱/a，/wd电池/n已经/d用/v了/ule很/d久/a，/wd父亲/n总是/d把/pba用/v旧/a的/ude1电池/n搁/v在/p火塘/n边上/f烘烤/v，/wd尽可能/d的/ude1延长/v其/rz使用/v时间/n，/wd今晚/t可/v千万/m别/d熄灭/v啊/y。/wj
得/v抓紧/v时间/n了/y，/wd寒生/nr2不/d容/v多/ad想/v的/ude1跳/vi入/v了/ule坑/n内/f的/ude1棺材/n里/f。/wj
棺材/n里/f有/vyou一点/mq点/n的/ude1积水/n，/wd与/p尘土/n搅/v合成/v了/ule粘稠/a的/ude1泥浆/n，/wd寒生/nr2一/m只/q手/n握/v着/uzhe手电/n，/wd另/rz一/m只/q手/n则/d小心翼翼/dl的/ude1扒开/v稀泥/n，/wd在/p棺材/n的/ude1中部/f底板/n上/f，/wd他/rr发现/v了/ule掌骨/n的/ude1端/v头/n，/wd总算/d找到/v了/y，/wd心中/s一/m松/ng。/wj
他/rr轻轻地/z捏/v住/vi掌骨/n的/ude1一/m头/q拽/v出/vf整个/b指骨/n，/wd微弱/a的/ude1光线/n下/f，/wd一个/mq拳头/n大小/n的/ude1洞口/n露/v了/ule出来/vf。/wj
金/b井/n！/wt
穴/ng之/uzhi魂/n…/ws
…/ws
听/v父亲/n说/v过/uguo，/wd以前/f有/vyou钱/n人/n花/v重金/n聘请/v风/n水师/n寻找/v一/m块/q好/a的/ude1阴/a宅/ng地/n，/wd但/c大多数/m也/d只是/d择/v吉/ag葬/vg下去/vf了/ule事/n，/wd只/d有/vyou极/d厉害/a的/ude1风/n水师/n才/d懂/v金/b井/n术/ng。/wj
寒/ag生/v怔/vg怔/v的/ude1望/v着/uzhe棺材/n底板/n上/f的/ude1那个/rz垂直/vn的/ude1洞/n，/wd一/m股/q阴凉/an的/ude1气味/n儿/k自/p洞/n内/f透/v出/vf，/wd那/rzv可能/v就/d是/vshi地气/n了/y。/wj
父亲/n说/v，/wd金井内/nrf都/d有/vyou墓/n主人/n平生/n喜爱/v之/uzhi物/ng，/wd如/v珠宝/n之类/rz的/ude1东西/n投入/v进去/vf，/wd当年/t慈禧/nr2太后/n寝/vg殿/ng棺椁/n的/ude1脑/n后/f位置/n就/d有/vyou一/m口/q金/b井/n，/wd内/f里/f珠宝/n无数/m。/wj
曾祖/n，/wd一/m位/q穷/a江湖/n郎中/n，/wd居然/d棺/ng内/f有/vyou口/q金/b井/n，/wd那/rzv里面/f能/v有/vyou什么/ry呢/y？/ww
寒生/nr2想/v着/uzhe竟自/d兴奋/v起来/vf。/wj
夜/tg已/d深/a，/wd乌鸦/n们/k大概/d已经/d睡/v去/vf了/y，/wd竹林/n里/f寂寥/a无声/vi，/wd偶尔/d看得见/v一两/m处/q到处/d游荡/vi的/ude1绿/a芒/ng，/wd那/rzv是/vshi鬼火/n，/wd墓穴/n中/b尸体/n腐烂/vi时/ng分解/v出来/vf的/ude1磷/n，/wd在/p空气/n中/f自燃/vi。/wj
寒生/nr2不/d敢/v直接/ad伸手/vi到/v金/b井/n内/f，/wd手/n电光/n也/d越来越/d微弱/a了/y，/wd照/v不/d到/v那/rzv洞/n有/vyou多/m深/a。/wj
他/rr从/p坑/n里/f爬/v上/f来/vf，/wd走/v到/v竹林/n边/k，/wd撇/v了/ule根竹枝/nr，/wd捋/v去/vf竹叶/n，/wd握/v着/uzhe这/rzv一/m人/n多/m长/a的/ude1竹竿/n又/d重新/d回到/v了/ule坑/n里/f。/wj
寒/ag生/v小心/a的/ude1将/p竹竿/n轻轻/z的/ude1插入/v金/b井/n内/f，/wd慢慢/d放/v下去/vf，/wd就/d在/p竹竿/n将要/d没/d到顶/vi时/ng停/vi住/vi了/y，/wd看来/v洞/dg深/a也/d就/d在/p一/m人/n左右/m。/wj
怎么办/ryv？/ww
手电筒/n即将/d没/v电/n了/y，/wd四/m下/qt里/f黑沉沉/z的/ude1，/wd一个/mq人/n也/d没有/v，/wd静寂/a得/ude3连/ulian心跳/vi都/d听/v得/ude3出来/vf。/wj
漆黑/z的/ude1夜空/n，/wd云层/n裂开/v了/y，/wd月光/n透/v了/ule下来/vf，/wd照/v得/ude3坑/n内/f明晃晃/z的/ude1，/wd十分/d清晰/a。/wj
寒/ag生/v好奇心/n占/v了/ule上风/n，/wd说/v干/v就/d干/v，/wd他/rr关掉/v了/ule手电筒/n，/wd抄/v起/vf了/ule铁锨/n。/wj
借/v着/uzhe月光/n，/wd一锨锨/m的/ude1土/n甩/v了/ule上来/vf，/wd寂静/a的/ude1山林/n里/f，/wd只/d听/v得/ude3见/v寒/ag生/v呼哧呼哧/o不停/v的/ude1喘息/vn声/n…/ws
…/ws
他/rr沿着/p金井里/nrf的/ude1竹竿/n向/p下/f挖掘/v了/ule近/a一个/mq多/a时辰/n，/wd坑/n越来越/d大/a，/wd但是/c金井里/nrf却/d什么/ry都/d没有/d发现/v，/wd哪/ry管/v有/vyou个/q什么/ry金/b戒指/n或/c耳环/n手镯/n也好/y，/wd唉/e，/wd他/rr叹/v了/ule口/q气/n，/wd咬紧牙关/vl继续/v铲/v下/vf。/wj
突然/ad见/v，/wd听到/v了/ule一/m种/q空洞/a厚重/a的/ude1声音/n，/wd铁锨/n头/n触/v到/v了/ule与/p土壤/n不同/a的/ude1物体/n。/wj
寒生/nr2蹲/v下/f来/vf，/wd用/p手/n拂/v去/vf浮土/n，/wd月光/n下/f，/wd露出/v一/m层/qv白/a森森/nr的/ude1东西/n，/wd取/v下/f来/vf一/m块/q托/v在/p掌/n心细/a瞧/v，/wd原来/d是/vshi白色/n的/ude1石灰/n膏/ng，/wd厚/a约/d两/m寸/q。/wj
寒生/nr2精神/n大/a振/vg，/wd下面/f一定/d有/vyou东西/n！/wt
他/rr奋力/d铲/v碎石/n灰/ag封面/n，/wd扒拉/v到/v一边/f，/wd伏/v下身/n再/d瞧/v，/wd下面/f赫然/z又/d是/vshi一/m口/q棺材/n！/wt
棺/ng下/f墓/n…/ws
…/ws
他/rr一/m屁股/n坐/v在/p了/ule那儿/rzs。/wj
自古以来/dl，/wd选择/v阴/a宅/ng尤为/d忌讳/v棺/ng下/f压/v墓/n，/wd此/rzs乃/v万分/d的/ude1不/d吉利/a，/wd迷信/v的/ude1说法/n，/wd被/pbei压/v之/uzhi墓/n怨气/n上升/vi成/v煞/ag，/wd不但/c毁/v去/vf风水/n，/wd而且/c迁怒/v上面/f墓/n主/ag的/ude1后人/n，/wd甚至/d带来/v血/n光/n之/uzhi灾/n。/wj
