可是/c曾祖/n的/ude1墓地/n是/vshi经过/v了/ule高人/n指点/v的/ude1，/wd甚至/c还/d设/v了/ule金井/nrf，/wd怎么/ryv会/v建/v在/p他人/rr的/ude1墓穴/n上面/f呢/y？/ww
听/v父亲/n说/v过/uguo，/wd墓/n棺/ng埋/v在/p土/n里/f每年/r都/d会/v有/vyou一定/b的/ude1沉降/vn，/wd有的/rz下降/vn毫厘/n，/wd有的/rz寸/q许/m，/wd随/p土质/n的/ude1密实/a结构/n而/cc有所不同/vl。/wj
此地/s处于/v山间/s，/wd土壤/n极/d密实/a，/wd若/c是/vshi自然/d下沉/vi至/p两三/m米/q深/a，/wd岂/d非/b需/v时/ng上千/m年/qt？/ww
如此/rzv说来/uls，/wd曾祖/n择/v穴/ng时/ng根本/d就/d没有/d发现/v其/rz下/f有/vyou墓/n，/wd金井/nrf也/d只是/d吸/v地气/n只用/v，/wd此地/s看来/v定/v是/vshi一/m风水宝地/nl，/wd事/n隔/v千年/t，/wd竟/d有/vyou人/n点/qt中/f同一/b穴/ng口/n，/wd实在/d是/vshi机缘/n巧合/vi啊/y。/wj
寒/ag生/v此刻/r已经/d断然/d不/d疑/vg，/wd这/rzv是/vshi一/m座/q千年/t古墓/n。/wj
古墓/n的/ude1棺/ng盖/v是/vshi一/m块/q整/m板/ng，/wd呈/v青/a赭色/n，/wd纹理/n细腻/an，/wd透/v出/vf一/m股/q淡淡/z的/ude1香气/n，/wd寒/ag生/v识/v得/ude3这/rzv气/n味儿/n，/wd这/rzv是/vshi香樟/n木/ng，/wd内/f含/v的/ude1樟脑油/n可/v驱/vg虫/n防蛀/vn，/wd如此/rzv棺/ng盖/v，/wd这/rzv棵/q老/a樟树/n必/d是/vshi有/vyou千年/t以上/f树龄/n。/wj
寒/ag生/v清除/v干净/a覆/vg土/n与/cc石灰/n膏/ng，/wd最后/f设法/v开启/v棺/ng盖/v。/wj
他/rr先/d合/v掌/n对/p古墓/n三/m鞠躬/vi，/wd行/vi了/ule大/a礼/n，/wd然后/c将/p铁锨/n铲/v下/vf。/wj
棺/ng盖/v尽管/c木质/n优良/z，/wd但是/c毕竟/d年代久远/vl，/wd多少/ry有些/rz腐朽/a，/wd在/p铁锨/n的/ude1铲/v击/vg下/f，/wd骤然/d裂开/v了/ule一/m道/qv缝隙/n…/ws
…/ws
淡淡/z的/ude1红色/n尸/ng气/n自/p裂口/n处/n逸/ag出/vf，/wd寒生/nr2根本/d看/v不/d见/v这/rzv道/qv气/n，/wd只/d觉得/v鼻子/n嗅到/v了/ule一/m股/q甜/a甜/a的/ude1味道/n，/wd然后/c身体/n慢慢/d的/ude1软/a了/ule下去/vf，/wd爬/v倒/vi在/p了/ule棺材/n板/ng上/f，/wd脸部/n俯/vg在/p棺/ng盖/v的/ude1裂隙/n处/vi。/wj
惨淡/z的/ude1月光/n下/f，/wd紧/d随/v着/uzhe红色/n尸/ng气/n的/ude1是/vshi数十/m条/q白色/n的/ude1细/a丝/n从/p自/p缝隙/n中/f爬/v了/ule出来/vf，/wd缠绕/v着/uzhe爬/v到/v了/ule寒生/nr2的/ude1脸上/s，/wd那些/rz细/ad如/v菌丝/n的/ude1东西/n从/p寒生/nr2的/ude1鼻孔/n中/f钻/v了/ule进去/vf…/ws
…/ws
古时/t风水/n师/ng替/p人迁/nr墓/n最/d怕/v的/ude1就是/v尸/ng气/n，/wd一旦/d不慎/d吸/v入/v，/wd轻/ad则/d生病/vi，/wd重/d则/d丧命/vi，/wd人们/n大都/ns误解/n为/p鬼魂/n附/v身/ng，/wd实/ad因/p普通人/n肉眼/n看/v不/d见/v尸/ng气/n之/uzhi故/ng，/wd当然/d有/vyou些/q半吊子/n风水/n师/ng自己/rr本身/rz也/d是/vshi瞧/v不见/v的/ude1。/wj
尸/ng气/n中/f最/d邪/a门/n的/ude1当/p属/v红色/n尸/ng气/n，/wd但/c极为/d罕见/a，/wd此/rzs气/n沾/v上/f即/v毙命/vi，/wd根本/d无法/v医治/v。/wj
世上/s事/n，/wd凡/d毒物/n数/m丈/q内/f必/d有/vyou解毒/vn之/uzhi药/n存在/v，/wd正/d所谓/v相生相克/vl是/vshi也/d。/wj
这/rzv剧毒/n的/ude1红色/n尸/ng气/n的/ude1克星/n，/wd正是/v那/rzv白色/n的/ude1菌丝/n，/wd名为/v“/wyz白/a陀/ng须/d”/wyy，/wd是/vshi一/m种/q寄生/vn在/p腐/vg尸身/n上/f的/ude1真菌/n。/wj
此/rzs物/ng生长/v极为/d奇特/a，/wd须/d在/p密封/vn和/cc恒温/n的/ude1环境/n下/vf缓慢/a发育/vn并/cc处于/v休眠/vn状态/n，/wd但/c见/v空气/n则/c迅速/ad生长/v。/wj
寒/ag生/v吸/v入/v红/a尸/ng气/n，/wd本/d应/v无/v救/v，/wd碰巧/d“/wyz白/a陀/ng须/d”/wyy遇/v空气/n则/c从/p裂隙/n处/vi向/p外/f生长/v，/wd正好/z迎/v上/f寒/ag生/v的/ude1脸部/n，/wd于是/cc从/p其/rz鼻孔/n中/f钻/v进/vf，/wd反而/d解/v去/vf了/ule剧毒/n的/ude1红/a尸/ng气/n，/wd这/rzv也/d算是/v机缘/n巧合/vi了/y。/wj
寒/ag生/v徐徐/d醒来/vi，/wd他/rr根本/d不/d知道/v自己/rr刚才/t已经/d是/vshi九死一生/vl。/wj
我/rr怎么/ryv打/v了/ule个/q盹/ng？/ww
他/rr自言自语/nl道/n。/wj
第三/m章/q千年/t古墓/n月色/n迷蒙/a，/wd寒生/nr2感觉/v到/v鼻腔/n处/n有/vyou点/qt痒/a，/wd不/d在意/v的/ude1用/p手/n揩/v拭/vg了/ule几/m下/f，/wd擦/v断/v了/ule白/a陀/ng须/vg的/ude1菌丝/n，/wd他/rr没有/d发现/v飘落/vi的/ude1细/ad如/v毫发/n的/ude1长/a丝/n。/wj
抬头/vi望/v了/ule望/v天空/n，/wd西北/s方/d浓厚/a的/ude1云层/n飘/v了/ule过来/vf，/wd得/v抓紧/v时间/n了/y，/wd他/rr想/v。/wj
寒/ag生手/n握/v铁锨/n，/wd将/p锨/n头/n插入/v方才/d铲/v出/vf的/ude1棺/ng盖/v上/f的/ude1缝隙/n中/f，/wd用力/ad压/v下/f，/wd随着/p“/wyz嘎/o吱吱/o”/wyy声/ng响/v，/wd已/d朽/vi的/ude1棺材/n盖板/n承受/vn不/d住/vi撬/v力/n，/wd破碎/v了/y。/wj
他/rr清理/v掉/v上面/f破碎/v的/ude1木板/n，/wd抓/v过/uguo手电筒/n朝/tg黑洞洞/z的/ude1棺材/n里面/f照/v去/vf。/wj
一个/mq长/a满/a白/a毛/nr1的/ude1人形/n物体/n静静的/z躺/v在/p棺材/n里/f…/ws
…/ws
寒/ag生/v吓/v了/ule一/m跳/vi，/wd这/rzv具/vg千年/t古/tg尸/ng怎么/ryv长/v满/v了/ule白/a毛/n？/ww
他/rr定睛/d细看/v，/wd不禁/d心中/s一/m凛/n，/wd那/rzv白/a毛/nr1竟然/d在/p生长/v！/wt
细/ad如/v蛛/n丝/q的/ude1白/a毛/nr1奔/v着/uzhe盖板/n的/ude1缺口/n而/cc来/vf。/wj
寒/ag生/v眼角/n瞟/v向/p棺材/n角落/n，/wd见到/v了/ule一个/mq长方形/n的/ude1木/a匣/n，/wd约/d有/vyou三十/m几/m公分/q长/a，/wd上面/f落/v满/v了/ule细细的/z尘土/n。/wj
寒生/nr2的/ude1心/n“/wyz噗/o嗵/o噗/o嗵/o”/wyy的/ude1跳/vi起来/vf，/wd他/rr小心翼翼/dl的/ude1将/p铁锨/n伸/v过去/vf，/wd轻轻地/z铲/v起/vf那/rzv木/a匣/n。/wj
当/p他/rr抽/v回/qv铁锨/n抓住/v了/ule木/a匣/n时/ng，/wd发现/v那些/rz白色/n的/ude1菌丝/n已经/d快要/d长/a满/a了/ule棺材/n，/wd他/rr来不及/v细看/v那/rzv木/a匣/n，/wd赶紧/d爬/v上/vf了/ule土坑/n。/wj
月光/n下/f，/wd那些/rz白/a陀/ng须/d摇晃/v着/uzhe伸出/v棺材/n，/wd继续/v向/p上/f攀升/v着/uzhe，/wd寒生/nr2大/d惊/v，/wd放下/v木/ng匣/n，/wd抓起/v铁锨/n，/wd拼命/vi的/ude1往/p坑/n里/f填/v土/n，/wd盖/v在/p那些/rz白色/n的/ude1生物/n上/f。/wj
当/p夜空/n中/f淅淅沥沥/z落下/v雨点/n时/ng，/wd墓坑/n已经/d完全/ad被/pbei填平/v了/y，/wd那/c千年/t古墓/n也/d未/d留下/v一/m丝/q痕迹/n，/wd寒生/nr2擦/v去/vf脸上/s的/ude1汗/n，/wd终于/d松/v了/ule一/m口/q气/n。/wj
四/m下/qt里/f漆黑/z一/m片/q，/wd伸手/vi不见/v五指/n，/wd寒/ag生/v揿/n动手/vi电筒/n开关/n，/wd灯丝/n一/m红/a，/wd然后/c就/d不/d亮/vi了/y，/wd那/rzv电池/n终于/d耗尽/v了/y。/wj
雨/n下/f得/ude3大/a了/ule起来/vf，/wd竹林/n里/f的/ude1竹叶/n击打/v的/ude1“/wyz簌簌/o”/wyy直/d响/v，/wd寒生/nr2将/d木/a匣/n放/v入/v布/vg口袋/n，/wd那/rzv里面/f还有/v寻/v回/v的/ude127/m块/q手/n骨/ng，/wd他/rr背/v起/vf了/ule口袋/n，/wd拎/v着/uzhe铁锨/n，/wd摸/v着/uzhe黑/a往/p回/v走/v去/vf。/wj
雨/n雾/n下/f，/wd竹林/n里/f的/ude1鬼火/n已经/d不/d见/v了/y，/wd那些/rz乌鸦/n大概/d也/d闭/v上/vf眼睛/n睡/v了/y，/wd寒生/nr2只/d有/vyou一/m步/qv一/m步/qv摸/v着/uzhe前行/v，/wd不时/d地/ude2撞/v上/vf粗大/a的/ude1毛竹/n，/wd散落/v下/vf一/m大/a堆/q雨滴/n。/wj
一两/m个/q时辰/n后/f，/wd寒生/nr2才/d跌跌撞撞/z的/ude1摸/v回/v了/ule家/n。/wj
大/a黄/nr1狗/n笨/an笨/an不/d像/p往常/t一样/uyy凑/v上来/vf摇头/vi晃/v尾/ng，/wd似/d有/vyou恐惧/a的/ude1嗅/v着/uzhe空气/n，/wd嘴里/s发出/v低/a嚎/vi，/wd身子/n颤抖/vi着/uzhe往/p后/f退/v，/wd缩/vi进/vf了/ule堂屋/n的/ude1角落/n里/f。/wj
