10月 20日 的 北京 称得上 秋高气爽  举办 至 第三十三 届 的 北京 马拉松 赛 让 人 再次 深切 感受 到 马拉松 运动 的 独特 魅力 
从 电视 直播 画面 来看  北京 马拉松 的 关注 者 不在少数  从 电视 直播 效果 来看  画面切换  风光 穿插  主持 解说 也 比 以往 要 好 上 很多 
伴随 国内 马拉松 赛 的 日渐 红火  北京 马拉松 的 标志性 地位 一度 受到 冲击  办 赛 的 专业 品质 一度 遭到 质疑  好 在 所有 这些 坎坷 与 怀疑 非但 没有 击 垮 一 项 传统 赛事  反倒 令 其 在 激烈 的 竞争 中 重新 找回 自己 的 独特 定位 
办 一 项 赛事 到底 追求 的 是 什么 
简单 来说  就是 人气 和 品质 
那 办 赛 又 靠 什么 拉动 人气  提升 品质 呢 
简单 来说  就是 坚持 标准  做 好 服务 
客观 地 说  目前 国内 诸多 城市 之所以 对 办 马拉松 赛 感 兴趣  也许 更 多 是 出于 擦亮 城市 品牌  推介 城市 资源 的 考虑  至于 满足 群众 健身 需求  帮助 专业 选手 提高 成绩 并非 一定 在 考虑 之 列 
以 42． 195 公里 的 空间距离 和 两三 个 小时 的 时间 跨度 为 衡量 标准  所有 单项 赛事 资源 中 似乎 没有 哪 项 赛事 比 马拉松 赛 更 适于 电视 直播  而 在 当下 针对 马拉松 赛 的 所有 传播 手段 中  似乎 也 没有 哪 种 宣传 手段 能 比 电视 直播 更 直接  更 便捷 地 提升 城市 影响力  推介 城市 资源 
于是  各地 蜂拥而上 办 马拉松  同样 也 蜂拥而上 求 电视 直播 
这样 一 种 局面 的 形成  说 白 了 就 是 急功近利 的 思想 在 作祟 
但 明知 这样 快餐 式 消费 马拉松 终 有 尽头  却 依然 难以 阻挡 越来越 多 的 城市 迫不及待 地 加入 此 种 办 赛 模式 
城市 对 办 马拉松 比赛 感 兴趣  这 是 马拉松 运动 发展 的 一 大 利好 
但 光 等 着 天上 掉 馅饼 而 不 思考 如何 因势利导  既 是 相关 主管 部门 的 一 种 短视 行为  也 是 一 种 失职 
而 对 一 个 城市 来说  光 想 着 通过  短  平  快  的 电视 直播 途径 迅速 提高 知名度 而 不 想 通过 扎实 办 赛 提高 影响力  可以 想到 的 后果 一定 是 得不偿失  难以为继 
城市 有 自身 的 办 赛 诉 求 原本 正常  办 赛 有 自身 的 运行 规律 天经地义  至于 电视 直播 做 得 好 也 一定 是 加 分 项目 
但 如何 处理 好 这 几 者 间 的 轻重缓急 关系  显然 还 需要 相关 各方 能 在 马拉松 办 赛 热中 静 下 心 来 细细 思量 
从 原来 的  拉 你 参赛  到 现在 的  我 要 参赛   从 原来 的 粗放 式 办 赛 到 现在 的 精细 化服务   北 马  走过 三十 几 年 风雨  见证 了 中国 城市 马拉松 赛 的 进步  见证 了 竞技 体育 与 群众 体育 的 和谐 共振  见证 了 生活 方式 与 社会 文明 的 变迁 轨迹 不知不觉 间  北京 马拉松 （ 以下 简称  北 马  ） 已经 走过 三十 几 年 风雨 
对于 中国 城市 马拉松 赛 来说   北 马  是 一个 起点  对于 大都会 北京 来说   北 马  是 一 道 风景  对于 世界 知名 马拉松 赛事 来说   北 马  已经 成为 不可或缺 的 品牌 
还 记得  北 马  十七八 岁 的 时候  曾 喊 出 将  北 马  打 造成  城市 节日  的 口号  并 对 赛事 组织 进行 大胆 改革  新 设 半程 马拉松  10 公里  5 公里  迷你 马拉松 等 项目  延长 赛事 关门 时间  以便 更 多 长跑 爱好者 能够 参与 其中 
应该 说  这样 的 举措 将 长跑 爱好者 拉 进 了 专业 马拉松 赛事  但 马拉松 赛 的 赛事 组织 却 也 因此 变 得 有些 杂乱 
近日  有 消息 称  本届  北 马  3 万 个 预 设 参赛 名额 仅 13 个 多 小时 即 满额 报 完  其中 报名 跑 全程 的 是 预 设 的 1 5 万 人 
这 是 一 组 能 引发 很多 人 感慨 的 数字  因为 哪怕 是 时光 仅仅 倒 回 至 几 年 前  在 十几 个 小时 内 就 能 吸引 1 5 万 人 报名 跑 全程 马拉松  也 是 完全 不 可能 的 
令 人 感慨 的 还有  组委会 在 本届 比赛 中 推行 全程 选手  净 计时 （ 每 名 选手 通过 起跑线 后 才 开始 计时 ）  服务  这 在 以往 很 少 会 受到 重视 
从 原来 的  拉 你 参赛  到 现在 的  我 要 参赛   从 原来 的 粗放 式 办 赛 到 现在 的 精细 化服务   北 马  的 改变 可谓 自然而然 
改变 源自 中国 这 片 土地 上 有 了 越来越 多 长跑 爱好者  改变 同样 源自 中国 的 马拉松 赛 组织者 开始 重视 长跑 爱好者 的 感受 
这种 改变  预示 着 赛事 组织者 与 参与者 终于 开始 良性 互动  这种 改变  也 预示 着 中国 城市 马拉松 赛 的 品质 将 伴随 参与者 满意度 的 提升 而 得到 提升 
走过 三十 几 年 风雨   北 马  见证 了 中国 城市 马拉松 赛 的 点滴 进步  见证 了 竞技 体育 与 群众 体育 的 和谐 共振  见证 了 生活 方式 与 社会 文明 的 变迁 轨迹 
