对于 中国  奥运 话题 指向 的 是 现实  历史 与 未来  隐喻 的 是 自身  他 者 和 世界 伦敦  北京  8 小时 时差  跨越 洲 海 的 距离 
然而  地球 日益 平坦  一切 都 如 在场  时间  空间  都 压 不 住 奥运会 在 中国 舆论 场 入 水 时 掀起 的 波澜 
这 无疑 是 一 届  话题 奥运  
不光 是 赛场 风云  榜 单 起落 或是 明星 八卦  更 有 人 的 价值  规则 伦理  赛 制 反思 

肇 始于 奥运 赛场 的 讨论  已 远远 越过 竞技 的 边界  扩展 到 整个 转型期 的 中国 
话题 奥运 中  我们 更 好 地 审视 自己 
从 雅典  北京 到 伦敦  面对 刘翔 的 荣耀  落寞 与 悲怆  如何 在 希望 与 失望 之间 找到 平衡 
羽毛球 女双 被 取消 资格 引来 拷问  规则 与 原则 之间 的 罅隙 如何 填平  过程 与 结果 之间 的 矛盾 又 该 如何 对冲 
话题 奥运 中  我们 更 好 地 打量 世界 
陈 一 冰  以 金牌 的 动作 获得 银牌   叶 诗文 夺冠 引来 外 媒  兴奋剂 选择性 猜想   从 民族 情感  爱国 情绪 到  受害者 心态   如何 认识 中国 军团 崛起 中 会 遭遇 的 阻碍 与 焦虑 
种种 讨论 背后 是 思考 
规则  利益  道德  竞技 体育 不过 是 以 极端 的 视角  再现 了 这些 政治 生活  社会 矛盾 中 的 关键 词 
崛起 与 遏制  融合 与 排斥  双 输 与 共 赢  奥运 赛场 也 不过 是 用 软 性 的 方式  重 启 了 这些 贸易 争端  国际 关系 中 的 潜台词 
对于 中国  这些 奥运 话题  指向 的 是 现实  历史 与 未来  隐喻 的 是 自身  他 者 和 世界 
不过  无论 抱 持 哪 种 观点  争论 如何 激烈  对 这些 话题 的 讨论  本身 就 意味深长 
观念 的 日渐 多 元  思维 的 日渐 活跃  舆论 的 日渐 丰富  让 奥运会 成为 四年 一点 的 时间 坐标  衡量 一个 社会 的 前 行 
信息 的 充分 披露  逻辑 的 差异 进 路  思考 的 不同 侧面  让 奥运 话题 有 极大 开放性  在 深化 思考 中 促成 观念 启蒙 
有人 从 精神 角度 辨析  有人 从 规则 角度 考察  有人 从 利益 角度 阐释 
全面 的 探讨  加深 了 对于 规则  对于 体育  对于 公平 的 理解  无异  让 人们 参与 了 一 堂 复杂 的 伦理 课   让 人 以 更 广 视野  更 多 角度 认识 问题 
在 屡屡 为 极端 情绪 所 裹挟  为 站 队 问题 而 纠结 的 中国 社会  这 或许 能 涵养 出 最 需要 的 开放 心态 
我们 不能 也 不必 强求 每个 人 都 观点 一致 
不过  正 因 多 元  更 需 在 讨论 中 确定 基础  在 交流 中 凝聚 共识  在 多 元 中 形成 主流 
可以 争议 运动员 培养 机制  但 个人 的 努力 却 值得 赞美  可以 质疑 规则 的 漏洞  但 公平 竞争  更 快 更 强 的 底线 理应 坚守 
说到底  观念 的 交锋  最终 都 是 为了 更 好 地 前行 
 舌尖 上 的 奥运   触动 的 不仅 是 感官  更 是 全球化 时代 体育 的  乡愁  
或许  试图  激励 一 代 人  的 伦敦 奥运  也 会 因为 在 中国 引发 的 种种 讨论  激励 我们 这个 奋进 的 东方 国度  在 现代化 道路 中 持续 生长 
北京 奥运会 辉煌 的 开幕式 仿 佛 如 昨  伦敦 奥运会 的 圣火 即将 点燃 
卸 去 东道主 重担  打量 别 家 主办 奥运 的 丝丝缕缕  可以 更 从容 地 品味 奥林匹克 的 意蕴 
一 是 面子 和 里子 的 辩证法 
伦敦 办 奥运  看上去 颇为 节俭  甚至 寒酸 
报道 说  伦敦 场馆 投入 锱铢必较  不少 是 临时性 的  奥运 村 的 简陋 拥挤 甚至 招致 不少 抱怨 
毕竟 欧洲 正 遭遇 经济危机  英国 人 确实 手头 拮据 
但 从 另 一个 角度看  实用  环保  是 伦敦 奥运 更 看重 的 原则  这种 理念 也 值得 我们 学习 
最近 城市 下水道 争议 颇 多  由此 念 及 伦敦 拥有 世界 上 最 早 的 现代 排污 下水道  据说 正是 因此 解决 了 城市 卫生 难题  伦敦 才 成 了 世界 最 大都市 之一 
不久前 暴雨 袭击 伦敦  他们 只 是 担忧 影响 比赛 的 精彩  排水 依然 无 忧 
其实  在 看 不 见 的 地方 下功夫  里子 强 了  面子 也 就 有 了 
办 奥运 如此  下水道 如此  其他 事 亦 如此 
二 是 轻松 与 紧张 的 辩证法 
人们 发现  伦敦 的 奥运 气氛 不 浓  感觉 伦敦 人 没 太 把 奥运 当 回 事儿  甚至 有人 调侃  这儿 倒 像 是 中国 的 半 个 主场  因为 机场  新闻 中心 到处 都 晃 着 中国 记者 的 身影 
作为 向 有 好客 之 风 的 文明 古 国  中国 在 大踏步 走向 现代化 之际  第一 次 担纲 奥运会 东道主  第一 次 迎接 来自 全球 的 浩荡 客人  接受来自 世界 的 聚焦 和 考量  那 份 激动  认真  不遗余力 自 是 不言而喻 
而 伦敦 则 是 第三 回 当 东道主 了  有点  司空见惯 寻常 事  的 淡 定  也 属 正常 
