接二连三 的 丑闻  弄 得 国际 足坛 鸡 犬 不 宁 
韩国 球员 郑宗宽 在 承认 参与 踢 假 球 后 自杀  意大利 又 有 重量级 球星 西 格 诺 里 搅 进 赌球 事件 而 被捕  国际 足联 主席  副 主席 和 大 洲 足联 主席 等 多 人 被 质疑  有的 涉嫌 贿选  有的 被 怀疑 花钱  购买  世界杯赛 承办 权 
围绕 着 原本 只 是 一 项 运动 的 足球  各色人等 乱哄哄  你 方 唱 罢 我 登场 
在 公平 竞争  快乐 足球 等 动人 的 口号 下  鼠 窃 狗 偷 者 有 之  以假乱真 者 有 之  冒充 君子 者 亦 有 之 
人们 不 明白  足球 何 罪 
为什么 被 形形色色 的 人 看中  借以 掩护 见不得人 的 勾当 和 劣迹 
悬念 本 是 体育 竞技 最 抓 人心 的 魅力  没成想 在 职业 足球 中  何处 有 阴谋  哪里 是 泥沼 反而 成 了 更 难 破 解 的 悬念  实在 让 100 多 年 前 创立 职业 足球 管理 体制 的 人们 始料未及 
当 市场 机制 用以 配置 人才 资源  将 全球 最 具 足球 天赋 的 球员 组合 成 若干 队伍  为 公众 提供 极富 观赏性 的 绿茵 角逐 时  黑手 也 随之 悄然 伸出 
足球 规则 的 发明者 够 聪明  限 用 人体 最 笨拙 的 部位  即 双 脚 和 头部 触及 皮球  而 守门员 则 像 是 个 只 能 承受 打击 的 可怜 角色 
于是  低级 的 技术 失误 可以 把 足球 天才 与 业余 水平 的 差距 缩小  假 戏 真 唱 倍加 难 辨  再 正常 不过 的 比赛 也 不 难 拎 出 疑点  再 多 疑点 的 比赛 也 很 难 寻 到 证据 
韩国 在 视频 中 播出 的 片段 就 远 不 足以 证明 门将 配合 造假  那 站位 和 动作 是 任何 守门员 都 可能 做出 的 选择 
在 巴西 有 一 种 说法  全国 可以 有 一亿 个 国家队 主教练 
人人 都 像 行家 似的  赛前 出谋划策  赛后 评头品足  危险 就 潜伏 在 其中 
足球 是 一 项 名利 极 重 的 运动 
据说  很多 国家 的 元首 都 以 与 马拉多纳 合影 为 荣  甚至 不惜 飞 到 他 住 的 地方 跟 他 一起 照相 
一 次 世界 大赛  几 百亿 人次 的 球迷 和 非 球迷 会 守 住 电视机 收看 转播 
巨大 的 物质 利益 驱动 着 全球 商贾 借机 大 做 生意  这 已 不 是 那些 四肢 极其 发达  头脑 相对 简单 的 球星 们 所 能 应付 的  自觉 或 不 自觉 地 落入 陷阱  甚至 有 争先恐后 之 势 
道德 动摇 和 秩序 被 毁  坏人 的 机会 就 来 了 
韩国 足坛 早 有 赌球 之 风  此次 案 发 并 不 意外 
赌博 是 人类 最 污浊 的 陋习 之一  将 赌博 与 足球 连 在 一起  酿制 了 全球 警方 头痛 的 一 桩 桩 疑 案 
英国 司法 对 打击 赌球 的 介入 力度 很 深  算是 颇 有 成就  但 将 幕后 庄家 绳之以法 的 愿望 却 少 有 实现 
在 抨击 国际 足联 的 国际 舆论 中  出自 英国 媒体 的 声音 相当 洪亮  可惜 那 矛头 总是 习惯性 地 指向 他人  从不 检讨 自己 
一 声 假 唱 说 不 定 能 助 作假 者 走红  一 脚 假 球 却 令 人 不齿  球星 涉 假 更是 天理 不容  操纵 比赛  愚弄 球迷  都 是 足球 大 罪  罪 不 可 赦 
世界 上 还 没有 哪个 国家 有 专门 维护 足球 秩序 的 司法 机构 和 法律  许多 情况 下  司法部门 的 处理 显得 那么 外行  不得不 默认 足球 管理机构 的 纪律 约束  而 不 愿 主动 涉及 足球 案 子 
冗长 的 司法 程序 对 机不可失 的 足球 赛事 来说  未免 太 误事 
这 无疑 助长 了 足球 界 对 管理能力 的 过分 自信 
事实上  罪恶 往往 并非 发生 在 绿茵场 上  倒是 更 多 出现 在 更衣室 和 球队 下榻 的 酒店 房间 里 
在 政治  经济  文化  法律 乃至 地域 习俗 的 压力 下  比 足球 秩序 混 乱 更 麻烦 的 是 步 足球 后尘 者 不乏 其 例 
这个 世界 的 文明 建设 不仅 在 堂皇 之 处  也 在 崇尚 技巧 的 娱乐 场 
生活 并 不 总 是 伴随 着 开心 和 愉悦  足球 同样 如此 
恒大 正在 以 空前 的 速度 和 力度 刷新 着 中国 足球 俱乐部 的 各项 纪录  但 其 发展 的 局部 大于 整体 （ 联赛 ） 之 感 也 开始 显现 
当 恒大 的 狂飙 突进 已经 超越 了 联赛 的 架构 和 发展 战略 之 时  中国 足球 整体 的 发展 则 引人深思 势如破竹 的 广州 恒大  进军 亚 冠 决赛 的 悬念 已经 不 大 
 银狐  里 皮 此时 已 将 2013年 的 目标 锁定 三 冠 —— 亚 冠  中 超  足协杯 
这样 一个 辉煌 的 目标 现在 看来 也 不 是 狂 想  恒大 正在 以 空前 的 速度 和 力度 刷新 着 中国 足球 俱乐部 的 各项 纪录 
放眼 亚洲 足坛  恒大 的 能力 和 气魄 隐隐 是 一 家  超级 俱乐部  的 模样 
短短 几 年 间 从无到有  恒大 的 成长 可谓 不折不扣 的  跨越式 发展   大手笔 的 金钱 投入 是 成功 的 前提 
他们 令 对手 发憷 的  南美 三叉 戟   其 冲击力 和 身价 放 到 欧洲 赛场 也 有 一 拼  他们 四 处 搜罗 国脚  让 俱乐部 的 出场 阵容 堪 比 国家队 班底  他们 开 出 高额 奖金  不止 对 球员 有 吸引力  更 成为 舆论 关注 的 热点 
