从 前 有 个 老 渔翁  他 只 有 一 只 渔船 和 一 条 鱼 网  白天 在 龙 河 上 打鱼  黑夜 就 驾 小船 宿 在 河边  日子 过 得 很 贫苦 
这 年 夏天  河水 又 涨 了 
大水 灌 满 了 河身  浪头 一 窜 老 高 
老 渔翁 在 龙河 打 了 多 半辈子 鱼 了  他 是 知道 的  在 龙 河 涨 水 的 时候  要 下 河 打鱼  水 大 浪 高  十 有 九 成非 沉船 丧命 不可 
没法 打鱼  老 渔翁 很 着急 
看看 一 天 又 过去 了  水 还 不 见 落  他 也 没 心思 睡觉  就 坐 在 河边  望 着 那 滚滚 的 大水 出神 
忽然  河流 里  扑  地 冒 起 一 团 金火  原 地 不 动  闪 闪烁 烁 的  一会 明  一会 暗 
这 是 什么 呢 —— 是 水 怪  还是 河里 闹 宝 
老 渔翁 很 纳闷 
这 团 金火明 呀 暗 呀 的 一直 到 天 傍 亮 时 才 熄灭 
老 渔翁 暗自 寻思  我 从小 就 听 人 说 过  这 河里 有 宝贝 
不 是 常 打鱼 的 人  看 不 见 它  胆小 的 人 也 得 不 到 它 
我 苦 挣 苦熬 地 打 了 多 半辈子 鱼  莫不 成 老 了 老 了 遇上 宝贝 了 
这 金 火 一直 闹 了 三 夜  老 渔翁 聚精会神 地 一直 瞅 了 三 夜 
 嗨 
有 枣 没 枣  先 打 一 竿子 再说  
这 天 夜里  老 渔翁 把 网 绳 接 长  把 绳 头 系 （ j ì ） 在 腰 上  就 迎 着 风浪 开船 下 河  一直 向 这 团 金 火 划 去 
这 可 真 是 冒 着 生死 的 危险 啊 
船 刚 入 河  就 被 浪头 打 得 东 摇 西 晃 
老 渔翁 攥 紧 双 浆  稳住 劲头  划 呀  划 呀  只顾 一个 劲儿 地 向 着 金 火 划 去  看看 靠近 了  忙 抡 开 鱼网  哗啦  撒 下去 
老 渔翁 是 打鱼 的 老手 了  不 偏 不 歪  鱼网 正 把 金火扣 住 
刹时 金 火 就 灭 了 
这时候  一个 大 浪头 打 来  船 猛 地 一 歪   哗 ——  灌 进 了 半 船 水 
眼看 船 要 沉 了 
老 渔翁 心中  冬 冬  直 擂 大鼓  他 把 眼 一 闭  把 牙 一 咬  一 股 猛 劲  竟 冲 出 激流  把 船 划 到 河边 来 了 
 嘘 —— 好 玄 哪  
老 渔翁 松 口 气  把 船 拦 好  淘 掉 船 里 的 水  就 从 腰 上解 下 网 绳  慢慢 地 把 网 拉 了 上来 —— 扣住 个 什么 东西 呢 
原来 是 一个 鱼 盆  如 普通 盆 大小  是 白玉 的  盆 底 上 刻 着 一 对 小 金鱼  金鱼 四 外 刻 着 清水 的 细 波纹  一 根蔓子 从金鱼 身边 伸 向 盆 沿  两 片 大 绿 荷叶 托 着 一 朵 粉红 的 大 荷花  荷花 上 坐 着 一个 小 渔 童  头 上 梳 一对 黑 抓 髻  红 袄  绿 裤  光 着 脚丫  怀里 抱 着 一 根 钓鱼竿 
这 可 是 个 新鲜 玩艺 儿 
借 着 月光  老 渔翁 左 看 右 看  爱不释手 
那小渔 童 虽 是 刻 在 盆 沿 上 的  但 老 渔翁 一 看 他  总 觉着 他 也 正 在 看 着 自己 
老 渔翁 心里 美 得 竟 哈哈大笑 起来 
什么 东西 头 一 回 看见 觉得 稀罕  日久天长  也 就 不 新鲜 了 
什么 东西 头 一 回 看见 觉得 稀罕  日久天长  也 就 不 新鲜 了 
老 渔翁 虽 爱 这 鱼 盆  可是 又 吃 不 得 嚼 不得  不 打鱼 还是 饿 肚子  到 水 一 落  他 仍 是 照常 打鱼  劳累 一 天  到 夜里 睡 得 挺 香 
想不到 这 天 夜里  忽然 有 响动 把 他 吵 醒 了 
老 渔翁 睁 眼 一 看  放 在 河 坡 草丛 里 的 那个 鱼 盆  竟 呼啦 呼啦 地 冒 起 金光 来 了 
金光 一 冒  那 棵 荷花 就  刷 拉  一下子 活 了  蔓子 顶 着 绿叶 粉 荷花  一 直 往 上 长 起来  越来越 高  越 长 越 大  长 呀 长 呀 的  那蔓子 一 弯  荷叶 荷花 鲜艳  精神 地 撑 在 了 草地 上 
这时  那 渔 童 也 长大 了  也 活 了 
就 见 他 从 荷花 上 站 起来  扛 着 鱼竿  嘴 儿 一 咧  笑嘻嘻 地 对 鱼 盆 说道   鱼 盆 鱼 盆 摇摇  清水 清水 飘飘  
那 鱼 盆 立刻 自己 一 摇晃  盆 里 立刻 飘 起 了 汪汪 的 清水 
接着  渔 童 朝 鱼 盆 又 笑嘻嘻 地 说道   清 水 清 水流 流  金鱼 金鱼 游 游  
那 清水 立刻 泛起 波纹  打 着 旋 儿   哗哗  响 起来  那 对 小 金鱼 也 立刻 活 了  傍 着 盆 边 哗啦哗啦 地 游 得 很 欢 
接着  渔 童 又 朝 鱼 盆 笑嘻嘻 地 说道   金鱼 金鱼 跳 跳  清水 清水 冒 冒  
那 对 小金鱼 立刻 从 水 里  霍  地 一 跳 尺 来 高  清水 也 立刻  哗哗  往 上 窜  窜 出 鱼 盆  直 往 四 外 漾 
金鱼 跳 起来 落 下去  落 下 去 又 跳 起来 
这时 渔 童 立刻 拿 起 鱼竿  看 准 金鱼 跳 起 的 时候  只见 他 把 鱼竿 一 抖  立刻 钓 住 一 只 
鱼竿 一 扬 一 低  那金鱼 被 钓 起  又 猛 地 落 下   哗  地 砸 出 一 片 金 水花  水花 朝 四 外 一 散  变成 许多 金色 的 水珠  也 随着 漾 出 的 清水 滚 到 盆 四 外 的 草丛 里 去 了 
渔 童 玩 得 好 不 开心   咯咯 咯  笑 个 响 
他 把 这 只 金鱼 钓 住 抖 一会  一 甩 鱼竿 撒 了 去  立刻 又 钓 住 那 只 金鱼 抖 一会   咯咯 咯  笑 一阵  又 一 甩 鱼竿 撒 了 去  接着 又 钓 住 这 只  