李 表叔 公家 里 这 根 扁担 是 祖传 遗物  看上去 和 普通 的 扁担 没有 什么 区别  细细的 木纹  承受 里 一两百 斤  过 重 了 也 会 把 它 折断 的 
这 扁担 是 什么 木料 的 
很多 人 拿 着 看看 都 无法 确定 
有人 说 它 是 青 杠 木  又 当场 被 大家 否定  有人 说 它 是 梨木  众人 都 摇摇 头  又 有人 说是 板 粟 树  大家 都 说 猜 错 了  
这 李 表叔 公家 祖上 是  湖 广 填 四川  这 场 移民 运动 的 外籍 人  上 川 定居 在 李 家 坝  这个 地方 山 青 水 秀  院子 左  青龙   右  白虎   后 有 远 来 龙 胧 作 背 靠  堂 前 小河 流水 欢腾  大坝 上 开垦 出 大 块 良田  供 李 家 子孙 耕耘 
在 李 家 坝 李 家 大院 有 一 座 小 土丘  就是 这 大 院子 的 案 山  土丘 上 有 块 大 石头  远远 看 去 就 像 一 只 雄鸡  这 雄鸡 石 那 鸡头 上 有 一 石缝  据说 当年 这 石缝 上 就 长 出 了 一 棵 树  这 棵 树 比 茶 蛊 稍 大 一点 
石 上 无 泥 根系 在 石缝 里 能 吸取 什么 养料  但 这 棵 树 能 存活  大 天 干 不 干枯  冬天 不 落叶  四季 开花  花香 千 里  景象 秀丽 
人们 不 知 这 是 一 棵 什么 树  给 这 棵 树 起 了 个 名字 叫 万年 秀 
没有 多少 年  进 川 的 李 家 发 富 了  成 了 当地 的 财主 
这 一 天  李 家 家人 在 堂屋 里 的 木 盆 盛 水 中 发现 了 个 秘密  盆 里 映出 了 堂 前 案 山 雄鸡 石 上 的 万年 秀 
第一 个 人 看见 了 惊讶 地 吼 起来   这 盆 水 里 有 对面 雄鸡 石 上 那 棵 万年 秀  
大家 以为 是 说谎  相距 一 里 路 远  盆 水 里 怎么 会 有 万 年 秀 的 影子 呢 
一 个 人 走 拢 一 看 也 大 叫   不 会 假 呀  那 棵 万年 秀 就 在 这 盆 水 里  
这 一 吼  大家 都 惊 了  都 走 拢 一 看 果然 见 盆 水 里 有 那 棵 万年 秀 影子  开 着 鲜艳 的 花  大家 似乎 也 闻 到 了 花 的 香味 
李 家 人 一代 比 一 代 强  有人 入学 中 举  做官 在 外 
李 家 并 没有 把 入 川 老屋 买 掉  留 有 族人 在 这里 居住 
有 权 有 势  院子 变 得 朱 檐 翘 角  雕 梁 画 柱 
一 代 又 一代人  这 院子 里 轮 到 李 血 鬼 当家 了 
李 血 鬼 是 他 的 外号  因为 他 不 像 上 几 辈 人 那么 善良  虽然 他 也 读 了 很多 的 书  可是 连 个 秀才 都 没有 考 中 
他 为人 狡诈  心狠 毒辣  他 依仗 权势  强奸 妇人  欺负 穷人 
当地 人 对 他 就 没有 一个 好 评价  都 说 他 是 一个 无恶不作 的 人  所以 人们 背地里 叫 他 叫 李 血 鬼 
他 家 长工 几 十 人  起早摸黑 给 他 干 话  生活 像 猪 狗 食 一样  稍 不 如意 就 被 打 骂  有 许多 长工 干 了 数 月  未 得到 分文 报酬 就 被 他 打骂 跑 了 
这 一年 到 了 年终  李 血 鬼 为了 少 付 长工 的 工钱  他 总是 找 借口  说 张 山 怠 了 工  说 李 四 破坏 了 农具  用 这些 编 出来 的 理由 达到 他 少 付 工钱 的 目的 
长工 中 也 有 不 怕 事 的 人  就 坐 在 李 家 等待 李 血 鬼 发 善心  要求 足额 付 工钱  李 血 鬼 见 了 不 是 好 言 答复  而是 令 几 个 帮凶 追 打 赶走 
这些 长工 肺 都 气 炸 了  大家 聚 在 一起  商议 对策  有的 说 到 官府 告状  人群 里 当时 就 有 人 反对  说 官府 衙门 大大 开  无 钱 莫 进来  官 老爷 只要 李 血 鬼 送 上 银钱 贿赂  那 官 老爷 他 还 会 为 穷人 说话 
何况 他家 族人 高官 在 外  有的 说 大家 团结 起来 和 李 血 鬼 拚命  烧 了 他 的 房屋  砍 了 他 的 头  但 大部 份 人 都 是 胆小 怕事 的 人  说 这样 自己 上 有 父母 下 有 孩子  不但 会 连累 自己  还 会 连累 亲人 
大家 议论 了 很 久 仍 没有 一个 报仇 雪恨 的 好 办法 
突然 一 人 对 大家 说  这个 办法 一定 会 使 李 血 鬼 家 走 霉 运  大家 盯 着 他 问 他   有 什么 办法 能 使 李 血 鬼 家 走 霉 运 呢  
那 人 咬 着 牙  握 着 拳头 向 大家 讲 出 了 使 李 血 鬼 家 走 霉 运 的 好 办法 来 
大家 听 了 那 人 说 出 的 办法  个个 都 说 这 是 个 好 办法  这样 不 到 三年  要 李 血 鬼 也 成为 下 力 汉  让 他 偿 偿 下 力 汉 的 苦 日子 
当天 晚上  大家 就 同 那 人 约会  六七 个 长工 在 黑夜 里 手持 斧头 和 砍 柴 刀 来 到 那个 生长 万年 秀 的 雄鸡 石 旁 
他们 正 要 上 雄鸡 石 上  许多 人 将 他们 围住  他们 吼 道   你们 的 所 作  早 被 老爷 识破  想 断 老爷 家 富贵 风水  永远 办 不 到  
几 个 长工 知道 事情 有 人 泄 了 密  只好 辩护 说 并 不 是 来 砍 那 棵 万年 秀  但 深夜 里 手持 斧头 砍刀 聚集 干什么 
众人 有 口 难 辩  被 打 得 半死 才 叫 滚 回家 
李 家 从此 白天 黑夜 视 那 棵 万年 秀 为 宝贝  就 像 保护 自己 生命 一样 保护 
时间 久 了  也 有 松懈 之 时  有心人 下 了 决心  总是 在 想 办法 伺机 下手  有 天 风雨交加 的 晚上  万年 秀 终于 被 砍 断 了 