公元 ９４９年  天下 战乱 纷纷  当时 在 民间 流传 着 这样 一个 说法  一 晚  一个 相 士 观看 到 天狼星 忽然 暗 淡 下来  以为 定然 是 凶兆  是 上天 发怒 了  连忙 到 后汉 皇宫 去 报信 
谁知 当时 后汉 高祖 刘知远 刚刚 病 死  新 帝 即位 不久  四周 叛 臣 贼 子 拥 兵 作乱  哪里 有 心思 听 一个 江湖 术 士 胡说八道  一 顿 乱 棍 把 他 从 宫 门口 打 了 出来 
这个 相 士 一 瘸 一 拐 地 离开 时  口中 不断 地 念叨   兵戈 不息  天 怨 人 怒  异 人 不 出  奇 祸 临头  
此时  在 汉水 岸边 通往 重镇 襄阳 的 一 条 山间 小路 上  一个 青年 汉子 正在 缓缓 而 行 
这个 男子 大约 二十 挂零年 纪  长 得 方面 大 耳  虽然 头发 散乱 面 带 饥 色  却 掩 不 住 他 那 一 双 豹 眼中 透 出 的 豪迈 之 气  身上 的 衣衫 虽然 破烂  但 走 起 路 来 却 不 带 半点 寒酸 姿态  步子 慢 而 有力  偶尔 还 观赏 一下 这 山 中 的 美景  听 一 听 树上 的 鸟 鸣  好像 挂 在 身上 的 一切 不 顺利 都 和 自己 没有 任何 关系 
这个 青年人 就 是 赵匡胤 
两年 前  刚刚 完婚 两年 的 赵匡胤 毅然 从 还 算 富足 的 家里 偷偷 跑 出来  为 的 就 是 能够 成就 一番 大 事业  可 在 家 千 般 易  出门 步步 难  出 得 门 来 才 知道 天下 并 不 是 像 自己 想象 的 那样 好 闯 
原本 是 想 投奔 自己 父亲 的 几 个 老朋友  可 世态炎凉  又 有 谁 能 给 这个 寄人篱下 的 毛头 小伙 真正 的 信任 呢 
要么 是 给 个 闲 差 养 着 他  要么 干脆 把 他 拒之门外  还有 的 处处 与 他 为 难  给 他 小鞋 穿  两年 间 他 受 尽 了 人们 的 白眼 和 嘲弄 
这 次 他 刚 从 父亲 以前 的 部下  复 州 防御 使 王彦超 那里 像 叫花子 一样 被 打 发出 来  王彦超 施舍 的 几 贯 铜钱 根本 就 不 够 自己 的 盘 费  无奈 之 下 他 只好 拿 着 这些 钱 到 一个 小镇 上 去 赌博  指望 赢 个 路费 好 继续 前行 
要说 赌钱 赵匡胤 并 不 是 外行  当初 他 还 是 个 公子哥 的 时候  除了 和 一 帮 志趣 相投 的 小 兄弟 们 骑马 射箭  打拳 练 棍 外  饮酒 赌博 也 是 经常 的 事  而且 在 家 时 他 是 十 赌 九 赢 
到 了 赌 坊 他 略微 一 看 就 明白 了 其中 的 路数  几 次 下 注 就 赢 了 不少  当 他 盘算 着 再 赢 一 把 就 可以 收 手上 路 时  却 没 发觉 周围 的 赌徒 们 已经 变 了 脸色  赵匡胤 刚 把 骰子 掷 出去  忽然 听见 背后  忽  地 一 声  一阵 劲 风 袭 来  饶 是 他 武艺 了得  可 由于 猝不及防  虽然 躲 了 一下  依然 被 扫 来 的 木棍 结 结实 实地 打中 了 后背  赵匡胤 疼 的 一 激 灵  起身 一 脚 将 后面 打 闷棍 的 家伙 踹 了 个 跟头  纵身 跳 上 赌 案  四 下 一 看  不由得 倒 吸 一 口 冷气  几 十 个 红 了 眼 的 赌徒 正 恶狠狠 地 盯 着 他  个个 手里 都 绰 着 家伙  有 拎 着 菜刀 的  有 举 着 板凳 腿 的  旁边 赌 坊 的 胖 老板 连 蹿 带 跳 地 喊 着   兄弟 们  给 我 上  别 让 外地 侉 子 跑 了  给 我 往 死 里 打   
赵匡胤 深知 双 拳 难 敌 四 手  恶 虎 害怕 群 狼 的 道理  况且 他人 在 外地  面对 一 群 输 红 了 眼 赌徒  弄 不好 就 会 粘 上 人命 官司  影响 自己 的 行程  于是  他 飞 起 数 脚  那 赌 案 上 的 铜钱 就 像 雨点 一样 朝 赌徒 们 飞 去  趁着 赌徒 们 纷纷 低头 抢 钱 的 时机  他 打倒 离 自己 最近 的 赌徒  从 人 缝 里 冲 了 出去  任凭 赌 坊 老板 百般 叫骂  他 只是 不 理  飞快 地 跑 出 了 小镇 
所 幸 没 人 追赶  只不过 自己 现在 是 一文不名  连 吃饭 都 成 了 问题 
好 在 山间 不时 可以 见到 几 串 野果  一 眼 清泉  还 不至于 把 他 渴 死  饿 死  可 赵匡胤 对 自己 究竟 应该 何去何从 却 犹豫 起来 
正 走 间  赵匡胤 突然 发现 路边 的 树 底下 有 一 个 金色 绒球  他 眼睛 一 亮  快 步 走 过去  小心 地 捧 起 来 一 看  不禁 哑然失笑 － － 原来 是 一 只 长 满 金黄 茸毛 的 小 狗  正 瞪 着 一 双 乌油油 的 小 眼 晶 看 着 他 
他 摇摇 头  轻轻 地 把 小 狗 放 回 原 地  苦笑 了 一 声   小 狗 啊 小 狗  你 没 有 家  我 也 没有 家  我 赵匡胤 现在 连 自己 的 肚子 都 照顾 不 了  你 还是 等 个 好 人家 把 你 捡 走 吧  
 说 完  他 转身 就 走 
刚 走 两 步  赵匡胤 又 停 了 下来  他 回头 看 看 那 只 小 狗  仍然 在 瞪 着 眼睛 看 着 他  嘴里 还 发出 两 声 轻微 的 汪汪 声  赵匡胤 的 眼圈 一下 红 了 
这 只 小 狗 太 可怜 了  如果 没有 人 来 捡 它  肯定 会 被 这 山间 毒蛇 猛 兽 所 伤害 
再者  自己 目前 的 处境 又 和 这 只 小 狗 有 什么 区别 
自己 不 也 是 找 不到 个 安身立命 之 所 吗 
这 真 是 同 是 天涯 沦落 人  相逢 何必 曾 相识 啊 
想 到 这里  赵匡胤 又 转身 回来  俯 下 身子 去 抱 那 只 小 狗  但 见 那 只 小 狗 竟然 颤颤悠悠 地 站 起来 向 他 走 过来  还 伸出 热乎乎 的 小 舌头 在 他 的 手上 舔 了 两 下 
赵匡胤 心中 一 喜  把 小 狗 紧紧 抱 在 怀里  昂首 又 踏 上 了 前途 
临近 襄阳  赵匡胤 面前 出现 一个 岔道 口  一 条 是 通往 襄阳 的 官 道  一 条 是 通往 一 座 寺院 的 山路 