通过 喜剧片 《 疯狂 的 石头 》 ， 几乎 没 人 会 认为 导演 宁浩 没 有 才华 ， 人们 大多 会 以 一 种 新奇 和 赞美 的 眼光 ， 看待 这 位 被 誉为 可以 接 冯小刚 班 的 年轻 导演 。
宁浩 的确 是 那种 拥有 才华 且 藏 不 住 的 导演 ， 戏谑 、 解 构 、 模 仿 、 黑色 幽默 ， 在 他 那 都 成 了 可以 随时 下 锅 的 作料 。
当 才华 得以 印证 ， 随时 可能 升级 为 野心 。
而 野心 是 宁浩 在 《 无人区 》 之前 未曾 给予 我们 展示 过 的 ， 在 这部 历经 四年 的 漫长 修改 的 作品 中 ， 即便 如今 在 大 动手术 删减 剧情 以及 重新 拍摄 之后 ， 你 也 能 看出 这部 电影 所 被 寄予 的 野心 胚胎 。
无人区 即 为 没有 人性 的 区域 ， 或者 此 番 在 银幕 里 较量 的 人 都 已 丧失 了 人性 ， 这 是 一 部 天生 注定 黑色 的 电影 。
每 一个 宁 浩 的 影迷 ， 在 长 达 四年 的 反复 期待 中 ， 也 一定 对 这部 电影 的 大概 走向 和 基本 气氛 了然 于 胸 ， 公路 片 、 猎杀 、 残酷 、 对 决 、 野蛮 、 西部 ， 以及 比 荒漠 环境 更 恶劣 的 人心 环境 … …
显然 ， 宁浩 要 用 一 部 较劲 的 作品 试图 去 摆脱 他 身上 那个 如同 烙印 般 的 喜剧 标签 。
“ 无人区 ” 是 一个 太 好 的 意象 ， 宁浩 有 向 英 美 类型 片 导演 看齐 的 野心 ， 只 是 这样 的 题材 注定 难过 审查 关 。
《 无人区 》 涉及 的 既 非 敏感 政治 ， 也 非 当下 社会 现实 ， 而是 一 种 古今中外 都 可以 遇到 的 人心 问题 ， 在 恶劣条件 下 看 那些 一个个 变质 乃至 坏死 的 人心 ， 没有 比 这 更 充满 黑色 意境 的 了 。
可 既然 为 人性 的 一 种 ， 又 为什么 不 能 展示 呢 ?
我 的 理解 是 ， 可能 编导 初衷 是 讲述 一 群 跟 动物 一样 的 人 的 故事 ， 如同 片中 反复 出现 的 猴子 的 寓言 ， 这 是 一个 无 人 的 区域 里 发生 的 故事 。
即 为 “ 无人区 ” ， 就 应该 是 满盘 皆 是 坏 人 的 故事 ， 一个个 站立 行走 的 人 ， 在 诱惑 、 金钱 、 危难 面前 人性 一 次 次 倒 掉 ， 堕入 无尽 的 黑暗 ， 他们 丧失 人性 后 的 嘴脸 ， 是 其 与 动物 归 为 一 群 的 通行证 … …
经 修改 后 的 故事 ， 角色 从 一个 只有 动物 生活 的 无 人性 的 野蛮 区域 ， 变成 一个 爱情 线索 导致 的 光明 尾巴 。
至此 ， 这个 电影 已经 七零八 碎 了 。
在 《 无人区 》 的 故事 中 ， 既 有 宁浩 原来 喜欢 的 城市 得意 中产阶级 形象 （ 徐峥 扮演 的 律师 ） ， 也 有 野蛮 的 悍匪 和 插科打诨 的 小 混 混 ， 跟 以往 不同 的 一点 是 ， 宁浩 这 次 使用 了 女性 角色 ， 且 还是 一个 妖媚 的 妓女 。
宁浩 本人 承认 过 的 师从 昆汀 ?
塔伦蒂诺 、 盖 ?
里奇 ， 在 他们 经典 作品 中 都 是 排斥 女性 角色 ， 或者 说 他们 的 故事 中 不 肯 将 女性 这个 男性 对立 的 性别 置于 故事 的 叙事 中 。
在 《 疯狂 的 石头 》 中 ， 宁浩 也 这么 做 了 ， 因为 在 多 线索 叙事 的 故事 中 ， 冲突 来源于 利益 各方 的 追逐 ， 而 没有 了 男 女 爱情 之类 的 发展 空间 。
余 男 扮演 的 妓女 ， 从 开始 就 没有 一 句 话 是 真 的 ， 不仅 与 其 演 对手 戏 的 律师 ， 连 观众 都 可以 把 她 的 台词 视为 一 种 无效 ， 她 在 前 大半 段 一直 是 这个 黑色 地带 黑色 人心 叙事 中 的 一 环 。
故事 到 了 结尾 ， 变成 律师 与 妓女 产生 了 莫名其妙 的 爱情 ， 这 虽然 迎合 了 我们 公映 电影 中 的 正面 、 积极 和 向 善 的 价值观 要求 ， 却 对 整 部 作品 的 叙事 策略 来说 ， 是 一 种 严重 的 逆 反 ， 这种 逆 反 造成 过 了 观众 从 审美 角度 对 主创 产生 了 极度 的 不满 。
毫无疑问 ， 这 是 一 部 被 人 为 严重 干扰 乃至 造成 过度 伤害 的 作品 。
宁浩 在 采访 中 也 数 次 自嘲 ， 自己 不 是 艺术家 ， 要 混 饭 吃 ， 要 靠 电影 公映 的 票房 来 养家 糊 口 。
这 倒 是 符合 了 宁浩 一贯 嬉皮笑脸 的 内心 ， 他 不 可能 为 一 部 作品 强势 和 独断 地 不 肯 修改 ， 沦为 被 禁 的 电影 已经 不 是 这 一代 影 人 所 能 承受 的 了 。
如果 将 尺度 和 审美 放置 在 现有 制度 之下 ， 也 就是 考察 宁浩 对 此 的 应变 能力 ， 那么 现有 公映 版本 的 《 无人区 》 可以 说 完成 度 不 高 ， 它 成 了 满足要求 而 草草 了事 的 作品 。
所谓 曲线 救国 这 件 事 ， 宁浩 并 没有 掌握 ， 在 制度 和 个人 诉 求 上 ， 宁浩 选择 了 符合 前者 ， 但 没有 很 好 地 实现 后者 ， 或者 说 他 已 无意 于 将 之 做成 一 部 拐弯抹角 斗智斗勇 的 作品 了 。
冬 歇 前 ， 《 傲骨 贤 妻 》 刚好 播 到 第100 集 ， 在 “ 放大 招 ” 和 “ 纪念碑 ” 意义 共存 的 一 集 里 ， L & G 律师 事务所 分 崩 离析 ， 男 主角 Will 代表 的 权 势派 和 女 主角 Alicia 代表 的 革命派 对簿公堂 ， 惆怅 旧 欢 如 梦 ， 眼前 相爱 相 杀 ， Will 这 位 深受 女性 观众 “ 怜爱 ” 的 钻石 王 老五 终于 把 自己 虐 哭 。
《 傲骨 贤 妻 》 首播 于 2009年 ， 开局 就 是 深陷 丈夫 性 丑闻 风波 的 政客 妻子 上岗 再 就业 。
人物 的 影射 意味 ， 让 上 至 总统 下 至 州长 都 有 人 躺 枪 。
剧组 为 避嫌 ， 将 背景 移师 到 了 相对 清静 的 芝加哥 。
打 着 擦边球 吸引 来 的 观众 ， 逐渐 被 剧 集 本身 的 厚度 征服 。
但 所谓 不 破 不 立 ， 第四 季 收 视 的 走低 催生 了 第五 季 大 开 大 阖 ， 编剧 把 四年 累积 的 一切 推翻 。
律 政 “ 玛丽苏 ” （ 意 为 人 见 人 爱 的 主角 ， 跟 人气 角色 暧昧 纠缠 ， 剧情 围 她 而 转 ） Alicia 重 拾 人 生 ， 焕发 光彩 后 ， 在 新 一 季 中 自立 门户 ， 终于 踩 上 了 老 东家 的 肩膀 。
这个 妇女 当 自强 的 故事 在 中国 早 被 奉 上 神坛 ， 第五 季 更 是 打破 美 剧 虎头蛇尾 的 宿 命 ， 剧 迷 无 不 带 着 自豪 说 ： 高端 — 画面 的 色调 、 构图 的 美感 、 剪辑 的 巧妙 、 细节 的 挠 心 ， 连 服装 的 每 一 丝 褶皱 都 充满 韵味 。