中国 农村 住户 调查 年鉴 等 .
数据 的 处理 : 本文 编制 了 1997年 和 2007年 的 中国 城乡 居民 收入 投入 产出 表 , 考虑 到 两 个 年份 投 人 产出 表 的 部门 分类 存在 一定 差异 , 在 尽量 保有 最 多 部门 的 原则 之上 , 统一 将 两 张 表格 合并 为 33 部门 .
具体 编 表方法 如下 : 在 增加值 部分 拆分 出 农村 居民 收入 和 城镇 居民 收入 两 行 .
根据 现有 数据 , 首先 计算 农村 居民 收入 部分 , 农村 居民 收入 分 为 工资 性 收入 !
家庭 经营 性 收入 !
转移 性 收入 和 财产 性 收入 , 其中 工资 性 收入 和 家庭 经营 性 收入 占 农村 居民 人均 纯收入 的 90% 以上 , 故 主要 根据 这 两 部分 进行 计算 .
具体说来 是 根据 乡镇企业 各 行业 劳动 报酬 对 各 部门 农村 居民 的 工资 性 收入 进行 计算 , 并 根据 农村 居民 纯收入 构成 中 的 各项 比例 及其 中 家庭 经营 性 收入 对 各 部门 农村 居民 的 家庭 经营 性 收入 进行 计算 .
由于 已 有 数据 中 部门 分类 数 较 少 , 还 需要 运用 综合 方法 按照 一定 的 比例 进行 拆分 , 并 根据 各项 总量 指标 进行 调整 , 最终 得到 各 部门 农村 居民 收入 .
城镇 居民 收入 则 用 居民 总收入 减去 农村 居民 收入 得到 .
4 结果 及 结果 分析 4. 1 基本 因素 对 农村 居民 收 人 的 影响 分析 结合 1997年 与 2007年 33 部门 城乡 居民 收入 分配 投入 产出 表 , 根据 公式 ( 3 ) 和 ( 4 ) 计算 可 得 , 2007年 农村 居民 总收入 较 1997年 增加 了 20388亿 元 .
表 1 表明 , 这 十年 间 拉动 农村 居民 收入 增长 贡献 最 大 的 为 各 部门 最终 需求 合计 vF , 可见 经济 的 快速 发展 对 农村 居民 收入 的 提高 起 到 了 很 重要 的 作用 .
根据 测算 , 最终 需求 合计 vF 将 使 农业 部门 农村 居民 收入 增加 10335亿 元 , 使 非农 部门 农村 居民 收入 增加 18668亿 元 , 其 所 带动 的 非农 部门 农村 居民 的 收入 增加 的 作用 明显 大于 农业 部门 .
技术 系数 v 万 , 即 完全 需要 系数 对 农村 居民 收入 的 提高 也 起 到 了 一定 作用 , 但是 效果 很 小 , 只有 0. 07. 技术 进步 是 促进 居民 收入 提高 的 重要 因素 之一 , 但 由于 我国 农村 居民 大 都 属于 劳动密集型 部门 , 因此 其 收入 受 技术 进步 的 影响 相对 较 小 .
农村 居民 收入 系数 的 变动 v 凡 " 对 农村 居民 收入 的 提高 起 到 了 一定 的 负 向 影响 , 总共 使得 农村 居民 收入 减少 10045亿 元 , 其中 农业 部门 农村 居民 收入 减少 2920亿 元 , 非农 部门 减少 7125亿 元 .
1997年 我国 各 部门 农村 居民 收入 系数 的 平均值 为 0. 09 , 到 2007年 降低 为 0. 048 , 即 1997年 到 2007年 我国 农村 居民 收 人 占 总 产出 的 比重 一直 在 减小 , 这 也 反映 出 , 虽然 我国 农村 居民 收入 绝对 量 一直 在 提高 , 但 其 增长 速度 却 明显 低于 GDP 增速 , 我国 农村 居民 并 没有 充分 享受 到 经济 增长 的 果实 .
4. 2 总量 变动 对 农村 居民 收 人 的 影响 由 前 部分 结果 可知 , 各 部门 最终 需求 合计 的 变动 是 促进 农村 居民 收入 提高 的 重要 因素 , 下面 我们 进一步 计算 各类 最终 需求 合计 的 变动 对 农村 居民 收入 的 影响 , 结果 见 表 2. 可以 看出 , GDP 的 八 个 组成部分 对 农村 居民 收入 的 提高 均 有 促进 作用 .
其中 , 由于 在 城乡 居民 收入 投入 产出 表 中 进口 用 负值 表示 , 故 在 表 2 中 虽然 v 珠 f 为 负值 , 但 实际上 进口 总额 的 增加 对 我国 农村 居民 收入 的 提高 起 到 了 正 向 作用 .
1997年 到 2007年 间 , 促进 农村 居民 收入 提高 最 多 的 为 出口 总额 的 增加 v 玲 ( 12720亿 元 ) , 其次 为 城镇 居民 消费 总量 的 增加 v 巧 ( 12534亿 元 ) , 再次 是 固定 资本 形成 总额 的 增加 vYI ( 11172亿 元 ) .
可见 过去 十几 年 , 出口 和 投资 在 拉动 我国 经济 快速 发展 的 同时 , 也 较 大 的 提高 了 我国 农村 居民 的 收入 .
消费 作为 拉动 我国 经济 增长 的 三 驾 马车 之一 对 促进 我国 农村 居民 收入 的 提高 也 起 到 了 积极 作用 , 尤其 是 作为 消费 主力 的 城镇 居民 消费 .
消费 与 居民 收入 之间 存在 重要 的 关联性 , 消费 的 增加 会 拉动 各 部门 产出 的 增加 , 从而 增加 居民 部门 的 收入 , 居民 部门 收入 的 增加 又 会 刺激 其 对 各 生产 产品 的 消费 , 因此 消费 与 收入 之间 的 良性 循环 关系 对 促进 居民 收入 提高 有 显 著 作用 .
4. 3 各项 最终 需求 部门 结构 变动 对 农村 居民 收 人 的 影响 各项 最终 需求 的 部门 结构 是 指 农村 居民 消费 !
城镇 居民 消费 !
政府 消费 !
资本 形成 !
出口 !
进口 等 的 33 个 部门 分配比例 , 根据 两极 分解 公式计算 得到 的 各项 最终 需求 部门 结构 变动 对 农村 居民 收入 变动 的 影响 见 表 3. 总的来说 1997年 到 2007年 间 各项 最终 需求 的 部门 结构 变动 么 S 阻碍 了 农村 居民 收入 的 增加 ( 一 5409亿 元 ) , 为 农村 居民 收 人 实际 增加 量 的 一 0. 27 倍 .
其中 , 城镇 居民 消费 结构 的 变动 vSu 使得 农村 居民 收入 减少 一 3119亿 元 , 占 整个 最终 需求 部门 结构 变动 vS 作用 的 一半 以上 , 主要 体现 在 农业 部门 , 除此之外 , 食品 制造 及 烟草 加工业 及 服装 皮革 羽绒 及其 制品 业 占 城镇 居民 消费 比例 的 变动 也 在 一定 程度 上 阻碍 了 农村 居民 收入 的 增加 .
农村 居民 消费 结构 的 变动 vSR 和 出口 结构 变动 vSE 也 小 幅度 的 阻碍 了 我国 农村 居民 收入 的 提高 .
从 出口 结构 上 看 , 依然 是 农业 部门 比例 变动 的 影响 最 大 , 纺织业 !
服装 皮革 羽绒 及其 制品 业 !
批发 和 零售业 等 部门 比重 的 变化 也 对 农村 居民 收入 的 提高 产生 了 不利 作用 .
通过 计算 发现 , 对 农村 居民 收入 增长 产生 正 向 影响 的 只 有 政府 消费 结构 变动 v 命 , 拉动 农村 居民 收入 提高 106亿 元 , 但 作用 不 是 特别 明显 , 仅 为 农村 居民 收入 实际 增长 的 0. 01. 从 农业 与 非农 两 大 部门 来 看 , 各项 最终 需求 的 部门 结构 变动 vS 对 农业 部门 农村 居民 收入 的 提高 起 负 向 作用 ( 一 5859亿 元 ) ; 对 非农 部门 农村 居民 收入 起 正 向 拉动 作用 ( 450亿 元 ) , 可见 国民经济 各 部门 中 对 农村 居民 收入 影响 最 大 的 仍然 是 农业 部门 .
