图片 类别 !
分享 时间 的 重要性 系数 ( imPt ) 分别 是 0. 4! 0. 3! 0. 3. 每 一 张 图片 的 用户 兴趣 度 ( pic 二 nterest ) 算法 如下 : pie 二 nterest = imptl * isfriend +imptZ * eategory 二 nterest +impt3 * effeetiveness 先 从 云端 筛选 出 与 用户 当前 经纬度 相同 的 图片 信息 , 得到 一个 初始 图片 列表 , 然后 对 初始 图片 列表 根据 Picjnterest 从 大 到 小 排序 , 取 前面 50 张 图片 作为 用户 感 兴趣 的 图片 列表 .
3 结论 本文 采用 推荐 技术 理论 , 结合 移动 云 计算 以及 andro 记 手 持设备 的 特点 和 优势 , 建立 了 用户 兴趣 模型 库 , 提出 了 一 种 可行 的 基干 地理 位置 的 个性化 服务 推荐 解决 方 案 .
该 方 案 的 特点 是 采用 归 一 化 思想 , 将 搭 建 用户 兴趣 库 的 各 元素 量化 , 同时 结合 了 社交 网络 和 时效性 特点 .
经测试 , 该 方 案 可以 为 用户 提供 较为 准确 和 个性化 的 服务 .
北京 地区 经济 增长 与 碳 排放 脱钩 状态 实证 研究 1 引言 随着 人类 经济 活动 的 不断 扩大 , 人们 对 环境 的 破坏 与日俱增 , 这 导致 最 严重 的 一个 后果 就 是 大气 二氧化碳 浓度 的 升高 以及 全球 气候 变 暖 .
中国 的 二氧化碳 排放量 位于 世界 的 前列 , 为此 , 我国 政府 承诺 到 2 020年 把 碳 打 瞰 强度 在 2 005年 的 基础 上 降低 40% 越 5%. 这 一 承诺 既 是 中国 作为 世界 上 有 影响 大国 的 责任 , 也 是 积极 应 对 国际 形势 变化 !
掌握 新 一 轮 国际 竞争 主动 的 内在 要求 .
但是 , 从 目前 中国 的 发展 阶段 来看 , 二氧化碳 的 排放量 的 增长 是 必 不 可 免 的 .
因此 , 研究 经济 增长 与 碳 排放量 之间 的 关系 和 发展趋势 , 显得 尤为 重要 .
经济 合作 与 发展 组织 ( OECD ) 为 探讨 如何 阻断 环境 质量 损害 与 经济 发展 之间 的 关联性 , 测度 经济 发展 与 物质 消耗 投入 和 生态 环境 之间 的 压力 状况 , 提出 了 / 脱钩 , .
( decoupling ) 理论 , 推动 了 国际 上 建立 各类 经济 活动 / 脱钩 指标 0 的 理论 研究 .
脱 钩 理论 关注 的 领域 有 很多 , 它 可以 用 来 研究 某些 特定 部门 产出 与 其 相应 环境 冲击 之间 的 脱钩 关系 , 主要 有 能源 !
交通 !
农业 以及 制造业 等 领域 的 脱钩 分析 ( 钟太洋 , 黄贤金 等 , 2 010 ) .
Tapio ( 2 005 ) 对 欧洲 1970 一 2 001年 的 交通 业 经济 增长 与 运输量 !
温室 气体 排放 之间 的 脱钩 情况 和 芬兰 的 交通 业 脱钩 情况 进行 了 研究 , 并 得出 了 我们 常 用 来 分析 的 脱钩 指标 分类 和 评价 标准 .
此外 , 脱 钩 理论 还 应用 于 干预 政策 的 研究 方面 , 即 对 实现 脱钩 所 能 采取 的 政策 的 讨论 .
目前 , 我国 关于 脱钩 理论 的 研究 主要 集中 在 能源 !
环境 方面 .
赵 一 平 !
孙启宏 !
段宁 ( 2 006 ) 根据 / 脱钩 0 与 / 复 钩 0 的 基本思想 , 对 我国 经济 发展 与 能源 消费量 之间 的 脱钩 关系 进行 了 实证 分析 , 结果显示 : 从 上 世纪 80年代 开始 , 我国 经济 增长 与 能源 消费 一直 处于 弱 脱钩 关系 状态 , 但 2 002年 和 2 003年 出现 了 扩张 性 复 钩 的 趋势 .
彭佳雯 !
黄贤金 等 ( 2 011 ) 从 时间 和 空间 的 角度 研究 了 我国 经济 增长 与 碳 排放 的 脱钩 关系 及 程度 , 认为 从 全国 的 层面 上 来 看 , 1980 一 2 008年 期间 , 除 2 000 一 2 005年 以外 , 经济 增长 与 碳 排放 基本 上 呈现 弱 脱钩 状态 , 脱 钩 程度 受 宏观 经济 形势 和 政策 调控 影响 , 与 实现 强 脱钩 还有 差距 , 未来 一定 时期 弱 脱钩 发展趋势 仍 将 持续 .
孙耀华 !
李忠民 ( 2 011 ) 对 199 于 2 008年 各省 区 的 碳 排放 与 经济 增长 之间 的 脱钩 关系 进行 了 研究 , 认为 这 10年 我国 绝大部分 省区 经济 增长 与 碳 抖 瞰 之间 呈现 弱 脱钩 状态 .
李忠民 !
庆东瑞 ( 2 010 ) 利用 OECD 脱钩 指标 及 Tapio 脱钩 弹性 对 山西省 工业 经济 的 增长 与 二氧化碳 脱钩 关系 进行 了 测度 , 发现 作为 山西省 国民经济 支柱 产业 之一 的 工业 整体 呈现 GDP 与 能耗 投入 及 二氧化碳 排放 之间 呈现 扩张 连接 状态 , 远 未 达到 脱钩 状态 .
这样 的 细化 使 碳 排放 与 经济 增长 的 研究 更加 细 分化 , 更加 具有 针对性 .
由 前 人 研究 结果 我们 不 难 发现 , 在 减 排 的 国际 国内 大 背景 下 , 无论是 从 时间 的 角度 , 还是 从 不同 省区 的 角度 中国 的 经济 发展 与 能源 碳 排放 之间 基本 呈现 弱 脱钩 的 状态 , 整体 发展趋势 良好 .
而 北京 作为 首都 , 其 低碳 发展 受到 外界 的 关注 , 鉴于 此 , 本文 采用 几 p10 脱钩 弹性 指标 对 北京市 1999 一 2 008年 的 碳 排放 与 经济 发展 之间 的 脱钩 关系 进行 研究 , 分析 碳 排放 与 北京 经济 增长 之间 的 脱钩 程度 与 状态 变化 原因 , 为 制定 合理 的 减 排 政策 和 措施 提供 依据 .
2 Tapio 脱钩 弹性 指标 的 构建 及 实证 分析 根据环境 库 涅茨 曲线 假说 , 经济 的 增长 一般 会 带来 环境压力 和 资源 消耗 的 增加 , 但 当 采取 一些 有效 的 政策 和 技术 后 , 可能 会 以 较 低 的 环境压力 和 资源 消耗 换取 同样 !
甚至 更加 快速 的 经济 增长 , 这个 过程 被 称为 脱钩 ( 彭佳雯 !
黄贤金 , 2 011 ) .
世界银行 的 脱钩 概念 既 包括 去 物质 化 也 包括 去 污染 化 , 是 指 经济 活动 的 环境 冲击 逐步 减少 的 过程 ( 钟太洋 !
黄贤金 , 2 010 ) .
但是 , 目前 我们 大多 普遍 引用 的 还 是 我们 在 前言 中 所 提 到 的 oECD 所 提出 的 脱钩 概念 .
oECD 把 脱钩 分为 绝对 脱钩 和 相对 脱钩 , 其中 , 绝对 脱钩 是 指 经济 发展 的 同时 与 之 相关 的 环境 变量 保持稳定 或者 下降 的 现象 , 又 称 为 强 脱钩 ; 相对 脱钩 则 定义 为 经济 增长率 和 环境 变量 的 变化率 都 为 正值 但是 环境 变量 的 变化率 小于 经济 增长率 的 情形 , 又 称 其 为 弱 脱钩 .
2 .
1 北京 地区 碳 排放 与 经济 增长 脱钩 体系 构建 目前 , 脱 钩 分析 的 基本 模型 有 两 种 , 即 OECD 脱钩 指标 构建 模式 和 TaPio 脱钩 指标 构建 模式 .
