进一步 , L0 ( F , H ) 还是 是 数 域 K 上 以 ( ?
, F , P ) 为 基 的 RIP - 模 , 其 上 的 L0 - 内 积 是 由 H 上 的 内 积 ?
· , · ?
所 诱导 的 , 仍 记 为 ?
· , · ?
.
具体 地 讲 , 对 任意 的 x , y∈L0 ( F , H ) , x0 , y0 分别 为 x , y 任 一 代表 元 , 我们 有 ?
x , y ?
= ?
x0 , y0 ?
的 等价 类 , 而 ?
x0 , y0 ?
( ω ) : = ?
x0 ( ω ) , y0 ( ω ) ?
, ?
ω ∈ ?
.
接 下来 , 总 假定 [ a , b ] 表示 一个 有限 的 实 区间 , ( S , ∥ · ∥ ) 表示 K 上 以 ( ?
, F , P ) 为 基 的 完备 RN - 模 .
令 { L ( S ) =x∈S [ ∫ ∥ x ∥ dP221 ] 2 } ?
∥ · ∥ 2:L2 ( S ) → [ 0 , +∞ ) 被 定义 为 [ ∫ ∥ x ∥ 2= ∥ x ∥ dP2 ] 12 , ?
x∈L2 ( S ) , ?
则 ( L2 ( S ) , ∥ · ∥ 2 ) 是 通常 意义 下 的 Banach 空间 .
熟知 , 在 泛 函 分析 中 从 有限 实 区间 到 Banach 空间 的 抽象 值 函数 的 Riemann 微积分 [ 17 ] 已经 被 建立 .
基于 这 一 事实 , 本 节 的 主要 目的 就是 给 出 从 有限 实 区间 到 完备 RN - 模 的 抽象 值 函数 的 Riemann 微积分 .
184 中国 科学 : 数学 第42 卷 第3 期 ( t ) 定义 2. 3 设 f 为 一个 从 [ a , b ] 到 S 的 函数 .
固定 t∈ ( a , b ) , 如果 limh → 0f ( t+h ) ?
f 存在 , 则 我 hdf ( t ) ′ 们 称 f 在 t 处 可 导 , 将 这 一 极限 记 作 f ( t ) 或 dt , 称之为 f 在 t 处 的 导数 .
类似 地 , 我们 可以 定义 f 在 a 处 的 右 导数 和 f 在 b 处 的 左 导数 .
如果 f 对 任意 的 t∈ [ a , b ] 都 可 导 , 我们 则 称 f 在 [ a , b ] 上 可 导 .
设 P= { x1 , x2 , .
.
.
, xk , .
.
.
, xn } 是 [ a , b ] 的 任意 有限 划分 , 即 a=x11 ?
λ .
P ω ∈ ?
i=1∫b 进一步 , 称 I 为 [ a , b ] 上 f 的 Riemann 积分 , 记 作 af ( t ) dt. 注 记 2. 1 设 f 是 从 [ a , b ] 到 L2 ( S ) 的 函数 , 如果 f 作为 从 [ a , b ] 到 Banach 空间 的 函数 在 [ a , b ] 上 ∫b 是 Riemann 可 积 的 , 此时 我们 称 f 按 ∥ · ∥ 2 是 Riemann 可 积 的 , 其中 Riemann 积分 记 作 ∥ · ∥ 2 ?
af ( t ) dt. 例子 2. 3 设 ?
= [ 0 , 1 ] , F= 由 [ 0 , 1 ] 上 的 所有 Lebesgue 可 测 子集 生成 的 σ - 代数 , P 为 F 上 的 Lesbegue 测度 .
固定 t∈ [ 0 , 1 ] , 定义 映射 f0: [ 0 , 1 ] → L0 ( F , R ) 为 f0 ( t ) ( ω ) =1·I ( t , 1 ] ( ω ) , ω ?
t ?
ω ∈ [ 0 , 1 ] , ( 1 ) 记 f ( t ) 为 f0 ( t ) 所 决定 的 等价 类 .
则 f 是 从 [ 0 , 1 ] 到 L0 ( F , R ) 的 连续函数 , 但 f 的 值域 不 是 几乎 处处 ˉ L0 有 界 的 , 即 ∨t∈ [ 0 , 1 ] | f ( t ) | ∈+. 证明 因为 11·I ( t , 1 ] ( ω ) ?
ω ?
t ω ?
t0 ?
?
0 , ?
?
?
?
1 , = ω ?
t0 ?
?
?
t ?
t0 ?
?
, ( ω ?
t ) · ( ω ?
t0 ) | f0 ( t ) ( ω ) ?
f0 ( t0 ) ( ω ) | =·I ( t0 , 1 ] ( ω ) ω t0∧t , t0∧t 容易 发现 p 就 是 af ( t ) dt , 因此 f 在 [ a , b ] 上 是 Riemann 可 积 的 .
?
下面 我们 给 出 此 类 抽象 值 函数 Riemann 积分 的 两 个 重要 的 性质 .
定理 2. 2 设 f 是 从 [ a , b ] 到 S 的 连续函数 且 满足 ∨t∈ [ a , b ] ∥ f ( t ) ∥ ∈L0+. 则 我们 有 下面 的 性质 : ∫b∫b ( 1 ) ∥ af ( t ) dt ∥ ∥ f ( t ) ∥ dt ; ∫ta ( 2 ) 设 g ( t ) =af ( s ) ds , atb. 则 g 在 [ a , b ] 上 是 可 导 的 且 对 任意 的 t∈ [ a , b ] 有 g′ ( t ) =f ( t ) .
∫b 证明 ( 1 ) 因为 函数 ∥ f ( · ) ∥ : [ a , b ] → L0+ 也 是 连续 的 , 所以 定理 2. 1 保证 积分 af ( t ) dt 和 ∫b ∥ f ( t ) ∥ dt 存在 , 则 由 Riemann 积分 的 定义 可知 性质 ( 1 ) 成立 .
a ( 2 ) 由 定理 2. 1 可知 函数 g: [ a , b ] → S 有 定义 .
令 η =∨t∈ [ a , b ] ∥ f ( t ) ∥ , 且 对 任意 的 n∈N , 令 Hn= [ n ?
1 η 对 任意 的 n , m∈N , 定义 映 则 { Gm , m ?
射 fnm: [ a , b ] → S 为 ?
?
fnm ( t ) =IGm·fn ( t ) , ?
t∈ [ a , b ] .
187 郭铁信 等 : 复 完备 随机 内 积 模 上 的 随机 酉 算子 群 的 Stone 表示 定理 2 ?
?
容易 看 出 fnm ( [ a , b ] ) ?
L ( S ) 且 fnm 在 [ a , b ] 上 按 ∥ · ∥ 2 是 可 导 的 .
而且 ∥ · ∥ 2 ?
此 由 经典 的 Newton - Leibniz 公式 可知 对 任意 的 n , m∈N , ∫b ?
