石 小 猛 微 呷 了 一 小 口  点点 头 表示 许可  服务生 这 才 给 石小猛 和 沈 冰 把酒 倒 上 
石 小 猛 煞有介事 的 晃动 着 杯子 里 的 红 酒 
沈 冰 好奇 地  你 这 是 做 什么 
石 小 猛 压低 声音  老实 说  我 也 不 知道 这么 做 有 什么 意义  不过 我 看 人家 有 钱 人 喝 红 酒 都 兴 这样 ------ 也许 只有 这样  服务员 们 才 会 知道 你 是 有 钱 有 品位 的 人  才 会 对 你 更 尊重 
其实 你 说 我们 人 活 着 为 了 什么 
说 白 了  就是 为了 得到 更 多 人 的 尊重 
 沈 冰 有些 勉强 地 笑 了 笑  是 吗 
也许 吧 ----- 石小猛 看 着 沈冰  怎么 了 
你 好像 不 太 高兴 
沈 冰 掩饰 地  没有  我 只是 不 太 习惯 这种 地方  不 太 习惯 现在 的 你 ------ 石小猛  你 放心  在 你 沈 冰面 前  石小猛 永远 都 是 那个 爱 你 的 石小猛  永远 都 不 会 变 
沈冰 感动 地 看 着 小 猛 
沈冰 突然 发现 小 猛 的 外套 袖口 已经 磨 得 很 旧 了 

四十五  特 护 病房  内  夜 程胜恩 仍 在 昏睡 着 
旁边 的 守护 床 上  疯子 和 衣 睡 着  林夏 坐 在 床 边  把 头 靠 在 他 身上 也 睡 着 了 
一个 医生 走 进来  检查 着 程胜恩 的 状况 
疯子 和 林夏 都 惊醒 了 
疯子  医生  他 什么 时候 能 醒 
医生   每个 人 体质 不同  时间 也 不同  过 了 今晚 应该 差不多 了  醒来 以后 可以 让 他 进 一些 流食  不要 太 油腻 的 
你们 小 俩 口 最 好 轮换 着 照顾  不然 时间 一 长 你们 就 熬 不 住 了 ---- 医生 走 出 
林夏 笑   他 说 我们 是 什么 
 疯子 装傻   啊 

看 你 这 黑 眼圈  都 不用 化 烟 熏 妆 了 
林夏 笑笑   怕 什么  正 流行 呢  颜色 越 深 才 越 潮 啊 
疯子  你 今晚 又 不 去 酒吧 唱歌 了 
林夏  拜托 你 仁慈 一点 好 不好 
天 天 去 酒吧 卖唱  让 我 趁 这 机会 喘 口 气 儿 行 不 
四十六  酒吧  内  夜 邵 华阳 坐 在 酒吧 的 老 位置 上 
舞台 上  另 一个 女 歌手 在 唱 着 哀怨 的 流行歌曲 
邵 华阳 对 一个 服务 生动 了 动 手 指 
服务生 快步 过来  先生 有 什么 需要 
邵 华阳  怎么 以前 的 那个 女 歌手 连 着 两 天 都 没 来 了 
服务生  哦  她 有 点儿 事  请假 了  这 一 段 时间 可能 都 不 会 来 了 
邵 华阳 失落 的 表情 
四十七  李蒙露 家  内  夜 李 蒙 露 穿着 浴衣  擦 着 湿漉漉 的 头发  从 浴室 中 走 出来 
李蒙露 突然 愣住 了 
ANDY 正 在 沙发 上 翻 弄 着 她 的 LV 手提袋 
李蒙露 冲 上去 一 把 抢 回 自己 的 包 
李蒙露 不 满 地  你 一个 大 老 爷们 儿 怎么 还 翻 女人 的 东西 呀 
ANDY 扬 了 扬 手中 打开 的 女式 钱包  从 中 取出 一 张 李蒙露 与 吴 狄 的 合影  你 这么 紧张 是 因为 它 吧 
李 蒙 露 软 了 下来  腻 在 ANDY 怀里  亲爱 的  别 生气 嘛  吴 狄 不过 是 我 的 过去 式 了  你 才 是 我 的 现在 进行 时 --- ANDY  你 不 是 说 早 就 把 以前 的 照片 都 撕 了 吗 
李蒙露  别的 都 撕 了  就 只 剩 了 这么 一 张 ----- 哎  你 别 那么 小气 嘛 
李蒙露 一边 撒 着 娇  一边 试图 去 抢 回 照片  却 被 ANDY 闪 过  没 能 成功 
ANDY  你 把 我 ANDY 当 什么 了 
信用卡 
想 刷 就 刷  想 透支 就 透支 
你 最 好 记住  我 给 你 的 信用 额度 能 有 多少 完全 取决于 你 对 我 的 忠诚 程度 
ANDY 做 势 欲 撕 照片 
李蒙露 急 了  哎  别 撕 ----- ANDY 笑 着 把 照片 扔 在 她 身上  我 不 会 那么 没 风度 的  要 撕 也 该 是 你 自己 亲手 撕 
李蒙露 拾 起 照片  犹豫 着 没有 作 声 
ANDY 冷 冷 哼 了 一 声 
（ 本 集 完 ） 沈冰心 痛 地  小 猛  别 再 说 这种 怨天尤人 的 话 了  我 不 想 听 
你 知 不 知道  你 现在 这个 样子 让 我 感觉 很 陌生 
那个 勤奋 踏实  坚持 原则 的 小 猛 到 哪里 去 了 
石 小 猛 转脸 看 着 她  眼神 悲凉  你 也 开始 嫌弃 我 了 
沈冰 急 了  小 猛 
你 明 知道 我 不 是 这个 意思 
我 只是 不 想 看 你 活 得 这么 累 
买不起 房子 咱们 就 租 房子  工作 没 了 咱们 就 再 找 一 份 工作 ----- 一阵 手机 铃声 响 起  打断 了 沈冰 的 话 
石小猛 看 了 一 眼 手机 屏幕  想 都 没 想 就 挂 了 
十  学校 操场  外  夜 疯子 坐 在 地上  缓缓 放下 靠 在 耳边 的 手机  神情 沮丧 
十一  小 猛 出租 屋 楼顶 天 台  外  夜 沈 冰 看 着 小 猛  是 疯子 吧 
他 一直 在 找 你 ----- 你 还 是 给 他 回 一个 吧 
小 猛 坚决 地  我 再 也 没 他 这个 朋友 
沈 冰 柔 声 劝解  不 就是 一 单 广告 吗  这么 多年 的 朋友 了  不至于 就 老死不相往来 了 吧 
小 猛 摇摇 头  有些 事 你 不 明白 ------ 我 从来 没有 这么 恶心 过 一个 人  从来 没有 
沈冰  看来  不仅仅 是 广告 的 事 了 ------ 你们 的 矛盾 由来已久 了 吧 
有 他 这样 一个 有 钱 人家 的 少爷 做 朋友  你 的 压力 才 会 这么 大 吧 
小猛 沉默 了  长长 吁 出 一 口 气 
沈冰 握 着 石小猛 的 手   小 猛  我 不 知道 你们 之间 究竟 发生 了 什么  但 我们 不 要 被 他 影响  好 吗 
