李 蒙 露 赤 着 脚  神色 憔悴  神情 木然  一 步 一 步 地 走 着 
二十七  学校 操场  外  夜 （ 闪 回 ） 学生 妆 扮 的 李蒙露 和 吴 狄 手 牵 着 手 在 操场 跑道 上 悠闲 地 散 着 步 
吴 狄  露露  别的 男人 晚上 可以 请 自己 的 女朋友 去 看 电影  泡 酒吧  K 歌 ----- 我 却 只能 牵 着 你 的 手 在 这里 散步  你 不 会 嫌 我 没出息 吧 
李 蒙 露 摇摇 头  我 相信 你 将来 会 有 出息 的 ----- 吴 狄  就 快 毕业 了  我 不 知道 我 的 未来 会 怎样  我 没 法 给 你 什么 物质 上 的 保证  我 只能 承诺  不管 未来 怎样  只要 你 愿意  我 都 会 一辈子 这样 牵 着 你 的 手  永远 不 放开 ----- 李蒙露 感动 地 看 着 吴 狄  满 脸 的 幸福 
（ 闪 回 完 ） 二十八  学校 操场  外  夜 李 蒙 露 一步步 地 走 着  脸上 带 着 笑  眼泪 却 无声 地 顺着 面颊 滑落 
吴 狄 OS  露露 
吴 狄 大步 跑 了 过来  一 把 抱 住 了 李蒙露 
吴 狄 喘 着 气  不 放心 地 推开 李蒙露  紧张 地 上下 左右 打量 着 她  露露  你 没事儿 吧 
吓 死 我 了 
李 蒙 露 怔 怔 地 看 着 他  突然 一 把 抱 住 他  哭 了 起来 
吴 狄 紧紧 地 搂 着 她  象 哄 孩子 一样 轻 拍 着 她 的 背  哭 吧  哭 吧 ----- 没事儿 了  没事儿 了 
石小猛 和 沈 冰 远远地 追 了 过来  远远地 看 着 这 一 幕  停 下 了 脚步 
沈冰松 了 一 口 气  太 好 了 
总算 找到 人 了 
石小猛  以前  他们 俩 是 我们 最 看好 的 一 对  可惜 ------ 虚幻 的 爱情 终究 禁不住 现实 的 考验 ----- 石 小 猛 叹息 了 一 声  心情 沉重 起来  脸色 变 得 阴郁 
沈冰  别 感叹 了  人家 生病  你 跟 着 吃 什么 药 啊 
再说  人家 这 不 是 合 好 了 吗 
石小猛 笑 了 笑  好 吧  但愿 他们 的 爱情 就此 复活 了 吧 
二十九  李蒙露 家 楼下  内  夜 吴 狄 的 QQ 车 驶来 停下 
吴 狄 扶 着 李蒙露 下 了 车 
李 蒙 露 虚弱 地 靠 在 吴 狄 肩上  赤 着 脚  一 瘸 一 扭 地 走 着 
吴 狄 心疼 地 半 蹲 下 身  来  我 背 你 吧 
李 蒙 露 趴 在 了 吴 狄 宽厚 的 背 上 
三十  楼道  内  夜 吴 狄 背 着 李蒙露 上 着 楼梯  累 得 直 喘气 
李 蒙 露 把头 埋 在 吴 狄 颈 窝 中  泪水 一滴滴 淌 落 在 吴 狄 肩头 
三十一  李蒙露 家  内  夜 吴 狄 推开 门  一 只 手 打开 了 灯  背 着 李 蒙 露 进来  小心翼翼 地 把 她 放 在 沙发 上 
李 蒙 露 虚弱 地 软 倒 在 沙发 上 
吴 狄 叉 着 腰 喘 着 气 
ANDY （ OS ）  你 回来 啦 
死 哪儿 去 了 
ANDY 穿着 睡衣  趿 着 拖鞋 从 卧室 中 走 了 出来  一 看 吴 狄 也 在  愣住 了 
ANDY  哟  行 啊  李蒙露 
我 说 你 的 电话 怎么 打 不 通 呢  我 还 以为 你 一时 神经 短路 直接 跳 后 海里 了  没 想到 你 居然 是 和 你 的 旧 情人 幽会 去 了  这会儿 干脆 还 带 回 家 来 了 ----- 李 蒙 露 悲愤 地 支撑 起 身子  你 还 有 脸 说 
你 不 是 去 莎莉 家 了 吗 
ANDY  废话 
你 都 跑 去 会 旧情 人 了  吉米 还 肯 让 我 碰 莎莉 
李 蒙 露 气 得 一 指 还 没 关上 的 大门  滚  滚 出 去 
ANDY  你 搞 错 没有 
居然 叫 我 滚 
ANDY 转脸 对 吴 狄  吴 狄 先生  谢谢 你 送 我 女朋友 回来  你 可以 走 了 
吴 狄 逼视 着 ANDY  你 今天 真 拿 露露 和 你 那 帮 狐朋狗友 玩儿 交换 游戏 
ANDY  这 是 我们 小 俩 口 的 事  不 劳 您 费心  您 请 吧 
吴 狄 冲 上去  一 拳 打 在 ANDY 脸上  畜 牲 
ANDY 摸 了 摸 脸上 的 鼻血  大 怒  和 吴 狄 扭打 成 一 团 
李 蒙 露 焦急 地 站 起 身 来  不知所措  住手  别 打 了 ----- 吴 狄 不 是 ANDY 的 对手  很快 就 被 ANDY 压倒 在 地板 上 痛 殴 
李蒙露 扑 上去 欲 拉开 ANDY  ANDY 用力 一 推  李蒙露 被 推 倒 在 地 
李蒙露 急 了  猛 地 冲 进 了 厨房  很快 又 拿 着 一 把 菜刀 冲 了 出来  一 刀 狠狠 地 砍 在 一旁 的 凳子 上 
李蒙露  住手 
ANDY 一 惊  停 住 了 手 
李 蒙 露 用力 拔 出 陷 在 凳子 上 的 菜刀  疯狂 地 对 着 ANDY 挥舞 着  嘶叫  滚  滚 出 去 
ANDY 悻悻 地 放开 了 压 在 身 下 的 吴 狄  好  我 走 
你 今晚 已经 疯 了  我 才 不 想 和 你 这个 危险 的 疯 女人 呆 在 一起 呢 
ANDY 站 起 身 来  往 卧室 走 去 
李蒙露 把握 刀 的 手 一 横  拦住 了 他 的 去 路  我 叫 你 滚 
ANDY  我 去 拿 我 的 外套 
你 总 不至于 让 我 穿 着 睡衣 和 拖鞋 走 吧 
李蒙露  滚 
现在 
立刻 
马 上 
ANDY 被 李 蒙 露 眼神 中 一触即发 的 气势 吓 住  慢慢 往 门口 退 去  好  李蒙露  咱们 走着瞧 
ANDY 愤愤 地 出 了 门 
李 蒙 露 猛地 冲 上去  用力 关上 了 门 
地上 的 吴 狄 鼻青脸肿  挣扎 着 坐 起 身 来 
李 蒙 露 丢掉 手中 的 菜刀  扑 跪 在 吴 狄 身边  抱 着 他 失声 痛哭 
三十二  歌 城外  外  夜 伍 媚 和 韩总 等 人 站 在 路边  对 坐 在 奥迪车 上 的 赵 处长 挥 着 手 道别 
