伍 媚 掩饰 地  不 兴奋 不 喜悦 我 能 半夜三更 地 把 你 吵 起来 
来  为 我 今天 又 成功 地 拿下 了 对手 干 一 杯 
俩 人 举杯 
四十三  天 成 公司 副 总经理 办公室  内  日 梁君正 坐 在 沙发 上  把 一 杯 水 递给 对面 的 卢蔓佳 
梁君正  小卢  喝 杯 水 吧 
卢蔓佳 接 过 水  谢谢 
梁君 正 温和 地  干 得 好好 的  为什么 突然 要 辞职 
卢蔓佳  我 ----- 想 换 一个 工作 环境 ----- 梁君正  难道 天 成 的 工作 环境 不好 吗 
小卢  当初 是 我 把 你 招 进 天 成 的  我 一直 很 看好 你  也 很 倚重 你  你 突然 说 想 辞职  这 让 我 很 不 理解  我 在 想  是 不 是 我 有 什么 地方 没有 关照 到 你  让 你 受 了 委屈 
卢蔓佳  不 不  梁总  您 对 我 一直 都 很 关照  我 非常 感激 ------ 我 这 次 想 辞职  和 您 没有 任何 关系  完全 是 我 自己 的 原因 ----- 梁君正  什么 原因 
卢蔓佳 犹豫 着  沉默 了 
梁君正  小卢  你 有 什么 苦衷 都 说 出来 吧  也许 我 能 帮 帮 你 
我 和 你 爸 也 算是 老相识 了  在 我 心里  我 可 是 一直 把 你 当 自己 的 亲 侄 女儿 在 看 啊 ----- 卢蔓佳 的 眼圈 儿 红 了  缓缓 摇头  不  你 帮 不 了 我  谁 都 帮 不 了 我 ------ 梁君正  其实 你 不 说 我 也 大概 能 猜 到  是 不 是 因为 ------ 程锋 
卢蔓佳 依然 沉默  一行 眼泪 却 不 争气 地 流 了 下来 
梁君正 起身  体贴 地 从 纸巾 盒 中 抽出 一 张 纸巾 递 了 过去  哭 吧 ----- 你 的 委屈 梁 叔叔 都 明白  少年 公子 负 恩 多 啊 ------ 四十四  病房  内  日 疯子 走进 病房  发现 林夏正 边 削 苹果 边 给 程胜恩 讲 着 什么 
程胜恩 本来 笑 的 很 开心  看见 疯子 又 把 笑容 给 憋 了 回去 
程胜恩  你 怎么 没 去 公司 
疯子  我 来 看看 你  没什么 事儿 的 话 就 马 上 去 公司 
程胜恩  有 什么 事 别 擅自 拿 主意  要 多 和 其他 几 位 董事 商量 
他们 既 是 我 的 合伙人  也 是 你 的 长辈 ---- 疯子 有些 不耐烦 地  知道 了 
林夏   叔叔 你 放心 吧  其实 程锋 他 特别 聪明  只要 用 点心  一定 能 把 公司 打 理 好 的 
 程胜恩叹 了 口 气   就 怕 他 的 心 没 用 在 正道 上 啊 

 气氛 有点 尴尬 
林夏   

疯子  你 给 我 表演 的 那个 魔术 叔叔 看 过 没 
 疯子 转身 欲 走  我 该 去 公司 了 

林 夏 拉 住 他  急 什么 
来 都 来 了  陪 你 爸 坐 一会儿 吧 
叔叔  疯子 会 一个 钱币 魔术 可 神 了 
快 快快 

林夏 拿 出 了 硬币 和 一个 水 杯 
疯子 迫于 无奈  只能 表演 一 次 
程胜恩 开始 有 点 不屑  可 看 了 一 次 后  像 个 孩子 似的 在 疯子 手里 找 答案 

林夏 看 着 关系 缓和 下来 的 父子 俩  松 了 一 口 气 
四十五  医院 门诊 大厅  内  日 药房 窗口 递 出 一 塑料袋 药 口  李蒙露 伸手 接 过 
李蒙露 提 着 药 袋 走 到 坐 在 一旁 等候 的 吴 狄 身边  不 放心 地  要 不再 在 观察 室 多 观察 一 天 
吴 狄  不 用 了  一点儿 小 伤  回 家 养 两 天 就 好 了 
俩 人 向 门外 走 去 
四十六  李蒙露 家 楼下 / 吴 狄 车上  外 / 内  日 吴 狄 的 QQ 车 驶来 楼下 停下 
李蒙露  上去 坐 会儿 
吴 狄 摇摇 头 
李 蒙 露 垂 下 了 头  没有 说话  也 没有 要 下 车 的 意思 
吴 狄 也 没有 说话  看 着 前方 的 挡风 玻璃 
俩 人 沉默 着 
李蒙露 终于 鼓足 勇气 打破 沉默  吴 狄 ----- 吴 狄  嗯 ----- 李蒙露  还 记得 5 年 前 的 情人节 吗 
吴 狄 点点头 
李蒙露  那天  我 收到 了 五 个 男 同学 送 的 花  其中 四 个 都 送 的 是 精心 包装 过 的 玫瑰  只 有 你 手里 拿 的 是 一 束 野花 
我 同 寝室 的 女生 都 嘲笑 你  你 很 不好意思  脸 都 红 到 了 脖子 根  可 你 看 着 我 的 眼神 却 特 坦然 
你 说  你 没有 钱 给 我 买 玫瑰  只能 一大早 跑 了 十几 公里 去 郊外 给 我 采 了 一 束 野花 ------- 这些 你 都 还 记得 吗 
吴 狄 点点头  后来 的 四 个 情人节  我 送 你 的 都 仍然 是 亲手 为 你 采 的 野花  你 每次 都 会 把 它们 插 在 你 的 花瓶 里  直到 最后 一 朵 枯萎 ----- 但 今年 的 情人节  你 的 花瓶 里 插 的 不再 是 我 送 的 野花  而是 一 束 昂贵 的 兰 色 妖 姬  我 就 知道  你 不 再 爱 我 了 ----- 李蒙露  我 不 是 不 爱 你 了  我 只是 ------ 唉  我 不 知道 还 能 说 什么 
吴 狄  我们 重新 开始 好 不好 
三 天 以后  如果 你 还 愿意 和 我 重新 开始  你 就 再 送 我 一 束 野花 吧 
这 三 天 我 哪里 也 不 去  我 会 一直 在 家 等 着 你 
李蒙露 说 完  推开 车门 下 了 车 
吴 狄 神情 复杂 地 目送 李蒙露 的 身影 消失 在 楼道 口 
四十七  幼儿园  外  日 沈冰 在 带 着 一 群 孩子 做 老鹰 抓 小 鸡 的 游戏 
楼 上 的 园长 办公室 外 的 走廊 上  园长 和 梁君 正在 说 着 什么 
梁君正 看 着 楼下 和 孩子 们 打成一片 的 沈冰  脸上 露出 深思 的 神情 
四十八  特 护 病房  内  日 梁君 正在 程 胜 恩 病床 前 坐下  老程  你 今天 的 气色 好多 了 ----- 程胜恩  这 几 天 公司 的 情况 怎么样 
