
 林夏 把 李梦露 拉 到 邵 华阳 邻近 的 一 张 桌子 坐下 
林夏   你 怎么 来 了 
 李梦露   想 找 个 人 说 说话  没 打扰 你 吧 

 林夏   是 不 是 那个 亚 健康 又 欺负 你 了 
 李蒙璐   欺负 
他 已经 失踪 快 一个 星期 了 
 林夏   怎么 男人 都 一个 德行 


那 你 不 是 更 好  自由 了 
 李梦露   可 我 真 的 特别 寂寞  夏夏  其实 我 的 朋友 不 多  你 不 会 为 吴 狄 的 事儿 不理 我 了 吧 
 林夏 笑 着 摇头  怎么 会 呢 
我 虽然 和 吴 狄 是 生死 之 交  但 也 和 你 姐妹 兼 同事 这么 久 了  其实 每个 人 都 有 选择 自己 生活 方式 的 权利 不 是 吗 
要 说 我 这个 小 编辑 除了 自己 的 情感 问题 一塌糊涂  别人 的 事情 我 还是 看 得 很 清楚 的  我 不 会 怪 你 

呵呵 

喝 什么 我 请 你 
 邵 华阳 在 一旁 含笑 看 着 林夏  眼神 中 充满 欣赏 
二十一  吴 狄 公司  内  日 吴 狄 走 进 公司  微微 一 怔 
（ 主观 视角 ） 办公室 中 一 片 忙碌  有 工人 正在 用 一个 瑞士 原装 的 全自动 咖啡 机 换 下 了 原来 的 自动 速溶 咖啡 机  有 工人 正 抬 着 加湿器  空气 净化器 走 进 销售 主管 的 办公室  还有 几 个 工人 抬 着 一个 健身 器材 往 办公室 走 去 
大伙儿 都 在 各自 整理 着 自己 的 桌子 
吴 狄 悄悄 问 同事  苗苗  什么 情况 
 苗苗   快 点 收拾 收拾  新 来 的 副 总 马上 到 了 
 吴 狄   不 是 下 周一 吗 
 苗苗   据说 是 个 穿 Prada 的 女 魔头  工作狂 人  等 不 到 下 周一 了 
 吴 狄   健身 器材 公司 也 给 报销 吗 
 八  医院 疗养 区  外  日程 胜 恩 歉疚 地 看 着 疯子  可惜 那天 晚上 我 还是 没 能 回家 吃 饭 ---- 你 妈 就 在 那天 晚上 -- 我 真 没 想到  你 妈 的 抑郁症 会 那么 严重 ----- 疯子 低 着 头  沉默 着 
程 胜 恩 伤感 地  从 那 以后  你 就 再 也 没 叫 过 我 一 声 爸爸 ----- 九  胡氏 公司  内  日 石 小 猛 焦虑 地 看 着 手中 的 手机 
阿东 走 了 进来  小 猛  一起 去 喝 杯 咖啡 
石小猛  算 了  我 还有 事儿 
阿东  走 吧  我 已经 向 公司 提出 辞职 了  以后 不知 咱们 还 能 不能 再 见面 
石小猛 意外 地  为什么 
十  医院 疗养 区  外  日程 胜 恩 和 疯子 相对 沉默 着 
程胜恩  程锋  我 一直 想 和 你 好好 谈谈 ----- 可 你 总是 一 幅 拒 我 于 千 里 之外 的 样子 -- 疯子  过去 的 事 已经 过去 了  再 说 什么 都 没有 用 了 ---- 程胜恩  可是 我们 还 活 着  我们 的 生活 还 在 继续 
程锋  我 承认  在 我 年轻 的 时候  我 做 过 很多 荒唐 的 事  我 对不起 你  对不起 你 妈 
可是 你 也 是 男人  你 现在 也 正 年轻  你 也 做 过 了 很多 荒唐 的 事  你 觉得 你 自己 是 一个 十 恶 不 赦 的 人 吗 
疯子 沉默 了 一会儿 
疯子  那 不 一样  我 伤害 的 只 是 外 人  你 伤害 的 是 你 的 妻子 和 孩子 
你 毁 的 是 一个 家 
而 我  如果 我 真的 爱上 了 一个 女人  和 她 成 了 家  我 就 永远 都 不 会 伤害 她  伤害 这个 家 
程胜恩  我 知道  我 犯 下 的 罪过 不可 饶恕  所以 我 已经 决定 用 我 的 后 半辈子 来 赎罪 ---- 疯子  怎么 赎罪 
程胜恩  用 我 后 半辈子 的 孤独  后 半辈子 的 悔恨 
你 该 知道  在 你 母亲 死 后  我 就 再 也 没有 过 别的 女人 
疯子  那 也 是 我 还 肯 姓 程  还 肯 留 在 你 身边 的 原因 
程胜恩  可是 你 却 不 肯 再 叫 我 一 声 —— 爸爸 
疯子 又 沉默 了 
程胜恩  你 知道 我 为什么 不 在 你 母亲 的 墓碑 上 刻字 吗 
疯子 摇 头 
程胜恩  那 是 留给 你 来 刻 的 
等 我 死 了  和 你 母亲 合葬 之后  由 你 来 把 我们 的 名字 刻 在 一起 
疯子 动容  神情 复杂 地 凝视 着 自己 的 父亲 
程胜恩  你 说 得 对  一个 男人  不管 年轻 的 时候 如何 荒唐  如何 年少 轻狂  一旦 真 爱上 了 一个 女人  成 了 家  就 该 一心一意 地 爱护 她  爱护 这个 家 
所以  就算 你 今天 不 求 我  我 也 准备 告诉 你  我 已经 决定 把 广告 给 胡 氏 广告 公司 了 ----- 疯子 意外 地  为什么 
程胜恩  因为 我 要 帮 你 得 到 你 真 爱 的 女人  重新 给 你 一个 家 
十一  咖啡馆  内  日阿东 笑 看 着 石小猛  小 猛  其实 咱们 俩 平时 的 关系 一直 都 不 咋 的  可 这 临走 了  你 却 是 我 惟一 想 坐 下来 一 起 喝 杯 咖啡 聊聊 天 儿 的 人 
石小猛 笑 了 笑  是 吗 
那 真是 太 荣幸 了 
你 怎么 突然 辞职 了 
胡哥 不 是 最 器重 你 吗 
阿东 笑 了 笑  器重 
那 不过 是 因为 我 对 他 有 用 罢了 
而 现在 他 已经 找到 了 比 我 更 有 用 的 人 了 
石小猛  谁 
阿东  你 
石小猛  我 
我 哪 比 得 上 你 啊 
你 去年 一 年 的 业绩 比 我 过去 三 年 的 总和 还 多 
阿东  那 又 怎么样 
最终 坐 上 销售 部 经理 这个 位置 的 是 你 石小猛 不 是 我 范小东 
谁 叫 我 没有 程锋 这样 有 钱 有 势 的 太子 爷 做 哥们儿 呢 
石小猛 正在 搅 咖啡 的 手 猛地 顿 了 顿  随后 又 若无其事 地 继续 搅动  那 没 办法 
