石 小 猛 鼓 起 勇气  程总  我 知道 我 找 程锋 要 广告 不 合适 ------- 我 不 会 对不起 朋友 的  您 要 真 把 广告 给 了 我  我 保证 不 会 让 您 蒙受 任何 损失 的 ----- 程胜恩  广告 我 可以 给 你  给 谁 不 是 给 呢 
又 何必 弄 得 我们 父子 反目 
如果 合作 愉快  以后 天 成 公司 每年 的 广告 我 都 可以 交 给 你 来 做 
石小猛 并 没有 表露 出 过 多 的 惊喜  谨慎 地 笑 了 笑  谢谢 ---- 程胜恩  我 查 过 你 的 相关 资料 了  你 以前 经手 的 几 个 案子 都 做 得 很 漂亮  你 是 一个 有 真才实学 的 年轻人  你 只 是 缺乏 机遇 ----- 你 只要 能 抓住 机遇  前途无量 
石小猛  多谢 程 总 的 赏识 
不知 您 是否 愿意 给 我 这个 机遇 呢 
程 胜 恩 意味深长 地 直视 着 他  机遇 不 是 靠 别人 给 的  而 得 靠 自己 去 争取 ---- 石 小 猛 尽量 掩饰 着 自己 的 紧张 和 不安  对 应 上 程 胜 恩 看似 平和 实则 咄咄逼人 的 目光  那 您 觉得 我 该 怎么 去 争取 呢 
程胜恩  我 是 一个 商人  我 在 投 出 每 一 笔 钱 之前  都 要 清楚 地 知道 它 的 利润 点 在 什么 地方  我 把 广告 投 给 你  你 能 为 我 带来 什么样 的 收益 
石小猛  我 会 尽 我 所 能 做 好 天 成 的 年度 广告 策划  让 您 的 广告费 每 一分 都 花 得 物 超 所 值 ------ 石小猛 从 随身 带 的 公文包 中 取出 一 份 文件  这里 是 我 为 天 成 做 的 策划 方案  您 要 不 要 先 看 看 
程胜恩 没有 伸手 接 文件  不用 看 了  我 相信 你 能 做 得 到  你 的 才华 其实 并 不 比 那些 4A 公司 的 首席 策划 师 差 ------- 但 我 看重 的 不 是 这个 
这 也 不 能 成为 我 舍弃 别人 而 选择 你 石小猛 的 理由 
因为 就算 你 能 做到 八九十分  别人 只不过 能 做到 六七十分  这 一二十分 的 差别 我 根本 就 不 会 放在 心上 
何况  你 也 未 见 得 就 能 比 别人 做 得 更 好 
石 小 猛 尴尬 地 把 文件 放 回 公文包 中  那 您 的 意思 是 ----- 程胜恩  效益 不 仅仅 只是 指 钱 
对 我 来说  钱 已经 只 是 一个 数字 上 的 概念  多 赚 一点 还是 少 赚 一点  都 不 是 我 要 放在 首 位 来 考虑 的 事 ----- 石小猛  程总 ------ 您 有 什么 话 就 直说 了 吧 
程胜恩  好 
我 就 程锋 这么 一个 儿子  他 的 心愿 我 总 得 尽力 去 帮 他 达成 ------ 你 知道 吗  他 今天 求 我 把 广告 交 给 你 ----- 自从 他 妈妈 死 后 这么 多 年 了  他 还 从来 没有 求 过 我  这 一 次 他 却 为 你 破 了 例 
石小猛 笑 了 笑  恐怕 不 是 为了 我 而是 为了 我 女朋友 沈 冰 吧 
二十一  病房 外  内  日 疯子 向 病房 走 来  走 到 门 边 却 又 犹豫 地 停下 了 脚步 
疯子 矛盾 了 许久  最终 没有 推 门 而 进  又 转身 离开 
二十二  病房  内  日程 胜 恩 摇头  不  他 是 为了 你 
如果 沈冰 是 别人 的 女 朋友  他 早就 想 办法 去 竞争 去 抢 了  可是 你 却 是 他 最 好 的 朋友 ------ 他 真 的 很 矛盾  很 痛苦 
石 小 猛 神情 复杂 地 笑 了 笑  他 不好意思 出面 来 抢  所以 就 让 你 这个 富豪 爸爸 代 他 出手 了 
程胜恩  这 不 是 抢  是 交易 
石小猛  太 可笑 了 
在 你们 有 钱 人 的 眼里  感情 居然 也 成 了 可以 交易 的 商品 
程胜恩  这 世上 没有 什么 不 可以 交易 
我们 一辈子 其实 都 在 不 停 地 做 交易 
做 各种各样 的 交易 
小 猛  人生在世  就是 交易 二 字 
就 算是 友情  爱情  婚姻  听 起来 很 美  说穿 了 其 本质 也 不过 都 是 一 种 交易 
除了 血缘 之 亲 由 天 注定  人 与 人 之间 的 任何 关系 其实 都 是 各种 利益 相互 需要 相互 平衡 相互 制约 的 产物 
石小猛  你 说 的 话 真 冷酷 
程胜恩  现实 本来 就 是 冷酷 的 
不过 交易 的 原则 是 公平  我 所 理解 的 公平 就是 你 情 我 愿 
所以  我 现在 只是 想 给 你 一个 机遇  至于 要 不 要 抓住 这个 机遇  主动权 还 在 你 手上 
石 小 猛 冷笑 着 猛地 站 起 身 来  我 早 知道 疯子 把 广告 给 我 就 没 安好 心 
我 大 不 了 辞职 不 做 了  带 着 沈冰 回 西昌 老家 去 
程胜恩  年轻人  不要 冲动 
性格 决定 命运  一个 冲动 莽撞 的 男人 走 到 哪里 都 不 会 有 大 出息 的 
来  坐下  别 让 我 小看 了 你 
石小猛 紧 绷 着 脸  冷 冷 地 坐 了 回去  你 说 什么 都 没有 用  我 不 会 那么 无耻 地 出卖 自己 的 爱情 的 
程胜恩  廉耻 不廉 价  不 是 每个 人 都 有 资格 有 能力 讲 什么 廉耻 的 
小 猛  女人 只是 男人 的 面子  金钱 才 是 男人 的 脊梁 
没有 了 女人 的 男人 还是 男人  可是 没有 了 金钱 的 男人  就 只 是 被 抽 了 脊梁 的 软体动物 
一辈子 都 直 不 起 腰 抬 不 起 头 
石 小 猛 冷 冷 地 喷 了 一下 鼻子  没有 说话 
程胜恩  你 和 程锋 都 是 学 文科 的 吧 
你 应该 知道  几千 年 来 的 中国 知识分子 有 一个 最 大 的 毛病  那 就是 虚伪 
拼命 压抑 着 自己 对 金钱 的 渴望 来 维护 那 一点 可怜 的 自尊 
可是 现在 时代 不同 了  充分 释放 自己 对 金钱 的 渴求 不再 是 一 件 羞耻 的 事 
再 那么 碍 口 饰 羞 只 会 让 人 觉得 矫 情 和 可笑 
石小猛  我 是 很 爱 钱  我 渴望 成功  渴望 机遇  可是 我 不 能 牺牲 自己 的 爱情 
