吴 狄 咬咬 牙  也 捏 着 鼻子 把 一 杯 生 蛋清 喝 下 了 肚 
十三  包 房  外  夜 包间 里  五 个 人 已经 坐 在 餐桌 边 等 着 了 
汤铭  韩 总 正 分别 坐 在 赵 处长 和 欧阳 行长 身旁  韩总 的 身旁 坐 着 助理 袁东 
大家 都 注视 着 刚刚 推 门 而 进 的 吴 狄 和 伍 媚 
伍 媚 笑 了  看来 我们 迟到 了 
真是 不好意思  抱歉 抱歉 
等 一下 我 自 罚 三 杯 向 各位 赔罪 
赵 处长 起身 介绍  这 位 就 是 我们 的 欧阳 行长  这 位 就 是 我 和 您 说 过 的 均 雷 公司 的 伍 媚 伍 女士  这 位 是 伍 女士 的 助手 吴 狄 先生 ---- 伍 媚 落落大方 地 欧阳 行长 握手 
吴 狄 也 笑 着 和 行长 握手 
伍 媚 嫣然一笑   欧阳 行长 久 闻 您 大名 了  您 就 叫 我 小 伍 吧 

 欧阳 行长 微微 一 笑  好 
赵 处长 又 介绍 袁东 给 小 伍  这 位 就是 欧阳 行长 的 助理 袁东 先生 

 伍 媚 带 着 吴 狄 和 袁东 握手  您好  袁 先生  我们 通过 几 次 电话 了 

 袁东也 笑笑   是 啊  今天 才 算是 见 着 了 

 赵 处长 对 站 在 一旁 的 一 位 服务员 说   可以 上 菜 了 

 另 一个 服务员 开 了 一 瓶 五粮液  把 酒 倒入 一个 精致 的 小 酒壶 中 
小伍 起身 拿 起 酒壶  先 给 自己 倒 了 杯 酒   今天 我们 迟到 了  和 领导 第一 次 吃饭 就 迟到 实在 是 太 不 应该 了  我 先 自 罚 三 杯 吧 
 伍 媚 走 到 欧阳 行长 面前  把 他 的 杯 中 酒 也 倒 满 
赵 处长  没 事  我们 也 刚 到  小伍 你 不必 这么 客气 嘛 
行长 正 襟 危 坐  不动声色 地  就 是 就 是  这 可是 高度 白酒 啊 ---- 伍 媚 露出 小孩子 一样 任性 的 表情  那 可 不行 
我 虽然 身为 女人  但 也 不 能 耍 特权 受 照顾 嘛 
吴 狄 担心 地 站 了 起来  这 三 杯 罚 酒 我 来 喝 吧 ---- 伍 媚 嗔怪 地 看 了 他 一 眼  语气 坚定  不容置疑  不  这 三 杯 罚 酒 我 一定 要 亲自 喝 
这样 才 能 表达 我 对 欧阳 行长 最 诚挚 的 歉意 
伍 媚 一 手 执 壶  一 手 执 杯  接连 倒 了 三 杯 酒 都 是 仰头 一 饮 而 尽  脸上 神采奕奕  显得 格外 势不可挡 
行长 眼中 闪 过 一 丝 欣赏 之 意  不由自主 站 起来  抢 过 伍 媚 手里 的 酒杯  哈哈  早 就 听 老赵 说 小 伍 才貌 双 全 女 中 豪杰  今天 见面 更 甚 闻名 啊 

不过 空腹 喝酒 不能 太 急  伤 身 
来 来  先 吃 点 菜 
坐 在 行长 左手 边 的 赵 处长 站 了 起来  小伍  你 坐 这里  陪 欧阳 行长 好好 聊聊 吧 
伍 媚 感激 地 看 了 赵 处长 一 眼  和 赵 处长 换 了 位子  坐 到 了 欧阳 行长 身旁 
这时  韩 总和 袁 东 交流 了 一个 眼神  被 伍 媚 捕捉 到 了 
伍 媚 不动声色 地 笑 了 笑  吴 狄  你 也 迟到 了 
你 的 三 杯 罚 酒 也 得 喝 
行长  小伍  我 看 就 免 了 吧  小吴 看上去 文质彬彬 的  一 看 就 是 不 太 能 喝 的 ----- 伍 媚  能 不 能 喝 是 酒量 问题  可 喝 不 喝 就 是 酒 品 问题 了 
陪 领导 吃饭 这么 重要 的 事 都 迟到 了  就 得 认 罚 
吴狄端 起 酒杯  伍总 说 得 是 
欧阳 行长  这 三 杯 罚 酒 我 先 领 了 
吴 狄 也 一连 倒 了 三 杯 酒 一 饮 而 尽 
行长  真是 强将 手下 无 弱 兵 啊 
服务员 上 着 菜 
行长   嗯 
都 到 齐 了 
今天 我 代表 我们 银行  回 请 你们 双方  一来  是 感谢 你们 对 我们 银行 的 信任 和 支持  二 来 呢  是 为了 联络 联络 大伙 之间 的 感情 
不管 最后 是 谁 拿 到 了 我们 银行 这个 案子  我们 都 一样 还是 好 朋友  将来 合作 的 机会 还是 很 多 的 
今天 我们 只 谈 生活 不 谈 工作 
只 交流 感情 不 交流 业务 
韩总 微笑 着  对 对 对 
友谊 第一 生意 第二  呵呵 
伍 媚 笑吟吟 地 举杯 望 着 韩 总  韩总  这 可是 你 说 的  那 万一 将来 欧阳 行长 选 了 我们 均 雷 公司  你 可 不 许 生 我 的 气 啊 
韩总  哈哈  伍总 真 会 说 笑 
伍 媚  好  就 为了 咱们 的 友谊  咱们 俩 单独 干 一 杯 吧 
来  我 先 干 为 敬 
伍 媚 不由 分 说 一 仰头 又 喝 下 了 一 杯 酒 
行长 翘 起 了 大拇指  小伍 真 乃 女 中 豪杰 酒 中 仙 
吴 狄  我们 伍 总 其实 酒量 不怎么 样 的  就是 酒 胆 儿 大  酒 品 好 
行长  酒 品 如 人 品 呀 
众人 的 注意力 都 被 伍 媚 吸引 了 过去  被 冷落 的 韩总 只得 被动 地 端 着 杯子 饮 下 
韩 总 给 汤铭 递 了 一个 眼色 
汤铭 站 起 身 来 端 着 酒 走 到 欧阳 行长 身边  欧阳 行长  这 次 能 有 机会 和 贵 行 接触  合作  真 是 本 公司 的 荣幸 
来  我 敬 你 一 杯  我 也 先 干 为 敬 
汤铭 用 杯子 轻轻 碰 了 碰 行长 面前 的 杯子  把 酒 一 饮 而 尽 
欧阳 行长 笑 了 笑  端 起 酒杯 来 慢慢 饮 下 
袁 东 招呼 着 大家  来 来 来  大家 吃 菜 吃 菜 ---- 十四  酒吧  内  夜 肥 四 在 疯狂 地 击打 着 架子 鼓 
林夏 匆匆 推 门 走 了 进来  走 到 肥 四 身旁  胖子  你 真 辞职 啦 
