在/p“/wyz十二五/m”/wyy时期/n顺利/ad开局/vi、/wn全面/ad建设/v小康/n社会/n进入/v关键/a时期/n的/ude1重要/a时刻/n，/wd中央/n扶贫/vn开发/vn工作/vn会议/n在/p京/b召开/v，/wd全面/ad部署/v《/wkz中国/ns农村/n扶贫/vn开发/vn纲要/n（/wkz2011—2020年/m）/wky》/wky，/wd确定/v了/ule我国/n今后/t十年/m的/ude1扶贫/vn开发/vn工作/vn，/wd动员/v全党/n全/a社会/n力量/n，/wd坚决/ad打/v好/a新/a一/m轮/qv扶贫/vn开发/vn攻坚战/n。/wj
认真/ad学习/v贯彻/v会议/n精神/n，/wd落实/v《/wkz纲要/n》/wky提出/v的/ude1各项/r任务/n，/wd对于/p维护/v群众/n根本/a利益/n、/wn巩固/v党/n的/ude1执政/vn基础/n、/wn确保/v国家/n长治久安/nl，/wd实现/v社会主义/n现代化/vn建设/vn宏伟/a目标/n，/wd具有/v十分/m深远/a的/ude1意义/n。/wj
消除/v贫困/a、/wn改善/v民生/n、/wn实现/v共同/d富裕/a，/wd是/vshi社会主义/n制度/n的/ude1本质/n要求/n。/wj
改革/v开放/v以来/f，/wd我国/n大力/d推进/vi扶贫/vn开发/vn，/wd特别/d是/vshi伴随/v着/uzhe《/wkz国家/n八七/m扶贫/vn攻坚/vn计划/n》/wky、/wn《/wkz中国/ns农村/n扶贫/vn开发/vn纲要/n（/wkz2001—2010年/m）/wky》/wky的/ude1顺利/ad实施/v，/wd扶贫/vn事业/n取得/v巨大/a成就/n。/wj
到/v2010年/m底/f，/wd我国/n贫困/a人口/n从/p改革/v开放/v之/uzhi初/ng的/ude12./m5亿/m减少/v到/v2688/m万/m。/wj
贫困/a地区/n基础设施/n明显改善/n，/wd社会/n事业/n不断/d进步/vi，/wd最低/a生活/vn保障/vn制度/n全面/ad建立/v，/wd农村/n居民/n生存/vn和/cc温饱/n问题/n基本/ad解决/v，/wd成功/ad走/v出/vf了/ule一/m条/q中国/ns特色/n扶贫/vn开发/vn道路/n。/wj
这些/rz辉煌/a成就/n，/wd为/p促进/v我国/n经济/n发展/vn、/wn政治/n稳定/an、/wn民族/n团结/an、/wn边疆/s巩固/v、/wn社会/n和谐/ad发挥/v了/ule重要/a作用/n，/wd使/v我国/n提前/vd实现/v联合国/nt千年/m发展/vn目标/n中/f贫困/a人口/n减半/vi目标/n，/wd有力/ad促进/v了/ule全球/n减/v贫/ag事业/n的/ude1发展/vn。/wj
实践/v表明/v，/wd衡量/v一个/mq国家/n经济/n社会/n的/ude1发展/vn，/wd不仅/c要/v看/v其/rz最高/a水平/n和/cc平均/a水平/n，/wd也/d要/v看/v其/rz最低/a水平/n——/wp贫困/a人口/n的/ude1生活/vn状况/n怎样/ryv，/wd贫困/a地区/n的/ude1发展/vn程度/n如何/ryv。/wj
从/p人类/n发展/vn和/cc世界/n范围/n来/vf看/v，/wd扶贫/vn是/vshi一/m项/q永恒/z使命/n。/wj
就/p我国/n而言/uls，/wd扶贫/vn开发/vn同样/d是/vshi长期/b而/cc重大/a的/ude1任务/n。/wj
一方面/c，/wd我国/n仍/d处于/v并/cc将/d长期/d处于/v社会主义/n初级/b阶段/n，/wd经济/n社会/n发展/vn总体/n水平/n不/d高/a，/wd制约/v贫困/a地区/n发展/vn的/ude1深/a层次/n矛盾/an依然/d存在/v，/wd特别/d是/vshi集中/ad连片/v特殊/a困难/an地区/n扶贫/vn攻坚/vn任务/n仍/d十分/m艰巨/a。/wj
另一方面/c，/wd随着/p国民经济/n保持/v平稳/ad较/d快/a发展/vn，/wd综合国力/n明显增强/n，/wd为/p扶贫/vn开发/vn创造/v了/ule有利/a环境/n和/cc条件/n。/wj
这/rzv正是/v我国/n扶贫/vn开发/vn工作/vn的/ude1全新/b历史/n方位/n——/wp从/p以/p解决/v温饱/n为/p主要/b任务/n的/ude1阶段/n转入/v巩固/v温饱/n成果/n、/wn加快/v脱贫致富/bl、/wn改善/v生态/n环境/n、/wn提高/v发展/vn能力/n、/wn缩小/v发展/vn差距/n的/ude1新/a阶段/n。/wj
今后/t十年/m，/wd是/vshi全面/a建设/vn小康/n社会/n的/ude1关键/n时期/n，/wd也/d是/vshi扶贫/vi开发/v可以/v大有作为/vl的/ude1十年/m。/wj
已/d基本/ad解决/v生存/vn和/cc温饱/n问题/n的/ude1人口/n能否/v如期/d实现/v小康/n，/wd是/vshi建成/v惠及/v十几/m亿/m人/n小康/n社会/n伟大/a事业/n的/ude1关键/n所在/n，/wd也/d是/vshi新/a阶段/n扶贫/vn开发/vn的/ude1重要/a任务/n。/wj
作为/p未来/t十年/m我国/n扶贫/vn开发/vn的/ude1纲领性/n文件/n，/wd《/wkz中国/ns农村/n扶贫/vn开发/vn纲要/n（/wkz2011—2020年/m）/wky》/wky围绕/v全面/a小康/n的/ude1奋斗/vn目标/n，/wd科学/ad把握/v我国/n扶贫/vn开发/vn的/ude1“/wyz变/v”/wyy与/p“/wyz不/d变/v”/wyy，/wd更加/d注重/v转变/vn经济/n发展/vn方式/n，/wd更加/d注重/v增强/v扶贫/vn对象/n自我/rr发展/v能力/n，/wd更加/d注重/v基本/a公共服务/n均等/vn化/v，/wd更加/d注重/v解决/v制约/vn发展/vn的/ude1突出/a问题/n，/wd提出/v了/ule扶贫/vn开发新/n的/ude1总体/n目标/n：/wm“/wyz到/v2020年/m，/wd稳定/ad实现/v扶贫/vn对象/n不/d愁/v吃/v、/wn不/d愁/v穿/v，/wd保障/v其/rz义务/n教育/vn、/wn基本/a医疗/n和/cc住房/n。/wj
贫困/a地区/n农民/n人均/a纯收入/n增长/vn幅度/n高于/v全国/n平均/a水平/n，/wd基本/a公共服务/n主要/b领域/n指标/n接近/v全国/n平均/a水平/n，/wd扭转/v发展/vn差距/n扩大/v趋势/n。/wj
”/wyy明确/v了/ule新/a十年/m扶贫/vn开发/vn的/ude1重心/n所/usuo在/v：/wm“/wyz提高/v扶贫/vn标准/n，/wd加大/v投入/vn力度/n，/wd把/pba连片/v特困/b地区/n作为/p主战场/n，/wd把/pba稳定/an解决/v扶贫/vn对象/n温饱/n、/wn尽快/d实现/v脱贫致富/bl作为/v首要/b任务/n。/wj
”/wyy这些/rz新/a目标/n和/cc新/a任务/n，/wd符合/v新/a阶段/n扶贫/vn工作/vn的/ude1基本特征/n，/wd吹/v响/v了/ule新/a十年/m扶贫/vn开发/vn工作/vn的/ude1前进/vn号角/n。/wj
贫穷/an不/d是/vshi社会主义/n，/wd共同/d富裕/a才/d是/vshi社会主义/n。/wj
解决/v好/a贫困/a地区/n、/wn贫困/a人口/n的/ude1脱贫/vn与/cc发展/vn问题/n，/wd不仅/c关乎/v全面/ad建设/v小康/n社会/n宏伟/a目标/n的/ude1实现/vn，/wd也/d关系/v到/v中国/ns特色/n社会主义/n优越性/n的/ude1体现/vn。/wj
让/v我们/rr以/p更/d大/a的/ude1决心/n、/wn更/d强/a的/ude1力度/n、/wn更/d有效/a的/ude1举措/n，/wd扎扎实实/z做好/v扶贫/vn开发/vn各项/r工作/vn，/wd坚决/ad打/v好/a新/a一/m轮/qv扶贫/vn开发/vn攻坚战/n，/wd努力/ad推动/v贫困/a地区/n经济/n社会/n更/d好/a更/d快/a发展/vn，/wd确保/v到/v2020年/m全国/n实现/v全面/ad建设/v小康/n社会/n的/ude1目标/n。/wj
进一步/d深化/v改革/vn开放/vn。/wj
继续/v推进/vi财税/n、/wn金融/n、/wn价格/n等/udeng重点/n领域/n的/ude1改革/vn，/wd加快/v落实/v促进/v非公有制/b经济/n健康/ad发展/v的/ude1政策/n措施/n，/wd进一步/d减少/v和/cc规范/v行政/n审批/vn。/wj
扎实/ad做/v好/a对外/vn经济/n工作/vn，/wd保持/v外贸/n政策/n的/ude1连续性/n和/cc稳定性/n，/wd保持/v出口/vn平稳/ad增长/v，/wd积极/ad扩大/v进口/vn，/wd促进/v贸易/vn平/an，/wd扩大/v境外/s投资/vn合作/vn。/wj
大力/d保障/v和/cc改善/v民生/n。/wj
针对/p当前/t民生/n领域/n人民/n群众/n反映/v的/ude1突出/a问题/n，/wd加大/v财政/n投入/vn力度/n，/wd积极/a而/cc为/v，/wd量力而行/vl，/wd扎实/ad推进/vi就业/vi、/wn教育/vn、/wn医疗/n卫生/an、/wn社会/n保障/vn、/wn保障/v性/ng住房/n等/udeng民生/n工作/vn，/wd推进/vi基本/a公共服务/n均等/vn化/v。/wj
把/pba促进/v社会/n公平/ad放在/v更加/d突出/a的/ude1位置/n，/wd加强/v和/cc创新/vn社会/n管理/vn，/wd突出/ad抓好/v维护/v社会/n稳定/an、/wn保障/v公共/b安全/an等/udeng工作/vn。/wj
明年/t是/vshi我国/n发展/vn历程/n中/f具有/v特殊/a重要/a意义/n的/ude1一年/m，/wd做好/v明年/t经济/n工作/vn，/wd必须/d加强/v和/cc改进/v党/n对/p经济/n工作/vn的/ude1领导/n，/wd着力/vd提高/v推动/v科学/n发展/vn、/wn维护/v社会/n和谐/an稳定/an能力/n和/cc水平/n。/wj
