更/d多/a关注/vn群众/n利益/n诉/vg求/v，/wd以此/d作为/v检视/n政府/n行为/n的/ude1参照/vn、/wn搭/v建/v对话/vn平台/n的/ude1契机/n，/wdPX/x困/vi局/n可以/v成为/v形成/v共识/n的/ude1一/m次/qv社会/n启蒙/vn连日来/dl，/wd从/p及时/ad召开/v新闻/n发布会/n，/wd邀请/v业/ng内/f专家/n向/p公众/n阐释/vPX/x项目/n的/ude1环境/n风险/n；/wf到/v悉心/d组织/v民主/a恳谈会/n，/wd邀请/v40/m名/q群众/n参与/v平等/a对话/vn和/cc理性/n协商/vn，/wd昆明市/ns政府/n以/p开门见山/vl的/ude1姿态/n，/wd用/p信息/n公开/vn、/wn坦诚/a对话/vn，/wd搭/v建/v起/vf政府/n、/wn企业/n、/wn公众/n三/m方/q理性/n解决/vPX/x问题/n的/ude1平台/n，/wdPX/x风波/n峰回路转/vl。/wj
相比/vi于/p一些/mq地方/n项目/n上马/vi时/ng的/ude1三缄其口/vl，/wd昆明/ns对/p化工/n项目/n的/ude1及时/ad公开/v和/cc认真/ad沟通/v值得/v称道/v。/wj
正是/v这种/r真诚/a的/ude1态度/n，/wd一定/b程度/n上/f化解/v了/ule公众/n的/ude1情绪/n，/wd为/p政府/n赢得/v了/ule信任/vn，/wd也/d让/vPX/x走/v出/vf了/ule妖魔/n化/v、/wn污/ag名/ng化/v的/ude1困境/n。/wj
这/rzv启示/vn政府部门/n，/wd在/p信息/n时代/n，/wd结论/n性/k的/ude1“/wyz自/p证/n清白/an”/wyy、/wn封闭式/n的/ude1“/wyz欲/d说/v还/d休/v”/wyy，/wd很/d难/a取信于民/nl，/wd反而/d可能/v在/p信息/n不/d对称/a情况/n下/f导致/v信任/vn缺失/n、/wn矛盾/an激化/v。/wj
事实上/bl，/wd“/wyz信任/v”/wyy的确/d是/vshi此次/rzPX/x风波/n的/ude1关键/n词/n。/wj
心理学/n研究/v表明/v，/wd隔/v着/uzhe一/m层/qv“/wyz无/v知/v之/uzhi幕/n”/wyy，/wd出于/v自我/rr保护/v的/ude1本能/n，/wd人们/n总/d是/vshi倾向/n于/p相信/v坏/a消息/n。/wj
虽然/cPX/x属于/v低毒/b类/n化学物质/n已/d是/vshi世界/n常识/n，/wd其/rz生产/vn、/wn运输/vn、/wn贮存/v的/ude1技术/n也/d相当/d成熟/a；/wf虽然/c早/ad有/vyou美国/nsf休斯敦/nPX/x工厂/n距/p城区/n仅/d1./m2/n公里/q、/wn日本/nsf横滨/nsPX/x工厂/n与/cc居民区/n只/d一/m路/n之/uzhi隔/ng诸多/m实例/n，/wd但/c对于/p我国/n大多数/m公众/n来说/uls，/wdPX/x还/d是/vshi一个/mq陌生/a概念/n。/wj
缺乏/v对/pPX/x相关/vn信息/n的/ude1充分/ad了解/v，/wd缺乏/v对/p企业/n和/cc地方/n环保/n承诺/vn的/ude1信任/vn，/wd公众/n猝然/d接触/vPX/x，/wd心理/n上/f容易/ad对/pPX/x项目/n“/wyz有/vyou罪/n推/v定/v”/wyy，/wd甚至/d视/vg之/uzhi为/p洪水/n猛/x兽/ng，/wd也/d就/d难免/v催生/vi恐慌/an心理/n、/wn负面/b想象/vn，/wd甚至/d出现/v各种/rz“/wyz风波/n”/wyy。/wj
昆明市/ns政府/n化解/v“/wyz风波/n”/wyy的/ude1具体/a举措/n，/wd也/d正是/v从/p“/wyz建立/v信任/v”/wyy着手/v。/wj
经过/p第三/m方/q参与/v的/ude1新闻/n发布会/n、/wn群众/n参与/v的/ude1民主/a恳谈会/n等/udeng多种/m渠道/n和/cc方式/n，/wd让/v舆论/n场/qv中/f少/v了/ule一些/mq习惯性/n的/ude1怀疑/vn情绪/n，/wd多/v了/ule一些/mq理性/n平和/a的/ude1建设/vn心态/n。/wj
这/rzv也/d说明/v，/wd老百姓/n并非/v就是/v“/wyz老/a不/d信/v”/wyy，/wd政府部门/n应该/v正确/ad看待/v围绕/vPX/x的/ude1各种/rz交流/vn甚至/d交锋/vi，/wd不/d能/v把/pba公众/n严/a苛/x的/ude1质疑/vn视为/v“/wyz对手/n”/wyy。/wj
更/d多/a关注/vn群众/n利益/n诉/vg求/v，/wd以此/d作为/v检视/n政府/n行为/n的/ude1参照/vn、/wn搭/v建/v对话/vn平台/n的/ude1契机/n，/wdPX/x困/vi局/n可以/v成为/v形成/v共识/n的/ude1一/m次/qv社会/n启蒙/vn。/wj
近年来/dl，/wd环境/n问题/n屡屡/d成为/v群体/n性/ng事件/n的/ude1引爆/v点/qt，/wd我国/n正在/d进入/v一个/mq特殊/a的/ude1“/wyz环境/n敏感/a期/ng”/wyy。/wj
对/p政府部门/n而言/uls，/wd为/p避免/v公众/n由于/c不/d信任/v而/cc滋生/vn过激/vn行为/n，/wd关键/n是/vshi用/p公开/ad求得/v公/b信/n、/wn用/v对话/vi取代/v对立/vi、/wn用/v尊重/v民意/n避免/v漠视/v舆论/n，/wd项目/n上马/vi“/wyz疾/ag行/ng之/uzhi”/wyy莫如/v“/wyz徐图/nr之/uzhi”/wyy，/wd哪怕/c项目/n有利/a无害/vi，/wd即便/c群众/n存在/v误解/n，/wd也/d应该/v及时/a、/wn全面/a、/wn深入/a地/ude2向/p群众/n讲/v清楚/a，/wd避免/v因/p环境/n风险/n引发/v社会/n风险/n。/wj
“/wyz大多数/m群众/n说/v上/f就/d支持/v企业/n上/f，/wd大多数/m人民/n群众/n说/v不/d上/f，/wd这个/rz项目/n就/d不/d上/vf”/wyy，/wd昆明市/ns长/v李文荣/nr日前/t在/p民主/a恳谈会/n上/f如/v此/rzs表示/v。/wj
昆明/nsPX/x项目/n能否/v在/p政府/n与/cc民众/n互动/vn的/ude1良性/b轨道/n上/f妥善/ad解决/v，/wd并/cc为/v解决/v全国/n多/a地/n此/rzs类/q问题/n提供/v成功/a经验/n，/wd我们/rr寄予/v期望/vn。/wj
日前/t，/wd广州/ns餐饮/n环节/n食品/n及/cc相关/vn产品/n抽检/vn结果显示/n，/wd44./m44%/m的/ude1大米/n存在/v镉/ng含量/n超标/vi。/wj
这/rzv一/m消息/n，/wd令/v人/n寝食难安/vl。/wj
毕竟/d，/wd大米/n是/vshi主食/n，/wd对/p南方/s人/n而言/uls，/wd它/rr甚至/d无/v可/v替代/v。/wj
尽管/c有/vyou专家/n及时/ad回应/v说/v，/wd中国/ns大米/n镉/ng限量/n标准/n要/v严/ad于/p国际标准/n。/wj
此次/rz镉/ng超标/vi的/ude1大米/n，/wd超/v的/ude1是/vshi国内/s标准/n，/wd而/cc与/p国际标准/n大体/d相持/vi，/wd公众/n不必/d恐慌/an。/wj
但/c毕竟/d，/wd超标/vd就/d是/vshi超标/vi了/y！/wt
正/d因/p此/rzs，/wd有/vyou一/m种/q强烈/ad呼唤/v：/wm请/v明确/ad告诉/v我/rr，/wd我/rr的/ude1口粮/n中/f镉/ng污染/v状况/n！/wt
消费者/n有/vyou权/n知道/v，/wd自己/rr消费/v的/ude1食品/n，/wd安全/an程度/n究竟/d如何/ryv。/wj
这种/r“/wyz知情/vi”/wyy，/wd不仅/c在于/v，/wd食品/n安全/an监管部门/n必须/d将/d抽查/v情况/n及时/ad公开/v，/wd也/d包括/v，/wd应/v在/p商品/n包装/n上/f提供/v更/d详细/a的/ude1信息/n，/wd并且/c像/p药品/n说明书/n那样/rzv，/wd对/p相关/vn成分/n可能/v带来/v的/ude1毒副作用/n，/wd一一/m告知/v。/wj
“/wyz民以食为天/nl”/wyy的/ude1时代/n含义/n，/wd不仅/c是/vshi要/v能/v填/v饱/a肚子/n，/wd还/d要/v有利于/v健康/an。/wj
企业/n真实/a地/ude2告诉/v消费者/n其/rz所/usuo产/v大米/n的/ude1镉/n含量/n等/udeng，/wd是/vshi态度/n，/wd也/d是/vshi义务/n。/wj
食品/n工业/n是/vshi道德/n工业/n，/wd“/wyz食/ng”/wyy这个/rz字/n，/wd是/vshi由/p“/wyz人/n”/wyy和/cc“/wyz良/ag”/wyy组合/vn而/cc成/v的/ude1，/wd为/p人们/n提供/v良性/b的/ude1产品/n，/wd是/vshi企业/n的/ude1底线/n。/wj
由于/p“/wyz镉/n米/q”/wyy主要/d是/vshi由于/p土地/n重金属/n污染/vn所/usuo致/v，/wd从/p这个/rz角度看/n，/wd讲/v清楚/a“/wyz镉/n米/q”/wyy的/ude1前世/t今生/t，/wd比/p稀/a里/f糊/a涂/v的/ude1信任/vn，/wd或者/c简单/a盲目/a的/ude1怀疑/vn，/wd都/d更加/d理性/n。/wj
作为/p大米/n加工/vn企业/n，/wd如实/d坦然/a地/ude2告诉/v消费者/n所/usuo生产/v的/ude1大米/n中/f的/ude1镉/n含量/n，/wd虽然/c这/rzv可能/v是/vshi一个/mq“/wyz污/ag”/wyy点/qt，/wd但/c也/d说不定/vl成为/v新/a的/ude1卖/v点/qt。/wj
