十七 、 程锋 办公室 ， 内 ， 日程 锋 对 着 手机 ： 喂 ， 喂 ---- 程 锋 懊恼 地 放下 手机 ， 烦躁 地 把 面前 堆积如山 的 文件 推 到 了 一边 ， 瘫 倒 在 坐椅 上 。
卢蔓佳 突然 突 门 走 了 进来 ， 激动 地 ： 程锋 ， 你 不 能 这样 对 我 ， 我 现在 简直 无法 安心 工作 ！
程 锋 皱眉头 ： 私事 留 到 下班 以后 再 说 吧 ， 你 知道 现在 是 公司 的 特殊 时期 。
卢蔓佳 ： “ 就 给 我 一 分钟 给 我 一个 解释 。
我 马上 投入 工作 。
” 程锋 急 了 ： “ 你 怎么 就 这么 轴 呢 ？
公私 分明 你 懂 吗 ？
” 卢蔓佳 冷笑 ： “ 公私 分明 ？
不久 以前 ， 你 还 对 我 又 是 送 花 又 是 准备 盒饭 ， 甚至 动用 了 全 公司 的 人 加班 就 为 了 开 灯 关灯 的 给 我 一个 惊喜 ， 你 别 告诉 我 你 已经 忘 了 这些 。
” 程锋 ： “ 那个 时候 我 确实 对 你 有 好感 …
…
” 卢蔓佳 ： “ 有 好感 ？
你 到底 是 真 的 喜欢 过 我 ， 还 是 只 是 拿 我 做 一个 赌注 ？
玩 一 把 ？
” 程 锋 不耐烦 地 ： “ 你 今天 是 来 工作 的 还是 来 找 我 吵架 的 ？
” 卢蔓佳 ： 如果 你 认为 我 干扰 了 你 的 工作 ， 你 可以 开除 我 —— 只要 你 能 给 公司 上 下 一个 摆 得 上 台 面 的 理由 ！
程 锋 语塞 ， 顿 了 顿 ： 我 没有 想 要 玩 你 ， 我 当初 追 你 也 是 认真 的 ， 这 方面 我 一直 很 open ， 不 是 开放 ， 是 坦诚 。
我 不 愿意 撒谎 ， 也 不 愿意 拿 我 的 感情 去 玩 ， 高兴 就 在 一起 ， 不 高兴 就 各自 分开 ， 我 的 原则 一直 这样 。
” 卢蔓佳 ： “ 对 ， 你 有 你 的 原则 ， 你 的 坦诚 从来 没有 考虑 过 对 别人 的 伤害 ！
你 知道 这 件 事 一直 影响 着 我 ！
在 你 之前 ， 我 没有 和 别的 男人 谈 过 恋爱 ， 在 你 之后 ， 我 也 没有 ！
” 程锋 ： 那 是 你 的 事 ， 你 不 会 幼稚 到 要 我 对 你 的 一生 负责 吧 ？
卢蔓佳 红 着 眼 ， 尽量 压抑 着 心中 的 愤怒 ： 程锋 ！
这 就是 你 对 被 你 伤害 过 的 女人 的 态度 吗 ？
程锋 ： 我 现在 已经 很 烦 了 ， 拜托 你 不要 再 烦 我 了 好 不好 ？
实话 告诉 你 ， 我 已经 爱上 了 一个 女人 ， 是 爱 你 懂 吗 ？
不 是 喜欢 ！
那个 女人 让 我 觉得 自己 以前 在 情感 方面 根本 就 是 个 白痴 ， 一个 一无所知 的 白痴 ！
而 更 可笑 的 是 这个 白痴 曾经 却 拿 自己 当 天才 ！
直到 遇到 这个 女人 ， 白痴 才 明白 ， 自己 根本 不 是 天才 ， 只是 白痴 ！
” 卢蔓佳 咬 着 嘴唇 ： 我 嫉妒 那个 女人 ， 我 恨 你 …
…
程锋 ： 如果 你 没 什么 别的 事 就 请 出 去 吧 ， 我 现在 真 的 很 烦 ！
卢蔓佳 恨 恨 地 看 着 他 ： 程锋 ， 你 这样 对 我 ， 一定 会 后悔 的 ！
卢蔓佳 转身 离开 。
十八 、 程锋 办公室 门口 ， 内 ， 日 卢蔓佳 从 程锋 办公室 出来 ， 砰 地 带 上 了 门 ， 红 着 眼圈 儿 快步 离去 ， 险些 与 迎面而来 的 梁君正 撞 上 。
梁君正 注意 到 了 卢蔓佳 的 失态 ： 小卢 ， 你 怎么 了 ？
卢蔓佳 摇 了 摇 头 ， 一行 眼泪 夺眶而出 ， 低 着 头 快步 离去 。
梁君正 看 了 看 卢蔓佳 的 背影 ， 又 看 了 看 程锋 办公室 ， 脸上 露出 若有所思 的 神情 。
梁君正 想 了 想 ， 推开 了 程锋 办公室 的 门 。
十九 、 程锋 办公室 ， 内 ， 日程 锋 正 懊丧 地 瘫 倒 在 椅子 上 ， 看 着 梁君正 走 进来 ， 勉强 打 起 精神 坐 起 身 来 。
梁君正 ： 怎么样 ， 突然 接 过 这么 重 的 担子 ， 不 太 习惯 吧 ？
程 锋 苦笑 ： 是 啊 ， 头疼 死 了 ----- （ 指 了 指 桌上 如 山 的 公文 ） 老程 以前 每天 都 要 处理 这么 多 事 ？
梁君正 ： 是 啊 ， 老大 不 是 那么 好 当 的 ， 这些 年 来 你 爸 一个 人 确实 撑 得 辛苦 啊 ！
程锋 沉默 了 。
梁君正 ： 今天 董事会 上 的 事 ， 你 别 介意 ， 老洪 就 那 脾气 ， 仗 着 和 你 爸 一 起 同 过 窗 ， 一起 扛 过 枪 ， 又 是 公司 的 第二 大 股东 ， 平时 除了 你 爸 ， 他 谁 都 不 放 在 眼里 ！
程 锋 悻悻 地 ： 是 啊 ， 今天 的 董事会 简直 成 了 我 的 专场 批斗 会 ， 还 从来 没 人 给 我 这么 没脸 过 ！
（ 感激 地 ） 幸好 有 梁叔 你 帮 着 我 说 了 几 句 公道 话 ， 不然 我 真的 是 恨 无 地 缝 可 钻 了 ！
梁君正 拍 了 拍 他 的 肩 ： 在 我 心里 ， 你 就 跟 我 的 亲 侄子 一样 ， 我 不 向 着 你 向 着 谁 ？
（ 遗憾 地 叹 了 口 气 ） 只是 我 进 公司 的 时间 晚 ， 资历 比 老 洪 浅 多 了 ， 没 能 帮 上 你 的 忙 ------ 老洪 也 真是 的 ， 不 就 一个 年度 广告 合约 吗 ， 给 谁 不 是 给 ， 偏偏 要 在 这 事儿 上 为难 你 。
我 看 他 是 故意 的 ！
程 锋 苦笑 ： 我 好像 一直 都 不 招 他 待 见 ----- 梁君正 ： 没关系 ， 还有 梁叔 我 照应 你 呢 ！
你 放心 ， 我 会 去 做 其他 董事 的 工作 的 ----- 程锋 ： 恐怕 来不及 了 ----- 老 程 这会儿 说不定 已经 醒 了 ----- 他 是 不 会 同意 把 广告 给 胡氏 的 ！
梁君正 ： 嗨 ， 你 别 灰心 嘛 ， 事在人为 ！
你 爸 的 脾气 我 了解 ， 等 他 病情 稳定 了 ， 我 去 帮 你 劝 劝 他 ， 这 事儿 肯定 还 能 有 转机 的 ----- 程 锋 感激 地 看 着 笑 得 和蔼 的 梁君正 。
二十 、 出租车 上 ， 内 ， 日 吴 狄 很 焦急 的 乘 出租车 赶路 ， 不时 的 看 表 。
吴 狄 ： “ 师傅 ， 还 有 没 有 近 路 ？
” 司机 ： “ 走 的 就是 直线 ， 有 比 这 还 近 的 ？
” 吴 狄 只好 老老实实 的 呆 在 后 座 ， 看 着 窗外 拥堵 的 二环 ： “ 北京 这 以后 还 不 让 人 出门 了 ？
