伍 媚 不以为然 地 ： 商场 就 是 战场 ， 在 没有 分 出 最后 胜负 之前 ， 每个 战士 都会 负隅顽抗 ， 血战 到底 ！
吴 狄 打量 了 伍 媚 一眼 ： 真 看 不 出 你 还是 个 歌 霸 ？
伍 媚 故意 用 挑逗 的 眼神 看 着 他 ： 我 的 本事 你 不 知道 的 还 多 着呢 ！
你 要 不 要 试试 ？
吴狄红 了 脸 ， 慌张 地 转 过 脸 去 ， 专注 地 开 着 车 。
伍 媚 一阵 得意 地 笑 ： 最 喜欢 看 你 这种 表情 了 ， 真是 太 有趣 了 ！
十三 、 酒吧 外 停车场 / 吉 米 车上 ， 外 / 内 ， 夜 ANDY 扶 着 大 醉 的 李蒙露 ， 与 吉米 等 人 一同 走 出 了 酒吧 。
李 蒙 露 闭 着眼 ， 无力 地 靠 在 ANDY 身上 。
ANDY 和 吉米 交换 了 一个 眼色 ， 两 人 合力 把 李 蒙 露 扶 到 了 吉米 车 前 ， 吉 米 拉开 副 驾 门 ， ANDY 把 李 蒙 露 放在 了 副 驾 位 上 ， 并 上 了 车门 。
吉 米 从 兜里 掏 出 一 把 钥匙 交给 ANDY ： 快 去 吧 ， 莎莉 在 等 着 你 呢 ！
ANDY 点点 头 ， 揣 好 钥匙 向 自己 的 车 走 去 。
吉 米 转身 上 了 车 ， 发动 了 车 。
引擎 的 轰鸣声 惊醒 了 李蒙露 。
李 蒙 露 迷迷糊糊 地 睁 开 了 眼 ， 茫然 地 看 着 身旁 的 吉 米 。
吉 米 笑 了 笑 ， 凑 过 嘴 去 在 她 唇 上 吻 了 一下 ： 露露 ， 你 真 美 ！
李蒙露 一 惊 ， 猛 地 坐 直 了 身子 ： 你 是 谁 ？
吉 米 ： 这么 快 就 忘 了 我 了 ？
刚刚 我们 不 是 还 在 一起 玩儿 骰子 吗 ？
李蒙露 清醒 了 一些 ： 你 ， 你 是 吉 米 ？
ANDY 呢 ？
吉 米 指 了 指 窗外 ： 在 那儿 呢 ！
李 蒙 露 顺着 他 手 指 的 方向 望 去 。
（ 主观 视角 ） 隔 着 窗子 ， 正好 看到 ANDY 已 发动 了 车 ， 正 打 着 转弯 灯 离去 。
李蒙露 急 了 ， 一 把 拉开 车门 ， 摇摇晃晃 地 追 了 上去 ： ANDY ， 等等 我 ----- ANDY 的 车 渐渐 远 去 。
李 蒙 露 跌倒 在 地 。
吉 米 上 来 扶 起 了 她 。
李蒙露 急切 地 ： 快 ， 快 帮 我 追 呀 ----- 吉米 ： 别 追 了 ， 他 是 去 找 我 女朋友 莎莉 ， 咱们 就 别 去 煞风景 了 ----- 李蒙露 愣 了 一下 ， 意识 到 了 什么 ， 难以置信 地 ： 你 ， 你 是 说 ----- 你们 ------- 吉 米 半 开玩笑 半 认真 地 ： 兄弟 如 手足 ， 女人 如 衣服 ， ANDY 没有 告诉 过 你 ， 我们 这 帮 哥们儿 会 偶尔 换换 衣服 穿 ？
李蒙露 惊 呆 了 ， 喃喃 地 ： 不 ， 不 可能 ----- 李 蒙 露 推开 吉 米 ， 颤 着手 慌乱 地 打 着 手机 。
手机 中 传来 接通 的 长 音 ， 却 一直 无 人 接 听 。
吉 米 ： 别 打 了 ， 他 不 会 接 的 ！
咱们 也 找 个 地方 HAPPY 去 吧 ！
李蒙露 的 眼泪 夺眶而出 ， 转身 踉踉跄跄 地 往 前 走 。
吉 米 冲 上去 抱 住 了 她 ： 别 跑 呀 ， 甜 心 ， 你 今晚 是 我 的 了 ！
李 蒙 露 挣扎 着 ， 疯狂 地 踢 打 着 ： 放手 ， 混蛋 ！
吉 米 ： 你 装 什么 纯情 啊 ？
你 跟 着 ANDY 不 就是 为了 钱 吗 ？
钱 我 也 有 啊 ， 要 多少 你 说 ， ANDY 给 得 起 的 我 也 给 得 起 ！
李 蒙 露 努力 挣 脱身 ， 一 扬 手 狠狠 给 了 吉米 一 耳光 。
吉 米 大 怒 ， 也 毫不客气 地 还 了 她 一 耳光 ， 把 她 打倒 在 地 。
吉 米 冷 冷 地 指 着 她 ： 要 出来 傍 男人 ， 就 别 他 妈 假 正经 ！
什么 玩意 儿 ！
吉 米 忿 忿 地 转身 上 了 车 ， 跑车 发出 一 声 轰鸣 扬长而去 。
李蒙露 伏 在 地上 ， 失声 痛哭 。
十四 、 特 护 病房 ， 内 ， 夜 程 胜 恩 半 躺 在 床 上 ， 伤感 地 出神 。
林夏 ： 程 叔叔 ， 时候 不 早 了 ， 我 帮 你 把 床 摇 下 来 ， 睡 了 吧 ！
程 胜 恩 摇摇 头 ： 我 睡 不 着 。
林夏 ： 您 别 再 为 程 锋 伤心 了 ， 其实 ----- 他 心里 还是 很 爱 你 这个 爸爸 的 ----- 程 胜 恩 苦笑 ： 他 至少 有 十六 年 没有 叫 过 我 一 声 爸爸 了 ----- 林夏 ： 您 先 别 想 那么 多 了 ， 等 养 好 了 病 ， 再 和 他 好好 谈谈 吧 ----- 程胜恩 ： 唉 ， 幸亏 我 这 次 没 死 下去 ， 要是 我 就 那么 眼睛 一 闭 醒 不 来 了 ， 他 这 后 半辈子 靠 谁 呢 ？
林夏 看 着 一 脸 忧虑 的 程胜恩 ， 不知 该 说 些 什么 。
林夏 的 手机 响 了 。
林夏 看 了 一 眼 ， 起身 走 出 了 病房 。
十五 、 病房 外 走廊 ， 内 ， 夜 林 夏 在 走廊 角落 里 接着 手机 。
林 夏 焦急 地 ： 哎呀 ， 你 别 只顾 着 哭 呀 ----- 究竟 出 什么 事 了 ， 你 快 说 呀 ！
十六 、 后 海 ， 外 ， 夜 李 蒙 露 泪流满面 、 状 若 疯 颠 地 走 在 后 海边 上 ， 对 着 手机 泣不成声 ： 林夏 ， 我 真 后悔 没有 听 你 的 话 ！
ANDY 他 不 是 人 ， 不 是 人 ！
林 夏 焦急 的 OS ： 究竟 出 什么 事 了 ？
你 现在 在 哪里 ----- 李蒙露 ： 是 我 背叛 了 吴 狄 ， 我 再 也 没 脸 见 他 了 ， 你 帮 我 向 他 说 声 对不起 ！
你 帮 我 告诉 他 ， 如果 有 来 生 ， 我 一定 会 陪 他 白 头 到 老 ！
李蒙露 一 扬 手把手 机 扔 进 了 湖 里 ， 放声 痛哭 。
十七 、 病房 外 走廊 ， 内 ， 夜 林 夏 焦急 地 ： 喂 喂 ， 喂 喂 ------ 林 夏 拨 打 着 手机 。
手机 提示 音 ： 对不起 ， 你 所 拨 打 的 用户 无法 接通 ----- 十八 、 后 海 ， 外 ， 夜 路人 纷纷 侧 目 ， 神情 各异 。
李蒙露 却 对 周围 的 一切 置 如 惘 顾 ， 只是 疯狂 地 踉踉跄跄 地 前行 着 。
