…
你 把 你 的 客人 啦 、 朋友 啦 、 朋友 的 朋友 啦 带来 ， 反正 在 哪里 happy 都 是 happy 啦 ， 他们 要 是 喜欢 我们 这里 的 酒 和 公关 美女 呢 ， 你 就 有 提成 啦 …
…
” 二十七 、 大街 ， 外 ， 日 石 小 猛 沿着 人行道 慢慢 走 着 ， 神情 疲倦 而 失落 。
石小猛 从 一个 报 亭 路过 ， 略 一 停 步 。
卖 报 的 大妈 看 了 石小猛 一 眼 ， 很 有 经验 的 递 过来 一 张 求职 报纸 ： “ 找 工作 ， 看 这个 啦 ！
一 块 钱 一 份 。
” 石 小 猛 苦笑 着 掏 了 一 块 钱 出来 ， 拿 过 报纸 。
二十八 、 大街 ， 外 ， 日 石小猛 用 报纸 垫 着 坐 在 路边 一 处 台阶 上 ， 心事重重 地 啃 着 一个 面包 。
石 小 猛 身旁 不远处 是 一家 金店 ， 不时 有 打扮 入时 的 美女 挽 着 各式 有钱 男人 的 胳膊 进进出出 。
一 辆 和 疯子 的 车 一模一样 的 宝马 X5 驶 来 停 在 了 路边 。
正 在 啃 面包 的 石小猛 一下子 噎住 了 。
一个 女 孩子 从 金店 中 走 出 ， 向 奔驰 车 走 去 ， 那 背影 极 像 沈冰 。
石小猛 变 了 脸色 ， 扔掉 啃 了 一半 的 面包 ， 快步 冲 了 过去 ， 一 把 拉 住 女孩 的 胳膊 ： “ 沈冰 ！
” 女孩 回头 ， 不 是 沈冰 。
石 小 猛 慌忙 松开 手 ， 尴尬 地 ： 对不起 ， 我 认错 人 了 ！
女孩 厌恶 地 ： 神经病 ！
女孩 上 了 车 ， 宝马 车 往 前 驶去 。
石 小 猛 失 魂 落 魄 地 站 在 原地 。
二十九 、 天 成 公司 市场 部 ， 内 ， 日 疯子 推开 门 ， 来到 任 经理 办公桌 前 ： 任 经理 ！
任 经理 赶紧 起身 ： 哟 ， 是 小程 总 啊 ， 今天 怎么 有空 到 市场 部 来 转转 …
…
疯子 ： “ 公司 明年 的 广告 最后 给 谁 家 了 ？
” 任 经理 ： “ 定 了 长城 了 。
就 等 程 总 签字 了 。
” 疯子 ： “ 改 胡氏 公司 。
” 任 经理 吃 了 一 惊 ： “ 胡氏 公司 ？
不 会 吧 ， 这家 公司 第一 轮 就 被 淘汰 了 。
是 程总 的 意思 ？
还是 ---- 四十三 、 酒吧 外 ， 外 ， 夜 沈 冰 ： 为什么 ？
出 什么 事 了 ？
四十四 、 毛 坏 房 ， 内 ， 夜 小 猛 忍 住 泪 ： 我 不 爱 你 了 。
我们 分手 吧 ！
四十五 、 酒吧 ， 外 ， 夜 沈 冰 愣住 了 ， 许久 没有 说话 。
四十六 、 毛 坏 房 ， 内 ， 夜 石 小 猛 ： 真 的 ， 我 不 爱 你 了 ， 分手 吧 ！
石 小 猛 猛地 挂 掉 电话 ， 痛苦 地 把 头 深深 的 埋 在 双 腿 之间 哭 了 起来 。
四十七 、 酒吧 外 ， 外 ， 夜 沈 冰 手 握 电话 听 着 对方 挂 线 后 的 忙音 ， 如 雕塑 般 立 在 那里 。
林夏 和 肥 四 不 放心 地 跟 了 出来 。
林夏 ： 怎么 了 ？
小 猛 他 和 你 说 什么 了 ？
沈冰 像 是 梦游 一般 ， 喃喃 地 ： 他 说 ----- 他 不 爱 我 了 ， 他 要 和 我 分手 ！
林夏 惊 呆 了 。
肥 四 神情 复杂 地 ： 我 操 ！
沈冰 你 别 急 ， 小 猛 他 准 是 一时 糊涂 了 ， 我 找 他 去 ！
肥 四 掏 出 手机 走 到 一边 打电话 。
林夏 安慰 着 沈冰 ： 你 和 小 猛 感情 那么 好 的 ， 怎么 可能 说 分手 就 分手 ？
他 准 是 一时 冲动 说 的 气 话 ----- 沈 冰 缓缓 摇头 ： 不 ， 他 说 的 不 是 气话 ！
他 不 是 一个 冲动 的 人 ------ 他 能 对 我 说 出 这 句 话 ， 一定 是 深思熟虑 之后 才 做 的 决定 ---- 林夏 ： 可是 ----- 这 没 道理 呀 ？
他 怎么 可能 突然 就 不 爱 你 了 ？
沈冰 沉默 。
肥 四 在 一边 冲 着 手机 大 喊 ： 石小猛 ， 你 在 哪儿 ？
你 说话 呀 ？
你 有 种 就 说话 呀 ---- 喂 喂 ！
肥 四 气愤 地 重 拨 着 手机 。
林夏 走 过去 ： 怎么样 ？
肥 四 听 着 手机 ： 他 关机 了 ----- 这个 混蛋 ！
肥 四 突然 冲动 地 招手 拦 下 了 一 辆 出租车 。
林夏 ： 喂 ， 你 去 哪儿 ？
你 要 去 找 小 猛 也 得 先 知道 地方 啊 ---- 肥 四 匆匆 地 上 了 车 ： 我 不 是 去 找 小 猛 ， 我 是 去 找 疯子 ---- 林夏 ： 疯子 ？
这 关 疯子 什么 事 啊 ？
死 胖子 ， 这 究竟 是 怎么 回 事 呀 ？
肥 四： 你 别 问 那么 多 了 ----- 今天 所有 的 人 都 他妈的 疯 了 ！
出租车 驶 开 了 。
林夏 不 甘心 地 追 了 两 步 ： 喂 ， 死 胖子 ---- 出租车 已 绝 尘 而 去 。
四十八 、 病房 ， 内 ， 夜 程胜恩 躺 在 病床 上 ， 大 睁 着 眼睛 ， 辗转 难 眠 。
门 突然 被 推开 了 ， 肥 四 喘 着 气 冲 了 进来 。
肥 四 打量 着 病房 ： 程锋 呢 ？
程胜恩 坐 起 身 来 ： 我 也 在 找 他 ， 可 他 一直 不 接 手机 ----- 肥 四： 我 也 打 了 ， 他 也 没 接 --- 程胜恩 ： 张四明 ， 今天 上午 的 事儿 ----- 肥 四 神情 复杂 地 凝视 着 他 ： 你 赢 了 ！
吴 狄 和 李 蒙 露 完 了 ！
石小猛 和 沈冰 也 完 了 ！
程胜恩 一 愣 ： 这么 快 ？
那 程锋 ---- 肥 四： 程 总 ， 你 真 厉害 ！
什么 都 在 你 的 算计 之中 ！
可是 你 别 以为 你 这 就是 在 为 程锋 好 ！
程锋 他 也 完了 ， 你 把 他 给 毁 了 ！
你 毁 了 你 儿子 的 前 半辈子 不说 ， 你 还要 毁 他 的 后 半辈子 ！
你 将 来 一定 会 后悔 的 ！
肥 四 说 完 转身 就 走 。
程胜恩 愣 了 一下 ， 大 喝 ： 张四明 ！
肥 四 停步 ， 回头 ： 对 了 ， 我 忘 了 告诉 你 了 ， 我 明天 就 会 向 公司 交 辞职 报告 ！
程 总 ， 程锋 以前 除了 你 给 的 钱 ， 就 只有 我们 这 几 个 哥们儿 了 ！
现在 ， 他 连 我们 这 几 个 哥们儿 也 没有 了 ， 就 只 剩 了 钱 了 ！
