小 猛 回来 没 ？
肥 四 愤愤 地 ： 回来 了 ----- 你 别 去 找 他 了 ， 他 已经 不 是 以前 的 石小猛 了 ！
林 夏 惊讶 地 ： 究竟 怎么 了 ？
肥 四 神情 复杂 地 凝视 着 林夏 ， 犹豫 了 许久 ， 最终 没有 说 出口 。
林夏 ： 死 胖子 ， 你 快 说 呀 ！
你 想 急 死 我 呀 ！
肥 四 伤感 地 ： 林夏 ， 你 是 个 纯洁 的 好 姑娘 ！
有些 事 太 脏 了 ， 你 还是 不 知道 的 好 ！
肥 四 绕 过 林夏 身边 ， 咚咚 咚 地 快步 下 了 楼 。
林 夏 不解 地 看 着 他 的 背影 。
七十四 、 石 小 猛 出租 房门 外 ， 内 ， 日 石 小 猛 夹 着 公文包 推 门 出来 。
石小猛 锁 好 门 ， 一 回 头 ， 发现 了 楼梯 口 的 林夏 。
林 夏 上下 打量 着 小 猛 ： 哟 ， 你 今天 倒是 打扮 得 衣冠楚楚 的 ---- 石小猛 ： 想 说 什么 还是 想 骂 什么 ， 都 请 赶快 ， 我 还 急 着 上班 呢 ！
林夏 推 搡 着 石小猛 ： 你 为什么 和 沈 冰 分手 ， 她 哪 做 错 了 ？
还 是 你 有 其他 女人 了 ？
石 小 猛 逃避 着 林 夏 钉子 般 的 目光 ： “ 都 不 是 …
…
” 林夏 叫 了 起来 ： “ 那 是 为什么 ？
” 石小猛 喊 了 起来 ： “ 因为 我 配 不 上 她 因为 现在 不 能 给 她 很 好 的 生活 因为 离开 我 她 一定 会 过 得 更 好 ！
行 了 吗 ？
” 林夏 ： “ 都 什么 乱七八糟 的 啊 ？
你 是 不 是 以 为 所有 女人 都 像 李蒙露 一样 ？
” 石小猛 ： 不 是 所有 女人 ， 是 所有 的 人 …
…
爱情 的 花儿 再 美 ， 也 要 扎根 在 现实 中 。
金钱 很 腐败 ， 像 烂泥 一样 散发 着 臭气 ， 可 是 它 却 能 为 爱情 的 花儿 提供 养 份 。
林夏 ： 别 为 自己 找 借口 了 ！
一 提 分手 的 理由 都 是 为了 让 自己 心爱 的 女人 过 得 更 好 ， 这 就是 你们 男人 的 狗屁 理由 ！
石 小 猛 惨然 一 笑 ： 林夏 ， 你 这种 土生土长 的 北京 人 永远 也 不 会 明白 我们 这种 北 漂 的 ！
相信 我 ， 我 如果 不 是 没有 选择 一定 不 会 这样 做 ！
我 现在 需要 的 是 轻装 上阵 ， 把 我 比 别人 缺少 的 尽快 拿 回来 ！
林 夏 摇摇 头 ： 疯 了 ， 我 看 你 已经 疯 了 ！
石小猛 ， 你 放弃 沈 冰 这样 的 一个 好 姑娘 你 一定 会 后悔 的 ！
沈冰 说 了 ， 她 知道 你 一定 是 有 苦衷 的 ， 她 不 想 逼 问 你 什么 。
她 在 等 你 回 心 转 意 ， 你 自己 看 着 办 吧 ！
林夏 转身 头 也 不 回 地 走 了 。
石小猛 脸上 的 肌肉 抽动 着 ， 努力 压抑 着 心里 澎湃 的 情绪 。
石 小 猛 强迫 自己 冷静 下来 ， 理 了 理 领带 ， 步履 坚定 地 下 楼 而 去 。
七十五 、 胡氏 公司 楼下 ， 外 ， 日 石小猛 从 出租 车上 下来 ， 远远地 朝 办公楼 走 来 。
石 小 猛 仰望 着 看 着 大楼 ， 脸上 浮 起 一 丝 冷笑 。
石小猛 OS ： 从 今天 起 ， 我 石小猛 就是 再 世 为 人 了 ！
七十六 、 天 成 公司 程锋锋 办公室 ， 内 ， 日程 锋 看 着 眼前 的 辞职 申请 。
肥 四 隔 着 厚重 的 红木 大班 桌 ， 目光 冰冷 地 看 着 坐 在 桌 后 的 程锋 。
程锋 抬 起 头 来 ， 为难 地 看 着 肥 四 ， 用 近乎 哀求 的 语气 ： 肥 四 ， 你 能 不能 ----- 肥 四 打断 他 ： 不 能 ！
程 锋 伤感 的 ： 我们 是 七 年 的 朋友 了 ----- 你 真 就 不 肯 原谅 我 这 一 次 吗 ？
肥 四 红 了 眼圈 儿 ： 你 叫 我 怎么 原谅 你 ？
你 以为 我 想 听 到 你 和 小 猛 之间 的 那些 丑事 儿 ？
你 知 不 知道 我 心里 有 多 难受 ？
你 以 为 就 只 有 你 在 失去 吗 ？
程锋 的 声音 也 哽咽 了 ： 我 知道 ！
你 以为 我 心里 就 好受 吗 ？
昨天 晚上 ， 我 在 咱们 学校 的 操场 上 坐 了 一 夜 ---- 我 多 想 回 到 七 年 前 我们 天天 在 一起 打球 唱歌 的 时候 啊 ------ 那个 时候 ， 我们 是 哥们儿 ， 也 是 兄弟 ----- 而 现在 ----- 程锋 说 不 下去 了 ， 一行 眼泪 流 了 下来 。
肥 四 也 流下 泪 来 。
俩 个人 隔 桌 相对 ， 默默 地 流 着 泪 。
办公室 的 门 推开 了 ， 梁君正 拿 着 一 叠 文件 走 了 进来 。
梁君 正 诧异 地 看 了 看 屋 中 的 情形 ， 讪笑 着 退 了 出去 ： 对不起 ， 我 等 会儿 再 来 吧 ！
梁君 正 关上 了 门 。
肥 四 用 袖子 擦掉 脸上 的 泪 ： 疯子 ， 别 哭 了 ！
这 是 在 办公室 ， 别 让 公司 的 人 笑话 你 ！
程锋 ： 他们 爱 笑 就 笑 吧 ， 我 本来 就 是 一个 笑话 ！
大 笑话 ！
肥 四： 看到 你 这样 ， 我 心里 倒好 受 些 了 ----- 疯子 ， 你 放心 ， 我 会 记得 你 过去 对 我 的 情 份 ， 这 件 事 我 会 替 你 保密 的 ！
你 以后 ----- 好 自 为 之 吧 ！
肥 四 转身 欲 离开 。
程锋 叫 住 他 ： 等 一下 ----- 离开 天 成 以后 ， 你 有 什么 打算 ？
肥 四： 我 还 是 喜欢 音乐 ， 喜欢 唱歌 ， 我 准备 静 下 心 来 好好 往 这个 方向 发展 ---- 程 锋 伤感 地 ： 想不到 咱们 草坪 乐队 四 人 组合 ， 到 最后 就 只 剩 了 你 还 在 坚持 了 ---- 祝 你 好运 ！
肥 四 红 着 眼 点点头 ： 谢谢 ！
再见 ！
肥 四 离去 。
程 锋 无力 地 瘫 坐 在 了 椅 上 。
（ 本 集 完 ） 一 、 胡 氏 公司 胡容强 办公室 ， 内 ， 日 胡容强 看 着 手中 的 合约 。
石小猛 ： 胡哥 你 放心 ， 这 次 不 会 有 任何 问题 了 。
胡容强 满意 地 ： 你 办事 ， 我 放心 ！
石小猛 从 公文包 中 拿 出 一 份儿 文件 ： 这 是 我 为 天 成 做 的 合作 细则 ， 程锋 已经 看 过 了 ， 他 很 满意 ， 你 看看 要 是 没 问题 的 话 就 签字 吧 ！
