靳 狂 的 耳朵 很 灵  他 一 转 头  颜夏 就 把 门 关上 了 
过 了 一会儿  颜夏 又 把 门 打开 一点点 
 害怕 我  就 不 要 开 门 
 靳 狂 的 声音 特别 温柔  低 哑 中 似乎 透 着 浓浓的 哀伤 
这 一 次  颜夏 没有 关门 
她 透过 门缝  静静地 瞅 着 他 
靳 狂笑 了 笑   不用 管 我  这 点 雨 不 算 什么 
 颜夏 心里 酸 酸 的 
忽然  靳 狂 发现 她 还 穿 着 那 身 湿 衣服  有些 着急 地 说   你 怎么 还 不 换 衣服 
生病 怎么办 
 他 可怕 吗 
颜 夏 偷偷 地 问 自己 
他 很 关心 她  也 没 欺负 过 他  她 为什么 要 怕 他 
他 都 变成 落汤鸡 了  还 说 不 算 什么 

颜夏 靠 着 墙  把 门 打开 
靳 狂 站 起来  却 不 急 着 进去 
他 凝视 着 她 的 眼睛  轻轻 地 问   你 确定 

让 我 进去 
 颜 夏 点头 
 你 不怕 我 了 
 摇 头 
 不要 勉强 
 颜 夏 不解 地 眨 眨眼 
靳 狂 释然 而 笑 
他 忘 了  现在 的 她 会 直接 表达 自己 的 喜 恶  绝不 会 勉强 什么 
靳 狂 走 进去  把 门 关上   我们 都 去 洗澡 好 不好 
 颜 夏 点头 
 乖 
 靳 狂 想 抬 手 摸摸 她 的 头  却 在 半路 顿 住 
颜夏 像 是 看穿 他 的 心思  拉 过 他 的 手 放 在 自己 头 顶  甜 甜 一 笑 
向 他 说明 

她 不怕 他 
靳 狂 眼底 浮现 一 抹 复杂 的 疼 惜 
颜夏 找 好 替换 的 干净 衣服  把 洗澡 用 的 浴巾  浴 袍 放 在 一起  抱 起来  往 靳 狂 的 房间 走 去 
靳 狂 的 房门 没 关  颜 夏 悄悄 走 进去 
浴室 里 传出 哗哗 的 水声  半透明 的 玻璃门  映出 一个 模 糊 的 影子 
水声 突然 断 了 
浴室 的 门  哗啦  一 声 敞开 
靳 狂 阴郁 的 脸色  在 见到 颜夏 时 转为 茫然 
颜夏 被 他 吓 了 一 跳  愣 愣 地 看 着 他 
靳 狂 只 在 腰 上 围 了 一 条 白色 浴巾  精壮 的 体魄 散发 着 刚 猛 的 气息 
 颜夏 
你 

 怎么 过 来 了 
靳 狂 瞥见 她 手上 的 东西  恍然大悟   你 要 在 这里 洗澡 
 颜夏 点点头 
靳 狂 虽 有 迷惑  却 没 说 什么   你 等 一下 
 他 走 进去  拿 浴 袍 披 上 
回过 头  发现 颜夏 已经 走 进来 
颜夏 把 衣服 放在 衣架 上  然后 拉 好 门 
靳 狂 愣 了 一下   那个 

我 帮 你 放水 
 颜夏 又 点头 
靳 狂 觉得 哪里 不对 劲  但是 又 不 敢 多 想 
她 现在 只 有 四五 岁 的 智商  应该 不 懂 诱惑  献身 那 一 套 吧 
靳 狂 专心 地 放 水  试 了 试 水温  回过 身   水 有点 

热 

 靳 狂 的 话音 消失 了 
颜 夏 连衣裙 的 拉链 已经 拉开  她 背 对 靳 狂  露出 一 大 片 雪白 的 肌肤 —— 这 就是 他 消音 的 原因 
靳 狂 发呆 的 工夫  颜夏 已经 把 裙子 脱 下 来  接着 解开 内衣 的 搭扣 
靳 狂 的 第一 反应 就 是 捂住 眼睛   那 个 什么 

我 先 出去 了 

 他 摸 着 黑 往 外 移动 
一 只 小 手 揪 住 他 的 衣 摆 
靳 狂 的 心 咯 噔 一 沉 
他 脑子 里 只 剩下 四 个 字 —— 大难临头 
颜 夏天 真 地 扯 扯 他 的 衣服  指指 自己  指指 浴缸 
嗯  意思 简洁明了  可是  这 事儿 有点 

靳 狂 尽量 保持 视线 向上  琢磨 着 怎么 打消 她 荒唐 的 念头   颜夏  这个 

我 已经 洗 完了  你 自己 洗 吧 
 颜 夏 摇头  摇 了 三 遍 
真是 非人 的 折磨 啊 
一 起 洗澡  多么 诱人 的 建议  但是 这个 建议 由 一个 心志 四五 岁 的 女人 提 出来 

靳 狂 悔恨 得 想 去 撞 墙 
颜夏 见 他 不 答应  嘟 起 小 嘴  不 高兴 了 
靳 狂 看 着 她 的 表情  着实 为难 
小孩子 是不是 洗澡 都 要 人 陪 
拒绝 她 太 不人道 了 

可是  不 拒绝 她  对 他 太 不人道 
毕竟  对 他 来说  颜夏 就 是 颜夏  是 他 朝思暮想  想 要 侵犯 

呃  想 要 拥抱 的 女人 
再说  不 经 正牌 颜 夏 同意  就 随便 偷看 她 洗澡 

会 被 杀 掉 的 
颜 夏 不管 他 答 不 答应  抱 住 他 的 胳膊 就 往 里面 拖 
 哎  颜夏  等等  这样 不行 

 靳 狂 像 个 纯情 小 男生 似的 跟 她 拉拉扯扯  还 不 敢 低头 乱 看 
