孙新世/nr：/wp我/rr拿/v着/uzhe哥哥/n的/ude1信/n，/wd说/v我/rr要/v找/v周恩来/nr同志/n和/cc邓颖超/nr同志/n…/ws
…/ws
邓颖超/nr同志/n搂/v着/uzhe我/rr就/d哭/v起来/vf，/wd那/rzv是/vshi第一/m次/qv见到/v邓颖超/nr，/wd第一/m次/qv就/d叫/vi了/ule妈妈/n。/wj
进去/vf以后/f见到/v（/wkz周/nr1）/wky总理/n，/wd总理/n说/v把/pba你/rr丢/v了/ule那么/rz多/m年/qt，/wd这/rzv下/f可/v把/pba你/rr找到/v了/y，/wd然后/c改/v名叫/v孙新世/nr。/wj
（/wkz毛/nr1）/wky主席/n从/p苏联/ns回国/vi，/wd那/rzv次/qv邓/nr1妈妈/n让/v我/rr跟/p她/rr一起/d到/v火车站/n去/vf，/wd陆陆/m续/v续/v地/n代表团/n人/n都/d下来/vf，/wd最后/f姐姐/n下/vf火车/n。/wj
后来/t邓/nr1妈妈/n又/d把/pba我/rr带/v回/v西花厅/ns等/udeng姐姐/n，/wd姐姐/n非常/d漂亮/a，/wd我/rr就/d像/v我/rr奶妈/n，/wd姐姐/n像/p我/rr妈妈/n。/wj
画外音/n：/wp新/a世/ng回到/v北京/ns，/wd周恩来/nr安排/v她/rr先/d进/vf了/ule华北/ns革命/vn大学/n学习/v，/wd后来/t进/vf了/ule俄语/nz专科学校/nl，/wd就/d是/vshi现在/t北外/n。/wj
周末/t可以/v跟/p姐姐/n在/p一块儿/s，/wd两/m个/q女/b孩儿/n在/p一起/s有/vyou很多/m说/v不/d完/vi的/ude1话/n。/wj
…/ws
…/ws
…/ws
…/ws
画外音/n：/wp维/vg世/ng比/p新/a世/ng只/d大/a五/m岁/qt，/wd虽然/c只/d差/a五/m年/qt，/wd但是/c姐姐/n有/vyou很/d丰富/a的/ude1革命/vn的/ude1经验/n，/wd这/rzv让/v妹妹/n挺/d羡慕/v的/ude1。/wj
两/m人/n在/p一起/s有/vyou很多/m的/ude1话/n，/wd谈/v以前/f俩/m人/n不/d在/p一起/s各自/rr的/ude1经历/n。/wj
但/c时间/n不/d长/a，/wd姐姐/n要/v结婚/vi了/y，/wd新郎/n是/vshi当时/t非常/d有名/a的/ude1演员/n、/wn导演/n金山/nz先生/n。/wj
金山/nr2是/vshi中国/ns电影/n历史/n上/f一/m位/q著名/a的/ude1表演艺术家/n和/cc导演/n，/wd曾经/d主演/v过/uguo《/wkz夜半/t歌声/n》/wky、/wn《/wkz貂/n蝉/n》/wky等/udeng影片/n。/wj
1949年/t，/wd孙维世/nr去/vf苏联/ns学习/v回国/vi后/f，/wd出任/v中国/ns青年/n艺术/n剧院/n导演/n，/wd与/p金山/nr是/vshi同事/n。/wj
周恩来/nr夫妇/n原本/d是/vshi不/d赞同/v义女/n这/rzv桩/q婚事/n的/ude1，/wd担心/v他们/rr的/ude1婚姻/n不/d巩固/v，/wd怕/v自己/rr的/ude1义女/n跟/p他/rr在/p一起/s会/v吃苦/vi，/wd而/cc此时/r的/ude1孙维世/nr却/d决心/d已/d定/v。/wj
1950年/t10月/t14日/t，/wd北京/ns青年宫/n张灯结彩/vl，/wd29/m岁/qt的/ude1孙维世/nr和/cc39/m岁/qt的/ude1金/b山/n喜结良缘/vl，/wd北京/ns的/ude1各界/rz名流/n纷纷/d前来/vi贺喜/v。/wj
鲁豫/nr2：/wp为什么/ryv周恩来/nr和/cc邓颖超/nr夫妇/n不/d赞成/v你/rr姐姐/n嫁/v给/p金山/n呢/y。/wj
孙新世/nr：/wp他们/rr也/d没有/d非常/d明确/a地/ude2跟/v我/rr表示/v过/uguo，/wd但是/c总/b的/ude1因为/c姐姐/n是/vshi一直/d在/p革命/vn阵营/n长大/vi的/ude1，/wd金山/nr30/m年代/n的/ude1文化人/n。/wj
…/ws
…/ws
…/ws
…/ws
鲁豫/nr2：/wp我/rr听说/v有/vyou好多/m人/n追/v过/uguo您/rr姐姐/n是/vshi不/d是/vshi？/ww
听说/v林彪/nr追/v过/uguo您/rr姐姐/n。/wj
孙新世/nr：/wp姐姐/n自己/rr没/d跟/p我/rr说/v过/uguo，/wd文化大革命/nz中间/f我/rr问/v过/uguo她/rr。/wj
她/rr说/v你/rr要/v知道/v我/rr学/v什么/ry的/ude1，/wd我/rr学/v话剧/n的/ude1，/wd我/rr的/ude1艺术/n是/vshi为/p人民/n服务/vn的/ude1，/wd我/rr得/v深入/a工农兵/n，/wd我/rr不/d可能/v为/v哪/ry一个/mq人/n生活/vn。/wj
她/rr只/d回答/v了/ule我/rr这个/rz，/wd什么/ry意思/n呢/y？/ww
她/rr不/d可能/v为/p某/rz一个/mq人/n，/wd要/v是/vshi做/v了/ule首长/n的/ude1夫人/n，/wd可能/v就/d行动/vi上/f各/rz方面/n都/d要/v好好/d地/ude2照顾/v一个/mq人/n吧/y。/wj
鲁豫/nr2：/wp那林彪/nr向/p她/rr表达/v过/uguo吗/y？/ww
孙新世/nr：/wp林彪/nr的/ude1女儿/n跟/p我/rr讲/v过/uguo、/wn画外音/n：/wp两/m人/n就/d搬/v到/v中国/ns青年/n艺术/n剧院/n分/qt给/v金山/nr的/ude1那个/rz宿舍/n里面/f，/wd那/rzv这样/rzv新/a世/ng觉得/v跟/p姐姐/n再/d住/vi一/m起/q就/d不/d是/vshi很/d合适/a了/y，/wd于是/cc她/rr就/d搬/v到/v西花厅/ns里面/f，/wd就/d有/vyou了/ule跟/p周恩来/nr、/wn邓颖超/nr更/d多/a的/ude1接触/vn的/ude1机会/n。/wj
从/p姐姐/n孙维世/nr结婚/vi之后/f，/wd住校/vi过/uguo集体/n生活/vn的/ude1孙/nr1新/a世/ng每逢/v周末/t就/d会/v回/qv到/v中南海/ns西花厅/ns，/wd邓颖超/nr亲切/a地/ude2称呼/v她/rr为/p粤/b生/v女儿/n。/wj
在/p孙新世/nr的/ude1记忆/n中/f，/wd这/rzv是/vshi一/m段/q让/v她/rr十分/d留恋/v的/ude1时光/n。/wj
孙新世/nr这个/rz时候/n过/vf着/uzhe挺/d快乐/a、/wn挺/d平静/a的/ude1生活/vn，/wd不/d过/uguo这个/rz时候/n姐姐/n的/ude1婚姻/n起/vf了/ule一些/mq小/a小/a的/ude1波折/n。/wj
1951年/t，/wd金山/nr和/cc文化/n艺术/n慰问团/n前往/v朝鲜/nsf战场/n，/wd受到/v金日成/nr的/ude1欢迎/vn。/wj
金山/n激动/a地/ude2表示/v他/rr要/v写/v一/m部/q中/b朝/b抗/v美/b的/ude1电影/n，/wd这/rzv让/v金日成/nr大/d为/v赞赏/v，/wd并/cc亲自/d安排/v自己/rr的/ude1女/b秘书/n给/p金山/n当/p导游/n兼/v翻译/n。/wj
但/c时隔不久/dl，/wd俩/m人/n就/d因/p感情/n出轨/vi而/cc犯/v了/ule错误/a，/wd金山/nr受到/v开除/v党籍/n、/wn撤职/vi查办/v的/ude1处分/vn，/wd这/rzv件/q事/n使/v孙维世/nr在/p生活/vn和/cc心情/n上/f都/d跌/v入/v低谷/n。/wj
最终/d她/rr还是/d原谅/v了/ule金山/nr，/wd没有/d像/v许多/m人/n所/usuo想/v的/ude1那样/rzv就此/d和/cc金山/n划清/v界线/n，/wd这/rzv也/d让/v金山/nz十分/d感动/v。/wj
就/d在/p姐姐/n不/d太/d如意/a的/ude1时候/n，/wd孙新世/nr的/ude1生活/vn也/d发生/v了/ule不/d小/a的/ude1变化/vn，/wd她/rr去/vf了/ule前/f苏联/ns列宁格勒/nsf大学/n专修/v俄罗斯/nsf文学/n。/wj
邓颖超/nr为了/p让/v远离/v祖国/n的/ude1孙新世/nr不/d感到/v孤独/an，/wd经常/d给/p她/rr寄/v书/n、/wn写信/vi，/wd对/p她/rr关怀备至/vl，/wd而/cc孙新世/nr也/d是/vshi事无巨细/vl都/d向/p邓/nr1妈妈/n汇报/vn。/wj
当/p她/rr把/pba自己/rr找到/v男朋友/n李宗昌/nr的/ude1消息/n告诉/v邓颖超/nr后/f，/wd不久/m便/d收到/v邓/nr1妈妈/n的/ude1一/m封/q亲笔/b贺信/n，/wd祝贺/v孙新世/nr找到/v了/ule她/rr的/ude1另/rz一半/m，/wd这/rzv令/v孙新世/nr十分/d欣喜/a。/wj
1957年/t2月/t，/wd年/qt过/vf30/m的/ude1孙新世/nr也/d有/vyou了/ule自己/rr的/ude1家庭/n，/wd不久/m她/rr和/cc丈夫/n返回/v了/ule祖国/n，/wd她/rr被/pbei安排/v到/v了/ule北京大学/nt任教/vi，/wd让/v孙新世/nr感到/v高兴/a的/ude1是/vshi她/rr又/d能/v经常/d见到/v邓颖超/nr妈妈/n和/cc周恩来/nr爸爸/n。/wj
…/ws
…/ws
…/ws
…/ws
画外音/n：/wp1975年/t4月/t，/wd金山/nr从/p秦/nr1城/n监狱/n释放/v回家/vi才/d得知/v妻子/n早已/d不/d在/p人世/n了/y。/wj
为了/p更/d好/a地/ude2照顾/v金山/nr，/wd孙新世/nr一/m家/q都/d和/cc金山/n住/vi在/p一起/s，/wd让/v失去/v妻子/n的/ude1金/b山/n晚年/t得到/v很/d多/a安慰/an。/wj
不久/m文革/n结束/v，/wd孙新世/nr离开/v了/ule工作/vn了/ule20/m多/m年/qt的/ude1北京大学/nt，/wd调入/v中国/ns电视/n艺术/n委员会/n。/wj
我/rr就/d觉得/v姐姐/n去世/vi了/ule以后/f，/wd唯一/b的/ude1亲人/n就/d剩/v了/ule我们/rr了/y，/wd我们/rr应该/v好好/d照顾/v他/rr，/wd当时/t我/rr爱人/n也/d是/vshi这么/rz想/v的/ude1。/wj
后来/t我/rr爱人/n去世/vi以后/f，/wd金/b山/n他/rr考虑/v到/v我/rr会/v不/d会/v搬走/v，/wd于是/cc他/rr给/p那个/rz党组/n写/v了/ule封/q信/n，/wd希望/v批准/v他/rr跟/p我/rr结婚/vi。/wj
1976年/t，/wd50/m岁/qt的/ude1孙新世/nr与/p65/m岁/qt的/ude1金山/nr开始/v携手/vi人生/n，/wd共同/d医治/v心灵/n的/ude1创伤/n。/wj
1978年/t，/wd金山/nr担任/v中央/n戏剧/n学院/n院长/n，/wd中国/ns电视/n艺术/n委员会/n主任/n等/udeng职务/n。/wj
1982年/t7月/t7日/t，/wd他/rr因/p突/d患/v脑溢血/n而/cc与世长辞/vl，/wd终年/n71/m岁/qt。/wj
随着/p岁月/n的/ude1流逝/vn，/wd身边/s的/ude1亲人/n都/d一个个/m离去/vi，/wd目前/t孙/nr1老/a的/ude1孩子/n们/k旅居/v国外/s，/wd她/rr经常/d出国/vi探亲/vi。/wj
