枪法/n准确/a，/wd训练有素/vl，/wd轻易/d不/d出动/v的/ude1他们/rr，/wd是/vshi警方/n的/ude1最后/f一/m道/qv防线/n。/wj
王达/nr是/vshi成都/ns特警/n队/n的/ude1狙击手/n，/wd今年/t31/m岁/qt的/ude1他/rr，/wd却/d已经/d有/vyou了/ule11/m年/qt的/ude1狙击/v生涯/n。/wj
这/rzv就是/v那/rzv位/q狙击手/n王/nr1达/v，/wd据说/v你/rr的/ude1那/rzv把/qv枪/n特别/d酷/ag，/wd是/vshi吗/y？/ww
你/rr给/p我们/rr形容/v一下/mq。/wj
王达/nr：/wp对/p，/wd我/rr的/ude1枪/n是/vshi那个/rz改装/v过/uguo的/ude1，/wd有/vyou脚/n架/qv，/wd就/d是/vshi那个/rz可以/v拆卸/v的/ude1脚/n架/qv。/wj
还有/v，/wd瞄准/v镜/ng有/vyou那么/rz粗/a，/wd那么/c长/a。/wj
鲁豫/nr2：/wp我们/rr编导/n跟/p我/rr说/v，/wd是/vshi你/rr跟/p她/rr介绍/v的/ude1，/wd说/v你/rr那/rzv把/qv枪/n打/v一百/m米/q外/f，/wd那个/rz子弹/n能够/v穿透/v一个/mq几/m厘米/q，/wd还/d是/vshi多少/ry毫米/q厚/a的/ude1一/m块/q钢板/n啊/y？/ww
王达/nr：/wp对/p，/wd它/rr是/vshi一百/m米/q开外/u。/wj
鲁豫/nr2：/wp除了/p武器/n以外/f，/wd你/rr的/ude1身手/n也/d特别/d好/a，/wd是/vshi吧/y？/ww
王达/nr：/wp还/d可以/v吧/y。/wj
以前/f有/vyou一/m次/qv我们/rr警察/n之间/f的/ude1纠纷/n，/wd我/rr和/cc我/rr的/ude1一个/mq队友/n，/wd我们/rr两/m个/q打/v那个/rz防暴/b警察/n，/wd因为/c大家/rr双方/n都/d误会/v了/y，/wd都/d以/p为/v对方/n是/vshi坏蛋/n。/wj
而且/c打/v了/ule之后/f，/wd他们/rr对方/n是/vshi每/rz一个/mq都/d比/p我/rr高/a，/wd我们/rr两/m个/q都/d只/d有/vyou一/m米/q七五/n、/wn七六/m的/ude1样子/n，/wd其他/rzv人/n全部/m是/vshi一/m米/q八/m几/m，/wd就/d全部/m是/vshi防暴/b警察/n嘛/y！/wt
最后/f结果/n就/d是/vshi互相/d赔礼道歉/vl，/wd然后/c互相/d请/v吃/v了/ule顿/qv饭/n。/wj
鲁豫/nr2：/wp我/rr今天/t专门/d查/v一下/mq《/wkz新华/nz字典/n》/wky，/wd我/rr查/v那个/rz狙击/v是/vshi什么/ry意思/n。/wj
狙击/v就是/d埋伏/v在/p隐蔽/a的/ude1地点/n伺机/d袭击/v敌人/n，/wd那/rzv狙击手/n就是/d埋伏/v在/p隐蔽/a的/ude1地点/n伺机/d袭击/v敌人/n的/ude1人/n，/wd就是/v王达/nr。/wj
王/nr1达/v现在/t是/vshi一个/mq资格/n非常/d老/a的/ude1警察/n。/wj
王达/nr：/wp11/m年/qt的/ude1时间/n吧/y。/wj
鲁豫/nr2：/wp但是/c每个/r人/n都/d有/vyou他/rr的/ude1第一/m次/qv，/wd王/nr1达/v第一/m次/qv执行/vn任务/n的/ude1经历/n，/wd很/d巧/a，/wd也/d有人/r把/pba它/rr拍/v下来/vf。/wj
我们/rr现在/t来/f看/v一下/mq。/wj
鲁豫/nr2：/wp犯罪/vn嫌疑人/n用/p炸药包/n和/cc刀/n劫持/v了/ule他/rr的/ude1女/b朋友/n，/wd当时/t执行/v这个/rz任务/n，/wd是/vshi什么/ry时候/n通知/n你/rr的/ude1？/ww
王达/nr：/wp执行/v这个/rz任务/n的/ude1时候/n，/wd我/rr正好/z在/p搬/v器材/n，/wd因为/c我/rr那/rzv天/qt就/d一个/mq人/n在/p山里/s那个/rz训练/vn基地/n里面/f打/v战术/n射击/vn，/wd然后/c我/rr的/ude1队友/n就/d在/p叫/vi我/rr，/wd王达/nr，/wd快快/d快/a，/wd就/d说/v成都/ns出/vf事儿/n了/y。/wj
我/rr以为/v跟/p我/rr开玩笑/vi，/wd后来/t听/v他/rr那个/rz叫/vi我/rr的/ude1声音/n就/d不/d对/p了/y，/wd就是/v人/n非常/d紧急/a的/ude1那/rzv种/q，/wd完全/ad是/vshi尖叫/vi了/y。/wj
然后/c我/rr才/d觉得/v就是/v不/d太/d对/p，/wd把/pba那个/rz器材/n一/d扔/v，/wd跑/v下来/vf。/wj
那天/r车/n开/v得/ude3非常/d快/a，/wd我/rr的/ude1教官/n开/v的/ude1车/n，/wd差点/d把/pba车/n开/v翻/v了/y。/wj
到/v了/ule之后/f就/d是/vshi这个/rz情况/n，/wd据/p警方/n粗略/ad估计/v，/wd犯罪/vn嫌疑人/n所/usuo携带/v的/ude13/m公斤/q炸药/n一旦/d爆炸/v，/wd将/d造成/v半径/n为/p50/m到/v100/m公尺/q范围/n内/f的/ude1，/wd致命/vn杀伤/vn。/wj
我/rr当时/t离/v他/rr有/vyou百/m把/pba米/n，/wd因为/c我/rr是/vshi在/p那/rzv宾馆/n的/ude1斜对面/f的/ude1一个/mq楼上/s，/wd一个/mq二/m楼/n，/wd他/rr右手/n拿/v着/uzhe刀/n，/wd左手/n就/d是/vshi拿/v着/uzhe那个/rz开关/n，/wd他/rr女朋友/n身上/s绑/v着/uzhe的/ude1是/vshi炸药/n。/wj
鲁豫/nr2：/wp当时/t情况/n很/d危急/a，/wd如果/c你/rr不/d能够/v一/m枪/n打/v到/v他/rr要害/n部位/n的/ude1话/n，/wd他/rr还有/v时间/n反应/vn，/wd去/vf摁/v那个/rz爆炸/vn装置/n，/wd对/p不/d对/v？/ww
王达/nr：/wp只/d需要/v轻轻/z一/m按/v。/wj
鲁豫/nr2：/wp也/d就/d说/v那/rzv你/rr当时/t的/ude1责任/n就/d很/d重/d很/d重/a，/wd稍微/d有/vyou一点/mq闪失/n的话/udh，/wd那/rzv后果/n是/vshi不堪设想/vl的/ude1。/wj
王达/nr：/wp干/v我们/rr那个/rz是/vshi一/m步/qv英雄/n，/wd一/m步/qv狗熊/n，/wd如果/c你/rr打/v得/ude3不好/a的/ude1话/n，/wd会/v负/v法律/n的/ude1责任/n。/wj
如果/c说/v做/v得/ude3不/d成功/a的/ude1话/n，/wd我/rr估计/v自己/rr以后/f也/d不/d会/v去/vf再/d去/vf碰/v枪/n了/y，/wd会/v对/p自己/rr的/ude1自信心/n打击/v非常/d大/a。/wj
解说/v：/wp犯罪/vn嫌疑人/n一再/d坚持/v引爆/v的/ude1最后/f时限/n，/wd当/p王达/nr赶到/v现场/s时/ng，/wd形势/n已经/d十分/d危急/a。/wj
在/p依靠/v人质/n谈判/vn、/wn和平/n解决/v危机/n的/ude1方式/n难以/d奏效/vi的/ude1情形/n下/f，/wd警方/n被迫/d做出/v了/ule最后/f的/ude1选择/vn。/wj
鲁豫/nr2：/wp你/rr当/v时/ng到/v现场/s以后/f侦查/v一下/mq情况/n，/wd你/rr当/v时/ng做/v一个/mq什么样/ryv的/ude1判断/n？/ww
王达/nr：/wp当时/t他/rr提/v了/ule很多/m条件/n，/wd要/v5万/m块/q钱/n，/wd要/v个/q车/n，/wd然后/c这个/rz女孩/n儿/ng是/vshi他/rr女朋友/n，/wd就/d说/v他/rr女朋友/n不/d想/v跟/p他/rr交/v朋友/n了/y，/wd就是/d想/v跟/p他/rr吹/v，/wd他/rr不/d干/v，/wd就/d说/v要/v把/pba这个/rz女孩/n儿/k带/v回/qv家/n。/wj
然后/c那个/rz时候/n我们/rr其实/d是/vshi引诱/v他/rr出来/vf，/wd就/d给/p他/rr车/n，/wd给/p他/rr钱/n。/wj
大概/d他/rr从/p宾馆/n里面/f走/v出来/vf，/wd刚才/t你/rr看/v那/rzv个/q距离/n非常/d短/a，/wd可能/v就/d十/m米/q左右/m，/wd因为/c他/rr女朋友/n很/d高/a的/ude1，/wd他/rr女朋友/n的/ude1头/n一直/d挡/v着/uzhe他/rr。/wj
出来/vf的/ude1时候/n，/wd我/rr看/v那/rzv个/q样子/n，/wd我/rr就/d差点/d绝望/a了/y。/wj
解说/v：/wp要/v一/m枪/n命中/v始终/d躲/v在/p人质/n背后/f的/ude1犯罪/vn嫌疑人/n，/wd对/p王达/nr来说/uls无疑/d是/vshi道/v难题/n。/wj
王达/nr：/wp我/rr能/v看见/v就/p他/rr那个/rz脸/n，/wd能/v看到/v那么/rz多/a，/wd而且/c是/vshi个/q侧面/f，/wd就/d说/v不/d能/v达到/v我/rr理想/a的/ude1那种/r射击/vn效果/n。/wj
解说/v：/wp尽管/c困难重重/vl，/wd但/c王达/nr最终/d还是/d扣/v动/v了/ule扳机/n。/wj
鲁豫/nr2：/wp你/rr当时/t只/d能够/v看到/v他/rr脸/n的/ude1这么/rz宽/a一个/mq地方/n，/wd你/rr能/v打/v到/v吗/y？/ww
王达/nr：/wp我/rr什么/ry时候/n开枪/vi的/ude1？/ww
实际上/d我/rr是/vshi在/p他/rr转头/v的/ude1时候/n开枪/vi的/ude1。/wj
他/rr出来/vf的/ude1时候/n，/wd有/vyou很多/m围观/vi的/ude1人/n，/wd但是/c距离/n很/d远/a，/wd我们/rr警察/n做/v了/ule疏散/vn，/wd疏散/v可能/v一两百/m米/q吧/y。/wj
他/rr出来/vf的/ude1时候/n，/wd他/rr就/d到处/d观察/v，/wd看/v有/vyou没/d有/vyou警察/n埋伏/v在/p旁边/f，/wd看/v了/ule一/m眼/q，/wd他/rr出来/vf可能/v走/v了/ule两三/m步/qv，/wd转头/v看/v了/ule一/m眼/q。/wj
他/rr转头/v的/ude1时候/n，/wd我/rr能/v看到/v很多/m，/wd他/rr大半/m个/q侧/ng脸/n我/rr都/d能/v看见/v。/wj
这个/rz时候/n我/rr就/d觉得/v，/wd他/rr如果/c再/d转/v头/n，/wd我/rr就/d有/vyou机会/n。/wj
果然/c他/rr上车/v之前/f又/d转/v了/ule一/m次/qv头/n，/wd那/rzv就是/v一瞬间/t的/ude1时间/n吧/y，/wd我们/rr说/v是/vshi零点/t几/m秒/qt钟/n可能/v。/wj
狙击手/n是/vshi这样/rzv，/wd可能/v等/udeng一个/mq机会/n会/v是/vshi几/m个/q小时/n，/wd甚至/d是/vshi几/m天/qt，/wd但是/c狙击手/n作战/vi最/d讨厌/v的/ude1也/d是/vshi这个/rz，/wd因为/c只/d开/v一/m枪/q，/wd这个/rz是/vshi最/d痛苦/a的/ude1一/m件/q事/n。/wj
