鲁豫/nr2：/wp就/d是/vshi你/rr刚才/t说/v的/ude1，/wd一/m步/qv英雄/n，/wd一/m步/qv狗熊/n？/ww
王达/nr：/wp对/v。/wj
如果/c做/v得/ude3好/a的/ude1话/n，/wd别人/rr都/d会/v说/v这个/rz射手/n非常/d好/a，/wd这个/rz狙击手/n确实/ad给/v老百姓/n怎么样/ryv怎么样/ryv；/wf做/v得/ude3不好/a，/wd检察院/n、/wn法院/n会/v找/v你/rr，/wd你/rr会/v接受/v法庭/n聆/vg训/ng，/wd然后/c自己/rr心里/s面/n可能/v，/wd我/rr估计/v警察/n也/d做/v不/d了/y，/wd因为/c会/v非常/d愧疚/an。/wj
…/ws
…/ws
结语/n：/wp采集/v人/n：/wp周灵/nr茵/ng正文/n：/wp解说/v：/wp1985年/t4月/t，/wd宝丽金/nr迅速/ad为/v张/nr1学友/n推出/v了/ule第一/m张/q粤语/nz个人/n专辑/n《/wkzSmile/x》/wky，/wd专辑/n中/f收录/v了/ule《/wkz轻/v抚/vg你/rr的/ude1脸/n》/wky、/wn《/wkz情/n已/d逝/vg》/wky等/udeng歌曲/n，/wd没/d想到/v，/wd这/rzv张/q专辑/n风头/n迅猛/a，/wd创下/v了/ule二十万/m张/q的/ude1销量/n，/wd张学友/nr的/ude1名字/n一夜间/t在/p香港/ns歌坛/n走红/vi起来/vf，/wd大街小巷/nl开始/v遍布/v他/rr的/ude1歌声/n。/wj
这种/r一/m夜/qt成名/vi令/v刚/d进入/v演艺圈/n的/ude1张学友/nr十分/d不/d适应/v，/wd原本/d只/d是/vshi航空/n公司/n的/ude1小/a职员/n，/wd却/d在/p转眼/t之间/f成/v了/ule备受/v关注/v的/ude1歌坛/n新星/n。/wj
1986年/t初/f，/wd在/p《/wkzSmile/x》/wky专辑/n大/d获/v成功/a的/ude1前提/n下/f，/wd唱片/n公司/n迅速/ad为/v张/nr1学友/n推出/v了/ule第二/m张/q个人/n唱片/n《/wkzAMOUR/x遥远/a的/ude1她/rr》/wky，/wd也/d备受/v好评/n，/wd占据/v销量/n榜首/n七/m周/qt之/uzhi久/ng。/wj
唱片/n中/f的/ude1《/wkzAMOUR/x》/wky、/wn《/wkz遥远/a的/ude1她/rr》/wky、/wn《/wkz月/n半/m弯/q》/wky等/udeng曲目/n在/p各/rz流行/vn榜/n一路/mq过关斩将/vl，/wd风光/n无限/vi。/wj
张学友/nr的/ude1名字/n，/wd开始/v劲头/n直/d逼/v当时/t的/ude1两/m位/q天王/n谭咏麟/nr、/wn张国荣/nr，/wd曾经/d一度/d被/pbei媒体/n称为/v天王/n的/ude1接班人/n。/wj
不久/m之后/f，/wd张学友/nr与/cc同/p为/v新人/n的/ude1吕/nr1方/d举办/v了/ule一/m场/qv名为/v双星/nz的/ude1演唱会/n。/wj
两/m人/n虽/c都/d是/vshi歌坛/n新星/n，/wd演唱会/n却/d场场/q爆满/vi，/wd这/rzv次/qv演唱会/n作为/v张学友/nr在/p红/a馆/ng的/ude1首/m次/qv重要/a演出/vn，/wd多/m年/qt之后/f，/wd他/rr的/ude1门票/n也/d成为/v张/nr1学友/n歌迷/n们/k的/ude1珍藏/n。/wj
鲁豫/nr2：/wp以前/f路过/v红/a馆/ng的/ude1时候/n，/wd有/vyou没有/d想/v过/uguo有/vyou一/m天/qt我/rr能够/v在/p这儿/rzs演出/v？/ww
张学友/nr：/wp没有/v，/wd完全/ad没有/v想/v过/uguo。/wj
鲁豫/nr2：/wp登/v上/f以后/f那种/r感受/v是/vshi什么/ry？/ww
张学友/nr：/wp其实/d很/d模糊/a，/wd因为/c其实/d你/rr站/vi在/p那边/rzs的/ude1时候/n，/wd真/a的/ude1没有/d像/v大家/rr想像/v的/ude1，/wd很多/m很多/m思绪/n什么/ry的/ude1都/d跑/v出来/vf了/y，/wd哇/y，/wd一下子/mq，/wd那/rzv就/d没法/v唱/v了/y，/wd其实/d也/d没有/v那么/rz戏剧性/n。/wj
但/c我/rr会/v有/vyou那种/r感觉/n，/wd啊/y，/wd我/rr终于/d站/vi在/p这儿/rzs了/y，/wd也/d很/d怕/v的/ude1，/wd真/a的/ude1很/d怕/v。/wj
站/vi在/p那边/rzs到底/d是/vshi怎么/ryv样子/n，/wd有时候/d很/d不安/a的/ude1感觉/n，/wd然后/c第一/m次/qv站/vi在/p一万/m多/m人/n面前/f唱歌/vi，/wd感觉/v自己/rr在/p抖/vi。/wj
我们/rr那个/rz时候/n真的/d是/vshi偶像/n，/wd还/d蛮/d热烈/a的/ude1，/wd算是/v数一数二/bl。/wj
解说/v：/wp在/p竞争/v激烈/a的/ude1香港/ns乐坛/n，/wd举办/v演唱会/n虽/c收入/n不菲/a，/wd但/c同样/d是/vshi风险/n很/d高/a的/ude1一/m项/q投资/vn，/wd娱乐/vn公司/n选中/v能/v举办/v个/q唱/v的/ude1歌手/n，/wd必定/d是/vshi具备/v实力/n、/wn歌迷/n群/q稳定/a的/ude1大/a牌/n歌手/n，/wd然而/c在/p当时/t，/wd出道/vi短短/z两/m年/qt时间/n的/ude1张学友/nr能/v在/p香港/ns红/a馆/ng举办/v个/q唱/v，/wd无疑/d令/v他/rr信心/n大/d增/v。/wj
1987年/t8月/t1日/t，/wd张学友/nr的/ude1首/m场/qv个人/n演唱会/n在/p香港/ns红/a墈/n体育馆/n举行/v。/wj
…/ws
…/ws
鲁豫/nr2：/wp那/rzv几/m年/qt势头/n特别/d特别/a地/ude2好/a，/wd有/vyou没/d有/vyou觉得/v我/rr会/v一直/d这样/rzv下去/vf，/wd就/d是/vshi成绩/n会/v一直/d很/d好/a？/ww
张学友/nr：/wp没有/v想/v过/uguo会/v不/d好/a。/wj
其实/d接下来/vl不好/a的/ude1时候/n就/d会/v很/d痛苦/an。/wj
鲁豫/nr2：/wp其实/d接下来/vl我们/rr要/v说/v的/ude1不好/a，/wd得/v看/v你/rr怎么/ryv说/v，/wd就是/v因为/c你/rr那个/rz开始/v的/ude1势头/n太/d猛/a了/y，/wd发展/v太/d快/a了/y，/wd所以/c接下来/vl一下子/mq好像/v觉得/v差别/n很/d大/a。/wj
歌迷/n们/k要/v包涵/vi一下/mq，/wd有时候/d毕竟/d会/v稍微/d地/ude2低/v一些/mq啊/y，/wd不/d是/vshi低谷/n，/wd就是/d有/vyou一/m段/q时间/n，/wd第三/m张/q唱片/n的/ude1成绩/n不/d是/vshi那么/rz的/ude1理想/n。/wj
解说/v：/wp尽管/c有/vyou了/ule头/m张/q专辑/n二十万/m张/q的/ude1迅猛/a劲头/n，/wd尽管/c是/vshi作为/p宝丽金/nr的/ude1力/n推/v新人/n，/wd可是/c从/p张学友/nr的/ude1第三/m张/q专辑/n开始/v，/wd唱片/n的/ude1销量/n就/d直线/d滑坡/vi。/wj
1987年/t，/wd是/vshi当时/t两/m大/a天王/n谭咏麟/nr、/wn张国荣/nr竞争/v最为/d激烈/a的/ude1一/m年/qt，/wd两/m人/n的/ude1歌曲/n几乎/d占据/v了/ule所有/b排行榜/n。/wj
同年/d张/nr1学友/n推出/v的/ude1几/m张/q唱片/n的/ude1销量/n一度/d跌/v到/v了/ule最/d低谷/n，/wd销量/n仅仅/d只/d有/vyou几万/m张/q，/wd媒体/n眼中/s昔日/t的/ude1天王/n接班人/n，/wd变成/v了/ule如今/t的/ude1票房/n毒药/n，/wd这/rzv令/v当时/t的/ude1张学友/nr状态/n非常/d低迷/a，/wd开始/v依靠/v酒精/n来/vf麻醉/v自己/rr。/wj
然而/c，/wd这样/rzv的/ude1日子/n在/p张学友/nr的/ude1生活/vn中/f，/wd整整/d持续/vi了/ule三/m年/qt。/wj
鲁豫/nr2：/wp其实/d你/rr要/v按/p现在/t标准/n来说/uls，/wd哪个/ry歌手/n一/m张/q唱片/n能够/v卖/v几万/m张/q，/wd那/rzv已经/d是/vshi挺/d不错/a的/ude1成绩/n了/y，/wd在/p当时/t是/vshi几万/m张/q的/ude1话/n，/wd对/p你/rr来说/uls就是/d一个/mq非常/d非常/d糟糕/a的/ude1成绩/n。/wj
张学友/nr：/wp我/rr没有/v几万/m张/q，/wd就/d两万/m张/q，/wd无/v三/m不/d成/v集/vg，/wd第三/m张/q还有/v十万/m，/wd后/f第四/m张/q八万/m，/wd后/f第五/m张/q最低/a。/wj
鲁豫/nr2：/wp这时候/rzt你/rr你/rr觉得/v自己/rr是/vshi一下子/mq下来/vf的/ude1，/wd还/d是/vshi慢慢/d的/ude1，/wd像/p整个/b世道/n也/d不/d是/vshi太/d好/a了/y？/ww
张学友/nr：/wp世道/n没有/v问题/n，/wd我/rr有/vyou问题/n，/wd它/rr还是/d有/vyou唱片/n卖/v很/d好/a。/wj
其实/d那个/rz时候/n你/rr看到/v它/rr是/vshi慢慢/d下来/vf的/ude1，/wd可是/c你/rr没/v办法/n接受/v那个/rz下来/vf，/wd所以/c我/rr的/ude1感觉/n，/wd我/rr现在/t跳/vi开/v，/wd跳/vi出/vf去/vf去/vf看/v，/wd觉得/v是/vshi慢慢/d下来/vf的/ude1。/wj
可是/c当/p我/rr第五/m张/q的/ude1时候/n，/wd我/rr是/vshi觉得/v，/wd啊/y，/wd怎么/ryv一下子/d变成/v这/rzv样子/n？/ww
鲁豫/nr2：/wp我们/rr说/v一下子/mq门前/s冷落/vn，/wd一/m夜/qt之间/f，/wd以/p前/f来/vf找/v你/rr的/ude1演出/vn啊/y，/wd什么/ry录音/n啊/e突然/a都/d没有/v了/y，/wd会/v有/vyou那么/rz快/a吗/y？/ww
张学友/nr：/wp还/d好/a啦/y，/wd可以/v接受/v。/wj
我们/rr做/v艺人/n就是/v这/rzv样子/n，/wd比如/v很多/m人/n对/p你/rr有/vyou兴趣/n的/ude1时候/n，/wd就/d有/vyou很多/m媒体/n找/v你/rr访问/v啊/y，/wd做/v封面/n啊/y，/wd什么/ry这个/rz那个/rz的/ude1，/wd什么/ry偶像/n，/wd什么/ry什么/ry。/wj
然后/c那段/r时间/n是/vshi很/d冷清/a的/ude1，/wd是/vshi真/a的/ude1很/d冷清/a，/wd心里/s很/d慌/a啦/y，/wd我/rr什么/ry都/d不/d会/v做/v，/wd自己/rr没有/v什么/ry专长/n，/wd我/rr觉得/v这个/rz是/vshi很/d危险/a的/ude1工作/vn，/wd是/vshi个/q很/d没有/v安全感/n的/ude1工作/vn。/wj
