据/p说/v你/rr从/p内/f到/v外/f，/wd穿/v什么/ry袜子/n，/wd打/v什么/ry领带/n，/wd穿/v什么/ry衬衫/n，/wd都/d是/vshi她/rr来/vf管/v。/wj
张学友/nr：/wp从/p前/f是/vshi妈妈/n，/wd有/vyou一/m段/q时间/n她/rr替/p我/rr，/wd一切/rz一切/rz都/d是/vshi她/rr来/vf打/v理/n。/wj
现在/t有/vyou了/ule孩子/n，/wd她/rr就/d我/rr有/vyou孩子/n我/rr不/d做/v了/ule这/rzv样子/n，/wd就/d辞职/vi了/y。/wj
鲁豫/nr2：/wp你/rr给/p她/rr薪水/n吗/y？/ww
张学友/nr：/wp她/rr做/v我/rr也/d要/v给/v，/wd不/d做/v我/rr也/d要/v给/v，/wd这个/rz没/v办法/n，/wd反正/d都/d是/vshi要/v给/v。/wj
解说/v：/wp2000年/t8月/t3日/t，/wd张学友/nr和/cc罗美薇/nr的/ude1女儿/n出生/vi，/wd取名/v张瑶华/nr；/wf2005年/t3月/t8日/t，/wd张学友/nr和/cc罗美薇/nr的/ude1第二/m个/q女儿/n出世/vi。/wj
歌/n神/n张学友/nr虽然/c演艺/n事业/n日趋/d繁忙/a，/wd但/c对/p家庭/n、/wn对/p女儿/n的/ude1细微/a照顾/vn，/wd在/p圈/n中/f也/d是/vshi颇/d有/vyou口碑/n的/ude1。/wj
2005年/t，/wd在/p香港/ns的/ude1模范/n夫妻/n调查/vn中/f，/wd他/rr然/c成为/v香港/ns人/n心目/n中/f的/ude1模范/n父亲/n。/wj
鲁豫/nr2：/wp不得了/al，/wd你/rr看/v啊/y，/wd击败/v香港/ns首富/n李嘉诚/nr，/wd还有/v特首/n曾荫权/nr，/wd当选/v最佳/z父亲/n。/wj
但/c说/v实话/n，/wd你/rr在/p家/n管/v小朋友/n吗/y？/ww
张学友/nr：/wp管/v，/wd我/rr在/p家/n就/d管/v，/wd我/rr在/p家/n大部分/m是/vshi我/rr带/v的/ude1，/wd喂奶/vi，/wd换/v尿布/n，/wd陪/v她/rr睡觉/vi。/wj
鲁豫/nr2：/wp换/v尿布/n，/wd你/rr换/v得/ude3很/d熟练/a吗/y？/ww
张学友/nr：/wp我/rr家/n现在/t有/vyou菲/b佣/ng，/wd我/rr还/d是/vshi比/p我/rr菲/b佣/ng做/v得/ude3好/a，/wd就/d把/pba腿/n一/d拧/v，/wd啪/o，/wd一/d弄/v，/wd很快/d，/wd还/d做/v得/ude3可以/v。/wj
…/ws
…/ws
结语/n：/wp采集/v人/n：/wp周灵/nr茵/ng正文/n：/wp鲁豫/nr2：/wp今天/t我们/rr的/ude1嘉宾/n是/vshi一/m位/q影星/n，/wd也/d是/vshi一/m位/q很/d有/vyou成绩/n的/ude1武术/n指导/vn，/wd现在/t还/d是/vshi一/m位/q新锐/n导演/n，/wd他/rr就/d是/vshi甄子丹/nr。/wj
您好/nl！/wt
好像/v这边/rzs起哄/vi的/ude1好多/m男孩/n，/wd你/rr是/vshi练/v武术/n的/ude1吗/y？/ww
是/vshi练/v什么/ry的/ude1？/ww
太极/nz、/wn散打/n还有/v什么/ry？/ww
观众/n：/wp跆拳道/n。/wj
鲁豫/nr2：/wp这些/rz你/rr都/d会/v吧/y。/wj
甄子丹/nr：/wp会/v一点/mq。/wj
鲁豫/nr2：/wp武术/n都/d是/vshi相通/vi的/ude1，/wd只要/c你/rr练/v过/uguo武术/n，/wd应该/v每/rz一个/mq器械/n都/d会/v。/wj
甄子丹/nr：/wp最高/a的/ude1境界/n应该/v是/vshi这样/rzv。/wj
鲁豫/nr2：/wp你/rr算/v过/uguo吗/y？/ww
你/rr练武/vi已经/d几/m年/qt了/y？/ww
甄子丹/nr：/wp三十一/m年/qt。/wj
鲁豫/nr2：/wp有/vyou这么/rz长/a时间/n吗/y，/wd你/rr看/v起来/vf就/d二十五/m岁/qt啊/y？/ww
甄子丹/nr：/wp比/p你/rr大/a一点/mq点/n。/wj
鲁豫/nr2：/wp我们/rr在/p银幕/n上/f看到/v甄子丹/nr，/wd永远/d都/d是/vshi扮演/v一个/mq武艺/n特别/d高/a强/a的/ude1人/n。/wj
当然/d亦/d正/d亦/d邪/a，/wd角色/n好/a的/ude1正面/n的/ude1也/d有/vyou，/wd反面/b的/ude1角色/n也/d都/d有/vyou，/wd但/c都/d是/vshi武功/n高强/a的/ude1人/n，/wd都/d是/vshi铮铮/z硬汉/n。/wj
今天/t我们/rr会/v讲/v一个/mq生活/vn当中/f的/ude1一个/mq武者/n，/wd一个/mq真正/b的/ude1武者/n是/vshi什么/ry样子/n。/wj
画外音/n：/wp甄子丹/nr的/ude1母亲/n麦宝婵/nr，/wd在/p上/f个/q世纪/n五六十/m年代/n，/wd是/vshi一/m位/q女高音/n歌唱家/n。/wj
1963年/t7月/t27日/t，/wd甄子丹/nr出生/vi在/p广州/ns。/wj
他/rr的/ude1父亲/n甄云龙/nr，/wd则/c是/vshi一/m位/q供职/vi于/p日报社/n的/ude1文字/n编辑/n。/wj
虽然/c出生/vi于/p中国/ns内地/s，/wd但/c甄子丹/nr不到/v两/m岁/qt时/ng，/wd他/rr便/d随/v家人/n迁居/v到/v香港/ns。/wj
后来/t在/p甄子丹/nr十/m岁/qt的/ude1时候/n，/wd全家人/n又/d再次/d迁居/v远/ad赴/v美国/nsf。/wj
在/p生/v下/vf甄子丹/nr后/f，/wd一直/d都/d体质/n虚弱/a的/ude1母亲/n麦宝婵/nr，/wd便/d开始/v研习/v中国/ns武术/n，/wd以/p强身健体/vl。/wj
而/cc迁居/v美国/nsf之后/f，/wd她/rr又/d广/ad收/v门徒/n，/wd并/cc一度/d跻身/v美国/nsf十/m大/a武术/n教头/n之/uzhi列/n。/wj
受到/v家庭/n熏陶/vn，/wd甄子丹/nr自然/d注定/v要/v和/cc中国/ns功夫/n结/v下/vf不解之缘/nl。/wj
而/cc对于/p这个/rz年/qt仅/d十几/m岁/qt的/ude1小/a男孩/n来说/uls，/wd对于/p中国/ns功夫/n，/wd他/rr却/d是/vshi颇/d有/vyou抵触/vn情绪/n。/wj
鲁豫/nr2：/wp完全/ad是/vshi你/rr妈妈/n把/pba你/rr引/v上/f这个/rz路/n的/ude1吗/y？/ww
甄子丹/nr：/wp对/v。/wj
鲁豫/nr2：/wp不/d是/vshi因为/p你/rr自己/rr喜欢/vi？/ww
甄子丹/nr：/wp不/d是/vshi。/wj
完全/ad是/vshi因为/p我/rr妈妈/n开/v武馆/n，/wd然后/c从小/d就/d在/p这种/r环境/n长大/vi。/wj
我/rr还/d记得/v我/rr小时候/t，/wd刚刚/d练武/vi的/ude1时候/n，/wd我/rr应该/v差不多/al九/m岁/qt的/ude1时候/n，/wd我/rr妈妈/n逼/v着/uzhe我/rr练武/vi，/wd我/rr就/d很/d讨厌/v练武/vi，/wd因为/c很/d辛苦/a嘛/y。/wj
每天/r大概/d五点/t多/a，/wd还/d没/d上学/vi之前/f，/wd她/rr就/d把/pba我/rr拉/v起来/vf，/wd拉/v筋/n啊/y、/wn压腿/vi啊/y，/wd每天/r都/d是/vshi这/rzv样子/n，/wd我/rr很/d讨厌/v，/wd压腿/vi很/d疼/a。/wj
鲁豫/nr2：/wp你/rr会/v不/d会/v哭/v那/rzv时候/n，/wd当时/t？/ww
甄子丹/nr：/wp当然/d会/v哭/v了/ule小孩子/n嘛/y。/wj
有/vyou时候/n我/rr不/d想/v练/v的/ude1时候/n，/wd我/rr爸爸/n就/d拿/v一/m条/q木棍/n就/d打/v。/wj
鲁豫/nr2：/wp真/a的/ude1打/v吗/y？/ww
甄子丹/nr：/wp真/d打/v，/wd有点/d像/v方世玉/nr的/ude1故事/n一样/uyy。/wj
鲁豫/nr2：/wp打/v哪儿/rys？/ww
甄子丹/nr：/wp全身/n打/v啊/y。/wj
鲁豫/nr2：/wp那/rzv会/v因此/c而/cc恨/v武术/n啊/y，/wd要是/c我/rr的/ude1话/n我/rr就/d不/d会/v。/wj
小孩/n都/d是/vshi这样/rzv，/wd父母/n逼/v着/uzhe你/rr练/v什么/ry，/wd你/rr不/d喜欢/vi练就/v会/v有/vyou逆反心理/n。/wj
甄子丹/nr：/wp对/v。/wj
鲁豫/nr2：/wp那/rzv你/rr就/d应该/v不/d喜欢/vi武术/n才/d对/v。/wj
甄子丹/nr：/wp刚/d开始/v不/d喜欢/vi，/wd后来/t慢慢/d地/ude2自己/rr在/p武术/n方面/n有/vyou进步/vn了/y，/wd提高/v了/y，/wd发现/v自己/rr在/p武术/n方面/n有/vyou天/n分/qt。/wj
鲁豫/nr2：/wp怎么/ryv叫/vi进步/vi了/y，/wd提高/v了/y？/ww
对/p你/rr来说/uls，/wd突然/ad有/vyou一/m天/qt什么/ry进步/vi了/y？/ww
甄子丹/nr：/wp你/rr自己/rr的/ude1身体/n四肢/n，/wd突然/ad间/v比/p以前/f…/ws
…/ws
你/rr可以/v做/v一些/mq事情/n，/wd做/v一些/mq动作/n小时候/t不/d能够/v做/v的/ude1，/wd才/d开始/v发现/v原来/d我/rr是/vshi练武/vi的/ude1材料/n，/wd那/rzv继续/v地/ude2去/vf练/v。/wj
甄子丹/nr：/wp那/rzv后来/t就/d当然/d是/vshi看/v武打/n电影/n，/wd好/a喜欢/vi看/v武打/n电影/n，/wd对/p武打/n电影/n所有/b的/ude1明星/n…/ws
…/ws
鲁豫/nr2：/wp受/v他们/rr的/ude1影响/vn？/ww
甄子丹/nr：/wp影响/v最/d大/a的/ude1当然/d是/vshi李小龙/nr。/wj
李小龙/nr应该/v是/vshi第一/m个/q走/v上/vf国际/n影坛/n的/ude1华人/n影星/n，/wd在/p国外/s你/rr一/d提/vBruceLee/x，/wd谁/ry都/d知道/v。/wj
鲁豫/nr2：/wp他/rr是/vshi你/rr当时/t的/ude1偶像/n，/wd现在/t可能/v也/d是/vshi。/wj
甄子丹/nr：/wp现在/t也/d是/vshi我/rr的/ude1偶像/n。/wj
鲁豫/nr2：/wp他/rr什么/ry地方/n最/d吸引/v你/rr当时/t？/ww
甄子丹/nr：/wp当时/t我/rr跟/p我/rr家/q人/n刚刚/d移居/v到/v美国/nsf，/wd小孩子/n他/rr肯定/d会/v有/vyou一个/mq偶像/n，/wd有/vyou一个/mq目标/n去/vf追求/v嘛/y，/wd当时/t李小龙/nr就/d给/v了/ule我/rr一个/mq很/d好/a的/ude1，/wd一个/mq很/d正面/b的/ude1榜样/n。/wj
鲁豫/nr2：/wp他/rr是/vshi一个/mq华人/n，/wd他/rr也/d是/vshi一个/mq移民/n，/wd他/rr也/d是/vshi练武/vi的/ude1，/wd就/d跟/p你/rr很/d像/v。/wj
