鲁豫/nr2：/wp今天/t我们/rr的/ude1嘉宾/n是/vshi一个/mq美国/nsf人/n，/wd他/rr叫/vi丁大卫/nrf，/wd他/rr是/vshi教师/n，/wd他/rr相信/v一点/mq就/d是/vshi如果/c要/v做/v教师/n的/ude1话/n，/wd就/d应该/v到/v最/d需要/v老师/n的/ude1地方/n去/vf。/wj
所以/c为了/p这个/rz信念/n他/rr不/d远/a万/m里/q来到/v中国/ns，/wd先/d在/p珠江/ns三角洲/n，/wd在/p珠海/ns待/vi了/ule一/m段/q时间/n，/wd然后/c到/v了/ule大西北/s，/wd在/p中国/ns已经/d待/vi了/ule十一/m年/qt的/ude1时间/n。/wj
字幕/n：/wp他/rr有/vyou一个/mq美国/nsf名字/nDavidDeems/x，/wd中文/nz译名/n丁/vg大卫/nrf，/wd大卫/nrf出生/vi在/p美国/nsf一个/mq中/f产/v家庭/n，/wd家中/s共有/v兄弟/n四/m个/q，/wd大学/n期间/f，/wd他/rr特意/d选择/v了/ule复杂/a难懂/a的/ude1中文/nz作为/v必修/vn的/ude1第二/m外语/n，/wd和/cc中文/nz的/ude1这次/r美丽/a结缘/vi，/wd使/v大卫/nrf对/p中国/ns产生/v了/ule强烈/a的/ude1向往/vn。/wj
1989年/t，/wd大卫/nrf来到/v北京大学/nt进修/v汉语/nz，/wd那/rzv段/q日子/n虽/c短暂/a却/d精彩/a，/wd大卫/nrf对/p中国/ns的/ude1认知/vn也/d日渐/d明晰/a。/wj
回国/vi后/f大卫/nrf继续/v攻读/v了/ule古典文学/n硕士/n学位/n，/wd期间/f他/rr确信/v最/d适合/v自己/rr的/ude1职业/n是/vshi老师/n。/wj
个性/n独立/a的/ude1大卫/nrf认为/v在/p教育/vn环境/n良好/a的/ude1美国/nsf做/v老师/n，/wd远/ad不如/v到/v一个/mq教育/vn相对/d并/d不/d发达/a的/ude1地区/n更/d有/vyou价值/n，/wd于是/cc他/rr选择/v了/ule有/vyou十三亿/m人口/n、/wn学生/n数量/n庞大/a、/wn相对/d更/d缺乏/v老师/n的/ude1中国/ns作为/p他/rr践/vg行/ng理想/a的/ude1家园/n。/wj
机缘/n巧合/vi，/wd1994年/t初/f，/wd去/vf香港/ns度假/vi的/ude1大卫/nrf结识/v了/ule一/m位/q名叫/v马丽/nr的/ude1中国/ns女士/n，/wd两/m人/n相/d谈/v甚/dg欢/a，/wd大卫/nrf于是/cc跟随/v马丽/nr来到/v珠海/ns的/ude1一/m所/q私立/b学校/n担任/v英语/nz教师/n。/wj
初/f进/vf学校/n，/wd大卫/nrf就/d主动/ad提出/v把/pba他/rr的/ude1工资/n降/v至/p和/cc其他/rzv老师/n同等/b标准/n，/wd接着/c，/wd他/rr又/d对/p学校/n提供/v给/p他/rr的/ude1住房/n待遇/n提出/v异议/n，/wd这些/rz举动/n为/v大卫/nrf赢得/v了/ule“/wyz美国/nsf活/n雷锋/nr”/wyy的/ude1称号/n。/wj
鲁豫/nr2：/wp我们/rr欢迎/v丁大卫/nrf，/wd丁大卫/nrf是/vshi我/rr在/p这个/rz环境/n里面/f采访/v过/uguo到/v目前/t为止/u最高/a的/ude1一个/mq嘉宾/n，/wd你/rr有/vyou多/m高/a？/ww
丁/vg大卫/nrf：/wp太/d高/a了/y，/wd一/m米/q九三/m。/wj
鲁豫/nr2：/wp海拔/n一/m米/q九三/m，/wd大卫/nrf有/vyou一个/mq特点/n你们/rr看/v不/d出来/vf，/wd但是/c我/rr听说/v我/rr还/d没/d能够/v观察/v到/v是/vshi不/d是/vshi？/ww
好像/v大卫/nrf从来/d不/d穿/v袜子/n？/ww
丁/vg大卫/nrf：/wp我/rr从小/d感觉/v到/v穿/v袜子/n不/d舒服/a的/ude1，/wd有点/d太/d热/a了/y，/wd所以/c我/rr就/d自然/a地/ude2把/pba它们/rr脱/v掉/v了/y，/wd再/d也/d没/d穿/v过/uguo。/wj
鲁豫/nr2：/wp冬天/t呢/y？/ww
丁/vg大卫/nrf：/wp冬天/t没/d感觉/v到/v冷/a，/wd我/rr小/a的/ude1时候/n我/rr妈/n说/v我/rr长/a个子/n长/a得/ude3那么/rz高/a，/wd我/rr的/ude1脚/n和/cc我/rr的/ude1脑袋/n太/d长/a了/y，/wd它们/rr听/v不/d到/v还有/v感觉/n不/d到/v，/wd所以/c可能/v脚/n冷/a，/wd但是/c我/rr根本/d不/d知道/v，/wd所以/c从来/d不/d穿/v袜子/n。/wj
鲁豫/nr2：/wp像/v大卫/nrf这样/rzv到/v中国/ns来/f教书/vi的/ude1外国人/n很多/m很多/m，/wd但是/c一般/ad都/d是/vshi在/p大/a城市/n里面/f的/ude1，/wd大学/n呀/y中学/n里边/f教书/vi，/wd大卫/nrf选择/v不/d一样/uyy，/wd当然/d他/rr第一/m站/q先/d去/vf珠海/ns，/wd到/v了/ule一个/mq挺/d好/a的/ude1一个/mq学校/n是/vshi不/d是/vshi？/ww
丁/vg大卫/nrf：/wp刚/d开始/v是/vshi珠海市/ns的/ude1第一/m所/q私立/b学校/n，/wd没/d办/v过/uguo私立/b学校/n，/wd这/rzv是/vshi第一/m所/q。/wj
鲁豫/nr2：/wp当时/t你/rr还/d记得/v你/rr去/vf跟/v校长/n或/c董事长/n提出/v要求/n，/wd说/v你/rr给/p我/rr降/v工资/n的/ude1时候/n，/wd她/rr的/ude1表情/n是/vshi什么/ry样子/n你/rr还/d记得/v吗/y？/ww
丁/vg大卫/nrf：/wp她/rr也/d有/vyou点/qt想/v不通/a的/ude1感觉/n。/wj
鲁豫/nr2：/wp老板/n就/d喜欢/vi这样/rzv的/ude1员工/n，/wd另外/c你/rr对/p你/rr住/vi的/ude1环境/n也/d不/d满意/v，/wd你/rr是/vshi觉得/v它/rr太/d好/a了/y？/ww
不/d是/vshi觉得/v不/d好/a，/wd是/vshi觉得/v太/d好/a了/y。/wj
丁/vg大卫/nrf：/wp我/rr不/d需要/v一个/mq冰箱/n，/wd我/rr也/d不/d怎么/ryv做/v菜/n，/wd还有/v那/rzv个/q空调/n，/wd在/p珠海/ns、/wn广东/ns都/d用/p空调/n，/wd但是/c我/rr不/d太/d习惯/v，/wd所以/c我/rr不/d想/v要/v。/wj
鲁豫/nr2：/wp那/rzv你/rr可以/v不/d用/p冰箱/n，/wd你/rr把/pba空调/n关/v了/ule不/d就/d行/vi了/y吗/y？/ww
丁/vg大卫/nrf：/wp关/v了/ule她/rr还/d可以/v把/pba空调/n让/v别人/rr用/v，/wd我/rr不/d用/v的/ude1我/rr又/d不/d想/v要/v。/wj
鲁豫/nr2：/wp你/rr觉得/v你/rr住/vi那/rzv房子/n太/d好/a了/y？/ww
你/rr希望/v住/vi到/v什么/ry地方/n去/vf？/ww
丁/vg大卫/nrf：/wp就/d跟/p老师/n们/k一块儿/d住/vi了/y。/wj
鲁豫/nr2：/wp别的/rzv老师/n们/k住/vi的/ude1什么样/ryv的/ude1环境/n？/ww
丁/vg大卫/nrf：/wp那边/rzs刚刚/d修/v出来/vf这个/rz楼房/n，/wd基本上/d两/m个/q睡/v在/p客厅/n的/ude1，/wd两/m个/q睡/v在/p几/m个/q卧室/n的/ude1，/wd八/m个/q人/n匀/v一/m套/q房/n，/wd所以/c我/rr就/d想/v睡/v那样/rzv的/ude1条件/n。/wj
鲁豫/nr2：/wp大家/rr见到/v活/n雷锋/nr了/y吧/y？/ww
他们/rr都/d说/v你/rr是/vshi活/n雷锋/nr，/wd你/rr是/vshi不/d是/vshi更/d希望/v，/wd比如说/vl有/vyou那/rzv种/q建筑/n工地/n那种/r工棚/n？/ww
如果/c有/vyou那样/rzv的/ude1话/n你/rr是/vshi不/d是/vshi会/v去/vf住/vi那儿/rzs？/ww
丁/vg大卫/nrf：/wp这个/rz还有/v故事/n，/wd你/rr听说/v一个/mq故事/n是/vshi不/d是/vshi？/ww
我们/rr的/ude1有/vyou一/m天/qt到/v了/ule我们/rr那个/rz房子/n，/wd因为/c她/rr有/vyou一个/mq小/a焊工/n给/p我/rr焊/v了/ule一个/mq铁床/n，/wd铁床/n两/m米/q过/vf了/y。/wj
鲁豫/nr2：/wp为什么/ryv焊/v铁床/n，/wd因为/c咱们/rr的/ude1床/n太/d小/a了/y，/wd他/rr一/m米/q九三/m。/wj
丁/vg大卫/nrf：/wp对/p，/wd我/rr个子/n也/d太/d高/a一点儿/mq，/wd他/rr焊/v了/ule那个/rz东西/n放/v在/p那儿/rzs，/wd马/nr1董事长/n一/d到/v我/rr房间/n看/v那/rzv个/q床/n挺/d好/a的/ude1，/wd但是/c蚊帐/n太/d矮/a了/ule太/d低/a了/y，/wd所以/c她/rr给/p我/rr说/v，/wd想/v让/v我/rr搬/v出去/vf，/wd我/rr说/v我/rr很/d喜欢/vi那个/rz房子/n。/wj
我们/rr在/p七/m楼/n，/wd对面/f就/d是/vshi一个/mq菜市场/n，/wd他们/rr要/v修/v一/m座/q楼/n，/wd那边/rzs都/d是/vshi打工仔/n在/p那个/rz地方/n要/v修/v楼/n，/wd你们/rr都/d知道/v那/rzv个/q广东/ns是/vshi什么/ry样子/n的/ude1，/wd他们/rr就/d非常/d热/a，/wd里面/f二十/m个/q人/n要/v一起/s住/vi，/wd然后/c没/v水/n又/d没/v厕所/n的/ude1。/wj
反正/d我/rr有/vyou一/m套/q房/n，/wd这么/rz好/a的/ude1条件/n，/wd我/rr说/v这个/rz床/n挺/d好/a的/ude1，/wd你/rr看/v外面/f的/ude1人/n住/vi的/ude1是/vshi什么样/ryv的/ude1条件/n？/ww
董事长/n老/a说/v那个/rz老外/n喜欢/vi跟/p打工仔/n还/d要/v比/p一/m比/p啦/y，/wd但是/c我/rr愿意/v住/vi那样/rzv的/ude1，/wd挺/d好/a的/ude1。/wj
鲁豫/nr2：/wp太/d可爱/a了/ule大卫/nrf，/wd大卫/nrf到/v中国/ns第一/m站/q在/p珠海/ns，/wd从/p工资/n比较/d高/a的/ude1降/v到/v了/ule工资/n…/ws
…/ws
其实/d工资/n本来/d也/d不/d是/vshi很/d高/a，/wd一千/m多/m块/q钱/n。/wj
然后/c降/v到/v了/ule更/d低/a一点/mq的/ude1，/wd住/vi的/ude1房子/n条件/n要/v再/d差/a一点/mq的/ude1，/wd他/rr还是/d觉得/v珠海/ns这个/rz环境/n太/d好/a了/y，/wd他/rr觉得/v如果/c是/vshi这么/rz好/a的/ude1环境/n的/ude1话/n，/wd他/rr来/vf了/ule没有/v什么/ry必要/an，/wd他/rr希望/v能够/v去/vf再/d艰苦/a一点/mq的/ude1，/wd他/rr想到/v了/ule哪儿/rys会/v更/d艰苦/a一点/mq，/wd比如说/vl中国/ns的/ude1西北/s可能/v会/v比/p珠海/ns要好/a一点儿/mq，/wd他/rr到/v了/ule中国/ns的/ude1西北/s先/d到/v了/ule甘肃/ns，/wd先/d到/v当地/s叫/vi西北/s民族/n学院/n。/wj
