解说/v：/wp1988年/t初/f，/wd电影/n《/wkz红/a高粱/n》/wky几乎/d在/p一/m夜/qt之间/f迅速/ad走红/vi，/wd一举/d夺得/v了/ule第38/m届/q西/f柏林/nsf国际/n电影节/n最佳/z影片/n金/nr1熊/n大奖/n，/wd成为/v中国/ns第一/m个/q走/v出/vf国门/n并/cc荣获/v国际/nA/x级/q电影节/n大奖/n的/ude1影片/n。/wj
至此/d，/wd小说/n《/wkz红/a高粱/n》/wky的/ude1作者/n莫言/nr的/ude1名声/n也/d随之/d达到/v了/ule一个/mq高/a点/qt。/wj
…/ws
…/ws
解说/v：/wp继/vg小说/n《/wkz红/a高粱/n家族/n》/wky后/f，/wd莫言/nr又/d紧接着/c推出/v了/ule两/m部/q小说/n《/wkz欢乐/a》/wky和/cc《/wkz红/a蝗/n》/wky，/wd这/rzv两/m部/q小说/n在/p当时/t的/ude1文坛/n引起/v了/ule不/d小/a争议/vn，/wd用/p莫/d言/vg自己/rr的/ude1话/n形容/v是/vshi毁誉参半/vl。/wj
上/f世纪/n八十/m年代/n末/f，/wd中国/ns文学界/n开始/v陷入/v了/ule一/m种/q青黄不接/vl的/ude1局面/n，/wd许多/m作家/n纷纷/d弃/vg笔/n从/p商/tg，/wd而/cc此时/r，/wd正/d在/p鲁迅/nr文学院/nt读/v研究生/n的/ude1莫言/nr也/d陷入/v一/m种/q前所未有/vl的/ude1写作/vn低潮/n期/qv，/wd他/rr几乎/d写/v不/d出/vf任何/rz得意/a的/ude1文章/n。/wj
在/p经历/v了/ule一/m次/qv写作/vn低谷/n之后/f，/wd1992年/t，/wd莫言/nr的/ude1长篇小说/nl《/wkz酒/n国/n》/wky问世/vi，/wd小说/n洋洋洒洒/al十万/m，/wd而/cc莫言/nr却/d是/vshi一气呵成/vl，/wd这/rzv让/v莫/d言/vg一时/t之间/f信心/n大/d增/v。/wj
时隔/v三/m年/qt，/wd1995年/t春节/t，/wd莫言/nr的/ude1母亲/n因/p病/n去世/vi，/wd而/cc此时/r，/wd莫言/nr开始/v想/v写/v一/m部/q书/n送给/v母亲/n。/wj
在/p完整/a的/ude1构思/vn之后/f，/wd小说/n《/wkz丰/ag乳/ng肥/n臀/ng》/wky问世/vi。/wj
而/cc在/p出版/v之/uzhi初/ng，/wd单单/d《/wkz丰/ag乳/ng肥/n臀/ng》/wky这/rzv本/q小说/n的/ude1名字/n，/wd就/d已经/d在/p文坛/n引起/v不/d小/a争议/vn。/wj
莫言/nr：/wp这/rzv本/q书/n，/wd我/rr觉着/v这个/rz书名/n跟/p内容/n应该/v是/vshi比较/d般配/a的/ude1，/wd因为/p当时/t出版社/n的/ude1编辑/n们/k对/p这个/rz书名/n也/d提出/v了/ule一些/mq异议/n、/wn疑问/n，/wd就是说/c假如/c这个/rz书名/n公布/v以后/f会/v不/d会/v招致/v很多/m的/ude1批判/vn。/wj
我/rr说/v宁愿/d挨/v批判/vn，/wd我/rr也/d不/d改/v这个/rz书名/n，/wd我/rr相信/v能够/v耐/v着/uzhe心/n读/v完/vi了/ule全书/n的/ude1读者/n，/wd他/rr会/v认可/vi这个/rz书名/n的/ude1。/wj
另外/c就/d是/vshi说/v这个/rz书/n在/p出版/v以后/f很/d短/a的/ude1时间/n内/f就/d获得/v了/ule这个/rz什么/ry大家/rr文学奖/n，/wd当时/t的/ude1奖金/n是/vshi人民币/n十万/m元/q嘛/y，/wd这/rzv在/p当时/t1995年/t的/ude1时候/n应该/v是/vshi很/d大/a的/ude1一/m笔/q数目/n。/wj
鲁豫/nr2：/wp那/rzv当时/t别人/rr批/v得/ude3那么/rz厉害/a，/wd您/rr觉得/v委屈/an不/d委屈/v？/ww
莫言/nr：/wp当时/t我/rr心里/s面/n当然/d还是/d感觉/v到/v满腹/b的/ude1牢骚/n，/wd委屈/v也/d说/v不/d上/f，/wd就/d满腹牢骚/vl。/wj
鲁豫/nr2：/wp在/p那个/rz时候/n有/vyou没/d有/vyou一些/mq读者/n给/p你/rr写信/vi？/ww
莫言/nr：/wp写/v的/ude1是/vshi特别/d尖酸/a刻薄/a的/ude1，/wd那个/rz信/n有/vyou两/m种/q，/wd一/m种/q是/vshi非常/d地/ude2尖酸/a刻薄/an，/wd甚至/c很/d多/ad带/v着/uzhe人身/n攻击/vn的/ude1这种/r东西/n，/wd包括/v一些/mq公开/ad发表/v的/ude1文章/n也/d都/d在/p公开/a地/ude2进行/vx人身/n攻击/v啊/y，/wd攻击/v我/rr的/ude1家庭/n啊/y，/wd就/d把/pba我/rr小说/n里/f的/ude1人物/n跟/p我/rr真实/a的/ude1生活/vn中/f的/ude1人物/n连/ulian起来/vf了/y，/wd把/pba我/rr跟/p小说/n里/f的/ude1某个/rz人物/n也/d完全/ad划/v等号/n了/y。/wj
那么/c这/rzv种/q文学/n批评/v我/rr觉得/v是/vshi完全/ad是/vshi一/m种/q不/d讲/v道理/n的/ude1，/wd违背/v了/ule文学/n批评/vn的/ude1基本/a规律/n的/ude1批评/vn。/wj
那么/rz当然/d有/vyou一些/mq信/n，/wd有/vyou一些/mq文章/n，/wd他们/rr就/d很/d喜欢/vi这/rzv本/q书/n，/wd他/rr说/v这/rzv本/q书/n很/d厚重/a，/wd也/d是/vshi真实/a的/ude1历史/n，/wd也/d有/vyou很多/m的/ude1溢美之词/nl了/y。/wj
有/vyou两/m种/q截然/d相反/vi的/ude1、/wn斗/v狠/d激烈/a的/ude1、/wn调/v得/ude3度/v很/d高/a的/ude1意见/n。/wj
鲁豫/nr2：/wp我/rr觉得/v您/rr一直/d特别/d逗/v啊/y，/wd一直/d想/v离开/v农村/n，/wd但/c书/n里面/f内容/n其实/d都/d是/vshi跟/p农村/n有关/vn的/ude1。/wj
您/rr再/d回到/v那/rzv个/q村/n里面/f，/wd村里/n面人/n现在/t怎么/ryv看/v您/rr？/ww
莫言/nr：/wp我/rr现在/t回去/v以后/f，/wd我/rr还是/d很/d低/a调/v的/ude1嘛/y，/wd因为/c我/rr知道/v没什么/vl了不起/a的/ude1，/wd他们/rr也/d觉得/v你/rr没什么/vl了不起/a。/wj
我们/rr山东/ns它/rr很/d怪/a，/wd是/vshi一个/mq官本位/n很/d重/a的/ude1地方/n，/wd包括/v我/rr的/ude1一些/mq长辈/n们/k，/wd他/rr先/d问/v你/rr你/rr在/p外边/f干/v嘛/y呀/y，/wd干/v到/v什么/ry级别/n了/y，/wd有人/r说/v是/vshi个/q作家/n，/wd作家/n相当/d于/p一个/mq什么/ry级别/n，/wd我/rr说/v跟/p这个/rz县委/n书记/n差不多/al大/a了/y。/wj
鲁豫/nr2：/wp您/rr现在/t给/p自己/rr定/v计划/n吗/y，/wd每年/r我/rr要/v写/v多少/ry，/wd出/vf几/m本/q书/n？/ww
莫言/nr：/wp我/rr没有/v任何/rz计划/n的/ude1。/wj
我/rr这个/rz写作/vn实际上/d是/vshi很/d懒惰/a的/ude1，/wd有人/r说/v我/rr是/vshi个/q高产/b作家/n，/wd多/ad产/v作家/n，/wd勤奋/a的/ude1作家/n，/wd实际上/d这/rzv绝对/d是/vshi不对/a的/ude1。/wj
我/rr从/p1981年/t发表/v作品/n，/wd到/p现在/t二十五/m年/qt，/wd我/rr出/vf的/ude1书/n也/d就/d是/vshi二十/m本/q，/wd每年/r都/d平均/a不/d上/vf一/m本/q书/n。/wj
而且/c我/rr的/ude1写作/vn的/ude1时间/n都/d是/vshi非常/d短促/a的/ude1，/wd一/m部/q长篇/b，/wd像/p这个/rz《/wkz生死/n疲劳/an》/wky，/wd四十九万/m多/m字/n，/wd我/rr写/v四十三/m天/qt。/wj
那/c我/rr现在/t累计/v的/ude1计算/vn一下/mq，/wd就是/v我/rr这/rzv二十五/m年/qt来/f的/ude1纯粹/a的/ude1写作/vn时间/n，/wd加/v起来/vf不/d会/v超过/v三/m年/qt的/ude1，/wd其它/rz的/ude1时间/n我/rr都/d不/d知道/v干什么/vi，/wd晃/v过去/vf了/y。/wj
鲁豫/nr2：/wp每次/r新书/n出来/vf之前/f会/v不/d会/v紧张/a？/ww
莫言/nr：/wp我/rr是/vshi一个/mq不/d自信/a的/ude1人/n，/wd我/rr在/p创作/vn过程/n当中/f那/rzv是/vshi所向披靡/vl，/wd什么/ry都/d不怕/v，/wd我/rr觉得/v我/rr就/d是/vshi上帝/n，/wd我/rr想/v怎么/ryv写/v就/d怎么/ryv写/v，/wd写/v得/ude3越/d狂/a、/wn越野/vn、/wn越/d大胆/a、/wn越/d冲破/v清规戒律/nl越/d好/a。/wj
但/c写/v完/vi以后/f，/wd我/rr就/d战战兢兢/dl、/wn忐忑不安/vl，/wd一点/mq都/d没有/d把握/v。/wj
我/rr把/pba书/n送给/v别人/rr，/wd就/d想/v听/v到/v别人/rr的/ude1反馈/vn，/wd但是/c我/rr又/d不好意思/a去/vf问/v人家/n，/wd一/d问/v人家/n，/wd人家/rr肯定/d说/v很/d好/a，/wd很/d好/a，/wd是/vshi吧/y？/ww
我/rr就/d等待/v着/uzhe别人/rr看/v了/ule以后/f，/wd真是/d按捺不住/vl地/ude2告诉/v我/rr，/wd这/rzv本/q书/n很/d好看/a。/wj
每个/r人/n都/d希望/v自己/rr的/ude1孩子/n被/pbei别人/rr夸奖/v，/wd这种/r心理/n跟/p作家/n希望/v自己/rr的/ude1作品/n被/pbei别人/rr喜欢/vi是/vshi一样/a的/ude1。/wj
鲁豫/nr2：/wp那/rzv现在/t您/rr就/d处于/v那个/rz战战兢兢/dl的/ude1那个/rz时候/n吧/y？/ww
因为/c正是/v新书/n要/v上/f来/vf的/ude1时候/n。/wj
莫言/nr：/wp新书/n这/rzv两/m天/qt我/rr得到/v了/ule一些/mq反馈/vn，/wd还/d是/vshi不错/a的/ude1。/wj
就/p刚才/t有/vyou一个/mq报纸/n的/ude1年轻/a的/ude1朋友/n给/p我/rr发/v短/a信/n说/v，/wd《/wkz生死/n疲劳/an》/wky这/rzv本/q书/n太/d好/a看/v了/y，/wd说/v肯定/d是/vshi2006年/t最/d好/a的/ude1一/m本/q书/n，/wd那/c我/rr感觉/v到/v很/d高兴/a啦/y，/wd因为/c这/rzv是/vshi一个/mq年轻/a的/ude1朋友/n，/wd因为/c我/rr写/v的/ude1是/vshi农村/n，/wd农村/n的/ude1历史/n，/wd又/d用/v了/ule这种/r神/n神/n鬼/n鬼/a的/ude1，/wd什么/ry牛马/n、/wn猪/n狗/n的/ude1视角/n，/wd六/m道/qv轮回/vn这种/r思想/n，/wd我/rr觉得/v这种/r年轻人/n可能/v很/d难/ad接受/v。/wj
