直到/v1908年/t以后/f，/wd事情/n才/d开始/v有/vyou了/ule改变/v。/wj
…/ws
…/ws
结语/n：/wp采集/v人/n：/wp周灵/nr茵/ng正文/n：/wp解说/v：/wp既/c看/v不/d到/v醒目/a的/ude1牌匾/n，/wd也/d没有/d招/v人/n的/ude1幌子/n，/wd而/cc厉/ag家/n菜/n却/d在/p英国/ns驻华/vn大使/n伊/b文思/n的/ude1口头/n宣传/v下/vf迅速/a声名/n远/ad播/v。/wj
一/m传/v十/m，/wd十/m传/v百/m，/wd随之/d，/wd羊/n房/n胡同/n11/m号/q的/ude1名声/n开始/v漂洋过海/vl，/wd厉/ag家/n菜/n这/rzv三/m个/q字/n也/d开始/v出现/v在/p各个/rz国家/n的/ude1报刊/n杂志/n上/f。/wj
在/p当时/t，/wd以色列/nsf大使/n就是/v在/p耶路撒冷/nsf报/n上/f看到/v厉/ag先生/n在/p自家/rr门口/s的/ude1照片/n，/wd手/n持/v报纸/n一路/mq寻/v来/vf。/wj
此后/t，/wd这个/rz隐匿/v于/p小/a胡同/n里/f的/ude1厉/ag家/n菜/n却/d见识/v着/uzhe越来越/d多/a的/ude1国家/n显要/a。/wj
在/p厉/ag家/n菜/n餐馆/n的/ude1左面/f墙上/s，/wd镶/v着/uzheIBM/x亚太地区/n总裁/n伯乐/n先生/n的/ude1一/m封/q信/n，/wd信/n上/f写道/v：/wp我/rr在/p北京/ns生活/vi了/ule四/m年/qt，/wd我/rr的/ude1任期/n就/d要/v结束/v了/y，/wd我/rr忘不了/v厉/ag家/n菜/n。/wj
瑞士/nsf大使/n舒爱/nr文/ng就餐/vi后/f也/d曾/d留言/vi说/v：/wp世界/n上/f最/d好吃/a的/ude1菜/n，/wd衷心/d地/ude2感谢/v。/wj
而/cc美国/nsf海军/n作战/vn部/q部长/n餐/ng后/f无/v以/p为/v谢/nr1，/wd竟/d摘/v下/vf自己/rr的/ude1胸章/n，/wd执意/d留给/v厉/ag先生/n以/p示/vg感谢/v。/wj
如今/t，/wd尽管/c厉/ag家/n菜/n已经/d名声/n在/p外/f，/wd但/c小/a店/n的/ude1风格/n依旧/z，/wd依然/d简朴/a，/wd无/v太/d多/a修饰/vn，/wd依然/d只/d做/v晚餐/n，/wd不许/d客人/n点菜/vi，/wd依然/d要/v提前/vd预订/v才/d能/v用餐/vi。/wj
厉善麟/nr：/wp我们/rr那边/rzs有/vyou一个/mq三轮车/n胡同/n游/ng，/wd有些/rz车夫/n有些/rz地方/n说/v的/ude1不/d太/d确切/a，/wd说/v我们/rr这/rzv厉/ag家当/n初/f给/p皇上/n做菜/vi的/ude1—/wp我/rr都/d不知/v给/v哪个/ry皇上/n做/v过/uguo菜/n？/ww
这/rzv是/vshi第一/m。/wj
第二/m，/wd还有/v说/v得/ude3更/d离奇/a的/ude1，/wd说/v我们/rr当/v时/ng给/p秦始皇/nr做/v过/uguo菜/n，/wd我/rr说/v我们/rr都/d成/v兵马俑/n了/y。/wj
你/rr要/v在/p我们/rr家/n那/rzv门口/s11/m号/q，/wd你/rr关/v着/uzhe门/n，/wd在/p门/n里头/f听见/v三轮车/n一/m过/vf就/d说/v上/vf了/y，/wd这/rzv11/m号/q，/wd这/rzv世界/n有名/a啊/y，/wd好/a些/q总统/n、/wn大/a官/n都/d来/vf过/uguo，/wd就/d是/vshi他/rr这/rzv给/p介绍/v，/wd他/rr这/rzv介绍/v我/rr也/d不/d便/d说/v，/wd他/rr爱/v怎么/ryv说/v就/d怎么/ryv说/v吧/y。/wj
鲁豫/nr2：/wp但是/c刚才/t他/rr说/v提前/v四/m天/qt订/v，/wd这个/rz是/vshi对/p的/ude1吗/y？/ww
厉善麟/nr：/wp一两/m天/qt。/wj
当初/t是/vshi一个/mq月/n两/m个/q月/n订/v不/d上/f，/wd因为/c大使馆/n一个/mq挨着/v一个/mq的/ude1订/v，/wd而且/c从/p前/f就/d一/m张/q桌/ng。/wj
鲁豫/nr2：/wp今天/t我/rr知道/v现场/s有/vyou几/m个/q观众/n有/vyou问题/n，/wd关于/p厉/ag家/n菜/n，/wd关于/p厉老/nr的/ude1。/wj
观众/n：/wp主持人/n，/wd大家/rr好/a，/wd我/rr是/vshi来自/v首都/n经济/n贸易/vn大学/n工商/n管理/vn学院/n的/ude1同学/n，/wd我/rr听/v完/vi刚才/t您/rr说/v这么/rz多/a东西/n吧/y，/wd我/rr觉得/v特别/a的/ude1好奇/a，/wd我/rr觉得/v厉/ag家/n菜/n特别/d神奇/a。/wj
然后/c有/vyou一个/mq很/d幼稚/a的/ude1问题/n想/v问/v您/rr，/wd就是/v您/rr现在/t做/v的/ude1菜/n，/wd所有/b的/ude1菜/n，/wd是/vshi不/d是/vshi慈禧/nr2太后/n都/d吃/v过/uguo？/ww
谢谢/v。/wj
鲁豫/nr2：/wp慈/ag禧/ng都/d吃/v过/uguo吗/y？/ww
厉善麟/nr：/wp我们/rr做/v的/ude1这个/rz菜/n，/wd按/p这/rzv一/m桌/q宴席/n，/wd一/m桌/q一/m桌/q宴席/n做/v的/ude1，/wd不同/a的/ude1宴席/n又/d构成/v不同/a的/ude1套餐/n，/wd不同/a的/ude1套餐/n里头/f都/d含/v得/ude3有/vyou什么/ry东西/n呢/y？/ww
有/vyou60%/m以上/f叫做/v宫廷/n风味/n，/wd我们/rr不/d叫/vi宫廷/n菜/n，/wd这里/rzs有/vyou什么/ry区别/n？/ww
我们/rr这/rzv60%/m宫廷/n风味/n就/d具体/a来说/uls，/wd就是/d仿造/v当时/t慈禧/nr2太后/n吃/v的/ude1菜/n做/v的/ude1，/wd为什么/ryv不/d叫菜/vi呢/y？/ww
因为/p我们/rr做/v这/rzv菜/n没有/v一个/mq菜/n是/vshi慈禧/nr2太后/n吃/v过/uguo的/ude1，/wd这/rzv句/q话/n怎么/ryv讲/v？/ww
就/d是/vshi慈禧/nr2太后/n吃/v的/ude1那/rzv原料/n现在/t能/v有/vyou吗/y？/ww
她/rr吃/v这/rzv胡萝卜/n，/wd举/v个/q例子/n啊/y，/wd我们/rr这里/rzs就/d有/vyou胡萝卜/n，/wd这/rzv胡萝卜/n当时/t吃/v不/d是/vshi这/rzv色/q，/wd这/rzv是/vshi橘黄/b色/ng，/wd咱们/rr北京/ns管/v它/rr叫/vi洋/ag胡萝卜/n，/wd顾名思义/vl，/wd就/d不/d是/vshi咱们/rr这儿/rzs的/ude1。/wj
慈禧/nr2太后/n吃/v的/ude1什么/ry胡萝卜/n？/ww
叫做/v鞭/ng杆/ng红/a，/wd这个/rz鞭/ng杆/ng就/d说明/v它/rr的/ude1样子/n，/wd这/rzv头/q粗/a，/wd这/rzv头/q细/a，/wd挺/d长/a的/ude1，/wd红/a是/vshi说/v它/rr颜色/n。/wj
现在/t买/v不/d着/uzhe了/y，/wd吃/v不/d着/uzhe了/y。/wj
所以/c你/rr能/v说/v我/rr这/rzv菜/n就/d是/vshi慈禧/nr2太后/n吃/v过/uguo的/ude1吗/y？/ww
那/rzv不/d是/vshi骗人/vi吗/y？/ww
不/d能/v这样/rzv。/wj
所以/c今天/t在/p世界/n上/f，/wd我/rr认为/v各行各业/nl最/d重要/a就/d是/vshi诚信/a。/wj
解说/v：/wp1998年/t，/wd红极一时/vl的/ude1羊/n房/n11/m号/q正式/ad结束/v了/ule一/m张/q桌/ng的/ude1时代/n，/wd以/p两百/m元/q到/v两千/m元/q一/m位/q的/ude1标准/n推出/v了/ule系列/q套餐/n。/wj
此时/r，/wd厉善麟/nr宣布/v钱/n要/v多/ad赚/v，/wd但/c规矩/n不/d能/v变/v，/wd厉/ag家/n菜/n加/v桌/ng不/d加/v餐/ng，/wd依然/d一/m天/qt就/d一/m顿/qv，/wd不许/d点菜/vi，/wd提前/vd预订/v。/wj
这/rzv一/m年/qt，/wd厉善麟/nr78/m岁/qt，/wd而/cc此时/r，/wd中国/ns网络/n正/d飞速/d发展/v，/wd一/m条/q厉/ag家/n有/vyou三/m宝/n的/ude1消息/n，/wd通过/p网络/n传遍/v了/ule大江南北/nl，/wd除了/p美味/n，/wd羊/n房/n11/m号/q又/d多/a了/ule一分/t神秘/a。/wj
鲁豫/nr2：/wp您/rr为什么/ryv不/d在/p这/rzv羊/n房/n11/m号/q旁边/f挂/v一个/mq厉/ag家/n菜/n的/ude1那/rzv个/q牌子/n，/wd然后/c比如说/vl画/v一个/mq箭头/n，/wd往/p前/f边/d一百/m米/q就/d是/vshi什么/ry的/ude1？/ww
他们/rr说/v特别/d不好/a找/v。/wj
厉善麟/nr：/wp这个/rz怎么/ryv说/v呢/y？/ww
你/rr比如说/vl我/rr在/p街道/n口/n那儿/rzs画/v一个/mq，/wd挺/d好/a找/v，/wd可/v这/rzv你/rr得/v报/n公安/n，/wd你/rr得/v报/n城管/n，/wd他/rr不/d批/v你/rr就/d麻烦/a了/y，/wd所以/c这个/rz也/d很/d难/a批/q。/wj
另外/rz呢/y，/wd我/rr这儿/rzs挂/v着/uzhe一个/mq厉/ag家/n菜/n餐馆/n，/wd一/d看/v这/rzv是/vshi一/m餐馆/n，/wd随便/ad全/a进来/vf了/y，/wd夏/tg景天/n儿/ng了/y，/wd人/n进/vf来说/vi到/v我们/rr这儿/rzs了解/v点/qt情况/n，/wd有/vyou好/a些/q人/n夏/tg景天/n儿/k走/v热/a了/y，/wd有/vyou那/rzv空调/n他/rr凉快/a来/vf了/y，/wd冬天/t了/ule取/v取暖/vi，/wd这/rzv不/d是/vshi正是/v的/ude1特别/a麻烦/an。/wj
你/rr要/v不/d当时/t不/d订餐/v你/rr还/d不/d能/v来/vf，/wd是/vshi不/d是/vshi？/ww
他/rr到/v这儿/rzs来/f也/d白/a来/vf一/m趟/qv，/wd所以/c我/rr就/d没/d挂/v这个/rz。/wj
基本上/d差不多/al人/n都/d知道/v的/ude1，/wd都/d靠/v口碑/n、/wn口传/v，/wd都/d知道/v，/wd也/d就/d不/d用/v，/wd没/d必要/a了/y。/wj
鲁豫/nr2：/wp真/d想/v吃/v的/ude1也/d能/v找/v着/uzhe。/wj
你/rr看/v厉老/nr这个/rz名片/n上/f写/v着/uzhe“/wyz厉/ag家/n菜/n创办/v人/n顾问/n”/wyy，/wd下边/f还有/v一/m行/q字/n—/wp“/wyz应用/vn数学/n教授/n”/wyy。/wj
