鲁豫/nr2：/wp我们/rr欢迎/v蓓蓓/nr。/wj
很/d漂亮/a、/wn很/d可爱/a的/ude1一个/mq孩子/n啊/y！/wt
蓓蓓/nr到/v北京/ns来/vf这/rzv次/qv就/d是/vshi考/v北京/ns的/ude1艺术/n类/q的/ude1院校/n，/wd一共/d报/v了/ule几/m个/q学校/n？/ww
于/p蓓蓓/nr：/wp我/rr数/v一/m下/vf啊/y，/wd军艺/n、/wn北/f电/n、/wn中/b戏/n、/wn国/n戏/n，/wd还有/v传媒/n，/wd五/m个/q吧/y。/wj
鲁豫/nr2：/wp这些/rz学校/n你/rr都/d报/v的/ude1是/vshi表演/v专业/n？/ww
于/p蓓蓓/nr：/wp表演/v，/wd全都/d是/vshi表演/vn。/wj
鲁豫/nr2：/wp那么/c要/v在/p多/m长/a时间/n之/uzhi内/f完成/v这么/rz多/a考试/vn？/ww
于/p蓓蓓/nr：/wp将/d近/a一个/mq月/n。/wj
鲁豫/nr2：/wp需要/v像/v赶场/vn一样/uyy的/ude1考/v吗/y？/ww
于/p蓓蓓/nr：/wp需要/v，/wd很/d需要/v，/wd那天/r就/d那样/rzv，/wd那/rzv天/qt上午/t是/vshi中/b戏/n的/ude1三/m试/v，/wd下午/t是/vshi国/n戏/n的/ude1三/m试/v，/wd然后/c我/rr中午/t就/d来回/vd跑/v。/wj
我/rr上午/t中/f戏/n，/wd正好/z是/vshi第三/m场/qv才/d考/v到/v我/rr，/wd将/d近/v十二点/t才/d考/v完/vi，/wd然后/c下午/t一点/mq去/vf国/n戏/n，/wd在/p路上/s我/rr就/d赶快/d换/v衣服/n，/wd赶快/d吃/v东西/n，/wd然后/c还/d睡/v了/ule一/m觉/ng，/wd插/v空/ng也/d睡/v了/ule一/m觉/ng，/wd然后/c跑/v到/v国/n戏/n去/vf考/v的/ude1三/m试/v。/wj
鲁豫/nr2：/wp你/rr第一/m次/qv去/vf考/v的/ude1是/vshi哪个/ry学校/n？/ww
于/p蓓蓓/nr：/wp第一/m场/qv是/vshi北京/ns电影/n学院/n，/wd初试/vi是/vshi台词/n和/cc表演/vn。/wj
鲁豫/nr2：/wp你/rr考/v得/ude3好/a吗/y？/ww
于/p蓓蓓/nr：/wp考/v得/ude3还/d行/vi，/wd我/rr觉着/v还/d行/vi。/wj
鲁豫/nr2：/wp紧张/a不/d紧张/a？/ww
于/p蓓蓓/nr：/wp紧张/a，/wd因为/c我/rr是/vshi应届/b考生/n嘛/y，/wd我/rr哥哥/n上午/t去/vf考/v了/y，/wd哥哥/n上午/t考/v北电/n，/wd我们/rr报名/vi错开/v了/ule报/n，/wd我/rr下午/t去/vf考/v。/wj
我/rr上午/t在/p家/n就/d特/d紧张/a，/wd因为/c我/rr没有/d经历/v过/uguo，/wd我/rr就/d不/d知道/v这/rzv一/m群/q考场/n里面/f是/vshi什么样/ryv的/ude1人/n，/wd是/vshi什么样/ryv的/ude1一个/mq专业/n水平/n，/wd所以/c我/rr就/d很/d紧张/a。/wj
然后/c去/vf了/ule以后/f，/wd我们/rr是/vshi24/m个/q人/n一个/mq考场/n，/wd八/m个/q人/n一/m组/q，/wd我/rr是/vshi第三/m组/q。/wj
前面/f那/rzv一/m组/q所有/b人/n念/v完/vi台词/n以后/f，/wd我/rr就/d一点/mq都/d不/d紧张/a了/y，/wd我/rr就/d很/d有/vyou自信/a了/y，/wd因为/c确实/ad是/vshi什么/ry人/n都/d有/vyou，/wd初试/vi的/ude1时候/n，/wd拿/v着/uzhe东西/n念/v的/ude1，/wd还有/v就/d是/vshi念/v京剧/n念白/n的/ude1，/wd还有/v那/rzv种/q声音/n特别/d特别/d小/a、/wn听/v不/d清楚/a的/ude1那/rzv种/q。/wj
鲁豫/nr2：/wp你/rr当时/t念/v的/ude1是/vshi什么/ry？/ww
于/p蓓蓓/nr：/wp当时/t是/vshi《/wkz卖/v火柴/n的/ude1小/a女孩/n》/wky。/wj
鲁豫/nr2：/wp你/rr觉得/v你/rr表演/v得/ude3还/d不错/a？/ww
于/p蓓蓓/nr：/wp我/rr觉得/v只/d是/vshi发挥/v的/ude1我/rr的/ude1水平/n。/wj
鲁豫/nr2：/wp你/rr家/n在/p山东/ns，/wd那么/c到/v北京/ns来/f考试/vi，/wd你/rr父母/n都/d要/v丢掉/v工作/vn陪/v你/rr到/v北京/ns来/f考试/vi吗/y？/ww
于/p蓓蓓/nr：/wp我/rr爸爸/n一直/d陪/v着/uzhe。/wj
鲁豫/nr2：/wp我/rr觉得/v当/p父母/n的/ude1特别/d不/d容易/a，/wd蓓蓓/nr他们/rr在/p考试/vi的/ude1时候/n正是/v北京/ns最/d冷/a的/ude1时候/n，/wd2月份/t。/wj
那么/rz蓓蓓/nr他们/rr在/p里面/f考试/vi，/wd家长/n，/wd像/p蓓蓓/nr的/ude1爸爸/n，/wd还有/v很多/m考生/n的/ude1家长/n，/wd在/p外面/f那么/rz冷/a的/ude1地方/n就/d一直/d等/v着/uzhe他们/rr，/wd非常/d的/ude1不/d容易/a。/wj
解说/v：/wp2月/t之/uzhi初/ng，/wd北京/ns的/ude1天气/n依然/d寒冷/a，/wd很多/m学校/n特别/d给/p家长/n增设/v了/ule等待/v考生/n的/ude1教室/n。/wj
但是/c为了/p能够/v让/v走/v出/vf考场/n的/ude1孩子/n第一/m时间/n看到/v自己/rr，/wd大多数/m的/ude1父母/n们/k还是/d选择/v守候/v在/p学校/n门外/s。/wj
寒冷/a之中/f，/wd他们/rr相互/d谈论/v着/uzhe、/wn咨询/v着/uzhe。/wj
在/p专业/n发榜/v处/vi，/wd家长/n陪/v孩子/n一起/s欢心/n落泪/vi也/d竟是/v考场/n外/f的/ude1一/m道/qv特殊/a的/ude1风景/n。/wj
有/vyou的/ude1家长/n明/tg知道/v孩子/n可能/v暂时/d不/d具备/v这/rzv方面/n能力/n，/wd明/tg知道/v这/rzv是/vshi一/m场/qv注定/v没有/v结果/n的/ude1考试/vn，/wd他们/rr还/d是/vshi甘心情愿/vl的/ude1陪/v孩子/n来到/v北京/ns，/wd做/v子女/n的/ude1坚强/a后盾/n。/wj
…/ws
…/ws
鲁豫/nr2：/wp下面/f这/rzv位/q嘉宾/n，/wd他/rr现在/t是/vshi一个/mq挺/d好/a的/ude1演员/n，/wd他/rr是/vshi电影/n学院/n表演/vn系/n97/m级/q的/ude1学生/n，/wd那/rzv个/q班/n出/vf了/ule很多/m非常/d出色/a的/ude1明星/n。/wj
但/c他/rr考/v北京/ns电影/n学院/n的/ude1经历/n非常/d的/ude1坎坷/an，/wd虽然/c只/d考/v过/uguo两/m次/qv，/wd但是/c横跨/v了/ule很多/m年/qt，/wd非常/d坎坷/a的/ude1经历/n。/wj
解说/v：/wp郭晓冬/nr出生/vi在/p山东/ns临沂/ns的/ude1农村/n，/wd虽然/c父母/n都/d是/vshi以/p务农/vi为/p生计/n的/ude1纯朴/a农民/n，/wd但/c全家人/n对/p文艺/n的/ude1爱好/n对/p郭晓冬/nr产生/v了/ule潜移默化/vl的/ude1影响/vn。/wj
到/v晓/tg冬/tg十/m多/m岁/qt的/ude1时候/n，/wd尽管/c村子/n里/f文化/n生活/vn贫乏/an，/wd尽管/c没有/d合适/a的/ude1机会/n发挥/v自己/rr的/ude1文艺/n特长/n，/wd但/c种种/q因素/n都/d没有/d阻挡/v过/uguo晓冬/nr2身上/s继续/v疯长/v的/ude1艺术/n细胞/n，/wd反而/d让/v他/rr找到/v了/ule属于/v自己/rr的/ude1一/m套/q自娱/vi自乐/a的/ude1方式/n。/wj
每/rz到/v农闲/b的/ude1时候/n，/wd郭晓冬/nr家里/s肯定/d成为/v村里/n的/ude1表演/vn基地/n，/wd青年人/n聚/v在/p一起/s自/d编/v自/rr演/v、/wn唱歌/vi跳舞/vi，/wd共度/v了/ule无数/m快乐/a时光/n。/wj
虽然/c村民/n们/k对于/p年轻人/n的/ude1文艺/n热情/ad给予/vx了/ule不务正业/vl的/ude1评价/vn，/wd但/c晓冬/nr2仍然/d乐此不疲/vl，/wd而/cc没/d想到/v就是/v这些/rz文艺/n特长/n让/v郭晓冬/nr这个/rz农村/n娃/ng走/v出/vf了/ule小/a村子/n，/wd甚至/d成为/v县城/n里/f的/ude1一/m大/a名人/n。/wj
郭晓冬/nr：/wp在/p我们/rr老家/n那个/rz地方/n，/wd有/vyou一个/mq社会主义/n教育/vn活动/vn，/wd然后/c每/rz个/q乡/n，/wd就是/v从/p县里/n到/v乡里/n到/v村子/n里/f都/d要/v成立/vi这种/r宣传队/n。/wj
后来/t我/rr就/d很/d自然/a地/ude2成为/v我们/rr村子/n的/ude1文艺/n骨干/n了/y，/wd到/v小品/n会演/vn的/ude1时候/n，/wd乡里/n从事/vi文化/n管理/vn人/n的/ude1几/m个/q工作/vn人员/n就/d说/v，/wd这/rzv孩子/n不错/a吧/y，/wd把/pba他/rr要/v了/y，/wd然后/c我/rr就/d一下子/mq从/p村子/n里/f到/v乡里/n了/y。/wj
解说/v：/wp除了/p参加/v各种/rz文艺/n活动/vn，/wd郭晓冬/nr的/ude1另/rz一/m大/a爱好/n就是/d看/v文艺/n方面/n的/ude1书籍/n，/wd从/p村里/n的/ude1小/a书店/n到/v单位/n的/ude1图书室/n，/wd特别/d是/vshi《/wkz大众/nz电影/n》/wky是/vshi郭晓冬/nr的/ude1最/d爱/v，/wd每/rz出/vf必/d买/v。/wj
而/cc没/d想到/v就/d在/p1992年/t5月/t，/wd《/wkz大众/nz电影/n》/wky一个/mq很/d不起眼/a的/ude1角落/n里/f的/ude1豆腐块/n却/d从此/d改变/v了/ule郭晓冬/nr的/ude1命运/n。/wj
郭晓冬/nr：/wp有/vyou一/m次/qv突然/ad看到/v一/m篇/q那个/rz启事/n，/wd特别/d小/a的/ude1一个/mq小/a板块/n里面/f，/wd我/rr记得/v特/ag清楚/v好像/v是/vshi在/p这/rzv一/m面/q上/f写/v着/uzhe电影/n学院/n夏令营/n，/wd交/v五百/m块/q钱/n你/rr就/d可以/v来/vf参加/v，/wd然后/c年龄/n限制/v多少/ry多少/ry之内/f。/wj
解说/v：/wp北京/ns仅仅/d半/m个/q月/n的/ude1夏令营/n时光/n，/wd仿佛/d为/v郭晓冬/nr打开/v了/ule一/m扇/q通往/v外面/f精彩/a世界/n的/ude1窗口/s，/wd他/rr知道/v了/ule什么/ry是/vshi真正/b的/ude1表演/vn，/wd见到/v了/ule热火朝天/al的/ude1排练/vn厅/n，/wd见到/v了/ule以前/f所/usuo有/vyou只/d会/v出现/v在/p想象/v中/f的/ude1场景/n，/wd以前/f遥/ag不/d可/v及/cc的/ude1理想/n已经/d找到/v了/ule实现/v的/ude1途径/n，/wd那/rzv就是/d报考/v北京/ns电影/n学院/n。/wj
