回/v家/n她/rr爱/v人/n又/d每天/r照顾/vn孩子/n，/wd又/d每天/r要/v照顾/v他/rr的/ude1妻子/n，/wd就/d是/vshi特别/d辛苦/a，/wd她/rr也/d特别/d疼/a，/wd整个/b家庭/n就要/d崩溃/vi了/ule的/ude1样子/n。/wj
我/rr聊天/vi才/d了解/v这个/rz情况/n，/wd后来/t我/rr就/d跟/p她/rr爱/v人/n讲/v，/wd我/rr说/v到/v我们/rr那儿/rzs去/vf吧/y，/wd起码/d我们/rr又/d挺/d熟/a的/ude1，/wd她/rr特别/d需要/v应该/v心理/n的/ude1关怀/vn，/wd多/m一点儿/mq安慰/an。/wj
这样/rzv跟/p她/rr爱/v人/n讲/v好/a了/ule以后/f，/wd就/d到/v我们/rr病房/n去/vf了/y，/wd在/p我们/rr那边/rzs四/m个/q多/a月/n吧/y，/wd走/v的/ude1时候/n真/d是/vshi带/v着/uzhe微笑/vi着/uzhe走/v的/ude1。/wj
鲁豫/nr2：/wp挺/d安详/a的/ude1。/wj
李伟/nr：/wp对/p，/wd她/rr爱/v人/n抱/v着/uzhe她/rr。/wj
这/rzv是/vshi我/rr回/v北京/ns以后/f的/ude1第一/m个/q病人/n。/wj
那么/rz一/m年/qt下来/vf，/wd一共/d有/vyou十七八/m个/q这样/rzv的/ude1病人/n，/wd临终/vi病人/n。/wj
鲁豫/nr2：/wp那/rzv这个/rz病房/n在/p你们/rr医院/n发展/v得/ude3顺利/a吗/y？/ww
李伟/nr：/wp当时/t那个/rz年代/n可能/v大家/rr不管/c是/vshi做/v什么/ry，/wd都/d好像/v要/v有/vyou点/qt经济/n回报/vn才/d好/a，/wd所以/c说/v我/rr总/d觉得/v跟/p他们/rr矛盾/an越来越/d大/a了/y。/wj
那么/rz到/v年底/t的/ude1时候/n，/wd我们/rr开/v董事会/n的/ude1时候/n就/d跟/p我/rr讲/v，/wd他/rr说/v你/rr看/v我们/rr的/ude1内科/n病房/n里面/f也/d有/vyou肿瘤/n的/ude1（/wkz病人/n）/wky，/wd一个/mq月/n下来/vf差不多/al七八万/m、/wn十/m多/m万/m的/ude1费用/n。/wj
其实/d我/rr一直/d在/p反对/v这样/rzv做/v，/wd做/v大量/m的/ude1没有/d必要/a的/ude1检查/vn，/wd给/p他/rr使用/v很多/m昂贵/a的/ude1药品/n，/wd其实/d真是/d一/m种/q浪费/vn。/wj
鲁豫/nr2：/wp你们/rr完全/ad都/d不/d创收/vi，/wd是/vshi吧/y？/ww
李伟/nr：/wp就/d是/vshi我/rr的/ude1病房/n不/d创收/vi，/wd其它/rz的/ude1科室/n都/d有/vyou收入/n，/wd这样/rzv大家/rr就/d对/p我/rr有/vyou点/qt意见/n似的/uyy，/wd就/d说/v算/v了/y，/wd你/rr还是/d到/v内科/n吧/y。/wj
可是/c我/rr特别/d想/v办/v这样/rzv的/ude1关怀/vn病房/n。/wj
因为/p我/rr坚持/v嘛/y，/wd最后/f院里/n面/n就/d不/d太/d合作/v了/y，/wd就是/v我/rr到/v药房/n去/vf，/wd我/rr开/v的/ude1处方/n都/d领/v不/d出/vf药/n来/f，/wd或者/c是/vshi一会儿/mq没有/v这个/rz，/wd少/a个/q那个/rz的/ude1，/wd就/d没法/v办/v了/y，/wd我/rr也/d感觉/v到/v不/d能/v再/d合作/v了/y。/wj
鲁豫/nr2：/wp松/v堂/q医院/n一/d开始/v只是/c在/p一个/mq医院/n里面/f有/vyou一个/mq病房/n，/wd有/vyou六/m张/q病床/n，/wd那么/c那/rzv一/m年/qt是/vshi办/v得/ude3跌跌撞撞/z的/ude1，/wd医院/n里面/f也/d是/vshi不/d太/d支持/v，/wd因为/c他们/rr完全/ad不/d创收/vi，/wd有/vyou盈利/n，/wd能/v还/d会/v往/p里面/f贴/v很多/m的/ude1钱/n，/wd以/p一/m年/qt之后/f就/d关掉/v了/y。/wj
掉/v以后/f别人/rr可能/v会/v很/d泄气/vi，/wd院长/n不/d是/vshi这样/rzv，/wd就/d想/v了/ule一/m想/v，/wd得/v应该/v是/vshi另起炉灶/vl，/wd后/f才/d有/vyou了/ule我们/rr现在/t看到/v的/ude1松堂/nr2临终/vi关怀/vn医院/n。/wj
解说/v：/wp和/cc朋友/n的/ude1合作/vn不得不/d终止/v之后/f，/wd李伟/nr仍然/d没有/d放弃/v办/v临终/vn关怀/vn医院/n的/ude1愿望/n，/wd经过/p几/m番/qv努力/an，/wd1989年/t他/rr再次/d找到/v了/ule合作者/n。/wj
李伟/nr：/wp那么/c有/vyou了/ule第一/m次/qv这样/rzv的/ude1经验/n，/wd后来/t我/rr就/d跟/p部队/n的/ude1一/m家/q医院/n去/vf合作/v了/y，/wd那么/c合作/v我/rr一定/d要/v独立/an，/wd要/v把/pba我/rr的/ude1这种/r服务/vn理念/n注入/v到/v我/rr的/ude1工作/vn模式/n里面/f去/vf。/wj
所以/c说/v我/rr跟/p他/rr谈/v的/ude1协议/n就/d是/vshi我们/rr共同/d使用/v这样/rzv医院/n的/ude1名称/n，/wd但是/c我/rr全/d独立/a核算/vn，/wd我/rr自己/rr管理/v，/wd一切/rz都/d是/vshi我/rr独立/a的/ude1。/wj
那么/c我/rr一个/mq三/m层/qv楼/n的/ude1两千/m多/m平米/q的/ude1这样/rzv的/ude1楼房/n面积/n，/wd其实/d对外/vd来说/vi就是/v我们/rr（/wkz是/vshi）/wky一/m家/q医院/n，/wd其实/d对内/v实质/n的/ude1本质/n是/vshi，/wd就/d是/vshi一个/mq租/v房/n协议/n。/wj
那么/rz后来/t我们/rr搬/v过去/t以后/f，/wd我们/rr想/v这些/rz老人/n搬/v一/m次/qv家/n非常/d难/a的/ude1，/wd所以/c我们/rr一下/mq就/d签/v了/ule三十/m年/qt的/ude1协议/n。/wj
解说/v：/wp然而/c三十/m年/qt的/ude1协议/n刚刚/d执行/v了/ule三/m年/qt，/wd松/v堂/q医院/n就/d不/d得/ude3不/d面临/v搬家/vi的/ude1危机/n。/wj
…/ws
…/ws
结语/n：/wp采集/v人/n：/wp周灵/nr茵/ng正文/n：/wp鲁豫/nr2：/wp今天/t想/v给/p大家/rr讲/v几/m个/q人/n和/cc动物/n之间/f的/ude1故事/n。/wj
我/rr觉得/v通常/d发生/v在/p人/n和/cc动物/n之间/f的/ude1事儿/n，/wd如果/c能够/v作为/p故事/n讲/v给/p大家/rr听/v的/ude1话/n，/wd一般/ad是/vshi分成/vi两/m种/q，/wd要么/c是/vshi特别/a地/ude2让/v人/n感动/v，/wd要么/c是/vshi充满/v了/ule残忍/a和/cc伤害/vn的/ude1。/wj
今天/t我/rr请/v到/v的/ude1嘉宾/n，/wd他们/rr和/cc动物/n之间/f发生/v的/ude1故事/n一定/d属于/v前者/rzv，/wd会/v带/v给/p我们/rr很/d深/a的/ude1触动/vn，/wd让/v我们/rr非常/d地/ude2感动/v。/wj
首先/c会/v看到/v动物/n的/ude1是/vshi天鹅/n。/wj
我/rr觉得/v生活/vn在/p城里/s的/ude1人/n挺/d惨/a的/ude1，/wd我/rr对/p天鹅/n的/ude1全部/m的/ude1印象/n、/wn最初/b的/ude1印象/n就/d是/vshi来源于/v那个/rz芭蕾舞剧/n《/wkz天鹅湖/ns》/wky。/wj
今天/t请/v到/v这/rzv位/q嘉宾/n，/wd他/rr有/vyou没有/d看/v过/uguo那个/rz芭蕾舞剧/n我/rr不/d知道/v，/wd但是/c他/rr是/vshi真正/b的/ude1天鹅/n的/ude1守护神/n。/wj
解说/v：/wp地处/v中国/ns东部/f沿海/f的/ude1山东省/ns荣成市/ns成山/nz卫/v镇/n的/ude1荣成/ns天鹅湖/ns，/wd是/vshi一个/mq海水/n与/cc淡水/n交融/vi的/ude1天然/b泻湖/n，/wd面积/n五万/m平方公里/q，/wd被/pbei誉为/v东方/s天鹅/n王国/n。/wj
每年/r11月/t到/p次年/t4月/t，/wd有/vyou大量/m来自/v黑龙江/ns边/n、/wn西伯利亚/nsf、/wn贝加尔湖/nsf畔/ng等/udeng地/n的/ude1天鹅/n到/v此/rzs栖息/v越冬/vi。/wj
被/pbei当地/s人/n称为/v天鹅/n守护神/n的/ude1袁学顺/nr年/n近/a50/m，/wd早年/t在/p山东/ns荣成/ns的/ude1渔业/n公司/n操纵/v船舶/n机械/n，/wd由于/c紧邻/v湖边/s工作/vn，/wd于是/cc他/rr便/d有/vyou很/d多/a机会/n常常/d驻足/vi与/p天鹅/n对视/vi。/wj
30/m年/qt前/f的/ude1一个/mq冬天/t，/wd19/m岁/qt的/ude1袁学顺/nr在/p下班/vi途中/s，/wd发现/v湖/n区/n多/a了/ule一/m只/q叫声/n高亢/a高大/a健硕/a的/ude1雄性/b天鹅/n，/wd很快/d被/pbei其/rz雄姿/n吸引/v了/y，/wd并/cc将/p其/rz取名/v为/p白玉/n。/wj
当时/t的/ude1袁学顺/nr可能/v根本/n没有/d想到/v，/wd他/rr的/ude1生活/vn从此/d就/d与/p这/rzv美丽/a的/ude1一/m景/ng一/m物/ng联系/v在/p了/ule一起/s。/wj
鲁豫/nr2：/wp我们/rr来/vf欢迎/v老袁/nr，/wd袁学顺/nr。/wj
老/a袁/nr1今年/t有/vyou多少/ry岁/qt？/ww
五十/m几/m了/y吧/y？/ww
袁学顺/nr：/wp我/rr属/v猴/ng的/ude1，/wd今年/t是/vshi51/m虚岁/n。/wj
鲁豫/nr2：/wp老袁/nr跟/p天鹅/n的/ude1缘分/n可以/v再/d往/p回/v追溯/v大概/d30/m年/qt吧/y，/wd19/m岁/qt那/rzv一/m年/qt可能/v碰到/v了/ule一/m只/q天鹅/n，/wd那/rzv是/vshi一个/mq什么样/ryv的/ude1故事/n，/wd让/v你/rr这/rzv后/f半辈子/mq、/wn这/rzv几十/m年/qt跟/p天鹅/n有/vyou这么/rz近/a的/ude1缘分/n，/wd这么/rz深/a的/ude1缘分/n？/ww
袁学顺/nr：/wp那/rzv是/vshi第一/m只/q天鹅/n的/ude1自杀/vn。/wj
鲁豫/nr2：/wp天鹅/n自杀/vi？/ww
袁学顺/nr：/wp第一/m种/q自杀/vi。/wj
我/rr给/p它/rr起/vf个/q名字/n叫/vi白玉/n，/wd这/rzv只/q天鹅/n是/vshi因为/p受到/v了/ule一些/mq渔网/n的/ude1伤害/vn，/wd深深地/d勒/v在/p它/rr的/ude1那个/rz翅膀/n的/ude1根部/n，/wd当时/t我/rr一/d着急/a，/wd那个/rz网/n啊/y是/vshi很/d坚硬/a的/ude1胶/n丝线/n，/wd我/rr回/v家/q拿/v剪刀/n，/wd回来/v准备/v帮助/v它/rr解除/v这种/r痛苦/an和/cc约束/vn。/wj
