他/rr是/vshi因为/p我/rr的/ude1时间/n跑/v去/vf听/v我/rr，/wd结果/d发现/v是/vshi有/vyou一个/mq更/d帅/nr1的/ude1男/b孩子/n在/p那边/rzs唱歌/vi，/wd一拍即合/vl，/wd把/pba他/rr签/v了/y，/wd然后/c出/vf了/ule唱片/n。/wj
鲁豫/nr2：/wp红/a了/y吗/y？/ww
周华健/nr：/wp红/a了/y。/wj
鲁豫/nr2：/wp这/rzv人/n是/vshi谁/ry啊/y？/ww
周华健/nr：/wp不/d能/v告诉/v你/rr，/wd待会儿/d我们/rr节目/n结束/v以后/f告诉/v你/rr。/wj
鲁豫/nr2：/wp很/d好/a，/wd大家/rr赶紧/d猜猜/v，/wd跟/p他/rr同期/f的/ude1比较/vn帅/nr1的/ude1是/vshi谁/ry。/wj
周华健/nr：/wp那/rzv当然/d其实/d当时/t那个/rz唱片/n公司/n，/wd是/vshi我/rr不/d想/v要/v去/vf的/ude1。/wj
我/rr当时/t已经/d对/p台湾/ns整个/b的/ude1那个/rz歌坛/n，/wd或者/c说/v唱片/n公司/n已经/d有/vyou了/ule一定/b的/ude1认知/vn，/wd我/rr那个/rz时候/n是/vshi很/d锁定/v，/wd我/rr希望/v能够/v进/vf滚/vi石/ng唱片/n。/wj
鲁豫/nr2：/wp讲/v到/v这儿/rzs必须/d要/v提到/v，/wd对/p你/rr的/ude1事业/n有/vyou两/m个/q很/d重要/a的/ude1人/n，/wd第一/m个/q李宗盛/nr，/wd讲/v到/v这儿/rzs必须/d要/v讲/v到/v李宗盛/nr。/wj
…/ws
…/ws
结语/n：/wp采集/v人/n：/wp周灵/nr茵/ng正文/n：/wp进入/v滚/vi石/ng唱片/n后/f，/wd周华健/nr本/d以为/v自己/rr的/ude1音乐/n梦想/n，/wd就/d要/v实现/v了/y。/wj
可/v事实上/bl他/rr做/v得/ude3更/d多/a工作/vn，/wd只是/c助理/n和/cc勤/a杂/a的/ude1一些/mq琐事/n。/wj
但/c这时/rzt的/ude1周华健/nr，/wd并/cc没有/d停止/v在/p音乐/n上/f的/ude1创作/vn，/wd也/d是/vshi在/p这/rzv段/q时期/n里/f，/wd他/rr完成/v的/ude1作品/n《/wkz眼眶/n之中/f》/wky，/wd并且/c被/pbei收录/v在/p潘越云/nr的/ude1专辑/n当中/f。/wj
创作/v之外/f，/wd周华健/nr也/d试/v着/uzhe演唱/v一些/mq自己/rr的/ude1作品/n，/wd并/cc录/v成/v小样/n，/wd也/d正是/v这些/rz闲暇/n时/ng录制/v的/ude1小/a样/u，/wd给/p他/rr带来/v了/ule事业/n上/f的/ude1另/rz一/m次/qv转机/n。/wj
齐豫/nr2将/d一心/d只/d想/v做/v幕后/s的/ude1周华健/nr，/wd领到/v了/ule台前/s。/wj
鲁豫/nr2：/wp齐/v豫/b，/wd另外/c一个/mq贵/a人/n，/wd她/rr提供/v给/p你/rr的/ude1机会/n是/vshi什么/ry？/ww
周华健/nr：/wp一/m天/qt就/d是/vshi在/p上班/vi的/ude1时候/n。/wj
那/rzv齐/d豫/b出/vf片/q量/n不/d大/a，/wd齐/d豫/b不/d是/vshi每/rz一/m天/qt忙/v着/uzhe，/wd这边/rzs赶/v那边/rzs赶/v的/ude1人/n，/wd她/rr很/d悠闲/a的/ude1。/wj
她/rr一/m年/qt出/vf一/m张/q唱片/n，/wd有时候/d两/m年/qt才/d出/vf一/m张/q唱片/n。/wj
她/rr听/v到/v过/uguo很/d大/a声/n的/ude1笑声/n，/wd跟/p我/rr很/d像/v，/wd那种/r哈哈哈/o那种/r笑声/n。/wj
当然/d我/rr还是/d比较/d厉害/a的/ude1，/wd我/rr那/rzv是/vshi拆/v楼/n式/k的/ude1，/wd她/rr那/rzv个/q只/d能够/v拆/v掉/v一两/m个/q屏风/n而已/y。/wj
鲁豫/nr2：/wp你/rr整/m幢/q楼/n那/rzv感觉/n。/wj
周华健/nr：/wp对/v。/wj
听/v那/rzv个/q笑声/n进来/vf，/wd然后/c我/rr还/d不/d知道/v是/vshi谁/ry。/wj
里面/f的/ude1人/n喊/v着/uzhe，/wd而且/c每个/r人/n都/d很/d高兴/a的/ude1，/wd“/wyz大妈/n来/vf了/y，/wd大妈/n来/vf了/y”/wyy，/wd谁/ry是/vshi大妈/n，/wd卖/v牛肉面/n那个/rz？/ww
一/m看/v，/wd一个/mq吉普/n赛/v装扮/v的/ude1，/wd头发/n一/m大/a把/qv的/ude1，/wd然后/c这边/rzs一/d大/a串/q，/wd那边/rzs一/m串/q，/wd满身/n。/wj
鲁豫/nr2：/wp她/rr一直/d这样/rzv的/ude1风格/n。/wj
周华健/nr：/wp对/p对/p对/p，/wd一直/d都/d这个/rz风格/n。/wj
齐豫/nr2来/vf了/y，/wd那/rzv潘逸达/nr说/v，/wd我/rr告诉/v你/rr，/wd我/rr刚刚/d听到/v了/ule一个/mq笑话/n，/wd霹雳/n啪/o啦/y讲/v笑话/n跟/p我们/rr听/v，/wd讲/v得/ude3很/d棒/a，/wd很/d流利/a，/wd然后/c很/d好/a笑/v，/wd表情/n又/d丰富/a。/wj
我们/rr那个/rz制作/v部/q的/ude1办公室/n，/wd大概/d有/vyou三/m个/q人/n，/wd全部/m笑/v得/v，/wd真的/d是/vshi不得了/al。/wj
齐豫/nr2的/ude1出场/vi就是/v这样/rzv子/ng的/ude1，/wd比/p《/wkz红楼梦/nz》/wky里面/f的/ude1王熙凤/nr还/d要/v厉害/an。/wj
齐/v豫/b真的/d是/vshi这样/rzv出场/vi的/ude1。/wj
周华健/nr：/wp那/rzv没/d多久/ryt，/wd大概/d一两/m个/q礼拜/n，/wd她/rr那阵子/t好像/v有/vyou什么/ry事/n的/ude1，/wd常常/d来/vf，/wd也/d需要/v我/rr一些/mq帮助/v。/wj
她/rr在/p做/v张国荣/nr的/ude1一/m张/q唱片/n，/wd国语/n唱片/n的/ude1制作/vn人/n。/wj
这个/rz我/rr就/d有/vyou时候/n帮/v她/rr拷贝/v一些/mq带子/n，/wd反正/d做/v很多/m资料/n给/p她/rr，/wd我/rr在/p帮/v她/rr忙/v。/wj
我/rr也/d差不多/al是/vshi那个/rz时候/n，/wd刚好/d进/vf了/ule滚/vi石/ng之后/f，/wd我/rr刚刚/d所/usuo讲/v的/ude1。/wj
整个/b人/n的/ude1情绪/n倒/d熏陶/v起来/vf了/y，/wd就是/d熏/v到/v了/y。/wj
我/rr就/d写/v了/ule第一/m首/q歌/n，/wd我/rr在/p滚/vi石/ng里面/f第一/m首/q歌/n，/wd那/rzv首/m歌/n叫/vi《/wkz眼眶/n之中/f》/wky。/wj
周华健/nr：/wp我/rr那个/rz时候/n就/d已经/d做/v了/ule一个/mq，/wd找/v了/ule一个/mq人/n帮/v我/rr弹/v了/ule一个/mq钢琴/n，/wd我/rr唱/v了/ule这个/rz歌/n，/wd我/rr觉得/v很/d好/a听/v。/wj
就/p每/rz一/m天/qt在/p播/v，/wd每天/r在/p听/v，/wd自己/rr在/p制作/v部/q的/ude1时候/n，/wd一路/mq播/v，/wd一路/mq听/v。/wj
齐豫来/nr的/ude1时候/n，/wd“/wyz齐/a豫/b，/wd我/rr写/v了/ule一/m首/q歌/n，/wd你/rr听听/v看/v有/vyou没/d有/vyou用/v”/wyy。/wj
其实/d我/rr知道/v她/rr不/d会/v用/v的/ude1，/wd我/rr其实/d给/p她/rr知道/v我/rr写/v了/ule歌/n而已/y。/wj
放/v那/rzv卡带/n给/p她/rr听/v，/wd一/d听/v，/wd“/wyz你/rr能/v唱/v嘛/y”/wyy，/wd因为/c我/rr在/p当/v制作/v助理/n时/ng，/wd不/d是/vshi想/v要/v出/vf唱片/n，/wd只是/d想/v说/v要/v做/v唱片/n而已/y。/wj
她/rr说/v您/rr能/v唱/v吗/y？/ww
我/rr说/v还/d行/vi吧/y，/wd好像/v我/rr是/vshi民歌/n手/n，/wd我/rr在/p餐厅/n上班/vi的/ude1。/wj
她/rr说/v好好/d好/a，/wd我/rr那/rzv边/d唱/v很多/m广告/n歌/n，/wd就/d需要/v个/q男/b孩子/n的/ude1声音/n，/wd我/rr把/pba你/rr推荐/v给/p程阳/nr好/a了/y，/wd那个/rz程/nr1老师/n。/wj
当时/t台湾/ns做/v广告/n歌/n的/ude1人/n，/wd不/d多/a不/d少/a，/wd可是/c几乎/d百分之九十八/m的/ude1广告/n，/wd都/d是/vshi程阳/nr做/v的/ude1。/wj
我/rr一/d去/vf那边/rzs是/vshi个/q老/a顽童/n，/wd是/vshi个/q老/a顽童/n，/wd人/n非常/d和善/a，/wd然后/c人/n非常/d好/a，/wd然后/c教/v我/rr很多/m很多/m东西/n，/wd然后/c他/rr也/d很/d喜欢/vi我/rr的/ude1声音/n。/wj
鲁豫/nr2：/wp让/v你/rr唱/v广告/n歌/n是/vshi吗/y？/ww
周华健/nr：/wp唱/v很多/m广告/n歌/n。/wj
鲁豫/nr2：/wp你/rr唱/v第一/m首/q广告/n歌/n是/vshi什么/ry？/ww
周华健/nr：/wp第一/m首/m？/ww
那/rzv很多/m。/wj
鲁豫/nr2：/wp你/rr都/d卖/v过/uguo什么/ry吧/y，/wd那些/rz广告/n？/ww
周华健/nr：/wp都/d有/vyou了/y，/wd我/rr几乎/d只有/c女性/n用品/n没有/d唱/v过/uguo而已/y。/wj
我/rr唱/v过/uguo那个/rz胶卷/n。/wj
鲁豫/nr2：/wp怎么/ryv唱/v？/ww
你/rr唱/v。/wj
周华健/nr：/wp“/wyz当/v休假/vi结束/v，/wd又/d回到/v都市/n之中/f”/wyy…/ws
…/ws
就是/v这样/rzv的/ude1厂/n牌/n，/wd那/rzv光是/d胶卷/n都/d唱/v了/ule好/a多/m个/q，/wd不同/a的/ude1厂/n牌/n。/wj
洋芋/n片/q，/wd我/rr唱/v洋芋/n片/q。/wj
鲁豫/nr2：/wp最/d可笑/a的/ude1产品/n什么/ry，/wd你/rr唱/v过/uguo的/ude1？/ww
周华健/nr：/wp大大/d将/d吧/y，/wd念/v大将/n。/wj
鲁豫/nr2：/wp吃/v的/ude1大/a…/ws
…/ws
周华健/nr：/wp有/vyou一个/mq厂/n牌/n的/ude1大将/n学生/n制服/n。/wj
鲁豫/nr2：/wp我/rr以为/v吃/v的/ude1酱/n呢/y。/wj
