国艳莉/nr：/wp对/p，/wd就/d像/v我/rr自己/rr刚刚/d住/vi下来/vf的/ude1时候/n，/wd周围/f有/vyou很/d少/a的/ude1人/n的/ude1时候/n，/wd你/rr感受/v到/v的/ude1完全/ad不/d是/vshi那/rzv种/q美/a了/y，/wd是/vshi那种/r寂静/a的/ude1那种/r可怕/a，/wd包括/v当地/s的/ude1一些/mq野生/b动物/n比如说/vl青蛙/n啊/y，/wd或者/c是/vshi一些/mq大型/b的/ude1鸟类/n，/wd还有/v一些/mq小型/b的/ude1兽类/n，/wd它/rr发出/v一些/mq声音/n，/wd因为/c那/rzv周围/f是/vshi很/d静/a很/d静/a的/ude1，/wd只有/c它们/rr的/ude1声音/n，/wd而且/c声音/n都/d很/d大/a，/wd所以/c你/rr会/v感到/v非常/d害怕/v。/wj
鲁豫/nr2：/wp刚才/t我们/rr在/p看/v那/rzv个/q片子/n里面/f看到/v，/wd国艳莉/nr住/vi在/p一个/mq挺/d奇怪/v的/ude1好像/v架/qv在/p树上/s的/ude1一个/mq房子/n里面/f，/wd她/rr到/v了/ule西双版纳/nsf，/wd一/d开始/v住/vi在/p一个/mq很/d破旧/a的/ude1可能/n离/v观察/v野/ng象/ng很/d远/a的/ude1一个/mq地方/n，/wd那么/c她/rr跟/p当地/s的/ude1负责人/n一直/d在/p磨/v，/wd说/v希望/v能够/v住/vi到/v离/v观察/v点/qt比较/d近/a一点/mq的/ude1地方/n。/wj
最后/f没/v办法/n，/wd人家/rr在/p树上/s有/vyou一个/mq房子/n，/wd听/v起来/vf很/d别致/a，/wd很/d浪漫/a啊/y，/wd所谓/v的/ude1树/n屋/n，/wd但是/c条件/n其实/d特别/a地/ude2艰苦/a。/wj
国艳莉/nr：/wp今天/t两/m个/q送/v我/rr过来/vf的/ude1同学/n走/v了/y，/wd偌大/b的/ude1原始/a森林/n只/d剩下/v我/rr和/cc保护区/n的/ude1三/m个/q工作/vn人员/n。/wj
天下/n着/uzhe雨/n，/wd孤独感/n像/v永不/d停息/vi的/ude1雨水/n一样/uyy逐渐/d浸透/v了/ule整个/b心/n间/f。/wj
从/p今天/t起/f，/wd我/rr就要/d单独/d在/p这里/rzs等候/v野/ng象/ng出现/v，/wd然后/c记录/v它们/rr的/ude1种群/n数量/n和/cc生活/vn习性/n。/wj
同/p保护区/n管理局/n联系/vn后/f，/wd他们/rr借/v给/p我/rr一/m间/q建/v在野/vi象/ng谷/ng里/f的/ude1旧/a房子/n，/wd这里/rzs的/ude1人/n称/v这/rzv房子/n为/p树/n屋/n。/wj
我/rr那边/rzs只/d有/vyou一个/mq简单/a的/ude1卫生间/n和/cc两/m张/q单人床/n，/wd它/rr并/d不/d是/vshi说/v想/v的/ude1那/rzv种/q特别/d温馨/a的/ude1那种/r小/a树/n屋/n，/wd它/rr主要/d是/vshi用/p竹子/n来/vf做成/v的/ude1，/wd因为/c也/d做/v了/ule很/d长/a时间/n了/y，/wd所以/c其实/d看上去/v是/vshi很/d破旧/a的/ude1，/wd都/d已经/d开始/v就/d破裂/vi了/y，/wd甚至/c你/rr能/v看到/v下边/f的/ude1空地/n，/wd所以/c整体/n上/f感觉/v是/vshi很/d简陋/a，/wd一点儿/mq也/d没有/d想象/v中/f的/ude1那/rzv种/q温馨/a的/ude1感觉/n。/wj
这个/rz小屋/n里/f边/k，/wd其实/d虫子/n对/p我/rr来说/uls已经/d不/d是/vshi问题/n了/y，/wd满身/n叮/v的/ude1这/rzv疙瘩/n已经/d习以为常/vl了/y，/wd可能/v最/d可怕/a的/ude1就/d是/vshi那个/rz屋里/s有/vyou老鼠/n。/wj
鲁豫/nr2：/wp被/pbei它们/rr吓/v哭/v过/uguo吗/y？/ww
国艳莉/nr：/wp有/vyou被/pbei它们/rr吓/v着/uzhe的/ude1时候/n，/wd就是/d有/vyou一/m次/qv，/wd因为/c我/rr的/ude1衣服/n就/d挂/v在/p那个/rz屋子/n里/f了/y，/wd包括/v穿/v的/ude1迷彩服/n挂/v在/p屋子/n里/f，/wd大概/d过/vf了/ule有/vyou四五/m天/qt的/ude1时间/n，/wd我/rr需要/v重新/d把/pba这/rzv件/q衣服/n拿/v下来/vf，/wd但/c这/rzv四五/m天/qt时间/n我/rr就/d没/d动/v这个/rz衣服/n。/wj
结果/n我/rr拿/v下来/vf一/m看/v，/wd从/p那/rzv个/q衣服/n下边/f就/d簌簌/o跑/v出/vf两/m个/q小/a老鼠/n，/wd哎呀/e，/wd我/rr就/d特/d吃惊/a的/ude1。/wj
然后/c我/rr就/d开始/v把/pba那/rzv衣服/n打开/v，/wd全/d是/vshi树叶/n，/wd后来/t就/d发现/v那个/rz里边/f有/vyou四/m只/q特/d小/a的/ude1老鼠/n，/wd就是/v在/p衣服/n里面/f做/v了/ule个/q窝/n。/wj
解说/v：/wp野象谷/nr的/ude1生活/vn是/vshi艰苦/a的/ude1，/wd不过/c比/p艰苦/a更/d可怕/a的/ude1是/vshi寂寞/a，/wd房子/n里/f没有/v电视/n，/wd没有/v网络/n，/wd没有/v收音机/n。/wj
看/v完/vi了/ule自/rr带/v的/ude1书/n，/wd听/v烦/v了/ule自备/vn的/ude1歌曲/n，/wd在/p没有/d预/d知/v的/ude1等待/vn中/f，/wd国艳莉/nr忍受/v着/uzhe寂寞/a的/ude1煎熬/vn，/wd于是/cc看/v蚂蚁/n搬家/vi，/wd蜘蛛/n织/v网/n，/wd成/v了/ule国艳莉/nr闲/v来/vf无/v事/n的/ude1唯一/b消遣/vn，/wd到/v了/ule晚上/t则/d显得/v更加/d难/ad熬/v。/wj
入夜/vi后/f，/wd偌大/b的/ude1原始/a森林/n变/v得/ude3悄无声息/vl，/wd有时/d连/ulian树枝/n掉落/v的/ude1声音/n都/d能/v把/pba国艳莉/nr吓/v哭/v。/wj
…/ws
…/ws
解说/v：/wp野/b象/ng谷/ng位于/v勐/n养/v自然保护区/n南园/ns，/wd是/vshi西双版纳/nsf令人神往/vl的/ude1森林/n公园/n和/cc观赏/v野/ng象/ng活动/vn的/ude1景区/n。/wj
公园/n所在地/n原来/d就/d有/vyou一个/mq野/a象/ng经常/d出没/vi、/wn饮水/n的/ude1象/ng塘/ng，/wd而/cc国艳莉/nr所在/n的/ude1小/a树/n屋/n下/f就/d是/vshi一/m条/q蜿蜒/z的/ude1小河/n。/wj
因为/p树/n屋/n所/usuo处/vi的/ude1地方/n河水/n比较/d深/a，/wd象/ng会/v来/vf喝/vg水/n，/wd并且/c这里/rzs人工/d还/d埋/v了/ule很多/m食盐/n，/wd所以/c象/ng会/v相对/d经常/d地/ude2光顾/v，/wd小/a树/n屋/n成/v了/ule一个/mq最/d为/v理想/a的/ude1观测/vn地点/n。/wj
2003年/t的/ude1这/rzv半/m年/qt，/wd是/vshi国艳莉/nr对/p野/b象/ng渐渐/d熟悉/v的/ude1一个/mq过程/n。/wj
随着/p观测/vn的/ude1时间/n越来越/d长/a，/wd国艳莉/nr开始/v能够/v把/pba每/rz头/n大象/n区分/v开/v来/vf，/wd她/rr为/p这些/rz体型/n庞大/a的/ude1朋友/n们/k取/v了/ule名字/n，/wd也/d渐渐/d地/ude2感觉/v到/v了/ule它们/rr身上/s的/ude1灵性/n。/wj
因为/p长/a时间/n的/ude1观察/vn，/wd国艳莉/nr也/d基本/ad琢磨/v出/vf了/ule野/a象/ng的/ude1一些/mq生活/vn习性/n，/wd也/d摸索/v出/vf了/ule自己/rr的/ude1观察/vn方式/n。/wj
野/b象/ng的/ude1警戒/vn距离/n是/vshi15/m米/q，/wd一般/ad突破/v这个/rz界线/n的/ude1人/n，/wd都/d会/v受到/v野/ng象/ng的/ude1警告/vn和/cc攻击/vn，/wd而/cc国艳莉/nr已经/d可以/v在/p8/m米/q左右/m的/ude1近/a距离/n观察/v大象/n。/wj
国艳莉/nr：/wp所有/b的/ude1野生/b动物/n都/d一样/uyy，/wd包括/v亚洲/ns象/ng也/d是/vshi这样/rzv的/ude1，/wd就是/v你/rr在/p观察/v的/ude1时候/n，/wd首先/d应该/v让/v它/rr没有/v这种/r恐惧感/n，/wd所以/c肯定/d是/vshi很/d安静/a地/ude2、/wn逐步/d地/ude2在/p接触/v它/rr，/wd那/c我/rr之所以/c能够/v到/v最后/f的/ude1时候/n可能/v和/cc象/ng的/ude1距离/n会/v越来越/d近/a一点/mq，/wd主要/d是/vshi就/d是/vshi在/p观察/v的/ude1过程/n当中/f一直/d保持/v一/m种/q安静/a的/ude1心态/n，/wd而且/c会/v小心翼翼/dl的/ude1，/wd不/d会/v引起/v它/rr的/ude1恐慌/an。/wj
解说/v：/wp可能/v是/vshi长/a时间/n安静/a的/ude1观察/vn，/wd友好/a和平/n的/ude1相处/vi，/wd野/ng象/ng也/d渐渐/d熟悉/v了/ule国艳莉/nr的/ude1气味/n，/wd国艳莉/nr靠/v得/ude3越来越/d近/a。/wj
不过/c野/a象/ng毕竟/d还/d是/vshi野生/b动物/n，/wd在/p这种/r默契/a程度/n与日俱增/vl的/ude1时候/n，/wd危险/a的/ude1情况/n也/d时常/d发生/v。/wj
鲁豫/nr2：/wp最近/t离/v那些/rz野/ng象/ng能/v有/vyou多/m近/a？/ww
国艳莉/nr：/wp我/rr最近/t的/ude1时候/n大概/d有/vyou六七/m米/q吧/y这样/rzv，/wd不能/v再/d靠近/v了/y，/wd或者/c是/vshi最近/t最近/t的/ude1时候/n，/wd而且/c地理/n位置/n比较/d好/a，/wd大概/d也/d就/d到/v五/m米/q就/p极限/n了/y。/wj
鲁豫/nr2：/wp你/rr有/vyou把/pba它们/rr惹/v急/v过/uguo的/ude1时候/n吗/y？/ww
国艳莉/nr：/wp有/vyou啊/y，/wd我/rr会/v有/vyou这样/rzv的/ude1时候/n，/wd因为/c我/rr有时候/d可能/v是/vshi观察/v得/ude3比较/d近/a，/wd但/c其他/rzv人/n呢/y？/ww
比如/v说/v我/rr一个/mq人/n在/p距离/n五/m米/q的/ude1时候/n的/ude1观察/vn，/wd象/ng会/v没有/d反应/vi，/wd我/rr也/d没有/v反应/vi，/wd就是/v我/rr仔细/ad看/v着/uzhe它/rr。/wj
但/c其他/rzv的/ude1陌生/a的/ude1人/n过来/vf，/wd走/v到/v我/rr旁边/f来/vf，/wd可能/v会/v发出/v声音/n，/wd或者/c是/vshi他/rr没/d发出/v声音/n，/wd象/ng就/d会/v追/v我们/rr。/wj
