鲁豫/nr2：/wp那/rzv你们/rr怎么/ryv坐/v？/ww
廖佳/nr：/wp正常/a是/vshi五/m个/q人/n，/wd后备/b箱/ng里/f还/d坐/v一个/mq，/wd因为/c是/vshi两/m箱/q车/n，/wd所以/c脑袋/n还/d有/vyou地方/n放/v。/wj
鲁豫/nr2：/wp那/rzv是/vshi在/p哪儿/rys啊/y？/ww
廖佳/nr：/wp应该/v是/vshi在/p新疆/ns，/wd那/rzv是/vshi1998年/t的/ude1时候/n，/wd我/rr有/vyou几/m个/q老外/n朋友/n一起/s旅行/vi，/wd实际上/d我们/rr是/vshi在/p新疆/ns碰上/v的/ude1，/wd在/p吐鲁番/ns约/d好/a了/ule大家/rr在/p那/rzv地方/n见面/vi，/wd然后/c在/p吐鲁番/ns周围/f一些/mq景区/n去/vf玩/v的/ude1时候/n，/wd他们/rr就/d搭/v我/rr的/ude1便车/n。/wj
我/rr记得/v特有/b意思/n，/wd我/rr加油/vi的/ude1时候/n，/wd加油站/n的/ude1小/a女孩/n她/rr说/v你/rr这个/rz出租车/n生意/n真/d好/a啊/y，/wd每天/r都/d搭/v这么/rz多/a老外/n，/wd就是/v那/rzv是/vshi最/d多/a的/ude1一/m次/qv。/wj
鲁豫/nr2：/wp廖佳/nr在/p国内/s行程/n碰到/v大大小小/z的/ude1事/n，/wd三/m年/qt半/m的/ude1时间/n她/rr差不多/al走遍/v了/ule内地/s的/ude1很多/m地方/n，/wd然后/c她/rr的/ude1胃口/n开始/v变/v得/ude3越来越/d大/a了/y，/wd光/d是/vshi在/p国内/s跑/v觉得/v还/d不够/a过瘾/a，/wd想/v到/v国外/s去/vf。/wj
第一/m个/q行程/n是/vshi欧/b亚/b行程/n。/wj
./wj
./wj
./wj
./wj
./wj
./wj
结语/n：/wp采集/v人/n：/wp周灵/nr茵/ng正文/n：/wp画外音/n：/wp因为/p家庭/n的/ude1影响/vn；/wf因为/p成长/vi的/ude1经历/n；/wf因为/p生活/vn的/ude1压力/n；/wf使得/vi他们/rr被/pbei抑郁/a的/ude1情绪/n笼罩/v多/m年/qt；/wf如今/t他们/rr从/p抑郁/a的/ude1深海/n走向/v心灵/n的/ude1春天/t，/wd《/wkz鲁豫/nr2有/vyou约/d》/wky郭岭梅/nr、/wn孙志杰/nr、/wn陈锐/nr讲述/v抑郁症/n患者/n的/ude1心路/n历程/n。/wj
鲁豫/nr2：/wp生活/vn中/f我们/rr常常/d会/v碰到/v大大小小/z的/ude1不/d开心/a的/ude1事儿/n，/wd有些/rz事儿/n可能/v很快/d就/d过去/vf了/y，/wd但是/c有/vyou些/q事儿/n的确/d会/v影响/v到/v我们/rr的/ude1情绪/n，/wd如果/c这种/r抑郁/a的/ude1情绪/n不/d能够/v很/d快/a地/ude2被/pbei排解/v的话/udh，/wd时间/n长/v了/ule会/v严重/a地/ude2影响/v我们/rr的/ude1身心健康/nl，/wd今天/t我们/rr的/ude1很多/m嘉宾/n就/d有/vyou这样/rzv的/ude1经历/n。/wj
画外音/n：/wp据/p世界/n卫生/an组织/v最新/a发布/v的/ude1信息/n，/wd目前/t全球/n抑郁/a人口/n多/ad达/v1./m2亿/m，/wd有/vyou专家/n认为/v抑郁症/n的/ude1发病/vn并/cc不仅仅/d是/vshi患者/n受/v了/ule精神/n刺激/v，/wd还有/v体质/n和/cc环境/n的/ude1共同/b作用/n。/wj
2005年/t6月/t在/p北京/ns召开/v的/ude1亚洲/ns精神/n科学/a高峰/n会上/t，/wd公布/v了/ule目前/t中国/ns有/vyou超过/v2600万/m的/ude1人/n患/v有/vyou不同/a程度/n的/ude1抑郁症/n，/wd但/c有/vyou90％/m的/ude1抑郁症/n患者/n没有/v意识/n到/v自己/rr可能/v患有/v抑郁症/n。/wj
郭岭梅/nr女士/n某/rz电影/n厂/n编导/n，/wd2004年/t3月/t被/pbei确诊/v患/v有/vyou抑郁症/n，/wd但/c她/rr最/d早/a连续/a地/ude2出现/v抑郁/a情绪/n是/vshi从/p30/m年/qt前/f父亲/n去世/vi时/ng开始/v的/ude1。/wj
郭岭梅/nr的/ude1父亲/n就/d是/vshi著名/a的/ude1诗人/n郭小川/nr，/wd郭小川/nr的/ude1诗/n节奏/n鲜明/a热情/a奔放/z，/wd一/d如/v生活/vn中/f他/rr宽厚/a温和/a，/wd是/vshi孩子/n心目/n中/f的/ude1一/m位/q让/v他们/rr感觉/v温暖/an的/ude1父亲/n。/wj
三/m个/q孩子/n中/f郭/nr1小/a川/ng尤其/d宠爱/v大/a女儿/n郭岭梅/nr，/wd小时候/t的/ude1郭岭梅/nr在/p父亲/n的/ude1呵护/vn下/f像/v一个/mq小/a公主/n，/wd父亲/n也/d曾/d是/vshi她/rr唯一/b的/ude1精神/n支柱/n，/wd但/c这/rzv一切/rz都/d随着/p1976年/t时/ng郭小川/nr的/ude1去世/vn而/cc宣告/v结束/v。/wj
鲁豫/nr2：/wp我们/rr先/d来/vf欢迎/v郭岭梅/nr好/a吗/y，/wd看到/v爸爸/n的/ude1照片/n就/d会/v这样/rzv，/wd是/vshi吧/y？/ww
这些/rz年/qt都/d是/vshi这样/rzv吗/y？/ww
要/v是/vshi想起/v他/rr来/vf就/d会/v是/vshi这样/rzv。/wj
抱歉/an，/wd我们/rr不/d应该/v用/p你/rr爸爸/n的/ude1照片/n。/wj
郭岭梅/nr：/wp我/rr总/d得/ude3走/v过/uguo这/rzv一/m步/qv，/wd我/rr知道/v我/rr自己/rr总/d得/ude3走/v过/uguo这/rzv一/m步/qv，/wd现在/t我/rr已经/d比/p原来/d好/a多/a了/y，/wd原来/b所有/b我/rr爸爸/n的/ude1事儿/n我/rr都/d不/d能/v提/v，/wd一直/d到/v我/rr爸爸/n出/vf全集/n的/ude1时候/n我/rr都/d不/d敢/v参与/v这/rzv事儿/n。/wj
鲁豫/nr2：/wp都/d是/vshi你/rr妹妹/n她们/rr在/p弄/v是/vshi吗/y？/ww
郭岭梅/nr：/wp到/v现在/t我/rr妹妹/n都/d有/vyou怨言/n，/wd觉得/v我/rr不/d合作/v，/wd其实/d我/rr是/vshi真/a的/ude1不/d敢/v接触/v这/rzv事儿/n。/wj
鲁豫/nr2：/wp如果/c提/v了/ule以后/f会/v怎么样/ryv那个/rz时候/n？/ww
郭岭梅/nr：/wp提/v了/ule以后/f我/rr就/d控制/v不/d了/ule自己/rr，/wd就是/d要/v哭/v半天/mq，/wd很/d长/a时间/n情绪/n过/uguo不/d来/vf，/wd觉得/v天空/n都/d不/d是/vshi蓝/a的/ude1，/wd草/n也/d不/d是/vshi绿/a的/ude1，/wd树/v叶子/n都/d是/vshi灰/n的/ude1，/wd好像/v那种/r感觉/n。/wj
鲁豫/nr2：/wp你/rr家里/s的/ude1其他/rzv的/ude1兄弟/n姐妹/n听到/v这个/rz消息/n跟/p你/rr一样/uyy打击/v是/vshi像/p你/rr这么/rz大/a的/ude1吗/y？/ww
还/d是/vshi只/d有/vyou你/rr觉得/v是/vshi最/d大/a的/ude1？/ww
郭岭梅/nr：/wp只有/c我/rr。/wj
鲁豫/nr2：/wp因为/p你/rr觉得/v你/rr跟/p爸爸/n可能/v感情/n更/d深/a一点/mq。/wj
郭岭梅/nr：/wp对/v。/wj
鲁豫/nr2：/wp妈妈/n呢/y？/ww
郭岭梅/nr：/wp妈妈/n没有/v那么/rz多/a的/ude1感情/n。/wj
鲁豫/nr2：/wp妈妈/n性格/n是/vshi什么样/ryv的/ude1？/ww
郭岭梅/nr：/wp妈妈/n性格/n比较/d泼/v，/wd特别/d热情/a，/wd然后/c又/d可以/v特别/a地/ude2尖刻/a，/wd然后/c又/d可以/v不/d动/v感情/n的/ude1，/wd然后/c又/d可以/v掉/v眼泪/n。/wj
鲁豫/nr2：/wp怎么/ryv叫/vi不/d动/v感情/n的/ude1呢/y？/ww
郭岭梅/nr：/wp比如/v我/rr觉得/v我/rr父亲/n去世/vi我/rr妈妈/n就/d没/d掉/v眼泪/n，/wd在/p送/v我/rr父亲/n去/vf火化/v的/ude1车上/s，/wd她/rr还/d跟/p司机/n谈笑风生/vl呢/y，/wd我/rr那/rzv时候/n一点儿/mq都/d不/d理解/v，/wd所以/c我/rr挺/d有/vyou意见/n的/ude1。/wj
鲁豫/nr2：/wp是/vshi为什么/ryv？/ww
是/vshi因为/p他们/rr那个/rz年代/n的/ude1人/n可能/v那样/rzv一/m种/q特别/a的/ude1表现/vn方式/n，/wd我们/rr不/d理解/v，/wd还/d是/vshi什么/ry？/ww
郭岭梅/nr：/wp现在/t我/rr能/v理解/v，/wd就/d是/vshi她/rr认为/v这些/rz动感情/vl的/ude1东西/n都/d是/vshi资产阶级/n情调/n，/wd她/rr最近/t写/v自传/n嘛/y，/wd我/rr看/v她/rr认为/v，/wd她/rr一定/d要/v克服/v小/a资产阶级/n温情/n。/wj
鲁豫/nr2：/wp是/vshi一个/mq比较/d革命/vi的/ude1。/wj
郭岭梅/nr：/wp特别/d革命/vi。/wj
鲁豫/nr2：/wp当时/t的/ude1郭岭梅/nr不/d太/d能够/v接受/v妈妈/n的/ude1那种/r情感/n的/ude1表现/vn方式/n啊/y，/wd我/rr想/v可能/v人/n在/p那个/rz特定/b的/ude1政治/n环境/n和/cc生活/vn环境/n里面/f，/wd可能/v会/v有/vyou一些/mq我们/rr现在/t人/n不/d太/d理解/v的/ude1情感/n的/ude1表达/vn的/ude1方式/n，/wd而/cc那/rzv种/q方式/n呢/y其实/d在/p她/rr的/ude1心/n里面/f这么/rz多/m年/qt一直/d是/vshi有/vyou一个/mq阴影/n存在/v的/ude1。/wj
./wj
./wj
./wj
./wj
./wj
./wj
鲁豫/nr2：/wp听/v起来/vf是/vshi很/d严格/a的/ude1父母/n。/wj
陈锐/nr：/wp对/p，/wd是/vshi。/wj
鲁豫/nr2：/wp有/vyou多/m严厉/a？/ww
陈锐/nr：/wp那/rzv打/v肯定/d是/vshi要/v打/v了/y。/wj
鲁豫/nr2：/wp你/rr印象/n中/f最/d深/a的/ude1一/m次/qv打/v是/vshi什么/ry？/ww
陈锐/nr：/wp以前/f那个/rz时候/n住/vi的/ude1是/vshi那种/r像/p筒子楼/n似的/uyy公共/b楼梯/n，/wd大家/rr上/f来/vf以后/f呢/y就/d是/vshi一/m排/q的/ude1宿舍/n，/wd其实/d我/rr最/d深/a的/ude1印象/n呢/y，/wd我/rr被/pbei打/v完/vi了/ule以后/f，/wd罚/v我/rr站/vi到/v楼梯/n拐弯/vi儿/ng墙角/n那儿/rzs，/wd背/v对/p着/uzhe墙/n，/wd那个/rz时候/n大概/d是/vshi6/m岁/qt吧/y，/wd目的/n是/vshi什么/ry呢/y？/ww
