锻炼/v取得/v好/a的/ude1效果/n，/wd就/d一直/d持续/vi了/ule下去/vf，/wd一下/mq就/d练习/v了/ule四/m年/qt。/wj
虽然/c是/vshi业余/b的/ude1训练/vn，/wd但是/c小时候/t的/ude1小鹏/nr2还是/v个/q比较/d会/v偷懒/vi的/ude1运动员/n，/wd有/vyou一/m次/qv训练/vn时/ng他/rr和/cc另外/rz一/m名/q队友/n两/m人/n在/p那/rzv聊天/vi，/wd教练/n让/v他们/rr过去/t也/d不/d理/v。/wj
突然/ad间/f又/d感觉/v有/vyou点/qt饿/v了/y，/wd于是/cc两/m人/n偷偷/d溜/v出/vf去/vf买/v点/qt东西/f吃/v，/wd然后/c两/m人/n又/d在/p外面/f打/v台球/n。/wj
天有不测风云/al，/wd结果/n恰巧/d被/pbei父母/n路过/v发现/v。/wj
爸/n妈/n就/d问/v他/rr，/wd你/rr不/d是/vshi说来/v训练/v吗/y？/ww
怎么/ryv在/p这里/rzs打/v台球/n啊/y，/wd晓/vg鹏/ng还嘴/v硬/a道/n：/wp“/wyz我们/rr今天/t休息/v。/wj
”/wyy爸/n妈/n又/d去/vf问/v教练/n，/wd教练/n说/v这/rzv小子/n偷懒/vi，/wd跑/v出/vf去/vf玩/v了/y，/wd结果/n被/pbei爸/n妈/n痛骂/v了/ule一/m通/qv。/wj
尽管/c这样/rzv，/wd韩晓鹏/nr还/d是/vshi具有/v运动/vn的/ude1天赋/n，/wd在/p教练/n眼里/s是/vshi个/q练/v体育/n的/ude1好/a苗子/n。/wj
…/ws
…/ws
鲁豫/nr2：/wp韩晓鹏练/nr的/ude1项目/n叫做/v自由式/b滑雪/vn空中/s技巧/n，/wd需要/v从/p很/d高/a的/ude1台子/n上/f冲/v下/f来/vf，/wd在/p空中/s做/v一些/mq漂亮/a的/ude1转身/vn动作/n。/wj
夏天/t没有/v雪/n的/ude1时候/n就/d在/p人工/n搭建/v台子/n上/f练习/v，/wd往/p水/n里/f跳/vi。/wj
冬天/t的/ude1时候/n他们/rr就/d要/v进/vf山/n，/wd去/vf雪/n地/n里/f真/d刀/q真/a枪/n练习/v。/wj
自由式/b滑雪/vn空中/s技巧/n是/vshi借助/v陡坡/n下滑/vi的/ude1惯性/n在/p预先/d准备/v的/ude1跳台/n上/f进行/vx两/m次/qv不同/a技巧/n跳跃/v的/ude1比赛/vn。/wj
运动员/n从/p平台/n跃起/nr到/v落地/vi的/ude1空间/n内/f要/v做/v各种/rz空/ng翻/v转体/vi动作/n。/wj
对/p年级/n尚/d小/a的/ude1韩晓鹏/nr来说/uls，/wd刚刚/d开始/v的/ude1训练/vn是/vshi十分/d艰苦/a的/ude1，/wd特别/d是/vshi在/p初来乍到/vl的/ude1新奇/a之后/f，/wd日复一日/vl的/ude1训练/vn似乎/d也/d变/v的/ude1不/d是/vshi那么/rz可爱/a了/y。/wj
与此同时/c，/wd做/v为/v一个/mq新/a成立/vi的/ude1训练/vn项目/n，/wd起步/vi阶段/n同样/d艰难/a。/wj
当时/t，/wd滑雪/vn队/n没有/v自己/rr的/ude1新/a器材/n，/wd只能/v将/d就/d着/uzhe其他/rzv队/q不/d要/v的/ude1器材/n废物/n利用/v。/wj
相对/d于/p训练/vn的/ude1艰苦/a和/cc器材/n的/ude1落后/a而言/uls，/wd韩晓/nr鹏/nt记忆/n深刻/a的/ude1还有/v生活/vn条件/n上/f的/ude1窘迫/an。/wj
经过/p艰苦/a的/ude1训练/vn，/wd韩晓鹏/nr逐步/d掌握/v了/ule自由式/b滑雪/vn空中/s技巧/n的/ude1一些/mq难度/n动作/n。/wj
夏天/t训练/v的/ude1时候/n他们/rr就/d从/p人工/n台上/s滑/v下/f，/wd往/p水/n里/f跳/vi。/wj
一/m进入/v冬季/t，/wd他们/rr就/d回到/v长白山/ns，/wd去/vf冰雪/n跳台/n，/wd进行/vx实际/a的/ude1磨练/vn。/wj
作为/p一个/mq南方/s人/n，/wd到/v北方/s来/vf练习/v这样/rzv一个/mq冰雪/n项目/n他/rr要/v吃/v的/ude1苦头/n我们/rr难以/d想象/v，/wd特别/d是/vshi当初/t韩晓鹏/nr从/p家里/s出来/vf的/ude1时候/n才/d刚刚/d12/m岁/qt，/wd这/rzv一点/mq，/wd他/rr的/ude1家/n人/n也/d做出/v了/ule相当/d大/a的/ude1牺牲/vn和/cc支持/vn。/wj
韩晓鹏/nr的/ude1家境/n并/cc不/d宽裕/a，/wd父母/n都/d是/vshi当地/s粮食/n系统/n的/ude1职工/n，/wd为了/p培养/v儿子/n，/wd这些/rz年/qt来/f韩晓鹏/nr的/ude1父亲/n韩/nr1波/n前前后后/dl的/ude1花费/n超过/v了/ule10万/m元/q钱/n，/wd以至于/c直到/v现在/t，/wd他们/rr家/n还/d背/v着/uzhe4万/m多/m元/q的/ude1外债/n。/wj
五/m年/qt前/f，/wd韩晓鹏/nr的/ude1父母/n双双/m下岗/vi了/y。/wj
虽然/c说/v这时候/rzt，/wd韩晓鹏/nr已经/d到/v了/ule国家队/n，/wd但/c那/rzv时候/n他/rr的/ude1工资/n和/cc奖金/n并/cc不/d是/vshi很多/m，/wd家里/s有/vyou时候/n还/d需要/v贴补/v他/rr一些/mq生活费/n。/wj
为了/p生计/n，/wd父亲/n韩波/nr还/d借/v了/ule七八万/m元/q的/ude1外债/n，/wd买/v了/ule一/m辆/q旧/a的/ude1大/a卡车/n，/wd跑/v起/vf了/ule长途/b运输/vn。/wj
这些/rz年/qt来/f，/wd父亲/n就/d是/vshi用/p这种/r方式/n，/wd为/p儿子/n的/ude1成长/vn默默/d付出/v着/uzhe。/wj
而/cc韩晓鹏/nr在/p知道/v父母/n为/p他/rr的/ude1这种/r付出/v后/f，/wd就/d暗/ad下决心/vi，/wd一定/d要/v做/v出/vf点/n什么/ry。/wj
这/rzv之后/f，/wd更加/d刻苦/a的/ude1训练/vn也/d让/v韩晓鹏/nr的/ude1成绩/n迅速/ad提高/v，/wd多次/mq在/p全国/n比赛/vn中/f夺得/v冠军/n，/wd于是/cc2002年/t，/wd他/rr向/p更/d高/a的/ude1目标/n发起/v了/ule冲击/vn，/wd然而/c在/p盐湖城/nsf的/ude1第一/m次/qv冬奥会/n之/uzhi旅/ng却/d成为/v了/ule韩晓鹏/nr的/ude1痛苦/an记忆/n，/wd他/rr只/d拿/v到/v了/ule第24/m名/q。/wj
而/cc在/p回国/vi之后/f的/ude1一/m次/qv训练/vn受伤/vi，/wd更/d将/d韩晓/nr鹏/ng推进/vi了/ule最/d低谷/n。/wj
2002/m奥运会/n之后/f，/wd韩晓鹏/nr又/d遭到/v了/ule一/m次/qv打击/vn，/wd在/p一/m次/qv中/f，/wd由于/c器材/n没/d布置/v好/a，/wd结果/n晓鹏/nr2没有/d飞/vi出/vf去/vf，/wd直接/ad把/pba右/f膝关节/n两/m根/q韧带/n摔/v断/v了/y。/wj
他/rr不得不/d接受/v一/m次/qv手术/vn，/wd这个/rz手术/n让/v韩晓/nr鹏/ng休息/v了/ule3/m个/q多/a月/n。/wj
虽然/c遭受/v了/ule比赛/vn失利/vn和/cc身体/n受伤/vi的/ude1打击/vn，/wd但是/c韩晓鹏/nr还是/d坚持/v下来/vf了/y，/wd当初/t在/p心里/s暗/a下/f的/ude1做/v出/vf点/n什么/ry的/ude1决心/n，/wd也/d慢慢/d实现/v了/y。/wj
虽然/c这/rzv次/qv参加/v都灵/ns冬奥会/n别/d没有/v被/pbei任何人/r看好/v，/wd但是/c凭借/p自己/rr出色/a一/m跳/vi，/wd韩晓鹏/nr还/d是/vshi站/vi在/p了/ule世界/n最/d前面/f。/wj
韩晓鹏/nr的/ude12006/m冬奥会/n之/uzhi行/ng开始/v并/cc没有/v被/pbei外界/n看好/v，/wd虽然/c在/p预赛/n的/ude1时候/n他/rr以/p黑马/n的/ude1姿态/n拿/v到/v了/ule第一/m的/ude1名次/n。/wj
但/c他/rr仍/d不/d敢/v奢望/vn金牌/n，/wd因为/p中国队/nt传递/v给/p他/rr的/ude1信息/n是/vshi：/wp那些/rz世界/n强手/n实际上/d在/p预赛/n中/f都/d有/vyou保留/v，/wd将/d高/a难度/n的/ude1绝活/n留/v到/v了/ule决赛/vn，/wd韩晓/nr鹏/ng到时/d只/d要/v争取/v冲/v进/vf前/f六/m名/q就算/d完成/v任务/n。/wj
可能/v正是/v因为/c没有/v了/ule心理/n负担/n，/wd韩晓鹏/nr完成/v了/ule决赛/vn场上/s最/d完美/a的/ude1一/m跳/vi，/wd赢得/v了/ule金牌/n，/wd成为/v冬奥会/n上/f一/m匹/q的/ude1显眼/a的/ude1黑马/n。/wj
就/d在/p这/rzv次/qv冬奥会/n决赛/vn之前/f，/wd晓鹏/nr2做/v了/ule一个/mq梦/n，/wd梦/n到/v自己/rr拿/v了/ule冠军/n，/wd几乎/d和/cc比赛/vn如出一辙/vl——/wp第一/m跳/vi，/wd他/rr得到/v了/ule130./m53/m的/ude1高/a分/qt，/wd但是/c白俄罗斯/nsf选手/n达申斯基/nrf更/d高/a：/wp131./m42分/t。/wj
第二/m跳/vi，/wd用/p难度/n系数/n仅/d为/v4./m175/m的/ude1动作/n，/wd韩晓鹏/nr拿/v到/v了/ule120./m24分/t。/wj
而/cc达申斯基/nrf却/d在/p尝试/vn难度/n为/p4./m425/m的/ude1动作/n时/ng，/wd落地/vi背部/n碰到/v雪/n面/q。/wj
金牌/n，/wd就/d这样/rzv从天而降/vl。/wj
在/p“/wyz默默无闻/vl”/wyy了/ule多/m年/qt之后/f终于/d得到/v奥运/n冠军/n的/ude1韩晓鹏/nr说/v，/wd自己/rr想/v把/pba金牌/n垫/v在/p枕头/n底下/f睡/v，/wd结果/d在/p夺得/v金牌/n那个/rz晚上/t抱/v着/uzhe金牌/n的/ude1晓鹏/nr2却/d怎么/ryv睡/v也/d睡/v不/d着/uzhe。/wj
晓鹏/nr2坦言/v一/m闭/v上/vf眼睛/n脑袋/n里/f想/v的/ude1全/a是/vshi夺冠/vi的/ude1那些/rz画面/n，/wd兴奋/v了/ule一/m夜/qt。/wj
如果/c说/v刘翔/nr是/vshi“/wyz栏/n上/f飞人/n”/wyy，/wd那么/c韩晓鹏/nr就/d是/vshi名副其实/vl的/ude1“/wyz雪/n上/f飞人/n”/wyy。/wj
虽然/c他们/rr飞翔/v的/ude1动作/n各/rz有/vyou不同/a——/wp跨越/v或者/c翻转/v，/wd但/c他们/rr飞翔/v的/ude1风景/n一样/uyy美丽/a。/wj
晓鹏/nr2坦言/v刘翔/nr是/vshi自己/rr的/ude1偶像/n。/wj
赛后/t外界/n评论/n都/d称/v韩晓鹏/nr为/p黑马/n，/wd不过/c韩晓鹏/nr自己/rr更/d愿意/v叫/vi自己/rr是/vshi黑马/n王子/n，/wd言辞/n充满/v了/ule自信/a。/wj
