而/cc此时/r她/rr想/v到/v，/wd要/v用/p法律/n的/ude1手段/n要/v回/v自己/rr的/ude1儿子/n。/wj
鲁豫/nr2：/wp其实/d有/vyou法律/n有点/d鞭长莫及/vl的/ude1感觉/n，/wd因为/c孩子/n在/p美国/nsf，/wd爸爸/n也/d在/p美国/nsf，/wd妈妈/n在/p中国/ns，/wd那么/rz第一/m步/qv你/rr要/v找/v律师/n的/ude1话/n可/v能/v找/v身边/s的/ude1律师/n是/vshi最/d简单/a的/ude1，/wd先/d向/p周围/f的/ude1律师/n来/vf探/v探/v情况/n。/wj
那么/rz北京/ns的/ude1律师/n、/wn国内/s律师/n给/p你/rr的/ude1建议/n是/vshi什么/ry？/ww
罗侠/nr：/wp我/rr上/vf线/n就/d是/vshi这么/rz教/v我/rr的/ude1呀/y。/wj
我/rr就/d找/v我/rr姨妈/n去/vf，/wd我/rr跟/p我/rr姨妈/n讲/v，/wd这个/rz产品/n怎么样/ryv，/wd这个/rz经营/vn理念/n是/vshi一/m种/q最/d先进/a的/ude1营销/vn模式/n等/udeng。/wj
我/rr姨妈/n听/v都/d不/d听/v了/y，/wd那个/rz时候/n她/rr都/d是/vshi六七十/m岁/qt的/ude1人/n，/wd所以/c只/d听/v清楚/v了/ule我/rr要/v要/v让/v她/rr掏钱/vi买/v东西/n。/wj
鲁豫/nr2：/wp最后/f她/rr花/v了/ule多少/ry钱/n，/wd买/v了/ule些/q什么/ry？/ww
罗侠/nr：/wp我/rr也/d不/d忍心/v啊/y。/wj
因为/p我/rr姨妈/n很/d穷/a，/wd就/d退休/v工人/n嘛/y，/wd当时/t就/d不/d到/v三百/m块/q钱/n的/ude1退休/vn工资/n。/wj
然后/c我/rr就/d说/v那/rzv你/rr就/d买/v这/rzv瓶/q酱油/n吧/y，/wd75/m块/q钱/n。/wj
她/rr也/d不/d知道/v那/rzv是/vshi干什么/vi的/ude1，/wd然后/c说/v，/wd哦/e，/wd75/m。/wj
然后/c就/d去/vf那个/rz柜子/n里面/f，/wd拿/v出/vf一个/mq手巾/n，/wd一/m层/qv一/m层/qv打开/v，/wd我/rr看/v她/rr那/rzv一/m毛/q一/m毛/nr1数/n给/p我/rr的/ude1时候/n，/wd心里/s边/d那个/rz滋味/n可/c真/d不/d好受/a。/wj
就/d觉得/v这么/rz贵/a的/ude1东西/n，/wd卖/v给/p我/rr的/ude1姨妈/n，/wd这/rzv75/m块/q钱/n，/wd可能/v我/rr姨妈/n可以/v吃/v一/m年/qt的/ude1酱油/n了/y。/wj
鲁豫/nr2：/wp那/rzv你/rr当/v时/ng写/v这个/rz报道/v，/wd你/rr可以/v慢慢/d去/vf调查/v，/wd干吗/v真/a的/ude1要/v卖/v呢/y？/ww
罗侠/nr：/wp万一/c我/rr通过/p一边/d报道/v很/d真实/a的/ude1，/wd万一/c它/rr真的/d是/vshi一/m条/q发财/vi的/ude1路/n的/ude1话/n，/wd可以/v把/pba这个/rz发财/vi的/ude1路/n，/wd通过/p我/rr的/ude1那个/rz赚钱/v的/ude1经历/n，/wd告诉/v那些/rz下岗/vn工人/n，/wd那/rzv这些/rz下岗/vn工人/n有/vyou什么/ry难/a的/ude1呢/y，/wd有/vyou什么/ry怕/v的/ude1呢/y，/wd他们/rr很快/d就/d可以/v发财/vi了/y。/wj
鲁豫/nr2：/wp但/c罗侠/nr经过/p调查/v了解/v以后/f，/wd就/d对/p这种/r模式/n有/vyou了/ule很/d深/a的/ude1怀疑/vn。/wj
她/rr觉得/v自己/rr应该/v进入/v传销/vn组织/n的/ude1更/d深层/a，/wd了解/v更/d多/a的/ude1内幕/n。/wj
画外音/n：/wp罗/b侠/ng调查/v了解/v之后/f，/wd发现/v传销/v所谓/v的/ude1新/a的/ude1经营/vn模式/n，/wd就是/d不/d经过/p店铺/n直接/ad将/p产品/n卖/v给/p消费者/n，/wd并且/c通过/p新人/n的/ude1加入/v，/wd形成/v上/vf线/n、/wn下/vf线/n的/ude1隶属/vn关系/n，/wd组成/v一个/mq强大/a的/ude1网络/n。/wj
当时/t的/ude1罗侠/nr有/vyou着/uzhe两/m张/q面孔/n，/wd一方面/c罗/b侠/ng以/p高晶/nr的/ude1身份/n渗入/v到/v传销/vn组织/n中/f，/wd另一方面/c，/wd她/rr以/p自己/rr真实/a的/ude1名字/n将/d非法/d传销/v的/ude1蛛丝马迹/nl，/wd用/p文字/n报道/v的/ude1形式/n刊登/v出来/vf。/wj
但/c要/v揭露/v其中/rz更/d深/a的/ude1秘密/n，/wd罗侠/nr必须/d进入/v传销/vn组织/n的/ude1高层/n，/wd仅仅/d是/vshi这个/rz传销/vn网络/n几十万/m人/n中/f的/ude1普通/a一/m员/q是/vshi远远/d不够/a的/ude1。/wj
在/p这样/rzv强大/a的/ude1一个/mq网络/n中/f，/wd从/p一个/mq刚刚/d介入/v传销/vn的/ude1新手/n到/v成为/v传销/vn最/d核心/n层/qv的/ude1成员/n，/wd至少/d要/v投资/v十/m几万/m元/q。/wj
传销/vn网络/n最/d顶层/f的/ude1核心/n人员/n是/vshi来自/v广州/ns的/ude1两/m兄弟/n，/wd他们/rr开始/v渐渐/d注意/v到/v自己/rr的/ude1组织/n里面/f，/wd一个/mq叫/vi高晶/nr的/ude1姑娘/n，/wd非常/d活跃/a。/wj
罗侠/nr：/wp有/vyou一/m次/qv在/p分享/v会上/t，/wd这/rzv两/m兄弟/n要/v到/v一个/mq分会场/n视察/v，/wd我/rr知道/v了/ule就/d跑/v去/vf了/y，/wd看到/v他们/rr在/p上面/f鼓动/v新/a加入/v网络/n的/ude1这些/rz下/vf线/n，/wd能否/v到/v台上/s来/vf，/wd把/pba你/rr进入/v传销/vn之后/f的/ude1心得/n给/p大家/rr分享/v。/wj
那个/rz时候/n我/rr觉得/v机会/n来/vf了/y，/wd我/rr噌/o的/ude1一/m下/f，/wd一个/mq箭步/n就/d上去/vf了/y，/wd我/rr就/d讲/v传销/v给/v了/ule我/rr第二/m生命/n，/wd我/rr在/p传销/vn里边/f找到/v了/ule自己/rr人生/n的/ude1目标/n，/wd可以/v说/v一/m把/pba眼泪/n一/m把/pba鼻涕/n地/ude2说/v，/wd这/rzv两/m兄弟/n一下/mq就/d侧/v目/ng了/y，/wd这/rzv里边/f居然/d还/d有/vyou这种/r人才/n，/wd马上/d问/v，/wd这/rzv是/vshi谁/ry的/ude1下/vf线/n，/wd然后/c我/rr那/rzv位/q上/f线/n也/d觉得/v很/d长/a脸/n，/wd我/rr这/rzv是/vshi在/p劳务/n市场/n刚刚/d招/v来/vf的/ude1。/wj
…/ws
…/ws
结语/n：/wp采集/v人/n：/wp周灵/nr茵/ng正文/n：/wp鲁豫/nr2：/wp作为/v一/m名/q记者/n，/wd在/p她/rr的/ude1工作/vn中/f，/wd追求/v的/ude1就/d是/vshi第一/m现场/s有/vyou我/rr在/v。/wj
但/c实际/a的/ude1采访/vn过程/n中/f，/wd要/v做到/v真正/d地/ude2进入/v新闻/n事件/n发生/v的/ude1第一/m现场/s，/wd与/p新闻/n事件/n的/ude1主人公/n面对面/dl接触/v，/wd并/cc不/d是/vshi很/d容易/a的/ude1事情/n。/wj
今天/t我们/rr请/v来/vf了/ule两/m位/q记者/n，/wd是/vshi两/m个/q女性/n，/wd她们/rr都/d是/vshi在/p非常/d复杂/a、/wn危险/a的/ude1情形/n下/vf出色/a地/ude2完成/v了/ule采访/vn。/wj
画外音/n：/wp在/p重庆/ns，/wd罗侠/nr是/vshi一个/mq非常/d知名/a的/ude1女/b记者/n。/wj
1997年/t她/rr在/p当时/t的/ude1《/wkz华西/ns都市/n报/n》/wky一/m次/qv特殊/a的/ude1连续/ad报道/v让/v她/rr声名鹊起/vl。/wj
当时/t，/wd刚刚/d进入/v《/wkz华西/ns都市/n报/n》/wky重庆/ns记者站/n的/ude1罗侠/nr，/wd一/m次/qv偶然/a的/ude1机会/n发现/v传销/v在/p当时/t非常/d火/a，/wd于是/cc便/d产生/v了/ule报道/v传销/vn的/ude1想法/n。/wj
事实上/bl，/wd准备/v开始/v报道/v传销/vn的/ude1时候/n，/wd罗侠/nr并/cc不/d知道/v，/wd非法/d传销/v的/ude1危害/vn，/wd不过/c是/vshi把/pba它/rr当成/v了/ule一/m次/qv普通/a的/ude1新闻/n事实/n的/ude1采访/vn。/wj
更/d无法/v料/n想到/v，/wd日后/t自己/rr需要/v应付/v的/ude1是/vshi狡猾/a的/ude1违法/vn分子/n。/wj
1997年/t8月/t中旬/t的/ude1一/m天/qt，/wd没有/v经验/n的/ude1罗侠/nr与/p往常/t一样/uyy，/wd身着/v职业装/n，/wd挎/v着/uzhe公文包/n来到/v了/ule重庆/ns人才/n交流/vn市场/n。/wj
于是/cc，/wd对/p传销/v不明/v就里/n的/ude1罗侠/nr在/p向/p所谓/v的/ude1“/wyz圈/n内/f人士/n”/wyy的/ude1咨询/vn后/f恍然大悟/vl。/wj
第二/m天/qt，/wd进行/vx了/ule一番/mq“/wyz洗/v心/n革/vg面/n”/wyy，/wd当/p她/rr再次/d来到/v人才/n交流/vn市场/n时/ng，/wd马/n上/f引起/v了/ule“/wyz独立/a经销商/n”/wyy的/ude1兴趣/n。/wj
鲁豫/nr2：/wp现在/t我们/rr都/d说/v非法/b传销/vn，/wd但/c在/p97年/t的/ude1时候/n，/wd传销/v还/d没有/d跟/v违法/vn等/udeng字眼/n划/v在/p一起/s。/wj
你/rr第一/m次/qv去/vf，/wd是/vshi穿/v着/uzhe像/p今天/t这样/rzv的/ude1职业装/n是/vshi吗/y？/ww
罗侠/nr：/wp第一/m次/qv，/wd我/rr记得/v穿/v的/ude1是/vshi西服/n吧/y，/wd拎/v着/uzhe公务/n包/v，/wd而且/c是/vshi高跟鞋/n，/wd一/d看/v就/d是/vshi一个/mq很/d职业/n的/ude1人/n。/wj
按照/p那些/rz不/d愿意/v接纳/v我/rr的/ude1传销/vn经销商/n来说/uls的话/udh，/wd一/d看/v就/d是/vshi有/vyou文化/n的/ude1人/n，/wd所以/c他们/rr都/d不/d接纳/v我/rr。/wj
鲁豫/nr2：/wp因为/c有/vyou文化/n的/ude1人/n不/d好/a骗/v啊/y。/wj
罗侠/nr：/wp应该/v是/vshi吧/y。/wj
