鲁豫/nr2：/wp有点/d像/v我们/rr“/wyz超级/b女声/n”/wyy那/rzv感觉/n？/ww
张惠妹/nr：/wp对/p对/p对/p，/wd类似/v这样/rzv。/wj
然后/c我/rr爸爸/n呢/y就/d躺/v在/p那个/rz病床/n上/f，/wd每/rz天/qt时间/n一/d到/v他/rr就/d会/v把/pba电视/n转/vd开/v，/wd那/rzv一/m转/vd开/v之后/f呢/y，/wd他/rr就/d会/v一边/d看/v着/uzhe里面/f比赛/vn。/wj
一/m次/qv呢/y，/wd我/rr记得/v那/rzv是/vshi一个/mq礼拜/n呢/y，/wd你/rr就/d必须/d要/v学/v大概/d三/m首/q歌/n以上/f，/wd甚至于/d六/m首/q。/wj
因为/c如果/c平手/n的话/udh，/wd你/rr要/v再/d继续/v。/wj
那/c我/rr就/d觉得/v开始/v压力/n特别/d大/a，/wd而且/c越来越/d觉得/v唱歌/vi不/d是/vshi那么/rz的/ude1高兴/a。/wj
因为/p你/rr会/v背负/v着/uzhe很多/m的/ude1期望/vn，/wd像/v有/vyou那/rzv种/q很/d好/a玩/v的/ude1那种/r事情/n就/d是/vshi说/v，/wd我/rr每次/r上/f北部/f去/vf比赛/v的/ude1时候/n。/wj
鲁豫/nr2：/wp就/d在/p台北/ns，/wd对/p吧/y，/wd台北/ns，/wd你/rr从/p台/n东/f到/v台北/ns？/ww
张惠妹/nr：/wp台/n东/f要/v坐/v火车/n。/wj
那/rzv时候/n坐/v火车/n要/v坐/v八/m个/q小时/n，/wd要/v坐/v八/m个/q小时/n，/wd。/wj
那/rzv一/m到/v那个/rz地方/n然后/c，/wd只要/c每/rz一/m次/qv赢/v呢/y，/wd就是/d过关/vi呢/y，/wd过/vf了/ule一/m关/n之后/f呢/y，/wd，/wd我们/rr家/n那个/rz门外/s就/d会/v莫名其妙/al很多/m人/n放/v鞭炮/n，/wd就是/v因为/c大家/rr会/v觉得/v说/v，/wd我/rr是/vshi他们/rr的/ude1一个/mq期望/vn，/wd就是/v他们/rr把/pba所有/b的/ude1希望/n寄托/v在/p我/rr身上/s。/wj
那/rzv希望/v说/v阿妹/n出去/vf代表/n台/q东/f，/wd然后/c可以/v赢得/v一个/mq很/d好/a的/ude1成绩/n，/wd所以/c那个/rz时候/n就/d越来越/d觉得/v，/wd太/d累/a了/y，/wd不好/ad玩/v。/wj
鲁豫/nr2：/wp压力/n也/d大/a了/y。/wj
张惠妹/nr：/wp压力/n也/d大/a了/y。/wj
鲁豫/nr2：/wp越/d赢/v越/d想/v赢/v？/ww
就/d怕/v万一/d输/v了/ule怎么/ryv办/v，/wd这种/r感觉/n？/ww
张惠妹/nr：/wp对/p，/wd心里/s面/n就/d一直/d在/p想/v说/v:/wp如果/c我/rr输/v了/ule怎么办/ryv？/ww
那/rzv怎么/ryv对/p我/rr的/ude1爸爸/n？/ww
怎么/ryv对/p我/rr的/ude1家/n人/n？/ww
怎么/ryv对/p亲戚/n朋友/n？/ww
怎么/ryv对/p所有/b台/b东/f的/ude1这个/rz乡亲/n父老/n？/ww
鲁豫/nr2：/wp这/rzv是/vshi最/d早/ad感受/v的/ude1压力/n啊/y？/ww
张惠妹/nr：/wp对/p．/w那/rzv是/vshi因为/p我/rr爸爸/n他/rr持续/vi地/ude2鼓励/v，/wd那/c我/rr爸爸/n他/rr的/ude1他/rr的/ude1病/n越来越/d严重/a嘛/y，/wd所以/c他/rr他/rr有/vyou些/q时候/n，/wd我们/rr晚上/t父女/n两/m个/q人/n都/d会/v聊天/vi．/w就/d会/v说/v其实/d爸爸/n觉得/v你/rr不/d要/v想/v那么/rz多/m．/w都/d知道/v你/rr有/vyou尽力/d．/w可是/c你/rr没有/d完成/v这/rzv一个/mq，/wd其实/d大家/rr都/d还/d蛮/d遗憾/a的/ude1．/w你/rr会/v不/d会/v想到/v再/d去/vf挑战/vi一/m次/qv？/ww
就是/v再/d去/vf一/m次/qv，/wd那/c我/rr就/d看/v了/ule我/rr爸爸/n的/ude1病/n越来越/d严重/a，/wd我/rr就/d想/v，/wd我/rr希望/v可以/v完成/v一个/mq他/rr的/ude1心愿/n．/w那个/rz时候/n是/vshi这样/rzv想/v，/wd所以/c隔/v了/ule半/m年/qt之后/f呢/y，/wd鲁豫/nr2：/wp再/d去/vf比/v？/ww
张惠妹/nr：/wp对/p我/rr又/d再/d去/vf报名/vi了/ule一/m次/qv．/w然后/c再/d去/vf比赛/v．/w鲁豫/nr2：/wp那/rzv后来/t赢/v了/ule爸爸/n知道/v吗/y？/ww
张惠妹/nr：/wp我/rr后来/t拿/v到/v了/ule那个/rz“/wyz五/m度/qv五/m关/n”/wyy的/ude1时候/n，/wd我/rr爸/n就/d走/v了/y，/wd他/rr就/d离开/v了/y，/wd他/rr离开/v了/ule我们/rr了/ule．/w鲁豫/nr2：/wp在/p你/rr拿/v到/v那个/rz奖/n之前/f？/ww
张惠妹/nr：/wp对/p．/w鲁豫/nr2：/wp那/rzv你/rr还/d在/p比赛/v吗/y那个/rz时候/n？/ww
张惠妹/nr：/wp还/d在/p比赛/vn。/wj
鲁豫/nr2：/wp那/rzv家里人/n告诉/v你/rr了/y吗/y？/ww
张惠妹/nr：/wp告诉/v我/rr，/wd那/c我/rr，/wd我/rr其实/d那个/rz时候/n因为/c我/rr第二/m次/qv去/vf，/wd去/vf参加/v那个/rz比赛/vn是/vshi因为/p我/rr爸爸/n。/wj
那/rzv比赛/v到/v了/ule快要/d接近/v尾声/n的/ude1时候/n，/wd我/rr心里/s面/n就/d在/p想/v说/v，/wd我/rr快要/d达成/v他/rr的/ude1目标/n了/y。/wj
那个/rz时候/n爸爸/n就/d忽然/d间/f就/d走/v了/y，/wd就/d离开/v我们/rr。/wj
离开/v我们/rr之后/f我/rr就/d再/d一/m次/qv受到/v打击/v，/wd就/d觉得/v我/rr，/wd我/rr又/d去/vf挑战/vi一/m次/qv是/vshi因为/p我/rr爸爸/n，/wd我/rr快要/d成功/a了/ule我/rr爸/n就/d离开/v了/y，/wd我/rr有/vyou一/m度/qv就是/v我/rr不/d想/v，/wd不/d想/v再/d比/v，/wd我/rr把/pba那个/rz位子/n让/v给/p别人/rr。/wj
那/rzv是/vshi因为/p我/rr，/wd我/rr的/ude1妈妈/n告诉/v我/rr说/v。/wj
你/rr以/p为/v爸爸/n走/v了/y？/ww
就/d没有/v在/p看/v着/uzhe你/rr吗/y，/wd其实/d他/rr还是/d在/p看/v着/uzhe你/rr。/wj
那/rzv如果/c你/rr可以/v完成/v他/rr的/ude1一个/mq这样/rzv的/ude1心愿/n，/wd他/rr会/v非常/d高兴/a。/wj
所以/c所以/c我/rr就/d，/wd就是/d再/d出发/vi这/rzv样子/n，/wd然后/c就/d在/p那/rzv几/m关/n里面/f就是/v在/p那个/rz几/m关/n里面/f，/wd然后/c就/d终于/d拿/v到/v那个/rz“/wyz五/m度/qv五/m关/n”/wyy。/wj
我/rr记得/v我/rr拿/v到/v了/ule那个/rz奖杯/n的/ude1时候/n，/wd隔/v一/m天/qt一/m回/qv到/v台/q东/f，/wd那/rzv一/m回去/v我/rr就/d直接/ad拿/v给/p我/rr爸爸/n。/wj
就/d拿/v到/v我/rr爸/n的/ude1墓/n前/f，/wd就/d说/v，/wd爸/n我/rr拿/v到/v了/ule“/wyz五/m度/qv五/m关/n”/wyy。/wj
然后/c这个/rz奖杯/n是/vshi要/v给/p你/rr的/ude1，/wd然后/c就/d给/p他/rr，/wd那/rzv之后/f的/ude1大概/n一两/m年/qt，/wd我/rr都/d不/d唱歌/vi的/ude1。/wj
鲁豫/nr2：/wp坐/v在/p那个/rz像/v宝座/n上/f一样/uyy就/d是/vshi拿/v到/v“/wyz五/m度/qv五/m关/n”/wyy奖/n那个/rz时候/n？/ww
张惠妹/nr：/wp嗯/e鲁/b豫/b：/wp因为/p我/rr看/v你/rr样子/n还/d好/a。/wj
但/c其/rz实心/b里面/f是/vshi在/p想/v很多/m的/ude1事情/n吗/y？/ww
张惠妹/nr：/wp我/rr其实/d心/n里面/f是/vshi在/p想/v说/v我/rr拿/v到/v了/ule我/rr终于/d拿/v到/v这个/rz“/wyz五/m度/qv五/m关/n。/wj
鲁豫/nr2：/wp阿妹/n在/pPUB/x她/rr刚刚/d自己/rr讲/v做/v歌手/n其实/d就/d七/m个/q月/n的/ude1时间/n，/wd对/p，/wd大概/d七/m个/q月/n。/wj
这/rzv七/m个/q月/n可能/v是/vshi他们/rr那个/rz团队/n到/v哪里/rys去/vf，/wd那个/rz酒吧/n生意/n会/v特别/a的/ude1好/a。/wj
张惠妹/nr：/wp对/p对/p对/p，/wd是/vshi吧/y，/wd就/d是/vshi，/wd就/d是/vshi大家/rr都/d会/v往/v。/wj
往/p我们/rr要/v去/vf的/ude1那个/rz地方/n集中/v，/wd这/rzv样子/n。/wj
鲁豫/nr2：/wp那个/rz时候/n不仅/c是/vshi酒吧/n的/ude1生意/n？/ww
会/v因为/c他们/rr变/v得/ude3好/a起来/vf还/d有/vyou很多/m台湾/ns的/ude1音乐界/n的/ude1人/n会/v去/vf听/v他们/rr唱歌/vi？/ww
阿妹/n就是/v在/p一个/mqPUB/x里面/f，/wd碰到/v她/rr在/p音乐/n生涯/n当中/f，/wd特别/d重要/a的/ude1一个/mq人/n，/wd是/vshi谁/ry？/ww
张惠妹/nr：/wp对/v。/wj
张雨生/nr。/wj
结语/n：/wp采集/v人/n：/wp周灵/nr茵/ng鲁豫/nr2：/wp对/p，/wd特别/d怕/v看/v自己/rr，/wd怕/v听/v自己/rr的/ude1声音/n，/wd真/a的/ude1好/a怕/v，/wd一/d有/vyou节目/n快/a出来/vf，/wd就/d，/wd天/qt哪/y，/wd上帝/n保佑/vn，/wd全都/d停电/vi。/wj
阿妹/n：/wp对/v。/wj
就是/v希望/v大家/rr都/d不/d要/v看到/v我/rr。/wj
家/q人/n看/v我/rr，/wd就/d说/v不/d要/v看/v。/wj
然后/c，/wd或者/c走/v到/v什么/ry地方/n人家/rr在/p看/v我/rr。/wj
