再/d下/vf一/m张/q，/wd周星驰/nr。/wj
鲁豫/nr2：/wp可见/v，/wd在/p当时/t周/nr1星/n驰/vg跟/v文/ng涛/ng脑子/n里/f面/n，/wd想/v的/ude1是/vshi同/p一/m件/q事儿/n。/wj
文涛/nr2：/wp对/p，/wd对/p，/wd还是/c星/n爷/ng快/a一/m步/qv，/wd这个/rz打/v的/ude1主意/n都/d是/vshi两/m个/q。/wj
但是/c就/d是/vshi其实/d啊/y，/wd这个/rz他/rr拍/v下/f的/ude1是/vshi几/m个/q瞬间/t，/wd中间/f啊/y李/nr1玟/n有/vyou过/uguo犹豫/a，/wd对/p吧/y。/wj
女性/n啊/e有时候/d也/d左右为难/vl，/wd哦/e，/wd真/a的/ude1。/wj
对/p不/d对/v？/ww
她/rr不/d可能/v不/d感觉/v到/v，/wd是/vshi吧/y？/ww
我/rr开始/v觉着/v呢/y，/wd先/d揽/v一个/mq，/wd然后/c那个/rz有/vyou没/d有/vyou戏/n，/wd五/m成/q的/ude1打算/n，/wd对/p吧/y？/ww
结果/n我/rr当时/t一/d看/v，/wd那个/rz已然/d没戏/vi了/y啊/y，/wd只能/v揽/v李/nr1玟/n，/wd是/vshi吧/y。/wj
李/nr1玟/n呢/y其实/d回/v了/ule一/m下身/n儿/ng，/wd人家/rr还/d是/vshi，/wd这个/rz女性/n这/rzv芳/ag心/n啊/y，/wd都/d明白/v，/wd谁/ry对/p她/rr好/a，/wd是/vshi吧/y？/ww
后来/t没/d拍/v下/vf那/rzv一/m瞬间/t。/wj
回/v了/ule一下/mq，/wd一/d看/v是/vshi我/rr，/wd不/d大/a认识/n。/wj
文涛/nr2：/wp她/rr跟/p我/rr不/d熟/a，/wd你/rr知道/v吗/y？/ww
她/rr当时/t那种/r…/ws
…/ws
我/rr后来/t，/wd主要/d这/rzv事儿/n我/rr琢磨/v过/uguo一个/mq月/n，/wd就/d是/vshi说/v她/rr…/ws
…/ws
鲁豫/nr2：/wp这个/rz时候/n熟/a不/d熟/a已经/d不/d重要/a了/y。/wj
文涛/nr2：/wp重要/a！/wt
在/p最/d这个/rz寸/ng，/wd这个/rz些微/b的/ude1时间/n里/f，/wd都/d能/v感觉/n到/v女性/n心理/n的/ude1变化/vn。/wj
戈辉/nr2：/wp就/d是/vshi啊/y，/wd你/rr像/v鲁豫/nr2和/cc那个/rz周星驰/nr也/d不/d熟/a啊/y。/wj
鲁豫/nr2：/wp不/d熟/a。/wj
但是/c，/wd那/rzv时候/n已经/d真的/d不在乎/v熟/a不/d熟/a，/wd只要/c是/vshi中国/ns人/n，/wd大家/rr就/d会/v抱/v在/p一起/s。/wj
文涛/nr2：/wp但是/c他/rr得了/vi地利/n之/uzhi便/ng。/wj
你/rr别/d给/p我/rr拿/v申/vg奥/b说/v事儿/n，/wd我/rr就/d说/v这个/rz行为/n，/wd就是说/c李/nr1玟/n当时/t呢/y转/v了/ule一下/mq，/wd转/v了/ule一下/mq，/wd如果/c我/rr是/vshi她/rr的/ude1熟人/n，/wd她/rr就/d抱/v了/y，/wd你/rr知道/v吧/y。/wj
主要/d是/vshi不/d太/d熟/a，/wd可能/v周/nr1星/n驰/vg跟/p她/rr熟/a一点儿/mq，/wd你/rr知道/v吗/y？/ww
在/p那/rzv种/q情况/n下/f，/wd周/nr1星/n驰/vg那边/rzs也/d忽悠/z她/rr呢/y，/wd你/rr知道/v吧/y。/wj
所以/c她/rr回来/v一/m看/v，/wd哎/e，/wd不/d太/d熟/a，/wd回来/v。/wj
戈辉/nr2：/wp这个/rz，/wd这/rzv事儿/n都/d能/v理解/vn。/wj
本来/d你/rr就/d属于/v犯/v了/ule战略/n战术/n的/ude1错误/n，/wd鲁/b豫/b人家/n还/d隔/v着/uzhe人/n呢/y，/wd你/rr怎么/ryv抱/v也/d抱/v不/d过来/vf呀/y。/wj
你/rr主攻/v李/nr1玟/n应该/v。/wj
文涛/nr2：/wp所以/c我/rr原来/d准备/v的/ude1是/vshi搂/v定/v一个/mq，/wd再/d谋/v另/rz一个/mq，/wd谋/v定/v谋/v不/d住/vi，/wd这个/rz保住/v了/y，/wd结果/n两/m个/q都/d没/v了/y。/wj
鲁豫/nr2：/wp这/rzv四/m张/q照片/n，/wd堪称/v经典/n。/wj
还有/v一/m张/q照片/n，/wd他们/rr认为/v比较/vn经典/n。/wj
说/v是/vshi我/rr的/ude1眼神/n儿/k看/v你/rr的/ude1眼神/n儿/ng不对/a。/wj
文涛/nr2：/wp没/d错/v，/wd不/d，/wd那/rzv太/d对了/vl，/wd太/d对了/vl，/wd太/d对/v。/wj
你/rr就/d应该/v那么/c看/v我/rr，/wd你/rr好/a多/m年/qt不/d这么/rz看/v我/rr了/y。/wj
画外音/n（/wkz文涛/nr）/wky：/wp跟/p这个/rz女/b同事/n啊/y，/wd我/rr跟/p她/rr的/ude1关系/n，/wd不好/ad说/v。/wj
太/d深/a了/y，/wd整整/d八/m年/qt了/y，/wd我们/rr俩/m一块儿/s经历/n的/ude1这个/rz重要/a时刻/n，/wd真是/d太/d多/a太/d多/a了/y。/wj
中国/ns成功/ad申办/v奥运会/n的/ude1那个/rz时候/n，/wd我/rr跟/p她/rr也/d是/vshi一/m起/vf呀/y，/wd坐/v在/p莫斯科/nsf的/ude1这个/rz主/n播/v台上/s。/wj
当/p胜利/vi的/ude1消息/n传来/v的/ude1那/rzv一刹那/t，/wd全场/n都/d在/p欢呼/v。/wj
我/rr就/d向/p她/rr张开/v了/ule双臂/n，/wd她/rr也/d向/p我/rr张开/v了/ule双臂/n，/wd但是/c临到/v跟前/f的/ude1时候/n，/wd她/rr突然/ad一/d转身/vi，/wd扑/v进/vf了/ule身边/s一个/mq叫/vi周星驰/nr的/ude1嘉宾/n怀抱/n里/f。/wj
后来/t她/rr给/p我/rr辩解/vi说/v是/vshi，/wd周星驰/nr一把把/m她/rr揽/v了/ule过去/vf。/wj
但是/c这种/r隐痛/n直到/v今天/t，/wd还/d在/p咬啮/v着/uzhe我/rr的/ude1小/a心灵/n。/wj
所以/c我/rr今天/t要/v把/pba她/rr请/v上/f来/vf，/wd有/vyou请/v我们/rr的/ude1鲁豫/nr2。/wj
（/wkz拥抱/v）/wky哎呀/e，/wd这/rzv下/f吃/v饱/a了/y。/wj
画外音/n（/wkz鲁豫/nr2）/wky：/wp其实/d文涛/nr知道/v，/wd我/rr在/p拥抱/v周/nr1星/n驰/vg的/ude1时候/n，/wd心里/s想/v的/ude1还/d是/vshi你/rr。/wj
其实/d文涛/nr知道/v，/wd我/rr一直/d很/d爱/v他/rr，/wd像/p爱/v自己/rr的/ude1家人/n。/wj
画外音/n（/wkz文涛/nr）/wky：/wp干/v嘛/y要/v有/vyou最后/f那/rzv句/q话/n呢/y。/wj
鲁豫/nr2：/wp这个/rz照片/n拍/v的/ude1时间/n，/wd是/vshi1997年/t香港/ns回归/v，/wd应该/v是/vshi回归/v第二/m天/qt吧/y。/wj
可能/v是/vshi，/wd咱们/rr直播/v结束/v之后/f嘛/y。/wj
文涛/nr2：/wp没错/vi儿/ng。/wj
鲁豫/nr2：/wp开/v那个/rz庆功宴/n。/wj
文涛/nr2：/wp没错/vi儿/ng。/wj
鲁豫/nr2：/wp这/rzv完全/ad是/vshi一个/mq视觉/n的/ude1一个/mq误差/n。/wj
文涛/nr2：/wp没/v误差/n，/wd没/v误差/n。/wj
鲁豫/nr2：/wp其实/d啊/y，/wd真/a的/ude1，/wd我/rr的/ude1那个/rz视线/n，/wd可能/v是/vshi掠过/v你/rr的/ude1那个/rz肩头/n，/wd看到/v你/rr身后/f的/ude1什么/ry人/n。/wj
文涛/nr2：/wp不/d会/v，/wd不/d会/v，/wd不/d会/v。/wj
那/c我/rr记得/v很/d清楚/a啊/y。/wj
当时/t他/rr就/d照相/vi，/wd如果/c在/p我/rr的/ude1那边/rzs照/v到/v我/rr的/ude1眼神/n儿/ng，/wd那/c…/ws
…/ws
鲁豫/nr2：/wp你/rr什么/ry眼神/n儿/ng啊/y？/ww
文涛/nr2：/wp灼灼/z呀/y。/wj
这个/rz，/wd大家/rr看/v到/v这个/rz女性/n，/wd她/rr这个/rz心理/n呀/y，/wd情/n动/v于/p衷/ag的/ude1时候/n，/wd表现/v出来/vf的/ude1眼神/n儿/ng，/wd是/vshi这个/rz对/p眼/n儿/ng，/wd是/vshi吧/y。/wj
有/vyou对/p眼/n儿/ng，/wd而且/c呢/y表现/v出/vf，/wd找/v不/d准/a焦点/n的/ude1一/m种/q迷茫/a感/vg。/wj
那个/rz时候/n你/rr就/d知道/v，/wd这/rzv女/b的/ude1爱上/v你/rr了/y。/wj
鲁豫/nr2：/wp这/rzv是/vshi我/rr做/v了/ule直播/vn很/d长/a时间/n以后/f，/wd我/rr困/vi了/y。/wj
文涛/nr2：/wp哦/e，/wd累/v了/y，/wd是/vshi吗/y？/ww
你/rr累/v了/ule的/ude1时候/n爱上/v我/rr，/wd也/d不错/a了/y。/wj
鲁豫/nr2：/wp还有/v一/m件/q事儿/n，/wd也/d是/vshi在/p许戈辉/nr不/d在/p的/ude1时候/n。/wj
我们/rr去年/t夏天/t一起/d去/vf了/ule台湾/ns，/wd当时/t许/v戈辉/nr不/d知道/v为什么/ryv，/wd被/pbei台湾/ns当局/n给/v拒/vg签/v了/y。/wj
戈辉/nr2：/wp哦/e，/wd真/a的/ude1。/wj
我们/rr是/vshi十几/m个/q主持人/n一块儿/s，/wd对/p，/wd我们/rr都/d是/vshi出生/vi在/p中国/ns内地/s的/ude1主持人/n，/wd祖国/n大陆/n的/ude1主持人/n，/wd最后/f只/d有/vyou我/rr和/cc嘉耀/nr2被/pbei拒/vg签/v。/wj
后来/t大家/rr得出/v的/ude1结论/n呢/y就是说/c，/wd我/rr和/cc嘉耀长/nr的/ude1比较/vn这个/rz端正/v。/wj
文涛/nr2：/wp对/p，/wd一个/mq像/v书记/n，/wd一个/mq像/v妇联/n主席/n。/wj
鲁豫/nr2：/wp被/pbei台湾/ns当局/n无理/a地/ude2给/v拒/vg签/v了/y，/wd不/d知道/v为什么/ryv。/wj
鲁豫/nr2：/wp于是/cc我们/rr就/d去/vf了/y，/wd对/p，/wd我们/rr一路/mq去/vf了/ule台湾/ns很多/m地方/n，/wd到/v了/ule苗/n栗/ng还/d是/vshi什么/ry地方/n，/wd泡/v温泉/n那个/rz地方/n。/wj
