许百顺/nr一把把/m那/rzv沮丧/a小子/n抱/v住/vi了/y，/wd在/p许/m三/m多/a的/ude1记忆/n里/f父亲/n没/d这样/rzv抱/v过/uguo自己/rr，/wd象/ng是/vshi要/v把/pba他/rr抱/v成/v两/m截/q。/wj
许百顺/nr：/wp当/v了/ule兵/n不/d兴/v打架/vi，/wd你/rr打架/vi，/wd班长/n不/d要/v你/rr了/y！/wt
许/m三/m多/m又/d看/v史/ng今/tg，/wd史今/nr还是/d不/d看/v他/rr。/wj
许/m三/m多/m：/wp爸/n，/wd等/udeng我/rr回/v来/vf帮/v你/rr打架/vi。/wj
他/rr上车/v，/wd背影/n委屈/v得/ude3象/n个/q小/a老头/n。/wj
史今/nr收回/v了/ule目光/n，/wd很/d正式/a地/ude2向/p许/m百/m顺/vd敬礼/vi。/wj
史今/nr：/wp走/v了/y，/wd老前辈/n。/wj
许百顺/nr：/wp由/p你/rr打/v由/p你/rr骂/v，/wd可是/c对/p他/rr好/a一点/mq。/wj
史今/nr看/v着/uzhe眼前/s的/ude1半/m老头/n，/wd许百顺/nr披/v了/ule半/m生/v的/ude1硬壳/n终于/d去/vf尽/vi，/wd现在/t的/ude1许/m百/m顺/a忧伤/an哀怜/v、/wn沮丧/an而/cc茫然/an，/wd史/ng今/tg下意识/n地/ude2想/v扶/v他/rr一/m把/qv，/wd但/c终于/d没/v那么/c做/v。/wj
史今/nr：/wp我/rr会/v的/ude1。/wj
他/rr跃/vg步/n上车/v，/wd他/rr是/vshi最后/f上车/v的/ude1一个/mq。/wj
列车/n发出/v第一/m声/qv长鸣/v。/wj
３５/m、/wn列车/n内/f／/w日/b许/m三/m多/m茫然/ad站/vi在/p车厢/n过道/n里/f，/wd每个/r人/n都/d是/vshi和/p他/rr一样/uyy的/ude1新兵/n，/wd每个/r人/n都/d不/d认识/v，/wd这/rzv让/v他/rr紧张/a得/ude3不/d敢/v挪动/v一/m步/qv，/wd紧张/a得/ude3喘/v不/d气/v来/vf。/wj
许/m三/m多/m：/wp爸/n？/ww
…/ws
…/ws
爸/n！/wt
父亲/n忽然/d间/f变/v得/ude3很/d重要/a，/wd几乎/d就/d是/vshi在/p他/rr在/p这/rzv陌生/a世界/n中/f的/ude1唯一/b屏障/n，/wd许三多/nr在/p整个/b车厢/n想/v找/v到/v一个/mq可以/v把/pba头/n探/v出/vf车窗/n的/ude1位置/n，/wd那/rzv真/a的/ude1很/d难/a，/wd每个/r窗口/s都/d塞/v满/v了/ule三四/m个/q脑袋/n和/cc肩膀/n。/wj
背后/f忽然/d被/pbei人/n捅/v了/ule一下/mq，/wd就/p力度/n来/vf看/v很/d不/d友善/a，/wd许/m三/m多/m回头/vi，/wd成才/vi绷/v了/ule脸/n站/n丰/ag，/wd是/vshi和/p他/rr一样/uyy的/ude1装束/n。/wj
成才/vi：/wp我/rr还/d是/vshi来/vf了/y。/wj
我/rr爸/n有/vyou人/n。/wj
许/m三/m多/m无心/vd管/v他/rr，/wd一/m脑袋/n扎/v进/vf了/ule成才/vi空/v出/vf的/ude1位置/n，/wd而/cc成才/vi冷静/an而/cc不屑/v地/ude2站/vi在/p一/m群/q情绪/n激动/a的/ude1新兵/n中间/f，/wd别人/rr如/v被/pbei夺/v去/vf奶嘴/n的/ude1婴孩/n，/wd唯/d他/rr鹤立鸡群/vl，/wd如/c他/rr在/p车窗/n下/f高瞻远瞩/vl的/ude1老/a爸/n。/wj
于是/cc许/m三/m多/m看见/v车窗/n下/f哭/v倒/vi了/ule架子/n的/ude1爸爸/n，/wd几乎/d是/vshi靠/v在/p村长/n身上/s的/ude1。/wj
许/m三/m多/m：/wp爸/n！/wt
爸/n！/wt
许百顺/nr惊喜/a地/ude2回应/v：/wp龟/n儿子/n！/wt
车/n此时/r就/d开动/v了/y，/wd两/m条/q人影/n从/p许百顺/nr飞/vi蹿/vi而/cc过/vf，/wd一/m记/q巴掌/n横/dg扣/v在/p许/m百/m顺/a后脑/n上/f，/wd打/v得/ude3他/rr弯/v下/vf了/ule腰/n。/wj
那/rzv两/m人/n往/p空/ng落/v处/n奔逃/v，/wd是/vshi那/rzv两/m位/q闲/a坏/a了/ule脑子/n的/ude1混/ad混/v，/wd瞧/v着/uzhe史今/nr也/d上/vf了/ule车/n，/wd选择/v这时候/rzt来/f做/v个/q无聊/a的/ude1报复/vn。/wj
许/m三/m多/m第一/m个/q反应/vn过来/vf：/wp我/rr杀/v了/ule你/rr！/wt
他/rr往/p车窗/n外/f挣/vi，/wd被/pbei史今一/nr把/pba抱/v了/ule回来/v，/wd许/m三/m多/m狂怒/v地/ude2挣扎/vi，/wd打/v飞/vi了/ule史今/nr的/ude1军帽/n，/wd史/ng今/tg一言不发/vl地/ude2死死/d抱/v住/vi。/wj
车/n下/f的/ude1许百顺/nr发/v一/m声/qv吼/vi，/wd照/v着/uzhe那/rzv两/m浑/a人/n猛追/v，/wd也许/d更/d让/v他/rr愤怒/a的/ude1是/vshi居然/d有/vyou人/n打扰/v他/rr与/p龟/n儿子/n的/ude1惜别/vn。/wj
村长/n紧/d追/v在/p后边/f咋呼/v：/wp抓/v牢/a！/wt
抓/v牢/a！/wt
追赶/v的/ude1方向/n与/cc车/n行/vi的/ude1方向/n是/vshi并/cc头/n的/ude1，/wd在/p史/ng今/tg怀里/s挣扎/vi的/ude1许/m三/m多/m终于/d看见/v车/n下/f簇拥/v的/ude1人群/n，/wd父亲/n和/cc两/m个/q年青/a力/n壮/a的/ude1人/n在/p人群/n中/f撕/v巴/b，/wd但/c村长/n也/d立刻/d加入/v了/ule战/vg团/n。/wj
许/m百/m顺/vd揪/v着/uzhe一个/mq的/ude1衣领/n，/wd被/pbei另/rz一个/mq一/m掌/n打/v在/p脸上/s，/wd可/c没/d断/v了/ule他/rr对/p车上/s的/ude1嚷嚷/v。/wj
许百顺/nr：/wp儿子/n，/wd好好/d活/v啊/y！/wt
许/m三/m多/m：/wp爸/n！/wt
喊/v完/vi这/rzv一/m声/qv车/n就/d驶出/v车站/n了/y，/wd车站/n的/ude1墙/n把/pba什么/ry都/d隔/v在/p后边/f。/wj
许/m三/m多/m终于/d停止/v了/ule茫然/a的/ude1挣扎/vn，/wd但/c一样/a茫然/an。/wj
史/ng今/tg放开/v他/rr，/wd扔/v起/vf帽子/n戴/v回头/vi上/f。/wj
许/m三/m多/m：/wp班长/n。/wj
史/ng今/tg看看/v他/rr，/wd又/d看看/v那些/rz望/v着/uzhe他们/rr发愣/vi的/ude1新兵/n蛋/n子/ng。/wj
许/m三/m多/m：/wp我/rr想/v回家/vi。/wj
史今/nr轻轻/d拍拍/v他/rr的/ude1脸颊/n，/wd本意/n是/vshi抚慰/v，/wd却/d一/m下/f拍/v出/vf许/m三/m多/m郁积/v的/ude1哀伤/an。/wj
许/m三/m多/m：/wp你/rr听/v见/v了/ule吗/y？/ww
我/rr爸/n第一/m次/qv叫/vi我/rr儿子/n呀/y！/wt
史今/nr把/pba眼前/s这/rzv大/a孩子/n搂/v了/ule过来/vf，/wd头/n还/d没/d靠/v到/v史/ng今/tg肩上/s，/wd许/m三/m多/m就/d开始/v哭/v啦/y。/wj
越过/v史/ng今/tg的/ude1肩膀/n，/wd车窗/n外/f飞/vi掠/vi的/ude1青/a空/ng都/d泛/v着/uzhe泪/n光/n，/wd许/m三/m多/m轻声/n地/ude2嘟囔/v：/wp爸/n。/wj
３６/m、/wn车站/n外/f外/f／/w日/b许/m百/m顺和/a村长/n是/vshi互相/d携/v扶/v着/uzhe出来/vf的/ude1，/wd许百顺/nr脸上/s见/v点/qt青/a肿/vi，/wd村长/n比/p他/rr好/a点/qt，/wd但/c也/d是/vshi跟/p人/n动/v过/uguo手/n的/ude1样子/n。/wj
两/m混/ad混/v被/pbei人/n一/m手/n一个/mq叉/n着/uzhe揪/v出来/vf，/wd叉/v人/n的/ude1是/vshi给/p洪兴国/nr他们/rr开车/vi那/rzv位/q。/wj
混/ad混/v仍/d是/vshi一/m脸/q不/d忿/n：/wp你/rr又/d不/d是/vshi雷子/nr。/wj
那/rzv位/q哈哈/o一/m乐/a：/wp要/v找/v事/n来/vf人武部/n找/v我/rr老/a陈/nr1。/wj
老山/ns下来/vf那个/rz。/wj
炮弹/n皮/n当/p锅盖/n，/wd地雷/n当/p球/n踢/v。/wj
他/rr甩手/vi把/pba那/rzv两/m位/q交给/v了/ule赶来/vi的/ude1县/n警/ng。/wj
许/m百/m顺和/a村长/n怏怏/z地/ude2往/p回/v家/n的/ude1方向/n，/wd那/rzv路/qv不/d近/a，/wd公交/b，/wd拖拉机/n加/v步行/vi。/wj
村长/n：/wp那/rzv是/vshi人武部/n长/a。/wj
许百顺/nr惊喜/a了/ule一/m小/a下/f：/wp说/v出去/vf都/d不/d信/v。/wj
县/n领导/n今儿/t帮/v咱们/rr打架/vi。/wj
村长/n只是/d叹/v口/q气/n，/wd看/v不/d出/vf任何/rz荣幸/a。/wj
村长/n：/wp都/d走/v啦/y。/wj
百/m顺/v上/vf我家/n喝/vg一/m盅/q吧/y？/ww
许百顺/nr：/wp我/rr家/n吧/y，/wd我家/r没/v老婆/n烦/a。/wj
村长/n无精打采/vl地/n：/wp嗯/e哪/ry。/wj
许百顺/nr也/d忽然/d叹/v了/ule口/n长/a气/n：/wp都/d走/v啦/y。/wj
村长/n也/d想/v眼/n着/uzhe再/d叹/v口/q，/wd但/c拍/v了/ule拍/v许/m百/m顺/a的/ude1肩/n：/wp走/v啦/y，/wd等/udeng回来/v就/d都/d换/v个/q人/n啦/y。/wj
许百顺/nr：/wp是/vshi啊/y是/vshi啊/y。/wj
两/m半/m老头子/n互相/d抚慰/v携/v扶/v着/uzhe往/p家/n去/vf。/wj
３７/m、/wn列车/n内/f／/w日/b史/ng今/tg一/m脸/q晦气/an地/ude2进/vf另/rz一个/mq车厢/n，/wd在/p一/m堆/q兵/n中间/f终于/d找/v着/vi了/ule他/rr要/v找/v的/ude1卫生员/n。/wj
