高/a城/n：/wp你/rr招/v的/ude1他/rr？/ww
史今/nr点点头/v。/wj
高/a城/n：/wp去/vf送/v你/rr的/ude1车/n。/wj
完事/vi来/vf见/v我/rr。/wj
史/ng今/tg如/v蒙/b大赦/vn地/ude2走/v开/v。/wj
他/rr身后/f的/ude1高/a城/n正/d转向/vi新兵/n们/k，/wd新人/n加/v新/a装备/n，/wd本来/d是/vshi让/v高城/nr兴奋/v的/ude1事情/n，/wd现在/t却/d让/v一个/mq叫/vi许三多/nr的/ude1弄/v得/ude3极为/d扫兴/a。/wj
高/a城/n：/wp我/rr叫/vi高城/nr，/wd是/vshi本/rz团/n钢/n七/m连/n连长/n，/wd此次/rz，/wd（/wkz他/rr有意/d地/ude2看/v着/uzhe许三多/nr）/wky担任/v你们/rr这个/rz新兵/n连/v的/ude1连长/n…/ws
…/ws
３/m、/wn军/n列/v外/f／/w日/b伍六一/m看/v着/uzhe远处/s训话/vi的/ude1连长/n，/wd史今/nr跳/vi上/f平板/n，/wd伍六一/m的/ude1招呼/vn方式/n是/vshi递给/v他/rr一/m块/q抹布/n，/wd史/ng今/tg拍拍/v他/rr，/wd伍六一/m就/d沉默/a着/uzhe，/wd短暂/a的/ude1别离/v中/f他们/rr都/d很/d牵/v记/ng，/wd但/c都/d不/d会/v刻意/d表露/v。/wj
伍六一：/t全班/n都/d擦/v过/uguo了/y，/wd就/d差/a你/rr。/wj
史/ng今/tg点点/v头/n，/wd那/rzv辆/q２０７/m车/n已/d擦/v得/ude3新/a的/ude1一般/uyy，/wd史今/nr仍/d认真/a地/ude2在/p上边/f拭/vg擦/v着/uzhe。/wj
伍六一：/t新/a的/ude1步/qv战车/n跟/p你们/rr车/n运/v来/vf的/ude1，/wd你/rr没/v上/f去/vf看看/v？/ww
史今/nr：/wp没空/vi。/wj
新兵/n在/p－/wp（/wkz他/rr做/v个/q抹/v眼泪/n的/ude1姿势/n）/wky。/wj
伍六一：/t这/rzv回/qv咱/rr七/m连/n火/n啦/y，/wd顶/v原来/d一个/mq步/qv炮/n连/ulian加/v反/vi坦克/n导弹/n连/ulian再/d加重/v火力/n连/v，/wd连长/n劲头/n冲/v得/ude3走路/vi象/ng蹦/v高/a，/wd说话/vi学/v狼/n叫/vi。/wj
史/ng今/tg拍拍/v车体/n：/wp老伙计/n走/v了/ule呢/y。/wj
伍六一/m不屑/v地/n：/wp我/rr不在乎/v。/wj
旧/a的/ude1不/d去/vf，/wd新/a的/ude1不/d来/vf。/wj
史今/nr：/wp嗯/e，/wd还有/v新闻/n吗/y？/ww
伍六一：七/t连/ulian抽调/v三/m名/q骨干/n训/v新兵/n连/v，/wd连长/n还/d连长/n，/wd你/rr的/ude1班/n副/b我/rr小/ad升/v半/m级/q，/wd班长/n，/wd你/rr最/d了不得/a，/wd新兵/n排/v排/v长/a。/wj
史今/nr笑/v：/wp那/rzv你/rr可以/v臭/a美/a了/y，/wd这/rzv拔/v兵/n里边/f好/a多/m是/vshi你/rr老乡/n。/wj
伍六一：/t我/rr最/d烦/v搭/v老乡/n攀/v人情/n。/wj
史今/nr：/wp你/rr上/vf榕树/n的/ude1吧/y？/ww
那/rzv两/m，/wd正/d挨/v训/v的/ude1那个/rz，/wd还有/v挺/d白净/a那个/rz，/wd他俩/r下/vf榕树/n的/ude1，/wd都/d快/a同村/n了/y。/wj
伍六一/m看/v着/uzhe正/d挨/v训/v的/ude1许/m三/m多/m皱眉/vi：/wp就/d那/rzv投降/v兵/n？/ww
到/p新兵/n连/ulian我/rr训/v也/d训/v死/v了/ule他/rr！/wt
远处/s的/ude1许/m三/m多/m正/d在/p高/a城/n的/ude1训斥/vn下/f缩/vi着/uzhe脖子/n，/wd我们/rr不/d知道/v他/rr犯/v了/ule什么/ry错/v，/wd因为/c他/rr永远/d在/p犯/v错/v。/wj
５/m、/wn军/n站/vi外/f／/w日/ng装/v好/a车/n的/ude1军/n列/v驶/vg走/v，/wd也/d带走/v了/ule一个/mq营/n的/ude1旧/a装备/n和/cc部分/n随/p车/n调动/v的/ude1战友/n。/wj
车站/n上/f几乎/d炸/v了/ule窝/n，/wd站台/n上/f的/ude1兵/n追/v着/uzhe跑/v追/v着/uzhe嚷/v。/wj
正/d在/p空地/n上/f候车/vi来/vf接/v的/ude1新兵/n们/k现在/t不/d害怕/v了/y，/wd就/d只/d剩下/v亢奋/a。/wj
队列/n交头接耳/vl地/ude2议论/v，/wd因为/c看见/v那些/rz神气活现/vl的/ude1老兵/n现在/t威风/an倒/d尽/vi，/wd追/v在/p车/n后/f奔跑/vi和/cc嚎啕/d大/a哭/v。/wj
一个/mq哭/v得/ude3快/d瘫/vi掉/v的/ude1老兵/n被/pbei战友/n们/k架/v着/uzhe从/p队列/n前/f过时/a，/wd新兵/n队/n里/f已经/d忍不住/v轻轻/z的/ude1笑声/n。/wj
高/a城/n：/wp笑/v！/wt
等/v你们/rr挨/v到/v这/rzv一/m天/qt看/v你们/rr还/d笑/v！/wt
他/rr身后/f一/m个/q半/m呜咽/vi的/ude1声音/n：/wp报告/n连长/n，/wd伍六一/m归队/vi。/wj
高/a城/n回身/vi，/wd看见/v史/ng今/tg拍打/v着/uzhe眼眶/n发红/vi的/ude1伍六一/m背部/n，/wd他/rr有点/d哭笑不得/al。/wj
高/a城/n：/wp你/rr小子/n虎头蛇尾/vl，/wd跟/p我/rr吹/v破/v了/ule天/qt说/v绝/d不/d带/v哭/v，/wd到/v了/ule还/d这样/rzv…/ws
…/ws
行/vi了/ule行/a了/y，/wd上车/v吧/y。/wj
史今/nr跑/v到/v队列/n前/f：/wp新兵/n连/ulian列队/vi，/wd成/v基准/n队形/n！/wt
向/p左/f转/v！/wt
起步/vi走/v！/wt
一二一/m！/wt
一二一/m！/wt
高/a城/n对/p这/rzv精神/n面貌/n不/d大/a满意/v：/wp来/m支/q歌/n！/wt
史/ng今/tg为难/v：/wp就/d会/v一/m支/q，/wd《/wkz再见/vi吧/y妈妈/n》/wky。/wj
高/a城/n：/wp合适/a吗/y？/ww
洪/ng兴国/vi苦笑/vi：/wp他们/rr那/rzv人武部/n的/ude1头/n自卫/vd反击/v战/vg下来/vf的/ude1，/wd除了/p这种/r歌/n不/d教/v别的/rzv。/wj
高/a城/n：/wp…/ws
…/ws
就/p那/rzv支/q。/wj
史今/nr：/wp钢枪/n已/d擦亮/v，/wd军号/n已/d吹/v响/a。/wj
预备/vn唱/v！/wt
于是/cc新兵/n们/k拉/v着/uzhe歌/n走开/vi，/wd许/m三/m多/m犹犹豫豫/z地/ude2走/v在/p队/n头/q，/wd老是/d踩/v到/v领队/n史今/nr的/ude1脚/n。/wj
押/v后/f的/ude1伍六一/m又/d在/p抹/v泪/n，/wd高/a城/n四顾无人/vl注意/v，/wd抬/v手/n轻轻/d拍打/v。/wj
６/m、/wn公路/n外/f／/w日/b几/m辆/q绑/v着迷/vi彩/ng网/n的/ude1军车/n行驶/vi在/p草原/n的/ude1公路/n上/f，/wd这/rzv并/d不/d是/vshi草原/n中心/n，/wd因为/p旁边/f不断/d掠过/v乡镇/n的/ude1影子/n。/wj
７/m、/wn新兵/n连/ulian外/f／/w日/b新兵/n连/d是/vshi个/q除了/p健身/vn器材/n、/wn军装/n和/cc标准化/vn住房/n就/d看/v不/d出/vf太/d多/a军事/n氛围/n的/ude1地方/n，/wd门口/s“/wyz欢迎/v新/a同志/n”/wyy的/ude1横幅/n和/cc花/n匾/n还/d没有/d撤/v去/vf，/wd新兵/n们/k已经/d在/p里边/f站/vi着/uzhe队列/n。/wj
高/a城/n冰山/n也/d似/u地/ude2站/vi在/p黑板/n前/f，/wd板/ng上/f写/v的/ude1不/d是/vshi党/n章/n不/d是/vshi军纪/n，/wd而是/c高/a城/n式/k教育/v的/ude1几/m个/q剑拔弩张/vl之/uzhi字/n：/wp是/vshi骡子/n是/vshi马/n拉/v出来/vf遛/v遛/v。/wj
新兵/n们/k哑然/z肃然/z，/wd甚至/d有/vyou一点/mq骇然/z。/wj
许/m三/m多/a的/ude1ＯＳ/x连贯/a着/uzhe这/rzv几/m场/qv，/wd和/cc以前/f一样/uyy，/wd认真/ad出/vf一/m种/q幽默/a：/wp新兵/n连/v的/ude1生活/vn开始/v了/y。/wj
在/p新兵/n连/ulian我们/rr第一/m个/q学会/n的/ude1是/vshi句/q话/n，/wd确切/ad说/v是/vshi两/m种/q动物/n：/wp骡子/n，/wd和/cc马/n。/wj
合/v起来/vf是/vshi这么/rz说/v：/wp是/vshi骡子/n是/vshi马/n？/ww
拉/v出来/vf遛/v遛/v！/wt
８/m、/wn新兵/n连/ulian内/f／/w日/b许/m三/m多/m在/p翻/v字典/n，/wd那/rzv是/vshi他/rr的/ude1一/m大/a法宝/n，/wd《/wkz现代/t汉语/nz词典/n》/wky－/wp我们/rr也许/d不/d会/v觉得/v这种/r初中生/n拿/v来/vf垫/v桌/ng脚/n的/ude1东西/n中/f可能/v找/v到/v人生/n感悟/vn。/wj
封皮/n上/f用/v红/a笔/n写/v得/ude3有/vyou话/n：/wp奖/n给/p初三/t班/n优秀/a的/ude1学生/n许/m三/m多/m－/wp马/b老师/n。/wj
许/m三/m多/m很/d顺利/a地/ude2找到/v了/ule关于/p骡子/n的/ude1定义/n，/wd那/rzv是/vshi自然/n，/wd该/rz词典/n都/d已经/d被/pbei他/rr翻/v卷/v了/ule边/n。/wj
许三多/nr（/wkzＯＳ/x）/wky在/p下/f榕树/n不/d会/v有/vyou人/n注意/v到/v骡子/n和/cc马/n的/ude1区别/n，/wd但是/c连长/n很/d认真/a地/ude2跟/v我们/rr说/v：/wp骡子/n？/ww
走/v人/n。/wj
马/n？/ww
跟/p我/rr上/vf。/wj
于是/cc我/rr更/d认真/a地/ude2翻/v了/ule字典/n。/wj
骡子/n－/wp家畜/n，/wd马/nr1驴/n交配/vi而/cc生/v。/wj
鬃/ng短/a尾/ng略/d扁/a，/wd生命力/n强/ng，/wd一般/ad无/v生育/vn能力/n。/wj
