许/m三/m多/m很/d羞涩/a：/wp我/rr是/vshi不/d是/vshi很/d笨/a？/ww
伍六一/m怀疑/v地/n：/wp不/d知道/v。/wj
见/v过/uguo笨/a的/ude1，/wd没/d见/v过/uguo你/rr这/rzv号/q的/ude1。/wj
许/m三/m多/m诚实/a地/n：/wp那/rzv就是/v我/rr笨/a。/wj
伍六一/m忽然/d狠/d拍/v了/ule一下/mq自己/rr的/ude1额头/n，/wd那/rzv是/vshi忍无可忍/vl的/ude1绝望/a，/wd那/rzv一/m脸/q痛苦/a表情/n立刻/d被/pbei许/v三/m多/m真诚/a地/ude2关心/v。/wj
许/m三/m多/m：/wp班长/n怎么/ryv啦/y？/ww
伍六一/m叹/v口/q气/n：/wp没/v事/n。/wj
我/rr宁可/d…/ws
…/ws
我/rr希望/v你/rr是/vshi在/p跟/p我/rr逗/v着/uzhe玩/v。/wj
许/m三/m多/m：/wp没有/v。/wj
伍六一/m只好/d瞪/v着/uzhe他/rr，/wd被/pbei瞪/v着/uzhe的/ude1许/m三/m多/m忽然/d神情/n很/d怪/a地/ude2笑/v笑/v。/wj
伍六一：/t笑/v？/ww
我/rr很/d好/a笑/v？/ww
许/m三/m多/m：/wp班长/n…/ws
…/ws
班长/n家/n上/f榕树/n的/ude1吧/y？/ww
伍六一/m只好/d点头/vi，/wd一/m脸/q自/p认/v倒霉/a的/ude1表情/n。/wj
许/m三/m极/d做作/a地/ude2惊喜/a起来/vf：/wp我/rr、/wn我/rr下/vf榕树/n乡/n的/ude1！/wt
咱们/rr是/vshi老乡/n嗳/n！/wt
伍六一：/t全/d连/ulian都/d知道/v我/rr有/vyou你/rr这么/rz号/q老乡/n！/wt
你/rr真/a的/ude1刚/d知道/v啊/y？/ww
许/m三/m多/m只好/d赶/v鸭子/n上/f架/qv继续/v他/rr的/ude1演戏/vi：/wp老乡/n见/v老乡/n，/wd两/m眼/q汪/nr1汪汪/z…/ws
…/ws
是/vshi泪汪汪/z，/wd班长/n抽烟/vi吗/y？/ww
我/rr这/rzv有/vyou烟/n。/wj
班长/n吃/v辣/a的/ude1也/d很/d厉害/a吧/y？/ww
班长/n想/v家/n不/d想/v家/n？/ww
伍六一/m干脆/d用/v了/ule吼/vi的/ude1：/wp想/v个/q屁/n！/wt
谁/ry教/v你/rr扯/v这个/rz蛋/n？/ww
许/m三/m多/m：/wp成/v…/ws
…/ws
没/v人/n…/ws
…/ws
伍六一：/t成/v班/n副/b是/vshi不/d是/vshi？/ww
军队/n是/vshi适者生存/vl的/ude1地方/n，/wd因为/c打仗/vi也/d是/vshi适者生存/vl的/ude1战场/n！/wt
认/v老乡/n就/d能/v活/v下来/vf？/ww
我/rr看/v老乡/n份/q上/f就/d跟/p你/rr说/v一/m句/q——/wp我/rr五/m公里/q越野/vn跑/v了/ule五千/m公里/q才/d跑/v出/vf个/q全/a师/ng第二/m，/wd靠/v这/rzv才/d转/v的/ude1志愿兵/n！/wt
你/rr想/v就/p这么/rz混/v？/ww
门/n都/d没有/v——/wp笨/a人/n就/d别/vi学人/n耍/v小聪明/n！/wt
不管/c对方/n说/v的/ude1是/vshi什么/ry吧/y，/wd许/m三/m多/m昂首挺胸/vl，/wd熟练/a地/ude2接受/v不/d知/v第/m多少/ry次/qv的/ude1训斥/vn。/wj
１６/m、/wn新兵/n连/ulian会议室/n内/f／/w夜/tg史/ng今/tg正/d在/p主持/v这个/rz排/v新兵/n的/ude1会议/n。/wj
他/rr跟前/f坐/v的/ude1兵/n也/d都/d已经/d能/v让/v人/n第一/m眼/q就/d看/v出/vf是/vshi个/q兵/n。/wj
史今/nr：/wp…/ws
大伙/rr都/d已经/d不/d是/vshi刚/d来/vf时/ng那/rzv个/q样子/n，/wd我/rr相信/v这/rzv只/d是/vshi个/q开始/v…/ws
…/ws
连长/n高/a城/n偷偷/d摸/v了/ule进来/vf，/wd但/c那/rzv是/vshi瞒/v不过/c人/n的/ude1，/wd因为/c兵/n的/ude1目光/n自然/d会/v看/v过去/vf。/wj
史今/nr转身/vi：/wp报告/n连长/n。/wj
高/a城/n：/wp接着/c说/v接着/c说/v。/wj
史今/nr：/wp本来/d就/d是/vshi聊/v个/q大/a天/qt，/wd整/v好/a请/v连长/n发言/vi。/wj
高/a城/n也/d有/vyou点/qt嘴/n痒/a：/wp发言/vi？/ww
那/c我/rr就/d瞎说/v。/wj
同志/n们/k好/a啊/y？/ww
兵/n们/k码/v足/a了/ule劲/n：/wp连长/n好/a！/wt
高/a城/n怪/d可亲/a地/ude2掏/v了/ule掏/v耳朵/n，/wd他/rr今天/t心情/n好/a，/wd瞎子/n都/d看/v得/ude3出来/vf。/wj
高/a城/n：/wp嗯/e，/wd问好/vi都/d带/v炸/v子/ng儿音/nr。/wj
你们/rr算/v有/vyou个/q兵/n样子/n了/y，/wd走/v烦/v了/ule吧/y？/ww
兵/n们/k：/wp没/d烦/v！/wt
高/a城/n乐/a了/y：/wp没/d烦/v有鬼/vi了/y，/wd我/rr都/d烦/a。/wj
不过/c走/v不/d好/a，/wd当/v一辈子/mq兵/n军队/n里/f也/d不/d当/v你/rr是/vshi兵/n。/wj
不过/c别/d跟/p家/n写信/vi说/v当兵/vi就/d是/vshi走/v队列/n，/wd过/vf两/m天/qt分/v到/v作战/vn部队/n眼花/vi死/v你们/rr。/wj
别/vi的/ude1不/d说/v，/wd我/rr那/rzv装甲/b侦察/vn连/n吧/y，/wd九/m辆/q车/n九/m门/q炮/n，/wd冲锋陷阵/vl的/ude1，/wd九/m辆/q车/n里/f装/v的/ude1都/d是/vshi尖子/n兵/n啊/y！/wt
史/ng排/v长/a，/wd那/rzv回/qv反/vi坦克/n演练/v你/rr单/b兵/n收拾/v掉/v多少/ry坦克/n？/ww
史今/nr看来/v并/cc不/d喜欢/vi这样/rzv炫/vg：/wp五/m辆/q。/wj
一/m片/q惊诧/a赞叹声/n也许/d有/vyou点/qt破坏/v纪律/n，/wd但/c那/rzv是/vshi高/a连长/n想/v要/v的/ude1效果/n，/wd他/rr对/p着/uzhe新兵/n们/k打/v了/ule个/q哈哈/o。/wj
高/a城/n：/wp就/d这/rzv毁伤/v力/n！/wt
哈/b，/wd画饼充饥/vl，/wd我/rr给/p大家/rr讲讲/v侦察/v连/ulian这个/rz训练/vn科目/n吧/y？/ww
（/wkz说/v这种/r事/n他/rr语/vg速/ng都/d要/v快/a很多/m）/wky各/rz型号/n枪械/n射击/vn，/wd当然/d是/vshi各种/rz地形/n包括/v夜战/vn环境/n的/ude1，/wd枪械/n原理/n、/wn保养/vn和/cc维修/vn，/wd战车/n驾驶/v，/wd车载/b火器/n掌握/v，/wd战车/n保养/vn及/cc简单/a维修/vn，/wd单/b兵/n反/vi坦克/n和/cc反/vi战车/n训练/vn，/wd单/b兵/n反/vi坦克/n导弹/n和/cc单/b兵/n防空/vn导弹/n的/ude1掌握/v…/ws
…/ws
史/ng今/tg苦笑/vi着/uzhe和/cc伍六一/m附耳/d：/wp连长/n想/v他/rr的/ude1新/a战车/n想/v疯/vi了/y。/wj
那边/rzs高/a城/n倒/vi不/d说/v了/y，/wd因为/c许/v三/m多/m边/k听/v边/k在/p碎/a碎/a念/ng，/wd象/ng讲/v小/a话/n却/d又/d没/v对象/n。/wj
高/a城/n：/wp许/m三/m多/m，/wd讲/v什么/ry呢/y？/ww
许/m三/m多/m：/wp报告/n连长/n，/wd没/d说/v什么/ry。/wj
高/a城/n瞧/v他/rr一/m眼/q继续/v：/wp…/ws
…/ws
各/rz型/n步/qv炮/n射击/vn，/wd团/n营/vg属/v火炮/n射击/vn目标/n指示/n，/wd车载/b无线电/n和/cc野战/b无线电/n…/ws
…/ws
许/m三/m多/m，/wd到底/d讲/v什么/ry呢/y？/ww
许/m三/m多/m：/wp报告/n连长/n，/wd我/rr在/p背/n。/wj
高/a城/n：/wp背/v什么/ry？/ww
许/m三/m多/m：/wp背/v连长/n说/v的/ude1。/wj
高/a城/n倒/d有/vyou些/q愣/vi：/wp我/rr说/v那么/rz快/a…/ws
…/ws
你/rr倒/d背/v我/rr听听/v。/wj
许/m三/m多/m张/q嘴/n就/d来/vf，/wd就/d是/vshi有些/rz许多/m学校/n死记硬背/vl造成/v的/ude1平板/n腔调/n：/wp各/rz型号/n枪械/n射击/vn，/wd当然/d是/vshi各种/rz地形/n包括/v夜战/vn环境/n的/ude1，/wd枪械/n原理/n、/wn保养/vn和/cc维修/vn，/wd战车/n驾驶/v，/wd车载/b火器/n掌握/v，/wd战车/n保养/v…/ws
…/ws
高/a城/n乐/a了/y：/wp可以/v啊/y，/wd许/m三/m多/m。/wj
许/m三/m多/m：/wp好多/m词/n不/d知道/v啥/ry意思/n。/wj
高/a城/n：/wp现在/t不/d知道/v意思/n以后/f就/d知道/v了/y。/wj
许/m三/m多/m，/wd你/rr背/v它/rr干什么/vi？/ww
许/m三/m多/m喜滋滋/z地/n：/wp报告/n连长/n，/wd背/v下/f来/vf好/a写信/vi给/p我/rr爸/n！/wt
连长/n有/vyou什么/ry话/n要/v跟/p我/rr爸/n说/v吗/y？/ww
高/a城/n的/ude1笑容/n僵/ad在/v了/ule脸上/s：/wp…/ws
没/v话/n说/v！/wt
你们/rr全/d排/v临/v睡/v前/f把/pba《/wkz保密/vn手册/n》/wky抄写/v三/m遍/qv！/wt
－/wp不/d该/v说/v的/ude1不要/d说/v！/wt
不/d该/v问/v的/ude1不/d要/v问/v！/wt
１７/m、/wn班/n宿舍/n内/f／/w夜/tg各/rz高低/n铺/v前/f架/v着/uzhe小马扎/nrf，/wd一/m床/q两/m个/q，/wd大家/rr齐/d抄/v《/wkz保密/vn手册/n》/wky。/wj
那/rzv自然/d是/vshi怨声载道/vl。/wj
士兵/n：/wp许/m三/m多/m，/wd你/rr要/v真/d好/a记性/n就/d攒/v着/uzhe，/wd真/d想/v泄密/vi就/d闷/v在/p被子/n里/f说/v去/vf。/wj
