史/ng今/tg不/d会/v表现/v得/ude3雷厉风行/vl，/wd但/c也/d绝不/d默/vd唧/v，/wd一/m翩/ag腿/n就/d下/vf了/ule车/n。/wj
洪兴国/nr：/wp六点/t半/m在/p这/rzv会合/vi。/wj
史今/nr敬/v了/ule个/q礼/n就/d往/p山上/s开/v步/qv了/y，/wd大概/d用/v了/ule两/m秒钟/qt辨别/v方向/n。/wj
司机/n刚/d反应/vi过来/vf：/wp那/rzv可/d是/vshi十一/m华/b里/f山路/n！/wt
史今/nr也/d没/d停/vi，/wd只是/d淡淡/z一/m乐/a：/wp我/rr是/vshi步兵/n。/wj
司机/n只好/d回头/d跟/v洪/ng兴国/vi牢骚/n：/wp他/rr不/d认识/v路/n！/wt
洪兴国/nr也/d是/vshi淡淡/z一/m乐/a：/wp他/rr是/vshi侦察/v连/n的/ude1步兵/n。/wj
老陈/nr？/ww
他/rr拍/v了/ule拍/v司机/n的/ude1肩/n，/wd那/rzv是/vshi开路/vi的/ude1意思/n。/wj
１３/m、/wn公路/n外/f／/w日/b这里/rzs也/d有/vyou辆/q车/n在/p紧/d赶/v慢/ad赶/v，/wd驾驶/v座/q上/f的/ude1老/a地主/n让/v开足马力/vl的/ude1拖拉机/n引擎/n震/vi得/ude3牙关/n直/d打/v颤/vi，/wd一/m辆/q拖拉机/n居然/d也/d上/vf了/ule超/h车道/n，/wd如同/v一/m枝/q随时/d要/v折/vi掉/v的/ude1离/v弦/n之/uzhi箭/n。/wj
车斗/n里/f的/ude1许百顺猛/nr拍/v着/uzhe老/a地主/n头/n上/f的/ude1车/n篷/q大/a吼/vi，/wd而/cc许/m三/m多/m默然/z地/ude2看/v父亲/n追赶/v自己/rr的/ude1命运/n。/wj
许百顺/nr：/wp加码/vi加码/vi！/wt
老/a地主/n也/d大/a吼/vi，/wd那/rzv倒/d不/d是/vshi因为/p焦急/a或/c愤怒/a，/wd纯/ad为了/p那/rzv要/v老/a命/n的/ude1劣质/b引擎/n。/wj
老/a地主/n：/wp再/d加/v成/v两/m截/q啦/y！/wt
你家/r着火/vi啦/y？/ww
许百顺/nr：/wp你/rr不/d懂/v！/wt
那/rzv狗/n日/qt的/ude1村长/n有/vyou个/q驴/n日/qt的/ude1儿子/n叫/vi成才/vi，/wd成才/vi这/rzv王/n八日/t的/ude1今年/t也/d要/v参军/vi！/wt
！/wt
１４/m、/wn村长/n家/n内/f./wj
日/b屋里/s满/v当地/s挤/v了/ule人/n，/wd大部分/m是/vshi村长/n家/q的/ude1亲戚/n，/wd史/ng今/tg汗流浃背/al坐/v在/p中间/f，/wd应对/v世故/an似乎/d比/p应对/v冲锋/vi更为/d费劲/a。/wj
史今/nr：/wp…/ws
…/ws
我/rr必须/d向/p大家/rr解释/v，/wd家访/vi并/cc不/d意味/v入伍/vi，/wd它/rr也/d是/vshi整套/b招兵/vn甄别/vn程序/n的/ude1一部分/m…/ws
…/ws
可/c似乎/d大/a部分/n人/n关心/v的/ude1不/d是/vshi这个/rz。/wj
村民/n：/wp那/rzv你/rr这/rzv士官/n到底/d算是/v兵/n还是/c官/n啊/y？/ww
坦克/n跟/p拖拉机/n是/vshi不/d是/vshi一个/mq开/v法/n？/ww
你/rr一月/t挣/vi多少/ry？/ww
史今/nr发现/v他/rr如果/c把/pba这些/rz问题/n都/d回答/v完/vi就/d不再/d象/ng军人/n，/wd而/cc象/n一个/mq姑婆/n，/wd所以/c只好/d艰难/a地/ude2正/v襟/ng危/ag坐/v，/wd那/rzv并/d不/d合/v他/rr宽厚/a的/ude1本性/n。/wj
村长/n有点/d发急/vi：/wp喂/v，/wd你们/rr！/wt
人/n解放军/n同志/n是/vshi来/vf家访/vn我家/n成才/vi的/ude1，/wd不/d是/vshi让/v你们/rr们/k问/v的/ude1！/wt
史今/nr连忙/d点头/vi。/wj
村长/n：/wp你/rr问/v你/rr问/v。/wj
成才/vi你/rr说/v你/rr为/v啥/ry想/v当兵/vi？/ww
史今/nr：/wp你/rr父亲/n说/v你/rr是/vshi考/v得/ude3上/vf大学/n的/ude1，/wd可是/c选择/v了/ule入伍/vi。/wj
你/rr为什么/ryv…/ws
…/ws
成才/vi没/d给/p他/rr机会/n问/v完/vi，/wd干净利落/al地/ude2站/vi了/ule起来/vf，/wd挺/ag精神/n的/ude1小伙子/n，/wd从/p眼睛/n到/v身板/n都/d透/v着/uzhe伶俐/a。/wj
他/rr是/vshi个人/n精/a，/wd但/c这种/r人/n精/a的/ude1气质/n也许/d太/d外露/vi了/ule一些/mq。/wj
成才/vi：/wp从/p小/a我/rr就/d有/vyou一个/mq伟大/a的/ude1理想/n，/wd那/rzv就/d是/vshi参加/v光荣/a的/ude1中国/ns人民/n解放军/n！/wt
遥想/v当年/t，/wd长征/n，/wd抗战/vi，/wd三大战役/nz，/wd南昌/ns城头/n燎/v起/vf的/ude1星星之火/n烧/vi遍/v了/ule整个/b中国/ns！/wt
今天/t，/wd穿/v上/vf神圣/a的/ude1军装/n，/wd接/v过/uguo前辈/n的/ude1钢枪/n，/wd我/rr热血/n沸腾/vi，/wd难以/d自己/rr，/wd保卫/v祖国/n，/wd保卫/v人民/n，/wd成为/v百万/m雄师/n中/f的/ude1一/m员/q，/wd如/c溶入/v大海/n中/f的/ude1一个/mq小/a水滴/n…/ws
…/ws
那/rzv有点/d文/ng不/d对/p题/n，/wd确切/ad说/v是/vshi在/p过于/d流利/a地/ude2背诵/v，/wd史/ng今/tg莫名其妙/al地/ude2看/v着/uzhe他/rr，/wd不知/v犯/v了/ule什么/ry错/v引发/v出/vf这样/rzv的/ude1一番/mq感慨/a。/wj
成才/vi恭敬/a谦和/a，/wd诚实/ad加/v无辜/n，/wd史今/nr看/v不/d出/vf任何/rz结果/n，/wd只/d听见/v周围/f一/m片/q不/d绝/ag的/ude1赞/vg声/ng。/wj
史今/nr只好/d点/v了/ule点/qt头/n表示/v听到/v－/wp于是/cc赞/vg声/ng也/d就/d越发/d地/ude2清晰/a了/y。/wj
村民/n：/wp成才/vi这/rzv小伙子/n就/d是/vshi行/vi，/wd跟/p他/rr爹/n一样/uyy是/vshi做/v大事/n的/ude1。/wj
就/d是/vshi，/wd打/v小/a就/d透/v着/uzhe灵气/n。/wj
村长/n脸上/s荣光/n绽放/v，/wd情/n难/ad自控/v下/vf开始/v鼓掌/vi，/wd这/rzv一下/mq就/d带/v起/vf一/m片/q掌声/n，/wd掌声/n渐/d歇/v时/ng村长/n觉得/v有些/rz不/d对/v。/wj
许百顺/nr跟/p人/n多/m大/a仇/n似/u地/ude2在/p一边/d瞪/v着/uzhe。/wj
村长/n：/wp百顺/nr2兄弟/n来/vf啦/y？/ww
许/m百/m顺从/v牙缝/n里/f崩/v出/vf一个/mq“/wyz日/ng”/wyy字/n来/f，/wd很/d没/v外交/n风度/n地/ude2走/v开/v，/wd许/m三/m多/m蔫/vi头/n搭/v脑/n地/ude2跟着/v，/wd跟/p成才/vi比/p真是/d云/vg泥/n之/uzhi别/vn。/wj
史今/nr：/wp他/rr是/vshi？/ww
村长/n：/wp村民/n。/wj
史今/nr只好/d不/d问/v：/wp我/rr还/d得/ude3家访/vi您/rr这/rzv村/n的/ude1许/m三/m多/m，/wd您/rr能/v给/p说/v个/q路/n吗/y？/ww
村长/n脸上/s堆/v足/a的/ude1笑/vn立时/d二/m去/vf其一/rz。/wj
１５/m、/wn许百顺/nr家/n外/f／/w日/b许百顺/nr拉/v着/uzhe许/m三/m多/m一/m古/a脑/n扎/v进/vf院子/n，/wd便/d开始/v嚷嚷/v。/wj
许百顺/nr：/wp一/m乐/a去/vf买/v酒/n！/wt
办/v菜/n，/wd要/v好/a点/qt的/ude1！/wt
（/wkz二/m和/cc正好/z从/p屋里/s出来/vf）/wky死/v剁/v了/ule头/n的/ude1还/d知道/v回来/v？/ww
在家/vi呆/v着/uzhe，/wd呆/v会/v解放军/n来/vf了/ule大/a棍子/n打/v晕/vi也/d得/ude3留住/v！/wt
许二和/nr：/wp什么/ry解放军/n？/ww
许百顺/nr：/wp就/d是/vshi龟/n儿子/n的/ude1前程/n！/wt
他/rr打/v许/m三/m多/m，/wd那/rzv形/ng同/p招呼/v：/wp龟/n儿子/n跟/p我/rr走/v！/wt
许/m三/m多/m：/wp爸/n，/wd干/v嘛/y？/ww
许百顺/nr：/wp成才/vi小子/n一/d惊/v一/m咋/ryv的/ude1蛮/d有/vyou名堂/n，/wd这/rzv玩意/n得/ude3找/v你/rr老师/n学会/v了/y！/wt
他/rr冲/v冲/v出/vf门/n，/wd许/m三/m多/m本能/n地/ude2跟/v在/p后边/f。/wj
１６/m、/wn村长/n家/n门外/s外/f／/w日/b史/ng今/tg从/p村长/n家/n被/pbei一班人/nl簇拥/v着/uzhe出来/vf，/wd一边/d忙不迭/d地/ude2谢客/v。/wj
史今/nr：/wp…/ws
…/ws
不/d吃饭/vi，/wd绝对/d不能/v吃请/vi，/wd这/rzv是/vshi明文规定/vl。/wj
村长/n，/wd您/rr指/v个/q道/n就/d行/vi了/y。/wj
村长/n：/wp嗯/e，/wd下/vf山/n这边/rzs近/v。/wj
我/rr送/v您/rr。/wj
史/ng今/tg温和/a地/ude2坚持/v着/uzhe：/wp我/rr是/vshi说/v许/m三/m多/m他/rr家/n。/wj
村长/n：/wp…/ws
…/ws
村/n西/b口/n那/rzv家/q，/wd这/rzv都/d能/v看见/v。/wj
（/wkz他/rr有/vyou些/q恼火/a）/wky都/d回/v啦/y！/wt
跟着/v干/v啥/ry？/ww
被/pbei秧/v及/cc的/ude1亲朋好友/nl们/k终于/d在/p门外/s却步/vi了/y。/wj
史今/nr：/wp再见/vi。/wj
谢谢/v。/wj
一/m有/vyou消息/n会/v马上/d通知/v你/rr的/ude1，/wd成才/vi同志/n。/wj
成才/vi乖巧/a地/n：/wp我/rr会/v一直/d等/v着/uzhe！/wt
史今/nr因此/c又/d仔细/ad看看/v成才/vi，/wd成才/vi并/cc不/d回避/v，/wd他/rr目光/n里/f有/vyou热切/a的/ude1东西/n，/wd但/c未必/d是/vshi史今/nr希望/v看到/v的/ude1那种/r热切/a。/wj
史今/nr点点头/v开/v步/qv。/wj
