袁朗/nr：/wp核实/v。/wj
［/wkz吴/nr1哲/ng检索/v着/uzhe仪器/n。/wj
吴哲/nr：/wp目标/n毁灭/v。/wj
我军/n炮火/n四/m分钟/qt后/f将/d覆盖/v敌/vg表面/n阵地/n。/wj
［/wkz他/rr操作/v仪器/n的/ude1手指/n忽然/d停顿/vi了/ule一下/mq，/wd露出/v愕然/a的/ude1神色/n。/wj
吴哲/nr：/wp…/ws
…/ws
不/d。/wj
［/wkz他/rr用/p一/m种/q发狂/vi的/ude1速度/n操作/v着/uzhe仪器/n，/wd看/v起来/vf有/vyou些/q失措/v。/wj
１５/m、/wn炼钢/vn厂/n外/f／/w日/b［/wkz一个/mq敌军/n出现/v在/p栈桥/n从/p车间/n里/f延伸/v的/ude1出口/vn，/wd他/rr往/p外/f看/v了/ule看/v，/wd空无一人/al。/wj
［/wkz他/rr还/d试图/v往/p前/f搜索/v的/ude1时候/n，/wd警报/n凄厉/a地/ude2响起/v，/wd搜索/v的/ude1敌军/n收/v队/n回师/v，/wd他/rr做/v了/ule最后/f一个/mq。/wj
［/wkz镜头/n从/p栈桥/n下移/v，/wd许/m三/m多/m挂/v在/p那里/rzs，/wd他/rr两/m手/n各/rz握/v着/uzhe步枪/n的/ude1一/m端/q，/wd步枪/n的/ude1背带/n挂/v在/p断/v桥/n一端/n延伸/v出来/vf的/ude1铁/n条/q上/f，/wd那/rzv是/vshi他/rr没/d直接/ad摔/v下去/vf的/ude1唯一/b原因/n。/wj
［/wkz摇摇欲坠/vl的/ude1平/an。/wj
而且/c那/rzv根/q铁/n条/q已经/d被/pbei徒/d增/v的/ude1重量/n压/v得/ude3一点/mq点/qt下/f弯/v，/wd枪/n背带/n也/d在/p一点/mq点/n下滑/vi，/wd当/p它/rr滑/v到/v尽头/f时/ng也/d就是/v许/m三/m多/m摔/v下去/vf的/ude1时候/n。/wj
［/wkz许/m三/m多/m一筹莫展/vl地/ude2看/v着/uzhe。/wj
许三多/nr（/wkzＯＳ/x）/wky我/rr又/d干/v傻事/n了/y，/wd最/d好/a别/d被/pbei战友/n们/k看见/v，/wd他们/rr会/v笑/v掉/v大牙/n。/wj
［/wkz又/d下滑/vi了/ule一/m小/a段/q，/wd许三多/nr在/p下滑/vi中/f拼/v力/n保持/v住/vi平/an。/wj
［/wkz他/rr看/v着/uzhe一/m米/q多/a开外/u的/ude1断/vn桥/n支架/n，/wd他/rr也许/d能/v用/p腿/n够/v上/vf它/rr，/wd一旦/d够/v上/vf它/rr他/rr就/d可以/v找到/v一个/mq新/a支点/n，/wd把/pba自己/rr解脱/v出/vf这个/rz窘境/n。/wj
许三多/nr（/wkzＯＳ/x）/wky但是/c总得/d试试/v。/wj
［/wkz他/rr试图/v用/p脚/n去/vf够/v它/rr，/wd那/rzv看/v起来/vf有/vyou点/qt象/ng耍/v杂技/n，/wd但/c他/rr几乎/d做到/v了/y。/wj
［/wkz影视/b中/b主人公/n常见/a的/ude1幸运/an并/cc没/d发生/v在/p我们/rr的/ude1人物/n身上/s，/wd在/p脚/n刚/d触/v到/v支架/n时/ng，/wd枪/n背带/n也/d彻底/ad脱离/v了/ule它/rr的/ude1挂/v点/qt。/wj
［/wkz许/m三/m多/m平/v伸/v着/uzhe躯体/n下落/vi，/wd两/m只/q手/n紧紧/d抓/v着/uzhe他/rr的/ude1步枪/n。/wj
［/wkz结/v结实/a实/a的/ude1落地/vn，/wd背部/n着/uzhe地/n，/wd钢盔/n和/cc背包/n起/vf了/ule一定/b的/ude1缓冲/vn，/wd但/c那样/rzv的/ude1冲击/vn远/ad超出/v人体/n极限/n，/wd许三多/nr在/p冲击/v中/b瞳孔/n放大/v，/wd他/rr仍/d呈/v摔/v落/v时/ng的/ude1姿势/n，/wd也/d仍/d抓/v着/uzhe他/rr的/ude1枪/n，/wd但/c眼神/n立刻/d就/d黯淡/a下来/vf。/wj
许三多/nr（/wkzＯＳ/x）/wky我/rr又/d干/v傻事/n了/y。/wj
［/wkz这/rzv是/vshi他/rr在/p晕/vi眩/vg前/f的/ude1最后/f一个/mq想法/n。/wj
老马/nr明显/ad是/vshi噎/v了/ule一下/mq：/wp为/v…/ws
…/ws
什么/ry？/ww
许/m三/m多/m：/wp因为/p…/ws
…/ws
反/vi正在/d圈/v里/f，/wd反正/d得/ude3跑/v圈/qv，/wd这样/rzv有意思/al一点/mq…/ws
…/ws
（/wkz他/rr被/pbei老/a马/n瞪/v得/ude3有些/rz发毛/v，/wd顺/v时针/n逆时针/d地/ude2划/v着/uzhe手指/n）/wky这样/rzv跑/v不/d容易/ad晕/vi…/ws
…/ws
跑/v圈/n嘛/y，/wd很/d容易/ad晕/vi的/ude1。/wj
老/a马/n小声/d地/ude2嘀咕/v：/wp我/rr服/v啦/y。/wj
他/rr起身/vi进/vf了/ule一/m间/q简陋/a的/ude1房间/n，/wd那/rzv是/vshi五/m班/q的/ude1仓库/n。/wj
老马/nr脸上/s乌云/n密布/v。/wj
许/m三/m多/m：/wp而且/c…/ws
…/ws
老/a马/n忍无可忍/vl地/ude2回头/vi：/wp什么/ry呀/y？/ww
！/wt
他/rr看/v起来/vf想/vＫ/x人/n，/wd而且/c如果/c换/v成/v李梦之/nr流/v的/ude1厚/a皮/n一/m族/ng，/wd恐怕/d早已/dＫ/x了/vi下去/vf。/wj
许/m三/m多/m：/wp…/ws
…/ws
这样/rzv这/rzv条/q狗/n可以/v向/p那/rzv几/m条/q狗/n学习/v，/wd学/v他们/rr的/ude1好/a…/ws
…/ws
老/a马/n戟/ng指/v着/uzhe五/m班/q的/ude1宿舍/n：/wp那/rzv几/m条/q狗/n有/vyou什么/ry好/a能/v让/v你/rr学/v吗/y？/ww
他/rr进屋/vi，/wd狠狠/d摔/v上门/vi。/wj
许/m三/m多/m往/p宿舍/n看/v了/ule一/m眼/q，/wd椅/ng在/p桌边/s，/wd牌/n在/p桌上/s，/wd但/c李/nr1梦/n几/m个/q都/d不/d在/v。/wj
看/v许/m三/m多/a的/ude1表情/n，/wd他/rr似乎/d刚/d意识/vi到/v那/rzv四/m条/q狗/n是/vshi指/v他/rr同/p一个/mq锅/n里/f扒/v饭/n的/ude1战友/n。/wj
许/m三/m多/m看/v着/uzhe桌上/s那/rzv摊/q凌乱/a，/wd往常/t他/rr的/ude1第一/m反应/vn是/vshi立刻/d过去/vf收拾/v了/ule它们/rr。/wj
１７/m、/wn五/m班/q仓库/n内/f／/w日/b老/a马关/ns在/p屋里/s扒拉/v着/uzhe几/m件/q简陋/a的/ude1工具/n，/wd许/m三/m多/m怯怯/z把/pba门/n开/v了/ule条/q缝/n。/wj
许/m三/m多/m：/wp班长/n…/ws
…/ws
老马/nr：/wp好/a了/ule好/a了/y。/wj
我/rr道歉/vi，/wd这/rzv两/m天/qt邪/a火/n大/a，/wd跟/p你们/rr都/d没/v关系/n。/wj
许/m三/m多/m：/wp李梦/nr捡/v到/v一/m只/q羊/n，/wd他们/rr三/m个/q给/p老乡/n送/v羊/n去/vf了/y。/wj
老马/nr：/wp我/rr知道/v，/wd我/rr准/a的/ude1假/a。/wj
他/rr竭力/d让/v自己/rr回到/v平时/t那样/rzv，/wd无所谓/vl有/vyou无所谓/vl无/v，/wd心/n事/n很/d重/a但/c老好人/n一个/mq。/wj
许/m三/m多/m：/wp我/rr、/wn我/rr又/d明白/v了/y。/wj
他/rr很快/d听/v到/v老/a马/n重重/z吞/v下/vf一/m口/q空气/n的/ude1声音/n，/wd似乎/d呼吸/v被/pbei空气/n噎/v到/v。/wj
许/m三/m多/m就/d越发/d胆怯/a：/wp我/rr知道/v我/rr总是/d把/pba事情/n搞/v错/v，/wd而且/c我/rr笨/a，/wd每/rz次/qv就/d能/v明白/v那么/rz一点/mq点/n。/wj
五/m班/q最/d怕/v软/a话/n的/ude1人/n叫/vi老马/nr。/wj
老马/nr就/d立刻/d把/pba那/rzv口/q气/n吐/v出/vf来/vf，/wd赶紧/d往/p回/v收/v。/wj
老马/nr：/wp没有/v啦/y。/wj
你/rr认真/ad思考/v是/vshi很/d好/a的/ude1，/wd只/d是/vshi有点/d…/ws
…/ws
想/v得/ude3太/d多/a了/y。/wj
许/m三/m多/m：/wp可/v我/rr刚才/t还/d是/vshi想/v明白/v了/y。/wj
老马/nr只好/d没/v精/ad打/v彩/ng地/ude2鼓励/v：/wp哦/e。/wj
想/v明白/v了/ule什么/ry？/ww
许/m三/m多/m很/d认真/a，/wd认真/ad到/v说话/vi都/d有/vyou点/qt一/m字/n一/m顿/qv：/wp打/v扑克牌/n是/vshi不对/a的/ude1。/wj
老/a马/n做好/v了/ule再/d被/pbei噎/v一下/mq的/ude1准备/vn，/wd可/v这/rzv回/qv他/rr结/v结实/a实/a被/pbei吓/v了/ule一/m跳/vi：/wp打/v、/wn打/v扑克牌/n有/vyou什么/ry不/d对/v？/ww
价廉物美/vl，/wd又/d能/v动/v脑/n又/d能/v打发/v时间/n。/wj
不/d不/d，/wd许/m三/m多/m我/rr必须/d跟/p你/rr说/v清楚/a，/wd现实/a的/ude1讲/v，/wd扑克牌/n是/vshi五/m班/q的/ude1根本/a，/wd因为/c它/rr需要/v四/m个/q人/n齐心协力/vl，/wd尤其/d在/p这种/r环境/n下/f，/wd有助于/v维护/v集体/n的/ude1团结/an。/wj
许/m三/m多/m眼/q光光/z地/ude2看/v着/uzhe他/rr，/wd老马/nr被/pbei看/v得/ude3有些/rz赧/n然/c，/wd现实/a的/ude1道理/n很多/m时候/n听/v起来/vf就是/v歪理/n。/wj
许/m三/m多/m：/wp哦/e。/wj
他/rr哦/o得/v茫然/an，/wd因为/c不/d信服/v。/wj
老/a马/n叹/v叹/v口/q气/n，/wd他/rr不/d大/a自信/vn：/wp我/rr在/p找/v一/m种/q五/m个/q人/n的/ude1玩牌/vi方法/n，/wd这样/rzv你好/vl和/cc大家/rr打成一片/vl。/wj
这/rzv事/n上/f许/m三/m多/m坚定/a得/ude3不/d象/ng许/m三/m多/m：/wp我/rr不/d玩/v。/wj
