成才/vi做/v了/ule个/q哭笑不得/al的/ude1表情/n：/wp搞/v笑/v了/y，/wd你/rr是/vshi什么/ry兵/n呀/y？/ww
我/rr告诉/v你/rr，/wd兵/n有/vyou飞/vi在/p天上/s往/v下/f跳/vi的/ude1，/wd那/rzv叫/vi空降兵/n；/wf有/vyou坐/v着/uzhe直升机/n垂直/vd打击/v的/ude1，/wd那/rzv叫/vi空中/s骑兵/n；/wf我们/rr是/vshi一/m线/q平/v推/v决胜/vi千/m里/q的/ude1，/wd那/rzv叫/vi装甲/b步兵/n。/wj
我们/rr是/vshi最/d能/v打/v能/v扛/v的/ude1。/wj
你/rr说/v你/rr那/rzv是/vshi什么/ry？/ww
是/vshi什么/ry许/m三/m多/m也/d不/d知道/v，/wd可/v他/rr还是/d想/v了/ule想/v：/wp我/rr觉得/v…/ws
…/ws
我们/rr那/rzv也/d挺/d有意思/al。/wj
成才/vi不屑/v到/v了/ule极点/n：/wp有/vyou个/q屁/n意思/n！/wt
－/wp你/rr想/v进/vf去/vf看看/v吗/y？/ww
许/m三/m多/m让/v这/rzv想法/n吓/v了/ule一/m跳/vi：/wp我/rr可以/v进/vf去/vf吗/y？/ww
成才/vi有点/d拿/v腔/ng：/wp按说/d是/vshi不/d让/v看/v。/wj
…/ws
…/ws
可是/c…/ws
…/ws
他/rr有/vyou些/q卖弄/v地/ude2开/v了/ule后舱/n门/n，/wd许/m三/m多/m惊奇/a地/ude2打量/v着/uzhe紧凑/a而/cc有序/a的/ude1车/n内/f空间/n。/wj
成才/vi：/wp酷/ag吧/y？/ww
车载/b炮/n，/wd重机枪/n和/cc反/vi坦克/n导弹/n发射器/n，/wd还有/v航向/n机枪/n、/wn同步/vn机枪/n，/wd专业/n名词/n你/rr听/v不/d懂/v，/wd听听/v就/d行/vi了/y。/wj
这个/rz射击/vn孔/n是/vshi我/rr的/ude1，/wd要/v不/d要/v看看/v？/ww
许/m三/m多/m就/d从/p那/rzv个/q射击/vn孔/nr1潜望镜/n往/p外/f瞧/v着/uzhe，/wd正好/z看见/v史今/nr在/p外边/f，/wd在/p检查/v另/rz一/m辆/q车/n，/wd三/m班/q的/ude1２０７/m号/q车/n。/wj
成才/vi用/v种/q能/v知/v天下/n事/n的/ude1语气/n：/wp别/d出/vf声/ng，/wd别/d让/v他/rr瞧见/v啦/y，/wd这/rzv人/n臭/a讲/v原则/n，/wd死硬/z死硬/z的/ude1。/wj
于是/cc许/m三/m多/m默默/z地/ude2瞧/v着/uzhe史今/nr在/p那里/rzs检查/v车辆/n，/wd然后/c低/v了/ule头/n。/wj
成才/vi：/wp你/rr怎么/ryv一直/d不/d说话/vi？/ww
怎么/ryv啦/y？/ww
想/v家/n啦/y？/ww
许/m三/m多/m默默/z地/ude2摸/v着/uzhe身下/n那/rzv个/q座位/n，/wd眼圈/n有点/d发红/vi：/wp我/rr…/ws
…/ws
不/d知道/v。/wj
成才/vi立刻/d就/d明白/v了/y，/wd他/rr甚至/d很/d高兴/a许/m三/m多/m这样/rzv，/wd有/vyou人/n羡慕/v感觉/n是/vshi很/d好/a的/ude1。/wj
于是/cc成才/vn长长/z吁/vg了/ule一/m口/q气/n：/wp谁/ry让/v你/rr在/p新兵/n连/ulian不/d好好/d表现/v呢/y？/ww
我/rr早就/d说/v过/uguo啦/y。/wj
３２．/m团部/n驻地/n外/f／/w日/b这/rzv中国/ns军队/n特有/b的/ude1景观/n，/wd吃饭/vi点/qt到/v了/y，/wd整/v连/ulian整/m连/n的/ude1兵/n排/v着/uzhe队/n唱/v着/uzhe歌/n去/vf食堂/n。/wj
两/m个/q相邻/vi的/ude1连队/n在/p食堂/n前/f拉歌/nrf，/wd那/rzv是/vshi每天/r必/d有/vyou的/ude1一/m种/q较量/vn，/wd都/d习惯/v了/y，/wd谁/ry也/d不/d会/v被/pbei对方/n的/ude1歌声/n带/v跑/v。/wj
成才/vi带/v着/uzhe许/m三/m多/m悄悄/d溜/v过/uguo：/wp快/d走/v快/d走/v！/wt
我/rr跟/p班长/n说/v了/ule陪/v你/rr，/wd可/c不/d能/v让/v连长/n瞧见/v。/wj
于是/cc许/m三/m多/m愈发/d显得/v象/ng贼/n一样/uyy。/wj
３３．/m军/n地/ude2餐厅/n内/f／/w日/b团/n大院/n内/f的/ude1一个/mq餐厅/n，/wd团队/n家属/n们/k的/ude1小小/z副业/n，/wd相对/d简陋/a无华/a，/wd但/c讲究/v个/q价/n廉/ag份/ng大/a，/wd足以/d解决/v一/m部分/m官兵/n偶尔/d兴起/v的/ude1口腹/n需要/v。/wj
成才/vi已经/d要/v了/ule几/m个/q菜/n，/wd又/d拿/v了/ule几/m瓶/q啤酒/n回到/v桌前/s。/wj
许/m三/m多/m看/v着/uzhe那/rzv几/m瓶/q酒/n。/wj
许/m三/m多/m：/wp你/rr喝酒/vi？/ww
这/rzv真/a的/ude1很/d惊讶/a，/wd因为/c离家/vi之前/f他们/rr还/d都/d是/vshi父亲/n监视/vn下/f的/ude1孩子/n。/wj
成才/vi：/wp当然/d会/v！/wt
节假日/t要/v会餐/vi的/ude1，/wd会餐/vi就要/d喝酒/vi！/wt
你们/rr不/d会餐/vi吗/y？/ww
许/m三/m多/m：/wp…/ws
…/ws
我们/rr就/d五/m个/q人/n。/wj
成才/vi多少/ry有点/d好奇/a：/wp你们/rr那/rzv到底/d什么/ry鬼/n地方/n？/ww
好/a在/p下/f季度/n就要/d去/vf那儿/rzs演习/v了/y，/wd那/rzv时候/n我/rr就/d知道/v了/y。/wj
许/m三/m多/m拼命/d想/v五/m班/n有/vyou什么/ry可/v吹嘘/v的/ude1东西/n：/wp我们/rr人/n少/a，/wd可/v地方/n大/a，/wd老/a马/n好/a象/n个/q大哥/n一样/uyy，/wd可/v别/rz人/n老/a在/p背后/f取笑/v他/rr，/wd李梦/nr天天/d嚷/v着/uzhe要/v写/v小说/n，/wd可/v我/rr看/v他/rr那样/rzv又/d不/d象/ng要/v写/v什么/ry…/ws
…/ws
成才/vi：/wp那/rzv有/vyou什么/ry意思/n？/ww
跟/p你/rr说/v我/rr吧/y，/wd我们/rr班/n配属/v里/f有/vyou一个/mq狙击手/n，/wd我/rr的/ude1理想/n是/vshi年底/t做到/v狙击手/n，/wd我们/rr机枪/n手/n希望/v我/rr接/v他/rr的/ude1班/n，/wd可/v那/rzv机枪/n加上/v弹/v箱/ng加上/v枪/n架/qv可/v就/d太/d沉/v啦/y。/wj
我/rr还是/d想/v干/v狙击手/n，/wd因为/c狙击手/n每/rz次/qv比赛/vn演习/vn都/d有/vyou露脸/vi的/ude1机会/n。/wj
知道/v啥/ry叫/vi狙击/v步枪/n吗/y？/ww
许/m三/m多/m：/wp不/d知道/v。/wj
成才/vi：/wp知道/v你/rr不/d知道/v。/wj
所以/c现在/t我/rr很/d忙/a，/wd但是/c很/d充实/v…/ws
…/ws
许/m三/m多/m：/wp我/rr也/d很/d忙/a，/wd也/d很/d…/ws
…/ws
充实/v。/wj
成才/vi瞪/v大/a了/ule眼/n：/wp你/rr怎么/ryv会/v也/d很/d忙/v很/d充实/v？/ww
世界/n上/f还有/v比/p射击/vn更/d有意思/al更/d充实/a的/ude1事情/n吗/y？/ww
我/rr跟/p你/rr说/v啊/y，/wd今天/t一个/mq射击/vn日/qt我/rr就/d打/v掉/v四百/m发/q子弹/n…/ws
…/ws
许/m三/m多/m偏偏/d记性/n太/d好/a：/wp不/d是/vshi两百/m发/v吗/y？/ww
成才/vi只好/d瞪眼/v：/wp我/rr说/v了/ule两百/m发/v吗/y？/ww
我/rr说/v是/vshi四百/m发/v…/ws
…/ws
你/rr忙/v什么/ry呀/y？/ww
也/d能/v很/d充实/v？/ww
许/m三/m多/m老老实实/z地/n：/wp我/rr修路/vi…/ws
…/ws
可/v那/rzv位/q根本/n没/d听/v：/wp知道/v四百/m发/q子弹/n是/vshi多少/ry吗/y？/ww
不/d知道/v，/wd而且/c没/d下/vf文/ng，/wd许/m三/m多/m忽然/d恭敬/a地/ude2站/vi了/ule起来/vf，/wd恭敬/ad得/v有/vyou点/n过/uguo份/q，/wd因为/c看见/v史/ng今/tg拎/v着/uzhe两/m个/q饭盒/n从/p身边/s走过/v。/wj
而且/c这样/rzv的/ude1距离/n不/d可能/v不/d看见/v他们/rr。/wj
史今/nr的/ude1表情/n立刻/d变/v得/ude3很/d复杂/a，/wd内疚/an、/wn审度/vn、/wn宽慰/v、/wn高兴/a和/cc伤感/an都/d有/vyou一点/mq。/wj
许/m三/m多/m：/wp排/v、/wn排长/n。/wj
史今/nr：/wp我/rr是/vshi班长/n，/wd在/p新兵/n连/ulian临时/d调/v的/ude1排/v长/a。/wj
…/ws
…/ws
你/rr还/d好/a吗/y？/ww
许/m三/m多/m。/wj
不/d知道/v为什么/ryv，/wd史/ng今/tg这种/r迟迟疑疑/z边/d说/v边/k想/v的/ude1说话/vn方式/n就/d是/vshi比/p成才/vi的/ude1果断/ad自信/v让/v许三多/nr听/v着/uzhe舒服/a，/wd从/p心里/s听/v出/vf一/m种/q慰/vg贴/v。/wj
许/m三/m多/m：/wp我/rr好/a。/wj
…/ws
…/ws
挺/d好/a。/wj
成才/vi：/wp嘿/e，/wd你/rr该/v说/v班长/n你/rr好/a吗/y才/d是/vshi…/ws
…/ws
史/ng今/tg打断/v了/ule他/rr：/wp知道/v你/rr在/p三/m连/n五/m班/q，/wd那里/rzs…/ws
…/ws
很/d重要/a，/wd没/v你们/rr看守/v和/cc维护/v，/wd我们/rr的/ude1车/n就/d要/v在/p草原/n上/f抛锚/vi。/wj
许/m三/m多/m：/wp我/rr知道/v。/wj
这/rzv工作/vn特别/d特别/d有/vyou意义/n。/wj
史今/nr说/v不/d出/vf话/n来/f，/wd因为/c这/rzv话/n是/vshi他/rr说/v的/ude1，/wd而且/c是/vshi他/rr不/d打算/v要/v这个/rz人/n时/ng说/v的/ude1。/wj
