于是/cc村长/n也/d出去/vf。/wj
现在/t院子/n里/f只/d剩下/v史/ng今/tg和/cc许/m三/m多/m两/m个/q人/n，/wd前者/rzv严肃/a地/ude2看/v着/uzhe后者/rzv，/wd并/cc不/d打算/v掩饰/v同情/vn，/wd后者/rzv手足无措/al，/wd也/d不知/v在/p擦/v眼泪/n还是/c鼻涕/n，/wd刚才/t那/rzv顿/qv揍/v给/p他/rr带来/v的/ude1羞辱/vn远/ad大于/v痛苦/an。/wj
史今/nr倒/vi了/ule些/q水/n递给/v许三多/nr，/wd许/m三/m多/m犹豫/a一下/mq接/v过/uguo，/wd然后/c史/ng今/tg听/v着/uzhe水流/n在/p对方/n喉咙/n里/f发出/v的/ude1声音/n，/wd他/rr想/v着/uzhe措词/vi。/wj
许/m三/m多/m带/v着/uzhe哭/v腔/ng：/wp是/vshi他/rr自己/rr要/v生/v的/ude1！/wt
史今/nr：/wp什么/ry？/ww
许/m三/m多/m：/wp他/rr自己/rr要/v生/v，/wd儿子/n越/d多/a越/d好/a，/wd他/rr一生/n就/d是/vshi三/m个/q！/wt
生/v我/rr那/rzv会/v他/rr恨不得/d在/p大/a喇叭/n里/f广播/vn，/wd瞧/v我/rr，/wd三/m个/q！/wt
三/m个/q都/d是/vshi儿子/n！/wt
史/ng今/tg苦笑/vi：/wp我/rr知道/v，/wd小兄弟/n。/wj
许/m三/m多/m仍/d低/a着/uzhe头/n，/wd也/d不知/v在/p脸上/s胡/nr1撸/ng什么/ry，/wd他/rr对/p称谓/n的/ude1改变/vn并/cc没什么/vl反应/vn，/wd就/d如/v对/p儿子/n和/cc龟/n儿子/n的/ude1差值/n并/cc不/d在意/v。/wj
史今/nr：/wp想/v当兵/vi吗/y，/wd小兄弟/n？/ww
许/m三/m多/m终于/d有/vyou点/n反应/vn，/wd偏/d着/uzhe头/n看/v着/uzhe院门/n外/f，/wd父亲/n和/cc村长/n都/d站/vi得/ude3很/d远/a，/wd但是/c都/d保持/v在/p可/v视/vg范围/n。/wj
许/m三/m多/m看/v着/uzhe父亲/n的/ude1背影/n发呆/vi。/wj
许/m三/m多/m：/wp想/v。/wj
史今/nr：/wp为什么/ryv？/ww
许/m三/m多/m：/wp当/v了/ule兵/n，/wd爸/n不/d会/v再/d叫/vi我/rr龟/ng儿子/n了/y，/wd他/rr踢/v不/d到/v我/rr打/v不/d到/v我/rr，/wd叫/vi我/rr什么/ry，/wd我/rr也/d听/v不/d见/v了/y。/wj
史/ng今/tg安静/a地/ude2看/v着/uzhe他/rr。/wj
２１/m、/wn许百顺/nr家/n院/n外/f外/f／/w日/b许/m百/m顺和/a村长/n各/rz看/v着/uzhe一/m向/p层层叠叠/z的/ude1远/a山/n，/wd因为/p两/m个/q人/n愤愤不平/vl地/ude2尽量/d保持/v着/uzhe背/v向/v。/wj
看来/v已经/d沉默/a了/ule好/a一/m气/n。/wj
村长/n：/wp你/rr干/v嘛/y跟/p我/rr争/v？/ww
许百顺/nr：/wp哼哼/vi。/wj
村长/n：/wp出/vf了/ule这/rzv山/n，/wd做/v人/n是/vshi要/v聪明/a的/ude1，/wd我家/n成才/vi是/vshi人/n精/a，/wd当/v过/uguo兵/n，/wd回来/v好/a接/v我/rr的/ude1班/n。/wj
你家/r那个/rz呢/y？/ww
出/vf去/vf干/v嘛/y？/ww
回来/v又/d干/v嘛/y？/ww
饿/v了/ule吃/v，/wd饱/v了/ule睡/v，/wd用/v得/ude3着/uzhe这/rzv趟/qv累/v？/ww
许百顺/nr：/wp有/vyou病/n！/wt
你/rr儿子/n不/d想/v饿/v了/ule吃/v，/wd饱/v了/ule睡/v，/wd我/rr儿子/n就/d活该/d饿/v了/ule吃/v，/wd饱/v了/ule睡/v？/ww
即使/c面对/v着/uzhe没/v边/k的/ude1山野/n，/wd许百顺/nr仍/d是/vshi一/m脸/q的/ude1不服/v。/wj
２２/m、/wn许百顺/nr家/n院子/n外/f／/w日/ng就/d许/v三/m多/a来说/uls，/wd现在/t他/rr话/n比较/d多/a，/wd因为/c史今/nr的/ude1样子/n温和/a而/cc诚恳/a，/wd最/d重要/a的/ude1，/wd会/v被/pbei他/rr列入/v不/d具/vg威胁/v的/ude1行列/n。/wj
许/m三/m多/m：/wp我/rr初中/n毕业/v，/wd可/v老师/n说/v我/rr学/v得/ude3扎实/a，/wd是/vshi真/d学/v。/wj
成才/vi他/rr高中/n毕业/v，/wd可/v他/rr不/d好好/d温课/v，/wd初中/n他/rr尽/d打/v我/rr小/ad抄/v。/wj
史今/nr脸上/s若/v有/vyou若/c无/v地/n有些/rz微笑/vn。/wj
许/m三/m多/m：/wp我/rr胆/n可/c不/d小/a，/wd成才/vi他们/rr尽/vi在/p坟地/n里/f吓/v我/rr，/wd可/c没/d吓/v着/uzhe，/wd有时/d象/ng被/pbei吓/v着/uzhe了/y，/wd是/vshi装/v的/ude1，/wd要/v不/d他们/rr老/d没完/vi。/wj
我/rr不/d是/vshi不/d敢/v看/v杀/v猪/n，/wd我/rr是/vshi…/ws
那/rzv是/vshi…/ws
就/d是/vshi…/ws
…/ws
史今/nr帮/v他/rr找/v了/ule个/q词/n：/wp就/d是/vshi不/d忍心/v看/v。/wj
你/rr好/a孩子/n，/wd心/n善/ag，/wd看/v不/d得/ude3人/n受苦/vi…/ws
…/ws
不/d是/vshi人/n也/d一样/uyy。/wj
许/m三/m多/m有些/rz惊喜/a：/wp嗯/e哪/ry嗯/e哪/ry。/wj
他/rr迅速/a地/ude2看看/v史今/nr，/wd史/ng今/tg若有所思/vl，/wd并/cc不/d紧逼/v他/rr，/wd那/rzv真/d让/v他/rr放松/v。/wj
许/m三/m多/m：/wp…/ws
…/ws
其实/d我/rr更/d想/v上学/vi…/ws
…/ws
史今/nr挑/v了/ule挑/v眉毛/n：/wp哦/e？/ww
许/m三/m多/m：/wp书/n里/f好多/m有意思/al的/ude1东西/n，/wd真/a的/ude1。/wj
可/v爸/n说/v它们/rr今生/t跟/p我/rr没/d相干/vi…/ws
…/ws
史今/nr：/wp是/vshi的/ude1。/wj
几/m年/qt兵役/n，/wd复员/v回来/v弄/v好/a了/ule能/v找/v个/q工作/vn，/wd是/vshi在/p县城/n里/f，/wd可/c不/d是/vshi这/rzv山里/s，/wd那/rzv就/d叫/vi走/v出去/vf了/y。/wj
许/m三/m多/m：/wp你/rr也/d这么/rz想/v？/ww
（/wkz他/rr怀疑/v地/n）/wky我/rr不/d知道/v这/rzv对/p不对/a。/wj
史今/nr：/wp我/rr没/v这么/rz想/v。/wj
我们/rr那/rzv没/v人/n这么/rz想/v…/ws
…/ws
几乎/d。/wj
他/rr仍/d被/pbei许/v三/m多/m怀疑/v地/ude2看/v着/uzhe，/wd史/ng今/tg苦笑/vi。/wj
史今/nr：/wp好/a吧/y好/a吧/y，/wd我/rr知道/v你/rr爸/n他们/rr怎么/ryv想/v，/wd因为/c我/rr跟/p你/rr是/vshi半/m斤/q对/p八两/m。/wj
我/rr在/p家/n排/v四/m，/wd吃饭/vi时候/n家里人/n就/p碗/n上/f插/v两/m筷子/n，/wd说/v，/wd给/p你/rr个/q猪/n食槽/n，/wd给/p你/rr个/q搅/v料/n棍/ng。/wj
我/rr能/v念/v完/vi初中/n是/vshi靠/p扛/v揍/v扛/v出来/vf的/ude1，/wd每/rz买/v个/q作业本/n是/vshi靠/p一/m顿/qv笤帚/n把子/n换/v来/vf的/ude1…/ws
…/ws
许/m三/m多/m没/v心/n没/v肺/n地/ude2傻笑/vi，/wd史今/nr正/d怀念/v加/v温馨/a地/ude2在/p说/v，/wd只好/d打住/v。/wj
许/m三/m多/m：/wp我/rr家/n那个/rz叫/vi老/a竹笋/n炒/v肉/n。/wj
史今/nr：/wp对/v。/wj
你们/rr这/rzv南方/f，/wd趁/p竹子/n。/wj
许/m三/m多/m：/wp后来/t呢/y？/ww
史今/nr：/wp后/f来/vf？/ww
当兵/vi了/y。/wj
（/wkz他/rr几/m近/a沮丧/a地/ude2叹/v口/q气/n）/wky我/rr爸/n再/d不/d打/v我/rr了/y，/wd还/d说/v老/a四/m是/vshi史/nr1家/n最/d出息/n的/ude1。/wj
那/rzv对/p许/m三/m多/m来/vf说/v真是/d天堂/n一样/uyy的/ude1前景/n。/wj
许/m三/m多/m：/wp真/a的/ude1？/ww
史今/nr：/wp真/a的/ude1。/wj
（/wkz他/rr忽然/d意识/vi到/v许/m三/m多/m在/p转/v什么/ry脑筋/n）/wky许/m三/m多/m，/wd我/rr不/d是/vshi说/v…/ws
…/ws
可是/c已经/d来不及/v了/y。/wj
许/m三/m多/m：/wp我/rr能/v象/ng你/rr这样/rzv吗/y？/ww
史今/nr赶忙/d地/n：/wp你/rr不/d能/v象/ng我/rr这样/rzv。/wj
往/p下/f说话/vi就/d很/d费劲/a，/wd因为/c史今/nr是/vshi这样/rzv一个/mq人/n，/wd即使/c在/p一个/mq语气词/n上/f，/wd他/rr也/d想到/v要/v照顾/v对方/n情绪/n，/wd而/cc许/m三/m多/m又/d是/vshi那么/rz易/a被/pbei打击/v到/v的/ude1一个/mq人/n。/wj
史今/nr：/wp…/ws
我/rr不/d是/vshi说/v我/rr多/d好/a，/wd我/rr可/v不/d算/v什么/ry好/a兵/n…/ws
不/d是/vshi说/v你/rr差/a，/wd你/rr绝不/d是/vshi你/rr爸/n说/v那样/rzv的/ude1…/ws
唉/e，/wd许/m三/m多/m你/rr以后/f会/v有/vyou条/q好/a路/n的/ude1，/wd可/c不/d是/vshi这么/rz走/v…/ws
为/p这么/rz个/q原因/n当兵/vi…/ws
嗯/e，/wd也/d算/v个/q客观/n罗/nr1。/wj
可是/c…/ws
许/m三/m多/m你/rr知道/v吗/y？/ww
你/rr是/vshi个/q好人/n，/wd可/c不/d是/vshi好/a兵/n…/ws
