有/vyou一/m条/q路/n用/v了/ule我/rr的/ude1名字/n，/wd叫/vi许/m三/m多/m路/n。/wj
老马/nr：/wp…/ws
…/ws
好/a。/wj
发/v了/ule吧/y。/wj
许/m三/m多/m：/wp李梦/nr他们/rr不/d怪/v声/qv怪/a气/n跟/p我/rr说话/vi了/y，/wd因为/c他们/rr不/d跟/p我/rr说话/vi了/y。/wj
我/rr原来/d以/p为/v人人/n都/d会/v那样/rzv跟/p我/rr说话/vi，/wd可/v他们/rr不/d那样/rzv了/y，/wd我/rr觉得/v不/d那样/rzv真/d好/a。/wj
可/v现在/t他们/rr干脆/d不/d跟/p我/rr说话/vi了/y，/wd我/rr觉得/v就算/d那样/rzv…/ws
…/ws
也/d没什么/vl不好/a。/wj
如果/c有/vyou一个/mq人/n天天/d对/p着/uzhe世界/n笑/v到/v牙/n酸/a，/wd却/d换/v不/d回来/v一个/mq笑脸/n，/wd那/c他/rr的/ude1神情/n可能/v就/d与/p许/m三/m多/m有/vyou点/qt相像/a：/wp许/m三/m多/m迷惘/an、/wn无奈/an、/wn辛酸/an、/wn不满/an，/wd他/rr难得/ad会/v表现/v出/vf自己/rr的/ude1不满/an，/wd这种/r不/d满/a聚焦/vn成/v了/ule泫/ng然/rz欲/vg涕/ng，/wd但/c他/rr甚至/d没/d感觉/v到/v自己/rr在/p哭/v。/wj
老/a马/nr1怔忡/n地/ude2坐/v下/f：/wp怪/v我/rr，/wd许/m三/m多/m。/wj
不/d怪/v他们/rr，/wd怪/v班长/n。/wj
许/m三/m多/m显然/ad没/v想/v该/v去/vf怪/v谁/ry，/wd他/rr只是/d流/v他/rr的/ude1眼泪/n：/wp我/rr想/v我/rr真/a的/ude1很/d招/v人/n讨厌/v。/wj
我/rr想/v家/n了/y，/wd班长/n。/wj
老/a马/n怔/vg怔/v望/v着/uzhe山下/s的/ude1五/m班/q驻地/n，/wd那个/rz小/a小/a的/ude1世界/n，/wd他们/rr唯一/b的/ude1世界/n。/wj
４０．/m草原/n外/f／/w晨晨/nr光/n初/f现/tg，/wd何红涛/nr的/ude1三/m轮/qv摩托/n在/p车道/n上/f飞/vi驶/vg，/wd屁/n驴子/n的/ude1轰鸣声/n响彻/v原野/n。/wj
边/d斗/v里/f载/v着/uzhe一个/mq没/d见/v过/uguo的/ude1军人/n。/wj
这个/rz军人/n戴/v着/uzhe眼镜/n，/wd野战/b部队/n难得/a有/vyou人/n会/v戴/v这么/rz一/m副/b金丝/n边/k的/ude1眼镜/n。/wj
《/wkz士兵/n突击/vn》/wky电视/n剧本/n第六/m集/q１．/m五/m班/q驻地/n外/f／/w日/b［/wkz何红涛/nr把/pba车/n停/vi在/p五/m班/q驻地/n外/f，/wd大张旗鼓/dl地/ude2摁/v着/uzhe喇叭/n，/wd直到/v班里/nrf的/ude1人/n出来/vf。/wj
何红涛/nr：/wp隆重/ad介绍/v！/wt
这/rzv是/vshi咱/rr团/n宣传科/n头号/b笔杆子/n——/wp张/nr1干/v事/n！/wt
大手笔/n！/wt
人/n专/d管/v团/n报/n的/ude1！/wt
今儿/t过来/vf打算/v给/p咱们/rr好好/d宣传/v一/m下/f！/wt
［/wkz何红涛/nr今天/t有点/d不/d同/p往常/t的/ude1咋呼/v劲/ag，/wd与/p他/rr当时/t送/v新/a丁/o入/v荒原/n时/ng有/vyou些/q恍/vg似/vg。/wj
众人/n（/wkz敬礼/vi）/wky首长/n好/a！/wt
张/nr1干事/n（/wkz还礼/v）/wky大家/rr好/a！/wt
——/wp你们/rr别/d见/v带/v衔/v的/ude1就/d往/p大/a里/f喊/v，/wd首长/n我/rr担/v不/d起/vf，/wd叫/vi干/v事/n又/d不/d乐意/v，/wd痛痛快快/z老/a张/q行/a吗/y？/ww
［/wkz就/d这样/rzv五/m班/q照样/d端/v着/uzhe军队/n的/ude1份儿/n：/wp老/a张/q好/a！/wt
［/wkz身为/v团部/n军官/n，/wd老/a张/q对付/v班级/n单位/n也/d很/d有/vyou一/m手/n，/wd立刻/d笑笑/v。/wj
张/nr1干/v事/n：/wp今儿/t来/f没/v别的/rzv，/wd为/p我/rr自己/rr考虑/v呢/y，/wd采访/v采访/v大家/rr，/wd给/p团/n报/n上/f增添/v点/qt光彩/n；/wf为/p大家/rr考虑/v呢/y，/wd给/p大家/rr拍/v点/qt照/v。/wj
附带/ad说明/v，/wd我/rr这/rzv相机/n是/vshi刚/d添/v的/ude1数码/n，/wd不/d费/v卷/ng不/d费/v相纸/n，/wd印刷/v费/nr1团部/n出/vf，/wd拍/v好/a了/ule是/vshi一定/d要/v寄/v给/p大家/rr的/ude1！/wt
［/wkz五/m班/q的/ude1军人/n架子/n立刻/d瓦解/v，/wd彼此/rr开始/v捅/v咕/o和/cc使/v眼神/n－/wp连/v老马/nr在内/u。/wj
张/nr1干/v事/n：/wp（/wkz笑/v）/wky还/d等/v什么/ry？/ww
不/d赶紧/d回/v屋/n换/v身/ng光/d鲜/a点/qt的/ude1？/ww
［/wkz大家/rr一窝蜂/d回/v宿舍/n，/wd李梦/nr从/p外/f边/d跑/v回来/v，/wd拖/v着/uzhe杆/q枪/n混迹/v其间/f，/wd让/v老马/nr看见/v。/wj
老马/nr：/wp李梦/nr，/wd不/d是/vshi你/rr的/ude1岗/n吗/y？/ww
李梦/nr：/wp回来/v小个/n便/d！/wt
老马/nr：/wp你/rr不/d一向/d就/d地/ude2解决/v吗/y？/ww
今儿/t咋/ryv文明/a啦/y？/ww
何红涛/nr：/wp五/m班长/n，/wd有/vyou点/qt事/n跟/p你/rr说/v。/wj
［/wkz李/nr1梦/n忙/ad混进/v宿舍/n里/f。/wj
村长/n一/d翻/v眼/n：/wp打/v完/vi咧/y，/wd小/a半/m个/q月/n就/d打/v完/vi咧/y！/wt
许百顺/nr的/ude1脸上/s写/v足/a了/ule震惊/vn和/cc失望/an，/wd那/rzv几乎/d不/d是/vshi一个/mq中国/ns国民/n该/rz有/vyou的/ude1表情/n。/wj
许百顺/nr：/wp咋/ryv打/v的/ude1？/ww
村长/n：/wp那/rzv就/d不/d知道/v。/wj
我/rr跟/p你/rr说/v啊/y，/wd以后/f呢/y，/wd该/rz种地/vi的/ude1种地/vi，/wd搞/v生产/vn的/ude1就/d搞/v生产/vn，/wd咱们/rr就/d搞/v建设/vn了/y。/wj
再/d过/uguo些/q年/qt就/d二零零零年/t啦/y，/wd二零零零年/t就/d啥/ry都/d实现/v啦/y！/wt
许百顺/nr仍/d执/v着/uzhe着/vi：/wp我/rr就/d不/d信/v，/wd我/rr家里/s三/m个/q总/b得/ude3有/vyou一个/mq能/v当/v上/vf兵/n。/wj
他/rr心/n不甘/v情/n不/d愿/v，/wd拖/v家/q带/v口/n地/ude2回去/v。/wj
许三多/nr（/wkzＯＳ/x）/wky此时/r的/ude1中国/ns有/vyou很多/m地方/n等/v着/uzhe男子汉/n们/k去/vf流血/vi流汗/vi。/wj
——/wp男子/n，/wd年青/a力/n壮/v抡/v得/ude3动/v锹/n也/d拿/v得/ude3起/vf枪/n的/ude1男子/n，/wd在/p中国/ns似乎/d永远/d是/vshi一个/mq光宗耀祖/vl的/ude1话题/n。/wj
６/m、/wn许百顺/nr家/n内/f／/w日/ng一九八四年/t。/wj
对/p老许/nr家/n来说/uls并/d不/d是/vshi一个/mq快乐/a的/ude1年份/n，/wd母亲/n的/ude1遗照/n在/p桌上/s，/wd墙上/s褪色/vi的/ude1毛/nr1主席/n像/v和/cc桌前/s的/ude1香烛/n配/v得/ude3有/vyou点/n不伦不类/al。/wj
许/m家/q哥/n仨/m一/m条/q线/n站/vi在/p桌前/s，/wd过于/d严肃/a，/wd除了/p一/m乐/ng之外/f那/rzv两/m位/q并/cc不/d懂得/v亲人/n逝世/vi的/ude1悲伤/an。/wj
许百顺/nr是/vshi懂/v的/ude1，/wd许百顺/nr坐/v在/p桌前/s，/wd一个/mq强压/vn着/n哀/ag恸/n的/ude1中年/t男人/n，/wd他/rr离/v垮/vi掉/v也/d就/d差/a一/m步/qv了/y。/wj
但是/c许/m家/q哥/n仨/m的/ude1注意力/n全/d在/p许/m百/m顺从/v口袋/n里/f掏/v出/vf的/ude1钱/n上/f，/wd一/m张/q一/m块/q上/f又/d加上/v一/m块/q，/wd稍/d犹豫/a一会/m，/wd又/d是/vshi一/m块/q。/wj
连/ulian一/m乐/a的/ude1悲伤/an都/d快/a被/pbei这/rzv笔/q巨款/n惊/vd没/v了/y。/wj
许百顺/nr：/wp你们/rr的/ude1妈/n去/vf得/ude3早/a。/wj
她/rr说/v，/wd咱/rr儿子/n要/v当兵/vi，/wd那个/rz有/vyou出息/n。/wj
他/rr断/v了/ule一会/m，/wd然后/c把/pba那/rzv笔/q巨款/n交给/v了/ule一/m乐/a。/wj
许百顺/nr：/wp一/m乐/a去/vf当兵/vi，/wd去/vf了/ule县城/n，/wd先/d吃/v点/qt好/a的/ude1，/wd查/v身体/n别/d涮/v下来/vf。/wj
这/rzv两/m崽子/n带/v着/uzhe，/wd给/p他们/rr先/d长长/z见识/n。/wj
一/m乐/ng兴奋/v得/ude3几/d要/v提前/v来/vf个/q军礼/n，/wd许百顺/nr一/m声/qv叹息/vn肝肠寸断/al，/wd叫/vi他/rr的/ude1军礼/n只/d敬/v出/vf一半/m。/wj
许百顺/nr：/wp要/v长/a出息/n呵/e！/wt
７/m、/wn许百顺/nr家/n内/f／/w日/ng一九九一年/t。/wj
仍/d是/vshi那个/rz景/ng，/wd但/c家具/n已经/d换/v了/ule些/q，/wd母亲/n的/ude1遗像/n也/d已/d撤/v去/vf，/wd父亲/n的/ude1脸上/s已/d没/v了/ule伤/n悲/ag，/wd但/c多/v了/ule些/q苍老/a。/wj
许/m家/q哥/n仨/m仍/d是/vshi一/m字/n横/dg列/v。/wj
一/m乐/ng干脆/d是/vshi没有/d穿/v鞋/n，/wd一/m双/q与/p泥/n壳子/n无/v差/a的/ude1鞋/n扔/v在/p一/m米/q开外/u，/wd一/m双/q泥泞/a的/ude1左脚/n搓/v着/uzhe泥泞/a的/ude1右/f脚/n，/wd显然/a，/wd他/rr没/d当成/v兵/n。/wj
