２１．/m五/m班/q内/f／/w日/b［/wkz许/m三/m多/m和/cc薛/nr1林/ng拎/v着/uzhe行李/n，/wd看/v着/uzhe老马/nr给/p连部/n打电话/vi，/wd刚/d拿/v起/vf电话/n说/v一/m声/qv：/wp我/rr是/vshi五/m班/n——/wp便/d是/vshi何红涛/nr的/ude1咆哮/vi声/ng。/wj
何红涛/nr：/wp找/v着/uzhe没/d有/vyou！/wt
？/ww
老马/nr：/wp回来/v了/y，/wd一大早/t就/d回来/v了/y，/wd他/rr在/p野地/n里/f睡/v了/ule一/m夜/qt。/wj
何红涛/nr（/wkz电话/n里/f）/wky没/d出事/vi吧/y？/ww
老马/nr：/wp没/v事/n，/wd没/v事/n。/wj
何红涛/nr（/wkz电话/n里/f）/wky立马/d带/v过/uguo来/y！/wt
我/rr倒/d要/v知道/v这/rzv兵/n是/vshi怎么/ryv想/v的/ude1？/ww
老马/nr：/wp没/v啥/ry事/n，/wd真/d没/v啥/ry事/n。/wj
（/wkz背/v过/uguo身/ng去/vf）/wky这/rzv孩子/n心眼/n实在/a，/wd他/rr还/d真/d把/pba五/m班/q当成/v自/p个/q家/n了/y。/wj
［/wkz说话/vi已经/d带/v上/vf了/ule哭/v音/n，/wd何红涛/nr那边/rzs也/d愣/vi着/uzhe，/wd一会/m。/wj
何红涛/nr（/wkz电话/n里/f）/wky我/rr没/d跟/v上/f边/d说/v。/wj
先/d带/v过/vf来/vf吧/y，/wd就/d当/v他/rr昨晚/t上/f在/p连部/n过/uguo的/ude1。/wj
老马/nr：/wp是/vshi。/wj
何红涛/nr（/wkz电话/n里/f）/wky注意/v这/rzv兵/n情绪/n。/wj
老马/nr：/wp是/vshi。/wj
［/wkz那边/rzs电话/n挂/v了/y，/wd许三多/nr和/cc李/nr1梦/n呆/v呆/v看/v着/uzhe老/a马背/n着/uzhe身子/n不/d敢/v回头/vi，/wd回头/vi的/ude1时候/n已经/d换/v成/v了/ule一/m张/q凶神恶煞/nl的/ude1脸/n。/wj
老马/nr：/wp现在/t就/d跟/p我/rr走/v！/wt
别/d再/d默默/d唧唧/o了/y！/wt
你/rr看/v这/rzv点/qt事/n让/v你/rr整/v的/ude1！/wt
２２．/m草原/n外/f／/w日/b［/wkz老/a马/n张/q望/v着/uzhe远处/s的/ude1来/vf车/n，/wd薛/nr1林/ng死死/d拽/v着/uzhe许/m三/m多/a的/ude1背包/n绳/ng，/wd后者/rzv仍/d不/d死心/vi地/ude2在/p往来/vn路上/s张望/v。/wj
［/wkz终于/d来/vf了/ule辆/q拖拉机/n，/wd趁着/p上车/v的/ude1当头/vi许/m三/m多/m掉头/vi又/d跑/v，/wd让/v老马/nr和/cc薛/nr1林/ng逮/v住/vi，/wd连/ulian踢/v带/v踹/v地/ude2拖/v上车/v。/wj
２３．/m红/a三/m连/n连部/n外/f／/w日/b［/wkz连部/n门前/s，/wd值日/vi兵/n很/d奇怪/v地/ude2看/v着/uzhe那/rzv三/m个/q人/n进/vf来/vf：/wp薛林/nr和/cc李梦一/nr左/f一/m右/f地/ude2挟/v着/uzhe许/m三/m多/m，/wd值日/vi兵/n拿/v不/d定/v主意/n是否/v要/v敬礼/vi。/wj
２４．/m连/ulian活动/vn室内/s／/w日/b［/wkz何红涛/nr的/ude1手指/n嗒/o嗒/o地/ude2在/p桌上/s弹/v动/v，/wd何红涛/nr紧张/a地/ude2站/vi在/p指导员/n面前/f，/wd已经/d没有/d回/v五/m班/q的/ude1希望/n了/y，/wd他/rr现在/t也/d老实/a下来/vf。/wj
老马/nr：/wp许/m三/m多/m，/wd知道/v你/rr该/v跟/p指导员/n说/v什么/ry吗/y？/ww
许/m三/m多/m：/wp对不起/v，/wd指导员/n。/wj
何红涛/nr：/wp错/v了/ule就/d是/vshi错/v了/y，/wd军队/n里/f没有/v“/wyz对不起/v”/wyy这/rzv三/m个/q字/n。/wj
许/m三/m多/m：/wp我/rr错/v了/y，/wd指导员/n。/wj
何红涛/nr：/wp你/rr没/d错/v，/wd倒/d是/vshi你/rr指导员/n有点/d强人所难/vl了/y。/wj
老马/nr（/wkz打圆场/vl）/wky指导员/n，/wd你/rr要/v还/d生气/a，/wd就/d骂/v他/rr两/m句/q。/wj
骂/v两/m句/q消/v消气/v。/wj
何红涛/nr（/wkz苦笑/n）/wky指导员/n要/v还/d靠/v骂/v人/n来/vf消气/v，/wd这/rzv指导员/n也/d就/d别/d干/v了/y。/wj
行/vi了/y，/wd许/m三/m多/m，/wd你/rr让/v我/rr长/a见识/n了/y。/wj
许/m三/m多/m：/wp…/ws
…/ws
指导员/n？/ww
何红涛/nr：/wp带/v了/ule上千/m号/q的/ude1兵/n了/y，/wd我/rr信/v一/m种/q——/wp有/vyou情/n有/vyou义/ng的/ude1兵/n，/wd你/rr小子/n有/vyou情义/n，/wd不/d枉/vg你/rr班长/n对/p你/rr好/a。/wj
［/wkz几/m个/q人/n都/d有/vyou点/qt错/v愕/n。/wj
何红涛/nr（/wkz笑/v）/wky虽然/c你/rr这样/rzv在/p部队/n里/f是/vshi不行/a的/ude1，/wd可/v我/rr现在/t忽然/d有/vyou点/qt看/v好/a你/rr了/y。/wj
许/m三/m多/m，/wd可能/v的话/udh还是/v在/p红/a三/m连/n吧/y，/wd红三连/nr军事/n训练/vn排/v第三/m，/wd文娱/n可是/c排/v第一/m的/ude1，/wd我/rr保/v你/rr在/p连部/n不比/p在/p五/m班/q差/a，/wd再/d说/v你/rr这/rzv不/d是/vshi还/d和/cc五/m班/n一个/mq连/n吗/y？/ww
老马/nr：/wp听见/v没/v？/ww
谢谢/v指导员/n。/wj
何红涛/nr：/wp老/a马/n你/rr就/d别/d把/pba他/rr当/p孩子/n看/v了/y。/wj
从/p现在/t起/vf他/rr得/v长/a大/a，/wd通信员/n，/wd带/v他/rr去/vf收拾/v收拾/v。/wj
［/wkz许/m三/m多/m跟/p通信员/n出去/vf。/wj
老马/nr：/wp收拾/v啥/ry呀/y？/ww
何红涛/nr：/wp不/d收拾/v不行/a，/wd团长/n要/v跟/p他/rr叙/b叙/b怀/v。/wj
老马/nr（/wkz吓/v一/m跳/q）/wky团/n…/ws
…/ws
团长/n？/ww
［/wkz何/ry红/a涛/ng苦笑/vi着/uzhe点点/v头/n，/wd他/rr也/d有些/rz无奈/an。/wj
２５．/m团部/n内/f／/w日/b［/wkz团部/n比/p连部/n本/rz就/d多/a了/ule几/m分/qt森严/a，/wd再/d被/pbei值日/vi官/n扫/v了/ule两/m眼/q，/wd本/rz就/d忐忑不安/vl的/ude1许/m三/m多/m就/d开始/v打退堂鼓/vl。/wj
何红涛/nr：/wp许/m三/m多/m，/wd团长/n给/p你/rr安排/v工作/vn，/wd你/rr要/v说/v服从/v领导/n安排/vn。/wj
许/m三/m多/m：/wp嗯/e哪/ry。/wj
何红涛/nr：/wp不许/d唧唧/o歪/v歪/a，/wd要/v雷厉风行/vl。/wj
许/m三/m多/m：/wp嗯/e哪/ry。/wj
何红涛/nr：/wp要/v坐/v如/v钟/n，/wd站/vi如/v松/ng，/wd走/v如/v风/n，/wd要/v说话/vi象/ng崩/v炸/v的/ude1炮/n子/ng，/wd团长/n就/d喜欢/vi干脆/d有力/a的/ude1。/wj
许/m三/m多/m：/wp嗯/e哪/ry…/ws
…/ws
指导员/n，/wd我/rr还/d是/vshi别/d去/vf了/y。/wj
我/rr不行/a。/wj
何红涛/nr（/wkz低声/d）/wky你/rr别/d给/p我/rr废话/n。/wj
许/m三/m多/m：/wp我/rr想/v上/vf厕所/n。/wj
何红涛/nr：/wp你/rr刚/d去/vf过/uguo。/wj
许/m三/m多/m：/wp那/rzv团长/n说话/vi，/wd你/rr站/vi我/rr前面/f。/wj
何红涛/nr：/wp我/rr在/p你/rr后边/f，/wd他/rr又/d不/d是/vshi要/v跟/p我/rr说话/vi。/wj
（/wkz他/rr忽然/d觉得/v不/d对/p，/wd暴/ad喝/vg）/wky这/rzv有/vyou条件/n好/a提/v吗/y？/ww
［/wkz已经/d到/v团长/n办公室/n跟前/f，/wd何红涛/nr敲门/vi。/wj
何红涛/nr：/wp报告/n！/wt
王庆瑞/nr（/wkz屋里/s）/wky什么/ry事/n？/ww
［/wkz何/ry红/a涛/ng敬礼/vi，/wd即使/c隔/v着/uzhe门/n也/d做/v得/ude3象/ng他/rr对/p许三多/nr要求/v的/ude1那样/rzv。/wj
何红涛/nr：/wp红/a三/m连/n指导员/n何红涛/nr报告/n！/wt
列兵/n许/m三/m多/m带/v到/v！/wt
王庆瑞/nr：/wp是/vshi那个/rz修路/vi的/ude1兵/n吗/y？/ww
人/n呢/y？/ww
［/wkz何红涛/nr很/d狼狈/ad地/ude2把/pba许/m三/m多/m拖/v到/v门框/n跟前/f。/wj
许/m三/m多/m恨不得/d把头/n扎/v门缝/n里/f。/wj
何红涛/nr（/wkz轻声/n）/wky敬礼/vi！/wt
敬礼/vi！/wt
许/m三/m多/m：/wp列/v…/ws
…/ws
列兵/n许/m三/m多/m报到/vi。/wj
王庆瑞/nr（/wkz还礼/v）/wky许/m三/m多/m留/v下/vf。/wj
你/rr…/ws
…/ws
（/wkz他/rr看/v了/ule看/v何红涛/nr）/wky解散/v。/wj
［/wkz解散/v的/ude1意思/n就/d是/vshi走/v人/n，/wd何红涛/nr甚至/d比/p许/m三/m多/m还要/d惊慌/a，/wd谁/ry知道/v一个/mq昨天/t还/d险些/d开/v了/ule小/a差/a的/ude1兵/n今天/t会/v干/v出/vf什么/ry。/wj
许/m三/m多/m：/wp指导员/n？/ww
…/ws
…/ws
何红涛/nr（/wkz小声/v地/n）/wky进去/vf！/wt
进去/vf！/wt
［/wkz王庆瑞/nr已经/d抬头/vi看/v了/ule他/rr一/m眼/q，/wd何红涛/nr被/pbei看/v得/ude3胆/n栗/ng，/wd又/d敬/v了/ule礼/n，/wd赶快/d离开/v。/wj
２６．/m团长/n办公室/n内/f／/w日/b［/wkz许/m三/m多/m如同/v困/vi在/p笼/ng里/f的/ude1耗子/n，/wd回头/d看/v看门/vi，/wd很/d想/v就/d夺/v路/n而/cc出/vf，/wd可/v那/rzv可能/v更/d需要/v勇气/n。/wj
