［/wkz卡车/n驶/vg走/v。/wj
［/wkz这/rzv在/p现实/n中/f也/d只/d是/vshi三两/m分钟/qt内/f发生/v的/ude1事情/n。/wj
３．/m卡车/n外/f／/w晨/tg［/wkz士兵/n们/k在/p拥挤/a的/ude1车厢/n里/f沉默/v着/uzhe，/wd风/n往/p疾驰/vi的/ude1车厢/n里/f灌/v，/wd刚/d从/p被子/n里/f爬/v出来/vf的/ude1兵/n们/k下意识/d地/ude2挤/v在/p一起/s取暖/vi，/wd有/vyou人/n利用/v这/rzv宝贵/a的/ude1时间/n抽/v上/f起床/vi后/f的/ude1第一/m支/q烟/n。/wj
［/wkz许/m三/m多/m透过/v车厢/n的/ude1缝隙/n看/v着/uzhe外边/f的/ude1蒙蒙/z星光/n。/wj
［/wkz一/m枝/q烟/n递/v了/ule过来/vf。/wj
成才/vi（/wkz画/n外/f）/wky昨/tg儿/ng晚上/t睡/v得/ude3好/a吗/y？/ww
许三多/nr（/wkz亲热/a地/ude2笑笑/v）/wky你/rr知道/v我/rr不/d会/v。/wj
成才/vi：/wp装甲兵/n不/d抽烟/vi是/vshi不/d可能/v的/ude1。/wj
（/wkz凑/v过来/vf）/wky挤挤/v，/wd该/rz多/ad穿/v件/q毛衣/n。/wj
咱们/rr训练/v烟尘/n大/a，/wd叫/vi作/v每天/r二两/m土/n，/wd上午/t吃/v不/d够/v，/wd下午/t还/d得/ude3补/v。/wj
你/rr不/d抽/v根/q烟/n熏/v熏/v，/wd肺/n里边/f见天/d一/m股/q土/n味/ng。/wj
点/qt上/f？/ww
许三多/nr（/wkz犹豫/a）/wky还是/c不/d抽/v。/wj
［/wkz旁边/f的/ude1白/a铁军/n就手/d把/pba烟/n抢/v了/ule过去/vf。/wj
白铁军/nr：/wp他/rr不/d抽/v我/rr抽/v。/wj
（/wkz看看/v烟/n牌/n）/wky成才/vi，/wd你/rr咋/ryv给/v你/rr老乡/n也/d上/vf大/a建设/vn？/ww
成才/vi（/wkz恼羞成怒/vl）/wky我/rr自己/rr抽/v的/ude1啥/ry你/rr没/d看见/v吗/y？/ww
你/rr老/d挤兑/v我/rr干/v啥/ry？/ww
伍六一：/t大清早/t地/ude2吵/v吵/v啥/ry？/ww
安静/a！/wt
成才/vi（/wkz对/p许三多/nr）/wky你/rr不/d抽/v就/d不/d抽/v，/wd以后/f王八/n蛋/n的/ude1再/d给/p你/rr上/vf烟/n了/y。/wj
［/wkz车/n里/f的/ude1人/n安静/a下来/vf，/wd主要/d是/vshi因为/p车/n拐/v个/q弯/ng后/f，/wd外边/f已经/d听见/v大功率/b发动机/n的/ude1隆隆/o声/ng。/wj
４．/m靶场/n外/f／/w晨/tg［/wkz这/rzv是/vshi一/m片/q宽阔/a的/ude1装甲/b车辆/n射击场/n，/wd交错/vi的/ude1车辙/n印/ng，/wd尽头/f是/vshi灰蒙蒙/z的/ude1山峦/n。/wj
［/wkz一/m排/q三/m辆/q步/qv战车/n正在/d空地/n上/f驰骋/v预热/vi，/wd射击场/n上/f早/a辗/n出/vf了/ule近/a尺/q深/a的/ude1浮土/n，/wd顿时/d满天/n如/v起/vf了/ule茫然/a大雾/n。/wj
［/wkz对/p装甲兵/n来说/uls，/wd这/rzv早/ad算/v正常/a了/y，/wd许/m三/m多/m却/d自/p跳/vi下/f车/n起/vf就/d大/a声/qv打/v着/uzhe喷/v啾/x。/wj
［/wkz高/a城/n一/m步/qv一个/mq坑/n，/wd从/p灰土/n里/f拔/v出/vf脚/n来/vf站/vi到/v队伍/n跟前/f。/wj
高/a城/n：/wp立正/vi——/wp稍息/v！/wt
报数/v！/wt
［/wkz他/rr用不着/bl管/v风沙/n漫天/z中/f列队/vi的/ude1那些/rz琐碎/a，/wd用/p望远镜/n看/v着/uzhe靶场/n那/rzv头/q的/ude1设置/vn。/wj
后边/f的/ude1队列/n报/n着数/n，/wd起/vf了/ule阵风/n，/wd一阵子/mq伸手/vi不见/v五指/n后/f，/wd满/a连/n的/ude1士兵/n顿时/d都/d落/v了/ule层/qv土/n。/wj
［/wkz灰雾/n蒙蒙/z中/f现出/v几/m个/q人影/n，/wd当/p头/n的/ude1一个/mq是/vshi王庆瑞/nr，/wd比/p士兵/n们/k干净/a不/d到/v哪/ry去/vf。/wj
高/a城/n：/wp报告/n团长/n，/wd钢/n七/m连/n正/d进行/vx人/n车/n协同/v训练课/n目/ng，/wd请/v团长/n指示/n！/wt
团长/n：/wp继续/v训练/vn。/wj
高城/nr（/wkz对/p部队/n）/wky今天/t特意/d找/v的/ude1风沙/n天/qt，/wd就/d为/v增加/v难度/n。/wj
战场/n上/f能见度/n会/v比/p这/rzv还/d差/a得/ude3多/a，/wd必须/d习惯/v不/d光/d靠/v肉眼/n也/d靠/v感觉/n射击/vn！/wt
——/wp那/rzv个/q兵/n，/wd你/rr捂/v什么/ry眼/n？/ww
我/rr还/d开口/vi说话/vi呢/y！/wt
你/rr以为/v我/rr吃/v的/ude1土/n比/p你/rr少/a吗/y？/ww
［/wkz那个/rz人/n当然/d是/vshi许/m三/m多/m，/wd他/rr忙/v将/d灰/ag迷/v了/ule的/ude1眼睛/n睁/v开/v，/wd使劲/vi地/n睐/ng着/vi。/wj
高/a城/n：/wp解散/v。/wj
上/f五/m号/q车/n领/v弹药/n，/wd一/m排/q射击/vn准备/vn。/wj
［/wkz士兵/n们/k散开/v，/wd高/a城/n转向/vi王庆瑞/nr。/wj
高/a城/n：/wp请/v团长/n指示/n。/wj
王庆瑞/nr：/wp一/m嘴/n土/n吧/y？/ww
我/rr的/ude1水/n你/rr喝/vg不/d喝/vg？/ww
［/wkz王庆瑞/nr把/pba茶/n缸子/n递/v过去/vf，/wd高/a城/n老实/ad不/d客气/a喝/vg了/ule口/n。/wj
高/a城/n：/wp您/rr怎么/ryv还/d喝/vg花茶/n？/ww
得/v换/v绿茶/n，/wd天天/d泡/v战车/n很/d上火/vi的/ude1。/wj
王庆瑞/nr：/wp你/rr是/vshi什么/ry都/d挑三拣四/vl，/wd听说/v对/p我/rr推荐/v过去/vf的/ude1兵/n也/d不/d满意/v？/ww
高/a城/n：/wp您/rr也/d瞧见/v了/y，/wd来/vf把/pba土/n他/rr得/v捂/v眼睛/n，/wd来/m颗/q子弹/n准备/v好/a尿/n裤子/n。/wj
王庆瑞/nr：/wp你/rr父亲/n跟/p我/rr说/v，/wd你/rr幼儿园/n那/rzv会/v就/d抱/v着/uzhe漂亮/a女/b老师/n不/d撒手/vi，/wd他/rr那/rzv会/v就/d怕/v你/rr长成/v花心/n大/a萝卜/n。/wj
［/wkz高/a城/n连忙/d往/p周围/f看看/v，/wd确定/v没/v人/n，/wd然后/c就/d有/vyou些/q赧/n然/rz。/wj
高/a城/n：/wp说/v那/rzv干/v嘛/y？/ww
那/rzv事/n没/v意思/n。/wj
王庆瑞/nr（/wkz乐/v了/ule）/wky现在/t呢/y？/ww
就/d是/vshi说/v人/n都/d会/v变/v，/wd而且/c这个/rz变/v没有/v极限/n。/wj
５．/m靶场/n外/f／/w日/b［/wkz一/m辆/q步/qv战车/n驶过/v来/vf停下/v，/wd许/m三/m多/m看/v着/uzhe那/rzv宽阔/a的/ude1车体/n发愣/vi。/wj
［/wkz史/ng今/tg在/p忙碌/a，/wd训练/v展开/v前/f对/p一个/mq班长/n是/vshi最/d忙碌/a的/ude1时候/n，/wd百/m忙/v中/f跟/v许三多/nr交代/v一/m句/q。/wj
史今/nr：/wp记/v住/vi２０７/m！/wt
这/rzv咱们/rr班/n的/ude1战车/n！/wt
许/m三/m多/m：/wp这/rzv就是/v我/rr的/ude1战车/n？/ww
［/wkz史/ng今/tg不由/d皱眉/vi瞧/v他/rr一/m眼/q，/wd不过/c实在/d太/d忙/a，/wd也/d没/v功夫/n去/vf纠正/v单数/n式/k和/cc复数/n式/k的/ude1区别/n。/wj
许/m三/m多/m就/p原地/n看/v着/uzhe那/rzv车/n打/v心里/s叹/v出来/vf，/wd并且/c很/d想/v伸手/vi去/vf触摸/v一下/mq。/wj
成才/vi（/wkz画/n外/f）/wky许/m三/m多/m，/wd看看/v我/rr的/ude1枪/n！/wt
［/wkz灰蒙蒙/z中/f成才/vi举/v着/uzhe一/m枝/q纤/ng长/a的/ude1狙击/v步枪/n冲/v许/m三/m多/m乐/ng，/wd许/m三/m多/m也/d乐/a，/wd想/v过去/vf。/wj
伍六一：/t许/m三/m多/m，/wd你/rr跟/p我/rr过来/vf。/wj
［/wkz许/m三/m多/m老老实实/z被/pbei伍六一/m带/v到/v步/qv战车/n后舱/n门/n。/wj
伍六一：/t你/rr新/d来/vf的/ude1，/wd这/rzv段/q时间/n会/v对/p你/rr从宽/d要求/v。/wj
可/v你/rr也/d得/ude3注意/v学习/v，/wd比如说/vl车/n停/vi在/p这/rzv，/wd你/rr就/d可以/v练/v练/v登/v车/n，/wd你/rr不/d练/v没/v人/n盯/v你/rr，/wd可/v最后/f做/v了/ule后进/b的/ude1就是/v你/rr。/wj
［/wkz许/m三/m多/m点/qt头/n不/d迭/vg，/wd伍六一/m拉开/v舱门/n，/wd许/m三/m多/m看/v着/uzhe那/rzv对/p他/rr充满/v神/n密/a的/ude1车/n内/f。/wj
伍六一：/t练/v吧/y。/wj
［/wkz许/m三/m多/m上车/v，/wd坐下/vi，/wd回头/d看/v了/ule看/v。/wj
伍六一：/t你/rr这么/rz上/f车/n就/d上/vf你/rr一个/mq得/v了/y，/wd全/a车/n都/d堵/v在/p外边/f。/wj
你/rr以/p为/v战场/n上/f跟/p今天/t一样/uyy就/d刮/v个/q风/n？/ww
飞/vi的/ude1可/c全/d是/vshi子弹/n弹片/n。/wj
下来/vf，/wd注意/v观察/v。/wj
［/wkz伍六一/m登/v车/n，/wd那/rzv是/vshi把/pba庞大/a的/ude1身体/n蜷/v成/v一/m团/q，/wd嗖/o的/ude1一/m声/qv跃进/v宽/a高/a不/d过/uguo一/m米/q二/m的/ude1舱门/n，/wd顺手/d将/p舱门/n带/v上/f，/wd这/rzv一切/rz不过/d是/vshi一秒/t内/f完成/v的/ude1事/n。/wj
