高/a铁/n要/v和/cc民航/n竞争/vn服务/vn，/wd这些/rz方面/n能/v行/vi吗/y？/ww
显然/a，/wd“/wyz铁老大/nl”/wyy在/p服务/vn上/f需要/v改进/v的/ude1地方/n有/vyou很多/m。/wj
比如说/vl，/wd现在/t的/ude1网络/n购/vg票/n，/wd有些/rz细节/n就/d需要/v改进/v，/wd比如/v，/wd丢/v了/ule车票/n补票/vi时/ng还/d要/v付/v全/a款/n等/udeng，/wd就/d引起/v了/ule民众/n的/ude1质疑/vn，/wd而/cc机票/n补票/vi显然/ad不/d需要/v；/wf还/d比如/v，/wd没有/v二/m代/q身份证/n的/ude1国人/n以及/cc外国人/n，/wd能否/v更/d方便/v购/vg票/n，/wd也/d是/vshi需要/v改进/v的/ude1问题/n。/wj
实际上/d，/wd唯有/v靠/p市场/n的/ude1自由/a竞争/vn才/d能/v及时/ad满足/v丰富多彩/vl的/ude1需求/n，/wd而/cc依靠/v行政/n命令/n总是/d效率/n很/d低/a的/ude1，/wd改进/v起来/vf也/d是/vshi很/d慢/a的/ude1。/wj
现在/t，/wd京/b沪/b高/a铁/n已经/d一/m条/q腿/n迈进/vi了/ule市场/n里边/f，/wd另/rz一/m条/q腿/n也/d终将/d迈进/vi市场/n。/wj
铁路/n市场/n的/ude1垄断/vn需要/n解决/v，/wd但是/c，/wd当下/d最/d急迫/a的/ude1却/d是/vshi推进/vi政企/n分开/vi，/wd行政/n放权/vi，/wd给/v与/p高铁/nr公司/n以及/cc一/m线/q的/ude1运营/vn单位/n更/d大/a的/ude1经营/vn自主权/n。/wj
现在/t，/wd京/b沪/b高/a铁/n每天/r需要/v2630万/m元/q收入/n才/d能/v偿还/v贷款/n，/wd偿债/vn压力/n等/udeng不/d起/vf，/wd唯有/v让/v高铁/nr更/d贴近/v市场/n“/wyz飞行/vi”/wyy，/wd才/d符合/v百姓/n的/ude1利益/n，/wd高铁/nr也/d才/d有/vyou前途/n。/wj
时间/n：/wp2011-08-10/m>/w“/wyz天价/n”/wyy拖/v车费/n之所以/c会/v成为/v问题/n，/wd是/vshi由于/p这个/rz市场/n没有/d开放/v，/wd只要/c各地/rzs不再/d“/wyz指定/v”/wyy救援/vn公司/n，/wd市场/n真正/d开放/v，/wd那/rzv“/wyz天价/n”/wyy拖/v车费/n也/d就/d自然/d会/v消失/vi。/wj
据/p新华社/nt报道/v，/wd日前/t，/wd上海市/ns物价局/n、/wn上海市/ns城乡/n建设/vn和/cc交通/n委员会/n和/cc上海市/ns交通/n运输/vn和/cc港口/n管理局/n联合/vd发布/v通知/n，/wd进一步/d规范/v清/tg障/ng施/v救/v牵引/vn服务/vn收费/vn行为/n，/wd用/p明确/a合理/a的/ude1收费/vn标准/n，/wd杜绝/v没谱/v的/ude1“/wyz天价/n”/wyy拖车/n费/n。/wj
根据/p这个/rz新/a规定/n，/wd５/m公里/q（/wkz含/v）/wky以内/f拖车/n，/wd按/p次/qv收费/vn；/wf超/v５/m公里/q部分/n，/wd按/p实际/n公里数/n加收/v超/h基本/a公里/q费/n。/wj
以/p一/m辆/q小型/b车/n来说/uls，/wd在/p地面/n道路/n每/rz次/qv为/v２５０/m元/q，/wd在/p高架桥/n、/wn高速/b等/udeng每/rz次/qv为/v３００/m元/q，/wd超过/v５/m公里/q后/f，/wd每/rz公里/q加收/v１０/m元/q。/wj
最/d多/ad不得/vi超过/v1500/m元/q。/wj
早/ad在/p去年/t，/wd国家/n发/v改/v委/ng就/d和/cc交通/n运输/vn部/n联合/vd发布/v通知/n，/wd要求/v规范/a高速公路/n车辆/n救援/vn服务/vn收费/vn有关/vn问题/n。/wj
这个/rz通知/n提出/v，/wd各地/rzs“/wyz要/v在/p充分/ad调研/v和/cc成本/n监/vg审/v的/ude1基础/n上/f，/wd统一/ad规范/v收费/vn项目/n，/wd并/cc按照/p适当/ad弥补/v成本/n原则/n合理/ad制定/v收费/vn标准/n。/wj
”/wyy但是/c，/wd在/p实际/a的/ude1操作/vn过程/n中/f，/wd“/wyz天价/n收费/vn”/wyy是/vshi屡见不鲜/vl。/wj
今年/t5月/t，/wd央/vg视/vg曾/d报道/v发生/v在/p北京/ns怀柔/ns的/ude1一/m起/q“/wyz天价/n”/wyy拖/v车费/n事件/n。/wj
救援/vn公司/n拖车/n41/m公里/q，/wd收费/vi5000/m多/m元/q。/wj
这家/r救援/vn公司/n是/vshi怀柔/ns交管/vn部门/n指定/vn的/ude1唯一/b的/ude1汽车/n救援/vn公司/n，/wd至于/p怎么/ryv收费/vi，/wd“/wyz是/vshi根据/p企业/n各自/rr情况/n自己/rr制定/v的/ude1”/wyy。/wj
既然/c是/vshi“/wyz指定/v的/ude1唯一/b的/ude1”/wyy，/wd又/d怎么/ryv可能/v是/vshi“/wyz市场/n定价/vi”/wyy？/ww
去年/t4月/t，/wd《/wkz中国/ns青年报/n》/wky还/d曾/d报道/v，/wd河南/ns西峡/ns280/m余/m名/q货车/n车主/n和/cc司机/n联名/vd上书/v商洛市/ns市委/n书记/n，/wd要求/v调查/v其/rz境内/s“/wyz拖车/n如/c打劫/v”/wyy的/ude1乱/a象/ng。/wj
而/cc商洛/ns的/ude1那/rzv家/q施/v救/v公司/n，/wd也/d是/vshi当地/s交警/n“/wyz指定/v的/ude1唯一/b的/ude1”/wyy。/wj
“/wyz天价/n”/wyy拖/v车费/n事件/n在/p各地/rzs多/d有/vyou发生/v，/wd根据/p有关/vn媒体/n的/ude1调查/vn，/wd几乎/d所有/b的/ude1拖车/n公司/n，/wd都/d和/cc交通/n运输/vn管理/vn部门/n之间/f存在/v着/uzhe千丝万缕/bl的/ude1关系/n，/wd有些/rz地方/n甚至/c就/d是/vshi由/p交管/vn部门/n直接/ad出面/vi清理/v。/wj
“/wyz天价/n”/wyy拖/v车费/n之所以/c会/v成为/v问题/n，/wd就/d是/vshi由于/p这个/rz市场/n往往/d是/vshi和/cc相关/vn政府/n管理/vn部门/n有着/v紧密/ad联系/v，/wd不/d开放/v，/wd导致/v了/ule畸/ng高/a的/ude1费用/n。/wj
按照/p各地/rzs惯例/n，/wd目前/t高速公路/n拖车/n公司/n都/d以/p招标/vi或者/c委托/v的/ude1方式/n产生/v，/wd属于/v行政性/n垄断/vn的/ude1“/wyz独家/b生意/n”/wyy。/wj
高速/b公路/n拖车/n业务/n，/wd都/d是/vshi除/p此/rzs一/m家/q，/wd别/d无/v他/rr店/n，/wd由此/d也/d就/d形成/v了/ule各种/rz“/wyz天价/n”/wyy的/ude1拖车/n费/n，/wd而/cc相关/vn当事人/n也/d只/d能够/v自/rr认/v倒霉/a。/wj
上海/ns限定/v拖车/n费/nr1价格/n，/wd在/p一定/b程度/n上/f可以/v防止/v“/wyz天价/n”/wyy的/ude1出现/vn，/wd但/c要/v让/v拖车/n收费/vn真正/d降/v下来/vf，/wd最/d为/v根本/a的/ude1还/d是/vshi打破/v垄断/vn，/wd引入/v竞争/vn，/wd让/v这个/rz市场/n有/vyou更/d多/a的/ude1供应商/n。/wj
只有/c通过/p竞争/vn，/wd才/d能够/v在/p降低/v价格/n的/ude1基础/n上/f提升/v服务/vn。/wj
否则/c，/wd限价/vd规定/v，/wd很/d可能/v还/d会/v变成/v对/p拖车/n服务/vn市场/n的/ude1一/m种/q变相/vd保护/v———/wp因为/p价格/n固定/a了/y，/wd那么/rz有关/vn机构/n就/d会/v游说/vn权力/n部门/n不再/d发放/v新/a的/ude1营运/vn许可/vn，/wd最终/d受损/vi的/ude1还/d是/vshi消费者/n。/wj
其实/d，/wd发/v改/v委/ng和/cc交通/n运输/vn部/n去年/t下发/v的/ude1通知/n还/d有/vyou规定/n：/wp“/wyz在/p不/d影响/v高速公路/n正常/ad运行/vi的/ude1情况/n下/f，/wd当事人/n也/d可以/v选择/v社会/n救援/vn机构/n实施/v救助/v，/wd任何/rz单位/n和/cc个人/n不得/vi强制/vd指定/v救援/vn机构/n，/wd也/d不得/vi妨碍/v和/cc阻止/v当事人/n委托/vn的/ude1救援/vn机构/n进场/vi服务/vn。/wj
”/wyy只要/c各地/rzs不再/d“/wyz指定/v”/wyy救援/vn公司/n，/wd市场/n真正/d开放/v，/wd那/rzv“/wyz天价/n”/wyy拖/v车费/n也/d就/d自然/d会/v消失/vi。/wj
时间/n：/wp2011-08-16/m>/w舆论/n期待/v司法/n机关/n能够/v取代/v行政/n机关/n，/wd对/p涉/vg讼/vg的/ude1政府/n信息/n是否/v属于/v“/wyz国家/n秘密/n”/wyy进行/vx司法/n审查/vn。/wj
而/cc“/wyz规定/n”/wyy将/d如何/ryv促进/v政府/n信息/n公开/vn，/wd还/d有待/v个案/n的/ude1检验/vn。/wj
8月/t13日/t，/wd最高/a法院/n对外/vd正式/ad公布/v了/ule《/wkz最高人民法院/nt关于/p审理/v政府/n信息/n公开/ad行政/v案件/n若干/m问题/n的/ude1规定/n》/wky（/wkz下/f称/v“/wyz规定/n”/wyy）/wky。/wj
该/rz解释/v共有/v13/m个/q条文/n，/wd出台/vi目的/n是/vshi要/v“/wyz全面/ad规范/v人民法院/nl审理/v政府/n信息/n公开/ad行政/v案件/n中/f遇到/v的/ude1有关/vn问题/n”/wyy。/wj
据/p《/wkz人民/n法院/n报/n》/wky报道/v，/wd这部/r司法/n解释/v的/ude1出台/vn背景/n，/wd是/vshi由于/p政府/n信息/n公开/ad行政/v案件/n是/vshi一/m种/q新型/b案件/n，/wd直接/a的/ude1法律/n依据/n不/d多/a，/wd也/d非常/d原则/n，/wd导致/v近年来/dl各级/r人民法院/nl在/p受理/v、/wn审理/v、/wn判决/vn等/udeng各个/rz环节/n经常/d面临/v无/v规则/n可/v依/v、/wn标准/n难/ad统一/v等/udeng问题/n，/wd迫切/ad需要/v最高/a法院/n制定/v司法/n解释/v予以/vx指导/vn和/cc规范/n。/wj
为此/bl，/wd经过/p近/a三/m年/qt的/ude1深入/a调研/vn、/wn反复/d修改/v和/cc广泛/ad征求/v意见/n，/wd最高人民法院/nt颁布/v了/ule这部/r司法/n解释/vn。/wj
但/c从/p“/wyz规定/n”/wyy出台/vi的/ude1时间表/n上/f看/v，/wd显得/v十分/d不/d寻常/a。/wj
2008年/t5月/t1日/t，/wd《/wkz政府/n信息/n公开/vn条例/n》/wky（/wkz下/f称/v“/wyz条例/n”/wyy）/wky正式/ad实施/v；/wf2009年/t11月/t2日/t，/wd最高/a法院/n公布/v了/ule“/wyz规定/n”/wyy的/ude1“/wyz征求/v意见/n稿/ng”/wyy；/wf2010年/t12月/t13日/t，/wd最高/a法院/n审判/vn委员会/n通过/v了/ule现在/t的/ude1这/rzv份/q“/wyz规定/n”/wyy。/wj
