”/wyy“/wyz请/v3/n天/qt假/ad休息/v8/a天/n”/wyy、/wn“/wyz请/v2/n天/qt假/a休息/vn10/n天/qt”/wyy…/ws
…/ws
中秋/t、/wn国庆/t假期/t临近/v，/wd据/p报道/v，/wd五花八门/bl的/ude1“/wyz拼/v假/ad攻/v略/d”/wyy蹿/vi红/a网络/n。/wj
9月/t份/q被/pbei指/v“/wyz最/d折腾/v”/wyy月/n，/wd不/d是/vshi没有/v道理/n。/wj
尽管/c大家/rr也/d享受/v到/v了/ule一定/b的/ude1假期/t，/wd但是/c，/wd如此/rzv复杂/a的/ude1放假/vn和/cc上班/vn模式/n，/wd让/v人/n有/vyou些/q受不了/al。/wj
这/rzv两/m天/qt舆论/n也/d在/p呼吁/v，/wd放假/vi安排/v能/v不/d能/v不/d这么/rz安排/vn，/wd与其/c靠/p双休日/t拼凑/v假期/t，/wd不如/v按部就班/vl地/ude2来/vf，/wd不要/d把/pba工作/vn和/cc生活/vn节奏/n打乱/v。/wj
这些/rz诉/ng求/v不/d是/vshi没有/v道理/n。/wj
现在/t，/wd或许/d到/v了/ule重新/d审视/v“/wyz长/a假/a”/wyy制度/n的/ude1时候/n了/y，/wd放假/vi安排/v能否/v告别/vi过去/vf的/ude1“/wyz假/a日/b经济/n”/wyy思维/n？/ww
当初/t推出/v“/wyz长/a假/a”/wyy制度/n，/wd意/ng在/p应/v对/p亚洲/ns金融/n危机/n的/ude1冲击/vn，/wd通过/p给/p国/n人/n放/v长假/n，/wd以/p提/v振/vg内需/n、/wn刺激/v消费/vn，/wd激活/v“/wyz假/a日/b经济/n”/wyy。/wj
不可/v否认/v，/wd这些/rz年/qt来/f“/wyz长/a假/a”/wyy制度/n确实/ad发挥/v了/ule很/d大/a的/ude1作用/n，/wd尤其/d是/vshi人们/n还/d没有/v旅游/vi的/ude1习惯/n之/uzhi时/ng。/wj
这/rzv直接/ad刺激/v了/ule人们/n出游/vn的/ude1需求/n。/wj
不过/c，/wd时/ng移/v世/ng易/a，/wd现在/t的/ude1放假/vn制度/n安排/vn，/wd不但/c打乱/v了/ule生活/vn和/cc工作/vn节奏/n，/wd而且/c导致/v了/ule交通拥堵/n、/wn景区/n人满为患/vl等/udeng问题/n。/wj
近年来/dl，/wd每/rz到/v周末/t下午/t，/wd出游/v的/ude1人们/n集中/ad返/v京/b，/wd北京/ns几/m条/q高速/b路/n的/ude1进/vf京/b方向/n都/d会/v出现/v大/a面积/n的/ude1堵车/vn。/wj
到/v了/ule长假/n，/wd开/v到/v哪儿/rys都/d得/ude3堵/v上/vf一阵/mq，/wd走/v到/v哪里/rys都/d是/vshi万众/n云集/v，/wd很多/m人/n都/d宁可/d宅/ng在/p家里/s，/wd也/d不/d出门/vi。/wj
另外/c，/wd长假/n对/p购物/vi等/udeng消费/vn刺激/vn，/wd也/d因为/p网/n购/vg的/ude1兴起/vn而/cc在/p递减/vi。/wj
去年/t11月/t11日/t民间/n自/rr造/v节日/n“/wyz光棍/n节/n”/wyy，/wd阿里巴巴/nz旗/n下/f淘/v宝/n和/cc天/n猫/n一/m天/qt的/ude1销售额/n突破/v百亿/m。/wj
而/cc商务部/n的/ude1数据/n显示/v，/wd去年/t中秋/t、/wn国庆/t双/m节/q黄金/n周/qt期间/f，/wd北京/ns130/m家/q重点/n商业/n企业/n实现/v销售额/n71./m6亿/m元/q，/wd上海/ns395/m家/q大中型/b商业/n企业/n、/wn5000/m多/m家/q网点/n在/p双/m节/q期间/f共/d实现/v营业/vn收入/n64./m30亿/m元/q。/wj
一/m个/q直辖市/n数百/m商家/n捆/v起来/vf大/a卖/v7/v天/qt，/wd还/d不/d如/v一个/mq电/n商/vg一/m天/qt卖/v得/ude3多/a。/wj
可见/c，/wd拉动/v消费/vn、/wn刺激/v内需/n，/wd真的/d不/d一定/d要/v靠/p长假/n，/wd随着/p商业/n模式/n的/ude1创新/vn和/cc人们/n消费/vn习惯/n的/ude1改变/vn，/wd成功/a的/ude1市场/n营销/vn同样/d可以/v激发/v巨大/a的/ude1消费/vn需求/n。/wj
“/wyz假/a日/b经济/n”/wyy的/ude1魅力/n正在/d褪色/vi，/wd在/p非/b短缺/vn经济/n的/ude1社会/n，/wd从/p本质/n上/f来说/uls，/wd“/wyz假/a日/b经济/n”/wyy只/d是/vshi一/m次/qv集中/v消费/vn，/wd并/cc不/d能/v让/v社会/n消费/vn总额/n发生/v太/d大/a的/ude1变化/vn。/wj
现在/t的/ude1中国/ns经济/n，/wd没有/v必要/an再/d借/v“/wyz假/a日/b经济/n”/wyy来/f拉动/v内需/n。/wj
更/d何况/c，/wd随着/p带/v薪/ng休假/vi制度/n的/ude1逐步/d完善/v，/wd民众/n也/d完全/ad可以/v自己/rr放/v“/wyz长/a假/a”/wyy。/wj
所以/c，/wd在/p放假/vi安排/v上/f，/wd也/d需要/v政府/n进一步/d向/p社会/n放权/vi，/wd需要/v减少/v“/wyz长/a假/a”/wyy这样/rzv的/ude1微观/n干预/vn手段/n。/wj
政府/n明确/v了/ule法定/b节假日/t，/wd然后/c，/wd将/d放假/vi安排/v的/ude1权力/n交给/v企业/n、/wn员工/n，/wd让/v大家/rr自由/ad组合/vi。/wj
这/rzv或许/d能够/v大大减少/n一些/mq不必要/a的/ude1麻烦/an。/wj
政府部门/n所/usuo需要/v做/v的/ude1，/wd就/d是/vshi保障/v国民/n的/ude1休假/vn权利/n，/wd完善/v制度/n、/wn加强/v监管/vn。/wj
不/d能/v让/v孩子/n的/ude1“/wyz第一/m口/q奶/n”/wyy就/d不/d道德/n2013-09-1702:30:21/m新/a京/b报/n“/wyz第一/m口/q奶/n”/wyy背后/f的/ude1真正/b问题/n，/wd是/vshi医院/n擅自/d“/wyz扩/vg权/n”/wyy，/wd“/wyz垄断/v”/wyy新生儿/n奶粉/n供应/vn。/wj
婴儿/n不/d知道/v第一/m口/q奶/n背后/f的/ude1“/wyz肮脏/a”/wyy。/wj
但是/c面对/v那些/rz稚嫩/a、/wn纯洁/a的/ude1生命/n，/wd我们/rr又/d如何/ryv能/v心安理得/vl？/ww
■/x观察家/n据/p央/vg视/vg报道/v，/wd为/p保证/v婴儿/n“/wyz第一/m口/q奶/n”/wyy是/vshi自家/rr品牌/n的/ude1奶粉/n，/wd多/m美/b滋/v每年/r都/d以/p各种/rz形式/n给/p医院/n送/v钱/n，/wd给/p医生/n、/wn护士/n打/v款/n。/wj
多/m美/b滋/v每年/r在/p天津/ns一/m个/q地区/n，/wd花费/v在/p医院/n上/f的/ude1维护/vn费/n就/d超过/v三百/m万/m！/wt
而/cc医院/n强行/d给/v新/a生/v婴儿/n喂养/v奶粉/n，/wd会/v使/v婴儿/n产生/v依赖/v，/wd进而/c排斥/v母乳/n。/wj
昨日/t，/wd多/m美/b滋/vg公司/n表态/vi，/wd已经/d对/p此/rzs展开/v调查/vn。/wj
尽管/c婴儿/n喝/vg完/vi“/wyz第一/m口/q奶/n”/wyy，/wd会/v否/vg绝对/d产生/v排斥/v母乳/n现象/n，/wd在/p网上/s引起/v一些/mq争议/vn，/wd因为/p很多/m孩子/n是/vshi母乳/n和/cc奶粉/n混/x着/n喝/vg，/wd两者/rzv并/d不/d排斥/v。/wj
但/c问题/n的/ude1关键/n并/cc不/d在/p此/rzs，/wd因为/c即便/c奶粉/n不/d干扰/v今后/t的/ude1母乳/n喂养/v，/wd不/d会/v对/p孩子/n健康/ad产生/v危害/vn，/wd医院/n也/d没有/v权力/n决定/v婴儿/n的/ude1“/wyz第一/m口/q奶/n”/wyy喝/vg什么/ry。/wj
医院/n产房/n一直/d是/vshi奶粉/n企业/n的/ude1营销/vn重点/n，/wd各地/rzs皆/d然/rz。/wj
如果/c奶粉/n企业/n竞争/vn在/p明处/n，/wd对/p确/d有/vyou需要/n的/ude1孩子/n和/cc父母/n来说/uls，/wd并/cc没有/v什么/ry太/d大/a坏处/n。/wj
关键/n是/vshi医院/n不/d能/v参与/v其中/rz，/wd更/d不能/v剥夺/v父母/n自由/ad选择/v的/ude1权利/n。/wj
因为/c有/vyou的/ude1妈妈/n母乳/n充裕/a，/wd根本/d就/d不/d需要/v给/p孩子/n喂/v奶粉/n。/wj
从/p报道/v来看/u，/wd天津/ns部分/n医院/n最/d恶劣/a的/ude1地方/n，/wd就是/d不/d提倡/v母乳/n喂养/v，/wd不/d考虑/v个体/n差异/n，/wd统一/v都/d喂/v奶粉/n，/wd甚至/d禁止/v家属/n自/rr带/v。/wj
这/rzv一/m禁止/v，/wd明显/ad侵犯/v了/ule孩子/n和/cc妈妈/n们/k的/ude1权益/n，/wd同时/c使/v奶粉/n企业/n不/d能/v自由/a竞争/vn，/wd寻/v租/v也/d就/d因/p而/cc发生/v。/wj
所以/c，/wd“/wyz第一/m口/q奶/n”/wyy背后/f的/ude1真正/b问题/n，/wd就/d是/vshi医院/n擅自/d“/wyz扩/vg权/n”/wyy，/wd“/wyz垄断/v”/wyy新生儿/n奶粉/n供应/vn，/wd导致/v了/ule寻/v租/v现象/n。/wj
所谓/v“/wyz第一/m口/q奶/n”/wyy黑幕/n的/ude1最/d大/a警示/vn在于/v——/wp哪里/rys有/vyou权力/n的/ude1滥用/vn、/wn哪里/rys有/vyou“/wyz垄断/v”/wyy，/wd哪里/rys就/d容易/ad产生/v腐败/an。/wj
医院/n扩张/v一点点/m看似/v微不足道/vl的/ude1权力/n，/wd后续/v对/p市场/n的/ude1干扰/vn往往/d就/d难以/d想象/v，/wd同时/c让/v很多/m市场/n主体/n深受/v其/rz害/ng，/wd尤其/d是/vshi孩子/n和/cc父母/n。/wj
相关/vn奶粉/n企业/n使用/v不/d正当/a手法/n将/p奶粉/n打入/v医院/n，/wd涉嫌/v违法/vn违规/vn。/wj
但/c相对而言/c，/wd医院/n的/ude1问题/n和/cc责任/n更/d大/a。/wj
2011年/m国家/n出台/vi《/wkz母乳/n代替品/n销售/vn管理/vn办法/n》/wky，/wd明令/vd禁止/v在/p医院/n向/p产妇/n推销/v、/wn宣传/vn奶粉/n产品/n。/wj
天津/ns部分/n医院/n，/wd不仅/c医生/n、/wn护士/n在/p销售/v提成/vi的/ude1“/wyz激励/v”/wyy下/f，/wd参与/v推销/v奶粉/n，/wd甚至/c强行/d给/p新生儿/n喂养/v各/rz品牌/n奶粉/n，/wd这/rzv是/vshi严重/a的/ude1违规/vn，/wd卫生/an部门/n务/dg要/v尽快/d严查/v。/wj
