日月 当 空 照  终究 是 明月 
 皇上 恐怕 是 第一 次 听 此 歪 诗  这 已经 成 了 最近 京城 市井 最 险 炙 人口 的 歌谣 了 
10． 武 则 天宫 官 白天 内景 武 则 天 与 道士 都行 真 面对面 相 坐  周围 墙上 挂 着 八卦 图  四处 飘 着 画 有 道 答 的 黑色 长 纱 
武则天  （ 看 着 眼前 的 郭行真  笑 ） 没 想到 那个 二十 年 前 并 州 清 平 观 的 小 孤儿  眉清目秀 的 
如今 也 得 道 或 低 了 
郭行真  得 道成仙 不 敢 讲  但 二十 年 潜心 读 经  耳 听 目 染  的确 长大 了 不少  粗略 明 了 些 事理 
武则天  我 是 喝 执业 河水 长大 的  班 里 蕴藏 的 是 并 处 的 禀性  记得 那 年 就 是 全 真 道 长 送 我 入 的 官 
宫中 几十 年 风雨  出门 有 人 抬  八 门 有人 传  耳边 尽 是  千 岁  万岁  的 呼声  鸟声 就 被 冲淡 了  和 家乡 一 起 渐渐 没 了 踪影  梦 一样  只 是 被 人 像 仙 一样 供 着  心里 总 有 些 不安  很 想 做 点 什么  不 知道 这 二十 年 的 所作所为 是否 对得起 道 长 的 一番 语重心长 
是否 对得起 大唐 子 民 的 心思 指望 

武则天 的 语气 逐渐 深沉  心 事 就 沉重 地 流 了 出来 
郭行真  皇后  臣 一路 行 来  眼见 天下太平  人民 安康  家家 夜不闭户  人人 路不拾遗  啸聚 山林 的 响 马 盗贼 尽 被 剿灭 
一路 赏心悦目  无所用心  只 做 了 一 场 清 梦  等 一 睁 眼  就 到 了 长安 
不过  臣 做 的 这 场 大 梦 却 颇为 有趣 
臣 梦见 百 鸟 竟会 人 言  争相 对 我 诉说 他们 的 离 惜别 绪  喜怒哀乐 
我 问 这些 鸟儿  跟 我 说 些 什么 
它们 说  望 真人 在 凤凰 面前 为 我们 美言 
可见 大唐 国运 昌盛  皇后 功不可没 
连 鸟兽 都 知道 您 的 美意  渴望 在 您 的 翅膀 下 得到 庇护 
武则天  （ 笑 ） 你 的 梦 做 得 果真 漂亮 伶俐 
但愿 现实 真 如此  也 就 没 亏待 我 几十 年 的 精 气 神 儿 

武则天 抬 眼  看见 一个 小 太监 站 在 门口  神情 慌张 似 有 话 说 
武则天  你 进来 吧 
小 太监 （ 与 王伏胜 同 在 李治 处 的 ）  轻 步 上前  在 武 则 天 耳边 耳语  武则天 脸色 陡 变  半 天 没 出 声 
武则天  

知道 了  你 下去 吧 
11． 议事 殿 白天 外景 李 治 明显 比 刚才 烦躁 不安  来回 踱步 
李治  就 这么 几 句 狗屁 不通 的 顺口溜  能 把 朝廷 搅 到 哪儿 去 
上官 大人 过虑 了 吧 
上官 仪  那 就 请 皇上 微 服 出 宫  当下 满街 流行 《 病 龙 歌 》  公开 叫嚣 皇后 篡位  连 孩子 都 朗朗上口 
李治  胡闹 
传 我 的 旨  凡 唱 此 歌 传 此 谣 者  杀 无 赦 
上官 仪  皇上  屠杀 百姓 无济于事  这 不 是 个 办法 
这时  老 臣 裴贞 进言 
裴贞  臣 有 一 重要 物证 呈 皇上 过目 
李治 接过 绢 相 
裴贞  皇上 请 看 此 绢 帕 纹理 细腻  经纬 呈 米 字 交叉  是 内务 府 专 供 后宫 的 上等 羽纱  而 所谓 （ 病 龙 歌 ） 文字 粗浅  华 靡 不 实  颇 似 宫内 下流 小调 的 曲 风韵 脚 
李治  这么 说 歌谣 是 由 后宫 炮制  然后 传入 市井 的 
裴贞  皇上 明 察 
您 还 记得 贞 观 末  有 太白星 昼 现  当时 众 星 官 皆 云 钻 ‘ 女 主 昌  的 征兆  民间 又 有 妖 书 （ 秘 记 ） 流传  称 唐三世 之 后  异姓 女王 主 有 天下  当时  长安城 术 上 云集  人人 皆 设 坛 作法  妖言 惑 众 
李治  记 得  不 都 给 杀 了 吗 
当时 城里 一时 血雨腥风  现在 想 起来  还 心有余悸 
[ 手机 电子 书  www 517z com ] 裴贞  您 记得 当时 的 太 史 令 李淳风 进言 说  这 妖 主 已 进入 太 宗 皇帝 的 内 宫  可 不知 为什么 后来 就 没有 追查 下去 
李治  先 帝 认为 那些 低微 的 才 人 富娥 没有 翻天 动 地 的 能量 
上官 仪  可是 今非昔比  对 势 造 人 啊 
如今 城里 又 出现 了 ～
批 妖言 惑 众 的 路 胜 术士  又 抬 起 贞 观 末年 的 老 调子 
李治用 手 抚 颜  看 出 他 的 头 疼痛 又 犯 了 
李治  她 的 性格 家 赋  所作所为 我 都 很 清楚 
可是  这么 多年 的 风风雨雨 患难与共 

装 贞  现在 城中 术 士 再次 云集  无 风 不 起 浪 
上官 仪  这些 妖言 必 有 主 使  否则 成 不 了 这样 的 声势 
李治  亲情 与 社稷  孰 轻轨 重  我 还 是 能够 分清 的 
李治 心中 充满 矛盾  他 对 武则天 的 心情 是 复杂 的  因此 他 难以 决断 
王伏胜  圣上  最近 皇后 那 来 了 个 道 人  神 神秘 秘 的  连 贴身 宫女 太监 都 近 不 了 身  您 看 

李治  （ 轻声 嘟囔 ） 媚 娘 

媚 娘 
你们 要 我 怎么样 

王伏胜  （ 小心 地 ） 您 看 是 察  还是 

李治 终于 爆发 了 
李治  （ 大 喊 ） 去 察 呀 
给 我 察 
他 的 声音 陷入 绝望  随即 更 用力 地 揉 着 双 额 
李治  我 的 头疼 病 最 忌 思虑  这么 多年 的 血亲 相 残  让 我 实在 

你们 应该 体谅 我 的 心思  这 件 事 就 交 给 你们 了  王子 犯法 与 庶民 同 罪  该 怎么样 就 怎么样 吧 
上官 仪  皇上 还是 痛 下 决断 的 好  否则 臣 下 们 更加 为难 
王伏胜 拉 了 拉 上官 仪 的 衣袖 
王伏胜  皇上 的 意思 我们 都 领会 了  一定 不 会 辜负 您 的 信任 
