
皇上 是 偶遇 风寒 
需 静养 数日 

武则天  什么 偶遇 风寒 
每次 叫 你们 来 都 是 偶遇 风寒  哪 有 这样 厉害 的 风寒  昏 过去 这么 久 
说  说实话 
别 那么 吞吞吐吐 的  皇上 得 的 是 什么 病 
御医  皇上 

双目 晦暗  印堂 发 紫  怕 是 
阳气 过 税 伤 了 元气 
我 看 皇上 是 不能 再 有 房 事 了  至少 需 颐养 半 年 
武则天 愤怒 地 通 视 着 躲 在 屋 角儿 抽泣 的 魏国 夫人  目光 寒冷  如 剑 出 鞘 
魏国 夫人 躲避 着 武则天 的 眼睛 
武则天  你 再 说 一 遍  御医 
大声 说 
御医  皇上 双目 晦暗  印堂 发 紫  这 是 典型 的 阳气 耗损  伤 了 元气 
武则天 的 眼睛 始终 没有 离开 魏国 夫人 
众 皇子 鱼 贯 而 入  太平 在 最后  相继 跪倒 在 床 前 
李 治 略微 睁 开 眼睛  倒 过头  眼中 一 片 模糊  只 依稀 辨 得 人形 
李治  （ 银 喀 ） 弘  弘  

弘  儿臣 在 
说 完 向前 跪 了 半 步 
李治用 手 轻 抚 着 弘 的 面庞 
李治  （ 虚弱 ） 弘  你 长大 了  真 的 长大 了 
你 现在 是 太子  做 事 要 有 原则  但 还 要 懂 策略  这 才 是 帝王 之 道 
我 悟 了 一辈子  道理 虽 懂 了 但 还是 不 能 完全 做到  现在 轮 到 你 了  这 李 家 的 宏 基 伟业 怕 是 就 要 落 到 你 的 身上  你 要 好 自 为 之  别 愧对 了 我 的 指望 
李 治 微弱 的 声音 清晰 地 撞击 着 每个 人 的 耳膜 
旁白 贺兰 的 美丽 是 我们 全家 的 敌人 
母亲 常 说  一个 女人  如果 生 得 美若天仙  就 要 时刻 准备 为 此 付出 代价 
它 可以 成为 你 的 财富  但 同时 也 可以 成为 一切 灾祸 的 源泉 
一个 女人 的 天生丽质 从 一 生 下来 就 已经 离 她 远 去  被 上苍 判 给 了 男人 
现在 想来  贺兰 那天 软弱 的 哭声 似乎 已经 提前 为 她 多 灾 的 命运 敲响 了 丧钟 
大明 宫 词 第六 章 旁白  我 父亲 生命 真正 意义 上 的 衰竭 始 自 那 年 在 魏国 夫人 寝 宫 的 台阶 上 黯淡 地 摔倒 
在 以后 的 漫长 时日 里  他 的 心情 一 如 他 脸上 的 神色  阴沉 晦暗 得 仿佛 一 件 被 锈迹 啃 噬 的 前朝 铁器  麻木 沉默 地 应付 着 眼前 流逝 的 时光 
这 大概 也 算是 一 种 毅力 吧 
恰恰相反  母亲 则 像 一 位 精干 的 主妇  在 朝堂 和 后宫 释放 着 她 永不 衰竭 的 饱满 热情 
哥哥 们 仍 在 持续 着 他们 例行 的 聚会  他们 作为 男人 的 成熟 在 我 看来 似乎 仅仅 表现 于 写 在 他们 骄傲 面容 上 的  日益 明显 的 针对 母亲 的 抗拒 
我 则 悄悄 长大  迅速 得 犹如 父亲 衰老 的 速度 
１． 李 治 它 由 天 内 最 紧 闭 的 窗帘 将 这 间 寝室 遮掩 得 幽暗 阴 潮  床 上 的 李治 由于 多 日 未 见 阳光  面目 似乎 有些 臃肿  浮 着 一 脸 病态 的 苍白 
他 仔细 地 看 着 太监 将 滚烫 的 药 在 两 只 碗 里 翻 来 倒 去  似乎 不 愿 漏掉 每 一个 细节 
李治  把 窗帘 打开 吧 
太监  是 
武则天  （ 对 着 王 皇后 嚷 叫 ） 你 胡说  你 不 可能 看见 
不 可能 知道 
王 皇后  我 没 看见  但 神灵 看见 了  神灵 永远 明 鉴  他 永远 会 提醒 你  是 你 亲手 杀死 了 自己 的 女儿 
武则天  （ 用 双手 捂住 耳朵 大 叫 ） 圣上  我 没有 杀死 我 自己 的 女儿 
我 没有 杀死 她  我 没有  我 没有 
武则天  （ 被 噩梦 惊醒  她 嗫 嚅 着 ） 我 没有 

我 没有 

最终  她 睁 开 眼睛  环视 着 在 周围 肃立 的 表情 呆滞 的 太监 们  逐渐 恢复 了 往日 的 端庄 和 威仪 
她 坐 起身 
武 则 天 我 睡 了 多久 
太监 没 多会儿 
武则天 没 多会儿 是 多会儿 呀 
睡 个 觉 都 不 安生  我 好像 做 了 噩梦 吧 
太监 噩梦 伤 身  您 可 得 注意 着 点儿 
武则天  这么 说 你 知道 我 做 了 个 噩梦  你 听见 什么 啦 
太监 我 什么 也 没 听见 
武则天  （ 板 起 面孔 ） 说谎  什么 没 听见  怎么 知道 我 做 了 个 噩梦 
太监  （ 把头 俯 得 更 低 了 ） 奴才 不知  是 皇后 自己 说 的 
武则天  没 听见  那 就是 看见 了  那 更 有意思 了 
太监  奴才 只 看见 皇后 在 床 上 辗转 反 侧 
 武则天  这么 说  你 是 真 的 什么 也 没 听见 
太监  奴才 是 真 的 什么 也 没 听见 
武则天 走 到 窗 前  两 个 太监 赶紧 诚惶诚恐 地 走 过来 扶 她 
她 看 着 窗外 烟雨 迷蒙 的 天空 
武则天  （ 嘟 吹 ） 没 听见  要 你们 的 耳朵 有 什么 用  都 下 去 吧 
望 着 太监 们 战战兢兢 离去 的 背影  武则天 表情 若有所思 
武则天  慢 着 

众 太监 一起 打 了 个 寒战  转 过 身 
武则天  你们 这 群 人 还是 阳气 太 重  呆 头 呆 脑 的 站 在 那儿 伤 我 的 胎气  今 几 个 就 都 走 吧  全 当 放假  从 今儿 起  后宫 只 留 女 官  我 身边  不 需要 男人 伺候 
6． 后宫 长廊 白天 外景 两侧 的 走廊 上 各自 行进 着 一个 奇异 的 队伍 
一 侧 是 老少 混杂  高矮 不一 的 太监 们  另 一 侧 是 服饰 艳丽  悄然无声 的 宫女  他们 时不时 互相 遥望  太监 们 廷 悄悄 地 开 着 不 咸 不 淡 的 玩笑 
７ 后宫 长廊 白天 外景 李 治 面色 疑惑 地 望 着 眼前 默默 行进 着 的 队伍 
他 的 目光 久久 停留 在 宫女 队伍 中 一 位 面目 清秀  然而 大腹便便 的 宫女 身上 
