阵痛 愈演愈烈  她 忍不住 大 叫 起来 
武则天  御医  快  御医  这 回 可能 真 要 生 了 
很快  武 则 天 床 前 站 满 了 呈 扇形 排 开 的 御医 
李治 站 在 人群 之外 焦急 地 向 内 张望 
武则天 痛苦 的 喊声 不时 地 从 里面 传出  终于 一切 又 归于 平静  御医 们 垂 头 丧气 地 站 在 那里 
李治  怎么 了  说话 呀  生 了 没有 

合欢  弘  弘  你 怎么 啦 
一 口 鲜血 如 泉 一样 喷涌 而 出  弘 粹 然 倒 地 
这时  正值 太平 来到 门外  手里 握 着 那 半 把 梳子  惊异 地 目睹 了 这里 发生 的 一切 
太平 尖叫 着  回身 跑 去 
她 凄厉 的 声音 穿透 了 后宫 的 寂静 
太平  来人 呀 
快 来 救 人 呀 
弘 哥哥 死 了 
旁白  弘 的 猝死 始终 是 宫里 的 一个 谜  很多 人 说 是 母亲 害 死 的  就 像 你 听 到 的 那样  然而 我 却 不 相信  而且 永远 也 不 会 相信 
但 死亡  寒冷 的 死亡  却 以 弘 为 形式 第一 次 真切 地 闯入 我 的 视野 
大明 宫 从此 再 也 不 是 我 所 认识 的 那 片 无 牵挂 的 乐土  它 由于 弘 的 灵魂 而 开始 变 得 如 迷宫 一般 含义 深刻  只 有 一 条 路 可以 通向 生存 
大明 宫 词 第七 集 黑暗 中 只有 细雨 伴随 着 一个 凄 郁  舒缓 的 声音 念诵 祭文 
画外音 永 徽 三 年  高宗 皇帝 登基 伊始  万象更新  百废待兴 
恰当 其时 又 喜 得 贵 子  道 取名 弘  以 喻 大唐 之 前程 弘 远 
太庙 中 高 宗 大帝 面对 列祖 列 宗 信誓旦旦  誓 以 呵护 婴儿 之 精细 打 理 社稷 
二十 年 寒暑 春秋  似 水 流 年  如今 国 业 终 如 所 愿  蒸蒸日上  国力 充足 富强  如 婴儿 长成 精壮 少年 
然 人有旦夕祸福  命运 无常  当年 之 婴儿 却 不幸 英 华 早逝  撒手 人 表  于 国事 人气 欣欣向荣 之际 
追 怀 往事  感念 斯 言  悲泣 嚏 咽  难以 自持 
1 宫中 南 道 夜晚 外景 （ 伴随 着 祭文 的 画外音 ） 合欢 身着 孝服  秀发 披散 
本来 生动 的 脸颊 由于 极度 悲伤 而 失去 了 颜色 和 内容  只 一 双 眼 依然 炯炯有神 
他 走 得 沉稳 庄重  全然 不顾 时 缓 时 急 的 雨水 打击 
2． 议事 殿 夜晚 内景 李 治  武则天 及 几 位 老 臣 正 聆听 祭文 
李 治 痛不欲生  双手 掩 面  泪水 纵横  佝偻 着 身体 不住 地 摇头 叹气 
武 则 天 面容 肃穆  与 沉浸 在 悲哀 和 无奈 中 的 众人 相比  倒 展 得 相对 平静 
画外音  当 大地 备 降 甘露  举 国 欢庆 丰收  当 战祸 远去 数 载  百姓 共享 和平  是 什么 像 阴霾 的 天色 笼罩 千万 人 的 心情 
是 什么样 的 哀愁 个 普 天下 沉浸 于 悲痛 
呜呼  皇太子 弘  英年早逝  虽 宏图 未 展  却 一 应 上苍 召唤  追随 永 逝 流星 
皇太子 弘  处理 政务  勤勉 不 辍  通宵达旦  日以继夜 
常 日出 而 眠  浅 梦 未 稳  又 要 为 国 操劳  目 累 月 积  内忧 外 困  终 积劳成疾 

武则天  （ 打断 ） 停 
这 句 不好  拿 掉 它 

李治和 大臣 们 皆 不可思议 地 盯 着 武则天  目光 中 甚至 有 一 丝 愤怒 
武则天  

改 做  太子 虽 身患 恶疾  依然 鞠躬尽瘁  勤勉 不 辍 
繁星 有 知  夜 夜 陪伴 其 孤 灯 只 影  晓 日 无情  朝 朝 打断 其 未 酣 晨 梦 
其 打 理国政 之 诚心 挚 意  情 深意 切  当 感动 天地  如 苍天 有 眼  实 应 补 其 早逝 康健  偿 其 未 尽 长眠 
李治重 又 低头  哭 得 更 伤心 
武则天  加上 了 吗 
继续 

画外音  太子 一生 勤俭  并 以 身 示 则 
常 洞开 府 仓  救济 贫穷 
太子 坚信  仁义 为 治国 之 本  良善 为 做人 守则 
其 随身 之 物  惟 一 卷 （ 尚书 ）  自 弱 冠 之 年 立 太子  终 目 相伴  须臾 不 离  直至 最后 时光  如 忠诚 挚友  默默 相 送 
太子 常 与 近臣 谈及 身为 帝王  应 以 （ 尚书 ） 为 鉴  每日 研 读  当 可 省 身 正 己  感悟 天理 公 义 
当 此 人 神 共 泣 之 时  人 亡 而 书 在  页 页 如 铭文 丰碑  见证 逝 者 之德 

行 

昭 

彰 
这时 合欢 从容 走 入  站 在 门口  脚下 很快 就 积 了 一 摊 雨水 
议事 殿 里 的 视线 都 齐齐 地 投向 他 
合欢 的 目光 牢牢 地 抓住 李治及 武则天  然后 径直 地 走近 
脸上 大无畏 的 神情 震慑 了 所有 人 
卫士 以 手 扶 剑  欲 上前 阻止  武则天 抬 手 止住 
合欢 走 至 近 前  跪下 
合欢  弘 临终 有 一 遗言 托 臣 禀报 二 圣 
武则天  你 是 谁 
合欢  弘 的 书童 合欢 
武则天  

你 不 知道 这 是 朝 堂 圣地  闲杂 人 等 不 可 入 内 吗 
李治  你 就 是 合欢 
合欢 勇敢 地 直视 李 治 的 眼睛  大义凛然 
李治  太子 走 前 说 了 什么 
合欢  太子 说 他 死 得 冤枉  太子 托 我 问 二 圣 一个 问题  为什么 要 他 死  为什么 
沉默 
李治  太子 死 时 你 在 他 身边 
合欢  只有 合欢 ～
人 伴 其 左右 
李治  告诉 我 

当时 的 
情景 
合欢  太子 的 鲜血 沾满 了 前襟  比 狂风 中 即将 凋 残 的 牡丹 还要 哀愁 
太子 的 面孔 无比 苍白  似乎 世事 的 冷酷 无常 令 他 内心 失望 而 彻底 冰冷 
太子 的 眼睛 正视 苍天  好像 有 无穷 的 请问 
悲凉 与 冤情 要 诉诸 神明  太子 的 双手 剧烈 地 抽搐  挣扎  把 我 的 胳膊 抓 动 条条 淤血  仿佛 在 抓住 那 能 挽救 生命 的 稻草  又 似乎 要 抓住 暗中 施 暴 的 黑手 
