3． 太平 南宫 夜晚 内景 太平 在 床 上 辗转 反 侧  终于 惊 坐 起来 
她 惊恐 地 环顾 四周  空无一人  一 片 死 寂 
她 意识 到 刚才 仅仅 是 梦  长 舒 了 一 口 气  继而 真的 伤心 地 抽泣 起来 
太平 突然 觉得 手指 间 资 部 的 不 是 滋味  她 抬 起 手  借 着 月光 观察 着 

太平 发出 一 声 惨烈 的 惊叫  她 看见 自己 的 手上 鲜血 斑斑  身 下 也 已 被 血 浸湿 一 片 
5 温泉 在 晚 外景 ／ 内景 太平 和 衣 浸 在 水中  脸上 头发 都 湿 湿 的  哭 得 依然 很 伤心 
太监  哎哟 公主  您 快 上 来 吧  泡 了 快 半 个 时辰 了  您 要 着 了 病  我 怎么 向 皇后 交代 呀 


这时  武则天 一行 人 疾 行 而 入 
太监  皇后  您 看 公主 就是 不 出来 

太平 远远地 看见 母亲  想 躲  情急 之下 把 头 一 猛 子 扎 进 水 里 
武则天 走 到 池 边  望 着 飘浮 在 水面 上 的 太平 乌黑 的 头发 
武则天  太平  是 我 
我 是 来 祝贺 你 的  你 长大 了  是 个 姑娘 啦  这 让 妈妈 真 的 很 高兴 
6． 水下 夜晚 内景 太平 在 水下 努力 憋 住 气  任凭 母亲 喋喋不休  一串串 气泡 升起 
武则天  （ 瓮 声 瓮 气 的 声音 ） 
每 ～
个 女 人 都 会 有 这 第一 次  妈妈 也 有 过  这 又 不 是 什么 难以启齿 的 事  有 什么 恼 羞 的 呀 
7． 温泉 在 晚 外景 ／ 内景 太平 终于 憋 不 住  蹿 出 水面  大 口 喘 着 粗 气  水 溅 了 侧 坐 在 池 边 的 武 则 天 一 脸 一 身 
太平 望 着 一 脸 慈祥 笑意 的 母亲 
太平  （ 喊 ） 你 也 走  我 再 也 不 愿 见 你 了 
都 是 因为 你  说 我 丑  还 吓唬 我 
武则天  我 什么 时候 说 过 你 丑 啊 
你 是 我 女儿  我 怎么 会 

太平  说 了 说 了  就 刚才 说 的  在 我 梦里 

武则天  （ 饶有 兴味 ） 那 讲 给 我 听听 
太平  你 说 我 难看  说 我 满 脸 都 是 红 疙瘩  让 你 失望 
你  你 还要 杀 我 


武则天 的 脸 一下子 黯淡 下去  笑容 僵滞 在 脸上  内心 的 疼痛 再 一 次 复发 
太平  

你 用 手 掐 住 我 的 脖子  就 这样 

然后 一点 点儿 用 劲儿  还 说 你 那样 是 为 我 好  因为 爱我 

武则天  你 住嘴 
住嘴 
（ 武则天 竭力 使 自己 平静  但 语调 依然 微微 颤抖 ） 
你 

真 是 越来越 没 规矩 了  哪 有 这么 和 我 讲话 的 
这 就是 你 第一 天 长大 送给 我 的 礼物 吗 
太平  （ 委屈 地 ） 我 说 的 是 实话 

武则天  我们 都 走 
你 愿意 待 在 这儿  就 自己 留 在 这儿 吧 
我们 都 走  谁 也 不管 你  你 自己 也 正好 仔细 想想 刚才 说 的 话 
武则天 愤怒 地 站 起 身  带 着 内 侍 们 向 外 走 去 
太平 被 母亲 的 盛怒 吓 傻 了  呆 呆 地 望 着 母亲 走 远  到 了 月亮 门口  武 则 天 止步 
武则天  你 们 留下 几 个 人  远远地 看 着 她  小心 别 出事 
武则天 的 眼里 居然 有 些 模糊 
8  议事 殿 白天 内景 屋 中 上 首 坐 着 李治  武则天  两侧 是 李义甫 及 贤 
气氛 沉闷  三 个 人 的 国 党 都 瞄准 了 武则天  而 她 刚 望 着 窗外 发呆  心 事 很 重 
李义甫  皇后 
 突厥 王朝 雄踞 大唐 北部 边 睡  滋 扰 大唐 是 有 传统 的  从 宋 诚心 归顺 
突厥 虽 国力 无法 与 大唐 相 匹  但 游牧 民族 来去 无 踪  居 无 定 所  无 牵 无 挂  又 精通 游击 战略 
从 太 宗 时代 起 就 为 我国 边 睡 安 睦 的 一 大 隐患  每年 都 要 耗费 朝廷 大量 财力  人力  负担 很 重 
自从 裴行俭 将军 大 破 突厥  已 历时 十四 年 
如今 突厥 人 早已 换 了 主子  新 可汗 阿努 卢术 为 四 皇子  本 与 王位 无缘  但 此人 城府 极 深 又 能言善辩  先 监 国 后 摄政 最终 占 了 王 位 
自 继位 以来  在 国内 大 兴 尚武 之 风  人人 皆 兵  把 全国 的 牧马 皆 驯 成 了 战马  且 训练 了 一 支 强悍 的 军队 
其 野心 和 实力 不可 小视 
突厥 人犯 境 无非 是 贪图 钱财 
他们 对 土地 毫无 兴趣 
如今 天赐良机  他 的 二 皇子 看上 了 公主 的 花 容 月 貌  这 实在 是 大唐 与其 修 好 的 绝 好 时机 
嫁 了 公主 再 送 一 批 贵重 嫁妆  换 来 的 会 是 至少 五十 年 的 安定 和平 
武则天  行 了  我 懂 了 
皇室 之间 联姻 以 图 安定  这 不 是 什么 了不得 的 策略  先人 树 过 不少 成功 典范  只是 突厥 国 穷山恶水  人 多 刁 蛮 生 猛  公主 生性 倔强  怕 是 嫁 过去 受 委屈 
贤  母亲  我 与 突厥 王子 堪称 知己  此人 自幼 长 在 长安  崇拜 大唐 文化  深 识 汉礼  颇 有 教养 
不仅 长 得 英俊 潇洒  且 文韬武略  写 得 一 手 好 诗  还 练 得 一 手 好 字 
我 想 公主 嫁 他  谈 不 上 什么 受 委屈 
武则天  （ 讽刺 ） 听 太子 这么 说 倒 也 轻松  假如 你 是 女儿 身  愿意 嫁 去 那么 遥远 的 地方 吗 
武则天 说 得 意味深长 
贤  母亲 错 了  公主 幸福 与否  也 是 做 哥哥 的 惦念  我 与 太平 从小 一同 长大  情真意切  珍爱 她 毫不 逊 于 珍爱 我 这个 太子 位 
但 我 同时 珍爱 大唐 江山  自 会 权衡 利弊  若 有 两全其美 的 方法 当然 乐不可支 
