严利德  我 是 在 画 一 位 母亲  一 位 与 天下 所有 普通 妈妈 有着 同样 表情 的 温柔 的 母亲  一 位 怀抱 着 新生儿  沉浸 在 欣喜 与 无限 爱意 中 的 尊贵 的 母亲  一 位 有着 比 身后 盛开 的 牡丹 更为 优美 和 令人感动 笑容 的 幸福 的 母亲 
而 作为 一个 四 岁 丧 母  八 岁 丧 父 的 孤独 的 孩子  您 美妙 而 高贵 的 姿态  唤起 了 我 关于 母亲 温暖 而 疏远 的 记忆  我 甚至 确切 地 记 起 我 也 曾经 这样 安逸 地 躺 在 母亲 怀里  体味 安全 和 绵延 的 爱情  我 想 这 就是 公主 此刻 微笑 的 全部 内涵 
唯一 不同 的 是  我 母亲 身后 或许 仅仅 是 塞北 枯黄 的 杂草  以及 在 冷风 中 瑟瑟 抖动 的 几 朵 坚强 绽放 的 百合  然而 比 起 身份 地位 及 贫富 的 悬殊  母爱 是 永恒 的  就 像 那 始终 顽强 地 占据 您 嘴角 的 只 属于 伟大 母亲 的 笑靥 
严利德 的 眼中 泛起 了 泪花  他 真挚 热烈 的 表述  随 风 在 静静的 庭院 中 飘荡 
每 一个 人 都 安静 地 站 在 那里  惟有 春 几乎 啼 嘘 不已 
武则天  （ 默默 地 望 着 他  良久 ） 你 叫 什么 
多 大 了 
严 和 德  臣 严利德  今年 刚 满 十八 
武 则 天 好  从 今天 起  就 留 在 宫里 吧  作 我 的 画师  封五品 

你 画 了 幅 好 画  谢谢 你 
6． 武 则 天 寝 宫 白天 内景 太平 已经 安然 入梦  她 恬静 的 面孔 被 透过 轻 纱 散射 过来 的 阳光 浸泡 得 红润 而 安详  武则天 轻轻 晃动 着 摇篮  她 的 表情 洋溢 着 在 任何 一 位 普通 母亲 脸上 都 常见 的 幸福 关爱 以及 疲惫 的 神情 
她 默默 地 望 着 挂 在 窗 前 的 《 母子 连 心 图 》  半 自语 似的 对 着 侍 立 在 屏风 前 的 春 
武则天  自从 有 了 太平 这 孩子  什么 事情 都 顾 不 上 了  也 不 知道 宫 里 现在 忙 不 忙  皇上 的 头疼 病 好 点 了 没 
皇上 有日子 没 来 过 了 吧 
她 似乎 突然 意识 到 对方 不 会 说话 
武则天 （ 稍 感 歉意 地 ） 你 也 够 累 的 了  先 下去 休息 吧 
你 是 孩子 的 乳母  我 希望 你 像 对待 自己 的 孩子 那样 照顾 她  爱护 她  我 会 记住 你 这 份 情 的  我 想 太平 也 会 
春 的 身体 轻轻 抖动 了 一下  然后 默然 离去 
这时 两 个 太监 抬 着 一 箱 奏折 入 殿  把 奏折 放 在 地上  向 武 则 天 施礼 
武则天  谁 让 你们 拿 来 的 
皇上 的 意思 
李治  是 我 的 意思 
随着 话音  李治 走 进 武则天 的 寝 殿  眉毛 上 还 挂 着 一 丝 柳絮 
武则天  怎么 皇上 今天 这么 早 下 朝 
李治  今天 春光明媚  草木 勃发  我 放假 让 群臣 们 出 城 赏 春 去 了 
武则天  （ 轻 抚 着 刚刚 被 太监 们 堆 在 书案 上 的 奏折 ） 那 皇上 怎么 不 和 群臣 们 同 乐 呢 
李治  （ 拿 起 一 本 奏折  做 阅读 状 ） 朕 还有 许多 政务 要 处理  （ 看 了 一 眼  又 摔 在 桌上 ） 这些 大臣 也 真是 的 
什么 鸡 零 狗 碎 的 事 都 要 让 我 拿 主意  好像 他们 自己 没有 脑子 似的 
这么 多 奏折  让 我 怎么 看 得 过来 
武则天  皇上 是 在 埋怨 我 吧 
李治  我 怎么 会 怪罪 皇后 
你 是 一 国 之 母  每天 为 朕 照料 新 降 世 的 女儿  日以继夜  不辞辛劳  连 奶娘  宫女 的 事情 都 要 亲自 去 做  你 为 我们 大唐 的 公主 呕心沥血  劳苦功高  我 怎么 能 怪罪 你 这样 一 位 贤良 的 母亲 呢 
李治 越 说 越 有 些 愤愤不平 
语气 明显 带有 讽刺 的 意味 
武则天  （ 上 前 把 李治头 上 的 柳絮 摘 下 ） 皇上  我 知道 这些 日子 疏远 了 你  也 疏远 了 国事  但 太平 刚刚 降生  我 怎么 离 得 了 她 呢 
李治 （ 不再 试图 掩饰 ） 媚 娘  我 一直 以为 你 是 一个 深明大义 的 女子  你 那天 在 朝 堂上 的 慷慨陈词  真是 振 古 烁 今  令 人 热血 沸腾  我 一直 以 娶 到 了 你 这样 壮志 不 让 男儿 的 奇 女子 而 深感 庆幸  可 你 现在 怎么 能 沉迷 在 一个 小 女子 的 情怀 中 难以 自拔  而 忘掉 了 身 为 一 国 之 母 应 尽 的 大义 呢 
武 则 天神 情由 柔媚 转为 庄重 
武则天  请问 皇上  什么 是 一个 皇后 应 尽 的 大义 
李 治 口 吃 起来  一时 不 知 应该 怎么 回答 
武 则 天 随手 拿 起 一 奏折  缓缓 打开  看 了 一 眼  放下  又 直视 李 治 
武则天  皇上 可 曾 想 过 一个 母亲 的 心情 
不论 她 是 贵 为 一 国 之 母  还是 普通 如 村姑 农妇  我 想 她 最 深挚 的 渴望 没有 什么 不 民 如果 是 上 无法 理解  就 看 着 这 幅 《 母子 连 心 图 》 
我 想  它 有 可能 帮助 皇上 理解 我 目前 的 心情 
李治 看 着 《 母子 连 心 图 》  一时 语塞  但 他 还 不 甘心 
李治  可 你 对 别的 皇子 也 没有 这么 过分 
武则天  正 因为 感到 欠 他们 的 太 多  才 想到 在 这 最后 一个 女儿 身上 倾注 更 多 的 心血 偿还 
李治 语气 软 下来  有 那么 一点 撒娇 的 色彩 
李治  不管 怎么样  媚 娘  你 得 帮 我 
武则天 坐 在 床 上  同时 用 温柔 的 目光 示意 李 治 坐 在 她 身边 
武则天  皇上  这么 多 年 风风雨雨  我们 相互 扶持 着  也 不知 躲 过 了 多少 惊涛骇浪  现在 天下太平  朝 臣 归心  内 官 安定  您 也 该 树立 一个 资 明 君主 的 威信 了 

李 治 自尊心 明显 地 受到 了 伤害  猛地 甩开 武 则 天 的 手 
