为了 降低 豆渣 的 粒 径 进而 改善 其 口感 ， 罗勇泉 等 利用 酿酒 酵母 对 豆渣 和 苹果 渣 的 混 和 物 进行 固态 发酵 ， 结果 发现 混合 苹果 渣 的 豆渣 经 发酵 后 口感 得到 明显 改善 [ 14 ] 。
有鉴于此 ， 本文 选用 传统 发酵 豆酱 时常 用 的 米 曲霉 和 黑 曲霉 对 新鲜 豆渣 进行 发酵 ， 研究 了 豆渣 发酵 前后 渣 感 、 口感 、 粒度 分布 以及 豆渣 颗粒 的 外部 形态 的 变化 情况 ， 并 通过 对 发酵 豆渣 纤维素 和 半 纤维素 酶 活性 变化 进行 研究 ， 探讨 了 豆渣 发酵 口感 改善 的 原因 。
11. 1 材料 与 方法 材料 新鲜 豆渣 ： 由 北京 王 致 和 食品 集团 有限公司 提供 ， 样品 取 自 王 致 和 腐乳 厂 生产线 ， 含 水 率 为 82. 13% ； 试验 菌种 ： 米 曲霉 ( Aspergillusoryzae3. 951 ) 由 北京市 食品 酿造 研究所 提供 ； 黑 曲霉 ( Aspergillusniger ) ： 本 实验室 保藏 。
1. 2 仪器 与 设备 HZQ - F160 型 恒温 振荡 培养 箱 : 哈尔滨市 东联 电子 技术 开发 有限公司 ； KQ - 600DE 型 数控 超声波 清洗 器 ： 昆山市 超声 仪器 有 第7 期 李艳芳 等 ： 黑 曲霉 和 米 曲霉 发酵 改善 豆渣 口感 限 公司 ； GB60003 - 1985 国家标准 检验 筛 ： 浙江省 虞 市 春 耀 仪器 纱 筛 厂 制造 ； GF20022B 型 鼓风 干燥箱 ： 重庆 银河 试验 仪器 有限公司 SZ×12＋PM10AK 型 数码 显微镜 ： 奥林 巴斯 （ 日本 ） 有限公司 BX5 型 数码 显微镜 ： 奥林 巴斯 （ 中国 ） 有限公司 510M-01 型 多 参数 测定 仪 ： Thermo. Scientifico. Co. Ltd. USAGL - 208 型 高速 冷冻 离心机 ： 上海 安 亭 实验 仪器厂 UVMINI - 1240 型 紫外 分 光 光度计 ： SHIMADZU ， Japan 。
1. 3 试验 方法 1. 3. 1 孢子 悬浮 液 制备 黑 曲霉 、 米 曲霉 孢子 悬浮 液 制备 ： 首先 将 米 曲霉 、 黑 曲霉 分别 在 马铃薯 葡萄糖 琼脂 （ PDA ） 斜面 培养基 上 活化 ， 然后 分别 挑 取 活化 好 的 菌丝 接种 到 装有 麸皮 培养基 的 三 角 瓶 上 进行 扩 培 培养 ， 活化 和 扩 培 条件 均 为 ： 温度 28 ℃ 、 时间 3d 。
最后 向 三 角 瓶 加入 适量 的 质量 分数 为 0. 9% 生理 盐水 ， 振荡 后 ， 用 无 菌 纱布 过滤 ， 将 滤液 收集 到 三 角 瓶 中 并 用 质量 分数 为 0. 9% 的 生理 盐水 稀释 ， 制成 2×107 ～
5×107 个 / mL 孢子 悬浮 液 备 发酵 豆渣 使用 。
1. 3. 2 发酵 豆渣 制备 分别 称 取 130g 新鲜 豆渣 于 1000mL 的 三 角 瓶 中 ， 6 层 纱布 封口 ， 在 121 ℃ 高压 灭菌 锅 内 蒸 煮 20min ， 冷却 至 室温 后 ， 分别 加入 质量 分数 为 1% 黑 曲霉 、 米 曲霉 孢子 悬浮 液 孢子 悬浮 液 ， 以 加入 质量 分数 为 1% 无 菌 水 的 豆渣 作为 对照 （ 未 发酵 豆渣 ） ， 混 匀 后 置于 恒温 恒 湿 培养 箱 培养 10d （ 培养 条件 ： 28 ℃ 、 相对湿度 为 95% ） ， 每 隔 24h 取样 1 次 ， 依次 得到 黑 曲霉 、 米 曲霉 发酵 豆渣 和 未 发酵 豆渣 样品 3 种 样品 。
取样 后 马上 进行 渣 感 、 吞咽 难 易 、 色泽 、 滋味 进行 感官 评定 ， 其他 样品 进行 冷冻 干燥 ， 用以 进行 粒度 分析 、 外观 和 显微镜 观察 、 纤维素 酶 活 和 半 纤维素 活 测定 。
每个 处理 重复 3 次 ， 并 对 不同 培养 时间 的 样品 进行 指标 测定 。
1. 3. 3 主要 测定 指标 首先 对 3 种 发酵 豆渣 样品 进行 渣 感 、 吞咽 难 易 进行 评价 、 对 其 色泽 、 滋味 进行 描述 ； 其次 对 发酵 10d 的 3 种 样品 粒度 分布 进行 统计 、 并 对 豆渣 颗粒 进行 外观 和 显微镜 观察 ； 最后 对 发酵 3d 、 10d 黑 曲霉 和 米 曲霉 发酵 豆渣 的 纤维素 酶 活性 、 半 纤维素 酶 活性 进行 测定 。
1. 4 测定 方法 1. 4. 1 感官 品评 方法 感官 品评 方法 ： 分别 取 豆渣 样品 10g 放 于 盘 中 ， 并 随机 编号 ， 选 20 名 （ 男女 各 半 ， 年龄 20 ～
28 岁 ） 本 研 Table1 表 1 豆渣 感官 评价 评分 标准 Standardsofsensoryevaluationforokara 项目 评价 标准 渣 感 总分 （ 100 分 ） 吞咽 难 易 强 0 ～
20 难 下 咽 总分 （ 100 分 ） 0 ～
20 较 强 > 20 ～
40 较 难 下 咽 > 20 ～
40 中 > 40 ～
60 勉强 下 咽 > 40 ～
60 较 弱 > 60 ～
80 能 下 咽 > 60 ～
80 弱 > 80 ～
100 易 下 咽 > 80 ～
100249 究 室 经过 培训 的 评价 人员 独立 完成 感官 品评 ， 分别 在 感官 品评 室内 对 编号 样品 的 渣 感 、 吞咽 难 易 单独 依据 打分 标准 打分 ， 并 记录 样品 的 色泽 、 滋味 。
具体 评分 标准 如 表 1 所 示 。
1. 4. 2 粒度 分布 测定 豆渣 样品 粒度 分布 测定 采用 湿 式 筛 分 法 [ 15 ] 。
分别 取 10g 发酵 10d 后 豆渣 的 样品 , 置于 加 水 200mL 的 三 角 瓶 中 ， 随后 在 超声波 清洗 器 中 超声 处理 ( 超声 条件 ： 20min ， 50W ， 40kHz ， 水温 45 ℃ ) 促使 颗粒 分散 ( 发酵 豆渣 与 未 发酵 豆渣 均 采用 该 超声 方式 处理 ， 超声 处理 可能 造成 豆渣 颗粒 破碎 的 影响 可 忽略 ) 。
将 超声 处理 后 的 样品 放 于 恒温 振荡 培养 箱 中 于 60 ℃ 、 150r 振荡 4h ， 使 豆渣 颗粒 均匀 分散 后 ， 倒入 依次 叠 好 的 标准 套 筛 中 进行 筛 析 （ 叠 放 次序 由上至下 为 ： 筛 孔 直径 为 2000 、 900 、 450 、 280 、 200 、 30 μ m 标准 检验 筛 ） ， 每 层 标准 筛 用 自来水 冲洗 豆渣 颗粒 5min ， 依次 将 筛 上 未 通过 豆渣 颗粒 分别 转 置于 已经 编号 的 称 量 皿 中 ， 于 烘箱 （ 105±3 ） ℃ 中 烘干 24h 后 称 质量 （ 精确 至 0. 0001g ） ， 并 分别 计算 质量 分数 （ % ） ， 由此 依次 求 出 0 ～
30 、 ﹥ 30 ～
200 、 ﹥ 200 ～
280 、 ﹥ 280 ～
450 、 ﹥ 450 ～
900 、 ﹥ 900 ～
2000 、 ﹥ 2000 μ m 颗粒 质量 分数 （ % ） 。
1. 4. 3 外观 形态 及 显微镜 观察 分别 取 10g 发酵 10d 的 豆渣 样品 , 置于 加 水 200mL 的 三 角 瓶 中 ， 随后 在 超声波 清洗 器 中 超声 处理 20min 。
