老刘 村 和 老 王村 是 两 个 相 临 的 村庄 。
如果 有人 问 老 刘 村 谁 长 得 最 丑 ， 人们 肯定 会 说 是 刘 二 狗 。
如果 有人 问 老 王村 谁 长 得 最 丑 ， 人们 肯定 会 说 是 王 花花 。
刘 二 狗 那 圆圆的 脑袋 上 长 着 一 对 招风 耳 ， 一 双 不 太 对称 的 眼睛 经常 眯 成 一 条 线 ， 细小 的 鼻子 下 躺 着 一 硕大 的 嘴 。
据说 二 狗 同志 有 天 夜里 恁 是 将 一个 小偷 吓 得 当场 晕 死 。
老 王村 的 王 花花 则 是 顶 着 一个 硕大 的 脑壳 ， 脑壳 正中 还 躺 着 颗 大红 痣 ， 大小 还 算 正常 的 鼻子 上 点缀 着 些许 斑斑 点点 ， 不知 什么 原因 嘴角 居然 长 着 些许 胡须 。
不过 她 的 姐姐 王 朵朵 却 是 个 大 美 人 ， 附近 几 个 村庄 的 小伙子 可 都 惦记 着 她 呢 。
刘 二 狗 和 王 花花 当然 都 听说 过 对方 ， 有人 曾 开玩笑 说 将 两 人 撮合 成 一 对 ， 刘 二 狗 的 反应 是 ， 她 丑 的 跟 什么 呢 ， 简直 世上 少 有 ， 要 娶 就 娶 她 姐姐 。
王 花花 的 反应 是 ， 嫁 给 刘 二 狗 ？
我 宁愿 出家 。
话 虽 如此 ， 两 人 现在 居然 真 的 就 结婚 了 ， 到底 怎么 回 事 呢 ， 故事 还 得 从 一年 前 说 起 。
那时 ， 为了 村子 的 发展 ， 每 个 村庄 都 根据 自身 的 条件 搞 起 了 特色 农业 ， 老 王村 因为 有 大 片 的 池塘 ， 所以 就 种 起 了 莲藕 ， 而 老刘 村 则 是 种 起 了 洋葱 。
王 花花 她 是 个 爱 洋葱 如 命 的 人 ， 经常 买 洋葱 有点 难 ， 所以 就 打 起 了 老 刘 村 洋葱 的 主意 。
她 经常 到 老刘 村 的 洋葱 地 附近 转悠 ， 奈何 洋葱 地 每时每刻 都 有 人 看 守 着 ， 她 没 机会 下手 。
有 一 次 正好 被 值班 的 刘 二 狗 看见 ， 看 着 刘 二 狗 冷 着 脸 走 过来 ， 王 花花 有 了 主意 。
“ 刘 二 狗 ， 跟 你 商量 个 事 呗 。 ”
看 着 这个 丑 丫头 ， 刘 二 狗 实在 生 不 出 什么 好感 ， 眉头 一 皱 “ 什么 事 ？ ”
王 花花 嘿嘿 一 笑 “ 只要 你 给 我 几 个 洋葱 我 就 帮 你 约 我 姐姐 ， 怎么样 ？ ”
刘 二 狗 小 眼 精光 顿 现 “ 真 的 ？ ”
王 花花 心中 冷 哼 嘴 上 却 说 “ 当然 真 的 ” 刘 二 狗 二话不说 立马 弄 来 了 一些 洋葱 。
王 花花 看到 洋葱 露 齿 一 笑 ， 这 一 笑 差点 将 刘 二 狗 吓 了 个 跟头 。
王 花花 接过 洋葱 ， 让 刘 二 狗 等 着 消息 便 跑 了 。
刘 二 狗 在 后面 大 叫 “ 每周 二 周 四 我 值班 ， 等 你 消息 哦 。 ”
就 这样 ， 一连 好几 次 ， 每次 刘 二 狗 值班 王 花花 就 过来 蹭 点 洋葱 可 二 狗 同志 却 始终 没 跟 王 朵朵 约 上 。
二 狗 有些 急 了 ， 这 次 趁着 王 花花 又 来 要 洋葱 就 问 了 ： “ 我 已经 给 你 弄 了 不少 洋葱 了 ， 你 姐 到底 啥 时 跟 我 约会 ？
不 会 是 你 在 骗 我 吧 ？ ”
没 想到 王 花花 却 是 突然 抽泣 起来 “ 我 好心 帮 你 你 居然 冤枉 我 … … ”
她 这 一 哭 倒是 弄 得 刘 二 狗 不知所措 ， 没 想到 这 丫头 长 得 这么 残暴 居然 也 是 说 哭 就 哭 。
“ 哎 ， 你 ， 你 别 哭 啊 ， 有 话 好好 说 ， 被 人 看到 多 不 好 啊 。 ”
刘 二 狗 说 完 还 小心翼翼 四 处 看 了 看 。
王 花花 撅 着 嘴 “ 其实 是 我 姐姐 喜欢 吃 洋葱 ， 她 之所以 不 肯 与 你 见面 就 是 想 看看 你 够 不 够 诚意 ， 没 想到 你 这么 快 就 等 不 及 了 。 ”
听说 是 王 朵朵 要 的 洋葱 ， 刘 二 狗 立马 来 了 精神 “ 够 诚意 够 诚意 ” 然后 立马 去 弄 来 了 一些 洋葱 。
王 花花 假装 很 不 高兴 的 接过 洋葱 走 了 。
这样 又 是 一 连 好几 次 ， 刘 二 狗 又 急 了 “ 我 都 弄 了 那么 多 洋葱 了 ， 难道 还 不够 诚意 ？
村里人 已经 发现 洋葱 少 了 很多 ， 要 是 被 他们 发现 是 我 弄 走 的 我 会 被 打 的 大小便 失禁 的 。 ”
王 花花 心中 暗笑 ， 这 丑 人 还 真 想 跟 我 姐姐 约会 呢 ， 要是 我 告诉 他 真相 不知 他 会 不 会 真的 大小便 失禁 。
算 了 ， 还是 告诉 他 真相 吧 。
她 清 了 清 嗓子 “ 三 天 后 晚上 七点 ， 东 柳河 边 。 ”
陡然 间 ， 刘 二 狗 觉得 这个 世界 原来 如此 美好 ， 就 连 眼前 这个 丑 丫头 都 没 那么 丑 了 。
这 一 天 晚上 ， 刘 二 狗 特意 换上 了 一直 舍不得 穿 的 新 衣服 ， 还 将 他 老娘 的 雪花膏 偷偷 抹 了 些 在 脸上 ， 趁 家 人 不 注意 偷偷 溜 了 出去 。
在 洗 碗 的 二 狗 他 娘 看到 二 狗 鬼鬼祟祟 的 样子 心 生 疑惑 ， 便 偷偷 跟 在 他 后面 。
二 狗 哼 着 小曲 来到 了 东 柳 河边 ， 此刻 ， 朦胧 月光 下 正 坐 着 一个 窈窕 身影 。
二 狗 看 着 那个 背影 ， 心头 小 鹿 乱 撞 。
这 不 就是 自己 的 梦 中 女神 么 ， 原来 比 我 还 急 ， 比 我 来 的 还 早 ， 有 戏 ， 有 戏 。
随即 装 腔 道 “ 月亮 圆圆 ， 柳树 青青 ， 晚风 细细 ， 姑娘 美美 ， 如果 能 和 心上人 儿 在 柳风 下 漫步 ， 在 月光 下 牵 手 ， 那 该 是 多么 浪漫 的 事 啊 ！ ”
躲 在 后面 的 二 狗 他 娘 一 听 心中 大喜 “ 咱 家 狗子真 有 才 ， 不愧 是 上 过 几 天 学 的 ， 可 比 他 老爹 强 多 了 ， 看来 这 次 媳妇 有 着落 了 ， 呵呵 。 ”
前面 那 个 靓 影 却 是 心中 一阵 哆嗦 “ 看来 这个 呆子 是 将 我 当成 姐姐 了 ， 干脆 来 戏弄 戏弄 他 。 ”