康熙 三十六年 ， 徐 州府 学子 李 蟠 进 京 赴 试 ， 经 会试 、 复试 、 殿试 ， 三 堂 会考 均 为 魁首 。
殿试 时 ， 康熙 帝 曾 问 以军 政 、 吏治 、 河 防 等 国家 要务 ， 李 蟠 成竹在胸 ， 对 答 如 流 。
不仅 立论 高远 ， 而且 策略 得当 。
圣上 甚 是 欣慰 ， 当即 钦 点 为 一 甲 头名 状元 。
授 翰林 院 编撰 。
蟠 初 及 第 ， 皇 恩 浩荡 ， 上 赐 顶 戴 花 翎 ， 官服 朝 靴 ， 令 其 披 红 戴 花 ， 骑马 巡 街 夸 官 三日 。
一时 间 万人空巷 ， 男女老少 ， 争相 围观 。
真是 数 不 尽 的 春风得意 ， 道 不 完 的 荣 华 显贵 。
他 说 ： “ 俺 家乡 老 人们 常 说 ， 说书 唱戏 如同 放屁 ， 都 是 空穴来风 。
那里 的 故事 就 是 一些 人 胡说八道 满嘴 放炮 ， 吃 柳条 子 拉 粪箕子 ， 肚 里 胡编 乱 造 的 。 ”
此 话 一 出 ， 惹 得 皇上 一阵 大 笑 ， 群臣 也 掩 口 不已 。
康熙 帝 这 才 转 怒 为 喜 ， 可 又 一 想 此事 总 得 有 个 说法 ， 不然 何以 平息 众怒 。
不 如 先 将 他 流放 ， 以后 瞅 个 机会 再 将 其 召回 朝 也 就是 了 。
圣上 念 他 学 富 五 车 ， 才高八斗 ， 是 难得 的 人才 ， 有些 想 偏 私 他 。
另外 也 想 借机 试试 他 的 心胸 有 无 自知之明 。
就 背着 群臣 问 他 ， 若 遭 贬 愿 去 何方 。
李 蟠 恋 着 家 有 老母 发妻 娇 儿 ， 不 想 远 走 他乡 。
可 又 明知 此 念 只 可 默想 ， 不 能 言 明 。
自己 现在 是 朝廷 罪 臣 ， 应 罚 到 穷乡僻壤 ， 边关 要塞 或 蛮 夷 之 地 。
不 像 那些 功成名就 衣锦还乡 之 人 ， 怎 好 言 明 本意 。
但 皇上 既然 问及 此事 ， 自己 就 得 禀明 。
关键 是 如何 才 能 找到 一个 既 如 人 愿 又 能 交代 过去 的 理由 。
李 蟠 何许人也 ， 素 以 机敏 过人 着 称 。
那 思维 快 如 闪电 ， 应变 疾 如 迅 风 。
脑 弯 儿 一 转悠 ， 便 计 上 心 来 。
只见 他 先 颂扬 康熙 帝 一番 ， 趁 皇上 被 恭维 的 晕乎乎 之际 ， 然后 启 奏 说 ： “ 罪 臣 不 敢 随便 挑肥拣瘦 ， 又 怕 辜负 圣上 一 片 好意 ， 故 思来想去 还 是 将 罪 臣 贬 到 远离 京城 的 黑石峡 吧 。 ”
康熙 帝 一 听 黑石峡 三 字 ， 心想 此处 肯定 是 荒山野岭 鲜有 人烟 的 蛮荒 之 地 。
这 正 和 朕 意 ， 一来 朕 对 天下 人 有 了 个 交代 。
二 来 自己 也 好 掩 住 群臣 的 口 。
李 蟠 啊 李 蟠 ， 这 件 事 算 你 还 知道 进退 ， 没 敢 在 朕 的 面前 造次 。
看 起来 此 子 果然 智慧 超群 ， 是 可 造 之 材 ， 如 有 机会 他日 一定 再 作 启用 。
于是 下 旨 将 待 罪 之 臣 李 蟠 贬 至 黑石峡 ， 无 旨意 不可 进 京 ， 不 可 还 朝 。
李 蟠 自 解 甲 归来 后 ， 闭 门 修 性 ， 足不出户 。
一心 侍奉 高 堂 ， 逗弄 娇 儿 。
与 贤 妻 花 前 月 后 卿卿我我 ， 与 三五 好友 茶余饭后 吟诗 作 赋 ， 日常 醉心 于 书林 砚池 ， 闲 来 也 赏玩 一些 花鸟 鱼虫 。
日子 过 得 倒 也 舒坦 。
人 说 ， 无 官 一身 轻 ， 此 话 不 假 。
大 丈夫 在 朝 当 鞠躬尽瘁 精 忠 报国 ， 在野 应 闲 云 野 鹤 清心寡欲 。
此时 的 李 蟠 过 着 的 是 神仙 般 的 日子 。
贵人 多 忘 事 ， 何况 康熙 帝 日理万机 ， 朝野 臣子 众多 ， 哪 能 一个 一 个 都 顾及 的 过来 。
李 蟠 此 一 贬 就 是 七八年 下去 了 。
无人过问 倒 也 清闲 了 他 ， 成就 了 他 的 文墨 。
这 段时间 他 的 大 作 《 偶然 集 》 、 《 根庵 文集 》 和 一些 诗词 歌赋 奠定 了 他 在 文坛 上 的 地位 ， 墨宝 《 白燕 十 首 》 享誉 书法 界 ， 被 篆刻 ， 被 摹写 ， 流传 甚 广 。
康熙 四十六年 皇上 第六 次 南巡 时 ， 途径 徐州 。
当时 陪同 皇上 南巡 的 三 部 尚书 ， 文华 殿 大学士 张 鹏 翮 听 知府 说 李 蟠 隐居 在 此 。
而且 明日 要 在 黑石峡 的 家中 宴请 宾朋 好友 和 当地 名流 。
第二 天 张 大 人 就 约 了 皇上 微 服 便装 去 了 地处 云 龙山 东坡 的 黑石峡 。
李 蟠 的 寓所 在 黑石峡 下 。
背 靠 云 龙山 ， 面向 黄河 河套 ， 门前 曲径通幽 。
门 旁 竹 海 摇曳 。
院门 朝 东 ， 门楼 简约 而 气派 。
几 间 西屋 高大 宽敞 ， 南北 耳房 座 列 有序 ， 院内 有 几 棵 大树 枝繁叶茂 郁郁 青青 。
的确 是 个 隐居 静 修 的 好 地方 。
康熙 帝 问 张爱卿 此处 为何 人 所 居 ， 张大人 还 没 来 及 回答 ， 就 听到 院内 传来 主人 一阵 爽朗 的 笑声 和 其 接待 客人 的 寒暄 声 。
皇上 听说 话人 的 口音 耳熟能详 ， 可 一时 又 想 不 起来 到底 是 谁 。
及至 看 了 大门 上 的 楹联 后 ， 才 恍然大悟 。
只见 那 上联 写 的 是 ： 风 清 月 朗 松涛 迎宾 客 。
下联 是 ： 鸟语花香 竹 海 宴 挚友 。
再 看 横批 竟然 是 ： 黑 石 峡 安乐 谷 。
康熙 帝 一 想当年 发配 李 蟠 的 地方 不 就 是 黑石峡 么 ， 莫非 此处 就 是 他 请求 被 贬 的 地方 ？
皇上 用 疑问 的 眼光 看 了 张 大人 一 眼 ， 张 大人 点头 默认 。
康熙 帝 心 话 ， 好 你 个 李 蟠 ， 竟然 巧 借 地名 糊 弄 朕 ， 躲 到 这里 享 起 清福 来 了 ， 看 我 待 会 怎么 收拾 你 。
可 又 一 想 ， 他 当年 说 的 是 就 是 这个 地名 ， 又 没 骗 朕 ， 怎 好 定 他 欺 君 之 罪 呢 。
再说 这 事 要 怪 也 只 能 怪 自己 当时 没 问 清 黑 石 峡 地处 何 州 何 县 ， 咋 个 情况 ， 以致 被 这 厮 讨 了 个 巧 ， 捡 了 个 大 便宜 。
其实 一般 的 君主 都 喜欢 能 说 善 辩 的 人 ， 为此 历代 才 有 那么 多 巧 嘴 簧 舌 的 说客 出入 于 朝廷 之上 ， 往来 于 达官贵人 之间 。