当然 ， 防止 留守 儿童 溺 亡 的 最 有效 方式 ， 就是 让 孩子 到 家长 身边 。
暑假 临近 ， 但 留守 儿童 只 有 小 部分 能 到 城里 跟 父母 短暂 团聚 。
一 项 针对 600 名 留守 儿童 的 调查 显示 ， 42. 9% 的 留守 儿童 从来 没有 随 父母 在 城里 生活 过 。
城市 的 教育 、 生活 成本 相对 较 高 ， 但是 部分 地区 仍然 存在 的 户籍 壁垒 、 高额 入 校 赞助费 ， 是 孩子 进城 更 大 的 限制 因素 。
取消 各种 壁垒 ， 让 孩子 尽可能 生活 在 进城 打工 的 父母 身边 ， 既 可以 解除 农民工 的 后顾之忧 ， 也 能 给 留守 儿童 更 好 的 监护 环境 。
7. 一 座 城市 对 流浪者 的 态度 ， 标示 这 座 城市 的 文明 程度 繁华 闹市 ， 我们 常 会 看到 行乞 者 。
他们 的 出现 会 引起 同情 ， 场景 转换 后 却 可能 再 不 相 干 。
然而 ， 对 这样 一个 存在 于 社会 边缘 的 流浪 行乞 人群 ， 社会 管理者 却 不 能 漠视 。
日前 ， 《 深圳 经济特区 社会 救助 条例 》 向 公众 征求 意见 ， 其中 对 流浪 乞讨 人员 “ 分类 救助 ” 引来 关注 ， “ 以 乞讨 为 职业 的 流浪 乞讨 人员 ” 被 单独 列 出 。
这种 法规 层面 上 的 细化 和 改进 ， 体现 出 一定 的 制度 善意 ， 也 让 人们 对 这 一 群体 的 境遇 改变 有 了 更 多 期待 。
不过 ， 制度 善意 也 体现 在 制度 的 不断 合理化 中 。
怎样 算是 职业 行乞 ？
如何 进行 合理 救助 ？
需要 更 明确 的 标准 、 更 合理 的 规范 和 更 精细 的 措施 ， 才 能 避免 在 服务 、 管理 和 救助 过程 中 出现 随意性 甚至 造成 “ 被 强制 ” 。
尽管 广州 相关 部门 声称 ， 天桥 底下 为 防止 流浪者 留宿 而 密布 的 水泥 锥 建 于 10 多 年 前 ， 但 也 让 人 感受 持续 的 “ 空间 挤压 ” ； 而 深圳 罗湖区 城管 可能 因 管区 内 出现 流浪 乞讨 人员 而 被 问 责 ， 也 同样 让 人 产生 “ 负面 联想 ” 。
如何 让 制度 在 执行 中 不 走样 ， 也 是 善意 落实 时 需要 面对 的 问题 。
不可 否认 ， 流浪 乞讨 人员 会 影响 城市 形象 ， 也 会 给 市民 生活 造成 一定 负面 影响 ， 一些 “ 恶意 行乞 者 ” 背后 还 可能 隐匿 着 犯罪 ， 但 这些 都 不 应 成为 在 管理 中 粗暴 执法 的 借口 。
毕竟 ， 救助 是 为了 保障 最 弱势 者 的 权利 ， 管理 也 是 为了 让 整体 的 社会 福利 最大化 。
正 因 此 ， 无论是 制度 设计 还 是 具体 执行 ， 理应 以 对 流浪 乞讨 人员 的 “ 善意 ” 为 出发点 ， 哪怕 是 对 职业 行乞 者 。
在 日本 东京 ， 一些 公园 里 还 有 专 为 流浪者 搭 设 的 帐篷 。
一 座 城市 对 流浪者 的 态度 ， 标志 着 这 座 城市 的 文明 程度 。
无论是 制度 设计 还是 制度 执行 ， 都 有 一个 导向 问题 。
强制 救助 收容 的 制度 ， 不 可能 导向 一个 尊重 包括 流浪 乞讨 者 在内 的 每个 人 权利 的 社会 ； 而 围观 “ 犀利 哥 ” 时 的 集体 狂欢 ， 同样 能 在 轻视 甚至 敌视 流浪 乞讨 者 的 管理 方式 中 找到 根源 。
有 句 苏格兰 名言 说 ， 善意 是 连结 社会 的 锁链 。
只有 更 多 诸如 “ 分类 救助 ” 的 制度 ， 释放 出 更 强大 的 善意 ， 才 能 形成 包容 、 尊重 行乞 者 的 社会 氛围 ， 也 才 能 凝结 广泛 社会 共识 。
我们 的 社会 需要 从 法规 建设 、 社会 保障 和 精神 关怀 等 多 个 层面 ， 充分 展示 善意 ， 消解 让 流浪 乞讨 人群 渐 多 的 社会 土壤 。
也 需要 采取 更加 细化 、 人性化 的 方法 ， 发挥 政府 与 社会 共同 救助 的 力量 。
唯 如此 ， 才 可能 使 城市 拥有 关怀 的 温度 。
8. 近期 各地 楼市 回暖 ， 楼市 各方 由 观望 进入 预期 不 稳定 阶段 。
不少 市民 开始 纠结 ， 现在 是否 应该 出手 ： 不 买 ， 毕竟 有 2009年 的 教训 ， 担心 以后 可能 更 买 不 起 ； 买房 ， 则 要 耗尽 几 代 人 的 积蓄 、 承担 巨大 的 房 贷 压力 。
预期 的 不 稳定 ， 主要 表现 在 两 个 方面 ： 一 是 房价 是否 还 会 涨 ， 二 是 政府 的 调控 政策 是否 会 放松 。
表面 上 看 ， 这 两 个 问题 似乎 都 有 确定 的 答案 ， 但 深究 起来 则 没有 那么 简单 。
首先 ， 从 普通 百姓 的 收入 水平 、 租金 与 房价 的 关系 等 方面 来 看 ， 中国 房价 确实 已 没有 多少 上涨 空间 。
然而 ， 中国 人 对 住房 有 着 太 多 的 复杂 感情 ， 住房 本身 亦 承载 了 太 多 “ 中国 特色 ” 的 附加 功能 （ 结婚 、 生育 、 教育 、 医疗 、 生活 环境 、 城乡 身份 和 社区 管理 等 ） ， 购房 并 不 完全 是 一个 经济 问题 ， 几 代 人 “ 拼 一 套 房 ” 并非 罕见 。
第二 ， 中央 对于 房地产 调控 的 政策 是 明确 的 、 态度 是 坚决 的 。
不过 ， 房地产 行业 牵扯 甚 广 ， 在 经济 面临 下行 风险 、 地方 债务 风险 上升 的 情况 下 ， 调控 政策 也 面临 越来越 大 的 地方 压力 。
商品房 是 地方 政府 的 重要 财源 、 保障 房 则 是 地方 政府 的 财政 负担 ， 以 行政 命令 的 方式 让 它们 少 取 多 予 ， 不仅 缺乏 “ 物质 刺激 ” ， 而且 会 诱发 其 “ 阴 奉 阳 违 ” ， 使得 政策 走样 ， 缺乏 可持续性 。
在 这种 情况 下 ， 即使 中央 态度 坚决 ， 但 人们 难免 心 存 疑虑 ： 具体 的 调控 措施 ， 毕竟 是 地方 政府 说了算 。
人们 的 房价 预期 和 政策 预期 具有 天生 的 不 稳定性 ， 近期 经济 下行 隐忧 和 政策 放松 信号 ， 进一步 放大 了 预期 的 不 稳定 ， 目前 的 楼市 异 动 或许 就 是 一个 表现 。
应该 承认 ， 在 中央 “ 稳 房价 ” 、 建 保障 房 等 要求 下 ， 各地 政府 出台 的 一 系列 政策 措施 是 必要 的 ， 也 取得 了 明显 成效 。
但 也 应该 承认 ， 它们 确实 带有 “ 权 宜 ” 的 特点 ， 缺乏 相对 完善 的 长效 机制 。
楼市 近期 “ 异 动 ” 和 预期 不 稳定 ， 同 政策 的 这种 权 宜 性质 不无关系 。
比如 ， “ 限 购 ” “ 限 贷 ” 带有 临时 性质 ， 谁 也 不 知道 会 持续 到 什么 时候 ， 也 不 知道 取消 限 购 后 ， 房价 会 否 发生 报复 性 上涨 ； 再 比如 ， 保障 房 建设 目标 ， 毕竟 带有 一定 的 指令 色彩 ， 缺乏 稳定 的 长效 机制 。
