不久前 ， 陕西 医生 贩卖 婴儿 的 新闻 ， 让 世人 大为 震惊 。
这次 的 “ 第一 口 奶 ” 事件 ， 虽然 不 如 卖 婴 恶劣 ， 但 对 医院 产科 的 形象 同样 是 重创 。
母乳 喂养 的 好处 早 有 共识 ， 国家 卫生 部门 也 一直 提倡 母乳 喂养 。
医生 和 护士 却 为了 利益 ， 违背 职业道德 ， 把 婴儿 的 “ 第一 口 奶 ” 做成 了 肮脏 的 交易 。
被 操纵 的 “ 第一 口 奶 ” 或许 不 会 伤害 孩子 身体 ， 公众 却 难以 接受 。
孩子 一 出生 喝 的 第一 口 奶 就 混 杂 了 不道德 的 杂质 。
看到 孩子 喝 的 第一 口 奶 ， 就 被 非法 、 灰色 的 商业 利益 玷污 ， 再 联想 到 三 聚氰胺 等 既往 问题 ， 人们 难免 不安 ： 今后 婴孩 成长 的 路上 ， 会 有 多少 无 良 险关 等 在 前方 ？
尽管 ， 婴儿 并 不 知道 第一 口 奶 背后 的 “ 肮脏 ” ， 但是 ， 面对 那些 稚嫩 、 纯洁 的 生命 ， 我们 又 如何 能够 心安理得 ？
□ 敬 一 山 （ 媒体 人 ） ﻿ 以 信息 公开 化解 公众 “ 转基因 焦虑 ” 2013-09-1702:30:21 新 京 报 关于 转基因 食品 的 信息 越 多 ， 越 透明 ， 越 能 让 公众 对于 这个 问题 ， 有 个 理性 的 认识 ， 从而 消除 恐慌 。
■ 社论 近日 ， 来自 山东 、 安徽 、 广东 、 湖北 的 12 名 律师 向 国家 食品 药品 监督管理 总局 和 农业部 提交 申请 ， 请求 公开 转基因 食品 相关 信息 。
农业部 已 对 此 作出 答复 ， 并 在 官方网站 公开 了 3 种 转基因 大豆 的 安全 评价 资料 ， 但 相关 律师 认为 对于 答复 并 不 满意 。
昨日 人民日报 公布 了 一 份 获 批 转基因 食品 名单 ， 澄清 市 售 圣 女 果 、 彩 椒 、 小 南瓜 、 小 黄瓜 等 都 不 是 转基因 食品 。
在 公众 舆论 的 追问 下 ， 转基因 食品 的 真相 正在 浮 出 水面 。
显然 根据 相关 资料 看 ， 一些 转基因 食品 不 安全 的 结论 ， 目前 尚 无 严谨 的 科学研究 证明 ， 而且 转基因 食品 对于 人们 日常 饮食 的 “ 侵入 ” ， 比 许多 人 想象 的 规模 要 小 。
所以 关于 转基因 食品 的 信息 越 多 、 越 透明 ， 越 能 让 公众 对于 这个 问题 有 理性 的 认识 ， 从而 消除 恐慌 。
这次 相关 部门 在 转基因 食品 管理 上 加强 了 信息 公开 ， 这 是 一个 良好 的 开始 。
但是 就 公众 知情 权 的 保障 而言 ， 目前 信息 公开 力度 仍然 不 够 。
许多 媒体 和 公众 关心 的 问题 ， 仍然 需要 更 详尽 的 说明 。
例如 ， 农业部 公开 了 3 种 转基因 大豆 的 安全 评价 资料 ， 相信 这样 的 安全 评价 还有 更 多 。
据悉 ， 国内 已 批准 安全 证书 的 转基因 作物 有 棉花 、 水稻 、 玉米 和 番木瓜 ， 这些 作物 的 安全 评价 同样 应该 公 之 于 众 。
再 如 ， 这 次 律师 在 信息 公开 申请 中 提出 了 转基因 生物 标识 的 制度 落实 问题 。
此前 媒体 曾 报道 ， 国内 市场 出售 的 木瓜 许多 均 为 转基因 ， 一些 豆制品 原料 用 的 是 转基因 大豆 ， 但是 这些 食品 在 出售 时 ， 都 未 按规定 进行 标识 （ 据 《 羊城 晚报 》 ） 。
为何 这 一 现象 会 长期 存在 ， 相关 部门 是否 怠 于 执法 ， 这个 问题 同样 不 能 回避 。
此外 ， 转基因 水稻 目前 并 未 获准 进行 商业化 种植 ， 但 《 中国 新闻 周刊 》 等 媒体 曾 报道 ， 在 国内 一些 地方 ， 转基因 稻种 违规 扩散 。
欧盟 此前 曾 通报 ， 18 批次 在 中国 出口 欧盟 的 大米 制品 中 查获 “ 非法 转基因 ” 。
那么 转基因 水稻 扩散 真实 情况 到底 如何 ， 会 有 怎样 的 影响 ， 相关 部门 拿 出 了 什么 对策 ， 这些 都 是 公众 所 关心 的 。
转基因 技术 由于 涉及 复杂 的 专业 知识 ， 公众 对 于 其 安全性 的 担忧 ， 实 属 正常 。
关键 在于 ， 相关 政府部门 要 通过 详细 的 信息 披露 和 不断 的 政策 说服 ， 给 公众 一个 信服 的 理由 。
而且 一 种 转基因 食品 即便 被 论证 为 安全 而 获得 批准 ， 但 消费者 也 有 拒绝 的 权利 。
所以 ， 政府 应 在 转基因 标识 问题 上 加大 执行 力度 ， 保障 消费者 的 知情 权 和 选择 权 。
只有 在 更加 信息 透明 的 环境 下 ， 转基因 食品 的 推广 才 能 确保 安全 ， 不至于 引起 误解 和 争议 。
珠海 7 精神病 患 ： 走 丢 还是 被 遗弃 ？
2013-09-1302:30:14 新 京 报 这 7 名 精神病 患 在 与 护士 分开 后 ， 在 原地 等候 。
若 护送 者 有心 寻 人 ， 又 怎 会 找 不 到 人 ？
“ 忘 了 报警 ” 的 说法 ， 未免 太 过 牵强 。
■ 社论 据 报道 ， 9月 10日 下午 ， 珠海 7 名 精神病 患 在 东莞 南城 汽车站 扒 垃圾桶 、 抢 人 食物 ， 疑 遭 遗弃 。
她们 自称 被 香 洲 某 医院 护士 护送 回家 ， 到 东莞 后 ， 护士 就 不 见 了 。
11日 ， 东莞 警方 找 到 她们 就诊 的 医院 ， 院方 否认 遗弃 病 患 ， 只 承认 医护 人员 工作 失误 ， 不慎 与 她们 走散 。
11日 晚上 ， 珠海 卫生局 发 通 稿 称 ， 当事人 已 被 停职 。
精神病 患 流 离 ， 只能 滞留 车站 ， 确实 堪忧 ： 她们 缺乏 自理 能力 ， 若 无 人 安置 ， 就 很 可能 流落 街头 ， 生存 步履维艰 。
精神病 患 心智 失控 、 暴力 伤 人 的 案 例 ， 也 屡 有 发生 。
基于 此 ， 这 7 名 病 患 的 厄 境 ， 备受 舆论 关切 。
涉 事 院方 称 ， 7 名 精神病 患 系 “ 走 丢 ” ， 带队 护士 多次 寻找 未遂 ， 慌忙 之下 ， 忘 了 报警 。
究 其 意图 ， 或是 撇 清 “ 遗弃 病 患 ” 的 嫌疑 。
可 诡谲 的 是 ， 这 7 人 在 与 护士 分开 后 ， 并 未 离开 候车 大厅 ， 而是 原 地 等候 。
若 护送 者 有心 寻 人 ， 又 怎 会 找 不 到 人 ？
即便 “ 集体 走散 说 ” 属实 ， 护士 也 可 报警 ， 可 两 名 护士 与 院方 领导 ， 都 无 报警 记录 。
难怪 院方 “ 忘 了 报警 ” 的 说法 ， 被 舆论 认为 “ 太 过 牵强 ” 。
在 定论 未 出来 之前 ， 不宜 妄 断 案 情 。
但 这 难 阻 合理 推测 ： 护士 失踪 ， 果真 只是 偶然 ， 而 非 故意 ？
若 属 后者 ， 医院 遗弃 患者 ， 非但 背离 了 医德 伦理 ， 更 有 违 人性 ； 而 拿 “ 忘 了 ” 等 言辞 敷衍塞责 ， 也 当 遭 谴责 。
