观众/n朋友/n，/wd我/rr现在/t是/vshi在/p福州市/ns的/ude1五四/m北/f路/n。/wj
那么/c，/wd我/rr身后/f的/ude1这/rzv条/q大街/n就是/v“/wyz龙/n王/nr1”/wyy台风/n到来/vi的/ude1时候/n，/wd给/p福州市/ns造成/v内涝/vi，/wd受灾/vi最/d严重/a的/ude1地方/n之一/rz。/wj
经过/p几/m天/qt的/ude1排水/vn和/cc清/a瘀/x，/wd目前/t像/p这样/rzv严重/a受灾/vn地区/n的/ude1积水/n都/d已经/d排/v了/ule出去/vf，/wd清/tg污/ng工作/vn还/d在/p进行/vx当中/f。/wj
那么/c，/wd一度/d中断/v的/ude1城市/n电力/n现在/t也/d在/p逐渐/d恢复/v。/wj
预计/v在/p明/tg后/f天/qt，/wd福州/ns市区/s的/ude1生产/vn和/cc生活/vn秩序/n能够/v恢复正常/n。/wj
解/v说/v：/wm五四/m路/n是/vshi福州市/ns繁华/a的/ude1商业街/n，/wd也/d是/vshi受灾/vi最/d严重/a的/ude1地方/n。/wj
尽管/c这里/rzs的/ude1一些/mq商场/n和/cc酒店/n已经/d陆续/d开门/vi营业/vi，/wd但是/c灾/n后/f的/ude1清扫/vn和/cc恢复工作/n还/d在/p进行/vx当中/f。/wj
记者/n：/wm一/m层/qv现在/t还/d有/vyou水/n。/wj
李青/nr(/wkz福州/ns某/rz大酒店/n副/b总经理/n)/wky：/wm一/m层上面/n还有/v一些/mq水/n，/wd现在/t在/p清理/v淤泥/n，/wd这/rzv下面/f有/vyou汽车/n大概/d十/m辆/q左右/m。/wj
记者/n：/wm这里/rzs是/vshi福州/ns市区/s一/m个/q居民楼/n的/ude1地下/s车库/n，/wd那么/c这个/rz地下/s车库/n一共/d有/vyou三/m层/qv，/wd现在/t我/rr是/vshi在/p地下/s的/ude1二/m层/qv。/wj
目前/t，/wd由于/c抽水/vi进展/vi的/ude1比较/d快/a，/wd地下/s二/m层/qv的/ude1水/n基本上/d被/pbei抽/v干/v了/y，/wd但是/c地下/s三/m层/qv现在/t还有/v二三十/m厘米/q左右/m的/ude1水/n。/wj
当时/t洪水/n来/u的/ude1时候/n，/wd三/m层/qv的/ude1地下/s车库/n全部/m被/pbei水/n淹没/v了/y。/wj
舒新民/nr(/wkz福州市/ns某/rz物业/n管理/vn有限公司/n经理/n)/wky：/wm这/rzv是/vshi一/m辆/q大/a奔/v，/wd(/wkz还有/v)/wky宝马/nz的/ude1车/n昨天/t拖/v了/ule两/m辆/q，/wd还/d有些/rz好/a车/n也/d拖/v(/wkz走/v)/wky了/y，/wd那边/rzs还有/v一/m辆/q别/d克/q。/wj
记者/n：/wm由于/c受灾/vi的/ude1区域/n主要/d集中/v在/p福州市/ns的/ude1闹市区/n，/wd地下/s建筑物/n的/ude1浸水/v情况/n尤其/d严重/a。/wj
目前/t市区/s的/ude1救灾/vn工作/vn主要/d是/vshi抽取/v地/n库/n里/f的/ude1积水/n。/wj
李翔/nr(/wkz福建省/ns经济/n贸易/vn委员会/n能源/n处/q助理/n调研员/n)/wky：/wm这/rzv次/qv我们/rr福建省/ns经贸委/n大概/d组织/v了/ule5000/m立方米/q的/ude1抽水/vn力量/n，/wd大概/d(/wkz抽水机/n的/ude1)/wky台数/n有/vyou将近/d40/m台/q左右/m，/wd分布/vi在/p各个/rz地区/n。/wj
解/v说/v：/wm这/rzv次/qv给/p福州市/ns造成/v重大/a经济损失/n的/ude1水灾/n是/vshi由/p今年/t第19/m号/q台风/n“/wyz龙/n王/nr1”/wyy造成/v的/ude1。/wj
2005年/m10月/t2/b号/n晚上/t，/wd台风/n在/p福建/ns登陆/vi，/wd福州市/ns遭受/v了/ule有/vyou记载/n以来/f最/d强/a的/ude1一/m次/qv短时/a强/a降雨/vn。/wj
杨志英/nr(/wkz福建省/ns人民政府/nl防汛/vn抗旱/vn指挥部/n副/b总指挥/n)/wky：/wm最/d大/a的/ude1一/m小时/q降雨量/n达到/v了/ule118/m毫米/q，/wd三/m小时/n的/ude1降雨量/n达到/v了/ule276/m毫米/q，/wd从/p频率/n上/f统计/v都/d超过/v一百年/m一/m遇/v。/wj
解/v说/v：/wm台风/n带来/v的/ude1强/a降雨/vn使/v福州市/ns的/ude1城区/n洪水/n成灾/vi，/wd市区/s八/m平方公里/q的/ude1范围/n内/f变成/v一片汪洋/nl。/wj
当天/t晚上/t交通/n、/wn电力/n、/wn供水/vi全部/m中断/v，/wd回想/v起/vf当时/t的/ude1情况/n，/wd在/p福州市/ns居住/v多年/mq的/ude1任/v坦礼/nrf老人/n至今/d心有余悸/vl。/wj
任/v坦/b礼/n(/wkz福州/ns市民/n)/wky：/wm这/rzv一/m次/qv，/wd这/rzv是/vshi我们/rr福州/ns(/wkz百年/m)/wky以来/f城区/n淹/v得/ude3最/d严重/a，/wd也/d是/vshi第一/m次/qv看到/v这/rzv样子/n。/wj
我们/rr就/d很/d担心/v了/y，/wd我们/rr水电/n都/d不/d通/v了/y。/wj
解/v说/v：/wm灾情/n发生/v后/f，/wd福建省/ns和/cc福州市/ns立即/d实施/v紧急/ad预/d案/x，/wd省/n市/n主要/b领导/n到/v防汛/vn抗旱/vn指挥部/n坐镇/v指挥/vn，/wd相关/vn单位/n的/ude1干部/n和/cc工作人员/n立即/d取消/v了/ule国庆/t休假/vi，/wd按/p岗/n到位/vi参与/v到/v抗洪/vn救灾/vn之中/f。/wj
卢展工/nr(/wkz中/f共/d福建/ns省委/n书记/n)/wky：/wm为了/p人民/n的/ude1安全/an，/wd为了/p老百姓/n能/v过/uguo一个/mq好/a的/ude1国庆/n。/wj
解/v说/v：/wm洪水/n到来/vi时/ng，/wd福州市/ns区/n内/f的/ude1积水/n最/d深/a处/n达到/v了/ule1./m9/vyou米/q，/wd许多/m群众/n被/pbei困/vi。/wj
驻/v福州/ns地区/n的/ude1部队/n和/cc武警/n官兵/n这时/rzt首要/b的/ude1任务/n就是/d救人/vi。/wj
刘孙键/nr(/wkz福州市/ns公安/n消防/b支队/n支队长/n)/wky：/wm10月/t2/b号/n晚上/t，/wd我们/rr从/p八点/m开始/v部队/n就/d全部/m进入/v抢险/vn救灾/vn(/wkz现场/s)/wky。/wj
那么/c，/wd那天/t晚上/t到/v第二/m天/qt早上/t八点/m，/wd我们/rr总/d共/d派出/v96/m辆/q消防车/n，/wd10/n艘/q冲锋/vn舟/n，/wd400/m多/m名/q干警/n到/v福州市/ns各个/rz地方/n，/wd只要/c有/vyou险情/n的/ude1地方/n，/wd只要/c有/vyou群众/n报警/vi的/ude1地方/n，/wd我们/rr都/d挺身而出/vl，/wd救/v出/vf1116/m名/q群众/n。/wj
消防/b官兵/n：/wm慢/a一点/m，/wd慢/a一点/m，/wd船/n屁股/n向/p下/f。/wj
不/d急/v，/wd转/v个/q身/ng。/wj
解/v说/v：/wm为了/p寻找/v被/pbei困/vi群众/n，/wd消防/b官兵/n在/p市区/s一/m处/q一/m处/q艰难/a的/ude1搜索/vn。/wj
涂颜淼/nr(/wkz福州市/ns公安/n消防/b支队/n特/ag勤/a大队/n二/m中队/n)/wky：/wm流/v下来/vf的/ude1水/n很/d急/v，/wd划/v不/d动/v，/wd然后/c我们/rr四/m个/q人/n就/d跳/vi到/v水/n里/f去/vf，/wd那个/rz水位/n几乎/d达到/v喉咙/n了/y，/wd就/d露/v一/m个/q头/n在/p外面/f，/wd我们/rr的/ude1手/n抓/v在/p(/wkz道路/n)/wky旁边/f的/ude1和/cc中间/f的/ude1护栏/n，/wd马路/n的/ude1护栏/n，/wd手/n抓/v在/p那里/rzs，/wd一/m把/pba一把抓/v过去/vf(/wkz前进/vi)/wky。/wj
(/wkz搜/v救/v现场/s)/wky群众/n：/wm她/rr没有/v衣服/n穿/v了/y。/wj
消防/b官兵/n：/wm来/f，/wd把/pba老人/n家/q抬/v上/vf船/n。/wj
上面/f坐/v好/a，/wd坐/v这边/rzs，/wd坐/v这边/rzs，/wd这边/rzs来/f，/wd这边/rzs来/f，/wd全部/m都/d过来/vf，/wd小/a孩儿/n坐/v这/rzv，/wd往/p前/f坐/v，/wd坐/v这边/rzs，/wd坐/v那边/rzs，/wd两边/f全部/m一样/uyy，/wd不/d要/v全部/m坐/v一边/f。/wj
涂颜淼/nr：/wm我们/rr去/vf救援/v的/ude1人/n从来/d都/d没/v上/vf船/n，/wd因为/c我们/rr少/v上/vf一个/mq人/n，/wd他/rr就/d多/ad坐/v一/m个/q人/n，/wd多/ad救/v一个/mq人/n，/wd我们/rr就/d是/vshi说/v人/n跳/vi到/v水/n里/f，/wd都/d是/vshi徒步走/n过来/vf。/wj
