我/rr现在/t是/vshi在/p中国/ns与/p哈萨克斯坦/nsf交界/vi的/ude1新疆/ns伊犁/ns霍尔果斯/ns口岸/n，/wd这里/rzs也/d是/vshi西气东/nr输/v二/m线/q工程/n的/ude1首/m站/q所在地/n。/wj
来自/v中亚/ns的/ude1天然气/n就是/v从/p这里/rzs源源不断/vl地/ude2输送/v到/v我国/n境内/s。/wj
预计/v到/p今年底/t这项/r工程/n将/d投产/vi通气/vi。/wj
届时/d这项/r被/pbei称之为/v“/wyz万/m里/q国/n脉/ng”/wyy的/ude1管道/n工程/n，/wd每年/r将/d为/v我国/n输送/v300亿/m立方米/q的/ude1天然气/n资源/n。/wj
”/wyy“/wyz截至/v到/p今天/t，/wd应该/v说/v西/b气/n东/f输/v二线/n西端/f，/wd我们/rr说/v霍尔果斯/ns到/v中卫/n到/v陕西/ns的/ude1靖边/ns联络线/n，/wd我们/rr实际/a的/ude1焊接/vn长度/n已经/d超过/v1700/m公里/q，/wd按照/p这个/rz进度/n，/wd第一/m段/q是/vshi霍尔果斯/ns到/v中卫/n到/v陕西/ns的/ude1靖边/ns，/wd是/vshi2009/m的/ude112月/t31/m号/q投产/vi。/wj
”/wyy西气东/nr输/v二/m线/q工程/n西/f起/vf新疆/ns霍尔果斯/ns口岸/n，/wd南/f至/p广州/ns，/wd东/f达/v上海/ns，/wd途经/v新疆/ns、/wn甘肃/ns、/wn江西/ns、/wn江苏/ns等/udeng14/m个/q省/n区/n市/n，/wd管道/n主干线/n和/cc八/m条/q支/q干线/n全长/n9102/m公里/q，/wd这/rzv是/vshi我国/n第一/m次/qv从/p海外/s引入/v天然气/n气/n源/ng并/cc横贯/v国内/s多/m个/q省市/n的/ude1重要/a天然气/n管道/n。/wj
与/p西气东/nr输/v二/m线/q工程/n相连/vi的/ude1中亚/ns天然气/n管道/n起/vf自/p土库曼斯坦/nsf，/wd途经/v乌兹别克斯坦/nsf、/wn哈萨克斯坦/nsf，/wd最终/d在/p新疆/ns霍尔果斯/ns口岸/n与/p西气东/nr输/v二线/n衔接/vi。/wj
两/m条/q管道/n总/b长度约/n1/a万/m公里/q，/wd是/vshi迄今为止/dl世界/n上/f距离/n最/d长/a、/wn等级/n最高/a的/ude1油气/n输送/v管道/n。/wj
“/wyz我/rr现在/t是/vshi在/p宁夏/ns的/ude1中卫市/ns，/wd这里/rzs是/vshi西气东/nr输/v二/m线/q东/f段/q和/cc西/f段/q的/ude1分/qt界限/n。/wj
除此之外/al，/wd这里/rzs还/d是/vshi西气东/nr输/v工程/n一/m线/n和/cc二/m线/q的/ude1碰头/vn处/n，/wd您/rr看/v我/rr身边/s就/d是/vshi黄河/ns，/wd不远处/s那/rzv条/q黄色/n的/ude1管道/n就/d是/vshi一/m线/q跨越/v黄河/ns的/ude1输气/vn管/v，/wd而/cc在/p上游/f一/m公里/q处/n，/wd就/d是/vshi二/m线/q穿越/v黄河/ns的/ude1隧道/n。/wj
到/p目前/t为止/u，/wd隧道/n已经/d贯通/vi，/wd正在/d进行/vx安装/vn前/f的/ude1清理/vn工作/vn。/wj
”/wyy记者/n进入/v中卫/ns黄河/ns隧道/n，/wd虽然/c这里/rzs已经/d修建/v了/ule平整/a的/ude1台阶/n，/wd但是/c人/n走/v上/f去/vf还/d是/vshi感觉/n到/v一/m股/q强大/a的/ude1推力/n，/wd工作人员/n告诉/v我们/rr，/wd这/rzv是/vshi因为/p隧道/n两/m头/q的/ude1坡度/n都/d很/d大/a。/wj
“/wyz一边/d有/vyou25/m度/qv坡度/n，/wd一边/d有/vyou20/m度/qv坡度/n，/wd高/a差/a大概/d有/vyou150/m多/m米/q。/wj
”/wyy不仅如此/bl，/wd西气东/nr输/v二/m线/q宁夏/ns陕西/ns段/ng还/d经过/v了/ule9/vyou条/q地震/n断裂带/n，/wd穿越/v8/a条/q高速/b、/wn3/n条/q铁路/n，/wd施工/vn难度/n非常/d大/a。/wj
不过/c让/v施工/vn单位/n欣慰/a的/ude1是/vshi，/wd无论是/c沿线/f的/ude1地方/n政府/n还/d是/vshi老百姓/n，/wd都/d给/p工程建设/n提供/v了/ule最/d大/a的/ude1支持/vn。/wj
“/wyz这个/rz项目/n在/p宁夏/ns560/m公里/q，/wd每/rz公里/q一千/m多/m万/m，/wd在/p宁夏/ns总/b投资/vn可能/n达到/v100/m多/m亿/m，/wd可以/v拉动/v相关/vn行业/n的/ude1投资/vn300亿/m到/v400亿/m，/wd对于/p我们/rr宁夏/ns来说/uls主要/d是/vshi一些/mq水泥/n、/wn石料/n，/wd还有/v就业/vn方面/n肯定/d是/vshi作用/n很/d大/a的/ude1。/wj
”/wyy宁夏/ns发/v改/v委/ng能源/n处处/d长/a马坚/nr介绍/v，/wd西气东/nr输/v二/m线/q经过/p宁夏/ns2/n个/q市/n、/wn8/a个/q县/n，/wd建成/v后/f将/d解决/v中南部/f贫困/a地区/n居民/n的/ude1生活/vn用/p气/n，/wd对于/p保护/v当地/s原本/d脆弱/a的/ude1生态/n环境/n、/wn带动/v经济/n发展/vn都/d有/vyou重要/a意义/n。/wj
采访/v中/b记者/n发现/v，/wd西气东/nr输/v二/m线/q让/v很多/m返乡/vi农民工/n找到/v了/ule收入/n更/d高/a的/ude1新/a工作/vn。/wj
“/wyz我/rr在/p我们/rr本县/r打工/vi、/wn湖北/ns武汉/ns，/wd一/m个/q月/n收入/n1500/m、/wn1600/m，/wd现在/t在/p这个/rz地方/n是/vshi2000/m多/m元/q。/wj
”/wyy在/p西/b气/n东/f输/v二/m线/q工程/n江西/ns段/q记者/n也/d发现/v，/wd铺设/v管道/n需要/v的/ude1特殊/a水泥/n管片/n，/wd也/d让/v沿线/f的/ude1管片/n厂/n得到/v了/ule前所未有/vl的/ude1大/a订单/n。/wj
“/wyz每/rz一/m环/q是/vshi需要/v水泥/n2./m8/a方/q，/wd钢材/n480/m公斤/q，/wd咱们/rr还有/v一/m个/q配套/a的/ude1管片/n厂/n，/wd都/d是/vshi属地化/vn用工/vn。/wj
”/wyy刘广仁/nr说/v的/ude1管片/n厂/n就/d建/v在/p距离/n工地/n不/d到/v两/m公里/q的/ude1瑞昌市/ns朱/nr1湖/n村/n，/wd这里/rzs专门/d为/v穿/v江/nr1隧道/n工程/n生产/vn水泥/n管片/n，/wd虽然/c由于/p天气/n原因/n，/wd水泥/n管片/n已经/d停止/v生产/vn，/wd但/c从/p工厂/n里/f堆积/v的/ude1这些/rz管片/n不难/d看出/v工厂/n生产/vn的/ude1红火/a场面/n。/wj
朱湖村/nr的/ude1负责人/n告诉/v记者/n，/wd生产/v管片/n用/v的/ude1水泥/n都/d是/vshi当地/s产/v的/ude1，/wd不仅如此/bl，/wd今年/t下半年/t以来/f，/wd村里/n很多/m曾经/d在/p外地/s打工/vi的/ude1村民/n都/d来到/v这个/rz厂/n里/f上班/vi，/wd仅/d此/rzs一/m项/q就/d给/p村里/n带来/v不/d小/a的/ude1收入/n。/wj
“/wyz我们/rr村/n在/p这/rzv的/ude1有/vyou五六十/m人/n，/wd他们/rr每个/r月/n的/ude1工资/n大概/d就/d在/p1700/m到/v1800/m元/q，/wd这/rzv要/v在/p外地/s工厂/n上班/vi要/v两三年/m的/ude1工龄/n才/d能/v拿/v到/v，/wd我们/rr村/n大概/d有/vyou3300/m人/n，/wd他们/rr的/ude1收入/n的/ude1工资/n等/udeng于/p市/n拉动/v了/ule人均收入/n提高/v了/ule300/m块/q钱/n。/wj
”/wyy这里/rzs是/vshi长江/ns九江/ns段/ng，/wd预计/v到/v2010年/m4月/t底/f，/wd我/rr身后/f一/m条/q长/a2600/m米/q的/ude1隧道/n将/d会/v在/p江/nr1底/n全线/n贯通/vi，/wd进入/v油气/n管线/n的/ude1铺设/vn阶段/n，/wd而/cc到/v2011年/m底/f，/wd西气东/nr输/v二/m线/q8000/m公里/q的/ude1管线/n铺设/v将/p全部/m完成/v，/wd这/rzv将/d给/v沿线/f的/ude1钢铁/n企业/n开/v出/vf一/m笔/q多/a大/a的/ude1订单/n呢/y？/ww
“/wyz应该/v说/v我们/rr在/p价格/n和/cc技术/n上/f都/d有/vyou优势/n，/wd国外/s目前/t还/d没有/v哪个/ry工厂/n能/v提供/v西/b气/n东/f输/v的/ude1二/m线/q工程/n的/ude1用料/n。/wj
2250/m，/wd大/a的/ude1工程/n对/p国内/s钢管/n制造业/n技术水平/n的/ude1提升/vn和/cc促进/v的/ude1作用/n。/wj
”/wyy“/wyz西气东/nr输/v二/m线/q投资/n1420亿/m元/q，/wd更/d重要/a的/ude1是/vshi，/wd我们/rr西/b气/n东/f输/v二/m线/n所/usuo采用/v的/ude1高/a钢/n级/q的/ude1钢材/n，/wd一些/mq主要/b的/ude1设备/n配件/n，/wd都/d实现/v了/ule国产化/vn，/wd这样/rzv应该/v说/v这些/rz投资/n可以/v完全/ad在/p国内/s来/vf实现/v。/wj
