明/ag大军/n：/wm你/rr好/a，/wd水/n均/d益/vg你/rr好/a。/wj
主持人/n：/wm我/rr看/v这个/rz画面/n，/wd你/rr今天/t的/ude1身后/f似乎/d到/v现在/t为止/u已经/d是/vshi冷清/a了/ule许多/m，/wd跟/p昨天/t的/ude1样子/n完全/ad是/vshi一个/mq反差/n。/wj
能/v不能/v给/p我们/rr介绍/v一下/mq，/wd现在/t巴勒斯坦/nsf的/ude1情况/n怎么样/ryv？/ww
人们/n是/vshi一个/mq什么样/ryv的/ude1心态/n？/ww
有/vyou没/d有/vyou一/m种/q阿拉法特/nrf走/v了/ule以后/f，/wd人去楼空/vl的/ude1感觉/n呢/y？/ww
明/ag大军/n：/wm确实/ad是/vshi这样/rzv的/ude1，/wd这个/rz地方/n，/wd我/rr现在/t所在/n的/ude1地方/n就/d是/vshi阿拉法特/nrf的/ude1官邸/n，/wd我们/rr已经/d进入/v了/ule阿拉法特/nrf的/ude1官邸/n内/f了/y，/wd观众/n朋友/n们/k可/v能/v看到/v了/ule我/rr身后/f，/wd人员/n已经/d全部/m离开/v，/wd现在/t整个/b官邸/n也/d向/p对外开放/vl了/y，/wd现在/t周围/f的/ude1观众/n和/cc记者/n都/d已经/d纷纷/d地/ude2离开/v了/y，/wd现在/t附近/f的/ude1记者/n也/d不/d太/d多/a了/y。/wj
现在/t，/wd整个/b阿拉伯/nsf市民/n，/wd因为/c是/vshi进入/v斋月/t吧/y，/wd现在/t相对/d地/ude2比较/d平静/a，/wd现在/t，/wd我们/rr在/p这个/rz官邸/n里面/f曾经/d是/vshi里/f三/m层/qv外/f三/m层/qv围/v着/uzhe世界/n各国/rzs的/ude1记者/n，/wd现在/t记者/n已经/d纷纷/d离开/v，/wd但是/c我/rr相信/v世界/n各国/rzs的/ude1媒体/n和/cc世界/n各国/rzs人民/n对/p巴勒斯坦/nsf人民/n，/wd对/p巴勒斯坦/nsf这块/r土地/n，/wd对/p中东/ns这块/r多灾多难/vl、/wn纷争/n不断/d的/ude1土地/n关注/v是/vshi始终/d不/d会/v变/v的/ude1，/wd我/rr也/d相信/v就是/v阿拉法特/nrf的/ude1离开/v并/cc不/d意味着/v阿拉法特/nrf事业/n的/ude1结束/vn。/wj
主持人/n：/wm明/ag大军/n，/wd我们/rr知道/v阿拉法特/nrf原来/d一直/d不/d愿意/v离开/v，/wd因为/p以色列/nsf也/d威胁/v过/uguo，/wd如果/c他/rr一旦/d离开/v，/wd他/rr现在/t在/p拉马拉/nrf的/ude1总部/n以后/f，/wd他/rr再/d也/d别/d想/v回来/v，/wd那么/c我们/rr最后/f得到/v的/ude1消息/n，/wd消息/n上/f说/v，/wd由于/p巴勒斯坦/nsf方面/n和/cc以色列/nsf，/wd特别/d是/vshi库赖/nrf总理/n和/cc以色列/nsf总理/n沙龙/n进行/vx了/ule一番/mq交涉/v之后/f，/wd得到/v了/ule以色列/nsf的/ude1一/m种/q承诺/vn，/wd就是说/c将来/t会/v允许/v阿拉法/nrf特/d回来/v的/ude1，/wd具体/a的/ude1情况/n，/wd你/rr那/rzv还/d掌握/v其他/rzv的/ude1一些/mq情况/n吗/y？/ww
明/ag大军/n：/wm现在/t是/vshi这样/rzv，/wd根据/p巴勒斯坦/nsf官方/n的/ude1一个/mq透露/v，/wd他们/rr在/p此/rzs之前/f，/wd和/cc美国/nsf和/cc欧/b美/b以及/cc世界/n各国/rzs都/d进行/vx了/ule一些/mq交涉/vn，/wd就是/d要求/v世界/n各国/rzs敦促/v以色列/nsf给/p阿拉法/nrf特/d发放/v一/m个/q“/wyz返程/n机票/n”/wyy，/wd现在/t以色列/nsf方面/n已经/d给予/vx了/ule这个/rz“/wyz返程/n机票/n”/wyy，/wd但是/c现在/t人们/n也/d担心/v，/wd随着/p时间/n的/ude1推移/vn，/wd随着/p以/b巴/b局势/n的/ude1发展/vn，/wd到/v了/ule阿拉法特/nrf真/a的/ude1那天/r能/v回来/v的/ude1时候/n，/wd以色列/nsf这/rzv张/q“/wyz反/vi返程/v票/n”/wyy是否/v有效/a，/wd还是/c一个/mq很/d大/a的/ude1问题/n，/wd有的/rz巴勒斯坦/nsf人/n也/d担心/v过/vf了/ule一/m段/q以后/f，/wd可能/v以色列/nsf将/d会/v以/p各种/rz的/ude1借口/n就是说/c收回/v这些/rz返程/n票/n。/wj
但是/c我/rr觉得/v就是/v在/p目前/t的/ude1情况/n下/f来/vf看/v，/wd以色列/nsf方面/n在/p阿拉法特/nrf问题/n上/f，/wd在/p阻止/v阿拉/r法/n特/ag回来/v上/f的/ude1问题/n上/f没有/d实际/a的/ude1意义/n，/wd没有/v他/rr必须/d这么/rz做/v的/ude1意义/n，/wd但是/c人们/n的/ude1这个/rz担心/v还是/c有/vyou的/ude1。/wj
主持人/n：/wm好/a的/ude1，/wd明/ag大军/n，/wd最后/f一个/mq问题/n，/wd就/d是/vshi目前/t你/rr了解/v的/ude1情况/n，/wd谁/ry现在/t在/p管理/v巴勒斯坦/nsf的/ude1事务/n，/wd就是说/c谁/ry现在/t实际上/d在/p行使/v阿拉法特/nrf原来/b的/ude1行使/v的/ude1这样/rzv一个/mq权力/n呢/y？/ww
明/ag大军/n据/p我们/rr的/ude1了解/vn，/wd阿拉法特/nrf走/v了/ule以后/f，/wd阿拉法特/nrf这个/rz总统府/n还/d在/p，/wd阿拉法特他/nrf的/ude1机构/n还/d在/p，/wd机构/n并/cc没有/d撤销/v，/wd阿拉法特/nrf走/v了/ule以后/f，/wd也/d没有/d任命/v他/rr的/ude1接替/vn者/k，/wd也/d有/vyou的/ude1报道/n说/v，/wd阿拉法特/nrf这/rzv次/qv到/v巴黎/nsf去/vf治病/vi，/wd可能/v也/d只/d有/vyou两/m周/qt的/ude1时间/n。/wj
从/p目前/t来/f看/v，/wd据/p我们/rr目前/t所/usuo了解/v的/ude1情况/n，/wd现在/t就/d是/vshi由/p库赖/nrf，/wd由/p巴勒斯坦/nsf的/ude1立法/vn委员会/n和/ccPOO/x的/ude1这些/rz机构/n的/ude1联合/vn的/ude1分散/a，/wd把/pba权力/n分散/a地/ude2给/v这些/rz各个/rz机构/n中间/f去/vf了/y，/wd再/d也/d有/vyou报道/v说/v，/wd现在/t的/ude1巴勒斯坦/nsf的/ude1前/f总理/n就/d是/vshi阿/b巴斯/nsf，/wd现在/t可能/v也/d掌握/v了/ule一些/mq权力/n，/wd这样/rzv他/rr到底/d能/v不能/v接任/v阿拉法特/nrf的/ude1职位/n，/wd现在/t目前/t还/d难以/d说/v，/wd因为/p现在/t阿拉法特/nrf还/d没有/d真正/d地/ude2退出/v巴勒斯坦/nsf的/ude1政治/n。/wj
主持人/n：/wm好/a的/ude1，/wd非常/d感谢/v您/rr从/p拉马拉/nrf发/v回/v的/ude1报道/n，/wd再次/d感谢/v新华社/nt记者/n明/ag大军/n。/wj
我们/rr知道/v在/p根据/p我们/rr前/f一/m段时间/n新闻/n的/ude1报道/n，/wd阿拉法特/nrf的/ude1飞机/n实际上/d在/p北京/ns时间/n大概/d两/m个/q小时/n以前/f已经/d到/v了/ule法国/nsf巴黎/nsf，/wd而且/c很快/d，/wd从/p机场/n又/d用/v一个/mq小型/b的/ude1直升机/n又/d已经/d把/pba他/rr运/v到/v了/ule在/p巴黎/nsf东南/f的/ude1巴黎/nsf郊区/s的/ude1一个/mq贝尔/nz西/b军事/n医院/n来/vf接受/v检查/vn和/cc治疗/vn。/wj
我们/rr现在/t就/d来/vf连线/n一下/mq我们/rr中央电视台/nt驻/v法国/nsf首都/n巴黎/nsf的/ude1记者/n李宾/nr，/wd请/v他/rr来/vf给/v我们/rr的/ude1介绍/v一下/mq情况/n。/wj
李宾/nr你好/vl。/wj
李宾/nr：/wm你/rr好/a水/n均/ag益/ng。/wj
主持人/n：/wm我/rr知道/v你/rr刚才/t从/p机场/n迎接/v阿拉法特/nrf，/wd而且/c也/d一直/d在/p跟踪/v这个/rz情况/n，/wd我/rr要/v告诉/v的/ude1就是/v我们/rr现在/t和/cc观众/n朋友/n一起/s来/vf看/v一下/mq这个/rz画面/n就是/d通过/v卫生/an传送/v的/ude1，/wd这/rzv就是/v阿拉法特/nrf的/ude1下/f塌/v的/ude1医院/n的/ude1门口/s，/wd我们/rr看到/v有/vyou很多/m人/n，/wd包括/v一些/mq记者/n也/d在/p现场/s。/wj
李宾/nr，/wd我/rr知道/v这/rzv就/d是/vshi现在/t的/ude1画面/n，/wd我/rr知道/v你/rr刚才/t也/d去/vf了/ule医院/n，/wd能/v我们/rr谈/v一下/mq阿拉法特/nrf到/v了/ule巴黎/nsf和/cc到/v医院/n，/wd你/rr的/ude1观感/n吗/y？/ww
李宾/nr：/wm好/a的/ude1，/wd我/rr先/d说/v他/rr抵达/v的/ude1情况/n吧/y。/wj
我/rr确实/ad是/vshi在/p军用/b机场/n的/ude1门口/s等候/v阿拉法特/nrf的/ude1到来/vn，/wd但是/c很/d遗憾/a的/ude1时候/n没有/d看到/v阿拉法特/nrf走/v下/vf悬梯/n，/wd因为/p阿拉法特/nrf抵达/v的/ude1那个/rz叫/vi军用/b机场/n的/ude1名字/n叫/vi维/ng利兹/nsf，/wd它/rr是/vshi法国/nsf巴黎/nsf的/ude1西南/s郊/ng大概/d15/m公里/q的/ude1军用/b机场/n，/wd这个/rz机场/n，/wd记者/n和/cc一般/a的/ude1人/n都/d是/vshi不/d让/v进去/vf的/ude1，/wd我们/rr只能/v在/p外面/f等候/v，/wd当时/t阿拉法特/nrf的/ude1医疗/n专机/n抵达/v的/ude1时间/n是/vshi当地/s时间/n的/ude1下午/t一点/m半/m，/wd也/d就/d是/vshi北京/ns时间/n晚上/t的/ude17点/t半/m，/wd大概/d两/m个/q小时/n以前/f吧/y。/wj
