一月 一 光  一月 一 光  也 不 存 
商店 也 都 是 活跃 
现在 大小 的 商店  生活 得  收入  都 好  都 活跃 
每个 商店 的 这个  职工 吧  就是说  收入 也 挺 高 
过去 那阵子 商店 那 是  可 了不得  啊 
由 那 掌柜 的 吧 那 是  哈  就是 这个  种种 的 什么  就 限制 
现在 商店 好 
现在 的 商店 这个  服务员 儿  态度 也 好 
总 的 说 起来  他们 生活 也 好 
现在 商店 每 一个 什么  都 是  奖金 都 是  几 十 块  商店 
过去 哪儿 有 啊 
过去 商店  你 买卖 做 得 再 好  都 是 个人 的  都 是 那 掌柜 个人 儿 的  啊 
掌柜 的 这 收入  赚 了 一百 块 钱  掌柜 得 九十 
剩 那 十 块 钱  跟 这 商店 的 伙计 你们 大伙儿 分 
现在 不 是 这样 儿 啊  是 不 是 
市场 也 多  市场 也 多 
嗬  这个  货物 也 多  货 也 多 了 
您 说 现在 这个  就 这个 自由市场  卖 什么 都 有 
鲜菜 鲜菜  鱼  虾  都 有 
反正 是  您 多 花 点儿 钱 儿 吧  啊 
您 想 买 什么 都 有 啊 
结果 你 多 花 的 钱 呢  你 收入 还 多 了 呢  一个 样  是 啊  活跃 市面 儿 嘛 
文化 娱乐 也 好 啊  文化 娱乐 
你 看  现在  过去 很多 的 那个  京剧 呀  很多 的 不 叫 唱  京剧 
这 老人 儿 爱 看 京剧 
京剧 很多 的 不 不 叫 唱 
拿 昨天 我 听 那  四郎探母   过去 不 叫 唱 
过去 还 有 这个 这个  旧 戏   勒马湖   哈  这 都 旧 旧 京剧  都 不 叫 唱 
还 一 种 就 是  也 属于 迷信 吧   探 阴山   包公 啊  哎  夜里 这 什么  灵魂  到 阴山 去 笑 
哎  现在 就 是 唱  唱 叫 你 听 着 哎  哎  有意思 
别 什么  那 阵 儿  说是  探 阴山  属于 迷信  不许 唱 
 四郎探母  那 四 郎 到 那 什么  属于 叛徒  啊  里通外国 啦  啊  四 郎 是不是 
在 北国 又 上 南国 去 了  又 又 见 他 母亲 去 了  又 跟 他 母亲 难舍难离 的 是 不 是 
那 阵 儿  后 首 儿 是 分析 这 京剧 都 这么 什么 了 
所以 这 京剧 种种 的  每 一 出 戏  京剧 都 有 什么  都 有 问题 
结果  通过 阶级 分析  是 不 是 啊 
他 不 是 那个  他 没 靠 着 这个  娱乐 的 这 方面 儿 他  考虑 
用 阶级 一分 析 呀  那 简直 地 是 
反正 不 能 忘掉 阶级 反正  肯定 的 这 点儿 
什么 事 不 能 阶级 都 分析 
你 说 做 小 生意 的  吆喝  吆喝 一 声  吆 唤 错 了  也 拿 这 阶级 分析 去  你 说 是 吧 
所以 人 闹 得 人 哪  都 都 不 敢 迈步  哈 
嗯  每 办 一 件 事  前 思 后 想  顾虑重重 
过去 咱们  就 拿 牛街 这 地方 儿  对于 这个 礼拜 寺  过去 有 很多 的 什么 
说 什么  礼拜 呀  拜 主 儿 啦  认为 都 是  都 属于 迷信 吧 
现在  宗教 信仰 自由 
他 信仰  他 给 主 磕头  你 是 无神论 者  你 你 就 别 别 限制 着 他  是 不 是 
过去 这个  因为 这 点儿  我  民族 之间 的  很 什么  不 团结  搞 得 
文化 娱乐  挺 好  现在 文化 娱乐 
这个  拿 这个  最近 这个 什么 吧  这 电视剧  那个  四世同堂   啊  很 受 欢迎 
啊  很 受 欢迎 
哎  上 回 这儿  在 这儿 开 了 一 次 座谈会  我们 这 马 主任 还 没 回来 呢  座谈会  关于  四世同堂  的 群众 的 看法 儿  大多数  百分之百 的  欢迎  这个 电视剧 
都 希望 继续 这 是  播  播 演 
可能  说 是 由 今天 开始 又 重播 了  嗯 
 四世同堂  里 的 那个  那 叫 什么  那个 那个 女 的  叫 什么 来 着  那个  啊 
就 反映 的 各种 的 这个 人 的  啊  在 那个 社会  各种 人 的 这个  看法 儿  阶级 立场 
那 个 女 的 叫 什么 来 着 那个 那个  挺 什么 的 那个 
啊  大 赤 包 儿 
您 瞧瞧 那个 人  啊 
哎 
那 个 人 就  她 就 那么 个 看法 儿  跟着 就 吃  喝  啊  往 上 爬 
嗯  自己 这个  给 自己 这个  人格 儿  笑  都 都 没 啦 
啊 
大大 赤 包 儿 
老 警察  白那 叫 白 巡 官 是 不 是 
您 瞧 见 没有  处 在 那个 地 儿  那个 地位  啊  那个 社会  还 得  他 这 是  各 方面 都 那么 应付 着 
就 提 这个 这个 四 世  昨 儿 谈 了 谈 这  四世同堂  
啊 
回想 起来 呀  我 想起 这个 这个 老 舍  啊  那 是 在 那个 统治阶级 那个  人 作 出 这个  和 很 多 的 什么 呀   茶馆 儿    龙须沟   就 这个  都 是 这 老 舍 作 的 
就 是 说  人家 那 那 思想 那个  进步 的 人士 啊  啊 
那 阵 儿 谁 敢 什么 呀 
啊 
现在 人家  敢 做 出 这个 什么 反映  反映 出 那个 统治阶级 人 压迫 人 的 那种 黑暗 的 社会  人 就 敢 揭露 出来  啊 
尤其 看  那个  茶馆 儿  那 剧 我 看 过 
嗯  最 痛心 的 有 一个 太监  老 太监  老 太监 呢  要 娶 一 小老婆 
那个 那个 卖 自己 的 姑娘  那 个 姑娘 给 这 小老婆  嗯  带 着 这个 姑娘 啊  见 这个 谁  太监 去  这 老 太监 
