我们 那 西边 儿 不 是 有 一个 大夫 吗  是 外  那 个 什么  骨科 的 
后来 我 就 去 带 她 上 那 骨科 那 大夫 那儿  说 您 给 我们 瞧瞧  她 是 不 是 扭 了 碰 了 
我 说 她 怎么 老 嚷 肚子 疼  中西医 都 瞧 了  也 不见 好  老 嚷 肚子 疼 
那 大夫 一 瞧  大夫 说 啊  您 别  告诉 说 我 先 别 给 她 动  说 您 哪  还 是 带 她 上 大 医院  上 大 医院 我们 检查 检查  说 她  别 回头 再 是 什么 盲肠炎 什么的 吧 
人家 这 大夫 一 提醒 儿 我  我 这 就  合 着 带 她 上 了  那  那 个 什么 海淀 医院 了 
到 海淀 医院 呢  人 一 检查  她 还 真 是 盲肠炎 
盲肠炎 那大 夫 呢 
嗯  他 就 没 
他 说 的 那 什么  说 她 得  那 时候 儿 呢  没有 药  就 得 动 手术 
他 说 她 得 动手术  说 呀  你 呀  嗯  回家 拿 钱 去 得 了  拿 钱 回来 办 手续  哎  办 完 手续 呢 嗯  就 给 她 动 
这么 呢  他 让 我 回来 了 
他 就 把 她 留 在 那儿 了 
他 让 我 回 家 取 钱  他 就 让 我 把  把 我们 那 姑娘 就 留 在 医院 了  他 就 没 让 她 回来 
结果 敢情 是 他 把 我 支 走  好 给 她 做 
他 怕 我 跟 那儿 瞅 着 呀  回头 那 什么  给 我 支 回来 了 
我 就 到 家 拿 钱  我 说 我 哪儿 有 那么 多 钱 啊  我 说 交 多少 钱 啊 
交 七十 块 钱 
我 说 我 哪儿 有 七十 块 钱 哪 
回来 啊  我 就 跟 人家 东 借 西 借 的  哎  连 我们 那 亲戚  人家 给  凑 了  钱 给 凑 上 了 
凑 上 了 我们 那 亲戚 也 跟着 我 去 了 
我们 那个  就是 我们 那 老头子 他 的 姐夫  他 也 跟着 我 去 了 
他  我们 俩 去 的 时候 儿 吧  到 那儿 办 手续 吧  那  就 给 她 做 完 了  就 给 她 做 完 了 
做 完 了  人家 做 的 时候 儿 吧  给 她 打的 麻药 针  没 给 她 麻醉  打的 麻药 针 
她 呢  人家 这儿 一动 呢  一  一 给 她 开 呀  她  噌  坐 起来 了  把 人 大夫 吓坏 了 
人家 一下 儿 人 就 给 她 拿 蒙药 全 整个 儿 蒙 过去 了 
蒙 过去 了 呢  这会儿 我们 去 时候 儿 呢  她 还 没 醒 过来 呢  反正 还 没 醒 过来 呢  挨 床 上 躺 着 
那 大夫 说 不 碍事 的 了  说 她 那 什么  那个  做 完 了  说 好 了  没事儿 
他 说 你 甭 害怕  说 她 一会儿 这 药 劲儿 过去 她 就 醒 过来 了 
嗯  一直 的 等  上午 做 的  一直 到 下午  都  三四点 了 
她 才 醒 过来  醒 过来 
看来 就是 盲肠炎 
她 呢  顺 那儿 吧  有 点儿 受 点儿 刺激  可能 是  使 那 蒙药 不好  后来 她 就 落 了  落 了 一 什么 呢  落 了 一个 那个 美尼尔 氏 症  落 这么 一 根 儿 
现在 她 有  有 点儿 累 吧 什么 的  她 就 爱 犯  有 点儿 那 什么 不 爱好 
因为 她 什么 上班 儿  什么 累 活儿 她 干 不 了 
嗯  一 累 她 就 犯 那个 毛病 
后来 她 上 啊  上 了 那 什么  中学  中学 毕业  然后 呢  那年 挺 不好 考 的 
不好 考 的  我 想 我 说 你 呀  她 呀 有  有 这个 做 这个 手术 吧  她 受 点儿 刺激 
后来 呢  她 一 到 考试 吧  她 就 头疼 
另外 呢  她 一 个  一 让 她 做 点儿 文章 什么 的 吧  她 就 不行  她 就 做 不 了  简直 她 就 头疼 得 要命  她 就 难受 啊  折腾 
后来 我 说 你 可 千 万 你 可 别 填 高中 
为什么 呢  我 不 是 说 不 让 你 念 
嗯  你 要 填 上 高中  你 要 念 了 高中 吧  你 念 完 高中  你 上 不 去 大学  你 这 高中 也 白 念 
咱们 家 没 人 帮 你 
我 不 识字  我 说 你 爸爸 也 不 识字  你 爸爸 才 小学 几 年级  他 小学 他 都 没 毕业 
我 说 你 想想 谁 能 帮助 你 呀 
我 说 也 没 人 崐 帮助 你 呀  你 可 别 填 高中 
我 说 另外 你 呢  这 脑子 也 不好 了  你 要 一 做文章  你 这 脑子 就  就  就 疼  脑袋 疼  疼 得 要命  我 说 你 就 得病 我 说 你 说 你 念 了 高中 白 念 吧 
我 说 你 填 一 中专 得了  填 中专 啊  你  你  你 考 中专 得 了 
考 中专  嗯  中专 完 了 你 就 工作  就 算 了 
你 上 不 了 大学  你 回头 抢 着 也 是 不 成 
不 如 再  也 上 不 去  家里 也 没 人 帮助 你  没 人 什么 的 
后来 呢  她 也 没 填 高中  她 就 填 的 中专  填 了 几 个 中专 
然后 呢  就 是 一 最后 一个 中专  就 取 的 就是 这个 化学  这 化学 的 这个  就 考 的 这 化学  化学 这 分析 
她 呢  她 中专  上 中专 时候 儿 她 跟 我们 这个  哎  这个 姑爷 搞 的  俩 人 搞 的  交 的 朋友  交 到  他们 俩 在 一个 学校  四年  在 一块儿 四年 
四年  后来  是  分 了 呢  分 了 工作 以后 呢  她 呢  一直 都  没 跟 我 说 
