有 的 老师 呢 就 请 那些 正式 正式 专业  培训 
这儿 哈 儿 呢  我们 每 礼拜 有 两 次 这  这种 活动 
有的 时候 儿 呢  自己 呢  反正 是 在 这种 情况  也 就是 总之 是 什么  一 个 年轻人 必须 有 些 艺术 修养 
这样 儿 来讲  才 能够 陶冶 自己 的 情操  陶冶 自己 的 生活 
生活 不 能够 干 干巴巴  枯 枯燥 燥  你 说 一点儿 味道 也 没有  一天到晚 跟 那个 老头儿 似的  就 没有 意思  对 吧 
生活 就 要 有意思  就要 有 进取 
哎 不管 是 这个  这个  什么样 的 工作  就是 我们 有 的 时候 儿 吧  工作 一 天 特别 累  我们 铁 工厂  你 尤其 那会儿 吧  又 没 机械化  簧 床子 比较 少  一 抡 大 锤 抡 一 天  两 支 胳膊 都 胀 得 乱麻  那 也 去 玩儿 去 
去 到 那儿 一 玩儿  玩儿 了 以后  就 把 这 一切 事情 全都 忘 了  对 吧 
就 是 非常 痛快  浑身 的 汗 都 特别 多 
你 不管 是 练 什么 动作  或者 什么 这个 这个 这个 特别 累  自己 也 非常 高兴 
因为 现在 来讲 呢  我 看 有 的 年轻人 跳 集体舞 或 是 什么 的  我 也 挺 支持 他们 的  对 吧 
因为 我 呢  在 这儿 参加 工作 这么 多 年 了  这个 也 担任 车间 或 是 领导 各项  也 参加 一些 工作  有些 年轻人 还 比较 喜欢 我 的  对 吧 
因为 我 比较 他们  理解 他们 心理  不管 体育 活动 还有 什么 这个 各 方面 的 活动 吧  我 都 比较 支持 他们 的 
哎  因为 年轻人 就 有 年轻人 的 样子  不 能 跟 老人 一样  对 吧 
老人 思虑 过 多  年轻人 就 必须 得 要 有 个 朝气  有 个 活力  对 吧  这 是 完全 理 所 应该 的 
对于 我 来 讲 呢  工作  对于 我 来 我 的 工作 来 讲 呢  我 就 不  不 满足 的 一点 就 是 文化大革命  这 文化大革命  给  不但 给 年轻 人 造成 了 很 大 的 损失  对于 我们 来讲  也 是 造成 很 大 损失 
那会儿 我 正 三十 多 岁 的 时候 儿  正是 这个 长 知识 的 关键 时刻  对 吧 
我 要 真正 要 是 扎扎实实 要 学 下来  那个 时候 儿 说 实在 的  到  到 现在 那 我 完全 可以 有 用武之地 
现在 来讲 呢  一个 没有 文凭  再 一个 来讲 呢  就是 你 懂得 一点儿 东西 来讲 呢  已经 要 落伍 了  对 吧 
还 得 要 奋发 地 来 学习  你 不 学习  你 就 你 就 赶 不 上 这个 现代 的 工艺技术  是 哇 
这个 发展  是 哇 
这 是 很 关键 的 事情 
因为 八十年代 那会儿 啊  就是 我 刚 参加 工作 的 时候 儿  老师傅 就 说  那个 手工 操作 的 比较 多  对 吧  怎么 要 练 好 基本功  然后 这个  这个  这个  那个 
现在 来讲 呢  是 不 是 需要 练 基本功  也 需要 练 基本功  可是 你 要 掌握 一定 的 科学技术 
因为 科学技术 在 不断 往 前 发展  现在 这个  这个  从 机加工 这 方面 儿 来讲  有 好多 单板机 啊  还有 什么 这些 这个 数控 啊  电子技术 呀 这 方面 儿 特别 多  对 吧 
你 不 懂  你 不 知道  你 连 原理 都 不 懂  对 吧  你 根本 就 连 怎样 操作 或 是 什么 你 更 不 好 办  是 哇 
尤其 我 干 我 这 项 工作  * * * 设备 动力 科 的  都 知  你们 也 都 知道 了  所谓 设备 动力 科 来讲 呢  它 就 是 管工作 的  管 这个  这个 设备 的  就 管设备 的 
这些 设备 来讲 呢  要 更新换代  对 吧  要 要 要 要 一些 先进 的 技术 
你 要 不 了解  你 随便 引进 随便 拿 拿 来 以后 不 适应 也 不行 呀  你 得 结合 你 本 单位 的 情况  对 吧  你 来 发展 你 的 先进 技术 
所以 说 我 认为 我 的 担子 是 比较 重 的  是 比较 重 的 
对 吧 
所以 说 比较 重 呢  现在 感到 自己 的 文化 程度比较 低  文化 程度比较 低  自己 的 这个 这个 这个 技术 能力 比较 差 
技术 能力 差  就 需要 去 学习 
英语  英语 自己 不 会  啊 
自己 不 会 
这个 这个 再 来 讲 呢  这个 尖端 技术 不行 
作为 以前 来讲 呢  有些 这个 这个 基础课 对 吧  也 没有 学 完  都 学 半 半 罗 罗 都 是 
要求 让 你 写 一 篇 稿件  或者 写 一 篇 小 东西  对 吧  写 一些 技术性 的 东西  就 难  咱们 就 比较 吃力 了  对 吧 
你 就 现 翻 哪 现 找 呀  现 这 现 那 比较 多  咱们 要 原来 学 过 呢  哎 就 好 多 了 
尤其 现 一  现在 呢  你 真 一 掌握 设备 动力 科  你 不 是 我 要 你 掌握 机加工 那 一 套  原来 我  我 在 这个 这个 这个 车  铣  刨  磨 这 一 套  你 呢 动力  电工  对 吧  锅炉 你 全都 懂  你 不 懂 行 吗 
对 不对  原来 我 以为 这 锅炉 有  有 什么 
没什么  不 就是 取暖 吗 
其实 锅炉 来讲  也 挺 深奥 的 
我 这么 拿 本 书  我 现在 我 得 学习  看看  不 看看 跟 人家 一 说 都 是 外行话  也 不行 啊  对 不 对 
我 得 看看  别 让 人家 蒙 了 我 呀  对 不 对 
尤其 现在 年轻人 能 蒙 你 一 套 蒙 你 一 套  对 不 对 
就 得 好好 自己  我 也 得 看看  看看 书  也 得 实践 实践  回去 弄 弄 
电工 也 是  嗯  自己 原来 不 太 明白  近来 也 在 学 也 在 钻  总 的 这个 东西 来讲 呢  都 是 文化大革命 给 耽误 了  是 哇 
所以 说 感到 工作 当中 的 力不从心 
