现在 有 什么 冻疮 膏 啊  有 这个  那个 现在 基本 上 就 没 人 儿 冻 哪儿 有 什么 冻 的 
一 个 呢 天气 暖和 的 原因 是 什么 呢  我 认为 工业 发展  像 二 硫化 二  二 这个 这个 空气 呀  现在 这个  这个 烟筒 也 特别 多  啊  工业 发展 特别 快  这样 儿 呢  就 造成 大气 有些 污染 
啊 现在 你 每天 早晨 起来  你  你 跟 以前 的 那个 天气 就 不 一样  不 清爽  不 清晰  对 吧  老 嗓子眼 儿 憋 得 慌 似的 
所以 大气 大气 呢 有 点儿 被 空气污染 比较 厉害 
现在 汽车  交通 啊  交通 的 汽车  那个 排放 都 是 黑 离子  炭 离子  炭 离子 特别 多 
你 看 不 见  对 不 对 
尤其 那个 警察  嗯  在 那儿 哈 儿 这个 站岗 的 时候 儿  一下  一 下班 以后 那 鼻子 都 出 黑  黑 烟 儿  对 吧 
这 现在 来讲 呢  排放 出 的 这个 呢  对 咱们 这 空气 都 是 有 很 大 污染  是 哇  听说 现在 什么 这个 亚运会 要 在 北京 召开 
咱们 这个 环保 是 相当 注意  因为 我 也 了解 这个 情况  对 吧 
北京 咱们 这儿  你 跟 人家 说 呀  我 这个 有 天坛 公园  有颐 和  有 颐和园  有 故宫  有  有 动物园  又 有 这么 多 古迹  又 交通 也 挺 那个 方便 这个 那个  人家 说 都 好  这个 环境污染  现在 来 讲 是 这个 这个 提高 到 城市 建设 的 最 关键 的 要 要害 地方 
这 是 在 从 城建 方面 来讲  这个 工作 来 讲 比较 关键 
物价 来讲 呢  当然 是 这个 物价 是 经济 的 杠杆 儿 了  对 不对 
现在 来讲 呢  是 哪儿 哈 儿 亏本 儿 就 涨 涨价 儿  对 吧  涨 涨价 儿 这种 现象 来讲 是 不 算 太 好 
可是 国家 呢  是 调整  调整 平衡 的 这 一个 主要 这 方面  对 不对 
现在 听说 要 把 这个 物价 全都 放开  全都 放开 
要 真正 全都 放开 也 不 是 不行  也 完全 可以 
因为 咱们 原来 呢  就 是 解放 以后 呢  国家 就 是 标定 的 一些 固定  就是 把 这个 物价 呢 给 卡 死 了 
给  国家 给 卡 死 了  现在 突然 一 放开 哪  老 百 性 可能 吧 不 太 适应 
可是 放开 的 时候 儿 呢  也 得 要 我 认为 来讲  就 得 要 照顾 到 工人 的 生活 
因为 工人 来讲  他 的 生活 水平 是 比较 低 的 
现在  不 是 很 高  对 吧 
你 不管 怎么 着  现在 他 是 以 工资 为 生活  对 吧 
真正 要 是 把 物价 完全 完全 放开 了  这些 老百姓 的 生活 是 啊 真 成问题  那 北京市 是 要 闹 事儿 的 
人们 要 闹 事儿 的 
对 不对  嗯  一定 要 把 这个 这个 掌握 好 
当然 我们 是 个 党员 来 讲 不 会 去 闹 事儿  我们 也 需要 去 做 工作 的 
那 总归 来讲  是非 党员 还是 比较 多 的  是 哇 
不 是 每个 人 都 是 党员 的  对 不对 
这个 工作 来 讲 呢  是 一个 要 靠 上 做  要 靠 下 做  要 靠 商业 局 一块儿 去 做  对 不对 
嗯  那 得 就 得 协调 好  这个 不 是 一 句 话  两 句 话 的 事情  这 是 一个 国家 的 大 事情  对 吧 
你 觉得 你 说 现在 来讲 咱们 说 从 物价 来 看 吧  说 现在 的 物价 就 每年 在 递增  每年 在 递增 
我 说 这 话 你 看 你 也 不 相信  对 吧  每年 在 递增  咱们 说 个 简单 的 例子  从 花生米 来讲 吧  前 一 段时间  国家 还 说  现在 你 瞧 花生米 放开 了  老 卖 老 涨 老 在 一 块 二 了  不知 怎么 着 
今年 就 不行 了  去年 年底 就 开始 就 变 一 块 三  一 块 四  现在 又 变成 一 块 六 
今年 就 递增 递增 到 一 块 六 了  对 吧 
所以 说 呢  这个 问题 来讲 呢 是 些 个 现实  对 吧 
现在 来讲 呢  是 今年 这个 西瓜 卖 一 块  明年 就 得 卖 一 块 五 了 
这 事儿 就 是 每年 都 在 递增  这 是 必然 的 
就 是 每年 递增 的 最高 和 最低 都 在 递增 
去年 最低 可能 是 在 一 块 一  这 鸡蛋  对 吧 一 块 一  一 块 二  今年 的 最低 就 变成 一 块 四  一 块 三 对 吧  这个 价格 来 讲 呢  就是 我 认为 来讲 呢  就是说  不 是 说 你 国家 嗯 所  所 所 指 定价  而是 你 这个 东西 来讲  你 好像 是 个 议价  对 不对 
人家 不管 是 国营 单位 还 是 私人 单位 
人家  人家 就 可以  今儿 我 就 卖 一 块 六  对 吧  明儿 卖 一 块 八  对 吧  人家 就 这么 涨 下来 的  所 造成 的 一些 这个 群众 对 这个 有些 意见  因为 他  他 挣 的 这 钱  咱们 工人 的 工资 还 是 死 的  还 是 死 的 
你 说 不管 怎么 着  他 不 会 太 多  多 多少  连 奖金 你 最 多 得  你 能 拿 出 多少 去  是 不 是 你 能 多少 去  你 拿 不 出 多少  对 吧 
你  你 根本 你 就 是 最 多 了 像 我们 这个 单位 来讲  一个 一个 职工 四十 块 钱  五十 块 钱 就 最 最 多 了  奖金  对 吧  奖金 加工 资 一百 多 块 钱  这 是 能 干 的  三十 来 岁  对 吧 
假如 说 这个 不 能 干 的 怎么办 呢 
不 能 干 他 也 干 了  可是 他 没 出 这么 多 活儿  可是 他 们 付出 一定 的 劳动力 了  对 吧 
他 奖金 就 不 算 太 多  对 吧  他 没 超过 那么 多 工时  可是 他 坚持 这儿 干活儿 了  对 吧 
