对 不 对 
可是 他们 那 笔 收入 哪儿 来 的 
完全 是 老百姓 给 他们 的 
你 说 是 不 是 
不过 这 问题 都 不 是 咱们  只能 说 咱们 有 看法 儿 
有 时候 也 不 是 管 不 了  也 不 能 去 管  谁 管 
那么  那么 大 个 国家 有的 是 那么 多 能 人 呢  人家 都  *  没 没什么 没 对 不对  都 没什么 辙  咱们 有 什么 关系 
咱们 有 什么 办法 
哼 
有 出差 机会 
那 回 有时候 儿 到 外边 儿 学习 什么 的 看看  主要 是 学习 这个 看看  看看 
哈哈 
我 觉得 吧  这个 人 这个 一生 中 啊 要 想 说 拿 出 一 件 特别 一 件 两 件 特别  就 说 忘不了 的 事儿 来说 吧  很 难 有  我 跟 你 讲 
因为 我 总 觉得 咱们 国家 的 生活 呀  太平 淡 了 
这 一 天 一 天 就 跟 车 轱 辘 似的 来回 转  几乎 没有 什么 新 的 内容  我 说 这 话 你们 明白 吗 
没有 什么 内容 
就 说 你 今天 过 的 这 生活 这样 儿 吧  明天 还 这样 儿 
今年 这样 儿  明年 还 这样 儿 
没 什么 变化 
也 分 不 出来 今天 跟 昨天 有 什么 变化 来 
没  说 不 出来 
所以 我 我 的 感觉 是 这样 儿 啊  我 不知 别人 有 什么 感觉 
除非 别人 有 这种 感觉 
人家 什么 长 一 级 工资 呀 
忘不了 了 
像 我 这个 没有 
不过 我 这个 人  我 这个 人 你们 不 清楚  有 一 特点  不 爱 了解 事儿 
你 像 大街 上 一 大 帮 人 围 着 打架  或者 说 吵 吵  或者 说 卖 东西 的 我 不 爱 往 前 凑  我 走 我 的 道 儿  不 爱 看 这个 
对 这 不 关心  啊 
要 说 你 要 说 咱们 看 几 件 事儿 也 有 
你 像 大街 上 像 再 说 也 没有 什么 太 奇  太 希奇 的 东西 了 
说 实在 的  发生 在 北京 街头 的 事情 没什么 太 希奇 的 
无非 就 是 吵架  急 了 打 起来  再 不 行 就 是 拿 刀子 捅 人  也 就是 这个 
没有 什么 太 新鲜 的 
再 有 就 是 外地 的 到 北京 来  这个  一些 个 卖艺 的 那种 性质 的  是 吧 
一些 个 这 就是 这些 个 东西  太 太平 淡 了  太 多 了  啊 
没有 什么 太 印象 太 深 的 没有 
因为 那 时候 儿 我 四年 级 了  已经 十一 岁 了  有 一定 的 印象 了 
当时 咱们 对 这个 文化大革命 吧  那 因为 年龄 小  不 理解  不知 是 不知 什么 叫 文化大革命 
反正 就 知道 外边 儿 挺 乱 的 
家里 家长 就 不 让 出去 
那会儿 因为 以后  那会儿 因为 文化大革命 一 开始 就 停课 了  停课 停课 以后 就 不 上学 了  在家 呆 着 
在家 呆 着 就是说 家长 们 为了 怕 让  找 事儿  就 赶紧 不 让 出去 什么 的 
就 是 因为 孩子 也 小  你 出去 干吗 去 
你 也 就是 看 看热闹 
到 时候 儿 弄 不好 让 人 挤 着 什么 的 
啊  人 挺 多 
因为 那 时候 儿 我们 住 的 那 地方 儿 吧  就是 我们 对面 儿 有 一 个  有 一 有 一个 门 儿 住 一 家 儿  当时 他们 家 吧  咱 也 不 知道 怎么 回 事儿 啊 
后来 知道 了  知道 他们 家 是 资本 家 
哎  以前 不 知道 
当时 从 他们 家 搬 出 好 多 箱子 来  好多 箱子 
就 那 箱子 一 打开 以后 吧  全 是 那个 那个 那种 那种 那种 老式 的 五 元 人民币 
不知 你们 还 有 没有 那种 印象 了 
就 是 不 是 现在 的 新 五 元 人民币  老式 的  过去 没有 十 块 钱 一 张 的 
老式 的 黄 了 巴 唧 的 那 种 
苏联 版 的 那 种 
五 块 钱 的 那 种  全 是 那个 一 箱子 一 箱子 全 是 那 玩意 儿 
有 那么 十 来 箱子  那 箱子 也 一般 的 就 咱们 一般 的 盛 衣服 的 那 箱子  也 挺 大 的 
哟  那么  就 那么 就 那么 汽车 给 拉 走 了 
完 了 那个 把 那 把 那个 资本家 提 溜 出来 
资本家 是 个 老头儿  他 就 他 一 人 儿 
好像 吧  还有 几 个 儿女 们 没 在 跟前 儿 
哎哟 
那 打 哟 
我 就 看见 我 说 干吗 呀 
我 说 还 是 
当时 咱们 不 清楚 不 理解 啊 
那会儿 因为 那会儿 是 黑五类 呀  咱们 都 是 那个 红 五 类 
好 
觉得 还 是 应该 打 
不过 那会儿 咱 就 觉得 打 的 人 打 得 太 狠 了 
那 那 皮带 是 吧 
按 上 按 钉 
皮带 按 上 按 钉 不 是 那边 儿 穿过 去 吗 
两边 儿 都 按 上 
乒乓 那么 抽 
反正 反正 那 人 凡是 那会儿 那 人 也 够 经 打 的 
人  那会儿 人 不知 怎么 回 事儿  反正 可能 经受 过 这种 考验 
真经 打 
没事儿 
打 得 那么 也 当时 岁数 不 太 大  五  五十 多 岁  五十 多 岁 那 那 年龄 打 得 挺 凶 的 
完 了 呢  抄 走 了  本人 也 拉  本人 最后 也 拉 走 了 
我 就 记得 我们 家门口 儿 那 那 那么 件 事儿 
另外 大街 上 你 没 法 说 了  撒 传单 的  最 闹 得  最 凶 的 时候 儿  哦  什么 那个 游行 的  什么 那  没有 游行 的 那会儿 
那会儿 就 是 什么 呀  就 是 一 大 帮  鸣 跑 这边 儿 去 了 叮当 五四一 砸  你 也 不知 这边 儿 到底 是 怎么 回 事儿 
要 不一会儿 呜 跑 那边 儿 去 了  把 那边 儿 给 砸 了 
都 不 清楚 
那会儿 小 哇 
后来 文化大革命 六七年 六八年 那会儿 换 纪念章 的  什么 的 
我 不知 你们 知道 不 知道 
换 纪念章 你们 听说 过 啊  什么 的 那个 刻 石膏像 的  自己 弄 一个 模 儿 刻 毛 主席 的 石膏像  挺 多 的  我 就 不 记得 那个 时候 儿 的 印象 了 
