啊  就是 这个 
我们 家里 的 呢  也 没有 工作  她 也 就 是  哎  在 家里 呢  帮 着 给 做 做饭 呢  看 个 孩子 呀  给 他们 帮 着  哎  就是 这个  家里 这 点儿 这 情况 是 那 什么 
生活 情况 现在 呀  这 生活 情况 呀  现在 呀  比 过去 强 了 
怎么 比 过去 强 了 呢 
现在 呀  那会儿 呀  指 着 我 一个 人 儿 抓 钱  他们 都 小  都 不 能 挣钱  也 没有 工作  怎么 来 
这 后 首 儿 哇  就 这 这个 解放 以后 哇 这 都 是 他们  哎  也 安排 了  有 工作 了 
哎  哎  他们 也 都 能 挣钱 了  是 不 是 
哎  哪个 也 全都 出去 了 
他们 也 在 在 农村 儿 里头  平谷 啊  是 是 哦  那 哪儿  还有 是 是 什么  公社 里头 哇  它 不 是 那会儿 劳动  哎  在 那儿 这 后 首 儿 也 上 来 了  也 都 有 了 工作  有 了 工作 了 
这 都 是 家里 生活 儿  这 现在 没什么 问题 了 
怎么  家里 比 过去 强 了 
怎么  现在 呀  大米 白面 的  哎  都 是 这么 吃 着  月月 儿 都 有 都 有 个 收入  都 有 都 能 挣钱 了 
哎  这个 个儿 呢  家里 呢  也 算 不错  比 过去 强 了 
哎  嗯  那会儿 也 就 是  那会儿 指 着 个 做 买卖 呀  唉  抓 呢 
哎  就 是 啊  哎 上学  后 首 儿 也 供应 不 起 
怎么  你 说 上学 吧  连 书 钱 带 带 什么 伍 的  带 穿 啦  哎  也 什么 ＊＊ 了 吧  也 是 跟 我 呀  也 是 帮 着 帮 着 家里 哇  也 是 这么 奔 
那会儿 孩子 呢  你 说 我 做 这 买卖 吧  拉拉 这 豆汁 儿 卖 吧  也 是 那样 儿  哎  帮 着 我 啊 
哎  早上 帮 着 我 拉 豆汁 儿 去  哎  跟 他 爷爷  我们 都 那 什么  在  那会儿 在 一块儿 堆 儿 
后 首 儿 哇  哎  回来 了 下 学  那 什么  拉 回 豆汁 儿 来  半 半道 儿  这 孩子 们 就 得 上学  就 是 这么 那 什么 
啊  你 就 说 这 上学 呢  这个 长 得 也 都 大 了  个个 儿 一点儿 一点儿 的 哎 就 能够 啊  哎 头 就 找 工作 
就 拿 我们 这个 我们 这个 奎义 吧  哎  先头 在 呀  煤气 公司 吧  是 那个 什么  后 首 儿 转 的 呀  是 焦化 厂 站 的 那 什么 
这个 我们 那个 奎安 啦  那会儿 我 在  就 在 羊毛衫 厂 啦 在 羊毛衫 厂 呢  他 是 六六 几 年 去 的  我 可 不 记不清 了  这 后 首 儿 哇  打 学 毕 了 业 啦  哎  他 考 的 这个 那 哪儿  这个 海  空军 呢  空军 司令部 哇  那哈儿  整 那 什么  哎  那 老师 就 给 介绍 过去 了  介绍 过  就 是 上 那 哈儿 就 一直 去 呀  去 了 十 好几 年 
那会儿 这样 儿 
我们 这个 老 儿 呢  那会儿 他 小 呢  他 就 那 什么 呢  哎  完 了  那 毕 了 业 了  在 那 后 首 儿  这 赶上 这个 文化大革命  赶上 文化大革命 呢  怎么样 儿 啦  哎  他们 就 上 啊  就 上 东北 了 
这个 去 了 也 就 是  十几 年 呢  哎  是 不 是 
这 后 首 儿 有 了 病 了  个个 儿 哇  腰 受 了 毛病 了  在 外头  哎  就 个 个儿 啊  就 跟 这 哈儿 领导 要求 哇  就 说 是 说  又 回来 了 
回来 这 后 首 儿 啦  这 就 找 了 这个 百货 商场  是 吧  就是 这么样 儿 
我 这 一辈子 呀  跟 那 净 是  净 劳动 
反 正在  你 说 进 这 工厂 的 时候 儿  也 是 那样 儿  也 就 是 当 工人 呢  在 厨房 里头 干活儿 呀  哎  我 后 首 儿 哇  在 面 案 上 啊 蒸 馒头 哇  哎  帮 着 做饭  卖 饭 伍 的  哎  就 后 首 儿 到 这个 一年 一年 岁 数 大 了  哎  就 个 个儿 这个  哎  工资 呀  那会儿 也 低  我 呢  也 长 没 长 上去  长 工资 的 时候 儿 
这  快 退休 了  这 才 长 了 三 回 呀  这 还 我 才 长 了 一 回 
长 了 一 回 呀  没 多少 日子  没 几 个 月  这 后 首 儿 就 退 了  就 是 
就 是 这个 那 什么 呀 
就 打 小儿 时候 儿 就 劳动 吧  反正 除了 拣 煤  你 算算  这个 做 小工 活儿  别的 不 那 什么  我 这  您 瞧 别的 呀  是 没有 什么  反正 别的  苦 是 反正 没 少 受  哎  你 像 打 个 执 事 啦  拣 个 煤 核儿 了  这 都 是 苦处 哇 
跟 人 家 做 小工 活儿 呀 还 得  有 人  托 人 还 得  去 干 去 
人 不 干 嘛  人 也 不要 
拉 洋车 吧  那会儿 晃 晃 儿 租 个 车 啦  哎  个个 儿 就 反正 维持 这 家里 生活  就 拉扯 这 孩子 
你 瞅 容易 啊  就是 不 容易 
就 是  唉  就 是 这么 一点儿 一点儿 地 凑合  一年 一年 的  就 这么  就 这么  这 一阵 儿 一阵 儿 就 过来  就 这么 
哈哈  女儿 哇  哎  有 俩 结婚 的  儿子 呢  也 有 俩 结婚 的  除了 我们 这个 奎义 还 没 结婚 呢  都 反正 是 这个 好 
我 说 这 好 的 是 原因 在 哪 哈 儿 啊  就 是 一个 呀  哎  父母 哇  一 个  少 担负  这 是 一个 
