再 一个 呢  上班 下班 的 呀  省 点儿 心 
跟 那个 旧社会 就 不 一样 了 
旧社会 儿子 啊  女儿  嗬  多 多 养  多 好  临 完了  倒 闹 一个 呀 不好 
他 这 不 好 的 原因 怎么 呀  你 得 陪 □ 他  你 得 拉扯 他  啊  作 妈妈 的 呢  哎  得 受 多 大 罪 啊 
嗯  作 父亲 的 呢  得 外头 得 给 他们 奔 去  合 儿 合 着 奔 了 来 呢  就 吃  奔 不 来 呢  就 得 那 什么  哎  说 得 不好 点儿 杂和面 儿 粥 喝 呀 
唉  哎  反正 就 是 唉  吃 窝 头儿 呀  就 反正 就 这个 
现在 呢  就是 这 社会 呢  大米 白面 吃 着  啊  都 是 要 是 比 那会儿 呢  不 是 强 多 了 吗 
啊 
你 说 这  儿女 呢  也 都 有 工作 了 
我 呢  退休 了  有 劳保 了  啊  然后 然后 一 个 月 给 我 几 十  什么 也 不 干  这 不 是 挺 好 的 事情 
你 要 那会儿  你 老 了  谁 给 你 钱 
你 有 力气  人 用 你  人 给 你 钱  不用 你  给 你 什么 钱 呢 
这个 现在 新 社会 了  哎  有 党 的 关心  我们  这个 工人 呢  都 是 老 了  退休 给 养老 费  都 是 维持 个 个儿 有 个  有 个 生活 好 呀 
女儿 呀  全 一样  我 说 现在 
怎么  为什么 一样 呢  哦 养 儿子  你 得 培养 大 了  他 长大 了  他 得 好好 的 还 得  干  不 听话 呢  到 时候 儿 喽  父母 呢 都 得 跟 着 呀  也 得 挂念 着  就是 这样 儿 笑 
治安 情况 啊  也 不错 
现在 吧  我 呢  哎  哎  这个  哎 派出所 呢  哎  也 给 我 一 空儿 
到 时候 儿  退休 了  不 是 都 工人 呢  退休 的 啦  哎 给 给  那 什么 给  维持 呀 治安 伍 的  保护 啦  街  街道 啦  哎  不 出 事故 
有 什么 事情 呢  报告 派出所  这 这 是 这么样 儿 
啊  到 时候 儿  现在 呢  我 这个  那 回 告诉 我 啦  要 礼拜二  哎  八点 多 钟 啊  哎  值 会儿 班 儿  在 门口 儿  带 着 箍 儿 哇  哎  站 会儿  哎  累 得 慌 啊  个个 儿 坐 会儿 
不 累 得 慌 啊  哎  就 溜 达 会儿 也 行 
渴 啦  进来 还 能 喝 点儿 水  抽 点儿 烟 伍 的  这 随随便便 的  这么 维持 哎  帮 帮 着 办事处 啦  派出所 啦  反正 维持 维持 治安 
D01 男 75 文盲 工人 满 B01J05 我 我 呢  就是 呢  小时候 儿 呢  就 是  哎  个个 儿 啊  父母 哇  父亲 哪  那会儿 拉 洋车  哎  拉 洋车 又  再 做 个 小工 活儿 啊  也 是 那 什么 
哎 
我 母亲 呢  那会儿 在家  哎  这 后 首 儿 了  给 人家 呀  看 过 孩子 呀  哎  是 这么 着 
我 呢  哎  就 那会儿 我 小  我 才 七八 岁 儿  八九 岁  那时 侯儿 在 那 家里 呀  生活  指 我 父亲 拉 车 
那会儿 晃 晃 儿 也 有 挣 得 着 钱  有 挣 不 着 钱 的 时候 儿 
啊  就是 我 一 那 什么 
后 首 儿 呢  我 呢  十几 岁 的 时候 儿 呢  也 是 家 喽 哇  哎  帮 着 家 喽 哇  哎  抓 挠 
就 是 什么 呀 
那会儿 拣 个 煤 核儿 哇 
就 说 到 新 社会 吧  是 不 是  不 是 那 什么  哎  哎  就 帮 着 呀  在 家里  省 得 买 买 煤 去 了 
家 喽 拣 点儿 煤  劈 柴 呢  哎  家里 烧 
哎  这 后 首 儿  我 大 了 呢  也 横 是 供 我 几 年 的 书  几 年 书  个个 儿 啊  也  不用 脑子  个个 儿 啊  也 没 往 那 心里 去  个个 儿 
这 都 是 按 这个  现在 新 社会 了  这么 一 说 呢  这 就 个 个儿 呀  笨  个个 儿 不 入 脑子 
为什么 不 入 脑子 
你 个 个儿 拿 这 书 哇  不 当 回 事情 
这 现在  老 啦  也 懂得 这个  这 社会 的 知识 啊  哎  这 事情 啊  也 都 个 个儿 明白 啦  也 晚 啦 
个 个儿 再 记 呀  脑子 也 不行 了 
是 不 是 
就 过去 这 这 事情 啊  哎  合 着 老家 儿 供 你 书  说  是 容易 吗  也 不 容易 
说 那会儿  那 念书 吧  你 不 管 怎么样 吧  啊  为 是 啊  长大 了 哇  能 做 个 事情 啊  哎  能 认 点儿 字  能 会 写写 算算 
那会儿 各 个儿 呀  没 没 注意 这 事情 
这 是 一 过节 儿 
但是  说 后 首 儿 就 大 一点儿 啦  哎  这 就 帮 着 家里 哇  哎  反正 抓 点儿 现钱 儿 吧 
哎  哎  什么 啦  打 个 执 事 啦  拣 个 煤 核儿 啦  哎  后 首 儿 不 干 嘛  做 个 小买卖 儿 啊 
哎  这 后 首 儿  再 大 一点儿  十六七 岁 了  就 在 这个 音乐 队 里头 哇  就 那会儿 我 在 国 子 监 住 的 时候 儿  哎  就 哇  我们 国 子 监 西 口 儿 里头 哇  哎  有 一个 军乐队  就 是  警备 司令部 的  哎  那 什么  在 就 在 那儿 哈 啊  招 人 呢 
哎  我们 就 去 了 
