灰 西装 、 白 衬衫 、 红 领带 ， 头发 全 白 的 约瑟夫 ?
奈 稳稳地 坐 在 那里 ， 不 怒 而 威 。
这 位 研究 权力 的 大师 ， 以 最 早 提出 “ 软 实力 ” 概念 而 闻名于世 ， 可谓 美国 民主党 在 国际 政策 方面 的 “ 诸葛亮 ” ， 一 改 共和党 政府 的 单边 主义 和 尚武 外交 策略 ， 曾 出任 卡特 政府 助理 国务卿 、 克林顿 政府 国家 情报 委员会 主席 和 助理 国防部长 。
后来 他 重 回 哈佛 ， 担任 肯尼迪 政府 学院 院长 ， 现 为 该院 教授 。
这 次 他 应邀 来 北京 ， 是 为了 参加 NUSKIN 每年 一 度 的 大师 趋势 论坛 （ 该 论坛 从 2010年 以来 ， 先后 邀请 了 大 前 研 一 、 约翰 ?
奈 斯 比特 、 诺贝尔 和平 奖 得主 及 穷人 银行 创办 者 穆罕默德 ?
尤努斯 等 大师 ） ， 并 和 中国 的 记者 们 交流 他 的 最新 观察 。
距离 前往 中国 外交部 的 时间 越来越 近 ， 助手 敲 了 三 次 门 ， 早 就 应该 起身 的 教授 突然 有 点 顽皮 地 抓起 话筒 ， 递给 了 坐 在 他 面前 的 笑 喊 “ lastquestion ” 的 小伙子 。
看 ， 他 愿意 给 拥有 “ 软 实力 ” 的 人 一个 机会 —— 这 位 小伙子 初见 奈 教授 ， 就 径直 上前 交换名片 ， 并 展现 了 自己 流利 的 英文 和 幽默 。
在奈 教授 看来 ， “ 软 实力 ” 对 个人 而言 ， 指 的 正是 让 他 人 愿意 帮助 你 实现 目的 的 说服力 和 感召力 。
《 新民周刊 》 ： 进入 “ 软 实力 ” 这个 话题 之前 ， 我 想 先 问 一下 ， 您 对 power （ 实力 ） 的 定义 是 什么 ？
约瑟夫 ?
奈 ： 如果 翻 词典 ， 词典 会 告诉 你 ， 实力 就 是 影响 别人 ， 让 别人 帮助 你 拿 到 你 要 的 东西 的 力量 。
这种 影响 有 三 种 方式 ， 第一 种 是 威胁 、 胁迫 ， 也 就 是 英文 里面 说 的 拿 棍子 。
第二 种 是 利诱 。
第三 种 ， 就 是 吸引 别人 、 说服 别人 的 “ 软 实力 ” 。
如果 你 拥有 软 实力 ， 不 需要 胡萝卜 ， 也 不 需要 大棒 ， 就 能够 实现 你 的 目的 。
《 新民 周刊 》 ： 很多 人 以为 “ 软 实力 ” 是 源自 西方 的 思想 ， 在 中国 传统 文化 典籍 中 ， 您 有 没有 看到 过 类似 的 思想 ？
约瑟夫 ?
奈 ： 我 提出 这个 想法 ， 不止 在 西方 文化 当中 找 得 到 ， 在 东方 的 传统 文化 中 也 有 。
我们 去 看 老子 或者 是 孔子 的 学术 理论 ， 他们 都 了解 身 为 一 个 领导人 不 能 高高在上 发号施令 ， 特别 是 老子 讲 过 这样 的 话 ， 最 好 的 领导人 甚至 连 他们 叫 什么 名字 我们 都 不 知道 ， 他们 只 是 没有 说 出 软 实力 这个 名词 而已 。
《 新民 周刊 》 ： 在 各国 政要 中 ， 您 认为 哪 几 位 拥有 这样 的 “ 软 实力 ” ？
约瑟夫 ?
奈 ： 前段 时间 全世界 都 在 追悼 南非 的 前 总统 曼德拉 过世 ， 这 位 领导者 带来 了 人类 重要 的 变革 ， 改变 了 南非 。
过去 很多 人 都 觉得 南非 没有 希望 了 ， 在 种族 隔离 之后 一定 会 有 流血 战争 ， 但 他 扭转 了 这个 局面 ， 让 南非 和平 发展 。
有人 问 他 对于 实力 怎么 看 ， 对于 领导 人民 的 想法 是 什么 ， 他 说 他 学习 的 是 非洲 部落 的 酋长 。
曼德拉 小时候 就 在 这个 部落 长大 ， 酋长 像 一 位 牧羊人 ， 非常 善于 引导 一些 走 偏 的 羊 自动 归队 。
还有 一 位 领导人 ， 也 同样 很 了解 软 实力 ， 他 就 是 美国 的 前 总统 艾森豪威尔 。
曾经 有 人 问 这 位 拥有 卓越 战功 的 五星 上将 ， 什么 是 领导 力 ？
他 说 不 是 下 命令 ， 下 命令 谁 都 会 ， 难 的 是 让 别人 的 想法 跟 你 一致 ， 让 他们 做 你 想 让 他们 做 的 事情 。
在 西点 军校 ， 艾森豪威尔 有 句 名言 ： “ 领导 力 达到 艺术 的 境界 ， 是 让 他 人 心甘情愿 来 做 你 想 完成 的 事情 。 ”
《 新民 周刊 》 ： 请 您 评价 一下 中国 目前 的 “ 软 实力 ” 程度 。
约瑟夫 奈 ： 一个 国家 的 软 实力 ， 取决于 三 个 重要 方面 ， 首先 政府 是 不 是 真 的 说到做到 ； 其次 是 建立 什么样 的 文化 ， 是 不 是 能够 吸引 别人 。
第三 是 它 的 外交 政策 ， 会 影响 到 大家 对 一 国家 的 观感 。
现在 我们 来 看 一下 中国 的 软 实力 。
其实 中国 一直 拥有 深 具 吸引力 的 传统 文化 ， 中国 已经 打造 了 超过 400 家 的 孔子 学院 ， 就是 宣扬 中国 的 语言 跟 文化 。
除此之外 ， 中国 也 在 世界 各地 打造 了 很多 的 广播电台 和 电视台 ， 中国 的 经济 也 有 了 长足 的 进步 。
在 2008年 金融 危机 爆发 之 后 ， 中国 提出 了 很 好 的 应对 策略 ， 成为 一个 典范 。
从 这些 角度 来 观察 ， 我们 可以 说 中国 的 软 实力 其实 已经 有 了 大 幅度 的 提升 。
不过 有 一 位 中国 的 政治 学者 写 了 一 篇 文章 ， 提到 根据 民意 调查 的 结果 ， 好像 大家 对 于 本国 软 实力 的 评价 并 没有 想象 的 那么 高 ， 问题 出 在 哪里 呢 ？
明明 中国 在 努力 地 提升 自己 的 软 实力 ， 为什么 没有 得到 想 要 的 效果 ？
我 想 问题 可能 在 于 两 个 方面 。
第一 ， 中国 官员 提起 软 实力 ， 常常 会 以为 必须 取决于 国家 的 政策 ， 取决于 政府 ， 其实 美国 的 软 实力 大部分 来自 哈佛 大学 ， 来自 好莱坞 。
中国 文化 产业 的 全球化 程度 ， 比 不 上 美国 的 好莱坞 ， 或者 是 印度 的 宝 莱 坞 。
中国 的 大学 虽然 很 好 ， 但 根据 上海交大 所 做 的 国际 排名 ， 中国 大学 的 排名 还 没有 其他 国家 那么 高 。
还有 现在 已经 是 一个 信息 革命 的 年代 ， 我们 每个 人 每天 都 可以 接收 到 很多 的 信息 。
信息量 这么 大 ， 我们 很 难 加以 消化 ， 所以 在 信息 时代 当中 我们 真正 需要 的 不 是 信息 ， 而是 注意力 ， 而 注意力 取决于 到底 什么样 的 信息 是 具有 可信度 的 。
如果 一个 国家 的 广播电视 系统 ， 可以 拥有 公 信 力 ， 也 能够 让 全世界 认同 你 的 软 实力 。
比如 BBC ， 虽然 它 的 经费 来自 英国 政府 ， 但 全世界 都 认为 BBC 具有 很 高 的 公信力 。