因 工作 需要 或 年龄 关系  免去  王列耀 同志 文学院 党委书记 职务  刘家林 同志 新闻 与 传播 学院 党委 委员  书记 职务  卢远 同志 生命 科学技术 学院 党委 委员  副 书记 职务  宿宝贵 同志 医学院 党委 委员  书记 职务  钟玲 同志 药学院 党委 委员  书记 职务  赵明杰 同志 附属 第一 医院 党委 委员  书记 职务  刘道桂 同志 附属 第一 医院 党委 委员  副 书记 兼 纪委 书记 职务  张国林 同志 华文 学院 党委 委员  副 书记 兼 纪委 书记 职务 
中共 暨南 大学 委员会 2011年 7月 22日 各 单位  根据 《 关于 本市 职工 基本 医疗 保险 有关 问题 的 通知 》 （ 京 人 社 医 发 [ 2012 ] 48 号 ）  《 关于 农民工 参加 医疗 保险 有关 问题 的 通知 》 （ 京 社保 发 〔 2012 〕 17 号 ） 文件 规定  农民工 按照 1% 比例 参加 医疗 保险 的 参 保 人员  自 2012年 4月 起  统一 按照 城镇 职工 缴费 标准 缴费 
现 就 有关 问题 通知 如下  一  2012年 4月  市 社保 中心 统一 将 基本 医疗 保险系统 中 农民工 的 缴费 人员 类别 调整 为  农村 劳动力   缴费 标准 调整 为 城镇 职工 缴费 标准  即 用人 单位 按 缴费 基数 的 10% 缴纳 基本 医疗 保险  按 1% 缴纳 补充 医疗 保险  农民工 个人 按 缴费 基数 的 2% 和 每月 3 元 缴纳 
二  农民工 信息 变更 及 制 卡信息 采集 （ 一 ） 农民工 信息 变更 1 校 人事部 2012年 4月 统一 进行  人事 管理系统  变更  将 缴费 人员 类别 中 农民工 统一 变更 为 农村 劳动力  并 按 农村 劳动力 缴费 比例 进行 扣款 
2 农民工 发生 以下 信息 变更 的  用人 单位 可 于 4月 1日 之后 填报 《 更改 个人 信息 申报 表 》 报送 校 人事部  （ 1 ） 农民工 参 保 信息 需 补充  变更 的  （ 2 ） 缴费 比例 调整 后  农民工 需 增加  变更 定点 医疗 机构 的 
（ 二 ） 农民工 制 卡信息 采集 用人 单位 完成 信息 变更 后  需 向 校 人事部 提交 农民工 本人 二 代 《 居民身份证 》 复印件 一 份  符合 二 代 《 居民身份证 》 照片 要求 的 照片 一 张 
校 人事部 报送 海淀区 社保 中心 审验 合格 后  为 用人 单位 打印 《 新 发 与 补 （ 换 ） 社会 保障 卡 领 卡 证明 》 （ 以下 简称 《 领 卡 证明 》 ）  并 发放 职工 本人 
三  2012年 4月 起  持 《 领 卡 证明 》 的 农民工 在 未 领取 到 社会 保障 卡 期间 就医 发生 的 医疗 费用 由 个人 先行 垫付  待 领取 到 社会 保障 卡 后  再 由 用人 单位 携带 其 社会 保障 卡  医疗费 单据  处方 到 区 县 医 保 中心 进行 手工 报销 
附件  《 关于 本市 职工 基本 医疗 保险 有关 问题 的 通知 》 （ 京 人 社 医 发 〔 2012 〕 48 号 ） 《 关于 农民工 参加 医疗 保险 有关 问题 的 通知 》 （ 京 社保 发 〔 2012 〕 17 号 ） 北京大学 人事部 2012年 3月 22日 根据 北京 市 教委 《 关于 聘用 2012年 应届 高校 毕业生 参与 科研 项目 研究 有关 具体 事项 的 通知 》 精神  参照 北京 市 教委 《 关于 聘用 2009年 应届 高校 毕业生 参与 科研 项目 研究 工作 的 通知 》 （ 京 人 社 办发 【 2009 】 51 号 ） 的 具体 要求  结合 北京大学 工作 实际  现 就 我校 开展 聘用 2012年 应届 高校 毕业生 参与 重大 科研 项目 工作 的 有关 问题 通知 如下  一  关于 聘用 毕业生 参与 研究 的 科研 项目 的 条件 （ 一 ） 属于 国家 科技 重大 专项  973 计划  863 计划  科技 支撑 计划 项目 或 国家 自然科学 基金 的 重大 重点 项目 范围  （ 二 ） 项目 研究 时限 不 低于 2年  项目 结 题 时间 不 早 于 2014年 7月 1日 
（ 三 ） 项目 经费 必须 保证 聘用 人员 劳务 性 及 社会 保险 福利 等 费用 的 支出  该 支出 占 项目 支出 的 比例 要 适当 
二  聘用 条件 聘用 的 高校 毕业生 应 符合 以下 条件  （ 一 ） 北京 大学 毕业  列入 国家 统一 招生 计划 （ 不 含 定向  委 培 ） 的 2012年 应届 非 北京 生源 博士  硕士 毕业生  北京 生源 毕业生 可 通过 北京大学 人才 交流 与 培训 中心 派遣  不 纳入 该 项目 聘用 
（ 二 ） 热爱 科研工作  具有 从事 项目 研究 所 需要 的 能力 和 素质  （ 三 ） 所 学 专业 与 科研 项目 直接 相关  （ 四 ） 在校 期间 学习 成绩 优秀  无 补考  重 修 记录  能 按时 取得 相应 学位  具有 大学 英语 四 级 及 以上 考试 合格 证书  （ 五 ） 身体 健康 
三  聘用 人数 符合 聘用 条件 的 项目 组 可 根据 经费 情况 聘用 符合条件 的 毕业生 
四  聘用 程序 及 时间 安排 （ 一 ） 各 单位 在 4月 30日 前 将 《 北京 地区 高校 聘用 毕业生 参与 科研 项目 研究 登记表 （ 聘用 单位 情况 ） 》 （ 附 件 1  请 在 http / / hr 
pku 
edu 
cn / xzzx / kyxmpy / 下载 ）  连同 申请 科研 项目 立项 审批 书面 文件 复印件 报 科研 部 审核 批准  并 将 该 表 以及 《 申请 聘用 毕业生 名单 》 （ 附 件 2  请 在 http / / hr 
pku 
edu 
cn / xzzx / kyxmpy / 下载 ） 电子版 提交 至 北京大学 人才 交流 与 培训 中心  邮件 地址  rscrcb@pku 
edu 
cn 
科研 部 及时 将 审批 后 的 《 北京 地区 高校 聘用 毕业生 参与 科研 项目 研究 登记表 （ 聘用 单位 情况 ） 》 批转 北京大学 人才 交流 与 培训 中心 
科研 部 联系人  吴 锜 老师  62751447  wuqi@pku 
edu 
cn （ 二 ） 《 北京 地区 高校 聘用 毕业生 参与 科研 项目 研究 登记表 （ 聘用 单位 情况 ） 》 经 科研 部 审核 同意 后  各 单位 即 可 组织 选聘 小组 对 应聘 毕业生 进行 统一 选聘 与 面试  5月 20日 前 完成 毕业生 的 选聘 与 面试 工作  具体 要求  1  选聘 小组 的 构成  招聘 小组 由 院 系 人事  科研  毕业生 就业 主管 领导  各 项目 组 负责人  教师 代表 等 5 人 以上 组成  2  表决 方式  以 无记名 投票 方式 做出 是否 聘用 决定  2 / 3 以上 赞成票 方 可 通过 聘用 决定 
3  选聘 结束  选聘 小组 及时 向 人事部 人才 交流 与 培训 中心 提交 以下 材料  （ 1 ） 招聘 小组 人员 名单  （ 2 ） 所有 应聘 毕业生 个人 简历  （ 3 ） 对 所有 应聘 毕业生 的 投票 表决 结果  （ 4 ） 《 申请 聘用 毕业生 名单 》 （ 附 件 2  请 在 http / / hr 
