中共 江西 财经 大学 委员会 2009年 1月 15日 152012年 浙江 大学 新 上岗 辅导员 培训 计划 一  指导 思想 以 邓小平理论 和  三 个 代表  重要 思想 为 指导  坚持 科学 发展观  深入 贯彻 《 中共中央  国务院 关于 进一步 加强 和 改进 大学生 思想 政治 教育 的 意见 》  根据 《 浙江 大学 辅导员 队伍 建设 规定 》 的 要求  切实 加强 辅导员 队伍 建设  建立 和 完善 辅导员 培训 制度 与 体系  提高 辅导员 的 思想 政治 素质 和 业务 水平  努力 培养  政治 强  业务精  纪律 严  作风 正  的 优秀 辅导员 
二  培训 目标 帮助 新任 辅导员 认识 高等教育 的 基本 规律  明确 大学生 思想 政治 教育 工作 的 意义 和 任务  掌握 从事 高校 学生 思想 政治 工作 必备 的 专业 知识 和 技能  深入 理解 浙江 大学 的 人才 培养 目标 与 求是 精神 指导 下 的 育人 理念  学会 运用 相关 知识 分析  解决 学生 思想 教育 和 管理 中 的 实际 问题 
三  培训 对象 （ 共 46 人 ） 12012年 新 上岗  2+2  模式 辅导员 15 人 22012年 新 上岗 的 研究生 毕业 辅导员 17 人 32012年 新 上岗 机关 兼职 辅导员 14 人 （ 仅 参加 理论 学习 ） 四  培训 时间 集中 培训 2012年 6月 25日 — 29日 单独 培训 2 次  2012年 9-11月 五  培训 地点 1 理论 培训  紫金 港 校 区 剧场 心理 中心 报告 厅 2 素质 拓展  桐庐 向心力 素 拓 基地 六  培训 说明 新 上岗 辅导员 培训 是 浙江 大学 提高 辅导员 思想 政治 素质 和 业务 水平 的 重要 内容  所有 辅导员 无 特殊 原因 必须 全程 参加 
完成 所有 培训 项目  并 考核 合格 后  参 训 者 （ 非 兼职 辅导员 ） 将 获得  浙江 大学 新 上岗 辅导员 培训 合格 证书   视 同 于 参加 校 人事处 的 新 上岗 教师 培训 
七  培训 内容 1  工作 理念 和 文化 建设 培训 2  实 务 培训 和 案 例 分析 3  心理 健康 与 沟通 协作 培训 4  教育 法规 和 应用 写作 八  学习 资料 1 《 中共中央  国务院 关于 进一步 加强 和 改进 大学生 思想 政治 教育 的 意见 》 2 《 高校 辅导员 理论 与 实 务 》 （ 言实 出版社 / 主编  陈立民 ） 3 《 中 共 浙江 大学 委员会 浙江 大学 关于 进一步 加强 和 改进 大学生 思想 政治 教育 工作 的 若干 意见 》 （ 党委 发 〔 2010 〕 46 号 ） 4 辅导员 队伍 建设 相关 条例 及 规定 5 心理 健康 教育 与 危机 干预 有关 文件 6 《 浙江 大学 学生 手册 》 7． 《 十年树木 百年树人 — 2011年 优秀 辅导员 访谈 》 附  2012年 浙江 大学 新 上岗 辅导员 培训 日程表 浙江 大学 辅导员 队伍 建设 工作 小组 20126 16 关于 2012年度  新 世纪 优秀 人才 支持 计划  预 申报 的 通知 各 有关 学院  老师  教育部  新 世纪 优秀 人才 支持 计划  着眼 于 培养  支持 一 批 学术 基础 扎实  具有 创新能力 和 突出 发展潜力 的 优秀 青年 学术 带头人 
根据 教育部 教 技 司 [ 2012 ] 144 号 《 关于 2012年度  新 世纪 优秀 人才 支持 计划  申报 工作 的 通知 》 精神  现 将 教育部 2012年度  新 世纪 优秀 人才 支持 计划  申报 工作 的 有关 事项 通知 如下  一  申报 领域 自然科学 领域 申请者 须 按照 如下 领域 归口 申报  管理 科学 与 工程 ( 含 工商 管理 ) 
哲学 社会科学 类 按 以下 8 个 领域 归口 申报  1  哲学  马克思主义  思想 政治 理论 教育  2  经济学  3  法学  4  政治学  社会学  民族 学  5  教育学  心理学  6  语言学  文学  新闻 传播  7  历史学  8  艺术 学  体育 学 
二  申报 条件 1． 申请者 须 符合 《  新 世纪 优秀 人才 支持 计划  实施 办法 》 （ 见 附件 一 ） 第七 条 所 列 各项 基本 条件 
申请者 应 具有 副教授 级 及 以上 职称  具有 博士 学位 
自然科学 领域 应 为 1972年 1月 1日 以后 出生  哲学 社会科学 领域 应 为 1967年 1月 1日 以后 出生 
2． 国内 申请者 应 具有 中国 国籍  且 必须 通过 人事 关系 所在 单位 申请  不 接受 跨 单位 申报 
3． 引进 海外 青年 优秀 人才 纳入 本 计划 一 并 申报 
4． 坚持 公开 遴选  择优 推荐 的 原则 
加大 人文 社会科学 领域 的 申报 
注重 与 部门  地方 和 学校 各类 高层次 人才 计划 的 衔接 
5． 已 获得  长江 学者 特聘 教授    国家 杰出 青年 科学 基金   中科院  百 人 计划  资助 者  不得 再 申请 本 计划 
三  其他 事项 1． 本次 申报 为 限额 申报  经 我院 研究  先 在 校内 进行 限额 预 申报  在 此基础 上 再 请 有关 专家 评审 决定 具体 申报 人 
预 申报 的 名额 分配 如下  人文 学院  外语 学院  传媒 与 国际 文化 学院  经济 学院  教育 学院  光华 法学院  管理 学院  公共 管理 学院  思想 政治 理论 教学科研 部 以及 中国 农村 发展 研究院  中国 西部 发展 研究院 各 推荐 １ 位 申报 人  预 申报 截止时间 为 6月 22日  逾期 不 报  视为 自动 放弃 
2． 每 位 被 推荐 人 需 填写 《 新 世纪 优秀 人才 支持 计划 校内 评审 书 》 （ 见 附件 二 ） 一 式 5 份 和 电子版 1 份  《 配套 经费 落实 情况 确认 单 》 （ 见 附件 三 ） 一 式 两 份  经 学院 有关 领导 或 来源 经费 负责人 签字  盖章 后  于 6月 22日 前 交 社会科学 研究院 （ 紫金 港 校 区 西 三 B -207A 室 ） 
3． 《 新 世纪 优秀 人才 支持 计划 校内 评审 书 》 中 需要 附 的 相关 证明 材料 可以 暂时 不 附  学校 将 根据 推荐 人 情况 及 申报 领域 择优 统筹 遴选  确定 正式 申报 名单 后 再 通知 相关 学院 填写 正式 申请书  并 附 相关 证明 材料 
联系 人  肖军霞 联系 电话  88981068 邮箱  xiaojunxia@zju 
edu 
cn 社会 学科 研究 院 2012年 6月 5日 17 武大 推行 大学生 党建  活力 创新 工程  为 创建 充满 活力 的 高校 大学生 党组织  武大 推行  活力 创新 工程   该 工程 以  激发 活力 
增强 凝聚  为 主题  由 一 系列 活动 组成  健全 运行 机制 
科学 设置 大学生 党组织  在 党员 规模 大  人数 较 多 的 学院 成立 本科生 党总支  研究生 党总支  每个 学生 支部 人数 一般 不 超过 20 人 
