第 六 章 附则 第二十 条 各 单位 依据 本 实施 办法 的 精神  结合 本 单位 的 工作 职责 和 实际 情况  制定 本 部门 校务 公开 实施 细则  报 校务 公开 领导 小组 办公室 备 案 
第二十一 条 校务 公开 工作 事 关 学校 改革  发展 和 稳定 的 大局  各 单位 要 高度 重视 将 其 纳入 本 单位 年度 工作计划  每年 初 向 校务 公开 领导 小组 办公室 报送 本 单位 的 校务 公开 计划 及 公开 目录  年末 报送 校务 公开 工作 总结 
学校 将 各 单位 和 部门 校务 公开 落实 情况  作为 单位 和 领导 干部 年终 考核 的 重要 内容 之一 
第二十二 条 本 实施 办法 由 校务 公开 领导 小组 办公室 负责 解释 
第二十三 条 本 实施 办法 自 2008年 月 日 起 试行  原 《 中国 传媒 大学 关于 进一步 推进 校务 公开 工作 的 意见 》 自 本 办法 公布 之 日 起 废止 
附  1． 中国 传媒 大学 校务 公开 领导 小组 及 其 办公室 成员 名单 2． 中国 传媒 大学 校务 公开 监督 小组 成员 名单 3． 中国 传媒 大学 校务 公开 目录 （ 试行 ） 经 全国 哲学 社会科学 规划 领导 小组 批准  2012年度 国家 社会 科学 基金 重大 项目 （ 第三 批 ） 面向 全国 公开 招标  现 将 有关 事项 公告 如下 
一  招标 单位 全国 哲学 社会科学 规划 办公室 二  招标 对象 主要 包括 中央 和 国家有关 部委  教育部 直属 高校  省级 以上 （ 含 ） 党校  社科院  高校 和 重点 研究 基地  军队 系统 重点 院校 和 社科 研究 机构 
投标 要 以 单位 名义 进行  多 单位 联合 投标 须 确定 一个 责任 单位 
三  招标 工作 的 指导 思想 高举 中国 特色 社会主义 伟大 旗帜  坚持 以 邓小平理论 和  三 个 代表  重要 思想 为 指导  深入 贯彻 落实 科学 发展观  贯彻 落实 党 的 十七 届 六中全会 精神  认真 实施 《 国家 哲学 社会科学 研究  十二五  规划 》  坚持 解放思想  实事求是  与 时 俱 进  大力 推进 理论 创新  建设 哲学 社会科学 创新 体系  发挥 国家 社科 基金 示范 引导 作用  着力 推出 具有 重大 学术 创新 价值 和 文化 传承 意义 的 标志性 研究 成果  为 推动 社会主义 文化 大 发展 大 繁荣 服务 
四  招标 数量 和 资助 强度 本 批 重大 项目 共 发布 101 个 基础 类 招标 选题  每个 招标 选题 原则 上 只 确定 一 项 中标 课题  重大 考古 发掘 报告 视 投标 和 评审 情况 拟 资助 5-10 项 
资助 强度 根据 研究 的 实际 需要 确定  一般 为 每 项 60 万 -80 万 元 
对于 研究 周期 长  经费 投入 大  带有 工程 性质 的 重大 选题  可 单独 编制 经费 预算  如 获 中标  将 根据 研究 进展 情况 和 完成 质量  经 专家 评估 合格 后 予以 滚动 资助 
五  投标 资格 要求 （ 一 ） 投标 责任 单位 须 具备 下列 条件  1 在 相关 领域 具有 雄厚 的 研究 实力 和 学术 积累 
2 设有 负责 科研 管理工作 的 职能 部门 
3 能够 提供 开展 重大 课题 研究 的 良好 条件 
4 投标 重大 考古 发掘 报告 的 单位 须 具有 国务院 文物 行政部门 批准 的 田野 考古 团体 领队 资格 
（ 二 ） 投标 者 须 具备 下列 条件  1 首席 专家 须 具有 中华人民共和国 国籍  具有 较 高 的 政治 素质  在 相关 研究 领域 具有 深厚 的 学术 造诣 和 公认 的 学术 成就  社会 责任感 强  学风 优良  具有 正 高级 专业 技术 职务 或 局级 以上 （ 含 ） 领导 职务  承担 实质性 研究 工作 并 担负 科研 组织 指导 职责 
首席 专家 只 能 为 一 名 
2 在 研 的 国家 社科 基金 重大 项目  马克思主义 理论 研究 和 建设工程 重大 项目  教育部 人文 社会科学 重大 项目  国家 出版 基金 项目 以及 其他 国家级 重大 科研 项目 的 课题 负责人  不能 作为 首席 专家 参加 本次 投标 
3 首席 专家 只能 投标 一 个 项目  且 不 能 作为 子 课题 负责人 或 课题组 成员 参与 本次 投标 的 其他 课题 
子 课题 负责人 只 能 参与 一个 投标 课题  课题组 成员 最 多 参与 两 个 投标 课题 
4 投标 重大 考古 发掘 报告 的 首席 专家 须 具有 国务院 文物 行政 部门 颁发 的 考古 发掘 领队 资质 证书 
六  投标 课题 要求 1 除 重大 考古 发掘 报告 外  须 按 本 《 公告 》 发布 的 选题 研究 范围 （ 附 后 ） 投标  自选 课题 不予 受理 
重大 考古 发掘 报告 主要 资助 国务院 文物 行政部门 批准 的 田野 考古 发掘 资料 的 整理 研究  标本 检测分析  考古 报告 出版 等  具体 题目 自行 拟定 
2 本次 投标 须 按照 新 修订 《 投标 书 》 （ 2012年 6月 版 ） 的 规定内容 和 要求 填写 申报 材料  填报 以前 版本 无效  《 投标 书 》 文本 要 简洁  规范  清晰  不 加 附件 
3 投标 课题 要 突出 研究 重点  体现 有限 目标  课题 设计 不宜 过 于 宽泛  避免 大 而 全  子 课题 数量 一般 不 超过 5 个  大型 文献 典籍 整理  丛书 编纂 等 规模较 大 的 课题  可 根据实际 需要 设计 子 课题 数量 
4 投标 者 要 熟知 国内外 相关 领域 研究 前沿 和 动态  除 必要 的 学术 史 梳理 和 综述 外  应 着重 对 同类 课题 研究 状况 和 他人 研究 成果 做出 分析评价  阐明 选题 的 价值 和 意义 
5 投标 者 须 具备 扎实 的 研究 基础 和 丰富 的 相关 前期 研究 成果  《 投标 书 》 要 重点 介绍 首席 专家 近年来 在 相关 研究 领域 的 学术 积累 和 学术 贡献  同行 评价 和 社会 影响 等 方面 情况 
6 投标 者 要 树立 问题 意识 和 创新 意识  在 框架 设计  研究 思路  主要 内容  基本 观点  研究 方法 等 方面  体现 投标 者 创新 的 学术 思想  独到 的 学术 见解 和 可能 取得 的 突破 
7 项目 完成 时间 根据 研究 工作 的 实际 需要 确定  一般 应 在 5年 左右 完成  部分 研究 任务 艰巨  规模较 大  周期 较 长 的 课题 可 分期 完成  完成 时限 不 做 统一 规定 
8 预期 研究 成果 的 规模 和 数量 应 科学合理  确保 质量 和 学术 水准  多 出 精品 力作  避免重复 出版  最终 成果 为 大型 文献 典籍 整理  多 卷 本 专 著  系列 丛书 等 形式 的  应 注意 编纂 体例 的 科学性  完整性  统一性 
七  投标 纪律 要求 1 投标 责任 单位 和 首席 专家 要 加强 审查 把关  严 把 政治 方向 关 和 学术 质量关 
