在 北京市 景山 东街 社区 ， 一 批 养 犬 人 还 专门 成立 了 一个 " 社区 爱犬 自 管 会 " 。
记者 ： 自 管 会 ， 都 自 管 什么 呢 ？
张建新 北京市 动 城区 景山 东街 社区 文明 养 犬 自 管 会 会长 ： 养 犬 户 必须 年检 ， 该 年检 的 年检 ， 该 体检 的 体检 ， 该 打针 的 打针 ， 必须 把 六 联 苗 和 狂 犬 疫苗 给 打 了 。
记者 ： 为什么 想 起来 去 组织 这样 一个 自 管 会 呢 ？
张建新 ： 现在 不 是 讲 和谐 社会 吗 ？
有 喜欢 狗 的 和 不 喜欢 狗 的 ， 不 是 有 意见 吗 ？
咱们 就 起 一个 调节 作用 ， 我们 自己 养 狗 的 就 是 自觉 遵守 。
记者 ： 就 是 用 咱们 自己 的 行为 赢得 别人 的 尊重 ， 是 吗 ？
张建新 ： 对 。
解说 ： 如今 ， 社区 的 98 户 养 犬 人 ， 有 56 户 参加 了 协会 。
他们 每年 按时 给 狗 打 防疫针 ， 每天 定时 遛 狗 。
遛 狗 时 ， 不仅 带 上 狗 证 ， 给 狗 拴 上 狗 链 ， 还 要 带 上 清理 狗 粪便 的 工具 。
养 犬 人 ： 反正 我 就 是 卫生纸 带 在 包 里 ， 还有 狗 证 都 在 这里 边 了 。
记者 ： 我们 看看 您 平时 出 门 时 都 带 些 什么 ？
养 犬 人 ： 卫生纸 、 狗 证 。
记者 ： 这 是 狗 证 ？
养 犬 人 ： 对 。
还有 我们 自己 的 狗 证 ， 这个 因为 是 我 小姑子 的 ， 她们 家 没有 人 。
记者 ： 帮 她 带 着 狗 ？
养 犬 人 ： 对 。
然后 就 是 它 要 拉 了 大 便 ， 就 放 在 塑料袋 里 边 ， 让 人家 踩 了 ， 多 恶心 ， 多 不好 ， 到 时候 你 走 了 ， 让 人家 骂 。
解说 ： 通过 这样 多 方面 自觉 的 行动 ， 社区 的 环境 果然 发生 了 变化 。
以前 小区 里 不 喜欢 养 狗 的 人 ， 现在 对 养 狗 也 变 得 宽容 了 。
北京 市民 ： 原来 ， 我们 都 很 反感 养 狗 户 ， 觉得 弄 得 粪便 哪儿 都 是 ， 现在 有 ( 狗 的 ) 大便 什么 的 ， 他们 及时 能 清理 。
而且 遇见 路人 ， 它们 猛 叫 的 时候 ， 主人 都 会 制止 它们 ， 不 让 它们 叫 。
还 可以 我 觉得 ， 我们 不 养 狗 ， 倒是 也 感到 很 满意 。
北京 市民 ： 现在 每天 晚上 出门 都 拎 着 塑料袋 ， 带 着 手纸 什么的 出去 ， 挺 好 的 。
记者 ： 那 等于 说 以前 烦 养 狗 的 ， 现在 可能 对 他们 也 没 那么 烦 了 ？
北京 市民 ： 对 。
北京 市民 ： 我 喜欢 狗 ， 怕 狗 咬 着 我 ， 把 狗 拴 起来 。
养 犬 人 ： 我 觉得 文明 养 犬 应该 从 我们 自身 做 起 。
如果 我们 能 认真 做 到 文明 养 犬 ， 对 我们 整个 城市 和 社区 的 文明 也 有 很 大 的 提高 。
演播室 主持人 翟树杰 ： 狗 一直 是 人类 忠诚 的 朋友 ， 有 很多 可爱 的 地方 。
但是 如果 管理 不好 ， 也 会 引发 出 破坏 环境 、 狗 咬 人 以及 狂犬病 等 不少 问题 。
养 犬 的 关键 在 一个 " 养 " 字 ， 要 想 解决 好 养 犬 带来 的 矛盾 ， 首先 在于 犬 主人 自身 的 努力 ， 真正 做到 按照 规定 养 犬 ， 科学 养 犬 ， 文明 养 犬 和 健康 养 犬 。
毕竟 用 市民 们 的 话 来说 ， 文明 养 犬 也 是 一个 城市 文明 水平 的 具体 体现 。
好 ， 感谢 您 收看 今天 的 《 焦点 访谈 》 ， 并 给 我们 提供 更 多 的 新闻 线索 ， 再见 。
结语 ： 采集 人 ： 王宗华 学生 幼儿 平安保险 （ 简称 学 平 险 ） 是 针对 学生 的 一 种 保费 低 、 保障 性 强 的 险种 。
早 在 2003年 ， 中国 保 监 会 就 已 在 全国 叫 停学 平 险 团体 销售 模式 ， 规定 学校 不 能 再 以 投保 人 的 名义 包办 学生 平安 保险 ， 学 平 险 只能 是 未成年 学生 家长 或 监护人 自愿 投保 。
然而 记者 在 广西壮族自治区 宾阳县 采访 时 了解 到 ， 这里 的 教育 部门 仍然 在 违规 包办 学生 学 平 险 的 销售 。
秋季 开学 至今 是 学生 买 学 平 险 的 高峰期 。
记者 发现 在 这 过程 中 最 忙碌 的 却 是 老师 们 。
学生 们 购买 是 中国 人寿 、 人 保 财 险 、 太保 人寿 三 家 保险 公司 联 保 ， 保费 为 45 元 的 保险 。
虽然 还 有 其他 保险 公司 开 出 类似 的 保险 ， 但 一些 学生 和 家长 自愿 购买 后 却 在 学校 的 干预 下 改 买 三 家 公司 的 保险 ， 有的 老师 还 因为 向 学生 推荐 了 其他 保险 公司 而 被 校方 严厉 批评 ， 有的 老师 甚至 还 被迫 写 了 检查 。
老师 们 说 教育局 曾 在 一些 教师 会议 上 专门 就 指定 保险 公司 的 事 布置 过 任务 。
国家 三令五申 规定 学校 不 得 指定 保险 公司 ， 可 宾阳县 教育局 和 学校 却 大动干戈 到底 为什么 呢 ？
记者 在 宾阳县 露 圩 中学 财务 室 看到 ， 学校 收取 保费 后 ， 班主任 和 校方 要 收取 一些 手续费 ， 今年 学校 分得 8839 元 。
记者 还 找 到 几 张 教育局 往年 收取 手续费 的 收条 ， 2002年 仅 从 太保 人寿 一 家 公司 ， 教育局 就 收取 手续费 34772 元 。
结语 ： 采集 人 ： 王宗华 测绘 是 一 项 基础性 工作 ， 在 经济 建设 、 国防 建设 和 社会 发展 等 各个 领域 测绘 工作 也 发挥 着 越来越 重要 的 作用 。
正 在 北京 国家 博物馆 举行 的 “ 经纬 之 光 —— 全国 测绘 成果 成就 展 ” ， 对 50年 来 我国 测绘 的 成果 及 应用 进行 了 一 次 大 检阅 。
前来 参观 的 人群 中 有 许多 是 白发苍苍 的 老 测量 工作者 ， 他们 对 展品 有着 特殊 的 感情 。
年 近 七旬 的 周良 是 一 位 老 测绘 工作者 。
他 告诉 记者 当年 为了 进行 水准 测量 ， 野外 测绘 队员 们 推 着 架子车 徒步 从 新疆 一直 走 到 海南岛 。
实地 测量 中 队员 们 经常 是 走 到 哪儿 就 住 到 哪里 ， 羊圈 、 牛 圈 都 曾 是 他们 的 临时 住所 ， 有时 队员 还 要 面对 生死 的 考验 。
在 新 中国 测绘 工作 创建 之 初 ， 广大 测绘 工作者 经历 了 艰苦卓绝 的 创业 阶段 。
