这 是 他 的 第五 次 北京 之 旅 。
随着 他 的 到来 ， 全世界 也 将 目光 再次 聚集 到 了 北京 。
虽然 罗格 的 行程 非常 短暂 但 却 很 紧凑 。
在 京 期间 ， 他 参加 了 第五 届 世界 体育 、 教育 和 文化 论坛 ； 在 北京 体育 大学 接受 了 荣誉 博士 学位 。
接着 ， 他 又 马不停蹄 地 考察 了 北京 奥运 场馆 的 建设 进展 。
对于 北京 的 奥运 准备 ， 罗格 始终 赞不绝口 。
他 将 “ 鸟巢 ” 称为 世界 建筑 杰作 ， 称赞 北京 奥 组 委 的 工作 卓有成效 ， 而 对于 两 年 后 的 北京 奥运会 ， 罗格 则 用 “ 期待 完美 ” 来 表达 了 他 的 心情 。
罗格 对 中国 文化 情有独钟 。
他 喜欢 福娃 的 天真 可爱 ， 欣赏 北京 奥运会 徽 浓浓的 中国 味 ， 还 赞赏 北京 奥运 即将 把 奥运 圣火 送 上 珠峰 的 创意 。
罗格 将 北京 奥运 所 要 传达 的 东西 ， 称为 “ 很 难 用 言语 概括 的 东方 智能 ” ， 并 说 这 是 北京 奥运 将 深深 吸引 他 和 全世界 的 东西 。
他 甚至 还 学习 了 简单 的 汉语 ， 并 用 汉 字体 篆刻 了 一 枚 “ 罗格 之 印 ” 。
对于 中央电视台 推出 的 “ 奥运 舵手 ” 活动 ， 罗格 也 予以 了 高度 评价 。
他 认为 “ 它 展现 了 人类 的 未来 ” , 即 吸引 越来越 多 的 人 参与 到 体育 运动 中 来 。
最后 罗格 表示 ， 奥运会 不仅 要 “ 更 高 、 更 快 、 更 强 ” ， 而且 要 “ 更 纯洁 、 更 人性 、 更 团结 ” 。
我们 也 完全 有 理由 相信 ， 2008 北京 奥运 ， 将 成为 奥运 历史 上 的 一个 里程碑 ， 一个 人类 的 欢乐 节日 。
结语 采集 人 ： 王宗华 10月 30日 ， 第六 届 中国 （ 珠海 ） 国际 航空 航天 博览会 在 广东省 珠海市 开幕 ， 来自 中 、 俄 、 美 等 32 个 国家 和 地区 的 航空 航天 企业 参展 。
在 本届 博览会 上 ， 一 批 我国 自主 研发 、 拥有 完全 自主 知识 产权 的 军 、 民用 飞机 集体 亮相 ， “ 中国 制造 ” 成为 本届 航 展 的 最 大 看 点 。
国内 几 家 参展 单位 的 展品 十分 丰富 ， 从 运载火箭 到 各种 军用 、 民用 飞机 可谓 琳琅满目 。
在 民用 飞机 方面 ， 小鹰 500 令 人 瞩目 。
它 是 我国 自主 创新 的 第一 架 可用 作 私人 用途 的 小型 飞机 ， 可 搭乘 4 人 ， 售价 约 200万 元 ， 市场 前景 十分 广阔 ， 目前 已经 签 下 100 多 份 订单 。
新 舟 － 60 是 我国 拥有 全部 知识 产权 的 支线 客机 。
在 技术 上 它 采用 了 目前 最 成熟 的 航空 科技 ， 具有 良好 的 经济性 和 安全性 ， 一经 问世 便 一直 保持 着 不错 的 销售 势头 ， 到 2006年 6月 为止 已 出口 了 32 架 。
在 军用 飞机 方面 ， “ 山 鹰 ” 和 “ 猎鹰 ” 表现 十分 抢眼 。
它们 是 两 个 不同 系列 的 高级 军用 教练机 。
“ 山 鹰 ” 具有 起降 性能 好 、 机动 性能 好 、 小 速度 范围 飞机 比较 稳定 等 优点 ； 而 “ 猎鹰 ” 外形 设计 十分 独特 ， 具有 一定 的 隐身 能力 。
除了 航空 以外 ， 航天 领域 也 是 重要 的 参展 内容 。
最 令 人 瞩目 的 是 我国 自行 研制 的 月 面 巡视 探测器 （ 俗称 月球车 ） 。
它 将 在 未来 某个 时间 登 陆月 球 ， 完成 各项 科研 任务 ， 为 载人 登月 提供 参考 数据 。
此次 中国 珠海 航 展展 出 的 一 系列 我国 自主 创新 的 军 、 民用 飞机 和 航天 装置 ， 不仅 圆 了 国人 翱翔 蓝天 的 梦想 ， 而且 还 将 在 国际 航空 市场 上 显露 头角 。
结语 ： 采集 人 ： 王宗华 97 岁 的 刘应启 是 江苏省 军区 扬州 军分区 的 一 位 老红军 。
多 年 来 ， 无论是 在 战争 年代 中 还 是 和平 岁月 里 ， 他 总是 不 断 热心 地 帮助 他人 。
他 的 事迹 令 人 动容 。
1930年 ， 刘应启 加入 中国 工农红军 ， 在 长征 中 是 收容 队 成员 。
他们 一方面 要 参与 战斗 ， 另一方面 还 要 负责 照顾 那些 受伤 的 战友 。
从 那时 起 ， 他 就 有 一个 信念 ， 不 能 让 一个 战友 掉队 。
如今 ， 在 和平 岁月 里 ， 他 依然 用 爱心 帮助 那些 需要 帮助 的 人 。
扬州市 卢湾 镇 的 卢兴兵 是 一 位 脑瘤 患者 ， 一家 人 生活 十分 艰辛 。
今年 9月 15日 ， 刘应启 老人 知道 此事 后 ， 不顾 年迈 体 衰 冒雨 赶到 卢 家 ， 送 上 从 退休金 中 省 下来 的 1500 元 钱 ， 并且 还 制定 了 一个 持续 帮助 计划 。
卢兴兵 只是 刘应启 老人 帮助 过 的 许多 人 中 的 一个 。
从 1995年 起 ， 刘应启 便 开始 实施 自己 的 五年计划 ， 即 每个 月 节省 200 元 钱 ， 每年 结对 资助 五 个 孩子 。
就 这样 ， 五 年 时间 他 用 节省 下 的 1万 元 左右 让 20 余 名 孩子 重返 了 校园 。
此外 ， 他 还 通过 各种 方式 ， 从 自己 的 退休金 中 节省 出 了 15万 元 ， 帮助 了 30 多 个 孩子 和 困难 家庭 。
除了 慷慨解囊 、 扶助 弱者 以外 ， 刘应启 还 参与 了 抗洪 等 不 少 社会 公益 事业 ， 他 的 参与 感染 激励 了 很多 人 。
虽然 ， 刘应启 是 军 级 干部 ， 但是 他 的 儿女 并 没有 沾 到 他 什么 光 。
儿女 们 也 曾 埋怨 过 他 ， 但 随着 时间 的 流逝 ， 孩子 们 理解 了 父亲 。
刘应启 本来 可以 颐养 天年 ， 但是 他 没有 这样 做 。
而 是 凭着 对 社会 强烈 的 责任感 和 对 人民 大众 的 爱心 ， 扶危济困 ， 实属 难能可贵 。
结语 ： 采集 人 ： 王宗华 《 伟大 壮举 光辉 历程 》 纪念 长征 胜利 70 周年 主题 展览 ， 自 10月 16日 在 军事 博物馆 揭幕 以来 ， 这个 建国 以来 规模 最 大 的 纪念 长征 展览 每天 都 吸引 着 很 多 观众 前来 参观 。
今天 《 焦点 访谈 》 特邀 主持人 崔永元 向 大家 介绍 展览 上 展出 的 一些 珍贵 文物 情况 。
据悉 ， 这次 展览 一共 征集 了 400 多 件 文物 ， 其中 58 件 是 第一 次 和 观众 见面 。
这些 文物 既 见证 了 红军 成长 的 历史 、 红军 长征 的 历史 ， 也 见证 着 军民 鱼水情 谊 史 、 党 与 人民 的 血肉 联系 史 。
在 展览 中 ， 人们 可以 看到 许多 真实 的 物品 ， 如 当年 老百姓 帮助 红军 渡 江 用 的 渔船 、 朱德 和 夫人 康克 清 省吃俭用 留下来 的 银元 、 红军 们 过 草地 时 穿过 的 棉 背心 、 陈庚 使用 的 手枪 等等 ， 这 一件件 物品 都 记录 着 老百姓 对 红军 的 拥护 与 支持 ， 也 勾 起 了 许多 健在 老红军 的 记忆 。
