心理 老师 ： 这 是 一 首 谁 的 歌 ， 大家 听 出 来 没有 ？
同学 齐 答 ： 周华健 。
心理 老师 ： 周华健 的 《 朋友 》 。
解说 ： 这 是 广东省 惠州市 惠阳 高级中学 高一 （ 3 ） 班 在 上 一 堂 以 “ 朋友 ” 为 主题 的 心理 健康 教育课 。
课程 刚 开始 ， 老师 要求 相邻 两 个 同学 各 出 一个 中 指 ， 用 一 根 红 绳 在 这 两 个 指头 上 绑 出 一个 蝴蝶结 。
心理 老师 ： 我 想 问 一 下 ， 我们 在 这个 活动 当中 你 体验 到 了 什么 ？
惠州 惠阳 高级中学 学生 1： 要 团结 才 能 做 好 。
惠州 惠阳 高级中学 学生 2： 要 两 个 人 互相 配合 才 可以 做 得 好 ， 一定 要 有 很 大 的 默契 。
解说 ： 除了 游戏 ， 同学 们 还 根据 要求 进行 情景 表演 ， 在 这些 活动 过程 中 ， 老师 和 同学 们 共同 讨论 分析 应该 如何 选择 朋友 ， 应该 怎样 和 同学 相处 。
记者 ： 刚 上 的 那 节 课 觉得 对 你们 有 启发 吗 ？
惠州 惠阳 高级中学 学生 ： 有 。
记者 ： 怎么 讲 ？
惠州 惠阳 高级中学 学生 3： 就是 通过 这 节 课 可以 知道 以后 怎样 正确 去 交 朋友 ， 还有 怎样 去 帮助 朋友 ， 如果 我 得到 帮助 之后 ， 我 应该 怎样 去 回报 他们 。
记者 ： 大家 都 喜欢 上 这种 课 吗 ？
惠州 惠阳 高级中学 学生 4： 喜欢 ， 我 觉得 很 有趣 ， 而且 印象 很 深刻 ， 让 我们 的 心理 和 生理 都 得到 很 好 的 帮助 。
解说 ： 记者 在 惠州 看到 ， 许多 学校 都 设有 这样 活泼 生动 的 心理 健康 教育课 ， 内容 涉及 学习 方法 、 行为 举止 、 人际 交往 等等 。
近些年 来 ， 随着 独生子女 的 增多 和 长大 ， 家长 望子成龙 、 望 女 成 凤 的 愿望 急剧 膨胀 ， 学生 考试 多 、 作业 多 、 学习 压力 大 ， 一些 老师 教育 的 观念 、 方法 跟不上 时代 步伐 ， 种种 原因 使得 一些 学生 好斗 、 孤僻 、 冷漠 、 自 信心 不足 、 人际关系 紧张 ， 这些 表现 中 道德 问题 很 少 ， 更 多 的 是 心理 困扰 ， 针对 这种 情况 ， 惠州 从 1999年 开始 逐步 在 全市 普及 中小学 心理 健康 教育 。
路 平 惠州市 教育局 机关 党委书记 ： 素质 教育 之中 ， 这个 心理 健康 教育 是 必不可少 的 ， 我们 也 把 它 作为 德育 工作 一 种 渠道 ， 把 德育 工作 通过 这个 心理 健康 教育 使得 它 更加 有效 。
范 中 杰 惠州市 教育局 局长 ： 从 1999年 就 开始 成立 了 惠州市 的 心理 健康 教育 指导 中心 和 辅导 中心 ， 通过 这个 机构 来 指导 全市 （ 中小学 ） 心理 健康 教育 。
目前 应该 说 ， 我们 的 心理 健康 教育 是 深入 到 全市 的 各级 各类 学校 。
解说 ： 惠州市 心理 健康 教育 指导 中心 ， 要求 规模 以上 的 学校 开展 心理 健康 教育 要 有 专门 机构 、 专职 老师 、 专用 经费 ， 还 要求 这些 学校 在 固定 场所 布置 出 一个 温馨 的 心理 健康 咨询 室 。
但 当 学校 把 心理 健康 咨询 室 建 起来 的 时候 ， 最 开始 很 少 有 同学 光顾 。
惠州市 实验 中学 学生 1： 一 开始 觉得 去 心理 咨询 室 会 被 人家 认为 心理 不 健康 之类 的 ， 就 怕 人家 说闲话 。
（ 校园 电视 ） 学生 采访 ： 很多 同学 都 说 ， 那些 心理 有 病 ， 变态 的 人才 会 来 心理 咨询 室 咨询 ， 你 觉得 这样 的 说法 对 吗 ？
老师 ： 我 想 这 是 同学 们 对 心理 咨询 室 的 误解 ， 心理 咨询 又 称 为 心理 辅导 ， 其实 它 的 对象 大多数 应该 是 正常 的 普通人 ， 比如说 有 的 同学 心理 很 难受 ， 想 哭 却 又 找 不 到 合适 的 场所 ， 来 心理 咨询 室 大 哭 一 场 感觉 轻松 多 了 。
解说 ： 为了 消除 同学 们 的 顾虑 ， 学校 通过 校园 电视 、 广播 、 讲座 、 组织 学生 心理 学会 等 多种 方式 ， 不断 让 同学 们 了解 到 心理 健康 教育 是 一 种 保健 教育 ， 是 帮助 大家 减轻 压力 ， 消除 困惑 的 。
惠州市 实验 中学 学生 1： 通过 像 这 次 这样 的 活动 ， 让 我们 觉得 这 是 很 正常 的 ， 这 是 健康 的 。
惠州市 实验 中学 学生 2： 我们 要 正视 自己 的 心理 问题 ， 所以 要 觉得 自己 很 郁闷 的话 ， 就 去 那里 咨询 一下 ， 开朗 开朗 一下 自己 。
解说 ： 积极 地 引导 让 同学 们 消除 了 误解 ， 逐渐 走 进 校园 心理 咨询 室 的 同学 多 起来 了 。
学生 最 关心 的 是 学习 ， 因而 在 咨询 室 咨询 的 大多 是 学习 上 的 困扰 。
记者 到 惠州市 采访 时 ， 正 碰上 两 位 高 三 的 同学 在 咨询 学习 上 的 问题 ， 两 位 同学 说 这 是 第二 次 来 了 。
记者 ： 你 第一 次 带来 的 问题 是 什么 ？
丘 送 飞 惠州 一中 高三 （ 15 ） 班 学生 ： 做 数学 题目 的 时候 就 看 着 题目 ， 看 了 几 遍 还 不 知道 它 讲 什么 ， 就是 看 着 题目 ， 但 心里 又 想 别的 。
张小瑕 惠州 一中 心理 辅导 老师 ： 我 就 给 她 一些 建议 ， 调动 各种 的 感官 ， 比如说 眼 、 耳 、 手 。
丘 送 飞 ： 老师 就 教 我 做 题 的 时候 ， 要 用 笔 点 住 那 题目 ， 要 眼睛 看 住 ， 还要 读 出来 ， 这样 就 比较 容易 把 自己 注意力 集中 起来 。
然后 我 就 这样 做 ， 做 一 段 时间 之后 ， 我 就 觉得 有 效果 ， 就 相信 自己 是 可以 这样 做 的 。
解说 ： 其实 除了 学习 以外 ， 正值 青春期 的 孩子 们 有着 各式各样 的 迷茫 ， 但 许多 同学 始终 不 敢 把 这些 困惑 自己 的 小 秘密 面对面 地 说 出来 。
为此 ， 一些 学校 尝试 利用 现代 技术 开通 网上 咨询 ， 收到 很 好 的 成效 。
惠阳 高级中学 的 学生 从 1995年 开始 就 可以 通过 发 帖 子 、 QQ 等 方式 在 网上 寻求 学校 辅导 老师 的 帮助 。
王 会 礼 惠州市 惠阳 高级中学 心理 咨询 中心 主任 ： 讲 出 内心 世界 深处 话 的 这些 同学 ， 包括 家长 ， 可以 不 说 出 自己 是 谁 ， 那 我们 解答 这些 问题 的 ， 回复 这些 问题 的 老师 ， 仅仅 是 靠 问题 去 判断 来 回答 。
我们 回复 过 的 也 有 五千 多 人次 了 。
解说 ： 惠州 中小学 在 开展 心理 健康 辅导 的 同时 ， 还 对 学生 进行 心理 训练 ， 内容 包括 意志 训练 、 自信心 训练 、 人际 交往 技能 训练 、 放松 训练 等 ， 这 是 惠州 实验 中 学 面向 学生 开展 的 “ 健康 心灵 快乐 源泉 ” 的 大型 心理 主题 活动 。
