来 上网 的 未成年人 占 到 整个 消费群 的 30％ 左右 ， 而 在 最近 一 次 万 人 民主 评议 活动 中 ， 这种 情况 发生 了 变化 ， 群众 对 网吧 管理 的 意见 减少 到 了 10 条 。
网吧 经营者 1： 因为 我们 做 一个 生意 几 元 钱 ， 两 元 一个 小时 ， 如果 查 到 了 要 罚 五千 元 ， 这样 从 经济 上 来说 ， 我们 作为 老板 肯定 要 计算 一 下 了 ， 这 是 不 合算 的 ， 如果 查 到 三 次 营业执照 要 吊销 的 ， 所以 这 几 方面 ， 我们 应该 做 得 很 努力 。
过去 几 年 中 ， 宁波市 文化 部门 提高 了 对 网吧 违法 经营 的 处罚 标准 ， 他们 规定 网吧 凡 接纳 未成年人 进入 的 ， 处罚 额度 不得 低于 3000 元 ； 累计 2 次 或者 一 次 接纳 3 名 以上 的 ， 一律 罚款 ， 并 处 以 不 少于 15 天 的 停业 整顿 ； 累计 3 次 或者 1 次 接纳 8 名 以上 的 ， 一律 吊销 网络 文化 经营 许可证 。
而且 这 还 只 是 文化 部门 加强 网吧 管理 众多 办法 中 的 一 项 。
舒 月 明 宁波市 文化 广电 新闻 出版局 副 局长 ： 对 文化 市场 稽查 队 ， 我们 实行 单独 建制 ， 对 执法 人员 的 经费 由 财政 给予 权力 保障 ， 同时 落实 设备 、 设施 等 方面 ， 加大 执法 力度 ， 实行 网吧 市场 天天 查 ， （ 宁波 ） 市 总队 每天 三 组 以上 执法 人员 抓 市场 检查 ， 县 市区 每天 保证 一 组 以上 抓 市场 检查 ， 而且 检查 的 重点 就 是 网吧 。
但是 ， 宁波 全市 有 网吧 840 多 家 ， 执法 人员 只 有 90 来 人 ， 仅 靠 执法 人员 管 好 网吧 是 不够 的 ， 那 能 不能 动员 其他 社会 力量 参与 呢 ？
宁波市 聘请 了 一 批 义务 督导 员 ， 由 他们 负责 定期 不 定期 地 到 网吧 去 走走 看看 ， 并 及时 反馈 情况 。
另外 他们 设立 了 24 小时 不 休息 的 举报 电话 12318 ， 随时 受理 群众 举报 ， 不管 是 白天 还 是 深夜 ， 只要 接到 举报 ， 执法 人员 会 在 最 短 的 时间 赶到 现场 进行 调查 ， 而且 举报 的 群众 还 可以 得到 奖励 呢 。
吕 勇 宁波市 文化 市场 行政 执法 总队 副 总队长 ： 我们 出台 了 这个 举报 奖励 办法 ， 就是 为了 动员 群众 及时 给 我们 提供 线索 。
奖励 办法 上 说 ， 群众 每 举报 一个 网吧 接纳 未成年人 的 ， 就 可以 得到 200 到 500 元 的 奖励 。
有 没 有 效果 呢 ， 是 不 是 能够 积极 调动 大家 来 参与 这种 文化 市场 监管 的 积极性 呢 ？
吕勇 ： 有 效果 ， 我们 在 （ 办法 ） 出台 以后 ， 在 九月 底 我们 接到 一个 群众 的 举报 ， 反映 网吧 有 未成年人 ， 我们 及时 出警 ， 当场 查 到 一个 未成年人 ， 他 刚 坐下 要 开机 上网 ， 我们 及时 给予 了 制止 ， 对 这个 这 举报人 ， 我们 给予 了 及时 的 奖励 。
多 方面 及时 配合 ， 未成年人 进 网吧 的 的确 少 了 ， 但是 时间 不久 ， 有些 网吧 的 经营 却 遇 上 了 困难 。
黄忠 网吧 经营者 ： 刚 开始 确实 很 影响 收入 ， 觉得 本来 比如说 ， 一 天 差不多 快 坐 满 了 ， 因为 你 多拉 个 十 来 个 人 ， 可能 就 坐 满 了 ， 现在 感觉 差不多 他 这个 年纪 的 都 不 会 来 了 。
不 能 接纳 未成年人 ， 接近 三分之一 的 消费者 没有 了 ， 网吧 在 合法 经营 的 范围 内 怎么 生存 ？
那时 碰上 这个 问题 的 网吧 可 不 少 ， 为了 引导 经营者 ， 袁忠 所在 的 北仑区 网吧 行业 协会 积极 参与 进来 ， 他们 出面 组织 会员 到 外面 去 看看 人家 的 网吧 。
袁忠 ： 以 前 到 韩国 去 过 ， 因为 韩国 的 网吧 比较 发达 的 ， 出去 看 了 他们 ， 不管 是 环境 还是 服务 都 是 一流 的 ， 包括 国内 也 去 参观 过 好几 个 地方 ， 我们 都 去 了 ， 基本上 是 一起 去 的 ， 大家 回来 后 的 感觉 ， 就是 网吧 原来 可以 做成 这么 好 ， 所以 我 的 心态 一下子 也 调整 过来 了 。
有 了 信心 ， 袁忠 开始 认真 研究 北仑区 的 网吧 市场 。
北 仑 属于 宁波 的 经济 开放 区 ， 外来 打工 人员 大约 是 本地 人 的 两 倍 ， 袁忠 认为 ， 他们 是 最 需要 网吧 的 人 。
找 准 了 目标 客户 ， 袁忠 的 网吧 重新 开业 ， 没 多久 ， 原来 十几 台 电脑 就 发展 成 了 上百 台 电脑 ， 现在 他 又 在 外来 打工者 集中 居住区 开 了 一 家 更 大 的 分店 ， 生意 依然 十分 红火 。
袁忠 ： 就 跟 原来 完全 是 两 回 事儿 ， 你 哪个 地方 来 检查 我 也 不怕 ， 因为 我 真的 是 做 得 挺 好 的 。
李晶 宁波市 北 仑 文化 行业 协会 网吧 分会 会长 ： 这个 行业 组织 ， 它 主要 的 功能 就 是 建立 和 推动 这个 行业 的 自 管 、 自律 、 自查 、 自 纠 。
如果 到 达到 自查 、 自 纠 、 自 管 、 自律 这么 一个 目的 的 话 ， 我们 认为 提高 人员 素质 是 根本 ， 只有 人员 素质 提高 了 ， 法制 意识 增强 了 ， 大家 有序 管理 这样 一个 共识 达成 了 ， 我们 想 这样 才 能 把 网吧 工作 做 好 。
这 是 北仑区 文化 协会 网吧 分会 举办 的 一 次 培训 活动 ， 参加 培训 的 是 北仑区 各 网吧 的 管理 人员 。
这天 网吧 分会 请 了 文化 市场 执法 人员 给 大家 介绍 政府 对 网吧 的 一些 最新 规定 和 要求 。
像 这样 的 集体 活动 ， 北仑区 文化 协会 网吧 分会 每个 月 都 会 组织 一 次 。
网吧 经营者 2： 我 觉得 这些 活动 对 我 的 帮助 很 大 ， 首先 我们 从 我们 每 次 讲课 当中 ， 可能 让 我们 对 我们 的 法律 法规 更加 了解 ， 以及 对 我们 网吧 的 管理 会 做 得 更加 明确 ， 就 是 对 自己 的 责任 会 有 更加 明确 的 意识 ， 如果 不 是 经常性 地 开展 这样 的 活动 ， 也许 我们 有 的 时候 思想 会 大意 一点 ， 会 疏忽 ， 在 有些 细节 上面 也许 就 做 得 不 够 好 。
网吧 经营者 3： 因为 我们 原来 都 是 从 各个 行业 出来 的 ， 也 不 懂 怎么 经营 网吧 这个 行业 ， 违规 的 也 很 多 ， 通过 这个 行业 协会 我们 相互 学习 、 相互 提高 。
现在 ， 宁波 各个 县 市 区 都 建设 了 这样 的 行业 协会 。
在 丰富多彩 的 活动 中 ， 不 接纳 未成年人 进行 合法 经营 ， 这 已经 成为 众多 网吧 经营者 的 自觉 行动 。
