各个 国家 和 地区 的 记者 报道 侧重点 不同 ， 但 几乎 都 是 围绕 着 自己 代表队 的 优势 项目 。
巴林 记者 ： 我们 七 个 人 来自 巴林 的 不同 报社 ， 每 一两 个 人 报道 一个 赛事 ， 我 和 我 的 同事 一起 工作 ， 今天 会 报道 三 个 项目 ， 分别 是 保龄 、 国际象棋 和 排球 。
泰国 记者 ： 我 主要 负责 报道 拳击 、 足球 、 网球 。
作为 奥运会 之外 世界 上规模 最 大 的 体育 盛事 ， 除了 来自 亚洲 的 媒体 ， 多哈 亚运会 还 吸引 了 不少 来自 欧 美 的 记者 。
瑞士 记者 ： 除了 关注 卡塔尔 承办 亚运会 的 情况 ， 我 还 会 关注 那些 来自 阿拉伯 国家 和 伊斯兰 国家 女性 运动员 们 的 表现 ， 以及 像 武术 和 卡巴迪 ， 这样 的 古老 的 比赛 项目 。
主 新闻 中心 的 面积 将 近 2万 平方米 ， 相当于 50 个 篮球场 ， 对于 初来乍到 的 记者 很 容易 混淆 各 功能 区 的 作用 ， 不过 主办 方 已经 做 好 了 周密 的 准备 。
记者 ： 在 主 新闻 中心 ， 我们 随处 都 可以 见到 这样 的 标志牌 ， 如果 您 需要 参加 新闻 发布会 ， 就 可以 顺着 这个 标志 所 指 的 地方 找到 新闻 发布 室 。
如果 您 的 无线 网卡 出现 了 问题 ， 找到 这样 一个 办公室 ， 您 的 问题 就 可以 得到 解决 。
像 这样 的 标识 牌 在 整个 主 新闻 中心 里 我们 随处可见 。
亚运会 新闻 服务处 的 总部 也 设 在 了 新闻 中心 ， 负责 比赛 期间 向 受 邀 媒体 通报 赛事 和 比赛 地点 等 具体 信息 。
此外 ， 主 新闻 中心 还 设有 日常 的 新闻 服务处 ， 主要 是 提供 简短 、 客观 的 新闻 内容 ， 时时 的 比赛 结果 ， 以及 运动员 的 个人 资料 、 历届 亚运会 资料 等等 。
为了 方便 记者 观看 比赛 ， 把 稿件 写 得 生动 ， 主 新闻 中心 里 还 专门 安装 了 两 个 大 屏幕 和 40 台 等离子 电视机 ， 随时 播放 比赛 的 实况 。
记者 ： 我们 知道 ， 现在 每天 都 有 20 到 30 块 金牌 产生 ， 这么 多 的 赛事 ， 记者 们 怎么样 准确 及时 地 掌握 比赛 结果 和 消息 呢 ？
在 主 新闻 中心 我们 看到 有 这样 一个 计算机 终端 ， 他 的 左上 角 标志 有 Info2006 ， 组委会 就 通过 这个 终端 告诉 记者 们 最新 的 比赛 结果 记者 采访 当天 ， 女子 400 米 混合泳 的 预赛 刚刚 结束 。
当 我们 在 主 新闻 中心 登陆 到 Info2006 的 主页 时 ， 果然 发现 ， 比赛 的 全部 结果 都 已经 录入 到 系统 当中 ， 还 包括 了 获胜 运动员 在 赛后 接受 采访 的 内容 ， 的确 十分 快捷 。
在 这次 报道 任务 中 ， 国内 许多 媒体 都 派出 了 很 强 的 采访 队伍 ， 大家 把 这 次 亚运会 的 报道 当成 了 2008 奥运会 报道 的 预演 。
高殿民 新华社 体育部 主任 ： 今天 的 北京 时间 下午 1点 14分 开始 发 稿件 ， 等于 从 昨天 晚上 发 到 北京 时间 凌晨 5点 ， 然后 就 截止 了 ， 到 目前 为止 发 到 现在 ， 已经 是 发 了 81 条 英文 稿件 了 ， 现 在 北京 时间 是 21点 49分 。
记者 ： 我们 现在 就 来到 了 国际 广播 电视 中心 ， 和 主 新闻 中心 不同 ， 这里 来自 不同 的 电视 媒体 都 是 隔 出 相对 独立 的 区域 ， 在 里面 设置 演播室 ， 进行 编辑 、 制作 、 播出 节目 。
据 记者 了解 ， 多哈 亚运会 是 亚运会 历史 上规模 最 大 的 电视 报道 之一 ， 它 一 共 吸引 了 20 家 电视 新闻 机构 ， 每天 大约 1800 多 人 在 国际 广播 中心 工作 。
除了 卡塔尔 当地 的 电视台 ， 还 有 韩国 的 MBC ， 再 到 日本 的 NHK ， 各家 电视 媒体 记者 绞尽脑汁 ， 都 想 把 亚运 报道 做 得 生动 好看 。
为了 让 观众 朋友 看 到 体育 节目 现场 制作 的 过程 ， 我们 的 记者 走 进 了 中央电视台 设在 多哈 的 工作 区域 。
江 和平 中央电视台 体育 中心 主任 ： 实际上 我们 是 在 这儿 搭 建 了 一个 完整 的 电视台 ， 这个 电视台 有 两 个 演播室 ， 既 有 新闻 ， 又 有 专题 、 访谈 ， 这些 节目 都 是 融合 到 一块儿 了 ， 然后 组成 了 一个 半 频道 的 播出 规模 。
这 就是 现场 直播 室 主持人 所在 的 演播室 ， 和 我们 平时 在 电视 上 看到 的 不同 ， 主持人 身后 什么 都 没有 ， 只不过 是 蓝色 的 背景 墙 ， 通过 先进 的 多媒体 抠 像 技术 ， 导 播 可以 让 任意 的 活动 画面 出现 在 主持人 身后 。
您 看 ， 本来 平淡无奇 的 背景 转眼 之间 就 变成 了 丰富 的 多媒体 画面 。
据 记者 了解 ， 各种 新 技术 手段 在 亚运会 电视 转播 中 的 运用 ， 还 为 媒体 间 的 技术 交流 搭 建 了 一个 平台 。
中央电视台 在 多哈 首 次 实现 了 全程 电视 编 播 的 无 磁带 播出 ， 成为 了 电视 界 同行 关注 的 交 点 。
江和平 ： 在 整个 的 IBC 当中 ， 真正 使用 无 磁带 播出 系统 和 编 播 系统 的 我们 独此一家 。
前天 印度 国家 电视台 来 采访 我们 的 时候 ， 对 无 磁带 播出 系统 就 感到 非常 惊愕 ， 他 为什么 这么 惊愕 呢 ？
他 说 哪 有 播出 没有 磁带 的 呢 ？
他 马上 就 要求 我们 演示 没有 磁带 是 怎么 播 的 。
然后 我 就 让 我们 的 记者 冬日 娜 拿 一个 光盘 ， 这个 光盘 从 编辑 系统 当中 怎么 插入 ， 然后 怎么 又 退出 ， 然后 再 怎么 编辑 ， 他 一 看 就 有 点儿 惊 呆 了 ， 他 说 ， “ 电视 还 有 这么 做 的 ， 这 不 是 和 电脑 一样 了 吗 ？
” 确实 就是 这样 。
这 次 ， 中央电视台 还 开设 了 多哈 亚运会 赛事 的 网上 直播 版块 ， 网友 不但 随时 可以 上网 观看 比赛 直播 和 精彩 回 放 ， 还 可以 实现 与 媒体 之间 的 互动 ， 对于 开通 网络 电视 功能 的 手机 用户 来说 ， 甚至 可以 通过 手机 观看 比赛 。
据说 ， 到 2008年 奥运会 时 ， 用 手机 看 比赛 将 不再 是 什么 新鲜事 了 。
通过 先进 的 硬件 设备 ， 为 亚运 报道 搭 建 了 完善 的 技术 平台 后 ， 不同 媒体 在 报道 方式 上 也 想 出 了 不少 高招 。
为了 让 观众 看 到 更 鲜活 的 画面 ， 记者 甚至 把 摄像机 交给 了 运动员 和 教练员 ， 想不到 吧 ， 您 看到 的 很多 电视 画面 正 是 出自 我们 运动员 之 手 。
中央电视台 记者 ： 比如说 吃饭 的 时候 ， 你 需要 说 一下 时间 ， 比如 现在 是 多哈 时间 中午 1点 ， 有 钟 ， 拍 个 钟 ， 然后 冯 昆 在 吃饭 。
