福建省 和 福州市 也 下发 了 相关 文件 ， 规定 对 2004年 4月 28日 后 通过 拍卖 、 挂牌 等 方式 获取 土地 ， 并 按 新 标准 已 收取 土地 配套 费 的 房地产 项目 ， 不再 单独 收取 燃气 配套 费用 ， 开发商 也 不得 在 房价 外向 购房 者 收取 。
但是 开发商 仍然 继续 收费 。
对 此 他们 表示 这 是 迫于 燃气 公司 的 压力 。
而 燃气 公司 说 ， 政府 没有 给 他们 划拨 燃气 管网 建设 费 ， 所以 他们 转 而 向 开发商 收取 这笔 钱 。
福州市 财政局 承认 ， 的确 没有 向 公司 划拨 这 部分 资金 ， 因为 财政局 只 向 国有 燃气 公司 拨款 ， 而 该 企业 属于 股份制 企业 。
对于 这种 说法 ， 国务院 发展 研究 中心 研究员 郭励弘 认为 这 是 站 不 住 脚 的 。
像 “ 公园 道 1 号 ” 这种 情况 在 福州 并非 个 例 。
城市 基础 设施 配套 专项 资金 ， 本 是 取 之 于 民 ， 也 应 用 之 于 民 。
如果 失信 于 民 的 话 ， 最终 就 会 导致 本该 划拨 的 燃气 配套 资金 无法 到位 ， 燃气 企业 和 开发商 就 转 而 向 购房 者 重复 收费 的 事情 发生 。
而 最后 买 单 的 往往 是 处于 弱势 的 购房 者 。
目前 ， 这 一 问题 已经 引起 当地 政府 的 重视 ， 问题 正 在 解决 中 。
结语 ： 采集 人 ： 王宗华 医药 购销 领域 的 商业 贿赂 现象 由来已久 。
虽然 国家 和 有关 部门 一直 着力 打击 ， 但 仍 屡屡 发生 。
本期 节目 试图 通过 解剖 两 起 发生 在 不同 时期 的 典型 案件 ， 探寻 商业 贿赂 的 病根 。
第一 例 是 号称 医药 领域 商业 贿赂 第一 大 案 的 “ 郝和平 案 ” 。
郝和平 是 国家 食品 药品 监督 管理局 医疗 器械 司 原 司长 ， 他 因 犯 受贿罪 和 非法 持有 枪支 罪 ， 于 今年 11月 28日 被 判处 15 年 有期徒刑 ， 并 处 没收 个人 财产 20万 元 人民币 。
据 法院 确认 ， 郝和平 受贿 总价值 超过 100万 元 。
调查 发现 ， 本案 与 药品 生产 领域 的 低 水平 重复 、 药品 和 医疗 器械 审批 过 多 过 滥 这 一 大 背景 密不可分 。
由于 产品 同 质 化 严重 ， 因此 负责 药品 、 医疗 器械 的 审批 部门 便 成为 不法 厂商 进行 商业 贿赂 的 目标 。
医药 购销 领域 的 商业 贿赂 产生 的 第二 个 原因 是 权力 缺乏 监管 。
几 年 前 被 查处 的 “ 张平 案 ” 堪称 典型 案例 。
1999年 ， 马钢 集团 控股 有限公司 医院 药剂 科 原 科长 张平 利用 职务 之 便 收 受 药 商 贿赂 ， 被 判处 有期徒刑 14 年 。
虽然 张平 只 是 一 家 医院 的 药剂 科长 ， 但 却 有 权 决定 药品 能否 进入 医院 ， 而且 几乎 一 人 说了算 。
权力 缺乏 监督 和 制约 ， 不仅 导致 医药 市场 秩序 混乱 ， 也 伤 及 滥用 权力 者 自身 。
第三 个 原因 是 审批 官员 和 医院 人员 失控 的 贪欲 。
拥有 权力 ， 不 一定 就 会 成为 不法 厂商 攻破 的 目标 ， 只有 当 权力 与 贪欲 的 结合 ， 商业 贿赂 才 会 发挥 作用 ， 才 会 使 拥有 权力 者 倒下 。
这 一点 无论 从 郝 和平 还是 张平 身上 都 可以 得出 这 一 结论 。
使 商业 贿赂 这 颗 毒瘤 潜 滋 暗 长 。
要 防止 毒瘤 扩散 、 阻断 癌变 ， 必须 对症下药 。
正 在 全国 开展 的 治理 商业 贿赂 专项 工作 已经 开 出 了 药方 ， 那 就 是 —— 加强 教育 ， 完善 制度 ， 强化 监督 ， 深化 改革 。
结语 ： 采集 人 ： 王宗华 正文 ： 医药 购销 领域 商业 贿赂 涉及 行贿 受贿 双方 以及 诸多 环节 。
透过 近年来 查处 的 一些 典型 案件 ， 可以 清晰 地 看 出 一些 不法 厂商 利用 商业 贿赂 打通 关节 、 牟取 非法 利益 的 腐败 链条 。
在 被 查处 的 案件 中 ， 那些 不法 厂商 用 商业 贿赂 使 自己 的 医药 产品 顺利 通过 药 监 部门 的 注册 和 价格 部门 的 定价 等 程序 ， 之后 ， 他们 又 通过 商业 贿赂 将 医药 产品 打入 医院 ， 依次 经过 药剂 科 、 其他 相关 科室 、 药 事 委员会 、 库房 、 药房 以及 有 处方 权 的 医生 等 ， 不法 厂商 最 下 功夫 的 就是 打通 院长 。
打通 的 关节 越 多 ， 所谓 的 贿赂 成本 就 越 高 ， 而 这些 费用 最终 都 将 转嫁 到 患者 身上 。
不法 厂商 行贿 的 手段 多种多样 ， 有 办案 人员 曾 把 它们 概括 为 “ 五 子 ” ： 车子 、 房子 、 票子 、 女子 （ 性 贿赂 ） 、 孩子 （ 例如 送 对方 子女 留学 ） 。
先 以 小 利 投其所好 拉拢 关系 ， 再 以 重金 收买 打通 关节 ， 最终 ， 行贿 受贿 双方 都 能 得到 不法 收益 。
无论是 针对 医疗 卫生 机构 ， 还是 注册 、 审批 部门 ， 案件 中 呈现 的 商业 贿赂 的 手段 大同小异 。
针对 不法 厂商 的 手段 ， 要 斩断 商业 贿赂 的 链条 ， 必须 依靠 有关 主管 部门 和 监管 机构 在 各个 环节 上 采取 针锋相对 的 措施 。
目前 ， 在 全国 开展 的 治理 商业 贿赂 专项 工作 中 ， 卫生部 、 国家 药 监 局 、 国家 发展 和 改革 委员会 、 劳动和社会保障部 等 部门 都 已经 采取 了 积极 的 举措 。
结语 ： 采集 人 ： 王宗华 医药 购销 领域 的 商业 贿赂 ， 是 中央 统一 部署 的 治理 商业 贿赂 专项 工作 确定 的 六 大 重点 领域 之一 。
像 对待 其他 领域 的 商业 贿赂 一样 ， 通过 强化 管理 、 完善 法律 、 加强 教育 、 深化 改革 ， 建构 长效 机制 才 是 防治 商业 贿赂 的 根本 之 道 。
今年初 ， 中共中央 办公厅 、 国务院办公厅 印发 了 《 关于 开展 治理 商业 贿赂 专项 工作 的 意见 》 ， 列出 六 大 重点 治理 领域 ： 一 是 工程 建设 ， 二 是 土地 出让 ， 三 是 产权 交易 ， 四 是 医药 购销 ， 五 是 政府 采购 ， 六 是 资源 开发 和 经销 ， 中央 专门 成立 了 有 22 个 成员 单位 的 治理 商业 贿赂 领导 小组 ， 反 贿 风暴 由此 掀起 。
卫生 系统 和 药品 监管 系统 ， 与 其他 相关 系统 一样 ， 在 开展 自查 自 纠 、 查办 案件 的 同时 ， 积极 采取 措施 建立 健全 长效 机制 。
在 强化 管理 方面 ， 国家 药 监 局 局长 邵明立 介绍 ， 药 监 局 系统 内 开展 了 “ 为 谁 监管 ， 怎样 监管 ” 的 讨论 ， 树立 和 实践 科学 监管 理念 ， 明确 要 建 系统 的 根本 任务 就 是 确保 人民 群众 饮食 用 药 安全 ； 紧紧 抓住 重点 岗位 和 关键 环节 ， 加强 对 权力 运行 的 制约 和 监督 ， 针对 药品 审批 权力 比较 集中 的 问题 ， 实行 行政 受理 、 技术 审 评 、 行政 审批 三者 分离 。
