通过 您 姐夫 的 介绍 ， 您 可以 把 您 的 货物 输出 到 他 那里 对 吧 。
马永成 ： 对 。
李海霞 ： 那 咱们 的 供货 商 是 不 是 也 很 稳定 呢 ？
马永成 ： 很 稳定 。
记者 ： 我 看 你 刚才 问 了 很多 很 细致 的 方面 ， 像 货 从 哪儿 进来 的 ， 都 卖 给 谁 ， 包括 价格 怎么 定 的 ， 按照 你们 标准 的 要求 ， 这些 都 属于 要 考察 范围 之内 的 吗 ？
李海霞 ： 对 ， 这个 主要 考察 客户 的 供货 商 ， 还有 他 销货 渠道 是否 稳定 ， 然后 还有 他 以后 的 经营 状况 会 怎么样 。
解说 ： 这样 ， 在 对 客户 的 情况 进行 全面 了解 以后 ， 小 额 信贷 部 的 工作 人员 便 综合 各种 情况 ， 为 这 位 客户 制造 出 了 一 份 详细 的 资料 。
包头市 商业 银行 微小 企业 信贷 部 部长 赵梦琴 ： 一 张 就 是 资产 负债表 ， 一 张 就 是 损 益 表 ， 我们 这种 客户 群体 里 ， 不 像 其他 客户 群体 ， 那么 有 一些 固定 的 财务 信息 什么 的 ， 很多 客户 就 是 ， 基本上 他 这些 信息 都 没有 ， 可能 需要 你 问 他 ， 他 可能 才 想 起来 ， 他 那些 信息 都 是 支离破碎 的 ， 所以 这 两 张 表 ， 相当于 是 我们 信贷员 帮助 客户 在 做 两 张 这样 的 表 ， 然后 通过 这个 表 ， 最后 体现 出 他 一些 经营 方面 的 信息 ， 还有 他 资产 现在 一些 固定 的 状况 和 活 的 状况 。
包头市 商业 银行 行长 李镇西 ： 过去 像 这些 小商 小贩 、 个体 工商 在 银行 贷款 ， 确 确实 实 是 根本 没有 指望 的 ， 我们 主动 制定 了 为 小 企业 服务 的 这样 一个 方向 以后 ， 我们 自己 招聘 了 许许多多 的 客户 经理 ， 为 他们 去 服务 。
为 小 企业 服务 ， 其实 我们 有 一 句 话 ， 就 是 说 没有 不 好 的 客户 ， 只 有 做 不好 的 银行 ， 如果 真正 能够 为 小 企业 做 好 ， 给 他们 信贷 做 支持 ， 我 想 我们 这个 大有可为 。
解说 ： 这样 ， 银行 信贷 人员 在 做 了 大量 细致 的 工作 ， 制作 出 客户 资料 以后 ， 更 高 一 个 级别 的 审 贷 会 马上 就 召开 了 ， 原来 9月 22日 是 星期五 ， 银行 要 赶 在 周末 前 给 客户 以 最 快 的 答复 。
李海霞 ： 喂 ， 您好 ， 马 先生 吧 ， 我 是 商行 小 李 ， 我 现在 通知 您 一 声 ， 刚才 上 审 贷 会 ， 您 的 贷款 已经 被 批准 了 ， 您 现在 能 过来 吗 ？
解说 ： 这样 ， 在 提出 贷款 申请 后 的 第三 天 ， 马永成 再次 来到 包头 商业 银行 发达 支行 ， 在 这里 ， 他 拿 到 了 一生 中 第一 笔 银行 贷款 。
包头市 某 废品 收购站 负责人 马永成 ： 特别 高兴 。
记者 ： 为 什么 特别 高兴 呢 ？
马永成 ： 因为 现在 的 资金 是 正 紧 的 时候 ， 没 想到 商业 银行 两 天 之内 就 给 贷 上款 了 。
记者 ： 你 准备 把 钱 怎么 用 啊 ？
马永成 ： 用 到 再 增加 一 台 机器 。
记者 ： 那 就 赶紧 收 好 了 ， 赶紧 回去 吧 。
中国 银 监 会 台州 监管 分局 局长 林奇 ： 我们 现在 有 一个 时髦 说法 ， 叫做 办理 小 本 贷款 ， 是 为 穷人 服务 的 ， 是 一个 穷人 的 银行 。
我们 了解 小 本 贷款 的 ， 它 的 贷款 对象 有 百分之八十 几 都 是 失 土 农民 ， 失 土 农民 土地 没有 了 以后 ， 他 靠 一些 小 本 贷款 ， 他 能够 重新 创业 。
而且 他 原来 贷 不 到 款 ， 现在 能 贷款 了 ， 他们 的 信用 程度 而且 特别 高 ， 而且 他们 也 遵守 了 就是说 贷款 到期 了 就 必须 还 ， 而且 本息 都 能 按照 发 贷 的 要求 还 。
应该 说 这个 小 本 贷款 ， 实际 都 是 双 赢 的 事 。
主持人 ： 小 企业 是 国家 经济 的 重要 组成部分 ， 小 企业 的 发展 关系 到 千家万户 ， 关系 到 国计民生 。
现在 国家 大力 推进 的 商业性 小 企业 贷款 ， 无疑 给 了 一些 想 自己 干 一番 事业 ， 却 又 苦于 无 创业 资金 的 人们 提供 了 发展 的 契机 。
据 我们 在 相关 部门 了解 到 ， 现在 全国 已经 有 十几 个 省市 自治区 的 一些 城市 ， 开展 了 小 企业 贷款 业务 。
相信 在 不久 的 将来 ， 这 一 利 国 利 民 的 新 业务 就 会 在 全国 迅速 推广 。
好 ， 感谢 您 收看 这 一 期 的 《 焦点 访谈 》 ， 再见 。
结语 ： 采集 人 ： 王宗华 重庆市 巫溪县 大 坡 村 村民 吴显才 ， 15 年 来 把 45 位 孤 寡 残疾 老人 当作 自己 的 亲生 父母 般 精心 赡养 ， 用 自己 的 善良 和 坚守 给 他们 营造 了 家 一般 的 温暖 。
吴显才 自己 双亲 去世 得 早 ， 看 到 村里 的 老人 一辈子 辛劳 ， 到 最后 连 副 棺材 板 也 没 能 留 下 ， 他 非常 难过 。
当时 吴显才 家 的 日子 虽然 过 得 并 不 宽裕 ， 但 他 却 萌生 了 办 一个 养老院 的 想法 ， 尽 自己 的 力量 让 这些 老人 老有所养 。
1990年 12月 18日 ， 他 的 常 乐 幸福 院 正式 开办 ， 近 20 名 孤寡老人 免费 住 了 进来 。
然而 ， 在 这个 闭塞 贫穷 的 村子 里 ， 要 供养 一二十 口 人 的 衣食 并 不 是 一 件 容易 的 事 。
为此 ， 吴显才 想 尽 了 所有 的 办法 ， 然后 把 挣 到 的 钱 几乎 全部 投入 到 养老院 里 。
15 年 来 ， 他 总计 投入 了 几十万 元 。
为了 让 老人 住 得 更 舒服 ， 养老院 多次 整修 ， 而 他 自己 一家 人 却 依然 过 着 清贫 的 日子 。
除了 投入 巨额 资金 ， 他们 15 年 来 付出 的 心血 和 感情 则 更加 难以 计算 。
因为 要 照顾 老人 ， 老吴 夫妻 15 年 来 从 没有 同时 离开 过 村里 ， 即使 在 女儿 出嫁 时 ， 两 夫妻 都 没 能 同时 出席 。
15 年 来 ， 先后 有 22 位 老人 在 养老院 中 终 老 ， 老吴 都 像 对待 自己 的 长辈 一样 ， 按照 当地 的 风俗 给 这些 老人 送终 。
乡亲 都 说 ， 这些 本来 晚景 凄凉 的 老人 的 最后 一 程 ， 正是 有 了 老吴 的 照顾 才 能够 怀 揣 着 温暖 安然 辞世 。
结语 ： 采集 人 ： 王宗华 10月 6日 9时 30分 ， 陕西省 华县 大明 镇 高楼 村 发生 山体 大面积 滑坡 。
