药品 价格 的 下降 是 四川省 自贡市 第一 人民 医院 发生 的 变化 之一 。
2005年 6月 ， 这家 医院 原 院长 邓龙琪 、 副 院长 张开诚 等 16 人 因 涉及 接受 商业 贿赂 被 查处 之后 ， 针对 药品 采购 等 容易 滋生 腐败 的 要害 环节 ， 四川省 卫生厅 专门 出台 了 规定 ， 要求 医疗 机构 所有 的 药品 都 要 进行 阳光 采购 。
黄德财 四川省 自贡市 第一 人民 医院 药剂 科 ： 阳光 监督 ， 我 觉得 第一 是 老百姓 可以 看 ， 这 是 英 特 网 ， 而 不 是 我们 的 政府 网 ， 或者 其他 的 局域网 ， 任何 一 台 电脑 只要 连 上 英 特 网 都 可以 参加 这种 监督 ， 所以 我 觉得 它 是 阳光 的 。
比如 说 我们 要 检索 阿 莫 西 林 颗粒 这样 一个 药品 ， 网上 就 会 把 所有 生产 厂家 的 规格 、 剂型 、 单位 ， 还 有 质量 层次 、 挂 网 的 限价 ， 以及 在 四川省 允许 的 最高 的 零售 价格 给 它 标示 出来 ， 然后 医院 可以 根据 这个 进行 品种 的 选择 。
通过 阳光 采购 ， 对 全省 各 主要 医院 药品 采购 信息 的 收集 ， 四川省 卫生 管理 部门 就 可以 在 一定 程度 上 做到 及时 监督 和 预警 。
沈骥 四川省 卫生厅 厅长 ： 某 一 家 医院 突然 在 一个 短时期 内 就 进 比较 昂贵 的 药 ， 大量 的 ， 而 不 购买 中等 的 或者 便宜 的 药 ， 我们 就 会 警示 ， 而且 我们 就 会 派 督察 组 进行 督察 或 检查 ， 看 中间 是 不 是 在 购销 背后 有 二 次 公关 ， 有 开 单 提成 。
正是 阳光 采购 在 一定 程度 上 减少 了 采购 环节 上 可能 出现 的 水分 ， 这 使 自贡市 第一 人民 医院 的 药品 销售 价格 随之 降低 。
黄志国 四川省 自贡市 第一 人民 医院 党委 副 书记 ： 平均 的 住院 病人 药品 的 费用 ， 在 过去 的 基础 上 下降 了 13％ 左右 ， 这 就 是 取得 的 实际 效果 。
我们 初步 统计 了 一下 ， 今年 以来 ， 我们 药品 减少 的 收入 ， 大概 是 在 五六百万 ， 就 说明 我们 实实在在 地 在 减轻 群众 看病 贵 的 问题 。
加强 内部 管理 是 治理 商业 贿赂 专项 工作 中 建设 长效 机制 的 重点 之一 ， 在 药品 监督 管理 系统 ， 这项 工作 正在 有序 展开 。
邵明立 国家 食品 药品 监督 管理局 局长 ： 我们 实行 受理 、 审 评 、 审批 三分 离 ， 我们 实行 主 审 集体 负责制 ， 这样 的 制度 ， 我们 的 审批 全部 向 社会 公开 ， 现在 也 正在 逐步 地 进行 药品 监督 管理 审批 注册 资源 的 重新 配置 ， 人员 的 重新 调整 ， 法规 的 重新 修订 ， 像 这些 来讲 ， 对 我们 逐渐 地 建立 长效 机制 都 会 起 到 非常 积极 的 作用 。
只有 建立 健全 长效 机制 ， 才 能 从 根本 上 防治 各类 商业 贿赂 。
除 加强 内部 管理 这 一 重点 之外 ， 治理 商业 贿赂 专项 工作 中 ， 建设 长效 机制 的 重点 还 包括 完善 法律 、 加强 教育 和 深化 体制 改革 。
程 宝库 ： 从 医院 的 角度 来 讲 ， 它 作为 采购 方 ， 以 药 养 医 的 这种 体制 应该 最终 打破 ， 让 医院 ， 就 是 说 它 的 收益 和 它 开 出 去 药 的 多少 不 应该 有 这么 密切 的 关系 。
从 药品 生产 企业 的 角度 来 讲 ， 这个 药品 价格 的 竞争 ， 应该 减少 政府 定价 的 因素 ， 应该 出现 一个 更 合理 、 更 有利于 公平 竞争 的 药品 定价 体制 。
2006年 年底 前 ， 中央 治理 商业 贿赂 领导 小组 办公室 将 向 社会 再 公布 一 批 查 结 的 典型 商业 贿赂 案件 ， 以 震慑 违法 犯罪分子 ， 回 应 社会 各界 的 关注 。
卫生部 将 于 12月 中旬 组织 第3 轮 督导 工作 ， 由 部级 或 司局级 领导 带队 赴 部分 地方 做 现场 督导 和 调研 ， 检查 今年 以来 的 工作 情况 ， 并 研究 提出 明年 的 工作 思路 。
毛群安 ： 结合 我们 在 专项 治理 工作 中 发现 的 一些 问题 ， 我们 还 要 完善 一些 相关 的 制度 ， 比如说 医疗 卫生 机构 在 接受 医药 企业 赞助 方面 如何 采取 管理 ， 同时 ， 对 一些 像 医疗 卫生 机构 行贿 的 企业 ， 我们 还 要 建立 黑名单 制度 ， 这些 都 将 有力 地 保证 我们 这个 长效 机制 的 建设 和 专项 行动 的 健康 发展 。
邵明立 ： 我们 现在 也 正在 使 专项 的 整治 逐步 地 深入 ， 明年 我们 将 再 用 半 年 的 时间 ， 我们 想 整个 医药 市场 的 秩序 ， 药品 监管 的 形势 还 会 有 进一步 的 好转 ， 公众 用 药 的 安全 保障 也 会 进一步 提高 。
不仅仅 是 医药 卫生 行业 ， 自从 治理 商业 贿赂 工作 开展 以来 ， 各 地区 、 各 系统 积极 行动 ， 搭班子 、 做 动员 、 搞 调查 ， 确定 了 治理 重点 ， 深入 开展 自查 自 纠 ， 认真 查办 违法 案件 ， 努力 探索 长效 机制 ， 整个 治理 工作 正 健康 推进 。
公众 有 理由 对 一个 更加 诚信 、 更加 健康 的 市场 充满 期待 。
演播室 主持人 敬一丹 ： 我们 连续 四 天 聚焦 医药 购销 领域 商业 贿赂 的 问题 ， 商业 贿赂 这个 毒瘤 危害 极大 ， 而 根治 需要 良方 。
在 我们 节目 制作 播出 过程 中 ， 相关 主管 部门 也 表示 ， 希望 更 多 地 听众 观众 的 声音 ， 希望 听到 更 多 的 建设性 意见 ， 吸取 社会 各 方面 的 智慧 ， 营造 一个 良好 的 商业 环境 ， 同时 ， 中央 治理 商业 贿赂 领导 小组 也 鼓励 群众 ， 举报 商业 贿赂 违法 犯罪 行为 。
结语 ： 采集 人 ： 王宗华 近日 ， 福建省 福州市 苍山 区 “ 公园 道 1 号 ” 商品房 的 业主 们 在 办理 收 房 手续 时 ， 被 开发商 告知 每户 需 缴纳 5180 元 的 燃气 初 装 费 。
这 令 大家 十分 不解 ， 因为 这 笔 钱 包含 在 购房 款 并且 早已 缴纳 了 。
早 在 2001年 由 原 国家发展计划委员会 和 财政部 颁布 的 《 关于 全面 整顿 住房 建设 收费 取消 部分 收费 项目 的 通知 》 中 已 有 明文规定 ， 应 取消 与 城市 基础 设施 配套 费 重复 收取 的 水 、 电 、 气 、 道路 以及 其他 各种 名目 的 专项 配套 费 。
福建省 和 福州市 也 下发 了 相关 文件 ， 规定 对 2004年 4月 28日 后 通过 拍卖 、 挂牌 等 方式 获取 土地 ， 并 按 新 标准 已 收取 土地 配套 费 的 房地产 项目 ， 不再 单独 收取 燃气 配套 费用 ， 开发商 也 不得 在 房价 外向 购房 者 收取 。
但是 开发商 仍然 继续 收费 。
对 此 他们 表示 这 是 迫于 燃气 公司 的 压力 。
