这里 是 江苏省 常州市 最 繁华 的 商业区 —— 园林 东 路 ， 在 这 块 大 牌子 后面 就 是 常州市 著名 的 前后 北岸 历史 文化 保护区 。
在 这 片 不足 四万 平 米 的 街区 里 ， 仅 在 明末清初 就 出 了 四 名 状元 、 两 名 榜眼 、 三 名 探 花 ， 因此 被 人们 称为 常州 的 文 脉 所在 。
1987年 ， 这里 被 常州市 确认 为 历史 文化 保护区 。
几 天 前 ， 记者 来到 这里 了解 正在 进行 的 修缮 情况 ， 不料 一 到 工地 ， 就 被 值班 人员 抢 了 记者证 。
记者 ： 你 怎么 把 证 拿走 了 ？
你 把 记者证 给 我 ， 你 不 能 抢走 。
由于 记者证 被 抢走 ， 一 开始 采访 没 能 进行 。
后来 在 市里 的 协调 下 ， 工地 负责人 才 把 记者证 还 给 了 记者 。
那么 ， 他们 为什么 不 愿意 让 记者 采访 呢 ？
记者 在 现场 看到 ， 一些 老 房子 已经 被 拆 掉 ， 保护区 内 出现 了 一个 已 打 地基 的 大 坑 ， 一些 古建筑 周边 原有 的 风貌 已 荡然无存 。
季 全 保 常州 文 博 鉴赏 学会 顾问 ： 明清 时候 的 建筑 。
记者 ： 我们 站 的 这个 地方 ？
季全保 ： 对 。
记者 ： 都 有 明清 建筑 吗 ？
季全保 ： 对 ， 都 是 明清 建筑 。
记者 ： 拆 的 这个 地方 都 是 ？
季全保 ： 是 的 。
常州市 前后 北岸 历史 文化 保护区 居民 ： 这个 门楼 下午 就 拆 掉 了 ， 原来 没有 拆 。
这 位 居民 以 被 拆 掉 的 73 号 门楼 为 例 ， 向 记者 讲 了 有关 的 情况 。
他 说 这个 门楼 省级 文化 保护 单位 藤 花 旧 馆 的 一 部分 。
藤 花 旧 馆 原 是 宋代 著名 文学家 苏 东坡 晚年 居住 的 地方 。
这次 被 拆 的 门楼 就 在 它 的 主体 建筑 的 旁边 。
根据 当地 法院 的 裁定 ， 今年 九月 ， 市 建设 局 让 拆迁 公司 拆 掉 了 门楼 ， 而且 把 房主 马 梅芳 一 家 强行 迁出 。
马梅芳 常州市 前后 北岸 历史 文化 保护区 73 号 居民 ： 文物 全部 拆 掉 了 ， 真 的 很 难过 。
记者 ： 为什么 难 过 ？
马梅芳 ： 历史 文化 全 没 了 。
现在 马 梅芳 的 家 已经 成为 了 工程 项目 部 ， 被 强行 迁出 的 她 只好 望 家 兴叹 。
既然 前 北岸 73 号 是 文物 ， 为什么 当地 法院 还 要 裁定 拆 呢 ？
由于 常州市 天宁区 法院 没有 接受 记者 的 采访 ， 记者 只好 找到 了 拆迁 的 批准 单位 —— 市 建设 局 ， 了解 情况 。
史 政 达 常州市 建设 局 副 局长 ： 它 的 门楼 问题 ， 我 想 可能 最 好 听听 我们 文化 保护 部门 的 意见 ， 目前 我们 没有 收到 ， 也 没有 谁 来 跟 我们 说 ， 或者 有关 部门 来 跟 我们 说 这 是 一个 文物 或者 是 文保 单位 。
据 马梅芳 介绍 ， 在 门楼 被 拆 之前 ， 她 曾 多次 向 市 建设 局 和 拆迁 公司 出示 省 文物 局 给 她 的 传真 件 ， 和 省市 文化 、 文物 部门 出具 的 文件 ， 证明 前 北岸 73 号 是 文物 ， 但 市 建设 局 和 拆迁 公司 视而不见 。
尽管 对于 她 的 家 是 不 是 属于 文物 保护 单位 ， 还 有 不同 的 说法 。
但 对于 此处 应 予 保护 ， 各个 文件 的 提法 都 是 一致 的 。
记者 还 看到 ， 文 管 会 的 一些 专家 出具 了 意见 书 ， 证明 前 北岸 73 号 确实 是 应该 保护 的 文物 。
常州市 文 管 会 的 老 专家 贺忠贤 还 赶到 现场 ， 向 记者 做 了 说明 。
对 此 ， 常州市 文物 管理 部门 的 态度 又 是 什么 呢 ？
记者 曲 长缨 ： 哪 门楼 为什么 拆 掉 ？
吕耀明 常州市 文物 管理 委员 主任 ： 在 街区 外面 ， 在 历史 街区 外面 。
省政府 批准 的 就是 这个 蓝 线 范围 以内 的 ， 就是 这个 图 。
记者 ： 那 省政府 在 批准 中 也 讲 得 很 清楚 ， 南 至 现存 的 明清 建筑 。
那个 门楼 应该 属于 是 南 至 现存 的 明清 建筑 ？
吕耀明 ： 省 里面 批准 的 它 这个 就是 保护 范围 ， 我们 文物 部门 就 是 按照 这个 法定 的 依据 来 进行 的 。
记者 ： 那 这个 话 也 是 它 （ 省政府 ） 批准 的 保护 范围 ， 这 也 是 它 的 原 话 。
吕耀明 ： 但是 要 根据 图 啊 。
就 这样 ， 是 明知 73 号 门楼 是 文物 的 情况 下 ， 吕 主任 坚持 把 它 排除 在 保护 之外 。
这 就 明显 违反 了 省 文物 局 在 文件 中 提出 “ 要 把 历史 上 原 为 一体 的 文物 作为 一个 整体 来 进行 修缮 ， 以 保护 文物 保护 单位 及 历史 建筑 的 完整性 ” 。
就 此 ， 记者 采访 了 国家 历史 文化 名城 保护 专家 委员会 副 主任 ， 92 岁 的 郑孝燮 。
郑孝燮 国家 历史 文化 名城 保护 专家 委员会 副 主任 ： 一个 古建筑 ， 它 本身 的 完整性 也 不 能 破坏 的 ， 也 不 能 是 因为 我 这个 什么 什么 原因 ， 而 把 它 一 部 分割 出去 拆 掉 ， 你 比方 像 这个 藤 花 旧 馆 、 雕花 门楼 ， 这个 艺术 、 工艺 都 是 很 高 的 ， 这 一 部分 现在 我 就 说 它 被 破坏 了 是 完全 错误 的 。
记者 ： 那 他 的 解释 是 说 它 的 门楼 恰恰 不 在 所谓 的 红 线 之内 ？
郑孝燮 ： 红线 划 法 这样 解释 本身 就 是 错误 的 。
作为 文物 来说 ， 它 不 是 孤立 的 ， 除了 它 本身 之外 ， 还有 一个 缓冲 范围 ， 它 的 缓冲 范围 就 是 叫 保护 范围 和 建设 控制 地带 。
那么 ， 你 这个 界线 划 这个 线 本身 就 是 错误 的 ， 划 这个 线 本身 就是 一个 错误 的 行为 ， 按照 规划 上 来说 ， 按照 保护 来说 ， 不 能 这样 划分 的 。
除了 马梅芳 一 家 门楼 被 拆 ， 被迫 强 迁 之外 ， 其他 的 住 在 这里 的 居民 也 都 接到 了 拆迁 《 公告 》 。
曾 写 过 著名 诗句 “ 江山 代 有 才 人 出 ， 各 领 风骚 数百 年 ” 的 清代 著名 史学家 、 文学家 赵翼 的 部分 故居 也 在 拆迁 之 列 。
赵家麟 常州市 历史 文化 保护区 居民 ： 赵翼 故居 是 两 栋 ， 一个 东 路线 ， 一个 西 路线 ， 他 把 这个 东 路线 作为 他 的 故居 ， 西 路线 就 不 作为 故居 ， 因为 这个 裁定书 ， 叫 我们 拆迁 的 裁定书 叫 我们 走 ， 但是 我们 作为 他 的 子孙 ， 我们 认为 这 是 错误 的 这 是 一 。
