朱 大明 广州市 环境 检测 中心 站 工程师 ： 那 个 会 造成 一个 是 水质 污染 ， 大家 都 知道 ， 它 里面 的 一些 成份 ， 有些 重金属 等 污染物 ， 像 印染 污泥 ， 像 这 次 发现 的 。
再 一个 是 对 水生 的 生态 系统 也 会 造成 破坏 ， 因为 一些 污染物 会 损害 河 里面 的 一些 水生 生物 。
解说 ： 印染 污泥 因为 含有 聚丙烯 酰 胺 ， 广东省 将 其 作为 危险 废物 进行 管理 。
那么 本来 应该 进行 无害化 焚烧 的 污泥 ， 为什么 会 被 倒 在 河里 呢 ？
记者 来到 这家 印染 企业 ， 一 名 工作 人员 告诉 记者 ， 他们 根本 不 知道 从 企业 拉 出去 的 污泥 会 被 扔 到 河里 ， 他们 所有 的 污泥 都 是 以 每 吨 200 元 的 价格 委托 广州 绿 由 公司 在 进行 回收 处理 。
俞益 民 广州 省 中山市 某 印染 服装 公司 总经理 办公室 主任 ： 应该 是 今年 4月份 签 的 合同 。
签 了 合同 之后 ， 我们 开始 合作 了 ， 我们 有 污泥 的话 ， 就 会 通知 他 过来 拿 ， 这 样子 。
解说 ： 绿 由 公司 的 全称 叫 广州 番禺 绿 由 工业 弃置 废物 回收 处理 有限公司 。
记者 来到 绿 由 公司 核实 情况 ， 没 想到 一 名 副 总 竟 一口咬定 对 此 情况 毫无 所 知 。
任延杰 广州 番禺 绿 由 工业 弃置 废物 回收 处理 有限公司 副 总经理 ： 我 现在 给 不 了 你 一个 比较 合理 的 说法 ， 因为 我 自己 也 不 知道 。
这些 问题 ， 我 觉得 最 好 是 再 找 业务 经手人 ， 那么 只能 是 他 清楚 ， 他 把 这些 污泥 用 什么 方式 操作 了 。
解说 ： 这时候 ， 所有 的 疑问 都 集中 在 该 业务 的 经办人 ， 记者 又 找到 了 那 名叫 陈小华 的 业务员 。
在 事实 面前 ， 陈小华 说 自己 收 了 印染厂 的 废物 处置 费 ， 却 并 没有 按 规定 把 污泥 拉 回 绿 由 公司 进行 焚烧 处理 ， 而是 把 私自 把 服务 处理 掉 了 。
记者 ： 那 你 每 次 去 收 了 钱 ， 这些 钱 呢 ？
陈小华 广州 番禺 绿 由 工业 弃置 废物 回收 处理 有限公司 业务 经办人 ： 钱 的 话 ， 基本上 另外 一个 业务员 收 回来 的 钱 ， 我们 没有 经过 公司 来 收 钱 ， 就 自己 直接 在 客户 那边 收 钱 了 。
记者 ： 你们 自己 就 把 钱 收 了 ？
陈小华 ： 嗯 。
解说 ： 按 陈小华 的 说法 ， 他 这样 做 是 为了 私 吞 货款 。
但 按理说 ， 他 要 想 瞒天过海 ， 本 不 是 一 件 容易 的 事 。
因为 按照 国家 规定 ， 在 转移 危险 废物 时 ， 双方 企业 都 必须 填写 一 种 一 式 五联 的 危险 废物 转移 联 单 。
按照 联 单 管理 模式 ， 陈小华 到 中山 这家 企业 来 拉 污泥 的 时候 ， 这家 企业 首先 要 填写 清楚 转移 的 时间 、 废物 名称 和 数量 ， 然后 污泥 才 能 被 拉 走 ， 之后 绿 由 公司 在 收到 污泥 后 ， 要 盖 上 回执 公章 ， 确认 接受 后 ， 联 单 还要 返回 中山 这家 企业 存档 ， 以 备 检查 。
如果 按 此 操作 ， 陈小华 本 应该 无机 可 乘 。
记者 ： 有 没 有 填 过 这种 单子 ？
陈小华 ： 填 这个 单 就 也 有 填 过 。
记者 ： 那 有 没 有 不 填 的 时候 ？
陈小华 ： 基本上 都 有 填 的 。
解说 ： 联 单 是 跟着 污泥 走 的 ， 既然 陈小华 填写 了 危险 废物 转移 联 单 ， 绿 由 公司 就 应该 知道 污泥 的 去向 。
可 记者 了解 到 ， 半 年 来 ， 陈小华 只 交 了 两 张 共计 53 吨 污泥 的 转移 单 。
任延杰 ： 而 我们 接收 回 公司 的 （ 污泥 ） 也 是 这么 多 ， 核查 的 单 也 是 这么 多 ， 53 吨 。
解说 ： 记者 又 来到 提供 污泥 的 印染 企业 ， 在 这里 了解 到 他们 存档 的 联 单 却 是 40 份 ， 共 涉及 2000 多 吨 污泥 。
让 人 奇怪 的 是 ， 在 这些 联 单 上 都 清楚 地 盖 着 绿 由 公司 的 回执 公章 。
如果 绿 由 公司 只 受到 53 吨 污泥 ， 那么 其它 2000 多 吨 污泥 确认 接收 的 回执 公章 又 是 怎么 被 盖 上 去 的 呢 ？
任延杰 ： 因为 通常 这些 联 单 （ 公司 ） 法规 部门 从 环保 部门 领取 之后 ， 他 为了 提高 一些 工作 效率 ， 他 会 一 整 本 、 一 整 本地 把 它 扣 完 ， 也就是说 联 单 入 了 公司 ， 在 使用 之前 都 要 盖 上 章 。
解说 ： 还 没有 收到 货 ， 却 提前 把 回执 的 章 都 盖 好 了 。
而 这样 一来 ， 却 给 了 陈小华 可乘之机 。
陈小华 ： 在 公司 这边 ， 比如说 我 现在 报 了 53 吨 ， 公司 只 知道 我 53 吨 的 量 ， 不 知道 其它 的 量 。
记者 ： 其它 联 单 ， 你 相当 于 私自 就 把 它 扣留 了 ？
陈小华 ： 对 。
解说 ： 半 年 来 ， 陈小华 截留 了 30 多 张 转移 单 ， 瞒天过海 倒 掉 了 2000 多 吨 污泥 。
到 目前 为止 ， 他 已经 私 吞 了 16万 货款 。
在 事实 面前 ， 绿 由 公司 承认 大量 的 污泥 被 非法 处置 ， 威胁 着 人们 的 健康 ， 是 因为 自己 在 管理 上 的 失控 。
任延杰 ： 现在 问题 就 发生 在 一个 联 单 的 领 用 和 联 单 的 回收 上 。
像 您 刚才 说 的 ， 有 那么 多 联 单 是 公司 不 知道 的 ， 那么 就 出现 一个 对 业务 监管 的 失控 。
演播室 主持人 翟树杰 ： 目前 ， 对于 这 起 非法 处置 工业 污泥 的 事件 ， 公安 部门 已经 立案 调查 。
从 表面 上 看 ， 这 似乎 只 是 一个 业务 人员 的 个人 行为 ， 但是 这 起 事件 的 发生 却 不 是 孤立 的 ， 它 和 企业 疏 于 管理 有着 密切 的 关系 。
为了 保护 环境 ， 保障 人民 的 生命 健康 ， 国家 连续 颁布 了 关于 工业 废物 处理 的 法律 和 法规 。
可是 当 全 社会 都 在 积极 治理 污染 的 时候 ， 像 绿 由 公司 这样 一 家 专业 治理 污染 的 企业 ， 却 因为 自己 在 管理 上 的 漏洞 ， 变成 了 污染 的 源头 ， 这 一 现象 背后 存在 的 种种 问题 不能不 引起 我们 的 深思 。
结语 ： 采集 人 ： 王宗华 “ 土法 炼油 ” 由于 污染 环境 、 质量 和 安全 得 不 到 保障 而 被 国家 禁止 。
