2008年 北京 奥运会 各个 方面 的 筹备 工作 正 紧张 进行 ， 从 今天 起 ， 《 焦点 访谈 》 将 用 五 期 节目 ， 通过 记者 体验 ， 向 观众 介绍 有关 场馆 建设 、 开幕式 畅想 、 奥运 舵手 选拔 、 交通 管理 、 美食 征集 等 几 个 方面 的 情况 。
今天 的 节目 主要 向 观众 介绍 场馆 建设 情况 。
2008年 奥运会 北京 地区 共有 31 个 比赛 场馆 ， 绝大多数 将 于 明年 年底 完工 。
在 所有 奥运 场馆 中 ， 最 引人注目 的 是 主会场 “ 鸟巢 ” 。
目前 ， 这 一 工程 中 难度 最 大 的 钢 结构 主 桁架 梁 成功 卸 载 。
卸 载 后 ， 总 重量 达到 42000 吨 的 “ 鸟巢 ” 钢 结构 体系 完全 脱离 外力 支撑 ， 历经 两 年 多 的 建设 ， 这 座 宏伟 的 建筑 终于 矗立 起来 。
国家 游泳 中心 “ 水 立方 ” 以 其 新颖 的 设计 也 成为 各界 关注 的 热点 。
奥运会 期间 ， 跳水 、 游泳 等 项目 都 将 在 此 举行 。
“ 水 立方 ” 目前 进行 的 工程 是 外 墙 贴 膜 。
这 一 工程 完成 后 ， 一个 像 水 一样 的 场馆 就 会 出现 在 公众 面前 。
中 空 的 墙 将 保证 “ 水 立方 ” 是 个 半 透明 的 建筑 。
此外 ， “ 水 立方 ” 还 克服 了 降 噪 、 防 晒 、 控 温 、 坚固 性 等 具体 难题 。
奥运会 之后 ， “ 水 立方 ” 将 成为 普通 老百姓 健身 娱乐 休闲 的 好 去处 。
2008年 奥运会 除了 北京 以外 ， 在 上海 、 青岛 、 沈阳 、 天津 、 香港 、 秦皇岛 六 个 地方 也 都 有 比赛 场馆 。
这些 场馆 已经 基本 建成 ， 目前 正 对 一些 设施 进行 完善 。
青岛 是 奥运会 举办 帆船 比赛 的 城市 。
奥林匹克 帆船 中心 建 在 青岛 最 繁华 的 市中心 旁边 ， 可以 说是 和 普通 老百姓 距离 最近 的 帆船 比赛 场馆 ， 很多 市民 在 家里 就 可以 观看 比赛 。
前不久 ， 这个 场馆 举行 了 2006 青岛 国际 帆船 赛 ， 这 也 是 第一 次 奥运会 帆船 测试 赛 ， 很多 人 对 帆船 产生 了 兴趣 。
国际 奥委会 和 国际 帆 联 的 官员 表示 ， 紧 挨 市中心 建设 场馆 ， 对 帆船 运动 的 推广 和 奥林匹克 精神 的 传播 非常 有益 。
结语 ： 采集 人 ： 王宗华 2008年 北京 奥运会 各个 方面 的 筹备 工作 正 紧张 进行 ， 国庆 期间 ， 《 焦点 访谈 》 将 用 五 期 节目 ， 通过 记者 体验 ， 向 观众 介绍 有关 场馆 建设 、 开幕式 畅想 、 奥运 舵手 选拔 、 交通 管理 、 美食 征集 等 几 个 方面 的 情况 。
今天 的 节目 主要 向 观众 介绍 开幕式 的 有关 情况 。
带 着 各界 观众 对 开幕式 的 热望 与 好奇 ， 《 焦点 访谈 》 记者 分别 对 文艺 演出 、 圣火 点燃 、 主题歌 演唱 等 关注 热点 进行 “ 打探 ” 。
今年 4月 ， 北京 奥 组 委 正式 成立 由 张艺谋 担任 总 导演 、 张继钢 和 陈维亚 为 副 总 导演 的 开 闭幕式 创作 团队 。
陈维亚 对 记者 说 ， 北京 奥 组 委 向 全球 征集 了 409 个 开幕式 方案 后 ， 目前 正 采取 低调 方式 抓紧 筹划 ， 希望 能 给 大家 一个 惊喜 ； 张继钢 导演 表示 ， 导演 组 随时 接受 社会 各界 的 意见 和 建议 ， 绝不 会 闭门造车 。
奥运会 开幕式 上 最 令 人 惊心动魄 的 还有 点燃 圣火 的 一刹那 。
目前 2008年 北京 奥运会 点火 方案 还 处于 构思 阶段 ， 方案 绝对 保密 。
记者 在 采访 时 了解 到 ， 很多 人 都 在 献计献策 。
刘博 是 一 名 刚 刚 毕业 的 大学生 ， 他 毕业 前 创作 的 动画 短片 在 今年 7月 获得 了 中国 人民 大学 人文 奥运 中心 举办 的 奥运 DV 比赛 大奖 ， 在 DV 中 他 设计 了 自己 心中 的 点火 仪式 —— 烽火台 点火 。
从 2004年 至 今 ， 北京 奥 组 委 向 全 社会 征集 奥运 歌曲 的 活动 一直 在 进行 ， 记者 从中 挑选 了 一 首 入围 歌曲 ， 分别 请 著名 歌唱家 、 歌手 组合 用 美声 、 民族 、 通俗 、 原生态 四 种 唱法 ， 让 电视机 前 的 观众 先 听 为 快 。
记者 在 采访 中 强烈 地 感受 到 ， 依靠 全国 人民 的 踊跃 参与 和 集思广益 、 开 闭幕式 创作 团队 的 激情 与 智慧 ， 2008 北京 奥运会 一定 能 给 世界 一个 惊喜 。
详细 内容 往 届 的 奥运会 开幕式 给 全世界 展现 了 很多 精彩 的 瞬间 ， 2008年 北京 奥运会 的 开幕式 我们 能 看到 些 什么 呢 ？
北京 市民 ： 能否 让 这个 节目 更 震撼 一些 ？
北京 市民 ： 不 知道 能 不 能 像 雅典 那样 给 人 惊喜 ？
北京 市民 （ 儿童 ） ： 想 看 北京 福娃 。
北京 市民 （ 老人 ） ： 像 春节 晚会 节目 一样 ， 演 一 下 让 大家 看看 ， 提 提 意见 。
记者 （ 王 小节 ） ： 现在 距离 北京 奥运会 开幕 只有 不 到 两 年 的 时间 了 ， 很多 人 都 在 关心 北京 奥运会 开幕式 的 文艺 演出 究竟 会 是 个 什么 样子 ？
圣火 该 如何 点燃 ？
主题歌 好不 好听 呢 ？
今天 我 就 帮 大家 去 打探 打探 ？
陈 导 ， 您 这 两 天 都 忙 什么 呢 ？
陈 ： 天天 开会 。
记者 ： 那 您 能 说 说 ， 现在 到底 是 个 什么样 的 进展 了 ？
陈 ： 不 能 说 。
记者 ： 什么 都 不 能 说 ？
解说 ： 我 先 找 到 了 北京 奥运会 开 闭幕式 副 总 导演 陈维亚 ， 今年 四月 ， 在 向 全球 广泛 征集 了 409 个 开 闭幕式 方案 之后 ， 北京 奥 组 委 正式 成立 了 由 张艺谋 、 张继钢 、 陈维亚 为 开 闭幕式 的 导演 组 的 创作 团队 。
由于 肩负 着 全国 人民 的 期望 ， 奥运会 开 闭幕式 创作 团队 的 压力 可 着实 不 小 。
他们 希望 在 开幕式 亮相 之前 尽量 减少 大家 的 关注 ， 最后 再 来 一个 巨大 的 惊喜 。
张维亚 （ 北京 奥运会 开 闭幕式 副 总 导演 ） ： 这个 事 太 大 了 ， 我们 都 习惯 ， 我们 的 口头语 ： 这 是 个 天 大 的 事 。
还 没 表演 呢 ， 所有 观众 都 知道 下 每 一 分钟 将 出现 什么 ， 再 下 一 分钟 将要 出现 什么 的 话 ， 艺术 效果 感染力 会 大 打折扣 ， 一定 到 了 那 一 天 ， 到 了 那 一刻 ， 灯光 亮 起 ， 音乐 响起 ， 人们 才 能够 被 那 个 艺术 上 的 强烈 震撼 所 感染 。
记者 ： 因为 我们 估计 到 北京 奥运会 的 开幕式 的 准备 情况 肯定 是 什么 都 不 能 说 ， 所以 我们 就 特地 刻 了 一 张 盘 ， 里面 是 四 位 国际 的 开幕式 大师 畅谈 北京 2008年 奥运会 开幕式 ， 我们 请 陈 导 看 一下 ， 咱们 就 可以 采访 时 更 有 针对性 。
