赤脚医生 到底 是 不 是 像 我们 看到 的 一些 宣传 材料 里 说 的 那样 如 亲人 般 体贴 ？
这 要 分 情况 看待 。
当时 的 赤脚医生 可以 脱产 或者 半 脱产 ， 工分 照样 有 甚至 记 得 比 常人 更 多 ， 所以 除了 分配 给 一些 有 文化 的 知青 外 ， 基本 被 出身 贫下中农 的 农村 上层 阶级 占 了 指标 。
这些 上层 阶级 （ 红 五 类 ） 本 就 在 村里 高人 一 头 ， 成为 手中 掌 有 一定 权力 的 医生 后 可能 更 傲慢 。
1966年 卫生部 的 一 份 简报 刊载 了 《 合作医疗 好处 多 》 一 文 ， 指出 合作医疗 的 主要 缺点 和 漏洞 就 有 “ 部分 医务 人员 缺乏 全心全意 为 人民 服务 的 思想 ， 服务 态度 不好 、 医疗 作风 不 正 ” 。
在 上述 旅 美 作家 的 回忆 中 ， 还 记录 了 另 一 位 进修 赤脚医生 的 恶劣 态度 ： “ 这 位 目 刚 识 丁 的 农妇 以 辱骂 病人 及其 家属 为 其 主要 工作 职责 。
” 在 遇到 反抗 后 ， 她 一 声 长叹 ： “ 唉 ！
你们 这些 城里人 ， 真是 太 狡猾 了 ！
我 真 是 受 够 了 ， 受 够 了 ！
” “ 她 在 农村 里 欺负 惯 了 百依百顺 、 任 人 作践 的 农民 ， 做梦 也 想不到 有人 竟会 胆大包天 地 起来 反抗 。
” 不可 否认 农村 合作医疗 和 赤脚医生 为 改善 农村 医疗 条件 起 到 了 不 小 的 作用 ， 但 也 不宜 夸大 。
当时 群众 把 合作医疗 称为 “ 群众 交 钱 ， 干部 吃 药 ” 。
此外 ， 如果 那 时候 的 合作医疗 真 那么 好 ， 为何 在 80 年代 给 了 农民 自由 后 ， 合作医疗 便 很 快 土崩瓦解 ？
…
[ 详细 ] 两 大 原因 导致 医生 态度 恶劣 第一 ， 在 基本 没有 市场 机制 的 情况 下 ， 医生 缺乏 竞争 ， 他们 捧 着 铁饭碗 领 着 死 工资 ， 不 需要 对 病人 客气 。
尤其 是 在 医疗 资源 匮乏 的 情况 下 ， 对 医疗 资源 有 一定 支配权 的 医生 更是 恃 权 傲慢 。
4. 八十 老母 ， 盼 儿 祝寿 ； 儿 诺 十 年 ， 给 您 拜寿 。
可怜 老母 ， 望 穿 秋水 ； 风烛残年 ， 苦 熬 十 年 。
九十 老母 ， 张灯结彩 ； 终于 得 来 ， 孝子 一 拜 。
老母 含泪 ， 儿 跪 不 起 ； 期间 十 年 ， 可 曾 探望 ？
现在 的 演员 呀 ， 人生 的 自我 的 角色 无 能力 表演 好 ， 就 只有 靠 到 农村 去 表演 脱衣舞 来 出名 了 。
第二 ， 当时 把 人 分为 红 五 类 （ 革命 军人 、 革命 干部 、 工人 、 贫农 、 下中农 ） 、 麻 五 类 （ 小商贩 、 中 农 、 上中农 、 职员 、 自由职业者 ） 、 黑五类 （ 地主 、 富农 、 反革命 分子 、 坏分子 、 右派 分子 ） 三 类 十五 等 ， 文革 时 又 根据 路线 问题 把 人 分为 路线 正确 的 与 路线 错误 的 两 等 。
根据 这 两 种 划分 ， 处于 低 等级 的 人 本 就 没 地位 ， 再 加上 当 时 强调 斗争 性 ， 低 等级 的 人 就 更 不 被 当 人 看 ， 医生 对 这样 的 人 能 有 什么 好 态度 。
而 一些 赤脚医生 ， 既 是 高 等级 （ 红 五 类 出身 ） ， 又 路线 正确 （ 赤脚医生 是 那时 着力 宣传 的 当代 英雄 ） ， 一般 患者 岂敢 冒犯 。
改革 后 ， 伪 市场化 去 不 掉 医生 的 牛气 现在 的 医 患 关系 非常 紧张 司机 和 猪肉 佬 风光 不再 ， 医生 依然 牛 观察 当年 的 社会 三 件 宝 在 如今 的 地位 变迁 ， 就 可以 知道 哪 一 块 是 真 的 市场化 了 ， 哪 一 块 还 保留 了 旧 体制 。
改革 后 ， 大部分 医院 很 少 再 享受 财政 拨款 ， 甚至 有的 医院 还 要 向 上 “ 纳 贡 ” ， 但 这 不 意味着 医院 就 市场化 了 ， 正 如 中 石油 、 中 移动 们 也 不 是 市场化 企业 一样 。
医疗 服务 可 分为 医疗 市场 服务 和 医疗 公益 服务 ， 前者 应该 让 私营 企业 搞 ， 后者 才 是 公立 医院 的 地盘 。
但 如今 乾坤 颠倒 ， 公立 医院 对 提供 医疗 公益 服务 意兴 阑 珊 ， 却 对 医疗 市场 服务 大包大揽 ， 只 给 私营 企业 吃 点 医疗 市场 服务 的 残渣 剩 羹 。
公立 医院 能 做到 这 一点 ， 盖 因 他们 和 上级 主管 部门 是 一家 人 ， 这家 人 把 大部分 医疗 市场 服务 划 入 自己 的 庭院 ， 而 不 想 让 私营 力量 染指 。
这 根本 上 与 石油 领域 发生 的 事 没 有 不同 。
这种 用 公 权 给 私营 企业 设置 准入 壁垒 和 发展 桎梏 的 做法 ， 使得 公立 医院 一 家 独 大 ， 形成 行政 垄断 。
而 与 行政 垄断 相 随 的 往往 是 低效 腐败 、 服务 恶劣 。
如果 说 包括 铁老大 在内 的 行政 垄断者 在 全民 紧 盯 与 责难 下 有所 收敛 的话 ， 现在 对 公立 医院 这样 的 隐性 行政 垄断者 的 监督 与 问 责 少 得 可怜 。
医护 人员 吃回扣 触犯 刑法 而 鲜 受 追究 的 “ 刑 不 上 大夫 ” 特权 ， 就是 例证 。
…
[ 详细 ] 金钱 对 冰冷 的 消解 作用 改革 后 ， 虽然 公立 医院 整体 上 是 行政 垄断 ， 但 不同 的 公立 医院 之间 对 有 钱 人 的 争夺 还 是 形成 了 一定 的 竞争 。
所以 一些 医院 给 舍得 掏钱 的 人 提供 了 特别 的 服务 ， 比如 在 有的 医院 ， 挂 昂贵 的 专家 号 并 能 乖乖 的 听从 医生 去 指定 药店 买 药 的 话 ， 医生 还 是 会 给 不少 笑脸 的 。
其实 改革 前 ， 用 钱 铺路 去 抢 得 一点 医疗 资源 也 是 普遍 现象 ， 广西 电影 制片厂 1983年 拍摄 的 电视 短 剧 《 求医 》 ， 虽然 是 歌颂 医生 不 收 礼 的 ， 但 从 侧面 也 反映 了 那个 年代 给 医生 送礼 是 风气 。
只不过 ， 改革 后 用 金钱 铺路 的 方式 和 可以 得到 的 服务 要 丰富 多 了 。
但是 相应 的 ， 那些 农村 来 城市 看病 ， 囊中羞涩 的 农民 少不了 要 在 呵斥 声 中 度过 。
不可 否认 ， 我们 的 社会 毕竟 在 进步 ， 各种 进步 也 推动 了 医生 服务 态度 的 改善 。
但 要 改变 人们 头脑 中 医生 “ 脸 难看 ” 的 印象 ， 还 任重道远 。
5. 显示器 作为 电脑 的 重要 配置 之一 ， 是 你 与 电脑 交流 的 唯一 途径 ， 没有 显示器 你 就 无法 使用 电脑 。
所以 爱护 好 你 的 显示器 就 显得 非常 重要 ， 下面 我 就 向 大家 说 说 如何 爱护 好 你 的 显示器 。
