” …
[ 详细 ] 那 时候 城市 里 谁 牛气 ？
医生 、 司机 、 猪肉 佬 …
…
改革 开放 前 以及 改革 开放 初期 的 中国 城市 ， 机关 和 事业 单位 人员 用 公费 医疗 ； 企业 员工 有 劳保 ； 自由职业者 （ 没有 单位 的 人 ） 自费 医疗 。
但是 匮乏 的 医疗 资源 除了 能够 保证 一些 高干 随便 使用 外 ， 一般 人 不 是 有 纸面 上 的 待遇 就 可以 享受 到 。
所以 掌握 稀缺 资源 的 人 就 精 贵 了 ， 当时 有 社会 三 件 宝 ： 医生 、 司机 、 猪肉 佬 。
这 三 种 人 ， 谁 都 想 结交 。
3. 婚前 恐惧症 正是 由于 上述 婚前 婚后 所 面临 的 角度 转换 ， 生活 方式 的 反差 ， 致使 一部分 人 即 将 步入 婚姻 殿堂 时 ， 对 自己 的 未来 人生 状况 产生 一 种 捉摸不定 、 莫名其妙 的 忧虑 。
染 上 恐 婚 症 的 人 ， 会 对 未来 婚姻 有 一 种 恐惧感 ， 通常 “ 症状 ” 是 烦躁 、 脾气 比较 急 、 爱 发火 ， 有的 人 会 沉默寡言 ， 不 愿 多 说话 ， 进而 影响 到 工作 和 生活 。
婚前 ， 你 究竟 恐惧 什么 呢 ？
让 我们 来 对症下药 ， 见 招 拆 招 ： 一 、 担心 “ 婚姻 是 爱情 的 坟墓 ” 。
恐惧 原因 ： 人人 都 说 “ 婚姻 是 爱情 的 坟墓 ” ， 哪怕 爱情 再 美好 ， 进入 婚姻 就 没有 了 激情 和 甜蜜 ， 只有 无尽 的 琐碎 和 烦恼 。
要是 不 结婚 就 没有 这么 多 麻烦 事儿 了 ， 可以 尽情 享受 生活 ， 享受 爱情 的 滋润 …
…
支 招 ： 走 出 婚前 恐惧症 ， 首先 要 摆脱 对 婚姻 生活 的 幻想 ， 不要 存在 过 高 的 期望 与 奢望 ， 不要 认为 爱人 样样 都 好 ， 完美无缺 ， 蜜月 真的 比 蜜 还 甜 ， 应该 清楚 地 认识 到 ， 新 家庭 的 诞生 ， 就 意味着 负担 的 加重 ， 意味着 双双 要 为 家庭 尽力 尽 责任 ， 尽 自己 做 丈夫 和 妻子 的 责任 。
须知 ， 蜜月 的 甜美 是 自己 甘心 为 爱人 吃苦 受累 而 赢 来 的 ， 是 互相 的 奉献 ， 共同 的 营造 。
要求 恋人 们 在 婚前 就要 有 为 爱人 、 为 未来 的 小家庭 甘心 吃苦 受累 的 决心 ， 要 宽容 和 谅解 爱人 的 缺点 。
二 、 包办 婚姻 ， 对 未来 老公 不够 了解 。
恐惧 原因 ： 我 和 他 是 亲戚 介绍 认识 的 ， 由于 在 两 个 城市 工作 ， 我们 相识 半 年 只 见 过 三 次 面 ， 家人 都 说 我们 年龄 不 小 了 ， 催 着 我们 在 这个 五一 完婚 。
可是 我 对 他 还 不 了解 啊 ， 他 的 生活 习惯 ， 他 的 朋友 圈 ， 甚至 他 是 不 是 专 一 ， 原来 有 没有 谈 过 女朋友 我 都 不 清楚 ， 真是 无奈 啊 ， 每 次 一 想到 这些 就 头 大 ， 真 不 想 结 这个 婚 …
…
支 招 ： 男女 双方 需要 不断 地 加强 相互 之间 的 了解 ， 加深 感情 ， 这 是 最 重要 的 婚前 心理 准备 。
这项 准备 若 不 充分 ， 其他 准备 再 完备 也 不 会 保障 婚后 生活 的 美满 幸福 ， 纵然 是 婚前 物质 准备 应有尽有 ， 亦 难 以 弥补 心理 的 损伤 ， 维持 夫妻 真挚 的 恩爱 。
建议 你们 还 是 多 了解 一下 再 考虑 结婚 ， 或者 婚前 长 谈 一 次 ， 尽可能 多 的 互相 了解 ， 或许 可以 消除 对 未来 婚姻 的 恐惧感 。
三 、 担心 和 婆婆 合不来 。
恐惧 原因 ： 以后 就 要 和 公公 、 婆婆 住 在 同一 屋檐 下 ， 各人 的 生活 习惯 暴露无遗 ， 相互 间 的 摩擦 也 就 不可避免 。
他 爸 妈 能 容忍 我 吗 ？
我 能 在 这个 家里 过 得 愉快 吗 ？
支 招 ： 做 好 适应 新 生活 的 精神 准备 。
婚前 就 应 想 到 婚后 生活 的 各个 方面 都 会 发生 显著 的 变化 ， 不仅 只 为 和 爱人 生活 在 一起 ， 还有 双方 的 父母 、 兄弟 、 姐妹 以及 亲戚 朋友 ， 要 学会 与 她们 和睦相处 。
在 婚前 乃至 婚后 一 段 时间 内 ， 应该 创造 条件 去 认识 和 熟悉 那些 应该 认识 的 人 ， 以免 婚后 因 许多 陌生人 闯入 自己 的 生活 而 感到 紧张 和 引起 失误 ， 从而 伤害 夫妻 感情 。
四 、 担心 家务 活儿 干 不 完 。
恐惧 原因 ： 我 是 家里 的 独生女 ， 从小 父母 把 我 视为 掌上明珠 ， 从来 没有 做 过 家务 ， 最 多 整理 一下 自己 的 小屋 什么 的 。
可是 结婚 后 就 不 一样 了 ， 要 学会 做饭 洗 衣服 ， 还要 拖 地板 ， 清理 房间 ， 光 是 这 几 样 就 能 占 去 大半 的 休息 时间 啊 …
…
真 想 一辈子 生活 在 父母 的 庇 阴 下 ， 这样 就 不 会 头疼 家务活 儿 了 。
支 招 ： 每个 女人 都 会 成为 主妇 。
遗憾 的 是 ， “ 主妇 ” 目前 在 中国 并 不 是 一个 值得 骄傲 的 词 ， 因为 与 它 血脉 相连 的 家务 ， 一直 以来 都 被 社会 和 男 人们 所 忽视 甚至 轻视 。
我们 无法 让 男人 和 笑话 里 一样 ， 亲身 体会 家务 劳动 的 繁琐 和 辛劳 ， 但 家务 的 价值 和 其他 任何 劳动 一样 ， 是 一个 主妇 尊严 和 价值 之 所 系 ， 绝不 能 轻轻 一笔带过 。
尊重 家务 劳动 不但 是 新版 《 妇女 权益 保障 法 》 的 突破性 成果 ， 也 是 男女平等 的 根本 前提 之一 。
五 、 担心 婚 外 情 害怕 离婚 。
恐惧 原因 ： 现在 一 打开 报纸 、 网络 ， 铺天盖地 的 都 是 出轨 啊 ， 外遇 什么的 ， 即使 是 恋爱 多年 的 爱人 结婚 后 ， 也 会 出现 七 年 之 痒 ， 十 年 之 痒 什么的 ， 让 人 心慌 慌 。
特别 是 很多 单亲 家庭 长大 的 人 ， 特别 害怕 结婚 后 又 离婚 ， 所以 干脆 就 不 结婚 ， 害怕 婚姻 给 自己 再次 带来 伤害 。
支 招 ： 这种 恐惧 一 是 来源于 社会 舆论 对 婚姻 生活 的 负面 “ 宣传 ” ， 以及 一些 媒体 对 各种 婚姻 问题 剖析 过多 地 “ 暴露 ” 了 婚姻 的 阴暗面 ， 使 有 “ 结婚 意向 ” 的 人 感到 一 种 无形 的 压力 ， 以致 产生 对 婚后 生活 “ 走向 ” 过分 忧虑 和 对 婚姻 失败 的 恐惧 ； 另 一个 原因 是 ， 一 方 对 另 一 方 某 方面 不 是 很 满意 ， 或 对 对方 某些 缺点 在 成家 后 能否 改变 、 自己 能 不能 适应 等 心 存 疑虑 。
