* CC98 * 4 / 19 / 20129:24:19PM 刚 在 蓝 六 看到 只 受伤 的 少年 猫 。
。
。
心里 好 难受 啊 。
。
。
就 在 蓝 六四 单元 楼梯 口 碰到 只 不 停 地 在 叫唤 的 黄色 的 猫 咪 ， 目测 半 岁 左右 ， 看 着 挺 干净 的 （ 比 后 街 那 几 只 白 猫 干净 多 了 ） ， 而且 看到 我 就 凑 到 我 跟前 了 （ 它 本来 是 在 垃圾箱 那 一 堆 垃圾 上 的 ） ， 也 不怕 我 摸 它 （ LZ 想 着 反正 上楼 也 要 洗手 ， 就 没 管 它 脏 不 脏 ） 。
然后 在 我 想 抱 它 起来 的 时候 摸 到 它 右侧 前肢 下 有些 毛 粘 在 一起 了 ， 而且 我 一 碰到 那里 它 就 直接 叫 起来 在 地上 打 了 个 滚 。
。
。
然后 就 看到 它 右侧 有 个 很 大 的 伤口 ， 好像 挺 严重 的 样子 。
。
。
就 在 我 在 想 怎么 办 的 时候 楼上 下来 个 人 把 它 吓 跑 了 。
。
。
。
不 知道 为什么 心里 很 不 舒服 。
。
。
。
好 难受 啊 。
。
。
PS ： 楼 主 自己 在 家 养 过 两 只 猫 ， 第一 只 在 一 岁 多 的 时候 被 我 老爹 踩 死 了 ， 难受 了 好久 ， 第二 只 健在 。
。
。
。
都 是 从 差不多 半 月 大 的 时候 开始 养 起 的 。
。
。
。
。
这 只 小 猫 应该 是 蓝 四 的 那 只 吧 ~ 昨天 以前 还 住 在 蓝 四 里面 。
。
。
今天 溜 达到 蓝 六 去 了 ~ ~ ~ 腹部 目测 受 过 大 伤 诶 。
。
。
据 楼 长 说 ， 昨天 以 前 已经 两 天 没 吃饭 了 ， 然后 我 喂 了 它 一点 东西 。
。
。
估计 是 饿 了 在 找 东西 吃 吧 ~ ~ 大家 踊跃 喂 他 啊 ！
~ ~ ~ 好 可 盐 。
。
。
犹豫不决 ， 不 知道 给 不 给 它 买 点 猫 粮 。
。
。
原来 好像 是 一个 妹子 买 了 一 大 包 交给 楼 长 喂 的 ~ 前 几 天 告罄 了 宿舍楼 下 很 多 三角 尖 尖 的 猫 屋 的 ， 从来 没 猫 住 ， 随便 搬 一个 里面 铺 点 床单 毛巾 破 衣服 之类 的 ， 把 它 安顿 了 ， 然后 买 点 吃 的 给 它 吧 伤口 不 严重 的 话 可能 只有 让 它 自己 愈合 了 * CC98 * 4 / 22 / 20128:53:38PM 在 选 专业 的 时候 。
。
。
我 真 想 对 学 弟学妹 说 点 什么 大 二 了 。
也 是 从 当时 选 专业 的 纠结 中 走 过来 的 。
真 的 很 想 对 学 弟学妹 说 点 什么 。
话 有 很多 。
慢慢 写 。
只 是 分享 自己 的 一点 点 体会 ： 不 要 跟 风 ， 选 自己 喜欢 的 才 重要 ， 要 不 会 很 痛苦 的 。
大家 可以 不 知道 自己 喜欢 什么 ， 但 一定 要 知道 自己 不 喜欢 什么 。
真 的 ， 不要 再 跟 风 了 。
不要 了 ！
也 请 其他 的 学长 学 姐 在 这里 说 几 句 吧 ， 权且 当做 帮帮 正在 焦急 中 的 学 弟学妹 了 。
lz87v5. 。
。
lz 是否 跟 风 选 的 专业 ？
* CC98 * 4 / 22 / 20128:53:38PM 臭 小子 ！
熟人 在 这 搞 什么 ？
我 就 是 跟 风 选 的 。
结果 。
。
。
现在 很 自己 爱 什么 就 选 什么 说 的 对 ， 但是 这 谁 都 明白 ， 又 有 多少 人 能 说 得 清 自己 喜欢 什么 呢 ？
尚 不 了解 ， 如何 谈 喜欢 ？
我 就 是 在 纠结 中 的 一分 子 。
。
是的 ！
不要 再 跟 风 了 。
。
。
什么 “ 王道 ” 专业 ， 什么 虚荣心 ， 什么 巴拉巴拉 的 。
都 太 不 靠 谱 了 。
自己 热爱 的 才 最 重要 。
不要 再 跟 风 了 。
。
。
。
。
！
！
！
！
1. 想 了解 一下 我 妈 说 上 别的 学校 吃亏 。
有意思 。
现在 都 想 上 名牌 大学 呀 ！
爱上 北大 ， 没 理由 。
北大 吸引 我 的 并非 它 是 全国 最 知名 的 大学 .
而是 从 书本 里 了解 的 北大 人 文 , 环境 , 更 重要 的 是 这里 师生 对 学术 的 研究 精神 .
我 喜欢 北大 , 如果 真 能 09 年 圆 自己 这个 北大 梦 , 我 将 和 这里 的 学长 一样 , 认真 的 对待 学术 , 对待 人生 .
初 次 知道 北大 的 时候 , 我 就 像 初恋 着 一个 女孩 一样 , 每天 都 想 着 .
就 在 高 一 的 时候 买 了 一 本 地摊 书 .
书 名叫 风情 北大 , 更 是 让 对 北大 了解 更 深刻 了 .
我 把 这些 作者 都 一一 记住 , 有 吴子桐 , 周 星星 等 .
.
.
.
.
.
希望 能 和 你们 一样 在 北大 念书 吧 !
!
!
呵呵 。
人文 情调 。
三 个 字 ： 虚荣心 。
图书馆 最 吸引 我 ！
喜欢 北大 ， 只 因 执 着 于 她 的 文化 底蕴 。
10. 1 ， 我们 不 执 着 于 快乐 ， 也 不 去 追求 快乐 的 时候 ， 快乐 自然而然 就 来 了 。
我们 不 想 逃避 痛苦 的 时候 ， 痛苦 自然而然 就 远离 了 。
2 ， 智慧 是 在 人 和 事 中 磨练 出来 的 ， 我们 遇到 一 次 违 缘 ， 能 增长 一 种 智慧 ; 遇到 一 次 障碍 ， 能 提高 一个 层次 。
3 ， 观察 自己 的 毛病 ， 改变 自己 的 毛病 ， 这 才 是 改变 命运 。
你 的 毛病 越 少 ， 命运 越 好 ; 你 的 毛病 越 多 ， 命运 越 不 好 。
4 ， 不 尽 责任 、 不 尽 义务 ， 这 是 罪过 。
真正 能 尽 到 责任 、 尽 到 义务 ， 这 是 修行 ， 这 是 功德 。
5 ， 你 最 执 着 的 ， 就 是 对 你 伤害 最 大 的 ， 也 是 最 能 考验 你 的 。
他 伤害 你 的 时候 ， 你 如果 不 动心 ， 能 放下 他 ， 你 才 过关 。
6 ， 心 的 变化 ， 是 最 高超 的 魔术师 的 表演 ， 看 起来 那么 神奇 奥妙 ， 任 谁 也 辨认 不 出来 。
当 我们 真正 明白 了 ， 才 知道 其实 没有 什么 复杂 的 ， 都 是 它 变 的 。
7 ， 看 不 见 自己 的 缺点 和 毛病 ， 只 能 看见 别人 的 缺点 和 毛病 ， 这 就是 傲慢 心 。
