首先 ， 不要 在 显示器 上 堆放 杂物 ， 这样 可能 会 影响 显示器 的 正常 散热 ， 减少 显示器 的 使用 寿命 。
在 移动 显示器 时 不要 忘记 将 电源线 和 信号 电缆 线 拔掉 ， 而 插 拔 电源线 和 信号 电缆 时 ， 应 先 关机 ， 以免 损坏 接口 电路 的 元器件 。
同时 在 插 拔 显示器 电源线 或 信号 电缆 时 应该 特别 注意 ， 因 遇到 的 大部分 显示器 问题 都 是 接触 不良 或者 受 环境 影响 造成 的 。
如 显示器 接触 不良 将 会 导致 显示 颜色 减少 或者 不 能 同步 。
插头 的 某个 引 脚 弯曲 可能 会 导致 显示器 重 则 不 能 显示 内容 ， 轻 则 不 能 显示 颜色 或者 偏向 一 种 颜色 ， 以及 有 可能 导致 屏幕 上 下 翻滚 。
这种 问题 非常 麻烦 ， 因为 如果 矫正 弯曲 的 引 脚 可能 使得 引 脚 折断 。
再 有 如果 显示器 线缆 拉 得 过 长 ， 可能 使 显示器 的 亮度 减小 ， 且 射线 不 能 聚焦 ， 也 应 注意 。
显示器 的 图 象 如 经常 长 时间 不 变 ， 可 在 计算机 上 安装 屏幕 保护 程序 以 防止 荧光粉 的 老化 。
如果 屏幕 图像 晃动 ， 则 最 可能 原因 是 外界 磁场 的 干扰 ， 如 变压器 产生 的 磁场 等 。
行频 过 低 ， 电源 电压 过 高 ， 也 可能 会 使 屏幕 突然 无 显示 ， 这 是 因为 显示器 会 发生 高压 保护 。
当 发生 高压 保护 后 ， 必须 立刻 关机 ， 等 过 几 分钟 电压 稳定 后 再 开机 ， 才 能 重新 工作 。
使用 中 在 调节 显示器 面板 上 的 功能 旋钮 时 ， 要 缓慢 稳妥 ， 不可 猛 转 硬 转 ， 以防 损坏 旋钮 。
如果 稍许 降低 显示器 屏幕 显示 亮度 （ 适当 ） ， 也 可以 减缓 显像管 的 灯丝 和 荧光粉 老化 的 速度 。
另外 ， 显示器 的 电源 要 稳定 ， 虽然 显示器 的 工作 电压 适应 范围 比较 大 ， 但 也 可能 由于 受到 瞬时 高压 冲击 而 造成 元件 损坏 ， 所以 应 使用 带 保险丝 的 插座 。
如 条件 许可 ， 最 好 配 一个 UPS 。
总之 只要 平时 爱护 好 你 的 显示器 ， 它 就 会 努力 的 为 你 工作 的 。
恩 ， 我 觉得 值得 学习 啊 ， 顶 你 ！
这个 问题 很 有 用 ， 不错 。
好 的 ， 顶 你 ， 收藏 了 ， 嘻 嘻 。
* 百度 贴吧 * 2012-04-1709:42 你们 给 老人 让 个 座位 会 死 吗 ？
。
。
。
。
。
。
早上 从 老家 乘 公共 汽车 回 霸州 途中 上来 一 对 母女 老太太 大概 60 多 岁 她 女儿 也 就 20 几 岁 的 样子 但是 身体 挺 重 的 老太太 是 那 种 典型 的 小 老太太 个 字 矮 矮 的 在 颠簸 的 路上 似乎 都 站 不 稳 当 我 起身 给 老太太 让 了 个 座位 结果 却 要 她 女儿 坐 百思不得其解 后来 才 得知 她 女儿 5 个 月 身孕 老太太 依然 站 着 我 在 其 身后 扶 着 她 直到 在 南关 汽车站 老太太 站 了 11 个 小时 也 没有 让 座位 的 我 想 问问 你们 你们 的 屁股 就 那么 金贵 吗 让 个 坐 年轻人 站 站 又 能 怎么样 呢 依稀 记得 07 年 和 妈妈 去 苏州 在 公交 车上 4 个 人 给 我 妈妈 让座 那 是 一 种 怎样 的 社会 风气 和 道德 氛围 在 看看 霸州 在 看看 咱 的 家乡 竟然 如此 。
。
。
。
。
。
真 的 很 愤怒 我 只 想 告诉 那些 坐 在 座位 上 听 着 音乐 的 年轻人 们 你们 也 有 个 老 你们 的 父母 也 会 出 门 遇到 没有 座位 的 情况 哎 这个 操 蛋 的 社会 太 多 应该 做 的 事 而 没有 人 去 做 占 座 自己 做 好 ， 自己 心安 ， 就 好 我 晕 7 哥 果然 有 先见之明 刚 说 完 就 有人 攻击 我 呵呵 愤怒 的 事 太 多 了 如果 你 因为 这样 的 现象 而 生气 那 都 生 不 完 我 没有 不 给 人 让座 的 习惯 ， 因为 我 妈 年纪 挺 大 的 ， 感觉 老人 需要 呵护 吧 .
* 百度 贴吧 * 2012-04-1709:42 你们 给 老人 让 个 座位 会 死 吗 ？
。
。
。
。
。
。
早上 从 老家 乘 公共 汽车 回 霸州 途中 上来 一 对 母女 老太太 大概 60 多 岁 她 女儿 也 就 20 几 岁 的 样子 但是 身体 挺 重 的 老太太 是 那 种 典型 的 小 老太太 个 字 矮 矮 的 在 颠簸 的 路上 似乎 都 站 不 稳 当 我 起身 给 老太太 让 了 个 座位 结果 却 要 她 女儿 坐 百思不得其解 后来 才 得知 她 女儿 5 个 月 身孕 老太太 依然 站 着 我 在 其 身后 扶 着 她 直到 在 南关 汽车站 老太太 站 了 11 个 小时 也 没有 让 座位 的 我 想 问问 你们 你们 的 屁股 就 那么 金贵 吗 让 个 坐 年轻人 站 站 又 能 怎么样 呢 依稀 记得 07 年 和 妈妈 去 苏州 在 公交 车上 4 个 人 给 我 妈妈 让座 那 是 一 种 怎样 的 社会 风气 和 道德 氛围 在 看看 霸州 在 看看 咱 的 家乡 竟然 如此 。
。
。
。
。
。
真 的 很 愤怒 我 只 想 告诉 那些 坐 在 座位 上 听 着 音乐 的 年轻人 们 你们 也 有 个 老 你们 的 父母 也 会 出 门 遇到 没有 座位 的 情况 哎 这个 操 蛋 的 社会 太 多 应该 做 的 事 而 没有 人 去 做 占 座 自己 做 好 ， 自己 心安 ， 就 好 我 晕 7 哥 果然 有 先见之明 刚 说 完 就 有人 攻击 我 呵呵 愤怒 的 事 太 多 了 如果 你 因为 这样 的 现象 而 生气 那 都 生 不 完 我 没有 不 给 人 让座 的 习惯 ， 因为 我 妈 年纪 挺 大 的 ， 感觉 老人 需要 呵护 吧 .
6. 招聘 规划 、 方案 、 程序 、 内容 等 方面 的 工作 准备 妥当 后 ， 还要 检 视 些 什么 呢 ？
其实 ， 许多 情形 下 ， 都 是 由于 招聘 工作 人员 的 把握 不 确切 ， 或 本身 具备 的 素质 和 技巧 未能 应对 招聘 的 问题 ， 从而 造成 预期 与 实际 上 的 偏差 。
因此 ， 如何 从 提升 招聘 工作 人员 的 素质 入手 ， 从 表达 、 观察 、 协调 和 认知 等 方面 进行 自我 校对 ， 并 争取 在 实 操 学习 和 积累 中 ， 避免 可能 出现 的 误区 。
笔者 认为 ： 招聘 千万 不 能 忽视 的 问题 ， 正是 对 招聘 工作 人员 的 要求 。
比如 ， 素质 ： 热情 公正 、 认真 负责 、 诚实 ， 表达 ： 知识 和 行业 了解 及 沟通 力 ； 观察 ： 掌握 适合 辨别 的 测试 技术 ， 协调 ： 寻找 到 思想 交流 的 着 陆点 ， 认知 ： 策略 方式 与 角色 的 转换 性 。
