这 是 一切 痛苦 的 根源 。
8 ， 我们 都 在 做梦 。
晚上 做 的 梦 是 黑 梦 ， 白天 做 的 梦 是 白梦 。
晚上 的 梦 很 容易 醒 过来 ， 但是 白天 的 梦 很 难 醒 过来 。
醒 过来 了 就 叫 觉 者 ， 没有 醒 过来 叫 迷 者 。
11. 诚信 今天 上午 ， 我们 学习 了 《 打赌 》 这 篇 课文 。
课文 里 讲 到 了 我 和 爸爸 打赌 ， 爸爸 戒 了 烟 ， 而 我 改掉 了 吃 零食 不 吃饭 这个 坏 习惯 。
最后 那 句 话 特别 让 我 难忘 ： “ 男子汉 说话 ， 算数 ！
” 不过 ， 这 一 句 话 却 让 我 觉得 很 不安 ， 久久 不 能 平静 下来 。
因为 这 使 我 想起 了 一 件 事 。
那天 ， 爸爸 、 妈妈 、 两 个 姐姐 和 我 一 家 人 在 吃饭 。
突然 爸爸 问 起 了 我 的 学习 。
爸爸 看 着 我 那 段 时间 天 天 一 吃 完 饭 就 往 学校 里 赶 ， 觉得 很 奇怪 。
我 告诉 他 自己 参加 了 学校 里 的 辅导 组 ， 准备 参加 知识 竞赛 呢 。
爸爸 听 了 很 高兴 的 ， 就 说 ： “ 要 是 你 能 在 比赛 中 获奖 的 话 ， 我 就 给 你 买 你 一直 最 想 要 的 自行车 ！
” 我 听 了 信心 十足 地 说 ： “ 那 这个 奖品 我 拿 定 了 ！
” 过 了 些 天 ， 我们 比赛 了 。
一 看 那些 题 ， 挺 容易 的 ， 我 就 兴 高 彩 烈 地 做 了 起来 ， 一边 做 ， 一边 想 着 自己 骑 上 了 那 辆 心爱 的 自行车 的 威武 样子 …
…
过 了 几 天 ， 老师 知道 比赛 结果 了 。
她 告诉 我 ， 还 差 一分 我 就 能 入 奖 了 ， 让 我 继续 努力 。
可 我 听 了 ， 却 楞 了 好 一会儿 ！
我 的 自行车 泡汤 了 ， 怎么办 呢 ？
不过 ， 幸亏 爸爸 天天 忙 着 到 田里 种菜 ， 到 市场 卖 菜 ， 他 可 没 留意 我 那天 没精打采 的 。
两 个 姐姐 也 顾 着 自己 的 学习 ， 当然 也 没 多 大 留意 。
当 有 一 天 爸爸 载 着 我 经过 商场 门口 的 时候 ， 他 才 好像 突然 想起 了 什么 事 ， 说 ： “ 嗯 ， 前 些 天 你 不 是 说 比赛 吗 ？
结果 怎么样 了 ？
” 我 一 听 ， 犹豫 了 一下 ， 瞟 了 一下 商场 里面 的 自行车 ， 说 ： “ 爸爸 ， 你 早 就 输 掉 了 一 辆 自行车 给 我 了 …
…
只不过 这些 天 我 见 你 忙 ， 所以 没 跟 你 说 …
…
” “ 这么 乖 ？
那 现在 就 去 买 吧 。
” 这 天 中午 ， 我 得到 了 一 辆 自行车 。
我 得意洋洋 地 骑 着 它 到处 晃 ， 可 回到 家 来 看 到 两 个 姐姐 不 大 相信 的 眼睛 时 ， 就 有 一点 抬 不 起 头 …
…
就 这样 ， 爸爸 一直 不 知道 我 说 了 个 不易 察觉 的 谎话 。
我 的 自行车 也 一直 骑 到 了 今天 。
可是 ， 今天 学 的 《 打赌 》 却 让 我 觉得 放学 后 再 骑 自行车 很 没劲 。
回到 家里 ， 大 姐姐 和 二 姐姐 都 已经 放学 回来 了 。
她们 正在 做 作业 呢 。
大 姐姐 一 见 我 回来 ， 就 说 ： “ 好 了 ， 你 可 回来 了 。
我 可 盼 你 快 点 回来 呢 ！
” 我 奇怪 地 问 ： “ 什么 事 ？
” 大 姐姐 说 ： “ 老师 让 我们 个人 或 合作 做 一 份 手 抄报 ， 和 家人 合作 也 可以 ， 是 关于 诚信 的 ， 让 我们 收集 一些 关于 诚信 的 故事 或 资料 。
我 想起 以前 学 过 《 小珊迪 》 这 篇 课文 ， 小珊迪 就是 一个 讲 诚信 的 榜样 ， 所以 得 找 你 拿 钥匙 取出 那 本 书 …
…
” 二 姐姐 接着 说 ： “ 还有 呢 。
我 记得 《 宋庆龄 的 故事 》 里 讲 到 了 她 小时候 信守 诺言 的 故事 ， 所以 要 找 出 来 看 一 看 。
还有 不少 故事 是 讲 诚信 的 ， 再 找 一 找 。
—— 这 是 我 答应 帮 大 姐姐 忙 的 。
然后 呢 ， 你 得 帮 大 姐姐 写 一 篇 作文 ， 也 是 关于 讲 诚信 的 。
” 非 曲直 “ 诚信 诚信 ， 越 怕 它 就 越 要 听 到 它 ！
我 还 在 想 《 打赌 》 呢 ， 还 在 想 我 的 自行车 呢 ， 还 在 想 我 该 不 该 告诉 爸爸 呢 。
” 我 心里 嘀咕 着 。
一边 开 了 房门 ， 走 到 了 书架 前 。
书架 上 的 书 一 本 又 一 本 ， 有 那么 多 的 名人 的 故事 。
那么 多 的确良 名人 ， 他们 都 是 一些 有 道德 的 、 讲 诚信 的 人 ， “ 他们 会 不 会 笑 我 骑 自行车 也 骑 得 不 光彩 呢 ？
还 让 我 写 作文 呢 ， 不 知道 怎样 写 ！
—— 可是 ， 要是 我 能 把 事情 说 出来 ， 爸爸 也 一定 能 原谅 我 的 。
能 勇敢 承认 自己 的 错误 ， 也 是 讲 诚信 的 表现 啊 。
就是 这样 办 。
” 写 诚信 作文 要 有 一 件 主要 的 事 。
诚信 是 雨 ， 洗涤 着 人们 心灵 的 尘埃 。
诚信 是 雷 ， 震撼 着 人们 虚伪 的 灵魂 。
我 是 一个 有名 的 顽童 ， 跟 人 打架 的 是 我 ， 不 做 作业 的 是 我 ， 踩 上 课桌 飞跑 的 是 我 ， 把 中 队旗 拿 下来 玩 “ 斗牛 ” 的 还 是 我 。
我 这么 顽皮 ， 可是 同学 都 信任 我 ， 因为 我 非常 诚实 , 是 我 干 的 事 我 都 承认 。
记得 我 读 三 年级 时 , 妈妈 每天 都 给 我 10 元 钱 ， 我 每天 除了 吃 早餐 ， 上学 、 放学 坐 车 ， 中午 买 菜 ， 买 学习 用品 ， 零花 后 总 要 节省 几 元 ， 然后 把 它 存 起来 。
一 段 时间 下来 ， 我 已经 存 了 150 多 元 钱 了 。
我 把 这个 秘密 告诉 了 妈妈 ， 妈妈 高兴 得 合 不 拢 嘴 ， 一个劲 地 夸 ： “ 我 的 儿子 真 有 出息 ！
” 一 天 ， 我 见 同学 买 了 遥控 赛车 ， 真 让 人 玩 得 过瘾 ， 我 手 痒痒 的 ， 真 想 玩 ， 可 那 位 同学 不 肯 ， 我 心想 “ 真 小气 ， 我 又 不 是 没 钱 的 人 。
