” 一气之下 ， 我 就 取出 自己 的 私房钱 买 了 一 辆 奥迪 双 钻 牌 FI 系列 的 遥控 赛车 ， 比 起 他 那 辆 可 “ 帅 ” 多 了 。
邻居 家 的 小伙伴 听说 我 买 了 辆 很 棒 的 赛车 也 想 见识 见识 ， 正好 那天 我 没 回家 ， 放学 后 就 到 外婆 家 去 了 。
正 在 这时 我 妈 下班 回来 ， 见 邻居 小伙伴 探头探脑 的 ， 就 问 “ 你 上 我家 干什么 ？
” 邻居 小伙伴 为了 帮 我 保守 秘密 就 说 ： “ 没 …
…
没 干 什么 ？
” 这 一 举动 更 引起 我 妈 的 怀疑 ， 我 妈 三步并作两步 走向 房间 ， 拿 起 储蓄 罐 一 看 ， 发现 少 了 100 多 元 钱 ， 妈妈 断定 钱 的 去向 ， 然后 怒气冲冲 地 赶到 邻居 家 ， 不 分 青红皂白 地 要 邻居 小伙伴 还 钱 ， 小伙伴 丈 二 和尚 摸 不 着 头脑 呆 呆 地 站 着 ， 一 下 被 吓 哭 了 ， 哭声 引来 了 他 妈妈 、 奶奶 …
…
就 这样 一 场 “ 舌战 ” 马上 开始 了 ， 两 家 人 还 差点 打 起来 ， 幸亏 好心 的 旁人 及时 劝架 ， 并 对 我 妈 说 ： “ 你 还是 把 儿子 叫 回家 ， 问 个 明白 ， 再 作 决定 。
” 妈妈 认为 也 有 道理 ， 然后 打电话 叫 我 回 家 ， 跟 我 说 了 事情 的 经过 ， 我 一 听 傻 了 眼 什么 也 不 敢 说 ， 呆 呆 地 坐 着 ， 心里 有 15 只 兔子 在 乱 闯 —— 七 上 八 下 。
八 只 白兔 说 ： “ 赶快 向 妈妈 说明 事情 的 真相 。
” 七 只 灰 兔 说 ： “ 别 说 ， 让 邻居 伙伴 来 赔钱 ， 这样 神 不知 鬼 不觉 地 既 得到 了 赛车 ， 又 没有 亏 钱 ， 这 不 是 两全其美 的 事 吗 ？
” 我 被 它们 弄 得 晕头转向 ， 简直 分 不 清 东南 西北 ， 15 只 兔子 越 争 越 激烈 …
…
我 定 了 定神 ， 想起 了 老师 的 话 ： “ 黄金 有 价 ， 诚信 无价 。
” 那么 ， 我 问 自己 ： “ 是 选择 金钱 ， 还是 选择 诚信 ？
” 最后 我 选择 了 诚信 ， 就 把 事情 真相 告诉 了 妈妈 ， 并 要求 妈妈 陪 我 去 邻居 家 道歉 。
妈妈 不好意思 地 一边 自责 一边 带 上 我 的 玩具 和 我 一起 往 邻居 家 走 去 。
从此 ， 我们 两 家 的 友谊 更 深 了 。
也 让 我 再 一 次 感悟 到 ： 深厚 的 友谊 是 以 诚信 为 基础 的 。
诚信 像 土 ， 为 无数 幼苗 提供 了 营养 ； 诚信 像 水 ， 滋润 着 小树 舒枝 展 叶 ， 天天 向上 ； 诚信 像 根 ， 将 魄力 与 智慧 提供 给 生长 中 的 树干 ， 使 小苗 长成 大树 。
同学 们 ， 拾 起 我们 诚信 的 “ 背囊 ” 吧 ！
用 我们 的 诚信 战胜 风浪 ， 以 我们 的 诚信 来 创造 美好 的 人生 ！
－ － － － － － － － － － － － － － － － － － － － － － － － － － － － － － － － － － － 诚实 是 金 ， 黄金 有 价 ， 诚信 无价 ， 诚信 比 黄金 更 贵重 ， 诚信 作为 高尚 的 品格 ， 可以 为 人们 带来 财富 ， 但 诚信 本身 并 不 是 黄金 。
中国 古代 一 位 思想家 曾 告诉 我们 ： 做人 要 “ 慎 独 ” 。
意思 是 说 ， 君子 即使 在 只 有 自己 一个 人 的 时候 ， 也 会 严格 地 自我 反省 ， 做到 心中 坦坦荡荡 ， 行动 光明正大 。
著名 科学家 爱因斯坦 曾 说 ： “ 世间 最 美好 的 东西 ， 莫过于 有 几 个 头脑 和 心地 都 很 正直 而 严正 的 朋友 ” 王充 说 过 ： “ 精诚 所 加 ， 金石为开 ” 。
古代 著名 教育家 孔子 说 过 ： “ 人 而 无 信 ， 不知 其 可 也 。
” 生活 中 ， 一 件 不 吃 偷 来 的 石榴 的 事 让 我 想起 一 次 夏天 的 中午 ， 我 正巧 去 过 别人 家 的 果园 前 ， 突然 有 人 大 喊 起来 ： “ 枇杷 、 枇杷 ， 黄澄澄 的 枇杷 ！
” 我 转 过 头 一 看 ， 一 大 帮 孩子 ， 正 围 在 枇杷 树 前 。
你 一 言 ， 我 一 语 ， 似乎 在 议论 什么 。
我 走近 一 听 ， 原来 是 在 议论 怎么 把 枇杷 摘 下 。
一个 稍 大 的 同学 就 先 动 手 ， 我 叫 了 一 声 ： “ 别 摘 ， 不 能 偷 别人 家 的 东西 。
” 他 还 不 听 ， 我 叫 他 下来 ， 耐心 地 对 他 说 ： “ 你 怎么 能 摘 别人 家 的 水果 呢 ？
人家 的 果子 少 了 ， 心里 肯定 很 难过 ， 如果 是 你 呢 ， 你 会 怎么 想 ？
你 知 不 知道 ‘ 诚实 ’ ， 诚实 就 是 实事求是 ， 不 说谎 ， 不 虚假 ， 言行一致 ， 表里如一 。
做 一个 诚实 的 人 ， 就 要 说 老 实话 ， 为人 老实 ， 诚实 是 做人 的 基本 品质 ， 只有 为 人 诚实 ， 才 能 得到 别人 的 信任 和 尊重 。
你 懂 吗 ？
” 当时 ， 他 红 着 脸 赶紧 逃 了 。
有 一 次 ， 我 考试 考 了 97分 ， 卷子 一发 下来 发现 有 一 道 题目 错 了 ， 老师 批 对 了 。
我 本来 不 想 对 老师 说 。
但 一 晚上 我 的 心里 忐忑不安 ， 第二 天 ， 我 鼓 起 勇气 去 向 老师 说 ： “ 老师 ， 你 把 我 的 题目 批 对 了 ， 这 本来 是 错 的 。
应该 减 一分 。
” 罗 老师 语重心长 的 说 ： “ 你们 学习 也 很 刻苦 ， 学 的 这么 苦 ， 考试 应该 使 你 高兴 高兴 。
有些 人 考 50 几 分 就 没 办法 了 ， 你 说 是 吗 ？
” 我 点点 头 ， 让 老师 帮 我 改 了 ， 就 跑 回 教室 了 。
其实 世界 上 有 许多 诚实 ， 有 用 诚实 校正 成长 的 脚步 ， 用 诚信 守护 良知 的 天空 …
…
“ 诚信 ” 这 只 是 两 个 简简单单 的 字 ， 但 近年来 ， 不少 人 把 它 遗忘 了 ， 甚至 丢弃 了 。
结果 是 ， 许多 人 的 心灵 被 污染 了 。
行为 中 的 欺骗 隐瞒 多 了 ， 社会 上 的 假冒伪劣 泛滥 了 。
为此 我们 倡导 并 和 千千万万 善良 正直 的 人们 一起 ， 呼唤 诚信 ， 寻找 诚信 ， 在 我们 身边 共同 种植 培育 起 诚信 的 森林 ， 让 这个 世界 变 得 更 美好 。
