刘 女士 说 ， 经 邻居 介绍 她 来到 了 哈市 南岗区 宣化 街 595 号 的 “ 安博 教育 。
京翰 1 对 1 ” 课外 辅导班 。
接待 刘 女士 的 工作 人员 细致 地 向 她 了解 儿子 的 成绩 情况 ， 以及 刘 女士 想 让 儿子 达到 什么样 的 成绩 。
当时 工作 人员 称 ， 他们 学校 的 任课 教师 都 是 “ 在职 一线 教师 ” ， 经过 他们 的 补习 ， 刘 女士 的 儿子 的 成绩 应该 能 提高 。
当 刘 女士 询问 是 哪 所 学校 的 教师 时 ， 工作 人员 称 保密 。
就 这样 ， 刘 女士 为了 能 让 孩子 的 成绩 快 点 提高 ， 3月 1日 她 与 学校 签订 了 合同 ， 为 儿子 补习 数学 、 语文 、 英语 、 化学 、 生物 、 物理 等 六 科 。
记者 在 合同 上 看到 ， 补习 费用 是 每 小时 180 元 ， 共 400 小时 ， 学费 72000 元 。
但 并 没有 承诺 成绩 提高 到 什么 程度 的 内容 。
刘 女士 说 ， 自从 上 了 补习班 ， 儿子 就 不 去 学校 上学 了 。
每天 早上 10点 到 补习班 上课 ， 每 节 课 两 小时 ， 一般 每天 三 节 课 ， 要 补习 到 晚上 10点 才 回家 。
那 段 时间 ， 儿子 学习 很 刻苦 ， 回到 家里 还 要 自学 ， 每天 都 学习 到 凌晨 3点 多 。
临近 高考 时 ， 因 课时 不够 ， 又 增加 了 34 小时 的 课 ， 学费 6120 元 ， 这样 算 下来 ， 她 共 交 了 近 8万 元 的 学费 。
成绩 ： 高考 总分 340 分 。
不久前 公布 了 高考 成绩 ， 刘 女士 儿子 的 成绩 是 340 分 ， 和 想象 的 成绩 相差 较 远 。
特别 是 数学 和 理 综 考 得 特别 不 理想 。
因为 儿子 性格 内向 ， 成绩 发布 后 ， 就 躲 在 家里 ， 情绪 非常 低落 。
刘 女士 也 非常 生气 ， 她 说 上课 的 时候 ， 学校 承诺 的 是 “ 一 线 在职 教师 ” ， 花 了 这么 多 钱 ， 进行 了 一对一 补习 ， 却 考 了 这样 的 成绩 ， 刘 女士 觉得 自己 的 钱 花 得 冤 。
7月 18日 下午 ， 记者 来到 “ 安博 教育 。
京翰 1 对 1 ” ， 该校 校长 王邦冲 称 ， 刘 女士 是 看 了 同学 的 孩子 在 他们 学校 补课 后 成绩 有所 提高 ， 才 把 儿子 送 到 学校 的 。
因为 这 名 学生 之前 的 成绩 就 不 高 ， 而且 今年 的 题 还 难 ， 这 次 刘 女士 的 儿子 考 了 340 分 ， 其实 成绩 算是 提高 了 。
事后 他们 经过 分析 ， 刘 女士 的 儿子 经过 补习 ， 语文 和 英语 分别 考 了 97分 和 85分 ， 算是 超常 发挥 ； 数学 成绩 考 了 49分 ， 理 综 考 了 109 分 ， 今年 题 难 ， 如果 不 补习 ， 也 不 会 达到 这么 多 分 。
16. 全球 瞩目 的 伦敦 奥运会 开幕 在即 ， 许多 人 热衷 于 看 世界 上 的 一流 运动员 训练 、 表演 ， 而 自己 却 缺乏 锻炼 。
英国 权威 医学 杂志 《 柳 叶 刀 》 近日 公布 的 研究 结果 显示 ， 全球 有 三分之一 的 成年人 “ 懒得 活动 ” ， 运动量 不足 ， 这 导致 每年 约 有 500万 人 因此 死亡 ， 而 这 几乎 和 吸烟 致死 的 人数 相同 。
英国 医学 杂志 《 柳 叶 刀 》 18日 发表 两 份 报告 ， 判断 全球 三分之一 的 成年人 运动量 不足 ， “ 坐 沙发 、 看 电视 ” 类型 的 生活 方式 每年 致死 大约 500万 人 。
“ 懒 病 ” 每年 害 死 500万 人 ！
调查 发现 ， 全球 有 三分之一 的 成年人 “ 懒得 活动 ” ， 运动量 不足 ， 这 导致 每年 约 有 500万 人 因此 死亡 ， 几乎 和 吸烟 致死 的 人数 相同 。
另 有 研究 证实 ， 每天 久 坐 3 小时 减 寿 两 年 。
你 怎么 看 ？
震惊 ， 看来 要 多 做 运动 了 ； 无奈 ， 工作 太 忙 了 没 办法 。
无所谓 ， 就是 懒 人 改 不 了 。
覆盖 近 九 成 人口 ！
据 报道 ， 这项 研究 调查 了 全球 122 个 国家 ， 覆盖 89% 的 世界 人口 。
研究 人员 在 第一 份 报告 中 把 运动量 不足 称为 “ 流行病 ” ， 认为 “ 年龄 15 岁 或 以上 人群 中 ， 每 10 人 中 大致 3 人 ， 合计 大约 15亿 人 ， 没有 达到 现有 运动量 建议 标准 ” 。
而 13 至 15 岁 青少年 问题 更 大 ， 每 5 人 中 4 人 运动量 不足 。
第二 份 报告 比 对 运动量 与 涉及 糖尿病 、 心脏 疾病 和 癌症 等 疾病 的 人口 统计 数据 ， 推断 在 2008年 全球 总计 5700万 去世 人口 中 ， 运动量 不足 致死 超过 530万 人 。
一定 程度 上 ， 运动 不足 与 吸烟 和 肥胖 相当 ， 是 致命 风险 因素 。
关联 多种 疾病 ！
据 估算 ， 运动量 不足 作为 诱因 ， 关联 6% 的 冠心病 病例 、 7% 的 Ⅱ 型 糖尿病 病例 和 10% 的 乳腺癌 和 结 肠癌 病例 。
报告 作者 认定 ， 运动量 不足 现象 随 年龄 增加 而 趋于 严重 ， 女性 比 男性 更为 突出 ， 高 收入 国家 更 为 普遍 。
研究 人员 说 ， 运动量 不足 现象 如果 能 减少 10% ， 依 保守 估算 ， 可以 每年 挽救 50万 人 的 生命 。
依照 作者 的 解释 ， 人体 需要 运动 ， 以 帮助 骨骼 、 肌肉 、 心脏 和 其他 器官 发挥 最佳 效用 。
只 是 ， 人们 越来越 少 走 路 、 跑步 和 骑 自行车 ， 越来越 多 坐 在 汽车 内 和 电脑 前 。
运动量 标准 ： 英国 研究 人员 称 运动量 不足 ， 特指 无法 完成 每 星期 5 次 持续 30 分钟 中等 程度 运动 或者 3 次 持续 20 分钟 剧烈 运动 ， 或者 这 两 种 运动 方式 的 组合 。
马耳他 是 最 “ 懒 ” 国家 。
这项 研究 给 出 了 这些 国家 的 综合 “ 懒惰 ” 比例 ， 即 达 不 到 健康 运动 标准 的 比例 ， 以及 男女 人口 各自 的 “ 懒惰 ” 比例 。
结果 显示 位于 地中海 中部 的 岛国 马耳他 以 71. 9% 的 懒惰 率 —— 其 国民 中 71. 9% 的 成年人 缺乏 锻炼 —— 位 列 全球 “ 懒惰 国家 ” 之 首 。
研究 还 发现 ， 按照 这个 健康 运动量 标准 ， “ 身体 运动 不足 ” 随 年龄 增加 而 增加 ， 即 老人 比 年轻人 “ 懒惰 ” ； 女人 比 男人 “ 懒惰 ” ， 收入 高 的 国家 比 低收入 国家 “ 懒惰 ” 。
但 世界 上 最 “ 懒惰 ” 的 群体 却 是 利比亚 、 沙特阿拉伯 等 地 的 妇女 ， 据称 这些 地方 给 妇女 就业 设置 了 重重 限制 ； 而 对 男性 来说 ， 英国 男人 和 日本 男人 是 世界 上 最 懒惰 的 男人 。
