时间  2008 > 搭伴 过日子 这 件 事情 发生 在 深 城 
中国 的 版图 就 像 一 只 雄鸡  深 城 就 坐落 在 北部 的 鸡 头 上  离 国界 不 远 
两 个 国家 关系 紧张 的 时候  剑拔弩张  就 像 颈 毛 乍 起 的 发怒 的 公鸡 
后来  两 国 友好 了  双方 的 居民 经常 互相 越过 界河  到 对岸 做 生意 
在 深 城 的 大街 上  经常 可以 看见 黄 头发  大 鼻子 的 醉鬼  他们 抱 着 酒 就 是 抱 到 了 幸福 
深 城 是 个 县  不 大  南 城门 到 北 城门 三 里 三  东城 门 到 西 城门 也 是 三 里 三 
因此  经常 听见 深 城 人 这样 说  都 住 在 这 三 里 三  谁 不 认识 谁 呀 
北城 门外 是 一 片 平房 住宅 
生活 在 这里 的 人  都 是 深 城 的 老 居民 
远处  可以 看见 深 城 监狱  高高 的 大 墙  挂 着 带刺 的 铁丝网  据说 通 着 电  当然 谁 都 没 试 过 
还 可以 看见 岗楼 
岗楼 里 站 着 威严 的 武警  刺刀 闪 着 冰冷 的 光 
晚上  那 岗楼 上 的 探照灯 晃 来 晃 去  戒备 森严 
我们 现在 讲 石头 胡同 的 故事 
这 是 一 排 平房  家家 独门 独院 
有 一 户 人家  女主人 叫 朱 环  丈夫 叫 李庸  两 个 人 至今 没有 小孩 
朱 环 有点 胖  三十二 岁 了  脸蛋 依然 很 光滑  算是 有 几 分 姿色 的 女人 
她 在 医院 当 保洁 工  工作 很 苦  工资 很 低 
李庸 在 深 城 一 家 粮库 打更 
他 比 朱 环 大 四 岁  干瘦  还 有 点 驼背  远远 看上去  有点 像 老头 
不 认识 的 人  甚至 以为 他 是 朱 环 的 父亲 
两 个 人 结婚 五 年 了 
李庸 是 濒 县 人  濒 县 和 深 城 隔 一 条 河  那 河 有 个 挺 好听 的 名字 —— 甲 零 河 
他 是 顶替 父亲 工作 来到 深 城 的 
他 到 深 城 粮库 工作 那 一 年 已经 三十一 岁  却 一直 没有 讨 到 老婆 
经 人 介绍  他 认识 了 朱 环 
两 个 人 见 了 一 面  互相 都 挺 满意 
朱 环 丧偶 
她 前夫 叫 欧利  死 于 一 场 车祸 
两 个 人 结婚 三 年  还 没有 孩子 
朱 环 有 病  不 能 生育 
看 了 很多 大夫  都 治 不 好 
就 在 李庸 和 朱 环 商量 结婚 的 时候  朱 环 告诉 了 他 一 件 事 —— 她 曾经 被 人 强奸 过 
那 是 欧利 去世 前 两三 个 月 发生 的 事 
朱 环 没有 隐瞒  把 那 个 人 告 了 
那 人 被 抓 了 起来  判 了 六 年 刑 
朱 环 没有 说 那个 强奸犯 姓 甚 名 谁 
李庸 也 没有 问 
朱 环 说  欧利 是 一个 通达 的 人  他 的 态度 取决于 朱 环 
朱 环 无所谓  他 就 无所谓  朱 环 很 愤怒  他 就 很 愤怒 

这 件 事 一点 都 没有 影响 她 和 欧利 的 感情 
她 最 受 不 了 的 是 街坊 们 的 眼神 
每 次  她 从 邻居 们 面前 走 过去  都 会 感觉 到 他们 在 背后 小声 嘀咕 什么  就 像 嚼 一块 口香糖 
假如 她 回过 头  他们 就 会 蓦然 住口 
她 知道  他们 在 谈论 她 
日子 一天天 地 过去 
街坊 们 把 这块 口香糖 嚼 得 实在 没 有 味道 了  终于 扔掉 了 
既然 朱 环 对 李庸 讲 了 实情  既然 她 的 前夫 都 没有 因此 嫌弃 她  李庸 当然 更 不会 嫌弃 她 
况且  那 都 是 过去 的 事 
婚后  李庸 再 没有 提 过 这 件 事 
李庸 中年 娶 妻  像 爱 女儿 一样 爱 着 朱 环  对 她 的 关心 和 呵护 简直 无微不至 
尽管 生活 一直 很 辛苦  但是  两 个 人 很 和睦 
他们 的 婚姻 像 小米 一样 平凡  琐碎  质朴 
李庸 的 爱好 是 抽烟   羚羊  牌  多少 年 了 从来 没 变 过 
这 种 烟 的 颜色 像 雪茄  很 辣  四 角 钱 一 包 
他 一 天 抽 两 包 
他 从来 不 给 别人 发 烟  也 从来不 抽 别人 的 烟 
他 总是 低 着 头 抽烟  烟雾 慢腾腾 升起  就 像 是 他 的 形体 动作 
说 他 像 个 老头子  还 不 仅仅 是 因为 他 老相  他 的 一举一动 总是 很 缓慢 
朱 环 的 喜好 浪漫 一些 —— 养 鸟 
这 似乎 不 太 符合 她 的 身份 
养 宠物 的 女人  一般 都 很 富裕  很 清闲 
朱 环 养 的 是 一 只 鹦鹉 
那 是 一 只 颜色 古怪 的 鹦鹉 （ 实际上  鹦鹉 的 颜色 都 挺 古怪 的 ） 
它 的 背 是 绿色 的  脑袋 和 脖子 是 灰色 的  嘴 是 红色 的  脖子 上 有 一 条 紫色 的 道道  像 个 细细的 围脖 
朱 环 用 木头 为 它 制作 了 一个 栖身 的 秋千 
平时  它 总是 一动不动 地 站 在 那 上面  直 直 地 看 主人 吃饭  睡觉  聊天 
令 李庸 最 不 满意 的 是  这 只 鹦鹉 从来不 学舌 
买 回 它 那天  朱 环 就 逗 它 说 话   你 好 吗 
 鹦鹉 一言不发 
 妈妈 
  爸爸 
  我 饿 了 
  我 渴 了 
 朱 环 不 停 地 说 
鹦鹉 像 木偶 一样 看 着 朱 环  始终 不 开口 
李庸 甚至 怀疑 它 是 个 哑巴 
朱 环 却 不 气 不 恼 
每天 下 了 班  都 要 精心 给 这 只 鹦鹉 喂 食 喂 水  极其 细致 
李庸 觉得  朱 环 是 因为 没有 孩子  寂寞  她 把 这 只 鹦鹉 当成 孩子 了 
朱 环 没有 放弃 
只要 一 闲 下来  她 就 站 在 鹦鹉 面前  逗 它 说话 
 爸爸 
  妈妈 
  宝贝  你 害怕 吗 
