与/p前/f几/m个/q赛季/n不同/a的/ude1是/vshi，/wd常规/n赛/v结束/v后/f中国/ns篮协/n确认/v将/d不再/d聘请/v外籍/n裁判/n执法/vn，/wd而是/c全部/m使用/v国内/s裁判/n执法/vn。/wj
之所以/c打破/v沿用/v9年/m的/ude1老/a规矩/n，/wd官方/n给/v出/vf的/ude1解释/vn是/vshi：/wm一/m来/f洋/ag裁判/n水平/n未必/d比/p国内/s裁判/n高/a；/wf二/m来/f，/wd要/v给/p本土/n裁判/n更/d多/a信任/vn。/wj
后来/t有/vyou媒体/n爆/vd料/v称/v，/wd“/wyz真正/b的/ude1原因/n是/vshi洋/ag裁判/n执法/vn都/d是/vshi一/m锤子/n买卖/vn，/wd收/v钱/n更/d狠/a。/wj”/wyy
想/v来/vf也/d是/vshi，/wd外籍/n裁判/n拿/v的/ude1是/vshi美元/q，/wd控制/v的/ude1是/vshi大/a场面/n，/wd这样一来/dl俱乐部/n的/ude1公关/n费/nr1支出/n一下子/mq就/d会/v飙升/v好/a几/m倍/q。/wj
但/c换/v回/qv本土/n裁判/n，/wd为何/ryvCBA/x公平/a的/ude1执法/vn环境/n不但/c没有/d改善/v，/wd反而/d更加/d恶劣/a？/ww
一方面/c是/vshi由于/p裁判/n队伍/n本身/rz与/p篮协/n不/d存在/v隶属/v关系有关/n，/wd并/cc不/d像/vNBA/x那样/rzv隶属/v于/p同/p一个/mq组织/n，/wd而是/c各/rz有/vyou各/rz的/ude1身份/n，/wd比如/v大学/n教授/n、/wn体育/n局/qv官员/n等/udeng，/wd也就是说/vl，/wd即便/c没有/v了/uleCBA/x这块/r兼职/vn，/wd他们/rr也/d不会/v像/vNBA/x裁判/n那样/rzv陷入/v失业/vn危机/n。/wj
对/p此/rzs，/wd国内/s篮球/n专家/n徐济/nr成就/n曾/d多次/mq表示/v：/wm“/wyzCBA/x最/d业余/b的/ude1地方/n就/d是/vshi裁判/n”/wyy，/wd因为/c“/wyz隶属/v关系/n和/cc利益/n点/qt都/d不/d一样/uyy，/wd篮协/n从/p根/n上/f就/d没法/v管/v裁判/n”/wyy。/wj
另外/c一方面/c，/wd则/c是/vshi中国/ns篮协/n在/p“/wyz黑/a哨/ng问题/n”/wyy表现/v出/vf的/ude1软弱/a态度/n，/wd他们/rr不/d想/v、/wn更/d不/d敢/v将/d黑/a哨/ng推向/v司法/n程序/n。/wj
裁判/n这个/rz小圈子/n与/p很多/m体育/n项目/n一样/uyy，/wd篮球/n裁判/n在/p赛场/n拥有/v极大/a的/ude1权力/n，/wd他们/rr在/p关键/n时刻/n的/ude1判罚/vn往往/d直接/ad影响/v着/uzhe比赛/v最终/b的/ude1结果/n。/wj
在/p监管/vn缺失/n、/wn职业/n操守/n丧失/v的/ude1情况/n下/f，/wd权力/n就/d意味着/v金钱/n和/cc财富/n。/wj
可见/c，/wd如今/t的/ude1CBA/x裁判/n与/p当年/t中国/ns足球/n超级/b联赛/n的/ude1裁判/n们/k一样/uyy，/wd那/rzv可/d是/vshi一个/mq极大/a的/ude1肥缺/n。/wj
用/p“/wyz哨子/n一/m响/q，/wd黄金/n万/m两/m”/wyy来/f形容/v，/wd应该/v也/d不/d算/v过分/a。/wj
以/p55/m岁/qt的/ude1国际级/b裁判/n吴敏/nr华为/nz例/n。/wj
官方/n曾/d对/p他/rr的/ude1执法/vn特点/n给/v出/vf高度/d评价/v，/wd如此/rzv“/wyz国宝级/b”/wyy的/ude1裁判/n应该/v是/vshi中国/nsCBA/x之/uzhi福/n啊/y！/wt
然而/c，/wd如此/rzv“/wyz优秀/a裁判/n”/wyy的/ude1吴敏华/nr却/d亲手/d导演/v了/ule许许多多/m的/ude1问题/n比赛/vn：/wm今年/t他/rr亲手/d导演/v了/ule“/wyz7分钟/t内/f3/n次/qv改判/v”/wyy的/ude1闹剧/n，/wd去年/t他/rr亲手/d“/wyz策划/v”/wyy了/ule青岛/ns风波/n，/wd被/pbei麦蒂/nrf称为/v“/wyz瞎/a老鼠/n”/wyy，/wd被/pbei外界/n质疑/vn有/vyou参与/v赌球/n之/uzhi嫌/ng；/wf4年/m前/f曾/d被/pbei球队/n领导/n质疑/vn“/wyz眼睛/n瞎/v了/ule吗/y”/wyy；/wf7年/m前/f更/d有/vyou被/pbei山东/ns球迷/n攻击/vn的/ude1经历/n…/ws…/ws
有/vyou业内人士/n告诉/v记者/n：/wm“/wyzCBA/x裁判/n是/vshi肥缺/n，/wd这/rzv是/vshi众人/n皆/d知/v的/ude1，/wd裁判/n就/d是/vshi球场/n上/f的/ude1法官/n。/wj
你/rr看看/v现在/t执法/vnCBA/x的/ude1主/ag裁/v，/wd绝大多数/m都/d是/vshi大学/n体育/n学院/n的/ude1院长/n、/wn副/b院长/n，/wd都/d是/vshi硕士生/n导师/n的/ude1教授级/b人物/n。/wj
他们/rr好不容易/dl获得/v执法/vnCBA/x的/ude1机会/n，/wd谁/ry愿意/v将/p这个/rz肥缺/n拱手/vd相让/vi呢/y？/ww”/wyy
言外之意/nl，/wdCBA/x裁判/n并/cc不/d缺/v人才/n和/cc好/a苗子/n，/wd只/d是/vshi那些/rz所谓/v的/ude1权威/n专家/n不/d愿意/v放手/vi而已/y。/wj
在/pCBA/x执法/vn的/ude1裁判/n当中/f，/wd有/vyou近/a90%/m都/d是/vshi来自/v高校/n或/c体育/n局/qv官员/n，/wd而且/c裁判/n是/vshi个/q极为/d特殊/a的/ude1群体/n，/wd很多/m热爱/v篮球/n裁判/n的/ude1大学生/n如果/c想/v成长/vi为/p出色/a的/ude1CBA/x裁判/n，/wd最/d大/a的/ude1障碍/n并非/v是/vshi能力/n，/wd而是/c没有/v“/wyz门路/n”/wyy。/wj
因为/p多/m年/qt来/f，/wd篮球/n裁判/n界/k有/vyou这样/rzv的/ude1一个/mq传统/n，/wd要/v想/v学习/v吹/v哨/ng主要/d靠/v师傅/n的/ude1传帮带/n，/wd因此/c这/rzv也/d逐渐/d形成/v一个/mq个/q小圈子/n、/wn小/a团体/n——/wp一/m个/q裁判/n带/v出/vf几/m个/q徒弟/n，/wd每个/r徒弟/n之后/f也/d会/v带/v学生/n，/wd如此/rzv代代相传/vl，/wd裁判/n界/k可谓/v“/wyz派系/n林立/vi”/wyy。/wj
一/m位/q裁判/n曾/d私下/d里/f透露/v：/wm“/wyz现在/t一些/mq老/a裁判/n都/d带/v出/vf了/ule一/m批/q门生/n，/wd形成/v很多/m利益/n团体/n。/wj”/wyy
正/d因为/p裁判/n界/k师徒/n相传/v裙带关系/nl密切/a，/wd平时/t内部/f竞争/v虽然/c激烈/a，/wd但/c涉及/v整个/b裁判/n圈/qv的/ude1事/n，/wd则/c是/vshi枪口/n一致/ad对外/vi，/wd因为/c裁判/n们/k都/d很/d“/wyz抱/v团/n”/wyy，/wd得罪/v一/m人/n几乎/d意味着/v得罪/v一/m群/q，/wd各/rz球队/n对/p裁判/n也/d是/vshi轻易/d不/d敢/v招惹/vn。/wj
一/m位/qCBA/x老总/n曾经/d这样/rzv表示/v：/wm“/wyz每次/r我们/rr打/v主场/n，/wd来/vf了/ule跟/p我们/rr关系/n好/a的/ude1裁判/n，/wd要/v好好/d招待/v，/wd来/vf了/ule跟/p我们/rr关系/n不/d好/a的/ude1，/wd更/d要/v好好/d招待/v。/wj”/wyy
一些/mq球队/n有/vyou时/ng对/p裁判/n判罚/v不满/an，/wd顶多/d在/p比赛/v场上/s吵/v几/m句/q，/wd很/d少/a有人/r会/v真/a的/ude1投诉/vn裁判/n，/wd就是/v因为/c怕/v被/pbei裁判/v“/wyz报复/v”/wyy。/wj
近/a十年/m来/f，/wd随着/pCBA/x联赛/n越来越/d火爆/a，/wdCBA/x裁判/n的/ude1身份/n也/d是/vshi越来越/d光/d鲜/a，/wd成为/v各/rz大/a俱乐部/n的/ude1上宾/n。/wj
这样/rzv一来/c，/wd一些/mq裁判员/n的/ude1黑色/n收入/n越来越/d多/a，/wd问题/n比赛/vn也/d越来越/d多/a。/wj
篮协/n更/d多/a的/ude1时候/n都/d睁/v只/q眼/n闭/v只/q眼/n，/wd实在/d说不过去/al的/ude1才/d给予/vx停赛/v处罚/vn。/wj
而/cc对/p打零工/vi的/ude1兼职/vn裁判/n来说/uls，/wd停/vi赛/vn处罚/vn根本/d没有/v威慑力/n，/wd顶多/d是/vshi让/v他们/rr损失/v了/ule一点/m额外/b收入/n而已/y。/wj
对/p联赛/n的/ude1伤害/vn非但/c没有/d停止/v，/wd或许/d还/d会/v变本加厉/dl。/wj
对于/p此类/r改变/v赛/v果/ng的/ude1重大/a错判/n、/wn漏/vd判/v，/wd篮协/n始终/d不/d愿/v介入/v调查/vn，/wd究竟/d是/vshi属于/v一般/uyy的/ude1“/wyz工作/vn疏忽/vn”/wyy，/wd还/d是/vshi有意/d为/v之/uzhi的/ng包庇/v？/ww
如今/t，/wdCBA/x裁判/n的/ude1黑/a哨/ng，/wd不由/d让/v人/n想起/v中国/ns足球/n。/wj
2002年/m，/wd当/p黑/a哨/ng在/p中国/ns足球/n职业/n联赛/n的/ude1赛场/n上/f猖獗/ad横行/vi之/uzhi时/ng，/wd明眼人/n都/d一/m眼/q就/d能/v看/v出来/vf。/wj
但是/c，/wd年复一年/al，/wd黑/a哨/ng不止/v。/wj
如果/c你/rr要/v声讨/vn，/wd足协/n一/m句/q“/wyz拿/v证据/n来/vf”/wyy便/d会/v让/v你/rr哑/v口/n无言/z！/wt
而且/c对于/p裁判/n的/ude1处罚/vn，/wd篮协/n与/p中国足协/nt一样/uyy，/wd长期/d都/d是/vshi遵循/v“/wyz内部/f处罚/v”/wyy的/ude1原则/n。/wj
“/wyz宽松/a”/wyy的/ude1执法/vn环境/n和/cc“/wyz低廉/a”/wyy的/ude1处罚/vn代价/n都/d让/v裁判/n在/p面对/v巨额/b金钱/n诱惑/vn时/ng难免/v心/n动/v，/wd为什么/ryv不/d呢/y？/ww
反正/d没/v人/n管/v，/wd即使/c做/v得/ude3太/d过/uguo火/n了/ule也/d只是/d“/wyz内部/f处罚/v”/wyy。/wj
陆/m俊/nr1在/p被捕/vi后/f接受/v记者/n采访/v时/ng曾/d说/v过/uguo：/wm“/wyz我/rr也/d在/p总结/v，/wd觉得/v就/d是/vshi人/n的/ude1贪婪/an。/wj
吹/v完/vi比赛/v大家/rr挺/d高兴/a的/ude1，/wd给/v点/qt钱/n，/wd没/d觉得/v违法/vn。/wj