这/rzv场/qv发布会/n现场/s的/ude1中国/ns记者/n只/d问/v了/ule三/m个/q问题/n就/d匆匆/d结束/v。/wj
据/p记者/n事/n后/f向/p当时/t在场/vi的/ude1媒体/n同行/n了解/v，/wd这/rzv确实/ad也/d是/vshi本次/r澳/b网/n李/nr1娜/x赛后/t发布会/n持续/vn时间/n最/d短/a的/ude1一/m场/qv。/wj
那/rzv位/q“/wyz被/pbei呛/vi”/wyy的/ude1记者/n事后/t倒/d也/d显得/v平静/a，/wd“/wyz其实/d李娜/nr的/ude1回答/vn语气/n很/d平和/a，/wd可能/v是/vshi她/rr的/ude1反问/v是/vshi想/v表达/v对/p未来/t的/ude1不/d确定性/n，/wd最后/f我/rr还/d跟/p她/rr说/v了/ule声/nOK/x…/ws…/ws”/wyy
有/vyou记者/n指出/v，/wd人们/n有时候/d习惯/v揣测/v别人/rr讲话/vi背后/f的/ude1用意/n。/wj
几/m个/q“/wyz火花/n”/wyy看/v得/ude3出来/vf，/wd李娜/nr未必/d真/d是/vshi有些/rz人/n描述/vn的/ude1“/wyz冷/a淡/x、/wn高傲/a”/wyy的/ude1人/n，/wd当然/d比较/d而言/uls，/wd“/wyz小/a巨人/n”/wyy更/d注重/v处理/v与/p媒体/n的/ude1关系/n。/wj
在/p很多/m人/n看来/v，/wd李娜/nr和/cc国内/s媒体/n的/ude1关系/n并/cc不好/a，/wd每次/r回国/vi李娜极/nr少/ad接受/v采访/v，/wd媒体/n认为/v李娜/nr过于/d冷/a淡/x，/wd不/d配合/v，/wd有/vyou耍/v大/a牌/n之/uzhi嫌/ng，/wd而/cc李娜/nr则/d认为/v一些/mq媒体/n刻意/d曲解/v甚至/d杜撰/v她/rr的/ude1新闻/n，/wd更/d不/d愿意/v说/v太/d多/a的/ude1话/n而/cc成为/v八卦/n主角/n。/wj
如此/rzv“/wyz恶性循环/nl”/wyy，/wd双方/n似乎/d逐渐/d成为/v对立面/n。/wj
3年/m前/f法网/n夺冠/vi，/wd李娜/nr成为/v所有/b媒体/n焦点/n，/wd也/d有/vyou过/uguo一些/mq莫须有/bl的/ude1流言/n，/wd一度/d让/v她/rr感到/v困惑/an。/wj
本刊/rz记者/n曾经/d在/p2002年/m采访/v韩国/nsf釜山/ns亚运会/n前/f采访/v过/uguo李娜/nr，/wd当时/t中国/ns网球/n选手/n没有/v“/wyz单飞/nr”/wyy，/wd都/d是/vshi举国体制/n下/f的/ude1选手/n，/wd想不到/vl那/rzv次/qv采访/vn后/f李娜/nr很快/d退役/vi了/y，/wd在/p华中科/nr大学/n过/uguo4年/m新闻/n专业/n，/wd有/vyou一/m次/qv在/p赛后/t新闻/n发布会/n上/f她/rr颇为/d不解/v地/ude2说/v：/wm“/wyz新闻/n不/d是/vshi要/v讲究/v实事求是/vl吗/y？/ww”/wyy
尽管/c李娜/nr是/vshi笑/v着/uzhe说/v的/ude1这/rzv番/qv话/n，/wd但/c所有/b人/n都/d知道/v她/rr并/d不/d是/vshi在/p开/v玩笑/n。/wj
常言/n道/v：/wm人/n怕/v出名/a猪/n怕/v壮/a。/wj
当/p你/rr成为/v名人/n之后/f，/wd你/rr的/ude1一举一动/nl不管/c是/vshi对/p是/vshi错/v，/wd都/d会/v成为/v外界/n热/k议/v的/ude1焦点/n。/wj
这/rzv不/d，/wd在/p李娜/nr获得/v了/ule澳/b网/n冠军/n的/ude1神圣/a时刻/n，/wd李娜/nr流利/a的/ude1英语/nz答谢/v让/v全场/n球迷/n数次/m开怀大笑/vl，/wd澳大利亚/nsf人/n也/d毫不/d吝惜/v为/p心中/s期待/v了/ule很/d久/a的/ude1冠军/n送/v上/f最/d诚挚/a的/ude1祝福/vn。/wj
“/wyz多么/d可爱/a的/ude1冠军/n！/wt”/wyy
当地/s人/n用/v一连串/al“/wyzlovely/x”/wyy表达/v着/uzhe对/p李娜/nr的/ude1喜欢/vi。/wj
北京/ns奥运会/n三/m枚/q游泳/vn金牌/n得主/n、/wn曾/d被/pbei誉为/v“/wyz泳坛/n第一/m美女/n”/wyy的/ude1澳大利亚/nsf名将/n赖斯/nrf在/p听/v完/vi李娜/nr的/ude1冠军/n致辞/vi后/f，/wd也/d被/pbei她/rr征服/v，/wd“/wyz祝贺/v李娜/nr，/wd这/rzv是/vshi我/rr所/usuo听到/v过/uguo的/ude1最/d好/a的/ude1冠军/n感言/n。/wj
伟大/a的/ude1女性/n，/wd做/v得/ude3太/d棒/a了/y！/wt”/wyy
在/p那/rzv一刻/mq，/wd李娜/nr不仅/c用/p冠军/n征服/v了/ule澳/b网/n，/wd还/d用/p她/rr一贯/d的/ude1幽默/a风趣/a打动/v了/ule世界/n。/wj
然而/c，/wd不可思议/al的/ude1是/vshi，/wd在/p无数/m人/n为/p李娜/nr叫好/vi的/ude1同时/n，/wd有些/rz无聊/a争议/vn还是/c随之而来/vl，/wd国内/s篮球/n联赛/nCBA/x官方/n微/ag博/ag居然/d暗/a讽/vg李娜/nr在/p颁奖/vn仪式/n上/f为何/ryv不/d用/v中文/nz致谢/vi，/wd等等/udeng。/wj
争议/v可以/v因为/c你/rr不/d认同/v李娜/nr说话/vi的/ude1方式/n，/wd可以/v因为/c你/rr不/d喜欢/vi她/rr的/ude1个性/n，/wd但/c无知/an而/cc引发/v的/ude1争议/vn只/d能/v让/v人/n无奈/d——/wp在/p每/rz一/m项/q有着/v百/m余/m年/qt历史/n的/ude1大/a满贯/n舞台/n，/wd用/p英语/nz致辞/vi从来/d都/d是/vshi球员/n的/ude1惯例/n，/wd纳达尔/nrf2009年/m夺冠/vi时/ng没有/d用/v西班牙语/nz开场/vi，/wd德约科维奇/nrf成就/n澳/b网/n三连冠/nl时/ng，/wd没有/d用/v塞尔维亚/nrf语/vg致谢/vi，/wd何以/d要求/v李娜用/nr中文/nz致谢/vi？/ww
从/p误解/n到/v和解/vn，/wd李娜/nr更加/d强大/a李娜/nr的/ude1个性/n极/d具/vg争议/vn。/wj
她/rr炮轰/v的/ude1对象/n太/d多/a了/y，/wd从/p教练/n到/v队友/n，/wd从/p赛会/n到/v官员/n，/wd从/p媒体/n到/v球迷/n，/wd有时候/d她/rr对/p自己/rr的/ude1老公/n也/d大/a吼/vi大/a叫/vi，/wd甚至/d把/pba他/rr骂/v得/ude3提前/vd打/v道/qv回/v府/ng…/ws…/ws
然而/c，/wd在/p李娜/nr母亲/n李艳萍/nr看来/v“/wyz所有/b人/n都/d误解/v了/ule李娜/nr，/wd当然/d李娜/nr的/ude1老公/n没有/v”/wyy。/wj
李/nr1母/ng举例/vi说/v，/wd“/wyz外界/n都/d说/v李娜/nr和/cc余/m指导/vn不/d对路/a，/wd但/c实际上/d她/rr自己/rr也/d说/v过/uguo，/wd没有/v余/m指导/vn就/d没有/v她/rr的/ude1今天/t，/wd当年/t李娜/nr进/vf省/n队/n时/ng，/wd只/d有/vyou一个/mq名额/n，/wd包括/v李娜/nr在内/u有/vyou三/m个/q候选人/n，/wd另外/c两/m个/q家里/s都/d是/vshi做/v生意/n的/ude1，/wd经济条件/n很/d好/a，/wd但/c余丽桥/nr指导/v就/d是/vshi很/d公平/a地/ude2选/v了/ule李娜/nr，/wd觉得/v她/rr有/vyou前途/n。/wj
后来/t李娜/nr去/vf美国/nsf尼克/nrf网球/n学校/n打球/vi，/wd没有/v钱/n了/y，/wd那/rzv时候/n她/rr爸爸/n刚/d去世/vi，/wd余/m指导/vn还/d特意/d跑/v到/v队/n里/f帮/v她/rr申请/v了/ule1000/m美元/q，/wd真/a的/ude1，/wd这/rzv一切/rz我们/rr家/n李娜/nr都/d记/v在/p心里/s呢/y。/wj”/wyy
在/p余丽桥/nr指导/v看来/v，/wd李娜/nr现在/t这种/r“/wyz直爽/a”/wyy的/ude1性格/n，/wd“/wyz确实/ad是/vshi受/v了/ule我/rr潜移默化/vl的/ude1影响/vn，/wd其实/d李娜/nr的/ude1很多/m话/n都/d被/pbei误解/v了/y，/wd她/rr的/ude1话/n经常/d是/vshi一个/mq角度/n，/wd但/c有时候/d被/pbei别人/rr理解/v成/v另/rz一个/mq相反/vi的/ude1角度/n了/y。/wj”/wyy
余/m指导/v说/v，/wd这/rzv正/d如/v李娜/nr的/ude1网球/n，/wd“/wyz她/rr就/d是/vshi喜欢/vi进攻/v，/wd宁愿/d用/v两/m个/q非/b受/v迫/vg性/ng失误/vi换/v一个/mq主动/ad制胜/v。/wj”/wyy
李娜/nr在/p她/rr的/ude1自传/n《/wkz独自/d上场/vi》/wky中/f也/d写/v过/uguo，/wd自己/rr有时/d像/v只/d刺/v猬/x，/wd竖起/v全身/n的/ude1刺/n只/d为/v保护/v自己/rr，/wd结果/n却/d伤/v己/rr伤/v人/n。/wj
心理学/n家/q告诉/v人们/n，/wd“/wyz性格/n即/v命运/n”/wyy，/wd童年/t经历/v对/p性格/n塑造/v的/ude1巨大/a作用/n是/vshi怎样/ryv评价/v都/d不/d为/v过/uguo的/ude1。/wj
青春期/t前/f失去/v父亲/n这个/rz角色/n，/wd小小/z年纪/n独自/d面对/v未知/vn世界/n，/wd这些/rz让/v李娜/nr的/ude1安全感/n处于/v低水平/n。/wj
低/a安全感/n造就/v极/d高/a的/ude1自我/rr保护/v需求/n，/wd让/v李娜/nr很/d容易/a把/pba外界/n的/ude1挑战/vn误解/n为/v“/wyz伤害/v”/wyy，/wd把/pba客观/a的/ude1评价/vn误解/n为/v“/wyz人身/n攻击/v”/wyy。/wj
媒体/n圈/qv有/vyou个/q玩笑/n：/wm对/p李娜/nr，/wd技术/n、/wn年龄/n和/cc心理/n是/vshi“/wyz三/m不/d问/v”/wyy。/wj
其实/d，/wd职业/n球员/n都/d会/v在/p这/rzv“/wyz三/m不/d问/v”/wyy上/f被/pbei问/vN/x遍/qv。/wj
但/c在/p李娜/nr看来/v，/wd这/rzv是/vshi对/p她/rr能力/n的/ude1质疑/vn——/wp“/wyz外行/n”/wyy的/ude1媒体/n凭/p什么/ry质疑/vi“/wyz内行/n”/wyy的/ude1事/n？/ww
比如/v年龄/n，/wd费德勒/nrf会/v将/p其/rz转化/v为/v对/p“/wyz老骥伏枥/bl”/wyy事业心/n的/ude1赞许/vn；/wf李娜/nr却/d会/v加上/v女性/n特有/b的/ude1敏感/a硬邦邦/z顶/v回去/v：/wm“/wyz你们/rr觉得/v我/rr老/a了/y吗/y？/ww”/wyy
冲突/vn，/wd就/d此/rzs产生/v。/wj