表面/n上/f看/v，/wd舒马赫/nrf受伤/vi是/vshi一个/mq极其/d偶然/a的/ude1事件/n，/wd实际上/d不/d然/rz。/wj
舒马赫/nrf自/p小/a到/v大/a就/d是/vshi一/m位/q喜欢/vi冒险/vi的/ude1勇士/n。/wj
无论是/c在/p赛场/n，/wd还是/c在/p生活/vn中/f，/wd冒险/vi已经/d渗透/v到/v他/rr的/ude1血液/n之中/f，/wd其/rz骨子里/n“/wyz挑战/vn极限/n”/wyy的/ude1天性/n永远/d都/d未曾/d改变/v，/wd“/wyz不断/d超越/v”/wyy是/vshi舒马赫/nrf在/p赛场/n上/f和/cc生活/vn中/f的/ude1信条/n。/wj
尽管/c在/p宣布/v退役/vn和/cc第二/m次/qv复出/v之后/f，/wd舒马赫/nrf已经/d不再/d轻易/d尝试/v赛场/n上/f的/ude1撞车/vn极限/n。/wj
但是/c无论如何/dl，/wd我们/rr都/d不能/v忘记/v年轻/a时/ng的/ude1他/rr在/p挑战/vn极限/n时/ng曾经/d有/vyou过/uguo的/ude1火/n一样/uyy的/ude1执/v著/uzhe，/wd与/p遭遇/n过/uguo的/ude1刻苦/ad铭/vg心/n的/ude1痛/a：/wm19年/m前/f，/wd在/p澳大利亚/nsf阿德莱德/nsf赛道/n，/wd当时/t效力/n于/p贝/b纳/b通车/vn队/n的/ude1舒马赫/nrf由于/c在/p前/f一个/mq弯/a角/n犯/v错/v，/wd而/cc被/pbei达蒙/nrf?/ww
希尔/nrf抓住/v机会/n想/v要/v从/p内线/n超越/v，/wd舒马赫/nrf封线/n，/wd两/m人/n瞬间/t发生/v撞车/vi。/wj
舒马赫/nrf的/ude1赛车/vn几乎/d被/pbei希尔/nrf的/ude1赛车/n掀翻/v，/wd赛车/n失去/v控制/v撞/v向/p了/ule轮胎/n墙/n。/wj
舒马赫/nrf与/p希尔/nrf从/p车/n内/f爬/v出/vf，/wd双双/m退出/v，/wd两/m人/n都/d没有/d获得/v积分/n。/wj
而/cc舒马赫/nrf因/p祸/n得/ude3福/n拿/v到/v了/ule职业/n生涯/n的/ude1首/m个/qF1/x车手/n总/b冠军/n。/wj
一年/m后/f在/p英国/ns银/ng石/ng赛道/n，/wd在/p贝/b纳/b通车/vn队/n拿/v到/v个人/n首/m个/q车手/n冠军/n后/f，/wd舒马赫/nrf开始/v了/ule一个/mq全新/b的/ude1赛季/n。/wj
虽然/c当时/t在/p实力/n上/f，/wd威廉姆斯/nrf拥有/v绝对/a的/ude1优势/n，/wd不过/c舒马赫/nrf并/cc不/d服输/vi，/wd与/p威廉/nrf的/ude1碰撞/vn拉开/v了/ule两/m人/n宿怨/n的/ude1序幕/n。/wj
1997年/m在/p西班牙/nsf赫/q雷斯/nsf赛道/n，/wd当时/tF1/x比赛/vn已经/d进入/v赛季/n的/ude1最后/f一/m站/q。/wj
已经/d夺得/v过/uguo两/m次/qv世界/n冠军/n的/ude1舒马赫/nrf在/p积分/n上/f比/p主要/b对手/n维纶/n纽夫/nrf高/v出/vf一分/m，/wd双方/n的/ude1争夺/vn达到/v白热化/vi。/wj
比赛/vn过程/n中/f，/wd舒马赫/nrf眼见/v维纶/n纽夫/nrf势头/n太/d猛/x，/wd因此/c采取/v了/ule撞车/vn战术/n，/wd想/v以/p双方/n都/d退出/v比赛/vn的/ude1方式/n保住/v自己/rr的/ude1优势/n。/wj
孰/ry料/n他/rr在/p撞击/v了/ule维纶/n纽夫/nrf的/ude1赛车/vn后/f，/wd维纶/n纽夫/nrf的/ude1赛车/n受损/vi不/d重/a。/wj
维纶/n纽夫/nrf继续/v参赛/vn并/cc获得/v该/rz站/n比赛/vn的/ude1第三/m名/q。/wj
那/rzv一年/m，/wd维伦/nrf纽夫/nrf积/v81分/t，/wd舒马赫/nrf积/v78分/t，/wd加拿大/nsf人/n拿走/v了/ule职业/n生涯/n中/b唯一/b的/ude1一个/mq车手/n总/b冠军/n。/wj
而/cc故意/d撞车/vi的/ude1舒马赫/nrf被/pbei判/v出局/vi，/wd被/pbei取消/v了/ule当年/t度/ng的/ude1车手/n亚军/n资格/n。/wj
退役/vi后/f的/ude1舒马赫/nrf仍然/d热爱/v冒险/vd运动/vi，/wd44/m岁/qt的/ude1他/rr还/d能/v参加/v极限/n滑雪/vn，/wd令/v车/n迷/ng又/d佩服/v又/d担忧/v。/wj
可是/c，/wd任何/rz冒险/vn运动/vn随时/d都/d会/v发生/v危险/an。/wj
如同/v滑雪/vn和/cc登山/vn这样/rzv的/ude1极度/d危险/a的/ude1运动/vn，/wd意味着/v挑战者/n永远/d只/d能/v考虑/v当/v下/f，/wd因为/c谁/ry都/d不/d知道/v下/vf一秒/t可能/v发生/v什么/ry，/wd只能/v由/p无数/m个/q全力以赴/vl、/wn全神贯注/dl的/ude1当/v下去/vf构筑/v滑雪/vn和/cc登山/vn的/ude1整个/b过程/n。/wj
一旦/d发生/v了/ule什么/ry，/wd就/d只/d能/v接受/v了/y。/wj
世事/n难/ad料/v，/wd我们/rr无能为力/vl。/wj
只有/c在/p发生/v之前/f，/wd时刻/d警醒/vi、/wn细/a察/vg，/wd甚至/d小心翼翼/dl。/wj
有人/r说/v，/wd这样/rzv的/ude1极限/n运动/vn能/v让/v人/n在/p不断/d地/ude2触/v碰/v自己/rr灵魂/n边际/n的/ude1极度/d体验/v中/f，/wd获得/v一/m种/q能/v与/p死神/n争夺/v自己/rr命运/n操纵/v权/n的/ude1喜悦/an，/wd即便/c这/rzv可能/v是/vshi一/m种/q错觉/n。/wj
正/d因/p如此/rzv，/wd人/n在/p主动/ad进取/vi之间/f，/wd往往/d会/v感受/v到/v自由/an和/cc征服/v的/ude1力量/n。/wj
以/p达喀尔/nsf拉力赛/n为/p例/n，/wd这/rzv是/vshi世界/n上/f影响/v最/d大/a、/wn规模/n最/d大/a、/wn路程/n最/d长/a，/wd当然/d也/d是/vshi最/d艰苦/a、/wn最/d危险/a的/ude1赛车/vn赛事/n，/wd大多数/m时间/n在/p一望无际/vl、/wn渺/ng无人/b烟/n的/ude1沙漠/n中/f进行/vx，/wd却/d让/v那么/rz多/a车手/n趋之若鹜/vl，/wd它/rr的/ude1魅力/n为什么/ryv如此/rzv之/uzhi大/a？/ww
可能/v常人/n很/d难/ad理解/v车手/n们/k的/ude1疯狂/a行为/n，/wd他们/rr为了/p赛车/n甚至/d不惜/v牺牲/v自己/rr的/ude1生命/n。/wj
达喀尔/nsf的/ude1创始人/n萨宾/nrf先生/n相信/v，/wd赛车/vn魅力/n无穷/z，/wd其/rz诱惑/vn对于/p所有/b车手/n都/d是/vshi无法/v抵挡/v的/ude1，/wd他/rr本人/rr在/p1986年/m因/p直升机/n坠毁/v身亡/vi，/wd但/c他/rr的/ude1名言/n却/d始终/d引/v领/v着/uzhe职业/n车手/n走向/v辉煌/an：/wm“/wyz对于/p参加/v的/ude1人/n来说/uls，/wd这/rzv是/vshi一/m项/q挑战/vn；/wf对于/p未/d参加/v的/ude1人/n来说/uls，/wd这/rzv是/vshi一个/mq梦想/n。/wj”/wyy
也许/d不/d少/a车手/n永远/d只/d能/v是/vshi落后/a者/k，/wd但是/c完成/v比赛/vn的/ude1人/n都/d是/vshi胜利者/n，/wd因为/c他们/rr的/ude1信念/n就/d是/vshi超越/v自我/rr，/wd征服/v大自然/n，/wd征服/v自己/rr的/ude1恐惧/an和/cc退缩/vi。/wj
舒马赫/nrf是/vshi赛道/n之/uzhi王/n，/wdF1/x英雄/n，/wd高速/b和/cc刺激/v就/d是/vshi荣耀/a、/wn勇气/n与/p铮铮/z铁骨/n的/ude1象征/n，/wd舒马赫/nrf获得/v了/ule无数/m个/q冠军/n，/wdF1/x的/ude1最高/a荣誉/n，/wd对于/p舒马赫/nrf而言/uls，/wd他/rr所/usuo表现/v出/vf不断/d超越/v自我/rr、/wn挑战/vn极限/n的/ude1勇气/n，/wd与/p达喀尔/nsf拉力赛/n又/d何其/d相似/a！/wt
多面/n人/n的/ude1传奇/n他/rr注定/v是/vshi个/q不/d平凡/a的/ude1人/n，/wd也/d注定/v是/vshi一个/mq永远/b的/ude1冒险家/n。/wj
舒马赫/nrf车手/n生涯/n的/ude1辉煌/an几乎/d与/pF1/x的/ude1风靡/v是/vshi并存/vi的/ude1。/wj
他/rr的/ude1表现/vn甚至/d影响/v了/uleF1/x的/ude1电视/n转播/vn收视率/n、/wn影响/v了/ule其他/rzv车队/n和/cc车手/n的/ude1竞争/vn欲望/n、/wn影响/v了/uleF1/x的/ude1更/d大范围/n推广/vn。/wj
舒马赫/nrf1969年/m1月/t3日/t出生/vi于/p德国/nsf，/wd他/rr4/vi岁/qt就/d开始/v参加/v卡丁/nrf车/n比赛/vn。/wj
他/rr的/ude1父亲/n罗尔夫/nrf将/p一/m台/q小/a引擎/n装/v在/p一/m辆/q废弃/vn的卡/n丁/nr1车上/s给/v儿子/n玩/v。/wj
从/p那时/rzt起/f，/wd舒马赫/nrf和/cc他/rr的/ude1父亲/n就/d有/vyou了/ule这项/r业余/b爱好/n。/wj
一年/m后/f，/wd舒马赫/nrf的/ude1父亲/n开始/v在/p卡丁/nrf车/n赛道/n工作/vn，/wd他/rr夏天/t在/p赛车场/n上班/vi，/wd冬季/t则/d是/vshi一/m名/q修/v烟囱/n的/ude1工人/n。/wj
同年/t，/wd舒马赫/nrf的/ude1弟弟/n拉尔夫/nrf（/wkz另/rz一/m位/q知名/aF1/x车手/n）/wky出生/vi了/y。/wj
那/rzv条/q卡/n丁/nr1车/n赛道/n位于/v一个/mq野生/b动物/n保护区/n内/f，/wd速度/n相对/d比较/d慢/a，/wd并且/c只/d允许/v租用/v卡/n丁/nr1车/n。/wj
也许/d正是/v因此/c，/wd舒马赫/nrf和/cc拉尔夫才/nrf有/vyou了/ule随时/d可以/v驾驶/v卡/n丁/nr1车/n的/ude1机会/n。/wj
这/rzv是/vshi很/d实际/a的/ude1，/wd父亲/n罗尔夫/nrf可以/v一边/d关注/v在/p赛道/n上/f的/ude1儿子/n，/wd一边/d从事/vi他/rr出租/v卡/n丁/nr1车/n的/ude1工作/vn。/wj
舒马赫/nrf的/ude1母亲/n伊莉莎白/nrf则/d在/p赛道/n边/k经营/v小吃店/n，/wd后来/t发展/v成/v一个/mq小/a餐馆/n。/wj
这/rzv是/vshi一个/mq幸福/a的/ude1小/a世界/n，/wd可以/v确信/v：/wm他们/rr的/ude1生活/vn是/vshi宁静/a和/cc安详/a的/ude1，/wd舒马赫/nrf曾经/d说/v，/wd他们/rr的/ude1童年/t很/d有/vyou安全感/n，/wd但是/c家/n中/f经常/d为/v钱/n发愁/v。/wj
舒马赫/nrf和/cc拉尔夫/nrf就/d在/p这样/rzv简陋/a的/ude1环境/n中/f慢慢/d长大/vi，/wd倒/d让/v父母/n省/n了/ule很多/m烦心/a事/n。/wj