五 碗 肌 骨 清 ， 六 碗 通 仙 灵 。
七 碗 吃 不 得 也 ， 唯 觉 两 腋 习习 清风 生 。
蓬莱 山 ， 在 何处 ?
玉川 子 乘 此 清风 欲 归去 。
山上 群 仙 司 下 土 ， 地位 清高 隔 风雨 。
” 无论 茶 能 帮助 人成仙 还是 能 让 人 产生 仙界 般 的 快感 ， 都 表明 了 茶 超凡脱俗 、 具有 神 性 仙 风 的 一面 。
六 、 负面 内涵 茶 作为 一 种 自然 物质 ， 要 依附 于 使用 它 的 人 才 能 体现 自身 的 人文 特性 。
茶 不仅 能 把 人们 的 一些 优点 和 美好 的 东西 表现 出来 ， 显示 出 正面 的 人文 内涵 ， 同时 也 把 人 的 消极 和 不 文明 的 东西 展示 出来 ， 我们 不妨 称之为 负面 内涵 。
茶 与 水 有着 不解之缘 ， 茶 需要 有 水 才 能 被 人们 饮用 。
但 茶 只 能 当 饮料 而 不 能 充饥 ， 所以 只 向 客人 提供 茶水 而 不 提供 食物 也 是 失礼 的 行为 。
据 《 太平 御 览 》 引 《 世 说 新 语 》 佚文 载 : 东晋 王 好 饮茶 ， “ 人 至 辄 命 饮 之 。
士大夫 皆 患 之 ， 每 欲 往 候 ， 必 云 : ‘ 今日 有 水 厄 ’ ” 。
还 有 类似 的 一个 例子 ， 东晋 太 傅 褚 裒 ( 字季野 ) 刚 到 江南 时 ， 曾经 到 吴郡 去 ， 到 了 金昌 亭 ， 吴地 的 豪门 大族 正在 亭 中 聚会 宴 饮 。
褚季野 一向 名声 显赫 ， 可 当时 那些 豪族 们 由于 不 认识 他 ， 就 另外 吩咐 手下人 多 给 他 茶水 ， 少 摆 粽子 ， 茶 喝 完 了 就 添 上 水 ， 让 他 始终 也 吃 不 上 。
褚季野 喝 完 茶 与 大家 谈话 ， 他 徐徐 地 举手 行礼 ， 说道 : “ 我 是 褚季野 。
” 于是 满座 的 人 惊慌 地 散开 ， 个个 进退两难 ， 尴尬 万分 。
“ 酪 奴 ” 是 茶 的 另 一个 负面 内涵 。
《 洛阳 伽 蓝 记 》 记载 : 南朝 王 肃 初 入 北 魏 时 ， 不 吃 羊肉 及 酪 浆 等 物 ， 以 鱼 羹 为主 食 ， 渴 饮 茗 汁 。
但 经过 几 年 以后 ， 他 逐渐 喜欢 上 了 北方 的 饮食 。
在 一 次 朝廷 宴会 上 ， 王肃 吃 了 不少 羊肉 奶酪 ， 孝文帝 很 奇怪 ， 就 问 他 : “ 羊肉 何如 鱼 羹 ?
茗 饮 何如 酪 浆 ?
” 王肃 回答 : 南北 饮食 的 味道 确 有 优劣 之 分 ， 他 还 形象 地 说 ， “ 羊 比 齐鲁 大 邦 ， 鱼 比 邾 莒 小国 。
唯 茗 不 中 与 酪 作 奴 ” ， 孝文帝 大笑 。
此言 一 出 ， 北魏朝贵 遂 称 茶 为 “ 酪 奴 ” 。
并且 ， 北 魏 “ 朝 贵 宴会 虽 设 茗 饮 ， 皆 耻 不复 食 ” 。
王肃本 在 南 朝 齐 做官 ， 后 降 北 魏 。
北 魏 是 北方 少数民族 鲜卑 族 拓跋 部 建立 的 政权 ， 该 民族 习性 喜 食 牛羊肉 、 鲜 牛 羊奶 加工 的 酪 浆 。
王肃 为 讨好 皇帝 ， 故意 贬低 茶 的 地位 ， 这 是 奴性 的 一 种 表现 ， 给 茶 的 历史 也 抹 上 了 不 光彩 的 一 笔 。
这 说明 统治者 的 文化 是 占 统治 地位 的 文化 ， 奴性 的 文化 是 由于 奴性 的 地位 所 致 ， “ 酪 奴 ” 是 南北 方 文化 碰撞 融合 的 表现 。
茶 有 优劣 之 分 ， 客人 也 有 尊 卑 高下 之 等 ， 故 在 用 茶 待客 的 过程 中 ， 一些 人 的 势利 也 通过 茶 表现 出来 。
相传 宋代 大 文豪 苏东坡 初 到 杭州 任 官 时 ， 一日 去 某 寺 游玩 ， 寺 中 住持 不知 底细 ， 把 他 作为 普通 来客 对待 ， 一边 叫 “ 坐 ” ， 一边 吩咐 小 沙弥 : “ 茶 ” 。
小 沙弥 遵 嘱 端 出 一 碗 普通 茶 来 。
宾主 稍事 寒暄 后 ， 主持 感到 来 者 谈吐 不凡 ， 并非 等闲之辈 ， 便 礼貌 地 将 “ 坐 ” 改 为 “ 请 坐 ” ， 并重 叫 “ 敬 茶 ” ， 小 和尚 第二 次 奉 上 一 碗 较 好 的 茶 来 。
交谈 之后 ， 主持 才 知道 来 人 即 是 大名鼎鼎 、 新 上任 地方官 苏 东 坡 ， 顿时 受宠若惊 ， 便 情不自禁 地 起 身高 叫 : “ 请 上 坐 ” ， 并 再次 吩咐 小 沙弥 : “ 敬香茶 ” 。
临别 时 ， 主持 慕名 求 字 留念 。
苏 东坡 略作 思索 后 ， 便 将 刚才 的 亲身 经历 写 成 一 副 趣 联 : “ 坐 、 请 坐 、 请 上 坐 ; 茶 、 敬茶 、 敬香茶 。
” 在 旁 观看 的 住持 霎时 满 面 通红 ， 无地自容 。
[ 17 ] ( P128 ) 此 故事 未必 是 信史 ， 主角 苏东坡 或 被 换 成 郑板桥 、 阮元 等 人 ， 情节 相似 ， 但 都 讽刺 了 一些 人 待客 时 的 势利 心态 。
茶 的 负面 内涵 对 茶文化 的 负面影响 微乎其微 ， 可以 忽略 不 计 。
总的说来 ， 茶 的 人文 内涵 与 中国 传统 的 儒 、 释 、 道 文化 以及 民间 习俗 相 结合 ， 主要 体现 了 中国 人 的 优良 品质 和 精神 风貌 。
当然 ， 这 几 方面 并 不 能 涵盖 中国 茶 人文 内涵 的 全部 。
随着 人们 生活 的 日益 丰富多彩 ， 茶 的 人文 属性 也 在 不断 的 丰富 、 变化 ， 从而 具有 新 的 内涵 。
《 哈姆雷特 》 ： 人文 思想 和 基督 精神 的 冲撞 与 融合 《 哈姆雷特 》 是 莎士比亚 最 杰出 的 悲剧 代表作 ， 它 取材 于 丹麦 的 历史 传说 ， 原 为 王子 为 父 复仇 的 故事 。
莎士比亚 在 古老 的 故事 中 注入 了 人文 思想 和 宗教 精神 ， 使 之 成为 具有 现实 意义 的 社会 悲剧 。
由于 哈姆雷特 这 一 人物 性格 的 复杂性 ， 从 作品 问世 以来 便 成为 莎 剧中 评论 最 多 、 分歧 最 大 的 人物 。
过去 众多 评论 多 从 人物 性格 和 宗教 视角 加以 研究 ， 鲜有 从 人文主义 思想 和 基督教 文化 冲撞 与 融合 的 角度 进行 探讨 。
为此 ， 本文 试 作 一些 尝试 。
莎士比亚 生活 的 时期 ， 是 既 辉煌 又 残酷 的 时代 ， 他 大部分 时间 生活 在 “ 伊丽莎白 盛世 ” 。
伊丽莎白 一世 采取保护 工商业 的 政策 ， 促进 资本主义 发展 ， 使 英国 成为 欧洲 最 强大 的 国家 。
资本主义 原始积累 伴随 着 对 人民 的 血腥 掠夺 ， 使 圈 地 运动 深入 农村 ， 使 大批 农民 被迫 流浪 ， 而 政府 为了 加强 对 人民 的 控制 ， 又 禁止 人们 流浪 。
