新疆 维吾尔族 传统 聚落 地域 性 人文 价值 研究 新疆 地处 古 丝绸之路 商贸 与 文化 的 交流 中心 ， 维吾尔族 作为 新疆 主要 的 少数民族 占 全 疆 人口 的 45． 2% ， 其中 有 70% 聚居 于 天山 以南 的 地区 ， 其余 散居 在 天山 以北 。
因此 维吾尔族 居住 模式 与 聚落 空间形态 ， 不但 反映 了 新疆 南疆 地区 主流 的 人居 建筑 特征 和 人文 价值观 ， 还 体现 了 民族 自发 形成 的 “ 内核 ” 文化 与 多方 意识形态 影响 下 的 “ 外缘 ” 文化 。
维吾尔族 传统 聚落 的 “ 内核 ” 文化 体现 在 长期以来 ， 适应 干旱 少 雨 、 气候 炎热 的 自然环境 而 形成 的 顺应 地形 ， 缘 水 而 居 的 建筑 形态 、 聚落 模式 ， 以及 本 民族 在 共同 经济 生活 、 共同 文化 、 共同 心理 素质 映射 下 的 自 根 生 文化 ; 而 “ 外缘 ” 文化 是 指 聚落 的 风貌 特征 、 文化 形态 、 建筑 艺术 等 各 领域 的 文化 层面 。
它们 在 演变 发展 的 进程 中 ， 受到 来自 中原 汉 文化 、 北方 游牧 文化 、 印度 佛教 文化 以及 阿拉伯 伊斯兰 文化 等 不同 文化 圈 的 影响 、 包容 和 渗透 形成 新 的 文化 基因 。
鉴于 新疆 维吾尔族 传统 聚落 “ 内核 ” 文化 持久 的 传承 能力 与 “ 外缘 ” 文化 丰富 多 元 的 文化 内涵 ， 本文 拟 从 多 角度 探寻 其 独具特色 的 人文 价值 。
一 、 建筑 美学 特征 下 的 人文 价值 维吾尔族 传统 民居 多 以 生土 构筑 而 成 ， 土 黄色 的 整体 色调 使 人 居 文化 富含 淳朴 的 “ 土性 ” 之 美 。
它 体现 了 以 审美 价值观 为 主导 ， 以 追求 美学 意境 为 情趣 ， 以 和谐 共生 为 内容 的 审美 诉 求 。
这些 多 体现 在 影响 建筑 个体 空间 组合 ， 聚落 肌理 特征 的 建造 方法 及 选材 上 。
当地 民居 墙体 的 传统 筑造 方法 主要 包括 生土 夯 筑 ， 直接 掏 挖 生土 层 、 土坯 ， 土块 ( 剁 泥 ) 砌 筑 ， 木 骨 泥墙 和 藤 本 纤维 与 黏土 结合 五 种 建造 技法 。
不同 地区 的 维吾尔族 传统 民居 在 相同 “ 内核 ” 文化 的 影响 下 ， 因 气候 类型 、 地理 环境 和 生活 习俗 等 “ 外缘 ” 文化 差异 ， 在 建筑 细节 、 空间模式 、 立 面 特征 和 巷道 风貌 上 都 有 显 著 区别 。
以 吐鲁番 和 喀什 为 例 ， 吐鲁番 的 维吾尔族 传统 民居 中 ， 大 面积 的 土坯 墙 、 拱形 门洞 、 土坯 拱 屋顶 、 葡萄 晾 房 共同 构成 了 轮廓 丰富 、 造型 粗犷 的 外观 特征 。
墙 面 局部 码 放 着 错落有致 、 虚实 结合 的 黄 泥土 块 ， 又 构成 简洁 明快 ， 富有 变化 的 造型 元素 。
又 如 外观 朴素 、 封闭 敦实 的 喀什 高台 民居 ， 土木 、 砖 木结构 并存 ， 土 黄色 的 房屋 鳞次栉比 ， 形成 丰富 多样 的 空间 变化 。
维吾尔族 传统 民居 的 “ 土性 ” 美 不仅 是 居民 对 建筑 色彩 朴素 追求 的 体现 ， 更 是 源自 人们 生存 、 生活 中 丰富 经验 的 积累 。
( 一 ) 历史 沉淀 影响 下 的 肌理 特征 1． 建筑空间 组合 英国 学者 罗杰 ?
斯 克鲁 顿 曾 说 : “ 建筑 更为 明显 的 特征 就 是 它 的 地区性 。
” 新疆 传统 民居 的 地域 特征 体现 在 两 个 方面 ——— 客观 条件 影响 下 建筑 形态 特征 和 建筑空间 特征 反映 出 的 人文 价值 ， 这 两者 相互 影响 ， 互为 成因 。
( 1 ) 民居 建筑 形态 限定 和 约束 了 人居 行为 。
民居 建筑 生土 构造 主要 取决于 生态 环境 ， 自古 有 之 。
《 梁 书 ?
高昌传 》 称 : “ 其 地 高 燥 ， 筑 土 为 城 ， 架 木 为 屋 ， 土 覆 其 上 。
” 所 述 内容 呈现 出 对 地域 气候 、 地形 地貌 、 环境 资源 的 适应性 ， 它 维系 了 一定 地域 内 建筑 文化 的 特征 与 发展 ， 体现 出 当地 维吾尔族 居民 朴素 的 生态 哲学 思想 和 对 “ 客体 ” 的 认识 观 ① 。
但 因 生土 建筑材料 的 局限性 和 技术 的 制约 ， 它 的 空间 营建 尺度 限定 了 室内 空间范围 以及 家具 尺度 。
如 多数 情况 房 高 一般 为 3． 5m ， 大门 3m 左右 ， 墙壁 厚 约 在 50 ～
80cm ， 壁龛 通常 宽 2m 、 深 30 ～
35cm 。
另外 ， 因 环境 炎热 干旱 、 风沙 肆意 ， 维吾尔族 人 为了 抵御 恶劣 气候 构筑 了 特有 的 院落 空间形态 ——— 高 棚 架 。
整个 院落 以 高 棚 架 为 中心 ， 结合 葡萄 晾 房 、 半 地下室 和 土 拱 穹 窿 ， 构成 了 具有 新疆 特色 的 内向 性 庭院 ， 并且 在 不同 地区 ， 高 棚 架 还 会 演变 成 南北 通 透 的 内 厅 院 和 阿以旺 等 院 式 。
内向 性 的 庭院 不但 可以 全天候 的 完成 农副产品 加工 、 日常 家务 劳作 以及 工具 存放 、 夏季 厨房 等 功能 ， 还 兼顾 家庭 聚会 和 内部 情感 交流 。
( 2 ) 人文 观念 影响 着 民居 建筑 和 聚落 空间 的 组合 。
新疆 传统 的 生土 民居 院落 与 中原 汉 文化 传统 民居 院落 的 不同 之 处 在于 ， 空间 灵活多变 不 受 建筑 礼 制 约束 。
吐鲁番 、 库车 、 什 、 和田 等 地 因 气候 环境 不同 ， 民居 空间 都 有 各自 的 组合 模式 ， 但 同一 地区 民居 在 相同 空间 组合 模式 下 又 保持 着 个体 差异 ， 究 其 原因 多 为 社会 因素 影响 所 致 ， 如 : ① 地形 选择 灵活 自由 。
