随着 近日 美国 国内 “ 中国 威胁论 ” 的 再度 升温 ， 中国 在 这次 演习 中 扮演 的 角色 也 成为 美国 媒体 争论 的 焦点 。
《 华尔街 日报 》 的 文章 毫无 根据 地 渲染 了 中国 “ 巨大 的 野心 ” ， 并 宣称 “ 中国 在 此次 军 演 中 所 扮演 的 角色 ， 证明 了 其 作战 能力 都 不 容 轻视 ， 或许 有 一 天 中 国会 将 枪口 指向 中亚 以外 ” 。
美国 媒体 一方面 耸人听闻 地 渲染 上 合 组织 对 美国 的 威胁 ， 另一方面 又 对 上 合 组织 的 合作 能力 表示 怀疑 。
英国 《 泰晤士报 》 宣称 “ 盯 着 上 合 军 演 是 浪费 资源 ” ， 认为 上 合 组织 在 军事 合作 上 的 发展 不足 为 虑 ， 西方 应该 把 注意力 集中 在 对 中亚 能源 的 争夺 上 。
相反 ， 更 多 的 媒体 则 认为 中国 在 中亚 的 目标 是 有限 的 ， 集中 在 反 恐 等 方面 。
《 华盛顿 观察 》 甚至 赞扬 中国 向 中亚地区 植 入 了 成功 的 经济 发展 经验 ， 为 中亚 扶贫 带来 了 异 于 西方 的 新 思路 。
文章 说 ， 在 实际 的 较量 中 ， 中国 与 俄罗斯 展示 军事 实力 的 目的 不同 ， 它 似乎 更 愿意 在 上 合 组织 的 地区 合作 中 发挥 “ 软 实力 ” 。
到 目前 为止 ， 美国 政府 和 军方 还 没有 对 联合 军 演 发表 过 直接 或 明确 的 评论 。
而 许多 美国 主流 媒体 也 以 跟踪 新闻 事实 为主 ， 在 评论 上 则 显得 比较 谨慎 。
44. 范龙佩 当选 对 华 气氛 或 更 好 对外 声音 难 统一 欧盟 领导人 19日 召开 特别 峰会 ， 一致 选举 比利时 首相 范龙佩 为 首 位 欧洲 理事会 常任 主席 当选 为 欧盟 外交 和 安全 政策 高级 代表 。
对 此 中国 社会 科学院 欧洲 所 所长 助理 程卫东 认为 ， 欧盟 “ 总统 ” 象征性 大于 实际 意义 ， 范龙佩 当选 不 会 对 欧盟 外交 政策 产出 太 大 的 影响 。
范龙佩 当选 是 各方 平衡 的 结果 程卫东 说 ， 范龙佩 的 当选 并 不 是 个人 能力 有 多 高 ， 而是 其 背后 的 大国 和 小 国 之间 的 利益 之 争 的 结果 。
至于 说 德 法 不 满 ， 那 就 是 大国 对 此 不 太 认同 ， 如果 是 一个 有 大国 背景 的 人 当选 ， 比如说 布莱尔 ， 他 能力 和 威望 都 很 高 ， 也 更 有 优势 ， 可以 利用 大国 的 力量 来 推动 欧盟 的 各种 步调 的 统一 ， 但是 小国 也 会 有 情绪 ， 小 国 一直 认为 大国 在 操纵 这个 一体化 的 进程 ， 就 会 担心 整个 欧盟 将 朝 少数 大国 所 预想 的 方向 来 走 ， 这 是 整个 欧盟 所 不能 接受 的 。
欧盟 “ 总统 ” 象征性 大于 实际 意义 程卫东 表示 ， 欧盟 “ 总统 ” 在 《 里斯本 条约 》 里 关于 其 职责 的 表述 非常 简单 ， 其 职权 范围 非常 有限 ， 说 的 是 在 他 的 职能 范围 之内 代表 欧盟 ， 主要 是 一些 程序 上 的 事情 ， 以 前 由 轮值 主席国 的 领导人 来 协调 ， 现在 有 一个 相对 固定 的 人 来 做 。
这 就 使得 欧盟 “ 总统 ” 能 做 事情 的 多少 和 大 小 与 被 选 人 能力 和 特点 关系 很 大 。
范龙佩 地位 和 影响力 并 不 是 太 强 ， 那么 他 处理 问题 的 时候 可能 更 为 中庸 、 中 规 中 矩 ， 不 会 偏离 条约 太 远 ， 这样 作为 首任 “ 总统 ” 也 是 比较 好 理解 的 。
欧盟 “ 总统 ” 统一 欧盟 声音 能力 有限 欧盟 需要 统一 声音 的 领域 包括 ， 共同 外交 与 安全 政策 领域 以及 除此之外 的 其他 对外 关系 领域 。
“ 这些 领域 能 不 能 按 同 一个 声音 说话 ， 从 机制 和 可能性 来 看 也 是 不 一样 的 。
” 程卫东 说 。
共同 外交 和 安全 政策 是 政府 间 决策 ， 需要 欧盟 全体 成员 国 一致 表决 决定 ， 主要 权力 在 成员国 ， 不 在 欧盟 ， 因而 不 会 被 欧盟 “ 总统 ” 所 控制 。
而 其他 对外 关系 领域 比如 国际 贸易 、 人道主义 、 合作 发展 可能 会 带来 更 多 的 统一 声音 。
对 华 关系 气氛 或 更 好 但 政策 影响 有限 在 欧盟 未来 对 华 关系 上 ， 程卫东 表示 ， 基于 范龙佩 一直 以来 对 中国 的 态度 都 很 好 ， 所以 他 上任 欧盟 “ 总统 ” 以后 ， 应该 也 会 保持 这 一 传统 ， 而 与 中国 关系 保持 良好 的 气氛 。
但是 又 因为 其 职权 难以 改变 政策 ， 所以 从 他 个人 来讲 是 很 难 在 欧盟 对 华 大 的 政策 和 方向 上 产生 明显 的 影响 。
45. 年终 岁末 ， 尽管 东盟 首脑 会议 上 月 已 在 新加坡 谢幕 ， 但 展望 来 年 ， 东盟 首脑 会议 取得 的 重要 成果 之一 的 《 东盟 宪章 》 和 东盟 未来 面临 的 挑战 ， 却 是 年末 人们 关注 的 话题 。
鉴于 明年 的 东盟 首脑 会议 将 在 泰国 举办 ， 记者 日前 就 《 东盟 宪章 》 和 东盟 未来 将 面临 的 挑战 等 问题 采访 了 泰国 朱拉隆功 大学 亚洲 研究所 东盟 问题 专家 帕 差 腊 卫 兰 女士 。
对 东盟 峰会 取得 的 成果 ， 这 位 女 学者 认为 ， 在 过去 一 段 时间 ， 一些 东盟 国家 遇到 了 一些 困难 和 麻烦 。
会议 召开 于 东盟 成立 四十 周年 之际 ， 又 恰 逢 东盟 加 三 关系 十 周年 以及 东盟 与 欧盟 关系 三十 周年 ， 这 使 本次 会议 的 重要性 更加 突出 。
另外 ， 因为 本次 会议 的 主要 议题 包括 能源 、 环境 、 气候 变化 以及 可 持续 发展 问题 等 。
此前 东盟 各国 基本上 都 是 独立 地 处理 以上 问题 ， 但 成效 不尽 人 如意 ， 这些 问题 一直 严重 困扰 着 东盟 国家 。
本次 会议 的 召开 使 各国 今后 在 合作 解决 这些 问题 方面 有 了 更 多 法律 上 的 联系 。
其次 ， 《 东盟 宪章 》 的 签署 具有 重要 意义 ， 使 东盟 成为 一个 可以 信赖 的 、 稳定 前进 的 组织 。
此前 东盟 仅 是 一个 政府 间 合作 的 国家 群体 ， 合作 上 具有 松散 和 自愿 的 特点 。
《 东盟 宪章 》 的 重要性 体现 在 两 个 方面 ： 东盟 内部 将 成为 一个 具有 法律 联系 的 组织 ； 东盟 在 国际 舞台 上 取得 了 法人 地位 ， 有 权 在 国际 舞台 ， 特别 是 联合国 发表 东盟 的 意见 和 建议 。
这 是 东盟 迈出 的 非常 重要 的 一 步 。
谈及 东盟 目前 在 地区 和 国际 舞台 上 的 作用 ， 帕 差 腊 卫 兰 女士 说 ， 东盟 在 许多 地区 和 国际台 舞台 上 发挥 着 作用 。
