时间 ： 2012-08-10 > 2012年 7月 30日 ， 日本 政府 召开 内阁 会议 ， 批准 了 防卫 大臣 森 本 敏 提交 的 2012年 版 《 防卫 白皮书 》 。
这 是 日本 自 1970年 以来 发布 的 第38 份 ， 也 是 民主 党 执政 以来 发布 的 第三 份 白皮书 。
同时 它 是 日本 政府 自 美国 2012年 1月 5日 宣布 新 国防 战略 后 的 第一 份 白皮书 ， 也 是 日本 政府 自 2010年 12月 颁布 新 《 防卫 计划 大纲 》 和 《 中期 防卫 力量 发展 计划 》 后 ， 发布 的 第二 份 白皮书 。
《 防卫 白皮书 》 不仅 是 介绍 日本 防务 政策 和 防卫 力量 建设 的 指针 性 文件 ， 也 是 在 世界 各国 官方 出版物 中 ， 被 认为 是 对 中国 “ 国防 动向 ” 关注 最 多 、 渲染 中国 “ 军事 威胁论 ” 最 多 的 公开 文件 之一 ， 是 目前 研究 日本 防卫 政策 和 对 华 安全 政策 动向 的 重要 参考 。
日本 的 2012年 版 《 防卫 白皮书 》 主要 由 “ 周边 安全 环境 ” 、 “ 日本 防卫 政策 和 新 防卫 大纲 ” 以及 “ 防卫 对策 与 措施 ” 三 部分 构成 ， 系统 地 阐述 了 日本 对 国际 形势 的 判断 、 现行 国防 政策 、 防卫 力量 建设 以及 军事 改革 等 内容 。
与 以往 相比 ， 2012年 版 白皮书 有 以下 四点 尤其 值得 关注 。
对 安全 态势 判断 出现 重大 转折 ， 传统 威胁 地位 上升 与 日本 前 防卫 大臣 北 泽 俊美 在 2011年 版 白皮书 所 阐述 的 “ 日本 周边 安全 环境 正在 发生 快速 变化 ” 论断 相比 ， 本届 防卫 大臣 森 本 敏 在 2012年 版 白皮书 前言 中 第一 句 就 写 道 ， “ 当 日本 与 邻国 的 经贸 与 文化 关系 正在 不断 深入 时 ， 日本 周边 的 安全 环境 却 在 变 得 日益 严峻 。
” 另外 ， 与 前 几 届 日本 政府 颁布 的 白皮书 相比 ， 新版 白皮书 在 其 第一 部分 “ 日本 周边 的 安全 环境 ” 中 ， 史无前例 地 对 各种 威胁 的 前后 顺序 进行 了 结构性 调整 ， 将 亚太地区 安全 环境 ( 强调 传统 国家 威胁 ) 前提 至 第一 位 ， 而 以往 首先 强调 的 国际 社会 主要 安全 问题 ( 主要 包括 各种 非传统 威胁 ) 则 退 居 其次 。
这 显示 出 日本 政府 对 其 安全 环境 的 判断 出现 了 重大 变化 ， 认为 日本 面临 严峻 挑战 ， 而 其中 的 传统 国家 威胁 地位 上升 ， 非传统 威胁 地位 下降 。
由于 应对 非传统 威胁 更 倾向 于 采取 国际 合作 的 方式 ， 应 对 传统 威胁 通常 则 意味着 对抗 甚至 发生 军事 冲突 ， 因此 ， 新版 白皮书 对 周边 安全 形势 的 判 读 可能 是 日本 防卫 政策 发生 进一步 变化 的 一个 危险 信号 。
日本 外务 省 曾 在 解密 文件 《 日本 外交 的 过失 》 一 文 中 总结 道 ， “ 绝不 应该 只 考虑 条约 等 文件 的 字句 ， 而 忘记 深层 的 政治 意义 、 影响 等 根本 问题 。
” 同 理 ， 我们 也 不 应 仅仅 只 看到 白皮书 表面 上 的 文字 和 逻辑 结构 ， 更 应该 深刻 研究 其 潜藏 的 意图 以及 分析 本届 日本 政府 防卫 政策 的 实质 。
回顾 自 1970年 以来 历届 日本 政府 颁布 的 《 防卫 白皮书 》 ， 不难 看出 日本 防卫 政策 的 发展 趋势 ， 其 防卫 目标 从 主要 防范 俄罗斯 转变 至 主要 防范 中国 ， 其 防卫 政策 从 “ 回归 亚洲 ” 政策 转变 至 “ 强化 日 美 同盟 ” ， 其 防卫 原则 从 “ 专守 防卫 ” 转变 至 “ 主动 先 制 ” ， 其 防卫 思想 从 “ 基本 防卫 ” 转变 至 “ 机动 防御 ” 。
如果 说 2011年 版 《 防卫 白皮书 》 反映 了 菅直人 政府 关于 “ 整军 、 联 美 、 防 华 、 走 出去 ” 的 防务 战略 方向 ， 那么 2012年 版 白皮书 则 为 实现 这 一 目标 找到 了 一个 “ 现实 理由 ” ， 为 日本 进一步 抛弃 战后 制定 的 “ 专守 防卫 ” 的 和平 宪法 ， 加速 向 军事 大国 迈进 提供 了 垫脚石 。
必须 引起 注意 的 是 ， 日本 政府 很 大 程度 上 把 导致 形势 严峻 的 原因 归于 中国 。
特别 是 在 钓鱼岛 问题 上 ， 自 执政党 民主党 政权 放弃 领土 问题 搁置 争议 的 处置 方式 ， 转 而 采取 不 承认 论调 之后 ， 中 日 两 国 关系 急剧 下降 。
7月 26日 ， 当 有 议员 问 到 钓鱼岛 问题 时 ， 参加 国会 辩论 的 日本 首相 野田佳彦 甚至 表示 ， “ 在 尖 阁 群岛 ( 即 我 钓鱼岛 —— 作者 注 ) 问题 上 ， 如果 发现 周边 国家 有 不法 行为 ， 政府 准备 使用 自卫队 。
” 近年来 ， 日本 一直 在 大力 发展 军备 ， 加强 西南 诸 岛 军事 部署 ， 蓄意 插手 与其 无关 的 南海 问题 ， 近期 又 频频 制造 地区 紧张 局势 ， 这 必须 引起 世人 的 高度 警惕 。
继续 炒作 中国 “ 军事 威胁论 ” ， 为 扩张 军备 寻找 借口 今年 是 中 日 建交 40 周年 ， 这 理应 是 一个 值得 纪念 的 年度 ， 但 两 国 之间 纪念 气氛 并 不 浓厚 ， 究 其 原因 无非 是 日本 反复 炒作 中国 军事 威胁 ， 反复 强调 中国 军事 不 透明 ， 反复 列举 中国 种种 “ 不 法 ” 海洋 活动 ， 这 是 日本 为 其 自身 扩张 军备 寻找 借口 的 一贯 手法 ， 也 是 近 几 届 日本 政府 《 防卫 白皮书 》 涉及 中国 部分 的 主要 内容 。
2012年 版 白皮书 在 老调重弹 之外 ， 又 多 了 一些 新 的 内容 和 方式 。
其一 是 指责 中国 正当 的 海洋 活动 对 日 构成 威胁 。
与 旧 版 白皮书 不同 ， 新版 白皮书 增 列 了 很多 隶属 中国 海洋 局 的 “ 海 监 ” 和 “ 渔政 ” 舰只 的 活动 情况 ， 意图 证明 “ 中国 的 海洋 活动 趋于 活跃 ” ， 暗 指 中国 “ 不 法 ” 海洋 活动 对 日本 构成 了 威胁 。
可 问题 在于 ， 这些 船只 并 不 是 军舰 ， 中国 民用 船只 赴 相关 海域 进行 勘测 和 护 渔 活动 完全 正当 ， 日方 所谓 的 “ 地区 和 国际 社会 感到 担忧 ” 纯属 无稽之谈 。
其二 是 企图 用 表格 的 形式 来 证明 中国 军事 发展 对 日本 构成 巨大 威胁 。
白皮书 用 表格 的 方式 对 中国 、 日本 、 东南亚 和 韩国 的 军力 进行 了 比较 ， 刻意 突出 中国 的 强大 和 日本 的 所谓 “ 弱小 ” 。
但 恰恰 是 这个 表格 不顾 各国 国情 ， 以 纯 数量 替代 当代 军队 最 重要 的 因素 —— 质量 ， 暴露 了 日本 无中生有 、 蓄意 散布 中国 “ 军事 威胁 ” 、 为 自身 扩充 军备 寻找 借口 的 企图 。
