” 巴沙尔 还 说 ， 如果 他 落选 总统 ， 便 会 下 台 ， “ 我 是 为 国家 服务 的 ， 我 的 国家 不 是 为 我 服务 的 ” 。
对于 阿盟 取消 叙利亚 成员国 资格 的 决议 ， 巴沙尔 说 这 为 西方 国家 干涉 叙利亚 开 了 绿灯 。
他 警告 说 ， 一旦 对 叙利亚 发起 军事 行动 ， 将 在 中东地区 引发 “ 地震 ” 。
“ 如果 他们 有 逻辑 、 有 理性 并 讲求 实际 ， 就 不 会 这么 做 ， 因为 后果 将 是 可怕 的 。
军事 干涉 将 造成 整个 地区 的 不 稳定 ， 所有 国家 都 会 受到 影响 ， ” 巴沙尔 说 。
17. “ 雪龙 船 马上 准备 离 泊 。
” 19日 晚 19:55 分 ， “ 雪龙 号 ” 船长 沈权 通过 船上 的 广播 宣布 。
19日 晚 20点 30分 ， 经过 一 天 多 的 休整 和 补给 ， 中国 第28 次 南极 科考 队 离开 澳大利亚 弗里曼特尔 港口 前往 南极 。
中国 第28 次 南极 科考队 雪龙 船 11月 3日 从 天津 出发 后 ， 经过 14 天 、 4800 海里 的 航行 ， 于 11月 18日 抵达 澳大利亚 弗里曼特尔 港 。
在 雪 龙船 靠 港 期间 ， 进行 了 淡水 、 燃油 和 蔬菜 的 补给 。
“ 前 一 阶段 的 航次 ， 在 进入 印度洋 之前 ， 整个 雪 龙船 航行 还是 比较 平稳 的 。
进入 印度洋 到 在 澳大利亚 弗里曼特尔 锚地 之前 ， 由于 澳大利亚 西北 面 有 一个 低压 系统 生成 ， 加上 高压 系统 的 配合 ， 在 印度洋 航行 中 风浪 较 大 。
” “ 雪龙 号 ” 船长 沈权 说 。
“ 从 澳大利亚 弗里曼特尔 港 到 南极 中山站 这 一 航 段 对 整个 考察队 来说 是 最 重要 的 一个 阶段 ， 要 穿越 西风 带 ， 将 在 浮冰 区 航行 。
” 沈权 说 ， 会 通过 各种 途径 ， 收集 最新 的 海冰 资料 ， 选择 最佳 路径 ， 尽可能 早 抵达 南极 中山站 ， 为 后续 的 冰 上 卸货 赢得 更 多 的 时间 。
“ 本 航 段 的 考验 还 来自 于 冰上 卸货 ， ” 沈权 说 ， 预计 11月 底 可 到达 南极 ， 从 目前 中山站 的 情况 来看 ， 天气 总体 偏 暖 ， 还 需 进一步 观察 海冰 情况 。
由于 到达 南极 后 海冰 卸货 时间 压 得 很 紧 ， 需要 保障 南极 科考 内陆 队 的 按时 出发 ， 以及 大量 建筑 材料 、 后勤 保障 物资 以及 科考 设备 及时 到达 中山站 。
18. 利比亚 全国 过渡 委员会 执行 委员会 主席 阿卜杜勒 ?
凯 卜 19日 在 南部 城市 津坦 宣布 卡 扎 菲 次子 赛 义 夫 ?
伊斯兰 ?
卡 扎 菲 当天 在 利 南部 地区 落网 ， 并 承诺 赛 义 夫 将 得到 公正 的 审判 。
分析 人士 认为 ， 赛义夫 落网 沉重 打击 了 卡 扎 菲 残余 势力 ， 消除 了 过渡 委 一 块 心病 ， 有利于 过渡 委 顺利 推进 政治 过渡 和 战后 重建 。
但 如果 过渡 委 对 赛义夫 处置 不当 ， 他 或 将 成为 一个 “ 烫 手 山芋 ” 。
利于 过渡 委 推进 重建 据 利比亚 官方 介绍 ， 赛义夫 于 当地 时间 19日 午时 左右 在 南部 塞 卜 哈 地区 落网 ， 当时 他 与 几 名 随从 正 准备 逃往 尼日尔 。
当地 电视台 画面 显示 ， 赛义夫 头 戴 灰色 头巾 ， 身着 阿拉伯 长袍 ， 蓄 着 胡须 ， 与 以往 西装革履 的 形象 大相径庭 ； 他 右手 手指 缠 着 厚厚的 绷带 ， 神态 凝重 地 斜 躺 在 一个 沙发床 上 。
当地 武装 发现 并 逮捕 了 赛义夫 ， 随后 用 一 架 运输机 将 其 空运 至 津 坦 城 。
赛义夫 生于 1972年 ， 曾 被 认为 最 有 可能 成为 卡扎菲 的 继任 者 ， 他 一直 代表 其父 活跃 在 公共 关系 和 外交 舞台 。
今年 6月 ， 国际 刑事 法院 以 “ 涉嫌 反 人类 罪 ” 为由 ， 对 赛义夫 签发 了 逮捕令 。
10月 20日 ， 过渡 委 武装 攻占 苏尔 特 当天 抓获 卡扎菲 ， 但 赛义夫 脱逃 。
赛义夫 被捕 后 ， 过渡 委 执委会 主席 凯 卜 表示 ， 这 是 利比亚 的 一个 重要 时刻 。
他 希望 赛义夫 的 落网 能 为 处于 重建 阶段 的 利比亚 揭开 新 的 一 页 ， 并 向 全体 利比亚人 和 国际 社会 保证 赛义夫 及其 追随者 将 受到 公正 审判 。
分析 人士 认为 ， 作为 卡扎菲 死 后 唯一 留 在 利比亚 境内 的 前 政权 核心 成员 ， 赛义夫 是 隐藏 在 西部 和 南部 卡 扎 菲 势力 的 精神 支柱 。
他 的 落网 从 短期 来 看 无疑 会 为 利比亚 重建 之 路 扫 清 一个 障碍 。
相反 ， 如果 赛义夫 继续 在 逃 ， 卡 扎 菲 支持者 或 其他 民兵 武装 可能 打 着 他 的 旗号 发动 袭击 ， 阻碍 过渡 委 推进 政治 过渡 和 战后 重建 。
审判 地点 出现 争议 虽然 凯 卜 已 保证 赛义夫 将 得到 公正 的 审判 ， 但 对 审判 地点 的 分歧 已经 出现 。
赛义 夫 落网 后 ， 欧盟 外交 与 安全 政策 高级 代表 阿什顿 发表 声明 ， 希望 利比亚 当局 全力 配合 国际 刑事 法院 ， 确保 赛义夫 得到 公正 审判 。
荷兰 外交大臣 罗 森 塔 尔 当天 也 呼吁 利比亚 过渡 委 将 赛义夫 交 与 国际 刑事 法院 审判 。
国际 刑事 法院 的 一 名 女 发言人 当天 说 ， 法院 已 和 利比亚 司法部门 进行 了 接触 ， “ 希望 能够 确保 赛义夫 被捕 之后 所 面临 的 相关 程序 都 符合 法律 规范 ” 。
她 强调 ， 利比亚 当局 在 法律 上 “ 有 义务 与 国际 刑事 法院 合作 ” 。
另一方面 ， 利比亚 过渡 委 司法部长 穆罕默德 ?
阿拉吉 却 表示 希望 赛义夫 在 利比亚 境内 受审 。
不过 分析 人士 认为 ， 即便 利比亚 当局 在 国内 审判 赛义夫 ， 在 具体 城市 的 选择 上 也 还 会 产生 争议 。
班加西 是 反对派 的 大本营 ， 安保 条件 好 ， 且 过渡 委 多数 高官 都 出自 班 加西 ； 但 的黎波里 是 首都 ， 象征 意义 浓厚 ， 距 津 坦 也 较 近 。
鉴于 卡扎菲 死 前 曾 遭 虐待 ， 加之 赛义夫 身份 敏感 ， 过渡 委 如何 选择 审判 赛义夫 地点 令人 关注 。
会 否 成为 “ 烫 手 山芋 ” 如果 利比亚 过渡 委 选择 在 本国 审判 赛义夫 ， 那么 赛义夫 可能 成为 一 块 “ 烫 手 山芋 ” ， 长期 困扰 过渡 委 。
首先 ， 利比亚 司法 系统 处于 瘫痪 状态 ， 现阶段 没有 完善 的 司法 体系 支撑 审判 。
的黎波里 律师 艾哈迈德 ?
穆拉德 告诉 记者 ， 虽然 过渡 委 已 任命 了 司法部长 ， 但 距 建立 完善 的 司法 系统 还 有 很 长 的 路 要 走 。
另外 ， 利比亚 当前 混乱 的 安全 局势 是否 能够 保证 审判 顺利 进行 也 是 一个 疑问 。
在 战争 中 大约 有 1万 枚 地空导弹 下落不明 ， 流散 的 轻武器 更是 不计其数 ， 首都 的黎波里 街头 随处可见 携带 枪支 的 民众 ， 这些 都 给 审判 的 安保 工作 提出 巨大 挑战 。
