这 次 中央 经济 工作 会议  是 在 党 的 十七 届 三中全会 之后  国内外 经济 环境 发生 重大 变化 的 背景 下 中央 召开 的 一 次 重要 会议 
会议 全面 深刻 分析 了 当前 国际 国内 经济 形势  明确 具体 提出 了 明年 经济 工作 的 总体 要求 和 重点 任务  既 立足 当前  又 着眼 长远  充分 体现 了 科学 发展观 的 要求 
会议 总揽 全局  求真务实  鼓舞 信心  对于 统一 全党 认识  凝聚 全国 力量  协调 各方 行动  继续 坚定不移 地 推进 改革 开放 和 社会主义 现代化 建设  确保 经济 社会 平稳 较 快 发展  具有 十分 重大 的 意义 
今年  是 我们 党 和 国家 的 发展 进程 中 极 不 平凡 的 一年 
面对 各种 难以 预料  历史 罕见 的 重大 挑战 和 考验  党中央 审时度势  沉着 应对  及时 调整 宏观 经济 政策  果断 作出 一 系列 重大 部署 安排  全党 全国 各族 人民 众志成城  共 克 时艰  在 十分 困难 的 条件 下  我国 经济 呈现 增长 较 快  价格 回 稳  结构 优化  民生 改善 的 良好 局面 
这些 成绩 的 取得  充分 显示 了 改革 开放 30年 我国 形成 的 强大 综合国力  充分 证明 了 中国 特色 社会主义 道路 的 正确性  充分 表明 了 社会主义 制度 能够 集中 力量 办 大事 的 优越性  充分 体现 了 中华民族 不畏 艰险  自强不息 的 强大 凝聚力 
成绩 来之不易  令人振奋 
同时 也 必须 清醒 地 看到  世界 经济 环境 中 的 不 稳定 不 确定 因素 明显增加  国际 金融 危机 愈演愈烈  迅速 从 局部 发展 到 全球  从 发达国家 传导 到 新兴 市场 国家 和 发展中国家  从 金融领域 扩散 到 实体 经济 领域  国民经济 运行 中 长期 积累 的 深 层次 矛盾 和 问题 仍 很 突出  我国 经济 发展 面临 着 来自 国际 国内 的 严峻 挑战 
忧 则 兴  预 则 立 
形势 复杂 多变  机遇 转瞬即逝 
我们 一定 要 增强 忧患 意识  既 要 把 困难 估计 得 更 充分 一些  把 应对 措施 考虑 的 更 周密 一些  又 要 注重 从 变化 的 形势 中 捕捉 和 把握 难得 发展 机遇  在 逆境 中 发现 和 培育 积极 因素  统筹 好 国内 国际 两 个 大局  坚持 社会主义 市场经济 的 改革 方向  坚持 对外开放 的 基本 国策  不 为 任何 风险 所 惧  不 被 任何 干扰 所 惑  坚定 必胜 信心  扎实 做好 工作  迎接 各种 挑战  奋力 渡过 难关 
明年 是 新 中国 成立 60 周年  也 是 推进  十一五  规划 顺利 实施 的 关键 一年 
做好 明年 经济 工作  对于 战胜 国际 金融 危机 严重 冲击  保持 当前 来之不易 的 好 形势  维护 改革 发展 稳定 大局  推进 全面 建设 小康 社会 进程  意义 十分 重大 
我们 要 准确 把握 做 好 明年 经济 工作 的 总体 要求  全面 贯彻 党 的 十七 大 和 十七 届 三中全会 精神  以 邓小平理论 和  三 个 代表  重要 思想 为 指导  深入 贯彻 落实 科学 发展观  立足 扩大 内需 保持 经济 平稳 较 快 增长  加快 发展 方式 转变 和 结构 调整 提高 可 持续 发展 能力  深化 改革 开放 增强 经济 社会 发展 活力 和 动力  加强 社会 建设 加快 解决 涉及 群众 利益 的 难点 热点 问题  促进 经济 社会 又 好 又 快 发展 
贯彻 这个 总体 要求  一定 要 抓住 关键  突出 以下 重点 
把 保持 经济 平稳 较 快 发展 作为 明年 经济 工作 的 首要 任务  着力 在 保 增长 上 下功夫 
受 国际 金融 危机 快速 扩散 和 蔓延 的 影响  经济 增长 下滑 过 快  已经 成为 当前 和 今后 一个 时期 我国 经济运行 中 的 突出 问题 
科学 发展观 第一 要义 是 发展 
能否 保持 经济 稳定 增长  是 对 我们 驾驭 复杂 局面 能力 的 重大 考验  也 是 对 党 的 执政 能力 的 重大 考验 
越是 在 经济 发展 面临 较 大 困难 的 时候  我们 越是 要 坚定不移 地 贯彻 发展 是 硬 道理 的 战略 思想  聚精会神 搞 建设  一心一意 谋 发展 
按照 中央 的 决策 部署  采取 一切 有效 措施 拉动 经济 增长  努力 实现 明年 经济 增长 预期 目标 
把 扩大 内需 作为 保 增长 的 根本 途径 
保 增长 的 关键 是 要 解决 市场 需求 不足 的 问题 
当前 发达国家 经济 陷入 衰退  国际 需求 大幅 收缩 
而 我国 人口 众多  正 处在 工业化 城市化 进程 中  国内 市场 广阔  需求 潜力 巨大 
我们 必须 加强 和 改善 宏观 调控  实施 积极 的 财政 政策 和 适度 宽松 的 货币 政策  真正 把 经济 增长 的 基本 立足点 放 在 扩大 国内 需求 上  利用 这 次 国际 经济 结构 调整 的 时机  加快 形成 主要 依靠 内需 特别 是 消费 需求 拉动 经济 增长 的 格局 
把 加快 发展 方式 转变 和 结构 调整 作为 保 增长 的 主攻 方向 
我国 是 一个 发展中国家  要 实现 各 方面 的 发展 目标  必须 有 一定 的 发展 速度 
我们 谋求 的 发展  必须 是 又 好 又 快 的 发展  必须 是 以 人 为 本  全面 协调 可 持续 的 发展 
越是 在 加大 力度 保 增长 的 时候  越 要 重视 提高 发展 质量  重视 加快 发展 方式 转变 
调整 收入 分配 结构  产业 结构  城乡 结构 和 地区 结构  努力 创造 新 的 经济 增长点 和 新 的 竞争 优势 
在 经济 发展 遇到 困难 的 时候  一定 要 更加 重视 农业  农村  农民 工作 
