发/v大/a悲/ag心/n，/wd行/ng菩萨/n道/qv南/f怀/v瑾/nr1语录/n：/wm一个/mq人/n如果/c觉悟/n了/y，/wd悟/vg道/n了/y，/wd对/p一切/rz功名/n富贵/a看/v不/d上/f，/wd而/cc万事/n不/d管/v，/wd脚/n底下/f抹/v油/n溜/v了/y，/wd这种/r人/n叫做/v罗汉/nr。/wj
但是/c菩萨/n境界/n则/c不然/c，/wd觉悟/n了/y，/wd解脱/v了/ule世间/n一切/rz的/ude1痛苦/an，/wd自己/rr升华/vi了/y，/wd但是/c，/wd看到/v世上/s林林总总/vl的/ude1众生/nr2，/wd还/d在/p苦难/n中/f，/wd就/d要/v再/d回到/v世间/n广度/n一切/rz众/ng生/v。/wj
这种/r牺牲/v自我/rr、/wn利益/n一切/rz众/ng生/v的/ude1行为/n，/wd就是/d所谓/v有/vyou情/n，/wd是/vshi大/a乘/v菩萨/n道/qv。/wj
菩萨/n，/wd南怀瑾/nr大师/n的/ude1解释/vn就是/v"/x觉悟/n有/vyou情/n"/x。/wj
也就是说/vl，/wd自己/rr觉悟/n了/y，/wd又/d发/v善心/n度/qv人/n。/wj
他/rr说/v：/wm"/x自立/vi立/v他/rr，/wd自觉/ad觉/v他/rr，/wd牺牲/v自我/rr，/wd普济众生/nr，/wd这/rzv才/d是/vshi大/a乘/v菩萨/n永不/d退/v失/v的/ude1行/ng愿/v。/wj
经云/nr2：/wm'/x自/p未/d得/v度/qv，/wd先/d度/v他人/rr，/wd菩萨/n发/v心/n。/wj'/x"/x
菩萨/n已经/d悟/vg透/v了/ule"/x五/m蕴/vg皆/d空/v"/x，/wd因为/p"/x有/vyou情/n"/x，/wd尚未/d到/v一切/rz皆/d空/a的/ude1境界/n，/wd只是/d接近/v佛/n境/ng，/wd还/d没有/d成/v佛/n，/wd但/c他们/rr却/d发/v愿/v将/d众/ag生/v超度/v到/v更/d高/a层次/n，/wd也/d就是/v让/v众/ag生成/v佛/n。/wj
菩萨/n自己/rr还/d未/d成/v佛/n，/wd却/d想/v让/v众/ag生成/v佛/n，/wd这/rzv是/vshi什么/ry境界/n？/ww
修/v佛/n有/vyou成/v者/k，/wd有/vyou三/m种/q很/d高/a的/ude1境界/n：/wm佛/n、/wn菩萨/n、/wn罗汉/nr。/wj
罗汉/nr是/vshi"/x无情/a"/x的/ude1，/wd正如南/nr大师/n所/usuo说/v，/wd他们/rr觉悟/n了/y，/wd就/d"/x脚底/n抹/v油/n溜/v了/ule"/x，/wd去/vf享受/v他们/rr的/ude1"/x极/d乐/a"/x去/vf了/y，/wd不再/d理会/v我们/rr这些/rz尚/d在/p红尘/n中/f挣扎/vi的/ude1人/n。/wj
佛/n在/p有/vyou情/n无情/a之间/f，/wd对/p芸芸众生/nl，/wd在/p管/v与/cc不/d管/v、/wn度/v与/cc不/d度/qv之间/f。/wj
他/rr只是/d用/v一/m片/q佛/n光引导/n我们/rr自/p度/qv，/wd不/d肯/v亲手/d帮忙/vi。/wj
好比/v一个/mq父亲/n看见/v孩子/n摔/v在/p地上/s，/wd不/d扶/v他/rr也/d是/vshi爱/v他/rr、/wn帮/v他/rr。/wj
只有/c菩萨/n是/vshi"/x有/vyou情/n"/x的/ude1，/wd她/rr有时/d会/v亲手/d度/qv人/n。/wj
我们/rr能/v从/p菩萨/n那里/rzs看到/v实惠/an，/wd自然/d就/d感觉/v亲切/a些/q。/wj
这种/r心情/n，/wd如同/v孩子/n感觉/n母亲/n比/p父亲/n更/d亲/a。/wj
但是/c，/wd菩萨/n毕竟/d不/d是/vshi世人/n的/ude1母亲/n，/wd她/rr的/ude1"/x有/vyou情/n"/x，/wd不是/v"/x人情/n"/x，/wd是/vshi"/x大/a情/n"/x。/wj
人/n、/wn鬼/n、/wn畜生/n她/rr都/d要/v管/v。/wj
她/rr的/ude1"/x有/vyou情/n"/x，/wd不/d是/vshi爱憎/n之/uzhi情/ng，/wd而是/c慈悲/a之/uzhi心/n。/wj
她/rr无/v爱/v亦/d无/v憎/ag，/wd自己/rr觉悟/n了/y，/wd却/d悲/vg悯/x后进/n者/k被/pbei贪/v、/wn嗔/x、/wn痴/a的/ude1枷锁/n所/usuo系/v，/wd想/v做/v一些/mq事/n，/wd帮助/v众/ag生/v挣脱/v枷锁/n，/wd同/p臻/vg极/d乐/a之/uzhi境/ng。/wj
在/p这个/rz世界/n上/f，/wd佛/n、/wn菩萨/n、/wn罗汉/nr是否/v真的/d存在/v？/ww
你/rr可能/v要/v说/v，/wd不要/d迷信/v了/y，/wd要/v有/vyou唯物主义/n的/ude1观点/n才/d行/vi。/wj
但是/c，/wd南/b大师/n说/v，/wd活佛/n、/wn活菩萨/n、/wn活/n罗汉/nr是/vshi确/d确实/ad实/ad存在/v的/ude1。/wj
或者/c说/v，/wd有/vyou佛/n心/n、/wn有/vyou菩萨/n心/n、/wn有/vyou罗汉/nr心/n的/ude1人世/n上/f很多/m。/wj
活佛/n境界/n太/d高/a，/wd虽然/c他们/rr存在/v，/wd我们/rr也/d看/v不/d见/v--/d站/vi地/n平原/n上/f的/ude1人/n，/wd哪/ry看得见/v珠穆朗玛峰/ns顶/v上/vf那/rzv个/q人/n呢/y？/ww
罗汉/nr、/wn菩萨/n较/d易/ad看见/v，/wd比如/v，/wd陶渊明/nr不/d是/vshi一/m尊/q活/n罗汉/nr吗/y？/ww
他/rr自己/rr觉悟/n了/y，/wd就/d跑/v到/v深山/n老/a林/ng，/wd"/x采/v菊/ng东/f篱/x下/f，/wd悠然/ad见/v南山/ns"/x。/wj
世人/n做/v事/n要/v有/vyou几/m份/q菩萨/n心肠/n。/wj
一/m位/q财/n大势/n大/a的/ude1董事长/n，/wd他/rr原本/d拥有/v好/a多/m个/q矿山/n，/wd家产/n富足/an。/wj
但是/c却/d恃/vg富/a而/cc骄/ag，/wd贪/v迷/v五/m欲/vg，/wd财大气粗/al，/wd对/p人/n苛/x薄/a无/v情/n、/wn对/p朋友/n无/v义/ng，/wd更/d不/d知/v体恤/v工人/n。/wj
天有不测风云/al─/x─/x矿区/n频频/d出事/vi，/wd后来/t，/wd他/rr也/d发生/v车祸/n、/wn撞/v断/v了/ule腿/n。/wj
为了/p医治/v腿/n，/wd找/v遍/qv名医/n，/wd但/c皆/d无效/vi，/wd医/ng到/v后来/t，/wd矿山/n、/wn房子/n都/d卖/v光/n了/y，/wd事业/n也/d一败涂地/al。/wj
以前/f认识/v他/rr的/ude1人/n却/d说/v：/wm"/x这/rzv是/vshi报应/n！/wt？/ww"/x
可见/c，/wd平时/t为富不仁/vl，/wd落难/vi时/ng也/d难/a得/ude3他人/rr同情/v。/wj
有/vyou一个/mq平时/t爱/v花/v钱/n的/ude1朋友/n说/v：/wm"/x佛教/nz讲/v广/ad结/v善/ag缘/ng，/wd我/rr也/d结/v了/ule很多/m缘/ng啊/y！/wt
你/rr想想/v，/wd我/rr一天到晚/dl请客/vi，/wd那/rzv一/m桌/q桌/ng的/ude1酒席/n，/wd光/d一/m桌/q就/d一/m万/m多/m元/q。/wj
我/rr不/d是/vshi很/d慷慨/a吗/y？/ww
而且/c每/rz次/qv给/p小姐/n的/ude1小费/n每人/r都/d一千/m元/q以上/f。/wj
很多/m人/n说/v我/rr不/d慷慨/a，/wd到底/d我/rr哪里/rys不/d慷慨/a？/ww"/x
他/rr是/vshi非常/d慷慨/a。/wj
可是/c他/rr不/d知道/v一/m桌/q的/ude1酒席/n费用/n，/wd可/c让/v暗/a角/n的/ude1众生/nr2，/wd维持/v很/d久/a的/ude1生活/vn费用/n；/wf破/v茅屋/n中/f，/wd淋/v雨/n受寒/v的/ude1老/a弱/a贫/ag病/n、/wn孤儿/n寡妇/n还/d等待/v救助/v！/wt
他/rr更/d不/d知道/v一/m桌/q数/m万/m元/q酒席/n的/ude1钱/n，/wd在/p医院/n中/f也许/d可以/v救/v回/v一/m条/q人命/n。/wj
他/rr或许/d都/d没/d考虑/v到/v这些/rz，/wd只是/c天天/d过/vf着/uzhe纸醉金迷/bl的/ude1生活/vn，/wd这/rzv便是/v顺/v于/p生死/n的/ude1众/ag生/v。/wj
谁/ry才/d是/vshi真正/b的/ude1"/x菩萨/n"/x？/ww
那些/rz怀/v有/vyou一/m颗/q善心/n去/vf做/v一/m件/q件/q小事/n的/ude1人/n。/wj
比如/v那些/rz勤奋/ad敬业/vi的/ude1老师/n，/wd他们/rr自己/rr对/p世界/n的/ude1理解/vn非常/d有限/a，/wd他们/rr却/d愿意/v用/p自己/rr的/ude1肩膀/n，/wd将/p学生/n们/k送/v到/v更/d高/a的/ude1境界/n，/wd这/rzv不/d正是/v"/x自/p未/d得/v度/qv，/wd先/d度/v他人/rr"/x吗/y？/ww
比如/v那些/rz奔波/vi于/p各地/rzs的/ude1社会/n志愿者/n们/k，/wd自己/rr尚且/c工作/vn都/d难保/v，/wd却/d愿意/v拿/v出/vf有限/a的/ude1能力/n是/vshi去/vf帮助/v他人/rr。/wj
比如/v，/wd那个/rz到处/d要饭/vi的/ude1乞丐/n，/wd却/d愿意/v把/pba自己/rr讨/v来/vf的/ude1钱/n捐/v给/p希望/v小学/n。/wj
--/d这/rzv才/d是/vshi真正/b的/ude1"/x活菩萨/n"/x。/wj
有/vyou一/m位/q哲人/n问/v他/rr的/ude1学生/n：/wm"/x对/p一个/mq人/n来说/uls，/wd最/d需要/v拥有/v的/ude1是/vshi什么/ry？/ww"/x
答/v案/x很多/m，/wd哲人/n都/d摇头/vi否定/v，/wd但/c有/vyou一/m位/q学生/n的/ude1答/v案/x令/v他/rr露出/v了/ule笑容/n，/wd那/rzv位/q同学/n答道/v：/wm"/x一/m颗/q善心/n！/wt"/x
哲学家/n说/v：/wm"/x在/p这/rzv'/x善心/n'/x两/m字/n中/f，/wd包括/v了/ule别人/rr所/usuo说/v的/ude1一切/rz东西/n。/wj"/x