基督/nr耶稣/nr为了/p人类/n而/cc被/pbei钉/v在/p十字架/n上/f，/wd埋葬/v，/wd但/c基督/nr三/m天/qt后/f便/d从/p死/v人/n中/f复活/vi，/wd升天/vi坐/v在/p全能/n父/ng上帝/n的/ude1右边/f。/wj
丁/nr1主教/n认为/v复活/vi这/rzv一/m奇功/n对于/p基督教/nz整个/b信仰/vn体系/n来说/uls，/wd其/rz意义/n极为/d深远/a。/wj
“/wyz从/p死/v里/f复活/vi实在/d是/vshi上帝/n在/p这个/rz世界/n上/f进行/vx他/rr的/ude1创造/vn、/wn救赎/v和/cc圣化/v之/uzhi工作/vn的/ude1规律/n，/wd也/d是/vshi维系/v和/cc管理/v整个/b宇宙/n的/ude1法则/n”/wyy。/wj
丁/nr1主教/n在/p复活/vi这/rzv一/m奇迹/n上/f特别/d认同/v保罗/nrf的/ude1赞歌/n：/wm“/wyz这/rzv正/d如/v保罗/nrf所/usuo说/v，/wd你/rr所/usuo种/v的/ude1是/vshi必/d朽坏/v的/ude1，/wd复活/vi的/ude1是/vshi不/d朽坏/v的/ude1，/wd所/usuo种/v的/ude1是/vshi羞辱/v的/ude1，/wd复活/vi的/ude1是/vshi荣耀/a的/ude1，/wd所/usuo种/v的/ude1是/vshi软弱/a的/ude1，/wd复活/vi的/ude1是/vshi强壮/a的/ude1”/wyy。/wj
丁/nr1主教/n从/p复活/vi这/rzv一/m奇迹/n中/f特别/d看到/v：/wm“/wyz复活/vi的/ude1真理/n告诉/v我们/rr，/wd生命/n是/vshi通过/p损失/n、/wn贫困/a、/wn苦难/n和/cc死亡/vi才/d得着/v的/ude1”/wyy。/wj
基督/nz死/v而/cc复活/vi的/ude1信息/n使/v整个/b基督教/nz信仰/n成为/v有/vyou盼望/v的/ude1体系/n。/wj
基督/nz的/ude1复活/vi表明/v了/ule基督/nz已经/d战胜/v了/ule一切/rz的/ude1恶/a势力/n。/wj
基督/nz的/ude1复活/vi使/v人类/n不再/d深/d陷于/v恐惧/an和/cc黑暗/an之中/f，/wd从此/d，/wd人类/n可以/v借/v复活/vi这/rzv一/m福音/n勇敢/a地/ude2面对/v人生/n。/wj
复活/vi和/cc升天/vi的/ude1真理/n是/vshi宝贵/a的/ude1，/wd也/d是/vshi必不可少/vl的/ude1，/wd故而/c丁/nr1主教/n断言/v：/wm“/wyz基督/nz复活/vi的/ude1事/n人们/n不/d太/d清楚/a，/wd但是/c有/vyou十几/m亿/m的/ude1人/n认为/v，/wd复活/vi所/usuo代表/v的/ude1真理/n很/d深远/a，/wd这个/rz违反/v常识/n的/ude1信仰/vn，/wd两千年/m采/v没有/d磨灭/vi，/wd尽管/c谁/ry也/d讲/v不/d清楚/a，/wd但是/c，/wd要/v把/pba它/rr一笔勾销/vl的话/udh，/wd那/rzv是/vshi不/d允许/v的/ude1”/wyy。/wj
并且/c基督徒/n必须/d责无旁贷/vl地/ude2为/v此/rzs而/cc传扬/v这/rzv一/m好/a消息/n：/wm“/wyz复活/vi的/ude1真理/n是/vshi旧/a的/ude1真理/n…/ws…/ws
我们/rr是/vshi这/rzv一/m信仰/n的/ude1继承/vn者/k，/wd并/cc为/p它/rr作/v见证/n”/wyy。/wj
基督教/nz信仰/n认为/v，/wd教/v会/v是/vshi被/pbei上帝/n选/v召/v的/ude1人/n所/usuo组成/v的/ude1团/n契/ng。/wj
基督/nz升天/vi，/wd但/c他/rr并/d没有/d撇下/v跟随/v他/rr的/ude1人/n不/d管/v，/wd他/rr凭着/p他/rr的/ude1大/a爱/vn和/cc大/a能/n在/p地上/s设立/v教会/n并/cc不断/d地/ude2引导/v教会/n前进/vi的/ude1方向/n。/wj
丁/nr1主教/n认为/v教/v会/v是/vshi属/v基督/nz的/ude1。/wj
教会/n的/ude1信仰/vn必须/d以/p基督/nz为/p其/rz内容/n。/wj
基督/nz借/v圣灵/n写信/vi给/p小亚细亚/nsf七/m教会/n，/wd正/d表明/v基督/nz对/p教会/n的/ude1导引/n。/wj
基督/nz的/ude1工作/vn一直/d伴随/v着/uzhe教会/n教会/n，/wd逐步/d地/ude2把/pba它/rr引/v往/p上帝/n的/ude1爱/vn中/f，/wd他/rr也/d不/d停/vi地/ude2用/v特别/a的/ude1方法/n去/vf扶持/v教会/n。/wj
“/wyz基督/nz对/p教会/n的/ude1爱/vn乃是/v见/v之/uzhi于/p他/rr所/usuo做/v的/ude1净化/vn和/cc圣/ag化/v的/ude1工作/vn”/wyy。/wj
教会/n是/vshi基督/nz的/ude1身体/n，/wd基督/nz为/p教会/n的/ude1根基/n和/cc房/n角/n石/ng。/wj
他/rr建立/v教会/n的/ude1目的/n是/vshi让/v他/rr所/usuo爱/v的/ude1人/n能/v在/p地上/s有/vyou团契/vg生活/vn、/wn与/p他/rr交通/v，/wd人/n与/cc人/n之间/f也/d建立/v彼此/rr交通/v的/ude1良好/a关系/n。/wj
基督/nz从不/d间断/vi地/ude2引导/v着/uzhe教会/n前进/vi的/ude1脚步/n，/wd他/rr希望/v教会/n成为/v金/b灯台/n，/wd为/p他/rr发光/vi，/wd把/pba他/rr的/ude1爱/vn传播/vn到/v每/rz一个/mq角落/n。/wj
他/rr也/d使/v教/v会/v不断/d地/ude2得以/v更新/vn和/cc得到/v圣化/v。/wj
基督徒/n相信/v，/wd人/n只要/c顺服/a在/p基督/nz爱/v的/ude1主宰/vn下/f，/wd不管/c那个/rz领域/n，/wd耶稣/nrf都/d会/v引导/v他们/rr，/wd使/v他们/rr与/p上帝/n、/wn与/p人/n和/cc好/a，/wd建立/v应有/v的/ude1、/wn正常/a的/ude1关系/n。/wj
这/rzv是/vshi因为/p“/wyz基督/nz关心/v宗教/n、/wn灵性/n、/wn教/v会/v、/wn信徒/n等/udeng方面/n的/ude1事/n，/wd但是/c基督/nz的/ude1关怀/vn决/vg不/d局限/vi于/p如此/rzv狭小/a的/ude1范围/n之内/f，/wd他/rr也/d关心/v还/d没有/v来/vf跟/v从/p他/rr的/ude1人/n”/wyy。/wj
人/n与/cc上帝/n和/cc好/a这/rzv如/v纵向/n的/ude1关系/n之/uzhi理顺/v，/wd而/cc人/n与/cc人/n和/cc好/a便/d如/v理顺/v横向/n关系/n了/y。/wj
人/n必须/d与/p身边/s的/ude1人/n身边/s的/ude1环境/n相处/vi得/ude3合乎/v其/rz道/n，/wd这个/rz人/n才/d可能/v成为/v健全/a的/ude1人/n，/wd因为/c人/n具有/v社会性/n而/cc不/d可能/v孤立/ad存在/v。/wj
“/wyz人/n与/cc人/n和/cc好/a”/wyy，/wd随着/p一个/mq很/d自然/a的/ude1结果/n便是/v认同/vn教会/n外面/f的/ude1真善美/n。/wj
基督/n道/qv成/v肉身/n并非/v仅/d为/v了/ule基督徒/n，/wd他/rr同样/d为/v一切/rz人/n而/cc成为/v人/n的/ude1一分/m子/ng，/wd认识/v基督/n与否/u都/d生活/vi在/p上帝/n爱/v的/ude1主宰/vn之下/f。/wj
基督/nz是/vshi宇宙/n的/ude1基督/n，/wd他/rr的/ude1爱/vn普及/v普/ag世/ng万/m邦/n，/wd他/rr的/ude1眷顾/vn达到/v每/rz一/m件/q事/n、/wn每/rz一个/mq人/n，/wd“/wyz他/rr的/ude1眷顾/vn是/vshi对/p创造/v的/ude1终极性/ng恩典/v”/wyy基督/n希望/v整个/b人类/n充满/v爱/v、/wn和平/n与/cc正义/n。/wj
首先/c，/wd基督/nz关心/v人们/n的/ude1饮食起居/nl。/wj
他/rr怜悯/v饥饿/n的/ude1，/wd体贴/v挨冻/vi的/ude1。/wj
丁/nr1主教/n在/p其/rz文集/n中/f特别/d提到/v“/wyz在/p门徒/n看来/v耶稣/nrf的/ude1工作/vn就/d是/vshi天/qt国/n的/ude1道/n，/wd至于/p解决/v人们/n的/ude1吃饭/vn问题/n，/wd那/rzv不/d是/vshi他们/rr的/ude1事/n，/wd也/d不/d是/vshi耶稣/nrf的/ude1事/n。/wj
他们/rr说/v，/wd叫/vi众人/n散开/v，/wd让/v他们/rr各自/rr找/v吃/v的/ude1去/vf，/wd但/c耶稣/nrf却/d对/p说/v：/wm‘/wyz你们/rr给/p他们/rr吃/v吧/y!/wt”/wyy’/wyy。/wj
这里/rzs的/ude1耶稣/nrf给/p人/n的/ude1印象/n是/vshi“/wyz达/v则/c兼/v济/vg天下/n”/wyy的/ude1道德/n家/q形象/n。/wj
我们/rr的/ude1主/n并/cc不/d反对/v人/n拥有/v足够/v的/ude1东西/n，/wd他/rr只是/d要/v有/vyou得/ude3吃/v的/ude1人/n也/d能/v照顾/v那/rzv没/d得/ude3吃/v的/ude1。/wj
其次/c，/wd耶稣/nrf大力/d提倡/v道德/n。/wj
“/wyz相当/vi一部分/m基督徒/n知识分子/n接受/v基督教/nz信仰/n是/vshi由于/p他们/rr对于/p‘/wyz登山/vn宝训/n’/wyy和/cc作为/v教师/n耶稣/nrf五体投地/al地/ude2赞赏/v和/cc钦佩/v”/wyy。/wj
是的/vl，/wd耶稣/nrf基督/n的/ude1教训/n和/cc他/rr的/ude1行动/vn表明/v他/rr希望/v人间/n是/vshi一个/mq和谐/a有/vyou道德/n伦理/n的/ude1社会/n。/wj
所以/c丁/nr1主教/n也/d认为/v教/v会/v在/p基督/nz为/p元首/n的/ude1条件/n下/f，/wd必须/d完成/v的/ude1一个/mq任务/n是/vshi发出/v道德/n的/ude1信息/n。/wj
透过/v以上/f粗略/ad论述/v，/wd可以/v清晰/a地/ude2看到/v丁/nr1主教/n笔下/n的/ude1基督/n是/vshi一/m位/q辉煌/a伟大/a的/ude1宇宙/n之/uzhi主/ag。/wj
他/rr爱/v普及/v万/m千/m，/wd他/rr恩/ng遍布/v世界/n每/rz一个/mq角落/n。/wj
接/v下来/vf，/wd将/d从/p圣经/n主题/n考证/v和/cc传统/n史/nr1主题/n考证/v的/ude1角度/n来看/v丁/nr1主教/n有关/vn基督/nz事/n工/n的/ude1神学/n思想/n是/vshi对/p正统/a信仰/vn的/ude1承继/vn和/cc发扬/v。/wj
丁/nr1主教/n神学/n中/f的/ude1上帝/n不只/c是/vshi一/m位/q只/d满足/v品尝/v殿/ng里/f的/ude1香火/n和/cc祭品/n的/ude1上帝/n，/wd也/d不/d是/vshi只/d满足/v于/p享受/v信徒/n的/ude1赞美/vn和/cc祈祷/vn的/ude1上帝/n，/wd而是/c一/m位/q想方设法/dl关怀/v创造/v，/wd关心/v宇宙/n和/cc关爱/vn人类/n的/ude1上帝/n。/wj