耶稣/nrf基督/n自身/rr带来/v的/ude1和平/n、/wn和/cc好/a信息/n虚/d己/rr的/ude1基督/nz令/v我们/rr看到/v一/m位/q爱/v者/k。/wj
耶稣/nrf基督/n没有/d排斥/v他/rr所/usuo创造/v的/ude1人类/n，/wd这/rzv位/q宇宙/n之/uzhi主/n不/d排斥/v他/rr所/usuo设定/v的/ude1种族/n和/cc国家/n，/wd而是/c，/wd通过/p他/rr自己/rr成为/v人类/n的/ude1一/m员/q，/wd认同/v和/cc接纳/v人/n的/ude1形象/n和/cc样式/n。/wj
上帝/n的/ude1儿子/n甘心/v作/v众人/n的/ude1仆人/n，/wd服侍/v他/rr所/usuo创造/v的/ude1人类/n。/wj
他/rr爱/v世人/n，/wd爱/v到/v放弃/v了/ule原有/vn的/ude1至/p高/a的/ude1神/n性/ng之/uzhi荣耀/an；/wf爱/v到/v失去/v了/ule作为/v一个/mq人/n所有/b的/ude1体面/an与/cc尊严/n，/wd在/p羞辱/v中和/vi极度/d的/ude1痛苦/an中/f流血/vi舍命/d。/wj
圣经/n说/v：/wm“/wyz人/n为/p朋友/n舍命/d，/wd人/n的/ude1爱心/n没有/d比/p这个/rz更/d大/a的/ude1”/wyy“/wyz为/v义/ng人/n死/v，/wd是/vshi少有/a的/ude1；/wf为/p仁/ag人/n死/v、/wn或者/c有/vyou敢/v做/v的/ude1。/wj
惟有/v基督/nz在/p我们/rr还/d作/v罪人/n的/ude1时候/n为/p我们/rr死/v，/wd上帝/n的/ude1爱/vn就/d在/p此/rzs向/p我们/rr显明/a了/y。/wj”/wyy
他/rr是/vshi无罪/vi的/ude1，/wd可/v他/rr还/d为/v我们/rr这些/rz罪人/n而/cc舍命/d。/wj
出于/v神/n性/k的/ude1仁爱/n，/wd他/rr拯救/v世界/n，/wd弥合/v了/ule人/n与/cc上帝/n之间/f的/ude1裂痕/n。/wj
基督/nz的/ude1宇宙/n性/ng和/cc虚/a己/rr性/ng，/wd将/p上帝/n包/v罗/nr1宇宙/n万物/n的/ude1心怀/v意念/n，/wd显明/a给/p世人/n。/wj
他/rr的/ude1爱/vn是/vshi不/d分/v种族/n、/wn性别/n、/wn尊/ag卑/ag、/wn贵贱/n的/ude1。/wj
救/v恩/ng临到/v世界/n，/wd“/wyz并/d不/d分/v犹太人/n，/wd希腊/ns人/n，/wd自主/vi的/ude1，/wd为/v奴/ng的/ude1，/wd或/c男/b或/c女/b。/wj
因为/p你们/rr在/p基督/n耶稣/nrf里/f都/d成为/v一/m了/y。/wj”/wyy
通过/p基督/nz的/ude1宇宙/n性/ng，/wd我们/rr认知/v基督/nz的/ude1宽广/a，/wd他/rr爱/v普及/v万/m千/m。/wj
那么/c，/wd当/p我们/rr思考/v现今/t在/p世界/n上/f，/wd面对/v不同/a的/ude1族群/n、/wn国家/n、/wn性别/n，/wd文化/n和/cc宗教/n等/udeng，/wd就/d和/cc好/a这/rzv一/m主题/n，/wd该/rz存/v怎样/ryv的/ude1观念/n和/cc态度/n？/ww
检视/n我们/rr内心/n深处/s是否/v还/d存/v有/vyou偏见/n、/wn歧视/vn、/wn憎恨/v等/udeng一些/mq负面/b的/ude1情绪/n和/cc态度/n；/wf帮助/v我们/rr树立/v宽容/vn、/wn友好/a、/wn和平/n的/ude1积极/a态度/n。/wj
基督教/nz教义/n包含/v丰富/a的/ude1和平/n、/wn和/cc好/a的/ude1信息/n。/wj
在/p“/wyz基督/nz论/v”/wyy中/f，/wd无论是/c基督/nz的/ude1宇宙/n性/ng和/cc基督/nz的/ude1虚/a己/rr精神/n，/wd都/d出于/v上帝/n的/ude1爱/vn和/cc救/v赎/v。/wj
耶稣/nrf基督/n是/vshi“/wyz和平/n之/uzhi君/ng”/wyy，/wd基督教/nz的/ude1福音/n是/vshi“/wyz和/cc好/a的/ude1福音/n”/wyy、/wn“/wyz和平/n的/ude1福音/n”/wyy，/wd基督教/nz所/usuo信/v的/ude1上帝/n是/vshi“/wyz使/v万/m有/vyou和/p好/a”/wyy者/k。/wj
这样/rzv，/wd在/p基督/nz里/f，/wd万/m族/ng、/wn万民/n联络/v于/p基督/nz，/wd在/p基督/nz里/f同/p归于/v一/m，/wd就/d可能/v成就/n和平/n、/wn和/cc好/a了/y。/wj
但是/c，/wd对于/p处于/v不同/a文化/n、/wn接受/v不同/a宗教/n信仰/vn的/ude1人们/n来说/uls，/wd实现/v和平/n、/wn和/cc好/a的/ude1方式/n和/cc途径/n是/vshi有/vyou差异/n的/ude1或是/c不同/a的/ude1，/wd然而/c，/wd我们/rr必须/d学会/v倾听/v他/rr者/k的/ude1声音/n，/wd通过/p交流/vn、/wn沟通/v和/cc学习/vn而/cc达成/v共识/n，/wd共同/d努力/ad构建/v一个/mq和/cc好/a、/wn和平/n的/ude1世界/n。/wj
上帝/n的/ude1创造/vn体现/v了/ule和平/n、/wn和/cc好/a的/ude1旨意/n上帝/n创造/v的/ude1旨意/n体现/v了/ule和谐/a有序/a，/wd所以/c，/wd和平/n是/vshi万物/n自然而然/al的/ude1共同/b取向/n。/wj
以/p现今/t人类/n文明/a脚步/n的/ude1进展/vn不/d同/v而言/uls，/wd对于/p和平/n、/wn和/cc好/a的/ude1企及/vi和/cc盼望/v也/d是/vshi不同/a的/ude1。/wj
人类/n以/p什么/ry为/v标准/n来/vf衡量/v和/cc判断/v“/wyz和平/n”/wyy、/wn“/wyz和/cc好/a”/wyy？/ww
人类/n怎样/ryv才/d能够/v达成/v和平/n、/wn和/cc好/a的/ude1状态/n？/ww
圣经/n中/f包含/v着/uzhe天/n人/n合一/vi观/vg，/wd即/v：/wm上帝/n创造/v了/ule宇宙/n天地/n万物/n，/wd万物/n本/rz于/p一/m源/ng，/wd出于/v一个/mq本体/n。/wj
由于/c创造/v主/ag令/v天地/n间/f的/ude1一切/rz得以/v存/v有/vyou，/wd而/cc他/rr所/usuo造/v的/ude1人/n在/p天地/n之间/f成为/v自然/a的/ude1一/m个/q部分/n，/wd且/c有/vyou着/uzhe受托/vi参与/v管理/vn的/ude1责任/n，/wd所以/c，/wd上帝/n与/p一切/rz存在/v物/ng之间/f就/d有着/v天然/b的/ude1和谐/a的/ude1关系/n；/wf而/cc人/n与/p其他/rzv造物/n之间/f在/p相互/d赖以/v依存/vi的/ude1同时/n，/wd也/d共同/d烘托/v出/vf一/m种/q和谐/a。/wj
在/p新/a约/d《/wkz启示录/n》/wky中/f，/wd也/d同样/d论/v到/v“/wyz新/a天/qt新/a地/ude2”/wyy。/wj
在/p“/wyz新/a天/qt新/a地/ude2”/wyy里/f，/wd“/wyz上帝/n要/v擦/v去/vf他们/rr一切/rz的/ude1眼泪/n。/wj
不再/d有/vyou死亡/vi，/wd也/d不再/d有/vyou悲哀/an、/wn哭/v号/n、/wn疼痛/an，/wd因为/p以前/f的/ude1事/n过去/vf了/y。/wj”/wyy
可见/c新/a旧约/n圣经/n都/d描绘/v了/ule一/m幅/q未来/t的/ude1、/wn和谐/a世界/n的/ude1美景/n。/wj
这/rzv成为/v每个/r基督徒/n所/usuo憧憬/v的/ude1、/wn人类/n和/cc自然/d可以/v繁荣/an共生/vi的/ude1栖/vg居/v地/n。/wj
在/p每/rz一个/mq基督徒/n的/ude1心目/n中/f，/wd都/d有/vyou这么/rz一个/mq充满/v和平/n的/ude1理想/n家园/n。/wj
这个/rz“/wyz新/a天/qt新/a地/ude2”/wyy是/vshi梦寐以求/bl的/ude1和/cc美/b家园/n。/wj
而/cc在/p这个/rz理想/n的/ude1和/cc美/b家园/n里/f，/wd人/n与/cc上帝/n，/wd人/n与/cc人/n，/wd人/n与/cc万物/n，/wd万物/n与/cc上帝/n都/d是/vshi和谐/a的/ude1。/wj
他们/rr的/ude1繁荣/an共生/vi彰/ag显/v了/ule上帝/n创造/v万物/n的/ude1荣耀/an。/wj
为了/p人类/n能/v得以/v与/p上帝/n和/cc好/a，/wd基督/nz的/ude1道/qv成/v肉身/n是/vshi其中/rz关键/n的/ude1一/m环/q。/wj
道/v成/v肉身/n救/v赎/v人类/n的/ude1这/rzv一/m事件/n，/wd具有/v终极/n的/ude1意义/n。/wj
因/p救/v赎/v的/ude1成功/an，/wd人类/n在/p基督/nz里/f与/p上帝/n和/cc好/a，/wd万/m有/vyou也/d在/p基督/nz里/f与/p上帝/n和/cc好/a。/wj
而/cc人类/n与/p万/m有/vyou也/d因/p同/p在/p基督/nz里/f的/ude1和/cc好/a而/cc和/cc好/a了/y。/wj
基督徒/n乐观/a地/ude2相信/v历史/n在/p上帝/n的/ude1手中/s，/wd对/p人类/n的/ude1前景/n也/d就/d有/vyou了/ule寄托/v和/cc依靠/v。/wj
因为/c，/wd我们/rr的/ude1未来/t可以/v安放/v在/p永恒/z的/ude1全权/n全能/n的/ude1上帝/n手中/s。/wj
尽管/c现世/n有/vyou那么/rz多/a的/ude1不幸/n和/cc伤痛/n，/wd有/vyou那么/rz多/a的/ude1不/d完美/a、/wn不/d完全/a，/wd甚至/c瑕疵/n、/wn丑陋/an和/cc罪恶/n，/wd但是/c，/wd我们/rr相信/v上帝/n的/ude1创造/vn在/p继续/v，/wd他/rr没有/v弃/vg绝/vg这个/rz不/d完美/a的/ude1现世/n，/wd而是/c在/p他/rr的/ude1掌管/v和/cc维护/v中/f继续/v造化/n这个/rz世界/n。/wj
这种/r圣/ng化/v的/ude1工作/vn一直/d在/p进行/vx之中/f。/wj
当/p我们/rr相信/v世界/n的/ude1将来/t是/vshi在/p上帝/n的/ude1掌管/v中/f时/ng，/wd会/v不/d会/v陷入/v到/v消极/ad等待/v、/wn不/d进行/vx作为/v的/ude1境遇/n中/f？/ww
落入/v宿命论/n的/ude1慵懒/an和/cc只顾/v今生/t的/ude1享乐/vn之中/f？/ww
不/d会/v的/ude1。/wj
因为/c尽管/c上帝/n主宰/v昨日/t、/wn今日/t和/cc明天/t，/wd但是/c，/wd每/rz一个/mq人/n必须/d跟/v从/p耶稣/nrf的/ude1脚/n踪/ng，/wd接受/v作/v仆人/n的/ude1身份/n，/wd行走/vi在/p谦卑/a地/ude2服侍/v世人/n的/ude1征途/n之上/f。/wj
结语/n：/wm和/p好/a、/wn和平/n是/vshi基督徒/n受托/vi的/ude1使命/n现今/t，/wd我们/rr所/usuo处/vi的/ude1世界/n面临/v种种/q危机/n。/wj