基督教/nz中国化/v走过/v曲折/a的/ude1路/n，/wd至今/d未能/v摘掉/v“/wyz洋/ag教/ng”/wyy的/ude1帽子/n。/wj
它/rr面临/v的/ude1难点/n主要/d有/vyou3/n个/q。/wj
首先/c，/wd在/p政治/n层面/n上/f，/wd基督教/nz与/p中/b西/b关系/n相/d纠结/vi。/wj
鸦片战争/nz以后/f，/wd基督教/nz一度/d成为/v帝国主义/n的/ude1侵华/vn工具/n。/wj
当然/d也/d有/vyou一些/mq外国/n传教士/n本着/p宗教/n救/v世/ng的/ude1宗旨/n，/wd为/p中国/ns人/n做/v了/ule许多/m好/a亊/x。/wj
改革/v开放/v以来/f，/wd基督教/nz因/p其/rz与/p西方/s现代化/vn相/d联系/v而/cc在/p中国/ns青年/n人/n心中/s的/ude1形象/n越来越/d正面/d化/v，/wd历史/n的/ude1记忆/n逐渐/d淡/x去/vf。/wj
但/c当前/t基督教/nz在/p中国/ns的/ude1文化/n传播/vn又/d与/p恶意/d渗透/v相交/vi织/v。/wj
确/d有/vyou一/m批/q敌对/a势力/n在/p利用/v基督教/nz，/wd企图/v使/v中国/ns基督教/nz化/v，/wd进而/c改变/v中国/ns独立/ad发展/v的/ude1道路/n，/wd把/pba中国/ns纳入/v西方/s的/ude1政治/n格局/n。/wj
美国/nsf《/wkz时代/n周刊/n》/wky前/f驻/v北京/ns记者站/n站长/n艾克曼/nrf写/v的/ude1《/wkz耶稣/nrf在/p北京/ns》/wky一/m书/n，/wd就/d明确/ad叫嚣/v要/v用/p“/wyz基督教/nz羔羊/n”/wyy征服/v“/wyz中国/ns龙/n”/wyy。/wj
多/m年/qt来/f政界/n忧虑/vn，/wd基督教/nz实行/v扩张/v性/ng传教/vi（/wkz以/p扩大/v地盘/n为/p第一/m要务/n）/wky，/wd教徒/n增长/vn速度/n过/uguo快/a，/wd而/cc它/rr又/d是/vshi未/d能/v很/d好/a中国化/vn的/ude1基督教/nz，/wd对/p中国/ns形成/v冲击/vn，/wd因/p此/rzs提出/v抵御/v国外/s敌对/a势力/n利用/v宗教/n对/p我国/n进行/vx的/ude1渗透/vn。/wj
但/c论说/vn的/ude1时候/n多/a，/wd有效/a的/ude1对策/n少/a。/wj
在/p政治/n层面/n，/wd基督教/nz如何/ryv加强/v国家/n认同/vn，/wd处理/v好/a爱国/a与/cc爱教/a的/ude1关系/n，/wd消除/v灰色/n地带/n，/wd摆脱/v外国/n势力/n的/ude1利用/vn控制/vn，/wd同时/c又/d能/v使/v基督教/nz成为/v中国/ns对外/vd平等/ad交往/vi、/wn加强/v中/b西/b人民/n友谊/n的/ude1渠道/n，/wd尚未/d真正/d解决/v。/wj
其次/c，/wd在/p文化/n层面/n上/f，/wd本来/d基督教/nz与/p中国/ns固有/b信仰/vn传统/n的/ude1差距/n就/d较/d大/a，/wd再/d加上/v基督/nz一神教/n的/ude1独尊/vn自大/an，/wd中国/ns基督教/nz的/ude1保守/a落后/a，/wd神学/n思想/n的/ude1现代/t转型/vn与/cc中国化/v面临/v很/d大/a困难/an，/wd其/rz难度/n远远/d超出/v佛教/nz的/ude1中国化/vn。/wj
中国/ns自古/d是/vshi多/a民族/n多/a宗教/n、/wn多/a神灵/n的/ude1国家/n，/wd它/rr的/ude1宗教/n文化/n传统/n是/vshi多/m元/q通/v和/cc模式/n，/wd较/d少/ad排/v它/rr性/ng，/wd较/d多/ad包容/v性/ng。/wj
外来/b宗教/n要/v中国化/v，/wd一/m是/vshi与/p中国/ns国情/n相/d结合/v，/wd做到/v爱国/a守法/vn、/wn庄严/a国土/n，/wd二/m是/vshi要/v与/p中华/nz仁/ng和/cc文化/n尤其/d是/vshi儒家/n、/wn道家/n文化/n相/d结合/v，/wd形成/v中国化/v的/ude1神/n学/v理论/n，/wd这/rzv一/m条/q是/vshi根本/a长久/a之/uzhi道/n。/wj
佛教/nz进入/v后/f，/wd出现/v了/ule中国/ns化/v的/ude1佛教/nz，/wd即/v禅宗/n，/wd并/cc成为/v主流/n教派/n，/wd佛教/nz从此/d成/v为/v中华/nz传统/n文化/n的/ude1有机/b组成部分/nl。/wj
基督/nz一神教/n要/v接受/v儒/ng、/wn道/n文化/n的/ude1贵/a和/cc精神/n比/p佛教/nz困难/an，/wd必须/d突破/v原教旨主义/n（/wkz即/v基/ng要/v主义/n）/wky的/ude1束缚/vn，/wd不/d垄断/v真理/n，/wd学会/v尊重/v信仰/n的/ude1他/rr者/k，/wd做/v其他/rzv宗教/n的/ude1好/a邻居/n，/wd这/rzv是/vshi中国/ns基督教/nz的/ude1责任/n。/wj
老一辈/n神学家/n赵紫宸/nr、/wn吴耀宗/nr、/wn丁光训/nr等/udeng人/n在/p神学/n建设/vn上/f的/ude1成就/n证明/v，/wd基督教/nz神学/n与/p中华/nz文化/n的/ude1结合/vn是/vshi能够/v做到/v的/ude1，/wd但/c它/rr要求/v中国/ns基督教/nz界/n对/p中华/nz文化/n有/vyou深度/n的/ude1了解/vn。/wj
再次/c，/wd中国/ns基督教/nz界/n中青年/n神学家/n队伍/n成长/vi不/d理想/a，/wd接/v不/d上/vf老一辈/n的/ude1班/n，/wd更/d难以/d发扬光大/vl。/wj
从/p基督教/nz中国化/v的/ude1要求/n来说/uls，/wd人才/n的/ude1开放/vn与/cc高/a素质/n是/vshi根基/n，/wd神学/n的/ude1更新/vn与/cc推进/vi是/vshi关键/n。/wj
中国/ns社会/n科学院/n世界/n宗教/n研究所/n段琦/nr研究员/n通过/p调研/v了解/v到/v，/wd中国/ns基督教/nz界/n主流/n是/vshi保守/a的/ude1福音/n派/v，/wd没有/v自己/rr的/ude1、/wn能/v开创/v的/ude1神学家/n，/wd跟不上/v国际/n基督教/nz前进/vi的/ude1步伐/n。/wj
上/f世纪/n中叶/t“/wyz梵/ng二/m会议/n”/wyy以后/f，/wd天主教/nz提出/v宗教/n对话/vi，/wd自由主义/nl神学家/n孔/n汉/tg思/v推动/v全球/n普遍/a伦理/n建设/vn。/wj
基督教/nz也/d出现/v像/v保罗/nrf?/ww
尼/b特/d那样/rzv开放/v的/ude1神学家/n，/wd对/p基督教/nz“/wyz耶稣/nrf以外/f无/v拯救/v”/wyy的/ude1教条/n进行/vx了/ule深刻/a的/ude1反思/vn和/cc批判/vn，/wd主张/v各/rz教/v和谐/ad相处/vi，/wd互相/d对话/vi和/cc学习/vn。/wj
中国/ns的/ude1天主教/nz和/cc基督教/nz在/p神学/n更新/v上/vf落后/a了/y，/wd比较/d封闭/v。/wj
教/v界/k一定/d要/v开放/v，/wd多/d与/p学界/n沟通/vn，/wd与/p儒学/n、/wn道学/n沟通/vn。/wj
中国/ns历史/n上/f有/vyou教/v界/k与/p学界/n良性/b互动/vn的/ude1传统/n。/wj
柳宗元/nr、/wn刘禹锡/nr、/wn韩愈/nr等/udeng儒家/n名士/n与/p佛教/nz高僧/n大德/n皆/d有/vyou密切/a交往/vn。/wj
全/d真/d道/v与/p儒臣/nr2相/d得/v而/cc益/dg彰/ag，/wd许多/m全/a真/a道/qv碑文/n都/d是/vshi教/v外/f学者/n或/c儒臣/nr2撰写/v的/ude1。/wj
中国/ns基督教/nz如果/c一直/d处于/v封闭/v状态/n中/f，/wd新/a一代/n优秀/a人才/n是/vshi难以/d成长/vi的/ude1。/wj
以下/f是/vshi我/rr的/ude1几/m点/qt建议/n：/wm1/a、/wn进一步/d总结/v老一辈/n神学家/n的/ude1理论/n成果/n。/wj
对/p一些/mq尚/d健在/vi的/ude1老/a神学家/n，/wd如/v丁光训/nr、/wn陈泽民/nr、/wn汪维藩/nr，/wd应/v作/v抢救/v式/k研究/v，/wd因为/c他们/rr年事已高/vl，/wd一生/n有/vyou丰富/a积累/vn，/wd要/v抓紧/vd整理/v他们/rr的/ude1资料/n，/wd做/v口述/v史/ng，/wd还/d可/v考虑/v为/p他们/rr配备/v青年/n助手/n。/wj
他们/rr是/vshi难得/a和/cc珍贵/a的/ude1思想家/n，/wd教/v界/k新/a的/ude1一代/n目前/t还/d找/v不/d到/v这种/r水平/n的/ude1人/n。/wj
2/b、/wn总结/v基层/n教会/n的/ude1先进/a经验/n，/wd上升/vi为/p理论/n。/wj
有/vyou学者/n在/p做/v太原/ns、/wn石家庄/ns天主教/nz调查/vn研究/vn时/ng，/wd发现/v基层/n教会/n早已/d在/p宗教/n生活/vn中/f把/pba天主教/nz传统/n与/p中华/nz信仰/vn传统/n相/d结合/v，/wd如/v祭天/vi祭祖/vi、/wn婚/ng丧/vg节庆/n，/wd都/d具有/v了/ule中国/ns特色/n，/wd还/d用/p中国/ns人/n喜闻乐见/bl的/ude1文艺/n形式/n，/wd如/v快板/n、/wn三字经/n、/wn顺口/ad溜/v来/vf宣讲/v教义/n，/wd内容/n多/m是/vshi中国/ns传统/n道德/n的/ude1忠孝/n、/wn诚信/a等/udeng。/wj
据说/v这种/r现象/n在/p天主教/nz教区/n所在地/n都/d有/vyou。/wj
我/rr想/v，/wd在/p基督教/nz基层/n教/v会/v也/d会/v发现/v信/n众/ag创造/v的/ude1有益/a经验/n。/wj
我们/rr对于/p宗教界/n人士/n和/cc信/n众/ag适应/v中国/ns现代/t社会/n的/ude1积极性/n要/v有/vyou充分/ad估计/v。/wj
教/v界/n上层/f要/v与/p下层/f相/d结合/v，/wd中国/ns化/v的/ude1过程/n就/d会/v加速/vi。/wj
3/n、/wn加强/v教/v界/k与/p学界/n的/ude1互动/vn，/wd在/p神学院/n多/ad开设/v学术/n文化/n课/n，/wd多/ad读/v一些/mq中华/nz文化/n经典/n如/v《/wkz论语/nz》/wky、/wn《/wkz孟子/nr》/wky、/wn《/wkz老子/nr》/wky、/wn《/wkz庄子/nr》/wky。/wj
除/p请/v学者/n讲座/n，/wd还/d可/v请/v海外/s自由/ad派/v神学家/n及/cc佛/n、/wn道/n、/wn伊/b各/rz宗教/n人士/n讲座/n或/c对话/vi。/wj
中国/ns的/ude1基督徒/n同时/c又/d是/vshi中国/ns人/n，/wd有/vyou责任/n和/cc义务/n熟悉/v本国/rzs的/ude1文化/n典籍/n，/wd把/pba中国/ns精神/n融入/v到/v神学/n中/f去/vf。/wj
这/rzv不仅/c是/vshi中国/ns社会/n和谐/an、/wn民族/n团结/an、/wn宗教/n和睦/a的/ude1需要/n，/wd也/d是/vshi基督教/nz在/p中国/ns真正/d能/v扎/v下/vf根/n来/f、/wn健康/ad发展/v、/wn被/pbei中国/ns社会/n普遍/ad认可/vi的/ude1需要/n。/wj