基督教/nz是/vshi教义/n性/k的/ude1信仰/vn，/wd同时/c又/d是/vshi伦/nr1理性/n的/ude1宗教/n。/wj
教义/n和/cc伦理/n大致/d对应/vi着/uzhe基督教/nz内涵/n和/cc外延/n两/m个/q层面/n，/wd是/vshi使/v这/rzv一/m信仰/n历久弥新/vl且/c保持/v盎然/z生机/n的/ude1两/m件/q法宝/n。/wj
上帝/n是/vshi灵/a，/wd照/v他/rr形/ng像/v而/cc造/v的/ude1人/n具有/v灵性/n维/vg度/ng，/wd基督教/nz教义/n基本/ad定位/vi于/p在/p灵性/n范畴/n或/c精神/n世界/n内/f阐述/v上帝/n与/cc人/n之间/f的/ude1关系/n变更/vn，/wd目标/n指向/v恢复/v人/n与/cc上帝/n那/rzv失落/v的/ude1正当/a的/ude1和谐/a和好/vi关系/n。/wj
人/n也/d具有/v物质/n层面/n，/wd以/p血肉/n之/uzhi躯/ng生活/vi在/p可/v见/v的/ude1物质/n世界/n，/wd基督教/nz伦理/n则/c主要/d着眼/vi于/p在/p肉体/n层面/n或/c物质/n范畴/n解读/v人/n（/wkz尤其/d是/vshi基督徒/n）/wky与/p他人/rr、/wn社会/n及/cc万物/n的/ude1关系/n嬗变/vi，/wd目标/n指向/v以/p神人/n和谐/ad为/v基础/n，/wd重建/v被/pbei罪/n扭曲/vi的/ude1人/n与/p他人/rr、/wn社会/n，/wd乃至/c整个/b自然界/n的/ude1关系/n。/wj
故此/c我们/rr不难/d明白/v，/wd当/p耶稣/nrf被/pbei问及/v哪/ry一/m条/q诫/vg命/n最/d大/a时/ng，/wd他/rr高屋建瓴/al地/ude2回答/v说/v，/wd“/wyz第一/m要紧/a的/ude1，/wd就/d是/vshi说/v：/wm‘/wyz以色列/nsf啊/y，/wd你/rr要/v听/v，/wd主/n我们/rr神/n，/wd是/vshi独/d一/m的/ude1主/ag。/wj
你/rr要/v尽心/a、/wn尽/vi性/ng、/wn尽/vi意/ng、/wn尽力/d爱/v主/n你/rr的/ude1神/n。/wj’/wyy
其次/c就/d是/vshi说/v：/wm‘/wyz要/v爱/v人/n如/v己/rr。/wj’/wyy
再/d没有/v比/p这/rzv两/m条/q诫/vg命/n更/d大/a的/ude1了/y”/wyy。/wj
发问/vi的/ude1文士/nr所/usuo问/v的/ude1是/vshi哪/ry条/q诫/vg命/n最/d要紧/a，/wd答/v案/x应该/v是/vshi唯一/b的/ude1，/wd可/v耶稣/nrf的/ude1回答/vn断然/d指出/v有/vyou两/m条/q最/d大/a的/ude1诫/vg命/n。/wj
提问/v者/k是/vshi虚心/ad求教/v，/wd还/d是/vshi有意/d刁难/v，/wd经文/n没有/d清楚/a指明/v。/wj
但/c考虑/v到/v犹太人/n的/ude1宗教/n背景/n和文/n士/ng对/p当时/t圣经/n及/cc释/vg经/ng的/ude1谙/x熟/a，/wd他们/rr理当/v知道/v对/p上帝/n和/cc对/p人/n应有/v的/ude1态度/n，/wd因此/c该/rz问题/n隐含/v着/uzhe一/m种/q非此即彼/vl的/ude1选择/vn，/wd即/d对/p上帝/n的/ude1责任/n为/p大/a，/wd还是/c对/p人/n的/ude1责任/n为/p大/a。/wj
可/v耶稣/nrf的/ude1回答/vn巧妙/a地/ude2用/v两/m条/q诫/vg命/n把/pba这/rzv两/m方面/n揉/v合/vd为/v一/m，/wd爱/v上帝/n和/cc爱人/n，/wd断然/d不/d可/v分割/v，/wd俨然/z如/v币/ng之/uzhi两/m面/q。/wj
耶稣/nrf的/ude1回答/vn告诉/v我们/rr，/wd基督教/nz信仰/n的/ude1核心内容/n是/vshi对/p上帝/n，/wd相信/v一/m位/q自我/rr启示/v的/ude1独/a一/m创造者/n真/a神/n，/wd并/cc全身心/d爱/v他/rr，/wd具体/ad表述/v为/p接受/v认可/vi基本/a教义/n；/wf基督教/nz信仰/n的/ude1关键/n同时/c也/d针对/p人/n，/wd让/v人/n成为/v合/v上帝/n心意/n的/ude1真/a人/n，/wd日益/d回归/v能/v全然/d彰/ag显/v上帝/n形/ng像/v的/ude1原义/nr状态/n，/wd具体/a外/f化为/v伦理/n形式/n，/wd以/p爱/v人/n为/v最/d大/a的/ude1彰/ag显/v形式/n。/wj
二者/rzv的/ude1有机/b统一/vn才/d是/vshi一/m条/q完整/a的/ude1诫/vg命/n，/wd这/rzv正是/v本文/r旨在/v论述/vn的/ude1基督教/nz的/ude1教义/n性/ng和/cc伦理/n性/ng，/wd这/rzv两者/rzv合璧/vi定然/d能/v对/p构建/v社会主义/n和谐/a社会/n产生/v重要/a的/ude1积极/a影响/vn。/wj
一/m、/wn基督教/nz的/ude1教义/n性/ng基督教/nz是/vshi教义/n性/k的/ude1信仰/vn体系/n，/wd以/p教义/n为/p信徒/n信仰/vn和/cc生活/vn的/ude1根基/n。/wj
教义/n性/k的/ude1首要/b特征/n是/vshi以/p信/n经/p为/v具体/a形式/n，/wd宣告/v信仰/vn内容/n，/wd任何/rz一/m家/q基督教/nz教会/n都/d有/vyou一/m部/q甚或/c多/m部/q信/n经/p为/v根基/n。/wj
《/wkz使徒/n信/n经/vg》/wky最为/d普/ag世/ng教会/v所/usuo信守/v，/wd每/rz句/q皆/d以/p“/wyz我/rr信/n…/ws…/ws”/wyy
开始/v，/wd扼要/ad述说/v所/usuo信/v内容/n。/wj
类似/a的/ude1普世信/nr经/p还有/v《/wkz尼西亚信/nrf经/vg》/wky和/cc《/wkz亚塔那修信/nrf经/vg》/wky，/wd也/d是/vshi作/v信仰/n宣告/v。/wj
这些/rz普世信/nr经/p都/d是/vshi宣告/v信仰/vn内容/n，/wd基本/ad不/d涉及/v信仰/vn论证/vn或/c伦理/n道德/n。/wj
以/p信/n经/p和/cc信/n纲/n为/p蓝本/n，/wd教/v会/v发展/v出/vf教义/n神学/n。/wj
从/p某种/rz意义/n上/f说/v，/wd基督教/nz神学/n教义/n发展/v演变/vi的/ude1历史/n是/vshi教/v会/v史/ng的/ude1一/m面/q镜子/n。/wj
上述/b提及/v的/ude1《/wkz尼西亚信/nrf经/vg》/wky和/cc《/wkz亚塔那修信/nrf经/vg》/wky都/d经过/p教会/n学者/n及/cc领袖/n长期/d而/cc广泛/a的/ude1激烈/a争论/vn，/wd最后/f在/p教会/n大公/n会议/n上/f基本/ad达成/v一致/a意见/n，/wd尽管/c仍/d有/vyou异议/n甚或/c掺杂/v一些/mq政治/n因素/n。/wj
此外/c，/wd基督教/nz历史/n上/f还/d产生/v过/uguo其它/rz一些/mq有/vyou代表性/n的/ude1信/n纲/n，/wd诸如/v新教/nz三/m大宗/m，/wd即/v信义/n宗/vg、/wn改革/v宗/vg和/cc圣/ag公会/n，/wd都/d分别/d有/vyou自己/rr的/ude1信/n纲/n作为/p信仰/n宣告/v，/wd即/v《/wkz奥格斯堡/nrf信/n纲/n》/wky、/wn《/wkz威斯敏斯特/nsf信/n纲/n》/wky和/cc《/wkz三十九/m条/q信/n纲/n》/wky，/wd而且/c围绕/v信/n纲/n发展/v出/vf具有/v各自/rr特色/n的/ude1神学/n体系/n。/wj
其次/c是/vshi基督教/nz的/ude1圣经/n，/wd圣经/n是/vshi教义/n的/ude1摇篮/n，/wd基督教/nz新教/nz以/p圣经/n为/p唯一/b最高/a的/ude1标准/n，/wd高举/v圣经/n权威/n，/wd铺展/v信仰/vn及/cc实践/vn。/wj
因为/p基督教/nz历史/n上/f先/d产生/v教会/n并/cc形成/v一些/mq基本/a教义/n，/wd故此/c圣经/n正/d典/ng的/ude1确立/vn其实/d深受/v使徒/n信仰/vn的/ude1影响/vn。/wj
旧约/n中/f最/d有/vyou代表性/n的/ude1是/vshi脍炙人口/vl的/ude1十/m条/q诫/vg命/n，/wd是/vshi上帝/n主动/a的/ude1命令/n和/cc要求/n，/wd前/f几/m条/q讲述/v如何/ryv建立/v正当/a的/ude1神人/n关系/n，/wd其/rz表现形式/n即/d为/v相信/v独/d一/m的/ude1、/wn自我/rr启示/v且/c拯救/v以色列/nsf的/ude1上帝/n，/wd由此/d延/vg展出/v对于/p其它/rz任何/rz形式/n的/ude1偶像/n加以/vx拒/vg斥/vg。/wj
后/f半/m部分/n论述/v以/p以色列/nsf为/p代表/n的/ude1相信/v上帝/n的/ude1人/n应该/v如何/ryv对待/v父母/n、/wn他人/rr，/wd以及/cc相关/vn的/ude1社会/n群体/n行为/n规范/v，/wd是/vshi人/n与/cc上帝/n关系/n在/p社会/n层面/n人际关系/n中/f的/ude1延伸/vn。/wj
新约/n圣经/n以/p四/m本/q福音书/n为先/v，/wd耶稣/nrf最初/d宣讲/v的/ude1核心/n信息/n是/vshi“/wyz天/n国/n近/a了/y，/wd你们/rr应当/v悔改/v”/wyy，/wd接/v下来/vf才/d是/vshi伦理/n道德/n教训/n。/wj
使徒/n们/k宣讲/v的/ude1核心/n是/vshi基督/n本人/rr，/wd他/rr的/ude1受/v死/v、/wn埋葬/v、/wn复活/vi及/cc其/rz意义/n成为/v信仰/n的/ude1核心/n要素/n。/wj
初期/f耶路撒冷/nsf教会/n主要/d以/p彼得/nrf的/ude1宣讲/vn为/v信仰/vn基础/n，/wd其/rz宣讲/v建立/v在/p耶稣/nrf基督/n这/rzv一/m盘/qv石/ng上/f，/wd最初/b的/ude1基督徒/n领受/v的/ude1是/vshi关于/p基督/nz的/ude1教义/n性/ng宣告/v。/wj
随后/d把/pba基督教/nz信仰/n远/ad播/v并/cc讲述/v得/ude3最为/d全面/ad最为/d透彻/a的/ude1当/p推/v保罗/nrf，/wd他/rr书信/n的/ude1不少/m部分/m是/vshi新约/n最/d早/a的/ude1作品/n，/wd有/vyou多/m处/q信仰/n的/ude1纲要/n性/ng表述/v，/wd如/v《/wkz罗马/nsf书/n》/wky1/a章/n3-4/m节/q和/cc10/n章/n9/vyou节/n等/udeng。/wj
《/wkz哥林多/nrf前/f书/n》/wky15/m章/q3/n节/n往/p下/f一/m段内容/n是/vshi保罗/nrf讲述/v他/rr在/p哥林多/nrf所/usuo宣讲/v的/ude1要道/n，/wd堪/vg为/v最/d完整/a的/ude1早期/f信仰/v表述/v之一/rz，/wd“/wyz我/rr当日/t所/usuo领受/v又/d传/v给/p你们/rr的/ude1，/wd第一/m，/wd就是/v基督/nz照/v圣经/n所/usuo说/v，/wd为/p我们/rr的/ude1罪/n死/v了/y，/wd而且/c埋葬/v了/y，/wd又/d照/v圣经/n所/usuo说/v，/wd第三/m天/qt从/p死/v里/f复活/vi了/y，/wd并且/c…/ws”/wyy。/wj