人生/n行为/n要/v做到/v至善/nr2南怀瑾/nr大师/n说/v，/wd做/v善事/n是/vshi应该/v的/ude1，/wd应/v做到/v做/v善事/n不/d留名/vi，/wd这/rzv就是/v"/x为/v善/dg无/v近/a名/q"/x。/wj"/x
为/p恶/ad无/v近/a刑/n"/x意思/n是/vshi没有/d绝对/a的/ude1完/vi人/n，/wd每/rz一个/mq人/n总/d有/vyou不对/a的/ude1地方/n，/wd但是/c这些/rz坏事/n不/d要/v达到/v犯法/vi的/ude1边缘/n，/wd不/d要/v达到/v受/v打击/v痛苦/an失败/vi到/v极点/n的/ude1边缘/n。/wj
南怀瑾/nr大师/n强调/v人/n在/p善恶/n之间/f，/wd在/p人生/n的/ude1行为/n上/f，/wd绝对/d要/v走/v至/p善/ag的/ude1路子/n。/wj
南怀瑾/nr在/p讲座/n中/f说道/v：/wm要/v自己/rr真/d有/vyou心/n帮助/v人/n，/wd而/cc不/d挟带/v任何/rz别的/rzv思想/n。/wj
像/p黄/nr1医师/n经常/d为/v病人/n开刀/vi而/cc顾/v不/d上/vf吃饭/vi，/wd有时/d打电话/vi来/vf请/v个/q假/a，/wd说/v不/d能/v到/v我/rr这儿/rzs上课/vi了/y，/wd这/rzv是/vshi对/p的/ude1。/wj
吃饭/vi、/wn上课/vi只/d是/vshi个人/n的/ude1享受/vn，/wd为了/p病人/n的/ude1生命/n，/wd这些/rz都/d可以/v牺牲/v，/wd这/rzv就是/v"/x一切/rz施/v与/p"/x的/ude1道理/n。/wj
什么/ry是/vshi真正/b的/ude1至/p善/ag？/ww
佛祖/n讲/v得/ude3很/d清楚/a，/wd一/m是/vshi出于/v至/p诚/a之/uzhi心/n；/wf二/m是/vshi不/d求/v回报/v；/wf三/m是/vshi不/d贬低/v人家/n。/wj
下面/f我们/rr不妨/v一一/m剖析/v：/wm第一/m，/wd依/v从/p一/m念/v之/uzhi善/ng，/wd是/vshi真/d行善/vi。/wj
在/p佛/n的/ude1三/m大/a布施/vn原则/n中/f，/wd最/d重要/a的/ude1当然/d是/vshi至/p诚/a之/uzhi心/n。/wj
你/rr不/d是/vshi因为/p他/rr有/vyou权/n有/vyou势/ng，/wd不/d是/vshi因为/p他/rr长/v得/ude3漂亮/a，/wd不/d是/vshi因为/p他/rr将/d来/vf可能/v有/vyou出息/n，/wd不/d是/vshi因为/p想/v炫耀/v自己/rr，/wd总之/c没有/v任何/rz私心杂念/nl，/wd完全/ad是/vshi因为/p一/m念/v之/uzhi善/ng，/wd这样/rzv的/ude1施予才/nr是/vshi真正/b的/ude1慈善/a，/wd无论/c你/rr的/ude1施/v予/vg多么/d微不足道/vl，/wd都/d是/vshi该/v得/ude3善/ag报/n的/ude1。/wj
南/b大师/n曾/d讲/v过/uguo一个/mq施/v善/dg得/v报/n的/ude1故事/n：/wm有/vyou一/m次/qv，/wd佛/n托/v着/uzhe钵/ng出来/vf化缘/vi，/wd遇到/v两/m个/q小孩/n在/p路上/s玩/v沙子/n。/wj
他们/rr看见/v佛/n，/wd就/d站/vi起来/vf非常/d恭敬/a地/ude2行礼/vi，/wd其中/rz一/m个/q孩子/n抓起/v一/m把/pba沙子/n放在/v佛/n的/ude1钵盂/n里/f，/wd说/v：/wm"/x我/rr用/p这个/rz供养/v你/rr！/wt"/x
佛/n说/v：/wm"/x善/ng哉/y！/wt
善哉/nr2！/wt"/x
另外/rz一/m个/q孩子/n也/d抓起/v一/m把/pba沙子/n供/vi在/p佛/n的/ude1钵盂/n里/f。/wj
佛/n就/d预言/v，/wd百年/m后/f，/wd一个/mq是/vshi英明/a的/ude1帝王/n，/wd一个/mq是/vshi贤明/n的/ude1宰相/n。/wj
百年/m后/f，/wd一/m个/q孩子/n当/v了/ule国王/n，/wd就/d是/vshi历史/n上/f有名/a的/ude1阿育王/nr；/wf另/rz一个/mq就/d是/vshi他/rr的/ude1宰相/n。/wj
在/p典籍/n中/f，/wd关于/p阿育王/nr的/ude1史实/n与/cc传说/n很多/m：/wm比如/v，/wd他/rr曾经/d打败/v东/f征/v的/ude1亚历山大/nrf；/wf他/rr建/v的/ude1一/m座/q寺/ng曾经/d飞/vi到/v中国/ns来/f，/wd就/d是/vshi浙江/ns宁波/ns的/ude1阿/b育/vg王/n寺/ng。/wj
阿育王/nr的/ude1一/m把/pba沙子/n就/d得到/v了/ule这么/rz大/a的/ude1回报/vn，/wd很多/m人/n向/p寺庙/n里/f捐/v金/ng捐/v银/ng，/wd什么/ry好处/n也/d没/d见到/v。/wj
这/rzv是/vshi什么/ry原因/n呢/y？/ww
因为/c捐/v金/ng捐/v银/ng者/rz动机/n不/d纯/a，/wd或者/c是/vshi为了/p炫耀/v自己/rr的/ude1好/a心/n，/wd或者/c是/vshi出于/v对/p未来/t的/ude1渴求/vn，/wd或者/c是/vshi出于/v对/p过去/t所/usuo行/vi恶/a事/n的/ude1恐惧/an，/wd总之/c都/d无/v诚意/n。/wj
阿育王/nr和/cc他/rr的/ude1伙伴/n却/d仅仅/d是/vshi出于/v一/m念/v之/uzhi善/ng，/wd没有/v任何/rz私/ag杂念/n。/wj
另外/c，/wd在/p我们/rr看来/v，/wd一/m把/pba沙子/n根本/d不/d是/vshi可/v捐/v之/uzhi物/ng。/wj
但/c对/p两/m个/q玩/v沙子/n的/ude1孩子/n而言/uls，/wd沙子/n是/vshi他们/rr的/ude1玩具/n，/wd是/vshi他们/rr喜欢/vi的/ude1东西/n。/wj
所以/c，/wd他们/rr的/ude1善/dg念/v的/ude1价值/n并/cc不/d比/p别人/rr送/v出/vf财物/n低/a。/wj
第二/m，/wd行善/vi不/d能/v求/v回报/vn，/wd否则/c不/d是/vshi真/d行善/vi。/wj
有的/rz人/n天天/d抱怨/v：/wm我/rr好/a人/n没/d少/ad做/v，/wd坏事/n没/d多/ad干/v，/wd为/v什么/ry好事/n轮/qv不/d到/v我/rr头/n上/f？/ww
真是/d"/x好人/n没/d好/a报/n"/x啊/y！/wt
这种/r人/n居然/d自称/v好人/n，/wd真是/d滑稽/a！/wt
与其说/c他/rr是/vshi好人/n，/wd不如说/c他/rr是/vshi商人/n--/d他/rr做/v好/a事/n都/d是/vshi为了/p换取/v好/a报/n，/wd跟/p商人/n卖/v东西/n赚/v钱/n又/d有/vyou什么/ry差别/n？/ww
而且/c他/rr追求/v的/ude1是/vshi暴利/n，/wd想/v用/p微小/a代价/n换取/v巨额/b回报/vn，/wd认真/ad算/v起来/vf还/d只能/v归入/v奸商/n一/m列/q。/wj
真/d行善/vi者/k是/vshi出于/v帮助/v他人/rr的/ude1善/dg念/v，/wd并/cc无/v要求/v回报/v之/uzhi心/n。/wj
我们/rr不妨/d看/v一个/mq故事/n：/wm一个/mq贫穷/a的/ude1少年/n为了/p攒/v学费/n，/wd挨家挨户/dl地/ude2推销/v商品/n。/wj
有/vyou一/m天/qt，/wd他/rr跑/v了/ule很多/m地方/n，/wd什么/ry东西/n也/d没有/d卖/v出去/vf。/wj
他/rr感到/v又/d累/v又/d饿/v。/wj
他/rr想/v买/v东西/n吃/v，/wd但/c摸/v遍/qv全身/n，/wd只有/c一/m角/q钱/n。/wj
怎么办/ryv呢/y？/ww
他/rr决定/v向/p人家/rr讨/v口/q饭/n吃/v。/wj
他/rr敲/v开/v一/m户/q人家/n的/ude1门/n，/wd开门/vi的/ude1是/vshi一/m位/q美丽/a的/ude1少女/n。/wj
少年/n正/d处于/v青春期/t，/wd他/rr怎么/ryv好意思/vi向/p美女/n讨/v东西/n吃/v呢/y？/ww
于是/cc，/wd他/rr只是/d小声/v地/ude2请求/v对方/n给/p一/m口/q水/n喝/vg。/wj
少女/n看/v出/vf他/rr很/d饥饿/n，/wd就/d拿/v了/ule一/m大/a杯/ng牛奶/n给/p他/rr。/wj
男孩/n慢慢/d地/ude2喝/vg完/vi牛奶/n，/wd问道/vi：/wm"/x我/rr应该/v付/v多少/ry钱/n？/ww"/x"/x
一分/m钱/n也/d不用/d付/v。/wj"/x
少女/n回答/v，/wd"/x妈妈/n教导/v我们/rr，/wd施/v以/p爱心/n，/wd不/d图/v回报/vn。/wj"/x
男孩/n说/v：/wm"/x那/rzv就/d请/v你/rr接受/v我/rr衷心/b的/ude1感谢/vn吧/y！/wt"/x
然后/c，/wd男孩/n离开/v了/y。/wj
多/m年/qt后/f，/wd那位/r好心/n少女/n已经/d成为/v一个/mq美丽/a少女/n，/wd她/rr不幸/ad得了/vi一/m种/q罕见/a的/ude1病/n，/wd当地/s的/ude1医生/n束手无策/vl，/wd她/rr被/pbei转/v到/v大/a城市/n医治/v，/wd由/p专家/n会诊/vi。/wj
经过/p艰辛/a的/ude1努力/an，/wd手术/n成功/a了/y。/wj
当/p医药费/n通知单/n送/v到/v这/rzv位/q特殊/a的/ude1病人/n的/ude1手中/s时/ng，/wd她/rr吓/v得/ude3不/d敢/v看/v。/wj
因为/p她/rr确信/v，/wd那/rzv一定/d是/vshi个/q天文数字/nl，/wd足够/v让/v她/rr花/v去/vf全部/m家产/n。/wj
最后/f。/wj
她/rr还是/d鼓/v起/vf勇气/n，/wd翻开/v了/ule医药费/n通知单/n，/wd旁边/f的/ude1那/rzv行/q小字/n引起/v了/ule她/rr的/ude1注意/vn，/wd她/rr不/d禁/v轻声/vd读/v了/ule出来/vf：/wm"/x医药费/n：/wm一/m大/a杯/ng牛奶/n。/wj
霍华德/nrf?/ww
凯利/nrf医生/n"/x。/wj
原来/b，/wd在/p参与/v会诊/vi的/ude1专家/n中/f，/wd有/vyou个/q名叫/v霍华德/nrf?/ww
凯利/nrf的/ude1著/n名/q医生/n，/wd他/rr就是/v当年/t那个/rz接受/v过/uguo一/m杯/q牛奶/n的/ude1男孩/n。/wj
凯利/nrf医生/n认出/v了/ule床/n上/f躺/v着/uzhe的/ude1病人/n是/vshi谁/ry，/wd因为/c这么/rz多/m年/qt来/f，/wd他/rr从来/d没有/d忘记/v过/uguo那/rzv杯/q牛奶/n和/cc那个/rz少女/n温和/a的/ude1笑脸/n。/wj
一/m杯/q牛奶/n的/ude1价值/n跟/p一/m大/a笔/q医药费/n是/vshi无法/v相提并论/vl的/ude1，/wd但/c它们/rr附着/v的/ude1善心/n是/vshi相同/a的/ude1。/wj