佛/n，/wd梵/ng语/ng佛陀/n耶/y，/wd译/v华/ag言/vg名/ng觉/v者/k，/wd含有/v自觉/a、/wn觉/v他/rr，/wd觉/v行/ng圆满/a的/ude1意思/n。/wj
自觉/a，/wd拣/v非凡/z夫/ng的/ude1不/d觉/v；/wf觉/v他/rr，/wd拣/v非/b二/m乘/v圣人/n的/ude1自觉/a；/wf觉/v行/ng圆满/a，/wd拣/v非/b菩萨/n修/v因/c，/wd觉/v行/ng未/d圆满/a。/wj
诸/rz佛/n因/p中/f修行/vi时/ng，/wd能/v运用/v般/uyy若/v的/ude1智慧/n——/wp始/vg觉/ng智/ng，/wd照见/v宇宙/n人生/n的/ude1原理/n——/wp本/rz觉/ng理/v，/wd自觉/ad觉/v他/rr的/ude1功德/n妙/ad行/vi，/wd都/d达到/v究竟/d圆满/a的/ude1觉悟/n境界/n，/wd所谓/v：/wm‘/wyz三/m觉/ng圆/vg明/tg，/wd万/m德/n具/vg足/ng，/wd’/wyy彻底/ad明白/v人生/n的/ude1意义/n，/wd回复/v本来/d具/vg足/a的/ude1真/d如/v自/p性/ng，/wd成为/v宇宙/n的/ude1大/a觉/ng，/wd即/v被/pbei称为/v佛陀/n——/wp觉/v者/k。/wj
所以/c佛/n字/n，/wd又/d含有/v始/vg觉/ng，/wd本/rz觉/ng，/wd究竟/d觉/v的/ude1意义/n。/wj
自从/p佛/n觉悟/n宇宙/n原理/n，/wd亲/v证/n诸/rz法/b本体/n之后/f，/wd即/v本/rz其/rz先/ng知觉/n后/f知/v，/wd先/d觉/v觉/ng后/f的/ude1精神/n，/wd来/vf入/v人间/n，/wd将/p自己/rr所/usuo发现/v的/ude1真理/n，/wd以及/cc发现/v真理/n的/ude1方法/n，/wd教导/v世人/n，/wd令/v见/v佛/n闻/v法/b的/ude1人/n，/wd化/v愚/v成智/nr2，/wd转/v迷/ng为/v悟/vg，/wd转/v凡/d成/v圣/ng，/wd最后/f觉悟/n成/v佛/n，/wd究竟/d离/v苦/a得/ude3乐/a，/wd给予/vx众/ag生/v无穷无尽/vl的/ude1利益/n，/wd因此/c名/q为/p佛/n宝/n。/wj
法/n，/wd梵/ng语/ng达/v摩/b耶/y，/wd译/v华/ag言/vg名/ng为/p法/n，/wd含有/v自/p性/ng与/p轨/ng持/v的/ude1意思/n。/wj
即/d是/vshi说/v；/wf宇宙/n间/f所有/b一切/rz现象/n，/wd无论是/c有/vyou情/n无情/a，/wd有形/b无形/b，/wd是/vshi精神/n，/wd是/vshi物质/n，/wd皆/d各/rz有/vyou其/rz独特/a的/ude1自/p性/ng，/wd是/vshi有/vyou一定/b的/ude1运作/vn与/cc表达/v，/wd令/v人/n看/v了/ule有/vyou一定/b的/ude1认识/n和/cc理解/vn。/wj
例如/v：/wm我们/rr看见/v地/n的/ude1坚/a性/ng，/wd就/d知道/v是/vshi地/n；/wf看见/v水/n的/ude1湿/a性/ng，/wd就/d知道/v是/vshi水/n；/wf看见/v火/n的/ude1暖/a性/ng，/wd就/d知道/v是/vshi火/n；/wf看见/v风/n的/ude1动性/n，/wd就/d知道/v是/vshi风/n等/udeng，/wd所以/c凡/d能/v含/v持/v自/p性/ng，/wd轨/ng生/v他/rr解/v的/ude1事物/n就/d是/vshi法/n，/wd但/c这/rzv只/d是/vshi就/p宇宙/n的/ude1现象/n界/n而言/uls。/wj
至于/p事物/n的/ude1本体/n，/wd究竟/d是/vshi甚么/r呢/y？/ww
自古以来/dl，/wd所有/b人类/n都/d不/d知道/v，/wd教育家/n不/d知道/v，/wd哲学家/n也/d不/d知道/v，/wd连/ulian极端/n进步/vn，/wd极端/d聪明/a的/ude1科学家/n，/wd也/d无法/v了解/v，/wd唯有/v佛陀/n一/m人/n，/wd不但/c知道/v，/wd而且/c亲/v证/n。/wj
因为/p佛/n能够/v运用/v高深/an而/cc超人/n的/ude1般/uyy若/v智慧/n，/wd既/c理解/v宇宙/n原理/n，/wd又/d亲/a证/n诸/rz法/b本体/n，/wd之后/f，/wd即/d将/p其/rz所/usuo发现/v的/ude1真理/n，/wd及其/cc亲/a证/n诸/rz法/b本体/n的/ude1经验/n与/cc方法/n，/wd教导/v弟子/n们/k，/wd并/cc鼓励/v劝勉/vn弟子/n们/k，/wd努力/ad修/v学/v，/wd积极/ad进取/vi，/wd谋求/v拾/m回/qv遗失/v已/d久/a的/ude1佛/n性/ng，/wd亲自/d体/ng证/n诸/rz法/n的/ude1本体/n。/wj
所以/c法/n，/wd在/p佛教/nz言/ng，/wd有/vyou证/n法/n，/wd教/v法/b、/wn与/p修/v法/n。/wj
众生/nr2依佛/nrf的/ude1教法/n，/wd精/ad勤/ad修/v学/v，/wd如/v法/n受/v持/v，/wd终/d有/vyou一/m天/qt，/wd可以/v亲/a证/n佛/n所/usuo证/vg、/wn所/usuo说/v的/ude1真理/n，/wd和/cc佛/n一样/uyy，/wd成为/v宇宙/n的/ude1大/a觉/ng，/wd究竟/d离/v苦/a得/ude3乐/a，/wd因此/c名/q为/p法宝/n。/wj
僧/ng，/wd梵/ng语/ng僧/ng伽/ng耶/y，/wd译/v华/ag言/vg名/ng和/cc合/v众/ag。/wj
是/vshi指/v出/vf家/n学/v佛的比丘/nrf与/p比丘尼/n的/ude1团体/n而言/uls。/wj
因为/p出/vf家人/n在/p同一/b信仰/vn，/wd共/d一/m目标/n的/ude1团体/n中/f，/wd过/vf著/uzhe身/ng和/cc共/d住/vi，/wd口/n和/cc无/v诤/vg，/wd见/v和/cc同/p解/v，/wd意/ng和/cc共/d悦/ag，/wd戒/v和/cc共/d修/v，/wd利/n和/cc同/p均/ag的/ude1清净/a生活/vn，/wd三/m业/ng清净/a，/wd思想/n一致/an，/wd享受/v平等/a；/wf最后/f，/wd还/d可以/v共/vg证/n寂/ag灭/v理/n，/wd所以/c名/q和/cc合/v众/ag。/wj
可以/v说/v：/wm僧/n就是/d出家/vi修行/vi，/wd住持/n佛法/n，/wd团结/v一致/a的/ude1集团/n，/wd他/rr她们/rr能够/v弘扬/v佛法/n，/wd续/v佛/n慧/ag命/n，/wd作为/p我们/rr的/ude1导师/n，/wd人间/n的/ude1福田/nz，/wd有益/a社会/n，/wd有利/a群众/n，/wd因此/c被/pbei称/v僧宝/nr。/wj
皈依/v是/vshi甚/dg么/y？/ww
皈/x是/vshi皈/x向/p、/wn皈/x宿/ng，/wd依/v是/vshi依靠/v、/wn依托/v，/wd依赖/v。/wj
如/v游子/n归/v家/q，/wd依靠/v父母/n；/wf亦/d如/v浪子/n回头/vi，/wd找寻/v归宿/n；/wf亦/d如/v学生/n依托/v老师/n，/wd弟子/n依赖/v师傅/n一样/uyy。/wj
我们/rr寄生/vi在业/v海/n茫茫/z的/ude1五/m浊/ag五/m世/ng中/f，/wd如果/c没有/d可靠/a的/ude1信仰/vn对象/n，/wd作为/p我们/rr精神/n的/ude1寄托/vn与/cc归宿/n，/wd没有/v良师益友/nl给/p我们/rr依托/v和/cc信赖/vn，/wd难免/vd依/v世/ng起/vf倒/vi，/wd随俗/v浮沉/vi，/wd或/c被/pbei烦恼/an的/ude1波浪/n冲击/vn，/wd漂流/v生死/n苦海/n，/wd无法/v靠近/v觉/ng岸/ng，/wd摆脱/v六/m道/qv轮回/vi的/ude1苦恼/an。/wj
现在/t，/wd皈依/v三宝/n，/wd等/udeng如/v已经/d找寻/v到/v归宿/n，/wd前途/n有所/v依赖/v。/wj
印光/nr2大师/n说/v：/wm‘/wyz归/v者/k归/v投/v，/wd依/v者/k依托/v；/wf如/v人/n堕/v海/n，/wd忽/d有/vyou船/n来/f，/wd即便/c趋向/v，/wd是/vshi归/v投/v义/ng；/wf上/f船/n安/ag坐/v，/wd是/vshi依托/v义/ng。/wj
三宝/nr为/p船/n，/wd众/ag生/v归依/vn，/wd即/d登/v彼岸/n。/wj’/wyy
因为/p三/m宝/n，/wd是/vshi黑夜/n的/ude1灯塔/n，/wd苦海/n的/ude1慈航/nr，/wd我们/rr皈依/v三宝/n，/wd等/udeng如/v在/p无/v明/ag黑夜/n中/f，/wd获得/v真理/n之/uzhi光/n的/ude1照耀/vn，/wd亦/d如/v在/p烦恼/an波涛/n汹涌/a的/ude1生死/n苦海/n中/f，/wd忽/d遇/v三宝/n的/ude1慈航/nr，/wd若/c能/v归/v投/v慈/ag航/ng，/wd归/v向/p三/m宝/n，/wd依托/v三宝/n作为/p我们/rr生命/n的/ude1导航/vn，/wd一定/d可以/v渡过/v苦海/n，/wd登陆/vi觉/v岸/n。/wj
又/d皈/x字/n从/p白/a从/p反/vi，/wd白/a的/ude1反面/n就/d是/vshi黑/a，/wd黑/a的/ude1反面/n就/d是/vshi白/a，/wd正是/v代表/n人生/n的/ude1两/m面/q；/wf白/d表示/v智慧/n的/ude1光明/n，/wd黑/a表示/v愚/an痴/a的/ude1黑暗/an。/wj
众/ag生/v久远/z劫/v来/vf，/wd长期/d被/pbei无/v明/ag烦恼/a的/ude1黑暗/an，/wd障/ng蔽/vg自/p性/ng的/ude1智慧/n光明/n，/wd以致/c颠倒/v行事/vi，/wd随/v业/k流转/v，/wd轮/qv迥/ag六/m道/qv生死/n，/wd从/p迷/v积/v迷/ng，/wd无法/v走/v出/vf黑暗/a，/wd奔/v向/p光明/n。/wj
现在/t，/wd由于/c住持/n三宝/n的/ude1教导/vn与/cc接/v引/v，/wd用/p清净/a的/ude1身心/n皈依/v三宝/n；/wf皈依/v佛/n，/wd依靠/v佛/n宝/n的/ude1觉悟/n，/wd启发/v自/p性/ng的/ude1觉悟/n，/wd从/p颠倒/v迷惑/an中/f回头/vi，/wd提高/v理智/n，/wd发/v菩/x提/v心/n，/wd趣/ng向/p佛/n道/qv；/wf皈依/v法/n，/wd依靠/v佛/n的/ude1法宝/n，/wd启发/v自/p性/ng的/ude1正智/nr2，/wd从/p邪/ag知/v邪/ag见/v中/f回头/vi，/wd提起/v正/d念/v，/wd了解/v真理/n，/wd增长/v智慧/n；/wf皈依/v僧/ng，/wd依靠/v僧宝/nr的/ude1清净/a，/wd启发/v自/p性/ng的/ude1清净/a，/wd从/p五/m浊/ag恶/ag世/ng的/ude1物欲/n洪流/n中/f回头/vi，/wd步/v著/uzhe诸/rz佛/n菩萨/n的/ude1后尘/n，/wd踏/v著/uzhe一切/rz贤/ng圣/ag僧/ng的/ude1足迹/n，/wd走/v上/f菩/x提/v觉/v道/qv，/wd奔/v投/v宝/n所/q，/wd回归/v真理/n之/uzhi邦/ng，/wd以/p佛教/nz的/ude1真理/n，/wd作为/p自己/rr生命/n的/ude1归宿/n。/wj