在 他 看来  人 如果 没有 情感 和 欲望  就 不 是 活生生 的 人  但 人 的 欲望 必须 受 理性 制约  否则 会 造成 人生 悲剧  甚至 社会 灾难 
克劳狄斯 为了 满足 自己 的 欲望  杀 兄 娶 嫂  在 哈姆雷特 知道 真相 后  千方百计 要 置 他 于 死地  让 他 成为 人们 唾弃 的 对象 
哈姆雷特 遭遇 的 突然 变故 和 社会 罪恶  都 是 人性 败坏 的 结果 
他 在 基督教 思想 的 指导 下  力图 匡正 时弊  拯救 人 的 心灵  虽然 他 未 能 完成 这 一 使命  却 为 此 做出 了 努力 
他 的 死  一方面 说明 人文主义 思想 与 基督教 文化 的 激烈 冲撞  另一方面 也 表现 了 他 顽强 的 抗争 精神  以及 人类 趋向 完善 的 不懈努力 和 自我 拯救 的 信心 
表面 看 是 善 的 毁灭  实质 是 恶 的 灭亡 
三 莎士比亚 的 戏剧 在 表现 人性 善良 的 同时 揭示 人性 的 丑恶  在 肯定 世俗 生活 的 时候 高扬 基督教 信仰 和 伦理  多 方面 表现 社会 生活 
 伊丽莎白 时代 的 戏剧 显然 是 世俗 戏剧  无论 在 何种 意义 上 它 都 不 能 称为 神圣 戏剧 
但 世俗 戏剧 并 不 一定 都 是 反 宗教 的  它 仍然 可以 阐发 宗教 思想  表达 宗教 态度 和 宗教 情感 
 ⑨ 在 伊丽莎白 时代  人文主义 思想 和 宗教 氛围 都 很 浓厚  莎士比亚 强调 戏剧 要 反映 时代 和 生活  必然 对 二者 加以 表现 
莎士比亚 的 作品 在 反映 人文主义 时 有 过分 强调 世俗 欲望  否定 基督教 精神 的 倾向  有 造成 道德 危机  文化 心理 失衡 的 危险 
要 重塑 人 的 美好 心灵  消除 社会 罪恶  只有 在 世俗 生活 与 宗教 信仰 之间 找到 结合点  进而 建构 新 的 生活 理想 和 价值 观念 
哈姆雷特 接受 人文主义 教育  具有 深厚 的 人文 素养  他 追求 理性 和 高尚 人格  他 的 优秀 品质 具有 文艺复兴 时期 的 特点 
文艺复兴 时期 在 个性 解放 的 推动 下  人 的 地位 不断 提高  主体 意识 和 创造性 被 激发  更加 注重 追求 情感 和 欲望 的 满足 
在 追求 的 过程 中  由于 缺乏 基督教 伦理 的 规范  往往 容易 放纵 肉欲  或 受 野心 与 暴戾 的 驱使 而 走 引 向 罪恶 的 深渊 
如何 在 满足 情欲 的 同时 避免 放荡 行为  在 追逐 权力 和 财富 的 时候 避免 野心 和 贪婪 的 诱惑  这些 矛盾 的 解决  只能 依靠 基督教 的 道德 原则 
这 一时 期  人们 对 一些 教士 的 腐化 堕落 进行 了 揭露 和 批判  其 思想 中 仍 保留 着 中世纪 神学 的 许多 内容 
这 一时 期 的 宗教 改革 强调  因 信 称 义  和  预定 论  思想  使 上帝 信仰 得以 延续 
哈姆雷特 在 家庭 遭遇 变故 后  用 怀疑 的 眼光 看待 世界  发现 世界 被 颠倒  理性 被 泯灭  人性 堕落 造成 了 世界 疯狂 
他 要 在 理性 与 信仰 之间 找到 契合 点  从而 构建 新型 的 伦理 规范 
哈姆雷特 面对 重大 的 人生 变故 和 丑陋 的 现实  感叹 人生 凄凉 和 理想 渺茫  认识 到 人生 无常 
身为 王子  肩负 着 拯救 人类 的 重任  他 要 依靠 基督教 伦理 拯救 人 的 心灵  通过 救人 而 达到 救 世 
 基督教  现世 的 污浊 归 根 于 人性 的 堕落  把 改造 这种 现实 的 变革 之 路 内在 化  道德化  试图 以 救 人 来 救 世  以 救人 的 心灵 来 救 人  把 社会 变革 内 化为 个人 人格 的 自我 完善 和 个人 人生 价值 的 自我 实现 
在 这 一点 上  莎士比亚 深受 基督教 的 影响 
纵观 莎 剧 创作  不难 看出 其 思想 核心 是 仁慈  宽恕 和 博爱 
他 坚信  不难 看出 其 思想 核心 是 仁慈  宽恕 和 博爱 
他 坚信  发扬 这种 精神 就 能 消除 人性 恶  摆脱 偏见 与 纷争  唤起 人 心向善  从而 迎来 一个 人类 普遍 和谐 共处 的 繁荣 幸福 的 理想 世界 
 ⑩ 这 是 宗教 救 世 思想 的 集中 体现 
按照 基督教 教义  无论 母亲 做 了 什么 错事  对 上帝 犯下 什么 罪行  只能 由 上帝 处理  儿子 无权 指责 
哈姆雷特 却 一再 斥责 母亲  认为 她 的 理智 被 情欲 淹没  淫 邪 迷 了 心窍 
他 的 指责 直 刺 母亲 心灵  造成 其 内心 分裂  也 唤醒 了 她 善良 的 人性 
他 杀死 波洛涅斯 时  母亲 在 克劳狄斯 面前 为 其 辩护  在 生命 最后 一刻  他 揭露 克劳狄斯 准备 的 是 毒酒  让 她 认清 了 克劳狄斯 的 本来面目 
他 对 母亲 心灵 的 拯救  虽然 对于 报 父 仇 和 重整 乾坤 未能 起 到 决定性 作用  但 它 是 用 基督教 道德 救 赎 人性 的 胜利 
克劳狄斯 是 社会 邪恶 的 代表  为了 满足 自己 的 野心 不择手段 
他 用 药水 毒死 老 国王  窃取 王位  娶 王后 为 妻  犯 下 乱 伦 罪 
哈姆雷特 杀死 波洛涅斯  他 借 刀 杀人  要 英 王 处死 他  在 计谋 未 得逞 后  又 利用 雷 欧 提 斯 急于 报 父 仇 的 心理  让 他 与 哈姆雷特 比 剑  从而 把 他 置于 死地 
在 他 为 哈姆雷特 准备 的 毒酒 被 王后 误 饮 后  还 试图 狡辩  说 王后 是 看见 流血 而 晕倒 
最后  毒 剑  毒酒 都 落 到 他 头 上  得到 害人 终 害 己 的 结局 
这个 十 恶 不 赦 的 恶棍  也 曾 意识 到 自己 罪孽深重  他 说   我 的 罪恶 的 戾 气 已经 上 达 于 天  我 的 灵魂 上 负 着 一个 元 始 以来 最初 的 咒 诅  杀害 兄弟 的 暴行 


救救 我  天使 们 
试 一 试 吧  屈 下来  顽强 的 膝盖  钢丝 一样 的 心弦  变 得 像 新生 之 婴 的 筋肉 一样 柔嫩 吧 
但愿 一切 转祸为福 
 11 他 一方面 不 愿 放弃 王冠  野心 和 王后  另一方面 又 想 通过 忏悔 使 灵魂 得到 拯救 
他 深知 自己 的 罪行 和 上帝 的 公义  仁慈  经过 激烈 的 心灵 挣扎  向 上帝 祈祷  想 让 罪行 得以 赦免  但 他 并 没有 悔改  不 会 得到 上帝 的 祝福  只 能 落 得 被 人 唾骂 的 下场 
