中国 茶 的 人文 内涵 探讨 中国 是 茶 的 发源地  是 世界 上 最 早 采茶  制 茶 和 饮茶 的 国家 
现在  茶 已经 成为 中华民族 的 举 国 之 饮  中国 茶文化 具有 独特 的 魅力 
茶 有 自然 属性 和 社会 属性  从 自然 方面 来 看  它 首先 是 一 种 植物  陆 羽 《 茶 经 》 说   茶 者  南方 之 嘉木 也 
一 尺  二 尺 乃至 数十 尺 
 郭璞 《 尔 雅 注 》 云   树 小 似 栀子  冬生 叶  可 煮 羹 饮 
今 呼 早 取 为 荼  晚 取 为 茗  或 一 曰 瞱  蜀 人名 之 苦 荼  
论 味道   茶 之 为 用  味 至 寒  
茶 的 社会 属性 是 在 它 被 人们 食用 的 过程 中 产生 的 
茶 具有 解渴 和 提神 的 作用  甚至 还 具有 中药 之 效   若 热 渴  凝 闷  脑 疼  目 涩  四肢 烦  百 节 不 舒  聊 四五 啜  与 醍 醐  甘露 抗衡 也 
采 不 时  造 不 精  杂 以 卉 莽  饮 之 成 疾 
茶 为 累 也  亦 犹 人参  
[ 1 ] ( P2 ) 人们 最 早 饮用 茶 的 确凿 记载 是 在 西汉 时期  神 爵 三年 ( 公元前 59年 )  西 汉王 褒 在 《 僮 约 》 中 为 僮 仆 规定 的 日常 工作 中  有 两 项 与 茶 有关  即  烹茶 尽 具    武 都 买 荼  
[ 2 ] ( P359 ) 表明 茶 在 王 褒 家里 是 常 用 的 饮料 并且 有 专门 的 市场 
所以  至 迟 在 西汉 中期 的 局部 地区  茶 作为 消费品 进入 市场 已经 达到 了 成熟 的 状况  茶 作为 饮品 应当 更 早 
因此  中国 饮茶 的 历史  始 于 秦汉  流行 于 魏晋 南北朝  大 盛 于 唐宋  明清 以来 愈益 普及 
从 单纯 的 解渴 提神 到 茶 礼 的 出现  茶 的 文化 韵味 越来越 丰富 
而 茶 在 饮用 的 过程 中  逐渐 被 赋予 了 社会 属性  从而 具有 一定 的 人文 内涵 
茶 的 人文 内涵 是 在 中国 传统 文化 的 影响 下 形成 的  同时 也 成为 中国 传统 文化 的 一个 载体 
归结 起来  茶 的 人文 内涵 有 以下 几 个 方面 
一  礼 敬重 情 《 礼 记 
礼运 》 载   夫礼之 初  始 诸 饮食 
 中国 作为 礼仪之邦 正是 从 饮食 之 礼 开始 的  而 茶 是 饮食 之 礼 的 重要 组成部分 
茶 作为 人际 交往 的 重要 媒介  向 长辈  客人 献 茶 表示 礼 敬  饮茶 也 要 向 主人 表示 敬意 
茶道  茶艺 的 程序 更 是 处处 体现 了 礼仪 
孔子 曾经 说   古 之 为 政  爱人 为 大 
所以 治 爱 人  礼 为 大  所以 治 礼  敬 为 大 
 [ 3 ] ( P657 ) 礼 主 敬  茶 作为 礼 的 载体  体现 了 礼敬 和 重 情 的 一面 
向 长辈 敬 茶 是 一 种 礼仪 
南方 有 对 长辈 敬 茶 习俗  清晨 倒 一 杯 香 茶  双手 捧 着 
恭恭敬敬 地 献给 长辈 
如今 香港  广东 等 地 还 盛行 这种 礼节 
此 礼节 颇 有 人情 意义  有助于 倡导 尊敬 老人 的 社会 风气 
师父 也 属于 长辈  近现代 以来  献 茶 是 拜师 的 一个 礼节  如 云南 德昂 少数民族 有 迎 客 等 15 种 茶艺  其中 就 有 拜师 茶艺 
[ 4 ] 献 茶 的 礼节 要 显示 出 对 客人 的 尊敬  如 客人 坐定 后  主人 就 应 献 茶 ——— 用 双手 把 茶 端 到 客人 面前 
给 客人 添 茶 时  要 双手 进行 
俗话说  酒 七 茶 八  给 客人 斟茶 时 不 要 斟 得 太 满  否则 便 有 赶 客 之 嫌 
作为 客人  当 主人 敬茶 时  也 应 双手 接 过  并 口 称  谢谢   不论 口渴 与否  最 好 都 喝 上 一点  以 表示 对 主人 的 尊敬 和 谢意  然后 把 茶杯 放 在 靠近 自己 的 桌上 或 茶几 上 
 叩 指 礼  也 是 饮茶 者 对 主人 表示 敬意 的 方式  在 广州 及 港澳 地区  当 主人 添 茶 时  客人 按 习俗 用 手 指 在 桌上 轻轻 叩击  这 就是 所谓 叩 指 礼 
告辞 主人 前  最 好 把 茶杯 的 茶 喝 完  表示 赞赏 主人 的 茶 
茶 由于 在 人们 生活 中 的 重要 位 而 成为 一 种 礼品  常 用 来 表达 敬意  营造 和谐 的 人际关系 
古代 帝王 对 大臣  老人 赐茶 则 表示 礼遇 
三 国 时期  吴 王孙 皓 就 曾经 赐 茶 与 韦曜 解 酒   曜 素 饮酒 不过 二 升  初见 礼 异 时  常 为 裁减  或 密 赐 茶 以 当 酒  至于 宠 衰  更 见 逼 强  辄 以为 罪  
[ 5 ] ( P1642 ) 宋真宗 时期   父老 年 八十 者 赐 茶 帛  除 其 课 役  
[ 6 ] ( P162 ) 表示 敬老 之 意 
宋代 一 朝  赐 茶 的 记载 还有 很多  是 皇帝 和谐 上下 关系 的 一 种 常见 礼仪 
而 到 了 清朝  赐 茶 礼 已经 有 严格 的 礼 制 规定 和 繁琐 的 赐 茶 仪式  并 伴 有 音乐 
如  皇帝 筵宴  进 茶  赐 茶  《 丹 陛 清 乐 》 奏 《 海 宇 升平 日 》  
[ 7 ] ( P2754 ) 茶 在 这里 成为 礼 的 使者 和 化身 
二  俭 而 有 德 茶 作为 生活 饮品  很 常见 且 容易 得 到  普通 的 茶 价格 也 不 是 很 昂贵  因此 用 饮茶 来 代替 盛宴 成为 节俭 的 表现  是 一 种 可贵 的 美德 
桓温 为 扬州 牧   温性俭  每 宴 惟 下 七 奠 瞲 茶 果 而 已  
[ 8 ] ( P2576 ) 东晋 陆 纳 为 吴兴 太守 时  卫 将军 谢安前 去 拜访   安 既 至  纳 所 设 唯 茶 果 而 已  
