我 这里 想 着重 指出 斯诺 命题 中 包含 的 两 个 富有 积极 意义 的 问题 
第一  斯诺 命题 涉及 人文科学  社会科学 和 自然科学  广义 上 讲 是 所有 的 科学  其 存在 对象 的 整体 性 与 既定 学科 的 局部 性 的 矛盾 
不管 是 自然科学 还是 社会科学 或 人文 学科  它们 研究 的 对象 无非 就 是 自然  社会 和 人 本身 
在 现实 世界  自然  社会 和 人 本身 是 一个 整体 
古代 社会  人们 往往 把 自然 和 人 分离开 来  人 对 自然 盲目 地 崇拜  人 与 社会 也 分离开 来 
到 现代 社会  人们 越来越 强烈 地 感受 到  也 越来越 清楚 地 认识 到 自然  社会 和 人 本身 的 整体 性 
但 科学研究 中  无论 哪 一 门 科学  无论 哪 一个 学科  只是 对 这 一 整体 中 局部 现象 的 研究 
研究 自然界 及其 局部 格局 的  形成 了 自然科学 及其 各 具体 学科  研究 人 与 社会 的  形成 了 人文 学科 与 社会科学 及其 各 具体 学科 
无论 哪 门 科学 或 哪个 学科  都 只 是 对 整体 中 分离 出 的 局部 现象 进行 研究  并 由此 形成 一 系列 具体 科学 和 学科 
任何 学科 与 整体 相比 都 是 局部 的  也 都 存在 对象 的 整体 性 与 既定 学科 的 局部 性 的 矛盾 
任何 具体 学科 对 整体 的 理解 都 是 局部 的  所以 既定 的 单独 的 学科 想 解决 整体 性 的 一些 问题  就 可能 出现 像 盲人摸象 寓言 中 的 结果 
每 个 学科 都 只 掌握 和 理解 整体 的 一部分  单独 的 学科 不 可能 掌握 和 理解 整体 的 全 过程 和 全部 内容 
斯诺 命题 的 合理性  就 在于 把 这个 矛盾 揭示 出 来 了 
第二  关于 人文 社会科学 中 次 文化 现象 的 思考 
斯诺 命题 探讨 的 主要 是 自然科学 和 人文 社会科学 的 分裂  但是 实际上  人文 社会科学 中 次 文化 的 分裂  分离 化 的 倾向 也 是 十分 严重 的 
不仅如此  人文 学科 和 社会科学 分离 化 的 倾向  以及 对 人 自身 文化 的 研究 和 对 社会 现象 及 制度 的 研究 分离 化 的 倾向  已经 成为 我们 进行 多 学科 融合  跨 学科 研究 的 鸿沟 和 藩篱 
对 斯诺 命题 的 破 解  在 20 世纪 60年代 中期 就 有 过 诸多 尝试  主要 如 西方 一些 国家 中 对 科学  技术 和 社会 ( Science  Technology  Society  或 简写 为 STS ) 的 研究  也 就是 理科  工科 和 文科 结合 为 一体 的 研究  亦 即 自然科学  技术 科学 和 人文 社会科学 结合 为 一体 的 研究 
进入 新 世纪 以来  STS 的 研究 又 有 了 进一步 拓展  不只 是 技术 和 科学 相 结合 的 研究  人 和 社会 相 结合 的 研究  而是 把 四 者 结合 在 一起 的 综合性 研究 
任何 涉及 当代 社会 发展 的 重大 问题  都 要 从 科学 和 技术  人 和 社会 的 密切 结合 中 进行 探索  也 就是 从 自然界  人 和 社会 发展 整体 性 上 加以 研究 
纵览 经济 全球化 背景 下 的 现代 社会  当 我们 把 经济 建设  政治 建设  文化 建设  社会 建设 和 生态 文明 建设 等 融为一体 时  中国 现代化 建设 的 重大 问题  人类 社会 共同 面临 的 重大 问  才 可能 有 较为 全面 的 更 具 整体 性 的 研究 结果 
可以 说  现代 社会 对 破解 斯诺 命题 提出 了 新 的 更 高 的 要求 
三  破解 斯诺 命题 & 走 跨学科 路径 探索 人文 社会科学 跨 学科 研究 的 路径 及其 条件  已经 成为 当下 中国 人文 社会科学 繁荣 发展 的 一个 极其 重要 的 问题 
在 这里  我 从 破解 斯诺 命题 的 角度  谈 一些 自己 的 粗浅 看法 
首先 是 跨 学科 研究 的 起点 
跨 学科 研究 的 起点  就是 要 搞 清 和 解决 人文 社会科学 是 以 学科 的 研究 还 是 以 问题 的 研究 为 起点 
学科 的 研究 和 问题 的 研究 是 高校 人文 社会科学 研究 中 两 个 既 相 联系 又 有 区别 的 出发点 
高校 之 为 高校  其 内部 的 分类 必然 以 学科 为 基准  这 是 高校 学科 建设 的 根基  也 是 高校 学科 发展 的 必然 要求  这 在 高校 是 无 可 更改 的 
因此  对于 高校 来讲  在 人文 社会科学 研究 中  学科 的 研究 较 问题 的 研究 具有 压倒 性 的 优势  高校 的 教师 更 容易 以 自己 所在 的 单 学科 的 研究 为 起点  完全 忽略 单一 学科 之外 问题 的 研究  更 缺乏 以 问题 为 起点 的 研究 
学科 的 研究 过程  易于 把 现有 的 学科 不断 深化  不断 细化  由此 学科 的 系统性 和 稳定性 会 越来越 坚固  越来越 精致 
问题 的 研究 是 按照 社会 现实 的 要求 设定 的  它 既 不 可能 以 学科 的 先验 划分 为 依据  也 不 可能 恰好 对 应 于 一个 或 几 个 学科 的 范围 
问题 的 研究 具有 极为 广泛 的 学科 的 综合性  是 以 问题 本身 的 需要 来 组织 不同 学科 的 学者 的 研究 过程 
因此  在 高校 强调 跨 学科 研究  着力 要 解决 的 是 问题 的 研究 在 高校 存在 的 必要性 和 合理性 
不 能 以 问题 的 研究 来 取代 学科 的 研究  但是 也 不 能 把 高校 的 人文 社会科学 固化 在 学科 的 研究 上  而 不 进行 问题 的 研究 
后者 毕竟 是 社会 的 需要  是 人文 社会科学 发展 的 根本 方向 和 价值 所在 
学科 的 研究 和 问题 的 研究 是 可以 结合 的  实现 这种 结合 要 澄清 两 个 方面 的 认识 
一方面  要 理解 学科 有 其 系统性  也 有 其 局限性 
这个 局限性 就 是  随着 学科 的 不断 细化  它 的 研究 对象 越来越 局部 化 
也就是说  学科 的 研究 范围 越来越 小  与 对象 整体 性 的 反差 就 越来越 大 
学科 的 研究 过于 精细  通俗 地 讲  就 是 越来越 类似 钻牛角尖  这样 下去 就 可能 会 舍去 整体 而 只顾 局部 
另一方面  问题 的 研究 不 是 按照 学科 体系 而是 按照 社会 发展 需要 提 出来 的  问题 的 研究 本身 具有 综合性  这 就 决定 了 其 在 起点 上 就 有 着 跨 学科 的 综合性 研究 的 规定 
问题 的 研究 有 其 综合性  但 也 有 其 模 糊 性 
