我 也 试图 和 他 沟通  但 他 却 从来 没 和 我 说 过 一 句 话 
 朱 骏 皱 紧 眉头 听 完 医生 的 讲述  问道   朴志军 是 朝鲜 人  为什么 要 在 中国 进行 治疗 呢 
 医生 说道   1939年 日本 军队 开始 在 乌尔古力山 修建 神秘 工事  由于 建筑 规模 庞大  建筑 工人 紧缺  日军 便 从 朝鲜 运送 来 数万 名 劳工  朴志军 就是 其中 之一 
朝鲜 劳工 在 日军 的 严密 看管 下 修筑 工事  生活 条件 十分 恶劣  大多数 劳工 被 饥饿  寒冷  疾病 夺取 了 生命  当 工程 完成 后  日军 为了 防止 泄密  就 将 那些 幸存 下来 的 劳工 秘密 枪决 
朴志军 能够 在 日本 人 的 枪口 下 侥幸 存活 下来 绝对 是 一个 奇迹  但 他 从未 向 任何人 提 起 自己 是 如何 从 日本 人 枪口 下 逃 出来 的 
  原来 是 这样  他 是 一 名 朝鲜 劳工 
 朱骏 看 了 看 叶凡  说道   时间 不 早 了  我们 去 看望 一下 他 吧 
 医生 嘱咐 道   患者 的 情绪 极 不 稳定  你们 询问 他 的 时候  一定 要 注意 说话 的 方式  千万 不 要 刺激 到 他 
 医生 说 完  带 着 他们 向 病房 走 去 
穿过 一 条 幽暗 的 长廊  他们 来到 一 座 三 层 小 楼 前  这 是 一 座 上 个 世纪 七十 年代 的 老 房子  几十 年 的 风雨 磨砺  令 其 原本 白色 的 楼 面 布满 了 斑驳 的 伤痕  楼房 的 每 层 有 十几 扇 窗户  每 扇 窗 都 被 手指 粗细 的 铁 条 密封 的 严严实实 的 
医生 指 着 一 扇 锈迹 斑斑  极为 厚重 的 大 铁门 说   这里 住 着 的 都 是 病情 非常 严重 的 患者  他们 经常 会 有 自杀 的 倾向  院方 为了 他们 的 安全 负责  将 整 栋 房子 密封 起来 
 他们 紧跟着 中年 医生  走 进 这 座 老 房子  走廊 内 的 光线 有些 昏暗  空气 中 弥漫 着 消毒 水 的 味道  偶尔 还 会 听到 一些 奇怪 的 声音 
医生 一边 走  一边 压低 声音 说   有些 患者 经常 会 发出 狂喜 的 笑声 或者 悲痛 的 哭声  你们 第一 次 来 这里 可能 会 感到 有些 不 适应 
 拐 过 一个 九十 度 的 直角 弯  中年 医生 停 住 脚步  指 着 103 病房 说   朴志军 就 住 在 这个 病房 
 朱 骏 点点 头  示意 医生 打开 房门 
吱 嘎 —— 吱 嘎 —— 一连串 的 声音 过后  门 开 了 
这 是 一个 狭小 的 空间  只 摆放 着 一 张 单人床 和 一个 木质 衣柜  灰白色 的 窗帘 遮住 了 窗外 射 进 来 的 光线  屋里 显得 异常 幽暗 
一 位 风烛残年 的 老人 静静地 坐 在 床 边  瘦弱 的 身体 犹如 枯槁 一般  但 肩膀 却 异常 地 宽厚  看 得 出 他 年轻 的 时候 身体 一定 非常 强壮  他 蓬乱 花白 的 头发 犹如 一 堆 枯草  瘦长 的 脸上 长 满 老年斑  上 眼 微微 下垂  眼角 边 布满 了 皱纹  眼神 呆滞 地 盯 着 自己 的 手指 
突然 看到 几 个 人 进来  老人 原本 呆滞 的 眼神 变 得 紧张 起来  左手 偷偷 地 伸 进 衣服 里  身体 缩 成 一 团  颤抖 着 声音 说   不 

不 

 3 第二 章 杀 人墙 常言 道  风 高 放火 时  月 黑 杀人 夜 
自古 就 是 蟊 贼 出没 的 好 时辰 
此刻 的 时辰 还 没 到 黄昏  天 已经 象 一个 黑漆漆 的 锅 底  扣 在 杨 家 祠堂 的 上空  远处 不时 传来 低沉 的 轰隆轰隆 的 雷声  天 就 象 快要 塌 下来 一样  让 每 一个 杨庄 的 人 都 心惊胆颤  上 了 年纪 的 老人 就 说  这 是 天 在 哭  杨庄 要 出事 了 



三十 年代 的 燕山 脚下  杨 庄 无论如何 算 不 上 一个 起 眼 的 村子  村 前 是 一连串 缓缓 起伏 的 山坡  村 后 背 靠 着 燕山 的 一个 山峰  自古 相传 叫做 守 山  因 何 得名 倒是 不得而知  村子 左右 都 是 一 片 良田 沃野 
在 这个 普通 得 不能 再 普通 的 庄子 上  杨 姓 是 第一 大 姓  而 杨 家 祠堂 则 是 庄子 上 最 大 的 一 幢 建筑 
祠堂 起初 并 不 叫 祠堂  村 上 一些 老人 直到 现在  还是 把 它 叫做 杨 家 大院 
听 老人 们 讲  清代 嘉庆 年间  山 匪 为 患  在 一 次 清军 平叛 的 战斗 中  杨庄 被 溃败 的 散兵 和 山 匪 反复 洗劫  十 室 九 空  家家 戴孝  户户 哀 声  最 惨 的 就是 杨 家 最 大 的 杨 老爷子 家  全家 老幼 妇孺  无 一 幸免  全部 惨死 于 刀兵 之下 
战乱 过去 后  杨 家 大院 里 怨气 冲天  夜 夜 哭声 不 断 
庄 上人 个个 心 惊  无奈 之下  经过 杨 氏族 人 一致 同意  把 杨 家 大院 改 成 了 杨 氏 祠堂  单独 摆 上 了 杨 老爷子 一 家 的 灵牌  春秋 致 祭  香火 不 断  同时 也 作为 庄子 上 杨 姓 祭祀 的 场所  自此 杨 家 大院 的 怨气 才 慢慢 消散  杨 老爷子 一 家 也 逐渐 被 一代代 的 人 所 淡忘 
以往 这 时辰 还 满 庄 乱 窜 的 闲 汉 们  一 个个 都 不 见 了 踪影  村口 闲 磨牙 的 人群  很 早 就 已经 纷纷 作鸟兽散  人人 心里 都 被 乌黑 乌黑 的 天色 压抑 着  沉甸甸 的 难受 
暴雨 还 没有 落 下来  不时 有 大树 样 的 闪电 撕开 夜幕  然后 是 霹雳 一 声 巨 震  象 在 耳边 炸 响  让 每 一个 人 都 竖起 耳朵  紧张 万分  除了 此刻 正在 杨 家 祠堂 外 等候 的 两 个 人  这 两 个 人 都 不 姓 杨  是 外姓 人 迁 来 的  绰号 大 歪 牙 和 瘸子 李  一贯 游手好闲  胆大妄为  本来 名字 反而 没有 人 还 记得 了 
对于 大 歪 牙 和 瘸子 李 来说  今天 的 天气 简直 是 老 天 有 眼  两 个 人 臭味 相投  整日 喝酒 赌博  早已 口袋 空空  不约而同 瞄 上 了 巍峨 壮观 的 杨 家祠 堂  一拍即合  经常 偷偷 溜 进去 摸 一 把 
