这时候 已经 到 了 医院  老钟 边 下车 边 说   不用 担心  其他 的 人 不 会 有 事  只要 离开 那个 墓室  霉菌 的 作用 就 消退 了  只 是 那 小子 倒霉 而已 
 虽然 说 得 含混 不 清  但 是 那个 所长 的 神情 是 明显 地 轻松 了 下来 
第二十四 章 倒 悬空 寺 [ 再见 巨石阵 ] 吕 竞 男 道  " 这里 是 上 世纪 九十 年代  国家 科考 发现 的 一 处 古 格 遗址  或者 是 象 雄 遗址 
据 目前 资料 考证  共有 三百七十九 窟  保存 完好 度 达到 百分之五十 的 仅 有 七 窟  里面 有 损毁 的 造像 壁画 无数  历史 年代 还 无法 考证 
由于 整个 阿里地区 还有 为数众多 的 遗址 有待 勘察 考证  这个 遗址  虽然 一直 不 对外开放  但 也 没有 纳入 保护 项目 
" 张 立 大致 数 了 一下  疑惑 道  " 才 三百 多 窟 
不 止 吧 
" 吕竞男 道  " 如果 加上 那些 完全 空旷  没有 任何 科考 价值 的 洞窟  估计 有 三千 窟 以上 

" 岳阳 艰难 地 咽 了 口 唾沫  道  " 三千 多 窟 
那 我们 一个 一个 地 找  岂 不 是 一 天 也 找 不到 
" " 所以 就 别 再 耽搁 时间 了  我们 还 是 分 做 两 组  卓木 强 巴  岳阳  张立  巴桑  你们 几 个 身强力壮 的  快速 去 到 纳南塔 的 头部  我们 从 尾部 开始  一个 一个 洞窟 地 寻找  不要 放过 任何 痕迹  直升机 会 在 高空 协同 侦察 
" 多 吉 道  " 我 

我 也 要 和 圣 使 大人 在 一起 
" " 不行 
" 吕竞男 知道  多 吉 自从 离 开工 布 村 之后  就 像 脱 了 笼 的 猴子  她 对 这个 小 矮子 是 一点 都 不 放心  " 马上 出发  保持 联络 
" 卓木 强 巴 看 着 敏敏  两 人 微微 一 笑  随即 分开  卓木强 巴 和 巴桑 等 人 背 着 大 包  开始 绕道 前往 这 条 盘 曲 巨龙 的 头部 
" 刚才 从 空中 俯瞰  初步 估计 这 条 巨蟒 长度 大约 五 公里  我们 在 十 分钟 以后 赶到 
" 卓木强 巴边 跑 边 汇报 着 
" 知道 了  我们 开始 清查 洞窟 
到 了 给 我 回 话 
" " 明白 
" " 等 一 等  强 巴 少爷 
" 刚 绕 离 吕竞男 他们 的 视线  岳阳 就 叫 住 了 大家 
他 指 着 前方 的 沟壑 纵横  对 卓木 强 巴 道  " 纳南塔 只 是 众多 土 林 山里 的 一 座  一 踏 入 这些 土 林 之中  两岸 夹 壁  看上去 各 有 不同  形态 万千  可是 走 不 了 几 步 就 会 发现  无法 准确 地 辨识 方向 
" 卓木 强 巴 道  " 你 是 说  这 条 路 不 是 我们 所 想 的 那种 直通 纳南塔 头部 的 便捷 小路 
" 岳阳道  " 我 建议  我们 再 绕远 一点  顺着 这 条 河 绕 过 去 
刚才 在 机上 我 已经 观察 过 了  它 虽然 绕 得 远  却 是 唯一 能 给 我们 正确 指向 的 路标 
" 张立 赞同 道  " 没 错  这 条 河 没有 分支  顺着 河 走 就 不会 迷路 
巴桑 大哥  是 吧 
巴桑 大哥 
" 只见 巴桑 正 充满 疑惑 地 看 着 那些 环绕 他们 的 土林  有时 突然 会 一百八十 度 转身  好像 发现 了 什么 
卓木 强 巴 对 岳阳 和 张立道  " 别 惊扰 他  他 似乎 想到 了 什么 
" 在 巴桑 的 记忆 中  那 千变万化 的 土林 正 和 记忆 里 的 某些 片断 不断 重叠 
城堡  没 错  他 看见 了 一 座 城堡  也 像 这里 的 土林 一样  巍峨 雄壮  气势 非凡  但 不 是 沙土 结构  是 岩石 才 对 
颜色 
对  颜色 就是 这种 夕阳 下 山前 映照 在 土 林 上 的 颜色  红 

红 得 滴 血 
吕竞男 和 亚拉 法师 对 望 一 眼  心中 均 感 纳闷  " 怎么 回 事  怎么 会 没有 派出 守卫 
如果 在 绳索 的 另 一 头  只 需 留下 一 人 守护  后面 的 人 根本 就 无法 通过 绳索 啊 
莫金 这样 的 特种兵 行家  是 不 可能 犯 这样 的 错误 的  莫非 是 认定 我们 不 可能 在 这么 短 时间 赶到 这里 
还 是 另外 设 下 了 埋伏 
" 攀 过 绳索  在 钩 绳 尽头  吕竞男 看见 了 玻璃 珠 一样 的 装置  她 心 道  " 原来 是 这样 

" 全体 队员 顺利 攀 过 绳索  这 才 看见 那 另 一番 天地 
莫 金正 用药 膏 涂 搽 肿胀 的 眼皮  全身 上下 都 是 青 一 块 紫 一 块 的 
索瑞斯 也 好 不 了 多少  额头 黑 了 一 大 块 
莫 金 气喘吁吁 道  " 总算 活 过来 了  死伤 情况 如何 
" 马 索道  " 掉 了 三 个  七 个 受 了 较 重 的 伤  已经 注射 了 镇痛剂  勉强 可以 行动 
" 莫金道  " 等 一 等  我们 还有 多少 镇痛剂 
" 马 索道  " 这个  所 剩 不 多 了 

" 莫 金 焦虑 地心 道  " 没 想到 呢  才 第十二 座 塔 就 已经 

切  算 了  反正 也 是 用来 牺牲 的 
" 索瑞斯 手里 拿 着 那 手机 般 的 遥控器  正 仔细 地 盯 着 屏幕 
必须 小心谨慎  已经 损失 了 十三 只 白鸽  二十二 只 白 鼠  另 有 四 人 丧命  他 心中 咒骂 这 鬼 地方 怎么 会 有 这么 多 机关 
第一 次 到 阿赫地 宫 时  觉得 那里 真是 险要 到 极致  处处 是 危机  步步 有 机关  可是 和 这 倒 悬空 寺 比 起来  简直 就 是 小巫见大巫 
这里 的 许多 机关 让 人 莫名其妙  根本 就 不 知道 如何 被 启动 的 
莫非 果真 如 莫金 所 说  这里 本来 就是 为了 训练 那些 可怕 的 密 修 者 而 修建 的 
正 想 着  突然 红 光 一 闪  索瑞斯 笑 道  " 本  小 老鼠 进来 了 
有 9 个 
" 莫金 好像 有 些 吃惊  道  " 这么 快 
