悠闲 时 观 花 开 草长崖 动 云 变 瞬息 之间  悬 心 处 看 箭 飞 骏 驰 鹰 扑 瓦 落 凝滞 眼前 
其实 也 就 过 了 不 到 两分 钟  而 他们 四 个 人 都 觉得 等 了 好久 好久 
一阵 弦 响  一阵 如 暴雨 般 的 弦 响   总 弦 动 了  全 散 了 
 瞎子 不知 是 说 给 一 弃 听 还是 自言自语 
暴雨 之后 是 狂风   呼呼 呼  嗖嗖 嗖   一阵 猛 刮   暗 青 子  黑 杠子 都 吐 了 
 瞎子 还 在 说 
其实 他 不 说  鲁 一 弃 也 已 看清楚  因为 从 两边 影壁 壁 檐 里 射 出 的 弩 箭  标枪  槽 镖 等 暗器 里 有 两 排 的 火箭  已经 把 大门口 一 片 空地 照 得 很 明亮 
这些 弩 箭  标枪  槽 镖 的 发射 方向 很 是 杂乱  没 任何 规律  只 有 零星 几 支 射 向 鲁承祖 和 独 眼 的 立 身 之 地  都 被  雨 金刚  挡 开 
狂风 过 后 才 响 的 雷   咔嚓  几 声 巨响  鲁 一 弃 看到 他 觉得 不 对 劲 的 壁 檐 全都 断 塌 下来 
瞎子 又 开口 了   怎么 了 
怎么 了 
门 开 了 吗 
 鲁 一 弃 一 笑  心 说  你 也 有 不 知道 的 时候 
然后 平静 地 告诉 他   壁 檐 全 断 塌 了 
  那 这里 的 壁 檐 是不是 檐 挑 比 一般 的 长 一点点 而且 平 直 
  对 啊  我 不 是 说 过 这里 的 影壁 壁 檐 不 对劲 吗  这 就是 我 觉得 不 对 劲 的 地方 
  这 是 ‘ 扯 弓 檐 ’  总 弦 不 破  你 人 在 它 范围 之内 不管 哪个 角落  都 有 刃 尖子 瞄 着 你 
唉 
做 得 连 你 大伯 都 没 看 出来  高明 
高明 
 说 着 话  不 自觉 间  右手 把 鲁 一 弃 的 袖口 扯 得 紧紧 的  仿 佛 落水 的 人 抓住 一 条 救命 的 船 
鲁 一 弃 不 敢 笑 了  瞎子 的话 告诉 他 对手 的 厉害  瞎子 的 动作 告诉 他 自己 责任 的 重大 
他 开始 体会 到 步步 惊 心 的 滋味  他 也 意识 到 这 惊 心 的 滋味 才 刚刚 开始 
鲁承祖 已 拔 铁 錾 走向 西侧 鬼 壁 雁 翅  他 要 再次 挥 錾 破 壁  因为 那大 宅门 依旧 未 开 
他 再次 回头 望 了 一 眼 一 弃  一 弃 见 他 的 眼中 大 有 壮士 易水 般 的 豪迈 与 决断 
但 一 弃 没 说话  他 不 知道 要 说 什么  鲁承祖 也 没 说话  他 知道 不用 说 什么 
瞎子 一直 不 知道 他们 在 干 什么 
现在 好像 意识 到 什么 了  赶忙 叫 道   老大 
还是 破 掉 的 保险 
今天 可不 是 较 技 啊 
 独 眼 的 话 还 是 很 简洁   要么 我 来 
 鲁承祖 没 答话  而是 把 右 脚 一 抬 猛 然 躲 下  尾 檐 砖 从 平 放 变成 竖立  接着 传来 一阵 声音 不 大 的 摩擦 声  几 个 人 借 着 地上 火箭 快 熄灭 的 残余 亮光  偱 声望 去  西 墙壁 上 出现 了 一 幅 奇怪 的 现象  砖 雕 在 动  天 官 慢慢 在 向 西边 移  太阳 在 向 东边 移  一阵 响 后 停 住 不 动 
随后 就 听见 门廊 处 一阵 鞭炮 般 的 爆裂 声  然后 门廊 上 缓缓 吊 下 两 根 油 麻绳  绳子 一 左 一 右 栓 着 一 块 俩 板凳 宽 的 青石板 
那 鞭炮 般 的 爆裂 应该 是  簧 尾 蛇  的 竹管 被 压 碎 的 声音 
而 这 青石板  隐藏 在 门 檐 之上  如果 有人 强 破  狗 尾 双 蝠 扣  就 不 是 这样 缓缓 吊 下 了 
等 了 一会儿  鲁承祖 喃喃 的 说 了 一 句   应该 到位 了 
 迈步 走 到 砖 雕 前面  伸手 抓住 天 官 指 日 的 手 用力 一 扭   咔 咔  两 声  手 转 了 个 方向  指向 了 东边 的 太阳 
就 在 此时  大门  吱 嘎嘎  一阵 响  慢慢 地 打开 了 
鲁承祖 放声 哈哈大笑  笑声 盖 住 了 大门 的 吱 嘎 声 
刹那间  鲁 一 弃 看到 大伯 的 眼中 光彩 四 射  豪气 万 丈 
笑声 止住  花白 短 髯 半 掩 的 口中 声音 响亮   斜 调 八卦  震 巽 跳 乾坤  线 控 簧 尾  索 揽 青山 塌 
歹毒 啊 
歹毒 
所 幸 我 门 中 之 人 还 没 死 绝 
 两 句 豪 言 直 冲 进 大门 内 的 浓黑 之中 
鲁 一 弃 却 微 皱 了 下 眉头  他 觉得 大伯 豪壮 的 语气 中 好像 带 点 不 自信 
当 话音 还 在 回荡 未 尽 的 刹那  大门 内 扑腾 一下 亮 起 四 朵 鸭蛋 大 的 火光  那 四 朵 火光 是 蓝 绿色 的 
